<?xml version="1.0" encoding="UTF-8"?>
<testsuites tests="80" failures="2" errors="2" skipped="0">
  <testsuite timestamp="2025-05-19T16:19:02" time="800.23" tests="8" failures="0" errors="0" skipped="0">
    <properties>
      <property name="specId" value="0" />
      <property name="suiteName" value="Stock increase - with WHM US125587" />
      <property name="capabilities" value="chrome.136_0_7103_93.windows" />
      <property name="file" value="file:///D:/a/1/s/test/specs/HTR/stock-increase.spec.js" />
    </properties>
    <testcase classname="chrome.136_0_7103_93.windows.Stock_increase_-_with_WHM_US125587" name="Should create a new WHM yard" time="140.581">
      <system-out><![CDATA[
COMMAND: POST /session/06820c29678f15015ffe824e569d7d5a/window/fullscreen - {}
RESULT: {}
COMMAND: POST /session/06820c29678f15015ffe824e569d7d5a/execute/async - {"script":"<script> [1562 bytes]","args":[{"selector":{"controlType":"sap.m.GenericTile","properties":{"header":"Manage Yards"}},"wdio_ui5_key":"sapm.GenericTile{\"header\":\"Manage Yards\"}"}]}
RESULT: {"script":"<script> [1562 bytes]","args":[{"selector":{"controlType":"sap.m.GenericTile","properties":{"header":"Manage Yards"}},"wdio_ui5_key":"sapm.GenericTile{\"header\":\"Manage Yards\"}"}]}
RESULT: undefined
COMMAND: POST /session/06820c29678f15015ffe824e569d7d5a/element - {"using":"xpath","value":"//*[@id=\"__tile41\"]"}
RESULT: {"using":"xpath","value":"//*[@id=\"__tile41\"]"}
COMMAND: POST /session/06820c29678f15015ffe824e569d7d5a/element/f.696EFCE712E801319DC54DDC19215679.d.344EBD8E64A3E2D816A174E1160FD40B.e.129/click - {}
RESULT: {}
COMMAND: GET /session/06820c29678f15015ffe824e569d7d5a/screenshot - {}
RESULT: {}
COMMAND: POST /session/06820c29678f15015ffe824e569d7d5a/elements - {"using":"xpath","value":"//span[text()='Error']"}
RESULT: {"using":"xpath","value":"//span[text()='Error']"}
COMMAND: POST /session/06820c29678f15015ffe824e569d7d5a/element - {"using":"xpath","value":"//button[@data-kt=\"addNewYardOverflowToolbarButton\"]"}
RESULT: {"using":"xpath","value":"//button[@data-kt=\"addNewYardOverflowToolbarButton\"]"}
COMMAND: POST /session/06820c29678f15015ffe824e569d7d5a/elements - {"using":"xpath","value":"//button[@data-kt=\"addNewYardOverflowToolbarButton\"]"}
RESULT: {"using":"xpath","value":"//button[@data-kt=\"addNewYardOverflowToolbarButton\"]"}
COMMAND: POST /session/06820c29678f15015ffe824e569d7d5a/elements - {"using":"xpath","value":"//button[@data-kt=\"addNewYardOverflowToolbarButton\"]"}
RESULT: {"using":"xpath","value":"//button[@data-kt=\"addNewYardOverflowToolbarButton\"]"}
COMMAND: POST /session/06820c29678f15015ffe824e569d7d5a/elements - {"using":"xpath","value":"//button[@data-kt=\"addNewYardOverflowToolbarButton\"]"}
RESULT: {"using":"xpath","value":"//button[@data-kt=\"addNewYardOverflowToolbarButton\"]"}
COMMAND: POST /session/06820c29678f15015ffe824e569d7d5a/elements - {"using":"xpath","value":"//button[@data-kt=\"addNewYardOverflowToolbarButton\"]"}
RESULT: {"using":"xpath","value":"//button[@data-kt=\"addNewYardOverflowToolbarButton\"]"}
COMMAND: POST /session/06820c29678f15015ffe824e569d7d5a/elements - {"using":"xpath","value":"//button[@data-kt=\"addNewYardOverflowToolbarButton\"]"}
RESULT: {"using":"xpath","value":"//button[@data-kt=\"addNewYardOverflowToolbarButton\"]"}
COMMAND: POST /session/06820c29678f15015ffe824e569d7d5a/elements - {"using":"xpath","value":"//button[@data-kt=\"addNewYardOverflowToolbarButton\"]"}
RESULT: {"using":"xpath","value":"//button[@data-kt=\"addNewYardOverflowToolbarButton\"]"}
COMMAND: POST /session/06820c29678f15015ffe824e569d7d5a/elements - {"using":"xpath","value":"//button[@data-kt=\"addNewYardOverflowToolbarButton\"]"}
RESULT: {"using":"xpath","value":"//button[@data-kt=\"addNewYardOverflowToolbarButton\"]"}
COMMAND: POST /session/06820c29678f15015ffe824e569d7d5a/elements - {"using":"xpath","value":"//button[@data-kt=\"addNewYardOverflowToolbarButton\"]"}
RESULT: {"using":"xpath","value":"//button[@data-kt=\"addNewYardOverflowToolbarButton\"]"}
COMMAND: POST /session/06820c29678f15015ffe824e569d7d5a/elements - {"using":"xpath","value":"//button[@data-kt=\"addNewYardOverflowToolbarButton\"]"}
RESULT: {"using":"xpath","value":"//button[@data-kt=\"addNewYardOverflowToolbarButton\"]"}
COMMAND: POST /session/06820c29678f15015ffe824e569d7d5a/elements - {"using":"xpath","value":"//button[@data-kt=\"addNewYardOverflowToolbarButton\"]"}
RESULT: {"using":"xpath","value":"//button[@data-kt=\"addNewYardOverflowToolbarButton\"]"}
COMMAND: POST /session/06820c29678f15015ffe824e569d7d5a/elements - {"using":"xpath","value":"//button[@data-kt=\"addNewYardOverflowToolbarButton\"]"}
RESULT: {"using":"xpath","value":"//button[@data-kt=\"addNewYardOverflowToolbarButton\"]"}
COMMAND: POST /session/06820c29678f15015ffe824e569d7d5a/element - {"using":"xpath","value":"//button[@data-kt=\"addNewYardOverflowToolbarButton\"]"}
RESULT: {"using":"xpath","value":"//button[@data-kt=\"addNewYardOverflowToolbarButton\"]"}
COMMAND: POST /session/06820c29678f15015ffe824e569d7d5a/execute/sync - {"script":"<script> [8489 bytes]","args":[{"element-6066-11e4-a52e-4f735466cecf":"f.696EFCE712E801319DC54DDC19215679.d.344EBD8E64A3E2D816A174E1160FD40B.e.266","ELEMENT":"f.696EFCE712E801319DC54DDC19215679.d.344EBD8E64A3E2D816A174E1160FD40B.e.266"}]}
RESULT: {"script":"<script> [8489 bytes]","args":[{"element-6066-11e4-a52e-4f735466cecf":"f.696EFCE712E801319DC54DDC19215679.d.344EBD8E64A3E2D816A174E1160FD40B.e.266","ELEMENT":"f.696EFCE712E801319DC54DDC19215679.d.344EBD8E64A3E2D816A174E1160FD40B.e.266"}]}
COMMAND: GET /session/06820c29678f15015ffe824e569d7d5a/element/f.696EFCE712E801319DC54DDC19215679.d.344EBD8E64A3E2D816A174E1160FD40B.e.266/enabled - {}
COMMAND: GET /session/06820c29678f15015ffe824e569d7d5a/screenshot - {}
RESULT: {}
COMMAND: POST /session/06820c29678f15015ffe824e569d7d5a/execute/sync - {"script":"<script> [8489 bytes]","args":[{"element-6066-11e4-a52e-4f735466cecf":"f.696EFCE712E801319DC54DDC19215679.d.344EBD8E64A3E2D816A174E1160FD40B.e.266","ELEMENT":"f.696EFCE712E801319DC54DDC19215679.d.344EBD8E64A3E2D816A174E1160FD40B.e.266"}]}
COMMAND: GET /session/06820c29678f15015ffe824e569d7d5a/screenshot - {}
RESULT: {}
RESULT: {"script":"<script> [8489 bytes]","args":[{"element-6066-11e4-a52e-4f735466cecf":"f.696EFCE712E801319DC54DDC19215679.d.344EBD8E64A3E2D816A174E1160FD40B.e.266","ELEMENT":"f.696EFCE712E801319DC54DDC19215679.d.344EBD8E64A3E2D816A174E1160FD40B.e.266"}]}
COMMAND: POST /session/06820c29678f15015ffe824e569d7d5a/execute/sync - {"script":"<script> [5351 bytes]","args":[{"element-6066-11e4-a52e-4f735466cecf":"f.696EFCE712E801319DC54DDC19215679.d.344EBD8E64A3E2D816A174E1160FD40B.e.266","ELEMENT":"f.696EFCE712E801319DC54DDC19215679.d.344EBD8E64A3E2D816A174E1160FD40B.e.266"}]}
COMMAND: GET /session/06820c29678f15015ffe824e569d7d5a/screenshot - {}
RESULT: {}
RESULT: {"script":"<script> [5351 bytes]","args":[{"element-6066-11e4-a52e-4f735466cecf":"f.696EFCE712E801319DC54DDC19215679.d.344EBD8E64A3E2D816A174E1160FD40B.e.266","ELEMENT":"f.696EFCE712E801319DC54DDC19215679.d.344EBD8E64A3E2D816A174E1160FD40B.e.266"}]}
COMMAND: POST /session/06820c29678f15015ffe824e569d7d5a/element/f.696EFCE712E801319DC54DDC19215679.d.344EBD8E64A3E2D816A174E1160FD40B.e.266/click - {}
COMMAND: GET /session/06820c29678f15015ffe824e569d7d5a/screenshot - {}
RESULT: {}
RESULT: {}
COMMAND: GET /session/06820c29678f15015ffe824e569d7d5a/screenshot - {}
RESULT: {}
COMMAND: POST /session/06820c29678f15015ffe824e569d7d5a/element - {"using":"xpath","value":"//input[@id=\"application-manageyards-display-component---NewYard--yardId-inner\"]"}
RESULT: {}
RESULT: {"using":"xpath","value":"//input[@id=\"application-manageyards-display-component---NewYard--yardId-inner\"]"}
COMMAND: POST /session/06820c29678f15015ffe824e569d7d5a/element - {"using":"xpath","value":"//input[@id=\"application-manageyards-display-component---NewYard--yardId-inner\"]"}
RESULT: {"using":"xpath","value":"//input[@id=\"application-manageyards-display-component---NewYard--yardId-inner\"]"}
COMMAND: POST /session/06820c29678f15015ffe824e569d7d5a/execute/async - {"script":"<script> [1562 bytes]","args":[{"selector":{"id":"application-manageyards-display-component---NewYard--addressDetailDetailsName1","interaction":{"idSuffix":"inner"}},"wdio_ui5_key":"applicationmanageyards-display-component---NewYard--addressDetailDetailsName1"}]}
RESULT: {"script":"<script> [1562 bytes]","args":[{"selector":{"id":"application-manageyards-display-component---NewYard--addressDetailDetailsName1","interaction":{"idSuffix":"inner"}},"wdio_ui5_key":"applicationmanageyards-display-component---NewYard--addressDetailDetailsName1"}]}
RESULT: undefined
COMMAND: POST /session/06820c29678f15015ffe824e569d7d5a/execute/async - {"script":"<script> [776 bytes]","args":[{"enterText":"Warehouse Managed WDIO","selector":{"id":"application-manageyards-display-component---NewYard--addressDetailDetailsName1","interaction":{"idSuffix":"inner"}},"clearTextFirst":true,"interactionType":"ENTER_TEXT"}]}
RESULT: {"script":"<script> [776 bytes]","args":[{"enterText":"Warehouse Managed WDIO","selector":{"id":"application-manageyards-display-component---NewYard--addressDetailDetailsName1","interaction":{"idSuffix":"inner"}},"clearTextFirst":true,"interactionType":"ENTER_TEXT"}]}
COMMAND: POST /session/06820c29678f15015ffe824e569d7d5a/execute/async - {"script":"<script> [1562 bytes]","args":[{"selector":{"id":"application-manageyards-display-component---NewYard--addressDetailDetailsLanguage-arrow"},"wdio_ui5_key":"applicationmanageyards-display-component---NewYard--addressDetailDetailsLanguage-arrow"}]}
RESULT: {"script":"<script> [1562 bytes]","args":[{"selector":{"id":"application-manageyards-display-component---NewYard--addressDetailDetailsLanguage-arrow"},"wdio_ui5_key":"applicationmanageyards-display-component---NewYard--addressDetailDetailsLanguage-arrow"}]}
RESULT: undefined
COMMAND: POST /session/06820c29678f15015ffe824e569d7d5a/element - {"using":"xpath","value":"//*[@id=\"application-manageyards-display-component---NewYard--addressDetailDetailsLanguage-arrow\"]"}
RESULT: {"using":"xpath","value":"//*[@id=\"application-manageyards-display-component---NewYard--addressDetailDetailsLanguage-arrow\"]"}
COMMAND: POST /session/06820c29678f15015ffe824e569d7d5a/element/f.696EFCE712E801319DC54DDC19215679.d.344EBD8E64A3E2D816A174E1160FD40B.e.700/click - {}
RESULT: {}
COMMAND: POST /session/06820c29678f15015ffe824e569d7d5a/element - {"using":"xpath","value":"//span[contains(text(), \"English\")]"}
COMMAND: GET /session/06820c29678f15015ffe824e569d7d5a/screenshot - {}
RESULT: {"using":"xpath","value":"//span[contains(text(), \"English\")]"}
COMMAND: POST /session/06820c29678f15015ffe824e569d7d5a/element/f.696EFCE712E801319DC54DDC19215679.d.344EBD8E64A3E2D816A174E1160FD40B.e.701/click - {}
RESULT: {}
RESULT: {}
COMMAND: POST /session/06820c29678f15015ffe824e569d7d5a/execute/async - {"script":"<script> [1562 bytes]","args":[{"selector":{"id":"application-manageyards-display-component---NewYard--addressDetailDetailsCity1","interaction":{"idSuffix":"inner"}},"wdio_ui5_key":"applicationmanageyards-display-component---NewYard--addressDetailDetailsCity1"}]}
COMMAND: GET /session/06820c29678f15015ffe824e569d7d5a/screenshot - {}
RESULT: {"script":"<script> [1562 bytes]","args":[{"selector":{"id":"application-manageyards-display-component---NewYard--addressDetailDetailsCity1","interaction":{"idSuffix":"inner"}},"wdio_ui5_key":"applicationmanageyards-display-component---NewYard--addressDetailDetailsCity1"}]}
RESULT: undefined
COMMAND: POST /session/06820c29678f15015ffe824e569d7d5a/execute/async - {"script":"<script> [776 bytes]","args":[{"enterText":"Rosario","selector":{"id":"application-manageyards-display-component---NewYard--addressDetailDetailsCity1","interaction":{"idSuffix":"inner"}},"clearTextFirst":true,"interactionType":"ENTER_TEXT"}]}
RESULT: {}
RESULT: {"script":"<script> [776 bytes]","args":[{"enterText":"Rosario","selector":{"id":"application-manageyards-display-component---NewYard--addressDetailDetailsCity1","interaction":{"idSuffix":"inner"}},"clearTextFirst":true,"interactionType":"ENTER_TEXT"}]}
COMMAND: POST /session/06820c29678f15015ffe824e569d7d5a/execute/async - {"script":"<script> [1562 bytes]","args":[{"selector":{"id":"application-manageyards-display-component---NewYard--addressDetailDetailsCountry-arrow"},"wdio_ui5_key":"applicationmanageyards-display-component---NewYard--addressDetailDetailsCountry-arrow"}]}
RESULT: {"script":"<script> [1562 bytes]","args":[{"selector":{"id":"application-manageyards-display-component---NewYard--addressDetailDetailsCountry-arrow"},"wdio_ui5_key":"applicationmanageyards-display-component---NewYard--addressDetailDetailsCountry-arrow"}]}
RESULT: undefined
COMMAND: POST /session/06820c29678f15015ffe824e569d7d5a/element - {"using":"xpath","value":"//*[@id=\"application-manageyards-display-component---NewYard--addressDetailDetailsCountry-arrow\"]"}
RESULT: {"using":"xpath","value":"//*[@id=\"application-manageyards-display-component---NewYard--addressDetailDetailsCountry-arrow\"]"}
COMMAND: POST /session/06820c29678f15015ffe824e569d7d5a/element/f.696EFCE712E801319DC54DDC19215679.d.344EBD8E64A3E2D816A174E1160FD40B.e.703/click - {}
RESULT: {}
COMMAND: POST /session/06820c29678f15015ffe824e569d7d5a/element - {"using":"xpath","value":"//span[contains(text(), \"Argentina\")]"}
COMMAND: GET /session/06820c29678f15015ffe824e569d7d5a/screenshot - {}
RESULT: {"using":"xpath","value":"//span[contains(text(), \"Argentina\")]"}
COMMAND: POST /session/06820c29678f15015ffe824e569d7d5a/element/f.696EFCE712E801319DC54DDC19215679.d.344EBD8E64A3E2D816A174E1160FD40B.e.704/click - {}
RESULT: {}
RESULT: {}
COMMAND: POST /session/06820c29678f15015ffe824e569d7d5a/execute/async - {"script":"<script> [1562 bytes]","args":[{"selector":{"id":"application-manageyards-display-component---NewYard--addressEditDetailsCostObjectCstType-arrow"},"wdio_ui5_key":"applicationmanageyards-display-component---NewYard--addressEditDetailsCostObjectCstType-arrow"}]}
COMMAND: GET /session/06820c29678f15015ffe824e569d7d5a/screenshot - {}
RESULT: {"script":"<script> [1562 bytes]","args":[{"selector":{"id":"application-manageyards-display-component---NewYard--addressEditDetailsCostObjectCstType-arrow"},"wdio_ui5_key":"applicationmanageyards-display-component---NewYard--addressEditDetailsCostObjectCstType-arrow"}]}
RESULT: undefined
COMMAND: POST /session/06820c29678f15015ffe824e569d7d5a/element - {"using":"xpath","value":"//*[@id=\"application-manageyards-display-component---NewYard--addressEditDetailsCostObjectCstType-arrow\"]"}
RESULT: {}
RESULT: {"using":"xpath","value":"//*[@id=\"application-manageyards-display-component---NewYard--addressEditDetailsCostObjectCstType-arrow\"]"}
COMMAND: POST /session/06820c29678f15015ffe824e569d7d5a/element/f.696EFCE712E801319DC54DDC19215679.d.344EBD8E64A3E2D816A174E1160FD40B.e.706/click - {}
RESULT: {}
COMMAND: POST /session/06820c29678f15015ffe824e569d7d5a/element - {"using":"xpath","value":"//span[contains(text(), \"Cost Center\")]"}
COMMAND: GET /session/06820c29678f15015ffe824e569d7d5a/screenshot - {}
RESULT: {"using":"xpath","value":"//span[contains(text(), \"Cost Center\")]"}
COMMAND: POST /session/06820c29678f15015ffe824e569d7d5a/element/f.696EFCE712E801319DC54DDC19215679.d.344EBD8E64A3E2D816A174E1160FD40B.e.707/click - {}
RESULT: {}
RESULT: {}
COMMAND: GET /session/06820c29678f15015ffe824e569d7d5a/screenshot - {}
RESULT: {}
COMMAND: POST /session/06820c29678f15015ffe824e569d7d5a/element - {"using":"xpath","value":"//span[@id=\"application-manageyards-display-component---NewYard--addressNewCostObjectCstID-vhi\"]"}
RESULT: {"using":"xpath","value":"//span[@id=\"application-manageyards-display-component---NewYard--addressNewCostObjectCstID-vhi\"]"}
COMMAND: POST /session/06820c29678f15015ffe824e569d7d5a/execute/sync - {"script":"<script> [8489 bytes]","args":[{"element-6066-11e4-a52e-4f735466cecf":"f.696EFCE712E801319DC54DDC19215679.d.344EBD8E64A3E2D816A174E1160FD40B.e.711","ELEMENT":"f.696EFCE712E801319DC54DDC19215679.d.344EBD8E64A3E2D816A174E1160FD40B.e.711"}]}
RESULT: {"script":"<script> [8489 bytes]","args":[{"element-6066-11e4-a52e-4f735466cecf":"f.696EFCE712E801319DC54DDC19215679.d.344EBD8E64A3E2D816A174E1160FD40B.e.711","ELEMENT":"f.696EFCE712E801319DC54DDC19215679.d.344EBD8E64A3E2D816A174E1160FD40B.e.711"}]}
COMMAND: POST /session/06820c29678f15015ffe824e569d7d5a/execute/async - {"script":"<script> [1562 bytes]","args":[{"selector":{"id":"application-manageyards-display-component---NewYard--addressNewCostObjectCstID-vhi"},"wdio_ui5_key":"applicationmanageyards-display-component---NewYard--addressNewCostObjectCstID-vhi"}]}
COMMAND: GET /session/06820c29678f15015ffe824e569d7d5a/screenshot - {}
RESULT: {"script":"<script> [1562 bytes]","args":[{"selector":{"id":"application-manageyards-display-component---NewYard--addressNewCostObjectCstID-vhi"},"wdio_ui5_key":"applicationmanageyards-display-component---NewYard--addressNewCostObjectCstID-vhi"}]}
RESULT: undefined
COMMAND: POST /session/06820c29678f15015ffe824e569d7d5a/element - {"using":"xpath","value":"//*[@id=\"application-manageyards-display-component---NewYard--addressNewCostObjectCstID-vhi\"]"}
RESULT: {}
RESULT: {"using":"xpath","value":"//*[@id=\"application-manageyards-display-component---NewYard--addressNewCostObjectCstID-vhi\"]"}
COMMAND: POST /session/06820c29678f15015ffe824e569d7d5a/element/f.696EFCE712E801319DC54DDC19215679.d.344EBD8E64A3E2D816A174E1160FD40B.e.711/click - {}
RESULT: {}
COMMAND: GET /session/06820c29678f15015ffe824e569d7d5a/screenshot - {}
RESULT: {}
COMMAND: POST /session/06820c29678f15015ffe824e569d7d5a/execute/async - {"script":"<script> [1562 bytes]","args":[{"selector":{"controlType":"sap.m.SearchField","properties":{"placeholder":"Search"},"searchOpenDialogs":true,"interaction":{"idSuffix":"I"}},"wdio_ui5_key":"sapm.SearchField{\"placeholder\":\"Search\"}"}]}
RESULT: {"script":"<script> [1562 bytes]","args":[{"selector":{"controlType":"sap.m.SearchField","properties":{"placeholder":"Search"},"searchOpenDialogs":true,"interaction":{"idSuffix":"I"}},"wdio_ui5_key":"sapm.SearchField{\"placeholder\":\"Search\"}"}]}
RESULT: undefined
COMMAND: POST /session/06820c29678f15015ffe824e569d7d5a/execute/async - {"script":"<script> [776 bytes]","args":[{"enterText":"bauh_b","selector":{"controlType":"sap.m.SearchField","properties":{"placeholder":"Search"},"searchOpenDialogs":true,"interaction":{"idSuffix":"I"}},"clearTextFirst":true,"interactionType":"ENTER_TEXT"}]}
RESULT: {"script":"<script> [776 bytes]","args":[{"enterText":"bauh_b","selector":{"controlType":"sap.m.SearchField","properties":{"placeholder":"Search"},"searchOpenDialogs":true,"interaction":{"idSuffix":"I"}},"clearTextFirst":true,"interactionType":"ENTER_TEXT"}]}
COMMAND: POST /session/06820c29678f15015ffe824e569d7d5a/actions - {"actions":[{"id":"action1","type":"key","parameters":{},"actions":[{"type":"keyDown","value":"î€‡"},{"type":"pause","duration":10},{"type":"keyUp","value":"î€‡"}]}]}
RESULT: {"actions":[{"id":"action1","type":"key","parameters":{},"actions":[{"type":"keyDown","value":"î€‡"},{"type":"pause","duration":10},{"type":"keyUp","value":"î€‡"}]}]}
COMMAND: GET /session/06820c29678f15015ffe824e569d7d5a/screenshot - {}
RESULT: {}
COMMAND: POST /session/06820c29678f15015ffe824e569d7d5a/element - {"using":"xpath","value":"//span[contains(text(), \"Demo Yard\")]"}
RESULT: {"using":"xpath","value":"//span[contains(text(), \"Demo Yard\")]"}
COMMAND: POST /session/06820c29678f15015ffe824e569d7d5a/element/f.696EFCE712E801319DC54DDC19215679.d.344EBD8E64A3E2D816A174E1160FD40B.e.752/click - {}
RESULT: {}
COMMAND: GET /session/06820c29678f15015ffe824e569d7d5a/screenshot - {}
RESULT: {}
COMMAND: POST /session/06820c29678f15015ffe824e569d7d5a/element - {"using":"xpath","value":"//bdi[contains(text(), \"OK\")]"}
RESULT: {"using":"xpath","value":"//bdi[contains(text(), \"OK\")]"}
COMMAND: POST /session/06820c29678f15015ffe824e569d7d5a/element/f.696EFCE712E801319DC54DDC19215679.d.344EBD8E64A3E2D816A174E1160FD40B.e.753/click - {}
RESULT: {}
COMMAND: GET /session/06820c29678f15015ffe824e569d7d5a/screenshot - {}
RESULT: {}
COMMAND: POST /session/06820c29678f15015ffe824e569d7d5a/execute/async - {"script":"<script> [1562 bytes]","args":[{"selector":{"id":"application-manageyards-display-component---NewYard--addressEditDetailsCurrency-arrow"},"wdio_ui5_key":"applicationmanageyards-display-component---NewYard--addressEditDetailsCurrency-arrow"}]}
RESULT: {"script":"<script> [1562 bytes]","args":[{"selector":{"id":"application-manageyards-display-component---NewYard--addressEditDetailsCurrency-arrow"},"wdio_ui5_key":"applicationmanageyards-display-component---NewYard--addressEditDetailsCurrency-arrow"}]}
RESULT: undefined
COMMAND: POST /session/06820c29678f15015ffe824e569d7d5a/element - {"using":"xpath","value":"//*[@id=\"application-manageyards-display-component---NewYard--addressEditDetailsCurrency-arrow\"]"}
RESULT: {"using":"xpath","value":"//*[@id=\"application-manageyards-display-component---NewYard--addressEditDetailsCurrency-arrow\"]"}
COMMAND: POST /session/06820c29678f15015ffe824e569d7d5a/element/f.696EFCE712E801319DC54DDC19215679.d.344EBD8E64A3E2D816A174E1160FD40B.e.756/click - {}
RESULT: {}
COMMAND: POST /session/06820c29678f15015ffe824e569d7d5a/element - {"using":"xpath","value":"//span[contains(text(), \"Euro\")]"}
COMMAND: GET /session/06820c29678f15015ffe824e569d7d5a/screenshot - {}
RESULT: {"using":"xpath","value":"//span[contains(text(), \"Euro\")]"}
COMMAND: POST /session/06820c29678f15015ffe824e569d7d5a/element/f.696EFCE712E801319DC54DDC19215679.d.344EBD8E64A3E2D816A174E1160FD40B.e.757/click - {}
RESULT: {}
RESULT: {}
COMMAND: POST /session/06820c29678f15015ffe824e569d7d5a/execute/async - {"script":"<script> [1562 bytes]","args":[{"selector":{"controlType":"sap.m.Input","viewName":"etm.portal.ui.manageyards.view.New","viewId":"application-manageyards-display-component---NewYard","bindingPath":{"path":"","propertyPath":"/CONTROLLING_AREA","modelName":"NewYardModel"},"interaction":{"idSuffix":"inner"}},"wdio_ui5_key":"etmportal.ui.manageyards.view.Newsap.m.Input{\"path\":\"\",\"propertyPath\":\"/CONTROLLING_AREA\",\"modelName\":\"NewYardModel\"}"}]}
COMMAND: GET /session/06820c29678f15015ffe824e569d7d5a/screenshot - {}
RESULT: {"script":"<script> [1562 bytes]","args":[{"selector":{"controlType":"sap.m.Input","viewName":"etm.portal.ui.manageyards.view.New","viewId":"application-manageyards-display-component---NewYard","bindingPath":{"path":"","propertyPath":"/CONTROLLING_AREA","modelName":"NewYardModel"},"interaction":{"idSuffix":"inner"}},"wdio_ui5_key":"etmportal.ui.manageyards.view.Newsap.m.Input{\"path\":\"\",\"propertyPath\":\"/CONTROLLING_AREA\",\"modelName\":\"NewYardModel\"}"}]}
RESULT: undefined
COMMAND: POST /session/06820c29678f15015ffe824e569d7d5a/execute/async - {"script":"<script> [776 bytes]","args":[{"enterText":"Z001","selector":{"controlType":"sap.m.Input","viewName":"etm.portal.ui.manageyards.view.New","viewId":"application-manageyards-display-component---NewYard","bindingPath":{"path":"","propertyPath":"/CONTROLLING_AREA","modelName":"NewYardModel"},"interaction":{"idSuffix":"inner"}},"clearTextFirst":true,"interactionType":"ENTER_TEXT"}]}
RESULT: {}
RESULT: {"script":"<script> [776 bytes]","args":[{"enterText":"Z001","selector":{"controlType":"sap.m.Input","viewName":"etm.portal.ui.manageyards.view.New","viewId":"application-manageyards-display-component---NewYard","bindingPath":{"path":"","propertyPath":"/CONTROLLING_AREA","modelName":"NewYardModel"},"interaction":{"idSuffix":"inner"}},"clearTextFirst":true,"interactionType":"ENTER_TEXT"}]}
COMMAND: POST /session/06820c29678f15015ffe824e569d7d5a/execute/async - {"script":"<script> [1562 bytes]","args":[{"selector":{"id":"application-manageyards-display-component---NewYard--companyCodeComboBox","interaction":{"idSuffix":"inner"}},"wdio_ui5_key":"applicationmanageyards-display-component---NewYard--companyCodeComboBox"}]}
RESULT: {"script":"<script> [1562 bytes]","args":[{"selector":{"id":"application-manageyards-display-component---NewYard--companyCodeComboBox","interaction":{"idSuffix":"inner"}},"wdio_ui5_key":"applicationmanageyards-display-component---NewYard--companyCodeComboBox"}]}
RESULT: undefined
COMMAND: POST /session/06820c29678f15015ffe824e569d7d5a/execute/async - {"script":"<script> [776 bytes]","args":[{"enterText":"1000","selector":{"id":"application-manageyards-display-component---NewYard--companyCodeComboBox","interaction":{"idSuffix":"inner"}},"clearTextFirst":true,"interactionType":"ENTER_TEXT"}]}
RESULT: {"script":"<script> [776 bytes]","args":[{"enterText":"1000","selector":{"id":"application-manageyards-display-component---NewYard--companyCodeComboBox","interaction":{"idSuffix":"inner"}},"clearTextFirst":true,"interactionType":"ENTER_TEXT"}]}
COMMAND: POST /session/06820c29678f15015ffe824e569d7d5a/execute/async - {"script":"<script> [1562 bytes]","args":[{"selector":{"controlType":"sap.m.Input","viewName":"etm.portal.ui.manageyards.view.New","viewId":"application-manageyards-display-component---NewYard","bindingPath":{"path":"","propertyPath":"/PLANT","modelName":"NewYardModel"},"interaction":{"idSuffix":"inner"}},"wdio_ui5_key":"etmportal.ui.manageyards.view.Newsap.m.Input{\"path\":\"\",\"propertyPath\":\"/PLANT\",\"modelName\":\"NewYardModel\"}"}]}
RESULT: {"script":"<script> [1562 bytes]","args":[{"selector":{"controlType":"sap.m.Input","viewName":"etm.portal.ui.manageyards.view.New","viewId":"application-manageyards-display-component---NewYard","bindingPath":{"path":"","propertyPath":"/PLANT","modelName":"NewYardModel"},"interaction":{"idSuffix":"inner"}},"wdio_ui5_key":"etmportal.ui.manageyards.view.Newsap.m.Input{\"path\":\"\",\"propertyPath\":\"/PLANT\",\"modelName\":\"NewYardModel\"}"}]}
RESULT: undefined
COMMAND: POST /session/06820c29678f15015ffe824e569d7d5a/execute/async - {"script":"<script> [776 bytes]","args":[{"enterText":"1001","selector":{"controlType":"sap.m.Input","viewName":"etm.portal.ui.manageyards.view.New","viewId":"application-manageyards-display-component---NewYard","bindingPath":{"path":"","propertyPath":"/PLANT","modelName":"NewYardModel"},"interaction":{"idSuffix":"inner"}},"clearTextFirst":true,"interactionType":"ENTER_TEXT"}]}
RESULT: {"script":"<script> [776 bytes]","args":[{"enterText":"1001","selector":{"controlType":"sap.m.Input","viewName":"etm.portal.ui.manageyards.view.New","viewId":"application-manageyards-display-component---NewYard","bindingPath":{"path":"","propertyPath":"/PLANT","modelName":"NewYardModel"},"interaction":{"idSuffix":"inner"}},"clearTextFirst":true,"interactionType":"ENTER_TEXT"}]}
COMMAND: POST /session/06820c29678f15015ffe824e569d7d5a/execute/async - {"script":"<script> [1562 bytes]","args":[{"selector":{"controlType":"sap.m.Input","viewName":"etm.portal.ui.manageyards.view.New","viewId":"application-manageyards-display-component---NewYard","bindingPath":{"path":"","propertyPath":"/SALES_AREA_VKORG","modelName":"NewYardModel"},"interaction":{"idSuffix":"inner"}},"wdio_ui5_key":"etmportal.ui.manageyards.view.Newsap.m.Input{\"path\":\"\",\"propertyPath\":\"/SALES_AREA_VKORG\",\"modelName\":\"NewYardModel\"}"}]}
RESULT: {"script":"<script> [1562 bytes]","args":[{"selector":{"controlType":"sap.m.Input","viewName":"etm.portal.ui.manageyards.view.New","viewId":"application-manageyards-display-component---NewYard","bindingPath":{"path":"","propertyPath":"/SALES_AREA_VKORG","modelName":"NewYardModel"},"interaction":{"idSuffix":"inner"}},"wdio_ui5_key":"etmportal.ui.manageyards.view.Newsap.m.Input{\"path\":\"\",\"propertyPath\":\"/SALES_AREA_VKORG\",\"modelName\":\"NewYardModel\"}"}]}
RESULT: undefined
COMMAND: POST /session/06820c29678f15015ffe824e569d7d5a/execute/async - {"script":"<script> [776 bytes]","args":[{"enterText":"C002","selector":{"controlType":"sap.m.Input","viewName":"etm.portal.ui.manageyards.view.New","viewId":"application-manageyards-display-component---NewYard","bindingPath":{"path":"","propertyPath":"/SALES_AREA_VKORG","modelName":"NewYardModel"},"interaction":{"idSuffix":"inner"}},"clearTextFirst":true,"interactionType":"ENTER_TEXT"}]}
RESULT: {"script":"<script> [776 bytes]","args":[{"enterText":"C002","selector":{"controlType":"sap.m.Input","viewName":"etm.portal.ui.manageyards.view.New","viewId":"application-manageyards-display-component---NewYard","bindingPath":{"path":"","propertyPath":"/SALES_AREA_VKORG","modelName":"NewYardModel"},"interaction":{"idSuffix":"inner"}},"clearTextFirst":true,"interactionType":"ENTER_TEXT"}]}
COMMAND: POST /session/06820c29678f15015ffe824e569d7d5a/execute/async - {"script":"<script> [1562 bytes]","args":[{"selector":{"controlType":"sap.m.Input","viewName":"etm.portal.ui.manageyards.view.New","viewId":"application-manageyards-display-component---NewYard","bindingPath":{"path":"","propertyPath":"/SALES_AREA_VTWEG","modelName":"NewYardModel"},"interaction":{"idSuffix":"inner"}},"wdio_ui5_key":"etmportal.ui.manageyards.view.Newsap.m.Input{\"path\":\"\",\"propertyPath\":\"/SALES_AREA_VTWEG\",\"modelName\":\"NewYardModel\"}"}]}
RESULT: {"script":"<script> [1562 bytes]","args":[{"selector":{"controlType":"sap.m.Input","viewName":"etm.portal.ui.manageyards.view.New","viewId":"application-manageyards-display-component---NewYard","bindingPath":{"path":"","propertyPath":"/SALES_AREA_VTWEG","modelName":"NewYardModel"},"interaction":{"idSuffix":"inner"}},"wdio_ui5_key":"etmportal.ui.manageyards.view.Newsap.m.Input{\"path\":\"\",\"propertyPath\":\"/SALES_AREA_VTWEG\",\"modelName\":\"NewYardModel\"}"}]}
RESULT: undefined
COMMAND: POST /session/06820c29678f15015ffe824e569d7d5a/execute/async - {"script":"<script> [776 bytes]","args":[{"enterText":"C2","selector":{"controlType":"sap.m.Input","viewName":"etm.portal.ui.manageyards.view.New","viewId":"application-manageyards-display-component---NewYard","bindingPath":{"path":"","propertyPath":"/SALES_AREA_VTWEG","modelName":"NewYardModel"},"interaction":{"idSuffix":"inner"}},"clearTextFirst":true,"interactionType":"ENTER_TEXT"}]}
RESULT: {"script":"<script> [776 bytes]","args":[{"enterText":"C2","selector":{"controlType":"sap.m.Input","viewName":"etm.portal.ui.manageyards.view.New","viewId":"application-manageyards-display-component---NewYard","bindingPath":{"path":"","propertyPath":"/SALES_AREA_VTWEG","modelName":"NewYardModel"},"interaction":{"idSuffix":"inner"}},"clearTextFirst":true,"interactionType":"ENTER_TEXT"}]}
COMMAND: POST /session/06820c29678f15015ffe824e569d7d5a/execute/async - {"script":"<script> [1562 bytes]","args":[{"selector":{"controlType":"sap.m.Input","viewName":"etm.portal.ui.manageyards.view.New","viewId":"application-manageyards-display-component---NewYard","bindingPath":{"path":"","propertyPath":"/SALES_AREA_SPART","modelName":"NewYardModel"},"interaction":{"idSuffix":"inner"}},"wdio_ui5_key":"etmportal.ui.manageyards.view.Newsap.m.Input{\"path\":\"\",\"propertyPath\":\"/SALES_AREA_SPART\",\"modelName\":\"NewYardModel\"}"}]}
RESULT: {"script":"<script> [1562 bytes]","args":[{"selector":{"controlType":"sap.m.Input","viewName":"etm.portal.ui.manageyards.view.New","viewId":"application-manageyards-display-component---NewYard","bindingPath":{"path":"","propertyPath":"/SALES_AREA_SPART","modelName":"NewYardModel"},"interaction":{"idSuffix":"inner"}},"wdio_ui5_key":"etmportal.ui.manageyards.view.Newsap.m.Input{\"path\":\"\",\"propertyPath\":\"/SALES_AREA_SPART\",\"modelName\":\"NewYardModel\"}"}]}
RESULT: undefined
COMMAND: POST /session/06820c29678f15015ffe824e569d7d5a/execute/async - {"script":"<script> [776 bytes]","args":[{"enterText":"C2","selector":{"controlType":"sap.m.Input","viewName":"etm.portal.ui.manageyards.view.New","viewId":"application-manageyards-display-component---NewYard","bindingPath":{"path":"","propertyPath":"/SALES_AREA_SPART","modelName":"NewYardModel"},"interaction":{"idSuffix":"inner"}},"clearTextFirst":true,"interactionType":"ENTER_TEXT"}]}
RESULT: {"script":"<script> [776 bytes]","args":[{"enterText":"C2","selector":{"controlType":"sap.m.Input","viewName":"etm.portal.ui.manageyards.view.New","viewId":"application-manageyards-display-component---NewYard","bindingPath":{"path":"","propertyPath":"/SALES_AREA_SPART","modelName":"NewYardModel"},"interaction":{"idSuffix":"inner"}},"clearTextFirst":true,"interactionType":"ENTER_TEXT"}]}
COMMAND: POST /session/06820c29678f15015ffe824e569d7d5a/execute/async - {"script":"<script> [1562 bytes]","args":[{"selector":{"controlType":"sap.m.Input","viewName":"etm.portal.ui.manageyards.view.New","viewId":"application-manageyards-display-component---NewYard","bindingPath":{"path":"","propertyPath":"/SHIP_POINT","modelName":"NewYardModel"},"interaction":{"idSuffix":"inner"}},"wdio_ui5_key":"etmportal.ui.manageyards.view.Newsap.m.Input{\"path\":\"\",\"propertyPath\":\"/SHIP_POINT\",\"modelName\":\"NewYardModel\"}"}]}
RESULT: {"script":"<script> [1562 bytes]","args":[{"selector":{"controlType":"sap.m.Input","viewName":"etm.portal.ui.manageyards.view.New","viewId":"application-manageyards-display-component---NewYard","bindingPath":{"path":"","propertyPath":"/SHIP_POINT","modelName":"NewYardModel"},"interaction":{"idSuffix":"inner"}},"wdio_ui5_key":"etmportal.ui.manageyards.view.Newsap.m.Input{\"path\":\"\",\"propertyPath\":\"/SHIP_POINT\",\"modelName\":\"NewYardModel\"}"}]}
RESULT: undefined
COMMAND: POST /session/06820c29678f15015ffe824e569d7d5a/execute/async - {"script":"<script> [776 bytes]","args":[{"enterText":"1710","selector":{"controlType":"sap.m.Input","viewName":"etm.portal.ui.manageyards.view.New","viewId":"application-manageyards-display-component---NewYard","bindingPath":{"path":"","propertyPath":"/SHIP_POINT","modelName":"NewYardModel"},"interaction":{"idSuffix":"inner"}},"clearTextFirst":true,"interactionType":"ENTER_TEXT"}]}
RESULT: {"script":"<script> [776 bytes]","args":[{"enterText":"1710","selector":{"controlType":"sap.m.Input","viewName":"etm.portal.ui.manageyards.view.New","viewId":"application-manageyards-display-component---NewYard","bindingPath":{"path":"","propertyPath":"/SHIP_POINT","modelName":"NewYardModel"},"interaction":{"idSuffix":"inner"}},"clearTextFirst":true,"interactionType":"ENTER_TEXT"}]}
COMMAND: POST /session/06820c29678f15015ffe824e569d7d5a/execute/async - {"script":"<script> [1562 bytes]","args":[{"selector":{"controlType":"sap.m.Input","viewName":"etm.portal.ui.manageyards.view.New","viewId":"application-manageyards-display-component---NewYard","bindingPath":{"path":"","propertyPath":"/DELIVERY_TYPE","modelName":"NewYardModel"},"interaction":{"idSuffix":"inner"}},"wdio_ui5_key":"etmportal.ui.manageyards.view.Newsap.m.Input{\"path\":\"\",\"propertyPath\":\"/DELIVERY_TYPE\",\"modelName\":\"NewYardModel\"}"}]}
RESULT: {"script":"<script> [1562 bytes]","args":[{"selector":{"controlType":"sap.m.Input","viewName":"etm.portal.ui.manageyards.view.New","viewId":"application-manageyards-display-component---NewYard","bindingPath":{"path":"","propertyPath":"/DELIVERY_TYPE","modelName":"NewYardModel"},"interaction":{"idSuffix":"inner"}},"wdio_ui5_key":"etmportal.ui.manageyards.view.Newsap.m.Input{\"path\":\"\",\"propertyPath\":\"/DELIVERY_TYPE\",\"modelName\":\"NewYardModel\"}"}]}
RESULT: undefined
COMMAND: POST /session/06820c29678f15015ffe824e569d7d5a/execute/async - {"script":"<script> [776 bytes]","args":[{"enterText":"ZL01","selector":{"controlType":"sap.m.Input","viewName":"etm.portal.ui.manageyards.view.New","viewId":"application-manageyards-display-component---NewYard","bindingPath":{"path":"","propertyPath":"/DELIVERY_TYPE","modelName":"NewYardModel"},"interaction":{"idSuffix":"inner"}},"clearTextFirst":true,"interactionType":"ENTER_TEXT"}]}
RESULT: {"script":"<script> [776 bytes]","args":[{"enterText":"ZL01","selector":{"controlType":"sap.m.Input","viewName":"etm.portal.ui.manageyards.view.New","viewId":"application-manageyards-display-component---NewYard","bindingPath":{"path":"","propertyPath":"/DELIVERY_TYPE","modelName":"NewYardModel"},"interaction":{"idSuffix":"inner"}},"clearTextFirst":true,"interactionType":"ENTER_TEXT"}]}
COMMAND: POST /session/06820c29678f15015ffe824e569d7d5a/execute/async - {"script":"<script> [1562 bytes]","args":[{"selector":{"controlType":"sap.m.Input","viewName":"etm.portal.ui.manageyards.view.New","viewId":"application-manageyards-display-component---NewYard","bindingPath":{"path":"","propertyPath":"/AUART","modelName":"NewYardModel"},"interaction":{"idSuffix":"inner"}},"wdio_ui5_key":"etmportal.ui.manageyards.view.Newsap.m.Input{\"path\":\"\",\"propertyPath\":\"/AUART\",\"modelName\":\"NewYardModel\"}"}]}
RESULT: {"script":"<script> [1562 bytes]","args":[{"selector":{"controlType":"sap.m.Input","viewName":"etm.portal.ui.manageyards.view.New","viewId":"application-manageyards-display-component---NewYard","bindingPath":{"path":"","propertyPath":"/AUART","modelName":"NewYardModel"},"interaction":{"idSuffix":"inner"}},"wdio_ui5_key":"etmportal.ui.manageyards.view.Newsap.m.Input{\"path\":\"\",\"propertyPath\":\"/AUART\",\"modelName\":\"NewYardModel\"}"}]}
RESULT: undefined
COMMAND: POST /session/06820c29678f15015ffe824e569d7d5a/execute/async - {"script":"<script> [776 bytes]","args":[{"enterText":"TA","selector":{"controlType":"sap.m.Input","viewName":"etm.portal.ui.manageyards.view.New","viewId":"application-manageyards-display-component---NewYard","bindingPath":{"path":"","propertyPath":"/AUART","modelName":"NewYardModel"},"interaction":{"idSuffix":"inner"}},"clearTextFirst":true,"interactionType":"ENTER_TEXT"}]}
RESULT: {"script":"<script> [776 bytes]","args":[{"enterText":"TA","selector":{"controlType":"sap.m.Input","viewName":"etm.portal.ui.manageyards.view.New","viewId":"application-manageyards-display-component---NewYard","bindingPath":{"path":"","propertyPath":"/AUART","modelName":"NewYardModel"},"interaction":{"idSuffix":"inner"}},"clearTextFirst":true,"interactionType":"ENTER_TEXT"}]}
COMMAND: POST /session/06820c29678f15015ffe824e569d7d5a/execute/async - {"script":"<script> [1562 bytes]","args":[{"selector":{"id":"application-manageyards-display-component---NewYard--whmCheckBox","interaction":{"idSuffix":"CbBg"}},"wdio_ui5_key":"applicationmanageyards-display-component---NewYard--whmCheckBox"}]}
RESULT: {"script":"<script> [1562 bytes]","args":[{"selector":{"id":"application-manageyards-display-component---NewYard--whmCheckBox","interaction":{"idSuffix":"CbBg"}},"wdio_ui5_key":"applicationmanageyards-display-component---NewYard--whmCheckBox"}]}
RESULT: undefined
COMMAND: POST /session/06820c29678f15015ffe824e569d7d5a/element - {"using":"xpath","value":"//*[@id=\"application-manageyards-display-component---NewYard--whmCheckBox\"]"}
RESULT: {"using":"xpath","value":"//*[@id=\"application-manageyards-display-component---NewYard--whmCheckBox\"]"}
COMMAND: POST /session/06820c29678f15015ffe824e569d7d5a/element/f.696EFCE712E801319DC54DDC19215679.d.344EBD8E64A3E2D816A174E1160FD40B.e.777/click - {}
RESULT: {}
COMMAND: GET /session/06820c29678f15015ffe824e569d7d5a/screenshot - {}
RESULT: {}
COMMAND: POST /session/06820c29678f15015ffe824e569d7d5a/element - {"using":"xpath","value":"//button[@data-kt=\"newYardSaveButton\"]"}
RESULT: {"using":"xpath","value":"//button[@data-kt=\"newYardSaveButton\"]"}
COMMAND: POST /session/06820c29678f15015ffe824e569d7d5a/element/f.696EFCE712E801319DC54DDC19215679.d.344EBD8E64A3E2D816A174E1160FD40B.e.663/click - {}
RESULT: {}
COMMAND: GET /session/06820c29678f15015ffe824e569d7d5a/screenshot - {}
RESULT: {}
COMMAND: POST /session/06820c29678f15015ffe824e569d7d5a/element - {"using":"xpath","value":"//header[contains(@id, 'ObjectPageLayout-headerTitle')]/div[1]/div[2]/div[1]/span[1]"}
RESULT: {"using":"xpath","value":"//header[contains(@id, 'ObjectPageLayout-headerTitle')]/div[1]/div[2]/div[1]/span[1]"}
COMMAND: POST /session/06820c29678f15015ffe824e569d7d5a/elements - {"using":"xpath","value":"//header[contains(@id, 'ObjectPageLayout-headerTitle')]/div[1]/div[2]/div[1]/span[1]"}
RESULT: {"using":"xpath","value":"//header[contains(@id, 'ObjectPageLayout-headerTitle')]/div[1]/div[2]/div[1]/span[1]"}
COMMAND: POST /session/06820c29678f15015ffe824e569d7d5a/execute/sync - {"script":"<script> [56 bytes]","args":[{"element-6066-11e4-a52e-4f735466cecf":"f.696EFCE712E801319DC54DDC19215679.d.344EBD8E64A3E2D816A174E1160FD40B.e.987","ELEMENT":"f.696EFCE712E801319DC54DDC19215679.d.344EBD8E64A3E2D816A174E1160FD40B.e.987"}]}
RESULT: {"script":"<script> [56 bytes]","args":[{"element-6066-11e4-a52e-4f735466cecf":"f.696EFCE712E801319DC54DDC19215679.d.344EBD8E64A3E2D816A174E1160FD40B.e.987","ELEMENT":"f.696EFCE712E801319DC54DDC19215679.d.344EBD8E64A3E2D816A174E1160FD40B.e.987"}]}
COMMAND: GET /session/06820c29678f15015ffe824e569d7d5a/screenshot - {}
RESULT: {}
COMMAND: POST /session/06820c29678f15015ffe824e569d7d5a/element - {"using":"css selector","value":"#shell-header-logo"}
RESULT: {"using":"css selector","value":"#shell-header-logo"}
COMMAND: POST /session/06820c29678f15015ffe824e569d7d5a/element/f.696EFCE712E801319DC54DDC19215679.d.344EBD8E64A3E2D816A174E1160FD40B.e.236/click - {}
RESULT: {}
COMMAND: GET /session/06820c29678f15015ffe824e569d7d5a/screenshot - {}
RESULT: {}
COMMAND: POST /session/06820c29678f15015ffe824e569d7d5a/execute/sync - {"script":"<script> [299 bytes]","args":[["getModel","getResource"]]}
RESULT: {"script":"<script> [299 bytes]","args":[["getModel","getResource"]]}
]]></system-out>
    </testcase>
    <testcase classname="chrome.136_0_7103_93.windows.Stock_increase_-_with_WHM_US125587" name="Should create a new external WHM partner" time="99.282">
      <system-out><![CDATA[
COMMAND: GET /session/06820c29678f15015ffe824e569d7d5a/screenshot - {}
COMMAND: POST /session/06820c29678f15015ffe824e569d7d5a/window/fullscreen - {}
RESULT: {}
RESULT: {}
COMMAND: POST /session/06820c29678f15015ffe824e569d7d5a/execute/async - {"script":"<script> [1562 bytes]","args":[{"selector":{"controlType":"sap.m.GenericTile","properties":{"header":"Manage Partners"}},"wdio_ui5_key":"sapm.GenericTile{\"header\":\"Manage Partners\"}"}]}
RESULT: {"script":"<script> [1562 bytes]","args":[{"selector":{"controlType":"sap.m.GenericTile","properties":{"header":"Manage Partners"}},"wdio_ui5_key":"sapm.GenericTile{\"header\":\"Manage Partners\"}"}]}
RESULT: undefined
COMMAND: POST /session/06820c29678f15015ffe824e569d7d5a/element - {"using":"xpath","value":"//*[@id=\"__tile38\"]"}
RESULT: {"using":"xpath","value":"//*[@id=\"__tile38\"]"}
COMMAND: POST /session/06820c29678f15015ffe824e569d7d5a/element/f.696EFCE712E801319DC54DDC19215679.d.344EBD8E64A3E2D816A174E1160FD40B.e.120/click - {}
RESULT: {}
COMMAND: GET /session/06820c29678f15015ffe824e569d7d5a/screenshot - {}
RESULT: {}
COMMAND: POST /session/06820c29678f15015ffe824e569d7d5a/elements - {"using":"xpath","value":"//span[text()='Error']"}
RESULT: {"using":"xpath","value":"//span[text()='Error']"}
COMMAND: POST /session/06820c29678f15015ffe824e569d7d5a/element - {"using":"xpath","value":"//button[@data-kt=\"addButton\"]"}
RESULT: {"using":"xpath","value":"//button[@data-kt=\"addButton\"]"}
COMMAND: POST /session/06820c29678f15015ffe824e569d7d5a/elements - {"using":"xpath","value":"//button[@data-kt=\"addButton\"]"}
RESULT: {"using":"xpath","value":"//button[@data-kt=\"addButton\"]"}
COMMAND: POST /session/06820c29678f15015ffe824e569d7d5a/elements - {"using":"xpath","value":"//button[@data-kt=\"addButton\"]"}
RESULT: {"using":"xpath","value":"//button[@data-kt=\"addButton\"]"}
COMMAND: POST /session/06820c29678f15015ffe824e569d7d5a/elements - {"using":"xpath","value":"//button[@data-kt=\"addButton\"]"}
RESULT: {"using":"xpath","value":"//button[@data-kt=\"addButton\"]"}
COMMAND: POST /session/06820c29678f15015ffe824e569d7d5a/elements - {"using":"xpath","value":"//button[@data-kt=\"addButton\"]"}
RESULT: {"using":"xpath","value":"//button[@data-kt=\"addButton\"]"}
COMMAND: POST /session/06820c29678f15015ffe824e569d7d5a/elements - {"using":"xpath","value":"//button[@data-kt=\"addButton\"]"}
RESULT: {"using":"xpath","value":"//button[@data-kt=\"addButton\"]"}
COMMAND: POST /session/06820c29678f15015ffe824e569d7d5a/elements - {"using":"xpath","value":"//button[@data-kt=\"addButton\"]"}
RESULT: {"using":"xpath","value":"//button[@data-kt=\"addButton\"]"}
COMMAND: POST /session/06820c29678f15015ffe824e569d7d5a/element - {"using":"xpath","value":"//button[@data-kt=\"addButton\"]"}
RESULT: {"using":"xpath","value":"//button[@data-kt=\"addButton\"]"}
COMMAND: POST /session/06820c29678f15015ffe824e569d7d5a/execute/sync - {"script":"<script> [8489 bytes]","args":[{"element-6066-11e4-a52e-4f735466cecf":"f.696EFCE712E801319DC54DDC19215679.d.344EBD8E64A3E2D816A174E1160FD40B.e.1025","ELEMENT":"f.696EFCE712E801319DC54DDC19215679.d.344EBD8E64A3E2D816A174E1160FD40B.e.1025"}]}
RESULT: {"script":"<script> [8489 bytes]","args":[{"element-6066-11e4-a52e-4f735466cecf":"f.696EFCE712E801319DC54DDC19215679.d.344EBD8E64A3E2D816A174E1160FD40B.e.1025","ELEMENT":"f.696EFCE712E801319DC54DDC19215679.d.344EBD8E64A3E2D816A174E1160FD40B.e.1025"}]}
COMMAND: GET /session/06820c29678f15015ffe824e569d7d5a/element/f.696EFCE712E801319DC54DDC19215679.d.344EBD8E64A3E2D816A174E1160FD40B.e.1025/enabled - {}
COMMAND: GET /session/06820c29678f15015ffe824e569d7d5a/screenshot - {}
RESULT: {}
COMMAND: POST /session/06820c29678f15015ffe824e569d7d5a/execute/sync - {"script":"<script> [8489 bytes]","args":[{"element-6066-11e4-a52e-4f735466cecf":"f.696EFCE712E801319DC54DDC19215679.d.344EBD8E64A3E2D816A174E1160FD40B.e.1025","ELEMENT":"f.696EFCE712E801319DC54DDC19215679.d.344EBD8E64A3E2D816A174E1160FD40B.e.1025"}]}
COMMAND: GET /session/06820c29678f15015ffe824e569d7d5a/screenshot - {}
RESULT: {}
RESULT: {"script":"<script> [8489 bytes]","args":[{"element-6066-11e4-a52e-4f735466cecf":"f.696EFCE712E801319DC54DDC19215679.d.344EBD8E64A3E2D816A174E1160FD40B.e.1025","ELEMENT":"f.696EFCE712E801319DC54DDC19215679.d.344EBD8E64A3E2D816A174E1160FD40B.e.1025"}]}
COMMAND: POST /session/06820c29678f15015ffe824e569d7d5a/execute/sync - {"script":"<script> [5351 bytes]","args":[{"element-6066-11e4-a52e-4f735466cecf":"f.696EFCE712E801319DC54DDC19215679.d.344EBD8E64A3E2D816A174E1160FD40B.e.1025","ELEMENT":"f.696EFCE712E801319DC54DDC19215679.d.344EBD8E64A3E2D816A174E1160FD40B.e.1025"}]}
COMMAND: GET /session/06820c29678f15015ffe824e569d7d5a/screenshot - {}
RESULT: {}
RESULT: {"script":"<script> [5351 bytes]","args":[{"element-6066-11e4-a52e-4f735466cecf":"f.696EFCE712E801319DC54DDC19215679.d.344EBD8E64A3E2D816A174E1160FD40B.e.1025","ELEMENT":"f.696EFCE712E801319DC54DDC19215679.d.344EBD8E64A3E2D816A174E1160FD40B.e.1025"}]}
COMMAND: POST /session/06820c29678f15015ffe824e569d7d5a/element/f.696EFCE712E801319DC54DDC19215679.d.344EBD8E64A3E2D816A174E1160FD40B.e.1025/click - {}
COMMAND: GET /session/06820c29678f15015ffe824e569d7d5a/screenshot - {}
RESULT: {}
RESULT: {}
COMMAND: GET /session/06820c29678f15015ffe824e569d7d5a/screenshot - {}
COMMAND: POST /session/06820c29678f15015ffe824e569d7d5a/execute/async - {"script":"<script> [1562 bytes]","args":[{"selector":{"id":"application-managepartners-display-component---NewPartner--addressDetailDetailsName1","interaction":{"idSuffix":"inner"}},"wdio_ui5_key":"applicationmanagepartners-display-component---NewPartner--addressDetailDetailsName1"}]}
RESULT: {}
RESULT: {}
RESULT: {"script":"<script> [1562 bytes]","args":[{"selector":{"id":"application-managepartners-display-component---NewPartner--addressDetailDetailsName1","interaction":{"idSuffix":"inner"}},"wdio_ui5_key":"applicationmanagepartners-display-component---NewPartner--addressDetailDetailsName1"}]}
RESULT: undefined
COMMAND: POST /session/06820c29678f15015ffe824e569d7d5a/execute/async - {"script":"<script> [776 bytes]","args":[{"enterText":"External Partner WDIO","selector":{"id":"application-managepartners-display-component---NewPartner--addressDetailDetailsName1","interaction":{"idSuffix":"inner"}},"clearTextFirst":true,"interactionType":"ENTER_TEXT"}]}
RESULT: {"script":"<script> [776 bytes]","args":[{"enterText":"External Partner WDIO","selector":{"id":"application-managepartners-display-component---NewPartner--addressDetailDetailsName1","interaction":{"idSuffix":"inner"}},"clearTextFirst":true,"interactionType":"ENTER_TEXT"}]}
COMMAND: POST /session/06820c29678f15015ffe824e569d7d5a/execute/async - {"script":"<script> [1562 bytes]","args":[{"selector":{"id":"application-managepartners-display-component---NewPartner--addressDetailDetailsLanguage-arrow"},"wdio_ui5_key":"applicationmanagepartners-display-component---NewPartner--addressDetailDetailsLanguage-arrow"}]}
RESULT: {"script":"<script> [1562 bytes]","args":[{"selector":{"id":"application-managepartners-display-component---NewPartner--addressDetailDetailsLanguage-arrow"},"wdio_ui5_key":"applicationmanagepartners-display-component---NewPartner--addressDetailDetailsLanguage-arrow"}]}
RESULT: undefined
COMMAND: POST /session/06820c29678f15015ffe824e569d7d5a/element - {"using":"xpath","value":"//*[@id=\"application-managepartners-display-component---NewPartner--addressDetailDetailsLanguage-arrow\"]"}
RESULT: {"using":"xpath","value":"//*[@id=\"application-managepartners-display-component---NewPartner--addressDetailDetailsLanguage-arrow\"]"}
COMMAND: POST /session/06820c29678f15015ffe824e569d7d5a/element/f.696EFCE712E801319DC54DDC19215679.d.344EBD8E64A3E2D816A174E1160FD40B.e.1478/click - {}
RESULT: {}
COMMAND: POST /session/06820c29678f15015ffe824e569d7d5a/element - {"using":"xpath","value":"//span[contains(text(), \"English\")]"}
COMMAND: GET /session/06820c29678f15015ffe824e569d7d5a/screenshot - {}
RESULT: {"using":"xpath","value":"//span[contains(text(), \"English\")]"}
COMMAND: POST /session/06820c29678f15015ffe824e569d7d5a/element/f.696EFCE712E801319DC54DDC19215679.d.344EBD8E64A3E2D816A174E1160FD40B.e.1479/click - {}
RESULT: {}
RESULT: {}
COMMAND: GET /session/06820c29678f15015ffe824e569d7d5a/screenshot - {}
RESULT: {}
COMMAND: POST /session/06820c29678f15015ffe824e569d7d5a/execute/async - {"script":"<script> [1562 bytes]","args":[{"selector":{"id":"application-managepartners-display-component---NewPartner--addressDetailDetailsCity1","interaction":{"idSuffix":"inner"}},"wdio_ui5_key":"applicationmanagepartners-display-component---NewPartner--addressDetailDetailsCity1"}]}
RESULT: {"script":"<script> [1562 bytes]","args":[{"selector":{"id":"application-managepartners-display-component---NewPartner--addressDetailDetailsCity1","interaction":{"idSuffix":"inner"}},"wdio_ui5_key":"applicationmanagepartners-display-component---NewPartner--addressDetailDetailsCity1"}]}
RESULT: undefined
COMMAND: POST /session/06820c29678f15015ffe824e569d7d5a/execute/async - {"script":"<script> [776 bytes]","args":[{"enterText":"Rosario","selector":{"id":"application-managepartners-display-component---NewPartner--addressDetailDetailsCity1","interaction":{"idSuffix":"inner"}},"clearTextFirst":true,"interactionType":"ENTER_TEXT"}]}
RESULT: {"script":"<script> [776 bytes]","args":[{"enterText":"Rosario","selector":{"id":"application-managepartners-display-component---NewPartner--addressDetailDetailsCity1","interaction":{"idSuffix":"inner"}},"clearTextFirst":true,"interactionType":"ENTER_TEXT"}]}
COMMAND: POST /session/06820c29678f15015ffe824e569d7d5a/execute/async - {"script":"<script> [1562 bytes]","args":[{"selector":{"id":"application-managepartners-display-component---NewPartner--addressDetailDetailsCountry-arrow"},"wdio_ui5_key":"applicationmanagepartners-display-component---NewPartner--addressDetailDetailsCountry-arrow"}]}
RESULT: {"script":"<script> [1562 bytes]","args":[{"selector":{"id":"application-managepartners-display-component---NewPartner--addressDetailDetailsCountry-arrow"},"wdio_ui5_key":"applicationmanagepartners-display-component---NewPartner--addressDetailDetailsCountry-arrow"}]}
RESULT: undefined
COMMAND: POST /session/06820c29678f15015ffe824e569d7d5a/element - {"using":"xpath","value":"//*[@id=\"application-managepartners-display-component---NewPartner--addressDetailDetailsCountry-arrow\"]"}
RESULT: {"using":"xpath","value":"//*[@id=\"application-managepartners-display-component---NewPartner--addressDetailDetailsCountry-arrow\"]"}
COMMAND: POST /session/06820c29678f15015ffe824e569d7d5a/element/f.696EFCE712E801319DC54DDC19215679.d.344EBD8E64A3E2D816A174E1160FD40B.e.1465/click - {}
RESULT: {}
COMMAND: POST /session/06820c29678f15015ffe824e569d7d5a/element - {"using":"xpath","value":"//span[contains(text(), \"Argentina\")]"}
COMMAND: GET /session/06820c29678f15015ffe824e569d7d5a/screenshot - {}
RESULT: {"using":"xpath","value":"//span[contains(text(), \"Argentina\")]"}
COMMAND: POST /session/06820c29678f15015ffe824e569d7d5a/element/f.696EFCE712E801319DC54DDC19215679.d.344EBD8E64A3E2D816A174E1160FD40B.e.1481/click - {}
RESULT: {}
RESULT: {}
COMMAND: GET /session/06820c29678f15015ffe824e569d7d5a/screenshot - {}
RESULT: {}
COMMAND: POST /session/06820c29678f15015ffe824e569d7d5a/element - {"using":"xpath","value":"//bdi[contains(text(), \"Commercial\")]"}
RESULT: {"using":"xpath","value":"//bdi[contains(text(), \"Commercial\")]"}
COMMAND: POST /session/06820c29678f15015ffe824e569d7d5a/element/f.696EFCE712E801319DC54DDC19215679.d.344EBD8E64A3E2D816A174E1160FD40B.e.1482/click - {}
RESULT: {}
COMMAND: GET /session/06820c29678f15015ffe824e569d7d5a/screenshot - {}
RESULT: {}
COMMAND: POST /session/06820c29678f15015ffe824e569d7d5a/execute/async - {"script":"<script> [1562 bytes]","args":[{"selector":{"id":"application-managepartners-display-component---NewPartner--partnerDetailInternal-arrow"},"wdio_ui5_key":"applicationmanagepartners-display-component---NewPartner--partnerDetailInternal-arrow"}]}
RESULT: {"script":"<script> [1562 bytes]","args":[{"selector":{"id":"application-managepartners-display-component---NewPartner--partnerDetailInternal-arrow"},"wdio_ui5_key":"applicationmanagepartners-display-component---NewPartner--partnerDetailInternal-arrow"}]}
RESULT: undefined
COMMAND: POST /session/06820c29678f15015ffe824e569d7d5a/element - {"using":"xpath","value":"//*[@id=\"application-managepartners-display-component---NewPartner--partnerDetailInternal-arrow\"]"}
RESULT: {"using":"xpath","value":"//*[@id=\"application-managepartners-display-component---NewPartner--partnerDetailInternal-arrow\"]"}
COMMAND: POST /session/06820c29678f15015ffe824e569d7d5a/element/f.696EFCE712E801319DC54DDC19215679.d.344EBD8E64A3E2D816A174E1160FD40B.e.1488/click - {}
RESULT: {}
COMMAND: POST /session/06820c29678f15015ffe824e569d7d5a/element - {"using":"xpath","value":"//span[contains(text(), \"External partner\")]"}
COMMAND: GET /session/06820c29678f15015ffe824e569d7d5a/screenshot - {}
RESULT: {"using":"xpath","value":"//span[contains(text(), \"External partner\")]"}
COMMAND: POST /session/06820c29678f15015ffe824e569d7d5a/element/f.696EFCE712E801319DC54DDC19215679.d.344EBD8E64A3E2D816A174E1160FD40B.e.1489/click - {}
RESULT: {}
RESULT: {}
COMMAND: POST /session/06820c29678f15015ffe824e569d7d5a/execute/async - {"script":"<script> [1562 bytes]","args":[{"selector":{"id":"application-managepartners-display-component---NewPartner--partnerDetailsCurrency-arrow"},"wdio_ui5_key":"applicationmanagepartners-display-component---NewPartner--partnerDetailsCurrency-arrow"}]}
COMMAND: GET /session/06820c29678f15015ffe824e569d7d5a/screenshot - {}
RESULT: {"script":"<script> [1562 bytes]","args":[{"selector":{"id":"application-managepartners-display-component---NewPartner--partnerDetailsCurrency-arrow"},"wdio_ui5_key":"applicationmanagepartners-display-component---NewPartner--partnerDetailsCurrency-arrow"}]}
RESULT: undefined
COMMAND: POST /session/06820c29678f15015ffe824e569d7d5a/element - {"using":"xpath","value":"//*[@id=\"application-managepartners-display-component---NewPartner--partnerDetailsCurrency-arrow\"]"}
RESULT: {}
RESULT: {"using":"xpath","value":"//*[@id=\"application-managepartners-display-component---NewPartner--partnerDetailsCurrency-arrow\"]"}
COMMAND: POST /session/06820c29678f15015ffe824e569d7d5a/element/f.696EFCE712E801319DC54DDC19215679.d.344EBD8E64A3E2D816A174E1160FD40B.e.1494/click - {}
RESULT: {}
COMMAND: POST /session/06820c29678f15015ffe824e569d7d5a/element - {"using":"xpath","value":"//span[contains(text(), \"US Dollar\")]"}
COMMAND: GET /session/06820c29678f15015ffe824e569d7d5a/screenshot - {}
RESULT: {"using":"xpath","value":"//span[contains(text(), \"US Dollar\")]"}
COMMAND: POST /session/06820c29678f15015ffe824e569d7d5a/element/f.696EFCE712E801319DC54DDC19215679.d.344EBD8E64A3E2D816A174E1160FD40B.e.1495/click - {}
RESULT: {}
RESULT: {}
COMMAND: GET /session/06820c29678f15015ffe824e569d7d5a/screenshot - {}
RESULT: {}
COMMAND: POST /session/06820c29678f15015ffe824e569d7d5a/element - {"using":"xpath","value":"//input[@id=\"application-managepartners-display-component---NewPartner--companyCodeComboBox-inner\"]"}
RESULT: {"using":"xpath","value":"//input[@id=\"application-managepartners-display-component---NewPartner--companyCodeComboBox-inner\"]"}
COMMAND: POST /session/06820c29678f15015ffe824e569d7d5a/element/f.696EFCE712E801319DC54DDC19215679.d.344EBD8E64A3E2D816A174E1160FD40B.e.1299/clear - {}
RESULT: {}
COMMAND: POST /session/06820c29678f15015ffe824e569d7d5a/element/f.696EFCE712E801319DC54DDC19215679.d.344EBD8E64A3E2D816A174E1160FD40B.e.1299/value - {"text":"C002"}
COMMAND: GET /session/06820c29678f15015ffe824e569d7d5a/screenshot - {}
RESULT: {"text":"C002"}
COMMAND: GET /session/06820c29678f15015ffe824e569d7d5a/screenshot - {}
RESULT: {}
RESULT: {}
COMMAND: POST /session/06820c29678f15015ffe824e569d7d5a/element - {"using":"xpath","value":"//li[.//span[text()= \"C002\"]]"}
RESULT: {"using":"xpath","value":"//li[.//span[text()= \"C002\"]]"}
COMMAND: POST /session/06820c29678f15015ffe824e569d7d5a/element/f.696EFCE712E801319DC54DDC19215679.d.344EBD8E64A3E2D816A174E1160FD40B.e.1499/click - {}
RESULT: {}
COMMAND: GET /session/06820c29678f15015ffe824e569d7d5a/screenshot - {}
RESULT: {}
COMMAND: POST /session/06820c29678f15015ffe824e569d7d5a/execute/async - {"script":"<script> [1562 bytes]","args":[{"selector":{"id":"application-managepartners-display-component---NewPartner--btnAddTableRow-img"},"wdio_ui5_key":"applicationmanagepartners-display-component---NewPartner--btnAddTableRow-img"}]}
RESULT: {"script":"<script> [1562 bytes]","args":[{"selector":{"id":"application-managepartners-display-component---NewPartner--btnAddTableRow-img"},"wdio_ui5_key":"applicationmanagepartners-display-component---NewPartner--btnAddTableRow-img"}]}
RESULT: undefined
COMMAND: POST /session/06820c29678f15015ffe824e569d7d5a/element - {"using":"xpath","value":"//*[@id=\"application-managepartners-display-component---NewPartner--btnAddTableRow-img\"]"}
RESULT: {"using":"xpath","value":"//*[@id=\"application-managepartners-display-component---NewPartner--btnAddTableRow-img\"]"}
COMMAND: POST /session/06820c29678f15015ffe824e569d7d5a/element/f.696EFCE712E801319DC54DDC19215679.d.344EBD8E64A3E2D816A174E1160FD40B.e.1500/click - {}
RESULT: {}
COMMAND: GET /session/06820c29678f15015ffe824e569d7d5a/screenshot - {}
RESULT: {}
COMMAND: POST /session/06820c29678f15015ffe824e569d7d5a/element - {"using":"xpath","value":"//input[@id=\"application-managepartners-display-component---NewPartner--assignmentYard-application-managepartners-display-component---NewPartner--assignmentsTable-0-inner\"]"}
RESULT: {"using":"xpath","value":"//input[@id=\"application-managepartners-display-component---NewPartner--assignmentYard-application-managepartners-display-component---NewPartner--assignmentsTable-0-inner\"]"}
COMMAND: POST /session/06820c29678f15015ffe824e569d7d5a/element/f.696EFCE712E801319DC54DDC19215679.d.344EBD8E64A3E2D816A174E1160FD40B.e.1503/clear - {}
RESULT: {}
COMMAND: POST /session/06820c29678f15015ffe824e569d7d5a/element/f.696EFCE712E801319DC54DDC19215679.d.344EBD8E64A3E2D816A174E1160FD40B.e.1503/value - {"text":"556"}
COMMAND: GET /session/06820c29678f15015ffe824e569d7d5a/screenshot - {}
RESULT: {"text":"556"}
COMMAND: GET /session/06820c29678f15015ffe824e569d7d5a/screenshot - {}
RESULT: {}
RESULT: {}
COMMAND: POST /session/06820c29678f15015ffe824e569d7d5a/element - {"using":"xpath","value":"//li[.//span[text()='556']]"}
RESULT: {"using":"xpath","value":"//li[.//span[text()='556']]"}
COMMAND: POST /session/06820c29678f15015ffe824e569d7d5a/element/f.696EFCE712E801319DC54DDC19215679.d.344EBD8E64A3E2D816A174E1160FD40B.e.1511/click - {}
RESULT: {}
COMMAND: GET /session/06820c29678f15015ffe824e569d7d5a/screenshot - {}
RESULT: {}
COMMAND: POST /session/06820c29678f15015ffe824e569d7d5a/actions - {"actions":[{"id":"action2","type":"key","parameters":{},"actions":[{"type":"keyDown","value":"î€‡"},{"type":"pause","duration":10},{"type":"keyUp","value":"î€‡"}]}]}
RESULT: {"actions":[{"id":"action2","type":"key","parameters":{},"actions":[{"type":"keyDown","value":"î€‡"},{"type":"pause","duration":10},{"type":"keyUp","value":"î€‡"}]}]}
COMMAND: POST /session/06820c29678f15015ffe824e569d7d5a/element - {"using":"xpath","value":"//td[contains(@id, \"assignmentsTable-0-cell2\")]/div/div"}
COMMAND: GET /session/06820c29678f15015ffe824e569d7d5a/screenshot - {}
RESULT: {"using":"xpath","value":"//td[contains(@id, \"assignmentsTable-0-cell2\")]/div/div"}
COMMAND: POST /session/06820c29678f15015ffe824e569d7d5a/element/f.696EFCE712E801319DC54DDC19215679.d.344EBD8E64A3E2D816A174E1160FD40B.e.1514/click - {}
RESULT: {}
RESULT: {}
COMMAND: GET /session/06820c29678f15015ffe824e569d7d5a/screenshot - {}
RESULT: {}
COMMAND: POST /session/06820c29678f15015ffe824e569d7d5a/element - {"using":"xpath","value":"//button[@data-kt=\"saveButton\"]"}
RESULT: {"using":"xpath","value":"//button[@data-kt=\"saveButton\"]"}
COMMAND: POST /session/06820c29678f15015ffe824e569d7d5a/element/f.696EFCE712E801319DC54DDC19215679.d.344EBD8E64A3E2D816A174E1160FD40B.e.1373/click - {}
RESULT: {}
COMMAND: GET /session/06820c29678f15015ffe824e569d7d5a/screenshot - {}
RESULT: {}
COMMAND: POST /session/06820c29678f15015ffe824e569d7d5a/element - {"using":"xpath","value":"//header[contains(@id, 'ObjectPageLayout-headerTitle')]/div[1]/div[2]/div[2]/span[1]"}
RESULT: {"using":"xpath","value":"//header[contains(@id, 'ObjectPageLayout-headerTitle')]/div[1]/div[2]/div[2]/span[1]"}
COMMAND: POST /session/06820c29678f15015ffe824e569d7d5a/elements - {"using":"xpath","value":"//header[contains(@id, 'ObjectPageLayout-headerTitle')]/div[1]/div[2]/div[2]/span[1]"}
RESULT: {"using":"xpath","value":"//header[contains(@id, 'ObjectPageLayout-headerTitle')]/div[1]/div[2]/div[2]/span[1]"}
COMMAND: POST /session/06820c29678f15015ffe824e569d7d5a/execute/sync - {"script":"<script> [56 bytes]","args":[{"element-6066-11e4-a52e-4f735466cecf":"f.696EFCE712E801319DC54DDC19215679.d.344EBD8E64A3E2D816A174E1160FD40B.e.1678","ELEMENT":"f.696EFCE712E801319DC54DDC19215679.d.344EBD8E64A3E2D816A174E1160FD40B.e.1678"}]}
RESULT: {"script":"<script> [56 bytes]","args":[{"element-6066-11e4-a52e-4f735466cecf":"f.696EFCE712E801319DC54DDC19215679.d.344EBD8E64A3E2D816A174E1160FD40B.e.1678","ELEMENT":"f.696EFCE712E801319DC54DDC19215679.d.344EBD8E64A3E2D816A174E1160FD40B.e.1678"}]}
COMMAND: POST /session/06820c29678f15015ffe824e569d7d5a/element - {"using":"css selector","value":"#shell-header-logo"}
COMMAND: GET /session/06820c29678f15015ffe824e569d7d5a/screenshot - {}
RESULT: {"using":"css selector","value":"#shell-header-logo"}
COMMAND: POST /session/06820c29678f15015ffe824e569d7d5a/element/f.696EFCE712E801319DC54DDC19215679.d.344EBD8E64A3E2D816A174E1160FD40B.e.992/click - {}
RESULT: {}
RESULT: {}
COMMAND: GET /session/06820c29678f15015ffe824e569d7d5a/screenshot - {}
RESULT: {}
COMMAND: POST /session/06820c29678f15015ffe824e569d7d5a/execute/sync - {"script":"<script> [299 bytes]","args":[["getModel","getResource"]]}
RESULT: {"script":"<script> [299 bytes]","args":[["getModel","getResource"]]}
]]></system-out>
    </testcase>
    <testcase classname="chrome.136_0_7103_93.windows.Stock_increase_-_with_WHM_US125587" name="Should create a new WHM site" time="108.653">
      <system-out><![CDATA[
COMMAND: GET /session/06820c29678f15015ffe824e569d7d5a/screenshot - {}
COMMAND: POST /session/06820c29678f15015ffe824e569d7d5a/execute/async - {"script":"<script> [1562 bytes]","args":[{"selector":{"controlType":"sap.m.GenericTile","properties":{"header":"Manage Sites"}},"wdio_ui5_key":"sapm.GenericTile{\"header\":\"Manage Sites\"}"}]}
RESULT: {}
RESULT: {"script":"<script> [1562 bytes]","args":[{"selector":{"controlType":"sap.m.GenericTile","properties":{"header":"Manage Sites"}},"wdio_ui5_key":"sapm.GenericTile{\"header\":\"Manage Sites\"}"}]}
RESULT: undefined
COMMAND: POST /session/06820c29678f15015ffe824e569d7d5a/element - {"using":"xpath","value":"//*[@id=\"__tile40\"]"}
RESULT: {"using":"xpath","value":"//*[@id=\"__tile40\"]"}
COMMAND: POST /session/06820c29678f15015ffe824e569d7d5a/element/f.696EFCE712E801319DC54DDC19215679.d.344EBD8E64A3E2D816A174E1160FD40B.e.126/click - {}
RESULT: {}
COMMAND: GET /session/06820c29678f15015ffe824e569d7d5a/screenshot - {}
RESULT: {}
COMMAND: POST /session/06820c29678f15015ffe824e569d7d5a/elements - {"using":"xpath","value":"//span[text()='Error']"}
RESULT: {"using":"xpath","value":"//span[text()='Error']"}
COMMAND: POST /session/06820c29678f15015ffe824e569d7d5a/element - {"using":"xpath","value":"//button[@data-kt=\"addOverflowToolbarButton\"]"}
RESULT: {"using":"xpath","value":"//button[@data-kt=\"addOverflowToolbarButton\"]"}
COMMAND: POST /session/06820c29678f15015ffe824e569d7d5a/elements - {"using":"xpath","value":"//button[@data-kt=\"addOverflowToolbarButton\"]"}
RESULT: {"using":"xpath","value":"//button[@data-kt=\"addOverflowToolbarButton\"]"}
COMMAND: POST /session/06820c29678f15015ffe824e569d7d5a/execute/sync - {"script":"<script> [8489 bytes]","args":[{"element-6066-11e4-a52e-4f735466cecf":"f.696EFCE712E801319DC54DDC19215679.d.344EBD8E64A3E2D816A174E1160FD40B.e.1717","ELEMENT":"f.696EFCE712E801319DC54DDC19215679.d.344EBD8E64A3E2D816A174E1160FD40B.e.1717"}]}
RESULT: {"script":"<script> [8489 bytes]","args":[{"element-6066-11e4-a52e-4f735466cecf":"f.696EFCE712E801319DC54DDC19215679.d.344EBD8E64A3E2D816A174E1160FD40B.e.1717","ELEMENT":"f.696EFCE712E801319DC54DDC19215679.d.344EBD8E64A3E2D816A174E1160FD40B.e.1717"}]}
COMMAND: GET /session/06820c29678f15015ffe824e569d7d5a/element/f.696EFCE712E801319DC54DDC19215679.d.344EBD8E64A3E2D816A174E1160FD40B.e.1717/enabled - {}
COMMAND: GET /session/06820c29678f15015ffe824e569d7d5a/screenshot - {}
RESULT: {}
COMMAND: POST /session/06820c29678f15015ffe824e569d7d5a/execute/sync - {"script":"<script> [8489 bytes]","args":[{"element-6066-11e4-a52e-4f735466cecf":"f.696EFCE712E801319DC54DDC19215679.d.344EBD8E64A3E2D816A174E1160FD40B.e.1717","ELEMENT":"f.696EFCE712E801319DC54DDC19215679.d.344EBD8E64A3E2D816A174E1160FD40B.e.1717"}]}
COMMAND: GET /session/06820c29678f15015ffe824e569d7d5a/screenshot - {}
RESULT: {}
RESULT: {"script":"<script> [8489 bytes]","args":[{"element-6066-11e4-a52e-4f735466cecf":"f.696EFCE712E801319DC54DDC19215679.d.344EBD8E64A3E2D816A174E1160FD40B.e.1717","ELEMENT":"f.696EFCE712E801319DC54DDC19215679.d.344EBD8E64A3E2D816A174E1160FD40B.e.1717"}]}
COMMAND: POST /session/06820c29678f15015ffe824e569d7d5a/execute/sync - {"script":"<script> [5351 bytes]","args":[{"element-6066-11e4-a52e-4f735466cecf":"f.696EFCE712E801319DC54DDC19215679.d.344EBD8E64A3E2D816A174E1160FD40B.e.1717","ELEMENT":"f.696EFCE712E801319DC54DDC19215679.d.344EBD8E64A3E2D816A174E1160FD40B.e.1717"}]}
COMMAND: GET /session/06820c29678f15015ffe824e569d7d5a/screenshot - {}
RESULT: {}
RESULT: {"script":"<script> [5351 bytes]","args":[{"element-6066-11e4-a52e-4f735466cecf":"f.696EFCE712E801319DC54DDC19215679.d.344EBD8E64A3E2D816A174E1160FD40B.e.1717","ELEMENT":"f.696EFCE712E801319DC54DDC19215679.d.344EBD8E64A3E2D816A174E1160FD40B.e.1717"}]}
COMMAND: POST /session/06820c29678f15015ffe824e569d7d5a/element/f.696EFCE712E801319DC54DDC19215679.d.344EBD8E64A3E2D816A174E1160FD40B.e.1717/click - {}
COMMAND: GET /session/06820c29678f15015ffe824e569d7d5a/screenshot - {}
RESULT: {}
RESULT: {}
COMMAND: GET /session/06820c29678f15015ffe824e569d7d5a/screenshot - {}
COMMAND: POST /session/06820c29678f15015ffe824e569d7d5a/element - {"using":"xpath","value":"//input[@id=\"application-managesites-display-component---NewSite--siteId-inner\"]"}
RESULT: {}
RESULT: {}
RESULT: {"using":"xpath","value":"//input[@id=\"application-managesites-display-component---NewSite--siteId-inner\"]"}
COMMAND: POST /session/06820c29678f15015ffe824e569d7d5a/element - {"using":"xpath","value":"//input[@id=\"application-managesites-display-component---NewSite--siteId-inner\"]"}
RESULT: {"using":"xpath","value":"//input[@id=\"application-managesites-display-component---NewSite--siteId-inner\"]"}
COMMAND: POST /session/06820c29678f15015ffe824e569d7d5a/execute/async - {"script":"<script> [1562 bytes]","args":[{"selector":{"id":"application-managesites-display-component---NewSite--addressDetailDetailsName1","interaction":{"idSuffix":"inner"}},"wdio_ui5_key":"applicationmanagesites-display-component---NewSite--addressDetailDetailsName1"}]}
RESULT: {"script":"<script> [1562 bytes]","args":[{"selector":{"id":"application-managesites-display-component---NewSite--addressDetailDetailsName1","interaction":{"idSuffix":"inner"}},"wdio_ui5_key":"applicationmanagesites-display-component---NewSite--addressDetailDetailsName1"}]}
RESULT: undefined
COMMAND: POST /session/06820c29678f15015ffe824e569d7d5a/execute/async - {"script":"<script> [776 bytes]","args":[{"enterText":"Warehouse Managed Site WDIO","selector":{"id":"application-managesites-display-component---NewSite--addressDetailDetailsName1","interaction":{"idSuffix":"inner"}},"clearTextFirst":true,"interactionType":"ENTER_TEXT"}]}
RESULT: {"script":"<script> [776 bytes]","args":[{"enterText":"Warehouse Managed Site WDIO","selector":{"id":"application-managesites-display-component---NewSite--addressDetailDetailsName1","interaction":{"idSuffix":"inner"}},"clearTextFirst":true,"interactionType":"ENTER_TEXT"}]}
COMMAND: POST /session/06820c29678f15015ffe824e569d7d5a/execute/async - {"script":"<script> [1562 bytes]","args":[{"selector":{"id":"application-managesites-display-component---NewSite--addressDetailDetailsLanguage-arrow"},"wdio_ui5_key":"applicationmanagesites-display-component---NewSite--addressDetailDetailsLanguage-arrow"}]}
RESULT: {"script":"<script> [1562 bytes]","args":[{"selector":{"id":"application-managesites-display-component---NewSite--addressDetailDetailsLanguage-arrow"},"wdio_ui5_key":"applicationmanagesites-display-component---NewSite--addressDetailDetailsLanguage-arrow"}]}
RESULT: undefined
COMMAND: POST /session/06820c29678f15015ffe824e569d7d5a/element - {"using":"xpath","value":"//*[@id=\"application-managesites-display-component---NewSite--addressDetailDetailsLanguage-arrow\"]"}
RESULT: {"using":"xpath","value":"//*[@id=\"application-managesites-display-component---NewSite--addressDetailDetailsLanguage-arrow\"]"}
COMMAND: POST /session/06820c29678f15015ffe824e569d7d5a/element/f.696EFCE712E801319DC54DDC19215679.d.344EBD8E64A3E2D816A174E1160FD40B.e.2351/click - {}
RESULT: {}
COMMAND: POST /session/06820c29678f15015ffe824e569d7d5a/element - {"using":"xpath","value":"//span[contains(text(), \"English\")]"}
COMMAND: GET /session/06820c29678f15015ffe824e569d7d5a/screenshot - {}
RESULT: {"using":"xpath","value":"//span[contains(text(), \"English\")]"}
COMMAND: POST /session/06820c29678f15015ffe824e569d7d5a/element/f.696EFCE712E801319DC54DDC19215679.d.344EBD8E64A3E2D816A174E1160FD40B.e.2352/click - {}
RESULT: {}
RESULT: {}
COMMAND: POST /session/06820c29678f15015ffe824e569d7d5a/execute/async - {"script":"<script> [1562 bytes]","args":[{"selector":{"id":"application-managesites-display-component---NewSite--addressDetailDetailsCity1","interaction":{"idSuffix":"inner"}},"wdio_ui5_key":"applicationmanagesites-display-component---NewSite--addressDetailDetailsCity1"}]}
COMMAND: GET /session/06820c29678f15015ffe824e569d7d5a/screenshot - {}
RESULT: {"script":"<script> [1562 bytes]","args":[{"selector":{"id":"application-managesites-display-component---NewSite--addressDetailDetailsCity1","interaction":{"idSuffix":"inner"}},"wdio_ui5_key":"applicationmanagesites-display-component---NewSite--addressDetailDetailsCity1"}]}
RESULT: undefined
COMMAND: POST /session/06820c29678f15015ffe824e569d7d5a/execute/async - {"script":"<script> [776 bytes]","args":[{"enterText":"Rosario","selector":{"id":"application-managesites-display-component---NewSite--addressDetailDetailsCity1","interaction":{"idSuffix":"inner"}},"clearTextFirst":true,"interactionType":"ENTER_TEXT"}]}
RESULT: {}
RESULT: {"script":"<script> [776 bytes]","args":[{"enterText":"Rosario","selector":{"id":"application-managesites-display-component---NewSite--addressDetailDetailsCity1","interaction":{"idSuffix":"inner"}},"clearTextFirst":true,"interactionType":"ENTER_TEXT"}]}
COMMAND: POST /session/06820c29678f15015ffe824e569d7d5a/execute/async - {"script":"<script> [1562 bytes]","args":[{"selector":{"id":"application-managesites-display-component---NewSite--addressDetailDetailsCountry-arrow"},"wdio_ui5_key":"applicationmanagesites-display-component---NewSite--addressDetailDetailsCountry-arrow"}]}
RESULT: {"script":"<script> [1562 bytes]","args":[{"selector":{"id":"application-managesites-display-component---NewSite--addressDetailDetailsCountry-arrow"},"wdio_ui5_key":"applicationmanagesites-display-component---NewSite--addressDetailDetailsCountry-arrow"}]}
RESULT: undefined
COMMAND: POST /session/06820c29678f15015ffe824e569d7d5a/element - {"using":"xpath","value":"//*[@id=\"application-managesites-display-component---NewSite--addressDetailDetailsCountry-arrow\"]"}
RESULT: {"using":"xpath","value":"//*[@id=\"application-managesites-display-component---NewSite--addressDetailDetailsCountry-arrow\"]"}
COMMAND: POST /session/06820c29678f15015ffe824e569d7d5a/element/f.696EFCE712E801319DC54DDC19215679.d.344EBD8E64A3E2D816A174E1160FD40B.e.2354/click - {}
RESULT: {}
COMMAND: POST /session/06820c29678f15015ffe824e569d7d5a/element - {"using":"xpath","value":"//span[contains(text(), \"Argentina\")]"}
COMMAND: GET /session/06820c29678f15015ffe824e569d7d5a/screenshot - {}
RESULT: {"using":"xpath","value":"//span[contains(text(), \"Argentina\")]"}
COMMAND: POST /session/06820c29678f15015ffe824e569d7d5a/element/f.696EFCE712E801319DC54DDC19215679.d.344EBD8E64A3E2D816A174E1160FD40B.e.2355/click - {}
RESULT: {}
RESULT: {}
COMMAND: GET /session/06820c29678f15015ffe824e569d7d5a/screenshot - {}
RESULT: {}
COMMAND: POST /session/06820c29678f15015ffe824e569d7d5a/execute/async - {"script":"<script> [1562 bytes]","args":[{"selector":{"id":"application-managesites-display-component---NewSite--addressEditDetailsCostObjectCstType-arrow"},"wdio_ui5_key":"applicationmanagesites-display-component---NewSite--addressEditDetailsCostObjectCstType-arrow"}]}
RESULT: {"script":"<script> [1562 bytes]","args":[{"selector":{"id":"application-managesites-display-component---NewSite--addressEditDetailsCostObjectCstType-arrow"},"wdio_ui5_key":"applicationmanagesites-display-component---NewSite--addressEditDetailsCostObjectCstType-arrow"}]}
RESULT: undefined
COMMAND: POST /session/06820c29678f15015ffe824e569d7d5a/element - {"using":"xpath","value":"//*[@id=\"application-managesites-display-component---NewSite--addressEditDetailsCostObjectCstType-arrow\"]"}
RESULT: {"using":"xpath","value":"//*[@id=\"application-managesites-display-component---NewSite--addressEditDetailsCostObjectCstType-arrow\"]"}
COMMAND: POST /session/06820c29678f15015ffe824e569d7d5a/element/f.696EFCE712E801319DC54DDC19215679.d.344EBD8E64A3E2D816A174E1160FD40B.e.2357/click - {}
RESULT: {}
COMMAND: POST /session/06820c29678f15015ffe824e569d7d5a/element - {"using":"xpath","value":"//span[contains(text(), \"Cost Center\")]"}
COMMAND: GET /session/06820c29678f15015ffe824e569d7d5a/screenshot - {}
RESULT: {"using":"xpath","value":"//span[contains(text(), \"Cost Center\")]"}
COMMAND: POST /session/06820c29678f15015ffe824e569d7d5a/element/f.696EFCE712E801319DC54DDC19215679.d.344EBD8E64A3E2D816A174E1160FD40B.e.2359/click - {}
RESULT: {}
RESULT: {}
COMMAND: GET /session/06820c29678f15015ffe824e569d7d5a/screenshot - {}
RESULT: {}
COMMAND: POST /session/06820c29678f15015ffe824e569d7d5a/element - {"using":"xpath","value":"//span[@id=\"application-managesites-display-component---NewSite--addressNewCostObjectCstID-vhi\"]"}
RESULT: {"using":"xpath","value":"//span[@id=\"application-managesites-display-component---NewSite--addressNewCostObjectCstID-vhi\"]"}
COMMAND: POST /session/06820c29678f15015ffe824e569d7d5a/execute/sync - {"script":"<script> [8489 bytes]","args":[{"element-6066-11e4-a52e-4f735466cecf":"f.696EFCE712E801319DC54DDC19215679.d.344EBD8E64A3E2D816A174E1160FD40B.e.2363","ELEMENT":"f.696EFCE712E801319DC54DDC19215679.d.344EBD8E64A3E2D816A174E1160FD40B.e.2363"}]}
RESULT: {"script":"<script> [8489 bytes]","args":[{"element-6066-11e4-a52e-4f735466cecf":"f.696EFCE712E801319DC54DDC19215679.d.344EBD8E64A3E2D816A174E1160FD40B.e.2363","ELEMENT":"f.696EFCE712E801319DC54DDC19215679.d.344EBD8E64A3E2D816A174E1160FD40B.e.2363"}]}
COMMAND: POST /session/06820c29678f15015ffe824e569d7d5a/execute/async - {"script":"<script> [1562 bytes]","args":[{"selector":{"id":"application-managesites-display-component---NewSite--addressNewCostObjectCstID-vhi"},"wdio_ui5_key":"applicationmanagesites-display-component---NewSite--addressNewCostObjectCstID-vhi"}]}
COMMAND: GET /session/06820c29678f15015ffe824e569d7d5a/screenshot - {}
RESULT: {"script":"<script> [1562 bytes]","args":[{"selector":{"id":"application-managesites-display-component---NewSite--addressNewCostObjectCstID-vhi"},"wdio_ui5_key":"applicationmanagesites-display-component---NewSite--addressNewCostObjectCstID-vhi"}]}
RESULT: undefined
COMMAND: POST /session/06820c29678f15015ffe824e569d7d5a/element - {"using":"xpath","value":"//*[@id=\"application-managesites-display-component---NewSite--addressNewCostObjectCstID-vhi\"]"}
RESULT: {}
RESULT: {"using":"xpath","value":"//*[@id=\"application-managesites-display-component---NewSite--addressNewCostObjectCstID-vhi\"]"}
COMMAND: POST /session/06820c29678f15015ffe824e569d7d5a/element/f.696EFCE712E801319DC54DDC19215679.d.344EBD8E64A3E2D816A174E1160FD40B.e.2363/click - {}
RESULT: {}
COMMAND: GET /session/06820c29678f15015ffe824e569d7d5a/screenshot - {}
RESULT: {}
RESULT: undefined
COMMAND: POST /session/06820c29678f15015ffe824e569d7d5a/execute/async - {"script":"<script> [776 bytes]","args":[{"enterText":"10001013","selector":{"controlType":"sap.m.SearchField","properties":{"placeholder":"Search"},"searchOpenDialogs":true,"interaction":{"idSuffix":"I"}},"clearTextFirst":true,"interactionType":"ENTER_TEXT"}]}
RESULT: {"script":"<script> [776 bytes]","args":[{"enterText":"10001013","selector":{"controlType":"sap.m.SearchField","properties":{"placeholder":"Search"},"searchOpenDialogs":true,"interaction":{"idSuffix":"I"}},"clearTextFirst":true,"interactionType":"ENTER_TEXT"}]}
COMMAND: POST /session/06820c29678f15015ffe824e569d7d5a/actions - {"actions":[{"id":"action3","type":"key","parameters":{},"actions":[{"type":"keyDown","value":"î€‡"},{"type":"pause","duration":10},{"type":"keyUp","value":"î€‡"}]}]}
RESULT: {"actions":[{"id":"action3","type":"key","parameters":{},"actions":[{"type":"keyDown","value":"î€‡"},{"type":"pause","duration":10},{"type":"keyUp","value":"î€‡"}]}]}
COMMAND: GET /session/06820c29678f15015ffe824e569d7d5a/screenshot - {}
RESULT: {}
COMMAND: POST /session/06820c29678f15015ffe824e569d7d5a/element - {"using":"xpath","value":"//span[contains(text(), \"General Management\")]"}
RESULT: {"using":"xpath","value":"//span[contains(text(), \"General Management\")]"}
COMMAND: POST /session/06820c29678f15015ffe824e569d7d5a/element/f.696EFCE712E801319DC54DDC19215679.d.344EBD8E64A3E2D816A174E1160FD40B.e.2402/click - {}
RESULT: {}
COMMAND: GET /session/06820c29678f15015ffe824e569d7d5a/screenshot - {}
RESULT: {}
COMMAND: POST /session/06820c29678f15015ffe824e569d7d5a/element - {"using":"xpath","value":"//bdi[contains(text(), \"OK\")]"}
RESULT: {"using":"xpath","value":"//bdi[contains(text(), \"OK\")]"}
COMMAND: POST /session/06820c29678f15015ffe824e569d7d5a/element/f.696EFCE712E801319DC54DDC19215679.d.344EBD8E64A3E2D816A174E1160FD40B.e.2403/click - {}
RESULT: {}
COMMAND: GET /session/06820c29678f15015ffe824e569d7d5a/screenshot - {}
RESULT: {}
COMMAND: POST /session/06820c29678f15015ffe824e569d7d5a/element - {"using":"xpath","value":"//input[@id=\"application-managesites-display-component---NewSite--addressDetailDetailsCalendar-inner\"]"}
RESULT: {"using":"xpath","value":"//input[@id=\"application-managesites-display-component---NewSite--addressDetailDetailsCalendar-inner\"]"}
COMMAND: POST /session/06820c29678f15015ffe824e569d7d5a/element/f.696EFCE712E801319DC54DDC19215679.d.344EBD8E64A3E2D816A174E1160FD40B.e.2152/clear - {}
RESULT: {}
COMMAND: POST /session/06820c29678f15015ffe824e569d7d5a/element/f.696EFCE712E801319DC54DDC19215679.d.344EBD8E64A3E2D816A174E1160FD40B.e.2152/value - {"text":"Unit"}
COMMAND: GET /session/06820c29678f15015ffe824e569d7d5a/screenshot - {}
RESULT: {}
RESULT: {"text":"Unit"}
COMMAND: GET /session/06820c29678f15015ffe824e569d7d5a/screenshot - {}
RESULT: {}
COMMAND: POST /session/06820c29678f15015ffe824e569d7d5a/actions - {"actions":[{"id":"action4","type":"key","parameters":{},"actions":[{"type":"keyDown","value":"î€‡"},{"type":"pause","duration":10},{"type":"keyUp","value":"î€‡"}]}]}
RESULT: {"actions":[{"id":"action4","type":"key","parameters":{},"actions":[{"type":"keyDown","value":"î€‡"},{"type":"pause","duration":10},{"type":"keyUp","value":"î€‡"}]}]}
COMMAND: POST /session/06820c29678f15015ffe824e569d7d5a/element - {"using":"xpath","value":"//input[@id=\"application-managesites-display-component---NewSite--addressDetailDetailsYard-inner\"]"}
COMMAND: GET /session/06820c29678f15015ffe824e569d7d5a/screenshot - {}
RESULT: {"using":"xpath","value":"//input[@id=\"application-managesites-display-component---NewSite--addressDetailDetailsYard-inner\"]"}
COMMAND: POST /session/06820c29678f15015ffe824e569d7d5a/element/f.696EFCE712E801319DC54DDC19215679.d.344EBD8E64A3E2D816A174E1160FD40B.e.2153/clear - {}
RESULT: {}
RESULT: {}
COMMAND: POST /session/06820c29678f15015ffe824e569d7d5a/element/f.696EFCE712E801319DC54DDC19215679.d.344EBD8E64A3E2D816A174E1160FD40B.e.2153/value - {"text":"556"}
COMMAND: GET /session/06820c29678f15015ffe824e569d7d5a/screenshot - {}
RESULT: {"text":"556"}
COMMAND: GET /session/06820c29678f15015ffe824e569d7d5a/screenshot - {}
RESULT: {}
RESULT: {}
COMMAND: POST /session/06820c29678f15015ffe824e569d7d5a/element - {"using":"xpath","value":"//li[.//span[text()='556']]"}
RESULT: {"using":"xpath","value":"//li[.//span[text()='556']]"}
COMMAND: POST /session/06820c29678f15015ffe824e569d7d5a/element/f.696EFCE712E801319DC54DDC19215679.d.344EBD8E64A3E2D816A174E1160FD40B.e.2411/click - {}
RESULT: {}
COMMAND: GET /session/06820c29678f15015ffe824e569d7d5a/screenshot - {}
RESULT: {}
COMMAND: POST /session/06820c29678f15015ffe824e569d7d5a/element - {"using":"xpath","value":"//input[@id=\"application-managesites-display-component---NewSite--addressDetailDetailsPartner-inner\"]"}
RESULT: {"using":"xpath","value":"//input[@id=\"application-managesites-display-component---NewSite--addressDetailDetailsPartner-inner\"]"}
COMMAND: POST /session/06820c29678f15015ffe824e569d7d5a/element - {"using":"xpath","value":"//input[@id=\"application-managesites-display-component---NewSite--addressDetailDetailsPartner-inner\"]"}
RESULT: {"using":"xpath","value":"//input[@id=\"application-managesites-display-component---NewSite--addressDetailDetailsPartner-inner\"]"}
COMMAND: POST /session/06820c29678f15015ffe824e569d7d5a/execute/async - {"script":"<script> [1562 bytes]","args":[{"selector":{"id":"application-managesites-display-component---NewSite--siteWhmCheckBox-label","interaction":{"idSuffix":"bdi"}},"wdio_ui5_key":"applicationmanagesites-display-component---NewSite--siteWhmCheckBox-label"}]}
RESULT: {"script":"<script> [1562 bytes]","args":[{"selector":{"id":"application-managesites-display-component---NewSite--siteWhmCheckBox-label","interaction":{"idSuffix":"bdi"}},"wdio_ui5_key":"applicationmanagesites-display-component---NewSite--siteWhmCheckBox-label"}]}
RESULT: undefined
COMMAND: POST /session/06820c29678f15015ffe824e569d7d5a/element - {"using":"xpath","value":"//*[@id=\"application-managesites-display-component---NewSite--siteWhmCheckBox-label\"]"}
RESULT: {"using":"xpath","value":"//*[@id=\"application-managesites-display-component---NewSite--siteWhmCheckBox-label\"]"}
COMMAND: POST /session/06820c29678f15015ffe824e569d7d5a/element/f.696EFCE712E801319DC54DDC19215679.d.344EBD8E64A3E2D816A174E1160FD40B.e.2413/click - {}
RESULT: {}
COMMAND: GET /session/06820c29678f15015ffe824e569d7d5a/screenshot - {}
RESULT: {}
COMMAND: POST /session/06820c29678f15015ffe824e569d7d5a/element - {"using":"xpath","value":"//button[@data-kt=\"saveButton\"]"}
RESULT: {"using":"xpath","value":"//button[@data-kt=\"saveButton\"]"}
COMMAND: POST /session/06820c29678f15015ffe824e569d7d5a/element/f.696EFCE712E801319DC54DDC19215679.d.344EBD8E64A3E2D816A174E1160FD40B.e.2292/click - {}
RESULT: {}
COMMAND: GET /session/06820c29678f15015ffe824e569d7d5a/screenshot - {}
RESULT: {}
COMMAND: POST /session/06820c29678f15015ffe824e569d7d5a/element - {"using":"xpath","value":"//header[contains(@id, 'ObjectPageLayout-headerTitle')]/div[1]/div[2]/div[2]/span[1]"}
RESULT: {"using":"xpath","value":"//header[contains(@id, 'ObjectPageLayout-headerTitle')]/div[1]/div[2]/div[2]/span[1]"}
COMMAND: POST /session/06820c29678f15015ffe824e569d7d5a/elements - {"using":"xpath","value":"//header[contains(@id, 'ObjectPageLayout-headerTitle')]/div[1]/div[2]/div[2]/span[1]"}
RESULT: {"using":"xpath","value":"//header[contains(@id, 'ObjectPageLayout-headerTitle')]/div[1]/div[2]/div[2]/span[1]"}
COMMAND: POST /session/06820c29678f15015ffe824e569d7d5a/execute/sync - {"script":"<script> [56 bytes]","args":[{"element-6066-11e4-a52e-4f735466cecf":"f.696EFCE712E801319DC54DDC19215679.d.344EBD8E64A3E2D816A174E1160FD40B.e.2617","ELEMENT":"f.696EFCE712E801319DC54DDC19215679.d.344EBD8E64A3E2D816A174E1160FD40B.e.2617"}]}
RESULT: {"script":"<script> [56 bytes]","args":[{"element-6066-11e4-a52e-4f735466cecf":"f.696EFCE712E801319DC54DDC19215679.d.344EBD8E64A3E2D816A174E1160FD40B.e.2617","ELEMENT":"f.696EFCE712E801319DC54DDC19215679.d.344EBD8E64A3E2D816A174E1160FD40B.e.2617"}]}
COMMAND: POST /session/06820c29678f15015ffe824e569d7d5a/element - {"using":"css selector","value":"#shell-header-logo"}
COMMAND: GET /session/06820c29678f15015ffe824e569d7d5a/screenshot - {}
RESULT: {"using":"css selector","value":"#shell-header-logo"}
COMMAND: POST /session/06820c29678f15015ffe824e569d7d5a/element/f.696EFCE712E801319DC54DDC19215679.d.344EBD8E64A3E2D816A174E1160FD40B.e.1683/click - {}
RESULT: {}
RESULT: {}
COMMAND: GET /session/06820c29678f15015ffe824e569d7d5a/screenshot - {}
RESULT: {}
COMMAND: POST /session/06820c29678f15015ffe824e569d7d5a/execute/sync - {"script":"<script> [299 bytes]","args":[["getModel","getResource"]]}
RESULT: {"script":"<script> [299 bytes]","args":[["getModel","getResource"]]}
]]></system-out>
    </testcase>
    <testcase classname="chrome.136_0_7103_93.windows.Stock_increase_-_with_WHM_US125587" name="Should create a new material" time="121.249">
      <system-out><![CDATA[
COMMAND: POST /session/06820c29678f15015ffe824e569d7d5a/execute/async - {"script":"<script> [1562 bytes]","args":[{"selector":{"controlType":"sap.m.GenericTile","properties":{"header":"Manage Resources"}},"wdio_ui5_key":"sapm.GenericTile{\"header\":\"Manage Resources\"}"}]}
COMMAND: GET /session/06820c29678f15015ffe824e569d7d5a/screenshot - {}
RESULT: {"script":"<script> [1562 bytes]","args":[{"selector":{"controlType":"sap.m.GenericTile","properties":{"header":"Manage Resources"}},"wdio_ui5_key":"sapm.GenericTile{\"header\":\"Manage Resources\"}"}]}
RESULT: undefined
COMMAND: POST /session/06820c29678f15015ffe824e569d7d5a/element - {"using":"xpath","value":"//*[@id=\"__tile39\"]"}
RESULT: {}
RESULT: {"using":"xpath","value":"//*[@id=\"__tile39\"]"}
COMMAND: POST /session/06820c29678f15015ffe824e569d7d5a/element/f.696EFCE712E801319DC54DDC19215679.d.344EBD8E64A3E2D816A174E1160FD40B.e.123/click - {}
RESULT: {}
COMMAND: GET /session/06820c29678f15015ffe824e569d7d5a/screenshot - {}
RESULT: {}
COMMAND: POST /session/06820c29678f15015ffe824e569d7d5a/elements - {"using":"xpath","value":"//span[text()='Error']"}
RESULT: {"using":"xpath","value":"//span[text()='Error']"}
COMMAND: POST /session/06820c29678f15015ffe824e569d7d5a/element - {"using":"xpath","value":"//button[@data-kt=\"addNewRUOverflowToolbarButton\"]"}
RESULT: {"using":"xpath","value":"//button[@data-kt=\"addNewRUOverflowToolbarButton\"]"}
COMMAND: POST /session/06820c29678f15015ffe824e569d7d5a/elements - {"using":"xpath","value":"//button[@data-kt=\"addNewRUOverflowToolbarButton\"]"}
RESULT: {"using":"xpath","value":"//button[@data-kt=\"addNewRUOverflowToolbarButton\"]"}
COMMAND: POST /session/06820c29678f15015ffe824e569d7d5a/elements - {"using":"xpath","value":"//button[@data-kt=\"addNewRUOverflowToolbarButton\"]"}
RESULT: {"using":"xpath","value":"//button[@data-kt=\"addNewRUOverflowToolbarButton\"]"}
COMMAND: POST /session/06820c29678f15015ffe824e569d7d5a/elements - {"using":"xpath","value":"//button[@data-kt=\"addNewRUOverflowToolbarButton\"]"}
RESULT: {"using":"xpath","value":"//button[@data-kt=\"addNewRUOverflowToolbarButton\"]"}
COMMAND: POST /session/06820c29678f15015ffe824e569d7d5a/elements - {"using":"xpath","value":"//button[@data-kt=\"addNewRUOverflowToolbarButton\"]"}
RESULT: {"using":"xpath","value":"//button[@data-kt=\"addNewRUOverflowToolbarButton\"]"}
COMMAND: POST /session/06820c29678f15015ffe824e569d7d5a/element - {"using":"xpath","value":"//button[@data-kt=\"addNewRUOverflowToolbarButton\"]"}
RESULT: {"using":"xpath","value":"//button[@data-kt=\"addNewRUOverflowToolbarButton\"]"}
COMMAND: POST /session/06820c29678f15015ffe824e569d7d5a/execute/sync - {"script":"<script> [8489 bytes]","args":[{"element-6066-11e4-a52e-4f735466cecf":"f.696EFCE712E801319DC54DDC19215679.d.344EBD8E64A3E2D816A174E1160FD40B.e.2661","ELEMENT":"f.696EFCE712E801319DC54DDC19215679.d.344EBD8E64A3E2D816A174E1160FD40B.e.2661"}]}
RESULT: {"script":"<script> [8489 bytes]","args":[{"element-6066-11e4-a52e-4f735466cecf":"f.696EFCE712E801319DC54DDC19215679.d.344EBD8E64A3E2D816A174E1160FD40B.e.2661","ELEMENT":"f.696EFCE712E801319DC54DDC19215679.d.344EBD8E64A3E2D816A174E1160FD40B.e.2661"}]}
COMMAND: GET /session/06820c29678f15015ffe824e569d7d5a/element/f.696EFCE712E801319DC54DDC19215679.d.344EBD8E64A3E2D816A174E1160FD40B.e.2661/enabled - {}
COMMAND: GET /session/06820c29678f15015ffe824e569d7d5a/screenshot - {}
RESULT: {}
COMMAND: POST /session/06820c29678f15015ffe824e569d7d5a/execute/sync - {"script":"<script> [8489 bytes]","args":[{"element-6066-11e4-a52e-4f735466cecf":"f.696EFCE712E801319DC54DDC19215679.d.344EBD8E64A3E2D816A174E1160FD40B.e.2661","ELEMENT":"f.696EFCE712E801319DC54DDC19215679.d.344EBD8E64A3E2D816A174E1160FD40B.e.2661"}]}
COMMAND: GET /session/06820c29678f15015ffe824e569d7d5a/screenshot - {}
RESULT: {}
RESULT: {"script":"<script> [8489 bytes]","args":[{"element-6066-11e4-a52e-4f735466cecf":"f.696EFCE712E801319DC54DDC19215679.d.344EBD8E64A3E2D816A174E1160FD40B.e.2661","ELEMENT":"f.696EFCE712E801319DC54DDC19215679.d.344EBD8E64A3E2D816A174E1160FD40B.e.2661"}]}
COMMAND: POST /session/06820c29678f15015ffe824e569d7d5a/execute/sync - {"script":"<script> [5351 bytes]","args":[{"element-6066-11e4-a52e-4f735466cecf":"f.696EFCE712E801319DC54DDC19215679.d.344EBD8E64A3E2D816A174E1160FD40B.e.2661","ELEMENT":"f.696EFCE712E801319DC54DDC19215679.d.344EBD8E64A3E2D816A174E1160FD40B.e.2661"}]}
COMMAND: GET /session/06820c29678f15015ffe824e569d7d5a/screenshot - {}
RESULT: {}
RESULT: {}
RESULT: {"script":"<script> [5351 bytes]","args":[{"element-6066-11e4-a52e-4f735466cecf":"f.696EFCE712E801319DC54DDC19215679.d.344EBD8E64A3E2D816A174E1160FD40B.e.2661","ELEMENT":"f.696EFCE712E801319DC54DDC19215679.d.344EBD8E64A3E2D816A174E1160FD40B.e.2661"}]}
COMMAND: POST /session/06820c29678f15015ffe824e569d7d5a/element/f.696EFCE712E801319DC54DDC19215679.d.344EBD8E64A3E2D816A174E1160FD40B.e.2661/click - {}
COMMAND: GET /session/06820c29678f15015ffe824e569d7d5a/screenshot - {}
RESULT: {}
COMMAND: GET /session/06820c29678f15015ffe824e569d7d5a/screenshot - {}
RESULT: {}
RESULT: {}
COMMAND: POST /session/06820c29678f15015ffe824e569d7d5a/execute/async - {"script":"<script> [1562 bytes]","args":[{"selector":{"id":"application-manageresources-display-component---newResourceUnit--TYPE-arrow"},"wdio_ui5_key":"applicationmanageresources-display-component---newResourceUnit--TYPE-arrow"}]}
RESULT: {"script":"<script> [1562 bytes]","args":[{"selector":{"id":"application-manageresources-display-component---newResourceUnit--TYPE-arrow"},"wdio_ui5_key":"applicationmanageresources-display-component---newResourceUnit--TYPE-arrow"}]}
RESULT: undefined
COMMAND: POST /session/06820c29678f15015ffe824e569d7d5a/element - {"using":"xpath","value":"//*[@id=\"application-manageresources-display-component---newResourceUnit--TYPE-arrow\"]"}
RESULT: {"using":"xpath","value":"//*[@id=\"application-manageresources-display-component---newResourceUnit--TYPE-arrow\"]"}
COMMAND: POST /session/06820c29678f15015ffe824e569d7d5a/element/f.696EFCE712E801319DC54DDC19215679.d.344EBD8E64A3E2D816A174E1160FD40B.e.3010/click - {}
RESULT: {}
COMMAND: POST /session/06820c29678f15015ffe824e569d7d5a/element - {"using":"xpath","value":"//input[@id=\"application-manageresources-display-component---newResourceUnit--TYPE-inner\"]"}
COMMAND: GET /session/06820c29678f15015ffe824e569d7d5a/screenshot - {}
RESULT: {"using":"xpath","value":"//input[@id=\"application-manageresources-display-component---newResourceUnit--TYPE-inner\"]"}
COMMAND: POST /session/06820c29678f15015ffe824e569d7d5a/element/f.696EFCE712E801319DC54DDC19215679.d.344EBD8E64A3E2D816A174E1160FD40B.e.3002/clear - {}
RESULT: {}
RESULT: {}
COMMAND: POST /session/06820c29678f15015ffe824e569d7d5a/element/f.696EFCE712E801319DC54DDC19215679.d.344EBD8E64A3E2D816A174E1160FD40B.e.3002/value - {"text":"Material"}
COMMAND: GET /session/06820c29678f15015ffe824e569d7d5a/screenshot - {}
RESULT: {"text":"Material"}
COMMAND: GET /session/06820c29678f15015ffe824e569d7d5a/screenshot - {}
RESULT: {}
RESULT: {}
COMMAND: POST /session/06820c29678f15015ffe824e569d7d5a/actions - {"actions":[{"id":"action5","type":"key","parameters":{},"actions":[{"type":"keyDown","value":"î€‡"},{"type":"pause","duration":10},{"type":"keyUp","value":"î€‡"}]}]}
RESULT: {"actions":[{"id":"action5","type":"key","parameters":{},"actions":[{"type":"keyDown","value":"î€‡"},{"type":"pause","duration":10},{"type":"keyUp","value":"î€‡"}]}]}
COMMAND: POST /session/06820c29678f15015ffe824e569d7d5a/execute/async - {"script":"<script> [1562 bytes]","args":[{"selector":{"id":"application-manageresources-display-component---newResourceUnit--SHORT_TEXT","interaction":{"idSuffix":"inner"}},"wdio_ui5_key":"applicationmanageresources-display-component---newResourceUnit--SHORT_TEXT"}]}
COMMAND: GET /session/06820c29678f15015ffe824e569d7d5a/screenshot - {}
RESULT: {"script":"<script> [1562 bytes]","args":[{"selector":{"id":"application-manageresources-display-component---newResourceUnit--SHORT_TEXT","interaction":{"idSuffix":"inner"}},"wdio_ui5_key":"applicationmanageresources-display-component---newResourceUnit--SHORT_TEXT"}]}
RESULT: undefined
COMMAND: POST /session/06820c29678f15015ffe824e569d7d5a/execute/async - {"script":"<script> [776 bytes]","args":[{"enterText":"Cement WDIO","selector":{"id":"application-manageresources-display-component---newResourceUnit--SHORT_TEXT","interaction":{"idSuffix":"inner"}},"clearTextFirst":true,"interactionType":"ENTER_TEXT"}]}
RESULT: {}
RESULT: {"script":"<script> [776 bytes]","args":[{"enterText":"Cement WDIO","selector":{"id":"application-manageresources-display-component---newResourceUnit--SHORT_TEXT","interaction":{"idSuffix":"inner"}},"clearTextFirst":true,"interactionType":"ENTER_TEXT"}]}
COMMAND: POST /session/06820c29678f15015ffe824e569d7d5a/execute/async - {"script":"<script> [1562 bytes]","args":[{"selector":{"id":"application-manageresources-display-component---newResourceUnit--BASE_UNIT_OF_MEASURE","interaction":{"idSuffix":"inner"}},"wdio_ui5_key":"applicationmanageresources-display-component---newResourceUnit--BASE_UNIT_OF_MEASURE"}]}
RESULT: {"script":"<script> [1562 bytes]","args":[{"selector":{"id":"application-manageresources-display-component---newResourceUnit--BASE_UNIT_OF_MEASURE","interaction":{"idSuffix":"inner"}},"wdio_ui5_key":"applicationmanageresources-display-component---newResourceUnit--BASE_UNIT_OF_MEASURE"}]}
RESULT: undefined
COMMAND: POST /session/06820c29678f15015ffe824e569d7d5a/execute/async - {"script":"<script> [776 bytes]","args":[{"enterText":"Piece","selector":{"id":"application-manageresources-display-component---newResourceUnit--BASE_UNIT_OF_MEASURE","interaction":{"idSuffix":"inner"}},"clearTextFirst":true,"interactionType":"ENTER_TEXT"}]}
RESULT: {"script":"<script> [776 bytes]","args":[{"enterText":"Piece","selector":{"id":"application-manageresources-display-component---newResourceUnit--BASE_UNIT_OF_MEASURE","interaction":{"idSuffix":"inner"}},"clearTextFirst":true,"interactionType":"ENTER_TEXT"}]}
COMMAND: POST /session/06820c29678f15015ffe824e569d7d5a/execute/async - {"script":"<script> [1562 bytes]","args":[{"selector":{"id":"application-manageresources-display-component---newResourceUnit--WEIGHT_UNIT","interaction":{"idSuffix":"inner"}},"wdio_ui5_key":"applicationmanageresources-display-component---newResourceUnit--WEIGHT_UNIT"}]}
RESULT: {"script":"<script> [1562 bytes]","args":[{"selector":{"id":"application-manageresources-display-component---newResourceUnit--WEIGHT_UNIT","interaction":{"idSuffix":"inner"}},"wdio_ui5_key":"applicationmanageresources-display-component---newResourceUnit--WEIGHT_UNIT"}]}
RESULT: undefined
COMMAND: POST /session/06820c29678f15015ffe824e569d7d5a/execute/async - {"script":"<script> [776 bytes]","args":[{"enterText":"Gram","selector":{"id":"application-manageresources-display-component---newResourceUnit--WEIGHT_UNIT","interaction":{"idSuffix":"inner"}},"clearTextFirst":true,"interactionType":"ENTER_TEXT"}]}
RESULT: {"script":"<script> [776 bytes]","args":[{"enterText":"Gram","selector":{"id":"application-manageresources-display-component---newResourceUnit--WEIGHT_UNIT","interaction":{"idSuffix":"inner"}},"clearTextFirst":true,"interactionType":"ENTER_TEXT"}]}
COMMAND: POST /session/06820c29678f15015ffe824e569d7d5a/execute/async - {"script":"<script> [1562 bytes]","args":[{"selector":{"id":"application-manageresources-display-component---newResourceUnit--DIMENSION_UNIT","interaction":{"idSuffix":"inner"}},"wdio_ui5_key":"applicationmanageresources-display-component---newResourceUnit--DIMENSION_UNIT"}]}
RESULT: {"script":"<script> [1562 bytes]","args":[{"selector":{"id":"application-manageresources-display-component---newResourceUnit--DIMENSION_UNIT","interaction":{"idSuffix":"inner"}},"wdio_ui5_key":"applicationmanageresources-display-component---newResourceUnit--DIMENSION_UNIT"}]}
RESULT: undefined
COMMAND: POST /session/06820c29678f15015ffe824e569d7d5a/execute/async - {"script":"<script> [776 bytes]","args":[{"enterText":"Meter","selector":{"id":"application-manageresources-display-component---newResourceUnit--DIMENSION_UNIT","interaction":{"idSuffix":"inner"}},"clearTextFirst":true,"interactionType":"ENTER_TEXT"}]}
RESULT: {"script":"<script> [776 bytes]","args":[{"enterText":"Meter","selector":{"id":"application-manageresources-display-component---newResourceUnit--DIMENSION_UNIT","interaction":{"idSuffix":"inner"}},"clearTextFirst":true,"interactionType":"ENTER_TEXT"}]}
COMMAND: POST /session/06820c29678f15015ffe824e569d7d5a/execute/async - {"script":"<script> [1562 bytes]","args":[{"selector":{"id":"application-manageresources-display-component---newResourceUnit--newRRUPage-anchBar-application-manageresources-display-component---newResourceUnit--control-anchor","interaction":{"idSuffix":"BDI-content"}},"wdio_ui5_key":"applicationmanageresources-display-component---newResourceUnit--newRRUPage-anchBar-application-manageresources-display-component---newResourceUnit--control-anchor"}]}
RESULT: {"script":"<script> [1562 bytes]","args":[{"selector":{"id":"application-manageresources-display-component---newResourceUnit--newRRUPage-anchBar-application-manageresources-display-component---newResourceUnit--control-anchor","interaction":{"idSuffix":"BDI-content"}},"wdio_ui5_key":"applicationmanageresources-display-component---newResourceUnit--newRRUPage-anchBar-application-manageresources-display-component---newResourceUnit--control-anchor"}]}
RESULT: undefined
COMMAND: POST /session/06820c29678f15015ffe824e569d7d5a/element - {"using":"xpath","value":"//*[@id=\"application-manageresources-display-component---newResourceUnit--newRRUPage-anchBar-application-manageresources-display-component---newResourceUnit--control-anchor\"]"}
RESULT: {"using":"xpath","value":"//*[@id=\"application-manageresources-display-component---newResourceUnit--newRRUPage-anchBar-application-manageresources-display-component---newResourceUnit--control-anchor\"]"}
COMMAND: POST /session/06820c29678f15015ffe824e569d7d5a/element/f.696EFCE712E801319DC54DDC19215679.d.344EBD8E64A3E2D816A174E1160FD40B.e.3074/click - {}
RESULT: {}
COMMAND: POST /session/06820c29678f15015ffe824e569d7d5a/execute/async - {"script":"<script> [1562 bytes]","args":[{"selector":{"id":"application-manageresources-display-component---newResourceUnit--PLANNING_GROUP","interaction":{"idSuffix":"inner"}},"wdio_ui5_key":"applicationmanageresources-display-component---newResourceUnit--PLANNING_GROUP"}]}
COMMAND: GET /session/06820c29678f15015ffe824e569d7d5a/screenshot - {}
RESULT: {"script":"<script> [1562 bytes]","args":[{"selector":{"id":"application-manageresources-display-component---newResourceUnit--PLANNING_GROUP","interaction":{"idSuffix":"inner"}},"wdio_ui5_key":"applicationmanageresources-display-component---newResourceUnit--PLANNING_GROUP"}]}
RESULT: undefined
COMMAND: POST /session/06820c29678f15015ffe824e569d7d5a/execute/async - {"script":"<script> [776 bytes]","args":[{"enterText":"Material","selector":{"id":"application-manageresources-display-component---newResourceUnit--PLANNING_GROUP","interaction":{"idSuffix":"inner"}},"clearTextFirst":true,"interactionType":"ENTER_TEXT"}]}
RESULT: {}
RESULT: {"script":"<script> [776 bytes]","args":[{"enterText":"Material","selector":{"id":"application-manageresources-display-component---newResourceUnit--PLANNING_GROUP","interaction":{"idSuffix":"inner"}},"clearTextFirst":true,"interactionType":"ENTER_TEXT"}]}
COMMAND: POST /session/06820c29678f15015ffe824e569d7d5a/execute/async - {"script":"<script> [1562 bytes]","args":[{"selector":{"id":"application-manageresources-display-component---newResourceUnit--PLANNING_INDICATOR","interaction":{"idSuffix":"inner"}},"wdio_ui5_key":"applicationmanageresources-display-component---newResourceUnit--PLANNING_INDICATOR"}]}
RESULT: {"script":"<script> [1562 bytes]","args":[{"selector":{"id":"application-manageresources-display-component---newResourceUnit--PLANNING_INDICATOR","interaction":{"idSuffix":"inner"}},"wdio_ui5_key":"applicationmanageresources-display-component---newResourceUnit--PLANNING_INDICATOR"}]}
RESULT: undefined
COMMAND: POST /session/06820c29678f15015ffe824e569d7d5a/execute/async - {"script":"<script> [776 bytes]","args":[{"enterText":"10 - infinite","selector":{"id":"application-manageresources-display-component---newResourceUnit--PLANNING_INDICATOR","interaction":{"idSuffix":"inner"}},"clearTextFirst":true,"interactionType":"ENTER_TEXT"}]}
RESULT: {"script":"<script> [776 bytes]","args":[{"enterText":"10 - infinite","selector":{"id":"application-manageresources-display-component---newResourceUnit--PLANNING_INDICATOR","interaction":{"idSuffix":"inner"}},"clearTextFirst":true,"interactionType":"ENTER_TEXT"}]}
COMMAND: POST /session/06820c29678f15015ffe824e569d7d5a/element - {"using":"css selector","value":"#application-manageresources-display-component---newResourceUnit--btnAddTimeSegment"}
RESULT: {"using":"css selector","value":"#application-manageresources-display-component---newResourceUnit--btnAddTimeSegment"}
COMMAND: GET /session/06820c29678f15015ffe824e569d7d5a/element/f.696EFCE712E801319DC54DDC19215679.d.344EBD8E64A3E2D816A174E1160FD40B.e.3084/rect - {}
RESULT: {}
COMMAND: GET /session/06820c29678f15015ffe824e569d7d5a/window/rect - {}
RESULT: {}
COMMAND: POST /session/06820c29678f15015ffe824e569d7d5a/execute/sync - {"script":"<script> [92 bytes]","args":[]}
RESULT: {"script":"<script> [92 bytes]","args":[]}
COMMAND: POST /session/06820c29678f15015ffe824e569d7d5a/actions - {"actions":[{"id":"action6","type":"wheel","parameters":{},"actions":[{"type":"scroll","x":-1888,"y":-32,"deltaX":0,"deltaY":0,"duration":0,"origin":{"element-6066-11e4-a52e-4f735466cecf":"f.696EFCE712E801319DC54DDC19215679.d.344EBD8E64A3E2D816A174E1160FD40B.e.3084"}}]}]}
COMMAND: GET /session/06820c29678f15015ffe824e569d7d5a/screenshot - {}
RESULT: {}
COMMAND: POST /session/06820c29678f15015ffe824e569d7d5a/execute/sync - {"script":"<script> [79 bytes]","args":[{"element-6066-11e4-a52e-4f735466cecf":"f.696EFCE712E801319DC54DDC19215679.d.344EBD8E64A3E2D816A174E1160FD40B.e.3084","ELEMENT":"f.696EFCE712E801319DC54DDC19215679.d.344EBD8E64A3E2D816A174E1160FD40B.e.3084"},{"block":"start","inline":"nearest"}]}
RESULT: {"script":"<script> [79 bytes]","args":[{"element-6066-11e4-a52e-4f735466cecf":"f.696EFCE712E801319DC54DDC19215679.d.344EBD8E64A3E2D816A174E1160FD40B.e.3084","ELEMENT":"f.696EFCE712E801319DC54DDC19215679.d.344EBD8E64A3E2D816A174E1160FD40B.e.3084"},{"block":"start","inline":"nearest"}]}
COMMAND: POST /session/06820c29678f15015ffe824e569d7d5a/execute/async - {"script":"<script> [1562 bytes]","args":[{"selector":{"id":"application-manageresources-display-component---newResourceUnit--btnAddTimeSegment","interaction":{"idSuffix":"inner"}},"wdio_ui5_key":"applicationmanageresources-display-component---newResourceUnit--btnAddTimeSegment"}]}
COMMAND: GET /session/06820c29678f15015ffe824e569d7d5a/screenshot - {}
RESULT: {"script":"<script> [1562 bytes]","args":[{"selector":{"id":"application-manageresources-display-component---newResourceUnit--btnAddTimeSegment","interaction":{"idSuffix":"inner"}},"wdio_ui5_key":"applicationmanageresources-display-component---newResourceUnit--btnAddTimeSegment"}]}
RESULT: undefined
COMMAND: POST /session/06820c29678f15015ffe824e569d7d5a/element - {"using":"xpath","value":"//*[@id=\"application-manageresources-display-component---newResourceUnit--btnAddTimeSegment\"]"}
RESULT: {}
RESULT: {"using":"xpath","value":"//*[@id=\"application-manageresources-display-component---newResourceUnit--btnAddTimeSegment\"]"}
COMMAND: POST /session/06820c29678f15015ffe824e569d7d5a/element/f.696EFCE712E801319DC54DDC19215679.d.344EBD8E64A3E2D816A174E1160FD40B.e.3084/click - {}
RESULT: {}
COMMAND: GET /session/06820c29678f15015ffe824e569d7d5a/screenshot - {}
RESULT: {}
COMMAND: POST /session/06820c29678f15015ffe824e569d7d5a/element - {"using":"xpath","value":"//input[@id=\"application-manageresources-display-component---newResourceUnit--idRuTSAdmin-application-manageresources-display-component---newResourceUnit--RUTimeSegment-0-inner\"]"}
RESULT: {"using":"xpath","value":"//input[@id=\"application-manageresources-display-component---newResourceUnit--idRuTSAdmin-application-manageresources-display-component---newResourceUnit--RUTimeSegment-0-inner\"]"}
COMMAND: POST /session/06820c29678f15015ffe824e569d7d5a/element/f.696EFCE712E801319DC54DDC19215679.d.344EBD8E64A3E2D816A174E1160FD40B.e.3089/clear - {}
RESULT: {}
COMMAND: POST /session/06820c29678f15015ffe824e569d7d5a/element/f.696EFCE712E801319DC54DDC19215679.d.344EBD8E64A3E2D816A174E1160FD40B.e.3089/value - {"text":"556"}
COMMAND: GET /session/06820c29678f15015ffe824e569d7d5a/screenshot - {}
RESULT: {"text":"556"}
COMMAND: GET /session/06820c29678f15015ffe824e569d7d5a/screenshot - {}
RESULT: {}
RESULT: {}
COMMAND: POST /session/06820c29678f15015ffe824e569d7d5a/element - {"using":"xpath","value":"//li[.//span[text()='556']]"}
RESULT: {"using":"xpath","value":"//li[.//span[text()='556']]"}
COMMAND: POST /session/06820c29678f15015ffe824e569d7d5a/element/f.696EFCE712E801319DC54DDC19215679.d.344EBD8E64A3E2D816A174E1160FD40B.e.3101/click - {}
RESULT: {}
COMMAND: GET /session/06820c29678f15015ffe824e569d7d5a/screenshot - {}
RESULT: {}
COMMAND: POST /session/06820c29678f15015ffe824e569d7d5a/element - {"using":"xpath","value":"(//span[contains(@id, \"-application-manageresources-display-component---newResourceUnit--RUTimeSegment-0-arrow\")])[2]"}
RESULT: {"using":"xpath","value":"(//span[contains(@id, \"-application-manageresources-display-component---newResourceUnit--RUTimeSegment-0-arrow\")])[2]"}
COMMAND: POST /session/06820c29678f15015ffe824e569d7d5a/element/f.696EFCE712E801319DC54DDC19215679.d.344EBD8E64A3E2D816A174E1160FD40B.e.3102/click - {}
RESULT: {}
COMMAND: POST /session/06820c29678f15015ffe824e569d7d5a/element - {"using":"xpath","value":"//span[contains(text(), \"PM Order\")]"}
COMMAND: GET /session/06820c29678f15015ffe824e569d7d5a/screenshot - {}
RESULT: {"using":"xpath","value":"//span[contains(text(), \"PM Order\")]"}
COMMAND: POST /session/06820c29678f15015ffe824e569d7d5a/element/f.696EFCE712E801319DC54DDC19215679.d.344EBD8E64A3E2D816A174E1160FD40B.e.3103/click - {}
RESULT: {}
RESULT: {}
COMMAND: GET /session/06820c29678f15015ffe824e569d7d5a/screenshot - {}
RESULT: {}
COMMAND: POST /session/06820c29678f15015ffe824e569d7d5a/element - {"using":"xpath","value":"//td/div/div/div/span[contains(@id, \"newResourceUnit--RUTimeSegment-0-vhi\")][1]"}
RESULT: {"using":"xpath","value":"//td/div/div/div/span[contains(@id, \"newResourceUnit--RUTimeSegment-0-vhi\")][1]"}
COMMAND: GET /session/06820c29678f15015ffe824e569d7d5a/element/f.696EFCE712E801319DC54DDC19215679.d.344EBD8E64A3E2D816A174E1160FD40B.e.3107/rect - {}
RESULT: {}
COMMAND: GET /session/06820c29678f15015ffe824e569d7d5a/window/rect - {}
RESULT: {}
COMMAND: POST /session/06820c29678f15015ffe824e569d7d5a/execute/sync - {"script":"<script> [92 bytes]","args":[]}
RESULT: {"script":"<script> [92 bytes]","args":[]}
COMMAND: POST /session/06820c29678f15015ffe824e569d7d5a/actions - {"actions":[{"id":"action7","type":"wheel","parameters":{},"actions":[{"type":"scroll","x":-1888,"y":-24,"deltaX":0,"deltaY":0,"duration":0,"origin":{"element-6066-11e4-a52e-4f735466cecf":"f.696EFCE712E801319DC54DDC19215679.d.344EBD8E64A3E2D816A174E1160FD40B.e.3107"}}]}]}
COMMAND: GET /session/06820c29678f15015ffe824e569d7d5a/screenshot - {}
RESULT: {}
COMMAND: POST /session/06820c29678f15015ffe824e569d7d5a/execute/sync - {"script":"<script> [79 bytes]","args":[{"element-6066-11e4-a52e-4f735466cecf":"f.696EFCE712E801319DC54DDC19215679.d.344EBD8E64A3E2D816A174E1160FD40B.e.3107","ELEMENT":"f.696EFCE712E801319DC54DDC19215679.d.344EBD8E64A3E2D816A174E1160FD40B.e.3107"},{"block":"start","inline":"nearest"}]}
RESULT: {"script":"<script> [79 bytes]","args":[{"element-6066-11e4-a52e-4f735466cecf":"f.696EFCE712E801319DC54DDC19215679.d.344EBD8E64A3E2D816A174E1160FD40B.e.3107","ELEMENT":"f.696EFCE712E801319DC54DDC19215679.d.344EBD8E64A3E2D816A174E1160FD40B.e.3107"},{"block":"start","inline":"nearest"}]}
COMMAND: GET /session/06820c29678f15015ffe824e569d7d5a/screenshot - {}
RESULT: {}
COMMAND: POST /session/06820c29678f15015ffe824e569d7d5a/element/f.696EFCE712E801319DC54DDC19215679.d.344EBD8E64A3E2D816A174E1160FD40B.e.3107/click - {}
RESULT: {}
COMMAND: GET /session/06820c29678f15015ffe824e569d7d5a/screenshot - {}
RESULT: {}
RESULT: undefined
COMMAND: POST /session/06820c29678f15015ffe824e569d7d5a/execute/async - {"script":"<script> [776 bytes]","args":[{"enterText":"4000360","selector":{"controlType":"sap.m.SearchField","properties":{"placeholder":"Search"},"searchOpenDialogs":true,"interaction":{"idSuffix":"I"}},"clearTextFirst":true,"interactionType":"ENTER_TEXT"}]}
RESULT: {"script":"<script> [776 bytes]","args":[{"enterText":"4000360","selector":{"controlType":"sap.m.SearchField","properties":{"placeholder":"Search"},"searchOpenDialogs":true,"interaction":{"idSuffix":"I"}},"clearTextFirst":true,"interactionType":"ENTER_TEXT"}]}
COMMAND: POST /session/06820c29678f15015ffe824e569d7d5a/actions - {"actions":[{"id":"action8","type":"key","parameters":{},"actions":[{"type":"keyDown","value":"î€‡"},{"type":"pause","duration":10},{"type":"keyUp","value":"î€‡"}]}]}
RESULT: {"actions":[{"id":"action8","type":"key","parameters":{},"actions":[{"type":"keyDown","value":"î€‡"},{"type":"pause","duration":10},{"type":"keyUp","value":"î€‡"}]}]}
COMMAND: GET /session/06820c29678f15015ffe824e569d7d5a/screenshot - {}
RESULT: {}
COMMAND: POST /session/06820c29678f15015ffe824e569d7d5a/element - {"using":"xpath","value":"//td/div/span[contains(text(), \"BGL Vehicles\")]"}
RESULT: {"using":"xpath","value":"//td/div/span[contains(text(), \"BGL Vehicles\")]"}
COMMAND: POST /session/06820c29678f15015ffe824e569d7d5a/element/f.696EFCE712E801319DC54DDC19215679.d.344EBD8E64A3E2D816A174E1160FD40B.e.3125/click - {}
RESULT: {}
COMMAND: GET /session/06820c29678f15015ffe824e569d7d5a/screenshot - {}
RESULT: {}
COMMAND: POST /session/06820c29678f15015ffe824e569d7d5a/element - {"using":"xpath","value":"//bdi[contains(text(), \"OK\")]"}
RESULT: {"using":"xpath","value":"//bdi[contains(text(), \"OK\")]"}
COMMAND: POST /session/06820c29678f15015ffe824e569d7d5a/element/f.696EFCE712E801319DC54DDC19215679.d.344EBD8E64A3E2D816A174E1160FD40B.e.3126/click - {}
RESULT: {}
COMMAND: GET /session/06820c29678f15015ffe824e569d7d5a/screenshot - {}
RESULT: {}
COMMAND: POST /session/06820c29678f15015ffe824e569d7d5a/element - {"using":"xpath","value":"//label[contains(@class, 'sapMLabelRequired') and .//bdi[contains(text(), 'Planned Retirement')]]"}
RESULT: {"using":"xpath","value":"//label[contains(@class, 'sapMLabelRequired') and .//bdi[contains(text(), 'Planned Retirement')]]"}
COMMAND: POST /session/06820c29678f15015ffe824e569d7d5a/elements - {"using":"xpath","value":"//label[contains(@class, 'sapMLabelRequired') and .//bdi[contains(text(), 'Planned Retirement')]]"}
RESULT: {"using":"xpath","value":"//label[contains(@class, 'sapMLabelRequired') and .//bdi[contains(text(), 'Planned Retirement')]]"}
COMMAND: POST /session/06820c29678f15015ffe824e569d7d5a/element - {"using":"xpath","value":"//button[@data-kt=\"resourceUnitSaveButton\"]"}
RESULT: {"using":"xpath","value":"//button[@data-kt=\"resourceUnitSaveButton\"]"}
COMMAND: POST /session/06820c29678f15015ffe824e569d7d5a/element/f.696EFCE712E801319DC54DDC19215679.d.344EBD8E64A3E2D816A174E1160FD40B.e.3027/click - {}
RESULT: {}
COMMAND: GET /session/06820c29678f15015ffe824e569d7d5a/screenshot - {}
RESULT: {}
COMMAND: POST /session/06820c29678f15015ffe824e569d7d5a/element - {"using":"xpath","value":"//bdi[contains(text(), \"Close\")]"}
RESULT: {"using":"xpath","value":"//bdi[contains(text(), \"Close\")]"}
COMMAND: POST /session/06820c29678f15015ffe824e569d7d5a/element/f.696EFCE712E801319DC54DDC19215679.d.344EBD8E64A3E2D816A174E1160FD40B.e.3133/click - {}
RESULT: {}
COMMAND: GET /session/06820c29678f15015ffe824e569d7d5a/screenshot - {}
RESULT: {}
COMMAND: POST /session/06820c29678f15015ffe824e569d7d5a/element - {"using":"xpath","value":"//header[contains(@id, 'detailRruPage-headerTitle')]/div[1]/div[2]/div[2]/span[1]"}
RESULT: {"using":"xpath","value":"//header[contains(@id, 'detailRruPage-headerTitle')]/div[1]/div[2]/div[2]/span[1]"}
COMMAND: POST /session/06820c29678f15015ffe824e569d7d5a/elements - {"using":"xpath","value":"//header[contains(@id, 'detailRruPage-headerTitle')]/div[1]/div[2]/div[2]/span[1]"}
RESULT: {"using":"xpath","value":"//header[contains(@id, 'detailRruPage-headerTitle')]/div[1]/div[2]/div[2]/span[1]"}
COMMAND: POST /session/06820c29678f15015ffe824e569d7d5a/execute/sync - {"script":"<script> [56 bytes]","args":[{"element-6066-11e4-a52e-4f735466cecf":"f.696EFCE712E801319DC54DDC19215679.d.344EBD8E64A3E2D816A174E1160FD40B.e.3169","ELEMENT":"f.696EFCE712E801319DC54DDC19215679.d.344EBD8E64A3E2D816A174E1160FD40B.e.3169"}]}
RESULT: {"script":"<script> [56 bytes]","args":[{"element-6066-11e4-a52e-4f735466cecf":"f.696EFCE712E801319DC54DDC19215679.d.344EBD8E64A3E2D816A174E1160FD40B.e.3169","ELEMENT":"f.696EFCE712E801319DC54DDC19215679.d.344EBD8E64A3E2D816A174E1160FD40B.e.3169"}]}
COMMAND: POST /session/06820c29678f15015ffe824e569d7d5a/element - {"using":"css selector","value":"#shell-header-logo"}
COMMAND: GET /session/06820c29678f15015ffe824e569d7d5a/screenshot - {}
RESULT: {"using":"css selector","value":"#shell-header-logo"}
COMMAND: POST /session/06820c29678f15015ffe824e569d7d5a/element/f.696EFCE712E801319DC54DDC19215679.d.344EBD8E64A3E2D816A174E1160FD40B.e.2622/click - {}
RESULT: {}
RESULT: {}
COMMAND: GET /session/06820c29678f15015ffe824e569d7d5a/screenshot - {}
RESULT: {}
]]></system-out>
    </testcase>
    <testcase classname="chrome.136_0_7103_93.windows.Stock_increase_-_with_WHM_US125587" name="Bin Status Report Should Create New Organization yard" time="90.908">
      <system-out><![CDATA[
COMMAND: POST /session/06820c29678f15015ffe824e569d7d5a/execute/async - {"script":"<script> [1562 bytes]","args":[{"selector":{"controlType":"sap.m.GenericTile","properties":{"header":"Bin Status Report"}},"wdio_ui5_key":"sapm.GenericTile{\"header\":\"Bin Status Report\"}"}]}
RESULT: {"script":"<script> [1562 bytes]","args":[{"selector":{"controlType":"sap.m.GenericTile","properties":{"header":"Bin Status Report"}},"wdio_ui5_key":"sapm.GenericTile{\"header\":\"Bin Status Report\"}"}]}
RESULT: undefined
COMMAND: POST /session/06820c29678f15015ffe824e569d7d5a/element - {"using":"xpath","value":"//*[@id=\"__tile104\"]"}
RESULT: {"using":"xpath","value":"//*[@id=\"__tile104\"]"}
COMMAND: POST /session/06820c29678f15015ffe824e569d7d5a/element/f.696EFCE712E801319DC54DDC19215679.d.344EBD8E64A3E2D816A174E1160FD40B.e.3171/click - {}
RESULT: {}
COMMAND: GET /session/06820c29678f15015ffe824e569d7d5a/screenshot - {}
RESULT: {}
COMMAND: POST /session/06820c29678f15015ffe824e569d7d5a/elements - {"using":"xpath","value":"//span[text()='Error']"}
RESULT: {"using":"xpath","value":"//span[text()='Error']"}
COMMAND: POST /session/06820c29678f15015ffe824e569d7d5a/element - {"using":"xpath","value":"//button[@id=\"application-binstatusreport-display-component---warehousing--createOrgBtn\"]"}
RESULT: {"using":"xpath","value":"//button[@id=\"application-binstatusreport-display-component---warehousing--createOrgBtn\"]"}
COMMAND: POST /session/06820c29678f15015ffe824e569d7d5a/elements - {"using":"xpath","value":"//button[@id=\"application-binstatusreport-display-component---warehousing--createOrgBtn\"]"}
RESULT: {"using":"xpath","value":"//button[@id=\"application-binstatusreport-display-component---warehousing--createOrgBtn\"]"}
COMMAND: POST /session/06820c29678f15015ffe824e569d7d5a/execute/sync - {"script":"<script> [8489 bytes]","args":[{"element-6066-11e4-a52e-4f735466cecf":"f.696EFCE712E801319DC54DDC19215679.d.344EBD8E64A3E2D816A174E1160FD40B.e.3230","ELEMENT":"f.696EFCE712E801319DC54DDC19215679.d.344EBD8E64A3E2D816A174E1160FD40B.e.3230"}]}
RESULT: {"script":"<script> [8489 bytes]","args":[{"element-6066-11e4-a52e-4f735466cecf":"f.696EFCE712E801319DC54DDC19215679.d.344EBD8E64A3E2D816A174E1160FD40B.e.3230","ELEMENT":"f.696EFCE712E801319DC54DDC19215679.d.344EBD8E64A3E2D816A174E1160FD40B.e.3230"}]}
COMMAND: GET /session/06820c29678f15015ffe824e569d7d5a/element/f.696EFCE712E801319DC54DDC19215679.d.344EBD8E64A3E2D816A174E1160FD40B.e.3230/enabled - {}
COMMAND: GET /session/06820c29678f15015ffe824e569d7d5a/screenshot - {}
RESULT: {}
COMMAND: POST /session/06820c29678f15015ffe824e569d7d5a/execute/sync - {"script":"<script> [8489 bytes]","args":[{"element-6066-11e4-a52e-4f735466cecf":"f.696EFCE712E801319DC54DDC19215679.d.344EBD8E64A3E2D816A174E1160FD40B.e.3230","ELEMENT":"f.696EFCE712E801319DC54DDC19215679.d.344EBD8E64A3E2D816A174E1160FD40B.e.3230"}]}
COMMAND: GET /session/06820c29678f15015ffe824e569d7d5a/screenshot - {}
RESULT: {}
RESULT: {"script":"<script> [8489 bytes]","args":[{"element-6066-11e4-a52e-4f735466cecf":"f.696EFCE712E801319DC54DDC19215679.d.344EBD8E64A3E2D816A174E1160FD40B.e.3230","ELEMENT":"f.696EFCE712E801319DC54DDC19215679.d.344EBD8E64A3E2D816A174E1160FD40B.e.3230"}]}
COMMAND: POST /session/06820c29678f15015ffe824e569d7d5a/execute/sync - {"script":"<script> [5351 bytes]","args":[{"element-6066-11e4-a52e-4f735466cecf":"f.696EFCE712E801319DC54DDC19215679.d.344EBD8E64A3E2D816A174E1160FD40B.e.3230","ELEMENT":"f.696EFCE712E801319DC54DDC19215679.d.344EBD8E64A3E2D816A174E1160FD40B.e.3230"}]}
COMMAND: GET /session/06820c29678f15015ffe824e569d7d5a/screenshot - {}
RESULT: {}
RESULT: {"script":"<script> [5351 bytes]","args":[{"element-6066-11e4-a52e-4f735466cecf":"f.696EFCE712E801319DC54DDC19215679.d.344EBD8E64A3E2D816A174E1160FD40B.e.3230","ELEMENT":"f.696EFCE712E801319DC54DDC19215679.d.344EBD8E64A3E2D816A174E1160FD40B.e.3230"}]}
COMMAND: GET /session/06820c29678f15015ffe824e569d7d5a/screenshot - {}
RESULT: {}
RESULT: {}
COMMAND: POST /session/06820c29678f15015ffe824e569d7d5a/element/f.696EFCE712E801319DC54DDC19215679.d.344EBD8E64A3E2D816A174E1160FD40B.e.3230/click - {}
RESULT: {}
COMMAND: GET /session/06820c29678f15015ffe824e569d7d5a/screenshot - {}
RESULT: {}
COMMAND: POST /session/06820c29678f15015ffe824e569d7d5a/execute/async - {"script":"<script> [1562 bytes]","args":[{"selector":{"id":"createOrganizationPop--sectionInput","searchOpenDialogs":true,"interaction":{"idSuffix":"inner"}},"wdio_ui5_key":"createOrganizationPopsectionInput"}]}
RESULT: {"script":"<script> [1562 bytes]","args":[{"selector":{"id":"createOrganizationPop--sectionInput","searchOpenDialogs":true,"interaction":{"idSuffix":"inner"}},"wdio_ui5_key":"createOrganizationPopsectionInput"}]}
RESULT: undefined
COMMAND: POST /session/06820c29678f15015ffe824e569d7d5a/execute/async - {"script":"<script> [776 bytes]","args":[{"enterText":"WDIO-556","selector":{"id":"createOrganizationPop--sectionInput","searchOpenDialogs":true,"interaction":{"idSuffix":"inner"}},"clearTextFirst":true,"interactionType":"ENTER_TEXT"}]}
RESULT: {"script":"<script> [776 bytes]","args":[{"enterText":"WDIO-556","selector":{"id":"createOrganizationPop--sectionInput","searchOpenDialogs":true,"interaction":{"idSuffix":"inner"}},"clearTextFirst":true,"interactionType":"ENTER_TEXT"}]}
COMMAND: POST /session/06820c29678f15015ffe824e569d7d5a/execute/async - {"script":"<script> [1562 bytes]","args":[{"selector":{"id":"createOrganizationPop--descriptionInput","searchOpenDialogs":true,"interaction":{"idSuffix":"inner"}},"wdio_ui5_key":"createOrganizationPopdescriptionInput"}]}
RESULT: {"script":"<script> [1562 bytes]","args":[{"selector":{"id":"createOrganizationPop--descriptionInput","searchOpenDialogs":true,"interaction":{"idSuffix":"inner"}},"wdio_ui5_key":"createOrganizationPopdescriptionInput"}]}
RESULT: undefined
COMMAND: POST /session/06820c29678f15015ffe824e569d7d5a/execute/async - {"script":"<script> [776 bytes]","args":[{"enterText":"Shipping-556","selector":{"id":"createOrganizationPop--descriptionInput","searchOpenDialogs":true,"interaction":{"idSuffix":"inner"}},"clearTextFirst":true,"interactionType":"ENTER_TEXT"}]}
RESULT: {"script":"<script> [776 bytes]","args":[{"enterText":"Shipping-556","selector":{"id":"createOrganizationPop--descriptionInput","searchOpenDialogs":true,"interaction":{"idSuffix":"inner"}},"clearTextFirst":true,"interactionType":"ENTER_TEXT"}]}
COMMAND: POST /session/06820c29678f15015ffe824e569d7d5a/element - {"using":"css selector","value":"#createOrganizationPop--yardOrg-inner"}
RESULT: {"using":"css selector","value":"#createOrganizationPop--yardOrg-inner"}
COMMAND: POST /session/06820c29678f15015ffe824e569d7d5a/element/f.696EFCE712E801319DC54DDC19215679.d.344EBD8E64A3E2D816A174E1160FD40B.e.3531/clear - {}
RESULT: {}
COMMAND: POST /session/06820c29678f15015ffe824e569d7d5a/element/f.696EFCE712E801319DC54DDC19215679.d.344EBD8E64A3E2D816A174E1160FD40B.e.3531/value - {"text":"556"}
COMMAND: GET /session/06820c29678f15015ffe824e569d7d5a/screenshot - {}
RESULT: {"text":"556"}
COMMAND: GET /session/06820c29678f15015ffe824e569d7d5a/screenshot - {}
RESULT: {}
RESULT: {}
COMMAND: POST /session/06820c29678f15015ffe824e569d7d5a/actions - {"actions":[{"id":"action9","type":"key","parameters":{},"actions":[{"type":"keyDown","value":"î€‡"},{"type":"pause","duration":10},{"type":"keyUp","value":"î€‡"}]}]}
RESULT: {"actions":[{"id":"action9","type":"key","parameters":{},"actions":[{"type":"keyDown","value":"î€‡"},{"type":"pause","duration":10},{"type":"keyUp","value":"î€‡"}]}]}
COMMAND: POST /session/06820c29678f15015ffe824e569d7d5a/execute/async - {"script":"<script> [1562 bytes]","args":[{"selector":{"id":"createOrganizationPop--grZone","searchOpenDialogs":true,"interaction":{"idSuffix":"CbBg"}},"wdio_ui5_key":"createOrganizationPopgrZone"}]}
COMMAND: GET /session/06820c29678f15015ffe824e569d7d5a/screenshot - {}
RESULT: {"script":"<script> [1562 bytes]","args":[{"selector":{"id":"createOrganizationPop--grZone","searchOpenDialogs":true,"interaction":{"idSuffix":"CbBg"}},"wdio_ui5_key":"createOrganizationPopgrZone"}]}
RESULT: undefined
COMMAND: POST /session/06820c29678f15015ffe824e569d7d5a/element - {"using":"xpath","value":"//*[@id=\"createOrganizationPop--grZone\"]"}
RESULT: {}
RESULT: {"using":"xpath","value":"//*[@id=\"createOrganizationPop--grZone\"]"}
COMMAND: POST /session/06820c29678f15015ffe824e569d7d5a/element/f.696EFCE712E801319DC54DDC19215679.d.344EBD8E64A3E2D816A174E1160FD40B.e.3552/click - {}
RESULT: {}
COMMAND: GET /session/06820c29678f15015ffe824e569d7d5a/screenshot - {}
RESULT: {}
COMMAND: POST /session/06820c29678f15015ffe824e569d7d5a/execute/async - {"script":"<script> [1562 bytes]","args":[{"selector":{"id":"createOrganizationPop--giZone","searchOpenDialogs":true,"interaction":{"idSuffix":"CbBg"}},"wdio_ui5_key":"createOrganizationPopgiZone"}]}
RESULT: {"script":"<script> [1562 bytes]","args":[{"selector":{"id":"createOrganizationPop--giZone","searchOpenDialogs":true,"interaction":{"idSuffix":"CbBg"}},"wdio_ui5_key":"createOrganizationPopgiZone"}]}
RESULT: undefined
COMMAND: POST /session/06820c29678f15015ffe824e569d7d5a/element - {"using":"xpath","value":"//*[@id=\"createOrganizationPop--giZone\"]"}
RESULT: {"using":"xpath","value":"//*[@id=\"createOrganizationPop--giZone\"]"}
COMMAND: POST /session/06820c29678f15015ffe824e569d7d5a/element/f.696EFCE712E801319DC54DDC19215679.d.344EBD8E64A3E2D816A174E1160FD40B.e.3554/click - {}
RESULT: {}
COMMAND: GET /session/06820c29678f15015ffe824e569d7d5a/screenshot - {}
RESULT: {}
COMMAND: POST /session/06820c29678f15015ffe824e569d7d5a/execute/async - {"script":"<script> [1562 bytes]","args":[{"selector":{"id":"createOrganizationPop--binNoInput","searchOpenDialogs":true,"interaction":{"idSuffix":"inner"}},"wdio_ui5_key":"createOrganizationPopbinNoInput"}]}
RESULT: {"script":"<script> [1562 bytes]","args":[{"selector":{"id":"createOrganizationPop--binNoInput","searchOpenDialogs":true,"interaction":{"idSuffix":"inner"}},"wdio_ui5_key":"createOrganizationPopbinNoInput"}]}
RESULT: undefined
COMMAND: POST /session/06820c29678f15015ffe824e569d7d5a/execute/async - {"script":"<script> [776 bytes]","args":[{"enterText":"Bin-Wd","selector":{"id":"createOrganizationPop--binNoInput","searchOpenDialogs":true,"interaction":{"idSuffix":"inner"}},"clearTextFirst":true,"interactionType":"ENTER_TEXT"}]}
RESULT: {"script":"<script> [776 bytes]","args":[{"enterText":"Bin-Wd","selector":{"id":"createOrganizationPop--binNoInput","searchOpenDialogs":true,"interaction":{"idSuffix":"inner"}},"clearTextFirst":true,"interactionType":"ENTER_TEXT"}]}
COMMAND: POST /session/06820c29678f15015ffe824e569d7d5a/execute/async - {"script":"<script> [1562 bytes]","args":[{"selector":{"id":"createOrganizationPop--descriptionId","searchOpenDialogs":true,"interaction":{"idSuffix":"inner"}},"wdio_ui5_key":"createOrganizationPopdescriptionId"}]}
RESULT: {"script":"<script> [1562 bytes]","args":[{"selector":{"id":"createOrganizationPop--descriptionId","searchOpenDialogs":true,"interaction":{"idSuffix":"inner"}},"wdio_ui5_key":"createOrganizationPopdescriptionId"}]}
RESULT: undefined
COMMAND: POST /session/06820c29678f15015ffe824e569d7d5a/execute/async - {"script":"<script> [776 bytes]","args":[{"enterText":"Shipping-Wd","selector":{"id":"createOrganizationPop--descriptionId","searchOpenDialogs":true,"interaction":{"idSuffix":"inner"}},"clearTextFirst":true,"interactionType":"ENTER_TEXT"}]}
RESULT: {"script":"<script> [776 bytes]","args":[{"enterText":"Shipping-Wd","selector":{"id":"createOrganizationPop--descriptionId","searchOpenDialogs":true,"interaction":{"idSuffix":"inner"}},"clearTextFirst":true,"interactionType":"ENTER_TEXT"}]}
COMMAND: POST /session/06820c29678f15015ffe824e569d7d5a/execute/async - {"script":"<script> [1562 bytes]","args":[{"selector":{"controlType":"sap.m.CheckBox","viewName":"etm.portal.ui.binstatusreport.view.MasterWareBins","viewId":"application-binstatusreport-display-component---warehousing","bindingPath":{"path":"","propertyPath":"/ZONE","modelName":"newBin"},"searchOpenDialogs":true,"interaction":{"idSuffix":"CbBg"}},"wdio_ui5_key":"etmportal.ui.binstatusreport.view.MasterWareBinssap.m.CheckBox{\"path\":\"\",\"propertyPath\":\"/ZONE\",\"modelName\":\"newBin\"}"}]}
RESULT: {"script":"<script> [1562 bytes]","args":[{"selector":{"controlType":"sap.m.CheckBox","viewName":"etm.portal.ui.binstatusreport.view.MasterWareBins","viewId":"application-binstatusreport-display-component---warehousing","bindingPath":{"path":"","propertyPath":"/ZONE","modelName":"newBin"},"searchOpenDialogs":true,"interaction":{"idSuffix":"CbBg"}},"wdio_ui5_key":"etmportal.ui.binstatusreport.view.MasterWareBinssap.m.CheckBox{\"path\":\"\",\"propertyPath\":\"/ZONE\",\"modelName\":\"newBin\"}"}]}
RESULT: undefined
COMMAND: POST /session/06820c29678f15015ffe824e569d7d5a/element - {"using":"xpath","value":"//*[@id=\"__box56\"]"}
RESULT: {"using":"xpath","value":"//*[@id=\"__box56\"]"}
COMMAND: POST /session/06820c29678f15015ffe824e569d7d5a/element/f.696EFCE712E801319DC54DDC19215679.d.344EBD8E64A3E2D816A174E1160FD40B.e.3558/click - {}
RESULT: {}
COMMAND: GET /session/06820c29678f15015ffe824e569d7d5a/screenshot - {}
RESULT: {}
COMMAND: POST /session/06820c29678f15015ffe824e569d7d5a/execute/async - {"script":"<script> [1562 bytes]","args":[{"selector":{"id":"createOrganizationPop--binTypesCB","searchOpenDialogs":true,"interaction":{"idSuffix":"inner"}},"wdio_ui5_key":"createOrganizationPopbinTypesCB"}]}
RESULT: {"script":"<script> [1562 bytes]","args":[{"selector":{"id":"createOrganizationPop--binTypesCB","searchOpenDialogs":true,"interaction":{"idSuffix":"inner"}},"wdio_ui5_key":"createOrganizationPopbinTypesCB"}]}
RESULT: undefined
COMMAND: POST /session/06820c29678f15015ffe824e569d7d5a/execute/async - {"script":"<script> [776 bytes]","args":[{"enterText":"1 - General / No capacity check","selector":{"id":"createOrganizationPop--binTypesCB","searchOpenDialogs":true,"interaction":{"idSuffix":"inner"}},"clearTextFirst":true,"interactionType":"ENTER_TEXT"}]}
RESULT: {"script":"<script> [776 bytes]","args":[{"enterText":"1 - General / No capacity check","selector":{"id":"createOrganizationPop--binTypesCB","searchOpenDialogs":true,"interaction":{"idSuffix":"inner"}},"clearTextFirst":true,"interactionType":"ENTER_TEXT"}]}
COMMAND: POST /session/06820c29678f15015ffe824e569d7d5a/actions - {"actions":[{"id":"action10","type":"key","parameters":{},"actions":[{"type":"keyDown","value":"î€‡"},{"type":"pause","duration":10},{"type":"keyUp","value":"î€‡"}]}]}
RESULT: {"actions":[{"id":"action10","type":"key","parameters":{},"actions":[{"type":"keyDown","value":"î€‡"},{"type":"pause","duration":10},{"type":"keyUp","value":"î€‡"}]}]}
COMMAND: GET /session/06820c29678f15015ffe824e569d7d5a/screenshot - {}
RESULT: {}
COMMAND: POST /session/06820c29678f15015ffe824e569d7d5a/execute/async - {"script":"<script> [1562 bytes]","args":[{"selector":{"id":"createOrganizationPop--finishBtn","searchOpenDialogs":true,"interaction":{"idSuffix":"BDI-content"}},"wdio_ui5_key":"createOrganizationPopfinishBtn"}]}
RESULT: {"script":"<script> [1562 bytes]","args":[{"selector":{"id":"createOrganizationPop--finishBtn","searchOpenDialogs":true,"interaction":{"idSuffix":"BDI-content"}},"wdio_ui5_key":"createOrganizationPopfinishBtn"}]}
RESULT: undefined
COMMAND: POST /session/06820c29678f15015ffe824e569d7d5a/element - {"using":"xpath","value":"//*[@id=\"createOrganizationPop--finishBtn\"]"}
RESULT: {"using":"xpath","value":"//*[@id=\"createOrganizationPop--finishBtn\"]"}
COMMAND: POST /session/06820c29678f15015ffe824e569d7d5a/element/f.696EFCE712E801319DC54DDC19215679.d.344EBD8E64A3E2D816A174E1160FD40B.e.3566/click - {}
RESULT: {}
COMMAND: GET /session/06820c29678f15015ffe824e569d7d5a/screenshot - {}
RESULT: {}
COMMAND: POST /session/06820c29678f15015ffe824e569d7d5a/element - {"using":"css selector","value":"#shell-header-logo"}
RESULT: {"using":"css selector","value":"#shell-header-logo"}
COMMAND: POST /session/06820c29678f15015ffe824e569d7d5a/element/f.696EFCE712E801319DC54DDC19215679.d.344EBD8E64A3E2D816A174E1160FD40B.e.3178/click - {}
RESULT: {}
COMMAND: GET /session/06820c29678f15015ffe824e569d7d5a/screenshot - {}
RESULT: {}
]]></system-out>
    </testcase>
    <testcase classname="chrome.136_0_7103_93.windows.Stock_increase_-_with_WHM_US125587" name="Bin Status Report Should Create New Organization for Site" time="85.672">
      <system-out><![CDATA[
RESULT: undefined
COMMAND: POST /session/06820c29678f15015ffe824e569d7d5a/element - {"using":"xpath","value":"//*[@id=\"__tile104\"]"}
RESULT: {"using":"xpath","value":"//*[@id=\"__tile104\"]"}
COMMAND: POST /session/06820c29678f15015ffe824e569d7d5a/element/f.696EFCE712E801319DC54DDC19215679.d.344EBD8E64A3E2D816A174E1160FD40B.e.3171/click - {}
RESULT: {}
COMMAND: GET /session/06820c29678f15015ffe824e569d7d5a/screenshot - {}
RESULT: {}
COMMAND: POST /session/06820c29678f15015ffe824e569d7d5a/elements - {"using":"xpath","value":"//span[text()='Error']"}
RESULT: {"using":"xpath","value":"//span[text()='Error']"}
COMMAND: POST /session/06820c29678f15015ffe824e569d7d5a/element - {"using":"xpath","value":"//button[@id=\"application-binstatusreport-display-component---warehousing--createOrgBtn\"]"}
RESULT: {"using":"xpath","value":"//button[@id=\"application-binstatusreport-display-component---warehousing--createOrgBtn\"]"}
COMMAND: POST /session/06820c29678f15015ffe824e569d7d5a/elements - {"using":"xpath","value":"//button[@id=\"application-binstatusreport-display-component---warehousing--createOrgBtn\"]"}
RESULT: {"using":"xpath","value":"//button[@id=\"application-binstatusreport-display-component---warehousing--createOrgBtn\"]"}
COMMAND: POST /session/06820c29678f15015ffe824e569d7d5a/execute/sync - {"script":"<script> [8489 bytes]","args":[{"element-6066-11e4-a52e-4f735466cecf":"f.696EFCE712E801319DC54DDC19215679.d.344EBD8E64A3E2D816A174E1160FD40B.e.3628","ELEMENT":"f.696EFCE712E801319DC54DDC19215679.d.344EBD8E64A3E2D816A174E1160FD40B.e.3628"}]}
RESULT: {"script":"<script> [8489 bytes]","args":[{"element-6066-11e4-a52e-4f735466cecf":"f.696EFCE712E801319DC54DDC19215679.d.344EBD8E64A3E2D816A174E1160FD40B.e.3628","ELEMENT":"f.696EFCE712E801319DC54DDC19215679.d.344EBD8E64A3E2D816A174E1160FD40B.e.3628"}]}
COMMAND: GET /session/06820c29678f15015ffe824e569d7d5a/element/f.696EFCE712E801319DC54DDC19215679.d.344EBD8E64A3E2D816A174E1160FD40B.e.3628/enabled - {}
COMMAND: GET /session/06820c29678f15015ffe824e569d7d5a/screenshot - {}
RESULT: {}
COMMAND: POST /session/06820c29678f15015ffe824e569d7d5a/execute/sync - {"script":"<script> [8489 bytes]","args":[{"element-6066-11e4-a52e-4f735466cecf":"f.696EFCE712E801319DC54DDC19215679.d.344EBD8E64A3E2D816A174E1160FD40B.e.3628","ELEMENT":"f.696EFCE712E801319DC54DDC19215679.d.344EBD8E64A3E2D816A174E1160FD40B.e.3628"}]}
COMMAND: GET /session/06820c29678f15015ffe824e569d7d5a/screenshot - {}
RESULT: {}
RESULT: {"script":"<script> [8489 bytes]","args":[{"element-6066-11e4-a52e-4f735466cecf":"f.696EFCE712E801319DC54DDC19215679.d.344EBD8E64A3E2D816A174E1160FD40B.e.3628","ELEMENT":"f.696EFCE712E801319DC54DDC19215679.d.344EBD8E64A3E2D816A174E1160FD40B.e.3628"}]}
COMMAND: POST /session/06820c29678f15015ffe824e569d7d5a/execute/sync - {"script":"<script> [5351 bytes]","args":[{"element-6066-11e4-a52e-4f735466cecf":"f.696EFCE712E801319DC54DDC19215679.d.344EBD8E64A3E2D816A174E1160FD40B.e.3628","ELEMENT":"f.696EFCE712E801319DC54DDC19215679.d.344EBD8E64A3E2D816A174E1160FD40B.e.3628"}]}
COMMAND: GET /session/06820c29678f15015ffe824e569d7d5a/screenshot - {}
RESULT: {}
RESULT: {"script":"<script> [5351 bytes]","args":[{"element-6066-11e4-a52e-4f735466cecf":"f.696EFCE712E801319DC54DDC19215679.d.344EBD8E64A3E2D816A174E1160FD40B.e.3628","ELEMENT":"f.696EFCE712E801319DC54DDC19215679.d.344EBD8E64A3E2D816A174E1160FD40B.e.3628"}]}
COMMAND: GET /session/06820c29678f15015ffe824e569d7d5a/screenshot - {}
RESULT: {}
RESULT: {}
COMMAND: POST /session/06820c29678f15015ffe824e569d7d5a/element/f.696EFCE712E801319DC54DDC19215679.d.344EBD8E64A3E2D816A174E1160FD40B.e.3628/click - {}
RESULT: {}
COMMAND: GET /session/06820c29678f15015ffe824e569d7d5a/screenshot - {}
RESULT: {}
RESULT: undefined
COMMAND: POST /session/06820c29678f15015ffe824e569d7d5a/execute/async - {"script":"<script> [776 bytes]","args":[{"enterText":"2278","selector":{"id":"createOrganizationPop--sectionInput","searchOpenDialogs":true,"interaction":{"idSuffix":"inner"}},"clearTextFirst":true,"interactionType":"ENTER_TEXT"}]}
RESULT: {"script":"<script> [776 bytes]","args":[{"enterText":"2278","selector":{"id":"createOrganizationPop--sectionInput","searchOpenDialogs":true,"interaction":{"idSuffix":"inner"}},"clearTextFirst":true,"interactionType":"ENTER_TEXT"}]}
RESULT: undefined
COMMAND: POST /session/06820c29678f15015ffe824e569d7d5a/execute/async - {"script":"<script> [776 bytes]","args":[{"enterText":"WDIO-2278","selector":{"id":"createOrganizationPop--descriptionInput","searchOpenDialogs":true,"interaction":{"idSuffix":"inner"}},"clearTextFirst":true,"interactionType":"ENTER_TEXT"}]}
RESULT: {"script":"<script> [776 bytes]","args":[{"enterText":"WDIO-2278","selector":{"id":"createOrganizationPop--descriptionInput","searchOpenDialogs":true,"interaction":{"idSuffix":"inner"}},"clearTextFirst":true,"interactionType":"ENTER_TEXT"}]}
COMMAND: POST /session/06820c29678f15015ffe824e569d7d5a/element - {"using":"css selector","value":"#createOrganizationPop--siteOrg-inner"}
RESULT: {"using":"css selector","value":"#createOrganizationPop--siteOrg-inner"}
COMMAND: POST /session/06820c29678f15015ffe824e569d7d5a/element/f.696EFCE712E801319DC54DDC19215679.d.344EBD8E64A3E2D816A174E1160FD40B.e.3665/clear - {}
RESULT: {}
COMMAND: POST /session/06820c29678f15015ffe824e569d7d5a/element/f.696EFCE712E801319DC54DDC19215679.d.344EBD8E64A3E2D816A174E1160FD40B.e.3665/value - {"text":"2278"}
COMMAND: GET /session/06820c29678f15015ffe824e569d7d5a/screenshot - {}
RESULT: {"text":"2278"}
COMMAND: GET /session/06820c29678f15015ffe824e569d7d5a/screenshot - {}
RESULT: {}
RESULT: {}
COMMAND: POST /session/06820c29678f15015ffe824e569d7d5a/actions - {"actions":[{"id":"action11","type":"key","parameters":{},"actions":[{"type":"keyDown","value":"î€‡"},{"type":"pause","duration":10},{"type":"keyUp","value":"î€‡"}]}]}
RESULT: {"actions":[{"id":"action11","type":"key","parameters":{},"actions":[{"type":"keyDown","value":"î€‡"},{"type":"pause","duration":10},{"type":"keyUp","value":"î€‡"}]}]}
RESULT: undefined
COMMAND: POST /session/06820c29678f15015ffe824e569d7d5a/element - {"using":"xpath","value":"//*[@id=\"createOrganizationPop--giZone\"]"}
COMMAND: GET /session/06820c29678f15015ffe824e569d7d5a/screenshot - {}
RESULT: {"using":"xpath","value":"//*[@id=\"createOrganizationPop--giZone\"]"}
COMMAND: POST /session/06820c29678f15015ffe824e569d7d5a/element/f.696EFCE712E801319DC54DDC19215679.d.344EBD8E64A3E2D816A174E1160FD40B.e.3683/click - {}
RESULT: {}
RESULT: {}
COMMAND: GET /session/06820c29678f15015ffe824e569d7d5a/screenshot - {}
RESULT: {}
RESULT: undefined
COMMAND: POST /session/06820c29678f15015ffe824e569d7d5a/execute/async - {"script":"<script> [776 bytes]","args":[{"enterText":"WD-BIN","selector":{"id":"createOrganizationPop--binNoInput","searchOpenDialogs":true,"interaction":{"idSuffix":"inner"}},"clearTextFirst":true,"interactionType":"ENTER_TEXT"}]}
RESULT: {"script":"<script> [776 bytes]","args":[{"enterText":"WD-BIN","selector":{"id":"createOrganizationPop--binNoInput","searchOpenDialogs":true,"interaction":{"idSuffix":"inner"}},"clearTextFirst":true,"interactionType":"ENTER_TEXT"}]}
RESULT: undefined
COMMAND: POST /session/06820c29678f15015ffe824e569d7d5a/execute/async - {"script":"<script> [776 bytes]","args":[{"enterText":"WD-BIN","selector":{"id":"createOrganizationPop--descriptionId","searchOpenDialogs":true,"interaction":{"idSuffix":"inner"}},"clearTextFirst":true,"interactionType":"ENTER_TEXT"}]}
RESULT: {"script":"<script> [776 bytes]","args":[{"enterText":"WD-BIN","selector":{"id":"createOrganizationPop--descriptionId","searchOpenDialogs":true,"interaction":{"idSuffix":"inner"}},"clearTextFirst":true,"interactionType":"ENTER_TEXT"}]}
COMMAND: POST /session/06820c29678f15015ffe824e569d7d5a/execute/async - {"script":"<script> [1562 bytes]","args":[{"selector":{"controlType":"sap.m.CheckBox","viewName":"etm.portal.ui.binstatusreport.view.MasterWareBins","viewId":"application-binstatusreport-display-component---warehousing","bindingPath":{"propertyPath":"/ZONE","modelName":"newBin"},"searchOpenDialogs":true,"interaction":{"idSuffix":"CbBg"}},"wdio_ui5_key":"etmportal.ui.binstatusreport.view.MasterWareBinssap.m.CheckBox{\"propertyPath\":\"/ZONE\",\"modelName\":\"newBin\"}"}]}
RESULT: {"script":"<script> [1562 bytes]","args":[{"selector":{"controlType":"sap.m.CheckBox","viewName":"etm.portal.ui.binstatusreport.view.MasterWareBins","viewId":"application-binstatusreport-display-component---warehousing","bindingPath":{"propertyPath":"/ZONE","modelName":"newBin"},"searchOpenDialogs":true,"interaction":{"idSuffix":"CbBg"}},"wdio_ui5_key":"etmportal.ui.binstatusreport.view.MasterWareBinssap.m.CheckBox{\"propertyPath\":\"/ZONE\",\"modelName\":\"newBin\"}"}]}
RESULT: undefined
COMMAND: POST /session/06820c29678f15015ffe824e569d7d5a/element - {"using":"xpath","value":"//*[@id=\"__box68\"]"}
RESULT: {"using":"xpath","value":"//*[@id=\"__box68\"]"}
COMMAND: POST /session/06820c29678f15015ffe824e569d7d5a/element/f.696EFCE712E801319DC54DDC19215679.d.344EBD8E64A3E2D816A174E1160FD40B.e.3685/click - {}
RESULT: {}
COMMAND: GET /session/06820c29678f15015ffe824e569d7d5a/screenshot - {}
RESULT: {}
RESULT: undefined
COMMAND: POST /session/06820c29678f15015ffe824e569d7d5a/execute/async - {"script":"<script> [776 bytes]","args":[{"enterText":"1 - General / No capacity check","selector":{"id":"createOrganizationPop--binTypesCB","searchOpenDialogs":true,"interaction":{"idSuffix":"inner"}},"clearTextFirst":true,"interactionType":"ENTER_TEXT"}]}
RESULT: {"script":"<script> [776 bytes]","args":[{"enterText":"1 - General / No capacity check","selector":{"id":"createOrganizationPop--binTypesCB","searchOpenDialogs":true,"interaction":{"idSuffix":"inner"}},"clearTextFirst":true,"interactionType":"ENTER_TEXT"}]}
COMMAND: POST /session/06820c29678f15015ffe824e569d7d5a/execute/async - {"script":"<script> [1562 bytes]","args":[{"selector":{"id":"createOrganizationPop--capacityId","searchOpenDialogs":true,"interaction":{"idSuffix":"inner"}},"wdio_ui5_key":"createOrganizationPopcapacityId"}]}
RESULT: {"script":"<script> [1562 bytes]","args":[{"selector":{"id":"createOrganizationPop--capacityId","searchOpenDialogs":true,"interaction":{"idSuffix":"inner"}},"wdio_ui5_key":"createOrganizationPopcapacityId"}]}
RESULT: undefined
COMMAND: POST /session/06820c29678f15015ffe824e569d7d5a/actions - {"actions":[{"id":"action12","type":"key","parameters":{},"actions":[{"type":"keyDown","value":"î€‡"},{"type":"pause","duration":10},{"type":"keyUp","value":"î€‡"}]}]}
RESULT: {"actions":[{"id":"action12","type":"key","parameters":{},"actions":[{"type":"keyDown","value":"î€‡"},{"type":"pause","duration":10},{"type":"keyUp","value":"î€‡"}]}]}
COMMAND: GET /session/06820c29678f15015ffe824e569d7d5a/screenshot - {}
RESULT: {}
RESULT: undefined
COMMAND: POST /session/06820c29678f15015ffe824e569d7d5a/element - {"using":"xpath","value":"//*[@id=\"createOrganizationPop--finishBtn\"]"}
RESULT: {"using":"xpath","value":"//*[@id=\"createOrganizationPop--finishBtn\"]"}
COMMAND: POST /session/06820c29678f15015ffe824e569d7d5a/element/f.696EFCE712E801319DC54DDC19215679.d.344EBD8E64A3E2D816A174E1160FD40B.e.3692/click - {}
RESULT: {}
COMMAND: GET /session/06820c29678f15015ffe824e569d7d5a/screenshot - {}
RESULT: {}
COMMAND: POST /session/06820c29678f15015ffe824e569d7d5a/element - {"using":"css selector","value":"#shell-header-logo"}
RESULT: {"using":"css selector","value":"#shell-header-logo"}
COMMAND: POST /session/06820c29678f15015ffe824e569d7d5a/element/f.696EFCE712E801319DC54DDC19215679.d.344EBD8E64A3E2D816A174E1160FD40B.e.3575/click - {}
RESULT: {}
COMMAND: GET /session/06820c29678f15015ffe824e569d7d5a/screenshot - {}
RESULT: {}
]]></system-out>
    </testcase>
    <testcase classname="chrome.136_0_7103_93.windows.Stock_increase_-_with_WHM_US125587" name="Create a Warehouse Movement for created yard" time="44.486">
      <system-out><![CDATA[
COMMAND: POST /session/06820c29678f15015ffe824e569d7d5a/execute/async - {"script":"<script> [1562 bytes]","args":[{"selector":{"controlType":"sap.m.GenericTile","properties":{"header":"Manage Warehouse Movements"}},"wdio_ui5_key":"sapm.GenericTile{\"header\":\"Manage Warehouse Movements\"}"}]}
RESULT: {"script":"<script> [1562 bytes]","args":[{"selector":{"controlType":"sap.m.GenericTile","properties":{"header":"Manage Warehouse Movements"}},"wdio_ui5_key":"sapm.GenericTile{\"header\":\"Manage Warehouse Movements\"}"}]}
RESULT: undefined
COMMAND: POST /session/06820c29678f15015ffe824e569d7d5a/element - {"using":"xpath","value":"//*[@id=\"__tile105\"]"}
RESULT: {"using":"xpath","value":"//*[@id=\"__tile105\"]"}
COMMAND: POST /session/06820c29678f15015ffe824e569d7d5a/element/f.696EFCE712E801319DC54DDC19215679.d.344EBD8E64A3E2D816A174E1160FD40B.e.3697/click - {}
RESULT: {}
COMMAND: GET /session/06820c29678f15015ffe824e569d7d5a/screenshot - {}
RESULT: {}
COMMAND: POST /session/06820c29678f15015ffe824e569d7d5a/elements - {"using":"xpath","value":"//span[text()='Error']"}
RESULT: {"using":"xpath","value":"//span[text()='Error']"}
COMMAND: POST /session/06820c29678f15015ffe824e569d7d5a/element - {"using":"xpath","value":"//input[@id='application-warehousemovements-display-component---warehouseMovements--smartFilterBar-filterItemControl_BASIC-YARD-inner']"}
RESULT: {"using":"xpath","value":"//input[@id='application-warehousemovements-display-component---warehouseMovements--smartFilterBar-filterItemControl_BASIC-YARD-inner']"}
COMMAND: POST /session/06820c29678f15015ffe824e569d7d5a/elements - {"using":"xpath","value":"//input[@id='application-warehousemovements-display-component---warehouseMovements--smartFilterBar-filterItemControl_BASIC-YARD-inner']"}
RESULT: {"using":"xpath","value":"//input[@id='application-warehousemovements-display-component---warehouseMovements--smartFilterBar-filterItemControl_BASIC-YARD-inner']"}
COMMAND: POST /session/06820c29678f15015ffe824e569d7d5a/execute/sync - {"script":"<script> [8489 bytes]","args":[{"element-6066-11e4-a52e-4f735466cecf":"f.696EFCE712E801319DC54DDC19215679.d.344EBD8E64A3E2D816A174E1160FD40B.e.3719","ELEMENT":"f.696EFCE712E801319DC54DDC19215679.d.344EBD8E64A3E2D816A174E1160FD40B.e.3719"}]}
RESULT: {"script":"<script> [8489 bytes]","args":[{"element-6066-11e4-a52e-4f735466cecf":"f.696EFCE712E801319DC54DDC19215679.d.344EBD8E64A3E2D816A174E1160FD40B.e.3719","ELEMENT":"f.696EFCE712E801319DC54DDC19215679.d.344EBD8E64A3E2D816A174E1160FD40B.e.3719"}]}
COMMAND: GET /session/06820c29678f15015ffe824e569d7d5a/element/f.696EFCE712E801319DC54DDC19215679.d.344EBD8E64A3E2D816A174E1160FD40B.e.3719/enabled - {}
COMMAND: GET /session/06820c29678f15015ffe824e569d7d5a/screenshot - {}
RESULT: {}
COMMAND: POST /session/06820c29678f15015ffe824e569d7d5a/execute/sync - {"script":"<script> [8489 bytes]","args":[{"element-6066-11e4-a52e-4f735466cecf":"f.696EFCE712E801319DC54DDC19215679.d.344EBD8E64A3E2D816A174E1160FD40B.e.3719","ELEMENT":"f.696EFCE712E801319DC54DDC19215679.d.344EBD8E64A3E2D816A174E1160FD40B.e.3719"}]}
COMMAND: GET /session/06820c29678f15015ffe824e569d7d5a/screenshot - {}
RESULT: {}
RESULT: {"script":"<script> [8489 bytes]","args":[{"element-6066-11e4-a52e-4f735466cecf":"f.696EFCE712E801319DC54DDC19215679.d.344EBD8E64A3E2D816A174E1160FD40B.e.3719","ELEMENT":"f.696EFCE712E801319DC54DDC19215679.d.344EBD8E64A3E2D816A174E1160FD40B.e.3719"}]}
COMMAND: POST /session/06820c29678f15015ffe824e569d7d5a/execute/sync - {"script":"<script> [5351 bytes]","args":[{"element-6066-11e4-a52e-4f735466cecf":"f.696EFCE712E801319DC54DDC19215679.d.344EBD8E64A3E2D816A174E1160FD40B.e.3719","ELEMENT":"f.696EFCE712E801319DC54DDC19215679.d.344EBD8E64A3E2D816A174E1160FD40B.e.3719"}]}
COMMAND: GET /session/06820c29678f15015ffe824e569d7d5a/screenshot - {}
RESULT: {}
RESULT: {"script":"<script> [5351 bytes]","args":[{"element-6066-11e4-a52e-4f735466cecf":"f.696EFCE712E801319DC54DDC19215679.d.344EBD8E64A3E2D816A174E1160FD40B.e.3719","ELEMENT":"f.696EFCE712E801319DC54DDC19215679.d.344EBD8E64A3E2D816A174E1160FD40B.e.3719"}]}
COMMAND: GET /session/06820c29678f15015ffe824e569d7d5a/screenshot - {}
RESULT: {}
RESULT: {}
COMMAND: POST /session/06820c29678f15015ffe824e569d7d5a/element/f.696EFCE712E801319DC54DDC19215679.d.344EBD8E64A3E2D816A174E1160FD40B.e.3719/clear - {}
RESULT: {}
COMMAND: POST /session/06820c29678f15015ffe824e569d7d5a/element/f.696EFCE712E801319DC54DDC19215679.d.344EBD8E64A3E2D816A174E1160FD40B.e.3719/value - {"text":"556"}
COMMAND: GET /session/06820c29678f15015ffe824e569d7d5a/screenshot - {}
RESULT: {"text":"556"}
COMMAND: POST /session/06820c29678f15015ffe824e569d7d5a/actions - {"actions":[{"id":"action13","type":"key","parameters":{},"actions":[{"type":"keyDown","value":"î€‡"},{"type":"pause","duration":10},{"type":"keyUp","value":"î€‡"}]}]}
COMMAND: GET /session/06820c29678f15015ffe824e569d7d5a/screenshot - {}
RESULT: {}
RESULT: {"actions":[{"id":"action13","type":"key","parameters":{},"actions":[{"type":"keyDown","value":"î€‡"},{"type":"pause","duration":10},{"type":"keyUp","value":"î€‡"}]}]}
COMMAND: GET /session/06820c29678f15015ffe824e569d7d5a/screenshot - {}
RESULT: {}
RESULT: {}
COMMAND: POST /session/06820c29678f15015ffe824e569d7d5a/element - {"using":"xpath","value":"//button[contains(@data-kt, \"MasterMovementAddOverflowToolbarButton\")]"}
RESULT: {"using":"xpath","value":"//button[contains(@data-kt, \"MasterMovementAddOverflowToolbarButton\")]"}
COMMAND: POST /session/06820c29678f15015ffe824e569d7d5a/element/f.696EFCE712E801319DC54DDC19215679.d.344EBD8E64A3E2D816A174E1160FD40B.e.3741/click - {}
RESULT: {}
COMMAND: GET /session/06820c29678f15015ffe824e569d7d5a/screenshot - {}
RESULT: {}
COMMAND: POST /session/06820c29678f15015ffe824e569d7d5a/element - {"using":"xpath","value":"//*[@id=\"application-warehousemovements-display-component---addMovement--sectionsList-arrow\"]"}
RESULT: {"using":"xpath","value":"//*[@id=\"application-warehousemovements-display-component---addMovement--sectionsList-arrow\"]"}
COMMAND: POST /session/06820c29678f15015ffe824e569d7d5a/element/f.696EFCE712E801319DC54DDC19215679.d.344EBD8E64A3E2D816A174E1160FD40B.e.3889/click - {}
RESULT: {}
COMMAND: POST /session/06820c29678f15015ffe824e569d7d5a/actions - {"actions":[{"id":"action14","type":"key","parameters":{},"actions":[{"type":"keyDown","value":"î€•"},{"type":"pause","duration":10},{"type":"keyUp","value":"î€•"}]}]}
COMMAND: GET /session/06820c29678f15015ffe824e569d7d5a/screenshot - {}
RESULT: {"actions":[{"id":"action14","type":"key","parameters":{},"actions":[{"type":"keyDown","value":"î€•"},{"type":"pause","duration":10},{"type":"keyUp","value":"î€•"}]}]}
COMMAND: GET /session/06820c29678f15015ffe824e569d7d5a/screenshot - {}
RESULT: {}
RESULT: {}
COMMAND: POST /session/06820c29678f15015ffe824e569d7d5a/actions - {"actions":[{"id":"action15","type":"key","parameters":{},"actions":[{"type":"keyDown","value":"î€‡"},{"type":"pause","duration":10},{"type":"keyUp","value":"î€‡"}]}]}
RESULT: {"actions":[{"id":"action15","type":"key","parameters":{},"actions":[{"type":"keyDown","value":"î€‡"},{"type":"pause","duration":10},{"type":"keyUp","value":"î€‡"}]}]}
COMMAND: GET /session/06820c29678f15015ffe824e569d7d5a/screenshot - {}
RESULT: {}
COMMAND: POST /session/06820c29678f15015ffe824e569d7d5a/element - {"using":"xpath","value":"//*[@id=\"application-warehousemovements-display-component---addMovement--saveMovementBtn-BDI-content\" and text()=\"Save\"]"}
RESULT: {"using":"xpath","value":"//*[@id=\"application-warehousemovements-display-component---addMovement--saveMovementBtn-BDI-content\" and text()=\"Save\"]"}
COMMAND: POST /session/06820c29678f15015ffe824e569d7d5a/element/f.696EFCE712E801319DC54DDC19215679.d.344EBD8E64A3E2D816A174E1160FD40B.e.3892/click - {}
RESULT: {}
COMMAND: GET /session/06820c29678f15015ffe824e569d7d5a/screenshot - {}
RESULT: {}
COMMAND: POST /session/06820c29678f15015ffe824e569d7d5a/element - {"using":"css selector","value":"#shell-header-logo"}
RESULT: {"using":"css selector","value":"#shell-header-logo"}
COMMAND: POST /session/06820c29678f15015ffe824e569d7d5a/element/f.696EFCE712E801319DC54DDC19215679.d.344EBD8E64A3E2D816A174E1160FD40B.e.3700/click - {}
RESULT: {}
COMMAND: GET /session/06820c29678f15015ffe824e569d7d5a/screenshot - {}
RESULT: {}
]]></system-out>
    </testcase>
    <testcase classname="chrome.136_0_7103_93.windows.Stock_increase_-_with_WHM_US125587" name="Should do a stock increase handover" time="87.585">
      <system-out><![CDATA[
COMMAND: POST /session/06820c29678f15015ffe824e569d7d5a/execute/async - {"script":"<script> [1562 bytes]","args":[{"selector":{"controlType":"sap.m.GenericTile","properties":{"header":"Manage Handovers"}},"wdio_ui5_key":"sapm.GenericTile{\"header\":\"Manage Handovers\"}"}]}
RESULT: {"script":"<script> [1562 bytes]","args":[{"selector":{"controlType":"sap.m.GenericTile","properties":{"header":"Manage Handovers"}},"wdio_ui5_key":"sapm.GenericTile{\"header\":\"Manage Handovers\"}"}]}
RESULT: undefined
COMMAND: POST /session/06820c29678f15015ffe824e569d7d5a/element - {"using":"xpath","value":"//*[@id=\"__tile131\"]"}
RESULT: {"using":"xpath","value":"//*[@id=\"__tile131\"]"}
COMMAND: POST /session/06820c29678f15015ffe824e569d7d5a/element/f.696EFCE712E801319DC54DDC19215679.d.344EBD8E64A3E2D816A174E1160FD40B.e.210/click - {}
RESULT: {}
COMMAND: GET /session/06820c29678f15015ffe824e569d7d5a/screenshot - {}
RESULT: {}
COMMAND: POST /session/06820c29678f15015ffe824e569d7d5a/elements - {"using":"xpath","value":"//span[text()='Error']"}
RESULT: {"using":"xpath","value":"//span[text()='Error']"}
COMMAND: POST /session/06820c29678f15015ffe824e569d7d5a/element - {"using":"xpath","value":"//button[@data-kt=\"masterHOAddButton\"]"}
RESULT: {"using":"xpath","value":"//button[@data-kt=\"masterHOAddButton\"]"}
COMMAND: POST /session/06820c29678f15015ffe824e569d7d5a/elements - {"using":"xpath","value":"//button[@data-kt=\"masterHOAddButton\"]"}
RESULT: {"using":"xpath","value":"//button[@data-kt=\"masterHOAddButton\"]"}
COMMAND: POST /session/06820c29678f15015ffe824e569d7d5a/execute/sync - {"script":"<script> [8489 bytes]","args":[{"element-6066-11e4-a52e-4f735466cecf":"f.696EFCE712E801319DC54DDC19215679.d.344EBD8E64A3E2D816A174E1160FD40B.e.3984","ELEMENT":"f.696EFCE712E801319DC54DDC19215679.d.344EBD8E64A3E2D816A174E1160FD40B.e.3984"}]}
RESULT: {"script":"<script> [8489 bytes]","args":[{"element-6066-11e4-a52e-4f735466cecf":"f.696EFCE712E801319DC54DDC19215679.d.344EBD8E64A3E2D816A174E1160FD40B.e.3984","ELEMENT":"f.696EFCE712E801319DC54DDC19215679.d.344EBD8E64A3E2D816A174E1160FD40B.e.3984"}]}
COMMAND: GET /session/06820c29678f15015ffe824e569d7d5a/element/f.696EFCE712E801319DC54DDC19215679.d.344EBD8E64A3E2D816A174E1160FD40B.e.3984/enabled - {}
COMMAND: GET /session/06820c29678f15015ffe824e569d7d5a/screenshot - {}
RESULT: {}
COMMAND: POST /session/06820c29678f15015ffe824e569d7d5a/execute/sync - {"script":"<script> [8489 bytes]","args":[{"element-6066-11e4-a52e-4f735466cecf":"f.696EFCE712E801319DC54DDC19215679.d.344EBD8E64A3E2D816A174E1160FD40B.e.3984","ELEMENT":"f.696EFCE712E801319DC54DDC19215679.d.344EBD8E64A3E2D816A174E1160FD40B.e.3984"}]}
COMMAND: GET /session/06820c29678f15015ffe824e569d7d5a/screenshot - {}
RESULT: {}
RESULT: {"script":"<script> [8489 bytes]","args":[{"element-6066-11e4-a52e-4f735466cecf":"f.696EFCE712E801319DC54DDC19215679.d.344EBD8E64A3E2D816A174E1160FD40B.e.3984","ELEMENT":"f.696EFCE712E801319DC54DDC19215679.d.344EBD8E64A3E2D816A174E1160FD40B.e.3984"}]}
COMMAND: POST /session/06820c29678f15015ffe824e569d7d5a/execute/sync - {"script":"<script> [5351 bytes]","args":[{"element-6066-11e4-a52e-4f735466cecf":"f.696EFCE712E801319DC54DDC19215679.d.344EBD8E64A3E2D816A174E1160FD40B.e.3984","ELEMENT":"f.696EFCE712E801319DC54DDC19215679.d.344EBD8E64A3E2D816A174E1160FD40B.e.3984"}]}
COMMAND: GET /session/06820c29678f15015ffe824e569d7d5a/screenshot - {}
RESULT: {}
RESULT: {"script":"<script> [5351 bytes]","args":[{"element-6066-11e4-a52e-4f735466cecf":"f.696EFCE712E801319DC54DDC19215679.d.344EBD8E64A3E2D816A174E1160FD40B.e.3984","ELEMENT":"f.696EFCE712E801319DC54DDC19215679.d.344EBD8E64A3E2D816A174E1160FD40B.e.3984"}]}
COMMAND: POST /session/06820c29678f15015ffe824e569d7d5a/element/f.696EFCE712E801319DC54DDC19215679.d.344EBD8E64A3E2D816A174E1160FD40B.e.3984/click - {}
COMMAND: GET /session/06820c29678f15015ffe824e569d7d5a/screenshot - {}
RESULT: {}
RESULT: {}
COMMAND: GET /session/06820c29678f15015ffe824e569d7d5a/screenshot - {}
RESULT: {}
RESULT: {}
COMMAND: POST /session/06820c29678f15015ffe824e569d7d5a/element - {"using":"xpath","value":"//span[contains(@id ,\"AddNewHO--typeSelect-arrow\")]"}
RESULT: {"using":"xpath","value":"//span[contains(@id ,\"AddNewHO--typeSelect-arrow\")]"}
COMMAND: POST /session/06820c29678f15015ffe824e569d7d5a/element/f.696EFCE712E801319DC54DDC19215679.d.344EBD8E64A3E2D816A174E1160FD40B.e.4360/click - {}
RESULT: {}
COMMAND: GET /session/06820c29678f15015ffe824e569d7d5a/screenshot - {}
RESULT: {}
COMMAND: POST /session/06820c29678f15015ffe824e569d7d5a/element - {"using":"xpath","value":"(//li[contains(text(), \"stock increase yard\")])[1]"}
RESULT: {"using":"xpath","value":"(//li[contains(text(), \"stock increase yard\")])[1]"}
COMMAND: POST /session/06820c29678f15015ffe824e569d7d5a/element/f.696EFCE712E801319DC54DDC19215679.d.344EBD8E64A3E2D816A174E1160FD40B.e.4361/click - {}
RESULT: {}
COMMAND: GET /session/06820c29678f15015ffe824e569d7d5a/screenshot - {}
RESULT: {}
COMMAND: POST /session/06820c29678f15015ffe824e569d7d5a/execute/async - {"script":"<script> [1562 bytes]","args":[{"selector":{"id":"application-managehandovers-display-component---AddNewHO--dueDate","interaction":{"idSuffix":"inner"}},"wdio_ui5_key":"applicationmanagehandovers-display-component---AddNewHO--dueDate"}]}
RESULT: {"script":"<script> [1562 bytes]","args":[{"selector":{"id":"application-managehandovers-display-component---AddNewHO--dueDate","interaction":{"idSuffix":"inner"}},"wdio_ui5_key":"applicationmanagehandovers-display-component---AddNewHO--dueDate"}]}
RESULT: undefined
COMMAND: POST /session/06820c29678f15015ffe824e569d7d5a/execute/async - {"script":"<script> [6424 bytes]","args":[{"element-6066-11e4-a52e-4f735466cecf":"f.696EFCE712E801319DC54DDC19215679.d.344EBD8E64A3E2D816A174E1160FD40B.e.4363"},"setValue",["5/19/25"]]}
RESULT: {"script":"<script> [6424 bytes]","args":[{"element-6066-11e4-a52e-4f735466cecf":"f.696EFCE712E801319DC54DDC19215679.d.344EBD8E64A3E2D816A174E1160FD40B.e.4363"},"setValue",["5/19/25"]]}
COMMAND: POST /session/06820c29678f15015ffe824e569d7d5a/element - {"using":"xpath","value":"//input[@id=\"generalSectionFrg--receiveYard-inner\"]"}
RESULT: {"using":"xpath","value":"//input[@id=\"generalSectionFrg--receiveYard-inner\"]"}
COMMAND: POST /session/06820c29678f15015ffe824e569d7d5a/element/f.696EFCE712E801319DC54DDC19215679.d.344EBD8E64A3E2D816A174E1160FD40B.e.4367/clear - {}
RESULT: {}
COMMAND: POST /session/06820c29678f15015ffe824e569d7d5a/element/f.696EFCE712E801319DC54DDC19215679.d.344EBD8E64A3E2D816A174E1160FD40B.e.4367/value - {"text":"556"}
COMMAND: GET /session/06820c29678f15015ffe824e569d7d5a/screenshot - {}
RESULT: {"text":"556"}
COMMAND: GET /session/06820c29678f15015ffe824e569d7d5a/screenshot - {}
RESULT: {}
RESULT: {}
COMMAND: POST /session/06820c29678f15015ffe824e569d7d5a/element - {"using":"xpath","value":"//li[.//span[text()='556']]"}
RESULT: {"using":"xpath","value":"//li[.//span[text()='556']]"}
COMMAND: POST /session/06820c29678f15015ffe824e569d7d5a/element/f.696EFCE712E801319DC54DDC19215679.d.344EBD8E64A3E2D816A174E1160FD40B.e.4384/click - {}
RESULT: {}
COMMAND: GET /session/06820c29678f15015ffe824e569d7d5a/screenshot - {}
RESULT: {}
COMMAND: POST /session/06820c29678f15015ffe824e569d7d5a/execute/async - {"script":"<script> [1562 bytes]","args":[{"selector":{"id":"application-managehandovers-display-component---AddNewHO--ObjectPageLayout-anchBar-application-managehandovers-display-component---AddNewHO--section4-anchor","interaction":{"idSuffix":"BDI-content"}},"wdio_ui5_key":"applicationmanagehandovers-display-component---AddNewHO--ObjectPageLayout-anchBar-application-managehandovers-display-component---AddNewHO--section4-anchor"}]}
RESULT: {"script":"<script> [1562 bytes]","args":[{"selector":{"id":"application-managehandovers-display-component---AddNewHO--ObjectPageLayout-anchBar-application-managehandovers-display-component---AddNewHO--section4-anchor","interaction":{"idSuffix":"BDI-content"}},"wdio_ui5_key":"applicationmanagehandovers-display-component---AddNewHO--ObjectPageLayout-anchBar-application-managehandovers-display-component---AddNewHO--section4-anchor"}]}
RESULT: undefined
COMMAND: POST /session/06820c29678f15015ffe824e569d7d5a/element - {"using":"xpath","value":"//*[@id=\"application-managehandovers-display-component---AddNewHO--ObjectPageLayout-anchBar-application-managehandovers-display-component---AddNewHO--section4-anchor\"]"}
RESULT: {"using":"xpath","value":"//*[@id=\"application-managehandovers-display-component---AddNewHO--ObjectPageLayout-anchBar-application-managehandovers-display-component---AddNewHO--section4-anchor\"]"}
COMMAND: POST /session/06820c29678f15015ffe824e569d7d5a/element/f.696EFCE712E801319DC54DDC19215679.d.344EBD8E64A3E2D816A174E1160FD40B.e.4386/click - {}
RESULT: {}
COMMAND: POST /session/06820c29678f15015ffe824e569d7d5a/element - {"using":"xpath","value":"//button[@aria-label=\"Add\"]"}
COMMAND: GET /session/06820c29678f15015ffe824e569d7d5a/screenshot - {}
RESULT: {"using":"xpath","value":"//button[@aria-label=\"Add\"]"}
COMMAND: POST /session/06820c29678f15015ffe824e569d7d5a/element/f.696EFCE712E801319DC54DDC19215679.d.344EBD8E64A3E2D816A174E1160FD40B.e.4389/click - {}
RESULT: {}
RESULT: {}
COMMAND: GET /session/06820c29678f15015ffe824e569d7d5a/screenshot - {}
RESULT: {}
COMMAND: POST /session/06820c29678f15015ffe824e569d7d5a/execute/async - {"script":"<script> [1562 bytes]","args":[{"selector":{"id":"application-managehandovers-display-component---AddNewHO--smartFilterBar-btnBasicSearch","searchOpenDialogs":true,"interaction":{"idSuffix":"I"}},"wdio_ui5_key":"applicationmanagehandovers-display-component---AddNewHO--smartFilterBar-btnBasicSearch"}]}
RESULT: {"script":"<script> [1562 bytes]","args":[{"selector":{"id":"application-managehandovers-display-component---AddNewHO--smartFilterBar-btnBasicSearch","searchOpenDialogs":true,"interaction":{"idSuffix":"I"}},"wdio_ui5_key":"applicationmanagehandovers-display-component---AddNewHO--smartFilterBar-btnBasicSearch"}]}
RESULT: undefined
COMMAND: POST /session/06820c29678f15015ffe824e569d7d5a/execute/async - {"script":"<script> [776 bytes]","args":[{"enterText":"200300","selector":{"id":"application-managehandovers-display-component---AddNewHO--smartFilterBar-btnBasicSearch","searchOpenDialogs":true,"interaction":{"idSuffix":"I"}},"clearTextFirst":true,"interactionType":"ENTER_TEXT"}]}
RESULT: {"script":"<script> [776 bytes]","args":[{"enterText":"200300","selector":{"id":"application-managehandovers-display-component---AddNewHO--smartFilterBar-btnBasicSearch","searchOpenDialogs":true,"interaction":{"idSuffix":"I"}},"clearTextFirst":true,"interactionType":"ENTER_TEXT"}]}
COMMAND: POST /session/06820c29678f15015ffe824e569d7d5a/actions - {"actions":[{"id":"action16","type":"key","parameters":{},"actions":[{"type":"keyDown","value":"î€‡"},{"type":"pause","duration":10},{"type":"keyUp","value":"î€‡"}]}]}
RESULT: {"actions":[{"id":"action16","type":"key","parameters":{},"actions":[{"type":"keyDown","value":"î€‡"},{"type":"pause","duration":10},{"type":"keyUp","value":"î€‡"}]}]}
COMMAND: GET /session/06820c29678f15015ffe824e569d7d5a/screenshot - {}
RESULT: {}
COMMAND: POST /session/06820c29678f15015ffe824e569d7d5a/execute/async - {"script":"<script> [1562 bytes]","args":[{"selector":{"id":"application-managehandovers-display-component---AddNewHO--popup-sa","searchOpenDialogs":true,"interaction":{"idSuffix":"CbBg"}},"wdio_ui5_key":"applicationmanagehandovers-display-component---AddNewHO--popup-sa"}]}
RESULT: {"script":"<script> [1562 bytes]","args":[{"selector":{"id":"application-managehandovers-display-component---AddNewHO--popup-sa","searchOpenDialogs":true,"interaction":{"idSuffix":"CbBg"}},"wdio_ui5_key":"applicationmanagehandovers-display-component---AddNewHO--popup-sa"}]}
RESULT: undefined
COMMAND: POST /session/06820c29678f15015ffe824e569d7d5a/element - {"using":"xpath","value":"//*[@id=\"application-managehandovers-display-component---AddNewHO--popup-sa\"]"}
RESULT: {"using":"xpath","value":"//*[@id=\"application-managehandovers-display-component---AddNewHO--popup-sa\"]"}
COMMAND: POST /session/06820c29678f15015ffe824e569d7d5a/element/f.696EFCE712E801319DC54DDC19215679.d.344EBD8E64A3E2D816A174E1160FD40B.e.4543/click - {}
RESULT: {}
COMMAND: GET /session/06820c29678f15015ffe824e569d7d5a/screenshot - {}
RESULT: {}
COMMAND: POST /session/06820c29678f15015ffe824e569d7d5a/element - {"using":"xpath","value":"//bdi[contains(text(), \"Select\")]"}
RESULT: {"using":"xpath","value":"//bdi[contains(text(), \"Select\")]"}
COMMAND: POST /session/06820c29678f15015ffe824e569d7d5a/element/f.696EFCE712E801319DC54DDC19215679.d.344EBD8E64A3E2D816A174E1160FD40B.e.4544/click - {}
RESULT: {}
COMMAND: GET /session/06820c29678f15015ffe824e569d7d5a/screenshot - {}
RESULT: {}
COMMAND: POST /session/06820c29678f15015ffe824e569d7d5a/element - {"using":"xpath","value":"//button[@data-kt=\"AddNewHOSaveButton\"]"}
RESULT: {"using":"xpath","value":"//button[@data-kt=\"AddNewHOSaveButton\"]"}
COMMAND: POST /session/06820c29678f15015ffe824e569d7d5a/element/f.696EFCE712E801319DC54DDC19215679.d.344EBD8E64A3E2D816A174E1160FD40B.e.4548/click - {}
RESULT: {}
COMMAND: GET /session/06820c29678f15015ffe824e569d7d5a/screenshot - {}
RESULT: {}
COMMAND: POST /session/06820c29678f15015ffe824e569d7d5a/execute/async - {"script":"<script> [1562 bytes]","args":[{"selector":{"id":"receiptDatePicker","viewName":"etm.portal.ui.managehandovers.view.DetailExecuteHO","interaction":{"idSuffix":"inner"}},"wdio_ui5_key":"receiptDatePickeretmportal.ui.managehandovers.view.DetailExecuteHO"}]}
RESULT: {"script":"<script> [1562 bytes]","args":[{"selector":{"id":"receiptDatePicker","viewName":"etm.portal.ui.managehandovers.view.DetailExecuteHO","interaction":{"idSuffix":"inner"}},"wdio_ui5_key":"receiptDatePickeretmportal.ui.managehandovers.view.DetailExecuteHO"}]}
RESULT: undefined
COMMAND: POST /session/06820c29678f15015ffe824e569d7d5a/execute/async - {"script":"<script> [6424 bytes]","args":[{"element-6066-11e4-a52e-4f735466cecf":"f.696EFCE712E801319DC54DDC19215679.d.344EBD8E64A3E2D816A174E1160FD40B.e.4567"},"setValue",["5/19/25"]]}
RESULT: {"script":"<script> [6424 bytes]","args":[{"element-6066-11e4-a52e-4f735466cecf":"f.696EFCE712E801319DC54DDC19215679.d.344EBD8E64A3E2D816A174E1160FD40B.e.4567"},"setValue",["5/19/25"]]}
COMMAND: POST /session/06820c29678f15015ffe824e569d7d5a/element - {"using":"xpath","value":"//button[@data-kt=\"PickingTableConfirmAllButton\"]"}
RESULT: {"using":"xpath","value":"//button[@data-kt=\"PickingTableConfirmAllButton\"]"}
COMMAND: POST /session/06820c29678f15015ffe824e569d7d5a/element/f.696EFCE712E801319DC54DDC19215679.d.344EBD8E64A3E2D816A174E1160FD40B.e.4584/click - {}
RESULT: {}
COMMAND: GET /session/06820c29678f15015ffe824e569d7d5a/screenshot - {}
RESULT: {}
COMMAND: POST /session/06820c29678f15015ffe824e569d7d5a/element - {"using":"xpath","value":"//bdi[contains(text(), \"OK\")]"}
RESULT: {"using":"xpath","value":"//bdi[contains(text(), \"OK\")]"}
COMMAND: POST /session/06820c29678f15015ffe824e569d7d5a/element/f.696EFCE712E801319DC54DDC19215679.d.344EBD8E64A3E2D816A174E1160FD40B.e.4586/click - {}
RESULT: {}
COMMAND: GET /session/06820c29678f15015ffe824e569d7d5a/screenshot - {}
RESULT: {}
COMMAND: POST /session/06820c29678f15015ffe824e569d7d5a/element - {"using":"xpath","value":"(//bdi[contains(text(), \"Receive\")])[2]"}
RESULT: {"using":"xpath","value":"(//bdi[contains(text(), \"Receive\")])[2]"}
COMMAND: POST /session/06820c29678f15015ffe824e569d7d5a/element/f.696EFCE712E801319DC54DDC19215679.d.344EBD8E64A3E2D816A174E1160FD40B.e.4588/click - {}
RESULT: {}
COMMAND: GET /session/06820c29678f15015ffe824e569d7d5a/screenshot - {}
RESULT: {}
COMMAND: POST /session/06820c29678f15015ffe824e569d7d5a/element - {"using":"css selector","value":"#shell-header-logo"}
RESULT: {"using":"css selector","value":"#shell-header-logo"}
COMMAND: POST /session/06820c29678f15015ffe824e569d7d5a/element/f.696EFCE712E801319DC54DDC19215679.d.344EBD8E64A3E2D816A174E1160FD40B.e.3960/click - {}
RESULT: {}
COMMAND: GET /session/06820c29678f15015ffe824e569d7d5a/screenshot - {}
RESULT: {}
COMMAND: POST /session/06820c29678f15015ffe824e569d7d5a/element - {"using":"css selector","value":"#j_username"}
COMMAND: POST /session/06820c29678f15015ffe824e569d7d5a/url - {"url":"https://qa-testing-00-live-etm-ui.cfapps.eu10-004.hana.ondemand.com/"}
RESULT: {"using":"css selector","value":"#j_username"}
COMMAND: POST /session/06820c29678f15015ffe824e569d7d5a/element - {"using":"css selector","value":"#j_username"}
RESULT: {"url":"https://qa-testing-00-live-etm-ui.cfapps.eu10-004.hana.ondemand.com/"}
RESULT: undefined
COMMAND: GET /session/06820c29678f15015ffe824e569d7d5a/screenshot - {}
RESULT: {"using":"css selector","value":"#j_username"}
COMMAND: POST /session/06820c29678f15015ffe824e569d7d5a/element - {"using":"css selector","value":"#shell-header-logo"}
RESULT: {}
RESULT: {"using":"css selector","value":"#shell-header-logo"}
COMMAND: POST /session/06820c29678f15015ffe824e569d7d5a/execute/sync - {"script":"<script> [8489 bytes]","args":[{"element-6066-11e4-a52e-4f735466cecf":"f.696EFCE712E801319DC54DDC19215679.d.5BE885278B1AA5220E48FBD5FF561C65.e.4879","ELEMENT":"f.696EFCE712E801319DC54DDC19215679.d.5BE885278B1AA5220E48FBD5FF561C65.e.4879"}]}
RESULT: {"script":"<script> [8489 bytes]","args":[{"element-6066-11e4-a52e-4f735466cecf":"f.696EFCE712E801319DC54DDC19215679.d.5BE885278B1AA5220E48FBD5FF561C65.e.4879","ELEMENT":"f.696EFCE712E801319DC54DDC19215679.d.5BE885278B1AA5220E48FBD5FF561C65.e.4879"}]}
COMMAND: POST /session/06820c29678f15015ffe824e569d7d5a/element - {"using":"css selector","value":"#shell-header-logo"}
COMMAND: GET /session/06820c29678f15015ffe824e569d7d5a/screenshot - {}
RESULT: {"using":"css selector","value":"#shell-header-logo"}
COMMAND: POST /session/06820c29678f15015ffe824e569d7d5a/execute/sync - {"script":"<script> [8489 bytes]","args":[{"element-6066-11e4-a52e-4f735466cecf":"f.696EFCE712E801319DC54DDC19215679.d.5BE885278B1AA5220E48FBD5FF561C65.e.4879","ELEMENT":"f.696EFCE712E801319DC54DDC19215679.d.5BE885278B1AA5220E48FBD5FF561C65.e.4879"}]}
RESULT: {}
RESULT: {"script":"<script> [8489 bytes]","args":[{"element-6066-11e4-a52e-4f735466cecf":"f.696EFCE712E801319DC54DDC19215679.d.5BE885278B1AA5220E48FBD5FF561C65.e.4879","ELEMENT":"f.696EFCE712E801319DC54DDC19215679.d.5BE885278B1AA5220E48FBD5FF561C65.e.4879"}]}
COMMAND: POST /session/06820c29678f15015ffe824e569d7d5a/execute/sync - {"script":"<script> [5351 bytes]","args":[{"element-6066-11e4-a52e-4f735466cecf":"f.696EFCE712E801319DC54DDC19215679.d.5BE885278B1AA5220E48FBD5FF561C65.e.4879","ELEMENT":"f.696EFCE712E801319DC54DDC19215679.d.5BE885278B1AA5220E48FBD5FF561C65.e.4879"}]}
COMMAND: GET /session/06820c29678f15015ffe824e569d7d5a/screenshot - {}
RESULT: {"script":"<script> [5351 bytes]","args":[{"element-6066-11e4-a52e-4f735466cecf":"f.696EFCE712E801319DC54DDC19215679.d.5BE885278B1AA5220E48FBD5FF561C65.e.4879","ELEMENT":"f.696EFCE712E801319DC54DDC19215679.d.5BE885278B1AA5220E48FBD5FF561C65.e.4879"}]}
COMMAND: POST /session/06820c29678f15015ffe824e569d7d5a/element - {"using":"css selector","value":"#shell-header-logo"}
COMMAND: GET /session/06820c29678f15015ffe824e569d7d5a/screenshot - {}
RESULT: {}
RESULT: {"using":"css selector","value":"#shell-header-logo"}
COMMAND: POST /session/06820c29678f15015ffe824e569d7d5a/element/f.696EFCE712E801319DC54DDC19215679.d.5BE885278B1AA5220E48FBD5FF561C65.e.4879/click - {}
RESULT: {}
RESULT: {}
COMMAND: GET /session/06820c29678f15015ffe824e569d7d5a/screenshot - {}
RESULT: {}
COMMAND: POST /session/06820c29678f15015ffe824e569d7d5a/execute/async - {"script":"<script> [189 bytes]","args":[]}
RESULT: {"script":"<script> [189 bytes]","args":[]}
COMMAND: POST /session/06820c29678f15015ffe824e569d7d5a/execute/async - {"script":"<script> [123 bytes]","args":[]}
RESULT: {"script":"<script> [123 bytes]","args":[]}
COMMAND: POST /session/06820c29678f15015ffe824e569d7d5a/timeouts - {"script":"<number>"}
RESULT: {"script":"<number>"}
COMMAND: GET /session/06820c29678f15015ffe824e569d7d5a/timeouts - {}
RESULT: {}
RESULT: undefined
COMMAND: POST /session/06820c29678f15015ffe824e569d7d5a/execute/async - {"script":"<script> [2676 bytes]","args":[]}
RESULT: {"script":"<script> [2676 bytes]","args":[]}
COMMAND: POST /session/06820c29678f15015ffe824e569d7d5a/execute/async - {"script":"<script> [2342 bytes]","args":[{"protocol":"http","hostname":"0.0.0.0","path":"/","capabilities":{"browserName":"chrome","goog:chromeOptions":{"binary":"C:\\Program Files\\Google\\Chrome\\Application\\chrome.exe","args":["--start-maximized"]}},"logLevel":"warn","connectionRetryTimeout":120000,"connectionRetryCount":3,"logLevels":{},"enableDirectConnect":true,"strictSSL":true,"_":"65 more keys: [\"cacheDir\",\"port\",\"requestedCapabilities\",\"automationProtocol\",\"baseUrl\",\"waitforInterval\",\"waitforTimeout\",\"onReload\",\"beforeCommand\",\"afterCommand\",\"rootDir\",\"specs\",\"suites\",\"exclude\",\"groupLogsByTestSpec\",\"excludeDriverLogs\",\"bail\",\"framework\",\"reporters\",\"services\",\"maxInstances\",\"maxInstancesPerCapability\",\"injectGlobals\",\"filesToWatch\",\"execArgv\",\"runnerEnv\",\"runner\",\"shard\",\"specFileRetries\",\"specFileRetriesDelay\",\"specFileRetriesDeferred\",\"reporterSyncInterval\",\"reporterSyncTimeout\",\"cucumberFeaturesWithLineNumbers\",\"autoCompileOpts\",\"mochaOpts\",\"jasmineOpts\",\"cucumberOpts\",\"onPrepare\",\"onWorkerStart\",\"onWorkerEnd\",\"before\",\"beforeSession\",\"beforeSuite\",\"beforeHook\",\"beforeTest\",\"afterTest\",\"afterHook\",\"afterSuite\",\"afterSession\",\"after\",\"onComplete\",\"beforeAssertion\",\"afterAssertion\",\"beforeFeature\",\"beforeScenario\",\"beforeStep\",\"afterStep\",\"afterScenario\",\"afterFeature\",\"_\",\"suite\",\"$0\",\"ignoredWorkerServices\",\"wdi5\"]"}]}
RESULT: {"script":"<script> [2342 bytes]","args":[{"protocol":"http","hostname":"0.0.0.0","path":"/","capabilities":{"browserName":"chrome","goog:chromeOptions":{"binary":"C:\\Program Files\\Google\\Chrome\\Application\\chrome.exe","args":["--start-maximized"]}},"logLevel":"warn","connectionRetryTimeout":120000,"connectionRetryCount":3,"logLevels":{},"enableDirectConnect":true,"strictSSL":true,"_":"65 more keys: [\"cacheDir\",\"port\",\"requestedCapabilities\",\"automationProtocol\",\"baseUrl\",\"waitforInterval\",\"waitforTimeout\",\"onReload\",\"beforeCommand\",\"afterCommand\",\"rootDir\",\"specs\",\"suites\",\"exclude\",\"groupLogsByTestSpec\",\"excludeDriverLogs\",\"bail\",\"framework\",\"reporters\",\"services\",\"maxInstances\",\"maxInstancesPerCapability\",\"injectGlobals\",\"filesToWatch\",\"execArgv\",\"runnerEnv\",\"runner\",\"shard\",\"specFileRetries\",\"specFileRetriesDelay\",\"specFileRetriesDeferred\",\"reporterSyncInterval\",\"reporterSyncTimeout\",\"cucumberFeaturesWithLineNumbers\",\"autoCompileOpts\",\"mochaOpts\",\"jasmineOpts\",\"cucumberOpts\",\"onPrepare\",\"onWorkerStart\",\"onWorkerEnd\",\"before\",\"beforeSession\",\"beforeSuite\",\"beforeHook\",\"beforeTest\",\"afterTest\",\"afterHook\",\"afterSuite\",\"afterSession\",\"after\",\"onComplete\",\"beforeAssertion\",\"afterAssertion\",\"beforeFeature\",\"beforeScenario\",\"beforeStep\",\"afterStep\",\"afterScenario\",\"afterFeature\",\"_\",\"suite\",\"$0\",\"ignoredWorkerServices\",\"wdi5\"]"}]}
COMMAND: POST /session/06820c29678f15015ffe824e569d7d5a/execute/async - {"script":"<script> [21126 bytes]","args":[35000]}
RESULT: {"script":"<script> [21126 bytes]","args":[35000]}
COMMAND: POST /session/06820c29678f15015ffe824e569d7d5a/window/maximize - {}
RESULT: {}
COMMAND: POST /session/06820c29678f15015ffe824e569d7d5a/execute/async - {"script":"<script> [1562 bytes]","args":[{"selector":{"id":"shell-header","interaction":{"idSuffix":"icon"}},"wdio_ui5_key":"shellheader"}]}
COMMAND: GET /session/06820c29678f15015ffe824e569d7d5a/screenshot - {}
RESULT: {"script":"<script> [1562 bytes]","args":[{"selector":{"id":"shell-header","interaction":{"idSuffix":"icon"}},"wdio_ui5_key":"shellheader"}]}
RESULT: undefined
COMMAND: POST /session/06820c29678f15015ffe824e569d7d5a/window/fullscreen - {}
RESULT: {}
RESULT: {}
]]></system-out>
    </testcase>
  </testsuite>
  <testsuite timestamp="2025-05-19T16:32:23" time="140.762" tests="6" failures="0" errors="0" skipped="0">
    <properties>
      <property name="specId" value="0" />
      <property name="suiteName" value="Provide to Site w/ warehouse management w/ clarification US115878" />
      <property name="capabilities" value="chrome.136_0_7103_93.windows" />
      <property name="file" value="file:///D:/a/1/s/test/specs/HTR/provide-to-site-w-warehouse-w-clarification.spec.js" />
    </properties>
    <testcase classname="chrome.136_0_7103_93.windows.Provide_to_Site_w/_warehouse_management_w/_clarification_US115878" name="Should create a new WHM yard" time="0.012">
      <system-out><![CDATA[
COMMAND: POST /session/06820c29678f15015ffe824e569d7d5a/window/fullscreen - {}
RESULT: {}
]]></system-out>
    </testcase>
    <testcase classname="chrome.136_0_7103_93.windows.Provide_to_Site_w/_warehouse_management_w/_clarification_US115878" name="Should create a new external WHM partner" time="0.004" />
    <testcase classname="chrome.136_0_7103_93.windows.Provide_to_Site_w/_warehouse_management_w/_clarification_US115878" name="Should create a new WHM site" time="0.003" />
    <testcase classname="chrome.136_0_7103_93.windows.Provide_to_Site_w/_warehouse_management_w/_clarification_US115878" name="Should create a new material" time="126.075">
      <system-out><![CDATA[
COMMAND: POST /session/06820c29678f15015ffe824e569d7d5a/execute/async - {"script":"<script> [1562 bytes]","args":[{"selector":{"controlType":"sap.m.GenericTile","properties":{"header":"Manage Resources"}},"wdio_ui5_key":"sapm.GenericTile{\"header\":\"Manage Resources\"}"}]}
RESULT: {"script":"<script> [1562 bytes]","args":[{"selector":{"controlType":"sap.m.GenericTile","properties":{"header":"Manage Resources"}},"wdio_ui5_key":"sapm.GenericTile{\"header\":\"Manage Resources\"}"}]}
RESULT: undefined
COMMAND: POST /session/06820c29678f15015ffe824e569d7d5a/element - {"using":"xpath","value":"//*[@id=\"__tile31\"]"}
RESULT: {"using":"xpath","value":"//*[@id=\"__tile31\"]"}
COMMAND: POST /session/06820c29678f15015ffe824e569d7d5a/element/f.696EFCE712E801319DC54DDC19215679.d.5BE885278B1AA5220E48FBD5FF561C65.e.4905/click - {}
RESULT: {}
COMMAND: GET /session/06820c29678f15015ffe824e569d7d5a/screenshot - {}
RESULT: {}
COMMAND: POST /session/06820c29678f15015ffe824e569d7d5a/elements - {"using":"xpath","value":"//span[text()='Error']"}
RESULT: {"using":"xpath","value":"//span[text()='Error']"}
COMMAND: POST /session/06820c29678f15015ffe824e569d7d5a/element - {"using":"xpath","value":"//button[@data-kt=\"addNewRUOverflowToolbarButton\"]"}
RESULT: {"using":"xpath","value":"//button[@data-kt=\"addNewRUOverflowToolbarButton\"]"}
COMMAND: POST /session/06820c29678f15015ffe824e569d7d5a/elements - {"using":"xpath","value":"//button[@data-kt=\"addNewRUOverflowToolbarButton\"]"}
RESULT: {"using":"xpath","value":"//button[@data-kt=\"addNewRUOverflowToolbarButton\"]"}
COMMAND: POST /session/06820c29678f15015ffe824e569d7d5a/elements - {"using":"xpath","value":"//button[@data-kt=\"addNewRUOverflowToolbarButton\"]"}
RESULT: {"using":"xpath","value":"//button[@data-kt=\"addNewRUOverflowToolbarButton\"]"}
COMMAND: POST /session/06820c29678f15015ffe824e569d7d5a/elements - {"using":"xpath","value":"//button[@data-kt=\"addNewRUOverflowToolbarButton\"]"}
RESULT: {"using":"xpath","value":"//button[@data-kt=\"addNewRUOverflowToolbarButton\"]"}
COMMAND: POST /session/06820c29678f15015ffe824e569d7d5a/elements - {"using":"xpath","value":"//button[@data-kt=\"addNewRUOverflowToolbarButton\"]"}
RESULT: {"using":"xpath","value":"//button[@data-kt=\"addNewRUOverflowToolbarButton\"]"}
COMMAND: POST /session/06820c29678f15015ffe824e569d7d5a/elements - {"using":"xpath","value":"//button[@data-kt=\"addNewRUOverflowToolbarButton\"]"}
RESULT: {"using":"xpath","value":"//button[@data-kt=\"addNewRUOverflowToolbarButton\"]"}
COMMAND: POST /session/06820c29678f15015ffe824e569d7d5a/elements - {"using":"xpath","value":"//button[@data-kt=\"addNewRUOverflowToolbarButton\"]"}
RESULT: {"using":"xpath","value":"//button[@data-kt=\"addNewRUOverflowToolbarButton\"]"}
COMMAND: POST /session/06820c29678f15015ffe824e569d7d5a/element - {"using":"xpath","value":"//button[@data-kt=\"addNewRUOverflowToolbarButton\"]"}
RESULT: {"using":"xpath","value":"//button[@data-kt=\"addNewRUOverflowToolbarButton\"]"}
COMMAND: POST /session/06820c29678f15015ffe824e569d7d5a/execute/sync - {"script":"<script> [8489 bytes]","args":[{"element-6066-11e4-a52e-4f735466cecf":"f.696EFCE712E801319DC54DDC19215679.d.5BE885278B1AA5220E48FBD5FF561C65.e.5034","ELEMENT":"f.696EFCE712E801319DC54DDC19215679.d.5BE885278B1AA5220E48FBD5FF561C65.e.5034"}]}
RESULT: {"script":"<script> [8489 bytes]","args":[{"element-6066-11e4-a52e-4f735466cecf":"f.696EFCE712E801319DC54DDC19215679.d.5BE885278B1AA5220E48FBD5FF561C65.e.5034","ELEMENT":"f.696EFCE712E801319DC54DDC19215679.d.5BE885278B1AA5220E48FBD5FF561C65.e.5034"}]}
COMMAND: GET /session/06820c29678f15015ffe824e569d7d5a/element/f.696EFCE712E801319DC54DDC19215679.d.5BE885278B1AA5220E48FBD5FF561C65.e.5034/enabled - {}
COMMAND: GET /session/06820c29678f15015ffe824e569d7d5a/screenshot - {}
RESULT: {}
COMMAND: POST /session/06820c29678f15015ffe824e569d7d5a/execute/sync - {"script":"<script> [8489 bytes]","args":[{"element-6066-11e4-a52e-4f735466cecf":"f.696EFCE712E801319DC54DDC19215679.d.5BE885278B1AA5220E48FBD5FF561C65.e.5034","ELEMENT":"f.696EFCE712E801319DC54DDC19215679.d.5BE885278B1AA5220E48FBD5FF561C65.e.5034"}]}
COMMAND: GET /session/06820c29678f15015ffe824e569d7d5a/screenshot - {}
RESULT: {}
RESULT: {"script":"<script> [8489 bytes]","args":[{"element-6066-11e4-a52e-4f735466cecf":"f.696EFCE712E801319DC54DDC19215679.d.5BE885278B1AA5220E48FBD5FF561C65.e.5034","ELEMENT":"f.696EFCE712E801319DC54DDC19215679.d.5BE885278B1AA5220E48FBD5FF561C65.e.5034"}]}
COMMAND: POST /session/06820c29678f15015ffe824e569d7d5a/execute/sync - {"script":"<script> [5351 bytes]","args":[{"element-6066-11e4-a52e-4f735466cecf":"f.696EFCE712E801319DC54DDC19215679.d.5BE885278B1AA5220E48FBD5FF561C65.e.5034","ELEMENT":"f.696EFCE712E801319DC54DDC19215679.d.5BE885278B1AA5220E48FBD5FF561C65.e.5034"}]}
COMMAND: GET /session/06820c29678f15015ffe824e569d7d5a/screenshot - {}
RESULT: {}
RESULT: {"script":"<script> [5351 bytes]","args":[{"element-6066-11e4-a52e-4f735466cecf":"f.696EFCE712E801319DC54DDC19215679.d.5BE885278B1AA5220E48FBD5FF561C65.e.5034","ELEMENT":"f.696EFCE712E801319DC54DDC19215679.d.5BE885278B1AA5220E48FBD5FF561C65.e.5034"}]}
COMMAND: POST /session/06820c29678f15015ffe824e569d7d5a/element/f.696EFCE712E801319DC54DDC19215679.d.5BE885278B1AA5220E48FBD5FF561C65.e.5034/click - {}
COMMAND: GET /session/06820c29678f15015ffe824e569d7d5a/screenshot - {}
RESULT: {}
RESULT: {}
COMMAND: GET /session/06820c29678f15015ffe824e569d7d5a/screenshot - {}
RESULT: {}
COMMAND: POST /session/06820c29678f15015ffe824e569d7d5a/execute/async - {"script":"<script> [1562 bytes]","args":[{"selector":{"id":"application-manageresources-display-component---newResourceUnit--TYPE-arrow"},"wdio_ui5_key":"applicationmanageresources-display-component---newResourceUnit--TYPE-arrow"}]}
RESULT: {}
RESULT: {"script":"<script> [1562 bytes]","args":[{"selector":{"id":"application-manageresources-display-component---newResourceUnit--TYPE-arrow"},"wdio_ui5_key":"applicationmanageresources-display-component---newResourceUnit--TYPE-arrow"}]}
RESULT: undefined
COMMAND: POST /session/06820c29678f15015ffe824e569d7d5a/element - {"using":"xpath","value":"//*[@id=\"application-manageresources-display-component---newResourceUnit--TYPE-arrow\"]"}
RESULT: {"using":"xpath","value":"//*[@id=\"application-manageresources-display-component---newResourceUnit--TYPE-arrow\"]"}
COMMAND: POST /session/06820c29678f15015ffe824e569d7d5a/element/f.696EFCE712E801319DC54DDC19215679.d.5BE885278B1AA5220E48FBD5FF561C65.e.5397/click - {}
RESULT: {}
COMMAND: POST /session/06820c29678f15015ffe824e569d7d5a/element - {"using":"xpath","value":"//input[@id=\"application-manageresources-display-component---newResourceUnit--TYPE-inner\"]"}
COMMAND: GET /session/06820c29678f15015ffe824e569d7d5a/screenshot - {}
RESULT: {"using":"xpath","value":"//input[@id=\"application-manageresources-display-component---newResourceUnit--TYPE-inner\"]"}
COMMAND: POST /session/06820c29678f15015ffe824e569d7d5a/element/f.696EFCE712E801319DC54DDC19215679.d.5BE885278B1AA5220E48FBD5FF561C65.e.5387/clear - {}
RESULT: {}
RESULT: {}
COMMAND: POST /session/06820c29678f15015ffe824e569d7d5a/element/f.696EFCE712E801319DC54DDC19215679.d.5BE885278B1AA5220E48FBD5FF561C65.e.5387/value - {"text":"Material"}
COMMAND: GET /session/06820c29678f15015ffe824e569d7d5a/screenshot - {}
RESULT: {"text":"Material"}
COMMAND: GET /session/06820c29678f15015ffe824e569d7d5a/screenshot - {}
RESULT: {}
RESULT: {}
COMMAND: POST /session/06820c29678f15015ffe824e569d7d5a/actions - {"actions":[{"id":"action17","type":"key","parameters":{},"actions":[{"type":"keyDown","value":"î€‡"},{"type":"pause","duration":10},{"type":"keyUp","value":"î€‡"}]}]}
RESULT: {"actions":[{"id":"action17","type":"key","parameters":{},"actions":[{"type":"keyDown","value":"î€‡"},{"type":"pause","duration":10},{"type":"keyUp","value":"î€‡"}]}]}
COMMAND: POST /session/06820c29678f15015ffe824e569d7d5a/execute/async - {"script":"<script> [1562 bytes]","args":[{"selector":{"id":"application-manageresources-display-component---newResourceUnit--SHORT_TEXT","interaction":{"idSuffix":"inner"}},"wdio_ui5_key":"applicationmanageresources-display-component---newResourceUnit--SHORT_TEXT"}]}
COMMAND: GET /session/06820c29678f15015ffe824e569d7d5a/screenshot - {}
RESULT: {"script":"<script> [1562 bytes]","args":[{"selector":{"id":"application-manageresources-display-component---newResourceUnit--SHORT_TEXT","interaction":{"idSuffix":"inner"}},"wdio_ui5_key":"applicationmanageresources-display-component---newResourceUnit--SHORT_TEXT"}]}
RESULT: undefined
COMMAND: POST /session/06820c29678f15015ffe824e569d7d5a/execute/async - {"script":"<script> [776 bytes]","args":[{"enterText":"Cement WDIO","selector":{"id":"application-manageresources-display-component---newResourceUnit--SHORT_TEXT","interaction":{"idSuffix":"inner"}},"clearTextFirst":true,"interactionType":"ENTER_TEXT"}]}
RESULT: {}
RESULT: {"script":"<script> [776 bytes]","args":[{"enterText":"Cement WDIO","selector":{"id":"application-manageresources-display-component---newResourceUnit--SHORT_TEXT","interaction":{"idSuffix":"inner"}},"clearTextFirst":true,"interactionType":"ENTER_TEXT"}]}
COMMAND: POST /session/06820c29678f15015ffe824e569d7d5a/execute/async - {"script":"<script> [1562 bytes]","args":[{"selector":{"id":"application-manageresources-display-component---newResourceUnit--BASE_UNIT_OF_MEASURE","interaction":{"idSuffix":"inner"}},"wdio_ui5_key":"applicationmanageresources-display-component---newResourceUnit--BASE_UNIT_OF_MEASURE"}]}
RESULT: {"script":"<script> [1562 bytes]","args":[{"selector":{"id":"application-manageresources-display-component---newResourceUnit--BASE_UNIT_OF_MEASURE","interaction":{"idSuffix":"inner"}},"wdio_ui5_key":"applicationmanageresources-display-component---newResourceUnit--BASE_UNIT_OF_MEASURE"}]}
RESULT: undefined
COMMAND: POST /session/06820c29678f15015ffe824e569d7d5a/execute/async - {"script":"<script> [776 bytes]","args":[{"enterText":"Piece","selector":{"id":"application-manageresources-display-component---newResourceUnit--BASE_UNIT_OF_MEASURE","interaction":{"idSuffix":"inner"}},"clearTextFirst":true,"interactionType":"ENTER_TEXT"}]}
RESULT: {"script":"<script> [776 bytes]","args":[{"enterText":"Piece","selector":{"id":"application-manageresources-display-component---newResourceUnit--BASE_UNIT_OF_MEASURE","interaction":{"idSuffix":"inner"}},"clearTextFirst":true,"interactionType":"ENTER_TEXT"}]}
COMMAND: POST /session/06820c29678f15015ffe824e569d7d5a/execute/async - {"script":"<script> [1562 bytes]","args":[{"selector":{"id":"application-manageresources-display-component---newResourceUnit--WEIGHT_UNIT","interaction":{"idSuffix":"inner"}},"wdio_ui5_key":"applicationmanageresources-display-component---newResourceUnit--WEIGHT_UNIT"}]}
RESULT: {"script":"<script> [1562 bytes]","args":[{"selector":{"id":"application-manageresources-display-component---newResourceUnit--WEIGHT_UNIT","interaction":{"idSuffix":"inner"}},"wdio_ui5_key":"applicationmanageresources-display-component---newResourceUnit--WEIGHT_UNIT"}]}
RESULT: undefined
COMMAND: POST /session/06820c29678f15015ffe824e569d7d5a/execute/async - {"script":"<script> [776 bytes]","args":[{"enterText":"Gram","selector":{"id":"application-manageresources-display-component---newResourceUnit--WEIGHT_UNIT","interaction":{"idSuffix":"inner"}},"clearTextFirst":true,"interactionType":"ENTER_TEXT"}]}
RESULT: {"script":"<script> [776 bytes]","args":[{"enterText":"Gram","selector":{"id":"application-manageresources-display-component---newResourceUnit--WEIGHT_UNIT","interaction":{"idSuffix":"inner"}},"clearTextFirst":true,"interactionType":"ENTER_TEXT"}]}
COMMAND: POST /session/06820c29678f15015ffe824e569d7d5a/execute/async - {"script":"<script> [1562 bytes]","args":[{"selector":{"id":"application-manageresources-display-component---newResourceUnit--DIMENSION_UNIT","interaction":{"idSuffix":"inner"}},"wdio_ui5_key":"applicationmanageresources-display-component---newResourceUnit--DIMENSION_UNIT"}]}
RESULT: {"script":"<script> [1562 bytes]","args":[{"selector":{"id":"application-manageresources-display-component---newResourceUnit--DIMENSION_UNIT","interaction":{"idSuffix":"inner"}},"wdio_ui5_key":"applicationmanageresources-display-component---newResourceUnit--DIMENSION_UNIT"}]}
RESULT: undefined
COMMAND: POST /session/06820c29678f15015ffe824e569d7d5a/execute/async - {"script":"<script> [776 bytes]","args":[{"enterText":"Meter","selector":{"id":"application-manageresources-display-component---newResourceUnit--DIMENSION_UNIT","interaction":{"idSuffix":"inner"}},"clearTextFirst":true,"interactionType":"ENTER_TEXT"}]}
RESULT: {"script":"<script> [776 bytes]","args":[{"enterText":"Meter","selector":{"id":"application-manageresources-display-component---newResourceUnit--DIMENSION_UNIT","interaction":{"idSuffix":"inner"}},"clearTextFirst":true,"interactionType":"ENTER_TEXT"}]}
COMMAND: POST /session/06820c29678f15015ffe824e569d7d5a/execute/async - {"script":"<script> [1562 bytes]","args":[{"selector":{"id":"application-manageresources-display-component---newResourceUnit--newRRUPage-anchBar-application-manageresources-display-component---newResourceUnit--control-anchor","interaction":{"idSuffix":"BDI-content"}},"wdio_ui5_key":"applicationmanageresources-display-component---newResourceUnit--newRRUPage-anchBar-application-manageresources-display-component---newResourceUnit--control-anchor"}]}
RESULT: {"script":"<script> [1562 bytes]","args":[{"selector":{"id":"application-manageresources-display-component---newResourceUnit--newRRUPage-anchBar-application-manageresources-display-component---newResourceUnit--control-anchor","interaction":{"idSuffix":"BDI-content"}},"wdio_ui5_key":"applicationmanageresources-display-component---newResourceUnit--newRRUPage-anchBar-application-manageresources-display-component---newResourceUnit--control-anchor"}]}
RESULT: undefined
COMMAND: POST /session/06820c29678f15015ffe824e569d7d5a/element - {"using":"xpath","value":"//*[@id=\"application-manageresources-display-component---newResourceUnit--newRRUPage-anchBar-application-manageresources-display-component---newResourceUnit--control-anchor\"]"}
RESULT: {"using":"xpath","value":"//*[@id=\"application-manageresources-display-component---newResourceUnit--newRRUPage-anchBar-application-manageresources-display-component---newResourceUnit--control-anchor\"]"}
COMMAND: POST /session/06820c29678f15015ffe824e569d7d5a/element/f.696EFCE712E801319DC54DDC19215679.d.5BE885278B1AA5220E48FBD5FF561C65.e.5463/click - {}
RESULT: {}
COMMAND: POST /session/06820c29678f15015ffe824e569d7d5a/execute/async - {"script":"<script> [1562 bytes]","args":[{"selector":{"id":"application-manageresources-display-component---newResourceUnit--PLANNING_GROUP","interaction":{"idSuffix":"inner"}},"wdio_ui5_key":"applicationmanageresources-display-component---newResourceUnit--PLANNING_GROUP"}]}
COMMAND: GET /session/06820c29678f15015ffe824e569d7d5a/screenshot - {}
RESULT: {"script":"<script> [1562 bytes]","args":[{"selector":{"id":"application-manageresources-display-component---newResourceUnit--PLANNING_GROUP","interaction":{"idSuffix":"inner"}},"wdio_ui5_key":"applicationmanageresources-display-component---newResourceUnit--PLANNING_GROUP"}]}
RESULT: undefined
COMMAND: POST /session/06820c29678f15015ffe824e569d7d5a/execute/async - {"script":"<script> [776 bytes]","args":[{"enterText":"Material","selector":{"id":"application-manageresources-display-component---newResourceUnit--PLANNING_GROUP","interaction":{"idSuffix":"inner"}},"clearTextFirst":true,"interactionType":"ENTER_TEXT"}]}
RESULT: {}
RESULT: {"script":"<script> [776 bytes]","args":[{"enterText":"Material","selector":{"id":"application-manageresources-display-component---newResourceUnit--PLANNING_GROUP","interaction":{"idSuffix":"inner"}},"clearTextFirst":true,"interactionType":"ENTER_TEXT"}]}
COMMAND: POST /session/06820c29678f15015ffe824e569d7d5a/execute/async - {"script":"<script> [1562 bytes]","args":[{"selector":{"id":"application-manageresources-display-component---newResourceUnit--PLANNING_INDICATOR","interaction":{"idSuffix":"inner"}},"wdio_ui5_key":"applicationmanageresources-display-component---newResourceUnit--PLANNING_INDICATOR"}]}
RESULT: {"script":"<script> [1562 bytes]","args":[{"selector":{"id":"application-manageresources-display-component---newResourceUnit--PLANNING_INDICATOR","interaction":{"idSuffix":"inner"}},"wdio_ui5_key":"applicationmanageresources-display-component---newResourceUnit--PLANNING_INDICATOR"}]}
RESULT: undefined
COMMAND: POST /session/06820c29678f15015ffe824e569d7d5a/execute/async - {"script":"<script> [776 bytes]","args":[{"enterText":"10 - infinite","selector":{"id":"application-manageresources-display-component---newResourceUnit--PLANNING_INDICATOR","interaction":{"idSuffix":"inner"}},"clearTextFirst":true,"interactionType":"ENTER_TEXT"}]}
RESULT: {"script":"<script> [776 bytes]","args":[{"enterText":"10 - infinite","selector":{"id":"application-manageresources-display-component---newResourceUnit--PLANNING_INDICATOR","interaction":{"idSuffix":"inner"}},"clearTextFirst":true,"interactionType":"ENTER_TEXT"}]}
COMMAND: POST /session/06820c29678f15015ffe824e569d7d5a/element - {"using":"css selector","value":"#application-manageresources-display-component---newResourceUnit--btnAddTimeSegment"}
RESULT: {"using":"css selector","value":"#application-manageresources-display-component---newResourceUnit--btnAddTimeSegment"}
COMMAND: GET /session/06820c29678f15015ffe824e569d7d5a/element/f.696EFCE712E801319DC54DDC19215679.d.5BE885278B1AA5220E48FBD5FF561C65.e.5472/rect - {}
RESULT: {}
COMMAND: GET /session/06820c29678f15015ffe824e569d7d5a/window/rect - {}
RESULT: {}
COMMAND: POST /session/06820c29678f15015ffe824e569d7d5a/execute/sync - {"script":"<script> [92 bytes]","args":[]}
RESULT: {"script":"<script> [92 bytes]","args":[]}
COMMAND: POST /session/06820c29678f15015ffe824e569d7d5a/actions - {"actions":[{"id":"action18","type":"wheel","parameters":{},"actions":[{"type":"scroll","x":-1888,"y":-32,"deltaX":0,"deltaY":0,"duration":0,"origin":{"element-6066-11e4-a52e-4f735466cecf":"f.696EFCE712E801319DC54DDC19215679.d.5BE885278B1AA5220E48FBD5FF561C65.e.5472"}}]}]}
COMMAND: GET /session/06820c29678f15015ffe824e569d7d5a/screenshot - {}
RESULT: {}
COMMAND: POST /session/06820c29678f15015ffe824e569d7d5a/execute/sync - {"script":"<script> [79 bytes]","args":[{"element-6066-11e4-a52e-4f735466cecf":"f.696EFCE712E801319DC54DDC19215679.d.5BE885278B1AA5220E48FBD5FF561C65.e.5472","ELEMENT":"f.696EFCE712E801319DC54DDC19215679.d.5BE885278B1AA5220E48FBD5FF561C65.e.5472"},{"block":"start","inline":"nearest"}]}
RESULT: {"script":"<script> [79 bytes]","args":[{"element-6066-11e4-a52e-4f735466cecf":"f.696EFCE712E801319DC54DDC19215679.d.5BE885278B1AA5220E48FBD5FF561C65.e.5472","ELEMENT":"f.696EFCE712E801319DC54DDC19215679.d.5BE885278B1AA5220E48FBD5FF561C65.e.5472"},{"block":"start","inline":"nearest"}]}
COMMAND: POST /session/06820c29678f15015ffe824e569d7d5a/execute/async - {"script":"<script> [1562 bytes]","args":[{"selector":{"id":"application-manageresources-display-component---newResourceUnit--btnAddTimeSegment","interaction":{"idSuffix":"inner"}},"wdio_ui5_key":"applicationmanageresources-display-component---newResourceUnit--btnAddTimeSegment"}]}
COMMAND: GET /session/06820c29678f15015ffe824e569d7d5a/screenshot - {}
RESULT: {"script":"<script> [1562 bytes]","args":[{"selector":{"id":"application-manageresources-display-component---newResourceUnit--btnAddTimeSegment","interaction":{"idSuffix":"inner"}},"wdio_ui5_key":"applicationmanageresources-display-component---newResourceUnit--btnAddTimeSegment"}]}
RESULT: undefined
COMMAND: POST /session/06820c29678f15015ffe824e569d7d5a/element - {"using":"xpath","value":"//*[@id=\"application-manageresources-display-component---newResourceUnit--btnAddTimeSegment\"]"}
RESULT: {}
RESULT: {"using":"xpath","value":"//*[@id=\"application-manageresources-display-component---newResourceUnit--btnAddTimeSegment\"]"}
COMMAND: POST /session/06820c29678f15015ffe824e569d7d5a/element/f.696EFCE712E801319DC54DDC19215679.d.5BE885278B1AA5220E48FBD5FF561C65.e.5472/click - {}
RESULT: {}
COMMAND: GET /session/06820c29678f15015ffe824e569d7d5a/screenshot - {}
RESULT: {}
COMMAND: POST /session/06820c29678f15015ffe824e569d7d5a/element - {"using":"xpath","value":"//input[@id=\"application-manageresources-display-component---newResourceUnit--idRuTSAdmin-application-manageresources-display-component---newResourceUnit--RUTimeSegment-0-inner\"]"}
RESULT: {"using":"xpath","value":"//input[@id=\"application-manageresources-display-component---newResourceUnit--idRuTSAdmin-application-manageresources-display-component---newResourceUnit--RUTimeSegment-0-inner\"]"}
COMMAND: POST /session/06820c29678f15015ffe824e569d7d5a/element/f.696EFCE712E801319DC54DDC19215679.d.5BE885278B1AA5220E48FBD5FF561C65.e.5477/clear - {}
RESULT: {}
COMMAND: POST /session/06820c29678f15015ffe824e569d7d5a/element/f.696EFCE712E801319DC54DDC19215679.d.5BE885278B1AA5220E48FBD5FF561C65.e.5477/value - {"text":"556"}
COMMAND: GET /session/06820c29678f15015ffe824e569d7d5a/screenshot - {}
RESULT: {"text":"556"}
COMMAND: GET /session/06820c29678f15015ffe824e569d7d5a/screenshot - {}
RESULT: {}
RESULT: {}
COMMAND: POST /session/06820c29678f15015ffe824e569d7d5a/element - {"using":"xpath","value":"//li[.//span[text()='556']]"}
RESULT: {"using":"xpath","value":"//li[.//span[text()='556']]"}
COMMAND: POST /session/06820c29678f15015ffe824e569d7d5a/element/f.696EFCE712E801319DC54DDC19215679.d.5BE885278B1AA5220E48FBD5FF561C65.e.5486/click - {}
RESULT: {}
COMMAND: GET /session/06820c29678f15015ffe824e569d7d5a/screenshot - {}
RESULT: {}
COMMAND: POST /session/06820c29678f15015ffe824e569d7d5a/element - {"using":"xpath","value":"(//span[contains(@id, \"-application-manageresources-display-component---newResourceUnit--RUTimeSegment-0-arrow\")])[2]"}
RESULT: {"using":"xpath","value":"(//span[contains(@id, \"-application-manageresources-display-component---newResourceUnit--RUTimeSegment-0-arrow\")])[2]"}
COMMAND: POST /session/06820c29678f15015ffe824e569d7d5a/element/f.696EFCE712E801319DC54DDC19215679.d.5BE885278B1AA5220E48FBD5FF561C65.e.5487/click - {}
RESULT: {}
COMMAND: POST /session/06820c29678f15015ffe824e569d7d5a/element - {"using":"xpath","value":"//span[contains(text(), \"PM Order\")]"}
COMMAND: GET /session/06820c29678f15015ffe824e569d7d5a/screenshot - {}
RESULT: {"using":"xpath","value":"//span[contains(text(), \"PM Order\")]"}
COMMAND: POST /session/06820c29678f15015ffe824e569d7d5a/element/f.696EFCE712E801319DC54DDC19215679.d.5BE885278B1AA5220E48FBD5FF561C65.e.5488/click - {}
RESULT: {}
RESULT: {}
COMMAND: GET /session/06820c29678f15015ffe824e569d7d5a/screenshot - {}
RESULT: {}
COMMAND: POST /session/06820c29678f15015ffe824e569d7d5a/element - {"using":"xpath","value":"//td/div/div/div/span[contains(@id, \"newResourceUnit--RUTimeSegment-0-vhi\")][1]"}
RESULT: {"using":"xpath","value":"//td/div/div/div/span[contains(@id, \"newResourceUnit--RUTimeSegment-0-vhi\")][1]"}
COMMAND: GET /session/06820c29678f15015ffe824e569d7d5a/element/f.696EFCE712E801319DC54DDC19215679.d.5BE885278B1AA5220E48FBD5FF561C65.e.5492/rect - {}
RESULT: {}
COMMAND: GET /session/06820c29678f15015ffe824e569d7d5a/window/rect - {}
RESULT: {}
COMMAND: POST /session/06820c29678f15015ffe824e569d7d5a/execute/sync - {"script":"<script> [92 bytes]","args":[]}
RESULT: {"script":"<script> [92 bytes]","args":[]}
COMMAND: POST /session/06820c29678f15015ffe824e569d7d5a/actions - {"actions":[{"id":"action19","type":"wheel","parameters":{},"actions":[{"type":"scroll","x":-1888,"y":-24,"deltaX":0,"deltaY":0,"duration":0,"origin":{"element-6066-11e4-a52e-4f735466cecf":"f.696EFCE712E801319DC54DDC19215679.d.5BE885278B1AA5220E48FBD5FF561C65.e.5492"}}]}]}
COMMAND: GET /session/06820c29678f15015ffe824e569d7d5a/screenshot - {}
RESULT: {}
COMMAND: POST /session/06820c29678f15015ffe824e569d7d5a/execute/sync - {"script":"<script> [79 bytes]","args":[{"element-6066-11e4-a52e-4f735466cecf":"f.696EFCE712E801319DC54DDC19215679.d.5BE885278B1AA5220E48FBD5FF561C65.e.5492","ELEMENT":"f.696EFCE712E801319DC54DDC19215679.d.5BE885278B1AA5220E48FBD5FF561C65.e.5492"},{"block":"start","inline":"nearest"}]}
RESULT: {"script":"<script> [79 bytes]","args":[{"element-6066-11e4-a52e-4f735466cecf":"f.696EFCE712E801319DC54DDC19215679.d.5BE885278B1AA5220E48FBD5FF561C65.e.5492","ELEMENT":"f.696EFCE712E801319DC54DDC19215679.d.5BE885278B1AA5220E48FBD5FF561C65.e.5492"},{"block":"start","inline":"nearest"}]}
COMMAND: GET /session/06820c29678f15015ffe824e569d7d5a/screenshot - {}
RESULT: {}
COMMAND: POST /session/06820c29678f15015ffe824e569d7d5a/element/f.696EFCE712E801319DC54DDC19215679.d.5BE885278B1AA5220E48FBD5FF561C65.e.5492/click - {}
RESULT: {}
COMMAND: GET /session/06820c29678f15015ffe824e569d7d5a/screenshot - {}
RESULT: {}
COMMAND: POST /session/06820c29678f15015ffe824e569d7d5a/execute/async - {"script":"<script> [1562 bytes]","args":[{"selector":{"controlType":"sap.m.SearchField","properties":{"placeholder":"Search"},"searchOpenDialogs":true,"interaction":{"idSuffix":"I"}},"wdio_ui5_key":"sapm.SearchField{\"placeholder\":\"Search\"}"}]}
RESULT: {"script":"<script> [1562 bytes]","args":[{"selector":{"controlType":"sap.m.SearchField","properties":{"placeholder":"Search"},"searchOpenDialogs":true,"interaction":{"idSuffix":"I"}},"wdio_ui5_key":"sapm.SearchField{\"placeholder\":\"Search\"}"}]}
RESULT: undefined
COMMAND: POST /session/06820c29678f15015ffe824e569d7d5a/execute/async - {"script":"<script> [776 bytes]","args":[{"enterText":"4000360","selector":{"controlType":"sap.m.SearchField","properties":{"placeholder":"Search"},"searchOpenDialogs":true,"interaction":{"idSuffix":"I"}},"clearTextFirst":true,"interactionType":"ENTER_TEXT"}]}
RESULT: {"script":"<script> [776 bytes]","args":[{"enterText":"4000360","selector":{"controlType":"sap.m.SearchField","properties":{"placeholder":"Search"},"searchOpenDialogs":true,"interaction":{"idSuffix":"I"}},"clearTextFirst":true,"interactionType":"ENTER_TEXT"}]}
COMMAND: POST /session/06820c29678f15015ffe824e569d7d5a/actions - {"actions":[{"id":"action20","type":"key","parameters":{},"actions":[{"type":"keyDown","value":"î€‡"},{"type":"pause","duration":10},{"type":"keyUp","value":"î€‡"}]}]}
RESULT: {"actions":[{"id":"action20","type":"key","parameters":{},"actions":[{"type":"keyDown","value":"î€‡"},{"type":"pause","duration":10},{"type":"keyUp","value":"î€‡"}]}]}
COMMAND: GET /session/06820c29678f15015ffe824e569d7d5a/screenshot - {}
RESULT: {}
COMMAND: POST /session/06820c29678f15015ffe824e569d7d5a/element - {"using":"xpath","value":"//td/div/span[contains(text(), \"BGL Vehicles\")]"}
RESULT: {"using":"xpath","value":"//td/div/span[contains(text(), \"BGL Vehicles\")]"}
COMMAND: POST /session/06820c29678f15015ffe824e569d7d5a/element/f.696EFCE712E801319DC54DDC19215679.d.5BE885278B1AA5220E48FBD5FF561C65.e.5513/click - {}
RESULT: {}
COMMAND: GET /session/06820c29678f15015ffe824e569d7d5a/screenshot - {}
RESULT: {}
COMMAND: POST /session/06820c29678f15015ffe824e569d7d5a/element - {"using":"xpath","value":"//bdi[contains(text(), \"OK\")]"}
RESULT: {"using":"xpath","value":"//bdi[contains(text(), \"OK\")]"}
COMMAND: POST /session/06820c29678f15015ffe824e569d7d5a/element/f.696EFCE712E801319DC54DDC19215679.d.5BE885278B1AA5220E48FBD5FF561C65.e.5514/click - {}
RESULT: {}
COMMAND: GET /session/06820c29678f15015ffe824e569d7d5a/screenshot - {}
RESULT: {}
COMMAND: POST /session/06820c29678f15015ffe824e569d7d5a/element - {"using":"xpath","value":"//label[contains(@class, 'sapMLabelRequired') and .//bdi[contains(text(), 'Planned Retirement')]]"}
RESULT: {"using":"xpath","value":"//label[contains(@class, 'sapMLabelRequired') and .//bdi[contains(text(), 'Planned Retirement')]]"}
COMMAND: POST /session/06820c29678f15015ffe824e569d7d5a/elements - {"using":"xpath","value":"//label[contains(@class, 'sapMLabelRequired') and .//bdi[contains(text(), 'Planned Retirement')]]"}
RESULT: {"using":"xpath","value":"//label[contains(@class, 'sapMLabelRequired') and .//bdi[contains(text(), 'Planned Retirement')]]"}
COMMAND: POST /session/06820c29678f15015ffe824e569d7d5a/element - {"using":"xpath","value":"//button[@data-kt=\"resourceUnitSaveButton\"]"}
RESULT: {"using":"xpath","value":"//button[@data-kt=\"resourceUnitSaveButton\"]"}
COMMAND: POST /session/06820c29678f15015ffe824e569d7d5a/element/f.696EFCE712E801319DC54DDC19215679.d.5BE885278B1AA5220E48FBD5FF561C65.e.5415/click - {}
RESULT: {}
COMMAND: GET /session/06820c29678f15015ffe824e569d7d5a/screenshot - {}
RESULT: {}
COMMAND: POST /session/06820c29678f15015ffe824e569d7d5a/element - {"using":"xpath","value":"//bdi[contains(text(), \"Close\")]"}
RESULT: {"using":"xpath","value":"//bdi[contains(text(), \"Close\")]"}
COMMAND: POST /session/06820c29678f15015ffe824e569d7d5a/element/f.696EFCE712E801319DC54DDC19215679.d.5BE885278B1AA5220E48FBD5FF561C65.e.5521/click - {}
RESULT: {}
COMMAND: GET /session/06820c29678f15015ffe824e569d7d5a/screenshot - {}
RESULT: {}
COMMAND: POST /session/06820c29678f15015ffe824e569d7d5a/element - {"using":"xpath","value":"//header[contains(@id, 'detailRruPage-headerTitle')]/div[1]/div[2]/div[2]/span[1]"}
RESULT: {"using":"xpath","value":"//header[contains(@id, 'detailRruPage-headerTitle')]/div[1]/div[2]/div[2]/span[1]"}
COMMAND: POST /session/06820c29678f15015ffe824e569d7d5a/elements - {"using":"xpath","value":"//header[contains(@id, 'detailRruPage-headerTitle')]/div[1]/div[2]/div[2]/span[1]"}
RESULT: {"using":"xpath","value":"//header[contains(@id, 'detailRruPage-headerTitle')]/div[1]/div[2]/div[2]/span[1]"}
COMMAND: POST /session/06820c29678f15015ffe824e569d7d5a/execute/sync - {"script":"<script> [56 bytes]","args":[{"element-6066-11e4-a52e-4f735466cecf":"f.696EFCE712E801319DC54DDC19215679.d.5BE885278B1AA5220E48FBD5FF561C65.e.5551","ELEMENT":"f.696EFCE712E801319DC54DDC19215679.d.5BE885278B1AA5220E48FBD5FF561C65.e.5551"}]}
RESULT: {"script":"<script> [56 bytes]","args":[{"element-6066-11e4-a52e-4f735466cecf":"f.696EFCE712E801319DC54DDC19215679.d.5BE885278B1AA5220E48FBD5FF561C65.e.5551","ELEMENT":"f.696EFCE712E801319DC54DDC19215679.d.5BE885278B1AA5220E48FBD5FF561C65.e.5551"}]}
COMMAND: POST /session/06820c29678f15015ffe824e569d7d5a/element - {"using":"css selector","value":"#shell-header-logo"}
COMMAND: GET /session/06820c29678f15015ffe824e569d7d5a/screenshot - {}
RESULT: {"using":"css selector","value":"#shell-header-logo"}
COMMAND: POST /session/06820c29678f15015ffe824e569d7d5a/element/f.696EFCE712E801319DC54DDC19215679.d.5BE885278B1AA5220E48FBD5FF561C65.e.4879/click - {}
RESULT: {}
RESULT: {}
COMMAND: GET /session/06820c29678f15015ffe824e569d7d5a/screenshot - {}
RESULT: {}
]]></system-out>
    </testcase>
    <testcase classname="chrome.136_0_7103_93.windows.Provide_to_Site_w/_warehouse_management_w/_clarification_US115878" name="Bin Status Report Should Create New Organization yard" time="0.004" />
    <testcase classname="chrome.136_0_7103_93.windows.Provide_to_Site_w/_warehouse_management_w/_clarification_US115878" name="Bin Status Report Should Create New Organization for Site" time="0.004" />
  </testsuite>
  <testsuite timestamp="2025-05-19T16:34:43" time="458.044" tests="6" failures="0" errors="0" skipped="0">
    <properties>
      <property name="specId" value="0" />
      <property name="suiteName" value="Provide to Site w/ warehouse management w clarification" />
      <property name="capabilities" value="chrome.136_0_7103_93.windows" />
      <property name="file" value="file:///D:/a/1/s/test/specs/HTR/provide-to-site-w-warehouse-w-clarification.spec.js" />
    </properties>
    <testcase classname="chrome.136_0_7103_93.windows.Provide_to_Site_w/_warehouse_management_w_clarification" name="Should do a stock increase handover" time="87.452">
      <system-out><![CDATA[
COMMAND: POST /session/06820c29678f15015ffe824e569d7d5a/execute/async - {"script":"<script> [1562 bytes]","args":[{"selector":{"controlType":"sap.m.GenericTile","properties":{"header":"Manage Handovers"}},"wdio_ui5_key":"sapm.GenericTile{\"header\":\"Manage Handovers\"}"}]}
RESULT: {"script":"<script> [1562 bytes]","args":[{"selector":{"controlType":"sap.m.GenericTile","properties":{"header":"Manage Handovers"}},"wdio_ui5_key":"sapm.GenericTile{\"header\":\"Manage Handovers\"}"}]}
RESULT: undefined
COMMAND: POST /session/06820c29678f15015ffe824e569d7d5a/element - {"using":"xpath","value":"//*[@id=\"__tile133\"]"}
RESULT: {"using":"xpath","value":"//*[@id=\"__tile133\"]"}
COMMAND: POST /session/06820c29678f15015ffe824e569d7d5a/element/f.696EFCE712E801319DC54DDC19215679.d.5BE885278B1AA5220E48FBD5FF561C65.e.4932/click - {}
RESULT: {}
COMMAND: GET /session/06820c29678f15015ffe824e569d7d5a/screenshot - {}
RESULT: {}
COMMAND: POST /session/06820c29678f15015ffe824e569d7d5a/elements - {"using":"xpath","value":"//span[text()='Error']"}
RESULT: {"using":"xpath","value":"//span[text()='Error']"}
COMMAND: POST /session/06820c29678f15015ffe824e569d7d5a/element - {"using":"xpath","value":"//button[@data-kt=\"masterHOAddButton\"]"}
RESULT: {"using":"xpath","value":"//button[@data-kt=\"masterHOAddButton\"]"}
COMMAND: POST /session/06820c29678f15015ffe824e569d7d5a/elements - {"using":"xpath","value":"//button[@data-kt=\"masterHOAddButton\"]"}
RESULT: {"using":"xpath","value":"//button[@data-kt=\"masterHOAddButton\"]"}
COMMAND: POST /session/06820c29678f15015ffe824e569d7d5a/execute/sync - {"script":"<script> [8489 bytes]","args":[{"element-6066-11e4-a52e-4f735466cecf":"f.696EFCE712E801319DC54DDC19215679.d.5BE885278B1AA5220E48FBD5FF561C65.e.5580","ELEMENT":"f.696EFCE712E801319DC54DDC19215679.d.5BE885278B1AA5220E48FBD5FF561C65.e.5580"}]}
RESULT: {"script":"<script> [8489 bytes]","args":[{"element-6066-11e4-a52e-4f735466cecf":"f.696EFCE712E801319DC54DDC19215679.d.5BE885278B1AA5220E48FBD5FF561C65.e.5580","ELEMENT":"f.696EFCE712E801319DC54DDC19215679.d.5BE885278B1AA5220E48FBD5FF561C65.e.5580"}]}
COMMAND: GET /session/06820c29678f15015ffe824e569d7d5a/element/f.696EFCE712E801319DC54DDC19215679.d.5BE885278B1AA5220E48FBD5FF561C65.e.5580/enabled - {}
COMMAND: GET /session/06820c29678f15015ffe824e569d7d5a/screenshot - {}
RESULT: {}
COMMAND: POST /session/06820c29678f15015ffe824e569d7d5a/execute/sync - {"script":"<script> [8489 bytes]","args":[{"element-6066-11e4-a52e-4f735466cecf":"f.696EFCE712E801319DC54DDC19215679.d.5BE885278B1AA5220E48FBD5FF561C65.e.5580","ELEMENT":"f.696EFCE712E801319DC54DDC19215679.d.5BE885278B1AA5220E48FBD5FF561C65.e.5580"}]}
COMMAND: GET /session/06820c29678f15015ffe824e569d7d5a/screenshot - {}
RESULT: {}
RESULT: {"script":"<script> [8489 bytes]","args":[{"element-6066-11e4-a52e-4f735466cecf":"f.696EFCE712E801319DC54DDC19215679.d.5BE885278B1AA5220E48FBD5FF561C65.e.5580","ELEMENT":"f.696EFCE712E801319DC54DDC19215679.d.5BE885278B1AA5220E48FBD5FF561C65.e.5580"}]}
COMMAND: POST /session/06820c29678f15015ffe824e569d7d5a/execute/sync - {"script":"<script> [5351 bytes]","args":[{"element-6066-11e4-a52e-4f735466cecf":"f.696EFCE712E801319DC54DDC19215679.d.5BE885278B1AA5220E48FBD5FF561C65.e.5580","ELEMENT":"f.696EFCE712E801319DC54DDC19215679.d.5BE885278B1AA5220E48FBD5FF561C65.e.5580"}]}
COMMAND: GET /session/06820c29678f15015ffe824e569d7d5a/screenshot - {}
RESULT: {}
RESULT: {"script":"<script> [5351 bytes]","args":[{"element-6066-11e4-a52e-4f735466cecf":"f.696EFCE712E801319DC54DDC19215679.d.5BE885278B1AA5220E48FBD5FF561C65.e.5580","ELEMENT":"f.696EFCE712E801319DC54DDC19215679.d.5BE885278B1AA5220E48FBD5FF561C65.e.5580"}]}
COMMAND: POST /session/06820c29678f15015ffe824e569d7d5a/element/f.696EFCE712E801319DC54DDC19215679.d.5BE885278B1AA5220E48FBD5FF561C65.e.5580/click - {}
COMMAND: GET /session/06820c29678f15015ffe824e569d7d5a/screenshot - {}
RESULT: {}
RESULT: {}
COMMAND: GET /session/06820c29678f15015ffe824e569d7d5a/screenshot - {}
RESULT: {}
COMMAND: POST /session/06820c29678f15015ffe824e569d7d5a/element - {"using":"xpath","value":"//span[contains(@id ,\"AddNewHO--typeSelect-arrow\")]"}
RESULT: {}
RESULT: {"using":"xpath","value":"//span[contains(@id ,\"AddNewHO--typeSelect-arrow\")]"}
COMMAND: POST /session/06820c29678f15015ffe824e569d7d5a/element/f.696EFCE712E801319DC54DDC19215679.d.5BE885278B1AA5220E48FBD5FF561C65.e.5947/click - {}
RESULT: {}
COMMAND: GET /session/06820c29678f15015ffe824e569d7d5a/screenshot - {}
RESULT: {}
COMMAND: POST /session/06820c29678f15015ffe824e569d7d5a/element - {"using":"xpath","value":"(//li[contains(text(), \"stock increase yard\")])[1]"}
RESULT: {"using":"xpath","value":"(//li[contains(text(), \"stock increase yard\")])[1]"}
COMMAND: POST /session/06820c29678f15015ffe824e569d7d5a/element/f.696EFCE712E801319DC54DDC19215679.d.5BE885278B1AA5220E48FBD5FF561C65.e.5948/click - {}
RESULT: {}
COMMAND: GET /session/06820c29678f15015ffe824e569d7d5a/screenshot - {}
RESULT: {}
COMMAND: POST /session/06820c29678f15015ffe824e569d7d5a/execute/async - {"script":"<script> [1562 bytes]","args":[{"selector":{"id":"application-managehandovers-display-component---AddNewHO--dueDate","interaction":{"idSuffix":"inner"}},"wdio_ui5_key":"applicationmanagehandovers-display-component---AddNewHO--dueDate"}]}
RESULT: {"script":"<script> [1562 bytes]","args":[{"selector":{"id":"application-managehandovers-display-component---AddNewHO--dueDate","interaction":{"idSuffix":"inner"}},"wdio_ui5_key":"applicationmanagehandovers-display-component---AddNewHO--dueDate"}]}
RESULT: undefined
COMMAND: POST /session/06820c29678f15015ffe824e569d7d5a/execute/async - {"script":"<script> [6424 bytes]","args":[{"element-6066-11e4-a52e-4f735466cecf":"f.696EFCE712E801319DC54DDC19215679.d.5BE885278B1AA5220E48FBD5FF561C65.e.5950"},"setValue",["5/19/25"]]}
RESULT: {"script":"<script> [6424 bytes]","args":[{"element-6066-11e4-a52e-4f735466cecf":"f.696EFCE712E801319DC54DDC19215679.d.5BE885278B1AA5220E48FBD5FF561C65.e.5950"},"setValue",["5/19/25"]]}
COMMAND: POST /session/06820c29678f15015ffe824e569d7d5a/element - {"using":"xpath","value":"//input[@id=\"generalSectionFrg--receiveYard-inner\"]"}
RESULT: {"using":"xpath","value":"//input[@id=\"generalSectionFrg--receiveYard-inner\"]"}
COMMAND: POST /session/06820c29678f15015ffe824e569d7d5a/element/f.696EFCE712E801319DC54DDC19215679.d.5BE885278B1AA5220E48FBD5FF561C65.e.5954/clear - {}
RESULT: {}
COMMAND: POST /session/06820c29678f15015ffe824e569d7d5a/element/f.696EFCE712E801319DC54DDC19215679.d.5BE885278B1AA5220E48FBD5FF561C65.e.5954/value - {"text":"556"}
COMMAND: GET /session/06820c29678f15015ffe824e569d7d5a/screenshot - {}
RESULT: {"text":"556"}
COMMAND: GET /session/06820c29678f15015ffe824e569d7d5a/screenshot - {}
RESULT: {}
RESULT: {}
COMMAND: POST /session/06820c29678f15015ffe824e569d7d5a/element - {"using":"xpath","value":"//li[.//span[text()='556']]"}
RESULT: {"using":"xpath","value":"//li[.//span[text()='556']]"}
COMMAND: POST /session/06820c29678f15015ffe824e569d7d5a/element/f.696EFCE712E801319DC54DDC19215679.d.5BE885278B1AA5220E48FBD5FF561C65.e.5972/click - {}
RESULT: {}
COMMAND: GET /session/06820c29678f15015ffe824e569d7d5a/screenshot - {}
RESULT: {}
COMMAND: POST /session/06820c29678f15015ffe824e569d7d5a/execute/async - {"script":"<script> [1562 bytes]","args":[{"selector":{"id":"application-managehandovers-display-component---AddNewHO--ObjectPageLayout-anchBar-application-managehandovers-display-component---AddNewHO--section4-anchor","interaction":{"idSuffix":"BDI-content"}},"wdio_ui5_key":"applicationmanagehandovers-display-component---AddNewHO--ObjectPageLayout-anchBar-application-managehandovers-display-component---AddNewHO--section4-anchor"}]}
RESULT: {"script":"<script> [1562 bytes]","args":[{"selector":{"id":"application-managehandovers-display-component---AddNewHO--ObjectPageLayout-anchBar-application-managehandovers-display-component---AddNewHO--section4-anchor","interaction":{"idSuffix":"BDI-content"}},"wdio_ui5_key":"applicationmanagehandovers-display-component---AddNewHO--ObjectPageLayout-anchBar-application-managehandovers-display-component---AddNewHO--section4-anchor"}]}
RESULT: undefined
COMMAND: POST /session/06820c29678f15015ffe824e569d7d5a/element - {"using":"xpath","value":"//*[@id=\"application-managehandovers-display-component---AddNewHO--ObjectPageLayout-anchBar-application-managehandovers-display-component---AddNewHO--section4-anchor\"]"}
RESULT: {"using":"xpath","value":"//*[@id=\"application-managehandovers-display-component---AddNewHO--ObjectPageLayout-anchBar-application-managehandovers-display-component---AddNewHO--section4-anchor\"]"}
COMMAND: POST /session/06820c29678f15015ffe824e569d7d5a/element/f.696EFCE712E801319DC54DDC19215679.d.5BE885278B1AA5220E48FBD5FF561C65.e.5974/click - {}
RESULT: {}
COMMAND: POST /session/06820c29678f15015ffe824e569d7d5a/element - {"using":"xpath","value":"//button[@aria-label=\"Add\"]"}
COMMAND: GET /session/06820c29678f15015ffe824e569d7d5a/screenshot - {}
RESULT: {"using":"xpath","value":"//button[@aria-label=\"Add\"]"}
COMMAND: POST /session/06820c29678f15015ffe824e569d7d5a/element/f.696EFCE712E801319DC54DDC19215679.d.5BE885278B1AA5220E48FBD5FF561C65.e.5977/click - {}
RESULT: {}
RESULT: {}
COMMAND: GET /session/06820c29678f15015ffe824e569d7d5a/screenshot - {}
RESULT: {}
COMMAND: POST /session/06820c29678f15015ffe824e569d7d5a/execute/async - {"script":"<script> [1562 bytes]","args":[{"selector":{"id":"application-managehandovers-display-component---AddNewHO--smartFilterBar-btnBasicSearch","searchOpenDialogs":true,"interaction":{"idSuffix":"I"}},"wdio_ui5_key":"applicationmanagehandovers-display-component---AddNewHO--smartFilterBar-btnBasicSearch"}]}
RESULT: {"script":"<script> [1562 bytes]","args":[{"selector":{"id":"application-managehandovers-display-component---AddNewHO--smartFilterBar-btnBasicSearch","searchOpenDialogs":true,"interaction":{"idSuffix":"I"}},"wdio_ui5_key":"applicationmanagehandovers-display-component---AddNewHO--smartFilterBar-btnBasicSearch"}]}
RESULT: undefined
COMMAND: POST /session/06820c29678f15015ffe824e569d7d5a/execute/async - {"script":"<script> [776 bytes]","args":[{"enterText":"200301","selector":{"id":"application-managehandovers-display-component---AddNewHO--smartFilterBar-btnBasicSearch","searchOpenDialogs":true,"interaction":{"idSuffix":"I"}},"clearTextFirst":true,"interactionType":"ENTER_TEXT"}]}
RESULT: {"script":"<script> [776 bytes]","args":[{"enterText":"200301","selector":{"id":"application-managehandovers-display-component---AddNewHO--smartFilterBar-btnBasicSearch","searchOpenDialogs":true,"interaction":{"idSuffix":"I"}},"clearTextFirst":true,"interactionType":"ENTER_TEXT"}]}
COMMAND: POST /session/06820c29678f15015ffe824e569d7d5a/actions - {"actions":[{"id":"action21","type":"key","parameters":{},"actions":[{"type":"keyDown","value":"î€‡"},{"type":"pause","duration":10},{"type":"keyUp","value":"î€‡"}]}]}
RESULT: {"actions":[{"id":"action21","type":"key","parameters":{},"actions":[{"type":"keyDown","value":"î€‡"},{"type":"pause","duration":10},{"type":"keyUp","value":"î€‡"}]}]}
COMMAND: GET /session/06820c29678f15015ffe824e569d7d5a/screenshot - {}
RESULT: {}
COMMAND: POST /session/06820c29678f15015ffe824e569d7d5a/execute/async - {"script":"<script> [1562 bytes]","args":[{"selector":{"id":"application-managehandovers-display-component---AddNewHO--popup-sa","searchOpenDialogs":true,"interaction":{"idSuffix":"CbBg"}},"wdio_ui5_key":"applicationmanagehandovers-display-component---AddNewHO--popup-sa"}]}
RESULT: {"script":"<script> [1562 bytes]","args":[{"selector":{"id":"application-managehandovers-display-component---AddNewHO--popup-sa","searchOpenDialogs":true,"interaction":{"idSuffix":"CbBg"}},"wdio_ui5_key":"applicationmanagehandovers-display-component---AddNewHO--popup-sa"}]}
RESULT: undefined
COMMAND: POST /session/06820c29678f15015ffe824e569d7d5a/element - {"using":"xpath","value":"//*[@id=\"application-managehandovers-display-component---AddNewHO--popup-sa\"]"}
RESULT: {"using":"xpath","value":"//*[@id=\"application-managehandovers-display-component---AddNewHO--popup-sa\"]"}
COMMAND: POST /session/06820c29678f15015ffe824e569d7d5a/element/f.696EFCE712E801319DC54DDC19215679.d.5BE885278B1AA5220E48FBD5FF561C65.e.6131/click - {}
RESULT: {}
COMMAND: GET /session/06820c29678f15015ffe824e569d7d5a/screenshot - {}
RESULT: {}
COMMAND: POST /session/06820c29678f15015ffe824e569d7d5a/element - {"using":"xpath","value":"//bdi[contains(text(), \"Select\")]"}
RESULT: {"using":"xpath","value":"//bdi[contains(text(), \"Select\")]"}
COMMAND: POST /session/06820c29678f15015ffe824e569d7d5a/element/f.696EFCE712E801319DC54DDC19215679.d.5BE885278B1AA5220E48FBD5FF561C65.e.6132/click - {}
RESULT: {}
COMMAND: GET /session/06820c29678f15015ffe824e569d7d5a/screenshot - {}
RESULT: {}
COMMAND: POST /session/06820c29678f15015ffe824e569d7d5a/element - {"using":"xpath","value":"//button[@data-kt=\"AddNewHOSaveButton\"]"}
RESULT: {"using":"xpath","value":"//button[@data-kt=\"AddNewHOSaveButton\"]"}
COMMAND: POST /session/06820c29678f15015ffe824e569d7d5a/element/f.696EFCE712E801319DC54DDC19215679.d.5BE885278B1AA5220E48FBD5FF561C65.e.6136/click - {}
RESULT: {}
COMMAND: GET /session/06820c29678f15015ffe824e569d7d5a/screenshot - {}
RESULT: {}
COMMAND: POST /session/06820c29678f15015ffe824e569d7d5a/execute/async - {"script":"<script> [1562 bytes]","args":[{"selector":{"id":"receiptDatePicker","viewName":"etm.portal.ui.managehandovers.view.DetailExecuteHO","interaction":{"idSuffix":"inner"}},"wdio_ui5_key":"receiptDatePickeretmportal.ui.managehandovers.view.DetailExecuteHO"}]}
RESULT: {"script":"<script> [1562 bytes]","args":[{"selector":{"id":"receiptDatePicker","viewName":"etm.portal.ui.managehandovers.view.DetailExecuteHO","interaction":{"idSuffix":"inner"}},"wdio_ui5_key":"receiptDatePickeretmportal.ui.managehandovers.view.DetailExecuteHO"}]}
RESULT: undefined
COMMAND: POST /session/06820c29678f15015ffe824e569d7d5a/execute/async - {"script":"<script> [6424 bytes]","args":[{"element-6066-11e4-a52e-4f735466cecf":"f.696EFCE712E801319DC54DDC19215679.d.5BE885278B1AA5220E48FBD5FF561C65.e.6157"},"setValue",["5/19/25"]]}
RESULT: {"script":"<script> [6424 bytes]","args":[{"element-6066-11e4-a52e-4f735466cecf":"f.696EFCE712E801319DC54DDC19215679.d.5BE885278B1AA5220E48FBD5FF561C65.e.6157"},"setValue",["5/19/25"]]}
COMMAND: POST /session/06820c29678f15015ffe824e569d7d5a/element - {"using":"xpath","value":"//button[@data-kt=\"PickingTableConfirmAllButton\"]"}
RESULT: {"using":"xpath","value":"//button[@data-kt=\"PickingTableConfirmAllButton\"]"}
COMMAND: POST /session/06820c29678f15015ffe824e569d7d5a/element/f.696EFCE712E801319DC54DDC19215679.d.5BE885278B1AA5220E48FBD5FF561C65.e.6173/click - {}
RESULT: {}
COMMAND: GET /session/06820c29678f15015ffe824e569d7d5a/screenshot - {}
RESULT: {}
COMMAND: POST /session/06820c29678f15015ffe824e569d7d5a/element - {"using":"xpath","value":"//bdi[contains(text(), \"OK\")]"}
RESULT: {"using":"xpath","value":"//bdi[contains(text(), \"OK\")]"}
COMMAND: POST /session/06820c29678f15015ffe824e569d7d5a/element/f.696EFCE712E801319DC54DDC19215679.d.5BE885278B1AA5220E48FBD5FF561C65.e.6175/click - {}
RESULT: {}
COMMAND: GET /session/06820c29678f15015ffe824e569d7d5a/screenshot - {}
RESULT: {}
COMMAND: POST /session/06820c29678f15015ffe824e569d7d5a/element - {"using":"xpath","value":"(//bdi[contains(text(), \"Receive\")])[2]"}
RESULT: {"using":"xpath","value":"(//bdi[contains(text(), \"Receive\")])[2]"}
COMMAND: POST /session/06820c29678f15015ffe824e569d7d5a/element/f.696EFCE712E801319DC54DDC19215679.d.5BE885278B1AA5220E48FBD5FF561C65.e.6177/click - {}
RESULT: {}
COMMAND: GET /session/06820c29678f15015ffe824e569d7d5a/screenshot - {}
RESULT: {}
COMMAND: POST /session/06820c29678f15015ffe824e569d7d5a/element - {"using":"css selector","value":"#shell-header-logo"}
RESULT: {"using":"css selector","value":"#shell-header-logo"}
COMMAND: POST /session/06820c29678f15015ffe824e569d7d5a/element/f.696EFCE712E801319DC54DDC19215679.d.5BE885278B1AA5220E48FBD5FF561C65.e.5556/click - {}
RESULT: {}
COMMAND: GET /session/06820c29678f15015ffe824e569d7d5a/screenshot - {}
RESULT: {}
]]></system-out>
    </testcase>
    <testcase classname="chrome.136_0_7103_93.windows.Provide_to_Site_w/_warehouse_management_w_clarification" name="Should create a new contract" time="58.037">
      <system-out><![CDATA[
COMMAND: POST /session/06820c29678f15015ffe824e569d7d5a/execute/async - {"script":"<script> [1562 bytes]","args":[{"selector":{"controlType":"sap.m.GenericTile","properties":{"header":"Manage Contracts"}},"wdio_ui5_key":"sapm.GenericTile{\"header\":\"Manage Contracts\"}"}]}
RESULT: {"script":"<script> [1562 bytes]","args":[{"selector":{"controlType":"sap.m.GenericTile","properties":{"header":"Manage Contracts"}},"wdio_ui5_key":"sapm.GenericTile{\"header\":\"Manage Contracts\"}"}]}
RESULT: undefined
COMMAND: POST /session/06820c29678f15015ffe824e569d7d5a/element - {"using":"xpath","value":"//*[@id=\"__tile130\"]"}
RESULT: {"using":"xpath","value":"//*[@id=\"__tile130\"]"}
COMMAND: POST /session/06820c29678f15015ffe824e569d7d5a/element/f.696EFCE712E801319DC54DDC19215679.d.5BE885278B1AA5220E48FBD5FF561C65.e.4921/click - {}
RESULT: {}
COMMAND: GET /session/06820c29678f15015ffe824e569d7d5a/screenshot - {}
RESULT: {}
COMMAND: POST /session/06820c29678f15015ffe824e569d7d5a/elements - {"using":"xpath","value":"//span[text()='Error']"}
RESULT: {"using":"xpath","value":"//span[text()='Error']"}
COMMAND: POST /session/06820c29678f15015ffe824e569d7d5a/element - {"using":"xpath","value":"//button[@data-kt=\"addButton\"]"}
RESULT: {"using":"xpath","value":"//button[@data-kt=\"addButton\"]"}
COMMAND: POST /session/06820c29678f15015ffe824e569d7d5a/elements - {"using":"xpath","value":"//button[@data-kt=\"addButton\"]"}
RESULT: {"using":"xpath","value":"//button[@data-kt=\"addButton\"]"}
COMMAND: POST /session/06820c29678f15015ffe824e569d7d5a/execute/sync - {"script":"<script> [8489 bytes]","args":[{"element-6066-11e4-a52e-4f735466cecf":"f.696EFCE712E801319DC54DDC19215679.d.5BE885278B1AA5220E48FBD5FF561C65.e.6394","ELEMENT":"f.696EFCE712E801319DC54DDC19215679.d.5BE885278B1AA5220E48FBD5FF561C65.e.6394"}]}
RESULT: {"script":"<script> [8489 bytes]","args":[{"element-6066-11e4-a52e-4f735466cecf":"f.696EFCE712E801319DC54DDC19215679.d.5BE885278B1AA5220E48FBD5FF561C65.e.6394","ELEMENT":"f.696EFCE712E801319DC54DDC19215679.d.5BE885278B1AA5220E48FBD5FF561C65.e.6394"}]}
COMMAND: GET /session/06820c29678f15015ffe824e569d7d5a/element/f.696EFCE712E801319DC54DDC19215679.d.5BE885278B1AA5220E48FBD5FF561C65.e.6394/enabled - {}
COMMAND: GET /session/06820c29678f15015ffe824e569d7d5a/screenshot - {}
RESULT: {}
COMMAND: POST /session/06820c29678f15015ffe824e569d7d5a/execute/sync - {"script":"<script> [8489 bytes]","args":[{"element-6066-11e4-a52e-4f735466cecf":"f.696EFCE712E801319DC54DDC19215679.d.5BE885278B1AA5220E48FBD5FF561C65.e.6394","ELEMENT":"f.696EFCE712E801319DC54DDC19215679.d.5BE885278B1AA5220E48FBD5FF561C65.e.6394"}]}
COMMAND: GET /session/06820c29678f15015ffe824e569d7d5a/screenshot - {}
RESULT: {}
RESULT: {"script":"<script> [8489 bytes]","args":[{"element-6066-11e4-a52e-4f735466cecf":"f.696EFCE712E801319DC54DDC19215679.d.5BE885278B1AA5220E48FBD5FF561C65.e.6394","ELEMENT":"f.696EFCE712E801319DC54DDC19215679.d.5BE885278B1AA5220E48FBD5FF561C65.e.6394"}]}
COMMAND: POST /session/06820c29678f15015ffe824e569d7d5a/execute/sync - {"script":"<script> [5351 bytes]","args":[{"element-6066-11e4-a52e-4f735466cecf":"f.696EFCE712E801319DC54DDC19215679.d.5BE885278B1AA5220E48FBD5FF561C65.e.6394","ELEMENT":"f.696EFCE712E801319DC54DDC19215679.d.5BE885278B1AA5220E48FBD5FF561C65.e.6394"}]}
COMMAND: GET /session/06820c29678f15015ffe824e569d7d5a/screenshot - {}
RESULT: {}
RESULT: {"script":"<script> [5351 bytes]","args":[{"element-6066-11e4-a52e-4f735466cecf":"f.696EFCE712E801319DC54DDC19215679.d.5BE885278B1AA5220E48FBD5FF561C65.e.6394","ELEMENT":"f.696EFCE712E801319DC54DDC19215679.d.5BE885278B1AA5220E48FBD5FF561C65.e.6394"}]}
COMMAND: GET /session/06820c29678f15015ffe824e569d7d5a/screenshot - {}
RESULT: {}
RESULT: {}
COMMAND: POST /session/06820c29678f15015ffe824e569d7d5a/element/f.696EFCE712E801319DC54DDC19215679.d.5BE885278B1AA5220E48FBD5FF561C65.e.6394/click - {}
RESULT: {}
COMMAND: GET /session/06820c29678f15015ffe824e569d7d5a/screenshot - {}
RESULT: {}
COMMAND: POST /session/06820c29678f15015ffe824e569d7d5a/execute/async - {"script":"<script> [1562 bytes]","args":[{"selector":{"id":"application-managecontracts-display-component---AddNewContract--projectDescription","interaction":{"idSuffix":"inner"}},"wdio_ui5_key":"applicationmanagecontracts-display-component---AddNewContract--projectDescription"}]}
RESULT: {"script":"<script> [1562 bytes]","args":[{"selector":{"id":"application-managecontracts-display-component---AddNewContract--projectDescription","interaction":{"idSuffix":"inner"}},"wdio_ui5_key":"applicationmanagecontracts-display-component---AddNewContract--projectDescription"}]}
RESULT: undefined
COMMAND: POST /session/06820c29678f15015ffe824e569d7d5a/execute/async - {"script":"<script> [776 bytes]","args":[{"enterText":"Contract WDIO","selector":{"id":"application-managecontracts-display-component---AddNewContract--projectDescription","interaction":{"idSuffix":"inner"}},"clearTextFirst":true,"interactionType":"ENTER_TEXT"}]}
RESULT: {"script":"<script> [776 bytes]","args":[{"enterText":"Contract WDIO","selector":{"id":"application-managecontracts-display-component---AddNewContract--projectDescription","interaction":{"idSuffix":"inner"}},"clearTextFirst":true,"interactionType":"ENTER_TEXT"}]}
COMMAND: POST /session/06820c29678f15015ffe824e569d7d5a/element - {"using":"xpath","value":"//input[@id=\"application-managecontracts-display-component---AddNewContract--site-inner\"]"}
RESULT: {"using":"xpath","value":"//input[@id=\"application-managecontracts-display-component---AddNewContract--site-inner\"]"}
COMMAND: POST /session/06820c29678f15015ffe824e569d7d5a/element/f.696EFCE712E801319DC54DDC19215679.d.5BE885278B1AA5220E48FBD5FF561C65.e.6750/clear - {}
RESULT: {}
COMMAND: POST /session/06820c29678f15015ffe824e569d7d5a/element/f.696EFCE712E801319DC54DDC19215679.d.5BE885278B1AA5220E48FBD5FF561C65.e.6750/value - {"text":"2278"}
COMMAND: GET /session/06820c29678f15015ffe824e569d7d5a/screenshot - {}
RESULT: {"text":"2278"}
COMMAND: GET /session/06820c29678f15015ffe824e569d7d5a/screenshot - {}
RESULT: {}
RESULT: {}
COMMAND: POST /session/06820c29678f15015ffe824e569d7d5a/element - {"using":"xpath","value":"//li[.//span[text()='2278']]"}
RESULT: {"using":"xpath","value":"//li[.//span[text()='2278']]"}
COMMAND: POST /session/06820c29678f15015ffe824e569d7d5a/element/f.696EFCE712E801319DC54DDC19215679.d.5BE885278B1AA5220E48FBD5FF561C65.e.6781/click - {}
RESULT: {}
COMMAND: GET /session/06820c29678f15015ffe824e569d7d5a/screenshot - {}
RESULT: {}
COMMAND: POST /session/06820c29678f15015ffe824e569d7d5a/element - {"using":"xpath","value":"//input[@id=\"application-managecontracts-display-component---AddNewContract--yardId-inner\"]"}
RESULT: {"using":"xpath","value":"//input[@id=\"application-managecontracts-display-component---AddNewContract--yardId-inner\"]"}
COMMAND: GET /session/06820c29678f15015ffe824e569d7d5a/element/f.696EFCE712E801319DC54DDC19215679.d.5BE885278B1AA5220E48FBD5FF561C65.e.6751/property/value - {}
RESULT: {}
COMMAND: POST /session/06820c29678f15015ffe824e569d7d5a/element - {"using":"xpath","value":"//input[@id=\"application-managecontracts-display-component---AddNewContract--customerSelect-inner\"]"}
COMMAND: GET /session/06820c29678f15015ffe824e569d7d5a/screenshot - {}
RESULT: {"using":"xpath","value":"//input[@id=\"application-managecontracts-display-component---AddNewContract--customerSelect-inner\"]"}
COMMAND: POST /session/06820c29678f15015ffe824e569d7d5a/element/f.696EFCE712E801319DC54DDC19215679.d.5BE885278B1AA5220E48FBD5FF561C65.e.6749/clear - {}
RESULT: {}
RESULT: {}
COMMAND: POST /session/06820c29678f15015ffe824e569d7d5a/element/f.696EFCE712E801319DC54DDC19215679.d.5BE885278B1AA5220E48FBD5FF561C65.e.6749/value - {"text":"1330"}
COMMAND: GET /session/06820c29678f15015ffe824e569d7d5a/screenshot - {}
RESULT: {"text":"1330"}
COMMAND: GET /session/06820c29678f15015ffe824e569d7d5a/screenshot - {}
RESULT: {}
RESULT: {}
COMMAND: POST /session/06820c29678f15015ffe824e569d7d5a/element - {"using":"xpath","value":"//li[.//span[text()='1330']]"}
RESULT: {"using":"xpath","value":"//li[.//span[text()='1330']]"}
COMMAND: POST /session/06820c29678f15015ffe824e569d7d5a/element/f.696EFCE712E801319DC54DDC19215679.d.5BE885278B1AA5220E48FBD5FF561C65.e.6784/click - {}
RESULT: {}
COMMAND: GET /session/06820c29678f15015ffe824e569d7d5a/screenshot - {}
RESULT: {}
COMMAND: POST /session/06820c29678f15015ffe824e569d7d5a/element - {"using":"xpath","value":"//button[@data-kt=\"saveButton\"]"}
RESULT: {"using":"xpath","value":"//button[@data-kt=\"saveButton\"]"}
COMMAND: POST /session/06820c29678f15015ffe824e569d7d5a/element/f.696EFCE712E801319DC54DDC19215679.d.5BE885278B1AA5220E48FBD5FF561C65.e.6785/click - {}
RESULT: {}
COMMAND: GET /session/06820c29678f15015ffe824e569d7d5a/screenshot - {}
RESULT: {}
COMMAND: POST /session/06820c29678f15015ffe824e569d7d5a/element - {"using":"xpath","value":"//span[contains(@id ,\"contractDetailTitleNoExpanded\")]"}
RESULT: {"using":"xpath","value":"//span[contains(@id ,\"contractDetailTitleNoExpanded\")]"}
COMMAND: POST /session/06820c29678f15015ffe824e569d7d5a/elements - {"using":"xpath","value":"//span[contains(@id ,\"contractDetailTitleNoExpanded\")]"}
RESULT: {"using":"xpath","value":"//span[contains(@id ,\"contractDetailTitleNoExpanded\")]"}
COMMAND: POST /session/06820c29678f15015ffe824e569d7d5a/execute/sync - {"script":"<script> [56 bytes]","args":[{"element-6066-11e4-a52e-4f735466cecf":"f.696EFCE712E801319DC54DDC19215679.d.5BE885278B1AA5220E48FBD5FF561C65.e.6858","ELEMENT":"f.696EFCE712E801319DC54DDC19215679.d.5BE885278B1AA5220E48FBD5FF561C65.e.6858"}]}
RESULT: {"script":"<script> [56 bytes]","args":[{"element-6066-11e4-a52e-4f735466cecf":"f.696EFCE712E801319DC54DDC19215679.d.5BE885278B1AA5220E48FBD5FF561C65.e.6858","ELEMENT":"f.696EFCE712E801319DC54DDC19215679.d.5BE885278B1AA5220E48FBD5FF561C65.e.6858"}]}
COMMAND: GET /session/06820c29678f15015ffe824e569d7d5a/screenshot - {}
RESULT: {}
]]></system-out>
    </testcase>
    <testcase classname="chrome.136_0_7103_93.windows.Provide_to_Site_w/_warehouse_management_w_clarification" name="Should add equipment to the contract" time="56.234">
      <system-out><![CDATA[
COMMAND: POST /session/06820c29678f15015ffe824e569d7d5a/element - {"using":"xpath","value":"//button[@data-kt=\"contractDetailEditBtnButton\"]"}
RESULT: {"using":"xpath","value":"//button[@data-kt=\"contractDetailEditBtnButton\"]"}
COMMAND: POST /session/06820c29678f15015ffe824e569d7d5a/element/f.696EFCE712E801319DC54DDC19215679.d.5BE885278B1AA5220E48FBD5FF561C65.e.6860/click - {}
RESULT: {}
COMMAND: GET /session/06820c29678f15015ffe824e569d7d5a/screenshot - {}
RESULT: {}
COMMAND: POST /session/06820c29678f15015ffe824e569d7d5a/element - {"using":"xpath","value":"(//span[contains(text(), \"Additional Addresses\")])[2]"}
RESULT: {"using":"xpath","value":"(//span[contains(text(), \"Additional Addresses\")])[2]"}
COMMAND: POST /session/06820c29678f15015ffe824e569d7d5a/element/f.696EFCE712E801319DC54DDC19215679.d.5BE885278B1AA5220E48FBD5FF561C65.e.6916/click - {}
RESULT: {}
COMMAND: GET /session/06820c29678f15015ffe824e569d7d5a/screenshot - {}
RESULT: {}
COMMAND: POST /session/06820c29678f15015ffe824e569d7d5a/element - {"using":"xpath","value":"//button[@data-kt=\"btnAddTableRowOverflowToolbarButton\"]"}
RESULT: {"using":"xpath","value":"//button[@data-kt=\"btnAddTableRowOverflowToolbarButton\"]"}
COMMAND: POST /session/06820c29678f15015ffe824e569d7d5a/element/f.696EFCE712E801319DC54DDC19215679.d.5BE885278B1AA5220E48FBD5FF561C65.e.6919/click - {}
RESULT: {}
COMMAND: GET /session/06820c29678f15015ffe824e569d7d5a/screenshot - {}
RESULT: {}
COMMAND: POST /session/06820c29678f15015ffe824e569d7d5a/element - {"using":"xpath","value":"//div[(text() = 'Standard Entry' or . = 'Standard Entry')]"}
RESULT: {"using":"xpath","value":"//div[(text() = 'Standard Entry' or . = 'Standard Entry')]"}
COMMAND: POST /session/06820c29678f15015ffe824e569d7d5a/element/f.696EFCE712E801319DC54DDC19215679.d.5BE885278B1AA5220E48FBD5FF561C65.e.6921/click - {}
RESULT: {}
COMMAND: GET /session/06820c29678f15015ffe824e569d7d5a/screenshot - {}
RESULT: {}
COMMAND: POST /session/06820c29678f15015ffe824e569d7d5a/element - {"using":"xpath","value":"//td[6]/div/div/div/span"}
RESULT: {"using":"xpath","value":"//td[6]/div/div/div/span"}
COMMAND: POST /session/06820c29678f15015ffe824e569d7d5a/element/f.696EFCE712E801319DC54DDC19215679.d.5BE885278B1AA5220E48FBD5FF561C65.e.6933/click - {}
RESULT: {}
COMMAND: GET /session/06820c29678f15015ffe824e569d7d5a/screenshot - {}
RESULT: {}
COMMAND: POST /session/06820c29678f15015ffe824e569d7d5a/element - {"using":"xpath","value":"(//span[contains(text(), \"Material\")])"}
RESULT: {"using":"xpath","value":"(//span[contains(text(), \"Material\")])"}
COMMAND: POST /session/06820c29678f15015ffe824e569d7d5a/element/f.696EFCE712E801319DC54DDC19215679.d.5BE885278B1AA5220E48FBD5FF561C65.e.6934/click - {}
RESULT: {}
COMMAND: GET /session/06820c29678f15015ffe824e569d7d5a/screenshot - {}
RESULT: {}
COMMAND: POST /session/06820c29678f15015ffe824e569d7d5a/element - {"using":"xpath","value":"//td[7]/div/div/input"}
RESULT: {"using":"xpath","value":"//td[7]/div/div/input"}
COMMAND: POST /session/06820c29678f15015ffe824e569d7d5a/element/f.696EFCE712E801319DC54DDC19215679.d.5BE885278B1AA5220E48FBD5FF561C65.e.6938/clear - {}
RESULT: {}
COMMAND: POST /session/06820c29678f15015ffe824e569d7d5a/element/f.696EFCE712E801319DC54DDC19215679.d.5BE885278B1AA5220E48FBD5FF561C65.e.6938/value - {"text":"200301"}
COMMAND: GET /session/06820c29678f15015ffe824e569d7d5a/screenshot - {}
RESULT: {"text":"200301"}
COMMAND: GET /session/06820c29678f15015ffe824e569d7d5a/screenshot - {}
RESULT: {}
RESULT: {}
COMMAND: POST /session/06820c29678f15015ffe824e569d7d5a/actions - {"actions":[{"id":"action22","type":"key","parameters":{},"actions":[{"type":"keyDown","value":"î€‡"},{"type":"pause","duration":10},{"type":"keyUp","value":"î€‡"}]}]}
RESULT: {"actions":[{"id":"action22","type":"key","parameters":{},"actions":[{"type":"keyDown","value":"î€‡"},{"type":"pause","duration":10},{"type":"keyUp","value":"î€‡"}]}]}
COMMAND: GET /session/06820c29678f15015ffe824e569d7d5a/screenshot - {}
RESULT: {}
COMMAND: POST /session/06820c29678f15015ffe824e569d7d5a/execute/sync - {"script":"<script> [276 bytes]","args":["No pricing information was found"]}
RESULT: {"script":"<script> [276 bytes]","args":["No pricing information was found"]}
COMMAND: POST /session/06820c29678f15015ffe824e569d7d5a/element - {"using":"xpath","value":"//bdi[contains(text(), \"OK\")]"}
COMMAND: GET /session/06820c29678f15015ffe824e569d7d5a/screenshot - {}
RESULT: {"using":"xpath","value":"//bdi[contains(text(), \"OK\")]"}
COMMAND: POST /session/06820c29678f15015ffe824e569d7d5a/element/f.696EFCE712E801319DC54DDC19215679.d.5BE885278B1AA5220E48FBD5FF561C65.e.6964/click - {}
RESULT: {}
RESULT: {}
COMMAND: GET /session/06820c29678f15015ffe824e569d7d5a/screenshot - {}
RESULT: {}
COMMAND: POST /session/06820c29678f15015ffe824e569d7d5a/element - {"using":"xpath","value":"(//button[@data-kt=\"saveButton\"])[2]"}
RESULT: {"using":"xpath","value":"(//button[@data-kt=\"saveButton\"])[2]"}
COMMAND: POST /session/06820c29678f15015ffe824e569d7d5a/element/f.696EFCE712E801319DC54DDC19215679.d.5BE885278B1AA5220E48FBD5FF561C65.e.6965/click - {}
RESULT: {}
COMMAND: GET /session/06820c29678f15015ffe824e569d7d5a/screenshot - {}
RESULT: {}
COMMAND: POST /session/06820c29678f15015ffe824e569d7d5a/execute/sync - {"script":"<script> [276 bytes]","args":["Some contract items are having rental validity exceeding header rental validity"]}
RESULT: {"script":"<script> [276 bytes]","args":["Some contract items are having rental validity exceeding header rental validity"]}
COMMAND: GET /session/06820c29678f15015ffe824e569d7d5a/screenshot - {}
RESULT: {}
COMMAND: POST /session/06820c29678f15015ffe824e569d7d5a/element - {"using":"xpath","value":"//span[contains(@id ,\"contractItemsSmartTable-header-inner\")]"}
RESULT: {"using":"xpath","value":"//span[contains(@id ,\"contractItemsSmartTable-header-inner\")]"}
COMMAND: POST /session/06820c29678f15015ffe824e569d7d5a/elements - {"using":"xpath","value":"//span[contains(@id ,\"contractItemsSmartTable-header-inner\")]"}
RESULT: {"using":"xpath","value":"//span[contains(@id ,\"contractItemsSmartTable-header-inner\")]"}
COMMAND: POST /session/06820c29678f15015ffe824e569d7d5a/execute/sync - {"script":"<script> [56 bytes]","args":[{"element-6066-11e4-a52e-4f735466cecf":"f.696EFCE712E801319DC54DDC19215679.d.5BE885278B1AA5220E48FBD5FF561C65.e.6969","ELEMENT":"f.696EFCE712E801319DC54DDC19215679.d.5BE885278B1AA5220E48FBD5FF561C65.e.6969"}]}
RESULT: {"script":"<script> [56 bytes]","args":[{"element-6066-11e4-a52e-4f735466cecf":"f.696EFCE712E801319DC54DDC19215679.d.5BE885278B1AA5220E48FBD5FF561C65.e.6969","ELEMENT":"f.696EFCE712E801319DC54DDC19215679.d.5BE885278B1AA5220E48FBD5FF561C65.e.6969"}]}
COMMAND: GET /session/06820c29678f15015ffe824e569d7d5a/screenshot - {}
]]></system-out>
    </testcase>
    <testcase classname="chrome.136_0_7103_93.windows.Provide_to_Site_w/_warehouse_management_w_clarification" name="Should provide to site" time="40.428">
      <system-out><![CDATA[
COMMAND: POST /session/06820c29678f15015ffe824e569d7d5a/element - {"using":"xpath","value":"//button[@data-kt=\"provideButton\"]"}
RESULT: {}
RESULT: {"using":"xpath","value":"//button[@data-kt=\"provideButton\"]"}
COMMAND: POST /session/06820c29678f15015ffe824e569d7d5a/element/f.696EFCE712E801319DC54DDC19215679.d.5BE885278B1AA5220E48FBD5FF561C65.e.6970/click - {}
RESULT: {}
COMMAND: GET /session/06820c29678f15015ffe824e569d7d5a/screenshot - {}
RESULT: {}
RESULT: undefined
COMMAND: POST /session/06820c29678f15015ffe824e569d7d5a/execute/async - {"script":"<script> [6424 bytes]","args":[{"element-6066-11e4-a52e-4f735466cecf":"f.696EFCE712E801319DC54DDC19215679.d.5BE885278B1AA5220E48FBD5FF561C65.e.5950"},"setValue",["05/19/25"]]}
COMMAND: POST /session/06820c29678f15015ffe824e569d7d5a/execute/async - {"script":"<script> [1562 bytes]","args":[{"selector":{"id":"application-managehandovers-display-component---AddNewHO--dueDate","interaction":{"idSuffix":"inner"}},"wdio_ui5_key":"applicationmanagehandovers-display-component---AddNewHO--dueDate"}]}
RESULT: {"script":"<script> [1562 bytes]","args":[{"selector":{"id":"application-managehandovers-display-component---AddNewHO--dueDate","interaction":{"idSuffix":"inner"}},"wdio_ui5_key":"applicationmanagehandovers-display-component---AddNewHO--dueDate"}]}
COMMAND: POST /session/06820c29678f15015ffe824e569d7d5a/execute/async - {"script":"<script> [6424 bytes]","args":[{"element-6066-11e4-a52e-4f735466cecf":"f.696EFCE712E801319DC54DDC19215679.d.5BE885278B1AA5220E48FBD5FF561C65.e.7027"},"setValue",["05/19/25"]]}
RESULT: {"script":"<script> [6424 bytes]","args":[{"element-6066-11e4-a52e-4f735466cecf":"f.696EFCE712E801319DC54DDC19215679.d.5BE885278B1AA5220E48FBD5FF561C65.e.7027"},"setValue",["05/19/25"]]}
COMMAND: POST /session/06820c29678f15015ffe824e569d7d5a/element - {"using":"xpath","value":"//bdi[contains(text(), \"Instructions\")]"}
RESULT: {"using":"xpath","value":"//bdi[contains(text(), \"Instructions\")]"}
COMMAND: POST /session/06820c29678f15015ffe824e569d7d5a/element/f.696EFCE712E801319DC54DDC19215679.d.5BE885278B1AA5220E48FBD5FF561C65.e.7278/click - {}
RESULT: {}
COMMAND: GET /session/06820c29678f15015ffe824e569d7d5a/screenshot - {}
RESULT: {}
COMMAND: POST /session/06820c29678f15015ffe824e569d7d5a/element - {"using":"xpath","value":"//button[@data-kt=\"AddNewHOProvideAddItemsButton\"]"}
RESULT: {"using":"xpath","value":"//button[@data-kt=\"AddNewHOProvideAddItemsButton\"]"}
COMMAND: POST /session/06820c29678f15015ffe824e569d7d5a/element/f.696EFCE712E801319DC54DDC19215679.d.5BE885278B1AA5220E48FBD5FF561C65.e.7282/click - {}
RESULT: {}
COMMAND: GET /session/06820c29678f15015ffe824e569d7d5a/screenshot - {}
RESULT: {}
RESULT: undefined
COMMAND: POST /session/06820c29678f15015ffe824e569d7d5a/element - {"using":"xpath","value":"//*[@id=\"application-managehandovers-display-component---AddNewHO--popup-sa\"]"}
RESULT: {"using":"xpath","value":"//*[@id=\"application-managehandovers-display-component---AddNewHO--popup-sa\"]"}
COMMAND: POST /session/06820c29678f15015ffe824e569d7d5a/element/f.696EFCE712E801319DC54DDC19215679.d.5BE885278B1AA5220E48FBD5FF561C65.e.7297/click - {}
RESULT: {}
COMMAND: GET /session/06820c29678f15015ffe824e569d7d5a/screenshot - {}
RESULT: {}
COMMAND: POST /session/06820c29678f15015ffe824e569d7d5a/element - {"using":"xpath","value":"//*[contains(@id ,\"BDI-content\")][contains(text(), \"Select\")]"}
RESULT: {"using":"xpath","value":"//*[contains(@id ,\"BDI-content\")][contains(text(), \"Select\")]"}
COMMAND: POST /session/06820c29678f15015ffe824e569d7d5a/element/f.696EFCE712E801319DC54DDC19215679.d.5BE885278B1AA5220E48FBD5FF561C65.e.7299/click - {}
RESULT: {}
COMMAND: GET /session/06820c29678f15015ffe824e569d7d5a/screenshot - {}
RESULT: {}
COMMAND: POST /session/06820c29678f15015ffe824e569d7d5a/element - {"using":"xpath","value":"//bdi[(text() = 'Save' or . = 'Save')]"}
RESULT: {"using":"xpath","value":"//bdi[(text() = 'Save' or . = 'Save')]"}
COMMAND: POST /session/06820c29678f15015ffe824e569d7d5a/element/f.696EFCE712E801319DC54DDC19215679.d.5BE885278B1AA5220E48FBD5FF561C65.e.7302/click - {}
RESULT: {}
COMMAND: GET /session/06820c29678f15015ffe824e569d7d5a/screenshot - {}
RESULT: {}
]]></system-out>
    </testcase>
    <testcase classname="chrome.136_0_7103_93.windows.Provide_to_Site_w/_warehouse_management_w_clarification" name="Should test for Handover Execution" time="146.564">
      <system-out><![CDATA[
COMMAND: POST /session/06820c29678f15015ffe824e569d7d5a/execute/async - {"script":"<script> [1562 bytes]","args":[{"selector":{"controlType":"sap.m.Link","viewName":"etm.portal.ui.managehandovers.view.DetailExecuteHO","bindingPath":{"path":"","propertyPath":"/wmDoc","modelName":"warehouseMovModel"}},"wdio_ui5_key":"etmportal.ui.managehandovers.view.DetailExecuteHOsap.m.Link{\"path\":\"\",\"propertyPath\":\"/wmDoc\",\"modelName\":\"warehouseMovModel\"}"}]}
RESULT: {"script":"<script> [1562 bytes]","args":[{"selector":{"controlType":"sap.m.Link","viewName":"etm.portal.ui.managehandovers.view.DetailExecuteHO","bindingPath":{"path":"","propertyPath":"/wmDoc","modelName":"warehouseMovModel"}},"wdio_ui5_key":"etmportal.ui.managehandovers.view.DetailExecuteHOsap.m.Link{\"path\":\"\",\"propertyPath\":\"/wmDoc\",\"modelName\":\"warehouseMovModel\"}"}]}
RESULT: undefined
COMMAND: POST /session/06820c29678f15015ffe824e569d7d5a/element - {"using":"xpath","value":"//*[@id=\"__link81\"]"}
RESULT: {"using":"xpath","value":"//*[@id=\"__link81\"]"}
COMMAND: POST /session/06820c29678f15015ffe824e569d7d5a/element/f.696EFCE712E801319DC54DDC19215679.d.5BE885278B1AA5220E48FBD5FF561C65.e.7335/click - {}
RESULT: {}
COMMAND: GET /session/06820c29678f15015ffe824e569d7d5a/screenshot - {}
RESULT: {}
COMMAND: POST /session/06820c29678f15015ffe824e569d7d5a/execute/async - {"script":"<script> [1562 bytes]","args":[{"selector":{"controlType":"sap.m.Link","viewName":"etm.portal.ui.managehandovers.view.DetailExecuteHO","properties":{"text":"Warehouse Overview"},"searchOpenDialogs":true},"wdio_ui5_key":"etmportal.ui.managehandovers.view.DetailExecuteHOsap.m.Link{\"text\":\"Warehouse Overview\"}"}]}
RESULT: {"script":"<script> [1562 bytes]","args":[{"selector":{"controlType":"sap.m.Link","viewName":"etm.portal.ui.managehandovers.view.DetailExecuteHO","properties":{"text":"Warehouse Overview"},"searchOpenDialogs":true},"wdio_ui5_key":"etmportal.ui.managehandovers.view.DetailExecuteHOsap.m.Link{\"text\":\"Warehouse Overview\"}"}]}
RESULT: undefined
COMMAND: POST /session/06820c29678f15015ffe824e569d7d5a/element - {"using":"xpath","value":"//*[@id=\"__link96\"]"}
RESULT: {"using":"xpath","value":"//*[@id=\"__link96\"]"}
COMMAND: POST /session/06820c29678f15015ffe824e569d7d5a/element/f.696EFCE712E801319DC54DDC19215679.d.5BE885278B1AA5220E48FBD5FF561C65.e.7339/click - {}
RESULT: {}
COMMAND: GET /session/06820c29678f15015ffe824e569d7d5a/screenshot - {}
RESULT: {}
COMMAND: POST /session/06820c29678f15015ffe824e569d7d5a/execute/async - {"script":"<script> [1562 bytes]","args":[{"selector":{"controlType":"sap.m.Button","viewName":"etm.portal.ui.warehousemovements.view.DisplayMovement","viewId":"application-warehousemovements-display-component---displayMovement","i18NText":{"propertyName":"text","key":"execution"},"interaction":{"idSuffix":"BDI-content"}},"wdio_ui5_key":"etmportal.ui.warehousemovements.view.DisplayMovementsap.m.Button{\"propertyName\":\"text\",\"key\":\"execution\"}"}]}
RESULT: {"script":"<script> [1562 bytes]","args":[{"selector":{"controlType":"sap.m.Button","viewName":"etm.portal.ui.warehousemovements.view.DisplayMovement","viewId":"application-warehousemovements-display-component---displayMovement","i18NText":{"propertyName":"text","key":"execution"},"interaction":{"idSuffix":"BDI-content"}},"wdio_ui5_key":"etmportal.ui.warehousemovements.view.DisplayMovementsap.m.Button{\"propertyName\":\"text\",\"key\":\"execution\"}"}]}
RESULT: undefined
COMMAND: POST /session/06820c29678f15015ffe824e569d7d5a/element - {"using":"xpath","value":"//*[@id=\"__button219\"]"}
RESULT: {"using":"xpath","value":"//*[@id=\"__button219\"]"}
COMMAND: POST /session/06820c29678f15015ffe824e569d7d5a/element/f.696EFCE712E801319DC54DDC19215679.d.5BE885278B1AA5220E48FBD5FF561C65.e.7464/click - {}
RESULT: {}
COMMAND: GET /session/06820c29678f15015ffe824e569d7d5a/screenshot - {}
RESULT: {}
COMMAND: POST /session/06820c29678f15015ffe824e569d7d5a/execute/async - {"script":"<script> [1562 bytes]","args":[{"selector":{"controlType":"sap.m.Button","viewName":"etm.portal.ui.warehousemovements.view.ExecuteMovement","viewId":"application-warehousemovements-display-component---executeMovement","properties":{"text":"Items"},"interaction":{"idSuffix":"BDI-content"}},"wdio_ui5_key":"etmportal.ui.warehousemovements.view.ExecuteMovementsap.m.Button{\"text\":\"Items\"}"}]}
RESULT: {"script":"<script> [1562 bytes]","args":[{"selector":{"controlType":"sap.m.Button","viewName":"etm.portal.ui.warehousemovements.view.ExecuteMovement","viewId":"application-warehousemovements-display-component---executeMovement","properties":{"text":"Items"},"interaction":{"idSuffix":"BDI-content"}},"wdio_ui5_key":"etmportal.ui.warehousemovements.view.ExecuteMovementsap.m.Button{\"text\":\"Items\"}"}]}
RESULT: undefined
COMMAND: POST /session/06820c29678f15015ffe824e569d7d5a/element - {"using":"xpath","value":"//*[@id=\"__layout353-anchBar-application-warehousemovements-display-component---executeMovement--itemsSection-anchor\"]"}
RESULT: {"using":"xpath","value":"//*[@id=\"__layout353-anchBar-application-warehousemovements-display-component---executeMovement--itemsSection-anchor\"]"}
COMMAND: POST /session/06820c29678f15015ffe824e569d7d5a/element/f.696EFCE712E801319DC54DDC19215679.d.5BE885278B1AA5220E48FBD5FF561C65.e.7561/click - {}
RESULT: {}
COMMAND: GET /session/06820c29678f15015ffe824e569d7d5a/screenshot - {}
RESULT: {}
COMMAND: POST /session/06820c29678f15015ffe824e569d7d5a/execute/async - {"script":"<script> [1562 bytes]","args":[{"selector":{"controlType":"sap.m.ToggleButton","viewName":"etm.portal.ui.warehousemovements.view.ExecuteMovement","viewId":"application-warehousemovements-display-component---executeMovement","bindingPath":{"propertyPath":"STATUS","modelName":"catalogModel"},"interaction":{"idSuffix":"BDI-content"}},"wdio_ui5_key":"etmportal.ui.warehousemovements.view.ExecuteMovementsap.m.ToggleButton{\"propertyPath\":\"STATUS\",\"modelName\":\"catalogModel\"}"}]}
RESULT: {"script":"<script> [1562 bytes]","args":[{"selector":{"controlType":"sap.m.ToggleButton","viewName":"etm.portal.ui.warehousemovements.view.ExecuteMovement","viewId":"application-warehousemovements-display-component---executeMovement","bindingPath":{"propertyPath":"STATUS","modelName":"catalogModel"},"interaction":{"idSuffix":"BDI-content"}},"wdio_ui5_key":"etmportal.ui.warehousemovements.view.ExecuteMovementsap.m.ToggleButton{\"propertyPath\":\"STATUS\",\"modelName\":\"catalogModel\"}"}]}
RESULT: undefined
COMMAND: POST /session/06820c29678f15015ffe824e569d7d5a/element - {"using":"xpath","value":"//*[@id=\"__button242-__clone3390\"]"}
RESULT: {"using":"xpath","value":"//*[@id=\"__button242-__clone3390\"]"}
COMMAND: POST /session/06820c29678f15015ffe824e569d7d5a/element/f.696EFCE712E801319DC54DDC19215679.d.5BE885278B1AA5220E48FBD5FF561C65.e.7533/click - {}
RESULT: {}
RESULT: undefined
COMMAND: POST /session/06820c29678f15015ffe824e569d7d5a/element - {"using":"xpath","value":"//*[@id=\"__button242-__clone3390\"]"}
COMMAND: GET /session/06820c29678f15015ffe824e569d7d5a/screenshot - {}
RESULT: {"using":"xpath","value":"//*[@id=\"__button242-__clone3390\"]"}
COMMAND: POST /session/06820c29678f15015ffe824e569d7d5a/element/f.696EFCE712E801319DC54DDC19215679.d.5BE885278B1AA5220E48FBD5FF561C65.e.7533/click - {}
RESULT: {}
RESULT: {}
COMMAND: GET /session/06820c29678f15015ffe824e569d7d5a/screenshot - {}
RESULT: {}
COMMAND: POST /session/06820c29678f15015ffe824e569d7d5a/element - {"using":"xpath","value":"//section[contains(@id,\"FC-NoHead\")]/div[1]/div[5]/div[2]/span"}
RESULT: {"using":"xpath","value":"//section[contains(@id,\"FC-NoHead\")]/div[1]/div[5]/div[2]/span"}
COMMAND: POST /session/06820c29678f15015ffe824e569d7d5a/elements - {"using":"xpath","value":"//section[contains(@id,\"FC-NoHead\")]/div[1]/div[5]/div[2]/span"}
RESULT: {"using":"xpath","value":"//section[contains(@id,\"FC-NoHead\")]/div[1]/div[5]/div[2]/span"}
COMMAND: POST /session/06820c29678f15015ffe824e569d7d5a/execute/sync - {"script":"<script> [56 bytes]","args":[{"element-6066-11e4-a52e-4f735466cecf":"f.696EFCE712E801319DC54DDC19215679.d.5BE885278B1AA5220E48FBD5FF561C65.e.7568","ELEMENT":"f.696EFCE712E801319DC54DDC19215679.d.5BE885278B1AA5220E48FBD5FF561C65.e.7568"}]}
RESULT: {"script":"<script> [56 bytes]","args":[{"element-6066-11e4-a52e-4f735466cecf":"f.696EFCE712E801319DC54DDC19215679.d.5BE885278B1AA5220E48FBD5FF561C65.e.7568","ELEMENT":"f.696EFCE712E801319DC54DDC19215679.d.5BE885278B1AA5220E48FBD5FF561C65.e.7568"}]}
COMMAND: POST /session/06820c29678f15015ffe824e569d7d5a/actions - {"actions":[{"id":"action23","type":"key","parameters":{},"actions":[{"type":"keyDown","value":"î€‡"},{"type":"pause","duration":10},{"type":"keyUp","value":"î€‡"}]}]}
COMMAND: GET /session/06820c29678f15015ffe824e569d7d5a/screenshot - {}
RESULT: {"actions":[{"id":"action23","type":"key","parameters":{},"actions":[{"type":"keyDown","value":"î€‡"},{"type":"pause","duration":10},{"type":"keyUp","value":"î€‡"}]}]}
COMMAND: POST /session/06820c29678f15015ffe824e569d7d5a/execute/async - {"script":"<script> [1562 bytes]","args":[{"selector":{"id":"application-warehousemovements-display-component---executeMovement--executeId","interaction":{"idSuffix":"BDI-content"}},"wdio_ui5_key":"applicationwarehousemovements-display-component---executeMovement--executeId"}]}
COMMAND: GET /session/06820c29678f15015ffe824e569d7d5a/screenshot - {}
RESULT: {}
RESULT: {"script":"<script> [1562 bytes]","args":[{"selector":{"id":"application-warehousemovements-display-component---executeMovement--executeId","interaction":{"idSuffix":"BDI-content"}},"wdio_ui5_key":"applicationwarehousemovements-display-component---executeMovement--executeId"}]}
RESULT: undefined
COMMAND: POST /session/06820c29678f15015ffe824e569d7d5a/element - {"using":"xpath","value":"//*[@id=\"application-warehousemovements-display-component---executeMovement--executeId\"]"}
RESULT: {}
RESULT: {"using":"xpath","value":"//*[@id=\"application-warehousemovements-display-component---executeMovement--executeId\"]"}
COMMAND: POST /session/06820c29678f15015ffe824e569d7d5a/element/f.696EFCE712E801319DC54DDC19215679.d.5BE885278B1AA5220E48FBD5FF561C65.e.7527/click - {}
RESULT: {}
COMMAND: GET /session/06820c29678f15015ffe824e569d7d5a/screenshot - {}
RESULT: {}
COMMAND: POST /session/06820c29678f15015ffe824e569d7d5a/element - {"using":"css selector","value":"#shell-header-logo"}
RESULT: {"using":"css selector","value":"#shell-header-logo"}
COMMAND: POST /session/06820c29678f15015ffe824e569d7d5a/element/f.696EFCE712E801319DC54DDC19215679.d.5BE885278B1AA5220E48FBD5FF561C65.e.6349/click - {}
RESULT: {}
COMMAND: GET /session/06820c29678f15015ffe824e569d7d5a/screenshot - {}
RESULT: {}
RESULT: undefined
COMMAND: POST /session/06820c29678f15015ffe824e569d7d5a/element - {"using":"xpath","value":"//*[@id=\"__tile133\"]"}
RESULT: {"using":"xpath","value":"//*[@id=\"__tile133\"]"}
COMMAND: POST /session/06820c29678f15015ffe824e569d7d5a/element/f.696EFCE712E801319DC54DDC19215679.d.5BE885278B1AA5220E48FBD5FF561C65.e.4932/click - {}
RESULT: {}
COMMAND: GET /session/06820c29678f15015ffe824e569d7d5a/screenshot - {}
RESULT: {}
COMMAND: POST /session/06820c29678f15015ffe824e569d7d5a/elements - {"using":"xpath","value":"//span[text()='Error']"}
RESULT: {"using":"xpath","value":"//span[text()='Error']"}
COMMAND: POST /session/06820c29678f15015ffe824e569d7d5a/execute/async - {"script":"<script> [1562 bytes]","args":[{"selector":{"controlType":"sap.m.SearchField","viewName":"etm.portal.ui.managehandovers.view.MasterHO","bindingPath":{"propertyPath":"/_BASIC_SEARCH_FIELD","modelName":"fi1t3rM0d31"},"interaction":{"idSuffix":"I"}},"wdio_ui5_key":"etmportal.ui.managehandovers.view.MasterHOsap.m.SearchField{\"propertyPath\":\"/_BASIC_SEARCH_FIELD\",\"modelName\":\"fi1t3rM0d31\"}"}]}
RESULT: {"script":"<script> [1562 bytes]","args":[{"selector":{"controlType":"sap.m.SearchField","viewName":"etm.portal.ui.managehandovers.view.MasterHO","bindingPath":{"propertyPath":"/_BASIC_SEARCH_FIELD","modelName":"fi1t3rM0d31"},"interaction":{"idSuffix":"I"}},"wdio_ui5_key":"etmportal.ui.managehandovers.view.MasterHOsap.m.SearchField{\"propertyPath\":\"/_BASIC_SEARCH_FIELD\",\"modelName\":\"fi1t3rM0d31\"}"}]}
RESULT: undefined
COMMAND: POST /session/06820c29678f15015ffe824e569d7d5a/execute/async - {"script":"<script> [776 bytes]","args":[{"enterText":"30749","selector":{"controlType":"sap.m.SearchField","viewName":"etm.portal.ui.managehandovers.view.MasterHO","bindingPath":{"propertyPath":"/_BASIC_SEARCH_FIELD","modelName":"fi1t3rM0d31"},"interaction":{"idSuffix":"I"}},"clearTextFirst":true,"interactionType":"ENTER_TEXT"}]}
RESULT: {"script":"<script> [776 bytes]","args":[{"enterText":"30749","selector":{"controlType":"sap.m.SearchField","viewName":"etm.portal.ui.managehandovers.view.MasterHO","bindingPath":{"propertyPath":"/_BASIC_SEARCH_FIELD","modelName":"fi1t3rM0d31"},"interaction":{"idSuffix":"I"}},"clearTextFirst":true,"interactionType":"ENTER_TEXT"}]}
COMMAND: POST /session/06820c29678f15015ffe824e569d7d5a/actions - {"actions":[{"id":"action24","type":"key","parameters":{},"actions":[{"type":"keyDown","value":"î€‡"},{"type":"pause","duration":10},{"type":"keyUp","value":"î€‡"}]}]}
RESULT: {"actions":[{"id":"action24","type":"key","parameters":{},"actions":[{"type":"keyDown","value":"î€‡"},{"type":"pause","duration":10},{"type":"keyUp","value":"î€‡"}]}]}
COMMAND: GET /session/06820c29678f15015ffe824e569d7d5a/screenshot - {}
RESULT: {}
COMMAND: POST /session/06820c29678f15015ffe824e569d7d5a/execute/async - {"script":"<script> [1562 bytes]","args":[{"selector":{"controlType":"sap.ui.core.Icon","viewName":"etm.portal.ui.managehandovers.view.MasterHO","properties":{"src":{"regex":{"source":"slim\\-arrow\\-right"}}}},"wdio_ui5_key":"etmportal.ui.managehandovers.view.MasterHOsap.ui.core.Icon{\"src\":{\"regex\":{\"source\":\"slim\\\\-arrow\\\\-right\"}}}"}]}
RESULT: {"script":"<script> [1562 bytes]","args":[{"selector":{"controlType":"sap.ui.core.Icon","viewName":"etm.portal.ui.managehandovers.view.MasterHO","properties":{"src":{"regex":{"source":"slim\\-arrow\\-right"}}}},"wdio_ui5_key":"etmportal.ui.managehandovers.view.MasterHOsap.ui.core.Icon{\"src\":{\"regex\":{\"source\":\"slim\\\\-arrow\\\\-right\"}}}"}]}
RESULT: undefined
COMMAND: POST /session/06820c29678f15015ffe824e569d7d5a/element - {"using":"xpath","value":"//*[@id=\"__item1815-__clone3469-imgNav\"]"}
RESULT: {"using":"xpath","value":"//*[@id=\"__item1815-__clone3469-imgNav\"]"}
COMMAND: POST /session/06820c29678f15015ffe824e569d7d5a/element/f.696EFCE712E801319DC54DDC19215679.d.5BE885278B1AA5220E48FBD5FF561C65.e.7750/click - {}
RESULT: {}
COMMAND: GET /session/06820c29678f15015ffe824e569d7d5a/screenshot - {}
RESULT: {}
COMMAND: POST /session/06820c29678f15015ffe824e569d7d5a/execute/async - {"script":"<script> [1562 bytes]","args":[{"selector":{"controlType":"sap.m.Button","viewName":"etm.portal.ui.managehandovers.view.DetailExecuteHO","i18NText":{"propertyName":"text","key":"confirmAll"},"interaction":{"idSuffix":"BDI-content"}},"wdio_ui5_key":"etmportal.ui.managehandovers.view.DetailExecuteHOsap.m.Button{\"propertyName\":\"text\",\"key\":\"confirmAll\"}"}]}
RESULT: {"script":"<script> [1562 bytes]","args":[{"selector":{"controlType":"sap.m.Button","viewName":"etm.portal.ui.managehandovers.view.DetailExecuteHO","i18NText":{"propertyName":"text","key":"confirmAll"},"interaction":{"idSuffix":"BDI-content"}},"wdio_ui5_key":"etmportal.ui.managehandovers.view.DetailExecuteHOsap.m.Button{\"propertyName\":\"text\",\"key\":\"confirmAll\"}"}]}
RESULT: undefined
COMMAND: POST /session/06820c29678f15015ffe824e569d7d5a/element - {"using":"xpath","value":"//*[@id=\"__button280\"]"}
RESULT: {"using":"xpath","value":"//*[@id=\"__button280\"]"}
COMMAND: POST /session/06820c29678f15015ffe824e569d7d5a/element/f.696EFCE712E801319DC54DDC19215679.d.5BE885278B1AA5220E48FBD5FF561C65.e.7834/click - {}
RESULT: {}
COMMAND: GET /session/06820c29678f15015ffe824e569d7d5a/screenshot - {}
RESULT: {}
COMMAND: POST /session/06820c29678f15015ffe824e569d7d5a/actions - {"actions":[{"id":"action25","type":"key","parameters":{},"actions":[{"type":"keyDown","value":"î€‡"},{"type":"pause","duration":10},{"type":"keyUp","value":"î€‡"}]}]}
RESULT: {"actions":[{"id":"action25","type":"key","parameters":{},"actions":[{"type":"keyDown","value":"î€‡"},{"type":"pause","duration":10},{"type":"keyUp","value":"î€‡"}]}]}
COMMAND: GET /session/06820c29678f15015ffe824e569d7d5a/screenshot - {}
RESULT: {}
COMMAND: POST /session/06820c29678f15015ffe824e569d7d5a/element - {"using":"xpath","value":"//button[@data-kt=\"execHoIssueButton\"]"}
RESULT: {"using":"xpath","value":"//button[@data-kt=\"execHoIssueButton\"]"}
COMMAND: POST /session/06820c29678f15015ffe824e569d7d5a/element/f.696EFCE712E801319DC54DDC19215679.d.5BE885278B1AA5220E48FBD5FF561C65.e.7842/click - {}
RESULT: {}
COMMAND: GET /session/06820c29678f15015ffe824e569d7d5a/screenshot - {}
RESULT: {}
RESULT: undefined
COMMAND: POST /session/06820c29678f15015ffe824e569d7d5a/execute/async - {"script":"<script> [776 bytes]","args":[{"enterText":"30749","selector":{"controlType":"sap.m.SearchField","viewName":"etm.portal.ui.managehandovers.view.MasterHO","bindingPath":{"propertyPath":"/_BASIC_SEARCH_FIELD","modelName":"fi1t3rM0d31"},"interaction":{"idSuffix":"I"}},"clearTextFirst":true,"interactionType":"ENTER_TEXT"}]}
RESULT: {"script":"<script> [776 bytes]","args":[{"enterText":"30749","selector":{"controlType":"sap.m.SearchField","viewName":"etm.portal.ui.managehandovers.view.MasterHO","bindingPath":{"propertyPath":"/_BASIC_SEARCH_FIELD","modelName":"fi1t3rM0d31"},"interaction":{"idSuffix":"I"}},"clearTextFirst":true,"interactionType":"ENTER_TEXT"}]}
COMMAND: POST /session/06820c29678f15015ffe824e569d7d5a/actions - {"actions":[{"id":"action26","type":"key","parameters":{},"actions":[{"type":"keyDown","value":"î€‡"},{"type":"pause","duration":10},{"type":"keyUp","value":"î€‡"}]}]}
RESULT: {"actions":[{"id":"action26","type":"key","parameters":{},"actions":[{"type":"keyDown","value":"î€‡"},{"type":"pause","duration":10},{"type":"keyUp","value":"î€‡"}]}]}
COMMAND: GET /session/06820c29678f15015ffe824e569d7d5a/screenshot - {}
RESULT: {}
COMMAND: POST /session/06820c29678f15015ffe824e569d7d5a/element - {"using":"xpath","value":"//span[(text() = '30749' or . = '30749')]"}
RESULT: {"using":"xpath","value":"//span[(text() = '30749' or . = '30749')]"}
COMMAND: POST /session/06820c29678f15015ffe824e569d7d5a/element/f.696EFCE712E801319DC54DDC19215679.d.5BE885278B1AA5220E48FBD5FF561C65.e.7886/click - {}
RESULT: {}
COMMAND: GET /session/06820c29678f15015ffe824e569d7d5a/screenshot - {}
RESULT: {}
COMMAND: POST /session/06820c29678f15015ffe824e569d7d5a/element - {"using":"xpath","value":"//span[contains(text(), \"Instructions\")]"}
RESULT: {"using":"xpath","value":"//span[contains(text(), \"Instructions\")]"}
COMMAND: POST /session/06820c29678f15015ffe824e569d7d5a/element/f.696EFCE712E801319DC54DDC19215679.d.5BE885278B1AA5220E48FBD5FF561C65.e.7925/click - {}
RESULT: {}
COMMAND: GET /session/06820c29678f15015ffe824e569d7d5a/screenshot - {}
RESULT: {}
COMMAND: POST /session/06820c29678f15015ffe824e569d7d5a/element - {"using":"xpath","value":"//span[contains(text(), \"Instructions\")]"}
RESULT: {"using":"xpath","value":"//span[contains(text(), \"Instructions\")]"}
COMMAND: POST /session/06820c29678f15015ffe824e569d7d5a/element/f.696EFCE712E801319DC54DDC19215679.d.5BE885278B1AA5220E48FBD5FF561C65.e.7925/click - {}
RESULT: {}
COMMAND: GET /session/06820c29678f15015ffe824e569d7d5a/screenshot - {}
RESULT: {}
COMMAND: POST /session/06820c29678f15015ffe824e569d7d5a/execute/async - {"script":"<script> [1562 bytes]","args":[{"selector":{"controlType":"sap.m.ComboBox","viewName":"etm.portal.ui.managehandovers.view.DetailExecuteHO","bindingPath":{"propertyPath":"RECEIVING_SECTION","modelName":"catalogModel"},"interaction":{"idSuffix":"inner"}},"wdio_ui5_key":"etmportal.ui.managehandovers.view.DetailExecuteHOsap.m.ComboBox{\"propertyPath\":\"RECEIVING_SECTION\",\"modelName\":\"catalogModel\"}"}]}
RESULT: {"script":"<script> [1562 bytes]","args":[{"selector":{"controlType":"sap.m.ComboBox","viewName":"etm.portal.ui.managehandovers.view.DetailExecuteHO","bindingPath":{"propertyPath":"RECEIVING_SECTION","modelName":"catalogModel"},"interaction":{"idSuffix":"inner"}},"wdio_ui5_key":"etmportal.ui.managehandovers.view.DetailExecuteHOsap.m.ComboBox{\"propertyPath\":\"RECEIVING_SECTION\",\"modelName\":\"catalogModel\"}"}]}
RESULT: undefined
COMMAND: POST /session/06820c29678f15015ffe824e569d7d5a/execute/async - {"script":"<script> [776 bytes]","args":[{"enterText":"WDIO-2278","selector":{"controlType":"sap.m.ComboBox","viewName":"etm.portal.ui.managehandovers.view.DetailExecuteHO","bindingPath":{"propertyPath":"RECEIVING_SECTION","modelName":"catalogModel"},"interaction":{"idSuffix":"inner"}},"clearTextFirst":true,"interactionType":"ENTER_TEXT"}]}
RESULT: {"script":"<script> [776 bytes]","args":[{"enterText":"WDIO-2278","selector":{"controlType":"sap.m.ComboBox","viewName":"etm.portal.ui.managehandovers.view.DetailExecuteHO","bindingPath":{"propertyPath":"RECEIVING_SECTION","modelName":"catalogModel"},"interaction":{"idSuffix":"inner"}},"clearTextFirst":true,"interactionType":"ENTER_TEXT"}]}
COMMAND: POST /session/06820c29678f15015ffe824e569d7d5a/actions - {"actions":[{"id":"action27","type":"key","parameters":{},"actions":[{"type":"keyDown","value":"î€‡"},{"type":"pause","duration":10},{"type":"keyUp","value":"î€‡"}]}]}
RESULT: {"actions":[{"id":"action27","type":"key","parameters":{},"actions":[{"type":"keyDown","value":"î€‡"},{"type":"pause","duration":10},{"type":"keyUp","value":"î€‡"}]}]}
COMMAND: GET /session/06820c29678f15015ffe824e569d7d5a/screenshot - {}
RESULT: {}
COMMAND: POST /session/06820c29678f15015ffe824e569d7d5a/element - {"using":"xpath","value":"//button[@data-kt= \"execHoReceiveButton\"]"}
RESULT: {"using":"xpath","value":"//button[@data-kt= \"execHoReceiveButton\"]"}
COMMAND: POST /session/06820c29678f15015ffe824e569d7d5a/element/f.696EFCE712E801319DC54DDC19215679.d.5BE885278B1AA5220E48FBD5FF561C65.e.7930/click - {}
RESULT: {}
COMMAND: GET /session/06820c29678f15015ffe824e569d7d5a/screenshot - {}
RESULT: {}
COMMAND: POST /session/06820c29678f15015ffe824e569d7d5a/execute/async - {"script":"<script> [1562 bytes]","args":[{"selector":{"controlType":"sap.m.Button","properties":{"text":"Continue"},"searchOpenDialogs":true,"interaction":{"idSuffix":"content"}},"wdio_ui5_key":"sapm.Button{\"text\":\"Continue\"}"}]}
RESULT: {"script":"<script> [1562 bytes]","args":[{"selector":{"controlType":"sap.m.Button","properties":{"text":"Continue"},"searchOpenDialogs":true,"interaction":{"idSuffix":"content"}},"wdio_ui5_key":"sapm.Button{\"text\":\"Continue\"}"}]}
RESULT: undefined
COMMAND: POST /session/06820c29678f15015ffe824e569d7d5a/element - {"using":"xpath","value":"//*[@id=\"__mbox-btn-6\"]"}
RESULT: {"using":"xpath","value":"//*[@id=\"__mbox-btn-6\"]"}
COMMAND: POST /session/06820c29678f15015ffe824e569d7d5a/element/f.696EFCE712E801319DC54DDC19215679.d.5BE885278B1AA5220E48FBD5FF561C65.e.7931/click - {}
RESULT: {}
COMMAND: GET /session/06820c29678f15015ffe824e569d7d5a/screenshot - {}
RESULT: {}
COMMAND: POST /session/06820c29678f15015ffe824e569d7d5a/element - {"using":"css selector","value":"#shell-header-logo"}
RESULT: {"using":"css selector","value":"#shell-header-logo"}
COMMAND: POST /session/06820c29678f15015ffe824e569d7d5a/element/f.696EFCE712E801319DC54DDC19215679.d.5BE885278B1AA5220E48FBD5FF561C65.e.7649/click - {}
RESULT: {}
COMMAND: GET /session/06820c29678f15015ffe824e569d7d5a/screenshot - {}
RESULT: {}
]]></system-out>
    </testcase>
    <testcase classname="chrome.136_0_7103_93.windows.Provide_to_Site_w/_warehouse_management_w_clarification" name="Should test for Clarification" time="69.317">
      <system-out><![CDATA[
RESULT: undefined
COMMAND: POST /session/06820c29678f15015ffe824e569d7d5a/element - {"using":"xpath","value":"//*[@id=\"__tile133\"]"}
RESULT: {"using":"xpath","value":"//*[@id=\"__tile133\"]"}
COMMAND: POST /session/06820c29678f15015ffe824e569d7d5a/element/f.696EFCE712E801319DC54DDC19215679.d.5BE885278B1AA5220E48FBD5FF561C65.e.4932/click - {}
RESULT: {}
COMMAND: GET /session/06820c29678f15015ffe824e569d7d5a/screenshot - {}
RESULT: {}
COMMAND: POST /session/06820c29678f15015ffe824e569d7d5a/elements - {"using":"xpath","value":"//span[text()='Error']"}
RESULT: {"using":"xpath","value":"//span[text()='Error']"}
RESULT: undefined
COMMAND: POST /session/06820c29678f15015ffe824e569d7d5a/execute/async - {"script":"<script> [776 bytes]","args":[{"enterText":"30749","selector":{"controlType":"sap.m.SearchField","viewName":"etm.portal.ui.managehandovers.view.MasterHO","bindingPath":{"propertyPath":"/_BASIC_SEARCH_FIELD","modelName":"fi1t3rM0d31"},"interaction":{"idSuffix":"I"}},"clearTextFirst":true,"interactionType":"ENTER_TEXT"}]}
RESULT: {"script":"<script> [776 bytes]","args":[{"enterText":"30749","selector":{"controlType":"sap.m.SearchField","viewName":"etm.portal.ui.managehandovers.view.MasterHO","bindingPath":{"propertyPath":"/_BASIC_SEARCH_FIELD","modelName":"fi1t3rM0d31"},"interaction":{"idSuffix":"I"}},"clearTextFirst":true,"interactionType":"ENTER_TEXT"}]}
COMMAND: POST /session/06820c29678f15015ffe824e569d7d5a/actions - {"actions":[{"id":"action28","type":"key","parameters":{},"actions":[{"type":"keyDown","value":"î€‡"},{"type":"pause","duration":10},{"type":"keyUp","value":"î€‡"}]}]}
RESULT: {"actions":[{"id":"action28","type":"key","parameters":{},"actions":[{"type":"keyDown","value":"î€‡"},{"type":"pause","duration":10},{"type":"keyUp","value":"î€‡"}]}]}
COMMAND: GET /session/06820c29678f15015ffe824e569d7d5a/screenshot - {}
RESULT: {}
COMMAND: POST /session/06820c29678f15015ffe824e569d7d5a/element - {"using":"xpath","value":"//span[(text() = '30749' or . = '30749')]"}
RESULT: {"using":"xpath","value":"//span[(text() = '30749' or . = '30749')]"}
COMMAND: POST /session/06820c29678f15015ffe824e569d7d5a/element/f.696EFCE712E801319DC54DDC19215679.d.5BE885278B1AA5220E48FBD5FF561C65.e.8089/click - {}
RESULT: {}
COMMAND: GET /session/06820c29678f15015ffe824e569d7d5a/screenshot - {}
RESULT: {}
COMMAND: POST /session/06820c29678f15015ffe824e569d7d5a/element - {"using":"xpath","value":"//span[contains(text(), \"Instructions\")]"}
RESULT: {"using":"xpath","value":"//span[contains(text(), \"Instructions\")]"}
COMMAND: POST /session/06820c29678f15015ffe824e569d7d5a/element/f.696EFCE712E801319DC54DDC19215679.d.5BE885278B1AA5220E48FBD5FF561C65.e.8175/click - {}
RESULT: {}
COMMAND: GET /session/06820c29678f15015ffe824e569d7d5a/screenshot - {}
RESULT: {}
COMMAND: POST /session/06820c29678f15015ffe824e569d7d5a/element - {"using":"xpath","value":"//span[contains(text(), \"Instructions\")]"}
RESULT: {"using":"xpath","value":"//span[contains(text(), \"Instructions\")]"}
COMMAND: POST /session/06820c29678f15015ffe824e569d7d5a/element/f.696EFCE712E801319DC54DDC19215679.d.5BE885278B1AA5220E48FBD5FF561C65.e.8175/click - {}
RESULT: {}
COMMAND: GET /session/06820c29678f15015ffe824e569d7d5a/screenshot - {}
RESULT: {}
COMMAND: POST /session/06820c29678f15015ffe824e569d7d5a/element - {"using":"xpath","value":"//button[.//bdi[text() = \"Refuse\"]]"}
RESULT: {"using":"xpath","value":"//button[.//bdi[text() = \"Refuse\"]]"}
COMMAND: POST /session/06820c29678f15015ffe824e569d7d5a/element/f.696EFCE712E801319DC54DDC19215679.d.5BE885278B1AA5220E48FBD5FF561C65.e.8180/click - {}
RESULT: {}
COMMAND: GET /session/06820c29678f15015ffe824e569d7d5a/screenshot - {}
RESULT: {}
COMMAND: POST /session/06820c29678f15015ffe824e569d7d5a/element - {"using":"xpath","value":"//button[@data-kt= \"execHoReceiveRefuseButton\"]"}
RESULT: {"using":"xpath","value":"//button[@data-kt= \"execHoReceiveRefuseButton\"]"}
COMMAND: POST /session/06820c29678f15015ffe824e569d7d5a/element/f.696EFCE712E801319DC54DDC19215679.d.5BE885278B1AA5220E48FBD5FF561C65.e.8182/click - {}
RESULT: {}
COMMAND: GET /session/06820c29678f15015ffe824e569d7d5a/screenshot - {}
RESULT: {}
COMMAND: POST /session/06820c29678f15015ffe824e569d7d5a/element - {"using":"css selector","value":"#shell-header-logo"}
RESULT: {"using":"css selector","value":"#shell-header-logo"}
COMMAND: POST /session/06820c29678f15015ffe824e569d7d5a/element/f.696EFCE712E801319DC54DDC19215679.d.5BE885278B1AA5220E48FBD5FF561C65.e.7990/click - {}
RESULT: {}
COMMAND: GET /session/06820c29678f15015ffe824e569d7d5a/screenshot - {}
RESULT: {}
COMMAND: POST /session/06820c29678f15015ffe824e569d7d5a/element - {"using":"css selector","value":"#j_username"}
COMMAND: POST /session/06820c29678f15015ffe824e569d7d5a/url - {"url":"https://qa-testing-00-live-etm-ui.cfapps.eu10-004.hana.ondemand.com/"}
RESULT: {"using":"css selector","value":"#j_username"}
COMMAND: POST /session/06820c29678f15015ffe824e569d7d5a/element - {"using":"css selector","value":"#j_username"}
RESULT: {"url":"https://qa-testing-00-live-etm-ui.cfapps.eu10-004.hana.ondemand.com/"}
RESULT: undefined
COMMAND: GET /session/06820c29678f15015ffe824e569d7d5a/screenshot - {}
RESULT: {"using":"css selector","value":"#j_username"}
COMMAND: POST /session/06820c29678f15015ffe824e569d7d5a/element - {"using":"css selector","value":"#shell-header-logo"}
RESULT: {}
RESULT: {"using":"css selector","value":"#shell-header-logo"}
COMMAND: POST /session/06820c29678f15015ffe824e569d7d5a/execute/sync - {"script":"<script> [8489 bytes]","args":[{"element-6066-11e4-a52e-4f735466cecf":"f.696EFCE712E801319DC54DDC19215679.d.2D1E9E8D3C7CF5D90A3BD2D3BC97746C.e.8238","ELEMENT":"f.696EFCE712E801319DC54DDC19215679.d.2D1E9E8D3C7CF5D90A3BD2D3BC97746C.e.8238"}]}
RESULT: {"script":"<script> [8489 bytes]","args":[{"element-6066-11e4-a52e-4f735466cecf":"f.696EFCE712E801319DC54DDC19215679.d.2D1E9E8D3C7CF5D90A3BD2D3BC97746C.e.8238","ELEMENT":"f.696EFCE712E801319DC54DDC19215679.d.2D1E9E8D3C7CF5D90A3BD2D3BC97746C.e.8238"}]}
COMMAND: POST /session/06820c29678f15015ffe824e569d7d5a/element - {"using":"css selector","value":"#shell-header-logo"}
COMMAND: GET /session/06820c29678f15015ffe824e569d7d5a/screenshot - {}
RESULT: {"using":"css selector","value":"#shell-header-logo"}
COMMAND: POST /session/06820c29678f15015ffe824e569d7d5a/execute/sync - {"script":"<script> [8489 bytes]","args":[{"element-6066-11e4-a52e-4f735466cecf":"f.696EFCE712E801319DC54DDC19215679.d.2D1E9E8D3C7CF5D90A3BD2D3BC97746C.e.8238","ELEMENT":"f.696EFCE712E801319DC54DDC19215679.d.2D1E9E8D3C7CF5D90A3BD2D3BC97746C.e.8238"}]}
RESULT: {}
RESULT: {"script":"<script> [8489 bytes]","args":[{"element-6066-11e4-a52e-4f735466cecf":"f.696EFCE712E801319DC54DDC19215679.d.2D1E9E8D3C7CF5D90A3BD2D3BC97746C.e.8238","ELEMENT":"f.696EFCE712E801319DC54DDC19215679.d.2D1E9E8D3C7CF5D90A3BD2D3BC97746C.e.8238"}]}
COMMAND: POST /session/06820c29678f15015ffe824e569d7d5a/execute/sync - {"script":"<script> [5351 bytes]","args":[{"element-6066-11e4-a52e-4f735466cecf":"f.696EFCE712E801319DC54DDC19215679.d.2D1E9E8D3C7CF5D90A3BD2D3BC97746C.e.8238","ELEMENT":"f.696EFCE712E801319DC54DDC19215679.d.2D1E9E8D3C7CF5D90A3BD2D3BC97746C.e.8238"}]}
COMMAND: GET /session/06820c29678f15015ffe824e569d7d5a/screenshot - {}
RESULT: {"script":"<script> [5351 bytes]","args":[{"element-6066-11e4-a52e-4f735466cecf":"f.696EFCE712E801319DC54DDC19215679.d.2D1E9E8D3C7CF5D90A3BD2D3BC97746C.e.8238","ELEMENT":"f.696EFCE712E801319DC54DDC19215679.d.2D1E9E8D3C7CF5D90A3BD2D3BC97746C.e.8238"}]}
COMMAND: POST /session/06820c29678f15015ffe824e569d7d5a/element - {"using":"css selector","value":"#shell-header-logo"}
COMMAND: GET /session/06820c29678f15015ffe824e569d7d5a/screenshot - {}
RESULT: {}
RESULT: {"using":"css selector","value":"#shell-header-logo"}
COMMAND: POST /session/06820c29678f15015ffe824e569d7d5a/element/f.696EFCE712E801319DC54DDC19215679.d.2D1E9E8D3C7CF5D90A3BD2D3BC97746C.e.8238/click - {}
RESULT: {}
RESULT: {}
COMMAND: GET /session/06820c29678f15015ffe824e569d7d5a/screenshot - {}
RESULT: {}
COMMAND: POST /session/06820c29678f15015ffe824e569d7d5a/execute/async - {"script":"<script> [189 bytes]","args":[]}
RESULT: {"script":"<script> [189 bytes]","args":[]}
COMMAND: POST /session/06820c29678f15015ffe824e569d7d5a/execute/async - {"script":"<script> [123 bytes]","args":[]}
RESULT: {"script":"<script> [123 bytes]","args":[]}
COMMAND: POST /session/06820c29678f15015ffe824e569d7d5a/timeouts - {"script":"<number>"}
RESULT: {"script":"<number>"}
COMMAND: GET /session/06820c29678f15015ffe824e569d7d5a/timeouts - {}
RESULT: {}
RESULT: undefined
COMMAND: POST /session/06820c29678f15015ffe824e569d7d5a/execute/async - {"script":"<script> [2676 bytes]","args":[]}
RESULT: {"script":"<script> [2676 bytes]","args":[]}
COMMAND: POST /session/06820c29678f15015ffe824e569d7d5a/execute/async - {"script":"<script> [2342 bytes]","args":[{"protocol":"http","hostname":"0.0.0.0","path":"/","capabilities":{"browserName":"chrome","goog:chromeOptions":{"binary":"C:\\Program Files\\Google\\Chrome\\Application\\chrome.exe","args":["--start-maximized"]}},"logLevel":"warn","connectionRetryTimeout":120000,"connectionRetryCount":3,"logLevels":{},"enableDirectConnect":true,"strictSSL":true,"_":"65 more keys: [\"cacheDir\",\"port\",\"requestedCapabilities\",\"automationProtocol\",\"baseUrl\",\"waitforInterval\",\"waitforTimeout\",\"onReload\",\"beforeCommand\",\"afterCommand\",\"rootDir\",\"specs\",\"suites\",\"exclude\",\"groupLogsByTestSpec\",\"excludeDriverLogs\",\"bail\",\"framework\",\"reporters\",\"services\",\"maxInstances\",\"maxInstancesPerCapability\",\"injectGlobals\",\"filesToWatch\",\"execArgv\",\"runnerEnv\",\"runner\",\"shard\",\"specFileRetries\",\"specFileRetriesDelay\",\"specFileRetriesDeferred\",\"reporterSyncInterval\",\"reporterSyncTimeout\",\"cucumberFeaturesWithLineNumbers\",\"autoCompileOpts\",\"mochaOpts\",\"jasmineOpts\",\"cucumberOpts\",\"onPrepare\",\"onWorkerStart\",\"onWorkerEnd\",\"before\",\"beforeSession\",\"beforeSuite\",\"beforeHook\",\"beforeTest\",\"afterTest\",\"afterHook\",\"afterSuite\",\"afterSession\",\"after\",\"onComplete\",\"beforeAssertion\",\"afterAssertion\",\"beforeFeature\",\"beforeScenario\",\"beforeStep\",\"afterStep\",\"afterScenario\",\"afterFeature\",\"_\",\"suite\",\"$0\",\"ignoredWorkerServices\",\"wdi5\"]"}]}
RESULT: {"script":"<script> [2342 bytes]","args":[{"protocol":"http","hostname":"0.0.0.0","path":"/","capabilities":{"browserName":"chrome","goog:chromeOptions":{"binary":"C:\\Program Files\\Google\\Chrome\\Application\\chrome.exe","args":["--start-maximized"]}},"logLevel":"warn","connectionRetryTimeout":120000,"connectionRetryCount":3,"logLevels":{},"enableDirectConnect":true,"strictSSL":true,"_":"65 more keys: [\"cacheDir\",\"port\",\"requestedCapabilities\",\"automationProtocol\",\"baseUrl\",\"waitforInterval\",\"waitforTimeout\",\"onReload\",\"beforeCommand\",\"afterCommand\",\"rootDir\",\"specs\",\"suites\",\"exclude\",\"groupLogsByTestSpec\",\"excludeDriverLogs\",\"bail\",\"framework\",\"reporters\",\"services\",\"maxInstances\",\"maxInstancesPerCapability\",\"injectGlobals\",\"filesToWatch\",\"execArgv\",\"runnerEnv\",\"runner\",\"shard\",\"specFileRetries\",\"specFileRetriesDelay\",\"specFileRetriesDeferred\",\"reporterSyncInterval\",\"reporterSyncTimeout\",\"cucumberFeaturesWithLineNumbers\",\"autoCompileOpts\",\"mochaOpts\",\"jasmineOpts\",\"cucumberOpts\",\"onPrepare\",\"onWorkerStart\",\"onWorkerEnd\",\"before\",\"beforeSession\",\"beforeSuite\",\"beforeHook\",\"beforeTest\",\"afterTest\",\"afterHook\",\"afterSuite\",\"afterSession\",\"after\",\"onComplete\",\"beforeAssertion\",\"afterAssertion\",\"beforeFeature\",\"beforeScenario\",\"beforeStep\",\"afterStep\",\"afterScenario\",\"afterFeature\",\"_\",\"suite\",\"$0\",\"ignoredWorkerServices\",\"wdi5\"]"}]}
COMMAND: POST /session/06820c29678f15015ffe824e569d7d5a/execute/async - {"script":"<script> [21126 bytes]","args":[35000]}
RESULT: {"script":"<script> [21126 bytes]","args":[35000]}
COMMAND: POST /session/06820c29678f15015ffe824e569d7d5a/window/maximize - {}
RESULT: {}
COMMAND: POST /session/06820c29678f15015ffe824e569d7d5a/execute/async - {"script":"<script> [1562 bytes]","args":[{"selector":{"id":"shell-header","interaction":{"idSuffix":"icon"}},"wdio_ui5_key":"shellheader"}]}
COMMAND: GET /session/06820c29678f15015ffe824e569d7d5a/screenshot - {}
RESULT: {"script":"<script> [1562 bytes]","args":[{"selector":{"id":"shell-header","interaction":{"idSuffix":"icon"}},"wdio_ui5_key":"shellheader"}]}
RESULT: undefined
COMMAND: POST /session/06820c29678f15015ffe824e569d7d5a/window/fullscreen - {}
RESULT: {}
RESULT: {}
]]></system-out>
    </testcase>
  </testsuite>
  <testsuite timestamp="2025-05-19T16:42:22" time="135.823" tests="6" failures="0" errors="0" skipped="0">
    <properties>
      <property name="specId" value="0" />
      <property name="suiteName" value="Provide to Site w/ warehouse management w/o clarification US113782 " />
      <property name="capabilities" value="chrome.136_0_7103_93.windows" />
      <property name="file" value="file:///D:/a/1/s/test/specs/HTR/provide-to-site-w-warehouse-wo-clarification.spec.js" />
    </properties>
    <testcase classname="chrome.136_0_7103_93.windows.Provide_to_Site_w/_warehouse_management_w/o_clarification_US113782_" name="Should create a new WHM yard" time="0.018">
      <system-out><![CDATA[
COMMAND: POST /session/06820c29678f15015ffe824e569d7d5a/window/fullscreen - {}
RESULT: {}
]]></system-out>
    </testcase>
    <testcase classname="chrome.136_0_7103_93.windows.Provide_to_Site_w/_warehouse_management_w/o_clarification_US113782_" name="Should create a new external WHM partner" time="0.005" />
    <testcase classname="chrome.136_0_7103_93.windows.Provide_to_Site_w/_warehouse_management_w/o_clarification_US113782_" name="Should create a new WHM site" time="0.003" />
    <testcase classname="chrome.136_0_7103_93.windows.Provide_to_Site_w/_warehouse_management_w/o_clarification_US113782_" name="Should create a new material" time="123.614">
      <system-out><![CDATA[
COMMAND: POST /session/06820c29678f15015ffe824e569d7d5a/execute/async - {"script":"<script> [1562 bytes]","args":[{"selector":{"controlType":"sap.m.GenericTile","properties":{"header":"Manage Resources"}},"wdio_ui5_key":"sapm.GenericTile{\"header\":\"Manage Resources\"}"}]}
RESULT: {"script":"<script> [1562 bytes]","args":[{"selector":{"controlType":"sap.m.GenericTile","properties":{"header":"Manage Resources"}},"wdio_ui5_key":"sapm.GenericTile{\"header\":\"Manage Resources\"}"}]}
RESULT: undefined
COMMAND: POST /session/06820c29678f15015ffe824e569d7d5a/element - {"using":"xpath","value":"//*[@id=\"__tile31\"]"}
RESULT: {"using":"xpath","value":"//*[@id=\"__tile31\"]"}
COMMAND: POST /session/06820c29678f15015ffe824e569d7d5a/element/f.696EFCE712E801319DC54DDC19215679.d.2D1E9E8D3C7CF5D90A3BD2D3BC97746C.e.8259/click - {}
RESULT: {}
COMMAND: GET /session/06820c29678f15015ffe824e569d7d5a/screenshot - {}
RESULT: {}
COMMAND: POST /session/06820c29678f15015ffe824e569d7d5a/elements - {"using":"xpath","value":"//span[text()='Error']"}
RESULT: {"using":"xpath","value":"//span[text()='Error']"}
COMMAND: POST /session/06820c29678f15015ffe824e569d7d5a/element - {"using":"xpath","value":"//button[@data-kt=\"addNewRUOverflowToolbarButton\"]"}
RESULT: {"using":"xpath","value":"//button[@data-kt=\"addNewRUOverflowToolbarButton\"]"}
COMMAND: POST /session/06820c29678f15015ffe824e569d7d5a/elements - {"using":"xpath","value":"//button[@data-kt=\"addNewRUOverflowToolbarButton\"]"}
RESULT: {"using":"xpath","value":"//button[@data-kt=\"addNewRUOverflowToolbarButton\"]"}
COMMAND: POST /session/06820c29678f15015ffe824e569d7d5a/execute/sync - {"script":"<script> [8489 bytes]","args":[{"element-6066-11e4-a52e-4f735466cecf":"f.696EFCE712E801319DC54DDC19215679.d.2D1E9E8D3C7CF5D90A3BD2D3BC97746C.e.8389","ELEMENT":"f.696EFCE712E801319DC54DDC19215679.d.2D1E9E8D3C7CF5D90A3BD2D3BC97746C.e.8389"}]}
RESULT: {"script":"<script> [8489 bytes]","args":[{"element-6066-11e4-a52e-4f735466cecf":"f.696EFCE712E801319DC54DDC19215679.d.2D1E9E8D3C7CF5D90A3BD2D3BC97746C.e.8389","ELEMENT":"f.696EFCE712E801319DC54DDC19215679.d.2D1E9E8D3C7CF5D90A3BD2D3BC97746C.e.8389"}]}
COMMAND: GET /session/06820c29678f15015ffe824e569d7d5a/element/f.696EFCE712E801319DC54DDC19215679.d.2D1E9E8D3C7CF5D90A3BD2D3BC97746C.e.8389/enabled - {}
COMMAND: GET /session/06820c29678f15015ffe824e569d7d5a/screenshot - {}
RESULT: {}
COMMAND: POST /session/06820c29678f15015ffe824e569d7d5a/execute/sync - {"script":"<script> [8489 bytes]","args":[{"element-6066-11e4-a52e-4f735466cecf":"f.696EFCE712E801319DC54DDC19215679.d.2D1E9E8D3C7CF5D90A3BD2D3BC97746C.e.8389","ELEMENT":"f.696EFCE712E801319DC54DDC19215679.d.2D1E9E8D3C7CF5D90A3BD2D3BC97746C.e.8389"}]}
COMMAND: GET /session/06820c29678f15015ffe824e569d7d5a/screenshot - {}
RESULT: {}
RESULT: {"script":"<script> [8489 bytes]","args":[{"element-6066-11e4-a52e-4f735466cecf":"f.696EFCE712E801319DC54DDC19215679.d.2D1E9E8D3C7CF5D90A3BD2D3BC97746C.e.8389","ELEMENT":"f.696EFCE712E801319DC54DDC19215679.d.2D1E9E8D3C7CF5D90A3BD2D3BC97746C.e.8389"}]}
COMMAND: POST /session/06820c29678f15015ffe824e569d7d5a/execute/sync - {"script":"<script> [5351 bytes]","args":[{"element-6066-11e4-a52e-4f735466cecf":"f.696EFCE712E801319DC54DDC19215679.d.2D1E9E8D3C7CF5D90A3BD2D3BC97746C.e.8389","ELEMENT":"f.696EFCE712E801319DC54DDC19215679.d.2D1E9E8D3C7CF5D90A3BD2D3BC97746C.e.8389"}]}
COMMAND: GET /session/06820c29678f15015ffe824e569d7d5a/screenshot - {}
RESULT: {}
RESULT: {"script":"<script> [5351 bytes]","args":[{"element-6066-11e4-a52e-4f735466cecf":"f.696EFCE712E801319DC54DDC19215679.d.2D1E9E8D3C7CF5D90A3BD2D3BC97746C.e.8389","ELEMENT":"f.696EFCE712E801319DC54DDC19215679.d.2D1E9E8D3C7CF5D90A3BD2D3BC97746C.e.8389"}]}
COMMAND: POST /session/06820c29678f15015ffe824e569d7d5a/element/f.696EFCE712E801319DC54DDC19215679.d.2D1E9E8D3C7CF5D90A3BD2D3BC97746C.e.8389/click - {}
RESULT: {}
COMMAND: GET /session/06820c29678f15015ffe824e569d7d5a/screenshot - {}
RESULT: {}
COMMAND: GET /session/06820c29678f15015ffe824e569d7d5a/screenshot - {}
RESULT: {}
RESULT: {}
COMMAND: POST /session/06820c29678f15015ffe824e569d7d5a/execute/async - {"script":"<script> [1562 bytes]","args":[{"selector":{"id":"application-manageresources-display-component---newResourceUnit--TYPE-arrow"},"wdio_ui5_key":"applicationmanageresources-display-component---newResourceUnit--TYPE-arrow"}]}
RESULT: {"script":"<script> [1562 bytes]","args":[{"selector":{"id":"application-manageresources-display-component---newResourceUnit--TYPE-arrow"},"wdio_ui5_key":"applicationmanageresources-display-component---newResourceUnit--TYPE-arrow"}]}
RESULT: undefined
COMMAND: POST /session/06820c29678f15015ffe824e569d7d5a/element - {"using":"xpath","value":"//*[@id=\"application-manageresources-display-component---newResourceUnit--TYPE-arrow\"]"}
RESULT: {"using":"xpath","value":"//*[@id=\"application-manageresources-display-component---newResourceUnit--TYPE-arrow\"]"}
COMMAND: POST /session/06820c29678f15015ffe824e569d7d5a/element/f.696EFCE712E801319DC54DDC19215679.d.2D1E9E8D3C7CF5D90A3BD2D3BC97746C.e.8749/click - {}
RESULT: {}
COMMAND: POST /session/06820c29678f15015ffe824e569d7d5a/element - {"using":"xpath","value":"//input[@id=\"application-manageresources-display-component---newResourceUnit--TYPE-inner\"]"}
COMMAND: GET /session/06820c29678f15015ffe824e569d7d5a/screenshot - {}
RESULT: {"using":"xpath","value":"//input[@id=\"application-manageresources-display-component---newResourceUnit--TYPE-inner\"]"}
COMMAND: POST /session/06820c29678f15015ffe824e569d7d5a/element/f.696EFCE712E801319DC54DDC19215679.d.2D1E9E8D3C7CF5D90A3BD2D3BC97746C.e.8743/clear - {}
RESULT: {}
RESULT: {}
COMMAND: POST /session/06820c29678f15015ffe824e569d7d5a/element/f.696EFCE712E801319DC54DDC19215679.d.2D1E9E8D3C7CF5D90A3BD2D3BC97746C.e.8743/value - {"text":"Material"}
COMMAND: GET /session/06820c29678f15015ffe824e569d7d5a/screenshot - {}
RESULT: {"text":"Material"}
RESULT: {}
COMMAND: GET /session/06820c29678f15015ffe824e569d7d5a/screenshot - {}
RESULT: {}
COMMAND: POST /session/06820c29678f15015ffe824e569d7d5a/actions - {"actions":[{"id":"action29","type":"key","parameters":{},"actions":[{"type":"keyDown","value":"î€‡"},{"type":"pause","duration":10},{"type":"keyUp","value":"î€‡"}]}]}
RESULT: {"actions":[{"id":"action29","type":"key","parameters":{},"actions":[{"type":"keyDown","value":"î€‡"},{"type":"pause","duration":10},{"type":"keyUp","value":"î€‡"}]}]}
COMMAND: POST /session/06820c29678f15015ffe824e569d7d5a/execute/async - {"script":"<script> [1562 bytes]","args":[{"selector":{"id":"application-manageresources-display-component---newResourceUnit--SHORT_TEXT","interaction":{"idSuffix":"inner"}},"wdio_ui5_key":"applicationmanageresources-display-component---newResourceUnit--SHORT_TEXT"}]}
COMMAND: GET /session/06820c29678f15015ffe824e569d7d5a/screenshot - {}
RESULT: {"script":"<script> [1562 bytes]","args":[{"selector":{"id":"application-manageresources-display-component---newResourceUnit--SHORT_TEXT","interaction":{"idSuffix":"inner"}},"wdio_ui5_key":"applicationmanageresources-display-component---newResourceUnit--SHORT_TEXT"}]}
RESULT: undefined
COMMAND: POST /session/06820c29678f15015ffe824e569d7d5a/execute/async - {"script":"<script> [776 bytes]","args":[{"enterText":"Cement WDIO","selector":{"id":"application-manageresources-display-component---newResourceUnit--SHORT_TEXT","interaction":{"idSuffix":"inner"}},"clearTextFirst":true,"interactionType":"ENTER_TEXT"}]}
RESULT: {}
RESULT: {"script":"<script> [776 bytes]","args":[{"enterText":"Cement WDIO","selector":{"id":"application-manageresources-display-component---newResourceUnit--SHORT_TEXT","interaction":{"idSuffix":"inner"}},"clearTextFirst":true,"interactionType":"ENTER_TEXT"}]}
COMMAND: POST /session/06820c29678f15015ffe824e569d7d5a/execute/async - {"script":"<script> [1562 bytes]","args":[{"selector":{"id":"application-manageresources-display-component---newResourceUnit--BASE_UNIT_OF_MEASURE","interaction":{"idSuffix":"inner"}},"wdio_ui5_key":"applicationmanageresources-display-component---newResourceUnit--BASE_UNIT_OF_MEASURE"}]}
RESULT: {"script":"<script> [1562 bytes]","args":[{"selector":{"id":"application-manageresources-display-component---newResourceUnit--BASE_UNIT_OF_MEASURE","interaction":{"idSuffix":"inner"}},"wdio_ui5_key":"applicationmanageresources-display-component---newResourceUnit--BASE_UNIT_OF_MEASURE"}]}
RESULT: undefined
COMMAND: POST /session/06820c29678f15015ffe824e569d7d5a/execute/async - {"script":"<script> [776 bytes]","args":[{"enterText":"Piece","selector":{"id":"application-manageresources-display-component---newResourceUnit--BASE_UNIT_OF_MEASURE","interaction":{"idSuffix":"inner"}},"clearTextFirst":true,"interactionType":"ENTER_TEXT"}]}
RESULT: {"script":"<script> [776 bytes]","args":[{"enterText":"Piece","selector":{"id":"application-manageresources-display-component---newResourceUnit--BASE_UNIT_OF_MEASURE","interaction":{"idSuffix":"inner"}},"clearTextFirst":true,"interactionType":"ENTER_TEXT"}]}
COMMAND: POST /session/06820c29678f15015ffe824e569d7d5a/execute/async - {"script":"<script> [1562 bytes]","args":[{"selector":{"id":"application-manageresources-display-component---newResourceUnit--WEIGHT_UNIT","interaction":{"idSuffix":"inner"}},"wdio_ui5_key":"applicationmanageresources-display-component---newResourceUnit--WEIGHT_UNIT"}]}
RESULT: {"script":"<script> [1562 bytes]","args":[{"selector":{"id":"application-manageresources-display-component---newResourceUnit--WEIGHT_UNIT","interaction":{"idSuffix":"inner"}},"wdio_ui5_key":"applicationmanageresources-display-component---newResourceUnit--WEIGHT_UNIT"}]}
RESULT: undefined
COMMAND: POST /session/06820c29678f15015ffe824e569d7d5a/execute/async - {"script":"<script> [776 bytes]","args":[{"enterText":"Gram","selector":{"id":"application-manageresources-display-component---newResourceUnit--WEIGHT_UNIT","interaction":{"idSuffix":"inner"}},"clearTextFirst":true,"interactionType":"ENTER_TEXT"}]}
RESULT: {"script":"<script> [776 bytes]","args":[{"enterText":"Gram","selector":{"id":"application-manageresources-display-component---newResourceUnit--WEIGHT_UNIT","interaction":{"idSuffix":"inner"}},"clearTextFirst":true,"interactionType":"ENTER_TEXT"}]}
COMMAND: POST /session/06820c29678f15015ffe824e569d7d5a/execute/async - {"script":"<script> [1562 bytes]","args":[{"selector":{"id":"application-manageresources-display-component---newResourceUnit--DIMENSION_UNIT","interaction":{"idSuffix":"inner"}},"wdio_ui5_key":"applicationmanageresources-display-component---newResourceUnit--DIMENSION_UNIT"}]}
RESULT: {"script":"<script> [1562 bytes]","args":[{"selector":{"id":"application-manageresources-display-component---newResourceUnit--DIMENSION_UNIT","interaction":{"idSuffix":"inner"}},"wdio_ui5_key":"applicationmanageresources-display-component---newResourceUnit--DIMENSION_UNIT"}]}
RESULT: undefined
COMMAND: POST /session/06820c29678f15015ffe824e569d7d5a/execute/async - {"script":"<script> [776 bytes]","args":[{"enterText":"Meter","selector":{"id":"application-manageresources-display-component---newResourceUnit--DIMENSION_UNIT","interaction":{"idSuffix":"inner"}},"clearTextFirst":true,"interactionType":"ENTER_TEXT"}]}
RESULT: {"script":"<script> [776 bytes]","args":[{"enterText":"Meter","selector":{"id":"application-manageresources-display-component---newResourceUnit--DIMENSION_UNIT","interaction":{"idSuffix":"inner"}},"clearTextFirst":true,"interactionType":"ENTER_TEXT"}]}
COMMAND: POST /session/06820c29678f15015ffe824e569d7d5a/execute/async - {"script":"<script> [1562 bytes]","args":[{"selector":{"id":"application-manageresources-display-component---newResourceUnit--newRRUPage-anchBar-application-manageresources-display-component---newResourceUnit--control-anchor","interaction":{"idSuffix":"BDI-content"}},"wdio_ui5_key":"applicationmanageresources-display-component---newResourceUnit--newRRUPage-anchBar-application-manageresources-display-component---newResourceUnit--control-anchor"}]}
RESULT: {"script":"<script> [1562 bytes]","args":[{"selector":{"id":"application-manageresources-display-component---newResourceUnit--newRRUPage-anchBar-application-manageresources-display-component---newResourceUnit--control-anchor","interaction":{"idSuffix":"BDI-content"}},"wdio_ui5_key":"applicationmanageresources-display-component---newResourceUnit--newRRUPage-anchBar-application-manageresources-display-component---newResourceUnit--control-anchor"}]}
RESULT: undefined
COMMAND: POST /session/06820c29678f15015ffe824e569d7d5a/element - {"using":"xpath","value":"//*[@id=\"application-manageresources-display-component---newResourceUnit--newRRUPage-anchBar-application-manageresources-display-component---newResourceUnit--control-anchor\"]"}
RESULT: {"using":"xpath","value":"//*[@id=\"application-manageresources-display-component---newResourceUnit--newRRUPage-anchBar-application-manageresources-display-component---newResourceUnit--control-anchor\"]"}
COMMAND: POST /session/06820c29678f15015ffe824e569d7d5a/element/f.696EFCE712E801319DC54DDC19215679.d.2D1E9E8D3C7CF5D90A3BD2D3BC97746C.e.8815/click - {}
RESULT: {}
COMMAND: POST /session/06820c29678f15015ffe824e569d7d5a/execute/async - {"script":"<script> [1562 bytes]","args":[{"selector":{"id":"application-manageresources-display-component---newResourceUnit--PLANNING_GROUP","interaction":{"idSuffix":"inner"}},"wdio_ui5_key":"applicationmanageresources-display-component---newResourceUnit--PLANNING_GROUP"}]}
COMMAND: GET /session/06820c29678f15015ffe824e569d7d5a/screenshot - {}
RESULT: {"script":"<script> [1562 bytes]","args":[{"selector":{"id":"application-manageresources-display-component---newResourceUnit--PLANNING_GROUP","interaction":{"idSuffix":"inner"}},"wdio_ui5_key":"applicationmanageresources-display-component---newResourceUnit--PLANNING_GROUP"}]}
RESULT: undefined
COMMAND: POST /session/06820c29678f15015ffe824e569d7d5a/execute/async - {"script":"<script> [776 bytes]","args":[{"enterText":"Material","selector":{"id":"application-manageresources-display-component---newResourceUnit--PLANNING_GROUP","interaction":{"idSuffix":"inner"}},"clearTextFirst":true,"interactionType":"ENTER_TEXT"}]}
RESULT: {}
RESULT: {"script":"<script> [776 bytes]","args":[{"enterText":"Material","selector":{"id":"application-manageresources-display-component---newResourceUnit--PLANNING_GROUP","interaction":{"idSuffix":"inner"}},"clearTextFirst":true,"interactionType":"ENTER_TEXT"}]}
COMMAND: POST /session/06820c29678f15015ffe824e569d7d5a/execute/async - {"script":"<script> [1562 bytes]","args":[{"selector":{"id":"application-manageresources-display-component---newResourceUnit--PLANNING_INDICATOR","interaction":{"idSuffix":"inner"}},"wdio_ui5_key":"applicationmanageresources-display-component---newResourceUnit--PLANNING_INDICATOR"}]}
RESULT: {"script":"<script> [1562 bytes]","args":[{"selector":{"id":"application-manageresources-display-component---newResourceUnit--PLANNING_INDICATOR","interaction":{"idSuffix":"inner"}},"wdio_ui5_key":"applicationmanageresources-display-component---newResourceUnit--PLANNING_INDICATOR"}]}
RESULT: undefined
COMMAND: POST /session/06820c29678f15015ffe824e569d7d5a/execute/async - {"script":"<script> [776 bytes]","args":[{"enterText":"10 - infinite","selector":{"id":"application-manageresources-display-component---newResourceUnit--PLANNING_INDICATOR","interaction":{"idSuffix":"inner"}},"clearTextFirst":true,"interactionType":"ENTER_TEXT"}]}
RESULT: {"script":"<script> [776 bytes]","args":[{"enterText":"10 - infinite","selector":{"id":"application-manageresources-display-component---newResourceUnit--PLANNING_INDICATOR","interaction":{"idSuffix":"inner"}},"clearTextFirst":true,"interactionType":"ENTER_TEXT"}]}
COMMAND: POST /session/06820c29678f15015ffe824e569d7d5a/element - {"using":"css selector","value":"#application-manageresources-display-component---newResourceUnit--btnAddTimeSegment"}
RESULT: {"using":"css selector","value":"#application-manageresources-display-component---newResourceUnit--btnAddTimeSegment"}
COMMAND: GET /session/06820c29678f15015ffe824e569d7d5a/element/f.696EFCE712E801319DC54DDC19215679.d.2D1E9E8D3C7CF5D90A3BD2D3BC97746C.e.8825/rect - {}
RESULT: {}
COMMAND: GET /session/06820c29678f15015ffe824e569d7d5a/window/rect - {}
RESULT: {}
COMMAND: POST /session/06820c29678f15015ffe824e569d7d5a/execute/sync - {"script":"<script> [92 bytes]","args":[]}
RESULT: {"script":"<script> [92 bytes]","args":[]}
COMMAND: POST /session/06820c29678f15015ffe824e569d7d5a/actions - {"actions":[{"id":"action30","type":"wheel","parameters":{},"actions":[{"type":"scroll","x":-1888,"y":-32,"deltaX":0,"deltaY":0,"duration":0,"origin":{"element-6066-11e4-a52e-4f735466cecf":"f.696EFCE712E801319DC54DDC19215679.d.2D1E9E8D3C7CF5D90A3BD2D3BC97746C.e.8825"}}]}]}
COMMAND: GET /session/06820c29678f15015ffe824e569d7d5a/screenshot - {}
RESULT: {}
COMMAND: POST /session/06820c29678f15015ffe824e569d7d5a/execute/sync - {"script":"<script> [79 bytes]","args":[{"element-6066-11e4-a52e-4f735466cecf":"f.696EFCE712E801319DC54DDC19215679.d.2D1E9E8D3C7CF5D90A3BD2D3BC97746C.e.8825","ELEMENT":"f.696EFCE712E801319DC54DDC19215679.d.2D1E9E8D3C7CF5D90A3BD2D3BC97746C.e.8825"},{"block":"start","inline":"nearest"}]}
RESULT: {"script":"<script> [79 bytes]","args":[{"element-6066-11e4-a52e-4f735466cecf":"f.696EFCE712E801319DC54DDC19215679.d.2D1E9E8D3C7CF5D90A3BD2D3BC97746C.e.8825","ELEMENT":"f.696EFCE712E801319DC54DDC19215679.d.2D1E9E8D3C7CF5D90A3BD2D3BC97746C.e.8825"},{"block":"start","inline":"nearest"}]}
COMMAND: POST /session/06820c29678f15015ffe824e569d7d5a/execute/async - {"script":"<script> [1562 bytes]","args":[{"selector":{"id":"application-manageresources-display-component---newResourceUnit--btnAddTimeSegment","interaction":{"idSuffix":"inner"}},"wdio_ui5_key":"applicationmanageresources-display-component---newResourceUnit--btnAddTimeSegment"}]}
COMMAND: GET /session/06820c29678f15015ffe824e569d7d5a/screenshot - {}
RESULT: {"script":"<script> [1562 bytes]","args":[{"selector":{"id":"application-manageresources-display-component---newResourceUnit--btnAddTimeSegment","interaction":{"idSuffix":"inner"}},"wdio_ui5_key":"applicationmanageresources-display-component---newResourceUnit--btnAddTimeSegment"}]}
RESULT: undefined
COMMAND: POST /session/06820c29678f15015ffe824e569d7d5a/element - {"using":"xpath","value":"//*[@id=\"application-manageresources-display-component---newResourceUnit--btnAddTimeSegment\"]"}
RESULT: {}
RESULT: {"using":"xpath","value":"//*[@id=\"application-manageresources-display-component---newResourceUnit--btnAddTimeSegment\"]"}
COMMAND: POST /session/06820c29678f15015ffe824e569d7d5a/element/f.696EFCE712E801319DC54DDC19215679.d.2D1E9E8D3C7CF5D90A3BD2D3BC97746C.e.8825/click - {}
RESULT: {}
COMMAND: GET /session/06820c29678f15015ffe824e569d7d5a/screenshot - {}
RESULT: {}
COMMAND: POST /session/06820c29678f15015ffe824e569d7d5a/element - {"using":"xpath","value":"//input[@id=\"application-manageresources-display-component---newResourceUnit--idRuTSAdmin-application-manageresources-display-component---newResourceUnit--RUTimeSegment-0-inner\"]"}
RESULT: {"using":"xpath","value":"//input[@id=\"application-manageresources-display-component---newResourceUnit--idRuTSAdmin-application-manageresources-display-component---newResourceUnit--RUTimeSegment-0-inner\"]"}
COMMAND: POST /session/06820c29678f15015ffe824e569d7d5a/element/f.696EFCE712E801319DC54DDC19215679.d.2D1E9E8D3C7CF5D90A3BD2D3BC97746C.e.8830/clear - {}
RESULT: {}
COMMAND: POST /session/06820c29678f15015ffe824e569d7d5a/element/f.696EFCE712E801319DC54DDC19215679.d.2D1E9E8D3C7CF5D90A3BD2D3BC97746C.e.8830/value - {"text":"556"}
COMMAND: GET /session/06820c29678f15015ffe824e569d7d5a/screenshot - {}
RESULT: {"text":"556"}
COMMAND: GET /session/06820c29678f15015ffe824e569d7d5a/screenshot - {}
RESULT: {}
RESULT: {}
COMMAND: POST /session/06820c29678f15015ffe824e569d7d5a/element - {"using":"xpath","value":"//li[.//span[text()='556']]"}
RESULT: {"using":"xpath","value":"//li[.//span[text()='556']]"}
COMMAND: POST /session/06820c29678f15015ffe824e569d7d5a/element/f.696EFCE712E801319DC54DDC19215679.d.2D1E9E8D3C7CF5D90A3BD2D3BC97746C.e.8839/click - {}
RESULT: {}
COMMAND: GET /session/06820c29678f15015ffe824e569d7d5a/screenshot - {}
RESULT: {}
COMMAND: POST /session/06820c29678f15015ffe824e569d7d5a/element - {"using":"xpath","value":"(//span[contains(@id, \"-application-manageresources-display-component---newResourceUnit--RUTimeSegment-0-arrow\")])[2]"}
RESULT: {"using":"xpath","value":"(//span[contains(@id, \"-application-manageresources-display-component---newResourceUnit--RUTimeSegment-0-arrow\")])[2]"}
COMMAND: POST /session/06820c29678f15015ffe824e569d7d5a/element/f.696EFCE712E801319DC54DDC19215679.d.2D1E9E8D3C7CF5D90A3BD2D3BC97746C.e.8840/click - {}
RESULT: {}
COMMAND: POST /session/06820c29678f15015ffe824e569d7d5a/element - {"using":"xpath","value":"//span[contains(text(), \"PM Order\")]"}
COMMAND: GET /session/06820c29678f15015ffe824e569d7d5a/screenshot - {}
RESULT: {"using":"xpath","value":"//span[contains(text(), \"PM Order\")]"}
COMMAND: POST /session/06820c29678f15015ffe824e569d7d5a/element/f.696EFCE712E801319DC54DDC19215679.d.2D1E9E8D3C7CF5D90A3BD2D3BC97746C.e.8841/click - {}
RESULT: {}
RESULT: {}
COMMAND: GET /session/06820c29678f15015ffe824e569d7d5a/screenshot - {}
RESULT: {}
COMMAND: POST /session/06820c29678f15015ffe824e569d7d5a/element - {"using":"xpath","value":"//td/div/div/div/span[contains(@id, \"newResourceUnit--RUTimeSegment-0-vhi\")][1]"}
RESULT: {"using":"xpath","value":"//td/div/div/div/span[contains(@id, \"newResourceUnit--RUTimeSegment-0-vhi\")][1]"}
COMMAND: GET /session/06820c29678f15015ffe824e569d7d5a/element/f.696EFCE712E801319DC54DDC19215679.d.2D1E9E8D3C7CF5D90A3BD2D3BC97746C.e.8845/rect - {}
RESULT: {}
COMMAND: GET /session/06820c29678f15015ffe824e569d7d5a/window/rect - {}
RESULT: {}
COMMAND: POST /session/06820c29678f15015ffe824e569d7d5a/execute/sync - {"script":"<script> [92 bytes]","args":[]}
RESULT: {"script":"<script> [92 bytes]","args":[]}
COMMAND: POST /session/06820c29678f15015ffe824e569d7d5a/actions - {"actions":[{"id":"action31","type":"wheel","parameters":{},"actions":[{"type":"scroll","x":-1888,"y":-24,"deltaX":0,"deltaY":0,"duration":0,"origin":{"element-6066-11e4-a52e-4f735466cecf":"f.696EFCE712E801319DC54DDC19215679.d.2D1E9E8D3C7CF5D90A3BD2D3BC97746C.e.8845"}}]}]}
COMMAND: GET /session/06820c29678f15015ffe824e569d7d5a/screenshot - {}
RESULT: {}
COMMAND: POST /session/06820c29678f15015ffe824e569d7d5a/execute/sync - {"script":"<script> [79 bytes]","args":[{"element-6066-11e4-a52e-4f735466cecf":"f.696EFCE712E801319DC54DDC19215679.d.2D1E9E8D3C7CF5D90A3BD2D3BC97746C.e.8845","ELEMENT":"f.696EFCE712E801319DC54DDC19215679.d.2D1E9E8D3C7CF5D90A3BD2D3BC97746C.e.8845"},{"block":"start","inline":"nearest"}]}
RESULT: {"script":"<script> [79 bytes]","args":[{"element-6066-11e4-a52e-4f735466cecf":"f.696EFCE712E801319DC54DDC19215679.d.2D1E9E8D3C7CF5D90A3BD2D3BC97746C.e.8845","ELEMENT":"f.696EFCE712E801319DC54DDC19215679.d.2D1E9E8D3C7CF5D90A3BD2D3BC97746C.e.8845"},{"block":"start","inline":"nearest"}]}
COMMAND: GET /session/06820c29678f15015ffe824e569d7d5a/screenshot - {}
RESULT: {}
COMMAND: POST /session/06820c29678f15015ffe824e569d7d5a/element/f.696EFCE712E801319DC54DDC19215679.d.2D1E9E8D3C7CF5D90A3BD2D3BC97746C.e.8845/click - {}
RESULT: {}
COMMAND: GET /session/06820c29678f15015ffe824e569d7d5a/screenshot - {}
RESULT: {}
COMMAND: POST /session/06820c29678f15015ffe824e569d7d5a/execute/async - {"script":"<script> [1562 bytes]","args":[{"selector":{"controlType":"sap.m.SearchField","properties":{"placeholder":"Search"},"searchOpenDialogs":true,"interaction":{"idSuffix":"I"}},"wdio_ui5_key":"sapm.SearchField{\"placeholder\":\"Search\"}"}]}
RESULT: {"script":"<script> [1562 bytes]","args":[{"selector":{"controlType":"sap.m.SearchField","properties":{"placeholder":"Search"},"searchOpenDialogs":true,"interaction":{"idSuffix":"I"}},"wdio_ui5_key":"sapm.SearchField{\"placeholder\":\"Search\"}"}]}
RESULT: undefined
COMMAND: POST /session/06820c29678f15015ffe824e569d7d5a/execute/async - {"script":"<script> [776 bytes]","args":[{"enterText":"4000360","selector":{"controlType":"sap.m.SearchField","properties":{"placeholder":"Search"},"searchOpenDialogs":true,"interaction":{"idSuffix":"I"}},"clearTextFirst":true,"interactionType":"ENTER_TEXT"}]}
RESULT: {"script":"<script> [776 bytes]","args":[{"enterText":"4000360","selector":{"controlType":"sap.m.SearchField","properties":{"placeholder":"Search"},"searchOpenDialogs":true,"interaction":{"idSuffix":"I"}},"clearTextFirst":true,"interactionType":"ENTER_TEXT"}]}
COMMAND: POST /session/06820c29678f15015ffe824e569d7d5a/actions - {"actions":[{"id":"action32","type":"key","parameters":{},"actions":[{"type":"keyDown","value":"î€‡"},{"type":"pause","duration":10},{"type":"keyUp","value":"î€‡"}]}]}
RESULT: {"actions":[{"id":"action32","type":"key","parameters":{},"actions":[{"type":"keyDown","value":"î€‡"},{"type":"pause","duration":10},{"type":"keyUp","value":"î€‡"}]}]}
COMMAND: GET /session/06820c29678f15015ffe824e569d7d5a/screenshot - {}
RESULT: {}
COMMAND: POST /session/06820c29678f15015ffe824e569d7d5a/element - {"using":"xpath","value":"//td/div/span[contains(text(), \"BGL Vehicles\")]"}
RESULT: {"using":"xpath","value":"//td/div/span[contains(text(), \"BGL Vehicles\")]"}
COMMAND: POST /session/06820c29678f15015ffe824e569d7d5a/element/f.696EFCE712E801319DC54DDC19215679.d.2D1E9E8D3C7CF5D90A3BD2D3BC97746C.e.8865/click - {}
RESULT: {}
COMMAND: GET /session/06820c29678f15015ffe824e569d7d5a/screenshot - {}
RESULT: {}
COMMAND: POST /session/06820c29678f15015ffe824e569d7d5a/element - {"using":"xpath","value":"//bdi[contains(text(), \"OK\")]"}
RESULT: {"using":"xpath","value":"//bdi[contains(text(), \"OK\")]"}
COMMAND: POST /session/06820c29678f15015ffe824e569d7d5a/element/f.696EFCE712E801319DC54DDC19215679.d.2D1E9E8D3C7CF5D90A3BD2D3BC97746C.e.8866/click - {}
RESULT: {}
COMMAND: GET /session/06820c29678f15015ffe824e569d7d5a/screenshot - {}
RESULT: {}
COMMAND: POST /session/06820c29678f15015ffe824e569d7d5a/element - {"using":"xpath","value":"//label[contains(@class, 'sapMLabelRequired') and .//bdi[contains(text(), 'Planned Retirement')]]"}
RESULT: {"using":"xpath","value":"//label[contains(@class, 'sapMLabelRequired') and .//bdi[contains(text(), 'Planned Retirement')]]"}
COMMAND: POST /session/06820c29678f15015ffe824e569d7d5a/elements - {"using":"xpath","value":"//label[contains(@class, 'sapMLabelRequired') and .//bdi[contains(text(), 'Planned Retirement')]]"}
RESULT: {"using":"xpath","value":"//label[contains(@class, 'sapMLabelRequired') and .//bdi[contains(text(), 'Planned Retirement')]]"}
COMMAND: POST /session/06820c29678f15015ffe824e569d7d5a/element - {"using":"xpath","value":"//button[@data-kt=\"resourceUnitSaveButton\"]"}
RESULT: {"using":"xpath","value":"//button[@data-kt=\"resourceUnitSaveButton\"]"}
COMMAND: POST /session/06820c29678f15015ffe824e569d7d5a/element/f.696EFCE712E801319DC54DDC19215679.d.2D1E9E8D3C7CF5D90A3BD2D3BC97746C.e.8768/click - {}
RESULT: {}
COMMAND: GET /session/06820c29678f15015ffe824e569d7d5a/screenshot - {}
RESULT: {}
COMMAND: POST /session/06820c29678f15015ffe824e569d7d5a/element - {"using":"xpath","value":"//bdi[contains(text(), \"Close\")]"}
RESULT: {"using":"xpath","value":"//bdi[contains(text(), \"Close\")]"}
COMMAND: POST /session/06820c29678f15015ffe824e569d7d5a/element/f.696EFCE712E801319DC54DDC19215679.d.2D1E9E8D3C7CF5D90A3BD2D3BC97746C.e.8872/click - {}
RESULT: {}
COMMAND: GET /session/06820c29678f15015ffe824e569d7d5a/screenshot - {}
RESULT: {}
COMMAND: POST /session/06820c29678f15015ffe824e569d7d5a/element - {"using":"xpath","value":"//header[contains(@id, 'detailRruPage-headerTitle')]/div[1]/div[2]/div[2]/span[1]"}
RESULT: {"using":"xpath","value":"//header[contains(@id, 'detailRruPage-headerTitle')]/div[1]/div[2]/div[2]/span[1]"}
COMMAND: POST /session/06820c29678f15015ffe824e569d7d5a/elements - {"using":"xpath","value":"//header[contains(@id, 'detailRruPage-headerTitle')]/div[1]/div[2]/div[2]/span[1]"}
RESULT: {"using":"xpath","value":"//header[contains(@id, 'detailRruPage-headerTitle')]/div[1]/div[2]/div[2]/span[1]"}
COMMAND: POST /session/06820c29678f15015ffe824e569d7d5a/execute/sync - {"script":"<script> [56 bytes]","args":[{"element-6066-11e4-a52e-4f735466cecf":"f.696EFCE712E801319DC54DDC19215679.d.2D1E9E8D3C7CF5D90A3BD2D3BC97746C.e.8901","ELEMENT":"f.696EFCE712E801319DC54DDC19215679.d.2D1E9E8D3C7CF5D90A3BD2D3BC97746C.e.8901"}]}
RESULT: {"script":"<script> [56 bytes]","args":[{"element-6066-11e4-a52e-4f735466cecf":"f.696EFCE712E801319DC54DDC19215679.d.2D1E9E8D3C7CF5D90A3BD2D3BC97746C.e.8901","ELEMENT":"f.696EFCE712E801319DC54DDC19215679.d.2D1E9E8D3C7CF5D90A3BD2D3BC97746C.e.8901"}]}
COMMAND: POST /session/06820c29678f15015ffe824e569d7d5a/element - {"using":"css selector","value":"#shell-header-logo"}
COMMAND: GET /session/06820c29678f15015ffe824e569d7d5a/screenshot - {}
RESULT: {"using":"css selector","value":"#shell-header-logo"}
COMMAND: POST /session/06820c29678f15015ffe824e569d7d5a/element/f.696EFCE712E801319DC54DDC19215679.d.2D1E9E8D3C7CF5D90A3BD2D3BC97746C.e.8238/click - {}
RESULT: {}
RESULT: {}
COMMAND: GET /session/06820c29678f15015ffe824e569d7d5a/screenshot - {}
RESULT: {}
]]></system-out>
    </testcase>
    <testcase classname="chrome.136_0_7103_93.windows.Provide_to_Site_w/_warehouse_management_w/o_clarification_US113782_" name="Bin Status Report Should Create New Organization yard" time="0.004" />
    <testcase classname="chrome.136_0_7103_93.windows.Provide_to_Site_w/_warehouse_management_w/o_clarification_US113782_" name="Bin Status Report Should Create New Organization for Site" time="0.004" />
  </testsuite>
  <testsuite timestamp="2025-05-19T16:44:37" time="382.83" tests="5" failures="0" errors="0" skipped="0">
    <properties>
      <property name="specId" value="0" />
      <property name="suiteName" value="Provide to Site w/ warehouse management wo clarification" />
      <property name="capabilities" value="chrome.136_0_7103_93.windows" />
      <property name="file" value="file:///D:/a/1/s/test/specs/HTR/provide-to-site-w-warehouse-wo-clarification.spec.js" />
    </properties>
    <testcase classname="chrome.136_0_7103_93.windows.Provide_to_Site_w/_warehouse_management_wo_clarification" name="Should do a stock increase handover" time="87.967">
      <system-out><![CDATA[
COMMAND: POST /session/06820c29678f15015ffe824e569d7d5a/execute/async - {"script":"<script> [1562 bytes]","args":[{"selector":{"controlType":"sap.m.GenericTile","properties":{"header":"Manage Handovers"}},"wdio_ui5_key":"sapm.GenericTile{\"header\":\"Manage Handovers\"}"}]}
RESULT: {"script":"<script> [1562 bytes]","args":[{"selector":{"controlType":"sap.m.GenericTile","properties":{"header":"Manage Handovers"}},"wdio_ui5_key":"sapm.GenericTile{\"header\":\"Manage Handovers\"}"}]}
RESULT: undefined
COMMAND: POST /session/06820c29678f15015ffe824e569d7d5a/element - {"using":"xpath","value":"//*[@id=\"__tile132\"]"}
RESULT: {"using":"xpath","value":"//*[@id=\"__tile132\"]"}
COMMAND: POST /session/06820c29678f15015ffe824e569d7d5a/element/f.696EFCE712E801319DC54DDC19215679.d.2D1E9E8D3C7CF5D90A3BD2D3BC97746C.e.8286/click - {}
RESULT: {}
COMMAND: GET /session/06820c29678f15015ffe824e569d7d5a/screenshot - {}
RESULT: {}
COMMAND: POST /session/06820c29678f15015ffe824e569d7d5a/elements - {"using":"xpath","value":"//span[text()='Error']"}
RESULT: {"using":"xpath","value":"//span[text()='Error']"}
COMMAND: POST /session/06820c29678f15015ffe824e569d7d5a/element - {"using":"xpath","value":"//button[@data-kt=\"masterHOAddButton\"]"}
RESULT: {"using":"xpath","value":"//button[@data-kt=\"masterHOAddButton\"]"}
COMMAND: POST /session/06820c29678f15015ffe824e569d7d5a/elements - {"using":"xpath","value":"//button[@data-kt=\"masterHOAddButton\"]"}
RESULT: {"using":"xpath","value":"//button[@data-kt=\"masterHOAddButton\"]"}
COMMAND: POST /session/06820c29678f15015ffe824e569d7d5a/execute/sync - {"script":"<script> [8489 bytes]","args":[{"element-6066-11e4-a52e-4f735466cecf":"f.696EFCE712E801319DC54DDC19215679.d.2D1E9E8D3C7CF5D90A3BD2D3BC97746C.e.8945","ELEMENT":"f.696EFCE712E801319DC54DDC19215679.d.2D1E9E8D3C7CF5D90A3BD2D3BC97746C.e.8945"}]}
RESULT: {"script":"<script> [8489 bytes]","args":[{"element-6066-11e4-a52e-4f735466cecf":"f.696EFCE712E801319DC54DDC19215679.d.2D1E9E8D3C7CF5D90A3BD2D3BC97746C.e.8945","ELEMENT":"f.696EFCE712E801319DC54DDC19215679.d.2D1E9E8D3C7CF5D90A3BD2D3BC97746C.e.8945"}]}
COMMAND: GET /session/06820c29678f15015ffe824e569d7d5a/element/f.696EFCE712E801319DC54DDC19215679.d.2D1E9E8D3C7CF5D90A3BD2D3BC97746C.e.8945/enabled - {}
COMMAND: GET /session/06820c29678f15015ffe824e569d7d5a/screenshot - {}
RESULT: {}
COMMAND: POST /session/06820c29678f15015ffe824e569d7d5a/execute/sync - {"script":"<script> [8489 bytes]","args":[{"element-6066-11e4-a52e-4f735466cecf":"f.696EFCE712E801319DC54DDC19215679.d.2D1E9E8D3C7CF5D90A3BD2D3BC97746C.e.8945","ELEMENT":"f.696EFCE712E801319DC54DDC19215679.d.2D1E9E8D3C7CF5D90A3BD2D3BC97746C.e.8945"}]}
COMMAND: GET /session/06820c29678f15015ffe824e569d7d5a/screenshot - {}
RESULT: {}
RESULT: {"script":"<script> [8489 bytes]","args":[{"element-6066-11e4-a52e-4f735466cecf":"f.696EFCE712E801319DC54DDC19215679.d.2D1E9E8D3C7CF5D90A3BD2D3BC97746C.e.8945","ELEMENT":"f.696EFCE712E801319DC54DDC19215679.d.2D1E9E8D3C7CF5D90A3BD2D3BC97746C.e.8945"}]}
COMMAND: POST /session/06820c29678f15015ffe824e569d7d5a/execute/sync - {"script":"<script> [5351 bytes]","args":[{"element-6066-11e4-a52e-4f735466cecf":"f.696EFCE712E801319DC54DDC19215679.d.2D1E9E8D3C7CF5D90A3BD2D3BC97746C.e.8945","ELEMENT":"f.696EFCE712E801319DC54DDC19215679.d.2D1E9E8D3C7CF5D90A3BD2D3BC97746C.e.8945"}]}
COMMAND: GET /session/06820c29678f15015ffe824e569d7d5a/screenshot - {}
RESULT: {}
RESULT: {"script":"<script> [5351 bytes]","args":[{"element-6066-11e4-a52e-4f735466cecf":"f.696EFCE712E801319DC54DDC19215679.d.2D1E9E8D3C7CF5D90A3BD2D3BC97746C.e.8945","ELEMENT":"f.696EFCE712E801319DC54DDC19215679.d.2D1E9E8D3C7CF5D90A3BD2D3BC97746C.e.8945"}]}
COMMAND: POST /session/06820c29678f15015ffe824e569d7d5a/element/f.696EFCE712E801319DC54DDC19215679.d.2D1E9E8D3C7CF5D90A3BD2D3BC97746C.e.8945/click - {}
COMMAND: GET /session/06820c29678f15015ffe824e569d7d5a/screenshot - {}
RESULT: {}
RESULT: {}
COMMAND: GET /session/06820c29678f15015ffe824e569d7d5a/screenshot - {}
RESULT: {}
COMMAND: POST /session/06820c29678f15015ffe824e569d7d5a/element - {"using":"xpath","value":"//span[contains(@id ,\"AddNewHO--typeSelect-arrow\")]"}
RESULT: {}
RESULT: {"using":"xpath","value":"//span[contains(@id ,\"AddNewHO--typeSelect-arrow\")]"}
COMMAND: POST /session/06820c29678f15015ffe824e569d7d5a/element/f.696EFCE712E801319DC54DDC19215679.d.2D1E9E8D3C7CF5D90A3BD2D3BC97746C.e.9301/click - {}
RESULT: {}
COMMAND: GET /session/06820c29678f15015ffe824e569d7d5a/screenshot - {}
RESULT: {}
COMMAND: POST /session/06820c29678f15015ffe824e569d7d5a/element - {"using":"xpath","value":"(//li[contains(text(), \"stock increase yard\")])[1]"}
RESULT: {"using":"xpath","value":"(//li[contains(text(), \"stock increase yard\")])[1]"}
COMMAND: POST /session/06820c29678f15015ffe824e569d7d5a/element/f.696EFCE712E801319DC54DDC19215679.d.2D1E9E8D3C7CF5D90A3BD2D3BC97746C.e.9302/click - {}
RESULT: {}
COMMAND: GET /session/06820c29678f15015ffe824e569d7d5a/screenshot - {}
RESULT: {}
COMMAND: POST /session/06820c29678f15015ffe824e569d7d5a/execute/async - {"script":"<script> [1562 bytes]","args":[{"selector":{"id":"application-managehandovers-display-component---AddNewHO--dueDate","interaction":{"idSuffix":"inner"}},"wdio_ui5_key":"applicationmanagehandovers-display-component---AddNewHO--dueDate"}]}
RESULT: {"script":"<script> [1562 bytes]","args":[{"selector":{"id":"application-managehandovers-display-component---AddNewHO--dueDate","interaction":{"idSuffix":"inner"}},"wdio_ui5_key":"applicationmanagehandovers-display-component---AddNewHO--dueDate"}]}
RESULT: undefined
COMMAND: POST /session/06820c29678f15015ffe824e569d7d5a/execute/async - {"script":"<script> [6424 bytes]","args":[{"element-6066-11e4-a52e-4f735466cecf":"f.696EFCE712E801319DC54DDC19215679.d.2D1E9E8D3C7CF5D90A3BD2D3BC97746C.e.9304"},"setValue",["5/19/25"]]}
RESULT: {"script":"<script> [6424 bytes]","args":[{"element-6066-11e4-a52e-4f735466cecf":"f.696EFCE712E801319DC54DDC19215679.d.2D1E9E8D3C7CF5D90A3BD2D3BC97746C.e.9304"},"setValue",["5/19/25"]]}
COMMAND: POST /session/06820c29678f15015ffe824e569d7d5a/element - {"using":"xpath","value":"//input[@id=\"generalSectionFrg--receiveYard-inner\"]"}
RESULT: {"using":"xpath","value":"//input[@id=\"generalSectionFrg--receiveYard-inner\"]"}
COMMAND: POST /session/06820c29678f15015ffe824e569d7d5a/element/f.696EFCE712E801319DC54DDC19215679.d.2D1E9E8D3C7CF5D90A3BD2D3BC97746C.e.9308/clear - {}
RESULT: {}
COMMAND: POST /session/06820c29678f15015ffe824e569d7d5a/element/f.696EFCE712E801319DC54DDC19215679.d.2D1E9E8D3C7CF5D90A3BD2D3BC97746C.e.9308/value - {"text":"556"}
COMMAND: GET /session/06820c29678f15015ffe824e569d7d5a/screenshot - {}
RESULT: {"text":"556"}
COMMAND: GET /session/06820c29678f15015ffe824e569d7d5a/screenshot - {}
RESULT: {}
RESULT: {}
COMMAND: POST /session/06820c29678f15015ffe824e569d7d5a/element - {"using":"xpath","value":"//li[.//span[text()='556']]"}
RESULT: {"using":"xpath","value":"//li[.//span[text()='556']]"}
COMMAND: POST /session/06820c29678f15015ffe824e569d7d5a/element/f.696EFCE712E801319DC54DDC19215679.d.2D1E9E8D3C7CF5D90A3BD2D3BC97746C.e.9326/click - {}
RESULT: {}
COMMAND: GET /session/06820c29678f15015ffe824e569d7d5a/screenshot - {}
RESULT: {}
COMMAND: POST /session/06820c29678f15015ffe824e569d7d5a/execute/async - {"script":"<script> [1562 bytes]","args":[{"selector":{"id":"application-managehandovers-display-component---AddNewHO--ObjectPageLayout-anchBar-application-managehandovers-display-component---AddNewHO--section4-anchor","interaction":{"idSuffix":"BDI-content"}},"wdio_ui5_key":"applicationmanagehandovers-display-component---AddNewHO--ObjectPageLayout-anchBar-application-managehandovers-display-component---AddNewHO--section4-anchor"}]}
RESULT: {"script":"<script> [1562 bytes]","args":[{"selector":{"id":"application-managehandovers-display-component---AddNewHO--ObjectPageLayout-anchBar-application-managehandovers-display-component---AddNewHO--section4-anchor","interaction":{"idSuffix":"BDI-content"}},"wdio_ui5_key":"applicationmanagehandovers-display-component---AddNewHO--ObjectPageLayout-anchBar-application-managehandovers-display-component---AddNewHO--section4-anchor"}]}
RESULT: undefined
COMMAND: POST /session/06820c29678f15015ffe824e569d7d5a/element - {"using":"xpath","value":"//*[@id=\"application-managehandovers-display-component---AddNewHO--ObjectPageLayout-anchBar-application-managehandovers-display-component---AddNewHO--section4-anchor\"]"}
RESULT: {"using":"xpath","value":"//*[@id=\"application-managehandovers-display-component---AddNewHO--ObjectPageLayout-anchBar-application-managehandovers-display-component---AddNewHO--section4-anchor\"]"}
COMMAND: POST /session/06820c29678f15015ffe824e569d7d5a/element/f.696EFCE712E801319DC54DDC19215679.d.2D1E9E8D3C7CF5D90A3BD2D3BC97746C.e.9328/click - {}
RESULT: {}
COMMAND: POST /session/06820c29678f15015ffe824e569d7d5a/element - {"using":"xpath","value":"//button[@aria-label=\"Add\"]"}
COMMAND: GET /session/06820c29678f15015ffe824e569d7d5a/screenshot - {}
RESULT: {"using":"xpath","value":"//button[@aria-label=\"Add\"]"}
COMMAND: POST /session/06820c29678f15015ffe824e569d7d5a/element/f.696EFCE712E801319DC54DDC19215679.d.2D1E9E8D3C7CF5D90A3BD2D3BC97746C.e.9332/click - {}
RESULT: {}
RESULT: {}
COMMAND: GET /session/06820c29678f15015ffe824e569d7d5a/screenshot - {}
RESULT: {}
COMMAND: POST /session/06820c29678f15015ffe824e569d7d5a/execute/async - {"script":"<script> [1562 bytes]","args":[{"selector":{"id":"application-managehandovers-display-component---AddNewHO--smartFilterBar-btnBasicSearch","searchOpenDialogs":true,"interaction":{"idSuffix":"I"}},"wdio_ui5_key":"applicationmanagehandovers-display-component---AddNewHO--smartFilterBar-btnBasicSearch"}]}
RESULT: {"script":"<script> [1562 bytes]","args":[{"selector":{"id":"application-managehandovers-display-component---AddNewHO--smartFilterBar-btnBasicSearch","searchOpenDialogs":true,"interaction":{"idSuffix":"I"}},"wdio_ui5_key":"applicationmanagehandovers-display-component---AddNewHO--smartFilterBar-btnBasicSearch"}]}
RESULT: undefined
COMMAND: POST /session/06820c29678f15015ffe824e569d7d5a/execute/async - {"script":"<script> [776 bytes]","args":[{"enterText":"200303","selector":{"id":"application-managehandovers-display-component---AddNewHO--smartFilterBar-btnBasicSearch","searchOpenDialogs":true,"interaction":{"idSuffix":"I"}},"clearTextFirst":true,"interactionType":"ENTER_TEXT"}]}
RESULT: {"script":"<script> [776 bytes]","args":[{"enterText":"200303","selector":{"id":"application-managehandovers-display-component---AddNewHO--smartFilterBar-btnBasicSearch","searchOpenDialogs":true,"interaction":{"idSuffix":"I"}},"clearTextFirst":true,"interactionType":"ENTER_TEXT"}]}
COMMAND: POST /session/06820c29678f15015ffe824e569d7d5a/actions - {"actions":[{"id":"action33","type":"key","parameters":{},"actions":[{"type":"keyDown","value":"î€‡"},{"type":"pause","duration":10},{"type":"keyUp","value":"î€‡"}]}]}
RESULT: {"actions":[{"id":"action33","type":"key","parameters":{},"actions":[{"type":"keyDown","value":"î€‡"},{"type":"pause","duration":10},{"type":"keyUp","value":"î€‡"}]}]}
COMMAND: GET /session/06820c29678f15015ffe824e569d7d5a/screenshot - {}
RESULT: {}
COMMAND: POST /session/06820c29678f15015ffe824e569d7d5a/execute/async - {"script":"<script> [1562 bytes]","args":[{"selector":{"id":"application-managehandovers-display-component---AddNewHO--popup-sa","searchOpenDialogs":true,"interaction":{"idSuffix":"CbBg"}},"wdio_ui5_key":"applicationmanagehandovers-display-component---AddNewHO--popup-sa"}]}
RESULT: {"script":"<script> [1562 bytes]","args":[{"selector":{"id":"application-managehandovers-display-component---AddNewHO--popup-sa","searchOpenDialogs":true,"interaction":{"idSuffix":"CbBg"}},"wdio_ui5_key":"applicationmanagehandovers-display-component---AddNewHO--popup-sa"}]}
RESULT: undefined
COMMAND: POST /session/06820c29678f15015ffe824e569d7d5a/element - {"using":"xpath","value":"//*[@id=\"application-managehandovers-display-component---AddNewHO--popup-sa\"]"}
RESULT: {"using":"xpath","value":"//*[@id=\"application-managehandovers-display-component---AddNewHO--popup-sa\"]"}
COMMAND: POST /session/06820c29678f15015ffe824e569d7d5a/element/f.696EFCE712E801319DC54DDC19215679.d.2D1E9E8D3C7CF5D90A3BD2D3BC97746C.e.9486/click - {}
RESULT: {}
COMMAND: GET /session/06820c29678f15015ffe824e569d7d5a/screenshot - {}
RESULT: {}
COMMAND: POST /session/06820c29678f15015ffe824e569d7d5a/element - {"using":"xpath","value":"//bdi[contains(text(), \"Select\")]"}
RESULT: {"using":"xpath","value":"//bdi[contains(text(), \"Select\")]"}
COMMAND: POST /session/06820c29678f15015ffe824e569d7d5a/element/f.696EFCE712E801319DC54DDC19215679.d.2D1E9E8D3C7CF5D90A3BD2D3BC97746C.e.9487/click - {}
RESULT: {}
COMMAND: GET /session/06820c29678f15015ffe824e569d7d5a/screenshot - {}
RESULT: {}
COMMAND: POST /session/06820c29678f15015ffe824e569d7d5a/element - {"using":"xpath","value":"//button[@data-kt=\"AddNewHOSaveButton\"]"}
RESULT: {"using":"xpath","value":"//button[@data-kt=\"AddNewHOSaveButton\"]"}
COMMAND: POST /session/06820c29678f15015ffe824e569d7d5a/element/f.696EFCE712E801319DC54DDC19215679.d.2D1E9E8D3C7CF5D90A3BD2D3BC97746C.e.9491/click - {}
RESULT: {}
COMMAND: GET /session/06820c29678f15015ffe824e569d7d5a/screenshot - {}
RESULT: {}
COMMAND: POST /session/06820c29678f15015ffe824e569d7d5a/execute/async - {"script":"<script> [1562 bytes]","args":[{"selector":{"id":"receiptDatePicker","viewName":"etm.portal.ui.managehandovers.view.DetailExecuteHO","interaction":{"idSuffix":"inner"}},"wdio_ui5_key":"receiptDatePickeretmportal.ui.managehandovers.view.DetailExecuteHO"}]}
RESULT: {"script":"<script> [1562 bytes]","args":[{"selector":{"id":"receiptDatePicker","viewName":"etm.portal.ui.managehandovers.view.DetailExecuteHO","interaction":{"idSuffix":"inner"}},"wdio_ui5_key":"receiptDatePickeretmportal.ui.managehandovers.view.DetailExecuteHO"}]}
RESULT: undefined
COMMAND: POST /session/06820c29678f15015ffe824e569d7d5a/execute/async - {"script":"<script> [6424 bytes]","args":[{"element-6066-11e4-a52e-4f735466cecf":"f.696EFCE712E801319DC54DDC19215679.d.2D1E9E8D3C7CF5D90A3BD2D3BC97746C.e.9512"},"setValue",["5/19/25"]]}
RESULT: {"script":"<script> [6424 bytes]","args":[{"element-6066-11e4-a52e-4f735466cecf":"f.696EFCE712E801319DC54DDC19215679.d.2D1E9E8D3C7CF5D90A3BD2D3BC97746C.e.9512"},"setValue",["5/19/25"]]}
COMMAND: POST /session/06820c29678f15015ffe824e569d7d5a/element - {"using":"xpath","value":"//button[@data-kt=\"PickingTableConfirmAllButton\"]"}
RESULT: {"using":"xpath","value":"//button[@data-kt=\"PickingTableConfirmAllButton\"]"}
COMMAND: POST /session/06820c29678f15015ffe824e569d7d5a/element/f.696EFCE712E801319DC54DDC19215679.d.2D1E9E8D3C7CF5D90A3BD2D3BC97746C.e.9529/click - {}
RESULT: {}
COMMAND: GET /session/06820c29678f15015ffe824e569d7d5a/screenshot - {}
RESULT: {}
COMMAND: POST /session/06820c29678f15015ffe824e569d7d5a/element - {"using":"xpath","value":"//bdi[contains(text(), \"OK\")]"}
RESULT: {"using":"xpath","value":"//bdi[contains(text(), \"OK\")]"}
COMMAND: POST /session/06820c29678f15015ffe824e569d7d5a/element/f.696EFCE712E801319DC54DDC19215679.d.2D1E9E8D3C7CF5D90A3BD2D3BC97746C.e.9531/click - {}
RESULT: {}
COMMAND: GET /session/06820c29678f15015ffe824e569d7d5a/screenshot - {}
RESULT: {}
COMMAND: POST /session/06820c29678f15015ffe824e569d7d5a/element - {"using":"xpath","value":"(//bdi[contains(text(), \"Receive\")])[2]"}
RESULT: {"using":"xpath","value":"(//bdi[contains(text(), \"Receive\")])[2]"}
COMMAND: POST /session/06820c29678f15015ffe824e569d7d5a/element/f.696EFCE712E801319DC54DDC19215679.d.2D1E9E8D3C7CF5D90A3BD2D3BC97746C.e.9533/click - {}
RESULT: {}
COMMAND: GET /session/06820c29678f15015ffe824e569d7d5a/screenshot - {}
RESULT: {}
COMMAND: POST /session/06820c29678f15015ffe824e569d7d5a/element - {"using":"css selector","value":"#shell-header-logo"}
RESULT: {"using":"css selector","value":"#shell-header-logo"}
COMMAND: POST /session/06820c29678f15015ffe824e569d7d5a/element/f.696EFCE712E801319DC54DDC19215679.d.2D1E9E8D3C7CF5D90A3BD2D3BC97746C.e.8908/click - {}
RESULT: {}
COMMAND: GET /session/06820c29678f15015ffe824e569d7d5a/screenshot - {}
RESULT: {}
]]></system-out>
    </testcase>
    <testcase classname="chrome.136_0_7103_93.windows.Provide_to_Site_w/_warehouse_management_wo_clarification" name="Should create a new contract" time="59.294">
      <system-out><![CDATA[
COMMAND: POST /session/06820c29678f15015ffe824e569d7d5a/execute/async - {"script":"<script> [1562 bytes]","args":[{"selector":{"controlType":"sap.m.GenericTile","properties":{"header":"Manage Contracts"}},"wdio_ui5_key":"sapm.GenericTile{\"header\":\"Manage Contracts\"}"}]}
RESULT: {"script":"<script> [1562 bytes]","args":[{"selector":{"controlType":"sap.m.GenericTile","properties":{"header":"Manage Contracts"}},"wdio_ui5_key":"sapm.GenericTile{\"header\":\"Manage Contracts\"}"}]}
RESULT: undefined
COMMAND: POST /session/06820c29678f15015ffe824e569d7d5a/element - {"using":"xpath","value":"//*[@id=\"__tile130\"]"}
RESULT: {"using":"xpath","value":"//*[@id=\"__tile130\"]"}
COMMAND: POST /session/06820c29678f15015ffe824e569d7d5a/element/f.696EFCE712E801319DC54DDC19215679.d.2D1E9E8D3C7CF5D90A3BD2D3BC97746C.e.8275/click - {}
RESULT: {}
COMMAND: GET /session/06820c29678f15015ffe824e569d7d5a/screenshot - {}
RESULT: {}
COMMAND: POST /session/06820c29678f15015ffe824e569d7d5a/elements - {"using":"xpath","value":"//span[text()='Error']"}
RESULT: {"using":"xpath","value":"//span[text()='Error']"}
COMMAND: POST /session/06820c29678f15015ffe824e569d7d5a/element - {"using":"xpath","value":"//button[@data-kt=\"addButton\"]"}
RESULT: {"using":"xpath","value":"//button[@data-kt=\"addButton\"]"}
COMMAND: POST /session/06820c29678f15015ffe824e569d7d5a/elements - {"using":"xpath","value":"//button[@data-kt=\"addButton\"]"}
RESULT: {"using":"xpath","value":"//button[@data-kt=\"addButton\"]"}
COMMAND: POST /session/06820c29678f15015ffe824e569d7d5a/execute/sync - {"script":"<script> [8489 bytes]","args":[{"element-6066-11e4-a52e-4f735466cecf":"f.696EFCE712E801319DC54DDC19215679.d.2D1E9E8D3C7CF5D90A3BD2D3BC97746C.e.9864","ELEMENT":"f.696EFCE712E801319DC54DDC19215679.d.2D1E9E8D3C7CF5D90A3BD2D3BC97746C.e.9864"}]}
RESULT: {"script":"<script> [8489 bytes]","args":[{"element-6066-11e4-a52e-4f735466cecf":"f.696EFCE712E801319DC54DDC19215679.d.2D1E9E8D3C7CF5D90A3BD2D3BC97746C.e.9864","ELEMENT":"f.696EFCE712E801319DC54DDC19215679.d.2D1E9E8D3C7CF5D90A3BD2D3BC97746C.e.9864"}]}
COMMAND: GET /session/06820c29678f15015ffe824e569d7d5a/element/f.696EFCE712E801319DC54DDC19215679.d.2D1E9E8D3C7CF5D90A3BD2D3BC97746C.e.9864/enabled - {}
COMMAND: GET /session/06820c29678f15015ffe824e569d7d5a/screenshot - {}
RESULT: {}
COMMAND: POST /session/06820c29678f15015ffe824e569d7d5a/execute/sync - {"script":"<script> [8489 bytes]","args":[{"element-6066-11e4-a52e-4f735466cecf":"f.696EFCE712E801319DC54DDC19215679.d.2D1E9E8D3C7CF5D90A3BD2D3BC97746C.e.9864","ELEMENT":"f.696EFCE712E801319DC54DDC19215679.d.2D1E9E8D3C7CF5D90A3BD2D3BC97746C.e.9864"}]}
COMMAND: GET /session/06820c29678f15015ffe824e569d7d5a/screenshot - {}
RESULT: {}
RESULT: {"script":"<script> [8489 bytes]","args":[{"element-6066-11e4-a52e-4f735466cecf":"f.696EFCE712E801319DC54DDC19215679.d.2D1E9E8D3C7CF5D90A3BD2D3BC97746C.e.9864","ELEMENT":"f.696EFCE712E801319DC54DDC19215679.d.2D1E9E8D3C7CF5D90A3BD2D3BC97746C.e.9864"}]}
COMMAND: POST /session/06820c29678f15015ffe824e569d7d5a/execute/sync - {"script":"<script> [5351 bytes]","args":[{"element-6066-11e4-a52e-4f735466cecf":"f.696EFCE712E801319DC54DDC19215679.d.2D1E9E8D3C7CF5D90A3BD2D3BC97746C.e.9864","ELEMENT":"f.696EFCE712E801319DC54DDC19215679.d.2D1E9E8D3C7CF5D90A3BD2D3BC97746C.e.9864"}]}
COMMAND: GET /session/06820c29678f15015ffe824e569d7d5a/screenshot - {}
RESULT: {}
RESULT: {"script":"<script> [5351 bytes]","args":[{"element-6066-11e4-a52e-4f735466cecf":"f.696EFCE712E801319DC54DDC19215679.d.2D1E9E8D3C7CF5D90A3BD2D3BC97746C.e.9864","ELEMENT":"f.696EFCE712E801319DC54DDC19215679.d.2D1E9E8D3C7CF5D90A3BD2D3BC97746C.e.9864"}]}
COMMAND: GET /session/06820c29678f15015ffe824e569d7d5a/screenshot - {}
RESULT: {}
RESULT: {}
COMMAND: POST /session/06820c29678f15015ffe824e569d7d5a/element/f.696EFCE712E801319DC54DDC19215679.d.2D1E9E8D3C7CF5D90A3BD2D3BC97746C.e.9864/click - {}
RESULT: {}
COMMAND: GET /session/06820c29678f15015ffe824e569d7d5a/screenshot - {}
COMMAND: POST /session/06820c29678f15015ffe824e569d7d5a/execute/async - {"script":"<script> [1562 bytes]","args":[{"selector":{"id":"application-managecontracts-display-component---AddNewContract--projectDescription","interaction":{"idSuffix":"inner"}},"wdio_ui5_key":"applicationmanagecontracts-display-component---AddNewContract--projectDescription"}]}
RESULT: {}
RESULT: {"script":"<script> [1562 bytes]","args":[{"selector":{"id":"application-managecontracts-display-component---AddNewContract--projectDescription","interaction":{"idSuffix":"inner"}},"wdio_ui5_key":"applicationmanagecontracts-display-component---AddNewContract--projectDescription"}]}
RESULT: undefined
COMMAND: POST /session/06820c29678f15015ffe824e569d7d5a/execute/async - {"script":"<script> [776 bytes]","args":[{"enterText":"Contract WDIO","selector":{"id":"application-managecontracts-display-component---AddNewContract--projectDescription","interaction":{"idSuffix":"inner"}},"clearTextFirst":true,"interactionType":"ENTER_TEXT"}]}
RESULT: {"script":"<script> [776 bytes]","args":[{"enterText":"Contract WDIO","selector":{"id":"application-managecontracts-display-component---AddNewContract--projectDescription","interaction":{"idSuffix":"inner"}},"clearTextFirst":true,"interactionType":"ENTER_TEXT"}]}
COMMAND: POST /session/06820c29678f15015ffe824e569d7d5a/element - {"using":"xpath","value":"//input[@id=\"application-managecontracts-display-component---AddNewContract--site-inner\"]"}
RESULT: {"using":"xpath","value":"//input[@id=\"application-managecontracts-display-component---AddNewContract--site-inner\"]"}
COMMAND: POST /session/06820c29678f15015ffe824e569d7d5a/element/f.696EFCE712E801319DC54DDC19215679.d.2D1E9E8D3C7CF5D90A3BD2D3BC97746C.e.10219/clear - {}
RESULT: {}
COMMAND: POST /session/06820c29678f15015ffe824e569d7d5a/element/f.696EFCE712E801319DC54DDC19215679.d.2D1E9E8D3C7CF5D90A3BD2D3BC97746C.e.10219/value - {"text":"2278"}
COMMAND: GET /session/06820c29678f15015ffe824e569d7d5a/screenshot - {}
RESULT: {"text":"2278"}
COMMAND: GET /session/06820c29678f15015ffe824e569d7d5a/screenshot - {}
RESULT: {}
RESULT: {}
COMMAND: POST /session/06820c29678f15015ffe824e569d7d5a/element - {"using":"xpath","value":"//li[.//span[text()='2278']]"}
RESULT: {"using":"xpath","value":"//li[.//span[text()='2278']]"}
COMMAND: POST /session/06820c29678f15015ffe824e569d7d5a/element/f.696EFCE712E801319DC54DDC19215679.d.2D1E9E8D3C7CF5D90A3BD2D3BC97746C.e.10249/click - {}
RESULT: {}
COMMAND: GET /session/06820c29678f15015ffe824e569d7d5a/screenshot - {}
RESULT: {}
COMMAND: POST /session/06820c29678f15015ffe824e569d7d5a/element - {"using":"xpath","value":"//input[@id=\"application-managecontracts-display-component---AddNewContract--yardId-inner\"]"}
RESULT: {"using":"xpath","value":"//input[@id=\"application-managecontracts-display-component---AddNewContract--yardId-inner\"]"}
COMMAND: GET /session/06820c29678f15015ffe824e569d7d5a/element/f.696EFCE712E801319DC54DDC19215679.d.2D1E9E8D3C7CF5D90A3BD2D3BC97746C.e.10220/property/value - {}
RESULT: {}
COMMAND: POST /session/06820c29678f15015ffe824e569d7d5a/element - {"using":"xpath","value":"//input[@id=\"application-managecontracts-display-component---AddNewContract--customerSelect-inner\"]"}
COMMAND: GET /session/06820c29678f15015ffe824e569d7d5a/screenshot - {}
RESULT: {"using":"xpath","value":"//input[@id=\"application-managecontracts-display-component---AddNewContract--customerSelect-inner\"]"}
COMMAND: POST /session/06820c29678f15015ffe824e569d7d5a/element/f.696EFCE712E801319DC54DDC19215679.d.2D1E9E8D3C7CF5D90A3BD2D3BC97746C.e.10218/clear - {}
RESULT: {}
RESULT: {}
COMMAND: POST /session/06820c29678f15015ffe824e569d7d5a/element/f.696EFCE712E801319DC54DDC19215679.d.2D1E9E8D3C7CF5D90A3BD2D3BC97746C.e.10218/value - {"text":"1330"}
COMMAND: GET /session/06820c29678f15015ffe824e569d7d5a/screenshot - {}
RESULT: {"text":"1330"}
COMMAND: GET /session/06820c29678f15015ffe824e569d7d5a/screenshot - {}
RESULT: {}
RESULT: {}
COMMAND: POST /session/06820c29678f15015ffe824e569d7d5a/element - {"using":"xpath","value":"//li[.//span[text()='1330']]"}
RESULT: {"using":"xpath","value":"//li[.//span[text()='1330']]"}
COMMAND: POST /session/06820c29678f15015ffe824e569d7d5a/element/f.696EFCE712E801319DC54DDC19215679.d.2D1E9E8D3C7CF5D90A3BD2D3BC97746C.e.10252/click - {}
RESULT: {}
COMMAND: GET /session/06820c29678f15015ffe824e569d7d5a/screenshot - {}
RESULT: {}
COMMAND: POST /session/06820c29678f15015ffe824e569d7d5a/element - {"using":"xpath","value":"//button[@data-kt=\"saveButton\"]"}
RESULT: {"using":"xpath","value":"//button[@data-kt=\"saveButton\"]"}
COMMAND: POST /session/06820c29678f15015ffe824e569d7d5a/element/f.696EFCE712E801319DC54DDC19215679.d.2D1E9E8D3C7CF5D90A3BD2D3BC97746C.e.10253/click - {}
RESULT: {}
COMMAND: GET /session/06820c29678f15015ffe824e569d7d5a/screenshot - {}
RESULT: {}
COMMAND: POST /session/06820c29678f15015ffe824e569d7d5a/element - {"using":"xpath","value":"//span[contains(@id ,\"contractDetailTitleNoExpanded\")]"}
RESULT: {"using":"xpath","value":"//span[contains(@id ,\"contractDetailTitleNoExpanded\")]"}
COMMAND: POST /session/06820c29678f15015ffe824e569d7d5a/elements - {"using":"xpath","value":"//span[contains(@id ,\"contractDetailTitleNoExpanded\")]"}
RESULT: {"using":"xpath","value":"//span[contains(@id ,\"contractDetailTitleNoExpanded\")]"}
COMMAND: POST /session/06820c29678f15015ffe824e569d7d5a/execute/sync - {"script":"<script> [56 bytes]","args":[{"element-6066-11e4-a52e-4f735466cecf":"f.696EFCE712E801319DC54DDC19215679.d.2D1E9E8D3C7CF5D90A3BD2D3BC97746C.e.10326","ELEMENT":"f.696EFCE712E801319DC54DDC19215679.d.2D1E9E8D3C7CF5D90A3BD2D3BC97746C.e.10326"}]}
RESULT: {"script":"<script> [56 bytes]","args":[{"element-6066-11e4-a52e-4f735466cecf":"f.696EFCE712E801319DC54DDC19215679.d.2D1E9E8D3C7CF5D90A3BD2D3BC97746C.e.10326","ELEMENT":"f.696EFCE712E801319DC54DDC19215679.d.2D1E9E8D3C7CF5D90A3BD2D3BC97746C.e.10326"}]}
COMMAND: GET /session/06820c29678f15015ffe824e569d7d5a/screenshot - {}
RESULT: {}
]]></system-out>
    </testcase>
    <testcase classname="chrome.136_0_7103_93.windows.Provide_to_Site_w/_warehouse_management_wo_clarification" name="Should add equipment to the contract" time="55.944">
      <system-out><![CDATA[
COMMAND: POST /session/06820c29678f15015ffe824e569d7d5a/element - {"using":"xpath","value":"//button[@data-kt=\"contractDetailEditBtnButton\"]"}
RESULT: {"using":"xpath","value":"//button[@data-kt=\"contractDetailEditBtnButton\"]"}
COMMAND: POST /session/06820c29678f15015ffe824e569d7d5a/element/f.696EFCE712E801319DC54DDC19215679.d.2D1E9E8D3C7CF5D90A3BD2D3BC97746C.e.10327/click - {}
RESULT: {}
COMMAND: GET /session/06820c29678f15015ffe824e569d7d5a/screenshot - {}
RESULT: {}
COMMAND: POST /session/06820c29678f15015ffe824e569d7d5a/element - {"using":"xpath","value":"(//span[contains(text(), \"Additional Addresses\")])[2]"}
RESULT: {"using":"xpath","value":"(//span[contains(text(), \"Additional Addresses\")])[2]"}
COMMAND: POST /session/06820c29678f15015ffe824e569d7d5a/element/f.696EFCE712E801319DC54DDC19215679.d.2D1E9E8D3C7CF5D90A3BD2D3BC97746C.e.10383/click - {}
RESULT: {}
COMMAND: GET /session/06820c29678f15015ffe824e569d7d5a/screenshot - {}
RESULT: {}
COMMAND: POST /session/06820c29678f15015ffe824e569d7d5a/element - {"using":"xpath","value":"//button[@data-kt=\"btnAddTableRowOverflowToolbarButton\"]"}
RESULT: {"using":"xpath","value":"//button[@data-kt=\"btnAddTableRowOverflowToolbarButton\"]"}
COMMAND: POST /session/06820c29678f15015ffe824e569d7d5a/element/f.696EFCE712E801319DC54DDC19215679.d.2D1E9E8D3C7CF5D90A3BD2D3BC97746C.e.10385/click - {}
RESULT: {}
COMMAND: GET /session/06820c29678f15015ffe824e569d7d5a/screenshot - {}
RESULT: {}
COMMAND: POST /session/06820c29678f15015ffe824e569d7d5a/element - {"using":"xpath","value":"//div[(text() = 'Standard Entry' or . = 'Standard Entry')]"}
RESULT: {"using":"xpath","value":"//div[(text() = 'Standard Entry' or . = 'Standard Entry')]"}
COMMAND: POST /session/06820c29678f15015ffe824e569d7d5a/element/f.696EFCE712E801319DC54DDC19215679.d.2D1E9E8D3C7CF5D90A3BD2D3BC97746C.e.10387/click - {}
RESULT: {}
COMMAND: GET /session/06820c29678f15015ffe824e569d7d5a/screenshot - {}
RESULT: {}
COMMAND: POST /session/06820c29678f15015ffe824e569d7d5a/element - {"using":"xpath","value":"//td[6]/div/div/div/span"}
RESULT: {"using":"xpath","value":"//td[6]/div/div/div/span"}
COMMAND: POST /session/06820c29678f15015ffe824e569d7d5a/element/f.696EFCE712E801319DC54DDC19215679.d.2D1E9E8D3C7CF5D90A3BD2D3BC97746C.e.10399/click - {}
RESULT: {}
COMMAND: GET /session/06820c29678f15015ffe824e569d7d5a/screenshot - {}
RESULT: {}
COMMAND: POST /session/06820c29678f15015ffe824e569d7d5a/element - {"using":"xpath","value":"(//span[contains(text(), \"Material\")])"}
RESULT: {"using":"xpath","value":"(//span[contains(text(), \"Material\")])"}
COMMAND: POST /session/06820c29678f15015ffe824e569d7d5a/element/f.696EFCE712E801319DC54DDC19215679.d.2D1E9E8D3C7CF5D90A3BD2D3BC97746C.e.10400/click - {}
RESULT: {}
COMMAND: GET /session/06820c29678f15015ffe824e569d7d5a/screenshot - {}
RESULT: {}
COMMAND: POST /session/06820c29678f15015ffe824e569d7d5a/element - {"using":"xpath","value":"//td[7]/div/div/input"}
RESULT: {"using":"xpath","value":"//td[7]/div/div/input"}
COMMAND: POST /session/06820c29678f15015ffe824e569d7d5a/element/f.696EFCE712E801319DC54DDC19215679.d.2D1E9E8D3C7CF5D90A3BD2D3BC97746C.e.10404/clear - {}
RESULT: {}
COMMAND: POST /session/06820c29678f15015ffe824e569d7d5a/element/f.696EFCE712E801319DC54DDC19215679.d.2D1E9E8D3C7CF5D90A3BD2D3BC97746C.e.10404/value - {"text":"200303"}
COMMAND: GET /session/06820c29678f15015ffe824e569d7d5a/screenshot - {}
RESULT: {"text":"200303"}
COMMAND: GET /session/06820c29678f15015ffe824e569d7d5a/screenshot - {}
RESULT: {}
RESULT: {}
COMMAND: POST /session/06820c29678f15015ffe824e569d7d5a/actions - {"actions":[{"id":"action34","type":"key","parameters":{},"actions":[{"type":"keyDown","value":"î€‡"},{"type":"pause","duration":10},{"type":"keyUp","value":"î€‡"}]}]}
RESULT: {"actions":[{"id":"action34","type":"key","parameters":{},"actions":[{"type":"keyDown","value":"î€‡"},{"type":"pause","duration":10},{"type":"keyUp","value":"î€‡"}]}]}
COMMAND: GET /session/06820c29678f15015ffe824e569d7d5a/screenshot - {}
RESULT: {}
COMMAND: POST /session/06820c29678f15015ffe824e569d7d5a/execute/sync - {"script":"<script> [276 bytes]","args":["No pricing information was found"]}
RESULT: {"script":"<script> [276 bytes]","args":["No pricing information was found"]}
COMMAND: POST /session/06820c29678f15015ffe824e569d7d5a/element - {"using":"xpath","value":"//bdi[contains(text(), \"OK\")]"}
COMMAND: GET /session/06820c29678f15015ffe824e569d7d5a/screenshot - {}
RESULT: {"using":"xpath","value":"//bdi[contains(text(), \"OK\")]"}
COMMAND: POST /session/06820c29678f15015ffe824e569d7d5a/element/f.696EFCE712E801319DC54DDC19215679.d.2D1E9E8D3C7CF5D90A3BD2D3BC97746C.e.10430/click - {}
RESULT: {}
RESULT: {}
COMMAND: GET /session/06820c29678f15015ffe824e569d7d5a/screenshot - {}
RESULT: {}
COMMAND: POST /session/06820c29678f15015ffe824e569d7d5a/element - {"using":"xpath","value":"(//button[@data-kt=\"saveButton\"])[2]"}
RESULT: {"using":"xpath","value":"(//button[@data-kt=\"saveButton\"])[2]"}
COMMAND: POST /session/06820c29678f15015ffe824e569d7d5a/element/f.696EFCE712E801319DC54DDC19215679.d.2D1E9E8D3C7CF5D90A3BD2D3BC97746C.e.10431/click - {}
RESULT: {}
COMMAND: GET /session/06820c29678f15015ffe824e569d7d5a/screenshot - {}
RESULT: {}
COMMAND: POST /session/06820c29678f15015ffe824e569d7d5a/execute/sync - {"script":"<script> [276 bytes]","args":["Some contract items are having rental validity exceeding header rental validity"]}
RESULT: {"script":"<script> [276 bytes]","args":["Some contract items are having rental validity exceeding header rental validity"]}
COMMAND: GET /session/06820c29678f15015ffe824e569d7d5a/screenshot - {}
RESULT: {}
COMMAND: POST /session/06820c29678f15015ffe824e569d7d5a/element - {"using":"xpath","value":"//span[contains(@id ,\"contractItemsSmartTable-header-inner\")]"}
RESULT: {"using":"xpath","value":"//span[contains(@id ,\"contractItemsSmartTable-header-inner\")]"}
COMMAND: POST /session/06820c29678f15015ffe824e569d7d5a/elements - {"using":"xpath","value":"//span[contains(@id ,\"contractItemsSmartTable-header-inner\")]"}
RESULT: {"using":"xpath","value":"//span[contains(@id ,\"contractItemsSmartTable-header-inner\")]"}
COMMAND: POST /session/06820c29678f15015ffe824e569d7d5a/execute/sync - {"script":"<script> [56 bytes]","args":[{"element-6066-11e4-a52e-4f735466cecf":"f.696EFCE712E801319DC54DDC19215679.d.2D1E9E8D3C7CF5D90A3BD2D3BC97746C.e.10436","ELEMENT":"f.696EFCE712E801319DC54DDC19215679.d.2D1E9E8D3C7CF5D90A3BD2D3BC97746C.e.10436"}]}
RESULT: {"script":"<script> [56 bytes]","args":[{"element-6066-11e4-a52e-4f735466cecf":"f.696EFCE712E801319DC54DDC19215679.d.2D1E9E8D3C7CF5D90A3BD2D3BC97746C.e.10436","ELEMENT":"f.696EFCE712E801319DC54DDC19215679.d.2D1E9E8D3C7CF5D90A3BD2D3BC97746C.e.10436"}]}
COMMAND: GET /session/06820c29678f15015ffe824e569d7d5a/screenshot - {}
]]></system-out>
    </testcase>
    <testcase classname="chrome.136_0_7103_93.windows.Provide_to_Site_w/_warehouse_management_wo_clarification" name="Should provide to site" time="36.833">
      <system-out><![CDATA[
COMMAND: POST /session/06820c29678f15015ffe824e569d7d5a/element - {"using":"xpath","value":"//button[@data-kt=\"provideButton\"]"}
RESULT: {}
RESULT: {"using":"xpath","value":"//button[@data-kt=\"provideButton\"]"}
COMMAND: POST /session/06820c29678f15015ffe824e569d7d5a/element/f.696EFCE712E801319DC54DDC19215679.d.2D1E9E8D3C7CF5D90A3BD2D3BC97746C.e.10437/click - {}
RESULT: {}
COMMAND: GET /session/06820c29678f15015ffe824e569d7d5a/screenshot - {}
RESULT: undefined
COMMAND: POST /session/06820c29678f15015ffe824e569d7d5a/execute/async - {"script":"<script> [6424 bytes]","args":[{"element-6066-11e4-a52e-4f735466cecf":"f.696EFCE712E801319DC54DDC19215679.d.2D1E9E8D3C7CF5D90A3BD2D3BC97746C.e.9304"},"setValue",["05/19/25"]]}
RESULT: {}
COMMAND: POST /session/06820c29678f15015ffe824e569d7d5a/execute/async - {"script":"<script> [1562 bytes]","args":[{"selector":{"id":"application-managehandovers-display-component---AddNewHO--dueDate","interaction":{"idSuffix":"inner"}},"wdio_ui5_key":"applicationmanagehandovers-display-component---AddNewHO--dueDate"}]}
RESULT: {"script":"<script> [1562 bytes]","args":[{"selector":{"id":"application-managehandovers-display-component---AddNewHO--dueDate","interaction":{"idSuffix":"inner"}},"wdio_ui5_key":"applicationmanagehandovers-display-component---AddNewHO--dueDate"}]}
COMMAND: POST /session/06820c29678f15015ffe824e569d7d5a/execute/async - {"script":"<script> [6424 bytes]","args":[{"element-6066-11e4-a52e-4f735466cecf":"f.696EFCE712E801319DC54DDC19215679.d.2D1E9E8D3C7CF5D90A3BD2D3BC97746C.e.10494"},"setValue",["05/19/25"]]}
RESULT: {"script":"<script> [6424 bytes]","args":[{"element-6066-11e4-a52e-4f735466cecf":"f.696EFCE712E801319DC54DDC19215679.d.2D1E9E8D3C7CF5D90A3BD2D3BC97746C.e.10494"},"setValue",["05/19/25"]]}
COMMAND: POST /session/06820c29678f15015ffe824e569d7d5a/element - {"using":"xpath","value":"//bdi[contains(text(), \"Instructions\")]"}
RESULT: {"using":"xpath","value":"//bdi[contains(text(), \"Instructions\")]"}
COMMAND: POST /session/06820c29678f15015ffe824e569d7d5a/element/f.696EFCE712E801319DC54DDC19215679.d.2D1E9E8D3C7CF5D90A3BD2D3BC97746C.e.10727/click - {}
RESULT: {}
COMMAND: GET /session/06820c29678f15015ffe824e569d7d5a/screenshot - {}
RESULT: {}
COMMAND: POST /session/06820c29678f15015ffe824e569d7d5a/element - {"using":"xpath","value":"//button[@data-kt=\"AddNewHOProvideAddItemsButton\"]"}
RESULT: {"using":"xpath","value":"//button[@data-kt=\"AddNewHOProvideAddItemsButton\"]"}
COMMAND: POST /session/06820c29678f15015ffe824e569d7d5a/element/f.696EFCE712E801319DC54DDC19215679.d.2D1E9E8D3C7CF5D90A3BD2D3BC97746C.e.10731/click - {}
RESULT: {}
COMMAND: GET /session/06820c29678f15015ffe824e569d7d5a/screenshot - {}
RESULT: {}
RESULT: undefined
COMMAND: POST /session/06820c29678f15015ffe824e569d7d5a/element - {"using":"xpath","value":"//*[@id=\"application-managehandovers-display-component---AddNewHO--popup-sa\"]"}
RESULT: {"using":"xpath","value":"//*[@id=\"application-managehandovers-display-component---AddNewHO--popup-sa\"]"}
COMMAND: POST /session/06820c29678f15015ffe824e569d7d5a/element/f.696EFCE712E801319DC54DDC19215679.d.2D1E9E8D3C7CF5D90A3BD2D3BC97746C.e.10740/click - {}
RESULT: {}
COMMAND: GET /session/06820c29678f15015ffe824e569d7d5a/screenshot - {}
RESULT: {}
COMMAND: POST /session/06820c29678f15015ffe824e569d7d5a/element - {"using":"xpath","value":"//*[contains(@id ,\"BDI-content\")][contains(text(), \"Select\")]"}
RESULT: {"using":"xpath","value":"//*[contains(@id ,\"BDI-content\")][contains(text(), \"Select\")]"}
COMMAND: POST /session/06820c29678f15015ffe824e569d7d5a/element/f.696EFCE712E801319DC54DDC19215679.d.2D1E9E8D3C7CF5D90A3BD2D3BC97746C.e.10742/click - {}
RESULT: {}
COMMAND: GET /session/06820c29678f15015ffe824e569d7d5a/screenshot - {}
RESULT: {}
COMMAND: POST /session/06820c29678f15015ffe824e569d7d5a/element - {"using":"xpath","value":"//bdi[(text() = 'Save' or . = 'Save')]"}
RESULT: {"using":"xpath","value":"//bdi[(text() = 'Save' or . = 'Save')]"}
COMMAND: POST /session/06820c29678f15015ffe824e569d7d5a/element/f.696EFCE712E801319DC54DDC19215679.d.2D1E9E8D3C7CF5D90A3BD2D3BC97746C.e.10745/click - {}
RESULT: {}
COMMAND: GET /session/06820c29678f15015ffe824e569d7d5a/screenshot - {}
RESULT: {}
]]></system-out>
    </testcase>
    <testcase classname="chrome.136_0_7103_93.windows.Provide_to_Site_w/_warehouse_management_wo_clarification" name="Should Test for Handover Execution" time="142.784">
      <system-out><![CDATA[
COMMAND: POST /session/06820c29678f15015ffe824e569d7d5a/execute/async - {"script":"<script> [1562 bytes]","args":[{"selector":{"controlType":"sap.m.Link","viewName":"etm.portal.ui.managehandovers.view.DetailExecuteHO","bindingPath":{"path":"","propertyPath":"/wmDoc","modelName":"warehouseMovModel"}},"wdio_ui5_key":"etmportal.ui.managehandovers.view.DetailExecuteHOsap.m.Link{\"path\":\"\",\"propertyPath\":\"/wmDoc\",\"modelName\":\"warehouseMovModel\"}"}]}
RESULT: {"script":"<script> [1562 bytes]","args":[{"selector":{"controlType":"sap.m.Link","viewName":"etm.portal.ui.managehandovers.view.DetailExecuteHO","bindingPath":{"path":"","propertyPath":"/wmDoc","modelName":"warehouseMovModel"}},"wdio_ui5_key":"etmportal.ui.managehandovers.view.DetailExecuteHOsap.m.Link{\"path\":\"\",\"propertyPath\":\"/wmDoc\",\"modelName\":\"warehouseMovModel\"}"}]}
RESULT: undefined
COMMAND: POST /session/06820c29678f15015ffe824e569d7d5a/element - {"using":"xpath","value":"//*[@id=\"__link81\"]"}
RESULT: {"using":"xpath","value":"//*[@id=\"__link81\"]"}
COMMAND: POST /session/06820c29678f15015ffe824e569d7d5a/element/f.696EFCE712E801319DC54DDC19215679.d.2D1E9E8D3C7CF5D90A3BD2D3BC97746C.e.10778/click - {}
RESULT: {}
COMMAND: GET /session/06820c29678f15015ffe824e569d7d5a/screenshot - {}
RESULT: {}
COMMAND: POST /session/06820c29678f15015ffe824e569d7d5a/execute/async - {"script":"<script> [1562 bytes]","args":[{"selector":{"controlType":"sap.m.Link","viewName":"etm.portal.ui.managehandovers.view.DetailExecuteHO","properties":{"text":"Warehouse Overview"},"searchOpenDialogs":true},"wdio_ui5_key":"etmportal.ui.managehandovers.view.DetailExecuteHOsap.m.Link{\"text\":\"Warehouse Overview\"}"}]}
RESULT: {"script":"<script> [1562 bytes]","args":[{"selector":{"controlType":"sap.m.Link","viewName":"etm.portal.ui.managehandovers.view.DetailExecuteHO","properties":{"text":"Warehouse Overview"},"searchOpenDialogs":true},"wdio_ui5_key":"etmportal.ui.managehandovers.view.DetailExecuteHOsap.m.Link{\"text\":\"Warehouse Overview\"}"}]}
RESULT: undefined
COMMAND: POST /session/06820c29678f15015ffe824e569d7d5a/element - {"using":"xpath","value":"//*[@id=\"__link96\"]"}
RESULT: {"using":"xpath","value":"//*[@id=\"__link96\"]"}
COMMAND: POST /session/06820c29678f15015ffe824e569d7d5a/element/f.696EFCE712E801319DC54DDC19215679.d.2D1E9E8D3C7CF5D90A3BD2D3BC97746C.e.10782/click - {}
RESULT: {}
COMMAND: GET /session/06820c29678f15015ffe824e569d7d5a/screenshot - {}
RESULT: {}
COMMAND: POST /session/06820c29678f15015ffe824e569d7d5a/execute/async - {"script":"<script> [1562 bytes]","args":[{"selector":{"controlType":"sap.m.Button","viewName":"etm.portal.ui.warehousemovements.view.DisplayMovement","viewId":"application-warehousemovements-display-component---displayMovement","i18NText":{"propertyName":"text","key":"execution"},"interaction":{"idSuffix":"BDI-content"}},"wdio_ui5_key":"etmportal.ui.warehousemovements.view.DisplayMovementsap.m.Button{\"propertyName\":\"text\",\"key\":\"execution\"}"}]}
RESULT: {"script":"<script> [1562 bytes]","args":[{"selector":{"controlType":"sap.m.Button","viewName":"etm.portal.ui.warehousemovements.view.DisplayMovement","viewId":"application-warehousemovements-display-component---displayMovement","i18NText":{"propertyName":"text","key":"execution"},"interaction":{"idSuffix":"BDI-content"}},"wdio_ui5_key":"etmportal.ui.warehousemovements.view.DisplayMovementsap.m.Button{\"propertyName\":\"text\",\"key\":\"execution\"}"}]}
RESULT: undefined
COMMAND: POST /session/06820c29678f15015ffe824e569d7d5a/element - {"using":"xpath","value":"//*[@id=\"__button219\"]"}
RESULT: {"using":"xpath","value":"//*[@id=\"__button219\"]"}
COMMAND: POST /session/06820c29678f15015ffe824e569d7d5a/element/f.696EFCE712E801319DC54DDC19215679.d.2D1E9E8D3C7CF5D90A3BD2D3BC97746C.e.10892/click - {}
RESULT: {}
COMMAND: GET /session/06820c29678f15015ffe824e569d7d5a/screenshot - {}
RESULT: {}
COMMAND: POST /session/06820c29678f15015ffe824e569d7d5a/execute/async - {"script":"<script> [1562 bytes]","args":[{"selector":{"controlType":"sap.m.Button","viewName":"etm.portal.ui.warehousemovements.view.ExecuteMovement","viewId":"application-warehousemovements-display-component---executeMovement","properties":{"text":"Items"},"interaction":{"idSuffix":"BDI-content"}},"wdio_ui5_key":"etmportal.ui.warehousemovements.view.ExecuteMovementsap.m.Button{\"text\":\"Items\"}"}]}
RESULT: {"script":"<script> [1562 bytes]","args":[{"selector":{"controlType":"sap.m.Button","viewName":"etm.portal.ui.warehousemovements.view.ExecuteMovement","viewId":"application-warehousemovements-display-component---executeMovement","properties":{"text":"Items"},"interaction":{"idSuffix":"BDI-content"}},"wdio_ui5_key":"etmportal.ui.warehousemovements.view.ExecuteMovementsap.m.Button{\"text\":\"Items\"}"}]}
RESULT: undefined
COMMAND: POST /session/06820c29678f15015ffe824e569d7d5a/element - {"using":"xpath","value":"//*[@id=\"__layout353-anchBar-application-warehousemovements-display-component---executeMovement--itemsSection-anchor\"]"}
RESULT: {"using":"xpath","value":"//*[@id=\"__layout353-anchBar-application-warehousemovements-display-component---executeMovement--itemsSection-anchor\"]"}
COMMAND: POST /session/06820c29678f15015ffe824e569d7d5a/element/f.696EFCE712E801319DC54DDC19215679.d.2D1E9E8D3C7CF5D90A3BD2D3BC97746C.e.11003/click - {}
RESULT: {}
COMMAND: GET /session/06820c29678f15015ffe824e569d7d5a/screenshot - {}
RESULT: {}
COMMAND: POST /session/06820c29678f15015ffe824e569d7d5a/execute/async - {"script":"<script> [1562 bytes]","args":[{"selector":{"controlType":"sap.m.ToggleButton","viewName":"etm.portal.ui.warehousemovements.view.ExecuteMovement","viewId":"application-warehousemovements-display-component---executeMovement","bindingPath":{"propertyPath":"STATUS","modelName":"catalogModel"},"interaction":{"idSuffix":"BDI-content"}},"wdio_ui5_key":"etmportal.ui.warehousemovements.view.ExecuteMovementsap.m.ToggleButton{\"propertyPath\":\"STATUS\",\"modelName\":\"catalogModel\"}"}]}
RESULT: {"script":"<script> [1562 bytes]","args":[{"selector":{"controlType":"sap.m.ToggleButton","viewName":"etm.portal.ui.warehousemovements.view.ExecuteMovement","viewId":"application-warehousemovements-display-component---executeMovement","bindingPath":{"propertyPath":"STATUS","modelName":"catalogModel"},"interaction":{"idSuffix":"BDI-content"}},"wdio_ui5_key":"etmportal.ui.warehousemovements.view.ExecuteMovementsap.m.ToggleButton{\"propertyPath\":\"STATUS\",\"modelName\":\"catalogModel\"}"}]}
RESULT: undefined
COMMAND: POST /session/06820c29678f15015ffe824e569d7d5a/element - {"using":"xpath","value":"//*[@id=\"__button242-__clone3397\"]"}
RESULT: {"using":"xpath","value":"//*[@id=\"__button242-__clone3397\"]"}
COMMAND: POST /session/06820c29678f15015ffe824e569d7d5a/element/f.696EFCE712E801319DC54DDC19215679.d.2D1E9E8D3C7CF5D90A3BD2D3BC97746C.e.10975/click - {}
RESULT: {}
RESULT: undefined
COMMAND: POST /session/06820c29678f15015ffe824e569d7d5a/element - {"using":"xpath","value":"//*[@id=\"__button242-__clone3397\"]"}
COMMAND: GET /session/06820c29678f15015ffe824e569d7d5a/screenshot - {}
RESULT: {"using":"xpath","value":"//*[@id=\"__button242-__clone3397\"]"}
COMMAND: POST /session/06820c29678f15015ffe824e569d7d5a/element/f.696EFCE712E801319DC54DDC19215679.d.2D1E9E8D3C7CF5D90A3BD2D3BC97746C.e.10975/click - {}
RESULT: {}
RESULT: {}
COMMAND: GET /session/06820c29678f15015ffe824e569d7d5a/screenshot - {}
RESULT: {}
RESULT: undefined
COMMAND: POST /session/06820c29678f15015ffe824e569d7d5a/execute/async - {"script":"<script> [6424 bytes]","args":[{"element-6066-11e4-a52e-4f735466cecf":"f.696EFCE712E801319DC54DDC19215679.d.2D1E9E8D3C7CF5D90A3BD2D3BC97746C.e.11008"},"getText",[]]}
RESULT: {"script":"<script> [6424 bytes]","args":[{"element-6066-11e4-a52e-4f735466cecf":"f.696EFCE712E801319DC54DDC19215679.d.2D1E9E8D3C7CF5D90A3BD2D3BC97746C.e.11008"},"getText",[]]}
COMMAND: POST /session/06820c29678f15015ffe824e569d7d5a/element - {"using":"xpath","value":"//section[contains(@id,\"FC-NoHead\")]/div[1]/div[5]/div[2]/span"}
RESULT: {"using":"xpath","value":"//section[contains(@id,\"FC-NoHead\")]/div[1]/div[5]/div[2]/span"}
COMMAND: POST /session/06820c29678f15015ffe824e569d7d5a/elements - {"using":"xpath","value":"//section[contains(@id,\"FC-NoHead\")]/div[1]/div[5]/div[2]/span"}
RESULT: {"using":"xpath","value":"//section[contains(@id,\"FC-NoHead\")]/div[1]/div[5]/div[2]/span"}
COMMAND: POST /session/06820c29678f15015ffe824e569d7d5a/execute/sync - {"script":"<script> [56 bytes]","args":[{"element-6066-11e4-a52e-4f735466cecf":"f.696EFCE712E801319DC54DDC19215679.d.2D1E9E8D3C7CF5D90A3BD2D3BC97746C.e.11010","ELEMENT":"f.696EFCE712E801319DC54DDC19215679.d.2D1E9E8D3C7CF5D90A3BD2D3BC97746C.e.11010"}]}
RESULT: {"script":"<script> [56 bytes]","args":[{"element-6066-11e4-a52e-4f735466cecf":"f.696EFCE712E801319DC54DDC19215679.d.2D1E9E8D3C7CF5D90A3BD2D3BC97746C.e.11010","ELEMENT":"f.696EFCE712E801319DC54DDC19215679.d.2D1E9E8D3C7CF5D90A3BD2D3BC97746C.e.11010"}]}
COMMAND: POST /session/06820c29678f15015ffe824e569d7d5a/actions - {"actions":[{"id":"action35","type":"key","parameters":{},"actions":[{"type":"keyDown","value":"î€‡"},{"type":"pause","duration":10},{"type":"keyUp","value":"î€‡"}]}]}
COMMAND: GET /session/06820c29678f15015ffe824e569d7d5a/screenshot - {}
RESULT: {"actions":[{"id":"action35","type":"key","parameters":{},"actions":[{"type":"keyDown","value":"î€‡"},{"type":"pause","duration":10},{"type":"keyUp","value":"î€‡"}]}]}
COMMAND: POST /session/06820c29678f15015ffe824e569d7d5a/execute/async - {"script":"<script> [1562 bytes]","args":[{"selector":{"id":"application-warehousemovements-display-component---executeMovement--executeId","interaction":{"idSuffix":"BDI-content"}},"wdio_ui5_key":"applicationwarehousemovements-display-component---executeMovement--executeId"}]}
COMMAND: GET /session/06820c29678f15015ffe824e569d7d5a/screenshot - {}
RESULT: {}
RESULT: {"script":"<script> [1562 bytes]","args":[{"selector":{"id":"application-warehousemovements-display-component---executeMovement--executeId","interaction":{"idSuffix":"BDI-content"}},"wdio_ui5_key":"applicationwarehousemovements-display-component---executeMovement--executeId"}]}
RESULT: undefined
COMMAND: POST /session/06820c29678f15015ffe824e569d7d5a/element - {"using":"xpath","value":"//*[@id=\"application-warehousemovements-display-component---executeMovement--executeId\"]"}
RESULT: {}
RESULT: {"using":"xpath","value":"//*[@id=\"application-warehousemovements-display-component---executeMovement--executeId\"]"}
COMMAND: POST /session/06820c29678f15015ffe824e569d7d5a/element/f.696EFCE712E801319DC54DDC19215679.d.2D1E9E8D3C7CF5D90A3BD2D3BC97746C.e.10969/click - {}
RESULT: {}
COMMAND: GET /session/06820c29678f15015ffe824e569d7d5a/screenshot - {}
RESULT: {}
COMMAND: POST /session/06820c29678f15015ffe824e569d7d5a/element - {"using":"css selector","value":"#shell-header-logo"}
RESULT: {"using":"css selector","value":"#shell-header-logo"}
COMMAND: POST /session/06820c29678f15015ffe824e569d7d5a/element/f.696EFCE712E801319DC54DDC19215679.d.2D1E9E8D3C7CF5D90A3BD2D3BC97746C.e.9817/click - {}
RESULT: {}
COMMAND: GET /session/06820c29678f15015ffe824e569d7d5a/screenshot - {}
RESULT: {}
RESULT: undefined
COMMAND: POST /session/06820c29678f15015ffe824e569d7d5a/element - {"using":"xpath","value":"//*[@id=\"__tile132\"]"}
RESULT: {"using":"xpath","value":"//*[@id=\"__tile132\"]"}
COMMAND: POST /session/06820c29678f15015ffe824e569d7d5a/element/f.696EFCE712E801319DC54DDC19215679.d.2D1E9E8D3C7CF5D90A3BD2D3BC97746C.e.8286/click - {}
RESULT: {}
COMMAND: GET /session/06820c29678f15015ffe824e569d7d5a/screenshot - {}
RESULT: {}
COMMAND: POST /session/06820c29678f15015ffe824e569d7d5a/elements - {"using":"xpath","value":"//span[text()='Error']"}
RESULT: {"using":"xpath","value":"//span[text()='Error']"}
COMMAND: POST /session/06820c29678f15015ffe824e569d7d5a/execute/async - {"script":"<script> [1562 bytes]","args":[{"selector":{"controlType":"sap.m.SearchField","viewName":"etm.portal.ui.managehandovers.view.MasterHO","bindingPath":{"propertyPath":"/_BASIC_SEARCH_FIELD","modelName":"fi1t3rM0d31"},"interaction":{"idSuffix":"I"}},"wdio_ui5_key":"etmportal.ui.managehandovers.view.MasterHOsap.m.SearchField{\"propertyPath\":\"/_BASIC_SEARCH_FIELD\",\"modelName\":\"fi1t3rM0d31\"}"}]}
RESULT: {"script":"<script> [1562 bytes]","args":[{"selector":{"controlType":"sap.m.SearchField","viewName":"etm.portal.ui.managehandovers.view.MasterHO","bindingPath":{"propertyPath":"/_BASIC_SEARCH_FIELD","modelName":"fi1t3rM0d31"},"interaction":{"idSuffix":"I"}},"wdio_ui5_key":"etmportal.ui.managehandovers.view.MasterHOsap.m.SearchField{\"propertyPath\":\"/_BASIC_SEARCH_FIELD\",\"modelName\":\"fi1t3rM0d31\"}"}]}
RESULT: undefined
COMMAND: POST /session/06820c29678f15015ffe824e569d7d5a/execute/async - {"script":"<script> [776 bytes]","args":[{"enterText":"30752","selector":{"controlType":"sap.m.SearchField","viewName":"etm.portal.ui.managehandovers.view.MasterHO","bindingPath":{"propertyPath":"/_BASIC_SEARCH_FIELD","modelName":"fi1t3rM0d31"},"interaction":{"idSuffix":"I"}},"clearTextFirst":true,"interactionType":"ENTER_TEXT"}]}
RESULT: {"script":"<script> [776 bytes]","args":[{"enterText":"30752","selector":{"controlType":"sap.m.SearchField","viewName":"etm.portal.ui.managehandovers.view.MasterHO","bindingPath":{"propertyPath":"/_BASIC_SEARCH_FIELD","modelName":"fi1t3rM0d31"},"interaction":{"idSuffix":"I"}},"clearTextFirst":true,"interactionType":"ENTER_TEXT"}]}
COMMAND: POST /session/06820c29678f15015ffe824e569d7d5a/actions - {"actions":[{"id":"action36","type":"key","parameters":{},"actions":[{"type":"keyDown","value":"î€‡"},{"type":"pause","duration":10},{"type":"keyUp","value":"î€‡"}]}]}
RESULT: {"actions":[{"id":"action36","type":"key","parameters":{},"actions":[{"type":"keyDown","value":"î€‡"},{"type":"pause","duration":10},{"type":"keyUp","value":"î€‡"}]}]}
COMMAND: GET /session/06820c29678f15015ffe824e569d7d5a/screenshot - {}
RESULT: {}
COMMAND: POST /session/06820c29678f15015ffe824e569d7d5a/execute/async - {"script":"<script> [1562 bytes]","args":[{"selector":{"controlType":"sap.ui.core.Icon","viewName":"etm.portal.ui.managehandovers.view.MasterHO","properties":{"src":{"regex":{"source":"slim\\-arrow\\-right"}}}},"wdio_ui5_key":"etmportal.ui.managehandovers.view.MasterHOsap.ui.core.Icon{\"src\":{\"regex\":{\"source\":\"slim\\\\-arrow\\\\-right\"}}}"}]}
RESULT: {"script":"<script> [1562 bytes]","args":[{"selector":{"controlType":"sap.ui.core.Icon","viewName":"etm.portal.ui.managehandovers.view.MasterHO","properties":{"src":{"regex":{"source":"slim\\-arrow\\-right"}}}},"wdio_ui5_key":"etmportal.ui.managehandovers.view.MasterHOsap.ui.core.Icon{\"src\":{\"regex\":{\"source\":\"slim\\\\-arrow\\\\-right\"}}}"}]}
RESULT: undefined
COMMAND: POST /session/06820c29678f15015ffe824e569d7d5a/element - {"using":"xpath","value":"//*[@id=\"__item1815-__clone3476-imgNav\"]"}
RESULT: {"using":"xpath","value":"//*[@id=\"__item1815-__clone3476-imgNav\"]"}
COMMAND: POST /session/06820c29678f15015ffe824e569d7d5a/element/f.696EFCE712E801319DC54DDC19215679.d.2D1E9E8D3C7CF5D90A3BD2D3BC97746C.e.11200/click - {}
RESULT: {}
COMMAND: GET /session/06820c29678f15015ffe824e569d7d5a/screenshot - {}
RESULT: {}
COMMAND: POST /session/06820c29678f15015ffe824e569d7d5a/execute/async - {"script":"<script> [1562 bytes]","args":[{"selector":{"controlType":"sap.m.Button","viewName":"etm.portal.ui.managehandovers.view.DetailExecuteHO","i18NText":{"propertyName":"text","key":"confirmAll"},"interaction":{"idSuffix":"BDI-content"}},"wdio_ui5_key":"etmportal.ui.managehandovers.view.DetailExecuteHOsap.m.Button{\"propertyName\":\"text\",\"key\":\"confirmAll\"}"}]}
RESULT: {"script":"<script> [1562 bytes]","args":[{"selector":{"controlType":"sap.m.Button","viewName":"etm.portal.ui.managehandovers.view.DetailExecuteHO","i18NText":{"propertyName":"text","key":"confirmAll"},"interaction":{"idSuffix":"BDI-content"}},"wdio_ui5_key":"etmportal.ui.managehandovers.view.DetailExecuteHOsap.m.Button{\"propertyName\":\"text\",\"key\":\"confirmAll\"}"}]}
RESULT: undefined
COMMAND: POST /session/06820c29678f15015ffe824e569d7d5a/element - {"using":"xpath","value":"//*[@id=\"__button280\"]"}
RESULT: {"using":"xpath","value":"//*[@id=\"__button280\"]"}
COMMAND: POST /session/06820c29678f15015ffe824e569d7d5a/element/f.696EFCE712E801319DC54DDC19215679.d.2D1E9E8D3C7CF5D90A3BD2D3BC97746C.e.11283/click - {}
RESULT: {}
COMMAND: GET /session/06820c29678f15015ffe824e569d7d5a/screenshot - {}
RESULT: {}
COMMAND: POST /session/06820c29678f15015ffe824e569d7d5a/actions - {"actions":[{"id":"action37","type":"key","parameters":{},"actions":[{"type":"keyDown","value":"î€‡"},{"type":"pause","duration":10},{"type":"keyUp","value":"î€‡"}]}]}
RESULT: {"actions":[{"id":"action37","type":"key","parameters":{},"actions":[{"type":"keyDown","value":"î€‡"},{"type":"pause","duration":10},{"type":"keyUp","value":"î€‡"}]}]}
COMMAND: GET /session/06820c29678f15015ffe824e569d7d5a/screenshot - {}
RESULT: {}
COMMAND: POST /session/06820c29678f15015ffe824e569d7d5a/element - {"using":"xpath","value":"//button[@data-kt=\"execHoIssueButton\"]"}
RESULT: {"using":"xpath","value":"//button[@data-kt=\"execHoIssueButton\"]"}
COMMAND: POST /session/06820c29678f15015ffe824e569d7d5a/element/f.696EFCE712E801319DC54DDC19215679.d.2D1E9E8D3C7CF5D90A3BD2D3BC97746C.e.11292/click - {}
RESULT: {}
COMMAND: GET /session/06820c29678f15015ffe824e569d7d5a/screenshot - {}
RESULT: {}
RESULT: undefined
COMMAND: POST /session/06820c29678f15015ffe824e569d7d5a/execute/async - {"script":"<script> [776 bytes]","args":[{"enterText":"30752","selector":{"controlType":"sap.m.SearchField","viewName":"etm.portal.ui.managehandovers.view.MasterHO","bindingPath":{"propertyPath":"/_BASIC_SEARCH_FIELD","modelName":"fi1t3rM0d31"},"interaction":{"idSuffix":"I"}},"clearTextFirst":true,"interactionType":"ENTER_TEXT"}]}
RESULT: {"script":"<script> [776 bytes]","args":[{"enterText":"30752","selector":{"controlType":"sap.m.SearchField","viewName":"etm.portal.ui.managehandovers.view.MasterHO","bindingPath":{"propertyPath":"/_BASIC_SEARCH_FIELD","modelName":"fi1t3rM0d31"},"interaction":{"idSuffix":"I"}},"clearTextFirst":true,"interactionType":"ENTER_TEXT"}]}
COMMAND: POST /session/06820c29678f15015ffe824e569d7d5a/actions - {"actions":[{"id":"action38","type":"key","parameters":{},"actions":[{"type":"keyDown","value":"î€‡"},{"type":"pause","duration":10},{"type":"keyUp","value":"î€‡"}]}]}
RESULT: {"actions":[{"id":"action38","type":"key","parameters":{},"actions":[{"type":"keyDown","value":"î€‡"},{"type":"pause","duration":10},{"type":"keyUp","value":"î€‡"}]}]}
COMMAND: GET /session/06820c29678f15015ffe824e569d7d5a/screenshot - {}
RESULT: {}
COMMAND: POST /session/06820c29678f15015ffe824e569d7d5a/element - {"using":"xpath","value":"//span[(text() = '30752' or . = '30752')]"}
RESULT: {"using":"xpath","value":"//span[(text() = '30752' or . = '30752')]"}
COMMAND: POST /session/06820c29678f15015ffe824e569d7d5a/element/f.696EFCE712E801319DC54DDC19215679.d.2D1E9E8D3C7CF5D90A3BD2D3BC97746C.e.11335/click - {}
RESULT: {}
COMMAND: GET /session/06820c29678f15015ffe824e569d7d5a/screenshot - {}
RESULT: {}
COMMAND: POST /session/06820c29678f15015ffe824e569d7d5a/element - {"using":"xpath","value":"//span[contains(text(), \"Instructions\")]"}
RESULT: {"using":"xpath","value":"//span[contains(text(), \"Instructions\")]"}
COMMAND: POST /session/06820c29678f15015ffe824e569d7d5a/element/f.696EFCE712E801319DC54DDC19215679.d.2D1E9E8D3C7CF5D90A3BD2D3BC97746C.e.11376/click - {}
RESULT: {}
COMMAND: GET /session/06820c29678f15015ffe824e569d7d5a/screenshot - {}
RESULT: {}
COMMAND: POST /session/06820c29678f15015ffe824e569d7d5a/element - {"using":"xpath","value":"//span[contains(text(), \"Instructions\")]"}
RESULT: {"using":"xpath","value":"//span[contains(text(), \"Instructions\")]"}
COMMAND: POST /session/06820c29678f15015ffe824e569d7d5a/element/f.696EFCE712E801319DC54DDC19215679.d.2D1E9E8D3C7CF5D90A3BD2D3BC97746C.e.11376/click - {}
RESULT: {}
COMMAND: GET /session/06820c29678f15015ffe824e569d7d5a/screenshot - {}
RESULT: {}
COMMAND: POST /session/06820c29678f15015ffe824e569d7d5a/execute/async - {"script":"<script> [1562 bytes]","args":[{"selector":{"controlType":"sap.m.ComboBox","viewName":"etm.portal.ui.managehandovers.view.DetailExecuteHO","bindingPath":{"propertyPath":"RECEIVING_SECTION","modelName":"catalogModel"},"interaction":{"idSuffix":"inner"}},"wdio_ui5_key":"etmportal.ui.managehandovers.view.DetailExecuteHOsap.m.ComboBox{\"propertyPath\":\"RECEIVING_SECTION\",\"modelName\":\"catalogModel\"}"}]}
RESULT: {"script":"<script> [1562 bytes]","args":[{"selector":{"controlType":"sap.m.ComboBox","viewName":"etm.portal.ui.managehandovers.view.DetailExecuteHO","bindingPath":{"propertyPath":"RECEIVING_SECTION","modelName":"catalogModel"},"interaction":{"idSuffix":"inner"}},"wdio_ui5_key":"etmportal.ui.managehandovers.view.DetailExecuteHOsap.m.ComboBox{\"propertyPath\":\"RECEIVING_SECTION\",\"modelName\":\"catalogModel\"}"}]}
RESULT: undefined
COMMAND: POST /session/06820c29678f15015ffe824e569d7d5a/execute/async - {"script":"<script> [776 bytes]","args":[{"enterText":"WDIO-2278","selector":{"controlType":"sap.m.ComboBox","viewName":"etm.portal.ui.managehandovers.view.DetailExecuteHO","bindingPath":{"propertyPath":"RECEIVING_SECTION","modelName":"catalogModel"},"interaction":{"idSuffix":"inner"}},"clearTextFirst":true,"interactionType":"ENTER_TEXT"}]}
RESULT: {"script":"<script> [776 bytes]","args":[{"enterText":"WDIO-2278","selector":{"controlType":"sap.m.ComboBox","viewName":"etm.portal.ui.managehandovers.view.DetailExecuteHO","bindingPath":{"propertyPath":"RECEIVING_SECTION","modelName":"catalogModel"},"interaction":{"idSuffix":"inner"}},"clearTextFirst":true,"interactionType":"ENTER_TEXT"}]}
COMMAND: POST /session/06820c29678f15015ffe824e569d7d5a/actions - {"actions":[{"id":"action39","type":"key","parameters":{},"actions":[{"type":"keyDown","value":"î€‡"},{"type":"pause","duration":10},{"type":"keyUp","value":"î€‡"}]}]}
RESULT: {"actions":[{"id":"action39","type":"key","parameters":{},"actions":[{"type":"keyDown","value":"î€‡"},{"type":"pause","duration":10},{"type":"keyUp","value":"î€‡"}]}]}
COMMAND: GET /session/06820c29678f15015ffe824e569d7d5a/screenshot - {}
RESULT: {}
COMMAND: POST /session/06820c29678f15015ffe824e569d7d5a/element - {"using":"xpath","value":"//button[@data-kt= \"execHoReceiveButton\"]"}
RESULT: {"using":"xpath","value":"//button[@data-kt= \"execHoReceiveButton\"]"}
COMMAND: POST /session/06820c29678f15015ffe824e569d7d5a/element/f.696EFCE712E801319DC54DDC19215679.d.2D1E9E8D3C7CF5D90A3BD2D3BC97746C.e.11381/click - {}
RESULT: {}
COMMAND: GET /session/06820c29678f15015ffe824e569d7d5a/screenshot - {}
RESULT: {}
COMMAND: POST /session/06820c29678f15015ffe824e569d7d5a/execute/async - {"script":"<script> [1562 bytes]","args":[{"selector":{"controlType":"sap.m.Button","properties":{"text":"Continue"},"searchOpenDialogs":true,"interaction":{"idSuffix":"content"}},"wdio_ui5_key":"sapm.Button{\"text\":\"Continue\"}"}]}
RESULT: {"script":"<script> [1562 bytes]","args":[{"selector":{"controlType":"sap.m.Button","properties":{"text":"Continue"},"searchOpenDialogs":true,"interaction":{"idSuffix":"content"}},"wdio_ui5_key":"sapm.Button{\"text\":\"Continue\"}"}]}
RESULT: undefined
COMMAND: POST /session/06820c29678f15015ffe824e569d7d5a/element - {"using":"xpath","value":"//*[@id=\"__mbox-btn-6\"]"}
RESULT: {"using":"xpath","value":"//*[@id=\"__mbox-btn-6\"]"}
COMMAND: POST /session/06820c29678f15015ffe824e569d7d5a/element/f.696EFCE712E801319DC54DDC19215679.d.2D1E9E8D3C7CF5D90A3BD2D3BC97746C.e.11382/click - {}
RESULT: {}
COMMAND: GET /session/06820c29678f15015ffe824e569d7d5a/screenshot - {}
RESULT: {}
COMMAND: POST /session/06820c29678f15015ffe824e569d7d5a/element - {"using":"css selector","value":"#shell-header-logo"}
RESULT: {"using":"css selector","value":"#shell-header-logo"}
COMMAND: POST /session/06820c29678f15015ffe824e569d7d5a/element/f.696EFCE712E801319DC54DDC19215679.d.2D1E9E8D3C7CF5D90A3BD2D3BC97746C.e.11075/click - {}
RESULT: {}
COMMAND: GET /session/06820c29678f15015ffe824e569d7d5a/screenshot - {}
RESULT: {}
COMMAND: POST /session/06820c29678f15015ffe824e569d7d5a/element - {"using":"css selector","value":"#j_username"}
COMMAND: POST /session/06820c29678f15015ffe824e569d7d5a/url - {"url":"https://qa-testing-00-live-etm-ui.cfapps.eu10-004.hana.ondemand.com/"}
RESULT: {"using":"css selector","value":"#j_username"}
COMMAND: POST /session/06820c29678f15015ffe824e569d7d5a/element - {"using":"css selector","value":"#j_username"}
RESULT: {"url":"https://qa-testing-00-live-etm-ui.cfapps.eu10-004.hana.ondemand.com/"}
RESULT: undefined
COMMAND: GET /session/06820c29678f15015ffe824e569d7d5a/screenshot - {}
RESULT: {"using":"css selector","value":"#j_username"}
COMMAND: POST /session/06820c29678f15015ffe824e569d7d5a/element - {"using":"css selector","value":"#shell-header-logo"}
RESULT: {}
RESULT: {"using":"css selector","value":"#shell-header-logo"}
COMMAND: POST /session/06820c29678f15015ffe824e569d7d5a/execute/sync - {"script":"<script> [8489 bytes]","args":[{"element-6066-11e4-a52e-4f735466cecf":"f.696EFCE712E801319DC54DDC19215679.d.37B31E838506234205DC321501B17414.e.11435","ELEMENT":"f.696EFCE712E801319DC54DDC19215679.d.37B31E838506234205DC321501B17414.e.11435"}]}
RESULT: {"script":"<script> [8489 bytes]","args":[{"element-6066-11e4-a52e-4f735466cecf":"f.696EFCE712E801319DC54DDC19215679.d.37B31E838506234205DC321501B17414.e.11435","ELEMENT":"f.696EFCE712E801319DC54DDC19215679.d.37B31E838506234205DC321501B17414.e.11435"}]}
COMMAND: POST /session/06820c29678f15015ffe824e569d7d5a/element - {"using":"css selector","value":"#shell-header-logo"}
COMMAND: GET /session/06820c29678f15015ffe824e569d7d5a/screenshot - {}
RESULT: {"using":"css selector","value":"#shell-header-logo"}
COMMAND: POST /session/06820c29678f15015ffe824e569d7d5a/execute/sync - {"script":"<script> [8489 bytes]","args":[{"element-6066-11e4-a52e-4f735466cecf":"f.696EFCE712E801319DC54DDC19215679.d.37B31E838506234205DC321501B17414.e.11435","ELEMENT":"f.696EFCE712E801319DC54DDC19215679.d.37B31E838506234205DC321501B17414.e.11435"}]}
RESULT: {}
RESULT: {"script":"<script> [8489 bytes]","args":[{"element-6066-11e4-a52e-4f735466cecf":"f.696EFCE712E801319DC54DDC19215679.d.37B31E838506234205DC321501B17414.e.11435","ELEMENT":"f.696EFCE712E801319DC54DDC19215679.d.37B31E838506234205DC321501B17414.e.11435"}]}
COMMAND: POST /session/06820c29678f15015ffe824e569d7d5a/execute/sync - {"script":"<script> [5351 bytes]","args":[{"element-6066-11e4-a52e-4f735466cecf":"f.696EFCE712E801319DC54DDC19215679.d.37B31E838506234205DC321501B17414.e.11435","ELEMENT":"f.696EFCE712E801319DC54DDC19215679.d.37B31E838506234205DC321501B17414.e.11435"}]}
COMMAND: GET /session/06820c29678f15015ffe824e569d7d5a/screenshot - {}
RESULT: {}
RESULT: {"script":"<script> [5351 bytes]","args":[{"element-6066-11e4-a52e-4f735466cecf":"f.696EFCE712E801319DC54DDC19215679.d.37B31E838506234205DC321501B17414.e.11435","ELEMENT":"f.696EFCE712E801319DC54DDC19215679.d.37B31E838506234205DC321501B17414.e.11435"}]}
COMMAND: POST /session/06820c29678f15015ffe824e569d7d5a/element - {"using":"css selector","value":"#shell-header-logo"}
COMMAND: GET /session/06820c29678f15015ffe824e569d7d5a/screenshot - {}
RESULT: {"using":"css selector","value":"#shell-header-logo"}
COMMAND: POST /session/06820c29678f15015ffe824e569d7d5a/element/f.696EFCE712E801319DC54DDC19215679.d.37B31E838506234205DC321501B17414.e.11435/click - {}
RESULT: {}
RESULT: {}
COMMAND: GET /session/06820c29678f15015ffe824e569d7d5a/screenshot - {}
RESULT: {}
COMMAND: POST /session/06820c29678f15015ffe824e569d7d5a/execute/async - {"script":"<script> [189 bytes]","args":[]}
RESULT: {"script":"<script> [189 bytes]","args":[]}
COMMAND: POST /session/06820c29678f15015ffe824e569d7d5a/execute/async - {"script":"<script> [123 bytes]","args":[]}
RESULT: {"script":"<script> [123 bytes]","args":[]}
COMMAND: POST /session/06820c29678f15015ffe824e569d7d5a/timeouts - {"script":"<number>"}
RESULT: {"script":"<number>"}
COMMAND: GET /session/06820c29678f15015ffe824e569d7d5a/timeouts - {}
RESULT: {}
RESULT: undefined
COMMAND: POST /session/06820c29678f15015ffe824e569d7d5a/execute/async - {"script":"<script> [2676 bytes]","args":[]}
RESULT: {"script":"<script> [2676 bytes]","args":[]}
COMMAND: POST /session/06820c29678f15015ffe824e569d7d5a/execute/async - {"script":"<script> [2342 bytes]","args":[{"protocol":"http","hostname":"0.0.0.0","path":"/","capabilities":{"browserName":"chrome","goog:chromeOptions":{"binary":"C:\\Program Files\\Google\\Chrome\\Application\\chrome.exe","args":["--start-maximized"]}},"logLevel":"warn","connectionRetryTimeout":120000,"connectionRetryCount":3,"logLevels":{},"enableDirectConnect":true,"strictSSL":true,"_":"65 more keys: [\"cacheDir\",\"port\",\"requestedCapabilities\",\"automationProtocol\",\"baseUrl\",\"waitforInterval\",\"waitforTimeout\",\"onReload\",\"beforeCommand\",\"afterCommand\",\"rootDir\",\"specs\",\"suites\",\"exclude\",\"groupLogsByTestSpec\",\"excludeDriverLogs\",\"bail\",\"framework\",\"reporters\",\"services\",\"maxInstances\",\"maxInstancesPerCapability\",\"injectGlobals\",\"filesToWatch\",\"execArgv\",\"runnerEnv\",\"runner\",\"shard\",\"specFileRetries\",\"specFileRetriesDelay\",\"specFileRetriesDeferred\",\"reporterSyncInterval\",\"reporterSyncTimeout\",\"cucumberFeaturesWithLineNumbers\",\"autoCompileOpts\",\"mochaOpts\",\"jasmineOpts\",\"cucumberOpts\",\"onPrepare\",\"onWorkerStart\",\"onWorkerEnd\",\"before\",\"beforeSession\",\"beforeSuite\",\"beforeHook\",\"beforeTest\",\"afterTest\",\"afterHook\",\"afterSuite\",\"afterSession\",\"after\",\"onComplete\",\"beforeAssertion\",\"afterAssertion\",\"beforeFeature\",\"beforeScenario\",\"beforeStep\",\"afterStep\",\"afterScenario\",\"afterFeature\",\"_\",\"suite\",\"$0\",\"ignoredWorkerServices\",\"wdi5\"]"}]}
RESULT: {"script":"<script> [2342 bytes]","args":[{"protocol":"http","hostname":"0.0.0.0","path":"/","capabilities":{"browserName":"chrome","goog:chromeOptions":{"binary":"C:\\Program Files\\Google\\Chrome\\Application\\chrome.exe","args":["--start-maximized"]}},"logLevel":"warn","connectionRetryTimeout":120000,"connectionRetryCount":3,"logLevels":{},"enableDirectConnect":true,"strictSSL":true,"_":"65 more keys: [\"cacheDir\",\"port\",\"requestedCapabilities\",\"automationProtocol\",\"baseUrl\",\"waitforInterval\",\"waitforTimeout\",\"onReload\",\"beforeCommand\",\"afterCommand\",\"rootDir\",\"specs\",\"suites\",\"exclude\",\"groupLogsByTestSpec\",\"excludeDriverLogs\",\"bail\",\"framework\",\"reporters\",\"services\",\"maxInstances\",\"maxInstancesPerCapability\",\"injectGlobals\",\"filesToWatch\",\"execArgv\",\"runnerEnv\",\"runner\",\"shard\",\"specFileRetries\",\"specFileRetriesDelay\",\"specFileRetriesDeferred\",\"reporterSyncInterval\",\"reporterSyncTimeout\",\"cucumberFeaturesWithLineNumbers\",\"autoCompileOpts\",\"mochaOpts\",\"jasmineOpts\",\"cucumberOpts\",\"onPrepare\",\"onWorkerStart\",\"onWorkerEnd\",\"before\",\"beforeSession\",\"beforeSuite\",\"beforeHook\",\"beforeTest\",\"afterTest\",\"afterHook\",\"afterSuite\",\"afterSession\",\"after\",\"onComplete\",\"beforeAssertion\",\"afterAssertion\",\"beforeFeature\",\"beforeScenario\",\"beforeStep\",\"afterStep\",\"afterScenario\",\"afterFeature\",\"_\",\"suite\",\"$0\",\"ignoredWorkerServices\",\"wdi5\"]"}]}
COMMAND: POST /session/06820c29678f15015ffe824e569d7d5a/execute/async - {"script":"<script> [21126 bytes]","args":[35000]}
RESULT: {"script":"<script> [21126 bytes]","args":[35000]}
COMMAND: POST /session/06820c29678f15015ffe824e569d7d5a/window/maximize - {}
RESULT: {}
COMMAND: POST /session/06820c29678f15015ffe824e569d7d5a/execute/async - {"script":"<script> [1562 bytes]","args":[{"selector":{"id":"shell-header","interaction":{"idSuffix":"icon"}},"wdio_ui5_key":"shellheader"}]}
COMMAND: GET /session/06820c29678f15015ffe824e569d7d5a/screenshot - {}
RESULT: {"script":"<script> [1562 bytes]","args":[{"selector":{"id":"shell-header","interaction":{"idSuffix":"icon"}},"wdio_ui5_key":"shellheader"}]}
RESULT: undefined
COMMAND: POST /session/06820c29678f15015ffe824e569d7d5a/window/fullscreen - {}
RESULT: {}
RESULT: {}
]]></system-out>
    </testcase>
  </testsuite>
  <testsuite timestamp="2025-05-19T16:51:00" time="435.755" tests="4" failures="0" errors="0" skipped="0">
    <properties>
      <property name="specId" value="0" />
      <property name="suiteName" value="Provide to Site w/o warehouse management w/ clarification US116605" />
      <property name="capabilities" value="chrome.136_0_7103_93.windows" />
      <property name="file" value="file:///D:/a/1/s/test/specs/HTR/provide-to-site-wo-warehouse-w-clarification.spec.js" />
    </properties>
    <testcase classname="chrome.136_0_7103_93.windows.Provide_to_Site_w/o_warehouse_management_w/_clarification_US116605" name="Should create a new yard" time="127.803">
      <system-out><![CDATA[
COMMAND: POST /session/06820c29678f15015ffe824e569d7d5a/window/fullscreen - {}
RESULT: {}
COMMAND: POST /session/06820c29678f15015ffe824e569d7d5a/execute/async - {"script":"<script> [1562 bytes]","args":[{"selector":{"controlType":"sap.m.GenericTile","properties":{"header":"Manage Yards"}},"wdio_ui5_key":"sapm.GenericTile{\"header\":\"Manage Yards\"}"}]}
RESULT: {"script":"<script> [1562 bytes]","args":[{"selector":{"controlType":"sap.m.GenericTile","properties":{"header":"Manage Yards"}},"wdio_ui5_key":"sapm.GenericTile{\"header\":\"Manage Yards\"}"}]}
RESULT: undefined
COMMAND: POST /session/06820c29678f15015ffe824e569d7d5a/element - {"using":"xpath","value":"//*[@id=\"__tile33\"]"}
RESULT: {"using":"xpath","value":"//*[@id=\"__tile33\"]"}
COMMAND: POST /session/06820c29678f15015ffe824e569d7d5a/element/f.696EFCE712E801319DC54DDC19215679.d.37B31E838506234205DC321501B17414.e.11463/click - {}
RESULT: {}
COMMAND: GET /session/06820c29678f15015ffe824e569d7d5a/screenshot - {}
RESULT: {}
COMMAND: POST /session/06820c29678f15015ffe824e569d7d5a/elements - {"using":"xpath","value":"//span[text()='Error']"}
RESULT: {"using":"xpath","value":"//span[text()='Error']"}
COMMAND: POST /session/06820c29678f15015ffe824e569d7d5a/element - {"using":"xpath","value":"//button[@data-kt=\"addNewYardOverflowToolbarButton\"]"}
RESULT: {"using":"xpath","value":"//button[@data-kt=\"addNewYardOverflowToolbarButton\"]"}
COMMAND: POST /session/06820c29678f15015ffe824e569d7d5a/elements - {"using":"xpath","value":"//button[@data-kt=\"addNewYardOverflowToolbarButton\"]"}
RESULT: {"using":"xpath","value":"//button[@data-kt=\"addNewYardOverflowToolbarButton\"]"}
COMMAND: POST /session/06820c29678f15015ffe824e569d7d5a/elements - {"using":"xpath","value":"//button[@data-kt=\"addNewYardOverflowToolbarButton\"]"}
RESULT: {"using":"xpath","value":"//button[@data-kt=\"addNewYardOverflowToolbarButton\"]"}
COMMAND: POST /session/06820c29678f15015ffe824e569d7d5a/elements - {"using":"xpath","value":"//button[@data-kt=\"addNewYardOverflowToolbarButton\"]"}
RESULT: {"using":"xpath","value":"//button[@data-kt=\"addNewYardOverflowToolbarButton\"]"}
COMMAND: POST /session/06820c29678f15015ffe824e569d7d5a/elements - {"using":"xpath","value":"//button[@data-kt=\"addNewYardOverflowToolbarButton\"]"}
RESULT: {"using":"xpath","value":"//button[@data-kt=\"addNewYardOverflowToolbarButton\"]"}
COMMAND: POST /session/06820c29678f15015ffe824e569d7d5a/elements - {"using":"xpath","value":"//button[@data-kt=\"addNewYardOverflowToolbarButton\"]"}
RESULT: {"using":"xpath","value":"//button[@data-kt=\"addNewYardOverflowToolbarButton\"]"}
COMMAND: POST /session/06820c29678f15015ffe824e569d7d5a/elements - {"using":"xpath","value":"//button[@data-kt=\"addNewYardOverflowToolbarButton\"]"}
RESULT: {"using":"xpath","value":"//button[@data-kt=\"addNewYardOverflowToolbarButton\"]"}
COMMAND: POST /session/06820c29678f15015ffe824e569d7d5a/elements - {"using":"xpath","value":"//button[@data-kt=\"addNewYardOverflowToolbarButton\"]"}
RESULT: {"using":"xpath","value":"//button[@data-kt=\"addNewYardOverflowToolbarButton\"]"}
COMMAND: POST /session/06820c29678f15015ffe824e569d7d5a/elements - {"using":"xpath","value":"//button[@data-kt=\"addNewYardOverflowToolbarButton\"]"}
RESULT: {"using":"xpath","value":"//button[@data-kt=\"addNewYardOverflowToolbarButton\"]"}
COMMAND: POST /session/06820c29678f15015ffe824e569d7d5a/elements - {"using":"xpath","value":"//button[@data-kt=\"addNewYardOverflowToolbarButton\"]"}
RESULT: {"using":"xpath","value":"//button[@data-kt=\"addNewYardOverflowToolbarButton\"]"}
COMMAND: POST /session/06820c29678f15015ffe824e569d7d5a/elements - {"using":"xpath","value":"//button[@data-kt=\"addNewYardOverflowToolbarButton\"]"}
RESULT: {"using":"xpath","value":"//button[@data-kt=\"addNewYardOverflowToolbarButton\"]"}
COMMAND: POST /session/06820c29678f15015ffe824e569d7d5a/elements - {"using":"xpath","value":"//button[@data-kt=\"addNewYardOverflowToolbarButton\"]"}
RESULT: {"using":"xpath","value":"//button[@data-kt=\"addNewYardOverflowToolbarButton\"]"}
COMMAND: POST /session/06820c29678f15015ffe824e569d7d5a/elements - {"using":"xpath","value":"//button[@data-kt=\"addNewYardOverflowToolbarButton\"]"}
RESULT: {"using":"xpath","value":"//button[@data-kt=\"addNewYardOverflowToolbarButton\"]"}
COMMAND: POST /session/06820c29678f15015ffe824e569d7d5a/elements - {"using":"xpath","value":"//button[@data-kt=\"addNewYardOverflowToolbarButton\"]"}
RESULT: {"using":"xpath","value":"//button[@data-kt=\"addNewYardOverflowToolbarButton\"]"}
COMMAND: POST /session/06820c29678f15015ffe824e569d7d5a/elements - {"using":"xpath","value":"//button[@data-kt=\"addNewYardOverflowToolbarButton\"]"}
RESULT: {"using":"xpath","value":"//button[@data-kt=\"addNewYardOverflowToolbarButton\"]"}
COMMAND: POST /session/06820c29678f15015ffe824e569d7d5a/elements - {"using":"xpath","value":"//button[@data-kt=\"addNewYardOverflowToolbarButton\"]"}
RESULT: {"using":"xpath","value":"//button[@data-kt=\"addNewYardOverflowToolbarButton\"]"}
COMMAND: POST /session/06820c29678f15015ffe824e569d7d5a/element - {"using":"xpath","value":"//button[@data-kt=\"addNewYardOverflowToolbarButton\"]"}
RESULT: {"using":"xpath","value":"//button[@data-kt=\"addNewYardOverflowToolbarButton\"]"}
COMMAND: POST /session/06820c29678f15015ffe824e569d7d5a/execute/sync - {"script":"<script> [8489 bytes]","args":[{"element-6066-11e4-a52e-4f735466cecf":"f.696EFCE712E801319DC54DDC19215679.d.37B31E838506234205DC321501B17414.e.11587","ELEMENT":"f.696EFCE712E801319DC54DDC19215679.d.37B31E838506234205DC321501B17414.e.11587"}]}
RESULT: {"script":"<script> [8489 bytes]","args":[{"element-6066-11e4-a52e-4f735466cecf":"f.696EFCE712E801319DC54DDC19215679.d.37B31E838506234205DC321501B17414.e.11587","ELEMENT":"f.696EFCE712E801319DC54DDC19215679.d.37B31E838506234205DC321501B17414.e.11587"}]}
COMMAND: GET /session/06820c29678f15015ffe824e569d7d5a/element/f.696EFCE712E801319DC54DDC19215679.d.37B31E838506234205DC321501B17414.e.11587/enabled - {}
COMMAND: GET /session/06820c29678f15015ffe824e569d7d5a/screenshot - {}
RESULT: {}
COMMAND: POST /session/06820c29678f15015ffe824e569d7d5a/execute/sync - {"script":"<script> [8489 bytes]","args":[{"element-6066-11e4-a52e-4f735466cecf":"f.696EFCE712E801319DC54DDC19215679.d.37B31E838506234205DC321501B17414.e.11587","ELEMENT":"f.696EFCE712E801319DC54DDC19215679.d.37B31E838506234205DC321501B17414.e.11587"}]}
COMMAND: GET /session/06820c29678f15015ffe824e569d7d5a/screenshot - {}
RESULT: {}
RESULT: {"script":"<script> [8489 bytes]","args":[{"element-6066-11e4-a52e-4f735466cecf":"f.696EFCE712E801319DC54DDC19215679.d.37B31E838506234205DC321501B17414.e.11587","ELEMENT":"f.696EFCE712E801319DC54DDC19215679.d.37B31E838506234205DC321501B17414.e.11587"}]}
COMMAND: POST /session/06820c29678f15015ffe824e569d7d5a/execute/sync - {"script":"<script> [5351 bytes]","args":[{"element-6066-11e4-a52e-4f735466cecf":"f.696EFCE712E801319DC54DDC19215679.d.37B31E838506234205DC321501B17414.e.11587","ELEMENT":"f.696EFCE712E801319DC54DDC19215679.d.37B31E838506234205DC321501B17414.e.11587"}]}
COMMAND: GET /session/06820c29678f15015ffe824e569d7d5a/screenshot - {}
RESULT: {}
RESULT: {"script":"<script> [5351 bytes]","args":[{"element-6066-11e4-a52e-4f735466cecf":"f.696EFCE712E801319DC54DDC19215679.d.37B31E838506234205DC321501B17414.e.11587","ELEMENT":"f.696EFCE712E801319DC54DDC19215679.d.37B31E838506234205DC321501B17414.e.11587"}]}
COMMAND: POST /session/06820c29678f15015ffe824e569d7d5a/element/f.696EFCE712E801319DC54DDC19215679.d.37B31E838506234205DC321501B17414.e.11587/click - {}
COMMAND: GET /session/06820c29678f15015ffe824e569d7d5a/screenshot - {}
RESULT: {}
RESULT: {}
COMMAND: GET /session/06820c29678f15015ffe824e569d7d5a/screenshot - {}
RESULT: {}
COMMAND: POST /session/06820c29678f15015ffe824e569d7d5a/element - {"using":"xpath","value":"//input[@id=\"application-manageyards-display-component---NewYard--yardId-inner\"]"}
RESULT: {}
RESULT: {"using":"xpath","value":"//input[@id=\"application-manageyards-display-component---NewYard--yardId-inner\"]"}
COMMAND: POST /session/06820c29678f15015ffe824e569d7d5a/element - {"using":"xpath","value":"//input[@id=\"application-manageyards-display-component---NewYard--yardId-inner\"]"}
RESULT: {"using":"xpath","value":"//input[@id=\"application-manageyards-display-component---NewYard--yardId-inner\"]"}
COMMAND: POST /session/06820c29678f15015ffe824e569d7d5a/execute/async - {"script":"<script> [1562 bytes]","args":[{"selector":{"id":"application-manageyards-display-component---NewYard--addressDetailDetailsName1","interaction":{"idSuffix":"inner"}},"wdio_ui5_key":"applicationmanageyards-display-component---NewYard--addressDetailDetailsName1"}]}
RESULT: {"script":"<script> [1562 bytes]","args":[{"selector":{"id":"application-manageyards-display-component---NewYard--addressDetailDetailsName1","interaction":{"idSuffix":"inner"}},"wdio_ui5_key":"applicationmanageyards-display-component---NewYard--addressDetailDetailsName1"}]}
RESULT: undefined
COMMAND: POST /session/06820c29678f15015ffe824e569d7d5a/execute/async - {"script":"<script> [776 bytes]","args":[{"enterText":"Other Yard WDIO","selector":{"id":"application-manageyards-display-component---NewYard--addressDetailDetailsName1","interaction":{"idSuffix":"inner"}},"clearTextFirst":true,"interactionType":"ENTER_TEXT"}]}
RESULT: {"script":"<script> [776 bytes]","args":[{"enterText":"Other Yard WDIO","selector":{"id":"application-manageyards-display-component---NewYard--addressDetailDetailsName1","interaction":{"idSuffix":"inner"}},"clearTextFirst":true,"interactionType":"ENTER_TEXT"}]}
COMMAND: POST /session/06820c29678f15015ffe824e569d7d5a/execute/async - {"script":"<script> [1562 bytes]","args":[{"selector":{"id":"application-manageyards-display-component---NewYard--addressDetailDetailsLanguage-arrow"},"wdio_ui5_key":"applicationmanageyards-display-component---NewYard--addressDetailDetailsLanguage-arrow"}]}
RESULT: {"script":"<script> [1562 bytes]","args":[{"selector":{"id":"application-manageyards-display-component---NewYard--addressDetailDetailsLanguage-arrow"},"wdio_ui5_key":"applicationmanageyards-display-component---NewYard--addressDetailDetailsLanguage-arrow"}]}
RESULT: undefined
COMMAND: POST /session/06820c29678f15015ffe824e569d7d5a/element - {"using":"xpath","value":"//*[@id=\"application-manageyards-display-component---NewYard--addressDetailDetailsLanguage-arrow\"]"}
RESULT: {"using":"xpath","value":"//*[@id=\"application-manageyards-display-component---NewYard--addressDetailDetailsLanguage-arrow\"]"}
COMMAND: POST /session/06820c29678f15015ffe824e569d7d5a/element/f.696EFCE712E801319DC54DDC19215679.d.37B31E838506234205DC321501B17414.e.12021/click - {}
RESULT: {}
COMMAND: POST /session/06820c29678f15015ffe824e569d7d5a/element - {"using":"xpath","value":"//span[contains(text(), \"English\")]"}
COMMAND: GET /session/06820c29678f15015ffe824e569d7d5a/screenshot - {}
RESULT: {"using":"xpath","value":"//span[contains(text(), \"English\")]"}
COMMAND: POST /session/06820c29678f15015ffe824e569d7d5a/element/f.696EFCE712E801319DC54DDC19215679.d.37B31E838506234205DC321501B17414.e.12022/click - {}
RESULT: {}
RESULT: {}
COMMAND: POST /session/06820c29678f15015ffe824e569d7d5a/execute/async - {"script":"<script> [1562 bytes]","args":[{"selector":{"id":"application-manageyards-display-component---NewYard--addressDetailDetailsCity1","interaction":{"idSuffix":"inner"}},"wdio_ui5_key":"applicationmanageyards-display-component---NewYard--addressDetailDetailsCity1"}]}
COMMAND: GET /session/06820c29678f15015ffe824e569d7d5a/screenshot - {}
RESULT: {"script":"<script> [1562 bytes]","args":[{"selector":{"id":"application-manageyards-display-component---NewYard--addressDetailDetailsCity1","interaction":{"idSuffix":"inner"}},"wdio_ui5_key":"applicationmanageyards-display-component---NewYard--addressDetailDetailsCity1"}]}
RESULT: undefined
COMMAND: POST /session/06820c29678f15015ffe824e569d7d5a/execute/async - {"script":"<script> [776 bytes]","args":[{"enterText":"Rosario","selector":{"id":"application-manageyards-display-component---NewYard--addressDetailDetailsCity1","interaction":{"idSuffix":"inner"}},"clearTextFirst":true,"interactionType":"ENTER_TEXT"}]}
RESULT: {}
RESULT: {"script":"<script> [776 bytes]","args":[{"enterText":"Rosario","selector":{"id":"application-manageyards-display-component---NewYard--addressDetailDetailsCity1","interaction":{"idSuffix":"inner"}},"clearTextFirst":true,"interactionType":"ENTER_TEXT"}]}
COMMAND: POST /session/06820c29678f15015ffe824e569d7d5a/execute/async - {"script":"<script> [1562 bytes]","args":[{"selector":{"id":"application-manageyards-display-component---NewYard--addressDetailDetailsCountry-arrow"},"wdio_ui5_key":"applicationmanageyards-display-component---NewYard--addressDetailDetailsCountry-arrow"}]}
RESULT: {"script":"<script> [1562 bytes]","args":[{"selector":{"id":"application-manageyards-display-component---NewYard--addressDetailDetailsCountry-arrow"},"wdio_ui5_key":"applicationmanageyards-display-component---NewYard--addressDetailDetailsCountry-arrow"}]}
RESULT: undefined
COMMAND: POST /session/06820c29678f15015ffe824e569d7d5a/element - {"using":"xpath","value":"//*[@id=\"application-manageyards-display-component---NewYard--addressDetailDetailsCountry-arrow\"]"}
RESULT: {"using":"xpath","value":"//*[@id=\"application-manageyards-display-component---NewYard--addressDetailDetailsCountry-arrow\"]"}
COMMAND: POST /session/06820c29678f15015ffe824e569d7d5a/element/f.696EFCE712E801319DC54DDC19215679.d.37B31E838506234205DC321501B17414.e.12024/click - {}
RESULT: {}
COMMAND: POST /session/06820c29678f15015ffe824e569d7d5a/element - {"using":"xpath","value":"//span[contains(text(), \"Argentina\")]"}
COMMAND: GET /session/06820c29678f15015ffe824e569d7d5a/screenshot - {}
RESULT: {"using":"xpath","value":"//span[contains(text(), \"Argentina\")]"}
COMMAND: POST /session/06820c29678f15015ffe824e569d7d5a/element/f.696EFCE712E801319DC54DDC19215679.d.37B31E838506234205DC321501B17414.e.12025/click - {}
RESULT: {}
RESULT: {}
COMMAND: POST /session/06820c29678f15015ffe824e569d7d5a/execute/async - {"script":"<script> [1562 bytes]","args":[{"selector":{"id":"application-manageyards-display-component---NewYard--addressEditDetailsCostObjectCstType-arrow"},"wdio_ui5_key":"applicationmanageyards-display-component---NewYard--addressEditDetailsCostObjectCstType-arrow"}]}
COMMAND: GET /session/06820c29678f15015ffe824e569d7d5a/screenshot - {}
RESULT: {"script":"<script> [1562 bytes]","args":[{"selector":{"id":"application-manageyards-display-component---NewYard--addressEditDetailsCostObjectCstType-arrow"},"wdio_ui5_key":"applicationmanageyards-display-component---NewYard--addressEditDetailsCostObjectCstType-arrow"}]}
RESULT: undefined
COMMAND: POST /session/06820c29678f15015ffe824e569d7d5a/element - {"using":"xpath","value":"//*[@id=\"application-manageyards-display-component---NewYard--addressEditDetailsCostObjectCstType-arrow\"]"}
RESULT: {}
RESULT: {"using":"xpath","value":"//*[@id=\"application-manageyards-display-component---NewYard--addressEditDetailsCostObjectCstType-arrow\"]"}
COMMAND: POST /session/06820c29678f15015ffe824e569d7d5a/element/f.696EFCE712E801319DC54DDC19215679.d.37B31E838506234205DC321501B17414.e.12027/click - {}
RESULT: {}
COMMAND: POST /session/06820c29678f15015ffe824e569d7d5a/element - {"using":"xpath","value":"//span[contains(text(), \"Cost Center\")]"}
COMMAND: GET /session/06820c29678f15015ffe824e569d7d5a/screenshot - {}
RESULT: {"using":"xpath","value":"//span[contains(text(), \"Cost Center\")]"}
COMMAND: POST /session/06820c29678f15015ffe824e569d7d5a/element/f.696EFCE712E801319DC54DDC19215679.d.37B31E838506234205DC321501B17414.e.12028/click - {}
RESULT: {}
RESULT: {}
COMMAND: GET /session/06820c29678f15015ffe824e569d7d5a/screenshot - {}
RESULT: {}
COMMAND: POST /session/06820c29678f15015ffe824e569d7d5a/element - {"using":"xpath","value":"//span[@id=\"application-manageyards-display-component---NewYard--addressNewCostObjectCstID-vhi\"]"}
RESULT: {"using":"xpath","value":"//span[@id=\"application-manageyards-display-component---NewYard--addressNewCostObjectCstID-vhi\"]"}
COMMAND: POST /session/06820c29678f15015ffe824e569d7d5a/execute/sync - {"script":"<script> [8489 bytes]","args":[{"element-6066-11e4-a52e-4f735466cecf":"f.696EFCE712E801319DC54DDC19215679.d.37B31E838506234205DC321501B17414.e.12032","ELEMENT":"f.696EFCE712E801319DC54DDC19215679.d.37B31E838506234205DC321501B17414.e.12032"}]}
RESULT: {"script":"<script> [8489 bytes]","args":[{"element-6066-11e4-a52e-4f735466cecf":"f.696EFCE712E801319DC54DDC19215679.d.37B31E838506234205DC321501B17414.e.12032","ELEMENT":"f.696EFCE712E801319DC54DDC19215679.d.37B31E838506234205DC321501B17414.e.12032"}]}
COMMAND: POST /session/06820c29678f15015ffe824e569d7d5a/execute/async - {"script":"<script> [1562 bytes]","args":[{"selector":{"id":"application-manageyards-display-component---NewYard--addressNewCostObjectCstID-vhi"},"wdio_ui5_key":"applicationmanageyards-display-component---NewYard--addressNewCostObjectCstID-vhi"}]}
COMMAND: GET /session/06820c29678f15015ffe824e569d7d5a/screenshot - {}
RESULT: {"script":"<script> [1562 bytes]","args":[{"selector":{"id":"application-manageyards-display-component---NewYard--addressNewCostObjectCstID-vhi"},"wdio_ui5_key":"applicationmanageyards-display-component---NewYard--addressNewCostObjectCstID-vhi"}]}
RESULT: undefined
COMMAND: POST /session/06820c29678f15015ffe824e569d7d5a/element - {"using":"xpath","value":"//*[@id=\"application-manageyards-display-component---NewYard--addressNewCostObjectCstID-vhi\"]"}
RESULT: {}
RESULT: {"using":"xpath","value":"//*[@id=\"application-manageyards-display-component---NewYard--addressNewCostObjectCstID-vhi\"]"}
COMMAND: POST /session/06820c29678f15015ffe824e569d7d5a/element/f.696EFCE712E801319DC54DDC19215679.d.37B31E838506234205DC321501B17414.e.12032/click - {}
RESULT: {}
COMMAND: GET /session/06820c29678f15015ffe824e569d7d5a/screenshot - {}
RESULT: {}
COMMAND: POST /session/06820c29678f15015ffe824e569d7d5a/execute/async - {"script":"<script> [1562 bytes]","args":[{"selector":{"controlType":"sap.m.SearchField","properties":{"placeholder":"Search"},"searchOpenDialogs":true,"interaction":{"idSuffix":"I"}},"wdio_ui5_key":"sapm.SearchField{\"placeholder\":\"Search\"}"}]}
RESULT: {"script":"<script> [1562 bytes]","args":[{"selector":{"controlType":"sap.m.SearchField","properties":{"placeholder":"Search"},"searchOpenDialogs":true,"interaction":{"idSuffix":"I"}},"wdio_ui5_key":"sapm.SearchField{\"placeholder\":\"Search\"}"}]}
RESULT: undefined
COMMAND: POST /session/06820c29678f15015ffe824e569d7d5a/execute/async - {"script":"<script> [776 bytes]","args":[{"enterText":"bauh_b","selector":{"controlType":"sap.m.SearchField","properties":{"placeholder":"Search"},"searchOpenDialogs":true,"interaction":{"idSuffix":"I"}},"clearTextFirst":true,"interactionType":"ENTER_TEXT"}]}
RESULT: {"script":"<script> [776 bytes]","args":[{"enterText":"bauh_b","selector":{"controlType":"sap.m.SearchField","properties":{"placeholder":"Search"},"searchOpenDialogs":true,"interaction":{"idSuffix":"I"}},"clearTextFirst":true,"interactionType":"ENTER_TEXT"}]}
COMMAND: POST /session/06820c29678f15015ffe824e569d7d5a/actions - {"actions":[{"id":"action40","type":"key","parameters":{},"actions":[{"type":"keyDown","value":"î€‡"},{"type":"pause","duration":10},{"type":"keyUp","value":"î€‡"}]}]}
RESULT: {"actions":[{"id":"action40","type":"key","parameters":{},"actions":[{"type":"keyDown","value":"î€‡"},{"type":"pause","duration":10},{"type":"keyUp","value":"î€‡"}]}]}
COMMAND: GET /session/06820c29678f15015ffe824e569d7d5a/screenshot - {}
RESULT: {}
COMMAND: POST /session/06820c29678f15015ffe824e569d7d5a/element - {"using":"xpath","value":"//span[contains(text(), \"Demo Yard\")]"}
RESULT: {"using":"xpath","value":"//span[contains(text(), \"Demo Yard\")]"}
COMMAND: POST /session/06820c29678f15015ffe824e569d7d5a/element/f.696EFCE712E801319DC54DDC19215679.d.37B31E838506234205DC321501B17414.e.12073/click - {}
RESULT: {}
COMMAND: GET /session/06820c29678f15015ffe824e569d7d5a/screenshot - {}
RESULT: {}
COMMAND: POST /session/06820c29678f15015ffe824e569d7d5a/element - {"using":"xpath","value":"//bdi[contains(text(), \"OK\")]"}
RESULT: {"using":"xpath","value":"//bdi[contains(text(), \"OK\")]"}
COMMAND: POST /session/06820c29678f15015ffe824e569d7d5a/element/f.696EFCE712E801319DC54DDC19215679.d.37B31E838506234205DC321501B17414.e.12074/click - {}
RESULT: {}
COMMAND: GET /session/06820c29678f15015ffe824e569d7d5a/screenshot - {}
RESULT: {}
COMMAND: POST /session/06820c29678f15015ffe824e569d7d5a/execute/async - {"script":"<script> [1562 bytes]","args":[{"selector":{"id":"application-manageyards-display-component---NewYard--addressEditDetailsCurrency-arrow"},"wdio_ui5_key":"applicationmanageyards-display-component---NewYard--addressEditDetailsCurrency-arrow"}]}
RESULT: {"script":"<script> [1562 bytes]","args":[{"selector":{"id":"application-manageyards-display-component---NewYard--addressEditDetailsCurrency-arrow"},"wdio_ui5_key":"applicationmanageyards-display-component---NewYard--addressEditDetailsCurrency-arrow"}]}
RESULT: undefined
COMMAND: POST /session/06820c29678f15015ffe824e569d7d5a/element - {"using":"xpath","value":"//*[@id=\"application-manageyards-display-component---NewYard--addressEditDetailsCurrency-arrow\"]"}
RESULT: {"using":"xpath","value":"//*[@id=\"application-manageyards-display-component---NewYard--addressEditDetailsCurrency-arrow\"]"}
COMMAND: POST /session/06820c29678f15015ffe824e569d7d5a/element/f.696EFCE712E801319DC54DDC19215679.d.37B31E838506234205DC321501B17414.e.12077/click - {}
RESULT: {}
COMMAND: POST /session/06820c29678f15015ffe824e569d7d5a/element - {"using":"xpath","value":"//span[contains(text(), \"Euro\")]"}
COMMAND: GET /session/06820c29678f15015ffe824e569d7d5a/screenshot - {}
RESULT: {"using":"xpath","value":"//span[contains(text(), \"Euro\")]"}
COMMAND: POST /session/06820c29678f15015ffe824e569d7d5a/element/f.696EFCE712E801319DC54DDC19215679.d.37B31E838506234205DC321501B17414.e.12078/click - {}
RESULT: {}
RESULT: {}
COMMAND: POST /session/06820c29678f15015ffe824e569d7d5a/execute/async - {"script":"<script> [1562 bytes]","args":[{"selector":{"controlType":"sap.m.Input","viewName":"etm.portal.ui.manageyards.view.New","viewId":"application-manageyards-display-component---NewYard","bindingPath":{"path":"","propertyPath":"/CONTROLLING_AREA","modelName":"NewYardModel"},"interaction":{"idSuffix":"inner"}},"wdio_ui5_key":"etmportal.ui.manageyards.view.Newsap.m.Input{\"path\":\"\",\"propertyPath\":\"/CONTROLLING_AREA\",\"modelName\":\"NewYardModel\"}"}]}
COMMAND: GET /session/06820c29678f15015ffe824e569d7d5a/screenshot - {}
RESULT: {"script":"<script> [1562 bytes]","args":[{"selector":{"controlType":"sap.m.Input","viewName":"etm.portal.ui.manageyards.view.New","viewId":"application-manageyards-display-component---NewYard","bindingPath":{"path":"","propertyPath":"/CONTROLLING_AREA","modelName":"NewYardModel"},"interaction":{"idSuffix":"inner"}},"wdio_ui5_key":"etmportal.ui.manageyards.view.Newsap.m.Input{\"path\":\"\",\"propertyPath\":\"/CONTROLLING_AREA\",\"modelName\":\"NewYardModel\"}"}]}
RESULT: undefined
COMMAND: POST /session/06820c29678f15015ffe824e569d7d5a/execute/async - {"script":"<script> [776 bytes]","args":[{"enterText":"Z001","selector":{"controlType":"sap.m.Input","viewName":"etm.portal.ui.manageyards.view.New","viewId":"application-manageyards-display-component---NewYard","bindingPath":{"path":"","propertyPath":"/CONTROLLING_AREA","modelName":"NewYardModel"},"interaction":{"idSuffix":"inner"}},"clearTextFirst":true,"interactionType":"ENTER_TEXT"}]}
RESULT: {}
RESULT: {"script":"<script> [776 bytes]","args":[{"enterText":"Z001","selector":{"controlType":"sap.m.Input","viewName":"etm.portal.ui.manageyards.view.New","viewId":"application-manageyards-display-component---NewYard","bindingPath":{"path":"","propertyPath":"/CONTROLLING_AREA","modelName":"NewYardModel"},"interaction":{"idSuffix":"inner"}},"clearTextFirst":true,"interactionType":"ENTER_TEXT"}]}
COMMAND: POST /session/06820c29678f15015ffe824e569d7d5a/execute/async - {"script":"<script> [1562 bytes]","args":[{"selector":{"id":"application-manageyards-display-component---NewYard--companyCodeComboBox","interaction":{"idSuffix":"inner"}},"wdio_ui5_key":"applicationmanageyards-display-component---NewYard--companyCodeComboBox"}]}
RESULT: {"script":"<script> [1562 bytes]","args":[{"selector":{"id":"application-manageyards-display-component---NewYard--companyCodeComboBox","interaction":{"idSuffix":"inner"}},"wdio_ui5_key":"applicationmanageyards-display-component---NewYard--companyCodeComboBox"}]}
RESULT: undefined
COMMAND: POST /session/06820c29678f15015ffe824e569d7d5a/execute/async - {"script":"<script> [776 bytes]","args":[{"enterText":"1000","selector":{"id":"application-manageyards-display-component---NewYard--companyCodeComboBox","interaction":{"idSuffix":"inner"}},"clearTextFirst":true,"interactionType":"ENTER_TEXT"}]}
RESULT: {"script":"<script> [776 bytes]","args":[{"enterText":"1000","selector":{"id":"application-manageyards-display-component---NewYard--companyCodeComboBox","interaction":{"idSuffix":"inner"}},"clearTextFirst":true,"interactionType":"ENTER_TEXT"}]}
COMMAND: POST /session/06820c29678f15015ffe824e569d7d5a/execute/async - {"script":"<script> [1562 bytes]","args":[{"selector":{"controlType":"sap.m.Input","viewName":"etm.portal.ui.manageyards.view.New","viewId":"application-manageyards-display-component---NewYard","bindingPath":{"path":"","propertyPath":"/PLANT","modelName":"NewYardModel"},"interaction":{"idSuffix":"inner"}},"wdio_ui5_key":"etmportal.ui.manageyards.view.Newsap.m.Input{\"path\":\"\",\"propertyPath\":\"/PLANT\",\"modelName\":\"NewYardModel\"}"}]}
RESULT: {"script":"<script> [1562 bytes]","args":[{"selector":{"controlType":"sap.m.Input","viewName":"etm.portal.ui.manageyards.view.New","viewId":"application-manageyards-display-component---NewYard","bindingPath":{"path":"","propertyPath":"/PLANT","modelName":"NewYardModel"},"interaction":{"idSuffix":"inner"}},"wdio_ui5_key":"etmportal.ui.manageyards.view.Newsap.m.Input{\"path\":\"\",\"propertyPath\":\"/PLANT\",\"modelName\":\"NewYardModel\"}"}]}
RESULT: undefined
COMMAND: POST /session/06820c29678f15015ffe824e569d7d5a/execute/async - {"script":"<script> [776 bytes]","args":[{"enterText":"1001","selector":{"controlType":"sap.m.Input","viewName":"etm.portal.ui.manageyards.view.New","viewId":"application-manageyards-display-component---NewYard","bindingPath":{"path":"","propertyPath":"/PLANT","modelName":"NewYardModel"},"interaction":{"idSuffix":"inner"}},"clearTextFirst":true,"interactionType":"ENTER_TEXT"}]}
RESULT: {"script":"<script> [776 bytes]","args":[{"enterText":"1001","selector":{"controlType":"sap.m.Input","viewName":"etm.portal.ui.manageyards.view.New","viewId":"application-manageyards-display-component---NewYard","bindingPath":{"path":"","propertyPath":"/PLANT","modelName":"NewYardModel"},"interaction":{"idSuffix":"inner"}},"clearTextFirst":true,"interactionType":"ENTER_TEXT"}]}
COMMAND: POST /session/06820c29678f15015ffe824e569d7d5a/execute/async - {"script":"<script> [1562 bytes]","args":[{"selector":{"controlType":"sap.m.Input","viewName":"etm.portal.ui.manageyards.view.New","viewId":"application-manageyards-display-component---NewYard","bindingPath":{"path":"","propertyPath":"/SALES_AREA_VKORG","modelName":"NewYardModel"},"interaction":{"idSuffix":"inner"}},"wdio_ui5_key":"etmportal.ui.manageyards.view.Newsap.m.Input{\"path\":\"\",\"propertyPath\":\"/SALES_AREA_VKORG\",\"modelName\":\"NewYardModel\"}"}]}
RESULT: {"script":"<script> [1562 bytes]","args":[{"selector":{"controlType":"sap.m.Input","viewName":"etm.portal.ui.manageyards.view.New","viewId":"application-manageyards-display-component---NewYard","bindingPath":{"path":"","propertyPath":"/SALES_AREA_VKORG","modelName":"NewYardModel"},"interaction":{"idSuffix":"inner"}},"wdio_ui5_key":"etmportal.ui.manageyards.view.Newsap.m.Input{\"path\":\"\",\"propertyPath\":\"/SALES_AREA_VKORG\",\"modelName\":\"NewYardModel\"}"}]}
RESULT: undefined
COMMAND: POST /session/06820c29678f15015ffe824e569d7d5a/execute/async - {"script":"<script> [776 bytes]","args":[{"enterText":"C002","selector":{"controlType":"sap.m.Input","viewName":"etm.portal.ui.manageyards.view.New","viewId":"application-manageyards-display-component---NewYard","bindingPath":{"path":"","propertyPath":"/SALES_AREA_VKORG","modelName":"NewYardModel"},"interaction":{"idSuffix":"inner"}},"clearTextFirst":true,"interactionType":"ENTER_TEXT"}]}
RESULT: {"script":"<script> [776 bytes]","args":[{"enterText":"C002","selector":{"controlType":"sap.m.Input","viewName":"etm.portal.ui.manageyards.view.New","viewId":"application-manageyards-display-component---NewYard","bindingPath":{"path":"","propertyPath":"/SALES_AREA_VKORG","modelName":"NewYardModel"},"interaction":{"idSuffix":"inner"}},"clearTextFirst":true,"interactionType":"ENTER_TEXT"}]}
COMMAND: POST /session/06820c29678f15015ffe824e569d7d5a/execute/async - {"script":"<script> [1562 bytes]","args":[{"selector":{"controlType":"sap.m.Input","viewName":"etm.portal.ui.manageyards.view.New","viewId":"application-manageyards-display-component---NewYard","bindingPath":{"path":"","propertyPath":"/SALES_AREA_VTWEG","modelName":"NewYardModel"},"interaction":{"idSuffix":"inner"}},"wdio_ui5_key":"etmportal.ui.manageyards.view.Newsap.m.Input{\"path\":\"\",\"propertyPath\":\"/SALES_AREA_VTWEG\",\"modelName\":\"NewYardModel\"}"}]}
RESULT: {"script":"<script> [1562 bytes]","args":[{"selector":{"controlType":"sap.m.Input","viewName":"etm.portal.ui.manageyards.view.New","viewId":"application-manageyards-display-component---NewYard","bindingPath":{"path":"","propertyPath":"/SALES_AREA_VTWEG","modelName":"NewYardModel"},"interaction":{"idSuffix":"inner"}},"wdio_ui5_key":"etmportal.ui.manageyards.view.Newsap.m.Input{\"path\":\"\",\"propertyPath\":\"/SALES_AREA_VTWEG\",\"modelName\":\"NewYardModel\"}"}]}
RESULT: undefined
COMMAND: POST /session/06820c29678f15015ffe824e569d7d5a/execute/async - {"script":"<script> [776 bytes]","args":[{"enterText":"C2","selector":{"controlType":"sap.m.Input","viewName":"etm.portal.ui.manageyards.view.New","viewId":"application-manageyards-display-component---NewYard","bindingPath":{"path":"","propertyPath":"/SALES_AREA_VTWEG","modelName":"NewYardModel"},"interaction":{"idSuffix":"inner"}},"clearTextFirst":true,"interactionType":"ENTER_TEXT"}]}
RESULT: {"script":"<script> [776 bytes]","args":[{"enterText":"C2","selector":{"controlType":"sap.m.Input","viewName":"etm.portal.ui.manageyards.view.New","viewId":"application-manageyards-display-component---NewYard","bindingPath":{"path":"","propertyPath":"/SALES_AREA_VTWEG","modelName":"NewYardModel"},"interaction":{"idSuffix":"inner"}},"clearTextFirst":true,"interactionType":"ENTER_TEXT"}]}
COMMAND: POST /session/06820c29678f15015ffe824e569d7d5a/execute/async - {"script":"<script> [1562 bytes]","args":[{"selector":{"controlType":"sap.m.Input","viewName":"etm.portal.ui.manageyards.view.New","viewId":"application-manageyards-display-component---NewYard","bindingPath":{"path":"","propertyPath":"/SALES_AREA_SPART","modelName":"NewYardModel"},"interaction":{"idSuffix":"inner"}},"wdio_ui5_key":"etmportal.ui.manageyards.view.Newsap.m.Input{\"path\":\"\",\"propertyPath\":\"/SALES_AREA_SPART\",\"modelName\":\"NewYardModel\"}"}]}
RESULT: {"script":"<script> [1562 bytes]","args":[{"selector":{"controlType":"sap.m.Input","viewName":"etm.portal.ui.manageyards.view.New","viewId":"application-manageyards-display-component---NewYard","bindingPath":{"path":"","propertyPath":"/SALES_AREA_SPART","modelName":"NewYardModel"},"interaction":{"idSuffix":"inner"}},"wdio_ui5_key":"etmportal.ui.manageyards.view.Newsap.m.Input{\"path\":\"\",\"propertyPath\":\"/SALES_AREA_SPART\",\"modelName\":\"NewYardModel\"}"}]}
RESULT: undefined
COMMAND: POST /session/06820c29678f15015ffe824e569d7d5a/execute/async - {"script":"<script> [776 bytes]","args":[{"enterText":"C2","selector":{"controlType":"sap.m.Input","viewName":"etm.portal.ui.manageyards.view.New","viewId":"application-manageyards-display-component---NewYard","bindingPath":{"path":"","propertyPath":"/SALES_AREA_SPART","modelName":"NewYardModel"},"interaction":{"idSuffix":"inner"}},"clearTextFirst":true,"interactionType":"ENTER_TEXT"}]}
RESULT: {"script":"<script> [776 bytes]","args":[{"enterText":"C2","selector":{"controlType":"sap.m.Input","viewName":"etm.portal.ui.manageyards.view.New","viewId":"application-manageyards-display-component---NewYard","bindingPath":{"path":"","propertyPath":"/SALES_AREA_SPART","modelName":"NewYardModel"},"interaction":{"idSuffix":"inner"}},"clearTextFirst":true,"interactionType":"ENTER_TEXT"}]}
COMMAND: POST /session/06820c29678f15015ffe824e569d7d5a/execute/async - {"script":"<script> [1562 bytes]","args":[{"selector":{"controlType":"sap.m.Input","viewName":"etm.portal.ui.manageyards.view.New","viewId":"application-manageyards-display-component---NewYard","bindingPath":{"path":"","propertyPath":"/SHIP_POINT","modelName":"NewYardModel"},"interaction":{"idSuffix":"inner"}},"wdio_ui5_key":"etmportal.ui.manageyards.view.Newsap.m.Input{\"path\":\"\",\"propertyPath\":\"/SHIP_POINT\",\"modelName\":\"NewYardModel\"}"}]}
RESULT: {"script":"<script> [1562 bytes]","args":[{"selector":{"controlType":"sap.m.Input","viewName":"etm.portal.ui.manageyards.view.New","viewId":"application-manageyards-display-component---NewYard","bindingPath":{"path":"","propertyPath":"/SHIP_POINT","modelName":"NewYardModel"},"interaction":{"idSuffix":"inner"}},"wdio_ui5_key":"etmportal.ui.manageyards.view.Newsap.m.Input{\"path\":\"\",\"propertyPath\":\"/SHIP_POINT\",\"modelName\":\"NewYardModel\"}"}]}
RESULT: undefined
COMMAND: POST /session/06820c29678f15015ffe824e569d7d5a/execute/async - {"script":"<script> [776 bytes]","args":[{"enterText":"1710","selector":{"controlType":"sap.m.Input","viewName":"etm.portal.ui.manageyards.view.New","viewId":"application-manageyards-display-component---NewYard","bindingPath":{"path":"","propertyPath":"/SHIP_POINT","modelName":"NewYardModel"},"interaction":{"idSuffix":"inner"}},"clearTextFirst":true,"interactionType":"ENTER_TEXT"}]}
RESULT: {"script":"<script> [776 bytes]","args":[{"enterText":"1710","selector":{"controlType":"sap.m.Input","viewName":"etm.portal.ui.manageyards.view.New","viewId":"application-manageyards-display-component---NewYard","bindingPath":{"path":"","propertyPath":"/SHIP_POINT","modelName":"NewYardModel"},"interaction":{"idSuffix":"inner"}},"clearTextFirst":true,"interactionType":"ENTER_TEXT"}]}
COMMAND: POST /session/06820c29678f15015ffe824e569d7d5a/execute/async - {"script":"<script> [1562 bytes]","args":[{"selector":{"controlType":"sap.m.Input","viewName":"etm.portal.ui.manageyards.view.New","viewId":"application-manageyards-display-component---NewYard","bindingPath":{"path":"","propertyPath":"/DELIVERY_TYPE","modelName":"NewYardModel"},"interaction":{"idSuffix":"inner"}},"wdio_ui5_key":"etmportal.ui.manageyards.view.Newsap.m.Input{\"path\":\"\",\"propertyPath\":\"/DELIVERY_TYPE\",\"modelName\":\"NewYardModel\"}"}]}
RESULT: {"script":"<script> [1562 bytes]","args":[{"selector":{"controlType":"sap.m.Input","viewName":"etm.portal.ui.manageyards.view.New","viewId":"application-manageyards-display-component---NewYard","bindingPath":{"path":"","propertyPath":"/DELIVERY_TYPE","modelName":"NewYardModel"},"interaction":{"idSuffix":"inner"}},"wdio_ui5_key":"etmportal.ui.manageyards.view.Newsap.m.Input{\"path\":\"\",\"propertyPath\":\"/DELIVERY_TYPE\",\"modelName\":\"NewYardModel\"}"}]}
RESULT: undefined
COMMAND: POST /session/06820c29678f15015ffe824e569d7d5a/execute/async - {"script":"<script> [776 bytes]","args":[{"enterText":"ZL01","selector":{"controlType":"sap.m.Input","viewName":"etm.portal.ui.manageyards.view.New","viewId":"application-manageyards-display-component---NewYard","bindingPath":{"path":"","propertyPath":"/DELIVERY_TYPE","modelName":"NewYardModel"},"interaction":{"idSuffix":"inner"}},"clearTextFirst":true,"interactionType":"ENTER_TEXT"}]}
RESULT: {"script":"<script> [776 bytes]","args":[{"enterText":"ZL01","selector":{"controlType":"sap.m.Input","viewName":"etm.portal.ui.manageyards.view.New","viewId":"application-manageyards-display-component---NewYard","bindingPath":{"path":"","propertyPath":"/DELIVERY_TYPE","modelName":"NewYardModel"},"interaction":{"idSuffix":"inner"}},"clearTextFirst":true,"interactionType":"ENTER_TEXT"}]}
COMMAND: POST /session/06820c29678f15015ffe824e569d7d5a/execute/async - {"script":"<script> [1562 bytes]","args":[{"selector":{"controlType":"sap.m.Input","viewName":"etm.portal.ui.manageyards.view.New","viewId":"application-manageyards-display-component---NewYard","bindingPath":{"path":"","propertyPath":"/AUART","modelName":"NewYardModel"},"interaction":{"idSuffix":"inner"}},"wdio_ui5_key":"etmportal.ui.manageyards.view.Newsap.m.Input{\"path\":\"\",\"propertyPath\":\"/AUART\",\"modelName\":\"NewYardModel\"}"}]}
RESULT: {"script":"<script> [1562 bytes]","args":[{"selector":{"controlType":"sap.m.Input","viewName":"etm.portal.ui.manageyards.view.New","viewId":"application-manageyards-display-component---NewYard","bindingPath":{"path":"","propertyPath":"/AUART","modelName":"NewYardModel"},"interaction":{"idSuffix":"inner"}},"wdio_ui5_key":"etmportal.ui.manageyards.view.Newsap.m.Input{\"path\":\"\",\"propertyPath\":\"/AUART\",\"modelName\":\"NewYardModel\"}"}]}
RESULT: undefined
COMMAND: POST /session/06820c29678f15015ffe824e569d7d5a/execute/async - {"script":"<script> [776 bytes]","args":[{"enterText":"TA","selector":{"controlType":"sap.m.Input","viewName":"etm.portal.ui.manageyards.view.New","viewId":"application-manageyards-display-component---NewYard","bindingPath":{"path":"","propertyPath":"/AUART","modelName":"NewYardModel"},"interaction":{"idSuffix":"inner"}},"clearTextFirst":true,"interactionType":"ENTER_TEXT"}]}
RESULT: {"script":"<script> [776 bytes]","args":[{"enterText":"TA","selector":{"controlType":"sap.m.Input","viewName":"etm.portal.ui.manageyards.view.New","viewId":"application-manageyards-display-component---NewYard","bindingPath":{"path":"","propertyPath":"/AUART","modelName":"NewYardModel"},"interaction":{"idSuffix":"inner"}},"clearTextFirst":true,"interactionType":"ENTER_TEXT"}]}
COMMAND: POST /session/06820c29678f15015ffe824e569d7d5a/element - {"using":"xpath","value":"//button[@data-kt=\"newYardSaveButton\"]"}
RESULT: {"using":"xpath","value":"//button[@data-kt=\"newYardSaveButton\"]"}
COMMAND: POST /session/06820c29678f15015ffe824e569d7d5a/element/f.696EFCE712E801319DC54DDC19215679.d.37B31E838506234205DC321501B17414.e.11984/click - {}
RESULT: {}
COMMAND: GET /session/06820c29678f15015ffe824e569d7d5a/screenshot - {}
RESULT: {}
COMMAND: POST /session/06820c29678f15015ffe824e569d7d5a/element - {"using":"xpath","value":"//header[contains(@id, 'ObjectPageLayout-headerTitle')]/div[1]/div[2]/div[1]/span[1]"}
RESULT: {"using":"xpath","value":"//header[contains(@id, 'ObjectPageLayout-headerTitle')]/div[1]/div[2]/div[1]/span[1]"}
COMMAND: POST /session/06820c29678f15015ffe824e569d7d5a/elements - {"using":"xpath","value":"//header[contains(@id, 'ObjectPageLayout-headerTitle')]/div[1]/div[2]/div[1]/span[1]"}
RESULT: {"using":"xpath","value":"//header[contains(@id, 'ObjectPageLayout-headerTitle')]/div[1]/div[2]/div[1]/span[1]"}
COMMAND: POST /session/06820c29678f15015ffe824e569d7d5a/execute/sync - {"script":"<script> [56 bytes]","args":[{"element-6066-11e4-a52e-4f735466cecf":"f.696EFCE712E801319DC54DDC19215679.d.37B31E838506234205DC321501B17414.e.12304","ELEMENT":"f.696EFCE712E801319DC54DDC19215679.d.37B31E838506234205DC321501B17414.e.12304"}]}
RESULT: {"script":"<script> [56 bytes]","args":[{"element-6066-11e4-a52e-4f735466cecf":"f.696EFCE712E801319DC54DDC19215679.d.37B31E838506234205DC321501B17414.e.12304","ELEMENT":"f.696EFCE712E801319DC54DDC19215679.d.37B31E838506234205DC321501B17414.e.12304"}]}
COMMAND: GET /session/06820c29678f15015ffe824e569d7d5a/screenshot - {}
RESULT: {}
COMMAND: POST /session/06820c29678f15015ffe824e569d7d5a/element - {"using":"css selector","value":"#shell-header-logo"}
RESULT: {"using":"css selector","value":"#shell-header-logo"}
COMMAND: POST /session/06820c29678f15015ffe824e569d7d5a/element/f.696EFCE712E801319DC54DDC19215679.d.37B31E838506234205DC321501B17414.e.11435/click - {}
RESULT: {}
COMMAND: GET /session/06820c29678f15015ffe824e569d7d5a/screenshot - {}
RESULT: {}
COMMAND: POST /session/06820c29678f15015ffe824e569d7d5a/execute/sync - {"script":"<script> [299 bytes]","args":[["getModel","getResource"]]}
RESULT: {"script":"<script> [299 bytes]","args":[["getModel","getResource"]]}
]]></system-out>
    </testcase>
    <testcase classname="chrome.136_0_7103_93.windows.Provide_to_Site_w/o_warehouse_management_w/_clarification_US116605" name="Should create a new external partner" time="90.679">
      <system-out><![CDATA[
COMMAND: POST /session/06820c29678f15015ffe824e569d7d5a/window/fullscreen - {}
COMMAND: GET /session/06820c29678f15015ffe824e569d7d5a/screenshot - {}
RESULT: {}
COMMAND: POST /session/06820c29678f15015ffe824e569d7d5a/execute/async - {"script":"<script> [1562 bytes]","args":[{"selector":{"controlType":"sap.m.GenericTile","properties":{"header":"Manage Partners"}},"wdio_ui5_key":"sapm.GenericTile{\"header\":\"Manage Partners\"}"}]}
RESULT: {}
RESULT: {"script":"<script> [1562 bytes]","args":[{"selector":{"controlType":"sap.m.GenericTile","properties":{"header":"Manage Partners"}},"wdio_ui5_key":"sapm.GenericTile{\"header\":\"Manage Partners\"}"}]}
RESULT: undefined
COMMAND: POST /session/06820c29678f15015ffe824e569d7d5a/element - {"using":"xpath","value":"//*[@id=\"__tile30\"]"}
RESULT: {"using":"xpath","value":"//*[@id=\"__tile30\"]"}
COMMAND: POST /session/06820c29678f15015ffe824e569d7d5a/element/f.696EFCE712E801319DC54DDC19215679.d.37B31E838506234205DC321501B17414.e.11455/click - {}
RESULT: {}
COMMAND: GET /session/06820c29678f15015ffe824e569d7d5a/screenshot - {}
RESULT: {}
COMMAND: POST /session/06820c29678f15015ffe824e569d7d5a/elements - {"using":"xpath","value":"//span[text()='Error']"}
RESULT: {"using":"xpath","value":"//span[text()='Error']"}
COMMAND: POST /session/06820c29678f15015ffe824e569d7d5a/element - {"using":"xpath","value":"//button[@data-kt=\"addButton\"]"}
RESULT: {"using":"xpath","value":"//button[@data-kt=\"addButton\"]"}
COMMAND: POST /session/06820c29678f15015ffe824e569d7d5a/elements - {"using":"xpath","value":"//button[@data-kt=\"addButton\"]"}
RESULT: {"using":"xpath","value":"//button[@data-kt=\"addButton\"]"}
COMMAND: POST /session/06820c29678f15015ffe824e569d7d5a/execute/sync - {"script":"<script> [8489 bytes]","args":[{"element-6066-11e4-a52e-4f735466cecf":"f.696EFCE712E801319DC54DDC19215679.d.37B31E838506234205DC321501B17414.e.12351","ELEMENT":"f.696EFCE712E801319DC54DDC19215679.d.37B31E838506234205DC321501B17414.e.12351"}]}
RESULT: {"script":"<script> [8489 bytes]","args":[{"element-6066-11e4-a52e-4f735466cecf":"f.696EFCE712E801319DC54DDC19215679.d.37B31E838506234205DC321501B17414.e.12351","ELEMENT":"f.696EFCE712E801319DC54DDC19215679.d.37B31E838506234205DC321501B17414.e.12351"}]}
COMMAND: GET /session/06820c29678f15015ffe824e569d7d5a/element/f.696EFCE712E801319DC54DDC19215679.d.37B31E838506234205DC321501B17414.e.12351/enabled - {}
COMMAND: GET /session/06820c29678f15015ffe824e569d7d5a/screenshot - {}
RESULT: {}
COMMAND: POST /session/06820c29678f15015ffe824e569d7d5a/execute/sync - {"script":"<script> [8489 bytes]","args":[{"element-6066-11e4-a52e-4f735466cecf":"f.696EFCE712E801319DC54DDC19215679.d.37B31E838506234205DC321501B17414.e.12351","ELEMENT":"f.696EFCE712E801319DC54DDC19215679.d.37B31E838506234205DC321501B17414.e.12351"}]}
COMMAND: GET /session/06820c29678f15015ffe824e569d7d5a/screenshot - {}
RESULT: {}
RESULT: {"script":"<script> [8489 bytes]","args":[{"element-6066-11e4-a52e-4f735466cecf":"f.696EFCE712E801319DC54DDC19215679.d.37B31E838506234205DC321501B17414.e.12351","ELEMENT":"f.696EFCE712E801319DC54DDC19215679.d.37B31E838506234205DC321501B17414.e.12351"}]}
COMMAND: POST /session/06820c29678f15015ffe824e569d7d5a/execute/sync - {"script":"<script> [5351 bytes]","args":[{"element-6066-11e4-a52e-4f735466cecf":"f.696EFCE712E801319DC54DDC19215679.d.37B31E838506234205DC321501B17414.e.12351","ELEMENT":"f.696EFCE712E801319DC54DDC19215679.d.37B31E838506234205DC321501B17414.e.12351"}]}
COMMAND: GET /session/06820c29678f15015ffe824e569d7d5a/screenshot - {}
RESULT: {}
RESULT: {"script":"<script> [5351 bytes]","args":[{"element-6066-11e4-a52e-4f735466cecf":"f.696EFCE712E801319DC54DDC19215679.d.37B31E838506234205DC321501B17414.e.12351","ELEMENT":"f.696EFCE712E801319DC54DDC19215679.d.37B31E838506234205DC321501B17414.e.12351"}]}
COMMAND: POST /session/06820c29678f15015ffe824e569d7d5a/element/f.696EFCE712E801319DC54DDC19215679.d.37B31E838506234205DC321501B17414.e.12351/click - {}
COMMAND: GET /session/06820c29678f15015ffe824e569d7d5a/screenshot - {}
RESULT: {}
RESULT: {}
COMMAND: GET /session/06820c29678f15015ffe824e569d7d5a/screenshot - {}
COMMAND: POST /session/06820c29678f15015ffe824e569d7d5a/execute/async - {"script":"<script> [1562 bytes]","args":[{"selector":{"id":"application-managepartners-display-component---NewPartner--addressDetailDetailsName1","interaction":{"idSuffix":"inner"}},"wdio_ui5_key":"applicationmanagepartners-display-component---NewPartner--addressDetailDetailsName1"}]}
RESULT: {}
RESULT: {}
RESULT: {"script":"<script> [1562 bytes]","args":[{"selector":{"id":"application-managepartners-display-component---NewPartner--addressDetailDetailsName1","interaction":{"idSuffix":"inner"}},"wdio_ui5_key":"applicationmanagepartners-display-component---NewPartner--addressDetailDetailsName1"}]}
RESULT: undefined
COMMAND: POST /session/06820c29678f15015ffe824e569d7d5a/execute/async - {"script":"<script> [776 bytes]","args":[{"enterText":"External Partner WDIO","selector":{"id":"application-managepartners-display-component---NewPartner--addressDetailDetailsName1","interaction":{"idSuffix":"inner"}},"clearTextFirst":true,"interactionType":"ENTER_TEXT"}]}
RESULT: {"script":"<script> [776 bytes]","args":[{"enterText":"External Partner WDIO","selector":{"id":"application-managepartners-display-component---NewPartner--addressDetailDetailsName1","interaction":{"idSuffix":"inner"}},"clearTextFirst":true,"interactionType":"ENTER_TEXT"}]}
COMMAND: POST /session/06820c29678f15015ffe824e569d7d5a/execute/async - {"script":"<script> [1562 bytes]","args":[{"selector":{"id":"application-managepartners-display-component---NewPartner--addressDetailDetailsLanguage-arrow"},"wdio_ui5_key":"applicationmanagepartners-display-component---NewPartner--addressDetailDetailsLanguage-arrow"}]}
RESULT: {"script":"<script> [1562 bytes]","args":[{"selector":{"id":"application-managepartners-display-component---NewPartner--addressDetailDetailsLanguage-arrow"},"wdio_ui5_key":"applicationmanagepartners-display-component---NewPartner--addressDetailDetailsLanguage-arrow"}]}
RESULT: undefined
COMMAND: POST /session/06820c29678f15015ffe824e569d7d5a/element - {"using":"xpath","value":"//*[@id=\"application-managepartners-display-component---NewPartner--addressDetailDetailsLanguage-arrow\"]"}
RESULT: {"using":"xpath","value":"//*[@id=\"application-managepartners-display-component---NewPartner--addressDetailDetailsLanguage-arrow\"]"}
COMMAND: POST /session/06820c29678f15015ffe824e569d7d5a/element/f.696EFCE712E801319DC54DDC19215679.d.37B31E838506234205DC321501B17414.e.12797/click - {}
RESULT: {}
COMMAND: POST /session/06820c29678f15015ffe824e569d7d5a/element - {"using":"xpath","value":"//span[contains(text(), \"English\")]"}
COMMAND: GET /session/06820c29678f15015ffe824e569d7d5a/screenshot - {}
RESULT: {"using":"xpath","value":"//span[contains(text(), \"English\")]"}
COMMAND: POST /session/06820c29678f15015ffe824e569d7d5a/element/f.696EFCE712E801319DC54DDC19215679.d.37B31E838506234205DC321501B17414.e.12798/click - {}
RESULT: {}
RESULT: {}
COMMAND: GET /session/06820c29678f15015ffe824e569d7d5a/screenshot - {}
RESULT: {}
COMMAND: POST /session/06820c29678f15015ffe824e569d7d5a/execute/async - {"script":"<script> [1562 bytes]","args":[{"selector":{"id":"application-managepartners-display-component---NewPartner--addressDetailDetailsCity1","interaction":{"idSuffix":"inner"}},"wdio_ui5_key":"applicationmanagepartners-display-component---NewPartner--addressDetailDetailsCity1"}]}
RESULT: {"script":"<script> [1562 bytes]","args":[{"selector":{"id":"application-managepartners-display-component---NewPartner--addressDetailDetailsCity1","interaction":{"idSuffix":"inner"}},"wdio_ui5_key":"applicationmanagepartners-display-component---NewPartner--addressDetailDetailsCity1"}]}
RESULT: undefined
COMMAND: POST /session/06820c29678f15015ffe824e569d7d5a/execute/async - {"script":"<script> [776 bytes]","args":[{"enterText":"Rosario","selector":{"id":"application-managepartners-display-component---NewPartner--addressDetailDetailsCity1","interaction":{"idSuffix":"inner"}},"clearTextFirst":true,"interactionType":"ENTER_TEXT"}]}
RESULT: {"script":"<script> [776 bytes]","args":[{"enterText":"Rosario","selector":{"id":"application-managepartners-display-component---NewPartner--addressDetailDetailsCity1","interaction":{"idSuffix":"inner"}},"clearTextFirst":true,"interactionType":"ENTER_TEXT"}]}
COMMAND: POST /session/06820c29678f15015ffe824e569d7d5a/execute/async - {"script":"<script> [1562 bytes]","args":[{"selector":{"id":"application-managepartners-display-component---NewPartner--addressDetailDetailsCountry-arrow"},"wdio_ui5_key":"applicationmanagepartners-display-component---NewPartner--addressDetailDetailsCountry-arrow"}]}
RESULT: {"script":"<script> [1562 bytes]","args":[{"selector":{"id":"application-managepartners-display-component---NewPartner--addressDetailDetailsCountry-arrow"},"wdio_ui5_key":"applicationmanagepartners-display-component---NewPartner--addressDetailDetailsCountry-arrow"}]}
RESULT: undefined
COMMAND: POST /session/06820c29678f15015ffe824e569d7d5a/element - {"using":"xpath","value":"//*[@id=\"application-managepartners-display-component---NewPartner--addressDetailDetailsCountry-arrow\"]"}
RESULT: {"using":"xpath","value":"//*[@id=\"application-managepartners-display-component---NewPartner--addressDetailDetailsCountry-arrow\"]"}
COMMAND: POST /session/06820c29678f15015ffe824e569d7d5a/element/f.696EFCE712E801319DC54DDC19215679.d.37B31E838506234205DC321501B17414.e.12784/click - {}
RESULT: {}
COMMAND: POST /session/06820c29678f15015ffe824e569d7d5a/element - {"using":"xpath","value":"//span[contains(text(), \"Argentina\")]"}
COMMAND: GET /session/06820c29678f15015ffe824e569d7d5a/screenshot - {}
RESULT: {"using":"xpath","value":"//span[contains(text(), \"Argentina\")]"}
COMMAND: POST /session/06820c29678f15015ffe824e569d7d5a/element/f.696EFCE712E801319DC54DDC19215679.d.37B31E838506234205DC321501B17414.e.12800/click - {}
RESULT: {}
RESULT: {}
COMMAND: GET /session/06820c29678f15015ffe824e569d7d5a/screenshot - {}
RESULT: {}
COMMAND: POST /session/06820c29678f15015ffe824e569d7d5a/element - {"using":"xpath","value":"//bdi[contains(text(), \"Commercial\")]"}
RESULT: {"using":"xpath","value":"//bdi[contains(text(), \"Commercial\")]"}
COMMAND: POST /session/06820c29678f15015ffe824e569d7d5a/element/f.696EFCE712E801319DC54DDC19215679.d.37B31E838506234205DC321501B17414.e.12801/click - {}
RESULT: {}
COMMAND: GET /session/06820c29678f15015ffe824e569d7d5a/screenshot - {}
RESULT: {}
COMMAND: POST /session/06820c29678f15015ffe824e569d7d5a/execute/async - {"script":"<script> [1562 bytes]","args":[{"selector":{"id":"application-managepartners-display-component---NewPartner--partnerDetailInternal-arrow"},"wdio_ui5_key":"applicationmanagepartners-display-component---NewPartner--partnerDetailInternal-arrow"}]}
RESULT: {"script":"<script> [1562 bytes]","args":[{"selector":{"id":"application-managepartners-display-component---NewPartner--partnerDetailInternal-arrow"},"wdio_ui5_key":"applicationmanagepartners-display-component---NewPartner--partnerDetailInternal-arrow"}]}
RESULT: undefined
COMMAND: POST /session/06820c29678f15015ffe824e569d7d5a/element - {"using":"xpath","value":"//*[@id=\"application-managepartners-display-component---NewPartner--partnerDetailInternal-arrow\"]"}
RESULT: {"using":"xpath","value":"//*[@id=\"application-managepartners-display-component---NewPartner--partnerDetailInternal-arrow\"]"}
COMMAND: POST /session/06820c29678f15015ffe824e569d7d5a/element/f.696EFCE712E801319DC54DDC19215679.d.37B31E838506234205DC321501B17414.e.12807/click - {}
RESULT: {}
COMMAND: POST /session/06820c29678f15015ffe824e569d7d5a/element - {"using":"xpath","value":"//span[contains(text(), \"External partner\")]"}
COMMAND: GET /session/06820c29678f15015ffe824e569d7d5a/screenshot - {}
RESULT: {"using":"xpath","value":"//span[contains(text(), \"External partner\")]"}
COMMAND: POST /session/06820c29678f15015ffe824e569d7d5a/element/f.696EFCE712E801319DC54DDC19215679.d.37B31E838506234205DC321501B17414.e.12808/click - {}
RESULT: {}
RESULT: {}
COMMAND: POST /session/06820c29678f15015ffe824e569d7d5a/execute/async - {"script":"<script> [1562 bytes]","args":[{"selector":{"id":"application-managepartners-display-component---NewPartner--partnerDetailsCurrency-arrow"},"wdio_ui5_key":"applicationmanagepartners-display-component---NewPartner--partnerDetailsCurrency-arrow"}]}
COMMAND: GET /session/06820c29678f15015ffe824e569d7d5a/screenshot - {}
RESULT: {"script":"<script> [1562 bytes]","args":[{"selector":{"id":"application-managepartners-display-component---NewPartner--partnerDetailsCurrency-arrow"},"wdio_ui5_key":"applicationmanagepartners-display-component---NewPartner--partnerDetailsCurrency-arrow"}]}
RESULT: undefined
COMMAND: POST /session/06820c29678f15015ffe824e569d7d5a/element - {"using":"xpath","value":"//*[@id=\"application-managepartners-display-component---NewPartner--partnerDetailsCurrency-arrow\"]"}
RESULT: {}
RESULT: {"using":"xpath","value":"//*[@id=\"application-managepartners-display-component---NewPartner--partnerDetailsCurrency-arrow\"]"}
COMMAND: POST /session/06820c29678f15015ffe824e569d7d5a/element/f.696EFCE712E801319DC54DDC19215679.d.37B31E838506234205DC321501B17414.e.12813/click - {}
RESULT: {}
COMMAND: POST /session/06820c29678f15015ffe824e569d7d5a/element - {"using":"xpath","value":"//span[contains(text(), \"US Dollar\")]"}
COMMAND: GET /session/06820c29678f15015ffe824e569d7d5a/screenshot - {}
RESULT: {"using":"xpath","value":"//span[contains(text(), \"US Dollar\")]"}
COMMAND: POST /session/06820c29678f15015ffe824e569d7d5a/element/f.696EFCE712E801319DC54DDC19215679.d.37B31E838506234205DC321501B17414.e.12814/click - {}
RESULT: {}
RESULT: {}
COMMAND: GET /session/06820c29678f15015ffe824e569d7d5a/screenshot - {}
RESULT: {}
COMMAND: POST /session/06820c29678f15015ffe824e569d7d5a/element - {"using":"xpath","value":"//input[@id=\"application-managepartners-display-component---NewPartner--companyCodeComboBox-inner\"]"}
RESULT: {"using":"xpath","value":"//input[@id=\"application-managepartners-display-component---NewPartner--companyCodeComboBox-inner\"]"}
COMMAND: POST /session/06820c29678f15015ffe824e569d7d5a/element/f.696EFCE712E801319DC54DDC19215679.d.37B31E838506234205DC321501B17414.e.12615/clear - {}
RESULT: {}
COMMAND: POST /session/06820c29678f15015ffe824e569d7d5a/element/f.696EFCE712E801319DC54DDC19215679.d.37B31E838506234205DC321501B17414.e.12615/value - {"text":"C002"}
COMMAND: GET /session/06820c29678f15015ffe824e569d7d5a/screenshot - {}
RESULT: {"text":"C002"}
COMMAND: GET /session/06820c29678f15015ffe824e569d7d5a/screenshot - {}
RESULT: {}
RESULT: {}
COMMAND: POST /session/06820c29678f15015ffe824e569d7d5a/element - {"using":"xpath","value":"//li[.//span[text()= \"C002\"]]"}
RESULT: {"using":"xpath","value":"//li[.//span[text()= \"C002\"]]"}
COMMAND: POST /session/06820c29678f15015ffe824e569d7d5a/element/f.696EFCE712E801319DC54DDC19215679.d.37B31E838506234205DC321501B17414.e.12818/click - {}
RESULT: {}
COMMAND: GET /session/06820c29678f15015ffe824e569d7d5a/screenshot - {}
RESULT: {}
COMMAND: POST /session/06820c29678f15015ffe824e569d7d5a/execute/async - {"script":"<script> [1562 bytes]","args":[{"selector":{"id":"application-managepartners-display-component---NewPartner--btnAddTableRow-img"},"wdio_ui5_key":"applicationmanagepartners-display-component---NewPartner--btnAddTableRow-img"}]}
RESULT: {"script":"<script> [1562 bytes]","args":[{"selector":{"id":"application-managepartners-display-component---NewPartner--btnAddTableRow-img"},"wdio_ui5_key":"applicationmanagepartners-display-component---NewPartner--btnAddTableRow-img"}]}
RESULT: undefined
COMMAND: POST /session/06820c29678f15015ffe824e569d7d5a/element - {"using":"xpath","value":"//*[@id=\"application-managepartners-display-component---NewPartner--btnAddTableRow-img\"]"}
RESULT: {"using":"xpath","value":"//*[@id=\"application-managepartners-display-component---NewPartner--btnAddTableRow-img\"]"}
COMMAND: POST /session/06820c29678f15015ffe824e569d7d5a/element/f.696EFCE712E801319DC54DDC19215679.d.37B31E838506234205DC321501B17414.e.12819/click - {}
RESULT: {}
COMMAND: GET /session/06820c29678f15015ffe824e569d7d5a/screenshot - {}
RESULT: {}
COMMAND: POST /session/06820c29678f15015ffe824e569d7d5a/element - {"using":"xpath","value":"//input[@id=\"application-managepartners-display-component---NewPartner--assignmentYard-application-managepartners-display-component---NewPartner--assignmentsTable-0-inner\"]"}
RESULT: {"using":"xpath","value":"//input[@id=\"application-managepartners-display-component---NewPartner--assignmentYard-application-managepartners-display-component---NewPartner--assignmentsTable-0-inner\"]"}
COMMAND: POST /session/06820c29678f15015ffe824e569d7d5a/element/f.696EFCE712E801319DC54DDC19215679.d.37B31E838506234205DC321501B17414.e.12822/clear - {}
RESULT: {}
COMMAND: POST /session/06820c29678f15015ffe824e569d7d5a/element/f.696EFCE712E801319DC54DDC19215679.d.37B31E838506234205DC321501B17414.e.12822/value - {"text":"561"}
COMMAND: GET /session/06820c29678f15015ffe824e569d7d5a/screenshot - {}
RESULT: {"text":"561"}
COMMAND: GET /session/06820c29678f15015ffe824e569d7d5a/screenshot - {}
RESULT: {}
RESULT: {}
COMMAND: POST /session/06820c29678f15015ffe824e569d7d5a/element - {"using":"xpath","value":"//li[.//span[text()='561']]"}
RESULT: {"using":"xpath","value":"//li[.//span[text()='561']]"}
COMMAND: POST /session/06820c29678f15015ffe824e569d7d5a/element/f.696EFCE712E801319DC54DDC19215679.d.37B31E838506234205DC321501B17414.e.12830/click - {}
RESULT: {}
COMMAND: GET /session/06820c29678f15015ffe824e569d7d5a/screenshot - {}
RESULT: {}
COMMAND: POST /session/06820c29678f15015ffe824e569d7d5a/actions - {"actions":[{"id":"action41","type":"key","parameters":{},"actions":[{"type":"keyDown","value":"î€‡"},{"type":"pause","duration":10},{"type":"keyUp","value":"î€‡"}]}]}
RESULT: {"actions":[{"id":"action41","type":"key","parameters":{},"actions":[{"type":"keyDown","value":"î€‡"},{"type":"pause","duration":10},{"type":"keyUp","value":"î€‡"}]}]}
COMMAND: POST /session/06820c29678f15015ffe824e569d7d5a/element - {"using":"xpath","value":"//td[contains(@id, \"assignmentsTable-0-cell2\")]/div/div"}
COMMAND: GET /session/06820c29678f15015ffe824e569d7d5a/screenshot - {}
RESULT: {"using":"xpath","value":"//td[contains(@id, \"assignmentsTable-0-cell2\")]/div/div"}
COMMAND: POST /session/06820c29678f15015ffe824e569d7d5a/element/f.696EFCE712E801319DC54DDC19215679.d.37B31E838506234205DC321501B17414.e.12833/click - {}
RESULT: {}
RESULT: {}
COMMAND: GET /session/06820c29678f15015ffe824e569d7d5a/screenshot - {}
RESULT: {}
COMMAND: POST /session/06820c29678f15015ffe824e569d7d5a/element - {"using":"xpath","value":"//button[@data-kt=\"saveButton\"]"}
RESULT: {"using":"xpath","value":"//button[@data-kt=\"saveButton\"]"}
COMMAND: POST /session/06820c29678f15015ffe824e569d7d5a/element/f.696EFCE712E801319DC54DDC19215679.d.37B31E838506234205DC321501B17414.e.12702/click - {}
RESULT: {}
COMMAND: GET /session/06820c29678f15015ffe824e569d7d5a/screenshot - {}
RESULT: {}
COMMAND: POST /session/06820c29678f15015ffe824e569d7d5a/element - {"using":"xpath","value":"//header[contains(@id, 'ObjectPageLayout-headerTitle')]/div[1]/div[2]/div[2]/span[1]"}
RESULT: {"using":"xpath","value":"//header[contains(@id, 'ObjectPageLayout-headerTitle')]/div[1]/div[2]/div[2]/span[1]"}
COMMAND: POST /session/06820c29678f15015ffe824e569d7d5a/elements - {"using":"xpath","value":"//header[contains(@id, 'ObjectPageLayout-headerTitle')]/div[1]/div[2]/div[2]/span[1]"}
RESULT: {"using":"xpath","value":"//header[contains(@id, 'ObjectPageLayout-headerTitle')]/div[1]/div[2]/div[2]/span[1]"}
COMMAND: POST /session/06820c29678f15015ffe824e569d7d5a/execute/sync - {"script":"<script> [56 bytes]","args":[{"element-6066-11e4-a52e-4f735466cecf":"f.696EFCE712E801319DC54DDC19215679.d.37B31E838506234205DC321501B17414.e.12993","ELEMENT":"f.696EFCE712E801319DC54DDC19215679.d.37B31E838506234205DC321501B17414.e.12993"}]}
RESULT: {"script":"<script> [56 bytes]","args":[{"element-6066-11e4-a52e-4f735466cecf":"f.696EFCE712E801319DC54DDC19215679.d.37B31E838506234205DC321501B17414.e.12993","ELEMENT":"f.696EFCE712E801319DC54DDC19215679.d.37B31E838506234205DC321501B17414.e.12993"}]}
COMMAND: POST /session/06820c29678f15015ffe824e569d7d5a/element - {"using":"css selector","value":"#shell-header-logo"}
COMMAND: GET /session/06820c29678f15015ffe824e569d7d5a/screenshot - {}
RESULT: {"using":"css selector","value":"#shell-header-logo"}
COMMAND: POST /session/06820c29678f15015ffe824e569d7d5a/element/f.696EFCE712E801319DC54DDC19215679.d.37B31E838506234205DC321501B17414.e.12307/click - {}
RESULT: {}
RESULT: {}
COMMAND: GET /session/06820c29678f15015ffe824e569d7d5a/screenshot - {}
RESULT: {}
COMMAND: POST /session/06820c29678f15015ffe824e569d7d5a/execute/sync - {"script":"<script> [299 bytes]","args":[["getModel","getResource"]]}
RESULT: {"script":"<script> [299 bytes]","args":[["getModel","getResource"]]}
]]></system-out>
    </testcase>
    <testcase classname="chrome.136_0_7103_93.windows.Provide_to_Site_w/o_warehouse_management_w/_clarification_US116605" name="Should create a new site" time="92.56">
      <system-out><![CDATA[
COMMAND: POST /session/06820c29678f15015ffe824e569d7d5a/execute/async - {"script":"<script> [1562 bytes]","args":[{"selector":{"controlType":"sap.m.GenericTile","properties":{"header":"Manage Sites"}},"wdio_ui5_key":"sapm.GenericTile{\"header\":\"Manage Sites\"}"}]}
COMMAND: GET /session/06820c29678f15015ffe824e569d7d5a/screenshot - {}
RESULT: {"script":"<script> [1562 bytes]","args":[{"selector":{"controlType":"sap.m.GenericTile","properties":{"header":"Manage Sites"}},"wdio_ui5_key":"sapm.GenericTile{\"header\":\"Manage Sites\"}"}]}
RESULT: undefined
COMMAND: POST /session/06820c29678f15015ffe824e569d7d5a/element - {"using":"xpath","value":"//*[@id=\"__tile32\"]"}
RESULT: {}
RESULT: {"using":"xpath","value":"//*[@id=\"__tile32\"]"}
COMMAND: POST /session/06820c29678f15015ffe824e569d7d5a/element/f.696EFCE712E801319DC54DDC19215679.d.37B31E838506234205DC321501B17414.e.11434/click - {}
RESULT: {}
COMMAND: GET /session/06820c29678f15015ffe824e569d7d5a/screenshot - {}
RESULT: {}
COMMAND: POST /session/06820c29678f15015ffe824e569d7d5a/elements - {"using":"xpath","value":"//span[text()='Error']"}
RESULT: {"using":"xpath","value":"//span[text()='Error']"}
COMMAND: POST /session/06820c29678f15015ffe824e569d7d5a/element - {"using":"xpath","value":"//button[@data-kt=\"addOverflowToolbarButton\"]"}
RESULT: {"using":"xpath","value":"//button[@data-kt=\"addOverflowToolbarButton\"]"}
COMMAND: POST /session/06820c29678f15015ffe824e569d7d5a/elements - {"using":"xpath","value":"//button[@data-kt=\"addOverflowToolbarButton\"]"}
RESULT: {"using":"xpath","value":"//button[@data-kt=\"addOverflowToolbarButton\"]"}
COMMAND: POST /session/06820c29678f15015ffe824e569d7d5a/execute/sync - {"script":"<script> [8489 bytes]","args":[{"element-6066-11e4-a52e-4f735466cecf":"f.696EFCE712E801319DC54DDC19215679.d.37B31E838506234205DC321501B17414.e.13039","ELEMENT":"f.696EFCE712E801319DC54DDC19215679.d.37B31E838506234205DC321501B17414.e.13039"}]}
RESULT: {"script":"<script> [8489 bytes]","args":[{"element-6066-11e4-a52e-4f735466cecf":"f.696EFCE712E801319DC54DDC19215679.d.37B31E838506234205DC321501B17414.e.13039","ELEMENT":"f.696EFCE712E801319DC54DDC19215679.d.37B31E838506234205DC321501B17414.e.13039"}]}
COMMAND: GET /session/06820c29678f15015ffe824e569d7d5a/element/f.696EFCE712E801319DC54DDC19215679.d.37B31E838506234205DC321501B17414.e.13039/enabled - {}
COMMAND: GET /session/06820c29678f15015ffe824e569d7d5a/screenshot - {}
RESULT: {}
COMMAND: POST /session/06820c29678f15015ffe824e569d7d5a/execute/sync - {"script":"<script> [8489 bytes]","args":[{"element-6066-11e4-a52e-4f735466cecf":"f.696EFCE712E801319DC54DDC19215679.d.37B31E838506234205DC321501B17414.e.13039","ELEMENT":"f.696EFCE712E801319DC54DDC19215679.d.37B31E838506234205DC321501B17414.e.13039"}]}
COMMAND: GET /session/06820c29678f15015ffe824e569d7d5a/screenshot - {}
RESULT: {}
RESULT: {"script":"<script> [8489 bytes]","args":[{"element-6066-11e4-a52e-4f735466cecf":"f.696EFCE712E801319DC54DDC19215679.d.37B31E838506234205DC321501B17414.e.13039","ELEMENT":"f.696EFCE712E801319DC54DDC19215679.d.37B31E838506234205DC321501B17414.e.13039"}]}
COMMAND: POST /session/06820c29678f15015ffe824e569d7d5a/execute/sync - {"script":"<script> [5351 bytes]","args":[{"element-6066-11e4-a52e-4f735466cecf":"f.696EFCE712E801319DC54DDC19215679.d.37B31E838506234205DC321501B17414.e.13039","ELEMENT":"f.696EFCE712E801319DC54DDC19215679.d.37B31E838506234205DC321501B17414.e.13039"}]}
COMMAND: GET /session/06820c29678f15015ffe824e569d7d5a/screenshot - {}
RESULT: {}
RESULT: {"script":"<script> [5351 bytes]","args":[{"element-6066-11e4-a52e-4f735466cecf":"f.696EFCE712E801319DC54DDC19215679.d.37B31E838506234205DC321501B17414.e.13039","ELEMENT":"f.696EFCE712E801319DC54DDC19215679.d.37B31E838506234205DC321501B17414.e.13039"}]}
COMMAND: POST /session/06820c29678f15015ffe824e569d7d5a/element/f.696EFCE712E801319DC54DDC19215679.d.37B31E838506234205DC321501B17414.e.13039/click - {}
COMMAND: GET /session/06820c29678f15015ffe824e569d7d5a/screenshot - {}
RESULT: {}
RESULT: {}
COMMAND: GET /session/06820c29678f15015ffe824e569d7d5a/screenshot - {}
RESULT: {}
RESULT: {}
COMMAND: POST /session/06820c29678f15015ffe824e569d7d5a/element - {"using":"xpath","value":"//input[@id=\"application-managesites-display-component---NewSite--siteId-inner\"]"}
RESULT: {"using":"xpath","value":"//input[@id=\"application-managesites-display-component---NewSite--siteId-inner\"]"}
COMMAND: POST /session/06820c29678f15015ffe824e569d7d5a/element - {"using":"xpath","value":"//input[@id=\"application-managesites-display-component---NewSite--siteId-inner\"]"}
RESULT: {"using":"xpath","value":"//input[@id=\"application-managesites-display-component---NewSite--siteId-inner\"]"}
COMMAND: POST /session/06820c29678f15015ffe824e569d7d5a/execute/async - {"script":"<script> [1562 bytes]","args":[{"selector":{"id":"application-managesites-display-component---NewSite--addressDetailDetailsName1","interaction":{"idSuffix":"inner"}},"wdio_ui5_key":"applicationmanagesites-display-component---NewSite--addressDetailDetailsName1"}]}
RESULT: {"script":"<script> [1562 bytes]","args":[{"selector":{"id":"application-managesites-display-component---NewSite--addressDetailDetailsName1","interaction":{"idSuffix":"inner"}},"wdio_ui5_key":"applicationmanagesites-display-component---NewSite--addressDetailDetailsName1"}]}
RESULT: undefined
COMMAND: POST /session/06820c29678f15015ffe824e569d7d5a/execute/async - {"script":"<script> [776 bytes]","args":[{"enterText":"Other Type Site WDIO","selector":{"id":"application-managesites-display-component---NewSite--addressDetailDetailsName1","interaction":{"idSuffix":"inner"}},"clearTextFirst":true,"interactionType":"ENTER_TEXT"}]}
RESULT: {"script":"<script> [776 bytes]","args":[{"enterText":"Other Type Site WDIO","selector":{"id":"application-managesites-display-component---NewSite--addressDetailDetailsName1","interaction":{"idSuffix":"inner"}},"clearTextFirst":true,"interactionType":"ENTER_TEXT"}]}
COMMAND: POST /session/06820c29678f15015ffe824e569d7d5a/execute/async - {"script":"<script> [1562 bytes]","args":[{"selector":{"id":"application-managesites-display-component---NewSite--addressDetailDetailsLanguage-arrow"},"wdio_ui5_key":"applicationmanagesites-display-component---NewSite--addressDetailDetailsLanguage-arrow"}]}
RESULT: {"script":"<script> [1562 bytes]","args":[{"selector":{"id":"application-managesites-display-component---NewSite--addressDetailDetailsLanguage-arrow"},"wdio_ui5_key":"applicationmanagesites-display-component---NewSite--addressDetailDetailsLanguage-arrow"}]}
RESULT: undefined
COMMAND: POST /session/06820c29678f15015ffe824e569d7d5a/element - {"using":"xpath","value":"//*[@id=\"application-managesites-display-component---NewSite--addressDetailDetailsLanguage-arrow\"]"}
RESULT: {"using":"xpath","value":"//*[@id=\"application-managesites-display-component---NewSite--addressDetailDetailsLanguage-arrow\"]"}
COMMAND: POST /session/06820c29678f15015ffe824e569d7d5a/element/f.696EFCE712E801319DC54DDC19215679.d.37B31E838506234205DC321501B17414.e.13661/click - {}
RESULT: {}
COMMAND: POST /session/06820c29678f15015ffe824e569d7d5a/element - {"using":"xpath","value":"//span[contains(text(), \"English\")]"}
COMMAND: GET /session/06820c29678f15015ffe824e569d7d5a/screenshot - {}
RESULT: {"using":"xpath","value":"//span[contains(text(), \"English\")]"}
COMMAND: POST /session/06820c29678f15015ffe824e569d7d5a/element/f.696EFCE712E801319DC54DDC19215679.d.37B31E838506234205DC321501B17414.e.13662/click - {}
RESULT: {}
RESULT: {}
COMMAND: POST /session/06820c29678f15015ffe824e569d7d5a/execute/async - {"script":"<script> [1562 bytes]","args":[{"selector":{"id":"application-managesites-display-component---NewSite--addressDetailDetailsCity1","interaction":{"idSuffix":"inner"}},"wdio_ui5_key":"applicationmanagesites-display-component---NewSite--addressDetailDetailsCity1"}]}
COMMAND: GET /session/06820c29678f15015ffe824e569d7d5a/screenshot - {}
RESULT: {"script":"<script> [1562 bytes]","args":[{"selector":{"id":"application-managesites-display-component---NewSite--addressDetailDetailsCity1","interaction":{"idSuffix":"inner"}},"wdio_ui5_key":"applicationmanagesites-display-component---NewSite--addressDetailDetailsCity1"}]}
RESULT: undefined
COMMAND: POST /session/06820c29678f15015ffe824e569d7d5a/execute/async - {"script":"<script> [776 bytes]","args":[{"enterText":"Rosario","selector":{"id":"application-managesites-display-component---NewSite--addressDetailDetailsCity1","interaction":{"idSuffix":"inner"}},"clearTextFirst":true,"interactionType":"ENTER_TEXT"}]}
RESULT: {}
RESULT: {"script":"<script> [776 bytes]","args":[{"enterText":"Rosario","selector":{"id":"application-managesites-display-component---NewSite--addressDetailDetailsCity1","interaction":{"idSuffix":"inner"}},"clearTextFirst":true,"interactionType":"ENTER_TEXT"}]}
COMMAND: POST /session/06820c29678f15015ffe824e569d7d5a/execute/async - {"script":"<script> [1562 bytes]","args":[{"selector":{"id":"application-managesites-display-component---NewSite--addressDetailDetailsCountry-arrow"},"wdio_ui5_key":"applicationmanagesites-display-component---NewSite--addressDetailDetailsCountry-arrow"}]}
RESULT: {"script":"<script> [1562 bytes]","args":[{"selector":{"id":"application-managesites-display-component---NewSite--addressDetailDetailsCountry-arrow"},"wdio_ui5_key":"applicationmanagesites-display-component---NewSite--addressDetailDetailsCountry-arrow"}]}
RESULT: undefined
COMMAND: POST /session/06820c29678f15015ffe824e569d7d5a/element - {"using":"xpath","value":"//*[@id=\"application-managesites-display-component---NewSite--addressDetailDetailsCountry-arrow\"]"}
RESULT: {"using":"xpath","value":"//*[@id=\"application-managesites-display-component---NewSite--addressDetailDetailsCountry-arrow\"]"}
COMMAND: POST /session/06820c29678f15015ffe824e569d7d5a/element/f.696EFCE712E801319DC54DDC19215679.d.37B31E838506234205DC321501B17414.e.13664/click - {}
RESULT: {}
COMMAND: POST /session/06820c29678f15015ffe824e569d7d5a/element - {"using":"xpath","value":"//span[contains(text(), \"Argentina\")]"}
COMMAND: GET /session/06820c29678f15015ffe824e569d7d5a/screenshot - {}
RESULT: {"using":"xpath","value":"//span[contains(text(), \"Argentina\")]"}
COMMAND: POST /session/06820c29678f15015ffe824e569d7d5a/element/f.696EFCE712E801319DC54DDC19215679.d.37B31E838506234205DC321501B17414.e.13665/click - {}
RESULT: {}
RESULT: {}
COMMAND: GET /session/06820c29678f15015ffe824e569d7d5a/screenshot - {}
RESULT: {}
COMMAND: POST /session/06820c29678f15015ffe824e569d7d5a/execute/async - {"script":"<script> [1562 bytes]","args":[{"selector":{"id":"application-managesites-display-component---NewSite--addressEditDetailsCostObjectCstType-arrow"},"wdio_ui5_key":"applicationmanagesites-display-component---NewSite--addressEditDetailsCostObjectCstType-arrow"}]}
RESULT: {"script":"<script> [1562 bytes]","args":[{"selector":{"id":"application-managesites-display-component---NewSite--addressEditDetailsCostObjectCstType-arrow"},"wdio_ui5_key":"applicationmanagesites-display-component---NewSite--addressEditDetailsCostObjectCstType-arrow"}]}
RESULT: undefined
COMMAND: POST /session/06820c29678f15015ffe824e569d7d5a/element - {"using":"xpath","value":"//*[@id=\"application-managesites-display-component---NewSite--addressEditDetailsCostObjectCstType-arrow\"]"}
RESULT: {"using":"xpath","value":"//*[@id=\"application-managesites-display-component---NewSite--addressEditDetailsCostObjectCstType-arrow\"]"}
COMMAND: POST /session/06820c29678f15015ffe824e569d7d5a/element/f.696EFCE712E801319DC54DDC19215679.d.37B31E838506234205DC321501B17414.e.13666/click - {}
RESULT: {}
COMMAND: POST /session/06820c29678f15015ffe824e569d7d5a/element - {"using":"xpath","value":"//span[contains(text(), \"Cost Center\")]"}
COMMAND: GET /session/06820c29678f15015ffe824e569d7d5a/screenshot - {}
RESULT: {"using":"xpath","value":"//span[contains(text(), \"Cost Center\")]"}
COMMAND: POST /session/06820c29678f15015ffe824e569d7d5a/element/f.696EFCE712E801319DC54DDC19215679.d.37B31E838506234205DC321501B17414.e.13667/click - {}
RESULT: {}
RESULT: {}
COMMAND: GET /session/06820c29678f15015ffe824e569d7d5a/screenshot - {}
RESULT: {}
COMMAND: POST /session/06820c29678f15015ffe824e569d7d5a/element - {"using":"xpath","value":"//span[@id=\"application-managesites-display-component---NewSite--addressNewCostObjectCstID-vhi\"]"}
RESULT: {"using":"xpath","value":"//span[@id=\"application-managesites-display-component---NewSite--addressNewCostObjectCstID-vhi\"]"}
COMMAND: POST /session/06820c29678f15015ffe824e569d7d5a/execute/sync - {"script":"<script> [8489 bytes]","args":[{"element-6066-11e4-a52e-4f735466cecf":"f.696EFCE712E801319DC54DDC19215679.d.37B31E838506234205DC321501B17414.e.13672","ELEMENT":"f.696EFCE712E801319DC54DDC19215679.d.37B31E838506234205DC321501B17414.e.13672"}]}
RESULT: {"script":"<script> [8489 bytes]","args":[{"element-6066-11e4-a52e-4f735466cecf":"f.696EFCE712E801319DC54DDC19215679.d.37B31E838506234205DC321501B17414.e.13672","ELEMENT":"f.696EFCE712E801319DC54DDC19215679.d.37B31E838506234205DC321501B17414.e.13672"}]}
COMMAND: POST /session/06820c29678f15015ffe824e569d7d5a/execute/async - {"script":"<script> [1562 bytes]","args":[{"selector":{"id":"application-managesites-display-component---NewSite--addressNewCostObjectCstID-vhi"},"wdio_ui5_key":"applicationmanagesites-display-component---NewSite--addressNewCostObjectCstID-vhi"}]}
COMMAND: GET /session/06820c29678f15015ffe824e569d7d5a/screenshot - {}
RESULT: {"script":"<script> [1562 bytes]","args":[{"selector":{"id":"application-managesites-display-component---NewSite--addressNewCostObjectCstID-vhi"},"wdio_ui5_key":"applicationmanagesites-display-component---NewSite--addressNewCostObjectCstID-vhi"}]}
RESULT: undefined
COMMAND: POST /session/06820c29678f15015ffe824e569d7d5a/element - {"using":"xpath","value":"//*[@id=\"application-managesites-display-component---NewSite--addressNewCostObjectCstID-vhi\"]"}
RESULT: {}
RESULT: {"using":"xpath","value":"//*[@id=\"application-managesites-display-component---NewSite--addressNewCostObjectCstID-vhi\"]"}
COMMAND: POST /session/06820c29678f15015ffe824e569d7d5a/element/f.696EFCE712E801319DC54DDC19215679.d.37B31E838506234205DC321501B17414.e.13672/click - {}
RESULT: {}
COMMAND: GET /session/06820c29678f15015ffe824e569d7d5a/screenshot - {}
RESULT: {}
RESULT: undefined
COMMAND: POST /session/06820c29678f15015ffe824e569d7d5a/execute/async - {"script":"<script> [776 bytes]","args":[{"enterText":"10001013","selector":{"controlType":"sap.m.SearchField","properties":{"placeholder":"Search"},"searchOpenDialogs":true,"interaction":{"idSuffix":"I"}},"clearTextFirst":true,"interactionType":"ENTER_TEXT"}]}
RESULT: {"script":"<script> [776 bytes]","args":[{"enterText":"10001013","selector":{"controlType":"sap.m.SearchField","properties":{"placeholder":"Search"},"searchOpenDialogs":true,"interaction":{"idSuffix":"I"}},"clearTextFirst":true,"interactionType":"ENTER_TEXT"}]}
COMMAND: POST /session/06820c29678f15015ffe824e569d7d5a/actions - {"actions":[{"id":"action42","type":"key","parameters":{},"actions":[{"type":"keyDown","value":"î€‡"},{"type":"pause","duration":10},{"type":"keyUp","value":"î€‡"}]}]}
RESULT: {"actions":[{"id":"action42","type":"key","parameters":{},"actions":[{"type":"keyDown","value":"î€‡"},{"type":"pause","duration":10},{"type":"keyUp","value":"î€‡"}]}]}
COMMAND: GET /session/06820c29678f15015ffe824e569d7d5a/screenshot - {}
RESULT: {}
COMMAND: POST /session/06820c29678f15015ffe824e569d7d5a/element - {"using":"xpath","value":"//span[contains(text(), \"General Management\")]"}
RESULT: {"using":"xpath","value":"//span[contains(text(), \"General Management\")]"}
COMMAND: POST /session/06820c29678f15015ffe824e569d7d5a/element/f.696EFCE712E801319DC54DDC19215679.d.37B31E838506234205DC321501B17414.e.13711/click - {}
RESULT: {}
COMMAND: GET /session/06820c29678f15015ffe824e569d7d5a/screenshot - {}
RESULT: {}
COMMAND: POST /session/06820c29678f15015ffe824e569d7d5a/element - {"using":"xpath","value":"//bdi[contains(text(), \"OK\")]"}
RESULT: {"using":"xpath","value":"//bdi[contains(text(), \"OK\")]"}
COMMAND: POST /session/06820c29678f15015ffe824e569d7d5a/element/f.696EFCE712E801319DC54DDC19215679.d.37B31E838506234205DC321501B17414.e.13712/click - {}
RESULT: {}
COMMAND: GET /session/06820c29678f15015ffe824e569d7d5a/screenshot - {}
RESULT: {}
COMMAND: POST /session/06820c29678f15015ffe824e569d7d5a/element - {"using":"xpath","value":"//input[@id=\"application-managesites-display-component---NewSite--addressDetailDetailsCalendar-inner\"]"}
RESULT: {"using":"xpath","value":"//input[@id=\"application-managesites-display-component---NewSite--addressDetailDetailsCalendar-inner\"]"}
COMMAND: POST /session/06820c29678f15015ffe824e569d7d5a/element/f.696EFCE712E801319DC54DDC19215679.d.37B31E838506234205DC321501B17414.e.13424/clear - {}
RESULT: {}
COMMAND: POST /session/06820c29678f15015ffe824e569d7d5a/element/f.696EFCE712E801319DC54DDC19215679.d.37B31E838506234205DC321501B17414.e.13424/value - {"text":"Unit"}
COMMAND: GET /session/06820c29678f15015ffe824e569d7d5a/screenshot - {}
RESULT: {"text":"Unit"}
COMMAND: GET /session/06820c29678f15015ffe824e569d7d5a/screenshot - {}
RESULT: {}
RESULT: {}
COMMAND: POST /session/06820c29678f15015ffe824e569d7d5a/actions - {"actions":[{"id":"action43","type":"key","parameters":{},"actions":[{"type":"keyDown","value":"î€‡"},{"type":"pause","duration":10},{"type":"keyUp","value":"î€‡"}]}]}
RESULT: {"actions":[{"id":"action43","type":"key","parameters":{},"actions":[{"type":"keyDown","value":"î€‡"},{"type":"pause","duration":10},{"type":"keyUp","value":"î€‡"}]}]}
COMMAND: POST /session/06820c29678f15015ffe824e569d7d5a/element - {"using":"xpath","value":"//input[@id=\"application-managesites-display-component---NewSite--addressDetailDetailsYard-inner\"]"}
COMMAND: GET /session/06820c29678f15015ffe824e569d7d5a/screenshot - {}
RESULT: {"using":"xpath","value":"//input[@id=\"application-managesites-display-component---NewSite--addressDetailDetailsYard-inner\"]"}
COMMAND: POST /session/06820c29678f15015ffe824e569d7d5a/element/f.696EFCE712E801319DC54DDC19215679.d.37B31E838506234205DC321501B17414.e.13425/clear - {}
RESULT: {}
RESULT: {}
COMMAND: POST /session/06820c29678f15015ffe824e569d7d5a/element/f.696EFCE712E801319DC54DDC19215679.d.37B31E838506234205DC321501B17414.e.13425/value - {"text":"561"}
COMMAND: GET /session/06820c29678f15015ffe824e569d7d5a/screenshot - {}
RESULT: {"text":"561"}
COMMAND: GET /session/06820c29678f15015ffe824e569d7d5a/screenshot - {}
RESULT: {}
RESULT: {}
COMMAND: POST /session/06820c29678f15015ffe824e569d7d5a/element - {"using":"xpath","value":"//li[.//span[text()='561']]"}
RESULT: {"using":"xpath","value":"//li[.//span[text()='561']]"}
COMMAND: POST /session/06820c29678f15015ffe824e569d7d5a/element/f.696EFCE712E801319DC54DDC19215679.d.37B31E838506234205DC321501B17414.e.13720/click - {}
RESULT: {}
COMMAND: GET /session/06820c29678f15015ffe824e569d7d5a/screenshot - {}
RESULT: {}
COMMAND: POST /session/06820c29678f15015ffe824e569d7d5a/element - {"using":"xpath","value":"//input[@id=\"application-managesites-display-component---NewSite--addressDetailDetailsPartner-inner\"]"}
RESULT: {"using":"xpath","value":"//input[@id=\"application-managesites-display-component---NewSite--addressDetailDetailsPartner-inner\"]"}
COMMAND: POST /session/06820c29678f15015ffe824e569d7d5a/element - {"using":"xpath","value":"//input[@id=\"application-managesites-display-component---NewSite--addressDetailDetailsPartner-inner\"]"}
RESULT: {"using":"xpath","value":"//input[@id=\"application-managesites-display-component---NewSite--addressDetailDetailsPartner-inner\"]"}
COMMAND: POST /session/06820c29678f15015ffe824e569d7d5a/element - {"using":"xpath","value":"//button[@data-kt=\"saveButton\"]"}
RESULT: {"using":"xpath","value":"//button[@data-kt=\"saveButton\"]"}
COMMAND: POST /session/06820c29678f15015ffe824e569d7d5a/element/f.696EFCE712E801319DC54DDC19215679.d.37B31E838506234205DC321501B17414.e.13600/click - {}
RESULT: {}
COMMAND: GET /session/06820c29678f15015ffe824e569d7d5a/screenshot - {}
RESULT: {}
COMMAND: POST /session/06820c29678f15015ffe824e569d7d5a/element - {"using":"xpath","value":"//header[contains(@id, 'ObjectPageLayout-headerTitle')]/div[1]/div[2]/div[2]/span[1]"}
RESULT: {"using":"xpath","value":"//header[contains(@id, 'ObjectPageLayout-headerTitle')]/div[1]/div[2]/div[2]/span[1]"}
COMMAND: POST /session/06820c29678f15015ffe824e569d7d5a/elements - {"using":"xpath","value":"//header[contains(@id, 'ObjectPageLayout-headerTitle')]/div[1]/div[2]/div[2]/span[1]"}
RESULT: {"using":"xpath","value":"//header[contains(@id, 'ObjectPageLayout-headerTitle')]/div[1]/div[2]/div[2]/span[1]"}
COMMAND: POST /session/06820c29678f15015ffe824e569d7d5a/execute/sync - {"script":"<script> [56 bytes]","args":[{"element-6066-11e4-a52e-4f735466cecf":"f.696EFCE712E801319DC54DDC19215679.d.37B31E838506234205DC321501B17414.e.13922","ELEMENT":"f.696EFCE712E801319DC54DDC19215679.d.37B31E838506234205DC321501B17414.e.13922"}]}
RESULT: {"script":"<script> [56 bytes]","args":[{"element-6066-11e4-a52e-4f735466cecf":"f.696EFCE712E801319DC54DDC19215679.d.37B31E838506234205DC321501B17414.e.13922","ELEMENT":"f.696EFCE712E801319DC54DDC19215679.d.37B31E838506234205DC321501B17414.e.13922"}]}
COMMAND: POST /session/06820c29678f15015ffe824e569d7d5a/element - {"using":"css selector","value":"#shell-header-logo"}
COMMAND: GET /session/06820c29678f15015ffe824e569d7d5a/screenshot - {}
RESULT: {"using":"css selector","value":"#shell-header-logo"}
COMMAND: POST /session/06820c29678f15015ffe824e569d7d5a/element/f.696EFCE712E801319DC54DDC19215679.d.37B31E838506234205DC321501B17414.e.12997/click - {}
RESULT: {}
RESULT: {}
COMMAND: GET /session/06820c29678f15015ffe824e569d7d5a/screenshot - {}
RESULT: {}
COMMAND: POST /session/06820c29678f15015ffe824e569d7d5a/execute/sync - {"script":"<script> [299 bytes]","args":[["getModel","getResource"]]}
RESULT: {"script":"<script> [299 bytes]","args":[["getModel","getResource"]]}
]]></system-out>
    </testcase>
    <testcase classname="chrome.136_0_7103_93.windows.Provide_to_Site_w/o_warehouse_management_w/_clarification_US116605" name="Should create a new material" time="110.464">
      <system-out><![CDATA[
COMMAND: POST /session/06820c29678f15015ffe824e569d7d5a/execute/async - {"script":"<script> [1562 bytes]","args":[{"selector":{"controlType":"sap.m.GenericTile","properties":{"header":"Manage Resources"}},"wdio_ui5_key":"sapm.GenericTile{\"header\":\"Manage Resources\"}"}]}
COMMAND: GET /session/06820c29678f15015ffe824e569d7d5a/screenshot - {}
RESULT: {"script":"<script> [1562 bytes]","args":[{"selector":{"controlType":"sap.m.GenericTile","properties":{"header":"Manage Resources"}},"wdio_ui5_key":"sapm.GenericTile{\"header\":\"Manage Resources\"}"}]}
RESULT: undefined
COMMAND: POST /session/06820c29678f15015ffe824e569d7d5a/element - {"using":"xpath","value":"//*[@id=\"__tile31\"]"}
RESULT: {}
RESULT: {"using":"xpath","value":"//*[@id=\"__tile31\"]"}
COMMAND: POST /session/06820c29678f15015ffe824e569d7d5a/element/f.696EFCE712E801319DC54DDC19215679.d.37B31E838506234205DC321501B17414.e.11458/click - {}
RESULT: {}
COMMAND: GET /session/06820c29678f15015ffe824e569d7d5a/screenshot - {}
RESULT: {}
COMMAND: POST /session/06820c29678f15015ffe824e569d7d5a/elements - {"using":"xpath","value":"//span[text()='Error']"}
RESULT: {"using":"xpath","value":"//span[text()='Error']"}
COMMAND: POST /session/06820c29678f15015ffe824e569d7d5a/element - {"using":"xpath","value":"//button[@data-kt=\"addNewRUOverflowToolbarButton\"]"}
RESULT: {"using":"xpath","value":"//button[@data-kt=\"addNewRUOverflowToolbarButton\"]"}
COMMAND: POST /session/06820c29678f15015ffe824e569d7d5a/elements - {"using":"xpath","value":"//button[@data-kt=\"addNewRUOverflowToolbarButton\"]"}
RESULT: {"using":"xpath","value":"//button[@data-kt=\"addNewRUOverflowToolbarButton\"]"}
COMMAND: POST /session/06820c29678f15015ffe824e569d7d5a/execute/sync - {"script":"<script> [8489 bytes]","args":[{"element-6066-11e4-a52e-4f735466cecf":"f.696EFCE712E801319DC54DDC19215679.d.37B31E838506234205DC321501B17414.e.13963","ELEMENT":"f.696EFCE712E801319DC54DDC19215679.d.37B31E838506234205DC321501B17414.e.13963"}]}
RESULT: {"script":"<script> [8489 bytes]","args":[{"element-6066-11e4-a52e-4f735466cecf":"f.696EFCE712E801319DC54DDC19215679.d.37B31E838506234205DC321501B17414.e.13963","ELEMENT":"f.696EFCE712E801319DC54DDC19215679.d.37B31E838506234205DC321501B17414.e.13963"}]}
COMMAND: GET /session/06820c29678f15015ffe824e569d7d5a/element/f.696EFCE712E801319DC54DDC19215679.d.37B31E838506234205DC321501B17414.e.13963/enabled - {}
COMMAND: GET /session/06820c29678f15015ffe824e569d7d5a/screenshot - {}
RESULT: {}
COMMAND: POST /session/06820c29678f15015ffe824e569d7d5a/execute/sync - {"script":"<script> [8489 bytes]","args":[{"element-6066-11e4-a52e-4f735466cecf":"f.696EFCE712E801319DC54DDC19215679.d.37B31E838506234205DC321501B17414.e.13963","ELEMENT":"f.696EFCE712E801319DC54DDC19215679.d.37B31E838506234205DC321501B17414.e.13963"}]}
COMMAND: GET /session/06820c29678f15015ffe824e569d7d5a/screenshot - {}
RESULT: {}
RESULT: {"script":"<script> [8489 bytes]","args":[{"element-6066-11e4-a52e-4f735466cecf":"f.696EFCE712E801319DC54DDC19215679.d.37B31E838506234205DC321501B17414.e.13963","ELEMENT":"f.696EFCE712E801319DC54DDC19215679.d.37B31E838506234205DC321501B17414.e.13963"}]}
COMMAND: POST /session/06820c29678f15015ffe824e569d7d5a/execute/sync - {"script":"<script> [5351 bytes]","args":[{"element-6066-11e4-a52e-4f735466cecf":"f.696EFCE712E801319DC54DDC19215679.d.37B31E838506234205DC321501B17414.e.13963","ELEMENT":"f.696EFCE712E801319DC54DDC19215679.d.37B31E838506234205DC321501B17414.e.13963"}]}
COMMAND: GET /session/06820c29678f15015ffe824e569d7d5a/screenshot - {}
RESULT: {}
RESULT: {"script":"<script> [5351 bytes]","args":[{"element-6066-11e4-a52e-4f735466cecf":"f.696EFCE712E801319DC54DDC19215679.d.37B31E838506234205DC321501B17414.e.13963","ELEMENT":"f.696EFCE712E801319DC54DDC19215679.d.37B31E838506234205DC321501B17414.e.13963"}]}
COMMAND: POST /session/06820c29678f15015ffe824e569d7d5a/element/f.696EFCE712E801319DC54DDC19215679.d.37B31E838506234205DC321501B17414.e.13963/click - {}
COMMAND: GET /session/06820c29678f15015ffe824e569d7d5a/screenshot - {}
RESULT: {}
RESULT: {}
COMMAND: GET /session/06820c29678f15015ffe824e569d7d5a/screenshot - {}
COMMAND: POST /session/06820c29678f15015ffe824e569d7d5a/execute/async - {"script":"<script> [1562 bytes]","args":[{"selector":{"id":"application-manageresources-display-component---newResourceUnit--TYPE-arrow"},"wdio_ui5_key":"applicationmanageresources-display-component---newResourceUnit--TYPE-arrow"}]}
RESULT: {}
RESULT: {}
RESULT: {"script":"<script> [1562 bytes]","args":[{"selector":{"id":"application-manageresources-display-component---newResourceUnit--TYPE-arrow"},"wdio_ui5_key":"applicationmanageresources-display-component---newResourceUnit--TYPE-arrow"}]}
RESULT: undefined
COMMAND: POST /session/06820c29678f15015ffe824e569d7d5a/element - {"using":"xpath","value":"//*[@id=\"application-manageresources-display-component---newResourceUnit--TYPE-arrow\"]"}
RESULT: {"using":"xpath","value":"//*[@id=\"application-manageresources-display-component---newResourceUnit--TYPE-arrow\"]"}
COMMAND: POST /session/06820c29678f15015ffe824e569d7d5a/element/f.696EFCE712E801319DC54DDC19215679.d.37B31E838506234205DC321501B17414.e.14314/click - {}
RESULT: {}
COMMAND: POST /session/06820c29678f15015ffe824e569d7d5a/element - {"using":"xpath","value":"//input[@id=\"application-manageresources-display-component---newResourceUnit--TYPE-inner\"]"}
COMMAND: GET /session/06820c29678f15015ffe824e569d7d5a/screenshot - {}
RESULT: {"using":"xpath","value":"//input[@id=\"application-manageresources-display-component---newResourceUnit--TYPE-inner\"]"}
COMMAND: POST /session/06820c29678f15015ffe824e569d7d5a/element/f.696EFCE712E801319DC54DDC19215679.d.37B31E838506234205DC321501B17414.e.14304/clear - {}
RESULT: {}
RESULT: {}
COMMAND: POST /session/06820c29678f15015ffe824e569d7d5a/element/f.696EFCE712E801319DC54DDC19215679.d.37B31E838506234205DC321501B17414.e.14304/value - {"text":"Material"}
COMMAND: GET /session/06820c29678f15015ffe824e569d7d5a/screenshot - {}
RESULT: {"text":"Material"}
COMMAND: GET /session/06820c29678f15015ffe824e569d7d5a/screenshot - {}
RESULT: {}
RESULT: {}
COMMAND: POST /session/06820c29678f15015ffe824e569d7d5a/actions - {"actions":[{"id":"action44","type":"key","parameters":{},"actions":[{"type":"keyDown","value":"î€‡"},{"type":"pause","duration":10},{"type":"keyUp","value":"î€‡"}]}]}
RESULT: {"actions":[{"id":"action44","type":"key","parameters":{},"actions":[{"type":"keyDown","value":"î€‡"},{"type":"pause","duration":10},{"type":"keyUp","value":"î€‡"}]}]}
COMMAND: POST /session/06820c29678f15015ffe824e569d7d5a/execute/async - {"script":"<script> [1562 bytes]","args":[{"selector":{"id":"application-manageresources-display-component---newResourceUnit--SHORT_TEXT","interaction":{"idSuffix":"inner"}},"wdio_ui5_key":"applicationmanageresources-display-component---newResourceUnit--SHORT_TEXT"}]}
COMMAND: GET /session/06820c29678f15015ffe824e569d7d5a/screenshot - {}
RESULT: {"script":"<script> [1562 bytes]","args":[{"selector":{"id":"application-manageresources-display-component---newResourceUnit--SHORT_TEXT","interaction":{"idSuffix":"inner"}},"wdio_ui5_key":"applicationmanageresources-display-component---newResourceUnit--SHORT_TEXT"}]}
RESULT: undefined
COMMAND: POST /session/06820c29678f15015ffe824e569d7d5a/execute/async - {"script":"<script> [776 bytes]","args":[{"enterText":"Cement WDIO","selector":{"id":"application-manageresources-display-component---newResourceUnit--SHORT_TEXT","interaction":{"idSuffix":"inner"}},"clearTextFirst":true,"interactionType":"ENTER_TEXT"}]}
RESULT: {}
RESULT: {"script":"<script> [776 bytes]","args":[{"enterText":"Cement WDIO","selector":{"id":"application-manageresources-display-component---newResourceUnit--SHORT_TEXT","interaction":{"idSuffix":"inner"}},"clearTextFirst":true,"interactionType":"ENTER_TEXT"}]}
COMMAND: POST /session/06820c29678f15015ffe824e569d7d5a/execute/async - {"script":"<script> [1562 bytes]","args":[{"selector":{"id":"application-manageresources-display-component---newResourceUnit--BASE_UNIT_OF_MEASURE","interaction":{"idSuffix":"inner"}},"wdio_ui5_key":"applicationmanageresources-display-component---newResourceUnit--BASE_UNIT_OF_MEASURE"}]}
RESULT: {"script":"<script> [1562 bytes]","args":[{"selector":{"id":"application-manageresources-display-component---newResourceUnit--BASE_UNIT_OF_MEASURE","interaction":{"idSuffix":"inner"}},"wdio_ui5_key":"applicationmanageresources-display-component---newResourceUnit--BASE_UNIT_OF_MEASURE"}]}
RESULT: undefined
COMMAND: POST /session/06820c29678f15015ffe824e569d7d5a/execute/async - {"script":"<script> [776 bytes]","args":[{"enterText":"Piece","selector":{"id":"application-manageresources-display-component---newResourceUnit--BASE_UNIT_OF_MEASURE","interaction":{"idSuffix":"inner"}},"clearTextFirst":true,"interactionType":"ENTER_TEXT"}]}
RESULT: {"script":"<script> [776 bytes]","args":[{"enterText":"Piece","selector":{"id":"application-manageresources-display-component---newResourceUnit--BASE_UNIT_OF_MEASURE","interaction":{"idSuffix":"inner"}},"clearTextFirst":true,"interactionType":"ENTER_TEXT"}]}
COMMAND: POST /session/06820c29678f15015ffe824e569d7d5a/execute/async - {"script":"<script> [1562 bytes]","args":[{"selector":{"id":"application-manageresources-display-component---newResourceUnit--WEIGHT_UNIT","interaction":{"idSuffix":"inner"}},"wdio_ui5_key":"applicationmanageresources-display-component---newResourceUnit--WEIGHT_UNIT"}]}
RESULT: {"script":"<script> [1562 bytes]","args":[{"selector":{"id":"application-manageresources-display-component---newResourceUnit--WEIGHT_UNIT","interaction":{"idSuffix":"inner"}},"wdio_ui5_key":"applicationmanageresources-display-component---newResourceUnit--WEIGHT_UNIT"}]}
RESULT: undefined
COMMAND: POST /session/06820c29678f15015ffe824e569d7d5a/execute/async - {"script":"<script> [776 bytes]","args":[{"enterText":"Gram","selector":{"id":"application-manageresources-display-component---newResourceUnit--WEIGHT_UNIT","interaction":{"idSuffix":"inner"}},"clearTextFirst":true,"interactionType":"ENTER_TEXT"}]}
RESULT: {"script":"<script> [776 bytes]","args":[{"enterText":"Gram","selector":{"id":"application-manageresources-display-component---newResourceUnit--WEIGHT_UNIT","interaction":{"idSuffix":"inner"}},"clearTextFirst":true,"interactionType":"ENTER_TEXT"}]}
COMMAND: POST /session/06820c29678f15015ffe824e569d7d5a/execute/async - {"script":"<script> [1562 bytes]","args":[{"selector":{"id":"application-manageresources-display-component---newResourceUnit--DIMENSION_UNIT","interaction":{"idSuffix":"inner"}},"wdio_ui5_key":"applicationmanageresources-display-component---newResourceUnit--DIMENSION_UNIT"}]}
RESULT: {"script":"<script> [1562 bytes]","args":[{"selector":{"id":"application-manageresources-display-component---newResourceUnit--DIMENSION_UNIT","interaction":{"idSuffix":"inner"}},"wdio_ui5_key":"applicationmanageresources-display-component---newResourceUnit--DIMENSION_UNIT"}]}
RESULT: undefined
COMMAND: POST /session/06820c29678f15015ffe824e569d7d5a/execute/async - {"script":"<script> [776 bytes]","args":[{"enterText":"Meter","selector":{"id":"application-manageresources-display-component---newResourceUnit--DIMENSION_UNIT","interaction":{"idSuffix":"inner"}},"clearTextFirst":true,"interactionType":"ENTER_TEXT"}]}
RESULT: {"script":"<script> [776 bytes]","args":[{"enterText":"Meter","selector":{"id":"application-manageresources-display-component---newResourceUnit--DIMENSION_UNIT","interaction":{"idSuffix":"inner"}},"clearTextFirst":true,"interactionType":"ENTER_TEXT"}]}
COMMAND: POST /session/06820c29678f15015ffe824e569d7d5a/execute/async - {"script":"<script> [1562 bytes]","args":[{"selector":{"id":"application-manageresources-display-component---newResourceUnit--newRRUPage-anchBar-application-manageresources-display-component---newResourceUnit--control-anchor","interaction":{"idSuffix":"BDI-content"}},"wdio_ui5_key":"applicationmanageresources-display-component---newResourceUnit--newRRUPage-anchBar-application-manageresources-display-component---newResourceUnit--control-anchor"}]}
RESULT: {"script":"<script> [1562 bytes]","args":[{"selector":{"id":"application-manageresources-display-component---newResourceUnit--newRRUPage-anchBar-application-manageresources-display-component---newResourceUnit--control-anchor","interaction":{"idSuffix":"BDI-content"}},"wdio_ui5_key":"applicationmanageresources-display-component---newResourceUnit--newRRUPage-anchBar-application-manageresources-display-component---newResourceUnit--control-anchor"}]}
RESULT: undefined
COMMAND: POST /session/06820c29678f15015ffe824e569d7d5a/element - {"using":"xpath","value":"//*[@id=\"application-manageresources-display-component---newResourceUnit--newRRUPage-anchBar-application-manageresources-display-component---newResourceUnit--control-anchor\"]"}
RESULT: {"using":"xpath","value":"//*[@id=\"application-manageresources-display-component---newResourceUnit--newRRUPage-anchBar-application-manageresources-display-component---newResourceUnit--control-anchor\"]"}
COMMAND: POST /session/06820c29678f15015ffe824e569d7d5a/element/f.696EFCE712E801319DC54DDC19215679.d.37B31E838506234205DC321501B17414.e.14378/click - {}
RESULT: {}
COMMAND: POST /session/06820c29678f15015ffe824e569d7d5a/execute/async - {"script":"<script> [1562 bytes]","args":[{"selector":{"id":"application-manageresources-display-component---newResourceUnit--PLANNING_GROUP","interaction":{"idSuffix":"inner"}},"wdio_ui5_key":"applicationmanageresources-display-component---newResourceUnit--PLANNING_GROUP"}]}
COMMAND: GET /session/06820c29678f15015ffe824e569d7d5a/screenshot - {}
RESULT: {"script":"<script> [1562 bytes]","args":[{"selector":{"id":"application-manageresources-display-component---newResourceUnit--PLANNING_GROUP","interaction":{"idSuffix":"inner"}},"wdio_ui5_key":"applicationmanageresources-display-component---newResourceUnit--PLANNING_GROUP"}]}
RESULT: undefined
COMMAND: POST /session/06820c29678f15015ffe824e569d7d5a/execute/async - {"script":"<script> [776 bytes]","args":[{"enterText":"Material","selector":{"id":"application-manageresources-display-component---newResourceUnit--PLANNING_GROUP","interaction":{"idSuffix":"inner"}},"clearTextFirst":true,"interactionType":"ENTER_TEXT"}]}
RESULT: {}
RESULT: {"script":"<script> [776 bytes]","args":[{"enterText":"Material","selector":{"id":"application-manageresources-display-component---newResourceUnit--PLANNING_GROUP","interaction":{"idSuffix":"inner"}},"clearTextFirst":true,"interactionType":"ENTER_TEXT"}]}
COMMAND: POST /session/06820c29678f15015ffe824e569d7d5a/execute/async - {"script":"<script> [1562 bytes]","args":[{"selector":{"id":"application-manageresources-display-component---newResourceUnit--PLANNING_INDICATOR","interaction":{"idSuffix":"inner"}},"wdio_ui5_key":"applicationmanageresources-display-component---newResourceUnit--PLANNING_INDICATOR"}]}
RESULT: {"script":"<script> [1562 bytes]","args":[{"selector":{"id":"application-manageresources-display-component---newResourceUnit--PLANNING_INDICATOR","interaction":{"idSuffix":"inner"}},"wdio_ui5_key":"applicationmanageresources-display-component---newResourceUnit--PLANNING_INDICATOR"}]}
RESULT: undefined
COMMAND: POST /session/06820c29678f15015ffe824e569d7d5a/execute/async - {"script":"<script> [776 bytes]","args":[{"enterText":"10 - infinite","selector":{"id":"application-manageresources-display-component---newResourceUnit--PLANNING_INDICATOR","interaction":{"idSuffix":"inner"}},"clearTextFirst":true,"interactionType":"ENTER_TEXT"}]}
RESULT: {"script":"<script> [776 bytes]","args":[{"enterText":"10 - infinite","selector":{"id":"application-manageresources-display-component---newResourceUnit--PLANNING_INDICATOR","interaction":{"idSuffix":"inner"}},"clearTextFirst":true,"interactionType":"ENTER_TEXT"}]}
COMMAND: POST /session/06820c29678f15015ffe824e569d7d5a/element - {"using":"css selector","value":"#application-manageresources-display-component---newResourceUnit--btnAddTimeSegment"}
RESULT: {"using":"css selector","value":"#application-manageresources-display-component---newResourceUnit--btnAddTimeSegment"}
COMMAND: GET /session/06820c29678f15015ffe824e569d7d5a/element/f.696EFCE712E801319DC54DDC19215679.d.37B31E838506234205DC321501B17414.e.14388/rect - {}
RESULT: {}
COMMAND: GET /session/06820c29678f15015ffe824e569d7d5a/window/rect - {}
RESULT: {}
COMMAND: POST /session/06820c29678f15015ffe824e569d7d5a/execute/sync - {"script":"<script> [92 bytes]","args":[]}
RESULT: {"script":"<script> [92 bytes]","args":[]}
COMMAND: POST /session/06820c29678f15015ffe824e569d7d5a/actions - {"actions":[{"id":"action45","type":"wheel","parameters":{},"actions":[{"type":"scroll","x":-1888,"y":-32,"deltaX":0,"deltaY":0,"duration":0,"origin":{"element-6066-11e4-a52e-4f735466cecf":"f.696EFCE712E801319DC54DDC19215679.d.37B31E838506234205DC321501B17414.e.14388"}}]}]}
COMMAND: GET /session/06820c29678f15015ffe824e569d7d5a/screenshot - {}
RESULT: {}
COMMAND: POST /session/06820c29678f15015ffe824e569d7d5a/execute/sync - {"script":"<script> [79 bytes]","args":[{"element-6066-11e4-a52e-4f735466cecf":"f.696EFCE712E801319DC54DDC19215679.d.37B31E838506234205DC321501B17414.e.14388","ELEMENT":"f.696EFCE712E801319DC54DDC19215679.d.37B31E838506234205DC321501B17414.e.14388"},{"block":"start","inline":"nearest"}]}
RESULT: {"script":"<script> [79 bytes]","args":[{"element-6066-11e4-a52e-4f735466cecf":"f.696EFCE712E801319DC54DDC19215679.d.37B31E838506234205DC321501B17414.e.14388","ELEMENT":"f.696EFCE712E801319DC54DDC19215679.d.37B31E838506234205DC321501B17414.e.14388"},{"block":"start","inline":"nearest"}]}
COMMAND: POST /session/06820c29678f15015ffe824e569d7d5a/execute/async - {"script":"<script> [1562 bytes]","args":[{"selector":{"id":"application-manageresources-display-component---newResourceUnit--btnAddTimeSegment","interaction":{"idSuffix":"inner"}},"wdio_ui5_key":"applicationmanageresources-display-component---newResourceUnit--btnAddTimeSegment"}]}
COMMAND: GET /session/06820c29678f15015ffe824e569d7d5a/screenshot - {}
RESULT: {"script":"<script> [1562 bytes]","args":[{"selector":{"id":"application-manageresources-display-component---newResourceUnit--btnAddTimeSegment","interaction":{"idSuffix":"inner"}},"wdio_ui5_key":"applicationmanageresources-display-component---newResourceUnit--btnAddTimeSegment"}]}
RESULT: undefined
COMMAND: POST /session/06820c29678f15015ffe824e569d7d5a/element - {"using":"xpath","value":"//*[@id=\"application-manageresources-display-component---newResourceUnit--btnAddTimeSegment\"]"}
RESULT: {}
RESULT: {"using":"xpath","value":"//*[@id=\"application-manageresources-display-component---newResourceUnit--btnAddTimeSegment\"]"}
COMMAND: POST /session/06820c29678f15015ffe824e569d7d5a/element/f.696EFCE712E801319DC54DDC19215679.d.37B31E838506234205DC321501B17414.e.14388/click - {}
RESULT: {}
COMMAND: GET /session/06820c29678f15015ffe824e569d7d5a/screenshot - {}
RESULT: {}
COMMAND: POST /session/06820c29678f15015ffe824e569d7d5a/element - {"using":"xpath","value":"//input[@id=\"application-manageresources-display-component---newResourceUnit--idRuTSAdmin-application-manageresources-display-component---newResourceUnit--RUTimeSegment-0-inner\"]"}
RESULT: {"using":"xpath","value":"//input[@id=\"application-manageresources-display-component---newResourceUnit--idRuTSAdmin-application-manageresources-display-component---newResourceUnit--RUTimeSegment-0-inner\"]"}
COMMAND: POST /session/06820c29678f15015ffe824e569d7d5a/element/f.696EFCE712E801319DC54DDC19215679.d.37B31E838506234205DC321501B17414.e.14393/clear - {}
RESULT: {}
COMMAND: POST /session/06820c29678f15015ffe824e569d7d5a/element/f.696EFCE712E801319DC54DDC19215679.d.37B31E838506234205DC321501B17414.e.14393/value - {"text":"561"}
COMMAND: GET /session/06820c29678f15015ffe824e569d7d5a/screenshot - {}
RESULT: {"text":"561"}
COMMAND: GET /session/06820c29678f15015ffe824e569d7d5a/screenshot - {}
RESULT: {}
RESULT: {}
COMMAND: POST /session/06820c29678f15015ffe824e569d7d5a/element - {"using":"xpath","value":"//li[.//span[text()='561']]"}
RESULT: {"using":"xpath","value":"//li[.//span[text()='561']]"}
COMMAND: POST /session/06820c29678f15015ffe824e569d7d5a/element/f.696EFCE712E801319DC54DDC19215679.d.37B31E838506234205DC321501B17414.e.14402/click - {}
RESULT: {}
COMMAND: GET /session/06820c29678f15015ffe824e569d7d5a/screenshot - {}
RESULT: {}
COMMAND: POST /session/06820c29678f15015ffe824e569d7d5a/element - {"using":"xpath","value":"(//span[contains(@id, \"-application-manageresources-display-component---newResourceUnit--RUTimeSegment-0-arrow\")])[2]"}
RESULT: {"using":"xpath","value":"(//span[contains(@id, \"-application-manageresources-display-component---newResourceUnit--RUTimeSegment-0-arrow\")])[2]"}
COMMAND: POST /session/06820c29678f15015ffe824e569d7d5a/element/f.696EFCE712E801319DC54DDC19215679.d.37B31E838506234205DC321501B17414.e.14403/click - {}
RESULT: {}
COMMAND: POST /session/06820c29678f15015ffe824e569d7d5a/element - {"using":"xpath","value":"//span[contains(text(), \"PM Order\")]"}
COMMAND: GET /session/06820c29678f15015ffe824e569d7d5a/screenshot - {}
RESULT: {"using":"xpath","value":"//span[contains(text(), \"PM Order\")]"}
COMMAND: POST /session/06820c29678f15015ffe824e569d7d5a/element/f.696EFCE712E801319DC54DDC19215679.d.37B31E838506234205DC321501B17414.e.14404/click - {}
RESULT: {}
RESULT: {}
COMMAND: GET /session/06820c29678f15015ffe824e569d7d5a/screenshot - {}
RESULT: {}
COMMAND: POST /session/06820c29678f15015ffe824e569d7d5a/element - {"using":"xpath","value":"//td/div/div/div/span[contains(@id, \"newResourceUnit--RUTimeSegment-0-vhi\")][1]"}
RESULT: {"using":"xpath","value":"//td/div/div/div/span[contains(@id, \"newResourceUnit--RUTimeSegment-0-vhi\")][1]"}
COMMAND: GET /session/06820c29678f15015ffe824e569d7d5a/element/f.696EFCE712E801319DC54DDC19215679.d.37B31E838506234205DC321501B17414.e.14408/rect - {}
RESULT: {}
COMMAND: GET /session/06820c29678f15015ffe824e569d7d5a/window/rect - {}
RESULT: {}
COMMAND: POST /session/06820c29678f15015ffe824e569d7d5a/execute/sync - {"script":"<script> [92 bytes]","args":[]}
RESULT: {"script":"<script> [92 bytes]","args":[]}
COMMAND: POST /session/06820c29678f15015ffe824e569d7d5a/actions - {"actions":[{"id":"action46","type":"wheel","parameters":{},"actions":[{"type":"scroll","x":-1888,"y":-24,"deltaX":0,"deltaY":0,"duration":0,"origin":{"element-6066-11e4-a52e-4f735466cecf":"f.696EFCE712E801319DC54DDC19215679.d.37B31E838506234205DC321501B17414.e.14408"}}]}]}
COMMAND: GET /session/06820c29678f15015ffe824e569d7d5a/screenshot - {}
RESULT: {}
COMMAND: POST /session/06820c29678f15015ffe824e569d7d5a/execute/sync - {"script":"<script> [79 bytes]","args":[{"element-6066-11e4-a52e-4f735466cecf":"f.696EFCE712E801319DC54DDC19215679.d.37B31E838506234205DC321501B17414.e.14408","ELEMENT":"f.696EFCE712E801319DC54DDC19215679.d.37B31E838506234205DC321501B17414.e.14408"},{"block":"start","inline":"nearest"}]}
RESULT: {"script":"<script> [79 bytes]","args":[{"element-6066-11e4-a52e-4f735466cecf":"f.696EFCE712E801319DC54DDC19215679.d.37B31E838506234205DC321501B17414.e.14408","ELEMENT":"f.696EFCE712E801319DC54DDC19215679.d.37B31E838506234205DC321501B17414.e.14408"},{"block":"start","inline":"nearest"}]}
COMMAND: GET /session/06820c29678f15015ffe824e569d7d5a/screenshot - {}
RESULT: {}
COMMAND: POST /session/06820c29678f15015ffe824e569d7d5a/element/f.696EFCE712E801319DC54DDC19215679.d.37B31E838506234205DC321501B17414.e.14408/click - {}
RESULT: {}
COMMAND: GET /session/06820c29678f15015ffe824e569d7d5a/screenshot - {}
RESULT: {}
RESULT: undefined
COMMAND: POST /session/06820c29678f15015ffe824e569d7d5a/execute/async - {"script":"<script> [776 bytes]","args":[{"enterText":"4000360","selector":{"controlType":"sap.m.SearchField","properties":{"placeholder":"Search"},"searchOpenDialogs":true,"interaction":{"idSuffix":"I"}},"clearTextFirst":true,"interactionType":"ENTER_TEXT"}]}
RESULT: {"script":"<script> [776 bytes]","args":[{"enterText":"4000360","selector":{"controlType":"sap.m.SearchField","properties":{"placeholder":"Search"},"searchOpenDialogs":true,"interaction":{"idSuffix":"I"}},"clearTextFirst":true,"interactionType":"ENTER_TEXT"}]}
COMMAND: POST /session/06820c29678f15015ffe824e569d7d5a/actions - {"actions":[{"id":"action47","type":"key","parameters":{},"actions":[{"type":"keyDown","value":"î€‡"},{"type":"pause","duration":10},{"type":"keyUp","value":"î€‡"}]}]}
RESULT: {"actions":[{"id":"action47","type":"key","parameters":{},"actions":[{"type":"keyDown","value":"î€‡"},{"type":"pause","duration":10},{"type":"keyUp","value":"î€‡"}]}]}
COMMAND: GET /session/06820c29678f15015ffe824e569d7d5a/screenshot - {}
RESULT: {}
COMMAND: POST /session/06820c29678f15015ffe824e569d7d5a/element - {"using":"xpath","value":"//td/div/span[contains(text(), \"BGL Vehicles\")]"}
RESULT: {"using":"xpath","value":"//td/div/span[contains(text(), \"BGL Vehicles\")]"}
COMMAND: POST /session/06820c29678f15015ffe824e569d7d5a/element/f.696EFCE712E801319DC54DDC19215679.d.37B31E838506234205DC321501B17414.e.14427/click - {}
RESULT: {}
COMMAND: GET /session/06820c29678f15015ffe824e569d7d5a/screenshot - {}
RESULT: {}
COMMAND: POST /session/06820c29678f15015ffe824e569d7d5a/element - {"using":"xpath","value":"//bdi[contains(text(), \"OK\")]"}
RESULT: {"using":"xpath","value":"//bdi[contains(text(), \"OK\")]"}
COMMAND: POST /session/06820c29678f15015ffe824e569d7d5a/element/f.696EFCE712E801319DC54DDC19215679.d.37B31E838506234205DC321501B17414.e.14428/click - {}
RESULT: {}
COMMAND: GET /session/06820c29678f15015ffe824e569d7d5a/screenshot - {}
RESULT: {}
COMMAND: POST /session/06820c29678f15015ffe824e569d7d5a/element - {"using":"xpath","value":"//label[contains(@class, 'sapMLabelRequired') and .//bdi[contains(text(), 'Planned Retirement')]]"}
RESULT: {"using":"xpath","value":"//label[contains(@class, 'sapMLabelRequired') and .//bdi[contains(text(), 'Planned Retirement')]]"}
COMMAND: POST /session/06820c29678f15015ffe824e569d7d5a/elements - {"using":"xpath","value":"//label[contains(@class, 'sapMLabelRequired') and .//bdi[contains(text(), 'Planned Retirement')]]"}
RESULT: {"using":"xpath","value":"//label[contains(@class, 'sapMLabelRequired') and .//bdi[contains(text(), 'Planned Retirement')]]"}
COMMAND: POST /session/06820c29678f15015ffe824e569d7d5a/element - {"using":"xpath","value":"//button[@data-kt=\"resourceUnitSaveButton\"]"}
RESULT: {"using":"xpath","value":"//button[@data-kt=\"resourceUnitSaveButton\"]"}
COMMAND: POST /session/06820c29678f15015ffe824e569d7d5a/element/f.696EFCE712E801319DC54DDC19215679.d.37B31E838506234205DC321501B17414.e.14331/click - {}
RESULT: {}
COMMAND: GET /session/06820c29678f15015ffe824e569d7d5a/screenshot - {}
RESULT: {}
COMMAND: POST /session/06820c29678f15015ffe824e569d7d5a/element - {"using":"xpath","value":"//bdi[contains(text(), \"Close\")]"}
RESULT: {"using":"xpath","value":"//bdi[contains(text(), \"Close\")]"}
COMMAND: POST /session/06820c29678f15015ffe824e569d7d5a/element/f.696EFCE712E801319DC54DDC19215679.d.37B31E838506234205DC321501B17414.e.14435/click - {}
RESULT: {}
COMMAND: GET /session/06820c29678f15015ffe824e569d7d5a/screenshot - {}
RESULT: {}
COMMAND: POST /session/06820c29678f15015ffe824e569d7d5a/element - {"using":"xpath","value":"//header[contains(@id, 'detailRruPage-headerTitle')]/div[1]/div[2]/div[2]/span[1]"}
RESULT: {"using":"xpath","value":"//header[contains(@id, 'detailRruPage-headerTitle')]/div[1]/div[2]/div[2]/span[1]"}
COMMAND: POST /session/06820c29678f15015ffe824e569d7d5a/elements - {"using":"xpath","value":"//header[contains(@id, 'detailRruPage-headerTitle')]/div[1]/div[2]/div[2]/span[1]"}
RESULT: {"using":"xpath","value":"//header[contains(@id, 'detailRruPage-headerTitle')]/div[1]/div[2]/div[2]/span[1]"}
COMMAND: POST /session/06820c29678f15015ffe824e569d7d5a/execute/sync - {"script":"<script> [56 bytes]","args":[{"element-6066-11e4-a52e-4f735466cecf":"f.696EFCE712E801319DC54DDC19215679.d.37B31E838506234205DC321501B17414.e.14471","ELEMENT":"f.696EFCE712E801319DC54DDC19215679.d.37B31E838506234205DC321501B17414.e.14471"}]}
RESULT: {"script":"<script> [56 bytes]","args":[{"element-6066-11e4-a52e-4f735466cecf":"f.696EFCE712E801319DC54DDC19215679.d.37B31E838506234205DC321501B17414.e.14471","ELEMENT":"f.696EFCE712E801319DC54DDC19215679.d.37B31E838506234205DC321501B17414.e.14471"}]}
COMMAND: POST /session/06820c29678f15015ffe824e569d7d5a/element - {"using":"css selector","value":"#shell-header-logo"}
COMMAND: GET /session/06820c29678f15015ffe824e569d7d5a/screenshot - {}
RESULT: {"using":"css selector","value":"#shell-header-logo"}
COMMAND: POST /session/06820c29678f15015ffe824e569d7d5a/element/f.696EFCE712E801319DC54DDC19215679.d.37B31E838506234205DC321501B17414.e.13925/click - {}
RESULT: {}
RESULT: {}
COMMAND: GET /session/06820c29678f15015ffe824e569d7d5a/screenshot - {}
RESULT: {}
]]></system-out>
    </testcase>
  </testsuite>
  <testsuite timestamp="2025-05-19T16:58:16" time="356.64" tests="6" failures="0" errors="0" skipped="0">
    <properties>
      <property name="specId" value="0" />
      <property name="suiteName" value="Provide to Site w/o warehouse management w clarification" />
      <property name="capabilities" value="chrome.136_0_7103_93.windows" />
      <property name="file" value="file:///D:/a/1/s/test/specs/HTR/provide-to-site-wo-warehouse-w-clarification.spec.js" />
    </properties>
    <testcase classname="chrome.136_0_7103_93.windows.Provide_to_Site_w/o_warehouse_management_w_clarification" name="Should do a stock increase handover" time="83.656">
      <system-out><![CDATA[
COMMAND: POST /session/06820c29678f15015ffe824e569d7d5a/execute/async - {"script":"<script> [1562 bytes]","args":[{"selector":{"controlType":"sap.m.GenericTile","properties":{"header":"Manage Handovers"}},"wdio_ui5_key":"sapm.GenericTile{\"header\":\"Manage Handovers\"}"}]}
RESULT: {"script":"<script> [1562 bytes]","args":[{"selector":{"controlType":"sap.m.GenericTile","properties":{"header":"Manage Handovers"}},"wdio_ui5_key":"sapm.GenericTile{\"header\":\"Manage Handovers\"}"}]}
RESULT: undefined
COMMAND: POST /session/06820c29678f15015ffe824e569d7d5a/element - {"using":"xpath","value":"//*[@id=\"__tile133\"]"}
RESULT: {"using":"xpath","value":"//*[@id=\"__tile133\"]"}
COMMAND: POST /session/06820c29678f15015ffe824e569d7d5a/element/f.696EFCE712E801319DC54DDC19215679.d.37B31E838506234205DC321501B17414.e.11484/click - {}
RESULT: {}
COMMAND: GET /session/06820c29678f15015ffe824e569d7d5a/screenshot - {}
RESULT: {}
COMMAND: POST /session/06820c29678f15015ffe824e569d7d5a/elements - {"using":"xpath","value":"//span[text()='Error']"}
RESULT: {"using":"xpath","value":"//span[text()='Error']"}
COMMAND: POST /session/06820c29678f15015ffe824e569d7d5a/element - {"using":"xpath","value":"//button[@data-kt=\"masterHOAddButton\"]"}
RESULT: {"using":"xpath","value":"//button[@data-kt=\"masterHOAddButton\"]"}
COMMAND: POST /session/06820c29678f15015ffe824e569d7d5a/elements - {"using":"xpath","value":"//button[@data-kt=\"masterHOAddButton\"]"}
RESULT: {"using":"xpath","value":"//button[@data-kt=\"masterHOAddButton\"]"}
COMMAND: POST /session/06820c29678f15015ffe824e569d7d5a/execute/sync - {"script":"<script> [8489 bytes]","args":[{"element-6066-11e4-a52e-4f735466cecf":"f.696EFCE712E801319DC54DDC19215679.d.37B31E838506234205DC321501B17414.e.14513","ELEMENT":"f.696EFCE712E801319DC54DDC19215679.d.37B31E838506234205DC321501B17414.e.14513"}]}
RESULT: {"script":"<script> [8489 bytes]","args":[{"element-6066-11e4-a52e-4f735466cecf":"f.696EFCE712E801319DC54DDC19215679.d.37B31E838506234205DC321501B17414.e.14513","ELEMENT":"f.696EFCE712E801319DC54DDC19215679.d.37B31E838506234205DC321501B17414.e.14513"}]}
COMMAND: GET /session/06820c29678f15015ffe824e569d7d5a/element/f.696EFCE712E801319DC54DDC19215679.d.37B31E838506234205DC321501B17414.e.14513/enabled - {}
COMMAND: GET /session/06820c29678f15015ffe824e569d7d5a/screenshot - {}
RESULT: {}
COMMAND: POST /session/06820c29678f15015ffe824e569d7d5a/execute/sync - {"script":"<script> [8489 bytes]","args":[{"element-6066-11e4-a52e-4f735466cecf":"f.696EFCE712E801319DC54DDC19215679.d.37B31E838506234205DC321501B17414.e.14513","ELEMENT":"f.696EFCE712E801319DC54DDC19215679.d.37B31E838506234205DC321501B17414.e.14513"}]}
COMMAND: GET /session/06820c29678f15015ffe824e569d7d5a/screenshot - {}
RESULT: {}
RESULT: {"script":"<script> [8489 bytes]","args":[{"element-6066-11e4-a52e-4f735466cecf":"f.696EFCE712E801319DC54DDC19215679.d.37B31E838506234205DC321501B17414.e.14513","ELEMENT":"f.696EFCE712E801319DC54DDC19215679.d.37B31E838506234205DC321501B17414.e.14513"}]}
COMMAND: POST /session/06820c29678f15015ffe824e569d7d5a/execute/sync - {"script":"<script> [5351 bytes]","args":[{"element-6066-11e4-a52e-4f735466cecf":"f.696EFCE712E801319DC54DDC19215679.d.37B31E838506234205DC321501B17414.e.14513","ELEMENT":"f.696EFCE712E801319DC54DDC19215679.d.37B31E838506234205DC321501B17414.e.14513"}]}
COMMAND: GET /session/06820c29678f15015ffe824e569d7d5a/screenshot - {}
RESULT: {}
RESULT: {"script":"<script> [5351 bytes]","args":[{"element-6066-11e4-a52e-4f735466cecf":"f.696EFCE712E801319DC54DDC19215679.d.37B31E838506234205DC321501B17414.e.14513","ELEMENT":"f.696EFCE712E801319DC54DDC19215679.d.37B31E838506234205DC321501B17414.e.14513"}]}
COMMAND: POST /session/06820c29678f15015ffe824e569d7d5a/element/f.696EFCE712E801319DC54DDC19215679.d.37B31E838506234205DC321501B17414.e.14513/click - {}
COMMAND: GET /session/06820c29678f15015ffe824e569d7d5a/screenshot - {}
RESULT: {}
RESULT: {}
COMMAND: GET /session/06820c29678f15015ffe824e569d7d5a/screenshot - {}
RESULT: {}
COMMAND: POST /session/06820c29678f15015ffe824e569d7d5a/element - {"using":"xpath","value":"//span[contains(@id ,\"AddNewHO--typeSelect-arrow\")]"}
RESULT: {}
RESULT: {"using":"xpath","value":"//span[contains(@id ,\"AddNewHO--typeSelect-arrow\")]"}
COMMAND: POST /session/06820c29678f15015ffe824e569d7d5a/element/f.696EFCE712E801319DC54DDC19215679.d.37B31E838506234205DC321501B17414.e.14869/click - {}
RESULT: {}
COMMAND: GET /session/06820c29678f15015ffe824e569d7d5a/screenshot - {}
RESULT: {}
COMMAND: POST /session/06820c29678f15015ffe824e569d7d5a/element - {"using":"xpath","value":"(//li[contains(text(), \"stock increase yard\")])[1]"}
RESULT: {"using":"xpath","value":"(//li[contains(text(), \"stock increase yard\")])[1]"}
COMMAND: POST /session/06820c29678f15015ffe824e569d7d5a/element/f.696EFCE712E801319DC54DDC19215679.d.37B31E838506234205DC321501B17414.e.14870/click - {}
RESULT: {}
COMMAND: GET /session/06820c29678f15015ffe824e569d7d5a/screenshot - {}
RESULT: {}
COMMAND: POST /session/06820c29678f15015ffe824e569d7d5a/execute/async - {"script":"<script> [1562 bytes]","args":[{"selector":{"id":"application-managehandovers-display-component---AddNewHO--dueDate","interaction":{"idSuffix":"inner"}},"wdio_ui5_key":"applicationmanagehandovers-display-component---AddNewHO--dueDate"}]}
RESULT: {"script":"<script> [1562 bytes]","args":[{"selector":{"id":"application-managehandovers-display-component---AddNewHO--dueDate","interaction":{"idSuffix":"inner"}},"wdio_ui5_key":"applicationmanagehandovers-display-component---AddNewHO--dueDate"}]}
RESULT: undefined
COMMAND: POST /session/06820c29678f15015ffe824e569d7d5a/execute/async - {"script":"<script> [6424 bytes]","args":[{"element-6066-11e4-a52e-4f735466cecf":"f.696EFCE712E801319DC54DDC19215679.d.37B31E838506234205DC321501B17414.e.14872"},"setValue",["5/19/25"]]}
RESULT: {"script":"<script> [6424 bytes]","args":[{"element-6066-11e4-a52e-4f735466cecf":"f.696EFCE712E801319DC54DDC19215679.d.37B31E838506234205DC321501B17414.e.14872"},"setValue",["5/19/25"]]}
COMMAND: POST /session/06820c29678f15015ffe824e569d7d5a/element - {"using":"xpath","value":"//input[@id=\"generalSectionFrg--receiveYard-inner\"]"}
RESULT: {"using":"xpath","value":"//input[@id=\"generalSectionFrg--receiveYard-inner\"]"}
COMMAND: POST /session/06820c29678f15015ffe824e569d7d5a/element/f.696EFCE712E801319DC54DDC19215679.d.37B31E838506234205DC321501B17414.e.14876/clear - {}
RESULT: {}
COMMAND: POST /session/06820c29678f15015ffe824e569d7d5a/element/f.696EFCE712E801319DC54DDC19215679.d.37B31E838506234205DC321501B17414.e.14876/value - {"text":"561"}
COMMAND: GET /session/06820c29678f15015ffe824e569d7d5a/screenshot - {}
RESULT: {"text":"561"}
COMMAND: GET /session/06820c29678f15015ffe824e569d7d5a/screenshot - {}
RESULT: {}
RESULT: {}
COMMAND: POST /session/06820c29678f15015ffe824e569d7d5a/element - {"using":"xpath","value":"//li[.//span[text()='561']]"}
RESULT: {"using":"xpath","value":"//li[.//span[text()='561']]"}
COMMAND: POST /session/06820c29678f15015ffe824e569d7d5a/element/f.696EFCE712E801319DC54DDC19215679.d.37B31E838506234205DC321501B17414.e.14893/click - {}
RESULT: {}
COMMAND: GET /session/06820c29678f15015ffe824e569d7d5a/screenshot - {}
RESULT: {}
COMMAND: POST /session/06820c29678f15015ffe824e569d7d5a/execute/async - {"script":"<script> [1562 bytes]","args":[{"selector":{"id":"application-managehandovers-display-component---AddNewHO--ObjectPageLayout-anchBar-application-managehandovers-display-component---AddNewHO--section4-anchor","interaction":{"idSuffix":"BDI-content"}},"wdio_ui5_key":"applicationmanagehandovers-display-component---AddNewHO--ObjectPageLayout-anchBar-application-managehandovers-display-component---AddNewHO--section4-anchor"}]}
RESULT: {"script":"<script> [1562 bytes]","args":[{"selector":{"id":"application-managehandovers-display-component---AddNewHO--ObjectPageLayout-anchBar-application-managehandovers-display-component---AddNewHO--section4-anchor","interaction":{"idSuffix":"BDI-content"}},"wdio_ui5_key":"applicationmanagehandovers-display-component---AddNewHO--ObjectPageLayout-anchBar-application-managehandovers-display-component---AddNewHO--section4-anchor"}]}
RESULT: undefined
COMMAND: POST /session/06820c29678f15015ffe824e569d7d5a/element - {"using":"xpath","value":"//*[@id=\"application-managehandovers-display-component---AddNewHO--ObjectPageLayout-anchBar-application-managehandovers-display-component---AddNewHO--section4-anchor\"]"}
RESULT: {"using":"xpath","value":"//*[@id=\"application-managehandovers-display-component---AddNewHO--ObjectPageLayout-anchBar-application-managehandovers-display-component---AddNewHO--section4-anchor\"]"}
COMMAND: POST /session/06820c29678f15015ffe824e569d7d5a/element/f.696EFCE712E801319DC54DDC19215679.d.37B31E838506234205DC321501B17414.e.14895/click - {}
RESULT: {}
COMMAND: POST /session/06820c29678f15015ffe824e569d7d5a/element - {"using":"xpath","value":"//button[@aria-label=\"Add\"]"}
COMMAND: GET /session/06820c29678f15015ffe824e569d7d5a/screenshot - {}
RESULT: {"using":"xpath","value":"//button[@aria-label=\"Add\"]"}
COMMAND: POST /session/06820c29678f15015ffe824e569d7d5a/element/f.696EFCE712E801319DC54DDC19215679.d.37B31E838506234205DC321501B17414.e.14897/click - {}
RESULT: {}
RESULT: {}
COMMAND: GET /session/06820c29678f15015ffe824e569d7d5a/screenshot - {}
RESULT: {}
COMMAND: POST /session/06820c29678f15015ffe824e569d7d5a/execute/async - {"script":"<script> [1562 bytes]","args":[{"selector":{"id":"application-managehandovers-display-component---AddNewHO--smartFilterBar-btnBasicSearch","searchOpenDialogs":true,"interaction":{"idSuffix":"I"}},"wdio_ui5_key":"applicationmanagehandovers-display-component---AddNewHO--smartFilterBar-btnBasicSearch"}]}
RESULT: {"script":"<script> [1562 bytes]","args":[{"selector":{"id":"application-managehandovers-display-component---AddNewHO--smartFilterBar-btnBasicSearch","searchOpenDialogs":true,"interaction":{"idSuffix":"I"}},"wdio_ui5_key":"applicationmanagehandovers-display-component---AddNewHO--smartFilterBar-btnBasicSearch"}]}
RESULT: undefined
COMMAND: POST /session/06820c29678f15015ffe824e569d7d5a/execute/async - {"script":"<script> [776 bytes]","args":[{"enterText":"200306","selector":{"id":"application-managehandovers-display-component---AddNewHO--smartFilterBar-btnBasicSearch","searchOpenDialogs":true,"interaction":{"idSuffix":"I"}},"clearTextFirst":true,"interactionType":"ENTER_TEXT"}]}
RESULT: {"script":"<script> [776 bytes]","args":[{"enterText":"200306","selector":{"id":"application-managehandovers-display-component---AddNewHO--smartFilterBar-btnBasicSearch","searchOpenDialogs":true,"interaction":{"idSuffix":"I"}},"clearTextFirst":true,"interactionType":"ENTER_TEXT"}]}
COMMAND: POST /session/06820c29678f15015ffe824e569d7d5a/actions - {"actions":[{"id":"action48","type":"key","parameters":{},"actions":[{"type":"keyDown","value":"î€‡"},{"type":"pause","duration":10},{"type":"keyUp","value":"î€‡"}]}]}
RESULT: {"actions":[{"id":"action48","type":"key","parameters":{},"actions":[{"type":"keyDown","value":"î€‡"},{"type":"pause","duration":10},{"type":"keyUp","value":"î€‡"}]}]}
COMMAND: GET /session/06820c29678f15015ffe824e569d7d5a/screenshot - {}
RESULT: {}
COMMAND: POST /session/06820c29678f15015ffe824e569d7d5a/execute/async - {"script":"<script> [1562 bytes]","args":[{"selector":{"id":"application-managehandovers-display-component---AddNewHO--popup-sa","searchOpenDialogs":true,"interaction":{"idSuffix":"CbBg"}},"wdio_ui5_key":"applicationmanagehandovers-display-component---AddNewHO--popup-sa"}]}
RESULT: {"script":"<script> [1562 bytes]","args":[{"selector":{"id":"application-managehandovers-display-component---AddNewHO--popup-sa","searchOpenDialogs":true,"interaction":{"idSuffix":"CbBg"}},"wdio_ui5_key":"applicationmanagehandovers-display-component---AddNewHO--popup-sa"}]}
RESULT: undefined
COMMAND: POST /session/06820c29678f15015ffe824e569d7d5a/element - {"using":"xpath","value":"//*[@id=\"application-managehandovers-display-component---AddNewHO--popup-sa\"]"}
RESULT: {"using":"xpath","value":"//*[@id=\"application-managehandovers-display-component---AddNewHO--popup-sa\"]"}
COMMAND: POST /session/06820c29678f15015ffe824e569d7d5a/element/f.696EFCE712E801319DC54DDC19215679.d.37B31E838506234205DC321501B17414.e.15049/click - {}
RESULT: {}
COMMAND: GET /session/06820c29678f15015ffe824e569d7d5a/screenshot - {}
RESULT: {}
COMMAND: POST /session/06820c29678f15015ffe824e569d7d5a/element - {"using":"xpath","value":"//bdi[contains(text(), \"Select\")]"}
RESULT: {"using":"xpath","value":"//bdi[contains(text(), \"Select\")]"}
COMMAND: POST /session/06820c29678f15015ffe824e569d7d5a/element/f.696EFCE712E801319DC54DDC19215679.d.37B31E838506234205DC321501B17414.e.15050/click - {}
RESULT: {}
COMMAND: GET /session/06820c29678f15015ffe824e569d7d5a/screenshot - {}
RESULT: {}
COMMAND: POST /session/06820c29678f15015ffe824e569d7d5a/element - {"using":"xpath","value":"//button[@data-kt=\"AddNewHOSaveButton\"]"}
RESULT: {"using":"xpath","value":"//button[@data-kt=\"AddNewHOSaveButton\"]"}
COMMAND: POST /session/06820c29678f15015ffe824e569d7d5a/element/f.696EFCE712E801319DC54DDC19215679.d.37B31E838506234205DC321501B17414.e.15054/click - {}
RESULT: {}
COMMAND: GET /session/06820c29678f15015ffe824e569d7d5a/screenshot - {}
RESULT: {}
COMMAND: POST /session/06820c29678f15015ffe824e569d7d5a/execute/async - {"script":"<script> [1562 bytes]","args":[{"selector":{"id":"receiptDatePicker","viewName":"etm.portal.ui.managehandovers.view.DetailExecuteHO","interaction":{"idSuffix":"inner"}},"wdio_ui5_key":"receiptDatePickeretmportal.ui.managehandovers.view.DetailExecuteHO"}]}
RESULT: {"script":"<script> [1562 bytes]","args":[{"selector":{"id":"receiptDatePicker","viewName":"etm.portal.ui.managehandovers.view.DetailExecuteHO","interaction":{"idSuffix":"inner"}},"wdio_ui5_key":"receiptDatePickeretmportal.ui.managehandovers.view.DetailExecuteHO"}]}
RESULT: undefined
COMMAND: POST /session/06820c29678f15015ffe824e569d7d5a/execute/async - {"script":"<script> [6424 bytes]","args":[{"element-6066-11e4-a52e-4f735466cecf":"f.696EFCE712E801319DC54DDC19215679.d.37B31E838506234205DC321501B17414.e.15089"},"setValue",["5/19/25"]]}
RESULT: {"script":"<script> [6424 bytes]","args":[{"element-6066-11e4-a52e-4f735466cecf":"f.696EFCE712E801319DC54DDC19215679.d.37B31E838506234205DC321501B17414.e.15089"},"setValue",["5/19/25"]]}
COMMAND: POST /session/06820c29678f15015ffe824e569d7d5a/element - {"using":"xpath","value":"//button[@data-kt=\"PickingTableConfirmAllButton\"]"}
RESULT: {"using":"xpath","value":"//button[@data-kt=\"PickingTableConfirmAllButton\"]"}
COMMAND: POST /session/06820c29678f15015ffe824e569d7d5a/element/f.696EFCE712E801319DC54DDC19215679.d.37B31E838506234205DC321501B17414.e.15102/click - {}
RESULT: {}
COMMAND: GET /session/06820c29678f15015ffe824e569d7d5a/screenshot - {}
RESULT: {}
COMMAND: POST /session/06820c29678f15015ffe824e569d7d5a/element - {"using":"xpath","value":"//bdi[contains(text(), \"OK\")]"}
RESULT: {"using":"xpath","value":"//bdi[contains(text(), \"OK\")]"}
COMMAND: POST /session/06820c29678f15015ffe824e569d7d5a/element/f.696EFCE712E801319DC54DDC19215679.d.37B31E838506234205DC321501B17414.e.15104/click - {}
RESULT: {}
COMMAND: GET /session/06820c29678f15015ffe824e569d7d5a/screenshot - {}
RESULT: {}
COMMAND: POST /session/06820c29678f15015ffe824e569d7d5a/element - {"using":"xpath","value":"(//bdi[contains(text(), \"Receive\")])[2]"}
RESULT: {"using":"xpath","value":"(//bdi[contains(text(), \"Receive\")])[2]"}
COMMAND: POST /session/06820c29678f15015ffe824e569d7d5a/element/f.696EFCE712E801319DC54DDC19215679.d.37B31E838506234205DC321501B17414.e.15106/click - {}
RESULT: {}
COMMAND: GET /session/06820c29678f15015ffe824e569d7d5a/screenshot - {}
RESULT: {}
COMMAND: POST /session/06820c29678f15015ffe824e569d7d5a/element - {"using":"css selector","value":"#shell-header-logo"}
RESULT: {"using":"css selector","value":"#shell-header-logo"}
COMMAND: POST /session/06820c29678f15015ffe824e569d7d5a/element/f.696EFCE712E801319DC54DDC19215679.d.37B31E838506234205DC321501B17414.e.14474/click - {}
RESULT: {}
COMMAND: GET /session/06820c29678f15015ffe824e569d7d5a/screenshot - {}
RESULT: {}
]]></system-out>
    </testcase>
    <testcase classname="chrome.136_0_7103_93.windows.Provide_to_Site_w/o_warehouse_management_w_clarification" name="Should create a new contract" time="60.066">
      <system-out><![CDATA[
COMMAND: POST /session/06820c29678f15015ffe824e569d7d5a/execute/async - {"script":"<script> [1562 bytes]","args":[{"selector":{"controlType":"sap.m.GenericTile","properties":{"header":"Manage Contracts"}},"wdio_ui5_key":"sapm.GenericTile{\"header\":\"Manage Contracts\"}"}]}
RESULT: {"script":"<script> [1562 bytes]","args":[{"selector":{"controlType":"sap.m.GenericTile","properties":{"header":"Manage Contracts"}},"wdio_ui5_key":"sapm.GenericTile{\"header\":\"Manage Contracts\"}"}]}
RESULT: undefined
COMMAND: POST /session/06820c29678f15015ffe824e569d7d5a/element - {"using":"xpath","value":"//*[@id=\"__tile132\"]"}
RESULT: {"using":"xpath","value":"//*[@id=\"__tile132\"]"}
COMMAND: POST /session/06820c29678f15015ffe824e569d7d5a/element/f.696EFCE712E801319DC54DDC19215679.d.37B31E838506234205DC321501B17414.e.11473/click - {}
RESULT: {}
COMMAND: GET /session/06820c29678f15015ffe824e569d7d5a/screenshot - {}
RESULT: {}
COMMAND: POST /session/06820c29678f15015ffe824e569d7d5a/elements - {"using":"xpath","value":"//span[text()='Error']"}
RESULT: {"using":"xpath","value":"//span[text()='Error']"}
COMMAND: POST /session/06820c29678f15015ffe824e569d7d5a/element - {"using":"xpath","value":"//button[@data-kt=\"addButton\"]"}
RESULT: {"using":"xpath","value":"//button[@data-kt=\"addButton\"]"}
COMMAND: POST /session/06820c29678f15015ffe824e569d7d5a/elements - {"using":"xpath","value":"//button[@data-kt=\"addButton\"]"}
RESULT: {"using":"xpath","value":"//button[@data-kt=\"addButton\"]"}
COMMAND: POST /session/06820c29678f15015ffe824e569d7d5a/execute/sync - {"script":"<script> [8489 bytes]","args":[{"element-6066-11e4-a52e-4f735466cecf":"f.696EFCE712E801319DC54DDC19215679.d.37B31E838506234205DC321501B17414.e.15322","ELEMENT":"f.696EFCE712E801319DC54DDC19215679.d.37B31E838506234205DC321501B17414.e.15322"}]}
RESULT: {"script":"<script> [8489 bytes]","args":[{"element-6066-11e4-a52e-4f735466cecf":"f.696EFCE712E801319DC54DDC19215679.d.37B31E838506234205DC321501B17414.e.15322","ELEMENT":"f.696EFCE712E801319DC54DDC19215679.d.37B31E838506234205DC321501B17414.e.15322"}]}
COMMAND: GET /session/06820c29678f15015ffe824e569d7d5a/element/f.696EFCE712E801319DC54DDC19215679.d.37B31E838506234205DC321501B17414.e.15322/enabled - {}
COMMAND: GET /session/06820c29678f15015ffe824e569d7d5a/screenshot - {}
RESULT: {}
COMMAND: POST /session/06820c29678f15015ffe824e569d7d5a/execute/sync - {"script":"<script> [8489 bytes]","args":[{"element-6066-11e4-a52e-4f735466cecf":"f.696EFCE712E801319DC54DDC19215679.d.37B31E838506234205DC321501B17414.e.15322","ELEMENT":"f.696EFCE712E801319DC54DDC19215679.d.37B31E838506234205DC321501B17414.e.15322"}]}
COMMAND: GET /session/06820c29678f15015ffe824e569d7d5a/screenshot - {}
RESULT: {}
RESULT: {"script":"<script> [8489 bytes]","args":[{"element-6066-11e4-a52e-4f735466cecf":"f.696EFCE712E801319DC54DDC19215679.d.37B31E838506234205DC321501B17414.e.15322","ELEMENT":"f.696EFCE712E801319DC54DDC19215679.d.37B31E838506234205DC321501B17414.e.15322"}]}
COMMAND: POST /session/06820c29678f15015ffe824e569d7d5a/execute/sync - {"script":"<script> [5351 bytes]","args":[{"element-6066-11e4-a52e-4f735466cecf":"f.696EFCE712E801319DC54DDC19215679.d.37B31E838506234205DC321501B17414.e.15322","ELEMENT":"f.696EFCE712E801319DC54DDC19215679.d.37B31E838506234205DC321501B17414.e.15322"}]}
COMMAND: GET /session/06820c29678f15015ffe824e569d7d5a/screenshot - {}
RESULT: {}
RESULT: {"script":"<script> [5351 bytes]","args":[{"element-6066-11e4-a52e-4f735466cecf":"f.696EFCE712E801319DC54DDC19215679.d.37B31E838506234205DC321501B17414.e.15322","ELEMENT":"f.696EFCE712E801319DC54DDC19215679.d.37B31E838506234205DC321501B17414.e.15322"}]}
COMMAND: GET /session/06820c29678f15015ffe824e569d7d5a/screenshot - {}
RESULT: {}
RESULT: {}
COMMAND: POST /session/06820c29678f15015ffe824e569d7d5a/element/f.696EFCE712E801319DC54DDC19215679.d.37B31E838506234205DC321501B17414.e.15322/click - {}
RESULT: {}
COMMAND: GET /session/06820c29678f15015ffe824e569d7d5a/screenshot - {}
RESULT: {}
COMMAND: POST /session/06820c29678f15015ffe824e569d7d5a/execute/async - {"script":"<script> [1562 bytes]","args":[{"selector":{"id":"application-managecontracts-display-component---AddNewContract--projectDescription","interaction":{"idSuffix":"inner"}},"wdio_ui5_key":"applicationmanagecontracts-display-component---AddNewContract--projectDescription"}]}
RESULT: {"script":"<script> [1562 bytes]","args":[{"selector":{"id":"application-managecontracts-display-component---AddNewContract--projectDescription","interaction":{"idSuffix":"inner"}},"wdio_ui5_key":"applicationmanagecontracts-display-component---AddNewContract--projectDescription"}]}
RESULT: undefined
COMMAND: POST /session/06820c29678f15015ffe824e569d7d5a/execute/async - {"script":"<script> [776 bytes]","args":[{"enterText":"Contract WDIO","selector":{"id":"application-managecontracts-display-component---AddNewContract--projectDescription","interaction":{"idSuffix":"inner"}},"clearTextFirst":true,"interactionType":"ENTER_TEXT"}]}
RESULT: {"script":"<script> [776 bytes]","args":[{"enterText":"Contract WDIO","selector":{"id":"application-managecontracts-display-component---AddNewContract--projectDescription","interaction":{"idSuffix":"inner"}},"clearTextFirst":true,"interactionType":"ENTER_TEXT"}]}
COMMAND: POST /session/06820c29678f15015ffe824e569d7d5a/element - {"using":"xpath","value":"//input[@id=\"application-managecontracts-display-component---AddNewContract--site-inner\"]"}
RESULT: {"using":"xpath","value":"//input[@id=\"application-managecontracts-display-component---AddNewContract--site-inner\"]"}
COMMAND: POST /session/06820c29678f15015ffe824e569d7d5a/element/f.696EFCE712E801319DC54DDC19215679.d.37B31E838506234205DC321501B17414.e.15679/clear - {}
RESULT: {}
COMMAND: POST /session/06820c29678f15015ffe824e569d7d5a/element/f.696EFCE712E801319DC54DDC19215679.d.37B31E838506234205DC321501B17414.e.15679/value - {"text":"2281"}
COMMAND: GET /session/06820c29678f15015ffe824e569d7d5a/screenshot - {}
RESULT: {"text":"2281"}
COMMAND: GET /session/06820c29678f15015ffe824e569d7d5a/screenshot - {}
RESULT: {}
RESULT: {}
COMMAND: POST /session/06820c29678f15015ffe824e569d7d5a/element - {"using":"xpath","value":"//li[.//span[text()='2281']]"}
RESULT: {"using":"xpath","value":"//li[.//span[text()='2281']]"}
COMMAND: POST /session/06820c29678f15015ffe824e569d7d5a/element/f.696EFCE712E801319DC54DDC19215679.d.37B31E838506234205DC321501B17414.e.15709/click - {}
RESULT: {}
COMMAND: GET /session/06820c29678f15015ffe824e569d7d5a/screenshot - {}
RESULT: {}
COMMAND: POST /session/06820c29678f15015ffe824e569d7d5a/element - {"using":"xpath","value":"//input[@id=\"application-managecontracts-display-component---AddNewContract--yardId-inner\"]"}
RESULT: {"using":"xpath","value":"//input[@id=\"application-managecontracts-display-component---AddNewContract--yardId-inner\"]"}
COMMAND: GET /session/06820c29678f15015ffe824e569d7d5a/element/f.696EFCE712E801319DC54DDC19215679.d.37B31E838506234205DC321501B17414.e.15680/property/value - {}
RESULT: {}
COMMAND: POST /session/06820c29678f15015ffe824e569d7d5a/element - {"using":"xpath","value":"//input[@id=\"application-managecontracts-display-component---AddNewContract--customerSelect-inner\"]"}
COMMAND: GET /session/06820c29678f15015ffe824e569d7d5a/screenshot - {}
RESULT: {"using":"xpath","value":"//input[@id=\"application-managecontracts-display-component---AddNewContract--customerSelect-inner\"]"}
COMMAND: POST /session/06820c29678f15015ffe824e569d7d5a/element/f.696EFCE712E801319DC54DDC19215679.d.37B31E838506234205DC321501B17414.e.15678/clear - {}
RESULT: {}
RESULT: {}
COMMAND: POST /session/06820c29678f15015ffe824e569d7d5a/element/f.696EFCE712E801319DC54DDC19215679.d.37B31E838506234205DC321501B17414.e.15678/value - {"text":"1333"}
COMMAND: GET /session/06820c29678f15015ffe824e569d7d5a/screenshot - {}
RESULT: {"text":"1333"}
COMMAND: GET /session/06820c29678f15015ffe824e569d7d5a/screenshot - {}
RESULT: {}
RESULT: {}
COMMAND: POST /session/06820c29678f15015ffe824e569d7d5a/element - {"using":"xpath","value":"//li[.//span[text()='1333']]"}
RESULT: {"using":"xpath","value":"//li[.//span[text()='1333']]"}
COMMAND: POST /session/06820c29678f15015ffe824e569d7d5a/element/f.696EFCE712E801319DC54DDC19215679.d.37B31E838506234205DC321501B17414.e.15712/click - {}
RESULT: {}
COMMAND: GET /session/06820c29678f15015ffe824e569d7d5a/screenshot - {}
RESULT: {}
COMMAND: POST /session/06820c29678f15015ffe824e569d7d5a/element - {"using":"xpath","value":"//button[@data-kt=\"saveButton\"]"}
RESULT: {"using":"xpath","value":"//button[@data-kt=\"saveButton\"]"}
COMMAND: POST /session/06820c29678f15015ffe824e569d7d5a/element/f.696EFCE712E801319DC54DDC19215679.d.37B31E838506234205DC321501B17414.e.15713/click - {}
RESULT: {}
COMMAND: GET /session/06820c29678f15015ffe824e569d7d5a/screenshot - {}
RESULT: {}
COMMAND: POST /session/06820c29678f15015ffe824e569d7d5a/element - {"using":"xpath","value":"//span[contains(@id ,\"contractDetailTitleNoExpanded\")]"}
RESULT: {"using":"xpath","value":"//span[contains(@id ,\"contractDetailTitleNoExpanded\")]"}
COMMAND: POST /session/06820c29678f15015ffe824e569d7d5a/elements - {"using":"xpath","value":"//span[contains(@id ,\"contractDetailTitleNoExpanded\")]"}
RESULT: {"using":"xpath","value":"//span[contains(@id ,\"contractDetailTitleNoExpanded\")]"}
COMMAND: POST /session/06820c29678f15015ffe824e569d7d5a/execute/sync - {"script":"<script> [56 bytes]","args":[{"element-6066-11e4-a52e-4f735466cecf":"f.696EFCE712E801319DC54DDC19215679.d.37B31E838506234205DC321501B17414.e.15723","ELEMENT":"f.696EFCE712E801319DC54DDC19215679.d.37B31E838506234205DC321501B17414.e.15723"}]}
RESULT: {"script":"<script> [56 bytes]","args":[{"element-6066-11e4-a52e-4f735466cecf":"f.696EFCE712E801319DC54DDC19215679.d.37B31E838506234205DC321501B17414.e.15723","ELEMENT":"f.696EFCE712E801319DC54DDC19215679.d.37B31E838506234205DC321501B17414.e.15723"}]}
COMMAND: GET /session/06820c29678f15015ffe824e569d7d5a/screenshot - {}
RESULT: {}
]]></system-out>
    </testcase>
    <testcase classname="chrome.136_0_7103_93.windows.Provide_to_Site_w/o_warehouse_management_w_clarification" name="Should add equipment to the contract" time="56.703">
      <system-out><![CDATA[
COMMAND: POST /session/06820c29678f15015ffe824e569d7d5a/element - {"using":"xpath","value":"//button[@data-kt=\"contractDetailEditBtnButton\"]"}
RESULT: {"using":"xpath","value":"//button[@data-kt=\"contractDetailEditBtnButton\"]"}
COMMAND: POST /session/06820c29678f15015ffe824e569d7d5a/element/f.696EFCE712E801319DC54DDC19215679.d.37B31E838506234205DC321501B17414.e.15726/click - {}
RESULT: {}
COMMAND: GET /session/06820c29678f15015ffe824e569d7d5a/screenshot - {}
RESULT: {}
COMMAND: POST /session/06820c29678f15015ffe824e569d7d5a/element - {"using":"xpath","value":"(//span[contains(text(), \"Additional Addresses\")])[2]"}
RESULT: {"using":"xpath","value":"(//span[contains(text(), \"Additional Addresses\")])[2]"}
COMMAND: POST /session/06820c29678f15015ffe824e569d7d5a/element/f.696EFCE712E801319DC54DDC19215679.d.37B31E838506234205DC321501B17414.e.15781/click - {}
RESULT: {}
COMMAND: GET /session/06820c29678f15015ffe824e569d7d5a/screenshot - {}
RESULT: {}
COMMAND: POST /session/06820c29678f15015ffe824e569d7d5a/element - {"using":"xpath","value":"//button[@data-kt=\"btnAddTableRowOverflowToolbarButton\"]"}
RESULT: {"using":"xpath","value":"//button[@data-kt=\"btnAddTableRowOverflowToolbarButton\"]"}
COMMAND: POST /session/06820c29678f15015ffe824e569d7d5a/element/f.696EFCE712E801319DC54DDC19215679.d.37B31E838506234205DC321501B17414.e.15784/click - {}
RESULT: {}
COMMAND: GET /session/06820c29678f15015ffe824e569d7d5a/screenshot - {}
RESULT: {}
COMMAND: POST /session/06820c29678f15015ffe824e569d7d5a/element - {"using":"xpath","value":"//div[(text() = 'Standard Entry' or . = 'Standard Entry')]"}
RESULT: {"using":"xpath","value":"//div[(text() = 'Standard Entry' or . = 'Standard Entry')]"}
COMMAND: POST /session/06820c29678f15015ffe824e569d7d5a/element/f.696EFCE712E801319DC54DDC19215679.d.37B31E838506234205DC321501B17414.e.15786/click - {}
RESULT: {}
COMMAND: GET /session/06820c29678f15015ffe824e569d7d5a/screenshot - {}
RESULT: {}
COMMAND: POST /session/06820c29678f15015ffe824e569d7d5a/element - {"using":"xpath","value":"//td[6]/div/div/div/span"}
RESULT: {"using":"xpath","value":"//td[6]/div/div/div/span"}
COMMAND: POST /session/06820c29678f15015ffe824e569d7d5a/element/f.696EFCE712E801319DC54DDC19215679.d.37B31E838506234205DC321501B17414.e.15798/click - {}
RESULT: {}
COMMAND: GET /session/06820c29678f15015ffe824e569d7d5a/screenshot - {}
RESULT: {}
COMMAND: POST /session/06820c29678f15015ffe824e569d7d5a/element - {"using":"xpath","value":"(//span[contains(text(), \"Material\")])"}
RESULT: {"using":"xpath","value":"(//span[contains(text(), \"Material\")])"}
COMMAND: POST /session/06820c29678f15015ffe824e569d7d5a/element/f.696EFCE712E801319DC54DDC19215679.d.37B31E838506234205DC321501B17414.e.15799/click - {}
RESULT: {}
COMMAND: GET /session/06820c29678f15015ffe824e569d7d5a/screenshot - {}
RESULT: {}
COMMAND: POST /session/06820c29678f15015ffe824e569d7d5a/element - {"using":"xpath","value":"//td[7]/div/div/input"}
RESULT: {"using":"xpath","value":"//td[7]/div/div/input"}
COMMAND: POST /session/06820c29678f15015ffe824e569d7d5a/element/f.696EFCE712E801319DC54DDC19215679.d.37B31E838506234205DC321501B17414.e.15803/clear - {}
RESULT: {}
COMMAND: POST /session/06820c29678f15015ffe824e569d7d5a/element/f.696EFCE712E801319DC54DDC19215679.d.37B31E838506234205DC321501B17414.e.15803/value - {"text":"200306"}
COMMAND: GET /session/06820c29678f15015ffe824e569d7d5a/screenshot - {}
RESULT: {"text":"200306"}
COMMAND: GET /session/06820c29678f15015ffe824e569d7d5a/screenshot - {}
RESULT: {}
RESULT: {}
COMMAND: POST /session/06820c29678f15015ffe824e569d7d5a/actions - {"actions":[{"id":"action49","type":"key","parameters":{},"actions":[{"type":"keyDown","value":"î€‡"},{"type":"pause","duration":10},{"type":"keyUp","value":"î€‡"}]}]}
RESULT: {"actions":[{"id":"action49","type":"key","parameters":{},"actions":[{"type":"keyDown","value":"î€‡"},{"type":"pause","duration":10},{"type":"keyUp","value":"î€‡"}]}]}
COMMAND: GET /session/06820c29678f15015ffe824e569d7d5a/screenshot - {}
RESULT: {}
COMMAND: POST /session/06820c29678f15015ffe824e569d7d5a/execute/sync - {"script":"<script> [276 bytes]","args":["No pricing information was found"]}
RESULT: {"script":"<script> [276 bytes]","args":["No pricing information was found"]}
COMMAND: POST /session/06820c29678f15015ffe824e569d7d5a/element - {"using":"xpath","value":"//bdi[contains(text(), \"OK\")]"}
COMMAND: GET /session/06820c29678f15015ffe824e569d7d5a/screenshot - {}
RESULT: {"using":"xpath","value":"//bdi[contains(text(), \"OK\")]"}
COMMAND: POST /session/06820c29678f15015ffe824e569d7d5a/element/f.696EFCE712E801319DC54DDC19215679.d.37B31E838506234205DC321501B17414.e.15829/click - {}
RESULT: {}
RESULT: {}
COMMAND: GET /session/06820c29678f15015ffe824e569d7d5a/screenshot - {}
RESULT: {}
COMMAND: POST /session/06820c29678f15015ffe824e569d7d5a/element - {"using":"xpath","value":"(//button[@data-kt=\"saveButton\"])[2]"}
RESULT: {"using":"xpath","value":"(//button[@data-kt=\"saveButton\"])[2]"}
COMMAND: POST /session/06820c29678f15015ffe824e569d7d5a/element/f.696EFCE712E801319DC54DDC19215679.d.37B31E838506234205DC321501B17414.e.15830/click - {}
RESULT: {}
COMMAND: GET /session/06820c29678f15015ffe824e569d7d5a/screenshot - {}
RESULT: {}
COMMAND: POST /session/06820c29678f15015ffe824e569d7d5a/execute/sync - {"script":"<script> [276 bytes]","args":["Some contract items are having rental validity exceeding header rental validity"]}
RESULT: {"script":"<script> [276 bytes]","args":["Some contract items are having rental validity exceeding header rental validity"]}
COMMAND: GET /session/06820c29678f15015ffe824e569d7d5a/screenshot - {}
RESULT: {}
COMMAND: POST /session/06820c29678f15015ffe824e569d7d5a/element - {"using":"xpath","value":"//span[contains(@id ,\"contractItemsSmartTable-header-inner\")]"}
RESULT: {"using":"xpath","value":"//span[contains(@id ,\"contractItemsSmartTable-header-inner\")]"}
COMMAND: POST /session/06820c29678f15015ffe824e569d7d5a/elements - {"using":"xpath","value":"//span[contains(@id ,\"contractItemsSmartTable-header-inner\")]"}
RESULT: {"using":"xpath","value":"//span[contains(@id ,\"contractItemsSmartTable-header-inner\")]"}
COMMAND: POST /session/06820c29678f15015ffe824e569d7d5a/execute/sync - {"script":"<script> [56 bytes]","args":[{"element-6066-11e4-a52e-4f735466cecf":"f.696EFCE712E801319DC54DDC19215679.d.37B31E838506234205DC321501B17414.e.15834","ELEMENT":"f.696EFCE712E801319DC54DDC19215679.d.37B31E838506234205DC321501B17414.e.15834"}]}
RESULT: {"script":"<script> [56 bytes]","args":[{"element-6066-11e4-a52e-4f735466cecf":"f.696EFCE712E801319DC54DDC19215679.d.37B31E838506234205DC321501B17414.e.15834","ELEMENT":"f.696EFCE712E801319DC54DDC19215679.d.37B31E838506234205DC321501B17414.e.15834"}]}
]]></system-out>
    </testcase>
    <testcase classname="chrome.136_0_7103_93.windows.Provide_to_Site_w/o_warehouse_management_w_clarification" name="Should do provide to site" time="143.359">
      <system-out><![CDATA[
COMMAND: POST /session/06820c29678f15015ffe824e569d7d5a/element - {"using":"xpath","value":"//button[@data-kt=\"provideButton\"]"}
COMMAND: GET /session/06820c29678f15015ffe824e569d7d5a/screenshot - {}
RESULT: {"using":"xpath","value":"//button[@data-kt=\"provideButton\"]"}
COMMAND: POST /session/06820c29678f15015ffe824e569d7d5a/element/f.696EFCE712E801319DC54DDC19215679.d.37B31E838506234205DC321501B17414.e.15835/click - {}
RESULT: {}
RESULT: {}
COMMAND: GET /session/06820c29678f15015ffe824e569d7d5a/screenshot - {}
RESULT: {}
COMMAND: POST /session/06820c29678f15015ffe824e569d7d5a/element - {"using":"xpath","value":"(//div[contains(@id, \"application-managehandovers-display-component---AddNewHO--oneStep-CbBg\")])"}
RESULT: {"using":"xpath","value":"(//div[contains(@id, \"application-managehandovers-display-component---AddNewHO--oneStep-CbBg\")])"}
COMMAND: POST /session/06820c29678f15015ffe824e569d7d5a/element - {"using":"xpath","value":"(//div[contains(@id, \"application-managehandovers-display-component---AddNewHO--oneStep-CbBg\")])/input"}
RESULT: {"using":"xpath","value":"(//div[contains(@id, \"application-managehandovers-display-component---AddNewHO--oneStep-CbBg\")])/input"}
COMMAND: GET /session/06820c29678f15015ffe824e569d7d5a/element/f.696EFCE712E801319DC54DDC19215679.d.37B31E838506234205DC321501B17414.e.15894/attribute/checked - {}
RESULT: {}
RESULT: undefined
COMMAND: POST /session/06820c29678f15015ffe824e569d7d5a/execute/async - {"script":"<script> [6424 bytes]","args":[{"element-6066-11e4-a52e-4f735466cecf":"f.696EFCE712E801319DC54DDC19215679.d.37B31E838506234205DC321501B17414.e.14872"},"setValue",["05/19/25"]]}
COMMAND: POST /session/06820c29678f15015ffe824e569d7d5a/element/f.696EFCE712E801319DC54DDC19215679.d.37B31E838506234205DC321501B17414.e.16137/click - {}
RESULT: {}
COMMAND: GET /session/06820c29678f15015ffe824e569d7d5a/screenshot - {}
COMMAND: POST /session/06820c29678f15015ffe824e569d7d5a/execute/async - {"script":"<script> [1562 bytes]","args":[{"selector":{"id":"application-managehandovers-display-component---AddNewHO--dueDate","interaction":{"idSuffix":"inner"}},"wdio_ui5_key":"applicationmanagehandovers-display-component---AddNewHO--dueDate"}]}
RESULT: {}
RESULT: {"script":"<script> [1562 bytes]","args":[{"selector":{"id":"application-managehandovers-display-component---AddNewHO--dueDate","interaction":{"idSuffix":"inner"}},"wdio_ui5_key":"applicationmanagehandovers-display-component---AddNewHO--dueDate"}]}
COMMAND: POST /session/06820c29678f15015ffe824e569d7d5a/execute/async - {"script":"<script> [6424 bytes]","args":[{"element-6066-11e4-a52e-4f735466cecf":"f.696EFCE712E801319DC54DDC19215679.d.37B31E838506234205DC321501B17414.e.15892"},"setValue",["05/19/25"]]}
RESULT: {"script":"<script> [6424 bytes]","args":[{"element-6066-11e4-a52e-4f735466cecf":"f.696EFCE712E801319DC54DDC19215679.d.37B31E838506234205DC321501B17414.e.15892"},"setValue",["05/19/25"]]}
COMMAND: POST /session/06820c29678f15015ffe824e569d7d5a/element - {"using":"xpath","value":"//bdi[contains(text(), \"Instructions\")]"}
RESULT: {"using":"xpath","value":"//bdi[contains(text(), \"Instructions\")]"}
COMMAND: POST /session/06820c29678f15015ffe824e569d7d5a/element/f.696EFCE712E801319DC54DDC19215679.d.37B31E838506234205DC321501B17414.e.16141/click - {}
RESULT: {}
COMMAND: GET /session/06820c29678f15015ffe824e569d7d5a/screenshot - {}
RESULT: {}
COMMAND: POST /session/06820c29678f15015ffe824e569d7d5a/element - {"using":"xpath","value":"//button[@data-kt=\"AddNewHOProvideAddItemsButton\"]"}
RESULT: {"using":"xpath","value":"//button[@data-kt=\"AddNewHOProvideAddItemsButton\"]"}
COMMAND: POST /session/06820c29678f15015ffe824e569d7d5a/element/f.696EFCE712E801319DC54DDC19215679.d.37B31E838506234205DC321501B17414.e.16145/click - {}
RESULT: {}
COMMAND: GET /session/06820c29678f15015ffe824e569d7d5a/screenshot - {}
RESULT: {}
RESULT: undefined
COMMAND: POST /session/06820c29678f15015ffe824e569d7d5a/element - {"using":"xpath","value":"//*[@id=\"application-managehandovers-display-component---AddNewHO--popup-sa\"]"}
RESULT: {"using":"xpath","value":"//*[@id=\"application-managehandovers-display-component---AddNewHO--popup-sa\"]"}
COMMAND: POST /session/06820c29678f15015ffe824e569d7d5a/element/f.696EFCE712E801319DC54DDC19215679.d.37B31E838506234205DC321501B17414.e.16155/click - {}
RESULT: {}
COMMAND: GET /session/06820c29678f15015ffe824e569d7d5a/screenshot - {}
RESULT: {}
COMMAND: POST /session/06820c29678f15015ffe824e569d7d5a/element - {"using":"xpath","value":"//*[contains(@id ,\"BDI-content\")][contains(text(), \"Select\")]"}
RESULT: {"using":"xpath","value":"//*[contains(@id ,\"BDI-content\")][contains(text(), \"Select\")]"}
COMMAND: POST /session/06820c29678f15015ffe824e569d7d5a/element/f.696EFCE712E801319DC54DDC19215679.d.37B31E838506234205DC321501B17414.e.16157/click - {}
RESULT: {}
COMMAND: GET /session/06820c29678f15015ffe824e569d7d5a/screenshot - {}
RESULT: {}
COMMAND: POST /session/06820c29678f15015ffe824e569d7d5a/execute/async - {"script":"<script> [1562 bytes]","args":[{"selector":{"id":"application-managehandovers-display-component---AddNewHO--confirmCreationButton","interaction":{"idSuffix":"BDI-content"}},"wdio_ui5_key":"applicationmanagehandovers-display-component---AddNewHO--confirmCreationButton"}]}
RESULT: {"script":"<script> [1562 bytes]","args":[{"selector":{"id":"application-managehandovers-display-component---AddNewHO--confirmCreationButton","interaction":{"idSuffix":"BDI-content"}},"wdio_ui5_key":"applicationmanagehandovers-display-component---AddNewHO--confirmCreationButton"}]}
RESULT: undefined
COMMAND: POST /session/06820c29678f15015ffe824e569d7d5a/element - {"using":"xpath","value":"//*[@id=\"application-managehandovers-display-component---AddNewHO--confirmCreationButton\"]"}
RESULT: {"using":"xpath","value":"//*[@id=\"application-managehandovers-display-component---AddNewHO--confirmCreationButton\"]"}
COMMAND: POST /session/06820c29678f15015ffe824e569d7d5a/element/f.696EFCE712E801319DC54DDC19215679.d.37B31E838506234205DC321501B17414.e.15970/click - {}
RESULT: {}
COMMAND: GET /session/06820c29678f15015ffe824e569d7d5a/screenshot - {}
RESULT: {}
COMMAND: POST /session/06820c29678f15015ffe824e569d7d5a/execute/async - {"script":"<script> [1562 bytes]","args":[{"selector":{"id":"issueDatePicker","viewName":"etm.portal.ui.managehandovers.view.DetailExecuteHO","interaction":{"idSuffix":"inner"}},"wdio_ui5_key":"issueDatePickeretmportal.ui.managehandovers.view.DetailExecuteHO"}]}
RESULT: {"script":"<script> [1562 bytes]","args":[{"selector":{"id":"issueDatePicker","viewName":"etm.portal.ui.managehandovers.view.DetailExecuteHO","interaction":{"idSuffix":"inner"}},"wdio_ui5_key":"issueDatePickeretmportal.ui.managehandovers.view.DetailExecuteHO"}]}
RESULT: undefined
COMMAND: POST /session/06820c29678f15015ffe824e569d7d5a/execute/async - {"script":"<script> [776 bytes]","args":[{"enterText":"5/19/25","selector":{"id":"issueDatePicker","viewName":"etm.portal.ui.managehandovers.view.DetailExecuteHO","interaction":{"idSuffix":"inner"}},"clearTextFirst":true,"interactionType":"ENTER_TEXT"}]}
RESULT: {"script":"<script> [776 bytes]","args":[{"enterText":"5/19/25","selector":{"id":"issueDatePicker","viewName":"etm.portal.ui.managehandovers.view.DetailExecuteHO","interaction":{"idSuffix":"inner"}},"clearTextFirst":true,"interactionType":"ENTER_TEXT"}]}
COMMAND: POST /session/06820c29678f15015ffe824e569d7d5a/element - {"using":"xpath","value":"//bdi[contains(text(), \"OK\")]"}
RESULT: {"using":"xpath","value":"//bdi[contains(text(), \"OK\")]"}
COMMAND: POST /session/06820c29678f15015ffe824e569d7d5a/element/f.696EFCE712E801319DC54DDC19215679.d.37B31E838506234205DC321501B17414.e.16202/click - {}
RESULT: {}
COMMAND: GET /session/06820c29678f15015ffe824e569d7d5a/screenshot - {}
RESULT: {}
COMMAND: POST /session/06820c29678f15015ffe824e569d7d5a/element - {"using":"xpath","value":"//button[@data-kt=\"PickingTableConfirmAllButton\"]"}
RESULT: {"using":"xpath","value":"//button[@data-kt=\"PickingTableConfirmAllButton\"]"}
COMMAND: POST /session/06820c29678f15015ffe824e569d7d5a/element/f.696EFCE712E801319DC54DDC19215679.d.37B31E838506234205DC321501B17414.e.16209/click - {}
RESULT: {}
COMMAND: GET /session/06820c29678f15015ffe824e569d7d5a/screenshot - {}
RESULT: {}
COMMAND: POST /session/06820c29678f15015ffe824e569d7d5a/element - {"using":"xpath","value":"//bdi[contains(text(), \"OK\")]"}
RESULT: {"using":"xpath","value":"//bdi[contains(text(), \"OK\")]"}
COMMAND: POST /session/06820c29678f15015ffe824e569d7d5a/element/f.696EFCE712E801319DC54DDC19215679.d.37B31E838506234205DC321501B17414.e.16212/click - {}
RESULT: {}
COMMAND: GET /session/06820c29678f15015ffe824e569d7d5a/screenshot - {}
RESULT: {}
COMMAND: POST /session/06820c29678f15015ffe824e569d7d5a/element - {"using":"xpath","value":"//button[@data-kt=\"execHoPickButton\"]"}
RESULT: {"using":"xpath","value":"//button[@data-kt=\"execHoPickButton\"]"}
COMMAND: POST /session/06820c29678f15015ffe824e569d7d5a/element/f.696EFCE712E801319DC54DDC19215679.d.37B31E838506234205DC321501B17414.e.16214/click - {}
RESULT: {}
COMMAND: GET /session/06820c29678f15015ffe824e569d7d5a/screenshot - {}
RESULT: {}
COMMAND: POST /session/06820c29678f15015ffe824e569d7d5a/element - {"using":"xpath","value":"//span[contains(@id ,\"filterItemControl_BASIC-RECEIVE_CONTRACT-vhi\")]"}
RESULT: {"using":"xpath","value":"//span[contains(@id ,\"filterItemControl_BASIC-RECEIVE_CONTRACT-vhi\")]"}
COMMAND: POST /session/06820c29678f15015ffe824e569d7d5a/element/f.696EFCE712E801319DC54DDC19215679.d.37B31E838506234205DC321501B17414.e.16388/click - {}
RESULT: {}
COMMAND: GET /session/06820c29678f15015ffe824e569d7d5a/screenshot - {}
RESULT: {}
COMMAND: POST /session/06820c29678f15015ffe824e569d7d5a/execute/async - {"script":"<script> [1562 bytes]","args":[{"selector":{"controlType":"sap.m.SearchField","viewName":"etm.portal.ui.managehandovers.view.MasterHO","bindingPath":{"path":"","propertyPath":"/_BASIC_SEARCH_FIELD","modelName":"fi1t3rM0d31"},"searchOpenDialogs":true,"interaction":{"idSuffix":"I"}},"wdio_ui5_key":"etmportal.ui.managehandovers.view.MasterHOsap.m.SearchField{\"path\":\"\",\"propertyPath\":\"/_BASIC_SEARCH_FIELD\",\"modelName\":\"fi1t3rM0d31\"}"}]}
RESULT: {"script":"<script> [1562 bytes]","args":[{"selector":{"controlType":"sap.m.SearchField","viewName":"etm.portal.ui.managehandovers.view.MasterHO","bindingPath":{"path":"","propertyPath":"/_BASIC_SEARCH_FIELD","modelName":"fi1t3rM0d31"},"searchOpenDialogs":true,"interaction":{"idSuffix":"I"}},"wdio_ui5_key":"etmportal.ui.managehandovers.view.MasterHOsap.m.SearchField{\"path\":\"\",\"propertyPath\":\"/_BASIC_SEARCH_FIELD\",\"modelName\":\"fi1t3rM0d31\"}"}]}
RESULT: undefined
COMMAND: POST /session/06820c29678f15015ffe824e569d7d5a/execute/async - {"script":"<script> [776 bytes]","args":[{"enterText":"10393","selector":{"controlType":"sap.m.SearchField","viewName":"etm.portal.ui.managehandovers.view.MasterHO","bindingPath":{"path":"","propertyPath":"/_BASIC_SEARCH_FIELD","modelName":"fi1t3rM0d31"},"searchOpenDialogs":true,"interaction":{"idSuffix":"I"}},"clearTextFirst":true,"interactionType":"ENTER_TEXT"}]}
RESULT: {"script":"<script> [776 bytes]","args":[{"enterText":"10393","selector":{"controlType":"sap.m.SearchField","viewName":"etm.portal.ui.managehandovers.view.MasterHO","bindingPath":{"path":"","propertyPath":"/_BASIC_SEARCH_FIELD","modelName":"fi1t3rM0d31"},"searchOpenDialogs":true,"interaction":{"idSuffix":"I"}},"clearTextFirst":true,"interactionType":"ENTER_TEXT"}]}
COMMAND: POST /session/06820c29678f15015ffe824e569d7d5a/actions - {"actions":[{"id":"action50","type":"key","parameters":{},"actions":[{"type":"keyDown","value":"î€‡"},{"type":"pause","duration":10},{"type":"keyUp","value":"î€‡"}]}]}
RESULT: {"actions":[{"id":"action50","type":"key","parameters":{},"actions":[{"type":"keyDown","value":"î€‡"},{"type":"pause","duration":10},{"type":"keyUp","value":"î€‡"}]}]}
COMMAND: GET /session/06820c29678f15015ffe824e569d7d5a/screenshot - {}
RESULT: {}
COMMAND: POST /session/06820c29678f15015ffe824e569d7d5a/element - {"using":"xpath","value":"//div[contains(@id, 'filterItemControl_BASIC-RECEIVE_CONTRACT-valueHelpDialog-table-rowsel0')]"}
RESULT: {"using":"xpath","value":"//div[contains(@id, 'filterItemControl_BASIC-RECEIVE_CONTRACT-valueHelpDialog-table-rowsel0')]"}
COMMAND: POST /session/06820c29678f15015ffe824e569d7d5a/element/f.696EFCE712E801319DC54DDC19215679.d.37B31E838506234205DC321501B17414.e.16397/click - {}
RESULT: {}
COMMAND: GET /session/06820c29678f15015ffe824e569d7d5a/screenshot - {}
RESULT: {}
COMMAND: POST /session/06820c29678f15015ffe824e569d7d5a/element - {"using":"xpath","value":"//bdi[contains(text(), \"OK\")]"}
RESULT: {"using":"xpath","value":"//bdi[contains(text(), \"OK\")]"}
COMMAND: POST /session/06820c29678f15015ffe824e569d7d5a/element/f.696EFCE712E801319DC54DDC19215679.d.37B31E838506234205DC321501B17414.e.16399/click - {}
RESULT: {}
COMMAND: GET /session/06820c29678f15015ffe824e569d7d5a/screenshot - {}
RESULT: {}
COMMAND: POST /session/06820c29678f15015ffe824e569d7d5a/element - {"using":"xpath","value":"//span[contains(@id, \"smartTable-header-inner\")]"}
RESULT: {"using":"xpath","value":"//span[contains(@id, \"smartTable-header-inner\")]"}
COMMAND: POST /session/06820c29678f15015ffe824e569d7d5a/elements - {"using":"xpath","value":"//span[contains(@id, \"smartTable-header-inner\")]"}
RESULT: {"using":"xpath","value":"//span[contains(@id, \"smartTable-header-inner\")]"}
COMMAND: POST /session/06820c29678f15015ffe824e569d7d5a/execute/sync - {"script":"<script> [56 bytes]","args":[{"element-6066-11e4-a52e-4f735466cecf":"f.696EFCE712E801319DC54DDC19215679.d.37B31E838506234205DC321501B17414.e.16428","ELEMENT":"f.696EFCE712E801319DC54DDC19215679.d.37B31E838506234205DC321501B17414.e.16428"}]}
RESULT: {"script":"<script> [56 bytes]","args":[{"element-6066-11e4-a52e-4f735466cecf":"f.696EFCE712E801319DC54DDC19215679.d.37B31E838506234205DC321501B17414.e.16428","ELEMENT":"f.696EFCE712E801319DC54DDC19215679.d.37B31E838506234205DC321501B17414.e.16428"}]}
COMMAND: POST /session/06820c29678f15015ffe824e569d7d5a/element - {"using":"xpath","value":"//table[contains(@id, \"customHandovers\")]//tbody/tr[1]/td[2]/span"}
COMMAND: GET /session/06820c29678f15015ffe824e569d7d5a/screenshot - {}
RESULT: {}
RESULT: {"using":"xpath","value":"//table[contains(@id, \"customHandovers\")]//tbody/tr[1]/td[2]/span"}
COMMAND: POST /session/06820c29678f15015ffe824e569d7d5a/execute/sync - {"script":"<script> [56 bytes]","args":[{"element-6066-11e4-a52e-4f735466cecf":"f.696EFCE712E801319DC54DDC19215679.d.37B31E838506234205DC321501B17414.e.16429","ELEMENT":"f.696EFCE712E801319DC54DDC19215679.d.37B31E838506234205DC321501B17414.e.16429"}]}
RESULT: {"script":"<script> [56 bytes]","args":[{"element-6066-11e4-a52e-4f735466cecf":"f.696EFCE712E801319DC54DDC19215679.d.37B31E838506234205DC321501B17414.e.16429","ELEMENT":"f.696EFCE712E801319DC54DDC19215679.d.37B31E838506234205DC321501B17414.e.16429"}]}
COMMAND: POST /session/06820c29678f15015ffe824e569d7d5a/element - {"using":"xpath","value":"(//span[contains(@id, \"imgNav\")])[1]"}
COMMAND: GET /session/06820c29678f15015ffe824e569d7d5a/screenshot - {}
RESULT: {"using":"xpath","value":"(//span[contains(@id, \"imgNav\")])[1]"}
COMMAND: POST /session/06820c29678f15015ffe824e569d7d5a/element/f.696EFCE712E801319DC54DDC19215679.d.37B31E838506234205DC321501B17414.e.16426/click - {}
RESULT: {}
RESULT: {}
COMMAND: GET /session/06820c29678f15015ffe824e569d7d5a/screenshot - {}
RESULT: {}
RESULT: undefined
COMMAND: POST /session/06820c29678f15015ffe824e569d7d5a/execute/async - {"script":"<script> [776 bytes]","args":[{"enterText":"5/19/25","selector":{"id":"issueDatePicker","viewName":"etm.portal.ui.managehandovers.view.DetailExecuteHO","interaction":{"idSuffix":"inner"}},"clearTextFirst":true,"interactionType":"ENTER_TEXT"}]}
RESULT: {"script":"<script> [776 bytes]","args":[{"enterText":"5/19/25","selector":{"id":"issueDatePicker","viewName":"etm.portal.ui.managehandovers.view.DetailExecuteHO","interaction":{"idSuffix":"inner"}},"clearTextFirst":true,"interactionType":"ENTER_TEXT"}]}
COMMAND: POST /session/06820c29678f15015ffe824e569d7d5a/element - {"using":"xpath","value":"//button[@data-kt=\"PickingTableConfirmAllButton\"]"}
RESULT: {"using":"xpath","value":"//button[@data-kt=\"PickingTableConfirmAllButton\"]"}
COMMAND: POST /session/06820c29678f15015ffe824e569d7d5a/element/f.696EFCE712E801319DC54DDC19215679.d.37B31E838506234205DC321501B17414.e.16446/click - {}
RESULT: {}
COMMAND: GET /session/06820c29678f15015ffe824e569d7d5a/screenshot - {}
RESULT: {}
COMMAND: POST /session/06820c29678f15015ffe824e569d7d5a/element - {"using":"xpath","value":"//bdi[contains(text(), \"OK\")]"}
RESULT: {"using":"xpath","value":"//bdi[contains(text(), \"OK\")]"}
COMMAND: POST /session/06820c29678f15015ffe824e569d7d5a/element/f.696EFCE712E801319DC54DDC19215679.d.37B31E838506234205DC321501B17414.e.16473/click - {}
RESULT: {}
COMMAND: GET /session/06820c29678f15015ffe824e569d7d5a/screenshot - {}
RESULT: {}
COMMAND: POST /session/06820c29678f15015ffe824e569d7d5a/element - {"using":"xpath","value":"//button[@data-kt=\"execHoIssueButton\"]"}
RESULT: {"using":"xpath","value":"//button[@data-kt=\"execHoIssueButton\"]"}
COMMAND: POST /session/06820c29678f15015ffe824e569d7d5a/element/f.696EFCE712E801319DC54DDC19215679.d.37B31E838506234205DC321501B17414.e.16474/click - {}
RESULT: {}
COMMAND: GET /session/06820c29678f15015ffe824e569d7d5a/screenshot - {}
RESULT: {}
COMMAND: POST /session/06820c29678f15015ffe824e569d7d5a/element - {"using":"xpath","value":"//input[contains(@id ,\"smartFilterBar-btnBasicSearch-I\")]"}
RESULT: {"using":"xpath","value":"//input[contains(@id ,\"smartFilterBar-btnBasicSearch-I\")]"}
COMMAND: POST /session/06820c29678f15015ffe824e569d7d5a/elements - {"using":"xpath","value":"//input[contains(@id ,\"smartFilterBar-btnBasicSearch-I\")]"}
RESULT: {"using":"xpath","value":"//input[contains(@id ,\"smartFilterBar-btnBasicSearch-I\")]"}
COMMAND: POST /session/06820c29678f15015ffe824e569d7d5a/execute/sync - {"script":"<script> [8489 bytes]","args":[{"element-6066-11e4-a52e-4f735466cecf":"f.696EFCE712E801319DC54DDC19215679.d.37B31E838506234205DC321501B17414.e.15891","ELEMENT":"f.696EFCE712E801319DC54DDC19215679.d.37B31E838506234205DC321501B17414.e.15891"}]}
RESULT: {"script":"<script> [8489 bytes]","args":[{"element-6066-11e4-a52e-4f735466cecf":"f.696EFCE712E801319DC54DDC19215679.d.37B31E838506234205DC321501B17414.e.15891","ELEMENT":"f.696EFCE712E801319DC54DDC19215679.d.37B31E838506234205DC321501B17414.e.15891"}]}
COMMAND: GET /session/06820c29678f15015ffe824e569d7d5a/element/f.696EFCE712E801319DC54DDC19215679.d.37B31E838506234205DC321501B17414.e.15891/enabled - {}
COMMAND: GET /session/06820c29678f15015ffe824e569d7d5a/screenshot - {}
RESULT: {}
COMMAND: POST /session/06820c29678f15015ffe824e569d7d5a/element/f.696EFCE712E801319DC54DDC19215679.d.37B31E838506234205DC321501B17414.e.15891/clear - {}
COMMAND: GET /session/06820c29678f15015ffe824e569d7d5a/screenshot - {}
RESULT: {}
RESULT: {}
COMMAND: POST /session/06820c29678f15015ffe824e569d7d5a/element/f.696EFCE712E801319DC54DDC19215679.d.37B31E838506234205DC321501B17414.e.15891/value - {"text":"30759"}
COMMAND: GET /session/06820c29678f15015ffe824e569d7d5a/screenshot - {}
RESULT: {}
RESULT: {"text":"30759"}
COMMAND: GET /session/06820c29678f15015ffe824e569d7d5a/screenshot - {}
RESULT: {}
RESULT: {}
COMMAND: POST /session/06820c29678f15015ffe824e569d7d5a/actions - {"actions":[{"id":"action51","type":"key","parameters":{},"actions":[{"type":"keyDown","value":"î€‡"},{"type":"pause","duration":10},{"type":"keyUp","value":"î€‡"}]}]}
RESULT: {"actions":[{"id":"action51","type":"key","parameters":{},"actions":[{"type":"keyDown","value":"î€‡"},{"type":"pause","duration":10},{"type":"keyUp","value":"î€‡"}]}]}
COMMAND: GET /session/06820c29678f15015ffe824e569d7d5a/screenshot - {}
RESULT: {}
COMMAND: POST /session/06820c29678f15015ffe824e569d7d5a/element - {"using":"xpath","value":"//span[contains(@id, \"smartTable-header-inner\")]"}
RESULT: {"using":"xpath","value":"//span[contains(@id, \"smartTable-header-inner\")]"}
COMMAND: POST /session/06820c29678f15015ffe824e569d7d5a/elements - {"using":"xpath","value":"//span[contains(@id, \"smartTable-header-inner\")]"}
RESULT: {"using":"xpath","value":"//span[contains(@id, \"smartTable-header-inner\")]"}
COMMAND: POST /session/06820c29678f15015ffe824e569d7d5a/execute/sync - {"script":"<script> [56 bytes]","args":[{"element-6066-11e4-a52e-4f735466cecf":"f.696EFCE712E801319DC54DDC19215679.d.37B31E838506234205DC321501B17414.e.16428","ELEMENT":"f.696EFCE712E801319DC54DDC19215679.d.37B31E838506234205DC321501B17414.e.16428"}]}
RESULT: {"script":"<script> [56 bytes]","args":[{"element-6066-11e4-a52e-4f735466cecf":"f.696EFCE712E801319DC54DDC19215679.d.37B31E838506234205DC321501B17414.e.16428","ELEMENT":"f.696EFCE712E801319DC54DDC19215679.d.37B31E838506234205DC321501B17414.e.16428"}]}
COMMAND: POST /session/06820c29678f15015ffe824e569d7d5a/elements - {"using":"xpath","value":"//thead[contains(@class, \"sapMTableTH\")]/tr/th"}
COMMAND: GET /session/06820c29678f15015ffe824e569d7d5a/screenshot - {}
RESULT: {"using":"xpath","value":"//thead[contains(@class, \"sapMTableTH\")]/tr/th"}
COMMAND: GET /session/06820c29678f15015ffe824e569d7d5a/element/f.696EFCE712E801319DC54DDC19215679.d.37B31E838506234205DC321501B17414.e.16513/text - {}
RESULT: {}
RESULT: {}
COMMAND: GET /session/06820c29678f15015ffe824e569d7d5a/element/f.696EFCE712E801319DC54DDC19215679.d.37B31E838506234205DC321501B17414.e.16514/text - {}
RESULT: {}
COMMAND: GET /session/06820c29678f15015ffe824e569d7d5a/element/f.696EFCE712E801319DC54DDC19215679.d.37B31E838506234205DC321501B17414.e.15936/text - {}
RESULT: {}
COMMAND: GET /session/06820c29678f15015ffe824e569d7d5a/element/f.696EFCE712E801319DC54DDC19215679.d.37B31E838506234205DC321501B17414.e.15938/text - {}
RESULT: {}
COMMAND: GET /session/06820c29678f15015ffe824e569d7d5a/element/f.696EFCE712E801319DC54DDC19215679.d.37B31E838506234205DC321501B17414.e.16496/text - {}
RESULT: {}
COMMAND: GET /session/06820c29678f15015ffe824e569d7d5a/element/f.696EFCE712E801319DC54DDC19215679.d.37B31E838506234205DC321501B17414.e.16497/text - {}
RESULT: {}
COMMAND: GET /session/06820c29678f15015ffe824e569d7d5a/element/f.696EFCE712E801319DC54DDC19215679.d.37B31E838506234205DC321501B17414.e.16498/text - {}
RESULT: {}
COMMAND: GET /session/06820c29678f15015ffe824e569d7d5a/element/f.696EFCE712E801319DC54DDC19215679.d.37B31E838506234205DC321501B17414.e.16499/text - {}
RESULT: {}
COMMAND: GET /session/06820c29678f15015ffe824e569d7d5a/element/f.696EFCE712E801319DC54DDC19215679.d.37B31E838506234205DC321501B17414.e.16500/text - {}
RESULT: {}
COMMAND: GET /session/06820c29678f15015ffe824e569d7d5a/element/f.696EFCE712E801319DC54DDC19215679.d.37B31E838506234205DC321501B17414.e.16501/text - {}
RESULT: {}
COMMAND: GET /session/06820c29678f15015ffe824e569d7d5a/element/f.696EFCE712E801319DC54DDC19215679.d.37B31E838506234205DC321501B17414.e.16502/text - {}
RESULT: {}
COMMAND: GET /session/06820c29678f15015ffe824e569d7d5a/element/f.696EFCE712E801319DC54DDC19215679.d.37B31E838506234205DC321501B17414.e.16503/text - {}
RESULT: {}
COMMAND: GET /session/06820c29678f15015ffe824e569d7d5a/element/f.696EFCE712E801319DC54DDC19215679.d.37B31E838506234205DC321501B17414.e.16504/text - {}
RESULT: {}
COMMAND: GET /session/06820c29678f15015ffe824e569d7d5a/element/f.696EFCE712E801319DC54DDC19215679.d.37B31E838506234205DC321501B17414.e.15939/text - {}
RESULT: {}
COMMAND: POST /session/06820c29678f15015ffe824e569d7d5a/element - {"using":"xpath","value":"//tbody[contains(@id, \"customHandoversTable-tblBody\")]/tr[1]/td[14]/div/span"}
RESULT: {"using":"xpath","value":"//tbody[contains(@id, \"customHandoversTable-tblBody\")]/tr[1]/td[14]/div/span"}
COMMAND: POST /session/06820c29678f15015ffe824e569d7d5a/execute/sync - {"script":"<script> [56 bytes]","args":[{"element-6066-11e4-a52e-4f735466cecf":"f.696EFCE712E801319DC54DDC19215679.d.37B31E838506234205DC321501B17414.e.16566","ELEMENT":"f.696EFCE712E801319DC54DDC19215679.d.37B31E838506234205DC321501B17414.e.16566"}]}
RESULT: {"script":"<script> [56 bytes]","args":[{"element-6066-11e4-a52e-4f735466cecf":"f.696EFCE712E801319DC54DDC19215679.d.37B31E838506234205DC321501B17414.e.16566","ELEMENT":"f.696EFCE712E801319DC54DDC19215679.d.37B31E838506234205DC321501B17414.e.16566"}]}
COMMAND: POST /session/06820c29678f15015ffe824e569d7d5a/element - {"using":"xpath","value":"(//span[contains(@id, \"imgNav\")])[1]"}
COMMAND: GET /session/06820c29678f15015ffe824e569d7d5a/screenshot - {}
RESULT: {"using":"xpath","value":"(//span[contains(@id, \"imgNav\")])[1]"}
COMMAND: POST /session/06820c29678f15015ffe824e569d7d5a/element/f.696EFCE712E801319DC54DDC19215679.d.37B31E838506234205DC321501B17414.e.16567/click - {}
RESULT: {}
RESULT: {}
COMMAND: GET /session/06820c29678f15015ffe824e569d7d5a/screenshot - {}
RESULT: {}
RESULT: undefined
COMMAND: POST /session/06820c29678f15015ffe824e569d7d5a/execute/async - {"script":"<script> [776 bytes]","args":[{"enterText":"05/19/25","selector":{"id":"receiptDatePicker","viewName":"etm.portal.ui.managehandovers.view.DetailExecuteHO","interaction":{"idSuffix":"inner"}},"clearTextFirst":true,"interactionType":"ENTER_TEXT"}]}
RESULT: {"script":"<script> [776 bytes]","args":[{"enterText":"05/19/25","selector":{"id":"receiptDatePicker","viewName":"etm.portal.ui.managehandovers.view.DetailExecuteHO","interaction":{"idSuffix":"inner"}},"clearTextFirst":true,"interactionType":"ENTER_TEXT"}]}
COMMAND: POST /session/06820c29678f15015ffe824e569d7d5a/element - {"using":"xpath","value":"//bdi[contains(text(), \"OK\")]"}
RESULT: {"using":"xpath","value":"//bdi[contains(text(), \"OK\")]"}
COMMAND: POST /session/06820c29678f15015ffe824e569d7d5a/element/f.696EFCE712E801319DC54DDC19215679.d.37B31E838506234205DC321501B17414.e.16608/click - {}
RESULT: {}
COMMAND: GET /session/06820c29678f15015ffe824e569d7d5a/screenshot - {}
RESULT: {}
COMMAND: POST /session/06820c29678f15015ffe824e569d7d5a/element - {"using":"xpath","value":"//button[@data-kt=\"PickingTableConfirmAllButton\"]"}
RESULT: {"using":"xpath","value":"//button[@data-kt=\"PickingTableConfirmAllButton\"]"}
COMMAND: POST /session/06820c29678f15015ffe824e569d7d5a/element/f.696EFCE712E801319DC54DDC19215679.d.37B31E838506234205DC321501B17414.e.16596/click - {}
RESULT: {}
COMMAND: GET /session/06820c29678f15015ffe824e569d7d5a/screenshot - {}
RESULT: {}
COMMAND: POST /session/06820c29678f15015ffe824e569d7d5a/element - {"using":"xpath","value":"//bdi[contains(text(), \"OK\")]"}
RESULT: {"using":"xpath","value":"//bdi[contains(text(), \"OK\")]"}
COMMAND: POST /session/06820c29678f15015ffe824e569d7d5a/element/f.696EFCE712E801319DC54DDC19215679.d.37B31E838506234205DC321501B17414.e.16617/click - {}
RESULT: {}
COMMAND: GET /session/06820c29678f15015ffe824e569d7d5a/screenshot - {}
RESULT: {}
COMMAND: POST /session/06820c29678f15015ffe824e569d7d5a/element - {"using":"xpath","value":"//button[@data-kt= \"execHoReceiveButton\"]"}
RESULT: {"using":"xpath","value":"//button[@data-kt= \"execHoReceiveButton\"]"}
COMMAND: POST /session/06820c29678f15015ffe824e569d7d5a/element/f.696EFCE712E801319DC54DDC19215679.d.37B31E838506234205DC321501B17414.e.16619/click - {}
RESULT: {}
COMMAND: GET /session/06820c29678f15015ffe824e569d7d5a/screenshot - {}
RESULT: {}
COMMAND: POST /session/06820c29678f15015ffe824e569d7d5a/element - {"using":"xpath","value":"//input[contains(@id ,\"smartFilterBar-btnBasicSearch-I\")]"}
RESULT: {"using":"xpath","value":"//input[contains(@id ,\"smartFilterBar-btnBasicSearch-I\")]"}
COMMAND: POST /session/06820c29678f15015ffe824e569d7d5a/elements - {"using":"xpath","value":"//input[contains(@id ,\"smartFilterBar-btnBasicSearch-I\")]"}
RESULT: {"using":"xpath","value":"//input[contains(@id ,\"smartFilterBar-btnBasicSearch-I\")]"}
COMMAND: POST /session/06820c29678f15015ffe824e569d7d5a/execute/sync - {"script":"<script> [8489 bytes]","args":[{"element-6066-11e4-a52e-4f735466cecf":"f.696EFCE712E801319DC54DDC19215679.d.37B31E838506234205DC321501B17414.e.15891","ELEMENT":"f.696EFCE712E801319DC54DDC19215679.d.37B31E838506234205DC321501B17414.e.15891"}]}
RESULT: {"script":"<script> [8489 bytes]","args":[{"element-6066-11e4-a52e-4f735466cecf":"f.696EFCE712E801319DC54DDC19215679.d.37B31E838506234205DC321501B17414.e.15891","ELEMENT":"f.696EFCE712E801319DC54DDC19215679.d.37B31E838506234205DC321501B17414.e.15891"}]}
COMMAND: GET /session/06820c29678f15015ffe824e569d7d5a/element/f.696EFCE712E801319DC54DDC19215679.d.37B31E838506234205DC321501B17414.e.15891/enabled - {}
COMMAND: GET /session/06820c29678f15015ffe824e569d7d5a/screenshot - {}
RESULT: {}
COMMAND: POST /session/06820c29678f15015ffe824e569d7d5a/element/f.696EFCE712E801319DC54DDC19215679.d.37B31E838506234205DC321501B17414.e.15891/clear - {}
COMMAND: GET /session/06820c29678f15015ffe824e569d7d5a/screenshot - {}
RESULT: {}
RESULT: {}
COMMAND: POST /session/06820c29678f15015ffe824e569d7d5a/element/f.696EFCE712E801319DC54DDC19215679.d.37B31E838506234205DC321501B17414.e.15891/value - {"text":"30759"}
COMMAND: GET /session/06820c29678f15015ffe824e569d7d5a/screenshot - {}
RESULT: {}
RESULT: {"text":"30759"}
COMMAND: GET /session/06820c29678f15015ffe824e569d7d5a/screenshot - {}
RESULT: {}
RESULT: {}
COMMAND: POST /session/06820c29678f15015ffe824e569d7d5a/actions - {"actions":[{"id":"action52","type":"key","parameters":{},"actions":[{"type":"keyDown","value":"î€‡"},{"type":"pause","duration":10},{"type":"keyUp","value":"î€‡"}]}]}
RESULT: {"actions":[{"id":"action52","type":"key","parameters":{},"actions":[{"type":"keyDown","value":"î€‡"},{"type":"pause","duration":10},{"type":"keyUp","value":"î€‡"}]}]}
COMMAND: GET /session/06820c29678f15015ffe824e569d7d5a/screenshot - {}
RESULT: {}
COMMAND: POST /session/06820c29678f15015ffe824e569d7d5a/element - {"using":"xpath","value":"//span[contains(@id, \"smartTable-header-inner\")]"}
RESULT: {"using":"xpath","value":"//span[contains(@id, \"smartTable-header-inner\")]"}
COMMAND: POST /session/06820c29678f15015ffe824e569d7d5a/elements - {"using":"xpath","value":"//span[contains(@id, \"smartTable-header-inner\")]"}
RESULT: {"using":"xpath","value":"//span[contains(@id, \"smartTable-header-inner\")]"}
COMMAND: POST /session/06820c29678f15015ffe824e569d7d5a/execute/sync - {"script":"<script> [56 bytes]","args":[{"element-6066-11e4-a52e-4f735466cecf":"f.696EFCE712E801319DC54DDC19215679.d.37B31E838506234205DC321501B17414.e.16428","ELEMENT":"f.696EFCE712E801319DC54DDC19215679.d.37B31E838506234205DC321501B17414.e.16428"}]}
RESULT: {"script":"<script> [56 bytes]","args":[{"element-6066-11e4-a52e-4f735466cecf":"f.696EFCE712E801319DC54DDC19215679.d.37B31E838506234205DC321501B17414.e.16428","ELEMENT":"f.696EFCE712E801319DC54DDC19215679.d.37B31E838506234205DC321501B17414.e.16428"}]}
COMMAND: POST /session/06820c29678f15015ffe824e569d7d5a/elements - {"using":"xpath","value":"//thead[contains(@class, \"sapMTableTH\")]/tr/th"}
COMMAND: GET /session/06820c29678f15015ffe824e569d7d5a/screenshot - {}
RESULT: {"using":"xpath","value":"//thead[contains(@class, \"sapMTableTH\")]/tr/th"}
COMMAND: GET /session/06820c29678f15015ffe824e569d7d5a/element/f.696EFCE712E801319DC54DDC19215679.d.37B31E838506234205DC321501B17414.e.16513/text - {}
RESULT: {}
RESULT: {}
COMMAND: GET /session/06820c29678f15015ffe824e569d7d5a/element/f.696EFCE712E801319DC54DDC19215679.d.37B31E838506234205DC321501B17414.e.16514/text - {}
RESULT: {}
COMMAND: GET /session/06820c29678f15015ffe824e569d7d5a/element/f.696EFCE712E801319DC54DDC19215679.d.37B31E838506234205DC321501B17414.e.15936/text - {}
RESULT: {}
COMMAND: GET /session/06820c29678f15015ffe824e569d7d5a/element/f.696EFCE712E801319DC54DDC19215679.d.37B31E838506234205DC321501B17414.e.15938/text - {}
RESULT: {}
COMMAND: GET /session/06820c29678f15015ffe824e569d7d5a/element/f.696EFCE712E801319DC54DDC19215679.d.37B31E838506234205DC321501B17414.e.16624/text - {}
RESULT: {}
COMMAND: GET /session/06820c29678f15015ffe824e569d7d5a/element/f.696EFCE712E801319DC54DDC19215679.d.37B31E838506234205DC321501B17414.e.16625/text - {}
RESULT: {}
COMMAND: GET /session/06820c29678f15015ffe824e569d7d5a/element/f.696EFCE712E801319DC54DDC19215679.d.37B31E838506234205DC321501B17414.e.16626/text - {}
RESULT: {}
COMMAND: GET /session/06820c29678f15015ffe824e569d7d5a/element/f.696EFCE712E801319DC54DDC19215679.d.37B31E838506234205DC321501B17414.e.16627/text - {}
RESULT: {}
COMMAND: GET /session/06820c29678f15015ffe824e569d7d5a/element/f.696EFCE712E801319DC54DDC19215679.d.37B31E838506234205DC321501B17414.e.16628/text - {}
RESULT: {}
COMMAND: GET /session/06820c29678f15015ffe824e569d7d5a/element/f.696EFCE712E801319DC54DDC19215679.d.37B31E838506234205DC321501B17414.e.16629/text - {}
RESULT: {}
COMMAND: GET /session/06820c29678f15015ffe824e569d7d5a/element/f.696EFCE712E801319DC54DDC19215679.d.37B31E838506234205DC321501B17414.e.16630/text - {}
RESULT: {}
COMMAND: GET /session/06820c29678f15015ffe824e569d7d5a/element/f.696EFCE712E801319DC54DDC19215679.d.37B31E838506234205DC321501B17414.e.16631/text - {}
RESULT: {}
COMMAND: GET /session/06820c29678f15015ffe824e569d7d5a/element/f.696EFCE712E801319DC54DDC19215679.d.37B31E838506234205DC321501B17414.e.16632/text - {}
RESULT: {}
COMMAND: GET /session/06820c29678f15015ffe824e569d7d5a/element/f.696EFCE712E801319DC54DDC19215679.d.37B31E838506234205DC321501B17414.e.15939/text - {}
RESULT: {}
COMMAND: POST /session/06820c29678f15015ffe824e569d7d5a/element - {"using":"xpath","value":"//tbody[contains(@id, \"customHandoversTable-tblBody\")]/tr[1]/td[14]/div/span"}
RESULT: {"using":"xpath","value":"//tbody[contains(@id, \"customHandoversTable-tblBody\")]/tr[1]/td[14]/div/span"}
COMMAND: POST /session/06820c29678f15015ffe824e569d7d5a/execute/sync - {"script":"<script> [56 bytes]","args":[{"element-6066-11e4-a52e-4f735466cecf":"f.696EFCE712E801319DC54DDC19215679.d.37B31E838506234205DC321501B17414.e.16675","ELEMENT":"f.696EFCE712E801319DC54DDC19215679.d.37B31E838506234205DC321501B17414.e.16675"}]}
RESULT: {"script":"<script> [56 bytes]","args":[{"element-6066-11e4-a52e-4f735466cecf":"f.696EFCE712E801319DC54DDC19215679.d.37B31E838506234205DC321501B17414.e.16675","ELEMENT":"f.696EFCE712E801319DC54DDC19215679.d.37B31E838506234205DC321501B17414.e.16675"}]}
]]></system-out>
    </testcase>
    <testcase classname="chrome.136_0_7103_93.windows.Provide_to_Site_w/o_warehouse_management_w_clarification" name="Should Test for Handover Execution" time="12.843">
      <system-out><![CDATA[
COMMAND: POST /session/06820c29678f15015ffe824e569d7d5a/element - {"using":"xpath","value":"(//span[contains(@id, \"imgNav\")])[1]"}
COMMAND: GET /session/06820c29678f15015ffe824e569d7d5a/screenshot - {}
RESULT: {"using":"xpath","value":"(//span[contains(@id, \"imgNav\")])[1]"}
COMMAND: POST /session/06820c29678f15015ffe824e569d7d5a/element/f.696EFCE712E801319DC54DDC19215679.d.37B31E838506234205DC321501B17414.e.16676/click - {}
RESULT: {}
RESULT: {}
COMMAND: GET /session/06820c29678f15015ffe824e569d7d5a/screenshot - {}
RESULT: {}
COMMAND: POST /session/06820c29678f15015ffe824e569d7d5a/element - {"using":"css selector","value":"#shell-header-logo"}
RESULT: {"using":"css selector","value":"#shell-header-logo"}
COMMAND: POST /session/06820c29678f15015ffe824e569d7d5a/element/f.696EFCE712E801319DC54DDC19215679.d.37B31E838506234205DC321501B17414.e.15276/click - {}
RESULT: {}
COMMAND: GET /session/06820c29678f15015ffe824e569d7d5a/screenshot - {}
RESULT: {}
]]></system-out>
    </testcase>
    <testcase classname="chrome.136_0_7103_93.windows.Provide_to_Site_w/o_warehouse_management_w_clarification" name="Should test for Clarification" time="0.005">
      <system-out><![CDATA[
COMMAND: POST /session/06820c29678f15015ffe824e569d7d5a/element - {"using":"css selector","value":"#j_username"}
COMMAND: POST /session/06820c29678f15015ffe824e569d7d5a/url - {"url":"https://qa-testing-00-live-etm-ui.cfapps.eu10-004.hana.ondemand.com/"}
RESULT: {"using":"css selector","value":"#j_username"}
COMMAND: POST /session/06820c29678f15015ffe824e569d7d5a/element - {"using":"css selector","value":"#j_username"}
RESULT: {"url":"https://qa-testing-00-live-etm-ui.cfapps.eu10-004.hana.ondemand.com/"}
RESULT: undefined
COMMAND: GET /session/06820c29678f15015ffe824e569d7d5a/screenshot - {}
RESULT: {"using":"css selector","value":"#j_username"}
COMMAND: POST /session/06820c29678f15015ffe824e569d7d5a/element - {"using":"css selector","value":"#shell-header-logo"}
RESULT: {}
RESULT: {"using":"css selector","value":"#shell-header-logo"}
COMMAND: POST /session/06820c29678f15015ffe824e569d7d5a/execute/sync - {"script":"<script> [8489 bytes]","args":[{"element-6066-11e4-a52e-4f735466cecf":"f.696EFCE712E801319DC54DDC19215679.d.1896836921B0330F8BB4B351F38A2192.e.16726","ELEMENT":"f.696EFCE712E801319DC54DDC19215679.d.1896836921B0330F8BB4B351F38A2192.e.16726"}]}
RESULT: {"script":"<script> [8489 bytes]","args":[{"element-6066-11e4-a52e-4f735466cecf":"f.696EFCE712E801319DC54DDC19215679.d.1896836921B0330F8BB4B351F38A2192.e.16726","ELEMENT":"f.696EFCE712E801319DC54DDC19215679.d.1896836921B0330F8BB4B351F38A2192.e.16726"}]}
COMMAND: POST /session/06820c29678f15015ffe824e569d7d5a/element - {"using":"css selector","value":"#shell-header-logo"}
COMMAND: GET /session/06820c29678f15015ffe824e569d7d5a/screenshot - {}
RESULT: {"using":"css selector","value":"#shell-header-logo"}
COMMAND: POST /session/06820c29678f15015ffe824e569d7d5a/execute/sync - {"script":"<script> [8489 bytes]","args":[{"element-6066-11e4-a52e-4f735466cecf":"f.696EFCE712E801319DC54DDC19215679.d.1896836921B0330F8BB4B351F38A2192.e.16726","ELEMENT":"f.696EFCE712E801319DC54DDC19215679.d.1896836921B0330F8BB4B351F38A2192.e.16726"}]}
RESULT: {}
RESULT: {"script":"<script> [8489 bytes]","args":[{"element-6066-11e4-a52e-4f735466cecf":"f.696EFCE712E801319DC54DDC19215679.d.1896836921B0330F8BB4B351F38A2192.e.16726","ELEMENT":"f.696EFCE712E801319DC54DDC19215679.d.1896836921B0330F8BB4B351F38A2192.e.16726"}]}
COMMAND: POST /session/06820c29678f15015ffe824e569d7d5a/execute/sync - {"script":"<script> [5351 bytes]","args":[{"element-6066-11e4-a52e-4f735466cecf":"f.696EFCE712E801319DC54DDC19215679.d.1896836921B0330F8BB4B351F38A2192.e.16726","ELEMENT":"f.696EFCE712E801319DC54DDC19215679.d.1896836921B0330F8BB4B351F38A2192.e.16726"}]}
COMMAND: GET /session/06820c29678f15015ffe824e569d7d5a/screenshot - {}
RESULT: {"script":"<script> [5351 bytes]","args":[{"element-6066-11e4-a52e-4f735466cecf":"f.696EFCE712E801319DC54DDC19215679.d.1896836921B0330F8BB4B351F38A2192.e.16726","ELEMENT":"f.696EFCE712E801319DC54DDC19215679.d.1896836921B0330F8BB4B351F38A2192.e.16726"}]}
COMMAND: POST /session/06820c29678f15015ffe824e569d7d5a/element - {"using":"css selector","value":"#shell-header-logo"}
COMMAND: GET /session/06820c29678f15015ffe824e569d7d5a/screenshot - {}
RESULT: {}
RESULT: {"using":"css selector","value":"#shell-header-logo"}
COMMAND: POST /session/06820c29678f15015ffe824e569d7d5a/element/f.696EFCE712E801319DC54DDC19215679.d.1896836921B0330F8BB4B351F38A2192.e.16726/click - {}
RESULT: {}
RESULT: {}
COMMAND: GET /session/06820c29678f15015ffe824e569d7d5a/screenshot - {}
RESULT: {}
COMMAND: POST /session/06820c29678f15015ffe824e569d7d5a/execute/async - {"script":"<script> [189 bytes]","args":[]}
RESULT: {"script":"<script> [189 bytes]","args":[]}
COMMAND: POST /session/06820c29678f15015ffe824e569d7d5a/execute/async - {"script":"<script> [123 bytes]","args":[]}
RESULT: {"script":"<script> [123 bytes]","args":[]}
COMMAND: POST /session/06820c29678f15015ffe824e569d7d5a/timeouts - {"script":"<number>"}
RESULT: {"script":"<number>"}
COMMAND: GET /session/06820c29678f15015ffe824e569d7d5a/timeouts - {}
RESULT: {}
RESULT: undefined
COMMAND: POST /session/06820c29678f15015ffe824e569d7d5a/execute/async - {"script":"<script> [2676 bytes]","args":[]}
RESULT: {"script":"<script> [2676 bytes]","args":[]}
COMMAND: POST /session/06820c29678f15015ffe824e569d7d5a/execute/async - {"script":"<script> [2342 bytes]","args":[{"protocol":"http","hostname":"0.0.0.0","path":"/","capabilities":{"browserName":"chrome","goog:chromeOptions":{"binary":"C:\\Program Files\\Google\\Chrome\\Application\\chrome.exe","args":["--start-maximized"]}},"logLevel":"warn","connectionRetryTimeout":120000,"connectionRetryCount":3,"logLevels":{},"enableDirectConnect":true,"strictSSL":true,"_":"65 more keys: [\"cacheDir\",\"port\",\"requestedCapabilities\",\"automationProtocol\",\"baseUrl\",\"waitforInterval\",\"waitforTimeout\",\"onReload\",\"beforeCommand\",\"afterCommand\",\"rootDir\",\"specs\",\"suites\",\"exclude\",\"groupLogsByTestSpec\",\"excludeDriverLogs\",\"bail\",\"framework\",\"reporters\",\"services\",\"maxInstances\",\"maxInstancesPerCapability\",\"injectGlobals\",\"filesToWatch\",\"execArgv\",\"runnerEnv\",\"runner\",\"shard\",\"specFileRetries\",\"specFileRetriesDelay\",\"specFileRetriesDeferred\",\"reporterSyncInterval\",\"reporterSyncTimeout\",\"cucumberFeaturesWithLineNumbers\",\"autoCompileOpts\",\"mochaOpts\",\"jasmineOpts\",\"cucumberOpts\",\"onPrepare\",\"onWorkerStart\",\"onWorkerEnd\",\"before\",\"beforeSession\",\"beforeSuite\",\"beforeHook\",\"beforeTest\",\"afterTest\",\"afterHook\",\"afterSuite\",\"afterSession\",\"after\",\"onComplete\",\"beforeAssertion\",\"afterAssertion\",\"beforeFeature\",\"beforeScenario\",\"beforeStep\",\"afterStep\",\"afterScenario\",\"afterFeature\",\"_\",\"suite\",\"$0\",\"ignoredWorkerServices\",\"wdi5\"]"}]}
RESULT: {"script":"<script> [2342 bytes]","args":[{"protocol":"http","hostname":"0.0.0.0","path":"/","capabilities":{"browserName":"chrome","goog:chromeOptions":{"binary":"C:\\Program Files\\Google\\Chrome\\Application\\chrome.exe","args":["--start-maximized"]}},"logLevel":"warn","connectionRetryTimeout":120000,"connectionRetryCount":3,"logLevels":{},"enableDirectConnect":true,"strictSSL":true,"_":"65 more keys: [\"cacheDir\",\"port\",\"requestedCapabilities\",\"automationProtocol\",\"baseUrl\",\"waitforInterval\",\"waitforTimeout\",\"onReload\",\"beforeCommand\",\"afterCommand\",\"rootDir\",\"specs\",\"suites\",\"exclude\",\"groupLogsByTestSpec\",\"excludeDriverLogs\",\"bail\",\"framework\",\"reporters\",\"services\",\"maxInstances\",\"maxInstancesPerCapability\",\"injectGlobals\",\"filesToWatch\",\"execArgv\",\"runnerEnv\",\"runner\",\"shard\",\"specFileRetries\",\"specFileRetriesDelay\",\"specFileRetriesDeferred\",\"reporterSyncInterval\",\"reporterSyncTimeout\",\"cucumberFeaturesWithLineNumbers\",\"autoCompileOpts\",\"mochaOpts\",\"jasmineOpts\",\"cucumberOpts\",\"onPrepare\",\"onWorkerStart\",\"onWorkerEnd\",\"before\",\"beforeSession\",\"beforeSuite\",\"beforeHook\",\"beforeTest\",\"afterTest\",\"afterHook\",\"afterSuite\",\"afterSession\",\"after\",\"onComplete\",\"beforeAssertion\",\"afterAssertion\",\"beforeFeature\",\"beforeScenario\",\"beforeStep\",\"afterStep\",\"afterScenario\",\"afterFeature\",\"_\",\"suite\",\"$0\",\"ignoredWorkerServices\",\"wdi5\"]"}]}
COMMAND: POST /session/06820c29678f15015ffe824e569d7d5a/execute/async - {"script":"<script> [21126 bytes]","args":[35000]}
RESULT: {"script":"<script> [21126 bytes]","args":[35000]}
COMMAND: POST /session/06820c29678f15015ffe824e569d7d5a/window/maximize - {}
RESULT: {}
COMMAND: POST /session/06820c29678f15015ffe824e569d7d5a/execute/async - {"script":"<script> [1562 bytes]","args":[{"selector":{"id":"shell-header","interaction":{"idSuffix":"icon"}},"wdio_ui5_key":"shellheader"}]}
COMMAND: GET /session/06820c29678f15015ffe824e569d7d5a/screenshot - {}
RESULT: {"script":"<script> [1562 bytes]","args":[{"selector":{"id":"shell-header","interaction":{"idSuffix":"icon"}},"wdio_ui5_key":"shellheader"}]}
RESULT: undefined
COMMAND: POST /session/06820c29678f15015ffe824e569d7d5a/window/fullscreen - {}
RESULT: {}
RESULT: {}
]]></system-out>
    </testcase>
  </testsuite>
  <testsuite timestamp="2025-05-19T17:04:13" time="140.863" tests="4" failures="0" errors="0" skipped="0">
    <properties>
      <property name="specId" value="0" />
      <property name="suiteName" value="Provide to Site w/o warehouse management w/o clarification US116612" />
      <property name="capabilities" value="chrome.136_0_7103_93.windows" />
      <property name="file" value="file:///D:/a/1/s/test/specs/HTR/provide-to-site-wo-warehouse-wo-clarification.spec.js" />
    </properties>
    <testcase classname="chrome.136_0_7103_93.windows.Provide_to_Site_w/o_warehouse_management_w/o_clarification_US116612" name="Should create a new yard" time="0.013">
      <system-out><![CDATA[
COMMAND: POST /session/06820c29678f15015ffe824e569d7d5a/window/fullscreen - {}
RESULT: {}
]]></system-out>
    </testcase>
    <testcase classname="chrome.136_0_7103_93.windows.Provide_to_Site_w/o_warehouse_management_w/o_clarification_US116612" name="Should create a new external partner" time="0.004" />
    <testcase classname="chrome.136_0_7103_93.windows.Provide_to_Site_w/o_warehouse_management_w/o_clarification_US116612" name="Should create a new site" time="0.004" />
    <testcase classname="chrome.136_0_7103_93.windows.Provide_to_Site_w/o_warehouse_management_w/o_clarification_US116612" name="Should create a new material" time="125.168">
      <system-out><![CDATA[
COMMAND: POST /session/06820c29678f15015ffe824e569d7d5a/execute/async - {"script":"<script> [1562 bytes]","args":[{"selector":{"controlType":"sap.m.GenericTile","properties":{"header":"Manage Resources"}},"wdio_ui5_key":"sapm.GenericTile{\"header\":\"Manage Resources\"}"}]}
RESULT: {"script":"<script> [1562 bytes]","args":[{"selector":{"controlType":"sap.m.GenericTile","properties":{"header":"Manage Resources"}},"wdio_ui5_key":"sapm.GenericTile{\"header\":\"Manage Resources\"}"}]}
RESULT: undefined
COMMAND: POST /session/06820c29678f15015ffe824e569d7d5a/element - {"using":"xpath","value":"//*[@id=\"__tile31\"]"}
RESULT: {"using":"xpath","value":"//*[@id=\"__tile31\"]"}
COMMAND: POST /session/06820c29678f15015ffe824e569d7d5a/element/f.696EFCE712E801319DC54DDC19215679.d.1896836921B0330F8BB4B351F38A2192.e.16748/click - {}
RESULT: {}
COMMAND: GET /session/06820c29678f15015ffe824e569d7d5a/screenshot - {}
RESULT: {}
COMMAND: POST /session/06820c29678f15015ffe824e569d7d5a/elements - {"using":"xpath","value":"//span[text()='Error']"}
RESULT: {"using":"xpath","value":"//span[text()='Error']"}
COMMAND: POST /session/06820c29678f15015ffe824e569d7d5a/element - {"using":"xpath","value":"//button[@data-kt=\"addNewRUOverflowToolbarButton\"]"}
RESULT: {"using":"xpath","value":"//button[@data-kt=\"addNewRUOverflowToolbarButton\"]"}
COMMAND: POST /session/06820c29678f15015ffe824e569d7d5a/elements - {"using":"xpath","value":"//button[@data-kt=\"addNewRUOverflowToolbarButton\"]"}
RESULT: {"using":"xpath","value":"//button[@data-kt=\"addNewRUOverflowToolbarButton\"]"}
COMMAND: POST /session/06820c29678f15015ffe824e569d7d5a/elements - {"using":"xpath","value":"//button[@data-kt=\"addNewRUOverflowToolbarButton\"]"}
RESULT: {"using":"xpath","value":"//button[@data-kt=\"addNewRUOverflowToolbarButton\"]"}
COMMAND: POST /session/06820c29678f15015ffe824e569d7d5a/element - {"using":"xpath","value":"//button[@data-kt=\"addNewRUOverflowToolbarButton\"]"}
RESULT: {"using":"xpath","value":"//button[@data-kt=\"addNewRUOverflowToolbarButton\"]"}
COMMAND: POST /session/06820c29678f15015ffe824e569d7d5a/execute/sync - {"script":"<script> [8489 bytes]","args":[{"element-6066-11e4-a52e-4f735466cecf":"f.696EFCE712E801319DC54DDC19215679.d.1896836921B0330F8BB4B351F38A2192.e.16876","ELEMENT":"f.696EFCE712E801319DC54DDC19215679.d.1896836921B0330F8BB4B351F38A2192.e.16876"}]}
RESULT: {"script":"<script> [8489 bytes]","args":[{"element-6066-11e4-a52e-4f735466cecf":"f.696EFCE712E801319DC54DDC19215679.d.1896836921B0330F8BB4B351F38A2192.e.16876","ELEMENT":"f.696EFCE712E801319DC54DDC19215679.d.1896836921B0330F8BB4B351F38A2192.e.16876"}]}
COMMAND: GET /session/06820c29678f15015ffe824e569d7d5a/element/f.696EFCE712E801319DC54DDC19215679.d.1896836921B0330F8BB4B351F38A2192.e.16876/enabled - {}
COMMAND: GET /session/06820c29678f15015ffe824e569d7d5a/screenshot - {}
RESULT: {}
COMMAND: POST /session/06820c29678f15015ffe824e569d7d5a/execute/sync - {"script":"<script> [8489 bytes]","args":[{"element-6066-11e4-a52e-4f735466cecf":"f.696EFCE712E801319DC54DDC19215679.d.1896836921B0330F8BB4B351F38A2192.e.16876","ELEMENT":"f.696EFCE712E801319DC54DDC19215679.d.1896836921B0330F8BB4B351F38A2192.e.16876"}]}
COMMAND: GET /session/06820c29678f15015ffe824e569d7d5a/screenshot - {}
RESULT: {}
RESULT: {"script":"<script> [8489 bytes]","args":[{"element-6066-11e4-a52e-4f735466cecf":"f.696EFCE712E801319DC54DDC19215679.d.1896836921B0330F8BB4B351F38A2192.e.16876","ELEMENT":"f.696EFCE712E801319DC54DDC19215679.d.1896836921B0330F8BB4B351F38A2192.e.16876"}]}
COMMAND: POST /session/06820c29678f15015ffe824e569d7d5a/execute/sync - {"script":"<script> [5351 bytes]","args":[{"element-6066-11e4-a52e-4f735466cecf":"f.696EFCE712E801319DC54DDC19215679.d.1896836921B0330F8BB4B351F38A2192.e.16876","ELEMENT":"f.696EFCE712E801319DC54DDC19215679.d.1896836921B0330F8BB4B351F38A2192.e.16876"}]}
COMMAND: GET /session/06820c29678f15015ffe824e569d7d5a/screenshot - {}
RESULT: {}
RESULT: {"script":"<script> [5351 bytes]","args":[{"element-6066-11e4-a52e-4f735466cecf":"f.696EFCE712E801319DC54DDC19215679.d.1896836921B0330F8BB4B351F38A2192.e.16876","ELEMENT":"f.696EFCE712E801319DC54DDC19215679.d.1896836921B0330F8BB4B351F38A2192.e.16876"}]}
COMMAND: POST /session/06820c29678f15015ffe824e569d7d5a/element/f.696EFCE712E801319DC54DDC19215679.d.1896836921B0330F8BB4B351F38A2192.e.16876/click - {}
COMMAND: GET /session/06820c29678f15015ffe824e569d7d5a/screenshot - {}
RESULT: {}
RESULT: {}
COMMAND: GET /session/06820c29678f15015ffe824e569d7d5a/screenshot - {}
RESULT: {}
RESULT: {}
COMMAND: POST /session/06820c29678f15015ffe824e569d7d5a/execute/async - {"script":"<script> [1562 bytes]","args":[{"selector":{"id":"application-manageresources-display-component---newResourceUnit--TYPE-arrow"},"wdio_ui5_key":"applicationmanageresources-display-component---newResourceUnit--TYPE-arrow"}]}
RESULT: {"script":"<script> [1562 bytes]","args":[{"selector":{"id":"application-manageresources-display-component---newResourceUnit--TYPE-arrow"},"wdio_ui5_key":"applicationmanageresources-display-component---newResourceUnit--TYPE-arrow"}]}
RESULT: undefined
COMMAND: POST /session/06820c29678f15015ffe824e569d7d5a/element - {"using":"xpath","value":"//*[@id=\"application-manageresources-display-component---newResourceUnit--TYPE-arrow\"]"}
RESULT: {"using":"xpath","value":"//*[@id=\"application-manageresources-display-component---newResourceUnit--TYPE-arrow\"]"}
COMMAND: POST /session/06820c29678f15015ffe824e569d7d5a/element/f.696EFCE712E801319DC54DDC19215679.d.1896836921B0330F8BB4B351F38A2192.e.17237/click - {}
RESULT: {}
COMMAND: POST /session/06820c29678f15015ffe824e569d7d5a/element - {"using":"xpath","value":"//input[@id=\"application-manageresources-display-component---newResourceUnit--TYPE-inner\"]"}
COMMAND: GET /session/06820c29678f15015ffe824e569d7d5a/screenshot - {}
RESULT: {"using":"xpath","value":"//input[@id=\"application-manageresources-display-component---newResourceUnit--TYPE-inner\"]"}
COMMAND: POST /session/06820c29678f15015ffe824e569d7d5a/element/f.696EFCE712E801319DC54DDC19215679.d.1896836921B0330F8BB4B351F38A2192.e.17229/clear - {}
RESULT: {}
RESULT: {}
COMMAND: POST /session/06820c29678f15015ffe824e569d7d5a/element/f.696EFCE712E801319DC54DDC19215679.d.1896836921B0330F8BB4B351F38A2192.e.17229/value - {"text":"Material"}
COMMAND: GET /session/06820c29678f15015ffe824e569d7d5a/screenshot - {}
RESULT: {"text":"Material"}
COMMAND: GET /session/06820c29678f15015ffe824e569d7d5a/screenshot - {}
RESULT: {}
RESULT: {}
COMMAND: POST /session/06820c29678f15015ffe824e569d7d5a/actions - {"actions":[{"id":"action53","type":"key","parameters":{},"actions":[{"type":"keyDown","value":"î€‡"},{"type":"pause","duration":10},{"type":"keyUp","value":"î€‡"}]}]}
RESULT: {"actions":[{"id":"action53","type":"key","parameters":{},"actions":[{"type":"keyDown","value":"î€‡"},{"type":"pause","duration":10},{"type":"keyUp","value":"î€‡"}]}]}
COMMAND: POST /session/06820c29678f15015ffe824e569d7d5a/execute/async - {"script":"<script> [1562 bytes]","args":[{"selector":{"id":"application-manageresources-display-component---newResourceUnit--SHORT_TEXT","interaction":{"idSuffix":"inner"}},"wdio_ui5_key":"applicationmanageresources-display-component---newResourceUnit--SHORT_TEXT"}]}
COMMAND: GET /session/06820c29678f15015ffe824e569d7d5a/screenshot - {}
RESULT: {"script":"<script> [1562 bytes]","args":[{"selector":{"id":"application-manageresources-display-component---newResourceUnit--SHORT_TEXT","interaction":{"idSuffix":"inner"}},"wdio_ui5_key":"applicationmanageresources-display-component---newResourceUnit--SHORT_TEXT"}]}
RESULT: undefined
COMMAND: POST /session/06820c29678f15015ffe824e569d7d5a/execute/async - {"script":"<script> [776 bytes]","args":[{"enterText":"Cement WDIO","selector":{"id":"application-manageresources-display-component---newResourceUnit--SHORT_TEXT","interaction":{"idSuffix":"inner"}},"clearTextFirst":true,"interactionType":"ENTER_TEXT"}]}
RESULT: {}
RESULT: {"script":"<script> [776 bytes]","args":[{"enterText":"Cement WDIO","selector":{"id":"application-manageresources-display-component---newResourceUnit--SHORT_TEXT","interaction":{"idSuffix":"inner"}},"clearTextFirst":true,"interactionType":"ENTER_TEXT"}]}
COMMAND: POST /session/06820c29678f15015ffe824e569d7d5a/execute/async - {"script":"<script> [1562 bytes]","args":[{"selector":{"id":"application-manageresources-display-component---newResourceUnit--BASE_UNIT_OF_MEASURE","interaction":{"idSuffix":"inner"}},"wdio_ui5_key":"applicationmanageresources-display-component---newResourceUnit--BASE_UNIT_OF_MEASURE"}]}
RESULT: {"script":"<script> [1562 bytes]","args":[{"selector":{"id":"application-manageresources-display-component---newResourceUnit--BASE_UNIT_OF_MEASURE","interaction":{"idSuffix":"inner"}},"wdio_ui5_key":"applicationmanageresources-display-component---newResourceUnit--BASE_UNIT_OF_MEASURE"}]}
RESULT: undefined
COMMAND: POST /session/06820c29678f15015ffe824e569d7d5a/execute/async - {"script":"<script> [776 bytes]","args":[{"enterText":"Piece","selector":{"id":"application-manageresources-display-component---newResourceUnit--BASE_UNIT_OF_MEASURE","interaction":{"idSuffix":"inner"}},"clearTextFirst":true,"interactionType":"ENTER_TEXT"}]}
RESULT: {"script":"<script> [776 bytes]","args":[{"enterText":"Piece","selector":{"id":"application-manageresources-display-component---newResourceUnit--BASE_UNIT_OF_MEASURE","interaction":{"idSuffix":"inner"}},"clearTextFirst":true,"interactionType":"ENTER_TEXT"}]}
COMMAND: POST /session/06820c29678f15015ffe824e569d7d5a/execute/async - {"script":"<script> [1562 bytes]","args":[{"selector":{"id":"application-manageresources-display-component---newResourceUnit--WEIGHT_UNIT","interaction":{"idSuffix":"inner"}},"wdio_ui5_key":"applicationmanageresources-display-component---newResourceUnit--WEIGHT_UNIT"}]}
RESULT: {"script":"<script> [1562 bytes]","args":[{"selector":{"id":"application-manageresources-display-component---newResourceUnit--WEIGHT_UNIT","interaction":{"idSuffix":"inner"}},"wdio_ui5_key":"applicationmanageresources-display-component---newResourceUnit--WEIGHT_UNIT"}]}
RESULT: undefined
COMMAND: POST /session/06820c29678f15015ffe824e569d7d5a/execute/async - {"script":"<script> [776 bytes]","args":[{"enterText":"Gram","selector":{"id":"application-manageresources-display-component---newResourceUnit--WEIGHT_UNIT","interaction":{"idSuffix":"inner"}},"clearTextFirst":true,"interactionType":"ENTER_TEXT"}]}
RESULT: {"script":"<script> [776 bytes]","args":[{"enterText":"Gram","selector":{"id":"application-manageresources-display-component---newResourceUnit--WEIGHT_UNIT","interaction":{"idSuffix":"inner"}},"clearTextFirst":true,"interactionType":"ENTER_TEXT"}]}
COMMAND: POST /session/06820c29678f15015ffe824e569d7d5a/execute/async - {"script":"<script> [1562 bytes]","args":[{"selector":{"id":"application-manageresources-display-component---newResourceUnit--DIMENSION_UNIT","interaction":{"idSuffix":"inner"}},"wdio_ui5_key":"applicationmanageresources-display-component---newResourceUnit--DIMENSION_UNIT"}]}
RESULT: {"script":"<script> [1562 bytes]","args":[{"selector":{"id":"application-manageresources-display-component---newResourceUnit--DIMENSION_UNIT","interaction":{"idSuffix":"inner"}},"wdio_ui5_key":"applicationmanageresources-display-component---newResourceUnit--DIMENSION_UNIT"}]}
RESULT: undefined
COMMAND: POST /session/06820c29678f15015ffe824e569d7d5a/execute/async - {"script":"<script> [776 bytes]","args":[{"enterText":"Meter","selector":{"id":"application-manageresources-display-component---newResourceUnit--DIMENSION_UNIT","interaction":{"idSuffix":"inner"}},"clearTextFirst":true,"interactionType":"ENTER_TEXT"}]}
RESULT: {"script":"<script> [776 bytes]","args":[{"enterText":"Meter","selector":{"id":"application-manageresources-display-component---newResourceUnit--DIMENSION_UNIT","interaction":{"idSuffix":"inner"}},"clearTextFirst":true,"interactionType":"ENTER_TEXT"}]}
COMMAND: POST /session/06820c29678f15015ffe824e569d7d5a/execute/async - {"script":"<script> [1562 bytes]","args":[{"selector":{"id":"application-manageresources-display-component---newResourceUnit--newRRUPage-anchBar-application-manageresources-display-component---newResourceUnit--control-anchor","interaction":{"idSuffix":"BDI-content"}},"wdio_ui5_key":"applicationmanageresources-display-component---newResourceUnit--newRRUPage-anchBar-application-manageresources-display-component---newResourceUnit--control-anchor"}]}
RESULT: {"script":"<script> [1562 bytes]","args":[{"selector":{"id":"application-manageresources-display-component---newResourceUnit--newRRUPage-anchBar-application-manageresources-display-component---newResourceUnit--control-anchor","interaction":{"idSuffix":"BDI-content"}},"wdio_ui5_key":"applicationmanageresources-display-component---newResourceUnit--newRRUPage-anchBar-application-manageresources-display-component---newResourceUnit--control-anchor"}]}
RESULT: undefined
COMMAND: POST /session/06820c29678f15015ffe824e569d7d5a/element - {"using":"xpath","value":"//*[@id=\"application-manageresources-display-component---newResourceUnit--newRRUPage-anchBar-application-manageresources-display-component---newResourceUnit--control-anchor\"]"}
RESULT: {"using":"xpath","value":"//*[@id=\"application-manageresources-display-component---newResourceUnit--newRRUPage-anchBar-application-manageresources-display-component---newResourceUnit--control-anchor\"]"}
COMMAND: POST /session/06820c29678f15015ffe824e569d7d5a/element/f.696EFCE712E801319DC54DDC19215679.d.1896836921B0330F8BB4B351F38A2192.e.17302/click - {}
RESULT: {}
COMMAND: POST /session/06820c29678f15015ffe824e569d7d5a/execute/async - {"script":"<script> [1562 bytes]","args":[{"selector":{"id":"application-manageresources-display-component---newResourceUnit--PLANNING_GROUP","interaction":{"idSuffix":"inner"}},"wdio_ui5_key":"applicationmanageresources-display-component---newResourceUnit--PLANNING_GROUP"}]}
COMMAND: GET /session/06820c29678f15015ffe824e569d7d5a/screenshot - {}
RESULT: {"script":"<script> [1562 bytes]","args":[{"selector":{"id":"application-manageresources-display-component---newResourceUnit--PLANNING_GROUP","interaction":{"idSuffix":"inner"}},"wdio_ui5_key":"applicationmanageresources-display-component---newResourceUnit--PLANNING_GROUP"}]}
RESULT: undefined
COMMAND: POST /session/06820c29678f15015ffe824e569d7d5a/execute/async - {"script":"<script> [776 bytes]","args":[{"enterText":"Material","selector":{"id":"application-manageresources-display-component---newResourceUnit--PLANNING_GROUP","interaction":{"idSuffix":"inner"}},"clearTextFirst":true,"interactionType":"ENTER_TEXT"}]}
RESULT: {}
RESULT: {"script":"<script> [776 bytes]","args":[{"enterText":"Material","selector":{"id":"application-manageresources-display-component---newResourceUnit--PLANNING_GROUP","interaction":{"idSuffix":"inner"}},"clearTextFirst":true,"interactionType":"ENTER_TEXT"}]}
COMMAND: POST /session/06820c29678f15015ffe824e569d7d5a/execute/async - {"script":"<script> [1562 bytes]","args":[{"selector":{"id":"application-manageresources-display-component---newResourceUnit--PLANNING_INDICATOR","interaction":{"idSuffix":"inner"}},"wdio_ui5_key":"applicationmanageresources-display-component---newResourceUnit--PLANNING_INDICATOR"}]}
RESULT: {"script":"<script> [1562 bytes]","args":[{"selector":{"id":"application-manageresources-display-component---newResourceUnit--PLANNING_INDICATOR","interaction":{"idSuffix":"inner"}},"wdio_ui5_key":"applicationmanageresources-display-component---newResourceUnit--PLANNING_INDICATOR"}]}
RESULT: undefined
COMMAND: POST /session/06820c29678f15015ffe824e569d7d5a/execute/async - {"script":"<script> [776 bytes]","args":[{"enterText":"10 - infinite","selector":{"id":"application-manageresources-display-component---newResourceUnit--PLANNING_INDICATOR","interaction":{"idSuffix":"inner"}},"clearTextFirst":true,"interactionType":"ENTER_TEXT"}]}
RESULT: {"script":"<script> [776 bytes]","args":[{"enterText":"10 - infinite","selector":{"id":"application-manageresources-display-component---newResourceUnit--PLANNING_INDICATOR","interaction":{"idSuffix":"inner"}},"clearTextFirst":true,"interactionType":"ENTER_TEXT"}]}
COMMAND: POST /session/06820c29678f15015ffe824e569d7d5a/element - {"using":"css selector","value":"#application-manageresources-display-component---newResourceUnit--btnAddTimeSegment"}
RESULT: {"using":"css selector","value":"#application-manageresources-display-component---newResourceUnit--btnAddTimeSegment"}
COMMAND: GET /session/06820c29678f15015ffe824e569d7d5a/element/f.696EFCE712E801319DC54DDC19215679.d.1896836921B0330F8BB4B351F38A2192.e.17312/rect - {}
RESULT: {}
COMMAND: GET /session/06820c29678f15015ffe824e569d7d5a/window/rect - {}
RESULT: {}
COMMAND: POST /session/06820c29678f15015ffe824e569d7d5a/execute/sync - {"script":"<script> [92 bytes]","args":[]}
RESULT: {"script":"<script> [92 bytes]","args":[]}
COMMAND: POST /session/06820c29678f15015ffe824e569d7d5a/actions - {"actions":[{"id":"action54","type":"wheel","parameters":{},"actions":[{"type":"scroll","x":-1888,"y":-32,"deltaX":0,"deltaY":0,"duration":0,"origin":{"element-6066-11e4-a52e-4f735466cecf":"f.696EFCE712E801319DC54DDC19215679.d.1896836921B0330F8BB4B351F38A2192.e.17312"}}]}]}
COMMAND: GET /session/06820c29678f15015ffe824e569d7d5a/screenshot - {}
RESULT: {}
COMMAND: POST /session/06820c29678f15015ffe824e569d7d5a/execute/sync - {"script":"<script> [79 bytes]","args":[{"element-6066-11e4-a52e-4f735466cecf":"f.696EFCE712E801319DC54DDC19215679.d.1896836921B0330F8BB4B351F38A2192.e.17312","ELEMENT":"f.696EFCE712E801319DC54DDC19215679.d.1896836921B0330F8BB4B351F38A2192.e.17312"},{"block":"start","inline":"nearest"}]}
RESULT: {"script":"<script> [79 bytes]","args":[{"element-6066-11e4-a52e-4f735466cecf":"f.696EFCE712E801319DC54DDC19215679.d.1896836921B0330F8BB4B351F38A2192.e.17312","ELEMENT":"f.696EFCE712E801319DC54DDC19215679.d.1896836921B0330F8BB4B351F38A2192.e.17312"},{"block":"start","inline":"nearest"}]}
COMMAND: POST /session/06820c29678f15015ffe824e569d7d5a/execute/async - {"script":"<script> [1562 bytes]","args":[{"selector":{"id":"application-manageresources-display-component---newResourceUnit--btnAddTimeSegment","interaction":{"idSuffix":"inner"}},"wdio_ui5_key":"applicationmanageresources-display-component---newResourceUnit--btnAddTimeSegment"}]}
COMMAND: GET /session/06820c29678f15015ffe824e569d7d5a/screenshot - {}
RESULT: {"script":"<script> [1562 bytes]","args":[{"selector":{"id":"application-manageresources-display-component---newResourceUnit--btnAddTimeSegment","interaction":{"idSuffix":"inner"}},"wdio_ui5_key":"applicationmanageresources-display-component---newResourceUnit--btnAddTimeSegment"}]}
RESULT: undefined
COMMAND: POST /session/06820c29678f15015ffe824e569d7d5a/element - {"using":"xpath","value":"//*[@id=\"application-manageresources-display-component---newResourceUnit--btnAddTimeSegment\"]"}
RESULT: {}
RESULT: {"using":"xpath","value":"//*[@id=\"application-manageresources-display-component---newResourceUnit--btnAddTimeSegment\"]"}
COMMAND: POST /session/06820c29678f15015ffe824e569d7d5a/element/f.696EFCE712E801319DC54DDC19215679.d.1896836921B0330F8BB4B351F38A2192.e.17312/click - {}
RESULT: {}
COMMAND: GET /session/06820c29678f15015ffe824e569d7d5a/screenshot - {}
RESULT: {}
COMMAND: POST /session/06820c29678f15015ffe824e569d7d5a/element - {"using":"xpath","value":"//input[@id=\"application-manageresources-display-component---newResourceUnit--idRuTSAdmin-application-manageresources-display-component---newResourceUnit--RUTimeSegment-0-inner\"]"}
RESULT: {"using":"xpath","value":"//input[@id=\"application-manageresources-display-component---newResourceUnit--idRuTSAdmin-application-manageresources-display-component---newResourceUnit--RUTimeSegment-0-inner\"]"}
COMMAND: POST /session/06820c29678f15015ffe824e569d7d5a/element/f.696EFCE712E801319DC54DDC19215679.d.1896836921B0330F8BB4B351F38A2192.e.17317/clear - {}
RESULT: {}
COMMAND: POST /session/06820c29678f15015ffe824e569d7d5a/element/f.696EFCE712E801319DC54DDC19215679.d.1896836921B0330F8BB4B351F38A2192.e.17317/value - {"text":"561"}
COMMAND: GET /session/06820c29678f15015ffe824e569d7d5a/screenshot - {}
RESULT: {"text":"561"}
COMMAND: GET /session/06820c29678f15015ffe824e569d7d5a/screenshot - {}
RESULT: {}
RESULT: {}
COMMAND: POST /session/06820c29678f15015ffe824e569d7d5a/element - {"using":"xpath","value":"//li[.//span[text()='561']]"}
RESULT: {"using":"xpath","value":"//li[.//span[text()='561']]"}
COMMAND: POST /session/06820c29678f15015ffe824e569d7d5a/element/f.696EFCE712E801319DC54DDC19215679.d.1896836921B0330F8BB4B351F38A2192.e.17327/click - {}
RESULT: {}
COMMAND: GET /session/06820c29678f15015ffe824e569d7d5a/screenshot - {}
RESULT: {}
COMMAND: POST /session/06820c29678f15015ffe824e569d7d5a/element - {"using":"xpath","value":"(//span[contains(@id, \"-application-manageresources-display-component---newResourceUnit--RUTimeSegment-0-arrow\")])[2]"}
RESULT: {"using":"xpath","value":"(//span[contains(@id, \"-application-manageresources-display-component---newResourceUnit--RUTimeSegment-0-arrow\")])[2]"}
COMMAND: POST /session/06820c29678f15015ffe824e569d7d5a/element/f.696EFCE712E801319DC54DDC19215679.d.1896836921B0330F8BB4B351F38A2192.e.17328/click - {}
RESULT: {}
COMMAND: POST /session/06820c29678f15015ffe824e569d7d5a/element - {"using":"xpath","value":"//span[contains(text(), \"PM Order\")]"}
RESULT: {"using":"xpath","value":"//span[contains(text(), \"PM Order\")]"}
COMMAND: POST /session/06820c29678f15015ffe824e569d7d5a/element/f.696EFCE712E801319DC54DDC19215679.d.1896836921B0330F8BB4B351F38A2192.e.17329/click - {}
RESULT: {}
COMMAND: GET /session/06820c29678f15015ffe824e569d7d5a/screenshot - {}
COMMAND: GET /session/06820c29678f15015ffe824e569d7d5a/screenshot - {}
RESULT: {}
RESULT: {}
COMMAND: POST /session/06820c29678f15015ffe824e569d7d5a/element - {"using":"xpath","value":"//td/div/div/div/span[contains(@id, \"newResourceUnit--RUTimeSegment-0-vhi\")][1]"}
RESULT: {"using":"xpath","value":"//td/div/div/div/span[contains(@id, \"newResourceUnit--RUTimeSegment-0-vhi\")][1]"}
COMMAND: GET /session/06820c29678f15015ffe824e569d7d5a/element/f.696EFCE712E801319DC54DDC19215679.d.1896836921B0330F8BB4B351F38A2192.e.17333/rect - {}
RESULT: {}
COMMAND: GET /session/06820c29678f15015ffe824e569d7d5a/window/rect - {}
RESULT: {}
COMMAND: POST /session/06820c29678f15015ffe824e569d7d5a/execute/sync - {"script":"<script> [92 bytes]","args":[]}
RESULT: {"script":"<script> [92 bytes]","args":[]}
COMMAND: POST /session/06820c29678f15015ffe824e569d7d5a/actions - {"actions":[{"id":"action55","type":"wheel","parameters":{},"actions":[{"type":"scroll","x":-1888,"y":-24,"deltaX":0,"deltaY":0,"duration":0,"origin":{"element-6066-11e4-a52e-4f735466cecf":"f.696EFCE712E801319DC54DDC19215679.d.1896836921B0330F8BB4B351F38A2192.e.17333"}}]}]}
COMMAND: GET /session/06820c29678f15015ffe824e569d7d5a/screenshot - {}
RESULT: {}
COMMAND: POST /session/06820c29678f15015ffe824e569d7d5a/execute/sync - {"script":"<script> [79 bytes]","args":[{"element-6066-11e4-a52e-4f735466cecf":"f.696EFCE712E801319DC54DDC19215679.d.1896836921B0330F8BB4B351F38A2192.e.17333","ELEMENT":"f.696EFCE712E801319DC54DDC19215679.d.1896836921B0330F8BB4B351F38A2192.e.17333"},{"block":"start","inline":"nearest"}]}
RESULT: {"script":"<script> [79 bytes]","args":[{"element-6066-11e4-a52e-4f735466cecf":"f.696EFCE712E801319DC54DDC19215679.d.1896836921B0330F8BB4B351F38A2192.e.17333","ELEMENT":"f.696EFCE712E801319DC54DDC19215679.d.1896836921B0330F8BB4B351F38A2192.e.17333"},{"block":"start","inline":"nearest"}]}
COMMAND: GET /session/06820c29678f15015ffe824e569d7d5a/screenshot - {}
RESULT: {}
COMMAND: POST /session/06820c29678f15015ffe824e569d7d5a/element/f.696EFCE712E801319DC54DDC19215679.d.1896836921B0330F8BB4B351F38A2192.e.17333/click - {}
RESULT: {}
COMMAND: GET /session/06820c29678f15015ffe824e569d7d5a/screenshot - {}
RESULT: {}
COMMAND: POST /session/06820c29678f15015ffe824e569d7d5a/execute/async - {"script":"<script> [1562 bytes]","args":[{"selector":{"controlType":"sap.m.SearchField","properties":{"placeholder":"Search"},"searchOpenDialogs":true,"interaction":{"idSuffix":"I"}},"wdio_ui5_key":"sapm.SearchField{\"placeholder\":\"Search\"}"}]}
RESULT: {"script":"<script> [1562 bytes]","args":[{"selector":{"controlType":"sap.m.SearchField","properties":{"placeholder":"Search"},"searchOpenDialogs":true,"interaction":{"idSuffix":"I"}},"wdio_ui5_key":"sapm.SearchField{\"placeholder\":\"Search\"}"}]}
RESULT: undefined
COMMAND: POST /session/06820c29678f15015ffe824e569d7d5a/execute/async - {"script":"<script> [776 bytes]","args":[{"enterText":"4000360","selector":{"controlType":"sap.m.SearchField","properties":{"placeholder":"Search"},"searchOpenDialogs":true,"interaction":{"idSuffix":"I"}},"clearTextFirst":true,"interactionType":"ENTER_TEXT"}]}
RESULT: {"script":"<script> [776 bytes]","args":[{"enterText":"4000360","selector":{"controlType":"sap.m.SearchField","properties":{"placeholder":"Search"},"searchOpenDialogs":true,"interaction":{"idSuffix":"I"}},"clearTextFirst":true,"interactionType":"ENTER_TEXT"}]}
COMMAND: POST /session/06820c29678f15015ffe824e569d7d5a/actions - {"actions":[{"id":"action56","type":"key","parameters":{},"actions":[{"type":"keyDown","value":"î€‡"},{"type":"pause","duration":10},{"type":"keyUp","value":"î€‡"}]}]}
RESULT: {"actions":[{"id":"action56","type":"key","parameters":{},"actions":[{"type":"keyDown","value":"î€‡"},{"type":"pause","duration":10},{"type":"keyUp","value":"î€‡"}]}]}
COMMAND: GET /session/06820c29678f15015ffe824e569d7d5a/screenshot - {}
RESULT: {}
COMMAND: POST /session/06820c29678f15015ffe824e569d7d5a/element - {"using":"xpath","value":"//td/div/span[contains(text(), \"BGL Vehicles\")]"}
RESULT: {"using":"xpath","value":"//td/div/span[contains(text(), \"BGL Vehicles\")]"}
COMMAND: POST /session/06820c29678f15015ffe824e569d7d5a/element/f.696EFCE712E801319DC54DDC19215679.d.1896836921B0330F8BB4B351F38A2192.e.17353/click - {}
RESULT: {}
COMMAND: GET /session/06820c29678f15015ffe824e569d7d5a/screenshot - {}
RESULT: {}
COMMAND: POST /session/06820c29678f15015ffe824e569d7d5a/element - {"using":"xpath","value":"//bdi[contains(text(), \"OK\")]"}
RESULT: {"using":"xpath","value":"//bdi[contains(text(), \"OK\")]"}
COMMAND: POST /session/06820c29678f15015ffe824e569d7d5a/element/f.696EFCE712E801319DC54DDC19215679.d.1896836921B0330F8BB4B351F38A2192.e.17354/click - {}
RESULT: {}
COMMAND: GET /session/06820c29678f15015ffe824e569d7d5a/screenshot - {}
RESULT: {}
COMMAND: POST /session/06820c29678f15015ffe824e569d7d5a/element - {"using":"xpath","value":"//label[contains(@class, 'sapMLabelRequired') and .//bdi[contains(text(), 'Planned Retirement')]]"}
RESULT: {"using":"xpath","value":"//label[contains(@class, 'sapMLabelRequired') and .//bdi[contains(text(), 'Planned Retirement')]]"}
COMMAND: POST /session/06820c29678f15015ffe824e569d7d5a/elements - {"using":"xpath","value":"//label[contains(@class, 'sapMLabelRequired') and .//bdi[contains(text(), 'Planned Retirement')]]"}
RESULT: {"using":"xpath","value":"//label[contains(@class, 'sapMLabelRequired') and .//bdi[contains(text(), 'Planned Retirement')]]"}
COMMAND: POST /session/06820c29678f15015ffe824e569d7d5a/element - {"using":"xpath","value":"//button[@data-kt=\"resourceUnitSaveButton\"]"}
RESULT: {"using":"xpath","value":"//button[@data-kt=\"resourceUnitSaveButton\"]"}
COMMAND: POST /session/06820c29678f15015ffe824e569d7d5a/element/f.696EFCE712E801319DC54DDC19215679.d.1896836921B0330F8BB4B351F38A2192.e.17254/click - {}
RESULT: {}
COMMAND: GET /session/06820c29678f15015ffe824e569d7d5a/screenshot - {}
RESULT: {}
COMMAND: POST /session/06820c29678f15015ffe824e569d7d5a/element - {"using":"xpath","value":"//bdi[contains(text(), \"Close\")]"}
RESULT: {"using":"xpath","value":"//bdi[contains(text(), \"Close\")]"}
COMMAND: POST /session/06820c29678f15015ffe824e569d7d5a/element/f.696EFCE712E801319DC54DDC19215679.d.1896836921B0330F8BB4B351F38A2192.e.17360/click - {}
RESULT: {}
COMMAND: GET /session/06820c29678f15015ffe824e569d7d5a/screenshot - {}
RESULT: {}
COMMAND: POST /session/06820c29678f15015ffe824e569d7d5a/element - {"using":"xpath","value":"//header[contains(@id, 'detailRruPage-headerTitle')]/div[1]/div[2]/div[2]/span[1]"}
RESULT: {"using":"xpath","value":"//header[contains(@id, 'detailRruPage-headerTitle')]/div[1]/div[2]/div[2]/span[1]"}
COMMAND: POST /session/06820c29678f15015ffe824e569d7d5a/elements - {"using":"xpath","value":"//header[contains(@id, 'detailRruPage-headerTitle')]/div[1]/div[2]/div[2]/span[1]"}
RESULT: {"using":"xpath","value":"//header[contains(@id, 'detailRruPage-headerTitle')]/div[1]/div[2]/div[2]/span[1]"}
COMMAND: POST /session/06820c29678f15015ffe824e569d7d5a/execute/sync - {"script":"<script> [56 bytes]","args":[{"element-6066-11e4-a52e-4f735466cecf":"f.696EFCE712E801319DC54DDC19215679.d.1896836921B0330F8BB4B351F38A2192.e.17406","ELEMENT":"f.696EFCE712E801319DC54DDC19215679.d.1896836921B0330F8BB4B351F38A2192.e.17406"}]}
RESULT: {"script":"<script> [56 bytes]","args":[{"element-6066-11e4-a52e-4f735466cecf":"f.696EFCE712E801319DC54DDC19215679.d.1896836921B0330F8BB4B351F38A2192.e.17406","ELEMENT":"f.696EFCE712E801319DC54DDC19215679.d.1896836921B0330F8BB4B351F38A2192.e.17406"}]}
COMMAND: POST /session/06820c29678f15015ffe824e569d7d5a/element - {"using":"css selector","value":"#shell-header-logo"}
COMMAND: GET /session/06820c29678f15015ffe824e569d7d5a/screenshot - {}
RESULT: {"using":"css selector","value":"#shell-header-logo"}
COMMAND: POST /session/06820c29678f15015ffe824e569d7d5a/element/f.696EFCE712E801319DC54DDC19215679.d.1896836921B0330F8BB4B351F38A2192.e.16726/click - {}
RESULT: {}
RESULT: {}
COMMAND: GET /session/06820c29678f15015ffe824e569d7d5a/screenshot - {}
RESULT: {}
]]></system-out>
    </testcase>
  </testsuite>
  <testsuite timestamp="2025-05-19T17:06:33" time="316.979" tests="6" failures="1" errors="1" skipped="0">
    <properties>
      <property name="specId" value="0" />
      <property name="suiteName" value="Provide to Site w/o warehouse management w/o clarification" />
      <property name="capabilities" value="chrome.136_0_7103_93.windows" />
      <property name="file" value="file:///D:/a/1/s/test/specs/HTR/provide-to-site-wo-warehouse-wo-clarification.spec.js" />
    </properties>
    <testcase classname="chrome.136_0_7103_93.windows.Provide_to_Site_w/o_warehouse_management_w/o_clarification" name="Should do a stock increase handover" time="84.803">
      <system-out><![CDATA[
COMMAND: POST /session/06820c29678f15015ffe824e569d7d5a/execute/async - {"script":"<script> [1562 bytes]","args":[{"selector":{"controlType":"sap.m.GenericTile","properties":{"header":"Manage Handovers"}},"wdio_ui5_key":"sapm.GenericTile{\"header\":\"Manage Handovers\"}"}]}
RESULT: {"script":"<script> [1562 bytes]","args":[{"selector":{"controlType":"sap.m.GenericTile","properties":{"header":"Manage Handovers"}},"wdio_ui5_key":"sapm.GenericTile{\"header\":\"Manage Handovers\"}"}]}
RESULT: undefined
COMMAND: POST /session/06820c29678f15015ffe824e569d7d5a/element - {"using":"xpath","value":"//*[@id=\"__tile130\"]"}
RESULT: {"using":"xpath","value":"//*[@id=\"__tile130\"]"}
COMMAND: POST /session/06820c29678f15015ffe824e569d7d5a/element/f.696EFCE712E801319DC54DDC19215679.d.1896836921B0330F8BB4B351F38A2192.e.16775/click - {}
RESULT: {}
COMMAND: GET /session/06820c29678f15015ffe824e569d7d5a/screenshot - {}
RESULT: {}
COMMAND: POST /session/06820c29678f15015ffe824e569d7d5a/elements - {"using":"xpath","value":"//span[text()='Error']"}
RESULT: {"using":"xpath","value":"//span[text()='Error']"}
COMMAND: POST /session/06820c29678f15015ffe824e569d7d5a/element - {"using":"xpath","value":"//button[@data-kt=\"masterHOAddButton\"]"}
RESULT: {"using":"xpath","value":"//button[@data-kt=\"masterHOAddButton\"]"}
COMMAND: POST /session/06820c29678f15015ffe824e569d7d5a/elements - {"using":"xpath","value":"//button[@data-kt=\"masterHOAddButton\"]"}
RESULT: {"using":"xpath","value":"//button[@data-kt=\"masterHOAddButton\"]"}
COMMAND: POST /session/06820c29678f15015ffe824e569d7d5a/execute/sync - {"script":"<script> [8489 bytes]","args":[{"element-6066-11e4-a52e-4f735466cecf":"f.696EFCE712E801319DC54DDC19215679.d.1896836921B0330F8BB4B351F38A2192.e.17445","ELEMENT":"f.696EFCE712E801319DC54DDC19215679.d.1896836921B0330F8BB4B351F38A2192.e.17445"}]}
RESULT: {"script":"<script> [8489 bytes]","args":[{"element-6066-11e4-a52e-4f735466cecf":"f.696EFCE712E801319DC54DDC19215679.d.1896836921B0330F8BB4B351F38A2192.e.17445","ELEMENT":"f.696EFCE712E801319DC54DDC19215679.d.1896836921B0330F8BB4B351F38A2192.e.17445"}]}
COMMAND: GET /session/06820c29678f15015ffe824e569d7d5a/element/f.696EFCE712E801319DC54DDC19215679.d.1896836921B0330F8BB4B351F38A2192.e.17445/enabled - {}
COMMAND: GET /session/06820c29678f15015ffe824e569d7d5a/screenshot - {}
RESULT: {}
COMMAND: POST /session/06820c29678f15015ffe824e569d7d5a/execute/sync - {"script":"<script> [8489 bytes]","args":[{"element-6066-11e4-a52e-4f735466cecf":"f.696EFCE712E801319DC54DDC19215679.d.1896836921B0330F8BB4B351F38A2192.e.17445","ELEMENT":"f.696EFCE712E801319DC54DDC19215679.d.1896836921B0330F8BB4B351F38A2192.e.17445"}]}
COMMAND: GET /session/06820c29678f15015ffe824e569d7d5a/screenshot - {}
RESULT: {}
RESULT: {"script":"<script> [8489 bytes]","args":[{"element-6066-11e4-a52e-4f735466cecf":"f.696EFCE712E801319DC54DDC19215679.d.1896836921B0330F8BB4B351F38A2192.e.17445","ELEMENT":"f.696EFCE712E801319DC54DDC19215679.d.1896836921B0330F8BB4B351F38A2192.e.17445"}]}
COMMAND: POST /session/06820c29678f15015ffe824e569d7d5a/execute/sync - {"script":"<script> [5351 bytes]","args":[{"element-6066-11e4-a52e-4f735466cecf":"f.696EFCE712E801319DC54DDC19215679.d.1896836921B0330F8BB4B351F38A2192.e.17445","ELEMENT":"f.696EFCE712E801319DC54DDC19215679.d.1896836921B0330F8BB4B351F38A2192.e.17445"}]}
COMMAND: GET /session/06820c29678f15015ffe824e569d7d5a/screenshot - {}
RESULT: {}
RESULT: {"script":"<script> [5351 bytes]","args":[{"element-6066-11e4-a52e-4f735466cecf":"f.696EFCE712E801319DC54DDC19215679.d.1896836921B0330F8BB4B351F38A2192.e.17445","ELEMENT":"f.696EFCE712E801319DC54DDC19215679.d.1896836921B0330F8BB4B351F38A2192.e.17445"}]}
COMMAND: POST /session/06820c29678f15015ffe824e569d7d5a/element/f.696EFCE712E801319DC54DDC19215679.d.1896836921B0330F8BB4B351F38A2192.e.17445/click - {}
COMMAND: GET /session/06820c29678f15015ffe824e569d7d5a/screenshot - {}
RESULT: {}
RESULT: {}
COMMAND: GET /session/06820c29678f15015ffe824e569d7d5a/screenshot - {}
RESULT: {}
COMMAND: POST /session/06820c29678f15015ffe824e569d7d5a/element - {"using":"xpath","value":"//span[contains(@id ,\"AddNewHO--typeSelect-arrow\")]"}
RESULT: {}
RESULT: {"using":"xpath","value":"//span[contains(@id ,\"AddNewHO--typeSelect-arrow\")]"}
COMMAND: POST /session/06820c29678f15015ffe824e569d7d5a/element/f.696EFCE712E801319DC54DDC19215679.d.1896836921B0330F8BB4B351F38A2192.e.17808/click - {}
RESULT: {}
COMMAND: GET /session/06820c29678f15015ffe824e569d7d5a/screenshot - {}
RESULT: {}
COMMAND: POST /session/06820c29678f15015ffe824e569d7d5a/element - {"using":"xpath","value":"(//li[contains(text(), \"stock increase yard\")])[1]"}
RESULT: {"using":"xpath","value":"(//li[contains(text(), \"stock increase yard\")])[1]"}
COMMAND: POST /session/06820c29678f15015ffe824e569d7d5a/element/f.696EFCE712E801319DC54DDC19215679.d.1896836921B0330F8BB4B351F38A2192.e.17809/click - {}
RESULT: {}
COMMAND: GET /session/06820c29678f15015ffe824e569d7d5a/screenshot - {}
RESULT: {}
COMMAND: POST /session/06820c29678f15015ffe824e569d7d5a/execute/async - {"script":"<script> [1562 bytes]","args":[{"selector":{"id":"application-managehandovers-display-component---AddNewHO--dueDate","interaction":{"idSuffix":"inner"}},"wdio_ui5_key":"applicationmanagehandovers-display-component---AddNewHO--dueDate"}]}
RESULT: {"script":"<script> [1562 bytes]","args":[{"selector":{"id":"application-managehandovers-display-component---AddNewHO--dueDate","interaction":{"idSuffix":"inner"}},"wdio_ui5_key":"applicationmanagehandovers-display-component---AddNewHO--dueDate"}]}
RESULT: undefined
COMMAND: POST /session/06820c29678f15015ffe824e569d7d5a/execute/async - {"script":"<script> [6424 bytes]","args":[{"element-6066-11e4-a52e-4f735466cecf":"f.696EFCE712E801319DC54DDC19215679.d.1896836921B0330F8BB4B351F38A2192.e.17811"},"setValue",["5/19/25"]]}
RESULT: {"script":"<script> [6424 bytes]","args":[{"element-6066-11e4-a52e-4f735466cecf":"f.696EFCE712E801319DC54DDC19215679.d.1896836921B0330F8BB4B351F38A2192.e.17811"},"setValue",["5/19/25"]]}
COMMAND: POST /session/06820c29678f15015ffe824e569d7d5a/element - {"using":"xpath","value":"//input[@id=\"generalSectionFrg--receiveYard-inner\"]"}
RESULT: {"using":"xpath","value":"//input[@id=\"generalSectionFrg--receiveYard-inner\"]"}
COMMAND: POST /session/06820c29678f15015ffe824e569d7d5a/element/f.696EFCE712E801319DC54DDC19215679.d.1896836921B0330F8BB4B351F38A2192.e.17815/clear - {}
RESULT: {}
COMMAND: POST /session/06820c29678f15015ffe824e569d7d5a/element/f.696EFCE712E801319DC54DDC19215679.d.1896836921B0330F8BB4B351F38A2192.e.17815/value - {"text":"561"}
COMMAND: GET /session/06820c29678f15015ffe824e569d7d5a/screenshot - {}
RESULT: {"text":"561"}
COMMAND: GET /session/06820c29678f15015ffe824e569d7d5a/screenshot - {}
RESULT: {}
RESULT: {}
COMMAND: POST /session/06820c29678f15015ffe824e569d7d5a/element - {"using":"xpath","value":"//li[.//span[text()='561']]"}
RESULT: {"using":"xpath","value":"//li[.//span[text()='561']]"}
COMMAND: POST /session/06820c29678f15015ffe824e569d7d5a/element/f.696EFCE712E801319DC54DDC19215679.d.1896836921B0330F8BB4B351F38A2192.e.17832/click - {}
RESULT: {}
COMMAND: GET /session/06820c29678f15015ffe824e569d7d5a/screenshot - {}
RESULT: {}
COMMAND: POST /session/06820c29678f15015ffe824e569d7d5a/execute/async - {"script":"<script> [1562 bytes]","args":[{"selector":{"id":"application-managehandovers-display-component---AddNewHO--ObjectPageLayout-anchBar-application-managehandovers-display-component---AddNewHO--section4-anchor","interaction":{"idSuffix":"BDI-content"}},"wdio_ui5_key":"applicationmanagehandovers-display-component---AddNewHO--ObjectPageLayout-anchBar-application-managehandovers-display-component---AddNewHO--section4-anchor"}]}
RESULT: {"script":"<script> [1562 bytes]","args":[{"selector":{"id":"application-managehandovers-display-component---AddNewHO--ObjectPageLayout-anchBar-application-managehandovers-display-component---AddNewHO--section4-anchor","interaction":{"idSuffix":"BDI-content"}},"wdio_ui5_key":"applicationmanagehandovers-display-component---AddNewHO--ObjectPageLayout-anchBar-application-managehandovers-display-component---AddNewHO--section4-anchor"}]}
RESULT: undefined
COMMAND: POST /session/06820c29678f15015ffe824e569d7d5a/element - {"using":"xpath","value":"//*[@id=\"application-managehandovers-display-component---AddNewHO--ObjectPageLayout-anchBar-application-managehandovers-display-component---AddNewHO--section4-anchor\"]"}
RESULT: {"using":"xpath","value":"//*[@id=\"application-managehandovers-display-component---AddNewHO--ObjectPageLayout-anchBar-application-managehandovers-display-component---AddNewHO--section4-anchor\"]"}
COMMAND: POST /session/06820c29678f15015ffe824e569d7d5a/element/f.696EFCE712E801319DC54DDC19215679.d.1896836921B0330F8BB4B351F38A2192.e.17834/click - {}
RESULT: {}
COMMAND: POST /session/06820c29678f15015ffe824e569d7d5a/element - {"using":"xpath","value":"//button[@aria-label=\"Add\"]"}
COMMAND: GET /session/06820c29678f15015ffe824e569d7d5a/screenshot - {}
RESULT: {"using":"xpath","value":"//button[@aria-label=\"Add\"]"}
COMMAND: POST /session/06820c29678f15015ffe824e569d7d5a/element/f.696EFCE712E801319DC54DDC19215679.d.1896836921B0330F8BB4B351F38A2192.e.17836/click - {}
RESULT: {}
RESULT: {}
COMMAND: GET /session/06820c29678f15015ffe824e569d7d5a/screenshot - {}
RESULT: {}
COMMAND: POST /session/06820c29678f15015ffe824e569d7d5a/execute/async - {"script":"<script> [1562 bytes]","args":[{"selector":{"id":"application-managehandovers-display-component---AddNewHO--smartFilterBar-btnBasicSearch","searchOpenDialogs":true,"interaction":{"idSuffix":"I"}},"wdio_ui5_key":"applicationmanagehandovers-display-component---AddNewHO--smartFilterBar-btnBasicSearch"}]}
RESULT: {"script":"<script> [1562 bytes]","args":[{"selector":{"id":"application-managehandovers-display-component---AddNewHO--smartFilterBar-btnBasicSearch","searchOpenDialogs":true,"interaction":{"idSuffix":"I"}},"wdio_ui5_key":"applicationmanagehandovers-display-component---AddNewHO--smartFilterBar-btnBasicSearch"}]}
RESULT: undefined
COMMAND: POST /session/06820c29678f15015ffe824e569d7d5a/execute/async - {"script":"<script> [776 bytes]","args":[{"enterText":"200308","selector":{"id":"application-managehandovers-display-component---AddNewHO--smartFilterBar-btnBasicSearch","searchOpenDialogs":true,"interaction":{"idSuffix":"I"}},"clearTextFirst":true,"interactionType":"ENTER_TEXT"}]}
RESULT: {"script":"<script> [776 bytes]","args":[{"enterText":"200308","selector":{"id":"application-managehandovers-display-component---AddNewHO--smartFilterBar-btnBasicSearch","searchOpenDialogs":true,"interaction":{"idSuffix":"I"}},"clearTextFirst":true,"interactionType":"ENTER_TEXT"}]}
COMMAND: POST /session/06820c29678f15015ffe824e569d7d5a/actions - {"actions":[{"id":"action57","type":"key","parameters":{},"actions":[{"type":"keyDown","value":"î€‡"},{"type":"pause","duration":10},{"type":"keyUp","value":"î€‡"}]}]}
RESULT: {"actions":[{"id":"action57","type":"key","parameters":{},"actions":[{"type":"keyDown","value":"î€‡"},{"type":"pause","duration":10},{"type":"keyUp","value":"î€‡"}]}]}
COMMAND: GET /session/06820c29678f15015ffe824e569d7d5a/screenshot - {}
RESULT: {}
COMMAND: POST /session/06820c29678f15015ffe824e569d7d5a/execute/async - {"script":"<script> [1562 bytes]","args":[{"selector":{"id":"application-managehandovers-display-component---AddNewHO--popup-sa","searchOpenDialogs":true,"interaction":{"idSuffix":"CbBg"}},"wdio_ui5_key":"applicationmanagehandovers-display-component---AddNewHO--popup-sa"}]}
RESULT: {"script":"<script> [1562 bytes]","args":[{"selector":{"id":"application-managehandovers-display-component---AddNewHO--popup-sa","searchOpenDialogs":true,"interaction":{"idSuffix":"CbBg"}},"wdio_ui5_key":"applicationmanagehandovers-display-component---AddNewHO--popup-sa"}]}
RESULT: undefined
COMMAND: POST /session/06820c29678f15015ffe824e569d7d5a/element - {"using":"xpath","value":"//*[@id=\"application-managehandovers-display-component---AddNewHO--popup-sa\"]"}
RESULT: {"using":"xpath","value":"//*[@id=\"application-managehandovers-display-component---AddNewHO--popup-sa\"]"}
COMMAND: POST /session/06820c29678f15015ffe824e569d7d5a/element/f.696EFCE712E801319DC54DDC19215679.d.1896836921B0330F8BB4B351F38A2192.e.17989/click - {}
RESULT: {}
COMMAND: GET /session/06820c29678f15015ffe824e569d7d5a/screenshot - {}
RESULT: {}
COMMAND: POST /session/06820c29678f15015ffe824e569d7d5a/element - {"using":"xpath","value":"//bdi[contains(text(), \"Select\")]"}
RESULT: {"using":"xpath","value":"//bdi[contains(text(), \"Select\")]"}
COMMAND: POST /session/06820c29678f15015ffe824e569d7d5a/element/f.696EFCE712E801319DC54DDC19215679.d.1896836921B0330F8BB4B351F38A2192.e.17990/click - {}
RESULT: {}
COMMAND: GET /session/06820c29678f15015ffe824e569d7d5a/screenshot - {}
RESULT: {}
COMMAND: POST /session/06820c29678f15015ffe824e569d7d5a/element - {"using":"xpath","value":"//button[@data-kt=\"AddNewHOSaveButton\"]"}
RESULT: {"using":"xpath","value":"//button[@data-kt=\"AddNewHOSaveButton\"]"}
COMMAND: POST /session/06820c29678f15015ffe824e569d7d5a/element/f.696EFCE712E801319DC54DDC19215679.d.1896836921B0330F8BB4B351F38A2192.e.17994/click - {}
RESULT: {}
COMMAND: GET /session/06820c29678f15015ffe824e569d7d5a/screenshot - {}
RESULT: {}
COMMAND: POST /session/06820c29678f15015ffe824e569d7d5a/execute/async - {"script":"<script> [1562 bytes]","args":[{"selector":{"id":"receiptDatePicker","viewName":"etm.portal.ui.managehandovers.view.DetailExecuteHO","interaction":{"idSuffix":"inner"}},"wdio_ui5_key":"receiptDatePickeretmportal.ui.managehandovers.view.DetailExecuteHO"}]}
RESULT: {"script":"<script> [1562 bytes]","args":[{"selector":{"id":"receiptDatePicker","viewName":"etm.portal.ui.managehandovers.view.DetailExecuteHO","interaction":{"idSuffix":"inner"}},"wdio_ui5_key":"receiptDatePickeretmportal.ui.managehandovers.view.DetailExecuteHO"}]}
RESULT: undefined
COMMAND: POST /session/06820c29678f15015ffe824e569d7d5a/execute/async - {"script":"<script> [6424 bytes]","args":[{"element-6066-11e4-a52e-4f735466cecf":"f.696EFCE712E801319DC54DDC19215679.d.1896836921B0330F8BB4B351F38A2192.e.18013"},"setValue",["5/19/25"]]}
RESULT: {"script":"<script> [6424 bytes]","args":[{"element-6066-11e4-a52e-4f735466cecf":"f.696EFCE712E801319DC54DDC19215679.d.1896836921B0330F8BB4B351F38A2192.e.18013"},"setValue",["5/19/25"]]}
COMMAND: POST /session/06820c29678f15015ffe824e569d7d5a/element - {"using":"xpath","value":"//button[@data-kt=\"PickingTableConfirmAllButton\"]"}
RESULT: {"using":"xpath","value":"//button[@data-kt=\"PickingTableConfirmAllButton\"]"}
COMMAND: POST /session/06820c29678f15015ffe824e569d7d5a/element/f.696EFCE712E801319DC54DDC19215679.d.1896836921B0330F8BB4B351F38A2192.e.18026/click - {}
RESULT: {}
COMMAND: GET /session/06820c29678f15015ffe824e569d7d5a/screenshot - {}
RESULT: {}
COMMAND: POST /session/06820c29678f15015ffe824e569d7d5a/element - {"using":"xpath","value":"//bdi[contains(text(), \"OK\")]"}
RESULT: {"using":"xpath","value":"//bdi[contains(text(), \"OK\")]"}
COMMAND: POST /session/06820c29678f15015ffe824e569d7d5a/element/f.696EFCE712E801319DC54DDC19215679.d.1896836921B0330F8BB4B351F38A2192.e.18028/click - {}
RESULT: {}
COMMAND: GET /session/06820c29678f15015ffe824e569d7d5a/screenshot - {}
RESULT: {}
COMMAND: POST /session/06820c29678f15015ffe824e569d7d5a/element - {"using":"xpath","value":"(//bdi[contains(text(), \"Receive\")])[2]"}
RESULT: {"using":"xpath","value":"(//bdi[contains(text(), \"Receive\")])[2]"}
COMMAND: POST /session/06820c29678f15015ffe824e569d7d5a/element/f.696EFCE712E801319DC54DDC19215679.d.1896836921B0330F8BB4B351F38A2192.e.18030/click - {}
RESULT: {}
COMMAND: GET /session/06820c29678f15015ffe824e569d7d5a/screenshot - {}
RESULT: {}
COMMAND: POST /session/06820c29678f15015ffe824e569d7d5a/element - {"using":"css selector","value":"#shell-header-logo"}
RESULT: {"using":"css selector","value":"#shell-header-logo"}
COMMAND: POST /session/06820c29678f15015ffe824e569d7d5a/element/f.696EFCE712E801319DC54DDC19215679.d.1896836921B0330F8BB4B351F38A2192.e.17412/click - {}
RESULT: {}
COMMAND: GET /session/06820c29678f15015ffe824e569d7d5a/screenshot - {}
RESULT: {}
]]></system-out>
    </testcase>
    <testcase classname="chrome.136_0_7103_93.windows.Provide_to_Site_w/o_warehouse_management_w/o_clarification" name="Should create a new contract" time="60.837">
      <system-out><![CDATA[
COMMAND: POST /session/06820c29678f15015ffe824e569d7d5a/execute/async - {"script":"<script> [1562 bytes]","args":[{"selector":{"controlType":"sap.m.GenericTile","properties":{"header":"Manage Contracts"}},"wdio_ui5_key":"sapm.GenericTile{\"header\":\"Manage Contracts\"}"}]}
RESULT: {"script":"<script> [1562 bytes]","args":[{"selector":{"controlType":"sap.m.GenericTile","properties":{"header":"Manage Contracts"}},"wdio_ui5_key":"sapm.GenericTile{\"header\":\"Manage Contracts\"}"}]}
RESULT: undefined
COMMAND: POST /session/06820c29678f15015ffe824e569d7d5a/element - {"using":"xpath","value":"//*[@id=\"__tile131\"]"}
RESULT: {"using":"xpath","value":"//*[@id=\"__tile131\"]"}
COMMAND: POST /session/06820c29678f15015ffe824e569d7d5a/element/f.696EFCE712E801319DC54DDC19215679.d.1896836921B0330F8BB4B351F38A2192.e.16764/click - {}
RESULT: {}
COMMAND: GET /session/06820c29678f15015ffe824e569d7d5a/screenshot - {}
RESULT: {}
COMMAND: POST /session/06820c29678f15015ffe824e569d7d5a/elements - {"using":"xpath","value":"//span[text()='Error']"}
RESULT: {"using":"xpath","value":"//span[text()='Error']"}
COMMAND: POST /session/06820c29678f15015ffe824e569d7d5a/element - {"using":"xpath","value":"//button[@data-kt=\"addButton\"]"}
RESULT: {"using":"xpath","value":"//button[@data-kt=\"addButton\"]"}
COMMAND: POST /session/06820c29678f15015ffe824e569d7d5a/elements - {"using":"xpath","value":"//button[@data-kt=\"addButton\"]"}
RESULT: {"using":"xpath","value":"//button[@data-kt=\"addButton\"]"}
COMMAND: POST /session/06820c29678f15015ffe824e569d7d5a/execute/sync - {"script":"<script> [8489 bytes]","args":[{"element-6066-11e4-a52e-4f735466cecf":"f.696EFCE712E801319DC54DDC19215679.d.1896836921B0330F8BB4B351F38A2192.e.18249","ELEMENT":"f.696EFCE712E801319DC54DDC19215679.d.1896836921B0330F8BB4B351F38A2192.e.18249"}]}
RESULT: {"script":"<script> [8489 bytes]","args":[{"element-6066-11e4-a52e-4f735466cecf":"f.696EFCE712E801319DC54DDC19215679.d.1896836921B0330F8BB4B351F38A2192.e.18249","ELEMENT":"f.696EFCE712E801319DC54DDC19215679.d.1896836921B0330F8BB4B351F38A2192.e.18249"}]}
COMMAND: GET /session/06820c29678f15015ffe824e569d7d5a/element/f.696EFCE712E801319DC54DDC19215679.d.1896836921B0330F8BB4B351F38A2192.e.18249/enabled - {}
COMMAND: GET /session/06820c29678f15015ffe824e569d7d5a/screenshot - {}
RESULT: {}
COMMAND: POST /session/06820c29678f15015ffe824e569d7d5a/execute/sync - {"script":"<script> [8489 bytes]","args":[{"element-6066-11e4-a52e-4f735466cecf":"f.696EFCE712E801319DC54DDC19215679.d.1896836921B0330F8BB4B351F38A2192.e.18249","ELEMENT":"f.696EFCE712E801319DC54DDC19215679.d.1896836921B0330F8BB4B351F38A2192.e.18249"}]}
COMMAND: GET /session/06820c29678f15015ffe824e569d7d5a/screenshot - {}
RESULT: {}
RESULT: {"script":"<script> [8489 bytes]","args":[{"element-6066-11e4-a52e-4f735466cecf":"f.696EFCE712E801319DC54DDC19215679.d.1896836921B0330F8BB4B351F38A2192.e.18249","ELEMENT":"f.696EFCE712E801319DC54DDC19215679.d.1896836921B0330F8BB4B351F38A2192.e.18249"}]}
COMMAND: POST /session/06820c29678f15015ffe824e569d7d5a/execute/sync - {"script":"<script> [5351 bytes]","args":[{"element-6066-11e4-a52e-4f735466cecf":"f.696EFCE712E801319DC54DDC19215679.d.1896836921B0330F8BB4B351F38A2192.e.18249","ELEMENT":"f.696EFCE712E801319DC54DDC19215679.d.1896836921B0330F8BB4B351F38A2192.e.18249"}]}
COMMAND: GET /session/06820c29678f15015ffe824e569d7d5a/screenshot - {}
RESULT: {}
RESULT: {"script":"<script> [5351 bytes]","args":[{"element-6066-11e4-a52e-4f735466cecf":"f.696EFCE712E801319DC54DDC19215679.d.1896836921B0330F8BB4B351F38A2192.e.18249","ELEMENT":"f.696EFCE712E801319DC54DDC19215679.d.1896836921B0330F8BB4B351F38A2192.e.18249"}]}
COMMAND: GET /session/06820c29678f15015ffe824e569d7d5a/screenshot - {}
RESULT: {}
RESULT: {}
COMMAND: POST /session/06820c29678f15015ffe824e569d7d5a/element/f.696EFCE712E801319DC54DDC19215679.d.1896836921B0330F8BB4B351F38A2192.e.18249/click - {}
RESULT: {}
COMMAND: GET /session/06820c29678f15015ffe824e569d7d5a/screenshot - {}
COMMAND: POST /session/06820c29678f15015ffe824e569d7d5a/execute/async - {"script":"<script> [1562 bytes]","args":[{"selector":{"id":"application-managecontracts-display-component---AddNewContract--projectDescription","interaction":{"idSuffix":"inner"}},"wdio_ui5_key":"applicationmanagecontracts-display-component---AddNewContract--projectDescription"}]}
RESULT: {}
RESULT: {"script":"<script> [1562 bytes]","args":[{"selector":{"id":"application-managecontracts-display-component---AddNewContract--projectDescription","interaction":{"idSuffix":"inner"}},"wdio_ui5_key":"applicationmanagecontracts-display-component---AddNewContract--projectDescription"}]}
RESULT: undefined
COMMAND: POST /session/06820c29678f15015ffe824e569d7d5a/execute/async - {"script":"<script> [776 bytes]","args":[{"enterText":"Contract WDIO","selector":{"id":"application-managecontracts-display-component---AddNewContract--projectDescription","interaction":{"idSuffix":"inner"}},"clearTextFirst":true,"interactionType":"ENTER_TEXT"}]}
RESULT: {"script":"<script> [776 bytes]","args":[{"enterText":"Contract WDIO","selector":{"id":"application-managecontracts-display-component---AddNewContract--projectDescription","interaction":{"idSuffix":"inner"}},"clearTextFirst":true,"interactionType":"ENTER_TEXT"}]}
COMMAND: POST /session/06820c29678f15015ffe824e569d7d5a/element - {"using":"xpath","value":"//input[@id=\"application-managecontracts-display-component---AddNewContract--site-inner\"]"}
RESULT: {"using":"xpath","value":"//input[@id=\"application-managecontracts-display-component---AddNewContract--site-inner\"]"}
COMMAND: POST /session/06820c29678f15015ffe824e569d7d5a/element/f.696EFCE712E801319DC54DDC19215679.d.1896836921B0330F8BB4B351F38A2192.e.18605/clear - {}
RESULT: {}
COMMAND: POST /session/06820c29678f15015ffe824e569d7d5a/element/f.696EFCE712E801319DC54DDC19215679.d.1896836921B0330F8BB4B351F38A2192.e.18605/value - {"text":"2281"}
COMMAND: GET /session/06820c29678f15015ffe824e569d7d5a/screenshot - {}
RESULT: {"text":"2281"}
COMMAND: GET /session/06820c29678f15015ffe824e569d7d5a/screenshot - {}
RESULT: {}
RESULT: {}
COMMAND: POST /session/06820c29678f15015ffe824e569d7d5a/element - {"using":"xpath","value":"//li[.//span[text()='2281']]"}
RESULT: {"using":"xpath","value":"//li[.//span[text()='2281']]"}
COMMAND: POST /session/06820c29678f15015ffe824e569d7d5a/element/f.696EFCE712E801319DC54DDC19215679.d.1896836921B0330F8BB4B351F38A2192.e.18635/click - {}
RESULT: {}
COMMAND: GET /session/06820c29678f15015ffe824e569d7d5a/screenshot - {}
RESULT: {}
COMMAND: POST /session/06820c29678f15015ffe824e569d7d5a/element - {"using":"xpath","value":"//input[@id=\"application-managecontracts-display-component---AddNewContract--yardId-inner\"]"}
RESULT: {"using":"xpath","value":"//input[@id=\"application-managecontracts-display-component---AddNewContract--yardId-inner\"]"}
COMMAND: GET /session/06820c29678f15015ffe824e569d7d5a/element/f.696EFCE712E801319DC54DDC19215679.d.1896836921B0330F8BB4B351F38A2192.e.18606/property/value - {}
RESULT: {}
COMMAND: POST /session/06820c29678f15015ffe824e569d7d5a/element - {"using":"xpath","value":"//input[@id=\"application-managecontracts-display-component---AddNewContract--customerSelect-inner\"]"}
COMMAND: GET /session/06820c29678f15015ffe824e569d7d5a/screenshot - {}
RESULT: {"using":"xpath","value":"//input[@id=\"application-managecontracts-display-component---AddNewContract--customerSelect-inner\"]"}
COMMAND: POST /session/06820c29678f15015ffe824e569d7d5a/element/f.696EFCE712E801319DC54DDC19215679.d.1896836921B0330F8BB4B351F38A2192.e.18604/clear - {}
RESULT: {}
RESULT: {}
COMMAND: POST /session/06820c29678f15015ffe824e569d7d5a/element/f.696EFCE712E801319DC54DDC19215679.d.1896836921B0330F8BB4B351F38A2192.e.18604/value - {"text":"1333"}
COMMAND: GET /session/06820c29678f15015ffe824e569d7d5a/screenshot - {}
RESULT: {"text":"1333"}
COMMAND: GET /session/06820c29678f15015ffe824e569d7d5a/screenshot - {}
RESULT: {}
RESULT: {}
COMMAND: POST /session/06820c29678f15015ffe824e569d7d5a/element - {"using":"xpath","value":"//li[.//span[text()='1333']]"}
RESULT: {"using":"xpath","value":"//li[.//span[text()='1333']]"}
COMMAND: POST /session/06820c29678f15015ffe824e569d7d5a/element/f.696EFCE712E801319DC54DDC19215679.d.1896836921B0330F8BB4B351F38A2192.e.18638/click - {}
RESULT: {}
COMMAND: GET /session/06820c29678f15015ffe824e569d7d5a/screenshot - {}
RESULT: {}
COMMAND: POST /session/06820c29678f15015ffe824e569d7d5a/element - {"using":"xpath","value":"//button[@data-kt=\"saveButton\"]"}
RESULT: {"using":"xpath","value":"//button[@data-kt=\"saveButton\"]"}
COMMAND: POST /session/06820c29678f15015ffe824e569d7d5a/element/f.696EFCE712E801319DC54DDC19215679.d.1896836921B0330F8BB4B351F38A2192.e.18639/click - {}
RESULT: {}
COMMAND: GET /session/06820c29678f15015ffe824e569d7d5a/screenshot - {}
RESULT: {}
COMMAND: POST /session/06820c29678f15015ffe824e569d7d5a/element - {"using":"xpath","value":"//span[contains(@id ,\"contractDetailTitleNoExpanded\")]"}
RESULT: {"using":"xpath","value":"//span[contains(@id ,\"contractDetailTitleNoExpanded\")]"}
COMMAND: POST /session/06820c29678f15015ffe824e569d7d5a/elements - {"using":"xpath","value":"//span[contains(@id ,\"contractDetailTitleNoExpanded\")]"}
RESULT: {"using":"xpath","value":"//span[contains(@id ,\"contractDetailTitleNoExpanded\")]"}
COMMAND: POST /session/06820c29678f15015ffe824e569d7d5a/execute/sync - {"script":"<script> [56 bytes]","args":[{"element-6066-11e4-a52e-4f735466cecf":"f.696EFCE712E801319DC54DDC19215679.d.1896836921B0330F8BB4B351F38A2192.e.18712","ELEMENT":"f.696EFCE712E801319DC54DDC19215679.d.1896836921B0330F8BB4B351F38A2192.e.18712"}]}
RESULT: {"script":"<script> [56 bytes]","args":[{"element-6066-11e4-a52e-4f735466cecf":"f.696EFCE712E801319DC54DDC19215679.d.1896836921B0330F8BB4B351F38A2192.e.18712","ELEMENT":"f.696EFCE712E801319DC54DDC19215679.d.1896836921B0330F8BB4B351F38A2192.e.18712"}]}
COMMAND: GET /session/06820c29678f15015ffe824e569d7d5a/screenshot - {}
RESULT: {}
]]></system-out>
    </testcase>
    <testcase classname="chrome.136_0_7103_93.windows.Provide_to_Site_w/o_warehouse_management_w/o_clarification" name="Should add equipment to the contract" time="57.248">
      <system-out><![CDATA[
COMMAND: POST /session/06820c29678f15015ffe824e569d7d5a/element - {"using":"xpath","value":"//button[@data-kt=\"contractDetailEditBtnButton\"]"}
RESULT: {"using":"xpath","value":"//button[@data-kt=\"contractDetailEditBtnButton\"]"}
COMMAND: POST /session/06820c29678f15015ffe824e569d7d5a/element/f.696EFCE712E801319DC54DDC19215679.d.1896836921B0330F8BB4B351F38A2192.e.18713/click - {}
RESULT: {}
COMMAND: GET /session/06820c29678f15015ffe824e569d7d5a/screenshot - {}
RESULT: {}
COMMAND: POST /session/06820c29678f15015ffe824e569d7d5a/element - {"using":"xpath","value":"(//span[contains(text(), \"Additional Addresses\")])[2]"}
RESULT: {"using":"xpath","value":"(//span[contains(text(), \"Additional Addresses\")])[2]"}
COMMAND: POST /session/06820c29678f15015ffe824e569d7d5a/element/f.696EFCE712E801319DC54DDC19215679.d.1896836921B0330F8BB4B351F38A2192.e.18768/click - {}
RESULT: {}
COMMAND: GET /session/06820c29678f15015ffe824e569d7d5a/screenshot - {}
RESULT: {}
COMMAND: POST /session/06820c29678f15015ffe824e569d7d5a/element - {"using":"xpath","value":"//button[@data-kt=\"btnAddTableRowOverflowToolbarButton\"]"}
RESULT: {"using":"xpath","value":"//button[@data-kt=\"btnAddTableRowOverflowToolbarButton\"]"}
COMMAND: POST /session/06820c29678f15015ffe824e569d7d5a/element/f.696EFCE712E801319DC54DDC19215679.d.1896836921B0330F8BB4B351F38A2192.e.18772/click - {}
RESULT: {}
COMMAND: GET /session/06820c29678f15015ffe824e569d7d5a/screenshot - {}
RESULT: {}
COMMAND: POST /session/06820c29678f15015ffe824e569d7d5a/element - {"using":"xpath","value":"//div[(text() = 'Standard Entry' or . = 'Standard Entry')]"}
RESULT: {"using":"xpath","value":"//div[(text() = 'Standard Entry' or . = 'Standard Entry')]"}
COMMAND: POST /session/06820c29678f15015ffe824e569d7d5a/element/f.696EFCE712E801319DC54DDC19215679.d.1896836921B0330F8BB4B351F38A2192.e.18774/click - {}
RESULT: {}
COMMAND: GET /session/06820c29678f15015ffe824e569d7d5a/screenshot - {}
RESULT: {}
COMMAND: POST /session/06820c29678f15015ffe824e569d7d5a/element - {"using":"xpath","value":"//td[6]/div/div/div/span"}
RESULT: {"using":"xpath","value":"//td[6]/div/div/div/span"}
COMMAND: POST /session/06820c29678f15015ffe824e569d7d5a/element/f.696EFCE712E801319DC54DDC19215679.d.1896836921B0330F8BB4B351F38A2192.e.18786/click - {}
RESULT: {}
COMMAND: GET /session/06820c29678f15015ffe824e569d7d5a/screenshot - {}
RESULT: {}
COMMAND: POST /session/06820c29678f15015ffe824e569d7d5a/element - {"using":"xpath","value":"(//span[contains(text(), \"Material\")])"}
RESULT: {"using":"xpath","value":"(//span[contains(text(), \"Material\")])"}
COMMAND: POST /session/06820c29678f15015ffe824e569d7d5a/element/f.696EFCE712E801319DC54DDC19215679.d.1896836921B0330F8BB4B351F38A2192.e.18788/click - {}
RESULT: {}
COMMAND: GET /session/06820c29678f15015ffe824e569d7d5a/screenshot - {}
RESULT: {}
COMMAND: POST /session/06820c29678f15015ffe824e569d7d5a/element - {"using":"xpath","value":"//td[7]/div/div/input"}
RESULT: {"using":"xpath","value":"//td[7]/div/div/input"}
COMMAND: POST /session/06820c29678f15015ffe824e569d7d5a/element/f.696EFCE712E801319DC54DDC19215679.d.1896836921B0330F8BB4B351F38A2192.e.18791/clear - {}
RESULT: {}
COMMAND: POST /session/06820c29678f15015ffe824e569d7d5a/element/f.696EFCE712E801319DC54DDC19215679.d.1896836921B0330F8BB4B351F38A2192.e.18791/value - {"text":"200308"}
COMMAND: GET /session/06820c29678f15015ffe824e569d7d5a/screenshot - {}
RESULT: {"text":"200308"}
COMMAND: GET /session/06820c29678f15015ffe824e569d7d5a/screenshot - {}
RESULT: {}
RESULT: {}
COMMAND: POST /session/06820c29678f15015ffe824e569d7d5a/actions - {"actions":[{"id":"action58","type":"key","parameters":{},"actions":[{"type":"keyDown","value":"î€‡"},{"type":"pause","duration":10},{"type":"keyUp","value":"î€‡"}]}]}
RESULT: {"actions":[{"id":"action58","type":"key","parameters":{},"actions":[{"type":"keyDown","value":"î€‡"},{"type":"pause","duration":10},{"type":"keyUp","value":"î€‡"}]}]}
COMMAND: GET /session/06820c29678f15015ffe824e569d7d5a/screenshot - {}
RESULT: {}
COMMAND: POST /session/06820c29678f15015ffe824e569d7d5a/execute/sync - {"script":"<script> [276 bytes]","args":["No pricing information was found"]}
RESULT: {"script":"<script> [276 bytes]","args":["No pricing information was found"]}
COMMAND: POST /session/06820c29678f15015ffe824e569d7d5a/element - {"using":"xpath","value":"//bdi[contains(text(), \"OK\")]"}
COMMAND: GET /session/06820c29678f15015ffe824e569d7d5a/screenshot - {}
RESULT: {"using":"xpath","value":"//bdi[contains(text(), \"OK\")]"}
COMMAND: POST /session/06820c29678f15015ffe824e569d7d5a/element/f.696EFCE712E801319DC54DDC19215679.d.1896836921B0330F8BB4B351F38A2192.e.18817/click - {}
RESULT: {}
RESULT: {}
COMMAND: GET /session/06820c29678f15015ffe824e569d7d5a/screenshot - {}
RESULT: {}
COMMAND: POST /session/06820c29678f15015ffe824e569d7d5a/element - {"using":"xpath","value":"(//button[@data-kt=\"saveButton\"])[2]"}
RESULT: {"using":"xpath","value":"(//button[@data-kt=\"saveButton\"])[2]"}
COMMAND: POST /session/06820c29678f15015ffe824e569d7d5a/element/f.696EFCE712E801319DC54DDC19215679.d.1896836921B0330F8BB4B351F38A2192.e.18818/click - {}
RESULT: {}
COMMAND: GET /session/06820c29678f15015ffe824e569d7d5a/screenshot - {}
RESULT: {}
COMMAND: POST /session/06820c29678f15015ffe824e569d7d5a/execute/sync - {"script":"<script> [276 bytes]","args":["Some contract items are having rental validity exceeding header rental validity"]}
RESULT: {"script":"<script> [276 bytes]","args":["Some contract items are having rental validity exceeding header rental validity"]}
COMMAND: GET /session/06820c29678f15015ffe824e569d7d5a/screenshot - {}
RESULT: {}
COMMAND: POST /session/06820c29678f15015ffe824e569d7d5a/element - {"using":"xpath","value":"//span[contains(@id ,\"contractItemsSmartTable-header-inner\")]"}
RESULT: {"using":"xpath","value":"//span[contains(@id ,\"contractItemsSmartTable-header-inner\")]"}
COMMAND: POST /session/06820c29678f15015ffe824e569d7d5a/elements - {"using":"xpath","value":"//span[contains(@id ,\"contractItemsSmartTable-header-inner\")]"}
RESULT: {"using":"xpath","value":"//span[contains(@id ,\"contractItemsSmartTable-header-inner\")]"}
COMMAND: POST /session/06820c29678f15015ffe824e569d7d5a/execute/sync - {"script":"<script> [56 bytes]","args":[{"element-6066-11e4-a52e-4f735466cecf":"f.696EFCE712E801319DC54DDC19215679.d.1896836921B0330F8BB4B351F38A2192.e.18822","ELEMENT":"f.696EFCE712E801319DC54DDC19215679.d.1896836921B0330F8BB4B351F38A2192.e.18822"}]}
RESULT: {"script":"<script> [56 bytes]","args":[{"element-6066-11e4-a52e-4f735466cecf":"f.696EFCE712E801319DC54DDC19215679.d.1896836921B0330F8BB4B351F38A2192.e.18822","ELEMENT":"f.696EFCE712E801319DC54DDC19215679.d.1896836921B0330F8BB4B351F38A2192.e.18822"}]}
]]></system-out>
    </testcase>
    <testcase classname="chrome.136_0_7103_93.windows.Provide_to_Site_w/o_warehouse_management_w/o_clarification" name="Should Test for Handover Execution" time="13.744">
      <system-out><![CDATA[
COMMAND: POST /session/06820c29678f15015ffe824e569d7d5a/element - {"using":"xpath","value":"(//span[contains(@id, \"imgNav\")])[1]"}
COMMAND: GET /session/06820c29678f15015ffe824e569d7d5a/screenshot - {}
RESULT: {}
RESULT: {"using":"xpath","value":"(//span[contains(@id, \"imgNav\")])[1]"}
COMMAND: POST /session/06820c29678f15015ffe824e569d7d5a/element/f.696EFCE712E801319DC54DDC19215679.d.1896836921B0330F8BB4B351F38A2192.e.19519/click - {}
RESULT: {}
RESULT: {}
COMMAND: GET /session/06820c29678f15015ffe824e569d7d5a/screenshot - {}
RESULT: {}
COMMAND: POST /session/06820c29678f15015ffe824e569d7d5a/element - {"using":"css selector","value":"#shell-header-logo"}
RESULT: {"using":"css selector","value":"#shell-header-logo"}
COMMAND: POST /session/06820c29678f15015ffe824e569d7d5a/element/f.696EFCE712E801319DC54DDC19215679.d.1896836921B0330F8BB4B351F38A2192.e.18201/click - {}
RESULT: {}
COMMAND: GET /session/06820c29678f15015ffe824e569d7d5a/screenshot - {}
RESULT: {}
]]></system-out>
    </testcase>
    <testcase classname="chrome.136_0_7103_93.windows.Provide_to_Site_w/o_warehouse_management_w/o_clarification" name="Should test for Clarification" time="0.008">
      <system-out><![CDATA[
COMMAND: POST /session/06820c29678f15015ffe824e569d7d5a/element - {"using":"css selector","value":"#j_username"}
COMMAND: POST /session/06820c29678f15015ffe824e569d7d5a/url - {"url":"https://qa-testing-00-live-etm-ui.cfapps.eu10-004.hana.ondemand.com/"}
COMMAND: GET /session/06820c29678f15015ffe824e569d7d5a/screenshot - {}
RESULT: {"using":"css selector","value":"#j_username"}
COMMAND: POST /session/06820c29678f15015ffe824e569d7d5a/element - {"using":"css selector","value":"#j_username"}
RESULT: {"url":"https://qa-testing-00-live-etm-ui.cfapps.eu10-004.hana.ondemand.com/"}
RESULT: undefined
COMMAND: GET /session/06820c29678f15015ffe824e569d7d5a/screenshot - {}
RESULT: {}
RESULT: {"using":"css selector","value":"#j_username"}
COMMAND: POST /session/06820c29678f15015ffe824e569d7d5a/element - {"using":"css selector","value":"#shell-header-logo"}
RESULT: {}
RESULT: {"using":"css selector","value":"#shell-header-logo"}
COMMAND: POST /session/06820c29678f15015ffe824e569d7d5a/execute/sync - {"script":"<script> [8489 bytes]","args":[{"element-6066-11e4-a52e-4f735466cecf":"f.696EFCE712E801319DC54DDC19215679.d.747C26C8DDB0BF75F89C57B72B947794.e.19638","ELEMENT":"f.696EFCE712E801319DC54DDC19215679.d.747C26C8DDB0BF75F89C57B72B947794.e.19638"}]}
RESULT: {"script":"<script> [8489 bytes]","args":[{"element-6066-11e4-a52e-4f735466cecf":"f.696EFCE712E801319DC54DDC19215679.d.747C26C8DDB0BF75F89C57B72B947794.e.19638","ELEMENT":"f.696EFCE712E801319DC54DDC19215679.d.747C26C8DDB0BF75F89C57B72B947794.e.19638"}]}
COMMAND: POST /session/06820c29678f15015ffe824e569d7d5a/element - {"using":"css selector","value":"#shell-header-logo"}
COMMAND: GET /session/06820c29678f15015ffe824e569d7d5a/screenshot - {}
RESULT: {"using":"css selector","value":"#shell-header-logo"}
COMMAND: POST /session/06820c29678f15015ffe824e569d7d5a/execute/sync - {"script":"<script> [8489 bytes]","args":[{"element-6066-11e4-a52e-4f735466cecf":"f.696EFCE712E801319DC54DDC19215679.d.747C26C8DDB0BF75F89C57B72B947794.e.19638","ELEMENT":"f.696EFCE712E801319DC54DDC19215679.d.747C26C8DDB0BF75F89C57B72B947794.e.19638"}]}
RESULT: {}
RESULT: {"script":"<script> [8489 bytes]","args":[{"element-6066-11e4-a52e-4f735466cecf":"f.696EFCE712E801319DC54DDC19215679.d.747C26C8DDB0BF75F89C57B72B947794.e.19638","ELEMENT":"f.696EFCE712E801319DC54DDC19215679.d.747C26C8DDB0BF75F89C57B72B947794.e.19638"}]}
COMMAND: POST /session/06820c29678f15015ffe824e569d7d5a/execute/sync - {"script":"<script> [5351 bytes]","args":[{"element-6066-11e4-a52e-4f735466cecf":"f.696EFCE712E801319DC54DDC19215679.d.747C26C8DDB0BF75F89C57B72B947794.e.19638","ELEMENT":"f.696EFCE712E801319DC54DDC19215679.d.747C26C8DDB0BF75F89C57B72B947794.e.19638"}]}
COMMAND: GET /session/06820c29678f15015ffe824e569d7d5a/screenshot - {}
RESULT: {"script":"<script> [5351 bytes]","args":[{"element-6066-11e4-a52e-4f735466cecf":"f.696EFCE712E801319DC54DDC19215679.d.747C26C8DDB0BF75F89C57B72B947794.e.19638","ELEMENT":"f.696EFCE712E801319DC54DDC19215679.d.747C26C8DDB0BF75F89C57B72B947794.e.19638"}]}
COMMAND: POST /session/06820c29678f15015ffe824e569d7d5a/element - {"using":"css selector","value":"#shell-header-logo"}
COMMAND: GET /session/06820c29678f15015ffe824e569d7d5a/screenshot - {}
RESULT: {}
RESULT: {"using":"css selector","value":"#shell-header-logo"}
COMMAND: POST /session/06820c29678f15015ffe824e569d7d5a/element/f.696EFCE712E801319DC54DDC19215679.d.747C26C8DDB0BF75F89C57B72B947794.e.19638/click - {}
RESULT: {}
RESULT: {}
COMMAND: GET /session/06820c29678f15015ffe824e569d7d5a/screenshot - {}
RESULT: {}
COMMAND: POST /session/06820c29678f15015ffe824e569d7d5a/execute/async - {"script":"<script> [189 bytes]","args":[]}
RESULT: {"script":"<script> [189 bytes]","args":[]}
COMMAND: POST /session/06820c29678f15015ffe824e569d7d5a/execute/async - {"script":"<script> [123 bytes]","args":[]}
RESULT: {"script":"<script> [123 bytes]","args":[]}
COMMAND: POST /session/06820c29678f15015ffe824e569d7d5a/timeouts - {"script":"<number>"}
RESULT: {"script":"<number>"}
COMMAND: GET /session/06820c29678f15015ffe824e569d7d5a/timeouts - {}
RESULT: {}
RESULT: undefined
COMMAND: POST /session/06820c29678f15015ffe824e569d7d5a/execute/async - {"script":"<script> [2676 bytes]","args":[]}
RESULT: {"script":"<script> [2676 bytes]","args":[]}
COMMAND: POST /session/06820c29678f15015ffe824e569d7d5a/execute/async - {"script":"<script> [2342 bytes]","args":[{"protocol":"http","hostname":"0.0.0.0","path":"/","capabilities":{"browserName":"chrome","goog:chromeOptions":{"binary":"C:\\Program Files\\Google\\Chrome\\Application\\chrome.exe","args":["--start-maximized"]}},"logLevel":"warn","connectionRetryTimeout":120000,"connectionRetryCount":3,"logLevels":{},"enableDirectConnect":true,"strictSSL":true,"_":"65 more keys: [\"cacheDir\",\"port\",\"requestedCapabilities\",\"automationProtocol\",\"baseUrl\",\"waitforInterval\",\"waitforTimeout\",\"onReload\",\"beforeCommand\",\"afterCommand\",\"rootDir\",\"specs\",\"suites\",\"exclude\",\"groupLogsByTestSpec\",\"excludeDriverLogs\",\"bail\",\"framework\",\"reporters\",\"services\",\"maxInstances\",\"maxInstancesPerCapability\",\"injectGlobals\",\"filesToWatch\",\"execArgv\",\"runnerEnv\",\"runner\",\"shard\",\"specFileRetries\",\"specFileRetriesDelay\",\"specFileRetriesDeferred\",\"reporterSyncInterval\",\"reporterSyncTimeout\",\"cucumberFeaturesWithLineNumbers\",\"autoCompileOpts\",\"mochaOpts\",\"jasmineOpts\",\"cucumberOpts\",\"onPrepare\",\"onWorkerStart\",\"onWorkerEnd\",\"before\",\"beforeSession\",\"beforeSuite\",\"beforeHook\",\"beforeTest\",\"afterTest\",\"afterHook\",\"afterSuite\",\"afterSession\",\"after\",\"onComplete\",\"beforeAssertion\",\"afterAssertion\",\"beforeFeature\",\"beforeScenario\",\"beforeStep\",\"afterStep\",\"afterScenario\",\"afterFeature\",\"_\",\"suite\",\"$0\",\"ignoredWorkerServices\",\"wdi5\"]"}]}
RESULT: {"script":"<script> [2342 bytes]","args":[{"protocol":"http","hostname":"0.0.0.0","path":"/","capabilities":{"browserName":"chrome","goog:chromeOptions":{"binary":"C:\\Program Files\\Google\\Chrome\\Application\\chrome.exe","args":["--start-maximized"]}},"logLevel":"warn","connectionRetryTimeout":120000,"connectionRetryCount":3,"logLevels":{},"enableDirectConnect":true,"strictSSL":true,"_":"65 more keys: [\"cacheDir\",\"port\",\"requestedCapabilities\",\"automationProtocol\",\"baseUrl\",\"waitforInterval\",\"waitforTimeout\",\"onReload\",\"beforeCommand\",\"afterCommand\",\"rootDir\",\"specs\",\"suites\",\"exclude\",\"groupLogsByTestSpec\",\"excludeDriverLogs\",\"bail\",\"framework\",\"reporters\",\"services\",\"maxInstances\",\"maxInstancesPerCapability\",\"injectGlobals\",\"filesToWatch\",\"execArgv\",\"runnerEnv\",\"runner\",\"shard\",\"specFileRetries\",\"specFileRetriesDelay\",\"specFileRetriesDeferred\",\"reporterSyncInterval\",\"reporterSyncTimeout\",\"cucumberFeaturesWithLineNumbers\",\"autoCompileOpts\",\"mochaOpts\",\"jasmineOpts\",\"cucumberOpts\",\"onPrepare\",\"onWorkerStart\",\"onWorkerEnd\",\"before\",\"beforeSession\",\"beforeSuite\",\"beforeHook\",\"beforeTest\",\"afterTest\",\"afterHook\",\"afterSuite\",\"afterSession\",\"after\",\"onComplete\",\"beforeAssertion\",\"afterAssertion\",\"beforeFeature\",\"beforeScenario\",\"beforeStep\",\"afterStep\",\"afterScenario\",\"afterFeature\",\"_\",\"suite\",\"$0\",\"ignoredWorkerServices\",\"wdi5\"]"}]}
COMMAND: POST /session/06820c29678f15015ffe824e569d7d5a/execute/async - {"script":"<script> [21126 bytes]","args":[35000]}
RESULT: {"script":"<script> [21126 bytes]","args":[35000]}
COMMAND: POST /session/06820c29678f15015ffe824e569d7d5a/window/maximize - {}
RESULT: {}
COMMAND: POST /session/06820c29678f15015ffe824e569d7d5a/execute/async - {"script":"<script> [1562 bytes]","args":[{"selector":{"id":"shell-header","interaction":{"idSuffix":"icon"}},"wdio_ui5_key":"shellheader"}]}
COMMAND: GET /session/06820c29678f15015ffe824e569d7d5a/screenshot - {}
RESULT: {"script":"<script> [1562 bytes]","args":[{"selector":{"id":"shell-header","interaction":{"idSuffix":"icon"}},"wdio_ui5_key":"shellheader"}]}
RESULT: undefined
COMMAND: POST /session/06820c29678f15015ffe824e569d7d5a/refresh - {}
RESULT: {}
RESULT: {}
COMMAND: GET /session/06820c29678f15015ffe824e569d7d5a/screenshot - {}
RESULT: {}
COMMAND: POST /session/06820c29678f15015ffe824e569d7d5a/refresh - {}
RESULT: {}
COMMAND: GET /session/06820c29678f15015ffe824e569d7d5a/screenshot - {}
RESULT: {}
COMMAND: POST /session/06820c29678f15015ffe824e569d7d5a/window/fullscreen - {}
RESULT: {}
COMMAND: POST /session/06820c29678f15015ffe824e569d7d5a/execute/async - {"script":"<script> [189 bytes]","args":[]}
RESULT: {"script":"<script> [189 bytes]","args":[]}
COMMAND: POST /session/06820c29678f15015ffe824e569d7d5a/execute/async - {"script":"<script> [123 bytes]","args":[]}
RESULT: {"script":"<script> [123 bytes]","args":[]}
COMMAND: POST /session/06820c29678f15015ffe824e569d7d5a/timeouts - {"script":"<number>"}
RESULT: {"script":"<number>"}
COMMAND: GET /session/06820c29678f15015ffe824e569d7d5a/timeouts - {}
RESULT: {}
RESULT: undefined
COMMAND: POST /session/06820c29678f15015ffe824e569d7d5a/execute/async - {"script":"<script> [2676 bytes]","args":[]}
RESULT: {"script":"<script> [2676 bytes]","args":[]}
COMMAND: POST /session/06820c29678f15015ffe824e569d7d5a/execute/async - {"script":"<script> [2342 bytes]","args":[{"protocol":"http","hostname":"0.0.0.0","path":"/","capabilities":{"browserName":"chrome","goog:chromeOptions":{"binary":"C:\\Program Files\\Google\\Chrome\\Application\\chrome.exe","args":["--start-maximized"]}},"logLevel":"warn","connectionRetryTimeout":120000,"connectionRetryCount":3,"logLevels":{},"enableDirectConnect":true,"strictSSL":true,"_":"65 more keys: [\"cacheDir\",\"port\",\"requestedCapabilities\",\"automationProtocol\",\"baseUrl\",\"waitforInterval\",\"waitforTimeout\",\"onReload\",\"beforeCommand\",\"afterCommand\",\"rootDir\",\"specs\",\"suites\",\"exclude\",\"groupLogsByTestSpec\",\"excludeDriverLogs\",\"bail\",\"framework\",\"reporters\",\"services\",\"maxInstances\",\"maxInstancesPerCapability\",\"injectGlobals\",\"filesToWatch\",\"execArgv\",\"runnerEnv\",\"runner\",\"shard\",\"specFileRetries\",\"specFileRetriesDelay\",\"specFileRetriesDeferred\",\"reporterSyncInterval\",\"reporterSyncTimeout\",\"cucumberFeaturesWithLineNumbers\",\"autoCompileOpts\",\"mochaOpts\",\"jasmineOpts\",\"cucumberOpts\",\"onPrepare\",\"onWorkerStart\",\"onWorkerEnd\",\"before\",\"beforeSession\",\"beforeSuite\",\"beforeHook\",\"beforeTest\",\"afterTest\",\"afterHook\",\"afterSuite\",\"afterSession\",\"after\",\"onComplete\",\"beforeAssertion\",\"afterAssertion\",\"beforeFeature\",\"beforeScenario\",\"beforeStep\",\"afterStep\",\"afterScenario\",\"afterFeature\",\"_\",\"suite\",\"$0\",\"ignoredWorkerServices\",\"wdi5\"]"}]}
RESULT: {"script":"<script> [2342 bytes]","args":[{"protocol":"http","hostname":"0.0.0.0","path":"/","capabilities":{"browserName":"chrome","goog:chromeOptions":{"binary":"C:\\Program Files\\Google\\Chrome\\Application\\chrome.exe","args":["--start-maximized"]}},"logLevel":"warn","connectionRetryTimeout":120000,"connectionRetryCount":3,"logLevels":{},"enableDirectConnect":true,"strictSSL":true,"_":"65 more keys: [\"cacheDir\",\"port\",\"requestedCapabilities\",\"automationProtocol\",\"baseUrl\",\"waitforInterval\",\"waitforTimeout\",\"onReload\",\"beforeCommand\",\"afterCommand\",\"rootDir\",\"specs\",\"suites\",\"exclude\",\"groupLogsByTestSpec\",\"excludeDriverLogs\",\"bail\",\"framework\",\"reporters\",\"services\",\"maxInstances\",\"maxInstancesPerCapability\",\"injectGlobals\",\"filesToWatch\",\"execArgv\",\"runnerEnv\",\"runner\",\"shard\",\"specFileRetries\",\"specFileRetriesDelay\",\"specFileRetriesDeferred\",\"reporterSyncInterval\",\"reporterSyncTimeout\",\"cucumberFeaturesWithLineNumbers\",\"autoCompileOpts\",\"mochaOpts\",\"jasmineOpts\",\"cucumberOpts\",\"onPrepare\",\"onWorkerStart\",\"onWorkerEnd\",\"before\",\"beforeSession\",\"beforeSuite\",\"beforeHook\",\"beforeTest\",\"afterTest\",\"afterHook\",\"afterSuite\",\"afterSession\",\"after\",\"onComplete\",\"beforeAssertion\",\"afterAssertion\",\"beforeFeature\",\"beforeScenario\",\"beforeStep\",\"afterStep\",\"afterScenario\",\"afterFeature\",\"_\",\"suite\",\"$0\",\"ignoredWorkerServices\",\"wdi5\"]"}]}
COMMAND: POST /session/06820c29678f15015ffe824e569d7d5a/execute/async - {"script":"<script> [21126 bytes]","args":[35000]}
RESULT: {"script":"<script> [21126 bytes]","args":[35000]}
]]></system-out>
    </testcase>
  </testsuite>
  <testsuite timestamp="2025-05-19T17:11:50" time="168.039" tests="6" failures="0" errors="0" skipped="0">
    <properties>
      <property name="specId" value="0" />
      <property name="suiteName" value="Return from Site w/ warehouse management w/ clarification US125588" />
      <property name="capabilities" value="chrome.136_0_7103_93.windows" />
      <property name="file" value="file:///D:/a/1/s/test/specs/HTR/return-from-site-w-warehouse-management-w-clarification.spec.js" />
    </properties>
    <testcase classname="chrome.136_0_7103_93.windows.Return_from_Site_w/_warehouse_management_w/_clarification_US125588" name="Should create a new WHM yard" time="0.013">
      <system-out><![CDATA[
COMMAND: POST /session/06820c29678f15015ffe824e569d7d5a/window/fullscreen - {}
RESULT: {}
]]></system-out>
    </testcase>
    <testcase classname="chrome.136_0_7103_93.windows.Return_from_Site_w/_warehouse_management_w/_clarification_US125588" name="Should create a new external WHM partner" time="0.003" />
    <testcase classname="chrome.136_0_7103_93.windows.Return_from_Site_w/_warehouse_management_w/_clarification_US125588" name="Should create a new WHM site" time="0.004" />
    <testcase classname="chrome.136_0_7103_93.windows.Return_from_Site_w/_warehouse_management_w/_clarification_US125588" name="Should create a new material" time="118.94">
      <system-out><![CDATA[
COMMAND: POST /session/06820c29678f15015ffe824e569d7d5a/execute/async - {"script":"<script> [1562 bytes]","args":[{"selector":{"controlType":"sap.m.GenericTile","properties":{"header":"Manage Resources"}},"wdio_ui5_key":"sapm.GenericTile{\"header\":\"Manage Resources\"}"}]}
RESULT: {"script":"<script> [1562 bytes]","args":[{"selector":{"controlType":"sap.m.GenericTile","properties":{"header":"Manage Resources"}},"wdio_ui5_key":"sapm.GenericTile{\"header\":\"Manage Resources\"}"}]}
RESULT: undefined
COMMAND: POST /session/06820c29678f15015ffe824e569d7d5a/element - {"using":"xpath","value":"//*[@id=\"__tile39\"]"}
RESULT: {"using":"xpath","value":"//*[@id=\"__tile39\"]"}
COMMAND: POST /session/06820c29678f15015ffe824e569d7d5a/element/f.696EFCE712E801319DC54DDC19215679.d.43CD5A1B8132478C9DBAA68593093928.e.19802/click - {}
RESULT: {}
COMMAND: GET /session/06820c29678f15015ffe824e569d7d5a/screenshot - {}
RESULT: {}
COMMAND: POST /session/06820c29678f15015ffe824e569d7d5a/elements - {"using":"xpath","value":"//span[text()='Error']"}
RESULT: {"using":"xpath","value":"//span[text()='Error']"}
COMMAND: POST /session/06820c29678f15015ffe824e569d7d5a/element - {"using":"xpath","value":"//button[@data-kt=\"addNewRUOverflowToolbarButton\"]"}
RESULT: {"using":"xpath","value":"//button[@data-kt=\"addNewRUOverflowToolbarButton\"]"}
COMMAND: POST /session/06820c29678f15015ffe824e569d7d5a/elements - {"using":"xpath","value":"//button[@data-kt=\"addNewRUOverflowToolbarButton\"]"}
RESULT: {"using":"xpath","value":"//button[@data-kt=\"addNewRUOverflowToolbarButton\"]"}
COMMAND: POST /session/06820c29678f15015ffe824e569d7d5a/elements - {"using":"xpath","value":"//button[@data-kt=\"addNewRUOverflowToolbarButton\"]"}
RESULT: {"using":"xpath","value":"//button[@data-kt=\"addNewRUOverflowToolbarButton\"]"}
COMMAND: POST /session/06820c29678f15015ffe824e569d7d5a/elements - {"using":"xpath","value":"//button[@data-kt=\"addNewRUOverflowToolbarButton\"]"}
RESULT: {"using":"xpath","value":"//button[@data-kt=\"addNewRUOverflowToolbarButton\"]"}
COMMAND: POST /session/06820c29678f15015ffe824e569d7d5a/elements - {"using":"xpath","value":"//button[@data-kt=\"addNewRUOverflowToolbarButton\"]"}
RESULT: {"using":"xpath","value":"//button[@data-kt=\"addNewRUOverflowToolbarButton\"]"}
COMMAND: POST /session/06820c29678f15015ffe824e569d7d5a/elements - {"using":"xpath","value":"//button[@data-kt=\"addNewRUOverflowToolbarButton\"]"}
RESULT: {"using":"xpath","value":"//button[@data-kt=\"addNewRUOverflowToolbarButton\"]"}
COMMAND: POST /session/06820c29678f15015ffe824e569d7d5a/elements - {"using":"xpath","value":"//button[@data-kt=\"addNewRUOverflowToolbarButton\"]"}
RESULT: {"using":"xpath","value":"//button[@data-kt=\"addNewRUOverflowToolbarButton\"]"}
COMMAND: POST /session/06820c29678f15015ffe824e569d7d5a/element - {"using":"xpath","value":"//button[@data-kt=\"addNewRUOverflowToolbarButton\"]"}
RESULT: {"using":"xpath","value":"//button[@data-kt=\"addNewRUOverflowToolbarButton\"]"}
COMMAND: POST /session/06820c29678f15015ffe824e569d7d5a/execute/sync - {"script":"<script> [8489 bytes]","args":[{"element-6066-11e4-a52e-4f735466cecf":"f.696EFCE712E801319DC54DDC19215679.d.43CD5A1B8132478C9DBAA68593093928.e.19954","ELEMENT":"f.696EFCE712E801319DC54DDC19215679.d.43CD5A1B8132478C9DBAA68593093928.e.19954"}]}
RESULT: {"script":"<script> [8489 bytes]","args":[{"element-6066-11e4-a52e-4f735466cecf":"f.696EFCE712E801319DC54DDC19215679.d.43CD5A1B8132478C9DBAA68593093928.e.19954","ELEMENT":"f.696EFCE712E801319DC54DDC19215679.d.43CD5A1B8132478C9DBAA68593093928.e.19954"}]}
COMMAND: GET /session/06820c29678f15015ffe824e569d7d5a/element/f.696EFCE712E801319DC54DDC19215679.d.43CD5A1B8132478C9DBAA68593093928.e.19954/enabled - {}
COMMAND: GET /session/06820c29678f15015ffe824e569d7d5a/screenshot - {}
RESULT: {}
COMMAND: POST /session/06820c29678f15015ffe824e569d7d5a/execute/sync - {"script":"<script> [8489 bytes]","args":[{"element-6066-11e4-a52e-4f735466cecf":"f.696EFCE712E801319DC54DDC19215679.d.43CD5A1B8132478C9DBAA68593093928.e.19954","ELEMENT":"f.696EFCE712E801319DC54DDC19215679.d.43CD5A1B8132478C9DBAA68593093928.e.19954"}]}
COMMAND: GET /session/06820c29678f15015ffe824e569d7d5a/screenshot - {}
RESULT: {}
RESULT: {"script":"<script> [8489 bytes]","args":[{"element-6066-11e4-a52e-4f735466cecf":"f.696EFCE712E801319DC54DDC19215679.d.43CD5A1B8132478C9DBAA68593093928.e.19954","ELEMENT":"f.696EFCE712E801319DC54DDC19215679.d.43CD5A1B8132478C9DBAA68593093928.e.19954"}]}
COMMAND: POST /session/06820c29678f15015ffe824e569d7d5a/execute/sync - {"script":"<script> [5351 bytes]","args":[{"element-6066-11e4-a52e-4f735466cecf":"f.696EFCE712E801319DC54DDC19215679.d.43CD5A1B8132478C9DBAA68593093928.e.19954","ELEMENT":"f.696EFCE712E801319DC54DDC19215679.d.43CD5A1B8132478C9DBAA68593093928.e.19954"}]}
COMMAND: GET /session/06820c29678f15015ffe824e569d7d5a/screenshot - {}
RESULT: {}
RESULT: {"script":"<script> [5351 bytes]","args":[{"element-6066-11e4-a52e-4f735466cecf":"f.696EFCE712E801319DC54DDC19215679.d.43CD5A1B8132478C9DBAA68593093928.e.19954","ELEMENT":"f.696EFCE712E801319DC54DDC19215679.d.43CD5A1B8132478C9DBAA68593093928.e.19954"}]}
COMMAND: POST /session/06820c29678f15015ffe824e569d7d5a/element/f.696EFCE712E801319DC54DDC19215679.d.43CD5A1B8132478C9DBAA68593093928.e.19954/click - {}
COMMAND: GET /session/06820c29678f15015ffe824e569d7d5a/screenshot - {}
RESULT: {}
RESULT: {}
COMMAND: GET /session/06820c29678f15015ffe824e569d7d5a/screenshot - {}
RESULT: {}
COMMAND: POST /session/06820c29678f15015ffe824e569d7d5a/execute/async - {"script":"<script> [1562 bytes]","args":[{"selector":{"id":"application-manageresources-display-component---newResourceUnit--TYPE-arrow"},"wdio_ui5_key":"applicationmanageresources-display-component---newResourceUnit--TYPE-arrow"}]}
RESULT: {}
RESULT: {"script":"<script> [1562 bytes]","args":[{"selector":{"id":"application-manageresources-display-component---newResourceUnit--TYPE-arrow"},"wdio_ui5_key":"applicationmanageresources-display-component---newResourceUnit--TYPE-arrow"}]}
RESULT: undefined
COMMAND: POST /session/06820c29678f15015ffe824e569d7d5a/element - {"using":"xpath","value":"//*[@id=\"application-manageresources-display-component---newResourceUnit--TYPE-arrow\"]"}
RESULT: {"using":"xpath","value":"//*[@id=\"application-manageresources-display-component---newResourceUnit--TYPE-arrow\"]"}
COMMAND: POST /session/06820c29678f15015ffe824e569d7d5a/element/f.696EFCE712E801319DC54DDC19215679.d.43CD5A1B8132478C9DBAA68593093928.e.20300/click - {}
RESULT: {}
COMMAND: POST /session/06820c29678f15015ffe824e569d7d5a/element - {"using":"xpath","value":"//input[@id=\"application-manageresources-display-component---newResourceUnit--TYPE-inner\"]"}
COMMAND: GET /session/06820c29678f15015ffe824e569d7d5a/screenshot - {}
RESULT: {"using":"xpath","value":"//input[@id=\"application-manageresources-display-component---newResourceUnit--TYPE-inner\"]"}
COMMAND: POST /session/06820c29678f15015ffe824e569d7d5a/element/f.696EFCE712E801319DC54DDC19215679.d.43CD5A1B8132478C9DBAA68593093928.e.20293/clear - {}
RESULT: {}
RESULT: {}
COMMAND: POST /session/06820c29678f15015ffe824e569d7d5a/element/f.696EFCE712E801319DC54DDC19215679.d.43CD5A1B8132478C9DBAA68593093928.e.20293/value - {"text":"Material"}
COMMAND: GET /session/06820c29678f15015ffe824e569d7d5a/screenshot - {}
RESULT: {"text":"Material"}
COMMAND: GET /session/06820c29678f15015ffe824e569d7d5a/screenshot - {}
RESULT: {}
RESULT: {}
COMMAND: POST /session/06820c29678f15015ffe824e569d7d5a/actions - {"actions":[{"id":"action61","type":"key","parameters":{},"actions":[{"type":"keyDown","value":"î€‡"},{"type":"pause","duration":10},{"type":"keyUp","value":"î€‡"}]}]}
RESULT: {"actions":[{"id":"action61","type":"key","parameters":{},"actions":[{"type":"keyDown","value":"î€‡"},{"type":"pause","duration":10},{"type":"keyUp","value":"î€‡"}]}]}
COMMAND: POST /session/06820c29678f15015ffe824e569d7d5a/execute/async - {"script":"<script> [1562 bytes]","args":[{"selector":{"id":"application-manageresources-display-component---newResourceUnit--SHORT_TEXT","interaction":{"idSuffix":"inner"}},"wdio_ui5_key":"applicationmanageresources-display-component---newResourceUnit--SHORT_TEXT"}]}
COMMAND: GET /session/06820c29678f15015ffe824e569d7d5a/screenshot - {}
RESULT: {"script":"<script> [1562 bytes]","args":[{"selector":{"id":"application-manageresources-display-component---newResourceUnit--SHORT_TEXT","interaction":{"idSuffix":"inner"}},"wdio_ui5_key":"applicationmanageresources-display-component---newResourceUnit--SHORT_TEXT"}]}
RESULT: undefined
COMMAND: POST /session/06820c29678f15015ffe824e569d7d5a/execute/async - {"script":"<script> [776 bytes]","args":[{"enterText":"Cement WDIO","selector":{"id":"application-manageresources-display-component---newResourceUnit--SHORT_TEXT","interaction":{"idSuffix":"inner"}},"clearTextFirst":true,"interactionType":"ENTER_TEXT"}]}
RESULT: {}
RESULT: {"script":"<script> [776 bytes]","args":[{"enterText":"Cement WDIO","selector":{"id":"application-manageresources-display-component---newResourceUnit--SHORT_TEXT","interaction":{"idSuffix":"inner"}},"clearTextFirst":true,"interactionType":"ENTER_TEXT"}]}
COMMAND: POST /session/06820c29678f15015ffe824e569d7d5a/execute/async - {"script":"<script> [1562 bytes]","args":[{"selector":{"id":"application-manageresources-display-component---newResourceUnit--BASE_UNIT_OF_MEASURE","interaction":{"idSuffix":"inner"}},"wdio_ui5_key":"applicationmanageresources-display-component---newResourceUnit--BASE_UNIT_OF_MEASURE"}]}
RESULT: {"script":"<script> [1562 bytes]","args":[{"selector":{"id":"application-manageresources-display-component---newResourceUnit--BASE_UNIT_OF_MEASURE","interaction":{"idSuffix":"inner"}},"wdio_ui5_key":"applicationmanageresources-display-component---newResourceUnit--BASE_UNIT_OF_MEASURE"}]}
RESULT: undefined
COMMAND: POST /session/06820c29678f15015ffe824e569d7d5a/execute/async - {"script":"<script> [776 bytes]","args":[{"enterText":"Piece","selector":{"id":"application-manageresources-display-component---newResourceUnit--BASE_UNIT_OF_MEASURE","interaction":{"idSuffix":"inner"}},"clearTextFirst":true,"interactionType":"ENTER_TEXT"}]}
RESULT: {"script":"<script> [776 bytes]","args":[{"enterText":"Piece","selector":{"id":"application-manageresources-display-component---newResourceUnit--BASE_UNIT_OF_MEASURE","interaction":{"idSuffix":"inner"}},"clearTextFirst":true,"interactionType":"ENTER_TEXT"}]}
COMMAND: POST /session/06820c29678f15015ffe824e569d7d5a/execute/async - {"script":"<script> [1562 bytes]","args":[{"selector":{"id":"application-manageresources-display-component---newResourceUnit--WEIGHT_UNIT","interaction":{"idSuffix":"inner"}},"wdio_ui5_key":"applicationmanageresources-display-component---newResourceUnit--WEIGHT_UNIT"}]}
RESULT: {"script":"<script> [1562 bytes]","args":[{"selector":{"id":"application-manageresources-display-component---newResourceUnit--WEIGHT_UNIT","interaction":{"idSuffix":"inner"}},"wdio_ui5_key":"applicationmanageresources-display-component---newResourceUnit--WEIGHT_UNIT"}]}
RESULT: undefined
COMMAND: POST /session/06820c29678f15015ffe824e569d7d5a/execute/async - {"script":"<script> [776 bytes]","args":[{"enterText":"Gram","selector":{"id":"application-manageresources-display-component---newResourceUnit--WEIGHT_UNIT","interaction":{"idSuffix":"inner"}},"clearTextFirst":true,"interactionType":"ENTER_TEXT"}]}
RESULT: {"script":"<script> [776 bytes]","args":[{"enterText":"Gram","selector":{"id":"application-manageresources-display-component---newResourceUnit--WEIGHT_UNIT","interaction":{"idSuffix":"inner"}},"clearTextFirst":true,"interactionType":"ENTER_TEXT"}]}
COMMAND: POST /session/06820c29678f15015ffe824e569d7d5a/execute/async - {"script":"<script> [1562 bytes]","args":[{"selector":{"id":"application-manageresources-display-component---newResourceUnit--DIMENSION_UNIT","interaction":{"idSuffix":"inner"}},"wdio_ui5_key":"applicationmanageresources-display-component---newResourceUnit--DIMENSION_UNIT"}]}
RESULT: {"script":"<script> [1562 bytes]","args":[{"selector":{"id":"application-manageresources-display-component---newResourceUnit--DIMENSION_UNIT","interaction":{"idSuffix":"inner"}},"wdio_ui5_key":"applicationmanageresources-display-component---newResourceUnit--DIMENSION_UNIT"}]}
RESULT: undefined
COMMAND: POST /session/06820c29678f15015ffe824e569d7d5a/execute/async - {"script":"<script> [776 bytes]","args":[{"enterText":"Meter","selector":{"id":"application-manageresources-display-component---newResourceUnit--DIMENSION_UNIT","interaction":{"idSuffix":"inner"}},"clearTextFirst":true,"interactionType":"ENTER_TEXT"}]}
RESULT: {"script":"<script> [776 bytes]","args":[{"enterText":"Meter","selector":{"id":"application-manageresources-display-component---newResourceUnit--DIMENSION_UNIT","interaction":{"idSuffix":"inner"}},"clearTextFirst":true,"interactionType":"ENTER_TEXT"}]}
COMMAND: POST /session/06820c29678f15015ffe824e569d7d5a/execute/async - {"script":"<script> [1562 bytes]","args":[{"selector":{"id":"application-manageresources-display-component---newResourceUnit--newRRUPage-anchBar-application-manageresources-display-component---newResourceUnit--control-anchor","interaction":{"idSuffix":"BDI-content"}},"wdio_ui5_key":"applicationmanageresources-display-component---newResourceUnit--newRRUPage-anchBar-application-manageresources-display-component---newResourceUnit--control-anchor"}]}
RESULT: {"script":"<script> [1562 bytes]","args":[{"selector":{"id":"application-manageresources-display-component---newResourceUnit--newRRUPage-anchBar-application-manageresources-display-component---newResourceUnit--control-anchor","interaction":{"idSuffix":"BDI-content"}},"wdio_ui5_key":"applicationmanageresources-display-component---newResourceUnit--newRRUPage-anchBar-application-manageresources-display-component---newResourceUnit--control-anchor"}]}
RESULT: undefined
COMMAND: POST /session/06820c29678f15015ffe824e569d7d5a/element - {"using":"xpath","value":"//*[@id=\"application-manageresources-display-component---newResourceUnit--newRRUPage-anchBar-application-manageresources-display-component---newResourceUnit--control-anchor\"]"}
RESULT: {"using":"xpath","value":"//*[@id=\"application-manageresources-display-component---newResourceUnit--newRRUPage-anchBar-application-manageresources-display-component---newResourceUnit--control-anchor\"]"}
COMMAND: POST /session/06820c29678f15015ffe824e569d7d5a/element/f.696EFCE712E801319DC54DDC19215679.d.43CD5A1B8132478C9DBAA68593093928.e.20365/click - {}
RESULT: {}
COMMAND: POST /session/06820c29678f15015ffe824e569d7d5a/execute/async - {"script":"<script> [1562 bytes]","args":[{"selector":{"id":"application-manageresources-display-component---newResourceUnit--PLANNING_GROUP","interaction":{"idSuffix":"inner"}},"wdio_ui5_key":"applicationmanageresources-display-component---newResourceUnit--PLANNING_GROUP"}]}
COMMAND: GET /session/06820c29678f15015ffe824e569d7d5a/screenshot - {}
RESULT: {"script":"<script> [1562 bytes]","args":[{"selector":{"id":"application-manageresources-display-component---newResourceUnit--PLANNING_GROUP","interaction":{"idSuffix":"inner"}},"wdio_ui5_key":"applicationmanageresources-display-component---newResourceUnit--PLANNING_GROUP"}]}
RESULT: undefined
COMMAND: POST /session/06820c29678f15015ffe824e569d7d5a/execute/async - {"script":"<script> [776 bytes]","args":[{"enterText":"Material","selector":{"id":"application-manageresources-display-component---newResourceUnit--PLANNING_GROUP","interaction":{"idSuffix":"inner"}},"clearTextFirst":true,"interactionType":"ENTER_TEXT"}]}
RESULT: {}
RESULT: {"script":"<script> [776 bytes]","args":[{"enterText":"Material","selector":{"id":"application-manageresources-display-component---newResourceUnit--PLANNING_GROUP","interaction":{"idSuffix":"inner"}},"clearTextFirst":true,"interactionType":"ENTER_TEXT"}]}
COMMAND: POST /session/06820c29678f15015ffe824e569d7d5a/execute/async - {"script":"<script> [1562 bytes]","args":[{"selector":{"id":"application-manageresources-display-component---newResourceUnit--PLANNING_INDICATOR","interaction":{"idSuffix":"inner"}},"wdio_ui5_key":"applicationmanageresources-display-component---newResourceUnit--PLANNING_INDICATOR"}]}
RESULT: {"script":"<script> [1562 bytes]","args":[{"selector":{"id":"application-manageresources-display-component---newResourceUnit--PLANNING_INDICATOR","interaction":{"idSuffix":"inner"}},"wdio_ui5_key":"applicationmanageresources-display-component---newResourceUnit--PLANNING_INDICATOR"}]}
RESULT: undefined
COMMAND: POST /session/06820c29678f15015ffe824e569d7d5a/execute/async - {"script":"<script> [776 bytes]","args":[{"enterText":"10 - infinite","selector":{"id":"application-manageresources-display-component---newResourceUnit--PLANNING_INDICATOR","interaction":{"idSuffix":"inner"}},"clearTextFirst":true,"interactionType":"ENTER_TEXT"}]}
RESULT: {"script":"<script> [776 bytes]","args":[{"enterText":"10 - infinite","selector":{"id":"application-manageresources-display-component---newResourceUnit--PLANNING_INDICATOR","interaction":{"idSuffix":"inner"}},"clearTextFirst":true,"interactionType":"ENTER_TEXT"}]}
COMMAND: POST /session/06820c29678f15015ffe824e569d7d5a/element - {"using":"css selector","value":"#application-manageresources-display-component---newResourceUnit--btnAddTimeSegment"}
RESULT: {"using":"css selector","value":"#application-manageresources-display-component---newResourceUnit--btnAddTimeSegment"}
COMMAND: GET /session/06820c29678f15015ffe824e569d7d5a/element/f.696EFCE712E801319DC54DDC19215679.d.43CD5A1B8132478C9DBAA68593093928.e.20375/rect - {}
RESULT: {}
COMMAND: GET /session/06820c29678f15015ffe824e569d7d5a/window/rect - {}
RESULT: {}
COMMAND: POST /session/06820c29678f15015ffe824e569d7d5a/execute/sync - {"script":"<script> [92 bytes]","args":[]}
RESULT: {"script":"<script> [92 bytes]","args":[]}
COMMAND: POST /session/06820c29678f15015ffe824e569d7d5a/actions - {"actions":[{"id":"action62","type":"wheel","parameters":{},"actions":[{"type":"scroll","x":-1888,"y":-32,"deltaX":0,"deltaY":0,"duration":0,"origin":{"element-6066-11e4-a52e-4f735466cecf":"f.696EFCE712E801319DC54DDC19215679.d.43CD5A1B8132478C9DBAA68593093928.e.20375"}}]}]}
COMMAND: GET /session/06820c29678f15015ffe824e569d7d5a/screenshot - {}
RESULT: {}
COMMAND: POST /session/06820c29678f15015ffe824e569d7d5a/execute/sync - {"script":"<script> [79 bytes]","args":[{"element-6066-11e4-a52e-4f735466cecf":"f.696EFCE712E801319DC54DDC19215679.d.43CD5A1B8132478C9DBAA68593093928.e.20375","ELEMENT":"f.696EFCE712E801319DC54DDC19215679.d.43CD5A1B8132478C9DBAA68593093928.e.20375"},{"block":"start","inline":"nearest"}]}
RESULT: {"script":"<script> [79 bytes]","args":[{"element-6066-11e4-a52e-4f735466cecf":"f.696EFCE712E801319DC54DDC19215679.d.43CD5A1B8132478C9DBAA68593093928.e.20375","ELEMENT":"f.696EFCE712E801319DC54DDC19215679.d.43CD5A1B8132478C9DBAA68593093928.e.20375"},{"block":"start","inline":"nearest"}]}
COMMAND: POST /session/06820c29678f15015ffe824e569d7d5a/execute/async - {"script":"<script> [1562 bytes]","args":[{"selector":{"id":"application-manageresources-display-component---newResourceUnit--btnAddTimeSegment","interaction":{"idSuffix":"inner"}},"wdio_ui5_key":"applicationmanageresources-display-component---newResourceUnit--btnAddTimeSegment"}]}
COMMAND: GET /session/06820c29678f15015ffe824e569d7d5a/screenshot - {}
RESULT: {"script":"<script> [1562 bytes]","args":[{"selector":{"id":"application-manageresources-display-component---newResourceUnit--btnAddTimeSegment","interaction":{"idSuffix":"inner"}},"wdio_ui5_key":"applicationmanageresources-display-component---newResourceUnit--btnAddTimeSegment"}]}
RESULT: undefined
COMMAND: POST /session/06820c29678f15015ffe824e569d7d5a/element - {"using":"xpath","value":"//*[@id=\"application-manageresources-display-component---newResourceUnit--btnAddTimeSegment\"]"}
RESULT: {}
RESULT: {"using":"xpath","value":"//*[@id=\"application-manageresources-display-component---newResourceUnit--btnAddTimeSegment\"]"}
COMMAND: POST /session/06820c29678f15015ffe824e569d7d5a/element/f.696EFCE712E801319DC54DDC19215679.d.43CD5A1B8132478C9DBAA68593093928.e.20375/click - {}
RESULT: {}
COMMAND: GET /session/06820c29678f15015ffe824e569d7d5a/screenshot - {}
RESULT: {}
COMMAND: POST /session/06820c29678f15015ffe824e569d7d5a/element - {"using":"xpath","value":"//input[@id=\"application-manageresources-display-component---newResourceUnit--idRuTSAdmin-application-manageresources-display-component---newResourceUnit--RUTimeSegment-0-inner\"]"}
RESULT: {"using":"xpath","value":"//input[@id=\"application-manageresources-display-component---newResourceUnit--idRuTSAdmin-application-manageresources-display-component---newResourceUnit--RUTimeSegment-0-inner\"]"}
COMMAND: POST /session/06820c29678f15015ffe824e569d7d5a/element/f.696EFCE712E801319DC54DDC19215679.d.43CD5A1B8132478C9DBAA68593093928.e.20380/clear - {}
RESULT: {}
COMMAND: POST /session/06820c29678f15015ffe824e569d7d5a/element/f.696EFCE712E801319DC54DDC19215679.d.43CD5A1B8132478C9DBAA68593093928.e.20380/value - {"text":"556"}
COMMAND: GET /session/06820c29678f15015ffe824e569d7d5a/screenshot - {}
RESULT: {"text":"556"}
COMMAND: GET /session/06820c29678f15015ffe824e569d7d5a/screenshot - {}
RESULT: {}
RESULT: {}
COMMAND: POST /session/06820c29678f15015ffe824e569d7d5a/element - {"using":"xpath","value":"//li[.//span[text()='556']]"}
RESULT: {"using":"xpath","value":"//li[.//span[text()='556']]"}
COMMAND: POST /session/06820c29678f15015ffe824e569d7d5a/element/f.696EFCE712E801319DC54DDC19215679.d.43CD5A1B8132478C9DBAA68593093928.e.20389/click - {}
RESULT: {}
COMMAND: GET /session/06820c29678f15015ffe824e569d7d5a/screenshot - {}
RESULT: {}
COMMAND: POST /session/06820c29678f15015ffe824e569d7d5a/element - {"using":"xpath","value":"(//span[contains(@id, \"-application-manageresources-display-component---newResourceUnit--RUTimeSegment-0-arrow\")])[2]"}
RESULT: {"using":"xpath","value":"(//span[contains(@id, \"-application-manageresources-display-component---newResourceUnit--RUTimeSegment-0-arrow\")])[2]"}
COMMAND: POST /session/06820c29678f15015ffe824e569d7d5a/element/f.696EFCE712E801319DC54DDC19215679.d.43CD5A1B8132478C9DBAA68593093928.e.20390/click - {}
RESULT: {}
COMMAND: POST /session/06820c29678f15015ffe824e569d7d5a/element - {"using":"xpath","value":"//span[contains(text(), \"PM Order\")]"}
COMMAND: GET /session/06820c29678f15015ffe824e569d7d5a/screenshot - {}
RESULT: {"using":"xpath","value":"//span[contains(text(), \"PM Order\")]"}
COMMAND: POST /session/06820c29678f15015ffe824e569d7d5a/element/f.696EFCE712E801319DC54DDC19215679.d.43CD5A1B8132478C9DBAA68593093928.e.20391/click - {}
RESULT: {}
RESULT: {}
COMMAND: GET /session/06820c29678f15015ffe824e569d7d5a/screenshot - {}
RESULT: {}
COMMAND: POST /session/06820c29678f15015ffe824e569d7d5a/element - {"using":"xpath","value":"//td/div/div/div/span[contains(@id, \"newResourceUnit--RUTimeSegment-0-vhi\")][1]"}
RESULT: {"using":"xpath","value":"//td/div/div/div/span[contains(@id, \"newResourceUnit--RUTimeSegment-0-vhi\")][1]"}
COMMAND: GET /session/06820c29678f15015ffe824e569d7d5a/element/f.696EFCE712E801319DC54DDC19215679.d.43CD5A1B8132478C9DBAA68593093928.e.20395/rect - {}
RESULT: {}
COMMAND: GET /session/06820c29678f15015ffe824e569d7d5a/window/rect - {}
RESULT: {}
COMMAND: POST /session/06820c29678f15015ffe824e569d7d5a/execute/sync - {"script":"<script> [92 bytes]","args":[]}
RESULT: {"script":"<script> [92 bytes]","args":[]}
COMMAND: POST /session/06820c29678f15015ffe824e569d7d5a/actions - {"actions":[{"id":"action63","type":"wheel","parameters":{},"actions":[{"type":"scroll","x":-1888,"y":-24,"deltaX":0,"deltaY":0,"duration":0,"origin":{"element-6066-11e4-a52e-4f735466cecf":"f.696EFCE712E801319DC54DDC19215679.d.43CD5A1B8132478C9DBAA68593093928.e.20395"}}]}]}
COMMAND: GET /session/06820c29678f15015ffe824e569d7d5a/screenshot - {}
RESULT: {}
COMMAND: POST /session/06820c29678f15015ffe824e569d7d5a/execute/sync - {"script":"<script> [79 bytes]","args":[{"element-6066-11e4-a52e-4f735466cecf":"f.696EFCE712E801319DC54DDC19215679.d.43CD5A1B8132478C9DBAA68593093928.e.20395","ELEMENT":"f.696EFCE712E801319DC54DDC19215679.d.43CD5A1B8132478C9DBAA68593093928.e.20395"},{"block":"start","inline":"nearest"}]}
RESULT: {"script":"<script> [79 bytes]","args":[{"element-6066-11e4-a52e-4f735466cecf":"f.696EFCE712E801319DC54DDC19215679.d.43CD5A1B8132478C9DBAA68593093928.e.20395","ELEMENT":"f.696EFCE712E801319DC54DDC19215679.d.43CD5A1B8132478C9DBAA68593093928.e.20395"},{"block":"start","inline":"nearest"}]}
COMMAND: GET /session/06820c29678f15015ffe824e569d7d5a/screenshot - {}
RESULT: {}
COMMAND: POST /session/06820c29678f15015ffe824e569d7d5a/element/f.696EFCE712E801319DC54DDC19215679.d.43CD5A1B8132478C9DBAA68593093928.e.20395/click - {}
RESULT: {}
COMMAND: GET /session/06820c29678f15015ffe824e569d7d5a/screenshot - {}
RESULT: {}
COMMAND: POST /session/06820c29678f15015ffe824e569d7d5a/execute/async - {"script":"<script> [1562 bytes]","args":[{"selector":{"controlType":"sap.m.SearchField","properties":{"placeholder":"Search"},"searchOpenDialogs":true,"interaction":{"idSuffix":"I"}},"wdio_ui5_key":"sapm.SearchField{\"placeholder\":\"Search\"}"}]}
RESULT: {"script":"<script> [1562 bytes]","args":[{"selector":{"controlType":"sap.m.SearchField","properties":{"placeholder":"Search"},"searchOpenDialogs":true,"interaction":{"idSuffix":"I"}},"wdio_ui5_key":"sapm.SearchField{\"placeholder\":\"Search\"}"}]}
RESULT: undefined
COMMAND: POST /session/06820c29678f15015ffe824e569d7d5a/execute/async - {"script":"<script> [776 bytes]","args":[{"enterText":"4000360","selector":{"controlType":"sap.m.SearchField","properties":{"placeholder":"Search"},"searchOpenDialogs":true,"interaction":{"idSuffix":"I"}},"clearTextFirst":true,"interactionType":"ENTER_TEXT"}]}
RESULT: {"script":"<script> [776 bytes]","args":[{"enterText":"4000360","selector":{"controlType":"sap.m.SearchField","properties":{"placeholder":"Search"},"searchOpenDialogs":true,"interaction":{"idSuffix":"I"}},"clearTextFirst":true,"interactionType":"ENTER_TEXT"}]}
COMMAND: POST /session/06820c29678f15015ffe824e569d7d5a/actions - {"actions":[{"id":"action64","type":"key","parameters":{},"actions":[{"type":"keyDown","value":"î€‡"},{"type":"pause","duration":10},{"type":"keyUp","value":"î€‡"}]}]}
RESULT: {"actions":[{"id":"action64","type":"key","parameters":{},"actions":[{"type":"keyDown","value":"î€‡"},{"type":"pause","duration":10},{"type":"keyUp","value":"î€‡"}]}]}
COMMAND: GET /session/06820c29678f15015ffe824e569d7d5a/screenshot - {}
RESULT: {}
COMMAND: POST /session/06820c29678f15015ffe824e569d7d5a/element - {"using":"xpath","value":"//td/div/span[contains(text(), \"BGL Vehicles\")]"}
RESULT: {"using":"xpath","value":"//td/div/span[contains(text(), \"BGL Vehicles\")]"}
COMMAND: POST /session/06820c29678f15015ffe824e569d7d5a/element/f.696EFCE712E801319DC54DDC19215679.d.43CD5A1B8132478C9DBAA68593093928.e.20417/click - {}
RESULT: {}
COMMAND: GET /session/06820c29678f15015ffe824e569d7d5a/screenshot - {}
RESULT: {}
COMMAND: POST /session/06820c29678f15015ffe824e569d7d5a/element - {"using":"xpath","value":"//bdi[contains(text(), \"OK\")]"}
RESULT: {"using":"xpath","value":"//bdi[contains(text(), \"OK\")]"}
COMMAND: POST /session/06820c29678f15015ffe824e569d7d5a/element/f.696EFCE712E801319DC54DDC19215679.d.43CD5A1B8132478C9DBAA68593093928.e.20418/click - {}
RESULT: {}
COMMAND: GET /session/06820c29678f15015ffe824e569d7d5a/screenshot - {}
RESULT: {}
COMMAND: POST /session/06820c29678f15015ffe824e569d7d5a/element - {"using":"xpath","value":"//label[contains(@class, 'sapMLabelRequired') and .//bdi[contains(text(), 'Planned Retirement')]]"}
RESULT: {"using":"xpath","value":"//label[contains(@class, 'sapMLabelRequired') and .//bdi[contains(text(), 'Planned Retirement')]]"}
COMMAND: POST /session/06820c29678f15015ffe824e569d7d5a/elements - {"using":"xpath","value":"//label[contains(@class, 'sapMLabelRequired') and .//bdi[contains(text(), 'Planned Retirement')]]"}
RESULT: {"using":"xpath","value":"//label[contains(@class, 'sapMLabelRequired') and .//bdi[contains(text(), 'Planned Retirement')]]"}
COMMAND: POST /session/06820c29678f15015ffe824e569d7d5a/element - {"using":"xpath","value":"//button[@data-kt=\"resourceUnitSaveButton\"]"}
RESULT: {"using":"xpath","value":"//button[@data-kt=\"resourceUnitSaveButton\"]"}
COMMAND: POST /session/06820c29678f15015ffe824e569d7d5a/element/f.696EFCE712E801319DC54DDC19215679.d.43CD5A1B8132478C9DBAA68593093928.e.20317/click - {}
RESULT: {}
COMMAND: GET /session/06820c29678f15015ffe824e569d7d5a/screenshot - {}
RESULT: {}
COMMAND: POST /session/06820c29678f15015ffe824e569d7d5a/element - {"using":"xpath","value":"//bdi[contains(text(), \"Close\")]"}
RESULT: {"using":"xpath","value":"//bdi[contains(text(), \"Close\")]"}
COMMAND: POST /session/06820c29678f15015ffe824e569d7d5a/element/f.696EFCE712E801319DC54DDC19215679.d.43CD5A1B8132478C9DBAA68593093928.e.20425/click - {}
RESULT: {}
COMMAND: GET /session/06820c29678f15015ffe824e569d7d5a/screenshot - {}
RESULT: {}
COMMAND: POST /session/06820c29678f15015ffe824e569d7d5a/element - {"using":"xpath","value":"//header[contains(@id, 'detailRruPage-headerTitle')]/div[1]/div[2]/div[2]/span[1]"}
RESULT: {"using":"xpath","value":"//header[contains(@id, 'detailRruPage-headerTitle')]/div[1]/div[2]/div[2]/span[1]"}
COMMAND: POST /session/06820c29678f15015ffe824e569d7d5a/elements - {"using":"xpath","value":"//header[contains(@id, 'detailRruPage-headerTitle')]/div[1]/div[2]/div[2]/span[1]"}
RESULT: {"using":"xpath","value":"//header[contains(@id, 'detailRruPage-headerTitle')]/div[1]/div[2]/div[2]/span[1]"}
COMMAND: POST /session/06820c29678f15015ffe824e569d7d5a/execute/sync - {"script":"<script> [56 bytes]","args":[{"element-6066-11e4-a52e-4f735466cecf":"f.696EFCE712E801319DC54DDC19215679.d.43CD5A1B8132478C9DBAA68593093928.e.20454","ELEMENT":"f.696EFCE712E801319DC54DDC19215679.d.43CD5A1B8132478C9DBAA68593093928.e.20454"}]}
RESULT: {"script":"<script> [56 bytes]","args":[{"element-6066-11e4-a52e-4f735466cecf":"f.696EFCE712E801319DC54DDC19215679.d.43CD5A1B8132478C9DBAA68593093928.e.20454","ELEMENT":"f.696EFCE712E801319DC54DDC19215679.d.43CD5A1B8132478C9DBAA68593093928.e.20454"}]}
COMMAND: POST /session/06820c29678f15015ffe824e569d7d5a/element - {"using":"css selector","value":"#shell-header-logo"}
COMMAND: GET /session/06820c29678f15015ffe824e569d7d5a/screenshot - {}
RESULT: {"using":"css selector","value":"#shell-header-logo"}
COMMAND: POST /session/06820c29678f15015ffe824e569d7d5a/element/f.696EFCE712E801319DC54DDC19215679.d.43CD5A1B8132478C9DBAA68593093928.e.19913/click - {}
RESULT: {}
RESULT: {}
COMMAND: GET /session/06820c29678f15015ffe824e569d7d5a/screenshot - {}
RESULT: {}
]]></system-out>
    </testcase>
    <testcase classname="chrome.136_0_7103_93.windows.Return_from_Site_w/_warehouse_management_w/_clarification_US125588" name="Bin Status Report Should Create New Organization yard" time="0.007" />
    <testcase classname="chrome.136_0_7103_93.windows.Return_from_Site_w/_warehouse_management_w/_clarification_US125588" name="Bin Status Report Should Create New Organization for Site" time="0.004" />
  </testsuite>
  <testsuite timestamp="2025-05-19T17:14:38" time="465.524" tests="7" failures="1" errors="1" skipped="0">
    <properties>
      <property name="specId" value="0" />
      <property name="suiteName" value="Return from Site w/ warehouse management w clarification" />
      <property name="capabilities" value="chrome.136_0_7103_93.windows" />
      <property name="file" value="file:///D:/a/1/s/test/specs/HTR/return-from-site-w-warehouse-management-w-clarification.spec.js" />
    </properties>
    <testcase classname="chrome.136_0_7103_93.windows.Return_from_Site_w/_warehouse_management_w_clarification" name="Should do a stock increase handover" time="89.759">
      <system-out><![CDATA[
COMMAND: POST /session/06820c29678f15015ffe824e569d7d5a/execute/async - {"script":"<script> [1562 bytes]","args":[{"selector":{"controlType":"sap.m.GenericTile","properties":{"header":"Manage Handovers"}},"wdio_ui5_key":"sapm.GenericTile{\"header\":\"Manage Handovers\"}"}]}
RESULT: {"script":"<script> [1562 bytes]","args":[{"selector":{"controlType":"sap.m.GenericTile","properties":{"header":"Manage Handovers"}},"wdio_ui5_key":"sapm.GenericTile{\"header\":\"Manage Handovers\"}"}]}
RESULT: undefined
COMMAND: POST /session/06820c29678f15015ffe824e569d7d5a/element - {"using":"xpath","value":"//*[@id=\"__tile132\"]"}
RESULT: {"using":"xpath","value":"//*[@id=\"__tile132\"]"}
COMMAND: POST /session/06820c29678f15015ffe824e569d7d5a/element/f.696EFCE712E801319DC54DDC19215679.d.43CD5A1B8132478C9DBAA68593093928.e.19889/click - {}
RESULT: {}
COMMAND: GET /session/06820c29678f15015ffe824e569d7d5a/screenshot - {}
RESULT: {}
COMMAND: POST /session/06820c29678f15015ffe824e569d7d5a/elements - {"using":"xpath","value":"//span[text()='Error']"}
RESULT: {"using":"xpath","value":"//span[text()='Error']"}
COMMAND: POST /session/06820c29678f15015ffe824e569d7d5a/element - {"using":"xpath","value":"//button[@data-kt=\"masterHOAddButton\"]"}
RESULT: {"using":"xpath","value":"//button[@data-kt=\"masterHOAddButton\"]"}
COMMAND: POST /session/06820c29678f15015ffe824e569d7d5a/elements - {"using":"xpath","value":"//button[@data-kt=\"masterHOAddButton\"]"}
RESULT: {"using":"xpath","value":"//button[@data-kt=\"masterHOAddButton\"]"}
COMMAND: POST /session/06820c29678f15015ffe824e569d7d5a/execute/sync - {"script":"<script> [8489 bytes]","args":[{"element-6066-11e4-a52e-4f735466cecf":"f.696EFCE712E801319DC54DDC19215679.d.43CD5A1B8132478C9DBAA68593093928.e.20490","ELEMENT":"f.696EFCE712E801319DC54DDC19215679.d.43CD5A1B8132478C9DBAA68593093928.e.20490"}]}
RESULT: {"script":"<script> [8489 bytes]","args":[{"element-6066-11e4-a52e-4f735466cecf":"f.696EFCE712E801319DC54DDC19215679.d.43CD5A1B8132478C9DBAA68593093928.e.20490","ELEMENT":"f.696EFCE712E801319DC54DDC19215679.d.43CD5A1B8132478C9DBAA68593093928.e.20490"}]}
COMMAND: GET /session/06820c29678f15015ffe824e569d7d5a/element/f.696EFCE712E801319DC54DDC19215679.d.43CD5A1B8132478C9DBAA68593093928.e.20490/enabled - {}
COMMAND: GET /session/06820c29678f15015ffe824e569d7d5a/screenshot - {}
RESULT: {}
COMMAND: POST /session/06820c29678f15015ffe824e569d7d5a/execute/sync - {"script":"<script> [8489 bytes]","args":[{"element-6066-11e4-a52e-4f735466cecf":"f.696EFCE712E801319DC54DDC19215679.d.43CD5A1B8132478C9DBAA68593093928.e.20490","ELEMENT":"f.696EFCE712E801319DC54DDC19215679.d.43CD5A1B8132478C9DBAA68593093928.e.20490"}]}
COMMAND: GET /session/06820c29678f15015ffe824e569d7d5a/screenshot - {}
RESULT: {}
RESULT: {"script":"<script> [8489 bytes]","args":[{"element-6066-11e4-a52e-4f735466cecf":"f.696EFCE712E801319DC54DDC19215679.d.43CD5A1B8132478C9DBAA68593093928.e.20490","ELEMENT":"f.696EFCE712E801319DC54DDC19215679.d.43CD5A1B8132478C9DBAA68593093928.e.20490"}]}
COMMAND: POST /session/06820c29678f15015ffe824e569d7d5a/execute/sync - {"script":"<script> [5351 bytes]","args":[{"element-6066-11e4-a52e-4f735466cecf":"f.696EFCE712E801319DC54DDC19215679.d.43CD5A1B8132478C9DBAA68593093928.e.20490","ELEMENT":"f.696EFCE712E801319DC54DDC19215679.d.43CD5A1B8132478C9DBAA68593093928.e.20490"}]}
COMMAND: GET /session/06820c29678f15015ffe824e569d7d5a/screenshot - {}
RESULT: {}
RESULT: {"script":"<script> [5351 bytes]","args":[{"element-6066-11e4-a52e-4f735466cecf":"f.696EFCE712E801319DC54DDC19215679.d.43CD5A1B8132478C9DBAA68593093928.e.20490","ELEMENT":"f.696EFCE712E801319DC54DDC19215679.d.43CD5A1B8132478C9DBAA68593093928.e.20490"}]}
COMMAND: POST /session/06820c29678f15015ffe824e569d7d5a/element/f.696EFCE712E801319DC54DDC19215679.d.43CD5A1B8132478C9DBAA68593093928.e.20490/click - {}
COMMAND: GET /session/06820c29678f15015ffe824e569d7d5a/screenshot - {}
RESULT: {}
RESULT: {}
COMMAND: GET /session/06820c29678f15015ffe824e569d7d5a/screenshot - {}
RESULT: {}
RESULT: {}
COMMAND: POST /session/06820c29678f15015ffe824e569d7d5a/element - {"using":"xpath","value":"//span[contains(@id ,\"AddNewHO--typeSelect-arrow\")]"}
RESULT: {"using":"xpath","value":"//span[contains(@id ,\"AddNewHO--typeSelect-arrow\")]"}
COMMAND: POST /session/06820c29678f15015ffe824e569d7d5a/element/f.696EFCE712E801319DC54DDC19215679.d.43CD5A1B8132478C9DBAA68593093928.e.20846/click - {}
RESULT: {}
COMMAND: GET /session/06820c29678f15015ffe824e569d7d5a/screenshot - {}
RESULT: {}
COMMAND: POST /session/06820c29678f15015ffe824e569d7d5a/element - {"using":"xpath","value":"(//li[contains(text(), \"stock increase yard\")])[1]"}
RESULT: {"using":"xpath","value":"(//li[contains(text(), \"stock increase yard\")])[1]"}
COMMAND: POST /session/06820c29678f15015ffe824e569d7d5a/element/f.696EFCE712E801319DC54DDC19215679.d.43CD5A1B8132478C9DBAA68593093928.e.20847/click - {}
RESULT: {}
COMMAND: GET /session/06820c29678f15015ffe824e569d7d5a/screenshot - {}
RESULT: {}
COMMAND: POST /session/06820c29678f15015ffe824e569d7d5a/execute/async - {"script":"<script> [1562 bytes]","args":[{"selector":{"id":"application-managehandovers-display-component---AddNewHO--dueDate","interaction":{"idSuffix":"inner"}},"wdio_ui5_key":"applicationmanagehandovers-display-component---AddNewHO--dueDate"}]}
RESULT: {"script":"<script> [1562 bytes]","args":[{"selector":{"id":"application-managehandovers-display-component---AddNewHO--dueDate","interaction":{"idSuffix":"inner"}},"wdio_ui5_key":"applicationmanagehandovers-display-component---AddNewHO--dueDate"}]}
RESULT: undefined
COMMAND: POST /session/06820c29678f15015ffe824e569d7d5a/execute/async - {"script":"<script> [6424 bytes]","args":[{"element-6066-11e4-a52e-4f735466cecf":"f.696EFCE712E801319DC54DDC19215679.d.43CD5A1B8132478C9DBAA68593093928.e.20849"},"setValue",["5/19/25"]]}
RESULT: {"script":"<script> [6424 bytes]","args":[{"element-6066-11e4-a52e-4f735466cecf":"f.696EFCE712E801319DC54DDC19215679.d.43CD5A1B8132478C9DBAA68593093928.e.20849"},"setValue",["5/19/25"]]}
COMMAND: POST /session/06820c29678f15015ffe824e569d7d5a/element - {"using":"xpath","value":"//input[@id=\"generalSectionFrg--receiveYard-inner\"]"}
RESULT: {"using":"xpath","value":"//input[@id=\"generalSectionFrg--receiveYard-inner\"]"}
COMMAND: POST /session/06820c29678f15015ffe824e569d7d5a/element/f.696EFCE712E801319DC54DDC19215679.d.43CD5A1B8132478C9DBAA68593093928.e.20853/clear - {}
RESULT: {}
COMMAND: POST /session/06820c29678f15015ffe824e569d7d5a/element/f.696EFCE712E801319DC54DDC19215679.d.43CD5A1B8132478C9DBAA68593093928.e.20853/value - {"text":"556"}
COMMAND: GET /session/06820c29678f15015ffe824e569d7d5a/screenshot - {}
RESULT: {"text":"556"}
COMMAND: GET /session/06820c29678f15015ffe824e569d7d5a/screenshot - {}
RESULT: {}
RESULT: {}
COMMAND: POST /session/06820c29678f15015ffe824e569d7d5a/element - {"using":"xpath","value":"//li[.//span[text()='556']]"}
RESULT: {"using":"xpath","value":"//li[.//span[text()='556']]"}
COMMAND: POST /session/06820c29678f15015ffe824e569d7d5a/element/f.696EFCE712E801319DC54DDC19215679.d.43CD5A1B8132478C9DBAA68593093928.e.20871/click - {}
RESULT: {}
COMMAND: GET /session/06820c29678f15015ffe824e569d7d5a/screenshot - {}
RESULT: {}
COMMAND: POST /session/06820c29678f15015ffe824e569d7d5a/execute/async - {"script":"<script> [1562 bytes]","args":[{"selector":{"id":"application-managehandovers-display-component---AddNewHO--ObjectPageLayout-anchBar-application-managehandovers-display-component---AddNewHO--section4-anchor","interaction":{"idSuffix":"BDI-content"}},"wdio_ui5_key":"applicationmanagehandovers-display-component---AddNewHO--ObjectPageLayout-anchBar-application-managehandovers-display-component---AddNewHO--section4-anchor"}]}
RESULT: {"script":"<script> [1562 bytes]","args":[{"selector":{"id":"application-managehandovers-display-component---AddNewHO--ObjectPageLayout-anchBar-application-managehandovers-display-component---AddNewHO--section4-anchor","interaction":{"idSuffix":"BDI-content"}},"wdio_ui5_key":"applicationmanagehandovers-display-component---AddNewHO--ObjectPageLayout-anchBar-application-managehandovers-display-component---AddNewHO--section4-anchor"}]}
RESULT: undefined
COMMAND: POST /session/06820c29678f15015ffe824e569d7d5a/element - {"using":"xpath","value":"//*[@id=\"application-managehandovers-display-component---AddNewHO--ObjectPageLayout-anchBar-application-managehandovers-display-component---AddNewHO--section4-anchor\"]"}
RESULT: {"using":"xpath","value":"//*[@id=\"application-managehandovers-display-component---AddNewHO--ObjectPageLayout-anchBar-application-managehandovers-display-component---AddNewHO--section4-anchor\"]"}
COMMAND: POST /session/06820c29678f15015ffe824e569d7d5a/element/f.696EFCE712E801319DC54DDC19215679.d.43CD5A1B8132478C9DBAA68593093928.e.20873/click - {}
RESULT: {}
COMMAND: POST /session/06820c29678f15015ffe824e569d7d5a/element - {"using":"xpath","value":"//button[@aria-label=\"Add\"]"}
COMMAND: GET /session/06820c29678f15015ffe824e569d7d5a/screenshot - {}
RESULT: {"using":"xpath","value":"//button[@aria-label=\"Add\"]"}
COMMAND: POST /session/06820c29678f15015ffe824e569d7d5a/element/f.696EFCE712E801319DC54DDC19215679.d.43CD5A1B8132478C9DBAA68593093928.e.20875/click - {}
RESULT: {}
RESULT: {}
COMMAND: GET /session/06820c29678f15015ffe824e569d7d5a/screenshot - {}
RESULT: {}
COMMAND: POST /session/06820c29678f15015ffe824e569d7d5a/execute/async - {"script":"<script> [1562 bytes]","args":[{"selector":{"id":"application-managehandovers-display-component---AddNewHO--smartFilterBar-btnBasicSearch","searchOpenDialogs":true,"interaction":{"idSuffix":"I"}},"wdio_ui5_key":"applicationmanagehandovers-display-component---AddNewHO--smartFilterBar-btnBasicSearch"}]}
RESULT: {"script":"<script> [1562 bytes]","args":[{"selector":{"id":"application-managehandovers-display-component---AddNewHO--smartFilterBar-btnBasicSearch","searchOpenDialogs":true,"interaction":{"idSuffix":"I"}},"wdio_ui5_key":"applicationmanagehandovers-display-component---AddNewHO--smartFilterBar-btnBasicSearch"}]}
RESULT: undefined
COMMAND: POST /session/06820c29678f15015ffe824e569d7d5a/execute/async - {"script":"<script> [776 bytes]","args":[{"enterText":"200309","selector":{"id":"application-managehandovers-display-component---AddNewHO--smartFilterBar-btnBasicSearch","searchOpenDialogs":true,"interaction":{"idSuffix":"I"}},"clearTextFirst":true,"interactionType":"ENTER_TEXT"}]}
RESULT: {"script":"<script> [776 bytes]","args":[{"enterText":"200309","selector":{"id":"application-managehandovers-display-component---AddNewHO--smartFilterBar-btnBasicSearch","searchOpenDialogs":true,"interaction":{"idSuffix":"I"}},"clearTextFirst":true,"interactionType":"ENTER_TEXT"}]}
COMMAND: POST /session/06820c29678f15015ffe824e569d7d5a/actions - {"actions":[{"id":"action65","type":"key","parameters":{},"actions":[{"type":"keyDown","value":"î€‡"},{"type":"pause","duration":10},{"type":"keyUp","value":"î€‡"}]}]}
RESULT: {"actions":[{"id":"action65","type":"key","parameters":{},"actions":[{"type":"keyDown","value":"î€‡"},{"type":"pause","duration":10},{"type":"keyUp","value":"î€‡"}]}]}
COMMAND: GET /session/06820c29678f15015ffe824e569d7d5a/screenshot - {}
RESULT: {}
COMMAND: POST /session/06820c29678f15015ffe824e569d7d5a/execute/async - {"script":"<script> [1562 bytes]","args":[{"selector":{"id":"application-managehandovers-display-component---AddNewHO--popup-sa","searchOpenDialogs":true,"interaction":{"idSuffix":"CbBg"}},"wdio_ui5_key":"applicationmanagehandovers-display-component---AddNewHO--popup-sa"}]}
RESULT: {"script":"<script> [1562 bytes]","args":[{"selector":{"id":"application-managehandovers-display-component---AddNewHO--popup-sa","searchOpenDialogs":true,"interaction":{"idSuffix":"CbBg"}},"wdio_ui5_key":"applicationmanagehandovers-display-component---AddNewHO--popup-sa"}]}
RESULT: undefined
COMMAND: POST /session/06820c29678f15015ffe824e569d7d5a/element - {"using":"xpath","value":"//*[@id=\"application-managehandovers-display-component---AddNewHO--popup-sa\"]"}
RESULT: {"using":"xpath","value":"//*[@id=\"application-managehandovers-display-component---AddNewHO--popup-sa\"]"}
COMMAND: POST /session/06820c29678f15015ffe824e569d7d5a/element/f.696EFCE712E801319DC54DDC19215679.d.43CD5A1B8132478C9DBAA68593093928.e.21030/click - {}
RESULT: {}
COMMAND: GET /session/06820c29678f15015ffe824e569d7d5a/screenshot - {}
RESULT: {}
COMMAND: POST /session/06820c29678f15015ffe824e569d7d5a/element - {"using":"xpath","value":"//bdi[contains(text(), \"Select\")]"}
RESULT: {"using":"xpath","value":"//bdi[contains(text(), \"Select\")]"}
COMMAND: POST /session/06820c29678f15015ffe824e569d7d5a/element/f.696EFCE712E801319DC54DDC19215679.d.43CD5A1B8132478C9DBAA68593093928.e.21031/click - {}
RESULT: {}
COMMAND: GET /session/06820c29678f15015ffe824e569d7d5a/screenshot - {}
RESULT: {}
COMMAND: POST /session/06820c29678f15015ffe824e569d7d5a/element - {"using":"xpath","value":"//button[@data-kt=\"AddNewHOSaveButton\"]"}
RESULT: {"using":"xpath","value":"//button[@data-kt=\"AddNewHOSaveButton\"]"}
COMMAND: POST /session/06820c29678f15015ffe824e569d7d5a/element/f.696EFCE712E801319DC54DDC19215679.d.43CD5A1B8132478C9DBAA68593093928.e.21035/click - {}
RESULT: {}
COMMAND: GET /session/06820c29678f15015ffe824e569d7d5a/screenshot - {}
RESULT: {}
COMMAND: POST /session/06820c29678f15015ffe824e569d7d5a/execute/async - {"script":"<script> [1562 bytes]","args":[{"selector":{"id":"receiptDatePicker","viewName":"etm.portal.ui.managehandovers.view.DetailExecuteHO","interaction":{"idSuffix":"inner"}},"wdio_ui5_key":"receiptDatePickeretmportal.ui.managehandovers.view.DetailExecuteHO"}]}
RESULT: {"script":"<script> [1562 bytes]","args":[{"selector":{"id":"receiptDatePicker","viewName":"etm.portal.ui.managehandovers.view.DetailExecuteHO","interaction":{"idSuffix":"inner"}},"wdio_ui5_key":"receiptDatePickeretmportal.ui.managehandovers.view.DetailExecuteHO"}]}
RESULT: undefined
COMMAND: POST /session/06820c29678f15015ffe824e569d7d5a/execute/async - {"script":"<script> [6424 bytes]","args":[{"element-6066-11e4-a52e-4f735466cecf":"f.696EFCE712E801319DC54DDC19215679.d.43CD5A1B8132478C9DBAA68593093928.e.21056"},"setValue",["5/19/25"]]}
RESULT: {"script":"<script> [6424 bytes]","args":[{"element-6066-11e4-a52e-4f735466cecf":"f.696EFCE712E801319DC54DDC19215679.d.43CD5A1B8132478C9DBAA68593093928.e.21056"},"setValue",["5/19/25"]]}
COMMAND: POST /session/06820c29678f15015ffe824e569d7d5a/element - {"using":"xpath","value":"//button[@data-kt=\"PickingTableConfirmAllButton\"]"}
RESULT: {"using":"xpath","value":"//button[@data-kt=\"PickingTableConfirmAllButton\"]"}
COMMAND: POST /session/06820c29678f15015ffe824e569d7d5a/element/f.696EFCE712E801319DC54DDC19215679.d.43CD5A1B8132478C9DBAA68593093928.e.21073/click - {}
RESULT: {}
COMMAND: GET /session/06820c29678f15015ffe824e569d7d5a/screenshot - {}
RESULT: {}
COMMAND: POST /session/06820c29678f15015ffe824e569d7d5a/element - {"using":"xpath","value":"//bdi[contains(text(), \"OK\")]"}
RESULT: {"using":"xpath","value":"//bdi[contains(text(), \"OK\")]"}
COMMAND: POST /session/06820c29678f15015ffe824e569d7d5a/element/f.696EFCE712E801319DC54DDC19215679.d.43CD5A1B8132478C9DBAA68593093928.e.21075/click - {}
RESULT: {}
COMMAND: GET /session/06820c29678f15015ffe824e569d7d5a/screenshot - {}
RESULT: {}
COMMAND: POST /session/06820c29678f15015ffe824e569d7d5a/element - {"using":"xpath","value":"(//bdi[contains(text(), \"Receive\")])[2]"}
RESULT: {"using":"xpath","value":"(//bdi[contains(text(), \"Receive\")])[2]"}
COMMAND: POST /session/06820c29678f15015ffe824e569d7d5a/element/f.696EFCE712E801319DC54DDC19215679.d.43CD5A1B8132478C9DBAA68593093928.e.21077/click - {}
RESULT: {}
COMMAND: GET /session/06820c29678f15015ffe824e569d7d5a/screenshot - {}
RESULT: {}
COMMAND: POST /session/06820c29678f15015ffe824e569d7d5a/element - {"using":"css selector","value":"#shell-header-logo"}
RESULT: {"using":"css selector","value":"#shell-header-logo"}
COMMAND: POST /session/06820c29678f15015ffe824e569d7d5a/element/f.696EFCE712E801319DC54DDC19215679.d.43CD5A1B8132478C9DBAA68593093928.e.20457/click - {}
RESULT: {}
COMMAND: GET /session/06820c29678f15015ffe824e569d7d5a/screenshot - {}
RESULT: {}
]]></system-out>
    </testcase>
    <testcase classname="chrome.136_0_7103_93.windows.Return_from_Site_w/_warehouse_management_w_clarification" name="Should create a new contract" time="59.119">
      <system-out><![CDATA[
COMMAND: POST /session/06820c29678f15015ffe824e569d7d5a/execute/async - {"script":"<script> [1562 bytes]","args":[{"selector":{"controlType":"sap.m.GenericTile","properties":{"header":"Manage Contracts"}},"wdio_ui5_key":"sapm.GenericTile{\"header\":\"Manage Contracts\"}"}]}
RESULT: {"script":"<script> [1562 bytes]","args":[{"selector":{"controlType":"sap.m.GenericTile","properties":{"header":"Manage Contracts"}},"wdio_ui5_key":"sapm.GenericTile{\"header\":\"Manage Contracts\"}"}]}
RESULT: undefined
COMMAND: POST /session/06820c29678f15015ffe824e569d7d5a/element - {"using":"xpath","value":"//*[@id=\"__tile131\"]"}
RESULT: {"using":"xpath","value":"//*[@id=\"__tile131\"]"}
COMMAND: POST /session/06820c29678f15015ffe824e569d7d5a/element/f.696EFCE712E801319DC54DDC19215679.d.43CD5A1B8132478C9DBAA68593093928.e.19818/click - {}
RESULT: {}
COMMAND: GET /session/06820c29678f15015ffe824e569d7d5a/screenshot - {}
RESULT: {}
COMMAND: POST /session/06820c29678f15015ffe824e569d7d5a/elements - {"using":"xpath","value":"//span[text()='Error']"}
RESULT: {"using":"xpath","value":"//span[text()='Error']"}
COMMAND: POST /session/06820c29678f15015ffe824e569d7d5a/element - {"using":"xpath","value":"//button[@data-kt=\"addButton\"]"}
RESULT: {"using":"xpath","value":"//button[@data-kt=\"addButton\"]"}
COMMAND: POST /session/06820c29678f15015ffe824e569d7d5a/elements - {"using":"xpath","value":"//button[@data-kt=\"addButton\"]"}
RESULT: {"using":"xpath","value":"//button[@data-kt=\"addButton\"]"}
COMMAND: POST /session/06820c29678f15015ffe824e569d7d5a/execute/sync - {"script":"<script> [8489 bytes]","args":[{"element-6066-11e4-a52e-4f735466cecf":"f.696EFCE712E801319DC54DDC19215679.d.43CD5A1B8132478C9DBAA68593093928.e.21299","ELEMENT":"f.696EFCE712E801319DC54DDC19215679.d.43CD5A1B8132478C9DBAA68593093928.e.21299"}]}
RESULT: {"script":"<script> [8489 bytes]","args":[{"element-6066-11e4-a52e-4f735466cecf":"f.696EFCE712E801319DC54DDC19215679.d.43CD5A1B8132478C9DBAA68593093928.e.21299","ELEMENT":"f.696EFCE712E801319DC54DDC19215679.d.43CD5A1B8132478C9DBAA68593093928.e.21299"}]}
COMMAND: GET /session/06820c29678f15015ffe824e569d7d5a/element/f.696EFCE712E801319DC54DDC19215679.d.43CD5A1B8132478C9DBAA68593093928.e.21299/enabled - {}
COMMAND: GET /session/06820c29678f15015ffe824e569d7d5a/screenshot - {}
RESULT: {}
COMMAND: POST /session/06820c29678f15015ffe824e569d7d5a/execute/sync - {"script":"<script> [8489 bytes]","args":[{"element-6066-11e4-a52e-4f735466cecf":"f.696EFCE712E801319DC54DDC19215679.d.43CD5A1B8132478C9DBAA68593093928.e.21299","ELEMENT":"f.696EFCE712E801319DC54DDC19215679.d.43CD5A1B8132478C9DBAA68593093928.e.21299"}]}
COMMAND: GET /session/06820c29678f15015ffe824e569d7d5a/screenshot - {}
RESULT: {}
RESULT: {"script":"<script> [8489 bytes]","args":[{"element-6066-11e4-a52e-4f735466cecf":"f.696EFCE712E801319DC54DDC19215679.d.43CD5A1B8132478C9DBAA68593093928.e.21299","ELEMENT":"f.696EFCE712E801319DC54DDC19215679.d.43CD5A1B8132478C9DBAA68593093928.e.21299"}]}
COMMAND: POST /session/06820c29678f15015ffe824e569d7d5a/execute/sync - {"script":"<script> [5351 bytes]","args":[{"element-6066-11e4-a52e-4f735466cecf":"f.696EFCE712E801319DC54DDC19215679.d.43CD5A1B8132478C9DBAA68593093928.e.21299","ELEMENT":"f.696EFCE712E801319DC54DDC19215679.d.43CD5A1B8132478C9DBAA68593093928.e.21299"}]}
COMMAND: GET /session/06820c29678f15015ffe824e569d7d5a/screenshot - {}
RESULT: {}
RESULT: {"script":"<script> [5351 bytes]","args":[{"element-6066-11e4-a52e-4f735466cecf":"f.696EFCE712E801319DC54DDC19215679.d.43CD5A1B8132478C9DBAA68593093928.e.21299","ELEMENT":"f.696EFCE712E801319DC54DDC19215679.d.43CD5A1B8132478C9DBAA68593093928.e.21299"}]}
COMMAND: GET /session/06820c29678f15015ffe824e569d7d5a/screenshot - {}
RESULT: {}
RESULT: {}
COMMAND: POST /session/06820c29678f15015ffe824e569d7d5a/element/f.696EFCE712E801319DC54DDC19215679.d.43CD5A1B8132478C9DBAA68593093928.e.21299/click - {}
RESULT: {}
COMMAND: GET /session/06820c29678f15015ffe824e569d7d5a/screenshot - {}
RESULT: {}
COMMAND: POST /session/06820c29678f15015ffe824e569d7d5a/execute/async - {"script":"<script> [1562 bytes]","args":[{"selector":{"id":"application-managecontracts-display-component---AddNewContract--projectDescription","interaction":{"idSuffix":"inner"}},"wdio_ui5_key":"applicationmanagecontracts-display-component---AddNewContract--projectDescription"}]}
RESULT: {"script":"<script> [1562 bytes]","args":[{"selector":{"id":"application-managecontracts-display-component---AddNewContract--projectDescription","interaction":{"idSuffix":"inner"}},"wdio_ui5_key":"applicationmanagecontracts-display-component---AddNewContract--projectDescription"}]}
RESULT: undefined
COMMAND: POST /session/06820c29678f15015ffe824e569d7d5a/execute/async - {"script":"<script> [776 bytes]","args":[{"enterText":"Contract WDIO","selector":{"id":"application-managecontracts-display-component---AddNewContract--projectDescription","interaction":{"idSuffix":"inner"}},"clearTextFirst":true,"interactionType":"ENTER_TEXT"}]}
RESULT: {"script":"<script> [776 bytes]","args":[{"enterText":"Contract WDIO","selector":{"id":"application-managecontracts-display-component---AddNewContract--projectDescription","interaction":{"idSuffix":"inner"}},"clearTextFirst":true,"interactionType":"ENTER_TEXT"}]}
COMMAND: POST /session/06820c29678f15015ffe824e569d7d5a/element - {"using":"xpath","value":"//input[@id=\"application-managecontracts-display-component---AddNewContract--site-inner\"]"}
RESULT: {"using":"xpath","value":"//input[@id=\"application-managecontracts-display-component---AddNewContract--site-inner\"]"}
COMMAND: POST /session/06820c29678f15015ffe824e569d7d5a/element/f.696EFCE712E801319DC54DDC19215679.d.43CD5A1B8132478C9DBAA68593093928.e.21654/clear - {}
RESULT: {}
COMMAND: POST /session/06820c29678f15015ffe824e569d7d5a/element/f.696EFCE712E801319DC54DDC19215679.d.43CD5A1B8132478C9DBAA68593093928.e.21654/value - {"text":"2278"}
COMMAND: GET /session/06820c29678f15015ffe824e569d7d5a/screenshot - {}
RESULT: {"text":"2278"}
COMMAND: GET /session/06820c29678f15015ffe824e569d7d5a/screenshot - {}
RESULT: {}
RESULT: {}
COMMAND: POST /session/06820c29678f15015ffe824e569d7d5a/element - {"using":"xpath","value":"//li[.//span[text()='2278']]"}
RESULT: {"using":"xpath","value":"//li[.//span[text()='2278']]"}
COMMAND: POST /session/06820c29678f15015ffe824e569d7d5a/element/f.696EFCE712E801319DC54DDC19215679.d.43CD5A1B8132478C9DBAA68593093928.e.21684/click - {}
RESULT: {}
COMMAND: GET /session/06820c29678f15015ffe824e569d7d5a/screenshot - {}
RESULT: {}
COMMAND: POST /session/06820c29678f15015ffe824e569d7d5a/element - {"using":"xpath","value":"//input[@id=\"application-managecontracts-display-component---AddNewContract--yardId-inner\"]"}
RESULT: {"using":"xpath","value":"//input[@id=\"application-managecontracts-display-component---AddNewContract--yardId-inner\"]"}
COMMAND: GET /session/06820c29678f15015ffe824e569d7d5a/element/f.696EFCE712E801319DC54DDC19215679.d.43CD5A1B8132478C9DBAA68593093928.e.21655/property/value - {}
RESULT: {}
COMMAND: POST /session/06820c29678f15015ffe824e569d7d5a/element - {"using":"xpath","value":"//input[@id=\"application-managecontracts-display-component---AddNewContract--customerSelect-inner\"]"}
COMMAND: GET /session/06820c29678f15015ffe824e569d7d5a/screenshot - {}
RESULT: {"using":"xpath","value":"//input[@id=\"application-managecontracts-display-component---AddNewContract--customerSelect-inner\"]"}
COMMAND: POST /session/06820c29678f15015ffe824e569d7d5a/element/f.696EFCE712E801319DC54DDC19215679.d.43CD5A1B8132478C9DBAA68593093928.e.21653/clear - {}
RESULT: {}
RESULT: {}
COMMAND: POST /session/06820c29678f15015ffe824e569d7d5a/element/f.696EFCE712E801319DC54DDC19215679.d.43CD5A1B8132478C9DBAA68593093928.e.21653/value - {"text":"1330"}
COMMAND: GET /session/06820c29678f15015ffe824e569d7d5a/screenshot - {}
RESULT: {"text":"1330"}
COMMAND: GET /session/06820c29678f15015ffe824e569d7d5a/screenshot - {}
RESULT: {}
RESULT: {}
COMMAND: POST /session/06820c29678f15015ffe824e569d7d5a/element - {"using":"xpath","value":"//li[.//span[text()='1330']]"}
RESULT: {"using":"xpath","value":"//li[.//span[text()='1330']]"}
COMMAND: POST /session/06820c29678f15015ffe824e569d7d5a/element/f.696EFCE712E801319DC54DDC19215679.d.43CD5A1B8132478C9DBAA68593093928.e.21687/click - {}
RESULT: {}
COMMAND: GET /session/06820c29678f15015ffe824e569d7d5a/screenshot - {}
RESULT: {}
COMMAND: POST /session/06820c29678f15015ffe824e569d7d5a/element - {"using":"xpath","value":"//button[@data-kt=\"saveButton\"]"}
RESULT: {"using":"xpath","value":"//button[@data-kt=\"saveButton\"]"}
COMMAND: POST /session/06820c29678f15015ffe824e569d7d5a/element/f.696EFCE712E801319DC54DDC19215679.d.43CD5A1B8132478C9DBAA68593093928.e.21688/click - {}
RESULT: {}
COMMAND: GET /session/06820c29678f15015ffe824e569d7d5a/screenshot - {}
RESULT: {}
COMMAND: POST /session/06820c29678f15015ffe824e569d7d5a/element - {"using":"xpath","value":"//span[contains(@id ,\"contractDetailTitleNoExpanded\")]"}
RESULT: {"using":"xpath","value":"//span[contains(@id ,\"contractDetailTitleNoExpanded\")]"}
COMMAND: POST /session/06820c29678f15015ffe824e569d7d5a/elements - {"using":"xpath","value":"//span[contains(@id ,\"contractDetailTitleNoExpanded\")]"}
RESULT: {"using":"xpath","value":"//span[contains(@id ,\"contractDetailTitleNoExpanded\")]"}
COMMAND: POST /session/06820c29678f15015ffe824e569d7d5a/execute/sync - {"script":"<script> [56 bytes]","args":[{"element-6066-11e4-a52e-4f735466cecf":"f.696EFCE712E801319DC54DDC19215679.d.43CD5A1B8132478C9DBAA68593093928.e.21761","ELEMENT":"f.696EFCE712E801319DC54DDC19215679.d.43CD5A1B8132478C9DBAA68593093928.e.21761"}]}
RESULT: {"script":"<script> [56 bytes]","args":[{"element-6066-11e4-a52e-4f735466cecf":"f.696EFCE712E801319DC54DDC19215679.d.43CD5A1B8132478C9DBAA68593093928.e.21761","ELEMENT":"f.696EFCE712E801319DC54DDC19215679.d.43CD5A1B8132478C9DBAA68593093928.e.21761"}]}
COMMAND: GET /session/06820c29678f15015ffe824e569d7d5a/screenshot - {}
RESULT: {}
]]></system-out>
    </testcase>
    <testcase classname="chrome.136_0_7103_93.windows.Return_from_Site_w/_warehouse_management_w_clarification" name="Should add equipment to the contract" time="56.45">
      <system-out><![CDATA[
COMMAND: POST /session/06820c29678f15015ffe824e569d7d5a/element - {"using":"xpath","value":"//button[@data-kt=\"contractDetailEditBtnButton\"]"}
RESULT: {"using":"xpath","value":"//button[@data-kt=\"contractDetailEditBtnButton\"]"}
COMMAND: POST /session/06820c29678f15015ffe824e569d7d5a/element/f.696EFCE712E801319DC54DDC19215679.d.43CD5A1B8132478C9DBAA68593093928.e.21762/click - {}
RESULT: {}
COMMAND: GET /session/06820c29678f15015ffe824e569d7d5a/screenshot - {}
RESULT: {}
COMMAND: POST /session/06820c29678f15015ffe824e569d7d5a/element - {"using":"xpath","value":"(//span[contains(text(), \"Additional Addresses\")])[2]"}
RESULT: {"using":"xpath","value":"(//span[contains(text(), \"Additional Addresses\")])[2]"}
COMMAND: POST /session/06820c29678f15015ffe824e569d7d5a/element/f.696EFCE712E801319DC54DDC19215679.d.43CD5A1B8132478C9DBAA68593093928.e.21816/click - {}
RESULT: {}
COMMAND: GET /session/06820c29678f15015ffe824e569d7d5a/screenshot - {}
RESULT: {}
COMMAND: POST /session/06820c29678f15015ffe824e569d7d5a/element - {"using":"xpath","value":"//button[@data-kt=\"btnAddTableRowOverflowToolbarButton\"]"}
RESULT: {"using":"xpath","value":"//button[@data-kt=\"btnAddTableRowOverflowToolbarButton\"]"}
COMMAND: POST /session/06820c29678f15015ffe824e569d7d5a/element/f.696EFCE712E801319DC54DDC19215679.d.43CD5A1B8132478C9DBAA68593093928.e.21820/click - {}
RESULT: {}
COMMAND: GET /session/06820c29678f15015ffe824e569d7d5a/screenshot - {}
RESULT: {}
COMMAND: POST /session/06820c29678f15015ffe824e569d7d5a/element - {"using":"xpath","value":"//div[(text() = 'Standard Entry' or . = 'Standard Entry')]"}
RESULT: {"using":"xpath","value":"//div[(text() = 'Standard Entry' or . = 'Standard Entry')]"}
COMMAND: POST /session/06820c29678f15015ffe824e569d7d5a/element/f.696EFCE712E801319DC54DDC19215679.d.43CD5A1B8132478C9DBAA68593093928.e.21822/click - {}
RESULT: {}
COMMAND: GET /session/06820c29678f15015ffe824e569d7d5a/screenshot - {}
RESULT: {}
COMMAND: POST /session/06820c29678f15015ffe824e569d7d5a/element - {"using":"xpath","value":"//td[6]/div/div/div/span"}
RESULT: {"using":"xpath","value":"//td[6]/div/div/div/span"}
COMMAND: POST /session/06820c29678f15015ffe824e569d7d5a/element/f.696EFCE712E801319DC54DDC19215679.d.43CD5A1B8132478C9DBAA68593093928.e.21834/click - {}
RESULT: {}
COMMAND: GET /session/06820c29678f15015ffe824e569d7d5a/screenshot - {}
RESULT: {}
COMMAND: POST /session/06820c29678f15015ffe824e569d7d5a/element - {"using":"xpath","value":"(//span[contains(text(), \"Material\")])"}
RESULT: {"using":"xpath","value":"(//span[contains(text(), \"Material\")])"}
COMMAND: POST /session/06820c29678f15015ffe824e569d7d5a/element/f.696EFCE712E801319DC54DDC19215679.d.43CD5A1B8132478C9DBAA68593093928.e.21835/click - {}
RESULT: {}
COMMAND: GET /session/06820c29678f15015ffe824e569d7d5a/screenshot - {}
RESULT: {}
COMMAND: POST /session/06820c29678f15015ffe824e569d7d5a/element - {"using":"xpath","value":"//td[7]/div/div/input"}
RESULT: {"using":"xpath","value":"//td[7]/div/div/input"}
COMMAND: POST /session/06820c29678f15015ffe824e569d7d5a/element/f.696EFCE712E801319DC54DDC19215679.d.43CD5A1B8132478C9DBAA68593093928.e.21839/clear - {}
RESULT: {}
COMMAND: POST /session/06820c29678f15015ffe824e569d7d5a/element/f.696EFCE712E801319DC54DDC19215679.d.43CD5A1B8132478C9DBAA68593093928.e.21839/value - {"text":"200309"}
COMMAND: GET /session/06820c29678f15015ffe824e569d7d5a/screenshot - {}
RESULT: {"text":"200309"}
COMMAND: GET /session/06820c29678f15015ffe824e569d7d5a/screenshot - {}
RESULT: {}
RESULT: {}
COMMAND: POST /session/06820c29678f15015ffe824e569d7d5a/actions - {"actions":[{"id":"action66","type":"key","parameters":{},"actions":[{"type":"keyDown","value":"î€‡"},{"type":"pause","duration":10},{"type":"keyUp","value":"î€‡"}]}]}
RESULT: {"actions":[{"id":"action66","type":"key","parameters":{},"actions":[{"type":"keyDown","value":"î€‡"},{"type":"pause","duration":10},{"type":"keyUp","value":"î€‡"}]}]}
COMMAND: GET /session/06820c29678f15015ffe824e569d7d5a/screenshot - {}
RESULT: {}
COMMAND: POST /session/06820c29678f15015ffe824e569d7d5a/execute/sync - {"script":"<script> [276 bytes]","args":["No pricing information was found"]}
RESULT: {"script":"<script> [276 bytes]","args":["No pricing information was found"]}
COMMAND: POST /session/06820c29678f15015ffe824e569d7d5a/element - {"using":"xpath","value":"//bdi[contains(text(), \"OK\")]"}
COMMAND: GET /session/06820c29678f15015ffe824e569d7d5a/screenshot - {}
RESULT: {"using":"xpath","value":"//bdi[contains(text(), \"OK\")]"}
COMMAND: POST /session/06820c29678f15015ffe824e569d7d5a/element/f.696EFCE712E801319DC54DDC19215679.d.43CD5A1B8132478C9DBAA68593093928.e.21865/click - {}
RESULT: {}
RESULT: {}
COMMAND: GET /session/06820c29678f15015ffe824e569d7d5a/screenshot - {}
RESULT: {}
COMMAND: POST /session/06820c29678f15015ffe824e569d7d5a/element - {"using":"xpath","value":"(//button[@data-kt=\"saveButton\"])[2]"}
RESULT: {"using":"xpath","value":"(//button[@data-kt=\"saveButton\"])[2]"}
COMMAND: POST /session/06820c29678f15015ffe824e569d7d5a/element/f.696EFCE712E801319DC54DDC19215679.d.43CD5A1B8132478C9DBAA68593093928.e.21866/click - {}
RESULT: {}
COMMAND: GET /session/06820c29678f15015ffe824e569d7d5a/screenshot - {}
RESULT: {}
COMMAND: POST /session/06820c29678f15015ffe824e569d7d5a/execute/sync - {"script":"<script> [276 bytes]","args":["Some contract items are having rental validity exceeding header rental validity"]}
RESULT: {"script":"<script> [276 bytes]","args":["Some contract items are having rental validity exceeding header rental validity"]}
COMMAND: GET /session/06820c29678f15015ffe824e569d7d5a/screenshot - {}
RESULT: {}
COMMAND: POST /session/06820c29678f15015ffe824e569d7d5a/element - {"using":"xpath","value":"//span[contains(@id ,\"contractItemsSmartTable-header-inner\")]"}
RESULT: {"using":"xpath","value":"//span[contains(@id ,\"contractItemsSmartTable-header-inner\")]"}
COMMAND: POST /session/06820c29678f15015ffe824e569d7d5a/elements - {"using":"xpath","value":"//span[contains(@id ,\"contractItemsSmartTable-header-inner\")]"}
RESULT: {"using":"xpath","value":"//span[contains(@id ,\"contractItemsSmartTable-header-inner\")]"}
COMMAND: POST /session/06820c29678f15015ffe824e569d7d5a/execute/sync - {"script":"<script> [56 bytes]","args":[{"element-6066-11e4-a52e-4f735466cecf":"f.696EFCE712E801319DC54DDC19215679.d.43CD5A1B8132478C9DBAA68593093928.e.21870","ELEMENT":"f.696EFCE712E801319DC54DDC19215679.d.43CD5A1B8132478C9DBAA68593093928.e.21870"}]}
RESULT: {"script":"<script> [56 bytes]","args":[{"element-6066-11e4-a52e-4f735466cecf":"f.696EFCE712E801319DC54DDC19215679.d.43CD5A1B8132478C9DBAA68593093928.e.21870","ELEMENT":"f.696EFCE712E801319DC54DDC19215679.d.43CD5A1B8132478C9DBAA68593093928.e.21870"}]}
COMMAND: GET /session/06820c29678f15015ffe824e569d7d5a/screenshot - {}
]]></system-out>
    </testcase>
    <testcase classname="chrome.136_0_7103_93.windows.Return_from_Site_w/_warehouse_management_w_clarification" name="Should provide to site" time="39.606">
      <system-out><![CDATA[
COMMAND: POST /session/06820c29678f15015ffe824e569d7d5a/element - {"using":"xpath","value":"//button[@data-kt=\"provideButton\"]"}
RESULT: {}
RESULT: {"using":"xpath","value":"//button[@data-kt=\"provideButton\"]"}
COMMAND: POST /session/06820c29678f15015ffe824e569d7d5a/element/f.696EFCE712E801319DC54DDC19215679.d.43CD5A1B8132478C9DBAA68593093928.e.21871/click - {}
RESULT: {}
COMMAND: GET /session/06820c29678f15015ffe824e569d7d5a/screenshot - {}
RESULT: {}
RESULT: undefined
COMMAND: POST /session/06820c29678f15015ffe824e569d7d5a/execute/async - {"script":"<script> [6424 bytes]","args":[{"element-6066-11e4-a52e-4f735466cecf":"f.696EFCE712E801319DC54DDC19215679.d.43CD5A1B8132478C9DBAA68593093928.e.20849"},"setValue",["05/19/25"]]}
COMMAND: POST /session/06820c29678f15015ffe824e569d7d5a/execute/async - {"script":"<script> [1562 bytes]","args":[{"selector":{"id":"application-managehandovers-display-component---AddNewHO--dueDate","interaction":{"idSuffix":"inner"}},"wdio_ui5_key":"applicationmanagehandovers-display-component---AddNewHO--dueDate"}]}
RESULT: {"script":"<script> [1562 bytes]","args":[{"selector":{"id":"application-managehandovers-display-component---AddNewHO--dueDate","interaction":{"idSuffix":"inner"}},"wdio_ui5_key":"applicationmanagehandovers-display-component---AddNewHO--dueDate"}]}
COMMAND: POST /session/06820c29678f15015ffe824e569d7d5a/execute/async - {"script":"<script> [6424 bytes]","args":[{"element-6066-11e4-a52e-4f735466cecf":"f.696EFCE712E801319DC54DDC19215679.d.43CD5A1B8132478C9DBAA68593093928.e.21947"},"setValue",["05/19/25"]]}
RESULT: {"script":"<script> [6424 bytes]","args":[{"element-6066-11e4-a52e-4f735466cecf":"f.696EFCE712E801319DC54DDC19215679.d.43CD5A1B8132478C9DBAA68593093928.e.21947"},"setValue",["05/19/25"]]}
COMMAND: POST /session/06820c29678f15015ffe824e569d7d5a/element - {"using":"xpath","value":"//bdi[contains(text(), \"Instructions\")]"}
RESULT: {"using":"xpath","value":"//bdi[contains(text(), \"Instructions\")]"}
COMMAND: POST /session/06820c29678f15015ffe824e569d7d5a/element/f.696EFCE712E801319DC54DDC19215679.d.43CD5A1B8132478C9DBAA68593093928.e.22179/click - {}
RESULT: {}
COMMAND: GET /session/06820c29678f15015ffe824e569d7d5a/screenshot - {}
RESULT: {}
COMMAND: POST /session/06820c29678f15015ffe824e569d7d5a/element - {"using":"xpath","value":"//button[@data-kt=\"AddNewHOProvideAddItemsButton\"]"}
RESULT: {"using":"xpath","value":"//button[@data-kt=\"AddNewHOProvideAddItemsButton\"]"}
COMMAND: POST /session/06820c29678f15015ffe824e569d7d5a/element/f.696EFCE712E801319DC54DDC19215679.d.43CD5A1B8132478C9DBAA68593093928.e.22183/click - {}
RESULT: {}
COMMAND: GET /session/06820c29678f15015ffe824e569d7d5a/screenshot - {}
RESULT: {}
RESULT: undefined
COMMAND: POST /session/06820c29678f15015ffe824e569d7d5a/element - {"using":"xpath","value":"//*[@id=\"application-managehandovers-display-component---AddNewHO--popup-sa\"]"}
RESULT: {"using":"xpath","value":"//*[@id=\"application-managehandovers-display-component---AddNewHO--popup-sa\"]"}
COMMAND: POST /session/06820c29678f15015ffe824e569d7d5a/element/f.696EFCE712E801319DC54DDC19215679.d.43CD5A1B8132478C9DBAA68593093928.e.22198/click - {}
RESULT: {}
COMMAND: GET /session/06820c29678f15015ffe824e569d7d5a/screenshot - {}
RESULT: {}
COMMAND: POST /session/06820c29678f15015ffe824e569d7d5a/element - {"using":"xpath","value":"//*[contains(@id ,\"BDI-content\")][contains(text(), \"Select\")]"}
RESULT: {"using":"xpath","value":"//*[contains(@id ,\"BDI-content\")][contains(text(), \"Select\")]"}
COMMAND: POST /session/06820c29678f15015ffe824e569d7d5a/element/f.696EFCE712E801319DC54DDC19215679.d.43CD5A1B8132478C9DBAA68593093928.e.22199/click - {}
RESULT: {}
COMMAND: GET /session/06820c29678f15015ffe824e569d7d5a/screenshot - {}
RESULT: {}
COMMAND: POST /session/06820c29678f15015ffe824e569d7d5a/element - {"using":"xpath","value":"//bdi[(text() = 'Save' or . = 'Save')]"}
RESULT: {"using":"xpath","value":"//bdi[(text() = 'Save' or . = 'Save')]"}
COMMAND: POST /session/06820c29678f15015ffe824e569d7d5a/element/f.696EFCE712E801319DC54DDC19215679.d.43CD5A1B8132478C9DBAA68593093928.e.22202/click - {}
RESULT: {}
COMMAND: GET /session/06820c29678f15015ffe824e569d7d5a/screenshot - {}
RESULT: {}
]]></system-out>
    </testcase>
    <testcase classname="chrome.136_0_7103_93.windows.Return_from_Site_w/_warehouse_management_w_clarification" name="Should test for Handover Execution" time="150.814">
      <system-out><![CDATA[
COMMAND: POST /session/06820c29678f15015ffe824e569d7d5a/execute/async - {"script":"<script> [1562 bytes]","args":[{"selector":{"controlType":"sap.m.Link","viewName":"etm.portal.ui.managehandovers.view.DetailExecuteHO","bindingPath":{"path":"","propertyPath":"/wmDoc","modelName":"warehouseMovModel"}},"wdio_ui5_key":"etmportal.ui.managehandovers.view.DetailExecuteHOsap.m.Link{\"path\":\"\",\"propertyPath\":\"/wmDoc\",\"modelName\":\"warehouseMovModel\"}"}]}
RESULT: {"script":"<script> [1562 bytes]","args":[{"selector":{"controlType":"sap.m.Link","viewName":"etm.portal.ui.managehandovers.view.DetailExecuteHO","bindingPath":{"path":"","propertyPath":"/wmDoc","modelName":"warehouseMovModel"}},"wdio_ui5_key":"etmportal.ui.managehandovers.view.DetailExecuteHOsap.m.Link{\"path\":\"\",\"propertyPath\":\"/wmDoc\",\"modelName\":\"warehouseMovModel\"}"}]}
RESULT: undefined
COMMAND: POST /session/06820c29678f15015ffe824e569d7d5a/element - {"using":"xpath","value":"//*[@id=\"__link81\"]"}
RESULT: {"using":"xpath","value":"//*[@id=\"__link81\"]"}
COMMAND: POST /session/06820c29678f15015ffe824e569d7d5a/element/f.696EFCE712E801319DC54DDC19215679.d.43CD5A1B8132478C9DBAA68593093928.e.22232/click - {}
RESULT: {}
COMMAND: GET /session/06820c29678f15015ffe824e569d7d5a/screenshot - {}
RESULT: {}
COMMAND: POST /session/06820c29678f15015ffe824e569d7d5a/execute/async - {"script":"<script> [1562 bytes]","args":[{"selector":{"controlType":"sap.m.Link","viewName":"etm.portal.ui.managehandovers.view.DetailExecuteHO","properties":{"text":"Warehouse Overview"},"searchOpenDialogs":true},"wdio_ui5_key":"etmportal.ui.managehandovers.view.DetailExecuteHOsap.m.Link{\"text\":\"Warehouse Overview\"}"}]}
RESULT: {"script":"<script> [1562 bytes]","args":[{"selector":{"controlType":"sap.m.Link","viewName":"etm.portal.ui.managehandovers.view.DetailExecuteHO","properties":{"text":"Warehouse Overview"},"searchOpenDialogs":true},"wdio_ui5_key":"etmportal.ui.managehandovers.view.DetailExecuteHOsap.m.Link{\"text\":\"Warehouse Overview\"}"}]}
RESULT: undefined
COMMAND: POST /session/06820c29678f15015ffe824e569d7d5a/element - {"using":"xpath","value":"//*[@id=\"__link96\"]"}
RESULT: {"using":"xpath","value":"//*[@id=\"__link96\"]"}
COMMAND: POST /session/06820c29678f15015ffe824e569d7d5a/element/f.696EFCE712E801319DC54DDC19215679.d.43CD5A1B8132478C9DBAA68593093928.e.22236/click - {}
RESULT: {}
COMMAND: GET /session/06820c29678f15015ffe824e569d7d5a/screenshot - {}
COMMAND: POST /session/06820c29678f15015ffe824e569d7d5a/execute/async - {"script":"<script> [1562 bytes]","args":[{"selector":{"controlType":"sap.m.Button","viewName":"etm.portal.ui.warehousemovements.view.DisplayMovement","viewId":"application-warehousemovements-display-component---displayMovement","i18NText":{"propertyName":"text","key":"execution"},"interaction":{"idSuffix":"BDI-content"}},"wdio_ui5_key":"etmportal.ui.warehousemovements.view.DisplayMovementsap.m.Button{\"propertyName\":\"text\",\"key\":\"execution\"}"}]}
RESULT: {}
RESULT: {"script":"<script> [1562 bytes]","args":[{"selector":{"controlType":"sap.m.Button","viewName":"etm.portal.ui.warehousemovements.view.DisplayMovement","viewId":"application-warehousemovements-display-component---displayMovement","i18NText":{"propertyName":"text","key":"execution"},"interaction":{"idSuffix":"BDI-content"}},"wdio_ui5_key":"etmportal.ui.warehousemovements.view.DisplayMovementsap.m.Button{\"propertyName\":\"text\",\"key\":\"execution\"}"}]}
RESULT: undefined
COMMAND: POST /session/06820c29678f15015ffe824e569d7d5a/element - {"using":"xpath","value":"//*[@id=\"__button219\"]"}
RESULT: {"using":"xpath","value":"//*[@id=\"__button219\"]"}
COMMAND: POST /session/06820c29678f15015ffe824e569d7d5a/element/f.696EFCE712E801319DC54DDC19215679.d.43CD5A1B8132478C9DBAA68593093928.e.22346/click - {}
RESULT: {}
COMMAND: GET /session/06820c29678f15015ffe824e569d7d5a/screenshot - {}
RESULT: {}
COMMAND: POST /session/06820c29678f15015ffe824e569d7d5a/execute/async - {"script":"<script> [1562 bytes]","args":[{"selector":{"controlType":"sap.m.Button","viewName":"etm.portal.ui.warehousemovements.view.ExecuteMovement","viewId":"application-warehousemovements-display-component---executeMovement","properties":{"text":"Items"},"interaction":{"idSuffix":"BDI-content"}},"wdio_ui5_key":"etmportal.ui.warehousemovements.view.ExecuteMovementsap.m.Button{\"text\":\"Items\"}"}]}
RESULT: {"script":"<script> [1562 bytes]","args":[{"selector":{"controlType":"sap.m.Button","viewName":"etm.portal.ui.warehousemovements.view.ExecuteMovement","viewId":"application-warehousemovements-display-component---executeMovement","properties":{"text":"Items"},"interaction":{"idSuffix":"BDI-content"}},"wdio_ui5_key":"etmportal.ui.warehousemovements.view.ExecuteMovementsap.m.Button{\"text\":\"Items\"}"}]}
RESULT: undefined
COMMAND: POST /session/06820c29678f15015ffe824e569d7d5a/element - {"using":"xpath","value":"//*[@id=\"__layout353-anchBar-application-warehousemovements-display-component---executeMovement--itemsSection-anchor\"]"}
RESULT: {"using":"xpath","value":"//*[@id=\"__layout353-anchBar-application-warehousemovements-display-component---executeMovement--itemsSection-anchor\"]"}
COMMAND: POST /session/06820c29678f15015ffe824e569d7d5a/element/f.696EFCE712E801319DC54DDC19215679.d.43CD5A1B8132478C9DBAA68593093928.e.22459/click - {}
RESULT: {}
COMMAND: GET /session/06820c29678f15015ffe824e569d7d5a/screenshot - {}
RESULT: {}
COMMAND: POST /session/06820c29678f15015ffe824e569d7d5a/execute/async - {"script":"<script> [1562 bytes]","args":[{"selector":{"controlType":"sap.m.ToggleButton","viewName":"etm.portal.ui.warehousemovements.view.ExecuteMovement","viewId":"application-warehousemovements-display-component---executeMovement","bindingPath":{"propertyPath":"STATUS","modelName":"catalogModel"},"interaction":{"idSuffix":"BDI-content"}},"wdio_ui5_key":"etmportal.ui.warehousemovements.view.ExecuteMovementsap.m.ToggleButton{\"propertyPath\":\"STATUS\",\"modelName\":\"catalogModel\"}"}]}
RESULT: {"script":"<script> [1562 bytes]","args":[{"selector":{"controlType":"sap.m.ToggleButton","viewName":"etm.portal.ui.warehousemovements.view.ExecuteMovement","viewId":"application-warehousemovements-display-component---executeMovement","bindingPath":{"propertyPath":"STATUS","modelName":"catalogModel"},"interaction":{"idSuffix":"BDI-content"}},"wdio_ui5_key":"etmportal.ui.warehousemovements.view.ExecuteMovementsap.m.ToggleButton{\"propertyPath\":\"STATUS\",\"modelName\":\"catalogModel\"}"}]}
RESULT: undefined
COMMAND: POST /session/06820c29678f15015ffe824e569d7d5a/element - {"using":"xpath","value":"//*[@id=\"__button242-__clone3413\"]"}
RESULT: {"using":"xpath","value":"//*[@id=\"__button242-__clone3413\"]"}
COMMAND: POST /session/06820c29678f15015ffe824e569d7d5a/element/f.696EFCE712E801319DC54DDC19215679.d.43CD5A1B8132478C9DBAA68593093928.e.22464/click - {}
RESULT: {}
RESULT: undefined
COMMAND: POST /session/06820c29678f15015ffe824e569d7d5a/element - {"using":"xpath","value":"//*[@id=\"__button242-__clone3413\"]"}
COMMAND: GET /session/06820c29678f15015ffe824e569d7d5a/screenshot - {}
RESULT: {"using":"xpath","value":"//*[@id=\"__button242-__clone3413\"]"}
COMMAND: POST /session/06820c29678f15015ffe824e569d7d5a/element/f.696EFCE712E801319DC54DDC19215679.d.43CD5A1B8132478C9DBAA68593093928.e.22464/click - {}
RESULT: {}
RESULT: {}
COMMAND: GET /session/06820c29678f15015ffe824e569d7d5a/screenshot - {}
RESULT: {}
COMMAND: POST /session/06820c29678f15015ffe824e569d7d5a/element - {"using":"xpath","value":"//section[contains(@id,\"FC-NoHead\")]/div[1]/div[5]/div[2]/span"}
RESULT: {"using":"xpath","value":"//section[contains(@id,\"FC-NoHead\")]/div[1]/div[5]/div[2]/span"}
COMMAND: POST /session/06820c29678f15015ffe824e569d7d5a/elements - {"using":"xpath","value":"//section[contains(@id,\"FC-NoHead\")]/div[1]/div[5]/div[2]/span"}
RESULT: {"using":"xpath","value":"//section[contains(@id,\"FC-NoHead\")]/div[1]/div[5]/div[2]/span"}
COMMAND: POST /session/06820c29678f15015ffe824e569d7d5a/execute/sync - {"script":"<script> [56 bytes]","args":[{"element-6066-11e4-a52e-4f735466cecf":"f.696EFCE712E801319DC54DDC19215679.d.43CD5A1B8132478C9DBAA68593093928.e.22466","ELEMENT":"f.696EFCE712E801319DC54DDC19215679.d.43CD5A1B8132478C9DBAA68593093928.e.22466"}]}
RESULT: {"script":"<script> [56 bytes]","args":[{"element-6066-11e4-a52e-4f735466cecf":"f.696EFCE712E801319DC54DDC19215679.d.43CD5A1B8132478C9DBAA68593093928.e.22466","ELEMENT":"f.696EFCE712E801319DC54DDC19215679.d.43CD5A1B8132478C9DBAA68593093928.e.22466"}]}
COMMAND: POST /session/06820c29678f15015ffe824e569d7d5a/actions - {"actions":[{"id":"action67","type":"key","parameters":{},"actions":[{"type":"keyDown","value":"î€‡"},{"type":"pause","duration":10},{"type":"keyUp","value":"î€‡"}]}]}
COMMAND: GET /session/06820c29678f15015ffe824e569d7d5a/screenshot - {}
RESULT: {"actions":[{"id":"action67","type":"key","parameters":{},"actions":[{"type":"keyDown","value":"î€‡"},{"type":"pause","duration":10},{"type":"keyUp","value":"î€‡"}]}]}
COMMAND: POST /session/06820c29678f15015ffe824e569d7d5a/execute/async - {"script":"<script> [1562 bytes]","args":[{"selector":{"id":"application-warehousemovements-display-component---executeMovement--executeId","interaction":{"idSuffix":"BDI-content"}},"wdio_ui5_key":"applicationwarehousemovements-display-component---executeMovement--executeId"}]}
COMMAND: GET /session/06820c29678f15015ffe824e569d7d5a/screenshot - {}
RESULT: {}
RESULT: {"script":"<script> [1562 bytes]","args":[{"selector":{"id":"application-warehousemovements-display-component---executeMovement--executeId","interaction":{"idSuffix":"BDI-content"}},"wdio_ui5_key":"applicationwarehousemovements-display-component---executeMovement--executeId"}]}
RESULT: undefined
COMMAND: POST /session/06820c29678f15015ffe824e569d7d5a/element - {"using":"xpath","value":"//*[@id=\"application-warehousemovements-display-component---executeMovement--executeId\"]"}
RESULT: {}
RESULT: {"using":"xpath","value":"//*[@id=\"application-warehousemovements-display-component---executeMovement--executeId\"]"}
COMMAND: POST /session/06820c29678f15015ffe824e569d7d5a/element/f.696EFCE712E801319DC54DDC19215679.d.43CD5A1B8132478C9DBAA68593093928.e.22425/click - {}
RESULT: {}
COMMAND: GET /session/06820c29678f15015ffe824e569d7d5a/screenshot - {}
RESULT: {}
COMMAND: POST /session/06820c29678f15015ffe824e569d7d5a/element - {"using":"css selector","value":"#shell-header-logo"}
RESULT: {"using":"css selector","value":"#shell-header-logo"}
COMMAND: POST /session/06820c29678f15015ffe824e569d7d5a/element/f.696EFCE712E801319DC54DDC19215679.d.43CD5A1B8132478C9DBAA68593093928.e.21250/click - {}
RESULT: {}
COMMAND: GET /session/06820c29678f15015ffe824e569d7d5a/screenshot - {}
RESULT: {}
RESULT: undefined
COMMAND: POST /session/06820c29678f15015ffe824e569d7d5a/element - {"using":"xpath","value":"//*[@id=\"__tile132\"]"}
RESULT: {"using":"xpath","value":"//*[@id=\"__tile132\"]"}
COMMAND: POST /session/06820c29678f15015ffe824e569d7d5a/element/f.696EFCE712E801319DC54DDC19215679.d.43CD5A1B8132478C9DBAA68593093928.e.19889/click - {}
RESULT: {}
COMMAND: GET /session/06820c29678f15015ffe824e569d7d5a/screenshot - {}
RESULT: {}
COMMAND: POST /session/06820c29678f15015ffe824e569d7d5a/elements - {"using":"xpath","value":"//span[text()='Error']"}
RESULT: {"using":"xpath","value":"//span[text()='Error']"}
COMMAND: POST /session/06820c29678f15015ffe824e569d7d5a/execute/async - {"script":"<script> [1562 bytes]","args":[{"selector":{"controlType":"sap.m.SearchField","viewName":"etm.portal.ui.managehandovers.view.MasterHO","bindingPath":{"propertyPath":"/_BASIC_SEARCH_FIELD","modelName":"fi1t3rM0d31"},"interaction":{"idSuffix":"I"}},"wdio_ui5_key":"etmportal.ui.managehandovers.view.MasterHOsap.m.SearchField{\"propertyPath\":\"/_BASIC_SEARCH_FIELD\",\"modelName\":\"fi1t3rM0d31\"}"}]}
RESULT: {"script":"<script> [1562 bytes]","args":[{"selector":{"controlType":"sap.m.SearchField","viewName":"etm.portal.ui.managehandovers.view.MasterHO","bindingPath":{"propertyPath":"/_BASIC_SEARCH_FIELD","modelName":"fi1t3rM0d31"},"interaction":{"idSuffix":"I"}},"wdio_ui5_key":"etmportal.ui.managehandovers.view.MasterHOsap.m.SearchField{\"propertyPath\":\"/_BASIC_SEARCH_FIELD\",\"modelName\":\"fi1t3rM0d31\"}"}]}
RESULT: undefined
COMMAND: POST /session/06820c29678f15015ffe824e569d7d5a/execute/async - {"script":"<script> [776 bytes]","args":[{"enterText":"30763","selector":{"controlType":"sap.m.SearchField","viewName":"etm.portal.ui.managehandovers.view.MasterHO","bindingPath":{"propertyPath":"/_BASIC_SEARCH_FIELD","modelName":"fi1t3rM0d31"},"interaction":{"idSuffix":"I"}},"clearTextFirst":true,"interactionType":"ENTER_TEXT"}]}
RESULT: {"script":"<script> [776 bytes]","args":[{"enterText":"30763","selector":{"controlType":"sap.m.SearchField","viewName":"etm.portal.ui.managehandovers.view.MasterHO","bindingPath":{"propertyPath":"/_BASIC_SEARCH_FIELD","modelName":"fi1t3rM0d31"},"interaction":{"idSuffix":"I"}},"clearTextFirst":true,"interactionType":"ENTER_TEXT"}]}
COMMAND: POST /session/06820c29678f15015ffe824e569d7d5a/actions - {"actions":[{"id":"action68","type":"key","parameters":{},"actions":[{"type":"keyDown","value":"î€‡"},{"type":"pause","duration":10},{"type":"keyUp","value":"î€‡"}]}]}
RESULT: {"actions":[{"id":"action68","type":"key","parameters":{},"actions":[{"type":"keyDown","value":"î€‡"},{"type":"pause","duration":10},{"type":"keyUp","value":"î€‡"}]}]}
COMMAND: GET /session/06820c29678f15015ffe824e569d7d5a/screenshot - {}
RESULT: {}
COMMAND: POST /session/06820c29678f15015ffe824e569d7d5a/execute/async - {"script":"<script> [1562 bytes]","args":[{"selector":{"controlType":"sap.ui.core.Icon","viewName":"etm.portal.ui.managehandovers.view.MasterHO","properties":{"src":{"regex":{"source":"slim\\-arrow\\-right"}}}},"wdio_ui5_key":"etmportal.ui.managehandovers.view.MasterHOsap.ui.core.Icon{\"src\":{\"regex\":{\"source\":\"slim\\\\-arrow\\\\-right\"}}}"}]}
RESULT: {"script":"<script> [1562 bytes]","args":[{"selector":{"controlType":"sap.ui.core.Icon","viewName":"etm.portal.ui.managehandovers.view.MasterHO","properties":{"src":{"regex":{"source":"slim\\-arrow\\-right"}}}},"wdio_ui5_key":"etmportal.ui.managehandovers.view.MasterHOsap.ui.core.Icon{\"src\":{\"regex\":{\"source\":\"slim\\\\-arrow\\\\-right\"}}}"}]}
RESULT: undefined
COMMAND: POST /session/06820c29678f15015ffe824e569d7d5a/element - {"using":"xpath","value":"//*[@id=\"__item1827-__clone3492-imgNav\"]"}
RESULT: {"using":"xpath","value":"//*[@id=\"__item1827-__clone3492-imgNav\"]"}
COMMAND: POST /session/06820c29678f15015ffe824e569d7d5a/element/f.696EFCE712E801319DC54DDC19215679.d.43CD5A1B8132478C9DBAA68593093928.e.22653/click - {}
RESULT: {}
COMMAND: GET /session/06820c29678f15015ffe824e569d7d5a/screenshot - {}
RESULT: {}
COMMAND: POST /session/06820c29678f15015ffe824e569d7d5a/execute/async - {"script":"<script> [1562 bytes]","args":[{"selector":{"controlType":"sap.m.Button","viewName":"etm.portal.ui.managehandovers.view.DetailExecuteHO","i18NText":{"propertyName":"text","key":"confirmAll"},"interaction":{"idSuffix":"BDI-content"}},"wdio_ui5_key":"etmportal.ui.managehandovers.view.DetailExecuteHOsap.m.Button{\"propertyName\":\"text\",\"key\":\"confirmAll\"}"}]}
RESULT: {"script":"<script> [1562 bytes]","args":[{"selector":{"controlType":"sap.m.Button","viewName":"etm.portal.ui.managehandovers.view.DetailExecuteHO","i18NText":{"propertyName":"text","key":"confirmAll"},"interaction":{"idSuffix":"BDI-content"}},"wdio_ui5_key":"etmportal.ui.managehandovers.view.DetailExecuteHOsap.m.Button{\"propertyName\":\"text\",\"key\":\"confirmAll\"}"}]}
RESULT: undefined
COMMAND: POST /session/06820c29678f15015ffe824e569d7d5a/element - {"using":"xpath","value":"//*[@id=\"__button280\"]"}
RESULT: {"using":"xpath","value":"//*[@id=\"__button280\"]"}
COMMAND: POST /session/06820c29678f15015ffe824e569d7d5a/element/f.696EFCE712E801319DC54DDC19215679.d.43CD5A1B8132478C9DBAA68593093928.e.22737/click - {}
RESULT: {}
COMMAND: GET /session/06820c29678f15015ffe824e569d7d5a/screenshot - {}
RESULT: {}
COMMAND: POST /session/06820c29678f15015ffe824e569d7d5a/actions - {"actions":[{"id":"action69","type":"key","parameters":{},"actions":[{"type":"keyDown","value":"î€‡"},{"type":"pause","duration":10},{"type":"keyUp","value":"î€‡"}]}]}
RESULT: {"actions":[{"id":"action69","type":"key","parameters":{},"actions":[{"type":"keyDown","value":"î€‡"},{"type":"pause","duration":10},{"type":"keyUp","value":"î€‡"}]}]}
COMMAND: GET /session/06820c29678f15015ffe824e569d7d5a/screenshot - {}
RESULT: {}
COMMAND: POST /session/06820c29678f15015ffe824e569d7d5a/element - {"using":"xpath","value":"//button[@data-kt=\"execHoIssueButton\"]"}
RESULT: {"using":"xpath","value":"//button[@data-kt=\"execHoIssueButton\"]"}
COMMAND: POST /session/06820c29678f15015ffe824e569d7d5a/element/f.696EFCE712E801319DC54DDC19215679.d.43CD5A1B8132478C9DBAA68593093928.e.22745/click - {}
RESULT: {}
COMMAND: GET /session/06820c29678f15015ffe824e569d7d5a/screenshot - {}
RESULT: {}
RESULT: undefined
COMMAND: POST /session/06820c29678f15015ffe824e569d7d5a/execute/async - {"script":"<script> [776 bytes]","args":[{"enterText":"30763","selector":{"controlType":"sap.m.SearchField","viewName":"etm.portal.ui.managehandovers.view.MasterHO","bindingPath":{"propertyPath":"/_BASIC_SEARCH_FIELD","modelName":"fi1t3rM0d31"},"interaction":{"idSuffix":"I"}},"clearTextFirst":true,"interactionType":"ENTER_TEXT"}]}
RESULT: {"script":"<script> [776 bytes]","args":[{"enterText":"30763","selector":{"controlType":"sap.m.SearchField","viewName":"etm.portal.ui.managehandovers.view.MasterHO","bindingPath":{"propertyPath":"/_BASIC_SEARCH_FIELD","modelName":"fi1t3rM0d31"},"interaction":{"idSuffix":"I"}},"clearTextFirst":true,"interactionType":"ENTER_TEXT"}]}
COMMAND: POST /session/06820c29678f15015ffe824e569d7d5a/actions - {"actions":[{"id":"action70","type":"key","parameters":{},"actions":[{"type":"keyDown","value":"î€‡"},{"type":"pause","duration":10},{"type":"keyUp","value":"î€‡"}]}]}
RESULT: {"actions":[{"id":"action70","type":"key","parameters":{},"actions":[{"type":"keyDown","value":"î€‡"},{"type":"pause","duration":10},{"type":"keyUp","value":"î€‡"}]}]}
COMMAND: GET /session/06820c29678f15015ffe824e569d7d5a/screenshot - {}
RESULT: {}
COMMAND: POST /session/06820c29678f15015ffe824e569d7d5a/element - {"using":"xpath","value":"//span[(text() = '30763' or . = '30763')]"}
RESULT: {"using":"xpath","value":"//span[(text() = '30763' or . = '30763')]"}
COMMAND: POST /session/06820c29678f15015ffe824e569d7d5a/element/f.696EFCE712E801319DC54DDC19215679.d.43CD5A1B8132478C9DBAA68593093928.e.22790/click - {}
RESULT: {}
COMMAND: GET /session/06820c29678f15015ffe824e569d7d5a/screenshot - {}
RESULT: {}
COMMAND: POST /session/06820c29678f15015ffe824e569d7d5a/element - {"using":"xpath","value":"//span[contains(text(), \"Instructions\")]"}
RESULT: {"using":"xpath","value":"//span[contains(text(), \"Instructions\")]"}
COMMAND: POST /session/06820c29678f15015ffe824e569d7d5a/element/f.696EFCE712E801319DC54DDC19215679.d.43CD5A1B8132478C9DBAA68593093928.e.22830/click - {}
RESULT: {}
COMMAND: GET /session/06820c29678f15015ffe824e569d7d5a/screenshot - {}
RESULT: {}
COMMAND: POST /session/06820c29678f15015ffe824e569d7d5a/element - {"using":"xpath","value":"//span[contains(text(), \"Instructions\")]"}
RESULT: {"using":"xpath","value":"//span[contains(text(), \"Instructions\")]"}
COMMAND: POST /session/06820c29678f15015ffe824e569d7d5a/element/f.696EFCE712E801319DC54DDC19215679.d.43CD5A1B8132478C9DBAA68593093928.e.22830/click - {}
RESULT: {}
COMMAND: GET /session/06820c29678f15015ffe824e569d7d5a/screenshot - {}
RESULT: {}
COMMAND: POST /session/06820c29678f15015ffe824e569d7d5a/execute/async - {"script":"<script> [1562 bytes]","args":[{"selector":{"controlType":"sap.m.ComboBox","viewName":"etm.portal.ui.managehandovers.view.DetailExecuteHO","bindingPath":{"propertyPath":"RECEIVING_SECTION","modelName":"catalogModel"},"interaction":{"idSuffix":"inner"}},"wdio_ui5_key":"etmportal.ui.managehandovers.view.DetailExecuteHOsap.m.ComboBox{\"propertyPath\":\"RECEIVING_SECTION\",\"modelName\":\"catalogModel\"}"}]}
RESULT: {"script":"<script> [1562 bytes]","args":[{"selector":{"controlType":"sap.m.ComboBox","viewName":"etm.portal.ui.managehandovers.view.DetailExecuteHO","bindingPath":{"propertyPath":"RECEIVING_SECTION","modelName":"catalogModel"},"interaction":{"idSuffix":"inner"}},"wdio_ui5_key":"etmportal.ui.managehandovers.view.DetailExecuteHOsap.m.ComboBox{\"propertyPath\":\"RECEIVING_SECTION\",\"modelName\":\"catalogModel\"}"}]}
RESULT: undefined
COMMAND: POST /session/06820c29678f15015ffe824e569d7d5a/execute/async - {"script":"<script> [776 bytes]","args":[{"enterText":"WDIO-2278","selector":{"controlType":"sap.m.ComboBox","viewName":"etm.portal.ui.managehandovers.view.DetailExecuteHO","bindingPath":{"propertyPath":"RECEIVING_SECTION","modelName":"catalogModel"},"interaction":{"idSuffix":"inner"}},"clearTextFirst":true,"interactionType":"ENTER_TEXT"}]}
RESULT: {"script":"<script> [776 bytes]","args":[{"enterText":"WDIO-2278","selector":{"controlType":"sap.m.ComboBox","viewName":"etm.portal.ui.managehandovers.view.DetailExecuteHO","bindingPath":{"propertyPath":"RECEIVING_SECTION","modelName":"catalogModel"},"interaction":{"idSuffix":"inner"}},"clearTextFirst":true,"interactionType":"ENTER_TEXT"}]}
COMMAND: POST /session/06820c29678f15015ffe824e569d7d5a/actions - {"actions":[{"id":"action71","type":"key","parameters":{},"actions":[{"type":"keyDown","value":"î€‡"},{"type":"pause","duration":10},{"type":"keyUp","value":"î€‡"}]}]}
RESULT: {"actions":[{"id":"action71","type":"key","parameters":{},"actions":[{"type":"keyDown","value":"î€‡"},{"type":"pause","duration":10},{"type":"keyUp","value":"î€‡"}]}]}
COMMAND: GET /session/06820c29678f15015ffe824e569d7d5a/screenshot - {}
RESULT: {}
COMMAND: POST /session/06820c29678f15015ffe824e569d7d5a/element - {"using":"xpath","value":"//button[@data-kt= \"execHoReceiveButton\"]"}
RESULT: {"using":"xpath","value":"//button[@data-kt= \"execHoReceiveButton\"]"}
COMMAND: POST /session/06820c29678f15015ffe824e569d7d5a/element/f.696EFCE712E801319DC54DDC19215679.d.43CD5A1B8132478C9DBAA68593093928.e.22835/click - {}
RESULT: {}
COMMAND: GET /session/06820c29678f15015ffe824e569d7d5a/screenshot - {}
RESULT: {}
COMMAND: POST /session/06820c29678f15015ffe824e569d7d5a/execute/async - {"script":"<script> [1562 bytes]","args":[{"selector":{"controlType":"sap.m.Button","properties":{"text":"Continue"},"searchOpenDialogs":true,"interaction":{"idSuffix":"content"}},"wdio_ui5_key":"sapm.Button{\"text\":\"Continue\"}"}]}
RESULT: {"script":"<script> [1562 bytes]","args":[{"selector":{"controlType":"sap.m.Button","properties":{"text":"Continue"},"searchOpenDialogs":true,"interaction":{"idSuffix":"content"}},"wdio_ui5_key":"sapm.Button{\"text\":\"Continue\"}"}]}
RESULT: undefined
COMMAND: POST /session/06820c29678f15015ffe824e569d7d5a/element - {"using":"xpath","value":"//*[@id=\"__mbox-btn-6\"]"}
RESULT: {"using":"xpath","value":"//*[@id=\"__mbox-btn-6\"]"}
COMMAND: POST /session/06820c29678f15015ffe824e569d7d5a/element/f.696EFCE712E801319DC54DDC19215679.d.43CD5A1B8132478C9DBAA68593093928.e.22836/click - {}
RESULT: {}
COMMAND: GET /session/06820c29678f15015ffe824e569d7d5a/screenshot - {}
RESULT: {}
COMMAND: POST /session/06820c29678f15015ffe824e569d7d5a/element - {"using":"css selector","value":"#shell-header-logo"}
RESULT: {"using":"css selector","value":"#shell-header-logo"}
COMMAND: POST /session/06820c29678f15015ffe824e569d7d5a/element/f.696EFCE712E801319DC54DDC19215679.d.43CD5A1B8132478C9DBAA68593093928.e.22545/click - {}
RESULT: {}
COMMAND: GET /session/06820c29678f15015ffe824e569d7d5a/screenshot - {}
RESULT: {}
]]></system-out>
    </testcase>
    <testcase classname="chrome.136_0_7103_93.windows.Return_from_Site_w/_warehouse_management_w_clarification" name="Should test for Clarification" time="63.063">
      <system-out><![CDATA[
RESULT: undefined
COMMAND: POST /session/06820c29678f15015ffe824e569d7d5a/element - {"using":"xpath","value":"//*[@id=\"__tile132\"]"}
RESULT: {"using":"xpath","value":"//*[@id=\"__tile132\"]"}
COMMAND: POST /session/06820c29678f15015ffe824e569d7d5a/element/f.696EFCE712E801319DC54DDC19215679.d.43CD5A1B8132478C9DBAA68593093928.e.19889/click - {}
RESULT: {}
COMMAND: GET /session/06820c29678f15015ffe824e569d7d5a/screenshot - {}
RESULT: {}
COMMAND: POST /session/06820c29678f15015ffe824e569d7d5a/elements - {"using":"xpath","value":"//span[text()='Error']"}
RESULT: {"using":"xpath","value":"//span[text()='Error']"}
RESULT: undefined
COMMAND: POST /session/06820c29678f15015ffe824e569d7d5a/execute/async - {"script":"<script> [776 bytes]","args":[{"enterText":"30763","selector":{"controlType":"sap.m.SearchField","viewName":"etm.portal.ui.managehandovers.view.MasterHO","bindingPath":{"propertyPath":"/_BASIC_SEARCH_FIELD","modelName":"fi1t3rM0d31"},"interaction":{"idSuffix":"I"}},"clearTextFirst":true,"interactionType":"ENTER_TEXT"}]}
RESULT: {"script":"<script> [776 bytes]","args":[{"enterText":"30763","selector":{"controlType":"sap.m.SearchField","viewName":"etm.portal.ui.managehandovers.view.MasterHO","bindingPath":{"propertyPath":"/_BASIC_SEARCH_FIELD","modelName":"fi1t3rM0d31"},"interaction":{"idSuffix":"I"}},"clearTextFirst":true,"interactionType":"ENTER_TEXT"}]}
COMMAND: POST /session/06820c29678f15015ffe824e569d7d5a/actions - {"actions":[{"id":"action72","type":"key","parameters":{},"actions":[{"type":"keyDown","value":"î€‡"},{"type":"pause","duration":10},{"type":"keyUp","value":"î€‡"}]}]}
RESULT: {"actions":[{"id":"action72","type":"key","parameters":{},"actions":[{"type":"keyDown","value":"î€‡"},{"type":"pause","duration":10},{"type":"keyUp","value":"î€‡"}]}]}
COMMAND: GET /session/06820c29678f15015ffe824e569d7d5a/screenshot - {}
RESULT: {}
COMMAND: POST /session/06820c29678f15015ffe824e569d7d5a/element - {"using":"xpath","value":"//span[(text() = '30763' or . = '30763')]"}
RESULT: {"using":"xpath","value":"//span[(text() = '30763' or . = '30763')]"}
COMMAND: POST /session/06820c29678f15015ffe824e569d7d5a/element/f.696EFCE712E801319DC54DDC19215679.d.43CD5A1B8132478C9DBAA68593093928.e.23152/click - {}
RESULT: {}
COMMAND: GET /session/06820c29678f15015ffe824e569d7d5a/screenshot - {}
RESULT: {}
COMMAND: POST /session/06820c29678f15015ffe824e569d7d5a/element - {"using":"xpath","value":"//span[contains(text(), \"Instructions\")]"}
RESULT: {"using":"xpath","value":"//span[contains(text(), \"Instructions\")]"}
COMMAND: POST /session/06820c29678f15015ffe824e569d7d5a/element/f.696EFCE712E801319DC54DDC19215679.d.43CD5A1B8132478C9DBAA68593093928.e.23237/click - {}
RESULT: {}
COMMAND: GET /session/06820c29678f15015ffe824e569d7d5a/screenshot - {}
RESULT: {}
COMMAND: POST /session/06820c29678f15015ffe824e569d7d5a/element - {"using":"xpath","value":"//span[contains(text(), \"Instructions\")]"}
RESULT: {"using":"xpath","value":"//span[contains(text(), \"Instructions\")]"}
COMMAND: POST /session/06820c29678f15015ffe824e569d7d5a/element/f.696EFCE712E801319DC54DDC19215679.d.43CD5A1B8132478C9DBAA68593093928.e.23237/click - {}
RESULT: {}
COMMAND: GET /session/06820c29678f15015ffe824e569d7d5a/screenshot - {}
RESULT: {}
COMMAND: POST /session/06820c29678f15015ffe824e569d7d5a/element - {"using":"xpath","value":"//button[.//bdi[text() = \"Refuse\"]]"}
RESULT: {"using":"xpath","value":"//button[.//bdi[text() = \"Refuse\"]]"}
COMMAND: POST /session/06820c29678f15015ffe824e569d7d5a/element/f.696EFCE712E801319DC54DDC19215679.d.43CD5A1B8132478C9DBAA68593093928.e.23242/click - {}
RESULT: {}
COMMAND: GET /session/06820c29678f15015ffe824e569d7d5a/screenshot - {}
RESULT: {}
COMMAND: POST /session/06820c29678f15015ffe824e569d7d5a/element - {"using":"xpath","value":"//button[@data-kt= \"execHoReceiveRefuseButton\"]"}
RESULT: {"using":"xpath","value":"//button[@data-kt= \"execHoReceiveRefuseButton\"]"}
COMMAND: POST /session/06820c29678f15015ffe824e569d7d5a/element/f.696EFCE712E801319DC54DDC19215679.d.43CD5A1B8132478C9DBAA68593093928.e.23244/click - {}
RESULT: {}
COMMAND: GET /session/06820c29678f15015ffe824e569d7d5a/screenshot - {}
RESULT: {}
]]></system-out>
    </testcase>
  </testsuite>
  <testsuite timestamp="2025-05-19T17:22:24" time="425.864" tests="9" failures="0" errors="0" skipped="0">
    <properties>
      <property name="specId" value="0" />
      <property name="suiteName" value="Create masterdata for Yard Overview - trigger provide US130988" />
      <property name="capabilities" value="chrome.136_0_7103_93.windows" />
      <property name="file" value="file:///D:/a/1/s/test/specs/HTR/stock-decrease.spec.js" />
    </properties>
    <testcase classname="chrome.136_0_7103_93.windows.Create_masterdata_for_Yard_Overview_-_trigger_provide_US130988" name="Should create a new WHM yard" time="0.009">
      <system-out><![CDATA[
COMMAND: POST /session/06820c29678f15015ffe824e569d7d5a/window/fullscreen - {}
RESULT: {}
]]></system-out>
    </testcase>
    <testcase classname="chrome.136_0_7103_93.windows.Create_masterdata_for_Yard_Overview_-_trigger_provide_US130988" name="Should create a new partner" time="0.004" />
    <testcase classname="chrome.136_0_7103_93.windows.Create_masterdata_for_Yard_Overview_-_trigger_provide_US130988" name="Should create a new site" time="0.003" />
    <testcase classname="chrome.136_0_7103_93.windows.Create_masterdata_for_Yard_Overview_-_trigger_provide_US130988" name="Should create a new material" time="119.75">
      <system-out><![CDATA[
COMMAND: POST /session/06820c29678f15015ffe824e569d7d5a/execute/async - {"script":"<script> [1562 bytes]","args":[{"selector":{"controlType":"sap.m.GenericTile","properties":{"header":"Manage Resources"}},"wdio_ui5_key":"sapm.GenericTile{\"header\":\"Manage Resources\"}"}]}
RESULT: {"script":"<script> [1562 bytes]","args":[{"selector":{"controlType":"sap.m.GenericTile","properties":{"header":"Manage Resources"}},"wdio_ui5_key":"sapm.GenericTile{\"header\":\"Manage Resources\"}"}]}
RESULT: undefined
COMMAND: POST /session/06820c29678f15015ffe824e569d7d5a/element - {"using":"xpath","value":"//*[@id=\"__tile31\"]"}
RESULT: {"using":"xpath","value":"//*[@id=\"__tile31\"]"}
COMMAND: POST /session/06820c29678f15015ffe824e569d7d5a/element/f.696EFCE712E801319DC54DDC19215679.d.3F410B7E4AF37EDD0F5D052D4BB81B49.e.23320/click - {}
RESULT: {}
COMMAND: GET /session/06820c29678f15015ffe824e569d7d5a/screenshot - {}
RESULT: {}
COMMAND: POST /session/06820c29678f15015ffe824e569d7d5a/elements - {"using":"xpath","value":"//span[text()='Error']"}
RESULT: {"using":"xpath","value":"//span[text()='Error']"}
COMMAND: POST /session/06820c29678f15015ffe824e569d7d5a/element - {"using":"xpath","value":"//button[@data-kt=\"addNewRUOverflowToolbarButton\"]"}
RESULT: {"using":"xpath","value":"//button[@data-kt=\"addNewRUOverflowToolbarButton\"]"}
COMMAND: POST /session/06820c29678f15015ffe824e569d7d5a/elements - {"using":"xpath","value":"//button[@data-kt=\"addNewRUOverflowToolbarButton\"]"}
RESULT: {"using":"xpath","value":"//button[@data-kt=\"addNewRUOverflowToolbarButton\"]"}
COMMAND: POST /session/06820c29678f15015ffe824e569d7d5a/execute/sync - {"script":"<script> [8489 bytes]","args":[{"element-6066-11e4-a52e-4f735466cecf":"f.696EFCE712E801319DC54DDC19215679.d.3F410B7E4AF37EDD0F5D052D4BB81B49.e.23457","ELEMENT":"f.696EFCE712E801319DC54DDC19215679.d.3F410B7E4AF37EDD0F5D052D4BB81B49.e.23457"}]}
RESULT: {"script":"<script> [8489 bytes]","args":[{"element-6066-11e4-a52e-4f735466cecf":"f.696EFCE712E801319DC54DDC19215679.d.3F410B7E4AF37EDD0F5D052D4BB81B49.e.23457","ELEMENT":"f.696EFCE712E801319DC54DDC19215679.d.3F410B7E4AF37EDD0F5D052D4BB81B49.e.23457"}]}
COMMAND: GET /session/06820c29678f15015ffe824e569d7d5a/element/f.696EFCE712E801319DC54DDC19215679.d.3F410B7E4AF37EDD0F5D052D4BB81B49.e.23457/enabled - {}
COMMAND: GET /session/06820c29678f15015ffe824e569d7d5a/screenshot - {}
RESULT: {}
COMMAND: POST /session/06820c29678f15015ffe824e569d7d5a/execute/sync - {"script":"<script> [8489 bytes]","args":[{"element-6066-11e4-a52e-4f735466cecf":"f.696EFCE712E801319DC54DDC19215679.d.3F410B7E4AF37EDD0F5D052D4BB81B49.e.23457","ELEMENT":"f.696EFCE712E801319DC54DDC19215679.d.3F410B7E4AF37EDD0F5D052D4BB81B49.e.23457"}]}
COMMAND: GET /session/06820c29678f15015ffe824e569d7d5a/screenshot - {}
RESULT: {}
RESULT: {"script":"<script> [8489 bytes]","args":[{"element-6066-11e4-a52e-4f735466cecf":"f.696EFCE712E801319DC54DDC19215679.d.3F410B7E4AF37EDD0F5D052D4BB81B49.e.23457","ELEMENT":"f.696EFCE712E801319DC54DDC19215679.d.3F410B7E4AF37EDD0F5D052D4BB81B49.e.23457"}]}
COMMAND: POST /session/06820c29678f15015ffe824e569d7d5a/execute/sync - {"script":"<script> [5351 bytes]","args":[{"element-6066-11e4-a52e-4f735466cecf":"f.696EFCE712E801319DC54DDC19215679.d.3F410B7E4AF37EDD0F5D052D4BB81B49.e.23457","ELEMENT":"f.696EFCE712E801319DC54DDC19215679.d.3F410B7E4AF37EDD0F5D052D4BB81B49.e.23457"}]}
COMMAND: GET /session/06820c29678f15015ffe824e569d7d5a/screenshot - {}
RESULT: {}
RESULT: {"script":"<script> [5351 bytes]","args":[{"element-6066-11e4-a52e-4f735466cecf":"f.696EFCE712E801319DC54DDC19215679.d.3F410B7E4AF37EDD0F5D052D4BB81B49.e.23457","ELEMENT":"f.696EFCE712E801319DC54DDC19215679.d.3F410B7E4AF37EDD0F5D052D4BB81B49.e.23457"}]}
COMMAND: POST /session/06820c29678f15015ffe824e569d7d5a/element/f.696EFCE712E801319DC54DDC19215679.d.3F410B7E4AF37EDD0F5D052D4BB81B49.e.23457/click - {}
COMMAND: GET /session/06820c29678f15015ffe824e569d7d5a/screenshot - {}
RESULT: {}
RESULT: {}
COMMAND: GET /session/06820c29678f15015ffe824e569d7d5a/screenshot - {}
RESULT: {}
COMMAND: POST /session/06820c29678f15015ffe824e569d7d5a/execute/async - {"script":"<script> [1562 bytes]","args":[{"selector":{"id":"application-manageresources-display-component---newResourceUnit--TYPE-arrow"},"wdio_ui5_key":"applicationmanageresources-display-component---newResourceUnit--TYPE-arrow"}]}
RESULT: {}
RESULT: {"script":"<script> [1562 bytes]","args":[{"selector":{"id":"application-manageresources-display-component---newResourceUnit--TYPE-arrow"},"wdio_ui5_key":"applicationmanageresources-display-component---newResourceUnit--TYPE-arrow"}]}
RESULT: undefined
COMMAND: POST /session/06820c29678f15015ffe824e569d7d5a/element - {"using":"xpath","value":"//*[@id=\"application-manageresources-display-component---newResourceUnit--TYPE-arrow\"]"}
RESULT: {"using":"xpath","value":"//*[@id=\"application-manageresources-display-component---newResourceUnit--TYPE-arrow\"]"}
COMMAND: POST /session/06820c29678f15015ffe824e569d7d5a/element/f.696EFCE712E801319DC54DDC19215679.d.3F410B7E4AF37EDD0F5D052D4BB81B49.e.23815/click - {}
RESULT: {}
COMMAND: POST /session/06820c29678f15015ffe824e569d7d5a/element - {"using":"xpath","value":"//input[@id=\"application-manageresources-display-component---newResourceUnit--TYPE-inner\"]"}
COMMAND: GET /session/06820c29678f15015ffe824e569d7d5a/screenshot - {}
RESULT: {"using":"xpath","value":"//input[@id=\"application-manageresources-display-component---newResourceUnit--TYPE-inner\"]"}
COMMAND: POST /session/06820c29678f15015ffe824e569d7d5a/element/f.696EFCE712E801319DC54DDC19215679.d.3F410B7E4AF37EDD0F5D052D4BB81B49.e.23796/clear - {}
RESULT: {}
RESULT: {}
COMMAND: POST /session/06820c29678f15015ffe824e569d7d5a/element/f.696EFCE712E801319DC54DDC19215679.d.3F410B7E4AF37EDD0F5D052D4BB81B49.e.23796/value - {"text":"Material"}
COMMAND: GET /session/06820c29678f15015ffe824e569d7d5a/screenshot - {}
RESULT: {"text":"Material"}
COMMAND: GET /session/06820c29678f15015ffe824e569d7d5a/screenshot - {}
RESULT: {}
RESULT: {}
COMMAND: POST /session/06820c29678f15015ffe824e569d7d5a/actions - {"actions":[{"id":"action73","type":"key","parameters":{},"actions":[{"type":"keyDown","value":"î€‡"},{"type":"pause","duration":10},{"type":"keyUp","value":"î€‡"}]}]}
RESULT: {"actions":[{"id":"action73","type":"key","parameters":{},"actions":[{"type":"keyDown","value":"î€‡"},{"type":"pause","duration":10},{"type":"keyUp","value":"î€‡"}]}]}
COMMAND: POST /session/06820c29678f15015ffe824e569d7d5a/execute/async - {"script":"<script> [1562 bytes]","args":[{"selector":{"id":"application-manageresources-display-component---newResourceUnit--SHORT_TEXT","interaction":{"idSuffix":"inner"}},"wdio_ui5_key":"applicationmanageresources-display-component---newResourceUnit--SHORT_TEXT"}]}
COMMAND: GET /session/06820c29678f15015ffe824e569d7d5a/screenshot - {}
RESULT: {"script":"<script> [1562 bytes]","args":[{"selector":{"id":"application-manageresources-display-component---newResourceUnit--SHORT_TEXT","interaction":{"idSuffix":"inner"}},"wdio_ui5_key":"applicationmanageresources-display-component---newResourceUnit--SHORT_TEXT"}]}
RESULT: undefined
COMMAND: POST /session/06820c29678f15015ffe824e569d7d5a/execute/async - {"script":"<script> [776 bytes]","args":[{"enterText":"Cement WDIO","selector":{"id":"application-manageresources-display-component---newResourceUnit--SHORT_TEXT","interaction":{"idSuffix":"inner"}},"clearTextFirst":true,"interactionType":"ENTER_TEXT"}]}
RESULT: {}
RESULT: {"script":"<script> [776 bytes]","args":[{"enterText":"Cement WDIO","selector":{"id":"application-manageresources-display-component---newResourceUnit--SHORT_TEXT","interaction":{"idSuffix":"inner"}},"clearTextFirst":true,"interactionType":"ENTER_TEXT"}]}
COMMAND: POST /session/06820c29678f15015ffe824e569d7d5a/execute/async - {"script":"<script> [1562 bytes]","args":[{"selector":{"id":"application-manageresources-display-component---newResourceUnit--BASE_UNIT_OF_MEASURE","interaction":{"idSuffix":"inner"}},"wdio_ui5_key":"applicationmanageresources-display-component---newResourceUnit--BASE_UNIT_OF_MEASURE"}]}
RESULT: {"script":"<script> [1562 bytes]","args":[{"selector":{"id":"application-manageresources-display-component---newResourceUnit--BASE_UNIT_OF_MEASURE","interaction":{"idSuffix":"inner"}},"wdio_ui5_key":"applicationmanageresources-display-component---newResourceUnit--BASE_UNIT_OF_MEASURE"}]}
RESULT: undefined
COMMAND: POST /session/06820c29678f15015ffe824e569d7d5a/execute/async - {"script":"<script> [776 bytes]","args":[{"enterText":"Piece","selector":{"id":"application-manageresources-display-component---newResourceUnit--BASE_UNIT_OF_MEASURE","interaction":{"idSuffix":"inner"}},"clearTextFirst":true,"interactionType":"ENTER_TEXT"}]}
RESULT: {"script":"<script> [776 bytes]","args":[{"enterText":"Piece","selector":{"id":"application-manageresources-display-component---newResourceUnit--BASE_UNIT_OF_MEASURE","interaction":{"idSuffix":"inner"}},"clearTextFirst":true,"interactionType":"ENTER_TEXT"}]}
COMMAND: POST /session/06820c29678f15015ffe824e569d7d5a/execute/async - {"script":"<script> [1562 bytes]","args":[{"selector":{"id":"application-manageresources-display-component---newResourceUnit--WEIGHT_UNIT","interaction":{"idSuffix":"inner"}},"wdio_ui5_key":"applicationmanageresources-display-component---newResourceUnit--WEIGHT_UNIT"}]}
RESULT: {"script":"<script> [1562 bytes]","args":[{"selector":{"id":"application-manageresources-display-component---newResourceUnit--WEIGHT_UNIT","interaction":{"idSuffix":"inner"}},"wdio_ui5_key":"applicationmanageresources-display-component---newResourceUnit--WEIGHT_UNIT"}]}
RESULT: undefined
COMMAND: POST /session/06820c29678f15015ffe824e569d7d5a/execute/async - {"script":"<script> [776 bytes]","args":[{"enterText":"Gram","selector":{"id":"application-manageresources-display-component---newResourceUnit--WEIGHT_UNIT","interaction":{"idSuffix":"inner"}},"clearTextFirst":true,"interactionType":"ENTER_TEXT"}]}
RESULT: {"script":"<script> [776 bytes]","args":[{"enterText":"Gram","selector":{"id":"application-manageresources-display-component---newResourceUnit--WEIGHT_UNIT","interaction":{"idSuffix":"inner"}},"clearTextFirst":true,"interactionType":"ENTER_TEXT"}]}
COMMAND: POST /session/06820c29678f15015ffe824e569d7d5a/execute/async - {"script":"<script> [1562 bytes]","args":[{"selector":{"id":"application-manageresources-display-component---newResourceUnit--DIMENSION_UNIT","interaction":{"idSuffix":"inner"}},"wdio_ui5_key":"applicationmanageresources-display-component---newResourceUnit--DIMENSION_UNIT"}]}
RESULT: {"script":"<script> [1562 bytes]","args":[{"selector":{"id":"application-manageresources-display-component---newResourceUnit--DIMENSION_UNIT","interaction":{"idSuffix":"inner"}},"wdio_ui5_key":"applicationmanageresources-display-component---newResourceUnit--DIMENSION_UNIT"}]}
RESULT: undefined
COMMAND: POST /session/06820c29678f15015ffe824e569d7d5a/execute/async - {"script":"<script> [776 bytes]","args":[{"enterText":"Meter","selector":{"id":"application-manageresources-display-component---newResourceUnit--DIMENSION_UNIT","interaction":{"idSuffix":"inner"}},"clearTextFirst":true,"interactionType":"ENTER_TEXT"}]}
RESULT: {"script":"<script> [776 bytes]","args":[{"enterText":"Meter","selector":{"id":"application-manageresources-display-component---newResourceUnit--DIMENSION_UNIT","interaction":{"idSuffix":"inner"}},"clearTextFirst":true,"interactionType":"ENTER_TEXT"}]}
COMMAND: POST /session/06820c29678f15015ffe824e569d7d5a/execute/async - {"script":"<script> [1562 bytes]","args":[{"selector":{"id":"application-manageresources-display-component---newResourceUnit--newRRUPage-anchBar-application-manageresources-display-component---newResourceUnit--control-anchor","interaction":{"idSuffix":"BDI-content"}},"wdio_ui5_key":"applicationmanageresources-display-component---newResourceUnit--newRRUPage-anchBar-application-manageresources-display-component---newResourceUnit--control-anchor"}]}
RESULT: {"script":"<script> [1562 bytes]","args":[{"selector":{"id":"application-manageresources-display-component---newResourceUnit--newRRUPage-anchBar-application-manageresources-display-component---newResourceUnit--control-anchor","interaction":{"idSuffix":"BDI-content"}},"wdio_ui5_key":"applicationmanageresources-display-component---newResourceUnit--newRRUPage-anchBar-application-manageresources-display-component---newResourceUnit--control-anchor"}]}
RESULT: undefined
COMMAND: POST /session/06820c29678f15015ffe824e569d7d5a/element - {"using":"xpath","value":"//*[@id=\"application-manageresources-display-component---newResourceUnit--newRRUPage-anchBar-application-manageresources-display-component---newResourceUnit--control-anchor\"]"}
RESULT: {"using":"xpath","value":"//*[@id=\"application-manageresources-display-component---newResourceUnit--newRRUPage-anchBar-application-manageresources-display-component---newResourceUnit--control-anchor\"]"}
COMMAND: POST /session/06820c29678f15015ffe824e569d7d5a/element/f.696EFCE712E801319DC54DDC19215679.d.3F410B7E4AF37EDD0F5D052D4BB81B49.e.23880/click - {}
RESULT: {}
COMMAND: POST /session/06820c29678f15015ffe824e569d7d5a/execute/async - {"script":"<script> [1562 bytes]","args":[{"selector":{"id":"application-manageresources-display-component---newResourceUnit--PLANNING_GROUP","interaction":{"idSuffix":"inner"}},"wdio_ui5_key":"applicationmanageresources-display-component---newResourceUnit--PLANNING_GROUP"}]}
COMMAND: GET /session/06820c29678f15015ffe824e569d7d5a/screenshot - {}
RESULT: {"script":"<script> [1562 bytes]","args":[{"selector":{"id":"application-manageresources-display-component---newResourceUnit--PLANNING_GROUP","interaction":{"idSuffix":"inner"}},"wdio_ui5_key":"applicationmanageresources-display-component---newResourceUnit--PLANNING_GROUP"}]}
RESULT: undefined
COMMAND: POST /session/06820c29678f15015ffe824e569d7d5a/execute/async - {"script":"<script> [776 bytes]","args":[{"enterText":"Material","selector":{"id":"application-manageresources-display-component---newResourceUnit--PLANNING_GROUP","interaction":{"idSuffix":"inner"}},"clearTextFirst":true,"interactionType":"ENTER_TEXT"}]}
RESULT: {}
RESULT: {"script":"<script> [776 bytes]","args":[{"enterText":"Material","selector":{"id":"application-manageresources-display-component---newResourceUnit--PLANNING_GROUP","interaction":{"idSuffix":"inner"}},"clearTextFirst":true,"interactionType":"ENTER_TEXT"}]}
COMMAND: POST /session/06820c29678f15015ffe824e569d7d5a/execute/async - {"script":"<script> [1562 bytes]","args":[{"selector":{"id":"application-manageresources-display-component---newResourceUnit--PLANNING_INDICATOR","interaction":{"idSuffix":"inner"}},"wdio_ui5_key":"applicationmanageresources-display-component---newResourceUnit--PLANNING_INDICATOR"}]}
RESULT: {"script":"<script> [1562 bytes]","args":[{"selector":{"id":"application-manageresources-display-component---newResourceUnit--PLANNING_INDICATOR","interaction":{"idSuffix":"inner"}},"wdio_ui5_key":"applicationmanageresources-display-component---newResourceUnit--PLANNING_INDICATOR"}]}
RESULT: undefined
COMMAND: POST /session/06820c29678f15015ffe824e569d7d5a/execute/async - {"script":"<script> [776 bytes]","args":[{"enterText":"10 - infinite","selector":{"id":"application-manageresources-display-component---newResourceUnit--PLANNING_INDICATOR","interaction":{"idSuffix":"inner"}},"clearTextFirst":true,"interactionType":"ENTER_TEXT"}]}
RESULT: {"script":"<script> [776 bytes]","args":[{"enterText":"10 - infinite","selector":{"id":"application-manageresources-display-component---newResourceUnit--PLANNING_INDICATOR","interaction":{"idSuffix":"inner"}},"clearTextFirst":true,"interactionType":"ENTER_TEXT"}]}
COMMAND: POST /session/06820c29678f15015ffe824e569d7d5a/element - {"using":"css selector","value":"#application-manageresources-display-component---newResourceUnit--btnAddTimeSegment"}
RESULT: {"using":"css selector","value":"#application-manageresources-display-component---newResourceUnit--btnAddTimeSegment"}
COMMAND: GET /session/06820c29678f15015ffe824e569d7d5a/element/f.696EFCE712E801319DC54DDC19215679.d.3F410B7E4AF37EDD0F5D052D4BB81B49.e.23890/rect - {}
RESULT: {}
COMMAND: GET /session/06820c29678f15015ffe824e569d7d5a/window/rect - {}
RESULT: {}
COMMAND: POST /session/06820c29678f15015ffe824e569d7d5a/execute/sync - {"script":"<script> [92 bytes]","args":[]}
RESULT: {"script":"<script> [92 bytes]","args":[]}
COMMAND: POST /session/06820c29678f15015ffe824e569d7d5a/actions - {"actions":[{"id":"action74","type":"wheel","parameters":{},"actions":[{"type":"scroll","x":-1888,"y":-32,"deltaX":0,"deltaY":0,"duration":0,"origin":{"element-6066-11e4-a52e-4f735466cecf":"f.696EFCE712E801319DC54DDC19215679.d.3F410B7E4AF37EDD0F5D052D4BB81B49.e.23890"}}]}]}
COMMAND: GET /session/06820c29678f15015ffe824e569d7d5a/screenshot - {}
RESULT: {}
COMMAND: POST /session/06820c29678f15015ffe824e569d7d5a/execute/sync - {"script":"<script> [79 bytes]","args":[{"element-6066-11e4-a52e-4f735466cecf":"f.696EFCE712E801319DC54DDC19215679.d.3F410B7E4AF37EDD0F5D052D4BB81B49.e.23890","ELEMENT":"f.696EFCE712E801319DC54DDC19215679.d.3F410B7E4AF37EDD0F5D052D4BB81B49.e.23890"},{"block":"start","inline":"nearest"}]}
RESULT: {"script":"<script> [79 bytes]","args":[{"element-6066-11e4-a52e-4f735466cecf":"f.696EFCE712E801319DC54DDC19215679.d.3F410B7E4AF37EDD0F5D052D4BB81B49.e.23890","ELEMENT":"f.696EFCE712E801319DC54DDC19215679.d.3F410B7E4AF37EDD0F5D052D4BB81B49.e.23890"},{"block":"start","inline":"nearest"}]}
COMMAND: POST /session/06820c29678f15015ffe824e569d7d5a/execute/async - {"script":"<script> [1562 bytes]","args":[{"selector":{"id":"application-manageresources-display-component---newResourceUnit--btnAddTimeSegment","interaction":{"idSuffix":"inner"}},"wdio_ui5_key":"applicationmanageresources-display-component---newResourceUnit--btnAddTimeSegment"}]}
COMMAND: GET /session/06820c29678f15015ffe824e569d7d5a/screenshot - {}
RESULT: {"script":"<script> [1562 bytes]","args":[{"selector":{"id":"application-manageresources-display-component---newResourceUnit--btnAddTimeSegment","interaction":{"idSuffix":"inner"}},"wdio_ui5_key":"applicationmanageresources-display-component---newResourceUnit--btnAddTimeSegment"}]}
RESULT: undefined
COMMAND: POST /session/06820c29678f15015ffe824e569d7d5a/element - {"using":"xpath","value":"//*[@id=\"application-manageresources-display-component---newResourceUnit--btnAddTimeSegment\"]"}
RESULT: {}
RESULT: {"using":"xpath","value":"//*[@id=\"application-manageresources-display-component---newResourceUnit--btnAddTimeSegment\"]"}
COMMAND: POST /session/06820c29678f15015ffe824e569d7d5a/element/f.696EFCE712E801319DC54DDC19215679.d.3F410B7E4AF37EDD0F5D052D4BB81B49.e.23890/click - {}
RESULT: {}
COMMAND: GET /session/06820c29678f15015ffe824e569d7d5a/screenshot - {}
RESULT: {}
COMMAND: POST /session/06820c29678f15015ffe824e569d7d5a/element - {"using":"xpath","value":"//input[@id=\"application-manageresources-display-component---newResourceUnit--idRuTSAdmin-application-manageresources-display-component---newResourceUnit--RUTimeSegment-0-inner\"]"}
RESULT: {"using":"xpath","value":"//input[@id=\"application-manageresources-display-component---newResourceUnit--idRuTSAdmin-application-manageresources-display-component---newResourceUnit--RUTimeSegment-0-inner\"]"}
COMMAND: POST /session/06820c29678f15015ffe824e569d7d5a/element/f.696EFCE712E801319DC54DDC19215679.d.3F410B7E4AF37EDD0F5D052D4BB81B49.e.23895/clear - {}
RESULT: {}
COMMAND: POST /session/06820c29678f15015ffe824e569d7d5a/element/f.696EFCE712E801319DC54DDC19215679.d.3F410B7E4AF37EDD0F5D052D4BB81B49.e.23895/value - {"text":"556"}
COMMAND: GET /session/06820c29678f15015ffe824e569d7d5a/screenshot - {}
RESULT: {"text":"556"}
COMMAND: GET /session/06820c29678f15015ffe824e569d7d5a/screenshot - {}
RESULT: {}
RESULT: {}
COMMAND: POST /session/06820c29678f15015ffe824e569d7d5a/element - {"using":"xpath","value":"//li[.//span[text()='556']]"}
RESULT: {"using":"xpath","value":"//li[.//span[text()='556']]"}
COMMAND: POST /session/06820c29678f15015ffe824e569d7d5a/element/f.696EFCE712E801319DC54DDC19215679.d.3F410B7E4AF37EDD0F5D052D4BB81B49.e.23904/click - {}
RESULT: {}
COMMAND: GET /session/06820c29678f15015ffe824e569d7d5a/screenshot - {}
RESULT: {}
COMMAND: POST /session/06820c29678f15015ffe824e569d7d5a/element - {"using":"xpath","value":"(//span[contains(@id, \"-application-manageresources-display-component---newResourceUnit--RUTimeSegment-0-arrow\")])[2]"}
RESULT: {"using":"xpath","value":"(//span[contains(@id, \"-application-manageresources-display-component---newResourceUnit--RUTimeSegment-0-arrow\")])[2]"}
COMMAND: POST /session/06820c29678f15015ffe824e569d7d5a/element/f.696EFCE712E801319DC54DDC19215679.d.3F410B7E4AF37EDD0F5D052D4BB81B49.e.23905/click - {}
RESULT: {}
COMMAND: POST /session/06820c29678f15015ffe824e569d7d5a/element - {"using":"xpath","value":"//span[contains(text(), \"PM Order\")]"}
COMMAND: GET /session/06820c29678f15015ffe824e569d7d5a/screenshot - {}
RESULT: {"using":"xpath","value":"//span[contains(text(), \"PM Order\")]"}
COMMAND: POST /session/06820c29678f15015ffe824e569d7d5a/element/f.696EFCE712E801319DC54DDC19215679.d.3F410B7E4AF37EDD0F5D052D4BB81B49.e.23906/click - {}
RESULT: {}
RESULT: {}
COMMAND: GET /session/06820c29678f15015ffe824e569d7d5a/screenshot - {}
RESULT: {}
COMMAND: POST /session/06820c29678f15015ffe824e569d7d5a/element - {"using":"xpath","value":"//td/div/div/div/span[contains(@id, \"newResourceUnit--RUTimeSegment-0-vhi\")][1]"}
RESULT: {"using":"xpath","value":"//td/div/div/div/span[contains(@id, \"newResourceUnit--RUTimeSegment-0-vhi\")][1]"}
COMMAND: GET /session/06820c29678f15015ffe824e569d7d5a/element/f.696EFCE712E801319DC54DDC19215679.d.3F410B7E4AF37EDD0F5D052D4BB81B49.e.23910/rect - {}
RESULT: {}
COMMAND: GET /session/06820c29678f15015ffe824e569d7d5a/window/rect - {}
RESULT: {}
COMMAND: POST /session/06820c29678f15015ffe824e569d7d5a/execute/sync - {"script":"<script> [92 bytes]","args":[]}
RESULT: {"script":"<script> [92 bytes]","args":[]}
COMMAND: POST /session/06820c29678f15015ffe824e569d7d5a/actions - {"actions":[{"id":"action75","type":"wheel","parameters":{},"actions":[{"type":"scroll","x":-1888,"y":-24,"deltaX":0,"deltaY":0,"duration":0,"origin":{"element-6066-11e4-a52e-4f735466cecf":"f.696EFCE712E801319DC54DDC19215679.d.3F410B7E4AF37EDD0F5D052D4BB81B49.e.23910"}}]}]}
COMMAND: GET /session/06820c29678f15015ffe824e569d7d5a/screenshot - {}
RESULT: {}
COMMAND: POST /session/06820c29678f15015ffe824e569d7d5a/execute/sync - {"script":"<script> [79 bytes]","args":[{"element-6066-11e4-a52e-4f735466cecf":"f.696EFCE712E801319DC54DDC19215679.d.3F410B7E4AF37EDD0F5D052D4BB81B49.e.23910","ELEMENT":"f.696EFCE712E801319DC54DDC19215679.d.3F410B7E4AF37EDD0F5D052D4BB81B49.e.23910"},{"block":"start","inline":"nearest"}]}
RESULT: {"script":"<script> [79 bytes]","args":[{"element-6066-11e4-a52e-4f735466cecf":"f.696EFCE712E801319DC54DDC19215679.d.3F410B7E4AF37EDD0F5D052D4BB81B49.e.23910","ELEMENT":"f.696EFCE712E801319DC54DDC19215679.d.3F410B7E4AF37EDD0F5D052D4BB81B49.e.23910"},{"block":"start","inline":"nearest"}]}
COMMAND: GET /session/06820c29678f15015ffe824e569d7d5a/screenshot - {}
RESULT: {}
COMMAND: POST /session/06820c29678f15015ffe824e569d7d5a/element/f.696EFCE712E801319DC54DDC19215679.d.3F410B7E4AF37EDD0F5D052D4BB81B49.e.23910/click - {}
RESULT: {}
COMMAND: GET /session/06820c29678f15015ffe824e569d7d5a/screenshot - {}
RESULT: {}
COMMAND: POST /session/06820c29678f15015ffe824e569d7d5a/execute/async - {"script":"<script> [1562 bytes]","args":[{"selector":{"controlType":"sap.m.SearchField","properties":{"placeholder":"Search"},"searchOpenDialogs":true,"interaction":{"idSuffix":"I"}},"wdio_ui5_key":"sapm.SearchField{\"placeholder\":\"Search\"}"}]}
RESULT: {"script":"<script> [1562 bytes]","args":[{"selector":{"controlType":"sap.m.SearchField","properties":{"placeholder":"Search"},"searchOpenDialogs":true,"interaction":{"idSuffix":"I"}},"wdio_ui5_key":"sapm.SearchField{\"placeholder\":\"Search\"}"}]}
RESULT: undefined
COMMAND: POST /session/06820c29678f15015ffe824e569d7d5a/execute/async - {"script":"<script> [776 bytes]","args":[{"enterText":"4000360","selector":{"controlType":"sap.m.SearchField","properties":{"placeholder":"Search"},"searchOpenDialogs":true,"interaction":{"idSuffix":"I"}},"clearTextFirst":true,"interactionType":"ENTER_TEXT"}]}
RESULT: {"script":"<script> [776 bytes]","args":[{"enterText":"4000360","selector":{"controlType":"sap.m.SearchField","properties":{"placeholder":"Search"},"searchOpenDialogs":true,"interaction":{"idSuffix":"I"}},"clearTextFirst":true,"interactionType":"ENTER_TEXT"}]}
COMMAND: POST /session/06820c29678f15015ffe824e569d7d5a/actions - {"actions":[{"id":"action76","type":"key","parameters":{},"actions":[{"type":"keyDown","value":"î€‡"},{"type":"pause","duration":10},{"type":"keyUp","value":"î€‡"}]}]}
RESULT: {"actions":[{"id":"action76","type":"key","parameters":{},"actions":[{"type":"keyDown","value":"î€‡"},{"type":"pause","duration":10},{"type":"keyUp","value":"î€‡"}]}]}
COMMAND: GET /session/06820c29678f15015ffe824e569d7d5a/screenshot - {}
RESULT: {}
COMMAND: POST /session/06820c29678f15015ffe824e569d7d5a/element - {"using":"xpath","value":"//td/div/span[contains(text(), \"BGL Vehicles\")]"}
RESULT: {"using":"xpath","value":"//td/div/span[contains(text(), \"BGL Vehicles\")]"}
COMMAND: POST /session/06820c29678f15015ffe824e569d7d5a/element/f.696EFCE712E801319DC54DDC19215679.d.3F410B7E4AF37EDD0F5D052D4BB81B49.e.23931/click - {}
RESULT: {}
COMMAND: GET /session/06820c29678f15015ffe824e569d7d5a/screenshot - {}
RESULT: {}
COMMAND: POST /session/06820c29678f15015ffe824e569d7d5a/element - {"using":"xpath","value":"//bdi[contains(text(), \"OK\")]"}
RESULT: {"using":"xpath","value":"//bdi[contains(text(), \"OK\")]"}
COMMAND: POST /session/06820c29678f15015ffe824e569d7d5a/element/f.696EFCE712E801319DC54DDC19215679.d.3F410B7E4AF37EDD0F5D052D4BB81B49.e.23932/click - {}
RESULT: {}
COMMAND: GET /session/06820c29678f15015ffe824e569d7d5a/screenshot - {}
RESULT: {}
COMMAND: POST /session/06820c29678f15015ffe824e569d7d5a/element - {"using":"xpath","value":"//label[contains(@class, 'sapMLabelRequired') and .//bdi[contains(text(), 'Planned Retirement')]]"}
RESULT: {"using":"xpath","value":"//label[contains(@class, 'sapMLabelRequired') and .//bdi[contains(text(), 'Planned Retirement')]]"}
COMMAND: POST /session/06820c29678f15015ffe824e569d7d5a/elements - {"using":"xpath","value":"//label[contains(@class, 'sapMLabelRequired') and .//bdi[contains(text(), 'Planned Retirement')]]"}
RESULT: {"using":"xpath","value":"//label[contains(@class, 'sapMLabelRequired') and .//bdi[contains(text(), 'Planned Retirement')]]"}
COMMAND: POST /session/06820c29678f15015ffe824e569d7d5a/element - {"using":"xpath","value":"//button[@data-kt=\"resourceUnitSaveButton\"]"}
RESULT: {"using":"xpath","value":"//button[@data-kt=\"resourceUnitSaveButton\"]"}
COMMAND: POST /session/06820c29678f15015ffe824e569d7d5a/element/f.696EFCE712E801319DC54DDC19215679.d.3F410B7E4AF37EDD0F5D052D4BB81B49.e.23832/click - {}
RESULT: {}
COMMAND: GET /session/06820c29678f15015ffe824e569d7d5a/screenshot - {}
RESULT: {}
COMMAND: POST /session/06820c29678f15015ffe824e569d7d5a/element - {"using":"xpath","value":"//bdi[contains(text(), \"Close\")]"}
RESULT: {"using":"xpath","value":"//bdi[contains(text(), \"Close\")]"}
COMMAND: POST /session/06820c29678f15015ffe824e569d7d5a/element/f.696EFCE712E801319DC54DDC19215679.d.3F410B7E4AF37EDD0F5D052D4BB81B49.e.23938/click - {}
RESULT: {}
COMMAND: GET /session/06820c29678f15015ffe824e569d7d5a/screenshot - {}
RESULT: {}
COMMAND: POST /session/06820c29678f15015ffe824e569d7d5a/element - {"using":"xpath","value":"//header[contains(@id, 'detailRruPage-headerTitle')]/div[1]/div[2]/div[2]/span[1]"}
RESULT: {"using":"xpath","value":"//header[contains(@id, 'detailRruPage-headerTitle')]/div[1]/div[2]/div[2]/span[1]"}
COMMAND: POST /session/06820c29678f15015ffe824e569d7d5a/elements - {"using":"xpath","value":"//header[contains(@id, 'detailRruPage-headerTitle')]/div[1]/div[2]/div[2]/span[1]"}
RESULT: {"using":"xpath","value":"//header[contains(@id, 'detailRruPage-headerTitle')]/div[1]/div[2]/div[2]/span[1]"}
COMMAND: POST /session/06820c29678f15015ffe824e569d7d5a/execute/sync - {"script":"<script> [56 bytes]","args":[{"element-6066-11e4-a52e-4f735466cecf":"f.696EFCE712E801319DC54DDC19215679.d.3F410B7E4AF37EDD0F5D052D4BB81B49.e.23964","ELEMENT":"f.696EFCE712E801319DC54DDC19215679.d.3F410B7E4AF37EDD0F5D052D4BB81B49.e.23964"}]}
RESULT: {"script":"<script> [56 bytes]","args":[{"element-6066-11e4-a52e-4f735466cecf":"f.696EFCE712E801319DC54DDC19215679.d.3F410B7E4AF37EDD0F5D052D4BB81B49.e.23964","ELEMENT":"f.696EFCE712E801319DC54DDC19215679.d.3F410B7E4AF37EDD0F5D052D4BB81B49.e.23964"}]}
COMMAND: POST /session/06820c29678f15015ffe824e569d7d5a/element - {"using":"css selector","value":"#shell-header-logo"}
COMMAND: GET /session/06820c29678f15015ffe824e569d7d5a/screenshot - {}
RESULT: {"using":"css selector","value":"#shell-header-logo"}
COMMAND: POST /session/06820c29678f15015ffe824e569d7d5a/element/f.696EFCE712E801319DC54DDC19215679.d.3F410B7E4AF37EDD0F5D052D4BB81B49.e.23304/click - {}
RESULT: {}
RESULT: {}
COMMAND: GET /session/06820c29678f15015ffe824e569d7d5a/screenshot - {}
RESULT: {}
]]></system-out>
    </testcase>
    <testcase classname="chrome.136_0_7103_93.windows.Create_masterdata_for_Yard_Overview_-_trigger_provide_US130988" name="Bin Status Report Should Create New Organization yard" time="0.005" />
    <testcase classname="chrome.136_0_7103_93.windows.Create_masterdata_for_Yard_Overview_-_trigger_provide_US130988" name="Create a Warehouse Movement for created yard" time="44.347">
      <system-out><![CDATA[
COMMAND: POST /session/06820c29678f15015ffe824e569d7d5a/execute/async - {"script":"<script> [1562 bytes]","args":[{"selector":{"controlType":"sap.m.GenericTile","properties":{"header":"Manage Warehouse Movements"}},"wdio_ui5_key":"sapm.GenericTile{\"header\":\"Manage Warehouse Movements\"}"}]}
RESULT: {"script":"<script> [1562 bytes]","args":[{"selector":{"controlType":"sap.m.GenericTile","properties":{"header":"Manage Warehouse Movements"}},"wdio_ui5_key":"sapm.GenericTile{\"header\":\"Manage Warehouse Movements\"}"}]}
RESULT: undefined
COMMAND: POST /session/06820c29678f15015ffe824e569d7d5a/element - {"using":"xpath","value":"//*[@id=\"__tile105\"]"}
RESULT: {"using":"xpath","value":"//*[@id=\"__tile105\"]"}
COMMAND: POST /session/06820c29678f15015ffe824e569d7d5a/element/f.696EFCE712E801319DC54DDC19215679.d.3F410B7E4AF37EDD0F5D052D4BB81B49.e.23970/click - {}
RESULT: {}
COMMAND: POST /session/06820c29678f15015ffe824e569d7d5a/element - {"using":"xpath","value":"//input[@id='application-warehousemovements-display-component---warehouseMovements--smartFilterBar-filterItemControl_BASIC-YARD-inner']"}
COMMAND: GET /session/06820c29678f15015ffe824e569d7d5a/screenshot - {}
RESULT: {"using":"xpath","value":"//input[@id='application-warehousemovements-display-component---warehouseMovements--smartFilterBar-filterItemControl_BASIC-YARD-inner']"}
COMMAND: POST /session/06820c29678f15015ffe824e569d7d5a/elements - {"using":"xpath","value":"//input[@id='application-warehousemovements-display-component---warehouseMovements--smartFilterBar-filterItemControl_BASIC-YARD-inner']"}
RESULT: {}
RESULT: {"using":"xpath","value":"//input[@id='application-warehousemovements-display-component---warehouseMovements--smartFilterBar-filterItemControl_BASIC-YARD-inner']"}
COMMAND: POST /session/06820c29678f15015ffe824e569d7d5a/elements - {"using":"xpath","value":"//input[@id='application-warehousemovements-display-component---warehouseMovements--smartFilterBar-filterItemControl_BASIC-YARD-inner']"}
RESULT: {"using":"xpath","value":"//input[@id='application-warehousemovements-display-component---warehouseMovements--smartFilterBar-filterItemControl_BASIC-YARD-inner']"}
COMMAND: POST /session/06820c29678f15015ffe824e569d7d5a/element - {"using":"xpath","value":"//input[@id='application-warehousemovements-display-component---warehouseMovements--smartFilterBar-filterItemControl_BASIC-YARD-inner']"}
RESULT: {"using":"xpath","value":"//input[@id='application-warehousemovements-display-component---warehouseMovements--smartFilterBar-filterItemControl_BASIC-YARD-inner']"}
COMMAND: POST /session/06820c29678f15015ffe824e569d7d5a/execute/sync - {"script":"<script> [8489 bytes]","args":[{"element-6066-11e4-a52e-4f735466cecf":"f.696EFCE712E801319DC54DDC19215679.d.3F410B7E4AF37EDD0F5D052D4BB81B49.e.23993","ELEMENT":"f.696EFCE712E801319DC54DDC19215679.d.3F410B7E4AF37EDD0F5D052D4BB81B49.e.23993"}]}
RESULT: {"script":"<script> [8489 bytes]","args":[{"element-6066-11e4-a52e-4f735466cecf":"f.696EFCE712E801319DC54DDC19215679.d.3F410B7E4AF37EDD0F5D052D4BB81B49.e.23993","ELEMENT":"f.696EFCE712E801319DC54DDC19215679.d.3F410B7E4AF37EDD0F5D052D4BB81B49.e.23993"}]}
COMMAND: GET /session/06820c29678f15015ffe824e569d7d5a/element/f.696EFCE712E801319DC54DDC19215679.d.3F410B7E4AF37EDD0F5D052D4BB81B49.e.23993/enabled - {}
COMMAND: GET /session/06820c29678f15015ffe824e569d7d5a/screenshot - {}
RESULT: {}
COMMAND: POST /session/06820c29678f15015ffe824e569d7d5a/execute/sync - {"script":"<script> [8489 bytes]","args":[{"element-6066-11e4-a52e-4f735466cecf":"f.696EFCE712E801319DC54DDC19215679.d.3F410B7E4AF37EDD0F5D052D4BB81B49.e.23993","ELEMENT":"f.696EFCE712E801319DC54DDC19215679.d.3F410B7E4AF37EDD0F5D052D4BB81B49.e.23993"}]}
COMMAND: GET /session/06820c29678f15015ffe824e569d7d5a/screenshot - {}
RESULT: {}
RESULT: {"script":"<script> [8489 bytes]","args":[{"element-6066-11e4-a52e-4f735466cecf":"f.696EFCE712E801319DC54DDC19215679.d.3F410B7E4AF37EDD0F5D052D4BB81B49.e.23993","ELEMENT":"f.696EFCE712E801319DC54DDC19215679.d.3F410B7E4AF37EDD0F5D052D4BB81B49.e.23993"}]}
COMMAND: POST /session/06820c29678f15015ffe824e569d7d5a/execute/sync - {"script":"<script> [5351 bytes]","args":[{"element-6066-11e4-a52e-4f735466cecf":"f.696EFCE712E801319DC54DDC19215679.d.3F410B7E4AF37EDD0F5D052D4BB81B49.e.23993","ELEMENT":"f.696EFCE712E801319DC54DDC19215679.d.3F410B7E4AF37EDD0F5D052D4BB81B49.e.23993"}]}
COMMAND: GET /session/06820c29678f15015ffe824e569d7d5a/screenshot - {}
RESULT: {}
RESULT: {"script":"<script> [5351 bytes]","args":[{"element-6066-11e4-a52e-4f735466cecf":"f.696EFCE712E801319DC54DDC19215679.d.3F410B7E4AF37EDD0F5D052D4BB81B49.e.23993","ELEMENT":"f.696EFCE712E801319DC54DDC19215679.d.3F410B7E4AF37EDD0F5D052D4BB81B49.e.23993"}]}
COMMAND: GET /session/06820c29678f15015ffe824e569d7d5a/screenshot - {}
RESULT: {}
RESULT: {}
COMMAND: POST /session/06820c29678f15015ffe824e569d7d5a/element/f.696EFCE712E801319DC54DDC19215679.d.3F410B7E4AF37EDD0F5D052D4BB81B49.e.23993/clear - {}
RESULT: {}
COMMAND: POST /session/06820c29678f15015ffe824e569d7d5a/element/f.696EFCE712E801319DC54DDC19215679.d.3F410B7E4AF37EDD0F5D052D4BB81B49.e.23993/value - {"text":"556"}
COMMAND: GET /session/06820c29678f15015ffe824e569d7d5a/screenshot - {}
RESULT: {"text":"556"}
COMMAND: POST /session/06820c29678f15015ffe824e569d7d5a/actions - {"actions":[{"id":"action77","type":"key","parameters":{},"actions":[{"type":"keyDown","value":"î€‡"},{"type":"pause","duration":10},{"type":"keyUp","value":"î€‡"}]}]}
COMMAND: GET /session/06820c29678f15015ffe824e569d7d5a/screenshot - {}
RESULT: {}
RESULT: {"actions":[{"id":"action77","type":"key","parameters":{},"actions":[{"type":"keyDown","value":"î€‡"},{"type":"pause","duration":10},{"type":"keyUp","value":"î€‡"}]}]}
COMMAND: GET /session/06820c29678f15015ffe824e569d7d5a/screenshot - {}
RESULT: {}
RESULT: {}
COMMAND: POST /session/06820c29678f15015ffe824e569d7d5a/element - {"using":"xpath","value":"//button[contains(@data-kt, \"MasterMovementAddOverflowToolbarButton\")]"}
RESULT: {"using":"xpath","value":"//button[contains(@data-kt, \"MasterMovementAddOverflowToolbarButton\")]"}
COMMAND: POST /session/06820c29678f15015ffe824e569d7d5a/element/f.696EFCE712E801319DC54DDC19215679.d.3F410B7E4AF37EDD0F5D052D4BB81B49.e.24017/click - {}
RESULT: {}
COMMAND: GET /session/06820c29678f15015ffe824e569d7d5a/screenshot - {}
RESULT: {}
COMMAND: POST /session/06820c29678f15015ffe824e569d7d5a/element - {"using":"xpath","value":"//*[@id=\"application-warehousemovements-display-component---addMovement--sectionsList-arrow\"]"}
RESULT: {"using":"xpath","value":"//*[@id=\"application-warehousemovements-display-component---addMovement--sectionsList-arrow\"]"}
COMMAND: POST /session/06820c29678f15015ffe824e569d7d5a/element/f.696EFCE712E801319DC54DDC19215679.d.3F410B7E4AF37EDD0F5D052D4BB81B49.e.24221/click - {}
RESULT: {}
COMMAND: POST /session/06820c29678f15015ffe824e569d7d5a/actions - {"actions":[{"id":"action78","type":"key","parameters":{},"actions":[{"type":"keyDown","value":"î€•"},{"type":"pause","duration":10},{"type":"keyUp","value":"î€•"}]}]}
COMMAND: GET /session/06820c29678f15015ffe824e569d7d5a/screenshot - {}
RESULT: {"actions":[{"id":"action78","type":"key","parameters":{},"actions":[{"type":"keyDown","value":"î€•"},{"type":"pause","duration":10},{"type":"keyUp","value":"î€•"}]}]}
COMMAND: GET /session/06820c29678f15015ffe824e569d7d5a/screenshot - {}
RESULT: {}
RESULT: {}
COMMAND: POST /session/06820c29678f15015ffe824e569d7d5a/actions - {"actions":[{"id":"action79","type":"key","parameters":{},"actions":[{"type":"keyDown","value":"î€‡"},{"type":"pause","duration":10},{"type":"keyUp","value":"î€‡"}]}]}
RESULT: {"actions":[{"id":"action79","type":"key","parameters":{},"actions":[{"type":"keyDown","value":"î€‡"},{"type":"pause","duration":10},{"type":"keyUp","value":"î€‡"}]}]}
COMMAND: GET /session/06820c29678f15015ffe824e569d7d5a/screenshot - {}
RESULT: {}
COMMAND: POST /session/06820c29678f15015ffe824e569d7d5a/element - {"using":"xpath","value":"//*[@id=\"application-warehousemovements-display-component---addMovement--saveMovementBtn-BDI-content\" and text()=\"Save\"]"}
RESULT: {"using":"xpath","value":"//*[@id=\"application-warehousemovements-display-component---addMovement--saveMovementBtn-BDI-content\" and text()=\"Save\"]"}
COMMAND: POST /session/06820c29678f15015ffe824e569d7d5a/element/f.696EFCE712E801319DC54DDC19215679.d.3F410B7E4AF37EDD0F5D052D4BB81B49.e.24222/click - {}
RESULT: {}
COMMAND: GET /session/06820c29678f15015ffe824e569d7d5a/screenshot - {}
RESULT: {}
COMMAND: POST /session/06820c29678f15015ffe824e569d7d5a/element - {"using":"css selector","value":"#shell-header-logo"}
RESULT: {"using":"css selector","value":"#shell-header-logo"}
COMMAND: POST /session/06820c29678f15015ffe824e569d7d5a/element/f.696EFCE712E801319DC54DDC19215679.d.3F410B7E4AF37EDD0F5D052D4BB81B49.e.23974/click - {}
RESULT: {}
COMMAND: GET /session/06820c29678f15015ffe824e569d7d5a/screenshot - {}
RESULT: {}
]]></system-out>
    </testcase>
    <testcase classname="chrome.136_0_7103_93.windows.Create_masterdata_for_Yard_Overview_-_trigger_provide_US130988" name="Should do a stock increase handover for equipment" time="88.458">
      <system-out><![CDATA[
COMMAND: POST /session/06820c29678f15015ffe824e569d7d5a/execute/async - {"script":"<script> [1562 bytes]","args":[{"selector":{"controlType":"sap.m.GenericTile","properties":{"header":"Manage Handovers"}},"wdio_ui5_key":"sapm.GenericTile{\"header\":\"Manage Handovers\"}"}]}
RESULT: {"script":"<script> [1562 bytes]","args":[{"selector":{"controlType":"sap.m.GenericTile","properties":{"header":"Manage Handovers"}},"wdio_ui5_key":"sapm.GenericTile{\"header\":\"Manage Handovers\"}"}]}
RESULT: undefined
COMMAND: POST /session/06820c29678f15015ffe824e569d7d5a/element - {"using":"xpath","value":"//*[@id=\"__tile133\"]"}
RESULT: {"using":"xpath","value":"//*[@id=\"__tile133\"]"}
COMMAND: POST /session/06820c29678f15015ffe824e569d7d5a/element/f.696EFCE712E801319DC54DDC19215679.d.3F410B7E4AF37EDD0F5D052D4BB81B49.e.23347/click - {}
RESULT: {}
COMMAND: GET /session/06820c29678f15015ffe824e569d7d5a/screenshot - {}
RESULT: {}
COMMAND: POST /session/06820c29678f15015ffe824e569d7d5a/elements - {"using":"xpath","value":"//span[text()='Error']"}
RESULT: {"using":"xpath","value":"//span[text()='Error']"}
COMMAND: POST /session/06820c29678f15015ffe824e569d7d5a/element - {"using":"xpath","value":"//button[@data-kt=\"masterHOAddButton\"]"}
RESULT: {"using":"xpath","value":"//button[@data-kt=\"masterHOAddButton\"]"}
COMMAND: POST /session/06820c29678f15015ffe824e569d7d5a/elements - {"using":"xpath","value":"//button[@data-kt=\"masterHOAddButton\"]"}
RESULT: {"using":"xpath","value":"//button[@data-kt=\"masterHOAddButton\"]"}
COMMAND: POST /session/06820c29678f15015ffe824e569d7d5a/execute/sync - {"script":"<script> [8489 bytes]","args":[{"element-6066-11e4-a52e-4f735466cecf":"f.696EFCE712E801319DC54DDC19215679.d.3F410B7E4AF37EDD0F5D052D4BB81B49.e.24331","ELEMENT":"f.696EFCE712E801319DC54DDC19215679.d.3F410B7E4AF37EDD0F5D052D4BB81B49.e.24331"}]}
RESULT: {"script":"<script> [8489 bytes]","args":[{"element-6066-11e4-a52e-4f735466cecf":"f.696EFCE712E801319DC54DDC19215679.d.3F410B7E4AF37EDD0F5D052D4BB81B49.e.24331","ELEMENT":"f.696EFCE712E801319DC54DDC19215679.d.3F410B7E4AF37EDD0F5D052D4BB81B49.e.24331"}]}
COMMAND: GET /session/06820c29678f15015ffe824e569d7d5a/element/f.696EFCE712E801319DC54DDC19215679.d.3F410B7E4AF37EDD0F5D052D4BB81B49.e.24331/enabled - {}
COMMAND: GET /session/06820c29678f15015ffe824e569d7d5a/screenshot - {}
RESULT: {}
COMMAND: POST /session/06820c29678f15015ffe824e569d7d5a/execute/sync - {"script":"<script> [8489 bytes]","args":[{"element-6066-11e4-a52e-4f735466cecf":"f.696EFCE712E801319DC54DDC19215679.d.3F410B7E4AF37EDD0F5D052D4BB81B49.e.24331","ELEMENT":"f.696EFCE712E801319DC54DDC19215679.d.3F410B7E4AF37EDD0F5D052D4BB81B49.e.24331"}]}
COMMAND: GET /session/06820c29678f15015ffe824e569d7d5a/screenshot - {}
RESULT: {}
RESULT: {"script":"<script> [8489 bytes]","args":[{"element-6066-11e4-a52e-4f735466cecf":"f.696EFCE712E801319DC54DDC19215679.d.3F410B7E4AF37EDD0F5D052D4BB81B49.e.24331","ELEMENT":"f.696EFCE712E801319DC54DDC19215679.d.3F410B7E4AF37EDD0F5D052D4BB81B49.e.24331"}]}
COMMAND: POST /session/06820c29678f15015ffe824e569d7d5a/execute/sync - {"script":"<script> [5351 bytes]","args":[{"element-6066-11e4-a52e-4f735466cecf":"f.696EFCE712E801319DC54DDC19215679.d.3F410B7E4AF37EDD0F5D052D4BB81B49.e.24331","ELEMENT":"f.696EFCE712E801319DC54DDC19215679.d.3F410B7E4AF37EDD0F5D052D4BB81B49.e.24331"}]}
COMMAND: GET /session/06820c29678f15015ffe824e569d7d5a/screenshot - {}
RESULT: {}
RESULT: {"script":"<script> [5351 bytes]","args":[{"element-6066-11e4-a52e-4f735466cecf":"f.696EFCE712E801319DC54DDC19215679.d.3F410B7E4AF37EDD0F5D052D4BB81B49.e.24331","ELEMENT":"f.696EFCE712E801319DC54DDC19215679.d.3F410B7E4AF37EDD0F5D052D4BB81B49.e.24331"}]}
COMMAND: POST /session/06820c29678f15015ffe824e569d7d5a/element/f.696EFCE712E801319DC54DDC19215679.d.3F410B7E4AF37EDD0F5D052D4BB81B49.e.24331/click - {}
COMMAND: GET /session/06820c29678f15015ffe824e569d7d5a/screenshot - {}
RESULT: {}
RESULT: {}
COMMAND: GET /session/06820c29678f15015ffe824e569d7d5a/screenshot - {}
RESULT: {}
RESULT: {}
COMMAND: POST /session/06820c29678f15015ffe824e569d7d5a/element - {"using":"xpath","value":"//span[contains(@id ,\"AddNewHO--typeSelect-arrow\")]"}
RESULT: {"using":"xpath","value":"//span[contains(@id ,\"AddNewHO--typeSelect-arrow\")]"}
COMMAND: POST /session/06820c29678f15015ffe824e569d7d5a/element/f.696EFCE712E801319DC54DDC19215679.d.3F410B7E4AF37EDD0F5D052D4BB81B49.e.24694/click - {}
RESULT: {}
COMMAND: GET /session/06820c29678f15015ffe824e569d7d5a/screenshot - {}
RESULT: {}
COMMAND: POST /session/06820c29678f15015ffe824e569d7d5a/element - {"using":"xpath","value":"(//li[contains(text(), \"stock increase yard\")])[1]"}
RESULT: {"using":"xpath","value":"(//li[contains(text(), \"stock increase yard\")])[1]"}
COMMAND: POST /session/06820c29678f15015ffe824e569d7d5a/element/f.696EFCE712E801319DC54DDC19215679.d.3F410B7E4AF37EDD0F5D052D4BB81B49.e.24695/click - {}
RESULT: {}
COMMAND: GET /session/06820c29678f15015ffe824e569d7d5a/screenshot - {}
RESULT: {}
COMMAND: POST /session/06820c29678f15015ffe824e569d7d5a/execute/async - {"script":"<script> [1562 bytes]","args":[{"selector":{"id":"application-managehandovers-display-component---AddNewHO--dueDate","interaction":{"idSuffix":"inner"}},"wdio_ui5_key":"applicationmanagehandovers-display-component---AddNewHO--dueDate"}]}
RESULT: {"script":"<script> [1562 bytes]","args":[{"selector":{"id":"application-managehandovers-display-component---AddNewHO--dueDate","interaction":{"idSuffix":"inner"}},"wdio_ui5_key":"applicationmanagehandovers-display-component---AddNewHO--dueDate"}]}
RESULT: undefined
COMMAND: POST /session/06820c29678f15015ffe824e569d7d5a/execute/async - {"script":"<script> [6424 bytes]","args":[{"element-6066-11e4-a52e-4f735466cecf":"f.696EFCE712E801319DC54DDC19215679.d.3F410B7E4AF37EDD0F5D052D4BB81B49.e.24697"},"setValue",["5/19/25"]]}
RESULT: {"script":"<script> [6424 bytes]","args":[{"element-6066-11e4-a52e-4f735466cecf":"f.696EFCE712E801319DC54DDC19215679.d.3F410B7E4AF37EDD0F5D052D4BB81B49.e.24697"},"setValue",["5/19/25"]]}
COMMAND: POST /session/06820c29678f15015ffe824e569d7d5a/element - {"using":"xpath","value":"//input[@id=\"generalSectionFrg--receiveYard-inner\"]"}
RESULT: {"using":"xpath","value":"//input[@id=\"generalSectionFrg--receiveYard-inner\"]"}
COMMAND: POST /session/06820c29678f15015ffe824e569d7d5a/element/f.696EFCE712E801319DC54DDC19215679.d.3F410B7E4AF37EDD0F5D052D4BB81B49.e.24701/clear - {}
RESULT: {}
COMMAND: POST /session/06820c29678f15015ffe824e569d7d5a/element/f.696EFCE712E801319DC54DDC19215679.d.3F410B7E4AF37EDD0F5D052D4BB81B49.e.24701/value - {"text":"556"}
COMMAND: GET /session/06820c29678f15015ffe824e569d7d5a/screenshot - {}
RESULT: {"text":"556"}
COMMAND: GET /session/06820c29678f15015ffe824e569d7d5a/screenshot - {}
RESULT: {}
RESULT: {}
COMMAND: POST /session/06820c29678f15015ffe824e569d7d5a/element - {"using":"xpath","value":"//li[.//span[text()='556']]"}
RESULT: {"using":"xpath","value":"//li[.//span[text()='556']]"}
COMMAND: POST /session/06820c29678f15015ffe824e569d7d5a/element/f.696EFCE712E801319DC54DDC19215679.d.3F410B7E4AF37EDD0F5D052D4BB81B49.e.24719/click - {}
RESULT: {}
COMMAND: GET /session/06820c29678f15015ffe824e569d7d5a/screenshot - {}
RESULT: {}
COMMAND: POST /session/06820c29678f15015ffe824e569d7d5a/execute/async - {"script":"<script> [1562 bytes]","args":[{"selector":{"id":"application-managehandovers-display-component---AddNewHO--ObjectPageLayout-anchBar-application-managehandovers-display-component---AddNewHO--section4-anchor","interaction":{"idSuffix":"BDI-content"}},"wdio_ui5_key":"applicationmanagehandovers-display-component---AddNewHO--ObjectPageLayout-anchBar-application-managehandovers-display-component---AddNewHO--section4-anchor"}]}
RESULT: {"script":"<script> [1562 bytes]","args":[{"selector":{"id":"application-managehandovers-display-component---AddNewHO--ObjectPageLayout-anchBar-application-managehandovers-display-component---AddNewHO--section4-anchor","interaction":{"idSuffix":"BDI-content"}},"wdio_ui5_key":"applicationmanagehandovers-display-component---AddNewHO--ObjectPageLayout-anchBar-application-managehandovers-display-component---AddNewHO--section4-anchor"}]}
RESULT: undefined
COMMAND: POST /session/06820c29678f15015ffe824e569d7d5a/element - {"using":"xpath","value":"//*[@id=\"application-managehandovers-display-component---AddNewHO--ObjectPageLayout-anchBar-application-managehandovers-display-component---AddNewHO--section4-anchor\"]"}
RESULT: {"using":"xpath","value":"//*[@id=\"application-managehandovers-display-component---AddNewHO--ObjectPageLayout-anchBar-application-managehandovers-display-component---AddNewHO--section4-anchor\"]"}
COMMAND: POST /session/06820c29678f15015ffe824e569d7d5a/element/f.696EFCE712E801319DC54DDC19215679.d.3F410B7E4AF37EDD0F5D052D4BB81B49.e.24721/click - {}
RESULT: {}
COMMAND: POST /session/06820c29678f15015ffe824e569d7d5a/element - {"using":"xpath","value":"//button[@aria-label=\"Add\"]"}
COMMAND: GET /session/06820c29678f15015ffe824e569d7d5a/screenshot - {}
RESULT: {"using":"xpath","value":"//button[@aria-label=\"Add\"]"}
COMMAND: POST /session/06820c29678f15015ffe824e569d7d5a/element/f.696EFCE712E801319DC54DDC19215679.d.3F410B7E4AF37EDD0F5D052D4BB81B49.e.24723/click - {}
RESULT: {}
RESULT: {}
COMMAND: GET /session/06820c29678f15015ffe824e569d7d5a/screenshot - {}
RESULT: {}
COMMAND: POST /session/06820c29678f15015ffe824e569d7d5a/execute/async - {"script":"<script> [1562 bytes]","args":[{"selector":{"id":"application-managehandovers-display-component---AddNewHO--smartFilterBar-btnBasicSearch","searchOpenDialogs":true,"interaction":{"idSuffix":"I"}},"wdio_ui5_key":"applicationmanagehandovers-display-component---AddNewHO--smartFilterBar-btnBasicSearch"}]}
RESULT: {"script":"<script> [1562 bytes]","args":[{"selector":{"id":"application-managehandovers-display-component---AddNewHO--smartFilterBar-btnBasicSearch","searchOpenDialogs":true,"interaction":{"idSuffix":"I"}},"wdio_ui5_key":"applicationmanagehandovers-display-component---AddNewHO--smartFilterBar-btnBasicSearch"}]}
RESULT: undefined
COMMAND: POST /session/06820c29678f15015ffe824e569d7d5a/execute/async - {"script":"<script> [776 bytes]","args":[{"enterText":"200311","selector":{"id":"application-managehandovers-display-component---AddNewHO--smartFilterBar-btnBasicSearch","searchOpenDialogs":true,"interaction":{"idSuffix":"I"}},"clearTextFirst":true,"interactionType":"ENTER_TEXT"}]}
RESULT: {"script":"<script> [776 bytes]","args":[{"enterText":"200311","selector":{"id":"application-managehandovers-display-component---AddNewHO--smartFilterBar-btnBasicSearch","searchOpenDialogs":true,"interaction":{"idSuffix":"I"}},"clearTextFirst":true,"interactionType":"ENTER_TEXT"}]}
COMMAND: POST /session/06820c29678f15015ffe824e569d7d5a/actions - {"actions":[{"id":"action80","type":"key","parameters":{},"actions":[{"type":"keyDown","value":"î€‡"},{"type":"pause","duration":10},{"type":"keyUp","value":"î€‡"}]}]}
RESULT: {"actions":[{"id":"action80","type":"key","parameters":{},"actions":[{"type":"keyDown","value":"î€‡"},{"type":"pause","duration":10},{"type":"keyUp","value":"î€‡"}]}]}
COMMAND: GET /session/06820c29678f15015ffe824e569d7d5a/screenshot - {}
RESULT: {}
COMMAND: POST /session/06820c29678f15015ffe824e569d7d5a/execute/async - {"script":"<script> [1562 bytes]","args":[{"selector":{"id":"application-managehandovers-display-component---AddNewHO--popup-sa","searchOpenDialogs":true,"interaction":{"idSuffix":"CbBg"}},"wdio_ui5_key":"applicationmanagehandovers-display-component---AddNewHO--popup-sa"}]}
RESULT: {"script":"<script> [1562 bytes]","args":[{"selector":{"id":"application-managehandovers-display-component---AddNewHO--popup-sa","searchOpenDialogs":true,"interaction":{"idSuffix":"CbBg"}},"wdio_ui5_key":"applicationmanagehandovers-display-component---AddNewHO--popup-sa"}]}
RESULT: undefined
COMMAND: POST /session/06820c29678f15015ffe824e569d7d5a/element - {"using":"xpath","value":"//*[@id=\"application-managehandovers-display-component---AddNewHO--popup-sa\"]"}
RESULT: {"using":"xpath","value":"//*[@id=\"application-managehandovers-display-component---AddNewHO--popup-sa\"]"}
COMMAND: POST /session/06820c29678f15015ffe824e569d7d5a/element/f.696EFCE712E801319DC54DDC19215679.d.3F410B7E4AF37EDD0F5D052D4BB81B49.e.24875/click - {}
RESULT: {}
COMMAND: GET /session/06820c29678f15015ffe824e569d7d5a/screenshot - {}
RESULT: {}
COMMAND: POST /session/06820c29678f15015ffe824e569d7d5a/element - {"using":"xpath","value":"//bdi[contains(text(), \"Select\")]"}
RESULT: {"using":"xpath","value":"//bdi[contains(text(), \"Select\")]"}
COMMAND: POST /session/06820c29678f15015ffe824e569d7d5a/element/f.696EFCE712E801319DC54DDC19215679.d.3F410B7E4AF37EDD0F5D052D4BB81B49.e.24876/click - {}
RESULT: {}
COMMAND: GET /session/06820c29678f15015ffe824e569d7d5a/screenshot - {}
RESULT: {}
COMMAND: POST /session/06820c29678f15015ffe824e569d7d5a/element - {"using":"xpath","value":"//button[@data-kt=\"AddNewHOSaveButton\"]"}
RESULT: {"using":"xpath","value":"//button[@data-kt=\"AddNewHOSaveButton\"]"}
COMMAND: POST /session/06820c29678f15015ffe824e569d7d5a/element/f.696EFCE712E801319DC54DDC19215679.d.3F410B7E4AF37EDD0F5D052D4BB81B49.e.24880/click - {}
RESULT: {}
COMMAND: GET /session/06820c29678f15015ffe824e569d7d5a/screenshot - {}
RESULT: {}
COMMAND: POST /session/06820c29678f15015ffe824e569d7d5a/execute/async - {"script":"<script> [1562 bytes]","args":[{"selector":{"id":"receiptDatePicker","viewName":"etm.portal.ui.managehandovers.view.DetailExecuteHO","interaction":{"idSuffix":"inner"}},"wdio_ui5_key":"receiptDatePickeretmportal.ui.managehandovers.view.DetailExecuteHO"}]}
RESULT: {"script":"<script> [1562 bytes]","args":[{"selector":{"id":"receiptDatePicker","viewName":"etm.portal.ui.managehandovers.view.DetailExecuteHO","interaction":{"idSuffix":"inner"}},"wdio_ui5_key":"receiptDatePickeretmportal.ui.managehandovers.view.DetailExecuteHO"}]}
RESULT: undefined
COMMAND: POST /session/06820c29678f15015ffe824e569d7d5a/execute/async - {"script":"<script> [6424 bytes]","args":[{"element-6066-11e4-a52e-4f735466cecf":"f.696EFCE712E801319DC54DDC19215679.d.3F410B7E4AF37EDD0F5D052D4BB81B49.e.24899"},"setValue",["5/19/25"]]}
RESULT: {"script":"<script> [6424 bytes]","args":[{"element-6066-11e4-a52e-4f735466cecf":"f.696EFCE712E801319DC54DDC19215679.d.3F410B7E4AF37EDD0F5D052D4BB81B49.e.24899"},"setValue",["5/19/25"]]}
COMMAND: POST /session/06820c29678f15015ffe824e569d7d5a/element - {"using":"xpath","value":"//button[@data-kt=\"PickingTableConfirmAllButton\"]"}
RESULT: {"using":"xpath","value":"//button[@data-kt=\"PickingTableConfirmAllButton\"]"}
COMMAND: POST /session/06820c29678f15015ffe824e569d7d5a/element/f.696EFCE712E801319DC54DDC19215679.d.3F410B7E4AF37EDD0F5D052D4BB81B49.e.24916/click - {}
RESULT: {}
COMMAND: GET /session/06820c29678f15015ffe824e569d7d5a/screenshot - {}
RESULT: {}
COMMAND: POST /session/06820c29678f15015ffe824e569d7d5a/element - {"using":"xpath","value":"//bdi[contains(text(), \"OK\")]"}
RESULT: {"using":"xpath","value":"//bdi[contains(text(), \"OK\")]"}
COMMAND: POST /session/06820c29678f15015ffe824e569d7d5a/element/f.696EFCE712E801319DC54DDC19215679.d.3F410B7E4AF37EDD0F5D052D4BB81B49.e.24918/click - {}
RESULT: {}
COMMAND: GET /session/06820c29678f15015ffe824e569d7d5a/screenshot - {}
RESULT: {}
COMMAND: POST /session/06820c29678f15015ffe824e569d7d5a/element - {"using":"xpath","value":"(//bdi[contains(text(), \"Receive\")])[2]"}
RESULT: {"using":"xpath","value":"(//bdi[contains(text(), \"Receive\")])[2]"}
COMMAND: POST /session/06820c29678f15015ffe824e569d7d5a/element/f.696EFCE712E801319DC54DDC19215679.d.3F410B7E4AF37EDD0F5D052D4BB81B49.e.24920/click - {}
RESULT: {}
COMMAND: GET /session/06820c29678f15015ffe824e569d7d5a/screenshot - {}
RESULT: {}
COMMAND: POST /session/06820c29678f15015ffe824e569d7d5a/element - {"using":"css selector","value":"#shell-header-logo"}
RESULT: {"using":"css selector","value":"#shell-header-logo"}
COMMAND: POST /session/06820c29678f15015ffe824e569d7d5a/element/f.696EFCE712E801319DC54DDC19215679.d.3F410B7E4AF37EDD0F5D052D4BB81B49.e.24298/click - {}
RESULT: {}
COMMAND: GET /session/06820c29678f15015ffe824e569d7d5a/screenshot - {}
RESULT: {}
]]></system-out>
    </testcase>
    <testcase classname="chrome.136_0_7103_93.windows.Create_masterdata_for_Yard_Overview_-_trigger_provide_US130988" name="Set status to defect" time="58.434">
      <system-out><![CDATA[
COMMAND: POST /session/06820c29678f15015ffe824e569d7d5a/execute/async - {"script":"<script> [1562 bytes]","args":[{"selector":{"controlType":"sap.m.GenericTile","properties":{"header":"Manage States & Performance"}},"wdio_ui5_key":"sapm.GenericTile{\"header\":\"Manage States & Performance\"}"}]}
RESULT: {"script":"<script> [1562 bytes]","args":[{"selector":{"controlType":"sap.m.GenericTile","properties":{"header":"Manage States & Performance"}},"wdio_ui5_key":"sapm.GenericTile{\"header\":\"Manage States & Performance\"}"}]}
RESULT: undefined
COMMAND: POST /session/06820c29678f15015ffe824e569d7d5a/element - {"using":"xpath","value":"//*[@id=\"__tile96\"]"}
RESULT: {"using":"xpath","value":"//*[@id=\"__tile96\"]"}
COMMAND: POST /session/06820c29678f15015ffe824e569d7d5a/element/f.696EFCE712E801319DC54DDC19215679.d.3F410B7E4AF37EDD0F5D052D4BB81B49.e.23392/click - {}
RESULT: {}
COMMAND: GET /session/06820c29678f15015ffe824e569d7d5a/screenshot - {}
RESULT: {}
COMMAND: POST /session/06820c29678f15015ffe824e569d7d5a/elements - {"using":"xpath","value":"//span[text()='Error']"}
RESULT: {"using":"xpath","value":"//span[text()='Error']"}
COMMAND: POST /session/06820c29678f15015ffe824e569d7d5a/execute/async - {"script":"<script> [1562 bytes]","args":[{"selector":{"controlType":"sap.ui.core.Icon","viewName":"etm.portal.ui.managestatesandperformance.view.Master","viewId":"application-managestatesandperformance-display-component---stateAndPerform","properties":{"src":{"regex":{"source":"inventory"}}}},"wdio_ui5_key":"etmportal.ui.managestatesandperformance.view.Mastersap.ui.core.Icon{\"src\":{\"regex\":{\"source\":\"inventory\"}}}"}]}
RESULT: {"script":"<script> [1562 bytes]","args":[{"selector":{"controlType":"sap.ui.core.Icon","viewName":"etm.portal.ui.managestatesandperformance.view.Master","viewId":"application-managestatesandperformance-display-component---stateAndPerform","properties":{"src":{"regex":{"source":"inventory"}}}},"wdio_ui5_key":"etmportal.ui.managestatesandperformance.view.Mastersap.ui.core.Icon{\"src\":{\"regex\":{\"source\":\"inventory\"}}}"}]}
RESULT: undefined
COMMAND: POST /session/06820c29678f15015ffe824e569d7d5a/element - {"using":"xpath","value":"//*[@id=\"__filter57-icon\"]"}
RESULT: {"using":"xpath","value":"//*[@id=\"__filter57-icon\"]"}
COMMAND: POST /session/06820c29678f15015ffe824e569d7d5a/element/f.696EFCE712E801319DC54DDC19215679.d.3F410B7E4AF37EDD0F5D052D4BB81B49.e.25183/click - {}
RESULT: {}
COMMAND: POST /session/06820c29678f15015ffe824e569d7d5a/execute/async - {"script":"<script> [1562 bytes]","args":[{"selector":{"id":"application-managestatesandperformance-display-component---stateAndPerform--smartFilterBarYard-btnBasicSearch","interaction":{"idSuffix":"I"}},"wdio_ui5_key":"applicationmanagestatesandperformance-display-component---stateAndPerform--smartFilterBarYard-btnBasicSearch"}]}
COMMAND: GET /session/06820c29678f15015ffe824e569d7d5a/screenshot - {}
RESULT: {"script":"<script> [1562 bytes]","args":[{"selector":{"id":"application-managestatesandperformance-display-component---stateAndPerform--smartFilterBarYard-btnBasicSearch","interaction":{"idSuffix":"I"}},"wdio_ui5_key":"applicationmanagestatesandperformance-display-component---stateAndPerform--smartFilterBarYard-btnBasicSearch"}]}
RESULT: undefined
COMMAND: POST /session/06820c29678f15015ffe824e569d7d5a/execute/async - {"script":"<script> [776 bytes]","args":[{"enterText":"200311","selector":{"id":"application-managestatesandperformance-display-component---stateAndPerform--smartFilterBarYard-btnBasicSearch","interaction":{"idSuffix":"I"}},"clearTextFirst":true,"interactionType":"ENTER_TEXT"}]}
RESULT: {}
RESULT: {"script":"<script> [776 bytes]","args":[{"enterText":"200311","selector":{"id":"application-managestatesandperformance-display-component---stateAndPerform--smartFilterBarYard-btnBasicSearch","interaction":{"idSuffix":"I"}},"clearTextFirst":true,"interactionType":"ENTER_TEXT"}]}
COMMAND: POST /session/06820c29678f15015ffe824e569d7d5a/actions - {"actions":[{"id":"action81","type":"key","parameters":{},"actions":[{"type":"keyDown","value":"î€‡"},{"type":"pause","duration":10},{"type":"keyUp","value":"î€‡"}]}]}
RESULT: {"actions":[{"id":"action81","type":"key","parameters":{},"actions":[{"type":"keyDown","value":"î€‡"},{"type":"pause","duration":10},{"type":"keyUp","value":"î€‡"}]}]}
COMMAND: GET /session/06820c29678f15015ffe824e569d7d5a/screenshot - {}
RESULT: {}
COMMAND: POST /session/06820c29678f15015ffe824e569d7d5a/element - {"using":"xpath","value":"(//span[contains(@id, \"imgNav\")])[1]"}
RESULT: {"using":"xpath","value":"(//span[contains(@id, \"imgNav\")])[1]"}
COMMAND: POST /session/06820c29678f15015ffe824e569d7d5a/element/f.696EFCE712E801319DC54DDC19215679.d.3F410B7E4AF37EDD0F5D052D4BB81B49.e.25262/click - {}
RESULT: {}
COMMAND: GET /session/06820c29678f15015ffe824e569d7d5a/screenshot - {}
RESULT: {}
COMMAND: POST /session/06820c29678f15015ffe824e569d7d5a/execute/async - {"script":"<script> [1562 bytes]","args":[{"selector":{"controlType":"sap.m.Button","viewName":"etm.portal.ui.managestatesandperformance.view.Detail","viewId":"application-managestatesandperformance-display-component---detailStateAndPerform","i18NText":{"propertyName":"text","key":"createStateChange"},"interaction":{"idSuffix":"content"}},"wdio_ui5_key":"etmportal.ui.managestatesandperformance.view.Detailsap.m.Button{\"propertyName\":\"text\",\"key\":\"createStateChange\"}"}]}
RESULT: {"script":"<script> [1562 bytes]","args":[{"selector":{"controlType":"sap.m.Button","viewName":"etm.portal.ui.managestatesandperformance.view.Detail","viewId":"application-managestatesandperformance-display-component---detailStateAndPerform","i18NText":{"propertyName":"text","key":"createStateChange"},"interaction":{"idSuffix":"content"}},"wdio_ui5_key":"etmportal.ui.managestatesandperformance.view.Detailsap.m.Button{\"propertyName\":\"text\",\"key\":\"createStateChange\"}"}]}
RESULT: undefined
COMMAND: POST /session/06820c29678f15015ffe824e569d7d5a/element - {"using":"xpath","value":"//*[@id=\"__button163\"]"}
RESULT: {"using":"xpath","value":"//*[@id=\"__button163\"]"}
COMMAND: POST /session/06820c29678f15015ffe824e569d7d5a/element/f.696EFCE712E801319DC54DDC19215679.d.3F410B7E4AF37EDD0F5D052D4BB81B49.e.25306/click - {}
RESULT: {}
COMMAND: GET /session/06820c29678f15015ffe824e569d7d5a/screenshot - {}
RESULT: {}
COMMAND: POST /session/06820c29678f15015ffe824e569d7d5a/execute/async - {"script":"<script> [1562 bytes]","args":[{"selector":{"id":"addStateDialog--stateSelect","searchOpenDialogs":true,"interaction":{"idSuffix":"arrow"}},"wdio_ui5_key":"addStateDialogstateSelect"}]}
RESULT: {"script":"<script> [1562 bytes]","args":[{"selector":{"id":"addStateDialog--stateSelect","searchOpenDialogs":true,"interaction":{"idSuffix":"arrow"}},"wdio_ui5_key":"addStateDialogstateSelect"}]}
RESULT: undefined
COMMAND: POST /session/06820c29678f15015ffe824e569d7d5a/element - {"using":"xpath","value":"//*[@id=\"addStateDialog--stateSelect\"]"}
RESULT: {"using":"xpath","value":"//*[@id=\"addStateDialog--stateSelect\"]"}
COMMAND: POST /session/06820c29678f15015ffe824e569d7d5a/element/f.696EFCE712E801319DC54DDC19215679.d.3F410B7E4AF37EDD0F5D052D4BB81B49.e.25339/click - {}
RESULT: {}
COMMAND: GET /session/06820c29678f15015ffe824e569d7d5a/screenshot - {}
RESULT: {}
COMMAND: POST /session/06820c29678f15015ffe824e569d7d5a/element - {"using":"xpath","value":"//li[text()=\"defect\"]"}
RESULT: {"using":"xpath","value":"//li[text()=\"defect\"]"}
COMMAND: POST /session/06820c29678f15015ffe824e569d7d5a/element/f.696EFCE712E801319DC54DDC19215679.d.3F410B7E4AF37EDD0F5D052D4BB81B49.e.25342/click - {}
RESULT: {}
COMMAND: GET /session/06820c29678f15015ffe824e569d7d5a/screenshot - {}
RESULT: {}
COMMAND: POST /session/06820c29678f15015ffe824e569d7d5a/element - {"using":"xpath","value":"//span[contains(@id,\"incrementBtn\")]"}
RESULT: {"using":"xpath","value":"//span[contains(@id,\"incrementBtn\")]"}
COMMAND: POST /session/06820c29678f15015ffe824e569d7d5a/element/f.696EFCE712E801319DC54DDC19215679.d.3F410B7E4AF37EDD0F5D052D4BB81B49.e.25343/click - {}
RESULT: {}
COMMAND: GET /session/06820c29678f15015ffe824e569d7d5a/screenshot - {}
RESULT: {}
COMMAND: POST /session/06820c29678f15015ffe824e569d7d5a/element - {"using":"xpath","value":"//button[@data-kt=\"confirmAddStateButton\"]"}
RESULT: {"using":"xpath","value":"//button[@data-kt=\"confirmAddStateButton\"]"}
COMMAND: POST /session/06820c29678f15015ffe824e569d7d5a/element/f.696EFCE712E801319DC54DDC19215679.d.3F410B7E4AF37EDD0F5D052D4BB81B49.e.25344/click - {}
RESULT: {}
COMMAND: GET /session/06820c29678f15015ffe824e569d7d5a/screenshot - {}
RESULT: {}
COMMAND: POST /session/06820c29678f15015ffe824e569d7d5a/element - {"using":"css selector","value":"#shell-header-logo"}
RESULT: {"using":"css selector","value":"#shell-header-logo"}
COMMAND: POST /session/06820c29678f15015ffe824e569d7d5a/element/f.696EFCE712E801319DC54DDC19215679.d.3F410B7E4AF37EDD0F5D052D4BB81B49.e.25096/click - {}
RESULT: {}
COMMAND: GET /session/06820c29678f15015ffe824e569d7d5a/screenshot - {}
RESULT: {}
]]></system-out>
    </testcase>
    <testcase classname="chrome.136_0_7103_93.windows.Create_masterdata_for_Yard_Overview_-_trigger_provide_US130988" name="Should do a Stock Decrease" time="97.802">
      <system-out><![CDATA[
RESULT: undefined
COMMAND: POST /session/06820c29678f15015ffe824e569d7d5a/element - {"using":"xpath","value":"//*[@id=\"__tile133\"]"}
RESULT: {"using":"xpath","value":"//*[@id=\"__tile133\"]"}
COMMAND: POST /session/06820c29678f15015ffe824e569d7d5a/element/f.696EFCE712E801319DC54DDC19215679.d.3F410B7E4AF37EDD0F5D052D4BB81B49.e.23347/click - {}
RESULT: {}
COMMAND: GET /session/06820c29678f15015ffe824e569d7d5a/screenshot - {}
RESULT: {}
COMMAND: POST /session/06820c29678f15015ffe824e569d7d5a/elements - {"using":"xpath","value":"//span[text()='Error']"}
RESULT: {"using":"xpath","value":"//span[text()='Error']"}
COMMAND: POST /session/06820c29678f15015ffe824e569d7d5a/element - {"using":"xpath","value":"//button[@data-kt=\"masterHOAddButton\"]"}
RESULT: {"using":"xpath","value":"//button[@data-kt=\"masterHOAddButton\"]"}
COMMAND: POST /session/06820c29678f15015ffe824e569d7d5a/elements - {"using":"xpath","value":"//button[@data-kt=\"masterHOAddButton\"]"}
RESULT: {"using":"xpath","value":"//button[@data-kt=\"masterHOAddButton\"]"}
COMMAND: POST /session/06820c29678f15015ffe824e569d7d5a/execute/sync - {"script":"<script> [8489 bytes]","args":[{"element-6066-11e4-a52e-4f735466cecf":"f.696EFCE712E801319DC54DDC19215679.d.3F410B7E4AF37EDD0F5D052D4BB81B49.e.25373","ELEMENT":"f.696EFCE712E801319DC54DDC19215679.d.3F410B7E4AF37EDD0F5D052D4BB81B49.e.25373"}]}
RESULT: {"script":"<script> [8489 bytes]","args":[{"element-6066-11e4-a52e-4f735466cecf":"f.696EFCE712E801319DC54DDC19215679.d.3F410B7E4AF37EDD0F5D052D4BB81B49.e.25373","ELEMENT":"f.696EFCE712E801319DC54DDC19215679.d.3F410B7E4AF37EDD0F5D052D4BB81B49.e.25373"}]}
COMMAND: GET /session/06820c29678f15015ffe824e569d7d5a/element/f.696EFCE712E801319DC54DDC19215679.d.3F410B7E4AF37EDD0F5D052D4BB81B49.e.25373/enabled - {}
COMMAND: GET /session/06820c29678f15015ffe824e569d7d5a/screenshot - {}
RESULT: {}
COMMAND: POST /session/06820c29678f15015ffe824e569d7d5a/execute/sync - {"script":"<script> [8489 bytes]","args":[{"element-6066-11e4-a52e-4f735466cecf":"f.696EFCE712E801319DC54DDC19215679.d.3F410B7E4AF37EDD0F5D052D4BB81B49.e.25373","ELEMENT":"f.696EFCE712E801319DC54DDC19215679.d.3F410B7E4AF37EDD0F5D052D4BB81B49.e.25373"}]}
COMMAND: GET /session/06820c29678f15015ffe824e569d7d5a/screenshot - {}
RESULT: {}
RESULT: {"script":"<script> [8489 bytes]","args":[{"element-6066-11e4-a52e-4f735466cecf":"f.696EFCE712E801319DC54DDC19215679.d.3F410B7E4AF37EDD0F5D052D4BB81B49.e.25373","ELEMENT":"f.696EFCE712E801319DC54DDC19215679.d.3F410B7E4AF37EDD0F5D052D4BB81B49.e.25373"}]}
COMMAND: POST /session/06820c29678f15015ffe824e569d7d5a/execute/sync - {"script":"<script> [5351 bytes]","args":[{"element-6066-11e4-a52e-4f735466cecf":"f.696EFCE712E801319DC54DDC19215679.d.3F410B7E4AF37EDD0F5D052D4BB81B49.e.25373","ELEMENT":"f.696EFCE712E801319DC54DDC19215679.d.3F410B7E4AF37EDD0F5D052D4BB81B49.e.25373"}]}
COMMAND: GET /session/06820c29678f15015ffe824e569d7d5a/screenshot - {}
RESULT: {}
RESULT: {"script":"<script> [5351 bytes]","args":[{"element-6066-11e4-a52e-4f735466cecf":"f.696EFCE712E801319DC54DDC19215679.d.3F410B7E4AF37EDD0F5D052D4BB81B49.e.25373","ELEMENT":"f.696EFCE712E801319DC54DDC19215679.d.3F410B7E4AF37EDD0F5D052D4BB81B49.e.25373"}]}
COMMAND: POST /session/06820c29678f15015ffe824e569d7d5a/element/f.696EFCE712E801319DC54DDC19215679.d.3F410B7E4AF37EDD0F5D052D4BB81B49.e.25373/click - {}
COMMAND: GET /session/06820c29678f15015ffe824e569d7d5a/screenshot - {}
RESULT: {}
RESULT: {}
COMMAND: GET /session/06820c29678f15015ffe824e569d7d5a/screenshot - {}
RESULT: {}
RESULT: {}
COMMAND: POST /session/06820c29678f15015ffe824e569d7d5a/element - {"using":"xpath","value":"//span[contains(@id ,\"AddNewHO--typeSelect-arrow\")]"}
RESULT: {"using":"xpath","value":"//span[contains(@id ,\"AddNewHO--typeSelect-arrow\")]"}
COMMAND: POST /session/06820c29678f15015ffe824e569d7d5a/element/f.696EFCE712E801319DC54DDC19215679.d.3F410B7E4AF37EDD0F5D052D4BB81B49.e.25803/click - {}
RESULT: {}
COMMAND: GET /session/06820c29678f15015ffe824e569d7d5a/screenshot - {}
RESULT: {}
COMMAND: POST /session/06820c29678f15015ffe824e569d7d5a/element - {"using":"xpath","value":"(//li[contains(text(), \"stock decrease yard\")])[1]"}
RESULT: {"using":"xpath","value":"(//li[contains(text(), \"stock decrease yard\")])[1]"}
COMMAND: POST /session/06820c29678f15015ffe824e569d7d5a/element/f.696EFCE712E801319DC54DDC19215679.d.3F410B7E4AF37EDD0F5D052D4BB81B49.e.25804/click - {}
RESULT: {}
COMMAND: GET /session/06820c29678f15015ffe824e569d7d5a/screenshot - {}
RESULT: {}
RESULT: undefined
COMMAND: POST /session/06820c29678f15015ffe824e569d7d5a/execute/async - {"script":"<script> [6424 bytes]","args":[{"element-6066-11e4-a52e-4f735466cecf":"f.696EFCE712E801319DC54DDC19215679.d.3F410B7E4AF37EDD0F5D052D4BB81B49.e.24697"},"setValue",["5/19/25"]]}
COMMAND: POST /session/06820c29678f15015ffe824e569d7d5a/execute/async - {"script":"<script> [1562 bytes]","args":[{"selector":{"id":"application-managehandovers-display-component---AddNewHO--dueDate","interaction":{"idSuffix":"inner"}},"wdio_ui5_key":"applicationmanagehandovers-display-component---AddNewHO--dueDate"}]}
RESULT: {"script":"<script> [1562 bytes]","args":[{"selector":{"id":"application-managehandovers-display-component---AddNewHO--dueDate","interaction":{"idSuffix":"inner"}},"wdio_ui5_key":"applicationmanagehandovers-display-component---AddNewHO--dueDate"}]}
COMMAND: POST /session/06820c29678f15015ffe824e569d7d5a/execute/async - {"script":"<script> [6424 bytes]","args":[{"element-6066-11e4-a52e-4f735466cecf":"f.696EFCE712E801319DC54DDC19215679.d.3F410B7E4AF37EDD0F5D052D4BB81B49.e.25818"},"setValue",["5/19/25"]]}
RESULT: {"script":"<script> [6424 bytes]","args":[{"element-6066-11e4-a52e-4f735466cecf":"f.696EFCE712E801319DC54DDC19215679.d.3F410B7E4AF37EDD0F5D052D4BB81B49.e.25818"},"setValue",["5/19/25"]]}
COMMAND: POST /session/06820c29678f15015ffe824e569d7d5a/element - {"using":"xpath","value":"//input[@id=\"generalSectionFrg--sendYard-inner\"]"}
RESULT: {"using":"xpath","value":"//input[@id=\"generalSectionFrg--sendYard-inner\"]"}
COMMAND: POST /session/06820c29678f15015ffe824e569d7d5a/element/f.696EFCE712E801319DC54DDC19215679.d.3F410B7E4AF37EDD0F5D052D4BB81B49.e.25822/clear - {}
RESULT: {}
COMMAND: POST /session/06820c29678f15015ffe824e569d7d5a/element/f.696EFCE712E801319DC54DDC19215679.d.3F410B7E4AF37EDD0F5D052D4BB81B49.e.25822/value - {"text":"556"}
COMMAND: GET /session/06820c29678f15015ffe824e569d7d5a/screenshot - {}
RESULT: {"text":"556"}
COMMAND: GET /session/06820c29678f15015ffe824e569d7d5a/screenshot - {}
RESULT: {}
RESULT: {}
COMMAND: POST /session/06820c29678f15015ffe824e569d7d5a/element - {"using":"xpath","value":"//li[.//span[text()='556']]"}
RESULT: {"using":"xpath","value":"//li[.//span[text()='556']]"}
COMMAND: POST /session/06820c29678f15015ffe824e569d7d5a/element/f.696EFCE712E801319DC54DDC19215679.d.3F410B7E4AF37EDD0F5D052D4BB81B49.e.25839/click - {}
RESULT: {}
COMMAND: GET /session/06820c29678f15015ffe824e569d7d5a/screenshot - {}
RESULT: {}
COMMAND: POST /session/06820c29678f15015ffe824e569d7d5a/execute/async - {"script":"<script> [1562 bytes]","args":[{"selector":{"controlType":"sap.ui.core.Icon","viewName":"etm.portal.ui.managehandovers.view.AddNewHO","viewId":"application-managehandovers-display-component---AddNewHO","properties":{"src":{"regex":{"source":"slim\\-arrow\\-down"}}},"ancestor":{"controlType":"etm.portal.ui.reusables.customControls.LiveSearchComboBox","viewName":"etm.portal.ui.managehandovers.view.AddNewHO","viewId":"application-managehandovers-display-component---AddNewHO","bindingPath":{"path":"","propertyPath":"/FORWARDER","modelName":"hoItemsModel"}}},"wdio_ui5_key":"etmportal.ui.managehandovers.view.AddNewHOsap.ui.core.Icon{\"src\":{\"regex\":{\"source\":\"slim\\\\-arrow\\\\-down\"}}}{\"controlType\":\"etm.portal.ui.reusables.customControls.LiveSearchComboBox\",\"viewName\":\"etm.portal.ui.managehandovers.view.AddNewHO\",\"viewId\":\"application-managehandovers-display-component---AddNewHO\",\"bindingPath\":{\"path\":\"\",\"propertyPath\":\"/FORWARDER\",\"modelName\":\"hoItemsModel\"}}"}]}
RESULT: {"script":"<script> [1562 bytes]","args":[{"selector":{"controlType":"sap.ui.core.Icon","viewName":"etm.portal.ui.managehandovers.view.AddNewHO","viewId":"application-managehandovers-display-component---AddNewHO","properties":{"src":{"regex":{"source":"slim\\-arrow\\-down"}}},"ancestor":{"controlType":"etm.portal.ui.reusables.customControls.LiveSearchComboBox","viewName":"etm.portal.ui.managehandovers.view.AddNewHO","viewId":"application-managehandovers-display-component---AddNewHO","bindingPath":{"path":"","propertyPath":"/FORWARDER","modelName":"hoItemsModel"}}},"wdio_ui5_key":"etmportal.ui.managehandovers.view.AddNewHOsap.ui.core.Icon{\"src\":{\"regex\":{\"source\":\"slim\\\\-arrow\\\\-down\"}}}{\"controlType\":\"etm.portal.ui.reusables.customControls.LiveSearchComboBox\",\"viewName\":\"etm.portal.ui.managehandovers.view.AddNewHO\",\"viewId\":\"application-managehandovers-display-component---AddNewHO\",\"bindingPath\":{\"path\":\"\",\"propertyPath\":\"/FORWARDER\",\"modelName\":\"hoItemsModel\"}}"}]}
RESULT: undefined
COMMAND: POST /session/06820c29678f15015ffe824e569d7d5a/element - {"using":"xpath","value":"//*[@id=\"__box41-arrow\"]"}
RESULT: {"using":"xpath","value":"//*[@id=\"__box41-arrow\"]"}
COMMAND: POST /session/06820c29678f15015ffe824e569d7d5a/element/f.696EFCE712E801319DC54DDC19215679.d.3F410B7E4AF37EDD0F5D052D4BB81B49.e.25840/click - {}
RESULT: {}
COMMAND: GET /session/06820c29678f15015ffe824e569d7d5a/screenshot - {}
RESULT: {}
COMMAND: POST /session/06820c29678f15015ffe824e569d7d5a/execute/async - {"script":"<script> [1562 bytes]","args":[{"selector":{"controlType":"sap.m.StandardListItem","viewName":"etm.portal.ui.managehandovers.view.AddNewHO","viewId":"application-managehandovers-display-component---AddNewHO","properties":{"title":"1002 - Test "},"searchOpenDialogs":true,"interaction":{"idSuffix":"content"}},"wdio_ui5_key":"etmportal.ui.managehandovers.view.AddNewHOsap.m.StandardListItem{\"title\":\"1002 - Test \"}"}]}
RESULT: {"script":"<script> [1562 bytes]","args":[{"selector":{"controlType":"sap.m.StandardListItem","viewName":"etm.portal.ui.managehandovers.view.AddNewHO","viewId":"application-managehandovers-display-component---AddNewHO","properties":{"title":"1002 - Test "},"searchOpenDialogs":true,"interaction":{"idSuffix":"content"}},"wdio_ui5_key":"etmportal.ui.managehandovers.view.AddNewHOsap.m.StandardListItem{\"title\":\"1002 - Test \"}"}]}
RESULT: undefined
COMMAND: POST /session/06820c29678f15015ffe824e569d7d5a/element - {"using":"xpath","value":"//*[@id=\"__item1195\"]"}
RESULT: {"using":"xpath","value":"//*[@id=\"__item1195\"]"}
COMMAND: POST /session/06820c29678f15015ffe824e569d7d5a/element/f.696EFCE712E801319DC54DDC19215679.d.3F410B7E4AF37EDD0F5D052D4BB81B49.e.25843/click - {}
RESULT: {}
COMMAND: GET /session/06820c29678f15015ffe824e569d7d5a/screenshot - {}
RESULT: {}
COMMAND: POST /session/06820c29678f15015ffe824e569d7d5a/execute/async - {"script":"<script> [1562 bytes]","args":[{"selector":{"controlType":"sap.m.Input","viewName":"etm.portal.ui.managehandovers.view.AddNewHO","viewId":"application-managehandovers-display-component---AddNewHO","bindingPath":{"path":"","propertyPath":"/DRIVER","modelName":"hoItemsModel"},"interaction":{"idSuffix":"inner"}},"wdio_ui5_key":"etmportal.ui.managehandovers.view.AddNewHOsap.m.Input{\"path\":\"\",\"propertyPath\":\"/DRIVER\",\"modelName\":\"hoItemsModel\"}"}]}
RESULT: {"script":"<script> [1562 bytes]","args":[{"selector":{"controlType":"sap.m.Input","viewName":"etm.portal.ui.managehandovers.view.AddNewHO","viewId":"application-managehandovers-display-component---AddNewHO","bindingPath":{"path":"","propertyPath":"/DRIVER","modelName":"hoItemsModel"},"interaction":{"idSuffix":"inner"}},"wdio_ui5_key":"etmportal.ui.managehandovers.view.AddNewHOsap.m.Input{\"path\":\"\",\"propertyPath\":\"/DRIVER\",\"modelName\":\"hoItemsModel\"}"}]}
RESULT: undefined
COMMAND: POST /session/06820c29678f15015ffe824e569d7d5a/execute/async - {"script":"<script> [776 bytes]","args":[{"enterText":"StockDecrease Driver","selector":{"controlType":"sap.m.Input","viewName":"etm.portal.ui.managehandovers.view.AddNewHO","viewId":"application-managehandovers-display-component---AddNewHO","bindingPath":{"path":"","propertyPath":"/DRIVER","modelName":"hoItemsModel"},"interaction":{"idSuffix":"inner"}},"clearTextFirst":true,"interactionType":"ENTER_TEXT"}]}
RESULT: {"script":"<script> [776 bytes]","args":[{"enterText":"StockDecrease Driver","selector":{"controlType":"sap.m.Input","viewName":"etm.portal.ui.managehandovers.view.AddNewHO","viewId":"application-managehandovers-display-component---AddNewHO","bindingPath":{"path":"","propertyPath":"/DRIVER","modelName":"hoItemsModel"},"interaction":{"idSuffix":"inner"}},"clearTextFirst":true,"interactionType":"ENTER_TEXT"}]}
COMMAND: POST /session/06820c29678f15015ffe824e569d7d5a/execute/async - {"script":"<script> [1562 bytes]","args":[{"selector":{"id":"application-managehandovers-display-component---AddNewHO--responsibleCB-arrow"},"wdio_ui5_key":"applicationmanagehandovers-display-component---AddNewHO--responsibleCB-arrow"}]}
RESULT: {"script":"<script> [1562 bytes]","args":[{"selector":{"id":"application-managehandovers-display-component---AddNewHO--responsibleCB-arrow"},"wdio_ui5_key":"applicationmanagehandovers-display-component---AddNewHO--responsibleCB-arrow"}]}
RESULT: undefined
COMMAND: POST /session/06820c29678f15015ffe824e569d7d5a/element - {"using":"xpath","value":"//*[@id=\"application-managehandovers-display-component---AddNewHO--responsibleCB-arrow\"]"}
RESULT: {"using":"xpath","value":"//*[@id=\"application-managehandovers-display-component---AddNewHO--responsibleCB-arrow\"]"}
COMMAND: POST /session/06820c29678f15015ffe824e569d7d5a/element/f.696EFCE712E801319DC54DDC19215679.d.3F410B7E4AF37EDD0F5D052D4BB81B49.e.25845/click - {}
RESULT: {}
COMMAND: GET /session/06820c29678f15015ffe824e569d7d5a/screenshot - {}
RESULT: {}
COMMAND: POST /session/06820c29678f15015ffe824e569d7d5a/execute/async - {"script":"<script> [1562 bytes]","args":[{"selector":{"controlType":"sap.m.StandardListItem","viewName":"etm.portal.ui.managehandovers.view.AddNewHO","viewId":"application-managehandovers-display-component---AddNewHO","properties":{"title":"1 - Test unit Update "},"searchOpenDialogs":true},"wdio_ui5_key":"etmportal.ui.managehandovers.view.AddNewHOsap.m.StandardListItem{\"title\":\"1 - Test unit Update \"}"}]}
RESULT: {"script":"<script> [1562 bytes]","args":[{"selector":{"controlType":"sap.m.StandardListItem","viewName":"etm.portal.ui.managehandovers.view.AddNewHO","viewId":"application-managehandovers-display-component---AddNewHO","properties":{"title":"1 - Test unit Update "},"searchOpenDialogs":true},"wdio_ui5_key":"etmportal.ui.managehandovers.view.AddNewHOsap.m.StandardListItem{\"title\":\"1 - Test unit Update \"}"}]}
RESULT: undefined
COMMAND: POST /session/06820c29678f15015ffe824e569d7d5a/element - {"using":"xpath","value":"//*[@id=\"__item1294\"]"}
RESULT: {"using":"xpath","value":"//*[@id=\"__item1294\"]"}
COMMAND: POST /session/06820c29678f15015ffe824e569d7d5a/element/f.696EFCE712E801319DC54DDC19215679.d.3F410B7E4AF37EDD0F5D052D4BB81B49.e.25846/click - {}
RESULT: {}
COMMAND: GET /session/06820c29678f15015ffe824e569d7d5a/screenshot - {}
RESULT: {}
RESULT: undefined
COMMAND: POST /session/06820c29678f15015ffe824e569d7d5a/element - {"using":"xpath","value":"//*[@id=\"application-managehandovers-display-component---AddNewHO--ObjectPageLayout-anchBar-application-managehandovers-display-component---AddNewHO--section4-anchor\"]"}
RESULT: {"using":"xpath","value":"//*[@id=\"application-managehandovers-display-component---AddNewHO--ObjectPageLayout-anchBar-application-managehandovers-display-component---AddNewHO--section4-anchor\"]"}
COMMAND: POST /session/06820c29678f15015ffe824e569d7d5a/element/f.696EFCE712E801319DC54DDC19215679.d.3F410B7E4AF37EDD0F5D052D4BB81B49.e.25847/click - {}
RESULT: {}
COMMAND: GET /session/06820c29678f15015ffe824e569d7d5a/screenshot - {}
RESULT: {}
COMMAND: POST /session/06820c29678f15015ffe824e569d7d5a/execute/async - {"script":"<script> [1562 bytes]","args":[{"selector":{"controlType":"sap.ui.core.Icon","viewName":"etm.portal.ui.managehandovers.view.AddNewHO","viewId":"application-managehandovers-display-component---AddNewHO","properties":{"src":{"regex":{"source":"add"}}}},"wdio_ui5_key":"etmportal.ui.managehandovers.view.AddNewHOsap.ui.core.Icon{\"src\":{\"regex\":{\"source\":\"add\"}}}"}]}
RESULT: {"script":"<script> [1562 bytes]","args":[{"selector":{"controlType":"sap.ui.core.Icon","viewName":"etm.portal.ui.managehandovers.view.AddNewHO","viewId":"application-managehandovers-display-component---AddNewHO","properties":{"src":{"regex":{"source":"add"}}}},"wdio_ui5_key":"etmportal.ui.managehandovers.view.AddNewHOsap.ui.core.Icon{\"src\":{\"regex\":{\"source\":\"add\"}}}"}]}
RESULT: undefined
COMMAND: POST /session/06820c29678f15015ffe824e569d7d5a/element - {"using":"xpath","value":"//*[@id=\"__button193-img\"]"}
RESULT: {"using":"xpath","value":"//*[@id=\"__button193-img\"]"}
COMMAND: POST /session/06820c29678f15015ffe824e569d7d5a/element/f.696EFCE712E801319DC54DDC19215679.d.3F410B7E4AF37EDD0F5D052D4BB81B49.e.25850/click - {}
RESULT: {}
RESULT: undefined
COMMAND: POST /session/06820c29678f15015ffe824e569d7d5a/execute/async - {"script":"<script> [776 bytes]","args":[{"enterText":"200311","selector":{"id":"application-managehandovers-display-component---AddNewHO--smartFilterBar-btnBasicSearch","searchOpenDialogs":true,"interaction":{"idSuffix":"I"}},"clearTextFirst":true,"interactionType":"ENTER_TEXT"}]}
COMMAND: GET /session/06820c29678f15015ffe824e569d7d5a/screenshot - {}
RESULT: {"script":"<script> [776 bytes]","args":[{"enterText":"200311","selector":{"id":"application-managehandovers-display-component---AddNewHO--smartFilterBar-btnBasicSearch","searchOpenDialogs":true,"interaction":{"idSuffix":"I"}},"clearTextFirst":true,"interactionType":"ENTER_TEXT"}]}
RESULT: {}
RESULT: undefined
COMMAND: POST /session/06820c29678f15015ffe824e569d7d5a/element - {"using":"xpath","value":"//*[@id=\"application-managehandovers-display-component---AddNewHO--popup-sa\"]"}
RESULT: {"using":"xpath","value":"//*[@id=\"application-managehandovers-display-component---AddNewHO--popup-sa\"]"}
COMMAND: POST /session/06820c29678f15015ffe824e569d7d5a/element/f.696EFCE712E801319DC54DDC19215679.d.3F410B7E4AF37EDD0F5D052D4BB81B49.e.25886/click - {}
RESULT: {}
COMMAND: GET /session/06820c29678f15015ffe824e569d7d5a/screenshot - {}
RESULT: {}
COMMAND: POST /session/06820c29678f15015ffe824e569d7d5a/element - {"using":"xpath","value":"//*[contains(@id ,\"BDI-content\")][contains(text(), \"Select\")]"}
RESULT: {"using":"xpath","value":"//*[contains(@id ,\"BDI-content\")][contains(text(), \"Select\")]"}
COMMAND: POST /session/06820c29678f15015ffe824e569d7d5a/element/f.696EFCE712E801319DC54DDC19215679.d.3F410B7E4AF37EDD0F5D052D4BB81B49.e.25887/click - {}
RESULT: {}
COMMAND: POST /session/06820c29678f15015ffe824e569d7d5a/execute/async - {"script":"<script> [1562 bytes]","args":[{"selector":{"controlType":"sap.m.Button","viewName":"etm.portal.ui.managehandovers.view.AddNewHO","viewId":"application-managehandovers-display-component---AddNewHO","bindingPath":{"path":"/items/0","propertyPath":"QUANTITY","modelName":"hoItemsModel"},"interaction":{"idSuffix":"inner"}},"wdio_ui5_key":"etmportal.ui.managehandovers.view.AddNewHOsap.m.Button{\"path\":\"/items/0\",\"propertyPath\":\"QUANTITY\",\"modelName\":\"hoItemsModel\"}"}]}
COMMAND: GET /session/06820c29678f15015ffe824e569d7d5a/screenshot - {}
RESULT: {"script":"<script> [1562 bytes]","args":[{"selector":{"controlType":"sap.m.Button","viewName":"etm.portal.ui.managehandovers.view.AddNewHO","viewId":"application-managehandovers-display-component---AddNewHO","bindingPath":{"path":"/items/0","propertyPath":"QUANTITY","modelName":"hoItemsModel"},"interaction":{"idSuffix":"inner"}},"wdio_ui5_key":"etmportal.ui.managehandovers.view.AddNewHOsap.m.Button{\"path\":\"/items/0\",\"propertyPath\":\"QUANTITY\",\"modelName\":\"hoItemsModel\"}"}]}
RESULT: undefined
COMMAND: POST /session/06820c29678f15015ffe824e569d7d5a/element - {"using":"xpath","value":"//*[@id=\"__button194-__clone2675\"]"}
RESULT: {}
RESULT: {"using":"xpath","value":"//*[@id=\"__button194-__clone2675\"]"}
COMMAND: POST /session/06820c29678f15015ffe824e569d7d5a/element/f.696EFCE712E801319DC54DDC19215679.d.3F410B7E4AF37EDD0F5D052D4BB81B49.e.25891/click - {}
RESULT: {}
COMMAND: POST /session/06820c29678f15015ffe824e569d7d5a/execute/async - {"script":"<script> [1562 bytes]","args":[{"selector":{"controlType":"sap.m.NumericInput","viewName":"etm.portal.ui.managehandovers.view.AddNewHO","viewId":"application-managehandovers-display-component---AddNewHO","properties":{"value":"0"},"searchOpenDialogs":true,"interaction":{"idSuffix":"inner"}},"wdio_ui5_key":"etmportal.ui.managehandovers.view.AddNewHOsap.m.NumericInput{\"value\":\"0\"}"}]}
COMMAND: GET /session/06820c29678f15015ffe824e569d7d5a/screenshot - {}
RESULT: {"script":"<script> [1562 bytes]","args":[{"selector":{"controlType":"sap.m.NumericInput","viewName":"etm.portal.ui.managehandovers.view.AddNewHO","viewId":"application-managehandovers-display-component---AddNewHO","properties":{"value":"0"},"searchOpenDialogs":true,"interaction":{"idSuffix":"inner"}},"wdio_ui5_key":"etmportal.ui.managehandovers.view.AddNewHOsap.m.NumericInput{\"value\":\"0\"}"}]}
RESULT: undefined
COMMAND: POST /session/06820c29678f15015ffe824e569d7d5a/execute/async - {"script":"<script> [776 bytes]","args":[{"enterText":"1","selector":{"controlType":"sap.m.NumericInput","viewName":"etm.portal.ui.managehandovers.view.AddNewHO","viewId":"application-managehandovers-display-component---AddNewHO","properties":{"value":"0"},"searchOpenDialogs":true,"interaction":{"idSuffix":"inner"}},"clearTextFirst":true,"interactionType":"ENTER_TEXT"}]}
RESULT: {}
RESULT: {"script":"<script> [776 bytes]","args":[{"enterText":"1","selector":{"controlType":"sap.m.NumericInput","viewName":"etm.portal.ui.managehandovers.view.AddNewHO","viewId":"application-managehandovers-display-component---AddNewHO","properties":{"value":"0"},"searchOpenDialogs":true,"interaction":{"idSuffix":"inner"}},"clearTextFirst":true,"interactionType":"ENTER_TEXT"}]}
COMMAND: POST /session/06820c29678f15015ffe824e569d7d5a/execute/async - {"script":"<script> [1562 bytes]","args":[{"selector":{"controlType":"sap.m.Button","viewName":"etm.portal.ui.managehandovers.view.AddNewHO","viewId":"application-managehandovers-display-component---AddNewHO","i18NText":{"propertyName":"text","key":"confirm"},"searchOpenDialogs":true,"interaction":{"idSuffix":"BDI-content"}},"wdio_ui5_key":"etmportal.ui.managehandovers.view.AddNewHOsap.m.Button{\"propertyName\":\"text\",\"key\":\"confirm\"}"}]}
RESULT: {"script":"<script> [1562 bytes]","args":[{"selector":{"controlType":"sap.m.Button","viewName":"etm.portal.ui.managehandovers.view.AddNewHO","viewId":"application-managehandovers-display-component---AddNewHO","i18NText":{"propertyName":"text","key":"confirm"},"searchOpenDialogs":true,"interaction":{"idSuffix":"BDI-content"}},"wdio_ui5_key":"etmportal.ui.managehandovers.view.AddNewHOsap.m.Button{\"propertyName\":\"text\",\"key\":\"confirm\"}"}]}
RESULT: undefined
COMMAND: POST /session/06820c29678f15015ffe824e569d7d5a/element - {"using":"xpath","value":"//*[@id=\"__button197\"]"}
RESULT: {"using":"xpath","value":"//*[@id=\"__button197\"]"}
COMMAND: POST /session/06820c29678f15015ffe824e569d7d5a/element/f.696EFCE712E801319DC54DDC19215679.d.3F410B7E4AF37EDD0F5D052D4BB81B49.e.25892/click - {}
RESULT: {}
COMMAND: POST /session/06820c29678f15015ffe824e569d7d5a/execute/async - {"script":"<script> [1562 bytes]","args":[{"selector":{"id":"application-managehandovers-display-component---AddNewHO--confirmCreationButton","interaction":{"idSuffix":"inner"}},"wdio_ui5_key":"applicationmanagehandovers-display-component---AddNewHO--confirmCreationButton"}]}
COMMAND: GET /session/06820c29678f15015ffe824e569d7d5a/screenshot - {}
RESULT: {"script":"<script> [1562 bytes]","args":[{"selector":{"id":"application-managehandovers-display-component---AddNewHO--confirmCreationButton","interaction":{"idSuffix":"inner"}},"wdio_ui5_key":"applicationmanagehandovers-display-component---AddNewHO--confirmCreationButton"}]}
RESULT: undefined
COMMAND: POST /session/06820c29678f15015ffe824e569d7d5a/element - {"using":"xpath","value":"//*[@id=\"application-managehandovers-display-component---AddNewHO--confirmCreationButton\"]"}
RESULT: {}
RESULT: {"using":"xpath","value":"//*[@id=\"application-managehandovers-display-component---AddNewHO--confirmCreationButton\"]"}
COMMAND: POST /session/06820c29678f15015ffe824e569d7d5a/element/f.696EFCE712E801319DC54DDC19215679.d.3F410B7E4AF37EDD0F5D052D4BB81B49.e.25903/click - {}
RESULT: {}
COMMAND: GET /session/06820c29678f15015ffe824e569d7d5a/screenshot - {}
RESULT: {}
RESULT: undefined
COMMAND: POST /session/06820c29678f15015ffe824e569d7d5a/execute/async - {"script":"<script> [776 bytes]","args":[{"enterText":"5/19/25","selector":{"id":"receiptDatePicker","viewName":"etm.portal.ui.managehandovers.view.DetailExecuteHO","interaction":{"idSuffix":"inner"}},"clearTextFirst":true,"interactionType":"ENTER_TEXT"}]}
RESULT: {"script":"<script> [776 bytes]","args":[{"enterText":"5/19/25","selector":{"id":"receiptDatePicker","viewName":"etm.portal.ui.managehandovers.view.DetailExecuteHO","interaction":{"idSuffix":"inner"}},"clearTextFirst":true,"interactionType":"ENTER_TEXT"}]}
COMMAND: POST /session/06820c29678f15015ffe824e569d7d5a/execute/async - {"script":"<script> [1562 bytes]","args":[{"selector":{"controlType":"sap.m.Button","viewName":"etm.portal.ui.managehandovers.view.DetailExecuteHO","i18NText":{"propertyName":"text","key":"confirmAll"},"interaction":{"idSuffix":"BDI-content"}},"wdio_ui5_key":"etmportal.ui.managehandovers.view.DetailExecuteHOsap.m.Button{\"propertyName\":\"text\",\"key\":\"confirmAll\"}"}]}
RESULT: {"script":"<script> [1562 bytes]","args":[{"selector":{"controlType":"sap.m.Button","viewName":"etm.portal.ui.managehandovers.view.DetailExecuteHO","i18NText":{"propertyName":"text","key":"confirmAll"},"interaction":{"idSuffix":"BDI-content"}},"wdio_ui5_key":"etmportal.ui.managehandovers.view.DetailExecuteHOsap.m.Button{\"propertyName\":\"text\",\"key\":\"confirmAll\"}"}]}
RESULT: undefined
COMMAND: POST /session/06820c29678f15015ffe824e569d7d5a/element - {"using":"xpath","value":"//*[@id=\"__button225\"]"}
RESULT: {"using":"xpath","value":"//*[@id=\"__button225\"]"}
COMMAND: POST /session/06820c29678f15015ffe824e569d7d5a/element/f.696EFCE712E801319DC54DDC19215679.d.3F410B7E4AF37EDD0F5D052D4BB81B49.e.25933/click - {}
RESULT: {}
COMMAND: GET /session/06820c29678f15015ffe824e569d7d5a/screenshot - {}
RESULT: {}
COMMAND: POST /session/06820c29678f15015ffe824e569d7d5a/execute/async - {"script":"<script> [1562 bytes]","args":[{"selector":{"controlType":"sap.m.Button","properties":{"text":"OK"},"searchOpenDialogs":true,"interaction":{"idSuffix":"inner"}},"wdio_ui5_key":"sapm.Button{\"text\":\"OK\"}"}]}
RESULT: {"script":"<script> [1562 bytes]","args":[{"selector":{"controlType":"sap.m.Button","properties":{"text":"OK"},"searchOpenDialogs":true,"interaction":{"idSuffix":"inner"}},"wdio_ui5_key":"sapm.Button{\"text\":\"OK\"}"}]}
RESULT: undefined
COMMAND: POST /session/06820c29678f15015ffe824e569d7d5a/element - {"using":"xpath","value":"//*[@id=\"__mbox-btn-3\"]"}
RESULT: {"using":"xpath","value":"//*[@id=\"__mbox-btn-3\"]"}
COMMAND: POST /session/06820c29678f15015ffe824e569d7d5a/element/f.696EFCE712E801319DC54DDC19215679.d.3F410B7E4AF37EDD0F5D052D4BB81B49.e.25934/click - {}
RESULT: {}
COMMAND: GET /session/06820c29678f15015ffe824e569d7d5a/screenshot - {}
RESULT: {}
COMMAND: POST /session/06820c29678f15015ffe824e569d7d5a/element - {"using":"xpath","value":"//bdi[contains(text(), \"Issue\")]"}
RESULT: {"using":"xpath","value":"//bdi[contains(text(), \"Issue\")]"}
COMMAND: POST /session/06820c29678f15015ffe824e569d7d5a/element/f.696EFCE712E801319DC54DDC19215679.d.3F410B7E4AF37EDD0F5D052D4BB81B49.e.25937/click - {}
RESULT: {}
COMMAND: GET /session/06820c29678f15015ffe824e569d7d5a/screenshot - {}
RESULT: {}
COMMAND: POST /session/06820c29678f15015ffe824e569d7d5a/element - {"using":"css selector","value":"#shell-header-logo"}
RESULT: {"using":"css selector","value":"#shell-header-logo"}
COMMAND: POST /session/06820c29678f15015ffe824e569d7d5a/element/f.696EFCE712E801319DC54DDC19215679.d.3F410B7E4AF37EDD0F5D052D4BB81B49.e.25350/click - {}
RESULT: {}
COMMAND: GET /session/06820c29678f15015ffe824e569d7d5a/screenshot - {}
RESULT: {}
COMMAND: POST /session/06820c29678f15015ffe824e569d7d5a/element - {"using":"css selector","value":"#j_username"}
COMMAND: POST /session/06820c29678f15015ffe824e569d7d5a/url - {"url":"https://qa-testing-00-live-etm-ui.cfapps.eu10-004.hana.ondemand.com/"}
RESULT: {"using":"css selector","value":"#j_username"}
COMMAND: POST /session/06820c29678f15015ffe824e569d7d5a/element - {"using":"css selector","value":"#j_username"}
RESULT: {"url":"https://qa-testing-00-live-etm-ui.cfapps.eu10-004.hana.ondemand.com/"}
RESULT: undefined
COMMAND: GET /session/06820c29678f15015ffe824e569d7d5a/screenshot - {}
RESULT: {"using":"css selector","value":"#j_username"}
COMMAND: POST /session/06820c29678f15015ffe824e569d7d5a/element - {"using":"css selector","value":"#shell-header-logo"}
RESULT: {}
RESULT: {"using":"css selector","value":"#shell-header-logo"}
COMMAND: POST /session/06820c29678f15015ffe824e569d7d5a/execute/sync - {"script":"<script> [8489 bytes]","args":[{"element-6066-11e4-a52e-4f735466cecf":"f.696EFCE712E801319DC54DDC19215679.d.F15413B5B2C41DBA045C69C981A7DA33.e.26116","ELEMENT":"f.696EFCE712E801319DC54DDC19215679.d.F15413B5B2C41DBA045C69C981A7DA33.e.26116"}]}
RESULT: {"script":"<script> [8489 bytes]","args":[{"element-6066-11e4-a52e-4f735466cecf":"f.696EFCE712E801319DC54DDC19215679.d.F15413B5B2C41DBA045C69C981A7DA33.e.26116","ELEMENT":"f.696EFCE712E801319DC54DDC19215679.d.F15413B5B2C41DBA045C69C981A7DA33.e.26116"}]}
COMMAND: POST /session/06820c29678f15015ffe824e569d7d5a/element - {"using":"css selector","value":"#shell-header-logo"}
COMMAND: GET /session/06820c29678f15015ffe824e569d7d5a/screenshot - {}
RESULT: {"using":"css selector","value":"#shell-header-logo"}
COMMAND: POST /session/06820c29678f15015ffe824e569d7d5a/execute/sync - {"script":"<script> [8489 bytes]","args":[{"element-6066-11e4-a52e-4f735466cecf":"f.696EFCE712E801319DC54DDC19215679.d.F15413B5B2C41DBA045C69C981A7DA33.e.26116","ELEMENT":"f.696EFCE712E801319DC54DDC19215679.d.F15413B5B2C41DBA045C69C981A7DA33.e.26116"}]}
RESULT: {}
RESULT: {"script":"<script> [8489 bytes]","args":[{"element-6066-11e4-a52e-4f735466cecf":"f.696EFCE712E801319DC54DDC19215679.d.F15413B5B2C41DBA045C69C981A7DA33.e.26116","ELEMENT":"f.696EFCE712E801319DC54DDC19215679.d.F15413B5B2C41DBA045C69C981A7DA33.e.26116"}]}
COMMAND: POST /session/06820c29678f15015ffe824e569d7d5a/execute/sync - {"script":"<script> [5351 bytes]","args":[{"element-6066-11e4-a52e-4f735466cecf":"f.696EFCE712E801319DC54DDC19215679.d.F15413B5B2C41DBA045C69C981A7DA33.e.26116","ELEMENT":"f.696EFCE712E801319DC54DDC19215679.d.F15413B5B2C41DBA045C69C981A7DA33.e.26116"}]}
COMMAND: GET /session/06820c29678f15015ffe824e569d7d5a/screenshot - {}
RESULT: {"script":"<script> [5351 bytes]","args":[{"element-6066-11e4-a52e-4f735466cecf":"f.696EFCE712E801319DC54DDC19215679.d.F15413B5B2C41DBA045C69C981A7DA33.e.26116","ELEMENT":"f.696EFCE712E801319DC54DDC19215679.d.F15413B5B2C41DBA045C69C981A7DA33.e.26116"}]}
COMMAND: POST /session/06820c29678f15015ffe824e569d7d5a/element - {"using":"css selector","value":"#shell-header-logo"}
COMMAND: GET /session/06820c29678f15015ffe824e569d7d5a/screenshot - {}
RESULT: {}
RESULT: {"using":"css selector","value":"#shell-header-logo"}
COMMAND: POST /session/06820c29678f15015ffe824e569d7d5a/element/f.696EFCE712E801319DC54DDC19215679.d.F15413B5B2C41DBA045C69C981A7DA33.e.26116/click - {}
RESULT: {}
RESULT: {}
COMMAND: GET /session/06820c29678f15015ffe824e569d7d5a/screenshot - {}
RESULT: {}
COMMAND: POST /session/06820c29678f15015ffe824e569d7d5a/execute/async - {"script":"<script> [189 bytes]","args":[]}
RESULT: {"script":"<script> [189 bytes]","args":[]}
COMMAND: POST /session/06820c29678f15015ffe824e569d7d5a/execute/async - {"script":"<script> [123 bytes]","args":[]}
RESULT: {"script":"<script> [123 bytes]","args":[]}
COMMAND: POST /session/06820c29678f15015ffe824e569d7d5a/timeouts - {"script":"<number>"}
RESULT: {"script":"<number>"}
COMMAND: GET /session/06820c29678f15015ffe824e569d7d5a/timeouts - {}
RESULT: {}
RESULT: undefined
COMMAND: POST /session/06820c29678f15015ffe824e569d7d5a/execute/async - {"script":"<script> [2676 bytes]","args":[]}
RESULT: {"script":"<script> [2676 bytes]","args":[]}
COMMAND: POST /session/06820c29678f15015ffe824e569d7d5a/execute/async - {"script":"<script> [2342 bytes]","args":[{"protocol":"http","hostname":"0.0.0.0","path":"/","capabilities":{"browserName":"chrome","goog:chromeOptions":{"binary":"C:\\Program Files\\Google\\Chrome\\Application\\chrome.exe","args":["--start-maximized"]}},"logLevel":"warn","connectionRetryTimeout":120000,"connectionRetryCount":3,"logLevels":{},"enableDirectConnect":true,"strictSSL":true,"_":"65 more keys: [\"cacheDir\",\"port\",\"requestedCapabilities\",\"automationProtocol\",\"baseUrl\",\"waitforInterval\",\"waitforTimeout\",\"onReload\",\"beforeCommand\",\"afterCommand\",\"rootDir\",\"specs\",\"suites\",\"exclude\",\"groupLogsByTestSpec\",\"excludeDriverLogs\",\"bail\",\"framework\",\"reporters\",\"services\",\"maxInstances\",\"maxInstancesPerCapability\",\"injectGlobals\",\"filesToWatch\",\"execArgv\",\"runnerEnv\",\"runner\",\"shard\",\"specFileRetries\",\"specFileRetriesDelay\",\"specFileRetriesDeferred\",\"reporterSyncInterval\",\"reporterSyncTimeout\",\"cucumberFeaturesWithLineNumbers\",\"autoCompileOpts\",\"mochaOpts\",\"jasmineOpts\",\"cucumberOpts\",\"onPrepare\",\"onWorkerStart\",\"onWorkerEnd\",\"before\",\"beforeSession\",\"beforeSuite\",\"beforeHook\",\"beforeTest\",\"afterTest\",\"afterHook\",\"afterSuite\",\"afterSession\",\"after\",\"onComplete\",\"beforeAssertion\",\"afterAssertion\",\"beforeFeature\",\"beforeScenario\",\"beforeStep\",\"afterStep\",\"afterScenario\",\"afterFeature\",\"_\",\"suite\",\"$0\",\"ignoredWorkerServices\",\"wdi5\"]"}]}
RESULT: {"script":"<script> [2342 bytes]","args":[{"protocol":"http","hostname":"0.0.0.0","path":"/","capabilities":{"browserName":"chrome","goog:chromeOptions":{"binary":"C:\\Program Files\\Google\\Chrome\\Application\\chrome.exe","args":["--start-maximized"]}},"logLevel":"warn","connectionRetryTimeout":120000,"connectionRetryCount":3,"logLevels":{},"enableDirectConnect":true,"strictSSL":true,"_":"65 more keys: [\"cacheDir\",\"port\",\"requestedCapabilities\",\"automationProtocol\",\"baseUrl\",\"waitforInterval\",\"waitforTimeout\",\"onReload\",\"beforeCommand\",\"afterCommand\",\"rootDir\",\"specs\",\"suites\",\"exclude\",\"groupLogsByTestSpec\",\"excludeDriverLogs\",\"bail\",\"framework\",\"reporters\",\"services\",\"maxInstances\",\"maxInstancesPerCapability\",\"injectGlobals\",\"filesToWatch\",\"execArgv\",\"runnerEnv\",\"runner\",\"shard\",\"specFileRetries\",\"specFileRetriesDelay\",\"specFileRetriesDeferred\",\"reporterSyncInterval\",\"reporterSyncTimeout\",\"cucumberFeaturesWithLineNumbers\",\"autoCompileOpts\",\"mochaOpts\",\"jasmineOpts\",\"cucumberOpts\",\"onPrepare\",\"onWorkerStart\",\"onWorkerEnd\",\"before\",\"beforeSession\",\"beforeSuite\",\"beforeHook\",\"beforeTest\",\"afterTest\",\"afterHook\",\"afterSuite\",\"afterSession\",\"after\",\"onComplete\",\"beforeAssertion\",\"afterAssertion\",\"beforeFeature\",\"beforeScenario\",\"beforeStep\",\"afterStep\",\"afterScenario\",\"afterFeature\",\"_\",\"suite\",\"$0\",\"ignoredWorkerServices\",\"wdi5\"]"}]}
COMMAND: POST /session/06820c29678f15015ffe824e569d7d5a/execute/async - {"script":"<script> [21126 bytes]","args":[35000]}
RESULT: {"script":"<script> [21126 bytes]","args":[35000]}
COMMAND: POST /session/06820c29678f15015ffe824e569d7d5a/window/maximize - {}
RESULT: {}
COMMAND: POST /session/06820c29678f15015ffe824e569d7d5a/execute/async - {"script":"<script> [1562 bytes]","args":[{"selector":{"id":"shell-header","interaction":{"idSuffix":"icon"}},"wdio_ui5_key":"shellheader"}]}
COMMAND: GET /session/06820c29678f15015ffe824e569d7d5a/screenshot - {}
RESULT: {"script":"<script> [1562 bytes]","args":[{"selector":{"id":"shell-header","interaction":{"idSuffix":"icon"}},"wdio_ui5_key":"shellheader"}]}
RESULT: undefined
COMMAND: POST /session/06820c29678f15015ffe824e569d7d5a/window/fullscreen - {}
RESULT: {}
RESULT: {}
]]></system-out>
    </testcase>
  </testsuite>
  <testsuite timestamp="2025-05-19T17:29:30" time="697.467" tests="7" failures="0" errors="0" skipped="0">
    <properties>
      <property name="specId" value="0" />
      <property name="suiteName" value="Transfer Yard to Yard US131076" />
      <property name="capabilities" value="chrome.136_0_7103_93.windows" />
      <property name="file" value="file:///D:/a/1/s/test/specs/HTR/transfer-yard-to-yard.spec.js" />
    </properties>
    <testcase classname="chrome.136_0_7103_93.windows.Transfer_Yard_to_Yard_US131076" name="Should create a new yard" time="0.01">
      <system-out><![CDATA[
COMMAND: POST /session/06820c29678f15015ffe824e569d7d5a/window/fullscreen - {}
RESULT: {}
]]></system-out>
    </testcase>
    <testcase classname="chrome.136_0_7103_93.windows.Transfer_Yard_to_Yard_US131076" name="Should create a new 2nd yard" time="126.881">
      <system-out><![CDATA[
COMMAND: POST /session/06820c29678f15015ffe824e569d7d5a/window/fullscreen - {}
RESULT: {}
COMMAND: POST /session/06820c29678f15015ffe824e569d7d5a/execute/async - {"script":"<script> [1562 bytes]","args":[{"selector":{"controlType":"sap.m.GenericTile","properties":{"header":"Manage Yards"}},"wdio_ui5_key":"sapm.GenericTile{\"header\":\"Manage Yards\"}"}]}
RESULT: {"script":"<script> [1562 bytes]","args":[{"selector":{"controlType":"sap.m.GenericTile","properties":{"header":"Manage Yards"}},"wdio_ui5_key":"sapm.GenericTile{\"header\":\"Manage Yards\"}"}]}
RESULT: undefined
COMMAND: POST /session/06820c29678f15015ffe824e569d7d5a/element - {"using":"xpath","value":"//*[@id=\"__tile33\"]"}
RESULT: {"using":"xpath","value":"//*[@id=\"__tile33\"]"}
COMMAND: POST /session/06820c29678f15015ffe824e569d7d5a/element/f.696EFCE712E801319DC54DDC19215679.d.F15413B5B2C41DBA045C69C981A7DA33.e.26145/click - {}
RESULT: {}
COMMAND: GET /session/06820c29678f15015ffe824e569d7d5a/screenshot - {}
RESULT: {}
COMMAND: POST /session/06820c29678f15015ffe824e569d7d5a/elements - {"using":"xpath","value":"//span[text()='Error']"}
RESULT: {"using":"xpath","value":"//span[text()='Error']"}
COMMAND: POST /session/06820c29678f15015ffe824e569d7d5a/element - {"using":"xpath","value":"//button[@data-kt=\"addNewYardOverflowToolbarButton\"]"}
RESULT: {"using":"xpath","value":"//button[@data-kt=\"addNewYardOverflowToolbarButton\"]"}
COMMAND: POST /session/06820c29678f15015ffe824e569d7d5a/elements - {"using":"xpath","value":"//button[@data-kt=\"addNewYardOverflowToolbarButton\"]"}
RESULT: {"using":"xpath","value":"//button[@data-kt=\"addNewYardOverflowToolbarButton\"]"}
COMMAND: POST /session/06820c29678f15015ffe824e569d7d5a/elements - {"using":"xpath","value":"//button[@data-kt=\"addNewYardOverflowToolbarButton\"]"}
RESULT: {"using":"xpath","value":"//button[@data-kt=\"addNewYardOverflowToolbarButton\"]"}
COMMAND: POST /session/06820c29678f15015ffe824e569d7d5a/element - {"using":"xpath","value":"//button[@data-kt=\"addNewYardOverflowToolbarButton\"]"}
RESULT: {"using":"xpath","value":"//button[@data-kt=\"addNewYardOverflowToolbarButton\"]"}
COMMAND: POST /session/06820c29678f15015ffe824e569d7d5a/execute/sync - {"script":"<script> [8489 bytes]","args":[{"element-6066-11e4-a52e-4f735466cecf":"f.696EFCE712E801319DC54DDC19215679.d.F15413B5B2C41DBA045C69C981A7DA33.e.26270","ELEMENT":"f.696EFCE712E801319DC54DDC19215679.d.F15413B5B2C41DBA045C69C981A7DA33.e.26270"}]}
RESULT: {"script":"<script> [8489 bytes]","args":[{"element-6066-11e4-a52e-4f735466cecf":"f.696EFCE712E801319DC54DDC19215679.d.F15413B5B2C41DBA045C69C981A7DA33.e.26270","ELEMENT":"f.696EFCE712E801319DC54DDC19215679.d.F15413B5B2C41DBA045C69C981A7DA33.e.26270"}]}
COMMAND: GET /session/06820c29678f15015ffe824e569d7d5a/element/f.696EFCE712E801319DC54DDC19215679.d.F15413B5B2C41DBA045C69C981A7DA33.e.26270/enabled - {}
COMMAND: GET /session/06820c29678f15015ffe824e569d7d5a/screenshot - {}
RESULT: {}
COMMAND: POST /session/06820c29678f15015ffe824e569d7d5a/execute/sync - {"script":"<script> [8489 bytes]","args":[{"element-6066-11e4-a52e-4f735466cecf":"f.696EFCE712E801319DC54DDC19215679.d.F15413B5B2C41DBA045C69C981A7DA33.e.26270","ELEMENT":"f.696EFCE712E801319DC54DDC19215679.d.F15413B5B2C41DBA045C69C981A7DA33.e.26270"}]}
COMMAND: GET /session/06820c29678f15015ffe824e569d7d5a/screenshot - {}
RESULT: {}
RESULT: {"script":"<script> [8489 bytes]","args":[{"element-6066-11e4-a52e-4f735466cecf":"f.696EFCE712E801319DC54DDC19215679.d.F15413B5B2C41DBA045C69C981A7DA33.e.26270","ELEMENT":"f.696EFCE712E801319DC54DDC19215679.d.F15413B5B2C41DBA045C69C981A7DA33.e.26270"}]}
COMMAND: POST /session/06820c29678f15015ffe824e569d7d5a/execute/sync - {"script":"<script> [5351 bytes]","args":[{"element-6066-11e4-a52e-4f735466cecf":"f.696EFCE712E801319DC54DDC19215679.d.F15413B5B2C41DBA045C69C981A7DA33.e.26270","ELEMENT":"f.696EFCE712E801319DC54DDC19215679.d.F15413B5B2C41DBA045C69C981A7DA33.e.26270"}]}
COMMAND: GET /session/06820c29678f15015ffe824e569d7d5a/screenshot - {}
RESULT: {}
RESULT: {"script":"<script> [5351 bytes]","args":[{"element-6066-11e4-a52e-4f735466cecf":"f.696EFCE712E801319DC54DDC19215679.d.F15413B5B2C41DBA045C69C981A7DA33.e.26270","ELEMENT":"f.696EFCE712E801319DC54DDC19215679.d.F15413B5B2C41DBA045C69C981A7DA33.e.26270"}]}
COMMAND: POST /session/06820c29678f15015ffe824e569d7d5a/element/f.696EFCE712E801319DC54DDC19215679.d.F15413B5B2C41DBA045C69C981A7DA33.e.26270/click - {}
COMMAND: GET /session/06820c29678f15015ffe824e569d7d5a/screenshot - {}
RESULT: {}
RESULT: {}
COMMAND: GET /session/06820c29678f15015ffe824e569d7d5a/screenshot - {}
RESULT: {}
COMMAND: POST /session/06820c29678f15015ffe824e569d7d5a/element - {"using":"xpath","value":"//input[@id=\"application-manageyards-display-component---NewYard--yardId-inner\"]"}
RESULT: {}
RESULT: {"using":"xpath","value":"//input[@id=\"application-manageyards-display-component---NewYard--yardId-inner\"]"}
COMMAND: POST /session/06820c29678f15015ffe824e569d7d5a/element - {"using":"xpath","value":"//input[@id=\"application-manageyards-display-component---NewYard--yardId-inner\"]"}
RESULT: {"using":"xpath","value":"//input[@id=\"application-manageyards-display-component---NewYard--yardId-inner\"]"}
COMMAND: POST /session/06820c29678f15015ffe824e569d7d5a/execute/async - {"script":"<script> [1562 bytes]","args":[{"selector":{"id":"application-manageyards-display-component---NewYard--addressDetailDetailsName1","interaction":{"idSuffix":"inner"}},"wdio_ui5_key":"applicationmanageyards-display-component---NewYard--addressDetailDetailsName1"}]}
RESULT: {"script":"<script> [1562 bytes]","args":[{"selector":{"id":"application-manageyards-display-component---NewYard--addressDetailDetailsName1","interaction":{"idSuffix":"inner"}},"wdio_ui5_key":"applicationmanageyards-display-component---NewYard--addressDetailDetailsName1"}]}
RESULT: undefined
COMMAND: POST /session/06820c29678f15015ffe824e569d7d5a/execute/async - {"script":"<script> [776 bytes]","args":[{"enterText":"Intracompany Yard wdIO","selector":{"id":"application-manageyards-display-component---NewYard--addressDetailDetailsName1","interaction":{"idSuffix":"inner"}},"clearTextFirst":true,"interactionType":"ENTER_TEXT"}]}
RESULT: {"script":"<script> [776 bytes]","args":[{"enterText":"Intracompany Yard wdIO","selector":{"id":"application-manageyards-display-component---NewYard--addressDetailDetailsName1","interaction":{"idSuffix":"inner"}},"clearTextFirst":true,"interactionType":"ENTER_TEXT"}]}
COMMAND: POST /session/06820c29678f15015ffe824e569d7d5a/execute/async - {"script":"<script> [1562 bytes]","args":[{"selector":{"id":"application-manageyards-display-component---NewYard--addressDetailDetailsLanguage-arrow"},"wdio_ui5_key":"applicationmanageyards-display-component---NewYard--addressDetailDetailsLanguage-arrow"}]}
RESULT: {"script":"<script> [1562 bytes]","args":[{"selector":{"id":"application-manageyards-display-component---NewYard--addressDetailDetailsLanguage-arrow"},"wdio_ui5_key":"applicationmanageyards-display-component---NewYard--addressDetailDetailsLanguage-arrow"}]}
RESULT: undefined
COMMAND: POST /session/06820c29678f15015ffe824e569d7d5a/element - {"using":"xpath","value":"//*[@id=\"application-manageyards-display-component---NewYard--addressDetailDetailsLanguage-arrow\"]"}
RESULT: {"using":"xpath","value":"//*[@id=\"application-manageyards-display-component---NewYard--addressDetailDetailsLanguage-arrow\"]"}
COMMAND: POST /session/06820c29678f15015ffe824e569d7d5a/element/f.696EFCE712E801319DC54DDC19215679.d.F15413B5B2C41DBA045C69C981A7DA33.e.26709/click - {}
RESULT: {}
COMMAND: POST /session/06820c29678f15015ffe824e569d7d5a/element - {"using":"xpath","value":"//span[contains(text(), \"English\")]"}
COMMAND: GET /session/06820c29678f15015ffe824e569d7d5a/screenshot - {}
RESULT: {"using":"xpath","value":"//span[contains(text(), \"English\")]"}
COMMAND: POST /session/06820c29678f15015ffe824e569d7d5a/element/f.696EFCE712E801319DC54DDC19215679.d.F15413B5B2C41DBA045C69C981A7DA33.e.26710/click - {}
RESULT: {}
RESULT: {}
COMMAND: POST /session/06820c29678f15015ffe824e569d7d5a/execute/async - {"script":"<script> [1562 bytes]","args":[{"selector":{"id":"application-manageyards-display-component---NewYard--addressDetailDetailsCity1","interaction":{"idSuffix":"inner"}},"wdio_ui5_key":"applicationmanageyards-display-component---NewYard--addressDetailDetailsCity1"}]}
COMMAND: GET /session/06820c29678f15015ffe824e569d7d5a/screenshot - {}
RESULT: {"script":"<script> [1562 bytes]","args":[{"selector":{"id":"application-manageyards-display-component---NewYard--addressDetailDetailsCity1","interaction":{"idSuffix":"inner"}},"wdio_ui5_key":"applicationmanageyards-display-component---NewYard--addressDetailDetailsCity1"}]}
RESULT: undefined
COMMAND: POST /session/06820c29678f15015ffe824e569d7d5a/execute/async - {"script":"<script> [776 bytes]","args":[{"enterText":"Rosario","selector":{"id":"application-manageyards-display-component---NewYard--addressDetailDetailsCity1","interaction":{"idSuffix":"inner"}},"clearTextFirst":true,"interactionType":"ENTER_TEXT"}]}
RESULT: {}
RESULT: {"script":"<script> [776 bytes]","args":[{"enterText":"Rosario","selector":{"id":"application-manageyards-display-component---NewYard--addressDetailDetailsCity1","interaction":{"idSuffix":"inner"}},"clearTextFirst":true,"interactionType":"ENTER_TEXT"}]}
COMMAND: POST /session/06820c29678f15015ffe824e569d7d5a/execute/async - {"script":"<script> [1562 bytes]","args":[{"selector":{"id":"application-manageyards-display-component---NewYard--addressDetailDetailsCountry-arrow"},"wdio_ui5_key":"applicationmanageyards-display-component---NewYard--addressDetailDetailsCountry-arrow"}]}
RESULT: {"script":"<script> [1562 bytes]","args":[{"selector":{"id":"application-manageyards-display-component---NewYard--addressDetailDetailsCountry-arrow"},"wdio_ui5_key":"applicationmanageyards-display-component---NewYard--addressDetailDetailsCountry-arrow"}]}
RESULT: undefined
COMMAND: POST /session/06820c29678f15015ffe824e569d7d5a/element - {"using":"xpath","value":"//*[@id=\"application-manageyards-display-component---NewYard--addressDetailDetailsCountry-arrow\"]"}
RESULT: {"using":"xpath","value":"//*[@id=\"application-manageyards-display-component---NewYard--addressDetailDetailsCountry-arrow\"]"}
COMMAND: POST /session/06820c29678f15015ffe824e569d7d5a/element/f.696EFCE712E801319DC54DDC19215679.d.F15413B5B2C41DBA045C69C981A7DA33.e.26712/click - {}
RESULT: {}
COMMAND: POST /session/06820c29678f15015ffe824e569d7d5a/element - {"using":"xpath","value":"//span[contains(text(), \"Argentina\")]"}
COMMAND: GET /session/06820c29678f15015ffe824e569d7d5a/screenshot - {}
RESULT: {"using":"xpath","value":"//span[contains(text(), \"Argentina\")]"}
COMMAND: POST /session/06820c29678f15015ffe824e569d7d5a/element/f.696EFCE712E801319DC54DDC19215679.d.F15413B5B2C41DBA045C69C981A7DA33.e.26714/click - {}
RESULT: {}
RESULT: {}
COMMAND: POST /session/06820c29678f15015ffe824e569d7d5a/execute/async - {"script":"<script> [1562 bytes]","args":[{"selector":{"id":"application-manageyards-display-component---NewYard--addressEditDetailsCostObjectCstType-arrow"},"wdio_ui5_key":"applicationmanageyards-display-component---NewYard--addressEditDetailsCostObjectCstType-arrow"}]}
COMMAND: GET /session/06820c29678f15015ffe824e569d7d5a/screenshot - {}
RESULT: {"script":"<script> [1562 bytes]","args":[{"selector":{"id":"application-manageyards-display-component---NewYard--addressEditDetailsCostObjectCstType-arrow"},"wdio_ui5_key":"applicationmanageyards-display-component---NewYard--addressEditDetailsCostObjectCstType-arrow"}]}
RESULT: undefined
COMMAND: POST /session/06820c29678f15015ffe824e569d7d5a/element - {"using":"xpath","value":"//*[@id=\"application-manageyards-display-component---NewYard--addressEditDetailsCostObjectCstType-arrow\"]"}
RESULT: {}
RESULT: {"using":"xpath","value":"//*[@id=\"application-manageyards-display-component---NewYard--addressEditDetailsCostObjectCstType-arrow\"]"}
COMMAND: POST /session/06820c29678f15015ffe824e569d7d5a/element/f.696EFCE712E801319DC54DDC19215679.d.F15413B5B2C41DBA045C69C981A7DA33.e.26715/click - {}
RESULT: {}
COMMAND: POST /session/06820c29678f15015ffe824e569d7d5a/element - {"using":"xpath","value":"//span[contains(text(), \"Cost Center\")]"}
COMMAND: GET /session/06820c29678f15015ffe824e569d7d5a/screenshot - {}
RESULT: {"using":"xpath","value":"//span[contains(text(), \"Cost Center\")]"}
COMMAND: POST /session/06820c29678f15015ffe824e569d7d5a/element/f.696EFCE712E801319DC54DDC19215679.d.F15413B5B2C41DBA045C69C981A7DA33.e.26716/click - {}
RESULT: {}
RESULT: {}
COMMAND: GET /session/06820c29678f15015ffe824e569d7d5a/screenshot - {}
RESULT: {}
COMMAND: POST /session/06820c29678f15015ffe824e569d7d5a/element - {"using":"xpath","value":"//span[@id=\"application-manageyards-display-component---NewYard--addressNewCostObjectCstID-vhi\"]"}
RESULT: {"using":"xpath","value":"//span[@id=\"application-manageyards-display-component---NewYard--addressNewCostObjectCstID-vhi\"]"}
COMMAND: POST /session/06820c29678f15015ffe824e569d7d5a/execute/sync - {"script":"<script> [8489 bytes]","args":[{"element-6066-11e4-a52e-4f735466cecf":"f.696EFCE712E801319DC54DDC19215679.d.F15413B5B2C41DBA045C69C981A7DA33.e.26720","ELEMENT":"f.696EFCE712E801319DC54DDC19215679.d.F15413B5B2C41DBA045C69C981A7DA33.e.26720"}]}
RESULT: {"script":"<script> [8489 bytes]","args":[{"element-6066-11e4-a52e-4f735466cecf":"f.696EFCE712E801319DC54DDC19215679.d.F15413B5B2C41DBA045C69C981A7DA33.e.26720","ELEMENT":"f.696EFCE712E801319DC54DDC19215679.d.F15413B5B2C41DBA045C69C981A7DA33.e.26720"}]}
COMMAND: POST /session/06820c29678f15015ffe824e569d7d5a/execute/async - {"script":"<script> [1562 bytes]","args":[{"selector":{"id":"application-manageyards-display-component---NewYard--addressNewCostObjectCstID-vhi"},"wdio_ui5_key":"applicationmanageyards-display-component---NewYard--addressNewCostObjectCstID-vhi"}]}
COMMAND: GET /session/06820c29678f15015ffe824e569d7d5a/screenshot - {}
RESULT: {"script":"<script> [1562 bytes]","args":[{"selector":{"id":"application-manageyards-display-component---NewYard--addressNewCostObjectCstID-vhi"},"wdio_ui5_key":"applicationmanageyards-display-component---NewYard--addressNewCostObjectCstID-vhi"}]}
RESULT: undefined
COMMAND: POST /session/06820c29678f15015ffe824e569d7d5a/element - {"using":"xpath","value":"//*[@id=\"application-manageyards-display-component---NewYard--addressNewCostObjectCstID-vhi\"]"}
RESULT: {}
RESULT: {"using":"xpath","value":"//*[@id=\"application-manageyards-display-component---NewYard--addressNewCostObjectCstID-vhi\"]"}
COMMAND: POST /session/06820c29678f15015ffe824e569d7d5a/element/f.696EFCE712E801319DC54DDC19215679.d.F15413B5B2C41DBA045C69C981A7DA33.e.26720/click - {}
RESULT: {}
COMMAND: GET /session/06820c29678f15015ffe824e569d7d5a/screenshot - {}
RESULT: {}
COMMAND: POST /session/06820c29678f15015ffe824e569d7d5a/execute/async - {"script":"<script> [1562 bytes]","args":[{"selector":{"controlType":"sap.m.SearchField","properties":{"placeholder":"Search"},"searchOpenDialogs":true,"interaction":{"idSuffix":"I"}},"wdio_ui5_key":"sapm.SearchField{\"placeholder\":\"Search\"}"}]}
RESULT: {"script":"<script> [1562 bytes]","args":[{"selector":{"controlType":"sap.m.SearchField","properties":{"placeholder":"Search"},"searchOpenDialogs":true,"interaction":{"idSuffix":"I"}},"wdio_ui5_key":"sapm.SearchField{\"placeholder\":\"Search\"}"}]}
RESULT: undefined
COMMAND: POST /session/06820c29678f15015ffe824e569d7d5a/execute/async - {"script":"<script> [776 bytes]","args":[{"enterText":"bauh_b","selector":{"controlType":"sap.m.SearchField","properties":{"placeholder":"Search"},"searchOpenDialogs":true,"interaction":{"idSuffix":"I"}},"clearTextFirst":true,"interactionType":"ENTER_TEXT"}]}
RESULT: {"script":"<script> [776 bytes]","args":[{"enterText":"bauh_b","selector":{"controlType":"sap.m.SearchField","properties":{"placeholder":"Search"},"searchOpenDialogs":true,"interaction":{"idSuffix":"I"}},"clearTextFirst":true,"interactionType":"ENTER_TEXT"}]}
COMMAND: POST /session/06820c29678f15015ffe824e569d7d5a/actions - {"actions":[{"id":"action82","type":"key","parameters":{},"actions":[{"type":"keyDown","value":"î€‡"},{"type":"pause","duration":10},{"type":"keyUp","value":"î€‡"}]}]}
RESULT: {"actions":[{"id":"action82","type":"key","parameters":{},"actions":[{"type":"keyDown","value":"î€‡"},{"type":"pause","duration":10},{"type":"keyUp","value":"î€‡"}]}]}
COMMAND: GET /session/06820c29678f15015ffe824e569d7d5a/screenshot - {}
RESULT: {}
COMMAND: POST /session/06820c29678f15015ffe824e569d7d5a/element - {"using":"xpath","value":"//span[contains(text(), \"Demo Yard\")]"}
RESULT: {"using":"xpath","value":"//span[contains(text(), \"Demo Yard\")]"}
COMMAND: POST /session/06820c29678f15015ffe824e569d7d5a/element/f.696EFCE712E801319DC54DDC19215679.d.F15413B5B2C41DBA045C69C981A7DA33.e.26760/click - {}
RESULT: {}
COMMAND: GET /session/06820c29678f15015ffe824e569d7d5a/screenshot - {}
RESULT: {}
COMMAND: POST /session/06820c29678f15015ffe824e569d7d5a/element - {"using":"xpath","value":"//bdi[contains(text(), \"OK\")]"}
RESULT: {"using":"xpath","value":"//bdi[contains(text(), \"OK\")]"}
COMMAND: POST /session/06820c29678f15015ffe824e569d7d5a/element/f.696EFCE712E801319DC54DDC19215679.d.F15413B5B2C41DBA045C69C981A7DA33.e.26761/click - {}
RESULT: {}
COMMAND: GET /session/06820c29678f15015ffe824e569d7d5a/screenshot - {}
RESULT: {}
COMMAND: POST /session/06820c29678f15015ffe824e569d7d5a/execute/async - {"script":"<script> [1562 bytes]","args":[{"selector":{"id":"application-manageyards-display-component---NewYard--addressEditDetailsCurrency-arrow"},"wdio_ui5_key":"applicationmanageyards-display-component---NewYard--addressEditDetailsCurrency-arrow"}]}
RESULT: {"script":"<script> [1562 bytes]","args":[{"selector":{"id":"application-manageyards-display-component---NewYard--addressEditDetailsCurrency-arrow"},"wdio_ui5_key":"applicationmanageyards-display-component---NewYard--addressEditDetailsCurrency-arrow"}]}
RESULT: undefined
COMMAND: POST /session/06820c29678f15015ffe824e569d7d5a/element - {"using":"xpath","value":"//*[@id=\"application-manageyards-display-component---NewYard--addressEditDetailsCurrency-arrow\"]"}
RESULT: {"using":"xpath","value":"//*[@id=\"application-manageyards-display-component---NewYard--addressEditDetailsCurrency-arrow\"]"}
COMMAND: POST /session/06820c29678f15015ffe824e569d7d5a/element/f.696EFCE712E801319DC54DDC19215679.d.F15413B5B2C41DBA045C69C981A7DA33.e.26764/click - {}
RESULT: {}
COMMAND: POST /session/06820c29678f15015ffe824e569d7d5a/element - {"using":"xpath","value":"//span[contains(text(), \"Euro\")]"}
COMMAND: GET /session/06820c29678f15015ffe824e569d7d5a/screenshot - {}
RESULT: {"using":"xpath","value":"//span[contains(text(), \"Euro\")]"}
COMMAND: POST /session/06820c29678f15015ffe824e569d7d5a/element/f.696EFCE712E801319DC54DDC19215679.d.F15413B5B2C41DBA045C69C981A7DA33.e.26765/click - {}
RESULT: {}
RESULT: {}
COMMAND: POST /session/06820c29678f15015ffe824e569d7d5a/execute/async - {"script":"<script> [1562 bytes]","args":[{"selector":{"controlType":"sap.m.Input","viewName":"etm.portal.ui.manageyards.view.New","viewId":"application-manageyards-display-component---NewYard","bindingPath":{"path":"","propertyPath":"/CONTROLLING_AREA","modelName":"NewYardModel"},"interaction":{"idSuffix":"inner"}},"wdio_ui5_key":"etmportal.ui.manageyards.view.Newsap.m.Input{\"path\":\"\",\"propertyPath\":\"/CONTROLLING_AREA\",\"modelName\":\"NewYardModel\"}"}]}
COMMAND: GET /session/06820c29678f15015ffe824e569d7d5a/screenshot - {}
RESULT: {"script":"<script> [1562 bytes]","args":[{"selector":{"controlType":"sap.m.Input","viewName":"etm.portal.ui.manageyards.view.New","viewId":"application-manageyards-display-component---NewYard","bindingPath":{"path":"","propertyPath":"/CONTROLLING_AREA","modelName":"NewYardModel"},"interaction":{"idSuffix":"inner"}},"wdio_ui5_key":"etmportal.ui.manageyards.view.Newsap.m.Input{\"path\":\"\",\"propertyPath\":\"/CONTROLLING_AREA\",\"modelName\":\"NewYardModel\"}"}]}
RESULT: undefined
COMMAND: POST /session/06820c29678f15015ffe824e569d7d5a/execute/async - {"script":"<script> [776 bytes]","args":[{"enterText":"Z001","selector":{"controlType":"sap.m.Input","viewName":"etm.portal.ui.manageyards.view.New","viewId":"application-manageyards-display-component---NewYard","bindingPath":{"path":"","propertyPath":"/CONTROLLING_AREA","modelName":"NewYardModel"},"interaction":{"idSuffix":"inner"}},"clearTextFirst":true,"interactionType":"ENTER_TEXT"}]}
RESULT: {}
RESULT: {"script":"<script> [776 bytes]","args":[{"enterText":"Z001","selector":{"controlType":"sap.m.Input","viewName":"etm.portal.ui.manageyards.view.New","viewId":"application-manageyards-display-component---NewYard","bindingPath":{"path":"","propertyPath":"/CONTROLLING_AREA","modelName":"NewYardModel"},"interaction":{"idSuffix":"inner"}},"clearTextFirst":true,"interactionType":"ENTER_TEXT"}]}
COMMAND: POST /session/06820c29678f15015ffe824e569d7d5a/execute/async - {"script":"<script> [1562 bytes]","args":[{"selector":{"id":"application-manageyards-display-component---NewYard--companyCodeComboBox","interaction":{"idSuffix":"inner"}},"wdio_ui5_key":"applicationmanageyards-display-component---NewYard--companyCodeComboBox"}]}
RESULT: {"script":"<script> [1562 bytes]","args":[{"selector":{"id":"application-manageyards-display-component---NewYard--companyCodeComboBox","interaction":{"idSuffix":"inner"}},"wdio_ui5_key":"applicationmanageyards-display-component---NewYard--companyCodeComboBox"}]}
RESULT: undefined
COMMAND: POST /session/06820c29678f15015ffe824e569d7d5a/execute/async - {"script":"<script> [776 bytes]","args":[{"enterText":"1000","selector":{"id":"application-manageyards-display-component---NewYard--companyCodeComboBox","interaction":{"idSuffix":"inner"}},"clearTextFirst":true,"interactionType":"ENTER_TEXT"}]}
RESULT: {"script":"<script> [776 bytes]","args":[{"enterText":"1000","selector":{"id":"application-manageyards-display-component---NewYard--companyCodeComboBox","interaction":{"idSuffix":"inner"}},"clearTextFirst":true,"interactionType":"ENTER_TEXT"}]}
COMMAND: POST /session/06820c29678f15015ffe824e569d7d5a/execute/async - {"script":"<script> [1562 bytes]","args":[{"selector":{"controlType":"sap.m.Input","viewName":"etm.portal.ui.manageyards.view.New","viewId":"application-manageyards-display-component---NewYard","bindingPath":{"path":"","propertyPath":"/PLANT","modelName":"NewYardModel"},"interaction":{"idSuffix":"inner"}},"wdio_ui5_key":"etmportal.ui.manageyards.view.Newsap.m.Input{\"path\":\"\",\"propertyPath\":\"/PLANT\",\"modelName\":\"NewYardModel\"}"}]}
RESULT: {"script":"<script> [1562 bytes]","args":[{"selector":{"controlType":"sap.m.Input","viewName":"etm.portal.ui.manageyards.view.New","viewId":"application-manageyards-display-component---NewYard","bindingPath":{"path":"","propertyPath":"/PLANT","modelName":"NewYardModel"},"interaction":{"idSuffix":"inner"}},"wdio_ui5_key":"etmportal.ui.manageyards.view.Newsap.m.Input{\"path\":\"\",\"propertyPath\":\"/PLANT\",\"modelName\":\"NewYardModel\"}"}]}
RESULT: undefined
COMMAND: POST /session/06820c29678f15015ffe824e569d7d5a/execute/async - {"script":"<script> [776 bytes]","args":[{"enterText":"1001","selector":{"controlType":"sap.m.Input","viewName":"etm.portal.ui.manageyards.view.New","viewId":"application-manageyards-display-component---NewYard","bindingPath":{"path":"","propertyPath":"/PLANT","modelName":"NewYardModel"},"interaction":{"idSuffix":"inner"}},"clearTextFirst":true,"interactionType":"ENTER_TEXT"}]}
RESULT: {"script":"<script> [776 bytes]","args":[{"enterText":"1001","selector":{"controlType":"sap.m.Input","viewName":"etm.portal.ui.manageyards.view.New","viewId":"application-manageyards-display-component---NewYard","bindingPath":{"path":"","propertyPath":"/PLANT","modelName":"NewYardModel"},"interaction":{"idSuffix":"inner"}},"clearTextFirst":true,"interactionType":"ENTER_TEXT"}]}
COMMAND: POST /session/06820c29678f15015ffe824e569d7d5a/execute/async - {"script":"<script> [1562 bytes]","args":[{"selector":{"controlType":"sap.m.Input","viewName":"etm.portal.ui.manageyards.view.New","viewId":"application-manageyards-display-component---NewYard","bindingPath":{"path":"","propertyPath":"/SALES_AREA_VKORG","modelName":"NewYardModel"},"interaction":{"idSuffix":"inner"}},"wdio_ui5_key":"etmportal.ui.manageyards.view.Newsap.m.Input{\"path\":\"\",\"propertyPath\":\"/SALES_AREA_VKORG\",\"modelName\":\"NewYardModel\"}"}]}
RESULT: {"script":"<script> [1562 bytes]","args":[{"selector":{"controlType":"sap.m.Input","viewName":"etm.portal.ui.manageyards.view.New","viewId":"application-manageyards-display-component---NewYard","bindingPath":{"path":"","propertyPath":"/SALES_AREA_VKORG","modelName":"NewYardModel"},"interaction":{"idSuffix":"inner"}},"wdio_ui5_key":"etmportal.ui.manageyards.view.Newsap.m.Input{\"path\":\"\",\"propertyPath\":\"/SALES_AREA_VKORG\",\"modelName\":\"NewYardModel\"}"}]}
RESULT: undefined
COMMAND: POST /session/06820c29678f15015ffe824e569d7d5a/execute/async - {"script":"<script> [776 bytes]","args":[{"enterText":"C002","selector":{"controlType":"sap.m.Input","viewName":"etm.portal.ui.manageyards.view.New","viewId":"application-manageyards-display-component---NewYard","bindingPath":{"path":"","propertyPath":"/SALES_AREA_VKORG","modelName":"NewYardModel"},"interaction":{"idSuffix":"inner"}},"clearTextFirst":true,"interactionType":"ENTER_TEXT"}]}
RESULT: {"script":"<script> [776 bytes]","args":[{"enterText":"C002","selector":{"controlType":"sap.m.Input","viewName":"etm.portal.ui.manageyards.view.New","viewId":"application-manageyards-display-component---NewYard","bindingPath":{"path":"","propertyPath":"/SALES_AREA_VKORG","modelName":"NewYardModel"},"interaction":{"idSuffix":"inner"}},"clearTextFirst":true,"interactionType":"ENTER_TEXT"}]}
COMMAND: POST /session/06820c29678f15015ffe824e569d7d5a/execute/async - {"script":"<script> [1562 bytes]","args":[{"selector":{"controlType":"sap.m.Input","viewName":"etm.portal.ui.manageyards.view.New","viewId":"application-manageyards-display-component---NewYard","bindingPath":{"path":"","propertyPath":"/SALES_AREA_VTWEG","modelName":"NewYardModel"},"interaction":{"idSuffix":"inner"}},"wdio_ui5_key":"etmportal.ui.manageyards.view.Newsap.m.Input{\"path\":\"\",\"propertyPath\":\"/SALES_AREA_VTWEG\",\"modelName\":\"NewYardModel\"}"}]}
RESULT: {"script":"<script> [1562 bytes]","args":[{"selector":{"controlType":"sap.m.Input","viewName":"etm.portal.ui.manageyards.view.New","viewId":"application-manageyards-display-component---NewYard","bindingPath":{"path":"","propertyPath":"/SALES_AREA_VTWEG","modelName":"NewYardModel"},"interaction":{"idSuffix":"inner"}},"wdio_ui5_key":"etmportal.ui.manageyards.view.Newsap.m.Input{\"path\":\"\",\"propertyPath\":\"/SALES_AREA_VTWEG\",\"modelName\":\"NewYardModel\"}"}]}
RESULT: undefined
COMMAND: POST /session/06820c29678f15015ffe824e569d7d5a/execute/async - {"script":"<script> [776 bytes]","args":[{"enterText":"C2","selector":{"controlType":"sap.m.Input","viewName":"etm.portal.ui.manageyards.view.New","viewId":"application-manageyards-display-component---NewYard","bindingPath":{"path":"","propertyPath":"/SALES_AREA_VTWEG","modelName":"NewYardModel"},"interaction":{"idSuffix":"inner"}},"clearTextFirst":true,"interactionType":"ENTER_TEXT"}]}
RESULT: {"script":"<script> [776 bytes]","args":[{"enterText":"C2","selector":{"controlType":"sap.m.Input","viewName":"etm.portal.ui.manageyards.view.New","viewId":"application-manageyards-display-component---NewYard","bindingPath":{"path":"","propertyPath":"/SALES_AREA_VTWEG","modelName":"NewYardModel"},"interaction":{"idSuffix":"inner"}},"clearTextFirst":true,"interactionType":"ENTER_TEXT"}]}
COMMAND: POST /session/06820c29678f15015ffe824e569d7d5a/execute/async - {"script":"<script> [1562 bytes]","args":[{"selector":{"controlType":"sap.m.Input","viewName":"etm.portal.ui.manageyards.view.New","viewId":"application-manageyards-display-component---NewYard","bindingPath":{"path":"","propertyPath":"/SALES_AREA_SPART","modelName":"NewYardModel"},"interaction":{"idSuffix":"inner"}},"wdio_ui5_key":"etmportal.ui.manageyards.view.Newsap.m.Input{\"path\":\"\",\"propertyPath\":\"/SALES_AREA_SPART\",\"modelName\":\"NewYardModel\"}"}]}
RESULT: {"script":"<script> [1562 bytes]","args":[{"selector":{"controlType":"sap.m.Input","viewName":"etm.portal.ui.manageyards.view.New","viewId":"application-manageyards-display-component---NewYard","bindingPath":{"path":"","propertyPath":"/SALES_AREA_SPART","modelName":"NewYardModel"},"interaction":{"idSuffix":"inner"}},"wdio_ui5_key":"etmportal.ui.manageyards.view.Newsap.m.Input{\"path\":\"\",\"propertyPath\":\"/SALES_AREA_SPART\",\"modelName\":\"NewYardModel\"}"}]}
RESULT: undefined
COMMAND: POST /session/06820c29678f15015ffe824e569d7d5a/execute/async - {"script":"<script> [776 bytes]","args":[{"enterText":"C2","selector":{"controlType":"sap.m.Input","viewName":"etm.portal.ui.manageyards.view.New","viewId":"application-manageyards-display-component---NewYard","bindingPath":{"path":"","propertyPath":"/SALES_AREA_SPART","modelName":"NewYardModel"},"interaction":{"idSuffix":"inner"}},"clearTextFirst":true,"interactionType":"ENTER_TEXT"}]}
RESULT: {"script":"<script> [776 bytes]","args":[{"enterText":"C2","selector":{"controlType":"sap.m.Input","viewName":"etm.portal.ui.manageyards.view.New","viewId":"application-manageyards-display-component---NewYard","bindingPath":{"path":"","propertyPath":"/SALES_AREA_SPART","modelName":"NewYardModel"},"interaction":{"idSuffix":"inner"}},"clearTextFirst":true,"interactionType":"ENTER_TEXT"}]}
COMMAND: POST /session/06820c29678f15015ffe824e569d7d5a/execute/async - {"script":"<script> [1562 bytes]","args":[{"selector":{"controlType":"sap.m.Input","viewName":"etm.portal.ui.manageyards.view.New","viewId":"application-manageyards-display-component---NewYard","bindingPath":{"path":"","propertyPath":"/SHIP_POINT","modelName":"NewYardModel"},"interaction":{"idSuffix":"inner"}},"wdio_ui5_key":"etmportal.ui.manageyards.view.Newsap.m.Input{\"path\":\"\",\"propertyPath\":\"/SHIP_POINT\",\"modelName\":\"NewYardModel\"}"}]}
RESULT: {"script":"<script> [1562 bytes]","args":[{"selector":{"controlType":"sap.m.Input","viewName":"etm.portal.ui.manageyards.view.New","viewId":"application-manageyards-display-component---NewYard","bindingPath":{"path":"","propertyPath":"/SHIP_POINT","modelName":"NewYardModel"},"interaction":{"idSuffix":"inner"}},"wdio_ui5_key":"etmportal.ui.manageyards.view.Newsap.m.Input{\"path\":\"\",\"propertyPath\":\"/SHIP_POINT\",\"modelName\":\"NewYardModel\"}"}]}
RESULT: undefined
COMMAND: POST /session/06820c29678f15015ffe824e569d7d5a/execute/async - {"script":"<script> [776 bytes]","args":[{"enterText":"1710","selector":{"controlType":"sap.m.Input","viewName":"etm.portal.ui.manageyards.view.New","viewId":"application-manageyards-display-component---NewYard","bindingPath":{"path":"","propertyPath":"/SHIP_POINT","modelName":"NewYardModel"},"interaction":{"idSuffix":"inner"}},"clearTextFirst":true,"interactionType":"ENTER_TEXT"}]}
RESULT: {"script":"<script> [776 bytes]","args":[{"enterText":"1710","selector":{"controlType":"sap.m.Input","viewName":"etm.portal.ui.manageyards.view.New","viewId":"application-manageyards-display-component---NewYard","bindingPath":{"path":"","propertyPath":"/SHIP_POINT","modelName":"NewYardModel"},"interaction":{"idSuffix":"inner"}},"clearTextFirst":true,"interactionType":"ENTER_TEXT"}]}
COMMAND: POST /session/06820c29678f15015ffe824e569d7d5a/execute/async - {"script":"<script> [1562 bytes]","args":[{"selector":{"controlType":"sap.m.Input","viewName":"etm.portal.ui.manageyards.view.New","viewId":"application-manageyards-display-component---NewYard","bindingPath":{"path":"","propertyPath":"/DELIVERY_TYPE","modelName":"NewYardModel"},"interaction":{"idSuffix":"inner"}},"wdio_ui5_key":"etmportal.ui.manageyards.view.Newsap.m.Input{\"path\":\"\",\"propertyPath\":\"/DELIVERY_TYPE\",\"modelName\":\"NewYardModel\"}"}]}
RESULT: {"script":"<script> [1562 bytes]","args":[{"selector":{"controlType":"sap.m.Input","viewName":"etm.portal.ui.manageyards.view.New","viewId":"application-manageyards-display-component---NewYard","bindingPath":{"path":"","propertyPath":"/DELIVERY_TYPE","modelName":"NewYardModel"},"interaction":{"idSuffix":"inner"}},"wdio_ui5_key":"etmportal.ui.manageyards.view.Newsap.m.Input{\"path\":\"\",\"propertyPath\":\"/DELIVERY_TYPE\",\"modelName\":\"NewYardModel\"}"}]}
RESULT: undefined
COMMAND: POST /session/06820c29678f15015ffe824e569d7d5a/execute/async - {"script":"<script> [776 bytes]","args":[{"enterText":"ZL01","selector":{"controlType":"sap.m.Input","viewName":"etm.portal.ui.manageyards.view.New","viewId":"application-manageyards-display-component---NewYard","bindingPath":{"path":"","propertyPath":"/DELIVERY_TYPE","modelName":"NewYardModel"},"interaction":{"idSuffix":"inner"}},"clearTextFirst":true,"interactionType":"ENTER_TEXT"}]}
RESULT: {"script":"<script> [776 bytes]","args":[{"enterText":"ZL01","selector":{"controlType":"sap.m.Input","viewName":"etm.portal.ui.manageyards.view.New","viewId":"application-manageyards-display-component---NewYard","bindingPath":{"path":"","propertyPath":"/DELIVERY_TYPE","modelName":"NewYardModel"},"interaction":{"idSuffix":"inner"}},"clearTextFirst":true,"interactionType":"ENTER_TEXT"}]}
COMMAND: POST /session/06820c29678f15015ffe824e569d7d5a/execute/async - {"script":"<script> [1562 bytes]","args":[{"selector":{"controlType":"sap.m.Input","viewName":"etm.portal.ui.manageyards.view.New","viewId":"application-manageyards-display-component---NewYard","bindingPath":{"path":"","propertyPath":"/AUART","modelName":"NewYardModel"},"interaction":{"idSuffix":"inner"}},"wdio_ui5_key":"etmportal.ui.manageyards.view.Newsap.m.Input{\"path\":\"\",\"propertyPath\":\"/AUART\",\"modelName\":\"NewYardModel\"}"}]}
RESULT: {"script":"<script> [1562 bytes]","args":[{"selector":{"controlType":"sap.m.Input","viewName":"etm.portal.ui.manageyards.view.New","viewId":"application-manageyards-display-component---NewYard","bindingPath":{"path":"","propertyPath":"/AUART","modelName":"NewYardModel"},"interaction":{"idSuffix":"inner"}},"wdio_ui5_key":"etmportal.ui.manageyards.view.Newsap.m.Input{\"path\":\"\",\"propertyPath\":\"/AUART\",\"modelName\":\"NewYardModel\"}"}]}
RESULT: undefined
COMMAND: POST /session/06820c29678f15015ffe824e569d7d5a/execute/async - {"script":"<script> [776 bytes]","args":[{"enterText":"TA","selector":{"controlType":"sap.m.Input","viewName":"etm.portal.ui.manageyards.view.New","viewId":"application-manageyards-display-component---NewYard","bindingPath":{"path":"","propertyPath":"/AUART","modelName":"NewYardModel"},"interaction":{"idSuffix":"inner"}},"clearTextFirst":true,"interactionType":"ENTER_TEXT"}]}
RESULT: {"script":"<script> [776 bytes]","args":[{"enterText":"TA","selector":{"controlType":"sap.m.Input","viewName":"etm.portal.ui.manageyards.view.New","viewId":"application-manageyards-display-component---NewYard","bindingPath":{"path":"","propertyPath":"/AUART","modelName":"NewYardModel"},"interaction":{"idSuffix":"inner"}},"clearTextFirst":true,"interactionType":"ENTER_TEXT"}]}
COMMAND: POST /session/06820c29678f15015ffe824e569d7d5a/element - {"using":"xpath","value":"//button[@data-kt=\"newYardSaveButton\"]"}
RESULT: {"using":"xpath","value":"//button[@data-kt=\"newYardSaveButton\"]"}
COMMAND: POST /session/06820c29678f15015ffe824e569d7d5a/element/f.696EFCE712E801319DC54DDC19215679.d.F15413B5B2C41DBA045C69C981A7DA33.e.26671/click - {}
RESULT: {}
COMMAND: GET /session/06820c29678f15015ffe824e569d7d5a/screenshot - {}
RESULT: {}
COMMAND: POST /session/06820c29678f15015ffe824e569d7d5a/element - {"using":"xpath","value":"//header[contains(@id, 'ObjectPageLayout-headerTitle')]/div[1]/div[2]/div[1]/span[1]"}
RESULT: {"using":"xpath","value":"//header[contains(@id, 'ObjectPageLayout-headerTitle')]/div[1]/div[2]/div[1]/span[1]"}
COMMAND: POST /session/06820c29678f15015ffe824e569d7d5a/elements - {"using":"xpath","value":"//header[contains(@id, 'ObjectPageLayout-headerTitle')]/div[1]/div[2]/div[1]/span[1]"}
RESULT: {"using":"xpath","value":"//header[contains(@id, 'ObjectPageLayout-headerTitle')]/div[1]/div[2]/div[1]/span[1]"}
COMMAND: POST /session/06820c29678f15015ffe824e569d7d5a/execute/sync - {"script":"<script> [56 bytes]","args":[{"element-6066-11e4-a52e-4f735466cecf":"f.696EFCE712E801319DC54DDC19215679.d.F15413B5B2C41DBA045C69C981A7DA33.e.26989","ELEMENT":"f.696EFCE712E801319DC54DDC19215679.d.F15413B5B2C41DBA045C69C981A7DA33.e.26989"}]}
RESULT: {"script":"<script> [56 bytes]","args":[{"element-6066-11e4-a52e-4f735466cecf":"f.696EFCE712E801319DC54DDC19215679.d.F15413B5B2C41DBA045C69C981A7DA33.e.26989","ELEMENT":"f.696EFCE712E801319DC54DDC19215679.d.F15413B5B2C41DBA045C69C981A7DA33.e.26989"}]}
COMMAND: GET /session/06820c29678f15015ffe824e569d7d5a/screenshot - {}
RESULT: {}
COMMAND: POST /session/06820c29678f15015ffe824e569d7d5a/element - {"using":"css selector","value":"#shell-header-logo"}
RESULT: {"using":"css selector","value":"#shell-header-logo"}
COMMAND: POST /session/06820c29678f15015ffe824e569d7d5a/element/f.696EFCE712E801319DC54DDC19215679.d.F15413B5B2C41DBA045C69C981A7DA33.e.26116/click - {}
RESULT: {}
COMMAND: GET /session/06820c29678f15015ffe824e569d7d5a/screenshot - {}
RESULT: {}
COMMAND: POST /session/06820c29678f15015ffe824e569d7d5a/execute/sync - {"script":"<script> [299 bytes]","args":[["getModel","getResource"]]}
RESULT: {"script":"<script> [299 bytes]","args":[["getModel","getResource"]]}
]]></system-out>
    </testcase>
    <testcase classname="chrome.136_0_7103_93.windows.Transfer_Yard_to_Yard_US131076" name="Should create an equipment" time="140.237">
      <system-out><![CDATA[
COMMAND: POST /session/06820c29678f15015ffe824e569d7d5a/execute/async - {"script":"<script> [1562 bytes]","args":[{"selector":{"controlType":"sap.m.GenericTile","properties":{"header":"Manage Resources"}},"wdio_ui5_key":"sapm.GenericTile{\"header\":\"Manage Resources\"}"}]}
COMMAND: GET /session/06820c29678f15015ffe824e569d7d5a/screenshot - {}
RESULT: {"script":"<script> [1562 bytes]","args":[{"selector":{"controlType":"sap.m.GenericTile","properties":{"header":"Manage Resources"}},"wdio_ui5_key":"sapm.GenericTile{\"header\":\"Manage Resources\"}"}]}
RESULT: undefined
COMMAND: POST /session/06820c29678f15015ffe824e569d7d5a/element - {"using":"xpath","value":"//*[@id=\"__tile31\"]"}
RESULT: {}
RESULT: {"using":"xpath","value":"//*[@id=\"__tile31\"]"}
COMMAND: POST /session/06820c29678f15015ffe824e569d7d5a/element/f.696EFCE712E801319DC54DDC19215679.d.F15413B5B2C41DBA045C69C981A7DA33.e.26139/click - {}
RESULT: {}
COMMAND: GET /session/06820c29678f15015ffe824e569d7d5a/screenshot - {}
RESULT: {}
COMMAND: POST /session/06820c29678f15015ffe824e569d7d5a/elements - {"using":"xpath","value":"//span[text()='Error']"}
RESULT: {"using":"xpath","value":"//span[text()='Error']"}
COMMAND: POST /session/06820c29678f15015ffe824e569d7d5a/element - {"using":"xpath","value":"//button[@data-kt=\"addNewRUOverflowToolbarButton\"]"}
RESULT: {"using":"xpath","value":"//button[@data-kt=\"addNewRUOverflowToolbarButton\"]"}
COMMAND: POST /session/06820c29678f15015ffe824e569d7d5a/elements - {"using":"xpath","value":"//button[@data-kt=\"addNewRUOverflowToolbarButton\"]"}
RESULT: {"using":"xpath","value":"//button[@data-kt=\"addNewRUOverflowToolbarButton\"]"}
COMMAND: POST /session/06820c29678f15015ffe824e569d7d5a/execute/sync - {"script":"<script> [8489 bytes]","args":[{"element-6066-11e4-a52e-4f735466cecf":"f.696EFCE712E801319DC54DDC19215679.d.F15413B5B2C41DBA045C69C981A7DA33.e.27021","ELEMENT":"f.696EFCE712E801319DC54DDC19215679.d.F15413B5B2C41DBA045C69C981A7DA33.e.27021"}]}
RESULT: {"script":"<script> [8489 bytes]","args":[{"element-6066-11e4-a52e-4f735466cecf":"f.696EFCE712E801319DC54DDC19215679.d.F15413B5B2C41DBA045C69C981A7DA33.e.27021","ELEMENT":"f.696EFCE712E801319DC54DDC19215679.d.F15413B5B2C41DBA045C69C981A7DA33.e.27021"}]}
COMMAND: GET /session/06820c29678f15015ffe824e569d7d5a/element/f.696EFCE712E801319DC54DDC19215679.d.F15413B5B2C41DBA045C69C981A7DA33.e.27021/enabled - {}
COMMAND: GET /session/06820c29678f15015ffe824e569d7d5a/screenshot - {}
RESULT: {}
COMMAND: POST /session/06820c29678f15015ffe824e569d7d5a/execute/sync - {"script":"<script> [8489 bytes]","args":[{"element-6066-11e4-a52e-4f735466cecf":"f.696EFCE712E801319DC54DDC19215679.d.F15413B5B2C41DBA045C69C981A7DA33.e.27021","ELEMENT":"f.696EFCE712E801319DC54DDC19215679.d.F15413B5B2C41DBA045C69C981A7DA33.e.27021"}]}
COMMAND: GET /session/06820c29678f15015ffe824e569d7d5a/screenshot - {}
RESULT: {}
RESULT: {"script":"<script> [8489 bytes]","args":[{"element-6066-11e4-a52e-4f735466cecf":"f.696EFCE712E801319DC54DDC19215679.d.F15413B5B2C41DBA045C69C981A7DA33.e.27021","ELEMENT":"f.696EFCE712E801319DC54DDC19215679.d.F15413B5B2C41DBA045C69C981A7DA33.e.27021"}]}
COMMAND: POST /session/06820c29678f15015ffe824e569d7d5a/execute/sync - {"script":"<script> [5351 bytes]","args":[{"element-6066-11e4-a52e-4f735466cecf":"f.696EFCE712E801319DC54DDC19215679.d.F15413B5B2C41DBA045C69C981A7DA33.e.27021","ELEMENT":"f.696EFCE712E801319DC54DDC19215679.d.F15413B5B2C41DBA045C69C981A7DA33.e.27021"}]}
COMMAND: GET /session/06820c29678f15015ffe824e569d7d5a/screenshot - {}
RESULT: {}
RESULT: {"script":"<script> [5351 bytes]","args":[{"element-6066-11e4-a52e-4f735466cecf":"f.696EFCE712E801319DC54DDC19215679.d.F15413B5B2C41DBA045C69C981A7DA33.e.27021","ELEMENT":"f.696EFCE712E801319DC54DDC19215679.d.F15413B5B2C41DBA045C69C981A7DA33.e.27021"}]}
COMMAND: POST /session/06820c29678f15015ffe824e569d7d5a/element/f.696EFCE712E801319DC54DDC19215679.d.F15413B5B2C41DBA045C69C981A7DA33.e.27021/click - {}
COMMAND: GET /session/06820c29678f15015ffe824e569d7d5a/screenshot - {}
RESULT: {}
RESULT: {}
COMMAND: GET /session/06820c29678f15015ffe824e569d7d5a/screenshot - {}
RESULT: {}
RESULT: {}
COMMAND: POST /session/06820c29678f15015ffe824e569d7d5a/execute/async - {"script":"<script> [1562 bytes]","args":[{"selector":{"id":"application-manageresources-display-component---newResourceUnit--TYPE-arrow"},"wdio_ui5_key":"applicationmanageresources-display-component---newResourceUnit--TYPE-arrow"}]}
RESULT: {"script":"<script> [1562 bytes]","args":[{"selector":{"id":"application-manageresources-display-component---newResourceUnit--TYPE-arrow"},"wdio_ui5_key":"applicationmanageresources-display-component---newResourceUnit--TYPE-arrow"}]}
RESULT: undefined
COMMAND: POST /session/06820c29678f15015ffe824e569d7d5a/element - {"using":"xpath","value":"//*[@id=\"application-manageresources-display-component---newResourceUnit--TYPE-arrow\"]"}
RESULT: {"using":"xpath","value":"//*[@id=\"application-manageresources-display-component---newResourceUnit--TYPE-arrow\"]"}
COMMAND: POST /session/06820c29678f15015ffe824e569d7d5a/element/f.696EFCE712E801319DC54DDC19215679.d.F15413B5B2C41DBA045C69C981A7DA33.e.27387/click - {}
RESULT: {}
COMMAND: POST /session/06820c29678f15015ffe824e569d7d5a/element - {"using":"xpath","value":"//input[@id=\"application-manageresources-display-component---newResourceUnit--TYPE-inner\"]"}
COMMAND: GET /session/06820c29678f15015ffe824e569d7d5a/screenshot - {}
RESULT: {"using":"xpath","value":"//input[@id=\"application-manageresources-display-component---newResourceUnit--TYPE-inner\"]"}
COMMAND: POST /session/06820c29678f15015ffe824e569d7d5a/element/f.696EFCE712E801319DC54DDC19215679.d.F15413B5B2C41DBA045C69C981A7DA33.e.27368/clear - {}
RESULT: {}
RESULT: {}
COMMAND: POST /session/06820c29678f15015ffe824e569d7d5a/element/f.696EFCE712E801319DC54DDC19215679.d.F15413B5B2C41DBA045C69C981A7DA33.e.27368/value - {"text":"Equipment"}
COMMAND: GET /session/06820c29678f15015ffe824e569d7d5a/screenshot - {}
RESULT: {"text":"Equipment"}
COMMAND: GET /session/06820c29678f15015ffe824e569d7d5a/screenshot - {}
RESULT: {}
RESULT: {}
COMMAND: POST /session/06820c29678f15015ffe824e569d7d5a/actions - {"actions":[{"id":"action83","type":"key","parameters":{},"actions":[{"type":"keyDown","value":"î€‡"},{"type":"pause","duration":10},{"type":"keyUp","value":"î€‡"}]}]}
RESULT: {"actions":[{"id":"action83","type":"key","parameters":{},"actions":[{"type":"keyDown","value":"î€‡"},{"type":"pause","duration":10},{"type":"keyUp","value":"î€‡"}]}]}
COMMAND: POST /session/06820c29678f15015ffe824e569d7d5a/execute/async - {"script":"<script> [1562 bytes]","args":[{"selector":{"id":"application-manageresources-display-component---newResourceUnit--resourceId","interaction":{"idSuffix":"inner"}},"wdio_ui5_key":"applicationmanageresources-display-component---newResourceUnit--resourceId"}]}
COMMAND: GET /session/06820c29678f15015ffe824e569d7d5a/screenshot - {}
RESULT: {"script":"<script> [1562 bytes]","args":[{"selector":{"id":"application-manageresources-display-component---newResourceUnit--resourceId","interaction":{"idSuffix":"inner"}},"wdio_ui5_key":"applicationmanageresources-display-component---newResourceUnit--resourceId"}]}
RESULT: undefined
COMMAND: POST /session/06820c29678f15015ffe824e569d7d5a/execute/async - {"script":"<script> [776 bytes]","args":[{"enterText":"Faw2lM7YsU","selector":{"id":"application-manageresources-display-component---newResourceUnit--resourceId","interaction":{"idSuffix":"inner"}},"clearTextFirst":true,"interactionType":"ENTER_TEXT"}]}
RESULT: {}
RESULT: {"script":"<script> [776 bytes]","args":[{"enterText":"Faw2lM7YsU","selector":{"id":"application-manageresources-display-component---newResourceUnit--resourceId","interaction":{"idSuffix":"inner"}},"clearTextFirst":true,"interactionType":"ENTER_TEXT"}]}
COMMAND: POST /session/06820c29678f15015ffe824e569d7d5a/execute/async - {"script":"<script> [1562 bytes]","args":[{"selector":{"id":"application-manageresources-display-component---newResourceUnit--SHORT_TEXT","interaction":{"idSuffix":"inner"}},"wdio_ui5_key":"applicationmanageresources-display-component---newResourceUnit--SHORT_TEXT"}]}
RESULT: {"script":"<script> [1562 bytes]","args":[{"selector":{"id":"application-manageresources-display-component---newResourceUnit--SHORT_TEXT","interaction":{"idSuffix":"inner"}},"wdio_ui5_key":"applicationmanageresources-display-component---newResourceUnit--SHORT_TEXT"}]}
RESULT: undefined
COMMAND: POST /session/06820c29678f15015ffe824e569d7d5a/execute/async - {"script":"<script> [776 bytes]","args":[{"enterText":"Intercompany Equipment WDIO","selector":{"id":"application-manageresources-display-component---newResourceUnit--SHORT_TEXT","interaction":{"idSuffix":"inner"}},"clearTextFirst":true,"interactionType":"ENTER_TEXT"}]}
RESULT: {"script":"<script> [776 bytes]","args":[{"enterText":"Intercompany Equipment WDIO","selector":{"id":"application-manageresources-display-component---newResourceUnit--SHORT_TEXT","interaction":{"idSuffix":"inner"}},"clearTextFirst":true,"interactionType":"ENTER_TEXT"}]}
COMMAND: POST /session/06820c29678f15015ffe824e569d7d5a/execute/async - {"script":"<script> [1562 bytes]","args":[{"selector":{"id":"application-manageresources-display-component---newResourceUnit--BASE_UNIT_OF_MEASURE","interaction":{"idSuffix":"inner"}},"wdio_ui5_key":"applicationmanageresources-display-component---newResourceUnit--BASE_UNIT_OF_MEASURE"}]}
RESULT: {"script":"<script> [1562 bytes]","args":[{"selector":{"id":"application-manageresources-display-component---newResourceUnit--BASE_UNIT_OF_MEASURE","interaction":{"idSuffix":"inner"}},"wdio_ui5_key":"applicationmanageresources-display-component---newResourceUnit--BASE_UNIT_OF_MEASURE"}]}
RESULT: undefined
COMMAND: POST /session/06820c29678f15015ffe824e569d7d5a/execute/async - {"script":"<script> [776 bytes]","args":[{"enterText":"Piece","selector":{"id":"application-manageresources-display-component---newResourceUnit--BASE_UNIT_OF_MEASURE","interaction":{"idSuffix":"inner"}},"clearTextFirst":true,"interactionType":"ENTER_TEXT"}]}
RESULT: {"script":"<script> [776 bytes]","args":[{"enterText":"Piece","selector":{"id":"application-manageresources-display-component---newResourceUnit--BASE_UNIT_OF_MEASURE","interaction":{"idSuffix":"inner"}},"clearTextFirst":true,"interactionType":"ENTER_TEXT"}]}
COMMAND: POST /session/06820c29678f15015ffe824e569d7d5a/execute/async - {"script":"<script> [1562 bytes]","args":[{"selector":{"id":"application-manageresources-display-component---newResourceUnit--WEIGHT_UNIT","interaction":{"idSuffix":"inner"}},"wdio_ui5_key":"applicationmanageresources-display-component---newResourceUnit--WEIGHT_UNIT"}]}
RESULT: {"script":"<script> [1562 bytes]","args":[{"selector":{"id":"application-manageresources-display-component---newResourceUnit--WEIGHT_UNIT","interaction":{"idSuffix":"inner"}},"wdio_ui5_key":"applicationmanageresources-display-component---newResourceUnit--WEIGHT_UNIT"}]}
RESULT: undefined
COMMAND: POST /session/06820c29678f15015ffe824e569d7d5a/execute/async - {"script":"<script> [776 bytes]","args":[{"enterText":"Gram","selector":{"id":"application-manageresources-display-component---newResourceUnit--WEIGHT_UNIT","interaction":{"idSuffix":"inner"}},"clearTextFirst":true,"interactionType":"ENTER_TEXT"}]}
RESULT: {"script":"<script> [776 bytes]","args":[{"enterText":"Gram","selector":{"id":"application-manageresources-display-component---newResourceUnit--WEIGHT_UNIT","interaction":{"idSuffix":"inner"}},"clearTextFirst":true,"interactionType":"ENTER_TEXT"}]}
COMMAND: POST /session/06820c29678f15015ffe824e569d7d5a/execute/async - {"script":"<script> [1562 bytes]","args":[{"selector":{"id":"application-manageresources-display-component---newResourceUnit--DIMENSION_UNIT","interaction":{"idSuffix":"inner"}},"wdio_ui5_key":"applicationmanageresources-display-component---newResourceUnit--DIMENSION_UNIT"}]}
RESULT: {"script":"<script> [1562 bytes]","args":[{"selector":{"id":"application-manageresources-display-component---newResourceUnit--DIMENSION_UNIT","interaction":{"idSuffix":"inner"}},"wdio_ui5_key":"applicationmanageresources-display-component---newResourceUnit--DIMENSION_UNIT"}]}
RESULT: undefined
COMMAND: POST /session/06820c29678f15015ffe824e569d7d5a/execute/async - {"script":"<script> [776 bytes]","args":[{"enterText":"Meter","selector":{"id":"application-manageresources-display-component---newResourceUnit--DIMENSION_UNIT","interaction":{"idSuffix":"inner"}},"clearTextFirst":true,"interactionType":"ENTER_TEXT"}]}
RESULT: {"script":"<script> [776 bytes]","args":[{"enterText":"Meter","selector":{"id":"application-manageresources-display-component---newResourceUnit--DIMENSION_UNIT","interaction":{"idSuffix":"inner"}},"clearTextFirst":true,"interactionType":"ENTER_TEXT"}]}
COMMAND: POST /session/06820c29678f15015ffe824e569d7d5a/execute/async - {"script":"<script> [1562 bytes]","args":[{"selector":{"id":"application-manageresources-display-component---newResourceUnit--newRRUPage-anchBar-application-manageresources-display-component---newResourceUnit--control-anchor","interaction":{"idSuffix":"BDI-content"}},"wdio_ui5_key":"applicationmanageresources-display-component---newResourceUnit--newRRUPage-anchBar-application-manageresources-display-component---newResourceUnit--control-anchor"}]}
RESULT: {"script":"<script> [1562 bytes]","args":[{"selector":{"id":"application-manageresources-display-component---newResourceUnit--newRRUPage-anchBar-application-manageresources-display-component---newResourceUnit--control-anchor","interaction":{"idSuffix":"BDI-content"}},"wdio_ui5_key":"applicationmanageresources-display-component---newResourceUnit--newRRUPage-anchBar-application-manageresources-display-component---newResourceUnit--control-anchor"}]}
RESULT: undefined
COMMAND: POST /session/06820c29678f15015ffe824e569d7d5a/element - {"using":"xpath","value":"//*[@id=\"application-manageresources-display-component---newResourceUnit--newRRUPage-anchBar-application-manageresources-display-component---newResourceUnit--control-anchor\"]"}
RESULT: {"using":"xpath","value":"//*[@id=\"application-manageresources-display-component---newResourceUnit--newRRUPage-anchBar-application-manageresources-display-component---newResourceUnit--control-anchor\"]"}
COMMAND: POST /session/06820c29678f15015ffe824e569d7d5a/element/f.696EFCE712E801319DC54DDC19215679.d.F15413B5B2C41DBA045C69C981A7DA33.e.27519/click - {}
RESULT: {}
COMMAND: POST /session/06820c29678f15015ffe824e569d7d5a/execute/async - {"script":"<script> [1562 bytes]","args":[{"selector":{"id":"application-manageresources-display-component---newResourceUnit--PLANNING_GROUP","interaction":{"idSuffix":"inner"}},"wdio_ui5_key":"applicationmanageresources-display-component---newResourceUnit--PLANNING_GROUP"}]}
COMMAND: GET /session/06820c29678f15015ffe824e569d7d5a/screenshot - {}
RESULT: {"script":"<script> [1562 bytes]","args":[{"selector":{"id":"application-manageresources-display-component---newResourceUnit--PLANNING_GROUP","interaction":{"idSuffix":"inner"}},"wdio_ui5_key":"applicationmanageresources-display-component---newResourceUnit--PLANNING_GROUP"}]}
RESULT: undefined
COMMAND: POST /session/06820c29678f15015ffe824e569d7d5a/execute/async - {"script":"<script> [776 bytes]","args":[{"enterText":"Heavy Equi","selector":{"id":"application-manageresources-display-component---newResourceUnit--PLANNING_GROUP","interaction":{"idSuffix":"inner"}},"clearTextFirst":true,"interactionType":"ENTER_TEXT"}]}
RESULT: {}
RESULT: {"script":"<script> [776 bytes]","args":[{"enterText":"Heavy Equi","selector":{"id":"application-manageresources-display-component---newResourceUnit--PLANNING_GROUP","interaction":{"idSuffix":"inner"}},"clearTextFirst":true,"interactionType":"ENTER_TEXT"}]}
COMMAND: POST /session/06820c29678f15015ffe824e569d7d5a/execute/async - {"script":"<script> [1562 bytes]","args":[{"selector":{"id":"application-manageresources-display-component---newResourceUnit--ITEM_TYPE-arrow"},"wdio_ui5_key":"applicationmanageresources-display-component---newResourceUnit--ITEM_TYPE-arrow"}]}
RESULT: {"script":"<script> [1562 bytes]","args":[{"selector":{"id":"application-manageresources-display-component---newResourceUnit--ITEM_TYPE-arrow"},"wdio_ui5_key":"applicationmanageresources-display-component---newResourceUnit--ITEM_TYPE-arrow"}]}
RESULT: undefined
COMMAND: POST /session/06820c29678f15015ffe824e569d7d5a/element - {"using":"xpath","value":"//*[@id=\"application-manageresources-display-component---newResourceUnit--ITEM_TYPE-arrow\"]"}
RESULT: {"using":"xpath","value":"//*[@id=\"application-manageresources-display-component---newResourceUnit--ITEM_TYPE-arrow\"]"}
COMMAND: POST /session/06820c29678f15015ffe824e569d7d5a/element/f.696EFCE712E801319DC54DDC19215679.d.F15413B5B2C41DBA045C69C981A7DA33.e.27528/click - {}
RESULT: {}
COMMAND: POST /session/06820c29678f15015ffe824e569d7d5a/element - {"using":"xpath","value":"(//span[contains(text(), \"Resource Unit\")])[2]"}
COMMAND: GET /session/06820c29678f15015ffe824e569d7d5a/screenshot - {}
RESULT: {"using":"xpath","value":"(//span[contains(text(), \"Resource Unit\")])[2]"}
COMMAND: POST /session/06820c29678f15015ffe824e569d7d5a/element/f.696EFCE712E801319DC54DDC19215679.d.F15413B5B2C41DBA045C69C981A7DA33.e.27529/click - {}
RESULT: {}
RESULT: {}
COMMAND: GET /session/06820c29678f15015ffe824e569d7d5a/screenshot - {}
RESULT: {}
COMMAND: POST /session/06820c29678f15015ffe824e569d7d5a/element - {"using":"css selector","value":"#application-manageresources-display-component---newResourceUnit--btnAddTimeSegment"}
RESULT: {"using":"css selector","value":"#application-manageresources-display-component---newResourceUnit--btnAddTimeSegment"}
COMMAND: GET /session/06820c29678f15015ffe824e569d7d5a/element/f.696EFCE712E801319DC54DDC19215679.d.F15413B5B2C41DBA045C69C981A7DA33.e.27530/rect - {}
RESULT: {}
COMMAND: GET /session/06820c29678f15015ffe824e569d7d5a/window/rect - {}
RESULT: {}
COMMAND: POST /session/06820c29678f15015ffe824e569d7d5a/execute/sync - {"script":"<script> [92 bytes]","args":[]}
RESULT: {"script":"<script> [92 bytes]","args":[]}
COMMAND: POST /session/06820c29678f15015ffe824e569d7d5a/actions - {"actions":[{"id":"action84","type":"wheel","parameters":{},"actions":[{"type":"scroll","x":-1888,"y":-32,"deltaX":0,"deltaY":0,"duration":0,"origin":{"element-6066-11e4-a52e-4f735466cecf":"f.696EFCE712E801319DC54DDC19215679.d.F15413B5B2C41DBA045C69C981A7DA33.e.27530"}}]}]}
COMMAND: GET /session/06820c29678f15015ffe824e569d7d5a/screenshot - {}
RESULT: {}
COMMAND: POST /session/06820c29678f15015ffe824e569d7d5a/execute/sync - {"script":"<script> [79 bytes]","args":[{"element-6066-11e4-a52e-4f735466cecf":"f.696EFCE712E801319DC54DDC19215679.d.F15413B5B2C41DBA045C69C981A7DA33.e.27530","ELEMENT":"f.696EFCE712E801319DC54DDC19215679.d.F15413B5B2C41DBA045C69C981A7DA33.e.27530"},{"block":"start","inline":"nearest"}]}
RESULT: {"script":"<script> [79 bytes]","args":[{"element-6066-11e4-a52e-4f735466cecf":"f.696EFCE712E801319DC54DDC19215679.d.F15413B5B2C41DBA045C69C981A7DA33.e.27530","ELEMENT":"f.696EFCE712E801319DC54DDC19215679.d.F15413B5B2C41DBA045C69C981A7DA33.e.27530"},{"block":"start","inline":"nearest"}]}
COMMAND: POST /session/06820c29678f15015ffe824e569d7d5a/execute/async - {"script":"<script> [1562 bytes]","args":[{"selector":{"id":"application-manageresources-display-component---newResourceUnit--btnAddTimeSegment","interaction":{"idSuffix":"inner"}},"wdio_ui5_key":"applicationmanageresources-display-component---newResourceUnit--btnAddTimeSegment"}]}
COMMAND: GET /session/06820c29678f15015ffe824e569d7d5a/screenshot - {}
RESULT: {"script":"<script> [1562 bytes]","args":[{"selector":{"id":"application-manageresources-display-component---newResourceUnit--btnAddTimeSegment","interaction":{"idSuffix":"inner"}},"wdio_ui5_key":"applicationmanageresources-display-component---newResourceUnit--btnAddTimeSegment"}]}
RESULT: undefined
COMMAND: POST /session/06820c29678f15015ffe824e569d7d5a/element - {"using":"xpath","value":"//*[@id=\"application-manageresources-display-component---newResourceUnit--btnAddTimeSegment\"]"}
RESULT: {}
RESULT: {"using":"xpath","value":"//*[@id=\"application-manageresources-display-component---newResourceUnit--btnAddTimeSegment\"]"}
COMMAND: POST /session/06820c29678f15015ffe824e569d7d5a/element/f.696EFCE712E801319DC54DDC19215679.d.F15413B5B2C41DBA045C69C981A7DA33.e.27530/click - {}
RESULT: {}
COMMAND: GET /session/06820c29678f15015ffe824e569d7d5a/screenshot - {}
RESULT: {}
COMMAND: POST /session/06820c29678f15015ffe824e569d7d5a/element - {"using":"xpath","value":"//input[@id=\"application-manageresources-display-component---newResourceUnit--idRuTSAdmin-application-manageresources-display-component---newResourceUnit--RUTimeSegment-0-inner\"]"}
RESULT: {"using":"xpath","value":"//input[@id=\"application-manageresources-display-component---newResourceUnit--idRuTSAdmin-application-manageresources-display-component---newResourceUnit--RUTimeSegment-0-inner\"]"}
COMMAND: POST /session/06820c29678f15015ffe824e569d7d5a/element/f.696EFCE712E801319DC54DDC19215679.d.F15413B5B2C41DBA045C69C981A7DA33.e.27536/clear - {}
RESULT: {}
COMMAND: POST /session/06820c29678f15015ffe824e569d7d5a/element/f.696EFCE712E801319DC54DDC19215679.d.F15413B5B2C41DBA045C69C981A7DA33.e.27536/value - {"text":"561"}
COMMAND: GET /session/06820c29678f15015ffe824e569d7d5a/screenshot - {}
RESULT: {"text":"561"}
COMMAND: GET /session/06820c29678f15015ffe824e569d7d5a/screenshot - {}
RESULT: {}
RESULT: {}
COMMAND: POST /session/06820c29678f15015ffe824e569d7d5a/element - {"using":"xpath","value":"//li[.//span[text()='561']]"}
RESULT: {"using":"xpath","value":"//li[.//span[text()='561']]"}
COMMAND: POST /session/06820c29678f15015ffe824e569d7d5a/element/f.696EFCE712E801319DC54DDC19215679.d.F15413B5B2C41DBA045C69C981A7DA33.e.27551/click - {}
RESULT: {}
COMMAND: GET /session/06820c29678f15015ffe824e569d7d5a/screenshot - {}
RESULT: {}
COMMAND: POST /session/06820c29678f15015ffe824e569d7d5a/element - {"using":"xpath","value":"(//span[contains(@id, \"-application-manageresources-display-component---newResourceUnit--RUTimeSegment-0-arrow\")])[6]"}
RESULT: {"using":"xpath","value":"(//span[contains(@id, \"-application-manageresources-display-component---newResourceUnit--RUTimeSegment-0-arrow\")])[6]"}
COMMAND: POST /session/06820c29678f15015ffe824e569d7d5a/element/f.696EFCE712E801319DC54DDC19215679.d.F15413B5B2C41DBA045C69C981A7DA33.e.27552/click - {}
RESULT: {}
COMMAND: GET /session/06820c29678f15015ffe824e569d7d5a/screenshot - {}
RESULT: {}
COMMAND: POST /session/06820c29678f15015ffe824e569d7d5a/element - {"using":"xpath","value":"//span[contains(text(), \"PM Order\")]"}
RESULT: {"using":"xpath","value":"//span[contains(text(), \"PM Order\")]"}
COMMAND: POST /session/06820c29678f15015ffe824e569d7d5a/element/f.696EFCE712E801319DC54DDC19215679.d.F15413B5B2C41DBA045C69C981A7DA33.e.27555/click - {}
RESULT: {}
COMMAND: GET /session/06820c29678f15015ffe824e569d7d5a/screenshot - {}
RESULT: {}
COMMAND: POST /session/06820c29678f15015ffe824e569d7d5a/element - {"using":"xpath","value":"(//span[contains(@id ,\"manageresources-display-component---newResourceUnit--RUTimeSegment-0-vhi\")])[1]"}
RESULT: {"using":"xpath","value":"(//span[contains(@id ,\"manageresources-display-component---newResourceUnit--RUTimeSegment-0-vhi\")])[1]"}
COMMAND: GET /session/06820c29678f15015ffe824e569d7d5a/element/f.696EFCE712E801319DC54DDC19215679.d.F15413B5B2C41DBA045C69C981A7DA33.e.27559/rect - {}
RESULT: {}
COMMAND: GET /session/06820c29678f15015ffe824e569d7d5a/window/rect - {}
RESULT: {}
COMMAND: POST /session/06820c29678f15015ffe824e569d7d5a/execute/sync - {"script":"<script> [92 bytes]","args":[]}
RESULT: {"script":"<script> [92 bytes]","args":[]}
COMMAND: POST /session/06820c29678f15015ffe824e569d7d5a/actions - {"actions":[{"id":"action85","type":"wheel","parameters":{},"actions":[{"type":"scroll","x":-869,"y":-24,"deltaX":0,"deltaY":0,"duration":0,"origin":{"element-6066-11e4-a52e-4f735466cecf":"f.696EFCE712E801319DC54DDC19215679.d.F15413B5B2C41DBA045C69C981A7DA33.e.27559"}}]}]}
COMMAND: GET /session/06820c29678f15015ffe824e569d7d5a/screenshot - {}
RESULT: {"actions":[{"id":"action85","type":"wheel","parameters":{},"actions":[{"type":"scroll","x":-869,"y":-24,"deltaX":0,"deltaY":0,"duration":0,"origin":{"element-6066-11e4-a52e-4f735466cecf":"f.696EFCE712E801319DC54DDC19215679.d.F15413B5B2C41DBA045C69C981A7DA33.e.27559"}}]}]}
COMMAND: DELETE /session/06820c29678f15015ffe824e569d7d5a/actions - {}
COMMAND: GET /session/06820c29678f15015ffe824e569d7d5a/screenshot - {}
RESULT: {}
RESULT: {}
COMMAND: GET /session/06820c29678f15015ffe824e569d7d5a/screenshot - {}
RESULT: {}
RESULT: {}
COMMAND: POST /session/06820c29678f15015ffe824e569d7d5a/element/f.696EFCE712E801319DC54DDC19215679.d.F15413B5B2C41DBA045C69C981A7DA33.e.27559/click - {}
RESULT: {}
COMMAND: GET /session/06820c29678f15015ffe824e569d7d5a/screenshot - {}
RESULT: {}
RESULT: undefined
COMMAND: POST /session/06820c29678f15015ffe824e569d7d5a/execute/async - {"script":"<script> [776 bytes]","args":[{"enterText":"4000360","selector":{"controlType":"sap.m.SearchField","properties":{"placeholder":"Search"},"searchOpenDialogs":true,"interaction":{"idSuffix":"I"}},"clearTextFirst":true,"interactionType":"ENTER_TEXT"}]}
RESULT: {"script":"<script> [776 bytes]","args":[{"enterText":"4000360","selector":{"controlType":"sap.m.SearchField","properties":{"placeholder":"Search"},"searchOpenDialogs":true,"interaction":{"idSuffix":"I"}},"clearTextFirst":true,"interactionType":"ENTER_TEXT"}]}
COMMAND: POST /session/06820c29678f15015ffe824e569d7d5a/actions - {"actions":[{"id":"action86","type":"key","parameters":{},"actions":[{"type":"keyDown","value":"î€‡"},{"type":"pause","duration":10},{"type":"keyUp","value":"î€‡"}]}]}
RESULT: {"actions":[{"id":"action86","type":"key","parameters":{},"actions":[{"type":"keyDown","value":"î€‡"},{"type":"pause","duration":10},{"type":"keyUp","value":"î€‡"}]}]}
COMMAND: GET /session/06820c29678f15015ffe824e569d7d5a/screenshot - {}
RESULT: {}
COMMAND: POST /session/06820c29678f15015ffe824e569d7d5a/element - {"using":"xpath","value":"//td/div/span[contains(text(), \"BGL Vehicles\")]"}
RESULT: {"using":"xpath","value":"//td/div/span[contains(text(), \"BGL Vehicles\")]"}
COMMAND: POST /session/06820c29678f15015ffe824e569d7d5a/element/f.696EFCE712E801319DC54DDC19215679.d.F15413B5B2C41DBA045C69C981A7DA33.e.27578/click - {}
RESULT: {}
COMMAND: GET /session/06820c29678f15015ffe824e569d7d5a/screenshot - {}
RESULT: {}
COMMAND: POST /session/06820c29678f15015ffe824e569d7d5a/element - {"using":"xpath","value":"//bdi[contains(text(), \"OK\")]"}
RESULT: {"using":"xpath","value":"//bdi[contains(text(), \"OK\")]"}
COMMAND: POST /session/06820c29678f15015ffe824e569d7d5a/element/f.696EFCE712E801319DC54DDC19215679.d.F15413B5B2C41DBA045C69C981A7DA33.e.27579/click - {}
RESULT: {}
COMMAND: GET /session/06820c29678f15015ffe824e569d7d5a/screenshot - {}
RESULT: {}
COMMAND: POST /session/06820c29678f15015ffe824e569d7d5a/execute/async - {"script":"<script> [1562 bytes]","args":[{"selector":{"id":"application-manageresources-display-component---newResourceUnit--newRRUPage-anchBar-application-manageresources-display-component---newResourceUnit--resource-anchor","interaction":{"idSuffix":"BDI-content"}},"wdio_ui5_key":"applicationmanageresources-display-component---newResourceUnit--newRRUPage-anchBar-application-manageresources-display-component---newResourceUnit--resource-anchor"}]}
RESULT: {"script":"<script> [1562 bytes]","args":[{"selector":{"id":"application-manageresources-display-component---newResourceUnit--newRRUPage-anchBar-application-manageresources-display-component---newResourceUnit--resource-anchor","interaction":{"idSuffix":"BDI-content"}},"wdio_ui5_key":"applicationmanageresources-display-component---newResourceUnit--newRRUPage-anchBar-application-manageresources-display-component---newResourceUnit--resource-anchor"}]}
RESULT: undefined
COMMAND: POST /session/06820c29678f15015ffe824e569d7d5a/element - {"using":"xpath","value":"//*[@id=\"application-manageresources-display-component---newResourceUnit--newRRUPage-anchBar-application-manageresources-display-component---newResourceUnit--resource-anchor\"]"}
RESULT: {"using":"xpath","value":"//*[@id=\"application-manageresources-display-component---newResourceUnit--newRRUPage-anchBar-application-manageresources-display-component---newResourceUnit--resource-anchor\"]"}
COMMAND: POST /session/06820c29678f15015ffe824e569d7d5a/element/f.696EFCE712E801319DC54DDC19215679.d.F15413B5B2C41DBA045C69C981A7DA33.e.27583/click - {}
RESULT: {}
COMMAND: POST /session/06820c29678f15015ffe824e569d7d5a/execute/async - {"script":"<script> [1562 bytes]","args":[{"selector":{"id":"application-manageresources-display-component---newResourceUnit--PLANNED_DELIVERY_DATE","interaction":{"idSuffix":"inner"}},"wdio_ui5_key":"applicationmanageresources-display-component---newResourceUnit--PLANNED_DELIVERY_DATE"}]}
COMMAND: GET /session/06820c29678f15015ffe824e569d7d5a/screenshot - {}
RESULT: {}
RESULT: {"script":"<script> [1562 bytes]","args":[{"selector":{"id":"application-manageresources-display-component---newResourceUnit--PLANNED_DELIVERY_DATE","interaction":{"idSuffix":"inner"}},"wdio_ui5_key":"applicationmanageresources-display-component---newResourceUnit--PLANNED_DELIVERY_DATE"}]}
RESULT: undefined
COMMAND: POST /session/06820c29678f15015ffe824e569d7d5a/execute/async - {"script":"<script> [6424 bytes]","args":[{"element-6066-11e4-a52e-4f735466cecf":"f.696EFCE712E801319DC54DDC19215679.d.F15413B5B2C41DBA045C69C981A7DA33.e.27443"},"setValue",["5/19/25"]]}
RESULT: {"script":"<script> [6424 bytes]","args":[{"element-6066-11e4-a52e-4f735466cecf":"f.696EFCE712E801319DC54DDC19215679.d.F15413B5B2C41DBA045C69C981A7DA33.e.27443"},"setValue",["5/19/25"]]}
COMMAND: POST /session/06820c29678f15015ffe824e569d7d5a/element - {"using":"xpath","value":"//label[contains(@class, 'sapMLabelRequired') and .//bdi[contains(text(), 'Planned Retirement')]]"}
RESULT: {"using":"xpath","value":"//label[contains(@class, 'sapMLabelRequired') and .//bdi[contains(text(), 'Planned Retirement')]]"}
COMMAND: POST /session/06820c29678f15015ffe824e569d7d5a/elements - {"using":"xpath","value":"//label[contains(@class, 'sapMLabelRequired') and .//bdi[contains(text(), 'Planned Retirement')]]"}
RESULT: {"using":"xpath","value":"//label[contains(@class, 'sapMLabelRequired') and .//bdi[contains(text(), 'Planned Retirement')]]"}
COMMAND: POST /session/06820c29678f15015ffe824e569d7d5a/element - {"using":"xpath","value":"//button[@data-kt=\"resourceUnitSaveButton\"]"}
RESULT: {"using":"xpath","value":"//button[@data-kt=\"resourceUnitSaveButton\"]"}
COMMAND: POST /session/06820c29678f15015ffe824e569d7d5a/element/f.696EFCE712E801319DC54DDC19215679.d.F15413B5B2C41DBA045C69C981A7DA33.e.27404/click - {}
RESULT: {}
COMMAND: GET /session/06820c29678f15015ffe824e569d7d5a/screenshot - {}
RESULT: {}
COMMAND: POST /session/06820c29678f15015ffe824e569d7d5a/element - {"using":"xpath","value":"//bdi[contains(text(), \"Close\")]"}
RESULT: {"using":"xpath","value":"//bdi[contains(text(), \"Close\")]"}
COMMAND: POST /session/06820c29678f15015ffe824e569d7d5a/element/f.696EFCE712E801319DC54DDC19215679.d.F15413B5B2C41DBA045C69C981A7DA33.e.27593/click - {}
RESULT: {}
COMMAND: GET /session/06820c29678f15015ffe824e569d7d5a/screenshot - {}
RESULT: {}
COMMAND: POST /session/06820c29678f15015ffe824e569d7d5a/element - {"using":"xpath","value":"(//button[contains(@id ,\"actionsToolbar-overflowButton\")])[1]"}
RESULT: {"using":"xpath","value":"(//button[contains(@id ,\"actionsToolbar-overflowButton\")])[1]"}
COMMAND: POST /session/06820c29678f15015ffe824e569d7d5a/element/f.696EFCE712E801319DC54DDC19215679.d.F15413B5B2C41DBA045C69C981A7DA33.e.27628/click - {}
RESULT: {}
COMMAND: GET /session/06820c29678f15015ffe824e569d7d5a/screenshot - {}
RESULT: {}
COMMAND: POST /session/06820c29678f15015ffe824e569d7d5a/element - {"using":"xpath","value":"//button[@data-kt=\"priceInfoButton\"]"}
RESULT: {"using":"xpath","value":"//button[@data-kt=\"priceInfoButton\"]"}
COMMAND: POST /session/06820c29678f15015ffe824e569d7d5a/element/f.696EFCE712E801319DC54DDC19215679.d.F15413B5B2C41DBA045C69C981A7DA33.e.27630/click - {}
RESULT: {}
COMMAND: GET /session/06820c29678f15015ffe824e569d7d5a/screenshot - {}
RESULT: {}
COMMAND: POST /session/06820c29678f15015ffe824e569d7d5a/element - {"using":"css selector","value":"#shell-header-logo"}
RESULT: {"using":"css selector","value":"#shell-header-logo"}
COMMAND: POST /session/06820c29678f15015ffe824e569d7d5a/element/f.696EFCE712E801319DC54DDC19215679.d.F15413B5B2C41DBA045C69C981A7DA33.e.26993/click - {}
RESULT: {}
COMMAND: GET /session/06820c29678f15015ffe824e569d7d5a/screenshot - {}
RESULT: {}
]]></system-out>
    </testcase>
    <testcase classname="chrome.136_0_7103_93.windows.Transfer_Yard_to_Yard_US131076" name="Prereq Should create a new equipment multipart" time="115.598">
      <system-out><![CDATA[
RESULT: undefined
COMMAND: POST /session/06820c29678f15015ffe824e569d7d5a/element - {"using":"xpath","value":"//*[@id=\"__tile31\"]"}
RESULT: {"using":"xpath","value":"//*[@id=\"__tile31\"]"}
COMMAND: POST /session/06820c29678f15015ffe824e569d7d5a/element/f.696EFCE712E801319DC54DDC19215679.d.F15413B5B2C41DBA045C69C981A7DA33.e.26139/click - {}
RESULT: {}
COMMAND: GET /session/06820c29678f15015ffe824e569d7d5a/screenshot - {}
RESULT: {}
COMMAND: POST /session/06820c29678f15015ffe824e569d7d5a/elements - {"using":"xpath","value":"//span[text()='Error']"}
RESULT: {"using":"xpath","value":"//span[text()='Error']"}
COMMAND: POST /session/06820c29678f15015ffe824e569d7d5a/element - {"using":"xpath","value":"//button[@data-kt=\"addNewRUOverflowToolbarButton\"]"}
RESULT: {"using":"xpath","value":"//button[@data-kt=\"addNewRUOverflowToolbarButton\"]"}
COMMAND: POST /session/06820c29678f15015ffe824e569d7d5a/elements - {"using":"xpath","value":"//button[@data-kt=\"addNewRUOverflowToolbarButton\"]"}
RESULT: {"using":"xpath","value":"//button[@data-kt=\"addNewRUOverflowToolbarButton\"]"}
COMMAND: POST /session/06820c29678f15015ffe824e569d7d5a/execute/sync - {"script":"<script> [8489 bytes]","args":[{"element-6066-11e4-a52e-4f735466cecf":"f.696EFCE712E801319DC54DDC19215679.d.F15413B5B2C41DBA045C69C981A7DA33.e.27811","ELEMENT":"f.696EFCE712E801319DC54DDC19215679.d.F15413B5B2C41DBA045C69C981A7DA33.e.27811"}]}
RESULT: {"script":"<script> [8489 bytes]","args":[{"element-6066-11e4-a52e-4f735466cecf":"f.696EFCE712E801319DC54DDC19215679.d.F15413B5B2C41DBA045C69C981A7DA33.e.27811","ELEMENT":"f.696EFCE712E801319DC54DDC19215679.d.F15413B5B2C41DBA045C69C981A7DA33.e.27811"}]}
COMMAND: GET /session/06820c29678f15015ffe824e569d7d5a/element/f.696EFCE712E801319DC54DDC19215679.d.F15413B5B2C41DBA045C69C981A7DA33.e.27811/enabled - {}
COMMAND: GET /session/06820c29678f15015ffe824e569d7d5a/screenshot - {}
RESULT: {}
COMMAND: POST /session/06820c29678f15015ffe824e569d7d5a/execute/sync - {"script":"<script> [8489 bytes]","args":[{"element-6066-11e4-a52e-4f735466cecf":"f.696EFCE712E801319DC54DDC19215679.d.F15413B5B2C41DBA045C69C981A7DA33.e.27811","ELEMENT":"f.696EFCE712E801319DC54DDC19215679.d.F15413B5B2C41DBA045C69C981A7DA33.e.27811"}]}
COMMAND: GET /session/06820c29678f15015ffe824e569d7d5a/screenshot - {}
RESULT: {}
RESULT: {"script":"<script> [8489 bytes]","args":[{"element-6066-11e4-a52e-4f735466cecf":"f.696EFCE712E801319DC54DDC19215679.d.F15413B5B2C41DBA045C69C981A7DA33.e.27811","ELEMENT":"f.696EFCE712E801319DC54DDC19215679.d.F15413B5B2C41DBA045C69C981A7DA33.e.27811"}]}
COMMAND: POST /session/06820c29678f15015ffe824e569d7d5a/execute/sync - {"script":"<script> [5351 bytes]","args":[{"element-6066-11e4-a52e-4f735466cecf":"f.696EFCE712E801319DC54DDC19215679.d.F15413B5B2C41DBA045C69C981A7DA33.e.27811","ELEMENT":"f.696EFCE712E801319DC54DDC19215679.d.F15413B5B2C41DBA045C69C981A7DA33.e.27811"}]}
COMMAND: GET /session/06820c29678f15015ffe824e569d7d5a/screenshot - {}
RESULT: {}
RESULT: {"script":"<script> [5351 bytes]","args":[{"element-6066-11e4-a52e-4f735466cecf":"f.696EFCE712E801319DC54DDC19215679.d.F15413B5B2C41DBA045C69C981A7DA33.e.27811","ELEMENT":"f.696EFCE712E801319DC54DDC19215679.d.F15413B5B2C41DBA045C69C981A7DA33.e.27811"}]}
COMMAND: POST /session/06820c29678f15015ffe824e569d7d5a/element/f.696EFCE712E801319DC54DDC19215679.d.F15413B5B2C41DBA045C69C981A7DA33.e.27811/click - {}
COMMAND: GET /session/06820c29678f15015ffe824e569d7d5a/screenshot - {}
RESULT: {}
RESULT: {}
COMMAND: GET /session/06820c29678f15015ffe824e569d7d5a/screenshot - {}
RESULT: {}
RESULT: {}
RESULT: undefined
COMMAND: POST /session/06820c29678f15015ffe824e569d7d5a/element - {"using":"xpath","value":"//*[@id=\"application-manageresources-display-component---newResourceUnit--TYPE-arrow\"]"}
RESULT: {"using":"xpath","value":"//*[@id=\"application-manageresources-display-component---newResourceUnit--TYPE-arrow\"]"}
COMMAND: POST /session/06820c29678f15015ffe824e569d7d5a/element/f.696EFCE712E801319DC54DDC19215679.d.F15413B5B2C41DBA045C69C981A7DA33.e.28058/click - {}
RESULT: {}
COMMAND: POST /session/06820c29678f15015ffe824e569d7d5a/element - {"using":"xpath","value":"//input[@id=\"application-manageresources-display-component---newResourceUnit--TYPE-inner\"]"}
COMMAND: GET /session/06820c29678f15015ffe824e569d7d5a/screenshot - {}
RESULT: {"using":"xpath","value":"//input[@id=\"application-manageresources-display-component---newResourceUnit--TYPE-inner\"]"}
COMMAND: POST /session/06820c29678f15015ffe824e569d7d5a/element/f.696EFCE712E801319DC54DDC19215679.d.F15413B5B2C41DBA045C69C981A7DA33.e.28049/clear - {}
RESULT: {}
RESULT: {}
COMMAND: POST /session/06820c29678f15015ffe824e569d7d5a/element/f.696EFCE712E801319DC54DDC19215679.d.F15413B5B2C41DBA045C69C981A7DA33.e.28049/value - {"text":"Equi Multipart"}
COMMAND: GET /session/06820c29678f15015ffe824e569d7d5a/screenshot - {}
RESULT: {"text":"Equi Multipart"}
COMMAND: GET /session/06820c29678f15015ffe824e569d7d5a/screenshot - {}
RESULT: {}
RESULT: {}
COMMAND: POST /session/06820c29678f15015ffe824e569d7d5a/actions - {"actions":[{"id":"action87","type":"key","parameters":{},"actions":[{"type":"keyDown","value":"î€‡"},{"type":"pause","duration":10},{"type":"keyUp","value":"î€‡"}]}]}
RESULT: {"actions":[{"id":"action87","type":"key","parameters":{},"actions":[{"type":"keyDown","value":"î€‡"},{"type":"pause","duration":10},{"type":"keyUp","value":"î€‡"}]}]}
RESULT: undefined
COMMAND: POST /session/06820c29678f15015ffe824e569d7d5a/execute/async - {"script":"<script> [776 bytes]","args":[{"enterText":"Equipment Multipart WDIO","selector":{"id":"application-manageresources-display-component---newResourceUnit--SHORT_TEXT","interaction":{"idSuffix":"inner"}},"clearTextFirst":true,"interactionType":"ENTER_TEXT"}]}
COMMAND: GET /session/06820c29678f15015ffe824e569d7d5a/screenshot - {}
RESULT: {"script":"<script> [776 bytes]","args":[{"enterText":"Equipment Multipart WDIO","selector":{"id":"application-manageresources-display-component---newResourceUnit--SHORT_TEXT","interaction":{"idSuffix":"inner"}},"clearTextFirst":true,"interactionType":"ENTER_TEXT"}]}
RESULT: undefined
COMMAND: POST /session/06820c29678f15015ffe824e569d7d5a/execute/async - {"script":"<script> [776 bytes]","args":[{"enterText":"Piece","selector":{"id":"application-manageresources-display-component---newResourceUnit--BASE_UNIT_OF_MEASURE","interaction":{"idSuffix":"inner"}},"clearTextFirst":true,"interactionType":"ENTER_TEXT"}]}
RESULT: {}
RESULT: {"script":"<script> [776 bytes]","args":[{"enterText":"Piece","selector":{"id":"application-manageresources-display-component---newResourceUnit--BASE_UNIT_OF_MEASURE","interaction":{"idSuffix":"inner"}},"clearTextFirst":true,"interactionType":"ENTER_TEXT"}]}
RESULT: undefined
COMMAND: POST /session/06820c29678f15015ffe824e569d7d5a/execute/async - {"script":"<script> [776 bytes]","args":[{"enterText":"Gram","selector":{"id":"application-manageresources-display-component---newResourceUnit--WEIGHT_UNIT","interaction":{"idSuffix":"inner"}},"clearTextFirst":true,"interactionType":"ENTER_TEXT"}]}
RESULT: {"script":"<script> [776 bytes]","args":[{"enterText":"Gram","selector":{"id":"application-manageresources-display-component---newResourceUnit--WEIGHT_UNIT","interaction":{"idSuffix":"inner"}},"clearTextFirst":true,"interactionType":"ENTER_TEXT"}]}
RESULT: undefined
COMMAND: POST /session/06820c29678f15015ffe824e569d7d5a/execute/async - {"script":"<script> [776 bytes]","args":[{"enterText":"Meter","selector":{"id":"application-manageresources-display-component---newResourceUnit--DIMENSION_UNIT","interaction":{"idSuffix":"inner"}},"clearTextFirst":true,"interactionType":"ENTER_TEXT"}]}
RESULT: {"script":"<script> [776 bytes]","args":[{"enterText":"Meter","selector":{"id":"application-manageresources-display-component---newResourceUnit--DIMENSION_UNIT","interaction":{"idSuffix":"inner"}},"clearTextFirst":true,"interactionType":"ENTER_TEXT"}]}
RESULT: undefined
COMMAND: POST /session/06820c29678f15015ffe824e569d7d5a/element - {"using":"xpath","value":"//*[@id=\"application-manageresources-display-component---newResourceUnit--newRRUPage-anchBar-application-manageresources-display-component---newResourceUnit--control-anchor\"]"}
RESULT: {"using":"xpath","value":"//*[@id=\"application-manageresources-display-component---newResourceUnit--newRRUPage-anchBar-application-manageresources-display-component---newResourceUnit--control-anchor\"]"}
COMMAND: POST /session/06820c29678f15015ffe824e569d7d5a/element/f.696EFCE712E801319DC54DDC19215679.d.F15413B5B2C41DBA045C69C981A7DA33.e.28121/click - {}
RESULT: {}
RESULT: undefined
COMMAND: POST /session/06820c29678f15015ffe824e569d7d5a/execute/async - {"script":"<script> [776 bytes]","args":[{"enterText":"Heavy Equi","selector":{"id":"application-manageresources-display-component---newResourceUnit--PLANNING_GROUP","interaction":{"idSuffix":"inner"}},"clearTextFirst":true,"interactionType":"ENTER_TEXT"}]}
COMMAND: GET /session/06820c29678f15015ffe824e569d7d5a/screenshot - {}
RESULT: {"script":"<script> [776 bytes]","args":[{"enterText":"Heavy Equi","selector":{"id":"application-manageresources-display-component---newResourceUnit--PLANNING_GROUP","interaction":{"idSuffix":"inner"}},"clearTextFirst":true,"interactionType":"ENTER_TEXT"}]}
RESULT: {}
COMMAND: POST /session/06820c29678f15015ffe824e569d7d5a/execute/async - {"script":"<script> [1562 bytes]","args":[{"selector":{"id":"application-manageresources-display-component---newResourceUnit--PLANNING_INDICATOR","interaction":{"idSuffix":"inner"}},"wdio_ui5_key":"applicationmanageresources-display-component---newResourceUnit--PLANNING_INDICATOR"}]}
RESULT: {"script":"<script> [1562 bytes]","args":[{"selector":{"id":"application-manageresources-display-component---newResourceUnit--PLANNING_INDICATOR","interaction":{"idSuffix":"inner"}},"wdio_ui5_key":"applicationmanageresources-display-component---newResourceUnit--PLANNING_INDICATOR"}]}
RESULT: undefined
COMMAND: POST /session/06820c29678f15015ffe824e569d7d5a/execute/async - {"script":"<script> [776 bytes]","args":[{"enterText":"10 - infinite","selector":{"id":"application-manageresources-display-component---newResourceUnit--PLANNING_INDICATOR","interaction":{"idSuffix":"inner"}},"clearTextFirst":true,"interactionType":"ENTER_TEXT"}]}
RESULT: {"script":"<script> [776 bytes]","args":[{"enterText":"10 - infinite","selector":{"id":"application-manageresources-display-component---newResourceUnit--PLANNING_INDICATOR","interaction":{"idSuffix":"inner"}},"clearTextFirst":true,"interactionType":"ENTER_TEXT"}]}
RESULT: undefined
COMMAND: POST /session/06820c29678f15015ffe824e569d7d5a/element - {"using":"xpath","value":"//*[@id=\"application-manageresources-display-component---newResourceUnit--ITEM_TYPE-arrow\"]"}
RESULT: {"using":"xpath","value":"//*[@id=\"application-manageresources-display-component---newResourceUnit--ITEM_TYPE-arrow\"]"}
COMMAND: POST /session/06820c29678f15015ffe824e569d7d5a/element/f.696EFCE712E801319DC54DDC19215679.d.F15413B5B2C41DBA045C69C981A7DA33.e.28128/click - {}
RESULT: {}
COMMAND: GET /session/06820c29678f15015ffe824e569d7d5a/screenshot - {}
RESULT: {}
COMMAND: POST /session/06820c29678f15015ffe824e569d7d5a/execute/async - {"script":"<script> [1562 bytes]","args":[{"selector":{"controlType":"sap.m.StandardListItem","viewName":"reusables.view.manageresources.NewResourceUnit","viewId":"application-manageresources-display-component---newResourceUnit","properties":{"title":"Pool Equipment"},"searchOpenDialogs":true,"interaction":{"idSuffix":"content"}},"wdio_ui5_key":"reusablesview.manageresources.NewResourceUnitsap.m.StandardListItem{\"title\":\"Pool Equipment\"}"}]}
RESULT: {"script":"<script> [1562 bytes]","args":[{"selector":{"controlType":"sap.m.StandardListItem","viewName":"reusables.view.manageresources.NewResourceUnit","viewId":"application-manageresources-display-component---newResourceUnit","properties":{"title":"Pool Equipment"},"searchOpenDialogs":true,"interaction":{"idSuffix":"content"}},"wdio_ui5_key":"reusablesview.manageresources.NewResourceUnitsap.m.StandardListItem{\"title\":\"Pool Equipment\"}"}]}
RESULT: undefined
COMMAND: POST /session/06820c29678f15015ffe824e569d7d5a/element - {"using":"xpath","value":"//*[@id=\"__item1470\"]"}
RESULT: {"using":"xpath","value":"//*[@id=\"__item1470\"]"}
COMMAND: POST /session/06820c29678f15015ffe824e569d7d5a/element/f.696EFCE712E801319DC54DDC19215679.d.F15413B5B2C41DBA045C69C981A7DA33.e.28130/click - {}
RESULT: {}
COMMAND: GET /session/06820c29678f15015ffe824e569d7d5a/screenshot - {}
RESULT: {}
COMMAND: POST /session/06820c29678f15015ffe824e569d7d5a/element - {"using":"css selector","value":"#application-manageresources-display-component---newResourceUnit--btnAddTimeSegment"}
RESULT: {"using":"css selector","value":"#application-manageresources-display-component---newResourceUnit--btnAddTimeSegment"}
COMMAND: GET /session/06820c29678f15015ffe824e569d7d5a/element/f.696EFCE712E801319DC54DDC19215679.d.F15413B5B2C41DBA045C69C981A7DA33.e.28131/rect - {}
RESULT: {}
COMMAND: GET /session/06820c29678f15015ffe824e569d7d5a/window/rect - {}
RESULT: {}
COMMAND: POST /session/06820c29678f15015ffe824e569d7d5a/execute/sync - {"script":"<script> [92 bytes]","args":[]}
RESULT: {"script":"<script> [92 bytes]","args":[]}
COMMAND: POST /session/06820c29678f15015ffe824e569d7d5a/actions - {"actions":[{"id":"action88","type":"wheel","parameters":{},"actions":[{"type":"scroll","x":-1888,"y":-32,"deltaX":0,"deltaY":0,"duration":0,"origin":{"element-6066-11e4-a52e-4f735466cecf":"f.696EFCE712E801319DC54DDC19215679.d.F15413B5B2C41DBA045C69C981A7DA33.e.28131"}}]}]}
COMMAND: GET /session/06820c29678f15015ffe824e569d7d5a/screenshot - {}
RESULT: {}
COMMAND: POST /session/06820c29678f15015ffe824e569d7d5a/execute/sync - {"script":"<script> [79 bytes]","args":[{"element-6066-11e4-a52e-4f735466cecf":"f.696EFCE712E801319DC54DDC19215679.d.F15413B5B2C41DBA045C69C981A7DA33.e.28131","ELEMENT":"f.696EFCE712E801319DC54DDC19215679.d.F15413B5B2C41DBA045C69C981A7DA33.e.28131"},{"block":"start","inline":"nearest"}]}
RESULT: {"script":"<script> [79 bytes]","args":[{"element-6066-11e4-a52e-4f735466cecf":"f.696EFCE712E801319DC54DDC19215679.d.F15413B5B2C41DBA045C69C981A7DA33.e.28131","ELEMENT":"f.696EFCE712E801319DC54DDC19215679.d.F15413B5B2C41DBA045C69C981A7DA33.e.28131"},{"block":"start","inline":"nearest"}]}
RESULT: undefined
COMMAND: POST /session/06820c29678f15015ffe824e569d7d5a/element - {"using":"xpath","value":"//*[@id=\"application-manageresources-display-component---newResourceUnit--btnAddTimeSegment\"]"}
COMMAND: GET /session/06820c29678f15015ffe824e569d7d5a/screenshot - {}
RESULT: {"using":"xpath","value":"//*[@id=\"application-manageresources-display-component---newResourceUnit--btnAddTimeSegment\"]"}
COMMAND: POST /session/06820c29678f15015ffe824e569d7d5a/element/f.696EFCE712E801319DC54DDC19215679.d.F15413B5B2C41DBA045C69C981A7DA33.e.28131/click - {}
RESULT: {}
RESULT: {}
COMMAND: GET /session/06820c29678f15015ffe824e569d7d5a/screenshot - {}
RESULT: {}
COMMAND: POST /session/06820c29678f15015ffe824e569d7d5a/element - {"using":"xpath","value":"//input[@id=\"application-manageresources-display-component---newResourceUnit--idRuTSAdmin-application-manageresources-display-component---newResourceUnit--RUTimeSegment-0-inner\"]"}
RESULT: {"using":"xpath","value":"//input[@id=\"application-manageresources-display-component---newResourceUnit--idRuTSAdmin-application-manageresources-display-component---newResourceUnit--RUTimeSegment-0-inner\"]"}
COMMAND: POST /session/06820c29678f15015ffe824e569d7d5a/element/f.696EFCE712E801319DC54DDC19215679.d.F15413B5B2C41DBA045C69C981A7DA33.e.28136/clear - {}
RESULT: {}
COMMAND: POST /session/06820c29678f15015ffe824e569d7d5a/element/f.696EFCE712E801319DC54DDC19215679.d.F15413B5B2C41DBA045C69C981A7DA33.e.28136/value - {"text":"561"}
COMMAND: GET /session/06820c29678f15015ffe824e569d7d5a/screenshot - {}
RESULT: {"text":"561"}
COMMAND: GET /session/06820c29678f15015ffe824e569d7d5a/screenshot - {}
RESULT: {}
RESULT: {}
COMMAND: POST /session/06820c29678f15015ffe824e569d7d5a/element - {"using":"xpath","value":"//li[.//span[text()='561']]"}
RESULT: {"using":"xpath","value":"//li[.//span[text()='561']]"}
COMMAND: POST /session/06820c29678f15015ffe824e569d7d5a/element/f.696EFCE712E801319DC54DDC19215679.d.F15413B5B2C41DBA045C69C981A7DA33.e.28149/click - {}
RESULT: {}
COMMAND: GET /session/06820c29678f15015ffe824e569d7d5a/screenshot - {}
RESULT: {}
COMMAND: POST /session/06820c29678f15015ffe824e569d7d5a/element - {"using":"xpath","value":"(//span[contains(@id, \"-application-manageresources-display-component---newResourceUnit--RUTimeSegment-0-arrow\")])[5]"}
RESULT: {"using":"xpath","value":"(//span[contains(@id, \"-application-manageresources-display-component---newResourceUnit--RUTimeSegment-0-arrow\")])[5]"}
COMMAND: POST /session/06820c29678f15015ffe824e569d7d5a/element/f.696EFCE712E801319DC54DDC19215679.d.F15413B5B2C41DBA045C69C981A7DA33.e.28150/click - {}
RESULT: {}
COMMAND: GET /session/06820c29678f15015ffe824e569d7d5a/screenshot - {}
RESULT: {}
COMMAND: POST /session/06820c29678f15015ffe824e569d7d5a/element - {"using":"xpath","value":"//span[contains(text(), \"PM Order\")]"}
RESULT: {"using":"xpath","value":"//span[contains(text(), \"PM Order\")]"}
COMMAND: POST /session/06820c29678f15015ffe824e569d7d5a/element/f.696EFCE712E801319DC54DDC19215679.d.F15413B5B2C41DBA045C69C981A7DA33.e.28151/click - {}
RESULT: {}
COMMAND: GET /session/06820c29678f15015ffe824e569d7d5a/screenshot - {}
RESULT: {}
COMMAND: POST /session/06820c29678f15015ffe824e569d7d5a/element - {"using":"xpath","value":"(//span[contains(@id ,\"manageresources-display-component---newResourceUnit--RUTimeSegment-0-vhi\")])[1]"}
RESULT: {"using":"xpath","value":"(//span[contains(@id ,\"manageresources-display-component---newResourceUnit--RUTimeSegment-0-vhi\")])[1]"}
COMMAND: GET /session/06820c29678f15015ffe824e569d7d5a/element/f.696EFCE712E801319DC54DDC19215679.d.F15413B5B2C41DBA045C69C981A7DA33.e.28155/rect - {}
RESULT: {}
COMMAND: GET /session/06820c29678f15015ffe824e569d7d5a/window/rect - {}
RESULT: {}
COMMAND: POST /session/06820c29678f15015ffe824e569d7d5a/execute/sync - {"script":"<script> [92 bytes]","args":[]}
RESULT: {"script":"<script> [92 bytes]","args":[]}
COMMAND: POST /session/06820c29678f15015ffe824e569d7d5a/actions - {"actions":[{"id":"action89","type":"wheel","parameters":{},"actions":[{"type":"scroll","x":-1888,"y":-24,"deltaX":0,"deltaY":0,"duration":0,"origin":{"element-6066-11e4-a52e-4f735466cecf":"f.696EFCE712E801319DC54DDC19215679.d.F15413B5B2C41DBA045C69C981A7DA33.e.28155"}}]}]}
COMMAND: GET /session/06820c29678f15015ffe824e569d7d5a/screenshot - {}
RESULT: {}
COMMAND: POST /session/06820c29678f15015ffe824e569d7d5a/execute/sync - {"script":"<script> [79 bytes]","args":[{"element-6066-11e4-a52e-4f735466cecf":"f.696EFCE712E801319DC54DDC19215679.d.F15413B5B2C41DBA045C69C981A7DA33.e.28155","ELEMENT":"f.696EFCE712E801319DC54DDC19215679.d.F15413B5B2C41DBA045C69C981A7DA33.e.28155"},{"block":"start","inline":"nearest"}]}
RESULT: {"script":"<script> [79 bytes]","args":[{"element-6066-11e4-a52e-4f735466cecf":"f.696EFCE712E801319DC54DDC19215679.d.F15413B5B2C41DBA045C69C981A7DA33.e.28155","ELEMENT":"f.696EFCE712E801319DC54DDC19215679.d.F15413B5B2C41DBA045C69C981A7DA33.e.28155"},{"block":"start","inline":"nearest"}]}
COMMAND: GET /session/06820c29678f15015ffe824e569d7d5a/screenshot - {}
RESULT: {}
COMMAND: POST /session/06820c29678f15015ffe824e569d7d5a/element/f.696EFCE712E801319DC54DDC19215679.d.F15413B5B2C41DBA045C69C981A7DA33.e.28155/click - {}
RESULT: {}
COMMAND: GET /session/06820c29678f15015ffe824e569d7d5a/screenshot - {}
RESULT: {}
RESULT: undefined
COMMAND: POST /session/06820c29678f15015ffe824e569d7d5a/execute/async - {"script":"<script> [776 bytes]","args":[{"enterText":"4000360","selector":{"controlType":"sap.m.SearchField","properties":{"placeholder":"Search"},"searchOpenDialogs":true,"interaction":{"idSuffix":"I"}},"clearTextFirst":true,"interactionType":"ENTER_TEXT"}]}
RESULT: {"script":"<script> [776 bytes]","args":[{"enterText":"4000360","selector":{"controlType":"sap.m.SearchField","properties":{"placeholder":"Search"},"searchOpenDialogs":true,"interaction":{"idSuffix":"I"}},"clearTextFirst":true,"interactionType":"ENTER_TEXT"}]}
COMMAND: POST /session/06820c29678f15015ffe824e569d7d5a/actions - {"actions":[{"id":"action90","type":"key","parameters":{},"actions":[{"type":"keyDown","value":"î€‡"},{"type":"pause","duration":10},{"type":"keyUp","value":"î€‡"}]}]}
RESULT: {"actions":[{"id":"action90","type":"key","parameters":{},"actions":[{"type":"keyDown","value":"î€‡"},{"type":"pause","duration":10},{"type":"keyUp","value":"î€‡"}]}]}
COMMAND: GET /session/06820c29678f15015ffe824e569d7d5a/screenshot - {}
RESULT: {}
COMMAND: POST /session/06820c29678f15015ffe824e569d7d5a/element - {"using":"xpath","value":"//td/div/span[contains(text(), \"BGL Vehicles\")]"}
RESULT: {"using":"xpath","value":"//td/div/span[contains(text(), \"BGL Vehicles\")]"}
COMMAND: POST /session/06820c29678f15015ffe824e569d7d5a/element/f.696EFCE712E801319DC54DDC19215679.d.F15413B5B2C41DBA045C69C981A7DA33.e.28174/click - {}
RESULT: {}
COMMAND: GET /session/06820c29678f15015ffe824e569d7d5a/screenshot - {}
RESULT: {}
COMMAND: POST /session/06820c29678f15015ffe824e569d7d5a/element - {"using":"xpath","value":"//bdi[contains(text(), \"OK\")]"}
RESULT: {"using":"xpath","value":"//bdi[contains(text(), \"OK\")]"}
COMMAND: POST /session/06820c29678f15015ffe824e569d7d5a/element/f.696EFCE712E801319DC54DDC19215679.d.F15413B5B2C41DBA045C69C981A7DA33.e.28175/click - {}
RESULT: {}
COMMAND: GET /session/06820c29678f15015ffe824e569d7d5a/screenshot - {}
RESULT: {}
COMMAND: POST /session/06820c29678f15015ffe824e569d7d5a/element - {"using":"xpath","value":"//label[contains(@class, 'sapMLabelRequired') and .//bdi[contains(text(), 'Planned Retirement')]]"}
RESULT: {"using":"xpath","value":"//label[contains(@class, 'sapMLabelRequired') and .//bdi[contains(text(), 'Planned Retirement')]]"}
COMMAND: POST /session/06820c29678f15015ffe824e569d7d5a/elements - {"using":"xpath","value":"//label[contains(@class, 'sapMLabelRequired') and .//bdi[contains(text(), 'Planned Retirement')]]"}
RESULT: {"using":"xpath","value":"//label[contains(@class, 'sapMLabelRequired') and .//bdi[contains(text(), 'Planned Retirement')]]"}
COMMAND: POST /session/06820c29678f15015ffe824e569d7d5a/element - {"using":"xpath","value":"//button[@data-kt=\"resourceUnitSaveButton\"]"}
RESULT: {"using":"xpath","value":"//button[@data-kt=\"resourceUnitSaveButton\"]"}
COMMAND: POST /session/06820c29678f15015ffe824e569d7d5a/element/f.696EFCE712E801319DC54DDC19215679.d.F15413B5B2C41DBA045C69C981A7DA33.e.28075/click - {}
RESULT: {}
COMMAND: GET /session/06820c29678f15015ffe824e569d7d5a/screenshot - {}
RESULT: {}
COMMAND: POST /session/06820c29678f15015ffe824e569d7d5a/element - {"using":"xpath","value":"//bdi[contains(text(), \"Close\")]"}
RESULT: {"using":"xpath","value":"//bdi[contains(text(), \"Close\")]"}
COMMAND: POST /session/06820c29678f15015ffe824e569d7d5a/element/f.696EFCE712E801319DC54DDC19215679.d.F15413B5B2C41DBA045C69C981A7DA33.e.28181/click - {}
RESULT: {}
COMMAND: GET /session/06820c29678f15015ffe824e569d7d5a/screenshot - {}
RESULT: {}
COMMAND: POST /session/06820c29678f15015ffe824e569d7d5a/element - {"using":"xpath","value":"//header[contains(@id, 'detailRruPage-headerTitle')]/div[1]/div[2]/div[2]/span[1]"}
RESULT: {"using":"xpath","value":"//header[contains(@id, 'detailRruPage-headerTitle')]/div[1]/div[2]/div[2]/span[1]"}
COMMAND: POST /session/06820c29678f15015ffe824e569d7d5a/elements - {"using":"xpath","value":"//header[contains(@id, 'detailRruPage-headerTitle')]/div[1]/div[2]/div[2]/span[1]"}
RESULT: {"using":"xpath","value":"//header[contains(@id, 'detailRruPage-headerTitle')]/div[1]/div[2]/div[2]/span[1]"}
COMMAND: POST /session/06820c29678f15015ffe824e569d7d5a/execute/sync - {"script":"<script> [56 bytes]","args":[{"element-6066-11e4-a52e-4f735466cecf":"f.696EFCE712E801319DC54DDC19215679.d.F15413B5B2C41DBA045C69C981A7DA33.e.28208","ELEMENT":"f.696EFCE712E801319DC54DDC19215679.d.F15413B5B2C41DBA045C69C981A7DA33.e.28208"}]}
RESULT: {"script":"<script> [56 bytes]","args":[{"element-6066-11e4-a52e-4f735466cecf":"f.696EFCE712E801319DC54DDC19215679.d.F15413B5B2C41DBA045C69C981A7DA33.e.28208","ELEMENT":"f.696EFCE712E801319DC54DDC19215679.d.F15413B5B2C41DBA045C69C981A7DA33.e.28208"}]}
COMMAND: POST /session/06820c29678f15015ffe824e569d7d5a/element - {"using":"css selector","value":"#shell-header-logo"}
COMMAND: GET /session/06820c29678f15015ffe824e569d7d5a/screenshot - {}
RESULT: {"using":"css selector","value":"#shell-header-logo"}
COMMAND: POST /session/06820c29678f15015ffe824e569d7d5a/element/f.696EFCE712E801319DC54DDC19215679.d.F15413B5B2C41DBA045C69C981A7DA33.e.27670/click - {}
RESULT: {}
RESULT: {}
COMMAND: GET /session/06820c29678f15015ffe824e569d7d5a/screenshot - {}
RESULT: {}
]]></system-out>
    </testcase>
    <testcase classname="chrome.136_0_7103_93.windows.Transfer_Yard_to_Yard_US131076" name="Should do a stock increase handover for equipment" time="83.131">
      <system-out><![CDATA[
COMMAND: POST /session/06820c29678f15015ffe824e569d7d5a/execute/async - {"script":"<script> [1562 bytes]","args":[{"selector":{"controlType":"sap.m.GenericTile","properties":{"header":"Manage Handovers"}},"wdio_ui5_key":"sapm.GenericTile{\"header\":\"Manage Handovers\"}"}]}
RESULT: {"script":"<script> [1562 bytes]","args":[{"selector":{"controlType":"sap.m.GenericTile","properties":{"header":"Manage Handovers"}},"wdio_ui5_key":"sapm.GenericTile{\"header\":\"Manage Handovers\"}"}]}
RESULT: undefined
COMMAND: POST /session/06820c29678f15015ffe824e569d7d5a/element - {"using":"xpath","value":"//*[@id=\"__tile133\"]"}
RESULT: {"using":"xpath","value":"//*[@id=\"__tile133\"]"}
COMMAND: POST /session/06820c29678f15015ffe824e569d7d5a/element/f.696EFCE712E801319DC54DDC19215679.d.F15413B5B2C41DBA045C69C981A7DA33.e.26166/click - {}
RESULT: {}
COMMAND: GET /session/06820c29678f15015ffe824e569d7d5a/screenshot - {}
RESULT: {}
COMMAND: POST /session/06820c29678f15015ffe824e569d7d5a/elements - {"using":"xpath","value":"//span[text()='Error']"}
RESULT: {"using":"xpath","value":"//span[text()='Error']"}
COMMAND: POST /session/06820c29678f15015ffe824e569d7d5a/element - {"using":"xpath","value":"//button[@data-kt=\"masterHOAddButton\"]"}
RESULT: {"using":"xpath","value":"//button[@data-kt=\"masterHOAddButton\"]"}
COMMAND: POST /session/06820c29678f15015ffe824e569d7d5a/elements - {"using":"xpath","value":"//button[@data-kt=\"masterHOAddButton\"]"}
RESULT: {"using":"xpath","value":"//button[@data-kt=\"masterHOAddButton\"]"}
COMMAND: POST /session/06820c29678f15015ffe824e569d7d5a/execute/sync - {"script":"<script> [8489 bytes]","args":[{"element-6066-11e4-a52e-4f735466cecf":"f.696EFCE712E801319DC54DDC19215679.d.F15413B5B2C41DBA045C69C981A7DA33.e.28244","ELEMENT":"f.696EFCE712E801319DC54DDC19215679.d.F15413B5B2C41DBA045C69C981A7DA33.e.28244"}]}
RESULT: {"script":"<script> [8489 bytes]","args":[{"element-6066-11e4-a52e-4f735466cecf":"f.696EFCE712E801319DC54DDC19215679.d.F15413B5B2C41DBA045C69C981A7DA33.e.28244","ELEMENT":"f.696EFCE712E801319DC54DDC19215679.d.F15413B5B2C41DBA045C69C981A7DA33.e.28244"}]}
COMMAND: GET /session/06820c29678f15015ffe824e569d7d5a/element/f.696EFCE712E801319DC54DDC19215679.d.F15413B5B2C41DBA045C69C981A7DA33.e.28244/enabled - {}
COMMAND: GET /session/06820c29678f15015ffe824e569d7d5a/screenshot - {}
RESULT: {}
COMMAND: POST /session/06820c29678f15015ffe824e569d7d5a/execute/sync - {"script":"<script> [8489 bytes]","args":[{"element-6066-11e4-a52e-4f735466cecf":"f.696EFCE712E801319DC54DDC19215679.d.F15413B5B2C41DBA045C69C981A7DA33.e.28244","ELEMENT":"f.696EFCE712E801319DC54DDC19215679.d.F15413B5B2C41DBA045C69C981A7DA33.e.28244"}]}
COMMAND: GET /session/06820c29678f15015ffe824e569d7d5a/screenshot - {}
RESULT: {}
RESULT: {"script":"<script> [8489 bytes]","args":[{"element-6066-11e4-a52e-4f735466cecf":"f.696EFCE712E801319DC54DDC19215679.d.F15413B5B2C41DBA045C69C981A7DA33.e.28244","ELEMENT":"f.696EFCE712E801319DC54DDC19215679.d.F15413B5B2C41DBA045C69C981A7DA33.e.28244"}]}
COMMAND: POST /session/06820c29678f15015ffe824e569d7d5a/execute/sync - {"script":"<script> [5351 bytes]","args":[{"element-6066-11e4-a52e-4f735466cecf":"f.696EFCE712E801319DC54DDC19215679.d.F15413B5B2C41DBA045C69C981A7DA33.e.28244","ELEMENT":"f.696EFCE712E801319DC54DDC19215679.d.F15413B5B2C41DBA045C69C981A7DA33.e.28244"}]}
COMMAND: GET /session/06820c29678f15015ffe824e569d7d5a/screenshot - {}
RESULT: {}
RESULT: {"script":"<script> [5351 bytes]","args":[{"element-6066-11e4-a52e-4f735466cecf":"f.696EFCE712E801319DC54DDC19215679.d.F15413B5B2C41DBA045C69C981A7DA33.e.28244","ELEMENT":"f.696EFCE712E801319DC54DDC19215679.d.F15413B5B2C41DBA045C69C981A7DA33.e.28244"}]}
COMMAND: POST /session/06820c29678f15015ffe824e569d7d5a/element/f.696EFCE712E801319DC54DDC19215679.d.F15413B5B2C41DBA045C69C981A7DA33.e.28244/click - {}
COMMAND: GET /session/06820c29678f15015ffe824e569d7d5a/screenshot - {}
RESULT: {}
RESULT: {}
COMMAND: GET /session/06820c29678f15015ffe824e569d7d5a/screenshot - {}
RESULT: {}
RESULT: {}
COMMAND: POST /session/06820c29678f15015ffe824e569d7d5a/element - {"using":"xpath","value":"//span[contains(@id ,\"AddNewHO--typeSelect-arrow\")]"}
RESULT: {"using":"xpath","value":"//span[contains(@id ,\"AddNewHO--typeSelect-arrow\")]"}
COMMAND: POST /session/06820c29678f15015ffe824e569d7d5a/element/f.696EFCE712E801319DC54DDC19215679.d.F15413B5B2C41DBA045C69C981A7DA33.e.28610/click - {}
RESULT: {}
COMMAND: GET /session/06820c29678f15015ffe824e569d7d5a/screenshot - {}
RESULT: {}
COMMAND: POST /session/06820c29678f15015ffe824e569d7d5a/element - {"using":"xpath","value":"(//li[contains(text(), \"stock increase yard\")])[1]"}
RESULT: {"using":"xpath","value":"(//li[contains(text(), \"stock increase yard\")])[1]"}
COMMAND: POST /session/06820c29678f15015ffe824e569d7d5a/element/f.696EFCE712E801319DC54DDC19215679.d.F15413B5B2C41DBA045C69C981A7DA33.e.28611/click - {}
RESULT: {}
COMMAND: GET /session/06820c29678f15015ffe824e569d7d5a/screenshot - {}
RESULT: {}
COMMAND: POST /session/06820c29678f15015ffe824e569d7d5a/execute/async - {"script":"<script> [1562 bytes]","args":[{"selector":{"id":"application-managehandovers-display-component---AddNewHO--dueDate","interaction":{"idSuffix":"inner"}},"wdio_ui5_key":"applicationmanagehandovers-display-component---AddNewHO--dueDate"}]}
RESULT: {"script":"<script> [1562 bytes]","args":[{"selector":{"id":"application-managehandovers-display-component---AddNewHO--dueDate","interaction":{"idSuffix":"inner"}},"wdio_ui5_key":"applicationmanagehandovers-display-component---AddNewHO--dueDate"}]}
RESULT: undefined
COMMAND: POST /session/06820c29678f15015ffe824e569d7d5a/execute/async - {"script":"<script> [6424 bytes]","args":[{"element-6066-11e4-a52e-4f735466cecf":"f.696EFCE712E801319DC54DDC19215679.d.F15413B5B2C41DBA045C69C981A7DA33.e.28613"},"setValue",["5/19/25"]]}
RESULT: {"script":"<script> [6424 bytes]","args":[{"element-6066-11e4-a52e-4f735466cecf":"f.696EFCE712E801319DC54DDC19215679.d.F15413B5B2C41DBA045C69C981A7DA33.e.28613"},"setValue",["5/19/25"]]}
COMMAND: POST /session/06820c29678f15015ffe824e569d7d5a/element - {"using":"xpath","value":"//input[@id=\"generalSectionFrg--receiveYard-inner\"]"}
RESULT: {"using":"xpath","value":"//input[@id=\"generalSectionFrg--receiveYard-inner\"]"}
COMMAND: POST /session/06820c29678f15015ffe824e569d7d5a/element/f.696EFCE712E801319DC54DDC19215679.d.F15413B5B2C41DBA045C69C981A7DA33.e.28617/clear - {}
RESULT: {}
COMMAND: POST /session/06820c29678f15015ffe824e569d7d5a/element/f.696EFCE712E801319DC54DDC19215679.d.F15413B5B2C41DBA045C69C981A7DA33.e.28617/value - {"text":"561"}
COMMAND: GET /session/06820c29678f15015ffe824e569d7d5a/screenshot - {}
RESULT: {"text":"561"}
COMMAND: GET /session/06820c29678f15015ffe824e569d7d5a/screenshot - {}
RESULT: {}
RESULT: {}
COMMAND: POST /session/06820c29678f15015ffe824e569d7d5a/element - {"using":"xpath","value":"//li[.//span[text()='561']]"}
RESULT: {"using":"xpath","value":"//li[.//span[text()='561']]"}
COMMAND: POST /session/06820c29678f15015ffe824e569d7d5a/element/f.696EFCE712E801319DC54DDC19215679.d.F15413B5B2C41DBA045C69C981A7DA33.e.28635/click - {}
RESULT: {}
COMMAND: GET /session/06820c29678f15015ffe824e569d7d5a/screenshot - {}
RESULT: {}
COMMAND: POST /session/06820c29678f15015ffe824e569d7d5a/execute/async - {"script":"<script> [1562 bytes]","args":[{"selector":{"id":"application-managehandovers-display-component---AddNewHO--ObjectPageLayout-anchBar-application-managehandovers-display-component---AddNewHO--section4-anchor","interaction":{"idSuffix":"BDI-content"}},"wdio_ui5_key":"applicationmanagehandovers-display-component---AddNewHO--ObjectPageLayout-anchBar-application-managehandovers-display-component---AddNewHO--section4-anchor"}]}
RESULT: {"script":"<script> [1562 bytes]","args":[{"selector":{"id":"application-managehandovers-display-component---AddNewHO--ObjectPageLayout-anchBar-application-managehandovers-display-component---AddNewHO--section4-anchor","interaction":{"idSuffix":"BDI-content"}},"wdio_ui5_key":"applicationmanagehandovers-display-component---AddNewHO--ObjectPageLayout-anchBar-application-managehandovers-display-component---AddNewHO--section4-anchor"}]}
RESULT: undefined
COMMAND: POST /session/06820c29678f15015ffe824e569d7d5a/element - {"using":"xpath","value":"//*[@id=\"application-managehandovers-display-component---AddNewHO--ObjectPageLayout-anchBar-application-managehandovers-display-component---AddNewHO--section4-anchor\"]"}
RESULT: {"using":"xpath","value":"//*[@id=\"application-managehandovers-display-component---AddNewHO--ObjectPageLayout-anchBar-application-managehandovers-display-component---AddNewHO--section4-anchor\"]"}
COMMAND: POST /session/06820c29678f15015ffe824e569d7d5a/element/f.696EFCE712E801319DC54DDC19215679.d.F15413B5B2C41DBA045C69C981A7DA33.e.28637/click - {}
RESULT: {}
COMMAND: POST /session/06820c29678f15015ffe824e569d7d5a/element - {"using":"xpath","value":"//button[@aria-label=\"Add\"]"}
COMMAND: GET /session/06820c29678f15015ffe824e569d7d5a/screenshot - {}
RESULT: {"using":"xpath","value":"//button[@aria-label=\"Add\"]"}
COMMAND: POST /session/06820c29678f15015ffe824e569d7d5a/element/f.696EFCE712E801319DC54DDC19215679.d.F15413B5B2C41DBA045C69C981A7DA33.e.28639/click - {}
RESULT: {}
RESULT: {}
COMMAND: GET /session/06820c29678f15015ffe824e569d7d5a/screenshot - {}
RESULT: {}
COMMAND: POST /session/06820c29678f15015ffe824e569d7d5a/execute/async - {"script":"<script> [1562 bytes]","args":[{"selector":{"id":"application-managehandovers-display-component---AddNewHO--smartFilterBar-btnBasicSearch","searchOpenDialogs":true,"interaction":{"idSuffix":"I"}},"wdio_ui5_key":"applicationmanagehandovers-display-component---AddNewHO--smartFilterBar-btnBasicSearch"}]}
RESULT: {"script":"<script> [1562 bytes]","args":[{"selector":{"id":"application-managehandovers-display-component---AddNewHO--smartFilterBar-btnBasicSearch","searchOpenDialogs":true,"interaction":{"idSuffix":"I"}},"wdio_ui5_key":"applicationmanagehandovers-display-component---AddNewHO--smartFilterBar-btnBasicSearch"}]}
RESULT: undefined
COMMAND: POST /session/06820c29678f15015ffe824e569d7d5a/execute/async - {"script":"<script> [776 bytes]","args":[{"enterText":"Faw2lM7YsU","selector":{"id":"application-managehandovers-display-component---AddNewHO--smartFilterBar-btnBasicSearch","searchOpenDialogs":true,"interaction":{"idSuffix":"I"}},"clearTextFirst":true,"interactionType":"ENTER_TEXT"}]}
RESULT: {"script":"<script> [776 bytes]","args":[{"enterText":"Faw2lM7YsU","selector":{"id":"application-managehandovers-display-component---AddNewHO--smartFilterBar-btnBasicSearch","searchOpenDialogs":true,"interaction":{"idSuffix":"I"}},"clearTextFirst":true,"interactionType":"ENTER_TEXT"}]}
COMMAND: POST /session/06820c29678f15015ffe824e569d7d5a/actions - {"actions":[{"id":"action91","type":"key","parameters":{},"actions":[{"type":"keyDown","value":"î€‡"},{"type":"pause","duration":10},{"type":"keyUp","value":"î€‡"}]}]}
RESULT: {"actions":[{"id":"action91","type":"key","parameters":{},"actions":[{"type":"keyDown","value":"î€‡"},{"type":"pause","duration":10},{"type":"keyUp","value":"î€‡"}]}]}
COMMAND: GET /session/06820c29678f15015ffe824e569d7d5a/screenshot - {}
RESULT: {}
COMMAND: POST /session/06820c29678f15015ffe824e569d7d5a/execute/async - {"script":"<script> [1562 bytes]","args":[{"selector":{"id":"application-managehandovers-display-component---AddNewHO--popup-sa","searchOpenDialogs":true,"interaction":{"idSuffix":"CbBg"}},"wdio_ui5_key":"applicationmanagehandovers-display-component---AddNewHO--popup-sa"}]}
RESULT: {"script":"<script> [1562 bytes]","args":[{"selector":{"id":"application-managehandovers-display-component---AddNewHO--popup-sa","searchOpenDialogs":true,"interaction":{"idSuffix":"CbBg"}},"wdio_ui5_key":"applicationmanagehandovers-display-component---AddNewHO--popup-sa"}]}
RESULT: undefined
COMMAND: POST /session/06820c29678f15015ffe824e569d7d5a/element - {"using":"xpath","value":"//*[@id=\"application-managehandovers-display-component---AddNewHO--popup-sa\"]"}
RESULT: {"using":"xpath","value":"//*[@id=\"application-managehandovers-display-component---AddNewHO--popup-sa\"]"}
COMMAND: POST /session/06820c29678f15015ffe824e569d7d5a/element/f.696EFCE712E801319DC54DDC19215679.d.F15413B5B2C41DBA045C69C981A7DA33.e.28792/click - {}
RESULT: {}
COMMAND: GET /session/06820c29678f15015ffe824e569d7d5a/screenshot - {}
RESULT: {}
COMMAND: POST /session/06820c29678f15015ffe824e569d7d5a/element - {"using":"xpath","value":"//bdi[contains(text(), \"Select\")]"}
RESULT: {"using":"xpath","value":"//bdi[contains(text(), \"Select\")]"}
COMMAND: POST /session/06820c29678f15015ffe824e569d7d5a/element/f.696EFCE712E801319DC54DDC19215679.d.F15413B5B2C41DBA045C69C981A7DA33.e.28793/click - {}
RESULT: {}
COMMAND: GET /session/06820c29678f15015ffe824e569d7d5a/screenshot - {}
RESULT: {}
COMMAND: POST /session/06820c29678f15015ffe824e569d7d5a/element - {"using":"xpath","value":"//button[@data-kt=\"AddNewHOSaveButton\"]"}
RESULT: {"using":"xpath","value":"//button[@data-kt=\"AddNewHOSaveButton\"]"}
COMMAND: POST /session/06820c29678f15015ffe824e569d7d5a/element/f.696EFCE712E801319DC54DDC19215679.d.F15413B5B2C41DBA045C69C981A7DA33.e.28797/click - {}
RESULT: {}
COMMAND: GET /session/06820c29678f15015ffe824e569d7d5a/screenshot - {}
RESULT: {}
COMMAND: POST /session/06820c29678f15015ffe824e569d7d5a/execute/async - {"script":"<script> [1562 bytes]","args":[{"selector":{"id":"receiptDatePicker","viewName":"etm.portal.ui.managehandovers.view.DetailExecuteHO","interaction":{"idSuffix":"inner"}},"wdio_ui5_key":"receiptDatePickeretmportal.ui.managehandovers.view.DetailExecuteHO"}]}
RESULT: {"script":"<script> [1562 bytes]","args":[{"selector":{"id":"receiptDatePicker","viewName":"etm.portal.ui.managehandovers.view.DetailExecuteHO","interaction":{"idSuffix":"inner"}},"wdio_ui5_key":"receiptDatePickeretmportal.ui.managehandovers.view.DetailExecuteHO"}]}
RESULT: undefined
COMMAND: POST /session/06820c29678f15015ffe824e569d7d5a/execute/async - {"script":"<script> [6424 bytes]","args":[{"element-6066-11e4-a52e-4f735466cecf":"f.696EFCE712E801319DC54DDC19215679.d.F15413B5B2C41DBA045C69C981A7DA33.e.28813"},"setValue",["5/19/25"]]}
RESULT: {"script":"<script> [6424 bytes]","args":[{"element-6066-11e4-a52e-4f735466cecf":"f.696EFCE712E801319DC54DDC19215679.d.F15413B5B2C41DBA045C69C981A7DA33.e.28813"},"setValue",["5/19/25"]]}
COMMAND: POST /session/06820c29678f15015ffe824e569d7d5a/element - {"using":"xpath","value":"//button[@data-kt=\"PickingTableConfirmAllButton\"]"}
RESULT: {"using":"xpath","value":"//button[@data-kt=\"PickingTableConfirmAllButton\"]"}
COMMAND: POST /session/06820c29678f15015ffe824e569d7d5a/element/f.696EFCE712E801319DC54DDC19215679.d.F15413B5B2C41DBA045C69C981A7DA33.e.28827/click - {}
RESULT: {}
COMMAND: GET /session/06820c29678f15015ffe824e569d7d5a/screenshot - {}
RESULT: {}
COMMAND: POST /session/06820c29678f15015ffe824e569d7d5a/element - {"using":"xpath","value":"//bdi[contains(text(), \"OK\")]"}
RESULT: {"using":"xpath","value":"//bdi[contains(text(), \"OK\")]"}
COMMAND: POST /session/06820c29678f15015ffe824e569d7d5a/element/f.696EFCE712E801319DC54DDC19215679.d.F15413B5B2C41DBA045C69C981A7DA33.e.28829/click - {}
RESULT: {}
COMMAND: GET /session/06820c29678f15015ffe824e569d7d5a/screenshot - {}
RESULT: {}
COMMAND: POST /session/06820c29678f15015ffe824e569d7d5a/element - {"using":"xpath","value":"(//bdi[contains(text(), \"Receive\")])[2]"}
RESULT: {"using":"xpath","value":"(//bdi[contains(text(), \"Receive\")])[2]"}
COMMAND: POST /session/06820c29678f15015ffe824e569d7d5a/element/f.696EFCE712E801319DC54DDC19215679.d.F15413B5B2C41DBA045C69C981A7DA33.e.28831/click - {}
RESULT: {}
COMMAND: GET /session/06820c29678f15015ffe824e569d7d5a/screenshot - {}
RESULT: {}
COMMAND: POST /session/06820c29678f15015ffe824e569d7d5a/element - {"using":"css selector","value":"#shell-header-logo"}
RESULT: {"using":"css selector","value":"#shell-header-logo"}
COMMAND: POST /session/06820c29678f15015ffe824e569d7d5a/element/f.696EFCE712E801319DC54DDC19215679.d.F15413B5B2C41DBA045C69C981A7DA33.e.28211/click - {}
RESULT: {}
COMMAND: GET /session/06820c29678f15015ffe824e569d7d5a/screenshot - {}
RESULT: {}
]]></system-out>
    </testcase>
    <testcase classname="chrome.136_0_7103_93.windows.Transfer_Yard_to_Yard_US131076" name="Should do a stock increase handover for equipment multipart" time="92.752">
      <system-out><![CDATA[
RESULT: undefined
COMMAND: POST /session/06820c29678f15015ffe824e569d7d5a/element - {"using":"xpath","value":"//*[@id=\"__tile133\"]"}
RESULT: {"using":"xpath","value":"//*[@id=\"__tile133\"]"}
COMMAND: POST /session/06820c29678f15015ffe824e569d7d5a/element/f.696EFCE712E801319DC54DDC19215679.d.F15413B5B2C41DBA045C69C981A7DA33.e.26166/click - {}
RESULT: {}
COMMAND: GET /session/06820c29678f15015ffe824e569d7d5a/screenshot - {}
RESULT: {}
COMMAND: POST /session/06820c29678f15015ffe824e569d7d5a/elements - {"using":"xpath","value":"//span[text()='Error']"}
RESULT: {"using":"xpath","value":"//span[text()='Error']"}
COMMAND: POST /session/06820c29678f15015ffe824e569d7d5a/element - {"using":"xpath","value":"//button[@data-kt=\"masterHOAddButton\"]"}
RESULT: {"using":"xpath","value":"//button[@data-kt=\"masterHOAddButton\"]"}
COMMAND: POST /session/06820c29678f15015ffe824e569d7d5a/elements - {"using":"xpath","value":"//button[@data-kt=\"masterHOAddButton\"]"}
RESULT: {"using":"xpath","value":"//button[@data-kt=\"masterHOAddButton\"]"}
COMMAND: POST /session/06820c29678f15015ffe824e569d7d5a/execute/sync - {"script":"<script> [8489 bytes]","args":[{"element-6066-11e4-a52e-4f735466cecf":"f.696EFCE712E801319DC54DDC19215679.d.F15413B5B2C41DBA045C69C981A7DA33.e.29056","ELEMENT":"f.696EFCE712E801319DC54DDC19215679.d.F15413B5B2C41DBA045C69C981A7DA33.e.29056"}]}
RESULT: {"script":"<script> [8489 bytes]","args":[{"element-6066-11e4-a52e-4f735466cecf":"f.696EFCE712E801319DC54DDC19215679.d.F15413B5B2C41DBA045C69C981A7DA33.e.29056","ELEMENT":"f.696EFCE712E801319DC54DDC19215679.d.F15413B5B2C41DBA045C69C981A7DA33.e.29056"}]}
COMMAND: GET /session/06820c29678f15015ffe824e569d7d5a/element/f.696EFCE712E801319DC54DDC19215679.d.F15413B5B2C41DBA045C69C981A7DA33.e.29056/enabled - {}
COMMAND: GET /session/06820c29678f15015ffe824e569d7d5a/screenshot - {}
RESULT: {}
COMMAND: POST /session/06820c29678f15015ffe824e569d7d5a/execute/sync - {"script":"<script> [8489 bytes]","args":[{"element-6066-11e4-a52e-4f735466cecf":"f.696EFCE712E801319DC54DDC19215679.d.F15413B5B2C41DBA045C69C981A7DA33.e.29056","ELEMENT":"f.696EFCE712E801319DC54DDC19215679.d.F15413B5B2C41DBA045C69C981A7DA33.e.29056"}]}
COMMAND: GET /session/06820c29678f15015ffe824e569d7d5a/screenshot - {}
RESULT: {}
RESULT: {"script":"<script> [8489 bytes]","args":[{"element-6066-11e4-a52e-4f735466cecf":"f.696EFCE712E801319DC54DDC19215679.d.F15413B5B2C41DBA045C69C981A7DA33.e.29056","ELEMENT":"f.696EFCE712E801319DC54DDC19215679.d.F15413B5B2C41DBA045C69C981A7DA33.e.29056"}]}
COMMAND: POST /session/06820c29678f15015ffe824e569d7d5a/execute/sync - {"script":"<script> [5351 bytes]","args":[{"element-6066-11e4-a52e-4f735466cecf":"f.696EFCE712E801319DC54DDC19215679.d.F15413B5B2C41DBA045C69C981A7DA33.e.29056","ELEMENT":"f.696EFCE712E801319DC54DDC19215679.d.F15413B5B2C41DBA045C69C981A7DA33.e.29056"}]}
COMMAND: GET /session/06820c29678f15015ffe824e569d7d5a/screenshot - {}
RESULT: {}
RESULT: {"script":"<script> [5351 bytes]","args":[{"element-6066-11e4-a52e-4f735466cecf":"f.696EFCE712E801319DC54DDC19215679.d.F15413B5B2C41DBA045C69C981A7DA33.e.29056","ELEMENT":"f.696EFCE712E801319DC54DDC19215679.d.F15413B5B2C41DBA045C69C981A7DA33.e.29056"}]}
COMMAND: POST /session/06820c29678f15015ffe824e569d7d5a/element/f.696EFCE712E801319DC54DDC19215679.d.F15413B5B2C41DBA045C69C981A7DA33.e.29056/click - {}
COMMAND: GET /session/06820c29678f15015ffe824e569d7d5a/screenshot - {}
RESULT: {}
RESULT: {}
COMMAND: GET /session/06820c29678f15015ffe824e569d7d5a/screenshot - {}
RESULT: {}
RESULT: {}
COMMAND: POST /session/06820c29678f15015ffe824e569d7d5a/element - {"using":"xpath","value":"//span[contains(@id ,\"AddNewHO--typeSelect-arrow\")]"}
RESULT: {"using":"xpath","value":"//span[contains(@id ,\"AddNewHO--typeSelect-arrow\")]"}
COMMAND: POST /session/06820c29678f15015ffe824e569d7d5a/element/f.696EFCE712E801319DC54DDC19215679.d.F15413B5B2C41DBA045C69C981A7DA33.e.29473/click - {}
RESULT: {}
COMMAND: GET /session/06820c29678f15015ffe824e569d7d5a/screenshot - {}
RESULT: {}
COMMAND: POST /session/06820c29678f15015ffe824e569d7d5a/element - {"using":"xpath","value":"(//li[contains(text(), \"stock increase yard\")])[1]"}
RESULT: {"using":"xpath","value":"(//li[contains(text(), \"stock increase yard\")])[1]"}
COMMAND: POST /session/06820c29678f15015ffe824e569d7d5a/element/f.696EFCE712E801319DC54DDC19215679.d.F15413B5B2C41DBA045C69C981A7DA33.e.29474/click - {}
RESULT: {}
COMMAND: GET /session/06820c29678f15015ffe824e569d7d5a/screenshot - {}
RESULT: {}
RESULT: undefined
COMMAND: POST /session/06820c29678f15015ffe824e569d7d5a/execute/async - {"script":"<script> [6424 bytes]","args":[{"element-6066-11e4-a52e-4f735466cecf":"f.696EFCE712E801319DC54DDC19215679.d.F15413B5B2C41DBA045C69C981A7DA33.e.28613"},"setValue",["5/19/25"]]}
COMMAND: POST /session/06820c29678f15015ffe824e569d7d5a/execute/async - {"script":"<script> [1562 bytes]","args":[{"selector":{"id":"application-managehandovers-display-component---AddNewHO--dueDate","interaction":{"idSuffix":"inner"}},"wdio_ui5_key":"applicationmanagehandovers-display-component---AddNewHO--dueDate"}]}
RESULT: {"script":"<script> [1562 bytes]","args":[{"selector":{"id":"application-managehandovers-display-component---AddNewHO--dueDate","interaction":{"idSuffix":"inner"}},"wdio_ui5_key":"applicationmanagehandovers-display-component---AddNewHO--dueDate"}]}
COMMAND: POST /session/06820c29678f15015ffe824e569d7d5a/execute/async - {"script":"<script> [6424 bytes]","args":[{"element-6066-11e4-a52e-4f735466cecf":"f.696EFCE712E801319DC54DDC19215679.d.F15413B5B2C41DBA045C69C981A7DA33.e.29476"},"setValue",["5/19/25"]]}
RESULT: {"script":"<script> [6424 bytes]","args":[{"element-6066-11e4-a52e-4f735466cecf":"f.696EFCE712E801319DC54DDC19215679.d.F15413B5B2C41DBA045C69C981A7DA33.e.29476"},"setValue",["5/19/25"]]}
COMMAND: POST /session/06820c29678f15015ffe824e569d7d5a/element - {"using":"xpath","value":"//input[@id=\"generalSectionFrg--receiveYard-inner\"]"}
RESULT: {"using":"xpath","value":"//input[@id=\"generalSectionFrg--receiveYard-inner\"]"}
COMMAND: POST /session/06820c29678f15015ffe824e569d7d5a/element/f.696EFCE712E801319DC54DDC19215679.d.F15413B5B2C41DBA045C69C981A7DA33.e.29480/clear - {}
RESULT: {}
COMMAND: POST /session/06820c29678f15015ffe824e569d7d5a/element/f.696EFCE712E801319DC54DDC19215679.d.F15413B5B2C41DBA045C69C981A7DA33.e.29480/value - {"text":"561"}
COMMAND: GET /session/06820c29678f15015ffe824e569d7d5a/screenshot - {}
RESULT: {"text":"561"}
COMMAND: GET /session/06820c29678f15015ffe824e569d7d5a/screenshot - {}
RESULT: {}
RESULT: {}
COMMAND: POST /session/06820c29678f15015ffe824e569d7d5a/element - {"using":"xpath","value":"//li[.//span[text()='561']]"}
RESULT: {"using":"xpath","value":"//li[.//span[text()='561']]"}
COMMAND: POST /session/06820c29678f15015ffe824e569d7d5a/element/f.696EFCE712E801319DC54DDC19215679.d.F15413B5B2C41DBA045C69C981A7DA33.e.29498/click - {}
RESULT: {}
COMMAND: GET /session/06820c29678f15015ffe824e569d7d5a/screenshot - {}
RESULT: {}
RESULT: undefined
COMMAND: POST /session/06820c29678f15015ffe824e569d7d5a/element - {"using":"xpath","value":"//*[@id=\"application-managehandovers-display-component---AddNewHO--ObjectPageLayout-anchBar-application-managehandovers-display-component---AddNewHO--section4-anchor\"]"}
RESULT: {"using":"xpath","value":"//*[@id=\"application-managehandovers-display-component---AddNewHO--ObjectPageLayout-anchBar-application-managehandovers-display-component---AddNewHO--section4-anchor\"]"}
COMMAND: POST /session/06820c29678f15015ffe824e569d7d5a/element/f.696EFCE712E801319DC54DDC19215679.d.F15413B5B2C41DBA045C69C981A7DA33.e.29499/click - {}
RESULT: {}
COMMAND: POST /session/06820c29678f15015ffe824e569d7d5a/element - {"using":"xpath","value":"//button[@aria-label=\"Add\"]"}
COMMAND: GET /session/06820c29678f15015ffe824e569d7d5a/screenshot - {}
RESULT: {"using":"xpath","value":"//button[@aria-label=\"Add\"]"}
COMMAND: POST /session/06820c29678f15015ffe824e569d7d5a/element/f.696EFCE712E801319DC54DDC19215679.d.F15413B5B2C41DBA045C69C981A7DA33.e.29503/click - {}
RESULT: {}
RESULT: {}
COMMAND: GET /session/06820c29678f15015ffe824e569d7d5a/screenshot - {}
RESULT: {}
RESULT: undefined
COMMAND: POST /session/06820c29678f15015ffe824e569d7d5a/execute/async - {"script":"<script> [776 bytes]","args":[{"enterText":"400045","selector":{"id":"application-managehandovers-display-component---AddNewHO--smartFilterBar-btnBasicSearch","searchOpenDialogs":true,"interaction":{"idSuffix":"I"}},"clearTextFirst":true,"interactionType":"ENTER_TEXT"}]}
RESULT: {"script":"<script> [776 bytes]","args":[{"enterText":"400045","selector":{"id":"application-managehandovers-display-component---AddNewHO--smartFilterBar-btnBasicSearch","searchOpenDialogs":true,"interaction":{"idSuffix":"I"}},"clearTextFirst":true,"interactionType":"ENTER_TEXT"}]}
COMMAND: POST /session/06820c29678f15015ffe824e569d7d5a/actions - {"actions":[{"id":"action92","type":"key","parameters":{},"actions":[{"type":"keyDown","value":"î€‡"},{"type":"pause","duration":10},{"type":"keyUp","value":"î€‡"}]}]}
RESULT: {"actions":[{"id":"action92","type":"key","parameters":{},"actions":[{"type":"keyDown","value":"î€‡"},{"type":"pause","duration":10},{"type":"keyUp","value":"î€‡"}]}]}
COMMAND: GET /session/06820c29678f15015ffe824e569d7d5a/screenshot - {}
RESULT: {}
RESULT: undefined
COMMAND: POST /session/06820c29678f15015ffe824e569d7d5a/element - {"using":"xpath","value":"//*[@id=\"application-managehandovers-display-component---AddNewHO--popup-sa\"]"}
RESULT: {"using":"xpath","value":"//*[@id=\"application-managehandovers-display-component---AddNewHO--popup-sa\"]"}
COMMAND: POST /session/06820c29678f15015ffe824e569d7d5a/element/f.696EFCE712E801319DC54DDC19215679.d.F15413B5B2C41DBA045C69C981A7DA33.e.29656/click - {}
RESULT: {}
COMMAND: GET /session/06820c29678f15015ffe824e569d7d5a/screenshot - {}
RESULT: {}
COMMAND: POST /session/06820c29678f15015ffe824e569d7d5a/element - {"using":"xpath","value":"//bdi[contains(text(), \"Select\")]"}
RESULT: {"using":"xpath","value":"//bdi[contains(text(), \"Select\")]"}
COMMAND: POST /session/06820c29678f15015ffe824e569d7d5a/element/f.696EFCE712E801319DC54DDC19215679.d.F15413B5B2C41DBA045C69C981A7DA33.e.29657/click - {}
RESULT: {}
COMMAND: GET /session/06820c29678f15015ffe824e569d7d5a/screenshot - {}
RESULT: {}
COMMAND: POST /session/06820c29678f15015ffe824e569d7d5a/element - {"using":"xpath","value":"//button[@data-kt=\"AddNewHOSaveButton\"]"}
RESULT: {"using":"xpath","value":"//button[@data-kt=\"AddNewHOSaveButton\"]"}
COMMAND: POST /session/06820c29678f15015ffe824e569d7d5a/element/f.696EFCE712E801319DC54DDC19215679.d.F15413B5B2C41DBA045C69C981A7DA33.e.29661/click - {}
RESULT: {}
COMMAND: GET /session/06820c29678f15015ffe824e569d7d5a/screenshot - {}
RESULT: {}
RESULT: undefined
COMMAND: POST /session/06820c29678f15015ffe824e569d7d5a/execute/async - {"script":"<script> [6424 bytes]","args":[{"element-6066-11e4-a52e-4f735466cecf":"f.696EFCE712E801319DC54DDC19215679.d.F15413B5B2C41DBA045C69C981A7DA33.e.28813"},"setValue",["5/19/25"]]}
COMMAND: POST /session/06820c29678f15015ffe824e569d7d5a/execute/async - {"script":"<script> [1562 bytes]","args":[{"selector":{"id":"receiptDatePicker","viewName":"etm.portal.ui.managehandovers.view.DetailExecuteHO","interaction":{"idSuffix":"inner"}},"wdio_ui5_key":"receiptDatePickeretmportal.ui.managehandovers.view.DetailExecuteHO"}]}
RESULT: {"script":"<script> [1562 bytes]","args":[{"selector":{"id":"receiptDatePicker","viewName":"etm.portal.ui.managehandovers.view.DetailExecuteHO","interaction":{"idSuffix":"inner"}},"wdio_ui5_key":"receiptDatePickeretmportal.ui.managehandovers.view.DetailExecuteHO"}]}
COMMAND: POST /session/06820c29678f15015ffe824e569d7d5a/execute/async - {"script":"<script> [6424 bytes]","args":[{"element-6066-11e4-a52e-4f735466cecf":"f.696EFCE712E801319DC54DDC19215679.d.F15413B5B2C41DBA045C69C981A7DA33.e.29697"},"setValue",["5/19/25"]]}
RESULT: {"script":"<script> [6424 bytes]","args":[{"element-6066-11e4-a52e-4f735466cecf":"f.696EFCE712E801319DC54DDC19215679.d.F15413B5B2C41DBA045C69C981A7DA33.e.29697"},"setValue",["5/19/25"]]}
COMMAND: POST /session/06820c29678f15015ffe824e569d7d5a/element - {"using":"xpath","value":"//button[@data-kt=\"PickingTableConfirmAllButton\"]"}
RESULT: {"using":"xpath","value":"//button[@data-kt=\"PickingTableConfirmAllButton\"]"}
COMMAND: POST /session/06820c29678f15015ffe824e569d7d5a/element/f.696EFCE712E801319DC54DDC19215679.d.F15413B5B2C41DBA045C69C981A7DA33.e.29711/click - {}
RESULT: {}
COMMAND: GET /session/06820c29678f15015ffe824e569d7d5a/screenshot - {}
RESULT: {}
COMMAND: POST /session/06820c29678f15015ffe824e569d7d5a/element - {"using":"xpath","value":"//bdi[contains(text(), \"OK\")]"}
RESULT: {"using":"xpath","value":"//bdi[contains(text(), \"OK\")]"}
COMMAND: POST /session/06820c29678f15015ffe824e569d7d5a/element/f.696EFCE712E801319DC54DDC19215679.d.F15413B5B2C41DBA045C69C981A7DA33.e.29713/click - {}
RESULT: {}
COMMAND: GET /session/06820c29678f15015ffe824e569d7d5a/screenshot - {}
RESULT: {}
COMMAND: POST /session/06820c29678f15015ffe824e569d7d5a/element - {"using":"xpath","value":"(//bdi[contains(text(), \"Receive\")])[2]"}
RESULT: {"using":"xpath","value":"(//bdi[contains(text(), \"Receive\")])[2]"}
COMMAND: POST /session/06820c29678f15015ffe824e569d7d5a/element/f.696EFCE712E801319DC54DDC19215679.d.F15413B5B2C41DBA045C69C981A7DA33.e.29715/click - {}
RESULT: {}
COMMAND: GET /session/06820c29678f15015ffe824e569d7d5a/screenshot - {}
RESULT: {}
COMMAND: POST /session/06820c29678f15015ffe824e569d7d5a/element - {"using":"css selector","value":"#shell-header-logo"}
RESULT: {"using":"css selector","value":"#shell-header-logo"}
COMMAND: POST /session/06820c29678f15015ffe824e569d7d5a/element/f.696EFCE712E801319DC54DDC19215679.d.F15413B5B2C41DBA045C69C981A7DA33.e.29006/click - {}
RESULT: {}
COMMAND: GET /session/06820c29678f15015ffe824e569d7d5a/screenshot - {}
RESULT: {}
]]></system-out>
    </testcase>
    <testcase classname="chrome.136_0_7103_93.windows.Transfer_Yard_to_Yard_US131076" name="Should create a yard to yard transfer handover" time="124.524">
      <system-out><![CDATA[
RESULT: undefined
COMMAND: POST /session/06820c29678f15015ffe824e569d7d5a/element - {"using":"xpath","value":"//*[@id=\"__tile133\"]"}
RESULT: {"using":"xpath","value":"//*[@id=\"__tile133\"]"}
COMMAND: POST /session/06820c29678f15015ffe824e569d7d5a/element/f.696EFCE712E801319DC54DDC19215679.d.F15413B5B2C41DBA045C69C981A7DA33.e.26166/click - {}
RESULT: {}
COMMAND: GET /session/06820c29678f15015ffe824e569d7d5a/screenshot - {}
RESULT: {}
COMMAND: POST /session/06820c29678f15015ffe824e569d7d5a/elements - {"using":"xpath","value":"//span[text()='Error']"}
RESULT: {"using":"xpath","value":"//span[text()='Error']"}
COMMAND: POST /session/06820c29678f15015ffe824e569d7d5a/element - {"using":"xpath","value":"//button[@data-kt=\"masterHOAddButton\"]"}
RESULT: {"using":"xpath","value":"//button[@data-kt=\"masterHOAddButton\"]"}
COMMAND: POST /session/06820c29678f15015ffe824e569d7d5a/elements - {"using":"xpath","value":"//button[@data-kt=\"masterHOAddButton\"]"}
RESULT: {"using":"xpath","value":"//button[@data-kt=\"masterHOAddButton\"]"}
COMMAND: POST /session/06820c29678f15015ffe824e569d7d5a/execute/sync - {"script":"<script> [8489 bytes]","args":[{"element-6066-11e4-a52e-4f735466cecf":"f.696EFCE712E801319DC54DDC19215679.d.F15413B5B2C41DBA045C69C981A7DA33.e.29936","ELEMENT":"f.696EFCE712E801319DC54DDC19215679.d.F15413B5B2C41DBA045C69C981A7DA33.e.29936"}]}
RESULT: {"script":"<script> [8489 bytes]","args":[{"element-6066-11e4-a52e-4f735466cecf":"f.696EFCE712E801319DC54DDC19215679.d.F15413B5B2C41DBA045C69C981A7DA33.e.29936","ELEMENT":"f.696EFCE712E801319DC54DDC19215679.d.F15413B5B2C41DBA045C69C981A7DA33.e.29936"}]}
COMMAND: GET /session/06820c29678f15015ffe824e569d7d5a/element/f.696EFCE712E801319DC54DDC19215679.d.F15413B5B2C41DBA045C69C981A7DA33.e.29936/enabled - {}
COMMAND: GET /session/06820c29678f15015ffe824e569d7d5a/screenshot - {}
RESULT: {}
COMMAND: POST /session/06820c29678f15015ffe824e569d7d5a/execute/sync - {"script":"<script> [8489 bytes]","args":[{"element-6066-11e4-a52e-4f735466cecf":"f.696EFCE712E801319DC54DDC19215679.d.F15413B5B2C41DBA045C69C981A7DA33.e.29936","ELEMENT":"f.696EFCE712E801319DC54DDC19215679.d.F15413B5B2C41DBA045C69C981A7DA33.e.29936"}]}
COMMAND: GET /session/06820c29678f15015ffe824e569d7d5a/screenshot - {}
RESULT: {}
RESULT: {"script":"<script> [8489 bytes]","args":[{"element-6066-11e4-a52e-4f735466cecf":"f.696EFCE712E801319DC54DDC19215679.d.F15413B5B2C41DBA045C69C981A7DA33.e.29936","ELEMENT":"f.696EFCE712E801319DC54DDC19215679.d.F15413B5B2C41DBA045C69C981A7DA33.e.29936"}]}
COMMAND: POST /session/06820c29678f15015ffe824e569d7d5a/execute/sync - {"script":"<script> [5351 bytes]","args":[{"element-6066-11e4-a52e-4f735466cecf":"f.696EFCE712E801319DC54DDC19215679.d.F15413B5B2C41DBA045C69C981A7DA33.e.29936","ELEMENT":"f.696EFCE712E801319DC54DDC19215679.d.F15413B5B2C41DBA045C69C981A7DA33.e.29936"}]}
COMMAND: GET /session/06820c29678f15015ffe824e569d7d5a/screenshot - {}
RESULT: {}
RESULT: {"script":"<script> [5351 bytes]","args":[{"element-6066-11e4-a52e-4f735466cecf":"f.696EFCE712E801319DC54DDC19215679.d.F15413B5B2C41DBA045C69C981A7DA33.e.29936","ELEMENT":"f.696EFCE712E801319DC54DDC19215679.d.F15413B5B2C41DBA045C69C981A7DA33.e.29936"}]}
COMMAND: POST /session/06820c29678f15015ffe824e569d7d5a/element/f.696EFCE712E801319DC54DDC19215679.d.F15413B5B2C41DBA045C69C981A7DA33.e.29936/click - {}
COMMAND: GET /session/06820c29678f15015ffe824e569d7d5a/screenshot - {}
RESULT: {}
RESULT: {}
COMMAND: GET /session/06820c29678f15015ffe824e569d7d5a/screenshot - {}
RESULT: {}
RESULT: {}
COMMAND: POST /session/06820c29678f15015ffe824e569d7d5a/element - {"using":"xpath","value":"//span[contains(@id ,\"AddNewHO--typeSelect-arrow\")]"}
RESULT: {"using":"xpath","value":"//span[contains(@id ,\"AddNewHO--typeSelect-arrow\")]"}
COMMAND: POST /session/06820c29678f15015ffe824e569d7d5a/element/f.696EFCE712E801319DC54DDC19215679.d.F15413B5B2C41DBA045C69C981A7DA33.e.30352/click - {}
RESULT: {}
COMMAND: GET /session/06820c29678f15015ffe824e569d7d5a/screenshot - {}
RESULT: {}
COMMAND: POST /session/06820c29678f15015ffe824e569d7d5a/element - {"using":"xpath","value":"(//li[contains(text(), \"transfer\")])[1]"}
RESULT: {"using":"xpath","value":"(//li[contains(text(), \"transfer\")])[1]"}
COMMAND: POST /session/06820c29678f15015ffe824e569d7d5a/element/f.696EFCE712E801319DC54DDC19215679.d.F15413B5B2C41DBA045C69C981A7DA33.e.30353/click - {}
RESULT: {}
COMMAND: GET /session/06820c29678f15015ffe824e569d7d5a/screenshot - {}
RESULT: {}
RESULT: undefined
COMMAND: POST /session/06820c29678f15015ffe824e569d7d5a/execute/async - {"script":"<script> [6424 bytes]","args":[{"element-6066-11e4-a52e-4f735466cecf":"f.696EFCE712E801319DC54DDC19215679.d.F15413B5B2C41DBA045C69C981A7DA33.e.28613"},"setValue",["05/19/25"]]}
COMMAND: POST /session/06820c29678f15015ffe824e569d7d5a/execute/async - {"script":"<script> [1562 bytes]","args":[{"selector":{"id":"application-managehandovers-display-component---AddNewHO--dueDate","interaction":{"idSuffix":"inner"}},"wdio_ui5_key":"applicationmanagehandovers-display-component---AddNewHO--dueDate"}]}
RESULT: {"script":"<script> [1562 bytes]","args":[{"selector":{"id":"application-managehandovers-display-component---AddNewHO--dueDate","interaction":{"idSuffix":"inner"}},"wdio_ui5_key":"applicationmanagehandovers-display-component---AddNewHO--dueDate"}]}
COMMAND: POST /session/06820c29678f15015ffe824e569d7d5a/execute/async - {"script":"<script> [6424 bytes]","args":[{"element-6066-11e4-a52e-4f735466cecf":"f.696EFCE712E801319DC54DDC19215679.d.F15413B5B2C41DBA045C69C981A7DA33.e.30355"},"setValue",["05/19/25"]]}
RESULT: {"script":"<script> [6424 bytes]","args":[{"element-6066-11e4-a52e-4f735466cecf":"f.696EFCE712E801319DC54DDC19215679.d.F15413B5B2C41DBA045C69C981A7DA33.e.30355"},"setValue",["05/19/25"]]}
COMMAND: POST /session/06820c29678f15015ffe824e569d7d5a/element - {"using":"xpath","value":"//input[@id=\"generalSectionFrg--sendYard-inner\"]"}
RESULT: {"using":"xpath","value":"//input[@id=\"generalSectionFrg--sendYard-inner\"]"}
COMMAND: POST /session/06820c29678f15015ffe824e569d7d5a/element/f.696EFCE712E801319DC54DDC19215679.d.F15413B5B2C41DBA045C69C981A7DA33.e.30359/clear - {}
RESULT: {}
COMMAND: POST /session/06820c29678f15015ffe824e569d7d5a/element/f.696EFCE712E801319DC54DDC19215679.d.F15413B5B2C41DBA045C69C981A7DA33.e.30359/value - {"text":"561"}
COMMAND: GET /session/06820c29678f15015ffe824e569d7d5a/screenshot - {}
RESULT: {"text":"561"}
COMMAND: GET /session/06820c29678f15015ffe824e569d7d5a/screenshot - {}
RESULT: {}
RESULT: {}
COMMAND: POST /session/06820c29678f15015ffe824e569d7d5a/element - {"using":"xpath","value":"//li[.//span[text()='561']]"}
RESULT: {"using":"xpath","value":"//li[.//span[text()='561']]"}
COMMAND: POST /session/06820c29678f15015ffe824e569d7d5a/element/f.696EFCE712E801319DC54DDC19215679.d.F15413B5B2C41DBA045C69C981A7DA33.e.30379/click - {}
RESULT: {}
COMMAND: GET /session/06820c29678f15015ffe824e569d7d5a/screenshot - {}
RESULT: {}
COMMAND: POST /session/06820c29678f15015ffe824e569d7d5a/element - {"using":"xpath","value":"//input[@id=\"generalSectionFrg--receiveYard-inner\"]"}
RESULT: {"using":"xpath","value":"//input[@id=\"generalSectionFrg--receiveYard-inner\"]"}
COMMAND: POST /session/06820c29678f15015ffe824e569d7d5a/element/f.696EFCE712E801319DC54DDC19215679.d.F15413B5B2C41DBA045C69C981A7DA33.e.30360/clear - {}
RESULT: {}
COMMAND: POST /session/06820c29678f15015ffe824e569d7d5a/element/f.696EFCE712E801319DC54DDC19215679.d.F15413B5B2C41DBA045C69C981A7DA33.e.30360/value - {"text":"565"}
COMMAND: GET /session/06820c29678f15015ffe824e569d7d5a/screenshot - {}
RESULT: {"text":"565"}
COMMAND: GET /session/06820c29678f15015ffe824e569d7d5a/screenshot - {}
RESULT: {}
RESULT: {}
COMMAND: POST /session/06820c29678f15015ffe824e569d7d5a/element - {"using":"xpath","value":"//li[.//span[text()='565']]"}
RESULT: {"using":"xpath","value":"//li[.//span[text()='565']]"}
COMMAND: POST /session/06820c29678f15015ffe824e569d7d5a/element/f.696EFCE712E801319DC54DDC19215679.d.F15413B5B2C41DBA045C69C981A7DA33.e.30381/click - {}
RESULT: {}
COMMAND: GET /session/06820c29678f15015ffe824e569d7d5a/screenshot - {}
RESULT: {}
RESULT: undefined
COMMAND: POST /session/06820c29678f15015ffe824e569d7d5a/element - {"using":"xpath","value":"//*[@id=\"application-managehandovers-display-component---AddNewHO--ObjectPageLayout-anchBar-application-managehandovers-display-component---AddNewHO--section4-anchor\"]"}
RESULT: {"using":"xpath","value":"//*[@id=\"application-managehandovers-display-component---AddNewHO--ObjectPageLayout-anchBar-application-managehandovers-display-component---AddNewHO--section4-anchor\"]"}
COMMAND: POST /session/06820c29678f15015ffe824e569d7d5a/element/f.696EFCE712E801319DC54DDC19215679.d.F15413B5B2C41DBA045C69C981A7DA33.e.30382/click - {}
RESULT: {}
COMMAND: GET /session/06820c29678f15015ffe824e569d7d5a/screenshot - {}
RESULT: {}
COMMAND: POST /session/06820c29678f15015ffe824e569d7d5a/element - {"using":"xpath","value":"//button[@data-kt=\"AddNewHOProvideAddItemsButton\"]"}
RESULT: {"using":"xpath","value":"//button[@data-kt=\"AddNewHOProvideAddItemsButton\"]"}
COMMAND: POST /session/06820c29678f15015ffe824e569d7d5a/element/f.696EFCE712E801319DC54DDC19215679.d.F15413B5B2C41DBA045C69C981A7DA33.e.30386/click - {}
RESULT: {}
COMMAND: GET /session/06820c29678f15015ffe824e569d7d5a/screenshot - {}
RESULT: {}
COMMAND: POST /session/06820c29678f15015ffe824e569d7d5a/element - {"using":"xpath","value":"//div[contains(@id,\"AddNewHO--TransferHOTypesRuDialogTable-sa-CbBg\")]"}
RESULT: {"using":"xpath","value":"//div[contains(@id,\"AddNewHO--TransferHOTypesRuDialogTable-sa-CbBg\")]"}
COMMAND: POST /session/06820c29678f15015ffe824e569d7d5a/element/f.696EFCE712E801319DC54DDC19215679.d.F15413B5B2C41DBA045C69C981A7DA33.e.30410/click - {}
RESULT: {}
COMMAND: GET /session/06820c29678f15015ffe824e569d7d5a/screenshot - {}
RESULT: {}
COMMAND: POST /session/06820c29678f15015ffe824e569d7d5a/element - {"using":"xpath","value":"//table[contains(@id,\"AddNewHO--TransferHOTypesRuDialogTable-listUl\")]/tbody/tr[1]/td[6]/div/div/input"}
RESULT: {"using":"xpath","value":"//table[contains(@id,\"AddNewHO--TransferHOTypesRuDialogTable-listUl\")]/tbody/tr[1]/td[6]/div/div/input"}
COMMAND: POST /session/06820c29678f15015ffe824e569d7d5a/element/f.696EFCE712E801319DC54DDC19215679.d.F15413B5B2C41DBA045C69C981A7DA33.e.30407/clear - {}
RESULT: {}
COMMAND: POST /session/06820c29678f15015ffe824e569d7d5a/element/f.696EFCE712E801319DC54DDC19215679.d.F15413B5B2C41DBA045C69C981A7DA33.e.30407/value - {"text":"1"}
COMMAND: GET /session/06820c29678f15015ffe824e569d7d5a/screenshot - {}
RESULT: {"text":"1"}
COMMAND: GET /session/06820c29678f15015ffe824e569d7d5a/screenshot - {}
RESULT: {}
RESULT: {}
COMMAND: POST /session/06820c29678f15015ffe824e569d7d5a/element - {"using":"xpath","value":"//bdi[contains(text(), \"OK\")]"}
RESULT: {"using":"xpath","value":"//bdi[contains(text(), \"OK\")]"}
COMMAND: POST /session/06820c29678f15015ffe824e569d7d5a/element/f.696EFCE712E801319DC54DDC19215679.d.F15413B5B2C41DBA045C69C981A7DA33.e.30414/click - {}
RESULT: {}
COMMAND: GET /session/06820c29678f15015ffe824e569d7d5a/screenshot - {}
RESULT: {}
COMMAND: POST /session/06820c29678f15015ffe824e569d7d5a/execute/async - {"script":"<script> [1562 bytes]","args":[{"selector":{"id":"application-managehandovers-display-component---AddNewHO--confirmCreationButton","interaction":{"idSuffix":"BDI-content"}},"wdio_ui5_key":"applicationmanagehandovers-display-component---AddNewHO--confirmCreationButton"}]}
RESULT: {"script":"<script> [1562 bytes]","args":[{"selector":{"id":"application-managehandovers-display-component---AddNewHO--confirmCreationButton","interaction":{"idSuffix":"BDI-content"}},"wdio_ui5_key":"applicationmanagehandovers-display-component---AddNewHO--confirmCreationButton"}]}
RESULT: undefined
COMMAND: POST /session/06820c29678f15015ffe824e569d7d5a/element - {"using":"xpath","value":"//*[@id=\"application-managehandovers-display-component---AddNewHO--confirmCreationButton\"]"}
RESULT: {"using":"xpath","value":"//*[@id=\"application-managehandovers-display-component---AddNewHO--confirmCreationButton\"]"}
COMMAND: POST /session/06820c29678f15015ffe824e569d7d5a/element/f.696EFCE712E801319DC54DDC19215679.d.F15413B5B2C41DBA045C69C981A7DA33.e.30421/click - {}
RESULT: {}
COMMAND: GET /session/06820c29678f15015ffe824e569d7d5a/screenshot - {}
RESULT: {}
COMMAND: POST /session/06820c29678f15015ffe824e569d7d5a/element - {"using":"xpath","value":"(//section[contains(@id,\"headerContentForm--FC-NoHead\")])[2]/div[1]/div[5]/div[2]/div/span"}
RESULT: {"using":"xpath","value":"(//section[contains(@id,\"headerContentForm--FC-NoHead\")])[2]/div[1]/div[5]/div[2]/div/span"}
COMMAND: POST /session/06820c29678f15015ffe824e569d7d5a/execute/sync - {"script":"<script> [56 bytes]","args":[{"element-6066-11e4-a52e-4f735466cecf":"f.696EFCE712E801319DC54DDC19215679.d.F15413B5B2C41DBA045C69C981A7DA33.e.30475","ELEMENT":"f.696EFCE712E801319DC54DDC19215679.d.F15413B5B2C41DBA045C69C981A7DA33.e.30475"}]}
RESULT: {"script":"<script> [56 bytes]","args":[{"element-6066-11e4-a52e-4f735466cecf":"f.696EFCE712E801319DC54DDC19215679.d.F15413B5B2C41DBA045C69C981A7DA33.e.30475","ELEMENT":"f.696EFCE712E801319DC54DDC19215679.d.F15413B5B2C41DBA045C69C981A7DA33.e.30475"}]}
COMMAND: POST /session/06820c29678f15015ffe824e569d7d5a/execute/async - {"script":"<script> [1562 bytes]","args":[{"selector":{"id":"issueDatePicker","viewName":"etm.portal.ui.managehandovers.view.DetailExecuteHO","interaction":{"idSuffix":"inner"}},"wdio_ui5_key":"issueDatePickeretmportal.ui.managehandovers.view.DetailExecuteHO"}]}
COMMAND: GET /session/06820c29678f15015ffe824e569d7d5a/screenshot - {}
RESULT: {"script":"<script> [1562 bytes]","args":[{"selector":{"id":"issueDatePicker","viewName":"etm.portal.ui.managehandovers.view.DetailExecuteHO","interaction":{"idSuffix":"inner"}},"wdio_ui5_key":"issueDatePickeretmportal.ui.managehandovers.view.DetailExecuteHO"}]}
RESULT: undefined
COMMAND: POST /session/06820c29678f15015ffe824e569d7d5a/execute/async - {"script":"<script> [776 bytes]","args":[{"enterText":"05/19/25","selector":{"id":"issueDatePicker","viewName":"etm.portal.ui.managehandovers.view.DetailExecuteHO","interaction":{"idSuffix":"inner"}},"clearTextFirst":true,"interactionType":"ENTER_TEXT"}]}
RESULT: {}
RESULT: {"script":"<script> [776 bytes]","args":[{"enterText":"05/19/25","selector":{"id":"issueDatePicker","viewName":"etm.portal.ui.managehandovers.view.DetailExecuteHO","interaction":{"idSuffix":"inner"}},"clearTextFirst":true,"interactionType":"ENTER_TEXT"}]}
COMMAND: POST /session/06820c29678f15015ffe824e569d7d5a/element - {"using":"xpath","value":"//bdi[contains(text(), \"OK\")]"}
RESULT: {"using":"xpath","value":"//bdi[contains(text(), \"OK\")]"}
COMMAND: POST /session/06820c29678f15015ffe824e569d7d5a/element/f.696EFCE712E801319DC54DDC19215679.d.F15413B5B2C41DBA045C69C981A7DA33.e.30482/click - {}
RESULT: {}
COMMAND: GET /session/06820c29678f15015ffe824e569d7d5a/screenshot - {}
RESULT: {}
COMMAND: POST /session/06820c29678f15015ffe824e569d7d5a/execute/async - {"script":"<script> [1562 bytes]","args":[{"selector":{"controlType":"sap.m.Button","viewName":"etm.portal.ui.managehandovers.view.DetailExecuteHO","i18NText":{"propertyName":"text","key":"pickQty"},"interaction":{"idSuffix":"content"}},"wdio_ui5_key":"etmportal.ui.managehandovers.view.DetailExecuteHOsap.m.Button{\"propertyName\":\"text\",\"key\":\"pickQty\"}"}]}
RESULT: {"script":"<script> [1562 bytes]","args":[{"selector":{"controlType":"sap.m.Button","viewName":"etm.portal.ui.managehandovers.view.DetailExecuteHO","i18NText":{"propertyName":"text","key":"pickQty"},"interaction":{"idSuffix":"content"}},"wdio_ui5_key":"etmportal.ui.managehandovers.view.DetailExecuteHOsap.m.Button{\"propertyName\":\"text\",\"key\":\"pickQty\"}"}]}
RESULT: undefined
COMMAND: POST /session/06820c29678f15015ffe824e569d7d5a/element - {"using":"xpath","value":"//*[@id=\"__button384\"]"}
RESULT: {"using":"xpath","value":"//*[@id=\"__button384\"]"}
COMMAND: POST /session/06820c29678f15015ffe824e569d7d5a/element/f.696EFCE712E801319DC54DDC19215679.d.F15413B5B2C41DBA045C69C981A7DA33.e.30489/click - {}
RESULT: {}
COMMAND: GET /session/06820c29678f15015ffe824e569d7d5a/screenshot - {}
RESULT: {}
COMMAND: POST /session/06820c29678f15015ffe824e569d7d5a/execute/async - {"script":"<script> [1562 bytes]","args":[{"selector":{"controlType":"sap.m.NumericInput","viewName":"etm.portal.ui.managehandovers.view.DetailExecuteHO","properties":{"value":"0"},"searchOpenDialogs":true,"interaction":{"idSuffix":"inner"}},"wdio_ui5_key":"etmportal.ui.managehandovers.view.DetailExecuteHOsap.m.NumericInput{\"value\":\"0\"}"}]}
RESULT: {"script":"<script> [1562 bytes]","args":[{"selector":{"controlType":"sap.m.NumericInput","viewName":"etm.portal.ui.managehandovers.view.DetailExecuteHO","properties":{"value":"0"},"searchOpenDialogs":true,"interaction":{"idSuffix":"inner"}},"wdio_ui5_key":"etmportal.ui.managehandovers.view.DetailExecuteHOsap.m.NumericInput{\"value\":\"0\"}"}]}
RESULT: undefined
COMMAND: POST /session/06820c29678f15015ffe824e569d7d5a/execute/async - {"script":"<script> [1562 bytes]","args":[{"selector":{"id":"statesDialog--okBttnStatesDialog","searchOpenDialogs":true,"interaction":{"idSuffix":"BDI-content"}},"wdio_ui5_key":"statesDialogokBttnStatesDialog"}]}
RESULT: {"script":"<script> [1562 bytes]","args":[{"selector":{"id":"statesDialog--okBttnStatesDialog","searchOpenDialogs":true,"interaction":{"idSuffix":"BDI-content"}},"wdio_ui5_key":"statesDialogokBttnStatesDialog"}]}
RESULT: undefined
COMMAND: POST /session/06820c29678f15015ffe824e569d7d5a/element - {"using":"xpath","value":"//*[@id=\"statesDialog--okBttnStatesDialog\"]"}
RESULT: {"using":"xpath","value":"//*[@id=\"statesDialog--okBttnStatesDialog\"]"}
COMMAND: POST /session/06820c29678f15015ffe824e569d7d5a/element/f.696EFCE712E801319DC54DDC19215679.d.F15413B5B2C41DBA045C69C981A7DA33.e.30496/click - {}
RESULT: {}
COMMAND: GET /session/06820c29678f15015ffe824e569d7d5a/screenshot - {}
RESULT: {}
COMMAND: POST /session/06820c29678f15015ffe824e569d7d5a/element - {"using":"xpath","value":"//button[@data-kt=\"PickingTableConfirmAllButton\"]"}
RESULT: {"using":"xpath","value":"//button[@data-kt=\"PickingTableConfirmAllButton\"]"}
COMMAND: POST /session/06820c29678f15015ffe824e569d7d5a/element/f.696EFCE712E801319DC54DDC19215679.d.F15413B5B2C41DBA045C69C981A7DA33.e.30502/click - {}
RESULT: {}
COMMAND: GET /session/06820c29678f15015ffe824e569d7d5a/screenshot - {}
RESULT: {}
COMMAND: POST /session/06820c29678f15015ffe824e569d7d5a/element - {"using":"xpath","value":"//bdi[contains(text(), \"OK\")]"}
RESULT: {"using":"xpath","value":"//bdi[contains(text(), \"OK\")]"}
COMMAND: POST /session/06820c29678f15015ffe824e569d7d5a/element/f.696EFCE712E801319DC54DDC19215679.d.F15413B5B2C41DBA045C69C981A7DA33.e.30505/click - {}
RESULT: {}
COMMAND: GET /session/06820c29678f15015ffe824e569d7d5a/screenshot - {}
RESULT: {}
COMMAND: POST /session/06820c29678f15015ffe824e569d7d5a/element - {"using":"xpath","value":"//header[contains(@id,\"headerTitle\") and @aria-roledescription=\"Object page header\"]/div[1]/div[2]/div[1]/span"}
RESULT: {"using":"xpath","value":"//header[contains(@id,\"headerTitle\") and @aria-roledescription=\"Object page header\"]/div[1]/div[2]/div[1]/span"}
COMMAND: POST /session/06820c29678f15015ffe824e569d7d5a/elements - {"using":"xpath","value":"//header[contains(@id,\"headerTitle\") and @aria-roledescription=\"Object page header\"]/div[1]/div[2]/div[1]/span"}
RESULT: {"using":"xpath","value":"//header[contains(@id,\"headerTitle\") and @aria-roledescription=\"Object page header\"]/div[1]/div[2]/div[1]/span"}
COMMAND: POST /session/06820c29678f15015ffe824e569d7d5a/execute/sync - {"script":"<script> [56 bytes]","args":[{"element-6066-11e4-a52e-4f735466cecf":"f.696EFCE712E801319DC54DDC19215679.d.F15413B5B2C41DBA045C69C981A7DA33.e.30509","ELEMENT":"f.696EFCE712E801319DC54DDC19215679.d.F15413B5B2C41DBA045C69C981A7DA33.e.30509"}]}
RESULT: {"script":"<script> [56 bytes]","args":[{"element-6066-11e4-a52e-4f735466cecf":"f.696EFCE712E801319DC54DDC19215679.d.F15413B5B2C41DBA045C69C981A7DA33.e.30509","ELEMENT":"f.696EFCE712E801319DC54DDC19215679.d.F15413B5B2C41DBA045C69C981A7DA33.e.30509"}]}
COMMAND: POST /session/06820c29678f15015ffe824e569d7d5a/element - {"using":"xpath","value":"//bdi[contains(text(), \"Issue\")]"}
COMMAND: GET /session/06820c29678f15015ffe824e569d7d5a/screenshot - {}
RESULT: {"using":"xpath","value":"//bdi[contains(text(), \"Issue\")]"}
COMMAND: POST /session/06820c29678f15015ffe824e569d7d5a/element/f.696EFCE712E801319DC54DDC19215679.d.F15413B5B2C41DBA045C69C981A7DA33.e.30510/click - {}
RESULT: {}
RESULT: {}
COMMAND: GET /session/06820c29678f15015ffe824e569d7d5a/screenshot - {}
RESULT: {}
COMMAND: POST /session/06820c29678f15015ffe824e569d7d5a/element - {"using":"xpath","value":"//input[contains(@id ,\"smartFilterBar-btnBasicSearch-I\")]"}
RESULT: {"using":"xpath","value":"//input[contains(@id ,\"smartFilterBar-btnBasicSearch-I\")]"}
COMMAND: POST /session/06820c29678f15015ffe824e569d7d5a/elements - {"using":"xpath","value":"//input[contains(@id ,\"smartFilterBar-btnBasicSearch-I\")]"}
RESULT: {"using":"xpath","value":"//input[contains(@id ,\"smartFilterBar-btnBasicSearch-I\")]"}
COMMAND: POST /session/06820c29678f15015ffe824e569d7d5a/execute/sync - {"script":"<script> [8489 bytes]","args":[{"element-6066-11e4-a52e-4f735466cecf":"f.696EFCE712E801319DC54DDC19215679.d.F15413B5B2C41DBA045C69C981A7DA33.e.29885","ELEMENT":"f.696EFCE712E801319DC54DDC19215679.d.F15413B5B2C41DBA045C69C981A7DA33.e.29885"}]}
RESULT: {"script":"<script> [8489 bytes]","args":[{"element-6066-11e4-a52e-4f735466cecf":"f.696EFCE712E801319DC54DDC19215679.d.F15413B5B2C41DBA045C69C981A7DA33.e.29885","ELEMENT":"f.696EFCE712E801319DC54DDC19215679.d.F15413B5B2C41DBA045C69C981A7DA33.e.29885"}]}
COMMAND: GET /session/06820c29678f15015ffe824e569d7d5a/element/f.696EFCE712E801319DC54DDC19215679.d.F15413B5B2C41DBA045C69C981A7DA33.e.29885/enabled - {}
COMMAND: GET /session/06820c29678f15015ffe824e569d7d5a/screenshot - {}
RESULT: {}
COMMAND: POST /session/06820c29678f15015ffe824e569d7d5a/element/f.696EFCE712E801319DC54DDC19215679.d.F15413B5B2C41DBA045C69C981A7DA33.e.29885/clear - {}
COMMAND: GET /session/06820c29678f15015ffe824e569d7d5a/screenshot - {}
RESULT: {}
RESULT: {}
COMMAND: POST /session/06820c29678f15015ffe824e569d7d5a/element/f.696EFCE712E801319DC54DDC19215679.d.F15413B5B2C41DBA045C69C981A7DA33.e.29885/value - {"text":"30770"}
COMMAND: GET /session/06820c29678f15015ffe824e569d7d5a/screenshot - {}
RESULT: {}
RESULT: {"text":"30770"}
COMMAND: GET /session/06820c29678f15015ffe824e569d7d5a/screenshot - {}
RESULT: {}
RESULT: {}
COMMAND: POST /session/06820c29678f15015ffe824e569d7d5a/actions - {"actions":[{"id":"action93","type":"key","parameters":{},"actions":[{"type":"keyDown","value":"î€‡"},{"type":"pause","duration":10},{"type":"keyUp","value":"î€‡"}]}]}
RESULT: {"actions":[{"id":"action93","type":"key","parameters":{},"actions":[{"type":"keyDown","value":"î€‡"},{"type":"pause","duration":10},{"type":"keyUp","value":"î€‡"}]}]}
COMMAND: GET /session/06820c29678f15015ffe824e569d7d5a/screenshot - {}
RESULT: {}
COMMAND: POST /session/06820c29678f15015ffe824e569d7d5a/element - {"using":"xpath","value":"//span[contains(@id, \"smartTable-header-inner\")]"}
RESULT: {"using":"xpath","value":"//span[contains(@id, \"smartTable-header-inner\")]"}
COMMAND: POST /session/06820c29678f15015ffe824e569d7d5a/elements - {"using":"xpath","value":"//span[contains(@id, \"smartTable-header-inner\")]"}
RESULT: {"using":"xpath","value":"//span[contains(@id, \"smartTable-header-inner\")]"}
COMMAND: POST /session/06820c29678f15015ffe824e569d7d5a/execute/sync - {"script":"<script> [56 bytes]","args":[{"element-6066-11e4-a52e-4f735466cecf":"f.696EFCE712E801319DC54DDC19215679.d.F15413B5B2C41DBA045C69C981A7DA33.e.30704","ELEMENT":"f.696EFCE712E801319DC54DDC19215679.d.F15413B5B2C41DBA045C69C981A7DA33.e.30704"}]}
RESULT: {"script":"<script> [56 bytes]","args":[{"element-6066-11e4-a52e-4f735466cecf":"f.696EFCE712E801319DC54DDC19215679.d.F15413B5B2C41DBA045C69C981A7DA33.e.30704","ELEMENT":"f.696EFCE712E801319DC54DDC19215679.d.F15413B5B2C41DBA045C69C981A7DA33.e.30704"}]}
COMMAND: POST /session/06820c29678f15015ffe824e569d7d5a/element - {"using":"xpath","value":"(//span[contains(@id, \"imgNav\")])[1]"}
COMMAND: GET /session/06820c29678f15015ffe824e569d7d5a/screenshot - {}
RESULT: {"using":"xpath","value":"(//span[contains(@id, \"imgNav\")])[1]"}
COMMAND: POST /session/06820c29678f15015ffe824e569d7d5a/element/f.696EFCE712E801319DC54DDC19215679.d.F15413B5B2C41DBA045C69C981A7DA33.e.30702/click - {}
RESULT: {}
RESULT: {}
COMMAND: GET /session/06820c29678f15015ffe824e569d7d5a/screenshot - {}
RESULT: {}
COMMAND: POST /session/06820c29678f15015ffe824e569d7d5a/execute/async - {"script":"<script> [1562 bytes]","args":[{"selector":{"controlType":"sap.m.ObjectStatus","viewName":"etm.portal.ui.managehandovers.view.DetailManageHO","viewId":"application-managehandovers-display-component---detailManageHO","bindingPath":{"propertyPath":"LINK_TO_STATUS/DESCRIPTION","modelName":"catalogModel"}},"wdio_ui5_key":"etmportal.ui.managehandovers.view.DetailManageHOsap.m.ObjectStatus{\"propertyPath\":\"LINK_TO_STATUS/DESCRIPTION\",\"modelName\":\"catalogModel\"}"}]}
RESULT: {"script":"<script> [1562 bytes]","args":[{"selector":{"controlType":"sap.m.ObjectStatus","viewName":"etm.portal.ui.managehandovers.view.DetailManageHO","viewId":"application-managehandovers-display-component---detailManageHO","bindingPath":{"propertyPath":"LINK_TO_STATUS/DESCRIPTION","modelName":"catalogModel"}},"wdio_ui5_key":"etmportal.ui.managehandovers.view.DetailManageHOsap.m.ObjectStatus{\"propertyPath\":\"LINK_TO_STATUS/DESCRIPTION\",\"modelName\":\"catalogModel\"}"}]}
RESULT: undefined
COMMAND: POST /session/06820c29678f15015ffe824e569d7d5a/execute/async - {"script":"<script> [6424 bytes]","args":[{"element-6066-11e4-a52e-4f735466cecf":"f.696EFCE712E801319DC54DDC19215679.d.F15413B5B2C41DBA045C69C981A7DA33.e.30747"},"getText",[]]}
RESULT: {"script":"<script> [6424 bytes]","args":[{"element-6066-11e4-a52e-4f735466cecf":"f.696EFCE712E801319DC54DDC19215679.d.F15413B5B2C41DBA045C69C981A7DA33.e.30747"},"getText",[]]}
COMMAND: POST /session/06820c29678f15015ffe824e569d7d5a/element - {"using":"xpath","value":"//header[contains(@id ,\"detailManageHO--ObjectPageLayout-headerTitle\")]/div[1]/div[2]/div[1]/div[1]/div[1]/div[2]/div/span"}
RESULT: {"using":"xpath","value":"//header[contains(@id ,\"detailManageHO--ObjectPageLayout-headerTitle\")]/div[1]/div[2]/div[1]/div[1]/div[1]/div[2]/div/span"}
COMMAND: POST /session/06820c29678f15015ffe824e569d7d5a/execute/sync - {"script":"<script> [56 bytes]","args":[{"element-6066-11e4-a52e-4f735466cecf":"f.696EFCE712E801319DC54DDC19215679.d.F15413B5B2C41DBA045C69C981A7DA33.e.30748","ELEMENT":"f.696EFCE712E801319DC54DDC19215679.d.F15413B5B2C41DBA045C69C981A7DA33.e.30748"}]}
RESULT: {"script":"<script> [56 bytes]","args":[{"element-6066-11e4-a52e-4f735466cecf":"f.696EFCE712E801319DC54DDC19215679.d.F15413B5B2C41DBA045C69C981A7DA33.e.30748","ELEMENT":"f.696EFCE712E801319DC54DDC19215679.d.F15413B5B2C41DBA045C69C981A7DA33.e.30748"}]}
COMMAND: GET /session/06820c29678f15015ffe824e569d7d5a/screenshot - {}
RESULT: {}
COMMAND: DELETE /session/06820c29678f15015ffe824e569d7d5a - {}
RESULT: {}
]]></system-out>
    </testcase>
  </testsuite>
</testsuites>