<?xml version="1.0" encoding="UTF-8"?>
<testsuites tests="13" failures="1" errors="1" skipped="2">
  <testsuite timestamp="2025-04-26T17:32:10" time="1541.837" tests="13" failures="1" errors="1" skipped="2">
    <properties>
      <property name="specId" value="0" />
      <property name="suiteName" value="Partner specific tests US150819 US151080 US151654 US151176 US103444 US151078 US151079 US151109 US151174 US151175 US151189" />
      <property name="capabilities" value="chrome.135_0_7049_96.windows" />
      <property name="file" value="file:///D:/a/1/s/test/specs/BTS/manage-partners.spec.js" />
    </properties>
    <testcase classname="chrome.135_0_7049_96.windows.Partner_specific_tests_US150819_US151080_US151654_US151176_US103444_US151078_US151079_US151109_US151174_US151175_US151189" name="Should create a new yard prerequisite" time="122.382">
      <system-out><![CDATA[
COMMAND: POST /session/1a7f7d058614b09b54cdbc5dd28664a9/window/fullscreen - {}
RESULT: {}
COMMAND: POST /session/1a7f7d058614b09b54cdbc5dd28664a9/element - {"using":"xpath","value":"//li[.//span[text()=\"Manage Partners\"]]"}
RESULT: {"using":"xpath","value":"//li[.//span[text()=\"Manage Partners\"]]"}
COMMAND: POST /session/1a7f7d058614b09b54cdbc5dd28664a9/element - {"using":"xpath","value":"//li[.//span[text()=\"Manage Partners\"]]"}
RESULT: {"using":"xpath","value":"//li[.//span[text()=\"Manage Partners\"]]"}
COMMAND: POST /session/1a7f7d058614b09b54cdbc5dd28664a9/element - {"using":"css selector","value":"#shell-header-logo"}
RESULT: {"using":"css selector","value":"#shell-header-logo"}
COMMAND: POST /session/1a7f7d058614b09b54cdbc5dd28664a9/element/f.2C654B565EAAE04F20F597F65BFF9971.d.D90AA125A3535488D70C13CBA7FAC2AD.e.258/click - {}
COMMAND: POST /session/1a7f7d058614b09b54cdbc5dd28664a9/execute/sync - {"script":"<script> [8489 bytes]","args":[{"element-6066-11e4-a52e-4f735466cecf":"f.2C654B565EAAE04F20F597F65BFF9971.d.D90AA125A3535488D70C13CBA7FAC2AD.e.258","ELEMENT":"f.2C654B565EAAE04F20F597F65BFF9971.d.D90AA125A3535488D70C13CBA7FAC2AD.e.258"}]}
RESULT: {}
COMMAND: GET /session/1a7f7d058614b09b54cdbc5dd28664a9/screenshot - {}
RESULT: {"script":"<script> [8489 bytes]","args":[{"element-6066-11e4-a52e-4f735466cecf":"f.2C654B565EAAE04F20F597F65BFF9971.d.D90AA125A3535488D70C13CBA7FAC2AD.e.258","ELEMENT":"f.2C654B565EAAE04F20F597F65BFF9971.d.D90AA125A3535488D70C13CBA7FAC2AD.e.258"}]}
COMMAND: POST /session/1a7f7d058614b09b54cdbc5dd28664a9/execute/sync - {"script":"<script> [5351 bytes]","args":[{"element-6066-11e4-a52e-4f735466cecf":"f.2C654B565EAAE04F20F597F65BFF9971.d.D90AA125A3535488D70C13CBA7FAC2AD.e.258","ELEMENT":"f.2C654B565EAAE04F20F597F65BFF9971.d.D90AA125A3535488D70C13CBA7FAC2AD.e.258"}]}
COMMAND: GET /session/1a7f7d058614b09b54cdbc5dd28664a9/screenshot - {}
RESULT: {}
RESULT: {"script":"<script> [5351 bytes]","args":[{"element-6066-11e4-a52e-4f735466cecf":"f.2C654B565EAAE04F20F597F65BFF9971.d.D90AA125A3535488D70C13CBA7FAC2AD.e.258","ELEMENT":"f.2C654B565EAAE04F20F597F65BFF9971.d.D90AA125A3535488D70C13CBA7FAC2AD.e.258"}]}
COMMAND: GET /session/1a7f7d058614b09b54cdbc5dd28664a9/screenshot - {}
RESULT: {}
RESULT: {}
COMMAND: POST /session/1a7f7d058614b09b54cdbc5dd28664a9/execute/async - {"script":"<script> [1562 bytes]","args":[{"selector":{"controlType":"sap.m.GenericTile","properties":{"header":"Manage Yards"}},"wdio_ui5_key":"sapm.GenericTile{\"header\":\"Manage Yards\"}"}]}
RESULT: {"script":"<script> [1562 bytes]","args":[{"selector":{"controlType":"sap.m.GenericTile","properties":{"header":"Manage Yards"}},"wdio_ui5_key":"sapm.GenericTile{\"header\":\"Manage Yards\"}"}]}
RESULT: undefined
COMMAND: POST /session/1a7f7d058614b09b54cdbc5dd28664a9/element - {"using":"xpath","value":"//*[@id=\"__tile41\"]"}
RESULT: {"using":"xpath","value":"//*[@id=\"__tile41\"]"}
COMMAND: POST /session/1a7f7d058614b09b54cdbc5dd28664a9/element/f.2C654B565EAAE04F20F597F65BFF9971.d.D90AA125A3535488D70C13CBA7FAC2AD.e.155/click - {}
RESULT: {}
COMMAND: POST /session/1a7f7d058614b09b54cdbc5dd28664a9/element - {"using":"xpath","value":"//button[@data-kt=\"addNewYardOverflowToolbarButton\"]"}
COMMAND: GET /session/1a7f7d058614b09b54cdbc5dd28664a9/screenshot - {}
RESULT: {"using":"xpath","value":"//button[@data-kt=\"addNewYardOverflowToolbarButton\"]"}
COMMAND: POST /session/1a7f7d058614b09b54cdbc5dd28664a9/elements - {"using":"xpath","value":"//button[@data-kt=\"addNewYardOverflowToolbarButton\"]"}
RESULT: {}
RESULT: {"using":"xpath","value":"//button[@data-kt=\"addNewYardOverflowToolbarButton\"]"}
COMMAND: POST /session/1a7f7d058614b09b54cdbc5dd28664a9/elements - {"using":"xpath","value":"//button[@data-kt=\"addNewYardOverflowToolbarButton\"]"}
RESULT: {"using":"xpath","value":"//button[@data-kt=\"addNewYardOverflowToolbarButton\"]"}
COMMAND: POST /session/1a7f7d058614b09b54cdbc5dd28664a9/elements - {"using":"xpath","value":"//button[@data-kt=\"addNewYardOverflowToolbarButton\"]"}
RESULT: {"using":"xpath","value":"//button[@data-kt=\"addNewYardOverflowToolbarButton\"]"}
COMMAND: POST /session/1a7f7d058614b09b54cdbc5dd28664a9/elements - {"using":"xpath","value":"//button[@data-kt=\"addNewYardOverflowToolbarButton\"]"}
RESULT: {"using":"xpath","value":"//button[@data-kt=\"addNewYardOverflowToolbarButton\"]"}
COMMAND: POST /session/1a7f7d058614b09b54cdbc5dd28664a9/elements - {"using":"xpath","value":"//button[@data-kt=\"addNewYardOverflowToolbarButton\"]"}
RESULT: {"using":"xpath","value":"//button[@data-kt=\"addNewYardOverflowToolbarButton\"]"}
COMMAND: POST /session/1a7f7d058614b09b54cdbc5dd28664a9/elements - {"using":"xpath","value":"//button[@data-kt=\"addNewYardOverflowToolbarButton\"]"}
RESULT: {"using":"xpath","value":"//button[@data-kt=\"addNewYardOverflowToolbarButton\"]"}
COMMAND: POST /session/1a7f7d058614b09b54cdbc5dd28664a9/elements - {"using":"xpath","value":"//button[@data-kt=\"addNewYardOverflowToolbarButton\"]"}
RESULT: {"using":"xpath","value":"//button[@data-kt=\"addNewYardOverflowToolbarButton\"]"}
COMMAND: POST /session/1a7f7d058614b09b54cdbc5dd28664a9/elements - {"using":"xpath","value":"//button[@data-kt=\"addNewYardOverflowToolbarButton\"]"}
RESULT: {"using":"xpath","value":"//button[@data-kt=\"addNewYardOverflowToolbarButton\"]"}
COMMAND: POST /session/1a7f7d058614b09b54cdbc5dd28664a9/elements - {"using":"xpath","value":"//button[@data-kt=\"addNewYardOverflowToolbarButton\"]"}
RESULT: {"using":"xpath","value":"//button[@data-kt=\"addNewYardOverflowToolbarButton\"]"}
COMMAND: POST /session/1a7f7d058614b09b54cdbc5dd28664a9/elements - {"using":"xpath","value":"//button[@data-kt=\"addNewYardOverflowToolbarButton\"]"}
RESULT: {"using":"xpath","value":"//button[@data-kt=\"addNewYardOverflowToolbarButton\"]"}
COMMAND: POST /session/1a7f7d058614b09b54cdbc5dd28664a9/elements - {"using":"xpath","value":"//button[@data-kt=\"addNewYardOverflowToolbarButton\"]"}
RESULT: {"using":"xpath","value":"//button[@data-kt=\"addNewYardOverflowToolbarButton\"]"}
COMMAND: POST /session/1a7f7d058614b09b54cdbc5dd28664a9/elements - {"using":"xpath","value":"//button[@data-kt=\"addNewYardOverflowToolbarButton\"]"}
RESULT: {"using":"xpath","value":"//button[@data-kt=\"addNewYardOverflowToolbarButton\"]"}
COMMAND: POST /session/1a7f7d058614b09b54cdbc5dd28664a9/elements - {"using":"xpath","value":"//button[@data-kt=\"addNewYardOverflowToolbarButton\"]"}
RESULT: {"using":"xpath","value":"//button[@data-kt=\"addNewYardOverflowToolbarButton\"]"}
COMMAND: POST /session/1a7f7d058614b09b54cdbc5dd28664a9/elements - {"using":"xpath","value":"//button[@data-kt=\"addNewYardOverflowToolbarButton\"]"}
RESULT: {"using":"xpath","value":"//button[@data-kt=\"addNewYardOverflowToolbarButton\"]"}
COMMAND: POST /session/1a7f7d058614b09b54cdbc5dd28664a9/elements - {"using":"xpath","value":"//button[@data-kt=\"addNewYardOverflowToolbarButton\"]"}
RESULT: {"using":"xpath","value":"//button[@data-kt=\"addNewYardOverflowToolbarButton\"]"}
COMMAND: POST /session/1a7f7d058614b09b54cdbc5dd28664a9/elements - {"using":"xpath","value":"//button[@data-kt=\"addNewYardOverflowToolbarButton\"]"}
RESULT: {"using":"xpath","value":"//button[@data-kt=\"addNewYardOverflowToolbarButton\"]"}
COMMAND: POST /session/1a7f7d058614b09b54cdbc5dd28664a9/elements - {"using":"xpath","value":"//button[@data-kt=\"addNewYardOverflowToolbarButton\"]"}
RESULT: {"using":"xpath","value":"//button[@data-kt=\"addNewYardOverflowToolbarButton\"]"}
COMMAND: POST /session/1a7f7d058614b09b54cdbc5dd28664a9/elements - {"using":"xpath","value":"//button[@data-kt=\"addNewYardOverflowToolbarButton\"]"}
RESULT: {"using":"xpath","value":"//button[@data-kt=\"addNewYardOverflowToolbarButton\"]"}
COMMAND: POST /session/1a7f7d058614b09b54cdbc5dd28664a9/elements - {"using":"xpath","value":"//button[@data-kt=\"addNewYardOverflowToolbarButton\"]"}
RESULT: {"using":"xpath","value":"//button[@data-kt=\"addNewYardOverflowToolbarButton\"]"}
COMMAND: POST /session/1a7f7d058614b09b54cdbc5dd28664a9/elements - {"using":"xpath","value":"//button[@data-kt=\"addNewYardOverflowToolbarButton\"]"}
RESULT: {"using":"xpath","value":"//button[@data-kt=\"addNewYardOverflowToolbarButton\"]"}
COMMAND: POST /session/1a7f7d058614b09b54cdbc5dd28664a9/elements - {"using":"xpath","value":"//button[@data-kt=\"addNewYardOverflowToolbarButton\"]"}
RESULT: {"using":"xpath","value":"//button[@data-kt=\"addNewYardOverflowToolbarButton\"]"}
COMMAND: POST /session/1a7f7d058614b09b54cdbc5dd28664a9/elements - {"using":"xpath","value":"//button[@data-kt=\"addNewYardOverflowToolbarButton\"]"}
RESULT: {"using":"xpath","value":"//button[@data-kt=\"addNewYardOverflowToolbarButton\"]"}
COMMAND: POST /session/1a7f7d058614b09b54cdbc5dd28664a9/elements - {"using":"xpath","value":"//button[@data-kt=\"addNewYardOverflowToolbarButton\"]"}
RESULT: {"using":"xpath","value":"//button[@data-kt=\"addNewYardOverflowToolbarButton\"]"}
COMMAND: POST /session/1a7f7d058614b09b54cdbc5dd28664a9/elements - {"using":"xpath","value":"//button[@data-kt=\"addNewYardOverflowToolbarButton\"]"}
RESULT: {"using":"xpath","value":"//button[@data-kt=\"addNewYardOverflowToolbarButton\"]"}
COMMAND: POST /session/1a7f7d058614b09b54cdbc5dd28664a9/elements - {"using":"xpath","value":"//button[@data-kt=\"addNewYardOverflowToolbarButton\"]"}
RESULT: {"using":"xpath","value":"//button[@data-kt=\"addNewYardOverflowToolbarButton\"]"}
COMMAND: POST /session/1a7f7d058614b09b54cdbc5dd28664a9/elements - {"using":"xpath","value":"//button[@data-kt=\"addNewYardOverflowToolbarButton\"]"}
RESULT: {"using":"xpath","value":"//button[@data-kt=\"addNewYardOverflowToolbarButton\"]"}
COMMAND: POST /session/1a7f7d058614b09b54cdbc5dd28664a9/elements - {"using":"xpath","value":"//button[@data-kt=\"addNewYardOverflowToolbarButton\"]"}
RESULT: {"using":"xpath","value":"//button[@data-kt=\"addNewYardOverflowToolbarButton\"]"}
COMMAND: POST /session/1a7f7d058614b09b54cdbc5dd28664a9/elements - {"using":"xpath","value":"//button[@data-kt=\"addNewYardOverflowToolbarButton\"]"}
RESULT: {"using":"xpath","value":"//button[@data-kt=\"addNewYardOverflowToolbarButton\"]"}
COMMAND: POST /session/1a7f7d058614b09b54cdbc5dd28664a9/elements - {"using":"xpath","value":"//button[@data-kt=\"addNewYardOverflowToolbarButton\"]"}
RESULT: {"using":"xpath","value":"//button[@data-kt=\"addNewYardOverflowToolbarButton\"]"}
COMMAND: POST /session/1a7f7d058614b09b54cdbc5dd28664a9/elements - {"using":"xpath","value":"//button[@data-kt=\"addNewYardOverflowToolbarButton\"]"}
RESULT: {"using":"xpath","value":"//button[@data-kt=\"addNewYardOverflowToolbarButton\"]"}
COMMAND: POST /session/1a7f7d058614b09b54cdbc5dd28664a9/elements - {"using":"xpath","value":"//button[@data-kt=\"addNewYardOverflowToolbarButton\"]"}
RESULT: {"using":"xpath","value":"//button[@data-kt=\"addNewYardOverflowToolbarButton\"]"}
COMMAND: POST /session/1a7f7d058614b09b54cdbc5dd28664a9/elements - {"using":"xpath","value":"//button[@data-kt=\"addNewYardOverflowToolbarButton\"]"}
RESULT: {"using":"xpath","value":"//button[@data-kt=\"addNewYardOverflowToolbarButton\"]"}
COMMAND: POST /session/1a7f7d058614b09b54cdbc5dd28664a9/elements - {"using":"xpath","value":"//button[@data-kt=\"addNewYardOverflowToolbarButton\"]"}
RESULT: {"using":"xpath","value":"//button[@data-kt=\"addNewYardOverflowToolbarButton\"]"}
COMMAND: POST /session/1a7f7d058614b09b54cdbc5dd28664a9/elements - {"using":"xpath","value":"//button[@data-kt=\"addNewYardOverflowToolbarButton\"]"}
RESULT: {"using":"xpath","value":"//button[@data-kt=\"addNewYardOverflowToolbarButton\"]"}
COMMAND: POST /session/1a7f7d058614b09b54cdbc5dd28664a9/elements - {"using":"xpath","value":"//button[@data-kt=\"addNewYardOverflowToolbarButton\"]"}
RESULT: {"using":"xpath","value":"//button[@data-kt=\"addNewYardOverflowToolbarButton\"]"}
COMMAND: POST /session/1a7f7d058614b09b54cdbc5dd28664a9/elements - {"using":"xpath","value":"//button[@data-kt=\"addNewYardOverflowToolbarButton\"]"}
RESULT: {"using":"xpath","value":"//button[@data-kt=\"addNewYardOverflowToolbarButton\"]"}
COMMAND: POST /session/1a7f7d058614b09b54cdbc5dd28664a9/elements - {"using":"xpath","value":"//button[@data-kt=\"addNewYardOverflowToolbarButton\"]"}
RESULT: {"using":"xpath","value":"//button[@data-kt=\"addNewYardOverflowToolbarButton\"]"}
COMMAND: POST /session/1a7f7d058614b09b54cdbc5dd28664a9/elements - {"using":"xpath","value":"//button[@data-kt=\"addNewYardOverflowToolbarButton\"]"}
RESULT: {"using":"xpath","value":"//button[@data-kt=\"addNewYardOverflowToolbarButton\"]"}
COMMAND: POST /session/1a7f7d058614b09b54cdbc5dd28664a9/elements - {"using":"xpath","value":"//button[@data-kt=\"addNewYardOverflowToolbarButton\"]"}
RESULT: {"using":"xpath","value":"//button[@data-kt=\"addNewYardOverflowToolbarButton\"]"}
COMMAND: POST /session/1a7f7d058614b09b54cdbc5dd28664a9/elements - {"using":"xpath","value":"//button[@data-kt=\"addNewYardOverflowToolbarButton\"]"}
RESULT: {"using":"xpath","value":"//button[@data-kt=\"addNewYardOverflowToolbarButton\"]"}
COMMAND: POST /session/1a7f7d058614b09b54cdbc5dd28664a9/element - {"using":"xpath","value":"//button[@data-kt=\"addNewYardOverflowToolbarButton\"]"}
RESULT: {"using":"xpath","value":"//button[@data-kt=\"addNewYardOverflowToolbarButton\"]"}
COMMAND: POST /session/1a7f7d058614b09b54cdbc5dd28664a9/execute/sync - {"script":"<script> [8489 bytes]","args":[{"element-6066-11e4-a52e-4f735466cecf":"f.2C654B565EAAE04F20F597F65BFF9971.d.D90AA125A3535488D70C13CBA7FAC2AD.e.301","ELEMENT":"f.2C654B565EAAE04F20F597F65BFF9971.d.D90AA125A3535488D70C13CBA7FAC2AD.e.301"}]}
RESULT: {"script":"<script> [8489 bytes]","args":[{"element-6066-11e4-a52e-4f735466cecf":"f.2C654B565EAAE04F20F597F65BFF9971.d.D90AA125A3535488D70C13CBA7FAC2AD.e.301","ELEMENT":"f.2C654B565EAAE04F20F597F65BFF9971.d.D90AA125A3535488D70C13CBA7FAC2AD.e.301"}]}
COMMAND: GET /session/1a7f7d058614b09b54cdbc5dd28664a9/element/f.2C654B565EAAE04F20F597F65BFF9971.d.D90AA125A3535488D70C13CBA7FAC2AD.e.301/enabled - {}
COMMAND: GET /session/1a7f7d058614b09b54cdbc5dd28664a9/screenshot - {}
RESULT: {}
COMMAND: POST /session/1a7f7d058614b09b54cdbc5dd28664a9/execute/sync - {"script":"<script> [8489 bytes]","args":[{"element-6066-11e4-a52e-4f735466cecf":"f.2C654B565EAAE04F20F597F65BFF9971.d.D90AA125A3535488D70C13CBA7FAC2AD.e.301","ELEMENT":"f.2C654B565EAAE04F20F597F65BFF9971.d.D90AA125A3535488D70C13CBA7FAC2AD.e.301"}]}
COMMAND: GET /session/1a7f7d058614b09b54cdbc5dd28664a9/screenshot - {}
RESULT: {}
RESULT: {"script":"<script> [8489 bytes]","args":[{"element-6066-11e4-a52e-4f735466cecf":"f.2C654B565EAAE04F20F597F65BFF9971.d.D90AA125A3535488D70C13CBA7FAC2AD.e.301","ELEMENT":"f.2C654B565EAAE04F20F597F65BFF9971.d.D90AA125A3535488D70C13CBA7FAC2AD.e.301"}]}
COMMAND: POST /session/1a7f7d058614b09b54cdbc5dd28664a9/execute/sync - {"script":"<script> [5351 bytes]","args":[{"element-6066-11e4-a52e-4f735466cecf":"f.2C654B565EAAE04F20F597F65BFF9971.d.D90AA125A3535488D70C13CBA7FAC2AD.e.301","ELEMENT":"f.2C654B565EAAE04F20F597F65BFF9971.d.D90AA125A3535488D70C13CBA7FAC2AD.e.301"}]}
COMMAND: GET /session/1a7f7d058614b09b54cdbc5dd28664a9/screenshot - {}
RESULT: {}
RESULT: {"script":"<script> [5351 bytes]","args":[{"element-6066-11e4-a52e-4f735466cecf":"f.2C654B565EAAE04F20F597F65BFF9971.d.D90AA125A3535488D70C13CBA7FAC2AD.e.301","ELEMENT":"f.2C654B565EAAE04F20F597F65BFF9971.d.D90AA125A3535488D70C13CBA7FAC2AD.e.301"}]}
COMMAND: POST /session/1a7f7d058614b09b54cdbc5dd28664a9/element/f.2C654B565EAAE04F20F597F65BFF9971.d.D90AA125A3535488D70C13CBA7FAC2AD.e.301/click - {}
COMMAND: GET /session/1a7f7d058614b09b54cdbc5dd28664a9/screenshot - {}
RESULT: {}
RESULT: {}
COMMAND: GET /session/1a7f7d058614b09b54cdbc5dd28664a9/screenshot - {}
COMMAND: POST /session/1a7f7d058614b09b54cdbc5dd28664a9/element - {"using":"xpath","value":"//input[@id=\"application-manageyards-display-component---NewYard--yardId-inner\"]"}
RESULT: {}
RESULT: {}
RESULT: {"using":"xpath","value":"//input[@id=\"application-manageyards-display-component---NewYard--yardId-inner\"]"}
COMMAND: POST /session/1a7f7d058614b09b54cdbc5dd28664a9/element - {"using":"xpath","value":"//input[@id=\"application-manageyards-display-component---NewYard--yardId-inner\"]"}
RESULT: {"using":"xpath","value":"//input[@id=\"application-manageyards-display-component---NewYard--yardId-inner\"]"}
COMMAND: POST /session/1a7f7d058614b09b54cdbc5dd28664a9/execute/async - {"script":"<script> [1562 bytes]","args":[{"selector":{"id":"application-manageyards-display-component---NewYard--addressDetailDetailsName1","interaction":{"idSuffix":"inner"}},"wdio_ui5_key":"applicationmanageyards-display-component---NewYard--addressDetailDetailsName1"}]}
RESULT: {"script":"<script> [1562 bytes]","args":[{"selector":{"id":"application-manageyards-display-component---NewYard--addressDetailDetailsName1","interaction":{"idSuffix":"inner"}},"wdio_ui5_key":"applicationmanageyards-display-component---NewYard--addressDetailDetailsName1"}]}
RESULT: undefined
COMMAND: POST /session/1a7f7d058614b09b54cdbc5dd28664a9/execute/async - {"script":"<script> [776 bytes]","args":[{"enterText":"Intracompany Yard wdIO","selector":{"id":"application-manageyards-display-component---NewYard--addressDetailDetailsName1","interaction":{"idSuffix":"inner"}},"clearTextFirst":true,"interactionType":"ENTER_TEXT"}]}
RESULT: {"script":"<script> [776 bytes]","args":[{"enterText":"Intracompany Yard wdIO","selector":{"id":"application-manageyards-display-component---NewYard--addressDetailDetailsName1","interaction":{"idSuffix":"inner"}},"clearTextFirst":true,"interactionType":"ENTER_TEXT"}]}
COMMAND: POST /session/1a7f7d058614b09b54cdbc5dd28664a9/execute/async - {"script":"<script> [1562 bytes]","args":[{"selector":{"id":"application-manageyards-display-component---NewYard--addressDetailDetailsLanguage-arrow"},"wdio_ui5_key":"applicationmanageyards-display-component---NewYard--addressDetailDetailsLanguage-arrow"}]}
RESULT: {"script":"<script> [1562 bytes]","args":[{"selector":{"id":"application-manageyards-display-component---NewYard--addressDetailDetailsLanguage-arrow"},"wdio_ui5_key":"applicationmanageyards-display-component---NewYard--addressDetailDetailsLanguage-arrow"}]}
RESULT: undefined
COMMAND: POST /session/1a7f7d058614b09b54cdbc5dd28664a9/element - {"using":"xpath","value":"//*[@id=\"application-manageyards-display-component---NewYard--addressDetailDetailsLanguage-arrow\"]"}
RESULT: {"using":"xpath","value":"//*[@id=\"application-manageyards-display-component---NewYard--addressDetailDetailsLanguage-arrow\"]"}
COMMAND: POST /session/1a7f7d058614b09b54cdbc5dd28664a9/element/f.2C654B565EAAE04F20F597F65BFF9971.d.D90AA125A3535488D70C13CBA7FAC2AD.e.721/click - {}
RESULT: {}
COMMAND: POST /session/1a7f7d058614b09b54cdbc5dd28664a9/element - {"using":"xpath","value":"//span[contains(text(), \"English\")]"}
COMMAND: GET /session/1a7f7d058614b09b54cdbc5dd28664a9/screenshot - {}
RESULT: {"using":"xpath","value":"//span[contains(text(), \"English\")]"}
COMMAND: POST /session/1a7f7d058614b09b54cdbc5dd28664a9/element/f.2C654B565EAAE04F20F597F65BFF9971.d.D90AA125A3535488D70C13CBA7FAC2AD.e.722/click - {}
RESULT: {}
RESULT: {}
COMMAND: POST /session/1a7f7d058614b09b54cdbc5dd28664a9/execute/async - {"script":"<script> [1562 bytes]","args":[{"selector":{"id":"application-manageyards-display-component---NewYard--addressDetailDetailsCity1","interaction":{"idSuffix":"inner"}},"wdio_ui5_key":"applicationmanageyards-display-component---NewYard--addressDetailDetailsCity1"}]}
COMMAND: GET /session/1a7f7d058614b09b54cdbc5dd28664a9/screenshot - {}
RESULT: {"script":"<script> [1562 bytes]","args":[{"selector":{"id":"application-manageyards-display-component---NewYard--addressDetailDetailsCity1","interaction":{"idSuffix":"inner"}},"wdio_ui5_key":"applicationmanageyards-display-component---NewYard--addressDetailDetailsCity1"}]}
RESULT: undefined
COMMAND: POST /session/1a7f7d058614b09b54cdbc5dd28664a9/execute/async - {"script":"<script> [776 bytes]","args":[{"enterText":"Rosario","selector":{"id":"application-manageyards-display-component---NewYard--addressDetailDetailsCity1","interaction":{"idSuffix":"inner"}},"clearTextFirst":true,"interactionType":"ENTER_TEXT"}]}
RESULT: {}
RESULT: {"script":"<script> [776 bytes]","args":[{"enterText":"Rosario","selector":{"id":"application-manageyards-display-component---NewYard--addressDetailDetailsCity1","interaction":{"idSuffix":"inner"}},"clearTextFirst":true,"interactionType":"ENTER_TEXT"}]}
COMMAND: POST /session/1a7f7d058614b09b54cdbc5dd28664a9/execute/async - {"script":"<script> [1562 bytes]","args":[{"selector":{"id":"application-manageyards-display-component---NewYard--addressDetailDetailsCountry-arrow"},"wdio_ui5_key":"applicationmanageyards-display-component---NewYard--addressDetailDetailsCountry-arrow"}]}
RESULT: {"script":"<script> [1562 bytes]","args":[{"selector":{"id":"application-manageyards-display-component---NewYard--addressDetailDetailsCountry-arrow"},"wdio_ui5_key":"applicationmanageyards-display-component---NewYard--addressDetailDetailsCountry-arrow"}]}
RESULT: undefined
COMMAND: POST /session/1a7f7d058614b09b54cdbc5dd28664a9/element - {"using":"xpath","value":"//*[@id=\"application-manageyards-display-component---NewYard--addressDetailDetailsCountry-arrow\"]"}
RESULT: {"using":"xpath","value":"//*[@id=\"application-manageyards-display-component---NewYard--addressDetailDetailsCountry-arrow\"]"}
COMMAND: POST /session/1a7f7d058614b09b54cdbc5dd28664a9/element/f.2C654B565EAAE04F20F597F65BFF9971.d.D90AA125A3535488D70C13CBA7FAC2AD.e.724/click - {}
RESULT: {}
COMMAND: POST /session/1a7f7d058614b09b54cdbc5dd28664a9/element - {"using":"xpath","value":"//span[contains(text(), \"Argentina\")]"}
COMMAND: GET /session/1a7f7d058614b09b54cdbc5dd28664a9/screenshot - {}
RESULT: {"using":"xpath","value":"//span[contains(text(), \"Argentina\")]"}
COMMAND: POST /session/1a7f7d058614b09b54cdbc5dd28664a9/element/f.2C654B565EAAE04F20F597F65BFF9971.d.D90AA125A3535488D70C13CBA7FAC2AD.e.726/click - {}
RESULT: {}
RESULT: {}
COMMAND: POST /session/1a7f7d058614b09b54cdbc5dd28664a9/execute/async - {"script":"<script> [1562 bytes]","args":[{"selector":{"id":"application-manageyards-display-component---NewYard--addressEditDetailsCostObjectCstType-arrow"},"wdio_ui5_key":"applicationmanageyards-display-component---NewYard--addressEditDetailsCostObjectCstType-arrow"}]}
COMMAND: GET /session/1a7f7d058614b09b54cdbc5dd28664a9/screenshot - {}
RESULT: {"script":"<script> [1562 bytes]","args":[{"selector":{"id":"application-manageyards-display-component---NewYard--addressEditDetailsCostObjectCstType-arrow"},"wdio_ui5_key":"applicationmanageyards-display-component---NewYard--addressEditDetailsCostObjectCstType-arrow"}]}
RESULT: undefined
COMMAND: POST /session/1a7f7d058614b09b54cdbc5dd28664a9/element - {"using":"xpath","value":"//*[@id=\"application-manageyards-display-component---NewYard--addressEditDetailsCostObjectCstType-arrow\"]"}
RESULT: {}
RESULT: {"using":"xpath","value":"//*[@id=\"application-manageyards-display-component---NewYard--addressEditDetailsCostObjectCstType-arrow\"]"}
COMMAND: POST /session/1a7f7d058614b09b54cdbc5dd28664a9/element/f.2C654B565EAAE04F20F597F65BFF9971.d.D90AA125A3535488D70C13CBA7FAC2AD.e.727/click - {}
RESULT: {}
COMMAND: POST /session/1a7f7d058614b09b54cdbc5dd28664a9/element - {"using":"xpath","value":"//span[contains(text(), \"Cost Center\")]"}
COMMAND: GET /session/1a7f7d058614b09b54cdbc5dd28664a9/screenshot - {}
RESULT: {"using":"xpath","value":"//span[contains(text(), \"Cost Center\")]"}
COMMAND: POST /session/1a7f7d058614b09b54cdbc5dd28664a9/element/f.2C654B565EAAE04F20F597F65BFF9971.d.D90AA125A3535488D70C13CBA7FAC2AD.e.728/click - {}
RESULT: {}
RESULT: {}
COMMAND: GET /session/1a7f7d058614b09b54cdbc5dd28664a9/screenshot - {}
RESULT: {}
COMMAND: POST /session/1a7f7d058614b09b54cdbc5dd28664a9/element - {"using":"xpath","value":"//span[@id=\"application-manageyards-display-component---NewYard--addressNewCostObjectCstID-vhi\"]"}
RESULT: {"using":"xpath","value":"//span[@id=\"application-manageyards-display-component---NewYard--addressNewCostObjectCstID-vhi\"]"}
COMMAND: POST /session/1a7f7d058614b09b54cdbc5dd28664a9/execute/sync - {"script":"<script> [8489 bytes]","args":[{"element-6066-11e4-a52e-4f735466cecf":"f.2C654B565EAAE04F20F597F65BFF9971.d.D90AA125A3535488D70C13CBA7FAC2AD.e.732","ELEMENT":"f.2C654B565EAAE04F20F597F65BFF9971.d.D90AA125A3535488D70C13CBA7FAC2AD.e.732"}]}
RESULT: {"script":"<script> [8489 bytes]","args":[{"element-6066-11e4-a52e-4f735466cecf":"f.2C654B565EAAE04F20F597F65BFF9971.d.D90AA125A3535488D70C13CBA7FAC2AD.e.732","ELEMENT":"f.2C654B565EAAE04F20F597F65BFF9971.d.D90AA125A3535488D70C13CBA7FAC2AD.e.732"}]}
COMMAND: POST /session/1a7f7d058614b09b54cdbc5dd28664a9/execute/async - {"script":"<script> [1562 bytes]","args":[{"selector":{"id":"application-manageyards-display-component---NewYard--addressNewCostObjectCstID-vhi"},"wdio_ui5_key":"applicationmanageyards-display-component---NewYard--addressNewCostObjectCstID-vhi"}]}
COMMAND: GET /session/1a7f7d058614b09b54cdbc5dd28664a9/screenshot - {}
RESULT: {"script":"<script> [1562 bytes]","args":[{"selector":{"id":"application-manageyards-display-component---NewYard--addressNewCostObjectCstID-vhi"},"wdio_ui5_key":"applicationmanageyards-display-component---NewYard--addressNewCostObjectCstID-vhi"}]}
RESULT: undefined
COMMAND: POST /session/1a7f7d058614b09b54cdbc5dd28664a9/element - {"using":"xpath","value":"//*[@id=\"application-manageyards-display-component---NewYard--addressNewCostObjectCstID-vhi\"]"}
RESULT: {}
RESULT: {"using":"xpath","value":"//*[@id=\"application-manageyards-display-component---NewYard--addressNewCostObjectCstID-vhi\"]"}
COMMAND: POST /session/1a7f7d058614b09b54cdbc5dd28664a9/element/f.2C654B565EAAE04F20F597F65BFF9971.d.D90AA125A3535488D70C13CBA7FAC2AD.e.732/click - {}
RESULT: {}
COMMAND: GET /session/1a7f7d058614b09b54cdbc5dd28664a9/screenshot - {}
RESULT: {}
COMMAND: POST /session/1a7f7d058614b09b54cdbc5dd28664a9/execute/async - {"script":"<script> [1562 bytes]","args":[{"selector":{"controlType":"sap.m.SearchField","properties":{"placeholder":"Search"},"searchOpenDialogs":true,"interaction":{"idSuffix":"I"}},"wdio_ui5_key":"sapm.SearchField{\"placeholder\":\"Search\"}"}]}
RESULT: {"script":"<script> [1562 bytes]","args":[{"selector":{"controlType":"sap.m.SearchField","properties":{"placeholder":"Search"},"searchOpenDialogs":true,"interaction":{"idSuffix":"I"}},"wdio_ui5_key":"sapm.SearchField{\"placeholder\":\"Search\"}"}]}
RESULT: undefined
COMMAND: POST /session/1a7f7d058614b09b54cdbc5dd28664a9/execute/async - {"script":"<script> [776 bytes]","args":[{"enterText":"10001013","selector":{"controlType":"sap.m.SearchField","properties":{"placeholder":"Search"},"searchOpenDialogs":true,"interaction":{"idSuffix":"I"}},"clearTextFirst":true,"interactionType":"ENTER_TEXT"}]}
RESULT: {"script":"<script> [776 bytes]","args":[{"enterText":"10001013","selector":{"controlType":"sap.m.SearchField","properties":{"placeholder":"Search"},"searchOpenDialogs":true,"interaction":{"idSuffix":"I"}},"clearTextFirst":true,"interactionType":"ENTER_TEXT"}]}
COMMAND: POST /session/1a7f7d058614b09b54cdbc5dd28664a9/actions - {"actions":[{"id":"action1","type":"key","parameters":{},"actions":[{"type":"keyDown","value":"î€‡"},{"type":"pause","duration":10},{"type":"keyUp","value":"î€‡"}]}]}
RESULT: {"actions":[{"id":"action1","type":"key","parameters":{},"actions":[{"type":"keyDown","value":"î€‡"},{"type":"pause","duration":10},{"type":"keyUp","value":"î€‡"}]}]}
COMMAND: GET /session/1a7f7d058614b09b54cdbc5dd28664a9/screenshot - {}
RESULT: {}
COMMAND: POST /session/1a7f7d058614b09b54cdbc5dd28664a9/element - {"using":"xpath","value":"//span[contains(text(), \"General Management\")]"}
RESULT: {"using":"xpath","value":"//span[contains(text(), \"General Management\")]"}
COMMAND: POST /session/1a7f7d058614b09b54cdbc5dd28664a9/element/f.2C654B565EAAE04F20F597F65BFF9971.d.D90AA125A3535488D70C13CBA7FAC2AD.e.774/click - {}
RESULT: {}
COMMAND: GET /session/1a7f7d058614b09b54cdbc5dd28664a9/screenshot - {}
RESULT: {}
COMMAND: POST /session/1a7f7d058614b09b54cdbc5dd28664a9/element - {"using":"xpath","value":"//bdi[contains(text(), \"OK\")]"}
RESULT: {"using":"xpath","value":"//bdi[contains(text(), \"OK\")]"}
COMMAND: POST /session/1a7f7d058614b09b54cdbc5dd28664a9/element/f.2C654B565EAAE04F20F597F65BFF9971.d.D90AA125A3535488D70C13CBA7FAC2AD.e.775/click - {}
RESULT: {}
COMMAND: GET /session/1a7f7d058614b09b54cdbc5dd28664a9/screenshot - {}
RESULT: {}
COMMAND: POST /session/1a7f7d058614b09b54cdbc5dd28664a9/execute/async - {"script":"<script> [1562 bytes]","args":[{"selector":{"id":"application-manageyards-display-component---NewYard--addressEditDetailsCurrency-arrow"},"wdio_ui5_key":"applicationmanageyards-display-component---NewYard--addressEditDetailsCurrency-arrow"}]}
RESULT: {"script":"<script> [1562 bytes]","args":[{"selector":{"id":"application-manageyards-display-component---NewYard--addressEditDetailsCurrency-arrow"},"wdio_ui5_key":"applicationmanageyards-display-component---NewYard--addressEditDetailsCurrency-arrow"}]}
RESULT: undefined
COMMAND: POST /session/1a7f7d058614b09b54cdbc5dd28664a9/element - {"using":"xpath","value":"//*[@id=\"application-manageyards-display-component---NewYard--addressEditDetailsCurrency-arrow\"]"}
RESULT: {"using":"xpath","value":"//*[@id=\"application-manageyards-display-component---NewYard--addressEditDetailsCurrency-arrow\"]"}
COMMAND: POST /session/1a7f7d058614b09b54cdbc5dd28664a9/element/f.2C654B565EAAE04F20F597F65BFF9971.d.D90AA125A3535488D70C13CBA7FAC2AD.e.778/click - {}
RESULT: {}
COMMAND: POST /session/1a7f7d058614b09b54cdbc5dd28664a9/element - {"using":"xpath","value":"//span[contains(text(), \"Euro\")]"}
COMMAND: GET /session/1a7f7d058614b09b54cdbc5dd28664a9/screenshot - {}
RESULT: {"using":"xpath","value":"//span[contains(text(), \"Euro\")]"}
COMMAND: POST /session/1a7f7d058614b09b54cdbc5dd28664a9/element/f.2C654B565EAAE04F20F597F65BFF9971.d.D90AA125A3535488D70C13CBA7FAC2AD.e.779/click - {}
RESULT: {}
RESULT: {}
COMMAND: POST /session/1a7f7d058614b09b54cdbc5dd28664a9/execute/async - {"script":"<script> [1562 bytes]","args":[{"selector":{"controlType":"sap.m.Input","viewName":"etm.portal.ui.manageyards.view.New","viewId":"application-manageyards-display-component---NewYard","bindingPath":{"path":"","propertyPath":"/CONTROLLING_AREA","modelName":"NewYardModel"},"interaction":{"idSuffix":"inner"}},"wdio_ui5_key":"etmportal.ui.manageyards.view.Newsap.m.Input{\"path\":\"\",\"propertyPath\":\"/CONTROLLING_AREA\",\"modelName\":\"NewYardModel\"}"}]}
COMMAND: GET /session/1a7f7d058614b09b54cdbc5dd28664a9/screenshot - {}
RESULT: {"script":"<script> [1562 bytes]","args":[{"selector":{"controlType":"sap.m.Input","viewName":"etm.portal.ui.manageyards.view.New","viewId":"application-manageyards-display-component---NewYard","bindingPath":{"path":"","propertyPath":"/CONTROLLING_AREA","modelName":"NewYardModel"},"interaction":{"idSuffix":"inner"}},"wdio_ui5_key":"etmportal.ui.manageyards.view.Newsap.m.Input{\"path\":\"\",\"propertyPath\":\"/CONTROLLING_AREA\",\"modelName\":\"NewYardModel\"}"}]}
RESULT: undefined
COMMAND: POST /session/1a7f7d058614b09b54cdbc5dd28664a9/execute/async - {"script":"<script> [776 bytes]","args":[{"enterText":"Z001","selector":{"controlType":"sap.m.Input","viewName":"etm.portal.ui.manageyards.view.New","viewId":"application-manageyards-display-component---NewYard","bindingPath":{"path":"","propertyPath":"/CONTROLLING_AREA","modelName":"NewYardModel"},"interaction":{"idSuffix":"inner"}},"clearTextFirst":true,"interactionType":"ENTER_TEXT"}]}
RESULT: {}
RESULT: {"script":"<script> [776 bytes]","args":[{"enterText":"Z001","selector":{"controlType":"sap.m.Input","viewName":"etm.portal.ui.manageyards.view.New","viewId":"application-manageyards-display-component---NewYard","bindingPath":{"path":"","propertyPath":"/CONTROLLING_AREA","modelName":"NewYardModel"},"interaction":{"idSuffix":"inner"}},"clearTextFirst":true,"interactionType":"ENTER_TEXT"}]}
COMMAND: POST /session/1a7f7d058614b09b54cdbc5dd28664a9/execute/async - {"script":"<script> [1562 bytes]","args":[{"selector":{"id":"application-manageyards-display-component---NewYard--companyCodeComboBox","interaction":{"idSuffix":"inner"}},"wdio_ui5_key":"applicationmanageyards-display-component---NewYard--companyCodeComboBox"}]}
RESULT: {"script":"<script> [1562 bytes]","args":[{"selector":{"id":"application-manageyards-display-component---NewYard--companyCodeComboBox","interaction":{"idSuffix":"inner"}},"wdio_ui5_key":"applicationmanageyards-display-component---NewYard--companyCodeComboBox"}]}
RESULT: undefined
COMMAND: POST /session/1a7f7d058614b09b54cdbc5dd28664a9/execute/async - {"script":"<script> [776 bytes]","args":[{"enterText":"1000","selector":{"id":"application-manageyards-display-component---NewYard--companyCodeComboBox","interaction":{"idSuffix":"inner"}},"clearTextFirst":true,"interactionType":"ENTER_TEXT"}]}
RESULT: {"script":"<script> [776 bytes]","args":[{"enterText":"1000","selector":{"id":"application-manageyards-display-component---NewYard--companyCodeComboBox","interaction":{"idSuffix":"inner"}},"clearTextFirst":true,"interactionType":"ENTER_TEXT"}]}
COMMAND: POST /session/1a7f7d058614b09b54cdbc5dd28664a9/execute/async - {"script":"<script> [1562 bytes]","args":[{"selector":{"controlType":"sap.m.Input","viewName":"etm.portal.ui.manageyards.view.New","viewId":"application-manageyards-display-component---NewYard","bindingPath":{"path":"","propertyPath":"/PLANT","modelName":"NewYardModel"},"interaction":{"idSuffix":"inner"}},"wdio_ui5_key":"etmportal.ui.manageyards.view.Newsap.m.Input{\"path\":\"\",\"propertyPath\":\"/PLANT\",\"modelName\":\"NewYardModel\"}"}]}
RESULT: {"script":"<script> [1562 bytes]","args":[{"selector":{"controlType":"sap.m.Input","viewName":"etm.portal.ui.manageyards.view.New","viewId":"application-manageyards-display-component---NewYard","bindingPath":{"path":"","propertyPath":"/PLANT","modelName":"NewYardModel"},"interaction":{"idSuffix":"inner"}},"wdio_ui5_key":"etmportal.ui.manageyards.view.Newsap.m.Input{\"path\":\"\",\"propertyPath\":\"/PLANT\",\"modelName\":\"NewYardModel\"}"}]}
RESULT: undefined
COMMAND: POST /session/1a7f7d058614b09b54cdbc5dd28664a9/execute/async - {"script":"<script> [776 bytes]","args":[{"enterText":"1001","selector":{"controlType":"sap.m.Input","viewName":"etm.portal.ui.manageyards.view.New","viewId":"application-manageyards-display-component---NewYard","bindingPath":{"path":"","propertyPath":"/PLANT","modelName":"NewYardModel"},"interaction":{"idSuffix":"inner"}},"clearTextFirst":true,"interactionType":"ENTER_TEXT"}]}
RESULT: {"script":"<script> [776 bytes]","args":[{"enterText":"1001","selector":{"controlType":"sap.m.Input","viewName":"etm.portal.ui.manageyards.view.New","viewId":"application-manageyards-display-component---NewYard","bindingPath":{"path":"","propertyPath":"/PLANT","modelName":"NewYardModel"},"interaction":{"idSuffix":"inner"}},"clearTextFirst":true,"interactionType":"ENTER_TEXT"}]}
COMMAND: POST /session/1a7f7d058614b09b54cdbc5dd28664a9/execute/async - {"script":"<script> [1562 bytes]","args":[{"selector":{"controlType":"sap.m.Input","viewName":"etm.portal.ui.manageyards.view.New","viewId":"application-manageyards-display-component---NewYard","bindingPath":{"path":"","propertyPath":"/SALES_AREA_VKORG","modelName":"NewYardModel"},"interaction":{"idSuffix":"inner"}},"wdio_ui5_key":"etmportal.ui.manageyards.view.Newsap.m.Input{\"path\":\"\",\"propertyPath\":\"/SALES_AREA_VKORG\",\"modelName\":\"NewYardModel\"}"}]}
RESULT: {"script":"<script> [1562 bytes]","args":[{"selector":{"controlType":"sap.m.Input","viewName":"etm.portal.ui.manageyards.view.New","viewId":"application-manageyards-display-component---NewYard","bindingPath":{"path":"","propertyPath":"/SALES_AREA_VKORG","modelName":"NewYardModel"},"interaction":{"idSuffix":"inner"}},"wdio_ui5_key":"etmportal.ui.manageyards.view.Newsap.m.Input{\"path\":\"\",\"propertyPath\":\"/SALES_AREA_VKORG\",\"modelName\":\"NewYardModel\"}"}]}
RESULT: undefined
COMMAND: POST /session/1a7f7d058614b09b54cdbc5dd28664a9/execute/async - {"script":"<script> [776 bytes]","args":[{"enterText":"C002","selector":{"controlType":"sap.m.Input","viewName":"etm.portal.ui.manageyards.view.New","viewId":"application-manageyards-display-component---NewYard","bindingPath":{"path":"","propertyPath":"/SALES_AREA_VKORG","modelName":"NewYardModel"},"interaction":{"idSuffix":"inner"}},"clearTextFirst":true,"interactionType":"ENTER_TEXT"}]}
RESULT: {"script":"<script> [776 bytes]","args":[{"enterText":"C002","selector":{"controlType":"sap.m.Input","viewName":"etm.portal.ui.manageyards.view.New","viewId":"application-manageyards-display-component---NewYard","bindingPath":{"path":"","propertyPath":"/SALES_AREA_VKORG","modelName":"NewYardModel"},"interaction":{"idSuffix":"inner"}},"clearTextFirst":true,"interactionType":"ENTER_TEXT"}]}
COMMAND: POST /session/1a7f7d058614b09b54cdbc5dd28664a9/execute/async - {"script":"<script> [1562 bytes]","args":[{"selector":{"controlType":"sap.m.Input","viewName":"etm.portal.ui.manageyards.view.New","viewId":"application-manageyards-display-component---NewYard","bindingPath":{"path":"","propertyPath":"/SALES_AREA_VTWEG","modelName":"NewYardModel"},"interaction":{"idSuffix":"inner"}},"wdio_ui5_key":"etmportal.ui.manageyards.view.Newsap.m.Input{\"path\":\"\",\"propertyPath\":\"/SALES_AREA_VTWEG\",\"modelName\":\"NewYardModel\"}"}]}
RESULT: {"script":"<script> [1562 bytes]","args":[{"selector":{"controlType":"sap.m.Input","viewName":"etm.portal.ui.manageyards.view.New","viewId":"application-manageyards-display-component---NewYard","bindingPath":{"path":"","propertyPath":"/SALES_AREA_VTWEG","modelName":"NewYardModel"},"interaction":{"idSuffix":"inner"}},"wdio_ui5_key":"etmportal.ui.manageyards.view.Newsap.m.Input{\"path\":\"\",\"propertyPath\":\"/SALES_AREA_VTWEG\",\"modelName\":\"NewYardModel\"}"}]}
RESULT: undefined
COMMAND: POST /session/1a7f7d058614b09b54cdbc5dd28664a9/execute/async - {"script":"<script> [776 bytes]","args":[{"enterText":"C2","selector":{"controlType":"sap.m.Input","viewName":"etm.portal.ui.manageyards.view.New","viewId":"application-manageyards-display-component---NewYard","bindingPath":{"path":"","propertyPath":"/SALES_AREA_VTWEG","modelName":"NewYardModel"},"interaction":{"idSuffix":"inner"}},"clearTextFirst":true,"interactionType":"ENTER_TEXT"}]}
RESULT: {"script":"<script> [776 bytes]","args":[{"enterText":"C2","selector":{"controlType":"sap.m.Input","viewName":"etm.portal.ui.manageyards.view.New","viewId":"application-manageyards-display-component---NewYard","bindingPath":{"path":"","propertyPath":"/SALES_AREA_VTWEG","modelName":"NewYardModel"},"interaction":{"idSuffix":"inner"}},"clearTextFirst":true,"interactionType":"ENTER_TEXT"}]}
COMMAND: POST /session/1a7f7d058614b09b54cdbc5dd28664a9/execute/async - {"script":"<script> [1562 bytes]","args":[{"selector":{"controlType":"sap.m.Input","viewName":"etm.portal.ui.manageyards.view.New","viewId":"application-manageyards-display-component---NewYard","bindingPath":{"path":"","propertyPath":"/SALES_AREA_SPART","modelName":"NewYardModel"},"interaction":{"idSuffix":"inner"}},"wdio_ui5_key":"etmportal.ui.manageyards.view.Newsap.m.Input{\"path\":\"\",\"propertyPath\":\"/SALES_AREA_SPART\",\"modelName\":\"NewYardModel\"}"}]}
RESULT: {"script":"<script> [1562 bytes]","args":[{"selector":{"controlType":"sap.m.Input","viewName":"etm.portal.ui.manageyards.view.New","viewId":"application-manageyards-display-component---NewYard","bindingPath":{"path":"","propertyPath":"/SALES_AREA_SPART","modelName":"NewYardModel"},"interaction":{"idSuffix":"inner"}},"wdio_ui5_key":"etmportal.ui.manageyards.view.Newsap.m.Input{\"path\":\"\",\"propertyPath\":\"/SALES_AREA_SPART\",\"modelName\":\"NewYardModel\"}"}]}
RESULT: undefined
COMMAND: POST /session/1a7f7d058614b09b54cdbc5dd28664a9/execute/async - {"script":"<script> [776 bytes]","args":[{"enterText":"C2","selector":{"controlType":"sap.m.Input","viewName":"etm.portal.ui.manageyards.view.New","viewId":"application-manageyards-display-component---NewYard","bindingPath":{"path":"","propertyPath":"/SALES_AREA_SPART","modelName":"NewYardModel"},"interaction":{"idSuffix":"inner"}},"clearTextFirst":true,"interactionType":"ENTER_TEXT"}]}
RESULT: {"script":"<script> [776 bytes]","args":[{"enterText":"C2","selector":{"controlType":"sap.m.Input","viewName":"etm.portal.ui.manageyards.view.New","viewId":"application-manageyards-display-component---NewYard","bindingPath":{"path":"","propertyPath":"/SALES_AREA_SPART","modelName":"NewYardModel"},"interaction":{"idSuffix":"inner"}},"clearTextFirst":true,"interactionType":"ENTER_TEXT"}]}
COMMAND: POST /session/1a7f7d058614b09b54cdbc5dd28664a9/execute/async - {"script":"<script> [1562 bytes]","args":[{"selector":{"controlType":"sap.m.Input","viewName":"etm.portal.ui.manageyards.view.New","viewId":"application-manageyards-display-component---NewYard","bindingPath":{"path":"","propertyPath":"/SHIP_POINT","modelName":"NewYardModel"},"interaction":{"idSuffix":"inner"}},"wdio_ui5_key":"etmportal.ui.manageyards.view.Newsap.m.Input{\"path\":\"\",\"propertyPath\":\"/SHIP_POINT\",\"modelName\":\"NewYardModel\"}"}]}
RESULT: {"script":"<script> [1562 bytes]","args":[{"selector":{"controlType":"sap.m.Input","viewName":"etm.portal.ui.manageyards.view.New","viewId":"application-manageyards-display-component---NewYard","bindingPath":{"path":"","propertyPath":"/SHIP_POINT","modelName":"NewYardModel"},"interaction":{"idSuffix":"inner"}},"wdio_ui5_key":"etmportal.ui.manageyards.view.Newsap.m.Input{\"path\":\"\",\"propertyPath\":\"/SHIP_POINT\",\"modelName\":\"NewYardModel\"}"}]}
RESULT: undefined
COMMAND: POST /session/1a7f7d058614b09b54cdbc5dd28664a9/execute/async - {"script":"<script> [776 bytes]","args":[{"enterText":"1710","selector":{"controlType":"sap.m.Input","viewName":"etm.portal.ui.manageyards.view.New","viewId":"application-manageyards-display-component---NewYard","bindingPath":{"path":"","propertyPath":"/SHIP_POINT","modelName":"NewYardModel"},"interaction":{"idSuffix":"inner"}},"clearTextFirst":true,"interactionType":"ENTER_TEXT"}]}
RESULT: {"script":"<script> [776 bytes]","args":[{"enterText":"1710","selector":{"controlType":"sap.m.Input","viewName":"etm.portal.ui.manageyards.view.New","viewId":"application-manageyards-display-component---NewYard","bindingPath":{"path":"","propertyPath":"/SHIP_POINT","modelName":"NewYardModel"},"interaction":{"idSuffix":"inner"}},"clearTextFirst":true,"interactionType":"ENTER_TEXT"}]}
COMMAND: POST /session/1a7f7d058614b09b54cdbc5dd28664a9/execute/async - {"script":"<script> [1562 bytes]","args":[{"selector":{"controlType":"sap.m.Input","viewName":"etm.portal.ui.manageyards.view.New","viewId":"application-manageyards-display-component---NewYard","bindingPath":{"path":"","propertyPath":"/DELIVERY_TYPE","modelName":"NewYardModel"},"interaction":{"idSuffix":"inner"}},"wdio_ui5_key":"etmportal.ui.manageyards.view.Newsap.m.Input{\"path\":\"\",\"propertyPath\":\"/DELIVERY_TYPE\",\"modelName\":\"NewYardModel\"}"}]}
RESULT: {"script":"<script> [1562 bytes]","args":[{"selector":{"controlType":"sap.m.Input","viewName":"etm.portal.ui.manageyards.view.New","viewId":"application-manageyards-display-component---NewYard","bindingPath":{"path":"","propertyPath":"/DELIVERY_TYPE","modelName":"NewYardModel"},"interaction":{"idSuffix":"inner"}},"wdio_ui5_key":"etmportal.ui.manageyards.view.Newsap.m.Input{\"path\":\"\",\"propertyPath\":\"/DELIVERY_TYPE\",\"modelName\":\"NewYardModel\"}"}]}
RESULT: undefined
COMMAND: POST /session/1a7f7d058614b09b54cdbc5dd28664a9/execute/async - {"script":"<script> [776 bytes]","args":[{"enterText":"ZL01","selector":{"controlType":"sap.m.Input","viewName":"etm.portal.ui.manageyards.view.New","viewId":"application-manageyards-display-component---NewYard","bindingPath":{"path":"","propertyPath":"/DELIVERY_TYPE","modelName":"NewYardModel"},"interaction":{"idSuffix":"inner"}},"clearTextFirst":true,"interactionType":"ENTER_TEXT"}]}
RESULT: {"script":"<script> [776 bytes]","args":[{"enterText":"ZL01","selector":{"controlType":"sap.m.Input","viewName":"etm.portal.ui.manageyards.view.New","viewId":"application-manageyards-display-component---NewYard","bindingPath":{"path":"","propertyPath":"/DELIVERY_TYPE","modelName":"NewYardModel"},"interaction":{"idSuffix":"inner"}},"clearTextFirst":true,"interactionType":"ENTER_TEXT"}]}
COMMAND: POST /session/1a7f7d058614b09b54cdbc5dd28664a9/execute/async - {"script":"<script> [1562 bytes]","args":[{"selector":{"controlType":"sap.m.Input","viewName":"etm.portal.ui.manageyards.view.New","viewId":"application-manageyards-display-component---NewYard","bindingPath":{"path":"","propertyPath":"/AUART","modelName":"NewYardModel"},"interaction":{"idSuffix":"inner"}},"wdio_ui5_key":"etmportal.ui.manageyards.view.Newsap.m.Input{\"path\":\"\",\"propertyPath\":\"/AUART\",\"modelName\":\"NewYardModel\"}"}]}
RESULT: {"script":"<script> [1562 bytes]","args":[{"selector":{"controlType":"sap.m.Input","viewName":"etm.portal.ui.manageyards.view.New","viewId":"application-manageyards-display-component---NewYard","bindingPath":{"path":"","propertyPath":"/AUART","modelName":"NewYardModel"},"interaction":{"idSuffix":"inner"}},"wdio_ui5_key":"etmportal.ui.manageyards.view.Newsap.m.Input{\"path\":\"\",\"propertyPath\":\"/AUART\",\"modelName\":\"NewYardModel\"}"}]}
RESULT: undefined
COMMAND: POST /session/1a7f7d058614b09b54cdbc5dd28664a9/execute/async - {"script":"<script> [776 bytes]","args":[{"enterText":"TA","selector":{"controlType":"sap.m.Input","viewName":"etm.portal.ui.manageyards.view.New","viewId":"application-manageyards-display-component---NewYard","bindingPath":{"path":"","propertyPath":"/AUART","modelName":"NewYardModel"},"interaction":{"idSuffix":"inner"}},"clearTextFirst":true,"interactionType":"ENTER_TEXT"}]}
RESULT: {"script":"<script> [776 bytes]","args":[{"enterText":"TA","selector":{"controlType":"sap.m.Input","viewName":"etm.portal.ui.manageyards.view.New","viewId":"application-manageyards-display-component---NewYard","bindingPath":{"path":"","propertyPath":"/AUART","modelName":"NewYardModel"},"interaction":{"idSuffix":"inner"}},"clearTextFirst":true,"interactionType":"ENTER_TEXT"}]}
COMMAND: POST /session/1a7f7d058614b09b54cdbc5dd28664a9/element - {"using":"xpath","value":"//button[@data-kt=\"newYardSaveButton\"]"}
RESULT: {"using":"xpath","value":"//button[@data-kt=\"newYardSaveButton\"]"}
COMMAND: POST /session/1a7f7d058614b09b54cdbc5dd28664a9/element/f.2C654B565EAAE04F20F597F65BFF9971.d.D90AA125A3535488D70C13CBA7FAC2AD.e.704/click - {}
RESULT: {}
COMMAND: GET /session/1a7f7d058614b09b54cdbc5dd28664a9/screenshot - {}
RESULT: {}
COMMAND: POST /session/1a7f7d058614b09b54cdbc5dd28664a9/element - {"using":"xpath","value":"//header[contains(@id, 'ObjectPageLayout-headerTitle')]/div[1]/div[2]/div[1]/span[1]"}
RESULT: {"using":"xpath","value":"//header[contains(@id, 'ObjectPageLayout-headerTitle')]/div[1]/div[2]/div[1]/span[1]"}
COMMAND: POST /session/1a7f7d058614b09b54cdbc5dd28664a9/elements - {"using":"xpath","value":"//header[contains(@id, 'ObjectPageLayout-headerTitle')]/div[1]/div[2]/div[1]/span[1]"}
RESULT: {"using":"xpath","value":"//header[contains(@id, 'ObjectPageLayout-headerTitle')]/div[1]/div[2]/div[1]/span[1]"}
COMMAND: POST /session/1a7f7d058614b09b54cdbc5dd28664a9/execute/sync - {"script":"<script> [56 bytes]","args":[{"element-6066-11e4-a52e-4f735466cecf":"f.2C654B565EAAE04F20F597F65BFF9971.d.D90AA125A3535488D70C13CBA7FAC2AD.e.1008","ELEMENT":"f.2C654B565EAAE04F20F597F65BFF9971.d.D90AA125A3535488D70C13CBA7FAC2AD.e.1008"}]}
RESULT: {"script":"<script> [56 bytes]","args":[{"element-6066-11e4-a52e-4f735466cecf":"f.2C654B565EAAE04F20F597F65BFF9971.d.D90AA125A3535488D70C13CBA7FAC2AD.e.1008","ELEMENT":"f.2C654B565EAAE04F20F597F65BFF9971.d.D90AA125A3535488D70C13CBA7FAC2AD.e.1008"}]}
COMMAND: GET /session/1a7f7d058614b09b54cdbc5dd28664a9/screenshot - {}
RESULT: {}
COMMAND: POST /session/1a7f7d058614b09b54cdbc5dd28664a9/element - {"using":"css selector","value":"#shell-header-logo"}
RESULT: {"using":"css selector","value":"#shell-header-logo"}
COMMAND: POST /session/1a7f7d058614b09b54cdbc5dd28664a9/element/f.2C654B565EAAE04F20F597F65BFF9971.d.D90AA125A3535488D70C13CBA7FAC2AD.e.258/click - {}
RESULT: {}
COMMAND: GET /session/1a7f7d058614b09b54cdbc5dd28664a9/screenshot - {}
RESULT: {}
COMMAND: POST /session/1a7f7d058614b09b54cdbc5dd28664a9/execute/sync - {"script":"<script> [299 bytes]","args":[["getModel","getResource"]]}
RESULT: {"script":"<script> [299 bytes]","args":[["getModel","getResource"]]}
]]></system-out>
    </testcase>
    <testcase classname="chrome.135_0_7049_96.windows.Partner_specific_tests_US150819_US151080_US151654_US151176_US103444_US151078_US151079_US151109_US151174_US151175_US151189" name="Should create new external partner US150819" time="93.187">
      <system-out><![CDATA[
COMMAND: GET /session/1a7f7d058614b09b54cdbc5dd28664a9/screenshot - {}
COMMAND: POST /session/1a7f7d058614b09b54cdbc5dd28664a9/element - {"using":"xpath","value":"//li[.//span[text()=\"Manage Partners\"]]"}
RESULT: {}
RESULT: {"using":"xpath","value":"//li[.//span[text()=\"Manage Partners\"]]"}
COMMAND: POST /session/1a7f7d058614b09b54cdbc5dd28664a9/element - {"using":"xpath","value":"//li[.//span[text()=\"Manage Partners\"]]"}
RESULT: {"using":"xpath","value":"//li[.//span[text()=\"Manage Partners\"]]"}
COMMAND: POST /session/1a7f7d058614b09b54cdbc5dd28664a9/element - {"using":"css selector","value":"#shell-header-logo"}
RESULT: {"using":"css selector","value":"#shell-header-logo"}
COMMAND: POST /session/1a7f7d058614b09b54cdbc5dd28664a9/element/f.2C654B565EAAE04F20F597F65BFF9971.d.D90AA125A3535488D70C13CBA7FAC2AD.e.1011/click - {}
COMMAND: POST /session/1a7f7d058614b09b54cdbc5dd28664a9/execute/sync - {"script":"<script> [8489 bytes]","args":[{"element-6066-11e4-a52e-4f735466cecf":"f.2C654B565EAAE04F20F597F65BFF9971.d.D90AA125A3535488D70C13CBA7FAC2AD.e.1011","ELEMENT":"f.2C654B565EAAE04F20F597F65BFF9971.d.D90AA125A3535488D70C13CBA7FAC2AD.e.1011"}]}
RESULT: {"script":"<script> [8489 bytes]","args":[{"element-6066-11e4-a52e-4f735466cecf":"f.2C654B565EAAE04F20F597F65BFF9971.d.D90AA125A3535488D70C13CBA7FAC2AD.e.1011","ELEMENT":"f.2C654B565EAAE04F20F597F65BFF9971.d.D90AA125A3535488D70C13CBA7FAC2AD.e.1011"}]}
COMMAND: POST /session/1a7f7d058614b09b54cdbc5dd28664a9/execute/sync - {"script":"<script> [5351 bytes]","args":[{"element-6066-11e4-a52e-4f735466cecf":"f.2C654B565EAAE04F20F597F65BFF9971.d.D90AA125A3535488D70C13CBA7FAC2AD.e.1011","ELEMENT":"f.2C654B565EAAE04F20F597F65BFF9971.d.D90AA125A3535488D70C13CBA7FAC2AD.e.1011"}]}
COMMAND: GET /session/1a7f7d058614b09b54cdbc5dd28664a9/screenshot - {}
RESULT: {}
COMMAND: GET /session/1a7f7d058614b09b54cdbc5dd28664a9/screenshot - {}
RESULT: {"script":"<script> [5351 bytes]","args":[{"element-6066-11e4-a52e-4f735466cecf":"f.2C654B565EAAE04F20F597F65BFF9971.d.D90AA125A3535488D70C13CBA7FAC2AD.e.1011","ELEMENT":"f.2C654B565EAAE04F20F597F65BFF9971.d.D90AA125A3535488D70C13CBA7FAC2AD.e.1011"}]}
COMMAND: GET /session/1a7f7d058614b09b54cdbc5dd28664a9/screenshot - {}
RESULT: {}
RESULT: {}
RESULT: {}
COMMAND: POST /session/1a7f7d058614b09b54cdbc5dd28664a9/window/fullscreen - {}
RESULT: {}
COMMAND: POST /session/1a7f7d058614b09b54cdbc5dd28664a9/execute/async - {"script":"<script> [1562 bytes]","args":[{"selector":{"controlType":"sap.m.GenericTile","properties":{"header":"Manage Partners"}},"wdio_ui5_key":"sapm.GenericTile{\"header\":\"Manage Partners\"}"}]}
RESULT: {"script":"<script> [1562 bytes]","args":[{"selector":{"controlType":"sap.m.GenericTile","properties":{"header":"Manage Partners"}},"wdio_ui5_key":"sapm.GenericTile{\"header\":\"Manage Partners\"}"}]}
RESULT: undefined
COMMAND: POST /session/1a7f7d058614b09b54cdbc5dd28664a9/element - {"using":"xpath","value":"//*[@id=\"__tile38\"]"}
RESULT: {"using":"xpath","value":"//*[@id=\"__tile38\"]"}
COMMAND: POST /session/1a7f7d058614b09b54cdbc5dd28664a9/element/f.2C654B565EAAE04F20F597F65BFF9971.d.D90AA125A3535488D70C13CBA7FAC2AD.e.146/click - {}
RESULT: {}
COMMAND: POST /session/1a7f7d058614b09b54cdbc5dd28664a9/element - {"using":"xpath","value":"//button[@data-kt=\"addButton\"]"}
COMMAND: GET /session/1a7f7d058614b09b54cdbc5dd28664a9/screenshot - {}
RESULT: {"using":"xpath","value":"//button[@data-kt=\"addButton\"]"}
COMMAND: POST /session/1a7f7d058614b09b54cdbc5dd28664a9/elements - {"using":"xpath","value":"//button[@data-kt=\"addButton\"]"}
RESULT: {}
RESULT: {"using":"xpath","value":"//button[@data-kt=\"addButton\"]"}
COMMAND: POST /session/1a7f7d058614b09b54cdbc5dd28664a9/elements - {"using":"xpath","value":"//button[@data-kt=\"addButton\"]"}
RESULT: {"using":"xpath","value":"//button[@data-kt=\"addButton\"]"}
COMMAND: POST /session/1a7f7d058614b09b54cdbc5dd28664a9/elements - {"using":"xpath","value":"//button[@data-kt=\"addButton\"]"}
RESULT: {"using":"xpath","value":"//button[@data-kt=\"addButton\"]"}
COMMAND: POST /session/1a7f7d058614b09b54cdbc5dd28664a9/elements - {"using":"xpath","value":"//button[@data-kt=\"addButton\"]"}
RESULT: {"using":"xpath","value":"//button[@data-kt=\"addButton\"]"}
COMMAND: POST /session/1a7f7d058614b09b54cdbc5dd28664a9/elements - {"using":"xpath","value":"//button[@data-kt=\"addButton\"]"}
RESULT: {"using":"xpath","value":"//button[@data-kt=\"addButton\"]"}
COMMAND: POST /session/1a7f7d058614b09b54cdbc5dd28664a9/elements - {"using":"xpath","value":"//button[@data-kt=\"addButton\"]"}
RESULT: {"using":"xpath","value":"//button[@data-kt=\"addButton\"]"}
COMMAND: POST /session/1a7f7d058614b09b54cdbc5dd28664a9/element - {"using":"xpath","value":"//button[@data-kt=\"addButton\"]"}
RESULT: {"using":"xpath","value":"//button[@data-kt=\"addButton\"]"}
COMMAND: POST /session/1a7f7d058614b09b54cdbc5dd28664a9/execute/sync - {"script":"<script> [8489 bytes]","args":[{"element-6066-11e4-a52e-4f735466cecf":"f.2C654B565EAAE04F20F597F65BFF9971.d.D90AA125A3535488D70C13CBA7FAC2AD.e.1058","ELEMENT":"f.2C654B565EAAE04F20F597F65BFF9971.d.D90AA125A3535488D70C13CBA7FAC2AD.e.1058"}]}
RESULT: {"script":"<script> [8489 bytes]","args":[{"element-6066-11e4-a52e-4f735466cecf":"f.2C654B565EAAE04F20F597F65BFF9971.d.D90AA125A3535488D70C13CBA7FAC2AD.e.1058","ELEMENT":"f.2C654B565EAAE04F20F597F65BFF9971.d.D90AA125A3535488D70C13CBA7FAC2AD.e.1058"}]}
COMMAND: GET /session/1a7f7d058614b09b54cdbc5dd28664a9/element/f.2C654B565EAAE04F20F597F65BFF9971.d.D90AA125A3535488D70C13CBA7FAC2AD.e.1058/enabled - {}
COMMAND: GET /session/1a7f7d058614b09b54cdbc5dd28664a9/screenshot - {}
RESULT: {}
COMMAND: POST /session/1a7f7d058614b09b54cdbc5dd28664a9/execute/sync - {"script":"<script> [8489 bytes]","args":[{"element-6066-11e4-a52e-4f735466cecf":"f.2C654B565EAAE04F20F597F65BFF9971.d.D90AA125A3535488D70C13CBA7FAC2AD.e.1058","ELEMENT":"f.2C654B565EAAE04F20F597F65BFF9971.d.D90AA125A3535488D70C13CBA7FAC2AD.e.1058"}]}
COMMAND: GET /session/1a7f7d058614b09b54cdbc5dd28664a9/screenshot - {}
RESULT: {}
RESULT: {"script":"<script> [8489 bytes]","args":[{"element-6066-11e4-a52e-4f735466cecf":"f.2C654B565EAAE04F20F597F65BFF9971.d.D90AA125A3535488D70C13CBA7FAC2AD.e.1058","ELEMENT":"f.2C654B565EAAE04F20F597F65BFF9971.d.D90AA125A3535488D70C13CBA7FAC2AD.e.1058"}]}
COMMAND: POST /session/1a7f7d058614b09b54cdbc5dd28664a9/execute/sync - {"script":"<script> [5351 bytes]","args":[{"element-6066-11e4-a52e-4f735466cecf":"f.2C654B565EAAE04F20F597F65BFF9971.d.D90AA125A3535488D70C13CBA7FAC2AD.e.1058","ELEMENT":"f.2C654B565EAAE04F20F597F65BFF9971.d.D90AA125A3535488D70C13CBA7FAC2AD.e.1058"}]}
COMMAND: GET /session/1a7f7d058614b09b54cdbc5dd28664a9/screenshot - {}
RESULT: {}
RESULT: {"script":"<script> [5351 bytes]","args":[{"element-6066-11e4-a52e-4f735466cecf":"f.2C654B565EAAE04F20F597F65BFF9971.d.D90AA125A3535488D70C13CBA7FAC2AD.e.1058","ELEMENT":"f.2C654B565EAAE04F20F597F65BFF9971.d.D90AA125A3535488D70C13CBA7FAC2AD.e.1058"}]}
COMMAND: POST /session/1a7f7d058614b09b54cdbc5dd28664a9/element/f.2C654B565EAAE04F20F597F65BFF9971.d.D90AA125A3535488D70C13CBA7FAC2AD.e.1058/click - {}
COMMAND: GET /session/1a7f7d058614b09b54cdbc5dd28664a9/screenshot - {}
RESULT: {}
RESULT: {}
COMMAND: GET /session/1a7f7d058614b09b54cdbc5dd28664a9/screenshot - {}
COMMAND: POST /session/1a7f7d058614b09b54cdbc5dd28664a9/execute/async - {"script":"<script> [1562 bytes]","args":[{"selector":{"id":"application-managepartners-display-component---NewPartner--addressDetailDetailsName1","interaction":{"idSuffix":"inner"}},"wdio_ui5_key":"applicationmanagepartners-display-component---NewPartner--addressDetailDetailsName1"}]}
RESULT: {}
RESULT: {}
RESULT: {"script":"<script> [1562 bytes]","args":[{"selector":{"id":"application-managepartners-display-component---NewPartner--addressDetailDetailsName1","interaction":{"idSuffix":"inner"}},"wdio_ui5_key":"applicationmanagepartners-display-component---NewPartner--addressDetailDetailsName1"}]}
RESULT: undefined
COMMAND: POST /session/1a7f7d058614b09b54cdbc5dd28664a9/execute/async - {"script":"<script> [776 bytes]","args":[{"enterText":"External Partner WDIO","selector":{"id":"application-managepartners-display-component---NewPartner--addressDetailDetailsName1","interaction":{"idSuffix":"inner"}},"clearTextFirst":true,"interactionType":"ENTER_TEXT"}]}
RESULT: {"script":"<script> [776 bytes]","args":[{"enterText":"External Partner WDIO","selector":{"id":"application-managepartners-display-component---NewPartner--addressDetailDetailsName1","interaction":{"idSuffix":"inner"}},"clearTextFirst":true,"interactionType":"ENTER_TEXT"}]}
COMMAND: POST /session/1a7f7d058614b09b54cdbc5dd28664a9/execute/async - {"script":"<script> [1562 bytes]","args":[{"selector":{"id":"application-managepartners-display-component---NewPartner--addressDetailDetailsLanguage-arrow"},"wdio_ui5_key":"applicationmanagepartners-display-component---NewPartner--addressDetailDetailsLanguage-arrow"}]}
RESULT: {"script":"<script> [1562 bytes]","args":[{"selector":{"id":"application-managepartners-display-component---NewPartner--addressDetailDetailsLanguage-arrow"},"wdio_ui5_key":"applicationmanagepartners-display-component---NewPartner--addressDetailDetailsLanguage-arrow"}]}
RESULT: undefined
COMMAND: POST /session/1a7f7d058614b09b54cdbc5dd28664a9/element - {"using":"xpath","value":"//*[@id=\"application-managepartners-display-component---NewPartner--addressDetailDetailsLanguage-arrow\"]"}
RESULT: {"using":"xpath","value":"//*[@id=\"application-managepartners-display-component---NewPartner--addressDetailDetailsLanguage-arrow\"]"}
COMMAND: POST /session/1a7f7d058614b09b54cdbc5dd28664a9/element/f.2C654B565EAAE04F20F597F65BFF9971.d.D90AA125A3535488D70C13CBA7FAC2AD.e.1497/click - {}
RESULT: {}
COMMAND: POST /session/1a7f7d058614b09b54cdbc5dd28664a9/element - {"using":"xpath","value":"//span[contains(text(), \"English\")]"}
COMMAND: GET /session/1a7f7d058614b09b54cdbc5dd28664a9/screenshot - {}
RESULT: {"using":"xpath","value":"//span[contains(text(), \"English\")]"}
COMMAND: POST /session/1a7f7d058614b09b54cdbc5dd28664a9/element/f.2C654B565EAAE04F20F597F65BFF9971.d.D90AA125A3535488D70C13CBA7FAC2AD.e.1498/click - {}
RESULT: {}
RESULT: {}
COMMAND: GET /session/1a7f7d058614b09b54cdbc5dd28664a9/screenshot - {}
RESULT: {}
COMMAND: POST /session/1a7f7d058614b09b54cdbc5dd28664a9/execute/async - {"script":"<script> [1562 bytes]","args":[{"selector":{"id":"application-managepartners-display-component---NewPartner--addressDetailDetailsCity1","interaction":{"idSuffix":"inner"}},"wdio_ui5_key":"applicationmanagepartners-display-component---NewPartner--addressDetailDetailsCity1"}]}
RESULT: {"script":"<script> [1562 bytes]","args":[{"selector":{"id":"application-managepartners-display-component---NewPartner--addressDetailDetailsCity1","interaction":{"idSuffix":"inner"}},"wdio_ui5_key":"applicationmanagepartners-display-component---NewPartner--addressDetailDetailsCity1"}]}
RESULT: undefined
COMMAND: POST /session/1a7f7d058614b09b54cdbc5dd28664a9/execute/async - {"script":"<script> [776 bytes]","args":[{"enterText":"Rosario","selector":{"id":"application-managepartners-display-component---NewPartner--addressDetailDetailsCity1","interaction":{"idSuffix":"inner"}},"clearTextFirst":true,"interactionType":"ENTER_TEXT"}]}
RESULT: {"script":"<script> [776 bytes]","args":[{"enterText":"Rosario","selector":{"id":"application-managepartners-display-component---NewPartner--addressDetailDetailsCity1","interaction":{"idSuffix":"inner"}},"clearTextFirst":true,"interactionType":"ENTER_TEXT"}]}
COMMAND: POST /session/1a7f7d058614b09b54cdbc5dd28664a9/execute/async - {"script":"<script> [1562 bytes]","args":[{"selector":{"id":"application-managepartners-display-component---NewPartner--addressDetailDetailsCountry-arrow"},"wdio_ui5_key":"applicationmanagepartners-display-component---NewPartner--addressDetailDetailsCountry-arrow"}]}
RESULT: {"script":"<script> [1562 bytes]","args":[{"selector":{"id":"application-managepartners-display-component---NewPartner--addressDetailDetailsCountry-arrow"},"wdio_ui5_key":"applicationmanagepartners-display-component---NewPartner--addressDetailDetailsCountry-arrow"}]}
RESULT: undefined
COMMAND: POST /session/1a7f7d058614b09b54cdbc5dd28664a9/element - {"using":"xpath","value":"//*[@id=\"application-managepartners-display-component---NewPartner--addressDetailDetailsCountry-arrow\"]"}
RESULT: {"using":"xpath","value":"//*[@id=\"application-managepartners-display-component---NewPartner--addressDetailDetailsCountry-arrow\"]"}
COMMAND: POST /session/1a7f7d058614b09b54cdbc5dd28664a9/element/f.2C654B565EAAE04F20F597F65BFF9971.d.D90AA125A3535488D70C13CBA7FAC2AD.e.1479/click - {}
RESULT: {}
COMMAND: POST /session/1a7f7d058614b09b54cdbc5dd28664a9/element - {"using":"xpath","value":"//span[contains(text(), \"Argentina\")]"}
COMMAND: GET /session/1a7f7d058614b09b54cdbc5dd28664a9/screenshot - {}
RESULT: {"using":"xpath","value":"//span[contains(text(), \"Argentina\")]"}
COMMAND: POST /session/1a7f7d058614b09b54cdbc5dd28664a9/element/f.2C654B565EAAE04F20F597F65BFF9971.d.D90AA125A3535488D70C13CBA7FAC2AD.e.1500/click - {}
RESULT: {}
RESULT: {}
COMMAND: GET /session/1a7f7d058614b09b54cdbc5dd28664a9/screenshot - {}
RESULT: {}
COMMAND: POST /session/1a7f7d058614b09b54cdbc5dd28664a9/element - {"using":"xpath","value":"//bdi[contains(text(), \"Commercial\")]"}
RESULT: {"using":"xpath","value":"//bdi[contains(text(), \"Commercial\")]"}
COMMAND: POST /session/1a7f7d058614b09b54cdbc5dd28664a9/element/f.2C654B565EAAE04F20F597F65BFF9971.d.D90AA125A3535488D70C13CBA7FAC2AD.e.1501/click - {}
RESULT: {}
COMMAND: GET /session/1a7f7d058614b09b54cdbc5dd28664a9/screenshot - {}
RESULT: {}
COMMAND: POST /session/1a7f7d058614b09b54cdbc5dd28664a9/execute/async - {"script":"<script> [1562 bytes]","args":[{"selector":{"id":"application-managepartners-display-component---NewPartner--partnerDetailInternal-arrow"},"wdio_ui5_key":"applicationmanagepartners-display-component---NewPartner--partnerDetailInternal-arrow"}]}
RESULT: {"script":"<script> [1562 bytes]","args":[{"selector":{"id":"application-managepartners-display-component---NewPartner--partnerDetailInternal-arrow"},"wdio_ui5_key":"applicationmanagepartners-display-component---NewPartner--partnerDetailInternal-arrow"}]}
RESULT: undefined
COMMAND: POST /session/1a7f7d058614b09b54cdbc5dd28664a9/element - {"using":"xpath","value":"//*[@id=\"application-managepartners-display-component---NewPartner--partnerDetailInternal-arrow\"]"}
RESULT: {"using":"xpath","value":"//*[@id=\"application-managepartners-display-component---NewPartner--partnerDetailInternal-arrow\"]"}
COMMAND: POST /session/1a7f7d058614b09b54cdbc5dd28664a9/element/f.2C654B565EAAE04F20F597F65BFF9971.d.D90AA125A3535488D70C13CBA7FAC2AD.e.1507/click - {}
RESULT: {}
COMMAND: POST /session/1a7f7d058614b09b54cdbc5dd28664a9/element - {"using":"xpath","value":"//span[contains(text(), \"External partner\")]"}
COMMAND: GET /session/1a7f7d058614b09b54cdbc5dd28664a9/screenshot - {}
RESULT: {"using":"xpath","value":"//span[contains(text(), \"External partner\")]"}
COMMAND: POST /session/1a7f7d058614b09b54cdbc5dd28664a9/element/f.2C654B565EAAE04F20F597F65BFF9971.d.D90AA125A3535488D70C13CBA7FAC2AD.e.1508/click - {}
RESULT: {}
RESULT: {}
COMMAND: POST /session/1a7f7d058614b09b54cdbc5dd28664a9/execute/async - {"script":"<script> [1562 bytes]","args":[{"selector":{"id":"application-managepartners-display-component---NewPartner--partnerDetailsCurrency-arrow"},"wdio_ui5_key":"applicationmanagepartners-display-component---NewPartner--partnerDetailsCurrency-arrow"}]}
COMMAND: GET /session/1a7f7d058614b09b54cdbc5dd28664a9/screenshot - {}
RESULT: {"script":"<script> [1562 bytes]","args":[{"selector":{"id":"application-managepartners-display-component---NewPartner--partnerDetailsCurrency-arrow"},"wdio_ui5_key":"applicationmanagepartners-display-component---NewPartner--partnerDetailsCurrency-arrow"}]}
RESULT: undefined
COMMAND: POST /session/1a7f7d058614b09b54cdbc5dd28664a9/element - {"using":"xpath","value":"//*[@id=\"application-managepartners-display-component---NewPartner--partnerDetailsCurrency-arrow\"]"}
RESULT: {}
RESULT: {"using":"xpath","value":"//*[@id=\"application-managepartners-display-component---NewPartner--partnerDetailsCurrency-arrow\"]"}
COMMAND: POST /session/1a7f7d058614b09b54cdbc5dd28664a9/element/f.2C654B565EAAE04F20F597F65BFF9971.d.D90AA125A3535488D70C13CBA7FAC2AD.e.1513/click - {}
RESULT: {}
COMMAND: POST /session/1a7f7d058614b09b54cdbc5dd28664a9/element - {"using":"xpath","value":"//span[contains(text(), \"US Dollar\")]"}
COMMAND: GET /session/1a7f7d058614b09b54cdbc5dd28664a9/screenshot - {}
RESULT: {"using":"xpath","value":"//span[contains(text(), \"US Dollar\")]"}
COMMAND: POST /session/1a7f7d058614b09b54cdbc5dd28664a9/element/f.2C654B565EAAE04F20F597F65BFF9971.d.D90AA125A3535488D70C13CBA7FAC2AD.e.1514/click - {}
RESULT: {}
RESULT: {}
COMMAND: GET /session/1a7f7d058614b09b54cdbc5dd28664a9/screenshot - {}
RESULT: {}
COMMAND: POST /session/1a7f7d058614b09b54cdbc5dd28664a9/element - {"using":"xpath","value":"//input[@id=\"application-managepartners-display-component---NewPartner--companyCodeComboBox-inner\"]"}
RESULT: {"using":"xpath","value":"//input[@id=\"application-managepartners-display-component---NewPartner--companyCodeComboBox-inner\"]"}
COMMAND: POST /session/1a7f7d058614b09b54cdbc5dd28664a9/element/f.2C654B565EAAE04F20F597F65BFF9971.d.D90AA125A3535488D70C13CBA7FAC2AD.e.1358/clear - {}
RESULT: {}
COMMAND: POST /session/1a7f7d058614b09b54cdbc5dd28664a9/element/f.2C654B565EAAE04F20F597F65BFF9971.d.D90AA125A3535488D70C13CBA7FAC2AD.e.1358/value - {"text":"C002"}
COMMAND: GET /session/1a7f7d058614b09b54cdbc5dd28664a9/screenshot - {}
RESULT: {"text":"C002"}
COMMAND: GET /session/1a7f7d058614b09b54cdbc5dd28664a9/screenshot - {}
RESULT: {}
RESULT: {}
COMMAND: POST /session/1a7f7d058614b09b54cdbc5dd28664a9/element - {"using":"xpath","value":"//span[contains(text(), \"C002\")]"}
RESULT: {"using":"xpath","value":"//span[contains(text(), \"C002\")]"}
COMMAND: POST /session/1a7f7d058614b09b54cdbc5dd28664a9/element/f.2C654B565EAAE04F20F597F65BFF9971.d.D90AA125A3535488D70C13CBA7FAC2AD.e.1518/click - {}
RESULT: {}
COMMAND: GET /session/1a7f7d058614b09b54cdbc5dd28664a9/screenshot - {}
RESULT: {}
COMMAND: POST /session/1a7f7d058614b09b54cdbc5dd28664a9/execute/async - {"script":"<script> [1562 bytes]","args":[{"selector":{"id":"application-managepartners-display-component---NewPartner--btnAddTableRow-img"},"wdio_ui5_key":"applicationmanagepartners-display-component---NewPartner--btnAddTableRow-img"}]}
RESULT: {"script":"<script> [1562 bytes]","args":[{"selector":{"id":"application-managepartners-display-component---NewPartner--btnAddTableRow-img"},"wdio_ui5_key":"applicationmanagepartners-display-component---NewPartner--btnAddTableRow-img"}]}
RESULT: undefined
COMMAND: POST /session/1a7f7d058614b09b54cdbc5dd28664a9/element - {"using":"xpath","value":"//*[@id=\"application-managepartners-display-component---NewPartner--btnAddTableRow-img\"]"}
RESULT: {"using":"xpath","value":"//*[@id=\"application-managepartners-display-component---NewPartner--btnAddTableRow-img\"]"}
COMMAND: POST /session/1a7f7d058614b09b54cdbc5dd28664a9/element/f.2C654B565EAAE04F20F597F65BFF9971.d.D90AA125A3535488D70C13CBA7FAC2AD.e.1519/click - {}
RESULT: {}
COMMAND: GET /session/1a7f7d058614b09b54cdbc5dd28664a9/screenshot - {}
RESULT: {}
COMMAND: POST /session/1a7f7d058614b09b54cdbc5dd28664a9/element - {"using":"xpath","value":"//input[@id=\"application-managepartners-display-component---NewPartner--assignmentYard-application-managepartners-display-component---NewPartner--assignmentsTable-0-inner\"]"}
RESULT: {"using":"xpath","value":"//input[@id=\"application-managepartners-display-component---NewPartner--assignmentYard-application-managepartners-display-component---NewPartner--assignmentsTable-0-inner\"]"}
COMMAND: POST /session/1a7f7d058614b09b54cdbc5dd28664a9/element/f.2C654B565EAAE04F20F597F65BFF9971.d.D90AA125A3535488D70C13CBA7FAC2AD.e.1522/clear - {}
RESULT: {}
COMMAND: POST /session/1a7f7d058614b09b54cdbc5dd28664a9/element/f.2C654B565EAAE04F20F597F65BFF9971.d.D90AA125A3535488D70C13CBA7FAC2AD.e.1522/value - {"text":"268"}
COMMAND: GET /session/1a7f7d058614b09b54cdbc5dd28664a9/screenshot - {}
RESULT: {"text":"268"}
COMMAND: GET /session/1a7f7d058614b09b54cdbc5dd28664a9/screenshot - {}
RESULT: {}
RESULT: {}
COMMAND: POST /session/1a7f7d058614b09b54cdbc5dd28664a9/element - {"using":"xpath","value":"//li[.//span[text()='268']]"}
RESULT: {"using":"xpath","value":"//li[.//span[text()='268']]"}
COMMAND: POST /session/1a7f7d058614b09b54cdbc5dd28664a9/element/f.2C654B565EAAE04F20F597F65BFF9971.d.D90AA125A3535488D70C13CBA7FAC2AD.e.1530/click - {}
RESULT: {}
COMMAND: GET /session/1a7f7d058614b09b54cdbc5dd28664a9/screenshot - {}
RESULT: {}
COMMAND: POST /session/1a7f7d058614b09b54cdbc5dd28664a9/actions - {"actions":[{"id":"action2","type":"key","parameters":{},"actions":[{"type":"keyDown","value":"î€‡"},{"type":"pause","duration":10},{"type":"keyUp","value":"î€‡"}]}]}
RESULT: {"actions":[{"id":"action2","type":"key","parameters":{},"actions":[{"type":"keyDown","value":"î€‡"},{"type":"pause","duration":10},{"type":"keyUp","value":"î€‡"}]}]}
COMMAND: POST /session/1a7f7d058614b09b54cdbc5dd28664a9/element - {"using":"xpath","value":"//td[contains(@id, \"assignmentsTable-0-cell2\")]/div/div"}
COMMAND: GET /session/1a7f7d058614b09b54cdbc5dd28664a9/screenshot - {}
RESULT: {"using":"xpath","value":"//td[contains(@id, \"assignmentsTable-0-cell2\")]/div/div"}
COMMAND: POST /session/1a7f7d058614b09b54cdbc5dd28664a9/element/f.2C654B565EAAE04F20F597F65BFF9971.d.D90AA125A3535488D70C13CBA7FAC2AD.e.1533/click - {}
RESULT: {}
RESULT: {}
COMMAND: GET /session/1a7f7d058614b09b54cdbc5dd28664a9/screenshot - {}
RESULT: {}
COMMAND: POST /session/1a7f7d058614b09b54cdbc5dd28664a9/element - {"using":"xpath","value":"//button[@data-kt=\"saveButton\"]"}
RESULT: {"using":"xpath","value":"//button[@data-kt=\"saveButton\"]"}
COMMAND: POST /session/1a7f7d058614b09b54cdbc5dd28664a9/element/f.2C654B565EAAE04F20F597F65BFF9971.d.D90AA125A3535488D70C13CBA7FAC2AD.e.1481/click - {}
RESULT: {}
COMMAND: GET /session/1a7f7d058614b09b54cdbc5dd28664a9/screenshot - {}
RESULT: {}
COMMAND: POST /session/1a7f7d058614b09b54cdbc5dd28664a9/element - {"using":"xpath","value":"//header[contains(@id, 'ObjectPageLayout-headerTitle')]/div[1]/div[2]/div[2]/span[1]"}
RESULT: {"using":"xpath","value":"//header[contains(@id, 'ObjectPageLayout-headerTitle')]/div[1]/div[2]/div[2]/span[1]"}
COMMAND: POST /session/1a7f7d058614b09b54cdbc5dd28664a9/elements - {"using":"xpath","value":"//header[contains(@id, 'ObjectPageLayout-headerTitle')]/div[1]/div[2]/div[2]/span[1]"}
RESULT: {"using":"xpath","value":"//header[contains(@id, 'ObjectPageLayout-headerTitle')]/div[1]/div[2]/div[2]/span[1]"}
COMMAND: POST /session/1a7f7d058614b09b54cdbc5dd28664a9/execute/sync - {"script":"<script> [56 bytes]","args":[{"element-6066-11e4-a52e-4f735466cecf":"f.2C654B565EAAE04F20F597F65BFF9971.d.D90AA125A3535488D70C13CBA7FAC2AD.e.1694","ELEMENT":"f.2C654B565EAAE04F20F597F65BFF9971.d.D90AA125A3535488D70C13CBA7FAC2AD.e.1694"}]}
RESULT: {"script":"<script> [56 bytes]","args":[{"element-6066-11e4-a52e-4f735466cecf":"f.2C654B565EAAE04F20F597F65BFF9971.d.D90AA125A3535488D70C13CBA7FAC2AD.e.1694","ELEMENT":"f.2C654B565EAAE04F20F597F65BFF9971.d.D90AA125A3535488D70C13CBA7FAC2AD.e.1694"}]}
COMMAND: POST /session/1a7f7d058614b09b54cdbc5dd28664a9/element - {"using":"css selector","value":"#shell-header-logo"}
COMMAND: GET /session/1a7f7d058614b09b54cdbc5dd28664a9/screenshot - {}
RESULT: {"using":"css selector","value":"#shell-header-logo"}
COMMAND: POST /session/1a7f7d058614b09b54cdbc5dd28664a9/element/f.2C654B565EAAE04F20F597F65BFF9971.d.D90AA125A3535488D70C13CBA7FAC2AD.e.1011/click - {}
RESULT: {}
RESULT: {}
COMMAND: GET /session/1a7f7d058614b09b54cdbc5dd28664a9/screenshot - {}
RESULT: {}
COMMAND: POST /session/1a7f7d058614b09b54cdbc5dd28664a9/execute/sync - {"script":"<script> [299 bytes]","args":[["getModel","getResource"]]}
RESULT: {"script":"<script> [299 bytes]","args":[["getModel","getResource"]]}
]]></system-out>
    </testcase>
    <testcase classname="chrome.135_0_7049_96.windows.Partner_specific_tests_US150819_US151080_US151654_US151176_US103444_US151078_US151079_US151109_US151174_US151175_US151189" name="Should filter and search partners US151080" time="96.456">
      <system-out><![CDATA[
COMMAND: POST /session/1a7f7d058614b09b54cdbc5dd28664a9/element - {"using":"xpath","value":"//li[.//span[text()=\"Manage Partners\"]]"}
COMMAND: GET /session/1a7f7d058614b09b54cdbc5dd28664a9/screenshot - {}
RESULT: {"using":"xpath","value":"//li[.//span[text()=\"Manage Partners\"]]"}
COMMAND: POST /session/1a7f7d058614b09b54cdbc5dd28664a9/element - {"using":"xpath","value":"//li[.//span[text()=\"Manage Partners\"]]"}
RESULT: {}
RESULT: {"using":"xpath","value":"//li[.//span[text()=\"Manage Partners\"]]"}
COMMAND: POST /session/1a7f7d058614b09b54cdbc5dd28664a9/element - {"using":"css selector","value":"#shell-header-logo"}
RESULT: {"using":"css selector","value":"#shell-header-logo"}
COMMAND: POST /session/1a7f7d058614b09b54cdbc5dd28664a9/element/f.2C654B565EAAE04F20F597F65BFF9971.d.D90AA125A3535488D70C13CBA7FAC2AD.e.1696/click - {}
COMMAND: POST /session/1a7f7d058614b09b54cdbc5dd28664a9/execute/sync - {"script":"<script> [8489 bytes]","args":[{"element-6066-11e4-a52e-4f735466cecf":"f.2C654B565EAAE04F20F597F65BFF9971.d.D90AA125A3535488D70C13CBA7FAC2AD.e.1696","ELEMENT":"f.2C654B565EAAE04F20F597F65BFF9971.d.D90AA125A3535488D70C13CBA7FAC2AD.e.1696"}]}
RESULT: {}
COMMAND: GET /session/1a7f7d058614b09b54cdbc5dd28664a9/screenshot - {}
RESULT: {"script":"<script> [8489 bytes]","args":[{"element-6066-11e4-a52e-4f735466cecf":"f.2C654B565EAAE04F20F597F65BFF9971.d.D90AA125A3535488D70C13CBA7FAC2AD.e.1696","ELEMENT":"f.2C654B565EAAE04F20F597F65BFF9971.d.D90AA125A3535488D70C13CBA7FAC2AD.e.1696"}]}
COMMAND: POST /session/1a7f7d058614b09b54cdbc5dd28664a9/execute/sync - {"script":"<script> [5351 bytes]","args":[{"element-6066-11e4-a52e-4f735466cecf":"f.2C654B565EAAE04F20F597F65BFF9971.d.D90AA125A3535488D70C13CBA7FAC2AD.e.1696","ELEMENT":"f.2C654B565EAAE04F20F597F65BFF9971.d.D90AA125A3535488D70C13CBA7FAC2AD.e.1696"}]}
COMMAND: GET /session/1a7f7d058614b09b54cdbc5dd28664a9/screenshot - {}
RESULT: {}
RESULT: {"script":"<script> [5351 bytes]","args":[{"element-6066-11e4-a52e-4f735466cecf":"f.2C654B565EAAE04F20F597F65BFF9971.d.D90AA125A3535488D70C13CBA7FAC2AD.e.1696","ELEMENT":"f.2C654B565EAAE04F20F597F65BFF9971.d.D90AA125A3535488D70C13CBA7FAC2AD.e.1696"}]}
COMMAND: GET /session/1a7f7d058614b09b54cdbc5dd28664a9/screenshot - {}
RESULT: {}
RESULT: {}
RESULT: undefined
COMMAND: POST /session/1a7f7d058614b09b54cdbc5dd28664a9/element - {"using":"xpath","value":"//*[@id=\"__tile38\"]"}
RESULT: {"using":"xpath","value":"//*[@id=\"__tile38\"]"}
COMMAND: POST /session/1a7f7d058614b09b54cdbc5dd28664a9/element/f.2C654B565EAAE04F20F597F65BFF9971.d.D90AA125A3535488D70C13CBA7FAC2AD.e.146/click - {}
RESULT: {}
COMMAND: POST /session/1a7f7d058614b09b54cdbc5dd28664a9/element - {"using":"xpath","value":"//button[@data-kt=\"addButton\"]"}
COMMAND: GET /session/1a7f7d058614b09b54cdbc5dd28664a9/screenshot - {}
RESULT: {"using":"xpath","value":"//button[@data-kt=\"addButton\"]"}
COMMAND: POST /session/1a7f7d058614b09b54cdbc5dd28664a9/elements - {"using":"xpath","value":"//button[@data-kt=\"addButton\"]"}
RESULT: {}
RESULT: {"using":"xpath","value":"//button[@data-kt=\"addButton\"]"}
COMMAND: POST /session/1a7f7d058614b09b54cdbc5dd28664a9/elements - {"using":"xpath","value":"//button[@data-kt=\"addButton\"]"}
RESULT: {"using":"xpath","value":"//button[@data-kt=\"addButton\"]"}
COMMAND: POST /session/1a7f7d058614b09b54cdbc5dd28664a9/elements - {"using":"xpath","value":"//button[@data-kt=\"addButton\"]"}
RESULT: {"using":"xpath","value":"//button[@data-kt=\"addButton\"]"}
COMMAND: POST /session/1a7f7d058614b09b54cdbc5dd28664a9/element - {"using":"xpath","value":"//button[@data-kt=\"addButton\"]"}
RESULT: {"using":"xpath","value":"//button[@data-kt=\"addButton\"]"}
COMMAND: POST /session/1a7f7d058614b09b54cdbc5dd28664a9/execute/sync - {"script":"<script> [8489 bytes]","args":[{"element-6066-11e4-a52e-4f735466cecf":"f.2C654B565EAAE04F20F597F65BFF9971.d.D90AA125A3535488D70C13CBA7FAC2AD.e.1730","ELEMENT":"f.2C654B565EAAE04F20F597F65BFF9971.d.D90AA125A3535488D70C13CBA7FAC2AD.e.1730"}]}
RESULT: {"script":"<script> [8489 bytes]","args":[{"element-6066-11e4-a52e-4f735466cecf":"f.2C654B565EAAE04F20F597F65BFF9971.d.D90AA125A3535488D70C13CBA7FAC2AD.e.1730","ELEMENT":"f.2C654B565EAAE04F20F597F65BFF9971.d.D90AA125A3535488D70C13CBA7FAC2AD.e.1730"}]}
COMMAND: GET /session/1a7f7d058614b09b54cdbc5dd28664a9/element/f.2C654B565EAAE04F20F597F65BFF9971.d.D90AA125A3535488D70C13CBA7FAC2AD.e.1730/enabled - {}
COMMAND: GET /session/1a7f7d058614b09b54cdbc5dd28664a9/screenshot - {}
RESULT: {}
COMMAND: POST /session/1a7f7d058614b09b54cdbc5dd28664a9/execute/sync - {"script":"<script> [8489 bytes]","args":[{"element-6066-11e4-a52e-4f735466cecf":"f.2C654B565EAAE04F20F597F65BFF9971.d.D90AA125A3535488D70C13CBA7FAC2AD.e.1730","ELEMENT":"f.2C654B565EAAE04F20F597F65BFF9971.d.D90AA125A3535488D70C13CBA7FAC2AD.e.1730"}]}
COMMAND: GET /session/1a7f7d058614b09b54cdbc5dd28664a9/screenshot - {}
RESULT: {}
RESULT: {"script":"<script> [8489 bytes]","args":[{"element-6066-11e4-a52e-4f735466cecf":"f.2C654B565EAAE04F20F597F65BFF9971.d.D90AA125A3535488D70C13CBA7FAC2AD.e.1730","ELEMENT":"f.2C654B565EAAE04F20F597F65BFF9971.d.D90AA125A3535488D70C13CBA7FAC2AD.e.1730"}]}
COMMAND: POST /session/1a7f7d058614b09b54cdbc5dd28664a9/execute/sync - {"script":"<script> [5351 bytes]","args":[{"element-6066-11e4-a52e-4f735466cecf":"f.2C654B565EAAE04F20F597F65BFF9971.d.D90AA125A3535488D70C13CBA7FAC2AD.e.1730","ELEMENT":"f.2C654B565EAAE04F20F597F65BFF9971.d.D90AA125A3535488D70C13CBA7FAC2AD.e.1730"}]}
COMMAND: GET /session/1a7f7d058614b09b54cdbc5dd28664a9/screenshot - {}
RESULT: {}
RESULT: {"script":"<script> [5351 bytes]","args":[{"element-6066-11e4-a52e-4f735466cecf":"f.2C654B565EAAE04F20F597F65BFF9971.d.D90AA125A3535488D70C13CBA7FAC2AD.e.1730","ELEMENT":"f.2C654B565EAAE04F20F597F65BFF9971.d.D90AA125A3535488D70C13CBA7FAC2AD.e.1730"}]}
COMMAND: GET /session/1a7f7d058614b09b54cdbc5dd28664a9/screenshot - {}
RESULT: {}
RESULT: {}
COMMAND: POST /session/1a7f7d058614b09b54cdbc5dd28664a9/execute/async - {"script":"<script> [1562 bytes]","args":[{"selector":{"id":"application-managepartners-display-component---masterPtm--smartTable-btnPersonalisation-img"},"wdio_ui5_key":"applicationmanagepartners-display-component---masterPtm--smartTable-btnPersonalisation-img"}]}
RESULT: {"script":"<script> [1562 bytes]","args":[{"selector":{"id":"application-managepartners-display-component---masterPtm--smartTable-btnPersonalisation-img"},"wdio_ui5_key":"applicationmanagepartners-display-component---masterPtm--smartTable-btnPersonalisation-img"}]}
RESULT: undefined
COMMAND: POST /session/1a7f7d058614b09b54cdbc5dd28664a9/element - {"using":"xpath","value":"//*[@id=\"application-managepartners-display-component---masterPtm--smartTable-btnPersonalisation-img\"]"}
RESULT: {"using":"xpath","value":"//*[@id=\"application-managepartners-display-component---masterPtm--smartTable-btnPersonalisation-img\"]"}
COMMAND: POST /session/1a7f7d058614b09b54cdbc5dd28664a9/element/f.2C654B565EAAE04F20F597F65BFF9971.d.D90AA125A3535488D70C13CBA7FAC2AD.e.1746/click - {}
RESULT: {}
COMMAND: GET /session/1a7f7d058614b09b54cdbc5dd28664a9/screenshot - {}
RESULT: {}
COMMAND: POST /session/1a7f7d058614b09b54cdbc5dd28664a9/execute/async - {"script":"<script> [1562 bytes]","args":[{"selector":{"controlType":"sap.m.IconTabFilter","viewName":"etm.portal.ui.managepartners.view.Master","viewId":"application-managepartners-display-component---masterPtm","properties":{"text":"Sort"},"searchOpenDialogs":true,"interaction":{"idSuffix":"text"}},"wdio_ui5_key":"etmportal.ui.managepartners.view.Mastersap.m.IconTabFilter{\"text\":\"Sort\"}"}]}
RESULT: {"script":"<script> [1562 bytes]","args":[{"selector":{"controlType":"sap.m.IconTabFilter","viewName":"etm.portal.ui.managepartners.view.Master","viewId":"application-managepartners-display-component---masterPtm","properties":{"text":"Sort"},"searchOpenDialogs":true,"interaction":{"idSuffix":"text"}},"wdio_ui5_key":"etmportal.ui.managepartners.view.Mastersap.m.IconTabFilter{\"text\":\"Sort\"}"}]}
RESULT: undefined
COMMAND: POST /session/1a7f7d058614b09b54cdbc5dd28664a9/element - {"using":"xpath","value":"//*[@id=\"__filter1\"]"}
RESULT: {"using":"xpath","value":"//*[@id=\"__filter1\"]"}
COMMAND: POST /session/1a7f7d058614b09b54cdbc5dd28664a9/element/f.2C654B565EAAE04F20F597F65BFF9971.d.D90AA125A3535488D70C13CBA7FAC2AD.e.1886/click - {}
RESULT: {}
COMMAND: GET /session/1a7f7d058614b09b54cdbc5dd28664a9/screenshot - {}
RESULT: {}
COMMAND: POST /session/1a7f7d058614b09b54cdbc5dd28664a9/element - {"using":"xpath","value":"//input[@placeholder=\"Sort by\"]/following-sibling::div//span"}
RESULT: {"using":"xpath","value":"//input[@placeholder=\"Sort by\"]/following-sibling::div//span"}
COMMAND: POST /session/1a7f7d058614b09b54cdbc5dd28664a9/element/f.2C654B565EAAE04F20F597F65BFF9971.d.D90AA125A3535488D70C13CBA7FAC2AD.e.1888/click - {}
RESULT: {}
COMMAND: GET /session/1a7f7d058614b09b54cdbc5dd28664a9/screenshot - {}
RESULT: {}
COMMAND: POST /session/1a7f7d058614b09b54cdbc5dd28664a9/element - {"using":"xpath","value":"//li[.//span[text()=\"Language\"]]"}
RESULT: {"using":"xpath","value":"//li[.//span[text()=\"Language\"]]"}
COMMAND: POST /session/1a7f7d058614b09b54cdbc5dd28664a9/element/f.2C654B565EAAE04F20F597F65BFF9971.d.D90AA125A3535488D70C13CBA7FAC2AD.e.1889/click - {}
RESULT: {}
COMMAND: GET /session/1a7f7d058614b09b54cdbc5dd28664a9/screenshot - {}
RESULT: {}
COMMAND: POST /session/1a7f7d058614b09b54cdbc5dd28664a9/element - {"using":"xpath","value":"//bdi[contains(text(), \"OK\")]"}
RESULT: {"using":"xpath","value":"//bdi[contains(text(), \"OK\")]"}
COMMAND: POST /session/1a7f7d058614b09b54cdbc5dd28664a9/element/f.2C654B565EAAE04F20F597F65BFF9971.d.D90AA125A3535488D70C13CBA7FAC2AD.e.1893/click - {}
RESULT: {}
COMMAND: GET /session/1a7f7d058614b09b54cdbc5dd28664a9/screenshot - {}
RESULT: {}
COMMAND: POST /session/1a7f7d058614b09b54cdbc5dd28664a9/element - {"using":"xpath","value":"//table[contains(@id, \"customPartnersTable\")]//tbody/tr[1]/td[3]/span"}
RESULT: {"using":"xpath","value":"//table[contains(@id, \"customPartnersTable\")]//tbody/tr[1]/td[3]/span"}
COMMAND: POST /session/1a7f7d058614b09b54cdbc5dd28664a9/execute/sync - {"script":"<script> [56 bytes]","args":[{"element-6066-11e4-a52e-4f735466cecf":"f.2C654B565EAAE04F20F597F65BFF9971.d.D90AA125A3535488D70C13CBA7FAC2AD.e.2019","ELEMENT":"f.2C654B565EAAE04F20F597F65BFF9971.d.D90AA125A3535488D70C13CBA7FAC2AD.e.2019"}]}
RESULT: {"script":"<script> [56 bytes]","args":[{"element-6066-11e4-a52e-4f735466cecf":"f.2C654B565EAAE04F20F597F65BFF9971.d.D90AA125A3535488D70C13CBA7FAC2AD.e.2019","ELEMENT":"f.2C654B565EAAE04F20F597F65BFF9971.d.D90AA125A3535488D70C13CBA7FAC2AD.e.2019"}]}
RESULT: undefined
COMMAND: POST /session/1a7f7d058614b09b54cdbc5dd28664a9/element - {"using":"xpath","value":"//*[@id=\"application-managepartners-display-component---masterPtm--smartTable-btnPersonalisation-img\"]"}
COMMAND: GET /session/1a7f7d058614b09b54cdbc5dd28664a9/screenshot - {}
RESULT: {"using":"xpath","value":"//*[@id=\"application-managepartners-display-component---masterPtm--smartTable-btnPersonalisation-img\"]"}
COMMAND: POST /session/1a7f7d058614b09b54cdbc5dd28664a9/element/f.2C654B565EAAE04F20F597F65BFF9971.d.D90AA125A3535488D70C13CBA7FAC2AD.e.1746/click - {}
RESULT: {}
RESULT: {}
COMMAND: GET /session/1a7f7d058614b09b54cdbc5dd28664a9/screenshot - {}
RESULT: {}
COMMAND: POST /session/1a7f7d058614b09b54cdbc5dd28664a9/element - {"using":"xpath","value":"//bdi[contains(text(), \"Reset\")]"}
RESULT: {"using":"xpath","value":"//bdi[contains(text(), \"Reset\")]"}
COMMAND: POST /session/1a7f7d058614b09b54cdbc5dd28664a9/element/f.2C654B565EAAE04F20F597F65BFF9971.d.D90AA125A3535488D70C13CBA7FAC2AD.e.2023/click - {}
RESULT: {}
COMMAND: GET /session/1a7f7d058614b09b54cdbc5dd28664a9/screenshot - {}
RESULT: {}
COMMAND: POST /session/1a7f7d058614b09b54cdbc5dd28664a9/element - {"using":"xpath","value":"(//bdi[contains(text(), \"OK\")])[2]"}
RESULT: {"using":"xpath","value":"(//bdi[contains(text(), \"OK\")])[2]"}
COMMAND: POST /session/1a7f7d058614b09b54cdbc5dd28664a9/element/f.2C654B565EAAE04F20F597F65BFF9971.d.D90AA125A3535488D70C13CBA7FAC2AD.e.2026/click - {}
RESULT: {}
COMMAND: GET /session/1a7f7d058614b09b54cdbc5dd28664a9/screenshot - {}
RESULT: {}
COMMAND: POST /session/1a7f7d058614b09b54cdbc5dd28664a9/element - {"using":"xpath","value":"//bdi[contains(text(), \"OK\")]"}
RESULT: {"using":"xpath","value":"//bdi[contains(text(), \"OK\")]"}
COMMAND: POST /session/1a7f7d058614b09b54cdbc5dd28664a9/element/f.2C654B565EAAE04F20F597F65BFF9971.d.D90AA125A3535488D70C13CBA7FAC2AD.e.2083/click - {}
RESULT: {}
COMMAND: GET /session/1a7f7d058614b09b54cdbc5dd28664a9/screenshot - {}
RESULT: {}
COMMAND: POST /session/1a7f7d058614b09b54cdbc5dd28664a9/element - {"using":"xpath","value":"//table[contains(@id, \"customPartnersTable\")]//tbody/tr[1]/td[3]/span"}
RESULT: {"using":"xpath","value":"//table[contains(@id, \"customPartnersTable\")]//tbody/tr[1]/td[3]/span"}
COMMAND: POST /session/1a7f7d058614b09b54cdbc5dd28664a9/execute/sync - {"script":"<script> [56 bytes]","args":[{"element-6066-11e4-a52e-4f735466cecf":"f.2C654B565EAAE04F20F597F65BFF9971.d.D90AA125A3535488D70C13CBA7FAC2AD.e.2086","ELEMENT":"f.2C654B565EAAE04F20F597F65BFF9971.d.D90AA125A3535488D70C13CBA7FAC2AD.e.2086"}]}
RESULT: {"script":"<script> [56 bytes]","args":[{"element-6066-11e4-a52e-4f735466cecf":"f.2C654B565EAAE04F20F597F65BFF9971.d.D90AA125A3535488D70C13CBA7FAC2AD.e.2086","ELEMENT":"f.2C654B565EAAE04F20F597F65BFF9971.d.D90AA125A3535488D70C13CBA7FAC2AD.e.2086"}]}
RESULT: undefined
COMMAND: POST /session/1a7f7d058614b09b54cdbc5dd28664a9/element - {"using":"xpath","value":"//*[@id=\"application-managepartners-display-component---masterPtm--smartTable-btnPersonalisation-img\"]"}
COMMAND: GET /session/1a7f7d058614b09b54cdbc5dd28664a9/screenshot - {}
RESULT: {"using":"xpath","value":"//*[@id=\"application-managepartners-display-component---masterPtm--smartTable-btnPersonalisation-img\"]"}
COMMAND: POST /session/1a7f7d058614b09b54cdbc5dd28664a9/element/f.2C654B565EAAE04F20F597F65BFF9971.d.D90AA125A3535488D70C13CBA7FAC2AD.e.1746/click - {}
RESULT: {}
RESULT: {}
COMMAND: GET /session/1a7f7d058614b09b54cdbc5dd28664a9/screenshot - {}
RESULT: {}
COMMAND: POST /session/1a7f7d058614b09b54cdbc5dd28664a9/execute/async - {"script":"<script> [1562 bytes]","args":[{"selector":{"controlType":"sap.m.IconTabFilter","viewName":"etm.portal.ui.managepartners.view.Master","viewId":"application-managepartners-display-component---masterPtm","properties":{"text":"Filter"},"searchOpenDialogs":true,"interaction":{"idSuffix":"text"}},"wdio_ui5_key":"etmportal.ui.managepartners.view.Mastersap.m.IconTabFilter{\"text\":\"Filter\"}"}]}
RESULT: {"script":"<script> [1562 bytes]","args":[{"selector":{"controlType":"sap.m.IconTabFilter","viewName":"etm.portal.ui.managepartners.view.Master","viewId":"application-managepartners-display-component---masterPtm","properties":{"text":"Filter"},"searchOpenDialogs":true,"interaction":{"idSuffix":"text"}},"wdio_ui5_key":"etmportal.ui.managepartners.view.Mastersap.m.IconTabFilter{\"text\":\"Filter\"}"}]}
RESULT: undefined
COMMAND: POST /session/1a7f7d058614b09b54cdbc5dd28664a9/element - {"using":"xpath","value":"//*[@id=\"__filter10\"]"}
RESULT: {"using":"xpath","value":"//*[@id=\"__filter10\"]"}
COMMAND: POST /session/1a7f7d058614b09b54cdbc5dd28664a9/element/f.2C654B565EAAE04F20F597F65BFF9971.d.D90AA125A3535488D70C13CBA7FAC2AD.e.2091/click - {}
RESULT: {}
COMMAND: GET /session/1a7f7d058614b09b54cdbc5dd28664a9/screenshot - {}
RESULT: {}
COMMAND: POST /session/1a7f7d058614b09b54cdbc5dd28664a9/element - {"using":"xpath","value":"//input[@placeholder=\"Filter by\"]/following-sibling::div//span"}
RESULT: {"using":"xpath","value":"//input[@placeholder=\"Filter by\"]/following-sibling::div//span"}
COMMAND: POST /session/1a7f7d058614b09b54cdbc5dd28664a9/element/f.2C654B565EAAE04F20F597F65BFF9971.d.D90AA125A3535488D70C13CBA7FAC2AD.e.2093/click - {}
RESULT: {}
COMMAND: GET /session/1a7f7d058614b09b54cdbc5dd28664a9/screenshot - {}
RESULT: {}
COMMAND: POST /session/1a7f7d058614b09b54cdbc5dd28664a9/element - {"using":"xpath","value":"//li[.//span[text()=\"Preferred Yard\"]]"}
RESULT: {"using":"xpath","value":"//li[.//span[text()=\"Preferred Yard\"]]"}
COMMAND: POST /session/1a7f7d058614b09b54cdbc5dd28664a9/element/f.2C654B565EAAE04F20F597F65BFF9971.d.D90AA125A3535488D70C13CBA7FAC2AD.e.2094/click - {}
RESULT: {}
COMMAND: GET /session/1a7f7d058614b09b54cdbc5dd28664a9/screenshot - {}
RESULT: {}
COMMAND: POST /session/1a7f7d058614b09b54cdbc5dd28664a9/execute/async - {"script":"<script> [1562 bytes]","args":[{"selector":{"id":"FilterPanel-filterItemControl_BASIC-application-managepartners-display-component---masterPtm--smartTable-YARDYARD-vhi","searchOpenDialogs":true},"wdio_ui5_key":"FilterPanelfilterItemControl_BASIC-application-managepartners-display-component---masterPtm--smartTable-YARDYARD-vhi"}]}
RESULT: {"script":"<script> [1562 bytes]","args":[{"selector":{"id":"FilterPanel-filterItemControl_BASIC-application-managepartners-display-component---masterPtm--smartTable-YARDYARD-vhi","searchOpenDialogs":true},"wdio_ui5_key":"FilterPanelfilterItemControl_BASIC-application-managepartners-display-component---masterPtm--smartTable-YARDYARD-vhi"}]}
RESULT: undefined
COMMAND: POST /session/1a7f7d058614b09b54cdbc5dd28664a9/element - {"using":"xpath","value":"//*[@id=\"FilterPanel-filterItemControl_BASIC-application-managepartners-display-component---masterPtm--smartTable-YARDYARD-vhi\"]"}
RESULT: {"using":"xpath","value":"//*[@id=\"FilterPanel-filterItemControl_BASIC-application-managepartners-display-component---masterPtm--smartTable-YARDYARD-vhi\"]"}
COMMAND: POST /session/1a7f7d058614b09b54cdbc5dd28664a9/element/f.2C654B565EAAE04F20F597F65BFF9971.d.D90AA125A3535488D70C13CBA7FAC2AD.e.2097/click - {}
RESULT: {}
COMMAND: GET /session/1a7f7d058614b09b54cdbc5dd28664a9/screenshot - {}
RESULT: {}
COMMAND: POST /session/1a7f7d058614b09b54cdbc5dd28664a9/execute/async - {"script":"<script> [1562 bytes]","args":[{"selector":{"id":"FilterPanel-filterItemControl_BASIC-application-managepartners-display-component---masterPtm--smartTable-YARDYARD-valueHelpDialog-smartFilterBar-btnBasicSearch","searchOpenDialogs":true,"interaction":{"idSuffix":"I"}},"wdio_ui5_key":"FilterPanelfilterItemControl_BASIC-application-managepartners-display-component---masterPtm--smartTable-YARDYARD-valueHelpDialog-smartFilterBar-btnBasicSearch"}]}
RESULT: {"script":"<script> [1562 bytes]","args":[{"selector":{"id":"FilterPanel-filterItemControl_BASIC-application-managepartners-display-component---masterPtm--smartTable-YARDYARD-valueHelpDialog-smartFilterBar-btnBasicSearch","searchOpenDialogs":true,"interaction":{"idSuffix":"I"}},"wdio_ui5_key":"FilterPanelfilterItemControl_BASIC-application-managepartners-display-component---masterPtm--smartTable-YARDYARD-valueHelpDialog-smartFilterBar-btnBasicSearch"}]}
RESULT: undefined
COMMAND: POST /session/1a7f7d058614b09b54cdbc5dd28664a9/execute/async - {"script":"<script> [776 bytes]","args":[{"enterText":"268","selector":{"id":"FilterPanel-filterItemControl_BASIC-application-managepartners-display-component---masterPtm--smartTable-YARDYARD-valueHelpDialog-smartFilterBar-btnBasicSearch","searchOpenDialogs":true,"interaction":{"idSuffix":"I"}},"clearTextFirst":true,"interactionType":"ENTER_TEXT"}]}
RESULT: {"script":"<script> [776 bytes]","args":[{"enterText":"268","selector":{"id":"FilterPanel-filterItemControl_BASIC-application-managepartners-display-component---masterPtm--smartTable-YARDYARD-valueHelpDialog-smartFilterBar-btnBasicSearch","searchOpenDialogs":true,"interaction":{"idSuffix":"I"}},"clearTextFirst":true,"interactionType":"ENTER_TEXT"}]}
COMMAND: POST /session/1a7f7d058614b09b54cdbc5dd28664a9/actions - {"actions":[{"id":"action3","type":"key","parameters":{},"actions":[{"type":"keyDown","value":"î€‡"},{"type":"pause","duration":10},{"type":"keyUp","value":"î€‡"}]}]}
RESULT: {"actions":[{"id":"action3","type":"key","parameters":{},"actions":[{"type":"keyDown","value":"î€‡"},{"type":"pause","duration":10},{"type":"keyUp","value":"î€‡"}]}]}
COMMAND: GET /session/1a7f7d058614b09b54cdbc5dd28664a9/screenshot - {}
RESULT: {}
COMMAND: POST /session/1a7f7d058614b09b54cdbc5dd28664a9/elements - {"using":"xpath","value":"//table[contains(@id, \"smartTable-YARDYARD-valueHelpDialog-table-table\")]/tbody/tr"}
RESULT: {"using":"xpath","value":"//table[contains(@id, \"smartTable-YARDYARD-valueHelpDialog-table-table\")]/tbody/tr"}
COMMAND: POST /session/1a7f7d058614b09b54cdbc5dd28664a9/element - {"using":"xpath","value":"//table[contains(@id, \"smartTable-YARDYARD-valueHelpDialog-table-table\")]/tbody/tr[1]/td[1]/div/span"}
RESULT: {"using":"xpath","value":"//table[contains(@id, \"smartTable-YARDYARD-valueHelpDialog-table-table\")]/tbody/tr[1]/td[1]/div/span"}
COMMAND: POST /session/1a7f7d058614b09b54cdbc5dd28664a9/elements - {"using":"xpath","value":"//table[contains(@id, \"smartTable-YARDYARD-valueHelpDialog-table-table\")]/tbody/tr[1]/td[1]/div/span"}
RESULT: {"using":"xpath","value":"//table[contains(@id, \"smartTable-YARDYARD-valueHelpDialog-table-table\")]/tbody/tr[1]/td[1]/div/span"}
COMMAND: POST /session/1a7f7d058614b09b54cdbc5dd28664a9/execute/sync - {"script":"<script> [56 bytes]","args":[{"element-6066-11e4-a52e-4f735466cecf":"f.2C654B565EAAE04F20F597F65BFF9971.d.D90AA125A3535488D70C13CBA7FAC2AD.e.2116","ELEMENT":"f.2C654B565EAAE04F20F597F65BFF9971.d.D90AA125A3535488D70C13CBA7FAC2AD.e.2116"}]}
RESULT: {"script":"<script> [56 bytes]","args":[{"element-6066-11e4-a52e-4f735466cecf":"f.2C654B565EAAE04F20F597F65BFF9971.d.D90AA125A3535488D70C13CBA7FAC2AD.e.2116","ELEMENT":"f.2C654B565EAAE04F20F597F65BFF9971.d.D90AA125A3535488D70C13CBA7FAC2AD.e.2116"}]}
COMMAND: POST /session/1a7f7d058614b09b54cdbc5dd28664a9/element - {"using":"xpath","value":"//table[contains(@id, \"smartTable-YARDYARD-valueHelpDialog-table-table\")]/tbody/tr[2]/td[1]/div/span"}
COMMAND: GET /session/1a7f7d058614b09b54cdbc5dd28664a9/screenshot - {}
RESULT: {"using":"xpath","value":"//table[contains(@id, \"smartTable-YARDYARD-valueHelpDialog-table-table\")]/tbody/tr[2]/td[1]/div/span"}
COMMAND: POST /session/1a7f7d058614b09b54cdbc5dd28664a9/elements - {"using":"xpath","value":"//table[contains(@id, \"smartTable-YARDYARD-valueHelpDialog-table-table\")]/tbody/tr[2]/td[1]/div/span"}
RESULT: {}
RESULT: {"using":"xpath","value":"//table[contains(@id, \"smartTable-YARDYARD-valueHelpDialog-table-table\")]/tbody/tr[2]/td[1]/div/span"}
COMMAND: POST /session/1a7f7d058614b09b54cdbc5dd28664a9/execute/sync - {"script":"<script> [56 bytes]","args":[{"element-6066-11e4-a52e-4f735466cecf":"f.2C654B565EAAE04F20F597F65BFF9971.d.D90AA125A3535488D70C13CBA7FAC2AD.e.2117","ELEMENT":"f.2C654B565EAAE04F20F597F65BFF9971.d.D90AA125A3535488D70C13CBA7FAC2AD.e.2117"}]}
RESULT: {"script":"<script> [56 bytes]","args":[{"element-6066-11e4-a52e-4f735466cecf":"f.2C654B565EAAE04F20F597F65BFF9971.d.D90AA125A3535488D70C13CBA7FAC2AD.e.2117","ELEMENT":"f.2C654B565EAAE04F20F597F65BFF9971.d.D90AA125A3535488D70C13CBA7FAC2AD.e.2117"}]}
COMMAND: POST /session/1a7f7d058614b09b54cdbc5dd28664a9/element - {"using":"xpath","value":"//div[contains(@id, \"YARDYARD-valueHelpDialog-table-rowsel1\")]"}
COMMAND: GET /session/1a7f7d058614b09b54cdbc5dd28664a9/screenshot - {}
RESULT: {"using":"xpath","value":"//div[contains(@id, \"YARDYARD-valueHelpDialog-table-rowsel1\")]"}
COMMAND: POST /session/1a7f7d058614b09b54cdbc5dd28664a9/element/f.2C654B565EAAE04F20F597F65BFF9971.d.D90AA125A3535488D70C13CBA7FAC2AD.e.2118/click - {}
RESULT: {}
RESULT: {}
COMMAND: GET /session/1a7f7d058614b09b54cdbc5dd28664a9/screenshot - {}
RESULT: {}
COMMAND: POST /session/1a7f7d058614b09b54cdbc5dd28664a9/element - {"using":"xpath","value":"(//bdi[contains(text(), \"OK\")])[2]"}
RESULT: {"using":"xpath","value":"(//bdi[contains(text(), \"OK\")])[2]"}
COMMAND: POST /session/1a7f7d058614b09b54cdbc5dd28664a9/element/f.2C654B565EAAE04F20F597F65BFF9971.d.D90AA125A3535488D70C13CBA7FAC2AD.e.2120/click - {}
RESULT: {}
COMMAND: GET /session/1a7f7d058614b09b54cdbc5dd28664a9/screenshot - {}
RESULT: {}
COMMAND: POST /session/1a7f7d058614b09b54cdbc5dd28664a9/element - {"using":"xpath","value":"//bdi[contains(text(), \"OK\")]"}
RESULT: {"using":"xpath","value":"//bdi[contains(text(), \"OK\")]"}
COMMAND: POST /session/1a7f7d058614b09b54cdbc5dd28664a9/element/f.2C654B565EAAE04F20F597F65BFF9971.d.D90AA125A3535488D70C13CBA7FAC2AD.e.2123/click - {}
RESULT: {}
COMMAND: GET /session/1a7f7d058614b09b54cdbc5dd28664a9/screenshot - {}
RESULT: {}
COMMAND: POST /session/1a7f7d058614b09b54cdbc5dd28664a9/element - {"using":"xpath","value":"//table[contains(@id, \"customPartnersTable\")]//tbody/tr[1]/td[3]/span"}
RESULT: {"using":"xpath","value":"//table[contains(@id, \"customPartnersTable\")]//tbody/tr[1]/td[3]/span"}
COMMAND: POST /session/1a7f7d058614b09b54cdbc5dd28664a9/execute/sync - {"script":"<script> [56 bytes]","args":[{"element-6066-11e4-a52e-4f735466cecf":"f.2C654B565EAAE04F20F597F65BFF9971.d.D90AA125A3535488D70C13CBA7FAC2AD.e.2086","ELEMENT":"f.2C654B565EAAE04F20F597F65BFF9971.d.D90AA125A3535488D70C13CBA7FAC2AD.e.2086"}]}
RESULT: {"script":"<script> [56 bytes]","args":[{"element-6066-11e4-a52e-4f735466cecf":"f.2C654B565EAAE04F20F597F65BFF9971.d.D90AA125A3535488D70C13CBA7FAC2AD.e.2086","ELEMENT":"f.2C654B565EAAE04F20F597F65BFF9971.d.D90AA125A3535488D70C13CBA7FAC2AD.e.2086"}]}
COMMAND: POST /session/1a7f7d058614b09b54cdbc5dd28664a9/element - {"using":"css selector","value":"#shell-header-logo"}
COMMAND: GET /session/1a7f7d058614b09b54cdbc5dd28664a9/screenshot - {}
RESULT: {"using":"css selector","value":"#shell-header-logo"}
COMMAND: POST /session/1a7f7d058614b09b54cdbc5dd28664a9/element/f.2C654B565EAAE04F20F597F65BFF9971.d.D90AA125A3535488D70C13CBA7FAC2AD.e.1696/click - {}
RESULT: {}
RESULT: {}
COMMAND: GET /session/1a7f7d058614b09b54cdbc5dd28664a9/screenshot - {}
RESULT: {}
]]></system-out>
    </testcase>
    <testcase classname="chrome.135_0_7049_96.windows.Partner_specific_tests_US150819_US151080_US151654_US151176_US103444_US151078_US151079_US151109_US151174_US151175_US151189" name="Should deactivate the created partner in earlier step US151654" time="55.143">
      <system-out><![CDATA[
COMMAND: POST /session/1a7f7d058614b09b54cdbc5dd28664a9/element - {"using":"xpath","value":"//li[.//span[text()=\"Manage Partners\"]]"}
RESULT: {"using":"xpath","value":"//li[.//span[text()=\"Manage Partners\"]]"}
COMMAND: POST /session/1a7f7d058614b09b54cdbc5dd28664a9/element - {"using":"xpath","value":"//li[.//span[text()=\"Manage Partners\"]]"}
RESULT: {"using":"xpath","value":"//li[.//span[text()=\"Manage Partners\"]]"}
COMMAND: POST /session/1a7f7d058614b09b54cdbc5dd28664a9/element - {"using":"css selector","value":"#shell-header-logo"}
RESULT: {"using":"css selector","value":"#shell-header-logo"}
COMMAND: POST /session/1a7f7d058614b09b54cdbc5dd28664a9/element/f.2C654B565EAAE04F20F597F65BFF9971.d.D90AA125A3535488D70C13CBA7FAC2AD.e.2174/click - {}
COMMAND: POST /session/1a7f7d058614b09b54cdbc5dd28664a9/execute/sync - {"script":"<script> [8489 bytes]","args":[{"element-6066-11e4-a52e-4f735466cecf":"f.2C654B565EAAE04F20F597F65BFF9971.d.D90AA125A3535488D70C13CBA7FAC2AD.e.2174","ELEMENT":"f.2C654B565EAAE04F20F597F65BFF9971.d.D90AA125A3535488D70C13CBA7FAC2AD.e.2174"}]}
RESULT: {}
COMMAND: GET /session/1a7f7d058614b09b54cdbc5dd28664a9/screenshot - {}
RESULT: {"script":"<script> [8489 bytes]","args":[{"element-6066-11e4-a52e-4f735466cecf":"f.2C654B565EAAE04F20F597F65BFF9971.d.D90AA125A3535488D70C13CBA7FAC2AD.e.2174","ELEMENT":"f.2C654B565EAAE04F20F597F65BFF9971.d.D90AA125A3535488D70C13CBA7FAC2AD.e.2174"}]}
COMMAND: POST /session/1a7f7d058614b09b54cdbc5dd28664a9/execute/sync - {"script":"<script> [5351 bytes]","args":[{"element-6066-11e4-a52e-4f735466cecf":"f.2C654B565EAAE04F20F597F65BFF9971.d.D90AA125A3535488D70C13CBA7FAC2AD.e.2174","ELEMENT":"f.2C654B565EAAE04F20F597F65BFF9971.d.D90AA125A3535488D70C13CBA7FAC2AD.e.2174"}]}
COMMAND: GET /session/1a7f7d058614b09b54cdbc5dd28664a9/screenshot - {}
RESULT: {}
RESULT: {"script":"<script> [5351 bytes]","args":[{"element-6066-11e4-a52e-4f735466cecf":"f.2C654B565EAAE04F20F597F65BFF9971.d.D90AA125A3535488D70C13CBA7FAC2AD.e.2174","ELEMENT":"f.2C654B565EAAE04F20F597F65BFF9971.d.D90AA125A3535488D70C13CBA7FAC2AD.e.2174"}]}
COMMAND: GET /session/1a7f7d058614b09b54cdbc5dd28664a9/screenshot - {}
RESULT: {}
RESULT: {}
RESULT: undefined
COMMAND: POST /session/1a7f7d058614b09b54cdbc5dd28664a9/element - {"using":"xpath","value":"//*[@id=\"__tile38\"]"}
RESULT: {"using":"xpath","value":"//*[@id=\"__tile38\"]"}
COMMAND: POST /session/1a7f7d058614b09b54cdbc5dd28664a9/element/f.2C654B565EAAE04F20F597F65BFF9971.d.D90AA125A3535488D70C13CBA7FAC2AD.e.146/click - {}
RESULT: {}
COMMAND: POST /session/1a7f7d058614b09b54cdbc5dd28664a9/element - {"using":"xpath","value":"//button[@data-kt=\"addButton\"]"}
COMMAND: GET /session/1a7f7d058614b09b54cdbc5dd28664a9/screenshot - {}
RESULT: {"using":"xpath","value":"//button[@data-kt=\"addButton\"]"}
COMMAND: POST /session/1a7f7d058614b09b54cdbc5dd28664a9/elements - {"using":"xpath","value":"//button[@data-kt=\"addButton\"]"}
RESULT: {}
RESULT: {"using":"xpath","value":"//button[@data-kt=\"addButton\"]"}
COMMAND: POST /session/1a7f7d058614b09b54cdbc5dd28664a9/elements - {"using":"xpath","value":"//button[@data-kt=\"addButton\"]"}
RESULT: {"using":"xpath","value":"//button[@data-kt=\"addButton\"]"}
COMMAND: POST /session/1a7f7d058614b09b54cdbc5dd28664a9/elements - {"using":"xpath","value":"//button[@data-kt=\"addButton\"]"}
RESULT: {"using":"xpath","value":"//button[@data-kt=\"addButton\"]"}
COMMAND: POST /session/1a7f7d058614b09b54cdbc5dd28664a9/elements - {"using":"xpath","value":"//button[@data-kt=\"addButton\"]"}
RESULT: {"using":"xpath","value":"//button[@data-kt=\"addButton\"]"}
COMMAND: POST /session/1a7f7d058614b09b54cdbc5dd28664a9/elements - {"using":"xpath","value":"//button[@data-kt=\"addButton\"]"}
RESULT: {"using":"xpath","value":"//button[@data-kt=\"addButton\"]"}
COMMAND: POST /session/1a7f7d058614b09b54cdbc5dd28664a9/elements - {"using":"xpath","value":"//button[@data-kt=\"addButton\"]"}
RESULT: {"using":"xpath","value":"//button[@data-kt=\"addButton\"]"}
COMMAND: POST /session/1a7f7d058614b09b54cdbc5dd28664a9/elements - {"using":"xpath","value":"//button[@data-kt=\"addButton\"]"}
RESULT: {"using":"xpath","value":"//button[@data-kt=\"addButton\"]"}
COMMAND: POST /session/1a7f7d058614b09b54cdbc5dd28664a9/elements - {"using":"xpath","value":"//button[@data-kt=\"addButton\"]"}
RESULT: {"using":"xpath","value":"//button[@data-kt=\"addButton\"]"}
COMMAND: POST /session/1a7f7d058614b09b54cdbc5dd28664a9/elements - {"using":"xpath","value":"//button[@data-kt=\"addButton\"]"}
RESULT: {"using":"xpath","value":"//button[@data-kt=\"addButton\"]"}
COMMAND: POST /session/1a7f7d058614b09b54cdbc5dd28664a9/elements - {"using":"xpath","value":"//button[@data-kt=\"addButton\"]"}
RESULT: {"using":"xpath","value":"//button[@data-kt=\"addButton\"]"}
COMMAND: POST /session/1a7f7d058614b09b54cdbc5dd28664a9/elements - {"using":"xpath","value":"//button[@data-kt=\"addButton\"]"}
RESULT: {"using":"xpath","value":"//button[@data-kt=\"addButton\"]"}
COMMAND: POST /session/1a7f7d058614b09b54cdbc5dd28664a9/elements - {"using":"xpath","value":"//button[@data-kt=\"addButton\"]"}
RESULT: {"using":"xpath","value":"//button[@data-kt=\"addButton\"]"}
COMMAND: POST /session/1a7f7d058614b09b54cdbc5dd28664a9/elements - {"using":"xpath","value":"//button[@data-kt=\"addButton\"]"}
RESULT: {"using":"xpath","value":"//button[@data-kt=\"addButton\"]"}
COMMAND: POST /session/1a7f7d058614b09b54cdbc5dd28664a9/elements - {"using":"xpath","value":"//button[@data-kt=\"addButton\"]"}
RESULT: {"using":"xpath","value":"//button[@data-kt=\"addButton\"]"}
COMMAND: POST /session/1a7f7d058614b09b54cdbc5dd28664a9/elements - {"using":"xpath","value":"//button[@data-kt=\"addButton\"]"}
RESULT: {"using":"xpath","value":"//button[@data-kt=\"addButton\"]"}
COMMAND: POST /session/1a7f7d058614b09b54cdbc5dd28664a9/elements - {"using":"xpath","value":"//button[@data-kt=\"addButton\"]"}
RESULT: {"using":"xpath","value":"//button[@data-kt=\"addButton\"]"}
COMMAND: POST /session/1a7f7d058614b09b54cdbc5dd28664a9/elements - {"using":"xpath","value":"//button[@data-kt=\"addButton\"]"}
RESULT: {"using":"xpath","value":"//button[@data-kt=\"addButton\"]"}
COMMAND: POST /session/1a7f7d058614b09b54cdbc5dd28664a9/elements - {"using":"xpath","value":"//button[@data-kt=\"addButton\"]"}
RESULT: {"using":"xpath","value":"//button[@data-kt=\"addButton\"]"}
COMMAND: POST /session/1a7f7d058614b09b54cdbc5dd28664a9/elements - {"using":"xpath","value":"//button[@data-kt=\"addButton\"]"}
RESULT: {"using":"xpath","value":"//button[@data-kt=\"addButton\"]"}
COMMAND: POST /session/1a7f7d058614b09b54cdbc5dd28664a9/elements - {"using":"xpath","value":"//button[@data-kt=\"addButton\"]"}
RESULT: {"using":"xpath","value":"//button[@data-kt=\"addButton\"]"}
COMMAND: POST /session/1a7f7d058614b09b54cdbc5dd28664a9/elements - {"using":"xpath","value":"//button[@data-kt=\"addButton\"]"}
RESULT: {"using":"xpath","value":"//button[@data-kt=\"addButton\"]"}
COMMAND: POST /session/1a7f7d058614b09b54cdbc5dd28664a9/elements - {"using":"xpath","value":"//button[@data-kt=\"addButton\"]"}
RESULT: {"using":"xpath","value":"//button[@data-kt=\"addButton\"]"}
COMMAND: POST /session/1a7f7d058614b09b54cdbc5dd28664a9/element - {"using":"xpath","value":"//button[@data-kt=\"addButton\"]"}
RESULT: {"using":"xpath","value":"//button[@data-kt=\"addButton\"]"}
COMMAND: POST /session/1a7f7d058614b09b54cdbc5dd28664a9/execute/sync - {"script":"<script> [8489 bytes]","args":[{"element-6066-11e4-a52e-4f735466cecf":"f.2C654B565EAAE04F20F597F65BFF9971.d.D90AA125A3535488D70C13CBA7FAC2AD.e.2209","ELEMENT":"f.2C654B565EAAE04F20F597F65BFF9971.d.D90AA125A3535488D70C13CBA7FAC2AD.e.2209"}]}
RESULT: {"script":"<script> [8489 bytes]","args":[{"element-6066-11e4-a52e-4f735466cecf":"f.2C654B565EAAE04F20F597F65BFF9971.d.D90AA125A3535488D70C13CBA7FAC2AD.e.2209","ELEMENT":"f.2C654B565EAAE04F20F597F65BFF9971.d.D90AA125A3535488D70C13CBA7FAC2AD.e.2209"}]}
COMMAND: GET /session/1a7f7d058614b09b54cdbc5dd28664a9/element/f.2C654B565EAAE04F20F597F65BFF9971.d.D90AA125A3535488D70C13CBA7FAC2AD.e.2209/enabled - {}
COMMAND: GET /session/1a7f7d058614b09b54cdbc5dd28664a9/screenshot - {}
RESULT: {}
COMMAND: POST /session/1a7f7d058614b09b54cdbc5dd28664a9/execute/sync - {"script":"<script> [8489 bytes]","args":[{"element-6066-11e4-a52e-4f735466cecf":"f.2C654B565EAAE04F20F597F65BFF9971.d.D90AA125A3535488D70C13CBA7FAC2AD.e.2209","ELEMENT":"f.2C654B565EAAE04F20F597F65BFF9971.d.D90AA125A3535488D70C13CBA7FAC2AD.e.2209"}]}
COMMAND: GET /session/1a7f7d058614b09b54cdbc5dd28664a9/screenshot - {}
RESULT: {}
RESULT: {"script":"<script> [8489 bytes]","args":[{"element-6066-11e4-a52e-4f735466cecf":"f.2C654B565EAAE04F20F597F65BFF9971.d.D90AA125A3535488D70C13CBA7FAC2AD.e.2209","ELEMENT":"f.2C654B565EAAE04F20F597F65BFF9971.d.D90AA125A3535488D70C13CBA7FAC2AD.e.2209"}]}
COMMAND: POST /session/1a7f7d058614b09b54cdbc5dd28664a9/execute/sync - {"script":"<script> [5351 bytes]","args":[{"element-6066-11e4-a52e-4f735466cecf":"f.2C654B565EAAE04F20F597F65BFF9971.d.D90AA125A3535488D70C13CBA7FAC2AD.e.2209","ELEMENT":"f.2C654B565EAAE04F20F597F65BFF9971.d.D90AA125A3535488D70C13CBA7FAC2AD.e.2209"}]}
COMMAND: GET /session/1a7f7d058614b09b54cdbc5dd28664a9/screenshot - {}
RESULT: {}
RESULT: {"script":"<script> [5351 bytes]","args":[{"element-6066-11e4-a52e-4f735466cecf":"f.2C654B565EAAE04F20F597F65BFF9971.d.D90AA125A3535488D70C13CBA7FAC2AD.e.2209","ELEMENT":"f.2C654B565EAAE04F20F597F65BFF9971.d.D90AA125A3535488D70C13CBA7FAC2AD.e.2209"}]}
COMMAND: GET /session/1a7f7d058614b09b54cdbc5dd28664a9/screenshot - {}
RESULT: {}
RESULT: {}
COMMAND: POST /session/1a7f7d058614b09b54cdbc5dd28664a9/execute/async - {"script":"<script> [1562 bytes]","args":[{"selector":{"id":"application-managepartners-display-component---masterPtm--smartFilterBar-btnBasicSearch","interaction":{"idSuffix":"I"}},"wdio_ui5_key":"applicationmanagepartners-display-component---masterPtm--smartFilterBar-btnBasicSearch"}]}
RESULT: {"script":"<script> [1562 bytes]","args":[{"selector":{"id":"application-managepartners-display-component---masterPtm--smartFilterBar-btnBasicSearch","interaction":{"idSuffix":"I"}},"wdio_ui5_key":"applicationmanagepartners-display-component---masterPtm--smartFilterBar-btnBasicSearch"}]}
RESULT: undefined
COMMAND: POST /session/1a7f7d058614b09b54cdbc5dd28664a9/execute/async - {"script":"<script> [776 bytes]","args":[{"enterText":"1128","selector":{"id":"application-managepartners-display-component---masterPtm--smartFilterBar-btnBasicSearch","interaction":{"idSuffix":"I"}},"clearTextFirst":true,"interactionType":"ENTER_TEXT"}]}
RESULT: {"script":"<script> [776 bytes]","args":[{"enterText":"1128","selector":{"id":"application-managepartners-display-component---masterPtm--smartFilterBar-btnBasicSearch","interaction":{"idSuffix":"I"}},"clearTextFirst":true,"interactionType":"ENTER_TEXT"}]}
COMMAND: POST /session/1a7f7d058614b09b54cdbc5dd28664a9/actions - {"actions":[{"id":"action4","type":"key","parameters":{},"actions":[{"type":"keyDown","value":"î€‡"},{"type":"pause","duration":10},{"type":"keyUp","value":"î€‡"}]}]}
RESULT: {"actions":[{"id":"action4","type":"key","parameters":{},"actions":[{"type":"keyDown","value":"î€‡"},{"type":"pause","duration":10},{"type":"keyUp","value":"î€‡"}]}]}
COMMAND: GET /session/1a7f7d058614b09b54cdbc5dd28664a9/screenshot - {}
RESULT: {}
COMMAND: POST /session/1a7f7d058614b09b54cdbc5dd28664a9/elements - {"using":"xpath","value":"//table[contains(@id, \"customPartnersTable-listUl\")]/tbody/tr"}
RESULT: {"using":"xpath","value":"//table[contains(@id, \"customPartnersTable-listUl\")]/tbody/tr"}
COMMAND: POST /session/1a7f7d058614b09b54cdbc5dd28664a9/element - {"using":"xpath","value":"//table[contains(@id, \"customPartnersTable-listUl\")]/tbody/tr[1]/td[3]/span"}
RESULT: {"using":"xpath","value":"//table[contains(@id, \"customPartnersTable-listUl\")]/tbody/tr[1]/td[3]/span"}
COMMAND: POST /session/1a7f7d058614b09b54cdbc5dd28664a9/elements - {"using":"xpath","value":"//table[contains(@id, \"customPartnersTable-listUl\")]/tbody/tr[1]/td[3]/span"}
RESULT: {"using":"xpath","value":"//table[contains(@id, \"customPartnersTable-listUl\")]/tbody/tr[1]/td[3]/span"}
COMMAND: POST /session/1a7f7d058614b09b54cdbc5dd28664a9/execute/sync - {"script":"<script> [56 bytes]","args":[{"element-6066-11e4-a52e-4f735466cecf":"f.2C654B565EAAE04F20F597F65BFF9971.d.D90AA125A3535488D70C13CBA7FAC2AD.e.2357","ELEMENT":"f.2C654B565EAAE04F20F597F65BFF9971.d.D90AA125A3535488D70C13CBA7FAC2AD.e.2357"}]}
RESULT: {"script":"<script> [56 bytes]","args":[{"element-6066-11e4-a52e-4f735466cecf":"f.2C654B565EAAE04F20F597F65BFF9971.d.D90AA125A3535488D70C13CBA7FAC2AD.e.2357","ELEMENT":"f.2C654B565EAAE04F20F597F65BFF9971.d.D90AA125A3535488D70C13CBA7FAC2AD.e.2357"}]}
COMMAND: POST /session/1a7f7d058614b09b54cdbc5dd28664a9/element - {"using":"xpath","value":"//table[contains(@id, \"customPartnersTable-listUl\")]/tbody/tr[1]/td[7]/div/span"}
COMMAND: GET /session/1a7f7d058614b09b54cdbc5dd28664a9/screenshot - {}
RESULT: {"using":"xpath","value":"//table[contains(@id, \"customPartnersTable-listUl\")]/tbody/tr[1]/td[7]/div/span"}
COMMAND: POST /session/1a7f7d058614b09b54cdbc5dd28664a9/execute/sync - {"script":"<script> [56 bytes]","args":[{"element-6066-11e4-a52e-4f735466cecf":"f.2C654B565EAAE04F20F597F65BFF9971.d.D90AA125A3535488D70C13CBA7FAC2AD.e.2358","ELEMENT":"f.2C654B565EAAE04F20F597F65BFF9971.d.D90AA125A3535488D70C13CBA7FAC2AD.e.2358"}]}
RESULT: {}
RESULT: {"script":"<script> [56 bytes]","args":[{"element-6066-11e4-a52e-4f735466cecf":"f.2C654B565EAAE04F20F597F65BFF9971.d.D90AA125A3535488D70C13CBA7FAC2AD.e.2358","ELEMENT":"f.2C654B565EAAE04F20F597F65BFF9971.d.D90AA125A3535488D70C13CBA7FAC2AD.e.2358"}]}
COMMAND: POST /session/1a7f7d058614b09b54cdbc5dd28664a9/element - {"using":"xpath","value":"//table[contains(@id, \"customPartnersTable-listUl\")]/tbody/tr[1]/td[2]/div/div"}
COMMAND: GET /session/1a7f7d058614b09b54cdbc5dd28664a9/screenshot - {}
RESULT: {"using":"xpath","value":"//table[contains(@id, \"customPartnersTable-listUl\")]/tbody/tr[1]/td[2]/div/div"}
COMMAND: POST /session/1a7f7d058614b09b54cdbc5dd28664a9/element/f.2C654B565EAAE04F20F597F65BFF9971.d.D90AA125A3535488D70C13CBA7FAC2AD.e.2359/click - {}
RESULT: {}
RESULT: {}
COMMAND: GET /session/1a7f7d058614b09b54cdbc5dd28664a9/screenshot - {}
RESULT: {}
COMMAND: POST /session/1a7f7d058614b09b54cdbc5dd28664a9/element - {"using":"xpath","value":"//bdi[contains(text(), \"Deactivate\")]"}
RESULT: {"using":"xpath","value":"//bdi[contains(text(), \"Deactivate\")]"}
COMMAND: POST /session/1a7f7d058614b09b54cdbc5dd28664a9/element/f.2C654B565EAAE04F20F597F65BFF9971.d.D90AA125A3535488D70C13CBA7FAC2AD.e.2360/click - {}
RESULT: {}
COMMAND: GET /session/1a7f7d058614b09b54cdbc5dd28664a9/screenshot - {}
RESULT: {}
COMMAND: POST /session/1a7f7d058614b09b54cdbc5dd28664a9/element - {"using":"xpath","value":"//bdi[contains(text(), \"Yes\")]"}
RESULT: {"using":"xpath","value":"//bdi[contains(text(), \"Yes\")]"}
COMMAND: POST /session/1a7f7d058614b09b54cdbc5dd28664a9/element/f.2C654B565EAAE04F20F597F65BFF9971.d.D90AA125A3535488D70C13CBA7FAC2AD.e.2362/click - {}
RESULT: {}
COMMAND: GET /session/1a7f7d058614b09b54cdbc5dd28664a9/screenshot - {}
RESULT: {}
COMMAND: POST /session/1a7f7d058614b09b54cdbc5dd28664a9/element - {"using":"xpath","value":"//table[contains(@id, \"customPartnersTable-listUl\")]/tbody/tr[1]/td[7]/div/span"}
RESULT: {"using":"xpath","value":"//table[contains(@id, \"customPartnersTable-listUl\")]/tbody/tr[1]/td[7]/div/span"}
COMMAND: POST /session/1a7f7d058614b09b54cdbc5dd28664a9/execute/sync - {"script":"<script> [56 bytes]","args":[{"element-6066-11e4-a52e-4f735466cecf":"f.2C654B565EAAE04F20F597F65BFF9971.d.D90AA125A3535488D70C13CBA7FAC2AD.e.2358","ELEMENT":"f.2C654B565EAAE04F20F597F65BFF9971.d.D90AA125A3535488D70C13CBA7FAC2AD.e.2358"}]}
RESULT: {"script":"<script> [56 bytes]","args":[{"element-6066-11e4-a52e-4f735466cecf":"f.2C654B565EAAE04F20F597F65BFF9971.d.D90AA125A3535488D70C13CBA7FAC2AD.e.2358","ELEMENT":"f.2C654B565EAAE04F20F597F65BFF9971.d.D90AA125A3535488D70C13CBA7FAC2AD.e.2358"}]}
COMMAND: GET /session/1a7f7d058614b09b54cdbc5dd28664a9/screenshot - {}
RESULT: {}
COMMAND: POST /session/1a7f7d058614b09b54cdbc5dd28664a9/element - {"using":"css selector","value":"#shell-header-logo"}
RESULT: {"using":"css selector","value":"#shell-header-logo"}
COMMAND: POST /session/1a7f7d058614b09b54cdbc5dd28664a9/element/f.2C654B565EAAE04F20F597F65BFF9971.d.D90AA125A3535488D70C13CBA7FAC2AD.e.2174/click - {}
RESULT: {}
COMMAND: GET /session/1a7f7d058614b09b54cdbc5dd28664a9/screenshot - {}
RESULT: {}
]]></system-out>
    </testcase>
    <testcase classname="chrome.135_0_7049_96.windows.Partner_specific_tests_US150819_US151080_US151654_US151176_US103444_US151078_US151079_US151109_US151174_US151175_US151189" name="Should activate the created partner again US151176" time="54.194">
      <system-out><![CDATA[
COMMAND: POST /session/1a7f7d058614b09b54cdbc5dd28664a9/element - {"using":"xpath","value":"//li[.//span[text()=\"Manage Partners\"]]"}
RESULT: {"using":"xpath","value":"//li[.//span[text()=\"Manage Partners\"]]"}
COMMAND: POST /session/1a7f7d058614b09b54cdbc5dd28664a9/element - {"using":"xpath","value":"//li[.//span[text()=\"Manage Partners\"]]"}
RESULT: {"using":"xpath","value":"//li[.//span[text()=\"Manage Partners\"]]"}
COMMAND: POST /session/1a7f7d058614b09b54cdbc5dd28664a9/element - {"using":"css selector","value":"#shell-header-logo"}
RESULT: {"using":"css selector","value":"#shell-header-logo"}
COMMAND: POST /session/1a7f7d058614b09b54cdbc5dd28664a9/element/f.2C654B565EAAE04F20F597F65BFF9971.d.D90AA125A3535488D70C13CBA7FAC2AD.e.2366/click - {}
COMMAND: POST /session/1a7f7d058614b09b54cdbc5dd28664a9/execute/sync - {"script":"<script> [8489 bytes]","args":[{"element-6066-11e4-a52e-4f735466cecf":"f.2C654B565EAAE04F20F597F65BFF9971.d.D90AA125A3535488D70C13CBA7FAC2AD.e.2366","ELEMENT":"f.2C654B565EAAE04F20F597F65BFF9971.d.D90AA125A3535488D70C13CBA7FAC2AD.e.2366"}]}
RESULT: {}
COMMAND: GET /session/1a7f7d058614b09b54cdbc5dd28664a9/screenshot - {}
RESULT: {"script":"<script> [8489 bytes]","args":[{"element-6066-11e4-a52e-4f735466cecf":"f.2C654B565EAAE04F20F597F65BFF9971.d.D90AA125A3535488D70C13CBA7FAC2AD.e.2366","ELEMENT":"f.2C654B565EAAE04F20F597F65BFF9971.d.D90AA125A3535488D70C13CBA7FAC2AD.e.2366"}]}
COMMAND: POST /session/1a7f7d058614b09b54cdbc5dd28664a9/execute/sync - {"script":"<script> [5351 bytes]","args":[{"element-6066-11e4-a52e-4f735466cecf":"f.2C654B565EAAE04F20F597F65BFF9971.d.D90AA125A3535488D70C13CBA7FAC2AD.e.2366","ELEMENT":"f.2C654B565EAAE04F20F597F65BFF9971.d.D90AA125A3535488D70C13CBA7FAC2AD.e.2366"}]}
COMMAND: GET /session/1a7f7d058614b09b54cdbc5dd28664a9/screenshot - {}
RESULT: {}
RESULT: {"script":"<script> [5351 bytes]","args":[{"element-6066-11e4-a52e-4f735466cecf":"f.2C654B565EAAE04F20F597F65BFF9971.d.D90AA125A3535488D70C13CBA7FAC2AD.e.2366","ELEMENT":"f.2C654B565EAAE04F20F597F65BFF9971.d.D90AA125A3535488D70C13CBA7FAC2AD.e.2366"}]}
COMMAND: GET /session/1a7f7d058614b09b54cdbc5dd28664a9/screenshot - {}
RESULT: {}
RESULT: {}
RESULT: undefined
COMMAND: POST /session/1a7f7d058614b09b54cdbc5dd28664a9/element - {"using":"xpath","value":"//*[@id=\"__tile38\"]"}
RESULT: {"using":"xpath","value":"//*[@id=\"__tile38\"]"}
COMMAND: POST /session/1a7f7d058614b09b54cdbc5dd28664a9/element/f.2C654B565EAAE04F20F597F65BFF9971.d.D90AA125A3535488D70C13CBA7FAC2AD.e.146/click - {}
RESULT: {}
COMMAND: POST /session/1a7f7d058614b09b54cdbc5dd28664a9/element - {"using":"xpath","value":"//button[@data-kt=\"addButton\"]"}
COMMAND: GET /session/1a7f7d058614b09b54cdbc5dd28664a9/screenshot - {}
RESULT: {"using":"xpath","value":"//button[@data-kt=\"addButton\"]"}
COMMAND: POST /session/1a7f7d058614b09b54cdbc5dd28664a9/elements - {"using":"xpath","value":"//button[@data-kt=\"addButton\"]"}
RESULT: {}
RESULT: {"using":"xpath","value":"//button[@data-kt=\"addButton\"]"}
COMMAND: POST /session/1a7f7d058614b09b54cdbc5dd28664a9/elements - {"using":"xpath","value":"//button[@data-kt=\"addButton\"]"}
RESULT: {"using":"xpath","value":"//button[@data-kt=\"addButton\"]"}
COMMAND: POST /session/1a7f7d058614b09b54cdbc5dd28664a9/elements - {"using":"xpath","value":"//button[@data-kt=\"addButton\"]"}
RESULT: {"using":"xpath","value":"//button[@data-kt=\"addButton\"]"}
COMMAND: POST /session/1a7f7d058614b09b54cdbc5dd28664a9/elements - {"using":"xpath","value":"//button[@data-kt=\"addButton\"]"}
RESULT: {"using":"xpath","value":"//button[@data-kt=\"addButton\"]"}
COMMAND: POST /session/1a7f7d058614b09b54cdbc5dd28664a9/element - {"using":"xpath","value":"//button[@data-kt=\"addButton\"]"}
RESULT: {"using":"xpath","value":"//button[@data-kt=\"addButton\"]"}
COMMAND: POST /session/1a7f7d058614b09b54cdbc5dd28664a9/execute/sync - {"script":"<script> [8489 bytes]","args":[{"element-6066-11e4-a52e-4f735466cecf":"f.2C654B565EAAE04F20F597F65BFF9971.d.D90AA125A3535488D70C13CBA7FAC2AD.e.2411","ELEMENT":"f.2C654B565EAAE04F20F597F65BFF9971.d.D90AA125A3535488D70C13CBA7FAC2AD.e.2411"}]}
RESULT: {"script":"<script> [8489 bytes]","args":[{"element-6066-11e4-a52e-4f735466cecf":"f.2C654B565EAAE04F20F597F65BFF9971.d.D90AA125A3535488D70C13CBA7FAC2AD.e.2411","ELEMENT":"f.2C654B565EAAE04F20F597F65BFF9971.d.D90AA125A3535488D70C13CBA7FAC2AD.e.2411"}]}
COMMAND: GET /session/1a7f7d058614b09b54cdbc5dd28664a9/element/f.2C654B565EAAE04F20F597F65BFF9971.d.D90AA125A3535488D70C13CBA7FAC2AD.e.2411/enabled - {}
COMMAND: GET /session/1a7f7d058614b09b54cdbc5dd28664a9/screenshot - {}
RESULT: {}
COMMAND: POST /session/1a7f7d058614b09b54cdbc5dd28664a9/execute/sync - {"script":"<script> [8489 bytes]","args":[{"element-6066-11e4-a52e-4f735466cecf":"f.2C654B565EAAE04F20F597F65BFF9971.d.D90AA125A3535488D70C13CBA7FAC2AD.e.2411","ELEMENT":"f.2C654B565EAAE04F20F597F65BFF9971.d.D90AA125A3535488D70C13CBA7FAC2AD.e.2411"}]}
COMMAND: GET /session/1a7f7d058614b09b54cdbc5dd28664a9/screenshot - {}
RESULT: {}
RESULT: {"script":"<script> [8489 bytes]","args":[{"element-6066-11e4-a52e-4f735466cecf":"f.2C654B565EAAE04F20F597F65BFF9971.d.D90AA125A3535488D70C13CBA7FAC2AD.e.2411","ELEMENT":"f.2C654B565EAAE04F20F597F65BFF9971.d.D90AA125A3535488D70C13CBA7FAC2AD.e.2411"}]}
COMMAND: POST /session/1a7f7d058614b09b54cdbc5dd28664a9/execute/sync - {"script":"<script> [5351 bytes]","args":[{"element-6066-11e4-a52e-4f735466cecf":"f.2C654B565EAAE04F20F597F65BFF9971.d.D90AA125A3535488D70C13CBA7FAC2AD.e.2411","ELEMENT":"f.2C654B565EAAE04F20F597F65BFF9971.d.D90AA125A3535488D70C13CBA7FAC2AD.e.2411"}]}
COMMAND: GET /session/1a7f7d058614b09b54cdbc5dd28664a9/screenshot - {}
RESULT: {}
RESULT: {"script":"<script> [5351 bytes]","args":[{"element-6066-11e4-a52e-4f735466cecf":"f.2C654B565EAAE04F20F597F65BFF9971.d.D90AA125A3535488D70C13CBA7FAC2AD.e.2411","ELEMENT":"f.2C654B565EAAE04F20F597F65BFF9971.d.D90AA125A3535488D70C13CBA7FAC2AD.e.2411"}]}
COMMAND: GET /session/1a7f7d058614b09b54cdbc5dd28664a9/screenshot - {}
RESULT: {}
RESULT: {}
RESULT: undefined
COMMAND: POST /session/1a7f7d058614b09b54cdbc5dd28664a9/execute/async - {"script":"<script> [776 bytes]","args":[{"enterText":"1128","selector":{"id":"application-managepartners-display-component---masterPtm--smartFilterBar-btnBasicSearch","interaction":{"idSuffix":"I"}},"clearTextFirst":true,"interactionType":"ENTER_TEXT"}]}
RESULT: {"script":"<script> [776 bytes]","args":[{"enterText":"1128","selector":{"id":"application-managepartners-display-component---masterPtm--smartFilterBar-btnBasicSearch","interaction":{"idSuffix":"I"}},"clearTextFirst":true,"interactionType":"ENTER_TEXT"}]}
COMMAND: POST /session/1a7f7d058614b09b54cdbc5dd28664a9/actions - {"actions":[{"id":"action5","type":"key","parameters":{},"actions":[{"type":"keyDown","value":"î€‡"},{"type":"pause","duration":10},{"type":"keyUp","value":"î€‡"}]}]}
RESULT: {"actions":[{"id":"action5","type":"key","parameters":{},"actions":[{"type":"keyDown","value":"î€‡"},{"type":"pause","duration":10},{"type":"keyUp","value":"î€‡"}]}]}
COMMAND: GET /session/1a7f7d058614b09b54cdbc5dd28664a9/screenshot - {}
RESULT: {}
COMMAND: POST /session/1a7f7d058614b09b54cdbc5dd28664a9/elements - {"using":"xpath","value":"//table[contains(@id, \"customPartnersTable-listUl\")]/tbody/tr"}
RESULT: {"using":"xpath","value":"//table[contains(@id, \"customPartnersTable-listUl\")]/tbody/tr"}
COMMAND: POST /session/1a7f7d058614b09b54cdbc5dd28664a9/element - {"using":"xpath","value":"//table[contains(@id, \"customPartnersTable-listUl\")]/tbody/tr[1]/td[3]/span"}
RESULT: {"using":"xpath","value":"//table[contains(@id, \"customPartnersTable-listUl\")]/tbody/tr[1]/td[3]/span"}
COMMAND: POST /session/1a7f7d058614b09b54cdbc5dd28664a9/elements - {"using":"xpath","value":"//table[contains(@id, \"customPartnersTable-listUl\")]/tbody/tr[1]/td[3]/span"}
RESULT: {"using":"xpath","value":"//table[contains(@id, \"customPartnersTable-listUl\")]/tbody/tr[1]/td[3]/span"}
COMMAND: POST /session/1a7f7d058614b09b54cdbc5dd28664a9/execute/sync - {"script":"<script> [56 bytes]","args":[{"element-6066-11e4-a52e-4f735466cecf":"f.2C654B565EAAE04F20F597F65BFF9971.d.D90AA125A3535488D70C13CBA7FAC2AD.e.2546","ELEMENT":"f.2C654B565EAAE04F20F597F65BFF9971.d.D90AA125A3535488D70C13CBA7FAC2AD.e.2546"}]}
RESULT: {"script":"<script> [56 bytes]","args":[{"element-6066-11e4-a52e-4f735466cecf":"f.2C654B565EAAE04F20F597F65BFF9971.d.D90AA125A3535488D70C13CBA7FAC2AD.e.2546","ELEMENT":"f.2C654B565EAAE04F20F597F65BFF9971.d.D90AA125A3535488D70C13CBA7FAC2AD.e.2546"}]}
COMMAND: POST /session/1a7f7d058614b09b54cdbc5dd28664a9/element - {"using":"xpath","value":"//table[contains(@id, \"customPartnersTable-listUl\")]/tbody/tr[1]/td[7]/div/span"}
COMMAND: GET /session/1a7f7d058614b09b54cdbc5dd28664a9/screenshot - {}
RESULT: {"using":"xpath","value":"//table[contains(@id, \"customPartnersTable-listUl\")]/tbody/tr[1]/td[7]/div/span"}
COMMAND: POST /session/1a7f7d058614b09b54cdbc5dd28664a9/execute/sync - {"script":"<script> [56 bytes]","args":[{"element-6066-11e4-a52e-4f735466cecf":"f.2C654B565EAAE04F20F597F65BFF9971.d.D90AA125A3535488D70C13CBA7FAC2AD.e.2547","ELEMENT":"f.2C654B565EAAE04F20F597F65BFF9971.d.D90AA125A3535488D70C13CBA7FAC2AD.e.2547"}]}
RESULT: {}
RESULT: {"script":"<script> [56 bytes]","args":[{"element-6066-11e4-a52e-4f735466cecf":"f.2C654B565EAAE04F20F597F65BFF9971.d.D90AA125A3535488D70C13CBA7FAC2AD.e.2547","ELEMENT":"f.2C654B565EAAE04F20F597F65BFF9971.d.D90AA125A3535488D70C13CBA7FAC2AD.e.2547"}]}
COMMAND: POST /session/1a7f7d058614b09b54cdbc5dd28664a9/element - {"using":"xpath","value":"//table[contains(@id, \"customPartnersTable-listUl\")]/tbody/tr[1]/td[2]/div/div"}
COMMAND: GET /session/1a7f7d058614b09b54cdbc5dd28664a9/screenshot - {}
RESULT: {"using":"xpath","value":"//table[contains(@id, \"customPartnersTable-listUl\")]/tbody/tr[1]/td[2]/div/div"}
COMMAND: POST /session/1a7f7d058614b09b54cdbc5dd28664a9/element/f.2C654B565EAAE04F20F597F65BFF9971.d.D90AA125A3535488D70C13CBA7FAC2AD.e.2548/click - {}
RESULT: {}
RESULT: {}
COMMAND: GET /session/1a7f7d058614b09b54cdbc5dd28664a9/screenshot - {}
RESULT: {}
COMMAND: POST /session/1a7f7d058614b09b54cdbc5dd28664a9/element - {"using":"xpath","value":"//bdi[contains(text(), \"Activate\")]"}
RESULT: {"using":"xpath","value":"//bdi[contains(text(), \"Activate\")]"}
COMMAND: POST /session/1a7f7d058614b09b54cdbc5dd28664a9/element/f.2C654B565EAAE04F20F597F65BFF9971.d.D90AA125A3535488D70C13CBA7FAC2AD.e.2549/click - {}
RESULT: {}
COMMAND: GET /session/1a7f7d058614b09b54cdbc5dd28664a9/screenshot - {}
RESULT: {}
COMMAND: POST /session/1a7f7d058614b09b54cdbc5dd28664a9/element - {"using":"xpath","value":"//bdi[contains(text(), \"Yes\")]"}
RESULT: {"using":"xpath","value":"//bdi[contains(text(), \"Yes\")]"}
COMMAND: POST /session/1a7f7d058614b09b54cdbc5dd28664a9/element/f.2C654B565EAAE04F20F597F65BFF9971.d.D90AA125A3535488D70C13CBA7FAC2AD.e.2551/click - {}
RESULT: {}
COMMAND: GET /session/1a7f7d058614b09b54cdbc5dd28664a9/screenshot - {}
RESULT: {}
COMMAND: POST /session/1a7f7d058614b09b54cdbc5dd28664a9/element - {"using":"xpath","value":"//table[contains(@id, \"customPartnersTable-listUl\")]/tbody/tr[1]/td[7]/div/span"}
RESULT: {"using":"xpath","value":"//table[contains(@id, \"customPartnersTable-listUl\")]/tbody/tr[1]/td[7]/div/span"}
COMMAND: POST /session/1a7f7d058614b09b54cdbc5dd28664a9/execute/sync - {"script":"<script> [56 bytes]","args":[{"element-6066-11e4-a52e-4f735466cecf":"f.2C654B565EAAE04F20F597F65BFF9971.d.D90AA125A3535488D70C13CBA7FAC2AD.e.2547","ELEMENT":"f.2C654B565EAAE04F20F597F65BFF9971.d.D90AA125A3535488D70C13CBA7FAC2AD.e.2547"}]}
RESULT: {"script":"<script> [56 bytes]","args":[{"element-6066-11e4-a52e-4f735466cecf":"f.2C654B565EAAE04F20F597F65BFF9971.d.D90AA125A3535488D70C13CBA7FAC2AD.e.2547","ELEMENT":"f.2C654B565EAAE04F20F597F65BFF9971.d.D90AA125A3535488D70C13CBA7FAC2AD.e.2547"}]}
COMMAND: GET /session/1a7f7d058614b09b54cdbc5dd28664a9/screenshot - {}
RESULT: {}
COMMAND: POST /session/1a7f7d058614b09b54cdbc5dd28664a9/element - {"using":"css selector","value":"#shell-header-logo"}
RESULT: {"using":"css selector","value":"#shell-header-logo"}
COMMAND: POST /session/1a7f7d058614b09b54cdbc5dd28664a9/element/f.2C654B565EAAE04F20F597F65BFF9971.d.D90AA125A3535488D70C13CBA7FAC2AD.e.2366/click - {}
RESULT: {}
COMMAND: GET /session/1a7f7d058614b09b54cdbc5dd28664a9/screenshot - {}
RESULT: {}
]]></system-out>
    </testcase>
    <testcase classname="chrome.135_0_7049_96.windows.Partner_specific_tests_US150819_US151080_US151654_US151176_US103444_US151078_US151079_US151109_US151174_US151175_US151189" name="Should edit the created external partner and save it and check its content US103444" time="60.527">
      <system-out><![CDATA[
COMMAND: POST /session/1a7f7d058614b09b54cdbc5dd28664a9/element - {"using":"xpath","value":"//li[.//span[text()=\"Manage Partners\"]]"}
RESULT: {"using":"xpath","value":"//li[.//span[text()=\"Manage Partners\"]]"}
COMMAND: POST /session/1a7f7d058614b09b54cdbc5dd28664a9/element - {"using":"xpath","value":"//li[.//span[text()=\"Manage Partners\"]]"}
RESULT: {"using":"xpath","value":"//li[.//span[text()=\"Manage Partners\"]]"}
COMMAND: POST /session/1a7f7d058614b09b54cdbc5dd28664a9/element - {"using":"css selector","value":"#shell-header-logo"}
RESULT: {"using":"css selector","value":"#shell-header-logo"}
COMMAND: POST /session/1a7f7d058614b09b54cdbc5dd28664a9/element/f.2C654B565EAAE04F20F597F65BFF9971.d.D90AA125A3535488D70C13CBA7FAC2AD.e.2555/click - {}
COMMAND: POST /session/1a7f7d058614b09b54cdbc5dd28664a9/execute/sync - {"script":"<script> [8489 bytes]","args":[{"element-6066-11e4-a52e-4f735466cecf":"f.2C654B565EAAE04F20F597F65BFF9971.d.D90AA125A3535488D70C13CBA7FAC2AD.e.2555","ELEMENT":"f.2C654B565EAAE04F20F597F65BFF9971.d.D90AA125A3535488D70C13CBA7FAC2AD.e.2555"}]}
RESULT: {}
COMMAND: GET /session/1a7f7d058614b09b54cdbc5dd28664a9/screenshot - {}
RESULT: {"script":"<script> [8489 bytes]","args":[{"element-6066-11e4-a52e-4f735466cecf":"f.2C654B565EAAE04F20F597F65BFF9971.d.D90AA125A3535488D70C13CBA7FAC2AD.e.2555","ELEMENT":"f.2C654B565EAAE04F20F597F65BFF9971.d.D90AA125A3535488D70C13CBA7FAC2AD.e.2555"}]}
COMMAND: POST /session/1a7f7d058614b09b54cdbc5dd28664a9/execute/sync - {"script":"<script> [5351 bytes]","args":[{"element-6066-11e4-a52e-4f735466cecf":"f.2C654B565EAAE04F20F597F65BFF9971.d.D90AA125A3535488D70C13CBA7FAC2AD.e.2555","ELEMENT":"f.2C654B565EAAE04F20F597F65BFF9971.d.D90AA125A3535488D70C13CBA7FAC2AD.e.2555"}]}
COMMAND: GET /session/1a7f7d058614b09b54cdbc5dd28664a9/screenshot - {}
RESULT: {}
RESULT: {"script":"<script> [5351 bytes]","args":[{"element-6066-11e4-a52e-4f735466cecf":"f.2C654B565EAAE04F20F597F65BFF9971.d.D90AA125A3535488D70C13CBA7FAC2AD.e.2555","ELEMENT":"f.2C654B565EAAE04F20F597F65BFF9971.d.D90AA125A3535488D70C13CBA7FAC2AD.e.2555"}]}
COMMAND: GET /session/1a7f7d058614b09b54cdbc5dd28664a9/screenshot - {}
RESULT: {}
RESULT: {}
RESULT: undefined
COMMAND: POST /session/1a7f7d058614b09b54cdbc5dd28664a9/element - {"using":"xpath","value":"//*[@id=\"__tile38\"]"}
RESULT: {"using":"xpath","value":"//*[@id=\"__tile38\"]"}
COMMAND: POST /session/1a7f7d058614b09b54cdbc5dd28664a9/element/f.2C654B565EAAE04F20F597F65BFF9971.d.D90AA125A3535488D70C13CBA7FAC2AD.e.146/click - {}
RESULT: {}
COMMAND: POST /session/1a7f7d058614b09b54cdbc5dd28664a9/element - {"using":"xpath","value":"//button[@data-kt=\"addButton\"]"}
COMMAND: GET /session/1a7f7d058614b09b54cdbc5dd28664a9/screenshot - {}
RESULT: {"using":"xpath","value":"//button[@data-kt=\"addButton\"]"}
COMMAND: POST /session/1a7f7d058614b09b54cdbc5dd28664a9/elements - {"using":"xpath","value":"//button[@data-kt=\"addButton\"]"}
RESULT: {}
RESULT: {"using":"xpath","value":"//button[@data-kt=\"addButton\"]"}
COMMAND: POST /session/1a7f7d058614b09b54cdbc5dd28664a9/elements - {"using":"xpath","value":"//button[@data-kt=\"addButton\"]"}
RESULT: {"using":"xpath","value":"//button[@data-kt=\"addButton\"]"}
COMMAND: POST /session/1a7f7d058614b09b54cdbc5dd28664a9/elements - {"using":"xpath","value":"//button[@data-kt=\"addButton\"]"}
RESULT: {"using":"xpath","value":"//button[@data-kt=\"addButton\"]"}
COMMAND: POST /session/1a7f7d058614b09b54cdbc5dd28664a9/elements - {"using":"xpath","value":"//button[@data-kt=\"addButton\"]"}
RESULT: {"using":"xpath","value":"//button[@data-kt=\"addButton\"]"}
COMMAND: POST /session/1a7f7d058614b09b54cdbc5dd28664a9/elements - {"using":"xpath","value":"//button[@data-kt=\"addButton\"]"}
RESULT: {"using":"xpath","value":"//button[@data-kt=\"addButton\"]"}
COMMAND: POST /session/1a7f7d058614b09b54cdbc5dd28664a9/elements - {"using":"xpath","value":"//button[@data-kt=\"addButton\"]"}
RESULT: {"using":"xpath","value":"//button[@data-kt=\"addButton\"]"}
COMMAND: POST /session/1a7f7d058614b09b54cdbc5dd28664a9/elements - {"using":"xpath","value":"//button[@data-kt=\"addButton\"]"}
RESULT: {"using":"xpath","value":"//button[@data-kt=\"addButton\"]"}
COMMAND: POST /session/1a7f7d058614b09b54cdbc5dd28664a9/elements - {"using":"xpath","value":"//button[@data-kt=\"addButton\"]"}
RESULT: {"using":"xpath","value":"//button[@data-kt=\"addButton\"]"}
COMMAND: POST /session/1a7f7d058614b09b54cdbc5dd28664a9/elements - {"using":"xpath","value":"//button[@data-kt=\"addButton\"]"}
RESULT: {"using":"xpath","value":"//button[@data-kt=\"addButton\"]"}
COMMAND: POST /session/1a7f7d058614b09b54cdbc5dd28664a9/elements - {"using":"xpath","value":"//button[@data-kt=\"addButton\"]"}
RESULT: {"using":"xpath","value":"//button[@data-kt=\"addButton\"]"}
COMMAND: POST /session/1a7f7d058614b09b54cdbc5dd28664a9/elements - {"using":"xpath","value":"//button[@data-kt=\"addButton\"]"}
RESULT: {"using":"xpath","value":"//button[@data-kt=\"addButton\"]"}
COMMAND: POST /session/1a7f7d058614b09b54cdbc5dd28664a9/elements - {"using":"xpath","value":"//button[@data-kt=\"addButton\"]"}
RESULT: {"using":"xpath","value":"//button[@data-kt=\"addButton\"]"}
COMMAND: POST /session/1a7f7d058614b09b54cdbc5dd28664a9/elements - {"using":"xpath","value":"//button[@data-kt=\"addButton\"]"}
RESULT: {"using":"xpath","value":"//button[@data-kt=\"addButton\"]"}
COMMAND: POST /session/1a7f7d058614b09b54cdbc5dd28664a9/elements - {"using":"xpath","value":"//button[@data-kt=\"addButton\"]"}
RESULT: {"using":"xpath","value":"//button[@data-kt=\"addButton\"]"}
COMMAND: POST /session/1a7f7d058614b09b54cdbc5dd28664a9/elements - {"using":"xpath","value":"//button[@data-kt=\"addButton\"]"}
RESULT: {"using":"xpath","value":"//button[@data-kt=\"addButton\"]"}
COMMAND: POST /session/1a7f7d058614b09b54cdbc5dd28664a9/elements - {"using":"xpath","value":"//button[@data-kt=\"addButton\"]"}
RESULT: {"using":"xpath","value":"//button[@data-kt=\"addButton\"]"}
COMMAND: POST /session/1a7f7d058614b09b54cdbc5dd28664a9/elements - {"using":"xpath","value":"//button[@data-kt=\"addButton\"]"}
RESULT: {"using":"xpath","value":"//button[@data-kt=\"addButton\"]"}
COMMAND: POST /session/1a7f7d058614b09b54cdbc5dd28664a9/elements - {"using":"xpath","value":"//button[@data-kt=\"addButton\"]"}
RESULT: {"using":"xpath","value":"//button[@data-kt=\"addButton\"]"}
COMMAND: POST /session/1a7f7d058614b09b54cdbc5dd28664a9/elements - {"using":"xpath","value":"//button[@data-kt=\"addButton\"]"}
RESULT: {"using":"xpath","value":"//button[@data-kt=\"addButton\"]"}
COMMAND: POST /session/1a7f7d058614b09b54cdbc5dd28664a9/elements - {"using":"xpath","value":"//button[@data-kt=\"addButton\"]"}
RESULT: {"using":"xpath","value":"//button[@data-kt=\"addButton\"]"}
COMMAND: POST /session/1a7f7d058614b09b54cdbc5dd28664a9/elements - {"using":"xpath","value":"//button[@data-kt=\"addButton\"]"}
RESULT: {"using":"xpath","value":"//button[@data-kt=\"addButton\"]"}
COMMAND: POST /session/1a7f7d058614b09b54cdbc5dd28664a9/element - {"using":"xpath","value":"//button[@data-kt=\"addButton\"]"}
RESULT: {"using":"xpath","value":"//button[@data-kt=\"addButton\"]"}
COMMAND: POST /session/1a7f7d058614b09b54cdbc5dd28664a9/execute/sync - {"script":"<script> [8489 bytes]","args":[{"element-6066-11e4-a52e-4f735466cecf":"f.2C654B565EAAE04F20F597F65BFF9971.d.D90AA125A3535488D70C13CBA7FAC2AD.e.2600","ELEMENT":"f.2C654B565EAAE04F20F597F65BFF9971.d.D90AA125A3535488D70C13CBA7FAC2AD.e.2600"}]}
RESULT: {"script":"<script> [8489 bytes]","args":[{"element-6066-11e4-a52e-4f735466cecf":"f.2C654B565EAAE04F20F597F65BFF9971.d.D90AA125A3535488D70C13CBA7FAC2AD.e.2600","ELEMENT":"f.2C654B565EAAE04F20F597F65BFF9971.d.D90AA125A3535488D70C13CBA7FAC2AD.e.2600"}]}
COMMAND: GET /session/1a7f7d058614b09b54cdbc5dd28664a9/element/f.2C654B565EAAE04F20F597F65BFF9971.d.D90AA125A3535488D70C13CBA7FAC2AD.e.2600/enabled - {}
COMMAND: GET /session/1a7f7d058614b09b54cdbc5dd28664a9/screenshot - {}
RESULT: {}
RESULT: {}
COMMAND: POST /session/1a7f7d058614b09b54cdbc5dd28664a9/execute/sync - {"script":"<script> [8489 bytes]","args":[{"element-6066-11e4-a52e-4f735466cecf":"f.2C654B565EAAE04F20F597F65BFF9971.d.D90AA125A3535488D70C13CBA7FAC2AD.e.2600","ELEMENT":"f.2C654B565EAAE04F20F597F65BFF9971.d.D90AA125A3535488D70C13CBA7FAC2AD.e.2600"}]}
COMMAND: GET /session/1a7f7d058614b09b54cdbc5dd28664a9/screenshot - {}
RESULT: {"script":"<script> [8489 bytes]","args":[{"element-6066-11e4-a52e-4f735466cecf":"f.2C654B565EAAE04F20F597F65BFF9971.d.D90AA125A3535488D70C13CBA7FAC2AD.e.2600","ELEMENT":"f.2C654B565EAAE04F20F597F65BFF9971.d.D90AA125A3535488D70C13CBA7FAC2AD.e.2600"}]}
COMMAND: POST /session/1a7f7d058614b09b54cdbc5dd28664a9/execute/sync - {"script":"<script> [5351 bytes]","args":[{"element-6066-11e4-a52e-4f735466cecf":"f.2C654B565EAAE04F20F597F65BFF9971.d.D90AA125A3535488D70C13CBA7FAC2AD.e.2600","ELEMENT":"f.2C654B565EAAE04F20F597F65BFF9971.d.D90AA125A3535488D70C13CBA7FAC2AD.e.2600"}]}
COMMAND: GET /session/1a7f7d058614b09b54cdbc5dd28664a9/screenshot - {}
RESULT: {}
RESULT: {"script":"<script> [5351 bytes]","args":[{"element-6066-11e4-a52e-4f735466cecf":"f.2C654B565EAAE04F20F597F65BFF9971.d.D90AA125A3535488D70C13CBA7FAC2AD.e.2600","ELEMENT":"f.2C654B565EAAE04F20F597F65BFF9971.d.D90AA125A3535488D70C13CBA7FAC2AD.e.2600"}]}
COMMAND: GET /session/1a7f7d058614b09b54cdbc5dd28664a9/screenshot - {}
RESULT: {}
RESULT: {}
RESULT: undefined
COMMAND: POST /session/1a7f7d058614b09b54cdbc5dd28664a9/execute/async - {"script":"<script> [776 bytes]","args":[{"enterText":"1128","selector":{"id":"application-managepartners-display-component---masterPtm--smartFilterBar-btnBasicSearch","interaction":{"idSuffix":"I"}},"clearTextFirst":true,"interactionType":"ENTER_TEXT"}]}
RESULT: {"script":"<script> [776 bytes]","args":[{"enterText":"1128","selector":{"id":"application-managepartners-display-component---masterPtm--smartFilterBar-btnBasicSearch","interaction":{"idSuffix":"I"}},"clearTextFirst":true,"interactionType":"ENTER_TEXT"}]}
COMMAND: POST /session/1a7f7d058614b09b54cdbc5dd28664a9/actions - {"actions":[{"id":"action6","type":"key","parameters":{},"actions":[{"type":"keyDown","value":"î€‡"},{"type":"pause","duration":10},{"type":"keyUp","value":"î€‡"}]}]}
RESULT: {"actions":[{"id":"action6","type":"key","parameters":{},"actions":[{"type":"keyDown","value":"î€‡"},{"type":"pause","duration":10},{"type":"keyUp","value":"î€‡"}]}]}
COMMAND: GET /session/1a7f7d058614b09b54cdbc5dd28664a9/screenshot - {}
RESULT: {}
COMMAND: POST /session/1a7f7d058614b09b54cdbc5dd28664a9/elements - {"using":"xpath","value":"//table[contains(@id, \"customPartnersTable-listUl\")]/tbody/tr"}
RESULT: {"using":"xpath","value":"//table[contains(@id, \"customPartnersTable-listUl\")]/tbody/tr"}
COMMAND: POST /session/1a7f7d058614b09b54cdbc5dd28664a9/element - {"using":"xpath","value":"//table[contains(@id, \"customPartnersTable-listUl\")]/tbody/tr[1]/td[3]/span"}
RESULT: {"using":"xpath","value":"//table[contains(@id, \"customPartnersTable-listUl\")]/tbody/tr[1]/td[3]/span"}
COMMAND: POST /session/1a7f7d058614b09b54cdbc5dd28664a9/elements - {"using":"xpath","value":"//table[contains(@id, \"customPartnersTable-listUl\")]/tbody/tr[1]/td[3]/span"}
RESULT: {"using":"xpath","value":"//table[contains(@id, \"customPartnersTable-listUl\")]/tbody/tr[1]/td[3]/span"}
COMMAND: POST /session/1a7f7d058614b09b54cdbc5dd28664a9/execute/sync - {"script":"<script> [56 bytes]","args":[{"element-6066-11e4-a52e-4f735466cecf":"f.2C654B565EAAE04F20F597F65BFF9971.d.D90AA125A3535488D70C13CBA7FAC2AD.e.2736","ELEMENT":"f.2C654B565EAAE04F20F597F65BFF9971.d.D90AA125A3535488D70C13CBA7FAC2AD.e.2736"}]}
RESULT: {"script":"<script> [56 bytes]","args":[{"element-6066-11e4-a52e-4f735466cecf":"f.2C654B565EAAE04F20F597F65BFF9971.d.D90AA125A3535488D70C13CBA7FAC2AD.e.2736","ELEMENT":"f.2C654B565EAAE04F20F597F65BFF9971.d.D90AA125A3535488D70C13CBA7FAC2AD.e.2736"}]}
COMMAND: POST /session/1a7f7d058614b09b54cdbc5dd28664a9/element - {"using":"xpath","value":"(//span[contains(@id, \"imgNav\")])[1]"}
COMMAND: GET /session/1a7f7d058614b09b54cdbc5dd28664a9/screenshot - {}
RESULT: {"using":"xpath","value":"(//span[contains(@id, \"imgNav\")])[1]"}
COMMAND: POST /session/1a7f7d058614b09b54cdbc5dd28664a9/element/f.2C654B565EAAE04F20F597F65BFF9971.d.D90AA125A3535488D70C13CBA7FAC2AD.e.2734/click - {}
RESULT: {}
RESULT: {}
COMMAND: GET /session/1a7f7d058614b09b54cdbc5dd28664a9/screenshot - {}
RESULT: {}
COMMAND: POST /session/1a7f7d058614b09b54cdbc5dd28664a9/element - {"using":"xpath","value":"//bdi[contains(text(), \"Edit\")]"}
RESULT: {"using":"xpath","value":"//bdi[contains(text(), \"Edit\")]"}
COMMAND: POST /session/1a7f7d058614b09b54cdbc5dd28664a9/element/f.2C654B565EAAE04F20F597F65BFF9971.d.D90AA125A3535488D70C13CBA7FAC2AD.e.2876/click - {}
RESULT: {}
COMMAND: GET /session/1a7f7d058614b09b54cdbc5dd28664a9/screenshot - {}
RESULT: {}
COMMAND: POST /session/1a7f7d058614b09b54cdbc5dd28664a9/execute/async - {"script":"<script> [1562 bytes]","args":[{"selector":{"controlType":"sap.m.Input","viewName":"etm.portal.ui.managepartners.view.EditDetail","labelFor":{"text":"Name"},"interaction":{"idSuffix":"inner"}},"wdio_ui5_key":"etmportal.ui.managepartners.view.EditDetailsap.m.Input{\"text\":\"Name\"}"}]}
RESULT: {"script":"<script> [1562 bytes]","args":[{"selector":{"controlType":"sap.m.Input","viewName":"etm.portal.ui.managepartners.view.EditDetail","labelFor":{"text":"Name"},"interaction":{"idSuffix":"inner"}},"wdio_ui5_key":"etmportal.ui.managepartners.view.EditDetailsap.m.Input{\"text\":\"Name\"}"}]}
RESULT: undefined
COMMAND: POST /session/1a7f7d058614b09b54cdbc5dd28664a9/execute/async - {"script":"<script> [776 bytes]","args":[{"enterText":"External EDIT","selector":{"controlType":"sap.m.Input","viewName":"etm.portal.ui.managepartners.view.EditDetail","labelFor":{"text":"Name"},"interaction":{"idSuffix":"inner"}},"clearTextFirst":true,"interactionType":"ENTER_TEXT"}]}
RESULT: {"script":"<script> [776 bytes]","args":[{"enterText":"External EDIT","selector":{"controlType":"sap.m.Input","viewName":"etm.portal.ui.managepartners.view.EditDetail","labelFor":{"text":"Name"},"interaction":{"idSuffix":"inner"}},"clearTextFirst":true,"interactionType":"ENTER_TEXT"}]}
COMMAND: POST /session/1a7f7d058614b09b54cdbc5dd28664a9/element - {"using":"xpath","value":"(//span[contains(@id,\"addressDetailDetailsLanguage-arrow\")])[1]"}
RESULT: {"using":"xpath","value":"(//span[contains(@id,\"addressDetailDetailsLanguage-arrow\")])[1]"}
COMMAND: POST /session/1a7f7d058614b09b54cdbc5dd28664a9/element/f.2C654B565EAAE04F20F597F65BFF9971.d.D90AA125A3535488D70C13CBA7FAC2AD.e.2955/click - {}
RESULT: {}
COMMAND: POST /session/1a7f7d058614b09b54cdbc5dd28664a9/element - {"using":"xpath","value":"//span[contains(text(), \"Chinese\")]"}
COMMAND: GET /session/1a7f7d058614b09b54cdbc5dd28664a9/screenshot - {}
RESULT: {"using":"xpath","value":"//span[contains(text(), \"Chinese\")]"}
COMMAND: POST /session/1a7f7d058614b09b54cdbc5dd28664a9/element/f.2C654B565EAAE04F20F597F65BFF9971.d.D90AA125A3535488D70C13CBA7FAC2AD.e.2956/click - {}
RESULT: {}
RESULT: {}
COMMAND: GET /session/1a7f7d058614b09b54cdbc5dd28664a9/screenshot - {}
RESULT: {}
COMMAND: POST /session/1a7f7d058614b09b54cdbc5dd28664a9/execute/async - {"script":"<script> [1562 bytes]","args":[{"selector":{"controlType":"sap.m.Input","viewName":"etm.portal.ui.managepartners.view.EditDetail","labelFor":{"text":"City"},"interaction":{"idSuffix":"inner"}},"wdio_ui5_key":"etmportal.ui.managepartners.view.EditDetailsap.m.Input{\"text\":\"City\"}"}]}
RESULT: {"script":"<script> [1562 bytes]","args":[{"selector":{"controlType":"sap.m.Input","viewName":"etm.portal.ui.managepartners.view.EditDetail","labelFor":{"text":"City"},"interaction":{"idSuffix":"inner"}},"wdio_ui5_key":"etmportal.ui.managepartners.view.EditDetailsap.m.Input{\"text\":\"City\"}"}]}
RESULT: undefined
COMMAND: POST /session/1a7f7d058614b09b54cdbc5dd28664a9/execute/async - {"script":"<script> [776 bytes]","args":[{"enterText":"Clooj-Napoca","selector":{"controlType":"sap.m.Input","viewName":"etm.portal.ui.managepartners.view.EditDetail","labelFor":{"text":"City"},"interaction":{"idSuffix":"inner"}},"clearTextFirst":true,"interactionType":"ENTER_TEXT"}]}
RESULT: {"script":"<script> [776 bytes]","args":[{"enterText":"Clooj-Napoca","selector":{"controlType":"sap.m.Input","viewName":"etm.portal.ui.managepartners.view.EditDetail","labelFor":{"text":"City"},"interaction":{"idSuffix":"inner"}},"clearTextFirst":true,"interactionType":"ENTER_TEXT"}]}
COMMAND: POST /session/1a7f7d058614b09b54cdbc5dd28664a9/element - {"using":"xpath","value":"//button[@data-kt=\"saveButton\"]"}
RESULT: {"using":"xpath","value":"//button[@data-kt=\"saveButton\"]"}
COMMAND: POST /session/1a7f7d058614b09b54cdbc5dd28664a9/element/f.2C654B565EAAE04F20F597F65BFF9971.d.D90AA125A3535488D70C13CBA7FAC2AD.e.2938/click - {}
RESULT: {}
COMMAND: GET /session/1a7f7d058614b09b54cdbc5dd28664a9/screenshot - {}
RESULT: {}
COMMAND: POST /session/1a7f7d058614b09b54cdbc5dd28664a9/execute/async - {"script":"<script> [1562 bytes]","args":[{"selector":{"id":"application-managepartners-display-component---detailPtm--addressDetailDetailsName1"},"wdio_ui5_key":"applicationmanagepartners-display-component---detailPtm--addressDetailDetailsName1"}]}
RESULT: {"script":"<script> [1562 bytes]","args":[{"selector":{"id":"application-managepartners-display-component---detailPtm--addressDetailDetailsName1"},"wdio_ui5_key":"applicationmanagepartners-display-component---detailPtm--addressDetailDetailsName1"}]}
RESULT: undefined
COMMAND: POST /session/1a7f7d058614b09b54cdbc5dd28664a9/execute/async - {"script":"<script> [6424 bytes]","args":[{"element-6066-11e4-a52e-4f735466cecf":"f.2C654B565EAAE04F20F597F65BFF9971.d.D90AA125A3535488D70C13CBA7FAC2AD.e.2987"},"getValue",[]]}
RESULT: {"script":"<script> [6424 bytes]","args":[{"element-6066-11e4-a52e-4f735466cecf":"f.2C654B565EAAE04F20F597F65BFF9971.d.D90AA125A3535488D70C13CBA7FAC2AD.e.2987"},"getValue",[]]}
COMMAND: POST /session/1a7f7d058614b09b54cdbc5dd28664a9/element - {"using":"xpath","value":"//input[@id = \"application-managepartners-display-component---detailPtm--addressDetailDetailsLanguage-inner\"]"}
RESULT: {"using":"xpath","value":"//input[@id = \"application-managepartners-display-component---detailPtm--addressDetailDetailsLanguage-inner\"]"}
COMMAND: GET /session/1a7f7d058614b09b54cdbc5dd28664a9/element/f.2C654B565EAAE04F20F597F65BFF9971.d.D90AA125A3535488D70C13CBA7FAC2AD.e.2988/property/value - {}
RESULT: {}
COMMAND: POST /session/1a7f7d058614b09b54cdbc5dd28664a9/execute/async - {"script":"<script> [1562 bytes]","args":[{"selector":{"id":"application-managepartners-display-component---detailPtm--addressDetailDetailsCity1"},"wdio_ui5_key":"applicationmanagepartners-display-component---detailPtm--addressDetailDetailsCity1"}]}
COMMAND: GET /session/1a7f7d058614b09b54cdbc5dd28664a9/screenshot - {}
RESULT: {"script":"<script> [1562 bytes]","args":[{"selector":{"id":"application-managepartners-display-component---detailPtm--addressDetailDetailsCity1"},"wdio_ui5_key":"applicationmanagepartners-display-component---detailPtm--addressDetailDetailsCity1"}]}
RESULT: undefined
COMMAND: POST /session/1a7f7d058614b09b54cdbc5dd28664a9/execute/async - {"script":"<script> [6424 bytes]","args":[{"element-6066-11e4-a52e-4f735466cecf":"f.2C654B565EAAE04F20F597F65BFF9971.d.D90AA125A3535488D70C13CBA7FAC2AD.e.2989"},"getValue",[]]}
RESULT: {}
RESULT: {"script":"<script> [6424 bytes]","args":[{"element-6066-11e4-a52e-4f735466cecf":"f.2C654B565EAAE04F20F597F65BFF9971.d.D90AA125A3535488D70C13CBA7FAC2AD.e.2989"},"getValue",[]]}
COMMAND: POST /session/1a7f7d058614b09b54cdbc5dd28664a9/element - {"using":"css selector","value":"#shell-header-logo"}
RESULT: {"using":"css selector","value":"#shell-header-logo"}
COMMAND: POST /session/1a7f7d058614b09b54cdbc5dd28664a9/element/f.2C654B565EAAE04F20F597F65BFF9971.d.D90AA125A3535488D70C13CBA7FAC2AD.e.2555/click - {}
RESULT: {}
COMMAND: GET /session/1a7f7d058614b09b54cdbc5dd28664a9/screenshot - {}
RESULT: {}
]]></system-out>
    </testcase>
    <testcase classname="chrome.135_0_7049_96.windows.Partner_specific_tests_US150819_US151080_US151654_US151176_US103444_US151078_US151079_US151109_US151174_US151175_US151189" name="Should create a new intercompany partner edit some of its fields US151078" time="220.683">
      <system-out><![CDATA[
COMMAND: POST /session/1a7f7d058614b09b54cdbc5dd28664a9/element - {"using":"xpath","value":"//li[.//span[text()=\"Manage Partners\"]]"}
RESULT: {"using":"xpath","value":"//li[.//span[text()=\"Manage Partners\"]]"}
COMMAND: POST /session/1a7f7d058614b09b54cdbc5dd28664a9/element - {"using":"xpath","value":"//li[.//span[text()=\"Manage Partners\"]]"}
RESULT: {"using":"xpath","value":"//li[.//span[text()=\"Manage Partners\"]]"}
COMMAND: POST /session/1a7f7d058614b09b54cdbc5dd28664a9/element - {"using":"css selector","value":"#shell-header-logo"}
RESULT: {"using":"css selector","value":"#shell-header-logo"}
COMMAND: POST /session/1a7f7d058614b09b54cdbc5dd28664a9/element/f.2C654B565EAAE04F20F597F65BFF9971.d.D90AA125A3535488D70C13CBA7FAC2AD.e.3019/click - {}
COMMAND: POST /session/1a7f7d058614b09b54cdbc5dd28664a9/execute/sync - {"script":"<script> [8489 bytes]","args":[{"element-6066-11e4-a52e-4f735466cecf":"f.2C654B565EAAE04F20F597F65BFF9971.d.D90AA125A3535488D70C13CBA7FAC2AD.e.3019","ELEMENT":"f.2C654B565EAAE04F20F597F65BFF9971.d.D90AA125A3535488D70C13CBA7FAC2AD.e.3019"}]}
RESULT: {}
COMMAND: GET /session/1a7f7d058614b09b54cdbc5dd28664a9/screenshot - {}
RESULT: {"script":"<script> [8489 bytes]","args":[{"element-6066-11e4-a52e-4f735466cecf":"f.2C654B565EAAE04F20F597F65BFF9971.d.D90AA125A3535488D70C13CBA7FAC2AD.e.3019","ELEMENT":"f.2C654B565EAAE04F20F597F65BFF9971.d.D90AA125A3535488D70C13CBA7FAC2AD.e.3019"}]}
COMMAND: POST /session/1a7f7d058614b09b54cdbc5dd28664a9/execute/sync - {"script":"<script> [5351 bytes]","args":[{"element-6066-11e4-a52e-4f735466cecf":"f.2C654B565EAAE04F20F597F65BFF9971.d.D90AA125A3535488D70C13CBA7FAC2AD.e.3019","ELEMENT":"f.2C654B565EAAE04F20F597F65BFF9971.d.D90AA125A3535488D70C13CBA7FAC2AD.e.3019"}]}
COMMAND: GET /session/1a7f7d058614b09b54cdbc5dd28664a9/screenshot - {}
RESULT: {}
RESULT: {"script":"<script> [5351 bytes]","args":[{"element-6066-11e4-a52e-4f735466cecf":"f.2C654B565EAAE04F20F597F65BFF9971.d.D90AA125A3535488D70C13CBA7FAC2AD.e.3019","ELEMENT":"f.2C654B565EAAE04F20F597F65BFF9971.d.D90AA125A3535488D70C13CBA7FAC2AD.e.3019"}]}
COMMAND: GET /session/1a7f7d058614b09b54cdbc5dd28664a9/screenshot - {}
RESULT: {}
RESULT: {}
COMMAND: POST /session/1a7f7d058614b09b54cdbc5dd28664a9/refresh - {}
RESULT: {}
COMMAND: GET /session/1a7f7d058614b09b54cdbc5dd28664a9/screenshot - {}
RESULT: {}
COMMAND: POST /session/1a7f7d058614b09b54cdbc5dd28664a9/refresh - {}
RESULT: {}
COMMAND: GET /session/1a7f7d058614b09b54cdbc5dd28664a9/screenshot - {}
RESULT: {}
COMMAND: POST /session/1a7f7d058614b09b54cdbc5dd28664a9/window/fullscreen - {}
RESULT: {}
COMMAND: POST /session/1a7f7d058614b09b54cdbc5dd28664a9/execute/async - {"script":"<script> [189 bytes]","args":[]}
RESULT: {"script":"<script> [189 bytes]","args":[]}
COMMAND: POST /session/1a7f7d058614b09b54cdbc5dd28664a9/execute/async - {"script":"<script> [123 bytes]","args":[]}
RESULT: {"script":"<script> [123 bytes]","args":[]}
COMMAND: POST /session/1a7f7d058614b09b54cdbc5dd28664a9/timeouts - {"script":"<number>"}
RESULT: {"script":"<number>"}
COMMAND: GET /session/1a7f7d058614b09b54cdbc5dd28664a9/timeouts - {}
RESULT: {}
RESULT: undefined
COMMAND: POST /session/1a7f7d058614b09b54cdbc5dd28664a9/execute/async - {"script":"<script> [2676 bytes]","args":[]}
RESULT: {"script":"<script> [2676 bytes]","args":[]}
COMMAND: POST /session/1a7f7d058614b09b54cdbc5dd28664a9/execute/async - {"script":"<script> [2342 bytes]","args":[{"protocol":"http","hostname":"0.0.0.0","path":"/","capabilities":{"browserName":"chrome","goog:chromeOptions":{"binary":"C:\\Program Files\\Google\\Chrome\\Application\\chrome.exe","args":["--start-maximized"]}},"logLevel":"warn","connectionRetryTimeout":120000,"connectionRetryCount":3,"logLevels":{},"enableDirectConnect":true,"strictSSL":true,"_":"65 more keys: [\"cacheDir\",\"port\",\"requestedCapabilities\",\"automationProtocol\",\"baseUrl\",\"waitforInterval\",\"waitforTimeout\",\"onReload\",\"beforeCommand\",\"afterCommand\",\"rootDir\",\"specs\",\"suites\",\"exclude\",\"groupLogsByTestSpec\",\"excludeDriverLogs\",\"bail\",\"framework\",\"reporters\",\"services\",\"maxInstances\",\"maxInstancesPerCapability\",\"injectGlobals\",\"filesToWatch\",\"execArgv\",\"runnerEnv\",\"runner\",\"shard\",\"specFileRetries\",\"specFileRetriesDelay\",\"specFileRetriesDeferred\",\"reporterSyncInterval\",\"reporterSyncTimeout\",\"cucumberFeaturesWithLineNumbers\",\"autoCompileOpts\",\"mochaOpts\",\"jasmineOpts\",\"cucumberOpts\",\"onPrepare\",\"onWorkerStart\",\"onWorkerEnd\",\"before\",\"beforeSession\",\"beforeSuite\",\"beforeHook\",\"beforeTest\",\"afterTest\",\"afterHook\",\"afterSuite\",\"afterSession\",\"after\",\"onComplete\",\"beforeAssertion\",\"afterAssertion\",\"beforeFeature\",\"beforeScenario\",\"beforeStep\",\"afterStep\",\"afterScenario\",\"afterFeature\",\"_\",\"suite\",\"$0\",\"ignoredWorkerServices\",\"wdi5\"]"}]}
RESULT: {"script":"<script> [2342 bytes]","args":[{"protocol":"http","hostname":"0.0.0.0","path":"/","capabilities":{"browserName":"chrome","goog:chromeOptions":{"binary":"C:\\Program Files\\Google\\Chrome\\Application\\chrome.exe","args":["--start-maximized"]}},"logLevel":"warn","connectionRetryTimeout":120000,"connectionRetryCount":3,"logLevels":{},"enableDirectConnect":true,"strictSSL":true,"_":"65 more keys: [\"cacheDir\",\"port\",\"requestedCapabilities\",\"automationProtocol\",\"baseUrl\",\"waitforInterval\",\"waitforTimeout\",\"onReload\",\"beforeCommand\",\"afterCommand\",\"rootDir\",\"specs\",\"suites\",\"exclude\",\"groupLogsByTestSpec\",\"excludeDriverLogs\",\"bail\",\"framework\",\"reporters\",\"services\",\"maxInstances\",\"maxInstancesPerCapability\",\"injectGlobals\",\"filesToWatch\",\"execArgv\",\"runnerEnv\",\"runner\",\"shard\",\"specFileRetries\",\"specFileRetriesDelay\",\"specFileRetriesDeferred\",\"reporterSyncInterval\",\"reporterSyncTimeout\",\"cucumberFeaturesWithLineNumbers\",\"autoCompileOpts\",\"mochaOpts\",\"jasmineOpts\",\"cucumberOpts\",\"onPrepare\",\"onWorkerStart\",\"onWorkerEnd\",\"before\",\"beforeSession\",\"beforeSuite\",\"beforeHook\",\"beforeTest\",\"afterTest\",\"afterHook\",\"afterSuite\",\"afterSession\",\"after\",\"onComplete\",\"beforeAssertion\",\"afterAssertion\",\"beforeFeature\",\"beforeScenario\",\"beforeStep\",\"afterStep\",\"afterScenario\",\"afterFeature\",\"_\",\"suite\",\"$0\",\"ignoredWorkerServices\",\"wdi5\"]"}]}
COMMAND: POST /session/1a7f7d058614b09b54cdbc5dd28664a9/execute/async - {"script":"<script> [21126 bytes]","args":[35000]}
RESULT: {"script":"<script> [21126 bytes]","args":[35000]}
COMMAND: POST /session/1a7f7d058614b09b54cdbc5dd28664a9/window/fullscreen - {}
RESULT: {}
COMMAND: POST /session/1a7f7d058614b09b54cdbc5dd28664a9/window/fullscreen - {}
RESULT: {}
COMMAND: POST /session/1a7f7d058614b09b54cdbc5dd28664a9/execute/async - {"script":"<script> [1562 bytes]","args":[{"selector":{"controlType":"sap.m.GenericTile","properties":{"header":"Manage Partners"}},"wdio_ui5_key":"sapm.GenericTile{\"header\":\"Manage Partners\"}"}]}
RESULT: {"script":"<script> [1562 bytes]","args":[{"selector":{"controlType":"sap.m.GenericTile","properties":{"header":"Manage Partners"}},"wdio_ui5_key":"sapm.GenericTile{\"header\":\"Manage Partners\"}"}]}
RESULT: undefined
COMMAND: POST /session/1a7f7d058614b09b54cdbc5dd28664a9/element - {"using":"xpath","value":"//*[@id=\"__tile30\"]"}
RESULT: {"using":"xpath","value":"//*[@id=\"__tile30\"]"}
COMMAND: POST /session/1a7f7d058614b09b54cdbc5dd28664a9/element/f.2C654B565EAAE04F20F597F65BFF9971.d.0BA5ED6C67D9270D141AFA4F6D262A33.e.3088/click - {}
RESULT: {}
COMMAND: POST /session/1a7f7d058614b09b54cdbc5dd28664a9/element - {"using":"xpath","value":"//button[@data-kt=\"addButton\"]"}
COMMAND: GET /session/1a7f7d058614b09b54cdbc5dd28664a9/screenshot - {}
RESULT: {"using":"xpath","value":"//button[@data-kt=\"addButton\"]"}
COMMAND: POST /session/1a7f7d058614b09b54cdbc5dd28664a9/elements - {"using":"xpath","value":"//button[@data-kt=\"addButton\"]"}
RESULT: {}
RESULT: {"using":"xpath","value":"//button[@data-kt=\"addButton\"]"}
COMMAND: POST /session/1a7f7d058614b09b54cdbc5dd28664a9/elements - {"using":"xpath","value":"//button[@data-kt=\"addButton\"]"}
RESULT: {"using":"xpath","value":"//button[@data-kt=\"addButton\"]"}
COMMAND: POST /session/1a7f7d058614b09b54cdbc5dd28664a9/elements - {"using":"xpath","value":"//button[@data-kt=\"addButton\"]"}
RESULT: {"using":"xpath","value":"//button[@data-kt=\"addButton\"]"}
COMMAND: POST /session/1a7f7d058614b09b54cdbc5dd28664a9/elements - {"using":"xpath","value":"//button[@data-kt=\"addButton\"]"}
RESULT: {"using":"xpath","value":"//button[@data-kt=\"addButton\"]"}
COMMAND: POST /session/1a7f7d058614b09b54cdbc5dd28664a9/elements - {"using":"xpath","value":"//button[@data-kt=\"addButton\"]"}
RESULT: {"using":"xpath","value":"//button[@data-kt=\"addButton\"]"}
COMMAND: POST /session/1a7f7d058614b09b54cdbc5dd28664a9/elements - {"using":"xpath","value":"//button[@data-kt=\"addButton\"]"}
RESULT: {"using":"xpath","value":"//button[@data-kt=\"addButton\"]"}
COMMAND: POST /session/1a7f7d058614b09b54cdbc5dd28664a9/elements - {"using":"xpath","value":"//button[@data-kt=\"addButton\"]"}
RESULT: {"using":"xpath","value":"//button[@data-kt=\"addButton\"]"}
COMMAND: POST /session/1a7f7d058614b09b54cdbc5dd28664a9/elements - {"using":"xpath","value":"//button[@data-kt=\"addButton\"]"}
RESULT: {"using":"xpath","value":"//button[@data-kt=\"addButton\"]"}
COMMAND: POST /session/1a7f7d058614b09b54cdbc5dd28664a9/elements - {"using":"xpath","value":"//button[@data-kt=\"addButton\"]"}
RESULT: {"using":"xpath","value":"//button[@data-kt=\"addButton\"]"}
COMMAND: POST /session/1a7f7d058614b09b54cdbc5dd28664a9/elements - {"using":"xpath","value":"//button[@data-kt=\"addButton\"]"}
RESULT: {"using":"xpath","value":"//button[@data-kt=\"addButton\"]"}
COMMAND: POST /session/1a7f7d058614b09b54cdbc5dd28664a9/elements - {"using":"xpath","value":"//button[@data-kt=\"addButton\"]"}
RESULT: {"using":"xpath","value":"//button[@data-kt=\"addButton\"]"}
COMMAND: POST /session/1a7f7d058614b09b54cdbc5dd28664a9/elements - {"using":"xpath","value":"//button[@data-kt=\"addButton\"]"}
RESULT: {"using":"xpath","value":"//button[@data-kt=\"addButton\"]"}
COMMAND: POST /session/1a7f7d058614b09b54cdbc5dd28664a9/elements - {"using":"xpath","value":"//button[@data-kt=\"addButton\"]"}
RESULT: {"using":"xpath","value":"//button[@data-kt=\"addButton\"]"}
COMMAND: POST /session/1a7f7d058614b09b54cdbc5dd28664a9/elements - {"using":"xpath","value":"//button[@data-kt=\"addButton\"]"}
RESULT: {"using":"xpath","value":"//button[@data-kt=\"addButton\"]"}
COMMAND: POST /session/1a7f7d058614b09b54cdbc5dd28664a9/elements - {"using":"xpath","value":"//button[@data-kt=\"addButton\"]"}
RESULT: {"using":"xpath","value":"//button[@data-kt=\"addButton\"]"}
COMMAND: POST /session/1a7f7d058614b09b54cdbc5dd28664a9/elements - {"using":"xpath","value":"//button[@data-kt=\"addButton\"]"}
RESULT: {"using":"xpath","value":"//button[@data-kt=\"addButton\"]"}
COMMAND: POST /session/1a7f7d058614b09b54cdbc5dd28664a9/elements - {"using":"xpath","value":"//button[@data-kt=\"addButton\"]"}
RESULT: {"using":"xpath","value":"//button[@data-kt=\"addButton\"]"}
COMMAND: POST /session/1a7f7d058614b09b54cdbc5dd28664a9/elements - {"using":"xpath","value":"//button[@data-kt=\"addButton\"]"}
RESULT: {"using":"xpath","value":"//button[@data-kt=\"addButton\"]"}
COMMAND: POST /session/1a7f7d058614b09b54cdbc5dd28664a9/elements - {"using":"xpath","value":"//button[@data-kt=\"addButton\"]"}
RESULT: {"using":"xpath","value":"//button[@data-kt=\"addButton\"]"}
COMMAND: POST /session/1a7f7d058614b09b54cdbc5dd28664a9/elements - {"using":"xpath","value":"//button[@data-kt=\"addButton\"]"}
RESULT: {"using":"xpath","value":"//button[@data-kt=\"addButton\"]"}
COMMAND: POST /session/1a7f7d058614b09b54cdbc5dd28664a9/elements - {"using":"xpath","value":"//button[@data-kt=\"addButton\"]"}
RESULT: {"using":"xpath","value":"//button[@data-kt=\"addButton\"]"}
COMMAND: POST /session/1a7f7d058614b09b54cdbc5dd28664a9/elements - {"using":"xpath","value":"//button[@data-kt=\"addButton\"]"}
RESULT: {"using":"xpath","value":"//button[@data-kt=\"addButton\"]"}
COMMAND: POST /session/1a7f7d058614b09b54cdbc5dd28664a9/elements - {"using":"xpath","value":"//button[@data-kt=\"addButton\"]"}
RESULT: {"using":"xpath","value":"//button[@data-kt=\"addButton\"]"}
COMMAND: POST /session/1a7f7d058614b09b54cdbc5dd28664a9/elements - {"using":"xpath","value":"//button[@data-kt=\"addButton\"]"}
RESULT: {"using":"xpath","value":"//button[@data-kt=\"addButton\"]"}
COMMAND: POST /session/1a7f7d058614b09b54cdbc5dd28664a9/elements - {"using":"xpath","value":"//button[@data-kt=\"addButton\"]"}
RESULT: {"using":"xpath","value":"//button[@data-kt=\"addButton\"]"}
COMMAND: POST /session/1a7f7d058614b09b54cdbc5dd28664a9/elements - {"using":"xpath","value":"//button[@data-kt=\"addButton\"]"}
RESULT: {"using":"xpath","value":"//button[@data-kt=\"addButton\"]"}
COMMAND: POST /session/1a7f7d058614b09b54cdbc5dd28664a9/elements - {"using":"xpath","value":"//button[@data-kt=\"addButton\"]"}
RESULT: {"using":"xpath","value":"//button[@data-kt=\"addButton\"]"}
COMMAND: POST /session/1a7f7d058614b09b54cdbc5dd28664a9/elements - {"using":"xpath","value":"//button[@data-kt=\"addButton\"]"}
RESULT: {"using":"xpath","value":"//button[@data-kt=\"addButton\"]"}
COMMAND: POST /session/1a7f7d058614b09b54cdbc5dd28664a9/elements - {"using":"xpath","value":"//button[@data-kt=\"addButton\"]"}
RESULT: {"using":"xpath","value":"//button[@data-kt=\"addButton\"]"}
COMMAND: POST /session/1a7f7d058614b09b54cdbc5dd28664a9/elements - {"using":"xpath","value":"//button[@data-kt=\"addButton\"]"}
RESULT: {"using":"xpath","value":"//button[@data-kt=\"addButton\"]"}
COMMAND: POST /session/1a7f7d058614b09b54cdbc5dd28664a9/elements - {"using":"xpath","value":"//button[@data-kt=\"addButton\"]"}
RESULT: {"using":"xpath","value":"//button[@data-kt=\"addButton\"]"}
COMMAND: POST /session/1a7f7d058614b09b54cdbc5dd28664a9/elements - {"using":"xpath","value":"//button[@data-kt=\"addButton\"]"}
RESULT: {"using":"xpath","value":"//button[@data-kt=\"addButton\"]"}
COMMAND: POST /session/1a7f7d058614b09b54cdbc5dd28664a9/element - {"using":"xpath","value":"//button[@data-kt=\"addButton\"]"}
RESULT: {"using":"xpath","value":"//button[@data-kt=\"addButton\"]"}
COMMAND: POST /session/1a7f7d058614b09b54cdbc5dd28664a9/execute/sync - {"script":"<script> [8489 bytes]","args":[{"element-6066-11e4-a52e-4f735466cecf":"f.2C654B565EAAE04F20F597F65BFF9971.d.0BA5ED6C67D9270D141AFA4F6D262A33.e.3203","ELEMENT":"f.2C654B565EAAE04F20F597F65BFF9971.d.0BA5ED6C67D9270D141AFA4F6D262A33.e.3203"}]}
RESULT: {"script":"<script> [8489 bytes]","args":[{"element-6066-11e4-a52e-4f735466cecf":"f.2C654B565EAAE04F20F597F65BFF9971.d.0BA5ED6C67D9270D141AFA4F6D262A33.e.3203","ELEMENT":"f.2C654B565EAAE04F20F597F65BFF9971.d.0BA5ED6C67D9270D141AFA4F6D262A33.e.3203"}]}
COMMAND: GET /session/1a7f7d058614b09b54cdbc5dd28664a9/element/f.2C654B565EAAE04F20F597F65BFF9971.d.0BA5ED6C67D9270D141AFA4F6D262A33.e.3203/enabled - {}
COMMAND: GET /session/1a7f7d058614b09b54cdbc5dd28664a9/screenshot - {}
RESULT: {}
RESULT: {}
COMMAND: POST /session/1a7f7d058614b09b54cdbc5dd28664a9/execute/sync - {"script":"<script> [8489 bytes]","args":[{"element-6066-11e4-a52e-4f735466cecf":"f.2C654B565EAAE04F20F597F65BFF9971.d.0BA5ED6C67D9270D141AFA4F6D262A33.e.3203","ELEMENT":"f.2C654B565EAAE04F20F597F65BFF9971.d.0BA5ED6C67D9270D141AFA4F6D262A33.e.3203"}]}
COMMAND: GET /session/1a7f7d058614b09b54cdbc5dd28664a9/screenshot - {}
RESULT: {"script":"<script> [8489 bytes]","args":[{"element-6066-11e4-a52e-4f735466cecf":"f.2C654B565EAAE04F20F597F65BFF9971.d.0BA5ED6C67D9270D141AFA4F6D262A33.e.3203","ELEMENT":"f.2C654B565EAAE04F20F597F65BFF9971.d.0BA5ED6C67D9270D141AFA4F6D262A33.e.3203"}]}
COMMAND: POST /session/1a7f7d058614b09b54cdbc5dd28664a9/execute/sync - {"script":"<script> [5351 bytes]","args":[{"element-6066-11e4-a52e-4f735466cecf":"f.2C654B565EAAE04F20F597F65BFF9971.d.0BA5ED6C67D9270D141AFA4F6D262A33.e.3203","ELEMENT":"f.2C654B565EAAE04F20F597F65BFF9971.d.0BA5ED6C67D9270D141AFA4F6D262A33.e.3203"}]}
COMMAND: GET /session/1a7f7d058614b09b54cdbc5dd28664a9/screenshot - {}
RESULT: {}
RESULT: {"script":"<script> [5351 bytes]","args":[{"element-6066-11e4-a52e-4f735466cecf":"f.2C654B565EAAE04F20F597F65BFF9971.d.0BA5ED6C67D9270D141AFA4F6D262A33.e.3203","ELEMENT":"f.2C654B565EAAE04F20F597F65BFF9971.d.0BA5ED6C67D9270D141AFA4F6D262A33.e.3203"}]}
COMMAND: POST /session/1a7f7d058614b09b54cdbc5dd28664a9/element/f.2C654B565EAAE04F20F597F65BFF9971.d.0BA5ED6C67D9270D141AFA4F6D262A33.e.3203/click - {}
COMMAND: GET /session/1a7f7d058614b09b54cdbc5dd28664a9/screenshot - {}
RESULT: {}
RESULT: {}
COMMAND: GET /session/1a7f7d058614b09b54cdbc5dd28664a9/screenshot - {}
COMMAND: POST /session/1a7f7d058614b09b54cdbc5dd28664a9/execute/async - {"script":"<script> [1562 bytes]","args":[{"selector":{"id":"application-managepartners-display-component---NewPartner--addressDetailDetailsName1","interaction":{"idSuffix":"inner"}},"wdio_ui5_key":"applicationmanagepartners-display-component---NewPartner--addressDetailDetailsName1"}]}
RESULT: {}
RESULT: {}
RESULT: {"script":"<script> [1562 bytes]","args":[{"selector":{"id":"application-managepartners-display-component---NewPartner--addressDetailDetailsName1","interaction":{"idSuffix":"inner"}},"wdio_ui5_key":"applicationmanagepartners-display-component---NewPartner--addressDetailDetailsName1"}]}
RESULT: undefined
COMMAND: POST /session/1a7f7d058614b09b54cdbc5dd28664a9/execute/async - {"script":"<script> [776 bytes]","args":[{"enterText":"Intercompany Partner WDIO","selector":{"id":"application-managepartners-display-component---NewPartner--addressDetailDetailsName1","interaction":{"idSuffix":"inner"}},"clearTextFirst":true,"interactionType":"ENTER_TEXT"}]}
RESULT: {"script":"<script> [776 bytes]","args":[{"enterText":"Intercompany Partner WDIO","selector":{"id":"application-managepartners-display-component---NewPartner--addressDetailDetailsName1","interaction":{"idSuffix":"inner"}},"clearTextFirst":true,"interactionType":"ENTER_TEXT"}]}
COMMAND: POST /session/1a7f7d058614b09b54cdbc5dd28664a9/execute/async - {"script":"<script> [1562 bytes]","args":[{"selector":{"id":"application-managepartners-display-component---NewPartner--addressDetailDetailsLanguage-arrow"},"wdio_ui5_key":"applicationmanagepartners-display-component---NewPartner--addressDetailDetailsLanguage-arrow"}]}
RESULT: {"script":"<script> [1562 bytes]","args":[{"selector":{"id":"application-managepartners-display-component---NewPartner--addressDetailDetailsLanguage-arrow"},"wdio_ui5_key":"applicationmanagepartners-display-component---NewPartner--addressDetailDetailsLanguage-arrow"}]}
RESULT: undefined
COMMAND: POST /session/1a7f7d058614b09b54cdbc5dd28664a9/element - {"using":"xpath","value":"//*[@id=\"application-managepartners-display-component---NewPartner--addressDetailDetailsLanguage-arrow\"]"}
RESULT: {"using":"xpath","value":"//*[@id=\"application-managepartners-display-component---NewPartner--addressDetailDetailsLanguage-arrow\"]"}
COMMAND: POST /session/1a7f7d058614b09b54cdbc5dd28664a9/element/f.2C654B565EAAE04F20F597F65BFF9971.d.0BA5ED6C67D9270D141AFA4F6D262A33.e.3656/click - {}
RESULT: {}
COMMAND: POST /session/1a7f7d058614b09b54cdbc5dd28664a9/element - {"using":"xpath","value":"//span[contains(text(), \"English\")]"}
COMMAND: GET /session/1a7f7d058614b09b54cdbc5dd28664a9/screenshot - {}
RESULT: {"using":"xpath","value":"//span[contains(text(), \"English\")]"}
COMMAND: POST /session/1a7f7d058614b09b54cdbc5dd28664a9/element/f.2C654B565EAAE04F20F597F65BFF9971.d.0BA5ED6C67D9270D141AFA4F6D262A33.e.3657/click - {}
RESULT: {}
RESULT: {}
COMMAND: GET /session/1a7f7d058614b09b54cdbc5dd28664a9/screenshot - {}
RESULT: {}
COMMAND: POST /session/1a7f7d058614b09b54cdbc5dd28664a9/execute/async - {"script":"<script> [1562 bytes]","args":[{"selector":{"id":"application-managepartners-display-component---NewPartner--addressDetailDetailsCity1","interaction":{"idSuffix":"inner"}},"wdio_ui5_key":"applicationmanagepartners-display-component---NewPartner--addressDetailDetailsCity1"}]}
RESULT: {"script":"<script> [1562 bytes]","args":[{"selector":{"id":"application-managepartners-display-component---NewPartner--addressDetailDetailsCity1","interaction":{"idSuffix":"inner"}},"wdio_ui5_key":"applicationmanagepartners-display-component---NewPartner--addressDetailDetailsCity1"}]}
RESULT: undefined
COMMAND: POST /session/1a7f7d058614b09b54cdbc5dd28664a9/execute/async - {"script":"<script> [776 bytes]","args":[{"enterText":"Rosario","selector":{"id":"application-managepartners-display-component---NewPartner--addressDetailDetailsCity1","interaction":{"idSuffix":"inner"}},"clearTextFirst":true,"interactionType":"ENTER_TEXT"}]}
RESULT: {"script":"<script> [776 bytes]","args":[{"enterText":"Rosario","selector":{"id":"application-managepartners-display-component---NewPartner--addressDetailDetailsCity1","interaction":{"idSuffix":"inner"}},"clearTextFirst":true,"interactionType":"ENTER_TEXT"}]}
COMMAND: POST /session/1a7f7d058614b09b54cdbc5dd28664a9/execute/async - {"script":"<script> [1562 bytes]","args":[{"selector":{"id":"application-managepartners-display-component---NewPartner--addressDetailDetailsCountry-arrow"},"wdio_ui5_key":"applicationmanagepartners-display-component---NewPartner--addressDetailDetailsCountry-arrow"}]}
RESULT: {"script":"<script> [1562 bytes]","args":[{"selector":{"id":"application-managepartners-display-component---NewPartner--addressDetailDetailsCountry-arrow"},"wdio_ui5_key":"applicationmanagepartners-display-component---NewPartner--addressDetailDetailsCountry-arrow"}]}
RESULT: undefined
COMMAND: POST /session/1a7f7d058614b09b54cdbc5dd28664a9/element - {"using":"xpath","value":"//*[@id=\"application-managepartners-display-component---NewPartner--addressDetailDetailsCountry-arrow\"]"}
RESULT: {"using":"xpath","value":"//*[@id=\"application-managepartners-display-component---NewPartner--addressDetailDetailsCountry-arrow\"]"}
COMMAND: POST /session/1a7f7d058614b09b54cdbc5dd28664a9/element/f.2C654B565EAAE04F20F597F65BFF9971.d.0BA5ED6C67D9270D141AFA4F6D262A33.e.3642/click - {}
RESULT: {}
COMMAND: POST /session/1a7f7d058614b09b54cdbc5dd28664a9/element - {"using":"xpath","value":"//span[contains(text(), \"Argentina\")]"}
COMMAND: GET /session/1a7f7d058614b09b54cdbc5dd28664a9/screenshot - {}
RESULT: {"using":"xpath","value":"//span[contains(text(), \"Argentina\")]"}
COMMAND: POST /session/1a7f7d058614b09b54cdbc5dd28664a9/element/f.2C654B565EAAE04F20F597F65BFF9971.d.0BA5ED6C67D9270D141AFA4F6D262A33.e.3659/click - {}
RESULT: {}
RESULT: {}
COMMAND: GET /session/1a7f7d058614b09b54cdbc5dd28664a9/screenshot - {}
RESULT: {}
COMMAND: POST /session/1a7f7d058614b09b54cdbc5dd28664a9/element - {"using":"xpath","value":"//bdi[contains(text(), \"Commercial\")]"}
RESULT: {"using":"xpath","value":"//bdi[contains(text(), \"Commercial\")]"}
COMMAND: POST /session/1a7f7d058614b09b54cdbc5dd28664a9/element/f.2C654B565EAAE04F20F597F65BFF9971.d.0BA5ED6C67D9270D141AFA4F6D262A33.e.3660/click - {}
RESULT: {}
COMMAND: GET /session/1a7f7d058614b09b54cdbc5dd28664a9/screenshot - {}
RESULT: {}
COMMAND: POST /session/1a7f7d058614b09b54cdbc5dd28664a9/execute/async - {"script":"<script> [1562 bytes]","args":[{"selector":{"id":"application-managepartners-display-component---NewPartner--partnerDetailInternal-arrow"},"wdio_ui5_key":"applicationmanagepartners-display-component---NewPartner--partnerDetailInternal-arrow"}]}
RESULT: {"script":"<script> [1562 bytes]","args":[{"selector":{"id":"application-managepartners-display-component---NewPartner--partnerDetailInternal-arrow"},"wdio_ui5_key":"applicationmanagepartners-display-component---NewPartner--partnerDetailInternal-arrow"}]}
RESULT: undefined
COMMAND: POST /session/1a7f7d058614b09b54cdbc5dd28664a9/element - {"using":"xpath","value":"//*[@id=\"application-managepartners-display-component---NewPartner--partnerDetailInternal-arrow\"]"}
RESULT: {"using":"xpath","value":"//*[@id=\"application-managepartners-display-component---NewPartner--partnerDetailInternal-arrow\"]"}
COMMAND: POST /session/1a7f7d058614b09b54cdbc5dd28664a9/element/f.2C654B565EAAE04F20F597F65BFF9971.d.0BA5ED6C67D9270D141AFA4F6D262A33.e.3668/click - {}
RESULT: {}
COMMAND: POST /session/1a7f7d058614b09b54cdbc5dd28664a9/element - {"using":"xpath","value":"//span[contains(text(), \"Affiliated company\")]"}
COMMAND: GET /session/1a7f7d058614b09b54cdbc5dd28664a9/screenshot - {}
RESULT: {"using":"xpath","value":"//span[contains(text(), \"Affiliated company\")]"}
COMMAND: POST /session/1a7f7d058614b09b54cdbc5dd28664a9/element/f.2C654B565EAAE04F20F597F65BFF9971.d.0BA5ED6C67D9270D141AFA4F6D262A33.e.3669/click - {}
RESULT: {}
RESULT: {}
COMMAND: POST /session/1a7f7d058614b09b54cdbc5dd28664a9/execute/async - {"script":"<script> [1562 bytes]","args":[{"selector":{"id":"application-managepartners-display-component---NewPartner--partnerDetailsCurrency-arrow"},"wdio_ui5_key":"applicationmanagepartners-display-component---NewPartner--partnerDetailsCurrency-arrow"}]}
COMMAND: GET /session/1a7f7d058614b09b54cdbc5dd28664a9/screenshot - {}
RESULT: {"script":"<script> [1562 bytes]","args":[{"selector":{"id":"application-managepartners-display-component---NewPartner--partnerDetailsCurrency-arrow"},"wdio_ui5_key":"applicationmanagepartners-display-component---NewPartner--partnerDetailsCurrency-arrow"}]}
RESULT: undefined
COMMAND: POST /session/1a7f7d058614b09b54cdbc5dd28664a9/element - {"using":"xpath","value":"//*[@id=\"application-managepartners-display-component---NewPartner--partnerDetailsCurrency-arrow\"]"}
RESULT: {}
RESULT: {"using":"xpath","value":"//*[@id=\"application-managepartners-display-component---NewPartner--partnerDetailsCurrency-arrow\"]"}
COMMAND: POST /session/1a7f7d058614b09b54cdbc5dd28664a9/element/f.2C654B565EAAE04F20F597F65BFF9971.d.0BA5ED6C67D9270D141AFA4F6D262A33.e.3676/click - {}
RESULT: {}
COMMAND: POST /session/1a7f7d058614b09b54cdbc5dd28664a9/element - {"using":"xpath","value":"//span[contains(text(), \"Euro\")]"}
COMMAND: GET /session/1a7f7d058614b09b54cdbc5dd28664a9/screenshot - {}
RESULT: {"using":"xpath","value":"//span[contains(text(), \"Euro\")]"}
COMMAND: POST /session/1a7f7d058614b09b54cdbc5dd28664a9/element/f.2C654B565EAAE04F20F597F65BFF9971.d.0BA5ED6C67D9270D141AFA4F6D262A33.e.3677/click - {}
RESULT: {}
RESULT: {}
COMMAND: POST /session/1a7f7d058614b09b54cdbc5dd28664a9/execute/async - {"script":"<script> [1562 bytes]","args":[{"selector":{"id":"application-managepartners-display-component---NewPartner--addressEditDetailsCostObjectCstType-arrow"},"wdio_ui5_key":"applicationmanagepartners-display-component---NewPartner--addressEditDetailsCostObjectCstType-arrow"}]}
COMMAND: GET /session/1a7f7d058614b09b54cdbc5dd28664a9/screenshot - {}
RESULT: {"script":"<script> [1562 bytes]","args":[{"selector":{"id":"application-managepartners-display-component---NewPartner--addressEditDetailsCostObjectCstType-arrow"},"wdio_ui5_key":"applicationmanagepartners-display-component---NewPartner--addressEditDetailsCostObjectCstType-arrow"}]}
RESULT: undefined
COMMAND: POST /session/1a7f7d058614b09b54cdbc5dd28664a9/element - {"using":"xpath","value":"//*[@id=\"application-managepartners-display-component---NewPartner--addressEditDetailsCostObjectCstType-arrow\"]"}
RESULT: {}
RESULT: {"using":"xpath","value":"//*[@id=\"application-managepartners-display-component---NewPartner--addressEditDetailsCostObjectCstType-arrow\"]"}
COMMAND: POST /session/1a7f7d058614b09b54cdbc5dd28664a9/element/f.2C654B565EAAE04F20F597F65BFF9971.d.0BA5ED6C67D9270D141AFA4F6D262A33.e.3678/click - {}
RESULT: {}
COMMAND: POST /session/1a7f7d058614b09b54cdbc5dd28664a9/element - {"using":"xpath","value":"//span[contains(text(), \"Cost Center\")]"}
COMMAND: GET /session/1a7f7d058614b09b54cdbc5dd28664a9/screenshot - {}
RESULT: {"using":"xpath","value":"//span[contains(text(), \"Cost Center\")]"}
COMMAND: POST /session/1a7f7d058614b09b54cdbc5dd28664a9/element/f.2C654B565EAAE04F20F597F65BFF9971.d.0BA5ED6C67D9270D141AFA4F6D262A33.e.3679/click - {}
RESULT: {}
RESULT: {}
COMMAND: GET /session/1a7f7d058614b09b54cdbc5dd28664a9/screenshot - {}
RESULT: {}
COMMAND: POST /session/1a7f7d058614b09b54cdbc5dd28664a9/element - {"using":"xpath","value":"//span[@id=\"application-managepartners-display-component---NewPartner--addressNewCostObjectCstID-vhi\"]"}
RESULT: {"using":"xpath","value":"//span[@id=\"application-managepartners-display-component---NewPartner--addressNewCostObjectCstID-vhi\"]"}
COMMAND: POST /session/1a7f7d058614b09b54cdbc5dd28664a9/execute/sync - {"script":"<script> [8489 bytes]","args":[{"element-6066-11e4-a52e-4f735466cecf":"f.2C654B565EAAE04F20F597F65BFF9971.d.0BA5ED6C67D9270D141AFA4F6D262A33.e.3683","ELEMENT":"f.2C654B565EAAE04F20F597F65BFF9971.d.0BA5ED6C67D9270D141AFA4F6D262A33.e.3683"}]}
RESULT: {"script":"<script> [8489 bytes]","args":[{"element-6066-11e4-a52e-4f735466cecf":"f.2C654B565EAAE04F20F597F65BFF9971.d.0BA5ED6C67D9270D141AFA4F6D262A33.e.3683","ELEMENT":"f.2C654B565EAAE04F20F597F65BFF9971.d.0BA5ED6C67D9270D141AFA4F6D262A33.e.3683"}]}
COMMAND: POST /session/1a7f7d058614b09b54cdbc5dd28664a9/execute/async - {"script":"<script> [1562 bytes]","args":[{"selector":{"id":"application-managepartners-display-component---NewPartner--addressNewCostObjectCstID-vhi"},"wdio_ui5_key":"applicationmanagepartners-display-component---NewPartner--addressNewCostObjectCstID-vhi"}]}
COMMAND: GET /session/1a7f7d058614b09b54cdbc5dd28664a9/screenshot - {}
RESULT: {"script":"<script> [1562 bytes]","args":[{"selector":{"id":"application-managepartners-display-component---NewPartner--addressNewCostObjectCstID-vhi"},"wdio_ui5_key":"applicationmanagepartners-display-component---NewPartner--addressNewCostObjectCstID-vhi"}]}
RESULT: undefined
COMMAND: POST /session/1a7f7d058614b09b54cdbc5dd28664a9/element - {"using":"xpath","value":"//*[@id=\"application-managepartners-display-component---NewPartner--addressNewCostObjectCstID-vhi\"]"}
RESULT: {}
RESULT: {"using":"xpath","value":"//*[@id=\"application-managepartners-display-component---NewPartner--addressNewCostObjectCstID-vhi\"]"}
COMMAND: POST /session/1a7f7d058614b09b54cdbc5dd28664a9/element/f.2C654B565EAAE04F20F597F65BFF9971.d.0BA5ED6C67D9270D141AFA4F6D262A33.e.3683/click - {}
RESULT: {}
COMMAND: GET /session/1a7f7d058614b09b54cdbc5dd28664a9/screenshot - {}
RESULT: {}
COMMAND: POST /session/1a7f7d058614b09b54cdbc5dd28664a9/execute/async - {"script":"<script> [1562 bytes]","args":[{"selector":{"controlType":"sap.m.SearchField","properties":{"placeholder":"Search"},"searchOpenDialogs":true,"interaction":{"idSuffix":"I"}},"wdio_ui5_key":"sapm.SearchField{\"placeholder\":\"Search\"}"}]}
RESULT: {"script":"<script> [1562 bytes]","args":[{"selector":{"controlType":"sap.m.SearchField","properties":{"placeholder":"Search"},"searchOpenDialogs":true,"interaction":{"idSuffix":"I"}},"wdio_ui5_key":"sapm.SearchField{\"placeholder\":\"Search\"}"}]}
RESULT: undefined
COMMAND: POST /session/1a7f7d058614b09b54cdbc5dd28664a9/execute/async - {"script":"<script> [776 bytes]","args":[{"enterText":"10001013","selector":{"controlType":"sap.m.SearchField","properties":{"placeholder":"Search"},"searchOpenDialogs":true,"interaction":{"idSuffix":"I"}},"clearTextFirst":true,"interactionType":"ENTER_TEXT"}]}
RESULT: {"script":"<script> [776 bytes]","args":[{"enterText":"10001013","selector":{"controlType":"sap.m.SearchField","properties":{"placeholder":"Search"},"searchOpenDialogs":true,"interaction":{"idSuffix":"I"}},"clearTextFirst":true,"interactionType":"ENTER_TEXT"}]}
COMMAND: POST /session/1a7f7d058614b09b54cdbc5dd28664a9/actions - {"actions":[{"id":"action7","type":"key","parameters":{},"actions":[{"type":"keyDown","value":"î€‡"},{"type":"pause","duration":10},{"type":"keyUp","value":"î€‡"}]}]}
RESULT: {"actions":[{"id":"action7","type":"key","parameters":{},"actions":[{"type":"keyDown","value":"î€‡"},{"type":"pause","duration":10},{"type":"keyUp","value":"î€‡"}]}]}
COMMAND: GET /session/1a7f7d058614b09b54cdbc5dd28664a9/screenshot - {}
RESULT: {}
COMMAND: POST /session/1a7f7d058614b09b54cdbc5dd28664a9/element - {"using":"xpath","value":"//span[contains(text(), \"General Management\")]"}
RESULT: {"using":"xpath","value":"//span[contains(text(), \"General Management\")]"}
COMMAND: POST /session/1a7f7d058614b09b54cdbc5dd28664a9/element/f.2C654B565EAAE04F20F597F65BFF9971.d.0BA5ED6C67D9270D141AFA4F6D262A33.e.3725/click - {}
RESULT: {}
COMMAND: GET /session/1a7f7d058614b09b54cdbc5dd28664a9/screenshot - {}
RESULT: {}
COMMAND: POST /session/1a7f7d058614b09b54cdbc5dd28664a9/element - {"using":"xpath","value":"//bdi[contains(text(), \"OK\")]"}
RESULT: {"using":"xpath","value":"//bdi[contains(text(), \"OK\")]"}
COMMAND: POST /session/1a7f7d058614b09b54cdbc5dd28664a9/element/f.2C654B565EAAE04F20F597F65BFF9971.d.0BA5ED6C67D9270D141AFA4F6D262A33.e.3726/click - {}
RESULT: {}
COMMAND: GET /session/1a7f7d058614b09b54cdbc5dd28664a9/screenshot - {}
RESULT: {}
COMMAND: POST /session/1a7f7d058614b09b54cdbc5dd28664a9/element - {"using":"xpath","value":"//input[@id=\"application-managepartners-display-component---NewPartner--companyCodeComboBox-inner\"]"}
RESULT: {"using":"xpath","value":"//input[@id=\"application-managepartners-display-component---NewPartner--companyCodeComboBox-inner\"]"}
COMMAND: POST /session/1a7f7d058614b09b54cdbc5dd28664a9/element/f.2C654B565EAAE04F20F597F65BFF9971.d.0BA5ED6C67D9270D141AFA4F6D262A33.e.3515/clear - {}
RESULT: {}
COMMAND: POST /session/1a7f7d058614b09b54cdbc5dd28664a9/element/f.2C654B565EAAE04F20F597F65BFF9971.d.0BA5ED6C67D9270D141AFA4F6D262A33.e.3515/value - {"text":"C002"}
COMMAND: GET /session/1a7f7d058614b09b54cdbc5dd28664a9/screenshot - {}
RESULT: {"text":"C002"}
COMMAND: GET /session/1a7f7d058614b09b54cdbc5dd28664a9/screenshot - {}
RESULT: {}
RESULT: {}
COMMAND: POST /session/1a7f7d058614b09b54cdbc5dd28664a9/element - {"using":"xpath","value":"//span[contains(text(), \"C002\")]"}
RESULT: {"using":"xpath","value":"//span[contains(text(), \"C002\")]"}
COMMAND: POST /session/1a7f7d058614b09b54cdbc5dd28664a9/element/f.2C654B565EAAE04F20F597F65BFF9971.d.0BA5ED6C67D9270D141AFA4F6D262A33.e.3732/click - {}
RESULT: {}
COMMAND: GET /session/1a7f7d058614b09b54cdbc5dd28664a9/screenshot - {}
RESULT: {}
COMMAND: POST /session/1a7f7d058614b09b54cdbc5dd28664a9/execute/async - {"script":"<script> [1562 bytes]","args":[{"selector":{"id":"application-managepartners-display-component---NewPartner--btnAddTableRow-img"},"wdio_ui5_key":"applicationmanagepartners-display-component---NewPartner--btnAddTableRow-img"}]}
RESULT: {"script":"<script> [1562 bytes]","args":[{"selector":{"id":"application-managepartners-display-component---NewPartner--btnAddTableRow-img"},"wdio_ui5_key":"applicationmanagepartners-display-component---NewPartner--btnAddTableRow-img"}]}
RESULT: undefined
COMMAND: POST /session/1a7f7d058614b09b54cdbc5dd28664a9/element - {"using":"xpath","value":"//*[@id=\"application-managepartners-display-component---NewPartner--btnAddTableRow-img\"]"}
RESULT: {"using":"xpath","value":"//*[@id=\"application-managepartners-display-component---NewPartner--btnAddTableRow-img\"]"}
COMMAND: POST /session/1a7f7d058614b09b54cdbc5dd28664a9/element/f.2C654B565EAAE04F20F597F65BFF9971.d.0BA5ED6C67D9270D141AFA4F6D262A33.e.3733/click - {}
RESULT: {}
COMMAND: GET /session/1a7f7d058614b09b54cdbc5dd28664a9/screenshot - {}
RESULT: {}
COMMAND: POST /session/1a7f7d058614b09b54cdbc5dd28664a9/element - {"using":"xpath","value":"//input[@id=\"application-managepartners-display-component---NewPartner--assignmentYard-application-managepartners-display-component---NewPartner--assignmentsTable-0-inner\"]"}
RESULT: {"using":"xpath","value":"//input[@id=\"application-managepartners-display-component---NewPartner--assignmentYard-application-managepartners-display-component---NewPartner--assignmentsTable-0-inner\"]"}
COMMAND: POST /session/1a7f7d058614b09b54cdbc5dd28664a9/element/f.2C654B565EAAE04F20F597F65BFF9971.d.0BA5ED6C67D9270D141AFA4F6D262A33.e.3736/clear - {}
RESULT: {}
COMMAND: POST /session/1a7f7d058614b09b54cdbc5dd28664a9/element/f.2C654B565EAAE04F20F597F65BFF9971.d.0BA5ED6C67D9270D141AFA4F6D262A33.e.3736/value - {"text":"268"}
COMMAND: GET /session/1a7f7d058614b09b54cdbc5dd28664a9/screenshot - {}
RESULT: {"text":"268"}
COMMAND: GET /session/1a7f7d058614b09b54cdbc5dd28664a9/screenshot - {}
RESULT: {}
RESULT: {}
COMMAND: POST /session/1a7f7d058614b09b54cdbc5dd28664a9/element - {"using":"xpath","value":"//li[.//span[text()='268']]"}
RESULT: {"using":"xpath","value":"//li[.//span[text()='268']]"}
COMMAND: POST /session/1a7f7d058614b09b54cdbc5dd28664a9/element/f.2C654B565EAAE04F20F597F65BFF9971.d.0BA5ED6C67D9270D141AFA4F6D262A33.e.3745/click - {}
RESULT: {}
COMMAND: GET /session/1a7f7d058614b09b54cdbc5dd28664a9/screenshot - {}
RESULT: {}
COMMAND: POST /session/1a7f7d058614b09b54cdbc5dd28664a9/actions - {"actions":[{"id":"action8","type":"key","parameters":{},"actions":[{"type":"keyDown","value":"î€‡"},{"type":"pause","duration":10},{"type":"keyUp","value":"î€‡"}]}]}
RESULT: {"actions":[{"id":"action8","type":"key","parameters":{},"actions":[{"type":"keyDown","value":"î€‡"},{"type":"pause","duration":10},{"type":"keyUp","value":"î€‡"}]}]}
COMMAND: POST /session/1a7f7d058614b09b54cdbc5dd28664a9/execute/async - {"script":"<script> [1562 bytes]","args":[{"selector":{"id":"application-managepartners-display-component---NewPartner--externalCustomerComboBox-application-managepartners-display-component---NewPartner--assignmentsTable-0-vhi"},"wdio_ui5_key":"applicationmanagepartners-display-component---NewPartner--externalCustomerComboBox-application-managepartners-display-component---NewPartner--assignmentsTable-0-vhi"}]}
COMMAND: GET /session/1a7f7d058614b09b54cdbc5dd28664a9/screenshot - {}
RESULT: {"script":"<script> [1562 bytes]","args":[{"selector":{"id":"application-managepartners-display-component---NewPartner--externalCustomerComboBox-application-managepartners-display-component---NewPartner--assignmentsTable-0-vhi"},"wdio_ui5_key":"applicationmanagepartners-display-component---NewPartner--externalCustomerComboBox-application-managepartners-display-component---NewPartner--assignmentsTable-0-vhi"}]}
RESULT: undefined
COMMAND: POST /session/1a7f7d058614b09b54cdbc5dd28664a9/element - {"using":"xpath","value":"//*[@id=\"application-managepartners-display-component---NewPartner--externalCustomerComboBox-application-managepartners-display-component---NewPartner--assignmentsTable-0-vhi\"]"}
RESULT: {}
RESULT: {"using":"xpath","value":"//*[@id=\"application-managepartners-display-component---NewPartner--externalCustomerComboBox-application-managepartners-display-component---NewPartner--assignmentsTable-0-vhi\"]"}
COMMAND: POST /session/1a7f7d058614b09b54cdbc5dd28664a9/element/f.2C654B565EAAE04F20F597F65BFF9971.d.0BA5ED6C67D9270D141AFA4F6D262A33.e.3749/click - {}
RESULT: {}
RESULT: undefined
COMMAND: POST /session/1a7f7d058614b09b54cdbc5dd28664a9/execute/async - {"script":"<script> [776 bytes]","args":[{"enterText":"300003","selector":{"controlType":"sap.m.SearchField","properties":{"placeholder":"Search"},"searchOpenDialogs":true,"interaction":{"idSuffix":"I"}},"clearTextFirst":true,"interactionType":"ENTER_TEXT"}]}
COMMAND: GET /session/1a7f7d058614b09b54cdbc5dd28664a9/screenshot - {}
RESULT: {"script":"<script> [776 bytes]","args":[{"enterText":"300003","selector":{"controlType":"sap.m.SearchField","properties":{"placeholder":"Search"},"searchOpenDialogs":true,"interaction":{"idSuffix":"I"}},"clearTextFirst":true,"interactionType":"ENTER_TEXT"}]}
COMMAND: POST /session/1a7f7d058614b09b54cdbc5dd28664a9/actions - {"actions":[{"id":"action9","type":"key","parameters":{},"actions":[{"type":"keyDown","value":"î€‡"},{"type":"pause","duration":10},{"type":"keyUp","value":"î€‡"}]}]}
RESULT: {}
RESULT: {"actions":[{"id":"action9","type":"key","parameters":{},"actions":[{"type":"keyDown","value":"î€‡"},{"type":"pause","duration":10},{"type":"keyUp","value":"î€‡"}]}]}
COMMAND: GET /session/1a7f7d058614b09b54cdbc5dd28664a9/screenshot - {}
RESULT: {}
COMMAND: POST /session/1a7f7d058614b09b54cdbc5dd28664a9/element - {"using":"xpath","value":"//span[contains(text(), \"300003\")]"}
RESULT: {"using":"xpath","value":"//span[contains(text(), \"300003\")]"}
COMMAND: POST /session/1a7f7d058614b09b54cdbc5dd28664a9/element/f.2C654B565EAAE04F20F597F65BFF9971.d.0BA5ED6C67D9270D141AFA4F6D262A33.e.3766/click - {}
RESULT: {}
COMMAND: GET /session/1a7f7d058614b09b54cdbc5dd28664a9/screenshot - {}
RESULT: {}
COMMAND: POST /session/1a7f7d058614b09b54cdbc5dd28664a9/element - {"using":"xpath","value":"//bdi[contains(text(), \"OK\")]"}
RESULT: {"using":"xpath","value":"//bdi[contains(text(), \"OK\")]"}
COMMAND: POST /session/1a7f7d058614b09b54cdbc5dd28664a9/element/f.2C654B565EAAE04F20F597F65BFF9971.d.0BA5ED6C67D9270D141AFA4F6D262A33.e.3768/click - {}
RESULT: {}
COMMAND: GET /session/1a7f7d058614b09b54cdbc5dd28664a9/screenshot - {}
RESULT: {}
COMMAND: POST /session/1a7f7d058614b09b54cdbc5dd28664a9/execute/async - {"script":"<script> [1562 bytes]","args":[{"selector":{"id":"application-managepartners-display-component---NewPartner--intercompVendorComboBox-application-managepartners-display-component---NewPartner--assignmentsTable-0-vhi"},"wdio_ui5_key":"applicationmanagepartners-display-component---NewPartner--intercompVendorComboBox-application-managepartners-display-component---NewPartner--assignmentsTable-0-vhi"}]}
RESULT: {"script":"<script> [1562 bytes]","args":[{"selector":{"id":"application-managepartners-display-component---NewPartner--intercompVendorComboBox-application-managepartners-display-component---NewPartner--assignmentsTable-0-vhi"},"wdio_ui5_key":"applicationmanagepartners-display-component---NewPartner--intercompVendorComboBox-application-managepartners-display-component---NewPartner--assignmentsTable-0-vhi"}]}
RESULT: undefined
COMMAND: POST /session/1a7f7d058614b09b54cdbc5dd28664a9/element - {"using":"xpath","value":"//*[@id=\"application-managepartners-display-component---NewPartner--intercompVendorComboBox-application-managepartners-display-component---NewPartner--assignmentsTable-0-vhi\"]"}
RESULT: {"using":"xpath","value":"//*[@id=\"application-managepartners-display-component---NewPartner--intercompVendorComboBox-application-managepartners-display-component---NewPartner--assignmentsTable-0-vhi\"]"}
COMMAND: POST /session/1a7f7d058614b09b54cdbc5dd28664a9/element/f.2C654B565EAAE04F20F597F65BFF9971.d.0BA5ED6C67D9270D141AFA4F6D262A33.e.3771/click - {}
RESULT: {}
RESULT: undefined
COMMAND: POST /session/1a7f7d058614b09b54cdbc5dd28664a9/execute/async - {"script":"<script> [776 bytes]","args":[{"enterText":"100005","selector":{"controlType":"sap.m.SearchField","properties":{"placeholder":"Search"},"searchOpenDialogs":true,"interaction":{"idSuffix":"I"}},"clearTextFirst":true,"interactionType":"ENTER_TEXT"}]}
COMMAND: GET /session/1a7f7d058614b09b54cdbc5dd28664a9/screenshot - {}
RESULT: {"script":"<script> [776 bytes]","args":[{"enterText":"100005","selector":{"controlType":"sap.m.SearchField","properties":{"placeholder":"Search"},"searchOpenDialogs":true,"interaction":{"idSuffix":"I"}},"clearTextFirst":true,"interactionType":"ENTER_TEXT"}]}
COMMAND: POST /session/1a7f7d058614b09b54cdbc5dd28664a9/actions - {"actions":[{"id":"action10","type":"key","parameters":{},"actions":[{"type":"keyDown","value":"î€‡"},{"type":"pause","duration":10},{"type":"keyUp","value":"î€‡"}]}]}
RESULT: {}
RESULT: {"actions":[{"id":"action10","type":"key","parameters":{},"actions":[{"type":"keyDown","value":"î€‡"},{"type":"pause","duration":10},{"type":"keyUp","value":"î€‡"}]}]}
COMMAND: GET /session/1a7f7d058614b09b54cdbc5dd28664a9/screenshot - {}
RESULT: {}
COMMAND: POST /session/1a7f7d058614b09b54cdbc5dd28664a9/element - {"using":"xpath","value":"//span[contains(text(), \"Penguins - Field/12345 Berlin\")]"}
RESULT: {"using":"xpath","value":"//span[contains(text(), \"Penguins - Field/12345 Berlin\")]"}
COMMAND: POST /session/1a7f7d058614b09b54cdbc5dd28664a9/element/f.2C654B565EAAE04F20F597F65BFF9971.d.0BA5ED6C67D9270D141AFA4F6D262A33.e.3788/click - {}
RESULT: {}
COMMAND: GET /session/1a7f7d058614b09b54cdbc5dd28664a9/screenshot - {}
RESULT: {}
COMMAND: POST /session/1a7f7d058614b09b54cdbc5dd28664a9/element - {"using":"xpath","value":"//bdi[contains(text(), \"OK\")]"}
RESULT: {"using":"xpath","value":"//bdi[contains(text(), \"OK\")]"}
COMMAND: POST /session/1a7f7d058614b09b54cdbc5dd28664a9/element/f.2C654B565EAAE04F20F597F65BFF9971.d.0BA5ED6C67D9270D141AFA4F6D262A33.e.3789/click - {}
RESULT: {}
COMMAND: GET /session/1a7f7d058614b09b54cdbc5dd28664a9/screenshot - {}
RESULT: {}
COMMAND: POST /session/1a7f7d058614b09b54cdbc5dd28664a9/element - {"using":"xpath","value":"//button[@data-kt=\"saveButton\"]"}
RESULT: {"using":"xpath","value":"//button[@data-kt=\"saveButton\"]"}
COMMAND: POST /session/1a7f7d058614b09b54cdbc5dd28664a9/element/f.2C654B565EAAE04F20F597F65BFF9971.d.0BA5ED6C67D9270D141AFA4F6D262A33.e.3582/click - {}
RESULT: {}
COMMAND: GET /session/1a7f7d058614b09b54cdbc5dd28664a9/screenshot - {}
RESULT: {}
COMMAND: POST /session/1a7f7d058614b09b54cdbc5dd28664a9/element - {"using":"xpath","value":"//header[contains(@id, 'ObjectPageLayout-headerTitle')]/div[1]/div[2]/div[2]/span[1]"}
RESULT: {"using":"xpath","value":"//header[contains(@id, 'ObjectPageLayout-headerTitle')]/div[1]/div[2]/div[2]/span[1]"}
COMMAND: POST /session/1a7f7d058614b09b54cdbc5dd28664a9/elements - {"using":"xpath","value":"//header[contains(@id, 'ObjectPageLayout-headerTitle')]/div[1]/div[2]/div[2]/span[1]"}
RESULT: {"using":"xpath","value":"//header[contains(@id, 'ObjectPageLayout-headerTitle')]/div[1]/div[2]/div[2]/span[1]"}
COMMAND: POST /session/1a7f7d058614b09b54cdbc5dd28664a9/execute/sync - {"script":"<script> [56 bytes]","args":[{"element-6066-11e4-a52e-4f735466cecf":"f.2C654B565EAAE04F20F597F65BFF9971.d.0BA5ED6C67D9270D141AFA4F6D262A33.e.3957","ELEMENT":"f.2C654B565EAAE04F20F597F65BFF9971.d.0BA5ED6C67D9270D141AFA4F6D262A33.e.3957"}]}
RESULT: {"script":"<script> [56 bytes]","args":[{"element-6066-11e4-a52e-4f735466cecf":"f.2C654B565EAAE04F20F597F65BFF9971.d.0BA5ED6C67D9270D141AFA4F6D262A33.e.3957","ELEMENT":"f.2C654B565EAAE04F20F597F65BFF9971.d.0BA5ED6C67D9270D141AFA4F6D262A33.e.3957"}]}
COMMAND: POST /session/1a7f7d058614b09b54cdbc5dd28664a9/element - {"using":"css selector","value":"#shell-header-logo"}
COMMAND: GET /session/1a7f7d058614b09b54cdbc5dd28664a9/screenshot - {}
RESULT: {"using":"css selector","value":"#shell-header-logo"}
COMMAND: POST /session/1a7f7d058614b09b54cdbc5dd28664a9/element/f.2C654B565EAAE04F20F597F65BFF9971.d.0BA5ED6C67D9270D141AFA4F6D262A33.e.3168/click - {}
RESULT: {}
RESULT: {}
COMMAND: GET /session/1a7f7d058614b09b54cdbc5dd28664a9/screenshot - {}
RESULT: {}
COMMAND: POST /session/1a7f7d058614b09b54cdbc5dd28664a9/execute/sync - {"script":"<script> [299 bytes]","args":[["getModel","getResource"]]}
RESULT: {"script":"<script> [299 bytes]","args":[["getModel","getResource"]]}
RESULT: undefined
COMMAND: POST /session/1a7f7d058614b09b54cdbc5dd28664a9/element - {"using":"xpath","value":"//*[@id=\"__tile30\"]"}
COMMAND: GET /session/1a7f7d058614b09b54cdbc5dd28664a9/screenshot - {}
RESULT: {"using":"xpath","value":"//*[@id=\"__tile30\"]"}
COMMAND: POST /session/1a7f7d058614b09b54cdbc5dd28664a9/element/f.2C654B565EAAE04F20F597F65BFF9971.d.0BA5ED6C67D9270D141AFA4F6D262A33.e.3088/click - {}
RESULT: {}
RESULT: {}
COMMAND: POST /session/1a7f7d058614b09b54cdbc5dd28664a9/element - {"using":"xpath","value":"//button[@data-kt=\"addButton\"]"}
COMMAND: GET /session/1a7f7d058614b09b54cdbc5dd28664a9/screenshot - {}
RESULT: {"using":"xpath","value":"//button[@data-kt=\"addButton\"]"}
COMMAND: POST /session/1a7f7d058614b09b54cdbc5dd28664a9/elements - {"using":"xpath","value":"//button[@data-kt=\"addButton\"]"}
RESULT: {}
RESULT: {"using":"xpath","value":"//button[@data-kt=\"addButton\"]"}
COMMAND: POST /session/1a7f7d058614b09b54cdbc5dd28664a9/elements - {"using":"xpath","value":"//button[@data-kt=\"addButton\"]"}
RESULT: {"using":"xpath","value":"//button[@data-kt=\"addButton\"]"}
COMMAND: POST /session/1a7f7d058614b09b54cdbc5dd28664a9/elements - {"using":"xpath","value":"//button[@data-kt=\"addButton\"]"}
RESULT: {"using":"xpath","value":"//button[@data-kt=\"addButton\"]"}
COMMAND: POST /session/1a7f7d058614b09b54cdbc5dd28664a9/elements - {"using":"xpath","value":"//button[@data-kt=\"addButton\"]"}
RESULT: {"using":"xpath","value":"//button[@data-kt=\"addButton\"]"}
COMMAND: POST /session/1a7f7d058614b09b54cdbc5dd28664a9/elements - {"using":"xpath","value":"//button[@data-kt=\"addButton\"]"}
RESULT: {"using":"xpath","value":"//button[@data-kt=\"addButton\"]"}
COMMAND: POST /session/1a7f7d058614b09b54cdbc5dd28664a9/elements - {"using":"xpath","value":"//button[@data-kt=\"addButton\"]"}
RESULT: {"using":"xpath","value":"//button[@data-kt=\"addButton\"]"}
COMMAND: POST /session/1a7f7d058614b09b54cdbc5dd28664a9/elements - {"using":"xpath","value":"//button[@data-kt=\"addButton\"]"}
RESULT: {"using":"xpath","value":"//button[@data-kt=\"addButton\"]"}
COMMAND: POST /session/1a7f7d058614b09b54cdbc5dd28664a9/elements - {"using":"xpath","value":"//button[@data-kt=\"addButton\"]"}
RESULT: {"using":"xpath","value":"//button[@data-kt=\"addButton\"]"}
COMMAND: POST /session/1a7f7d058614b09b54cdbc5dd28664a9/elements - {"using":"xpath","value":"//button[@data-kt=\"addButton\"]"}
RESULT: {"using":"xpath","value":"//button[@data-kt=\"addButton\"]"}
COMMAND: POST /session/1a7f7d058614b09b54cdbc5dd28664a9/elements - {"using":"xpath","value":"//button[@data-kt=\"addButton\"]"}
RESULT: {"using":"xpath","value":"//button[@data-kt=\"addButton\"]"}
COMMAND: POST /session/1a7f7d058614b09b54cdbc5dd28664a9/elements - {"using":"xpath","value":"//button[@data-kt=\"addButton\"]"}
RESULT: {"using":"xpath","value":"//button[@data-kt=\"addButton\"]"}
COMMAND: POST /session/1a7f7d058614b09b54cdbc5dd28664a9/element - {"using":"xpath","value":"//button[@data-kt=\"addButton\"]"}
RESULT: {"using":"xpath","value":"//button[@data-kt=\"addButton\"]"}
COMMAND: POST /session/1a7f7d058614b09b54cdbc5dd28664a9/execute/sync - {"script":"<script> [8489 bytes]","args":[{"element-6066-11e4-a52e-4f735466cecf":"f.2C654B565EAAE04F20F597F65BFF9971.d.0BA5ED6C67D9270D141AFA4F6D262A33.e.4005","ELEMENT":"f.2C654B565EAAE04F20F597F65BFF9971.d.0BA5ED6C67D9270D141AFA4F6D262A33.e.4005"}]}
RESULT: {"script":"<script> [8489 bytes]","args":[{"element-6066-11e4-a52e-4f735466cecf":"f.2C654B565EAAE04F20F597F65BFF9971.d.0BA5ED6C67D9270D141AFA4F6D262A33.e.4005","ELEMENT":"f.2C654B565EAAE04F20F597F65BFF9971.d.0BA5ED6C67D9270D141AFA4F6D262A33.e.4005"}]}
COMMAND: GET /session/1a7f7d058614b09b54cdbc5dd28664a9/element/f.2C654B565EAAE04F20F597F65BFF9971.d.0BA5ED6C67D9270D141AFA4F6D262A33.e.4005/enabled - {}
COMMAND: GET /session/1a7f7d058614b09b54cdbc5dd28664a9/screenshot - {}
RESULT: {}
COMMAND: POST /session/1a7f7d058614b09b54cdbc5dd28664a9/execute/sync - {"script":"<script> [8489 bytes]","args":[{"element-6066-11e4-a52e-4f735466cecf":"f.2C654B565EAAE04F20F597F65BFF9971.d.0BA5ED6C67D9270D141AFA4F6D262A33.e.4005","ELEMENT":"f.2C654B565EAAE04F20F597F65BFF9971.d.0BA5ED6C67D9270D141AFA4F6D262A33.e.4005"}]}
COMMAND: GET /session/1a7f7d058614b09b54cdbc5dd28664a9/screenshot - {}
RESULT: {}
RESULT: {"script":"<script> [8489 bytes]","args":[{"element-6066-11e4-a52e-4f735466cecf":"f.2C654B565EAAE04F20F597F65BFF9971.d.0BA5ED6C67D9270D141AFA4F6D262A33.e.4005","ELEMENT":"f.2C654B565EAAE04F20F597F65BFF9971.d.0BA5ED6C67D9270D141AFA4F6D262A33.e.4005"}]}
COMMAND: POST /session/1a7f7d058614b09b54cdbc5dd28664a9/execute/sync - {"script":"<script> [5351 bytes]","args":[{"element-6066-11e4-a52e-4f735466cecf":"f.2C654B565EAAE04F20F597F65BFF9971.d.0BA5ED6C67D9270D141AFA4F6D262A33.e.4005","ELEMENT":"f.2C654B565EAAE04F20F597F65BFF9971.d.0BA5ED6C67D9270D141AFA4F6D262A33.e.4005"}]}
COMMAND: GET /session/1a7f7d058614b09b54cdbc5dd28664a9/screenshot - {}
RESULT: {}
RESULT: {"script":"<script> [5351 bytes]","args":[{"element-6066-11e4-a52e-4f735466cecf":"f.2C654B565EAAE04F20F597F65BFF9971.d.0BA5ED6C67D9270D141AFA4F6D262A33.e.4005","ELEMENT":"f.2C654B565EAAE04F20F597F65BFF9971.d.0BA5ED6C67D9270D141AFA4F6D262A33.e.4005"}]}
COMMAND: GET /session/1a7f7d058614b09b54cdbc5dd28664a9/screenshot - {}
RESULT: {}
RESULT: {}
COMMAND: POST /session/1a7f7d058614b09b54cdbc5dd28664a9/execute/async - {"script":"<script> [1562 bytes]","args":[{"selector":{"id":"application-managepartners-display-component---masterPtm--smartFilterBar-btnBasicSearch","interaction":{"idSuffix":"I"}},"wdio_ui5_key":"applicationmanagepartners-display-component---masterPtm--smartFilterBar-btnBasicSearch"}]}
RESULT: {"script":"<script> [1562 bytes]","args":[{"selector":{"id":"application-managepartners-display-component---masterPtm--smartFilterBar-btnBasicSearch","interaction":{"idSuffix":"I"}},"wdio_ui5_key":"applicationmanagepartners-display-component---masterPtm--smartFilterBar-btnBasicSearch"}]}
RESULT: undefined
COMMAND: POST /session/1a7f7d058614b09b54cdbc5dd28664a9/execute/async - {"script":"<script> [776 bytes]","args":[{"enterText":"1129","selector":{"id":"application-managepartners-display-component---masterPtm--smartFilterBar-btnBasicSearch","interaction":{"idSuffix":"I"}},"clearTextFirst":true,"interactionType":"ENTER_TEXT"}]}
RESULT: {"script":"<script> [776 bytes]","args":[{"enterText":"1129","selector":{"id":"application-managepartners-display-component---masterPtm--smartFilterBar-btnBasicSearch","interaction":{"idSuffix":"I"}},"clearTextFirst":true,"interactionType":"ENTER_TEXT"}]}
COMMAND: POST /session/1a7f7d058614b09b54cdbc5dd28664a9/actions - {"actions":[{"id":"action11","type":"key","parameters":{},"actions":[{"type":"keyDown","value":"î€‡"},{"type":"pause","duration":10},{"type":"keyUp","value":"î€‡"}]}]}
RESULT: {"actions":[{"id":"action11","type":"key","parameters":{},"actions":[{"type":"keyDown","value":"î€‡"},{"type":"pause","duration":10},{"type":"keyUp","value":"î€‡"}]}]}
COMMAND: GET /session/1a7f7d058614b09b54cdbc5dd28664a9/screenshot - {}
RESULT: {}
COMMAND: POST /session/1a7f7d058614b09b54cdbc5dd28664a9/elements - {"using":"xpath","value":"//table[contains(@id, \"customPartnersTable-listUl\")]/tbody/tr"}
RESULT: {"using":"xpath","value":"//table[contains(@id, \"customPartnersTable-listUl\")]/tbody/tr"}
COMMAND: POST /session/1a7f7d058614b09b54cdbc5dd28664a9/element - {"using":"xpath","value":"//table[contains(@id, \"customPartnersTable-listUl\")]/tbody/tr[1]/td[3]/span"}
RESULT: {"using":"xpath","value":"//table[contains(@id, \"customPartnersTable-listUl\")]/tbody/tr[1]/td[3]/span"}
COMMAND: POST /session/1a7f7d058614b09b54cdbc5dd28664a9/elements - {"using":"xpath","value":"//table[contains(@id, \"customPartnersTable-listUl\")]/tbody/tr[1]/td[3]/span"}
RESULT: {"using":"xpath","value":"//table[contains(@id, \"customPartnersTable-listUl\")]/tbody/tr[1]/td[3]/span"}
COMMAND: POST /session/1a7f7d058614b09b54cdbc5dd28664a9/execute/sync - {"script":"<script> [56 bytes]","args":[{"element-6066-11e4-a52e-4f735466cecf":"f.2C654B565EAAE04F20F597F65BFF9971.d.0BA5ED6C67D9270D141AFA4F6D262A33.e.4143","ELEMENT":"f.2C654B565EAAE04F20F597F65BFF9971.d.0BA5ED6C67D9270D141AFA4F6D262A33.e.4143"}]}
RESULT: {"script":"<script> [56 bytes]","args":[{"element-6066-11e4-a52e-4f735466cecf":"f.2C654B565EAAE04F20F597F65BFF9971.d.0BA5ED6C67D9270D141AFA4F6D262A33.e.4143","ELEMENT":"f.2C654B565EAAE04F20F597F65BFF9971.d.0BA5ED6C67D9270D141AFA4F6D262A33.e.4143"}]}
COMMAND: POST /session/1a7f7d058614b09b54cdbc5dd28664a9/element - {"using":"xpath","value":"(//span[contains(@id, \"imgNav\")])[1]"}
COMMAND: GET /session/1a7f7d058614b09b54cdbc5dd28664a9/screenshot - {}
RESULT: {"using":"xpath","value":"(//span[contains(@id, \"imgNav\")])[1]"}
COMMAND: POST /session/1a7f7d058614b09b54cdbc5dd28664a9/element/f.2C654B565EAAE04F20F597F65BFF9971.d.0BA5ED6C67D9270D141AFA4F6D262A33.e.4141/click - {}
RESULT: {}
RESULT: {}
COMMAND: GET /session/1a7f7d058614b09b54cdbc5dd28664a9/screenshot - {}
RESULT: {}
COMMAND: POST /session/1a7f7d058614b09b54cdbc5dd28664a9/element - {"using":"xpath","value":"//bdi[contains(text(), \"Edit\")]"}
RESULT: {"using":"xpath","value":"//bdi[contains(text(), \"Edit\")]"}
COMMAND: POST /session/1a7f7d058614b09b54cdbc5dd28664a9/element/f.2C654B565EAAE04F20F597F65BFF9971.d.0BA5ED6C67D9270D141AFA4F6D262A33.e.4288/click - {}
RESULT: {}
COMMAND: GET /session/1a7f7d058614b09b54cdbc5dd28664a9/screenshot - {}
RESULT: {}
COMMAND: POST /session/1a7f7d058614b09b54cdbc5dd28664a9/execute/async - {"script":"<script> [1562 bytes]","args":[{"selector":{"controlType":"sap.m.Input","viewName":"etm.portal.ui.managepartners.view.EditDetail","labelFor":{"text":"Name"},"interaction":{"idSuffix":"inner"}},"wdio_ui5_key":"etmportal.ui.managepartners.view.EditDetailsap.m.Input{\"text\":\"Name\"}"}]}
RESULT: {"script":"<script> [1562 bytes]","args":[{"selector":{"controlType":"sap.m.Input","viewName":"etm.portal.ui.managepartners.view.EditDetail","labelFor":{"text":"Name"},"interaction":{"idSuffix":"inner"}},"wdio_ui5_key":"etmportal.ui.managepartners.view.EditDetailsap.m.Input{\"text\":\"Name\"}"}]}
RESULT: undefined
COMMAND: POST /session/1a7f7d058614b09b54cdbc5dd28664a9/execute/async - {"script":"<script> [776 bytes]","args":[{"enterText":"Intercompany EDIT","selector":{"controlType":"sap.m.Input","viewName":"etm.portal.ui.managepartners.view.EditDetail","labelFor":{"text":"Name"},"interaction":{"idSuffix":"inner"}},"clearTextFirst":true,"interactionType":"ENTER_TEXT"}]}
RESULT: {"script":"<script> [776 bytes]","args":[{"enterText":"Intercompany EDIT","selector":{"controlType":"sap.m.Input","viewName":"etm.portal.ui.managepartners.view.EditDetail","labelFor":{"text":"Name"},"interaction":{"idSuffix":"inner"}},"clearTextFirst":true,"interactionType":"ENTER_TEXT"}]}
COMMAND: POST /session/1a7f7d058614b09b54cdbc5dd28664a9/element - {"using":"xpath","value":"(//span[contains(@id,\"addressDetailDetailsLanguage-arrow\")])[1]"}
RESULT: {"using":"xpath","value":"(//span[contains(@id,\"addressDetailDetailsLanguage-arrow\")])[1]"}
COMMAND: POST /session/1a7f7d058614b09b54cdbc5dd28664a9/element/f.2C654B565EAAE04F20F597F65BFF9971.d.0BA5ED6C67D9270D141AFA4F6D262A33.e.4372/click - {}
RESULT: {}
COMMAND: POST /session/1a7f7d058614b09b54cdbc5dd28664a9/element - {"using":"xpath","value":"//span[contains(text(), \"Chinese\")]"}
COMMAND: GET /session/1a7f7d058614b09b54cdbc5dd28664a9/screenshot - {}
RESULT: {"using":"xpath","value":"//span[contains(text(), \"Chinese\")]"}
COMMAND: POST /session/1a7f7d058614b09b54cdbc5dd28664a9/element/f.2C654B565EAAE04F20F597F65BFF9971.d.0BA5ED6C67D9270D141AFA4F6D262A33.e.4373/click - {}
RESULT: {}
RESULT: {}
COMMAND: GET /session/1a7f7d058614b09b54cdbc5dd28664a9/screenshot - {}
RESULT: {}
COMMAND: POST /session/1a7f7d058614b09b54cdbc5dd28664a9/execute/async - {"script":"<script> [1562 bytes]","args":[{"selector":{"controlType":"sap.m.Input","viewName":"etm.portal.ui.managepartners.view.EditDetail","labelFor":{"text":"City"},"interaction":{"idSuffix":"inner"}},"wdio_ui5_key":"etmportal.ui.managepartners.view.EditDetailsap.m.Input{\"text\":\"City\"}"}]}
RESULT: {"script":"<script> [1562 bytes]","args":[{"selector":{"controlType":"sap.m.Input","viewName":"etm.portal.ui.managepartners.view.EditDetail","labelFor":{"text":"City"},"interaction":{"idSuffix":"inner"}},"wdio_ui5_key":"etmportal.ui.managepartners.view.EditDetailsap.m.Input{\"text\":\"City\"}"}]}
RESULT: undefined
COMMAND: POST /session/1a7f7d058614b09b54cdbc5dd28664a9/execute/async - {"script":"<script> [776 bytes]","args":[{"enterText":"Clooj-Napoca","selector":{"controlType":"sap.m.Input","viewName":"etm.portal.ui.managepartners.view.EditDetail","labelFor":{"text":"City"},"interaction":{"idSuffix":"inner"}},"clearTextFirst":true,"interactionType":"ENTER_TEXT"}]}
RESULT: {"script":"<script> [776 bytes]","args":[{"enterText":"Clooj-Napoca","selector":{"controlType":"sap.m.Input","viewName":"etm.portal.ui.managepartners.view.EditDetail","labelFor":{"text":"City"},"interaction":{"idSuffix":"inner"}},"clearTextFirst":true,"interactionType":"ENTER_TEXT"}]}
COMMAND: POST /session/1a7f7d058614b09b54cdbc5dd28664a9/element - {"using":"xpath","value":"//button[@data-kt=\"saveButton\"]"}
RESULT: {"using":"xpath","value":"//button[@data-kt=\"saveButton\"]"}
COMMAND: POST /session/1a7f7d058614b09b54cdbc5dd28664a9/element/f.2C654B565EAAE04F20F597F65BFF9971.d.0BA5ED6C67D9270D141AFA4F6D262A33.e.4351/click - {}
RESULT: {}
COMMAND: GET /session/1a7f7d058614b09b54cdbc5dd28664a9/screenshot - {}
RESULT: {}
COMMAND: POST /session/1a7f7d058614b09b54cdbc5dd28664a9/execute/async - {"script":"<script> [1562 bytes]","args":[{"selector":{"id":"application-managepartners-display-component---detailPtm--addressDetailDetailsName1"},"wdio_ui5_key":"applicationmanagepartners-display-component---detailPtm--addressDetailDetailsName1"}]}
RESULT: {"script":"<script> [1562 bytes]","args":[{"selector":{"id":"application-managepartners-display-component---detailPtm--addressDetailDetailsName1"},"wdio_ui5_key":"applicationmanagepartners-display-component---detailPtm--addressDetailDetailsName1"}]}
RESULT: undefined
COMMAND: POST /session/1a7f7d058614b09b54cdbc5dd28664a9/execute/async - {"script":"<script> [6424 bytes]","args":[{"element-6066-11e4-a52e-4f735466cecf":"f.2C654B565EAAE04F20F597F65BFF9971.d.0BA5ED6C67D9270D141AFA4F6D262A33.e.4404"},"getValue",[]]}
RESULT: {"script":"<script> [6424 bytes]","args":[{"element-6066-11e4-a52e-4f735466cecf":"f.2C654B565EAAE04F20F597F65BFF9971.d.0BA5ED6C67D9270D141AFA4F6D262A33.e.4404"},"getValue",[]]}
COMMAND: POST /session/1a7f7d058614b09b54cdbc5dd28664a9/element - {"using":"xpath","value":"//input[@id = \"application-managepartners-display-component---detailPtm--addressDetailDetailsLanguage-inner\"]"}
RESULT: {"using":"xpath","value":"//input[@id = \"application-managepartners-display-component---detailPtm--addressDetailDetailsLanguage-inner\"]"}
COMMAND: GET /session/1a7f7d058614b09b54cdbc5dd28664a9/element/f.2C654B565EAAE04F20F597F65BFF9971.d.0BA5ED6C67D9270D141AFA4F6D262A33.e.4405/property/value - {}
RESULT: {}
COMMAND: POST /session/1a7f7d058614b09b54cdbc5dd28664a9/execute/async - {"script":"<script> [1562 bytes]","args":[{"selector":{"id":"application-managepartners-display-component---detailPtm--addressDetailDetailsCity1"},"wdio_ui5_key":"applicationmanagepartners-display-component---detailPtm--addressDetailDetailsCity1"}]}
COMMAND: GET /session/1a7f7d058614b09b54cdbc5dd28664a9/screenshot - {}
RESULT: {"script":"<script> [1562 bytes]","args":[{"selector":{"id":"application-managepartners-display-component---detailPtm--addressDetailDetailsCity1"},"wdio_ui5_key":"applicationmanagepartners-display-component---detailPtm--addressDetailDetailsCity1"}]}
RESULT: undefined
COMMAND: POST /session/1a7f7d058614b09b54cdbc5dd28664a9/execute/async - {"script":"<script> [6424 bytes]","args":[{"element-6066-11e4-a52e-4f735466cecf":"f.2C654B565EAAE04F20F597F65BFF9971.d.0BA5ED6C67D9270D141AFA4F6D262A33.e.4406"},"getValue",[]]}
RESULT: {}
RESULT: {"script":"<script> [6424 bytes]","args":[{"element-6066-11e4-a52e-4f735466cecf":"f.2C654B565EAAE04F20F597F65BFF9971.d.0BA5ED6C67D9270D141AFA4F6D262A33.e.4406"},"getValue",[]]}
COMMAND: POST /session/1a7f7d058614b09b54cdbc5dd28664a9/element - {"using":"css selector","value":"#shell-header-logo"}
RESULT: {"using":"css selector","value":"#shell-header-logo"}
COMMAND: POST /session/1a7f7d058614b09b54cdbc5dd28664a9/element/f.2C654B565EAAE04F20F597F65BFF9971.d.0BA5ED6C67D9270D141AFA4F6D262A33.e.3960/click - {}
RESULT: {}
COMMAND: GET /session/1a7f7d058614b09b54cdbc5dd28664a9/screenshot - {}
RESULT: {}
]]></system-out>
    </testcase>
    <testcase classname="chrome.135_0_7049_96.windows.Partner_specific_tests_US150819_US151080_US151654_US151176_US103444_US151078_US151079_US151109_US151174_US151175_US151189" name="Should create a new intracompany partner edit some of its fields US151079" time="232.125">
      <system-out><![CDATA[
COMMAND: POST /session/1a7f7d058614b09b54cdbc5dd28664a9/element - {"using":"xpath","value":"//li[.//span[text()=\"Manage Partners\"]]"}
RESULT: {"using":"xpath","value":"//li[.//span[text()=\"Manage Partners\"]]"}
COMMAND: POST /session/1a7f7d058614b09b54cdbc5dd28664a9/element - {"using":"xpath","value":"//li[.//span[text()=\"Manage Partners\"]]"}
RESULT: {"using":"xpath","value":"//li[.//span[text()=\"Manage Partners\"]]"}
COMMAND: POST /session/1a7f7d058614b09b54cdbc5dd28664a9/element - {"using":"css selector","value":"#shell-header-logo"}
RESULT: {"using":"css selector","value":"#shell-header-logo"}
COMMAND: POST /session/1a7f7d058614b09b54cdbc5dd28664a9/element/f.2C654B565EAAE04F20F597F65BFF9971.d.0BA5ED6C67D9270D141AFA4F6D262A33.e.4436/click - {}
COMMAND: POST /session/1a7f7d058614b09b54cdbc5dd28664a9/execute/sync - {"script":"<script> [8489 bytes]","args":[{"element-6066-11e4-a52e-4f735466cecf":"f.2C654B565EAAE04F20F597F65BFF9971.d.0BA5ED6C67D9270D141AFA4F6D262A33.e.4436","ELEMENT":"f.2C654B565EAAE04F20F597F65BFF9971.d.0BA5ED6C67D9270D141AFA4F6D262A33.e.4436"}]}
RESULT: {}
COMMAND: GET /session/1a7f7d058614b09b54cdbc5dd28664a9/screenshot - {}
RESULT: {"script":"<script> [8489 bytes]","args":[{"element-6066-11e4-a52e-4f735466cecf":"f.2C654B565EAAE04F20F597F65BFF9971.d.0BA5ED6C67D9270D141AFA4F6D262A33.e.4436","ELEMENT":"f.2C654B565EAAE04F20F597F65BFF9971.d.0BA5ED6C67D9270D141AFA4F6D262A33.e.4436"}]}
COMMAND: POST /session/1a7f7d058614b09b54cdbc5dd28664a9/execute/sync - {"script":"<script> [5351 bytes]","args":[{"element-6066-11e4-a52e-4f735466cecf":"f.2C654B565EAAE04F20F597F65BFF9971.d.0BA5ED6C67D9270D141AFA4F6D262A33.e.4436","ELEMENT":"f.2C654B565EAAE04F20F597F65BFF9971.d.0BA5ED6C67D9270D141AFA4F6D262A33.e.4436"}]}
COMMAND: GET /session/1a7f7d058614b09b54cdbc5dd28664a9/screenshot - {}
RESULT: {}
RESULT: {"script":"<script> [5351 bytes]","args":[{"element-6066-11e4-a52e-4f735466cecf":"f.2C654B565EAAE04F20F597F65BFF9971.d.0BA5ED6C67D9270D141AFA4F6D262A33.e.4436","ELEMENT":"f.2C654B565EAAE04F20F597F65BFF9971.d.0BA5ED6C67D9270D141AFA4F6D262A33.e.4436"}]}
COMMAND: GET /session/1a7f7d058614b09b54cdbc5dd28664a9/screenshot - {}
RESULT: {}
RESULT: {}
COMMAND: POST /session/1a7f7d058614b09b54cdbc5dd28664a9/refresh - {}
RESULT: {}
COMMAND: GET /session/1a7f7d058614b09b54cdbc5dd28664a9/screenshot - {}
RESULT: {}
COMMAND: POST /session/1a7f7d058614b09b54cdbc5dd28664a9/refresh - {}
RESULT: {}
COMMAND: GET /session/1a7f7d058614b09b54cdbc5dd28664a9/screenshot - {}
RESULT: {}
COMMAND: POST /session/1a7f7d058614b09b54cdbc5dd28664a9/window/fullscreen - {}
RESULT: {}
COMMAND: POST /session/1a7f7d058614b09b54cdbc5dd28664a9/execute/async - {"script":"<script> [189 bytes]","args":[]}
RESULT: {"script":"<script> [189 bytes]","args":[]}
COMMAND: POST /session/1a7f7d058614b09b54cdbc5dd28664a9/execute/async - {"script":"<script> [123 bytes]","args":[]}
RESULT: {"script":"<script> [123 bytes]","args":[]}
COMMAND: POST /session/1a7f7d058614b09b54cdbc5dd28664a9/timeouts - {"script":"<number>"}
RESULT: {"script":"<number>"}
COMMAND: GET /session/1a7f7d058614b09b54cdbc5dd28664a9/timeouts - {}
RESULT: {}
RESULT: undefined
COMMAND: POST /session/1a7f7d058614b09b54cdbc5dd28664a9/execute/async - {"script":"<script> [2676 bytes]","args":[]}
RESULT: {"script":"<script> [2676 bytes]","args":[]}
COMMAND: POST /session/1a7f7d058614b09b54cdbc5dd28664a9/execute/async - {"script":"<script> [2342 bytes]","args":[{"protocol":"http","hostname":"0.0.0.0","path":"/","capabilities":{"browserName":"chrome","goog:chromeOptions":{"binary":"C:\\Program Files\\Google\\Chrome\\Application\\chrome.exe","args":["--start-maximized"]}},"logLevel":"warn","connectionRetryTimeout":120000,"connectionRetryCount":3,"logLevels":{},"enableDirectConnect":true,"strictSSL":true,"_":"65 more keys: [\"cacheDir\",\"port\",\"requestedCapabilities\",\"automationProtocol\",\"baseUrl\",\"waitforInterval\",\"waitforTimeout\",\"onReload\",\"beforeCommand\",\"afterCommand\",\"rootDir\",\"specs\",\"suites\",\"exclude\",\"groupLogsByTestSpec\",\"excludeDriverLogs\",\"bail\",\"framework\",\"reporters\",\"services\",\"maxInstances\",\"maxInstancesPerCapability\",\"injectGlobals\",\"filesToWatch\",\"execArgv\",\"runnerEnv\",\"runner\",\"shard\",\"specFileRetries\",\"specFileRetriesDelay\",\"specFileRetriesDeferred\",\"reporterSyncInterval\",\"reporterSyncTimeout\",\"cucumberFeaturesWithLineNumbers\",\"autoCompileOpts\",\"mochaOpts\",\"jasmineOpts\",\"cucumberOpts\",\"onPrepare\",\"onWorkerStart\",\"onWorkerEnd\",\"before\",\"beforeSession\",\"beforeSuite\",\"beforeHook\",\"beforeTest\",\"afterTest\",\"afterHook\",\"afterSuite\",\"afterSession\",\"after\",\"onComplete\",\"beforeAssertion\",\"afterAssertion\",\"beforeFeature\",\"beforeScenario\",\"beforeStep\",\"afterStep\",\"afterScenario\",\"afterFeature\",\"_\",\"suite\",\"$0\",\"ignoredWorkerServices\",\"wdi5\"]"}]}
RESULT: {"script":"<script> [2342 bytes]","args":[{"protocol":"http","hostname":"0.0.0.0","path":"/","capabilities":{"browserName":"chrome","goog:chromeOptions":{"binary":"C:\\Program Files\\Google\\Chrome\\Application\\chrome.exe","args":["--start-maximized"]}},"logLevel":"warn","connectionRetryTimeout":120000,"connectionRetryCount":3,"logLevels":{},"enableDirectConnect":true,"strictSSL":true,"_":"65 more keys: [\"cacheDir\",\"port\",\"requestedCapabilities\",\"automationProtocol\",\"baseUrl\",\"waitforInterval\",\"waitforTimeout\",\"onReload\",\"beforeCommand\",\"afterCommand\",\"rootDir\",\"specs\",\"suites\",\"exclude\",\"groupLogsByTestSpec\",\"excludeDriverLogs\",\"bail\",\"framework\",\"reporters\",\"services\",\"maxInstances\",\"maxInstancesPerCapability\",\"injectGlobals\",\"filesToWatch\",\"execArgv\",\"runnerEnv\",\"runner\",\"shard\",\"specFileRetries\",\"specFileRetriesDelay\",\"specFileRetriesDeferred\",\"reporterSyncInterval\",\"reporterSyncTimeout\",\"cucumberFeaturesWithLineNumbers\",\"autoCompileOpts\",\"mochaOpts\",\"jasmineOpts\",\"cucumberOpts\",\"onPrepare\",\"onWorkerStart\",\"onWorkerEnd\",\"before\",\"beforeSession\",\"beforeSuite\",\"beforeHook\",\"beforeTest\",\"afterTest\",\"afterHook\",\"afterSuite\",\"afterSession\",\"after\",\"onComplete\",\"beforeAssertion\",\"afterAssertion\",\"beforeFeature\",\"beforeScenario\",\"beforeStep\",\"afterStep\",\"afterScenario\",\"afterFeature\",\"_\",\"suite\",\"$0\",\"ignoredWorkerServices\",\"wdi5\"]"}]}
COMMAND: POST /session/1a7f7d058614b09b54cdbc5dd28664a9/execute/async - {"script":"<script> [21126 bytes]","args":[35000]}
RESULT: {"script":"<script> [21126 bytes]","args":[35000]}
COMMAND: POST /session/1a7f7d058614b09b54cdbc5dd28664a9/window/fullscreen - {}
RESULT: {}
COMMAND: POST /session/1a7f7d058614b09b54cdbc5dd28664a9/window/fullscreen - {}
RESULT: {}
COMMAND: POST /session/1a7f7d058614b09b54cdbc5dd28664a9/execute/async - {"script":"<script> [1562 bytes]","args":[{"selector":{"controlType":"sap.m.GenericTile","properties":{"header":"Manage Partners"}},"wdio_ui5_key":"sapm.GenericTile{\"header\":\"Manage Partners\"}"}]}
RESULT: {"script":"<script> [1562 bytes]","args":[{"selector":{"controlType":"sap.m.GenericTile","properties":{"header":"Manage Partners"}},"wdio_ui5_key":"sapm.GenericTile{\"header\":\"Manage Partners\"}"}]}
RESULT: undefined
COMMAND: POST /session/1a7f7d058614b09b54cdbc5dd28664a9/element - {"using":"xpath","value":"//*[@id=\"__tile30\"]"}
RESULT: {"using":"xpath","value":"//*[@id=\"__tile30\"]"}
COMMAND: POST /session/1a7f7d058614b09b54cdbc5dd28664a9/element/f.2C654B565EAAE04F20F597F65BFF9971.d.DAB69813CE0338D31B6BE7C77077B23F.e.4502/click - {}
RESULT: {}
COMMAND: POST /session/1a7f7d058614b09b54cdbc5dd28664a9/element - {"using":"xpath","value":"//button[@data-kt=\"addButton\"]"}
COMMAND: GET /session/1a7f7d058614b09b54cdbc5dd28664a9/screenshot - {}
RESULT: {"using":"xpath","value":"//button[@data-kt=\"addButton\"]"}
COMMAND: POST /session/1a7f7d058614b09b54cdbc5dd28664a9/elements - {"using":"xpath","value":"//button[@data-kt=\"addButton\"]"}
RESULT: {}
RESULT: {"using":"xpath","value":"//button[@data-kt=\"addButton\"]"}
COMMAND: POST /session/1a7f7d058614b09b54cdbc5dd28664a9/elements - {"using":"xpath","value":"//button[@data-kt=\"addButton\"]"}
RESULT: {"using":"xpath","value":"//button[@data-kt=\"addButton\"]"}
COMMAND: POST /session/1a7f7d058614b09b54cdbc5dd28664a9/elements - {"using":"xpath","value":"//button[@data-kt=\"addButton\"]"}
RESULT: {"using":"xpath","value":"//button[@data-kt=\"addButton\"]"}
COMMAND: POST /session/1a7f7d058614b09b54cdbc5dd28664a9/elements - {"using":"xpath","value":"//button[@data-kt=\"addButton\"]"}
RESULT: {"using":"xpath","value":"//button[@data-kt=\"addButton\"]"}
COMMAND: POST /session/1a7f7d058614b09b54cdbc5dd28664a9/elements - {"using":"xpath","value":"//button[@data-kt=\"addButton\"]"}
RESULT: {"using":"xpath","value":"//button[@data-kt=\"addButton\"]"}
COMMAND: POST /session/1a7f7d058614b09b54cdbc5dd28664a9/elements - {"using":"xpath","value":"//button[@data-kt=\"addButton\"]"}
RESULT: {"using":"xpath","value":"//button[@data-kt=\"addButton\"]"}
COMMAND: POST /session/1a7f7d058614b09b54cdbc5dd28664a9/elements - {"using":"xpath","value":"//button[@data-kt=\"addButton\"]"}
RESULT: {"using":"xpath","value":"//button[@data-kt=\"addButton\"]"}
COMMAND: POST /session/1a7f7d058614b09b54cdbc5dd28664a9/elements - {"using":"xpath","value":"//button[@data-kt=\"addButton\"]"}
RESULT: {"using":"xpath","value":"//button[@data-kt=\"addButton\"]"}
COMMAND: POST /session/1a7f7d058614b09b54cdbc5dd28664a9/elements - {"using":"xpath","value":"//button[@data-kt=\"addButton\"]"}
RESULT: {"using":"xpath","value":"//button[@data-kt=\"addButton\"]"}
COMMAND: POST /session/1a7f7d058614b09b54cdbc5dd28664a9/elements - {"using":"xpath","value":"//button[@data-kt=\"addButton\"]"}
RESULT: {"using":"xpath","value":"//button[@data-kt=\"addButton\"]"}
COMMAND: POST /session/1a7f7d058614b09b54cdbc5dd28664a9/elements - {"using":"xpath","value":"//button[@data-kt=\"addButton\"]"}
RESULT: {"using":"xpath","value":"//button[@data-kt=\"addButton\"]"}
COMMAND: POST /session/1a7f7d058614b09b54cdbc5dd28664a9/elements - {"using":"xpath","value":"//button[@data-kt=\"addButton\"]"}
RESULT: {"using":"xpath","value":"//button[@data-kt=\"addButton\"]"}
COMMAND: POST /session/1a7f7d058614b09b54cdbc5dd28664a9/elements - {"using":"xpath","value":"//button[@data-kt=\"addButton\"]"}
RESULT: {"using":"xpath","value":"//button[@data-kt=\"addButton\"]"}
COMMAND: POST /session/1a7f7d058614b09b54cdbc5dd28664a9/elements - {"using":"xpath","value":"//button[@data-kt=\"addButton\"]"}
RESULT: {"using":"xpath","value":"//button[@data-kt=\"addButton\"]"}
COMMAND: POST /session/1a7f7d058614b09b54cdbc5dd28664a9/elements - {"using":"xpath","value":"//button[@data-kt=\"addButton\"]"}
RESULT: {"using":"xpath","value":"//button[@data-kt=\"addButton\"]"}
COMMAND: POST /session/1a7f7d058614b09b54cdbc5dd28664a9/elements - {"using":"xpath","value":"//button[@data-kt=\"addButton\"]"}
RESULT: {"using":"xpath","value":"//button[@data-kt=\"addButton\"]"}
COMMAND: POST /session/1a7f7d058614b09b54cdbc5dd28664a9/elements - {"using":"xpath","value":"//button[@data-kt=\"addButton\"]"}
RESULT: {"using":"xpath","value":"//button[@data-kt=\"addButton\"]"}
COMMAND: POST /session/1a7f7d058614b09b54cdbc5dd28664a9/elements - {"using":"xpath","value":"//button[@data-kt=\"addButton\"]"}
RESULT: {"using":"xpath","value":"//button[@data-kt=\"addButton\"]"}
COMMAND: POST /session/1a7f7d058614b09b54cdbc5dd28664a9/elements - {"using":"xpath","value":"//button[@data-kt=\"addButton\"]"}
RESULT: {"using":"xpath","value":"//button[@data-kt=\"addButton\"]"}
COMMAND: POST /session/1a7f7d058614b09b54cdbc5dd28664a9/elements - {"using":"xpath","value":"//button[@data-kt=\"addButton\"]"}
RESULT: {"using":"xpath","value":"//button[@data-kt=\"addButton\"]"}
COMMAND: POST /session/1a7f7d058614b09b54cdbc5dd28664a9/elements - {"using":"xpath","value":"//button[@data-kt=\"addButton\"]"}
RESULT: {"using":"xpath","value":"//button[@data-kt=\"addButton\"]"}
COMMAND: POST /session/1a7f7d058614b09b54cdbc5dd28664a9/elements - {"using":"xpath","value":"//button[@data-kt=\"addButton\"]"}
RESULT: {"using":"xpath","value":"//button[@data-kt=\"addButton\"]"}
COMMAND: POST /session/1a7f7d058614b09b54cdbc5dd28664a9/elements - {"using":"xpath","value":"//button[@data-kt=\"addButton\"]"}
RESULT: {"using":"xpath","value":"//button[@data-kt=\"addButton\"]"}
COMMAND: POST /session/1a7f7d058614b09b54cdbc5dd28664a9/elements - {"using":"xpath","value":"//button[@data-kt=\"addButton\"]"}
RESULT: {"using":"xpath","value":"//button[@data-kt=\"addButton\"]"}
COMMAND: POST /session/1a7f7d058614b09b54cdbc5dd28664a9/elements - {"using":"xpath","value":"//button[@data-kt=\"addButton\"]"}
RESULT: {"using":"xpath","value":"//button[@data-kt=\"addButton\"]"}
COMMAND: POST /session/1a7f7d058614b09b54cdbc5dd28664a9/elements - {"using":"xpath","value":"//button[@data-kt=\"addButton\"]"}
RESULT: {"using":"xpath","value":"//button[@data-kt=\"addButton\"]"}
COMMAND: POST /session/1a7f7d058614b09b54cdbc5dd28664a9/elements - {"using":"xpath","value":"//button[@data-kt=\"addButton\"]"}
RESULT: {"using":"xpath","value":"//button[@data-kt=\"addButton\"]"}
COMMAND: POST /session/1a7f7d058614b09b54cdbc5dd28664a9/elements - {"using":"xpath","value":"//button[@data-kt=\"addButton\"]"}
RESULT: {"using":"xpath","value":"//button[@data-kt=\"addButton\"]"}
COMMAND: POST /session/1a7f7d058614b09b54cdbc5dd28664a9/elements - {"using":"xpath","value":"//button[@data-kt=\"addButton\"]"}
RESULT: {"using":"xpath","value":"//button[@data-kt=\"addButton\"]"}
COMMAND: POST /session/1a7f7d058614b09b54cdbc5dd28664a9/elements - {"using":"xpath","value":"//button[@data-kt=\"addButton\"]"}
RESULT: {"using":"xpath","value":"//button[@data-kt=\"addButton\"]"}
COMMAND: POST /session/1a7f7d058614b09b54cdbc5dd28664a9/elements - {"using":"xpath","value":"//button[@data-kt=\"addButton\"]"}
RESULT: {"using":"xpath","value":"//button[@data-kt=\"addButton\"]"}
COMMAND: POST /session/1a7f7d058614b09b54cdbc5dd28664a9/element - {"using":"xpath","value":"//button[@data-kt=\"addButton\"]"}
RESULT: {"using":"xpath","value":"//button[@data-kt=\"addButton\"]"}
COMMAND: POST /session/1a7f7d058614b09b54cdbc5dd28664a9/execute/sync - {"script":"<script> [8489 bytes]","args":[{"element-6066-11e4-a52e-4f735466cecf":"f.2C654B565EAAE04F20F597F65BFF9971.d.DAB69813CE0338D31B6BE7C77077B23F.e.4628","ELEMENT":"f.2C654B565EAAE04F20F597F65BFF9971.d.DAB69813CE0338D31B6BE7C77077B23F.e.4628"}]}
RESULT: {"script":"<script> [8489 bytes]","args":[{"element-6066-11e4-a52e-4f735466cecf":"f.2C654B565EAAE04F20F597F65BFF9971.d.DAB69813CE0338D31B6BE7C77077B23F.e.4628","ELEMENT":"f.2C654B565EAAE04F20F597F65BFF9971.d.DAB69813CE0338D31B6BE7C77077B23F.e.4628"}]}
COMMAND: GET /session/1a7f7d058614b09b54cdbc5dd28664a9/element/f.2C654B565EAAE04F20F597F65BFF9971.d.DAB69813CE0338D31B6BE7C77077B23F.e.4628/enabled - {}
COMMAND: GET /session/1a7f7d058614b09b54cdbc5dd28664a9/screenshot - {}
RESULT: {}
COMMAND: POST /session/1a7f7d058614b09b54cdbc5dd28664a9/execute/sync - {"script":"<script> [8489 bytes]","args":[{"element-6066-11e4-a52e-4f735466cecf":"f.2C654B565EAAE04F20F597F65BFF9971.d.DAB69813CE0338D31B6BE7C77077B23F.e.4628","ELEMENT":"f.2C654B565EAAE04F20F597F65BFF9971.d.DAB69813CE0338D31B6BE7C77077B23F.e.4628"}]}
COMMAND: GET /session/1a7f7d058614b09b54cdbc5dd28664a9/screenshot - {}
RESULT: {}
RESULT: {"script":"<script> [8489 bytes]","args":[{"element-6066-11e4-a52e-4f735466cecf":"f.2C654B565EAAE04F20F597F65BFF9971.d.DAB69813CE0338D31B6BE7C77077B23F.e.4628","ELEMENT":"f.2C654B565EAAE04F20F597F65BFF9971.d.DAB69813CE0338D31B6BE7C77077B23F.e.4628"}]}
COMMAND: POST /session/1a7f7d058614b09b54cdbc5dd28664a9/execute/sync - {"script":"<script> [5351 bytes]","args":[{"element-6066-11e4-a52e-4f735466cecf":"f.2C654B565EAAE04F20F597F65BFF9971.d.DAB69813CE0338D31B6BE7C77077B23F.e.4628","ELEMENT":"f.2C654B565EAAE04F20F597F65BFF9971.d.DAB69813CE0338D31B6BE7C77077B23F.e.4628"}]}
COMMAND: GET /session/1a7f7d058614b09b54cdbc5dd28664a9/screenshot - {}
RESULT: {}
RESULT: {"script":"<script> [5351 bytes]","args":[{"element-6066-11e4-a52e-4f735466cecf":"f.2C654B565EAAE04F20F597F65BFF9971.d.DAB69813CE0338D31B6BE7C77077B23F.e.4628","ELEMENT":"f.2C654B565EAAE04F20F597F65BFF9971.d.DAB69813CE0338D31B6BE7C77077B23F.e.4628"}]}
COMMAND: POST /session/1a7f7d058614b09b54cdbc5dd28664a9/element/f.2C654B565EAAE04F20F597F65BFF9971.d.DAB69813CE0338D31B6BE7C77077B23F.e.4628/click - {}
COMMAND: GET /session/1a7f7d058614b09b54cdbc5dd28664a9/screenshot - {}
RESULT: {}
RESULT: {}
COMMAND: GET /session/1a7f7d058614b09b54cdbc5dd28664a9/screenshot - {}
COMMAND: POST /session/1a7f7d058614b09b54cdbc5dd28664a9/execute/async - {"script":"<script> [1562 bytes]","args":[{"selector":{"id":"application-managepartners-display-component---NewPartner--addressDetailDetailsName1","interaction":{"idSuffix":"inner"}},"wdio_ui5_key":"applicationmanagepartners-display-component---NewPartner--addressDetailDetailsName1"}]}
RESULT: {}
RESULT: {}
RESULT: {"script":"<script> [1562 bytes]","args":[{"selector":{"id":"application-managepartners-display-component---NewPartner--addressDetailDetailsName1","interaction":{"idSuffix":"inner"}},"wdio_ui5_key":"applicationmanagepartners-display-component---NewPartner--addressDetailDetailsName1"}]}
RESULT: undefined
COMMAND: POST /session/1a7f7d058614b09b54cdbc5dd28664a9/execute/async - {"script":"<script> [776 bytes]","args":[{"enterText":"Intracompany Partner WDIO","selector":{"id":"application-managepartners-display-component---NewPartner--addressDetailDetailsName1","interaction":{"idSuffix":"inner"}},"clearTextFirst":true,"interactionType":"ENTER_TEXT"}]}
RESULT: {"script":"<script> [776 bytes]","args":[{"enterText":"Intracompany Partner WDIO","selector":{"id":"application-managepartners-display-component---NewPartner--addressDetailDetailsName1","interaction":{"idSuffix":"inner"}},"clearTextFirst":true,"interactionType":"ENTER_TEXT"}]}
COMMAND: POST /session/1a7f7d058614b09b54cdbc5dd28664a9/execute/async - {"script":"<script> [1562 bytes]","args":[{"selector":{"id":"application-managepartners-display-component---NewPartner--addressDetailDetailsLanguage-arrow"},"wdio_ui5_key":"applicationmanagepartners-display-component---NewPartner--addressDetailDetailsLanguage-arrow"}]}
RESULT: {"script":"<script> [1562 bytes]","args":[{"selector":{"id":"application-managepartners-display-component---NewPartner--addressDetailDetailsLanguage-arrow"},"wdio_ui5_key":"applicationmanagepartners-display-component---NewPartner--addressDetailDetailsLanguage-arrow"}]}
RESULT: undefined
COMMAND: POST /session/1a7f7d058614b09b54cdbc5dd28664a9/element - {"using":"xpath","value":"//*[@id=\"application-managepartners-display-component---NewPartner--addressDetailDetailsLanguage-arrow\"]"}
RESULT: {"using":"xpath","value":"//*[@id=\"application-managepartners-display-component---NewPartner--addressDetailDetailsLanguage-arrow\"]"}
COMMAND: POST /session/1a7f7d058614b09b54cdbc5dd28664a9/element/f.2C654B565EAAE04F20F597F65BFF9971.d.DAB69813CE0338D31B6BE7C77077B23F.e.5072/click - {}
RESULT: {}
COMMAND: POST /session/1a7f7d058614b09b54cdbc5dd28664a9/element - {"using":"xpath","value":"//span[contains(text(), \"English\")]"}
COMMAND: GET /session/1a7f7d058614b09b54cdbc5dd28664a9/screenshot - {}
RESULT: {"using":"xpath","value":"//span[contains(text(), \"English\")]"}
COMMAND: POST /session/1a7f7d058614b09b54cdbc5dd28664a9/element/f.2C654B565EAAE04F20F597F65BFF9971.d.DAB69813CE0338D31B6BE7C77077B23F.e.5073/click - {}
RESULT: {}
RESULT: {}
COMMAND: GET /session/1a7f7d058614b09b54cdbc5dd28664a9/screenshot - {}
RESULT: {}
COMMAND: POST /session/1a7f7d058614b09b54cdbc5dd28664a9/execute/async - {"script":"<script> [1562 bytes]","args":[{"selector":{"id":"application-managepartners-display-component---NewPartner--addressDetailDetailsCity1","interaction":{"idSuffix":"inner"}},"wdio_ui5_key":"applicationmanagepartners-display-component---NewPartner--addressDetailDetailsCity1"}]}
RESULT: {"script":"<script> [1562 bytes]","args":[{"selector":{"id":"application-managepartners-display-component---NewPartner--addressDetailDetailsCity1","interaction":{"idSuffix":"inner"}},"wdio_ui5_key":"applicationmanagepartners-display-component---NewPartner--addressDetailDetailsCity1"}]}
RESULT: undefined
COMMAND: POST /session/1a7f7d058614b09b54cdbc5dd28664a9/execute/async - {"script":"<script> [776 bytes]","args":[{"enterText":"Rosario","selector":{"id":"application-managepartners-display-component---NewPartner--addressDetailDetailsCity1","interaction":{"idSuffix":"inner"}},"clearTextFirst":true,"interactionType":"ENTER_TEXT"}]}
RESULT: {"script":"<script> [776 bytes]","args":[{"enterText":"Rosario","selector":{"id":"application-managepartners-display-component---NewPartner--addressDetailDetailsCity1","interaction":{"idSuffix":"inner"}},"clearTextFirst":true,"interactionType":"ENTER_TEXT"}]}
COMMAND: POST /session/1a7f7d058614b09b54cdbc5dd28664a9/execute/async - {"script":"<script> [1562 bytes]","args":[{"selector":{"id":"application-managepartners-display-component---NewPartner--addressDetailDetailsCountry-arrow"},"wdio_ui5_key":"applicationmanagepartners-display-component---NewPartner--addressDetailDetailsCountry-arrow"}]}
RESULT: {"script":"<script> [1562 bytes]","args":[{"selector":{"id":"application-managepartners-display-component---NewPartner--addressDetailDetailsCountry-arrow"},"wdio_ui5_key":"applicationmanagepartners-display-component---NewPartner--addressDetailDetailsCountry-arrow"}]}
RESULT: undefined
COMMAND: POST /session/1a7f7d058614b09b54cdbc5dd28664a9/element - {"using":"xpath","value":"//*[@id=\"application-managepartners-display-component---NewPartner--addressDetailDetailsCountry-arrow\"]"}
RESULT: {"using":"xpath","value":"//*[@id=\"application-managepartners-display-component---NewPartner--addressDetailDetailsCountry-arrow\"]"}
COMMAND: POST /session/1a7f7d058614b09b54cdbc5dd28664a9/element/f.2C654B565EAAE04F20F597F65BFF9971.d.DAB69813CE0338D31B6BE7C77077B23F.e.5058/click - {}
RESULT: {}
COMMAND: POST /session/1a7f7d058614b09b54cdbc5dd28664a9/element - {"using":"xpath","value":"//span[contains(text(), \"Argentina\")]"}
COMMAND: GET /session/1a7f7d058614b09b54cdbc5dd28664a9/screenshot - {}
RESULT: {"using":"xpath","value":"//span[contains(text(), \"Argentina\")]"}
COMMAND: POST /session/1a7f7d058614b09b54cdbc5dd28664a9/element/f.2C654B565EAAE04F20F597F65BFF9971.d.DAB69813CE0338D31B6BE7C77077B23F.e.5075/click - {}
RESULT: {}
RESULT: {}
COMMAND: GET /session/1a7f7d058614b09b54cdbc5dd28664a9/screenshot - {}
RESULT: {}
COMMAND: POST /session/1a7f7d058614b09b54cdbc5dd28664a9/element - {"using":"xpath","value":"//bdi[contains(text(), \"Commercial\")]"}
RESULT: {"using":"xpath","value":"//bdi[contains(text(), \"Commercial\")]"}
COMMAND: POST /session/1a7f7d058614b09b54cdbc5dd28664a9/element/f.2C654B565EAAE04F20F597F65BFF9971.d.DAB69813CE0338D31B6BE7C77077B23F.e.5076/click - {}
RESULT: {}
COMMAND: GET /session/1a7f7d058614b09b54cdbc5dd28664a9/screenshot - {}
RESULT: {}
COMMAND: POST /session/1a7f7d058614b09b54cdbc5dd28664a9/execute/async - {"script":"<script> [1562 bytes]","args":[{"selector":{"id":"application-managepartners-display-component---NewPartner--partnerDetailInternal-arrow"},"wdio_ui5_key":"applicationmanagepartners-display-component---NewPartner--partnerDetailInternal-arrow"}]}
RESULT: {"script":"<script> [1562 bytes]","args":[{"selector":{"id":"application-managepartners-display-component---NewPartner--partnerDetailInternal-arrow"},"wdio_ui5_key":"applicationmanagepartners-display-component---NewPartner--partnerDetailInternal-arrow"}]}
RESULT: undefined
COMMAND: POST /session/1a7f7d058614b09b54cdbc5dd28664a9/element - {"using":"xpath","value":"//*[@id=\"application-managepartners-display-component---NewPartner--partnerDetailInternal-arrow\"]"}
RESULT: {"using":"xpath","value":"//*[@id=\"application-managepartners-display-component---NewPartner--partnerDetailInternal-arrow\"]"}
COMMAND: POST /session/1a7f7d058614b09b54cdbc5dd28664a9/element/f.2C654B565EAAE04F20F597F65BFF9971.d.DAB69813CE0338D31B6BE7C77077B23F.e.5082/click - {}
RESULT: {}
COMMAND: POST /session/1a7f7d058614b09b54cdbc5dd28664a9/element - {"using":"xpath","value":"//span[contains(text(), \"Affiliated company\")]"}
COMMAND: GET /session/1a7f7d058614b09b54cdbc5dd28664a9/screenshot - {}
RESULT: {"using":"xpath","value":"//span[contains(text(), \"Affiliated company\")]"}
COMMAND: POST /session/1a7f7d058614b09b54cdbc5dd28664a9/element/f.2C654B565EAAE04F20F597F65BFF9971.d.DAB69813CE0338D31B6BE7C77077B23F.e.5083/click - {}
RESULT: {}
RESULT: {}
COMMAND: POST /session/1a7f7d058614b09b54cdbc5dd28664a9/execute/async - {"script":"<script> [1562 bytes]","args":[{"selector":{"id":"application-managepartners-display-component---NewPartner--partnerDetailsCurrency-arrow"},"wdio_ui5_key":"applicationmanagepartners-display-component---NewPartner--partnerDetailsCurrency-arrow"}]}
COMMAND: GET /session/1a7f7d058614b09b54cdbc5dd28664a9/screenshot - {}
RESULT: {"script":"<script> [1562 bytes]","args":[{"selector":{"id":"application-managepartners-display-component---NewPartner--partnerDetailsCurrency-arrow"},"wdio_ui5_key":"applicationmanagepartners-display-component---NewPartner--partnerDetailsCurrency-arrow"}]}
RESULT: undefined
COMMAND: POST /session/1a7f7d058614b09b54cdbc5dd28664a9/element - {"using":"xpath","value":"//*[@id=\"application-managepartners-display-component---NewPartner--partnerDetailsCurrency-arrow\"]"}
RESULT: {}
RESULT: {"using":"xpath","value":"//*[@id=\"application-managepartners-display-component---NewPartner--partnerDetailsCurrency-arrow\"]"}
COMMAND: POST /session/1a7f7d058614b09b54cdbc5dd28664a9/element/f.2C654B565EAAE04F20F597F65BFF9971.d.DAB69813CE0338D31B6BE7C77077B23F.e.5090/click - {}
RESULT: {}
COMMAND: POST /session/1a7f7d058614b09b54cdbc5dd28664a9/element - {"using":"xpath","value":"//span[contains(text(), \"Euro\")]"}
COMMAND: GET /session/1a7f7d058614b09b54cdbc5dd28664a9/screenshot - {}
RESULT: {"using":"xpath","value":"//span[contains(text(), \"Euro\")]"}
COMMAND: POST /session/1a7f7d058614b09b54cdbc5dd28664a9/element/f.2C654B565EAAE04F20F597F65BFF9971.d.DAB69813CE0338D31B6BE7C77077B23F.e.5091/click - {}
RESULT: {}
RESULT: {}
COMMAND: POST /session/1a7f7d058614b09b54cdbc5dd28664a9/execute/async - {"script":"<script> [1562 bytes]","args":[{"selector":{"id":"application-managepartners-display-component---NewPartner--addressEditDetailsCostObjectCstType-arrow"},"wdio_ui5_key":"applicationmanagepartners-display-component---NewPartner--addressEditDetailsCostObjectCstType-arrow"}]}
COMMAND: GET /session/1a7f7d058614b09b54cdbc5dd28664a9/screenshot - {}
RESULT: {"script":"<script> [1562 bytes]","args":[{"selector":{"id":"application-managepartners-display-component---NewPartner--addressEditDetailsCostObjectCstType-arrow"},"wdio_ui5_key":"applicationmanagepartners-display-component---NewPartner--addressEditDetailsCostObjectCstType-arrow"}]}
RESULT: undefined
COMMAND: POST /session/1a7f7d058614b09b54cdbc5dd28664a9/element - {"using":"xpath","value":"//*[@id=\"application-managepartners-display-component---NewPartner--addressEditDetailsCostObjectCstType-arrow\"]"}
RESULT: {}
RESULT: {"using":"xpath","value":"//*[@id=\"application-managepartners-display-component---NewPartner--addressEditDetailsCostObjectCstType-arrow\"]"}
COMMAND: POST /session/1a7f7d058614b09b54cdbc5dd28664a9/element/f.2C654B565EAAE04F20F597F65BFF9971.d.DAB69813CE0338D31B6BE7C77077B23F.e.5092/click - {}
RESULT: {}
COMMAND: POST /session/1a7f7d058614b09b54cdbc5dd28664a9/element - {"using":"xpath","value":"//span[contains(text(), \"Cost Center\")]"}
COMMAND: GET /session/1a7f7d058614b09b54cdbc5dd28664a9/screenshot - {}
RESULT: {"using":"xpath","value":"//span[contains(text(), \"Cost Center\")]"}
COMMAND: POST /session/1a7f7d058614b09b54cdbc5dd28664a9/element/f.2C654B565EAAE04F20F597F65BFF9971.d.DAB69813CE0338D31B6BE7C77077B23F.e.5093/click - {}
RESULT: {}
RESULT: {}
COMMAND: GET /session/1a7f7d058614b09b54cdbc5dd28664a9/screenshot - {}
RESULT: {}
COMMAND: POST /session/1a7f7d058614b09b54cdbc5dd28664a9/element - {"using":"xpath","value":"//span[@id=\"application-managepartners-display-component---NewPartner--addressNewCostObjectCstID-vhi\"]"}
RESULT: {"using":"xpath","value":"//span[@id=\"application-managepartners-display-component---NewPartner--addressNewCostObjectCstID-vhi\"]"}
COMMAND: POST /session/1a7f7d058614b09b54cdbc5dd28664a9/execute/sync - {"script":"<script> [8489 bytes]","args":[{"element-6066-11e4-a52e-4f735466cecf":"f.2C654B565EAAE04F20F597F65BFF9971.d.DAB69813CE0338D31B6BE7C77077B23F.e.5097","ELEMENT":"f.2C654B565EAAE04F20F597F65BFF9971.d.DAB69813CE0338D31B6BE7C77077B23F.e.5097"}]}
RESULT: {"script":"<script> [8489 bytes]","args":[{"element-6066-11e4-a52e-4f735466cecf":"f.2C654B565EAAE04F20F597F65BFF9971.d.DAB69813CE0338D31B6BE7C77077B23F.e.5097","ELEMENT":"f.2C654B565EAAE04F20F597F65BFF9971.d.DAB69813CE0338D31B6BE7C77077B23F.e.5097"}]}
COMMAND: POST /session/1a7f7d058614b09b54cdbc5dd28664a9/execute/async - {"script":"<script> [1562 bytes]","args":[{"selector":{"id":"application-managepartners-display-component---NewPartner--addressNewCostObjectCstID-vhi"},"wdio_ui5_key":"applicationmanagepartners-display-component---NewPartner--addressNewCostObjectCstID-vhi"}]}
COMMAND: GET /session/1a7f7d058614b09b54cdbc5dd28664a9/screenshot - {}
RESULT: {"script":"<script> [1562 bytes]","args":[{"selector":{"id":"application-managepartners-display-component---NewPartner--addressNewCostObjectCstID-vhi"},"wdio_ui5_key":"applicationmanagepartners-display-component---NewPartner--addressNewCostObjectCstID-vhi"}]}
RESULT: undefined
COMMAND: POST /session/1a7f7d058614b09b54cdbc5dd28664a9/element - {"using":"xpath","value":"//*[@id=\"application-managepartners-display-component---NewPartner--addressNewCostObjectCstID-vhi\"]"}
RESULT: {}
RESULT: {"using":"xpath","value":"//*[@id=\"application-managepartners-display-component---NewPartner--addressNewCostObjectCstID-vhi\"]"}
COMMAND: POST /session/1a7f7d058614b09b54cdbc5dd28664a9/element/f.2C654B565EAAE04F20F597F65BFF9971.d.DAB69813CE0338D31B6BE7C77077B23F.e.5097/click - {}
RESULT: {}
COMMAND: GET /session/1a7f7d058614b09b54cdbc5dd28664a9/screenshot - {}
RESULT: {}
COMMAND: POST /session/1a7f7d058614b09b54cdbc5dd28664a9/execute/async - {"script":"<script> [1562 bytes]","args":[{"selector":{"controlType":"sap.m.SearchField","properties":{"placeholder":"Search"},"searchOpenDialogs":true,"interaction":{"idSuffix":"I"}},"wdio_ui5_key":"sapm.SearchField{\"placeholder\":\"Search\"}"}]}
RESULT: {"script":"<script> [1562 bytes]","args":[{"selector":{"controlType":"sap.m.SearchField","properties":{"placeholder":"Search"},"searchOpenDialogs":true,"interaction":{"idSuffix":"I"}},"wdio_ui5_key":"sapm.SearchField{\"placeholder\":\"Search\"}"}]}
RESULT: undefined
COMMAND: POST /session/1a7f7d058614b09b54cdbc5dd28664a9/execute/async - {"script":"<script> [776 bytes]","args":[{"enterText":"10001013","selector":{"controlType":"sap.m.SearchField","properties":{"placeholder":"Search"},"searchOpenDialogs":true,"interaction":{"idSuffix":"I"}},"clearTextFirst":true,"interactionType":"ENTER_TEXT"}]}
RESULT: {"script":"<script> [776 bytes]","args":[{"enterText":"10001013","selector":{"controlType":"sap.m.SearchField","properties":{"placeholder":"Search"},"searchOpenDialogs":true,"interaction":{"idSuffix":"I"}},"clearTextFirst":true,"interactionType":"ENTER_TEXT"}]}
COMMAND: POST /session/1a7f7d058614b09b54cdbc5dd28664a9/actions - {"actions":[{"id":"action12","type":"key","parameters":{},"actions":[{"type":"keyDown","value":"î€‡"},{"type":"pause","duration":10},{"type":"keyUp","value":"î€‡"}]}]}
RESULT: {"actions":[{"id":"action12","type":"key","parameters":{},"actions":[{"type":"keyDown","value":"î€‡"},{"type":"pause","duration":10},{"type":"keyUp","value":"î€‡"}]}]}
COMMAND: GET /session/1a7f7d058614b09b54cdbc5dd28664a9/screenshot - {}
RESULT: {}
COMMAND: POST /session/1a7f7d058614b09b54cdbc5dd28664a9/element - {"using":"xpath","value":"//span[contains(text(), \"General Management\")]"}
RESULT: {"using":"xpath","value":"//span[contains(text(), \"General Management\")]"}
COMMAND: POST /session/1a7f7d058614b09b54cdbc5dd28664a9/element/f.2C654B565EAAE04F20F597F65BFF9971.d.DAB69813CE0338D31B6BE7C77077B23F.e.5139/click - {}
RESULT: {}
COMMAND: GET /session/1a7f7d058614b09b54cdbc5dd28664a9/screenshot - {}
RESULT: {}
COMMAND: POST /session/1a7f7d058614b09b54cdbc5dd28664a9/element - {"using":"xpath","value":"//bdi[contains(text(), \"OK\")]"}
RESULT: {"using":"xpath","value":"//bdi[contains(text(), \"OK\")]"}
COMMAND: POST /session/1a7f7d058614b09b54cdbc5dd28664a9/element/f.2C654B565EAAE04F20F597F65BFF9971.d.DAB69813CE0338D31B6BE7C77077B23F.e.5140/click - {}
RESULT: {}
COMMAND: GET /session/1a7f7d058614b09b54cdbc5dd28664a9/screenshot - {}
RESULT: {}
COMMAND: POST /session/1a7f7d058614b09b54cdbc5dd28664a9/element - {"using":"xpath","value":"//input[@id=\"application-managepartners-display-component---NewPartner--companyCodeComboBox-inner\"]"}
RESULT: {"using":"xpath","value":"//input[@id=\"application-managepartners-display-component---NewPartner--companyCodeComboBox-inner\"]"}
COMMAND: POST /session/1a7f7d058614b09b54cdbc5dd28664a9/element/f.2C654B565EAAE04F20F597F65BFF9971.d.DAB69813CE0338D31B6BE7C77077B23F.e.4933/clear - {}
RESULT: {}
COMMAND: POST /session/1a7f7d058614b09b54cdbc5dd28664a9/element/f.2C654B565EAAE04F20F597F65BFF9971.d.DAB69813CE0338D31B6BE7C77077B23F.e.4933/value - {"text":"1000"}
COMMAND: GET /session/1a7f7d058614b09b54cdbc5dd28664a9/screenshot - {}
RESULT: {"text":"1000"}
COMMAND: GET /session/1a7f7d058614b09b54cdbc5dd28664a9/screenshot - {}
RESULT: {}
RESULT: {}
COMMAND: POST /session/1a7f7d058614b09b54cdbc5dd28664a9/element - {"using":"xpath","value":"//span[contains(text(), \"1000\")]"}
RESULT: {"using":"xpath","value":"//span[contains(text(), \"1000\")]"}
COMMAND: POST /session/1a7f7d058614b09b54cdbc5dd28664a9/element/f.2C654B565EAAE04F20F597F65BFF9971.d.DAB69813CE0338D31B6BE7C77077B23F.e.5146/click - {}
RESULT: {}
COMMAND: GET /session/1a7f7d058614b09b54cdbc5dd28664a9/screenshot - {}
RESULT: {}
COMMAND: POST /session/1a7f7d058614b09b54cdbc5dd28664a9/execute/async - {"script":"<script> [1562 bytes]","args":[{"selector":{"id":"application-managepartners-display-component---NewPartner--btnAddTableRow-img"},"wdio_ui5_key":"applicationmanagepartners-display-component---NewPartner--btnAddTableRow-img"}]}
RESULT: {"script":"<script> [1562 bytes]","args":[{"selector":{"id":"application-managepartners-display-component---NewPartner--btnAddTableRow-img"},"wdio_ui5_key":"applicationmanagepartners-display-component---NewPartner--btnAddTableRow-img"}]}
RESULT: undefined
COMMAND: POST /session/1a7f7d058614b09b54cdbc5dd28664a9/element - {"using":"xpath","value":"//*[@id=\"application-managepartners-display-component---NewPartner--btnAddTableRow-img\"]"}
RESULT: {"using":"xpath","value":"//*[@id=\"application-managepartners-display-component---NewPartner--btnAddTableRow-img\"]"}
COMMAND: POST /session/1a7f7d058614b09b54cdbc5dd28664a9/element/f.2C654B565EAAE04F20F597F65BFF9971.d.DAB69813CE0338D31B6BE7C77077B23F.e.5147/click - {}
RESULT: {}
COMMAND: GET /session/1a7f7d058614b09b54cdbc5dd28664a9/screenshot - {}
RESULT: {}
COMMAND: POST /session/1a7f7d058614b09b54cdbc5dd28664a9/element - {"using":"xpath","value":"//input[@id=\"application-managepartners-display-component---NewPartner--assignmentYard-application-managepartners-display-component---NewPartner--assignmentsTable-0-inner\"]"}
RESULT: {"using":"xpath","value":"//input[@id=\"application-managepartners-display-component---NewPartner--assignmentYard-application-managepartners-display-component---NewPartner--assignmentsTable-0-inner\"]"}
COMMAND: POST /session/1a7f7d058614b09b54cdbc5dd28664a9/element/f.2C654B565EAAE04F20F597F65BFF9971.d.DAB69813CE0338D31B6BE7C77077B23F.e.5150/clear - {}
RESULT: {}
COMMAND: POST /session/1a7f7d058614b09b54cdbc5dd28664a9/element/f.2C654B565EAAE04F20F597F65BFF9971.d.DAB69813CE0338D31B6BE7C77077B23F.e.5150/value - {"text":"268"}
COMMAND: GET /session/1a7f7d058614b09b54cdbc5dd28664a9/screenshot - {}
RESULT: {"text":"268"}
COMMAND: GET /session/1a7f7d058614b09b54cdbc5dd28664a9/screenshot - {}
RESULT: {}
RESULT: {}
COMMAND: POST /session/1a7f7d058614b09b54cdbc5dd28664a9/element - {"using":"xpath","value":"//li[.//span[text()='268']]"}
RESULT: {"using":"xpath","value":"//li[.//span[text()='268']]"}
COMMAND: POST /session/1a7f7d058614b09b54cdbc5dd28664a9/element/f.2C654B565EAAE04F20F597F65BFF9971.d.DAB69813CE0338D31B6BE7C77077B23F.e.5159/click - {}
RESULT: {}
COMMAND: GET /session/1a7f7d058614b09b54cdbc5dd28664a9/screenshot - {}
RESULT: {}
COMMAND: POST /session/1a7f7d058614b09b54cdbc5dd28664a9/actions - {"actions":[{"id":"action13","type":"key","parameters":{},"actions":[{"type":"keyDown","value":"î€‡"},{"type":"pause","duration":10},{"type":"keyUp","value":"î€‡"}]}]}
RESULT: {"actions":[{"id":"action13","type":"key","parameters":{},"actions":[{"type":"keyDown","value":"î€‡"},{"type":"pause","duration":10},{"type":"keyUp","value":"î€‡"}]}]}
COMMAND: POST /session/1a7f7d058614b09b54cdbc5dd28664a9/execute/async - {"script":"<script> [1562 bytes]","args":[{"selector":{"id":"application-managepartners-display-component---NewPartner--externalCustomerComboBox-application-managepartners-display-component---NewPartner--assignmentsTable-0-vhi"},"wdio_ui5_key":"applicationmanagepartners-display-component---NewPartner--externalCustomerComboBox-application-managepartners-display-component---NewPartner--assignmentsTable-0-vhi"}]}
COMMAND: GET /session/1a7f7d058614b09b54cdbc5dd28664a9/screenshot - {}
RESULT: {"script":"<script> [1562 bytes]","args":[{"selector":{"id":"application-managepartners-display-component---NewPartner--externalCustomerComboBox-application-managepartners-display-component---NewPartner--assignmentsTable-0-vhi"},"wdio_ui5_key":"applicationmanagepartners-display-component---NewPartner--externalCustomerComboBox-application-managepartners-display-component---NewPartner--assignmentsTable-0-vhi"}]}
RESULT: undefined
COMMAND: POST /session/1a7f7d058614b09b54cdbc5dd28664a9/element - {"using":"xpath","value":"//*[@id=\"application-managepartners-display-component---NewPartner--externalCustomerComboBox-application-managepartners-display-component---NewPartner--assignmentsTable-0-vhi\"]"}
RESULT: {}
RESULT: {"using":"xpath","value":"//*[@id=\"application-managepartners-display-component---NewPartner--externalCustomerComboBox-application-managepartners-display-component---NewPartner--assignmentsTable-0-vhi\"]"}
COMMAND: POST /session/1a7f7d058614b09b54cdbc5dd28664a9/element/f.2C654B565EAAE04F20F597F65BFF9971.d.DAB69813CE0338D31B6BE7C77077B23F.e.5163/click - {}
RESULT: {}
RESULT: undefined
COMMAND: POST /session/1a7f7d058614b09b54cdbc5dd28664a9/execute/async - {"script":"<script> [776 bytes]","args":[{"enterText":"300003","selector":{"controlType":"sap.m.SearchField","properties":{"placeholder":"Search"},"searchOpenDialogs":true,"interaction":{"idSuffix":"I"}},"clearTextFirst":true,"interactionType":"ENTER_TEXT"}]}
COMMAND: GET /session/1a7f7d058614b09b54cdbc5dd28664a9/screenshot - {}
RESULT: {"script":"<script> [776 bytes]","args":[{"enterText":"300003","selector":{"controlType":"sap.m.SearchField","properties":{"placeholder":"Search"},"searchOpenDialogs":true,"interaction":{"idSuffix":"I"}},"clearTextFirst":true,"interactionType":"ENTER_TEXT"}]}
COMMAND: POST /session/1a7f7d058614b09b54cdbc5dd28664a9/actions - {"actions":[{"id":"action14","type":"key","parameters":{},"actions":[{"type":"keyDown","value":"î€‡"},{"type":"pause","duration":10},{"type":"keyUp","value":"î€‡"}]}]}
RESULT: {}
RESULT: {"actions":[{"id":"action14","type":"key","parameters":{},"actions":[{"type":"keyDown","value":"î€‡"},{"type":"pause","duration":10},{"type":"keyUp","value":"î€‡"}]}]}
COMMAND: GET /session/1a7f7d058614b09b54cdbc5dd28664a9/screenshot - {}
RESULT: {}
COMMAND: POST /session/1a7f7d058614b09b54cdbc5dd28664a9/element - {"using":"xpath","value":"//span[contains(text(), \"300003\")]"}
RESULT: {"using":"xpath","value":"//span[contains(text(), \"300003\")]"}
COMMAND: POST /session/1a7f7d058614b09b54cdbc5dd28664a9/element/f.2C654B565EAAE04F20F597F65BFF9971.d.DAB69813CE0338D31B6BE7C77077B23F.e.5181/click - {}
RESULT: {}
COMMAND: GET /session/1a7f7d058614b09b54cdbc5dd28664a9/screenshot - {}
RESULT: {}
COMMAND: POST /session/1a7f7d058614b09b54cdbc5dd28664a9/element - {"using":"xpath","value":"//bdi[contains(text(), \"OK\")]"}
RESULT: {"using":"xpath","value":"//bdi[contains(text(), \"OK\")]"}
COMMAND: POST /session/1a7f7d058614b09b54cdbc5dd28664a9/element/f.2C654B565EAAE04F20F597F65BFF9971.d.DAB69813CE0338D31B6BE7C77077B23F.e.5183/click - {}
RESULT: {}
COMMAND: GET /session/1a7f7d058614b09b54cdbc5dd28664a9/screenshot - {}
RESULT: {}
COMMAND: POST /session/1a7f7d058614b09b54cdbc5dd28664a9/execute/async - {"script":"<script> [1562 bytes]","args":[{"selector":{"id":"application-managepartners-display-component---NewPartner--intercompVendorComboBox-application-managepartners-display-component---NewPartner--assignmentsTable-0-vhi"},"wdio_ui5_key":"applicationmanagepartners-display-component---NewPartner--intercompVendorComboBox-application-managepartners-display-component---NewPartner--assignmentsTable-0-vhi"}]}
RESULT: {"script":"<script> [1562 bytes]","args":[{"selector":{"id":"application-managepartners-display-component---NewPartner--intercompVendorComboBox-application-managepartners-display-component---NewPartner--assignmentsTable-0-vhi"},"wdio_ui5_key":"applicationmanagepartners-display-component---NewPartner--intercompVendorComboBox-application-managepartners-display-component---NewPartner--assignmentsTable-0-vhi"}]}
RESULT: undefined
COMMAND: POST /session/1a7f7d058614b09b54cdbc5dd28664a9/element - {"using":"xpath","value":"//*[@id=\"application-managepartners-display-component---NewPartner--intercompVendorComboBox-application-managepartners-display-component---NewPartner--assignmentsTable-0-vhi\"]"}
RESULT: {"using":"xpath","value":"//*[@id=\"application-managepartners-display-component---NewPartner--intercompVendorComboBox-application-managepartners-display-component---NewPartner--assignmentsTable-0-vhi\"]"}
COMMAND: POST /session/1a7f7d058614b09b54cdbc5dd28664a9/element/f.2C654B565EAAE04F20F597F65BFF9971.d.DAB69813CE0338D31B6BE7C77077B23F.e.5186/click - {}
RESULT: {}
RESULT: undefined
COMMAND: POST /session/1a7f7d058614b09b54cdbc5dd28664a9/execute/async - {"script":"<script> [776 bytes]","args":[{"enterText":"100005","selector":{"controlType":"sap.m.SearchField","properties":{"placeholder":"Search"},"searchOpenDialogs":true,"interaction":{"idSuffix":"I"}},"clearTextFirst":true,"interactionType":"ENTER_TEXT"}]}
COMMAND: GET /session/1a7f7d058614b09b54cdbc5dd28664a9/screenshot - {}
RESULT: {"script":"<script> [776 bytes]","args":[{"enterText":"100005","selector":{"controlType":"sap.m.SearchField","properties":{"placeholder":"Search"},"searchOpenDialogs":true,"interaction":{"idSuffix":"I"}},"clearTextFirst":true,"interactionType":"ENTER_TEXT"}]}
COMMAND: POST /session/1a7f7d058614b09b54cdbc5dd28664a9/actions - {"actions":[{"id":"action15","type":"key","parameters":{},"actions":[{"type":"keyDown","value":"î€‡"},{"type":"pause","duration":10},{"type":"keyUp","value":"î€‡"}]}]}
RESULT: {}
RESULT: {"actions":[{"id":"action15","type":"key","parameters":{},"actions":[{"type":"keyDown","value":"î€‡"},{"type":"pause","duration":10},{"type":"keyUp","value":"î€‡"}]}]}
COMMAND: GET /session/1a7f7d058614b09b54cdbc5dd28664a9/screenshot - {}
RESULT: {}
COMMAND: POST /session/1a7f7d058614b09b54cdbc5dd28664a9/element - {"using":"xpath","value":"//span[contains(text(), \"Penguins - Field/12345 Berlin\")]"}
RESULT: {"using":"xpath","value":"//span[contains(text(), \"Penguins - Field/12345 Berlin\")]"}
COMMAND: POST /session/1a7f7d058614b09b54cdbc5dd28664a9/element/f.2C654B565EAAE04F20F597F65BFF9971.d.DAB69813CE0338D31B6BE7C77077B23F.e.5204/click - {}
RESULT: {}
COMMAND: GET /session/1a7f7d058614b09b54cdbc5dd28664a9/screenshot - {}
RESULT: {}
COMMAND: POST /session/1a7f7d058614b09b54cdbc5dd28664a9/element - {"using":"xpath","value":"//bdi[contains(text(), \"OK\")]"}
RESULT: {"using":"xpath","value":"//bdi[contains(text(), \"OK\")]"}
COMMAND: POST /session/1a7f7d058614b09b54cdbc5dd28664a9/element/f.2C654B565EAAE04F20F597F65BFF9971.d.DAB69813CE0338D31B6BE7C77077B23F.e.5205/click - {}
RESULT: {}
COMMAND: GET /session/1a7f7d058614b09b54cdbc5dd28664a9/screenshot - {}
RESULT: {}
COMMAND: POST /session/1a7f7d058614b09b54cdbc5dd28664a9/element - {"using":"xpath","value":"//button[@data-kt=\"saveButton\"]"}
RESULT: {"using":"xpath","value":"//button[@data-kt=\"saveButton\"]"}
COMMAND: POST /session/1a7f7d058614b09b54cdbc5dd28664a9/element/f.2C654B565EAAE04F20F597F65BFF9971.d.DAB69813CE0338D31B6BE7C77077B23F.e.4983/click - {}
RESULT: {}
COMMAND: GET /session/1a7f7d058614b09b54cdbc5dd28664a9/screenshot - {}
RESULT: {}
COMMAND: POST /session/1a7f7d058614b09b54cdbc5dd28664a9/element - {"using":"xpath","value":"//header[contains(@id, 'ObjectPageLayout-headerTitle')]/div[1]/div[2]/div[2]/span[1]"}
RESULT: {"using":"xpath","value":"//header[contains(@id, 'ObjectPageLayout-headerTitle')]/div[1]/div[2]/div[2]/span[1]"}
COMMAND: POST /session/1a7f7d058614b09b54cdbc5dd28664a9/elements - {"using":"xpath","value":"//header[contains(@id, 'ObjectPageLayout-headerTitle')]/div[1]/div[2]/div[2]/span[1]"}
RESULT: {"using":"xpath","value":"//header[contains(@id, 'ObjectPageLayout-headerTitle')]/div[1]/div[2]/div[2]/span[1]"}
COMMAND: POST /session/1a7f7d058614b09b54cdbc5dd28664a9/execute/sync - {"script":"<script> [56 bytes]","args":[{"element-6066-11e4-a52e-4f735466cecf":"f.2C654B565EAAE04F20F597F65BFF9971.d.DAB69813CE0338D31B6BE7C77077B23F.e.5369","ELEMENT":"f.2C654B565EAAE04F20F597F65BFF9971.d.DAB69813CE0338D31B6BE7C77077B23F.e.5369"}]}
RESULT: {"script":"<script> [56 bytes]","args":[{"element-6066-11e4-a52e-4f735466cecf":"f.2C654B565EAAE04F20F597F65BFF9971.d.DAB69813CE0338D31B6BE7C77077B23F.e.5369","ELEMENT":"f.2C654B565EAAE04F20F597F65BFF9971.d.DAB69813CE0338D31B6BE7C77077B23F.e.5369"}]}
COMMAND: POST /session/1a7f7d058614b09b54cdbc5dd28664a9/element - {"using":"css selector","value":"#shell-header-logo"}
COMMAND: GET /session/1a7f7d058614b09b54cdbc5dd28664a9/screenshot - {}
RESULT: {"using":"css selector","value":"#shell-header-logo"}
COMMAND: POST /session/1a7f7d058614b09b54cdbc5dd28664a9/element/f.2C654B565EAAE04F20F597F65BFF9971.d.DAB69813CE0338D31B6BE7C77077B23F.e.4582/click - {}
RESULT: {}
RESULT: {}
COMMAND: GET /session/1a7f7d058614b09b54cdbc5dd28664a9/screenshot - {}
RESULT: {}
COMMAND: POST /session/1a7f7d058614b09b54cdbc5dd28664a9/execute/sync - {"script":"<script> [299 bytes]","args":[["getModel","getResource"]]}
RESULT: {"script":"<script> [299 bytes]","args":[["getModel","getResource"]]}
RESULT: undefined
COMMAND: POST /session/1a7f7d058614b09b54cdbc5dd28664a9/element - {"using":"xpath","value":"//*[@id=\"__tile30\"]"}
COMMAND: GET /session/1a7f7d058614b09b54cdbc5dd28664a9/screenshot - {}
RESULT: {"using":"xpath","value":"//*[@id=\"__tile30\"]"}
COMMAND: POST /session/1a7f7d058614b09b54cdbc5dd28664a9/element/f.2C654B565EAAE04F20F597F65BFF9971.d.DAB69813CE0338D31B6BE7C77077B23F.e.4502/click - {}
RESULT: {}
RESULT: {}
COMMAND: POST /session/1a7f7d058614b09b54cdbc5dd28664a9/element - {"using":"xpath","value":"//button[@data-kt=\"addButton\"]"}
COMMAND: GET /session/1a7f7d058614b09b54cdbc5dd28664a9/screenshot - {}
RESULT: {"using":"xpath","value":"//button[@data-kt=\"addButton\"]"}
COMMAND: POST /session/1a7f7d058614b09b54cdbc5dd28664a9/elements - {"using":"xpath","value":"//button[@data-kt=\"addButton\"]"}
RESULT: {}
RESULT: {"using":"xpath","value":"//button[@data-kt=\"addButton\"]"}
COMMAND: POST /session/1a7f7d058614b09b54cdbc5dd28664a9/element - {"using":"xpath","value":"//button[@data-kt=\"addButton\"]"}
RESULT: {"using":"xpath","value":"//button[@data-kt=\"addButton\"]"}
COMMAND: POST /session/1a7f7d058614b09b54cdbc5dd28664a9/execute/sync - {"script":"<script> [8489 bytes]","args":[{"element-6066-11e4-a52e-4f735466cecf":"f.2C654B565EAAE04F20F597F65BFF9971.d.DAB69813CE0338D31B6BE7C77077B23F.e.5416","ELEMENT":"f.2C654B565EAAE04F20F597F65BFF9971.d.DAB69813CE0338D31B6BE7C77077B23F.e.5416"}]}
RESULT: {"script":"<script> [8489 bytes]","args":[{"element-6066-11e4-a52e-4f735466cecf":"f.2C654B565EAAE04F20F597F65BFF9971.d.DAB69813CE0338D31B6BE7C77077B23F.e.5416","ELEMENT":"f.2C654B565EAAE04F20F597F65BFF9971.d.DAB69813CE0338D31B6BE7C77077B23F.e.5416"}]}
COMMAND: GET /session/1a7f7d058614b09b54cdbc5dd28664a9/element/f.2C654B565EAAE04F20F597F65BFF9971.d.DAB69813CE0338D31B6BE7C77077B23F.e.5416/enabled - {}
COMMAND: GET /session/1a7f7d058614b09b54cdbc5dd28664a9/screenshot - {}
RESULT: {}
COMMAND: POST /session/1a7f7d058614b09b54cdbc5dd28664a9/execute/sync - {"script":"<script> [8489 bytes]","args":[{"element-6066-11e4-a52e-4f735466cecf":"f.2C654B565EAAE04F20F597F65BFF9971.d.DAB69813CE0338D31B6BE7C77077B23F.e.5416","ELEMENT":"f.2C654B565EAAE04F20F597F65BFF9971.d.DAB69813CE0338D31B6BE7C77077B23F.e.5416"}]}
COMMAND: GET /session/1a7f7d058614b09b54cdbc5dd28664a9/screenshot - {}
RESULT: {}
RESULT: {"script":"<script> [8489 bytes]","args":[{"element-6066-11e4-a52e-4f735466cecf":"f.2C654B565EAAE04F20F597F65BFF9971.d.DAB69813CE0338D31B6BE7C77077B23F.e.5416","ELEMENT":"f.2C654B565EAAE04F20F597F65BFF9971.d.DAB69813CE0338D31B6BE7C77077B23F.e.5416"}]}
COMMAND: POST /session/1a7f7d058614b09b54cdbc5dd28664a9/execute/sync - {"script":"<script> [5351 bytes]","args":[{"element-6066-11e4-a52e-4f735466cecf":"f.2C654B565EAAE04F20F597F65BFF9971.d.DAB69813CE0338D31B6BE7C77077B23F.e.5416","ELEMENT":"f.2C654B565EAAE04F20F597F65BFF9971.d.DAB69813CE0338D31B6BE7C77077B23F.e.5416"}]}
COMMAND: GET /session/1a7f7d058614b09b54cdbc5dd28664a9/screenshot - {}
RESULT: {}
RESULT: {"script":"<script> [5351 bytes]","args":[{"element-6066-11e4-a52e-4f735466cecf":"f.2C654B565EAAE04F20F597F65BFF9971.d.DAB69813CE0338D31B6BE7C77077B23F.e.5416","ELEMENT":"f.2C654B565EAAE04F20F597F65BFF9971.d.DAB69813CE0338D31B6BE7C77077B23F.e.5416"}]}
COMMAND: GET /session/1a7f7d058614b09b54cdbc5dd28664a9/screenshot - {}
RESULT: {}
RESULT: {}
COMMAND: POST /session/1a7f7d058614b09b54cdbc5dd28664a9/execute/async - {"script":"<script> [1562 bytes]","args":[{"selector":{"id":"application-managepartners-display-component---masterPtm--smartFilterBar-btnBasicSearch","interaction":{"idSuffix":"I"}},"wdio_ui5_key":"applicationmanagepartners-display-component---masterPtm--smartFilterBar-btnBasicSearch"}]}
RESULT: {"script":"<script> [1562 bytes]","args":[{"selector":{"id":"application-managepartners-display-component---masterPtm--smartFilterBar-btnBasicSearch","interaction":{"idSuffix":"I"}},"wdio_ui5_key":"applicationmanagepartners-display-component---masterPtm--smartFilterBar-btnBasicSearch"}]}
RESULT: undefined
COMMAND: POST /session/1a7f7d058614b09b54cdbc5dd28664a9/execute/async - {"script":"<script> [776 bytes]","args":[{"enterText":"1130","selector":{"id":"application-managepartners-display-component---masterPtm--smartFilterBar-btnBasicSearch","interaction":{"idSuffix":"I"}},"clearTextFirst":true,"interactionType":"ENTER_TEXT"}]}
RESULT: {"script":"<script> [776 bytes]","args":[{"enterText":"1130","selector":{"id":"application-managepartners-display-component---masterPtm--smartFilterBar-btnBasicSearch","interaction":{"idSuffix":"I"}},"clearTextFirst":true,"interactionType":"ENTER_TEXT"}]}
COMMAND: POST /session/1a7f7d058614b09b54cdbc5dd28664a9/actions - {"actions":[{"id":"action16","type":"key","parameters":{},"actions":[{"type":"keyDown","value":"î€‡"},{"type":"pause","duration":10},{"type":"keyUp","value":"î€‡"}]}]}
RESULT: {"actions":[{"id":"action16","type":"key","parameters":{},"actions":[{"type":"keyDown","value":"î€‡"},{"type":"pause","duration":10},{"type":"keyUp","value":"î€‡"}]}]}
COMMAND: GET /session/1a7f7d058614b09b54cdbc5dd28664a9/screenshot - {}
RESULT: {}
COMMAND: POST /session/1a7f7d058614b09b54cdbc5dd28664a9/elements - {"using":"xpath","value":"//table[contains(@id, \"customPartnersTable-listUl\")]/tbody/tr"}
RESULT: {"using":"xpath","value":"//table[contains(@id, \"customPartnersTable-listUl\")]/tbody/tr"}
COMMAND: POST /session/1a7f7d058614b09b54cdbc5dd28664a9/element - {"using":"xpath","value":"//table[contains(@id, \"customPartnersTable-listUl\")]/tbody/tr[1]/td[3]/span"}
RESULT: {"using":"xpath","value":"//table[contains(@id, \"customPartnersTable-listUl\")]/tbody/tr[1]/td[3]/span"}
COMMAND: POST /session/1a7f7d058614b09b54cdbc5dd28664a9/elements - {"using":"xpath","value":"//table[contains(@id, \"customPartnersTable-listUl\")]/tbody/tr[1]/td[3]/span"}
RESULT: {"using":"xpath","value":"//table[contains(@id, \"customPartnersTable-listUl\")]/tbody/tr[1]/td[3]/span"}
COMMAND: POST /session/1a7f7d058614b09b54cdbc5dd28664a9/execute/sync - {"script":"<script> [56 bytes]","args":[{"element-6066-11e4-a52e-4f735466cecf":"f.2C654B565EAAE04F20F597F65BFF9971.d.DAB69813CE0338D31B6BE7C77077B23F.e.5553","ELEMENT":"f.2C654B565EAAE04F20F597F65BFF9971.d.DAB69813CE0338D31B6BE7C77077B23F.e.5553"}]}
RESULT: {"script":"<script> [56 bytes]","args":[{"element-6066-11e4-a52e-4f735466cecf":"f.2C654B565EAAE04F20F597F65BFF9971.d.DAB69813CE0338D31B6BE7C77077B23F.e.5553","ELEMENT":"f.2C654B565EAAE04F20F597F65BFF9971.d.DAB69813CE0338D31B6BE7C77077B23F.e.5553"}]}
COMMAND: POST /session/1a7f7d058614b09b54cdbc5dd28664a9/element - {"using":"xpath","value":"(//span[contains(@id, \"imgNav\")])[1]"}
COMMAND: GET /session/1a7f7d058614b09b54cdbc5dd28664a9/screenshot - {}
RESULT: {"using":"xpath","value":"(//span[contains(@id, \"imgNav\")])[1]"}
COMMAND: POST /session/1a7f7d058614b09b54cdbc5dd28664a9/element/f.2C654B565EAAE04F20F597F65BFF9971.d.DAB69813CE0338D31B6BE7C77077B23F.e.5551/click - {}
RESULT: {}
RESULT: {}
COMMAND: GET /session/1a7f7d058614b09b54cdbc5dd28664a9/screenshot - {}
RESULT: {}
COMMAND: POST /session/1a7f7d058614b09b54cdbc5dd28664a9/element - {"using":"xpath","value":"//bdi[contains(text(), \"Edit\")]"}
RESULT: {"using":"xpath","value":"//bdi[contains(text(), \"Edit\")]"}
COMMAND: POST /session/1a7f7d058614b09b54cdbc5dd28664a9/element/f.2C654B565EAAE04F20F597F65BFF9971.d.DAB69813CE0338D31B6BE7C77077B23F.e.5698/click - {}
RESULT: {}
COMMAND: GET /session/1a7f7d058614b09b54cdbc5dd28664a9/screenshot - {}
RESULT: {}
COMMAND: POST /session/1a7f7d058614b09b54cdbc5dd28664a9/execute/async - {"script":"<script> [1562 bytes]","args":[{"selector":{"controlType":"sap.m.Input","viewName":"etm.portal.ui.managepartners.view.EditDetail","labelFor":{"text":"Name"},"interaction":{"idSuffix":"inner"}},"wdio_ui5_key":"etmportal.ui.managepartners.view.EditDetailsap.m.Input{\"text\":\"Name\"}"}]}
RESULT: {"script":"<script> [1562 bytes]","args":[{"selector":{"controlType":"sap.m.Input","viewName":"etm.portal.ui.managepartners.view.EditDetail","labelFor":{"text":"Name"},"interaction":{"idSuffix":"inner"}},"wdio_ui5_key":"etmportal.ui.managepartners.view.EditDetailsap.m.Input{\"text\":\"Name\"}"}]}
RESULT: undefined
COMMAND: POST /session/1a7f7d058614b09b54cdbc5dd28664a9/execute/async - {"script":"<script> [776 bytes]","args":[{"enterText":"Intracompany EDIT","selector":{"controlType":"sap.m.Input","viewName":"etm.portal.ui.managepartners.view.EditDetail","labelFor":{"text":"Name"},"interaction":{"idSuffix":"inner"}},"clearTextFirst":true,"interactionType":"ENTER_TEXT"}]}
RESULT: {"script":"<script> [776 bytes]","args":[{"enterText":"Intracompany EDIT","selector":{"controlType":"sap.m.Input","viewName":"etm.portal.ui.managepartners.view.EditDetail","labelFor":{"text":"Name"},"interaction":{"idSuffix":"inner"}},"clearTextFirst":true,"interactionType":"ENTER_TEXT"}]}
COMMAND: POST /session/1a7f7d058614b09b54cdbc5dd28664a9/element - {"using":"xpath","value":"(//span[contains(@id,\"addressDetailDetailsLanguage-arrow\")])[1]"}
RESULT: {"using":"xpath","value":"(//span[contains(@id,\"addressDetailDetailsLanguage-arrow\")])[1]"}
COMMAND: POST /session/1a7f7d058614b09b54cdbc5dd28664a9/element/f.2C654B565EAAE04F20F597F65BFF9971.d.DAB69813CE0338D31B6BE7C77077B23F.e.5782/click - {}
RESULT: {}
COMMAND: POST /session/1a7f7d058614b09b54cdbc5dd28664a9/element - {"using":"xpath","value":"//span[contains(text(), \"Chinese\")]"}
COMMAND: GET /session/1a7f7d058614b09b54cdbc5dd28664a9/screenshot - {}
RESULT: {"using":"xpath","value":"//span[contains(text(), \"Chinese\")]"}
COMMAND: POST /session/1a7f7d058614b09b54cdbc5dd28664a9/element/f.2C654B565EAAE04F20F597F65BFF9971.d.DAB69813CE0338D31B6BE7C77077B23F.e.5783/click - {}
RESULT: {}
RESULT: {}
COMMAND: GET /session/1a7f7d058614b09b54cdbc5dd28664a9/screenshot - {}
RESULT: {}
COMMAND: POST /session/1a7f7d058614b09b54cdbc5dd28664a9/execute/async - {"script":"<script> [1562 bytes]","args":[{"selector":{"controlType":"sap.m.Input","viewName":"etm.portal.ui.managepartners.view.EditDetail","labelFor":{"text":"City"},"interaction":{"idSuffix":"inner"}},"wdio_ui5_key":"etmportal.ui.managepartners.view.EditDetailsap.m.Input{\"text\":\"City\"}"}]}
RESULT: {"script":"<script> [1562 bytes]","args":[{"selector":{"controlType":"sap.m.Input","viewName":"etm.portal.ui.managepartners.view.EditDetail","labelFor":{"text":"City"},"interaction":{"idSuffix":"inner"}},"wdio_ui5_key":"etmportal.ui.managepartners.view.EditDetailsap.m.Input{\"text\":\"City\"}"}]}
RESULT: undefined
COMMAND: POST /session/1a7f7d058614b09b54cdbc5dd28664a9/execute/async - {"script":"<script> [776 bytes]","args":[{"enterText":"Clooj-Napoca","selector":{"controlType":"sap.m.Input","viewName":"etm.portal.ui.managepartners.view.EditDetail","labelFor":{"text":"City"},"interaction":{"idSuffix":"inner"}},"clearTextFirst":true,"interactionType":"ENTER_TEXT"}]}
RESULT: {"script":"<script> [776 bytes]","args":[{"enterText":"Clooj-Napoca","selector":{"controlType":"sap.m.Input","viewName":"etm.portal.ui.managepartners.view.EditDetail","labelFor":{"text":"City"},"interaction":{"idSuffix":"inner"}},"clearTextFirst":true,"interactionType":"ENTER_TEXT"}]}
COMMAND: POST /session/1a7f7d058614b09b54cdbc5dd28664a9/element - {"using":"xpath","value":"//button[@data-kt=\"saveButton\"]"}
RESULT: {"using":"xpath","value":"//button[@data-kt=\"saveButton\"]"}
COMMAND: POST /session/1a7f7d058614b09b54cdbc5dd28664a9/element/f.2C654B565EAAE04F20F597F65BFF9971.d.DAB69813CE0338D31B6BE7C77077B23F.e.5761/click - {}
RESULT: {}
COMMAND: GET /session/1a7f7d058614b09b54cdbc5dd28664a9/screenshot - {}
RESULT: {}
COMMAND: POST /session/1a7f7d058614b09b54cdbc5dd28664a9/execute/async - {"script":"<script> [1562 bytes]","args":[{"selector":{"id":"application-managepartners-display-component---detailPtm--addressDetailDetailsName1"},"wdio_ui5_key":"applicationmanagepartners-display-component---detailPtm--addressDetailDetailsName1"}]}
RESULT: {"script":"<script> [1562 bytes]","args":[{"selector":{"id":"application-managepartners-display-component---detailPtm--addressDetailDetailsName1"},"wdio_ui5_key":"applicationmanagepartners-display-component---detailPtm--addressDetailDetailsName1"}]}
RESULT: undefined
COMMAND: POST /session/1a7f7d058614b09b54cdbc5dd28664a9/execute/async - {"script":"<script> [6424 bytes]","args":[{"element-6066-11e4-a52e-4f735466cecf":"f.2C654B565EAAE04F20F597F65BFF9971.d.DAB69813CE0338D31B6BE7C77077B23F.e.5814"},"getValue",[]]}
RESULT: {"script":"<script> [6424 bytes]","args":[{"element-6066-11e4-a52e-4f735466cecf":"f.2C654B565EAAE04F20F597F65BFF9971.d.DAB69813CE0338D31B6BE7C77077B23F.e.5814"},"getValue",[]]}
COMMAND: POST /session/1a7f7d058614b09b54cdbc5dd28664a9/element - {"using":"xpath","value":"//input[@id = \"application-managepartners-display-component---detailPtm--addressDetailDetailsLanguage-inner\"]"}
RESULT: {"using":"xpath","value":"//input[@id = \"application-managepartners-display-component---detailPtm--addressDetailDetailsLanguage-inner\"]"}
COMMAND: GET /session/1a7f7d058614b09b54cdbc5dd28664a9/element/f.2C654B565EAAE04F20F597F65BFF9971.d.DAB69813CE0338D31B6BE7C77077B23F.e.5815/property/value - {}
RESULT: {}
COMMAND: POST /session/1a7f7d058614b09b54cdbc5dd28664a9/execute/async - {"script":"<script> [1562 bytes]","args":[{"selector":{"id":"application-managepartners-display-component---detailPtm--addressDetailDetailsCity1"},"wdio_ui5_key":"applicationmanagepartners-display-component---detailPtm--addressDetailDetailsCity1"}]}
COMMAND: GET /session/1a7f7d058614b09b54cdbc5dd28664a9/screenshot - {}
RESULT: {"script":"<script> [1562 bytes]","args":[{"selector":{"id":"application-managepartners-display-component---detailPtm--addressDetailDetailsCity1"},"wdio_ui5_key":"applicationmanagepartners-display-component---detailPtm--addressDetailDetailsCity1"}]}
RESULT: undefined
COMMAND: POST /session/1a7f7d058614b09b54cdbc5dd28664a9/execute/async - {"script":"<script> [6424 bytes]","args":[{"element-6066-11e4-a52e-4f735466cecf":"f.2C654B565EAAE04F20F597F65BFF9971.d.DAB69813CE0338D31B6BE7C77077B23F.e.5816"},"getValue",[]]}
RESULT: {}
RESULT: {"script":"<script> [6424 bytes]","args":[{"element-6066-11e4-a52e-4f735466cecf":"f.2C654B565EAAE04F20F597F65BFF9971.d.DAB69813CE0338D31B6BE7C77077B23F.e.5816"},"getValue",[]]}
COMMAND: POST /session/1a7f7d058614b09b54cdbc5dd28664a9/element - {"using":"css selector","value":"#shell-header-logo"}
RESULT: {"using":"css selector","value":"#shell-header-logo"}
COMMAND: POST /session/1a7f7d058614b09b54cdbc5dd28664a9/element/f.2C654B565EAAE04F20F597F65BFF9971.d.DAB69813CE0338D31B6BE7C77077B23F.e.5372/click - {}
RESULT: {}
COMMAND: GET /session/1a7f7d058614b09b54cdbc5dd28664a9/screenshot - {}
RESULT: {}
]]></system-out>
    </testcase>
    <testcase classname="chrome.135_0_7049_96.windows.Partner_specific_tests_US150819_US151080_US151654_US151176_US103444_US151078_US151079_US151109_US151174_US151175_US151189" name="Should do filtering and navigation tests US151109" time="149.4">
      <system-out><![CDATA[
COMMAND: POST /session/1a7f7d058614b09b54cdbc5dd28664a9/element - {"using":"xpath","value":"//li[.//span[text()=\"Manage Partners\"]]"}
RESULT: {"using":"xpath","value":"//li[.//span[text()=\"Manage Partners\"]]"}
COMMAND: POST /session/1a7f7d058614b09b54cdbc5dd28664a9/element - {"using":"xpath","value":"//li[.//span[text()=\"Manage Partners\"]]"}
RESULT: {"using":"xpath","value":"//li[.//span[text()=\"Manage Partners\"]]"}
COMMAND: POST /session/1a7f7d058614b09b54cdbc5dd28664a9/element - {"using":"css selector","value":"#shell-header-logo"}
RESULT: {"using":"css selector","value":"#shell-header-logo"}
COMMAND: POST /session/1a7f7d058614b09b54cdbc5dd28664a9/element/f.2C654B565EAAE04F20F597F65BFF9971.d.DAB69813CE0338D31B6BE7C77077B23F.e.5846/click - {}
COMMAND: POST /session/1a7f7d058614b09b54cdbc5dd28664a9/execute/sync - {"script":"<script> [8489 bytes]","args":[{"element-6066-11e4-a52e-4f735466cecf":"f.2C654B565EAAE04F20F597F65BFF9971.d.DAB69813CE0338D31B6BE7C77077B23F.e.5846","ELEMENT":"f.2C654B565EAAE04F20F597F65BFF9971.d.DAB69813CE0338D31B6BE7C77077B23F.e.5846"}]}
RESULT: {}
COMMAND: GET /session/1a7f7d058614b09b54cdbc5dd28664a9/screenshot - {}
RESULT: {"script":"<script> [8489 bytes]","args":[{"element-6066-11e4-a52e-4f735466cecf":"f.2C654B565EAAE04F20F597F65BFF9971.d.DAB69813CE0338D31B6BE7C77077B23F.e.5846","ELEMENT":"f.2C654B565EAAE04F20F597F65BFF9971.d.DAB69813CE0338D31B6BE7C77077B23F.e.5846"}]}
COMMAND: POST /session/1a7f7d058614b09b54cdbc5dd28664a9/execute/sync - {"script":"<script> [5351 bytes]","args":[{"element-6066-11e4-a52e-4f735466cecf":"f.2C654B565EAAE04F20F597F65BFF9971.d.DAB69813CE0338D31B6BE7C77077B23F.e.5846","ELEMENT":"f.2C654B565EAAE04F20F597F65BFF9971.d.DAB69813CE0338D31B6BE7C77077B23F.e.5846"}]}
COMMAND: GET /session/1a7f7d058614b09b54cdbc5dd28664a9/screenshot - {}
RESULT: {}
RESULT: {"script":"<script> [5351 bytes]","args":[{"element-6066-11e4-a52e-4f735466cecf":"f.2C654B565EAAE04F20F597F65BFF9971.d.DAB69813CE0338D31B6BE7C77077B23F.e.5846","ELEMENT":"f.2C654B565EAAE04F20F597F65BFF9971.d.DAB69813CE0338D31B6BE7C77077B23F.e.5846"}]}
COMMAND: GET /session/1a7f7d058614b09b54cdbc5dd28664a9/screenshot - {}
RESULT: {}
RESULT: {}
RESULT: undefined
COMMAND: POST /session/1a7f7d058614b09b54cdbc5dd28664a9/element - {"using":"xpath","value":"//*[@id=\"__tile30\"]"}
RESULT: {"using":"xpath","value":"//*[@id=\"__tile30\"]"}
COMMAND: POST /session/1a7f7d058614b09b54cdbc5dd28664a9/element/f.2C654B565EAAE04F20F597F65BFF9971.d.DAB69813CE0338D31B6BE7C77077B23F.e.4502/click - {}
RESULT: {}
COMMAND: POST /session/1a7f7d058614b09b54cdbc5dd28664a9/element - {"using":"xpath","value":"//button[@data-kt=\"addButton\"]"}
COMMAND: GET /session/1a7f7d058614b09b54cdbc5dd28664a9/screenshot - {}
RESULT: {"using":"xpath","value":"//button[@data-kt=\"addButton\"]"}
COMMAND: POST /session/1a7f7d058614b09b54cdbc5dd28664a9/elements - {"using":"xpath","value":"//button[@data-kt=\"addButton\"]"}
RESULT: {}
RESULT: {"using":"xpath","value":"//button[@data-kt=\"addButton\"]"}
COMMAND: POST /session/1a7f7d058614b09b54cdbc5dd28664a9/execute/sync - {"script":"<script> [8489 bytes]","args":[{"element-6066-11e4-a52e-4f735466cecf":"f.2C654B565EAAE04F20F597F65BFF9971.d.DAB69813CE0338D31B6BE7C77077B23F.e.5891","ELEMENT":"f.2C654B565EAAE04F20F597F65BFF9971.d.DAB69813CE0338D31B6BE7C77077B23F.e.5891"}]}
RESULT: {"script":"<script> [8489 bytes]","args":[{"element-6066-11e4-a52e-4f735466cecf":"f.2C654B565EAAE04F20F597F65BFF9971.d.DAB69813CE0338D31B6BE7C77077B23F.e.5891","ELEMENT":"f.2C654B565EAAE04F20F597F65BFF9971.d.DAB69813CE0338D31B6BE7C77077B23F.e.5891"}]}
COMMAND: GET /session/1a7f7d058614b09b54cdbc5dd28664a9/element/f.2C654B565EAAE04F20F597F65BFF9971.d.DAB69813CE0338D31B6BE7C77077B23F.e.5891/enabled - {}
COMMAND: GET /session/1a7f7d058614b09b54cdbc5dd28664a9/screenshot - {}
RESULT: {}
COMMAND: POST /session/1a7f7d058614b09b54cdbc5dd28664a9/execute/sync - {"script":"<script> [8489 bytes]","args":[{"element-6066-11e4-a52e-4f735466cecf":"f.2C654B565EAAE04F20F597F65BFF9971.d.DAB69813CE0338D31B6BE7C77077B23F.e.5891","ELEMENT":"f.2C654B565EAAE04F20F597F65BFF9971.d.DAB69813CE0338D31B6BE7C77077B23F.e.5891"}]}
COMMAND: GET /session/1a7f7d058614b09b54cdbc5dd28664a9/screenshot - {}
RESULT: {}
RESULT: {"script":"<script> [8489 bytes]","args":[{"element-6066-11e4-a52e-4f735466cecf":"f.2C654B565EAAE04F20F597F65BFF9971.d.DAB69813CE0338D31B6BE7C77077B23F.e.5891","ELEMENT":"f.2C654B565EAAE04F20F597F65BFF9971.d.DAB69813CE0338D31B6BE7C77077B23F.e.5891"}]}
COMMAND: POST /session/1a7f7d058614b09b54cdbc5dd28664a9/execute/sync - {"script":"<script> [5351 bytes]","args":[{"element-6066-11e4-a52e-4f735466cecf":"f.2C654B565EAAE04F20F597F65BFF9971.d.DAB69813CE0338D31B6BE7C77077B23F.e.5891","ELEMENT":"f.2C654B565EAAE04F20F597F65BFF9971.d.DAB69813CE0338D31B6BE7C77077B23F.e.5891"}]}
COMMAND: GET /session/1a7f7d058614b09b54cdbc5dd28664a9/screenshot - {}
RESULT: {}
RESULT: {"script":"<script> [5351 bytes]","args":[{"element-6066-11e4-a52e-4f735466cecf":"f.2C654B565EAAE04F20F597F65BFF9971.d.DAB69813CE0338D31B6BE7C77077B23F.e.5891","ELEMENT":"f.2C654B565EAAE04F20F597F65BFF9971.d.DAB69813CE0338D31B6BE7C77077B23F.e.5891"}]}
COMMAND: GET /session/1a7f7d058614b09b54cdbc5dd28664a9/screenshot - {}
RESULT: {}
RESULT: {}
COMMAND: POST /session/1a7f7d058614b09b54cdbc5dd28664a9/element - {"using":"xpath","value":"//span[@id=\"application-managepartners-display-component---masterPtm--smartTable-header-inner\"]"}
RESULT: {"using":"xpath","value":"//span[@id=\"application-managepartners-display-component---masterPtm--smartTable-header-inner\"]"}
COMMAND: POST /session/1a7f7d058614b09b54cdbc5dd28664a9/elements - {"using":"xpath","value":"//span[@id=\"application-managepartners-display-component---masterPtm--smartTable-header-inner\"]"}
RESULT: {"using":"xpath","value":"//span[@id=\"application-managepartners-display-component---masterPtm--smartTable-header-inner\"]"}
COMMAND: POST /session/1a7f7d058614b09b54cdbc5dd28664a9/execute/sync - {"script":"<script> [56 bytes]","args":[{"element-6066-11e4-a52e-4f735466cecf":"f.2C654B565EAAE04F20F597F65BFF9971.d.DAB69813CE0338D31B6BE7C77077B23F.e.6016","ELEMENT":"f.2C654B565EAAE04F20F597F65BFF9971.d.DAB69813CE0338D31B6BE7C77077B23F.e.6016"}]}
RESULT: {"script":"<script> [56 bytes]","args":[{"element-6066-11e4-a52e-4f735466cecf":"f.2C654B565EAAE04F20F597F65BFF9971.d.DAB69813CE0338D31B6BE7C77077B23F.e.6016","ELEMENT":"f.2C654B565EAAE04F20F597F65BFF9971.d.DAB69813CE0338D31B6BE7C77077B23F.e.6016"}]}
RESULT: undefined
COMMAND: POST /session/1a7f7d058614b09b54cdbc5dd28664a9/execute/async - {"script":"<script> [776 bytes]","args":[{"enterText":"External Partner WDIO","selector":{"id":"application-managepartners-display-component---masterPtm--smartFilterBar-btnBasicSearch","interaction":{"idSuffix":"I"}},"clearTextFirst":true,"interactionType":"ENTER_TEXT"}]}
COMMAND: GET /session/1a7f7d058614b09b54cdbc5dd28664a9/screenshot - {}
RESULT: {"script":"<script> [776 bytes]","args":[{"enterText":"External Partner WDIO","selector":{"id":"application-managepartners-display-component---masterPtm--smartFilterBar-btnBasicSearch","interaction":{"idSuffix":"I"}},"clearTextFirst":true,"interactionType":"ENTER_TEXT"}]}
RESULT: {}
COMMAND: POST /session/1a7f7d058614b09b54cdbc5dd28664a9/actions - {"actions":[{"id":"action17","type":"key","parameters":{},"actions":[{"type":"keyDown","value":"î€‡"},{"type":"pause","duration":10},{"type":"keyUp","value":"î€‡"}]}]}
RESULT: {"actions":[{"id":"action17","type":"key","parameters":{},"actions":[{"type":"keyDown","value":"î€‡"},{"type":"pause","duration":10},{"type":"keyUp","value":"î€‡"}]}]}
COMMAND: GET /session/1a7f7d058614b09b54cdbc5dd28664a9/screenshot - {}
RESULT: {}
COMMAND: POST /session/1a7f7d058614b09b54cdbc5dd28664a9/element - {"using":"xpath","value":"//span[@id=\"application-managepartners-display-component---masterPtm--smartTable-header-inner\"]"}
RESULT: {"using":"xpath","value":"//span[@id=\"application-managepartners-display-component---masterPtm--smartTable-header-inner\"]"}
COMMAND: POST /session/1a7f7d058614b09b54cdbc5dd28664a9/elements - {"using":"xpath","value":"//span[@id=\"application-managepartners-display-component---masterPtm--smartTable-header-inner\"]"}
RESULT: {"using":"xpath","value":"//span[@id=\"application-managepartners-display-component---masterPtm--smartTable-header-inner\"]"}
COMMAND: POST /session/1a7f7d058614b09b54cdbc5dd28664a9/execute/sync - {"script":"<script> [56 bytes]","args":[{"element-6066-11e4-a52e-4f735466cecf":"f.2C654B565EAAE04F20F597F65BFF9971.d.DAB69813CE0338D31B6BE7C77077B23F.e.6016","ELEMENT":"f.2C654B565EAAE04F20F597F65BFF9971.d.DAB69813CE0338D31B6BE7C77077B23F.e.6016"}]}
RESULT: {"script":"<script> [56 bytes]","args":[{"element-6066-11e4-a52e-4f735466cecf":"f.2C654B565EAAE04F20F597F65BFF9971.d.DAB69813CE0338D31B6BE7C77077B23F.e.6016","ELEMENT":"f.2C654B565EAAE04F20F597F65BFF9971.d.DAB69813CE0338D31B6BE7C77077B23F.e.6016"}]}
COMMAND: POST /session/1a7f7d058614b09b54cdbc5dd28664a9/element - {"using":"xpath","value":"//div[contains(@id, \"managepartners-display-component---masterPtm--smartFilterBar-btnBasicSearch-reset\")]"}
COMMAND: GET /session/1a7f7d058614b09b54cdbc5dd28664a9/screenshot - {}
RESULT: {"using":"xpath","value":"//div[contains(@id, \"managepartners-display-component---masterPtm--smartFilterBar-btnBasicSearch-reset\")]"}
COMMAND: POST /session/1a7f7d058614b09b54cdbc5dd28664a9/element/f.2C654B565EAAE04F20F597F65BFF9971.d.DAB69813CE0338D31B6BE7C77077B23F.e.6038/click - {}
RESULT: {}
RESULT: {}
COMMAND: GET /session/1a7f7d058614b09b54cdbc5dd28664a9/screenshot - {}
RESULT: {}
COMMAND: POST /session/1a7f7d058614b09b54cdbc5dd28664a9/execute/async - {"script":"<script> [1562 bytes]","args":[{"selector":{"id":"application-managepartners-display-component---masterPtm--smartFilterBar-filterItemControl_BASIC-MAIN_ADDRESS-vhi"},"wdio_ui5_key":"applicationmanagepartners-display-component---masterPtm--smartFilterBar-filterItemControl_BASIC-MAIN_ADDRESS-vhi"}]}
RESULT: {"script":"<script> [1562 bytes]","args":[{"selector":{"id":"application-managepartners-display-component---masterPtm--smartFilterBar-filterItemControl_BASIC-MAIN_ADDRESS-vhi"},"wdio_ui5_key":"applicationmanagepartners-display-component---masterPtm--smartFilterBar-filterItemControl_BASIC-MAIN_ADDRESS-vhi"}]}
RESULT: undefined
COMMAND: POST /session/1a7f7d058614b09b54cdbc5dd28664a9/element - {"using":"xpath","value":"//*[@id=\"application-managepartners-display-component---masterPtm--smartFilterBar-filterItemControl_BASIC-MAIN_ADDRESS-vhi\"]"}
RESULT: {"using":"xpath","value":"//*[@id=\"application-managepartners-display-component---masterPtm--smartFilterBar-filterItemControl_BASIC-MAIN_ADDRESS-vhi\"]"}
COMMAND: POST /session/1a7f7d058614b09b54cdbc5dd28664a9/element/f.2C654B565EAAE04F20F597F65BFF9971.d.DAB69813CE0338D31B6BE7C77077B23F.e.6143/click - {}
RESULT: {}
COMMAND: GET /session/1a7f7d058614b09b54cdbc5dd28664a9/screenshot - {}
RESULT: {}
COMMAND: POST /session/1a7f7d058614b09b54cdbc5dd28664a9/execute/async - {"script":"<script> [1562 bytes]","args":[{"selector":{"id":"application-managepartners-display-component---masterPtm--smartFilterBar-filterItemControl_BASIC-MAIN_ADDRESS-valueHelpDialog-smartFilterBar-btnBasicSearch","searchOpenDialogs":true,"interaction":{"idSuffix":"I"}},"wdio_ui5_key":"applicationmanagepartners-display-component---masterPtm--smartFilterBar-filterItemControl_BASIC-MAIN_ADDRESS-valueHelpDialog-smartFilterBar-btnBasicSearch"}]}
RESULT: {"script":"<script> [1562 bytes]","args":[{"selector":{"id":"application-managepartners-display-component---masterPtm--smartFilterBar-filterItemControl_BASIC-MAIN_ADDRESS-valueHelpDialog-smartFilterBar-btnBasicSearch","searchOpenDialogs":true,"interaction":{"idSuffix":"I"}},"wdio_ui5_key":"applicationmanagepartners-display-component---masterPtm--smartFilterBar-filterItemControl_BASIC-MAIN_ADDRESS-valueHelpDialog-smartFilterBar-btnBasicSearch"}]}
RESULT: undefined
COMMAND: POST /session/1a7f7d058614b09b54cdbc5dd28664a9/execute/async - {"script":"<script> [776 bytes]","args":[{"enterText":"Romania","selector":{"id":"application-managepartners-display-component---masterPtm--smartFilterBar-filterItemControl_BASIC-MAIN_ADDRESS-valueHelpDialog-smartFilterBar-btnBasicSearch","searchOpenDialogs":true,"interaction":{"idSuffix":"I"}},"clearTextFirst":true,"interactionType":"ENTER_TEXT"}]}
RESULT: {"script":"<script> [776 bytes]","args":[{"enterText":"Romania","selector":{"id":"application-managepartners-display-component---masterPtm--smartFilterBar-filterItemControl_BASIC-MAIN_ADDRESS-valueHelpDialog-smartFilterBar-btnBasicSearch","searchOpenDialogs":true,"interaction":{"idSuffix":"I"}},"clearTextFirst":true,"interactionType":"ENTER_TEXT"}]}
COMMAND: POST /session/1a7f7d058614b09b54cdbc5dd28664a9/actions - {"actions":[{"id":"action18","type":"key","parameters":{},"actions":[{"type":"keyDown","value":"î€‡"},{"type":"pause","duration":10},{"type":"keyUp","value":"î€‡"}]}]}
RESULT: {"actions":[{"id":"action18","type":"key","parameters":{},"actions":[{"type":"keyDown","value":"î€‡"},{"type":"pause","duration":10},{"type":"keyUp","value":"î€‡"}]}]}
COMMAND: POST /session/1a7f7d058614b09b54cdbc5dd28664a9/elements - {"using":"xpath","value":"//table[contains(@id, \"smartFilterBar-filterItemControl_BASIC-MAIN_ADDRESS-valueHelpDialog-table-table\")]/tbody/tr"}
COMMAND: GET /session/1a7f7d058614b09b54cdbc5dd28664a9/screenshot - {}
RESULT: {"using":"xpath","value":"//table[contains(@id, \"smartFilterBar-filterItemControl_BASIC-MAIN_ADDRESS-valueHelpDialog-table-table\")]/tbody/tr"}
COMMAND: POST /session/1a7f7d058614b09b54cdbc5dd28664a9/element - {"using":"xpath","value":"//table[contains(@id, \"smartFilterBar-filterItemControl_BASIC-MAIN_ADDRESS-valueHelpDialog-table-table\")]/tbody/tr[1]/td[1]/div/span"}
RESULT: {}
RESULT: {"using":"xpath","value":"//table[contains(@id, \"smartFilterBar-filterItemControl_BASIC-MAIN_ADDRESS-valueHelpDialog-table-table\")]/tbody/tr[1]/td[1]/div/span"}
COMMAND: POST /session/1a7f7d058614b09b54cdbc5dd28664a9/elements - {"using":"xpath","value":"//table[contains(@id, \"smartFilterBar-filterItemControl_BASIC-MAIN_ADDRESS-valueHelpDialog-table-table\")]/tbody/tr[1]/td[1]/div/span"}
RESULT: {"using":"xpath","value":"//table[contains(@id, \"smartFilterBar-filterItemControl_BASIC-MAIN_ADDRESS-valueHelpDialog-table-table\")]/tbody/tr[1]/td[1]/div/span"}
COMMAND: POST /session/1a7f7d058614b09b54cdbc5dd28664a9/execute/sync - {"script":"<script> [56 bytes]","args":[{"element-6066-11e4-a52e-4f735466cecf":"f.2C654B565EAAE04F20F597F65BFF9971.d.DAB69813CE0338D31B6BE7C77077B23F.e.6163","ELEMENT":"f.2C654B565EAAE04F20F597F65BFF9971.d.DAB69813CE0338D31B6BE7C77077B23F.e.6163"}]}
RESULT: {"script":"<script> [56 bytes]","args":[{"element-6066-11e4-a52e-4f735466cecf":"f.2C654B565EAAE04F20F597F65BFF9971.d.DAB69813CE0338D31B6BE7C77077B23F.e.6163","ELEMENT":"f.2C654B565EAAE04F20F597F65BFF9971.d.DAB69813CE0338D31B6BE7C77077B23F.e.6163"}]}
COMMAND: POST /session/1a7f7d058614b09b54cdbc5dd28664a9/element - {"using":"xpath","value":"//div[contains(@id, \"filterItemControl_BASIC-MAIN_ADDRESS-valueHelpDialog-table-rowsel0\")]"}
COMMAND: GET /session/1a7f7d058614b09b54cdbc5dd28664a9/screenshot - {}
RESULT: {"using":"xpath","value":"//div[contains(@id, \"filterItemControl_BASIC-MAIN_ADDRESS-valueHelpDialog-table-rowsel0\")]"}
COMMAND: POST /session/1a7f7d058614b09b54cdbc5dd28664a9/element/f.2C654B565EAAE04F20F597F65BFF9971.d.DAB69813CE0338D31B6BE7C77077B23F.e.6164/click - {}
RESULT: {}
RESULT: {}
COMMAND: GET /session/1a7f7d058614b09b54cdbc5dd28664a9/screenshot - {}
RESULT: {}
COMMAND: POST /session/1a7f7d058614b09b54cdbc5dd28664a9/element - {"using":"xpath","value":"(//bdi[contains(text(), \"OK\")])[1]"}
RESULT: {"using":"xpath","value":"(//bdi[contains(text(), \"OK\")])[1]"}
COMMAND: POST /session/1a7f7d058614b09b54cdbc5dd28664a9/element/f.2C654B565EAAE04F20F597F65BFF9971.d.DAB69813CE0338D31B6BE7C77077B23F.e.6166/click - {}
RESULT: {}
COMMAND: GET /session/1a7f7d058614b09b54cdbc5dd28664a9/screenshot - {}
RESULT: {}
COMMAND: POST /session/1a7f7d058614b09b54cdbc5dd28664a9/element - {"using":"xpath","value":"//span[@id=\"application-managepartners-display-component---masterPtm--smartTable-header-inner\"]"}
RESULT: {"using":"xpath","value":"//span[@id=\"application-managepartners-display-component---masterPtm--smartTable-header-inner\"]"}
COMMAND: POST /session/1a7f7d058614b09b54cdbc5dd28664a9/elements - {"using":"xpath","value":"//span[@id=\"application-managepartners-display-component---masterPtm--smartTable-header-inner\"]"}
RESULT: {"using":"xpath","value":"//span[@id=\"application-managepartners-display-component---masterPtm--smartTable-header-inner\"]"}
COMMAND: POST /session/1a7f7d058614b09b54cdbc5dd28664a9/execute/sync - {"script":"<script> [56 bytes]","args":[{"element-6066-11e4-a52e-4f735466cecf":"f.2C654B565EAAE04F20F597F65BFF9971.d.DAB69813CE0338D31B6BE7C77077B23F.e.6016","ELEMENT":"f.2C654B565EAAE04F20F597F65BFF9971.d.DAB69813CE0338D31B6BE7C77077B23F.e.6016"}]}
RESULT: {"script":"<script> [56 bytes]","args":[{"element-6066-11e4-a52e-4f735466cecf":"f.2C654B565EAAE04F20F597F65BFF9971.d.DAB69813CE0338D31B6BE7C77077B23F.e.6016","ELEMENT":"f.2C654B565EAAE04F20F597F65BFF9971.d.DAB69813CE0338D31B6BE7C77077B23F.e.6016"}]}
COMMAND: POST /session/1a7f7d058614b09b54cdbc5dd28664a9/element - {"using":"xpath","value":"//span[contains(@title, \"Remove\")]"}
COMMAND: GET /session/1a7f7d058614b09b54cdbc5dd28664a9/screenshot - {}
RESULT: {"using":"xpath","value":"//span[contains(@title, \"Remove\")]"}
COMMAND: POST /session/1a7f7d058614b09b54cdbc5dd28664a9/element/f.2C654B565EAAE04F20F597F65BFF9971.d.DAB69813CE0338D31B6BE7C77077B23F.e.6179/click - {}
RESULT: {}
RESULT: {}
COMMAND: GET /session/1a7f7d058614b09b54cdbc5dd28664a9/screenshot - {}
RESULT: {}
COMMAND: POST /session/1a7f7d058614b09b54cdbc5dd28664a9/element - {"using":"xpath","value":"//span[@id=\"application-managepartners-display-component---masterPtm--smartTable-header-inner\"]"}
RESULT: {"using":"xpath","value":"//span[@id=\"application-managepartners-display-component---masterPtm--smartTable-header-inner\"]"}
COMMAND: POST /session/1a7f7d058614b09b54cdbc5dd28664a9/elements - {"using":"xpath","value":"//span[@id=\"application-managepartners-display-component---masterPtm--smartTable-header-inner\"]"}
RESULT: {"using":"xpath","value":"//span[@id=\"application-managepartners-display-component---masterPtm--smartTable-header-inner\"]"}
COMMAND: POST /session/1a7f7d058614b09b54cdbc5dd28664a9/execute/sync - {"script":"<script> [56 bytes]","args":[{"element-6066-11e4-a52e-4f735466cecf":"f.2C654B565EAAE04F20F597F65BFF9971.d.DAB69813CE0338D31B6BE7C77077B23F.e.6016","ELEMENT":"f.2C654B565EAAE04F20F597F65BFF9971.d.DAB69813CE0338D31B6BE7C77077B23F.e.6016"}]}
RESULT: {"script":"<script> [56 bytes]","args":[{"element-6066-11e4-a52e-4f735466cecf":"f.2C654B565EAAE04F20F597F65BFF9971.d.DAB69813CE0338D31B6BE7C77077B23F.e.6016","ELEMENT":"f.2C654B565EAAE04F20F597F65BFF9971.d.DAB69813CE0338D31B6BE7C77077B23F.e.6016"}]}
COMMAND: POST /session/1a7f7d058614b09b54cdbc5dd28664a9/execute/async - {"script":"<script> [1562 bytes]","args":[{"selector":{"id":"application-managepartners-display-component---masterPtm--smartFilterBar-filterItemControl_BASIC-YARD-vhi"},"wdio_ui5_key":"applicationmanagepartners-display-component---masterPtm--smartFilterBar-filterItemControl_BASIC-YARD-vhi"}]}
COMMAND: GET /session/1a7f7d058614b09b54cdbc5dd28664a9/screenshot - {}
RESULT: {"script":"<script> [1562 bytes]","args":[{"selector":{"id":"application-managepartners-display-component---masterPtm--smartFilterBar-filterItemControl_BASIC-YARD-vhi"},"wdio_ui5_key":"applicationmanagepartners-display-component---masterPtm--smartFilterBar-filterItemControl_BASIC-YARD-vhi"}]}
RESULT: undefined
COMMAND: POST /session/1a7f7d058614b09b54cdbc5dd28664a9/element - {"using":"xpath","value":"//*[@id=\"application-managepartners-display-component---masterPtm--smartFilterBar-filterItemControl_BASIC-YARD-vhi\"]"}
RESULT: {}
RESULT: {"using":"xpath","value":"//*[@id=\"application-managepartners-display-component---masterPtm--smartFilterBar-filterItemControl_BASIC-YARD-vhi\"]"}
COMMAND: POST /session/1a7f7d058614b09b54cdbc5dd28664a9/element/f.2C654B565EAAE04F20F597F65BFF9971.d.DAB69813CE0338D31B6BE7C77077B23F.e.6285/click - {}
RESULT: {}
COMMAND: GET /session/1a7f7d058614b09b54cdbc5dd28664a9/screenshot - {}
RESULT: {}
COMMAND: POST /session/1a7f7d058614b09b54cdbc5dd28664a9/execute/async - {"script":"<script> [1562 bytes]","args":[{"selector":{"id":"application-managepartners-display-component---masterPtm--smartFilterBar-filterItemControl_BASIC-YARD-valueHelpDialog-smartFilterBar-btnBasicSearch","searchOpenDialogs":true,"interaction":{"idSuffix":"I"}},"wdio_ui5_key":"applicationmanagepartners-display-component---masterPtm--smartFilterBar-filterItemControl_BASIC-YARD-valueHelpDialog-smartFilterBar-btnBasicSearch"}]}
RESULT: {"script":"<script> [1562 bytes]","args":[{"selector":{"id":"application-managepartners-display-component---masterPtm--smartFilterBar-filterItemControl_BASIC-YARD-valueHelpDialog-smartFilterBar-btnBasicSearch","searchOpenDialogs":true,"interaction":{"idSuffix":"I"}},"wdio_ui5_key":"applicationmanagepartners-display-component---masterPtm--smartFilterBar-filterItemControl_BASIC-YARD-valueHelpDialog-smartFilterBar-btnBasicSearch"}]}
RESULT: undefined
COMMAND: POST /session/1a7f7d058614b09b54cdbc5dd28664a9/execute/async - {"script":"<script> [776 bytes]","args":[{"enterText":"Test","selector":{"id":"application-managepartners-display-component---masterPtm--smartFilterBar-filterItemControl_BASIC-YARD-valueHelpDialog-smartFilterBar-btnBasicSearch","searchOpenDialogs":true,"interaction":{"idSuffix":"I"}},"clearTextFirst":true,"interactionType":"ENTER_TEXT"}]}
RESULT: {"script":"<script> [776 bytes]","args":[{"enterText":"Test","selector":{"id":"application-managepartners-display-component---masterPtm--smartFilterBar-filterItemControl_BASIC-YARD-valueHelpDialog-smartFilterBar-btnBasicSearch","searchOpenDialogs":true,"interaction":{"idSuffix":"I"}},"clearTextFirst":true,"interactionType":"ENTER_TEXT"}]}
COMMAND: POST /session/1a7f7d058614b09b54cdbc5dd28664a9/actions - {"actions":[{"id":"action19","type":"key","parameters":{},"actions":[{"type":"keyDown","value":"î€‡"},{"type":"pause","duration":10},{"type":"keyUp","value":"î€‡"}]}]}
RESULT: {"actions":[{"id":"action19","type":"key","parameters":{},"actions":[{"type":"keyDown","value":"î€‡"},{"type":"pause","duration":10},{"type":"keyUp","value":"î€‡"}]}]}
COMMAND: POST /session/1a7f7d058614b09b54cdbc5dd28664a9/elements - {"using":"xpath","value":"//table[contains(@id, \"smartFilterBar-filterItemControl_BASIC-YARD-valueHelpDialog-table-table\")]/tbody/tr"}
COMMAND: GET /session/1a7f7d058614b09b54cdbc5dd28664a9/screenshot - {}
RESULT: {"using":"xpath","value":"//table[contains(@id, \"smartFilterBar-filterItemControl_BASIC-YARD-valueHelpDialog-table-table\")]/tbody/tr"}
COMMAND: POST /session/1a7f7d058614b09b54cdbc5dd28664a9/element - {"using":"xpath","value":"//table[contains(@id, \"smartFilterBar-filterItemControl_BASIC-YARD-valueHelpDialog-table-table\")]/tbody/tr[1]/td[1]/div/span"}
RESULT: {}
RESULT: {"using":"xpath","value":"//table[contains(@id, \"smartFilterBar-filterItemControl_BASIC-YARD-valueHelpDialog-table-table\")]/tbody/tr[1]/td[1]/div/span"}
COMMAND: POST /session/1a7f7d058614b09b54cdbc5dd28664a9/elements - {"using":"xpath","value":"//table[contains(@id, \"smartFilterBar-filterItemControl_BASIC-YARD-valueHelpDialog-table-table\")]/tbody/tr[1]/td[1]/div/span"}
RESULT: {"using":"xpath","value":"//table[contains(@id, \"smartFilterBar-filterItemControl_BASIC-YARD-valueHelpDialog-table-table\")]/tbody/tr[1]/td[1]/div/span"}
COMMAND: POST /session/1a7f7d058614b09b54cdbc5dd28664a9/execute/sync - {"script":"<script> [56 bytes]","args":[{"element-6066-11e4-a52e-4f735466cecf":"f.2C654B565EAAE04F20F597F65BFF9971.d.DAB69813CE0338D31B6BE7C77077B23F.e.6305","ELEMENT":"f.2C654B565EAAE04F20F597F65BFF9971.d.DAB69813CE0338D31B6BE7C77077B23F.e.6305"}]}
RESULT: {"script":"<script> [56 bytes]","args":[{"element-6066-11e4-a52e-4f735466cecf":"f.2C654B565EAAE04F20F597F65BFF9971.d.DAB69813CE0338D31B6BE7C77077B23F.e.6305","ELEMENT":"f.2C654B565EAAE04F20F597F65BFF9971.d.DAB69813CE0338D31B6BE7C77077B23F.e.6305"}]}
COMMAND: POST /session/1a7f7d058614b09b54cdbc5dd28664a9/element - {"using":"xpath","value":"//table[contains(@id, \"smartFilterBar-filterItemControl_BASIC-YARD-valueHelpDialog-table-table\")]/tbody/tr[2]/td[1]/div/span"}
COMMAND: GET /session/1a7f7d058614b09b54cdbc5dd28664a9/screenshot - {}
RESULT: {"using":"xpath","value":"//table[contains(@id, \"smartFilterBar-filterItemControl_BASIC-YARD-valueHelpDialog-table-table\")]/tbody/tr[2]/td[1]/div/span"}
COMMAND: POST /session/1a7f7d058614b09b54cdbc5dd28664a9/elements - {"using":"xpath","value":"//table[contains(@id, \"smartFilterBar-filterItemControl_BASIC-YARD-valueHelpDialog-table-table\")]/tbody/tr[2]/td[1]/div/span"}
RESULT: {}
RESULT: {"using":"xpath","value":"//table[contains(@id, \"smartFilterBar-filterItemControl_BASIC-YARD-valueHelpDialog-table-table\")]/tbody/tr[2]/td[1]/div/span"}
COMMAND: POST /session/1a7f7d058614b09b54cdbc5dd28664a9/execute/sync - {"script":"<script> [56 bytes]","args":[{"element-6066-11e4-a52e-4f735466cecf":"f.2C654B565EAAE04F20F597F65BFF9971.d.DAB69813CE0338D31B6BE7C77077B23F.e.6306","ELEMENT":"f.2C654B565EAAE04F20F597F65BFF9971.d.DAB69813CE0338D31B6BE7C77077B23F.e.6306"}]}
RESULT: {"script":"<script> [56 bytes]","args":[{"element-6066-11e4-a52e-4f735466cecf":"f.2C654B565EAAE04F20F597F65BFF9971.d.DAB69813CE0338D31B6BE7C77077B23F.e.6306","ELEMENT":"f.2C654B565EAAE04F20F597F65BFF9971.d.DAB69813CE0338D31B6BE7C77077B23F.e.6306"}]}
COMMAND: POST /session/1a7f7d058614b09b54cdbc5dd28664a9/element - {"using":"xpath","value":"//table[contains(@id, \"smartFilterBar-filterItemControl_BASIC-YARD-valueHelpDialog-table-table\")]/tbody/tr[3]/td[1]/div/span"}
COMMAND: GET /session/1a7f7d058614b09b54cdbc5dd28664a9/screenshot - {}
RESULT: {"using":"xpath","value":"//table[contains(@id, \"smartFilterBar-filterItemControl_BASIC-YARD-valueHelpDialog-table-table\")]/tbody/tr[3]/td[1]/div/span"}
COMMAND: POST /session/1a7f7d058614b09b54cdbc5dd28664a9/elements - {"using":"xpath","value":"//table[contains(@id, \"smartFilterBar-filterItemControl_BASIC-YARD-valueHelpDialog-table-table\")]/tbody/tr[3]/td[1]/div/span"}
RESULT: {}
RESULT: {"using":"xpath","value":"//table[contains(@id, \"smartFilterBar-filterItemControl_BASIC-YARD-valueHelpDialog-table-table\")]/tbody/tr[3]/td[1]/div/span"}
COMMAND: POST /session/1a7f7d058614b09b54cdbc5dd28664a9/execute/sync - {"script":"<script> [56 bytes]","args":[{"element-6066-11e4-a52e-4f735466cecf":"f.2C654B565EAAE04F20F597F65BFF9971.d.DAB69813CE0338D31B6BE7C77077B23F.e.6307","ELEMENT":"f.2C654B565EAAE04F20F597F65BFF9971.d.DAB69813CE0338D31B6BE7C77077B23F.e.6307"}]}
RESULT: {"script":"<script> [56 bytes]","args":[{"element-6066-11e4-a52e-4f735466cecf":"f.2C654B565EAAE04F20F597F65BFF9971.d.DAB69813CE0338D31B6BE7C77077B23F.e.6307","ELEMENT":"f.2C654B565EAAE04F20F597F65BFF9971.d.DAB69813CE0338D31B6BE7C77077B23F.e.6307"}]}
COMMAND: POST /session/1a7f7d058614b09b54cdbc5dd28664a9/element - {"using":"xpath","value":"//div[contains(@id, \"filterItemControl_BASIC-YARD-valueHelpDialog-table-rowsel2\")]"}
COMMAND: GET /session/1a7f7d058614b09b54cdbc5dd28664a9/screenshot - {}
RESULT: {"using":"xpath","value":"//div[contains(@id, \"filterItemControl_BASIC-YARD-valueHelpDialog-table-rowsel2\")]"}
COMMAND: POST /session/1a7f7d058614b09b54cdbc5dd28664a9/element/f.2C654B565EAAE04F20F597F65BFF9971.d.DAB69813CE0338D31B6BE7C77077B23F.e.6308/click - {}
RESULT: {}
RESULT: {}
COMMAND: GET /session/1a7f7d058614b09b54cdbc5dd28664a9/screenshot - {}
RESULT: {}
COMMAND: POST /session/1a7f7d058614b09b54cdbc5dd28664a9/element - {"using":"xpath","value":"(//bdi[contains(text(), \"OK\")])[1]"}
RESULT: {"using":"xpath","value":"(//bdi[contains(text(), \"OK\")])[1]"}
COMMAND: POST /session/1a7f7d058614b09b54cdbc5dd28664a9/element/f.2C654B565EAAE04F20F597F65BFF9971.d.DAB69813CE0338D31B6BE7C77077B23F.e.6310/click - {}
RESULT: {}
COMMAND: GET /session/1a7f7d058614b09b54cdbc5dd28664a9/screenshot - {}
RESULT: {}
COMMAND: POST /session/1a7f7d058614b09b54cdbc5dd28664a9/element - {"using":"xpath","value":"//span[@id=\"application-managepartners-display-component---masterPtm--smartTable-header-inner\"]"}
RESULT: {"using":"xpath","value":"//span[@id=\"application-managepartners-display-component---masterPtm--smartTable-header-inner\"]"}
COMMAND: POST /session/1a7f7d058614b09b54cdbc5dd28664a9/elements - {"using":"xpath","value":"//span[@id=\"application-managepartners-display-component---masterPtm--smartTable-header-inner\"]"}
RESULT: {"using":"xpath","value":"//span[@id=\"application-managepartners-display-component---masterPtm--smartTable-header-inner\"]"}
COMMAND: POST /session/1a7f7d058614b09b54cdbc5dd28664a9/execute/sync - {"script":"<script> [56 bytes]","args":[{"element-6066-11e4-a52e-4f735466cecf":"f.2C654B565EAAE04F20F597F65BFF9971.d.DAB69813CE0338D31B6BE7C77077B23F.e.6016","ELEMENT":"f.2C654B565EAAE04F20F597F65BFF9971.d.DAB69813CE0338D31B6BE7C77077B23F.e.6016"}]}
RESULT: {"script":"<script> [56 bytes]","args":[{"element-6066-11e4-a52e-4f735466cecf":"f.2C654B565EAAE04F20F597F65BFF9971.d.DAB69813CE0338D31B6BE7C77077B23F.e.6016","ELEMENT":"f.2C654B565EAAE04F20F597F65BFF9971.d.DAB69813CE0338D31B6BE7C77077B23F.e.6016"}]}
COMMAND: POST /session/1a7f7d058614b09b54cdbc5dd28664a9/element - {"using":"xpath","value":"//span[contains(@title, \"Remove\")]"}
COMMAND: GET /session/1a7f7d058614b09b54cdbc5dd28664a9/screenshot - {}
RESULT: {"using":"xpath","value":"//span[contains(@title, \"Remove\")]"}
COMMAND: POST /session/1a7f7d058614b09b54cdbc5dd28664a9/element/f.2C654B565EAAE04F20F597F65BFF9971.d.DAB69813CE0338D31B6BE7C77077B23F.e.6323/click - {}
RESULT: {}
RESULT: {}
COMMAND: GET /session/1a7f7d058614b09b54cdbc5dd28664a9/screenshot - {}
RESULT: {}
COMMAND: POST /session/1a7f7d058614b09b54cdbc5dd28664a9/element - {"using":"xpath","value":"//span[@id=\"application-managepartners-display-component---masterPtm--smartTable-header-inner\"]"}
RESULT: {"using":"xpath","value":"//span[@id=\"application-managepartners-display-component---masterPtm--smartTable-header-inner\"]"}
COMMAND: POST /session/1a7f7d058614b09b54cdbc5dd28664a9/elements - {"using":"xpath","value":"//span[@id=\"application-managepartners-display-component---masterPtm--smartTable-header-inner\"]"}
RESULT: {"using":"xpath","value":"//span[@id=\"application-managepartners-display-component---masterPtm--smartTable-header-inner\"]"}
COMMAND: POST /session/1a7f7d058614b09b54cdbc5dd28664a9/execute/sync - {"script":"<script> [56 bytes]","args":[{"element-6066-11e4-a52e-4f735466cecf":"f.2C654B565EAAE04F20F597F65BFF9971.d.DAB69813CE0338D31B6BE7C77077B23F.e.6016","ELEMENT":"f.2C654B565EAAE04F20F597F65BFF9971.d.DAB69813CE0338D31B6BE7C77077B23F.e.6016"}]}
RESULT: {"script":"<script> [56 bytes]","args":[{"element-6066-11e4-a52e-4f735466cecf":"f.2C654B565EAAE04F20F597F65BFF9971.d.DAB69813CE0338D31B6BE7C77077B23F.e.6016","ELEMENT":"f.2C654B565EAAE04F20F597F65BFF9971.d.DAB69813CE0338D31B6BE7C77077B23F.e.6016"}]}
COMMAND: POST /session/1a7f7d058614b09b54cdbc5dd28664a9/execute/async - {"script":"<script> [1562 bytes]","args":[{"selector":{"id":"application-managepartners-display-component---masterPtm--smartFilterBar-filterItemControl_BASIC-ALL_TAGS-vhi"},"wdio_ui5_key":"applicationmanagepartners-display-component---masterPtm--smartFilterBar-filterItemControl_BASIC-ALL_TAGS-vhi"}]}
COMMAND: GET /session/1a7f7d058614b09b54cdbc5dd28664a9/screenshot - {}
RESULT: {"script":"<script> [1562 bytes]","args":[{"selector":{"id":"application-managepartners-display-component---masterPtm--smartFilterBar-filterItemControl_BASIC-ALL_TAGS-vhi"},"wdio_ui5_key":"applicationmanagepartners-display-component---masterPtm--smartFilterBar-filterItemControl_BASIC-ALL_TAGS-vhi"}]}
RESULT: undefined
COMMAND: POST /session/1a7f7d058614b09b54cdbc5dd28664a9/element - {"using":"xpath","value":"//*[@id=\"application-managepartners-display-component---masterPtm--smartFilterBar-filterItemControl_BASIC-ALL_TAGS-vhi\"]"}
RESULT: {}
RESULT: {"using":"xpath","value":"//*[@id=\"application-managepartners-display-component---masterPtm--smartFilterBar-filterItemControl_BASIC-ALL_TAGS-vhi\"]"}
COMMAND: POST /session/1a7f7d058614b09b54cdbc5dd28664a9/element/f.2C654B565EAAE04F20F597F65BFF9971.d.DAB69813CE0338D31B6BE7C77077B23F.e.6429/click - {}
RESULT: {}
COMMAND: GET /session/1a7f7d058614b09b54cdbc5dd28664a9/screenshot - {}
RESULT: {}
COMMAND: POST /session/1a7f7d058614b09b54cdbc5dd28664a9/execute/async - {"script":"<script> [1562 bytes]","args":[{"selector":{"id":"application-managepartners-display-component---masterPtm--smartFilterBar-filterItemControl_BASIC-ALL_TAGS-valueHelpDialog-smartFilterBar-btnBasicSearch","searchOpenDialogs":true,"interaction":{"idSuffix":"I"}},"wdio_ui5_key":"applicationmanagepartners-display-component---masterPtm--smartFilterBar-filterItemControl_BASIC-ALL_TAGS-valueHelpDialog-smartFilterBar-btnBasicSearch"}]}
RESULT: {"script":"<script> [1562 bytes]","args":[{"selector":{"id":"application-managepartners-display-component---masterPtm--smartFilterBar-filterItemControl_BASIC-ALL_TAGS-valueHelpDialog-smartFilterBar-btnBasicSearch","searchOpenDialogs":true,"interaction":{"idSuffix":"I"}},"wdio_ui5_key":"applicationmanagepartners-display-component---masterPtm--smartFilterBar-filterItemControl_BASIC-ALL_TAGS-valueHelpDialog-smartFilterBar-btnBasicSearch"}]}
RESULT: undefined
COMMAND: POST /session/1a7f7d058614b09b54cdbc5dd28664a9/execute/async - {"script":"<script> [776 bytes]","args":[{"enterText":"test-tag-1","selector":{"id":"application-managepartners-display-component---masterPtm--smartFilterBar-filterItemControl_BASIC-ALL_TAGS-valueHelpDialog-smartFilterBar-btnBasicSearch","searchOpenDialogs":true,"interaction":{"idSuffix":"I"}},"clearTextFirst":true,"interactionType":"ENTER_TEXT"}]}
RESULT: {"script":"<script> [776 bytes]","args":[{"enterText":"test-tag-1","selector":{"id":"application-managepartners-display-component---masterPtm--smartFilterBar-filterItemControl_BASIC-ALL_TAGS-valueHelpDialog-smartFilterBar-btnBasicSearch","searchOpenDialogs":true,"interaction":{"idSuffix":"I"}},"clearTextFirst":true,"interactionType":"ENTER_TEXT"}]}
COMMAND: POST /session/1a7f7d058614b09b54cdbc5dd28664a9/actions - {"actions":[{"id":"action20","type":"key","parameters":{},"actions":[{"type":"keyDown","value":"î€‡"},{"type":"pause","duration":10},{"type":"keyUp","value":"î€‡"}]}]}
RESULT: {"actions":[{"id":"action20","type":"key","parameters":{},"actions":[{"type":"keyDown","value":"î€‡"},{"type":"pause","duration":10},{"type":"keyUp","value":"î€‡"}]}]}
COMMAND: POST /session/1a7f7d058614b09b54cdbc5dd28664a9/elements - {"using":"xpath","value":"//table[contains(@id, \"smartFilterBar-filterItemControl_BASIC-ALL_TAGS-valueHelpDialog-table-table\")]/tbody/tr"}
COMMAND: GET /session/1a7f7d058614b09b54cdbc5dd28664a9/screenshot - {}
RESULT: {"using":"xpath","value":"//table[contains(@id, \"smartFilterBar-filterItemControl_BASIC-ALL_TAGS-valueHelpDialog-table-table\")]/tbody/tr"}
COMMAND: POST /session/1a7f7d058614b09b54cdbc5dd28664a9/element - {"using":"xpath","value":"//table[contains(@id, \"smartFilterBar-filterItemControl_BASIC-ALL_TAGS-valueHelpDialog-table-table\")]/tbody/tr[1]/td[1]/div/span"}
RESULT: {}
RESULT: {"using":"xpath","value":"//table[contains(@id, \"smartFilterBar-filterItemControl_BASIC-ALL_TAGS-valueHelpDialog-table-table\")]/tbody/tr[1]/td[1]/div/span"}
COMMAND: POST /session/1a7f7d058614b09b54cdbc5dd28664a9/elements - {"using":"xpath","value":"//table[contains(@id, \"smartFilterBar-filterItemControl_BASIC-ALL_TAGS-valueHelpDialog-table-table\")]/tbody/tr[1]/td[1]/div/span"}
RESULT: {"using":"xpath","value":"//table[contains(@id, \"smartFilterBar-filterItemControl_BASIC-ALL_TAGS-valueHelpDialog-table-table\")]/tbody/tr[1]/td[1]/div/span"}
COMMAND: POST /session/1a7f7d058614b09b54cdbc5dd28664a9/execute/sync - {"script":"<script> [56 bytes]","args":[{"element-6066-11e4-a52e-4f735466cecf":"f.2C654B565EAAE04F20F597F65BFF9971.d.DAB69813CE0338D31B6BE7C77077B23F.e.6450","ELEMENT":"f.2C654B565EAAE04F20F597F65BFF9971.d.DAB69813CE0338D31B6BE7C77077B23F.e.6450"}]}
RESULT: {"script":"<script> [56 bytes]","args":[{"element-6066-11e4-a52e-4f735466cecf":"f.2C654B565EAAE04F20F597F65BFF9971.d.DAB69813CE0338D31B6BE7C77077B23F.e.6450","ELEMENT":"f.2C654B565EAAE04F20F597F65BFF9971.d.DAB69813CE0338D31B6BE7C77077B23F.e.6450"}]}
COMMAND: POST /session/1a7f7d058614b09b54cdbc5dd28664a9/element - {"using":"xpath","value":"//div[contains(@id, \"filterItemControl_BASIC-ALL_TAGS-valueHelpDialog-table-rowsel0\")]"}
COMMAND: GET /session/1a7f7d058614b09b54cdbc5dd28664a9/screenshot - {}
RESULT: {"using":"xpath","value":"//div[contains(@id, \"filterItemControl_BASIC-ALL_TAGS-valueHelpDialog-table-rowsel0\")]"}
COMMAND: POST /session/1a7f7d058614b09b54cdbc5dd28664a9/element/f.2C654B565EAAE04F20F597F65BFF9971.d.DAB69813CE0338D31B6BE7C77077B23F.e.6451/click - {}
RESULT: {}
RESULT: {}
COMMAND: GET /session/1a7f7d058614b09b54cdbc5dd28664a9/screenshot - {}
RESULT: {}
COMMAND: POST /session/1a7f7d058614b09b54cdbc5dd28664a9/element - {"using":"xpath","value":"(//bdi[contains(text(), \"OK\")])[1]"}
RESULT: {"using":"xpath","value":"(//bdi[contains(text(), \"OK\")])[1]"}
COMMAND: POST /session/1a7f7d058614b09b54cdbc5dd28664a9/element/f.2C654B565EAAE04F20F597F65BFF9971.d.DAB69813CE0338D31B6BE7C77077B23F.e.6453/click - {}
RESULT: {}
COMMAND: GET /session/1a7f7d058614b09b54cdbc5dd28664a9/screenshot - {}
RESULT: {}
COMMAND: POST /session/1a7f7d058614b09b54cdbc5dd28664a9/element - {"using":"xpath","value":"//span[@id=\"application-managepartners-display-component---masterPtm--smartTable-header-inner\"]"}
RESULT: {"using":"xpath","value":"//span[@id=\"application-managepartners-display-component---masterPtm--smartTable-header-inner\"]"}
COMMAND: POST /session/1a7f7d058614b09b54cdbc5dd28664a9/elements - {"using":"xpath","value":"//span[@id=\"application-managepartners-display-component---masterPtm--smartTable-header-inner\"]"}
RESULT: {"using":"xpath","value":"//span[@id=\"application-managepartners-display-component---masterPtm--smartTable-header-inner\"]"}
COMMAND: POST /session/1a7f7d058614b09b54cdbc5dd28664a9/execute/sync - {"script":"<script> [56 bytes]","args":[{"element-6066-11e4-a52e-4f735466cecf":"f.2C654B565EAAE04F20F597F65BFF9971.d.DAB69813CE0338D31B6BE7C77077B23F.e.6016","ELEMENT":"f.2C654B565EAAE04F20F597F65BFF9971.d.DAB69813CE0338D31B6BE7C77077B23F.e.6016"}]}
RESULT: {"script":"<script> [56 bytes]","args":[{"element-6066-11e4-a52e-4f735466cecf":"f.2C654B565EAAE04F20F597F65BFF9971.d.DAB69813CE0338D31B6BE7C77077B23F.e.6016","ELEMENT":"f.2C654B565EAAE04F20F597F65BFF9971.d.DAB69813CE0338D31B6BE7C77077B23F.e.6016"}]}
COMMAND: POST /session/1a7f7d058614b09b54cdbc5dd28664a9/element - {"using":"xpath","value":"//span[contains(@title, \"Remove\")]"}
COMMAND: GET /session/1a7f7d058614b09b54cdbc5dd28664a9/screenshot - {}
RESULT: {"using":"xpath","value":"//span[contains(@title, \"Remove\")]"}
COMMAND: POST /session/1a7f7d058614b09b54cdbc5dd28664a9/element/f.2C654B565EAAE04F20F597F65BFF9971.d.DAB69813CE0338D31B6BE7C77077B23F.e.6475/click - {}
RESULT: {}
RESULT: {}
COMMAND: GET /session/1a7f7d058614b09b54cdbc5dd28664a9/screenshot - {}
RESULT: {}
COMMAND: POST /session/1a7f7d058614b09b54cdbc5dd28664a9/execute/async - {"script":"<script> [1562 bytes]","args":[{"selector":{"id":"application-managepartners-display-component---masterPtm--partnerTypes-arrow"},"wdio_ui5_key":"applicationmanagepartners-display-component---masterPtm--partnerTypes-arrow"}]}
RESULT: {"script":"<script> [1562 bytes]","args":[{"selector":{"id":"application-managepartners-display-component---masterPtm--partnerTypes-arrow"},"wdio_ui5_key":"applicationmanagepartners-display-component---masterPtm--partnerTypes-arrow"}]}
RESULT: undefined
COMMAND: POST /session/1a7f7d058614b09b54cdbc5dd28664a9/element - {"using":"xpath","value":"//*[@id=\"application-managepartners-display-component---masterPtm--partnerTypes-arrow\"]"}
RESULT: {"using":"xpath","value":"//*[@id=\"application-managepartners-display-component---masterPtm--partnerTypes-arrow\"]"}
COMMAND: POST /session/1a7f7d058614b09b54cdbc5dd28664a9/element/f.2C654B565EAAE04F20F597F65BFF9971.d.DAB69813CE0338D31B6BE7C77077B23F.e.6580/click - {}
RESULT: {}
COMMAND: GET /session/1a7f7d058614b09b54cdbc5dd28664a9/screenshot - {}
RESULT: {}
COMMAND: POST /session/1a7f7d058614b09b54cdbc5dd28664a9/element - {"using":"xpath","value":"//li[.//span[text()=\"External partner\"]]//div[contains(@class,\"sapMCbBg\")]"}
RESULT: {"using":"xpath","value":"//li[.//span[text()=\"External partner\"]]//div[contains(@class,\"sapMCbBg\")]"}
COMMAND: POST /session/1a7f7d058614b09b54cdbc5dd28664a9/element/f.2C654B565EAAE04F20F597F65BFF9971.d.DAB69813CE0338D31B6BE7C77077B23F.e.6583/click - {}
RESULT: {}
COMMAND: GET /session/1a7f7d058614b09b54cdbc5dd28664a9/screenshot - {}
RESULT: {}
COMMAND: POST /session/1a7f7d058614b09b54cdbc5dd28664a9/element - {"using":"xpath","value":"//span[@id=\"application-managepartners-display-component---masterPtm--smartTable-header-inner\"]"}
RESULT: {"using":"xpath","value":"//span[@id=\"application-managepartners-display-component---masterPtm--smartTable-header-inner\"]"}
COMMAND: POST /session/1a7f7d058614b09b54cdbc5dd28664a9/elements - {"using":"xpath","value":"//span[@id=\"application-managepartners-display-component---masterPtm--smartTable-header-inner\"]"}
RESULT: {"using":"xpath","value":"//span[@id=\"application-managepartners-display-component---masterPtm--smartTable-header-inner\"]"}
COMMAND: POST /session/1a7f7d058614b09b54cdbc5dd28664a9/execute/sync - {"script":"<script> [56 bytes]","args":[{"element-6066-11e4-a52e-4f735466cecf":"f.2C654B565EAAE04F20F597F65BFF9971.d.DAB69813CE0338D31B6BE7C77077B23F.e.6016","ELEMENT":"f.2C654B565EAAE04F20F597F65BFF9971.d.DAB69813CE0338D31B6BE7C77077B23F.e.6016"}]}
RESULT: {"script":"<script> [56 bytes]","args":[{"element-6066-11e4-a52e-4f735466cecf":"f.2C654B565EAAE04F20F597F65BFF9971.d.DAB69813CE0338D31B6BE7C77077B23F.e.6016","ELEMENT":"f.2C654B565EAAE04F20F597F65BFF9971.d.DAB69813CE0338D31B6BE7C77077B23F.e.6016"}]}
COMMAND: POST /session/1a7f7d058614b09b54cdbc5dd28664a9/element - {"using":"xpath","value":"//span[contains(@title, \"Remove\")]"}
COMMAND: GET /session/1a7f7d058614b09b54cdbc5dd28664a9/screenshot - {}
RESULT: {"using":"xpath","value":"//span[contains(@title, \"Remove\")]"}
COMMAND: POST /session/1a7f7d058614b09b54cdbc5dd28664a9/element/f.2C654B565EAAE04F20F597F65BFF9971.d.DAB69813CE0338D31B6BE7C77077B23F.e.6644/click - {}
RESULT: {}
RESULT: {}
COMMAND: GET /session/1a7f7d058614b09b54cdbc5dd28664a9/screenshot - {}
RESULT: {}
COMMAND: POST /session/1a7f7d058614b09b54cdbc5dd28664a9/execute/async - {"script":"<script> [1562 bytes]","args":[{"selector":{"id":"application-managepartners-display-component---masterPtm--smartFilterBar-btnFilters","interaction":{"idSuffix":"BDI-content"}},"wdio_ui5_key":"applicationmanagepartners-display-component---masterPtm--smartFilterBar-btnFilters"}]}
RESULT: {"script":"<script> [1562 bytes]","args":[{"selector":{"id":"application-managepartners-display-component---masterPtm--smartFilterBar-btnFilters","interaction":{"idSuffix":"BDI-content"}},"wdio_ui5_key":"applicationmanagepartners-display-component---masterPtm--smartFilterBar-btnFilters"}]}
RESULT: undefined
COMMAND: POST /session/1a7f7d058614b09b54cdbc5dd28664a9/element - {"using":"xpath","value":"//*[@id=\"application-managepartners-display-component---masterPtm--smartFilterBar-btnFilters\"]"}
RESULT: {"using":"xpath","value":"//*[@id=\"application-managepartners-display-component---masterPtm--smartFilterBar-btnFilters\"]"}
COMMAND: POST /session/1a7f7d058614b09b54cdbc5dd28664a9/element/f.2C654B565EAAE04F20F597F65BFF9971.d.DAB69813CE0338D31B6BE7C77077B23F.e.5856/click - {}
RESULT: {}
COMMAND: GET /session/1a7f7d058614b09b54cdbc5dd28664a9/screenshot - {}
RESULT: {}
COMMAND: POST /session/1a7f7d058614b09b54cdbc5dd28664a9/elements - {"using":"xpath","value":"//table[contains(@id, \"listView-innerSelectionPanelTable-listUl\")]/tbody/tr"}
RESULT: {"using":"xpath","value":"//table[contains(@id, \"listView-innerSelectionPanelTable-listUl\")]/tbody/tr"}
COMMAND: POST /session/1a7f7d058614b09b54cdbc5dd28664a9/element - {"using":"xpath","value":"//table[contains(@id, \"listView-innerSelectionPanelTable-listUl\")]/tbody/tr[2]/td[2]/div/div"}
RESULT: {"using":"xpath","value":"//table[contains(@id, \"listView-innerSelectionPanelTable-listUl\")]/tbody/tr[2]/td[2]/div/div"}
COMMAND: POST /session/1a7f7d058614b09b54cdbc5dd28664a9/element - {"using":"xpath","value":"//table[contains(@id, \"listView-innerSelectionPanelTable-listUl\")]/tbody/tr[2]/td[2]/div"}
RESULT: {"using":"xpath","value":"//table[contains(@id, \"listView-innerSelectionPanelTable-listUl\")]/tbody/tr[2]/td[2]/div"}
COMMAND: POST /session/1a7f7d058614b09b54cdbc5dd28664a9/element - {"using":"xpath","value":"//table[contains(@id, \"listView-innerSelectionPanelTable-listUl\")]/tbody/tr[2]/td[3]/div/div/span/span[1]/bdi"}
RESULT: {"using":"xpath","value":"//table[contains(@id, \"listView-innerSelectionPanelTable-listUl\")]/tbody/tr[2]/td[3]/div/div/span/span[1]/bdi"}
COMMAND: POST /session/1a7f7d058614b09b54cdbc5dd28664a9/execute/sync - {"script":"<script> [56 bytes]","args":[{"element-6066-11e4-a52e-4f735466cecf":"f.2C654B565EAAE04F20F597F65BFF9971.d.DAB69813CE0338D31B6BE7C77077B23F.e.6758","ELEMENT":"f.2C654B565EAAE04F20F597F65BFF9971.d.DAB69813CE0338D31B6BE7C77077B23F.e.6758"}]}
RESULT: {"script":"<script> [56 bytes]","args":[{"element-6066-11e4-a52e-4f735466cecf":"f.2C654B565EAAE04F20F597F65BFF9971.d.DAB69813CE0338D31B6BE7C77077B23F.e.6758","ELEMENT":"f.2C654B565EAAE04F20F597F65BFF9971.d.DAB69813CE0338D31B6BE7C77077B23F.e.6758"}]}
COMMAND: GET /session/1a7f7d058614b09b54cdbc5dd28664a9/element/f.2C654B565EAAE04F20F597F65BFF9971.d.DAB69813CE0338D31B6BE7C77077B23F.e.6757/attribute/aria-checked - {}
COMMAND: GET /session/1a7f7d058614b09b54cdbc5dd28664a9/screenshot - {}
RESULT: {}
COMMAND: POST /session/1a7f7d058614b09b54cdbc5dd28664a9/element - {"using":"xpath","value":"//table[contains(@id, \"listView-innerSelectionPanelTable-listUl\")]/tbody/tr[3]/td[2]/div/div"}
RESULT: {}
RESULT: {"using":"xpath","value":"//table[contains(@id, \"listView-innerSelectionPanelTable-listUl\")]/tbody/tr[3]/td[2]/div/div"}
COMMAND: POST /session/1a7f7d058614b09b54cdbc5dd28664a9/element - {"using":"xpath","value":"//table[contains(@id, \"listView-innerSelectionPanelTable-listUl\")]/tbody/tr[3]/td[2]/div"}
RESULT: {"using":"xpath","value":"//table[contains(@id, \"listView-innerSelectionPanelTable-listUl\")]/tbody/tr[3]/td[2]/div"}
COMMAND: POST /session/1a7f7d058614b09b54cdbc5dd28664a9/element - {"using":"xpath","value":"//table[contains(@id, \"listView-innerSelectionPanelTable-listUl\")]/tbody/tr[3]/td[3]/div/div/span/span[1]/bdi"}
RESULT: {"using":"xpath","value":"//table[contains(@id, \"listView-innerSelectionPanelTable-listUl\")]/tbody/tr[3]/td[3]/div/div/span/span[1]/bdi"}
COMMAND: POST /session/1a7f7d058614b09b54cdbc5dd28664a9/execute/sync - {"script":"<script> [56 bytes]","args":[{"element-6066-11e4-a52e-4f735466cecf":"f.2C654B565EAAE04F20F597F65BFF9971.d.DAB69813CE0338D31B6BE7C77077B23F.e.6761","ELEMENT":"f.2C654B565EAAE04F20F597F65BFF9971.d.DAB69813CE0338D31B6BE7C77077B23F.e.6761"}]}
RESULT: {"script":"<script> [56 bytes]","args":[{"element-6066-11e4-a52e-4f735466cecf":"f.2C654B565EAAE04F20F597F65BFF9971.d.DAB69813CE0338D31B6BE7C77077B23F.e.6761","ELEMENT":"f.2C654B565EAAE04F20F597F65BFF9971.d.DAB69813CE0338D31B6BE7C77077B23F.e.6761"}]}
COMMAND: GET /session/1a7f7d058614b09b54cdbc5dd28664a9/element/f.2C654B565EAAE04F20F597F65BFF9971.d.DAB69813CE0338D31B6BE7C77077B23F.e.6760/attribute/aria-checked - {}
COMMAND: GET /session/1a7f7d058614b09b54cdbc5dd28664a9/screenshot - {}
RESULT: {}
COMMAND: POST /session/1a7f7d058614b09b54cdbc5dd28664a9/element - {"using":"xpath","value":"//table[contains(@id, \"listView-innerSelectionPanelTable-listUl\")]/tbody/tr[4]/td[2]/div/div"}
RESULT: {}
RESULT: {"using":"xpath","value":"//table[contains(@id, \"listView-innerSelectionPanelTable-listUl\")]/tbody/tr[4]/td[2]/div/div"}
COMMAND: POST /session/1a7f7d058614b09b54cdbc5dd28664a9/element - {"using":"xpath","value":"//table[contains(@id, \"listView-innerSelectionPanelTable-listUl\")]/tbody/tr[4]/td[2]/div"}
RESULT: {"using":"xpath","value":"//table[contains(@id, \"listView-innerSelectionPanelTable-listUl\")]/tbody/tr[4]/td[2]/div"}
COMMAND: POST /session/1a7f7d058614b09b54cdbc5dd28664a9/element - {"using":"xpath","value":"//table[contains(@id, \"listView-innerSelectionPanelTable-listUl\")]/tbody/tr[4]/td[3]/div/div/span/span[1]/bdi"}
RESULT: {"using":"xpath","value":"//table[contains(@id, \"listView-innerSelectionPanelTable-listUl\")]/tbody/tr[4]/td[3]/div/div/span/span[1]/bdi"}
COMMAND: POST /session/1a7f7d058614b09b54cdbc5dd28664a9/execute/sync - {"script":"<script> [56 bytes]","args":[{"element-6066-11e4-a52e-4f735466cecf":"f.2C654B565EAAE04F20F597F65BFF9971.d.DAB69813CE0338D31B6BE7C77077B23F.e.6764","ELEMENT":"f.2C654B565EAAE04F20F597F65BFF9971.d.DAB69813CE0338D31B6BE7C77077B23F.e.6764"}]}
RESULT: {"script":"<script> [56 bytes]","args":[{"element-6066-11e4-a52e-4f735466cecf":"f.2C654B565EAAE04F20F597F65BFF9971.d.DAB69813CE0338D31B6BE7C77077B23F.e.6764","ELEMENT":"f.2C654B565EAAE04F20F597F65BFF9971.d.DAB69813CE0338D31B6BE7C77077B23F.e.6764"}]}
COMMAND: GET /session/1a7f7d058614b09b54cdbc5dd28664a9/element/f.2C654B565EAAE04F20F597F65BFF9971.d.DAB69813CE0338D31B6BE7C77077B23F.e.6763/attribute/aria-checked - {}
COMMAND: GET /session/1a7f7d058614b09b54cdbc5dd28664a9/screenshot - {}
RESULT: {}
COMMAND: POST /session/1a7f7d058614b09b54cdbc5dd28664a9/element - {"using":"xpath","value":"//table[contains(@id, \"listView-innerSelectionPanelTable-listUl\")]/tbody/tr[5]/td[2]/div/div"}
RESULT: {}
RESULT: {"using":"xpath","value":"//table[contains(@id, \"listView-innerSelectionPanelTable-listUl\")]/tbody/tr[5]/td[2]/div/div"}
COMMAND: POST /session/1a7f7d058614b09b54cdbc5dd28664a9/element - {"using":"xpath","value":"//table[contains(@id, \"listView-innerSelectionPanelTable-listUl\")]/tbody/tr[5]/td[2]/div"}
RESULT: {"using":"xpath","value":"//table[contains(@id, \"listView-innerSelectionPanelTable-listUl\")]/tbody/tr[5]/td[2]/div"}
COMMAND: POST /session/1a7f7d058614b09b54cdbc5dd28664a9/element - {"using":"xpath","value":"//table[contains(@id, \"listView-innerSelectionPanelTable-listUl\")]/tbody/tr[5]/td[3]/div/div/span/span[1]/bdi"}
RESULT: {"using":"xpath","value":"//table[contains(@id, \"listView-innerSelectionPanelTable-listUl\")]/tbody/tr[5]/td[3]/div/div/span/span[1]/bdi"}
COMMAND: POST /session/1a7f7d058614b09b54cdbc5dd28664a9/execute/sync - {"script":"<script> [56 bytes]","args":[{"element-6066-11e4-a52e-4f735466cecf":"f.2C654B565EAAE04F20F597F65BFF9971.d.DAB69813CE0338D31B6BE7C77077B23F.e.6767","ELEMENT":"f.2C654B565EAAE04F20F597F65BFF9971.d.DAB69813CE0338D31B6BE7C77077B23F.e.6767"}]}
RESULT: {"script":"<script> [56 bytes]","args":[{"element-6066-11e4-a52e-4f735466cecf":"f.2C654B565EAAE04F20F597F65BFF9971.d.DAB69813CE0338D31B6BE7C77077B23F.e.6767","ELEMENT":"f.2C654B565EAAE04F20F597F65BFF9971.d.DAB69813CE0338D31B6BE7C77077B23F.e.6767"}]}
COMMAND: GET /session/1a7f7d058614b09b54cdbc5dd28664a9/element/f.2C654B565EAAE04F20F597F65BFF9971.d.DAB69813CE0338D31B6BE7C77077B23F.e.6766/attribute/aria-checked - {}
COMMAND: GET /session/1a7f7d058614b09b54cdbc5dd28664a9/screenshot - {}
RESULT: {}
COMMAND: POST /session/1a7f7d058614b09b54cdbc5dd28664a9/element - {"using":"xpath","value":"//table[contains(@id, \"listView-innerSelectionPanelTable-listUl\")]/tbody/tr[6]/td[2]/div/div"}
RESULT: {}
RESULT: {"using":"xpath","value":"//table[contains(@id, \"listView-innerSelectionPanelTable-listUl\")]/tbody/tr[6]/td[2]/div/div"}
COMMAND: POST /session/1a7f7d058614b09b54cdbc5dd28664a9/element - {"using":"xpath","value":"//table[contains(@id, \"listView-innerSelectionPanelTable-listUl\")]/tbody/tr[6]/td[2]/div"}
RESULT: {"using":"xpath","value":"//table[contains(@id, \"listView-innerSelectionPanelTable-listUl\")]/tbody/tr[6]/td[2]/div"}
COMMAND: POST /session/1a7f7d058614b09b54cdbc5dd28664a9/element - {"using":"xpath","value":"//table[contains(@id, \"listView-innerSelectionPanelTable-listUl\")]/tbody/tr[6]/td[3]/div/div/span/span[1]/bdi"}
RESULT: {"using":"xpath","value":"//table[contains(@id, \"listView-innerSelectionPanelTable-listUl\")]/tbody/tr[6]/td[3]/div/div/span/span[1]/bdi"}
COMMAND: POST /session/1a7f7d058614b09b54cdbc5dd28664a9/execute/sync - {"script":"<script> [56 bytes]","args":[{"element-6066-11e4-a52e-4f735466cecf":"f.2C654B565EAAE04F20F597F65BFF9971.d.DAB69813CE0338D31B6BE7C77077B23F.e.6770","ELEMENT":"f.2C654B565EAAE04F20F597F65BFF9971.d.DAB69813CE0338D31B6BE7C77077B23F.e.6770"}]}
RESULT: {"script":"<script> [56 bytes]","args":[{"element-6066-11e4-a52e-4f735466cecf":"f.2C654B565EAAE04F20F597F65BFF9971.d.DAB69813CE0338D31B6BE7C77077B23F.e.6770","ELEMENT":"f.2C654B565EAAE04F20F597F65BFF9971.d.DAB69813CE0338D31B6BE7C77077B23F.e.6770"}]}
COMMAND: GET /session/1a7f7d058614b09b54cdbc5dd28664a9/element/f.2C654B565EAAE04F20F597F65BFF9971.d.DAB69813CE0338D31B6BE7C77077B23F.e.6769/attribute/aria-checked - {}
COMMAND: GET /session/1a7f7d058614b09b54cdbc5dd28664a9/screenshot - {}
RESULT: {}
COMMAND: POST /session/1a7f7d058614b09b54cdbc5dd28664a9/element - {"using":"xpath","value":"//table[contains(@id, \"listView-innerSelectionPanelTable-listUl\")]/tbody/tr[7]/td[2]/div/div"}
RESULT: {}
RESULT: {"using":"xpath","value":"//table[contains(@id, \"listView-innerSelectionPanelTable-listUl\")]/tbody/tr[7]/td[2]/div/div"}
COMMAND: POST /session/1a7f7d058614b09b54cdbc5dd28664a9/element - {"using":"xpath","value":"//table[contains(@id, \"listView-innerSelectionPanelTable-listUl\")]/tbody/tr[7]/td[2]/div"}
RESULT: {"using":"xpath","value":"//table[contains(@id, \"listView-innerSelectionPanelTable-listUl\")]/tbody/tr[7]/td[2]/div"}
COMMAND: POST /session/1a7f7d058614b09b54cdbc5dd28664a9/element - {"using":"xpath","value":"//table[contains(@id, \"listView-innerSelectionPanelTable-listUl\")]/tbody/tr[7]/td[3]/div/div/span/span[1]/bdi"}
RESULT: {"using":"xpath","value":"//table[contains(@id, \"listView-innerSelectionPanelTable-listUl\")]/tbody/tr[7]/td[3]/div/div/span/span[1]/bdi"}
COMMAND: POST /session/1a7f7d058614b09b54cdbc5dd28664a9/execute/sync - {"script":"<script> [56 bytes]","args":[{"element-6066-11e4-a52e-4f735466cecf":"f.2C654B565EAAE04F20F597F65BFF9971.d.DAB69813CE0338D31B6BE7C77077B23F.e.6773","ELEMENT":"f.2C654B565EAAE04F20F597F65BFF9971.d.DAB69813CE0338D31B6BE7C77077B23F.e.6773"}]}
RESULT: {"script":"<script> [56 bytes]","args":[{"element-6066-11e4-a52e-4f735466cecf":"f.2C654B565EAAE04F20F597F65BFF9971.d.DAB69813CE0338D31B6BE7C77077B23F.e.6773","ELEMENT":"f.2C654B565EAAE04F20F597F65BFF9971.d.DAB69813CE0338D31B6BE7C77077B23F.e.6773"}]}
COMMAND: GET /session/1a7f7d058614b09b54cdbc5dd28664a9/element/f.2C654B565EAAE04F20F597F65BFF9971.d.DAB69813CE0338D31B6BE7C77077B23F.e.6772/attribute/aria-checked - {}
COMMAND: GET /session/1a7f7d058614b09b54cdbc5dd28664a9/screenshot - {}
RESULT: {}
COMMAND: POST /session/1a7f7d058614b09b54cdbc5dd28664a9/element - {"using":"xpath","value":"//table[contains(@id, \"listView-innerSelectionPanelTable-listUl\")]/tbody/tr[8]/td[2]/div/div"}
RESULT: {}
RESULT: {"using":"xpath","value":"//table[contains(@id, \"listView-innerSelectionPanelTable-listUl\")]/tbody/tr[8]/td[2]/div/div"}
COMMAND: POST /session/1a7f7d058614b09b54cdbc5dd28664a9/element - {"using":"xpath","value":"//table[contains(@id, \"listView-innerSelectionPanelTable-listUl\")]/tbody/tr[8]/td[2]/div"}
RESULT: {"using":"xpath","value":"//table[contains(@id, \"listView-innerSelectionPanelTable-listUl\")]/tbody/tr[8]/td[2]/div"}
COMMAND: POST /session/1a7f7d058614b09b54cdbc5dd28664a9/element - {"using":"xpath","value":"//table[contains(@id, \"listView-innerSelectionPanelTable-listUl\")]/tbody/tr[8]/td[3]/div/div/span/span[1]/bdi"}
RESULT: {"using":"xpath","value":"//table[contains(@id, \"listView-innerSelectionPanelTable-listUl\")]/tbody/tr[8]/td[3]/div/div/span/span[1]/bdi"}
COMMAND: POST /session/1a7f7d058614b09b54cdbc5dd28664a9/execute/sync - {"script":"<script> [56 bytes]","args":[{"element-6066-11e4-a52e-4f735466cecf":"f.2C654B565EAAE04F20F597F65BFF9971.d.DAB69813CE0338D31B6BE7C77077B23F.e.6776","ELEMENT":"f.2C654B565EAAE04F20F597F65BFF9971.d.DAB69813CE0338D31B6BE7C77077B23F.e.6776"}]}
RESULT: {"script":"<script> [56 bytes]","args":[{"element-6066-11e4-a52e-4f735466cecf":"f.2C654B565EAAE04F20F597F65BFF9971.d.DAB69813CE0338D31B6BE7C77077B23F.e.6776","ELEMENT":"f.2C654B565EAAE04F20F597F65BFF9971.d.DAB69813CE0338D31B6BE7C77077B23F.e.6776"}]}
COMMAND: GET /session/1a7f7d058614b09b54cdbc5dd28664a9/element/f.2C654B565EAAE04F20F597F65BFF9971.d.DAB69813CE0338D31B6BE7C77077B23F.e.6775/attribute/aria-checked - {}
COMMAND: GET /session/1a7f7d058614b09b54cdbc5dd28664a9/screenshot - {}
RESULT: {}
COMMAND: POST /session/1a7f7d058614b09b54cdbc5dd28664a9/element - {"using":"xpath","value":"//table[contains(@id, \"listView-innerSelectionPanelTable-listUl\")]/tbody/tr[9]/td[2]/div/div"}
RESULT: {}
RESULT: {"using":"xpath","value":"//table[contains(@id, \"listView-innerSelectionPanelTable-listUl\")]/tbody/tr[9]/td[2]/div/div"}
COMMAND: POST /session/1a7f7d058614b09b54cdbc5dd28664a9/element - {"using":"xpath","value":"//table[contains(@id, \"listView-innerSelectionPanelTable-listUl\")]/tbody/tr[9]/td[2]/div"}
RESULT: {"using":"xpath","value":"//table[contains(@id, \"listView-innerSelectionPanelTable-listUl\")]/tbody/tr[9]/td[2]/div"}
COMMAND: POST /session/1a7f7d058614b09b54cdbc5dd28664a9/element - {"using":"xpath","value":"//table[contains(@id, \"listView-innerSelectionPanelTable-listUl\")]/tbody/tr[9]/td[3]/div/div/span/span[1]/bdi"}
RESULT: {"using":"xpath","value":"//table[contains(@id, \"listView-innerSelectionPanelTable-listUl\")]/tbody/tr[9]/td[3]/div/div/span/span[1]/bdi"}
COMMAND: POST /session/1a7f7d058614b09b54cdbc5dd28664a9/execute/sync - {"script":"<script> [56 bytes]","args":[{"element-6066-11e4-a52e-4f735466cecf":"f.2C654B565EAAE04F20F597F65BFF9971.d.DAB69813CE0338D31B6BE7C77077B23F.e.6779","ELEMENT":"f.2C654B565EAAE04F20F597F65BFF9971.d.DAB69813CE0338D31B6BE7C77077B23F.e.6779"}]}
RESULT: {"script":"<script> [56 bytes]","args":[{"element-6066-11e4-a52e-4f735466cecf":"f.2C654B565EAAE04F20F597F65BFF9971.d.DAB69813CE0338D31B6BE7C77077B23F.e.6779","ELEMENT":"f.2C654B565EAAE04F20F597F65BFF9971.d.DAB69813CE0338D31B6BE7C77077B23F.e.6779"}]}
COMMAND: GET /session/1a7f7d058614b09b54cdbc5dd28664a9/element/f.2C654B565EAAE04F20F597F65BFF9971.d.DAB69813CE0338D31B6BE7C77077B23F.e.6778/attribute/aria-checked - {}
COMMAND: GET /session/1a7f7d058614b09b54cdbc5dd28664a9/screenshot - {}
RESULT: {}
COMMAND: POST /session/1a7f7d058614b09b54cdbc5dd28664a9/element - {"using":"xpath","value":"//table[contains(@id, \"listView-innerSelectionPanelTable-listUl\")]/tbody/tr[10]/td[2]/div/div"}
RESULT: {}
RESULT: {"using":"xpath","value":"//table[contains(@id, \"listView-innerSelectionPanelTable-listUl\")]/tbody/tr[10]/td[2]/div/div"}
COMMAND: POST /session/1a7f7d058614b09b54cdbc5dd28664a9/element - {"using":"xpath","value":"//table[contains(@id, \"listView-innerSelectionPanelTable-listUl\")]/tbody/tr[10]/td[2]/div"}
RESULT: {"using":"xpath","value":"//table[contains(@id, \"listView-innerSelectionPanelTable-listUl\")]/tbody/tr[10]/td[2]/div"}
COMMAND: POST /session/1a7f7d058614b09b54cdbc5dd28664a9/element - {"using":"xpath","value":"//table[contains(@id, \"listView-innerSelectionPanelTable-listUl\")]/tbody/tr[10]/td[3]/div/div/span/span[1]/bdi"}
RESULT: {"using":"xpath","value":"//table[contains(@id, \"listView-innerSelectionPanelTable-listUl\")]/tbody/tr[10]/td[3]/div/div/span/span[1]/bdi"}
COMMAND: POST /session/1a7f7d058614b09b54cdbc5dd28664a9/execute/sync - {"script":"<script> [56 bytes]","args":[{"element-6066-11e4-a52e-4f735466cecf":"f.2C654B565EAAE04F20F597F65BFF9971.d.DAB69813CE0338D31B6BE7C77077B23F.e.6782","ELEMENT":"f.2C654B565EAAE04F20F597F65BFF9971.d.DAB69813CE0338D31B6BE7C77077B23F.e.6782"}]}
RESULT: {"script":"<script> [56 bytes]","args":[{"element-6066-11e4-a52e-4f735466cecf":"f.2C654B565EAAE04F20F597F65BFF9971.d.DAB69813CE0338D31B6BE7C77077B23F.e.6782","ELEMENT":"f.2C654B565EAAE04F20F597F65BFF9971.d.DAB69813CE0338D31B6BE7C77077B23F.e.6782"}]}
COMMAND: GET /session/1a7f7d058614b09b54cdbc5dd28664a9/element/f.2C654B565EAAE04F20F597F65BFF9971.d.DAB69813CE0338D31B6BE7C77077B23F.e.6781/attribute/aria-checked - {}
COMMAND: GET /session/1a7f7d058614b09b54cdbc5dd28664a9/screenshot - {}
RESULT: {}
COMMAND: POST /session/1a7f7d058614b09b54cdbc5dd28664a9/element - {"using":"xpath","value":"//table[contains(@id, \"listView-innerSelectionPanelTable-listUl\")]/tbody/tr[11]/td[2]/div/div"}
RESULT: {}
RESULT: {"using":"xpath","value":"//table[contains(@id, \"listView-innerSelectionPanelTable-listUl\")]/tbody/tr[11]/td[2]/div/div"}
COMMAND: POST /session/1a7f7d058614b09b54cdbc5dd28664a9/element - {"using":"xpath","value":"//table[contains(@id, \"listView-innerSelectionPanelTable-listUl\")]/tbody/tr[11]/td[2]/div"}
RESULT: {"using":"xpath","value":"//table[contains(@id, \"listView-innerSelectionPanelTable-listUl\")]/tbody/tr[11]/td[2]/div"}
COMMAND: POST /session/1a7f7d058614b09b54cdbc5dd28664a9/element - {"using":"xpath","value":"//table[contains(@id, \"listView-innerSelectionPanelTable-listUl\")]/tbody/tr[11]/td[3]/div/div/span/span[1]/bdi"}
RESULT: {"using":"xpath","value":"//table[contains(@id, \"listView-innerSelectionPanelTable-listUl\")]/tbody/tr[11]/td[3]/div/div/span/span[1]/bdi"}
COMMAND: POST /session/1a7f7d058614b09b54cdbc5dd28664a9/execute/sync - {"script":"<script> [56 bytes]","args":[{"element-6066-11e4-a52e-4f735466cecf":"f.2C654B565EAAE04F20F597F65BFF9971.d.DAB69813CE0338D31B6BE7C77077B23F.e.6785","ELEMENT":"f.2C654B565EAAE04F20F597F65BFF9971.d.DAB69813CE0338D31B6BE7C77077B23F.e.6785"}]}
RESULT: {"script":"<script> [56 bytes]","args":[{"element-6066-11e4-a52e-4f735466cecf":"f.2C654B565EAAE04F20F597F65BFF9971.d.DAB69813CE0338D31B6BE7C77077B23F.e.6785","ELEMENT":"f.2C654B565EAAE04F20F597F65BFF9971.d.DAB69813CE0338D31B6BE7C77077B23F.e.6785"}]}
COMMAND: GET /session/1a7f7d058614b09b54cdbc5dd28664a9/element/f.2C654B565EAAE04F20F597F65BFF9971.d.DAB69813CE0338D31B6BE7C77077B23F.e.6784/attribute/aria-checked - {}
COMMAND: GET /session/1a7f7d058614b09b54cdbc5dd28664a9/screenshot - {}
RESULT: {}
COMMAND: POST /session/1a7f7d058614b09b54cdbc5dd28664a9/element - {"using":"xpath","value":"//table[contains(@id, \"listView-innerSelectionPanelTable-listUl\")]/tbody/tr[12]/td[2]/div/div"}
RESULT: {}
RESULT: {"using":"xpath","value":"//table[contains(@id, \"listView-innerSelectionPanelTable-listUl\")]/tbody/tr[12]/td[2]/div/div"}
COMMAND: POST /session/1a7f7d058614b09b54cdbc5dd28664a9/element - {"using":"xpath","value":"//table[contains(@id, \"listView-innerSelectionPanelTable-listUl\")]/tbody/tr[12]/td[2]/div"}
RESULT: {"using":"xpath","value":"//table[contains(@id, \"listView-innerSelectionPanelTable-listUl\")]/tbody/tr[12]/td[2]/div"}
COMMAND: POST /session/1a7f7d058614b09b54cdbc5dd28664a9/element - {"using":"xpath","value":"//table[contains(@id, \"listView-innerSelectionPanelTable-listUl\")]/tbody/tr[12]/td[3]/div/div/span/span[1]/bdi"}
RESULT: {"using":"xpath","value":"//table[contains(@id, \"listView-innerSelectionPanelTable-listUl\")]/tbody/tr[12]/td[3]/div/div/span/span[1]/bdi"}
COMMAND: POST /session/1a7f7d058614b09b54cdbc5dd28664a9/execute/sync - {"script":"<script> [56 bytes]","args":[{"element-6066-11e4-a52e-4f735466cecf":"f.2C654B565EAAE04F20F597F65BFF9971.d.DAB69813CE0338D31B6BE7C77077B23F.e.6788","ELEMENT":"f.2C654B565EAAE04F20F597F65BFF9971.d.DAB69813CE0338D31B6BE7C77077B23F.e.6788"}]}
RESULT: {"script":"<script> [56 bytes]","args":[{"element-6066-11e4-a52e-4f735466cecf":"f.2C654B565EAAE04F20F597F65BFF9971.d.DAB69813CE0338D31B6BE7C77077B23F.e.6788","ELEMENT":"f.2C654B565EAAE04F20F597F65BFF9971.d.DAB69813CE0338D31B6BE7C77077B23F.e.6788"}]}
COMMAND: GET /session/1a7f7d058614b09b54cdbc5dd28664a9/element/f.2C654B565EAAE04F20F597F65BFF9971.d.DAB69813CE0338D31B6BE7C77077B23F.e.6787/attribute/aria-checked - {}
COMMAND: GET /session/1a7f7d058614b09b54cdbc5dd28664a9/screenshot - {}
RESULT: {}
COMMAND: POST /session/1a7f7d058614b09b54cdbc5dd28664a9/element - {"using":"xpath","value":"//table[contains(@id, \"listView-innerSelectionPanelTable-listUl\")]/tbody/tr[13]/td[2]/div/div"}
RESULT: {}
RESULT: {"using":"xpath","value":"//table[contains(@id, \"listView-innerSelectionPanelTable-listUl\")]/tbody/tr[13]/td[2]/div/div"}
COMMAND: POST /session/1a7f7d058614b09b54cdbc5dd28664a9/element - {"using":"xpath","value":"//table[contains(@id, \"listView-innerSelectionPanelTable-listUl\")]/tbody/tr[13]/td[2]/div"}
RESULT: {"using":"xpath","value":"//table[contains(@id, \"listView-innerSelectionPanelTable-listUl\")]/tbody/tr[13]/td[2]/div"}
COMMAND: POST /session/1a7f7d058614b09b54cdbc5dd28664a9/element - {"using":"xpath","value":"//table[contains(@id, \"listView-innerSelectionPanelTable-listUl\")]/tbody/tr[13]/td[3]/div/div/span/span[1]/bdi"}
RESULT: {"using":"xpath","value":"//table[contains(@id, \"listView-innerSelectionPanelTable-listUl\")]/tbody/tr[13]/td[3]/div/div/span/span[1]/bdi"}
COMMAND: POST /session/1a7f7d058614b09b54cdbc5dd28664a9/execute/sync - {"script":"<script> [56 bytes]","args":[{"element-6066-11e4-a52e-4f735466cecf":"f.2C654B565EAAE04F20F597F65BFF9971.d.DAB69813CE0338D31B6BE7C77077B23F.e.6791","ELEMENT":"f.2C654B565EAAE04F20F597F65BFF9971.d.DAB69813CE0338D31B6BE7C77077B23F.e.6791"}]}
RESULT: {"script":"<script> [56 bytes]","args":[{"element-6066-11e4-a52e-4f735466cecf":"f.2C654B565EAAE04F20F597F65BFF9971.d.DAB69813CE0338D31B6BE7C77077B23F.e.6791","ELEMENT":"f.2C654B565EAAE04F20F597F65BFF9971.d.DAB69813CE0338D31B6BE7C77077B23F.e.6791"}]}
COMMAND: GET /session/1a7f7d058614b09b54cdbc5dd28664a9/element/f.2C654B565EAAE04F20F597F65BFF9971.d.DAB69813CE0338D31B6BE7C77077B23F.e.6790/attribute/aria-checked - {}
COMMAND: GET /session/1a7f7d058614b09b54cdbc5dd28664a9/screenshot - {}
RESULT: {}
COMMAND: POST /session/1a7f7d058614b09b54cdbc5dd28664a9/element - {"using":"xpath","value":"//table[contains(@id, \"listView-innerSelectionPanelTable-listUl\")]/tbody/tr[14]/td[2]/div/div"}
COMMAND: POST /session/1a7f7d058614b09b54cdbc5dd28664a9/element/f.2C654B565EAAE04F20F597F65BFF9971.d.DAB69813CE0338D31B6BE7C77077B23F.e.6789/click - {}
RESULT: {}
RESULT: {"using":"xpath","value":"//table[contains(@id, \"listView-innerSelectionPanelTable-listUl\")]/tbody/tr[14]/td[2]/div/div"}
COMMAND: POST /session/1a7f7d058614b09b54cdbc5dd28664a9/element - {"using":"xpath","value":"//table[contains(@id, \"listView-innerSelectionPanelTable-listUl\")]/tbody/tr[14]/td[2]/div"}
RESULT: {}
COMMAND: GET /session/1a7f7d058614b09b54cdbc5dd28664a9/screenshot - {}
RESULT: {"using":"xpath","value":"//table[contains(@id, \"listView-innerSelectionPanelTable-listUl\")]/tbody/tr[14]/td[2]/div"}
COMMAND: POST /session/1a7f7d058614b09b54cdbc5dd28664a9/element - {"using":"xpath","value":"//table[contains(@id, \"listView-innerSelectionPanelTable-listUl\")]/tbody/tr[14]/td[3]/div/div/span/span[1]/bdi"}
RESULT: {}
RESULT: {"using":"xpath","value":"//table[contains(@id, \"listView-innerSelectionPanelTable-listUl\")]/tbody/tr[14]/td[3]/div/div/span/span[1]/bdi"}
COMMAND: POST /session/1a7f7d058614b09b54cdbc5dd28664a9/execute/sync - {"script":"<script> [56 bytes]","args":[{"element-6066-11e4-a52e-4f735466cecf":"f.2C654B565EAAE04F20F597F65BFF9971.d.DAB69813CE0338D31B6BE7C77077B23F.e.6795","ELEMENT":"f.2C654B565EAAE04F20F597F65BFF9971.d.DAB69813CE0338D31B6BE7C77077B23F.e.6795"}]}
RESULT: {"script":"<script> [56 bytes]","args":[{"element-6066-11e4-a52e-4f735466cecf":"f.2C654B565EAAE04F20F597F65BFF9971.d.DAB69813CE0338D31B6BE7C77077B23F.e.6795","ELEMENT":"f.2C654B565EAAE04F20F597F65BFF9971.d.DAB69813CE0338D31B6BE7C77077B23F.e.6795"}]}
COMMAND: GET /session/1a7f7d058614b09b54cdbc5dd28664a9/element/f.2C654B565EAAE04F20F597F65BFF9971.d.DAB69813CE0338D31B6BE7C77077B23F.e.6794/attribute/aria-checked - {}
COMMAND: GET /session/1a7f7d058614b09b54cdbc5dd28664a9/screenshot - {}
RESULT: {}
COMMAND: POST /session/1a7f7d058614b09b54cdbc5dd28664a9/element - {"using":"xpath","value":"//table[contains(@id, \"listView-innerSelectionPanelTable-listUl\")]/tbody/tr[15]/td[2]/div/div"}
RESULT: {}
RESULT: {"using":"xpath","value":"//table[contains(@id, \"listView-innerSelectionPanelTable-listUl\")]/tbody/tr[15]/td[2]/div/div"}
COMMAND: POST /session/1a7f7d058614b09b54cdbc5dd28664a9/element - {"using":"xpath","value":"//table[contains(@id, \"listView-innerSelectionPanelTable-listUl\")]/tbody/tr[15]/td[2]/div"}
RESULT: {"using":"xpath","value":"//table[contains(@id, \"listView-innerSelectionPanelTable-listUl\")]/tbody/tr[15]/td[2]/div"}
COMMAND: POST /session/1a7f7d058614b09b54cdbc5dd28664a9/element - {"using":"xpath","value":"//table[contains(@id, \"listView-innerSelectionPanelTable-listUl\")]/tbody/tr[15]/td[3]/div/div/span/span[1]/bdi"}
RESULT: {"using":"xpath","value":"//table[contains(@id, \"listView-innerSelectionPanelTable-listUl\")]/tbody/tr[15]/td[3]/div/div/span/span[1]/bdi"}
COMMAND: POST /session/1a7f7d058614b09b54cdbc5dd28664a9/execute/sync - {"script":"<script> [56 bytes]","args":[{"element-6066-11e4-a52e-4f735466cecf":"f.2C654B565EAAE04F20F597F65BFF9971.d.DAB69813CE0338D31B6BE7C77077B23F.e.6798","ELEMENT":"f.2C654B565EAAE04F20F597F65BFF9971.d.DAB69813CE0338D31B6BE7C77077B23F.e.6798"}]}
RESULT: {"script":"<script> [56 bytes]","args":[{"element-6066-11e4-a52e-4f735466cecf":"f.2C654B565EAAE04F20F597F65BFF9971.d.DAB69813CE0338D31B6BE7C77077B23F.e.6798","ELEMENT":"f.2C654B565EAAE04F20F597F65BFF9971.d.DAB69813CE0338D31B6BE7C77077B23F.e.6798"}]}
COMMAND: GET /session/1a7f7d058614b09b54cdbc5dd28664a9/element/f.2C654B565EAAE04F20F597F65BFF9971.d.DAB69813CE0338D31B6BE7C77077B23F.e.6797/attribute/aria-checked - {}
COMMAND: GET /session/1a7f7d058614b09b54cdbc5dd28664a9/screenshot - {}
RESULT: {}
COMMAND: POST /session/1a7f7d058614b09b54cdbc5dd28664a9/element - {"using":"xpath","value":"//table[contains(@id, \"listView-innerSelectionPanelTable-listUl\")]/tbody/tr[16]/td[2]/div/div"}
RESULT: {}
RESULT: {"using":"xpath","value":"//table[contains(@id, \"listView-innerSelectionPanelTable-listUl\")]/tbody/tr[16]/td[2]/div/div"}
COMMAND: POST /session/1a7f7d058614b09b54cdbc5dd28664a9/element - {"using":"xpath","value":"//table[contains(@id, \"listView-innerSelectionPanelTable-listUl\")]/tbody/tr[16]/td[2]/div"}
RESULT: {"using":"xpath","value":"//table[contains(@id, \"listView-innerSelectionPanelTable-listUl\")]/tbody/tr[16]/td[2]/div"}
COMMAND: POST /session/1a7f7d058614b09b54cdbc5dd28664a9/element - {"using":"xpath","value":"//table[contains(@id, \"listView-innerSelectionPanelTable-listUl\")]/tbody/tr[16]/td[3]/div/div/span/span[1]/bdi"}
RESULT: {"using":"xpath","value":"//table[contains(@id, \"listView-innerSelectionPanelTable-listUl\")]/tbody/tr[16]/td[3]/div/div/span/span[1]/bdi"}
COMMAND: POST /session/1a7f7d058614b09b54cdbc5dd28664a9/execute/sync - {"script":"<script> [56 bytes]","args":[{"element-6066-11e4-a52e-4f735466cecf":"f.2C654B565EAAE04F20F597F65BFF9971.d.DAB69813CE0338D31B6BE7C77077B23F.e.6801","ELEMENT":"f.2C654B565EAAE04F20F597F65BFF9971.d.DAB69813CE0338D31B6BE7C77077B23F.e.6801"}]}
RESULT: {"script":"<script> [56 bytes]","args":[{"element-6066-11e4-a52e-4f735466cecf":"f.2C654B565EAAE04F20F597F65BFF9971.d.DAB69813CE0338D31B6BE7C77077B23F.e.6801","ELEMENT":"f.2C654B565EAAE04F20F597F65BFF9971.d.DAB69813CE0338D31B6BE7C77077B23F.e.6801"}]}
COMMAND: GET /session/1a7f7d058614b09b54cdbc5dd28664a9/element/f.2C654B565EAAE04F20F597F65BFF9971.d.DAB69813CE0338D31B6BE7C77077B23F.e.6800/attribute/aria-checked - {}
COMMAND: GET /session/1a7f7d058614b09b54cdbc5dd28664a9/screenshot - {}
RESULT: {}
COMMAND: POST /session/1a7f7d058614b09b54cdbc5dd28664a9/element - {"using":"xpath","value":"//table[contains(@id, \"listView-innerSelectionPanelTable-listUl\")]/tbody/tr[17]/td[2]/div/div"}
RESULT: {}
RESULT: {"using":"xpath","value":"//table[contains(@id, \"listView-innerSelectionPanelTable-listUl\")]/tbody/tr[17]/td[2]/div/div"}
COMMAND: POST /session/1a7f7d058614b09b54cdbc5dd28664a9/element - {"using":"xpath","value":"//table[contains(@id, \"listView-innerSelectionPanelTable-listUl\")]/tbody/tr[17]/td[2]/div"}
RESULT: {"using":"xpath","value":"//table[contains(@id, \"listView-innerSelectionPanelTable-listUl\")]/tbody/tr[17]/td[2]/div"}
COMMAND: POST /session/1a7f7d058614b09b54cdbc5dd28664a9/element - {"using":"xpath","value":"//table[contains(@id, \"listView-innerSelectionPanelTable-listUl\")]/tbody/tr[17]/td[3]/div/div/span/span[1]/bdi"}
RESULT: {"using":"xpath","value":"//table[contains(@id, \"listView-innerSelectionPanelTable-listUl\")]/tbody/tr[17]/td[3]/div/div/span/span[1]/bdi"}
COMMAND: POST /session/1a7f7d058614b09b54cdbc5dd28664a9/execute/sync - {"script":"<script> [56 bytes]","args":[{"element-6066-11e4-a52e-4f735466cecf":"f.2C654B565EAAE04F20F597F65BFF9971.d.DAB69813CE0338D31B6BE7C77077B23F.e.6804","ELEMENT":"f.2C654B565EAAE04F20F597F65BFF9971.d.DAB69813CE0338D31B6BE7C77077B23F.e.6804"}]}
RESULT: {"script":"<script> [56 bytes]","args":[{"element-6066-11e4-a52e-4f735466cecf":"f.2C654B565EAAE04F20F597F65BFF9971.d.DAB69813CE0338D31B6BE7C77077B23F.e.6804","ELEMENT":"f.2C654B565EAAE04F20F597F65BFF9971.d.DAB69813CE0338D31B6BE7C77077B23F.e.6804"}]}
COMMAND: GET /session/1a7f7d058614b09b54cdbc5dd28664a9/element/f.2C654B565EAAE04F20F597F65BFF9971.d.DAB69813CE0338D31B6BE7C77077B23F.e.6803/attribute/aria-checked - {}
COMMAND: GET /session/1a7f7d058614b09b54cdbc5dd28664a9/screenshot - {}
RESULT: {}
COMMAND: POST /session/1a7f7d058614b09b54cdbc5dd28664a9/element - {"using":"xpath","value":"//table[contains(@id, \"listView-innerSelectionPanelTable-listUl\")]/tbody/tr[18]/td[2]/div/div"}
RESULT: {}
RESULT: {"using":"xpath","value":"//table[contains(@id, \"listView-innerSelectionPanelTable-listUl\")]/tbody/tr[18]/td[2]/div/div"}
COMMAND: POST /session/1a7f7d058614b09b54cdbc5dd28664a9/element - {"using":"xpath","value":"//table[contains(@id, \"listView-innerSelectionPanelTable-listUl\")]/tbody/tr[18]/td[2]/div"}
RESULT: {"using":"xpath","value":"//table[contains(@id, \"listView-innerSelectionPanelTable-listUl\")]/tbody/tr[18]/td[2]/div"}
COMMAND: POST /session/1a7f7d058614b09b54cdbc5dd28664a9/element - {"using":"xpath","value":"//table[contains(@id, \"listView-innerSelectionPanelTable-listUl\")]/tbody/tr[18]/td[3]/div/div/span/span[1]/bdi"}
RESULT: {"using":"xpath","value":"//table[contains(@id, \"listView-innerSelectionPanelTable-listUl\")]/tbody/tr[18]/td[3]/div/div/span/span[1]/bdi"}
COMMAND: POST /session/1a7f7d058614b09b54cdbc5dd28664a9/execute/sync - {"script":"<script> [56 bytes]","args":[{"element-6066-11e4-a52e-4f735466cecf":"f.2C654B565EAAE04F20F597F65BFF9971.d.DAB69813CE0338D31B6BE7C77077B23F.e.6807","ELEMENT":"f.2C654B565EAAE04F20F597F65BFF9971.d.DAB69813CE0338D31B6BE7C77077B23F.e.6807"}]}
RESULT: {"script":"<script> [56 bytes]","args":[{"element-6066-11e4-a52e-4f735466cecf":"f.2C654B565EAAE04F20F597F65BFF9971.d.DAB69813CE0338D31B6BE7C77077B23F.e.6807","ELEMENT":"f.2C654B565EAAE04F20F597F65BFF9971.d.DAB69813CE0338D31B6BE7C77077B23F.e.6807"}]}
COMMAND: GET /session/1a7f7d058614b09b54cdbc5dd28664a9/element/f.2C654B565EAAE04F20F597F65BFF9971.d.DAB69813CE0338D31B6BE7C77077B23F.e.6806/attribute/aria-checked - {}
COMMAND: GET /session/1a7f7d058614b09b54cdbc5dd28664a9/screenshot - {}
RESULT: {}
COMMAND: POST /session/1a7f7d058614b09b54cdbc5dd28664a9/element - {"using":"xpath","value":"//table[contains(@id, \"listView-innerSelectionPanelTable-listUl\")]/tbody/tr[19]/td[2]/div/div"}
RESULT: {}
RESULT: {"using":"xpath","value":"//table[contains(@id, \"listView-innerSelectionPanelTable-listUl\")]/tbody/tr[19]/td[2]/div/div"}
COMMAND: POST /session/1a7f7d058614b09b54cdbc5dd28664a9/element - {"using":"xpath","value":"//table[contains(@id, \"listView-innerSelectionPanelTable-listUl\")]/tbody/tr[19]/td[2]/div"}
RESULT: {"using":"xpath","value":"//table[contains(@id, \"listView-innerSelectionPanelTable-listUl\")]/tbody/tr[19]/td[2]/div"}
COMMAND: POST /session/1a7f7d058614b09b54cdbc5dd28664a9/element - {"using":"xpath","value":"//table[contains(@id, \"listView-innerSelectionPanelTable-listUl\")]/tbody/tr[19]/td[3]/div/div/span/span[1]/bdi"}
RESULT: {"using":"xpath","value":"//table[contains(@id, \"listView-innerSelectionPanelTable-listUl\")]/tbody/tr[19]/td[3]/div/div/span/span[1]/bdi"}
COMMAND: POST /session/1a7f7d058614b09b54cdbc5dd28664a9/execute/sync - {"script":"<script> [56 bytes]","args":[{"element-6066-11e4-a52e-4f735466cecf":"f.2C654B565EAAE04F20F597F65BFF9971.d.DAB69813CE0338D31B6BE7C77077B23F.e.6810","ELEMENT":"f.2C654B565EAAE04F20F597F65BFF9971.d.DAB69813CE0338D31B6BE7C77077B23F.e.6810"}]}
RESULT: {"script":"<script> [56 bytes]","args":[{"element-6066-11e4-a52e-4f735466cecf":"f.2C654B565EAAE04F20F597F65BFF9971.d.DAB69813CE0338D31B6BE7C77077B23F.e.6810","ELEMENT":"f.2C654B565EAAE04F20F597F65BFF9971.d.DAB69813CE0338D31B6BE7C77077B23F.e.6810"}]}
COMMAND: GET /session/1a7f7d058614b09b54cdbc5dd28664a9/element/f.2C654B565EAAE04F20F597F65BFF9971.d.DAB69813CE0338D31B6BE7C77077B23F.e.6809/attribute/aria-checked - {}
COMMAND: GET /session/1a7f7d058614b09b54cdbc5dd28664a9/screenshot - {}
RESULT: {}
COMMAND: POST /session/1a7f7d058614b09b54cdbc5dd28664a9/element - {"using":"xpath","value":"//table[contains(@id, \"listView-innerSelectionPanelTable-listUl\")]/tbody/tr[20]/td[2]/div/div"}
RESULT: {}
RESULT: {"using":"xpath","value":"//table[contains(@id, \"listView-innerSelectionPanelTable-listUl\")]/tbody/tr[20]/td[2]/div/div"}
COMMAND: POST /session/1a7f7d058614b09b54cdbc5dd28664a9/element - {"using":"xpath","value":"//table[contains(@id, \"listView-innerSelectionPanelTable-listUl\")]/tbody/tr[20]/td[2]/div"}
RESULT: {"using":"xpath","value":"//table[contains(@id, \"listView-innerSelectionPanelTable-listUl\")]/tbody/tr[20]/td[2]/div"}
COMMAND: POST /session/1a7f7d058614b09b54cdbc5dd28664a9/element - {"using":"xpath","value":"//table[contains(@id, \"listView-innerSelectionPanelTable-listUl\")]/tbody/tr[20]/td[3]/div/div/span/span[1]/bdi"}
RESULT: {"using":"xpath","value":"//table[contains(@id, \"listView-innerSelectionPanelTable-listUl\")]/tbody/tr[20]/td[3]/div/div/span/span[1]/bdi"}
COMMAND: POST /session/1a7f7d058614b09b54cdbc5dd28664a9/execute/sync - {"script":"<script> [56 bytes]","args":[{"element-6066-11e4-a52e-4f735466cecf":"f.2C654B565EAAE04F20F597F65BFF9971.d.DAB69813CE0338D31B6BE7C77077B23F.e.6813","ELEMENT":"f.2C654B565EAAE04F20F597F65BFF9971.d.DAB69813CE0338D31B6BE7C77077B23F.e.6813"}]}
RESULT: {"script":"<script> [56 bytes]","args":[{"element-6066-11e4-a52e-4f735466cecf":"f.2C654B565EAAE04F20F597F65BFF9971.d.DAB69813CE0338D31B6BE7C77077B23F.e.6813","ELEMENT":"f.2C654B565EAAE04F20F597F65BFF9971.d.DAB69813CE0338D31B6BE7C77077B23F.e.6813"}]}
COMMAND: GET /session/1a7f7d058614b09b54cdbc5dd28664a9/element/f.2C654B565EAAE04F20F597F65BFF9971.d.DAB69813CE0338D31B6BE7C77077B23F.e.6812/attribute/aria-checked - {}
COMMAND: GET /session/1a7f7d058614b09b54cdbc5dd28664a9/screenshot - {}
RESULT: {}
COMMAND: POST /session/1a7f7d058614b09b54cdbc5dd28664a9/element - {"using":"xpath","value":"//table[contains(@id, \"listView-innerSelectionPanelTable-listUl\")]/tbody/tr[21]/td[2]/div/div"}
RESULT: {}
RESULT: {"using":"xpath","value":"//table[contains(@id, \"listView-innerSelectionPanelTable-listUl\")]/tbody/tr[21]/td[2]/div/div"}
COMMAND: POST /session/1a7f7d058614b09b54cdbc5dd28664a9/element - {"using":"xpath","value":"//table[contains(@id, \"listView-innerSelectionPanelTable-listUl\")]/tbody/tr[21]/td[2]/div"}
RESULT: {"using":"xpath","value":"//table[contains(@id, \"listView-innerSelectionPanelTable-listUl\")]/tbody/tr[21]/td[2]/div"}
COMMAND: POST /session/1a7f7d058614b09b54cdbc5dd28664a9/element - {"using":"xpath","value":"//table[contains(@id, \"listView-innerSelectionPanelTable-listUl\")]/tbody/tr[21]/td[3]/div/div/span/span[1]/bdi"}
RESULT: {"using":"xpath","value":"//table[contains(@id, \"listView-innerSelectionPanelTable-listUl\")]/tbody/tr[21]/td[3]/div/div/span/span[1]/bdi"}
COMMAND: POST /session/1a7f7d058614b09b54cdbc5dd28664a9/execute/sync - {"script":"<script> [56 bytes]","args":[{"element-6066-11e4-a52e-4f735466cecf":"f.2C654B565EAAE04F20F597F65BFF9971.d.DAB69813CE0338D31B6BE7C77077B23F.e.6816","ELEMENT":"f.2C654B565EAAE04F20F597F65BFF9971.d.DAB69813CE0338D31B6BE7C77077B23F.e.6816"}]}
RESULT: {"script":"<script> [56 bytes]","args":[{"element-6066-11e4-a52e-4f735466cecf":"f.2C654B565EAAE04F20F597F65BFF9971.d.DAB69813CE0338D31B6BE7C77077B23F.e.6816","ELEMENT":"f.2C654B565EAAE04F20F597F65BFF9971.d.DAB69813CE0338D31B6BE7C77077B23F.e.6816"}]}
COMMAND: GET /session/1a7f7d058614b09b54cdbc5dd28664a9/element/f.2C654B565EAAE04F20F597F65BFF9971.d.DAB69813CE0338D31B6BE7C77077B23F.e.6815/attribute/aria-checked - {}
COMMAND: GET /session/1a7f7d058614b09b54cdbc5dd28664a9/screenshot - {}
RESULT: {}
COMMAND: POST /session/1a7f7d058614b09b54cdbc5dd28664a9/element - {"using":"xpath","value":"//table[contains(@id, \"listView-innerSelectionPanelTable-listUl\")]/tbody/tr[22]/td[2]/div/div"}
RESULT: {}
RESULT: {"using":"xpath","value":"//table[contains(@id, \"listView-innerSelectionPanelTable-listUl\")]/tbody/tr[22]/td[2]/div/div"}
COMMAND: POST /session/1a7f7d058614b09b54cdbc5dd28664a9/element - {"using":"xpath","value":"//table[contains(@id, \"listView-innerSelectionPanelTable-listUl\")]/tbody/tr[22]/td[2]/div"}
RESULT: {"using":"xpath","value":"//table[contains(@id, \"listView-innerSelectionPanelTable-listUl\")]/tbody/tr[22]/td[2]/div"}
COMMAND: POST /session/1a7f7d058614b09b54cdbc5dd28664a9/element - {"using":"xpath","value":"//table[contains(@id, \"listView-innerSelectionPanelTable-listUl\")]/tbody/tr[22]/td[3]/div/div/span/span[1]/bdi"}
RESULT: {"using":"xpath","value":"//table[contains(@id, \"listView-innerSelectionPanelTable-listUl\")]/tbody/tr[22]/td[3]/div/div/span/span[1]/bdi"}
COMMAND: POST /session/1a7f7d058614b09b54cdbc5dd28664a9/execute/sync - {"script":"<script> [56 bytes]","args":[{"element-6066-11e4-a52e-4f735466cecf":"f.2C654B565EAAE04F20F597F65BFF9971.d.DAB69813CE0338D31B6BE7C77077B23F.e.6819","ELEMENT":"f.2C654B565EAAE04F20F597F65BFF9971.d.DAB69813CE0338D31B6BE7C77077B23F.e.6819"}]}
RESULT: {"script":"<script> [56 bytes]","args":[{"element-6066-11e4-a52e-4f735466cecf":"f.2C654B565EAAE04F20F597F65BFF9971.d.DAB69813CE0338D31B6BE7C77077B23F.e.6819","ELEMENT":"f.2C654B565EAAE04F20F597F65BFF9971.d.DAB69813CE0338D31B6BE7C77077B23F.e.6819"}]}
COMMAND: GET /session/1a7f7d058614b09b54cdbc5dd28664a9/element/f.2C654B565EAAE04F20F597F65BFF9971.d.DAB69813CE0338D31B6BE7C77077B23F.e.6818/attribute/aria-checked - {}
COMMAND: GET /session/1a7f7d058614b09b54cdbc5dd28664a9/screenshot - {}
RESULT: {}
COMMAND: POST /session/1a7f7d058614b09b54cdbc5dd28664a9/element - {"using":"xpath","value":"//table[contains(@id, \"listView-innerSelectionPanelTable-listUl\")]/tbody/tr[23]/td[2]/div/div"}
RESULT: {}
RESULT: {"using":"xpath","value":"//table[contains(@id, \"listView-innerSelectionPanelTable-listUl\")]/tbody/tr[23]/td[2]/div/div"}
COMMAND: POST /session/1a7f7d058614b09b54cdbc5dd28664a9/element - {"using":"xpath","value":"//table[contains(@id, \"listView-innerSelectionPanelTable-listUl\")]/tbody/tr[23]/td[2]/div"}
RESULT: {"using":"xpath","value":"//table[contains(@id, \"listView-innerSelectionPanelTable-listUl\")]/tbody/tr[23]/td[2]/div"}
COMMAND: POST /session/1a7f7d058614b09b54cdbc5dd28664a9/element - {"using":"xpath","value":"//table[contains(@id, \"listView-innerSelectionPanelTable-listUl\")]/tbody/tr[23]/td[3]/div/div/span/span[1]/bdi"}
RESULT: {"using":"xpath","value":"//table[contains(@id, \"listView-innerSelectionPanelTable-listUl\")]/tbody/tr[23]/td[3]/div/div/span/span[1]/bdi"}
COMMAND: POST /session/1a7f7d058614b09b54cdbc5dd28664a9/execute/sync - {"script":"<script> [56 bytes]","args":[{"element-6066-11e4-a52e-4f735466cecf":"f.2C654B565EAAE04F20F597F65BFF9971.d.DAB69813CE0338D31B6BE7C77077B23F.e.6822","ELEMENT":"f.2C654B565EAAE04F20F597F65BFF9971.d.DAB69813CE0338D31B6BE7C77077B23F.e.6822"}]}
RESULT: {"script":"<script> [56 bytes]","args":[{"element-6066-11e4-a52e-4f735466cecf":"f.2C654B565EAAE04F20F597F65BFF9971.d.DAB69813CE0338D31B6BE7C77077B23F.e.6822","ELEMENT":"f.2C654B565EAAE04F20F597F65BFF9971.d.DAB69813CE0338D31B6BE7C77077B23F.e.6822"}]}
COMMAND: GET /session/1a7f7d058614b09b54cdbc5dd28664a9/element/f.2C654B565EAAE04F20F597F65BFF9971.d.DAB69813CE0338D31B6BE7C77077B23F.e.6821/attribute/aria-checked - {}
COMMAND: GET /session/1a7f7d058614b09b54cdbc5dd28664a9/screenshot - {}
RESULT: {}
COMMAND: POST /session/1a7f7d058614b09b54cdbc5dd28664a9/element - {"using":"xpath","value":"//table[contains(@id, \"listView-innerSelectionPanelTable-listUl\")]/tbody/tr[24]/td[2]/div/div"}
RESULT: {}
RESULT: {"using":"xpath","value":"//table[contains(@id, \"listView-innerSelectionPanelTable-listUl\")]/tbody/tr[24]/td[2]/div/div"}
COMMAND: POST /session/1a7f7d058614b09b54cdbc5dd28664a9/element - {"using":"xpath","value":"//table[contains(@id, \"listView-innerSelectionPanelTable-listUl\")]/tbody/tr[24]/td[2]/div"}
RESULT: {"using":"xpath","value":"//table[contains(@id, \"listView-innerSelectionPanelTable-listUl\")]/tbody/tr[24]/td[2]/div"}
COMMAND: POST /session/1a7f7d058614b09b54cdbc5dd28664a9/element - {"using":"xpath","value":"//table[contains(@id, \"listView-innerSelectionPanelTable-listUl\")]/tbody/tr[24]/td[3]/div/div/span/span[1]/bdi"}
RESULT: {"using":"xpath","value":"//table[contains(@id, \"listView-innerSelectionPanelTable-listUl\")]/tbody/tr[24]/td[3]/div/div/span/span[1]/bdi"}
COMMAND: POST /session/1a7f7d058614b09b54cdbc5dd28664a9/execute/sync - {"script":"<script> [56 bytes]","args":[{"element-6066-11e4-a52e-4f735466cecf":"f.2C654B565EAAE04F20F597F65BFF9971.d.DAB69813CE0338D31B6BE7C77077B23F.e.6825","ELEMENT":"f.2C654B565EAAE04F20F597F65BFF9971.d.DAB69813CE0338D31B6BE7C77077B23F.e.6825"}]}
RESULT: {"script":"<script> [56 bytes]","args":[{"element-6066-11e4-a52e-4f735466cecf":"f.2C654B565EAAE04F20F597F65BFF9971.d.DAB69813CE0338D31B6BE7C77077B23F.e.6825","ELEMENT":"f.2C654B565EAAE04F20F597F65BFF9971.d.DAB69813CE0338D31B6BE7C77077B23F.e.6825"}]}
COMMAND: GET /session/1a7f7d058614b09b54cdbc5dd28664a9/element/f.2C654B565EAAE04F20F597F65BFF9971.d.DAB69813CE0338D31B6BE7C77077B23F.e.6824/attribute/aria-checked - {}
COMMAND: GET /session/1a7f7d058614b09b54cdbc5dd28664a9/screenshot - {}
RESULT: {}
COMMAND: POST /session/1a7f7d058614b09b54cdbc5dd28664a9/element - {"using":"xpath","value":"//table[contains(@id, \"listView-innerSelectionPanelTable-listUl\")]/tbody/tr[25]/td[2]/div/div"}
RESULT: {}
RESULT: {"using":"xpath","value":"//table[contains(@id, \"listView-innerSelectionPanelTable-listUl\")]/tbody/tr[25]/td[2]/div/div"}
COMMAND: POST /session/1a7f7d058614b09b54cdbc5dd28664a9/element - {"using":"xpath","value":"//table[contains(@id, \"listView-innerSelectionPanelTable-listUl\")]/tbody/tr[25]/td[2]/div"}
RESULT: {"using":"xpath","value":"//table[contains(@id, \"listView-innerSelectionPanelTable-listUl\")]/tbody/tr[25]/td[2]/div"}
COMMAND: POST /session/1a7f7d058614b09b54cdbc5dd28664a9/element - {"using":"xpath","value":"//table[contains(@id, \"listView-innerSelectionPanelTable-listUl\")]/tbody/tr[25]/td[3]/div/div/span/span[1]/bdi"}
RESULT: {"using":"xpath","value":"//table[contains(@id, \"listView-innerSelectionPanelTable-listUl\")]/tbody/tr[25]/td[3]/div/div/span/span[1]/bdi"}
COMMAND: POST /session/1a7f7d058614b09b54cdbc5dd28664a9/execute/sync - {"script":"<script> [56 bytes]","args":[{"element-6066-11e4-a52e-4f735466cecf":"f.2C654B565EAAE04F20F597F65BFF9971.d.DAB69813CE0338D31B6BE7C77077B23F.e.6828","ELEMENT":"f.2C654B565EAAE04F20F597F65BFF9971.d.DAB69813CE0338D31B6BE7C77077B23F.e.6828"}]}
RESULT: {"script":"<script> [56 bytes]","args":[{"element-6066-11e4-a52e-4f735466cecf":"f.2C654B565EAAE04F20F597F65BFF9971.d.DAB69813CE0338D31B6BE7C77077B23F.e.6828","ELEMENT":"f.2C654B565EAAE04F20F597F65BFF9971.d.DAB69813CE0338D31B6BE7C77077B23F.e.6828"}]}
COMMAND: GET /session/1a7f7d058614b09b54cdbc5dd28664a9/element/f.2C654B565EAAE04F20F597F65BFF9971.d.DAB69813CE0338D31B6BE7C77077B23F.e.6827/attribute/aria-checked - {}
COMMAND: GET /session/1a7f7d058614b09b54cdbc5dd28664a9/screenshot - {}
RESULT: {}
RESULT: {}
COMMAND: POST /session/1a7f7d058614b09b54cdbc5dd28664a9/element - {"using":"xpath","value":"//bdi[contains(text(), \"OK\")]"}
RESULT: {"using":"xpath","value":"//bdi[contains(text(), \"OK\")]"}
COMMAND: POST /session/1a7f7d058614b09b54cdbc5dd28664a9/element/f.2C654B565EAAE04F20F597F65BFF9971.d.DAB69813CE0338D31B6BE7C77077B23F.e.6829/click - {}
RESULT: {}
COMMAND: GET /session/1a7f7d058614b09b54cdbc5dd28664a9/screenshot - {}
RESULT: {}
COMMAND: POST /session/1a7f7d058614b09b54cdbc5dd28664a9/execute/async - {"script":"<script> [1562 bytes]","args":[{"selector":{"id":"application-managepartners-display-component---masterPtm--smartFilterBar-filterItemControlA_-LINK_TO_ADDRESSES_MAIN.CITY1-vhi"},"wdio_ui5_key":"applicationmanagepartners-display-component---masterPtm--smartFilterBar-filterItemControlA_-LINK_TO_ADDRESSES_MAIN.CITY1-vhi"}]}
RESULT: {"script":"<script> [1562 bytes]","args":[{"selector":{"id":"application-managepartners-display-component---masterPtm--smartFilterBar-filterItemControlA_-LINK_TO_ADDRESSES_MAIN.CITY1-vhi"},"wdio_ui5_key":"applicationmanagepartners-display-component---masterPtm--smartFilterBar-filterItemControlA_-LINK_TO_ADDRESSES_MAIN.CITY1-vhi"}]}
RESULT: undefined
COMMAND: POST /session/1a7f7d058614b09b54cdbc5dd28664a9/element - {"using":"xpath","value":"//*[@id=\"application-managepartners-display-component---masterPtm--smartFilterBar-filterItemControlA_-LINK_TO_ADDRESSES_MAIN.CITY1-vhi\"]"}
RESULT: {"using":"xpath","value":"//*[@id=\"application-managepartners-display-component---masterPtm--smartFilterBar-filterItemControlA_-LINK_TO_ADDRESSES_MAIN.CITY1-vhi\"]"}
COMMAND: POST /session/1a7f7d058614b09b54cdbc5dd28664a9/element/f.2C654B565EAAE04F20F597F65BFF9971.d.DAB69813CE0338D31B6BE7C77077B23F.e.6843/click - {}
RESULT: {}
COMMAND: GET /session/1a7f7d058614b09b54cdbc5dd28664a9/screenshot - {}
RESULT: {}
COMMAND: POST /session/1a7f7d058614b09b54cdbc5dd28664a9/execute/async - {"script":"<script> [1562 bytes]","args":[{"selector":{"controlType":"sap.m.Input","viewName":"etm.portal.ui.managepartners.view.Master","viewId":"application-managepartners-display-component---masterPtm","properties":{"valueState":"None"},"searchOpenDialogs":true,"interaction":{"idSuffix":"inner"}},"wdio_ui5_key":"etmportal.ui.managepartners.view.Mastersap.m.Input{\"valueState\":\"None\"}"}]}
RESULT: {"script":"<script> [1562 bytes]","args":[{"selector":{"controlType":"sap.m.Input","viewName":"etm.portal.ui.managepartners.view.Master","viewId":"application-managepartners-display-component---masterPtm","properties":{"valueState":"None"},"searchOpenDialogs":true,"interaction":{"idSuffix":"inner"}},"wdio_ui5_key":"etmportal.ui.managepartners.view.Mastersap.m.Input{\"valueState\":\"None\"}"}]}
RESULT: undefined
COMMAND: POST /session/1a7f7d058614b09b54cdbc5dd28664a9/execute/async - {"script":"<script> [776 bytes]","args":[{"enterText":"Bangalore","selector":{"controlType":"sap.m.Input","viewName":"etm.portal.ui.managepartners.view.Master","viewId":"application-managepartners-display-component---masterPtm","properties":{"valueState":"None"},"searchOpenDialogs":true,"interaction":{"idSuffix":"inner"}},"clearTextFirst":true,"interactionType":"ENTER_TEXT"}]}
RESULT: {"script":"<script> [776 bytes]","args":[{"enterText":"Bangalore","selector":{"controlType":"sap.m.Input","viewName":"etm.portal.ui.managepartners.view.Master","viewId":"application-managepartners-display-component---masterPtm","properties":{"valueState":"None"},"searchOpenDialogs":true,"interaction":{"idSuffix":"inner"}},"clearTextFirst":true,"interactionType":"ENTER_TEXT"}]}
COMMAND: POST /session/1a7f7d058614b09b54cdbc5dd28664a9/actions - {"actions":[{"id":"action21","type":"key","parameters":{},"actions":[{"type":"keyDown","value":"î€‡"},{"type":"pause","duration":10},{"type":"keyUp","value":"î€‡"}]}]}
RESULT: {"actions":[{"id":"action21","type":"key","parameters":{},"actions":[{"type":"keyDown","value":"î€‡"},{"type":"pause","duration":10},{"type":"keyUp","value":"î€‡"}]}]}
COMMAND: GET /session/1a7f7d058614b09b54cdbc5dd28664a9/screenshot - {}
RESULT: {}
COMMAND: POST /session/1a7f7d058614b09b54cdbc5dd28664a9/element - {"using":"xpath","value":"(//bdi[contains(text(), \"OK\")])[1]"}
RESULT: {"using":"xpath","value":"(//bdi[contains(text(), \"OK\")])[1]"}
COMMAND: POST /session/1a7f7d058614b09b54cdbc5dd28664a9/element/f.2C654B565EAAE04F20F597F65BFF9971.d.DAB69813CE0338D31B6BE7C77077B23F.e.6849/click - {}
RESULT: {}
COMMAND: GET /session/1a7f7d058614b09b54cdbc5dd28664a9/screenshot - {}
RESULT: {}
COMMAND: POST /session/1a7f7d058614b09b54cdbc5dd28664a9/element - {"using":"xpath","value":"//span[@id=\"application-managepartners-display-component---masterPtm--smartTable-header-inner\"]"}
RESULT: {"using":"xpath","value":"//span[@id=\"application-managepartners-display-component---masterPtm--smartTable-header-inner\"]"}
COMMAND: POST /session/1a7f7d058614b09b54cdbc5dd28664a9/elements - {"using":"xpath","value":"//span[@id=\"application-managepartners-display-component---masterPtm--smartTable-header-inner\"]"}
RESULT: {"using":"xpath","value":"//span[@id=\"application-managepartners-display-component---masterPtm--smartTable-header-inner\"]"}
COMMAND: POST /session/1a7f7d058614b09b54cdbc5dd28664a9/execute/sync - {"script":"<script> [56 bytes]","args":[{"element-6066-11e4-a52e-4f735466cecf":"f.2C654B565EAAE04F20F597F65BFF9971.d.DAB69813CE0338D31B6BE7C77077B23F.e.6016","ELEMENT":"f.2C654B565EAAE04F20F597F65BFF9971.d.DAB69813CE0338D31B6BE7C77077B23F.e.6016"}]}
RESULT: {"script":"<script> [56 bytes]","args":[{"element-6066-11e4-a52e-4f735466cecf":"f.2C654B565EAAE04F20F597F65BFF9971.d.DAB69813CE0338D31B6BE7C77077B23F.e.6016","ELEMENT":"f.2C654B565EAAE04F20F597F65BFF9971.d.DAB69813CE0338D31B6BE7C77077B23F.e.6016"}]}
COMMAND: POST /session/1a7f7d058614b09b54cdbc5dd28664a9/element - {"using":"xpath","value":"//span[contains(@title, \"Remove\")]"}
COMMAND: GET /session/1a7f7d058614b09b54cdbc5dd28664a9/screenshot - {}
RESULT: {"using":"xpath","value":"//span[contains(@title, \"Remove\")]"}
COMMAND: POST /session/1a7f7d058614b09b54cdbc5dd28664a9/element/f.2C654B565EAAE04F20F597F65BFF9971.d.DAB69813CE0338D31B6BE7C77077B23F.e.6907/click - {}
RESULT: {}
RESULT: {}
COMMAND: GET /session/1a7f7d058614b09b54cdbc5dd28664a9/screenshot - {}
RESULT: {}
COMMAND: POST /session/1a7f7d058614b09b54cdbc5dd28664a9/element - {"using":"xpath","value":"//span[@id=\"application-managepartners-display-component---masterPtm--smartTable-header-inner\"]"}
RESULT: {"using":"xpath","value":"//span[@id=\"application-managepartners-display-component---masterPtm--smartTable-header-inner\"]"}
COMMAND: POST /session/1a7f7d058614b09b54cdbc5dd28664a9/elements - {"using":"xpath","value":"//span[@id=\"application-managepartners-display-component---masterPtm--smartTable-header-inner\"]"}
RESULT: {"using":"xpath","value":"//span[@id=\"application-managepartners-display-component---masterPtm--smartTable-header-inner\"]"}
COMMAND: POST /session/1a7f7d058614b09b54cdbc5dd28664a9/execute/sync - {"script":"<script> [56 bytes]","args":[{"element-6066-11e4-a52e-4f735466cecf":"f.2C654B565EAAE04F20F597F65BFF9971.d.DAB69813CE0338D31B6BE7C77077B23F.e.6016","ELEMENT":"f.2C654B565EAAE04F20F597F65BFF9971.d.DAB69813CE0338D31B6BE7C77077B23F.e.6016"}]}
RESULT: {"script":"<script> [56 bytes]","args":[{"element-6066-11e4-a52e-4f735466cecf":"f.2C654B565EAAE04F20F597F65BFF9971.d.DAB69813CE0338D31B6BE7C77077B23F.e.6016","ELEMENT":"f.2C654B565EAAE04F20F597F65BFF9971.d.DAB69813CE0338D31B6BE7C77077B23F.e.6016"}]}
COMMAND: POST /session/1a7f7d058614b09b54cdbc5dd28664a9/element - {"using":"css selector","value":"#shell-header-logo"}
COMMAND: GET /session/1a7f7d058614b09b54cdbc5dd28664a9/screenshot - {}
RESULT: {"using":"css selector","value":"#shell-header-logo"}
COMMAND: POST /session/1a7f7d058614b09b54cdbc5dd28664a9/element/f.2C654B565EAAE04F20F597F65BFF9971.d.DAB69813CE0338D31B6BE7C77077B23F.e.5846/click - {}
RESULT: {}
RESULT: {}
COMMAND: GET /session/1a7f7d058614b09b54cdbc5dd28664a9/screenshot - {}
RESULT: {}
]]></system-out>
    </testcase>
    <testcase classname="chrome.135_0_7049_96.windows.Partner_specific_tests_US150819_US151080_US151654_US151176_US103444_US151078_US151079_US151109_US151174_US151175_US151189" name="Should try to save empty partner US151174" time="49.078">
      <system-out><![CDATA[
COMMAND: POST /session/1a7f7d058614b09b54cdbc5dd28664a9/element - {"using":"xpath","value":"//li[.//span[text()=\"Manage Partners\"]]"}
RESULT: {"using":"xpath","value":"//li[.//span[text()=\"Manage Partners\"]]"}
COMMAND: POST /session/1a7f7d058614b09b54cdbc5dd28664a9/element - {"using":"xpath","value":"//li[.//span[text()=\"Manage Partners\"]]"}
RESULT: {"using":"xpath","value":"//li[.//span[text()=\"Manage Partners\"]]"}
COMMAND: POST /session/1a7f7d058614b09b54cdbc5dd28664a9/element - {"using":"css selector","value":"#shell-header-logo"}
RESULT: {"using":"css selector","value":"#shell-header-logo"}
COMMAND: POST /session/1a7f7d058614b09b54cdbc5dd28664a9/element/f.2C654B565EAAE04F20F597F65BFF9971.d.DAB69813CE0338D31B6BE7C77077B23F.e.7008/click - {}
COMMAND: POST /session/1a7f7d058614b09b54cdbc5dd28664a9/execute/sync - {"script":"<script> [8489 bytes]","args":[{"element-6066-11e4-a52e-4f735466cecf":"f.2C654B565EAAE04F20F597F65BFF9971.d.DAB69813CE0338D31B6BE7C77077B23F.e.7008","ELEMENT":"f.2C654B565EAAE04F20F597F65BFF9971.d.DAB69813CE0338D31B6BE7C77077B23F.e.7008"}]}
RESULT: {}
COMMAND: GET /session/1a7f7d058614b09b54cdbc5dd28664a9/screenshot - {}
RESULT: {"script":"<script> [8489 bytes]","args":[{"element-6066-11e4-a52e-4f735466cecf":"f.2C654B565EAAE04F20F597F65BFF9971.d.DAB69813CE0338D31B6BE7C77077B23F.e.7008","ELEMENT":"f.2C654B565EAAE04F20F597F65BFF9971.d.DAB69813CE0338D31B6BE7C77077B23F.e.7008"}]}
COMMAND: POST /session/1a7f7d058614b09b54cdbc5dd28664a9/execute/sync - {"script":"<script> [5351 bytes]","args":[{"element-6066-11e4-a52e-4f735466cecf":"f.2C654B565EAAE04F20F597F65BFF9971.d.DAB69813CE0338D31B6BE7C77077B23F.e.7008","ELEMENT":"f.2C654B565EAAE04F20F597F65BFF9971.d.DAB69813CE0338D31B6BE7C77077B23F.e.7008"}]}
COMMAND: GET /session/1a7f7d058614b09b54cdbc5dd28664a9/screenshot - {}
RESULT: {}
RESULT: {"script":"<script> [5351 bytes]","args":[{"element-6066-11e4-a52e-4f735466cecf":"f.2C654B565EAAE04F20F597F65BFF9971.d.DAB69813CE0338D31B6BE7C77077B23F.e.7008","ELEMENT":"f.2C654B565EAAE04F20F597F65BFF9971.d.DAB69813CE0338D31B6BE7C77077B23F.e.7008"}]}
COMMAND: GET /session/1a7f7d058614b09b54cdbc5dd28664a9/screenshot - {}
RESULT: {}
RESULT: {}
RESULT: undefined
COMMAND: POST /session/1a7f7d058614b09b54cdbc5dd28664a9/element - {"using":"xpath","value":"//*[@id=\"__tile30\"]"}
RESULT: {"using":"xpath","value":"//*[@id=\"__tile30\"]"}
COMMAND: POST /session/1a7f7d058614b09b54cdbc5dd28664a9/element/f.2C654B565EAAE04F20F597F65BFF9971.d.DAB69813CE0338D31B6BE7C77077B23F.e.4502/click - {}
RESULT: {}
COMMAND: POST /session/1a7f7d058614b09b54cdbc5dd28664a9/element - {"using":"xpath","value":"//button[@data-kt=\"addButton\"]"}
COMMAND: GET /session/1a7f7d058614b09b54cdbc5dd28664a9/screenshot - {}
RESULT: {"using":"xpath","value":"//button[@data-kt=\"addButton\"]"}
COMMAND: POST /session/1a7f7d058614b09b54cdbc5dd28664a9/elements - {"using":"xpath","value":"//button[@data-kt=\"addButton\"]"}
RESULT: {}
RESULT: {"using":"xpath","value":"//button[@data-kt=\"addButton\"]"}
COMMAND: POST /session/1a7f7d058614b09b54cdbc5dd28664a9/elements - {"using":"xpath","value":"//button[@data-kt=\"addButton\"]"}
RESULT: {"using":"xpath","value":"//button[@data-kt=\"addButton\"]"}
COMMAND: POST /session/1a7f7d058614b09b54cdbc5dd28664a9/element - {"using":"xpath","value":"//button[@data-kt=\"addButton\"]"}
RESULT: {"using":"xpath","value":"//button[@data-kt=\"addButton\"]"}
COMMAND: POST /session/1a7f7d058614b09b54cdbc5dd28664a9/execute/sync - {"script":"<script> [8489 bytes]","args":[{"element-6066-11e4-a52e-4f735466cecf":"f.2C654B565EAAE04F20F597F65BFF9971.d.DAB69813CE0338D31B6BE7C77077B23F.e.7043","ELEMENT":"f.2C654B565EAAE04F20F597F65BFF9971.d.DAB69813CE0338D31B6BE7C77077B23F.e.7043"}]}
RESULT: {"script":"<script> [8489 bytes]","args":[{"element-6066-11e4-a52e-4f735466cecf":"f.2C654B565EAAE04F20F597F65BFF9971.d.DAB69813CE0338D31B6BE7C77077B23F.e.7043","ELEMENT":"f.2C654B565EAAE04F20F597F65BFF9971.d.DAB69813CE0338D31B6BE7C77077B23F.e.7043"}]}
COMMAND: GET /session/1a7f7d058614b09b54cdbc5dd28664a9/element/f.2C654B565EAAE04F20F597F65BFF9971.d.DAB69813CE0338D31B6BE7C77077B23F.e.7043/enabled - {}
COMMAND: GET /session/1a7f7d058614b09b54cdbc5dd28664a9/screenshot - {}
RESULT: {}
COMMAND: POST /session/1a7f7d058614b09b54cdbc5dd28664a9/execute/sync - {"script":"<script> [8489 bytes]","args":[{"element-6066-11e4-a52e-4f735466cecf":"f.2C654B565EAAE04F20F597F65BFF9971.d.DAB69813CE0338D31B6BE7C77077B23F.e.7043","ELEMENT":"f.2C654B565EAAE04F20F597F65BFF9971.d.DAB69813CE0338D31B6BE7C77077B23F.e.7043"}]}
COMMAND: GET /session/1a7f7d058614b09b54cdbc5dd28664a9/screenshot - {}
RESULT: {}
RESULT: {"script":"<script> [8489 bytes]","args":[{"element-6066-11e4-a52e-4f735466cecf":"f.2C654B565EAAE04F20F597F65BFF9971.d.DAB69813CE0338D31B6BE7C77077B23F.e.7043","ELEMENT":"f.2C654B565EAAE04F20F597F65BFF9971.d.DAB69813CE0338D31B6BE7C77077B23F.e.7043"}]}
COMMAND: POST /session/1a7f7d058614b09b54cdbc5dd28664a9/execute/sync - {"script":"<script> [5351 bytes]","args":[{"element-6066-11e4-a52e-4f735466cecf":"f.2C654B565EAAE04F20F597F65BFF9971.d.DAB69813CE0338D31B6BE7C77077B23F.e.7043","ELEMENT":"f.2C654B565EAAE04F20F597F65BFF9971.d.DAB69813CE0338D31B6BE7C77077B23F.e.7043"}]}
COMMAND: GET /session/1a7f7d058614b09b54cdbc5dd28664a9/screenshot - {}
RESULT: {}
RESULT: {"script":"<script> [5351 bytes]","args":[{"element-6066-11e4-a52e-4f735466cecf":"f.2C654B565EAAE04F20F597F65BFF9971.d.DAB69813CE0338D31B6BE7C77077B23F.e.7043","ELEMENT":"f.2C654B565EAAE04F20F597F65BFF9971.d.DAB69813CE0338D31B6BE7C77077B23F.e.7043"}]}
COMMAND: POST /session/1a7f7d058614b09b54cdbc5dd28664a9/element/f.2C654B565EAAE04F20F597F65BFF9971.d.DAB69813CE0338D31B6BE7C77077B23F.e.7043/click - {}
COMMAND: GET /session/1a7f7d058614b09b54cdbc5dd28664a9/screenshot - {}
RESULT: {}
RESULT: {}
COMMAND: GET /session/1a7f7d058614b09b54cdbc5dd28664a9/screenshot - {}
RESULT: {}
RESULT: {}
COMMAND: POST /session/1a7f7d058614b09b54cdbc5dd28664a9/element - {"using":"xpath","value":"//button[@data-kt=\"saveButton\"]"}
RESULT: {"using":"xpath","value":"//button[@data-kt=\"saveButton\"]"}
COMMAND: POST /session/1a7f7d058614b09b54cdbc5dd28664a9/element/f.2C654B565EAAE04F20F597F65BFF9971.d.DAB69813CE0338D31B6BE7C77077B23F.e.7399/click - {}
RESULT: {}
COMMAND: GET /session/1a7f7d058614b09b54cdbc5dd28664a9/screenshot - {}
RESULT: {}
COMMAND: POST /session/1a7f7d058614b09b54cdbc5dd28664a9/element - {"using":"xpath","value":"//span[contains(@class, \"sapMMsgBoxText\")]"}
RESULT: {"using":"xpath","value":"//span[contains(@class, \"sapMMsgBoxText\")]"}
COMMAND: POST /session/1a7f7d058614b09b54cdbc5dd28664a9/execute/sync - {"script":"<script> [56 bytes]","args":[{"element-6066-11e4-a52e-4f735466cecf":"f.2C654B565EAAE04F20F597F65BFF9971.d.DAB69813CE0338D31B6BE7C77077B23F.e.7480","ELEMENT":"f.2C654B565EAAE04F20F597F65BFF9971.d.DAB69813CE0338D31B6BE7C77077B23F.e.7480"}]}
RESULT: {"script":"<script> [56 bytes]","args":[{"element-6066-11e4-a52e-4f735466cecf":"f.2C654B565EAAE04F20F597F65BFF9971.d.DAB69813CE0338D31B6BE7C77077B23F.e.7480","ELEMENT":"f.2C654B565EAAE04F20F597F65BFF9971.d.DAB69813CE0338D31B6BE7C77077B23F.e.7480"}]}
COMMAND: POST /session/1a7f7d058614b09b54cdbc5dd28664a9/element - {"using":"xpath","value":"(//bdi[contains(text(), \"Close\")])[1]"}
COMMAND: POST /session/1a7f7d058614b09b54cdbc5dd28664a9/elements - {"using":"xpath","value":"//span[contains(@class, \"sapMMsgBoxText\")]"}
COMMAND: GET /session/1a7f7d058614b09b54cdbc5dd28664a9/screenshot - {}
RESULT: {"using":"xpath","value":"//span[contains(@class, \"sapMMsgBoxText\")]"}
RESULT: {"using":"xpath","value":"(//bdi[contains(text(), \"Close\")])[1]"}
COMMAND: POST /session/1a7f7d058614b09b54cdbc5dd28664a9/element/f.2C654B565EAAE04F20F597F65BFF9971.d.DAB69813CE0338D31B6BE7C77077B23F.e.7481/click - {}
RESULT: {}
RESULT: {}
COMMAND: GET /session/1a7f7d058614b09b54cdbc5dd28664a9/screenshot - {}
RESULT: {}
COMMAND: POST /session/1a7f7d058614b09b54cdbc5dd28664a9/element - {"using":"css selector","value":"#shell-header-logo"}
RESULT: {"using":"css selector","value":"#shell-header-logo"}
COMMAND: POST /session/1a7f7d058614b09b54cdbc5dd28664a9/element/f.2C654B565EAAE04F20F597F65BFF9971.d.DAB69813CE0338D31B6BE7C77077B23F.e.7008/click - {}
RESULT: {}
COMMAND: GET /session/1a7f7d058614b09b54cdbc5dd28664a9/screenshot - {}
RESULT: {}
]]></system-out>
    </testcase>
    <testcase classname="chrome.135_0_7049_96.windows.Partner_specific_tests_US150819_US151080_US151654_US151176_US103444_US151078_US151079_US151109_US151174_US151175_US151189" name="Should do various searches US151175" time="119.435">
      <skipped />
      <system-out><![CDATA[
COMMAND: POST /session/1a7f7d058614b09b54cdbc5dd28664a9/element - {"using":"xpath","value":"//li[.//span[text()=\"Manage Partners\"]]"}
RESULT: {"using":"xpath","value":"//li[.//span[text()=\"Manage Partners\"]]"}
COMMAND: POST /session/1a7f7d058614b09b54cdbc5dd28664a9/element - {"using":"xpath","value":"//li[.//span[text()=\"Manage Partners\"]]"}
RESULT: {"using":"xpath","value":"//li[.//span[text()=\"Manage Partners\"]]"}
COMMAND: POST /session/1a7f7d058614b09b54cdbc5dd28664a9/element - {"using":"css selector","value":"#shell-header-logo"}
RESULT: {"using":"css selector","value":"#shell-header-logo"}
COMMAND: POST /session/1a7f7d058614b09b54cdbc5dd28664a9/element/f.2C654B565EAAE04F20F597F65BFF9971.d.DAB69813CE0338D31B6BE7C77077B23F.e.7483/click - {}
COMMAND: POST /session/1a7f7d058614b09b54cdbc5dd28664a9/execute/sync - {"script":"<script> [8489 bytes]","args":[{"element-6066-11e4-a52e-4f735466cecf":"f.2C654B565EAAE04F20F597F65BFF9971.d.DAB69813CE0338D31B6BE7C77077B23F.e.7483","ELEMENT":"f.2C654B565EAAE04F20F597F65BFF9971.d.DAB69813CE0338D31B6BE7C77077B23F.e.7483"}]}
RESULT: {}
COMMAND: GET /session/1a7f7d058614b09b54cdbc5dd28664a9/screenshot - {}
RESULT: {"script":"<script> [8489 bytes]","args":[{"element-6066-11e4-a52e-4f735466cecf":"f.2C654B565EAAE04F20F597F65BFF9971.d.DAB69813CE0338D31B6BE7C77077B23F.e.7483","ELEMENT":"f.2C654B565EAAE04F20F597F65BFF9971.d.DAB69813CE0338D31B6BE7C77077B23F.e.7483"}]}
COMMAND: POST /session/1a7f7d058614b09b54cdbc5dd28664a9/execute/sync - {"script":"<script> [5351 bytes]","args":[{"element-6066-11e4-a52e-4f735466cecf":"f.2C654B565EAAE04F20F597F65BFF9971.d.DAB69813CE0338D31B6BE7C77077B23F.e.7483","ELEMENT":"f.2C654B565EAAE04F20F597F65BFF9971.d.DAB69813CE0338D31B6BE7C77077B23F.e.7483"}]}
COMMAND: GET /session/1a7f7d058614b09b54cdbc5dd28664a9/screenshot - {}
RESULT: {}
RESULT: {"script":"<script> [5351 bytes]","args":[{"element-6066-11e4-a52e-4f735466cecf":"f.2C654B565EAAE04F20F597F65BFF9971.d.DAB69813CE0338D31B6BE7C77077B23F.e.7483","ELEMENT":"f.2C654B565EAAE04F20F597F65BFF9971.d.DAB69813CE0338D31B6BE7C77077B23F.e.7483"}]}
COMMAND: GET /session/1a7f7d058614b09b54cdbc5dd28664a9/screenshot - {}
RESULT: {}
RESULT: {}
RESULT: undefined
COMMAND: POST /session/1a7f7d058614b09b54cdbc5dd28664a9/element - {"using":"xpath","value":"//*[@id=\"__tile30\"]"}
RESULT: {"using":"xpath","value":"//*[@id=\"__tile30\"]"}
COMMAND: POST /session/1a7f7d058614b09b54cdbc5dd28664a9/element/f.2C654B565EAAE04F20F597F65BFF9971.d.DAB69813CE0338D31B6BE7C77077B23F.e.4502/click - {}
RESULT: {}
COMMAND: POST /session/1a7f7d058614b09b54cdbc5dd28664a9/element - {"using":"xpath","value":"//button[@data-kt=\"addButton\"]"}
COMMAND: GET /session/1a7f7d058614b09b54cdbc5dd28664a9/screenshot - {}
RESULT: {"using":"xpath","value":"//button[@data-kt=\"addButton\"]"}
COMMAND: POST /session/1a7f7d058614b09b54cdbc5dd28664a9/elements - {"using":"xpath","value":"//button[@data-kt=\"addButton\"]"}
RESULT: {}
RESULT: {"using":"xpath","value":"//button[@data-kt=\"addButton\"]"}
COMMAND: POST /session/1a7f7d058614b09b54cdbc5dd28664a9/element - {"using":"xpath","value":"//button[@data-kt=\"addButton\"]"}
RESULT: {"using":"xpath","value":"//button[@data-kt=\"addButton\"]"}
COMMAND: POST /session/1a7f7d058614b09b54cdbc5dd28664a9/execute/sync - {"script":"<script> [8489 bytes]","args":[{"element-6066-11e4-a52e-4f735466cecf":"f.2C654B565EAAE04F20F597F65BFF9971.d.DAB69813CE0338D31B6BE7C77077B23F.e.7528","ELEMENT":"f.2C654B565EAAE04F20F597F65BFF9971.d.DAB69813CE0338D31B6BE7C77077B23F.e.7528"}]}
RESULT: {"script":"<script> [8489 bytes]","args":[{"element-6066-11e4-a52e-4f735466cecf":"f.2C654B565EAAE04F20F597F65BFF9971.d.DAB69813CE0338D31B6BE7C77077B23F.e.7528","ELEMENT":"f.2C654B565EAAE04F20F597F65BFF9971.d.DAB69813CE0338D31B6BE7C77077B23F.e.7528"}]}
COMMAND: GET /session/1a7f7d058614b09b54cdbc5dd28664a9/element/f.2C654B565EAAE04F20F597F65BFF9971.d.DAB69813CE0338D31B6BE7C77077B23F.e.7528/enabled - {}
COMMAND: GET /session/1a7f7d058614b09b54cdbc5dd28664a9/screenshot - {}
RESULT: {}
COMMAND: POST /session/1a7f7d058614b09b54cdbc5dd28664a9/execute/sync - {"script":"<script> [8489 bytes]","args":[{"element-6066-11e4-a52e-4f735466cecf":"f.2C654B565EAAE04F20F597F65BFF9971.d.DAB69813CE0338D31B6BE7C77077B23F.e.7528","ELEMENT":"f.2C654B565EAAE04F20F597F65BFF9971.d.DAB69813CE0338D31B6BE7C77077B23F.e.7528"}]}
COMMAND: GET /session/1a7f7d058614b09b54cdbc5dd28664a9/screenshot - {}
RESULT: {}
RESULT: {"script":"<script> [8489 bytes]","args":[{"element-6066-11e4-a52e-4f735466cecf":"f.2C654B565EAAE04F20F597F65BFF9971.d.DAB69813CE0338D31B6BE7C77077B23F.e.7528","ELEMENT":"f.2C654B565EAAE04F20F597F65BFF9971.d.DAB69813CE0338D31B6BE7C77077B23F.e.7528"}]}
COMMAND: POST /session/1a7f7d058614b09b54cdbc5dd28664a9/execute/sync - {"script":"<script> [5351 bytes]","args":[{"element-6066-11e4-a52e-4f735466cecf":"f.2C654B565EAAE04F20F597F65BFF9971.d.DAB69813CE0338D31B6BE7C77077B23F.e.7528","ELEMENT":"f.2C654B565EAAE04F20F597F65BFF9971.d.DAB69813CE0338D31B6BE7C77077B23F.e.7528"}]}
COMMAND: GET /session/1a7f7d058614b09b54cdbc5dd28664a9/screenshot - {}
RESULT: {}
RESULT: {"script":"<script> [5351 bytes]","args":[{"element-6066-11e4-a52e-4f735466cecf":"f.2C654B565EAAE04F20F597F65BFF9971.d.DAB69813CE0338D31B6BE7C77077B23F.e.7528","ELEMENT":"f.2C654B565EAAE04F20F597F65BFF9971.d.DAB69813CE0338D31B6BE7C77077B23F.e.7528"}]}
COMMAND: GET /session/1a7f7d058614b09b54cdbc5dd28664a9/screenshot - {}
RESULT: {}
RESULT: {}
COMMAND: POST /session/1a7f7d058614b09b54cdbc5dd28664a9/element - {"using":"xpath","value":"//span[@id=\"application-managepartners-display-component---masterPtm--smartTable-header-inner\"]"}
RESULT: {"using":"xpath","value":"//span[@id=\"application-managepartners-display-component---masterPtm--smartTable-header-inner\"]"}
COMMAND: POST /session/1a7f7d058614b09b54cdbc5dd28664a9/elements - {"using":"xpath","value":"//span[@id=\"application-managepartners-display-component---masterPtm--smartTable-header-inner\"]"}
RESULT: {"using":"xpath","value":"//span[@id=\"application-managepartners-display-component---masterPtm--smartTable-header-inner\"]"}
COMMAND: POST /session/1a7f7d058614b09b54cdbc5dd28664a9/execute/sync - {"script":"<script> [56 bytes]","args":[{"element-6066-11e4-a52e-4f735466cecf":"f.2C654B565EAAE04F20F597F65BFF9971.d.DAB69813CE0338D31B6BE7C77077B23F.e.7653","ELEMENT":"f.2C654B565EAAE04F20F597F65BFF9971.d.DAB69813CE0338D31B6BE7C77077B23F.e.7653"}]}
RESULT: {"script":"<script> [56 bytes]","args":[{"element-6066-11e4-a52e-4f735466cecf":"f.2C654B565EAAE04F20F597F65BFF9971.d.DAB69813CE0338D31B6BE7C77077B23F.e.7653","ELEMENT":"f.2C654B565EAAE04F20F597F65BFF9971.d.DAB69813CE0338D31B6BE7C77077B23F.e.7653"}]}
RESULT: undefined
COMMAND: POST /session/1a7f7d058614b09b54cdbc5dd28664a9/element - {"using":"xpath","value":"//*[@id=\"application-managepartners-display-component---masterPtm--smartFilterBar-btnFilters\"]"}
COMMAND: GET /session/1a7f7d058614b09b54cdbc5dd28664a9/screenshot - {}
RESULT: {"using":"xpath","value":"//*[@id=\"application-managepartners-display-component---masterPtm--smartFilterBar-btnFilters\"]"}
COMMAND: POST /session/1a7f7d058614b09b54cdbc5dd28664a9/element/f.2C654B565EAAE04F20F597F65BFF9971.d.DAB69813CE0338D31B6BE7C77077B23F.e.7493/click - {}
RESULT: {}
RESULT: {}
COMMAND: GET /session/1a7f7d058614b09b54cdbc5dd28664a9/screenshot - {}
RESULT: {}
COMMAND: POST /session/1a7f7d058614b09b54cdbc5dd28664a9/elements - {"using":"xpath","value":"//table[contains(@id, \"listView-innerSelectionPanelTable-listUl\")]/tbody/tr"}
RESULT: {"using":"xpath","value":"//table[contains(@id, \"listView-innerSelectionPanelTable-listUl\")]/tbody/tr"}
COMMAND: POST /session/1a7f7d058614b09b54cdbc5dd28664a9/element - {"using":"xpath","value":"//table[contains(@id, \"listView-innerSelectionPanelTable-listUl\")]/tbody/tr[2]/td[2]/div/div"}
RESULT: {"using":"xpath","value":"//table[contains(@id, \"listView-innerSelectionPanelTable-listUl\")]/tbody/tr[2]/td[2]/div/div"}
COMMAND: POST /session/1a7f7d058614b09b54cdbc5dd28664a9/element - {"using":"xpath","value":"//table[contains(@id, \"listView-innerSelectionPanelTable-listUl\")]/tbody/tr[2]/td[2]/div"}
RESULT: {"using":"xpath","value":"//table[contains(@id, \"listView-innerSelectionPanelTable-listUl\")]/tbody/tr[2]/td[2]/div"}
COMMAND: POST /session/1a7f7d058614b09b54cdbc5dd28664a9/element - {"using":"xpath","value":"//table[contains(@id, \"listView-innerSelectionPanelTable-listUl\")]/tbody/tr[2]/td[3]/div/div/span/span[1]/bdi"}
RESULT: {"using":"xpath","value":"//table[contains(@id, \"listView-innerSelectionPanelTable-listUl\")]/tbody/tr[2]/td[3]/div/div/span/span[1]/bdi"}
COMMAND: POST /session/1a7f7d058614b09b54cdbc5dd28664a9/execute/sync - {"script":"<script> [56 bytes]","args":[{"element-6066-11e4-a52e-4f735466cecf":"f.2C654B565EAAE04F20F597F65BFF9971.d.DAB69813CE0338D31B6BE7C77077B23F.e.7721","ELEMENT":"f.2C654B565EAAE04F20F597F65BFF9971.d.DAB69813CE0338D31B6BE7C77077B23F.e.7721"}]}
RESULT: {"script":"<script> [56 bytes]","args":[{"element-6066-11e4-a52e-4f735466cecf":"f.2C654B565EAAE04F20F597F65BFF9971.d.DAB69813CE0338D31B6BE7C77077B23F.e.7721","ELEMENT":"f.2C654B565EAAE04F20F597F65BFF9971.d.DAB69813CE0338D31B6BE7C77077B23F.e.7721"}]}
COMMAND: GET /session/1a7f7d058614b09b54cdbc5dd28664a9/element/f.2C654B565EAAE04F20F597F65BFF9971.d.DAB69813CE0338D31B6BE7C77077B23F.e.7720/attribute/aria-checked - {}
COMMAND: GET /session/1a7f7d058614b09b54cdbc5dd28664a9/screenshot - {}
RESULT: {}
COMMAND: POST /session/1a7f7d058614b09b54cdbc5dd28664a9/element - {"using":"xpath","value":"//table[contains(@id, \"listView-innerSelectionPanelTable-listUl\")]/tbody/tr[3]/td[2]/div/div"}
RESULT: {}
RESULT: {"using":"xpath","value":"//table[contains(@id, \"listView-innerSelectionPanelTable-listUl\")]/tbody/tr[3]/td[2]/div/div"}
COMMAND: POST /session/1a7f7d058614b09b54cdbc5dd28664a9/element - {"using":"xpath","value":"//table[contains(@id, \"listView-innerSelectionPanelTable-listUl\")]/tbody/tr[3]/td[2]/div"}
RESULT: {"using":"xpath","value":"//table[contains(@id, \"listView-innerSelectionPanelTable-listUl\")]/tbody/tr[3]/td[2]/div"}
COMMAND: POST /session/1a7f7d058614b09b54cdbc5dd28664a9/element - {"using":"xpath","value":"//table[contains(@id, \"listView-innerSelectionPanelTable-listUl\")]/tbody/tr[3]/td[3]/div/div/span/span[1]/bdi"}
RESULT: {"using":"xpath","value":"//table[contains(@id, \"listView-innerSelectionPanelTable-listUl\")]/tbody/tr[3]/td[3]/div/div/span/span[1]/bdi"}
COMMAND: POST /session/1a7f7d058614b09b54cdbc5dd28664a9/execute/sync - {"script":"<script> [56 bytes]","args":[{"element-6066-11e4-a52e-4f735466cecf":"f.2C654B565EAAE04F20F597F65BFF9971.d.DAB69813CE0338D31B6BE7C77077B23F.e.7724","ELEMENT":"f.2C654B565EAAE04F20F597F65BFF9971.d.DAB69813CE0338D31B6BE7C77077B23F.e.7724"}]}
RESULT: {"script":"<script> [56 bytes]","args":[{"element-6066-11e4-a52e-4f735466cecf":"f.2C654B565EAAE04F20F597F65BFF9971.d.DAB69813CE0338D31B6BE7C77077B23F.e.7724","ELEMENT":"f.2C654B565EAAE04F20F597F65BFF9971.d.DAB69813CE0338D31B6BE7C77077B23F.e.7724"}]}
COMMAND: GET /session/1a7f7d058614b09b54cdbc5dd28664a9/element/f.2C654B565EAAE04F20F597F65BFF9971.d.DAB69813CE0338D31B6BE7C77077B23F.e.7723/attribute/aria-checked - {}
COMMAND: GET /session/1a7f7d058614b09b54cdbc5dd28664a9/screenshot - {}
RESULT: {}
COMMAND: POST /session/1a7f7d058614b09b54cdbc5dd28664a9/element - {"using":"xpath","value":"//table[contains(@id, \"listView-innerSelectionPanelTable-listUl\")]/tbody/tr[4]/td[2]/div/div"}
RESULT: {}
RESULT: {"using":"xpath","value":"//table[contains(@id, \"listView-innerSelectionPanelTable-listUl\")]/tbody/tr[4]/td[2]/div/div"}
COMMAND: POST /session/1a7f7d058614b09b54cdbc5dd28664a9/element - {"using":"xpath","value":"//table[contains(@id, \"listView-innerSelectionPanelTable-listUl\")]/tbody/tr[4]/td[2]/div"}
RESULT: {"using":"xpath","value":"//table[contains(@id, \"listView-innerSelectionPanelTable-listUl\")]/tbody/tr[4]/td[2]/div"}
COMMAND: POST /session/1a7f7d058614b09b54cdbc5dd28664a9/element - {"using":"xpath","value":"//table[contains(@id, \"listView-innerSelectionPanelTable-listUl\")]/tbody/tr[4]/td[3]/div/div/span/span[1]/bdi"}
RESULT: {"using":"xpath","value":"//table[contains(@id, \"listView-innerSelectionPanelTable-listUl\")]/tbody/tr[4]/td[3]/div/div/span/span[1]/bdi"}
COMMAND: POST /session/1a7f7d058614b09b54cdbc5dd28664a9/execute/sync - {"script":"<script> [56 bytes]","args":[{"element-6066-11e4-a52e-4f735466cecf":"f.2C654B565EAAE04F20F597F65BFF9971.d.DAB69813CE0338D31B6BE7C77077B23F.e.7727","ELEMENT":"f.2C654B565EAAE04F20F597F65BFF9971.d.DAB69813CE0338D31B6BE7C77077B23F.e.7727"}]}
RESULT: {"script":"<script> [56 bytes]","args":[{"element-6066-11e4-a52e-4f735466cecf":"f.2C654B565EAAE04F20F597F65BFF9971.d.DAB69813CE0338D31B6BE7C77077B23F.e.7727","ELEMENT":"f.2C654B565EAAE04F20F597F65BFF9971.d.DAB69813CE0338D31B6BE7C77077B23F.e.7727"}]}
COMMAND: GET /session/1a7f7d058614b09b54cdbc5dd28664a9/element/f.2C654B565EAAE04F20F597F65BFF9971.d.DAB69813CE0338D31B6BE7C77077B23F.e.7726/attribute/aria-checked - {}
COMMAND: GET /session/1a7f7d058614b09b54cdbc5dd28664a9/screenshot - {}
RESULT: {}
COMMAND: POST /session/1a7f7d058614b09b54cdbc5dd28664a9/element - {"using":"xpath","value":"//table[contains(@id, \"listView-innerSelectionPanelTable-listUl\")]/tbody/tr[5]/td[2]/div/div"}
RESULT: {}
RESULT: {"using":"xpath","value":"//table[contains(@id, \"listView-innerSelectionPanelTable-listUl\")]/tbody/tr[5]/td[2]/div/div"}
COMMAND: POST /session/1a7f7d058614b09b54cdbc5dd28664a9/element - {"using":"xpath","value":"//table[contains(@id, \"listView-innerSelectionPanelTable-listUl\")]/tbody/tr[5]/td[2]/div"}
RESULT: {"using":"xpath","value":"//table[contains(@id, \"listView-innerSelectionPanelTable-listUl\")]/tbody/tr[5]/td[2]/div"}
COMMAND: POST /session/1a7f7d058614b09b54cdbc5dd28664a9/element - {"using":"xpath","value":"//table[contains(@id, \"listView-innerSelectionPanelTable-listUl\")]/tbody/tr[5]/td[3]/div/div/span/span[1]/bdi"}
RESULT: {"using":"xpath","value":"//table[contains(@id, \"listView-innerSelectionPanelTable-listUl\")]/tbody/tr[5]/td[3]/div/div/span/span[1]/bdi"}
COMMAND: POST /session/1a7f7d058614b09b54cdbc5dd28664a9/execute/sync - {"script":"<script> [56 bytes]","args":[{"element-6066-11e4-a52e-4f735466cecf":"f.2C654B565EAAE04F20F597F65BFF9971.d.DAB69813CE0338D31B6BE7C77077B23F.e.7730","ELEMENT":"f.2C654B565EAAE04F20F597F65BFF9971.d.DAB69813CE0338D31B6BE7C77077B23F.e.7730"}]}
RESULT: {"script":"<script> [56 bytes]","args":[{"element-6066-11e4-a52e-4f735466cecf":"f.2C654B565EAAE04F20F597F65BFF9971.d.DAB69813CE0338D31B6BE7C77077B23F.e.7730","ELEMENT":"f.2C654B565EAAE04F20F597F65BFF9971.d.DAB69813CE0338D31B6BE7C77077B23F.e.7730"}]}
COMMAND: GET /session/1a7f7d058614b09b54cdbc5dd28664a9/element/f.2C654B565EAAE04F20F597F65BFF9971.d.DAB69813CE0338D31B6BE7C77077B23F.e.7729/attribute/aria-checked - {}
COMMAND: GET /session/1a7f7d058614b09b54cdbc5dd28664a9/screenshot - {}
RESULT: {}
COMMAND: POST /session/1a7f7d058614b09b54cdbc5dd28664a9/element - {"using":"xpath","value":"//table[contains(@id, \"listView-innerSelectionPanelTable-listUl\")]/tbody/tr[6]/td[2]/div/div"}
RESULT: {}
RESULT: {"using":"xpath","value":"//table[contains(@id, \"listView-innerSelectionPanelTable-listUl\")]/tbody/tr[6]/td[2]/div/div"}
COMMAND: POST /session/1a7f7d058614b09b54cdbc5dd28664a9/element - {"using":"xpath","value":"//table[contains(@id, \"listView-innerSelectionPanelTable-listUl\")]/tbody/tr[6]/td[2]/div"}
RESULT: {"using":"xpath","value":"//table[contains(@id, \"listView-innerSelectionPanelTable-listUl\")]/tbody/tr[6]/td[2]/div"}
COMMAND: POST /session/1a7f7d058614b09b54cdbc5dd28664a9/element - {"using":"xpath","value":"//table[contains(@id, \"listView-innerSelectionPanelTable-listUl\")]/tbody/tr[6]/td[3]/div/div/span/span[1]/bdi"}
RESULT: {"using":"xpath","value":"//table[contains(@id, \"listView-innerSelectionPanelTable-listUl\")]/tbody/tr[6]/td[3]/div/div/span/span[1]/bdi"}
COMMAND: POST /session/1a7f7d058614b09b54cdbc5dd28664a9/execute/sync - {"script":"<script> [56 bytes]","args":[{"element-6066-11e4-a52e-4f735466cecf":"f.2C654B565EAAE04F20F597F65BFF9971.d.DAB69813CE0338D31B6BE7C77077B23F.e.7733","ELEMENT":"f.2C654B565EAAE04F20F597F65BFF9971.d.DAB69813CE0338D31B6BE7C77077B23F.e.7733"}]}
RESULT: {"script":"<script> [56 bytes]","args":[{"element-6066-11e4-a52e-4f735466cecf":"f.2C654B565EAAE04F20F597F65BFF9971.d.DAB69813CE0338D31B6BE7C77077B23F.e.7733","ELEMENT":"f.2C654B565EAAE04F20F597F65BFF9971.d.DAB69813CE0338D31B6BE7C77077B23F.e.7733"}]}
COMMAND: GET /session/1a7f7d058614b09b54cdbc5dd28664a9/element/f.2C654B565EAAE04F20F597F65BFF9971.d.DAB69813CE0338D31B6BE7C77077B23F.e.7732/attribute/aria-checked - {}
COMMAND: GET /session/1a7f7d058614b09b54cdbc5dd28664a9/screenshot - {}
RESULT: {}
COMMAND: POST /session/1a7f7d058614b09b54cdbc5dd28664a9/element - {"using":"xpath","value":"//table[contains(@id, \"listView-innerSelectionPanelTable-listUl\")]/tbody/tr[7]/td[2]/div/div"}
RESULT: {}
RESULT: {"using":"xpath","value":"//table[contains(@id, \"listView-innerSelectionPanelTable-listUl\")]/tbody/tr[7]/td[2]/div/div"}
COMMAND: POST /session/1a7f7d058614b09b54cdbc5dd28664a9/element - {"using":"xpath","value":"//table[contains(@id, \"listView-innerSelectionPanelTable-listUl\")]/tbody/tr[7]/td[2]/div"}
RESULT: {"using":"xpath","value":"//table[contains(@id, \"listView-innerSelectionPanelTable-listUl\")]/tbody/tr[7]/td[2]/div"}
COMMAND: POST /session/1a7f7d058614b09b54cdbc5dd28664a9/element - {"using":"xpath","value":"//table[contains(@id, \"listView-innerSelectionPanelTable-listUl\")]/tbody/tr[7]/td[3]/div/div/span/span[1]/bdi"}
RESULT: {"using":"xpath","value":"//table[contains(@id, \"listView-innerSelectionPanelTable-listUl\")]/tbody/tr[7]/td[3]/div/div/span/span[1]/bdi"}
COMMAND: POST /session/1a7f7d058614b09b54cdbc5dd28664a9/execute/sync - {"script":"<script> [56 bytes]","args":[{"element-6066-11e4-a52e-4f735466cecf":"f.2C654B565EAAE04F20F597F65BFF9971.d.DAB69813CE0338D31B6BE7C77077B23F.e.7736","ELEMENT":"f.2C654B565EAAE04F20F597F65BFF9971.d.DAB69813CE0338D31B6BE7C77077B23F.e.7736"}]}
RESULT: {"script":"<script> [56 bytes]","args":[{"element-6066-11e4-a52e-4f735466cecf":"f.2C654B565EAAE04F20F597F65BFF9971.d.DAB69813CE0338D31B6BE7C77077B23F.e.7736","ELEMENT":"f.2C654B565EAAE04F20F597F65BFF9971.d.DAB69813CE0338D31B6BE7C77077B23F.e.7736"}]}
COMMAND: GET /session/1a7f7d058614b09b54cdbc5dd28664a9/element/f.2C654B565EAAE04F20F597F65BFF9971.d.DAB69813CE0338D31B6BE7C77077B23F.e.7735/attribute/aria-checked - {}
COMMAND: GET /session/1a7f7d058614b09b54cdbc5dd28664a9/screenshot - {}
RESULT: {}
COMMAND: POST /session/1a7f7d058614b09b54cdbc5dd28664a9/element - {"using":"xpath","value":"//table[contains(@id, \"listView-innerSelectionPanelTable-listUl\")]/tbody/tr[8]/td[2]/div/div"}
RESULT: {}
RESULT: {"using":"xpath","value":"//table[contains(@id, \"listView-innerSelectionPanelTable-listUl\")]/tbody/tr[8]/td[2]/div/div"}
COMMAND: POST /session/1a7f7d058614b09b54cdbc5dd28664a9/element - {"using":"xpath","value":"//table[contains(@id, \"listView-innerSelectionPanelTable-listUl\")]/tbody/tr[8]/td[2]/div"}
RESULT: {"using":"xpath","value":"//table[contains(@id, \"listView-innerSelectionPanelTable-listUl\")]/tbody/tr[8]/td[2]/div"}
COMMAND: POST /session/1a7f7d058614b09b54cdbc5dd28664a9/element - {"using":"xpath","value":"//table[contains(@id, \"listView-innerSelectionPanelTable-listUl\")]/tbody/tr[8]/td[3]/div/div/span/span[1]/bdi"}
RESULT: {"using":"xpath","value":"//table[contains(@id, \"listView-innerSelectionPanelTable-listUl\")]/tbody/tr[8]/td[3]/div/div/span/span[1]/bdi"}
COMMAND: POST /session/1a7f7d058614b09b54cdbc5dd28664a9/execute/sync - {"script":"<script> [56 bytes]","args":[{"element-6066-11e4-a52e-4f735466cecf":"f.2C654B565EAAE04F20F597F65BFF9971.d.DAB69813CE0338D31B6BE7C77077B23F.e.7739","ELEMENT":"f.2C654B565EAAE04F20F597F65BFF9971.d.DAB69813CE0338D31B6BE7C77077B23F.e.7739"}]}
RESULT: {"script":"<script> [56 bytes]","args":[{"element-6066-11e4-a52e-4f735466cecf":"f.2C654B565EAAE04F20F597F65BFF9971.d.DAB69813CE0338D31B6BE7C77077B23F.e.7739","ELEMENT":"f.2C654B565EAAE04F20F597F65BFF9971.d.DAB69813CE0338D31B6BE7C77077B23F.e.7739"}]}
COMMAND: GET /session/1a7f7d058614b09b54cdbc5dd28664a9/element/f.2C654B565EAAE04F20F597F65BFF9971.d.DAB69813CE0338D31B6BE7C77077B23F.e.7738/attribute/aria-checked - {}
COMMAND: GET /session/1a7f7d058614b09b54cdbc5dd28664a9/screenshot - {}
RESULT: {}
COMMAND: POST /session/1a7f7d058614b09b54cdbc5dd28664a9/element - {"using":"xpath","value":"//table[contains(@id, \"listView-innerSelectionPanelTable-listUl\")]/tbody/tr[9]/td[2]/div/div"}
RESULT: {}
RESULT: {"using":"xpath","value":"//table[contains(@id, \"listView-innerSelectionPanelTable-listUl\")]/tbody/tr[9]/td[2]/div/div"}
COMMAND: POST /session/1a7f7d058614b09b54cdbc5dd28664a9/element - {"using":"xpath","value":"//table[contains(@id, \"listView-innerSelectionPanelTable-listUl\")]/tbody/tr[9]/td[2]/div"}
RESULT: {"using":"xpath","value":"//table[contains(@id, \"listView-innerSelectionPanelTable-listUl\")]/tbody/tr[9]/td[2]/div"}
COMMAND: POST /session/1a7f7d058614b09b54cdbc5dd28664a9/element - {"using":"xpath","value":"//table[contains(@id, \"listView-innerSelectionPanelTable-listUl\")]/tbody/tr[9]/td[3]/div/div/span/span[1]/bdi"}
RESULT: {"using":"xpath","value":"//table[contains(@id, \"listView-innerSelectionPanelTable-listUl\")]/tbody/tr[9]/td[3]/div/div/span/span[1]/bdi"}
COMMAND: POST /session/1a7f7d058614b09b54cdbc5dd28664a9/execute/sync - {"script":"<script> [56 bytes]","args":[{"element-6066-11e4-a52e-4f735466cecf":"f.2C654B565EAAE04F20F597F65BFF9971.d.DAB69813CE0338D31B6BE7C77077B23F.e.7742","ELEMENT":"f.2C654B565EAAE04F20F597F65BFF9971.d.DAB69813CE0338D31B6BE7C77077B23F.e.7742"}]}
RESULT: {"script":"<script> [56 bytes]","args":[{"element-6066-11e4-a52e-4f735466cecf":"f.2C654B565EAAE04F20F597F65BFF9971.d.DAB69813CE0338D31B6BE7C77077B23F.e.7742","ELEMENT":"f.2C654B565EAAE04F20F597F65BFF9971.d.DAB69813CE0338D31B6BE7C77077B23F.e.7742"}]}
COMMAND: GET /session/1a7f7d058614b09b54cdbc5dd28664a9/element/f.2C654B565EAAE04F20F597F65BFF9971.d.DAB69813CE0338D31B6BE7C77077B23F.e.7741/attribute/aria-checked - {}
COMMAND: GET /session/1a7f7d058614b09b54cdbc5dd28664a9/screenshot - {}
RESULT: {}
COMMAND: POST /session/1a7f7d058614b09b54cdbc5dd28664a9/element - {"using":"xpath","value":"//table[contains(@id, \"listView-innerSelectionPanelTable-listUl\")]/tbody/tr[10]/td[2]/div/div"}
RESULT: {}
RESULT: {"using":"xpath","value":"//table[contains(@id, \"listView-innerSelectionPanelTable-listUl\")]/tbody/tr[10]/td[2]/div/div"}
COMMAND: POST /session/1a7f7d058614b09b54cdbc5dd28664a9/element - {"using":"xpath","value":"//table[contains(@id, \"listView-innerSelectionPanelTable-listUl\")]/tbody/tr[10]/td[2]/div"}
RESULT: {"using":"xpath","value":"//table[contains(@id, \"listView-innerSelectionPanelTable-listUl\")]/tbody/tr[10]/td[2]/div"}
COMMAND: POST /session/1a7f7d058614b09b54cdbc5dd28664a9/element - {"using":"xpath","value":"//table[contains(@id, \"listView-innerSelectionPanelTable-listUl\")]/tbody/tr[10]/td[3]/div/div/span/span[1]/bdi"}
RESULT: {"using":"xpath","value":"//table[contains(@id, \"listView-innerSelectionPanelTable-listUl\")]/tbody/tr[10]/td[3]/div/div/span/span[1]/bdi"}
COMMAND: POST /session/1a7f7d058614b09b54cdbc5dd28664a9/execute/sync - {"script":"<script> [56 bytes]","args":[{"element-6066-11e4-a52e-4f735466cecf":"f.2C654B565EAAE04F20F597F65BFF9971.d.DAB69813CE0338D31B6BE7C77077B23F.e.7745","ELEMENT":"f.2C654B565EAAE04F20F597F65BFF9971.d.DAB69813CE0338D31B6BE7C77077B23F.e.7745"}]}
RESULT: {"script":"<script> [56 bytes]","args":[{"element-6066-11e4-a52e-4f735466cecf":"f.2C654B565EAAE04F20F597F65BFF9971.d.DAB69813CE0338D31B6BE7C77077B23F.e.7745","ELEMENT":"f.2C654B565EAAE04F20F597F65BFF9971.d.DAB69813CE0338D31B6BE7C77077B23F.e.7745"}]}
COMMAND: GET /session/1a7f7d058614b09b54cdbc5dd28664a9/element/f.2C654B565EAAE04F20F597F65BFF9971.d.DAB69813CE0338D31B6BE7C77077B23F.e.7744/attribute/aria-checked - {}
COMMAND: GET /session/1a7f7d058614b09b54cdbc5dd28664a9/screenshot - {}
RESULT: {}
COMMAND: POST /session/1a7f7d058614b09b54cdbc5dd28664a9/element - {"using":"xpath","value":"//table[contains(@id, \"listView-innerSelectionPanelTable-listUl\")]/tbody/tr[11]/td[2]/div/div"}
RESULT: {}
RESULT: {"using":"xpath","value":"//table[contains(@id, \"listView-innerSelectionPanelTable-listUl\")]/tbody/tr[11]/td[2]/div/div"}
COMMAND: POST /session/1a7f7d058614b09b54cdbc5dd28664a9/element - {"using":"xpath","value":"//table[contains(@id, \"listView-innerSelectionPanelTable-listUl\")]/tbody/tr[11]/td[2]/div"}
RESULT: {"using":"xpath","value":"//table[contains(@id, \"listView-innerSelectionPanelTable-listUl\")]/tbody/tr[11]/td[2]/div"}
COMMAND: POST /session/1a7f7d058614b09b54cdbc5dd28664a9/element - {"using":"xpath","value":"//table[contains(@id, \"listView-innerSelectionPanelTable-listUl\")]/tbody/tr[11]/td[3]/div/div/span/span[1]/bdi"}
RESULT: {"using":"xpath","value":"//table[contains(@id, \"listView-innerSelectionPanelTable-listUl\")]/tbody/tr[11]/td[3]/div/div/span/span[1]/bdi"}
COMMAND: POST /session/1a7f7d058614b09b54cdbc5dd28664a9/execute/sync - {"script":"<script> [56 bytes]","args":[{"element-6066-11e4-a52e-4f735466cecf":"f.2C654B565EAAE04F20F597F65BFF9971.d.DAB69813CE0338D31B6BE7C77077B23F.e.7748","ELEMENT":"f.2C654B565EAAE04F20F597F65BFF9971.d.DAB69813CE0338D31B6BE7C77077B23F.e.7748"}]}
RESULT: {"script":"<script> [56 bytes]","args":[{"element-6066-11e4-a52e-4f735466cecf":"f.2C654B565EAAE04F20F597F65BFF9971.d.DAB69813CE0338D31B6BE7C77077B23F.e.7748","ELEMENT":"f.2C654B565EAAE04F20F597F65BFF9971.d.DAB69813CE0338D31B6BE7C77077B23F.e.7748"}]}
COMMAND: GET /session/1a7f7d058614b09b54cdbc5dd28664a9/element/f.2C654B565EAAE04F20F597F65BFF9971.d.DAB69813CE0338D31B6BE7C77077B23F.e.7747/attribute/aria-checked - {}
COMMAND: GET /session/1a7f7d058614b09b54cdbc5dd28664a9/screenshot - {}
RESULT: {}
COMMAND: POST /session/1a7f7d058614b09b54cdbc5dd28664a9/element - {"using":"xpath","value":"//table[contains(@id, \"listView-innerSelectionPanelTable-listUl\")]/tbody/tr[12]/td[2]/div/div"}
RESULT: {}
RESULT: {"using":"xpath","value":"//table[contains(@id, \"listView-innerSelectionPanelTable-listUl\")]/tbody/tr[12]/td[2]/div/div"}
COMMAND: POST /session/1a7f7d058614b09b54cdbc5dd28664a9/element - {"using":"xpath","value":"//table[contains(@id, \"listView-innerSelectionPanelTable-listUl\")]/tbody/tr[12]/td[2]/div"}
RESULT: {"using":"xpath","value":"//table[contains(@id, \"listView-innerSelectionPanelTable-listUl\")]/tbody/tr[12]/td[2]/div"}
COMMAND: POST /session/1a7f7d058614b09b54cdbc5dd28664a9/element - {"using":"xpath","value":"//table[contains(@id, \"listView-innerSelectionPanelTable-listUl\")]/tbody/tr[12]/td[3]/div/div/span/span[1]/bdi"}
RESULT: {"using":"xpath","value":"//table[contains(@id, \"listView-innerSelectionPanelTable-listUl\")]/tbody/tr[12]/td[3]/div/div/span/span[1]/bdi"}
COMMAND: POST /session/1a7f7d058614b09b54cdbc5dd28664a9/execute/sync - {"script":"<script> [56 bytes]","args":[{"element-6066-11e4-a52e-4f735466cecf":"f.2C654B565EAAE04F20F597F65BFF9971.d.DAB69813CE0338D31B6BE7C77077B23F.e.7751","ELEMENT":"f.2C654B565EAAE04F20F597F65BFF9971.d.DAB69813CE0338D31B6BE7C77077B23F.e.7751"}]}
RESULT: {"script":"<script> [56 bytes]","args":[{"element-6066-11e4-a52e-4f735466cecf":"f.2C654B565EAAE04F20F597F65BFF9971.d.DAB69813CE0338D31B6BE7C77077B23F.e.7751","ELEMENT":"f.2C654B565EAAE04F20F597F65BFF9971.d.DAB69813CE0338D31B6BE7C77077B23F.e.7751"}]}
COMMAND: GET /session/1a7f7d058614b09b54cdbc5dd28664a9/element/f.2C654B565EAAE04F20F597F65BFF9971.d.DAB69813CE0338D31B6BE7C77077B23F.e.7750/attribute/aria-checked - {}
COMMAND: GET /session/1a7f7d058614b09b54cdbc5dd28664a9/screenshot - {}
RESULT: {}
COMMAND: POST /session/1a7f7d058614b09b54cdbc5dd28664a9/element - {"using":"xpath","value":"//table[contains(@id, \"listView-innerSelectionPanelTable-listUl\")]/tbody/tr[13]/td[2]/div/div"}
RESULT: {}
RESULT: {"using":"xpath","value":"//table[contains(@id, \"listView-innerSelectionPanelTable-listUl\")]/tbody/tr[13]/td[2]/div/div"}
COMMAND: POST /session/1a7f7d058614b09b54cdbc5dd28664a9/element - {"using":"xpath","value":"//table[contains(@id, \"listView-innerSelectionPanelTable-listUl\")]/tbody/tr[13]/td[2]/div"}
RESULT: {"using":"xpath","value":"//table[contains(@id, \"listView-innerSelectionPanelTable-listUl\")]/tbody/tr[13]/td[2]/div"}
COMMAND: POST /session/1a7f7d058614b09b54cdbc5dd28664a9/element - {"using":"xpath","value":"//table[contains(@id, \"listView-innerSelectionPanelTable-listUl\")]/tbody/tr[13]/td[3]/div/div/span/span[1]/bdi"}
RESULT: {"using":"xpath","value":"//table[contains(@id, \"listView-innerSelectionPanelTable-listUl\")]/tbody/tr[13]/td[3]/div/div/span/span[1]/bdi"}
COMMAND: POST /session/1a7f7d058614b09b54cdbc5dd28664a9/execute/sync - {"script":"<script> [56 bytes]","args":[{"element-6066-11e4-a52e-4f735466cecf":"f.2C654B565EAAE04F20F597F65BFF9971.d.DAB69813CE0338D31B6BE7C77077B23F.e.7754","ELEMENT":"f.2C654B565EAAE04F20F597F65BFF9971.d.DAB69813CE0338D31B6BE7C77077B23F.e.7754"}]}
RESULT: {"script":"<script> [56 bytes]","args":[{"element-6066-11e4-a52e-4f735466cecf":"f.2C654B565EAAE04F20F597F65BFF9971.d.DAB69813CE0338D31B6BE7C77077B23F.e.7754","ELEMENT":"f.2C654B565EAAE04F20F597F65BFF9971.d.DAB69813CE0338D31B6BE7C77077B23F.e.7754"}]}
COMMAND: GET /session/1a7f7d058614b09b54cdbc5dd28664a9/element/f.2C654B565EAAE04F20F597F65BFF9971.d.DAB69813CE0338D31B6BE7C77077B23F.e.7753/attribute/aria-checked - {}
COMMAND: GET /session/1a7f7d058614b09b54cdbc5dd28664a9/screenshot - {}
RESULT: {}
COMMAND: POST /session/1a7f7d058614b09b54cdbc5dd28664a9/element - {"using":"xpath","value":"//table[contains(@id, \"listView-innerSelectionPanelTable-listUl\")]/tbody/tr[14]/td[2]/div/div"}
RESULT: {}
RESULT: {"using":"xpath","value":"//table[contains(@id, \"listView-innerSelectionPanelTable-listUl\")]/tbody/tr[14]/td[2]/div/div"}
COMMAND: POST /session/1a7f7d058614b09b54cdbc5dd28664a9/element - {"using":"xpath","value":"//table[contains(@id, \"listView-innerSelectionPanelTable-listUl\")]/tbody/tr[14]/td[2]/div"}
RESULT: {"using":"xpath","value":"//table[contains(@id, \"listView-innerSelectionPanelTable-listUl\")]/tbody/tr[14]/td[2]/div"}
COMMAND: POST /session/1a7f7d058614b09b54cdbc5dd28664a9/element - {"using":"xpath","value":"//table[contains(@id, \"listView-innerSelectionPanelTable-listUl\")]/tbody/tr[14]/td[3]/div/div/span/span[1]/bdi"}
RESULT: {"using":"xpath","value":"//table[contains(@id, \"listView-innerSelectionPanelTable-listUl\")]/tbody/tr[14]/td[3]/div/div/span/span[1]/bdi"}
COMMAND: POST /session/1a7f7d058614b09b54cdbc5dd28664a9/execute/sync - {"script":"<script> [56 bytes]","args":[{"element-6066-11e4-a52e-4f735466cecf":"f.2C654B565EAAE04F20F597F65BFF9971.d.DAB69813CE0338D31B6BE7C77077B23F.e.7757","ELEMENT":"f.2C654B565EAAE04F20F597F65BFF9971.d.DAB69813CE0338D31B6BE7C77077B23F.e.7757"}]}
RESULT: {"script":"<script> [56 bytes]","args":[{"element-6066-11e4-a52e-4f735466cecf":"f.2C654B565EAAE04F20F597F65BFF9971.d.DAB69813CE0338D31B6BE7C77077B23F.e.7757","ELEMENT":"f.2C654B565EAAE04F20F597F65BFF9971.d.DAB69813CE0338D31B6BE7C77077B23F.e.7757"}]}
COMMAND: GET /session/1a7f7d058614b09b54cdbc5dd28664a9/element/f.2C654B565EAAE04F20F597F65BFF9971.d.DAB69813CE0338D31B6BE7C77077B23F.e.7756/attribute/aria-checked - {}
COMMAND: GET /session/1a7f7d058614b09b54cdbc5dd28664a9/screenshot - {}
RESULT: {}
COMMAND: POST /session/1a7f7d058614b09b54cdbc5dd28664a9/element - {"using":"xpath","value":"//table[contains(@id, \"listView-innerSelectionPanelTable-listUl\")]/tbody/tr[15]/td[2]/div/div"}
RESULT: {}
RESULT: {"using":"xpath","value":"//table[contains(@id, \"listView-innerSelectionPanelTable-listUl\")]/tbody/tr[15]/td[2]/div/div"}
COMMAND: POST /session/1a7f7d058614b09b54cdbc5dd28664a9/element - {"using":"xpath","value":"//table[contains(@id, \"listView-innerSelectionPanelTable-listUl\")]/tbody/tr[15]/td[2]/div"}
RESULT: {"using":"xpath","value":"//table[contains(@id, \"listView-innerSelectionPanelTable-listUl\")]/tbody/tr[15]/td[2]/div"}
COMMAND: POST /session/1a7f7d058614b09b54cdbc5dd28664a9/element - {"using":"xpath","value":"//table[contains(@id, \"listView-innerSelectionPanelTable-listUl\")]/tbody/tr[15]/td[3]/div/div/span/span[1]/bdi"}
RESULT: {"using":"xpath","value":"//table[contains(@id, \"listView-innerSelectionPanelTable-listUl\")]/tbody/tr[15]/td[3]/div/div/span/span[1]/bdi"}
COMMAND: POST /session/1a7f7d058614b09b54cdbc5dd28664a9/execute/sync - {"script":"<script> [56 bytes]","args":[{"element-6066-11e4-a52e-4f735466cecf":"f.2C654B565EAAE04F20F597F65BFF9971.d.DAB69813CE0338D31B6BE7C77077B23F.e.7760","ELEMENT":"f.2C654B565EAAE04F20F597F65BFF9971.d.DAB69813CE0338D31B6BE7C77077B23F.e.7760"}]}
RESULT: {"script":"<script> [56 bytes]","args":[{"element-6066-11e4-a52e-4f735466cecf":"f.2C654B565EAAE04F20F597F65BFF9971.d.DAB69813CE0338D31B6BE7C77077B23F.e.7760","ELEMENT":"f.2C654B565EAAE04F20F597F65BFF9971.d.DAB69813CE0338D31B6BE7C77077B23F.e.7760"}]}
COMMAND: GET /session/1a7f7d058614b09b54cdbc5dd28664a9/element/f.2C654B565EAAE04F20F597F65BFF9971.d.DAB69813CE0338D31B6BE7C77077B23F.e.7759/attribute/aria-checked - {}
COMMAND: GET /session/1a7f7d058614b09b54cdbc5dd28664a9/screenshot - {}
RESULT: {}
COMMAND: POST /session/1a7f7d058614b09b54cdbc5dd28664a9/element - {"using":"xpath","value":"//table[contains(@id, \"listView-innerSelectionPanelTable-listUl\")]/tbody/tr[16]/td[2]/div/div"}
RESULT: {}
RESULT: {"using":"xpath","value":"//table[contains(@id, \"listView-innerSelectionPanelTable-listUl\")]/tbody/tr[16]/td[2]/div/div"}
COMMAND: POST /session/1a7f7d058614b09b54cdbc5dd28664a9/element - {"using":"xpath","value":"//table[contains(@id, \"listView-innerSelectionPanelTable-listUl\")]/tbody/tr[16]/td[2]/div"}
RESULT: {"using":"xpath","value":"//table[contains(@id, \"listView-innerSelectionPanelTable-listUl\")]/tbody/tr[16]/td[2]/div"}
COMMAND: POST /session/1a7f7d058614b09b54cdbc5dd28664a9/element - {"using":"xpath","value":"//table[contains(@id, \"listView-innerSelectionPanelTable-listUl\")]/tbody/tr[16]/td[3]/div/div/span/span[1]/bdi"}
RESULT: {"using":"xpath","value":"//table[contains(@id, \"listView-innerSelectionPanelTable-listUl\")]/tbody/tr[16]/td[3]/div/div/span/span[1]/bdi"}
COMMAND: POST /session/1a7f7d058614b09b54cdbc5dd28664a9/execute/sync - {"script":"<script> [56 bytes]","args":[{"element-6066-11e4-a52e-4f735466cecf":"f.2C654B565EAAE04F20F597F65BFF9971.d.DAB69813CE0338D31B6BE7C77077B23F.e.7763","ELEMENT":"f.2C654B565EAAE04F20F597F65BFF9971.d.DAB69813CE0338D31B6BE7C77077B23F.e.7763"}]}
RESULT: {"script":"<script> [56 bytes]","args":[{"element-6066-11e4-a52e-4f735466cecf":"f.2C654B565EAAE04F20F597F65BFF9971.d.DAB69813CE0338D31B6BE7C77077B23F.e.7763","ELEMENT":"f.2C654B565EAAE04F20F597F65BFF9971.d.DAB69813CE0338D31B6BE7C77077B23F.e.7763"}]}
COMMAND: GET /session/1a7f7d058614b09b54cdbc5dd28664a9/element/f.2C654B565EAAE04F20F597F65BFF9971.d.DAB69813CE0338D31B6BE7C77077B23F.e.7762/attribute/aria-checked - {}
COMMAND: GET /session/1a7f7d058614b09b54cdbc5dd28664a9/screenshot - {}
RESULT: {}
COMMAND: POST /session/1a7f7d058614b09b54cdbc5dd28664a9/element - {"using":"xpath","value":"//table[contains(@id, \"listView-innerSelectionPanelTable-listUl\")]/tbody/tr[17]/td[2]/div/div"}
RESULT: {}
RESULT: {"using":"xpath","value":"//table[contains(@id, \"listView-innerSelectionPanelTable-listUl\")]/tbody/tr[17]/td[2]/div/div"}
COMMAND: POST /session/1a7f7d058614b09b54cdbc5dd28664a9/element - {"using":"xpath","value":"//table[contains(@id, \"listView-innerSelectionPanelTable-listUl\")]/tbody/tr[17]/td[2]/div"}
RESULT: {"using":"xpath","value":"//table[contains(@id, \"listView-innerSelectionPanelTable-listUl\")]/tbody/tr[17]/td[2]/div"}
COMMAND: POST /session/1a7f7d058614b09b54cdbc5dd28664a9/element - {"using":"xpath","value":"//table[contains(@id, \"listView-innerSelectionPanelTable-listUl\")]/tbody/tr[17]/td[3]/div/div/span/span[1]/bdi"}
RESULT: {"using":"xpath","value":"//table[contains(@id, \"listView-innerSelectionPanelTable-listUl\")]/tbody/tr[17]/td[3]/div/div/span/span[1]/bdi"}
COMMAND: POST /session/1a7f7d058614b09b54cdbc5dd28664a9/execute/sync - {"script":"<script> [56 bytes]","args":[{"element-6066-11e4-a52e-4f735466cecf":"f.2C654B565EAAE04F20F597F65BFF9971.d.DAB69813CE0338D31B6BE7C77077B23F.e.7766","ELEMENT":"f.2C654B565EAAE04F20F597F65BFF9971.d.DAB69813CE0338D31B6BE7C77077B23F.e.7766"}]}
RESULT: {"script":"<script> [56 bytes]","args":[{"element-6066-11e4-a52e-4f735466cecf":"f.2C654B565EAAE04F20F597F65BFF9971.d.DAB69813CE0338D31B6BE7C77077B23F.e.7766","ELEMENT":"f.2C654B565EAAE04F20F597F65BFF9971.d.DAB69813CE0338D31B6BE7C77077B23F.e.7766"}]}
COMMAND: GET /session/1a7f7d058614b09b54cdbc5dd28664a9/element/f.2C654B565EAAE04F20F597F65BFF9971.d.DAB69813CE0338D31B6BE7C77077B23F.e.7765/attribute/aria-checked - {}
COMMAND: GET /session/1a7f7d058614b09b54cdbc5dd28664a9/screenshot - {}
RESULT: {}
COMMAND: POST /session/1a7f7d058614b09b54cdbc5dd28664a9/element - {"using":"xpath","value":"//table[contains(@id, \"listView-innerSelectionPanelTable-listUl\")]/tbody/tr[18]/td[2]/div/div"}
RESULT: {}
RESULT: {"using":"xpath","value":"//table[contains(@id, \"listView-innerSelectionPanelTable-listUl\")]/tbody/tr[18]/td[2]/div/div"}
COMMAND: POST /session/1a7f7d058614b09b54cdbc5dd28664a9/element - {"using":"xpath","value":"//table[contains(@id, \"listView-innerSelectionPanelTable-listUl\")]/tbody/tr[18]/td[2]/div"}
RESULT: {"using":"xpath","value":"//table[contains(@id, \"listView-innerSelectionPanelTable-listUl\")]/tbody/tr[18]/td[2]/div"}
COMMAND: POST /session/1a7f7d058614b09b54cdbc5dd28664a9/element - {"using":"xpath","value":"//table[contains(@id, \"listView-innerSelectionPanelTable-listUl\")]/tbody/tr[18]/td[3]/div/div/span/span[1]/bdi"}
RESULT: {"using":"xpath","value":"//table[contains(@id, \"listView-innerSelectionPanelTable-listUl\")]/tbody/tr[18]/td[3]/div/div/span/span[1]/bdi"}
COMMAND: POST /session/1a7f7d058614b09b54cdbc5dd28664a9/execute/sync - {"script":"<script> [56 bytes]","args":[{"element-6066-11e4-a52e-4f735466cecf":"f.2C654B565EAAE04F20F597F65BFF9971.d.DAB69813CE0338D31B6BE7C77077B23F.e.7769","ELEMENT":"f.2C654B565EAAE04F20F597F65BFF9971.d.DAB69813CE0338D31B6BE7C77077B23F.e.7769"}]}
RESULT: {"script":"<script> [56 bytes]","args":[{"element-6066-11e4-a52e-4f735466cecf":"f.2C654B565EAAE04F20F597F65BFF9971.d.DAB69813CE0338D31B6BE7C77077B23F.e.7769","ELEMENT":"f.2C654B565EAAE04F20F597F65BFF9971.d.DAB69813CE0338D31B6BE7C77077B23F.e.7769"}]}
COMMAND: GET /session/1a7f7d058614b09b54cdbc5dd28664a9/element/f.2C654B565EAAE04F20F597F65BFF9971.d.DAB69813CE0338D31B6BE7C77077B23F.e.7768/attribute/aria-checked - {}
COMMAND: GET /session/1a7f7d058614b09b54cdbc5dd28664a9/screenshot - {}
RESULT: {}
COMMAND: POST /session/1a7f7d058614b09b54cdbc5dd28664a9/element - {"using":"xpath","value":"//table[contains(@id, \"listView-innerSelectionPanelTable-listUl\")]/tbody/tr[19]/td[2]/div/div"}
RESULT: {}
RESULT: {"using":"xpath","value":"//table[contains(@id, \"listView-innerSelectionPanelTable-listUl\")]/tbody/tr[19]/td[2]/div/div"}
COMMAND: POST /session/1a7f7d058614b09b54cdbc5dd28664a9/element - {"using":"xpath","value":"//table[contains(@id, \"listView-innerSelectionPanelTable-listUl\")]/tbody/tr[19]/td[2]/div"}
RESULT: {"using":"xpath","value":"//table[contains(@id, \"listView-innerSelectionPanelTable-listUl\")]/tbody/tr[19]/td[2]/div"}
COMMAND: POST /session/1a7f7d058614b09b54cdbc5dd28664a9/element - {"using":"xpath","value":"//table[contains(@id, \"listView-innerSelectionPanelTable-listUl\")]/tbody/tr[19]/td[3]/div/div/span/span[1]/bdi"}
RESULT: {"using":"xpath","value":"//table[contains(@id, \"listView-innerSelectionPanelTable-listUl\")]/tbody/tr[19]/td[3]/div/div/span/span[1]/bdi"}
COMMAND: POST /session/1a7f7d058614b09b54cdbc5dd28664a9/execute/sync - {"script":"<script> [56 bytes]","args":[{"element-6066-11e4-a52e-4f735466cecf":"f.2C654B565EAAE04F20F597F65BFF9971.d.DAB69813CE0338D31B6BE7C77077B23F.e.7772","ELEMENT":"f.2C654B565EAAE04F20F597F65BFF9971.d.DAB69813CE0338D31B6BE7C77077B23F.e.7772"}]}
RESULT: {"script":"<script> [56 bytes]","args":[{"element-6066-11e4-a52e-4f735466cecf":"f.2C654B565EAAE04F20F597F65BFF9971.d.DAB69813CE0338D31B6BE7C77077B23F.e.7772","ELEMENT":"f.2C654B565EAAE04F20F597F65BFF9971.d.DAB69813CE0338D31B6BE7C77077B23F.e.7772"}]}
COMMAND: GET /session/1a7f7d058614b09b54cdbc5dd28664a9/element/f.2C654B565EAAE04F20F597F65BFF9971.d.DAB69813CE0338D31B6BE7C77077B23F.e.7771/attribute/aria-checked - {}
COMMAND: GET /session/1a7f7d058614b09b54cdbc5dd28664a9/screenshot - {}
RESULT: {}
COMMAND: POST /session/1a7f7d058614b09b54cdbc5dd28664a9/element - {"using":"xpath","value":"//table[contains(@id, \"listView-innerSelectionPanelTable-listUl\")]/tbody/tr[20]/td[2]/div/div"}
RESULT: {}
RESULT: {"using":"xpath","value":"//table[contains(@id, \"listView-innerSelectionPanelTable-listUl\")]/tbody/tr[20]/td[2]/div/div"}
COMMAND: POST /session/1a7f7d058614b09b54cdbc5dd28664a9/element - {"using":"xpath","value":"//table[contains(@id, \"listView-innerSelectionPanelTable-listUl\")]/tbody/tr[20]/td[2]/div"}
RESULT: {"using":"xpath","value":"//table[contains(@id, \"listView-innerSelectionPanelTable-listUl\")]/tbody/tr[20]/td[2]/div"}
COMMAND: POST /session/1a7f7d058614b09b54cdbc5dd28664a9/element - {"using":"xpath","value":"//table[contains(@id, \"listView-innerSelectionPanelTable-listUl\")]/tbody/tr[20]/td[3]/div/div/span/span[1]/bdi"}
RESULT: {"using":"xpath","value":"//table[contains(@id, \"listView-innerSelectionPanelTable-listUl\")]/tbody/tr[20]/td[3]/div/div/span/span[1]/bdi"}
COMMAND: POST /session/1a7f7d058614b09b54cdbc5dd28664a9/execute/sync - {"script":"<script> [56 bytes]","args":[{"element-6066-11e4-a52e-4f735466cecf":"f.2C654B565EAAE04F20F597F65BFF9971.d.DAB69813CE0338D31B6BE7C77077B23F.e.7775","ELEMENT":"f.2C654B565EAAE04F20F597F65BFF9971.d.DAB69813CE0338D31B6BE7C77077B23F.e.7775"}]}
RESULT: {"script":"<script> [56 bytes]","args":[{"element-6066-11e4-a52e-4f735466cecf":"f.2C654B565EAAE04F20F597F65BFF9971.d.DAB69813CE0338D31B6BE7C77077B23F.e.7775","ELEMENT":"f.2C654B565EAAE04F20F597F65BFF9971.d.DAB69813CE0338D31B6BE7C77077B23F.e.7775"}]}
COMMAND: GET /session/1a7f7d058614b09b54cdbc5dd28664a9/element/f.2C654B565EAAE04F20F597F65BFF9971.d.DAB69813CE0338D31B6BE7C77077B23F.e.7774/attribute/aria-checked - {}
COMMAND: GET /session/1a7f7d058614b09b54cdbc5dd28664a9/screenshot - {}
RESULT: {}
COMMAND: POST /session/1a7f7d058614b09b54cdbc5dd28664a9/element - {"using":"xpath","value":"//table[contains(@id, \"listView-innerSelectionPanelTable-listUl\")]/tbody/tr[21]/td[2]/div/div"}
COMMAND: POST /session/1a7f7d058614b09b54cdbc5dd28664a9/element/f.2C654B565EAAE04F20F597F65BFF9971.d.DAB69813CE0338D31B6BE7C77077B23F.e.7773/click - {}
RESULT: {}
RESULT: {"using":"xpath","value":"//table[contains(@id, \"listView-innerSelectionPanelTable-listUl\")]/tbody/tr[21]/td[2]/div/div"}
COMMAND: POST /session/1a7f7d058614b09b54cdbc5dd28664a9/element - {"using":"xpath","value":"//table[contains(@id, \"listView-innerSelectionPanelTable-listUl\")]/tbody/tr[21]/td[2]/div"}
RESULT: {}
COMMAND: GET /session/1a7f7d058614b09b54cdbc5dd28664a9/screenshot - {}
RESULT: {"using":"xpath","value":"//table[contains(@id, \"listView-innerSelectionPanelTable-listUl\")]/tbody/tr[21]/td[2]/div"}
COMMAND: POST /session/1a7f7d058614b09b54cdbc5dd28664a9/element - {"using":"xpath","value":"//table[contains(@id, \"listView-innerSelectionPanelTable-listUl\")]/tbody/tr[21]/td[3]/div/div/span/span[1]/bdi"}
RESULT: {}
RESULT: {"using":"xpath","value":"//table[contains(@id, \"listView-innerSelectionPanelTable-listUl\")]/tbody/tr[21]/td[3]/div/div/span/span[1]/bdi"}
COMMAND: POST /session/1a7f7d058614b09b54cdbc5dd28664a9/execute/sync - {"script":"<script> [56 bytes]","args":[{"element-6066-11e4-a52e-4f735466cecf":"f.2C654B565EAAE04F20F597F65BFF9971.d.DAB69813CE0338D31B6BE7C77077B23F.e.7781","ELEMENT":"f.2C654B565EAAE04F20F597F65BFF9971.d.DAB69813CE0338D31B6BE7C77077B23F.e.7781"}]}
RESULT: {"script":"<script> [56 bytes]","args":[{"element-6066-11e4-a52e-4f735466cecf":"f.2C654B565EAAE04F20F597F65BFF9971.d.DAB69813CE0338D31B6BE7C77077B23F.e.7781","ELEMENT":"f.2C654B565EAAE04F20F597F65BFF9971.d.DAB69813CE0338D31B6BE7C77077B23F.e.7781"}]}
COMMAND: GET /session/1a7f7d058614b09b54cdbc5dd28664a9/element/f.2C654B565EAAE04F20F597F65BFF9971.d.DAB69813CE0338D31B6BE7C77077B23F.e.7780/attribute/aria-checked - {}
COMMAND: GET /session/1a7f7d058614b09b54cdbc5dd28664a9/screenshot - {}
RESULT: {}
COMMAND: POST /session/1a7f7d058614b09b54cdbc5dd28664a9/element - {"using":"xpath","value":"//table[contains(@id, \"listView-innerSelectionPanelTable-listUl\")]/tbody/tr[22]/td[2]/div/div"}
COMMAND: POST /session/1a7f7d058614b09b54cdbc5dd28664a9/element/f.2C654B565EAAE04F20F597F65BFF9971.d.DAB69813CE0338D31B6BE7C77077B23F.e.7776/click - {}
RESULT: {}
RESULT: {"using":"xpath","value":"//table[contains(@id, \"listView-innerSelectionPanelTable-listUl\")]/tbody/tr[22]/td[2]/div/div"}
COMMAND: POST /session/1a7f7d058614b09b54cdbc5dd28664a9/element - {"using":"xpath","value":"//table[contains(@id, \"listView-innerSelectionPanelTable-listUl\")]/tbody/tr[22]/td[2]/div"}
RESULT: {}
COMMAND: GET /session/1a7f7d058614b09b54cdbc5dd28664a9/screenshot - {}
RESULT: {"using":"xpath","value":"//table[contains(@id, \"listView-innerSelectionPanelTable-listUl\")]/tbody/tr[22]/td[2]/div"}
COMMAND: POST /session/1a7f7d058614b09b54cdbc5dd28664a9/element - {"using":"xpath","value":"//table[contains(@id, \"listView-innerSelectionPanelTable-listUl\")]/tbody/tr[22]/td[3]/div/div/span/span[1]/bdi"}
RESULT: {}
RESULT: {"using":"xpath","value":"//table[contains(@id, \"listView-innerSelectionPanelTable-listUl\")]/tbody/tr[22]/td[3]/div/div/span/span[1]/bdi"}
COMMAND: POST /session/1a7f7d058614b09b54cdbc5dd28664a9/execute/sync - {"script":"<script> [56 bytes]","args":[{"element-6066-11e4-a52e-4f735466cecf":"f.2C654B565EAAE04F20F597F65BFF9971.d.DAB69813CE0338D31B6BE7C77077B23F.e.7785","ELEMENT":"f.2C654B565EAAE04F20F597F65BFF9971.d.DAB69813CE0338D31B6BE7C77077B23F.e.7785"}]}
RESULT: {"script":"<script> [56 bytes]","args":[{"element-6066-11e4-a52e-4f735466cecf":"f.2C654B565EAAE04F20F597F65BFF9971.d.DAB69813CE0338D31B6BE7C77077B23F.e.7785","ELEMENT":"f.2C654B565EAAE04F20F597F65BFF9971.d.DAB69813CE0338D31B6BE7C77077B23F.e.7785"}]}
COMMAND: GET /session/1a7f7d058614b09b54cdbc5dd28664a9/element/f.2C654B565EAAE04F20F597F65BFF9971.d.DAB69813CE0338D31B6BE7C77077B23F.e.7784/attribute/aria-checked - {}
COMMAND: GET /session/1a7f7d058614b09b54cdbc5dd28664a9/screenshot - {}
RESULT: {}
COMMAND: POST /session/1a7f7d058614b09b54cdbc5dd28664a9/element - {"using":"xpath","value":"//table[contains(@id, \"listView-innerSelectionPanelTable-listUl\")]/tbody/tr[23]/td[2]/div/div"}
RESULT: {}
RESULT: {"using":"xpath","value":"//table[contains(@id, \"listView-innerSelectionPanelTable-listUl\")]/tbody/tr[23]/td[2]/div/div"}
COMMAND: POST /session/1a7f7d058614b09b54cdbc5dd28664a9/element - {"using":"xpath","value":"//table[contains(@id, \"listView-innerSelectionPanelTable-listUl\")]/tbody/tr[23]/td[2]/div"}
RESULT: {"using":"xpath","value":"//table[contains(@id, \"listView-innerSelectionPanelTable-listUl\")]/tbody/tr[23]/td[2]/div"}
COMMAND: POST /session/1a7f7d058614b09b54cdbc5dd28664a9/element - {"using":"xpath","value":"//table[contains(@id, \"listView-innerSelectionPanelTable-listUl\")]/tbody/tr[23]/td[3]/div/div/span/span[1]/bdi"}
RESULT: {"using":"xpath","value":"//table[contains(@id, \"listView-innerSelectionPanelTable-listUl\")]/tbody/tr[23]/td[3]/div/div/span/span[1]/bdi"}
COMMAND: POST /session/1a7f7d058614b09b54cdbc5dd28664a9/execute/sync - {"script":"<script> [56 bytes]","args":[{"element-6066-11e4-a52e-4f735466cecf":"f.2C654B565EAAE04F20F597F65BFF9971.d.DAB69813CE0338D31B6BE7C77077B23F.e.7788","ELEMENT":"f.2C654B565EAAE04F20F597F65BFF9971.d.DAB69813CE0338D31B6BE7C77077B23F.e.7788"}]}
RESULT: {"script":"<script> [56 bytes]","args":[{"element-6066-11e4-a52e-4f735466cecf":"f.2C654B565EAAE04F20F597F65BFF9971.d.DAB69813CE0338D31B6BE7C77077B23F.e.7788","ELEMENT":"f.2C654B565EAAE04F20F597F65BFF9971.d.DAB69813CE0338D31B6BE7C77077B23F.e.7788"}]}
COMMAND: GET /session/1a7f7d058614b09b54cdbc5dd28664a9/element/f.2C654B565EAAE04F20F597F65BFF9971.d.DAB69813CE0338D31B6BE7C77077B23F.e.7787/attribute/aria-checked - {}
COMMAND: GET /session/1a7f7d058614b09b54cdbc5dd28664a9/screenshot - {}
RESULT: {}
COMMAND: POST /session/1a7f7d058614b09b54cdbc5dd28664a9/element - {"using":"xpath","value":"//table[contains(@id, \"listView-innerSelectionPanelTable-listUl\")]/tbody/tr[24]/td[2]/div/div"}
RESULT: {}
RESULT: {"using":"xpath","value":"//table[contains(@id, \"listView-innerSelectionPanelTable-listUl\")]/tbody/tr[24]/td[2]/div/div"}
COMMAND: POST /session/1a7f7d058614b09b54cdbc5dd28664a9/element - {"using":"xpath","value":"//table[contains(@id, \"listView-innerSelectionPanelTable-listUl\")]/tbody/tr[24]/td[2]/div"}
RESULT: {"using":"xpath","value":"//table[contains(@id, \"listView-innerSelectionPanelTable-listUl\")]/tbody/tr[24]/td[2]/div"}
COMMAND: POST /session/1a7f7d058614b09b54cdbc5dd28664a9/element - {"using":"xpath","value":"//table[contains(@id, \"listView-innerSelectionPanelTable-listUl\")]/tbody/tr[24]/td[3]/div/div/span/span[1]/bdi"}
RESULT: {"using":"xpath","value":"//table[contains(@id, \"listView-innerSelectionPanelTable-listUl\")]/tbody/tr[24]/td[3]/div/div/span/span[1]/bdi"}
COMMAND: POST /session/1a7f7d058614b09b54cdbc5dd28664a9/execute/sync - {"script":"<script> [56 bytes]","args":[{"element-6066-11e4-a52e-4f735466cecf":"f.2C654B565EAAE04F20F597F65BFF9971.d.DAB69813CE0338D31B6BE7C77077B23F.e.7791","ELEMENT":"f.2C654B565EAAE04F20F597F65BFF9971.d.DAB69813CE0338D31B6BE7C77077B23F.e.7791"}]}
RESULT: {"script":"<script> [56 bytes]","args":[{"element-6066-11e4-a52e-4f735466cecf":"f.2C654B565EAAE04F20F597F65BFF9971.d.DAB69813CE0338D31B6BE7C77077B23F.e.7791","ELEMENT":"f.2C654B565EAAE04F20F597F65BFF9971.d.DAB69813CE0338D31B6BE7C77077B23F.e.7791"}]}
COMMAND: GET /session/1a7f7d058614b09b54cdbc5dd28664a9/element/f.2C654B565EAAE04F20F597F65BFF9971.d.DAB69813CE0338D31B6BE7C77077B23F.e.7790/attribute/aria-checked - {}
COMMAND: GET /session/1a7f7d058614b09b54cdbc5dd28664a9/screenshot - {}
RESULT: {}
COMMAND: POST /session/1a7f7d058614b09b54cdbc5dd28664a9/element - {"using":"xpath","value":"//table[contains(@id, \"listView-innerSelectionPanelTable-listUl\")]/tbody/tr[25]/td[2]/div/div"}
RESULT: {}
RESULT: {"using":"xpath","value":"//table[contains(@id, \"listView-innerSelectionPanelTable-listUl\")]/tbody/tr[25]/td[2]/div/div"}
COMMAND: POST /session/1a7f7d058614b09b54cdbc5dd28664a9/element - {"using":"xpath","value":"//table[contains(@id, \"listView-innerSelectionPanelTable-listUl\")]/tbody/tr[25]/td[2]/div"}
RESULT: {"using":"xpath","value":"//table[contains(@id, \"listView-innerSelectionPanelTable-listUl\")]/tbody/tr[25]/td[2]/div"}
COMMAND: POST /session/1a7f7d058614b09b54cdbc5dd28664a9/element - {"using":"xpath","value":"//table[contains(@id, \"listView-innerSelectionPanelTable-listUl\")]/tbody/tr[25]/td[3]/div/div/span/span[1]/bdi"}
RESULT: {"using":"xpath","value":"//table[contains(@id, \"listView-innerSelectionPanelTable-listUl\")]/tbody/tr[25]/td[3]/div/div/span/span[1]/bdi"}
COMMAND: POST /session/1a7f7d058614b09b54cdbc5dd28664a9/execute/sync - {"script":"<script> [56 bytes]","args":[{"element-6066-11e4-a52e-4f735466cecf":"f.2C654B565EAAE04F20F597F65BFF9971.d.DAB69813CE0338D31B6BE7C77077B23F.e.7794","ELEMENT":"f.2C654B565EAAE04F20F597F65BFF9971.d.DAB69813CE0338D31B6BE7C77077B23F.e.7794"}]}
RESULT: {"script":"<script> [56 bytes]","args":[{"element-6066-11e4-a52e-4f735466cecf":"f.2C654B565EAAE04F20F597F65BFF9971.d.DAB69813CE0338D31B6BE7C77077B23F.e.7794","ELEMENT":"f.2C654B565EAAE04F20F597F65BFF9971.d.DAB69813CE0338D31B6BE7C77077B23F.e.7794"}]}
COMMAND: GET /session/1a7f7d058614b09b54cdbc5dd28664a9/element/f.2C654B565EAAE04F20F597F65BFF9971.d.DAB69813CE0338D31B6BE7C77077B23F.e.7793/attribute/aria-checked - {}
COMMAND: GET /session/1a7f7d058614b09b54cdbc5dd28664a9/screenshot - {}
RESULT: {}
COMMAND: POST /session/1a7f7d058614b09b54cdbc5dd28664a9/element - {"using":"xpath","value":"//bdi[contains(text(), \"OK\")]"}
RESULT: {}
RESULT: {"using":"xpath","value":"//bdi[contains(text(), \"OK\")]"}
COMMAND: POST /session/1a7f7d058614b09b54cdbc5dd28664a9/element/f.2C654B565EAAE04F20F597F65BFF9971.d.DAB69813CE0338D31B6BE7C77077B23F.e.7795/click - {}
RESULT: {}
COMMAND: GET /session/1a7f7d058614b09b54cdbc5dd28664a9/screenshot - {}
RESULT: {}
COMMAND: POST /session/1a7f7d058614b09b54cdbc5dd28664a9/execute/async - {"script":"<script> [1562 bytes]","args":[{"selector":{"id":"application-managepartners-display-component---masterPtm--smartFilterBar-filterItemControlA_-LINK_TO_ADDRESSES_MAIN.ID-vhi"},"wdio_ui5_key":"applicationmanagepartners-display-component---masterPtm--smartFilterBar-filterItemControlA_-LINK_TO_ADDRESSES_MAIN.ID-vhi"}]}
RESULT: {"script":"<script> [1562 bytes]","args":[{"selector":{"id":"application-managepartners-display-component---masterPtm--smartFilterBar-filterItemControlA_-LINK_TO_ADDRESSES_MAIN.ID-vhi"},"wdio_ui5_key":"applicationmanagepartners-display-component---masterPtm--smartFilterBar-filterItemControlA_-LINK_TO_ADDRESSES_MAIN.ID-vhi"}]}
RESULT: undefined
COMMAND: POST /session/1a7f7d058614b09b54cdbc5dd28664a9/element - {"using":"xpath","value":"//*[@id=\"application-managepartners-display-component---masterPtm--smartFilterBar-filterItemControlA_-LINK_TO_ADDRESSES_MAIN.ID-vhi\"]"}
RESULT: {"using":"xpath","value":"//*[@id=\"application-managepartners-display-component---masterPtm--smartFilterBar-filterItemControlA_-LINK_TO_ADDRESSES_MAIN.ID-vhi\"]"}
COMMAND: POST /session/1a7f7d058614b09b54cdbc5dd28664a9/element/f.2C654B565EAAE04F20F597F65BFF9971.d.DAB69813CE0338D31B6BE7C77077B23F.e.7808/click - {}
RESULT: {}
COMMAND: GET /session/1a7f7d058614b09b54cdbc5dd28664a9/screenshot - {}
RESULT: {}
COMMAND: POST /session/1a7f7d058614b09b54cdbc5dd28664a9/execute/async - {"script":"<script> [1562 bytes]","args":[{"selector":{"controlType":"sap.ui.core.Icon","viewName":"etm.portal.ui.managepartners.view.Master","viewId":"application-managepartners-display-component---masterPtm","properties":{"src":{"regex":{"source":"slim\\-arrow\\-down"}}},"searchOpenDialogs":true},"wdio_ui5_key":"etmportal.ui.managepartners.view.Mastersap.ui.core.Icon{\"src\":{\"regex\":{\"source\":\"slim\\\\-arrow\\\\-down\"}}}"}]}
RESULT: {"script":"<script> [1562 bytes]","args":[{"selector":{"controlType":"sap.ui.core.Icon","viewName":"etm.portal.ui.managepartners.view.Master","viewId":"application-managepartners-display-component---masterPtm","properties":{"src":{"regex":{"source":"slim\\-arrow\\-down"}}},"searchOpenDialogs":true},"wdio_ui5_key":"etmportal.ui.managepartners.view.Mastersap.ui.core.Icon{\"src\":{\"regex\":{\"source\":\"slim\\\\-arrow\\\\-down\"}}}"}]}
RESULT: undefined
COMMAND: POST /session/1a7f7d058614b09b54cdbc5dd28664a9/element - {"using":"xpath","value":"//*[@id=\"__box77-arrow\"]"}
RESULT: {"using":"xpath","value":"//*[@id=\"__box77-arrow\"]"}
COMMAND: POST /session/1a7f7d058614b09b54cdbc5dd28664a9/element/f.2C654B565EAAE04F20F597F65BFF9971.d.DAB69813CE0338D31B6BE7C77077B23F.e.7813/click - {}
RESULT: {}
COMMAND: GET /session/1a7f7d058614b09b54cdbc5dd28664a9/screenshot - {}
RESULT: {}
COMMAND: POST /session/1a7f7d058614b09b54cdbc5dd28664a9/element - {"using":"xpath","value":"//li[.//span[text()='equal to']]"}
RESULT: {"using":"xpath","value":"//li[.//span[text()='equal to']]"}
COMMAND: POST /session/1a7f7d058614b09b54cdbc5dd28664a9/element/f.2C654B565EAAE04F20F597F65BFF9971.d.DAB69813CE0338D31B6BE7C77077B23F.e.7814/click - {}
RESULT: {}
COMMAND: GET /session/1a7f7d058614b09b54cdbc5dd28664a9/screenshot - {}
RESULT: {}
RESULT: undefined
COMMAND: POST /session/1a7f7d058614b09b54cdbc5dd28664a9/execute/async - {"script":"<script> [776 bytes]","args":[{"enterText":"1006","selector":{"controlType":"sap.m.Input","viewName":"etm.portal.ui.managepartners.view.Master","viewId":"application-managepartners-display-component---masterPtm","properties":{"valueState":"None"},"searchOpenDialogs":true,"interaction":{"idSuffix":"inner"}},"clearTextFirst":true,"interactionType":"ENTER_TEXT"}]}
RESULT: {"script":"<script> [776 bytes]","args":[{"enterText":"1006","selector":{"controlType":"sap.m.Input","viewName":"etm.portal.ui.managepartners.view.Master","viewId":"application-managepartners-display-component---masterPtm","properties":{"valueState":"None"},"searchOpenDialogs":true,"interaction":{"idSuffix":"inner"}},"clearTextFirst":true,"interactionType":"ENTER_TEXT"}]}
COMMAND: POST /session/1a7f7d058614b09b54cdbc5dd28664a9/actions - {"actions":[{"id":"action22","type":"key","parameters":{},"actions":[{"type":"keyDown","value":"î€‡"},{"type":"pause","duration":10},{"type":"keyUp","value":"î€‡"}]}]}
RESULT: {"actions":[{"id":"action22","type":"key","parameters":{},"actions":[{"type":"keyDown","value":"î€‡"},{"type":"pause","duration":10},{"type":"keyUp","value":"î€‡"}]}]}
COMMAND: GET /session/1a7f7d058614b09b54cdbc5dd28664a9/screenshot - {}
RESULT: {}
COMMAND: POST /session/1a7f7d058614b09b54cdbc5dd28664a9/element - {"using":"xpath","value":"(//bdi[contains(text(), \"OK\")])[1]"}
RESULT: {"using":"xpath","value":"(//bdi[contains(text(), \"OK\")])[1]"}
COMMAND: POST /session/1a7f7d058614b09b54cdbc5dd28664a9/element/f.2C654B565EAAE04F20F597F65BFF9971.d.DAB69813CE0338D31B6BE7C77077B23F.e.7815/click - {}
RESULT: {}
COMMAND: GET /session/1a7f7d058614b09b54cdbc5dd28664a9/screenshot - {}
RESULT: {}
COMMAND: POST /session/1a7f7d058614b09b54cdbc5dd28664a9/element - {"using":"xpath","value":"//span[@id=\"application-managepartners-display-component---masterPtm--smartTable-header-inner\"]"}
RESULT: {"using":"xpath","value":"//span[@id=\"application-managepartners-display-component---masterPtm--smartTable-header-inner\"]"}
COMMAND: POST /session/1a7f7d058614b09b54cdbc5dd28664a9/elements - {"using":"xpath","value":"//span[@id=\"application-managepartners-display-component---masterPtm--smartTable-header-inner\"]"}
RESULT: {"using":"xpath","value":"//span[@id=\"application-managepartners-display-component---masterPtm--smartTable-header-inner\"]"}
COMMAND: POST /session/1a7f7d058614b09b54cdbc5dd28664a9/execute/sync - {"script":"<script> [56 bytes]","args":[{"element-6066-11e4-a52e-4f735466cecf":"f.2C654B565EAAE04F20F597F65BFF9971.d.DAB69813CE0338D31B6BE7C77077B23F.e.7653","ELEMENT":"f.2C654B565EAAE04F20F597F65BFF9971.d.DAB69813CE0338D31B6BE7C77077B23F.e.7653"}]}
RESULT: {"script":"<script> [56 bytes]","args":[{"element-6066-11e4-a52e-4f735466cecf":"f.2C654B565EAAE04F20F597F65BFF9971.d.DAB69813CE0338D31B6BE7C77077B23F.e.7653","ELEMENT":"f.2C654B565EAAE04F20F597F65BFF9971.d.DAB69813CE0338D31B6BE7C77077B23F.e.7653"}]}
COMMAND: POST /session/1a7f7d058614b09b54cdbc5dd28664a9/element - {"using":"xpath","value":"//span[contains(@title, \"Remove\")]"}
COMMAND: GET /session/1a7f7d058614b09b54cdbc5dd28664a9/screenshot - {}
RESULT: {"using":"xpath","value":"//span[contains(@title, \"Remove\")]"}
COMMAND: POST /session/1a7f7d058614b09b54cdbc5dd28664a9/element/f.2C654B565EAAE04F20F597F65BFF9971.d.DAB69813CE0338D31B6BE7C77077B23F.e.7818/click - {}
RESULT: {}
RESULT: {}
COMMAND: GET /session/1a7f7d058614b09b54cdbc5dd28664a9/screenshot - {}
RESULT: {}
RESULT: undefined
COMMAND: POST /session/1a7f7d058614b09b54cdbc5dd28664a9/element - {"using":"xpath","value":"//*[@id=\"application-managepartners-display-component---masterPtm--smartFilterBar-filterItemControl_BASIC-YARD-vhi\"]"}
RESULT: {"using":"xpath","value":"//*[@id=\"application-managepartners-display-component---masterPtm--smartFilterBar-filterItemControl_BASIC-YARD-vhi\"]"}
COMMAND: POST /session/1a7f7d058614b09b54cdbc5dd28664a9/element/f.2C654B565EAAE04F20F597F65BFF9971.d.DAB69813CE0338D31B6BE7C77077B23F.e.7922/click - {}
RESULT: {}
COMMAND: GET /session/1a7f7d058614b09b54cdbc5dd28664a9/screenshot - {}
RESULT: {}
RESULT: undefined
COMMAND: POST /session/1a7f7d058614b09b54cdbc5dd28664a9/execute/async - {"script":"<script> [776 bytes]","args":[{"enterText":"Test","selector":{"id":"application-managepartners-display-component---masterPtm--smartFilterBar-filterItemControl_BASIC-YARD-valueHelpDialog-smartFilterBar-btnBasicSearch","searchOpenDialogs":true,"interaction":{"idSuffix":"I"}},"clearTextFirst":true,"interactionType":"ENTER_TEXT"}]}
RESULT: {"script":"<script> [776 bytes]","args":[{"enterText":"Test","selector":{"id":"application-managepartners-display-component---masterPtm--smartFilterBar-filterItemControl_BASIC-YARD-valueHelpDialog-smartFilterBar-btnBasicSearch","searchOpenDialogs":true,"interaction":{"idSuffix":"I"}},"clearTextFirst":true,"interactionType":"ENTER_TEXT"}]}
COMMAND: POST /session/1a7f7d058614b09b54cdbc5dd28664a9/actions - {"actions":[{"id":"action23","type":"key","parameters":{},"actions":[{"type":"keyDown","value":"î€‡"},{"type":"pause","duration":10},{"type":"keyUp","value":"î€‡"}]}]}
RESULT: {"actions":[{"id":"action23","type":"key","parameters":{},"actions":[{"type":"keyDown","value":"î€‡"},{"type":"pause","duration":10},{"type":"keyUp","value":"î€‡"}]}]}
COMMAND: POST /session/1a7f7d058614b09b54cdbc5dd28664a9/elements - {"using":"xpath","value":"//table[contains(@id, \"smartFilterBar-filterItemControl_BASIC-YARD-valueHelpDialog-table-table\")]/tbody/tr"}
COMMAND: GET /session/1a7f7d058614b09b54cdbc5dd28664a9/screenshot - {}
RESULT: {"using":"xpath","value":"//table[contains(@id, \"smartFilterBar-filterItemControl_BASIC-YARD-valueHelpDialog-table-table\")]/tbody/tr"}
COMMAND: POST /session/1a7f7d058614b09b54cdbc5dd28664a9/element - {"using":"xpath","value":"//table[contains(@id, \"smartFilterBar-filterItemControl_BASIC-YARD-valueHelpDialog-table-table\")]/tbody/tr[1]/td[1]/div/span"}
RESULT: {}
RESULT: {"using":"xpath","value":"//table[contains(@id, \"smartFilterBar-filterItemControl_BASIC-YARD-valueHelpDialog-table-table\")]/tbody/tr[1]/td[1]/div/span"}
COMMAND: POST /session/1a7f7d058614b09b54cdbc5dd28664a9/elements - {"using":"xpath","value":"//table[contains(@id, \"smartFilterBar-filterItemControl_BASIC-YARD-valueHelpDialog-table-table\")]/tbody/tr[1]/td[1]/div/span"}
RESULT: {"using":"xpath","value":"//table[contains(@id, \"smartFilterBar-filterItemControl_BASIC-YARD-valueHelpDialog-table-table\")]/tbody/tr[1]/td[1]/div/span"}
COMMAND: POST /session/1a7f7d058614b09b54cdbc5dd28664a9/execute/sync - {"script":"<script> [56 bytes]","args":[{"element-6066-11e4-a52e-4f735466cecf":"f.2C654B565EAAE04F20F597F65BFF9971.d.DAB69813CE0338D31B6BE7C77077B23F.e.7941","ELEMENT":"f.2C654B565EAAE04F20F597F65BFF9971.d.DAB69813CE0338D31B6BE7C77077B23F.e.7941"}]}
RESULT: {"script":"<script> [56 bytes]","args":[{"element-6066-11e4-a52e-4f735466cecf":"f.2C654B565EAAE04F20F597F65BFF9971.d.DAB69813CE0338D31B6BE7C77077B23F.e.7941","ELEMENT":"f.2C654B565EAAE04F20F597F65BFF9971.d.DAB69813CE0338D31B6BE7C77077B23F.e.7941"}]}
COMMAND: POST /session/1a7f7d058614b09b54cdbc5dd28664a9/element - {"using":"xpath","value":"//table[contains(@id, \"smartFilterBar-filterItemControl_BASIC-YARD-valueHelpDialog-table-table\")]/tbody/tr[2]/td[1]/div/span"}
COMMAND: GET /session/1a7f7d058614b09b54cdbc5dd28664a9/screenshot - {}
RESULT: {"using":"xpath","value":"//table[contains(@id, \"smartFilterBar-filterItemControl_BASIC-YARD-valueHelpDialog-table-table\")]/tbody/tr[2]/td[1]/div/span"}
COMMAND: POST /session/1a7f7d058614b09b54cdbc5dd28664a9/elements - {"using":"xpath","value":"//table[contains(@id, \"smartFilterBar-filterItemControl_BASIC-YARD-valueHelpDialog-table-table\")]/tbody/tr[2]/td[1]/div/span"}
RESULT: {}
RESULT: {"using":"xpath","value":"//table[contains(@id, \"smartFilterBar-filterItemControl_BASIC-YARD-valueHelpDialog-table-table\")]/tbody/tr[2]/td[1]/div/span"}
COMMAND: POST /session/1a7f7d058614b09b54cdbc5dd28664a9/execute/sync - {"script":"<script> [56 bytes]","args":[{"element-6066-11e4-a52e-4f735466cecf":"f.2C654B565EAAE04F20F597F65BFF9971.d.DAB69813CE0338D31B6BE7C77077B23F.e.7942","ELEMENT":"f.2C654B565EAAE04F20F597F65BFF9971.d.DAB69813CE0338D31B6BE7C77077B23F.e.7942"}]}
RESULT: {"script":"<script> [56 bytes]","args":[{"element-6066-11e4-a52e-4f735466cecf":"f.2C654B565EAAE04F20F597F65BFF9971.d.DAB69813CE0338D31B6BE7C77077B23F.e.7942","ELEMENT":"f.2C654B565EAAE04F20F597F65BFF9971.d.DAB69813CE0338D31B6BE7C77077B23F.e.7942"}]}
COMMAND: POST /session/1a7f7d058614b09b54cdbc5dd28664a9/element - {"using":"xpath","value":"//table[contains(@id, \"smartFilterBar-filterItemControl_BASIC-YARD-valueHelpDialog-table-table\")]/tbody/tr[3]/td[1]/div/span"}
COMMAND: GET /session/1a7f7d058614b09b54cdbc5dd28664a9/screenshot - {}
RESULT: {"using":"xpath","value":"//table[contains(@id, \"smartFilterBar-filterItemControl_BASIC-YARD-valueHelpDialog-table-table\")]/tbody/tr[3]/td[1]/div/span"}
COMMAND: POST /session/1a7f7d058614b09b54cdbc5dd28664a9/elements - {"using":"xpath","value":"//table[contains(@id, \"smartFilterBar-filterItemControl_BASIC-YARD-valueHelpDialog-table-table\")]/tbody/tr[3]/td[1]/div/span"}
RESULT: {}
RESULT: {"using":"xpath","value":"//table[contains(@id, \"smartFilterBar-filterItemControl_BASIC-YARD-valueHelpDialog-table-table\")]/tbody/tr[3]/td[1]/div/span"}
COMMAND: POST /session/1a7f7d058614b09b54cdbc5dd28664a9/execute/sync - {"script":"<script> [56 bytes]","args":[{"element-6066-11e4-a52e-4f735466cecf":"f.2C654B565EAAE04F20F597F65BFF9971.d.DAB69813CE0338D31B6BE7C77077B23F.e.7943","ELEMENT":"f.2C654B565EAAE04F20F597F65BFF9971.d.DAB69813CE0338D31B6BE7C77077B23F.e.7943"}]}
RESULT: {"script":"<script> [56 bytes]","args":[{"element-6066-11e4-a52e-4f735466cecf":"f.2C654B565EAAE04F20F597F65BFF9971.d.DAB69813CE0338D31B6BE7C77077B23F.e.7943","ELEMENT":"f.2C654B565EAAE04F20F597F65BFF9971.d.DAB69813CE0338D31B6BE7C77077B23F.e.7943"}]}
COMMAND: POST /session/1a7f7d058614b09b54cdbc5dd28664a9/element - {"using":"xpath","value":"//div[contains(@id, \"filterItemControl_BASIC-YARD-valueHelpDialog-table-rowsel2\")]"}
COMMAND: GET /session/1a7f7d058614b09b54cdbc5dd28664a9/screenshot - {}
RESULT: {"using":"xpath","value":"//div[contains(@id, \"filterItemControl_BASIC-YARD-valueHelpDialog-table-rowsel2\")]"}
COMMAND: POST /session/1a7f7d058614b09b54cdbc5dd28664a9/element/f.2C654B565EAAE04F20F597F65BFF9971.d.DAB69813CE0338D31B6BE7C77077B23F.e.7944/click - {}
RESULT: {}
RESULT: {}
COMMAND: GET /session/1a7f7d058614b09b54cdbc5dd28664a9/screenshot - {}
RESULT: {}
COMMAND: POST /session/1a7f7d058614b09b54cdbc5dd28664a9/element - {"using":"xpath","value":"(//bdi[contains(text(), \"OK\")])[1]"}
RESULT: {"using":"xpath","value":"(//bdi[contains(text(), \"OK\")])[1]"}
COMMAND: POST /session/1a7f7d058614b09b54cdbc5dd28664a9/element/f.2C654B565EAAE04F20F597F65BFF9971.d.DAB69813CE0338D31B6BE7C77077B23F.e.7946/click - {}
RESULT: {}
COMMAND: GET /session/1a7f7d058614b09b54cdbc5dd28664a9/screenshot - {}
RESULT: {}
COMMAND: POST /session/1a7f7d058614b09b54cdbc5dd28664a9/element - {"using":"xpath","value":"//span[@id=\"application-managepartners-display-component---masterPtm--smartTable-header-inner\"]"}
RESULT: {"using":"xpath","value":"//span[@id=\"application-managepartners-display-component---masterPtm--smartTable-header-inner\"]"}
COMMAND: POST /session/1a7f7d058614b09b54cdbc5dd28664a9/elements - {"using":"xpath","value":"//span[@id=\"application-managepartners-display-component---masterPtm--smartTable-header-inner\"]"}
RESULT: {"using":"xpath","value":"//span[@id=\"application-managepartners-display-component---masterPtm--smartTable-header-inner\"]"}
COMMAND: POST /session/1a7f7d058614b09b54cdbc5dd28664a9/execute/sync - {"script":"<script> [56 bytes]","args":[{"element-6066-11e4-a52e-4f735466cecf":"f.2C654B565EAAE04F20F597F65BFF9971.d.DAB69813CE0338D31B6BE7C77077B23F.e.7653","ELEMENT":"f.2C654B565EAAE04F20F597F65BFF9971.d.DAB69813CE0338D31B6BE7C77077B23F.e.7653"}]}
RESULT: {"script":"<script> [56 bytes]","args":[{"element-6066-11e4-a52e-4f735466cecf":"f.2C654B565EAAE04F20F597F65BFF9971.d.DAB69813CE0338D31B6BE7C77077B23F.e.7653","ELEMENT":"f.2C654B565EAAE04F20F597F65BFF9971.d.DAB69813CE0338D31B6BE7C77077B23F.e.7653"}]}
COMMAND: POST /session/1a7f7d058614b09b54cdbc5dd28664a9/element - {"using":"xpath","value":"//span[contains(@title, \"Remove\")]"}
COMMAND: GET /session/1a7f7d058614b09b54cdbc5dd28664a9/screenshot - {}
RESULT: {"using":"xpath","value":"//span[contains(@title, \"Remove\")]"}
COMMAND: POST /session/1a7f7d058614b09b54cdbc5dd28664a9/element/f.2C654B565EAAE04F20F597F65BFF9971.d.DAB69813CE0338D31B6BE7C77077B23F.e.7959/click - {}
RESULT: {}
RESULT: {}
COMMAND: GET /session/1a7f7d058614b09b54cdbc5dd28664a9/screenshot - {}
RESULT: {}
RESULT: undefined
COMMAND: POST /session/1a7f7d058614b09b54cdbc5dd28664a9/element - {"using":"xpath","value":"//*[@id=\"application-managepartners-display-component---masterPtm--smartFilterBar-filterItemControl_BASIC-MAIN_ADDRESS-vhi\"]"}
RESULT: {"using":"xpath","value":"//*[@id=\"application-managepartners-display-component---masterPtm--smartFilterBar-filterItemControl_BASIC-MAIN_ADDRESS-vhi\"]"}
COMMAND: POST /session/1a7f7d058614b09b54cdbc5dd28664a9/element/f.2C654B565EAAE04F20F597F65BFF9971.d.DAB69813CE0338D31B6BE7C77077B23F.e.8062/click - {}
RESULT: {}
COMMAND: GET /session/1a7f7d058614b09b54cdbc5dd28664a9/screenshot - {}
RESULT: {}
RESULT: undefined
COMMAND: POST /session/1a7f7d058614b09b54cdbc5dd28664a9/execute/async - {"script":"<script> [776 bytes]","args":[{"enterText":"Romania","selector":{"id":"application-managepartners-display-component---masterPtm--smartFilterBar-filterItemControl_BASIC-MAIN_ADDRESS-valueHelpDialog-smartFilterBar-btnBasicSearch","searchOpenDialogs":true,"interaction":{"idSuffix":"I"}},"clearTextFirst":true,"interactionType":"ENTER_TEXT"}]}
RESULT: {"script":"<script> [776 bytes]","args":[{"enterText":"Romania","selector":{"id":"application-managepartners-display-component---masterPtm--smartFilterBar-filterItemControl_BASIC-MAIN_ADDRESS-valueHelpDialog-smartFilterBar-btnBasicSearch","searchOpenDialogs":true,"interaction":{"idSuffix":"I"}},"clearTextFirst":true,"interactionType":"ENTER_TEXT"}]}
COMMAND: POST /session/1a7f7d058614b09b54cdbc5dd28664a9/actions - {"actions":[{"id":"action24","type":"key","parameters":{},"actions":[{"type":"keyDown","value":"î€‡"},{"type":"pause","duration":10},{"type":"keyUp","value":"î€‡"}]}]}
RESULT: {"actions":[{"id":"action24","type":"key","parameters":{},"actions":[{"type":"keyDown","value":"î€‡"},{"type":"pause","duration":10},{"type":"keyUp","value":"î€‡"}]}]}
COMMAND: POST /session/1a7f7d058614b09b54cdbc5dd28664a9/elements - {"using":"xpath","value":"//table[contains(@id, \"smartFilterBar-filterItemControl_BASIC-MAIN_ADDRESS-valueHelpDialog-table-table\")]/tbody/tr"}
COMMAND: GET /session/1a7f7d058614b09b54cdbc5dd28664a9/screenshot - {}
RESULT: {"using":"xpath","value":"//table[contains(@id, \"smartFilterBar-filterItemControl_BASIC-MAIN_ADDRESS-valueHelpDialog-table-table\")]/tbody/tr"}
COMMAND: POST /session/1a7f7d058614b09b54cdbc5dd28664a9/element - {"using":"xpath","value":"//table[contains(@id, \"smartFilterBar-filterItemControl_BASIC-MAIN_ADDRESS-valueHelpDialog-table-table\")]/tbody/tr[1]/td[1]/div/span"}
RESULT: {}
RESULT: {"using":"xpath","value":"//table[contains(@id, \"smartFilterBar-filterItemControl_BASIC-MAIN_ADDRESS-valueHelpDialog-table-table\")]/tbody/tr[1]/td[1]/div/span"}
COMMAND: POST /session/1a7f7d058614b09b54cdbc5dd28664a9/elements - {"using":"xpath","value":"//table[contains(@id, \"smartFilterBar-filterItemControl_BASIC-MAIN_ADDRESS-valueHelpDialog-table-table\")]/tbody/tr[1]/td[1]/div/span"}
RESULT: {"using":"xpath","value":"//table[contains(@id, \"smartFilterBar-filterItemControl_BASIC-MAIN_ADDRESS-valueHelpDialog-table-table\")]/tbody/tr[1]/td[1]/div/span"}
COMMAND: POST /session/1a7f7d058614b09b54cdbc5dd28664a9/execute/sync - {"script":"<script> [56 bytes]","args":[{"element-6066-11e4-a52e-4f735466cecf":"f.2C654B565EAAE04F20F597F65BFF9971.d.DAB69813CE0338D31B6BE7C77077B23F.e.8083","ELEMENT":"f.2C654B565EAAE04F20F597F65BFF9971.d.DAB69813CE0338D31B6BE7C77077B23F.e.8083"}]}
RESULT: {"script":"<script> [56 bytes]","args":[{"element-6066-11e4-a52e-4f735466cecf":"f.2C654B565EAAE04F20F597F65BFF9971.d.DAB69813CE0338D31B6BE7C77077B23F.e.8083","ELEMENT":"f.2C654B565EAAE04F20F597F65BFF9971.d.DAB69813CE0338D31B6BE7C77077B23F.e.8083"}]}
COMMAND: POST /session/1a7f7d058614b09b54cdbc5dd28664a9/element - {"using":"xpath","value":"//div[contains(@id, \"filterItemControl_BASIC-MAIN_ADDRESS-valueHelpDialog-table-rowsel0\")]"}
COMMAND: GET /session/1a7f7d058614b09b54cdbc5dd28664a9/screenshot - {}
RESULT: {"using":"xpath","value":"//div[contains(@id, \"filterItemControl_BASIC-MAIN_ADDRESS-valueHelpDialog-table-rowsel0\")]"}
COMMAND: POST /session/1a7f7d058614b09b54cdbc5dd28664a9/element/f.2C654B565EAAE04F20F597F65BFF9971.d.DAB69813CE0338D31B6BE7C77077B23F.e.8084/click - {}
RESULT: {}
RESULT: {}
COMMAND: GET /session/1a7f7d058614b09b54cdbc5dd28664a9/screenshot - {}
RESULT: {}
COMMAND: POST /session/1a7f7d058614b09b54cdbc5dd28664a9/element - {"using":"xpath","value":"(//bdi[contains(text(), \"OK\")])[1]"}
RESULT: {"using":"xpath","value":"(//bdi[contains(text(), \"OK\")])[1]"}
COMMAND: POST /session/1a7f7d058614b09b54cdbc5dd28664a9/element/f.2C654B565EAAE04F20F597F65BFF9971.d.DAB69813CE0338D31B6BE7C77077B23F.e.8086/click - {}
RESULT: {}
COMMAND: GET /session/1a7f7d058614b09b54cdbc5dd28664a9/screenshot - {}
RESULT: {}
COMMAND: POST /session/1a7f7d058614b09b54cdbc5dd28664a9/element - {"using":"xpath","value":"//span[@id=\"application-managepartners-display-component---masterPtm--smartTable-header-inner\"]"}
RESULT: {"using":"xpath","value":"//span[@id=\"application-managepartners-display-component---masterPtm--smartTable-header-inner\"]"}
COMMAND: POST /session/1a7f7d058614b09b54cdbc5dd28664a9/elements - {"using":"xpath","value":"//span[@id=\"application-managepartners-display-component---masterPtm--smartTable-header-inner\"]"}
RESULT: {"using":"xpath","value":"//span[@id=\"application-managepartners-display-component---masterPtm--smartTable-header-inner\"]"}
COMMAND: POST /session/1a7f7d058614b09b54cdbc5dd28664a9/execute/sync - {"script":"<script> [56 bytes]","args":[{"element-6066-11e4-a52e-4f735466cecf":"f.2C654B565EAAE04F20F597F65BFF9971.d.DAB69813CE0338D31B6BE7C77077B23F.e.7653","ELEMENT":"f.2C654B565EAAE04F20F597F65BFF9971.d.DAB69813CE0338D31B6BE7C77077B23F.e.7653"}]}
RESULT: {"script":"<script> [56 bytes]","args":[{"element-6066-11e4-a52e-4f735466cecf":"f.2C654B565EAAE04F20F597F65BFF9971.d.DAB69813CE0338D31B6BE7C77077B23F.e.7653","ELEMENT":"f.2C654B565EAAE04F20F597F65BFF9971.d.DAB69813CE0338D31B6BE7C77077B23F.e.7653"}]}
COMMAND: POST /session/1a7f7d058614b09b54cdbc5dd28664a9/element - {"using":"xpath","value":"//span[contains(@title, \"Remove\")]"}
COMMAND: GET /session/1a7f7d058614b09b54cdbc5dd28664a9/screenshot - {}
RESULT: {"using":"xpath","value":"//span[contains(@title, \"Remove\")]"}
COMMAND: POST /session/1a7f7d058614b09b54cdbc5dd28664a9/element/f.2C654B565EAAE04F20F597F65BFF9971.d.DAB69813CE0338D31B6BE7C77077B23F.e.8099/click - {}
RESULT: {}
RESULT: {}
COMMAND: GET /session/1a7f7d058614b09b54cdbc5dd28664a9/screenshot - {}
COMMAND: POST /session/1a7f7d058614b09b54cdbc5dd28664a9/execute/async - {"script":"<script> [1562 bytes]","args":[{"selector":{"id":"application-managepartners-display-component---masterPtm--catalogs-arrow"},"wdio_ui5_key":"applicationmanagepartners-display-component---masterPtm--catalogs-arrow"}]}
RESULT: {}
RESULT: {"script":"<script> [1562 bytes]","args":[{"selector":{"id":"application-managepartners-display-component---masterPtm--catalogs-arrow"},"wdio_ui5_key":"applicationmanagepartners-display-component---masterPtm--catalogs-arrow"}]}
RESULT: undefined
COMMAND: POST /session/1a7f7d058614b09b54cdbc5dd28664a9/element - {"using":"xpath","value":"//*[@id=\"application-managepartners-display-component---masterPtm--catalogs-arrow\"]"}
RESULT: {"using":"xpath","value":"//*[@id=\"application-managepartners-display-component---masterPtm--catalogs-arrow\"]"}
COMMAND: POST /session/1a7f7d058614b09b54cdbc5dd28664a9/element/f.2C654B565EAAE04F20F597F65BFF9971.d.DAB69813CE0338D31B6BE7C77077B23F.e.8203/click - {}
RESULT: {}
COMMAND: GET /session/1a7f7d058614b09b54cdbc5dd28664a9/screenshot - {}
RESULT: {}
COMMAND: POST /session/1a7f7d058614b09b54cdbc5dd28664a9/element - {"using":"xpath","value":"//li[.//span[text()=\"Webshop Catalog\"]]//div[contains(@class,\"sapMCbBg\")]"}
RESULT: {"using":"xpath","value":"//li[.//span[text()=\"Webshop Catalog\"]]//div[contains(@class,\"sapMCbBg\")]"}
COMMAND: POST /session/1a7f7d058614b09b54cdbc5dd28664a9/element/f.2C654B565EAAE04F20F597F65BFF9971.d.DAB69813CE0338D31B6BE7C77077B23F.e.8217/click - {}
RESULT: {}
COMMAND: GET /session/1a7f7d058614b09b54cdbc5dd28664a9/screenshot - {}
RESULT: {}
RESULT: undefined
COMMAND: POST /session/1a7f7d058614b09b54cdbc5dd28664a9/element - {"using":"xpath","value":"//*[@id=\"application-managepartners-display-component---masterPtm--catalogs-arrow\"]"}
RESULT: {"using":"xpath","value":"//*[@id=\"application-managepartners-display-component---masterPtm--catalogs-arrow\"]"}
COMMAND: POST /session/1a7f7d058614b09b54cdbc5dd28664a9/element/f.2C654B565EAAE04F20F597F65BFF9971.d.DAB69813CE0338D31B6BE7C77077B23F.e.8203/click - {}
RESULT: {}
COMMAND: POST /session/1a7f7d058614b09b54cdbc5dd28664a9/element - {"using":"xpath","value":"//span[@id=\"application-managepartners-display-component---masterPtm--smartTable-header-inner\"]"}
COMMAND: GET /session/1a7f7d058614b09b54cdbc5dd28664a9/screenshot - {}
RESULT: {"using":"xpath","value":"//span[@id=\"application-managepartners-display-component---masterPtm--smartTable-header-inner\"]"}
COMMAND: POST /session/1a7f7d058614b09b54cdbc5dd28664a9/elements - {"using":"xpath","value":"//span[@id=\"application-managepartners-display-component---masterPtm--smartTable-header-inner\"]"}
RESULT: {}
RESULT: {"using":"xpath","value":"//span[@id=\"application-managepartners-display-component---masterPtm--smartTable-header-inner\"]"}
COMMAND: POST /session/1a7f7d058614b09b54cdbc5dd28664a9/execute/sync - {"script":"<script> [56 bytes]","args":[{"element-6066-11e4-a52e-4f735466cecf":"f.2C654B565EAAE04F20F597F65BFF9971.d.DAB69813CE0338D31B6BE7C77077B23F.e.7653","ELEMENT":"f.2C654B565EAAE04F20F597F65BFF9971.d.DAB69813CE0338D31B6BE7C77077B23F.e.7653"}]}
RESULT: {"script":"<script> [56 bytes]","args":[{"element-6066-11e4-a52e-4f735466cecf":"f.2C654B565EAAE04F20F597F65BFF9971.d.DAB69813CE0338D31B6BE7C77077B23F.e.7653","ELEMENT":"f.2C654B565EAAE04F20F597F65BFF9971.d.DAB69813CE0338D31B6BE7C77077B23F.e.7653"}]}
COMMAND: GET /session/1a7f7d058614b09b54cdbc5dd28664a9/screenshot - {}
COMMAND: GET /session/1a7f7d058614b09b54cdbc5dd28664a9/screenshot - {}
RESULT: {}
]]></system-out>
      <system-err><![CDATA[
TypeError: Cannot read properties of null (reading '0')
    at Context.<anonymous> (D:\a\1\s\test\specs\BTS\manage-partners.spec.js:976:97)
]]></system-err>
    </testcase>
    <testcase classname="chrome.135_0_7049_96.windows.Partner_specific_tests_US150819_US151080_US151654_US151176_US103444_US151078_US151079_US151109_US151174_US151175_US151189" name="Should do various searches US151175" time="176.124">
      <skipped />
      <system-out><![CDATA[
COMMAND: POST /session/1a7f7d058614b09b54cdbc5dd28664a9/element - {"using":"xpath","value":"//li[.//span[text()=\"Manage Partners\"]]"}
RESULT: {}
RESULT: {"using":"xpath","value":"//li[.//span[text()=\"Manage Partners\"]]"}
COMMAND: POST /session/1a7f7d058614b09b54cdbc5dd28664a9/element - {"using":"xpath","value":"//li[.//span[text()=\"Manage Partners\"]]"}
RESULT: {"using":"xpath","value":"//li[.//span[text()=\"Manage Partners\"]]"}
COMMAND: POST /session/1a7f7d058614b09b54cdbc5dd28664a9/element - {"using":"css selector","value":"#shell-header-logo"}
RESULT: {"using":"css selector","value":"#shell-header-logo"}
COMMAND: POST /session/1a7f7d058614b09b54cdbc5dd28664a9/element/f.2C654B565EAAE04F20F597F65BFF9971.d.DAB69813CE0338D31B6BE7C77077B23F.e.7483/click - {}
COMMAND: POST /session/1a7f7d058614b09b54cdbc5dd28664a9/execute/sync - {"script":"<script> [8489 bytes]","args":[{"element-6066-11e4-a52e-4f735466cecf":"f.2C654B565EAAE04F20F597F65BFF9971.d.DAB69813CE0338D31B6BE7C77077B23F.e.7483","ELEMENT":"f.2C654B565EAAE04F20F597F65BFF9971.d.DAB69813CE0338D31B6BE7C77077B23F.e.7483"}]}
RESULT: {"script":"<script> [8489 bytes]","args":[{"element-6066-11e4-a52e-4f735466cecf":"f.2C654B565EAAE04F20F597F65BFF9971.d.DAB69813CE0338D31B6BE7C77077B23F.e.7483","ELEMENT":"f.2C654B565EAAE04F20F597F65BFF9971.d.DAB69813CE0338D31B6BE7C77077B23F.e.7483"}]}
COMMAND: POST /session/1a7f7d058614b09b54cdbc5dd28664a9/execute/sync - {"script":"<script> [5351 bytes]","args":[{"element-6066-11e4-a52e-4f735466cecf":"f.2C654B565EAAE04F20F597F65BFF9971.d.DAB69813CE0338D31B6BE7C77077B23F.e.7483","ELEMENT":"f.2C654B565EAAE04F20F597F65BFF9971.d.DAB69813CE0338D31B6BE7C77077B23F.e.7483"}]}
COMMAND: GET /session/1a7f7d058614b09b54cdbc5dd28664a9/screenshot - {}
RESULT: {}
COMMAND: GET /session/1a7f7d058614b09b54cdbc5dd28664a9/screenshot - {}
COMMAND: POST /session/1a7f7d058614b09b54cdbc5dd28664a9/element - {"using":"css selector","value":"#shell-header-logo"}
RESULT: {}
RESULT: {}
RESULT: {"using":"css selector","value":"#shell-header-logo"}
COMMAND: POST /session/1a7f7d058614b09b54cdbc5dd28664a9/execute/sync - {"script":"<script> [8489 bytes]","args":[{"element-6066-11e4-a52e-4f735466cecf":"f.2C654B565EAAE04F20F597F65BFF9971.d.DAB69813CE0338D31B6BE7C77077B23F.e.8232","ELEMENT":"f.2C654B565EAAE04F20F597F65BFF9971.d.DAB69813CE0338D31B6BE7C77077B23F.e.8232"}]}
RESULT: {"script":"<script> [8489 bytes]","args":[{"element-6066-11e4-a52e-4f735466cecf":"f.2C654B565EAAE04F20F597F65BFF9971.d.DAB69813CE0338D31B6BE7C77077B23F.e.8232","ELEMENT":"f.2C654B565EAAE04F20F597F65BFF9971.d.DAB69813CE0338D31B6BE7C77077B23F.e.8232"}]}
COMMAND: POST /session/1a7f7d058614b09b54cdbc5dd28664a9/execute/sync - {"script":"<script> [5351 bytes]","args":[{"element-6066-11e4-a52e-4f735466cecf":"f.2C654B565EAAE04F20F597F65BFF9971.d.DAB69813CE0338D31B6BE7C77077B23F.e.8232","ELEMENT":"f.2C654B565EAAE04F20F597F65BFF9971.d.DAB69813CE0338D31B6BE7C77077B23F.e.8232"}]}
COMMAND: GET /session/1a7f7d058614b09b54cdbc5dd28664a9/screenshot - {}
RESULT: {"script":"<script> [5351 bytes]","args":[{"element-6066-11e4-a52e-4f735466cecf":"f.2C654B565EAAE04F20F597F65BFF9971.d.DAB69813CE0338D31B6BE7C77077B23F.e.8232","ELEMENT":"f.2C654B565EAAE04F20F597F65BFF9971.d.DAB69813CE0338D31B6BE7C77077B23F.e.8232"}]}
COMMAND: GET /session/1a7f7d058614b09b54cdbc5dd28664a9/screenshot - {}
RESULT: {}
RESULT: {}
RESULT: undefined
COMMAND: POST /session/1a7f7d058614b09b54cdbc5dd28664a9/element - {"using":"xpath","value":"//*[@id=\"__tile30\"]"}
RESULT: {"using":"xpath","value":"//*[@id=\"__tile30\"]"}
COMMAND: POST /session/1a7f7d058614b09b54cdbc5dd28664a9/element/f.2C654B565EAAE04F20F597F65BFF9971.d.DAB69813CE0338D31B6BE7C77077B23F.e.4502/click - {}
RESULT: {}
COMMAND: POST /session/1a7f7d058614b09b54cdbc5dd28664a9/element - {"using":"xpath","value":"//button[@data-kt=\"addButton\"]"}
COMMAND: GET /session/1a7f7d058614b09b54cdbc5dd28664a9/screenshot - {}
RESULT: {"using":"xpath","value":"//button[@data-kt=\"addButton\"]"}
COMMAND: POST /session/1a7f7d058614b09b54cdbc5dd28664a9/elements - {"using":"xpath","value":"//button[@data-kt=\"addButton\"]"}
RESULT: {}
RESULT: {"using":"xpath","value":"//button[@data-kt=\"addButton\"]"}
COMMAND: POST /session/1a7f7d058614b09b54cdbc5dd28664a9/element - {"using":"xpath","value":"//button[@data-kt=\"addButton\"]"}
RESULT: {"using":"xpath","value":"//button[@data-kt=\"addButton\"]"}
COMMAND: POST /session/1a7f7d058614b09b54cdbc5dd28664a9/execute/sync - {"script":"<script> [8489 bytes]","args":[{"element-6066-11e4-a52e-4f735466cecf":"f.2C654B565EAAE04F20F597F65BFF9971.d.DAB69813CE0338D31B6BE7C77077B23F.e.8278","ELEMENT":"f.2C654B565EAAE04F20F597F65BFF9971.d.DAB69813CE0338D31B6BE7C77077B23F.e.8278"}]}
RESULT: {"script":"<script> [8489 bytes]","args":[{"element-6066-11e4-a52e-4f735466cecf":"f.2C654B565EAAE04F20F597F65BFF9971.d.DAB69813CE0338D31B6BE7C77077B23F.e.8278","ELEMENT":"f.2C654B565EAAE04F20F597F65BFF9971.d.DAB69813CE0338D31B6BE7C77077B23F.e.8278"}]}
COMMAND: GET /session/1a7f7d058614b09b54cdbc5dd28664a9/element/f.2C654B565EAAE04F20F597F65BFF9971.d.DAB69813CE0338D31B6BE7C77077B23F.e.8278/enabled - {}
COMMAND: GET /session/1a7f7d058614b09b54cdbc5dd28664a9/screenshot - {}
RESULT: {}
COMMAND: POST /session/1a7f7d058614b09b54cdbc5dd28664a9/execute/sync - {"script":"<script> [8489 bytes]","args":[{"element-6066-11e4-a52e-4f735466cecf":"f.2C654B565EAAE04F20F597F65BFF9971.d.DAB69813CE0338D31B6BE7C77077B23F.e.8278","ELEMENT":"f.2C654B565EAAE04F20F597F65BFF9971.d.DAB69813CE0338D31B6BE7C77077B23F.e.8278"}]}
COMMAND: GET /session/1a7f7d058614b09b54cdbc5dd28664a9/screenshot - {}
RESULT: {}
RESULT: {"script":"<script> [8489 bytes]","args":[{"element-6066-11e4-a52e-4f735466cecf":"f.2C654B565EAAE04F20F597F65BFF9971.d.DAB69813CE0338D31B6BE7C77077B23F.e.8278","ELEMENT":"f.2C654B565EAAE04F20F597F65BFF9971.d.DAB69813CE0338D31B6BE7C77077B23F.e.8278"}]}
COMMAND: POST /session/1a7f7d058614b09b54cdbc5dd28664a9/execute/sync - {"script":"<script> [5351 bytes]","args":[{"element-6066-11e4-a52e-4f735466cecf":"f.2C654B565EAAE04F20F597F65BFF9971.d.DAB69813CE0338D31B6BE7C77077B23F.e.8278","ELEMENT":"f.2C654B565EAAE04F20F597F65BFF9971.d.DAB69813CE0338D31B6BE7C77077B23F.e.8278"}]}
COMMAND: GET /session/1a7f7d058614b09b54cdbc5dd28664a9/screenshot - {}
RESULT: {}
RESULT: {"script":"<script> [5351 bytes]","args":[{"element-6066-11e4-a52e-4f735466cecf":"f.2C654B565EAAE04F20F597F65BFF9971.d.DAB69813CE0338D31B6BE7C77077B23F.e.8278","ELEMENT":"f.2C654B565EAAE04F20F597F65BFF9971.d.DAB69813CE0338D31B6BE7C77077B23F.e.8278"}]}
COMMAND: GET /session/1a7f7d058614b09b54cdbc5dd28664a9/screenshot - {}
RESULT: {}
RESULT: {}
COMMAND: POST /session/1a7f7d058614b09b54cdbc5dd28664a9/element - {"using":"xpath","value":"//span[@id=\"application-managepartners-display-component---masterPtm--smartTable-header-inner\"]"}
RESULT: {"using":"xpath","value":"//span[@id=\"application-managepartners-display-component---masterPtm--smartTable-header-inner\"]"}
COMMAND: POST /session/1a7f7d058614b09b54cdbc5dd28664a9/elements - {"using":"xpath","value":"//span[@id=\"application-managepartners-display-component---masterPtm--smartTable-header-inner\"]"}
RESULT: {"using":"xpath","value":"//span[@id=\"application-managepartners-display-component---masterPtm--smartTable-header-inner\"]"}
COMMAND: POST /session/1a7f7d058614b09b54cdbc5dd28664a9/execute/sync - {"script":"<script> [56 bytes]","args":[{"element-6066-11e4-a52e-4f735466cecf":"f.2C654B565EAAE04F20F597F65BFF9971.d.DAB69813CE0338D31B6BE7C77077B23F.e.8402","ELEMENT":"f.2C654B565EAAE04F20F597F65BFF9971.d.DAB69813CE0338D31B6BE7C77077B23F.e.8402"}]}
RESULT: {"script":"<script> [56 bytes]","args":[{"element-6066-11e4-a52e-4f735466cecf":"f.2C654B565EAAE04F20F597F65BFF9971.d.DAB69813CE0338D31B6BE7C77077B23F.e.8402","ELEMENT":"f.2C654B565EAAE04F20F597F65BFF9971.d.DAB69813CE0338D31B6BE7C77077B23F.e.8402"}]}
RESULT: undefined
COMMAND: POST /session/1a7f7d058614b09b54cdbc5dd28664a9/element - {"using":"xpath","value":"//*[@id=\"application-managepartners-display-component---masterPtm--smartFilterBar-btnFilters\"]"}
COMMAND: GET /session/1a7f7d058614b09b54cdbc5dd28664a9/screenshot - {}
RESULT: {"using":"xpath","value":"//*[@id=\"application-managepartners-display-component---masterPtm--smartFilterBar-btnFilters\"]"}
COMMAND: POST /session/1a7f7d058614b09b54cdbc5dd28664a9/element/f.2C654B565EAAE04F20F597F65BFF9971.d.DAB69813CE0338D31B6BE7C77077B23F.e.8254/click - {}
RESULT: {}
RESULT: {}
COMMAND: GET /session/1a7f7d058614b09b54cdbc5dd28664a9/screenshot - {}
RESULT: {}
COMMAND: POST /session/1a7f7d058614b09b54cdbc5dd28664a9/elements - {"using":"xpath","value":"//table[contains(@id, \"listView-innerSelectionPanelTable-listUl\")]/tbody/tr"}
RESULT: {"using":"xpath","value":"//table[contains(@id, \"listView-innerSelectionPanelTable-listUl\")]/tbody/tr"}
COMMAND: POST /session/1a7f7d058614b09b54cdbc5dd28664a9/element - {"using":"xpath","value":"//table[contains(@id, \"listView-innerSelectionPanelTable-listUl\")]/tbody/tr[2]/td[2]/div/div"}
RESULT: {"using":"xpath","value":"//table[contains(@id, \"listView-innerSelectionPanelTable-listUl\")]/tbody/tr[2]/td[2]/div/div"}
COMMAND: POST /session/1a7f7d058614b09b54cdbc5dd28664a9/element - {"using":"xpath","value":"//table[contains(@id, \"listView-innerSelectionPanelTable-listUl\")]/tbody/tr[2]/td[2]/div"}
RESULT: {"using":"xpath","value":"//table[contains(@id, \"listView-innerSelectionPanelTable-listUl\")]/tbody/tr[2]/td[2]/div"}
COMMAND: POST /session/1a7f7d058614b09b54cdbc5dd28664a9/element - {"using":"xpath","value":"//table[contains(@id, \"listView-innerSelectionPanelTable-listUl\")]/tbody/tr[2]/td[3]/div/div/span/span[1]/bdi"}
RESULT: {"using":"xpath","value":"//table[contains(@id, \"listView-innerSelectionPanelTable-listUl\")]/tbody/tr[2]/td[3]/div/div/span/span[1]/bdi"}
COMMAND: POST /session/1a7f7d058614b09b54cdbc5dd28664a9/execute/sync - {"script":"<script> [56 bytes]","args":[{"element-6066-11e4-a52e-4f735466cecf":"f.2C654B565EAAE04F20F597F65BFF9971.d.DAB69813CE0338D31B6BE7C77077B23F.e.8470","ELEMENT":"f.2C654B565EAAE04F20F597F65BFF9971.d.DAB69813CE0338D31B6BE7C77077B23F.e.8470"}]}
RESULT: {"script":"<script> [56 bytes]","args":[{"element-6066-11e4-a52e-4f735466cecf":"f.2C654B565EAAE04F20F597F65BFF9971.d.DAB69813CE0338D31B6BE7C77077B23F.e.8470","ELEMENT":"f.2C654B565EAAE04F20F597F65BFF9971.d.DAB69813CE0338D31B6BE7C77077B23F.e.8470"}]}
COMMAND: GET /session/1a7f7d058614b09b54cdbc5dd28664a9/element/f.2C654B565EAAE04F20F597F65BFF9971.d.DAB69813CE0338D31B6BE7C77077B23F.e.8469/attribute/aria-checked - {}
COMMAND: GET /session/1a7f7d058614b09b54cdbc5dd28664a9/screenshot - {}
RESULT: {}
COMMAND: POST /session/1a7f7d058614b09b54cdbc5dd28664a9/element - {"using":"xpath","value":"//table[contains(@id, \"listView-innerSelectionPanelTable-listUl\")]/tbody/tr[3]/td[2]/div/div"}
RESULT: {}
RESULT: {"using":"xpath","value":"//table[contains(@id, \"listView-innerSelectionPanelTable-listUl\")]/tbody/tr[3]/td[2]/div/div"}
COMMAND: POST /session/1a7f7d058614b09b54cdbc5dd28664a9/element - {"using":"xpath","value":"//table[contains(@id, \"listView-innerSelectionPanelTable-listUl\")]/tbody/tr[3]/td[2]/div"}
RESULT: {"using":"xpath","value":"//table[contains(@id, \"listView-innerSelectionPanelTable-listUl\")]/tbody/tr[3]/td[2]/div"}
COMMAND: POST /session/1a7f7d058614b09b54cdbc5dd28664a9/element - {"using":"xpath","value":"//table[contains(@id, \"listView-innerSelectionPanelTable-listUl\")]/tbody/tr[3]/td[3]/div/div/span/span[1]/bdi"}
RESULT: {"using":"xpath","value":"//table[contains(@id, \"listView-innerSelectionPanelTable-listUl\")]/tbody/tr[3]/td[3]/div/div/span/span[1]/bdi"}
COMMAND: POST /session/1a7f7d058614b09b54cdbc5dd28664a9/execute/sync - {"script":"<script> [56 bytes]","args":[{"element-6066-11e4-a52e-4f735466cecf":"f.2C654B565EAAE04F20F597F65BFF9971.d.DAB69813CE0338D31B6BE7C77077B23F.e.8473","ELEMENT":"f.2C654B565EAAE04F20F597F65BFF9971.d.DAB69813CE0338D31B6BE7C77077B23F.e.8473"}]}
RESULT: {"script":"<script> [56 bytes]","args":[{"element-6066-11e4-a52e-4f735466cecf":"f.2C654B565EAAE04F20F597F65BFF9971.d.DAB69813CE0338D31B6BE7C77077B23F.e.8473","ELEMENT":"f.2C654B565EAAE04F20F597F65BFF9971.d.DAB69813CE0338D31B6BE7C77077B23F.e.8473"}]}
COMMAND: GET /session/1a7f7d058614b09b54cdbc5dd28664a9/element/f.2C654B565EAAE04F20F597F65BFF9971.d.DAB69813CE0338D31B6BE7C77077B23F.e.8472/attribute/aria-checked - {}
COMMAND: GET /session/1a7f7d058614b09b54cdbc5dd28664a9/screenshot - {}
RESULT: {}
COMMAND: POST /session/1a7f7d058614b09b54cdbc5dd28664a9/element - {"using":"xpath","value":"//table[contains(@id, \"listView-innerSelectionPanelTable-listUl\")]/tbody/tr[4]/td[2]/div/div"}
RESULT: {}
RESULT: {"using":"xpath","value":"//table[contains(@id, \"listView-innerSelectionPanelTable-listUl\")]/tbody/tr[4]/td[2]/div/div"}
COMMAND: POST /session/1a7f7d058614b09b54cdbc5dd28664a9/element - {"using":"xpath","value":"//table[contains(@id, \"listView-innerSelectionPanelTable-listUl\")]/tbody/tr[4]/td[2]/div"}
RESULT: {"using":"xpath","value":"//table[contains(@id, \"listView-innerSelectionPanelTable-listUl\")]/tbody/tr[4]/td[2]/div"}
COMMAND: POST /session/1a7f7d058614b09b54cdbc5dd28664a9/element - {"using":"xpath","value":"//table[contains(@id, \"listView-innerSelectionPanelTable-listUl\")]/tbody/tr[4]/td[3]/div/div/span/span[1]/bdi"}
RESULT: {"using":"xpath","value":"//table[contains(@id, \"listView-innerSelectionPanelTable-listUl\")]/tbody/tr[4]/td[3]/div/div/span/span[1]/bdi"}
COMMAND: POST /session/1a7f7d058614b09b54cdbc5dd28664a9/execute/sync - {"script":"<script> [56 bytes]","args":[{"element-6066-11e4-a52e-4f735466cecf":"f.2C654B565EAAE04F20F597F65BFF9971.d.DAB69813CE0338D31B6BE7C77077B23F.e.8476","ELEMENT":"f.2C654B565EAAE04F20F597F65BFF9971.d.DAB69813CE0338D31B6BE7C77077B23F.e.8476"}]}
RESULT: {"script":"<script> [56 bytes]","args":[{"element-6066-11e4-a52e-4f735466cecf":"f.2C654B565EAAE04F20F597F65BFF9971.d.DAB69813CE0338D31B6BE7C77077B23F.e.8476","ELEMENT":"f.2C654B565EAAE04F20F597F65BFF9971.d.DAB69813CE0338D31B6BE7C77077B23F.e.8476"}]}
COMMAND: GET /session/1a7f7d058614b09b54cdbc5dd28664a9/element/f.2C654B565EAAE04F20F597F65BFF9971.d.DAB69813CE0338D31B6BE7C77077B23F.e.8475/attribute/aria-checked - {}
COMMAND: GET /session/1a7f7d058614b09b54cdbc5dd28664a9/screenshot - {}
RESULT: {}
COMMAND: POST /session/1a7f7d058614b09b54cdbc5dd28664a9/element - {"using":"xpath","value":"//table[contains(@id, \"listView-innerSelectionPanelTable-listUl\")]/tbody/tr[5]/td[2]/div/div"}
RESULT: {}
RESULT: {"using":"xpath","value":"//table[contains(@id, \"listView-innerSelectionPanelTable-listUl\")]/tbody/tr[5]/td[2]/div/div"}
COMMAND: POST /session/1a7f7d058614b09b54cdbc5dd28664a9/element - {"using":"xpath","value":"//table[contains(@id, \"listView-innerSelectionPanelTable-listUl\")]/tbody/tr[5]/td[2]/div"}
RESULT: {"using":"xpath","value":"//table[contains(@id, \"listView-innerSelectionPanelTable-listUl\")]/tbody/tr[5]/td[2]/div"}
COMMAND: POST /session/1a7f7d058614b09b54cdbc5dd28664a9/element - {"using":"xpath","value":"//table[contains(@id, \"listView-innerSelectionPanelTable-listUl\")]/tbody/tr[5]/td[3]/div/div/span/span[1]/bdi"}
RESULT: {"using":"xpath","value":"//table[contains(@id, \"listView-innerSelectionPanelTable-listUl\")]/tbody/tr[5]/td[3]/div/div/span/span[1]/bdi"}
COMMAND: POST /session/1a7f7d058614b09b54cdbc5dd28664a9/execute/sync - {"script":"<script> [56 bytes]","args":[{"element-6066-11e4-a52e-4f735466cecf":"f.2C654B565EAAE04F20F597F65BFF9971.d.DAB69813CE0338D31B6BE7C77077B23F.e.8479","ELEMENT":"f.2C654B565EAAE04F20F597F65BFF9971.d.DAB69813CE0338D31B6BE7C77077B23F.e.8479"}]}
RESULT: {"script":"<script> [56 bytes]","args":[{"element-6066-11e4-a52e-4f735466cecf":"f.2C654B565EAAE04F20F597F65BFF9971.d.DAB69813CE0338D31B6BE7C77077B23F.e.8479","ELEMENT":"f.2C654B565EAAE04F20F597F65BFF9971.d.DAB69813CE0338D31B6BE7C77077B23F.e.8479"}]}
COMMAND: GET /session/1a7f7d058614b09b54cdbc5dd28664a9/element/f.2C654B565EAAE04F20F597F65BFF9971.d.DAB69813CE0338D31B6BE7C77077B23F.e.8478/attribute/aria-checked - {}
COMMAND: GET /session/1a7f7d058614b09b54cdbc5dd28664a9/screenshot - {}
RESULT: {}
COMMAND: POST /session/1a7f7d058614b09b54cdbc5dd28664a9/element - {"using":"xpath","value":"//table[contains(@id, \"listView-innerSelectionPanelTable-listUl\")]/tbody/tr[6]/td[2]/div/div"}
RESULT: {}
RESULT: {"using":"xpath","value":"//table[contains(@id, \"listView-innerSelectionPanelTable-listUl\")]/tbody/tr[6]/td[2]/div/div"}
COMMAND: POST /session/1a7f7d058614b09b54cdbc5dd28664a9/element - {"using":"xpath","value":"//table[contains(@id, \"listView-innerSelectionPanelTable-listUl\")]/tbody/tr[6]/td[2]/div"}
RESULT: {"using":"xpath","value":"//table[contains(@id, \"listView-innerSelectionPanelTable-listUl\")]/tbody/tr[6]/td[2]/div"}
COMMAND: POST /session/1a7f7d058614b09b54cdbc5dd28664a9/element - {"using":"xpath","value":"//table[contains(@id, \"listView-innerSelectionPanelTable-listUl\")]/tbody/tr[6]/td[3]/div/div/span/span[1]/bdi"}
RESULT: {"using":"xpath","value":"//table[contains(@id, \"listView-innerSelectionPanelTable-listUl\")]/tbody/tr[6]/td[3]/div/div/span/span[1]/bdi"}
COMMAND: POST /session/1a7f7d058614b09b54cdbc5dd28664a9/execute/sync - {"script":"<script> [56 bytes]","args":[{"element-6066-11e4-a52e-4f735466cecf":"f.2C654B565EAAE04F20F597F65BFF9971.d.DAB69813CE0338D31B6BE7C77077B23F.e.8482","ELEMENT":"f.2C654B565EAAE04F20F597F65BFF9971.d.DAB69813CE0338D31B6BE7C77077B23F.e.8482"}]}
RESULT: {"script":"<script> [56 bytes]","args":[{"element-6066-11e4-a52e-4f735466cecf":"f.2C654B565EAAE04F20F597F65BFF9971.d.DAB69813CE0338D31B6BE7C77077B23F.e.8482","ELEMENT":"f.2C654B565EAAE04F20F597F65BFF9971.d.DAB69813CE0338D31B6BE7C77077B23F.e.8482"}]}
COMMAND: GET /session/1a7f7d058614b09b54cdbc5dd28664a9/element/f.2C654B565EAAE04F20F597F65BFF9971.d.DAB69813CE0338D31B6BE7C77077B23F.e.8481/attribute/aria-checked - {}
COMMAND: GET /session/1a7f7d058614b09b54cdbc5dd28664a9/screenshot - {}
RESULT: {}
COMMAND: POST /session/1a7f7d058614b09b54cdbc5dd28664a9/element - {"using":"xpath","value":"//table[contains(@id, \"listView-innerSelectionPanelTable-listUl\")]/tbody/tr[7]/td[2]/div/div"}
RESULT: {}
RESULT: {"using":"xpath","value":"//table[contains(@id, \"listView-innerSelectionPanelTable-listUl\")]/tbody/tr[7]/td[2]/div/div"}
COMMAND: POST /session/1a7f7d058614b09b54cdbc5dd28664a9/element - {"using":"xpath","value":"//table[contains(@id, \"listView-innerSelectionPanelTable-listUl\")]/tbody/tr[7]/td[2]/div"}
RESULT: {"using":"xpath","value":"//table[contains(@id, \"listView-innerSelectionPanelTable-listUl\")]/tbody/tr[7]/td[2]/div"}
COMMAND: POST /session/1a7f7d058614b09b54cdbc5dd28664a9/element - {"using":"xpath","value":"//table[contains(@id, \"listView-innerSelectionPanelTable-listUl\")]/tbody/tr[7]/td[3]/div/div/span/span[1]/bdi"}
RESULT: {"using":"xpath","value":"//table[contains(@id, \"listView-innerSelectionPanelTable-listUl\")]/tbody/tr[7]/td[3]/div/div/span/span[1]/bdi"}
COMMAND: POST /session/1a7f7d058614b09b54cdbc5dd28664a9/execute/sync - {"script":"<script> [56 bytes]","args":[{"element-6066-11e4-a52e-4f735466cecf":"f.2C654B565EAAE04F20F597F65BFF9971.d.DAB69813CE0338D31B6BE7C77077B23F.e.8485","ELEMENT":"f.2C654B565EAAE04F20F597F65BFF9971.d.DAB69813CE0338D31B6BE7C77077B23F.e.8485"}]}
RESULT: {"script":"<script> [56 bytes]","args":[{"element-6066-11e4-a52e-4f735466cecf":"f.2C654B565EAAE04F20F597F65BFF9971.d.DAB69813CE0338D31B6BE7C77077B23F.e.8485","ELEMENT":"f.2C654B565EAAE04F20F597F65BFF9971.d.DAB69813CE0338D31B6BE7C77077B23F.e.8485"}]}
COMMAND: GET /session/1a7f7d058614b09b54cdbc5dd28664a9/element/f.2C654B565EAAE04F20F597F65BFF9971.d.DAB69813CE0338D31B6BE7C77077B23F.e.8484/attribute/aria-checked - {}
COMMAND: GET /session/1a7f7d058614b09b54cdbc5dd28664a9/screenshot - {}
RESULT: {}
COMMAND: POST /session/1a7f7d058614b09b54cdbc5dd28664a9/element - {"using":"xpath","value":"//table[contains(@id, \"listView-innerSelectionPanelTable-listUl\")]/tbody/tr[8]/td[2]/div/div"}
RESULT: {}
RESULT: {"using":"xpath","value":"//table[contains(@id, \"listView-innerSelectionPanelTable-listUl\")]/tbody/tr[8]/td[2]/div/div"}
COMMAND: POST /session/1a7f7d058614b09b54cdbc5dd28664a9/element - {"using":"xpath","value":"//table[contains(@id, \"listView-innerSelectionPanelTable-listUl\")]/tbody/tr[8]/td[2]/div"}
RESULT: {"using":"xpath","value":"//table[contains(@id, \"listView-innerSelectionPanelTable-listUl\")]/tbody/tr[8]/td[2]/div"}
COMMAND: POST /session/1a7f7d058614b09b54cdbc5dd28664a9/element - {"using":"xpath","value":"//table[contains(@id, \"listView-innerSelectionPanelTable-listUl\")]/tbody/tr[8]/td[3]/div/div/span/span[1]/bdi"}
RESULT: {"using":"xpath","value":"//table[contains(@id, \"listView-innerSelectionPanelTable-listUl\")]/tbody/tr[8]/td[3]/div/div/span/span[1]/bdi"}
COMMAND: POST /session/1a7f7d058614b09b54cdbc5dd28664a9/execute/sync - {"script":"<script> [56 bytes]","args":[{"element-6066-11e4-a52e-4f735466cecf":"f.2C654B565EAAE04F20F597F65BFF9971.d.DAB69813CE0338D31B6BE7C77077B23F.e.8488","ELEMENT":"f.2C654B565EAAE04F20F597F65BFF9971.d.DAB69813CE0338D31B6BE7C77077B23F.e.8488"}]}
RESULT: {"script":"<script> [56 bytes]","args":[{"element-6066-11e4-a52e-4f735466cecf":"f.2C654B565EAAE04F20F597F65BFF9971.d.DAB69813CE0338D31B6BE7C77077B23F.e.8488","ELEMENT":"f.2C654B565EAAE04F20F597F65BFF9971.d.DAB69813CE0338D31B6BE7C77077B23F.e.8488"}]}
COMMAND: GET /session/1a7f7d058614b09b54cdbc5dd28664a9/element/f.2C654B565EAAE04F20F597F65BFF9971.d.DAB69813CE0338D31B6BE7C77077B23F.e.8487/attribute/aria-checked - {}
COMMAND: GET /session/1a7f7d058614b09b54cdbc5dd28664a9/screenshot - {}
RESULT: {}
COMMAND: POST /session/1a7f7d058614b09b54cdbc5dd28664a9/element - {"using":"xpath","value":"//table[contains(@id, \"listView-innerSelectionPanelTable-listUl\")]/tbody/tr[9]/td[2]/div/div"}
RESULT: {}
RESULT: {"using":"xpath","value":"//table[contains(@id, \"listView-innerSelectionPanelTable-listUl\")]/tbody/tr[9]/td[2]/div/div"}
COMMAND: POST /session/1a7f7d058614b09b54cdbc5dd28664a9/element - {"using":"xpath","value":"//table[contains(@id, \"listView-innerSelectionPanelTable-listUl\")]/tbody/tr[9]/td[2]/div"}
RESULT: {"using":"xpath","value":"//table[contains(@id, \"listView-innerSelectionPanelTable-listUl\")]/tbody/tr[9]/td[2]/div"}
COMMAND: POST /session/1a7f7d058614b09b54cdbc5dd28664a9/element - {"using":"xpath","value":"//table[contains(@id, \"listView-innerSelectionPanelTable-listUl\")]/tbody/tr[9]/td[3]/div/div/span/span[1]/bdi"}
RESULT: {"using":"xpath","value":"//table[contains(@id, \"listView-innerSelectionPanelTable-listUl\")]/tbody/tr[9]/td[3]/div/div/span/span[1]/bdi"}
COMMAND: POST /session/1a7f7d058614b09b54cdbc5dd28664a9/execute/sync - {"script":"<script> [56 bytes]","args":[{"element-6066-11e4-a52e-4f735466cecf":"f.2C654B565EAAE04F20F597F65BFF9971.d.DAB69813CE0338D31B6BE7C77077B23F.e.8491","ELEMENT":"f.2C654B565EAAE04F20F597F65BFF9971.d.DAB69813CE0338D31B6BE7C77077B23F.e.8491"}]}
RESULT: {"script":"<script> [56 bytes]","args":[{"element-6066-11e4-a52e-4f735466cecf":"f.2C654B565EAAE04F20F597F65BFF9971.d.DAB69813CE0338D31B6BE7C77077B23F.e.8491","ELEMENT":"f.2C654B565EAAE04F20F597F65BFF9971.d.DAB69813CE0338D31B6BE7C77077B23F.e.8491"}]}
COMMAND: GET /session/1a7f7d058614b09b54cdbc5dd28664a9/element/f.2C654B565EAAE04F20F597F65BFF9971.d.DAB69813CE0338D31B6BE7C77077B23F.e.8490/attribute/aria-checked - {}
COMMAND: GET /session/1a7f7d058614b09b54cdbc5dd28664a9/screenshot - {}
RESULT: {}
COMMAND: POST /session/1a7f7d058614b09b54cdbc5dd28664a9/element - {"using":"xpath","value":"//table[contains(@id, \"listView-innerSelectionPanelTable-listUl\")]/tbody/tr[10]/td[2]/div/div"}
RESULT: {}
RESULT: {"using":"xpath","value":"//table[contains(@id, \"listView-innerSelectionPanelTable-listUl\")]/tbody/tr[10]/td[2]/div/div"}
COMMAND: POST /session/1a7f7d058614b09b54cdbc5dd28664a9/element - {"using":"xpath","value":"//table[contains(@id, \"listView-innerSelectionPanelTable-listUl\")]/tbody/tr[10]/td[2]/div"}
RESULT: {"using":"xpath","value":"//table[contains(@id, \"listView-innerSelectionPanelTable-listUl\")]/tbody/tr[10]/td[2]/div"}
COMMAND: POST /session/1a7f7d058614b09b54cdbc5dd28664a9/element - {"using":"xpath","value":"//table[contains(@id, \"listView-innerSelectionPanelTable-listUl\")]/tbody/tr[10]/td[3]/div/div/span/span[1]/bdi"}
RESULT: {"using":"xpath","value":"//table[contains(@id, \"listView-innerSelectionPanelTable-listUl\")]/tbody/tr[10]/td[3]/div/div/span/span[1]/bdi"}
COMMAND: POST /session/1a7f7d058614b09b54cdbc5dd28664a9/execute/sync - {"script":"<script> [56 bytes]","args":[{"element-6066-11e4-a52e-4f735466cecf":"f.2C654B565EAAE04F20F597F65BFF9971.d.DAB69813CE0338D31B6BE7C77077B23F.e.8494","ELEMENT":"f.2C654B565EAAE04F20F597F65BFF9971.d.DAB69813CE0338D31B6BE7C77077B23F.e.8494"}]}
RESULT: {"script":"<script> [56 bytes]","args":[{"element-6066-11e4-a52e-4f735466cecf":"f.2C654B565EAAE04F20F597F65BFF9971.d.DAB69813CE0338D31B6BE7C77077B23F.e.8494","ELEMENT":"f.2C654B565EAAE04F20F597F65BFF9971.d.DAB69813CE0338D31B6BE7C77077B23F.e.8494"}]}
COMMAND: GET /session/1a7f7d058614b09b54cdbc5dd28664a9/element/f.2C654B565EAAE04F20F597F65BFF9971.d.DAB69813CE0338D31B6BE7C77077B23F.e.8493/attribute/aria-checked - {}
COMMAND: GET /session/1a7f7d058614b09b54cdbc5dd28664a9/screenshot - {}
RESULT: {}
COMMAND: POST /session/1a7f7d058614b09b54cdbc5dd28664a9/element - {"using":"xpath","value":"//table[contains(@id, \"listView-innerSelectionPanelTable-listUl\")]/tbody/tr[11]/td[2]/div/div"}
RESULT: {}
RESULT: {"using":"xpath","value":"//table[contains(@id, \"listView-innerSelectionPanelTable-listUl\")]/tbody/tr[11]/td[2]/div/div"}
COMMAND: POST /session/1a7f7d058614b09b54cdbc5dd28664a9/element - {"using":"xpath","value":"//table[contains(@id, \"listView-innerSelectionPanelTable-listUl\")]/tbody/tr[11]/td[2]/div"}
RESULT: {"using":"xpath","value":"//table[contains(@id, \"listView-innerSelectionPanelTable-listUl\")]/tbody/tr[11]/td[2]/div"}
COMMAND: POST /session/1a7f7d058614b09b54cdbc5dd28664a9/element - {"using":"xpath","value":"//table[contains(@id, \"listView-innerSelectionPanelTable-listUl\")]/tbody/tr[11]/td[3]/div/div/span/span[1]/bdi"}
RESULT: {"using":"xpath","value":"//table[contains(@id, \"listView-innerSelectionPanelTable-listUl\")]/tbody/tr[11]/td[3]/div/div/span/span[1]/bdi"}
COMMAND: POST /session/1a7f7d058614b09b54cdbc5dd28664a9/execute/sync - {"script":"<script> [56 bytes]","args":[{"element-6066-11e4-a52e-4f735466cecf":"f.2C654B565EAAE04F20F597F65BFF9971.d.DAB69813CE0338D31B6BE7C77077B23F.e.8497","ELEMENT":"f.2C654B565EAAE04F20F597F65BFF9971.d.DAB69813CE0338D31B6BE7C77077B23F.e.8497"}]}
RESULT: {"script":"<script> [56 bytes]","args":[{"element-6066-11e4-a52e-4f735466cecf":"f.2C654B565EAAE04F20F597F65BFF9971.d.DAB69813CE0338D31B6BE7C77077B23F.e.8497","ELEMENT":"f.2C654B565EAAE04F20F597F65BFF9971.d.DAB69813CE0338D31B6BE7C77077B23F.e.8497"}]}
COMMAND: GET /session/1a7f7d058614b09b54cdbc5dd28664a9/element/f.2C654B565EAAE04F20F597F65BFF9971.d.DAB69813CE0338D31B6BE7C77077B23F.e.8496/attribute/aria-checked - {}
COMMAND: GET /session/1a7f7d058614b09b54cdbc5dd28664a9/screenshot - {}
RESULT: {}
COMMAND: POST /session/1a7f7d058614b09b54cdbc5dd28664a9/element - {"using":"xpath","value":"//table[contains(@id, \"listView-innerSelectionPanelTable-listUl\")]/tbody/tr[12]/td[2]/div/div"}
RESULT: {}
RESULT: {"using":"xpath","value":"//table[contains(@id, \"listView-innerSelectionPanelTable-listUl\")]/tbody/tr[12]/td[2]/div/div"}
COMMAND: POST /session/1a7f7d058614b09b54cdbc5dd28664a9/element - {"using":"xpath","value":"//table[contains(@id, \"listView-innerSelectionPanelTable-listUl\")]/tbody/tr[12]/td[2]/div"}
RESULT: {"using":"xpath","value":"//table[contains(@id, \"listView-innerSelectionPanelTable-listUl\")]/tbody/tr[12]/td[2]/div"}
COMMAND: POST /session/1a7f7d058614b09b54cdbc5dd28664a9/element - {"using":"xpath","value":"//table[contains(@id, \"listView-innerSelectionPanelTable-listUl\")]/tbody/tr[12]/td[3]/div/div/span/span[1]/bdi"}
RESULT: {"using":"xpath","value":"//table[contains(@id, \"listView-innerSelectionPanelTable-listUl\")]/tbody/tr[12]/td[3]/div/div/span/span[1]/bdi"}
COMMAND: POST /session/1a7f7d058614b09b54cdbc5dd28664a9/execute/sync - {"script":"<script> [56 bytes]","args":[{"element-6066-11e4-a52e-4f735466cecf":"f.2C654B565EAAE04F20F597F65BFF9971.d.DAB69813CE0338D31B6BE7C77077B23F.e.8500","ELEMENT":"f.2C654B565EAAE04F20F597F65BFF9971.d.DAB69813CE0338D31B6BE7C77077B23F.e.8500"}]}
RESULT: {"script":"<script> [56 bytes]","args":[{"element-6066-11e4-a52e-4f735466cecf":"f.2C654B565EAAE04F20F597F65BFF9971.d.DAB69813CE0338D31B6BE7C77077B23F.e.8500","ELEMENT":"f.2C654B565EAAE04F20F597F65BFF9971.d.DAB69813CE0338D31B6BE7C77077B23F.e.8500"}]}
COMMAND: GET /session/1a7f7d058614b09b54cdbc5dd28664a9/element/f.2C654B565EAAE04F20F597F65BFF9971.d.DAB69813CE0338D31B6BE7C77077B23F.e.8499/attribute/aria-checked - {}
COMMAND: GET /session/1a7f7d058614b09b54cdbc5dd28664a9/screenshot - {}
RESULT: {}
COMMAND: POST /session/1a7f7d058614b09b54cdbc5dd28664a9/element - {"using":"xpath","value":"//table[contains(@id, \"listView-innerSelectionPanelTable-listUl\")]/tbody/tr[13]/td[2]/div/div"}
RESULT: {}
RESULT: {"using":"xpath","value":"//table[contains(@id, \"listView-innerSelectionPanelTable-listUl\")]/tbody/tr[13]/td[2]/div/div"}
COMMAND: POST /session/1a7f7d058614b09b54cdbc5dd28664a9/element - {"using":"xpath","value":"//table[contains(@id, \"listView-innerSelectionPanelTable-listUl\")]/tbody/tr[13]/td[2]/div"}
RESULT: {"using":"xpath","value":"//table[contains(@id, \"listView-innerSelectionPanelTable-listUl\")]/tbody/tr[13]/td[2]/div"}
COMMAND: POST /session/1a7f7d058614b09b54cdbc5dd28664a9/element - {"using":"xpath","value":"//table[contains(@id, \"listView-innerSelectionPanelTable-listUl\")]/tbody/tr[13]/td[3]/div/div/span/span[1]/bdi"}
RESULT: {"using":"xpath","value":"//table[contains(@id, \"listView-innerSelectionPanelTable-listUl\")]/tbody/tr[13]/td[3]/div/div/span/span[1]/bdi"}
COMMAND: POST /session/1a7f7d058614b09b54cdbc5dd28664a9/execute/sync - {"script":"<script> [56 bytes]","args":[{"element-6066-11e4-a52e-4f735466cecf":"f.2C654B565EAAE04F20F597F65BFF9971.d.DAB69813CE0338D31B6BE7C77077B23F.e.8503","ELEMENT":"f.2C654B565EAAE04F20F597F65BFF9971.d.DAB69813CE0338D31B6BE7C77077B23F.e.8503"}]}
RESULT: {"script":"<script> [56 bytes]","args":[{"element-6066-11e4-a52e-4f735466cecf":"f.2C654B565EAAE04F20F597F65BFF9971.d.DAB69813CE0338D31B6BE7C77077B23F.e.8503","ELEMENT":"f.2C654B565EAAE04F20F597F65BFF9971.d.DAB69813CE0338D31B6BE7C77077B23F.e.8503"}]}
COMMAND: GET /session/1a7f7d058614b09b54cdbc5dd28664a9/element/f.2C654B565EAAE04F20F597F65BFF9971.d.DAB69813CE0338D31B6BE7C77077B23F.e.8502/attribute/aria-checked - {}
COMMAND: GET /session/1a7f7d058614b09b54cdbc5dd28664a9/screenshot - {}
RESULT: {}
COMMAND: POST /session/1a7f7d058614b09b54cdbc5dd28664a9/element - {"using":"xpath","value":"//table[contains(@id, \"listView-innerSelectionPanelTable-listUl\")]/tbody/tr[14]/td[2]/div/div"}
RESULT: {}
RESULT: {"using":"xpath","value":"//table[contains(@id, \"listView-innerSelectionPanelTable-listUl\")]/tbody/tr[14]/td[2]/div/div"}
COMMAND: POST /session/1a7f7d058614b09b54cdbc5dd28664a9/element - {"using":"xpath","value":"//table[contains(@id, \"listView-innerSelectionPanelTable-listUl\")]/tbody/tr[14]/td[2]/div"}
RESULT: {"using":"xpath","value":"//table[contains(@id, \"listView-innerSelectionPanelTable-listUl\")]/tbody/tr[14]/td[2]/div"}
COMMAND: POST /session/1a7f7d058614b09b54cdbc5dd28664a9/element - {"using":"xpath","value":"//table[contains(@id, \"listView-innerSelectionPanelTable-listUl\")]/tbody/tr[14]/td[3]/div/div/span/span[1]/bdi"}
RESULT: {"using":"xpath","value":"//table[contains(@id, \"listView-innerSelectionPanelTable-listUl\")]/tbody/tr[14]/td[3]/div/div/span/span[1]/bdi"}
COMMAND: POST /session/1a7f7d058614b09b54cdbc5dd28664a9/execute/sync - {"script":"<script> [56 bytes]","args":[{"element-6066-11e4-a52e-4f735466cecf":"f.2C654B565EAAE04F20F597F65BFF9971.d.DAB69813CE0338D31B6BE7C77077B23F.e.8506","ELEMENT":"f.2C654B565EAAE04F20F597F65BFF9971.d.DAB69813CE0338D31B6BE7C77077B23F.e.8506"}]}
RESULT: {"script":"<script> [56 bytes]","args":[{"element-6066-11e4-a52e-4f735466cecf":"f.2C654B565EAAE04F20F597F65BFF9971.d.DAB69813CE0338D31B6BE7C77077B23F.e.8506","ELEMENT":"f.2C654B565EAAE04F20F597F65BFF9971.d.DAB69813CE0338D31B6BE7C77077B23F.e.8506"}]}
COMMAND: GET /session/1a7f7d058614b09b54cdbc5dd28664a9/element/f.2C654B565EAAE04F20F597F65BFF9971.d.DAB69813CE0338D31B6BE7C77077B23F.e.8505/attribute/aria-checked - {}
COMMAND: GET /session/1a7f7d058614b09b54cdbc5dd28664a9/screenshot - {}
RESULT: {}
COMMAND: POST /session/1a7f7d058614b09b54cdbc5dd28664a9/element - {"using":"xpath","value":"//table[contains(@id, \"listView-innerSelectionPanelTable-listUl\")]/tbody/tr[15]/td[2]/div/div"}
RESULT: {}
RESULT: {"using":"xpath","value":"//table[contains(@id, \"listView-innerSelectionPanelTable-listUl\")]/tbody/tr[15]/td[2]/div/div"}
COMMAND: POST /session/1a7f7d058614b09b54cdbc5dd28664a9/element - {"using":"xpath","value":"//table[contains(@id, \"listView-innerSelectionPanelTable-listUl\")]/tbody/tr[15]/td[2]/div"}
RESULT: {"using":"xpath","value":"//table[contains(@id, \"listView-innerSelectionPanelTable-listUl\")]/tbody/tr[15]/td[2]/div"}
COMMAND: POST /session/1a7f7d058614b09b54cdbc5dd28664a9/element - {"using":"xpath","value":"//table[contains(@id, \"listView-innerSelectionPanelTable-listUl\")]/tbody/tr[15]/td[3]/div/div/span/span[1]/bdi"}
RESULT: {"using":"xpath","value":"//table[contains(@id, \"listView-innerSelectionPanelTable-listUl\")]/tbody/tr[15]/td[3]/div/div/span/span[1]/bdi"}
COMMAND: POST /session/1a7f7d058614b09b54cdbc5dd28664a9/execute/sync - {"script":"<script> [56 bytes]","args":[{"element-6066-11e4-a52e-4f735466cecf":"f.2C654B565EAAE04F20F597F65BFF9971.d.DAB69813CE0338D31B6BE7C77077B23F.e.8509","ELEMENT":"f.2C654B565EAAE04F20F597F65BFF9971.d.DAB69813CE0338D31B6BE7C77077B23F.e.8509"}]}
RESULT: {"script":"<script> [56 bytes]","args":[{"element-6066-11e4-a52e-4f735466cecf":"f.2C654B565EAAE04F20F597F65BFF9971.d.DAB69813CE0338D31B6BE7C77077B23F.e.8509","ELEMENT":"f.2C654B565EAAE04F20F597F65BFF9971.d.DAB69813CE0338D31B6BE7C77077B23F.e.8509"}]}
COMMAND: GET /session/1a7f7d058614b09b54cdbc5dd28664a9/element/f.2C654B565EAAE04F20F597F65BFF9971.d.DAB69813CE0338D31B6BE7C77077B23F.e.8508/attribute/aria-checked - {}
COMMAND: GET /session/1a7f7d058614b09b54cdbc5dd28664a9/screenshot - {}
RESULT: {}
COMMAND: POST /session/1a7f7d058614b09b54cdbc5dd28664a9/element - {"using":"xpath","value":"//table[contains(@id, \"listView-innerSelectionPanelTable-listUl\")]/tbody/tr[16]/td[2]/div/div"}
RESULT: {}
RESULT: {"using":"xpath","value":"//table[contains(@id, \"listView-innerSelectionPanelTable-listUl\")]/tbody/tr[16]/td[2]/div/div"}
COMMAND: POST /session/1a7f7d058614b09b54cdbc5dd28664a9/element - {"using":"xpath","value":"//table[contains(@id, \"listView-innerSelectionPanelTable-listUl\")]/tbody/tr[16]/td[2]/div"}
RESULT: {"using":"xpath","value":"//table[contains(@id, \"listView-innerSelectionPanelTable-listUl\")]/tbody/tr[16]/td[2]/div"}
COMMAND: POST /session/1a7f7d058614b09b54cdbc5dd28664a9/element - {"using":"xpath","value":"//table[contains(@id, \"listView-innerSelectionPanelTable-listUl\")]/tbody/tr[16]/td[3]/div/div/span/span[1]/bdi"}
RESULT: {"using":"xpath","value":"//table[contains(@id, \"listView-innerSelectionPanelTable-listUl\")]/tbody/tr[16]/td[3]/div/div/span/span[1]/bdi"}
COMMAND: POST /session/1a7f7d058614b09b54cdbc5dd28664a9/execute/sync - {"script":"<script> [56 bytes]","args":[{"element-6066-11e4-a52e-4f735466cecf":"f.2C654B565EAAE04F20F597F65BFF9971.d.DAB69813CE0338D31B6BE7C77077B23F.e.8512","ELEMENT":"f.2C654B565EAAE04F20F597F65BFF9971.d.DAB69813CE0338D31B6BE7C77077B23F.e.8512"}]}
RESULT: {"script":"<script> [56 bytes]","args":[{"element-6066-11e4-a52e-4f735466cecf":"f.2C654B565EAAE04F20F597F65BFF9971.d.DAB69813CE0338D31B6BE7C77077B23F.e.8512","ELEMENT":"f.2C654B565EAAE04F20F597F65BFF9971.d.DAB69813CE0338D31B6BE7C77077B23F.e.8512"}]}
COMMAND: GET /session/1a7f7d058614b09b54cdbc5dd28664a9/element/f.2C654B565EAAE04F20F597F65BFF9971.d.DAB69813CE0338D31B6BE7C77077B23F.e.8511/attribute/aria-checked - {}
COMMAND: GET /session/1a7f7d058614b09b54cdbc5dd28664a9/screenshot - {}
RESULT: {}
COMMAND: POST /session/1a7f7d058614b09b54cdbc5dd28664a9/element - {"using":"xpath","value":"//table[contains(@id, \"listView-innerSelectionPanelTable-listUl\")]/tbody/tr[17]/td[2]/div/div"}
RESULT: {}
RESULT: {"using":"xpath","value":"//table[contains(@id, \"listView-innerSelectionPanelTable-listUl\")]/tbody/tr[17]/td[2]/div/div"}
COMMAND: POST /session/1a7f7d058614b09b54cdbc5dd28664a9/element - {"using":"xpath","value":"//table[contains(@id, \"listView-innerSelectionPanelTable-listUl\")]/tbody/tr[17]/td[2]/div"}
RESULT: {"using":"xpath","value":"//table[contains(@id, \"listView-innerSelectionPanelTable-listUl\")]/tbody/tr[17]/td[2]/div"}
COMMAND: POST /session/1a7f7d058614b09b54cdbc5dd28664a9/element - {"using":"xpath","value":"//table[contains(@id, \"listView-innerSelectionPanelTable-listUl\")]/tbody/tr[17]/td[3]/div/div/span/span[1]/bdi"}
RESULT: {"using":"xpath","value":"//table[contains(@id, \"listView-innerSelectionPanelTable-listUl\")]/tbody/tr[17]/td[3]/div/div/span/span[1]/bdi"}
COMMAND: POST /session/1a7f7d058614b09b54cdbc5dd28664a9/execute/sync - {"script":"<script> [56 bytes]","args":[{"element-6066-11e4-a52e-4f735466cecf":"f.2C654B565EAAE04F20F597F65BFF9971.d.DAB69813CE0338D31B6BE7C77077B23F.e.8515","ELEMENT":"f.2C654B565EAAE04F20F597F65BFF9971.d.DAB69813CE0338D31B6BE7C77077B23F.e.8515"}]}
RESULT: {"script":"<script> [56 bytes]","args":[{"element-6066-11e4-a52e-4f735466cecf":"f.2C654B565EAAE04F20F597F65BFF9971.d.DAB69813CE0338D31B6BE7C77077B23F.e.8515","ELEMENT":"f.2C654B565EAAE04F20F597F65BFF9971.d.DAB69813CE0338D31B6BE7C77077B23F.e.8515"}]}
COMMAND: GET /session/1a7f7d058614b09b54cdbc5dd28664a9/element/f.2C654B565EAAE04F20F597F65BFF9971.d.DAB69813CE0338D31B6BE7C77077B23F.e.8514/attribute/aria-checked - {}
COMMAND: GET /session/1a7f7d058614b09b54cdbc5dd28664a9/screenshot - {}
RESULT: {}
COMMAND: POST /session/1a7f7d058614b09b54cdbc5dd28664a9/element - {"using":"xpath","value":"//table[contains(@id, \"listView-innerSelectionPanelTable-listUl\")]/tbody/tr[18]/td[2]/div/div"}
RESULT: {}
RESULT: {"using":"xpath","value":"//table[contains(@id, \"listView-innerSelectionPanelTable-listUl\")]/tbody/tr[18]/td[2]/div/div"}
COMMAND: POST /session/1a7f7d058614b09b54cdbc5dd28664a9/element - {"using":"xpath","value":"//table[contains(@id, \"listView-innerSelectionPanelTable-listUl\")]/tbody/tr[18]/td[2]/div"}
RESULT: {"using":"xpath","value":"//table[contains(@id, \"listView-innerSelectionPanelTable-listUl\")]/tbody/tr[18]/td[2]/div"}
COMMAND: POST /session/1a7f7d058614b09b54cdbc5dd28664a9/element - {"using":"xpath","value":"//table[contains(@id, \"listView-innerSelectionPanelTable-listUl\")]/tbody/tr[18]/td[3]/div/div/span/span[1]/bdi"}
RESULT: {"using":"xpath","value":"//table[contains(@id, \"listView-innerSelectionPanelTable-listUl\")]/tbody/tr[18]/td[3]/div/div/span/span[1]/bdi"}
COMMAND: POST /session/1a7f7d058614b09b54cdbc5dd28664a9/execute/sync - {"script":"<script> [56 bytes]","args":[{"element-6066-11e4-a52e-4f735466cecf":"f.2C654B565EAAE04F20F597F65BFF9971.d.DAB69813CE0338D31B6BE7C77077B23F.e.8518","ELEMENT":"f.2C654B565EAAE04F20F597F65BFF9971.d.DAB69813CE0338D31B6BE7C77077B23F.e.8518"}]}
RESULT: {"script":"<script> [56 bytes]","args":[{"element-6066-11e4-a52e-4f735466cecf":"f.2C654B565EAAE04F20F597F65BFF9971.d.DAB69813CE0338D31B6BE7C77077B23F.e.8518","ELEMENT":"f.2C654B565EAAE04F20F597F65BFF9971.d.DAB69813CE0338D31B6BE7C77077B23F.e.8518"}]}
COMMAND: GET /session/1a7f7d058614b09b54cdbc5dd28664a9/element/f.2C654B565EAAE04F20F597F65BFF9971.d.DAB69813CE0338D31B6BE7C77077B23F.e.8517/attribute/aria-checked - {}
COMMAND: GET /session/1a7f7d058614b09b54cdbc5dd28664a9/screenshot - {}
RESULT: {}
COMMAND: POST /session/1a7f7d058614b09b54cdbc5dd28664a9/element - {"using":"xpath","value":"//table[contains(@id, \"listView-innerSelectionPanelTable-listUl\")]/tbody/tr[19]/td[2]/div/div"}
RESULT: {}
RESULT: {"using":"xpath","value":"//table[contains(@id, \"listView-innerSelectionPanelTable-listUl\")]/tbody/tr[19]/td[2]/div/div"}
COMMAND: POST /session/1a7f7d058614b09b54cdbc5dd28664a9/element - {"using":"xpath","value":"//table[contains(@id, \"listView-innerSelectionPanelTable-listUl\")]/tbody/tr[19]/td[2]/div"}
RESULT: {"using":"xpath","value":"//table[contains(@id, \"listView-innerSelectionPanelTable-listUl\")]/tbody/tr[19]/td[2]/div"}
COMMAND: POST /session/1a7f7d058614b09b54cdbc5dd28664a9/element - {"using":"xpath","value":"//table[contains(@id, \"listView-innerSelectionPanelTable-listUl\")]/tbody/tr[19]/td[3]/div/div/span/span[1]/bdi"}
RESULT: {"using":"xpath","value":"//table[contains(@id, \"listView-innerSelectionPanelTable-listUl\")]/tbody/tr[19]/td[3]/div/div/span/span[1]/bdi"}
COMMAND: POST /session/1a7f7d058614b09b54cdbc5dd28664a9/execute/sync - {"script":"<script> [56 bytes]","args":[{"element-6066-11e4-a52e-4f735466cecf":"f.2C654B565EAAE04F20F597F65BFF9971.d.DAB69813CE0338D31B6BE7C77077B23F.e.8521","ELEMENT":"f.2C654B565EAAE04F20F597F65BFF9971.d.DAB69813CE0338D31B6BE7C77077B23F.e.8521"}]}
RESULT: {"script":"<script> [56 bytes]","args":[{"element-6066-11e4-a52e-4f735466cecf":"f.2C654B565EAAE04F20F597F65BFF9971.d.DAB69813CE0338D31B6BE7C77077B23F.e.8521","ELEMENT":"f.2C654B565EAAE04F20F597F65BFF9971.d.DAB69813CE0338D31B6BE7C77077B23F.e.8521"}]}
COMMAND: GET /session/1a7f7d058614b09b54cdbc5dd28664a9/element/f.2C654B565EAAE04F20F597F65BFF9971.d.DAB69813CE0338D31B6BE7C77077B23F.e.8520/attribute/aria-checked - {}
COMMAND: GET /session/1a7f7d058614b09b54cdbc5dd28664a9/screenshot - {}
RESULT: {}
COMMAND: POST /session/1a7f7d058614b09b54cdbc5dd28664a9/element - {"using":"xpath","value":"//table[contains(@id, \"listView-innerSelectionPanelTable-listUl\")]/tbody/tr[20]/td[2]/div/div"}
RESULT: {}
RESULT: {"using":"xpath","value":"//table[contains(@id, \"listView-innerSelectionPanelTable-listUl\")]/tbody/tr[20]/td[2]/div/div"}
COMMAND: POST /session/1a7f7d058614b09b54cdbc5dd28664a9/element - {"using":"xpath","value":"//table[contains(@id, \"listView-innerSelectionPanelTable-listUl\")]/tbody/tr[20]/td[2]/div"}
RESULT: {"using":"xpath","value":"//table[contains(@id, \"listView-innerSelectionPanelTable-listUl\")]/tbody/tr[20]/td[2]/div"}
COMMAND: POST /session/1a7f7d058614b09b54cdbc5dd28664a9/element - {"using":"xpath","value":"//table[contains(@id, \"listView-innerSelectionPanelTable-listUl\")]/tbody/tr[20]/td[3]/div/div/span/span[1]/bdi"}
RESULT: {"using":"xpath","value":"//table[contains(@id, \"listView-innerSelectionPanelTable-listUl\")]/tbody/tr[20]/td[3]/div/div/span/span[1]/bdi"}
COMMAND: POST /session/1a7f7d058614b09b54cdbc5dd28664a9/execute/sync - {"script":"<script> [56 bytes]","args":[{"element-6066-11e4-a52e-4f735466cecf":"f.2C654B565EAAE04F20F597F65BFF9971.d.DAB69813CE0338D31B6BE7C77077B23F.e.8524","ELEMENT":"f.2C654B565EAAE04F20F597F65BFF9971.d.DAB69813CE0338D31B6BE7C77077B23F.e.8524"}]}
RESULT: {"script":"<script> [56 bytes]","args":[{"element-6066-11e4-a52e-4f735466cecf":"f.2C654B565EAAE04F20F597F65BFF9971.d.DAB69813CE0338D31B6BE7C77077B23F.e.8524","ELEMENT":"f.2C654B565EAAE04F20F597F65BFF9971.d.DAB69813CE0338D31B6BE7C77077B23F.e.8524"}]}
COMMAND: GET /session/1a7f7d058614b09b54cdbc5dd28664a9/element/f.2C654B565EAAE04F20F597F65BFF9971.d.DAB69813CE0338D31B6BE7C77077B23F.e.8523/attribute/aria-checked - {}
COMMAND: GET /session/1a7f7d058614b09b54cdbc5dd28664a9/screenshot - {}
RESULT: {}
COMMAND: POST /session/1a7f7d058614b09b54cdbc5dd28664a9/element - {"using":"xpath","value":"//table[contains(@id, \"listView-innerSelectionPanelTable-listUl\")]/tbody/tr[21]/td[2]/div/div"}
COMMAND: POST /session/1a7f7d058614b09b54cdbc5dd28664a9/element/f.2C654B565EAAE04F20F597F65BFF9971.d.DAB69813CE0338D31B6BE7C77077B23F.e.8522/click - {}
RESULT: {}
RESULT: {"using":"xpath","value":"//table[contains(@id, \"listView-innerSelectionPanelTable-listUl\")]/tbody/tr[21]/td[2]/div/div"}
COMMAND: POST /session/1a7f7d058614b09b54cdbc5dd28664a9/element - {"using":"xpath","value":"//table[contains(@id, \"listView-innerSelectionPanelTable-listUl\")]/tbody/tr[21]/td[2]/div"}
RESULT: {}
COMMAND: GET /session/1a7f7d058614b09b54cdbc5dd28664a9/screenshot - {}
RESULT: {"using":"xpath","value":"//table[contains(@id, \"listView-innerSelectionPanelTable-listUl\")]/tbody/tr[21]/td[2]/div"}
COMMAND: POST /session/1a7f7d058614b09b54cdbc5dd28664a9/element - {"using":"xpath","value":"//table[contains(@id, \"listView-innerSelectionPanelTable-listUl\")]/tbody/tr[21]/td[3]/div/div/span/span[1]/bdi"}
RESULT: {}
RESULT: {"using":"xpath","value":"//table[contains(@id, \"listView-innerSelectionPanelTable-listUl\")]/tbody/tr[21]/td[3]/div/div/span/span[1]/bdi"}
COMMAND: POST /session/1a7f7d058614b09b54cdbc5dd28664a9/execute/sync - {"script":"<script> [56 bytes]","args":[{"element-6066-11e4-a52e-4f735466cecf":"f.2C654B565EAAE04F20F597F65BFF9971.d.DAB69813CE0338D31B6BE7C77077B23F.e.8530","ELEMENT":"f.2C654B565EAAE04F20F597F65BFF9971.d.DAB69813CE0338D31B6BE7C77077B23F.e.8530"}]}
RESULT: {"script":"<script> [56 bytes]","args":[{"element-6066-11e4-a52e-4f735466cecf":"f.2C654B565EAAE04F20F597F65BFF9971.d.DAB69813CE0338D31B6BE7C77077B23F.e.8530","ELEMENT":"f.2C654B565EAAE04F20F597F65BFF9971.d.DAB69813CE0338D31B6BE7C77077B23F.e.8530"}]}
COMMAND: GET /session/1a7f7d058614b09b54cdbc5dd28664a9/element/f.2C654B565EAAE04F20F597F65BFF9971.d.DAB69813CE0338D31B6BE7C77077B23F.e.8529/attribute/aria-checked - {}
COMMAND: GET /session/1a7f7d058614b09b54cdbc5dd28664a9/screenshot - {}
RESULT: {}
COMMAND: POST /session/1a7f7d058614b09b54cdbc5dd28664a9/element - {"using":"xpath","value":"//table[contains(@id, \"listView-innerSelectionPanelTable-listUl\")]/tbody/tr[22]/td[2]/div/div"}
COMMAND: POST /session/1a7f7d058614b09b54cdbc5dd28664a9/element/f.2C654B565EAAE04F20F597F65BFF9971.d.DAB69813CE0338D31B6BE7C77077B23F.e.8525/click - {}
RESULT: {}
RESULT: {"using":"xpath","value":"//table[contains(@id, \"listView-innerSelectionPanelTable-listUl\")]/tbody/tr[22]/td[2]/div/div"}
COMMAND: POST /session/1a7f7d058614b09b54cdbc5dd28664a9/element - {"using":"xpath","value":"//table[contains(@id, \"listView-innerSelectionPanelTable-listUl\")]/tbody/tr[22]/td[2]/div"}
RESULT: {}
COMMAND: GET /session/1a7f7d058614b09b54cdbc5dd28664a9/screenshot - {}
RESULT: {"using":"xpath","value":"//table[contains(@id, \"listView-innerSelectionPanelTable-listUl\")]/tbody/tr[22]/td[2]/div"}
COMMAND: POST /session/1a7f7d058614b09b54cdbc5dd28664a9/element - {"using":"xpath","value":"//table[contains(@id, \"listView-innerSelectionPanelTable-listUl\")]/tbody/tr[22]/td[3]/div/div/span/span[1]/bdi"}
RESULT: {}
RESULT: {"using":"xpath","value":"//table[contains(@id, \"listView-innerSelectionPanelTable-listUl\")]/tbody/tr[22]/td[3]/div/div/span/span[1]/bdi"}
COMMAND: POST /session/1a7f7d058614b09b54cdbc5dd28664a9/execute/sync - {"script":"<script> [56 bytes]","args":[{"element-6066-11e4-a52e-4f735466cecf":"f.2C654B565EAAE04F20F597F65BFF9971.d.DAB69813CE0338D31B6BE7C77077B23F.e.8534","ELEMENT":"f.2C654B565EAAE04F20F597F65BFF9971.d.DAB69813CE0338D31B6BE7C77077B23F.e.8534"}]}
RESULT: {"script":"<script> [56 bytes]","args":[{"element-6066-11e4-a52e-4f735466cecf":"f.2C654B565EAAE04F20F597F65BFF9971.d.DAB69813CE0338D31B6BE7C77077B23F.e.8534","ELEMENT":"f.2C654B565EAAE04F20F597F65BFF9971.d.DAB69813CE0338D31B6BE7C77077B23F.e.8534"}]}
COMMAND: GET /session/1a7f7d058614b09b54cdbc5dd28664a9/element/f.2C654B565EAAE04F20F597F65BFF9971.d.DAB69813CE0338D31B6BE7C77077B23F.e.8533/attribute/aria-checked - {}
COMMAND: GET /session/1a7f7d058614b09b54cdbc5dd28664a9/screenshot - {}
RESULT: {}
COMMAND: POST /session/1a7f7d058614b09b54cdbc5dd28664a9/element - {"using":"xpath","value":"//table[contains(@id, \"listView-innerSelectionPanelTable-listUl\")]/tbody/tr[23]/td[2]/div/div"}
RESULT: {}
RESULT: {"using":"xpath","value":"//table[contains(@id, \"listView-innerSelectionPanelTable-listUl\")]/tbody/tr[23]/td[2]/div/div"}
COMMAND: POST /session/1a7f7d058614b09b54cdbc5dd28664a9/element - {"using":"xpath","value":"//table[contains(@id, \"listView-innerSelectionPanelTable-listUl\")]/tbody/tr[23]/td[2]/div"}
RESULT: {"using":"xpath","value":"//table[contains(@id, \"listView-innerSelectionPanelTable-listUl\")]/tbody/tr[23]/td[2]/div"}
COMMAND: POST /session/1a7f7d058614b09b54cdbc5dd28664a9/element - {"using":"xpath","value":"//table[contains(@id, \"listView-innerSelectionPanelTable-listUl\")]/tbody/tr[23]/td[3]/div/div/span/span[1]/bdi"}
RESULT: {"using":"xpath","value":"//table[contains(@id, \"listView-innerSelectionPanelTable-listUl\")]/tbody/tr[23]/td[3]/div/div/span/span[1]/bdi"}
COMMAND: POST /session/1a7f7d058614b09b54cdbc5dd28664a9/execute/sync - {"script":"<script> [56 bytes]","args":[{"element-6066-11e4-a52e-4f735466cecf":"f.2C654B565EAAE04F20F597F65BFF9971.d.DAB69813CE0338D31B6BE7C77077B23F.e.8537","ELEMENT":"f.2C654B565EAAE04F20F597F65BFF9971.d.DAB69813CE0338D31B6BE7C77077B23F.e.8537"}]}
RESULT: {"script":"<script> [56 bytes]","args":[{"element-6066-11e4-a52e-4f735466cecf":"f.2C654B565EAAE04F20F597F65BFF9971.d.DAB69813CE0338D31B6BE7C77077B23F.e.8537","ELEMENT":"f.2C654B565EAAE04F20F597F65BFF9971.d.DAB69813CE0338D31B6BE7C77077B23F.e.8537"}]}
COMMAND: GET /session/1a7f7d058614b09b54cdbc5dd28664a9/element/f.2C654B565EAAE04F20F597F65BFF9971.d.DAB69813CE0338D31B6BE7C77077B23F.e.8536/attribute/aria-checked - {}
COMMAND: GET /session/1a7f7d058614b09b54cdbc5dd28664a9/screenshot - {}
RESULT: {}
COMMAND: POST /session/1a7f7d058614b09b54cdbc5dd28664a9/element - {"using":"xpath","value":"//table[contains(@id, \"listView-innerSelectionPanelTable-listUl\")]/tbody/tr[24]/td[2]/div/div"}
RESULT: {}
RESULT: {"using":"xpath","value":"//table[contains(@id, \"listView-innerSelectionPanelTable-listUl\")]/tbody/tr[24]/td[2]/div/div"}
COMMAND: POST /session/1a7f7d058614b09b54cdbc5dd28664a9/element - {"using":"xpath","value":"//table[contains(@id, \"listView-innerSelectionPanelTable-listUl\")]/tbody/tr[24]/td[2]/div"}
RESULT: {"using":"xpath","value":"//table[contains(@id, \"listView-innerSelectionPanelTable-listUl\")]/tbody/tr[24]/td[2]/div"}
COMMAND: POST /session/1a7f7d058614b09b54cdbc5dd28664a9/element - {"using":"xpath","value":"//table[contains(@id, \"listView-innerSelectionPanelTable-listUl\")]/tbody/tr[24]/td[3]/div/div/span/span[1]/bdi"}
RESULT: {"using":"xpath","value":"//table[contains(@id, \"listView-innerSelectionPanelTable-listUl\")]/tbody/tr[24]/td[3]/div/div/span/span[1]/bdi"}
COMMAND: POST /session/1a7f7d058614b09b54cdbc5dd28664a9/execute/sync - {"script":"<script> [56 bytes]","args":[{"element-6066-11e4-a52e-4f735466cecf":"f.2C654B565EAAE04F20F597F65BFF9971.d.DAB69813CE0338D31B6BE7C77077B23F.e.8540","ELEMENT":"f.2C654B565EAAE04F20F597F65BFF9971.d.DAB69813CE0338D31B6BE7C77077B23F.e.8540"}]}
RESULT: {"script":"<script> [56 bytes]","args":[{"element-6066-11e4-a52e-4f735466cecf":"f.2C654B565EAAE04F20F597F65BFF9971.d.DAB69813CE0338D31B6BE7C77077B23F.e.8540","ELEMENT":"f.2C654B565EAAE04F20F597F65BFF9971.d.DAB69813CE0338D31B6BE7C77077B23F.e.8540"}]}
COMMAND: GET /session/1a7f7d058614b09b54cdbc5dd28664a9/element/f.2C654B565EAAE04F20F597F65BFF9971.d.DAB69813CE0338D31B6BE7C77077B23F.e.8539/attribute/aria-checked - {}
COMMAND: GET /session/1a7f7d058614b09b54cdbc5dd28664a9/screenshot - {}
RESULT: {}
COMMAND: POST /session/1a7f7d058614b09b54cdbc5dd28664a9/element - {"using":"xpath","value":"//table[contains(@id, \"listView-innerSelectionPanelTable-listUl\")]/tbody/tr[25]/td[2]/div/div"}
RESULT: {}
RESULT: {"using":"xpath","value":"//table[contains(@id, \"listView-innerSelectionPanelTable-listUl\")]/tbody/tr[25]/td[2]/div/div"}
COMMAND: POST /session/1a7f7d058614b09b54cdbc5dd28664a9/element - {"using":"xpath","value":"//table[contains(@id, \"listView-innerSelectionPanelTable-listUl\")]/tbody/tr[25]/td[2]/div"}
RESULT: {"using":"xpath","value":"//table[contains(@id, \"listView-innerSelectionPanelTable-listUl\")]/tbody/tr[25]/td[2]/div"}
COMMAND: POST /session/1a7f7d058614b09b54cdbc5dd28664a9/element - {"using":"xpath","value":"//table[contains(@id, \"listView-innerSelectionPanelTable-listUl\")]/tbody/tr[25]/td[3]/div/div/span/span[1]/bdi"}
RESULT: {"using":"xpath","value":"//table[contains(@id, \"listView-innerSelectionPanelTable-listUl\")]/tbody/tr[25]/td[3]/div/div/span/span[1]/bdi"}
COMMAND: POST /session/1a7f7d058614b09b54cdbc5dd28664a9/execute/sync - {"script":"<script> [56 bytes]","args":[{"element-6066-11e4-a52e-4f735466cecf":"f.2C654B565EAAE04F20F597F65BFF9971.d.DAB69813CE0338D31B6BE7C77077B23F.e.8543","ELEMENT":"f.2C654B565EAAE04F20F597F65BFF9971.d.DAB69813CE0338D31B6BE7C77077B23F.e.8543"}]}
RESULT: {"script":"<script> [56 bytes]","args":[{"element-6066-11e4-a52e-4f735466cecf":"f.2C654B565EAAE04F20F597F65BFF9971.d.DAB69813CE0338D31B6BE7C77077B23F.e.8543","ELEMENT":"f.2C654B565EAAE04F20F597F65BFF9971.d.DAB69813CE0338D31B6BE7C77077B23F.e.8543"}]}
COMMAND: GET /session/1a7f7d058614b09b54cdbc5dd28664a9/element/f.2C654B565EAAE04F20F597F65BFF9971.d.DAB69813CE0338D31B6BE7C77077B23F.e.8542/attribute/aria-checked - {}
COMMAND: GET /session/1a7f7d058614b09b54cdbc5dd28664a9/screenshot - {}
RESULT: {}
COMMAND: POST /session/1a7f7d058614b09b54cdbc5dd28664a9/element - {"using":"xpath","value":"//bdi[contains(text(), \"OK\")]"}
RESULT: {}
RESULT: {"using":"xpath","value":"//bdi[contains(text(), \"OK\")]"}
COMMAND: POST /session/1a7f7d058614b09b54cdbc5dd28664a9/element/f.2C654B565EAAE04F20F597F65BFF9971.d.DAB69813CE0338D31B6BE7C77077B23F.e.8544/click - {}
RESULT: {}
COMMAND: GET /session/1a7f7d058614b09b54cdbc5dd28664a9/screenshot - {}
RESULT: {}
RESULT: undefined
COMMAND: POST /session/1a7f7d058614b09b54cdbc5dd28664a9/element - {"using":"xpath","value":"//*[@id=\"application-managepartners-display-component---masterPtm--smartFilterBar-filterItemControlA_-LINK_TO_ADDRESSES_MAIN.ID-vhi\"]"}
RESULT: {"using":"xpath","value":"//*[@id=\"application-managepartners-display-component---masterPtm--smartFilterBar-filterItemControlA_-LINK_TO_ADDRESSES_MAIN.ID-vhi\"]"}
COMMAND: POST /session/1a7f7d058614b09b54cdbc5dd28664a9/element/f.2C654B565EAAE04F20F597F65BFF9971.d.DAB69813CE0338D31B6BE7C77077B23F.e.8557/click - {}
RESULT: {}
COMMAND: GET /session/1a7f7d058614b09b54cdbc5dd28664a9/screenshot - {}
RESULT: {}
RESULT: undefined
COMMAND: POST /session/1a7f7d058614b09b54cdbc5dd28664a9/element - {"using":"xpath","value":"//*[@id=\"__box77-arrow\"]"}
RESULT: {"using":"xpath","value":"//*[@id=\"__box77-arrow\"]"}
COMMAND: POST /session/1a7f7d058614b09b54cdbc5dd28664a9/elements - {"using":"xpath","value":"//*[@id=\"__box77-arrow\"]"}
RESULT: {"using":"xpath","value":"//*[@id=\"__box77-arrow\"]"}
COMMAND: POST /session/1a7f7d058614b09b54cdbc5dd28664a9/elements - {"using":"xpath","value":"//*[@id=\"__box77-arrow\"]"}
RESULT: {"using":"xpath","value":"//*[@id=\"__box77-arrow\"]"}
COMMAND: POST /session/1a7f7d058614b09b54cdbc5dd28664a9/elements - {"using":"xpath","value":"//*[@id=\"__box77-arrow\"]"}
RESULT: {"using":"xpath","value":"//*[@id=\"__box77-arrow\"]"}
COMMAND: POST /session/1a7f7d058614b09b54cdbc5dd28664a9/elements - {"using":"xpath","value":"//*[@id=\"__box77-arrow\"]"}
RESULT: {"using":"xpath","value":"//*[@id=\"__box77-arrow\"]"}
COMMAND: POST /session/1a7f7d058614b09b54cdbc5dd28664a9/elements - {"using":"xpath","value":"//*[@id=\"__box77-arrow\"]"}
RESULT: {"using":"xpath","value":"//*[@id=\"__box77-arrow\"]"}
COMMAND: POST /session/1a7f7d058614b09b54cdbc5dd28664a9/elements - {"using":"xpath","value":"//*[@id=\"__box77-arrow\"]"}
RESULT: {"using":"xpath","value":"//*[@id=\"__box77-arrow\"]"}
COMMAND: POST /session/1a7f7d058614b09b54cdbc5dd28664a9/elements - {"using":"xpath","value":"//*[@id=\"__box77-arrow\"]"}
RESULT: {"using":"xpath","value":"//*[@id=\"__box77-arrow\"]"}
COMMAND: POST /session/1a7f7d058614b09b54cdbc5dd28664a9/elements - {"using":"xpath","value":"//*[@id=\"__box77-arrow\"]"}
RESULT: {"using":"xpath","value":"//*[@id=\"__box77-arrow\"]"}
COMMAND: POST /session/1a7f7d058614b09b54cdbc5dd28664a9/elements - {"using":"xpath","value":"//*[@id=\"__box77-arrow\"]"}
RESULT: {"using":"xpath","value":"//*[@id=\"__box77-arrow\"]"}
COMMAND: POST /session/1a7f7d058614b09b54cdbc5dd28664a9/elements - {"using":"xpath","value":"//*[@id=\"__box77-arrow\"]"}
RESULT: {"using":"xpath","value":"//*[@id=\"__box77-arrow\"]"}
COMMAND: POST /session/1a7f7d058614b09b54cdbc5dd28664a9/elements - {"using":"xpath","value":"//*[@id=\"__box77-arrow\"]"}
RESULT: {"using":"xpath","value":"//*[@id=\"__box77-arrow\"]"}
COMMAND: POST /session/1a7f7d058614b09b54cdbc5dd28664a9/elements - {"using":"xpath","value":"//*[@id=\"__box77-arrow\"]"}
RESULT: {"using":"xpath","value":"//*[@id=\"__box77-arrow\"]"}
COMMAND: POST /session/1a7f7d058614b09b54cdbc5dd28664a9/elements - {"using":"xpath","value":"//*[@id=\"__box77-arrow\"]"}
RESULT: {"using":"xpath","value":"//*[@id=\"__box77-arrow\"]"}
COMMAND: POST /session/1a7f7d058614b09b54cdbc5dd28664a9/elements - {"using":"xpath","value":"//*[@id=\"__box77-arrow\"]"}
RESULT: {"using":"xpath","value":"//*[@id=\"__box77-arrow\"]"}
COMMAND: POST /session/1a7f7d058614b09b54cdbc5dd28664a9/elements - {"using":"xpath","value":"//*[@id=\"__box77-arrow\"]"}
RESULT: {"using":"xpath","value":"//*[@id=\"__box77-arrow\"]"}
COMMAND: POST /session/1a7f7d058614b09b54cdbc5dd28664a9/elements - {"using":"xpath","value":"//*[@id=\"__box77-arrow\"]"}
RESULT: {"using":"xpath","value":"//*[@id=\"__box77-arrow\"]"}
COMMAND: POST /session/1a7f7d058614b09b54cdbc5dd28664a9/elements - {"using":"xpath","value":"//*[@id=\"__box77-arrow\"]"}
RESULT: {"using":"xpath","value":"//*[@id=\"__box77-arrow\"]"}
COMMAND: POST /session/1a7f7d058614b09b54cdbc5dd28664a9/elements - {"using":"xpath","value":"//*[@id=\"__box77-arrow\"]"}
RESULT: {"using":"xpath","value":"//*[@id=\"__box77-arrow\"]"}
COMMAND: POST /session/1a7f7d058614b09b54cdbc5dd28664a9/elements - {"using":"xpath","value":"//*[@id=\"__box77-arrow\"]"}
RESULT: {"using":"xpath","value":"//*[@id=\"__box77-arrow\"]"}
COMMAND: POST /session/1a7f7d058614b09b54cdbc5dd28664a9/elements - {"using":"xpath","value":"//*[@id=\"__box77-arrow\"]"}
RESULT: {"using":"xpath","value":"//*[@id=\"__box77-arrow\"]"}
COMMAND: POST /session/1a7f7d058614b09b54cdbc5dd28664a9/elements - {"using":"xpath","value":"//*[@id=\"__box77-arrow\"]"}
RESULT: {"using":"xpath","value":"//*[@id=\"__box77-arrow\"]"}
COMMAND: POST /session/1a7f7d058614b09b54cdbc5dd28664a9/elements - {"using":"xpath","value":"//*[@id=\"__box77-arrow\"]"}
RESULT: {"using":"xpath","value":"//*[@id=\"__box77-arrow\"]"}
COMMAND: POST /session/1a7f7d058614b09b54cdbc5dd28664a9/elements - {"using":"xpath","value":"//*[@id=\"__box77-arrow\"]"}
RESULT: {"using":"xpath","value":"//*[@id=\"__box77-arrow\"]"}
COMMAND: POST /session/1a7f7d058614b09b54cdbc5dd28664a9/elements - {"using":"xpath","value":"//*[@id=\"__box77-arrow\"]"}
RESULT: {"using":"xpath","value":"//*[@id=\"__box77-arrow\"]"}
COMMAND: POST /session/1a7f7d058614b09b54cdbc5dd28664a9/elements - {"using":"xpath","value":"//*[@id=\"__box77-arrow\"]"}
RESULT: {"using":"xpath","value":"//*[@id=\"__box77-arrow\"]"}
COMMAND: POST /session/1a7f7d058614b09b54cdbc5dd28664a9/elements - {"using":"xpath","value":"//*[@id=\"__box77-arrow\"]"}
RESULT: {"using":"xpath","value":"//*[@id=\"__box77-arrow\"]"}
COMMAND: POST /session/1a7f7d058614b09b54cdbc5dd28664a9/elements - {"using":"xpath","value":"//*[@id=\"__box77-arrow\"]"}
RESULT: {"using":"xpath","value":"//*[@id=\"__box77-arrow\"]"}
COMMAND: POST /session/1a7f7d058614b09b54cdbc5dd28664a9/elements - {"using":"xpath","value":"//*[@id=\"__box77-arrow\"]"}
RESULT: {"using":"xpath","value":"//*[@id=\"__box77-arrow\"]"}
COMMAND: POST /session/1a7f7d058614b09b54cdbc5dd28664a9/elements - {"using":"xpath","value":"//*[@id=\"__box77-arrow\"]"}
RESULT: {"using":"xpath","value":"//*[@id=\"__box77-arrow\"]"}
COMMAND: POST /session/1a7f7d058614b09b54cdbc5dd28664a9/elements - {"using":"xpath","value":"//*[@id=\"__box77-arrow\"]"}
RESULT: {"using":"xpath","value":"//*[@id=\"__box77-arrow\"]"}
COMMAND: POST /session/1a7f7d058614b09b54cdbc5dd28664a9/elements - {"using":"xpath","value":"//*[@id=\"__box77-arrow\"]"}
RESULT: {"using":"xpath","value":"//*[@id=\"__box77-arrow\"]"}
COMMAND: POST /session/1a7f7d058614b09b54cdbc5dd28664a9/elements - {"using":"xpath","value":"//*[@id=\"__box77-arrow\"]"}
RESULT: {"using":"xpath","value":"//*[@id=\"__box77-arrow\"]"}
COMMAND: POST /session/1a7f7d058614b09b54cdbc5dd28664a9/elements - {"using":"xpath","value":"//*[@id=\"__box77-arrow\"]"}
RESULT: {"using":"xpath","value":"//*[@id=\"__box77-arrow\"]"}
COMMAND: POST /session/1a7f7d058614b09b54cdbc5dd28664a9/elements - {"using":"xpath","value":"//*[@id=\"__box77-arrow\"]"}
RESULT: {"using":"xpath","value":"//*[@id=\"__box77-arrow\"]"}
COMMAND: POST /session/1a7f7d058614b09b54cdbc5dd28664a9/elements - {"using":"xpath","value":"//*[@id=\"__box77-arrow\"]"}
RESULT: {"using":"xpath","value":"//*[@id=\"__box77-arrow\"]"}
COMMAND: POST /session/1a7f7d058614b09b54cdbc5dd28664a9/elements - {"using":"xpath","value":"//*[@id=\"__box77-arrow\"]"}
RESULT: {"using":"xpath","value":"//*[@id=\"__box77-arrow\"]"}
COMMAND: POST /session/1a7f7d058614b09b54cdbc5dd28664a9/elements - {"using":"xpath","value":"//*[@id=\"__box77-arrow\"]"}
RESULT: {"using":"xpath","value":"//*[@id=\"__box77-arrow\"]"}
COMMAND: POST /session/1a7f7d058614b09b54cdbc5dd28664a9/elements - {"using":"xpath","value":"//*[@id=\"__box77-arrow\"]"}
RESULT: {"using":"xpath","value":"//*[@id=\"__box77-arrow\"]"}
COMMAND: POST /session/1a7f7d058614b09b54cdbc5dd28664a9/elements - {"using":"xpath","value":"//*[@id=\"__box77-arrow\"]"}
RESULT: {"using":"xpath","value":"//*[@id=\"__box77-arrow\"]"}
COMMAND: POST /session/1a7f7d058614b09b54cdbc5dd28664a9/elements - {"using":"xpath","value":"//*[@id=\"__box77-arrow\"]"}
RESULT: {"using":"xpath","value":"//*[@id=\"__box77-arrow\"]"}
COMMAND: POST /session/1a7f7d058614b09b54cdbc5dd28664a9/elements - {"using":"xpath","value":"//*[@id=\"__box77-arrow\"]"}
RESULT: {"using":"xpath","value":"//*[@id=\"__box77-arrow\"]"}
COMMAND: POST /session/1a7f7d058614b09b54cdbc5dd28664a9/elements - {"using":"xpath","value":"//*[@id=\"__box77-arrow\"]"}
RESULT: {"using":"xpath","value":"//*[@id=\"__box77-arrow\"]"}
COMMAND: POST /session/1a7f7d058614b09b54cdbc5dd28664a9/elements - {"using":"xpath","value":"//*[@id=\"__box77-arrow\"]"}
RESULT: {"using":"xpath","value":"//*[@id=\"__box77-arrow\"]"}
COMMAND: POST /session/1a7f7d058614b09b54cdbc5dd28664a9/elements - {"using":"xpath","value":"//*[@id=\"__box77-arrow\"]"}
RESULT: {"using":"xpath","value":"//*[@id=\"__box77-arrow\"]"}
COMMAND: POST /session/1a7f7d058614b09b54cdbc5dd28664a9/elements - {"using":"xpath","value":"//*[@id=\"__box77-arrow\"]"}
RESULT: {"using":"xpath","value":"//*[@id=\"__box77-arrow\"]"}
COMMAND: POST /session/1a7f7d058614b09b54cdbc5dd28664a9/elements - {"using":"xpath","value":"//*[@id=\"__box77-arrow\"]"}
RESULT: {"using":"xpath","value":"//*[@id=\"__box77-arrow\"]"}
COMMAND: POST /session/1a7f7d058614b09b54cdbc5dd28664a9/elements - {"using":"xpath","value":"//*[@id=\"__box77-arrow\"]"}
RESULT: {"using":"xpath","value":"//*[@id=\"__box77-arrow\"]"}
COMMAND: POST /session/1a7f7d058614b09b54cdbc5dd28664a9/elements - {"using":"xpath","value":"//*[@id=\"__box77-arrow\"]"}
RESULT: {"using":"xpath","value":"//*[@id=\"__box77-arrow\"]"}
COMMAND: POST /session/1a7f7d058614b09b54cdbc5dd28664a9/elements - {"using":"xpath","value":"//*[@id=\"__box77-arrow\"]"}
RESULT: {"using":"xpath","value":"//*[@id=\"__box77-arrow\"]"}
COMMAND: POST /session/1a7f7d058614b09b54cdbc5dd28664a9/elements - {"using":"xpath","value":"//*[@id=\"__box77-arrow\"]"}
RESULT: {"using":"xpath","value":"//*[@id=\"__box77-arrow\"]"}
COMMAND: POST /session/1a7f7d058614b09b54cdbc5dd28664a9/elements - {"using":"xpath","value":"//*[@id=\"__box77-arrow\"]"}
RESULT: {"using":"xpath","value":"//*[@id=\"__box77-arrow\"]"}
COMMAND: POST /session/1a7f7d058614b09b54cdbc5dd28664a9/elements - {"using":"xpath","value":"//*[@id=\"__box77-arrow\"]"}
RESULT: {"using":"xpath","value":"//*[@id=\"__box77-arrow\"]"}
COMMAND: POST /session/1a7f7d058614b09b54cdbc5dd28664a9/elements - {"using":"xpath","value":"//*[@id=\"__box77-arrow\"]"}
RESULT: {"using":"xpath","value":"//*[@id=\"__box77-arrow\"]"}
COMMAND: POST /session/1a7f7d058614b09b54cdbc5dd28664a9/elements - {"using":"xpath","value":"//*[@id=\"__box77-arrow\"]"}
RESULT: {"using":"xpath","value":"//*[@id=\"__box77-arrow\"]"}
COMMAND: POST /session/1a7f7d058614b09b54cdbc5dd28664a9/elements - {"using":"xpath","value":"//*[@id=\"__box77-arrow\"]"}
RESULT: {"using":"xpath","value":"//*[@id=\"__box77-arrow\"]"}
COMMAND: POST /session/1a7f7d058614b09b54cdbc5dd28664a9/elements - {"using":"xpath","value":"//*[@id=\"__box77-arrow\"]"}
RESULT: {"using":"xpath","value":"//*[@id=\"__box77-arrow\"]"}
COMMAND: POST /session/1a7f7d058614b09b54cdbc5dd28664a9/elements - {"using":"xpath","value":"//*[@id=\"__box77-arrow\"]"}
RESULT: {"using":"xpath","value":"//*[@id=\"__box77-arrow\"]"}
COMMAND: POST /session/1a7f7d058614b09b54cdbc5dd28664a9/elements - {"using":"xpath","value":"//*[@id=\"__box77-arrow\"]"}
RESULT: {"using":"xpath","value":"//*[@id=\"__box77-arrow\"]"}
COMMAND: POST /session/1a7f7d058614b09b54cdbc5dd28664a9/elements - {"using":"xpath","value":"//*[@id=\"__box77-arrow\"]"}
RESULT: {"using":"xpath","value":"//*[@id=\"__box77-arrow\"]"}
COMMAND: POST /session/1a7f7d058614b09b54cdbc5dd28664a9/elements - {"using":"xpath","value":"//*[@id=\"__box77-arrow\"]"}
RESULT: {"using":"xpath","value":"//*[@id=\"__box77-arrow\"]"}
COMMAND: POST /session/1a7f7d058614b09b54cdbc5dd28664a9/elements - {"using":"xpath","value":"//*[@id=\"__box77-arrow\"]"}
RESULT: {"using":"xpath","value":"//*[@id=\"__box77-arrow\"]"}
COMMAND: POST /session/1a7f7d058614b09b54cdbc5dd28664a9/elements - {"using":"xpath","value":"//*[@id=\"__box77-arrow\"]"}
RESULT: {"using":"xpath","value":"//*[@id=\"__box77-arrow\"]"}
COMMAND: POST /session/1a7f7d058614b09b54cdbc5dd28664a9/elements - {"using":"xpath","value":"//*[@id=\"__box77-arrow\"]"}
RESULT: {"using":"xpath","value":"//*[@id=\"__box77-arrow\"]"}
COMMAND: POST /session/1a7f7d058614b09b54cdbc5dd28664a9/elements - {"using":"xpath","value":"//*[@id=\"__box77-arrow\"]"}
RESULT: {"using":"xpath","value":"//*[@id=\"__box77-arrow\"]"}
COMMAND: POST /session/1a7f7d058614b09b54cdbc5dd28664a9/elements - {"using":"xpath","value":"//*[@id=\"__box77-arrow\"]"}
RESULT: {"using":"xpath","value":"//*[@id=\"__box77-arrow\"]"}
COMMAND: POST /session/1a7f7d058614b09b54cdbc5dd28664a9/elements - {"using":"xpath","value":"//*[@id=\"__box77-arrow\"]"}
RESULT: {"using":"xpath","value":"//*[@id=\"__box77-arrow\"]"}
COMMAND: POST /session/1a7f7d058614b09b54cdbc5dd28664a9/elements - {"using":"xpath","value":"//*[@id=\"__box77-arrow\"]"}
RESULT: {"using":"xpath","value":"//*[@id=\"__box77-arrow\"]"}
COMMAND: POST /session/1a7f7d058614b09b54cdbc5dd28664a9/elements - {"using":"xpath","value":"//*[@id=\"__box77-arrow\"]"}
RESULT: {"using":"xpath","value":"//*[@id=\"__box77-arrow\"]"}
COMMAND: POST /session/1a7f7d058614b09b54cdbc5dd28664a9/elements - {"using":"xpath","value":"//*[@id=\"__box77-arrow\"]"}
RESULT: {"using":"xpath","value":"//*[@id=\"__box77-arrow\"]"}
COMMAND: POST /session/1a7f7d058614b09b54cdbc5dd28664a9/elements - {"using":"xpath","value":"//*[@id=\"__box77-arrow\"]"}
RESULT: {"using":"xpath","value":"//*[@id=\"__box77-arrow\"]"}
COMMAND: POST /session/1a7f7d058614b09b54cdbc5dd28664a9/elements - {"using":"xpath","value":"//*[@id=\"__box77-arrow\"]"}
RESULT: {"using":"xpath","value":"//*[@id=\"__box77-arrow\"]"}
COMMAND: POST /session/1a7f7d058614b09b54cdbc5dd28664a9/elements - {"using":"xpath","value":"//*[@id=\"__box77-arrow\"]"}
RESULT: {"using":"xpath","value":"//*[@id=\"__box77-arrow\"]"}
COMMAND: POST /session/1a7f7d058614b09b54cdbc5dd28664a9/elements - {"using":"xpath","value":"//*[@id=\"__box77-arrow\"]"}
RESULT: {"using":"xpath","value":"//*[@id=\"__box77-arrow\"]"}
COMMAND: POST /session/1a7f7d058614b09b54cdbc5dd28664a9/elements - {"using":"xpath","value":"//*[@id=\"__box77-arrow\"]"}
RESULT: {"using":"xpath","value":"//*[@id=\"__box77-arrow\"]"}
COMMAND: POST /session/1a7f7d058614b09b54cdbc5dd28664a9/elements - {"using":"xpath","value":"//*[@id=\"__box77-arrow\"]"}
RESULT: {"using":"xpath","value":"//*[@id=\"__box77-arrow\"]"}
COMMAND: POST /session/1a7f7d058614b09b54cdbc5dd28664a9/elements - {"using":"xpath","value":"//*[@id=\"__box77-arrow\"]"}
RESULT: {"using":"xpath","value":"//*[@id=\"__box77-arrow\"]"}
COMMAND: POST /session/1a7f7d058614b09b54cdbc5dd28664a9/elements - {"using":"xpath","value":"//*[@id=\"__box77-arrow\"]"}
RESULT: {"using":"xpath","value":"//*[@id=\"__box77-arrow\"]"}
COMMAND: POST /session/1a7f7d058614b09b54cdbc5dd28664a9/elements - {"using":"xpath","value":"//*[@id=\"__box77-arrow\"]"}
RESULT: {"using":"xpath","value":"//*[@id=\"__box77-arrow\"]"}
COMMAND: POST /session/1a7f7d058614b09b54cdbc5dd28664a9/elements - {"using":"xpath","value":"//*[@id=\"__box77-arrow\"]"}
RESULT: {"using":"xpath","value":"//*[@id=\"__box77-arrow\"]"}
COMMAND: POST /session/1a7f7d058614b09b54cdbc5dd28664a9/elements - {"using":"xpath","value":"//*[@id=\"__box77-arrow\"]"}
RESULT: {"using":"xpath","value":"//*[@id=\"__box77-arrow\"]"}
COMMAND: POST /session/1a7f7d058614b09b54cdbc5dd28664a9/elements - {"using":"xpath","value":"//*[@id=\"__box77-arrow\"]"}
RESULT: {"using":"xpath","value":"//*[@id=\"__box77-arrow\"]"}
COMMAND: POST /session/1a7f7d058614b09b54cdbc5dd28664a9/elements - {"using":"xpath","value":"//*[@id=\"__box77-arrow\"]"}
RESULT: {"using":"xpath","value":"//*[@id=\"__box77-arrow\"]"}
COMMAND: POST /session/1a7f7d058614b09b54cdbc5dd28664a9/elements - {"using":"xpath","value":"//*[@id=\"__box77-arrow\"]"}
RESULT: {"using":"xpath","value":"//*[@id=\"__box77-arrow\"]"}
COMMAND: POST /session/1a7f7d058614b09b54cdbc5dd28664a9/elements - {"using":"xpath","value":"//*[@id=\"__box77-arrow\"]"}
RESULT: {"using":"xpath","value":"//*[@id=\"__box77-arrow\"]"}
COMMAND: POST /session/1a7f7d058614b09b54cdbc5dd28664a9/elements - {"using":"xpath","value":"//*[@id=\"__box77-arrow\"]"}
RESULT: {"using":"xpath","value":"//*[@id=\"__box77-arrow\"]"}
COMMAND: POST /session/1a7f7d058614b09b54cdbc5dd28664a9/elements - {"using":"xpath","value":"//*[@id=\"__box77-arrow\"]"}
RESULT: {"using":"xpath","value":"//*[@id=\"__box77-arrow\"]"}
COMMAND: POST /session/1a7f7d058614b09b54cdbc5dd28664a9/elements - {"using":"xpath","value":"//*[@id=\"__box77-arrow\"]"}
RESULT: {"using":"xpath","value":"//*[@id=\"__box77-arrow\"]"}
COMMAND: POST /session/1a7f7d058614b09b54cdbc5dd28664a9/elements - {"using":"xpath","value":"//*[@id=\"__box77-arrow\"]"}
RESULT: {"using":"xpath","value":"//*[@id=\"__box77-arrow\"]"}
COMMAND: POST /session/1a7f7d058614b09b54cdbc5dd28664a9/elements - {"using":"xpath","value":"//*[@id=\"__box77-arrow\"]"}
RESULT: {"using":"xpath","value":"//*[@id=\"__box77-arrow\"]"}
COMMAND: POST /session/1a7f7d058614b09b54cdbc5dd28664a9/elements - {"using":"xpath","value":"//*[@id=\"__box77-arrow\"]"}
RESULT: {"using":"xpath","value":"//*[@id=\"__box77-arrow\"]"}
COMMAND: POST /session/1a7f7d058614b09b54cdbc5dd28664a9/elements - {"using":"xpath","value":"//*[@id=\"__box77-arrow\"]"}
RESULT: {"using":"xpath","value":"//*[@id=\"__box77-arrow\"]"}
COMMAND: POST /session/1a7f7d058614b09b54cdbc5dd28664a9/elements - {"using":"xpath","value":"//*[@id=\"__box77-arrow\"]"}
RESULT: {"using":"xpath","value":"//*[@id=\"__box77-arrow\"]"}
COMMAND: POST /session/1a7f7d058614b09b54cdbc5dd28664a9/elements - {"using":"xpath","value":"//*[@id=\"__box77-arrow\"]"}
RESULT: {"using":"xpath","value":"//*[@id=\"__box77-arrow\"]"}
COMMAND: POST /session/1a7f7d058614b09b54cdbc5dd28664a9/elements - {"using":"xpath","value":"//*[@id=\"__box77-arrow\"]"}
RESULT: {"using":"xpath","value":"//*[@id=\"__box77-arrow\"]"}
COMMAND: POST /session/1a7f7d058614b09b54cdbc5dd28664a9/elements - {"using":"xpath","value":"//*[@id=\"__box77-arrow\"]"}
RESULT: {"using":"xpath","value":"//*[@id=\"__box77-arrow\"]"}
COMMAND: POST /session/1a7f7d058614b09b54cdbc5dd28664a9/elements - {"using":"xpath","value":"//*[@id=\"__box77-arrow\"]"}
RESULT: {"using":"xpath","value":"//*[@id=\"__box77-arrow\"]"}
COMMAND: POST /session/1a7f7d058614b09b54cdbc5dd28664a9/elements - {"using":"xpath","value":"//*[@id=\"__box77-arrow\"]"}
RESULT: {"using":"xpath","value":"//*[@id=\"__box77-arrow\"]"}
COMMAND: POST /session/1a7f7d058614b09b54cdbc5dd28664a9/elements - {"using":"xpath","value":"//*[@id=\"__box77-arrow\"]"}
RESULT: {"using":"xpath","value":"//*[@id=\"__box77-arrow\"]"}
COMMAND: POST /session/1a7f7d058614b09b54cdbc5dd28664a9/elements - {"using":"xpath","value":"//*[@id=\"__box77-arrow\"]"}
RESULT: {"using":"xpath","value":"//*[@id=\"__box77-arrow\"]"}
COMMAND: POST /session/1a7f7d058614b09b54cdbc5dd28664a9/elements - {"using":"xpath","value":"//*[@id=\"__box77-arrow\"]"}
RESULT: {"using":"xpath","value":"//*[@id=\"__box77-arrow\"]"}
COMMAND: POST /session/1a7f7d058614b09b54cdbc5dd28664a9/elements - {"using":"xpath","value":"//*[@id=\"__box77-arrow\"]"}
RESULT: {"using":"xpath","value":"//*[@id=\"__box77-arrow\"]"}
COMMAND: POST /session/1a7f7d058614b09b54cdbc5dd28664a9/elements - {"using":"xpath","value":"//*[@id=\"__box77-arrow\"]"}
RESULT: {"using":"xpath","value":"//*[@id=\"__box77-arrow\"]"}
COMMAND: POST /session/1a7f7d058614b09b54cdbc5dd28664a9/elements - {"using":"xpath","value":"//*[@id=\"__box77-arrow\"]"}
RESULT: {"using":"xpath","value":"//*[@id=\"__box77-arrow\"]"}
COMMAND: POST /session/1a7f7d058614b09b54cdbc5dd28664a9/elements - {"using":"xpath","value":"//*[@id=\"__box77-arrow\"]"}
RESULT: {"using":"xpath","value":"//*[@id=\"__box77-arrow\"]"}
COMMAND: POST /session/1a7f7d058614b09b54cdbc5dd28664a9/elements - {"using":"xpath","value":"//*[@id=\"__box77-arrow\"]"}
RESULT: {"using":"xpath","value":"//*[@id=\"__box77-arrow\"]"}
COMMAND: POST /session/1a7f7d058614b09b54cdbc5dd28664a9/elements - {"using":"xpath","value":"//*[@id=\"__box77-arrow\"]"}
RESULT: {"using":"xpath","value":"//*[@id=\"__box77-arrow\"]"}
COMMAND: POST /session/1a7f7d058614b09b54cdbc5dd28664a9/elements - {"using":"xpath","value":"//*[@id=\"__box77-arrow\"]"}
RESULT: {"using":"xpath","value":"//*[@id=\"__box77-arrow\"]"}
COMMAND: POST /session/1a7f7d058614b09b54cdbc5dd28664a9/elements - {"using":"xpath","value":"//*[@id=\"__box77-arrow\"]"}
RESULT: {"using":"xpath","value":"//*[@id=\"__box77-arrow\"]"}
COMMAND: POST /session/1a7f7d058614b09b54cdbc5dd28664a9/elements - {"using":"xpath","value":"//*[@id=\"__box77-arrow\"]"}
RESULT: {"using":"xpath","value":"//*[@id=\"__box77-arrow\"]"}
COMMAND: POST /session/1a7f7d058614b09b54cdbc5dd28664a9/elements - {"using":"xpath","value":"//*[@id=\"__box77-arrow\"]"}
RESULT: {"using":"xpath","value":"//*[@id=\"__box77-arrow\"]"}
COMMAND: POST /session/1a7f7d058614b09b54cdbc5dd28664a9/elements - {"using":"xpath","value":"//*[@id=\"__box77-arrow\"]"}
RESULT: {"using":"xpath","value":"//*[@id=\"__box77-arrow\"]"}
COMMAND: POST /session/1a7f7d058614b09b54cdbc5dd28664a9/elements - {"using":"xpath","value":"//*[@id=\"__box77-arrow\"]"}
RESULT: {"using":"xpath","value":"//*[@id=\"__box77-arrow\"]"}
COMMAND: POST /session/1a7f7d058614b09b54cdbc5dd28664a9/elements - {"using":"xpath","value":"//*[@id=\"__box77-arrow\"]"}
RESULT: {"using":"xpath","value":"//*[@id=\"__box77-arrow\"]"}
COMMAND: POST /session/1a7f7d058614b09b54cdbc5dd28664a9/elements - {"using":"xpath","value":"//*[@id=\"__box77-arrow\"]"}
RESULT: {"using":"xpath","value":"//*[@id=\"__box77-arrow\"]"}
COMMAND: POST /session/1a7f7d058614b09b54cdbc5dd28664a9/elements - {"using":"xpath","value":"//*[@id=\"__box77-arrow\"]"}
RESULT: {"using":"xpath","value":"//*[@id=\"__box77-arrow\"]"}
COMMAND: POST /session/1a7f7d058614b09b54cdbc5dd28664a9/elements - {"using":"xpath","value":"//*[@id=\"__box77-arrow\"]"}
RESULT: {"using":"xpath","value":"//*[@id=\"__box77-arrow\"]"}
COMMAND: POST /session/1a7f7d058614b09b54cdbc5dd28664a9/elements - {"using":"xpath","value":"//*[@id=\"__box77-arrow\"]"}
RESULT: {"using":"xpath","value":"//*[@id=\"__box77-arrow\"]"}
COMMAND: POST /session/1a7f7d058614b09b54cdbc5dd28664a9/elements - {"using":"xpath","value":"//*[@id=\"__box77-arrow\"]"}
RESULT: {"using":"xpath","value":"//*[@id=\"__box77-arrow\"]"}
COMMAND: POST /session/1a7f7d058614b09b54cdbc5dd28664a9/elements - {"using":"xpath","value":"//*[@id=\"__box77-arrow\"]"}
RESULT: {"using":"xpath","value":"//*[@id=\"__box77-arrow\"]"}
COMMAND: POST /session/1a7f7d058614b09b54cdbc5dd28664a9/elements - {"using":"xpath","value":"//*[@id=\"__box77-arrow\"]"}
RESULT: {"using":"xpath","value":"//*[@id=\"__box77-arrow\"]"}
COMMAND: POST /session/1a7f7d058614b09b54cdbc5dd28664a9/elements - {"using":"xpath","value":"//*[@id=\"__box77-arrow\"]"}
RESULT: {"using":"xpath","value":"//*[@id=\"__box77-arrow\"]"}
COMMAND: POST /session/1a7f7d058614b09b54cdbc5dd28664a9/element - {"using":"xpath","value":"//li[.//span[text()='equal to']]"}
RESULT: {"using":"xpath","value":"//li[.//span[text()='equal to']]"}
COMMAND: POST /session/1a7f7d058614b09b54cdbc5dd28664a9/elements - {"using":"xpath","value":"//li[.//span[text()='equal to']]"}
RESULT: {"using":"xpath","value":"//li[.//span[text()='equal to']]"}
COMMAND: POST /session/1a7f7d058614b09b54cdbc5dd28664a9/elements - {"using":"xpath","value":"//li[.//span[text()='equal to']]"}
RESULT: {"using":"xpath","value":"//li[.//span[text()='equal to']]"}
COMMAND: POST /session/1a7f7d058614b09b54cdbc5dd28664a9/elements - {"using":"xpath","value":"//li[.//span[text()='equal to']]"}
RESULT: {"using":"xpath","value":"//li[.//span[text()='equal to']]"}
COMMAND: POST /session/1a7f7d058614b09b54cdbc5dd28664a9/elements - {"using":"xpath","value":"//li[.//span[text()='equal to']]"}
RESULT: {"using":"xpath","value":"//li[.//span[text()='equal to']]"}
COMMAND: POST /session/1a7f7d058614b09b54cdbc5dd28664a9/elements - {"using":"xpath","value":"//li[.//span[text()='equal to']]"}
RESULT: {"using":"xpath","value":"//li[.//span[text()='equal to']]"}
COMMAND: POST /session/1a7f7d058614b09b54cdbc5dd28664a9/elements - {"using":"xpath","value":"//li[.//span[text()='equal to']]"}
RESULT: {"using":"xpath","value":"//li[.//span[text()='equal to']]"}
COMMAND: POST /session/1a7f7d058614b09b54cdbc5dd28664a9/elements - {"using":"xpath","value":"//li[.//span[text()='equal to']]"}
RESULT: {"using":"xpath","value":"//li[.//span[text()='equal to']]"}
COMMAND: POST /session/1a7f7d058614b09b54cdbc5dd28664a9/elements - {"using":"xpath","value":"//li[.//span[text()='equal to']]"}
RESULT: {"using":"xpath","value":"//li[.//span[text()='equal to']]"}
COMMAND: POST /session/1a7f7d058614b09b54cdbc5dd28664a9/elements - {"using":"xpath","value":"//li[.//span[text()='equal to']]"}
RESULT: {"using":"xpath","value":"//li[.//span[text()='equal to']]"}
COMMAND: POST /session/1a7f7d058614b09b54cdbc5dd28664a9/elements - {"using":"xpath","value":"//li[.//span[text()='equal to']]"}
RESULT: {"using":"xpath","value":"//li[.//span[text()='equal to']]"}
COMMAND: POST /session/1a7f7d058614b09b54cdbc5dd28664a9/elements - {"using":"xpath","value":"//li[.//span[text()='equal to']]"}
RESULT: {"using":"xpath","value":"//li[.//span[text()='equal to']]"}
COMMAND: POST /session/1a7f7d058614b09b54cdbc5dd28664a9/elements - {"using":"xpath","value":"//li[.//span[text()='equal to']]"}
RESULT: {"using":"xpath","value":"//li[.//span[text()='equal to']]"}
COMMAND: POST /session/1a7f7d058614b09b54cdbc5dd28664a9/elements - {"using":"xpath","value":"//li[.//span[text()='equal to']]"}
RESULT: {"using":"xpath","value":"//li[.//span[text()='equal to']]"}
COMMAND: POST /session/1a7f7d058614b09b54cdbc5dd28664a9/elements - {"using":"xpath","value":"//li[.//span[text()='equal to']]"}
RESULT: {"using":"xpath","value":"//li[.//span[text()='equal to']]"}
COMMAND: POST /session/1a7f7d058614b09b54cdbc5dd28664a9/elements - {"using":"xpath","value":"//li[.//span[text()='equal to']]"}
RESULT: {"using":"xpath","value":"//li[.//span[text()='equal to']]"}
COMMAND: POST /session/1a7f7d058614b09b54cdbc5dd28664a9/elements - {"using":"xpath","value":"//li[.//span[text()='equal to']]"}
RESULT: {"using":"xpath","value":"//li[.//span[text()='equal to']]"}
COMMAND: POST /session/1a7f7d058614b09b54cdbc5dd28664a9/elements - {"using":"xpath","value":"//li[.//span[text()='equal to']]"}
RESULT: {"using":"xpath","value":"//li[.//span[text()='equal to']]"}
COMMAND: POST /session/1a7f7d058614b09b54cdbc5dd28664a9/elements - {"using":"xpath","value":"//li[.//span[text()='equal to']]"}
RESULT: {"using":"xpath","value":"//li[.//span[text()='equal to']]"}
COMMAND: POST /session/1a7f7d058614b09b54cdbc5dd28664a9/elements - {"using":"xpath","value":"//li[.//span[text()='equal to']]"}
RESULT: {"using":"xpath","value":"//li[.//span[text()='equal to']]"}
COMMAND: POST /session/1a7f7d058614b09b54cdbc5dd28664a9/elements - {"using":"xpath","value":"//li[.//span[text()='equal to']]"}
RESULT: {"using":"xpath","value":"//li[.//span[text()='equal to']]"}
COMMAND: POST /session/1a7f7d058614b09b54cdbc5dd28664a9/elements - {"using":"xpath","value":"//li[.//span[text()='equal to']]"}
RESULT: {"using":"xpath","value":"//li[.//span[text()='equal to']]"}
COMMAND: POST /session/1a7f7d058614b09b54cdbc5dd28664a9/elements - {"using":"xpath","value":"//li[.//span[text()='equal to']]"}
RESULT: {"using":"xpath","value":"//li[.//span[text()='equal to']]"}
COMMAND: POST /session/1a7f7d058614b09b54cdbc5dd28664a9/elements - {"using":"xpath","value":"//li[.//span[text()='equal to']]"}
RESULT: {"using":"xpath","value":"//li[.//span[text()='equal to']]"}
COMMAND: POST /session/1a7f7d058614b09b54cdbc5dd28664a9/elements - {"using":"xpath","value":"//li[.//span[text()='equal to']]"}
RESULT: {"using":"xpath","value":"//li[.//span[text()='equal to']]"}
COMMAND: POST /session/1a7f7d058614b09b54cdbc5dd28664a9/elements - {"using":"xpath","value":"//li[.//span[text()='equal to']]"}
RESULT: {"using":"xpath","value":"//li[.//span[text()='equal to']]"}
COMMAND: POST /session/1a7f7d058614b09b54cdbc5dd28664a9/elements - {"using":"xpath","value":"//li[.//span[text()='equal to']]"}
RESULT: {"using":"xpath","value":"//li[.//span[text()='equal to']]"}
COMMAND: POST /session/1a7f7d058614b09b54cdbc5dd28664a9/elements - {"using":"xpath","value":"//li[.//span[text()='equal to']]"}
RESULT: {"using":"xpath","value":"//li[.//span[text()='equal to']]"}
COMMAND: POST /session/1a7f7d058614b09b54cdbc5dd28664a9/elements - {"using":"xpath","value":"//li[.//span[text()='equal to']]"}
RESULT: {"using":"xpath","value":"//li[.//span[text()='equal to']]"}
COMMAND: POST /session/1a7f7d058614b09b54cdbc5dd28664a9/elements - {"using":"xpath","value":"//li[.//span[text()='equal to']]"}
RESULT: {"using":"xpath","value":"//li[.//span[text()='equal to']]"}
COMMAND: POST /session/1a7f7d058614b09b54cdbc5dd28664a9/elements - {"using":"xpath","value":"//li[.//span[text()='equal to']]"}
RESULT: {"using":"xpath","value":"//li[.//span[text()='equal to']]"}
COMMAND: POST /session/1a7f7d058614b09b54cdbc5dd28664a9/elements - {"using":"xpath","value":"//li[.//span[text()='equal to']]"}
RESULT: {"using":"xpath","value":"//li[.//span[text()='equal to']]"}
COMMAND: POST /session/1a7f7d058614b09b54cdbc5dd28664a9/elements - {"using":"xpath","value":"//li[.//span[text()='equal to']]"}
RESULT: {"using":"xpath","value":"//li[.//span[text()='equal to']]"}
COMMAND: POST /session/1a7f7d058614b09b54cdbc5dd28664a9/elements - {"using":"xpath","value":"//li[.//span[text()='equal to']]"}
RESULT: {"using":"xpath","value":"//li[.//span[text()='equal to']]"}
COMMAND: POST /session/1a7f7d058614b09b54cdbc5dd28664a9/elements - {"using":"xpath","value":"//li[.//span[text()='equal to']]"}
RESULT: {"using":"xpath","value":"//li[.//span[text()='equal to']]"}
COMMAND: POST /session/1a7f7d058614b09b54cdbc5dd28664a9/elements - {"using":"xpath","value":"//li[.//span[text()='equal to']]"}
RESULT: {"using":"xpath","value":"//li[.//span[text()='equal to']]"}
COMMAND: POST /session/1a7f7d058614b09b54cdbc5dd28664a9/elements - {"using":"xpath","value":"//li[.//span[text()='equal to']]"}
RESULT: {"using":"xpath","value":"//li[.//span[text()='equal to']]"}
COMMAND: POST /session/1a7f7d058614b09b54cdbc5dd28664a9/elements - {"using":"xpath","value":"//li[.//span[text()='equal to']]"}
RESULT: {"using":"xpath","value":"//li[.//span[text()='equal to']]"}
COMMAND: POST /session/1a7f7d058614b09b54cdbc5dd28664a9/elements - {"using":"xpath","value":"//li[.//span[text()='equal to']]"}
RESULT: {"using":"xpath","value":"//li[.//span[text()='equal to']]"}
COMMAND: POST /session/1a7f7d058614b09b54cdbc5dd28664a9/elements - {"using":"xpath","value":"//li[.//span[text()='equal to']]"}
RESULT: {"using":"xpath","value":"//li[.//span[text()='equal to']]"}
COMMAND: POST /session/1a7f7d058614b09b54cdbc5dd28664a9/elements - {"using":"xpath","value":"//li[.//span[text()='equal to']]"}
RESULT: {"using":"xpath","value":"//li[.//span[text()='equal to']]"}
COMMAND: POST /session/1a7f7d058614b09b54cdbc5dd28664a9/elements - {"using":"xpath","value":"//li[.//span[text()='equal to']]"}
RESULT: {"using":"xpath","value":"//li[.//span[text()='equal to']]"}
COMMAND: POST /session/1a7f7d058614b09b54cdbc5dd28664a9/elements - {"using":"xpath","value":"//li[.//span[text()='equal to']]"}
RESULT: {"using":"xpath","value":"//li[.//span[text()='equal to']]"}
COMMAND: POST /session/1a7f7d058614b09b54cdbc5dd28664a9/elements - {"using":"xpath","value":"//li[.//span[text()='equal to']]"}
RESULT: {"using":"xpath","value":"//li[.//span[text()='equal to']]"}
COMMAND: POST /session/1a7f7d058614b09b54cdbc5dd28664a9/elements - {"using":"xpath","value":"//li[.//span[text()='equal to']]"}
RESULT: {"using":"xpath","value":"//li[.//span[text()='equal to']]"}
COMMAND: POST /session/1a7f7d058614b09b54cdbc5dd28664a9/elements - {"using":"xpath","value":"//li[.//span[text()='equal to']]"}
RESULT: {"using":"xpath","value":"//li[.//span[text()='equal to']]"}
COMMAND: POST /session/1a7f7d058614b09b54cdbc5dd28664a9/elements - {"using":"xpath","value":"//li[.//span[text()='equal to']]"}
RESULT: {"using":"xpath","value":"//li[.//span[text()='equal to']]"}
COMMAND: POST /session/1a7f7d058614b09b54cdbc5dd28664a9/elements - {"using":"xpath","value":"//li[.//span[text()='equal to']]"}
RESULT: {"using":"xpath","value":"//li[.//span[text()='equal to']]"}
COMMAND: POST /session/1a7f7d058614b09b54cdbc5dd28664a9/elements - {"using":"xpath","value":"//li[.//span[text()='equal to']]"}
RESULT: {"using":"xpath","value":"//li[.//span[text()='equal to']]"}
COMMAND: POST /session/1a7f7d058614b09b54cdbc5dd28664a9/elements - {"using":"xpath","value":"//li[.//span[text()='equal to']]"}
RESULT: {"using":"xpath","value":"//li[.//span[text()='equal to']]"}
COMMAND: POST /session/1a7f7d058614b09b54cdbc5dd28664a9/elements - {"using":"xpath","value":"//li[.//span[text()='equal to']]"}
RESULT: {"using":"xpath","value":"//li[.//span[text()='equal to']]"}
COMMAND: POST /session/1a7f7d058614b09b54cdbc5dd28664a9/elements - {"using":"xpath","value":"//li[.//span[text()='equal to']]"}
RESULT: {"using":"xpath","value":"//li[.//span[text()='equal to']]"}
COMMAND: POST /session/1a7f7d058614b09b54cdbc5dd28664a9/elements - {"using":"xpath","value":"//li[.//span[text()='equal to']]"}
RESULT: {"using":"xpath","value":"//li[.//span[text()='equal to']]"}
COMMAND: POST /session/1a7f7d058614b09b54cdbc5dd28664a9/elements - {"using":"xpath","value":"//li[.//span[text()='equal to']]"}
RESULT: {"using":"xpath","value":"//li[.//span[text()='equal to']]"}
COMMAND: POST /session/1a7f7d058614b09b54cdbc5dd28664a9/elements - {"using":"xpath","value":"//li[.//span[text()='equal to']]"}
RESULT: {"using":"xpath","value":"//li[.//span[text()='equal to']]"}
COMMAND: POST /session/1a7f7d058614b09b54cdbc5dd28664a9/elements - {"using":"xpath","value":"//li[.//span[text()='equal to']]"}
RESULT: {"using":"xpath","value":"//li[.//span[text()='equal to']]"}
COMMAND: POST /session/1a7f7d058614b09b54cdbc5dd28664a9/elements - {"using":"xpath","value":"//li[.//span[text()='equal to']]"}
RESULT: {"using":"xpath","value":"//li[.//span[text()='equal to']]"}
COMMAND: POST /session/1a7f7d058614b09b54cdbc5dd28664a9/elements - {"using":"xpath","value":"//li[.//span[text()='equal to']]"}
RESULT: {"using":"xpath","value":"//li[.//span[text()='equal to']]"}
COMMAND: POST /session/1a7f7d058614b09b54cdbc5dd28664a9/elements - {"using":"xpath","value":"//li[.//span[text()='equal to']]"}
RESULT: {"using":"xpath","value":"//li[.//span[text()='equal to']]"}
COMMAND: POST /session/1a7f7d058614b09b54cdbc5dd28664a9/elements - {"using":"xpath","value":"//li[.//span[text()='equal to']]"}
RESULT: {"using":"xpath","value":"//li[.//span[text()='equal to']]"}
COMMAND: POST /session/1a7f7d058614b09b54cdbc5dd28664a9/elements - {"using":"xpath","value":"//li[.//span[text()='equal to']]"}
RESULT: {"using":"xpath","value":"//li[.//span[text()='equal to']]"}
COMMAND: POST /session/1a7f7d058614b09b54cdbc5dd28664a9/elements - {"using":"xpath","value":"//li[.//span[text()='equal to']]"}
RESULT: {"using":"xpath","value":"//li[.//span[text()='equal to']]"}
COMMAND: POST /session/1a7f7d058614b09b54cdbc5dd28664a9/elements - {"using":"xpath","value":"//li[.//span[text()='equal to']]"}
RESULT: {"using":"xpath","value":"//li[.//span[text()='equal to']]"}
COMMAND: POST /session/1a7f7d058614b09b54cdbc5dd28664a9/elements - {"using":"xpath","value":"//li[.//span[text()='equal to']]"}
RESULT: {"using":"xpath","value":"//li[.//span[text()='equal to']]"}
COMMAND: POST /session/1a7f7d058614b09b54cdbc5dd28664a9/elements - {"using":"xpath","value":"//li[.//span[text()='equal to']]"}
RESULT: {"using":"xpath","value":"//li[.//span[text()='equal to']]"}
COMMAND: POST /session/1a7f7d058614b09b54cdbc5dd28664a9/elements - {"using":"xpath","value":"//li[.//span[text()='equal to']]"}
RESULT: {"using":"xpath","value":"//li[.//span[text()='equal to']]"}
COMMAND: POST /session/1a7f7d058614b09b54cdbc5dd28664a9/elements - {"using":"xpath","value":"//li[.//span[text()='equal to']]"}
RESULT: {"using":"xpath","value":"//li[.//span[text()='equal to']]"}
COMMAND: POST /session/1a7f7d058614b09b54cdbc5dd28664a9/elements - {"using":"xpath","value":"//li[.//span[text()='equal to']]"}
RESULT: {"using":"xpath","value":"//li[.//span[text()='equal to']]"}
COMMAND: POST /session/1a7f7d058614b09b54cdbc5dd28664a9/elements - {"using":"xpath","value":"//li[.//span[text()='equal to']]"}
RESULT: {"using":"xpath","value":"//li[.//span[text()='equal to']]"}
COMMAND: POST /session/1a7f7d058614b09b54cdbc5dd28664a9/elements - {"using":"xpath","value":"//li[.//span[text()='equal to']]"}
RESULT: {"using":"xpath","value":"//li[.//span[text()='equal to']]"}
COMMAND: POST /session/1a7f7d058614b09b54cdbc5dd28664a9/elements - {"using":"xpath","value":"//li[.//span[text()='equal to']]"}
RESULT: {"using":"xpath","value":"//li[.//span[text()='equal to']]"}
COMMAND: POST /session/1a7f7d058614b09b54cdbc5dd28664a9/elements - {"using":"xpath","value":"//li[.//span[text()='equal to']]"}
RESULT: {"using":"xpath","value":"//li[.//span[text()='equal to']]"}
COMMAND: POST /session/1a7f7d058614b09b54cdbc5dd28664a9/elements - {"using":"xpath","value":"//li[.//span[text()='equal to']]"}
RESULT: {"using":"xpath","value":"//li[.//span[text()='equal to']]"}
COMMAND: POST /session/1a7f7d058614b09b54cdbc5dd28664a9/elements - {"using":"xpath","value":"//li[.//span[text()='equal to']]"}
RESULT: {"using":"xpath","value":"//li[.//span[text()='equal to']]"}
COMMAND: POST /session/1a7f7d058614b09b54cdbc5dd28664a9/elements - {"using":"xpath","value":"//li[.//span[text()='equal to']]"}
RESULT: {"using":"xpath","value":"//li[.//span[text()='equal to']]"}
COMMAND: POST /session/1a7f7d058614b09b54cdbc5dd28664a9/elements - {"using":"xpath","value":"//li[.//span[text()='equal to']]"}
RESULT: {"using":"xpath","value":"//li[.//span[text()='equal to']]"}
COMMAND: POST /session/1a7f7d058614b09b54cdbc5dd28664a9/elements - {"using":"xpath","value":"//li[.//span[text()='equal to']]"}
RESULT: {"using":"xpath","value":"//li[.//span[text()='equal to']]"}
COMMAND: POST /session/1a7f7d058614b09b54cdbc5dd28664a9/elements - {"using":"xpath","value":"//li[.//span[text()='equal to']]"}
RESULT: {"using":"xpath","value":"//li[.//span[text()='equal to']]"}
COMMAND: POST /session/1a7f7d058614b09b54cdbc5dd28664a9/elements - {"using":"xpath","value":"//li[.//span[text()='equal to']]"}
RESULT: {"using":"xpath","value":"//li[.//span[text()='equal to']]"}
COMMAND: POST /session/1a7f7d058614b09b54cdbc5dd28664a9/elements - {"using":"xpath","value":"//li[.//span[text()='equal to']]"}
RESULT: {"using":"xpath","value":"//li[.//span[text()='equal to']]"}
COMMAND: POST /session/1a7f7d058614b09b54cdbc5dd28664a9/elements - {"using":"xpath","value":"//li[.//span[text()='equal to']]"}
RESULT: {"using":"xpath","value":"//li[.//span[text()='equal to']]"}
COMMAND: POST /session/1a7f7d058614b09b54cdbc5dd28664a9/elements - {"using":"xpath","value":"//li[.//span[text()='equal to']]"}
RESULT: {"using":"xpath","value":"//li[.//span[text()='equal to']]"}
COMMAND: POST /session/1a7f7d058614b09b54cdbc5dd28664a9/elements - {"using":"xpath","value":"//li[.//span[text()='equal to']]"}
RESULT: {"using":"xpath","value":"//li[.//span[text()='equal to']]"}
COMMAND: POST /session/1a7f7d058614b09b54cdbc5dd28664a9/elements - {"using":"xpath","value":"//li[.//span[text()='equal to']]"}
RESULT: {"using":"xpath","value":"//li[.//span[text()='equal to']]"}
COMMAND: POST /session/1a7f7d058614b09b54cdbc5dd28664a9/elements - {"using":"xpath","value":"//li[.//span[text()='equal to']]"}
RESULT: {"using":"xpath","value":"//li[.//span[text()='equal to']]"}
COMMAND: POST /session/1a7f7d058614b09b54cdbc5dd28664a9/elements - {"using":"xpath","value":"//li[.//span[text()='equal to']]"}
RESULT: {"using":"xpath","value":"//li[.//span[text()='equal to']]"}
COMMAND: POST /session/1a7f7d058614b09b54cdbc5dd28664a9/elements - {"using":"xpath","value":"//li[.//span[text()='equal to']]"}
RESULT: {"using":"xpath","value":"//li[.//span[text()='equal to']]"}
COMMAND: POST /session/1a7f7d058614b09b54cdbc5dd28664a9/elements - {"using":"xpath","value":"//li[.//span[text()='equal to']]"}
RESULT: {"using":"xpath","value":"//li[.//span[text()='equal to']]"}
COMMAND: POST /session/1a7f7d058614b09b54cdbc5dd28664a9/elements - {"using":"xpath","value":"//li[.//span[text()='equal to']]"}
RESULT: {"using":"xpath","value":"//li[.//span[text()='equal to']]"}
COMMAND: POST /session/1a7f7d058614b09b54cdbc5dd28664a9/elements - {"using":"xpath","value":"//li[.//span[text()='equal to']]"}
RESULT: {"using":"xpath","value":"//li[.//span[text()='equal to']]"}
COMMAND: POST /session/1a7f7d058614b09b54cdbc5dd28664a9/elements - {"using":"xpath","value":"//li[.//span[text()='equal to']]"}
RESULT: {"using":"xpath","value":"//li[.//span[text()='equal to']]"}
COMMAND: POST /session/1a7f7d058614b09b54cdbc5dd28664a9/elements - {"using":"xpath","value":"//li[.//span[text()='equal to']]"}
RESULT: {"using":"xpath","value":"//li[.//span[text()='equal to']]"}
COMMAND: POST /session/1a7f7d058614b09b54cdbc5dd28664a9/elements - {"using":"xpath","value":"//li[.//span[text()='equal to']]"}
RESULT: {"using":"xpath","value":"//li[.//span[text()='equal to']]"}
COMMAND: POST /session/1a7f7d058614b09b54cdbc5dd28664a9/elements - {"using":"xpath","value":"//li[.//span[text()='equal to']]"}
RESULT: {"using":"xpath","value":"//li[.//span[text()='equal to']]"}
COMMAND: POST /session/1a7f7d058614b09b54cdbc5dd28664a9/elements - {"using":"xpath","value":"//li[.//span[text()='equal to']]"}
RESULT: {"using":"xpath","value":"//li[.//span[text()='equal to']]"}
COMMAND: POST /session/1a7f7d058614b09b54cdbc5dd28664a9/elements - {"using":"xpath","value":"//li[.//span[text()='equal to']]"}
RESULT: {"using":"xpath","value":"//li[.//span[text()='equal to']]"}
COMMAND: POST /session/1a7f7d058614b09b54cdbc5dd28664a9/elements - {"using":"xpath","value":"//li[.//span[text()='equal to']]"}
RESULT: {"using":"xpath","value":"//li[.//span[text()='equal to']]"}
COMMAND: POST /session/1a7f7d058614b09b54cdbc5dd28664a9/elements - {"using":"xpath","value":"//li[.//span[text()='equal to']]"}
RESULT: {"using":"xpath","value":"//li[.//span[text()='equal to']]"}
COMMAND: POST /session/1a7f7d058614b09b54cdbc5dd28664a9/elements - {"using":"xpath","value":"//li[.//span[text()='equal to']]"}
RESULT: {"using":"xpath","value":"//li[.//span[text()='equal to']]"}
COMMAND: POST /session/1a7f7d058614b09b54cdbc5dd28664a9/elements - {"using":"xpath","value":"//li[.//span[text()='equal to']]"}
RESULT: {"using":"xpath","value":"//li[.//span[text()='equal to']]"}
COMMAND: POST /session/1a7f7d058614b09b54cdbc5dd28664a9/elements - {"using":"xpath","value":"//li[.//span[text()='equal to']]"}
RESULT: {"using":"xpath","value":"//li[.//span[text()='equal to']]"}
COMMAND: POST /session/1a7f7d058614b09b54cdbc5dd28664a9/elements - {"using":"xpath","value":"//li[.//span[text()='equal to']]"}
RESULT: {"using":"xpath","value":"//li[.//span[text()='equal to']]"}
COMMAND: POST /session/1a7f7d058614b09b54cdbc5dd28664a9/elements - {"using":"xpath","value":"//li[.//span[text()='equal to']]"}
RESULT: {"using":"xpath","value":"//li[.//span[text()='equal to']]"}
COMMAND: POST /session/1a7f7d058614b09b54cdbc5dd28664a9/elements - {"using":"xpath","value":"//li[.//span[text()='equal to']]"}
RESULT: {"using":"xpath","value":"//li[.//span[text()='equal to']]"}
COMMAND: POST /session/1a7f7d058614b09b54cdbc5dd28664a9/elements - {"using":"xpath","value":"//li[.//span[text()='equal to']]"}
RESULT: {"using":"xpath","value":"//li[.//span[text()='equal to']]"}
COMMAND: POST /session/1a7f7d058614b09b54cdbc5dd28664a9/elements - {"using":"xpath","value":"//li[.//span[text()='equal to']]"}
RESULT: {"using":"xpath","value":"//li[.//span[text()='equal to']]"}
COMMAND: POST /session/1a7f7d058614b09b54cdbc5dd28664a9/elements - {"using":"xpath","value":"//li[.//span[text()='equal to']]"}
RESULT: {"using":"xpath","value":"//li[.//span[text()='equal to']]"}
COMMAND: POST /session/1a7f7d058614b09b54cdbc5dd28664a9/elements - {"using":"xpath","value":"//li[.//span[text()='equal to']]"}
RESULT: {"using":"xpath","value":"//li[.//span[text()='equal to']]"}
COMMAND: POST /session/1a7f7d058614b09b54cdbc5dd28664a9/elements - {"using":"xpath","value":"//li[.//span[text()='equal to']]"}
RESULT: {"using":"xpath","value":"//li[.//span[text()='equal to']]"}
COMMAND: POST /session/1a7f7d058614b09b54cdbc5dd28664a9/elements - {"using":"xpath","value":"//li[.//span[text()='equal to']]"}
RESULT: {"using":"xpath","value":"//li[.//span[text()='equal to']]"}
COMMAND: POST /session/1a7f7d058614b09b54cdbc5dd28664a9/elements - {"using":"xpath","value":"//li[.//span[text()='equal to']]"}
RESULT: {"using":"xpath","value":"//li[.//span[text()='equal to']]"}
COMMAND: POST /session/1a7f7d058614b09b54cdbc5dd28664a9/elements - {"using":"xpath","value":"//li[.//span[text()='equal to']]"}
RESULT: {"using":"xpath","value":"//li[.//span[text()='equal to']]"}
COMMAND: POST /session/1a7f7d058614b09b54cdbc5dd28664a9/elements - {"using":"xpath","value":"//li[.//span[text()='equal to']]"}
RESULT: {"using":"xpath","value":"//li[.//span[text()='equal to']]"}
COMMAND: POST /session/1a7f7d058614b09b54cdbc5dd28664a9/elements - {"using":"xpath","value":"//li[.//span[text()='equal to']]"}
RESULT: {"using":"xpath","value":"//li[.//span[text()='equal to']]"}
COMMAND: POST /session/1a7f7d058614b09b54cdbc5dd28664a9/elements - {"using":"xpath","value":"//li[.//span[text()='equal to']]"}
RESULT: {"using":"xpath","value":"//li[.//span[text()='equal to']]"}
COMMAND: POST /session/1a7f7d058614b09b54cdbc5dd28664a9/elements - {"using":"xpath","value":"//li[.//span[text()='equal to']]"}
RESULT: {"using":"xpath","value":"//li[.//span[text()='equal to']]"}
COMMAND: POST /session/1a7f7d058614b09b54cdbc5dd28664a9/elements - {"using":"xpath","value":"//li[.//span[text()='equal to']]"}
RESULT: {"using":"xpath","value":"//li[.//span[text()='equal to']]"}
COMMAND: POST /session/1a7f7d058614b09b54cdbc5dd28664a9/elements - {"using":"xpath","value":"//li[.//span[text()='equal to']]"}
RESULT: {"using":"xpath","value":"//li[.//span[text()='equal to']]"}
COMMAND: POST /session/1a7f7d058614b09b54cdbc5dd28664a9/elements - {"using":"xpath","value":"//li[.//span[text()='equal to']]"}
RESULT: {"using":"xpath","value":"//li[.//span[text()='equal to']]"}
COMMAND: POST /session/1a7f7d058614b09b54cdbc5dd28664a9/elements - {"using":"xpath","value":"//li[.//span[text()='equal to']]"}
RESULT: {"using":"xpath","value":"//li[.//span[text()='equal to']]"}
COMMAND: POST /session/1a7f7d058614b09b54cdbc5dd28664a9/elements - {"using":"xpath","value":"//li[.//span[text()='equal to']]"}
RESULT: {"using":"xpath","value":"//li[.//span[text()='equal to']]"}
COMMAND: GET /session/1a7f7d058614b09b54cdbc5dd28664a9/screenshot - {}
RESULT: {}
]]></system-out>
      <system-err><![CDATA[
Error: Can't call click on element with selector "//li[.//span[text()='equal to']]" because element wasn't found
    at async Context.<anonymous> (D:\a\1\s\test\specs\BTS\manage-partners.spec.js:805:9)
]]></system-err>
    </testcase>
  </testsuite>
</testsuites>