<?xml version="1.0" encoding="UTF-8"?>
<testsuites tests="49" failures="0" errors="0" skipped="0">
  <testsuite timestamp="2025-05-27T15:48:22" time="1928.663" tests="49" failures="0" errors="0" skipped="0">
    <properties>
      <property name="specId" value="0"/>
      <property name="suiteName" value="Sanity Tests US104253"/>
      <property name="capabilities" value="chrome.136_0_7103_93.windows"/>
      <property name="file" value="file:///D:/a/1/s/test/specs/General/sanity.spec.js"/>
    </properties>
    <testcase classname="chrome.136_0_7103_93.windows.Sanity_Tests_US104253" name="Should open Manage Partners page" time="59.916">
      <system-out><![CDATA[
COMMAND: POST /session/a1d0a80e45f577755a28f8f4b94429e1/execute/async - {"script":"<script> [1562 bytes]","args":[{"selector":{"controlType":"sap.m.GenericTile","properties":{"header":"Manage Partners"}},"wdio_ui5_key":"sapm.GenericTile{\"header\":\"Manage Partners\"}"}]}
RESULT: {"script":"<script> [1562 bytes]","args":[{"selector":{"controlType":"sap.m.GenericTile","properties":{"header":"Manage Partners"}},"wdio_ui5_key":"sapm.GenericTile{\"header\":\"Manage Partners\"}"}]}
RESULT: undefined
COMMAND: POST /session/a1d0a80e45f577755a28f8f4b94429e1/element - {"using":"xpath","value":"//*[@id=\"__tile38\"]"}
RESULT: {"using":"xpath","value":"//*[@id=\"__tile38\"]"}
COMMAND: POST /session/a1d0a80e45f577755a28f8f4b94429e1/element/f.289E0583247FAD16150B3F0D0A01527A.d.672630D7AEB5545571FDF2E6FAACCFED.e.113/click - {}
RESULT: {}
COMMAND: GET /session/a1d0a80e45f577755a28f8f4b94429e1/screenshot - {}
RESULT: {}
COMMAND: POST /session/a1d0a80e45f577755a28f8f4b94429e1/elements - {"using":"xpath","value":"//span[text()='Error']"}
RESULT: {"using":"xpath","value":"//span[text()='Error']"}
RESULT: undefined
COMMAND: POST /session/a1d0a80e45f577755a28f8f4b94429e1/element - {"using":"xpath","value":"//*[@id=\"__tile38\"]"}
RESULT: {"using":"xpath","value":"//*[@id=\"__tile38\"]"}
COMMAND: POST /session/a1d0a80e45f577755a28f8f4b94429e1/element/f.289E0583247FAD16150B3F0D0A01527A.d.672630D7AEB5545571FDF2E6FAACCFED.e.113/click - {}
RESULT: undefined
COMMAND: POST /session/a1d0a80e45f577755a28f8f4b94429e1/element - {"using":"xpath","value":"//*[@id=\"__tile38\"]"}
RESULT: {"using":"xpath","value":"//*[@id=\"__tile38\"]"}
COMMAND: POST /session/a1d0a80e45f577755a28f8f4b94429e1/element/f.289E0583247FAD16150B3F0D0A01527A.d.672630D7AEB5545571FDF2E6FAACCFED.e.113/click - {}
COMMAND: POST /session/a1d0a80e45f577755a28f8f4b94429e1/execute/async - {"script":"<script> [1562 bytes]","args":[{"selector":{"id":"shellAppTitle"},"wdio_ui5_key":"shellAppTitle"}]}
RESULT: {"script":"<script> [1562 bytes]","args":[{"selector":{"id":"shellAppTitle"},"wdio_ui5_key":"shellAppTitle"}]}
RESULT: undefined
COMMAND: POST /session/a1d0a80e45f577755a28f8f4b94429e1/execute/async - {"script":"<script> [6424 bytes]","args":[{"element-6066-11e4-a52e-4f735466cecf":"f.289E0583247FAD16150B3F0D0A01527A.d.672630D7AEB5545571FDF2E6FAACCFED.e.288"},"getTitle",[]]}
RESULT: {"script":"<script> [6424 bytes]","args":[{"element-6066-11e4-a52e-4f735466cecf":"f.289E0583247FAD16150B3F0D0A01527A.d.672630D7AEB5545571FDF2E6FAACCFED.e.288"},"getTitle",[]]}
COMMAND: POST /session/a1d0a80e45f577755a28f8f4b94429e1/execute/async - {"script":"<script> [1562 bytes]","args":[{"selector":{"id":"backBtn"},"wdio_ui5_key":"backBtn"}]}
RESULT: {"script":"<script> [1562 bytes]","args":[{"selector":{"id":"backBtn"},"wdio_ui5_key":"backBtn"}]}
RESULT: undefined
COMMAND: POST /session/a1d0a80e45f577755a28f8f4b94429e1/element - {"using":"xpath","value":"//*[@id=\"backBtn\"]"}
RESULT: {"using":"xpath","value":"//*[@id=\"backBtn\"]"}
COMMAND: POST /session/a1d0a80e45f577755a28f8f4b94429e1/element/f.289E0583247FAD16150B3F0D0A01527A.d.672630D7AEB5545571FDF2E6FAACCFED.e.289/click - {}
RESULT: {}
COMMAND: GET /session/a1d0a80e45f577755a28f8f4b94429e1/screenshot - {}
RESULT: {}
]]></system-out>
    </testcase>
    <testcase classname="chrome.136_0_7103_93.windows.Sanity_Tests_US104253" name="Should open Manage Sites page" time="44.075">
      <system-out><![CDATA[
COMMAND: POST /session/a1d0a80e45f577755a28f8f4b94429e1/execute/async - {"script":"<script> [1562 bytes]","args":[{"selector":{"controlType":"sap.m.GenericTile","properties":{"header":"Manage Sites"}},"wdio_ui5_key":"sapm.GenericTile{\"header\":\"Manage Sites\"}"}]}
RESULT: {"script":"<script> [1562 bytes]","args":[{"selector":{"controlType":"sap.m.GenericTile","properties":{"header":"Manage Sites"}},"wdio_ui5_key":"sapm.GenericTile{\"header\":\"Manage Sites\"}"}]}
RESULT: undefined
COMMAND: POST /session/a1d0a80e45f577755a28f8f4b94429e1/element - {"using":"xpath","value":"//*[@id=\"__tile40\"]"}
RESULT: {"using":"xpath","value":"//*[@id=\"__tile40\"]"}
COMMAND: POST /session/a1d0a80e45f577755a28f8f4b94429e1/element/f.289E0583247FAD16150B3F0D0A01527A.d.672630D7AEB5545571FDF2E6FAACCFED.e.291/click - {}
RESULT: {}
COMMAND: GET /session/a1d0a80e45f577755a28f8f4b94429e1/screenshot - {}
RESULT: {}
COMMAND: POST /session/a1d0a80e45f577755a28f8f4b94429e1/elements - {"using":"xpath","value":"//span[text()='Error']"}
RESULT: {"using":"xpath","value":"//span[text()='Error']"}
RESULT: undefined
COMMAND: POST /session/a1d0a80e45f577755a28f8f4b94429e1/element - {"using":"xpath","value":"//*[@id=\"__tile40\"]"}
RESULT: {"using":"xpath","value":"//*[@id=\"__tile40\"]"}
COMMAND: POST /session/a1d0a80e45f577755a28f8f4b94429e1/element/f.289E0583247FAD16150B3F0D0A01527A.d.672630D7AEB5545571FDF2E6FAACCFED.e.291/click - {}
RESULT: undefined
COMMAND: POST /session/a1d0a80e45f577755a28f8f4b94429e1/element - {"using":"xpath","value":"//*[@id=\"__tile40\"]"}
RESULT: {"using":"xpath","value":"//*[@id=\"__tile40\"]"}
COMMAND: POST /session/a1d0a80e45f577755a28f8f4b94429e1/element/f.289E0583247FAD16150B3F0D0A01527A.d.672630D7AEB5545571FDF2E6FAACCFED.e.291/click - {}
RESULT: undefined
COMMAND: POST /session/a1d0a80e45f577755a28f8f4b94429e1/execute/async - {"script":"<script> [6424 bytes]","args":[{"element-6066-11e4-a52e-4f735466cecf":"f.289E0583247FAD16150B3F0D0A01527A.d.672630D7AEB5545571FDF2E6FAACCFED.e.288"},"getTitle",[]]}
COMMAND: POST /session/a1d0a80e45f577755a28f8f4b94429e1/execute/async - {"script":"<script> [1562 bytes]","args":[{"selector":{"id":"shellAppTitle"},"wdio_ui5_key":"shellAppTitle"}]}
RESULT: {"script":"<script> [1562 bytes]","args":[{"selector":{"id":"shellAppTitle"},"wdio_ui5_key":"shellAppTitle"}]}
COMMAND: POST /session/a1d0a80e45f577755a28f8f4b94429e1/execute/async - {"script":"<script> [6424 bytes]","args":[{"element-6066-11e4-a52e-4f735466cecf":"f.289E0583247FAD16150B3F0D0A01527A.d.672630D7AEB5545571FDF2E6FAACCFED.e.474"},"getTitle",[]]}
RESULT: {"script":"<script> [6424 bytes]","args":[{"element-6066-11e4-a52e-4f735466cecf":"f.289E0583247FAD16150B3F0D0A01527A.d.672630D7AEB5545571FDF2E6FAACCFED.e.474"},"getTitle",[]]}
RESULT: undefined
COMMAND: POST /session/a1d0a80e45f577755a28f8f4b94429e1/element/f.289E0583247FAD16150B3F0D0A01527A.d.672630D7AEB5545571FDF2E6FAACCFED.e.289/click - {}
RESULT: {}
COMMAND: GET /session/a1d0a80e45f577755a28f8f4b94429e1/screenshot - {}
RESULT: {}
]]></system-out>
    </testcase>
    <testcase classname="chrome.136_0_7103_93.windows.Sanity_Tests_US104253" name="Should open Manage Resources page" time="36.75">
      <system-out><![CDATA[
COMMAND: POST /session/a1d0a80e45f577755a28f8f4b94429e1/execute/async - {"script":"<script> [1562 bytes]","args":[{"selector":{"controlType":"sap.m.GenericTile","properties":{"header":"Manage Resources"}},"wdio_ui5_key":"sapm.GenericTile{\"header\":\"Manage Resources\"}"}]}
RESULT: {"script":"<script> [1562 bytes]","args":[{"selector":{"controlType":"sap.m.GenericTile","properties":{"header":"Manage Resources"}},"wdio_ui5_key":"sapm.GenericTile{\"header\":\"Manage Resources\"}"}]}
RESULT: undefined
COMMAND: POST /session/a1d0a80e45f577755a28f8f4b94429e1/element - {"using":"xpath","value":"//*[@id=\"__tile39\"]"}
RESULT: {"using":"xpath","value":"//*[@id=\"__tile39\"]"}
COMMAND: POST /session/a1d0a80e45f577755a28f8f4b94429e1/element/f.289E0583247FAD16150B3F0D0A01527A.d.672630D7AEB5545571FDF2E6FAACCFED.e.476/click - {}
RESULT: {}
COMMAND: GET /session/a1d0a80e45f577755a28f8f4b94429e1/screenshot - {}
RESULT: {}
COMMAND: POST /session/a1d0a80e45f577755a28f8f4b94429e1/elements - {"using":"xpath","value":"//span[text()='Error']"}
RESULT: {"using":"xpath","value":"//span[text()='Error']"}
RESULT: undefined
COMMAND: POST /session/a1d0a80e45f577755a28f8f4b94429e1/element - {"using":"xpath","value":"//*[@id=\"__tile39\"]"}
RESULT: {"using":"xpath","value":"//*[@id=\"__tile39\"]"}
COMMAND: POST /session/a1d0a80e45f577755a28f8f4b94429e1/element/f.289E0583247FAD16150B3F0D0A01527A.d.672630D7AEB5545571FDF2E6FAACCFED.e.476/click - {}
RESULT: undefined
COMMAND: POST /session/a1d0a80e45f577755a28f8f4b94429e1/element - {"using":"xpath","value":"//*[@id=\"__tile39\"]"}
RESULT: {"using":"xpath","value":"//*[@id=\"__tile39\"]"}
COMMAND: POST /session/a1d0a80e45f577755a28f8f4b94429e1/element/f.289E0583247FAD16150B3F0D0A01527A.d.672630D7AEB5545571FDF2E6FAACCFED.e.476/click - {}
RESULT: undefined
COMMAND: POST /session/a1d0a80e45f577755a28f8f4b94429e1/execute/async - {"script":"<script> [6424 bytes]","args":[{"element-6066-11e4-a52e-4f735466cecf":"f.289E0583247FAD16150B3F0D0A01527A.d.672630D7AEB5545571FDF2E6FAACCFED.e.288"},"getTitle",[]]}
COMMAND: POST /session/a1d0a80e45f577755a28f8f4b94429e1/execute/async - {"script":"<script> [1562 bytes]","args":[{"selector":{"id":"shellAppTitle"},"wdio_ui5_key":"shellAppTitle"}]}
RESULT: {"script":"<script> [1562 bytes]","args":[{"selector":{"id":"shellAppTitle"},"wdio_ui5_key":"shellAppTitle"}]}
COMMAND: POST /session/a1d0a80e45f577755a28f8f4b94429e1/execute/async - {"script":"<script> [6424 bytes]","args":[{"element-6066-11e4-a52e-4f735466cecf":"f.289E0583247FAD16150B3F0D0A01527A.d.672630D7AEB5545571FDF2E6FAACCFED.e.647"},"getTitle",[]]}
RESULT: {"script":"<script> [6424 bytes]","args":[{"element-6066-11e4-a52e-4f735466cecf":"f.289E0583247FAD16150B3F0D0A01527A.d.672630D7AEB5545571FDF2E6FAACCFED.e.647"},"getTitle",[]]}
RESULT: undefined
COMMAND: POST /session/a1d0a80e45f577755a28f8f4b94429e1/element/f.289E0583247FAD16150B3F0D0A01527A.d.672630D7AEB5545571FDF2E6FAACCFED.e.289/click - {}
COMMAND: POST /session/a1d0a80e45f577755a28f8f4b94429e1/element - {"using":"xpath","value":"//*[@id=\"backBtn\"]"}
RESULT: {"using":"xpath","value":"//*[@id=\"backBtn\"]"}
COMMAND: POST /session/a1d0a80e45f577755a28f8f4b94429e1/element/f.289E0583247FAD16150B3F0D0A01527A.d.672630D7AEB5545571FDF2E6FAACCFED.e.289/click - {}
COMMAND: POST /session/a1d0a80e45f577755a28f8f4b94429e1/element - {"using":"xpath","value":"//*[@id=\"backBtn\"]"}
RESULT: {"using":"xpath","value":"//*[@id=\"backBtn\"]"}
COMMAND: POST /session/a1d0a80e45f577755a28f8f4b94429e1/element/f.289E0583247FAD16150B3F0D0A01527A.d.672630D7AEB5545571FDF2E6FAACCFED.e.648/click - {}
RESULT: {}
COMMAND: GET /session/a1d0a80e45f577755a28f8f4b94429e1/screenshot - {}
RESULT: {}
]]></system-out>
    </testcase>
    <testcase classname="chrome.136_0_7103_93.windows.Sanity_Tests_US104253" name="Should open Manage Catalogs page" time="36.185">
      <system-out><![CDATA[
COMMAND: POST /session/a1d0a80e45f577755a28f8f4b94429e1/execute/async - {"script":"<script> [1562 bytes]","args":[{"selector":{"controlType":"sap.m.GenericTile","properties":{"header":"Manage Catalogs"}},"wdio_ui5_key":"sapm.GenericTile{\"header\":\"Manage Catalogs\"}"}]}
RESULT: {"script":"<script> [1562 bytes]","args":[{"selector":{"controlType":"sap.m.GenericTile","properties":{"header":"Manage Catalogs"}},"wdio_ui5_key":"sapm.GenericTile{\"header\":\"Manage Catalogs\"}"}]}
RESULT: undefined
COMMAND: POST /session/a1d0a80e45f577755a28f8f4b94429e1/element - {"using":"xpath","value":"//*[@id=\"__tile37\"]"}
RESULT: {"using":"xpath","value":"//*[@id=\"__tile37\"]"}
COMMAND: POST /session/a1d0a80e45f577755a28f8f4b94429e1/element/f.289E0583247FAD16150B3F0D0A01527A.d.672630D7AEB5545571FDF2E6FAACCFED.e.650/click - {}
RESULT: {}
COMMAND: GET /session/a1d0a80e45f577755a28f8f4b94429e1/screenshot - {}
RESULT: {}
COMMAND: POST /session/a1d0a80e45f577755a28f8f4b94429e1/elements - {"using":"xpath","value":"//span[text()='Error']"}
RESULT: {"using":"xpath","value":"//span[text()='Error']"}
RESULT: undefined
COMMAND: POST /session/a1d0a80e45f577755a28f8f4b94429e1/element - {"using":"xpath","value":"//*[@id=\"__tile37\"]"}
RESULT: {"using":"xpath","value":"//*[@id=\"__tile37\"]"}
COMMAND: POST /session/a1d0a80e45f577755a28f8f4b94429e1/element/f.289E0583247FAD16150B3F0D0A01527A.d.672630D7AEB5545571FDF2E6FAACCFED.e.650/click - {}
RESULT: undefined
COMMAND: POST /session/a1d0a80e45f577755a28f8f4b94429e1/element - {"using":"xpath","value":"//*[@id=\"__tile37\"]"}
RESULT: {"using":"xpath","value":"//*[@id=\"__tile37\"]"}
COMMAND: POST /session/a1d0a80e45f577755a28f8f4b94429e1/element/f.289E0583247FAD16150B3F0D0A01527A.d.672630D7AEB5545571FDF2E6FAACCFED.e.650/click - {}
RESULT: undefined
COMMAND: POST /session/a1d0a80e45f577755a28f8f4b94429e1/execute/async - {"script":"<script> [6424 bytes]","args":[{"element-6066-11e4-a52e-4f735466cecf":"f.289E0583247FAD16150B3F0D0A01527A.d.672630D7AEB5545571FDF2E6FAACCFED.e.288"},"getTitle",[]]}
COMMAND: POST /session/a1d0a80e45f577755a28f8f4b94429e1/execute/async - {"script":"<script> [1562 bytes]","args":[{"selector":{"id":"shellAppTitle"},"wdio_ui5_key":"shellAppTitle"}]}
RESULT: {"script":"<script> [1562 bytes]","args":[{"selector":{"id":"shellAppTitle"},"wdio_ui5_key":"shellAppTitle"}]}
COMMAND: POST /session/a1d0a80e45f577755a28f8f4b94429e1/execute/async - {"script":"<script> [6424 bytes]","args":[{"element-6066-11e4-a52e-4f735466cecf":"f.289E0583247FAD16150B3F0D0A01527A.d.672630D7AEB5545571FDF2E6FAACCFED.e.718"},"getTitle",[]]}
RESULT: {"script":"<script> [6424 bytes]","args":[{"element-6066-11e4-a52e-4f735466cecf":"f.289E0583247FAD16150B3F0D0A01527A.d.672630D7AEB5545571FDF2E6FAACCFED.e.718"},"getTitle",[]]}
RESULT: undefined
COMMAND: POST /session/a1d0a80e45f577755a28f8f4b94429e1/element/f.289E0583247FAD16150B3F0D0A01527A.d.672630D7AEB5545571FDF2E6FAACCFED.e.648/click - {}
RESULT: {}
COMMAND: GET /session/a1d0a80e45f577755a28f8f4b94429e1/screenshot - {}
RESULT: {}
]]></system-out>
    </testcase>
    <testcase classname="chrome.136_0_7103_93.windows.Sanity_Tests_US104253" name="Should open Manage Calendars page" time="36.61">
      <system-out><![CDATA[
COMMAND: POST /session/a1d0a80e45f577755a28f8f4b94429e1/execute/async - {"script":"<script> [1562 bytes]","args":[{"selector":{"controlType":"sap.m.GenericTile","properties":{"header":"Manage Calendars"}},"wdio_ui5_key":"sapm.GenericTile{\"header\":\"Manage Calendars\"}"}]}
RESULT: {"script":"<script> [1562 bytes]","args":[{"selector":{"controlType":"sap.m.GenericTile","properties":{"header":"Manage Calendars"}},"wdio_ui5_key":"sapm.GenericTile{\"header\":\"Manage Calendars\"}"}]}
RESULT: undefined
COMMAND: POST /session/a1d0a80e45f577755a28f8f4b94429e1/element - {"using":"xpath","value":"//*[@id=\"__tile36\"]"}
RESULT: {"using":"xpath","value":"//*[@id=\"__tile36\"]"}
COMMAND: POST /session/a1d0a80e45f577755a28f8f4b94429e1/element/f.289E0583247FAD16150B3F0D0A01527A.d.672630D7AEB5545571FDF2E6FAACCFED.e.721/click - {}
RESULT: {}
COMMAND: GET /session/a1d0a80e45f577755a28f8f4b94429e1/screenshot - {}
RESULT: {}
COMMAND: POST /session/a1d0a80e45f577755a28f8f4b94429e1/elements - {"using":"xpath","value":"//span[text()='Error']"}
RESULT: {"using":"xpath","value":"//span[text()='Error']"}
RESULT: undefined
COMMAND: POST /session/a1d0a80e45f577755a28f8f4b94429e1/element - {"using":"xpath","value":"//*[@id=\"__tile36\"]"}
RESULT: {"using":"xpath","value":"//*[@id=\"__tile36\"]"}
COMMAND: POST /session/a1d0a80e45f577755a28f8f4b94429e1/element/f.289E0583247FAD16150B3F0D0A01527A.d.672630D7AEB5545571FDF2E6FAACCFED.e.721/click - {}
RESULT: undefined
COMMAND: POST /session/a1d0a80e45f577755a28f8f4b94429e1/element - {"using":"xpath","value":"//*[@id=\"__tile36\"]"}
RESULT: {"using":"xpath","value":"//*[@id=\"__tile36\"]"}
COMMAND: POST /session/a1d0a80e45f577755a28f8f4b94429e1/element/f.289E0583247FAD16150B3F0D0A01527A.d.672630D7AEB5545571FDF2E6FAACCFED.e.721/click - {}
RESULT: undefined
COMMAND: POST /session/a1d0a80e45f577755a28f8f4b94429e1/execute/async - {"script":"<script> [6424 bytes]","args":[{"element-6066-11e4-a52e-4f735466cecf":"f.289E0583247FAD16150B3F0D0A01527A.d.672630D7AEB5545571FDF2E6FAACCFED.e.288"},"getTitle",[]]}
COMMAND: POST /session/a1d0a80e45f577755a28f8f4b94429e1/execute/async - {"script":"<script> [1562 bytes]","args":[{"selector":{"id":"shellAppTitle"},"wdio_ui5_key":"shellAppTitle"}]}
RESULT: {"script":"<script> [1562 bytes]","args":[{"selector":{"id":"shellAppTitle"},"wdio_ui5_key":"shellAppTitle"}]}
COMMAND: POST /session/a1d0a80e45f577755a28f8f4b94429e1/execute/async - {"script":"<script> [6424 bytes]","args":[{"element-6066-11e4-a52e-4f735466cecf":"f.289E0583247FAD16150B3F0D0A01527A.d.672630D7AEB5545571FDF2E6FAACCFED.e.799"},"getTitle",[]]}
RESULT: {"script":"<script> [6424 bytes]","args":[{"element-6066-11e4-a52e-4f735466cecf":"f.289E0583247FAD16150B3F0D0A01527A.d.672630D7AEB5545571FDF2E6FAACCFED.e.799"},"getTitle",[]]}
RESULT: undefined
COMMAND: POST /session/a1d0a80e45f577755a28f8f4b94429e1/element/f.289E0583247FAD16150B3F0D0A01527A.d.672630D7AEB5545571FDF2E6FAACCFED.e.648/click - {}
COMMAND: POST /session/a1d0a80e45f577755a28f8f4b94429e1/element - {"using":"xpath","value":"//*[@id=\"backBtn\"]"}
RESULT: {"using":"xpath","value":"//*[@id=\"backBtn\"]"}
COMMAND: POST /session/a1d0a80e45f577755a28f8f4b94429e1/element/f.289E0583247FAD16150B3F0D0A01527A.d.672630D7AEB5545571FDF2E6FAACCFED.e.648/click - {}
COMMAND: POST /session/a1d0a80e45f577755a28f8f4b94429e1/element - {"using":"xpath","value":"//*[@id=\"backBtn\"]"}
RESULT: {"using":"xpath","value":"//*[@id=\"backBtn\"]"}
COMMAND: POST /session/a1d0a80e45f577755a28f8f4b94429e1/element/f.289E0583247FAD16150B3F0D0A01527A.d.672630D7AEB5545571FDF2E6FAACCFED.e.800/click - {}
RESULT: {}
COMMAND: GET /session/a1d0a80e45f577755a28f8f4b94429e1/screenshot - {}
RESULT: {}
]]></system-out>
    </testcase>
    <testcase classname="chrome.136_0_7103_93.windows.Sanity_Tests_US104253" name="Should open Address Management page" time="38.725">
      <system-out><![CDATA[
COMMAND: POST /session/a1d0a80e45f577755a28f8f4b94429e1/execute/async - {"script":"<script> [1562 bytes]","args":[{"selector":{"controlType":"sap.m.GenericTile","properties":{"header":"Address Management"}},"wdio_ui5_key":"sapm.GenericTile{\"header\":\"Address Management\"}"}]}
RESULT: {"script":"<script> [1562 bytes]","args":[{"selector":{"controlType":"sap.m.GenericTile","properties":{"header":"Address Management"}},"wdio_ui5_key":"sapm.GenericTile{\"header\":\"Address Management\"}"}]}
RESULT: undefined
COMMAND: POST /session/a1d0a80e45f577755a28f8f4b94429e1/element - {"using":"xpath","value":"//*[@id=\"__tile33\"]"}
RESULT: {"using":"xpath","value":"//*[@id=\"__tile33\"]"}
COMMAND: POST /session/a1d0a80e45f577755a28f8f4b94429e1/element/f.289E0583247FAD16150B3F0D0A01527A.d.672630D7AEB5545571FDF2E6FAACCFED.e.802/click - {}
RESULT: {}
COMMAND: GET /session/a1d0a80e45f577755a28f8f4b94429e1/screenshot - {}
RESULT: {}
COMMAND: POST /session/a1d0a80e45f577755a28f8f4b94429e1/elements - {"using":"xpath","value":"//span[text()='Error']"}
RESULT: {"using":"xpath","value":"//span[text()='Error']"}
RESULT: undefined
COMMAND: POST /session/a1d0a80e45f577755a28f8f4b94429e1/element - {"using":"xpath","value":"//*[@id=\"__tile33\"]"}
RESULT: {"using":"xpath","value":"//*[@id=\"__tile33\"]"}
COMMAND: POST /session/a1d0a80e45f577755a28f8f4b94429e1/element/f.289E0583247FAD16150B3F0D0A01527A.d.672630D7AEB5545571FDF2E6FAACCFED.e.802/click - {}
RESULT: undefined
COMMAND: POST /session/a1d0a80e45f577755a28f8f4b94429e1/element - {"using":"xpath","value":"//*[@id=\"__tile33\"]"}
RESULT: {"using":"xpath","value":"//*[@id=\"__tile33\"]"}
COMMAND: POST /session/a1d0a80e45f577755a28f8f4b94429e1/element/f.289E0583247FAD16150B3F0D0A01527A.d.672630D7AEB5545571FDF2E6FAACCFED.e.802/click - {}
RESULT: undefined
COMMAND: POST /session/a1d0a80e45f577755a28f8f4b94429e1/execute/async - {"script":"<script> [6424 bytes]","args":[{"element-6066-11e4-a52e-4f735466cecf":"f.289E0583247FAD16150B3F0D0A01527A.d.672630D7AEB5545571FDF2E6FAACCFED.e.288"},"getTitle",[]]}
COMMAND: POST /session/a1d0a80e45f577755a28f8f4b94429e1/execute/async - {"script":"<script> [1562 bytes]","args":[{"selector":{"id":"shellAppTitle"},"wdio_ui5_key":"shellAppTitle"}]}
RESULT: {"script":"<script> [1562 bytes]","args":[{"selector":{"id":"shellAppTitle"},"wdio_ui5_key":"shellAppTitle"}]}
COMMAND: POST /session/a1d0a80e45f577755a28f8f4b94429e1/execute/async - {"script":"<script> [6424 bytes]","args":[{"element-6066-11e4-a52e-4f735466cecf":"f.289E0583247FAD16150B3F0D0A01527A.d.672630D7AEB5545571FDF2E6FAACCFED.e.985"},"getTitle",[]]}
RESULT: {"script":"<script> [6424 bytes]","args":[{"element-6066-11e4-a52e-4f735466cecf":"f.289E0583247FAD16150B3F0D0A01527A.d.672630D7AEB5545571FDF2E6FAACCFED.e.985"},"getTitle",[]]}
RESULT: undefined
COMMAND: POST /session/a1d0a80e45f577755a28f8f4b94429e1/element/f.289E0583247FAD16150B3F0D0A01527A.d.672630D7AEB5545571FDF2E6FAACCFED.e.800/click - {}
RESULT: {}
COMMAND: GET /session/a1d0a80e45f577755a28f8f4b94429e1/screenshot - {}
RESULT: {}
]]></system-out>
    </testcase>
    <testcase classname="chrome.136_0_7103_93.windows.Sanity_Tests_US104253" name="Should open Bill Of Resources page" time="37.232">
      <system-out><![CDATA[
COMMAND: POST /session/a1d0a80e45f577755a28f8f4b94429e1/execute/async - {"script":"<script> [1562 bytes]","args":[{"selector":{"controlType":"sap.m.GenericTile","properties":{"header":"Bill Of Resources"}},"wdio_ui5_key":"sapm.GenericTile{\"header\":\"Bill Of Resources\"}"}]}
RESULT: {"script":"<script> [1562 bytes]","args":[{"selector":{"controlType":"sap.m.GenericTile","properties":{"header":"Bill Of Resources"}},"wdio_ui5_key":"sapm.GenericTile{\"header\":\"Bill Of Resources\"}"}]}
RESULT: undefined
COMMAND: POST /session/a1d0a80e45f577755a28f8f4b94429e1/element - {"using":"xpath","value":"//*[@id=\"__tile34\"]"}
RESULT: {"using":"xpath","value":"//*[@id=\"__tile34\"]"}
COMMAND: POST /session/a1d0a80e45f577755a28f8f4b94429e1/element/f.289E0583247FAD16150B3F0D0A01527A.d.672630D7AEB5545571FDF2E6FAACCFED.e.987/click - {}
RESULT: {}
COMMAND: GET /session/a1d0a80e45f577755a28f8f4b94429e1/screenshot - {}
RESULT: {}
COMMAND: POST /session/a1d0a80e45f577755a28f8f4b94429e1/elements - {"using":"xpath","value":"//span[text()='Error']"}
RESULT: {"using":"xpath","value":"//span[text()='Error']"}
RESULT: undefined
COMMAND: POST /session/a1d0a80e45f577755a28f8f4b94429e1/element - {"using":"xpath","value":"//*[@id=\"__tile34\"]"}
RESULT: {"using":"xpath","value":"//*[@id=\"__tile34\"]"}
COMMAND: POST /session/a1d0a80e45f577755a28f8f4b94429e1/element/f.289E0583247FAD16150B3F0D0A01527A.d.672630D7AEB5545571FDF2E6FAACCFED.e.987/click - {}
RESULT: undefined
COMMAND: POST /session/a1d0a80e45f577755a28f8f4b94429e1/element - {"using":"xpath","value":"//*[@id=\"__tile34\"]"}
RESULT: {"using":"xpath","value":"//*[@id=\"__tile34\"]"}
COMMAND: POST /session/a1d0a80e45f577755a28f8f4b94429e1/element/f.289E0583247FAD16150B3F0D0A01527A.d.672630D7AEB5545571FDF2E6FAACCFED.e.987/click - {}
RESULT: undefined
COMMAND: POST /session/a1d0a80e45f577755a28f8f4b94429e1/execute/async - {"script":"<script> [6424 bytes]","args":[{"element-6066-11e4-a52e-4f735466cecf":"f.289E0583247FAD16150B3F0D0A01527A.d.672630D7AEB5545571FDF2E6FAACCFED.e.288"},"getTitle",[]]}
COMMAND: POST /session/a1d0a80e45f577755a28f8f4b94429e1/execute/async - {"script":"<script> [1562 bytes]","args":[{"selector":{"id":"shellAppTitle"},"wdio_ui5_key":"shellAppTitle"}]}
RESULT: {"script":"<script> [1562 bytes]","args":[{"selector":{"id":"shellAppTitle"},"wdio_ui5_key":"shellAppTitle"}]}
COMMAND: POST /session/a1d0a80e45f577755a28f8f4b94429e1/execute/async - {"script":"<script> [6424 bytes]","args":[{"element-6066-11e4-a52e-4f735466cecf":"f.289E0583247FAD16150B3F0D0A01527A.d.672630D7AEB5545571FDF2E6FAACCFED.e.1085"},"getTitle",[]]}
RESULT: {"script":"<script> [6424 bytes]","args":[{"element-6066-11e4-a52e-4f735466cecf":"f.289E0583247FAD16150B3F0D0A01527A.d.672630D7AEB5545571FDF2E6FAACCFED.e.1085"},"getTitle",[]]}
RESULT: undefined
COMMAND: POST /session/a1d0a80e45f577755a28f8f4b94429e1/element/f.289E0583247FAD16150B3F0D0A01527A.d.672630D7AEB5545571FDF2E6FAACCFED.e.800/click - {}
COMMAND: POST /session/a1d0a80e45f577755a28f8f4b94429e1/element - {"using":"xpath","value":"//*[@id=\"backBtn\"]"}
RESULT: {"using":"xpath","value":"//*[@id=\"backBtn\"]"}
COMMAND: POST /session/a1d0a80e45f577755a28f8f4b94429e1/element/f.289E0583247FAD16150B3F0D0A01527A.d.672630D7AEB5545571FDF2E6FAACCFED.e.800/click - {}
COMMAND: POST /session/a1d0a80e45f577755a28f8f4b94429e1/element - {"using":"xpath","value":"//*[@id=\"backBtn\"]"}
RESULT: {"using":"xpath","value":"//*[@id=\"backBtn\"]"}
COMMAND: POST /session/a1d0a80e45f577755a28f8f4b94429e1/element/f.289E0583247FAD16150B3F0D0A01527A.d.672630D7AEB5545571FDF2E6FAACCFED.e.1086/click - {}
RESULT: {}
COMMAND: GET /session/a1d0a80e45f577755a28f8f4b94429e1/screenshot - {}
RESULT: {}
]]></system-out>
    </testcase>
    <testcase classname="chrome.136_0_7103_93.windows.Sanity_Tests_US104253" name="Should open Manage Yards page" time="36.153">
      <system-out><![CDATA[
COMMAND: POST /session/a1d0a80e45f577755a28f8f4b94429e1/execute/async - {"script":"<script> [1562 bytes]","args":[{"selector":{"controlType":"sap.m.GenericTile","properties":{"header":"Manage Yards"}},"wdio_ui5_key":"sapm.GenericTile{\"header\":\"Manage Yards\"}"}]}
RESULT: {"script":"<script> [1562 bytes]","args":[{"selector":{"controlType":"sap.m.GenericTile","properties":{"header":"Manage Yards"}},"wdio_ui5_key":"sapm.GenericTile{\"header\":\"Manage Yards\"}"}]}
RESULT: undefined
COMMAND: POST /session/a1d0a80e45f577755a28f8f4b94429e1/element - {"using":"xpath","value":"//*[@id=\"__tile41\"]"}
RESULT: {"using":"xpath","value":"//*[@id=\"__tile41\"]"}
COMMAND: POST /session/a1d0a80e45f577755a28f8f4b94429e1/element/f.289E0583247FAD16150B3F0D0A01527A.d.672630D7AEB5545571FDF2E6FAACCFED.e.1088/click - {}
RESULT: {}
COMMAND: GET /session/a1d0a80e45f577755a28f8f4b94429e1/screenshot - {}
RESULT: {}
COMMAND: POST /session/a1d0a80e45f577755a28f8f4b94429e1/elements - {"using":"xpath","value":"//span[text()='Error']"}
RESULT: {"using":"xpath","value":"//span[text()='Error']"}
RESULT: undefined
COMMAND: POST /session/a1d0a80e45f577755a28f8f4b94429e1/element - {"using":"xpath","value":"//*[@id=\"__tile41\"]"}
RESULT: {"using":"xpath","value":"//*[@id=\"__tile41\"]"}
COMMAND: POST /session/a1d0a80e45f577755a28f8f4b94429e1/element/f.289E0583247FAD16150B3F0D0A01527A.d.672630D7AEB5545571FDF2E6FAACCFED.e.1088/click - {}
RESULT: undefined
COMMAND: POST /session/a1d0a80e45f577755a28f8f4b94429e1/element - {"using":"xpath","value":"//*[@id=\"__tile41\"]"}
RESULT: {"using":"xpath","value":"//*[@id=\"__tile41\"]"}
COMMAND: POST /session/a1d0a80e45f577755a28f8f4b94429e1/element/f.289E0583247FAD16150B3F0D0A01527A.d.672630D7AEB5545571FDF2E6FAACCFED.e.1088/click - {}
RESULT: undefined
COMMAND: POST /session/a1d0a80e45f577755a28f8f4b94429e1/execute/async - {"script":"<script> [6424 bytes]","args":[{"element-6066-11e4-a52e-4f735466cecf":"f.289E0583247FAD16150B3F0D0A01527A.d.672630D7AEB5545571FDF2E6FAACCFED.e.288"},"getTitle",[]]}
COMMAND: POST /session/a1d0a80e45f577755a28f8f4b94429e1/execute/async - {"script":"<script> [1562 bytes]","args":[{"selector":{"id":"shellAppTitle"},"wdio_ui5_key":"shellAppTitle"}]}
RESULT: {"script":"<script> [1562 bytes]","args":[{"selector":{"id":"shellAppTitle"},"wdio_ui5_key":"shellAppTitle"}]}
COMMAND: POST /session/a1d0a80e45f577755a28f8f4b94429e1/execute/async - {"script":"<script> [6424 bytes]","args":[{"element-6066-11e4-a52e-4f735466cecf":"f.289E0583247FAD16150B3F0D0A01527A.d.672630D7AEB5545571FDF2E6FAACCFED.e.1269"},"getTitle",[]]}
RESULT: {"script":"<script> [6424 bytes]","args":[{"element-6066-11e4-a52e-4f735466cecf":"f.289E0583247FAD16150B3F0D0A01527A.d.672630D7AEB5545571FDF2E6FAACCFED.e.1269"},"getTitle",[]]}
RESULT: undefined
COMMAND: POST /session/a1d0a80e45f577755a28f8f4b94429e1/element/f.289E0583247FAD16150B3F0D0A01527A.d.672630D7AEB5545571FDF2E6FAACCFED.e.1086/click - {}
RESULT: {}
COMMAND: GET /session/a1d0a80e45f577755a28f8f4b94429e1/screenshot - {}
RESULT: {}
]]></system-out>
    </testcase>
    <testcase classname="chrome.136_0_7103_93.windows.Sanity_Tests_US104253" name="Should open Manage Requests page" time="39.834">
      <system-out><![CDATA[
COMMAND: POST /session/a1d0a80e45f577755a28f8f4b94429e1/execute/async - {"script":"<script> [1562 bytes]","args":[{"selector":{"controlType":"sap.m.GenericTile","properties":{"header":"Manage Requests"}},"wdio_ui5_key":"sapm.GenericTile{\"header\":\"Manage Requests\"}"}]}
RESULT: {"script":"<script> [1562 bytes]","args":[{"selector":{"controlType":"sap.m.GenericTile","properties":{"header":"Manage Requests"}},"wdio_ui5_key":"sapm.GenericTile{\"header\":\"Manage Requests\"}"}]}
RESULT: undefined
COMMAND: POST /session/a1d0a80e45f577755a28f8f4b94429e1/element - {"using":"xpath","value":"//*[@id=\"__tile47\"]"}
RESULT: {"using":"xpath","value":"//*[@id=\"__tile47\"]"}
COMMAND: POST /session/a1d0a80e45f577755a28f8f4b94429e1/element/f.289E0583247FAD16150B3F0D0A01527A.d.672630D7AEB5545571FDF2E6FAACCFED.e.1271/click - {}
RESULT: {}
COMMAND: GET /session/a1d0a80e45f577755a28f8f4b94429e1/screenshot - {}
RESULT: {}
COMMAND: POST /session/a1d0a80e45f577755a28f8f4b94429e1/elements - {"using":"xpath","value":"//span[text()='Error']"}
RESULT: {"using":"xpath","value":"//span[text()='Error']"}
RESULT: undefined
COMMAND: POST /session/a1d0a80e45f577755a28f8f4b94429e1/element - {"using":"xpath","value":"//*[@id=\"__tile47\"]"}
RESULT: {"using":"xpath","value":"//*[@id=\"__tile47\"]"}
COMMAND: POST /session/a1d0a80e45f577755a28f8f4b94429e1/element/f.289E0583247FAD16150B3F0D0A01527A.d.672630D7AEB5545571FDF2E6FAACCFED.e.1271/click - {}
RESULT: undefined
COMMAND: POST /session/a1d0a80e45f577755a28f8f4b94429e1/element - {"using":"xpath","value":"//*[@id=\"__tile47\"]"}
RESULT: {"using":"xpath","value":"//*[@id=\"__tile47\"]"}
COMMAND: POST /session/a1d0a80e45f577755a28f8f4b94429e1/element/f.289E0583247FAD16150B3F0D0A01527A.d.672630D7AEB5545571FDF2E6FAACCFED.e.1271/click - {}
RESULT: undefined
COMMAND: POST /session/a1d0a80e45f577755a28f8f4b94429e1/execute/async - {"script":"<script> [6424 bytes]","args":[{"element-6066-11e4-a52e-4f735466cecf":"f.289E0583247FAD16150B3F0D0A01527A.d.672630D7AEB5545571FDF2E6FAACCFED.e.288"},"getTitle",[]]}
COMMAND: POST /session/a1d0a80e45f577755a28f8f4b94429e1/execute/async - {"script":"<script> [1562 bytes]","args":[{"selector":{"id":"shellAppTitle"},"wdio_ui5_key":"shellAppTitle"}]}
RESULT: {"script":"<script> [1562 bytes]","args":[{"selector":{"id":"shellAppTitle"},"wdio_ui5_key":"shellAppTitle"}]}
COMMAND: POST /session/a1d0a80e45f577755a28f8f4b94429e1/execute/async - {"script":"<script> [6424 bytes]","args":[{"element-6066-11e4-a52e-4f735466cecf":"f.289E0583247FAD16150B3F0D0A01527A.d.672630D7AEB5545571FDF2E6FAACCFED.e.1365"},"getTitle",[]]}
RESULT: {"script":"<script> [6424 bytes]","args":[{"element-6066-11e4-a52e-4f735466cecf":"f.289E0583247FAD16150B3F0D0A01527A.d.672630D7AEB5545571FDF2E6FAACCFED.e.1365"},"getTitle",[]]}
RESULT: undefined
COMMAND: POST /session/a1d0a80e45f577755a28f8f4b94429e1/element/f.289E0583247FAD16150B3F0D0A01527A.d.672630D7AEB5545571FDF2E6FAACCFED.e.1086/click - {}
COMMAND: POST /session/a1d0a80e45f577755a28f8f4b94429e1/element - {"using":"xpath","value":"//*[@id=\"backBtn\"]"}
RESULT: {"using":"xpath","value":"//*[@id=\"backBtn\"]"}
COMMAND: POST /session/a1d0a80e45f577755a28f8f4b94429e1/element/f.289E0583247FAD16150B3F0D0A01527A.d.672630D7AEB5545571FDF2E6FAACCFED.e.1086/click - {}
COMMAND: POST /session/a1d0a80e45f577755a28f8f4b94429e1/element - {"using":"xpath","value":"//*[@id=\"backBtn\"]"}
RESULT: {"using":"xpath","value":"//*[@id=\"backBtn\"]"}
COMMAND: POST /session/a1d0a80e45f577755a28f8f4b94429e1/element/f.289E0583247FAD16150B3F0D0A01527A.d.672630D7AEB5545571FDF2E6FAACCFED.e.1366/click - {}
RESULT: {}
COMMAND: GET /session/a1d0a80e45f577755a28f8f4b94429e1/screenshot - {}
RESULT: {}
]]></system-out>
    </testcase>
    <testcase classname="chrome.136_0_7103_93.windows.Sanity_Tests_US104253" name="Should open Manage Purchasing page" time="39.032">
      <system-out><![CDATA[
COMMAND: POST /session/a1d0a80e45f577755a28f8f4b94429e1/execute/async - {"script":"<script> [1562 bytes]","args":[{"selector":{"controlType":"sap.m.GenericTile","properties":{"header":"Manage Purchasing"}},"wdio_ui5_key":"sapm.GenericTile{\"header\":\"Manage Purchasing\"}"}]}
RESULT: {"script":"<script> [1562 bytes]","args":[{"selector":{"controlType":"sap.m.GenericTile","properties":{"header":"Manage Purchasing"}},"wdio_ui5_key":"sapm.GenericTile{\"header\":\"Manage Purchasing\"}"}]}
RESULT: undefined
COMMAND: POST /session/a1d0a80e45f577755a28f8f4b94429e1/element - {"using":"xpath","value":"//*[@id=\"__tile46\"]"}
RESULT: {"using":"xpath","value":"//*[@id=\"__tile46\"]"}
COMMAND: POST /session/a1d0a80e45f577755a28f8f4b94429e1/element/f.289E0583247FAD16150B3F0D0A01527A.d.672630D7AEB5545571FDF2E6FAACCFED.e.1369/click - {}
RESULT: {}
COMMAND: GET /session/a1d0a80e45f577755a28f8f4b94429e1/screenshot - {}
RESULT: {}
COMMAND: POST /session/a1d0a80e45f577755a28f8f4b94429e1/elements - {"using":"xpath","value":"//span[text()='Error']"}
RESULT: {"using":"xpath","value":"//span[text()='Error']"}
RESULT: undefined
COMMAND: POST /session/a1d0a80e45f577755a28f8f4b94429e1/element - {"using":"xpath","value":"//*[@id=\"__tile46\"]"}
RESULT: {"using":"xpath","value":"//*[@id=\"__tile46\"]"}
COMMAND: POST /session/a1d0a80e45f577755a28f8f4b94429e1/element/f.289E0583247FAD16150B3F0D0A01527A.d.672630D7AEB5545571FDF2E6FAACCFED.e.1369/click - {}
RESULT: undefined
COMMAND: POST /session/a1d0a80e45f577755a28f8f4b94429e1/element - {"using":"xpath","value":"//*[@id=\"__tile46\"]"}
RESULT: {"using":"xpath","value":"//*[@id=\"__tile46\"]"}
COMMAND: POST /session/a1d0a80e45f577755a28f8f4b94429e1/element/f.289E0583247FAD16150B3F0D0A01527A.d.672630D7AEB5545571FDF2E6FAACCFED.e.1369/click - {}
RESULT: undefined
COMMAND: POST /session/a1d0a80e45f577755a28f8f4b94429e1/execute/async - {"script":"<script> [6424 bytes]","args":[{"element-6066-11e4-a52e-4f735466cecf":"f.289E0583247FAD16150B3F0D0A01527A.d.672630D7AEB5545571FDF2E6FAACCFED.e.288"},"getTitle",[]]}
COMMAND: POST /session/a1d0a80e45f577755a28f8f4b94429e1/execute/async - {"script":"<script> [1562 bytes]","args":[{"selector":{"id":"shellAppTitle"},"wdio_ui5_key":"shellAppTitle"}]}
RESULT: {"script":"<script> [1562 bytes]","args":[{"selector":{"id":"shellAppTitle"},"wdio_ui5_key":"shellAppTitle"}]}
COMMAND: POST /session/a1d0a80e45f577755a28f8f4b94429e1/execute/async - {"script":"<script> [6424 bytes]","args":[{"element-6066-11e4-a52e-4f735466cecf":"f.289E0583247FAD16150B3F0D0A01527A.d.672630D7AEB5545571FDF2E6FAACCFED.e.1448"},"getTitle",[]]}
RESULT: {"script":"<script> [6424 bytes]","args":[{"element-6066-11e4-a52e-4f735466cecf":"f.289E0583247FAD16150B3F0D0A01527A.d.672630D7AEB5545571FDF2E6FAACCFED.e.1448"},"getTitle",[]]}
RESULT: undefined
COMMAND: POST /session/a1d0a80e45f577755a28f8f4b94429e1/element/f.289E0583247FAD16150B3F0D0A01527A.d.672630D7AEB5545571FDF2E6FAACCFED.e.1366/click - {}
RESULT: {}
COMMAND: GET /session/a1d0a80e45f577755a28f8f4b94429e1/screenshot - {}
RESULT: {}
]]></system-out>
    </testcase>
    <testcase classname="chrome.136_0_7103_93.windows.Sanity_Tests_US104253" name="Should open Planning Board page" time="36.692">
      <system-out><![CDATA[
COMMAND: POST /session/a1d0a80e45f577755a28f8f4b94429e1/execute/async - {"script":"<script> [1562 bytes]","args":[{"selector":{"controlType":"sap.m.GenericTile","properties":{"header":"Planning Board"}},"wdio_ui5_key":"sapm.GenericTile{\"header\":\"Planning Board\"}"}]}
RESULT: {"script":"<script> [1562 bytes]","args":[{"selector":{"controlType":"sap.m.GenericTile","properties":{"header":"Planning Board"}},"wdio_ui5_key":"sapm.GenericTile{\"header\":\"Planning Board\"}"}]}
RESULT: undefined
COMMAND: POST /session/a1d0a80e45f577755a28f8f4b94429e1/element - {"using":"xpath","value":"//*[@id=\"__tile131\"]"}
RESULT: {"using":"xpath","value":"//*[@id=\"__tile131\"]"}
COMMAND: POST /session/a1d0a80e45f577755a28f8f4b94429e1/element/f.289E0583247FAD16150B3F0D0A01527A.d.672630D7AEB5545571FDF2E6FAACCFED.e.1450/click - {}
RESULT: {}
COMMAND: GET /session/a1d0a80e45f577755a28f8f4b94429e1/screenshot - {}
RESULT: {}
COMMAND: POST /session/a1d0a80e45f577755a28f8f4b94429e1/elements - {"using":"xpath","value":"//span[text()='Error']"}
RESULT: {"using":"xpath","value":"//span[text()='Error']"}
RESULT: undefined
COMMAND: POST /session/a1d0a80e45f577755a28f8f4b94429e1/element - {"using":"xpath","value":"//*[@id=\"__tile131\"]"}
RESULT: {"using":"xpath","value":"//*[@id=\"__tile131\"]"}
COMMAND: POST /session/a1d0a80e45f577755a28f8f4b94429e1/element/f.289E0583247FAD16150B3F0D0A01527A.d.672630D7AEB5545571FDF2E6FAACCFED.e.1450/click - {}
RESULT: undefined
COMMAND: POST /session/a1d0a80e45f577755a28f8f4b94429e1/element - {"using":"xpath","value":"//*[@id=\"__tile131\"]"}
RESULT: {"using":"xpath","value":"//*[@id=\"__tile131\"]"}
COMMAND: POST /session/a1d0a80e45f577755a28f8f4b94429e1/element/f.289E0583247FAD16150B3F0D0A01527A.d.672630D7AEB5545571FDF2E6FAACCFED.e.1450/click - {}
RESULT: undefined
COMMAND: POST /session/a1d0a80e45f577755a28f8f4b94429e1/execute/async - {"script":"<script> [6424 bytes]","args":[{"element-6066-11e4-a52e-4f735466cecf":"f.289E0583247FAD16150B3F0D0A01527A.d.672630D7AEB5545571FDF2E6FAACCFED.e.288"},"getTitle",[]]}
COMMAND: POST /session/a1d0a80e45f577755a28f8f4b94429e1/execute/async - {"script":"<script> [1562 bytes]","args":[{"selector":{"id":"shellAppTitle"},"wdio_ui5_key":"shellAppTitle"}]}
RESULT: {"script":"<script> [1562 bytes]","args":[{"selector":{"id":"shellAppTitle"},"wdio_ui5_key":"shellAppTitle"}]}
COMMAND: POST /session/a1d0a80e45f577755a28f8f4b94429e1/execute/async - {"script":"<script> [6424 bytes]","args":[{"element-6066-11e4-a52e-4f735466cecf":"f.289E0583247FAD16150B3F0D0A01527A.d.672630D7AEB5545571FDF2E6FAACCFED.e.1500"},"getTitle",[]]}
RESULT: {"script":"<script> [6424 bytes]","args":[{"element-6066-11e4-a52e-4f735466cecf":"f.289E0583247FAD16150B3F0D0A01527A.d.672630D7AEB5545571FDF2E6FAACCFED.e.1500"},"getTitle",[]]}
RESULT: undefined
COMMAND: POST /session/a1d0a80e45f577755a28f8f4b94429e1/element/f.289E0583247FAD16150B3F0D0A01527A.d.672630D7AEB5545571FDF2E6FAACCFED.e.1366/click - {}
COMMAND: POST /session/a1d0a80e45f577755a28f8f4b94429e1/element/f.289E0583247FAD16150B3F0D0A01527A.d.672630D7AEB5545571FDF2E6FAACCFED.e.1366/click - {}
COMMAND: POST /session/a1d0a80e45f577755a28f8f4b94429e1/element - {"using":"xpath","value":"//*[@id=\"backBtn\"]"}
COMMAND: POST /session/a1d0a80e45f577755a28f8f4b94429e1/element - {"using":"xpath","value":"//*[@id=\"backBtn\"]"}
RESULT: {"using":"xpath","value":"//*[@id=\"backBtn\"]"}
COMMAND: POST /session/a1d0a80e45f577755a28f8f4b94429e1/element/f.289E0583247FAD16150B3F0D0A01527A.d.672630D7AEB5545571FDF2E6FAACCFED.e.1366/click - {}
RESULT: {"using":"xpath","value":"//*[@id=\"backBtn\"]"}
COMMAND: POST /session/a1d0a80e45f577755a28f8f4b94429e1/element/f.289E0583247FAD16150B3F0D0A01527A.d.672630D7AEB5545571FDF2E6FAACCFED.e.1366/click - {}
COMMAND: POST /session/a1d0a80e45f577755a28f8f4b94429e1/element - {"using":"xpath","value":"//*[@id=\"backBtn\"]"}
COMMAND: POST /session/a1d0a80e45f577755a28f8f4b94429e1/element - {"using":"xpath","value":"//*[@id=\"backBtn\"]"}
RESULT: {"using":"xpath","value":"//*[@id=\"backBtn\"]"}
COMMAND: POST /session/a1d0a80e45f577755a28f8f4b94429e1/element/f.289E0583247FAD16150B3F0D0A01527A.d.672630D7AEB5545571FDF2E6FAACCFED.e.1501/click - {}
RESULT: {"using":"xpath","value":"//*[@id=\"backBtn\"]"}
COMMAND: POST /session/a1d0a80e45f577755a28f8f4b94429e1/element/f.289E0583247FAD16150B3F0D0A01527A.d.672630D7AEB5545571FDF2E6FAACCFED.e.1501/click - {}
RESULT: {}
COMMAND: GET /session/a1d0a80e45f577755a28f8f4b94429e1/screenshot - {}
RESULT: {}
COMMAND: GET /session/a1d0a80e45f577755a28f8f4b94429e1/screenshot - {}
RESULT: {}
RESULT: {}
]]></system-out>
    </testcase>
    <testcase classname="chrome.136_0_7103_93.windows.Sanity_Tests_US104253" name="Should open Manage Contracts page" time="36.401">
      <system-out><![CDATA[
COMMAND: POST /session/a1d0a80e45f577755a28f8f4b94429e1/execute/async - {"script":"<script> [1562 bytes]","args":[{"selector":{"controlType":"sap.m.GenericTile","properties":{"header":"Manage Contracts"}},"wdio_ui5_key":"sapm.GenericTile{\"header\":\"Manage Contracts\"}"}]}
RESULT: {"script":"<script> [1562 bytes]","args":[{"selector":{"controlType":"sap.m.GenericTile","properties":{"header":"Manage Contracts"}},"wdio_ui5_key":"sapm.GenericTile{\"header\":\"Manage Contracts\"}"}]}
RESULT: undefined
COMMAND: POST /session/a1d0a80e45f577755a28f8f4b94429e1/element - {"using":"xpath","value":"//*[@id=\"__tile132\"]"}
RESULT: {"using":"xpath","value":"//*[@id=\"__tile132\"]"}
COMMAND: POST /session/a1d0a80e45f577755a28f8f4b94429e1/element/f.289E0583247FAD16150B3F0D0A01527A.d.672630D7AEB5545571FDF2E6FAACCFED.e.1503/click - {}
RESULT: {}
COMMAND: GET /session/a1d0a80e45f577755a28f8f4b94429e1/screenshot - {}
RESULT: {}
COMMAND: POST /session/a1d0a80e45f577755a28f8f4b94429e1/elements - {"using":"xpath","value":"//span[text()='Error']"}
RESULT: {"using":"xpath","value":"//span[text()='Error']"}
RESULT: undefined
COMMAND: POST /session/a1d0a80e45f577755a28f8f4b94429e1/element - {"using":"xpath","value":"//*[@id=\"__tile132\"]"}
RESULT: {"using":"xpath","value":"//*[@id=\"__tile132\"]"}
COMMAND: POST /session/a1d0a80e45f577755a28f8f4b94429e1/element/f.289E0583247FAD16150B3F0D0A01527A.d.672630D7AEB5545571FDF2E6FAACCFED.e.1503/click - {}
RESULT: undefined
COMMAND: POST /session/a1d0a80e45f577755a28f8f4b94429e1/element - {"using":"xpath","value":"//*[@id=\"__tile132\"]"}
RESULT: {"using":"xpath","value":"//*[@id=\"__tile132\"]"}
COMMAND: POST /session/a1d0a80e45f577755a28f8f4b94429e1/element/f.289E0583247FAD16150B3F0D0A01527A.d.672630D7AEB5545571FDF2E6FAACCFED.e.1503/click - {}
RESULT: undefined
COMMAND: POST /session/a1d0a80e45f577755a28f8f4b94429e1/execute/async - {"script":"<script> [6424 bytes]","args":[{"element-6066-11e4-a52e-4f735466cecf":"f.289E0583247FAD16150B3F0D0A01527A.d.672630D7AEB5545571FDF2E6FAACCFED.e.288"},"getTitle",[]]}
COMMAND: POST /session/a1d0a80e45f577755a28f8f4b94429e1/execute/async - {"script":"<script> [1562 bytes]","args":[{"selector":{"id":"shellAppTitle"},"wdio_ui5_key":"shellAppTitle"}]}
RESULT: {"script":"<script> [1562 bytes]","args":[{"selector":{"id":"shellAppTitle"},"wdio_ui5_key":"shellAppTitle"}]}
COMMAND: POST /session/a1d0a80e45f577755a28f8f4b94429e1/execute/async - {"script":"<script> [6424 bytes]","args":[{"element-6066-11e4-a52e-4f735466cecf":"f.289E0583247FAD16150B3F0D0A01527A.d.672630D7AEB5545571FDF2E6FAACCFED.e.1565"},"getTitle",[]]}
RESULT: {"script":"<script> [6424 bytes]","args":[{"element-6066-11e4-a52e-4f735466cecf":"f.289E0583247FAD16150B3F0D0A01527A.d.672630D7AEB5545571FDF2E6FAACCFED.e.1565"},"getTitle",[]]}
RESULT: undefined
COMMAND: POST /session/a1d0a80e45f577755a28f8f4b94429e1/element/f.289E0583247FAD16150B3F0D0A01527A.d.672630D7AEB5545571FDF2E6FAACCFED.e.1501/click - {}
RESULT: {}
COMMAND: GET /session/a1d0a80e45f577755a28f8f4b94429e1/screenshot - {}
RESULT: {}
]]></system-out>
    </testcase>
    <testcase classname="chrome.136_0_7103_93.windows.Sanity_Tests_US104253" name="Should open Manage Quotations page" time="36.35">
      <system-out><![CDATA[
COMMAND: POST /session/a1d0a80e45f577755a28f8f4b94429e1/execute/async - {"script":"<script> [1562 bytes]","args":[{"selector":{"controlType":"sap.m.GenericTile","properties":{"header":"Manage Quotations"}},"wdio_ui5_key":"sapm.GenericTile{\"header\":\"Manage Quotations\"}"}]}
RESULT: {"script":"<script> [1562 bytes]","args":[{"selector":{"controlType":"sap.m.GenericTile","properties":{"header":"Manage Quotations"}},"wdio_ui5_key":"sapm.GenericTile{\"header\":\"Manage Quotations\"}"}]}
RESULT: undefined
COMMAND: POST /session/a1d0a80e45f577755a28f8f4b94429e1/element - {"using":"xpath","value":"//*[@id=\"__tile130\"]"}
RESULT: {"using":"xpath","value":"//*[@id=\"__tile130\"]"}
COMMAND: POST /session/a1d0a80e45f577755a28f8f4b94429e1/element/f.289E0583247FAD16150B3F0D0A01527A.d.672630D7AEB5545571FDF2E6FAACCFED.e.1567/click - {}
RESULT: {}
COMMAND: GET /session/a1d0a80e45f577755a28f8f4b94429e1/screenshot - {}
RESULT: {}
COMMAND: POST /session/a1d0a80e45f577755a28f8f4b94429e1/elements - {"using":"xpath","value":"//span[text()='Error']"}
RESULT: {"using":"xpath","value":"//span[text()='Error']"}
RESULT: undefined
COMMAND: POST /session/a1d0a80e45f577755a28f8f4b94429e1/element - {"using":"xpath","value":"//*[@id=\"__tile130\"]"}
RESULT: {"using":"xpath","value":"//*[@id=\"__tile130\"]"}
COMMAND: POST /session/a1d0a80e45f577755a28f8f4b94429e1/element/f.289E0583247FAD16150B3F0D0A01527A.d.672630D7AEB5545571FDF2E6FAACCFED.e.1567/click - {}
RESULT: undefined
COMMAND: POST /session/a1d0a80e45f577755a28f8f4b94429e1/element - {"using":"xpath","value":"//*[@id=\"__tile130\"]"}
RESULT: {"using":"xpath","value":"//*[@id=\"__tile130\"]"}
COMMAND: POST /session/a1d0a80e45f577755a28f8f4b94429e1/element/f.289E0583247FAD16150B3F0D0A01527A.d.672630D7AEB5545571FDF2E6FAACCFED.e.1567/click - {}
RESULT: undefined
COMMAND: POST /session/a1d0a80e45f577755a28f8f4b94429e1/execute/async - {"script":"<script> [6424 bytes]","args":[{"element-6066-11e4-a52e-4f735466cecf":"f.289E0583247FAD16150B3F0D0A01527A.d.672630D7AEB5545571FDF2E6FAACCFED.e.288"},"getTitle",[]]}
COMMAND: POST /session/a1d0a80e45f577755a28f8f4b94429e1/execute/async - {"script":"<script> [1562 bytes]","args":[{"selector":{"id":"shellAppTitle"},"wdio_ui5_key":"shellAppTitle"}]}
RESULT: {"script":"<script> [1562 bytes]","args":[{"selector":{"id":"shellAppTitle"},"wdio_ui5_key":"shellAppTitle"}]}
COMMAND: POST /session/a1d0a80e45f577755a28f8f4b94429e1/execute/async - {"script":"<script> [6424 bytes]","args":[{"element-6066-11e4-a52e-4f735466cecf":"f.289E0583247FAD16150B3F0D0A01527A.d.672630D7AEB5545571FDF2E6FAACCFED.e.1640"},"getTitle",[]]}
RESULT: {"script":"<script> [6424 bytes]","args":[{"element-6066-11e4-a52e-4f735466cecf":"f.289E0583247FAD16150B3F0D0A01527A.d.672630D7AEB5545571FDF2E6FAACCFED.e.1640"},"getTitle",[]]}
RESULT: undefined
COMMAND: POST /session/a1d0a80e45f577755a28f8f4b94429e1/element/f.289E0583247FAD16150B3F0D0A01527A.d.672630D7AEB5545571FDF2E6FAACCFED.e.1501/click - {}
COMMAND: POST /session/a1d0a80e45f577755a28f8f4b94429e1/element - {"using":"xpath","value":"//*[@id=\"backBtn\"]"}
RESULT: {"using":"xpath","value":"//*[@id=\"backBtn\"]"}
COMMAND: POST /session/a1d0a80e45f577755a28f8f4b94429e1/element/f.289E0583247FAD16150B3F0D0A01527A.d.672630D7AEB5545571FDF2E6FAACCFED.e.1501/click - {}
COMMAND: POST /session/a1d0a80e45f577755a28f8f4b94429e1/element - {"using":"xpath","value":"//*[@id=\"backBtn\"]"}
RESULT: {"using":"xpath","value":"//*[@id=\"backBtn\"]"}
COMMAND: POST /session/a1d0a80e45f577755a28f8f4b94429e1/element/f.289E0583247FAD16150B3F0D0A01527A.d.672630D7AEB5545571FDF2E6FAACCFED.e.1641/click - {}
RESULT: {}
COMMAND: GET /session/a1d0a80e45f577755a28f8f4b94429e1/screenshot - {}
RESULT: {}
]]></system-out>
    </testcase>
    <testcase classname="chrome.136_0_7103_93.windows.Sanity_Tests_US104253" name="Should open Manage Handovers page" time="41.763">
      <system-out><![CDATA[
COMMAND: POST /session/a1d0a80e45f577755a28f8f4b94429e1/execute/async - {"script":"<script> [1562 bytes]","args":[{"selector":{"controlType":"sap.m.GenericTile","properties":{"header":"Manage Handovers"}},"wdio_ui5_key":"sapm.GenericTile{\"header\":\"Manage Handovers\"}"}]}
RESULT: {"script":"<script> [1562 bytes]","args":[{"selector":{"controlType":"sap.m.GenericTile","properties":{"header":"Manage Handovers"}},"wdio_ui5_key":"sapm.GenericTile{\"header\":\"Manage Handovers\"}"}]}
RESULT: undefined
COMMAND: POST /session/a1d0a80e45f577755a28f8f4b94429e1/element - {"using":"xpath","value":"//*[@id=\"__tile133\"]"}
RESULT: {"using":"xpath","value":"//*[@id=\"__tile133\"]"}
COMMAND: POST /session/a1d0a80e45f577755a28f8f4b94429e1/element/f.289E0583247FAD16150B3F0D0A01527A.d.672630D7AEB5545571FDF2E6FAACCFED.e.1643/click - {}
RESULT: {}
COMMAND: GET /session/a1d0a80e45f577755a28f8f4b94429e1/screenshot - {}
RESULT: {}
COMMAND: POST /session/a1d0a80e45f577755a28f8f4b94429e1/elements - {"using":"xpath","value":"//span[text()='Error']"}
RESULT: {"using":"xpath","value":"//span[text()='Error']"}
RESULT: undefined
COMMAND: POST /session/a1d0a80e45f577755a28f8f4b94429e1/element - {"using":"xpath","value":"//*[@id=\"__tile133\"]"}
RESULT: {"using":"xpath","value":"//*[@id=\"__tile133\"]"}
COMMAND: POST /session/a1d0a80e45f577755a28f8f4b94429e1/element/f.289E0583247FAD16150B3F0D0A01527A.d.672630D7AEB5545571FDF2E6FAACCFED.e.1643/click - {}
RESULT: undefined
COMMAND: POST /session/a1d0a80e45f577755a28f8f4b94429e1/element - {"using":"xpath","value":"//*[@id=\"__tile133\"]"}
RESULT: {"using":"xpath","value":"//*[@id=\"__tile133\"]"}
COMMAND: POST /session/a1d0a80e45f577755a28f8f4b94429e1/element/f.289E0583247FAD16150B3F0D0A01527A.d.672630D7AEB5545571FDF2E6FAACCFED.e.1643/click - {}
RESULT: undefined
COMMAND: POST /session/a1d0a80e45f577755a28f8f4b94429e1/execute/async - {"script":"<script> [6424 bytes]","args":[{"element-6066-11e4-a52e-4f735466cecf":"f.289E0583247FAD16150B3F0D0A01527A.d.672630D7AEB5545571FDF2E6FAACCFED.e.288"},"getTitle",[]]}
COMMAND: POST /session/a1d0a80e45f577755a28f8f4b94429e1/execute/async - {"script":"<script> [1562 bytes]","args":[{"selector":{"id":"shellAppTitle"},"wdio_ui5_key":"shellAppTitle"}]}
RESULT: {"script":"<script> [1562 bytes]","args":[{"selector":{"id":"shellAppTitle"},"wdio_ui5_key":"shellAppTitle"}]}
COMMAND: POST /session/a1d0a80e45f577755a28f8f4b94429e1/execute/async - {"script":"<script> [6424 bytes]","args":[{"element-6066-11e4-a52e-4f735466cecf":"f.289E0583247FAD16150B3F0D0A01527A.d.672630D7AEB5545571FDF2E6FAACCFED.e.1848"},"getTitle",[]]}
RESULT: {"script":"<script> [6424 bytes]","args":[{"element-6066-11e4-a52e-4f735466cecf":"f.289E0583247FAD16150B3F0D0A01527A.d.672630D7AEB5545571FDF2E6FAACCFED.e.1848"},"getTitle",[]]}
RESULT: undefined
COMMAND: POST /session/a1d0a80e45f577755a28f8f4b94429e1/element/f.289E0583247FAD16150B3F0D0A01527A.d.672630D7AEB5545571FDF2E6FAACCFED.e.1641/click - {}
RESULT: {}
COMMAND: GET /session/a1d0a80e45f577755a28f8f4b94429e1/screenshot - {}
RESULT: {}
]]></system-out>
    </testcase>
    <testcase classname="chrome.136_0_7103_93.windows.Sanity_Tests_US104253" name="Should open Delivery Monitor page" time="37.384">
      <system-out><![CDATA[
COMMAND: POST /session/a1d0a80e45f577755a28f8f4b94429e1/execute/async - {"script":"<script> [1562 bytes]","args":[{"selector":{"controlType":"sap.m.GenericTile","properties":{"header":"Delivery Monitor"}},"wdio_ui5_key":"sapm.GenericTile{\"header\":\"Delivery Monitor\"}"}]}
RESULT: {"script":"<script> [1562 bytes]","args":[{"selector":{"controlType":"sap.m.GenericTile","properties":{"header":"Delivery Monitor"}},"wdio_ui5_key":"sapm.GenericTile{\"header\":\"Delivery Monitor\"}"}]}
RESULT: undefined
COMMAND: POST /session/a1d0a80e45f577755a28f8f4b94429e1/element - {"using":"xpath","value":"//*[@id=\"__tile43\"]"}
RESULT: {"using":"xpath","value":"//*[@id=\"__tile43\"]"}
COMMAND: POST /session/a1d0a80e45f577755a28f8f4b94429e1/element/f.289E0583247FAD16150B3F0D0A01527A.d.672630D7AEB5545571FDF2E6FAACCFED.e.1850/click - {}
RESULT: {}
COMMAND: GET /session/a1d0a80e45f577755a28f8f4b94429e1/screenshot - {}
RESULT: {}
COMMAND: POST /session/a1d0a80e45f577755a28f8f4b94429e1/elements - {"using":"xpath","value":"//span[text()='Error']"}
RESULT: {"using":"xpath","value":"//span[text()='Error']"}
RESULT: undefined
COMMAND: POST /session/a1d0a80e45f577755a28f8f4b94429e1/element - {"using":"xpath","value":"//*[@id=\"__tile43\"]"}
RESULT: {"using":"xpath","value":"//*[@id=\"__tile43\"]"}
COMMAND: POST /session/a1d0a80e45f577755a28f8f4b94429e1/element/f.289E0583247FAD16150B3F0D0A01527A.d.672630D7AEB5545571FDF2E6FAACCFED.e.1850/click - {}
RESULT: undefined
COMMAND: POST /session/a1d0a80e45f577755a28f8f4b94429e1/element - {"using":"xpath","value":"//*[@id=\"__tile43\"]"}
RESULT: {"using":"xpath","value":"//*[@id=\"__tile43\"]"}
COMMAND: POST /session/a1d0a80e45f577755a28f8f4b94429e1/element/f.289E0583247FAD16150B3F0D0A01527A.d.672630D7AEB5545571FDF2E6FAACCFED.e.1850/click - {}
RESULT: undefined
COMMAND: POST /session/a1d0a80e45f577755a28f8f4b94429e1/execute/async - {"script":"<script> [6424 bytes]","args":[{"element-6066-11e4-a52e-4f735466cecf":"f.289E0583247FAD16150B3F0D0A01527A.d.672630D7AEB5545571FDF2E6FAACCFED.e.288"},"getTitle",[]]}
COMMAND: POST /session/a1d0a80e45f577755a28f8f4b94429e1/execute/async - {"script":"<script> [1562 bytes]","args":[{"selector":{"id":"shellAppTitle"},"wdio_ui5_key":"shellAppTitle"}]}
RESULT: {"script":"<script> [1562 bytes]","args":[{"selector":{"id":"shellAppTitle"},"wdio_ui5_key":"shellAppTitle"}]}
COMMAND: POST /session/a1d0a80e45f577755a28f8f4b94429e1/execute/async - {"script":"<script> [6424 bytes]","args":[{"element-6066-11e4-a52e-4f735466cecf":"f.289E0583247FAD16150B3F0D0A01527A.d.672630D7AEB5545571FDF2E6FAACCFED.e.1943"},"getTitle",[]]}
RESULT: {"script":"<script> [6424 bytes]","args":[{"element-6066-11e4-a52e-4f735466cecf":"f.289E0583247FAD16150B3F0D0A01527A.d.672630D7AEB5545571FDF2E6FAACCFED.e.1943"},"getTitle",[]]}
RESULT: undefined
COMMAND: POST /session/a1d0a80e45f577755a28f8f4b94429e1/element/f.289E0583247FAD16150B3F0D0A01527A.d.672630D7AEB5545571FDF2E6FAACCFED.e.1641/click - {}
COMMAND: POST /session/a1d0a80e45f577755a28f8f4b94429e1/element - {"using":"xpath","value":"//*[@id=\"backBtn\"]"}
RESULT: {"using":"xpath","value":"//*[@id=\"backBtn\"]"}
COMMAND: POST /session/a1d0a80e45f577755a28f8f4b94429e1/element/f.289E0583247FAD16150B3F0D0A01527A.d.672630D7AEB5545571FDF2E6FAACCFED.e.1641/click - {}
COMMAND: POST /session/a1d0a80e45f577755a28f8f4b94429e1/element - {"using":"xpath","value":"//*[@id=\"backBtn\"]"}
RESULT: {"using":"xpath","value":"//*[@id=\"backBtn\"]"}
COMMAND: POST /session/a1d0a80e45f577755a28f8f4b94429e1/element/f.289E0583247FAD16150B3F0D0A01527A.d.672630D7AEB5545571FDF2E6FAACCFED.e.1944/click - {}
RESULT: {}
COMMAND: GET /session/a1d0a80e45f577755a28f8f4b94429e1/screenshot - {}
RESULT: {}
]]></system-out>
    </testcase>
    <testcase classname="chrome.136_0_7103_93.windows.Sanity_Tests_US104253" name="Should open Manage Calendar Exceptions page" time="36.077">
      <system-out><![CDATA[
COMMAND: POST /session/a1d0a80e45f577755a28f8f4b94429e1/execute/async - {"script":"<script> [1562 bytes]","args":[{"selector":{"controlType":"sap.m.GenericTile","properties":{"header":"Manage Calendar Exceptions"}},"wdio_ui5_key":"sapm.GenericTile{\"header\":\"Manage Calendar Exceptions\"}"}]}
RESULT: {"script":"<script> [1562 bytes]","args":[{"selector":{"controlType":"sap.m.GenericTile","properties":{"header":"Manage Calendar Exceptions"}},"wdio_ui5_key":"sapm.GenericTile{\"header\":\"Manage Calendar Exceptions\"}"}]}
RESULT: undefined
COMMAND: POST /session/a1d0a80e45f577755a28f8f4b94429e1/element - {"using":"xpath","value":"//*[@id=\"__tile52\"]"}
RESULT: {"using":"xpath","value":"//*[@id=\"__tile52\"]"}
COMMAND: POST /session/a1d0a80e45f577755a28f8f4b94429e1/element/f.289E0583247FAD16150B3F0D0A01527A.d.672630D7AEB5545571FDF2E6FAACCFED.e.1946/click - {}
RESULT: {}
COMMAND: GET /session/a1d0a80e45f577755a28f8f4b94429e1/screenshot - {}
RESULT: {}
COMMAND: POST /session/a1d0a80e45f577755a28f8f4b94429e1/elements - {"using":"xpath","value":"//span[text()='Error']"}
RESULT: {"using":"xpath","value":"//span[text()='Error']"}
RESULT: undefined
COMMAND: POST /session/a1d0a80e45f577755a28f8f4b94429e1/element - {"using":"xpath","value":"//*[@id=\"__tile52\"]"}
RESULT: {"using":"xpath","value":"//*[@id=\"__tile52\"]"}
COMMAND: POST /session/a1d0a80e45f577755a28f8f4b94429e1/element/f.289E0583247FAD16150B3F0D0A01527A.d.672630D7AEB5545571FDF2E6FAACCFED.e.1946/click - {}
RESULT: undefined
COMMAND: POST /session/a1d0a80e45f577755a28f8f4b94429e1/element - {"using":"xpath","value":"//*[@id=\"__tile52\"]"}
RESULT: {"using":"xpath","value":"//*[@id=\"__tile52\"]"}
COMMAND: POST /session/a1d0a80e45f577755a28f8f4b94429e1/element/f.289E0583247FAD16150B3F0D0A01527A.d.672630D7AEB5545571FDF2E6FAACCFED.e.1946/click - {}
RESULT: undefined
COMMAND: POST /session/a1d0a80e45f577755a28f8f4b94429e1/execute/async - {"script":"<script> [6424 bytes]","args":[{"element-6066-11e4-a52e-4f735466cecf":"f.289E0583247FAD16150B3F0D0A01527A.d.672630D7AEB5545571FDF2E6FAACCFED.e.288"},"getTitle",[]]}
COMMAND: POST /session/a1d0a80e45f577755a28f8f4b94429e1/execute/async - {"script":"<script> [1562 bytes]","args":[{"selector":{"id":"shellAppTitle"},"wdio_ui5_key":"shellAppTitle"}]}
RESULT: {"script":"<script> [1562 bytes]","args":[{"selector":{"id":"shellAppTitle"},"wdio_ui5_key":"shellAppTitle"}]}
COMMAND: POST /session/a1d0a80e45f577755a28f8f4b94429e1/execute/async - {"script":"<script> [6424 bytes]","args":[{"element-6066-11e4-a52e-4f735466cecf":"f.289E0583247FAD16150B3F0D0A01527A.d.672630D7AEB5545571FDF2E6FAACCFED.e.2000"},"getTitle",[]]}
RESULT: {"script":"<script> [6424 bytes]","args":[{"element-6066-11e4-a52e-4f735466cecf":"f.289E0583247FAD16150B3F0D0A01527A.d.672630D7AEB5545571FDF2E6FAACCFED.e.2000"},"getTitle",[]]}
RESULT: undefined
COMMAND: POST /session/a1d0a80e45f577755a28f8f4b94429e1/element/f.289E0583247FAD16150B3F0D0A01527A.d.672630D7AEB5545571FDF2E6FAACCFED.e.1944/click - {}
RESULT: {}
COMMAND: GET /session/a1d0a80e45f577755a28f8f4b94429e1/screenshot - {}
RESULT: {}
]]></system-out>
    </testcase>
    <testcase classname="chrome.136_0_7103_93.windows.Sanity_Tests_US104253" name="Should open Manage States Performance page" time="40.573">
      <system-out><![CDATA[
COMMAND: POST /session/a1d0a80e45f577755a28f8f4b94429e1/execute/async - {"script":"<script> [1562 bytes]","args":[{"selector":{"controlType":"sap.m.GenericTile","properties":{"header":"Manage States & Performance"}},"wdio_ui5_key":"sapm.GenericTile{\"header\":\"Manage States & Performance\"}"}]}
RESULT: {"script":"<script> [1562 bytes]","args":[{"selector":{"controlType":"sap.m.GenericTile","properties":{"header":"Manage States & Performance"}},"wdio_ui5_key":"sapm.GenericTile{\"header\":\"Manage States & Performance\"}"}]}
RESULT: undefined
COMMAND: POST /session/a1d0a80e45f577755a28f8f4b94429e1/element - {"using":"xpath","value":"//*[@id=\"__tile56\"]"}
RESULT: {"using":"xpath","value":"//*[@id=\"__tile56\"]"}
COMMAND: POST /session/a1d0a80e45f577755a28f8f4b94429e1/element/f.289E0583247FAD16150B3F0D0A01527A.d.672630D7AEB5545571FDF2E6FAACCFED.e.2004/click - {}
RESULT: {}
COMMAND: GET /session/a1d0a80e45f577755a28f8f4b94429e1/screenshot - {}
RESULT: {}
COMMAND: POST /session/a1d0a80e45f577755a28f8f4b94429e1/elements - {"using":"xpath","value":"//span[text()='Error']"}
RESULT: {"using":"xpath","value":"//span[text()='Error']"}
RESULT: undefined
COMMAND: POST /session/a1d0a80e45f577755a28f8f4b94429e1/element - {"using":"xpath","value":"//*[@id=\"__tile56\"]"}
RESULT: {"using":"xpath","value":"//*[@id=\"__tile56\"]"}
COMMAND: POST /session/a1d0a80e45f577755a28f8f4b94429e1/element/f.289E0583247FAD16150B3F0D0A01527A.d.672630D7AEB5545571FDF2E6FAACCFED.e.2004/click - {}
RESULT: undefined
COMMAND: POST /session/a1d0a80e45f577755a28f8f4b94429e1/element - {"using":"xpath","value":"//*[@id=\"__tile56\"]"}
RESULT: {"using":"xpath","value":"//*[@id=\"__tile56\"]"}
COMMAND: POST /session/a1d0a80e45f577755a28f8f4b94429e1/element/f.289E0583247FAD16150B3F0D0A01527A.d.672630D7AEB5545571FDF2E6FAACCFED.e.2004/click - {}
RESULT: undefined
COMMAND: POST /session/a1d0a80e45f577755a28f8f4b94429e1/execute/async - {"script":"<script> [6424 bytes]","args":[{"element-6066-11e4-a52e-4f735466cecf":"f.289E0583247FAD16150B3F0D0A01527A.d.672630D7AEB5545571FDF2E6FAACCFED.e.288"},"getTitle",[]]}
COMMAND: POST /session/a1d0a80e45f577755a28f8f4b94429e1/execute/async - {"script":"<script> [1562 bytes]","args":[{"selector":{"id":"shellAppTitle"},"wdio_ui5_key":"shellAppTitle"}]}
RESULT: {"script":"<script> [1562 bytes]","args":[{"selector":{"id":"shellAppTitle"},"wdio_ui5_key":"shellAppTitle"}]}
COMMAND: POST /session/a1d0a80e45f577755a28f8f4b94429e1/execute/async - {"script":"<script> [6424 bytes]","args":[{"element-6066-11e4-a52e-4f735466cecf":"f.289E0583247FAD16150B3F0D0A01527A.d.672630D7AEB5545571FDF2E6FAACCFED.e.2096"},"getTitle",[]]}
RESULT: {"script":"<script> [6424 bytes]","args":[{"element-6066-11e4-a52e-4f735466cecf":"f.289E0583247FAD16150B3F0D0A01527A.d.672630D7AEB5545571FDF2E6FAACCFED.e.2096"},"getTitle",[]]}
RESULT: undefined
COMMAND: POST /session/a1d0a80e45f577755a28f8f4b94429e1/element/f.289E0583247FAD16150B3F0D0A01527A.d.672630D7AEB5545571FDF2E6FAACCFED.e.1944/click - {}
COMMAND: POST /session/a1d0a80e45f577755a28f8f4b94429e1/element - {"using":"xpath","value":"//*[@id=\"backBtn\"]"}
RESULT: {"using":"xpath","value":"//*[@id=\"backBtn\"]"}
COMMAND: POST /session/a1d0a80e45f577755a28f8f4b94429e1/element/f.289E0583247FAD16150B3F0D0A01527A.d.672630D7AEB5545571FDF2E6FAACCFED.e.1944/click - {}
COMMAND: POST /session/a1d0a80e45f577755a28f8f4b94429e1/element - {"using":"xpath","value":"//*[@id=\"backBtn\"]"}
RESULT: {"using":"xpath","value":"//*[@id=\"backBtn\"]"}
COMMAND: POST /session/a1d0a80e45f577755a28f8f4b94429e1/element/f.289E0583247FAD16150B3F0D0A01527A.d.672630D7AEB5545571FDF2E6FAACCFED.e.2097/click - {}
RESULT: {}
COMMAND: GET /session/a1d0a80e45f577755a28f8f4b94429e1/screenshot - {}
RESULT: {}
]]></system-out>
    </testcase>
    <testcase classname="chrome.136_0_7103_93.windows.Sanity_Tests_US104253" name="Should open Manage Billings page" time="39.907">
      <system-out><![CDATA[
COMMAND: POST /session/a1d0a80e45f577755a28f8f4b94429e1/execute/async - {"script":"<script> [1562 bytes]","args":[{"selector":{"controlType":"sap.m.GenericTile","properties":{"header":"Manage Billings"}},"wdio_ui5_key":"sapm.GenericTile{\"header\":\"Manage Billings\"}"}]}
RESULT: {"script":"<script> [1562 bytes]","args":[{"selector":{"controlType":"sap.m.GenericTile","properties":{"header":"Manage Billings"}},"wdio_ui5_key":"sapm.GenericTile{\"header\":\"Manage Billings\"}"}]}
RESULT: undefined
COMMAND: POST /session/a1d0a80e45f577755a28f8f4b94429e1/element - {"using":"xpath","value":"//*[@id=\"__tile51\"]"}
RESULT: {"using":"xpath","value":"//*[@id=\"__tile51\"]"}
COMMAND: POST /session/a1d0a80e45f577755a28f8f4b94429e1/element/f.289E0583247FAD16150B3F0D0A01527A.d.672630D7AEB5545571FDF2E6FAACCFED.e.2099/click - {}
RESULT: {}
COMMAND: GET /session/a1d0a80e45f577755a28f8f4b94429e1/screenshot - {}
RESULT: {}
COMMAND: POST /session/a1d0a80e45f577755a28f8f4b94429e1/elements - {"using":"xpath","value":"//span[text()='Error']"}
RESULT: {"using":"xpath","value":"//span[text()='Error']"}
RESULT: undefined
COMMAND: POST /session/a1d0a80e45f577755a28f8f4b94429e1/element - {"using":"xpath","value":"//*[@id=\"__tile51\"]"}
RESULT: {"using":"xpath","value":"//*[@id=\"__tile51\"]"}
COMMAND: POST /session/a1d0a80e45f577755a28f8f4b94429e1/element/f.289E0583247FAD16150B3F0D0A01527A.d.672630D7AEB5545571FDF2E6FAACCFED.e.2099/click - {}
RESULT: undefined
COMMAND: POST /session/a1d0a80e45f577755a28f8f4b94429e1/element - {"using":"xpath","value":"//*[@id=\"__tile51\"]"}
RESULT: {"using":"xpath","value":"//*[@id=\"__tile51\"]"}
COMMAND: POST /session/a1d0a80e45f577755a28f8f4b94429e1/element/f.289E0583247FAD16150B3F0D0A01527A.d.672630D7AEB5545571FDF2E6FAACCFED.e.2099/click - {}
RESULT: undefined
COMMAND: POST /session/a1d0a80e45f577755a28f8f4b94429e1/execute/async - {"script":"<script> [6424 bytes]","args":[{"element-6066-11e4-a52e-4f735466cecf":"f.289E0583247FAD16150B3F0D0A01527A.d.672630D7AEB5545571FDF2E6FAACCFED.e.288"},"getTitle",[]]}
COMMAND: POST /session/a1d0a80e45f577755a28f8f4b94429e1/execute/async - {"script":"<script> [1562 bytes]","args":[{"selector":{"id":"shellAppTitle"},"wdio_ui5_key":"shellAppTitle"}]}
RESULT: {"script":"<script> [1562 bytes]","args":[{"selector":{"id":"shellAppTitle"},"wdio_ui5_key":"shellAppTitle"}]}
COMMAND: POST /session/a1d0a80e45f577755a28f8f4b94429e1/execute/async - {"script":"<script> [6424 bytes]","args":[{"element-6066-11e4-a52e-4f735466cecf":"f.289E0583247FAD16150B3F0D0A01527A.d.672630D7AEB5545571FDF2E6FAACCFED.e.2312"},"getTitle",[]]}
RESULT: {"script":"<script> [6424 bytes]","args":[{"element-6066-11e4-a52e-4f735466cecf":"f.289E0583247FAD16150B3F0D0A01527A.d.672630D7AEB5545571FDF2E6FAACCFED.e.2312"},"getTitle",[]]}
RESULT: undefined
COMMAND: POST /session/a1d0a80e45f577755a28f8f4b94429e1/element/f.289E0583247FAD16150B3F0D0A01527A.d.672630D7AEB5545571FDF2E6FAACCFED.e.2097/click - {}
COMMAND: POST /session/a1d0a80e45f577755a28f8f4b94429e1/element/f.289E0583247FAD16150B3F0D0A01527A.d.672630D7AEB5545571FDF2E6FAACCFED.e.2097/click - {}
RESULT: {}
COMMAND: GET /session/a1d0a80e45f577755a28f8f4b94429e1/screenshot - {}
COMMAND: POST /session/a1d0a80e45f577755a28f8f4b94429e1/element - {"using":"xpath","value":"//*[@id=\"backBtn\"]"}
RESULT: {}
RESULT: {"using":"xpath","value":"//*[@id=\"backBtn\"]"}
COMMAND: POST /session/a1d0a80e45f577755a28f8f4b94429e1/elements - {"using":"xpath","value":"//*[@id=\"backBtn\"]"}
RESULT: {"using":"xpath","value":"//*[@id=\"backBtn\"]"}
COMMAND: POST /session/a1d0a80e45f577755a28f8f4b94429e1/elements - {"using":"xpath","value":"//*[@id=\"backBtn\"]"}
RESULT: {"using":"xpath","value":"//*[@id=\"backBtn\"]"}
COMMAND: POST /session/a1d0a80e45f577755a28f8f4b94429e1/elements - {"using":"xpath","value":"//*[@id=\"backBtn\"]"}
RESULT: {"using":"xpath","value":"//*[@id=\"backBtn\"]"}
COMMAND: POST /session/a1d0a80e45f577755a28f8f4b94429e1/elements - {"using":"xpath","value":"//*[@id=\"backBtn\"]"}
RESULT: {"using":"xpath","value":"//*[@id=\"backBtn\"]"}
COMMAND: POST /session/a1d0a80e45f577755a28f8f4b94429e1/elements - {"using":"xpath","value":"//*[@id=\"backBtn\"]"}
RESULT: {"using":"xpath","value":"//*[@id=\"backBtn\"]"}
COMMAND: POST /session/a1d0a80e45f577755a28f8f4b94429e1/elements - {"using":"xpath","value":"//*[@id=\"backBtn\"]"}
RESULT: {"using":"xpath","value":"//*[@id=\"backBtn\"]"}
COMMAND: POST /session/a1d0a80e45f577755a28f8f4b94429e1/elements - {"using":"xpath","value":"//*[@id=\"backBtn\"]"}
RESULT: {"using":"xpath","value":"//*[@id=\"backBtn\"]"}
COMMAND: POST /session/a1d0a80e45f577755a28f8f4b94429e1/elements - {"using":"xpath","value":"//*[@id=\"backBtn\"]"}
RESULT: {"using":"xpath","value":"//*[@id=\"backBtn\"]"}
COMMAND: POST /session/a1d0a80e45f577755a28f8f4b94429e1/elements - {"using":"xpath","value":"//*[@id=\"backBtn\"]"}
RESULT: {"using":"xpath","value":"//*[@id=\"backBtn\"]"}
COMMAND: POST /session/a1d0a80e45f577755a28f8f4b94429e1/elements - {"using":"xpath","value":"//*[@id=\"backBtn\"]"}
RESULT: {"using":"xpath","value":"//*[@id=\"backBtn\"]"}
COMMAND: POST /session/a1d0a80e45f577755a28f8f4b94429e1/elements - {"using":"xpath","value":"//*[@id=\"backBtn\"]"}
RESULT: {"using":"xpath","value":"//*[@id=\"backBtn\"]"}
COMMAND: POST /session/a1d0a80e45f577755a28f8f4b94429e1/elements - {"using":"xpath","value":"//*[@id=\"backBtn\"]"}
RESULT: {"using":"xpath","value":"//*[@id=\"backBtn\"]"}
COMMAND: POST /session/a1d0a80e45f577755a28f8f4b94429e1/elements - {"using":"xpath","value":"//*[@id=\"backBtn\"]"}
RESULT: {"using":"xpath","value":"//*[@id=\"backBtn\"]"}
COMMAND: POST /session/a1d0a80e45f577755a28f8f4b94429e1/elements - {"using":"xpath","value":"//*[@id=\"backBtn\"]"}
RESULT: {"using":"xpath","value":"//*[@id=\"backBtn\"]"}
COMMAND: POST /session/a1d0a80e45f577755a28f8f4b94429e1/elements - {"using":"xpath","value":"//*[@id=\"backBtn\"]"}
RESULT: {"using":"xpath","value":"//*[@id=\"backBtn\"]"}
COMMAND: POST /session/a1d0a80e45f577755a28f8f4b94429e1/elements - {"using":"xpath","value":"//*[@id=\"backBtn\"]"}
]]></system-out>
    </testcase>
    <testcase classname="chrome.136_0_7103_93.windows.Sanity_Tests_US104253" name="Should open Manage Conditions Prices page" time="48.906">
      <system-out><![CDATA[
COMMAND: POST /session/a1d0a80e45f577755a28f8f4b94429e1/execute/async - {"script":"<script> [1562 bytes]","args":[{"selector":{"controlType":"sap.m.GenericTile","properties":{"header":"Manage Conditions & Prices"}},"wdio_ui5_key":"sapm.GenericTile{\"header\":\"Manage Conditions & Prices\"}"}]}
RESULT: {"using":"xpath","value":"//*[@id=\"backBtn\"]"}
COMMAND: POST /session/a1d0a80e45f577755a28f8f4b94429e1/elements - {"using":"xpath","value":"//*[@id=\"backBtn\"]"}
RESULT: {"script":"<script> [1562 bytes]","args":[{"selector":{"controlType":"sap.m.GenericTile","properties":{"header":"Manage Conditions & Prices"}},"wdio_ui5_key":"sapm.GenericTile{\"header\":\"Manage Conditions & Prices\"}"}]}
RESULT: undefined
COMMAND: POST /session/a1d0a80e45f577755a28f8f4b94429e1/element - {"using":"xpath","value":"//*[@id=\"__tile53\"]"}
RESULT: {"using":"xpath","value":"//*[@id=\"backBtn\"]"}
COMMAND: POST /session/a1d0a80e45f577755a28f8f4b94429e1/elements - {"using":"xpath","value":"//*[@id=\"backBtn\"]"}
RESULT: {"using":"xpath","value":"//*[@id=\"__tile53\"]"}
COMMAND: POST /session/a1d0a80e45f577755a28f8f4b94429e1/element/f.289E0583247FAD16150B3F0D0A01527A.d.672630D7AEB5545571FDF2E6FAACCFED.e.2314/click - {}
RESULT: {"using":"xpath","value":"//*[@id=\"backBtn\"]"}
RESULT: {}
COMMAND: GET /session/a1d0a80e45f577755a28f8f4b94429e1/screenshot - {}
COMMAND: POST /session/a1d0a80e45f577755a28f8f4b94429e1/elements - {"using":"xpath","value":"//*[@id=\"backBtn\"]"}
RESULT: {}
RESULT: {"using":"xpath","value":"//*[@id=\"backBtn\"]"}
COMMAND: POST /session/a1d0a80e45f577755a28f8f4b94429e1/elements - {"using":"xpath","value":"//*[@id=\"backBtn\"]"}
RESULT: {"using":"xpath","value":"//*[@id=\"backBtn\"]"}
COMMAND: POST /session/a1d0a80e45f577755a28f8f4b94429e1/elements - {"using":"xpath","value":"//*[@id=\"backBtn\"]"}
COMMAND: POST /session/a1d0a80e45f577755a28f8f4b94429e1/elements - {"using":"xpath","value":"//span[text()='Error']"}
RESULT: {"using":"xpath","value":"//*[@id=\"backBtn\"]"}
COMMAND: POST /session/a1d0a80e45f577755a28f8f4b94429e1/element - {"using":"xpath","value":"//*[@id=\"backBtn\"]"}
RESULT: {"using":"xpath","value":"//span[text()='Error']"}
RESULT: {"using":"xpath","value":"//*[@id=\"backBtn\"]"}
COMMAND: POST /session/a1d0a80e45f577755a28f8f4b94429e1/element/f.289E0583247FAD16150B3F0D0A01527A.d.672630D7AEB5545571FDF2E6FAACCFED.e.2097/click - {}
COMMAND: POST /session/a1d0a80e45f577755a28f8f4b94429e1/element - {"using":"xpath","value":"//*[@id=\"backBtn\"]"}
RESULT: {"using":"xpath","value":"//*[@id=\"backBtn\"]"}
COMMAND: POST /session/a1d0a80e45f577755a28f8f4b94429e1/element/f.289E0583247FAD16150B3F0D0A01527A.d.672630D7AEB5545571FDF2E6FAACCFED.e.2488/click - {}
RESULT: {}
COMMAND: GET /session/a1d0a80e45f577755a28f8f4b94429e1/screenshot - {}
RESULT: {}
RESULT: undefined
COMMAND: POST /session/a1d0a80e45f577755a28f8f4b94429e1/element - {"using":"xpath","value":"//*[@id=\"__tile53\"]"}
RESULT: {"using":"xpath","value":"//*[@id=\"__tile53\"]"}
COMMAND: POST /session/a1d0a80e45f577755a28f8f4b94429e1/element/f.289E0583247FAD16150B3F0D0A01527A.d.672630D7AEB5545571FDF2E6FAACCFED.e.2314/click - {}
RESULT: {}
RESULT: undefined
COMMAND: POST /session/a1d0a80e45f577755a28f8f4b94429e1/element - {"using":"xpath","value":"//*[@id=\"__tile53\"]"}
COMMAND: GET /session/a1d0a80e45f577755a28f8f4b94429e1/screenshot - {}
RESULT: {"using":"xpath","value":"//*[@id=\"__tile53\"]"}
COMMAND: POST /session/a1d0a80e45f577755a28f8f4b94429e1/element/f.289E0583247FAD16150B3F0D0A01527A.d.672630D7AEB5545571FDF2E6FAACCFED.e.2314/click - {}
RESULT: {}
RESULT: undefined
COMMAND: POST /session/a1d0a80e45f577755a28f8f4b94429e1/execute/async - {"script":"<script> [6424 bytes]","args":[{"element-6066-11e4-a52e-4f735466cecf":"f.289E0583247FAD16150B3F0D0A01527A.d.672630D7AEB5545571FDF2E6FAACCFED.e.288"},"getTitle",[]]}
COMMAND: POST /session/a1d0a80e45f577755a28f8f4b94429e1/execute/async - {"script":"<script> [1562 bytes]","args":[{"selector":{"id":"shellAppTitle"},"wdio_ui5_key":"shellAppTitle"}]}
RESULT: {"script":"<script> [1562 bytes]","args":[{"selector":{"id":"shellAppTitle"},"wdio_ui5_key":"shellAppTitle"}]}
COMMAND: POST /session/a1d0a80e45f577755a28f8f4b94429e1/execute/async - {"script":"<script> [6424 bytes]","args":[{"element-6066-11e4-a52e-4f735466cecf":"f.289E0583247FAD16150B3F0D0A01527A.d.672630D7AEB5545571FDF2E6FAACCFED.e.2657"},"getTitle",[]]}
RESULT: {"script":"<script> [6424 bytes]","args":[{"element-6066-11e4-a52e-4f735466cecf":"f.289E0583247FAD16150B3F0D0A01527A.d.672630D7AEB5545571FDF2E6FAACCFED.e.2657"},"getTitle",[]]}
RESULT: undefined
COMMAND: POST /session/a1d0a80e45f577755a28f8f4b94429e1/element/f.289E0583247FAD16150B3F0D0A01527A.d.672630D7AEB5545571FDF2E6FAACCFED.e.2488/click - {}
RESULT: {}
COMMAND: GET /session/a1d0a80e45f577755a28f8f4b94429e1/screenshot - {}
RESULT: {}
]]></system-out>
    </testcase>
    <testcase classname="chrome.136_0_7103_93.windows.Sanity_Tests_US104253" name="Should open Billing Transfer page" time="38.144">
      <system-out><![CDATA[
COMMAND: POST /session/a1d0a80e45f577755a28f8f4b94429e1/execute/async - {"script":"<script> [1562 bytes]","args":[{"selector":{"controlType":"sap.m.GenericTile","properties":{"header":"Billing Transfer"}},"wdio_ui5_key":"sapm.GenericTile{\"header\":\"Billing Transfer\"}"}]}
RESULT: {"script":"<script> [1562 bytes]","args":[{"selector":{"controlType":"sap.m.GenericTile","properties":{"header":"Billing Transfer"}},"wdio_ui5_key":"sapm.GenericTile{\"header\":\"Billing Transfer\"}"}]}
RESULT: undefined
COMMAND: POST /session/a1d0a80e45f577755a28f8f4b94429e1/element - {"using":"xpath","value":"//*[@id=\"__tile50\"]"}
RESULT: {"using":"xpath","value":"//*[@id=\"__tile50\"]"}
COMMAND: POST /session/a1d0a80e45f577755a28f8f4b94429e1/element/f.289E0583247FAD16150B3F0D0A01527A.d.672630D7AEB5545571FDF2E6FAACCFED.e.2659/click - {}
RESULT: {}
COMMAND: GET /session/a1d0a80e45f577755a28f8f4b94429e1/screenshot - {}
RESULT: {}
COMMAND: POST /session/a1d0a80e45f577755a28f8f4b94429e1/elements - {"using":"xpath","value":"//span[text()='Error']"}
RESULT: {"using":"xpath","value":"//span[text()='Error']"}
RESULT: undefined
COMMAND: POST /session/a1d0a80e45f577755a28f8f4b94429e1/element - {"using":"xpath","value":"//*[@id=\"__tile50\"]"}
RESULT: {"using":"xpath","value":"//*[@id=\"__tile50\"]"}
COMMAND: POST /session/a1d0a80e45f577755a28f8f4b94429e1/element/f.289E0583247FAD16150B3F0D0A01527A.d.672630D7AEB5545571FDF2E6FAACCFED.e.2659/click - {}
RESULT: undefined
COMMAND: POST /session/a1d0a80e45f577755a28f8f4b94429e1/element - {"using":"xpath","value":"//*[@id=\"__tile50\"]"}
RESULT: {"using":"xpath","value":"//*[@id=\"__tile50\"]"}
COMMAND: POST /session/a1d0a80e45f577755a28f8f4b94429e1/element/f.289E0583247FAD16150B3F0D0A01527A.d.672630D7AEB5545571FDF2E6FAACCFED.e.2659/click - {}
RESULT: undefined
COMMAND: POST /session/a1d0a80e45f577755a28f8f4b94429e1/execute/async - {"script":"<script> [6424 bytes]","args":[{"element-6066-11e4-a52e-4f735466cecf":"f.289E0583247FAD16150B3F0D0A01527A.d.672630D7AEB5545571FDF2E6FAACCFED.e.288"},"getTitle",[]]}
COMMAND: POST /session/a1d0a80e45f577755a28f8f4b94429e1/execute/async - {"script":"<script> [1562 bytes]","args":[{"selector":{"id":"shellAppTitle"},"wdio_ui5_key":"shellAppTitle"}]}
RESULT: {"script":"<script> [1562 bytes]","args":[{"selector":{"id":"shellAppTitle"},"wdio_ui5_key":"shellAppTitle"}]}
COMMAND: POST /session/a1d0a80e45f577755a28f8f4b94429e1/execute/async - {"script":"<script> [6424 bytes]","args":[{"element-6066-11e4-a52e-4f735466cecf":"f.289E0583247FAD16150B3F0D0A01527A.d.672630D7AEB5545571FDF2E6FAACCFED.e.2790"},"getTitle",[]]}
RESULT: {"script":"<script> [6424 bytes]","args":[{"element-6066-11e4-a52e-4f735466cecf":"f.289E0583247FAD16150B3F0D0A01527A.d.672630D7AEB5545571FDF2E6FAACCFED.e.2790"},"getTitle",[]]}
RESULT: undefined
COMMAND: POST /session/a1d0a80e45f577755a28f8f4b94429e1/element/f.289E0583247FAD16150B3F0D0A01527A.d.672630D7AEB5545571FDF2E6FAACCFED.e.2488/click - {}
COMMAND: POST /session/a1d0a80e45f577755a28f8f4b94429e1/element - {"using":"xpath","value":"//*[@id=\"backBtn\"]"}
RESULT: {"using":"xpath","value":"//*[@id=\"backBtn\"]"}
COMMAND: POST /session/a1d0a80e45f577755a28f8f4b94429e1/element/f.289E0583247FAD16150B3F0D0A01527A.d.672630D7AEB5545571FDF2E6FAACCFED.e.2488/click - {}
COMMAND: POST /session/a1d0a80e45f577755a28f8f4b94429e1/element - {"using":"xpath","value":"//*[@id=\"backBtn\"]"}
RESULT: {"using":"xpath","value":"//*[@id=\"backBtn\"]"}
COMMAND: POST /session/a1d0a80e45f577755a28f8f4b94429e1/element/f.289E0583247FAD16150B3F0D0A01527A.d.672630D7AEB5545571FDF2E6FAACCFED.e.2791/click - {}
RESULT: {}
COMMAND: GET /session/a1d0a80e45f577755a28f8f4b94429e1/screenshot - {}
RESULT: {}
]]></system-out>
    </testcase>
    <testcase classname="chrome.136_0_7103_93.windows.Sanity_Tests_US104253" name="Should open Manage Pricing Rules page" time="36.097">
      <system-out><![CDATA[
COMMAND: POST /session/a1d0a80e45f577755a28f8f4b94429e1/execute/async - {"script":"<script> [1562 bytes]","args":[{"selector":{"controlType":"sap.m.GenericTile","properties":{"header":"Manage Pricing Rules"}},"wdio_ui5_key":"sapm.GenericTile{\"header\":\"Manage Pricing Rules\"}"}]}
RESULT: {"script":"<script> [1562 bytes]","args":[{"selector":{"controlType":"sap.m.GenericTile","properties":{"header":"Manage Pricing Rules"}},"wdio_ui5_key":"sapm.GenericTile{\"header\":\"Manage Pricing Rules\"}"}]}
RESULT: undefined
COMMAND: POST /session/a1d0a80e45f577755a28f8f4b94429e1/element - {"using":"xpath","value":"//*[@id=\"__tile55\"]"}
RESULT: {"using":"xpath","value":"//*[@id=\"__tile55\"]"}
COMMAND: POST /session/a1d0a80e45f577755a28f8f4b94429e1/element/f.289E0583247FAD16150B3F0D0A01527A.d.672630D7AEB5545571FDF2E6FAACCFED.e.2793/click - {}
RESULT: {}
COMMAND: GET /session/a1d0a80e45f577755a28f8f4b94429e1/screenshot - {}
RESULT: {}
COMMAND: POST /session/a1d0a80e45f577755a28f8f4b94429e1/elements - {"using":"xpath","value":"//span[text()='Error']"}
RESULT: {"using":"xpath","value":"//span[text()='Error']"}
RESULT: undefined
COMMAND: POST /session/a1d0a80e45f577755a28f8f4b94429e1/element - {"using":"xpath","value":"//*[@id=\"__tile55\"]"}
RESULT: {"using":"xpath","value":"//*[@id=\"__tile55\"]"}
COMMAND: POST /session/a1d0a80e45f577755a28f8f4b94429e1/element/f.289E0583247FAD16150B3F0D0A01527A.d.672630D7AEB5545571FDF2E6FAACCFED.e.2793/click - {}
RESULT: undefined
COMMAND: POST /session/a1d0a80e45f577755a28f8f4b94429e1/element - {"using":"xpath","value":"//*[@id=\"__tile55\"]"}
RESULT: {"using":"xpath","value":"//*[@id=\"__tile55\"]"}
COMMAND: POST /session/a1d0a80e45f577755a28f8f4b94429e1/element/f.289E0583247FAD16150B3F0D0A01527A.d.672630D7AEB5545571FDF2E6FAACCFED.e.2793/click - {}
RESULT: undefined
COMMAND: POST /session/a1d0a80e45f577755a28f8f4b94429e1/execute/async - {"script":"<script> [6424 bytes]","args":[{"element-6066-11e4-a52e-4f735466cecf":"f.289E0583247FAD16150B3F0D0A01527A.d.672630D7AEB5545571FDF2E6FAACCFED.e.288"},"getTitle",[]]}
COMMAND: POST /session/a1d0a80e45f577755a28f8f4b94429e1/execute/async - {"script":"<script> [1562 bytes]","args":[{"selector":{"id":"shellAppTitle"},"wdio_ui5_key":"shellAppTitle"}]}
RESULT: {"script":"<script> [1562 bytes]","args":[{"selector":{"id":"shellAppTitle"},"wdio_ui5_key":"shellAppTitle"}]}
COMMAND: POST /session/a1d0a80e45f577755a28f8f4b94429e1/execute/async - {"script":"<script> [6424 bytes]","args":[{"element-6066-11e4-a52e-4f735466cecf":"f.289E0583247FAD16150B3F0D0A01527A.d.672630D7AEB5545571FDF2E6FAACCFED.e.2842"},"getTitle",[]]}
RESULT: {"script":"<script> [6424 bytes]","args":[{"element-6066-11e4-a52e-4f735466cecf":"f.289E0583247FAD16150B3F0D0A01527A.d.672630D7AEB5545571FDF2E6FAACCFED.e.2842"},"getTitle",[]]}
RESULT: undefined
COMMAND: POST /session/a1d0a80e45f577755a28f8f4b94429e1/element/f.289E0583247FAD16150B3F0D0A01527A.d.672630D7AEB5545571FDF2E6FAACCFED.e.2791/click - {}
RESULT: {}
COMMAND: GET /session/a1d0a80e45f577755a28f8f4b94429e1/screenshot - {}
RESULT: {}
]]></system-out>
    </testcase>
    <testcase classname="chrome.136_0_7103_93.windows.Sanity_Tests_US104253" name="Should open Manage Price Determination Matrices page" time="37.697">
      <system-out><![CDATA[
COMMAND: POST /session/a1d0a80e45f577755a28f8f4b94429e1/execute/async - {"script":"<script> [1562 bytes]","args":[{"selector":{"controlType":"sap.m.GenericTile","properties":{"header":"Manage Price Determination Matrices"}},"wdio_ui5_key":"sapm.GenericTile{\"header\":\"Manage Price Determination Matrices\"}"}]}
RESULT: {"script":"<script> [1562 bytes]","args":[{"selector":{"controlType":"sap.m.GenericTile","properties":{"header":"Manage Price Determination Matrices"}},"wdio_ui5_key":"sapm.GenericTile{\"header\":\"Manage Price Determination Matrices\"}"}]}
RESULT: undefined
COMMAND: POST /session/a1d0a80e45f577755a28f8f4b94429e1/element - {"using":"xpath","value":"//*[@id=\"__tile54\"]"}
RESULT: {"using":"xpath","value":"//*[@id=\"__tile54\"]"}
COMMAND: POST /session/a1d0a80e45f577755a28f8f4b94429e1/element/f.289E0583247FAD16150B3F0D0A01527A.d.672630D7AEB5545571FDF2E6FAACCFED.e.2844/click - {}
RESULT: {}
COMMAND: GET /session/a1d0a80e45f577755a28f8f4b94429e1/screenshot - {}
RESULT: {}
COMMAND: POST /session/a1d0a80e45f577755a28f8f4b94429e1/elements - {"using":"xpath","value":"//span[text()='Error']"}
RESULT: {"using":"xpath","value":"//span[text()='Error']"}
RESULT: undefined
COMMAND: POST /session/a1d0a80e45f577755a28f8f4b94429e1/element - {"using":"xpath","value":"//*[@id=\"__tile54\"]"}
RESULT: {"using":"xpath","value":"//*[@id=\"__tile54\"]"}
COMMAND: POST /session/a1d0a80e45f577755a28f8f4b94429e1/element/f.289E0583247FAD16150B3F0D0A01527A.d.672630D7AEB5545571FDF2E6FAACCFED.e.2844/click - {}
RESULT: undefined
COMMAND: POST /session/a1d0a80e45f577755a28f8f4b94429e1/element - {"using":"xpath","value":"//*[@id=\"__tile54\"]"}
RESULT: {"using":"xpath","value":"//*[@id=\"__tile54\"]"}
COMMAND: POST /session/a1d0a80e45f577755a28f8f4b94429e1/element/f.289E0583247FAD16150B3F0D0A01527A.d.672630D7AEB5545571FDF2E6FAACCFED.e.2844/click - {}
RESULT: undefined
COMMAND: POST /session/a1d0a80e45f577755a28f8f4b94429e1/execute/async - {"script":"<script> [6424 bytes]","args":[{"element-6066-11e4-a52e-4f735466cecf":"f.289E0583247FAD16150B3F0D0A01527A.d.672630D7AEB5545571FDF2E6FAACCFED.e.288"},"getTitle",[]]}
COMMAND: POST /session/a1d0a80e45f577755a28f8f4b94429e1/execute/async - {"script":"<script> [1562 bytes]","args":[{"selector":{"id":"shellAppTitle"},"wdio_ui5_key":"shellAppTitle"}]}
RESULT: {"script":"<script> [1562 bytes]","args":[{"selector":{"id":"shellAppTitle"},"wdio_ui5_key":"shellAppTitle"}]}
COMMAND: POST /session/a1d0a80e45f577755a28f8f4b94429e1/execute/async - {"script":"<script> [6424 bytes]","args":[{"element-6066-11e4-a52e-4f735466cecf":"f.289E0583247FAD16150B3F0D0A01527A.d.672630D7AEB5545571FDF2E6FAACCFED.e.2930"},"getTitle",[]]}
RESULT: {"script":"<script> [6424 bytes]","args":[{"element-6066-11e4-a52e-4f735466cecf":"f.289E0583247FAD16150B3F0D0A01527A.d.672630D7AEB5545571FDF2E6FAACCFED.e.2930"},"getTitle",[]]}
RESULT: undefined
COMMAND: POST /session/a1d0a80e45f577755a28f8f4b94429e1/element/f.289E0583247FAD16150B3F0D0A01527A.d.672630D7AEB5545571FDF2E6FAACCFED.e.2791/click - {}
COMMAND: POST /session/a1d0a80e45f577755a28f8f4b94429e1/element - {"using":"xpath","value":"//*[@id=\"backBtn\"]"}
RESULT: {"using":"xpath","value":"//*[@id=\"backBtn\"]"}
COMMAND: POST /session/a1d0a80e45f577755a28f8f4b94429e1/element/f.289E0583247FAD16150B3F0D0A01527A.d.672630D7AEB5545571FDF2E6FAACCFED.e.2791/click - {}
COMMAND: POST /session/a1d0a80e45f577755a28f8f4b94429e1/element - {"using":"xpath","value":"//*[@id=\"backBtn\"]"}
RESULT: {"using":"xpath","value":"//*[@id=\"backBtn\"]"}
COMMAND: POST /session/a1d0a80e45f577755a28f8f4b94429e1/element/f.289E0583247FAD16150B3F0D0A01527A.d.672630D7AEB5545571FDF2E6FAACCFED.e.2931/click - {}
RESULT: {}
COMMAND: GET /session/a1d0a80e45f577755a28f8f4b94429e1/screenshot - {}
RESULT: {}
]]></system-out>
    </testcase>
    <testcase classname="chrome.136_0_7103_93.windows.Sanity_Tests_US104253" name="Should open Yard Overview page" time="36.915">
      <system-out><![CDATA[
COMMAND: POST /session/a1d0a80e45f577755a28f8f4b94429e1/execute/async - {"script":"<script> [1562 bytes]","args":[{"selector":{"controlType":"sap.m.GenericTile","properties":{"header":"Yard Overview"}},"wdio_ui5_key":"sapm.GenericTile{\"header\":\"Yard Overview\"}"}]}
RESULT: {"script":"<script> [1562 bytes]","args":[{"selector":{"controlType":"sap.m.GenericTile","properties":{"header":"Yard Overview"}},"wdio_ui5_key":"sapm.GenericTile{\"header\":\"Yard Overview\"}"}]}
RESULT: undefined
COMMAND: POST /session/a1d0a80e45f577755a28f8f4b94429e1/element - {"using":"xpath","value":"//*[@id=\"__tile102\"]"}
RESULT: {"using":"xpath","value":"//*[@id=\"__tile102\"]"}
COMMAND: POST /session/a1d0a80e45f577755a28f8f4b94429e1/element/f.289E0583247FAD16150B3F0D0A01527A.d.672630D7AEB5545571FDF2E6FAACCFED.e.2933/click - {}
RESULT: {}
COMMAND: GET /session/a1d0a80e45f577755a28f8f4b94429e1/screenshot - {}
RESULT: {}
COMMAND: POST /session/a1d0a80e45f577755a28f8f4b94429e1/elements - {"using":"xpath","value":"//span[text()='Error']"}
RESULT: {"using":"xpath","value":"//span[text()='Error']"}
RESULT: undefined
COMMAND: POST /session/a1d0a80e45f577755a28f8f4b94429e1/element - {"using":"xpath","value":"//*[@id=\"__tile102\"]"}
RESULT: {"using":"xpath","value":"//*[@id=\"__tile102\"]"}
COMMAND: POST /session/a1d0a80e45f577755a28f8f4b94429e1/element/f.289E0583247FAD16150B3F0D0A01527A.d.672630D7AEB5545571FDF2E6FAACCFED.e.2933/click - {}
RESULT: undefined
COMMAND: POST /session/a1d0a80e45f577755a28f8f4b94429e1/element - {"using":"xpath","value":"//*[@id=\"__tile102\"]"}
RESULT: {"using":"xpath","value":"//*[@id=\"__tile102\"]"}
COMMAND: POST /session/a1d0a80e45f577755a28f8f4b94429e1/element/f.289E0583247FAD16150B3F0D0A01527A.d.672630D7AEB5545571FDF2E6FAACCFED.e.2933/click - {}
RESULT: undefined
COMMAND: POST /session/a1d0a80e45f577755a28f8f4b94429e1/execute/async - {"script":"<script> [6424 bytes]","args":[{"element-6066-11e4-a52e-4f735466cecf":"f.289E0583247FAD16150B3F0D0A01527A.d.672630D7AEB5545571FDF2E6FAACCFED.e.288"},"getTitle",[]]}
COMMAND: POST /session/a1d0a80e45f577755a28f8f4b94429e1/execute/async - {"script":"<script> [1562 bytes]","args":[{"selector":{"id":"shellAppTitle"},"wdio_ui5_key":"shellAppTitle"}]}
RESULT: {"script":"<script> [1562 bytes]","args":[{"selector":{"id":"shellAppTitle"},"wdio_ui5_key":"shellAppTitle"}]}
COMMAND: POST /session/a1d0a80e45f577755a28f8f4b94429e1/execute/async - {"script":"<script> [6424 bytes]","args":[{"element-6066-11e4-a52e-4f735466cecf":"f.289E0583247FAD16150B3F0D0A01527A.d.672630D7AEB5545571FDF2E6FAACCFED.e.2993"},"getTitle",[]]}
RESULT: {"script":"<script> [6424 bytes]","args":[{"element-6066-11e4-a52e-4f735466cecf":"f.289E0583247FAD16150B3F0D0A01527A.d.672630D7AEB5545571FDF2E6FAACCFED.e.2993"},"getTitle",[]]}
RESULT: undefined
COMMAND: POST /session/a1d0a80e45f577755a28f8f4b94429e1/element/f.289E0583247FAD16150B3F0D0A01527A.d.672630D7AEB5545571FDF2E6FAACCFED.e.2931/click - {}
RESULT: {}
COMMAND: GET /session/a1d0a80e45f577755a28f8f4b94429e1/screenshot - {}
RESULT: {}
]]></system-out>
    </testcase>
    <testcase classname="chrome.136_0_7103_93.windows.Sanity_Tests_US104253" name="Should open Site Overview page" time="37.993">
      <system-out><![CDATA[
COMMAND: POST /session/a1d0a80e45f577755a28f8f4b94429e1/execute/async - {"script":"<script> [1562 bytes]","args":[{"selector":{"controlType":"sap.m.GenericTile","properties":{"header":"Site Overview"}},"wdio_ui5_key":"sapm.GenericTile{\"header\":\"Site Overview\"}"}]}
RESULT: {"script":"<script> [1562 bytes]","args":[{"selector":{"controlType":"sap.m.GenericTile","properties":{"header":"Site Overview"}},"wdio_ui5_key":"sapm.GenericTile{\"header\":\"Site Overview\"}"}]}
RESULT: undefined
COMMAND: POST /session/a1d0a80e45f577755a28f8f4b94429e1/element - {"using":"xpath","value":"//*[@id=\"__tile100\"]"}
RESULT: {"using":"xpath","value":"//*[@id=\"__tile100\"]"}
COMMAND: POST /session/a1d0a80e45f577755a28f8f4b94429e1/element/f.289E0583247FAD16150B3F0D0A01527A.d.672630D7AEB5545571FDF2E6FAACCFED.e.2996/click - {}
RESULT: {}
COMMAND: GET /session/a1d0a80e45f577755a28f8f4b94429e1/screenshot - {}
RESULT: {}
COMMAND: POST /session/a1d0a80e45f577755a28f8f4b94429e1/elements - {"using":"xpath","value":"//span[text()='Error']"}
RESULT: {"using":"xpath","value":"//span[text()='Error']"}
RESULT: undefined
COMMAND: POST /session/a1d0a80e45f577755a28f8f4b94429e1/element - {"using":"xpath","value":"//*[@id=\"__tile100\"]"}
RESULT: {"using":"xpath","value":"//*[@id=\"__tile100\"]"}
COMMAND: POST /session/a1d0a80e45f577755a28f8f4b94429e1/element/f.289E0583247FAD16150B3F0D0A01527A.d.672630D7AEB5545571FDF2E6FAACCFED.e.2996/click - {}
RESULT: undefined
COMMAND: POST /session/a1d0a80e45f577755a28f8f4b94429e1/element - {"using":"xpath","value":"//*[@id=\"__tile100\"]"}
RESULT: {"using":"xpath","value":"//*[@id=\"__tile100\"]"}
COMMAND: POST /session/a1d0a80e45f577755a28f8f4b94429e1/element/f.289E0583247FAD16150B3F0D0A01527A.d.672630D7AEB5545571FDF2E6FAACCFED.e.2996/click - {}
RESULT: undefined
COMMAND: POST /session/a1d0a80e45f577755a28f8f4b94429e1/execute/async - {"script":"<script> [6424 bytes]","args":[{"element-6066-11e4-a52e-4f735466cecf":"f.289E0583247FAD16150B3F0D0A01527A.d.672630D7AEB5545571FDF2E6FAACCFED.e.288"},"getTitle",[]]}
COMMAND: POST /session/a1d0a80e45f577755a28f8f4b94429e1/execute/async - {"script":"<script> [1562 bytes]","args":[{"selector":{"id":"shellAppTitle"},"wdio_ui5_key":"shellAppTitle"}]}
RESULT: {"script":"<script> [1562 bytes]","args":[{"selector":{"id":"shellAppTitle"},"wdio_ui5_key":"shellAppTitle"}]}
COMMAND: POST /session/a1d0a80e45f577755a28f8f4b94429e1/execute/async - {"script":"<script> [6424 bytes]","args":[{"element-6066-11e4-a52e-4f735466cecf":"f.289E0583247FAD16150B3F0D0A01527A.d.672630D7AEB5545571FDF2E6FAACCFED.e.3109"},"getTitle",[]]}
RESULT: {"script":"<script> [6424 bytes]","args":[{"element-6066-11e4-a52e-4f735466cecf":"f.289E0583247FAD16150B3F0D0A01527A.d.672630D7AEB5545571FDF2E6FAACCFED.e.3109"},"getTitle",[]]}
RESULT: undefined
COMMAND: POST /session/a1d0a80e45f577755a28f8f4b94429e1/element/f.289E0583247FAD16150B3F0D0A01527A.d.672630D7AEB5545571FDF2E6FAACCFED.e.2931/click - {}
COMMAND: POST /session/a1d0a80e45f577755a28f8f4b94429e1/element - {"using":"xpath","value":"//*[@id=\"backBtn\"]"}
RESULT: {"using":"xpath","value":"//*[@id=\"backBtn\"]"}
COMMAND: POST /session/a1d0a80e45f577755a28f8f4b94429e1/element/f.289E0583247FAD16150B3F0D0A01527A.d.672630D7AEB5545571FDF2E6FAACCFED.e.2931/click - {}
COMMAND: POST /session/a1d0a80e45f577755a28f8f4b94429e1/element - {"using":"xpath","value":"//*[@id=\"backBtn\"]"}
RESULT: {"using":"xpath","value":"//*[@id=\"backBtn\"]"}
COMMAND: POST /session/a1d0a80e45f577755a28f8f4b94429e1/element/f.289E0583247FAD16150B3F0D0A01527A.d.672630D7AEB5545571FDF2E6FAACCFED.e.3110/click - {}
RESULT: {}
COMMAND: GET /session/a1d0a80e45f577755a28f8f4b94429e1/screenshot - {}
RESULT: {}
]]></system-out>
    </testcase>
    <testcase classname="chrome.136_0_7103_93.windows.Sanity_Tests_US104253" name="Should open Trace Track Resources page" time="37.623">
      <system-out><![CDATA[
COMMAND: POST /session/a1d0a80e45f577755a28f8f4b94429e1/execute/async - {"script":"<script> [1562 bytes]","args":[{"selector":{"controlType":"sap.m.GenericTile","properties":{"header":"Trace & Track Resources"}},"wdio_ui5_key":"sapm.GenericTile{\"header\":\"Trace & Track Resources\"}"}]}
RESULT: {"script":"<script> [1562 bytes]","args":[{"selector":{"controlType":"sap.m.GenericTile","properties":{"header":"Trace & Track Resources"}},"wdio_ui5_key":"sapm.GenericTile{\"header\":\"Trace & Track Resources\"}"}]}
RESULT: undefined
COMMAND: POST /session/a1d0a80e45f577755a28f8f4b94429e1/element - {"using":"xpath","value":"//*[@id=\"__tile101\"]"}
RESULT: {"using":"xpath","value":"//*[@id=\"__tile101\"]"}
COMMAND: POST /session/a1d0a80e45f577755a28f8f4b94429e1/element/f.289E0583247FAD16150B3F0D0A01527A.d.672630D7AEB5545571FDF2E6FAACCFED.e.3112/click - {}
RESULT: {}
COMMAND: GET /session/a1d0a80e45f577755a28f8f4b94429e1/screenshot - {}
RESULT: {}
COMMAND: POST /session/a1d0a80e45f577755a28f8f4b94429e1/elements - {"using":"xpath","value":"//span[text()='Error']"}
RESULT: {"using":"xpath","value":"//span[text()='Error']"}
RESULT: undefined
COMMAND: POST /session/a1d0a80e45f577755a28f8f4b94429e1/element - {"using":"xpath","value":"//*[@id=\"__tile101\"]"}
RESULT: {"using":"xpath","value":"//*[@id=\"__tile101\"]"}
COMMAND: POST /session/a1d0a80e45f577755a28f8f4b94429e1/element/f.289E0583247FAD16150B3F0D0A01527A.d.672630D7AEB5545571FDF2E6FAACCFED.e.3112/click - {}
RESULT: undefined
COMMAND: POST /session/a1d0a80e45f577755a28f8f4b94429e1/element - {"using":"xpath","value":"//*[@id=\"__tile101\"]"}
RESULT: {"using":"xpath","value":"//*[@id=\"__tile101\"]"}
COMMAND: POST /session/a1d0a80e45f577755a28f8f4b94429e1/element/f.289E0583247FAD16150B3F0D0A01527A.d.672630D7AEB5545571FDF2E6FAACCFED.e.3112/click - {}
RESULT: undefined
COMMAND: POST /session/a1d0a80e45f577755a28f8f4b94429e1/execute/async - {"script":"<script> [6424 bytes]","args":[{"element-6066-11e4-a52e-4f735466cecf":"f.289E0583247FAD16150B3F0D0A01527A.d.672630D7AEB5545571FDF2E6FAACCFED.e.288"},"getTitle",[]]}
COMMAND: POST /session/a1d0a80e45f577755a28f8f4b94429e1/execute/async - {"script":"<script> [1562 bytes]","args":[{"selector":{"id":"shellAppTitle"},"wdio_ui5_key":"shellAppTitle"}]}
RESULT: {"script":"<script> [1562 bytes]","args":[{"selector":{"id":"shellAppTitle"},"wdio_ui5_key":"shellAppTitle"}]}
COMMAND: POST /session/a1d0a80e45f577755a28f8f4b94429e1/execute/async - {"script":"<script> [6424 bytes]","args":[{"element-6066-11e4-a52e-4f735466cecf":"f.289E0583247FAD16150B3F0D0A01527A.d.672630D7AEB5545571FDF2E6FAACCFED.e.3147"},"getTitle",[]]}
RESULT: {"script":"<script> [6424 bytes]","args":[{"element-6066-11e4-a52e-4f735466cecf":"f.289E0583247FAD16150B3F0D0A01527A.d.672630D7AEB5545571FDF2E6FAACCFED.e.3147"},"getTitle",[]]}
RESULT: undefined
COMMAND: POST /session/a1d0a80e45f577755a28f8f4b94429e1/element/f.289E0583247FAD16150B3F0D0A01527A.d.672630D7AEB5545571FDF2E6FAACCFED.e.3110/click - {}
RESULT: {}
COMMAND: GET /session/a1d0a80e45f577755a28f8f4b94429e1/screenshot - {}
RESULT: {}
]]></system-out>
    </testcase>
    <testcase classname="chrome.136_0_7103_93.windows.Sanity_Tests_US104253" name="Should open RU Inventory List page" time="37.078">
      <system-out><![CDATA[
COMMAND: POST /session/a1d0a80e45f577755a28f8f4b94429e1/execute/async - {"script":"<script> [1562 bytes]","args":[{"selector":{"controlType":"sap.m.GenericTile","properties":{"header":"RU Inventory List"}},"wdio_ui5_key":"sapm.GenericTile{\"header\":\"RU Inventory List\"}"}]}
RESULT: {"script":"<script> [1562 bytes]","args":[{"selector":{"controlType":"sap.m.GenericTile","properties":{"header":"RU Inventory List"}},"wdio_ui5_key":"sapm.GenericTile{\"header\":\"RU Inventory List\"}"}]}
RESULT: undefined
COMMAND: POST /session/a1d0a80e45f577755a28f8f4b94429e1/element - {"using":"xpath","value":"//*[@id=\"__tile99\"]"}
RESULT: {"using":"xpath","value":"//*[@id=\"__tile99\"]"}
COMMAND: POST /session/a1d0a80e45f577755a28f8f4b94429e1/element/f.289E0583247FAD16150B3F0D0A01527A.d.672630D7AEB5545571FDF2E6FAACCFED.e.3149/click - {}
RESULT: {}
COMMAND: GET /session/a1d0a80e45f577755a28f8f4b94429e1/screenshot - {}
RESULT: {}
COMMAND: POST /session/a1d0a80e45f577755a28f8f4b94429e1/elements - {"using":"xpath","value":"//span[text()='Error']"}
RESULT: {"using":"xpath","value":"//span[text()='Error']"}
RESULT: undefined
COMMAND: POST /session/a1d0a80e45f577755a28f8f4b94429e1/element - {"using":"xpath","value":"//*[@id=\"__tile99\"]"}
RESULT: {"using":"xpath","value":"//*[@id=\"__tile99\"]"}
COMMAND: POST /session/a1d0a80e45f577755a28f8f4b94429e1/element/f.289E0583247FAD16150B3F0D0A01527A.d.672630D7AEB5545571FDF2E6FAACCFED.e.3149/click - {}
RESULT: undefined
COMMAND: POST /session/a1d0a80e45f577755a28f8f4b94429e1/element - {"using":"xpath","value":"//*[@id=\"__tile99\"]"}
RESULT: {"using":"xpath","value":"//*[@id=\"__tile99\"]"}
COMMAND: POST /session/a1d0a80e45f577755a28f8f4b94429e1/element/f.289E0583247FAD16150B3F0D0A01527A.d.672630D7AEB5545571FDF2E6FAACCFED.e.3149/click - {}
RESULT: undefined
COMMAND: POST /session/a1d0a80e45f577755a28f8f4b94429e1/execute/async - {"script":"<script> [6424 bytes]","args":[{"element-6066-11e4-a52e-4f735466cecf":"f.289E0583247FAD16150B3F0D0A01527A.d.672630D7AEB5545571FDF2E6FAACCFED.e.288"},"getTitle",[]]}
COMMAND: POST /session/a1d0a80e45f577755a28f8f4b94429e1/execute/async - {"script":"<script> [1562 bytes]","args":[{"selector":{"id":"shellAppTitle"},"wdio_ui5_key":"shellAppTitle"}]}
RESULT: {"script":"<script> [1562 bytes]","args":[{"selector":{"id":"shellAppTitle"},"wdio_ui5_key":"shellAppTitle"}]}
COMMAND: POST /session/a1d0a80e45f577755a28f8f4b94429e1/execute/async - {"script":"<script> [6424 bytes]","args":[{"element-6066-11e4-a52e-4f735466cecf":"f.289E0583247FAD16150B3F0D0A01527A.d.672630D7AEB5545571FDF2E6FAACCFED.e.3353"},"getTitle",[]]}
RESULT: {"script":"<script> [6424 bytes]","args":[{"element-6066-11e4-a52e-4f735466cecf":"f.289E0583247FAD16150B3F0D0A01527A.d.672630D7AEB5545571FDF2E6FAACCFED.e.3353"},"getTitle",[]]}
RESULT: undefined
COMMAND: POST /session/a1d0a80e45f577755a28f8f4b94429e1/element/f.289E0583247FAD16150B3F0D0A01527A.d.672630D7AEB5545571FDF2E6FAACCFED.e.3110/click - {}
COMMAND: POST /session/a1d0a80e45f577755a28f8f4b94429e1/element - {"using":"xpath","value":"//*[@id=\"backBtn\"]"}
RESULT: {"using":"xpath","value":"//*[@id=\"backBtn\"]"}
COMMAND: POST /session/a1d0a80e45f577755a28f8f4b94429e1/element/f.289E0583247FAD16150B3F0D0A01527A.d.672630D7AEB5545571FDF2E6FAACCFED.e.3110/click - {}
COMMAND: POST /session/a1d0a80e45f577755a28f8f4b94429e1/element - {"using":"xpath","value":"//*[@id=\"backBtn\"]"}
RESULT: {"using":"xpath","value":"//*[@id=\"backBtn\"]"}
COMMAND: POST /session/a1d0a80e45f577755a28f8f4b94429e1/element/f.289E0583247FAD16150B3F0D0A01527A.d.672630D7AEB5545571FDF2E6FAACCFED.e.3354/click - {}
RESULT: {}
COMMAND: GET /session/a1d0a80e45f577755a28f8f4b94429e1/screenshot - {}
RESULT: {}
]]></system-out>
    </testcase>
    <testcase classname="chrome.136_0_7103_93.windows.Sanity_Tests_US104253" name="Should open Contracts Dashboard page" time="42.555">
      <system-out><![CDATA[
COMMAND: POST /session/a1d0a80e45f577755a28f8f4b94429e1/execute/async - {"script":"<script> [1562 bytes]","args":[{"selector":{"controlType":"sap.m.GenericTile","properties":{"header":"Contracts Dashboard"}},"wdio_ui5_key":"sapm.GenericTile{\"header\":\"Contracts Dashboard\"}"}]}
RESULT: {"script":"<script> [1562 bytes]","args":[{"selector":{"controlType":"sap.m.GenericTile","properties":{"header":"Contracts Dashboard"}},"wdio_ui5_key":"sapm.GenericTile{\"header\":\"Contracts Dashboard\"}"}]}
RESULT: undefined
COMMAND: POST /session/a1d0a80e45f577755a28f8f4b94429e1/element - {"using":"xpath","value":"//*[@id=\"__tile97\"]"}
RESULT: {"using":"xpath","value":"//*[@id=\"__tile97\"]"}
COMMAND: POST /session/a1d0a80e45f577755a28f8f4b94429e1/element/f.289E0583247FAD16150B3F0D0A01527A.d.672630D7AEB5545571FDF2E6FAACCFED.e.3356/click - {}
RESULT: {}
COMMAND: GET /session/a1d0a80e45f577755a28f8f4b94429e1/screenshot - {}
RESULT: {}
COMMAND: POST /session/a1d0a80e45f577755a28f8f4b94429e1/elements - {"using":"xpath","value":"//span[text()='Error']"}
RESULT: {"using":"xpath","value":"//span[text()='Error']"}
RESULT: undefined
COMMAND: POST /session/a1d0a80e45f577755a28f8f4b94429e1/element - {"using":"xpath","value":"//*[@id=\"__tile97\"]"}
RESULT: {"using":"xpath","value":"//*[@id=\"__tile97\"]"}
COMMAND: POST /session/a1d0a80e45f577755a28f8f4b94429e1/element/f.289E0583247FAD16150B3F0D0A01527A.d.672630D7AEB5545571FDF2E6FAACCFED.e.3356/click - {}
RESULT: undefined
COMMAND: POST /session/a1d0a80e45f577755a28f8f4b94429e1/element - {"using":"xpath","value":"//*[@id=\"__tile97\"]"}
RESULT: {"using":"xpath","value":"//*[@id=\"__tile97\"]"}
COMMAND: POST /session/a1d0a80e45f577755a28f8f4b94429e1/element/f.289E0583247FAD16150B3F0D0A01527A.d.672630D7AEB5545571FDF2E6FAACCFED.e.3356/click - {}
RESULT: undefined
COMMAND: POST /session/a1d0a80e45f577755a28f8f4b94429e1/execute/async - {"script":"<script> [6424 bytes]","args":[{"element-6066-11e4-a52e-4f735466cecf":"f.289E0583247FAD16150B3F0D0A01527A.d.672630D7AEB5545571FDF2E6FAACCFED.e.288"},"getTitle",[]]}
COMMAND: POST /session/a1d0a80e45f577755a28f8f4b94429e1/execute/async - {"script":"<script> [1562 bytes]","args":[{"selector":{"id":"shellAppTitle"},"wdio_ui5_key":"shellAppTitle"}]}
RESULT: {"script":"<script> [1562 bytes]","args":[{"selector":{"id":"shellAppTitle"},"wdio_ui5_key":"shellAppTitle"}]}
COMMAND: POST /session/a1d0a80e45f577755a28f8f4b94429e1/execute/async - {"script":"<script> [6424 bytes]","args":[{"element-6066-11e4-a52e-4f735466cecf":"f.289E0583247FAD16150B3F0D0A01527A.d.672630D7AEB5545571FDF2E6FAACCFED.e.3376"},"getTitle",[]]}
RESULT: {"script":"<script> [6424 bytes]","args":[{"element-6066-11e4-a52e-4f735466cecf":"f.289E0583247FAD16150B3F0D0A01527A.d.672630D7AEB5545571FDF2E6FAACCFED.e.3376"},"getTitle",[]]}
RESULT: undefined
COMMAND: POST /session/a1d0a80e45f577755a28f8f4b94429e1/element/f.289E0583247FAD16150B3F0D0A01527A.d.672630D7AEB5545571FDF2E6FAACCFED.e.3354/click - {}
RESULT: {}
COMMAND: GET /session/a1d0a80e45f577755a28f8f4b94429e1/screenshot - {}
RESULT: {}
]]></system-out>
    </testcase>
    <testcase classname="chrome.136_0_7103_93.windows.Sanity_Tests_US104253" name="Should open Bin Status Report page" time="38.428">
      <system-out><![CDATA[
COMMAND: POST /session/a1d0a80e45f577755a28f8f4b94429e1/execute/async - {"script":"<script> [1562 bytes]","args":[{"selector":{"controlType":"sap.m.GenericTile","properties":{"header":"Bin Status Report"}},"wdio_ui5_key":"sapm.GenericTile{\"header\":\"Bin Status Report\"}"}]}
RESULT: {"script":"<script> [1562 bytes]","args":[{"selector":{"controlType":"sap.m.GenericTile","properties":{"header":"Bin Status Report"}},"wdio_ui5_key":"sapm.GenericTile{\"header\":\"Bin Status Report\"}"}]}
RESULT: undefined
COMMAND: POST /session/a1d0a80e45f577755a28f8f4b94429e1/element - {"using":"xpath","value":"//*[@id=\"__tile104\"]"}
RESULT: {"using":"xpath","value":"//*[@id=\"__tile104\"]"}
COMMAND: POST /session/a1d0a80e45f577755a28f8f4b94429e1/element/f.289E0583247FAD16150B3F0D0A01527A.d.672630D7AEB5545571FDF2E6FAACCFED.e.3378/click - {}
RESULT: {}
COMMAND: GET /session/a1d0a80e45f577755a28f8f4b94429e1/screenshot - {}
RESULT: {}
COMMAND: POST /session/a1d0a80e45f577755a28f8f4b94429e1/elements - {"using":"xpath","value":"//span[text()='Error']"}
RESULT: {"using":"xpath","value":"//span[text()='Error']"}
RESULT: undefined
COMMAND: POST /session/a1d0a80e45f577755a28f8f4b94429e1/element - {"using":"xpath","value":"//*[@id=\"__tile104\"]"}
RESULT: {"using":"xpath","value":"//*[@id=\"__tile104\"]"}
COMMAND: POST /session/a1d0a80e45f577755a28f8f4b94429e1/element/f.289E0583247FAD16150B3F0D0A01527A.d.672630D7AEB5545571FDF2E6FAACCFED.e.3378/click - {}
RESULT: undefined
COMMAND: POST /session/a1d0a80e45f577755a28f8f4b94429e1/element - {"using":"xpath","value":"//*[@id=\"__tile104\"]"}
RESULT: {"using":"xpath","value":"//*[@id=\"__tile104\"]"}
COMMAND: POST /session/a1d0a80e45f577755a28f8f4b94429e1/element/f.289E0583247FAD16150B3F0D0A01527A.d.672630D7AEB5545571FDF2E6FAACCFED.e.3378/click - {}
RESULT: undefined
COMMAND: POST /session/a1d0a80e45f577755a28f8f4b94429e1/execute/async - {"script":"<script> [6424 bytes]","args":[{"element-6066-11e4-a52e-4f735466cecf":"f.289E0583247FAD16150B3F0D0A01527A.d.672630D7AEB5545571FDF2E6FAACCFED.e.288"},"getTitle",[]]}
COMMAND: POST /session/a1d0a80e45f577755a28f8f4b94429e1/execute/async - {"script":"<script> [1562 bytes]","args":[{"selector":{"id":"shellAppTitle"},"wdio_ui5_key":"shellAppTitle"}]}
RESULT: {"script":"<script> [1562 bytes]","args":[{"selector":{"id":"shellAppTitle"},"wdio_ui5_key":"shellAppTitle"}]}
COMMAND: POST /session/a1d0a80e45f577755a28f8f4b94429e1/execute/async - {"script":"<script> [6424 bytes]","args":[{"element-6066-11e4-a52e-4f735466cecf":"f.289E0583247FAD16150B3F0D0A01527A.d.672630D7AEB5545571FDF2E6FAACCFED.e.3474"},"getTitle",[]]}
RESULT: {"script":"<script> [6424 bytes]","args":[{"element-6066-11e4-a52e-4f735466cecf":"f.289E0583247FAD16150B3F0D0A01527A.d.672630D7AEB5545571FDF2E6FAACCFED.e.3474"},"getTitle",[]]}
RESULT: undefined
COMMAND: POST /session/a1d0a80e45f577755a28f8f4b94429e1/element/f.289E0583247FAD16150B3F0D0A01527A.d.672630D7AEB5545571FDF2E6FAACCFED.e.3354/click - {}
COMMAND: POST /session/a1d0a80e45f577755a28f8f4b94429e1/element - {"using":"xpath","value":"//*[@id=\"backBtn\"]"}
RESULT: {"using":"xpath","value":"//*[@id=\"backBtn\"]"}
COMMAND: POST /session/a1d0a80e45f577755a28f8f4b94429e1/element/f.289E0583247FAD16150B3F0D0A01527A.d.672630D7AEB5545571FDF2E6FAACCFED.e.3354/click - {}
COMMAND: POST /session/a1d0a80e45f577755a28f8f4b94429e1/element - {"using":"xpath","value":"//*[@id=\"backBtn\"]"}
RESULT: {"using":"xpath","value":"//*[@id=\"backBtn\"]"}
COMMAND: POST /session/a1d0a80e45f577755a28f8f4b94429e1/element/f.289E0583247FAD16150B3F0D0A01527A.d.672630D7AEB5545571FDF2E6FAACCFED.e.3475/click - {}
RESULT: {}
COMMAND: GET /session/a1d0a80e45f577755a28f8f4b94429e1/screenshot - {}
RESULT: {}
]]></system-out>
    </testcase>
    <testcase classname="chrome.136_0_7103_93.windows.Sanity_Tests_US104253" name="Should open Manage Warehouse Movements page" time="37.284">
      <system-out><![CDATA[
COMMAND: POST /session/a1d0a80e45f577755a28f8f4b94429e1/execute/async - {"script":"<script> [1562 bytes]","args":[{"selector":{"controlType":"sap.m.GenericTile","properties":{"header":"Manage Warehouse Movements"}},"wdio_ui5_key":"sapm.GenericTile{\"header\":\"Manage Warehouse Movements\"}"}]}
RESULT: {"script":"<script> [1562 bytes]","args":[{"selector":{"controlType":"sap.m.GenericTile","properties":{"header":"Manage Warehouse Movements"}},"wdio_ui5_key":"sapm.GenericTile{\"header\":\"Manage Warehouse Movements\"}"}]}
RESULT: undefined
COMMAND: POST /session/a1d0a80e45f577755a28f8f4b94429e1/element - {"using":"xpath","value":"//*[@id=\"__tile105\"]"}
RESULT: {"using":"xpath","value":"//*[@id=\"__tile105\"]"}
COMMAND: POST /session/a1d0a80e45f577755a28f8f4b94429e1/element/f.289E0583247FAD16150B3F0D0A01527A.d.672630D7AEB5545571FDF2E6FAACCFED.e.3479/click - {}
RESULT: {}
COMMAND: GET /session/a1d0a80e45f577755a28f8f4b94429e1/screenshot - {}
RESULT: {}
COMMAND: POST /session/a1d0a80e45f577755a28f8f4b94429e1/elements - {"using":"xpath","value":"//span[text()='Error']"}
RESULT: {"using":"xpath","value":"//span[text()='Error']"}
RESULT: undefined
COMMAND: POST /session/a1d0a80e45f577755a28f8f4b94429e1/element - {"using":"xpath","value":"//*[@id=\"__tile105\"]"}
RESULT: {"using":"xpath","value":"//*[@id=\"__tile105\"]"}
COMMAND: POST /session/a1d0a80e45f577755a28f8f4b94429e1/element/f.289E0583247FAD16150B3F0D0A01527A.d.672630D7AEB5545571FDF2E6FAACCFED.e.3479/click - {}
RESULT: undefined
COMMAND: POST /session/a1d0a80e45f577755a28f8f4b94429e1/element - {"using":"xpath","value":"//*[@id=\"__tile105\"]"}
RESULT: {"using":"xpath","value":"//*[@id=\"__tile105\"]"}
COMMAND: POST /session/a1d0a80e45f577755a28f8f4b94429e1/element/f.289E0583247FAD16150B3F0D0A01527A.d.672630D7AEB5545571FDF2E6FAACCFED.e.3479/click - {}
RESULT: undefined
COMMAND: POST /session/a1d0a80e45f577755a28f8f4b94429e1/execute/async - {"script":"<script> [6424 bytes]","args":[{"element-6066-11e4-a52e-4f735466cecf":"f.289E0583247FAD16150B3F0D0A01527A.d.672630D7AEB5545571FDF2E6FAACCFED.e.288"},"getTitle",[]]}
COMMAND: POST /session/a1d0a80e45f577755a28f8f4b94429e1/execute/async - {"script":"<script> [1562 bytes]","args":[{"selector":{"id":"shellAppTitle"},"wdio_ui5_key":"shellAppTitle"}]}
RESULT: {"script":"<script> [1562 bytes]","args":[{"selector":{"id":"shellAppTitle"},"wdio_ui5_key":"shellAppTitle"}]}
COMMAND: POST /session/a1d0a80e45f577755a28f8f4b94429e1/execute/async - {"script":"<script> [6424 bytes]","args":[{"element-6066-11e4-a52e-4f735466cecf":"f.289E0583247FAD16150B3F0D0A01527A.d.672630D7AEB5545571FDF2E6FAACCFED.e.3701"},"getTitle",[]]}
RESULT: {"script":"<script> [6424 bytes]","args":[{"element-6066-11e4-a52e-4f735466cecf":"f.289E0583247FAD16150B3F0D0A01527A.d.672630D7AEB5545571FDF2E6FAACCFED.e.3701"},"getTitle",[]]}
RESULT: undefined
COMMAND: POST /session/a1d0a80e45f577755a28f8f4b94429e1/element/f.289E0583247FAD16150B3F0D0A01527A.d.672630D7AEB5545571FDF2E6FAACCFED.e.3475/click - {}
RESULT: {}
COMMAND: GET /session/a1d0a80e45f577755a28f8f4b94429e1/screenshot - {}
RESULT: {}
]]></system-out>
    </testcase>
    <testcase classname="chrome.136_0_7103_93.windows.Sanity_Tests_US104253" name="Should open Bin Inventory List page" time="38.807">
      <system-out><![CDATA[
COMMAND: POST /session/a1d0a80e45f577755a28f8f4b94429e1/execute/async - {"script":"<script> [1562 bytes]","args":[{"selector":{"controlType":"sap.m.GenericTile","properties":{"header":"Bin Inventory List"}},"wdio_ui5_key":"sapm.GenericTile{\"header\":\"Bin Inventory List\"}"}]}
RESULT: {"script":"<script> [1562 bytes]","args":[{"selector":{"controlType":"sap.m.GenericTile","properties":{"header":"Bin Inventory List"}},"wdio_ui5_key":"sapm.GenericTile{\"header\":\"Bin Inventory List\"}"}]}
RESULT: undefined
COMMAND: POST /session/a1d0a80e45f577755a28f8f4b94429e1/element - {"using":"xpath","value":"//*[@id=\"__tile103\"]"}
RESULT: {"using":"xpath","value":"//*[@id=\"__tile103\"]"}
COMMAND: POST /session/a1d0a80e45f577755a28f8f4b94429e1/element/f.289E0583247FAD16150B3F0D0A01527A.d.672630D7AEB5545571FDF2E6FAACCFED.e.3703/click - {}
RESULT: {}
COMMAND: GET /session/a1d0a80e45f577755a28f8f4b94429e1/screenshot - {}
RESULT: {}
COMMAND: POST /session/a1d0a80e45f577755a28f8f4b94429e1/elements - {"using":"xpath","value":"//span[text()='Error']"}
RESULT: {"using":"xpath","value":"//span[text()='Error']"}
RESULT: undefined
COMMAND: POST /session/a1d0a80e45f577755a28f8f4b94429e1/element - {"using":"xpath","value":"//*[@id=\"__tile103\"]"}
RESULT: {"using":"xpath","value":"//*[@id=\"__tile103\"]"}
COMMAND: POST /session/a1d0a80e45f577755a28f8f4b94429e1/element/f.289E0583247FAD16150B3F0D0A01527A.d.672630D7AEB5545571FDF2E6FAACCFED.e.3703/click - {}
RESULT: undefined
COMMAND: POST /session/a1d0a80e45f577755a28f8f4b94429e1/element - {"using":"xpath","value":"//*[@id=\"__tile103\"]"}
RESULT: {"using":"xpath","value":"//*[@id=\"__tile103\"]"}
COMMAND: POST /session/a1d0a80e45f577755a28f8f4b94429e1/element/f.289E0583247FAD16150B3F0D0A01527A.d.672630D7AEB5545571FDF2E6FAACCFED.e.3703/click - {}
RESULT: undefined
COMMAND: POST /session/a1d0a80e45f577755a28f8f4b94429e1/execute/async - {"script":"<script> [6424 bytes]","args":[{"element-6066-11e4-a52e-4f735466cecf":"f.289E0583247FAD16150B3F0D0A01527A.d.672630D7AEB5545571FDF2E6FAACCFED.e.288"},"getTitle",[]]}
COMMAND: POST /session/a1d0a80e45f577755a28f8f4b94429e1/execute/async - {"script":"<script> [1562 bytes]","args":[{"selector":{"id":"shellAppTitle"},"wdio_ui5_key":"shellAppTitle"}]}
RESULT: {"script":"<script> [1562 bytes]","args":[{"selector":{"id":"shellAppTitle"},"wdio_ui5_key":"shellAppTitle"}]}
COMMAND: POST /session/a1d0a80e45f577755a28f8f4b94429e1/execute/async - {"script":"<script> [6424 bytes]","args":[{"element-6066-11e4-a52e-4f735466cecf":"f.289E0583247FAD16150B3F0D0A01527A.d.672630D7AEB5545571FDF2E6FAACCFED.e.4090"},"getTitle",[]]}
RESULT: {"script":"<script> [6424 bytes]","args":[{"element-6066-11e4-a52e-4f735466cecf":"f.289E0583247FAD16150B3F0D0A01527A.d.672630D7AEB5545571FDF2E6FAACCFED.e.4090"},"getTitle",[]]}
RESULT: undefined
COMMAND: POST /session/a1d0a80e45f577755a28f8f4b94429e1/element/f.289E0583247FAD16150B3F0D0A01527A.d.672630D7AEB5545571FDF2E6FAACCFED.e.3475/click - {}
COMMAND: POST /session/a1d0a80e45f577755a28f8f4b94429e1/element - {"using":"xpath","value":"//*[@id=\"backBtn\"]"}
RESULT: {"using":"xpath","value":"//*[@id=\"backBtn\"]"}
COMMAND: POST /session/a1d0a80e45f577755a28f8f4b94429e1/element/f.289E0583247FAD16150B3F0D0A01527A.d.672630D7AEB5545571FDF2E6FAACCFED.e.3475/click - {}
COMMAND: POST /session/a1d0a80e45f577755a28f8f4b94429e1/element - {"using":"xpath","value":"//*[@id=\"backBtn\"]"}
RESULT: {"using":"xpath","value":"//*[@id=\"backBtn\"]"}
COMMAND: POST /session/a1d0a80e45f577755a28f8f4b94429e1/element/f.289E0583247FAD16150B3F0D0A01527A.d.672630D7AEB5545571FDF2E6FAACCFED.e.4091/click - {}
RESULT: {}
COMMAND: GET /session/a1d0a80e45f577755a28f8f4b94429e1/screenshot - {}
RESULT: {}
]]></system-out>
    </testcase>
    <testcase classname="chrome.136_0_7103_93.windows.Sanity_Tests_US104253" name="Should open ISC Templates page" time="37.199">
      <system-out><![CDATA[
COMMAND: POST /session/a1d0a80e45f577755a28f8f4b94429e1/execute/async - {"script":"<script> [1562 bytes]","args":[{"selector":{"controlType":"sap.m.GenericTile","properties":{"header":"ISC Templates"}},"wdio_ui5_key":"sapm.GenericTile{\"header\":\"ISC Templates\"}"}]}
RESULT: {"script":"<script> [1562 bytes]","args":[{"selector":{"controlType":"sap.m.GenericTile","properties":{"header":"ISC Templates"}},"wdio_ui5_key":"sapm.GenericTile{\"header\":\"ISC Templates\"}"}]}
RESULT: undefined
COMMAND: POST /session/a1d0a80e45f577755a28f8f4b94429e1/element - {"using":"xpath","value":"//*[@id=\"__tile111\"]"}
RESULT: {"using":"xpath","value":"//*[@id=\"__tile111\"]"}
COMMAND: POST /session/a1d0a80e45f577755a28f8f4b94429e1/element/f.289E0583247FAD16150B3F0D0A01527A.d.672630D7AEB5545571FDF2E6FAACCFED.e.4093/click - {}
RESULT: {}
COMMAND: GET /session/a1d0a80e45f577755a28f8f4b94429e1/screenshot - {}
RESULT: {}
COMMAND: POST /session/a1d0a80e45f577755a28f8f4b94429e1/elements - {"using":"xpath","value":"//span[text()='Error']"}
RESULT: {"using":"xpath","value":"//span[text()='Error']"}
RESULT: undefined
COMMAND: POST /session/a1d0a80e45f577755a28f8f4b94429e1/element - {"using":"xpath","value":"//*[@id=\"__tile111\"]"}
RESULT: {"using":"xpath","value":"//*[@id=\"__tile111\"]"}
COMMAND: POST /session/a1d0a80e45f577755a28f8f4b94429e1/element/f.289E0583247FAD16150B3F0D0A01527A.d.672630D7AEB5545571FDF2E6FAACCFED.e.4093/click - {}
RESULT: undefined
COMMAND: POST /session/a1d0a80e45f577755a28f8f4b94429e1/element - {"using":"xpath","value":"//*[@id=\"__tile111\"]"}
RESULT: {"using":"xpath","value":"//*[@id=\"__tile111\"]"}
COMMAND: POST /session/a1d0a80e45f577755a28f8f4b94429e1/element/f.289E0583247FAD16150B3F0D0A01527A.d.672630D7AEB5545571FDF2E6FAACCFED.e.4093/click - {}
RESULT: undefined
COMMAND: POST /session/a1d0a80e45f577755a28f8f4b94429e1/execute/async - {"script":"<script> [6424 bytes]","args":[{"element-6066-11e4-a52e-4f735466cecf":"f.289E0583247FAD16150B3F0D0A01527A.d.672630D7AEB5545571FDF2E6FAACCFED.e.288"},"getTitle",[]]}
COMMAND: POST /session/a1d0a80e45f577755a28f8f4b94429e1/execute/async - {"script":"<script> [1562 bytes]","args":[{"selector":{"id":"shellAppTitle"},"wdio_ui5_key":"shellAppTitle"}]}
RESULT: {"script":"<script> [1562 bytes]","args":[{"selector":{"id":"shellAppTitle"},"wdio_ui5_key":"shellAppTitle"}]}
COMMAND: POST /session/a1d0a80e45f577755a28f8f4b94429e1/execute/async - {"script":"<script> [6424 bytes]","args":[{"element-6066-11e4-a52e-4f735466cecf":"f.289E0583247FAD16150B3F0D0A01527A.d.672630D7AEB5545571FDF2E6FAACCFED.e.4166"},"getTitle",[]]}
RESULT: {"script":"<script> [6424 bytes]","args":[{"element-6066-11e4-a52e-4f735466cecf":"f.289E0583247FAD16150B3F0D0A01527A.d.672630D7AEB5545571FDF2E6FAACCFED.e.4166"},"getTitle",[]]}
RESULT: undefined
COMMAND: POST /session/a1d0a80e45f577755a28f8f4b94429e1/element/f.289E0583247FAD16150B3F0D0A01527A.d.672630D7AEB5545571FDF2E6FAACCFED.e.4091/click - {}
RESULT: {}
COMMAND: GET /session/a1d0a80e45f577755a28f8f4b94429e1/screenshot - {}
RESULT: {}
]]></system-out>
    </testcase>
    <testcase classname="chrome.136_0_7103_93.windows.Sanity_Tests_US104253" name="Should open ISC Schedules page" time="37.422">
      <system-out><![CDATA[
COMMAND: POST /session/a1d0a80e45f577755a28f8f4b94429e1/execute/async - {"script":"<script> [1562 bytes]","args":[{"selector":{"controlType":"sap.m.GenericTile","properties":{"header":"ISC Schedules"}},"wdio_ui5_key":"sapm.GenericTile{\"header\":\"ISC Schedules\"}"}]}
RESULT: {"script":"<script> [1562 bytes]","args":[{"selector":{"controlType":"sap.m.GenericTile","properties":{"header":"ISC Schedules"}},"wdio_ui5_key":"sapm.GenericTile{\"header\":\"ISC Schedules\"}"}]}
RESULT: undefined
COMMAND: POST /session/a1d0a80e45f577755a28f8f4b94429e1/element - {"using":"xpath","value":"//*[@id=\"__tile109\"]"}
RESULT: {"using":"xpath","value":"//*[@id=\"__tile109\"]"}
COMMAND: POST /session/a1d0a80e45f577755a28f8f4b94429e1/element/f.289E0583247FAD16150B3F0D0A01527A.d.672630D7AEB5545571FDF2E6FAACCFED.e.4169/click - {}
RESULT: {}
COMMAND: GET /session/a1d0a80e45f577755a28f8f4b94429e1/screenshot - {}
RESULT: {}
COMMAND: POST /session/a1d0a80e45f577755a28f8f4b94429e1/elements - {"using":"xpath","value":"//span[text()='Error']"}
RESULT: {"using":"xpath","value":"//span[text()='Error']"}
RESULT: undefined
COMMAND: POST /session/a1d0a80e45f577755a28f8f4b94429e1/element - {"using":"xpath","value":"//*[@id=\"__tile109\"]"}
RESULT: {"using":"xpath","value":"//*[@id=\"__tile109\"]"}
COMMAND: POST /session/a1d0a80e45f577755a28f8f4b94429e1/element/f.289E0583247FAD16150B3F0D0A01527A.d.672630D7AEB5545571FDF2E6FAACCFED.e.4169/click - {}
RESULT: undefined
COMMAND: POST /session/a1d0a80e45f577755a28f8f4b94429e1/element - {"using":"xpath","value":"//*[@id=\"__tile109\"]"}
RESULT: {"using":"xpath","value":"//*[@id=\"__tile109\"]"}
COMMAND: POST /session/a1d0a80e45f577755a28f8f4b94429e1/element/f.289E0583247FAD16150B3F0D0A01527A.d.672630D7AEB5545571FDF2E6FAACCFED.e.4169/click - {}
RESULT: undefined
COMMAND: POST /session/a1d0a80e45f577755a28f8f4b94429e1/execute/async - {"script":"<script> [6424 bytes]","args":[{"element-6066-11e4-a52e-4f735466cecf":"f.289E0583247FAD16150B3F0D0A01527A.d.672630D7AEB5545571FDF2E6FAACCFED.e.288"},"getTitle",[]]}
COMMAND: POST /session/a1d0a80e45f577755a28f8f4b94429e1/execute/async - {"script":"<script> [1562 bytes]","args":[{"selector":{"id":"shellAppTitle"},"wdio_ui5_key":"shellAppTitle"}]}
RESULT: {"script":"<script> [1562 bytes]","args":[{"selector":{"id":"shellAppTitle"},"wdio_ui5_key":"shellAppTitle"}]}
COMMAND: POST /session/a1d0a80e45f577755a28f8f4b94429e1/execute/async - {"script":"<script> [6424 bytes]","args":[{"element-6066-11e4-a52e-4f735466cecf":"f.289E0583247FAD16150B3F0D0A01527A.d.672630D7AEB5545571FDF2E6FAACCFED.e.4250"},"getTitle",[]]}
RESULT: {"script":"<script> [6424 bytes]","args":[{"element-6066-11e4-a52e-4f735466cecf":"f.289E0583247FAD16150B3F0D0A01527A.d.672630D7AEB5545571FDF2E6FAACCFED.e.4250"},"getTitle",[]]}
RESULT: undefined
COMMAND: POST /session/a1d0a80e45f577755a28f8f4b94429e1/element/f.289E0583247FAD16150B3F0D0A01527A.d.672630D7AEB5545571FDF2E6FAACCFED.e.4091/click - {}
COMMAND: POST /session/a1d0a80e45f577755a28f8f4b94429e1/element - {"using":"xpath","value":"//*[@id=\"backBtn\"]"}
RESULT: {"using":"xpath","value":"//*[@id=\"backBtn\"]"}
COMMAND: POST /session/a1d0a80e45f577755a28f8f4b94429e1/element/f.289E0583247FAD16150B3F0D0A01527A.d.672630D7AEB5545571FDF2E6FAACCFED.e.4091/click - {}
COMMAND: POST /session/a1d0a80e45f577755a28f8f4b94429e1/element - {"using":"xpath","value":"//*[@id=\"backBtn\"]"}
RESULT: {"using":"xpath","value":"//*[@id=\"backBtn\"]"}
COMMAND: POST /session/a1d0a80e45f577755a28f8f4b94429e1/element/f.289E0583247FAD16150B3F0D0A01527A.d.672630D7AEB5545571FDF2E6FAACCFED.e.4251/click - {}
RESULT: {}
COMMAND: GET /session/a1d0a80e45f577755a28f8f4b94429e1/screenshot - {}
RESULT: {}
]]></system-out>
    </testcase>
    <testcase classname="chrome.136_0_7103_93.windows.Sanity_Tests_US104253" name="Should open ISC Dashboard page" time="36.318">
      <system-out><![CDATA[
COMMAND: POST /session/a1d0a80e45f577755a28f8f4b94429e1/execute/async - {"script":"<script> [1562 bytes]","args":[{"selector":{"controlType":"sap.m.GenericTile","properties":{"header":"ISC Dashboard"}},"wdio_ui5_key":"sapm.GenericTile{\"header\":\"ISC Dashboard\"}"}]}
RESULT: {"script":"<script> [1562 bytes]","args":[{"selector":{"controlType":"sap.m.GenericTile","properties":{"header":"ISC Dashboard"}},"wdio_ui5_key":"sapm.GenericTile{\"header\":\"ISC Dashboard\"}"}]}
RESULT: undefined
COMMAND: POST /session/a1d0a80e45f577755a28f8f4b94429e1/element - {"using":"xpath","value":"//*[@id=\"__tile106\"]"}
RESULT: {"using":"xpath","value":"//*[@id=\"__tile106\"]"}
COMMAND: POST /session/a1d0a80e45f577755a28f8f4b94429e1/element/f.289E0583247FAD16150B3F0D0A01527A.d.672630D7AEB5545571FDF2E6FAACCFED.e.4253/click - {}
RESULT: {}
COMMAND: GET /session/a1d0a80e45f577755a28f8f4b94429e1/screenshot - {}
RESULT: {}
COMMAND: POST /session/a1d0a80e45f577755a28f8f4b94429e1/elements - {"using":"xpath","value":"//span[text()='Error']"}
RESULT: {"using":"xpath","value":"//span[text()='Error']"}
RESULT: undefined
COMMAND: POST /session/a1d0a80e45f577755a28f8f4b94429e1/element - {"using":"xpath","value":"//*[@id=\"__tile106\"]"}
RESULT: {"using":"xpath","value":"//*[@id=\"__tile106\"]"}
COMMAND: POST /session/a1d0a80e45f577755a28f8f4b94429e1/element/f.289E0583247FAD16150B3F0D0A01527A.d.672630D7AEB5545571FDF2E6FAACCFED.e.4253/click - {}
RESULT: undefined
COMMAND: POST /session/a1d0a80e45f577755a28f8f4b94429e1/element - {"using":"xpath","value":"//*[@id=\"__tile106\"]"}
RESULT: {"using":"xpath","value":"//*[@id=\"__tile106\"]"}
COMMAND: POST /session/a1d0a80e45f577755a28f8f4b94429e1/element/f.289E0583247FAD16150B3F0D0A01527A.d.672630D7AEB5545571FDF2E6FAACCFED.e.4253/click - {}
RESULT: undefined
COMMAND: POST /session/a1d0a80e45f577755a28f8f4b94429e1/execute/async - {"script":"<script> [6424 bytes]","args":[{"element-6066-11e4-a52e-4f735466cecf":"f.289E0583247FAD16150B3F0D0A01527A.d.672630D7AEB5545571FDF2E6FAACCFED.e.288"},"getTitle",[]]}
COMMAND: POST /session/a1d0a80e45f577755a28f8f4b94429e1/execute/async - {"script":"<script> [1562 bytes]","args":[{"selector":{"id":"shellAppTitle"},"wdio_ui5_key":"shellAppTitle"}]}
RESULT: {"script":"<script> [1562 bytes]","args":[{"selector":{"id":"shellAppTitle"},"wdio_ui5_key":"shellAppTitle"}]}
COMMAND: POST /session/a1d0a80e45f577755a28f8f4b94429e1/execute/async - {"script":"<script> [6424 bytes]","args":[{"element-6066-11e4-a52e-4f735466cecf":"f.289E0583247FAD16150B3F0D0A01527A.d.672630D7AEB5545571FDF2E6FAACCFED.e.4374"},"getTitle",[]]}
RESULT: {"script":"<script> [6424 bytes]","args":[{"element-6066-11e4-a52e-4f735466cecf":"f.289E0583247FAD16150B3F0D0A01527A.d.672630D7AEB5545571FDF2E6FAACCFED.e.4374"},"getTitle",[]]}
RESULT: undefined
COMMAND: POST /session/a1d0a80e45f577755a28f8f4b94429e1/element/f.289E0583247FAD16150B3F0D0A01527A.d.672630D7AEB5545571FDF2E6FAACCFED.e.4251/click - {}
RESULT: {}
COMMAND: GET /session/a1d0a80e45f577755a28f8f4b94429e1/screenshot - {}
RESULT: {}
]]></system-out>
    </testcase>
    <testcase classname="chrome.136_0_7103_93.windows.Sanity_Tests_US104253" name="Should open ISC Orders page" time="39.743">
      <system-out><![CDATA[
COMMAND: POST /session/a1d0a80e45f577755a28f8f4b94429e1/execute/async - {"script":"<script> [1562 bytes]","args":[{"selector":{"controlType":"sap.m.GenericTile","properties":{"header":"ISC Orders"}},"wdio_ui5_key":"sapm.GenericTile{\"header\":\"ISC Orders\"}"}]}
RESULT: {"script":"<script> [1562 bytes]","args":[{"selector":{"controlType":"sap.m.GenericTile","properties":{"header":"ISC Orders"}},"wdio_ui5_key":"sapm.GenericTile{\"header\":\"ISC Orders\"}"}]}
RESULT: undefined
COMMAND: POST /session/a1d0a80e45f577755a28f8f4b94429e1/element - {"using":"xpath","value":"//*[@id=\"__tile108\"]"}
RESULT: {"using":"xpath","value":"//*[@id=\"__tile108\"]"}
COMMAND: POST /session/a1d0a80e45f577755a28f8f4b94429e1/element/f.289E0583247FAD16150B3F0D0A01527A.d.672630D7AEB5545571FDF2E6FAACCFED.e.4376/click - {}
RESULT: {}
COMMAND: GET /session/a1d0a80e45f577755a28f8f4b94429e1/screenshot - {}
RESULT: {}
COMMAND: POST /session/a1d0a80e45f577755a28f8f4b94429e1/elements - {"using":"xpath","value":"//span[text()='Error']"}
RESULT: {"using":"xpath","value":"//span[text()='Error']"}
RESULT: undefined
COMMAND: POST /session/a1d0a80e45f577755a28f8f4b94429e1/element - {"using":"xpath","value":"//*[@id=\"__tile108\"]"}
RESULT: {"using":"xpath","value":"//*[@id=\"__tile108\"]"}
COMMAND: POST /session/a1d0a80e45f577755a28f8f4b94429e1/element/f.289E0583247FAD16150B3F0D0A01527A.d.672630D7AEB5545571FDF2E6FAACCFED.e.4376/click - {}
RESULT: undefined
COMMAND: POST /session/a1d0a80e45f577755a28f8f4b94429e1/element - {"using":"xpath","value":"//*[@id=\"__tile108\"]"}
RESULT: {"using":"xpath","value":"//*[@id=\"__tile108\"]"}
COMMAND: POST /session/a1d0a80e45f577755a28f8f4b94429e1/element/f.289E0583247FAD16150B3F0D0A01527A.d.672630D7AEB5545571FDF2E6FAACCFED.e.4376/click - {}
RESULT: undefined
COMMAND: POST /session/a1d0a80e45f577755a28f8f4b94429e1/execute/async - {"script":"<script> [6424 bytes]","args":[{"element-6066-11e4-a52e-4f735466cecf":"f.289E0583247FAD16150B3F0D0A01527A.d.672630D7AEB5545571FDF2E6FAACCFED.e.288"},"getTitle",[]]}
COMMAND: POST /session/a1d0a80e45f577755a28f8f4b94429e1/execute/async - {"script":"<script> [1562 bytes]","args":[{"selector":{"id":"shellAppTitle"},"wdio_ui5_key":"shellAppTitle"}]}
RESULT: {"script":"<script> [1562 bytes]","args":[{"selector":{"id":"shellAppTitle"},"wdio_ui5_key":"shellAppTitle"}]}
COMMAND: POST /session/a1d0a80e45f577755a28f8f4b94429e1/execute/async - {"script":"<script> [6424 bytes]","args":[{"element-6066-11e4-a52e-4f735466cecf":"f.289E0583247FAD16150B3F0D0A01527A.d.672630D7AEB5545571FDF2E6FAACCFED.e.4491"},"getTitle",[]]}
RESULT: {"script":"<script> [6424 bytes]","args":[{"element-6066-11e4-a52e-4f735466cecf":"f.289E0583247FAD16150B3F0D0A01527A.d.672630D7AEB5545571FDF2E6FAACCFED.e.4491"},"getTitle",[]]}
RESULT: undefined
COMMAND: POST /session/a1d0a80e45f577755a28f8f4b94429e1/element/f.289E0583247FAD16150B3F0D0A01527A.d.672630D7AEB5545571FDF2E6FAACCFED.e.4251/click - {}
COMMAND: POST /session/a1d0a80e45f577755a28f8f4b94429e1/element - {"using":"xpath","value":"//*[@id=\"backBtn\"]"}
RESULT: {"using":"xpath","value":"//*[@id=\"backBtn\"]"}
COMMAND: POST /session/a1d0a80e45f577755a28f8f4b94429e1/element/f.289E0583247FAD16150B3F0D0A01527A.d.672630D7AEB5545571FDF2E6FAACCFED.e.4251/click - {}
COMMAND: POST /session/a1d0a80e45f577755a28f8f4b94429e1/element - {"using":"xpath","value":"//*[@id=\"backBtn\"]"}
RESULT: {"using":"xpath","value":"//*[@id=\"backBtn\"]"}
COMMAND: POST /session/a1d0a80e45f577755a28f8f4b94429e1/element/f.289E0583247FAD16150B3F0D0A01527A.d.672630D7AEB5545571FDF2E6FAACCFED.e.4492/click - {}
RESULT: {}
COMMAND: GET /session/a1d0a80e45f577755a28f8f4b94429e1/screenshot - {}
RESULT: {}
]]></system-out>
    </testcase>
    <testcase classname="chrome.136_0_7103_93.windows.Sanity_Tests_US104253" name="Should open ISC Tasks page" time="37.673">
      <system-out><![CDATA[
COMMAND: POST /session/a1d0a80e45f577755a28f8f4b94429e1/execute/async - {"script":"<script> [1562 bytes]","args":[{"selector":{"controlType":"sap.m.GenericTile","properties":{"header":"ISC Tasks"}},"wdio_ui5_key":"sapm.GenericTile{\"header\":\"ISC Tasks\"}"}]}
RESULT: {"script":"<script> [1562 bytes]","args":[{"selector":{"controlType":"sap.m.GenericTile","properties":{"header":"ISC Tasks"}},"wdio_ui5_key":"sapm.GenericTile{\"header\":\"ISC Tasks\"}"}]}
RESULT: undefined
COMMAND: POST /session/a1d0a80e45f577755a28f8f4b94429e1/element - {"using":"xpath","value":"//*[@id=\"__tile110\"]"}
RESULT: {"using":"xpath","value":"//*[@id=\"__tile110\"]"}
COMMAND: POST /session/a1d0a80e45f577755a28f8f4b94429e1/element/f.289E0583247FAD16150B3F0D0A01527A.d.672630D7AEB5545571FDF2E6FAACCFED.e.4494/click - {}
RESULT: {}
COMMAND: GET /session/a1d0a80e45f577755a28f8f4b94429e1/screenshot - {}
RESULT: {}
COMMAND: POST /session/a1d0a80e45f577755a28f8f4b94429e1/elements - {"using":"xpath","value":"//span[text()='Error']"}
RESULT: {"using":"xpath","value":"//span[text()='Error']"}
RESULT: undefined
COMMAND: POST /session/a1d0a80e45f577755a28f8f4b94429e1/element - {"using":"xpath","value":"//*[@id=\"__tile110\"]"}
RESULT: {"using":"xpath","value":"//*[@id=\"__tile110\"]"}
COMMAND: POST /session/a1d0a80e45f577755a28f8f4b94429e1/element/f.289E0583247FAD16150B3F0D0A01527A.d.672630D7AEB5545571FDF2E6FAACCFED.e.4494/click - {}
RESULT: undefined
COMMAND: POST /session/a1d0a80e45f577755a28f8f4b94429e1/element - {"using":"xpath","value":"//*[@id=\"__tile110\"]"}
RESULT: {"using":"xpath","value":"//*[@id=\"__tile110\"]"}
COMMAND: POST /session/a1d0a80e45f577755a28f8f4b94429e1/element/f.289E0583247FAD16150B3F0D0A01527A.d.672630D7AEB5545571FDF2E6FAACCFED.e.4494/click - {}
RESULT: undefined
COMMAND: POST /session/a1d0a80e45f577755a28f8f4b94429e1/execute/async - {"script":"<script> [6424 bytes]","args":[{"element-6066-11e4-a52e-4f735466cecf":"f.289E0583247FAD16150B3F0D0A01527A.d.672630D7AEB5545571FDF2E6FAACCFED.e.288"},"getTitle",[]]}
COMMAND: POST /session/a1d0a80e45f577755a28f8f4b94429e1/execute/async - {"script":"<script> [1562 bytes]","args":[{"selector":{"id":"shellAppTitle"},"wdio_ui5_key":"shellAppTitle"}]}
RESULT: {"script":"<script> [1562 bytes]","args":[{"selector":{"id":"shellAppTitle"},"wdio_ui5_key":"shellAppTitle"}]}
COMMAND: POST /session/a1d0a80e45f577755a28f8f4b94429e1/execute/async - {"script":"<script> [6424 bytes]","args":[{"element-6066-11e4-a52e-4f735466cecf":"f.289E0583247FAD16150B3F0D0A01527A.d.672630D7AEB5545571FDF2E6FAACCFED.e.4589"},"getTitle",[]]}
RESULT: {"script":"<script> [6424 bytes]","args":[{"element-6066-11e4-a52e-4f735466cecf":"f.289E0583247FAD16150B3F0D0A01527A.d.672630D7AEB5545571FDF2E6FAACCFED.e.4589"},"getTitle",[]]}
RESULT: undefined
COMMAND: POST /session/a1d0a80e45f577755a28f8f4b94429e1/element/f.289E0583247FAD16150B3F0D0A01527A.d.672630D7AEB5545571FDF2E6FAACCFED.e.4492/click - {}
RESULT: {}
COMMAND: GET /session/a1d0a80e45f577755a28f8f4b94429e1/screenshot - {}
RESULT: {}
]]></system-out>
    </testcase>
    <testcase classname="chrome.136_0_7103_93.windows.Sanity_Tests_US104253" name="Should open Manage Resource Logbook page" time="37.043">
      <system-out><![CDATA[
COMMAND: POST /session/a1d0a80e45f577755a28f8f4b94429e1/execute/async - {"script":"<script> [1562 bytes]","args":[{"selector":{"controlType":"sap.m.GenericTile","properties":{"header":"Manage Resource Logbook"}},"wdio_ui5_key":"sapm.GenericTile{\"header\":\"Manage Resource Logbook\"}"}]}
RESULT: {"script":"<script> [1562 bytes]","args":[{"selector":{"controlType":"sap.m.GenericTile","properties":{"header":"Manage Resource Logbook"}},"wdio_ui5_key":"sapm.GenericTile{\"header\":\"Manage Resource Logbook\"}"}]}
RESULT: undefined
COMMAND: POST /session/a1d0a80e45f577755a28f8f4b94429e1/element - {"using":"xpath","value":"//*[@id=\"__tile113\"]"}
RESULT: {"using":"xpath","value":"//*[@id=\"__tile113\"]"}
COMMAND: POST /session/a1d0a80e45f577755a28f8f4b94429e1/element/f.289E0583247FAD16150B3F0D0A01527A.d.672630D7AEB5545571FDF2E6FAACCFED.e.4591/click - {}
RESULT: {}
COMMAND: GET /session/a1d0a80e45f577755a28f8f4b94429e1/screenshot - {}
RESULT: {}
COMMAND: POST /session/a1d0a80e45f577755a28f8f4b94429e1/elements - {"using":"xpath","value":"//span[text()='Error']"}
RESULT: {"using":"xpath","value":"//span[text()='Error']"}
RESULT: undefined
COMMAND: POST /session/a1d0a80e45f577755a28f8f4b94429e1/element - {"using":"xpath","value":"//*[@id=\"__tile113\"]"}
RESULT: {"using":"xpath","value":"//*[@id=\"__tile113\"]"}
COMMAND: POST /session/a1d0a80e45f577755a28f8f4b94429e1/element/f.289E0583247FAD16150B3F0D0A01527A.d.672630D7AEB5545571FDF2E6FAACCFED.e.4591/click - {}
RESULT: undefined
COMMAND: POST /session/a1d0a80e45f577755a28f8f4b94429e1/element - {"using":"xpath","value":"//*[@id=\"__tile113\"]"}
RESULT: {"using":"xpath","value":"//*[@id=\"__tile113\"]"}
COMMAND: POST /session/a1d0a80e45f577755a28f8f4b94429e1/element/f.289E0583247FAD16150B3F0D0A01527A.d.672630D7AEB5545571FDF2E6FAACCFED.e.4591/click - {}
RESULT: undefined
COMMAND: POST /session/a1d0a80e45f577755a28f8f4b94429e1/execute/async - {"script":"<script> [6424 bytes]","args":[{"element-6066-11e4-a52e-4f735466cecf":"f.289E0583247FAD16150B3F0D0A01527A.d.672630D7AEB5545571FDF2E6FAACCFED.e.288"},"getTitle",[]]}
COMMAND: POST /session/a1d0a80e45f577755a28f8f4b94429e1/execute/async - {"script":"<script> [1562 bytes]","args":[{"selector":{"id":"shellAppTitle"},"wdio_ui5_key":"shellAppTitle"}]}
RESULT: {"script":"<script> [1562 bytes]","args":[{"selector":{"id":"shellAppTitle"},"wdio_ui5_key":"shellAppTitle"}]}
COMMAND: POST /session/a1d0a80e45f577755a28f8f4b94429e1/execute/async - {"script":"<script> [6424 bytes]","args":[{"element-6066-11e4-a52e-4f735466cecf":"f.289E0583247FAD16150B3F0D0A01527A.d.672630D7AEB5545571FDF2E6FAACCFED.e.4961"},"getTitle",[]]}
RESULT: {"script":"<script> [6424 bytes]","args":[{"element-6066-11e4-a52e-4f735466cecf":"f.289E0583247FAD16150B3F0D0A01527A.d.672630D7AEB5545571FDF2E6FAACCFED.e.4961"},"getTitle",[]]}
RESULT: undefined
COMMAND: POST /session/a1d0a80e45f577755a28f8f4b94429e1/element/f.289E0583247FAD16150B3F0D0A01527A.d.672630D7AEB5545571FDF2E6FAACCFED.e.4492/click - {}
COMMAND: POST /session/a1d0a80e45f577755a28f8f4b94429e1/element - {"using":"xpath","value":"//*[@id=\"backBtn\"]"}
RESULT: {"using":"xpath","value":"//*[@id=\"backBtn\"]"}
COMMAND: POST /session/a1d0a80e45f577755a28f8f4b94429e1/element/f.289E0583247FAD16150B3F0D0A01527A.d.672630D7AEB5545571FDF2E6FAACCFED.e.4492/click - {}
COMMAND: POST /session/a1d0a80e45f577755a28f8f4b94429e1/element - {"using":"xpath","value":"//*[@id=\"backBtn\"]"}
RESULT: {"using":"xpath","value":"//*[@id=\"backBtn\"]"}
COMMAND: POST /session/a1d0a80e45f577755a28f8f4b94429e1/element/f.289E0583247FAD16150B3F0D0A01527A.d.672630D7AEB5545571FDF2E6FAACCFED.e.4962/click - {}
RESULT: {}
COMMAND: GET /session/a1d0a80e45f577755a28f8f4b94429e1/screenshot - {}
RESULT: {}
]]></system-out>
    </testcase>
    <testcase classname="chrome.136_0_7103_93.windows.Sanity_Tests_US104253" name="Should open Manage Logbook page" time="38.318">
      <system-out><![CDATA[
COMMAND: POST /session/a1d0a80e45f577755a28f8f4b94429e1/execute/async - {"script":"<script> [1562 bytes]","args":[{"selector":{"controlType":"sap.m.GenericTile","properties":{"header":"Manage Logbook"}},"wdio_ui5_key":"sapm.GenericTile{\"header\":\"Manage Logbook\"}"}]}
RESULT: {"script":"<script> [1562 bytes]","args":[{"selector":{"controlType":"sap.m.GenericTile","properties":{"header":"Manage Logbook"}},"wdio_ui5_key":"sapm.GenericTile{\"header\":\"Manage Logbook\"}"}]}
RESULT: undefined
COMMAND: POST /session/a1d0a80e45f577755a28f8f4b94429e1/element - {"using":"xpath","value":"//*[@id=\"__tile112\"]"}
RESULT: {"using":"xpath","value":"//*[@id=\"__tile112\"]"}
COMMAND: POST /session/a1d0a80e45f577755a28f8f4b94429e1/element/f.289E0583247FAD16150B3F0D0A01527A.d.672630D7AEB5545571FDF2E6FAACCFED.e.4964/click - {}
RESULT: {}
COMMAND: GET /session/a1d0a80e45f577755a28f8f4b94429e1/screenshot - {}
RESULT: {}
COMMAND: POST /session/a1d0a80e45f577755a28f8f4b94429e1/elements - {"using":"xpath","value":"//span[text()='Error']"}
RESULT: {"using":"xpath","value":"//span[text()='Error']"}
RESULT: undefined
COMMAND: POST /session/a1d0a80e45f577755a28f8f4b94429e1/element - {"using":"xpath","value":"//*[@id=\"__tile112\"]"}
RESULT: {"using":"xpath","value":"//*[@id=\"__tile112\"]"}
COMMAND: POST /session/a1d0a80e45f577755a28f8f4b94429e1/element/f.289E0583247FAD16150B3F0D0A01527A.d.672630D7AEB5545571FDF2E6FAACCFED.e.4964/click - {}
RESULT: undefined
COMMAND: POST /session/a1d0a80e45f577755a28f8f4b94429e1/element - {"using":"xpath","value":"//*[@id=\"__tile112\"]"}
RESULT: {"using":"xpath","value":"//*[@id=\"__tile112\"]"}
COMMAND: POST /session/a1d0a80e45f577755a28f8f4b94429e1/element/f.289E0583247FAD16150B3F0D0A01527A.d.672630D7AEB5545571FDF2E6FAACCFED.e.4964/click - {}
RESULT: undefined
COMMAND: POST /session/a1d0a80e45f577755a28f8f4b94429e1/execute/async - {"script":"<script> [6424 bytes]","args":[{"element-6066-11e4-a52e-4f735466cecf":"f.289E0583247FAD16150B3F0D0A01527A.d.672630D7AEB5545571FDF2E6FAACCFED.e.288"},"getTitle",[]]}
COMMAND: POST /session/a1d0a80e45f577755a28f8f4b94429e1/execute/async - {"script":"<script> [1562 bytes]","args":[{"selector":{"id":"shellAppTitle"},"wdio_ui5_key":"shellAppTitle"}]}
RESULT: {"script":"<script> [1562 bytes]","args":[{"selector":{"id":"shellAppTitle"},"wdio_ui5_key":"shellAppTitle"}]}
COMMAND: POST /session/a1d0a80e45f577755a28f8f4b94429e1/execute/async - {"script":"<script> [6424 bytes]","args":[{"element-6066-11e4-a52e-4f735466cecf":"f.289E0583247FAD16150B3F0D0A01527A.d.672630D7AEB5545571FDF2E6FAACCFED.e.5049"},"getTitle",[]]}
RESULT: {"script":"<script> [6424 bytes]","args":[{"element-6066-11e4-a52e-4f735466cecf":"f.289E0583247FAD16150B3F0D0A01527A.d.672630D7AEB5545571FDF2E6FAACCFED.e.5049"},"getTitle",[]]}
RESULT: undefined
COMMAND: POST /session/a1d0a80e45f577755a28f8f4b94429e1/element/f.289E0583247FAD16150B3F0D0A01527A.d.672630D7AEB5545571FDF2E6FAACCFED.e.4962/click - {}
RESULT: {}
COMMAND: GET /session/a1d0a80e45f577755a28f8f4b94429e1/screenshot - {}
RESULT: {}
]]></system-out>
    </testcase>
    <testcase classname="chrome.136_0_7103_93.windows.Sanity_Tests_US104253" name="Should open ISC Orders Calendar page" time="37.183">
      <system-out><![CDATA[
COMMAND: POST /session/a1d0a80e45f577755a28f8f4b94429e1/execute/async - {"script":"<script> [1562 bytes]","args":[{"selector":{"controlType":"sap.m.GenericTile","properties":{"header":"ISC Orders Calendar"}},"wdio_ui5_key":"sapm.GenericTile{\"header\":\"ISC Orders Calendar\"}"}]}
RESULT: {"script":"<script> [1562 bytes]","args":[{"selector":{"controlType":"sap.m.GenericTile","properties":{"header":"ISC Orders Calendar"}},"wdio_ui5_key":"sapm.GenericTile{\"header\":\"ISC Orders Calendar\"}"}]}
RESULT: undefined
COMMAND: POST /session/a1d0a80e45f577755a28f8f4b94429e1/element - {"using":"xpath","value":"//*[@id=\"__tile107\"]"}
RESULT: {"using":"xpath","value":"//*[@id=\"__tile107\"]"}
COMMAND: POST /session/a1d0a80e45f577755a28f8f4b94429e1/element/f.289E0583247FAD16150B3F0D0A01527A.d.672630D7AEB5545571FDF2E6FAACCFED.e.108/click - {}
RESULT: {}
COMMAND: GET /session/a1d0a80e45f577755a28f8f4b94429e1/screenshot - {}
RESULT: {}
COMMAND: POST /session/a1d0a80e45f577755a28f8f4b94429e1/elements - {"using":"xpath","value":"//span[text()='Error']"}
RESULT: {"using":"xpath","value":"//span[text()='Error']"}
RESULT: undefined
COMMAND: POST /session/a1d0a80e45f577755a28f8f4b94429e1/element - {"using":"xpath","value":"//*[@id=\"__tile107\"]"}
RESULT: {"using":"xpath","value":"//*[@id=\"__tile107\"]"}
COMMAND: POST /session/a1d0a80e45f577755a28f8f4b94429e1/element/f.289E0583247FAD16150B3F0D0A01527A.d.672630D7AEB5545571FDF2E6FAACCFED.e.108/click - {}
RESULT: undefined
COMMAND: POST /session/a1d0a80e45f577755a28f8f4b94429e1/element - {"using":"xpath","value":"//*[@id=\"__tile107\"]"}
RESULT: {"using":"xpath","value":"//*[@id=\"__tile107\"]"}
COMMAND: POST /session/a1d0a80e45f577755a28f8f4b94429e1/element/f.289E0583247FAD16150B3F0D0A01527A.d.672630D7AEB5545571FDF2E6FAACCFED.e.108/click - {}
RESULT: undefined
COMMAND: POST /session/a1d0a80e45f577755a28f8f4b94429e1/execute/async - {"script":"<script> [6424 bytes]","args":[{"element-6066-11e4-a52e-4f735466cecf":"f.289E0583247FAD16150B3F0D0A01527A.d.672630D7AEB5545571FDF2E6FAACCFED.e.288"},"getTitle",[]]}
COMMAND: POST /session/a1d0a80e45f577755a28f8f4b94429e1/execute/async - {"script":"<script> [1562 bytes]","args":[{"selector":{"id":"shellAppTitle"},"wdio_ui5_key":"shellAppTitle"}]}
RESULT: {"script":"<script> [1562 bytes]","args":[{"selector":{"id":"shellAppTitle"},"wdio_ui5_key":"shellAppTitle"}]}
COMMAND: POST /session/a1d0a80e45f577755a28f8f4b94429e1/execute/async - {"script":"<script> [6424 bytes]","args":[{"element-6066-11e4-a52e-4f735466cecf":"f.289E0583247FAD16150B3F0D0A01527A.d.672630D7AEB5545571FDF2E6FAACCFED.e.5266"},"getTitle",[]]}
RESULT: {"script":"<script> [6424 bytes]","args":[{"element-6066-11e4-a52e-4f735466cecf":"f.289E0583247FAD16150B3F0D0A01527A.d.672630D7AEB5545571FDF2E6FAACCFED.e.5266"},"getTitle",[]]}
RESULT: undefined
COMMAND: POST /session/a1d0a80e45f577755a28f8f4b94429e1/element/f.289E0583247FAD16150B3F0D0A01527A.d.672630D7AEB5545571FDF2E6FAACCFED.e.4962/click - {}
COMMAND: POST /session/a1d0a80e45f577755a28f8f4b94429e1/element - {"using":"xpath","value":"//*[@id=\"backBtn\"]"}
RESULT: {"using":"xpath","value":"//*[@id=\"backBtn\"]"}
COMMAND: POST /session/a1d0a80e45f577755a28f8f4b94429e1/element/f.289E0583247FAD16150B3F0D0A01527A.d.672630D7AEB5545571FDF2E6FAACCFED.e.4962/click - {}
COMMAND: POST /session/a1d0a80e45f577755a28f8f4b94429e1/element - {"using":"xpath","value":"//*[@id=\"backBtn\"]"}
RESULT: {"using":"xpath","value":"//*[@id=\"backBtn\"]"}
COMMAND: POST /session/a1d0a80e45f577755a28f8f4b94429e1/element/f.289E0583247FAD16150B3F0D0A01527A.d.672630D7AEB5545571FDF2E6FAACCFED.e.5267/click - {}
RESULT: {}
COMMAND: GET /session/a1d0a80e45f577755a28f8f4b94429e1/screenshot - {}
RESULT: {}
]]></system-out>
    </testcase>
    <testcase classname="chrome.136_0_7103_93.windows.Sanity_Tests_US104253" name="Should open Configure System page" time="44.026">
      <system-out><![CDATA[
COMMAND: POST /session/a1d0a80e45f577755a28f8f4b94429e1/execute/async - {"script":"<script> [1562 bytes]","args":[{"selector":{"controlType":"sap.m.GenericTile","properties":{"header":"Configure System"}},"wdio_ui5_key":"sapm.GenericTile{\"header\":\"Configure System\"}"}]}
RESULT: {"script":"<script> [1562 bytes]","args":[{"selector":{"controlType":"sap.m.GenericTile","properties":{"header":"Configure System"}},"wdio_ui5_key":"sapm.GenericTile{\"header\":\"Configure System\"}"}]}
RESULT: undefined
COMMAND: POST /session/a1d0a80e45f577755a28f8f4b94429e1/element - {"using":"xpath","value":"//*[@id=\"__tile114\"]"}
RESULT: {"using":"xpath","value":"//*[@id=\"__tile114\"]"}
COMMAND: POST /session/a1d0a80e45f577755a28f8f4b94429e1/element/f.289E0583247FAD16150B3F0D0A01527A.d.672630D7AEB5545571FDF2E6FAACCFED.e.5269/click - {}
RESULT: {}
COMMAND: GET /session/a1d0a80e45f577755a28f8f4b94429e1/screenshot - {}
RESULT: {}
COMMAND: POST /session/a1d0a80e45f577755a28f8f4b94429e1/elements - {"using":"xpath","value":"//span[text()='Error']"}
RESULT: {"using":"xpath","value":"//span[text()='Error']"}
RESULT: undefined
COMMAND: POST /session/a1d0a80e45f577755a28f8f4b94429e1/element - {"using":"xpath","value":"//*[@id=\"__tile114\"]"}
RESULT: {"using":"xpath","value":"//*[@id=\"__tile114\"]"}
COMMAND: POST /session/a1d0a80e45f577755a28f8f4b94429e1/element/f.289E0583247FAD16150B3F0D0A01527A.d.672630D7AEB5545571FDF2E6FAACCFED.e.5269/click - {}
RESULT: undefined
COMMAND: POST /session/a1d0a80e45f577755a28f8f4b94429e1/element - {"using":"xpath","value":"//*[@id=\"__tile114\"]"}
RESULT: {"using":"xpath","value":"//*[@id=\"__tile114\"]"}
COMMAND: POST /session/a1d0a80e45f577755a28f8f4b94429e1/element/f.289E0583247FAD16150B3F0D0A01527A.d.672630D7AEB5545571FDF2E6FAACCFED.e.5269/click - {}
RESULT: undefined
COMMAND: POST /session/a1d0a80e45f577755a28f8f4b94429e1/execute/async - {"script":"<script> [6424 bytes]","args":[{"element-6066-11e4-a52e-4f735466cecf":"f.289E0583247FAD16150B3F0D0A01527A.d.672630D7AEB5545571FDF2E6FAACCFED.e.288"},"getTitle",[]]}
COMMAND: POST /session/a1d0a80e45f577755a28f8f4b94429e1/execute/async - {"script":"<script> [1562 bytes]","args":[{"selector":{"id":"shellAppTitle"},"wdio_ui5_key":"shellAppTitle"}]}
RESULT: {"script":"<script> [1562 bytes]","args":[{"selector":{"id":"shellAppTitle"},"wdio_ui5_key":"shellAppTitle"}]}
COMMAND: POST /session/a1d0a80e45f577755a28f8f4b94429e1/execute/async - {"script":"<script> [6424 bytes]","args":[{"element-6066-11e4-a52e-4f735466cecf":"f.289E0583247FAD16150B3F0D0A01527A.d.672630D7AEB5545571FDF2E6FAACCFED.e.5309"},"getTitle",[]]}
RESULT: {"script":"<script> [6424 bytes]","args":[{"element-6066-11e4-a52e-4f735466cecf":"f.289E0583247FAD16150B3F0D0A01527A.d.672630D7AEB5545571FDF2E6FAACCFED.e.5309"},"getTitle",[]]}
RESULT: undefined
COMMAND: POST /session/a1d0a80e45f577755a28f8f4b94429e1/element/f.289E0583247FAD16150B3F0D0A01527A.d.672630D7AEB5545571FDF2E6FAACCFED.e.5267/click - {}
RESULT: {}
COMMAND: GET /session/a1d0a80e45f577755a28f8f4b94429e1/screenshot - {}
RESULT: {}
]]></system-out>
    </testcase>
    <testcase classname="chrome.136_0_7103_93.windows.Sanity_Tests_US104253" name="Should open Manage Classifications page" time="39.508">
      <system-out><![CDATA[
COMMAND: POST /session/a1d0a80e45f577755a28f8f4b94429e1/execute/async - {"script":"<script> [1562 bytes]","args":[{"selector":{"controlType":"sap.m.GenericTile","properties":{"header":"Manage Classifications"}},"wdio_ui5_key":"sapm.GenericTile{\"header\":\"Manage Classifications\"}"}]}
RESULT: {"script":"<script> [1562 bytes]","args":[{"selector":{"controlType":"sap.m.GenericTile","properties":{"header":"Manage Classifications"}},"wdio_ui5_key":"sapm.GenericTile{\"header\":\"Manage Classifications\"}"}]}
RESULT: undefined
COMMAND: POST /session/a1d0a80e45f577755a28f8f4b94429e1/element - {"using":"xpath","value":"//*[@id=\"__tile115\"]"}
RESULT: {"using":"xpath","value":"//*[@id=\"__tile115\"]"}
COMMAND: POST /session/a1d0a80e45f577755a28f8f4b94429e1/element/f.289E0583247FAD16150B3F0D0A01527A.d.672630D7AEB5545571FDF2E6FAACCFED.e.5313/click - {}
RESULT: {}
COMMAND: GET /session/a1d0a80e45f577755a28f8f4b94429e1/screenshot - {}
RESULT: {}
COMMAND: POST /session/a1d0a80e45f577755a28f8f4b94429e1/elements - {"using":"xpath","value":"//span[text()='Error']"}
RESULT: {"using":"xpath","value":"//span[text()='Error']"}
RESULT: undefined
COMMAND: POST /session/a1d0a80e45f577755a28f8f4b94429e1/element - {"using":"xpath","value":"//*[@id=\"__tile115\"]"}
RESULT: {"using":"xpath","value":"//*[@id=\"__tile115\"]"}
COMMAND: POST /session/a1d0a80e45f577755a28f8f4b94429e1/element/f.289E0583247FAD16150B3F0D0A01527A.d.672630D7AEB5545571FDF2E6FAACCFED.e.5313/click - {}
RESULT: undefined
COMMAND: POST /session/a1d0a80e45f577755a28f8f4b94429e1/element - {"using":"xpath","value":"//*[@id=\"__tile115\"]"}
RESULT: {"using":"xpath","value":"//*[@id=\"__tile115\"]"}
COMMAND: POST /session/a1d0a80e45f577755a28f8f4b94429e1/element/f.289E0583247FAD16150B3F0D0A01527A.d.672630D7AEB5545571FDF2E6FAACCFED.e.5313/click - {}
RESULT: undefined
COMMAND: POST /session/a1d0a80e45f577755a28f8f4b94429e1/execute/async - {"script":"<script> [6424 bytes]","args":[{"element-6066-11e4-a52e-4f735466cecf":"f.289E0583247FAD16150B3F0D0A01527A.d.672630D7AEB5545571FDF2E6FAACCFED.e.288"},"getTitle",[]]}
COMMAND: POST /session/a1d0a80e45f577755a28f8f4b94429e1/execute/async - {"script":"<script> [1562 bytes]","args":[{"selector":{"id":"shellAppTitle"},"wdio_ui5_key":"shellAppTitle"}]}
RESULT: {"script":"<script> [1562 bytes]","args":[{"selector":{"id":"shellAppTitle"},"wdio_ui5_key":"shellAppTitle"}]}
COMMAND: POST /session/a1d0a80e45f577755a28f8f4b94429e1/execute/async - {"script":"<script> [6424 bytes]","args":[{"element-6066-11e4-a52e-4f735466cecf":"f.289E0583247FAD16150B3F0D0A01527A.d.672630D7AEB5545571FDF2E6FAACCFED.e.5554"},"getTitle",[]]}
RESULT: {"script":"<script> [6424 bytes]","args":[{"element-6066-11e4-a52e-4f735466cecf":"f.289E0583247FAD16150B3F0D0A01527A.d.672630D7AEB5545571FDF2E6FAACCFED.e.5554"},"getTitle",[]]}
RESULT: undefined
COMMAND: POST /session/a1d0a80e45f577755a28f8f4b94429e1/element/f.289E0583247FAD16150B3F0D0A01527A.d.672630D7AEB5545571FDF2E6FAACCFED.e.5267/click - {}
COMMAND: POST /session/a1d0a80e45f577755a28f8f4b94429e1/element - {"using":"xpath","value":"//*[@id=\"backBtn\"]"}
RESULT: {"using":"xpath","value":"//*[@id=\"backBtn\"]"}
COMMAND: POST /session/a1d0a80e45f577755a28f8f4b94429e1/element/f.289E0583247FAD16150B3F0D0A01527A.d.672630D7AEB5545571FDF2E6FAACCFED.e.5267/click - {}
COMMAND: POST /session/a1d0a80e45f577755a28f8f4b94429e1/element - {"using":"xpath","value":"//*[@id=\"backBtn\"]"}
RESULT: {"using":"xpath","value":"//*[@id=\"backBtn\"]"}
COMMAND: POST /session/a1d0a80e45f577755a28f8f4b94429e1/element/f.289E0583247FAD16150B3F0D0A01527A.d.672630D7AEB5545571FDF2E6FAACCFED.e.5555/click - {}
RESULT: {}
COMMAND: GET /session/a1d0a80e45f577755a28f8f4b94429e1/screenshot - {}
RESULT: {}
]]></system-out>
    </testcase>
    <testcase classname="chrome.136_0_7103_93.windows.Sanity_Tests_US104253" name="Should open Data Explorer page" time="37.836">
      <system-out><![CDATA[
COMMAND: POST /session/a1d0a80e45f577755a28f8f4b94429e1/execute/async - {"script":"<script> [1562 bytes]","args":[{"selector":{"controlType":"sap.m.GenericTile","properties":{"header":"Data Explorer"}},"wdio_ui5_key":"sapm.GenericTile{\"header\":\"Data Explorer\"}"}]}
RESULT: {"script":"<script> [1562 bytes]","args":[{"selector":{"controlType":"sap.m.GenericTile","properties":{"header":"Data Explorer"}},"wdio_ui5_key":"sapm.GenericTile{\"header\":\"Data Explorer\"}"}]}
RESULT: undefined
COMMAND: POST /session/a1d0a80e45f577755a28f8f4b94429e1/element - {"using":"xpath","value":"//*[@id=\"__tile117\"]"}
RESULT: {"using":"xpath","value":"//*[@id=\"__tile117\"]"}
COMMAND: POST /session/a1d0a80e45f577755a28f8f4b94429e1/element/f.289E0583247FAD16150B3F0D0A01527A.d.672630D7AEB5545571FDF2E6FAACCFED.e.5557/click - {}
RESULT: {}
COMMAND: GET /session/a1d0a80e45f577755a28f8f4b94429e1/screenshot - {}
RESULT: {}
COMMAND: POST /session/a1d0a80e45f577755a28f8f4b94429e1/elements - {"using":"xpath","value":"//span[text()='Error']"}
RESULT: {"using":"xpath","value":"//span[text()='Error']"}
RESULT: undefined
COMMAND: POST /session/a1d0a80e45f577755a28f8f4b94429e1/element - {"using":"xpath","value":"//*[@id=\"__tile117\"]"}
RESULT: {"using":"xpath","value":"//*[@id=\"__tile117\"]"}
COMMAND: POST /session/a1d0a80e45f577755a28f8f4b94429e1/element/f.289E0583247FAD16150B3F0D0A01527A.d.672630D7AEB5545571FDF2E6FAACCFED.e.5557/click - {}
RESULT: undefined
COMMAND: POST /session/a1d0a80e45f577755a28f8f4b94429e1/element - {"using":"xpath","value":"//*[@id=\"__tile117\"]"}
RESULT: {"using":"xpath","value":"//*[@id=\"__tile117\"]"}
COMMAND: POST /session/a1d0a80e45f577755a28f8f4b94429e1/element/f.289E0583247FAD16150B3F0D0A01527A.d.672630D7AEB5545571FDF2E6FAACCFED.e.5557/click - {}
RESULT: undefined
COMMAND: POST /session/a1d0a80e45f577755a28f8f4b94429e1/execute/async - {"script":"<script> [6424 bytes]","args":[{"element-6066-11e4-a52e-4f735466cecf":"f.289E0583247FAD16150B3F0D0A01527A.d.672630D7AEB5545571FDF2E6FAACCFED.e.288"},"getTitle",[]]}
COMMAND: POST /session/a1d0a80e45f577755a28f8f4b94429e1/execute/async - {"script":"<script> [1562 bytes]","args":[{"selector":{"id":"shellAppTitle"},"wdio_ui5_key":"shellAppTitle"}]}
RESULT: {"script":"<script> [1562 bytes]","args":[{"selector":{"id":"shellAppTitle"},"wdio_ui5_key":"shellAppTitle"}]}
COMMAND: POST /session/a1d0a80e45f577755a28f8f4b94429e1/execute/async - {"script":"<script> [6424 bytes]","args":[{"element-6066-11e4-a52e-4f735466cecf":"f.289E0583247FAD16150B3F0D0A01527A.d.672630D7AEB5545571FDF2E6FAACCFED.e.5735"},"getTitle",[]]}
RESULT: {"script":"<script> [6424 bytes]","args":[{"element-6066-11e4-a52e-4f735466cecf":"f.289E0583247FAD16150B3F0D0A01527A.d.672630D7AEB5545571FDF2E6FAACCFED.e.5735"},"getTitle",[]]}
RESULT: undefined
COMMAND: POST /session/a1d0a80e45f577755a28f8f4b94429e1/element/f.289E0583247FAD16150B3F0D0A01527A.d.672630D7AEB5545571FDF2E6FAACCFED.e.5555/click - {}
RESULT: {}
COMMAND: GET /session/a1d0a80e45f577755a28f8f4b94429e1/screenshot - {}
RESULT: {}
]]></system-out>
    </testcase>
    <testcase classname="chrome.136_0_7103_93.windows.Sanity_Tests_US104253" name="Should open Performance Monitor page" time="39.116">
      <system-out><![CDATA[
COMMAND: POST /session/a1d0a80e45f577755a28f8f4b94429e1/execute/async - {"script":"<script> [1562 bytes]","args":[{"selector":{"controlType":"sap.m.GenericTile","properties":{"header":"Performance Monitor"}},"wdio_ui5_key":"sapm.GenericTile{\"header\":\"Performance Monitor\"}"}]}
RESULT: {"script":"<script> [1562 bytes]","args":[{"selector":{"controlType":"sap.m.GenericTile","properties":{"header":"Performance Monitor"}},"wdio_ui5_key":"sapm.GenericTile{\"header\":\"Performance Monitor\"}"}]}
RESULT: undefined
COMMAND: POST /session/a1d0a80e45f577755a28f8f4b94429e1/element - {"using":"xpath","value":"//*[@id=\"__tile116\"]"}
RESULT: {"using":"xpath","value":"//*[@id=\"__tile116\"]"}
COMMAND: POST /session/a1d0a80e45f577755a28f8f4b94429e1/element/f.289E0583247FAD16150B3F0D0A01527A.d.672630D7AEB5545571FDF2E6FAACCFED.e.5737/click - {}
RESULT: {}
COMMAND: GET /session/a1d0a80e45f577755a28f8f4b94429e1/screenshot - {}
RESULT: {}
COMMAND: POST /session/a1d0a80e45f577755a28f8f4b94429e1/elements - {"using":"xpath","value":"//span[text()='Error']"}
RESULT: {"using":"xpath","value":"//span[text()='Error']"}
RESULT: undefined
COMMAND: POST /session/a1d0a80e45f577755a28f8f4b94429e1/element - {"using":"xpath","value":"//*[@id=\"__tile116\"]"}
RESULT: {"using":"xpath","value":"//*[@id=\"__tile116\"]"}
COMMAND: POST /session/a1d0a80e45f577755a28f8f4b94429e1/element/f.289E0583247FAD16150B3F0D0A01527A.d.672630D7AEB5545571FDF2E6FAACCFED.e.5737/click - {}
RESULT: undefined
COMMAND: POST /session/a1d0a80e45f577755a28f8f4b94429e1/element - {"using":"xpath","value":"//*[@id=\"__tile116\"]"}
RESULT: {"using":"xpath","value":"//*[@id=\"__tile116\"]"}
COMMAND: POST /session/a1d0a80e45f577755a28f8f4b94429e1/element/f.289E0583247FAD16150B3F0D0A01527A.d.672630D7AEB5545571FDF2E6FAACCFED.e.5737/click - {}
RESULT: undefined
COMMAND: POST /session/a1d0a80e45f577755a28f8f4b94429e1/execute/async - {"script":"<script> [6424 bytes]","args":[{"element-6066-11e4-a52e-4f735466cecf":"f.289E0583247FAD16150B3F0D0A01527A.d.672630D7AEB5545571FDF2E6FAACCFED.e.288"},"getTitle",[]]}
COMMAND: POST /session/a1d0a80e45f577755a28f8f4b94429e1/execute/async - {"script":"<script> [1562 bytes]","args":[{"selector":{"id":"shellAppTitle"},"wdio_ui5_key":"shellAppTitle"}]}
RESULT: {"script":"<script> [1562 bytes]","args":[{"selector":{"id":"shellAppTitle"},"wdio_ui5_key":"shellAppTitle"}]}
COMMAND: POST /session/a1d0a80e45f577755a28f8f4b94429e1/execute/async - {"script":"<script> [6424 bytes]","args":[{"element-6066-11e4-a52e-4f735466cecf":"f.289E0583247FAD16150B3F0D0A01527A.d.672630D7AEB5545571FDF2E6FAACCFED.e.5778"},"getTitle",[]]}
RESULT: {"script":"<script> [6424 bytes]","args":[{"element-6066-11e4-a52e-4f735466cecf":"f.289E0583247FAD16150B3F0D0A01527A.d.672630D7AEB5545571FDF2E6FAACCFED.e.5778"},"getTitle",[]]}
RESULT: undefined
COMMAND: POST /session/a1d0a80e45f577755a28f8f4b94429e1/element/f.289E0583247FAD16150B3F0D0A01527A.d.672630D7AEB5545571FDF2E6FAACCFED.e.5555/click - {}
COMMAND: POST /session/a1d0a80e45f577755a28f8f4b94429e1/element - {"using":"xpath","value":"//*[@id=\"backBtn\"]"}
RESULT: {"using":"xpath","value":"//*[@id=\"backBtn\"]"}
COMMAND: POST /session/a1d0a80e45f577755a28f8f4b94429e1/element/f.289E0583247FAD16150B3F0D0A01527A.d.672630D7AEB5545571FDF2E6FAACCFED.e.5555/click - {}
COMMAND: POST /session/a1d0a80e45f577755a28f8f4b94429e1/element - {"using":"xpath","value":"//*[@id=\"backBtn\"]"}
RESULT: {"using":"xpath","value":"//*[@id=\"backBtn\"]"}
COMMAND: POST /session/a1d0a80e45f577755a28f8f4b94429e1/element/f.289E0583247FAD16150B3F0D0A01527A.d.672630D7AEB5545571FDF2E6FAACCFED.e.5779/click - {}
RESULT: {}
COMMAND: GET /session/a1d0a80e45f577755a28f8f4b94429e1/screenshot - {}
RESULT: {}
]]></system-out>
    </testcase>
    <testcase classname="chrome.136_0_7103_93.windows.Sanity_Tests_US104253" name="Should open Organizational Model page" time="37.379">
      <system-out><![CDATA[
COMMAND: POST /session/a1d0a80e45f577755a28f8f4b94429e1/execute/async - {"script":"<script> [1562 bytes]","args":[{"selector":{"controlType":"sap.m.GenericTile","properties":{"header":"Organizational Model"}},"wdio_ui5_key":"sapm.GenericTile{\"header\":\"Organizational Model\"}"}]}
RESULT: {"script":"<script> [1562 bytes]","args":[{"selector":{"controlType":"sap.m.GenericTile","properties":{"header":"Organizational Model"}},"wdio_ui5_key":"sapm.GenericTile{\"header\":\"Organizational Model\"}"}]}
RESULT: undefined
COMMAND: POST /session/a1d0a80e45f577755a28f8f4b94429e1/element - {"using":"xpath","value":"//*[@id=\"__tile120\"]"}
RESULT: {"using":"xpath","value":"//*[@id=\"__tile120\"]"}
COMMAND: POST /session/a1d0a80e45f577755a28f8f4b94429e1/element/f.289E0583247FAD16150B3F0D0A01527A.d.672630D7AEB5545571FDF2E6FAACCFED.e.5782/click - {}
RESULT: {}
COMMAND: GET /session/a1d0a80e45f577755a28f8f4b94429e1/screenshot - {}
RESULT: {}
COMMAND: POST /session/a1d0a80e45f577755a28f8f4b94429e1/elements - {"using":"xpath","value":"//span[text()='Error']"}
RESULT: {"using":"xpath","value":"//span[text()='Error']"}
RESULT: undefined
COMMAND: POST /session/a1d0a80e45f577755a28f8f4b94429e1/element - {"using":"xpath","value":"//*[@id=\"__tile120\"]"}
RESULT: {"using":"xpath","value":"//*[@id=\"__tile120\"]"}
COMMAND: POST /session/a1d0a80e45f577755a28f8f4b94429e1/element/f.289E0583247FAD16150B3F0D0A01527A.d.672630D7AEB5545571FDF2E6FAACCFED.e.5782/click - {}
RESULT: undefined
COMMAND: POST /session/a1d0a80e45f577755a28f8f4b94429e1/element - {"using":"xpath","value":"//*[@id=\"__tile120\"]"}
RESULT: {"using":"xpath","value":"//*[@id=\"__tile120\"]"}
COMMAND: POST /session/a1d0a80e45f577755a28f8f4b94429e1/element/f.289E0583247FAD16150B3F0D0A01527A.d.672630D7AEB5545571FDF2E6FAACCFED.e.5782/click - {}
RESULT: undefined
COMMAND: POST /session/a1d0a80e45f577755a28f8f4b94429e1/execute/async - {"script":"<script> [6424 bytes]","args":[{"element-6066-11e4-a52e-4f735466cecf":"f.289E0583247FAD16150B3F0D0A01527A.d.672630D7AEB5545571FDF2E6FAACCFED.e.288"},"getTitle",[]]}
COMMAND: POST /session/a1d0a80e45f577755a28f8f4b94429e1/execute/async - {"script":"<script> [1562 bytes]","args":[{"selector":{"id":"shellAppTitle"},"wdio_ui5_key":"shellAppTitle"}]}
RESULT: {"script":"<script> [1562 bytes]","args":[{"selector":{"id":"shellAppTitle"},"wdio_ui5_key":"shellAppTitle"}]}
COMMAND: POST /session/a1d0a80e45f577755a28f8f4b94429e1/execute/async - {"script":"<script> [6424 bytes]","args":[{"element-6066-11e4-a52e-4f735466cecf":"f.289E0583247FAD16150B3F0D0A01527A.d.672630D7AEB5545571FDF2E6FAACCFED.e.5799"},"getTitle",[]]}
RESULT: {"script":"<script> [6424 bytes]","args":[{"element-6066-11e4-a52e-4f735466cecf":"f.289E0583247FAD16150B3F0D0A01527A.d.672630D7AEB5545571FDF2E6FAACCFED.e.5799"},"getTitle",[]]}
RESULT: undefined
COMMAND: POST /session/a1d0a80e45f577755a28f8f4b94429e1/element/f.289E0583247FAD16150B3F0D0A01527A.d.672630D7AEB5545571FDF2E6FAACCFED.e.5779/click - {}
RESULT: {}
COMMAND: GET /session/a1d0a80e45f577755a28f8f4b94429e1/screenshot - {}
RESULT: {}
]]></system-out>
    </testcase>
    <testcase classname="chrome.136_0_7103_93.windows.Sanity_Tests_US104253" name="Should open Manage Roles page" time="35.986">
      <system-out><![CDATA[
COMMAND: POST /session/a1d0a80e45f577755a28f8f4b94429e1/execute/async - {"script":"<script> [1562 bytes]","args":[{"selector":{"controlType":"sap.m.GenericTile","properties":{"header":"Manage Roles"}},"wdio_ui5_key":"sapm.GenericTile{\"header\":\"Manage Roles\"}"}]}
RESULT: {"script":"<script> [1562 bytes]","args":[{"selector":{"controlType":"sap.m.GenericTile","properties":{"header":"Manage Roles"}},"wdio_ui5_key":"sapm.GenericTile{\"header\":\"Manage Roles\"}"}]}
RESULT: undefined
COMMAND: POST /session/a1d0a80e45f577755a28f8f4b94429e1/element - {"using":"xpath","value":"//*[@id=\"__tile119\"]"}
RESULT: {"using":"xpath","value":"//*[@id=\"__tile119\"]"}
COMMAND: POST /session/a1d0a80e45f577755a28f8f4b94429e1/element/f.289E0583247FAD16150B3F0D0A01527A.d.672630D7AEB5545571FDF2E6FAACCFED.e.5803/click - {}
RESULT: {}
COMMAND: GET /session/a1d0a80e45f577755a28f8f4b94429e1/screenshot - {}
RESULT: {}
COMMAND: POST /session/a1d0a80e45f577755a28f8f4b94429e1/elements - {"using":"xpath","value":"//span[text()='Error']"}
RESULT: {"using":"xpath","value":"//span[text()='Error']"}
RESULT: undefined
COMMAND: POST /session/a1d0a80e45f577755a28f8f4b94429e1/element - {"using":"xpath","value":"//*[@id=\"__tile119\"]"}
RESULT: {"using":"xpath","value":"//*[@id=\"__tile119\"]"}
COMMAND: POST /session/a1d0a80e45f577755a28f8f4b94429e1/element/f.289E0583247FAD16150B3F0D0A01527A.d.672630D7AEB5545571FDF2E6FAACCFED.e.5803/click - {}
RESULT: undefined
COMMAND: POST /session/a1d0a80e45f577755a28f8f4b94429e1/element - {"using":"xpath","value":"//*[@id=\"__tile119\"]"}
RESULT: {"using":"xpath","value":"//*[@id=\"__tile119\"]"}
COMMAND: POST /session/a1d0a80e45f577755a28f8f4b94429e1/element/f.289E0583247FAD16150B3F0D0A01527A.d.672630D7AEB5545571FDF2E6FAACCFED.e.5803/click - {}
RESULT: undefined
COMMAND: POST /session/a1d0a80e45f577755a28f8f4b94429e1/execute/async - {"script":"<script> [6424 bytes]","args":[{"element-6066-11e4-a52e-4f735466cecf":"f.289E0583247FAD16150B3F0D0A01527A.d.672630D7AEB5545571FDF2E6FAACCFED.e.288"},"getTitle",[]]}
COMMAND: POST /session/a1d0a80e45f577755a28f8f4b94429e1/execute/async - {"script":"<script> [1562 bytes]","args":[{"selector":{"id":"shellAppTitle"},"wdio_ui5_key":"shellAppTitle"}]}
RESULT: {"script":"<script> [1562 bytes]","args":[{"selector":{"id":"shellAppTitle"},"wdio_ui5_key":"shellAppTitle"}]}
COMMAND: POST /session/a1d0a80e45f577755a28f8f4b94429e1/execute/async - {"script":"<script> [6424 bytes]","args":[{"element-6066-11e4-a52e-4f735466cecf":"f.289E0583247FAD16150B3F0D0A01527A.d.672630D7AEB5545571FDF2E6FAACCFED.e.5844"},"getTitle",[]]}
RESULT: {"script":"<script> [6424 bytes]","args":[{"element-6066-11e4-a52e-4f735466cecf":"f.289E0583247FAD16150B3F0D0A01527A.d.672630D7AEB5545571FDF2E6FAACCFED.e.5844"},"getTitle",[]]}
RESULT: undefined
COMMAND: POST /session/a1d0a80e45f577755a28f8f4b94429e1/element/f.289E0583247FAD16150B3F0D0A01527A.d.672630D7AEB5545571FDF2E6FAACCFED.e.5779/click - {}
COMMAND: POST /session/a1d0a80e45f577755a28f8f4b94429e1/element - {"using":"xpath","value":"//*[@id=\"backBtn\"]"}
RESULT: {"using":"xpath","value":"//*[@id=\"backBtn\"]"}
COMMAND: POST /session/a1d0a80e45f577755a28f8f4b94429e1/element/f.289E0583247FAD16150B3F0D0A01527A.d.672630D7AEB5545571FDF2E6FAACCFED.e.5779/click - {}
COMMAND: POST /session/a1d0a80e45f577755a28f8f4b94429e1/element - {"using":"xpath","value":"//*[@id=\"backBtn\"]"}
RESULT: {"using":"xpath","value":"//*[@id=\"backBtn\"]"}
COMMAND: POST /session/a1d0a80e45f577755a28f8f4b94429e1/element/f.289E0583247FAD16150B3F0D0A01527A.d.672630D7AEB5545571FDF2E6FAACCFED.e.5845/click - {}
RESULT: {}
COMMAND: GET /session/a1d0a80e45f577755a28f8f4b94429e1/screenshot - {}
RESULT: {}
]]></system-out>
    </testcase>
    <testcase classname="chrome.136_0_7103_93.windows.Sanity_Tests_US104253" name="Should open Authorization Tables page" time="37.225">
      <system-out><![CDATA[
COMMAND: POST /session/a1d0a80e45f577755a28f8f4b94429e1/execute/async - {"script":"<script> [1562 bytes]","args":[{"selector":{"controlType":"sap.m.GenericTile","properties":{"header":"Authorization Tables"}},"wdio_ui5_key":"sapm.GenericTile{\"header\":\"Authorization Tables\"}"}]}
RESULT: {"script":"<script> [1562 bytes]","args":[{"selector":{"controlType":"sap.m.GenericTile","properties":{"header":"Authorization Tables"}},"wdio_ui5_key":"sapm.GenericTile{\"header\":\"Authorization Tables\"}"}]}
RESULT: undefined
COMMAND: POST /session/a1d0a80e45f577755a28f8f4b94429e1/element - {"using":"xpath","value":"//*[@id=\"__tile118\"]"}
RESULT: {"using":"xpath","value":"//*[@id=\"__tile118\"]"}
COMMAND: POST /session/a1d0a80e45f577755a28f8f4b94429e1/element/f.289E0583247FAD16150B3F0D0A01527A.d.672630D7AEB5545571FDF2E6FAACCFED.e.5847/click - {}
RESULT: {}
COMMAND: GET /session/a1d0a80e45f577755a28f8f4b94429e1/screenshot - {}
RESULT: {}
COMMAND: POST /session/a1d0a80e45f577755a28f8f4b94429e1/elements - {"using":"xpath","value":"//span[text()='Error']"}
RESULT: {"using":"xpath","value":"//span[text()='Error']"}
RESULT: undefined
COMMAND: POST /session/a1d0a80e45f577755a28f8f4b94429e1/element - {"using":"xpath","value":"//*[@id=\"__tile118\"]"}
RESULT: {"using":"xpath","value":"//*[@id=\"__tile118\"]"}
COMMAND: POST /session/a1d0a80e45f577755a28f8f4b94429e1/element/f.289E0583247FAD16150B3F0D0A01527A.d.672630D7AEB5545571FDF2E6FAACCFED.e.5847/click - {}
RESULT: undefined
COMMAND: POST /session/a1d0a80e45f577755a28f8f4b94429e1/element - {"using":"xpath","value":"//*[@id=\"__tile118\"]"}
RESULT: {"using":"xpath","value":"//*[@id=\"__tile118\"]"}
COMMAND: POST /session/a1d0a80e45f577755a28f8f4b94429e1/element/f.289E0583247FAD16150B3F0D0A01527A.d.672630D7AEB5545571FDF2E6FAACCFED.e.5847/click - {}
RESULT: undefined
COMMAND: POST /session/a1d0a80e45f577755a28f8f4b94429e1/execute/async - {"script":"<script> [6424 bytes]","args":[{"element-6066-11e4-a52e-4f735466cecf":"f.289E0583247FAD16150B3F0D0A01527A.d.672630D7AEB5545571FDF2E6FAACCFED.e.288"},"getTitle",[]]}
COMMAND: POST /session/a1d0a80e45f577755a28f8f4b94429e1/execute/async - {"script":"<script> [1562 bytes]","args":[{"selector":{"id":"shellAppTitle"},"wdio_ui5_key":"shellAppTitle"}]}
RESULT: {"script":"<script> [1562 bytes]","args":[{"selector":{"id":"shellAppTitle"},"wdio_ui5_key":"shellAppTitle"}]}
COMMAND: POST /session/a1d0a80e45f577755a28f8f4b94429e1/execute/async - {"script":"<script> [6424 bytes]","args":[{"element-6066-11e4-a52e-4f735466cecf":"f.289E0583247FAD16150B3F0D0A01527A.d.672630D7AEB5545571FDF2E6FAACCFED.e.5936"},"getTitle",[]]}
RESULT: {"script":"<script> [6424 bytes]","args":[{"element-6066-11e4-a52e-4f735466cecf":"f.289E0583247FAD16150B3F0D0A01527A.d.672630D7AEB5545571FDF2E6FAACCFED.e.5936"},"getTitle",[]]}
RESULT: undefined
COMMAND: POST /session/a1d0a80e45f577755a28f8f4b94429e1/element/f.289E0583247FAD16150B3F0D0A01527A.d.672630D7AEB5545571FDF2E6FAACCFED.e.5845/click - {}
RESULT: {}
COMMAND: GET /session/a1d0a80e45f577755a28f8f4b94429e1/screenshot - {}
RESULT: {}
]]></system-out>
    </testcase>
    <testcase classname="chrome.136_0_7103_93.windows.Sanity_Tests_US104253" name="Should open User Maintenance page" time="37.374">
      <system-out><![CDATA[
COMMAND: POST /session/a1d0a80e45f577755a28f8f4b94429e1/execute/async - {"script":"<script> [1562 bytes]","args":[{"selector":{"controlType":"sap.m.GenericTile","properties":{"header":"User Maintenance"}},"wdio_ui5_key":"sapm.GenericTile{\"header\":\"User Maintenance\"}"}]}
RESULT: {"script":"<script> [1562 bytes]","args":[{"selector":{"controlType":"sap.m.GenericTile","properties":{"header":"User Maintenance"}},"wdio_ui5_key":"sapm.GenericTile{\"header\":\"User Maintenance\"}"}]}
RESULT: undefined
COMMAND: POST /session/a1d0a80e45f577755a28f8f4b94429e1/element - {"using":"xpath","value":"//*[@id=\"__tile121\"]"}
RESULT: {"using":"xpath","value":"//*[@id=\"__tile121\"]"}
COMMAND: POST /session/a1d0a80e45f577755a28f8f4b94429e1/element/f.289E0583247FAD16150B3F0D0A01527A.d.672630D7AEB5545571FDF2E6FAACCFED.e.5938/click - {}
RESULT: {}
COMMAND: GET /session/a1d0a80e45f577755a28f8f4b94429e1/screenshot - {}
RESULT: {}
COMMAND: POST /session/a1d0a80e45f577755a28f8f4b94429e1/elements - {"using":"xpath","value":"//span[text()='Error']"}
RESULT: {"using":"xpath","value":"//span[text()='Error']"}
RESULT: undefined
COMMAND: POST /session/a1d0a80e45f577755a28f8f4b94429e1/element - {"using":"xpath","value":"//*[@id=\"__tile121\"]"}
RESULT: {"using":"xpath","value":"//*[@id=\"__tile121\"]"}
COMMAND: POST /session/a1d0a80e45f577755a28f8f4b94429e1/element/f.289E0583247FAD16150B3F0D0A01527A.d.672630D7AEB5545571FDF2E6FAACCFED.e.5938/click - {}
RESULT: undefined
COMMAND: POST /session/a1d0a80e45f577755a28f8f4b94429e1/element - {"using":"xpath","value":"//*[@id=\"__tile121\"]"}
RESULT: {"using":"xpath","value":"//*[@id=\"__tile121\"]"}
COMMAND: POST /session/a1d0a80e45f577755a28f8f4b94429e1/element/f.289E0583247FAD16150B3F0D0A01527A.d.672630D7AEB5545571FDF2E6FAACCFED.e.5938/click - {}
RESULT: undefined
COMMAND: POST /session/a1d0a80e45f577755a28f8f4b94429e1/execute/async - {"script":"<script> [6424 bytes]","args":[{"element-6066-11e4-a52e-4f735466cecf":"f.289E0583247FAD16150B3F0D0A01527A.d.672630D7AEB5545571FDF2E6FAACCFED.e.288"},"getTitle",[]]}
COMMAND: POST /session/a1d0a80e45f577755a28f8f4b94429e1/execute/async - {"script":"<script> [1562 bytes]","args":[{"selector":{"id":"shellAppTitle"},"wdio_ui5_key":"shellAppTitle"}]}
RESULT: {"script":"<script> [1562 bytes]","args":[{"selector":{"id":"shellAppTitle"},"wdio_ui5_key":"shellAppTitle"}]}
COMMAND: POST /session/a1d0a80e45f577755a28f8f4b94429e1/execute/async - {"script":"<script> [6424 bytes]","args":[{"element-6066-11e4-a52e-4f735466cecf":"f.289E0583247FAD16150B3F0D0A01527A.d.672630D7AEB5545571FDF2E6FAACCFED.e.6032"},"getTitle",[]]}
RESULT: {"script":"<script> [6424 bytes]","args":[{"element-6066-11e4-a52e-4f735466cecf":"f.289E0583247FAD16150B3F0D0A01527A.d.672630D7AEB5545571FDF2E6FAACCFED.e.6032"},"getTitle",[]]}
RESULT: undefined
COMMAND: POST /session/a1d0a80e45f577755a28f8f4b94429e1/element/f.289E0583247FAD16150B3F0D0A01527A.d.672630D7AEB5545571FDF2E6FAACCFED.e.5845/click - {}
COMMAND: POST /session/a1d0a80e45f577755a28f8f4b94429e1/element - {"using":"xpath","value":"//*[@id=\"backBtn\"]"}
RESULT: {"using":"xpath","value":"//*[@id=\"backBtn\"]"}
COMMAND: POST /session/a1d0a80e45f577755a28f8f4b94429e1/element/f.289E0583247FAD16150B3F0D0A01527A.d.672630D7AEB5545571FDF2E6FAACCFED.e.5845/click - {}
COMMAND: POST /session/a1d0a80e45f577755a28f8f4b94429e1/element - {"using":"xpath","value":"//*[@id=\"backBtn\"]"}
RESULT: {"using":"xpath","value":"//*[@id=\"backBtn\"]"}
COMMAND: POST /session/a1d0a80e45f577755a28f8f4b94429e1/element/f.289E0583247FAD16150B3F0D0A01527A.d.672630D7AEB5545571FDF2E6FAACCFED.e.6033/click - {}
RESULT: {}
COMMAND: GET /session/a1d0a80e45f577755a28f8f4b94429e1/screenshot - {}
RESULT: {}
]]></system-out>
    </testcase>
    <testcase classname="chrome.136_0_7103_93.windows.Sanity_Tests_US104253" name="Should open Schedule Jobs page" time="36.208">
      <system-out><![CDATA[
COMMAND: POST /session/a1d0a80e45f577755a28f8f4b94429e1/execute/async - {"script":"<script> [1562 bytes]","args":[{"selector":{"controlType":"sap.m.GenericTile","properties":{"header":"Schedule Jobs"}},"wdio_ui5_key":"sapm.GenericTile{\"header\":\"Schedule Jobs\"}"}]}
RESULT: {"script":"<script> [1562 bytes]","args":[{"selector":{"controlType":"sap.m.GenericTile","properties":{"header":"Schedule Jobs"}},"wdio_ui5_key":"sapm.GenericTile{\"header\":\"Schedule Jobs\"}"}]}
RESULT: undefined
COMMAND: POST /session/a1d0a80e45f577755a28f8f4b94429e1/element - {"using":"xpath","value":"//*[@id=\"__tile127\"]"}
RESULT: {"using":"xpath","value":"//*[@id=\"__tile127\"]"}
COMMAND: POST /session/a1d0a80e45f577755a28f8f4b94429e1/element/f.289E0583247FAD16150B3F0D0A01527A.d.672630D7AEB5545571FDF2E6FAACCFED.e.6037/click - {}
RESULT: {}
COMMAND: GET /session/a1d0a80e45f577755a28f8f4b94429e1/screenshot - {}
RESULT: {}
COMMAND: POST /session/a1d0a80e45f577755a28f8f4b94429e1/elements - {"using":"xpath","value":"//span[text()='Error']"}
RESULT: {"using":"xpath","value":"//span[text()='Error']"}
RESULT: undefined
COMMAND: POST /session/a1d0a80e45f577755a28f8f4b94429e1/element - {"using":"xpath","value":"//*[@id=\"__tile127\"]"}
RESULT: {"using":"xpath","value":"//*[@id=\"__tile127\"]"}
COMMAND: POST /session/a1d0a80e45f577755a28f8f4b94429e1/element/f.289E0583247FAD16150B3F0D0A01527A.d.672630D7AEB5545571FDF2E6FAACCFED.e.6037/click - {}
RESULT: undefined
COMMAND: POST /session/a1d0a80e45f577755a28f8f4b94429e1/element - {"using":"xpath","value":"//*[@id=\"__tile127\"]"}
RESULT: {"using":"xpath","value":"//*[@id=\"__tile127\"]"}
COMMAND: POST /session/a1d0a80e45f577755a28f8f4b94429e1/element/f.289E0583247FAD16150B3F0D0A01527A.d.672630D7AEB5545571FDF2E6FAACCFED.e.6037/click - {}
RESULT: undefined
COMMAND: POST /session/a1d0a80e45f577755a28f8f4b94429e1/execute/async - {"script":"<script> [6424 bytes]","args":[{"element-6066-11e4-a52e-4f735466cecf":"f.289E0583247FAD16150B3F0D0A01527A.d.672630D7AEB5545571FDF2E6FAACCFED.e.288"},"getTitle",[]]}
COMMAND: POST /session/a1d0a80e45f577755a28f8f4b94429e1/execute/async - {"script":"<script> [1562 bytes]","args":[{"selector":{"id":"shellAppTitle"},"wdio_ui5_key":"shellAppTitle"}]}
RESULT: {"script":"<script> [1562 bytes]","args":[{"selector":{"id":"shellAppTitle"},"wdio_ui5_key":"shellAppTitle"}]}
COMMAND: POST /session/a1d0a80e45f577755a28f8f4b94429e1/execute/async - {"script":"<script> [6424 bytes]","args":[{"element-6066-11e4-a52e-4f735466cecf":"f.289E0583247FAD16150B3F0D0A01527A.d.672630D7AEB5545571FDF2E6FAACCFED.e.6081"},"getTitle",[]]}
RESULT: {"script":"<script> [6424 bytes]","args":[{"element-6066-11e4-a52e-4f735466cecf":"f.289E0583247FAD16150B3F0D0A01527A.d.672630D7AEB5545571FDF2E6FAACCFED.e.6081"},"getTitle",[]]}
RESULT: undefined
COMMAND: POST /session/a1d0a80e45f577755a28f8f4b94429e1/element/f.289E0583247FAD16150B3F0D0A01527A.d.672630D7AEB5545571FDF2E6FAACCFED.e.6033/click - {}
COMMAND: POST /session/a1d0a80e45f577755a28f8f4b94429e1/element/f.289E0583247FAD16150B3F0D0A01527A.d.672630D7AEB5545571FDF2E6FAACCFED.e.6033/click - {}
RESULT: {}
COMMAND: GET /session/a1d0a80e45f577755a28f8f4b94429e1/screenshot - {}
COMMAND: POST /session/a1d0a80e45f577755a28f8f4b94429e1/element - {"using":"xpath","value":"//*[@id=\"backBtn\"]"}
RESULT: {}
RESULT: {"using":"xpath","value":"//*[@id=\"backBtn\"]"}
COMMAND: POST /session/a1d0a80e45f577755a28f8f4b94429e1/elements - {"using":"xpath","value":"//*[@id=\"backBtn\"]"}
RESULT: {"using":"xpath","value":"//*[@id=\"backBtn\"]"}
COMMAND: POST /session/a1d0a80e45f577755a28f8f4b94429e1/elements - {"using":"xpath","value":"//*[@id=\"backBtn\"]"}
RESULT: {"using":"xpath","value":"//*[@id=\"backBtn\"]"}
COMMAND: POST /session/a1d0a80e45f577755a28f8f4b94429e1/elements - {"using":"xpath","value":"//*[@id=\"backBtn\"]"}
RESULT: {"using":"xpath","value":"//*[@id=\"backBtn\"]"}
COMMAND: POST /session/a1d0a80e45f577755a28f8f4b94429e1/elements - {"using":"xpath","value":"//*[@id=\"backBtn\"]"}
RESULT: {"using":"xpath","value":"//*[@id=\"backBtn\"]"}
COMMAND: POST /session/a1d0a80e45f577755a28f8f4b94429e1/elements - {"using":"xpath","value":"//*[@id=\"backBtn\"]"}
RESULT: {"using":"xpath","value":"//*[@id=\"backBtn\"]"}
COMMAND: POST /session/a1d0a80e45f577755a28f8f4b94429e1/elements - {"using":"xpath","value":"//*[@id=\"backBtn\"]"}
RESULT: {"using":"xpath","value":"//*[@id=\"backBtn\"]"}
COMMAND: POST /session/a1d0a80e45f577755a28f8f4b94429e1/elements - {"using":"xpath","value":"//*[@id=\"backBtn\"]"}
RESULT: {"using":"xpath","value":"//*[@id=\"backBtn\"]"}
COMMAND: POST /session/a1d0a80e45f577755a28f8f4b94429e1/elements - {"using":"xpath","value":"//*[@id=\"backBtn\"]"}
RESULT: {"using":"xpath","value":"//*[@id=\"backBtn\"]"}
COMMAND: POST /session/a1d0a80e45f577755a28f8f4b94429e1/elements - {"using":"xpath","value":"//*[@id=\"backBtn\"]"}
RESULT: {"using":"xpath","value":"//*[@id=\"backBtn\"]"}
COMMAND: POST /session/a1d0a80e45f577755a28f8f4b94429e1/elements - {"using":"xpath","value":"//*[@id=\"backBtn\"]"}
RESULT: {"using":"xpath","value":"//*[@id=\"backBtn\"]"}
COMMAND: POST /session/a1d0a80e45f577755a28f8f4b94429e1/elements - {"using":"xpath","value":"//*[@id=\"backBtn\"]"}
RESULT: {"using":"xpath","value":"//*[@id=\"backBtn\"]"}
COMMAND: POST /session/a1d0a80e45f577755a28f8f4b94429e1/elements - {"using":"xpath","value":"//*[@id=\"backBtn\"]"}
RESULT: {"using":"xpath","value":"//*[@id=\"backBtn\"]"}
COMMAND: POST /session/a1d0a80e45f577755a28f8f4b94429e1/elements - {"using":"xpath","value":"//*[@id=\"backBtn\"]"}
RESULT: {"using":"xpath","value":"//*[@id=\"backBtn\"]"}
COMMAND: POST /session/a1d0a80e45f577755a28f8f4b94429e1/elements - {"using":"xpath","value":"//*[@id=\"backBtn\"]"}
RESULT: {"using":"xpath","value":"//*[@id=\"backBtn\"]"}
COMMAND: POST /session/a1d0a80e45f577755a28f8f4b94429e1/elements - {"using":"xpath","value":"//*[@id=\"backBtn\"]"}
RESULT: {"using":"xpath","value":"//*[@id=\"backBtn\"]"}
COMMAND: POST /session/a1d0a80e45f577755a28f8f4b94429e1/elements - {"using":"xpath","value":"//*[@id=\"backBtn\"]"}
RESULT: {"using":"xpath","value":"//*[@id=\"backBtn\"]"}
COMMAND: POST /session/a1d0a80e45f577755a28f8f4b94429e1/elements - {"using":"xpath","value":"//*[@id=\"backBtn\"]"}
RESULT: {"using":"xpath","value":"//*[@id=\"backBtn\"]"}
]]></system-out>
    </testcase>
    <testcase classname="chrome.136_0_7103_93.windows.Sanity_Tests_US104253" name="Should open Jobs Setup page" time="35.978">
      <system-out><![CDATA[
COMMAND: POST /session/a1d0a80e45f577755a28f8f4b94429e1/execute/async - {"script":"<script> [1562 bytes]","args":[{"selector":{"controlType":"sap.m.GenericTile","properties":{"header":"Jobs Setup"}},"wdio_ui5_key":"sapm.GenericTile{\"header\":\"Jobs Setup\"}"}]}
COMMAND: POST /session/a1d0a80e45f577755a28f8f4b94429e1/elements - {"using":"xpath","value":"//*[@id=\"backBtn\"]"}
RESULT: {"script":"<script> [1562 bytes]","args":[{"selector":{"controlType":"sap.m.GenericTile","properties":{"header":"Jobs Setup"}},"wdio_ui5_key":"sapm.GenericTile{\"header\":\"Jobs Setup\"}"}]}
RESULT: undefined
COMMAND: POST /session/a1d0a80e45f577755a28f8f4b94429e1/element - {"using":"xpath","value":"//*[@id=\"__tile128\"]"}
RESULT: {"using":"xpath","value":"//*[@id=\"backBtn\"]"}
RESULT: {"using":"xpath","value":"//*[@id=\"__tile128\"]"}
COMMAND: POST /session/a1d0a80e45f577755a28f8f4b94429e1/element/f.289E0583247FAD16150B3F0D0A01527A.d.672630D7AEB5545571FDF2E6FAACCFED.e.6083/click - {}
COMMAND: POST /session/a1d0a80e45f577755a28f8f4b94429e1/elements - {"using":"xpath","value":"//*[@id=\"backBtn\"]"}
RESULT: {}
COMMAND: GET /session/a1d0a80e45f577755a28f8f4b94429e1/screenshot - {}
RESULT: {"using":"xpath","value":"//*[@id=\"backBtn\"]"}
RESULT: {}
COMMAND: POST /session/a1d0a80e45f577755a28f8f4b94429e1/elements - {"using":"xpath","value":"//*[@id=\"backBtn\"]"}
RESULT: {"using":"xpath","value":"//*[@id=\"backBtn\"]"}
COMMAND: POST /session/a1d0a80e45f577755a28f8f4b94429e1/element - {"using":"xpath","value":"//*[@id=\"backBtn\"]"}
RESULT: {"using":"xpath","value":"//*[@id=\"backBtn\"]"}
COMMAND: POST /session/a1d0a80e45f577755a28f8f4b94429e1/element/f.289E0583247FAD16150B3F0D0A01527A.d.672630D7AEB5545571FDF2E6FAACCFED.e.6033/click - {}
COMMAND: POST /session/a1d0a80e45f577755a28f8f4b94429e1/element - {"using":"xpath","value":"//*[@id=\"backBtn\"]"}
RESULT: {"using":"xpath","value":"//*[@id=\"backBtn\"]"}
COMMAND: POST /session/a1d0a80e45f577755a28f8f4b94429e1/element/f.289E0583247FAD16150B3F0D0A01527A.d.672630D7AEB5545571FDF2E6FAACCFED.e.6138/click - {}
RESULT: {}
COMMAND: GET /session/a1d0a80e45f577755a28f8f4b94429e1/screenshot - {}
RESULT: {}
COMMAND: POST /session/a1d0a80e45f577755a28f8f4b94429e1/elements - {"using":"xpath","value":"//span[text()='Error']"}
RESULT: {"using":"xpath","value":"//span[text()='Error']"}
RESULT: undefined
COMMAND: POST /session/a1d0a80e45f577755a28f8f4b94429e1/element - {"using":"xpath","value":"//*[@id=\"__tile128\"]"}
RESULT: {"using":"xpath","value":"//*[@id=\"__tile128\"]"}
COMMAND: POST /session/a1d0a80e45f577755a28f8f4b94429e1/element/f.289E0583247FAD16150B3F0D0A01527A.d.672630D7AEB5545571FDF2E6FAACCFED.e.6083/click - {}
RESULT: undefined
COMMAND: POST /session/a1d0a80e45f577755a28f8f4b94429e1/element - {"using":"xpath","value":"//*[@id=\"__tile128\"]"}
RESULT: {"using":"xpath","value":"//*[@id=\"__tile128\"]"}
COMMAND: POST /session/a1d0a80e45f577755a28f8f4b94429e1/element/f.289E0583247FAD16150B3F0D0A01527A.d.672630D7AEB5545571FDF2E6FAACCFED.e.6083/click - {}
RESULT: undefined
COMMAND: POST /session/a1d0a80e45f577755a28f8f4b94429e1/execute/async - {"script":"<script> [6424 bytes]","args":[{"element-6066-11e4-a52e-4f735466cecf":"f.289E0583247FAD16150B3F0D0A01527A.d.672630D7AEB5545571FDF2E6FAACCFED.e.288"},"getTitle",[]]}
COMMAND: POST /session/a1d0a80e45f577755a28f8f4b94429e1/execute/async - {"script":"<script> [1562 bytes]","args":[{"selector":{"id":"shellAppTitle"},"wdio_ui5_key":"shellAppTitle"}]}
RESULT: {"script":"<script> [1562 bytes]","args":[{"selector":{"id":"shellAppTitle"},"wdio_ui5_key":"shellAppTitle"}]}
COMMAND: POST /session/a1d0a80e45f577755a28f8f4b94429e1/execute/async - {"script":"<script> [6424 bytes]","args":[{"element-6066-11e4-a52e-4f735466cecf":"f.289E0583247FAD16150B3F0D0A01527A.d.672630D7AEB5545571FDF2E6FAACCFED.e.6172"},"getTitle",[]]}
RESULT: {"script":"<script> [6424 bytes]","args":[{"element-6066-11e4-a52e-4f735466cecf":"f.289E0583247FAD16150B3F0D0A01527A.d.672630D7AEB5545571FDF2E6FAACCFED.e.6172"},"getTitle",[]]}
RESULT: undefined
COMMAND: POST /session/a1d0a80e45f577755a28f8f4b94429e1/element/f.289E0583247FAD16150B3F0D0A01527A.d.672630D7AEB5545571FDF2E6FAACCFED.e.6138/click - {}
COMMAND: POST /session/a1d0a80e45f577755a28f8f4b94429e1/element/f.289E0583247FAD16150B3F0D0A01527A.d.672630D7AEB5545571FDF2E6FAACCFED.e.6138/click - {}
RESULT: {}
COMMAND: GET /session/a1d0a80e45f577755a28f8f4b94429e1/screenshot - {}
RESULT: {}
COMMAND: GET /session/a1d0a80e45f577755a28f8f4b94429e1/screenshot - {}
RESULT: {}
RESULT: {}
]]></system-out>
    </testcase>
    <testcase classname="chrome.136_0_7103_93.windows.Sanity_Tests_US104253" name="Should open Target Systems Configuration page" time="35.938">
      <system-out><![CDATA[
COMMAND: POST /session/a1d0a80e45f577755a28f8f4b94429e1/execute/async - {"script":"<script> [1562 bytes]","args":[{"selector":{"controlType":"sap.m.GenericTile","properties":{"header":"Target Systems Configuration"}},"wdio_ui5_key":"sapm.GenericTile{\"header\":\"Target Systems Configuration\"}"}]}
RESULT: {"script":"<script> [1562 bytes]","args":[{"selector":{"controlType":"sap.m.GenericTile","properties":{"header":"Target Systems Configuration"}},"wdio_ui5_key":"sapm.GenericTile{\"header\":\"Target Systems Configuration\"}"}]}
RESULT: undefined
COMMAND: POST /session/a1d0a80e45f577755a28f8f4b94429e1/element - {"using":"xpath","value":"//*[@id=\"__tile129\"]"}
RESULT: {"using":"xpath","value":"//*[@id=\"__tile129\"]"}
COMMAND: POST /session/a1d0a80e45f577755a28f8f4b94429e1/element/f.289E0583247FAD16150B3F0D0A01527A.d.672630D7AEB5545571FDF2E6FAACCFED.e.6174/click - {}
RESULT: {}
COMMAND: GET /session/a1d0a80e45f577755a28f8f4b94429e1/screenshot - {}
RESULT: {}
COMMAND: POST /session/a1d0a80e45f577755a28f8f4b94429e1/elements - {"using":"xpath","value":"//span[text()='Error']"}
RESULT: {"using":"xpath","value":"//span[text()='Error']"}
RESULT: undefined
COMMAND: POST /session/a1d0a80e45f577755a28f8f4b94429e1/element - {"using":"xpath","value":"//*[@id=\"__tile129\"]"}
RESULT: {"using":"xpath","value":"//*[@id=\"__tile129\"]"}
COMMAND: POST /session/a1d0a80e45f577755a28f8f4b94429e1/element/f.289E0583247FAD16150B3F0D0A01527A.d.672630D7AEB5545571FDF2E6FAACCFED.e.6174/click - {}
RESULT: undefined
COMMAND: POST /session/a1d0a80e45f577755a28f8f4b94429e1/element - {"using":"xpath","value":"//*[@id=\"__tile129\"]"}
RESULT: {"using":"xpath","value":"//*[@id=\"__tile129\"]"}
COMMAND: POST /session/a1d0a80e45f577755a28f8f4b94429e1/element/f.289E0583247FAD16150B3F0D0A01527A.d.672630D7AEB5545571FDF2E6FAACCFED.e.6174/click - {}
RESULT: undefined
COMMAND: POST /session/a1d0a80e45f577755a28f8f4b94429e1/execute/async - {"script":"<script> [6424 bytes]","args":[{"element-6066-11e4-a52e-4f735466cecf":"f.289E0583247FAD16150B3F0D0A01527A.d.672630D7AEB5545571FDF2E6FAACCFED.e.288"},"getTitle",[]]}
COMMAND: POST /session/a1d0a80e45f577755a28f8f4b94429e1/execute/async - {"script":"<script> [1562 bytes]","args":[{"selector":{"id":"shellAppTitle"},"wdio_ui5_key":"shellAppTitle"}]}
RESULT: {"script":"<script> [1562 bytes]","args":[{"selector":{"id":"shellAppTitle"},"wdio_ui5_key":"shellAppTitle"}]}
COMMAND: POST /session/a1d0a80e45f577755a28f8f4b94429e1/execute/async - {"script":"<script> [6424 bytes]","args":[{"element-6066-11e4-a52e-4f735466cecf":"f.289E0583247FAD16150B3F0D0A01527A.d.672630D7AEB5545571FDF2E6FAACCFED.e.6227"},"getTitle",[]]}
RESULT: {"script":"<script> [6424 bytes]","args":[{"element-6066-11e4-a52e-4f735466cecf":"f.289E0583247FAD16150B3F0D0A01527A.d.672630D7AEB5545571FDF2E6FAACCFED.e.6227"},"getTitle",[]]}
RESULT: undefined
COMMAND: POST /session/a1d0a80e45f577755a28f8f4b94429e1/element/f.289E0583247FAD16150B3F0D0A01527A.d.672630D7AEB5545571FDF2E6FAACCFED.e.6138/click - {}
COMMAND: POST /session/a1d0a80e45f577755a28f8f4b94429e1/element/f.289E0583247FAD16150B3F0D0A01527A.d.672630D7AEB5545571FDF2E6FAACCFED.e.6138/click - {}
RESULT: {}
COMMAND: GET /session/a1d0a80e45f577755a28f8f4b94429e1/screenshot - {}
COMMAND: POST /session/a1d0a80e45f577755a28f8f4b94429e1/element - {"using":"xpath","value":"//*[@id=\"backBtn\"]"}
RESULT: {}
RESULT: {"using":"xpath","value":"//*[@id=\"backBtn\"]"}
COMMAND: POST /session/a1d0a80e45f577755a28f8f4b94429e1/elements - {"using":"xpath","value":"//*[@id=\"backBtn\"]"}
RESULT: {"using":"xpath","value":"//*[@id=\"backBtn\"]"}
COMMAND: POST /session/a1d0a80e45f577755a28f8f4b94429e1/elements - {"using":"xpath","value":"//*[@id=\"backBtn\"]"}
RESULT: {"using":"xpath","value":"//*[@id=\"backBtn\"]"}
COMMAND: POST /session/a1d0a80e45f577755a28f8f4b94429e1/elements - {"using":"xpath","value":"//*[@id=\"backBtn\"]"}
RESULT: {"using":"xpath","value":"//*[@id=\"backBtn\"]"}
COMMAND: POST /session/a1d0a80e45f577755a28f8f4b94429e1/elements - {"using":"xpath","value":"//*[@id=\"backBtn\"]"}
RESULT: {"using":"xpath","value":"//*[@id=\"backBtn\"]"}
COMMAND: POST /session/a1d0a80e45f577755a28f8f4b94429e1/elements - {"using":"xpath","value":"//*[@id=\"backBtn\"]"}
RESULT: {"using":"xpath","value":"//*[@id=\"backBtn\"]"}
COMMAND: POST /session/a1d0a80e45f577755a28f8f4b94429e1/elements - {"using":"xpath","value":"//*[@id=\"backBtn\"]"}
RESULT: {"using":"xpath","value":"//*[@id=\"backBtn\"]"}
COMMAND: POST /session/a1d0a80e45f577755a28f8f4b94429e1/elements - {"using":"xpath","value":"//*[@id=\"backBtn\"]"}
RESULT: {"using":"xpath","value":"//*[@id=\"backBtn\"]"}
COMMAND: POST /session/a1d0a80e45f577755a28f8f4b94429e1/elements - {"using":"xpath","value":"//*[@id=\"backBtn\"]"}
RESULT: {"using":"xpath","value":"//*[@id=\"backBtn\"]"}
COMMAND: POST /session/a1d0a80e45f577755a28f8f4b94429e1/elements - {"using":"xpath","value":"//*[@id=\"backBtn\"]"}
RESULT: {"using":"xpath","value":"//*[@id=\"backBtn\"]"}
COMMAND: POST /session/a1d0a80e45f577755a28f8f4b94429e1/elements - {"using":"xpath","value":"//*[@id=\"backBtn\"]"}
RESULT: {"using":"xpath","value":"//*[@id=\"backBtn\"]"}
COMMAND: POST /session/a1d0a80e45f577755a28f8f4b94429e1/elements - {"using":"xpath","value":"//*[@id=\"backBtn\"]"}
RESULT: {"using":"xpath","value":"//*[@id=\"backBtn\"]"}
COMMAND: POST /session/a1d0a80e45f577755a28f8f4b94429e1/elements - {"using":"xpath","value":"//*[@id=\"backBtn\"]"}
RESULT: {"using":"xpath","value":"//*[@id=\"backBtn\"]"}
COMMAND: POST /session/a1d0a80e45f577755a28f8f4b94429e1/elements - {"using":"xpath","value":"//*[@id=\"backBtn\"]"}
RESULT: {"using":"xpath","value":"//*[@id=\"backBtn\"]"}
COMMAND: POST /session/a1d0a80e45f577755a28f8f4b94429e1/elements - {"using":"xpath","value":"//*[@id=\"backBtn\"]"}
RESULT: {"using":"xpath","value":"//*[@id=\"backBtn\"]"}
COMMAND: POST /session/a1d0a80e45f577755a28f8f4b94429e1/elements - {"using":"xpath","value":"//*[@id=\"backBtn\"]"}
RESULT: {"using":"xpath","value":"//*[@id=\"backBtn\"]"}
COMMAND: POST /session/a1d0a80e45f577755a28f8f4b94429e1/elements - {"using":"xpath","value":"//*[@id=\"backBtn\"]"}
RESULT: {"using":"xpath","value":"//*[@id=\"backBtn\"]"}
COMMAND: POST /session/a1d0a80e45f577755a28f8f4b94429e1/elements - {"using":"xpath","value":"//*[@id=\"backBtn\"]"}
RESULT: {"using":"xpath","value":"//*[@id=\"backBtn\"]"}
COMMAND: POST /session/a1d0a80e45f577755a28f8f4b94429e1/elements - {"using":"xpath","value":"//*[@id=\"backBtn\"]"}
RESULT: {"using":"xpath","value":"//*[@id=\"backBtn\"]"}
COMMAND: POST /session/a1d0a80e45f577755a28f8f4b94429e1/elements - {"using":"xpath","value":"//*[@id=\"backBtn\"]"}
RESULT: {"using":"xpath","value":"//*[@id=\"backBtn\"]"}
COMMAND: POST /session/a1d0a80e45f577755a28f8f4b94429e1/elements - {"using":"xpath","value":"//*[@id=\"backBtn\"]"}
RESULT: {"using":"xpath","value":"//*[@id=\"backBtn\"]"}
COMMAND: POST /session/a1d0a80e45f577755a28f8f4b94429e1/elements - {"using":"xpath","value":"//*[@id=\"backBtn\"]"}
RESULT: {"using":"xpath","value":"//*[@id=\"backBtn\"]"}
COMMAND: POST /session/a1d0a80e45f577755a28f8f4b94429e1/elements - {"using":"xpath","value":"//*[@id=\"backBtn\"]"}
RESULT: {"using":"xpath","value":"//*[@id=\"backBtn\"]"}
COMMAND: POST /session/a1d0a80e45f577755a28f8f4b94429e1/elements - {"using":"xpath","value":"//*[@id=\"backBtn\"]"}
RESULT: {"using":"xpath","value":"//*[@id=\"backBtn\"]"}
COMMAND: POST /session/a1d0a80e45f577755a28f8f4b94429e1/elements - {"using":"xpath","value":"//*[@id=\"backBtn\"]"}
RESULT: {"using":"xpath","value":"//*[@id=\"backBtn\"]"}
COMMAND: POST /session/a1d0a80e45f577755a28f8f4b94429e1/elements - {"using":"xpath","value":"//*[@id=\"backBtn\"]"}
RESULT: {"using":"xpath","value":"//*[@id=\"backBtn\"]"}
COMMAND: POST /session/a1d0a80e45f577755a28f8f4b94429e1/elements - {"using":"xpath","value":"//*[@id=\"backBtn\"]"}
RESULT: {"using":"xpath","value":"//*[@id=\"backBtn\"]"}
COMMAND: POST /session/a1d0a80e45f577755a28f8f4b94429e1/elements - {"using":"xpath","value":"//*[@id=\"backBtn\"]"}
RESULT: {"using":"xpath","value":"//*[@id=\"backBtn\"]"}
COMMAND: POST /session/a1d0a80e45f577755a28f8f4b94429e1/elements - {"using":"xpath","value":"//*[@id=\"backBtn\"]"}
RESULT: {"using":"xpath","value":"//*[@id=\"backBtn\"]"}
COMMAND: POST /session/a1d0a80e45f577755a28f8f4b94429e1/elements - {"using":"xpath","value":"//*[@id=\"backBtn\"]"}
RESULT: {"using":"xpath","value":"//*[@id=\"backBtn\"]"}
COMMAND: POST /session/a1d0a80e45f577755a28f8f4b94429e1/elements - {"using":"xpath","value":"//*[@id=\"backBtn\"]"}
RESULT: {"using":"xpath","value":"//*[@id=\"backBtn\"]"}
COMMAND: POST /session/a1d0a80e45f577755a28f8f4b94429e1/elements - {"using":"xpath","value":"//*[@id=\"backBtn\"]"}
RESULT: {"using":"xpath","value":"//*[@id=\"backBtn\"]"}
COMMAND: POST /session/a1d0a80e45f577755a28f8f4b94429e1/elements - {"using":"xpath","value":"//*[@id=\"backBtn\"]"}
RESULT: {"using":"xpath","value":"//*[@id=\"backBtn\"]"}
COMMAND: POST /session/a1d0a80e45f577755a28f8f4b94429e1/elements - {"using":"xpath","value":"//*[@id=\"backBtn\"]"}
RESULT: {"using":"xpath","value":"//*[@id=\"backBtn\"]"}
COMMAND: POST /session/a1d0a80e45f577755a28f8f4b94429e1/elements - {"using":"xpath","value":"//*[@id=\"backBtn\"]"}
RESULT: {"using":"xpath","value":"//*[@id=\"backBtn\"]"}
COMMAND: POST /session/a1d0a80e45f577755a28f8f4b94429e1/elements - {"using":"xpath","value":"//*[@id=\"backBtn\"]"}
RESULT: {"using":"xpath","value":"//*[@id=\"backBtn\"]"}
COMMAND: POST /session/a1d0a80e45f577755a28f8f4b94429e1/elements - {"using":"xpath","value":"//*[@id=\"backBtn\"]"}
RESULT: {"using":"xpath","value":"//*[@id=\"backBtn\"]"}
COMMAND: POST /session/a1d0a80e45f577755a28f8f4b94429e1/elements - {"using":"xpath","value":"//*[@id=\"backBtn\"]"}
RESULT: {"using":"xpath","value":"//*[@id=\"backBtn\"]"}
COMMAND: POST /session/a1d0a80e45f577755a28f8f4b94429e1/elements - {"using":"xpath","value":"//*[@id=\"backBtn\"]"}
RESULT: {"using":"xpath","value":"//*[@id=\"backBtn\"]"}
COMMAND: POST /session/a1d0a80e45f577755a28f8f4b94429e1/elements - {"using":"xpath","value":"//*[@id=\"backBtn\"]"}
RESULT: {"using":"xpath","value":"//*[@id=\"backBtn\"]"}
COMMAND: DELETE /session/a1d0a80e45f577755a28f8f4b94429e1 - {}
COMMAND: POST /session/a1d0a80e45f577755a28f8f4b94429e1/elements - {"using":"xpath","value":"//*[@id=\"backBtn\"]"}
RESULT: {}
]]></system-out>
    </testcase>
  </testsuite>
</testsuites>