<?xml version="1.0" encoding="UTF-8"?>
<testsuites tests="9" failures="0" errors="0" skipped="0">
  <testsuite timestamp="2025-05-26T16:08:47" time="869.998" tests="4" failures="0" errors="0" skipped="0">
    <properties>
      <property name="specId" value="0"/>
      <property name="suiteName" value="Webshop - Hyperlinks visible and working properly  US139085"/>
      <property name="capabilities" value="chrome.136_0_7103_93.windows"/>
      <property name="file" value="file:///D:/a/1/s/test/specs/R2C/webshop-hyperlinks-yard-site.spec.js"/>
    </properties>
    <testcase classname="chrome.136_0_7103_93.windows.Webshop_-_Hyperlinks_visible_and_working_properly__US139085" name="Should create prerequisites for webshop suite" time="307.723">
      <system-out><![CDATA[
COMMAND: POST /session/7b3a28ffc0c0cac2784ec2f305c087be/execute/async - {"script":"<script> [1562 bytes]","args":[{"selector":{"controlType":"sap.m.GenericTile","properties":{"header":"Manage Yards"}},"wdio_ui5_key":"sapm.GenericTile{\"header\":\"Manage Yards\"}"}]}
RESULT: {"script":"<script> [1562 bytes]","args":[{"selector":{"controlType":"sap.m.GenericTile","properties":{"header":"Manage Yards"}},"wdio_ui5_key":"sapm.GenericTile{\"header\":\"Manage Yards\"}"}]}
RESULT: undefined
COMMAND: POST /session/7b3a28ffc0c0cac2784ec2f305c087be/element - {"using":"xpath","value":"//*[@id=\"__tile41\"]"}
RESULT: {"using":"xpath","value":"//*[@id=\"__tile41\"]"}
COMMAND: POST /session/7b3a28ffc0c0cac2784ec2f305c087be/element/f.29D1ABB2B85C1BCF108638C002AFC1F1.d.77D37950A7CE9EEBE19A336D73F7223A.e.115/click - {}
RESULT: {}
COMMAND: GET /session/7b3a28ffc0c0cac2784ec2f305c087be/screenshot - {}
RESULT: {}
COMMAND: POST /session/7b3a28ffc0c0cac2784ec2f305c087be/elements - {"using":"xpath","value":"//span[text()='Error']"}
RESULT: {"using":"xpath","value":"//span[text()='Error']"}
COMMAND: POST /session/7b3a28ffc0c0cac2784ec2f305c087be/execute/async - {"script":"<script> [1562 bytes]","args":[{"selector":{"controlType":"sap.ui.core.Icon","viewName":"etm.portal.ui.manageyards.view.Master","viewId":"application-manageyards-display-component---masterYard","properties":{"src":{"regex":{"source":"add"}}}},"wdio_ui5_key":"etmportal.ui.manageyards.view.Mastersap.ui.core.Icon{\"src\":{\"regex\":{\"source\":\"add\"}}}"}]}
RESULT: {"script":"<script> [1562 bytes]","args":[{"selector":{"controlType":"sap.ui.core.Icon","viewName":"etm.portal.ui.manageyards.view.Master","viewId":"application-manageyards-display-component---masterYard","properties":{"src":{"regex":{"source":"add"}}}},"wdio_ui5_key":"etmportal.ui.manageyards.view.Mastersap.ui.core.Icon{\"src\":{\"regex\":{\"source\":\"add\"}}}"}]}
RESULT: undefined
COMMAND: POST /session/7b3a28ffc0c0cac2784ec2f305c087be/element - {"using":"xpath","value":"//*[@id=\"__button4-img\"]"}
RESULT: {"using":"xpath","value":"//*[@id=\"__button4-img\"]"}
COMMAND: POST /session/7b3a28ffc0c0cac2784ec2f305c087be/element/f.29D1ABB2B85C1BCF108638C002AFC1F1.d.77D37950A7CE9EEBE19A336D73F7223A.e.164/click - {}
RESULT: {}
COMMAND: GET /session/7b3a28ffc0c0cac2784ec2f305c087be/screenshot - {}
RESULT: {}
COMMAND: POST /session/7b3a28ffc0c0cac2784ec2f305c087be/execute/async - {"script":"<script> [1562 bytes]","args":[{"selector":{"id":"application-manageyards-display-component---NewYard--yardId","interaction":{"idSuffix":"inner"}},"wdio_ui5_key":"applicationmanageyards-display-component---NewYard--yardId"}]}
RESULT: {"script":"<script> [1562 bytes]","args":[{"selector":{"id":"application-manageyards-display-component---NewYard--yardId","interaction":{"idSuffix":"inner"}},"wdio_ui5_key":"applicationmanageyards-display-component---NewYard--yardId"}]}
RESULT: undefined
COMMAND: POST /session/7b3a28ffc0c0cac2784ec2f305c087be/element - {"using":"xpath","value":"//*[@id=\"application-manageyards-display-component---NewYard--addressDetailDetailsName1-inner\"]"}
RESULT: {"using":"xpath","value":"//*[@id=\"application-manageyards-display-component---NewYard--addressDetailDetailsName1-inner\"]"}
COMMAND: POST /session/7b3a28ffc0c0cac2784ec2f305c087be/element/f.29D1ABB2B85C1BCF108638C002AFC1F1.d.77D37950A7CE9EEBE19A336D73F7223A.e.375/clear - {}
RESULT: {}
COMMAND: POST /session/7b3a28ffc0c0cac2784ec2f305c087be/element/f.29D1ABB2B85C1BCF108638C002AFC1F1.d.77D37950A7CE9EEBE19A336D73F7223A.e.375/value - {"text":"WebdriverYardqvit9"}
COMMAND: GET /session/7b3a28ffc0c0cac2784ec2f305c087be/screenshot - {}
RESULT: {"text":"WebdriverYardqvit9"}
COMMAND: POST /session/7b3a28ffc0c0cac2784ec2f305c087be/element - {"using":"xpath","value":"//*[@id=\"application-manageyards-display-component---NewYard--addressDetailDetailsLanguage-inner\"]"}
COMMAND: GET /session/7b3a28ffc0c0cac2784ec2f305c087be/screenshot - {}
RESULT: {}
RESULT: {"using":"xpath","value":"//*[@id=\"application-manageyards-display-component---NewYard--addressDetailDetailsLanguage-inner\"]"}
COMMAND: POST /session/7b3a28ffc0c0cac2784ec2f305c087be/element/f.29D1ABB2B85C1BCF108638C002AFC1F1.d.77D37950A7CE9EEBE19A336D73F7223A.e.376/clear - {}
RESULT: {}
RESULT: {}
COMMAND: POST /session/7b3a28ffc0c0cac2784ec2f305c087be/element/f.29D1ABB2B85C1BCF108638C002AFC1F1.d.77D37950A7CE9EEBE19A336D73F7223A.e.376/value - {"text":"Romanian"}
COMMAND: GET /session/7b3a28ffc0c0cac2784ec2f305c087be/screenshot - {}
RESULT: {"text":"Romanian"}
COMMAND: POST /session/7b3a28ffc0c0cac2784ec2f305c087be/element - {"using":"xpath","value":"//input[contains(@id ,\"application-manageyards-display-component---NewYard--addressDetailDetailsName1-inner\")]"}
COMMAND: GET /session/7b3a28ffc0c0cac2784ec2f305c087be/screenshot - {}
RESULT: {}
RESULT: {"using":"xpath","value":"//input[contains(@id ,\"application-manageyards-display-component---NewYard--addressDetailDetailsName1-inner\")]"}
COMMAND: GET /session/7b3a28ffc0c0cac2784ec2f305c087be/element/f.29D1ABB2B85C1BCF108638C002AFC1F1.d.77D37950A7CE9EEBE19A336D73F7223A.e.375/property/value - {}
RESULT: {}
RESULT: {}
COMMAND: GET /session/7b3a28ffc0c0cac2784ec2f305c087be/screenshot - {}
RESULT: {}
COMMAND: POST /session/7b3a28ffc0c0cac2784ec2f305c087be/element - {"using":"xpath","value":"//*[@id=\"application-manageyards-display-component---NewYard--addressDetailDetailsCity1-inner\"]"}
RESULT: {"using":"xpath","value":"//*[@id=\"application-manageyards-display-component---NewYard--addressDetailDetailsCity1-inner\"]"}
COMMAND: POST /session/7b3a28ffc0c0cac2784ec2f305c087be/element/f.29D1ABB2B85C1BCF108638C002AFC1F1.d.77D37950A7CE9EEBE19A336D73F7223A.e.378/clear - {}
RESULT: {}
COMMAND: POST /session/7b3a28ffc0c0cac2784ec2f305c087be/element/f.29D1ABB2B85C1BCF108638C002AFC1F1.d.77D37950A7CE9EEBE19A336D73F7223A.e.378/value - {"text":"Bucuresti"}
COMMAND: GET /session/7b3a28ffc0c0cac2784ec2f305c087be/screenshot - {}
RESULT: {"text":"Bucuresti"}
COMMAND: GET /session/7b3a28ffc0c0cac2784ec2f305c087be/screenshot - {}
RESULT: {}
RESULT: {}
COMMAND: POST /session/7b3a28ffc0c0cac2784ec2f305c087be/element - {"using":"xpath","value":"//*[@id=\"application-manageyards-display-component---NewYard--addressDetailDetailsCountry-inner\"]"}
RESULT: {"using":"xpath","value":"//*[@id=\"application-manageyards-display-component---NewYard--addressDetailDetailsCountry-inner\"]"}
COMMAND: POST /session/7b3a28ffc0c0cac2784ec2f305c087be/element/f.29D1ABB2B85C1BCF108638C002AFC1F1.d.77D37950A7CE9EEBE19A336D73F7223A.e.382/clear - {}
RESULT: {}
COMMAND: POST /session/7b3a28ffc0c0cac2784ec2f305c087be/element/f.29D1ABB2B85C1BCF108638C002AFC1F1.d.77D37950A7CE9EEBE19A336D73F7223A.e.382/value - {"text":"Romania"}
COMMAND: GET /session/7b3a28ffc0c0cac2784ec2f305c087be/screenshot - {}
RESULT: {"text":"Romania"}
COMMAND: GET /session/7b3a28ffc0c0cac2784ec2f305c087be/screenshot - {}
RESULT: {}
RESULT: {}
COMMAND: POST /session/7b3a28ffc0c0cac2784ec2f305c087be/element - {"using":"xpath","value":"//div[contains(text(), \"Commercial\")]"}
RESULT: {"using":"xpath","value":"//div[contains(text(), \"Commercial\")]"}
COMMAND: GET /session/7b3a28ffc0c0cac2784ec2f305c087be/element/f.29D1ABB2B85C1BCF108638C002AFC1F1.d.77D37950A7CE9EEBE19A336D73F7223A.e.575/rect - {}
RESULT: {}
COMMAND: GET /session/7b3a28ffc0c0cac2784ec2f305c087be/window/rect - {}
RESULT: {}
COMMAND: POST /session/7b3a28ffc0c0cac2784ec2f305c087be/execute/sync - {"script":"<script> [92 bytes]","args":[]}
RESULT: {"script":"<script> [92 bytes]","args":[]}
COMMAND: POST /session/7b3a28ffc0c0cac2784ec2f305c087be/actions - {"actions":[{"id":"action1","type":"wheel","parameters":{},"actions":[{"type":"scroll","x":-1841,"y":-44,"deltaX":0,"deltaY":0,"duration":0,"origin":{"element-6066-11e4-a52e-4f735466cecf":"f.29D1ABB2B85C1BCF108638C002AFC1F1.d.77D37950A7CE9EEBE19A336D73F7223A.e.575"}}]}]}
COMMAND: GET /session/7b3a28ffc0c0cac2784ec2f305c087be/screenshot - {}
RESULT: {}
COMMAND: POST /session/7b3a28ffc0c0cac2784ec2f305c087be/execute/sync - {"script":"<script> [79 bytes]","args":[{"element-6066-11e4-a52e-4f735466cecf":"f.29D1ABB2B85C1BCF108638C002AFC1F1.d.77D37950A7CE9EEBE19A336D73F7223A.e.575","ELEMENT":"f.29D1ABB2B85C1BCF108638C002AFC1F1.d.77D37950A7CE9EEBE19A336D73F7223A.e.575"},{"block":"start","inline":"nearest"}]}
RESULT: {"script":"<script> [79 bytes]","args":[{"element-6066-11e4-a52e-4f735466cecf":"f.29D1ABB2B85C1BCF108638C002AFC1F1.d.77D37950A7CE9EEBE19A336D73F7223A.e.575","ELEMENT":"f.29D1ABB2B85C1BCF108638C002AFC1F1.d.77D37950A7CE9EEBE19A336D73F7223A.e.575"},{"block":"start","inline":"nearest"}]}
COMMAND: GET /session/7b3a28ffc0c0cac2784ec2f305c087be/screenshot - {}
RESULT: {}
COMMAND: POST /session/7b3a28ffc0c0cac2784ec2f305c087be/execute/async - {"script":"<script> [1562 bytes]","args":[{"selector":{"id":"application-manageyards-display-component---NewYard--addressEditDetailsCostObjectCstType-arrow"},"wdio_ui5_key":"applicationmanageyards-display-component---NewYard--addressEditDetailsCostObjectCstType-arrow"}]}
RESULT: {"script":"<script> [1562 bytes]","args":[{"selector":{"id":"application-manageyards-display-component---NewYard--addressEditDetailsCostObjectCstType-arrow"},"wdio_ui5_key":"applicationmanageyards-display-component---NewYard--addressEditDetailsCostObjectCstType-arrow"}]}
RESULT: undefined
COMMAND: POST /session/7b3a28ffc0c0cac2784ec2f305c087be/element - {"using":"xpath","value":"//*[@id=\"application-manageyards-display-component---NewYard--addressEditDetailsCostObjectCstType-arrow\"]"}
RESULT: {"using":"xpath","value":"//*[@id=\"application-manageyards-display-component---NewYard--addressEditDetailsCostObjectCstType-arrow\"]"}
COMMAND: POST /session/7b3a28ffc0c0cac2784ec2f305c087be/element/f.29D1ABB2B85C1BCF108638C002AFC1F1.d.77D37950A7CE9EEBE19A336D73F7223A.e.583/click - {}
RESULT: {}
COMMAND: POST /session/7b3a28ffc0c0cac2784ec2f305c087be/element - {"using":"xpath","value":"//span[contains(text(), \"Cost Center\")]"}
COMMAND: GET /session/7b3a28ffc0c0cac2784ec2f305c087be/screenshot - {}
RESULT: {"using":"xpath","value":"//span[contains(text(), \"Cost Center\")]"}
COMMAND: POST /session/7b3a28ffc0c0cac2784ec2f305c087be/element/f.29D1ABB2B85C1BCF108638C002AFC1F1.d.77D37950A7CE9EEBE19A336D73F7223A.e.584/click - {}
RESULT: {}
RESULT: {}
COMMAND: GET /session/7b3a28ffc0c0cac2784ec2f305c087be/screenshot - {}
RESULT: {}
COMMAND: POST /session/7b3a28ffc0c0cac2784ec2f305c087be/execute/async - {"script":"<script> [1562 bytes]","args":[{"selector":{"id":"application-manageyards-display-component---NewYard--addressNewCostObjectCstID-vhi"},"wdio_ui5_key":"applicationmanageyards-display-component---NewYard--addressNewCostObjectCstID-vhi"}]}
RESULT: {"script":"<script> [1562 bytes]","args":[{"selector":{"id":"application-manageyards-display-component---NewYard--addressNewCostObjectCstID-vhi"},"wdio_ui5_key":"applicationmanageyards-display-component---NewYard--addressNewCostObjectCstID-vhi"}]}
RESULT: undefined
COMMAND: POST /session/7b3a28ffc0c0cac2784ec2f305c087be/element - {"using":"xpath","value":"//*[@id=\"application-manageyards-display-component---NewYard--addressNewCostObjectCstID-vhi\"]"}
RESULT: {"using":"xpath","value":"//*[@id=\"application-manageyards-display-component---NewYard--addressNewCostObjectCstID-vhi\"]"}
COMMAND: POST /session/7b3a28ffc0c0cac2784ec2f305c087be/element/f.29D1ABB2B85C1BCF108638C002AFC1F1.d.77D37950A7CE9EEBE19A336D73F7223A.e.588/click - {}
RESULT: {}
COMMAND: GET /session/7b3a28ffc0c0cac2784ec2f305c087be/screenshot - {}
RESULT: {}
COMMAND: POST /session/7b3a28ffc0c0cac2784ec2f305c087be/execute/async - {"script":"<script> [1562 bytes]","args":[{"selector":{"controlType":"sap.m.SearchField","properties":{"placeholder":"Search"},"searchOpenDialogs":true,"interaction":{"idSuffix":"I"}},"wdio_ui5_key":"sapm.SearchField{\"placeholder\":\"Search\"}"}]}
RESULT: {"script":"<script> [1562 bytes]","args":[{"selector":{"controlType":"sap.m.SearchField","properties":{"placeholder":"Search"},"searchOpenDialogs":true,"interaction":{"idSuffix":"I"}},"wdio_ui5_key":"sapm.SearchField{\"placeholder\":\"Search\"}"}]}
RESULT: undefined
COMMAND: POST /session/7b3a28ffc0c0cac2784ec2f305c087be/execute/async - {"script":"<script> [776 bytes]","args":[{"enterText":"10001013","selector":{"controlType":"sap.m.SearchField","properties":{"placeholder":"Search"},"searchOpenDialogs":true,"interaction":{"idSuffix":"I"}},"clearTextFirst":true,"interactionType":"ENTER_TEXT"}]}
RESULT: {"script":"<script> [776 bytes]","args":[{"enterText":"10001013","selector":{"controlType":"sap.m.SearchField","properties":{"placeholder":"Search"},"searchOpenDialogs":true,"interaction":{"idSuffix":"I"}},"clearTextFirst":true,"interactionType":"ENTER_TEXT"}]}
COMMAND: POST /session/7b3a28ffc0c0cac2784ec2f305c087be/actions - {"actions":[{"id":"action2","type":"key","parameters":{},"actions":[{"type":"keyDown","value":""},{"type":"pause","duration":10},{"type":"keyUp","value":""}]}]}
RESULT: {"actions":[{"id":"action2","type":"key","parameters":{},"actions":[{"type":"keyDown","value":""},{"type":"pause","duration":10},{"type":"keyUp","value":""}]}]}
COMMAND: GET /session/7b3a28ffc0c0cac2784ec2f305c087be/screenshot - {}
RESULT: {}
COMMAND: POST /session/7b3a28ffc0c0cac2784ec2f305c087be/element - {"using":"xpath","value":"//span[contains(text(), \"General Management\")]"}
RESULT: {"using":"xpath","value":"//span[contains(text(), \"General Management\")]"}
COMMAND: POST /session/7b3a28ffc0c0cac2784ec2f305c087be/element/f.29D1ABB2B85C1BCF108638C002AFC1F1.d.77D37950A7CE9EEBE19A336D73F7223A.e.629/click - {}
RESULT: {}
COMMAND: GET /session/7b3a28ffc0c0cac2784ec2f305c087be/screenshot - {}
RESULT: {}
COMMAND: POST /session/7b3a28ffc0c0cac2784ec2f305c087be/element - {"using":"xpath","value":"//bdi[contains(text(), \"OK\")]"}
RESULT: {"using":"xpath","value":"//bdi[contains(text(), \"OK\")]"}
COMMAND: POST /session/7b3a28ffc0c0cac2784ec2f305c087be/element/f.29D1ABB2B85C1BCF108638C002AFC1F1.d.77D37950A7CE9EEBE19A336D73F7223A.e.630/click - {}
RESULT: {}
COMMAND: GET /session/7b3a28ffc0c0cac2784ec2f305c087be/screenshot - {}
RESULT: {}
COMMAND: POST /session/7b3a28ffc0c0cac2784ec2f305c087be/execute/async - {"script":"<script> [1562 bytes]","args":[{"selector":{"controlType":"sap.m.Button","viewName":"etm.portal.ui.manageyards.view.New","viewId":"application-manageyards-display-component---NewYard","i18NText":{"propertyName":"text","key":"save"},"interaction":{"idSuffix":"inner"}},"wdio_ui5_key":"etmportal.ui.manageyards.view.Newsap.m.Button{\"propertyName\":\"text\",\"key\":\"save\"}"}]}
RESULT: {"script":"<script> [1562 bytes]","args":[{"selector":{"controlType":"sap.m.Button","viewName":"etm.portal.ui.manageyards.view.New","viewId":"application-manageyards-display-component---NewYard","i18NText":{"propertyName":"text","key":"save"},"interaction":{"idSuffix":"inner"}},"wdio_ui5_key":"etmportal.ui.manageyards.view.Newsap.m.Button{\"propertyName\":\"text\",\"key\":\"save\"}"}]}
RESULT: undefined
COMMAND: POST /session/7b3a28ffc0c0cac2784ec2f305c087be/element - {"using":"xpath","value":"//*[@id=\"__button18\"]"}
RESULT: {"using":"xpath","value":"//*[@id=\"__button18\"]"}
COMMAND: POST /session/7b3a28ffc0c0cac2784ec2f305c087be/element/f.29D1ABB2B85C1BCF108638C002AFC1F1.d.77D37950A7CE9EEBE19A336D73F7223A.e.556/click - {}
RESULT: {}
COMMAND: GET /session/7b3a28ffc0c0cac2784ec2f305c087be/screenshot - {}
RESULT: {}
COMMAND: POST /session/7b3a28ffc0c0cac2784ec2f305c087be/element - {"using":"xpath","value":"//header/div/div[2]/div[2]/span"}
RESULT: {"using":"xpath","value":"//header/div/div[2]/div[2]/span"}
COMMAND: GET /session/7b3a28ffc0c0cac2784ec2f305c087be/element/f.29D1ABB2B85C1BCF108638C002AFC1F1.d.77D37950A7CE9EEBE19A336D73F7223A.e.827/text - {}
RESULT: {}
COMMAND: POST /session/7b3a28ffc0c0cac2784ec2f305c087be/execute/async - {"script":"<script> [1562 bytes]","args":[{"selector":{"controlType":"sap.m.OverflowToolbarButton","viewName":"etm.portal.ui.manageyards.view.Detail","viewId":"application-manageyards-display-component---detailYard","i18NText":{"propertyName":"tooltip","key":"closeColumn"},"interaction":{"idSuffix":"inner"}},"wdio_ui5_key":"etmportal.ui.manageyards.view.Detailsap.m.OverflowToolbarButton{\"propertyName\":\"tooltip\",\"key\":\"closeColumn\"}"}]}
RESULT: {"script":"<script> [1562 bytes]","args":[{"selector":{"controlType":"sap.m.OverflowToolbarButton","viewName":"etm.portal.ui.manageyards.view.Detail","viewId":"application-manageyards-display-component---detailYard","i18NText":{"propertyName":"tooltip","key":"closeColumn"},"interaction":{"idSuffix":"inner"}},"wdio_ui5_key":"etmportal.ui.manageyards.view.Detailsap.m.OverflowToolbarButton{\"propertyName\":\"tooltip\",\"key\":\"closeColumn\"}"}]}
RESULT: undefined
COMMAND: POST /session/7b3a28ffc0c0cac2784ec2f305c087be/element - {"using":"xpath","value":"//*[@id=\"__button42\"]"}
RESULT: {"using":"xpath","value":"//*[@id=\"__button42\"]"}
COMMAND: POST /session/7b3a28ffc0c0cac2784ec2f305c087be/element/f.29D1ABB2B85C1BCF108638C002AFC1F1.d.77D37950A7CE9EEBE19A336D73F7223A.e.829/click - {}
RESULT: {}
COMMAND: GET /session/7b3a28ffc0c0cac2784ec2f305c087be/screenshot - {}
RESULT: {}
COMMAND: POST /session/7b3a28ffc0c0cac2784ec2f305c087be/element - {"using":"css selector","value":"#shell-header-logo"}
RESULT: {"using":"css selector","value":"#shell-header-logo"}
COMMAND: POST /session/7b3a28ffc0c0cac2784ec2f305c087be/element/f.29D1ABB2B85C1BCF108638C002AFC1F1.d.77D37950A7CE9EEBE19A336D73F7223A.e.118/click - {}
RESULT: {}
COMMAND: GET /session/7b3a28ffc0c0cac2784ec2f305c087be/screenshot - {}
RESULT: {}
COMMAND: POST /session/7b3a28ffc0c0cac2784ec2f305c087be/refresh - {}
RESULT: {}
COMMAND: GET /session/7b3a28ffc0c0cac2784ec2f305c087be/screenshot - {}
RESULT: {}
COMMAND: POST /session/7b3a28ffc0c0cac2784ec2f305c087be/execute/async - {"script":"<script> [189 bytes]","args":[]}
RESULT: {"script":"<script> [189 bytes]","args":[]}
COMMAND: POST /session/7b3a28ffc0c0cac2784ec2f305c087be/execute/async - {"script":"<script> [123 bytes]","args":[]}
RESULT: {"script":"<script> [123 bytes]","args":[]}
COMMAND: POST /session/7b3a28ffc0c0cac2784ec2f305c087be/timeouts - {"script":"<number>"}
RESULT: {"script":"<number>"}
COMMAND: GET /session/7b3a28ffc0c0cac2784ec2f305c087be/timeouts - {}
RESULT: {}
RESULT: undefined
COMMAND: POST /session/7b3a28ffc0c0cac2784ec2f305c087be/execute/async - {"script":"<script> [2676 bytes]","args":[]}
RESULT: {"script":"<script> [2676 bytes]","args":[]}
COMMAND: POST /session/7b3a28ffc0c0cac2784ec2f305c087be/execute/async - {"script":"<script> [2342 bytes]","args":[{"protocol":"http","hostname":"0.0.0.0","path":"/","capabilities":{"browserName":"chrome","goog:chromeOptions":{"binary":"C:\\Program Files\\Google\\Chrome\\Application\\chrome.exe","args":["--start-maximized"]}},"logLevel":"warn","connectionRetryTimeout":120000,"connectionRetryCount":3,"logLevels":{},"enableDirectConnect":true,"strictSSL":true,"_":"65 more keys: [\"cacheDir\",\"port\",\"requestedCapabilities\",\"automationProtocol\",\"baseUrl\",\"waitforInterval\",\"waitforTimeout\",\"onReload\",\"beforeCommand\",\"afterCommand\",\"rootDir\",\"specs\",\"suites\",\"exclude\",\"groupLogsByTestSpec\",\"excludeDriverLogs\",\"bail\",\"framework\",\"reporters\",\"services\",\"maxInstances\",\"maxInstancesPerCapability\",\"injectGlobals\",\"filesToWatch\",\"execArgv\",\"runnerEnv\",\"runner\",\"shard\",\"specFileRetries\",\"specFileRetriesDelay\",\"specFileRetriesDeferred\",\"reporterSyncInterval\",\"reporterSyncTimeout\",\"cucumberFeaturesWithLineNumbers\",\"autoCompileOpts\",\"mochaOpts\",\"jasmineOpts\",\"cucumberOpts\",\"onPrepare\",\"onWorkerStart\",\"onWorkerEnd\",\"before\",\"beforeSession\",\"beforeSuite\",\"beforeHook\",\"beforeTest\",\"afterTest\",\"afterHook\",\"afterSuite\",\"afterSession\",\"after\",\"onComplete\",\"beforeAssertion\",\"afterAssertion\",\"beforeFeature\",\"beforeScenario\",\"beforeStep\",\"afterStep\",\"afterScenario\",\"afterFeature\",\"_\",\"suite\",\"$0\",\"ignoredWorkerServices\",\"wdi5\"]"}]}
RESULT: {"script":"<script> [2342 bytes]","args":[{"protocol":"http","hostname":"0.0.0.0","path":"/","capabilities":{"browserName":"chrome","goog:chromeOptions":{"binary":"C:\\Program Files\\Google\\Chrome\\Application\\chrome.exe","args":["--start-maximized"]}},"logLevel":"warn","connectionRetryTimeout":120000,"connectionRetryCount":3,"logLevels":{},"enableDirectConnect":true,"strictSSL":true,"_":"65 more keys: [\"cacheDir\",\"port\",\"requestedCapabilities\",\"automationProtocol\",\"baseUrl\",\"waitforInterval\",\"waitforTimeout\",\"onReload\",\"beforeCommand\",\"afterCommand\",\"rootDir\",\"specs\",\"suites\",\"exclude\",\"groupLogsByTestSpec\",\"excludeDriverLogs\",\"bail\",\"framework\",\"reporters\",\"services\",\"maxInstances\",\"maxInstancesPerCapability\",\"injectGlobals\",\"filesToWatch\",\"execArgv\",\"runnerEnv\",\"runner\",\"shard\",\"specFileRetries\",\"specFileRetriesDelay\",\"specFileRetriesDeferred\",\"reporterSyncInterval\",\"reporterSyncTimeout\",\"cucumberFeaturesWithLineNumbers\",\"autoCompileOpts\",\"mochaOpts\",\"jasmineOpts\",\"cucumberOpts\",\"onPrepare\",\"onWorkerStart\",\"onWorkerEnd\",\"before\",\"beforeSession\",\"beforeSuite\",\"beforeHook\",\"beforeTest\",\"afterTest\",\"afterHook\",\"afterSuite\",\"afterSession\",\"after\",\"onComplete\",\"beforeAssertion\",\"afterAssertion\",\"beforeFeature\",\"beforeScenario\",\"beforeStep\",\"afterStep\",\"afterScenario\",\"afterFeature\",\"_\",\"suite\",\"$0\",\"ignoredWorkerServices\",\"wdi5\"]"}]}
COMMAND: POST /session/7b3a28ffc0c0cac2784ec2f305c087be/execute/async - {"script":"<script> [21126 bytes]","args":[35000]}
RESULT: {"script":"<script> [21126 bytes]","args":[35000]}
COMMAND: POST /session/7b3a28ffc0c0cac2784ec2f305c087be/execute/async - {"script":"<script> [1562 bytes]","args":[{"selector":{"controlType":"sap.m.GenericTile","properties":{"header":"Manage Sites"}},"wdio_ui5_key":"sapm.GenericTile{\"header\":\"Manage Sites\"}"}]}
RESULT: {"script":"<script> [1562 bytes]","args":[{"selector":{"controlType":"sap.m.GenericTile","properties":{"header":"Manage Sites"}},"wdio_ui5_key":"sapm.GenericTile{\"header\":\"Manage Sites\"}"}]}
RESULT: undefined
COMMAND: POST /session/7b3a28ffc0c0cac2784ec2f305c087be/element - {"using":"xpath","value":"//*[@id=\"__tile40\"]"}
RESULT: {"using":"xpath","value":"//*[@id=\"__tile40\"]"}
COMMAND: POST /session/7b3a28ffc0c0cac2784ec2f305c087be/element/f.29D1ABB2B85C1BCF108638C002AFC1F1.d.D33BAA41627FAE5F65C1716F97EC5311.e.1191/click - {}
RESULT: {}
COMMAND: GET /session/7b3a28ffc0c0cac2784ec2f305c087be/screenshot - {}
RESULT: {}
COMMAND: POST /session/7b3a28ffc0c0cac2784ec2f305c087be/elements - {"using":"xpath","value":"//span[text()='Error']"}
RESULT: {"using":"xpath","value":"//span[text()='Error']"}
COMMAND: POST /session/7b3a28ffc0c0cac2784ec2f305c087be/execute/async - {"script":"<script> [1562 bytes]","args":[{"selector":{"controlType":"sap.ui.core.Icon","viewName":"etm.portal.ui.managesites.view.Master","viewId":"application-managesites-display-component---masterSite","properties":{"src":{"regex":{"source":"add"}}}},"wdio_ui5_key":"etmportal.ui.managesites.view.Mastersap.ui.core.Icon{\"src\":{\"regex\":{\"source\":\"add\"}}}"}]}
RESULT: {"script":"<script> [1562 bytes]","args":[{"selector":{"controlType":"sap.ui.core.Icon","viewName":"etm.portal.ui.managesites.view.Master","viewId":"application-managesites-display-component---masterSite","properties":{"src":{"regex":{"source":"add"}}}},"wdio_ui5_key":"etmportal.ui.managesites.view.Mastersap.ui.core.Icon{\"src\":{\"regex\":{\"source\":\"add\"}}}"}]}
RESULT: undefined
COMMAND: POST /session/7b3a28ffc0c0cac2784ec2f305c087be/element - {"using":"xpath","value":"//*[@id=\"__button4-img\"]"}
RESULT: {"using":"xpath","value":"//*[@id=\"__button4-img\"]"}
COMMAND: POST /session/7b3a28ffc0c0cac2784ec2f305c087be/element/f.29D1ABB2B85C1BCF108638C002AFC1F1.d.D33BAA41627FAE5F65C1716F97EC5311.e.1240/click - {}
RESULT: {}
COMMAND: POST /session/7b3a28ffc0c0cac2784ec2f305c087be/execute/async - {"script":"<script> [1562 bytes]","args":[{"selector":{"id":"application-managesites-display-component---NewSite--siteId","interaction":{"idSuffix":"inner"}},"wdio_ui5_key":"applicationmanagesites-display-component---NewSite--siteId"}]}
COMMAND: GET /session/7b3a28ffc0c0cac2784ec2f305c087be/screenshot - {}
RESULT: {"script":"<script> [1562 bytes]","args":[{"selector":{"id":"application-managesites-display-component---NewSite--siteId","interaction":{"idSuffix":"inner"}},"wdio_ui5_key":"applicationmanagesites-display-component---NewSite--siteId"}]}
RESULT: undefined
COMMAND: POST /session/7b3a28ffc0c0cac2784ec2f305c087be/execute/async - {"script":"<script> [1562 bytes]","args":[{"selector":{"id":"application-managesites-display-component---NewSite--addressDetailDetailsName1","interaction":{"idSuffix":"inner"}},"wdio_ui5_key":"applicationmanagesites-display-component---NewSite--addressDetailDetailsName1"}]}
RESULT: {}
RESULT: {"script":"<script> [1562 bytes]","args":[{"selector":{"id":"application-managesites-display-component---NewSite--addressDetailDetailsName1","interaction":{"idSuffix":"inner"}},"wdio_ui5_key":"applicationmanagesites-display-component---NewSite--addressDetailDetailsName1"}]}
RESULT: undefined
COMMAND: POST /session/7b3a28ffc0c0cac2784ec2f305c087be/execute/async - {"script":"<script> [776 bytes]","args":[{"enterText":"WebdriverSite29fvs","selector":{"id":"application-managesites-display-component---NewSite--addressDetailDetailsName1","interaction":{"idSuffix":"inner"}},"clearTextFirst":true,"interactionType":"ENTER_TEXT"}]}
RESULT: {"script":"<script> [776 bytes]","args":[{"enterText":"WebdriverSite29fvs","selector":{"id":"application-managesites-display-component---NewSite--addressDetailDetailsName1","interaction":{"idSuffix":"inner"}},"clearTextFirst":true,"interactionType":"ENTER_TEXT"}]}
COMMAND: POST /session/7b3a28ffc0c0cac2784ec2f305c087be/execute/async - {"script":"<script> [1562 bytes]","args":[{"selector":{"id":"application-managesites-display-component---NewSite--addressDetailDetailsLanguage","interaction":{"idSuffix":"inner"}},"wdio_ui5_key":"applicationmanagesites-display-component---NewSite--addressDetailDetailsLanguage"}]}
RESULT: {"script":"<script> [1562 bytes]","args":[{"selector":{"id":"application-managesites-display-component---NewSite--addressDetailDetailsLanguage","interaction":{"idSuffix":"inner"}},"wdio_ui5_key":"applicationmanagesites-display-component---NewSite--addressDetailDetailsLanguage"}]}
RESULT: undefined
COMMAND: POST /session/7b3a28ffc0c0cac2784ec2f305c087be/execute/async - {"script":"<script> [776 bytes]","args":[{"enterText":"Romanian","selector":{"id":"application-managesites-display-component---NewSite--addressDetailDetailsLanguage","interaction":{"idSuffix":"inner"}},"clearTextFirst":true,"interactionType":"ENTER_TEXT"}]}
RESULT: {"script":"<script> [776 bytes]","args":[{"enterText":"Romanian","selector":{"id":"application-managesites-display-component---NewSite--addressDetailDetailsLanguage","interaction":{"idSuffix":"inner"}},"clearTextFirst":true,"interactionType":"ENTER_TEXT"}]}
COMMAND: POST /session/7b3a28ffc0c0cac2784ec2f305c087be/execute/async - {"script":"<script> [1562 bytes]","args":[{"selector":{"id":"application-managesites-display-component---NewSite--addressDetailDetailsCity1","interaction":{"idSuffix":"inner"}},"wdio_ui5_key":"applicationmanagesites-display-component---NewSite--addressDetailDetailsCity1"}]}
RESULT: {"script":"<script> [1562 bytes]","args":[{"selector":{"id":"application-managesites-display-component---NewSite--addressDetailDetailsCity1","interaction":{"idSuffix":"inner"}},"wdio_ui5_key":"applicationmanagesites-display-component---NewSite--addressDetailDetailsCity1"}]}
RESULT: undefined
COMMAND: POST /session/7b3a28ffc0c0cac2784ec2f305c087be/execute/async - {"script":"<script> [776 bytes]","args":[{"enterText":"Bucharest","selector":{"id":"application-managesites-display-component---NewSite--addressDetailDetailsCity1","interaction":{"idSuffix":"inner"}},"clearTextFirst":true,"interactionType":"ENTER_TEXT"}]}
RESULT: {"script":"<script> [776 bytes]","args":[{"enterText":"Bucharest","selector":{"id":"application-managesites-display-component---NewSite--addressDetailDetailsCity1","interaction":{"idSuffix":"inner"}},"clearTextFirst":true,"interactionType":"ENTER_TEXT"}]}
COMMAND: POST /session/7b3a28ffc0c0cac2784ec2f305c087be/execute/async - {"script":"<script> [1562 bytes]","args":[{"selector":{"id":"application-managesites-display-component---NewSite--addressDetailDetailsCountry","interaction":{"idSuffix":"inner"}},"wdio_ui5_key":"applicationmanagesites-display-component---NewSite--addressDetailDetailsCountry"}]}
RESULT: {"script":"<script> [1562 bytes]","args":[{"selector":{"id":"application-managesites-display-component---NewSite--addressDetailDetailsCountry","interaction":{"idSuffix":"inner"}},"wdio_ui5_key":"applicationmanagesites-display-component---NewSite--addressDetailDetailsCountry"}]}
RESULT: undefined
COMMAND: POST /session/7b3a28ffc0c0cac2784ec2f305c087be/execute/async - {"script":"<script> [776 bytes]","args":[{"enterText":"Romania","selector":{"id":"application-managesites-display-component---NewSite--addressDetailDetailsCountry","interaction":{"idSuffix":"inner"}},"clearTextFirst":true,"interactionType":"ENTER_TEXT"}]}
RESULT: {"script":"<script> [776 bytes]","args":[{"enterText":"Romania","selector":{"id":"application-managesites-display-component---NewSite--addressDetailDetailsCountry","interaction":{"idSuffix":"inner"}},"clearTextFirst":true,"interactionType":"ENTER_TEXT"}]}
COMMAND: POST /session/7b3a28ffc0c0cac2784ec2f305c087be/element - {"using":"css selector","value":"#application-managesites-display-component---NewSite--addressDetailDetailsCalendar-inner"}
RESULT: {"using":"css selector","value":"#application-managesites-display-component---NewSite--addressDetailDetailsCalendar-inner"}
COMMAND: POST /session/7b3a28ffc0c0cac2784ec2f305c087be/element/f.29D1ABB2B85C1BCF108638C002AFC1F1.d.D33BAA41627FAE5F65C1716F97EC5311.e.1423/clear - {}
RESULT: {}
COMMAND: POST /session/7b3a28ffc0c0cac2784ec2f305c087be/element/f.29D1ABB2B85C1BCF108638C002AFC1F1.d.D33BAA41627FAE5F65C1716F97EC5311.e.1423/value - {"text":"Germany"}
COMMAND: GET /session/7b3a28ffc0c0cac2784ec2f305c087be/screenshot - {}
RESULT: {"text":"Germany"}
COMMAND: POST /session/7b3a28ffc0c0cac2784ec2f305c087be/execute/async - {"script":"<script> [1562 bytes]","args":[{"selector":{"id":"application-managesites-display-component---NewSite--addressEditDetailsCostObjectCstType-arrow"},"wdio_ui5_key":"applicationmanagesites-display-component---NewSite--addressEditDetailsCostObjectCstType-arrow"}]}
COMMAND: GET /session/7b3a28ffc0c0cac2784ec2f305c087be/screenshot - {}
RESULT: {}
RESULT: {"script":"<script> [1562 bytes]","args":[{"selector":{"id":"application-managesites-display-component---NewSite--addressEditDetailsCostObjectCstType-arrow"},"wdio_ui5_key":"applicationmanagesites-display-component---NewSite--addressEditDetailsCostObjectCstType-arrow"}]}
RESULT: undefined
COMMAND: POST /session/7b3a28ffc0c0cac2784ec2f305c087be/element - {"using":"xpath","value":"//*[@id=\"application-managesites-display-component---NewSite--addressEditDetailsCostObjectCstType-arrow\"]"}
RESULT: {}
RESULT: {"using":"xpath","value":"//*[@id=\"application-managesites-display-component---NewSite--addressEditDetailsCostObjectCstType-arrow\"]"}
COMMAND: POST /session/7b3a28ffc0c0cac2784ec2f305c087be/element/f.29D1ABB2B85C1BCF108638C002AFC1F1.d.D33BAA41627FAE5F65C1716F97EC5311.e.1623/click - {}
RESULT: {}
COMMAND: POST /session/7b3a28ffc0c0cac2784ec2f305c087be/element - {"using":"xpath","value":"//span[contains(text(), \"Work Breakdown Structure\")]"}
COMMAND: GET /session/7b3a28ffc0c0cac2784ec2f305c087be/screenshot - {}
RESULT: {"using":"xpath","value":"//span[contains(text(), \"Work Breakdown Structure\")]"}
COMMAND: POST /session/7b3a28ffc0c0cac2784ec2f305c087be/element/f.29D1ABB2B85C1BCF108638C002AFC1F1.d.D33BAA41627FAE5F65C1716F97EC5311.e.1624/click - {}
RESULT: {}
RESULT: {}
COMMAND: GET /session/7b3a28ffc0c0cac2784ec2f305c087be/screenshot - {}
RESULT: {}
COMMAND: POST /session/7b3a28ffc0c0cac2784ec2f305c087be/execute/async - {"script":"<script> [1562 bytes]","args":[{"selector":{"id":"application-managesites-display-component---NewSite--addressNewCostObjectCstID-vhi"},"wdio_ui5_key":"applicationmanagesites-display-component---NewSite--addressNewCostObjectCstID-vhi"}]}
RESULT: {"script":"<script> [1562 bytes]","args":[{"selector":{"id":"application-managesites-display-component---NewSite--addressNewCostObjectCstID-vhi"},"wdio_ui5_key":"applicationmanagesites-display-component---NewSite--addressNewCostObjectCstID-vhi"}]}
RESULT: undefined
COMMAND: POST /session/7b3a28ffc0c0cac2784ec2f305c087be/element - {"using":"xpath","value":"//*[@id=\"application-managesites-display-component---NewSite--addressNewCostObjectCstID-vhi\"]"}
RESULT: {"using":"xpath","value":"//*[@id=\"application-managesites-display-component---NewSite--addressNewCostObjectCstID-vhi\"]"}
COMMAND: POST /session/7b3a28ffc0c0cac2784ec2f305c087be/element/f.29D1ABB2B85C1BCF108638C002AFC1F1.d.D33BAA41627FAE5F65C1716F97EC5311.e.1628/click - {}
RESULT: {}
COMMAND: GET /session/7b3a28ffc0c0cac2784ec2f305c087be/screenshot - {}
RESULT: {}
COMMAND: POST /session/7b3a28ffc0c0cac2784ec2f305c087be/execute/async - {"script":"<script> [1562 bytes]","args":[{"selector":{"controlType":"sap.m.SearchField","properties":{"placeholder":"Search"},"searchOpenDialogs":true,"interaction":{"idSuffix":"I"}},"wdio_ui5_key":"sapm.SearchField{\"placeholder\":\"Search\"}"}]}
RESULT: {"script":"<script> [1562 bytes]","args":[{"selector":{"controlType":"sap.m.SearchField","properties":{"placeholder":"Search"},"searchOpenDialogs":true,"interaction":{"idSuffix":"I"}},"wdio_ui5_key":"sapm.SearchField{\"placeholder\":\"Search\"}"}]}
RESULT: undefined
COMMAND: POST /session/7b3a28ffc0c0cac2784ec2f305c087be/execute/async - {"script":"<script> [776 bytes]","args":[{"enterText":"A1-000100-01","selector":{"controlType":"sap.m.SearchField","properties":{"placeholder":"Search"},"searchOpenDialogs":true,"interaction":{"idSuffix":"I"}},"clearTextFirst":true,"interactionType":"ENTER_TEXT"}]}
RESULT: {"script":"<script> [776 bytes]","args":[{"enterText":"A1-000100-01","selector":{"controlType":"sap.m.SearchField","properties":{"placeholder":"Search"},"searchOpenDialogs":true,"interaction":{"idSuffix":"I"}},"clearTextFirst":true,"interactionType":"ENTER_TEXT"}]}
COMMAND: POST /session/7b3a28ffc0c0cac2784ec2f305c087be/actions - {"actions":[{"id":"action3","type":"key","parameters":{},"actions":[{"type":"keyDown","value":""},{"type":"pause","duration":10},{"type":"keyUp","value":""}]}]}
RESULT: {"actions":[{"id":"action3","type":"key","parameters":{},"actions":[{"type":"keyDown","value":""},{"type":"pause","duration":10},{"type":"keyUp","value":""}]}]}
COMMAND: GET /session/7b3a28ffc0c0cac2784ec2f305c087be/screenshot - {}
RESULT: {}
COMMAND: POST /session/7b3a28ffc0c0cac2784ec2f305c087be/element - {"using":"xpath","value":"//span[contains(text(), \"Template for ETO-Process\")]"}
RESULT: {"using":"xpath","value":"//span[contains(text(), \"Template for ETO-Process\")]"}
COMMAND: POST /session/7b3a28ffc0c0cac2784ec2f305c087be/element/f.29D1ABB2B85C1BCF108638C002AFC1F1.d.D33BAA41627FAE5F65C1716F97EC5311.e.1647/click - {}
RESULT: {}
COMMAND: GET /session/7b3a28ffc0c0cac2784ec2f305c087be/screenshot - {}
RESULT: {}
COMMAND: POST /session/7b3a28ffc0c0cac2784ec2f305c087be/element - {"using":"xpath","value":"//bdi[contains(text(), \"OK\")]"}
RESULT: {"using":"xpath","value":"//bdi[contains(text(), \"OK\")]"}
COMMAND: POST /session/7b3a28ffc0c0cac2784ec2f305c087be/element/f.29D1ABB2B85C1BCF108638C002AFC1F1.d.D33BAA41627FAE5F65C1716F97EC5311.e.1648/click - {}
RESULT: {}
COMMAND: GET /session/7b3a28ffc0c0cac2784ec2f305c087be/screenshot - {}
RESULT: {}
COMMAND: POST /session/7b3a28ffc0c0cac2784ec2f305c087be/element - {"using":"xpath","value":"//input[@id=\"application-managesites-display-component---NewSite--addressDetailDetailsYard-inner\"]"}
RESULT: {"using":"xpath","value":"//input[@id=\"application-managesites-display-component---NewSite--addressDetailDetailsYard-inner\"]"}
COMMAND: POST /session/7b3a28ffc0c0cac2784ec2f305c087be/element/f.29D1ABB2B85C1BCF108638C002AFC1F1.d.D33BAA41627FAE5F65C1716F97EC5311.e.1424/value - {"text":"WebdriverYardqvit9"}
RESULT: {"text":"WebdriverYardqvit9"}
COMMAND: GET /session/7b3a28ffc0c0cac2784ec2f305c087be/screenshot - {}
RESULT: {}
COMMAND: POST /session/7b3a28ffc0c0cac2784ec2f305c087be/actions - {"actions":[{"id":"action4","type":"key","parameters":{},"actions":[{"type":"keyDown","value":""},{"type":"pause","duration":10},{"type":"keyUp","value":""}]}]}
RESULT: {"actions":[{"id":"action4","type":"key","parameters":{},"actions":[{"type":"keyDown","value":""},{"type":"pause","duration":10},{"type":"keyUp","value":""}]}]}
COMMAND: GET /session/7b3a28ffc0c0cac2784ec2f305c087be/screenshot - {}
RESULT: {}
COMMAND: POST /session/7b3a28ffc0c0cac2784ec2f305c087be/element - {"using":"xpath","value":"//input[@id=\"application-managesites-display-component---NewSite--addressDetailDetailsPartner-inner\"]"}
RESULT: {"using":"xpath","value":"//input[@id=\"application-managesites-display-component---NewSite--addressDetailDetailsPartner-inner\"]"}
COMMAND: POST /session/7b3a28ffc0c0cac2784ec2f305c087be/elements - {"using":"xpath","value":"//input[@id=\"application-managesites-display-component---NewSite--addressDetailDetailsPartner-inner\"]"}
RESULT: {"using":"xpath","value":"//input[@id=\"application-managesites-display-component---NewSite--addressDetailDetailsPartner-inner\"]"}
COMMAND: POST /session/7b3a28ffc0c0cac2784ec2f305c087be/execute/async - {"script":"<script> [1562 bytes]","args":[{"selector":{"controlType":"sap.m.Button","viewName":"etm.portal.ui.managesites.view.NewSmartSite","viewId":"application-managesites-display-component---NewSite","properties":{"text":"Commercial"},"interaction":{"idSuffix":"BDI-content"}},"wdio_ui5_key":"etmportal.ui.managesites.view.NewSmartSitesap.m.Button{\"text\":\"Commercial\"}"}]}
RESULT: {"script":"<script> [1562 bytes]","args":[{"selector":{"controlType":"sap.m.Button","viewName":"etm.portal.ui.managesites.view.NewSmartSite","viewId":"application-managesites-display-component---NewSite","properties":{"text":"Commercial"},"interaction":{"idSuffix":"BDI-content"}},"wdio_ui5_key":"etmportal.ui.managesites.view.NewSmartSitesap.m.Button{\"text\":\"Commercial\"}"}]}
RESULT: undefined
COMMAND: POST /session/7b3a28ffc0c0cac2784ec2f305c087be/element - {"using":"xpath","value":"//*[@id=\"application-managesites-display-component---NewSite--ObjectPageLayout-anchBar-__section5-anchor\"]"}
RESULT: {"using":"xpath","value":"//*[@id=\"application-managesites-display-component---NewSite--ObjectPageLayout-anchBar-__section5-anchor\"]"}
COMMAND: POST /session/7b3a28ffc0c0cac2784ec2f305c087be/element/f.29D1ABB2B85C1BCF108638C002AFC1F1.d.D33BAA41627FAE5F65C1716F97EC5311.e.1676/click - {}
RESULT: {}
COMMAND: POST /session/7b3a28ffc0c0cac2784ec2f305c087be/execute/async - {"script":"<script> [1562 bytes]","args":[{"selector":{"controlType":"sap.m.Button","viewName":"etm.portal.ui.managesites.view.NewSmartSite","viewId":"application-managesites-display-component---NewSite","i18NText":{"propertyName":"text","key":"save"},"interaction":{"idSuffix":"BDI-content"}},"wdio_ui5_key":"etmportal.ui.managesites.view.NewSmartSitesap.m.Button{\"propertyName\":\"text\",\"key\":\"save\"}"}]}
COMMAND: GET /session/7b3a28ffc0c0cac2784ec2f305c087be/screenshot - {}
RESULT: {"script":"<script> [1562 bytes]","args":[{"selector":{"controlType":"sap.m.Button","viewName":"etm.portal.ui.managesites.view.NewSmartSite","viewId":"application-managesites-display-component---NewSite","i18NText":{"propertyName":"text","key":"save"},"interaction":{"idSuffix":"BDI-content"}},"wdio_ui5_key":"etmportal.ui.managesites.view.NewSmartSitesap.m.Button{\"propertyName\":\"text\",\"key\":\"save\"}"}]}
RESULT: undefined
COMMAND: POST /session/7b3a28ffc0c0cac2784ec2f305c087be/element - {"using":"xpath","value":"//*[@id=\"__button16\"]"}
RESULT: {}
RESULT: {"using":"xpath","value":"//*[@id=\"__button16\"]"}
COMMAND: POST /session/7b3a28ffc0c0cac2784ec2f305c087be/element/f.29D1ABB2B85C1BCF108638C002AFC1F1.d.D33BAA41627FAE5F65C1716F97EC5311.e.1599/click - {}
RESULT: {}
COMMAND: GET /session/7b3a28ffc0c0cac2784ec2f305c087be/screenshot - {}
RESULT: {}
COMMAND: POST /session/7b3a28ffc0c0cac2784ec2f305c087be/execute/async - {"script":"<script> [1562 bytes]","args":[{"selector":{"id":"application-managesites-display-component---detailSite--addressDetailDetailsYardText"},"wdio_ui5_key":"applicationmanagesites-display-component---detailSite--addressDetailDetailsYardText"}]}
RESULT: {"script":"<script> [1562 bytes]","args":[{"selector":{"id":"application-managesites-display-component---detailSite--addressDetailDetailsYardText"},"wdio_ui5_key":"applicationmanagesites-display-component---detailSite--addressDetailDetailsYardText"}]}
RESULT: undefined
COMMAND: POST /session/7b3a28ffc0c0cac2784ec2f305c087be/element - {"using":"xpath","value":"//header/div/div[2]/div[2]/span"}
RESULT: {"using":"xpath","value":"//header/div/div[2]/div[2]/span"}
COMMAND: GET /session/7b3a28ffc0c0cac2784ec2f305c087be/element/f.29D1ABB2B85C1BCF108638C002AFC1F1.d.D33BAA41627FAE5F65C1716F97EC5311.e.1883/text - {}
RESULT: {}
COMMAND: POST /session/7b3a28ffc0c0cac2784ec2f305c087be/element - {"using":"xpath","value":"//header/div/div/div/div/div/div[2]/div/span"}
RESULT: {"using":"xpath","value":"//header/div/div/div/div/div/div[2]/div/span"}
COMMAND: GET /session/7b3a28ffc0c0cac2784ec2f305c087be/element/f.29D1ABB2B85C1BCF108638C002AFC1F1.d.D33BAA41627FAE5F65C1716F97EC5311.e.1884/text - {}
RESULT: {}
COMMAND: POST /session/7b3a28ffc0c0cac2784ec2f305c087be/element - {"using":"css selector","value":"#shell-header-logo"}
RESULT: {"using":"css selector","value":"#shell-header-logo"}
COMMAND: POST /session/7b3a28ffc0c0cac2784ec2f305c087be/element/f.29D1ABB2B85C1BCF108638C002AFC1F1.d.D33BAA41627FAE5F65C1716F97EC5311.e.1194/click - {}
RESULT: {}
COMMAND: GET /session/7b3a28ffc0c0cac2784ec2f305c087be/screenshot - {}
RESULT: {}
COMMAND: POST /session/7b3a28ffc0c0cac2784ec2f305c087be/execute/async - {"script":"<script> [1562 bytes]","args":[{"selector":{"controlType":"sap.m.GenericTile","properties":{"header":"Manage Partners"}},"wdio_ui5_key":"sapm.GenericTile{\"header\":\"Manage Partners\"}"}]}
RESULT: {"script":"<script> [1562 bytes]","args":[{"selector":{"controlType":"sap.m.GenericTile","properties":{"header":"Manage Partners"}},"wdio_ui5_key":"sapm.GenericTile{\"header\":\"Manage Partners\"}"}]}
RESULT: undefined
COMMAND: POST /session/7b3a28ffc0c0cac2784ec2f305c087be/element - {"using":"xpath","value":"//*[@id=\"__tile38\"]"}
RESULT: {"using":"xpath","value":"//*[@id=\"__tile38\"]"}
COMMAND: POST /session/7b3a28ffc0c0cac2784ec2f305c087be/element/f.29D1ABB2B85C1BCF108638C002AFC1F1.d.D33BAA41627FAE5F65C1716F97EC5311.e.1886/click - {}
RESULT: {}
COMMAND: GET /session/7b3a28ffc0c0cac2784ec2f305c087be/screenshot - {}
RESULT: {}
COMMAND: POST /session/7b3a28ffc0c0cac2784ec2f305c087be/elements - {"using":"xpath","value":"//span[text()='Error']"}
RESULT: {"using":"xpath","value":"//span[text()='Error']"}
COMMAND: POST /session/7b3a28ffc0c0cac2784ec2f305c087be/execute/async - {"script":"<script> [1562 bytes]","args":[{"selector":{"controlType":"sap.ui.core.Icon","viewName":"etm.portal.ui.managepartners.view.Master","viewId":"application-managepartners-display-component---masterPtm","properties":{"src":{"regex":{"source":"add"}}}},"wdio_ui5_key":"etmportal.ui.managepartners.view.Mastersap.ui.core.Icon{\"src\":{\"regex\":{\"source\":\"add\"}}}"}]}
RESULT: {"script":"<script> [1562 bytes]","args":[{"selector":{"controlType":"sap.ui.core.Icon","viewName":"etm.portal.ui.managepartners.view.Master","viewId":"application-managepartners-display-component---masterPtm","properties":{"src":{"regex":{"source":"add"}}}},"wdio_ui5_key":"etmportal.ui.managepartners.view.Mastersap.ui.core.Icon{\"src\":{\"regex\":{\"source\":\"add\"}}}"}]}
RESULT: undefined
COMMAND: POST /session/7b3a28ffc0c0cac2784ec2f305c087be/element - {"using":"xpath","value":"//*[@id=\"__button60-img\"]"}
RESULT: {"using":"xpath","value":"//*[@id=\"__button60-img\"]"}
COMMAND: POST /session/7b3a28ffc0c0cac2784ec2f305c087be/element/f.29D1ABB2B85C1BCF108638C002AFC1F1.d.D33BAA41627FAE5F65C1716F97EC5311.e.1937/click - {}
RESULT: {}
COMMAND: GET /session/7b3a28ffc0c0cac2784ec2f305c087be/screenshot - {}
RESULT: {}
COMMAND: POST /session/7b3a28ffc0c0cac2784ec2f305c087be/execute/async - {"script":"<script> [1562 bytes]","args":[{"selector":{"id":"application-managepartners-display-component---NewPartner--partnerId","interaction":{"idSuffix":"inner"}},"wdio_ui5_key":"applicationmanagepartners-display-component---NewPartner--partnerId"}]}
RESULT: {"script":"<script> [1562 bytes]","args":[{"selector":{"id":"application-managepartners-display-component---NewPartner--partnerId","interaction":{"idSuffix":"inner"}},"wdio_ui5_key":"applicationmanagepartners-display-component---NewPartner--partnerId"}]}
RESULT: undefined
COMMAND: POST /session/7b3a28ffc0c0cac2784ec2f305c087be/execute/async - {"script":"<script> [1562 bytes]","args":[{"selector":{"id":"application-managepartners-display-component---NewPartner--addressDetailDetailsName1","interaction":{"idSuffix":"inner"}},"wdio_ui5_key":"applicationmanagepartners-display-component---NewPartner--addressDetailDetailsName1"}]}
RESULT: {"script":"<script> [1562 bytes]","args":[{"selector":{"id":"application-managepartners-display-component---NewPartner--addressDetailDetailsName1","interaction":{"idSuffix":"inner"}},"wdio_ui5_key":"applicationmanagepartners-display-component---NewPartner--addressDetailDetailsName1"}]}
RESULT: undefined
COMMAND: POST /session/7b3a28ffc0c0cac2784ec2f305c087be/execute/async - {"script":"<script> [776 bytes]","args":[{"enterText":"WebdriverPartnernf4s","selector":{"id":"application-managepartners-display-component---NewPartner--addressDetailDetailsName1","interaction":{"idSuffix":"inner"}},"clearTextFirst":true,"interactionType":"ENTER_TEXT"}]}
RESULT: {"script":"<script> [776 bytes]","args":[{"enterText":"WebdriverPartnernf4s","selector":{"id":"application-managepartners-display-component---NewPartner--addressDetailDetailsName1","interaction":{"idSuffix":"inner"}},"clearTextFirst":true,"interactionType":"ENTER_TEXT"}]}
COMMAND: POST /session/7b3a28ffc0c0cac2784ec2f305c087be/execute/async - {"script":"<script> [1562 bytes]","args":[{"selector":{"id":"application-managepartners-display-component---NewPartner--addressDetailDetailsLanguage","interaction":{"idSuffix":"inner"}},"wdio_ui5_key":"applicationmanagepartners-display-component---NewPartner--addressDetailDetailsLanguage"}]}
RESULT: {"script":"<script> [1562 bytes]","args":[{"selector":{"id":"application-managepartners-display-component---NewPartner--addressDetailDetailsLanguage","interaction":{"idSuffix":"inner"}},"wdio_ui5_key":"applicationmanagepartners-display-component---NewPartner--addressDetailDetailsLanguage"}]}
RESULT: undefined
COMMAND: POST /session/7b3a28ffc0c0cac2784ec2f305c087be/execute/async - {"script":"<script> [776 bytes]","args":[{"enterText":"Romanian","selector":{"id":"application-managepartners-display-component---NewPartner--addressDetailDetailsLanguage","interaction":{"idSuffix":"inner"}},"clearTextFirst":true,"interactionType":"ENTER_TEXT"}]}
RESULT: {"script":"<script> [776 bytes]","args":[{"enterText":"Romanian","selector":{"id":"application-managepartners-display-component---NewPartner--addressDetailDetailsLanguage","interaction":{"idSuffix":"inner"}},"clearTextFirst":true,"interactionType":"ENTER_TEXT"}]}
COMMAND: POST /session/7b3a28ffc0c0cac2784ec2f305c087be/element - {"using":"xpath","value":"//input[contains(@id ,\"application-managepartners-display-component---NewPartner--addressDetailDetailsName1-inner\")]"}
RESULT: {"using":"xpath","value":"//input[contains(@id ,\"application-managepartners-display-component---NewPartner--addressDetailDetailsName1-inner\")]"}
COMMAND: GET /session/7b3a28ffc0c0cac2784ec2f305c087be/element/f.29D1ABB2B85C1BCF108638C002AFC1F1.d.D33BAA41627FAE5F65C1716F97EC5311.e.2110/property/value - {}
RESULT: {}
COMMAND: POST /session/7b3a28ffc0c0cac2784ec2f305c087be/execute/async - {"script":"<script> [1562 bytes]","args":[{"selector":{"id":"application-managepartners-display-component---NewPartner--addressDetailDetailsCity1","interaction":{"idSuffix":"inner"}},"wdio_ui5_key":"applicationmanagepartners-display-component---NewPartner--addressDetailDetailsCity1"}]}
COMMAND: GET /session/7b3a28ffc0c0cac2784ec2f305c087be/screenshot - {}
RESULT: {"script":"<script> [1562 bytes]","args":[{"selector":{"id":"application-managepartners-display-component---NewPartner--addressDetailDetailsCity1","interaction":{"idSuffix":"inner"}},"wdio_ui5_key":"applicationmanagepartners-display-component---NewPartner--addressDetailDetailsCity1"}]}
RESULT: undefined
COMMAND: POST /session/7b3a28ffc0c0cac2784ec2f305c087be/execute/async - {"script":"<script> [776 bytes]","args":[{"enterText":"Bucharest","selector":{"id":"application-managepartners-display-component---NewPartner--addressDetailDetailsCity1","interaction":{"idSuffix":"inner"}},"clearTextFirst":true,"interactionType":"ENTER_TEXT"}]}
RESULT: {}
RESULT: {"script":"<script> [776 bytes]","args":[{"enterText":"Bucharest","selector":{"id":"application-managepartners-display-component---NewPartner--addressDetailDetailsCity1","interaction":{"idSuffix":"inner"}},"clearTextFirst":true,"interactionType":"ENTER_TEXT"}]}
COMMAND: POST /session/7b3a28ffc0c0cac2784ec2f305c087be/execute/async - {"script":"<script> [1562 bytes]","args":[{"selector":{"id":"application-managepartners-display-component---NewPartner--addressDetailDetailsCountry","interaction":{"idSuffix":"inner"}},"wdio_ui5_key":"applicationmanagepartners-display-component---NewPartner--addressDetailDetailsCountry"}]}
RESULT: {"script":"<script> [1562 bytes]","args":[{"selector":{"id":"application-managepartners-display-component---NewPartner--addressDetailDetailsCountry","interaction":{"idSuffix":"inner"}},"wdio_ui5_key":"applicationmanagepartners-display-component---NewPartner--addressDetailDetailsCountry"}]}
RESULT: undefined
COMMAND: POST /session/7b3a28ffc0c0cac2784ec2f305c087be/execute/async - {"script":"<script> [6424 bytes]","args":[{"element-6066-11e4-a52e-4f735466cecf":"f.29D1ABB2B85C1BCF108638C002AFC1F1.d.D33BAA41627FAE5F65C1716F97EC5311.e.2117"},"setValue",["Romania"]]}
RESULT: {"script":"<script> [6424 bytes]","args":[{"element-6066-11e4-a52e-4f735466cecf":"f.29D1ABB2B85C1BCF108638C002AFC1F1.d.D33BAA41627FAE5F65C1716F97EC5311.e.2117"},"setValue",["Romania"]]}
COMMAND: POST /session/7b3a28ffc0c0cac2784ec2f305c087be/execute/async - {"script":"<script> [1562 bytes]","args":[{"selector":{"id":"application-managepartners-display-component---NewPartner--partnerDetailInternal","interaction":{"idSuffix":"inner"}},"wdio_ui5_key":"applicationmanagepartners-display-component---NewPartner--partnerDetailInternal"}]}
RESULT: {"script":"<script> [1562 bytes]","args":[{"selector":{"id":"application-managepartners-display-component---NewPartner--partnerDetailInternal","interaction":{"idSuffix":"inner"}},"wdio_ui5_key":"applicationmanagepartners-display-component---NewPartner--partnerDetailInternal"}]}
RESULT: undefined
COMMAND: POST /session/7b3a28ffc0c0cac2784ec2f305c087be/execute/async - {"script":"<script> [776 bytes]","args":[{"enterText":"External partner","selector":{"id":"application-managepartners-display-component---NewPartner--partnerDetailInternal","interaction":{"idSuffix":"inner"}},"clearTextFirst":true,"interactionType":"ENTER_TEXT"}]}
RESULT: {"script":"<script> [776 bytes]","args":[{"enterText":"External partner","selector":{"id":"application-managepartners-display-component---NewPartner--partnerDetailInternal","interaction":{"idSuffix":"inner"}},"clearTextFirst":true,"interactionType":"ENTER_TEXT"}]}
COMMAND: POST /session/7b3a28ffc0c0cac2784ec2f305c087be/execute/async - {"script":"<script> [1562 bytes]","args":[{"selector":{"id":"application-managepartners-display-component---NewPartner--partnerDetailsCurrency","interaction":{"idSuffix":"inner"}},"wdio_ui5_key":"applicationmanagepartners-display-component---NewPartner--partnerDetailsCurrency"}]}
RESULT: {"script":"<script> [1562 bytes]","args":[{"selector":{"id":"application-managepartners-display-component---NewPartner--partnerDetailsCurrency","interaction":{"idSuffix":"inner"}},"wdio_ui5_key":"applicationmanagepartners-display-component---NewPartner--partnerDetailsCurrency"}]}
RESULT: undefined
COMMAND: POST /session/7b3a28ffc0c0cac2784ec2f305c087be/execute/async - {"script":"<script> [776 bytes]","args":[{"enterText":"Euro","selector":{"id":"application-managepartners-display-component---NewPartner--partnerDetailsCurrency","interaction":{"idSuffix":"inner"}},"clearTextFirst":true,"interactionType":"ENTER_TEXT"}]}
RESULT: {"script":"<script> [776 bytes]","args":[{"enterText":"Euro","selector":{"id":"application-managepartners-display-component---NewPartner--partnerDetailsCurrency","interaction":{"idSuffix":"inner"}},"clearTextFirst":true,"interactionType":"ENTER_TEXT"}]}
COMMAND: POST /session/7b3a28ffc0c0cac2784ec2f305c087be/execute/async - {"script":"<script> [1562 bytes]","args":[{"selector":{"controlType":"sap.m.Button","viewName":"etm.portal.ui.managepartners.view.NewPartner","viewId":"application-managepartners-display-component---NewPartner","properties":{"text":"Commercial"},"interaction":{"idSuffix":"BDI-content"}},"wdio_ui5_key":"etmportal.ui.managepartners.view.NewPartnersap.m.Button{\"text\":\"Commercial\"}"}]}
RESULT: {"script":"<script> [1562 bytes]","args":[{"selector":{"controlType":"sap.m.Button","viewName":"etm.portal.ui.managepartners.view.NewPartner","viewId":"application-managepartners-display-component---NewPartner","properties":{"text":"Commercial"},"interaction":{"idSuffix":"BDI-content"}},"wdio_ui5_key":"etmportal.ui.managepartners.view.NewPartnersap.m.Button{\"text\":\"Commercial\"}"}]}
RESULT: undefined
COMMAND: POST /session/7b3a28ffc0c0cac2784ec2f305c087be/element - {"using":"xpath","value":"//*[@id=\"application-managepartners-display-component---NewPartner--ObjectPageLayout-anchBar-__section29-anchor\"]"}
RESULT: {"using":"xpath","value":"//*[@id=\"application-managepartners-display-component---NewPartner--ObjectPageLayout-anchBar-__section29-anchor\"]"}
COMMAND: POST /session/7b3a28ffc0c0cac2784ec2f305c087be/element/f.29D1ABB2B85C1BCF108638C002AFC1F1.d.D33BAA41627FAE5F65C1716F97EC5311.e.2368/click - {}
RESULT: {}
COMMAND: GET /session/7b3a28ffc0c0cac2784ec2f305c087be/screenshot - {}
RESULT: {}
COMMAND: POST /session/7b3a28ffc0c0cac2784ec2f305c087be/execute/async - {"script":"<script> [1562 bytes]","args":[{"selector":{"id":"application-managepartners-display-component---NewPartner--btnAddTableRow-img"},"wdio_ui5_key":"applicationmanagepartners-display-component---NewPartner--btnAddTableRow-img"}]}
RESULT: {"script":"<script> [1562 bytes]","args":[{"selector":{"id":"application-managepartners-display-component---NewPartner--btnAddTableRow-img"},"wdio_ui5_key":"applicationmanagepartners-display-component---NewPartner--btnAddTableRow-img"}]}
RESULT: undefined
COMMAND: POST /session/7b3a28ffc0c0cac2784ec2f305c087be/element - {"using":"xpath","value":"//*[@id=\"application-managepartners-display-component---NewPartner--btnAddTableRow-img\"]"}
RESULT: {"using":"xpath","value":"//*[@id=\"application-managepartners-display-component---NewPartner--btnAddTableRow-img\"]"}
COMMAND: POST /session/7b3a28ffc0c0cac2784ec2f305c087be/element/f.29D1ABB2B85C1BCF108638C002AFC1F1.d.D33BAA41627FAE5F65C1716F97EC5311.e.2374/click - {}
RESULT: {}
COMMAND: POST /session/7b3a28ffc0c0cac2784ec2f305c087be/element - {"using":"xpath","value":"//input[contains(@id ,\"application-managepartners-display-component---NewPartner--assignmentYard-application-managepartners-display-component---NewPartner\")]"}
COMMAND: GET /session/7b3a28ffc0c0cac2784ec2f305c087be/screenshot - {}
RESULT: {"using":"xpath","value":"//input[contains(@id ,\"application-managepartners-display-component---NewPartner--assignmentYard-application-managepartners-display-component---NewPartner\")]"}
COMMAND: POST /session/7b3a28ffc0c0cac2784ec2f305c087be/element/f.29D1ABB2B85C1BCF108638C002AFC1F1.d.D33BAA41627FAE5F65C1716F97EC5311.e.2379/clear - {}
RESULT: {}
RESULT: {}
COMMAND: POST /session/7b3a28ffc0c0cac2784ec2f305c087be/element/f.29D1ABB2B85C1BCF108638C002AFC1F1.d.D33BAA41627FAE5F65C1716F97EC5311.e.2379/value - {"text":"WebdriverYardqvit9"}
COMMAND: GET /session/7b3a28ffc0c0cac2784ec2f305c087be/screenshot - {}
RESULT: {"text":"WebdriverYardqvit9"}
COMMAND: GET /session/7b3a28ffc0c0cac2784ec2f305c087be/screenshot - {}
RESULT: {}
RESULT: {}
COMMAND: POST /session/7b3a28ffc0c0cac2784ec2f305c087be/execute/async - {"script":"<script> [1562 bytes]","args":[{"selector":{"controlType":"sap.m.Button","viewName":"etm.portal.ui.managepartners.view.NewPartner","viewId":"application-managepartners-display-component---NewPartner","i18NText":{"propertyName":"text","key":"save"},"interaction":{"idSuffix":"BDI-content"}},"wdio_ui5_key":"etmportal.ui.managepartners.view.NewPartnersap.m.Button{\"propertyName\":\"text\",\"key\":\"save\"}"}]}
RESULT: {"script":"<script> [1562 bytes]","args":[{"selector":{"controlType":"sap.m.Button","viewName":"etm.portal.ui.managepartners.view.NewPartner","viewId":"application-managepartners-display-component---NewPartner","i18NText":{"propertyName":"text","key":"save"},"interaction":{"idSuffix":"BDI-content"}},"wdio_ui5_key":"etmportal.ui.managepartners.view.NewPartnersap.m.Button{\"propertyName\":\"text\",\"key\":\"save\"}"}]}
RESULT: undefined
COMMAND: POST /session/7b3a28ffc0c0cac2784ec2f305c087be/element - {"using":"xpath","value":"//*[@id=\"__button68\"]"}
RESULT: {"using":"xpath","value":"//*[@id=\"__button68\"]"}
COMMAND: POST /session/7b3a28ffc0c0cac2784ec2f305c087be/element/f.29D1ABB2B85C1BCF108638C002AFC1F1.d.D33BAA41627FAE5F65C1716F97EC5311.e.2308/click - {}
RESULT: {}
COMMAND: GET /session/7b3a28ffc0c0cac2784ec2f305c087be/screenshot - {}
RESULT: {}
COMMAND: POST /session/7b3a28ffc0c0cac2784ec2f305c087be/element - {"using":"xpath","value":"//header/div/div[2]/div[2]/span"}
RESULT: {"using":"xpath","value":"//header/div/div[2]/div[2]/span"}
COMMAND: GET /session/7b3a28ffc0c0cac2784ec2f305c087be/element/f.29D1ABB2B85C1BCF108638C002AFC1F1.d.D33BAA41627FAE5F65C1716F97EC5311.e.2550/text - {}
RESULT: {}
COMMAND: POST /session/7b3a28ffc0c0cac2784ec2f305c087be/element - {"using":"xpath","value":"//header/div/div/div/div/div/div[2]/div/span"}
RESULT: {"using":"xpath","value":"//header/div/div/div/div/div/div[2]/div/span"}
COMMAND: GET /session/7b3a28ffc0c0cac2784ec2f305c087be/element/f.29D1ABB2B85C1BCF108638C002AFC1F1.d.D33BAA41627FAE5F65C1716F97EC5311.e.2551/text - {}
RESULT: {}
COMMAND: POST /session/7b3a28ffc0c0cac2784ec2f305c087be/execute/async - {"script":"<script> [1562 bytes]","args":[{"selector":{"id":"application-managepartners-display-component---detailPtm--partnerType"},"wdio_ui5_key":"applicationmanagepartners-display-component---detailPtm--partnerType"}]}
RESULT: {"script":"<script> [1562 bytes]","args":[{"selector":{"id":"application-managepartners-display-component---detailPtm--partnerType"},"wdio_ui5_key":"applicationmanagepartners-display-component---detailPtm--partnerType"}]}
RESULT: undefined
COMMAND: POST /session/7b3a28ffc0c0cac2784ec2f305c087be/execute/async - {"script":"<script> [6424 bytes]","args":[{"element-6066-11e4-a52e-4f735466cecf":"f.29D1ABB2B85C1BCF108638C002AFC1F1.d.D33BAA41627FAE5F65C1716F97EC5311.e.2552"},"getText",[]]}
RESULT: {"script":"<script> [6424 bytes]","args":[{"element-6066-11e4-a52e-4f735466cecf":"f.29D1ABB2B85C1BCF108638C002AFC1F1.d.D33BAA41627FAE5F65C1716F97EC5311.e.2552"},"getText",[]]}
COMMAND: POST /session/7b3a28ffc0c0cac2784ec2f305c087be/element - {"using":"css selector","value":"#shell-header-logo"}
RESULT: {"using":"css selector","value":"#shell-header-logo"}
COMMAND: POST /session/7b3a28ffc0c0cac2784ec2f305c087be/element/f.29D1ABB2B85C1BCF108638C002AFC1F1.d.D33BAA41627FAE5F65C1716F97EC5311.e.1889/click - {}
RESULT: {}
COMMAND: GET /session/7b3a28ffc0c0cac2784ec2f305c087be/screenshot - {}
RESULT: {}
]]></system-out>
    </testcase>
    <testcase classname="chrome.136_0_7103_93.windows.Webshop_-_Hyperlinks_visible_and_working_properly__US139085" name="Should create a new contract" time="98.551">
      <system-out><![CDATA[
COMMAND: POST /session/7b3a28ffc0c0cac2784ec2f305c087be/execute/async - {"script":"<script> [1562 bytes]","args":[{"selector":{"controlType":"sap.m.GenericTile","properties":{"header":"Manage Contracts"}},"wdio_ui5_key":"sapm.GenericTile{\"header\":\"Manage Contracts\"}"}]}
RESULT: {"script":"<script> [1562 bytes]","args":[{"selector":{"controlType":"sap.m.GenericTile","properties":{"header":"Manage Contracts"}},"wdio_ui5_key":"sapm.GenericTile{\"header\":\"Manage Contracts\"}"}]}
RESULT: undefined
COMMAND: POST /session/7b3a28ffc0c0cac2784ec2f305c087be/element - {"using":"xpath","value":"//*[@id=\"__tile130\"]"}
RESULT: {"using":"xpath","value":"//*[@id=\"__tile130\"]"}
COMMAND: POST /session/7b3a28ffc0c0cac2784ec2f305c087be/element/f.29D1ABB2B85C1BCF108638C002AFC1F1.d.D33BAA41627FAE5F65C1716F97EC5311.e.2554/click - {}
RESULT: {}
COMMAND: GET /session/7b3a28ffc0c0cac2784ec2f305c087be/screenshot - {}
RESULT: {}
COMMAND: POST /session/7b3a28ffc0c0cac2784ec2f305c087be/elements - {"using":"xpath","value":"//span[text()='Error']"}
RESULT: {"using":"xpath","value":"//span[text()='Error']"}
COMMAND: POST /session/7b3a28ffc0c0cac2784ec2f305c087be/element - {"using":"xpath","value":"//button[@data-kt=\"addButton\"]"}
RESULT: {"using":"xpath","value":"//button[@data-kt=\"addButton\"]"}
COMMAND: POST /session/7b3a28ffc0c0cac2784ec2f305c087be/element/f.29D1ABB2B85C1BCF108638C002AFC1F1.d.D33BAA41627FAE5F65C1716F97EC5311.e.2602/click - {}
RESULT: {}
COMMAND: GET /session/7b3a28ffc0c0cac2784ec2f305c087be/screenshot - {}
RESULT: {}
COMMAND: POST /session/7b3a28ffc0c0cac2784ec2f305c087be/execute/async - {"script":"<script> [1562 bytes]","args":[{"selector":{"id":"application-managecontracts-display-component---AddNewContract--projectDescription","interaction":{"idSuffix":"inner"}},"wdio_ui5_key":"applicationmanagecontracts-display-component---AddNewContract--projectDescription"}]}
RESULT: {"script":"<script> [1562 bytes]","args":[{"selector":{"id":"application-managecontracts-display-component---AddNewContract--projectDescription","interaction":{"idSuffix":"inner"}},"wdio_ui5_key":"applicationmanagecontracts-display-component---AddNewContract--projectDescription"}]}
RESULT: undefined
COMMAND: POST /session/7b3a28ffc0c0cac2784ec2f305c087be/execute/async - {"script":"<script> [776 bytes]","args":[{"enterText":"WdIOR2ck6bh9","selector":{"id":"application-managecontracts-display-component---AddNewContract--projectDescription","interaction":{"idSuffix":"inner"}},"clearTextFirst":true,"interactionType":"ENTER_TEXT"}]}
RESULT: {"script":"<script> [776 bytes]","args":[{"enterText":"WdIOR2ck6bh9","selector":{"id":"application-managecontracts-display-component---AddNewContract--projectDescription","interaction":{"idSuffix":"inner"}},"clearTextFirst":true,"interactionType":"ENTER_TEXT"}]}
COMMAND: POST /session/7b3a28ffc0c0cac2784ec2f305c087be/element - {"using":"xpath","value":"//input[@id=\"application-managecontracts-display-component---AddNewContract--yardId-inner\"]"}
RESULT: {"using":"xpath","value":"//input[@id=\"application-managecontracts-display-component---AddNewContract--yardId-inner\"]"}
COMMAND: POST /session/7b3a28ffc0c0cac2784ec2f305c087be/element/f.29D1ABB2B85C1BCF108638C002AFC1F1.d.D33BAA41627FAE5F65C1716F97EC5311.e.2871/clear - {}
RESULT: {}
COMMAND: POST /session/7b3a28ffc0c0cac2784ec2f305c087be/element/f.29D1ABB2B85C1BCF108638C002AFC1F1.d.D33BAA41627FAE5F65C1716F97EC5311.e.2871/value - {"text":"WebdriverYardqvit9"}
COMMAND: GET /session/7b3a28ffc0c0cac2784ec2f305c087be/screenshot - {}
RESULT: {"text":"WebdriverYardqvit9"}
COMMAND: GET /session/7b3a28ffc0c0cac2784ec2f305c087be/screenshot - {}
RESULT: {}
RESULT: {}
COMMAND: POST /session/7b3a28ffc0c0cac2784ec2f305c087be/actions - {"actions":[{"id":"action5","type":"key","parameters":{},"actions":[{"type":"keyDown","value":""},{"type":"pause","duration":10},{"type":"keyUp","value":""}]}]}
RESULT: {"actions":[{"id":"action5","type":"key","parameters":{},"actions":[{"type":"keyDown","value":""},{"type":"pause","duration":10},{"type":"keyUp","value":""}]}]}
COMMAND: GET /session/7b3a28ffc0c0cac2784ec2f305c087be/screenshot - {}
RESULT: {}
COMMAND: POST /session/7b3a28ffc0c0cac2784ec2f305c087be/element - {"using":"xpath","value":"//input[@id=\"application-managecontracts-display-component---AddNewContract--customerSelect-inner\"]"}
RESULT: {"using":"xpath","value":"//input[@id=\"application-managecontracts-display-component---AddNewContract--customerSelect-inner\"]"}
COMMAND: POST /session/7b3a28ffc0c0cac2784ec2f305c087be/element/f.29D1ABB2B85C1BCF108638C002AFC1F1.d.D33BAA41627FAE5F65C1716F97EC5311.e.2869/clear - {}
RESULT: {}
COMMAND: POST /session/7b3a28ffc0c0cac2784ec2f305c087be/element/f.29D1ABB2B85C1BCF108638C002AFC1F1.d.D33BAA41627FAE5F65C1716F97EC5311.e.2869/value - {"text":"WebdriverPartnernf4s"}
COMMAND: GET /session/7b3a28ffc0c0cac2784ec2f305c087be/screenshot - {}
RESULT: {"text":"WebdriverPartnernf4s"}
COMMAND: GET /session/7b3a28ffc0c0cac2784ec2f305c087be/screenshot - {}
RESULT: {}
RESULT: {}
COMMAND: POST /session/7b3a28ffc0c0cac2784ec2f305c087be/actions - {"actions":[{"id":"action6","type":"key","parameters":{},"actions":[{"type":"keyDown","value":""},{"type":"pause","duration":10},{"type":"keyUp","value":""}]}]}
RESULT: {"actions":[{"id":"action6","type":"key","parameters":{},"actions":[{"type":"keyDown","value":""},{"type":"pause","duration":10},{"type":"keyUp","value":""}]}]}
COMMAND: GET /session/7b3a28ffc0c0cac2784ec2f305c087be/screenshot - {}
RESULT: {}
COMMAND: POST /session/7b3a28ffc0c0cac2784ec2f305c087be/element - {"using":"xpath","value":"//input[@id=\"application-managecontracts-display-component---AddNewContract--site-inner\"]"}
RESULT: {"using":"xpath","value":"//input[@id=\"application-managecontracts-display-component---AddNewContract--site-inner\"]"}
COMMAND: POST /session/7b3a28ffc0c0cac2784ec2f305c087be/element/f.29D1ABB2B85C1BCF108638C002AFC1F1.d.D33BAA41627FAE5F65C1716F97EC5311.e.2870/clear - {}
RESULT: {}
COMMAND: POST /session/7b3a28ffc0c0cac2784ec2f305c087be/element/f.29D1ABB2B85C1BCF108638C002AFC1F1.d.D33BAA41627FAE5F65C1716F97EC5311.e.2870/value - {"text":"WebdriverSite29fvs"}
COMMAND: GET /session/7b3a28ffc0c0cac2784ec2f305c087be/screenshot - {}
RESULT: {"text":"WebdriverSite29fvs"}
COMMAND: GET /session/7b3a28ffc0c0cac2784ec2f305c087be/screenshot - {}
RESULT: {}
RESULT: {}
COMMAND: POST /session/7b3a28ffc0c0cac2784ec2f305c087be/actions - {"actions":[{"id":"action7","type":"key","parameters":{},"actions":[{"type":"keyDown","value":""},{"type":"pause","duration":10},{"type":"keyUp","value":""}]}]}
RESULT: {"actions":[{"id":"action7","type":"key","parameters":{},"actions":[{"type":"keyDown","value":""},{"type":"pause","duration":10},{"type":"keyUp","value":""}]}]}
COMMAND: GET /session/7b3a28ffc0c0cac2784ec2f305c087be/screenshot - {}
RESULT: {}
COMMAND: POST /session/7b3a28ffc0c0cac2784ec2f305c087be/element - {"using":"xpath","value":"//button[@data-kt=\"saveButton\"]"}
RESULT: {"using":"xpath","value":"//button[@data-kt=\"saveButton\"]"}
COMMAND: POST /session/7b3a28ffc0c0cac2784ec2f305c087be/element/f.29D1ABB2B85C1BCF108638C002AFC1F1.d.D33BAA41627FAE5F65C1716F97EC5311.e.2947/click - {}
RESULT: {}
COMMAND: GET /session/7b3a28ffc0c0cac2784ec2f305c087be/screenshot - {}
RESULT: {}
COMMAND: POST /session/7b3a28ffc0c0cac2784ec2f305c087be/execute/async - {"script":"<script> [1562 bytes]","args":[{"selector":{"id":"contractDetailTitleNoExpanded","viewName":"etm.portal.ui.managecontracts.view.Detail"},"wdio_ui5_key":"contractDetailTitleNoExpandedetmportal.ui.managecontracts.view.Detail"}]}
RESULT: {"script":"<script> [1562 bytes]","args":[{"selector":{"id":"contractDetailTitleNoExpanded","viewName":"etm.portal.ui.managecontracts.view.Detail"},"wdio_ui5_key":"contractDetailTitleNoExpandedetmportal.ui.managecontracts.view.Detail"}]}
RESULT: undefined
COMMAND: POST /session/7b3a28ffc0c0cac2784ec2f305c087be/execute/async - {"script":"<script> [6424 bytes]","args":[{"element-6066-11e4-a52e-4f735466cecf":"f.29D1ABB2B85C1BCF108638C002AFC1F1.d.D33BAA41627FAE5F65C1716F97EC5311.e.3025"},"getText",[]]}
RESULT: {"script":"<script> [6424 bytes]","args":[{"element-6066-11e4-a52e-4f735466cecf":"f.29D1ABB2B85C1BCF108638C002AFC1F1.d.D33BAA41627FAE5F65C1716F97EC5311.e.3025"},"getText",[]]}
COMMAND: POST /session/7b3a28ffc0c0cac2784ec2f305c087be/element - {"using":"css selector","value":"#shell-header-logo"}
RESULT: {"using":"css selector","value":"#shell-header-logo"}
COMMAND: POST /session/7b3a28ffc0c0cac2784ec2f305c087be/element/f.29D1ABB2B85C1BCF108638C002AFC1F1.d.D33BAA41627FAE5F65C1716F97EC5311.e.2557/click - {}
RESULT: {}
COMMAND: GET /session/7b3a28ffc0c0cac2784ec2f305c087be/screenshot - {}
RESULT: {}
]]></system-out>
    </testcase>
    <testcase classname="chrome.136_0_7103_93.windows.Webshop_-_Hyperlinks_visible_and_working_properly__US139085" name="Should create a new webshop request and verify yard hyperlinks" time="221.373">
      <system-out><![CDATA[
COMMAND: POST /session/7b3a28ffc0c0cac2784ec2f305c087be/execute/async - {"script":"<script> [1562 bytes]","args":[{"selector":{"controlType":"sap.m.GenericTile","properties":{"header":"Webshop"}},"wdio_ui5_key":"sapm.GenericTile{\"header\":\"Webshop\"}"}]}
RESULT: {"script":"<script> [1562 bytes]","args":[{"selector":{"controlType":"sap.m.GenericTile","properties":{"header":"Webshop"}},"wdio_ui5_key":"sapm.GenericTile{\"header\":\"Webshop\"}"}]}
RESULT: undefined
COMMAND: POST /session/7b3a28ffc0c0cac2784ec2f305c087be/element - {"using":"xpath","value":"//*[@id=\"__tile49\"]"}
RESULT: {"using":"xpath","value":"//*[@id=\"__tile49\"]"}
COMMAND: POST /session/7b3a28ffc0c0cac2784ec2f305c087be/element/f.29D1ABB2B85C1BCF108638C002AFC1F1.d.D33BAA41627FAE5F65C1716F97EC5311.e.1175/click - {}
RESULT: {}
COMMAND: GET /session/7b3a28ffc0c0cac2784ec2f305c087be/screenshot - {}
RESULT: {}
COMMAND: POST /session/7b3a28ffc0c0cac2784ec2f305c087be/elements - {"using":"xpath","value":"//span[text()='Error']"}
RESULT: {"using":"xpath","value":"//span[text()='Error']"}
COMMAND: POST /session/7b3a28ffc0c0cac2784ec2f305c087be/element - {"using":"css selector","value":"#requestCreationDialog--createRequestPopUp-title-inner"}
RESULT: {"using":"css selector","value":"#requestCreationDialog--createRequestPopUp-title-inner"}
COMMAND: POST /session/7b3a28ffc0c0cac2784ec2f305c087be/execute/sync - {"script":"<script> [8489 bytes]","args":[{"element-6066-11e4-a52e-4f735466cecf":"f.29D1ABB2B85C1BCF108638C002AFC1F1.d.D33BAA41627FAE5F65C1716F97EC5311.e.3055","ELEMENT":"f.29D1ABB2B85C1BCF108638C002AFC1F1.d.D33BAA41627FAE5F65C1716F97EC5311.e.3055"}]}
RESULT: {"script":"<script> [8489 bytes]","args":[{"element-6066-11e4-a52e-4f735466cecf":"f.29D1ABB2B85C1BCF108638C002AFC1F1.d.D33BAA41627FAE5F65C1716F97EC5311.e.3055","ELEMENT":"f.29D1ABB2B85C1BCF108638C002AFC1F1.d.D33BAA41627FAE5F65C1716F97EC5311.e.3055"}]}
COMMAND: GET /session/7b3a28ffc0c0cac2784ec2f305c087be/element/f.29D1ABB2B85C1BCF108638C002AFC1F1.d.D33BAA41627FAE5F65C1716F97EC5311.e.3055/enabled - {}
COMMAND: GET /session/7b3a28ffc0c0cac2784ec2f305c087be/screenshot - {}
RESULT: {}
COMMAND: POST /session/7b3a28ffc0c0cac2784ec2f305c087be/execute/async - {"script":"<script> [1562 bytes]","args":[{"selector":{"id":"requestCreationDialog--requestName","searchOpenDialogs":true,"interaction":{"idSuffix":"inner"}},"wdio_ui5_key":"requestCreationDialogrequestName"}]}
COMMAND: GET /session/7b3a28ffc0c0cac2784ec2f305c087be/screenshot - {}
RESULT: {}
RESULT: {"script":"<script> [1562 bytes]","args":[{"selector":{"id":"requestCreationDialog--requestName","searchOpenDialogs":true,"interaction":{"idSuffix":"inner"}},"wdio_ui5_key":"requestCreationDialogrequestName"}]}
RESULT: undefined
COMMAND: POST /session/7b3a28ffc0c0cac2784ec2f305c087be/execute/async - {"script":"<script> [776 bytes]","args":[{"enterText":"WebdriverTest","selector":{"id":"requestCreationDialog--requestName","searchOpenDialogs":true,"interaction":{"idSuffix":"inner"}},"clearTextFirst":true,"interactionType":"ENTER_TEXT"}]}
RESULT: {}
RESULT: {"script":"<script> [776 bytes]","args":[{"enterText":"WebdriverTest","selector":{"id":"requestCreationDialog--requestName","searchOpenDialogs":true,"interaction":{"idSuffix":"inner"}},"clearTextFirst":true,"interactionType":"ENTER_TEXT"}]}
COMMAND: POST /session/7b3a28ffc0c0cac2784ec2f305c087be/element - {"using":"xpath","value":"//input[contains(@id ,\"requestCreationDialog--contract-inner\")]"}
RESULT: {"using":"xpath","value":"//input[contains(@id ,\"requestCreationDialog--contract-inner\")]"}
COMMAND: POST /session/7b3a28ffc0c0cac2784ec2f305c087be/element/f.29D1ABB2B85C1BCF108638C002AFC1F1.d.D33BAA41627FAE5F65C1716F97EC5311.e.3040/clear - {}
RESULT: {}
COMMAND: POST /session/7b3a28ffc0c0cac2784ec2f305c087be/element/f.29D1ABB2B85C1BCF108638C002AFC1F1.d.D33BAA41627FAE5F65C1716F97EC5311.e.3040/value - {"text":"10271"}
COMMAND: GET /session/7b3a28ffc0c0cac2784ec2f305c087be/screenshot - {}
RESULT: {"text":"10271"}
COMMAND: GET /session/7b3a28ffc0c0cac2784ec2f305c087be/screenshot - {}
RESULT: {}
COMMAND: POST /session/7b3a28ffc0c0cac2784ec2f305c087be/actions - {"actions":[{"id":"action8","type":"key","parameters":{},"actions":[{"type":"keyDown","value":""},{"type":"pause","duration":10},{"type":"keyUp","value":""}]}]}
RESULT: {}
RESULT: {"actions":[{"id":"action8","type":"key","parameters":{},"actions":[{"type":"keyDown","value":""},{"type":"pause","duration":10},{"type":"keyUp","value":""}]}]}
COMMAND: GET /session/7b3a28ffc0c0cac2784ec2f305c087be/screenshot - {}
RESULT: {}
COMMAND: POST /session/7b3a28ffc0c0cac2784ec2f305c087be/element - {"using":"xpath","value":"//input[contains(@id ,\"requestCreationDialog--contract-inner\")]"}
RESULT: {"using":"xpath","value":"//input[contains(@id ,\"requestCreationDialog--contract-inner\")]"}
COMMAND: GET /session/7b3a28ffc0c0cac2784ec2f305c087be/element/f.29D1ABB2B85C1BCF108638C002AFC1F1.d.D33BAA41627FAE5F65C1716F97EC5311.e.3040/property/value - {}
RESULT: {}
COMMAND: POST /session/7b3a28ffc0c0cac2784ec2f305c087be/element - {"using":"xpath","value":"//input[contains(@id ,\"requestCreationDialog--contract-inner\")]"}
COMMAND: GET /session/7b3a28ffc0c0cac2784ec2f305c087be/screenshot - {}
RESULT: {"using":"xpath","value":"//input[contains(@id ,\"requestCreationDialog--contract-inner\")]"}
COMMAND: POST /session/7b3a28ffc0c0cac2784ec2f305c087be/execute/async - {"script":"<script> [1562 bytes]","args":[{"selector":{"id":"requestCreationDialog--okButton","searchOpenDialogs":true,"interaction":{"idSuffix":"BDI-content"}},"wdio_ui5_key":"requestCreationDialogokButton"}]}
RESULT: {}
RESULT: {"script":"<script> [1562 bytes]","args":[{"selector":{"id":"requestCreationDialog--okButton","searchOpenDialogs":true,"interaction":{"idSuffix":"BDI-content"}},"wdio_ui5_key":"requestCreationDialogokButton"}]}
RESULT: undefined
COMMAND: POST /session/7b3a28ffc0c0cac2784ec2f305c087be/element - {"using":"xpath","value":"//*[@id=\"requestCreationDialog--okButton\"]"}
RESULT: {"using":"xpath","value":"//*[@id=\"requestCreationDialog--okButton\"]"}
COMMAND: POST /session/7b3a28ffc0c0cac2784ec2f305c087be/element/f.29D1ABB2B85C1BCF108638C002AFC1F1.d.D33BAA41627FAE5F65C1716F97EC5311.e.3065/click - {}
RESULT: {}
COMMAND: GET /session/7b3a28ffc0c0cac2784ec2f305c087be/screenshot - {}
RESULT: {}
COMMAND: POST /session/7b3a28ffc0c0cac2784ec2f305c087be/element - {"using":"xpath","value":"//input[contains(@id ,\"searchFiledId-I\")]"}
RESULT: {"using":"xpath","value":"//input[contains(@id ,\"searchFiledId-I\")]"}
COMMAND: POST /session/7b3a28ffc0c0cac2784ec2f305c087be/element/f.29D1ABB2B85C1BCF108638C002AFC1F1.d.D33BAA41627FAE5F65C1716F97EC5311.e.3033/value - {"text":"Dri-Prime CD150M Diesel Pump"}
RESULT: {"text":"Dri-Prime CD150M Diesel Pump"}
COMMAND: POST /session/7b3a28ffc0c0cac2784ec2f305c087be/actions - {"actions":[{"id":"action9","type":"key","parameters":{},"actions":[{"type":"keyDown","value":""},{"type":"pause","duration":10},{"type":"keyUp","value":""}]}]}
COMMAND: GET /session/7b3a28ffc0c0cac2784ec2f305c087be/screenshot - {}
RESULT: {"actions":[{"id":"action9","type":"key","parameters":{},"actions":[{"type":"keyDown","value":""},{"type":"pause","duration":10},{"type":"keyUp","value":""}]}]}
COMMAND: GET /session/7b3a28ffc0c0cac2784ec2f305c087be/screenshot - {}
RESULT: {}
RESULT: {}
COMMAND: POST /session/7b3a28ffc0c0cac2784ec2f305c087be/element - {"using":"xpath","value":"//span[contains(@id ,\"subTitle\")][contains(text(), \"Dri-Prime CD150M Diesel Pump\")]"}
RESULT: {"using":"xpath","value":"//span[contains(@id ,\"subTitle\")][contains(text(), \"Dri-Prime CD150M Diesel Pump\")]"}
COMMAND: POST /session/7b3a28ffc0c0cac2784ec2f305c087be/element/f.29D1ABB2B85C1BCF108638C002AFC1F1.d.D33BAA41627FAE5F65C1716F97EC5311.e.3071/click - {}
RESULT: {}
COMMAND: GET /session/7b3a28ffc0c0cac2784ec2f305c087be/screenshot - {}
RESULT: {}
COMMAND: POST /session/7b3a28ffc0c0cac2784ec2f305c087be/execute/async - {"script":"<script> [1562 bytes]","args":[{"selector":{"controlType":"sap.m.Button","viewName":"etm.portal.ui.webshop.view.Homepage","i18NText":{"propertyName":"text","key":"addToRequest"},"interaction":{"idSuffix":"BDI-content"}},"wdio_ui5_key":"etmportal.ui.webshop.view.Homepagesap.m.Button{\"propertyName\":\"text\",\"key\":\"addToRequest\"}"}]}
RESULT: {"script":"<script> [1562 bytes]","args":[{"selector":{"controlType":"sap.m.Button","viewName":"etm.portal.ui.webshop.view.Homepage","i18NText":{"propertyName":"text","key":"addToRequest"},"interaction":{"idSuffix":"BDI-content"}},"wdio_ui5_key":"etmportal.ui.webshop.view.Homepagesap.m.Button{\"propertyName\":\"text\",\"key\":\"addToRequest\"}"}]}
RESULT: undefined
COMMAND: POST /session/7b3a28ffc0c0cac2784ec2f305c087be/element - {"using":"xpath","value":"//*[@id=\"__button134\"]"}
RESULT: {"using":"xpath","value":"//*[@id=\"__button134\"]"}
COMMAND: POST /session/7b3a28ffc0c0cac2784ec2f305c087be/element/f.29D1ABB2B85C1BCF108638C002AFC1F1.d.D33BAA41627FAE5F65C1716F97EC5311.e.3084/click - {}
RESULT: {}
COMMAND: GET /session/7b3a28ffc0c0cac2784ec2f305c087be/screenshot - {}
RESULT: {}
COMMAND: POST /session/7b3a28ffc0c0cac2784ec2f305c087be/element - {"using":"xpath","value":"//*[contains(@id ,\"activeCartId-BDI-content\")]"}
RESULT: {"using":"xpath","value":"//*[contains(@id ,\"activeCartId-BDI-content\")]"}
COMMAND: POST /session/7b3a28ffc0c0cac2784ec2f305c087be/element/f.29D1ABB2B85C1BCF108638C002AFC1F1.d.D33BAA41627FAE5F65C1716F97EC5311.e.3092/click - {}
RESULT: {}
COMMAND: GET /session/7b3a28ffc0c0cac2784ec2f305c087be/screenshot - {}
RESULT: {}
COMMAND: POST /session/7b3a28ffc0c0cac2784ec2f305c087be/element - {"using":"xpath","value":"//bdi[contains(text(), \"Check out my request\")]"}
RESULT: {"using":"xpath","value":"//bdi[contains(text(), \"Check out my request\")]"}
COMMAND: POST /session/7b3a28ffc0c0cac2784ec2f305c087be/element/f.29D1ABB2B85C1BCF108638C002AFC1F1.d.D33BAA41627FAE5F65C1716F97EC5311.e.3094/click - {}
RESULT: {}
COMMAND: GET /session/7b3a28ffc0c0cac2784ec2f305c087be/screenshot - {}
RESULT: {}
COMMAND: POST /session/7b3a28ffc0c0cac2784ec2f305c087be/element - {"using":"xpath","value":"//*[contains(@data-kt ,\"webshopDetailYardLink\")]"}
RESULT: {"using":"xpath","value":"//*[contains(@data-kt ,\"webshopDetailYardLink\")]"}
COMMAND: POST /session/7b3a28ffc0c0cac2784ec2f305c087be/element/f.29D1ABB2B85C1BCF108638C002AFC1F1.d.D33BAA41627FAE5F65C1716F97EC5311.e.3167/click - {}
RESULT: {}
COMMAND: POST /session/7b3a28ffc0c0cac2784ec2f305c087be/element - {"using":"xpath","value":"//*[contains(@data-kt ,\"ContextMenuId2Link\")][contains(text(), \"Yard Overview\")]"}
COMMAND: GET /session/7b3a28ffc0c0cac2784ec2f305c087be/screenshot - {}
RESULT: {"using":"xpath","value":"//*[contains(@data-kt ,\"ContextMenuId2Link\")][contains(text(), \"Yard Overview\")]"}
COMMAND: POST /session/7b3a28ffc0c0cac2784ec2f305c087be/execute/sync - {"script":"<script> [8489 bytes]","args":[{"element-6066-11e4-a52e-4f735466cecf":"f.29D1ABB2B85C1BCF108638C002AFC1F1.d.D33BAA41627FAE5F65C1716F97EC5311.e.3169","ELEMENT":"f.29D1ABB2B85C1BCF108638C002AFC1F1.d.D33BAA41627FAE5F65C1716F97EC5311.e.3169"}]}
COMMAND: POST /session/7b3a28ffc0c0cac2784ec2f305c087be/element - {"using":"xpath","value":"//*[contains(@data-kt ,\"ContextMenuId3Link\")][contains(text(), \"Yard Main Address\")]"}
RESULT: {}
RESULT: {"script":"<script> [8489 bytes]","args":[{"element-6066-11e4-a52e-4f735466cecf":"f.29D1ABB2B85C1BCF108638C002AFC1F1.d.D33BAA41627FAE5F65C1716F97EC5311.e.3169","ELEMENT":"f.29D1ABB2B85C1BCF108638C002AFC1F1.d.D33BAA41627FAE5F65C1716F97EC5311.e.3169"}]}
COMMAND: GET /session/7b3a28ffc0c0cac2784ec2f305c087be/screenshot - {}
RESULT: {"using":"xpath","value":"//*[contains(@data-kt ,\"ContextMenuId3Link\")][contains(text(), \"Yard Main Address\")]"}
COMMAND: POST /session/7b3a28ffc0c0cac2784ec2f305c087be/execute/sync - {"script":"<script> [8489 bytes]","args":[{"element-6066-11e4-a52e-4f735466cecf":"f.29D1ABB2B85C1BCF108638C002AFC1F1.d.D33BAA41627FAE5F65C1716F97EC5311.e.3170","ELEMENT":"f.29D1ABB2B85C1BCF108638C002AFC1F1.d.D33BAA41627FAE5F65C1716F97EC5311.e.3170"}]}
COMMAND: POST /session/7b3a28ffc0c0cac2784ec2f305c087be/element - {"using":"xpath","value":"//*[contains(@data-kt ,\"ContextMenuId2Link\")][contains(text(), \"Yard Overview\")]"}
RESULT: {}
RESULT: {"using":"xpath","value":"//*[contains(@data-kt ,\"ContextMenuId2Link\")][contains(text(), \"Yard Overview\")]"}
COMMAND: POST /session/7b3a28ffc0c0cac2784ec2f305c087be/element/f.29D1ABB2B85C1BCF108638C002AFC1F1.d.D33BAA41627FAE5F65C1716F97EC5311.e.3169/click - {}
RESULT: {"script":"<script> [8489 bytes]","args":[{"element-6066-11e4-a52e-4f735466cecf":"f.29D1ABB2B85C1BCF108638C002AFC1F1.d.D33BAA41627FAE5F65C1716F97EC5311.e.3170","ELEMENT":"f.29D1ABB2B85C1BCF108638C002AFC1F1.d.D33BAA41627FAE5F65C1716F97EC5311.e.3170"}]}
COMMAND: GET /session/7b3a28ffc0c0cac2784ec2f305c087be/screenshot - {}
RESULT: {}
COMMAND: GET /session/7b3a28ffc0c0cac2784ec2f305c087be/screenshot - {}
RESULT: {}
RESULT: {}
COMMAND: POST /session/7b3a28ffc0c0cac2784ec2f305c087be/execute/async - {"script":"<script> [1562 bytes]","args":[{"selector":{"id":"shellAppTitle"},"wdio_ui5_key":"shellAppTitle"}]}
RESULT: {"script":"<script> [1562 bytes]","args":[{"selector":{"id":"shellAppTitle"},"wdio_ui5_key":"shellAppTitle"}]}
RESULT: undefined
COMMAND: POST /session/7b3a28ffc0c0cac2784ec2f305c087be/execute/async - {"script":"<script> [6424 bytes]","args":[{"element-6066-11e4-a52e-4f735466cecf":"f.29D1ABB2B85C1BCF108638C002AFC1F1.d.D33BAA41627FAE5F65C1716F97EC5311.e.3216"},"getTitle",[]]}
RESULT: {"script":"<script> [6424 bytes]","args":[{"element-6066-11e4-a52e-4f735466cecf":"f.29D1ABB2B85C1BCF108638C002AFC1F1.d.D33BAA41627FAE5F65C1716F97EC5311.e.3216"},"getTitle",[]]}
COMMAND: POST /session/7b3a28ffc0c0cac2784ec2f305c087be/element - {"using":"xpath","value":"//span[contains(@id ,\"title\")][contains(text(), \"WebdriverYardqvit9\")]"}
RESULT: {"using":"xpath","value":"//span[contains(@id ,\"title\")][contains(text(), \"WebdriverYardqvit9\")]"}
COMMAND: POST /session/7b3a28ffc0c0cac2784ec2f305c087be/execute/sync - {"script":"<script> [8489 bytes]","args":[{"element-6066-11e4-a52e-4f735466cecf":"f.29D1ABB2B85C1BCF108638C002AFC1F1.d.D33BAA41627FAE5F65C1716F97EC5311.e.3217","ELEMENT":"f.29D1ABB2B85C1BCF108638C002AFC1F1.d.D33BAA41627FAE5F65C1716F97EC5311.e.3217"}]}
COMMAND: POST /session/7b3a28ffc0c0cac2784ec2f305c087be/execute/async - {"script":"<script> [1562 bytes]","args":[{"selector":{"id":"backBtn"},"wdio_ui5_key":"backBtn"}]}
RESULT: {"script":"<script> [8489 bytes]","args":[{"element-6066-11e4-a52e-4f735466cecf":"f.29D1ABB2B85C1BCF108638C002AFC1F1.d.D33BAA41627FAE5F65C1716F97EC5311.e.3217","ELEMENT":"f.29D1ABB2B85C1BCF108638C002AFC1F1.d.D33BAA41627FAE5F65C1716F97EC5311.e.3217"}]}
COMMAND: GET /session/7b3a28ffc0c0cac2784ec2f305c087be/screenshot - {}
RESULT: {"script":"<script> [1562 bytes]","args":[{"selector":{"id":"backBtn"},"wdio_ui5_key":"backBtn"}]}
RESULT: undefined
COMMAND: POST /session/7b3a28ffc0c0cac2784ec2f305c087be/element - {"using":"xpath","value":"//*[@id=\"backBtn\"]"}
COMMAND: POST /session/7b3a28ffc0c0cac2784ec2f305c087be/execute/sync - {"script":"<script> [8489 bytes]","args":[{"element-6066-11e4-a52e-4f735466cecf":"f.29D1ABB2B85C1BCF108638C002AFC1F1.d.D33BAA41627FAE5F65C1716F97EC5311.e.3217","ELEMENT":"f.29D1ABB2B85C1BCF108638C002AFC1F1.d.D33BAA41627FAE5F65C1716F97EC5311.e.3217"}]}
RESULT: {}
RESULT: {"using":"xpath","value":"//*[@id=\"backBtn\"]"}
COMMAND: POST /session/7b3a28ffc0c0cac2784ec2f305c087be/element/f.29D1ABB2B85C1BCF108638C002AFC1F1.d.D33BAA41627FAE5F65C1716F97EC5311.e.3218/click - {}
RESULT: {"script":"<script> [8489 bytes]","args":[{"element-6066-11e4-a52e-4f735466cecf":"f.29D1ABB2B85C1BCF108638C002AFC1F1.d.D33BAA41627FAE5F65C1716F97EC5311.e.3217","ELEMENT":"f.29D1ABB2B85C1BCF108638C002AFC1F1.d.D33BAA41627FAE5F65C1716F97EC5311.e.3217"}]}
COMMAND: GET /session/7b3a28ffc0c0cac2784ec2f305c087be/screenshot - {}
RESULT: {}
COMMAND: GET /session/7b3a28ffc0c0cac2784ec2f305c087be/screenshot - {}
COMMAND: POST /session/7b3a28ffc0c0cac2784ec2f305c087be/execute/sync - {"script":"<script> [8489 bytes]","args":[{"element-6066-11e4-a52e-4f735466cecf":"f.29D1ABB2B85C1BCF108638C002AFC1F1.d.D33BAA41627FAE5F65C1716F97EC5311.e.3217","ELEMENT":"f.29D1ABB2B85C1BCF108638C002AFC1F1.d.D33BAA41627FAE5F65C1716F97EC5311.e.3217"}]}
RESULT: {}
RESULT: {}
COMMAND: POST /session/7b3a28ffc0c0cac2784ec2f305c087be/element - {"using":"xpath","value":"//span[contains(@id ,\"title\")][contains(text(), \"WebdriverYardqvit9\")]"}
RESULT: {"using":"xpath","value":"//span[contains(@id ,\"title\")][contains(text(), \"WebdriverYardqvit9\")]"}
COMMAND: POST /session/7b3a28ffc0c0cac2784ec2f305c087be/element - {"using":"xpath","value":"//span[contains(@id ,\"title\")][contains(text(), \"WebdriverYardqvit9\")]"}
RESULT: {"using":"xpath","value":"//span[contains(@id ,\"title\")][contains(text(), \"WebdriverYardqvit9\")]"}
COMMAND: POST /session/7b3a28ffc0c0cac2784ec2f305c087be/element - {"using":"xpath","value":"//span[contains(@id ,\"title\")][contains(text(), \"WebdriverYardqvit9\")]"}
RESULT: {"using":"xpath","value":"//span[contains(@id ,\"title\")][contains(text(), \"WebdriverYardqvit9\")]"}
COMMAND: POST /session/7b3a28ffc0c0cac2784ec2f305c087be/element - {"using":"xpath","value":"//span[contains(@id ,\"title\")][contains(text(), \"WebdriverYardqvit9\")]"}
RESULT: {"using":"xpath","value":"//span[contains(@id ,\"title\")][contains(text(), \"WebdriverYardqvit9\")]"}
COMMAND: POST /session/7b3a28ffc0c0cac2784ec2f305c087be/element - {"using":"xpath","value":"//span[contains(@id ,\"title\")][contains(text(), \"WebdriverYardqvit9\")]"}
RESULT: {"using":"xpath","value":"//span[contains(@id ,\"title\")][contains(text(), \"WebdriverYardqvit9\")]"}
COMMAND: POST /session/7b3a28ffc0c0cac2784ec2f305c087be/element - {"using":"xpath","value":"//span[contains(@id ,\"title\")][contains(text(), \"WebdriverYardqvit9\")]"}
RESULT: {"using":"xpath","value":"//span[contains(@id ,\"title\")][contains(text(), \"WebdriverYardqvit9\")]"}
COMMAND: POST /session/7b3a28ffc0c0cac2784ec2f305c087be/element - {"using":"xpath","value":"//span[contains(@id ,\"title\")][contains(text(), \"WebdriverYardqvit9\")]"}
RESULT: {"using":"xpath","value":"//span[contains(@id ,\"title\")][contains(text(), \"WebdriverYardqvit9\")]"}
COMMAND: POST /session/7b3a28ffc0c0cac2784ec2f305c087be/element - {"using":"xpath","value":"//span[contains(@id ,\"title\")][contains(text(), \"WebdriverYardqvit9\")]"}
RESULT: {"using":"xpath","value":"//span[contains(@id ,\"title\")][contains(text(), \"WebdriverYardqvit9\")]"}
COMMAND: POST /session/7b3a28ffc0c0cac2784ec2f305c087be/element - {"using":"xpath","value":"//span[contains(@id ,\"title\")][contains(text(), \"WebdriverYardqvit9\")]"}
RESULT: {"using":"xpath","value":"//span[contains(@id ,\"title\")][contains(text(), \"WebdriverYardqvit9\")]"}
COMMAND: POST /session/7b3a28ffc0c0cac2784ec2f305c087be/element - {"using":"xpath","value":"//span[contains(@id ,\"title\")][contains(text(), \"WebdriverYardqvit9\")]"}
RESULT: {"using":"xpath","value":"//span[contains(@id ,\"title\")][contains(text(), \"WebdriverYardqvit9\")]"}
COMMAND: POST /session/7b3a28ffc0c0cac2784ec2f305c087be/element - {"using":"xpath","value":"//span[contains(@id ,\"title\")][contains(text(), \"WebdriverYardqvit9\")]"}
RESULT: {"using":"xpath","value":"//span[contains(@id ,\"title\")][contains(text(), \"WebdriverYardqvit9\")]"}
COMMAND: POST /session/7b3a28ffc0c0cac2784ec2f305c087be/element - {"using":"xpath","value":"//span[contains(@id ,\"title\")][contains(text(), \"WebdriverYardqvit9\")]"}
RESULT: {"using":"xpath","value":"//span[contains(@id ,\"title\")][contains(text(), \"WebdriverYardqvit9\")]"}
COMMAND: POST /session/7b3a28ffc0c0cac2784ec2f305c087be/element - {"using":"xpath","value":"//span[contains(@id ,\"title\")][contains(text(), \"WebdriverYardqvit9\")]"}
RESULT: {"using":"xpath","value":"//span[contains(@id ,\"title\")][contains(text(), \"WebdriverYardqvit9\")]"}
COMMAND: POST /session/7b3a28ffc0c0cac2784ec2f305c087be/element - {"using":"xpath","value":"//*[contains(@data-kt ,\"webshopDetailYardLink\")]"}
RESULT: {"using":"xpath","value":"//*[contains(@data-kt ,\"webshopDetailYardLink\")]"}
COMMAND: POST /session/7b3a28ffc0c0cac2784ec2f305c087be/execute/sync - {"script":"<script> [8489 bytes]","args":[{"element-6066-11e4-a52e-4f735466cecf":"f.29D1ABB2B85C1BCF108638C002AFC1F1.d.D33BAA41627FAE5F65C1716F97EC5311.e.3377","ELEMENT":"f.29D1ABB2B85C1BCF108638C002AFC1F1.d.D33BAA41627FAE5F65C1716F97EC5311.e.3377"}]}
RESULT: {"script":"<script> [8489 bytes]","args":[{"element-6066-11e4-a52e-4f735466cecf":"f.29D1ABB2B85C1BCF108638C002AFC1F1.d.D33BAA41627FAE5F65C1716F97EC5311.e.3377","ELEMENT":"f.29D1ABB2B85C1BCF108638C002AFC1F1.d.D33BAA41627FAE5F65C1716F97EC5311.e.3377"}]}
COMMAND: POST /session/7b3a28ffc0c0cac2784ec2f305c087be/execute/sync - {"script":"<script> [5351 bytes]","args":[{"element-6066-11e4-a52e-4f735466cecf":"f.29D1ABB2B85C1BCF108638C002AFC1F1.d.D33BAA41627FAE5F65C1716F97EC5311.e.3377","ELEMENT":"f.29D1ABB2B85C1BCF108638C002AFC1F1.d.D33BAA41627FAE5F65C1716F97EC5311.e.3377"}]}
COMMAND: GET /session/7b3a28ffc0c0cac2784ec2f305c087be/screenshot - {}
RESULT: {"script":"<script> [5351 bytes]","args":[{"element-6066-11e4-a52e-4f735466cecf":"f.29D1ABB2B85C1BCF108638C002AFC1F1.d.D33BAA41627FAE5F65C1716F97EC5311.e.3377","ELEMENT":"f.29D1ABB2B85C1BCF108638C002AFC1F1.d.D33BAA41627FAE5F65C1716F97EC5311.e.3377"}]}
COMMAND: POST /session/7b3a28ffc0c0cac2784ec2f305c087be/element - {"using":"xpath","value":"//*[contains(@data-kt ,\"webshopDetailYardLink\")]"}
COMMAND: GET /session/7b3a28ffc0c0cac2784ec2f305c087be/screenshot - {}
COMMAND: POST /session/7b3a28ffc0c0cac2784ec2f305c087be/element - {"using":"xpath","value":"//span[contains(@id ,\"title\")][contains(text(), \"WebdriverYardqvit9\")]"}
RESULT: {}
RESULT: {"using":"xpath","value":"//*[contains(@data-kt ,\"webshopDetailYardLink\")]"}
COMMAND: POST /session/7b3a28ffc0c0cac2784ec2f305c087be/element/f.29D1ABB2B85C1BCF108638C002AFC1F1.d.D33BAA41627FAE5F65C1716F97EC5311.e.3377/click - {}
RESULT: {}
RESULT: {"using":"xpath","value":"//span[contains(@id ,\"title\")][contains(text(), \"WebdriverYardqvit9\")]"}
RESULT: {}
COMMAND: GET /session/7b3a28ffc0c0cac2784ec2f305c087be/screenshot - {}
COMMAND: POST /session/7b3a28ffc0c0cac2784ec2f305c087be/element - {"using":"xpath","value":"//span[contains(@id ,\"title\")][contains(text(), \"WebdriverYardqvit9\")]"}
RESULT: {}
RESULT: {"using":"xpath","value":"//span[contains(@id ,\"title\")][contains(text(), \"WebdriverYardqvit9\")]"}
COMMAND: POST /session/7b3a28ffc0c0cac2784ec2f305c087be/execute/sync - {"script":"<script> [8489 bytes]","args":[{"element-6066-11e4-a52e-4f735466cecf":"f.29D1ABB2B85C1BCF108638C002AFC1F1.d.D33BAA41627FAE5F65C1716F97EC5311.e.3380","ELEMENT":"f.29D1ABB2B85C1BCF108638C002AFC1F1.d.D33BAA41627FAE5F65C1716F97EC5311.e.3380"}]}
RESULT: {"script":"<script> [8489 bytes]","args":[{"element-6066-11e4-a52e-4f735466cecf":"f.29D1ABB2B85C1BCF108638C002AFC1F1.d.D33BAA41627FAE5F65C1716F97EC5311.e.3380","ELEMENT":"f.29D1ABB2B85C1BCF108638C002AFC1F1.d.D33BAA41627FAE5F65C1716F97EC5311.e.3380"}]}
COMMAND: GET /session/7b3a28ffc0c0cac2784ec2f305c087be/screenshot - {}
RESULT: {}
COMMAND: POST /session/7b3a28ffc0c0cac2784ec2f305c087be/element - {"using":"xpath","value":"//*[contains(@data-kt ,\"ContextMenuId3Link\")][contains(text(), \"Yard Main Address\")]"}
RESULT: {"using":"xpath","value":"//*[contains(@data-kt ,\"ContextMenuId3Link\")][contains(text(), \"Yard Main Address\")]"}
COMMAND: POST /session/7b3a28ffc0c0cac2784ec2f305c087be/element/f.29D1ABB2B85C1BCF108638C002AFC1F1.d.D33BAA41627FAE5F65C1716F97EC5311.e.3381/click - {}
RESULT: {}
COMMAND: GET /session/7b3a28ffc0c0cac2784ec2f305c087be/screenshot - {}
RESULT: {}
COMMAND: POST /session/7b3a28ffc0c0cac2784ec2f305c087be/execute/async - {"script":"<script> [1562 bytes]","args":[{"selector":{"id":"application-addressmanagement-display-component---masterAdm--title1"},"wdio_ui5_key":"applicationaddressmanagement-display-component---masterAdm--title1"}]}
RESULT: {"script":"<script> [1562 bytes]","args":[{"selector":{"id":"application-addressmanagement-display-component---masterAdm--title1"},"wdio_ui5_key":"applicationaddressmanagement-display-component---masterAdm--title1"}]}
RESULT: undefined
COMMAND: POST /session/7b3a28ffc0c0cac2784ec2f305c087be/execute/async - {"script":"<script> [6424 bytes]","args":[{"element-6066-11e4-a52e-4f735466cecf":"f.29D1ABB2B85C1BCF108638C002AFC1F1.d.D33BAA41627FAE5F65C1716F97EC5311.e.3582"},"getText",[]]}
RESULT: {"script":"<script> [6424 bytes]","args":[{"element-6066-11e4-a52e-4f735466cecf":"f.29D1ABB2B85C1BCF108638C002AFC1F1.d.D33BAA41627FAE5F65C1716F97EC5311.e.3582"},"getText",[]]}
COMMAND: POST /session/7b3a28ffc0c0cac2784ec2f305c087be/element - {"using":"xpath","value":"//span[contains(text(), \"WebdriverYardjjtihg\")][contains(@id ,\"application-addressmanagement-display-component---detailAdm--addressDetailDetailsName1\")]"}
RESULT: {"using":"xpath","value":"//span[contains(text(), \"WebdriverYardjjtihg\")][contains(@id ,\"application-addressmanagement-display-component---detailAdm--addressDetailDetailsName1\")]"}
COMMAND: POST /session/7b3a28ffc0c0cac2784ec2f305c087be/element - {"using":"xpath","value":"//span[contains(text(), \"WebdriverYardjjtihg\")][contains(@id ,\"application-addressmanagement-display-component---detailAdm--addressDetailDetailsName1\")]"}
RESULT: undefined
COMMAND: POST /session/7b3a28ffc0c0cac2784ec2f305c087be/element - {"using":"xpath","value":"//*[@id=\"backBtn\"]"}
RESULT: {"using":"xpath","value":"//*[@id=\"backBtn\"]"}
COMMAND: POST /session/7b3a28ffc0c0cac2784ec2f305c087be/element/f.29D1ABB2B85C1BCF108638C002AFC1F1.d.D33BAA41627FAE5F65C1716F97EC5311.e.3218/click - {}
RESULT: {"using":"xpath","value":"//span[contains(text(), \"WebdriverYardjjtihg\")][contains(@id ,\"application-addressmanagement-display-component---detailAdm--addressDetailDetailsName1\")]"}
RESULT: {}
COMMAND: GET /session/7b3a28ffc0c0cac2784ec2f305c087be/screenshot - {}
COMMAND: POST /session/7b3a28ffc0c0cac2784ec2f305c087be/element - {"using":"xpath","value":"//span[contains(text(), \"WebdriverYardjjtihg\")][contains(@id ,\"application-addressmanagement-display-component---detailAdm--addressDetailDetailsName1\")]"}
RESULT: {}
RESULT: {"using":"xpath","value":"//span[contains(text(), \"WebdriverYardjjtihg\")][contains(@id ,\"application-addressmanagement-display-component---detailAdm--addressDetailDetailsName1\")]"}
COMMAND: POST /session/7b3a28ffc0c0cac2784ec2f305c087be/element - {"using":"xpath","value":"//span[contains(text(), \"WebdriverYardjjtihg\")][contains(@id ,\"application-addressmanagement-display-component---detailAdm--addressDetailDetailsName1\")]"}
RESULT: {"using":"xpath","value":"//span[contains(text(), \"WebdriverYardjjtihg\")][contains(@id ,\"application-addressmanagement-display-component---detailAdm--addressDetailDetailsName1\")]"}
COMMAND: POST /session/7b3a28ffc0c0cac2784ec2f305c087be/element - {"using":"xpath","value":"//span[contains(text(), \"WebdriverYardjjtihg\")][contains(@id ,\"application-addressmanagement-display-component---detailAdm--addressDetailDetailsName1\")]"}
RESULT: {"using":"xpath","value":"//span[contains(text(), \"WebdriverYardjjtihg\")][contains(@id ,\"application-addressmanagement-display-component---detailAdm--addressDetailDetailsName1\")]"}
COMMAND: POST /session/7b3a28ffc0c0cac2784ec2f305c087be/element - {"using":"xpath","value":"//span[contains(text(), \"WebdriverYardjjtihg\")][contains(@id ,\"application-addressmanagement-display-component---detailAdm--addressDetailDetailsName1\")]"}
RESULT: {"using":"xpath","value":"//span[contains(text(), \"WebdriverYardjjtihg\")][contains(@id ,\"application-addressmanagement-display-component---detailAdm--addressDetailDetailsName1\")]"}
COMMAND: POST /session/7b3a28ffc0c0cac2784ec2f305c087be/element - {"using":"xpath","value":"//span[contains(text(), \"WebdriverYardjjtihg\")][contains(@id ,\"application-addressmanagement-display-component---detailAdm--addressDetailDetailsName1\")]"}
RESULT: {"using":"xpath","value":"//span[contains(text(), \"WebdriverYardjjtihg\")][contains(@id ,\"application-addressmanagement-display-component---detailAdm--addressDetailDetailsName1\")]"}
COMMAND: POST /session/7b3a28ffc0c0cac2784ec2f305c087be/element - {"using":"xpath","value":"//span[contains(text(), \"WebdriverYardjjtihg\")][contains(@id ,\"application-addressmanagement-display-component---detailAdm--addressDetailDetailsName1\")]"}
RESULT: {"using":"xpath","value":"//span[contains(text(), \"WebdriverYardjjtihg\")][contains(@id ,\"application-addressmanagement-display-component---detailAdm--addressDetailDetailsName1\")]"}
COMMAND: POST /session/7b3a28ffc0c0cac2784ec2f305c087be/element - {"using":"xpath","value":"//span[contains(text(), \"WebdriverYardjjtihg\")][contains(@id ,\"application-addressmanagement-display-component---detailAdm--addressDetailDetailsName1\")]"}
RESULT: {"using":"xpath","value":"//span[contains(text(), \"WebdriverYardjjtihg\")][contains(@id ,\"application-addressmanagement-display-component---detailAdm--addressDetailDetailsName1\")]"}
COMMAND: POST /session/7b3a28ffc0c0cac2784ec2f305c087be/element - {"using":"xpath","value":"//span[contains(text(), \"WebdriverYardjjtihg\")][contains(@id ,\"application-addressmanagement-display-component---detailAdm--addressDetailDetailsName1\")]"}
RESULT: {"using":"xpath","value":"//span[contains(text(), \"WebdriverYardjjtihg\")][contains(@id ,\"application-addressmanagement-display-component---detailAdm--addressDetailDetailsName1\")]"}
COMMAND: POST /session/7b3a28ffc0c0cac2784ec2f305c087be/element - {"using":"xpath","value":"//span[contains(text(), \"WebdriverYardjjtihg\")][contains(@id ,\"application-addressmanagement-display-component---detailAdm--addressDetailDetailsName1\")]"}
RESULT: {"using":"xpath","value":"//span[contains(text(), \"WebdriverYardjjtihg\")][contains(@id ,\"application-addressmanagement-display-component---detailAdm--addressDetailDetailsName1\")]"}
COMMAND: POST /session/7b3a28ffc0c0cac2784ec2f305c087be/element - {"using":"xpath","value":"//span[contains(text(), \"WebdriverYardjjtihg\")][contains(@id ,\"application-addressmanagement-display-component---detailAdm--addressDetailDetailsName1\")]"}
RESULT: {"using":"xpath","value":"//span[contains(text(), \"WebdriverYardjjtihg\")][contains(@id ,\"application-addressmanagement-display-component---detailAdm--addressDetailDetailsName1\")]"}
COMMAND: POST /session/7b3a28ffc0c0cac2784ec2f305c087be/element - {"using":"xpath","value":"//span[contains(text(), \"WebdriverYardjjtihg\")][contains(@id ,\"application-addressmanagement-display-component---detailAdm--addressDetailDetailsName1\")]"}
RESULT: {"using":"xpath","value":"//span[contains(text(), \"WebdriverYardjjtihg\")][contains(@id ,\"application-addressmanagement-display-component---detailAdm--addressDetailDetailsName1\")]"}
COMMAND: POST /session/7b3a28ffc0c0cac2784ec2f305c087be/element - {"using":"xpath","value":"//span[contains(text(), \"WebdriverYardjjtihg\")][contains(@id ,\"application-addressmanagement-display-component---detailAdm--addressDetailDetailsName1\")]"}
RESULT: {"using":"xpath","value":"//span[contains(text(), \"WebdriverYardjjtihg\")][contains(@id ,\"application-addressmanagement-display-component---detailAdm--addressDetailDetailsName1\")]"}
COMMAND: POST /session/7b3a28ffc0c0cac2784ec2f305c087be/element - {"using":"xpath","value":"//span[contains(text(), \"WebdriverYardjjtihg\")][contains(@id ,\"application-addressmanagement-display-component---detailAdm--addressDetailDetailsName1\")]"}
RESULT: {"using":"xpath","value":"//span[contains(text(), \"WebdriverYardjjtihg\")][contains(@id ,\"application-addressmanagement-display-component---detailAdm--addressDetailDetailsName1\")]"}
COMMAND: POST /session/7b3a28ffc0c0cac2784ec2f305c087be/element - {"using":"xpath","value":"//span[contains(text(), \"WebdriverYardjjtihg\")][contains(@id ,\"application-addressmanagement-display-component---detailAdm--addressDetailDetailsName1\")]"}
RESULT: {"using":"xpath","value":"//span[contains(text(), \"WebdriverYardjjtihg\")][contains(@id ,\"application-addressmanagement-display-component---detailAdm--addressDetailDetailsName1\")]"}
COMMAND: POST /session/7b3a28ffc0c0cac2784ec2f305c087be/execute/sync - {"script":"<script> [8489 bytes]","args":[{"element-6066-11e4-a52e-4f735466cecf":"f.29D1ABB2B85C1BCF108638C002AFC1F1.d.D33BAA41627FAE5F65C1716F97EC5311.e.3377","ELEMENT":"f.29D1ABB2B85C1BCF108638C002AFC1F1.d.D33BAA41627FAE5F65C1716F97EC5311.e.3377"}]}
COMMAND: POST /session/7b3a28ffc0c0cac2784ec2f305c087be/element - {"using":"xpath","value":"//*[contains(@data-kt ,\"webshopDetailYardLink\")]"}
RESULT: {"using":"xpath","value":"//*[contains(@data-kt ,\"webshopDetailYardLink\")]"}
COMMAND: POST /session/7b3a28ffc0c0cac2784ec2f305c087be/execute/sync - {"script":"<script> [8489 bytes]","args":[{"element-6066-11e4-a52e-4f735466cecf":"f.29D1ABB2B85C1BCF108638C002AFC1F1.d.D33BAA41627FAE5F65C1716F97EC5311.e.3714","ELEMENT":"f.29D1ABB2B85C1BCF108638C002AFC1F1.d.D33BAA41627FAE5F65C1716F97EC5311.e.3714"}]}
RESULT: {"script":"<script> [8489 bytes]","args":[{"element-6066-11e4-a52e-4f735466cecf":"f.29D1ABB2B85C1BCF108638C002AFC1F1.d.D33BAA41627FAE5F65C1716F97EC5311.e.3714","ELEMENT":"f.29D1ABB2B85C1BCF108638C002AFC1F1.d.D33BAA41627FAE5F65C1716F97EC5311.e.3714"}]}
COMMAND: POST /session/7b3a28ffc0c0cac2784ec2f305c087be/execute/sync - {"script":"<script> [5351 bytes]","args":[{"element-6066-11e4-a52e-4f735466cecf":"f.29D1ABB2B85C1BCF108638C002AFC1F1.d.D33BAA41627FAE5F65C1716F97EC5311.e.3714","ELEMENT":"f.29D1ABB2B85C1BCF108638C002AFC1F1.d.D33BAA41627FAE5F65C1716F97EC5311.e.3714"}]}
COMMAND: GET /session/7b3a28ffc0c0cac2784ec2f305c087be/screenshot - {}
RESULT: {"script":"<script> [5351 bytes]","args":[{"element-6066-11e4-a52e-4f735466cecf":"f.29D1ABB2B85C1BCF108638C002AFC1F1.d.D33BAA41627FAE5F65C1716F97EC5311.e.3714","ELEMENT":"f.29D1ABB2B85C1BCF108638C002AFC1F1.d.D33BAA41627FAE5F65C1716F97EC5311.e.3714"}]}
COMMAND: POST /session/7b3a28ffc0c0cac2784ec2f305c087be/element - {"using":"xpath","value":"//*[contains(@data-kt ,\"webshopDetailYardLink\")]"}
COMMAND: GET /session/7b3a28ffc0c0cac2784ec2f305c087be/screenshot - {}
COMMAND: POST /session/7b3a28ffc0c0cac2784ec2f305c087be/element - {"using":"xpath","value":"//span[contains(text(), \"WebdriverYardjjtihg\")][contains(@id ,\"application-addressmanagement-display-component---detailAdm--addressDetailDetailsName1\")]"}
RESULT: {}
RESULT: {"using":"xpath","value":"//*[contains(@data-kt ,\"webshopDetailYardLink\")]"}
COMMAND: POST /session/7b3a28ffc0c0cac2784ec2f305c087be/element/f.29D1ABB2B85C1BCF108638C002AFC1F1.d.D33BAA41627FAE5F65C1716F97EC5311.e.3714/click - {}
RESULT: {}
RESULT: {"using":"xpath","value":"//span[contains(text(), \"WebdriverYardjjtihg\")][contains(@id ,\"application-addressmanagement-display-component---detailAdm--addressDetailDetailsName1\")]"}
RESULT: {}
COMMAND: GET /session/7b3a28ffc0c0cac2784ec2f305c087be/screenshot - {}
RESULT: {}
COMMAND: POST /session/7b3a28ffc0c0cac2784ec2f305c087be/element - {"using":"xpath","value":"//span[contains(text(), \"WebdriverYardjjtihg\")][contains(@id ,\"application-addressmanagement-display-component---detailAdm--addressDetailDetailsName1\")]"}
RESULT: {"using":"xpath","value":"//span[contains(text(), \"WebdriverYardjjtihg\")][contains(@id ,\"application-addressmanagement-display-component---detailAdm--addressDetailDetailsName1\")]"}
COMMAND: POST /session/7b3a28ffc0c0cac2784ec2f305c087be/element - {"using":"xpath","value":"//span[contains(text(), \"WebdriverYardjjtihg\")][contains(@id ,\"application-addressmanagement-display-component---detailAdm--addressDetailDetailsName1\")]"}
RESULT: {"using":"xpath","value":"//span[contains(text(), \"WebdriverYardjjtihg\")][contains(@id ,\"application-addressmanagement-display-component---detailAdm--addressDetailDetailsName1\")]"}
COMMAND: POST /session/7b3a28ffc0c0cac2784ec2f305c087be/element - {"using":"xpath","value":"//span[contains(text(), \"WebdriverYardjjtihg\")][contains(@id ,\"application-addressmanagement-display-component---detailAdm--addressDetailDetailsName1\")]"}
RESULT: {"using":"xpath","value":"//span[contains(text(), \"WebdriverYardjjtihg\")][contains(@id ,\"application-addressmanagement-display-component---detailAdm--addressDetailDetailsName1\")]"}
COMMAND: POST /session/7b3a28ffc0c0cac2784ec2f305c087be/element - {"using":"xpath","value":"//span[contains(text(), \"WebdriverYardjjtihg\")][contains(@id ,\"application-addressmanagement-display-component---detailAdm--addressDetailDetailsName1\")]"}
COMMAND: POST /session/7b3a28ffc0c0cac2784ec2f305c087be/element - {"using":"xpath","value":"//button[contains(@data-kt ,\"ContextMenuExternalId2Link\")]"}
RESULT: {"using":"xpath","value":"//span[contains(text(), \"WebdriverYardjjtihg\")][contains(@id ,\"application-addressmanagement-display-component---detailAdm--addressDetailDetailsName1\")]"}
RESULT: {"using":"xpath","value":"//button[contains(@data-kt ,\"ContextMenuExternalId2Link\")]"}
COMMAND: POST /session/7b3a28ffc0c0cac2784ec2f305c087be/element/f.29D1ABB2B85C1BCF108638C002AFC1F1.d.D33BAA41627FAE5F65C1716F97EC5311.e.3715/click - {}
RESULT: {}
COMMAND: GET /session/7b3a28ffc0c0cac2784ec2f305c087be/screenshot - {}
COMMAND: POST /session/7b3a28ffc0c0cac2784ec2f305c087be/element - {"using":"xpath","value":"//span[contains(text(), \"WebdriverYardjjtihg\")][contains(@id ,\"application-addressmanagement-display-component---detailAdm--addressDetailDetailsName1\")]"}
RESULT: {}
RESULT: {"using":"xpath","value":"//span[contains(text(), \"WebdriverYardjjtihg\")][contains(@id ,\"application-addressmanagement-display-component---detailAdm--addressDetailDetailsName1\")]"}
COMMAND: POST /session/7b3a28ffc0c0cac2784ec2f305c087be/element - {"using":"xpath","value":"//span[contains(text(), \"WebdriverYardjjtihg\")][contains(@id ,\"application-addressmanagement-display-component---detailAdm--addressDetailDetailsName1\")]"}
RESULT: {"using":"xpath","value":"//span[contains(text(), \"WebdriverYardjjtihg\")][contains(@id ,\"application-addressmanagement-display-component---detailAdm--addressDetailDetailsName1\")]"}
COMMAND: POST /session/7b3a28ffc0c0cac2784ec2f305c087be/element - {"using":"xpath","value":"//span[contains(text(), \"WebdriverYardjjtihg\")][contains(@id ,\"application-addressmanagement-display-component---detailAdm--addressDetailDetailsName1\")]"}
RESULT: {"using":"xpath","value":"//span[contains(text(), \"WebdriverYardjjtihg\")][contains(@id ,\"application-addressmanagement-display-component---detailAdm--addressDetailDetailsName1\")]"}
COMMAND: POST /session/7b3a28ffc0c0cac2784ec2f305c087be/element - {"using":"xpath","value":"//span[contains(text(), \"WebdriverYardjjtihg\")][contains(@id ,\"application-addressmanagement-display-component---detailAdm--addressDetailDetailsName1\")]"}
RESULT: {"using":"xpath","value":"//span[contains(text(), \"WebdriverYardjjtihg\")][contains(@id ,\"application-addressmanagement-display-component---detailAdm--addressDetailDetailsName1\")]"}
COMMAND: POST /session/7b3a28ffc0c0cac2784ec2f305c087be/element - {"using":"xpath","value":"//span[contains(text(), \"WebdriverYardjjtihg\")][contains(@id ,\"application-addressmanagement-display-component---detailAdm--addressDetailDetailsName1\")]"}
COMMAND: GET /session/7b3a28ffc0c0cac2784ec2f305c087be/window/handles - {}
RESULT: {"using":"xpath","value":"//span[contains(text(), \"WebdriverYardjjtihg\")][contains(@id ,\"application-addressmanagement-display-component---detailAdm--addressDetailDetailsName1\")]"}
COMMAND: POST /session/7b3a28ffc0c0cac2784ec2f305c087be/element - {"using":"xpath","value":"//span[contains(text(), \"WebdriverYardjjtihg\")][contains(@id ,\"application-addressmanagement-display-component---detailAdm--addressDetailDetailsName1\")]"}
RESULT: {}
COMMAND: POST /session/7b3a28ffc0c0cac2784ec2f305c087be/window - {"handle":"B37CF62C4C32A26D67FE085AA11D273E"}
RESULT: {"using":"xpath","value":"//span[contains(text(), \"WebdriverYardjjtihg\")][contains(@id ,\"application-addressmanagement-display-component---detailAdm--addressDetailDetailsName1\")]"}
RESULT: {"handle":"B37CF62C4C32A26D67FE085AA11D273E"}
COMMAND: GET /session/7b3a28ffc0c0cac2784ec2f305c087be/url - {}
RESULT: {}
COMMAND: GET /session/7b3a28ffc0c0cac2784ec2f305c087be/screenshot - {}
RESULT: {}
COMMAND: POST /session/7b3a28ffc0c0cac2784ec2f305c087be/element - {"using":"xpath","value":"//span[contains(text(), \"WebdriverYardjjtihg\")][contains(@id ,\"application-addressmanagement-display-component---detailAdm--addressDetailDetailsName1\")]"}
RESULT: {"using":"xpath","value":"//span[contains(text(), \"WebdriverYardjjtihg\")][contains(@id ,\"application-addressmanagement-display-component---detailAdm--addressDetailDetailsName1\")]"}
COMMAND: POST /session/7b3a28ffc0c0cac2784ec2f305c087be/element - {"using":"xpath","value":"//span[contains(text(), \"WebdriverYardjjtihg\")][contains(@id ,\"application-addressmanagement-display-component---detailAdm--addressDetailDetailsName1\")]"}
RESULT: {"using":"xpath","value":"//span[contains(text(), \"WebdriverYardjjtihg\")][contains(@id ,\"application-addressmanagement-display-component---detailAdm--addressDetailDetailsName1\")]"}
COMMAND: POST /session/7b3a28ffc0c0cac2784ec2f305c087be/element - {"using":"xpath","value":"//span[contains(text(), \"WebdriverYardjjtihg\")][contains(@id ,\"application-addressmanagement-display-component---detailAdm--addressDetailDetailsName1\")]"}
RESULT: {"using":"xpath","value":"//span[contains(text(), \"WebdriverYardjjtihg\")][contains(@id ,\"application-addressmanagement-display-component---detailAdm--addressDetailDetailsName1\")]"}
COMMAND: POST /session/7b3a28ffc0c0cac2784ec2f305c087be/element - {"using":"xpath","value":"//span[contains(text(), \"WebdriverYardjjtihg\")][contains(@id ,\"application-addressmanagement-display-component---detailAdm--addressDetailDetailsName1\")]"}
RESULT: {"using":"xpath","value":"//span[contains(text(), \"WebdriverYardjjtihg\")][contains(@id ,\"application-addressmanagement-display-component---detailAdm--addressDetailDetailsName1\")]"}
COMMAND: POST /session/7b3a28ffc0c0cac2784ec2f305c087be/element - {"using":"xpath","value":"//span[contains(text(), \"WebdriverYardjjtihg\")][contains(@id ,\"application-addressmanagement-display-component---detailAdm--addressDetailDetailsName1\")]"}
RESULT: {"using":"xpath","value":"//span[contains(text(), \"WebdriverYardjjtihg\")][contains(@id ,\"application-addressmanagement-display-component---detailAdm--addressDetailDetailsName1\")]"}
COMMAND: POST /session/7b3a28ffc0c0cac2784ec2f305c087be/element - {"using":"xpath","value":"//span[contains(text(), \"WebdriverYardjjtihg\")][contains(@id ,\"application-addressmanagement-display-component---detailAdm--addressDetailDetailsName1\")]"}
RESULT: {"using":"xpath","value":"//span[contains(text(), \"WebdriverYardjjtihg\")][contains(@id ,\"application-addressmanagement-display-component---detailAdm--addressDetailDetailsName1\")]"}
COMMAND: POST /session/7b3a28ffc0c0cac2784ec2f305c087be/element - {"using":"xpath","value":"//span[contains(text(), \"WebdriverYardjjtihg\")][contains(@id ,\"application-addressmanagement-display-component---detailAdm--addressDetailDetailsName1\")]"}
RESULT: {"using":"xpath","value":"//span[contains(text(), \"WebdriverYardjjtihg\")][contains(@id ,\"application-addressmanagement-display-component---detailAdm--addressDetailDetailsName1\")]"}
COMMAND: POST /session/7b3a28ffc0c0cac2784ec2f305c087be/element - {"using":"xpath","value":"//span[contains(text(), \"WebdriverYardjjtihg\")][contains(@id ,\"application-addressmanagement-display-component---detailAdm--addressDetailDetailsName1\")]"}
RESULT: {"using":"xpath","value":"//span[contains(text(), \"WebdriverYardjjtihg\")][contains(@id ,\"application-addressmanagement-display-component---detailAdm--addressDetailDetailsName1\")]"}
COMMAND: POST /session/7b3a28ffc0c0cac2784ec2f305c087be/element - {"using":"xpath","value":"//span[contains(text(), \"WebdriverYardjjtihg\")][contains(@id ,\"application-addressmanagement-display-component---detailAdm--addressDetailDetailsName1\")]"}
RESULT: {"using":"xpath","value":"//span[contains(text(), \"WebdriverYardjjtihg\")][contains(@id ,\"application-addressmanagement-display-component---detailAdm--addressDetailDetailsName1\")]"}
COMMAND: POST /session/7b3a28ffc0c0cac2784ec2f305c087be/element - {"using":"xpath","value":"//span[contains(text(), \"WebdriverYardjjtihg\")][contains(@id ,\"application-addressmanagement-display-component---detailAdm--addressDetailDetailsName1\")]"}
RESULT: {"using":"xpath","value":"//span[contains(text(), \"WebdriverYardjjtihg\")][contains(@id ,\"application-addressmanagement-display-component---detailAdm--addressDetailDetailsName1\")]"}
COMMAND: POST /session/7b3a28ffc0c0cac2784ec2f305c087be/element - {"using":"xpath","value":"//span[contains(text(), \"WebdriverYardjjtihg\")][contains(@id ,\"application-addressmanagement-display-component---detailAdm--addressDetailDetailsName1\")]"}
RESULT: {"using":"xpath","value":"//span[contains(text(), \"WebdriverYardjjtihg\")][contains(@id ,\"application-addressmanagement-display-component---detailAdm--addressDetailDetailsName1\")]"}
COMMAND: POST /session/7b3a28ffc0c0cac2784ec2f305c087be/element - {"using":"xpath","value":"//span[contains(text(), \"WebdriverYardjjtihg\")][contains(@id ,\"application-addressmanagement-display-component---detailAdm--addressDetailDetailsName1\")]"}
RESULT: {"using":"xpath","value":"//span[contains(text(), \"WebdriverYardjjtihg\")][contains(@id ,\"application-addressmanagement-display-component---detailAdm--addressDetailDetailsName1\")]"}
COMMAND: POST /session/7b3a28ffc0c0cac2784ec2f305c087be/element - {"using":"xpath","value":"//span[contains(text(), \"WebdriverYardjjtihg\")][contains(@id ,\"application-addressmanagement-display-component---detailAdm--addressDetailDetailsName1\")]"}
RESULT: {"using":"xpath","value":"//span[contains(text(), \"WebdriverYardjjtihg\")][contains(@id ,\"application-addressmanagement-display-component---detailAdm--addressDetailDetailsName1\")]"}
COMMAND: POST /session/7b3a28ffc0c0cac2784ec2f305c087be/element - {"using":"xpath","value":"//span[contains(text(), \"WebdriverYardjjtihg\")][contains(@id ,\"application-addressmanagement-display-component---detailAdm--addressDetailDetailsName1\")]"}
RESULT: {"using":"xpath","value":"//span[contains(text(), \"WebdriverYardjjtihg\")][contains(@id ,\"application-addressmanagement-display-component---detailAdm--addressDetailDetailsName1\")]"}
COMMAND: POST /session/7b3a28ffc0c0cac2784ec2f305c087be/execute/sync - {"script":"<script> [8489 bytes]","args":[{"element-6066-11e4-a52e-4f735466cecf":"f.29D1ABB2B85C1BCF108638C002AFC1F1.d.D33BAA41627FAE5F65C1716F97EC5311.e.3380","ELEMENT":"f.29D1ABB2B85C1BCF108638C002AFC1F1.d.D33BAA41627FAE5F65C1716F97EC5311.e.3380"}]}
COMMAND: DELETE /session/7b3a28ffc0c0cac2784ec2f305c087be/window - {}
RESULT: {"script":"<script> [8489 bytes]","args":[{"element-6066-11e4-a52e-4f735466cecf":"f.29D1ABB2B85C1BCF108638C002AFC1F1.d.D33BAA41627FAE5F65C1716F97EC5311.e.3380","ELEMENT":"f.29D1ABB2B85C1BCF108638C002AFC1F1.d.D33BAA41627FAE5F65C1716F97EC5311.e.3380"}]}
COMMAND: GET /session/7b3a28ffc0c0cac2784ec2f305c087be/screenshot - {}
RESULT: {}
COMMAND: POST /session/7b3a28ffc0c0cac2784ec2f305c087be/window - {"handle":"29D1ABB2B85C1BCF108638C002AFC1F1"}
RESULT: {"handle":"29D1ABB2B85C1BCF108638C002AFC1F1"}
COMMAND: GET /session/7b3a28ffc0c0cac2784ec2f305c087be/url - {}
COMMAND: POST /session/7b3a28ffc0c0cac2784ec2f305c087be/element - {"using":"xpath","value":"//span[contains(text(), \"WebdriverYardjjtihg\")][contains(@id ,\"application-addressmanagement-display-component---detailAdm--addressDetailDetailsName1\")]"}
COMMAND: POST /session/7b3a28ffc0c0cac2784ec2f305c087be/execute/sync - {"script":"<script> [8489 bytes]","args":[{"element-6066-11e4-a52e-4f735466cecf":"f.29D1ABB2B85C1BCF108638C002AFC1F1.d.D33BAA41627FAE5F65C1716F97EC5311.e.3380","ELEMENT":"f.29D1ABB2B85C1BCF108638C002AFC1F1.d.D33BAA41627FAE5F65C1716F97EC5311.e.3380"}]}
RESULT: {}
RESULT: {}
COMMAND: GET /session/7b3a28ffc0c0cac2784ec2f305c087be/screenshot - {}
RESULT: {"using":"xpath","value":"//span[contains(text(), \"WebdriverYardjjtihg\")][contains(@id ,\"application-addressmanagement-display-component---detailAdm--addressDetailDetailsName1\")]"}
COMMAND: POST /session/7b3a28ffc0c0cac2784ec2f305c087be/element - {"using":"xpath","value":"//span[contains(@id ,\"title\")][contains(text(), \"WebdriverYardqvit9\")]"}
RESULT: {}
RESULT: {"using":"xpath","value":"//span[contains(@id ,\"title\")][contains(text(), \"WebdriverYardqvit9\")]"}
COMMAND: POST /session/7b3a28ffc0c0cac2784ec2f305c087be/execute/sync - {"script":"<script> [8489 bytes]","args":[{"element-6066-11e4-a52e-4f735466cecf":"f.29D1ABB2B85C1BCF108638C002AFC1F1.d.D33BAA41627FAE5F65C1716F97EC5311.e.3745","ELEMENT":"f.29D1ABB2B85C1BCF108638C002AFC1F1.d.D33BAA41627FAE5F65C1716F97EC5311.e.3745"}]}
RESULT: {"script":"<script> [8489 bytes]","args":[{"element-6066-11e4-a52e-4f735466cecf":"f.29D1ABB2B85C1BCF108638C002AFC1F1.d.D33BAA41627FAE5F65C1716F97EC5311.e.3745","ELEMENT":"f.29D1ABB2B85C1BCF108638C002AFC1F1.d.D33BAA41627FAE5F65C1716F97EC5311.e.3745"}]}
COMMAND: GET /session/7b3a28ffc0c0cac2784ec2f305c087be/screenshot - {}
RESULT: {}
COMMAND: POST /session/7b3a28ffc0c0cac2784ec2f305c087be/element - {"using":"xpath","value":"//span[contains(text(), \"WebdriverYardjjtihg\")][contains(@id ,\"application-addressmanagement-display-component---detailAdm--addressDetailDetailsName1\")]"}
RESULT: {"using":"xpath","value":"//span[contains(text(), \"WebdriverYardjjtihg\")][contains(@id ,\"application-addressmanagement-display-component---detailAdm--addressDetailDetailsName1\")]"}
COMMAND: POST /session/7b3a28ffc0c0cac2784ec2f305c087be/element - {"using":"xpath","value":"//span[contains(text(), \"WebdriverYardjjtihg\")][contains(@id ,\"application-addressmanagement-display-component---detailAdm--addressDetailDetailsName1\")]"}
RESULT: {"using":"xpath","value":"//span[contains(text(), \"WebdriverYardjjtihg\")][contains(@id ,\"application-addressmanagement-display-component---detailAdm--addressDetailDetailsName1\")]"}
COMMAND: POST /session/7b3a28ffc0c0cac2784ec2f305c087be/element - {"using":"xpath","value":"//span[contains(text(), \"WebdriverYardjjtihg\")][contains(@id ,\"application-addressmanagement-display-component---detailAdm--addressDetailDetailsName1\")]"}
RESULT: {"using":"xpath","value":"//span[contains(text(), \"WebdriverYardjjtihg\")][contains(@id ,\"application-addressmanagement-display-component---detailAdm--addressDetailDetailsName1\")]"}
COMMAND: POST /session/7b3a28ffc0c0cac2784ec2f305c087be/element - {"using":"xpath","value":"//span[contains(text(), \"WebdriverYardjjtihg\")][contains(@id ,\"application-addressmanagement-display-component---detailAdm--addressDetailDetailsName1\")]"}
RESULT: {"using":"xpath","value":"//span[contains(text(), \"WebdriverYardjjtihg\")][contains(@id ,\"application-addressmanagement-display-component---detailAdm--addressDetailDetailsName1\")]"}
COMMAND: POST /session/7b3a28ffc0c0cac2784ec2f305c087be/element - {"using":"xpath","value":"//span[contains(text(), \"WebdriverYardjjtihg\")][contains(@id ,\"application-addressmanagement-display-component---detailAdm--addressDetailDetailsName1\")]"}
RESULT: {"using":"xpath","value":"//span[contains(text(), \"WebdriverYardjjtihg\")][contains(@id ,\"application-addressmanagement-display-component---detailAdm--addressDetailDetailsName1\")]"}
COMMAND: POST /session/7b3a28ffc0c0cac2784ec2f305c087be/element - {"using":"xpath","value":"//span[contains(text(), \"WebdriverYardjjtihg\")][contains(@id ,\"application-addressmanagement-display-component---detailAdm--addressDetailDetailsName1\")]"}
RESULT: {"using":"xpath","value":"//span[contains(text(), \"WebdriverYardjjtihg\")][contains(@id ,\"application-addressmanagement-display-component---detailAdm--addressDetailDetailsName1\")]"}
COMMAND: POST /session/7b3a28ffc0c0cac2784ec2f305c087be/element - {"using":"xpath","value":"//span[contains(text(), \"WebdriverYardjjtihg\")][contains(@id ,\"application-addressmanagement-display-component---detailAdm--addressDetailDetailsName1\")]"}
RESULT: {"using":"xpath","value":"//span[contains(text(), \"WebdriverYardjjtihg\")][contains(@id ,\"application-addressmanagement-display-component---detailAdm--addressDetailDetailsName1\")]"}
COMMAND: POST /session/7b3a28ffc0c0cac2784ec2f305c087be/element - {"using":"xpath","value":"//span[contains(text(), \"WebdriverYardjjtihg\")][contains(@id ,\"application-addressmanagement-display-component---detailAdm--addressDetailDetailsName1\")]"}
RESULT: {"using":"xpath","value":"//span[contains(text(), \"WebdriverYardjjtihg\")][contains(@id ,\"application-addressmanagement-display-component---detailAdm--addressDetailDetailsName1\")]"}
COMMAND: POST /session/7b3a28ffc0c0cac2784ec2f305c087be/element - {"using":"xpath","value":"//button[contains(@data-kt ,\"ContextMenuExternalId3Link\")]"}
RESULT: {"using":"xpath","value":"//button[contains(@data-kt ,\"ContextMenuExternalId3Link\")]"}
COMMAND: POST /session/7b3a28ffc0c0cac2784ec2f305c087be/element/f.29D1ABB2B85C1BCF108638C002AFC1F1.d.D33BAA41627FAE5F65C1716F97EC5311.e.3746/click - {}
COMMAND: POST /session/7b3a28ffc0c0cac2784ec2f305c087be/element - {"using":"xpath","value":"//span[contains(text(), \"WebdriverYardjjtihg\")][contains(@id ,\"application-addressmanagement-display-component---detailAdm--addressDetailDetailsName1\")]"}
RESULT: {}
COMMAND: GET /session/7b3a28ffc0c0cac2784ec2f305c087be/screenshot - {}
RESULT: {"using":"xpath","value":"//span[contains(text(), \"WebdriverYardjjtihg\")][contains(@id ,\"application-addressmanagement-display-component---detailAdm--addressDetailDetailsName1\")]"}
COMMAND: POST /session/7b3a28ffc0c0cac2784ec2f305c087be/element - {"using":"xpath","value":"//span[contains(text(), \"WebdriverYardjjtihg\")][contains(@id ,\"application-addressmanagement-display-component---detailAdm--addressDetailDetailsName1\")]"}
RESULT: {}
RESULT: {"using":"xpath","value":"//span[contains(text(), \"WebdriverYardjjtihg\")][contains(@id ,\"application-addressmanagement-display-component---detailAdm--addressDetailDetailsName1\")]"}
COMMAND: POST /session/7b3a28ffc0c0cac2784ec2f305c087be/element - {"using":"xpath","value":"//span[contains(text(), \"WebdriverYardjjtihg\")][contains(@id ,\"application-addressmanagement-display-component---detailAdm--addressDetailDetailsName1\")]"}
RESULT: {"using":"xpath","value":"//span[contains(text(), \"WebdriverYardjjtihg\")][contains(@id ,\"application-addressmanagement-display-component---detailAdm--addressDetailDetailsName1\")]"}
COMMAND: GET /session/7b3a28ffc0c0cac2784ec2f305c087be/window/handles - {}
RESULT: {}
COMMAND: POST /session/7b3a28ffc0c0cac2784ec2f305c087be/window - {"handle":"A104908A55D3EB6ACC4E59DD06B66A33"}
RESULT: {"handle":"A104908A55D3EB6ACC4E59DD06B66A33"}
COMMAND: GET /session/7b3a28ffc0c0cac2784ec2f305c087be/url - {}
RESULT: {}
COMMAND: GET /session/7b3a28ffc0c0cac2784ec2f305c087be/screenshot - {}
RESULT: {}
COMMAND: POST /session/7b3a28ffc0c0cac2784ec2f305c087be/element - {"using":"xpath","value":"//span[contains(text(), \"WebdriverYardjjtihg\")][contains(@id ,\"application-addressmanagement-display-component---detailAdm--addressDetailDetailsName1\")]"}
COMMAND: DELETE /session/7b3a28ffc0c0cac2784ec2f305c087be/window - {}
RESULT: {}
COMMAND: POST /session/7b3a28ffc0c0cac2784ec2f305c087be/window - {"handle":"29D1ABB2B85C1BCF108638C002AFC1F1"}
RESULT: {"handle":"29D1ABB2B85C1BCF108638C002AFC1F1"}
COMMAND: GET /session/7b3a28ffc0c0cac2784ec2f305c087be/url - {}
RESULT: {"using":"xpath","value":"//span[contains(text(), \"WebdriverYardjjtihg\")][contains(@id ,\"application-addressmanagement-display-component---detailAdm--addressDetailDetailsName1\")]"}
RESULT: {}
COMMAND: GET /session/7b3a28ffc0c0cac2784ec2f305c087be/screenshot - {}
RESULT: {}
COMMAND: POST /session/7b3a28ffc0c0cac2784ec2f305c087be/element - {"using":"xpath","value":"//span[contains(text(), \"WebdriverYardjjtihg\")][contains(@id ,\"application-addressmanagement-display-component---detailAdm--addressDetailDetailsName1\")]"}
RESULT: {"using":"xpath","value":"//span[contains(text(), \"WebdriverYardjjtihg\")][contains(@id ,\"application-addressmanagement-display-component---detailAdm--addressDetailDetailsName1\")]"}
COMMAND: POST /session/7b3a28ffc0c0cac2784ec2f305c087be/element - {"using":"xpath","value":"//span[contains(text(), \"WebdriverYardjjtihg\")][contains(@id ,\"application-addressmanagement-display-component---detailAdm--addressDetailDetailsName1\")]"}
RESULT: {"using":"xpath","value":"//span[contains(text(), \"WebdriverYardjjtihg\")][contains(@id ,\"application-addressmanagement-display-component---detailAdm--addressDetailDetailsName1\")]"}
COMMAND: POST /session/7b3a28ffc0c0cac2784ec2f305c087be/element - {"using":"xpath","value":"//span[contains(text(), \"WebdriverYardjjtihg\")][contains(@id ,\"application-addressmanagement-display-component---detailAdm--addressDetailDetailsName1\")]"}
RESULT: {"using":"xpath","value":"//span[contains(text(), \"WebdriverYardjjtihg\")][contains(@id ,\"application-addressmanagement-display-component---detailAdm--addressDetailDetailsName1\")]"}
COMMAND: POST /session/7b3a28ffc0c0cac2784ec2f305c087be/element - {"using":"xpath","value":"//span[contains(text(), \"WebdriverYardjjtihg\")][contains(@id ,\"application-addressmanagement-display-component---detailAdm--addressDetailDetailsName1\")]"}
RESULT: {"using":"xpath","value":"//span[contains(text(), \"WebdriverYardjjtihg\")][contains(@id ,\"application-addressmanagement-display-component---detailAdm--addressDetailDetailsName1\")]"}
COMMAND: POST /session/7b3a28ffc0c0cac2784ec2f305c087be/element - {"using":"xpath","value":"//span[contains(text(), \"WebdriverYardjjtihg\")][contains(@id ,\"application-addressmanagement-display-component---detailAdm--addressDetailDetailsName1\")]"}
RESULT: {"using":"xpath","value":"//span[contains(text(), \"WebdriverYardjjtihg\")][contains(@id ,\"application-addressmanagement-display-component---detailAdm--addressDetailDetailsName1\")]"}
COMMAND: POST /session/7b3a28ffc0c0cac2784ec2f305c087be/element - {"using":"xpath","value":"//span[contains(text(), \"WebdriverYardjjtihg\")][contains(@id ,\"application-addressmanagement-display-component---detailAdm--addressDetailDetailsName1\")]"}
RESULT: {"using":"xpath","value":"//span[contains(text(), \"WebdriverYardjjtihg\")][contains(@id ,\"application-addressmanagement-display-component---detailAdm--addressDetailDetailsName1\")]"}
COMMAND: POST /session/7b3a28ffc0c0cac2784ec2f305c087be/element - {"using":"xpath","value":"//span[contains(text(), \"WebdriverYardjjtihg\")][contains(@id ,\"application-addressmanagement-display-component---detailAdm--addressDetailDetailsName1\")]"}
RESULT: {"using":"xpath","value":"//span[contains(text(), \"WebdriverYardjjtihg\")][contains(@id ,\"application-addressmanagement-display-component---detailAdm--addressDetailDetailsName1\")]"}
COMMAND: POST /session/7b3a28ffc0c0cac2784ec2f305c087be/element - {"using":"xpath","value":"//span[contains(text(), \"WebdriverYardjjtihg\")][contains(@id ,\"application-addressmanagement-display-component---detailAdm--addressDetailDetailsName1\")]"}
RESULT: {"using":"xpath","value":"//span[contains(text(), \"WebdriverYardjjtihg\")][contains(@id ,\"application-addressmanagement-display-component---detailAdm--addressDetailDetailsName1\")]"}
COMMAND: POST /session/7b3a28ffc0c0cac2784ec2f305c087be/element - {"using":"xpath","value":"//span[contains(text(), \"WebdriverYardjjtihg\")][contains(@id ,\"application-addressmanagement-display-component---detailAdm--addressDetailDetailsName1\")]"}
RESULT: {"using":"xpath","value":"//span[contains(text(), \"WebdriverYardjjtihg\")][contains(@id ,\"application-addressmanagement-display-component---detailAdm--addressDetailDetailsName1\")]"}
]]></system-out>
    </testcase>
    <testcase classname="chrome.136_0_7103_93.windows.Webshop_-_Hyperlinks_visible_and_working_properly__US139085" name="Shpuld verify site hyperlinks" time="212.723">
      <system-out><![CDATA[
COMMAND: POST /session/7b3a28ffc0c0cac2784ec2f305c087be/element - {"using":"xpath","value":"//*[contains(@data-kt ,\"webshopDetailSiteLink\")]"}
RESULT: {"using":"xpath","value":"//*[contains(@data-kt ,\"webshopDetailSiteLink\")]"}
COMMAND: POST /session/7b3a28ffc0c0cac2784ec2f305c087be/execute/sync - {"script":"<script> [8489 bytes]","args":[{"element-6066-11e4-a52e-4f735466cecf":"f.29D1ABB2B85C1BCF108638C002AFC1F1.d.D33BAA41627FAE5F65C1716F97EC5311.e.3947","ELEMENT":"f.29D1ABB2B85C1BCF108638C002AFC1F1.d.D33BAA41627FAE5F65C1716F97EC5311.e.3947"}]}
RESULT: {"script":"<script> [8489 bytes]","args":[{"element-6066-11e4-a52e-4f735466cecf":"f.29D1ABB2B85C1BCF108638C002AFC1F1.d.D33BAA41627FAE5F65C1716F97EC5311.e.3947","ELEMENT":"f.29D1ABB2B85C1BCF108638C002AFC1F1.d.D33BAA41627FAE5F65C1716F97EC5311.e.3947"}]}
COMMAND: POST /session/7b3a28ffc0c0cac2784ec2f305c087be/execute/sync - {"script":"<script> [5351 bytes]","args":[{"element-6066-11e4-a52e-4f735466cecf":"f.29D1ABB2B85C1BCF108638C002AFC1F1.d.D33BAA41627FAE5F65C1716F97EC5311.e.3947","ELEMENT":"f.29D1ABB2B85C1BCF108638C002AFC1F1.d.D33BAA41627FAE5F65C1716F97EC5311.e.3947"}]}
COMMAND: GET /session/7b3a28ffc0c0cac2784ec2f305c087be/screenshot - {}
RESULT: {"script":"<script> [5351 bytes]","args":[{"element-6066-11e4-a52e-4f735466cecf":"f.29D1ABB2B85C1BCF108638C002AFC1F1.d.D33BAA41627FAE5F65C1716F97EC5311.e.3947","ELEMENT":"f.29D1ABB2B85C1BCF108638C002AFC1F1.d.D33BAA41627FAE5F65C1716F97EC5311.e.3947"}]}
COMMAND: POST /session/7b3a28ffc0c0cac2784ec2f305c087be/element - {"using":"xpath","value":"//*[contains(@data-kt ,\"webshopDetailSiteLink\")]"}
COMMAND: GET /session/7b3a28ffc0c0cac2784ec2f305c087be/screenshot - {}
RESULT: {}
RESULT: {"using":"xpath","value":"//*[contains(@data-kt ,\"webshopDetailSiteLink\")]"}
COMMAND: POST /session/7b3a28ffc0c0cac2784ec2f305c087be/element/f.29D1ABB2B85C1BCF108638C002AFC1F1.d.D33BAA41627FAE5F65C1716F97EC5311.e.3947/click - {}
COMMAND: POST /session/7b3a28ffc0c0cac2784ec2f305c087be/element - {"using":"xpath","value":"//span[contains(text(), \"WebdriverYardjjtihg\")][contains(@id ,\"application-addressmanagement-display-component---detailAdm--addressDetailDetailsName1\")]"}
RESULT: {}
RESULT: {}
COMMAND: GET /session/7b3a28ffc0c0cac2784ec2f305c087be/screenshot - {}
RESULT: {"using":"xpath","value":"//span[contains(text(), \"WebdriverYardjjtihg\")][contains(@id ,\"application-addressmanagement-display-component---detailAdm--addressDetailDetailsName1\")]"}
RESULT: {}
COMMAND: POST /session/7b3a28ffc0c0cac2784ec2f305c087be/element - {"using":"xpath","value":"//span[contains(text(), \"WebdriverYardjjtihg\")][contains(@id ,\"application-addressmanagement-display-component---detailAdm--addressDetailDetailsName1\")]"}
RESULT: {"using":"xpath","value":"//span[contains(text(), \"WebdriverYardjjtihg\")][contains(@id ,\"application-addressmanagement-display-component---detailAdm--addressDetailDetailsName1\")]"}
COMMAND: POST /session/7b3a28ffc0c0cac2784ec2f305c087be/element - {"using":"xpath","value":"//span[contains(text(), \"WebdriverYardjjtihg\")][contains(@id ,\"application-addressmanagement-display-component---detailAdm--addressDetailDetailsName1\")]"}
RESULT: {"using":"xpath","value":"//span[contains(text(), \"WebdriverYardjjtihg\")][contains(@id ,\"application-addressmanagement-display-component---detailAdm--addressDetailDetailsName1\")]"}
COMMAND: POST /session/7b3a28ffc0c0cac2784ec2f305c087be/element - {"using":"xpath","value":"//span[contains(text(), \"WebdriverYardjjtihg\")][contains(@id ,\"application-addressmanagement-display-component---detailAdm--addressDetailDetailsName1\")]"}
RESULT: {"using":"xpath","value":"//span[contains(text(), \"WebdriverYardjjtihg\")][contains(@id ,\"application-addressmanagement-display-component---detailAdm--addressDetailDetailsName1\")]"}
COMMAND: POST /session/7b3a28ffc0c0cac2784ec2f305c087be/element - {"using":"xpath","value":"//*[contains(@data-kt ,\"ContextMenuIdLink\")][contains(text(), \"Manage Site\")]"}
RESULT: {"using":"xpath","value":"//*[contains(@data-kt ,\"ContextMenuIdLink\")][contains(text(), \"Manage Site\")]"}
COMMAND: POST /session/7b3a28ffc0c0cac2784ec2f305c087be/execute/sync - {"script":"<script> [8489 bytes]","args":[{"element-6066-11e4-a52e-4f735466cecf":"f.29D1ABB2B85C1BCF108638C002AFC1F1.d.D33BAA41627FAE5F65C1716F97EC5311.e.3949","ELEMENT":"f.29D1ABB2B85C1BCF108638C002AFC1F1.d.D33BAA41627FAE5F65C1716F97EC5311.e.3949"}]}
COMMAND: POST /session/7b3a28ffc0c0cac2784ec2f305c087be/element - {"using":"xpath","value":"//*[contains(@data-kt ,\"ContextMenuId2Link\")][contains(text(), \"Site Overview\")]"}
RESULT: {"script":"<script> [8489 bytes]","args":[{"element-6066-11e4-a52e-4f735466cecf":"f.29D1ABB2B85C1BCF108638C002AFC1F1.d.D33BAA41627FAE5F65C1716F97EC5311.e.3949","ELEMENT":"f.29D1ABB2B85C1BCF108638C002AFC1F1.d.D33BAA41627FAE5F65C1716F97EC5311.e.3949"}]}
RESULT: {"using":"xpath","value":"//*[contains(@data-kt ,\"ContextMenuId2Link\")][contains(text(), \"Site Overview\")]"}
COMMAND: POST /session/7b3a28ffc0c0cac2784ec2f305c087be/execute/sync - {"script":"<script> [8489 bytes]","args":[{"element-6066-11e4-a52e-4f735466cecf":"f.29D1ABB2B85C1BCF108638C002AFC1F1.d.D33BAA41627FAE5F65C1716F97EC5311.e.3950","ELEMENT":"f.29D1ABB2B85C1BCF108638C002AFC1F1.d.D33BAA41627FAE5F65C1716F97EC5311.e.3950"}]}
COMMAND: POST /session/7b3a28ffc0c0cac2784ec2f305c087be/element - {"using":"xpath","value":"//*[contains(@data-kt ,\"ContextMenuId3Link\")][contains(text(), \"Site Main Address\")]"}
COMMAND: GET /session/7b3a28ffc0c0cac2784ec2f305c087be/screenshot - {}
RESULT: {"script":"<script> [8489 bytes]","args":[{"element-6066-11e4-a52e-4f735466cecf":"f.29D1ABB2B85C1BCF108638C002AFC1F1.d.D33BAA41627FAE5F65C1716F97EC5311.e.3950","ELEMENT":"f.29D1ABB2B85C1BCF108638C002AFC1F1.d.D33BAA41627FAE5F65C1716F97EC5311.e.3950"}]}
COMMAND: POST /session/7b3a28ffc0c0cac2784ec2f305c087be/element - {"using":"xpath","value":"//span[contains(text(), \"WebdriverYardjjtihg\")][contains(@id ,\"application-addressmanagement-display-component---detailAdm--addressDetailDetailsName1\")]"}
RESULT: {"using":"xpath","value":"//*[contains(@data-kt ,\"ContextMenuId3Link\")][contains(text(), \"Site Main Address\")]"}
COMMAND: POST /session/7b3a28ffc0c0cac2784ec2f305c087be/execute/sync - {"script":"<script> [8489 bytes]","args":[{"element-6066-11e4-a52e-4f735466cecf":"f.29D1ABB2B85C1BCF108638C002AFC1F1.d.D33BAA41627FAE5F65C1716F97EC5311.e.3951","ELEMENT":"f.29D1ABB2B85C1BCF108638C002AFC1F1.d.D33BAA41627FAE5F65C1716F97EC5311.e.3951"}]}
COMMAND: POST /session/7b3a28ffc0c0cac2784ec2f305c087be/element/f.29D1ABB2B85C1BCF108638C002AFC1F1.d.D33BAA41627FAE5F65C1716F97EC5311.e.3949/click - {}
COMMAND: GET /session/7b3a28ffc0c0cac2784ec2f305c087be/screenshot - {}
RESULT: {"script":"<script> [8489 bytes]","args":[{"element-6066-11e4-a52e-4f735466cecf":"f.29D1ABB2B85C1BCF108638C002AFC1F1.d.D33BAA41627FAE5F65C1716F97EC5311.e.3951","ELEMENT":"f.29D1ABB2B85C1BCF108638C002AFC1F1.d.D33BAA41627FAE5F65C1716F97EC5311.e.3951"}]}
RESULT: {}
RESULT: {"using":"xpath","value":"//span[contains(text(), \"WebdriverYardjjtihg\")][contains(@id ,\"application-addressmanagement-display-component---detailAdm--addressDetailDetailsName1\")]"}
RESULT: {}
COMMAND: GET /session/7b3a28ffc0c0cac2784ec2f305c087be/screenshot - {}
COMMAND: GET /session/7b3a28ffc0c0cac2784ec2f305c087be/screenshot - {}
COMMAND: POST /session/7b3a28ffc0c0cac2784ec2f305c087be/element - {"using":"xpath","value":"//span[contains(text(), \"WebdriverYardjjtihg\")][contains(@id ,\"application-addressmanagement-display-component---detailAdm--addressDetailDetailsName1\")]"}
RESULT: {}
RESULT: {}
RESULT: {}
RESULT: {"using":"xpath","value":"//span[contains(text(), \"WebdriverYardjjtihg\")][contains(@id ,\"application-addressmanagement-display-component---detailAdm--addressDetailDetailsName1\")]"}
COMMAND: POST /session/7b3a28ffc0c0cac2784ec2f305c087be/element - {"using":"xpath","value":"//span[contains(text(), \"WebdriverYardjjtihg\")][contains(@id ,\"application-addressmanagement-display-component---detailAdm--addressDetailDetailsName1\")]"}
RESULT: {"using":"xpath","value":"//span[contains(text(), \"WebdriverYardjjtihg\")][contains(@id ,\"application-addressmanagement-display-component---detailAdm--addressDetailDetailsName1\")]"}
COMMAND: POST /session/7b3a28ffc0c0cac2784ec2f305c087be/element - {"using":"xpath","value":"//span[contains(text(), \"WebdriverYardjjtihg\")][contains(@id ,\"application-addressmanagement-display-component---detailAdm--addressDetailDetailsName1\")]"}
RESULT: {"using":"xpath","value":"//span[contains(text(), \"WebdriverYardjjtihg\")][contains(@id ,\"application-addressmanagement-display-component---detailAdm--addressDetailDetailsName1\")]"}
COMMAND: POST /session/7b3a28ffc0c0cac2784ec2f305c087be/element - {"using":"xpath","value":"//span[contains(text(), \"WebdriverYardjjtihg\")][contains(@id ,\"application-addressmanagement-display-component---detailAdm--addressDetailDetailsName1\")]"}
RESULT: {"using":"xpath","value":"//span[contains(text(), \"WebdriverYardjjtihg\")][contains(@id ,\"application-addressmanagement-display-component---detailAdm--addressDetailDetailsName1\")]"}
COMMAND: POST /session/7b3a28ffc0c0cac2784ec2f305c087be/element - {"using":"xpath","value":"//span[contains(text(), \"WebdriverYardjjtihg\")][contains(@id ,\"application-addressmanagement-display-component---detailAdm--addressDetailDetailsName1\")]"}
RESULT: {"using":"xpath","value":"//span[contains(text(), \"WebdriverYardjjtihg\")][contains(@id ,\"application-addressmanagement-display-component---detailAdm--addressDetailDetailsName1\")]"}
COMMAND: POST /session/7b3a28ffc0c0cac2784ec2f305c087be/element - {"using":"xpath","value":"//span[contains(text(), \"WebdriverYardjjtihg\")][contains(@id ,\"application-addressmanagement-display-component---detailAdm--addressDetailDetailsName1\")]"}
RESULT: {"using":"xpath","value":"//span[contains(text(), \"WebdriverYardjjtihg\")][contains(@id ,\"application-addressmanagement-display-component---detailAdm--addressDetailDetailsName1\")]"}
COMMAND: POST /session/7b3a28ffc0c0cac2784ec2f305c087be/element - {"using":"xpath","value":"//span[contains(text(), \"WebdriverYardjjtihg\")][contains(@id ,\"application-addressmanagement-display-component---detailAdm--addressDetailDetailsName1\")]"}
RESULT: {"using":"xpath","value":"//span[contains(text(), \"WebdriverYardjjtihg\")][contains(@id ,\"application-addressmanagement-display-component---detailAdm--addressDetailDetailsName1\")]"}
COMMAND: POST /session/7b3a28ffc0c0cac2784ec2f305c087be/element - {"using":"xpath","value":"//span[contains(text(), \"WebdriverYardjjtihg\")][contains(@id ,\"application-addressmanagement-display-component---detailAdm--addressDetailDetailsName1\")]"}
RESULT: {"using":"xpath","value":"//span[contains(text(), \"WebdriverYardjjtihg\")][contains(@id ,\"application-addressmanagement-display-component---detailAdm--addressDetailDetailsName1\")]"}
COMMAND: POST /session/7b3a28ffc0c0cac2784ec2f305c087be/element - {"using":"xpath","value":"//span[contains(text(), \"WebdriverYardjjtihg\")][contains(@id ,\"application-addressmanagement-display-component---detailAdm--addressDetailDetailsName1\")]"}
RESULT: {"using":"xpath","value":"//span[contains(text(), \"WebdriverYardjjtihg\")][contains(@id ,\"application-addressmanagement-display-component---detailAdm--addressDetailDetailsName1\")]"}
COMMAND: POST /session/7b3a28ffc0c0cac2784ec2f305c087be/execute/async - {"script":"<script> [1562 bytes]","args":[{"selector":{"controlType":"sap.m.Title","viewName":"etm.portal.ui.managesites.view.Master","viewId":"application-managesites-display-component---masterSite","i18NText":{"propertyName":"text","key":"sites"}},"wdio_ui5_key":"etmportal.ui.managesites.view.Mastersap.m.Title{\"propertyName\":\"text\",\"key\":\"sites\"}"}]}
COMMAND: POST /session/7b3a28ffc0c0cac2784ec2f305c087be/element - {"using":"xpath","value":"//span[contains(text(), \"WebdriverYardjjtihg\")][contains(@id ,\"application-addressmanagement-display-component---detailAdm--addressDetailDetailsName1\")]"}
RESULT: {"script":"<script> [1562 bytes]","args":[{"selector":{"controlType":"sap.m.Title","viewName":"etm.portal.ui.managesites.view.Master","viewId":"application-managesites-display-component---masterSite","i18NText":{"propertyName":"text","key":"sites"}},"wdio_ui5_key":"etmportal.ui.managesites.view.Mastersap.m.Title{\"propertyName\":\"text\",\"key\":\"sites\"}"}]}
RESULT: undefined
COMMAND: POST /session/7b3a28ffc0c0cac2784ec2f305c087be/execute/async - {"script":"<script> [6424 bytes]","args":[{"element-6066-11e4-a52e-4f735466cecf":"f.29D1ABB2B85C1BCF108638C002AFC1F1.d.D33BAA41627FAE5F65C1716F97EC5311.e.4259"},"getText",[]]}
RESULT: {"using":"xpath","value":"//span[contains(text(), \"WebdriverYardjjtihg\")][contains(@id ,\"application-addressmanagement-display-component---detailAdm--addressDetailDetailsName1\")]"}
RESULT: {"script":"<script> [6424 bytes]","args":[{"element-6066-11e4-a52e-4f735466cecf":"f.29D1ABB2B85C1BCF108638C002AFC1F1.d.D33BAA41627FAE5F65C1716F97EC5311.e.4259"},"getText",[]]}
COMMAND: POST /session/7b3a28ffc0c0cac2784ec2f305c087be/execute/async - {"script":"<script> [1562 bytes]","args":[{"selector":{"id":"application-managesites-display-component---detailSite--addressDetailDetailsName1"},"wdio_ui5_key":"applicationmanagesites-display-component---detailSite--addressDetailDetailsName1"}]}
COMMAND: POST /session/7b3a28ffc0c0cac2784ec2f305c087be/element - {"using":"xpath","value":"//span[contains(text(), \"WebdriverYardjjtihg\")][contains(@id ,\"application-addressmanagement-display-component---detailAdm--addressDetailDetailsName1\")]"}
RESULT: {"script":"<script> [1562 bytes]","args":[{"selector":{"id":"application-managesites-display-component---detailSite--addressDetailDetailsName1"},"wdio_ui5_key":"applicationmanagesites-display-component---detailSite--addressDetailDetailsName1"}]}
RESULT: undefined
COMMAND: POST /session/7b3a28ffc0c0cac2784ec2f305c087be/execute/async - {"script":"<script> [6424 bytes]","args":[{"element-6066-11e4-a52e-4f735466cecf":"f.29D1ABB2B85C1BCF108638C002AFC1F1.d.D33BAA41627FAE5F65C1716F97EC5311.e.4001"},"getValue",[]]}
RESULT: {"using":"xpath","value":"//span[contains(text(), \"WebdriverYardjjtihg\")][contains(@id ,\"application-addressmanagement-display-component---detailAdm--addressDetailDetailsName1\")]"}
RESULT: {"script":"<script> [6424 bytes]","args":[{"element-6066-11e4-a52e-4f735466cecf":"f.29D1ABB2B85C1BCF108638C002AFC1F1.d.D33BAA41627FAE5F65C1716F97EC5311.e.4001"},"getValue",[]]}
RESULT: undefined
COMMAND: POST /session/7b3a28ffc0c0cac2784ec2f305c087be/element - {"using":"xpath","value":"//*[@id=\"backBtn\"]"}
RESULT: {"using":"xpath","value":"//*[@id=\"backBtn\"]"}
COMMAND: POST /session/7b3a28ffc0c0cac2784ec2f305c087be/element/f.29D1ABB2B85C1BCF108638C002AFC1F1.d.D33BAA41627FAE5F65C1716F97EC5311.e.3218/click - {}
COMMAND: POST /session/7b3a28ffc0c0cac2784ec2f305c087be/element - {"using":"xpath","value":"//span[contains(text(), \"WebdriverYardjjtihg\")][contains(@id ,\"application-addressmanagement-display-component---detailAdm--addressDetailDetailsName1\")]"}
RESULT: {}
COMMAND: GET /session/7b3a28ffc0c0cac2784ec2f305c087be/screenshot - {}
RESULT: {"using":"xpath","value":"//span[contains(text(), \"WebdriverYardjjtihg\")][contains(@id ,\"application-addressmanagement-display-component---detailAdm--addressDetailDetailsName1\")]"}
RESULT: {}
COMMAND: POST /session/7b3a28ffc0c0cac2784ec2f305c087be/element - {"using":"xpath","value":"//span[contains(text(), \"WebdriverYardjjtihg\")][contains(@id ,\"application-addressmanagement-display-component---detailAdm--addressDetailDetailsName1\")]"}
RESULT: {"using":"xpath","value":"//span[contains(text(), \"WebdriverYardjjtihg\")][contains(@id ,\"application-addressmanagement-display-component---detailAdm--addressDetailDetailsName1\")]"}
COMMAND: POST /session/7b3a28ffc0c0cac2784ec2f305c087be/element - {"using":"xpath","value":"//span[contains(text(), \"WebdriverYardjjtihg\")][contains(@id ,\"application-addressmanagement-display-component---detailAdm--addressDetailDetailsName1\")]"}
RESULT: {"using":"xpath","value":"//span[contains(text(), \"WebdriverYardjjtihg\")][contains(@id ,\"application-addressmanagement-display-component---detailAdm--addressDetailDetailsName1\")]"}
COMMAND: POST /session/7b3a28ffc0c0cac2784ec2f305c087be/element - {"using":"xpath","value":"//span[contains(text(), \"WebdriverYardjjtihg\")][contains(@id ,\"application-addressmanagement-display-component---detailAdm--addressDetailDetailsName1\")]"}
RESULT: {"using":"xpath","value":"//span[contains(text(), \"WebdriverYardjjtihg\")][contains(@id ,\"application-addressmanagement-display-component---detailAdm--addressDetailDetailsName1\")]"}
COMMAND: POST /session/7b3a28ffc0c0cac2784ec2f305c087be/element - {"using":"xpath","value":"//span[contains(text(), \"WebdriverYardjjtihg\")][contains(@id ,\"application-addressmanagement-display-component---detailAdm--addressDetailDetailsName1\")]"}
RESULT: {"using":"xpath","value":"//span[contains(text(), \"WebdriverYardjjtihg\")][contains(@id ,\"application-addressmanagement-display-component---detailAdm--addressDetailDetailsName1\")]"}
COMMAND: POST /session/7b3a28ffc0c0cac2784ec2f305c087be/element - {"using":"xpath","value":"//span[contains(text(), \"WebdriverYardjjtihg\")][contains(@id ,\"application-addressmanagement-display-component---detailAdm--addressDetailDetailsName1\")]"}
RESULT: {"using":"xpath","value":"//span[contains(text(), \"WebdriverYardjjtihg\")][contains(@id ,\"application-addressmanagement-display-component---detailAdm--addressDetailDetailsName1\")]"}
COMMAND: POST /session/7b3a28ffc0c0cac2784ec2f305c087be/element - {"using":"xpath","value":"//span[contains(text(), \"WebdriverYardjjtihg\")][contains(@id ,\"application-addressmanagement-display-component---detailAdm--addressDetailDetailsName1\")]"}
RESULT: {"using":"xpath","value":"//span[contains(text(), \"WebdriverYardjjtihg\")][contains(@id ,\"application-addressmanagement-display-component---detailAdm--addressDetailDetailsName1\")]"}
COMMAND: POST /session/7b3a28ffc0c0cac2784ec2f305c087be/element - {"using":"xpath","value":"//span[contains(text(), \"WebdriverYardjjtihg\")][contains(@id ,\"application-addressmanagement-display-component---detailAdm--addressDetailDetailsName1\")]"}
RESULT: {"using":"xpath","value":"//span[contains(text(), \"WebdriverYardjjtihg\")][contains(@id ,\"application-addressmanagement-display-component---detailAdm--addressDetailDetailsName1\")]"}
COMMAND: POST /session/7b3a28ffc0c0cac2784ec2f305c087be/element - {"using":"xpath","value":"//span[contains(text(), \"WebdriverYardjjtihg\")][contains(@id ,\"application-addressmanagement-display-component---detailAdm--addressDetailDetailsName1\")]"}
RESULT: {"using":"xpath","value":"//span[contains(text(), \"WebdriverYardjjtihg\")][contains(@id ,\"application-addressmanagement-display-component---detailAdm--addressDetailDetailsName1\")]"}
COMMAND: POST /session/7b3a28ffc0c0cac2784ec2f305c087be/element - {"using":"xpath","value":"//span[contains(text(), \"WebdriverYardjjtihg\")][contains(@id ,\"application-addressmanagement-display-component---detailAdm--addressDetailDetailsName1\")]"}
RESULT: {"using":"xpath","value":"//span[contains(text(), \"WebdriverYardjjtihg\")][contains(@id ,\"application-addressmanagement-display-component---detailAdm--addressDetailDetailsName1\")]"}
COMMAND: POST /session/7b3a28ffc0c0cac2784ec2f305c087be/element - {"using":"xpath","value":"//span[contains(text(), \"WebdriverYardjjtihg\")][contains(@id ,\"application-addressmanagement-display-component---detailAdm--addressDetailDetailsName1\")]"}
RESULT: {"using":"xpath","value":"//span[contains(text(), \"WebdriverYardjjtihg\")][contains(@id ,\"application-addressmanagement-display-component---detailAdm--addressDetailDetailsName1\")]"}
COMMAND: POST /session/7b3a28ffc0c0cac2784ec2f305c087be/element - {"using":"xpath","value":"//span[contains(text(), \"WebdriverYardjjtihg\")][contains(@id ,\"application-addressmanagement-display-component---detailAdm--addressDetailDetailsName1\")]"}
RESULT: {"using":"xpath","value":"//span[contains(text(), \"WebdriverYardjjtihg\")][contains(@id ,\"application-addressmanagement-display-component---detailAdm--addressDetailDetailsName1\")]"}
COMMAND: POST /session/7b3a28ffc0c0cac2784ec2f305c087be/element - {"using":"xpath","value":"//span[contains(text(), \"WebdriverYardjjtihg\")][contains(@id ,\"application-addressmanagement-display-component---detailAdm--addressDetailDetailsName1\")]"}
RESULT: {"using":"xpath","value":"//span[contains(text(), \"WebdriverYardjjtihg\")][contains(@id ,\"application-addressmanagement-display-component---detailAdm--addressDetailDetailsName1\")]"}
COMMAND: POST /session/7b3a28ffc0c0cac2784ec2f305c087be/element - {"using":"xpath","value":"//span[contains(text(), \"WebdriverYardjjtihg\")][contains(@id ,\"application-addressmanagement-display-component---detailAdm--addressDetailDetailsName1\")]"}
RESULT: {"using":"xpath","value":"//span[contains(text(), \"WebdriverYardjjtihg\")][contains(@id ,\"application-addressmanagement-display-component---detailAdm--addressDetailDetailsName1\")]"}
COMMAND: POST /session/7b3a28ffc0c0cac2784ec2f305c087be/element - {"using":"xpath","value":"//span[contains(text(), \"WebdriverYardjjtihg\")][contains(@id ,\"application-addressmanagement-display-component---detailAdm--addressDetailDetailsName1\")]"}
RESULT: {"using":"xpath","value":"//span[contains(text(), \"WebdriverYardjjtihg\")][contains(@id ,\"application-addressmanagement-display-component---detailAdm--addressDetailDetailsName1\")]"}
COMMAND: POST /session/7b3a28ffc0c0cac2784ec2f305c087be/element - {"using":"xpath","value":"//span[contains(text(), \"WebdriverYardjjtihg\")][contains(@id ,\"application-addressmanagement-display-component---detailAdm--addressDetailDetailsName1\")]"}
RESULT: {"using":"xpath","value":"//span[contains(text(), \"WebdriverYardjjtihg\")][contains(@id ,\"application-addressmanagement-display-component---detailAdm--addressDetailDetailsName1\")]"}
COMMAND: POST /session/7b3a28ffc0c0cac2784ec2f305c087be/element - {"using":"xpath","value":"//span[contains(text(), \"WebdriverYardjjtihg\")][contains(@id ,\"application-addressmanagement-display-component---detailAdm--addressDetailDetailsName1\")]"}
RESULT: {"using":"xpath","value":"//span[contains(text(), \"WebdriverYardjjtihg\")][contains(@id ,\"application-addressmanagement-display-component---detailAdm--addressDetailDetailsName1\")]"}
COMMAND: POST /session/7b3a28ffc0c0cac2784ec2f305c087be/execute/sync - {"script":"<script> [8489 bytes]","args":[{"element-6066-11e4-a52e-4f735466cecf":"f.29D1ABB2B85C1BCF108638C002AFC1F1.d.D33BAA41627FAE5F65C1716F97EC5311.e.3947","ELEMENT":"f.29D1ABB2B85C1BCF108638C002AFC1F1.d.D33BAA41627FAE5F65C1716F97EC5311.e.3947"}]}
COMMAND: POST /session/7b3a28ffc0c0cac2784ec2f305c087be/element - {"using":"xpath","value":"//*[contains(@data-kt ,\"webshopDetailSiteLink\")]"}
RESULT: {"using":"xpath","value":"//*[contains(@data-kt ,\"webshopDetailSiteLink\")]"}
COMMAND: POST /session/7b3a28ffc0c0cac2784ec2f305c087be/execute/sync - {"script":"<script> [8489 bytes]","args":[{"element-6066-11e4-a52e-4f735466cecf":"f.29D1ABB2B85C1BCF108638C002AFC1F1.d.D33BAA41627FAE5F65C1716F97EC5311.e.4417","ELEMENT":"f.29D1ABB2B85C1BCF108638C002AFC1F1.d.D33BAA41627FAE5F65C1716F97EC5311.e.4417"}]}
RESULT: {"script":"<script> [8489 bytes]","args":[{"element-6066-11e4-a52e-4f735466cecf":"f.29D1ABB2B85C1BCF108638C002AFC1F1.d.D33BAA41627FAE5F65C1716F97EC5311.e.4417","ELEMENT":"f.29D1ABB2B85C1BCF108638C002AFC1F1.d.D33BAA41627FAE5F65C1716F97EC5311.e.4417"}]}
COMMAND: POST /session/7b3a28ffc0c0cac2784ec2f305c087be/execute/sync - {"script":"<script> [5351 bytes]","args":[{"element-6066-11e4-a52e-4f735466cecf":"f.29D1ABB2B85C1BCF108638C002AFC1F1.d.D33BAA41627FAE5F65C1716F97EC5311.e.4417","ELEMENT":"f.29D1ABB2B85C1BCF108638C002AFC1F1.d.D33BAA41627FAE5F65C1716F97EC5311.e.4417"}]}
RESULT: {"script":"<script> [5351 bytes]","args":[{"element-6066-11e4-a52e-4f735466cecf":"f.29D1ABB2B85C1BCF108638C002AFC1F1.d.D33BAA41627FAE5F65C1716F97EC5311.e.4417","ELEMENT":"f.29D1ABB2B85C1BCF108638C002AFC1F1.d.D33BAA41627FAE5F65C1716F97EC5311.e.4417"}]}
COMMAND: POST /session/7b3a28ffc0c0cac2784ec2f305c087be/element - {"using":"xpath","value":"//*[contains(@data-kt ,\"webshopDetailSiteLink\")]"}
COMMAND: GET /session/7b3a28ffc0c0cac2784ec2f305c087be/screenshot - {}
COMMAND: GET /session/7b3a28ffc0c0cac2784ec2f305c087be/screenshot - {}
COMMAND: POST /session/7b3a28ffc0c0cac2784ec2f305c087be/element - {"using":"xpath","value":"//span[contains(text(), \"WebdriverYardjjtihg\")][contains(@id ,\"application-addressmanagement-display-component---detailAdm--addressDetailDetailsName1\")]"}
RESULT: {"using":"xpath","value":"//*[contains(@data-kt ,\"webshopDetailSiteLink\")]"}
COMMAND: POST /session/7b3a28ffc0c0cac2784ec2f305c087be/element/f.29D1ABB2B85C1BCF108638C002AFC1F1.d.D33BAA41627FAE5F65C1716F97EC5311.e.4417/click - {}
RESULT: {}
RESULT: {}
RESULT: {}
RESULT: {"using":"xpath","value":"//span[contains(text(), \"WebdriverYardjjtihg\")][contains(@id ,\"application-addressmanagement-display-component---detailAdm--addressDetailDetailsName1\")]"}
COMMAND: GET /session/7b3a28ffc0c0cac2784ec2f305c087be/screenshot - {}
RESULT: {}
COMMAND: POST /session/7b3a28ffc0c0cac2784ec2f305c087be/element - {"using":"xpath","value":"//span[contains(text(), \"WebdriverYardjjtihg\")][contains(@id ,\"application-addressmanagement-display-component---detailAdm--addressDetailDetailsName1\")]"}
RESULT: {"using":"xpath","value":"//span[contains(text(), \"WebdriverYardjjtihg\")][contains(@id ,\"application-addressmanagement-display-component---detailAdm--addressDetailDetailsName1\")]"}
COMMAND: POST /session/7b3a28ffc0c0cac2784ec2f305c087be/element - {"using":"xpath","value":"//span[contains(text(), \"WebdriverYardjjtihg\")][contains(@id ,\"application-addressmanagement-display-component---detailAdm--addressDetailDetailsName1\")]"}
RESULT: {"using":"xpath","value":"//span[contains(text(), \"WebdriverYardjjtihg\")][contains(@id ,\"application-addressmanagement-display-component---detailAdm--addressDetailDetailsName1\")]"}
COMMAND: POST /session/7b3a28ffc0c0cac2784ec2f305c087be/element - {"using":"xpath","value":"//span[contains(text(), \"WebdriverYardjjtihg\")][contains(@id ,\"application-addressmanagement-display-component---detailAdm--addressDetailDetailsName1\")]"}
RESULT: {"using":"xpath","value":"//span[contains(text(), \"WebdriverYardjjtihg\")][contains(@id ,\"application-addressmanagement-display-component---detailAdm--addressDetailDetailsName1\")]"}
COMMAND: POST /session/7b3a28ffc0c0cac2784ec2f305c087be/element/f.29D1ABB2B85C1BCF108638C002AFC1F1.d.D33BAA41627FAE5F65C1716F97EC5311.e.3950/click - {}
COMMAND: POST /session/7b3a28ffc0c0cac2784ec2f305c087be/element - {"using":"xpath","value":"//*[contains(@data-kt ,\"ContextMenuId2Link\")][contains(text(), \"Site Overview\")]"}
RESULT: {"using":"xpath","value":"//*[contains(@data-kt ,\"ContextMenuId2Link\")][contains(text(), \"Site Overview\")]"}
COMMAND: POST /session/7b3a28ffc0c0cac2784ec2f305c087be/element/f.29D1ABB2B85C1BCF108638C002AFC1F1.d.D33BAA41627FAE5F65C1716F97EC5311.e.3950/click - {}
COMMAND: POST /session/7b3a28ffc0c0cac2784ec2f305c087be/element - {"using":"xpath","value":"//*[contains(@data-kt ,\"ContextMenuId2Link\")][contains(text(), \"Site Overview\")]"}
RESULT: {"using":"xpath","value":"//*[contains(@data-kt ,\"ContextMenuId2Link\")][contains(text(), \"Site Overview\")]"}
COMMAND: POST /session/7b3a28ffc0c0cac2784ec2f305c087be/element/f.29D1ABB2B85C1BCF108638C002AFC1F1.d.D33BAA41627FAE5F65C1716F97EC5311.e.4420/click - {}
COMMAND: POST /session/7b3a28ffc0c0cac2784ec2f305c087be/element - {"using":"xpath","value":"//span[contains(text(), \"WebdriverYardjjtihg\")][contains(@id ,\"application-addressmanagement-display-component---detailAdm--addressDetailDetailsName1\")]"}
RESULT: {}
COMMAND: GET /session/7b3a28ffc0c0cac2784ec2f305c087be/screenshot - {}
RESULT: {"using":"xpath","value":"//span[contains(text(), \"WebdriverYardjjtihg\")][contains(@id ,\"application-addressmanagement-display-component---detailAdm--addressDetailDetailsName1\")]"}
RESULT: {}
COMMAND: POST /session/7b3a28ffc0c0cac2784ec2f305c087be/element - {"using":"xpath","value":"//span[contains(text(), \"WebdriverYardjjtihg\")][contains(@id ,\"application-addressmanagement-display-component---detailAdm--addressDetailDetailsName1\")]"}
RESULT: {"using":"xpath","value":"//span[contains(text(), \"WebdriverYardjjtihg\")][contains(@id ,\"application-addressmanagement-display-component---detailAdm--addressDetailDetailsName1\")]"}
COMMAND: POST /session/7b3a28ffc0c0cac2784ec2f305c087be/element - {"using":"xpath","value":"//span[contains(text(), \"WebdriverYardjjtihg\")][contains(@id ,\"application-addressmanagement-display-component---detailAdm--addressDetailDetailsName1\")]"}
RESULT: {"using":"xpath","value":"//span[contains(text(), \"WebdriverYardjjtihg\")][contains(@id ,\"application-addressmanagement-display-component---detailAdm--addressDetailDetailsName1\")]"}
COMMAND: POST /session/7b3a28ffc0c0cac2784ec2f305c087be/element - {"using":"xpath","value":"//span[contains(text(), \"WebdriverYardjjtihg\")][contains(@id ,\"application-addressmanagement-display-component---detailAdm--addressDetailDetailsName1\")]"}
RESULT: {"using":"xpath","value":"//span[contains(text(), \"WebdriverYardjjtihg\")][contains(@id ,\"application-addressmanagement-display-component---detailAdm--addressDetailDetailsName1\")]"}
COMMAND: POST /session/7b3a28ffc0c0cac2784ec2f305c087be/element - {"using":"xpath","value":"//span[contains(text(), \"WebdriverYardjjtihg\")][contains(@id ,\"application-addressmanagement-display-component---detailAdm--addressDetailDetailsName1\")]"}
RESULT: {"using":"xpath","value":"//span[contains(text(), \"WebdriverYardjjtihg\")][contains(@id ,\"application-addressmanagement-display-component---detailAdm--addressDetailDetailsName1\")]"}
COMMAND: POST /session/7b3a28ffc0c0cac2784ec2f305c087be/element - {"using":"xpath","value":"//span[contains(text(), \"WebdriverYardjjtihg\")][contains(@id ,\"application-addressmanagement-display-component---detailAdm--addressDetailDetailsName1\")]"}
RESULT: {"using":"xpath","value":"//span[contains(text(), \"WebdriverYardjjtihg\")][contains(@id ,\"application-addressmanagement-display-component---detailAdm--addressDetailDetailsName1\")]"}
COMMAND: POST /session/7b3a28ffc0c0cac2784ec2f305c087be/element - {"using":"xpath","value":"//span[contains(text(), \"WebdriverYardjjtihg\")][contains(@id ,\"application-addressmanagement-display-component---detailAdm--addressDetailDetailsName1\")]"}
RESULT: {"using":"xpath","value":"//span[contains(text(), \"WebdriverYardjjtihg\")][contains(@id ,\"application-addressmanagement-display-component---detailAdm--addressDetailDetailsName1\")]"}
RESULT: undefined
COMMAND: POST /session/7b3a28ffc0c0cac2784ec2f305c087be/execute/async - {"script":"<script> [6424 bytes]","args":[{"element-6066-11e4-a52e-4f735466cecf":"f.29D1ABB2B85C1BCF108638C002AFC1F1.d.D33BAA41627FAE5F65C1716F97EC5311.e.3216"},"getTitle",[]]}
COMMAND: POST /session/7b3a28ffc0c0cac2784ec2f305c087be/execute/async - {"script":"<script> [1562 bytes]","args":[{"selector":{"id":"shellAppTitle"},"wdio_ui5_key":"shellAppTitle"}]}
RESULT: {"script":"<script> [1562 bytes]","args":[{"selector":{"id":"shellAppTitle"},"wdio_ui5_key":"shellAppTitle"}]}
COMMAND: POST /session/7b3a28ffc0c0cac2784ec2f305c087be/execute/async - {"script":"<script> [6424 bytes]","args":[{"element-6066-11e4-a52e-4f735466cecf":"f.29D1ABB2B85C1BCF108638C002AFC1F1.d.D33BAA41627FAE5F65C1716F97EC5311.e.4501"},"getTitle",[]]}
RESULT: {"script":"<script> [6424 bytes]","args":[{"element-6066-11e4-a52e-4f735466cecf":"f.29D1ABB2B85C1BCF108638C002AFC1F1.d.D33BAA41627FAE5F65C1716F97EC5311.e.4501"},"getTitle",[]]}
COMMAND: POST /session/7b3a28ffc0c0cac2784ec2f305c087be/element - {"using":"xpath","value":"(//span[contains(text(), \"WebdriverSite29fvs\")])[2]"}
RESULT: {"using":"xpath","value":"(//span[contains(text(), \"WebdriverSite29fvs\")])[2]"}
COMMAND: POST /session/7b3a28ffc0c0cac2784ec2f305c087be/execute/sync - {"script":"<script> [8489 bytes]","args":[{"element-6066-11e4-a52e-4f735466cecf":"f.29D1ABB2B85C1BCF108638C002AFC1F1.d.D33BAA41627FAE5F65C1716F97EC5311.e.4502","ELEMENT":"f.29D1ABB2B85C1BCF108638C002AFC1F1.d.D33BAA41627FAE5F65C1716F97EC5311.e.4502"}]}
RESULT: undefined
COMMAND: POST /session/7b3a28ffc0c0cac2784ec2f305c087be/element - {"using":"xpath","value":"//*[@id=\"backBtn\"]"}
RESULT: {"using":"xpath","value":"//*[@id=\"backBtn\"]"}
COMMAND: POST /session/7b3a28ffc0c0cac2784ec2f305c087be/element/f.29D1ABB2B85C1BCF108638C002AFC1F1.d.D33BAA41627FAE5F65C1716F97EC5311.e.3218/click - {}
RESULT: {"script":"<script> [8489 bytes]","args":[{"element-6066-11e4-a52e-4f735466cecf":"f.29D1ABB2B85C1BCF108638C002AFC1F1.d.D33BAA41627FAE5F65C1716F97EC5311.e.4502","ELEMENT":"f.29D1ABB2B85C1BCF108638C002AFC1F1.d.D33BAA41627FAE5F65C1716F97EC5311.e.4502"}]}
COMMAND: GET /session/7b3a28ffc0c0cac2784ec2f305c087be/screenshot - {}
RESULT: {}
COMMAND: GET /session/7b3a28ffc0c0cac2784ec2f305c087be/screenshot - {}
RESULT: {}
RESULT: {}
COMMAND: POST /session/7b3a28ffc0c0cac2784ec2f305c087be/execute/sync - {"script":"<script> [8489 bytes]","args":[{"element-6066-11e4-a52e-4f735466cecf":"f.29D1ABB2B85C1BCF108638C002AFC1F1.d.D33BAA41627FAE5F65C1716F97EC5311.e.4417","ELEMENT":"f.29D1ABB2B85C1BCF108638C002AFC1F1.d.D33BAA41627FAE5F65C1716F97EC5311.e.4417"}]}
COMMAND: POST /session/7b3a28ffc0c0cac2784ec2f305c087be/element - {"using":"xpath","value":"//*[contains(@data-kt ,\"webshopDetailSiteLink\")]"}
RESULT: {"using":"xpath","value":"//*[contains(@data-kt ,\"webshopDetailSiteLink\")]"}
COMMAND: POST /session/7b3a28ffc0c0cac2784ec2f305c087be/execute/sync - {"script":"<script> [8489 bytes]","args":[{"element-6066-11e4-a52e-4f735466cecf":"f.29D1ABB2B85C1BCF108638C002AFC1F1.d.D33BAA41627FAE5F65C1716F97EC5311.e.4660","ELEMENT":"f.29D1ABB2B85C1BCF108638C002AFC1F1.d.D33BAA41627FAE5F65C1716F97EC5311.e.4660"}]}
RESULT: {"script":"<script> [8489 bytes]","args":[{"element-6066-11e4-a52e-4f735466cecf":"f.29D1ABB2B85C1BCF108638C002AFC1F1.d.D33BAA41627FAE5F65C1716F97EC5311.e.4660","ELEMENT":"f.29D1ABB2B85C1BCF108638C002AFC1F1.d.D33BAA41627FAE5F65C1716F97EC5311.e.4660"}]}
COMMAND: POST /session/7b3a28ffc0c0cac2784ec2f305c087be/execute/sync - {"script":"<script> [5351 bytes]","args":[{"element-6066-11e4-a52e-4f735466cecf":"f.29D1ABB2B85C1BCF108638C002AFC1F1.d.D33BAA41627FAE5F65C1716F97EC5311.e.4660","ELEMENT":"f.29D1ABB2B85C1BCF108638C002AFC1F1.d.D33BAA41627FAE5F65C1716F97EC5311.e.4660"}]}
COMMAND: GET /session/7b3a28ffc0c0cac2784ec2f305c087be/screenshot - {}
RESULT: {"script":"<script> [5351 bytes]","args":[{"element-6066-11e4-a52e-4f735466cecf":"f.29D1ABB2B85C1BCF108638C002AFC1F1.d.D33BAA41627FAE5F65C1716F97EC5311.e.4660","ELEMENT":"f.29D1ABB2B85C1BCF108638C002AFC1F1.d.D33BAA41627FAE5F65C1716F97EC5311.e.4660"}]}
COMMAND: POST /session/7b3a28ffc0c0cac2784ec2f305c087be/element - {"using":"xpath","value":"//*[contains(@data-kt ,\"webshopDetailSiteLink\")]"}
COMMAND: GET /session/7b3a28ffc0c0cac2784ec2f305c087be/screenshot - {}
RESULT: {}
RESULT: {"using":"xpath","value":"//*[contains(@data-kt ,\"webshopDetailSiteLink\")]"}
COMMAND: POST /session/7b3a28ffc0c0cac2784ec2f305c087be/element/f.29D1ABB2B85C1BCF108638C002AFC1F1.d.D33BAA41627FAE5F65C1716F97EC5311.e.4660/click - {}
RESULT: {}
RESULT: {}
COMMAND: GET /session/7b3a28ffc0c0cac2784ec2f305c087be/screenshot - {}
RESULT: {}
COMMAND: POST /session/7b3a28ffc0c0cac2784ec2f305c087be/element/f.29D1ABB2B85C1BCF108638C002AFC1F1.d.D33BAA41627FAE5F65C1716F97EC5311.e.3951/click - {}
COMMAND: POST /session/7b3a28ffc0c0cac2784ec2f305c087be/element - {"using":"xpath","value":"//*[contains(@data-kt ,\"ContextMenuId3Link\")][contains(text(), \"Site Main Address\")]"}
RESULT: {"using":"xpath","value":"//*[contains(@data-kt ,\"ContextMenuId3Link\")][contains(text(), \"Site Main Address\")]"}
COMMAND: POST /session/7b3a28ffc0c0cac2784ec2f305c087be/element/f.29D1ABB2B85C1BCF108638C002AFC1F1.d.D33BAA41627FAE5F65C1716F97EC5311.e.3951/click - {}
COMMAND: POST /session/7b3a28ffc0c0cac2784ec2f305c087be/element - {"using":"xpath","value":"//*[contains(@data-kt ,\"ContextMenuId3Link\")][contains(text(), \"Site Main Address\")]"}
RESULT: {"using":"xpath","value":"//*[contains(@data-kt ,\"ContextMenuId3Link\")][contains(text(), \"Site Main Address\")]"}
COMMAND: POST /session/7b3a28ffc0c0cac2784ec2f305c087be/element/f.29D1ABB2B85C1BCF108638C002AFC1F1.d.D33BAA41627FAE5F65C1716F97EC5311.e.4663/click - {}
RESULT: {}
COMMAND: GET /session/7b3a28ffc0c0cac2784ec2f305c087be/screenshot - {}
RESULT: {}
COMMAND: POST /session/7b3a28ffc0c0cac2784ec2f305c087be/element - {"using":"xpath","value":"//span[contains(@id ,\"application-addressmanagement-display-component---masterAdm--title1-inner\")]"}
RESULT: {"using":"xpath","value":"//span[contains(@id ,\"application-addressmanagement-display-component---masterAdm--title1-inner\")]"}
COMMAND: GET /session/7b3a28ffc0c0cac2784ec2f305c087be/element/f.29D1ABB2B85C1BCF108638C002AFC1F1.d.D33BAA41627FAE5F65C1716F97EC5311.e.4866/text - {}
RESULT: {}
COMMAND: POST /session/7b3a28ffc0c0cac2784ec2f305c087be/element - {"using":"xpath","value":"//span[contains(@id ,\"application-addressmanagement-display-component---detailAdm--addressDetailDetailsName1\")][contains(text(), \"WebdriverSite29fvs\")]"}
RESULT: {"using":"xpath","value":"//span[contains(@id ,\"application-addressmanagement-display-component---detailAdm--addressDetailDetailsName1\")][contains(text(), \"WebdriverSite29fvs\")]"}
COMMAND: POST /session/7b3a28ffc0c0cac2784ec2f305c087be/execute/sync - {"script":"<script> [8489 bytes]","args":[{"element-6066-11e4-a52e-4f735466cecf":"f.29D1ABB2B85C1BCF108638C002AFC1F1.d.D33BAA41627FAE5F65C1716F97EC5311.e.4867","ELEMENT":"f.29D1ABB2B85C1BCF108638C002AFC1F1.d.D33BAA41627FAE5F65C1716F97EC5311.e.4867"}]}
RESULT: undefined
COMMAND: POST /session/7b3a28ffc0c0cac2784ec2f305c087be/element - {"using":"xpath","value":"//*[@id=\"backBtn\"]"}
RESULT: {"using":"xpath","value":"//*[@id=\"backBtn\"]"}
COMMAND: POST /session/7b3a28ffc0c0cac2784ec2f305c087be/element/f.29D1ABB2B85C1BCF108638C002AFC1F1.d.D33BAA41627FAE5F65C1716F97EC5311.e.3218/click - {}
RESULT: {"script":"<script> [8489 bytes]","args":[{"element-6066-11e4-a52e-4f735466cecf":"f.29D1ABB2B85C1BCF108638C002AFC1F1.d.D33BAA41627FAE5F65C1716F97EC5311.e.4867","ELEMENT":"f.29D1ABB2B85C1BCF108638C002AFC1F1.d.D33BAA41627FAE5F65C1716F97EC5311.e.4867"}]}
COMMAND: GET /session/7b3a28ffc0c0cac2784ec2f305c087be/screenshot - {}
RESULT: {}
COMMAND: GET /session/7b3a28ffc0c0cac2784ec2f305c087be/screenshot - {}
RESULT: {}
RESULT: {}
COMMAND: POST /session/7b3a28ffc0c0cac2784ec2f305c087be/execute/sync - {"script":"<script> [8489 bytes]","args":[{"element-6066-11e4-a52e-4f735466cecf":"f.29D1ABB2B85C1BCF108638C002AFC1F1.d.D33BAA41627FAE5F65C1716F97EC5311.e.4660","ELEMENT":"f.29D1ABB2B85C1BCF108638C002AFC1F1.d.D33BAA41627FAE5F65C1716F97EC5311.e.4660"}]}
COMMAND: POST /session/7b3a28ffc0c0cac2784ec2f305c087be/element - {"using":"xpath","value":"//*[contains(@data-kt ,\"webshopDetailSiteLink\")]"}
RESULT: {"using":"xpath","value":"//*[contains(@data-kt ,\"webshopDetailSiteLink\")]"}
COMMAND: POST /session/7b3a28ffc0c0cac2784ec2f305c087be/execute/sync - {"script":"<script> [8489 bytes]","args":[{"element-6066-11e4-a52e-4f735466cecf":"f.29D1ABB2B85C1BCF108638C002AFC1F1.d.D33BAA41627FAE5F65C1716F97EC5311.e.4999","ELEMENT":"f.29D1ABB2B85C1BCF108638C002AFC1F1.d.D33BAA41627FAE5F65C1716F97EC5311.e.4999"}]}
RESULT: {"script":"<script> [8489 bytes]","args":[{"element-6066-11e4-a52e-4f735466cecf":"f.29D1ABB2B85C1BCF108638C002AFC1F1.d.D33BAA41627FAE5F65C1716F97EC5311.e.4999","ELEMENT":"f.29D1ABB2B85C1BCF108638C002AFC1F1.d.D33BAA41627FAE5F65C1716F97EC5311.e.4999"}]}
COMMAND: POST /session/7b3a28ffc0c0cac2784ec2f305c087be/execute/sync - {"script":"<script> [5351 bytes]","args":[{"element-6066-11e4-a52e-4f735466cecf":"f.29D1ABB2B85C1BCF108638C002AFC1F1.d.D33BAA41627FAE5F65C1716F97EC5311.e.4999","ELEMENT":"f.29D1ABB2B85C1BCF108638C002AFC1F1.d.D33BAA41627FAE5F65C1716F97EC5311.e.4999"}]}
COMMAND: GET /session/7b3a28ffc0c0cac2784ec2f305c087be/screenshot - {}
RESULT: {"script":"<script> [5351 bytes]","args":[{"element-6066-11e4-a52e-4f735466cecf":"f.29D1ABB2B85C1BCF108638C002AFC1F1.d.D33BAA41627FAE5F65C1716F97EC5311.e.4999","ELEMENT":"f.29D1ABB2B85C1BCF108638C002AFC1F1.d.D33BAA41627FAE5F65C1716F97EC5311.e.4999"}]}
COMMAND: POST /session/7b3a28ffc0c0cac2784ec2f305c087be/element - {"using":"xpath","value":"//*[contains(@data-kt ,\"webshopDetailSiteLink\")]"}
COMMAND: GET /session/7b3a28ffc0c0cac2784ec2f305c087be/screenshot - {}
RESULT: {}
RESULT: {"using":"xpath","value":"//*[contains(@data-kt ,\"webshopDetailSiteLink\")]"}
COMMAND: POST /session/7b3a28ffc0c0cac2784ec2f305c087be/element/f.29D1ABB2B85C1BCF108638C002AFC1F1.d.D33BAA41627FAE5F65C1716F97EC5311.e.4999/click - {}
RESULT: {}
RESULT: {}
COMMAND: GET /session/7b3a28ffc0c0cac2784ec2f305c087be/screenshot - {}
RESULT: {}
COMMAND: POST /session/7b3a28ffc0c0cac2784ec2f305c087be/element - {"using":"xpath","value":"//button[contains(@data-kt ,\"ContextMenuIdExternalLink\")]"}
RESULT: {"using":"xpath","value":"//button[contains(@data-kt ,\"ContextMenuIdExternalLink\")]"}
COMMAND: POST /session/7b3a28ffc0c0cac2784ec2f305c087be/element/f.29D1ABB2B85C1BCF108638C002AFC1F1.d.D33BAA41627FAE5F65C1716F97EC5311.e.5000/click - {}
RESULT: {}
COMMAND: GET /session/7b3a28ffc0c0cac2784ec2f305c087be/screenshot - {}
RESULT: {}
COMMAND: GET /session/7b3a28ffc0c0cac2784ec2f305c087be/window/handles - {}
RESULT: {}
COMMAND: POST /session/7b3a28ffc0c0cac2784ec2f305c087be/window - {"handle":"44A55D6DB922EF2AD9B326672C1E4959"}
RESULT: {"handle":"44A55D6DB922EF2AD9B326672C1E4959"}
COMMAND: GET /session/7b3a28ffc0c0cac2784ec2f305c087be/url - {}
RESULT: {}
COMMAND: GET /session/7b3a28ffc0c0cac2784ec2f305c087be/screenshot - {}
COMMAND: DELETE /session/7b3a28ffc0c0cac2784ec2f305c087be/window - {}
RESULT: {}
RESULT: {}
COMMAND: POST /session/7b3a28ffc0c0cac2784ec2f305c087be/window - {"handle":"29D1ABB2B85C1BCF108638C002AFC1F1"}
RESULT: {"handle":"29D1ABB2B85C1BCF108638C002AFC1F1"}
COMMAND: GET /session/7b3a28ffc0c0cac2784ec2f305c087be/url - {}
RESULT: {}
COMMAND: GET /session/7b3a28ffc0c0cac2784ec2f305c087be/screenshot - {}
RESULT: {}
COMMAND: POST /session/7b3a28ffc0c0cac2784ec2f305c087be/element - {"using":"xpath","value":"//button[contains(@data-kt ,\"ContextMenuExternalId2Link\")]"}
RESULT: {"using":"xpath","value":"//button[contains(@data-kt ,\"ContextMenuExternalId2Link\")]"}
COMMAND: POST /session/7b3a28ffc0c0cac2784ec2f305c087be/element/f.29D1ABB2B85C1BCF108638C002AFC1F1.d.D33BAA41627FAE5F65C1716F97EC5311.e.5264/click - {}
RESULT: {}
COMMAND: GET /session/7b3a28ffc0c0cac2784ec2f305c087be/screenshot - {}
RESULT: {}
COMMAND: GET /session/7b3a28ffc0c0cac2784ec2f305c087be/window/handles - {}
RESULT: {}
COMMAND: POST /session/7b3a28ffc0c0cac2784ec2f305c087be/window - {"handle":"9E531C2540FEAD3C1EE3E3514DB71F2E"}
RESULT: {"handle":"9E531C2540FEAD3C1EE3E3514DB71F2E"}
COMMAND: GET /session/7b3a28ffc0c0cac2784ec2f305c087be/url - {}
RESULT: {}
COMMAND: GET /session/7b3a28ffc0c0cac2784ec2f305c087be/screenshot - {}
RESULT: {}
COMMAND: POST /session/7b3a28ffc0c0cac2784ec2f305c087be/execute/sync - {"script":"<script> [8489 bytes]","args":[{"element-6066-11e4-a52e-4f735466cecf":"f.29D1ABB2B85C1BCF108638C002AFC1F1.d.D33BAA41627FAE5F65C1716F97EC5311.e.4502","ELEMENT":"f.29D1ABB2B85C1BCF108638C002AFC1F1.d.D33BAA41627FAE5F65C1716F97EC5311.e.4502"}]}
COMMAND: DELETE /session/7b3a28ffc0c0cac2784ec2f305c087be/window - {}
RESULT: {}
COMMAND: POST /session/7b3a28ffc0c0cac2784ec2f305c087be/window - {"handle":"29D1ABB2B85C1BCF108638C002AFC1F1"}
RESULT: {"handle":"29D1ABB2B85C1BCF108638C002AFC1F1"}
COMMAND: GET /session/7b3a28ffc0c0cac2784ec2f305c087be/url - {}
COMMAND: POST /session/7b3a28ffc0c0cac2784ec2f305c087be/element - {"using":"xpath","value":"(//span[contains(text(), \"WebdriverSite29fvs\")])[2]"}
RESULT: {}
COMMAND: GET /session/7b3a28ffc0c0cac2784ec2f305c087be/screenshot - {}
RESULT: {"using":"xpath","value":"(//span[contains(text(), \"WebdriverSite29fvs\")])[2]"}
COMMAND: POST /session/7b3a28ffc0c0cac2784ec2f305c087be/element - {"using":"xpath","value":"(//span[contains(text(), \"WebdriverSite29fvs\")])[2]"}
RESULT: {}
RESULT: {"using":"xpath","value":"(//span[contains(text(), \"WebdriverSite29fvs\")])[2]"}
COMMAND: POST /session/7b3a28ffc0c0cac2784ec2f305c087be/element - {"using":"xpath","value":"(//span[contains(text(), \"WebdriverSite29fvs\")])[2]"}
RESULT: {"using":"xpath","value":"(//span[contains(text(), \"WebdriverSite29fvs\")])[2]"}
COMMAND: POST /session/7b3a28ffc0c0cac2784ec2f305c087be/element - {"using":"xpath","value":"(//span[contains(text(), \"WebdriverSite29fvs\")])[2]"}
RESULT: {"using":"xpath","value":"(//span[contains(text(), \"WebdriverSite29fvs\")])[2]"}
COMMAND: POST /session/7b3a28ffc0c0cac2784ec2f305c087be/element - {"using":"xpath","value":"(//span[contains(text(), \"WebdriverSite29fvs\")])[2]"}
RESULT: {"using":"xpath","value":"(//span[contains(text(), \"WebdriverSite29fvs\")])[2]"}
COMMAND: POST /session/7b3a28ffc0c0cac2784ec2f305c087be/element - {"using":"xpath","value":"(//span[contains(text(), \"WebdriverSite29fvs\")])[2]"}
RESULT: {"using":"xpath","value":"(//span[contains(text(), \"WebdriverSite29fvs\")])[2]"}
COMMAND: POST /session/7b3a28ffc0c0cac2784ec2f305c087be/element - {"using":"xpath","value":"(//span[contains(text(), \"WebdriverSite29fvs\")])[2]"}
RESULT: {"using":"xpath","value":"(//span[contains(text(), \"WebdriverSite29fvs\")])[2]"}
COMMAND: POST /session/7b3a28ffc0c0cac2784ec2f305c087be/element - {"using":"xpath","value":"(//span[contains(text(), \"WebdriverSite29fvs\")])[2]"}
RESULT: {"using":"xpath","value":"(//span[contains(text(), \"WebdriverSite29fvs\")])[2]"}
COMMAND: POST /session/7b3a28ffc0c0cac2784ec2f305c087be/element - {"using":"xpath","value":"(//span[contains(text(), \"WebdriverSite29fvs\")])[2]"}
RESULT: {"using":"xpath","value":"(//span[contains(text(), \"WebdriverSite29fvs\")])[2]"}
COMMAND: POST /session/7b3a28ffc0c0cac2784ec2f305c087be/element - {"using":"xpath","value":"(//span[contains(text(), \"WebdriverSite29fvs\")])[2]"}
RESULT: {"using":"xpath","value":"(//span[contains(text(), \"WebdriverSite29fvs\")])[2]"}
COMMAND: POST /session/7b3a28ffc0c0cac2784ec2f305c087be/element - {"using":"xpath","value":"(//span[contains(text(), \"WebdriverSite29fvs\")])[2]"}
RESULT: {"using":"xpath","value":"(//span[contains(text(), \"WebdriverSite29fvs\")])[2]"}
COMMAND: POST /session/7b3a28ffc0c0cac2784ec2f305c087be/element - {"using":"xpath","value":"(//span[contains(text(), \"WebdriverSite29fvs\")])[2]"}
COMMAND: POST /session/7b3a28ffc0c0cac2784ec2f305c087be/execute/sync - {"script":"<script> [8489 bytes]","args":[{"element-6066-11e4-a52e-4f735466cecf":"f.29D1ABB2B85C1BCF108638C002AFC1F1.d.D33BAA41627FAE5F65C1716F97EC5311.e.4999","ELEMENT":"f.29D1ABB2B85C1BCF108638C002AFC1F1.d.D33BAA41627FAE5F65C1716F97EC5311.e.4999"}]}
RESULT: {"using":"xpath","value":"(//span[contains(text(), \"WebdriverSite29fvs\")])[2]"}
RESULT: {"script":"<script> [8489 bytes]","args":[{"element-6066-11e4-a52e-4f735466cecf":"f.29D1ABB2B85C1BCF108638C002AFC1F1.d.D33BAA41627FAE5F65C1716F97EC5311.e.4999","ELEMENT":"f.29D1ABB2B85C1BCF108638C002AFC1F1.d.D33BAA41627FAE5F65C1716F97EC5311.e.4999"}]}
COMMAND: POST /session/7b3a28ffc0c0cac2784ec2f305c087be/execute/sync - {"script":"<script> [5351 bytes]","args":[{"element-6066-11e4-a52e-4f735466cecf":"f.29D1ABB2B85C1BCF108638C002AFC1F1.d.D33BAA41627FAE5F65C1716F97EC5311.e.4999","ELEMENT":"f.29D1ABB2B85C1BCF108638C002AFC1F1.d.D33BAA41627FAE5F65C1716F97EC5311.e.4999"}]}
RESULT: {"script":"<script> [5351 bytes]","args":[{"element-6066-11e4-a52e-4f735466cecf":"f.29D1ABB2B85C1BCF108638C002AFC1F1.d.D33BAA41627FAE5F65C1716F97EC5311.e.4999","ELEMENT":"f.29D1ABB2B85C1BCF108638C002AFC1F1.d.D33BAA41627FAE5F65C1716F97EC5311.e.4999"}]}
COMMAND: POST /session/7b3a28ffc0c0cac2784ec2f305c087be/element - {"using":"xpath","value":"//*[contains(@data-kt ,\"webshopDetailSiteLink\")]"}
COMMAND: GET /session/7b3a28ffc0c0cac2784ec2f305c087be/screenshot - {}
COMMAND: GET /session/7b3a28ffc0c0cac2784ec2f305c087be/screenshot - {}
RESULT: {"using":"xpath","value":"//*[contains(@data-kt ,\"webshopDetailSiteLink\")]"}
COMMAND: POST /session/7b3a28ffc0c0cac2784ec2f305c087be/element/f.29D1ABB2B85C1BCF108638C002AFC1F1.d.D33BAA41627FAE5F65C1716F97EC5311.e.4999/click - {}
RESULT: {}
RESULT: {}
COMMAND: POST /session/7b3a28ffc0c0cac2784ec2f305c087be/element - {"using":"xpath","value":"(//span[contains(text(), \"WebdriverSite29fvs\")])[2]"}
RESULT: {}
COMMAND: GET /session/7b3a28ffc0c0cac2784ec2f305c087be/screenshot - {}
RESULT: {"using":"xpath","value":"(//span[contains(text(), \"WebdriverSite29fvs\")])[2]"}
COMMAND: POST /session/7b3a28ffc0c0cac2784ec2f305c087be/execute/sync - {"script":"<script> [8489 bytes]","args":[{"element-6066-11e4-a52e-4f735466cecf":"f.29D1ABB2B85C1BCF108638C002AFC1F1.d.D33BAA41627FAE5F65C1716F97EC5311.e.5273","ELEMENT":"f.29D1ABB2B85C1BCF108638C002AFC1F1.d.D33BAA41627FAE5F65C1716F97EC5311.e.5273"}]}
RESULT: {}
RESULT: {"script":"<script> [8489 bytes]","args":[{"element-6066-11e4-a52e-4f735466cecf":"f.29D1ABB2B85C1BCF108638C002AFC1F1.d.D33BAA41627FAE5F65C1716F97EC5311.e.5273","ELEMENT":"f.29D1ABB2B85C1BCF108638C002AFC1F1.d.D33BAA41627FAE5F65C1716F97EC5311.e.5273"}]}
COMMAND: GET /session/7b3a28ffc0c0cac2784ec2f305c087be/screenshot - {}
RESULT: {}
COMMAND: POST /session/7b3a28ffc0c0cac2784ec2f305c087be/element - {"using":"xpath","value":"(//button[contains(@data-kt ,\"ContextMenuExternalId3Link\")])[2]"}
RESULT: {"using":"xpath","value":"(//button[contains(@data-kt ,\"ContextMenuExternalId3Link\")])[2]"}
COMMAND: POST /session/7b3a28ffc0c0cac2784ec2f305c087be/element/f.29D1ABB2B85C1BCF108638C002AFC1F1.d.D33BAA41627FAE5F65C1716F97EC5311.e.5274/click - {}
RESULT: {}
COMMAND: GET /session/7b3a28ffc0c0cac2784ec2f305c087be/screenshot - {}
RESULT: {}
COMMAND: GET /session/7b3a28ffc0c0cac2784ec2f305c087be/window/handles - {}
RESULT: {}
COMMAND: POST /session/7b3a28ffc0c0cac2784ec2f305c087be/window - {"handle":"6A5CFCA1B1914A4F0E6DFD3498144366"}
RESULT: {"handle":"6A5CFCA1B1914A4F0E6DFD3498144366"}
COMMAND: GET /session/7b3a28ffc0c0cac2784ec2f305c087be/url - {}
RESULT: {}
COMMAND: GET /session/7b3a28ffc0c0cac2784ec2f305c087be/screenshot - {}
COMMAND: POST /session/7b3a28ffc0c0cac2784ec2f305c087be/execute/sync - {"script":"<script> [8489 bytes]","args":[{"element-6066-11e4-a52e-4f735466cecf":"f.29D1ABB2B85C1BCF108638C002AFC1F1.d.D33BAA41627FAE5F65C1716F97EC5311.e.4867","ELEMENT":"f.29D1ABB2B85C1BCF108638C002AFC1F1.d.D33BAA41627FAE5F65C1716F97EC5311.e.4867"}]}
RESULT: {}
RESULT: {"script":"<script> [8489 bytes]","args":[{"element-6066-11e4-a52e-4f735466cecf":"f.29D1ABB2B85C1BCF108638C002AFC1F1.d.D33BAA41627FAE5F65C1716F97EC5311.e.4867","ELEMENT":"f.29D1ABB2B85C1BCF108638C002AFC1F1.d.D33BAA41627FAE5F65C1716F97EC5311.e.4867"}]}
COMMAND: GET /session/7b3a28ffc0c0cac2784ec2f305c087be/screenshot - {}
RESULT: {}
COMMAND: POST /session/7b3a28ffc0c0cac2784ec2f305c087be/execute/sync - {"script":"<script> [8489 bytes]","args":[{"element-6066-11e4-a52e-4f735466cecf":"f.29D1ABB2B85C1BCF108638C002AFC1F1.d.D33BAA41627FAE5F65C1716F97EC5311.e.4867","ELEMENT":"f.29D1ABB2B85C1BCF108638C002AFC1F1.d.D33BAA41627FAE5F65C1716F97EC5311.e.4867"}]}
RESULT: {"script":"<script> [8489 bytes]","args":[{"element-6066-11e4-a52e-4f735466cecf":"f.29D1ABB2B85C1BCF108638C002AFC1F1.d.D33BAA41627FAE5F65C1716F97EC5311.e.4867","ELEMENT":"f.29D1ABB2B85C1BCF108638C002AFC1F1.d.D33BAA41627FAE5F65C1716F97EC5311.e.4867"}]}
COMMAND: GET /session/7b3a28ffc0c0cac2784ec2f305c087be/screenshot - {}
RESULT: {}
COMMAND: POST /session/7b3a28ffc0c0cac2784ec2f305c087be/execute/sync - {"script":"<script> [8489 bytes]","args":[{"element-6066-11e4-a52e-4f735466cecf":"f.29D1ABB2B85C1BCF108638C002AFC1F1.d.D33BAA41627FAE5F65C1716F97EC5311.e.4867","ELEMENT":"f.29D1ABB2B85C1BCF108638C002AFC1F1.d.D33BAA41627FAE5F65C1716F97EC5311.e.4867"}]}
RESULT: {"script":"<script> [8489 bytes]","args":[{"element-6066-11e4-a52e-4f735466cecf":"f.29D1ABB2B85C1BCF108638C002AFC1F1.d.D33BAA41627FAE5F65C1716F97EC5311.e.4867","ELEMENT":"f.29D1ABB2B85C1BCF108638C002AFC1F1.d.D33BAA41627FAE5F65C1716F97EC5311.e.4867"}]}
COMMAND: GET /session/7b3a28ffc0c0cac2784ec2f305c087be/screenshot - {}
RESULT: {}
COMMAND: POST /session/7b3a28ffc0c0cac2784ec2f305c087be/execute/sync - {"script":"<script> [8489 bytes]","args":[{"element-6066-11e4-a52e-4f735466cecf":"f.29D1ABB2B85C1BCF108638C002AFC1F1.d.D33BAA41627FAE5F65C1716F97EC5311.e.4867","ELEMENT":"f.29D1ABB2B85C1BCF108638C002AFC1F1.d.D33BAA41627FAE5F65C1716F97EC5311.e.4867"}]}
RESULT: {"script":"<script> [8489 bytes]","args":[{"element-6066-11e4-a52e-4f735466cecf":"f.29D1ABB2B85C1BCF108638C002AFC1F1.d.D33BAA41627FAE5F65C1716F97EC5311.e.4867","ELEMENT":"f.29D1ABB2B85C1BCF108638C002AFC1F1.d.D33BAA41627FAE5F65C1716F97EC5311.e.4867"}]}
COMMAND: GET /session/7b3a28ffc0c0cac2784ec2f305c087be/screenshot - {}
RESULT: {}
COMMAND: POST /session/7b3a28ffc0c0cac2784ec2f305c087be/execute/sync - {"script":"<script> [8489 bytes]","args":[{"element-6066-11e4-a52e-4f735466cecf":"f.29D1ABB2B85C1BCF108638C002AFC1F1.d.D33BAA41627FAE5F65C1716F97EC5311.e.4867","ELEMENT":"f.29D1ABB2B85C1BCF108638C002AFC1F1.d.D33BAA41627FAE5F65C1716F97EC5311.e.4867"}]}
RESULT: {"script":"<script> [8489 bytes]","args":[{"element-6066-11e4-a52e-4f735466cecf":"f.29D1ABB2B85C1BCF108638C002AFC1F1.d.D33BAA41627FAE5F65C1716F97EC5311.e.4867","ELEMENT":"f.29D1ABB2B85C1BCF108638C002AFC1F1.d.D33BAA41627FAE5F65C1716F97EC5311.e.4867"}]}
COMMAND: GET /session/7b3a28ffc0c0cac2784ec2f305c087be/screenshot - {}
RESULT: {}
COMMAND: POST /session/7b3a28ffc0c0cac2784ec2f305c087be/execute/sync - {"script":"<script> [8489 bytes]","args":[{"element-6066-11e4-a52e-4f735466cecf":"f.29D1ABB2B85C1BCF108638C002AFC1F1.d.D33BAA41627FAE5F65C1716F97EC5311.e.4867","ELEMENT":"f.29D1ABB2B85C1BCF108638C002AFC1F1.d.D33BAA41627FAE5F65C1716F97EC5311.e.4867"}]}
RESULT: {"script":"<script> [8489 bytes]","args":[{"element-6066-11e4-a52e-4f735466cecf":"f.29D1ABB2B85C1BCF108638C002AFC1F1.d.D33BAA41627FAE5F65C1716F97EC5311.e.4867","ELEMENT":"f.29D1ABB2B85C1BCF108638C002AFC1F1.d.D33BAA41627FAE5F65C1716F97EC5311.e.4867"}]}
COMMAND: GET /session/7b3a28ffc0c0cac2784ec2f305c087be/screenshot - {}
RESULT: {}
COMMAND: POST /session/7b3a28ffc0c0cac2784ec2f305c087be/execute/sync - {"script":"<script> [8489 bytes]","args":[{"element-6066-11e4-a52e-4f735466cecf":"f.29D1ABB2B85C1BCF108638C002AFC1F1.d.D33BAA41627FAE5F65C1716F97EC5311.e.4867","ELEMENT":"f.29D1ABB2B85C1BCF108638C002AFC1F1.d.D33BAA41627FAE5F65C1716F97EC5311.e.4867"}]}
COMMAND: DELETE /session/7b3a28ffc0c0cac2784ec2f305c087be/window - {}
RESULT: {"script":"<script> [8489 bytes]","args":[{"element-6066-11e4-a52e-4f735466cecf":"f.29D1ABB2B85C1BCF108638C002AFC1F1.d.D33BAA41627FAE5F65C1716F97EC5311.e.4867","ELEMENT":"f.29D1ABB2B85C1BCF108638C002AFC1F1.d.D33BAA41627FAE5F65C1716F97EC5311.e.4867"}]}
COMMAND: GET /session/7b3a28ffc0c0cac2784ec2f305c087be/screenshot - {}
RESULT: {}
COMMAND: POST /session/7b3a28ffc0c0cac2784ec2f305c087be/window - {"handle":"29D1ABB2B85C1BCF108638C002AFC1F1"}
RESULT: {"handle":"29D1ABB2B85C1BCF108638C002AFC1F1"}
COMMAND: GET /session/7b3a28ffc0c0cac2784ec2f305c087be/url - {}
COMMAND: POST /session/7b3a28ffc0c0cac2784ec2f305c087be/execute/sync - {"script":"<script> [8489 bytes]","args":[{"element-6066-11e4-a52e-4f735466cecf":"f.29D1ABB2B85C1BCF108638C002AFC1F1.d.D33BAA41627FAE5F65C1716F97EC5311.e.4867","ELEMENT":"f.29D1ABB2B85C1BCF108638C002AFC1F1.d.D33BAA41627FAE5F65C1716F97EC5311.e.4867"}]}
RESULT: {}
RESULT: {}
COMMAND: GET /session/7b3a28ffc0c0cac2784ec2f305c087be/screenshot - {}
COMMAND: POST /session/7b3a28ffc0c0cac2784ec2f305c087be/element - {"using":"xpath","value":"//span[contains(@id ,\"application-addressmanagement-display-component---detailAdm--addressDetailDetailsName1\")][contains(text(), \"WebdriverSite29fvs\")]"}
RESULT: {}
RESULT: {"using":"xpath","value":"//span[contains(@id ,\"application-addressmanagement-display-component---detailAdm--addressDetailDetailsName1\")][contains(text(), \"WebdriverSite29fvs\")]"}
COMMAND: POST /session/7b3a28ffc0c0cac2784ec2f305c087be/element - {"using":"xpath","value":"//span[contains(@id ,\"application-addressmanagement-display-component---detailAdm--addressDetailDetailsName1\")][contains(text(), \"WebdriverSite29fvs\")]"}
RESULT: {"using":"xpath","value":"//span[contains(@id ,\"application-addressmanagement-display-component---detailAdm--addressDetailDetailsName1\")][contains(text(), \"WebdriverSite29fvs\")]"}
COMMAND: POST /session/7b3a28ffc0c0cac2784ec2f305c087be/element - {"using":"xpath","value":"//span[contains(@id ,\"application-addressmanagement-display-component---detailAdm--addressDetailDetailsName1\")][contains(text(), \"WebdriverSite29fvs\")]"}
RESULT: {"using":"xpath","value":"//span[contains(@id ,\"application-addressmanagement-display-component---detailAdm--addressDetailDetailsName1\")][contains(text(), \"WebdriverSite29fvs\")]"}
COMMAND: POST /session/7b3a28ffc0c0cac2784ec2f305c087be/element - {"using":"xpath","value":"//span[contains(@id ,\"application-addressmanagement-display-component---detailAdm--addressDetailDetailsName1\")][contains(text(), \"WebdriverSite29fvs\")]"}
RESULT: {"using":"xpath","value":"//span[contains(@id ,\"application-addressmanagement-display-component---detailAdm--addressDetailDetailsName1\")][contains(text(), \"WebdriverSite29fvs\")]"}
COMMAND: POST /session/7b3a28ffc0c0cac2784ec2f305c087be/element - {"using":"xpath","value":"//span[contains(@id ,\"application-addressmanagement-display-component---detailAdm--addressDetailDetailsName1\")][contains(text(), \"WebdriverSite29fvs\")]"}
RESULT: {"using":"xpath","value":"//span[contains(@id ,\"application-addressmanagement-display-component---detailAdm--addressDetailDetailsName1\")][contains(text(), \"WebdriverSite29fvs\")]"}
COMMAND: POST /session/7b3a28ffc0c0cac2784ec2f305c087be/element - {"using":"xpath","value":"//span[contains(@id ,\"application-addressmanagement-display-component---detailAdm--addressDetailDetailsName1\")][contains(text(), \"WebdriverSite29fvs\")]"}
RESULT: {"using":"xpath","value":"//span[contains(@id ,\"application-addressmanagement-display-component---detailAdm--addressDetailDetailsName1\")][contains(text(), \"WebdriverSite29fvs\")]"}
COMMAND: POST /session/7b3a28ffc0c0cac2784ec2f305c087be/element - {"using":"xpath","value":"//span[contains(@id ,\"application-addressmanagement-display-component---detailAdm--addressDetailDetailsName1\")][contains(text(), \"WebdriverSite29fvs\")]"}
RESULT: {"using":"xpath","value":"//span[contains(@id ,\"application-addressmanagement-display-component---detailAdm--addressDetailDetailsName1\")][contains(text(), \"WebdriverSite29fvs\")]"}
COMMAND: POST /session/7b3a28ffc0c0cac2784ec2f305c087be/element - {"using":"xpath","value":"//span[contains(@id ,\"application-addressmanagement-display-component---detailAdm--addressDetailDetailsName1\")][contains(text(), \"WebdriverSite29fvs\")]"}
RESULT: {"using":"xpath","value":"//span[contains(@id ,\"application-addressmanagement-display-component---detailAdm--addressDetailDetailsName1\")][contains(text(), \"WebdriverSite29fvs\")]"}
COMMAND: POST /session/7b3a28ffc0c0cac2784ec2f305c087be/element - {"using":"xpath","value":"//span[contains(@id ,\"application-addressmanagement-display-component---detailAdm--addressDetailDetailsName1\")][contains(text(), \"WebdriverSite29fvs\")]"}
RESULT: {"using":"xpath","value":"//span[contains(@id ,\"application-addressmanagement-display-component---detailAdm--addressDetailDetailsName1\")][contains(text(), \"WebdriverSite29fvs\")]"}
]]></system-out>
    </testcase>
  </testsuite>
  <testsuite timestamp="2025-05-26T16:23:17" time="252.216" tests="2" failures="0" errors="0" skipped="0">
    <properties>
      <property name="specId" value="0"/>
      <property name="suiteName" value="Webshop - Hyperlinks visible and working properly  US139085"/>
      <property name="capabilities" value="chrome.136_0_7103_93.windows"/>
      <property name="file" value="file:///D:/a/1/s/test/specs/R2C/webshop-hyperlinks-partner-address-contract-item.spec.js"/>
    </properties>
    <testcase classname="chrome.136_0_7103_93.windows.Webshop_-_Hyperlinks_visible_and_working_properly__US139085" name="Should verify the customer and address hyperlinks" time="144.598">
      <system-out><![CDATA[
COMMAND: POST /session/7b3a28ffc0c0cac2784ec2f305c087be/element - {"using":"xpath","value":"//*[contains(@data-kt ,\"webshopDetailAddressLink\")]"}
RESULT: {"using":"xpath","value":"//*[contains(@data-kt ,\"webshopDetailAddressLink\")]"}
COMMAND: POST /session/7b3a28ffc0c0cac2784ec2f305c087be/execute/sync - {"script":"<script> [8489 bytes]","args":[{"element-6066-11e4-a52e-4f735466cecf":"f.29D1ABB2B85C1BCF108638C002AFC1F1.d.D33BAA41627FAE5F65C1716F97EC5311.e.5517","ELEMENT":"f.29D1ABB2B85C1BCF108638C002AFC1F1.d.D33BAA41627FAE5F65C1716F97EC5311.e.5517"}]}
RESULT: {"script":"<script> [8489 bytes]","args":[{"element-6066-11e4-a52e-4f735466cecf":"f.29D1ABB2B85C1BCF108638C002AFC1F1.d.D33BAA41627FAE5F65C1716F97EC5311.e.5517","ELEMENT":"f.29D1ABB2B85C1BCF108638C002AFC1F1.d.D33BAA41627FAE5F65C1716F97EC5311.e.5517"}]}
COMMAND: POST /session/7b3a28ffc0c0cac2784ec2f305c087be/execute/sync - {"script":"<script> [5351 bytes]","args":[{"element-6066-11e4-a52e-4f735466cecf":"f.29D1ABB2B85C1BCF108638C002AFC1F1.d.D33BAA41627FAE5F65C1716F97EC5311.e.5517","ELEMENT":"f.29D1ABB2B85C1BCF108638C002AFC1F1.d.D33BAA41627FAE5F65C1716F97EC5311.e.5517"}]}
COMMAND: GET /session/7b3a28ffc0c0cac2784ec2f305c087be/screenshot - {}
RESULT: {"script":"<script> [5351 bytes]","args":[{"element-6066-11e4-a52e-4f735466cecf":"f.29D1ABB2B85C1BCF108638C002AFC1F1.d.D33BAA41627FAE5F65C1716F97EC5311.e.5517","ELEMENT":"f.29D1ABB2B85C1BCF108638C002AFC1F1.d.D33BAA41627FAE5F65C1716F97EC5311.e.5517"}]}
COMMAND: GET /session/7b3a28ffc0c0cac2784ec2f305c087be/screenshot - {}
COMMAND: POST /session/7b3a28ffc0c0cac2784ec2f305c087be/element - {"using":"xpath","value":"//span[contains(@id ,\"application-addressmanagement-display-component---detailAdm--addressDetailDetailsName1\")][contains(text(), \"WebdriverSite29fvs\")]"}
RESULT: {}
RESULT: {}
RESULT: {"using":"xpath","value":"//span[contains(@id ,\"application-addressmanagement-display-component---detailAdm--addressDetailDetailsName1\")][contains(text(), \"WebdriverSite29fvs\")]"}
COMMAND: POST /session/7b3a28ffc0c0cac2784ec2f305c087be/element - {"using":"xpath","value":"//span[contains(@id ,\"application-addressmanagement-display-component---detailAdm--addressDetailDetailsName1\")][contains(text(), \"WebdriverSite29fvs\")]"}
RESULT: {"using":"xpath","value":"//span[contains(@id ,\"application-addressmanagement-display-component---detailAdm--addressDetailDetailsName1\")][contains(text(), \"WebdriverSite29fvs\")]"}
COMMAND: POST /session/7b3a28ffc0c0cac2784ec2f305c087be/element - {"using":"xpath","value":"//span[contains(@id ,\"application-addressmanagement-display-component---detailAdm--addressDetailDetailsName1\")][contains(text(), \"WebdriverSite29fvs\")]"}
RESULT: {"using":"xpath","value":"//span[contains(@id ,\"application-addressmanagement-display-component---detailAdm--addressDetailDetailsName1\")][contains(text(), \"WebdriverSite29fvs\")]"}
COMMAND: POST /session/7b3a28ffc0c0cac2784ec2f305c087be/element - {"using":"xpath","value":"//span[contains(@id ,\"application-addressmanagement-display-component---detailAdm--addressDetailDetailsName1\")][contains(text(), \"WebdriverSite29fvs\")]"}
RESULT: {"using":"xpath","value":"//span[contains(@id ,\"application-addressmanagement-display-component---detailAdm--addressDetailDetailsName1\")][contains(text(), \"WebdriverSite29fvs\")]"}
COMMAND: POST /session/7b3a28ffc0c0cac2784ec2f305c087be/element - {"using":"xpath","value":"//span[contains(@id ,\"application-addressmanagement-display-component---detailAdm--addressDetailDetailsName1\")][contains(text(), \"WebdriverSite29fvs\")]"}
RESULT: {"using":"xpath","value":"//span[contains(@id ,\"application-addressmanagement-display-component---detailAdm--addressDetailDetailsName1\")][contains(text(), \"WebdriverSite29fvs\")]"}
COMMAND: POST /session/7b3a28ffc0c0cac2784ec2f305c087be/element - {"using":"xpath","value":"//span[contains(@id ,\"application-addressmanagement-display-component---detailAdm--addressDetailDetailsName1\")][contains(text(), \"WebdriverSite29fvs\")]"}
RESULT: {"using":"xpath","value":"//span[contains(@id ,\"application-addressmanagement-display-component---detailAdm--addressDetailDetailsName1\")][contains(text(), \"WebdriverSite29fvs\")]"}
COMMAND: POST /session/7b3a28ffc0c0cac2784ec2f305c087be/element - {"using":"xpath","value":"//span[contains(@id ,\"application-addressmanagement-display-component---detailAdm--addressDetailDetailsName1\")][contains(text(), \"WebdriverSite29fvs\")]"}
RESULT: {"using":"xpath","value":"//span[contains(@id ,\"application-addressmanagement-display-component---detailAdm--addressDetailDetailsName1\")][contains(text(), \"WebdriverSite29fvs\")]"}
COMMAND: POST /session/7b3a28ffc0c0cac2784ec2f305c087be/element - {"using":"xpath","value":"//span[contains(@id ,\"application-addressmanagement-display-component---detailAdm--addressDetailDetailsName1\")][contains(text(), \"WebdriverSite29fvs\")]"}
RESULT: {"using":"xpath","value":"//span[contains(@id ,\"application-addressmanagement-display-component---detailAdm--addressDetailDetailsName1\")][contains(text(), \"WebdriverSite29fvs\")]"}
COMMAND: POST /session/7b3a28ffc0c0cac2784ec2f305c087be/element - {"using":"xpath","value":"//span[contains(@id ,\"application-addressmanagement-display-component---detailAdm--addressDetailDetailsName1\")][contains(text(), \"WebdriverSite29fvs\")]"}
COMMAND: POST /session/7b3a28ffc0c0cac2784ec2f305c087be/element - {"using":"xpath","value":"//*[contains(@data-kt ,\"webshopDetailAddressLink\")]"}
RESULT: {"using":"xpath","value":"//span[contains(@id ,\"application-addressmanagement-display-component---detailAdm--addressDetailDetailsName1\")][contains(text(), \"WebdriverSite29fvs\")]"}
RESULT: {"using":"xpath","value":"//*[contains(@data-kt ,\"webshopDetailAddressLink\")]"}
COMMAND: POST /session/7b3a28ffc0c0cac2784ec2f305c087be/element/f.29D1ABB2B85C1BCF108638C002AFC1F1.d.D33BAA41627FAE5F65C1716F97EC5311.e.5517/click - {}
RESULT: {}
COMMAND: GET /session/7b3a28ffc0c0cac2784ec2f305c087be/screenshot - {}
RESULT: {}
COMMAND: POST /session/7b3a28ffc0c0cac2784ec2f305c087be/element - {"using":"xpath","value":"//span[contains(@id ,\"application-addressmanagement-display-component---detailAdm--addressDetailDetailsName1\")][contains(text(), \"WebdriverSite29fvs\")]"}
RESULT: {"using":"xpath","value":"//span[contains(@id ,\"application-addressmanagement-display-component---detailAdm--addressDetailDetailsName1\")][contains(text(), \"WebdriverSite29fvs\")]"}
COMMAND: POST /session/7b3a28ffc0c0cac2784ec2f305c087be/element - {"using":"xpath","value":"//span[contains(@id ,\"application-addressmanagement-display-component---detailAdm--addressDetailDetailsName1\")][contains(text(), \"WebdriverSite29fvs\")]"}
RESULT: {"using":"xpath","value":"//span[contains(@id ,\"application-addressmanagement-display-component---detailAdm--addressDetailDetailsName1\")][contains(text(), \"WebdriverSite29fvs\")]"}
COMMAND: POST /session/7b3a28ffc0c0cac2784ec2f305c087be/element - {"using":"xpath","value":"//span[contains(@id ,\"application-addressmanagement-display-component---detailAdm--addressDetailDetailsName1\")][contains(text(), \"WebdriverSite29fvs\")]"}
RESULT: {"using":"xpath","value":"//span[contains(@id ,\"application-addressmanagement-display-component---detailAdm--addressDetailDetailsName1\")][contains(text(), \"WebdriverSite29fvs\")]"}
COMMAND: POST /session/7b3a28ffc0c0cac2784ec2f305c087be/element - {"using":"xpath","value":"//span[contains(@id ,\"application-addressmanagement-display-component---detailAdm--addressDetailDetailsName1\")][contains(text(), \"WebdriverSite29fvs\")]"}
RESULT: {"using":"xpath","value":"//span[contains(@id ,\"application-addressmanagement-display-component---detailAdm--addressDetailDetailsName1\")][contains(text(), \"WebdriverSite29fvs\")]"}
COMMAND: POST /session/7b3a28ffc0c0cac2784ec2f305c087be/element - {"using":"xpath","value":"//*[contains(@data-kt ,\"ContextMenuId2Link\")][contains(text(), \"Address Overview\")]"}
RESULT: {"using":"xpath","value":"//*[contains(@data-kt ,\"ContextMenuId2Link\")][contains(text(), \"Address Overview\")]"}
COMMAND: POST /session/7b3a28ffc0c0cac2784ec2f305c087be/execute/sync - {"script":"<script> [8489 bytes]","args":[{"element-6066-11e4-a52e-4f735466cecf":"f.29D1ABB2B85C1BCF108638C002AFC1F1.d.D33BAA41627FAE5F65C1716F97EC5311.e.5519","ELEMENT":"f.29D1ABB2B85C1BCF108638C002AFC1F1.d.D33BAA41627FAE5F65C1716F97EC5311.e.5519"}]}
COMMAND: POST /session/7b3a28ffc0c0cac2784ec2f305c087be/element - {"using":"xpath","value":"//*[contains(@data-kt ,\"ContextMenuId2Link\")][contains(text(), \"Address Overview\")]"}
RESULT: {"using":"xpath","value":"//*[contains(@data-kt ,\"ContextMenuId2Link\")][contains(text(), \"Address Overview\")]"}
COMMAND: POST /session/7b3a28ffc0c0cac2784ec2f305c087be/element/f.29D1ABB2B85C1BCF108638C002AFC1F1.d.D33BAA41627FAE5F65C1716F97EC5311.e.5519/click - {}
RESULT: {"script":"<script> [8489 bytes]","args":[{"element-6066-11e4-a52e-4f735466cecf":"f.29D1ABB2B85C1BCF108638C002AFC1F1.d.D33BAA41627FAE5F65C1716F97EC5311.e.5519","ELEMENT":"f.29D1ABB2B85C1BCF108638C002AFC1F1.d.D33BAA41627FAE5F65C1716F97EC5311.e.5519"}]}
COMMAND: GET /session/7b3a28ffc0c0cac2784ec2f305c087be/screenshot - {}
RESULT: {}
COMMAND: GET /session/7b3a28ffc0c0cac2784ec2f305c087be/screenshot - {}
COMMAND: POST /session/7b3a28ffc0c0cac2784ec2f305c087be/element - {"using":"xpath","value":"//span[contains(@id ,\"application-addressmanagement-display-component---detailAdm--addressDetailDetailsName1\")][contains(text(), \"WebdriverSite29fvs\")]"}
RESULT: {}
RESULT: {}
RESULT: {"using":"xpath","value":"//span[contains(@id ,\"application-addressmanagement-display-component---detailAdm--addressDetailDetailsName1\")][contains(text(), \"WebdriverSite29fvs\")]"}
COMMAND: POST /session/7b3a28ffc0c0cac2784ec2f305c087be/execute/sync - {"script":"<script> [8489 bytes]","args":[{"element-6066-11e4-a52e-4f735466cecf":"f.29D1ABB2B85C1BCF108638C002AFC1F1.d.D33BAA41627FAE5F65C1716F97EC5311.e.5776","ELEMENT":"f.29D1ABB2B85C1BCF108638C002AFC1F1.d.D33BAA41627FAE5F65C1716F97EC5311.e.5776"}]}
RESULT: {"script":"<script> [8489 bytes]","args":[{"element-6066-11e4-a52e-4f735466cecf":"f.29D1ABB2B85C1BCF108638C002AFC1F1.d.D33BAA41627FAE5F65C1716F97EC5311.e.5776","ELEMENT":"f.29D1ABB2B85C1BCF108638C002AFC1F1.d.D33BAA41627FAE5F65C1716F97EC5311.e.5776"}]}
COMMAND: GET /session/7b3a28ffc0c0cac2784ec2f305c087be/screenshot - {}
RESULT: {}
RESULT: undefined
COMMAND: POST /session/7b3a28ffc0c0cac2784ec2f305c087be/execute/async - {"script":"<script> [6424 bytes]","args":[{"element-6066-11e4-a52e-4f735466cecf":"f.29D1ABB2B85C1BCF108638C002AFC1F1.d.D33BAA41627FAE5F65C1716F97EC5311.e.3216"},"getTitle",[]]}
COMMAND: POST /session/7b3a28ffc0c0cac2784ec2f305c087be/execute/async - {"script":"<script> [1562 bytes]","args":[{"selector":{"id":"shellAppTitle"},"wdio_ui5_key":"shellAppTitle"}]}
RESULT: {"script":"<script> [1562 bytes]","args":[{"selector":{"id":"shellAppTitle"},"wdio_ui5_key":"shellAppTitle"}]}
COMMAND: POST /session/7b3a28ffc0c0cac2784ec2f305c087be/execute/async - {"script":"<script> [6424 bytes]","args":[{"element-6066-11e4-a52e-4f735466cecf":"f.29D1ABB2B85C1BCF108638C002AFC1F1.d.D33BAA41627FAE5F65C1716F97EC5311.e.5779"},"getTitle",[]]}
RESULT: {"script":"<script> [6424 bytes]","args":[{"element-6066-11e4-a52e-4f735466cecf":"f.29D1ABB2B85C1BCF108638C002AFC1F1.d.D33BAA41627FAE5F65C1716F97EC5311.e.5779"},"getTitle",[]]}
COMMAND: POST /session/7b3a28ffc0c0cac2784ec2f305c087be/element - {"using":"xpath","value":"//span[contains(@id ,\"application-addressmanagement-display-component---detailAdm--addressDetailDetailsName1\")][contains(text(), \"WebdriverSite29fvs\")]"}
RESULT: {"using":"xpath","value":"//span[contains(@id ,\"application-addressmanagement-display-component---detailAdm--addressDetailDetailsName1\")][contains(text(), \"WebdriverSite29fvs\")]"}
COMMAND: POST /session/7b3a28ffc0c0cac2784ec2f305c087be/execute/sync - {"script":"<script> [8489 bytes]","args":[{"element-6066-11e4-a52e-4f735466cecf":"f.29D1ABB2B85C1BCF108638C002AFC1F1.d.D33BAA41627FAE5F65C1716F97EC5311.e.5776","ELEMENT":"f.29D1ABB2B85C1BCF108638C002AFC1F1.d.D33BAA41627FAE5F65C1716F97EC5311.e.5776"}]}
RESULT: undefined
COMMAND: POST /session/7b3a28ffc0c0cac2784ec2f305c087be/element - {"using":"xpath","value":"//*[@id=\"backBtn\"]"}
RESULT: {"using":"xpath","value":"//*[@id=\"backBtn\"]"}
COMMAND: POST /session/7b3a28ffc0c0cac2784ec2f305c087be/element/f.29D1ABB2B85C1BCF108638C002AFC1F1.d.D33BAA41627FAE5F65C1716F97EC5311.e.3218/click - {}
RESULT: {"script":"<script> [8489 bytes]","args":[{"element-6066-11e4-a52e-4f735466cecf":"f.29D1ABB2B85C1BCF108638C002AFC1F1.d.D33BAA41627FAE5F65C1716F97EC5311.e.5776","ELEMENT":"f.29D1ABB2B85C1BCF108638C002AFC1F1.d.D33BAA41627FAE5F65C1716F97EC5311.e.5776"}]}
COMMAND: GET /session/7b3a28ffc0c0cac2784ec2f305c087be/screenshot - {}
RESULT: {}
COMMAND: GET /session/7b3a28ffc0c0cac2784ec2f305c087be/screenshot - {}
RESULT: {}
RESULT: {}
COMMAND: POST /session/7b3a28ffc0c0cac2784ec2f305c087be/execute/sync - {"script":"<script> [8489 bytes]","args":[{"element-6066-11e4-a52e-4f735466cecf":"f.29D1ABB2B85C1BCF108638C002AFC1F1.d.D33BAA41627FAE5F65C1716F97EC5311.e.5517","ELEMENT":"f.29D1ABB2B85C1BCF108638C002AFC1F1.d.D33BAA41627FAE5F65C1716F97EC5311.e.5517"}]}
COMMAND: POST /session/7b3a28ffc0c0cac2784ec2f305c087be/element - {"using":"xpath","value":"//*[contains(@data-kt ,\"webshopDetailAddressLink\")]"}
RESULT: {"using":"xpath","value":"//*[contains(@data-kt ,\"webshopDetailAddressLink\")]"}
COMMAND: POST /session/7b3a28ffc0c0cac2784ec2f305c087be/execute/sync - {"script":"<script> [8489 bytes]","args":[{"element-6066-11e4-a52e-4f735466cecf":"f.29D1ABB2B85C1BCF108638C002AFC1F1.d.D33BAA41627FAE5F65C1716F97EC5311.e.5964","ELEMENT":"f.29D1ABB2B85C1BCF108638C002AFC1F1.d.D33BAA41627FAE5F65C1716F97EC5311.e.5964"}]}
RESULT: {"script":"<script> [8489 bytes]","args":[{"element-6066-11e4-a52e-4f735466cecf":"f.29D1ABB2B85C1BCF108638C002AFC1F1.d.D33BAA41627FAE5F65C1716F97EC5311.e.5964","ELEMENT":"f.29D1ABB2B85C1BCF108638C002AFC1F1.d.D33BAA41627FAE5F65C1716F97EC5311.e.5964"}]}
COMMAND: POST /session/7b3a28ffc0c0cac2784ec2f305c087be/execute/sync - {"script":"<script> [5351 bytes]","args":[{"element-6066-11e4-a52e-4f735466cecf":"f.29D1ABB2B85C1BCF108638C002AFC1F1.d.D33BAA41627FAE5F65C1716F97EC5311.e.5964","ELEMENT":"f.29D1ABB2B85C1BCF108638C002AFC1F1.d.D33BAA41627FAE5F65C1716F97EC5311.e.5964"}]}
COMMAND: GET /session/7b3a28ffc0c0cac2784ec2f305c087be/screenshot - {}
RESULT: {"script":"<script> [5351 bytes]","args":[{"element-6066-11e4-a52e-4f735466cecf":"f.29D1ABB2B85C1BCF108638C002AFC1F1.d.D33BAA41627FAE5F65C1716F97EC5311.e.5964","ELEMENT":"f.29D1ABB2B85C1BCF108638C002AFC1F1.d.D33BAA41627FAE5F65C1716F97EC5311.e.5964"}]}
COMMAND: POST /session/7b3a28ffc0c0cac2784ec2f305c087be/element - {"using":"xpath","value":"//*[contains(@data-kt ,\"webshopDetailAddressLink\")]"}
COMMAND: GET /session/7b3a28ffc0c0cac2784ec2f305c087be/screenshot - {}
RESULT: {}
RESULT: {"using":"xpath","value":"//*[contains(@data-kt ,\"webshopDetailAddressLink\")]"}
COMMAND: POST /session/7b3a28ffc0c0cac2784ec2f305c087be/element/f.29D1ABB2B85C1BCF108638C002AFC1F1.d.D33BAA41627FAE5F65C1716F97EC5311.e.5964/click - {}
RESULT: {}
RESULT: {}
COMMAND: GET /session/7b3a28ffc0c0cac2784ec2f305c087be/screenshot - {}
RESULT: {}
COMMAND: POST /session/7b3a28ffc0c0cac2784ec2f305c087be/element - {"using":"xpath","value":"//button[contains(@data-kt ,\"ContextMenuExternalId2Link\")]"}
RESULT: {"using":"xpath","value":"//button[contains(@data-kt ,\"ContextMenuExternalId2Link\")]"}
COMMAND: POST /session/7b3a28ffc0c0cac2784ec2f305c087be/element/f.29D1ABB2B85C1BCF108638C002AFC1F1.d.D33BAA41627FAE5F65C1716F97EC5311.e.5965/click - {}
RESULT: {}
COMMAND: GET /session/7b3a28ffc0c0cac2784ec2f305c087be/screenshot - {}
RESULT: {}
COMMAND: GET /session/7b3a28ffc0c0cac2784ec2f305c087be/window/handles - {}
RESULT: {}
COMMAND: POST /session/7b3a28ffc0c0cac2784ec2f305c087be/window - {"handle":"E0B95D377F939DC85E7B9BDC87D63573"}
RESULT: {"handle":"E0B95D377F939DC85E7B9BDC87D63573"}
COMMAND: GET /session/7b3a28ffc0c0cac2784ec2f305c087be/url - {}
RESULT: {}
COMMAND: GET /session/7b3a28ffc0c0cac2784ec2f305c087be/screenshot - {}
RESULT: {}
COMMAND: POST /session/7b3a28ffc0c0cac2784ec2f305c087be/execute/sync - {"script":"<script> [8489 bytes]","args":[{"element-6066-11e4-a52e-4f735466cecf":"f.29D1ABB2B85C1BCF108638C002AFC1F1.d.D33BAA41627FAE5F65C1716F97EC5311.e.5776","ELEMENT":"f.29D1ABB2B85C1BCF108638C002AFC1F1.d.D33BAA41627FAE5F65C1716F97EC5311.e.5776"}]}
COMMAND: DELETE /session/7b3a28ffc0c0cac2784ec2f305c087be/window - {}
RESULT: {}
COMMAND: POST /session/7b3a28ffc0c0cac2784ec2f305c087be/window - {"handle":"29D1ABB2B85C1BCF108638C002AFC1F1"}
RESULT: {"handle":"29D1ABB2B85C1BCF108638C002AFC1F1"}
COMMAND: GET /session/7b3a28ffc0c0cac2784ec2f305c087be/url - {}
COMMAND: POST /session/7b3a28ffc0c0cac2784ec2f305c087be/element - {"using":"xpath","value":"//span[contains(@id ,\"application-addressmanagement-display-component---detailAdm--addressDetailDetailsName1\")][contains(text(), \"WebdriverSite29fvs\")]"}
RESULT: {}
COMMAND: GET /session/7b3a28ffc0c0cac2784ec2f305c087be/screenshot - {}
RESULT: {"using":"xpath","value":"//span[contains(@id ,\"application-addressmanagement-display-component---detailAdm--addressDetailDetailsName1\")][contains(text(), \"WebdriverSite29fvs\")]"}
COMMAND: POST /session/7b3a28ffc0c0cac2784ec2f305c087be/element - {"using":"xpath","value":"//span[contains(@id ,\"application-addressmanagement-display-component---detailAdm--addressDetailDetailsName1\")][contains(text(), \"WebdriverSite29fvs\")]"}
RESULT: {}
RESULT: {"using":"xpath","value":"//span[contains(@id ,\"application-addressmanagement-display-component---detailAdm--addressDetailDetailsName1\")][contains(text(), \"WebdriverSite29fvs\")]"}
COMMAND: POST /session/7b3a28ffc0c0cac2784ec2f305c087be/element - {"using":"xpath","value":"//span[contains(@id ,\"application-addressmanagement-display-component---detailAdm--addressDetailDetailsName1\")][contains(text(), \"WebdriverSite29fvs\")]"}
RESULT: {"using":"xpath","value":"//span[contains(@id ,\"application-addressmanagement-display-component---detailAdm--addressDetailDetailsName1\")][contains(text(), \"WebdriverSite29fvs\")]"}
COMMAND: POST /session/7b3a28ffc0c0cac2784ec2f305c087be/element - {"using":"xpath","value":"//span[contains(@id ,\"application-addressmanagement-display-component---detailAdm--addressDetailDetailsName1\")][contains(text(), \"WebdriverSite29fvs\")]"}
RESULT: {"using":"xpath","value":"//span[contains(@id ,\"application-addressmanagement-display-component---detailAdm--addressDetailDetailsName1\")][contains(text(), \"WebdriverSite29fvs\")]"}
COMMAND: POST /session/7b3a28ffc0c0cac2784ec2f305c087be/element - {"using":"xpath","value":"//span[contains(@id ,\"application-addressmanagement-display-component---detailAdm--addressDetailDetailsName1\")][contains(text(), \"WebdriverSite29fvs\")]"}
RESULT: {"using":"xpath","value":"//span[contains(@id ,\"application-addressmanagement-display-component---detailAdm--addressDetailDetailsName1\")][contains(text(), \"WebdriverSite29fvs\")]"}
COMMAND: POST /session/7b3a28ffc0c0cac2784ec2f305c087be/element - {"using":"xpath","value":"//span[contains(@id ,\"application-addressmanagement-display-component---detailAdm--addressDetailDetailsName1\")][contains(text(), \"WebdriverSite29fvs\")]"}
RESULT: {"using":"xpath","value":"//span[contains(@id ,\"application-addressmanagement-display-component---detailAdm--addressDetailDetailsName1\")][contains(text(), \"WebdriverSite29fvs\")]"}
COMMAND: POST /session/7b3a28ffc0c0cac2784ec2f305c087be/element - {"using":"xpath","value":"//span[contains(@id ,\"application-addressmanagement-display-component---detailAdm--addressDetailDetailsName1\")][contains(text(), \"WebdriverSite29fvs\")]"}
RESULT: {"using":"xpath","value":"//span[contains(@id ,\"application-addressmanagement-display-component---detailAdm--addressDetailDetailsName1\")][contains(text(), \"WebdriverSite29fvs\")]"}
COMMAND: POST /session/7b3a28ffc0c0cac2784ec2f305c087be/element - {"using":"xpath","value":"//*[contains(@data-kt ,\"webshopDetailCustomerLink\")]"}
RESULT: {"using":"xpath","value":"//*[contains(@data-kt ,\"webshopDetailCustomerLink\")]"}
COMMAND: POST /session/7b3a28ffc0c0cac2784ec2f305c087be/execute/sync - {"script":"<script> [8489 bytes]","args":[{"element-6066-11e4-a52e-4f735466cecf":"f.29D1ABB2B85C1BCF108638C002AFC1F1.d.D33BAA41627FAE5F65C1716F97EC5311.e.6166","ELEMENT":"f.29D1ABB2B85C1BCF108638C002AFC1F1.d.D33BAA41627FAE5F65C1716F97EC5311.e.6166"}]}
RESULT: {"script":"<script> [8489 bytes]","args":[{"element-6066-11e4-a52e-4f735466cecf":"f.29D1ABB2B85C1BCF108638C002AFC1F1.d.D33BAA41627FAE5F65C1716F97EC5311.e.6166","ELEMENT":"f.29D1ABB2B85C1BCF108638C002AFC1F1.d.D33BAA41627FAE5F65C1716F97EC5311.e.6166"}]}
COMMAND: POST /session/7b3a28ffc0c0cac2784ec2f305c087be/execute/sync - {"script":"<script> [5351 bytes]","args":[{"element-6066-11e4-a52e-4f735466cecf":"f.29D1ABB2B85C1BCF108638C002AFC1F1.d.D33BAA41627FAE5F65C1716F97EC5311.e.6166","ELEMENT":"f.29D1ABB2B85C1BCF108638C002AFC1F1.d.D33BAA41627FAE5F65C1716F97EC5311.e.6166"}]}
COMMAND: GET /session/7b3a28ffc0c0cac2784ec2f305c087be/screenshot - {}
RESULT: {"script":"<script> [5351 bytes]","args":[{"element-6066-11e4-a52e-4f735466cecf":"f.29D1ABB2B85C1BCF108638C002AFC1F1.d.D33BAA41627FAE5F65C1716F97EC5311.e.6166","ELEMENT":"f.29D1ABB2B85C1BCF108638C002AFC1F1.d.D33BAA41627FAE5F65C1716F97EC5311.e.6166"}]}
COMMAND: POST /session/7b3a28ffc0c0cac2784ec2f305c087be/element - {"using":"xpath","value":"//*[contains(@data-kt ,\"webshopDetailCustomerLink\")]"}
COMMAND: GET /session/7b3a28ffc0c0cac2784ec2f305c087be/screenshot - {}
RESULT: {}
RESULT: {"using":"xpath","value":"//*[contains(@data-kt ,\"webshopDetailCustomerLink\")]"}
COMMAND: POST /session/7b3a28ffc0c0cac2784ec2f305c087be/element/f.29D1ABB2B85C1BCF108638C002AFC1F1.d.D33BAA41627FAE5F65C1716F97EC5311.e.6166/click - {}
COMMAND: POST /session/7b3a28ffc0c0cac2784ec2f305c087be/element - {"using":"xpath","value":"//span[contains(@id ,\"application-addressmanagement-display-component---detailAdm--addressDetailDetailsName1\")][contains(text(), \"WebdriverSite29fvs\")]"}
RESULT: {}
RESULT: {}
COMMAND: GET /session/7b3a28ffc0c0cac2784ec2f305c087be/screenshot - {}
RESULT: {"using":"xpath","value":"//span[contains(@id ,\"application-addressmanagement-display-component---detailAdm--addressDetailDetailsName1\")][contains(text(), \"WebdriverSite29fvs\")]"}
RESULT: {}
COMMAND: POST /session/7b3a28ffc0c0cac2784ec2f305c087be/element - {"using":"xpath","value":"//span[contains(@id ,\"application-addressmanagement-display-component---detailAdm--addressDetailDetailsName1\")][contains(text(), \"WebdriverSite29fvs\")]"}
RESULT: {"using":"xpath","value":"//span[contains(@id ,\"application-addressmanagement-display-component---detailAdm--addressDetailDetailsName1\")][contains(text(), \"WebdriverSite29fvs\")]"}
COMMAND: POST /session/7b3a28ffc0c0cac2784ec2f305c087be/element - {"using":"xpath","value":"//span[contains(@id ,\"application-addressmanagement-display-component---detailAdm--addressDetailDetailsName1\")][contains(text(), \"WebdriverSite29fvs\")]"}
RESULT: {"using":"xpath","value":"//span[contains(@id ,\"application-addressmanagement-display-component---detailAdm--addressDetailDetailsName1\")][contains(text(), \"WebdriverSite29fvs\")]"}
COMMAND: POST /session/7b3a28ffc0c0cac2784ec2f305c087be/element - {"using":"xpath","value":"//span[contains(@id ,\"application-addressmanagement-display-component---detailAdm--addressDetailDetailsName1\")][contains(text(), \"WebdriverSite29fvs\")]"}
RESULT: {"using":"xpath","value":"//span[contains(@id ,\"application-addressmanagement-display-component---detailAdm--addressDetailDetailsName1\")][contains(text(), \"WebdriverSite29fvs\")]"}
COMMAND: POST /session/7b3a28ffc0c0cac2784ec2f305c087be/element - {"using":"xpath","value":"//*[contains(@data-kt ,\"ContextMenuId2Link\")][contains(text(), \"Partner Overview\")]"}
RESULT: {"using":"xpath","value":"//*[contains(@data-kt ,\"ContextMenuId2Link\")][contains(text(), \"Partner Overview\")]"}
COMMAND: POST /session/7b3a28ffc0c0cac2784ec2f305c087be/execute/sync - {"script":"<script> [8489 bytes]","args":[{"element-6066-11e4-a52e-4f735466cecf":"f.29D1ABB2B85C1BCF108638C002AFC1F1.d.D33BAA41627FAE5F65C1716F97EC5311.e.6168","ELEMENT":"f.29D1ABB2B85C1BCF108638C002AFC1F1.d.D33BAA41627FAE5F65C1716F97EC5311.e.6168"}]}
COMMAND: POST /session/7b3a28ffc0c0cac2784ec2f305c087be/element - {"using":"xpath","value":"//*[contains(@data-kt ,\"ContextMenuId2Link\")][contains(text(), \"Partner Overview\")]"}
RESULT: {"script":"<script> [8489 bytes]","args":[{"element-6066-11e4-a52e-4f735466cecf":"f.29D1ABB2B85C1BCF108638C002AFC1F1.d.D33BAA41627FAE5F65C1716F97EC5311.e.6168","ELEMENT":"f.29D1ABB2B85C1BCF108638C002AFC1F1.d.D33BAA41627FAE5F65C1716F97EC5311.e.6168"}]}
COMMAND: GET /session/7b3a28ffc0c0cac2784ec2f305c087be/screenshot - {}
RESULT: {"using":"xpath","value":"//*[contains(@data-kt ,\"ContextMenuId2Link\")][contains(text(), \"Partner Overview\")]"}
COMMAND: POST /session/7b3a28ffc0c0cac2784ec2f305c087be/element/f.29D1ABB2B85C1BCF108638C002AFC1F1.d.D33BAA41627FAE5F65C1716F97EC5311.e.6168/click - {}
RESULT: {}
COMMAND: POST /session/7b3a28ffc0c0cac2784ec2f305c087be/element - {"using":"xpath","value":"//span[contains(@id ,\"application-addressmanagement-display-component---detailAdm--addressDetailDetailsName1\")][contains(text(), \"WebdriverSite29fvs\")]"}
RESULT: {}
COMMAND: GET /session/7b3a28ffc0c0cac2784ec2f305c087be/screenshot - {}
RESULT: {"using":"xpath","value":"//span[contains(@id ,\"application-addressmanagement-display-component---detailAdm--addressDetailDetailsName1\")][contains(text(), \"WebdriverSite29fvs\")]"}
RESULT: {}
COMMAND: POST /session/7b3a28ffc0c0cac2784ec2f305c087be/element - {"using":"xpath","value":"//span[contains(@id ,\"application-addressmanagement-display-component---detailAdm--addressDetailDetailsName1\")][contains(text(), \"WebdriverSite29fvs\")]"}
RESULT: {"using":"xpath","value":"//span[contains(@id ,\"application-addressmanagement-display-component---detailAdm--addressDetailDetailsName1\")][contains(text(), \"WebdriverSite29fvs\")]"}
COMMAND: POST /session/7b3a28ffc0c0cac2784ec2f305c087be/element - {"using":"xpath","value":"//span[contains(@id ,\"application-addressmanagement-display-component---detailAdm--addressDetailDetailsName1\")][contains(text(), \"WebdriverSite29fvs\")]"}
RESULT: {"using":"xpath","value":"//span[contains(@id ,\"application-addressmanagement-display-component---detailAdm--addressDetailDetailsName1\")][contains(text(), \"WebdriverSite29fvs\")]"}
COMMAND: POST /session/7b3a28ffc0c0cac2784ec2f305c087be/element - {"using":"xpath","value":"//span[contains(@id ,\"application-addressmanagement-display-component---detailAdm--addressDetailDetailsName1\")][contains(text(), \"WebdriverSite29fvs\")]"}
RESULT: undefined
COMMAND: POST /session/7b3a28ffc0c0cac2784ec2f305c087be/execute/async - {"script":"<script> [6424 bytes]","args":[{"element-6066-11e4-a52e-4f735466cecf":"f.29D1ABB2B85C1BCF108638C002AFC1F1.d.D33BAA41627FAE5F65C1716F97EC5311.e.3216"},"getTitle",[]]}
RESULT: {"using":"xpath","value":"//span[contains(@id ,\"application-addressmanagement-display-component---detailAdm--addressDetailDetailsName1\")][contains(text(), \"WebdriverSite29fvs\")]"}
COMMAND: POST /session/7b3a28ffc0c0cac2784ec2f305c087be/execute/async - {"script":"<script> [1562 bytes]","args":[{"selector":{"id":"shellAppTitle"},"wdio_ui5_key":"shellAppTitle"}]}
RESULT: {"script":"<script> [1562 bytes]","args":[{"selector":{"id":"shellAppTitle"},"wdio_ui5_key":"shellAppTitle"}]}
COMMAND: POST /session/7b3a28ffc0c0cac2784ec2f305c087be/execute/async - {"script":"<script> [6424 bytes]","args":[{"element-6066-11e4-a52e-4f735466cecf":"f.29D1ABB2B85C1BCF108638C002AFC1F1.d.D33BAA41627FAE5F65C1716F97EC5311.e.6416"},"getTitle",[]]}
COMMAND: POST /session/7b3a28ffc0c0cac2784ec2f305c087be/element - {"using":"xpath","value":"//span[contains(@id ,\"application-addressmanagement-display-component---detailAdm--addressDetailDetailsName1\")][contains(text(), \"WebdriverSite29fvs\")]"}
RESULT: {"script":"<script> [6424 bytes]","args":[{"element-6066-11e4-a52e-4f735466cecf":"f.29D1ABB2B85C1BCF108638C002AFC1F1.d.D33BAA41627FAE5F65C1716F97EC5311.e.6416"},"getTitle",[]]}
COMMAND: POST /session/7b3a28ffc0c0cac2784ec2f305c087be/element - {"using":"xpath","value":"//span[contains(@id ,\"title\")][contains(text(), \"WebdriverPartnernf4s\")]"}
RESULT: {"using":"xpath","value":"//span[contains(@id ,\"application-addressmanagement-display-component---detailAdm--addressDetailDetailsName1\")][contains(text(), \"WebdriverSite29fvs\")]"}
RESULT: {"using":"xpath","value":"//span[contains(@id ,\"title\")][contains(text(), \"WebdriverPartnernf4s\")]"}
COMMAND: POST /session/7b3a28ffc0c0cac2784ec2f305c087be/execute/sync - {"script":"<script> [8489 bytes]","args":[{"element-6066-11e4-a52e-4f735466cecf":"f.29D1ABB2B85C1BCF108638C002AFC1F1.d.D33BAA41627FAE5F65C1716F97EC5311.e.6417","ELEMENT":"f.29D1ABB2B85C1BCF108638C002AFC1F1.d.D33BAA41627FAE5F65C1716F97EC5311.e.6417"}]}
RESULT: undefined
COMMAND: POST /session/7b3a28ffc0c0cac2784ec2f305c087be/element - {"using":"xpath","value":"//*[@id=\"backBtn\"]"}
RESULT: {"using":"xpath","value":"//*[@id=\"backBtn\"]"}
COMMAND: POST /session/7b3a28ffc0c0cac2784ec2f305c087be/element/f.29D1ABB2B85C1BCF108638C002AFC1F1.d.D33BAA41627FAE5F65C1716F97EC5311.e.3218/click - {}
RESULT: {"script":"<script> [8489 bytes]","args":[{"element-6066-11e4-a52e-4f735466cecf":"f.29D1ABB2B85C1BCF108638C002AFC1F1.d.D33BAA41627FAE5F65C1716F97EC5311.e.6417","ELEMENT":"f.29D1ABB2B85C1BCF108638C002AFC1F1.d.D33BAA41627FAE5F65C1716F97EC5311.e.6417"}]}
COMMAND: GET /session/7b3a28ffc0c0cac2784ec2f305c087be/screenshot - {}
COMMAND: POST /session/7b3a28ffc0c0cac2784ec2f305c087be/element - {"using":"xpath","value":"//span[contains(@id ,\"application-addressmanagement-display-component---detailAdm--addressDetailDetailsName1\")][contains(text(), \"WebdriverSite29fvs\")]"}
COMMAND: POST /session/7b3a28ffc0c0cac2784ec2f305c087be/execute/sync - {"script":"<script> [8489 bytes]","args":[{"element-6066-11e4-a52e-4f735466cecf":"f.29D1ABB2B85C1BCF108638C002AFC1F1.d.D33BAA41627FAE5F65C1716F97EC5311.e.6417","ELEMENT":"f.29D1ABB2B85C1BCF108638C002AFC1F1.d.D33BAA41627FAE5F65C1716F97EC5311.e.6417"}]}
RESULT: {}
COMMAND: GET /session/7b3a28ffc0c0cac2784ec2f305c087be/screenshot - {}
RESULT: {}
RESULT: {"using":"xpath","value":"//span[contains(@id ,\"application-addressmanagement-display-component---detailAdm--addressDetailDetailsName1\")][contains(text(), \"WebdriverSite29fvs\")]"}
COMMAND: POST /session/7b3a28ffc0c0cac2784ec2f305c087be/element - {"using":"xpath","value":"//span[contains(@id ,\"title\")][contains(text(), \"WebdriverPartnernf4s\")]"}
RESULT: {}
RESULT: {"using":"xpath","value":"//span[contains(@id ,\"title\")][contains(text(), \"WebdriverPartnernf4s\")]"}
COMMAND: POST /session/7b3a28ffc0c0cac2784ec2f305c087be/element - {"using":"xpath","value":"//span[contains(@id ,\"title\")][contains(text(), \"WebdriverPartnernf4s\")]"}
RESULT: {"using":"xpath","value":"//span[contains(@id ,\"title\")][contains(text(), \"WebdriverPartnernf4s\")]"}
COMMAND: POST /session/7b3a28ffc0c0cac2784ec2f305c087be/element - {"using":"xpath","value":"//span[contains(@id ,\"application-addressmanagement-display-component---detailAdm--addressDetailDetailsName1\")][contains(text(), \"WebdriverSite29fvs\")]"}
RESULT: {"using":"xpath","value":"//span[contains(@id ,\"application-addressmanagement-display-component---detailAdm--addressDetailDetailsName1\")][contains(text(), \"WebdriverSite29fvs\")]"}
COMMAND: POST /session/7b3a28ffc0c0cac2784ec2f305c087be/element - {"using":"xpath","value":"//span[contains(@id ,\"title\")][contains(text(), \"WebdriverPartnernf4s\")]"}
COMMAND: POST /session/7b3a28ffc0c0cac2784ec2f305c087be/element - {"using":"xpath","value":"//span[contains(@id ,\"application-addressmanagement-display-component---detailAdm--addressDetailDetailsName1\")][contains(text(), \"WebdriverSite29fvs\")]"}
RESULT: {"using":"xpath","value":"//span[contains(@id ,\"title\")][contains(text(), \"WebdriverPartnernf4s\")]"}
RESULT: {"using":"xpath","value":"//span[contains(@id ,\"application-addressmanagement-display-component---detailAdm--addressDetailDetailsName1\")][contains(text(), \"WebdriverSite29fvs\")]"}
COMMAND: POST /session/7b3a28ffc0c0cac2784ec2f305c087be/element - {"using":"xpath","value":"//span[contains(@id ,\"title\")][contains(text(), \"WebdriverPartnernf4s\")]"}
COMMAND: POST /session/7b3a28ffc0c0cac2784ec2f305c087be/element - {"using":"xpath","value":"//span[contains(@id ,\"application-addressmanagement-display-component---detailAdm--addressDetailDetailsName1\")][contains(text(), \"WebdriverSite29fvs\")]"}
RESULT: {"using":"xpath","value":"//span[contains(@id ,\"title\")][contains(text(), \"WebdriverPartnernf4s\")]"}
RESULT: {"using":"xpath","value":"//span[contains(@id ,\"application-addressmanagement-display-component---detailAdm--addressDetailDetailsName1\")][contains(text(), \"WebdriverSite29fvs\")]"}
COMMAND: POST /session/7b3a28ffc0c0cac2784ec2f305c087be/element - {"using":"xpath","value":"//span[contains(@id ,\"title\")][contains(text(), \"WebdriverPartnernf4s\")]"}
RESULT: {"using":"xpath","value":"//span[contains(@id ,\"title\")][contains(text(), \"WebdriverPartnernf4s\")]"}
COMMAND: POST /session/7b3a28ffc0c0cac2784ec2f305c087be/element - {"using":"xpath","value":"//span[contains(@id ,\"application-addressmanagement-display-component---detailAdm--addressDetailDetailsName1\")][contains(text(), \"WebdriverSite29fvs\")]"}
RESULT: {"using":"xpath","value":"//span[contains(@id ,\"application-addressmanagement-display-component---detailAdm--addressDetailDetailsName1\")][contains(text(), \"WebdriverSite29fvs\")]"}
COMMAND: POST /session/7b3a28ffc0c0cac2784ec2f305c087be/element - {"using":"xpath","value":"//span[contains(@id ,\"title\")][contains(text(), \"WebdriverPartnernf4s\")]"}
COMMAND: POST /session/7b3a28ffc0c0cac2784ec2f305c087be/element - {"using":"xpath","value":"//span[contains(@id ,\"application-addressmanagement-display-component---detailAdm--addressDetailDetailsName1\")][contains(text(), \"WebdriverSite29fvs\")]"}
RESULT: {"using":"xpath","value":"//span[contains(@id ,\"title\")][contains(text(), \"WebdriverPartnernf4s\")]"}
RESULT: {"using":"xpath","value":"//span[contains(@id ,\"application-addressmanagement-display-component---detailAdm--addressDetailDetailsName1\")][contains(text(), \"WebdriverSite29fvs\")]"}
COMMAND: POST /session/7b3a28ffc0c0cac2784ec2f305c087be/element - {"using":"xpath","value":"//span[contains(@id ,\"title\")][contains(text(), \"WebdriverPartnernf4s\")]"}
COMMAND: POST /session/7b3a28ffc0c0cac2784ec2f305c087be/element - {"using":"xpath","value":"//span[contains(@id ,\"application-addressmanagement-display-component---detailAdm--addressDetailDetailsName1\")][contains(text(), \"WebdriverSite29fvs\")]"}
RESULT: {"using":"xpath","value":"//span[contains(@id ,\"title\")][contains(text(), \"WebdriverPartnernf4s\")]"}
RESULT: {"using":"xpath","value":"//span[contains(@id ,\"application-addressmanagement-display-component---detailAdm--addressDetailDetailsName1\")][contains(text(), \"WebdriverSite29fvs\")]"}
COMMAND: POST /session/7b3a28ffc0c0cac2784ec2f305c087be/element - {"using":"xpath","value":"//span[contains(@id ,\"title\")][contains(text(), \"WebdriverPartnernf4s\")]"}
RESULT: {"using":"xpath","value":"//span[contains(@id ,\"title\")][contains(text(), \"WebdriverPartnernf4s\")]"}
COMMAND: POST /session/7b3a28ffc0c0cac2784ec2f305c087be/element - {"using":"xpath","value":"//span[contains(@id ,\"application-addressmanagement-display-component---detailAdm--addressDetailDetailsName1\")][contains(text(), \"WebdriverSite29fvs\")]"}
RESULT: {"using":"xpath","value":"//span[contains(@id ,\"application-addressmanagement-display-component---detailAdm--addressDetailDetailsName1\")][contains(text(), \"WebdriverSite29fvs\")]"}
COMMAND: POST /session/7b3a28ffc0c0cac2784ec2f305c087be/element - {"using":"xpath","value":"//span[contains(@id ,\"title\")][contains(text(), \"WebdriverPartnernf4s\")]"}
RESULT: {"using":"xpath","value":"//span[contains(@id ,\"title\")][contains(text(), \"WebdriverPartnernf4s\")]"}
COMMAND: POST /session/7b3a28ffc0c0cac2784ec2f305c087be/element - {"using":"xpath","value":"//span[contains(@id ,\"application-addressmanagement-display-component---detailAdm--addressDetailDetailsName1\")][contains(text(), \"WebdriverSite29fvs\")]"}
RESULT: {"using":"xpath","value":"//span[contains(@id ,\"application-addressmanagement-display-component---detailAdm--addressDetailDetailsName1\")][contains(text(), \"WebdriverSite29fvs\")]"}
COMMAND: POST /session/7b3a28ffc0c0cac2784ec2f305c087be/element - {"using":"xpath","value":"//span[contains(@id ,\"title\")][contains(text(), \"WebdriverPartnernf4s\")]"}
RESULT: {"using":"xpath","value":"//span[contains(@id ,\"title\")][contains(text(), \"WebdriverPartnernf4s\")]"}
COMMAND: POST /session/7b3a28ffc0c0cac2784ec2f305c087be/element - {"using":"xpath","value":"//span[contains(@id ,\"application-addressmanagement-display-component---detailAdm--addressDetailDetailsName1\")][contains(text(), \"WebdriverSite29fvs\")]"}
RESULT: {"using":"xpath","value":"//span[contains(@id ,\"application-addressmanagement-display-component---detailAdm--addressDetailDetailsName1\")][contains(text(), \"WebdriverSite29fvs\")]"}
COMMAND: POST /session/7b3a28ffc0c0cac2784ec2f305c087be/element - {"using":"xpath","value":"//span[contains(@id ,\"title\")][contains(text(), \"WebdriverPartnernf4s\")]"}
COMMAND: POST /session/7b3a28ffc0c0cac2784ec2f305c087be/element - {"using":"xpath","value":"//span[contains(@id ,\"application-addressmanagement-display-component---detailAdm--addressDetailDetailsName1\")][contains(text(), \"WebdriverSite29fvs\")]"}
RESULT: {"using":"xpath","value":"//span[contains(@id ,\"title\")][contains(text(), \"WebdriverPartnernf4s\")]"}
RESULT: {"using":"xpath","value":"//span[contains(@id ,\"application-addressmanagement-display-component---detailAdm--addressDetailDetailsName1\")][contains(text(), \"WebdriverSite29fvs\")]"}
COMMAND: POST /session/7b3a28ffc0c0cac2784ec2f305c087be/element - {"using":"xpath","value":"//span[contains(@id ,\"title\")][contains(text(), \"WebdriverPartnernf4s\")]"}
RESULT: {"using":"xpath","value":"//span[contains(@id ,\"title\")][contains(text(), \"WebdriverPartnernf4s\")]"}
COMMAND: POST /session/7b3a28ffc0c0cac2784ec2f305c087be/element - {"using":"xpath","value":"//span[contains(@id ,\"application-addressmanagement-display-component---detailAdm--addressDetailDetailsName1\")][contains(text(), \"WebdriverSite29fvs\")]"}
RESULT: {"using":"xpath","value":"//span[contains(@id ,\"application-addressmanagement-display-component---detailAdm--addressDetailDetailsName1\")][contains(text(), \"WebdriverSite29fvs\")]"}
COMMAND: POST /session/7b3a28ffc0c0cac2784ec2f305c087be/element - {"using":"xpath","value":"//span[contains(@id ,\"title\")][contains(text(), \"WebdriverPartnernf4s\")]"}
RESULT: {"using":"xpath","value":"//span[contains(@id ,\"title\")][contains(text(), \"WebdriverPartnernf4s\")]"}
COMMAND: POST /session/7b3a28ffc0c0cac2784ec2f305c087be/element - {"using":"xpath","value":"//span[contains(@id ,\"application-addressmanagement-display-component---detailAdm--addressDetailDetailsName1\")][contains(text(), \"WebdriverSite29fvs\")]"}
RESULT: {"using":"xpath","value":"//span[contains(@id ,\"application-addressmanagement-display-component---detailAdm--addressDetailDetailsName1\")][contains(text(), \"WebdriverSite29fvs\")]"}
COMMAND: POST /session/7b3a28ffc0c0cac2784ec2f305c087be/element - {"using":"xpath","value":"//span[contains(@id ,\"title\")][contains(text(), \"WebdriverPartnernf4s\")]"}
RESULT: {"using":"xpath","value":"//span[contains(@id ,\"title\")][contains(text(), \"WebdriverPartnernf4s\")]"}
COMMAND: POST /session/7b3a28ffc0c0cac2784ec2f305c087be/element - {"using":"xpath","value":"//span[contains(@id ,\"application-addressmanagement-display-component---detailAdm--addressDetailDetailsName1\")][contains(text(), \"WebdriverSite29fvs\")]"}
RESULT: {"using":"xpath","value":"//span[contains(@id ,\"application-addressmanagement-display-component---detailAdm--addressDetailDetailsName1\")][contains(text(), \"WebdriverSite29fvs\")]"}
COMMAND: POST /session/7b3a28ffc0c0cac2784ec2f305c087be/element - {"using":"xpath","value":"//span[contains(@id ,\"title\")][contains(text(), \"WebdriverPartnernf4s\")]"}
RESULT: {"using":"xpath","value":"//span[contains(@id ,\"title\")][contains(text(), \"WebdriverPartnernf4s\")]"}
COMMAND: POST /session/7b3a28ffc0c0cac2784ec2f305c087be/element - {"using":"xpath","value":"//span[contains(@id ,\"application-addressmanagement-display-component---detailAdm--addressDetailDetailsName1\")][contains(text(), \"WebdriverSite29fvs\")]"}
RESULT: {"using":"xpath","value":"//span[contains(@id ,\"application-addressmanagement-display-component---detailAdm--addressDetailDetailsName1\")][contains(text(), \"WebdriverSite29fvs\")]"}
COMMAND: POST /session/7b3a28ffc0c0cac2784ec2f305c087be/element - {"using":"xpath","value":"//span[contains(@id ,\"title\")][contains(text(), \"WebdriverPartnernf4s\")]"}
RESULT: {"using":"xpath","value":"//span[contains(@id ,\"title\")][contains(text(), \"WebdriverPartnernf4s\")]"}
COMMAND: POST /session/7b3a28ffc0c0cac2784ec2f305c087be/element - {"using":"xpath","value":"//span[contains(@id ,\"application-addressmanagement-display-component---detailAdm--addressDetailDetailsName1\")][contains(text(), \"WebdriverSite29fvs\")]"}
RESULT: {"using":"xpath","value":"//span[contains(@id ,\"application-addressmanagement-display-component---detailAdm--addressDetailDetailsName1\")][contains(text(), \"WebdriverSite29fvs\")]"}
COMMAND: POST /session/7b3a28ffc0c0cac2784ec2f305c087be/element - {"using":"xpath","value":"//span[contains(@id ,\"title\")][contains(text(), \"WebdriverPartnernf4s\")]"}
RESULT: {"using":"xpath","value":"//span[contains(@id ,\"title\")][contains(text(), \"WebdriverPartnernf4s\")]"}
COMMAND: POST /session/7b3a28ffc0c0cac2784ec2f305c087be/element - {"using":"xpath","value":"//span[contains(@id ,\"application-addressmanagement-display-component---detailAdm--addressDetailDetailsName1\")][contains(text(), \"WebdriverSite29fvs\")]"}
RESULT: {"using":"xpath","value":"//span[contains(@id ,\"application-addressmanagement-display-component---detailAdm--addressDetailDetailsName1\")][contains(text(), \"WebdriverSite29fvs\")]"}
COMMAND: POST /session/7b3a28ffc0c0cac2784ec2f305c087be/element - {"using":"xpath","value":"//span[contains(@id ,\"title\")][contains(text(), \"WebdriverPartnernf4s\")]"}
RESULT: {"using":"xpath","value":"//span[contains(@id ,\"title\")][contains(text(), \"WebdriverPartnernf4s\")]"}
COMMAND: POST /session/7b3a28ffc0c0cac2784ec2f305c087be/element - {"using":"xpath","value":"//span[contains(@id ,\"application-addressmanagement-display-component---detailAdm--addressDetailDetailsName1\")][contains(text(), \"WebdriverSite29fvs\")]"}
RESULT: {"using":"xpath","value":"//span[contains(@id ,\"application-addressmanagement-display-component---detailAdm--addressDetailDetailsName1\")][contains(text(), \"WebdriverSite29fvs\")]"}
COMMAND: POST /session/7b3a28ffc0c0cac2784ec2f305c087be/element - {"using":"xpath","value":"//span[contains(@id ,\"title\")][contains(text(), \"WebdriverPartnernf4s\")]"}
RESULT: {"using":"xpath","value":"//span[contains(@id ,\"title\")][contains(text(), \"WebdriverPartnernf4s\")]"}
COMMAND: POST /session/7b3a28ffc0c0cac2784ec2f305c087be/element - {"using":"xpath","value":"//span[contains(@id ,\"application-addressmanagement-display-component---detailAdm--addressDetailDetailsName1\")][contains(text(), \"WebdriverSite29fvs\")]"}
RESULT: {"using":"xpath","value":"//span[contains(@id ,\"application-addressmanagement-display-component---detailAdm--addressDetailDetailsName1\")][contains(text(), \"WebdriverSite29fvs\")]"}
COMMAND: POST /session/7b3a28ffc0c0cac2784ec2f305c087be/element - {"using":"xpath","value":"//span[contains(@id ,\"title\")][contains(text(), \"WebdriverPartnernf4s\")]"}
COMMAND: POST /session/7b3a28ffc0c0cac2784ec2f305c087be/element - {"using":"xpath","value":"//span[contains(@id ,\"application-addressmanagement-display-component---detailAdm--addressDetailDetailsName1\")][contains(text(), \"WebdriverSite29fvs\")]"}
RESULT: {"using":"xpath","value":"//span[contains(@id ,\"title\")][contains(text(), \"WebdriverPartnernf4s\")]"}
RESULT: {"using":"xpath","value":"//span[contains(@id ,\"application-addressmanagement-display-component---detailAdm--addressDetailDetailsName1\")][contains(text(), \"WebdriverSite29fvs\")]"}
COMMAND: POST /session/7b3a28ffc0c0cac2784ec2f305c087be/element - {"using":"xpath","value":"//span[contains(@id ,\"title\")][contains(text(), \"WebdriverPartnernf4s\")]"}
RESULT: {"using":"xpath","value":"//span[contains(@id ,\"title\")][contains(text(), \"WebdriverPartnernf4s\")]"}
COMMAND: POST /session/7b3a28ffc0c0cac2784ec2f305c087be/element - {"using":"xpath","value":"//span[contains(@id ,\"application-addressmanagement-display-component---detailAdm--addressDetailDetailsName1\")][contains(text(), \"WebdriverSite29fvs\")]"}
RESULT: {"using":"xpath","value":"//span[contains(@id ,\"application-addressmanagement-display-component---detailAdm--addressDetailDetailsName1\")][contains(text(), \"WebdriverSite29fvs\")]"}
COMMAND: POST /session/7b3a28ffc0c0cac2784ec2f305c087be/element - {"using":"xpath","value":"//span[contains(@id ,\"title\")][contains(text(), \"WebdriverPartnernf4s\")]"}
RESULT: {"using":"xpath","value":"//span[contains(@id ,\"title\")][contains(text(), \"WebdriverPartnernf4s\")]"}
COMMAND: POST /session/7b3a28ffc0c0cac2784ec2f305c087be/element - {"using":"xpath","value":"//span[contains(@id ,\"application-addressmanagement-display-component---detailAdm--addressDetailDetailsName1\")][contains(text(), \"WebdriverSite29fvs\")]"}
RESULT: {"using":"xpath","value":"//span[contains(@id ,\"application-addressmanagement-display-component---detailAdm--addressDetailDetailsName1\")][contains(text(), \"WebdriverSite29fvs\")]"}
COMMAND: POST /session/7b3a28ffc0c0cac2784ec2f305c087be/element - {"using":"xpath","value":"//span[contains(@id ,\"title\")][contains(text(), \"WebdriverPartnernf4s\")]"}
RESULT: {"using":"xpath","value":"//span[contains(@id ,\"title\")][contains(text(), \"WebdriverPartnernf4s\")]"}
COMMAND: POST /session/7b3a28ffc0c0cac2784ec2f305c087be/element - {"using":"xpath","value":"//span[contains(@id ,\"application-addressmanagement-display-component---detailAdm--addressDetailDetailsName1\")][contains(text(), \"WebdriverSite29fvs\")]"}
RESULT: {"using":"xpath","value":"//span[contains(@id ,\"application-addressmanagement-display-component---detailAdm--addressDetailDetailsName1\")][contains(text(), \"WebdriverSite29fvs\")]"}
COMMAND: POST /session/7b3a28ffc0c0cac2784ec2f305c087be/element - {"using":"xpath","value":"//span[contains(@id ,\"title\")][contains(text(), \"WebdriverPartnernf4s\")]"}
RESULT: {"using":"xpath","value":"//span[contains(@id ,\"title\")][contains(text(), \"WebdriverPartnernf4s\")]"}
COMMAND: POST /session/7b3a28ffc0c0cac2784ec2f305c087be/element - {"using":"xpath","value":"//span[contains(@id ,\"application-addressmanagement-display-component---detailAdm--addressDetailDetailsName1\")][contains(text(), \"WebdriverSite29fvs\")]"}
RESULT: {"using":"xpath","value":"//span[contains(@id ,\"application-addressmanagement-display-component---detailAdm--addressDetailDetailsName1\")][contains(text(), \"WebdriverSite29fvs\")]"}
COMMAND: POST /session/7b3a28ffc0c0cac2784ec2f305c087be/execute/sync - {"script":"<script> [8489 bytes]","args":[{"element-6066-11e4-a52e-4f735466cecf":"f.29D1ABB2B85C1BCF108638C002AFC1F1.d.D33BAA41627FAE5F65C1716F97EC5311.e.6166","ELEMENT":"f.29D1ABB2B85C1BCF108638C002AFC1F1.d.D33BAA41627FAE5F65C1716F97EC5311.e.6166"}]}
COMMAND: POST /session/7b3a28ffc0c0cac2784ec2f305c087be/element - {"using":"xpath","value":"//*[contains(@data-kt ,\"webshopDetailCustomerLink\")]"}
RESULT: {"using":"xpath","value":"//*[contains(@data-kt ,\"webshopDetailCustomerLink\")]"}
COMMAND: POST /session/7b3a28ffc0c0cac2784ec2f305c087be/execute/sync - {"script":"<script> [8489 bytes]","args":[{"element-6066-11e4-a52e-4f735466cecf":"f.29D1ABB2B85C1BCF108638C002AFC1F1.d.D33BAA41627FAE5F65C1716F97EC5311.e.6573","ELEMENT":"f.29D1ABB2B85C1BCF108638C002AFC1F1.d.D33BAA41627FAE5F65C1716F97EC5311.e.6573"}]}
RESULT: {"script":"<script> [8489 bytes]","args":[{"element-6066-11e4-a52e-4f735466cecf":"f.29D1ABB2B85C1BCF108638C002AFC1F1.d.D33BAA41627FAE5F65C1716F97EC5311.e.6573","ELEMENT":"f.29D1ABB2B85C1BCF108638C002AFC1F1.d.D33BAA41627FAE5F65C1716F97EC5311.e.6573"}]}
COMMAND: POST /session/7b3a28ffc0c0cac2784ec2f305c087be/execute/sync - {"script":"<script> [5351 bytes]","args":[{"element-6066-11e4-a52e-4f735466cecf":"f.29D1ABB2B85C1BCF108638C002AFC1F1.d.D33BAA41627FAE5F65C1716F97EC5311.e.6573","ELEMENT":"f.29D1ABB2B85C1BCF108638C002AFC1F1.d.D33BAA41627FAE5F65C1716F97EC5311.e.6573"}]}
COMMAND: GET /session/7b3a28ffc0c0cac2784ec2f305c087be/screenshot - {}
RESULT: {"script":"<script> [5351 bytes]","args":[{"element-6066-11e4-a52e-4f735466cecf":"f.29D1ABB2B85C1BCF108638C002AFC1F1.d.D33BAA41627FAE5F65C1716F97EC5311.e.6573","ELEMENT":"f.29D1ABB2B85C1BCF108638C002AFC1F1.d.D33BAA41627FAE5F65C1716F97EC5311.e.6573"}]}
COMMAND: POST /session/7b3a28ffc0c0cac2784ec2f305c087be/element - {"using":"xpath","value":"//*[contains(@data-kt ,\"webshopDetailCustomerLink\")]"}
COMMAND: GET /session/7b3a28ffc0c0cac2784ec2f305c087be/screenshot - {}
RESULT: {}
RESULT: {"using":"xpath","value":"//*[contains(@data-kt ,\"webshopDetailCustomerLink\")]"}
COMMAND: POST /session/7b3a28ffc0c0cac2784ec2f305c087be/element/f.29D1ABB2B85C1BCF108638C002AFC1F1.d.D33BAA41627FAE5F65C1716F97EC5311.e.6573/click - {}
COMMAND: POST /session/7b3a28ffc0c0cac2784ec2f305c087be/element - {"using":"xpath","value":"//span[contains(@id ,\"title\")][contains(text(), \"WebdriverPartnernf4s\")]"}
COMMAND: POST /session/7b3a28ffc0c0cac2784ec2f305c087be/element - {"using":"xpath","value":"//span[contains(@id ,\"application-addressmanagement-display-component---detailAdm--addressDetailDetailsName1\")][contains(text(), \"WebdriverSite29fvs\")]"}
RESULT: {}
RESULT: {}
COMMAND: GET /session/7b3a28ffc0c0cac2784ec2f305c087be/screenshot - {}
RESULT: {"using":"xpath","value":"//span[contains(@id ,\"title\")][contains(text(), \"WebdriverPartnernf4s\")]"}
COMMAND: POST /session/7b3a28ffc0c0cac2784ec2f305c087be/execute/sync - {"script":"<script> [8489 bytes]","args":[{"element-6066-11e4-a52e-4f735466cecf":"f.29D1ABB2B85C1BCF108638C002AFC1F1.d.D33BAA41627FAE5F65C1716F97EC5311.e.6576","ELEMENT":"f.29D1ABB2B85C1BCF108638C002AFC1F1.d.D33BAA41627FAE5F65C1716F97EC5311.e.6576"}]}
RESULT: {"using":"xpath","value":"//span[contains(@id ,\"application-addressmanagement-display-component---detailAdm--addressDetailDetailsName1\")][contains(text(), \"WebdriverSite29fvs\")]"}
RESULT: {}
RESULT: {"script":"<script> [8489 bytes]","args":[{"element-6066-11e4-a52e-4f735466cecf":"f.29D1ABB2B85C1BCF108638C002AFC1F1.d.D33BAA41627FAE5F65C1716F97EC5311.e.6576","ELEMENT":"f.29D1ABB2B85C1BCF108638C002AFC1F1.d.D33BAA41627FAE5F65C1716F97EC5311.e.6576"}]}
COMMAND: GET /session/7b3a28ffc0c0cac2784ec2f305c087be/screenshot - {}
RESULT: {}
COMMAND: POST /session/7b3a28ffc0c0cac2784ec2f305c087be/element - {"using":"xpath","value":"//span[contains(@id ,\"application-addressmanagement-display-component---detailAdm--addressDetailDetailsName1\")][contains(text(), \"WebdriverSite29fvs\")]"}
RESULT: {"using":"xpath","value":"//span[contains(@id ,\"application-addressmanagement-display-component---detailAdm--addressDetailDetailsName1\")][contains(text(), \"WebdriverSite29fvs\")]"}
COMMAND: POST /session/7b3a28ffc0c0cac2784ec2f305c087be/element - {"using":"xpath","value":"//span[contains(@id ,\"application-addressmanagement-display-component---detailAdm--addressDetailDetailsName1\")][contains(text(), \"WebdriverSite29fvs\")]"}
RESULT: {"using":"xpath","value":"//span[contains(@id ,\"application-addressmanagement-display-component---detailAdm--addressDetailDetailsName1\")][contains(text(), \"WebdriverSite29fvs\")]"}
COMMAND: POST /session/7b3a28ffc0c0cac2784ec2f305c087be/element - {"using":"xpath","value":"//span[contains(@id ,\"application-addressmanagement-display-component---detailAdm--addressDetailDetailsName1\")][contains(text(), \"WebdriverSite29fvs\")]"}
COMMAND: POST /session/7b3a28ffc0c0cac2784ec2f305c087be/element - {"using":"xpath","value":"//button[contains(@data-kt ,\"ContextMenuExternalId2Link\")]"}
RESULT: {"using":"xpath","value":"//span[contains(@id ,\"application-addressmanagement-display-component---detailAdm--addressDetailDetailsName1\")][contains(text(), \"WebdriverSite29fvs\")]"}
RESULT: {"using":"xpath","value":"//button[contains(@data-kt ,\"ContextMenuExternalId2Link\")]"}
COMMAND: POST /session/7b3a28ffc0c0cac2784ec2f305c087be/element/f.29D1ABB2B85C1BCF108638C002AFC1F1.d.D33BAA41627FAE5F65C1716F97EC5311.e.6575/click - {}
RESULT: {}
COMMAND: GET /session/7b3a28ffc0c0cac2784ec2f305c087be/screenshot - {}
COMMAND: POST /session/7b3a28ffc0c0cac2784ec2f305c087be/element - {"using":"xpath","value":"//span[contains(@id ,\"application-addressmanagement-display-component---detailAdm--addressDetailDetailsName1\")][contains(text(), \"WebdriverSite29fvs\")]"}
RESULT: {}
RESULT: {"using":"xpath","value":"//span[contains(@id ,\"application-addressmanagement-display-component---detailAdm--addressDetailDetailsName1\")][contains(text(), \"WebdriverSite29fvs\")]"}
COMMAND: POST /session/7b3a28ffc0c0cac2784ec2f305c087be/element - {"using":"xpath","value":"//span[contains(@id ,\"application-addressmanagement-display-component---detailAdm--addressDetailDetailsName1\")][contains(text(), \"WebdriverSite29fvs\")]"}
RESULT: {"using":"xpath","value":"//span[contains(@id ,\"application-addressmanagement-display-component---detailAdm--addressDetailDetailsName1\")][contains(text(), \"WebdriverSite29fvs\")]"}
COMMAND: POST /session/7b3a28ffc0c0cac2784ec2f305c087be/element - {"using":"xpath","value":"//span[contains(@id ,\"application-addressmanagement-display-component---detailAdm--addressDetailDetailsName1\")][contains(text(), \"WebdriverSite29fvs\")]"}
RESULT: {"using":"xpath","value":"//span[contains(@id ,\"application-addressmanagement-display-component---detailAdm--addressDetailDetailsName1\")][contains(text(), \"WebdriverSite29fvs\")]"}
COMMAND: POST /session/7b3a28ffc0c0cac2784ec2f305c087be/element - {"using":"xpath","value":"//span[contains(@id ,\"application-addressmanagement-display-component---detailAdm--addressDetailDetailsName1\")][contains(text(), \"WebdriverSite29fvs\")]"}
RESULT: {"using":"xpath","value":"//span[contains(@id ,\"application-addressmanagement-display-component---detailAdm--addressDetailDetailsName1\")][contains(text(), \"WebdriverSite29fvs\")]"}
COMMAND: POST /session/7b3a28ffc0c0cac2784ec2f305c087be/element - {"using":"xpath","value":"//span[contains(@id ,\"application-addressmanagement-display-component---detailAdm--addressDetailDetailsName1\")][contains(text(), \"WebdriverSite29fvs\")]"}
COMMAND: GET /session/7b3a28ffc0c0cac2784ec2f305c087be/window/handles - {}
RESULT: {"using":"xpath","value":"//span[contains(@id ,\"application-addressmanagement-display-component---detailAdm--addressDetailDetailsName1\")][contains(text(), \"WebdriverSite29fvs\")]"}
RESULT: {}
COMMAND: POST /session/7b3a28ffc0c0cac2784ec2f305c087be/window - {"handle":"39E4EF0236DE9D9C143261E626EB959A"}
RESULT: {"handle":"39E4EF0236DE9D9C143261E626EB959A"}
COMMAND: GET /session/7b3a28ffc0c0cac2784ec2f305c087be/url - {}
RESULT: {}
COMMAND: GET /session/7b3a28ffc0c0cac2784ec2f305c087be/screenshot - {}
RESULT: {}
COMMAND: POST /session/7b3a28ffc0c0cac2784ec2f305c087be/execute/sync - {"script":"<script> [8489 bytes]","args":[{"element-6066-11e4-a52e-4f735466cecf":"f.29D1ABB2B85C1BCF108638C002AFC1F1.d.D33BAA41627FAE5F65C1716F97EC5311.e.6576","ELEMENT":"f.29D1ABB2B85C1BCF108638C002AFC1F1.d.D33BAA41627FAE5F65C1716F97EC5311.e.6576"}]}
COMMAND: DELETE /session/7b3a28ffc0c0cac2784ec2f305c087be/window - {}
RESULT: {}
COMMAND: POST /session/7b3a28ffc0c0cac2784ec2f305c087be/window - {"handle":"29D1ABB2B85C1BCF108638C002AFC1F1"}
RESULT: {"handle":"29D1ABB2B85C1BCF108638C002AFC1F1"}
COMMAND: GET /session/7b3a28ffc0c0cac2784ec2f305c087be/url - {}
RESULT: {"script":"<script> [8489 bytes]","args":[{"element-6066-11e4-a52e-4f735466cecf":"f.29D1ABB2B85C1BCF108638C002AFC1F1.d.D33BAA41627FAE5F65C1716F97EC5311.e.6576","ELEMENT":"f.29D1ABB2B85C1BCF108638C002AFC1F1.d.D33BAA41627FAE5F65C1716F97EC5311.e.6576"}]}
COMMAND: GET /session/7b3a28ffc0c0cac2784ec2f305c087be/screenshot - {}
RESULT: {}
COMMAND: GET /session/7b3a28ffc0c0cac2784ec2f305c087be/screenshot - {}
RESULT: {}
RESULT: {}
]]></system-out>
    </testcase>
    <testcase classname="chrome.136_0_7103_93.windows.Webshop_-_Hyperlinks_visible_and_working_properly__US139085" name="Should verify the contract and catalog item hyperlinks" time="107.613">
      <system-out><![CDATA[
COMMAND: POST /session/7b3a28ffc0c0cac2784ec2f305c087be/element - {"using":"xpath","value":"//*[contains(@data-kt ,\"webshopDetailContractLink\")]"}
RESULT: {"using":"xpath","value":"//*[contains(@data-kt ,\"webshopDetailContractLink\")]"}
COMMAND: POST /session/7b3a28ffc0c0cac2784ec2f305c087be/execute/sync - {"script":"<script> [8489 bytes]","args":[{"element-6066-11e4-a52e-4f735466cecf":"f.29D1ABB2B85C1BCF108638C002AFC1F1.d.D33BAA41627FAE5F65C1716F97EC5311.e.6798","ELEMENT":"f.29D1ABB2B85C1BCF108638C002AFC1F1.d.D33BAA41627FAE5F65C1716F97EC5311.e.6798"}]}
RESULT: {"script":"<script> [8489 bytes]","args":[{"element-6066-11e4-a52e-4f735466cecf":"f.29D1ABB2B85C1BCF108638C002AFC1F1.d.D33BAA41627FAE5F65C1716F97EC5311.e.6798","ELEMENT":"f.29D1ABB2B85C1BCF108638C002AFC1F1.d.D33BAA41627FAE5F65C1716F97EC5311.e.6798"}]}
COMMAND: POST /session/7b3a28ffc0c0cac2784ec2f305c087be/execute/sync - {"script":"<script> [5351 bytes]","args":[{"element-6066-11e4-a52e-4f735466cecf":"f.29D1ABB2B85C1BCF108638C002AFC1F1.d.D33BAA41627FAE5F65C1716F97EC5311.e.6798","ELEMENT":"f.29D1ABB2B85C1BCF108638C002AFC1F1.d.D33BAA41627FAE5F65C1716F97EC5311.e.6798"}]}
COMMAND: GET /session/7b3a28ffc0c0cac2784ec2f305c087be/screenshot - {}
RESULT: {"script":"<script> [5351 bytes]","args":[{"element-6066-11e4-a52e-4f735466cecf":"f.29D1ABB2B85C1BCF108638C002AFC1F1.d.D33BAA41627FAE5F65C1716F97EC5311.e.6798","ELEMENT":"f.29D1ABB2B85C1BCF108638C002AFC1F1.d.D33BAA41627FAE5F65C1716F97EC5311.e.6798"}]}
COMMAND: POST /session/7b3a28ffc0c0cac2784ec2f305c087be/element - {"using":"xpath","value":"//*[contains(@data-kt ,\"webshopDetailContractLink\")]"}
COMMAND: GET /session/7b3a28ffc0c0cac2784ec2f305c087be/screenshot - {}
RESULT: {}
RESULT: {"using":"xpath","value":"//*[contains(@data-kt ,\"webshopDetailContractLink\")]"}
COMMAND: POST /session/7b3a28ffc0c0cac2784ec2f305c087be/element/f.29D1ABB2B85C1BCF108638C002AFC1F1.d.D33BAA41627FAE5F65C1716F97EC5311.e.6798/click - {}
RESULT: {}
RESULT: {}
COMMAND: GET /session/7b3a28ffc0c0cac2784ec2f305c087be/screenshot - {}
RESULT: {}
COMMAND: POST /session/7b3a28ffc0c0cac2784ec2f305c087be/element - {"using":"xpath","value":"//*[contains(@data-kt ,\"ContextMenuId2Link\")][contains(text(), \"Contract Overview\")]"}
RESULT: {"using":"xpath","value":"//*[contains(@data-kt ,\"ContextMenuId2Link\")][contains(text(), \"Contract Overview\")]"}
COMMAND: POST /session/7b3a28ffc0c0cac2784ec2f305c087be/execute/sync - {"script":"<script> [8489 bytes]","args":[{"element-6066-11e4-a52e-4f735466cecf":"f.29D1ABB2B85C1BCF108638C002AFC1F1.d.D33BAA41627FAE5F65C1716F97EC5311.e.6800","ELEMENT":"f.29D1ABB2B85C1BCF108638C002AFC1F1.d.D33BAA41627FAE5F65C1716F97EC5311.e.6800"}]}
COMMAND: POST /session/7b3a28ffc0c0cac2784ec2f305c087be/element - {"using":"xpath","value":"//*[contains(@data-kt ,\"ContextMenuId2Link\")][contains(text(), \"Contract Overview\")]"}
RESULT: {"script":"<script> [8489 bytes]","args":[{"element-6066-11e4-a52e-4f735466cecf":"f.29D1ABB2B85C1BCF108638C002AFC1F1.d.D33BAA41627FAE5F65C1716F97EC5311.e.6800","ELEMENT":"f.29D1ABB2B85C1BCF108638C002AFC1F1.d.D33BAA41627FAE5F65C1716F97EC5311.e.6800"}]}
COMMAND: GET /session/7b3a28ffc0c0cac2784ec2f305c087be/screenshot - {}
RESULT: {"using":"xpath","value":"//*[contains(@data-kt ,\"ContextMenuId2Link\")][contains(text(), \"Contract Overview\")]"}
COMMAND: POST /session/7b3a28ffc0c0cac2784ec2f305c087be/element/f.29D1ABB2B85C1BCF108638C002AFC1F1.d.D33BAA41627FAE5F65C1716F97EC5311.e.6800/click - {}
RESULT: {}
RESULT: {}
COMMAND: GET /session/7b3a28ffc0c0cac2784ec2f305c087be/screenshot - {}
RESULT: {}
RESULT: undefined
COMMAND: POST /session/7b3a28ffc0c0cac2784ec2f305c087be/execute/async - {"script":"<script> [6424 bytes]","args":[{"element-6066-11e4-a52e-4f735466cecf":"f.29D1ABB2B85C1BCF108638C002AFC1F1.d.D33BAA41627FAE5F65C1716F97EC5311.e.3216"},"getTitle",[]]}
COMMAND: POST /session/7b3a28ffc0c0cac2784ec2f305c087be/execute/async - {"script":"<script> [1562 bytes]","args":[{"selector":{"id":"shellAppTitle"},"wdio_ui5_key":"shellAppTitle"}]}
RESULT: {"script":"<script> [1562 bytes]","args":[{"selector":{"id":"shellAppTitle"},"wdio_ui5_key":"shellAppTitle"}]}
COMMAND: POST /session/7b3a28ffc0c0cac2784ec2f305c087be/execute/async - {"script":"<script> [6424 bytes]","args":[{"element-6066-11e4-a52e-4f735466cecf":"f.29D1ABB2B85C1BCF108638C002AFC1F1.d.D33BAA41627FAE5F65C1716F97EC5311.e.7020"},"getTitle",[]]}
RESULT: {"script":"<script> [6424 bytes]","args":[{"element-6066-11e4-a52e-4f735466cecf":"f.29D1ABB2B85C1BCF108638C002AFC1F1.d.D33BAA41627FAE5F65C1716F97EC5311.e.7020"},"getTitle",[]]}
COMMAND: POST /session/7b3a28ffc0c0cac2784ec2f305c087be/element - {"using":"xpath","value":"//span[contains(@id ,\"contractDetailTitleNoExpanded\")][contains(text(), \"10271\")]"}
RESULT: {"using":"xpath","value":"//span[contains(@id ,\"contractDetailTitleNoExpanded\")][contains(text(), \"10271\")]"}
COMMAND: POST /session/7b3a28ffc0c0cac2784ec2f305c087be/execute/sync - {"script":"<script> [8489 bytes]","args":[{"element-6066-11e4-a52e-4f735466cecf":"f.29D1ABB2B85C1BCF108638C002AFC1F1.d.D33BAA41627FAE5F65C1716F97EC5311.e.7021","ELEMENT":"f.29D1ABB2B85C1BCF108638C002AFC1F1.d.D33BAA41627FAE5F65C1716F97EC5311.e.7021"}]}
RESULT: undefined
COMMAND: POST /session/7b3a28ffc0c0cac2784ec2f305c087be/element - {"using":"xpath","value":"//*[@id=\"backBtn\"]"}
RESULT: {"script":"<script> [8489 bytes]","args":[{"element-6066-11e4-a52e-4f735466cecf":"f.29D1ABB2B85C1BCF108638C002AFC1F1.d.D33BAA41627FAE5F65C1716F97EC5311.e.7021","ELEMENT":"f.29D1ABB2B85C1BCF108638C002AFC1F1.d.D33BAA41627FAE5F65C1716F97EC5311.e.7021"}]}
COMMAND: GET /session/7b3a28ffc0c0cac2784ec2f305c087be/screenshot - {}
RESULT: {"using":"xpath","value":"//*[@id=\"backBtn\"]"}
COMMAND: POST /session/7b3a28ffc0c0cac2784ec2f305c087be/element/f.29D1ABB2B85C1BCF108638C002AFC1F1.d.D33BAA41627FAE5F65C1716F97EC5311.e.3218/click - {}
RESULT: {}
RESULT: {}
COMMAND: GET /session/7b3a28ffc0c0cac2784ec2f305c087be/screenshot - {}
RESULT: {}
COMMAND: POST /session/7b3a28ffc0c0cac2784ec2f305c087be/execute/sync - {"script":"<script> [8489 bytes]","args":[{"element-6066-11e4-a52e-4f735466cecf":"f.29D1ABB2B85C1BCF108638C002AFC1F1.d.D33BAA41627FAE5F65C1716F97EC5311.e.6798","ELEMENT":"f.29D1ABB2B85C1BCF108638C002AFC1F1.d.D33BAA41627FAE5F65C1716F97EC5311.e.6798"}]}
COMMAND: POST /session/7b3a28ffc0c0cac2784ec2f305c087be/element - {"using":"xpath","value":"//*[contains(@data-kt ,\"webshopDetailContractLink\")]"}
RESULT: {"using":"xpath","value":"//*[contains(@data-kt ,\"webshopDetailContractLink\")]"}
COMMAND: POST /session/7b3a28ffc0c0cac2784ec2f305c087be/execute/sync - {"script":"<script> [8489 bytes]","args":[{"element-6066-11e4-a52e-4f735466cecf":"f.29D1ABB2B85C1BCF108638C002AFC1F1.d.D33BAA41627FAE5F65C1716F97EC5311.e.7178","ELEMENT":"f.29D1ABB2B85C1BCF108638C002AFC1F1.d.D33BAA41627FAE5F65C1716F97EC5311.e.7178"}]}
RESULT: {"script":"<script> [8489 bytes]","args":[{"element-6066-11e4-a52e-4f735466cecf":"f.29D1ABB2B85C1BCF108638C002AFC1F1.d.D33BAA41627FAE5F65C1716F97EC5311.e.7178","ELEMENT":"f.29D1ABB2B85C1BCF108638C002AFC1F1.d.D33BAA41627FAE5F65C1716F97EC5311.e.7178"}]}
COMMAND: POST /session/7b3a28ffc0c0cac2784ec2f305c087be/execute/sync - {"script":"<script> [5351 bytes]","args":[{"element-6066-11e4-a52e-4f735466cecf":"f.29D1ABB2B85C1BCF108638C002AFC1F1.d.D33BAA41627FAE5F65C1716F97EC5311.e.7178","ELEMENT":"f.29D1ABB2B85C1BCF108638C002AFC1F1.d.D33BAA41627FAE5F65C1716F97EC5311.e.7178"}]}
COMMAND: GET /session/7b3a28ffc0c0cac2784ec2f305c087be/screenshot - {}
RESULT: {"script":"<script> [5351 bytes]","args":[{"element-6066-11e4-a52e-4f735466cecf":"f.29D1ABB2B85C1BCF108638C002AFC1F1.d.D33BAA41627FAE5F65C1716F97EC5311.e.7178","ELEMENT":"f.29D1ABB2B85C1BCF108638C002AFC1F1.d.D33BAA41627FAE5F65C1716F97EC5311.e.7178"}]}
COMMAND: POST /session/7b3a28ffc0c0cac2784ec2f305c087be/element - {"using":"xpath","value":"//*[contains(@data-kt ,\"webshopDetailContractLink\")]"}
COMMAND: GET /session/7b3a28ffc0c0cac2784ec2f305c087be/screenshot - {}
RESULT: {}
RESULT: {"using":"xpath","value":"//*[contains(@data-kt ,\"webshopDetailContractLink\")]"}
COMMAND: POST /session/7b3a28ffc0c0cac2784ec2f305c087be/element/f.29D1ABB2B85C1BCF108638C002AFC1F1.d.D33BAA41627FAE5F65C1716F97EC5311.e.7178/click - {}
RESULT: {}
RESULT: {}
COMMAND: GET /session/7b3a28ffc0c0cac2784ec2f305c087be/screenshot - {}
RESULT: {}
COMMAND: POST /session/7b3a28ffc0c0cac2784ec2f305c087be/element - {"using":"xpath","value":"//button[contains(@data-kt ,\"ContextMenuExternalId2Link\")]"}
RESULT: {"using":"xpath","value":"//button[contains(@data-kt ,\"ContextMenuExternalId2Link\")]"}
COMMAND: POST /session/7b3a28ffc0c0cac2784ec2f305c087be/element/f.29D1ABB2B85C1BCF108638C002AFC1F1.d.D33BAA41627FAE5F65C1716F97EC5311.e.7180/click - {}
RESULT: {}
COMMAND: GET /session/7b3a28ffc0c0cac2784ec2f305c087be/screenshot - {}
RESULT: {}
COMMAND: GET /session/7b3a28ffc0c0cac2784ec2f305c087be/window/handles - {}
RESULT: {}
COMMAND: POST /session/7b3a28ffc0c0cac2784ec2f305c087be/window - {"handle":"3D52CB3CC6CC87BA64AD5E1605D87A7D"}
RESULT: {"handle":"3D52CB3CC6CC87BA64AD5E1605D87A7D"}
COMMAND: GET /session/7b3a28ffc0c0cac2784ec2f305c087be/url - {}
RESULT: {}
COMMAND: GET /session/7b3a28ffc0c0cac2784ec2f305c087be/screenshot - {}
RESULT: {}
COMMAND: POST /session/7b3a28ffc0c0cac2784ec2f305c087be/execute/sync - {"script":"<script> [8489 bytes]","args":[{"element-6066-11e4-a52e-4f735466cecf":"f.29D1ABB2B85C1BCF108638C002AFC1F1.d.D33BAA41627FAE5F65C1716F97EC5311.e.7021","ELEMENT":"f.29D1ABB2B85C1BCF108638C002AFC1F1.d.D33BAA41627FAE5F65C1716F97EC5311.e.7021"}]}
COMMAND: DELETE /session/7b3a28ffc0c0cac2784ec2f305c087be/window - {}
RESULT: {}
COMMAND: POST /session/7b3a28ffc0c0cac2784ec2f305c087be/window - {"handle":"29D1ABB2B85C1BCF108638C002AFC1F1"}
RESULT: {"handle":"29D1ABB2B85C1BCF108638C002AFC1F1"}
COMMAND: GET /session/7b3a28ffc0c0cac2784ec2f305c087be/url - {}
COMMAND: POST /session/7b3a28ffc0c0cac2784ec2f305c087be/element - {"using":"xpath","value":"//span[contains(@id ,\"contractDetailTitleNoExpanded\")][contains(text(), \"10271\")]"}
RESULT: {}
COMMAND: GET /session/7b3a28ffc0c0cac2784ec2f305c087be/screenshot - {}
RESULT: {"using":"xpath","value":"//span[contains(@id ,\"contractDetailTitleNoExpanded\")][contains(text(), \"10271\")]"}
COMMAND: POST /session/7b3a28ffc0c0cac2784ec2f305c087be/element - {"using":"xpath","value":"//span[contains(@id ,\"contractDetailTitleNoExpanded\")][contains(text(), \"10271\")]"}
RESULT: {}
RESULT: {"using":"xpath","value":"//span[contains(@id ,\"contractDetailTitleNoExpanded\")][contains(text(), \"10271\")]"}
COMMAND: POST /session/7b3a28ffc0c0cac2784ec2f305c087be/element - {"using":"xpath","value":"//span[contains(@id ,\"contractDetailTitleNoExpanded\")][contains(text(), \"10271\")]"}
RESULT: {"using":"xpath","value":"//span[contains(@id ,\"contractDetailTitleNoExpanded\")][contains(text(), \"10271\")]"}
COMMAND: POST /session/7b3a28ffc0c0cac2784ec2f305c087be/element - {"using":"xpath","value":"//span[contains(@id ,\"contractDetailTitleNoExpanded\")][contains(text(), \"10271\")]"}
RESULT: {"using":"xpath","value":"//span[contains(@id ,\"contractDetailTitleNoExpanded\")][contains(text(), \"10271\")]"}
COMMAND: POST /session/7b3a28ffc0c0cac2784ec2f305c087be/element - {"using":"xpath","value":"//span[contains(@id ,\"contractDetailTitleNoExpanded\")][contains(text(), \"10271\")]"}
RESULT: {"using":"xpath","value":"//span[contains(@id ,\"contractDetailTitleNoExpanded\")][contains(text(), \"10271\")]"}
COMMAND: POST /session/7b3a28ffc0c0cac2784ec2f305c087be/element - {"using":"xpath","value":"//span[contains(@id ,\"contractDetailTitleNoExpanded\")][contains(text(), \"10271\")]"}
RESULT: {"using":"xpath","value":"//span[contains(@id ,\"contractDetailTitleNoExpanded\")][contains(text(), \"10271\")]"}
COMMAND: POST /session/7b3a28ffc0c0cac2784ec2f305c087be/element - {"using":"xpath","value":"//span[contains(@id ,\"contractDetailTitleNoExpanded\")][contains(text(), \"10271\")]"}
RESULT: {"using":"xpath","value":"//span[contains(@id ,\"contractDetailTitleNoExpanded\")][contains(text(), \"10271\")]"}
COMMAND: POST /session/7b3a28ffc0c0cac2784ec2f305c087be/element - {"using":"xpath","value":"//span[contains(@id ,\"contractDetailTitleNoExpanded\")][contains(text(), \"10271\")]"}
RESULT: {"using":"xpath","value":"//span[contains(@id ,\"contractDetailTitleNoExpanded\")][contains(text(), \"10271\")]"}
COMMAND: POST /session/7b3a28ffc0c0cac2784ec2f305c087be/element - {"using":"xpath","value":"//span[contains(@id ,\"contractDetailTitleNoExpanded\")][contains(text(), \"10271\")]"}
RESULT: {"using":"xpath","value":"//span[contains(@id ,\"contractDetailTitleNoExpanded\")][contains(text(), \"10271\")]"}
COMMAND: POST /session/7b3a28ffc0c0cac2784ec2f305c087be/element - {"using":"xpath","value":"//span[contains(@id ,\"contractDetailTitleNoExpanded\")][contains(text(), \"10271\")]"}
RESULT: {"using":"xpath","value":"//span[contains(@id ,\"contractDetailTitleNoExpanded\")][contains(text(), \"10271\")]"}
COMMAND: POST /session/7b3a28ffc0c0cac2784ec2f305c087be/element - {"using":"xpath","value":"//*[contains(@data-kt ,\"webshopDetailCatalogItemLink\")]"}
RESULT: {"using":"xpath","value":"//*[contains(@data-kt ,\"webshopDetailCatalogItemLink\")]"}
COMMAND: POST /session/7b3a28ffc0c0cac2784ec2f305c087be/execute/sync - {"script":"<script> [8489 bytes]","args":[{"element-6066-11e4-a52e-4f735466cecf":"f.29D1ABB2B85C1BCF108638C002AFC1F1.d.D33BAA41627FAE5F65C1716F97EC5311.e.7302","ELEMENT":"f.29D1ABB2B85C1BCF108638C002AFC1F1.d.D33BAA41627FAE5F65C1716F97EC5311.e.7302"}]}
RESULT: {"script":"<script> [8489 bytes]","args":[{"element-6066-11e4-a52e-4f735466cecf":"f.29D1ABB2B85C1BCF108638C002AFC1F1.d.D33BAA41627FAE5F65C1716F97EC5311.e.7302","ELEMENT":"f.29D1ABB2B85C1BCF108638C002AFC1F1.d.D33BAA41627FAE5F65C1716F97EC5311.e.7302"}]}
COMMAND: POST /session/7b3a28ffc0c0cac2784ec2f305c087be/execute/sync - {"script":"<script> [5351 bytes]","args":[{"element-6066-11e4-a52e-4f735466cecf":"f.29D1ABB2B85C1BCF108638C002AFC1F1.d.D33BAA41627FAE5F65C1716F97EC5311.e.7302","ELEMENT":"f.29D1ABB2B85C1BCF108638C002AFC1F1.d.D33BAA41627FAE5F65C1716F97EC5311.e.7302"}]}
COMMAND: GET /session/7b3a28ffc0c0cac2784ec2f305c087be/screenshot - {}
RESULT: {"script":"<script> [5351 bytes]","args":[{"element-6066-11e4-a52e-4f735466cecf":"f.29D1ABB2B85C1BCF108638C002AFC1F1.d.D33BAA41627FAE5F65C1716F97EC5311.e.7302","ELEMENT":"f.29D1ABB2B85C1BCF108638C002AFC1F1.d.D33BAA41627FAE5F65C1716F97EC5311.e.7302"}]}
COMMAND: POST /session/7b3a28ffc0c0cac2784ec2f305c087be/element - {"using":"xpath","value":"//*[contains(@data-kt ,\"webshopDetailCatalogItemLink\")]"}
COMMAND: GET /session/7b3a28ffc0c0cac2784ec2f305c087be/screenshot - {}
COMMAND: POST /session/7b3a28ffc0c0cac2784ec2f305c087be/element - {"using":"xpath","value":"//span[contains(@id ,\"contractDetailTitleNoExpanded\")][contains(text(), \"10271\")]"}
RESULT: {}
RESULT: {"using":"xpath","value":"//*[contains(@data-kt ,\"webshopDetailCatalogItemLink\")]"}
COMMAND: POST /session/7b3a28ffc0c0cac2784ec2f305c087be/element/f.29D1ABB2B85C1BCF108638C002AFC1F1.d.D33BAA41627FAE5F65C1716F97EC5311.e.7302/click - {}
RESULT: {}
RESULT: {"using":"xpath","value":"//span[contains(@id ,\"contractDetailTitleNoExpanded\")][contains(text(), \"10271\")]"}
COMMAND: POST /session/7b3a28ffc0c0cac2784ec2f305c087be/element - {"using":"xpath","value":"//span[contains(@id ,\"contractDetailTitleNoExpanded\")][contains(text(), \"10271\")]"}
RESULT: {}
COMMAND: GET /session/7b3a28ffc0c0cac2784ec2f305c087be/screenshot - {}
RESULT: {"using":"xpath","value":"//span[contains(@id ,\"contractDetailTitleNoExpanded\")][contains(text(), \"10271\")]"}
COMMAND: POST /session/7b3a28ffc0c0cac2784ec2f305c087be/element - {"using":"xpath","value":"//span[contains(@id ,\"contractDetailTitleNoExpanded\")][contains(text(), \"10271\")]"}
RESULT: {}
RESULT: {"using":"xpath","value":"//span[contains(@id ,\"contractDetailTitleNoExpanded\")][contains(text(), \"10271\")]"}
COMMAND: POST /session/7b3a28ffc0c0cac2784ec2f305c087be/element - {"using":"xpath","value":"//span[contains(@id ,\"contractDetailTitleNoExpanded\")][contains(text(), \"10271\")]"}
RESULT: {"using":"xpath","value":"//span[contains(@id ,\"contractDetailTitleNoExpanded\")][contains(text(), \"10271\")]"}
COMMAND: POST /session/7b3a28ffc0c0cac2784ec2f305c087be/element - {"using":"xpath","value":"//span[contains(@id ,\"contractDetailTitleNoExpanded\")][contains(text(), \"10271\")]"}
RESULT: {"using":"xpath","value":"//span[contains(@id ,\"contractDetailTitleNoExpanded\")][contains(text(), \"10271\")]"}
COMMAND: POST /session/7b3a28ffc0c0cac2784ec2f305c087be/element - {"using":"xpath","value":"//span[contains(@id ,\"contractDetailTitleNoExpanded\")][contains(text(), \"10271\")]"}
RESULT: {"using":"xpath","value":"//span[contains(@id ,\"contractDetailTitleNoExpanded\")][contains(text(), \"10271\")]"}
COMMAND: POST /session/7b3a28ffc0c0cac2784ec2f305c087be/element - {"using":"xpath","value":"//span[contains(@id ,\"contractDetailTitleNoExpanded\")][contains(text(), \"10271\")]"}
RESULT: {"using":"xpath","value":"//span[contains(@id ,\"contractDetailTitleNoExpanded\")][contains(text(), \"10271\")]"}
COMMAND: POST /session/7b3a28ffc0c0cac2784ec2f305c087be/element - {"using":"xpath","value":"//span[contains(@id ,\"contractDetailTitleNoExpanded\")][contains(text(), \"10271\")]"}
RESULT: {"using":"xpath","value":"//span[contains(@id ,\"contractDetailTitleNoExpanded\")][contains(text(), \"10271\")]"}
COMMAND: POST /session/7b3a28ffc0c0cac2784ec2f305c087be/element - {"using":"xpath","value":"//span[contains(@id ,\"contractDetailTitleNoExpanded\")][contains(text(), \"10271\")]"}
RESULT: {"using":"xpath","value":"//span[contains(@id ,\"contractDetailTitleNoExpanded\")][contains(text(), \"10271\")]"}
COMMAND: POST /session/7b3a28ffc0c0cac2784ec2f305c087be/element - {"using":"xpath","value":"//span[contains(@id ,\"contractDetailTitleNoExpanded\")][contains(text(), \"10271\")]"}
RESULT: {"using":"xpath","value":"//span[contains(@id ,\"contractDetailTitleNoExpanded\")][contains(text(), \"10271\")]"}
COMMAND: POST /session/7b3a28ffc0c0cac2784ec2f305c087be/element - {"using":"xpath","value":"(//span[contains(text(), \"Dri-Prime CD150M Diesel Pump\")])[2]"}
RESULT: {"using":"xpath","value":"(//span[contains(text(), \"Dri-Prime CD150M Diesel Pump\")])[2]"}
COMMAND: POST /session/7b3a28ffc0c0cac2784ec2f305c087be/execute/sync - {"script":"<script> [8489 bytes]","args":[{"element-6066-11e4-a52e-4f735466cecf":"f.29D1ABB2B85C1BCF108638C002AFC1F1.d.D33BAA41627FAE5F65C1716F97EC5311.e.7308","ELEMENT":"f.29D1ABB2B85C1BCF108638C002AFC1F1.d.D33BAA41627FAE5F65C1716F97EC5311.e.7308"}]}
COMMAND: POST /session/7b3a28ffc0c0cac2784ec2f305c087be/element - {"using":"xpath","value":"(//span[contains(text(), \"Description\")])[1]"}
RESULT: {"script":"<script> [8489 bytes]","args":[{"element-6066-11e4-a52e-4f735466cecf":"f.29D1ABB2B85C1BCF108638C002AFC1F1.d.D33BAA41627FAE5F65C1716F97EC5311.e.7308","ELEMENT":"f.29D1ABB2B85C1BCF108638C002AFC1F1.d.D33BAA41627FAE5F65C1716F97EC5311.e.7308"}]}
COMMAND: GET /session/7b3a28ffc0c0cac2784ec2f305c087be/screenshot - {}
RESULT: {"using":"xpath","value":"(//span[contains(text(), \"Description\")])[1]"}
COMMAND: GET /session/7b3a28ffc0c0cac2784ec2f305c087be/element/f.29D1ABB2B85C1BCF108638C002AFC1F1.d.D33BAA41627FAE5F65C1716F97EC5311.e.7309/rect - {}
RESULT: {}
RESULT: {}
COMMAND: GET /session/7b3a28ffc0c0cac2784ec2f305c087be/window/rect - {}
COMMAND: POST /session/7b3a28ffc0c0cac2784ec2f305c087be/element - {"using":"xpath","value":"//span[contains(@id ,\"contractDetailTitleNoExpanded\")][contains(text(), \"10271\")]"}
RESULT: {}
COMMAND: POST /session/7b3a28ffc0c0cac2784ec2f305c087be/execute/sync - {"script":"<script> [92 bytes]","args":[]}
RESULT: {"using":"xpath","value":"//span[contains(@id ,\"contractDetailTitleNoExpanded\")][contains(text(), \"10271\")]"}
RESULT: {"script":"<script> [92 bytes]","args":[]}
COMMAND: POST /session/7b3a28ffc0c0cac2784ec2f305c087be/actions - {"actions":[{"id":"action10","type":"wheel","parameters":{},"actions":[{"type":"scroll","x":-1833,"y":-23,"deltaX":0,"deltaY":0,"duration":0,"origin":{"element-6066-11e4-a52e-4f735466cecf":"f.29D1ABB2B85C1BCF108638C002AFC1F1.d.D33BAA41627FAE5F65C1716F97EC5311.e.7309"}}]}]}
COMMAND: GET /session/7b3a28ffc0c0cac2784ec2f305c087be/screenshot - {}
RESULT: {}
COMMAND: POST /session/7b3a28ffc0c0cac2784ec2f305c087be/execute/sync - {"script":"<script> [79 bytes]","args":[{"element-6066-11e4-a52e-4f735466cecf":"f.29D1ABB2B85C1BCF108638C002AFC1F1.d.D33BAA41627FAE5F65C1716F97EC5311.e.7309","ELEMENT":"f.29D1ABB2B85C1BCF108638C002AFC1F1.d.D33BAA41627FAE5F65C1716F97EC5311.e.7309"},{"block":"start","inline":"nearest"}]}
RESULT: {"script":"<script> [79 bytes]","args":[{"element-6066-11e4-a52e-4f735466cecf":"f.29D1ABB2B85C1BCF108638C002AFC1F1.d.D33BAA41627FAE5F65C1716F97EC5311.e.7309","ELEMENT":"f.29D1ABB2B85C1BCF108638C002AFC1F1.d.D33BAA41627FAE5F65C1716F97EC5311.e.7309"},{"block":"start","inline":"nearest"}]}
COMMAND: GET /session/7b3a28ffc0c0cac2784ec2f305c087be/screenshot - {}
RESULT: {}
COMMAND: POST /session/7b3a28ffc0c0cac2784ec2f305c087be/element - {"using":"xpath","value":"//span[contains(@id ,\"contractDetailTitleNoExpanded\")][contains(text(), \"10271\")]"}
RESULT: {"using":"xpath","value":"//span[contains(@id ,\"contractDetailTitleNoExpanded\")][contains(text(), \"10271\")]"}
COMMAND: POST /session/7b3a28ffc0c0cac2784ec2f305c087be/element - {"using":"xpath","value":"//span[contains(@id ,\"contractDetailTitleNoExpanded\")][contains(text(), \"10271\")]"}
RESULT: {"using":"xpath","value":"//span[contains(@id ,\"contractDetailTitleNoExpanded\")][contains(text(), \"10271\")]"}
COMMAND: POST /session/7b3a28ffc0c0cac2784ec2f305c087be/element - {"using":"xpath","value":"//span[contains(@id ,\"contractDetailTitleNoExpanded\")][contains(text(), \"10271\")]"}
RESULT: {"using":"xpath","value":"//span[contains(@id ,\"contractDetailTitleNoExpanded\")][contains(text(), \"10271\")]"}
COMMAND: POST /session/7b3a28ffc0c0cac2784ec2f305c087be/element - {"using":"xpath","value":"//span[contains(@id ,\"contractDetailTitleNoExpanded\")][contains(text(), \"10271\")]"}
RESULT: {"using":"xpath","value":"//span[contains(@id ,\"contractDetailTitleNoExpanded\")][contains(text(), \"10271\")]"}
COMMAND: POST /session/7b3a28ffc0c0cac2784ec2f305c087be/element - {"using":"xpath","value":"//span[contains(@id ,\"contractDetailTitleNoExpanded\")][contains(text(), \"10271\")]"}
RESULT: {"using":"xpath","value":"//span[contains(@id ,\"contractDetailTitleNoExpanded\")][contains(text(), \"10271\")]"}
COMMAND: POST /session/7b3a28ffc0c0cac2784ec2f305c087be/element - {"using":"xpath","value":"//span[contains(@id ,\"contractDetailTitleNoExpanded\")][contains(text(), \"10271\")]"}
RESULT: {"using":"xpath","value":"//span[contains(@id ,\"contractDetailTitleNoExpanded\")][contains(text(), \"10271\")]"}
COMMAND: POST /session/7b3a28ffc0c0cac2784ec2f305c087be/element - {"using":"xpath","value":"(//textarea[@rows=\"15\"])[1]"}
RESULT: {"using":"xpath","value":"(//textarea[@rows=\"15\"])[1]"}
COMMAND: POST /session/7b3a28ffc0c0cac2784ec2f305c087be/execute/sync - {"script":"<script> [8489 bytes]","args":[{"element-6066-11e4-a52e-4f735466cecf":"f.29D1ABB2B85C1BCF108638C002AFC1F1.d.D33BAA41627FAE5F65C1716F97EC5311.e.7307","ELEMENT":"f.29D1ABB2B85C1BCF108638C002AFC1F1.d.D33BAA41627FAE5F65C1716F97EC5311.e.7307"}]}
RESULT: {"script":"<script> [8489 bytes]","args":[{"element-6066-11e4-a52e-4f735466cecf":"f.29D1ABB2B85C1BCF108638C002AFC1F1.d.D33BAA41627FAE5F65C1716F97EC5311.e.7307","ELEMENT":"f.29D1ABB2B85C1BCF108638C002AFC1F1.d.D33BAA41627FAE5F65C1716F97EC5311.e.7307"}]}
COMMAND: GET /session/7b3a28ffc0c0cac2784ec2f305c087be/screenshot - {}
RESULT: {}
COMMAND: POST /session/7b3a28ffc0c0cac2784ec2f305c087be/element - {"using":"xpath","value":"//span[contains(@id ,\"contractDetailTitleNoExpanded\")][contains(text(), \"10271\")]"}
RESULT: {"using":"xpath","value":"//span[contains(@id ,\"contractDetailTitleNoExpanded\")][contains(text(), \"10271\")]"}
COMMAND: POST /session/7b3a28ffc0c0cac2784ec2f305c087be/element - {"using":"xpath","value":"//span[contains(@id ,\"contractDetailTitleNoExpanded\")][contains(text(), \"10271\")]"}
RESULT: {"using":"xpath","value":"//span[contains(@id ,\"contractDetailTitleNoExpanded\")][contains(text(), \"10271\")]"}
COMMAND: POST /session/7b3a28ffc0c0cac2784ec2f305c087be/element - {"using":"xpath","value":"//span[contains(@id ,\"contractDetailTitleNoExpanded\")][contains(text(), \"10271\")]"}
RESULT: {"using":"xpath","value":"//span[contains(@id ,\"contractDetailTitleNoExpanded\")][contains(text(), \"10271\")]"}
COMMAND: POST /session/7b3a28ffc0c0cac2784ec2f305c087be/element - {"using":"xpath","value":"//span[contains(@id ,\"contractDetailTitleNoExpanded\")][contains(text(), \"10271\")]"}
RESULT: {"using":"xpath","value":"//span[contains(@id ,\"contractDetailTitleNoExpanded\")][contains(text(), \"10271\")]"}
COMMAND: POST /session/7b3a28ffc0c0cac2784ec2f305c087be/element - {"using":"xpath","value":"//span[contains(@id ,\"contractDetailTitleNoExpanded\")][contains(text(), \"10271\")]"}
RESULT: {"using":"xpath","value":"//span[contains(@id ,\"contractDetailTitleNoExpanded\")][contains(text(), \"10271\")]"}
COMMAND: POST /session/7b3a28ffc0c0cac2784ec2f305c087be/element - {"using":"xpath","value":"//span[contains(@id ,\"contractDetailTitleNoExpanded\")][contains(text(), \"10271\")]"}
RESULT: {"using":"xpath","value":"//span[contains(@id ,\"contractDetailTitleNoExpanded\")][contains(text(), \"10271\")]"}
COMMAND: POST /session/7b3a28ffc0c0cac2784ec2f305c087be/element - {"using":"xpath","value":"//span[contains(@id ,\"contractDetailTitleNoExpanded\")][contains(text(), \"10271\")]"}
RESULT: {"using":"xpath","value":"//span[contains(@id ,\"contractDetailTitleNoExpanded\")][contains(text(), \"10271\")]"}
COMMAND: POST /session/7b3a28ffc0c0cac2784ec2f305c087be/element - {"using":"xpath","value":"//span[contains(@id ,\"contractDetailTitleNoExpanded\")][contains(text(), \"10271\")]"}
RESULT: {"using":"xpath","value":"//span[contains(@id ,\"contractDetailTitleNoExpanded\")][contains(text(), \"10271\")]"}
COMMAND: POST /session/7b3a28ffc0c0cac2784ec2f305c087be/element - {"using":"xpath","value":"//span[contains(@id ,\"contractDetailTitleNoExpanded\")][contains(text(), \"10271\")]"}
COMMAND: POST /session/7b3a28ffc0c0cac2784ec2f305c087be/execute/async - {"script":"<script> [1562 bytes]","args":[{"selector":{"controlType":"sap.tnt.NavigationListItem","viewName":"etm.portal.ui.webshop.view.RequestDetail","i18NText":{"propertyName":"text","key":"exit"},"interaction":{"idSuffix":"a"}},"wdio_ui5_key":"etmportal.ui.webshop.view.RequestDetailsap.tnt.NavigationListItem{\"propertyName\":\"text\",\"key\":\"exit\"}"}]}
RESULT: {"using":"xpath","value":"//span[contains(@id ,\"contractDetailTitleNoExpanded\")][contains(text(), \"10271\")]"}
COMMAND: POST /session/7b3a28ffc0c0cac2784ec2f305c087be/element - {"using":"xpath","value":"//span[contains(@id ,\"contractDetailTitleNoExpanded\")][contains(text(), \"10271\")]"}
RESULT: {"script":"<script> [1562 bytes]","args":[{"selector":{"controlType":"sap.tnt.NavigationListItem","viewName":"etm.portal.ui.webshop.view.RequestDetail","i18NText":{"propertyName":"text","key":"exit"},"interaction":{"idSuffix":"a"}},"wdio_ui5_key":"etmportal.ui.webshop.view.RequestDetailsap.tnt.NavigationListItem{\"propertyName\":\"text\",\"key\":\"exit\"}"}]}
RESULT: undefined
COMMAND: POST /session/7b3a28ffc0c0cac2784ec2f305c087be/element - {"using":"xpath","value":"//*[@id=\"__item3033\"]"}
RESULT: {"using":"xpath","value":"//span[contains(@id ,\"contractDetailTitleNoExpanded\")][contains(text(), \"10271\")]"}
RESULT: {"using":"xpath","value":"//*[@id=\"__item3033\"]"}
COMMAND: POST /session/7b3a28ffc0c0cac2784ec2f305c087be/element/f.29D1ABB2B85C1BCF108638C002AFC1F1.d.D33BAA41627FAE5F65C1716F97EC5311.e.7315/click - {}
COMMAND: POST /session/7b3a28ffc0c0cac2784ec2f305c087be/element - {"using":"xpath","value":"//span[contains(@id ,\"contractDetailTitleNoExpanded\")][contains(text(), \"10271\")]"}
RESULT: {}
COMMAND: GET /session/7b3a28ffc0c0cac2784ec2f305c087be/screenshot - {}
RESULT: {"using":"xpath","value":"//span[contains(@id ,\"contractDetailTitleNoExpanded\")][contains(text(), \"10271\")]"}
RESULT: {}
COMMAND: POST /session/7b3a28ffc0c0cac2784ec2f305c087be/element - {"using":"xpath","value":"//span[contains(@id ,\"contractDetailTitleNoExpanded\")][contains(text(), \"10271\")]"}
RESULT: {"using":"xpath","value":"//span[contains(@id ,\"contractDetailTitleNoExpanded\")][contains(text(), \"10271\")]"}
COMMAND: POST /session/7b3a28ffc0c0cac2784ec2f305c087be/element - {"using":"xpath","value":"//span[contains(@id ,\"contractDetailTitleNoExpanded\")][contains(text(), \"10271\")]"}
RESULT: {"using":"xpath","value":"//span[contains(@id ,\"contractDetailTitleNoExpanded\")][contains(text(), \"10271\")]"}
COMMAND: POST /session/7b3a28ffc0c0cac2784ec2f305c087be/element - {"using":"xpath","value":"//span[contains(@id ,\"contractDetailTitleNoExpanded\")][contains(text(), \"10271\")]"}
RESULT: {"using":"xpath","value":"//span[contains(@id ,\"contractDetailTitleNoExpanded\")][contains(text(), \"10271\")]"}
COMMAND: POST /session/7b3a28ffc0c0cac2784ec2f305c087be/element - {"using":"xpath","value":"//span[contains(@id ,\"contractDetailTitleNoExpanded\")][contains(text(), \"10271\")]"}
RESULT: {"using":"xpath","value":"//span[contains(@id ,\"contractDetailTitleNoExpanded\")][contains(text(), \"10271\")]"}
COMMAND: POST /session/7b3a28ffc0c0cac2784ec2f305c087be/element - {"using":"xpath","value":"//span[contains(@id ,\"contractDetailTitleNoExpanded\")][contains(text(), \"10271\")]"}
RESULT: {"using":"xpath","value":"//span[contains(@id ,\"contractDetailTitleNoExpanded\")][contains(text(), \"10271\")]"}
COMMAND: POST /session/7b3a28ffc0c0cac2784ec2f305c087be/element - {"using":"xpath","value":"//span[contains(@id ,\"contractDetailTitleNoExpanded\")][contains(text(), \"10271\")]"}
RESULT: {"using":"xpath","value":"//span[contains(@id ,\"contractDetailTitleNoExpanded\")][contains(text(), \"10271\")]"}
COMMAND: POST /session/7b3a28ffc0c0cac2784ec2f305c087be/element - {"using":"css selector","value":"#shell-header-logo"}
RESULT: {"using":"css selector","value":"#shell-header-logo"}
COMMAND: POST /session/7b3a28ffc0c0cac2784ec2f305c087be/element/f.29D1ABB2B85C1BCF108638C002AFC1F1.d.D33BAA41627FAE5F65C1716F97EC5311.e.3218/click - {}
COMMAND: POST /session/7b3a28ffc0c0cac2784ec2f305c087be/element - {"using":"xpath","value":"//span[contains(@id ,\"contractDetailTitleNoExpanded\")][contains(text(), \"10271\")]"}
RESULT: {}
COMMAND: GET /session/7b3a28ffc0c0cac2784ec2f305c087be/screenshot - {}
RESULT: {"using":"xpath","value":"//span[contains(@id ,\"contractDetailTitleNoExpanded\")][contains(text(), \"10271\")]"}
RESULT: {}
COMMAND: POST /session/7b3a28ffc0c0cac2784ec2f305c087be/element - {"using":"xpath","value":"//span[contains(@id ,\"contractDetailTitleNoExpanded\")][contains(text(), \"10271\")]"}
RESULT: {"using":"xpath","value":"//span[contains(@id ,\"contractDetailTitleNoExpanded\")][contains(text(), \"10271\")]"}
COMMAND: POST /session/7b3a28ffc0c0cac2784ec2f305c087be/element - {"using":"xpath","value":"//span[contains(@id ,\"contractDetailTitleNoExpanded\")][contains(text(), \"10271\")]"}
RESULT: {"using":"xpath","value":"//span[contains(@id ,\"contractDetailTitleNoExpanded\")][contains(text(), \"10271\")]"}
COMMAND: POST /session/7b3a28ffc0c0cac2784ec2f305c087be/element - {"using":"xpath","value":"//span[contains(@id ,\"contractDetailTitleNoExpanded\")][contains(text(), \"10271\")]"}
RESULT: {"using":"xpath","value":"//span[contains(@id ,\"contractDetailTitleNoExpanded\")][contains(text(), \"10271\")]"}
COMMAND: POST /session/7b3a28ffc0c0cac2784ec2f305c087be/element - {"using":"xpath","value":"//span[contains(@id ,\"contractDetailTitleNoExpanded\")][contains(text(), \"10271\")]"}
RESULT: {"using":"xpath","value":"//span[contains(@id ,\"contractDetailTitleNoExpanded\")][contains(text(), \"10271\")]"}
COMMAND: POST /session/7b3a28ffc0c0cac2784ec2f305c087be/element - {"using":"xpath","value":"//span[contains(@id ,\"contractDetailTitleNoExpanded\")][contains(text(), \"10271\")]"}
RESULT: {"using":"xpath","value":"//span[contains(@id ,\"contractDetailTitleNoExpanded\")][contains(text(), \"10271\")]"}
]]></system-out>
    </testcase>
  </testsuite>
  <testsuite timestamp="2025-05-26T16:27:30" time="67.439" tests="1" failures="0" errors="0" skipped="0">
    <properties>
      <property name="specId" value="0"/>
      <property name="suiteName" value="Add items into the basket without creating a request US151315"/>
      <property name="capabilities" value="chrome.136_0_7103_93.windows"/>
      <property name="file" value="file:///D:/a/1/s/test/specs/R2C/add-items-into-basket-wo-creating-a-request.spec.js"/>
    </properties>
    <testcase classname="chrome.136_0_7103_93.windows.Add_items_into_the_basket_without_creating_a_request_US151315" name="Should verify if a catalog item can be added without creating a request" time="64.252">
      <system-out><![CDATA[
RESULT: undefined
COMMAND: POST /session/7b3a28ffc0c0cac2784ec2f305c087be/element - {"using":"xpath","value":"//*[@id=\"__tile49\"]"}
RESULT: {"using":"xpath","value":"//*[@id=\"__tile49\"]"}
COMMAND: POST /session/7b3a28ffc0c0cac2784ec2f305c087be/element/f.29D1ABB2B85C1BCF108638C002AFC1F1.d.D33BAA41627FAE5F65C1716F97EC5311.e.1175/click - {}
COMMAND: POST /session/7b3a28ffc0c0cac2784ec2f305c087be/element - {"using":"xpath","value":"//span[contains(@id ,\"contractDetailTitleNoExpanded\")][contains(text(), \"10271\")]"}
RESULT: {}
COMMAND: GET /session/7b3a28ffc0c0cac2784ec2f305c087be/screenshot - {}
RESULT: {"using":"xpath","value":"//span[contains(@id ,\"contractDetailTitleNoExpanded\")][contains(text(), \"10271\")]"}
RESULT: {}
COMMAND: POST /session/7b3a28ffc0c0cac2784ec2f305c087be/element - {"using":"xpath","value":"//span[contains(@id ,\"contractDetailTitleNoExpanded\")][contains(text(), \"10271\")]"}
RESULT: {"using":"xpath","value":"//span[contains(@id ,\"contractDetailTitleNoExpanded\")][contains(text(), \"10271\")]"}
COMMAND: POST /session/7b3a28ffc0c0cac2784ec2f305c087be/elements - {"using":"xpath","value":"//span[text()='Error']"}
COMMAND: POST /session/7b3a28ffc0c0cac2784ec2f305c087be/element - {"using":"xpath","value":"//span[contains(@id ,\"contractDetailTitleNoExpanded\")][contains(text(), \"10271\")]"}
RESULT: {"using":"xpath","value":"//span[text()='Error']"}
RESULT: {"using":"xpath","value":"//span[contains(@id ,\"contractDetailTitleNoExpanded\")][contains(text(), \"10271\")]"}
COMMAND: POST /session/7b3a28ffc0c0cac2784ec2f305c087be/element - {"using":"xpath","value":"//span[contains(@id ,\"contractDetailTitleNoExpanded\")][contains(text(), \"10271\")]"}
RESULT: {"using":"xpath","value":"//span[contains(@id ,\"contractDetailTitleNoExpanded\")][contains(text(), \"10271\")]"}
COMMAND: POST /session/7b3a28ffc0c0cac2784ec2f305c087be/element - {"using":"xpath","value":"//span[contains(@id ,\"contractDetailTitleNoExpanded\")][contains(text(), \"10271\")]"}
RESULT: {"using":"xpath","value":"//span[contains(@id ,\"contractDetailTitleNoExpanded\")][contains(text(), \"10271\")]"}
COMMAND: POST /session/7b3a28ffc0c0cac2784ec2f305c087be/element - {"using":"xpath","value":"//span[contains(@id ,\"contractDetailTitleNoExpanded\")][contains(text(), \"10271\")]"}
RESULT: {"using":"xpath","value":"//span[contains(@id ,\"contractDetailTitleNoExpanded\")][contains(text(), \"10271\")]"}
COMMAND: POST /session/7b3a28ffc0c0cac2784ec2f305c087be/element - {"using":"xpath","value":"//span[contains(@id ,\"contractDetailTitleNoExpanded\")][contains(text(), \"10271\")]"}
RESULT: {"using":"xpath","value":"//span[contains(@id ,\"contractDetailTitleNoExpanded\")][contains(text(), \"10271\")]"}
COMMAND: POST /session/7b3a28ffc0c0cac2784ec2f305c087be/element - {"using":"xpath","value":"//span[contains(@id ,\"contractDetailTitleNoExpanded\")][contains(text(), \"10271\")]"}
RESULT: {"using":"xpath","value":"//span[contains(@id ,\"contractDetailTitleNoExpanded\")][contains(text(), \"10271\")]"}
COMMAND: POST /session/7b3a28ffc0c0cac2784ec2f305c087be/element - {"using":"xpath","value":"//span[contains(@id ,\"contractDetailTitleNoExpanded\")][contains(text(), \"10271\")]"}
RESULT: {"using":"xpath","value":"//span[contains(@id ,\"contractDetailTitleNoExpanded\")][contains(text(), \"10271\")]"}
COMMAND: POST /session/7b3a28ffc0c0cac2784ec2f305c087be/element - {"using":"xpath","value":"//span[contains(@id ,\"contractDetailTitleNoExpanded\")][contains(text(), \"10271\")]"}
RESULT: {"using":"xpath","value":"//span[contains(@id ,\"contractDetailTitleNoExpanded\")][contains(text(), \"10271\")]"}
COMMAND: POST /session/7b3a28ffc0c0cac2784ec2f305c087be/element - {"using":"xpath","value":"//span[contains(@id ,\"contractDetailTitleNoExpanded\")][contains(text(), \"10271\")]"}
RESULT: {"using":"xpath","value":"//span[contains(@id ,\"contractDetailTitleNoExpanded\")][contains(text(), \"10271\")]"}
COMMAND: POST /session/7b3a28ffc0c0cac2784ec2f305c087be/element - {"using":"xpath","value":"//span[contains(@id ,\"contractDetailTitleNoExpanded\")][contains(text(), \"10271\")]"}
RESULT: {"using":"xpath","value":"//span[contains(@id ,\"contractDetailTitleNoExpanded\")][contains(text(), \"10271\")]"}
COMMAND: POST /session/7b3a28ffc0c0cac2784ec2f305c087be/element - {"using":"xpath","value":"//span[contains(@id ,\"contractDetailTitleNoExpanded\")][contains(text(), \"10271\")]"}
RESULT: {"using":"xpath","value":"//span[contains(@id ,\"contractDetailTitleNoExpanded\")][contains(text(), \"10271\")]"}
COMMAND: POST /session/7b3a28ffc0c0cac2784ec2f305c087be/element - {"using":"xpath","value":"//span[contains(@id ,\"contractDetailTitleNoExpanded\")][contains(text(), \"10271\")]"}
RESULT: {"using":"xpath","value":"//span[contains(@id ,\"contractDetailTitleNoExpanded\")][contains(text(), \"10271\")]"}
COMMAND: POST /session/7b3a28ffc0c0cac2784ec2f305c087be/element - {"using":"xpath","value":"//span[contains(@id ,\"contractDetailTitleNoExpanded\")][contains(text(), \"10271\")]"}
RESULT: {"using":"xpath","value":"//span[contains(@id ,\"contractDetailTitleNoExpanded\")][contains(text(), \"10271\")]"}
COMMAND: POST /session/7b3a28ffc0c0cac2784ec2f305c087be/element - {"using":"xpath","value":"//span[contains(@id ,\"contractDetailTitleNoExpanded\")][contains(text(), \"10271\")]"}
RESULT: {"using":"xpath","value":"//span[contains(@id ,\"contractDetailTitleNoExpanded\")][contains(text(), \"10271\")]"}
COMMAND: POST /session/7b3a28ffc0c0cac2784ec2f305c087be/element - {"using":"xpath","value":"//span[contains(@id ,\"contractDetailTitleNoExpanded\")][contains(text(), \"10271\")]"}
RESULT: {"using":"xpath","value":"//span[contains(@id ,\"contractDetailTitleNoExpanded\")][contains(text(), \"10271\")]"}
COMMAND: POST /session/7b3a28ffc0c0cac2784ec2f305c087be/element - {"using":"xpath","value":"//span[contains(@id ,\"contractDetailTitleNoExpanded\")][contains(text(), \"10271\")]"}
RESULT: {"using":"xpath","value":"//span[contains(@id ,\"contractDetailTitleNoExpanded\")][contains(text(), \"10271\")]"}
COMMAND: POST /session/7b3a28ffc0c0cac2784ec2f305c087be/element - {"using":"xpath","value":"//span[contains(@id ,\"contractDetailTitleNoExpanded\")][contains(text(), \"10271\")]"}
RESULT: {"using":"xpath","value":"//span[contains(@id ,\"contractDetailTitleNoExpanded\")][contains(text(), \"10271\")]"}
COMMAND: POST /session/7b3a28ffc0c0cac2784ec2f305c087be/element - {"using":"xpath","value":"//span[contains(@id ,\"contractDetailTitleNoExpanded\")][contains(text(), \"10271\")]"}
RESULT: {"using":"xpath","value":"//span[contains(@id ,\"contractDetailTitleNoExpanded\")][contains(text(), \"10271\")]"}
COMMAND: POST /session/7b3a28ffc0c0cac2784ec2f305c087be/element - {"using":"xpath","value":"//span[contains(@id ,\"contractDetailTitleNoExpanded\")][contains(text(), \"10271\")]"}
RESULT: {"using":"xpath","value":"//span[contains(@id ,\"contractDetailTitleNoExpanded\")][contains(text(), \"10271\")]"}
COMMAND: POST /session/7b3a28ffc0c0cac2784ec2f305c087be/element - {"using":"xpath","value":"//span[contains(@id ,\"contractDetailTitleNoExpanded\")][contains(text(), \"10271\")]"}
RESULT: {"using":"xpath","value":"//span[contains(@id ,\"contractDetailTitleNoExpanded\")][contains(text(), \"10271\")]"}
COMMAND: POST /session/7b3a28ffc0c0cac2784ec2f305c087be/element - {"using":"xpath","value":"//span[contains(@id ,\"contractDetailTitleNoExpanded\")][contains(text(), \"10271\")]"}
RESULT: {"using":"xpath","value":"//span[contains(@id ,\"contractDetailTitleNoExpanded\")][contains(text(), \"10271\")]"}
COMMAND: POST /session/7b3a28ffc0c0cac2784ec2f305c087be/element - {"using":"xpath","value":"//span[contains(@id ,\"contractDetailTitleNoExpanded\")][contains(text(), \"10271\")]"}
RESULT: {"using":"xpath","value":"//span[contains(@id ,\"contractDetailTitleNoExpanded\")][contains(text(), \"10271\")]"}
COMMAND: POST /session/7b3a28ffc0c0cac2784ec2f305c087be/element - {"using":"css selector","value":"#requestCreationDialog--createRequestPopUp-title-inner"}
RESULT: {"using":"css selector","value":"#requestCreationDialog--createRequestPopUp-title-inner"}
COMMAND: POST /session/7b3a28ffc0c0cac2784ec2f305c087be/execute/sync - {"script":"<script> [8489 bytes]","args":[{"element-6066-11e4-a52e-4f735466cecf":"f.29D1ABB2B85C1BCF108638C002AFC1F1.d.D33BAA41627FAE5F65C1716F97EC5311.e.7368","ELEMENT":"f.29D1ABB2B85C1BCF108638C002AFC1F1.d.D33BAA41627FAE5F65C1716F97EC5311.e.7368"}]}
RESULT: {"script":"<script> [8489 bytes]","args":[{"element-6066-11e4-a52e-4f735466cecf":"f.29D1ABB2B85C1BCF108638C002AFC1F1.d.D33BAA41627FAE5F65C1716F97EC5311.e.7368","ELEMENT":"f.29D1ABB2B85C1BCF108638C002AFC1F1.d.D33BAA41627FAE5F65C1716F97EC5311.e.7368"}]}
COMMAND: GET /session/7b3a28ffc0c0cac2784ec2f305c087be/element/f.29D1ABB2B85C1BCF108638C002AFC1F1.d.D33BAA41627FAE5F65C1716F97EC5311.e.7368/enabled - {}
COMMAND: GET /session/7b3a28ffc0c0cac2784ec2f305c087be/screenshot - {}
RESULT: {}
COMMAND: POST /session/7b3a28ffc0c0cac2784ec2f305c087be/element - {"using":"xpath","value":"//span[contains(@id ,\"requestCreationDialog--cancelButton-content\")]"}
COMMAND: GET /session/7b3a28ffc0c0cac2784ec2f305c087be/screenshot - {}
RESULT: {}
RESULT: {"using":"xpath","value":"//span[contains(@id ,\"requestCreationDialog--cancelButton-content\")]"}
COMMAND: POST /session/7b3a28ffc0c0cac2784ec2f305c087be/element/f.29D1ABB2B85C1BCF108638C002AFC1F1.d.D33BAA41627FAE5F65C1716F97EC5311.e.7369/click - {}
RESULT: {}
RESULT: {}
COMMAND: GET /session/7b3a28ffc0c0cac2784ec2f305c087be/screenshot - {}
RESULT: {}
COMMAND: POST /session/7b3a28ffc0c0cac2784ec2f305c087be/element - {"using":"xpath","value":"//input[contains(@id ,\"searchFiledId-I\")]"}
RESULT: {"using":"xpath","value":"//input[contains(@id ,\"searchFiledId-I\")]"}
COMMAND: POST /session/7b3a28ffc0c0cac2784ec2f305c087be/element/f.29D1ABB2B85C1BCF108638C002AFC1F1.d.D33BAA41627FAE5F65C1716F97EC5311.e.7318/value - {"text":"Dri-Prime CD150M Diesel Pump"}
RESULT: {"text":"Dri-Prime CD150M Diesel Pump"}
COMMAND: POST /session/7b3a28ffc0c0cac2784ec2f305c087be/actions - {"actions":[{"id":"action11","type":"key","parameters":{},"actions":[{"type":"keyDown","value":""},{"type":"pause","duration":10},{"type":"keyUp","value":""}]}]}
COMMAND: GET /session/7b3a28ffc0c0cac2784ec2f305c087be/screenshot - {}
RESULT: {"actions":[{"id":"action11","type":"key","parameters":{},"actions":[{"type":"keyDown","value":""},{"type":"pause","duration":10},{"type":"keyUp","value":""}]}]}
COMMAND: GET /session/7b3a28ffc0c0cac2784ec2f305c087be/screenshot - {}
RESULT: {}
RESULT: {}
COMMAND: POST /session/7b3a28ffc0c0cac2784ec2f305c087be/element - {"using":"xpath","value":"//span[contains(@id ,\"subTitle\")][contains(text(), \"Dri-Prime CD150M Diesel Pump\")]"}
RESULT: {"using":"xpath","value":"//span[contains(@id ,\"subTitle\")][contains(text(), \"Dri-Prime CD150M Diesel Pump\")]"}
COMMAND: POST /session/7b3a28ffc0c0cac2784ec2f305c087be/element/f.29D1ABB2B85C1BCF108638C002AFC1F1.d.D33BAA41627FAE5F65C1716F97EC5311.e.7376/click - {}
RESULT: {}
COMMAND: GET /session/7b3a28ffc0c0cac2784ec2f305c087be/screenshot - {}
RESULT: {}
COMMAND: POST /session/7b3a28ffc0c0cac2784ec2f305c087be/element - {"using":"xpath","value":"//bdi[contains(text(), \"Add to Request\")]"}
RESULT: {"using":"xpath","value":"//bdi[contains(text(), \"Add to Request\")]"}
COMMAND: POST /session/7b3a28ffc0c0cac2784ec2f305c087be/element/f.29D1ABB2B85C1BCF108638C002AFC1F1.d.D33BAA41627FAE5F65C1716F97EC5311.e.7389/click - {}
RESULT: {}
COMMAND: POST /session/7b3a28ffc0c0cac2784ec2f305c087be/element - {"using":"xpath","value":"//div[contains(@class ,\"sapMMessageToast sapUiSelectable sapContrast sapContrastPlus sapUiUserSelectable\")]"}
COMMAND: GET /session/7b3a28ffc0c0cac2784ec2f305c087be/screenshot - {}
RESULT: {"using":"xpath","value":"//div[contains(@class ,\"sapMMessageToast sapUiSelectable sapContrast sapContrastPlus sapUiUserSelectable\")]"}
COMMAND: POST /session/7b3a28ffc0c0cac2784ec2f305c087be/execute/sync - {"script":"<script> [8489 bytes]","args":[{"element-6066-11e4-a52e-4f735466cecf":"f.29D1ABB2B85C1BCF108638C002AFC1F1.d.D33BAA41627FAE5F65C1716F97EC5311.e.7393","ELEMENT":"f.29D1ABB2B85C1BCF108638C002AFC1F1.d.D33BAA41627FAE5F65C1716F97EC5311.e.7393"}]}
RESULT: {}
RESULT: {"script":"<script> [8489 bytes]","args":[{"element-6066-11e4-a52e-4f735466cecf":"f.29D1ABB2B85C1BCF108638C002AFC1F1.d.D33BAA41627FAE5F65C1716F97EC5311.e.7393","ELEMENT":"f.29D1ABB2B85C1BCF108638C002AFC1F1.d.D33BAA41627FAE5F65C1716F97EC5311.e.7393"}]}
COMMAND: GET /session/7b3a28ffc0c0cac2784ec2f305c087be/element/f.29D1ABB2B85C1BCF108638C002AFC1F1.d.D33BAA41627FAE5F65C1716F97EC5311.e.7393/text - {}
COMMAND: GET /session/7b3a28ffc0c0cac2784ec2f305c087be/screenshot - {}
RESULT: {}
RESULT: {}
COMMAND: POST /session/7b3a28ffc0c0cac2784ec2f305c087be/element - {"using":"xpath","value":"//bdi[contains(@id ,\"activeCartId-BDI-content\")]"}
RESULT: {"using":"xpath","value":"//bdi[contains(@id ,\"activeCartId-BDI-content\")]"}
COMMAND: GET /session/7b3a28ffc0c0cac2784ec2f305c087be/element/f.29D1ABB2B85C1BCF108638C002AFC1F1.d.D33BAA41627FAE5F65C1716F97EC5311.e.7394/text - {}
RESULT: {}
COMMAND: POST /session/7b3a28ffc0c0cac2784ec2f305c087be/element - {"using":"xpath","value":"//li[@title=\"Exit\"]"}
RESULT: {"using":"xpath","value":"//li[@title=\"Exit\"]"}
COMMAND: POST /session/7b3a28ffc0c0cac2784ec2f305c087be/element/f.29D1ABB2B85C1BCF108638C002AFC1F1.d.D33BAA41627FAE5F65C1716F97EC5311.e.7395/click - {}
RESULT: {}
COMMAND: GET /session/7b3a28ffc0c0cac2784ec2f305c087be/screenshot - {}
RESULT: {}
COMMAND: POST /session/7b3a28ffc0c0cac2784ec2f305c087be/element - {"using":"css selector","value":"#shell-header-logo"}
RESULT: {"using":"css selector","value":"#shell-header-logo"}
COMMAND: POST /session/7b3a28ffc0c0cac2784ec2f305c087be/element/f.29D1ABB2B85C1BCF108638C002AFC1F1.d.D33BAA41627FAE5F65C1716F97EC5311.e.7405/click - {}
RESULT: {}
COMMAND: GET /session/7b3a28ffc0c0cac2784ec2f305c087be/screenshot - {}
RESULT: {}
]]></system-out>
    </testcase>
  </testsuite>
  <testsuite timestamp="2025-05-26T16:28:37" time="144.562" tests="1" failures="0" errors="0" skipped="0">
    <properties>
      <property name="specId" value="0"/>
      <property name="suiteName" value=" Webshop - Request management - Verifying the Master List - Filtering /Sorting - Deleting - Creating US151314"/>
      <property name="capabilities" value="chrome.136_0_7103_93.windows"/>
      <property name="file" value="file:///D:/a/1/s/test/specs/R2C/webshop-request-management-verify-master-list.spec.js"/>
    </properties>
    <testcase classname="chrome.136_0_7103_93.windows._Webshop_-_Request_management_-_Verifying_the_Master_List_-_Filtering_/Sorting_-_Deleting_-_Creating_US151314" name="Should navigate to request management in webshop and verify the filters" time="141.372">
      <system-out><![CDATA[
RESULT: undefined
COMMAND: POST /session/7b3a28ffc0c0cac2784ec2f305c087be/element - {"using":"xpath","value":"//*[@id=\"__tile49\"]"}
RESULT: {"using":"xpath","value":"//*[@id=\"__tile49\"]"}
COMMAND: POST /session/7b3a28ffc0c0cac2784ec2f305c087be/element/f.29D1ABB2B85C1BCF108638C002AFC1F1.d.D33BAA41627FAE5F65C1716F97EC5311.e.1175/click - {}
RESULT: {}
COMMAND: GET /session/7b3a28ffc0c0cac2784ec2f305c087be/screenshot - {}
RESULT: {}
COMMAND: POST /session/7b3a28ffc0c0cac2784ec2f305c087be/elements - {"using":"xpath","value":"//span[text()='Error']"}
RESULT: {"using":"xpath","value":"//span[text()='Error']"}
COMMAND: POST /session/7b3a28ffc0c0cac2784ec2f305c087be/execute/async - {"script":"<script> [1562 bytes]","args":[{"selector":{"id":"requestCreationDialog--cancelButton","searchOpenDialogs":true,"interaction":{"idSuffix":"BDI-content"}},"wdio_ui5_key":"requestCreationDialogcancelButton"}]}
RESULT: {"script":"<script> [1562 bytes]","args":[{"selector":{"id":"requestCreationDialog--cancelButton","searchOpenDialogs":true,"interaction":{"idSuffix":"BDI-content"}},"wdio_ui5_key":"requestCreationDialogcancelButton"}]}
RESULT: undefined
COMMAND: POST /session/7b3a28ffc0c0cac2784ec2f305c087be/element - {"using":"xpath","value":"//*[@id=\"requestCreationDialog--cancelButton\"]"}
RESULT: {"using":"xpath","value":"//*[@id=\"requestCreationDialog--cancelButton\"]"}
COMMAND: POST /session/7b3a28ffc0c0cac2784ec2f305c087be/element/f.29D1ABB2B85C1BCF108638C002AFC1F1.d.D33BAA41627FAE5F65C1716F97EC5311.e.7458/click - {}
RESULT: {}
COMMAND: GET /session/7b3a28ffc0c0cac2784ec2f305c087be/screenshot - {}
RESULT: {}
COMMAND: POST /session/7b3a28ffc0c0cac2784ec2f305c087be/execute/async - {"script":"<script> [1562 bytes]","args":[{"selector":{"controlType":"sap.tnt.NavigationListItem","viewName":"etm.portal.ui.webshop.view.Homepage","i18NText":{"propertyName":"text","key":"requestsManagement"},"interaction":{"idSuffix":"a"}},"wdio_ui5_key":"etmportal.ui.webshop.view.Homepagesap.tnt.NavigationListItem{\"propertyName\":\"text\",\"key\":\"requestsManagement\"}"}]}
RESULT: {"script":"<script> [1562 bytes]","args":[{"selector":{"controlType":"sap.tnt.NavigationListItem","viewName":"etm.portal.ui.webshop.view.Homepage","i18NText":{"propertyName":"text","key":"requestsManagement"},"interaction":{"idSuffix":"a"}},"wdio_ui5_key":"etmportal.ui.webshop.view.Homepagesap.tnt.NavigationListItem{\"propertyName\":\"text\",\"key\":\"requestsManagement\"}"}]}
RESULT: undefined
COMMAND: POST /session/7b3a28ffc0c0cac2784ec2f305c087be/element - {"using":"xpath","value":"//*[@id=\"__item3105\"]"}
RESULT: {"using":"xpath","value":"//*[@id=\"__item3105\"]"}
COMMAND: POST /session/7b3a28ffc0c0cac2784ec2f305c087be/element/f.29D1ABB2B85C1BCF108638C002AFC1F1.d.D33BAA41627FAE5F65C1716F97EC5311.e.7460/click - {}
RESULT: {}
COMMAND: GET /session/7b3a28ffc0c0cac2784ec2f305c087be/screenshot - {}
RESULT: {}
COMMAND: POST /session/7b3a28ffc0c0cac2784ec2f305c087be/element - {"using":"xpath","value":"//input[contains(@id ,\"smartFilterBar-btnBasicSearch-I\")]"}
RESULT: {"using":"xpath","value":"//input[contains(@id ,\"smartFilterBar-btnBasicSearch-I\")]"}
COMMAND: POST /session/7b3a28ffc0c0cac2784ec2f305c087be/element/f.29D1ABB2B85C1BCF108638C002AFC1F1.d.D33BAA41627FAE5F65C1716F97EC5311.e.7465/clear - {}
RESULT: {}
COMMAND: POST /session/7b3a28ffc0c0cac2784ec2f305c087be/element/f.29D1ABB2B85C1BCF108638C002AFC1F1.d.D33BAA41627FAE5F65C1716F97EC5311.e.7465/value - {"text":"20001"}
COMMAND: GET /session/7b3a28ffc0c0cac2784ec2f305c087be/screenshot - {}
RESULT: {}
RESULT: {"text":"20001"}
COMMAND: GET /session/7b3a28ffc0c0cac2784ec2f305c087be/screenshot - {}
RESULT: {}
COMMAND: POST /session/7b3a28ffc0c0cac2784ec2f305c087be/actions - {"actions":[{"id":"action12","type":"key","parameters":{},"actions":[{"type":"keyDown","value":""},{"type":"pause","duration":10},{"type":"keyUp","value":""}]}]}
RESULT: {"actions":[{"id":"action12","type":"key","parameters":{},"actions":[{"type":"keyDown","value":""},{"type":"pause","duration":10},{"type":"keyUp","value":""}]}]}
COMMAND: GET /session/7b3a28ffc0c0cac2784ec2f305c087be/screenshot - {}
RESULT: {}
COMMAND: POST /session/7b3a28ffc0c0cac2784ec2f305c087be/execute/async - {"script":"<script> [1562 bytes]","args":[{"selector":{"controlType":"sap.m.Title","viewName":"etm.portal.ui.webshop.view.RequestMaster","properties":{"text":"Records (1)"}},"wdio_ui5_key":"etmportal.ui.webshop.view.RequestMastersap.m.Title{\"text\":\"Records (1)\"}"}]}
RESULT: {"script":"<script> [1562 bytes]","args":[{"selector":{"controlType":"sap.m.Title","viewName":"etm.portal.ui.webshop.view.RequestMaster","properties":{"text":"Records (1)"}},"wdio_ui5_key":"etmportal.ui.webshop.view.RequestMastersap.m.Title{\"text\":\"Records (1)\"}"}]}
RESULT: undefined
COMMAND: POST /session/7b3a28ffc0c0cac2784ec2f305c087be/execute/async - {"script":"<script> [6424 bytes]","args":[{"element-6066-11e4-a52e-4f735466cecf":"f.29D1ABB2B85C1BCF108638C002AFC1F1.d.D33BAA41627FAE5F65C1716F97EC5311.e.7550"},"getText",[]]}
RESULT: {"script":"<script> [6424 bytes]","args":[{"element-6066-11e4-a52e-4f735466cecf":"f.29D1ABB2B85C1BCF108638C002AFC1F1.d.D33BAA41627FAE5F65C1716F97EC5311.e.7550"},"getText",[]]}
COMMAND: POST /session/7b3a28ffc0c0cac2784ec2f305c087be/element - {"using":"xpath","value":"//div[contains(@id ,\"smartFilterBar-btnBasicSearch-reset\")]"}
RESULT: {"using":"xpath","value":"//div[contains(@id ,\"smartFilterBar-btnBasicSearch-reset\")]"}
COMMAND: POST /session/7b3a28ffc0c0cac2784ec2f305c087be/element/f.29D1ABB2B85C1BCF108638C002AFC1F1.d.D33BAA41627FAE5F65C1716F97EC5311.e.7551/click - {}
RESULT: {}
COMMAND: GET /session/7b3a28ffc0c0cac2784ec2f305c087be/screenshot - {}
RESULT: {}
COMMAND: POST /session/7b3a28ffc0c0cac2784ec2f305c087be/element - {"using":"xpath","value":"//input[contains(@id ,\"smartStatusFilter-inner\")]"}
RESULT: {"using":"xpath","value":"//input[contains(@id ,\"smartStatusFilter-inner\")]"}
COMMAND: POST /session/7b3a28ffc0c0cac2784ec2f305c087be/element/f.29D1ABB2B85C1BCF108638C002AFC1F1.d.D33BAA41627FAE5F65C1716F97EC5311.e.7470/clear - {}
RESULT: {}
COMMAND: POST /session/7b3a28ffc0c0cac2784ec2f305c087be/element/f.29D1ABB2B85C1BCF108638C002AFC1F1.d.D33BAA41627FAE5F65C1716F97EC5311.e.7470/value - {"text":"draft"}
COMMAND: GET /session/7b3a28ffc0c0cac2784ec2f305c087be/screenshot - {}
RESULT: {"text":"draft"}
COMMAND: GET /session/7b3a28ffc0c0cac2784ec2f305c087be/screenshot - {}
RESULT: {}
RESULT: {}
COMMAND: POST /session/7b3a28ffc0c0cac2784ec2f305c087be/actions - {"actions":[{"id":"action13","type":"key","parameters":{},"actions":[{"type":"keyDown","value":""},{"type":"pause","duration":10},{"type":"keyUp","value":""}]}]}
RESULT: {"actions":[{"id":"action13","type":"key","parameters":{},"actions":[{"type":"keyDown","value":""},{"type":"pause","duration":10},{"type":"keyUp","value":""}]}]}
COMMAND: GET /session/7b3a28ffc0c0cac2784ec2f305c087be/screenshot - {}
RESULT: {}
COMMAND: POST /session/7b3a28ffc0c0cac2784ec2f305c087be/execute/async - {"script":"<script> [1562 bytes]","args":[{"selector":{"controlType":"sap.m.ObjectStatus","viewName":"etm.portal.ui.webshop.view.RequestMaster","bindingPath":{"propertyPath":"STATUS_DESCRIPTION"}},"wdio_ui5_key":"etmportal.ui.webshop.view.RequestMastersap.m.ObjectStatus{\"propertyPath\":\"STATUS_DESCRIPTION\"}"}]}
RESULT: {"script":"<script> [1562 bytes]","args":[{"selector":{"controlType":"sap.m.ObjectStatus","viewName":"etm.portal.ui.webshop.view.RequestMaster","bindingPath":{"propertyPath":"STATUS_DESCRIPTION"}},"wdio_ui5_key":"etmportal.ui.webshop.view.RequestMastersap.m.ObjectStatus{\"propertyPath\":\"STATUS_DESCRIPTION\"}"}]}
RESULT: undefined
COMMAND: POST /session/7b3a28ffc0c0cac2784ec2f305c087be/execute/async - {"script":"<script> [6424 bytes]","args":[{"element-6066-11e4-a52e-4f735466cecf":"f.29D1ABB2B85C1BCF108638C002AFC1F1.d.D33BAA41627FAE5F65C1716F97EC5311.e.7606"},"getText",[]]}
RESULT: {"script":"<script> [6424 bytes]","args":[{"element-6066-11e4-a52e-4f735466cecf":"f.29D1ABB2B85C1BCF108638C002AFC1F1.d.D33BAA41627FAE5F65C1716F97EC5311.e.7606"},"getText",[]]}
COMMAND: POST /session/7b3a28ffc0c0cac2784ec2f305c087be/element - {"using":"xpath","value":"//span[contains(@title ,\"Remove\")]"}
RESULT: {"using":"xpath","value":"//span[contains(@title ,\"Remove\")]"}
COMMAND: POST /session/7b3a28ffc0c0cac2784ec2f305c087be/element/f.29D1ABB2B85C1BCF108638C002AFC1F1.d.D33BAA41627FAE5F65C1716F97EC5311.e.7607/click - {}
RESULT: {}
COMMAND: GET /session/7b3a28ffc0c0cac2784ec2f305c087be/screenshot - {}
RESULT: {}
COMMAND: POST /session/7b3a28ffc0c0cac2784ec2f305c087be/element - {"using":"xpath","value":"//input[contains(@id ,\"smartStatusFilter-inner\")]"}
RESULT: {"using":"xpath","value":"//input[contains(@id ,\"smartStatusFilter-inner\")]"}
COMMAND: POST /session/7b3a28ffc0c0cac2784ec2f305c087be/element/f.29D1ABB2B85C1BCF108638C002AFC1F1.d.D33BAA41627FAE5F65C1716F97EC5311.e.7470/clear - {}
RESULT: {}
COMMAND: POST /session/7b3a28ffc0c0cac2784ec2f305c087be/element/f.29D1ABB2B85C1BCF108638C002AFC1F1.d.D33BAA41627FAE5F65C1716F97EC5311.e.7470/value - {"text":"created"}
COMMAND: GET /session/7b3a28ffc0c0cac2784ec2f305c087be/screenshot - {}
RESULT: {"text":"created"}
COMMAND: GET /session/7b3a28ffc0c0cac2784ec2f305c087be/screenshot - {}
RESULT: {}
RESULT: {}
COMMAND: POST /session/7b3a28ffc0c0cac2784ec2f305c087be/actions - {"actions":[{"id":"action14","type":"key","parameters":{},"actions":[{"type":"keyDown","value":""},{"type":"pause","duration":10},{"type":"keyUp","value":""}]}]}
RESULT: {"actions":[{"id":"action14","type":"key","parameters":{},"actions":[{"type":"keyDown","value":""},{"type":"pause","duration":10},{"type":"keyUp","value":""}]}]}
COMMAND: GET /session/7b3a28ffc0c0cac2784ec2f305c087be/screenshot - {}
RESULT: {}
RESULT: undefined
COMMAND: POST /session/7b3a28ffc0c0cac2784ec2f305c087be/execute/async - {"script":"<script> [6424 bytes]","args":[{"element-6066-11e4-a52e-4f735466cecf":"f.29D1ABB2B85C1BCF108638C002AFC1F1.d.D33BAA41627FAE5F65C1716F97EC5311.e.7606"},"getText",[]]}
COMMAND: POST /session/7b3a28ffc0c0cac2784ec2f305c087be/execute/async - {"script":"<script> [1562 bytes]","args":[{"selector":{"controlType":"sap.m.ObjectStatus","viewName":"etm.portal.ui.webshop.view.RequestMaster","bindingPath":{"propertyPath":"STATUS_DESCRIPTION"}},"wdio_ui5_key":"etmportal.ui.webshop.view.RequestMastersap.m.ObjectStatus{\"propertyPath\":\"STATUS_DESCRIPTION\"}"}]}
RESULT: {"script":"<script> [1562 bytes]","args":[{"selector":{"controlType":"sap.m.ObjectStatus","viewName":"etm.portal.ui.webshop.view.RequestMaster","bindingPath":{"propertyPath":"STATUS_DESCRIPTION"}},"wdio_ui5_key":"etmportal.ui.webshop.view.RequestMastersap.m.ObjectStatus{\"propertyPath\":\"STATUS_DESCRIPTION\"}"}]}
COMMAND: POST /session/7b3a28ffc0c0cac2784ec2f305c087be/execute/async - {"script":"<script> [6424 bytes]","args":[{"element-6066-11e4-a52e-4f735466cecf":"f.29D1ABB2B85C1BCF108638C002AFC1F1.d.D33BAA41627FAE5F65C1716F97EC5311.e.7663"},"getText",[]]}
RESULT: {"script":"<script> [6424 bytes]","args":[{"element-6066-11e4-a52e-4f735466cecf":"f.29D1ABB2B85C1BCF108638C002AFC1F1.d.D33BAA41627FAE5F65C1716F97EC5311.e.7663"},"getText",[]]}
COMMAND: POST /session/7b3a28ffc0c0cac2784ec2f305c087be/element - {"using":"xpath","value":"//span[contains(@title ,\"Remove\")]"}
RESULT: {"using":"xpath","value":"//span[contains(@title ,\"Remove\")]"}
COMMAND: POST /session/7b3a28ffc0c0cac2784ec2f305c087be/element/f.29D1ABB2B85C1BCF108638C002AFC1F1.d.D33BAA41627FAE5F65C1716F97EC5311.e.7664/click - {}
RESULT: {}
COMMAND: GET /session/7b3a28ffc0c0cac2784ec2f305c087be/screenshot - {}
RESULT: {}
COMMAND: POST /session/7b3a28ffc0c0cac2784ec2f305c087be/execute/async - {"script":"<script> [1562 bytes]","args":[{"selector":{"controlType":"sap.m.Button","viewName":"etm.portal.ui.webshop.view.RequestMaster","properties":{"text":"Filters (1)"},"interaction":{"idSuffix":"BDI-content"}},"wdio_ui5_key":"etmportal.ui.webshop.view.RequestMastersap.m.Button{\"text\":\"Filters (1)\"}"}]}
RESULT: {"script":"<script> [1562 bytes]","args":[{"selector":{"controlType":"sap.m.Button","viewName":"etm.portal.ui.webshop.view.RequestMaster","properties":{"text":"Filters (1)"},"interaction":{"idSuffix":"BDI-content"}},"wdio_ui5_key":"etmportal.ui.webshop.view.RequestMastersap.m.Button{\"text\":\"Filters (1)\"}"}]}
RESULT: undefined
COMMAND: POST /session/7b3a28ffc0c0cac2784ec2f305c087be/element - {"using":"xpath","value":"//*[@id=\"__xmlview74--smartFilterBar-btnFilters\"]"}
RESULT: {"using":"xpath","value":"//*[@id=\"__xmlview74--smartFilterBar-btnFilters\"]"}
COMMAND: POST /session/7b3a28ffc0c0cac2784ec2f305c087be/element/f.29D1ABB2B85C1BCF108638C002AFC1F1.d.D33BAA41627FAE5F65C1716F97EC5311.e.7486/click - {}
RESULT: {}
COMMAND: GET /session/7b3a28ffc0c0cac2784ec2f305c087be/screenshot - {}
RESULT: {}
COMMAND: POST /session/7b3a28ffc0c0cac2784ec2f305c087be/element - {"using":"xpath","value":"//input[contains(@id ,\"searchField-I\")]"}
RESULT: {"using":"xpath","value":"//input[contains(@id ,\"searchField-I\")]"}
COMMAND: POST /session/7b3a28ffc0c0cac2784ec2f305c087be/element/f.29D1ABB2B85C1BCF108638C002AFC1F1.d.D33BAA41627FAE5F65C1716F97EC5311.e.7714/clear - {}
RESULT: {}
COMMAND: POST /session/7b3a28ffc0c0cac2784ec2f305c087be/element/f.29D1ABB2B85C1BCF108638C002AFC1F1.d.D33BAA41627FAE5F65C1716F97EC5311.e.7714/value - {"text":"tags"}
COMMAND: GET /session/7b3a28ffc0c0cac2784ec2f305c087be/screenshot - {}
RESULT: {"text":"tags"}
COMMAND: GET /session/7b3a28ffc0c0cac2784ec2f305c087be/screenshot - {}
RESULT: {}
RESULT: {}
COMMAND: POST /session/7b3a28ffc0c0cac2784ec2f305c087be/element - {"using":"xpath","value":"(//div[contains(@id ,\"selectMulti\")][@role=\"checkbox\"])[8]"}
RESULT: {"using":"xpath","value":"(//div[contains(@id ,\"selectMulti\")][@role=\"checkbox\"])[8]"}
COMMAND: POST /session/7b3a28ffc0c0cac2784ec2f305c087be/element/f.29D1ABB2B85C1BCF108638C002AFC1F1.d.D33BAA41627FAE5F65C1716F97EC5311.e.7721/click - {}
RESULT: {}
COMMAND: GET /session/7b3a28ffc0c0cac2784ec2f305c087be/screenshot - {}
RESULT: {}
COMMAND: POST /session/7b3a28ffc0c0cac2784ec2f305c087be/execute/async - {"script":"<script> [1562 bytes]","args":[{"selector":{"controlType":"sap.m.Button","viewName":"etm.portal.ui.webshop.view.RequestMaster","properties":{"text":"OK"},"searchOpenDialogs":true,"interaction":{"idSuffix":"BDI-content"}},"wdio_ui5_key":"etmportal.ui.webshop.view.RequestMastersap.m.Button{\"text\":\"OK\"}"}]}
RESULT: {"script":"<script> [1562 bytes]","args":[{"selector":{"controlType":"sap.m.Button","viewName":"etm.portal.ui.webshop.view.RequestMaster","properties":{"text":"OK"},"searchOpenDialogs":true,"interaction":{"idSuffix":"BDI-content"}},"wdio_ui5_key":"etmportal.ui.webshop.view.RequestMastersap.m.Button{\"text\":\"OK\"}"}]}
RESULT: undefined
COMMAND: POST /session/7b3a28ffc0c0cac2784ec2f305c087be/element - {"using":"xpath","value":"//*[@id=\"__xmlview74--smartFilterBar-adapt-filters-dialog-confirmBtn\"]"}
RESULT: {"using":"xpath","value":"//*[@id=\"__xmlview74--smartFilterBar-adapt-filters-dialog-confirmBtn\"]"}
COMMAND: POST /session/7b3a28ffc0c0cac2784ec2f305c087be/element/f.29D1ABB2B85C1BCF108638C002AFC1F1.d.D33BAA41627FAE5F65C1716F97EC5311.e.7725/click - {}
RESULT: {}
COMMAND: GET /session/7b3a28ffc0c0cac2784ec2f305c087be/screenshot - {}
RESULT: {}
COMMAND: POST /session/7b3a28ffc0c0cac2784ec2f305c087be/element - {"using":"xpath","value":"//input[contains(@id ,\"smartFilterBar-filterItemControlA_-ALL_TAGS-inner\")]"}
RESULT: {"using":"xpath","value":"//input[contains(@id ,\"smartFilterBar-filterItemControlA_-ALL_TAGS-inner\")]"}
COMMAND: POST /session/7b3a28ffc0c0cac2784ec2f305c087be/element/f.29D1ABB2B85C1BCF108638C002AFC1F1.d.D33BAA41627FAE5F65C1716F97EC5311.e.7733/clear - {}
RESULT: {}
COMMAND: POST /session/7b3a28ffc0c0cac2784ec2f305c087be/element/f.29D1ABB2B85C1BCF108638C002AFC1F1.d.D33BAA41627FAE5F65C1716F97EC5311.e.7733/value - {"text":"tag1"}
COMMAND: GET /session/7b3a28ffc0c0cac2784ec2f305c087be/screenshot - {}
RESULT: {"text":"tag1"}
COMMAND: GET /session/7b3a28ffc0c0cac2784ec2f305c087be/screenshot - {}
RESULT: {}
RESULT: {}
COMMAND: POST /session/7b3a28ffc0c0cac2784ec2f305c087be/actions - {"actions":[{"id":"action15","type":"key","parameters":{},"actions":[{"type":"keyDown","value":""},{"type":"pause","duration":10},{"type":"keyUp","value":""}]}]}
RESULT: {"actions":[{"id":"action15","type":"key","parameters":{},"actions":[{"type":"keyDown","value":""},{"type":"pause","duration":10},{"type":"keyUp","value":""}]}]}
COMMAND: GET /session/7b3a28ffc0c0cac2784ec2f305c087be/screenshot - {}
RESULT: {}
RESULT: undefined
COMMAND: POST /session/7b3a28ffc0c0cac2784ec2f305c087be/execute/async - {"script":"<script> [6424 bytes]","args":[{"element-6066-11e4-a52e-4f735466cecf":"f.29D1ABB2B85C1BCF108638C002AFC1F1.d.D33BAA41627FAE5F65C1716F97EC5311.e.7550"},"getText",[]]}
RESULT: {"script":"<script> [6424 bytes]","args":[{"element-6066-11e4-a52e-4f735466cecf":"f.29D1ABB2B85C1BCF108638C002AFC1F1.d.D33BAA41627FAE5F65C1716F97EC5311.e.7550"},"getText",[]]}
COMMAND: POST /session/7b3a28ffc0c0cac2784ec2f305c087be/execute/async - {"script":"<script> [1562 bytes]","args":[{"selector":{"controlType":"sap.ui.core.Icon","viewName":"etm.portal.ui.webshop.view.RequestMaster","properties":{"src":{"regex":{"source":"action\\-settings"}}}},"wdio_ui5_key":"etmportal.ui.webshop.view.RequestMastersap.ui.core.Icon{\"src\":{\"regex\":{\"source\":\"action\\\\-settings\"}}}"}]}
RESULT: {"script":"<script> [1562 bytes]","args":[{"selector":{"controlType":"sap.ui.core.Icon","viewName":"etm.portal.ui.webshop.view.RequestMaster","properties":{"src":{"regex":{"source":"action\\-settings"}}}},"wdio_ui5_key":"etmportal.ui.webshop.view.RequestMastersap.ui.core.Icon{\"src\":{\"regex\":{\"source\":\"action\\\\-settings\"}}}"}]}
RESULT: undefined
COMMAND: POST /session/7b3a28ffc0c0cac2784ec2f305c087be/element - {"using":"xpath","value":"//*[@id=\"__xmlview74--smartTable-btnPersonalisation-img\"]"}
RESULT: {"using":"xpath","value":"//*[@id=\"__xmlview74--smartTable-btnPersonalisation-img\"]"}
COMMAND: POST /session/7b3a28ffc0c0cac2784ec2f305c087be/element/f.29D1ABB2B85C1BCF108638C002AFC1F1.d.D33BAA41627FAE5F65C1716F97EC5311.e.7511/click - {}
RESULT: {}
COMMAND: GET /session/7b3a28ffc0c0cac2784ec2f305c087be/screenshot - {}
RESULT: {}
COMMAND: POST /session/7b3a28ffc0c0cac2784ec2f305c087be/element - {"using":"xpath","value":"//input[contains(@id ,\"searchField-I\")]"}
RESULT: {"using":"xpath","value":"//input[contains(@id ,\"searchField-I\")]"}
COMMAND: POST /session/7b3a28ffc0c0cac2784ec2f305c087be/element/f.29D1ABB2B85C1BCF108638C002AFC1F1.d.D33BAA41627FAE5F65C1716F97EC5311.e.7762/clear - {}
RESULT: {}
COMMAND: POST /session/7b3a28ffc0c0cac2784ec2f305c087be/element/f.29D1ABB2B85C1BCF108638C002AFC1F1.d.D33BAA41627FAE5F65C1716F97EC5311.e.7762/value - {"text":"tags"}
COMMAND: GET /session/7b3a28ffc0c0cac2784ec2f305c087be/screenshot - {}
RESULT: {"text":"tags"}
COMMAND: GET /session/7b3a28ffc0c0cac2784ec2f305c087be/screenshot - {}
RESULT: {}
RESULT: {}
COMMAND: POST /session/7b3a28ffc0c0cac2784ec2f305c087be/element - {"using":"xpath","value":"(//div[contains(@id ,\"selectMulti\")][@role=\"checkbox\"])[8]"}
RESULT: {"using":"xpath","value":"(//div[contains(@id ,\"selectMulti\")][@role=\"checkbox\"])[8]"}
COMMAND: POST /session/7b3a28ffc0c0cac2784ec2f305c087be/element/f.29D1ABB2B85C1BCF108638C002AFC1F1.d.D33BAA41627FAE5F65C1716F97EC5311.e.7830/click - {}
RESULT: {}
COMMAND: GET /session/7b3a28ffc0c0cac2784ec2f305c087be/screenshot - {}
RESULT: {}
COMMAND: POST /session/7b3a28ffc0c0cac2784ec2f305c087be/element - {"using":"xpath","value":"//div[contains(@id ,\"searchField-reset\")]"}
RESULT: {"using":"xpath","value":"//div[contains(@id ,\"searchField-reset\")]"}
COMMAND: POST /session/7b3a28ffc0c0cac2784ec2f305c087be/element - {"using":"xpath","value":"//input[contains(@id ,\"searchField-I\")]"}
RESULT: {"using":"xpath","value":"//input[contains(@id ,\"searchField-I\")]"}
COMMAND: POST /session/7b3a28ffc0c0cac2784ec2f305c087be/element/f.29D1ABB2B85C1BCF108638C002AFC1F1.d.D33BAA41627FAE5F65C1716F97EC5311.e.7762/clear - {}
RESULT: {}
COMMAND: POST /session/7b3a28ffc0c0cac2784ec2f305c087be/element/f.29D1ABB2B85C1BCF108638C002AFC1F1.d.D33BAA41627FAE5F65C1716F97EC5311.e.7762/value - {"text":"status"}
COMMAND: GET /session/7b3a28ffc0c0cac2784ec2f305c087be/screenshot - {}
RESULT: {"text":"status"}
COMMAND: GET /session/7b3a28ffc0c0cac2784ec2f305c087be/screenshot - {}
RESULT: {}
RESULT: {}
COMMAND: POST /session/7b3a28ffc0c0cac2784ec2f305c087be/element - {"using":"xpath","value":"(//div[contains(@id ,\"selectMulti\")][@role=\"checkbox\"])[8]"}
RESULT: {"using":"xpath","value":"(//div[contains(@id ,\"selectMulti\")][@role=\"checkbox\"])[8]"}
COMMAND: POST /session/7b3a28ffc0c0cac2784ec2f305c087be/element/f.29D1ABB2B85C1BCF108638C002AFC1F1.d.D33BAA41627FAE5F65C1716F97EC5311.e.7830/click - {}
RESULT: {}
COMMAND: GET /session/7b3a28ffc0c0cac2784ec2f305c087be/screenshot - {}
RESULT: {}
COMMAND: POST /session/7b3a28ffc0c0cac2784ec2f305c087be/element - {"using":"xpath","value":"//bdi[contains(@id ,\"confirmBtn-BDI-content\")]"}
RESULT: {"using":"xpath","value":"//bdi[contains(@id ,\"confirmBtn-BDI-content\")]"}
COMMAND: POST /session/7b3a28ffc0c0cac2784ec2f305c087be/element/f.29D1ABB2B85C1BCF108638C002AFC1F1.d.D33BAA41627FAE5F65C1716F97EC5311.e.7843/click - {}
RESULT: {}
COMMAND: GET /session/7b3a28ffc0c0cac2784ec2f305c087be/screenshot - {}
RESULT: {}
COMMAND: POST /session/7b3a28ffc0c0cac2784ec2f305c087be/element - {"using":"xpath","value":"(//span[contains(text(), \"Status\")])[2]"}
RESULT: {"using":"xpath","value":"(//span[contains(text(), \"Status\")])[2]"}
COMMAND: POST /session/7b3a28ffc0c0cac2784ec2f305c087be/element - {"using":"xpath","value":"(//span[contains(text(), \"Status\")])[2]"}
RESULT: {"using":"xpath","value":"(//span[contains(text(), \"Status\")])[2]"}
COMMAND: POST /session/7b3a28ffc0c0cac2784ec2f305c087be/element - {"using":"xpath","value":"(//bdi[contains(text(), \"Tags\")])[2]"}
RESULT: {"using":"xpath","value":"(//bdi[contains(text(), \"Tags\")])[2]"}
COMMAND: POST /session/7b3a28ffc0c0cac2784ec2f305c087be/execute/sync - {"script":"<script> [8489 bytes]","args":[{"element-6066-11e4-a52e-4f735466cecf":"f.29D1ABB2B85C1BCF108638C002AFC1F1.d.D33BAA41627FAE5F65C1716F97EC5311.e.7850","ELEMENT":"f.29D1ABB2B85C1BCF108638C002AFC1F1.d.D33BAA41627FAE5F65C1716F97EC5311.e.7850"}]}
RESULT: {"script":"<script> [8489 bytes]","args":[{"element-6066-11e4-a52e-4f735466cecf":"f.29D1ABB2B85C1BCF108638C002AFC1F1.d.D33BAA41627FAE5F65C1716F97EC5311.e.7850","ELEMENT":"f.29D1ABB2B85C1BCF108638C002AFC1F1.d.D33BAA41627FAE5F65C1716F97EC5311.e.7850"}]}
COMMAND: POST /session/7b3a28ffc0c0cac2784ec2f305c087be/element - {"using":"xpath","value":"//span[contains(@title ,\"Remove\")]"}
COMMAND: GET /session/7b3a28ffc0c0cac2784ec2f305c087be/screenshot - {}
RESULT: {"using":"xpath","value":"//span[contains(@title ,\"Remove\")]"}
COMMAND: POST /session/7b3a28ffc0c0cac2784ec2f305c087be/element/f.29D1ABB2B85C1BCF108638C002AFC1F1.d.D33BAA41627FAE5F65C1716F97EC5311.e.7851/click - {}
RESULT: {}
RESULT: {}
COMMAND: GET /session/7b3a28ffc0c0cac2784ec2f305c087be/screenshot - {}
RESULT: {}
COMMAND: POST /session/7b3a28ffc0c0cac2784ec2f305c087be/element - {"using":"xpath","value":"//button[contains(@id ,\"btnDeleteRequest\")]"}
RESULT: {"using":"xpath","value":"//button[contains(@id ,\"btnDeleteRequest\")]"}
COMMAND: POST /session/7b3a28ffc0c0cac2784ec2f305c087be/element - {"using":"xpath","value":"//button[contains(@id ,\"btnDeleteRequest\")]"}
RESULT: {"using":"xpath","value":"//button[contains(@id ,\"btnDeleteRequest\")]"}
COMMAND: POST /session/7b3a28ffc0c0cac2784ec2f305c087be/element - {"using":"xpath","value":"(//span[contains(text(), \"Draft\")])[1]"}
RESULT: {"using":"xpath","value":"(//span[contains(text(), \"Draft\")])[1]"}
COMMAND: POST /session/7b3a28ffc0c0cac2784ec2f305c087be/element/f.29D1ABB2B85C1BCF108638C002AFC1F1.d.D33BAA41627FAE5F65C1716F97EC5311.e.7879/click - {}
RESULT: {}
COMMAND: GET /session/7b3a28ffc0c0cac2784ec2f305c087be/screenshot - {}
RESULT: {}
COMMAND: POST /session/7b3a28ffc0c0cac2784ec2f305c087be/element - {"using":"xpath","value":"//button[contains(@id ,\"btnDeleteRequest\")]"}
RESULT: {"using":"xpath","value":"//button[contains(@id ,\"btnDeleteRequest\")]"}
COMMAND: POST /session/7b3a28ffc0c0cac2784ec2f305c087be/execute/sync - {"script":"<script> [8489 bytes]","args":[{"element-6066-11e4-a52e-4f735466cecf":"f.29D1ABB2B85C1BCF108638C002AFC1F1.d.D33BAA41627FAE5F65C1716F97EC5311.e.7910","ELEMENT":"f.29D1ABB2B85C1BCF108638C002AFC1F1.d.D33BAA41627FAE5F65C1716F97EC5311.e.7910"}]}
RESULT: {"script":"<script> [8489 bytes]","args":[{"element-6066-11e4-a52e-4f735466cecf":"f.29D1ABB2B85C1BCF108638C002AFC1F1.d.D33BAA41627FAE5F65C1716F97EC5311.e.7910","ELEMENT":"f.29D1ABB2B85C1BCF108638C002AFC1F1.d.D33BAA41627FAE5F65C1716F97EC5311.e.7910"}]}
COMMAND: POST /session/7b3a28ffc0c0cac2784ec2f305c087be/element - {"using":"xpath","value":"(//span[contains(text(), \"Proposal\")])[1]"}
COMMAND: GET /session/7b3a28ffc0c0cac2784ec2f305c087be/screenshot - {}
RESULT: {"using":"xpath","value":"(//span[contains(text(), \"Proposal\")])[1]"}
COMMAND: POST /session/7b3a28ffc0c0cac2784ec2f305c087be/element/f.29D1ABB2B85C1BCF108638C002AFC1F1.d.D33BAA41627FAE5F65C1716F97EC5311.e.7949/click - {}
RESULT: {}
RESULT: {}
COMMAND: GET /session/7b3a28ffc0c0cac2784ec2f305c087be/screenshot - {}
RESULT: {}
COMMAND: POST /session/7b3a28ffc0c0cac2784ec2f305c087be/execute/sync - {"script":"<script> [8489 bytes]","args":[{"element-6066-11e4-a52e-4f735466cecf":"f.29D1ABB2B85C1BCF108638C002AFC1F1.d.D33BAA41627FAE5F65C1716F97EC5311.e.7910","ELEMENT":"f.29D1ABB2B85C1BCF108638C002AFC1F1.d.D33BAA41627FAE5F65C1716F97EC5311.e.7910"}]}
RESULT: {"script":"<script> [8489 bytes]","args":[{"element-6066-11e4-a52e-4f735466cecf":"f.29D1ABB2B85C1BCF108638C002AFC1F1.d.D33BAA41627FAE5F65C1716F97EC5311.e.7910","ELEMENT":"f.29D1ABB2B85C1BCF108638C002AFC1F1.d.D33BAA41627FAE5F65C1716F97EC5311.e.7910"}]}
COMMAND: POST /session/7b3a28ffc0c0cac2784ec2f305c087be/element - {"using":"xpath","value":"//li[contains(@data-kt ,\"exitWebshopNavigationListItem\")]"}
COMMAND: GET /session/7b3a28ffc0c0cac2784ec2f305c087be/screenshot - {}
RESULT: {"using":"xpath","value":"//li[contains(@data-kt ,\"exitWebshopNavigationListItem\")]"}
COMMAND: POST /session/7b3a28ffc0c0cac2784ec2f305c087be/element/f.29D1ABB2B85C1BCF108638C002AFC1F1.d.D33BAA41627FAE5F65C1716F97EC5311.e.8026/click - {}
RESULT: {}
RESULT: {}
COMMAND: GET /session/7b3a28ffc0c0cac2784ec2f305c087be/screenshot - {}
RESULT: {}
]]></system-out>
    </testcase>
  </testsuite>
  <testsuite timestamp="2025-05-26T16:31:02" time="259.408" tests="1" failures="0" errors="0" skipped="0">
    <properties>
      <property name="specId" value="0"/>
      <property name="suiteName" value="Webshop edit draft change dates pickup and delete items  US151281"/>
      <property name="capabilities" value="chrome.136_0_7103_93.windows"/>
      <property name="file" value="file:///D:/a/1/s/test/specs/R2C/webshop-edit-draft-dates-pickup-delete-items.spec.js"/>
    </properties>
    <testcase classname="chrome.136_0_7103_93.windows.Webshop_edit_draft_change_dates_pickup_and_delete_items__US151281" name="Should create a new draft and add the catalog items" time="258.653">
      <system-out><![CDATA[
RESULT: undefined
COMMAND: POST /session/7b3a28ffc0c0cac2784ec2f305c087be/element - {"using":"xpath","value":"//*[@id=\"__tile49\"]"}
RESULT: {"using":"xpath","value":"//*[@id=\"__tile49\"]"}
COMMAND: POST /session/7b3a28ffc0c0cac2784ec2f305c087be/element/f.29D1ABB2B85C1BCF108638C002AFC1F1.d.D33BAA41627FAE5F65C1716F97EC5311.e.1175/click - {}
RESULT: {}
COMMAND: GET /session/7b3a28ffc0c0cac2784ec2f305c087be/screenshot - {}
RESULT: {}
COMMAND: POST /session/7b3a28ffc0c0cac2784ec2f305c087be/elements - {"using":"xpath","value":"//span[text()='Error']"}
RESULT: {"using":"xpath","value":"//span[text()='Error']"}
COMMAND: POST /session/7b3a28ffc0c0cac2784ec2f305c087be/element - {"using":"css selector","value":"#requestCreationDialog--createRequestPopUp-title-inner"}
RESULT: {"using":"css selector","value":"#requestCreationDialog--createRequestPopUp-title-inner"}
COMMAND: POST /session/7b3a28ffc0c0cac2784ec2f305c087be/execute/sync - {"script":"<script> [8489 bytes]","args":[{"element-6066-11e4-a52e-4f735466cecf":"f.29D1ABB2B85C1BCF108638C002AFC1F1.d.D33BAA41627FAE5F65C1716F97EC5311.e.8083","ELEMENT":"f.29D1ABB2B85C1BCF108638C002AFC1F1.d.D33BAA41627FAE5F65C1716F97EC5311.e.8083"}]}
RESULT: {"script":"<script> [8489 bytes]","args":[{"element-6066-11e4-a52e-4f735466cecf":"f.29D1ABB2B85C1BCF108638C002AFC1F1.d.D33BAA41627FAE5F65C1716F97EC5311.e.8083","ELEMENT":"f.29D1ABB2B85C1BCF108638C002AFC1F1.d.D33BAA41627FAE5F65C1716F97EC5311.e.8083"}]}
COMMAND: GET /session/7b3a28ffc0c0cac2784ec2f305c087be/element/f.29D1ABB2B85C1BCF108638C002AFC1F1.d.D33BAA41627FAE5F65C1716F97EC5311.e.8083/enabled - {}
COMMAND: GET /session/7b3a28ffc0c0cac2784ec2f305c087be/screenshot - {}
RESULT: {}
RESULT: undefined
COMMAND: POST /session/7b3a28ffc0c0cac2784ec2f305c087be/execute/async - {"script":"<script> [776 bytes]","args":[{"enterText":"WebdriverTest","selector":{"id":"requestCreationDialog--requestName","searchOpenDialogs":true,"interaction":{"idSuffix":"inner"}},"clearTextFirst":true,"interactionType":"ENTER_TEXT"}]}
COMMAND: GET /session/7b3a28ffc0c0cac2784ec2f305c087be/screenshot - {}
RESULT: {}
RESULT: {"script":"<script> [776 bytes]","args":[{"enterText":"WebdriverTest","selector":{"id":"requestCreationDialog--requestName","searchOpenDialogs":true,"interaction":{"idSuffix":"inner"}},"clearTextFirst":true,"interactionType":"ENTER_TEXT"}]}
COMMAND: POST /session/7b3a28ffc0c0cac2784ec2f305c087be/element - {"using":"xpath","value":"//input[contains(@id ,\"requestCreationDialog--contract-inner\")]"}
RESULT: {}
RESULT: {"using":"xpath","value":"//input[contains(@id ,\"requestCreationDialog--contract-inner\")]"}
COMMAND: POST /session/7b3a28ffc0c0cac2784ec2f305c087be/element/f.29D1ABB2B85C1BCF108638C002AFC1F1.d.D33BAA41627FAE5F65C1716F97EC5311.e.8069/clear - {}
RESULT: {}
COMMAND: POST /session/7b3a28ffc0c0cac2784ec2f305c087be/element/f.29D1ABB2B85C1BCF108638C002AFC1F1.d.D33BAA41627FAE5F65C1716F97EC5311.e.8069/value - {"text":"10271"}
COMMAND: GET /session/7b3a28ffc0c0cac2784ec2f305c087be/screenshot - {}
RESULT: {"text":"10271"}
COMMAND: GET /session/7b3a28ffc0c0cac2784ec2f305c087be/screenshot - {}
RESULT: {}
RESULT: {}
COMMAND: POST /session/7b3a28ffc0c0cac2784ec2f305c087be/actions - {"actions":[{"id":"action16","type":"key","parameters":{},"actions":[{"type":"keyDown","value":""},{"type":"pause","duration":10},{"type":"keyUp","value":""}]}]}
RESULT: {"actions":[{"id":"action16","type":"key","parameters":{},"actions":[{"type":"keyDown","value":""},{"type":"pause","duration":10},{"type":"keyUp","value":""}]}]}
COMMAND: GET /session/7b3a28ffc0c0cac2784ec2f305c087be/screenshot - {}
RESULT: {}
COMMAND: POST /session/7b3a28ffc0c0cac2784ec2f305c087be/element - {"using":"xpath","value":"//input[contains(@id ,\"requestCreationDialog--contract-inner\")]"}
RESULT: {"using":"xpath","value":"//input[contains(@id ,\"requestCreationDialog--contract-inner\")]"}
COMMAND: GET /session/7b3a28ffc0c0cac2784ec2f305c087be/element/f.29D1ABB2B85C1BCF108638C002AFC1F1.d.D33BAA41627FAE5F65C1716F97EC5311.e.8069/property/value - {}
RESULT: {}
COMMAND: POST /session/7b3a28ffc0c0cac2784ec2f305c087be/element - {"using":"xpath","value":"//input[contains(@id ,\"requestCreationDialog--contract-inner\")]"}
COMMAND: GET /session/7b3a28ffc0c0cac2784ec2f305c087be/screenshot - {}
RESULT: {"using":"xpath","value":"//input[contains(@id ,\"requestCreationDialog--contract-inner\")]"}
RESULT: undefined
COMMAND: POST /session/7b3a28ffc0c0cac2784ec2f305c087be/element - {"using":"xpath","value":"//*[@id=\"requestCreationDialog--okButton\"]"}
RESULT: {}
RESULT: {"using":"xpath","value":"//*[@id=\"requestCreationDialog--okButton\"]"}
COMMAND: POST /session/7b3a28ffc0c0cac2784ec2f305c087be/element/f.29D1ABB2B85C1BCF108638C002AFC1F1.d.D33BAA41627FAE5F65C1716F97EC5311.e.8090/click - {}
RESULT: {}
COMMAND: GET /session/7b3a28ffc0c0cac2784ec2f305c087be/screenshot - {}
RESULT: {}
COMMAND: POST /session/7b3a28ffc0c0cac2784ec2f305c087be/element - {"using":"xpath","value":"//input[contains(@id ,\"searchFiledId-I\")]"}
RESULT: {"using":"xpath","value":"//input[contains(@id ,\"searchFiledId-I\")]"}
COMMAND: POST /session/7b3a28ffc0c0cac2784ec2f305c087be/element/f.29D1ABB2B85C1BCF108638C002AFC1F1.d.D33BAA41627FAE5F65C1716F97EC5311.e.8030/value - {"text":"Dri-Prime CD150M Diesel Pump"}
RESULT: {"text":"Dri-Prime CD150M Diesel Pump"}
COMMAND: POST /session/7b3a28ffc0c0cac2784ec2f305c087be/actions - {"actions":[{"id":"action17","type":"key","parameters":{},"actions":[{"type":"keyDown","value":""},{"type":"pause","duration":10},{"type":"keyUp","value":""}]}]}
COMMAND: GET /session/7b3a28ffc0c0cac2784ec2f305c087be/screenshot - {}
RESULT: {"actions":[{"id":"action17","type":"key","parameters":{},"actions":[{"type":"keyDown","value":""},{"type":"pause","duration":10},{"type":"keyUp","value":""}]}]}
COMMAND: GET /session/7b3a28ffc0c0cac2784ec2f305c087be/screenshot - {}
RESULT: {}
RESULT: {}
COMMAND: POST /session/7b3a28ffc0c0cac2784ec2f305c087be/element - {"using":"xpath","value":"//span[contains(@id ,\"subTitle\")][contains(text(), \"Dri-Prime CD150M Diesel Pump\")]"}
RESULT: {"using":"xpath","value":"//span[contains(@id ,\"subTitle\")][contains(text(), \"Dri-Prime CD150M Diesel Pump\")]"}
COMMAND: POST /session/7b3a28ffc0c0cac2784ec2f305c087be/element/f.29D1ABB2B85C1BCF108638C002AFC1F1.d.D33BAA41627FAE5F65C1716F97EC5311.e.8095/click - {}
RESULT: {}
COMMAND: GET /session/7b3a28ffc0c0cac2784ec2f305c087be/screenshot - {}
RESULT: {}
COMMAND: POST /session/7b3a28ffc0c0cac2784ec2f305c087be/element - {"using":"xpath","value":"//bdi[contains(text(), \"Add to Request\")]"}
RESULT: {"using":"xpath","value":"//bdi[contains(text(), \"Add to Request\")]"}
COMMAND: POST /session/7b3a28ffc0c0cac2784ec2f305c087be/element/f.29D1ABB2B85C1BCF108638C002AFC1F1.d.D33BAA41627FAE5F65C1716F97EC5311.e.8107/click - {}
RESULT: {}
COMMAND: GET /session/7b3a28ffc0c0cac2784ec2f305c087be/screenshot - {}
RESULT: {}
COMMAND: POST /session/7b3a28ffc0c0cac2784ec2f305c087be/element/f.29D1ABB2B85C1BCF108638C002AFC1F1.d.D33BAA41627FAE5F65C1716F97EC5311.e.8107/click - {}
RESULT: {}
COMMAND: GET /session/7b3a28ffc0c0cac2784ec2f305c087be/screenshot - {}
RESULT: {}
COMMAND: POST /session/7b3a28ffc0c0cac2784ec2f305c087be/element - {"using":"xpath","value":"//*[contains(@id ,\"activeCartId-BDI-content\")]"}
RESULT: {"using":"xpath","value":"//*[contains(@id ,\"activeCartId-BDI-content\")]"}
COMMAND: POST /session/7b3a28ffc0c0cac2784ec2f305c087be/element/f.29D1ABB2B85C1BCF108638C002AFC1F1.d.D33BAA41627FAE5F65C1716F97EC5311.e.8117/click - {}
RESULT: {}
COMMAND: GET /session/7b3a28ffc0c0cac2784ec2f305c087be/screenshot - {}
RESULT: {}
COMMAND: POST /session/7b3a28ffc0c0cac2784ec2f305c087be/element - {"using":"xpath","value":"//bdi[contains(text(), \"Check out my request\")]"}
RESULT: {"using":"xpath","value":"//bdi[contains(text(), \"Check out my request\")]"}
COMMAND: POST /session/7b3a28ffc0c0cac2784ec2f305c087be/element/f.29D1ABB2B85C1BCF108638C002AFC1F1.d.D33BAA41627FAE5F65C1716F97EC5311.e.8119/click - {}
RESULT: {}
COMMAND: GET /session/7b3a28ffc0c0cac2784ec2f305c087be/screenshot - {}
RESULT: {}
COMMAND: POST /session/7b3a28ffc0c0cac2784ec2f305c087be/element - {"using":"xpath","value":"//div[contains(@data-kt ,\"characteristicsObjectStatus\")]"}
RESULT: {"using":"xpath","value":"//div[contains(@data-kt ,\"characteristicsObjectStatus\")]"}
COMMAND: POST /session/7b3a28ffc0c0cac2784ec2f305c087be/element/f.29D1ABB2B85C1BCF108638C002AFC1F1.d.D33BAA41627FAE5F65C1716F97EC5311.e.8140/click - {}
RESULT: {}
COMMAND: GET /session/7b3a28ffc0c0cac2784ec2f305c087be/screenshot - {}
RESULT: {}
COMMAND: POST /session/7b3a28ffc0c0cac2784ec2f305c087be/element - {"using":"xpath","value":"//input[contains(@id ,\"costObjectAdminTypeComboBox-inner\")]"}
RESULT: {"using":"xpath","value":"//input[contains(@id ,\"costObjectAdminTypeComboBox-inner\")]"}
COMMAND: POST /session/7b3a28ffc0c0cac2784ec2f305c087be/element/f.29D1ABB2B85C1BCF108638C002AFC1F1.d.D33BAA41627FAE5F65C1716F97EC5311.e.8142/clear - {}
RESULT: {}
COMMAND: POST /session/7b3a28ffc0c0cac2784ec2f305c087be/element/f.29D1ABB2B85C1BCF108638C002AFC1F1.d.D33BAA41627FAE5F65C1716F97EC5311.e.8142/value - {"text":"Cost Center"}
COMMAND: GET /session/7b3a28ffc0c0cac2784ec2f305c087be/screenshot - {}
RESULT: {"text":"Cost Center"}
COMMAND: GET /session/7b3a28ffc0c0cac2784ec2f305c087be/screenshot - {}
RESULT: {}
RESULT: {}
COMMAND: POST /session/7b3a28ffc0c0cac2784ec2f305c087be/actions - {"actions":[{"id":"action18","type":"key","parameters":{},"actions":[{"type":"keyDown","value":""},{"type":"pause","duration":10},{"type":"keyUp","value":""}]}]}
RESULT: {"actions":[{"id":"action18","type":"key","parameters":{},"actions":[{"type":"keyDown","value":""},{"type":"pause","duration":10},{"type":"keyUp","value":""}]}]}
COMMAND: GET /session/7b3a28ffc0c0cac2784ec2f305c087be/screenshot - {}
RESULT: {}
COMMAND: POST /session/7b3a28ffc0c0cac2784ec2f305c087be/element - {"using":"xpath","value":"//input[contains(@id ,\"costObjectIdComboBox-inner\")]"}
RESULT: {"using":"xpath","value":"//input[contains(@id ,\"costObjectIdComboBox-inner\")]"}
COMMAND: POST /session/7b3a28ffc0c0cac2784ec2f305c087be/element/f.29D1ABB2B85C1BCF108638C002AFC1F1.d.D33BAA41627FAE5F65C1716F97EC5311.e.8151/clear - {}
RESULT: {}
COMMAND: POST /session/7b3a28ffc0c0cac2784ec2f305c087be/element/f.29D1ABB2B85C1BCF108638C002AFC1F1.d.D33BAA41627FAE5F65C1716F97EC5311.e.8151/value - {"text":"Vigra"}
COMMAND: GET /session/7b3a28ffc0c0cac2784ec2f305c087be/screenshot - {}
RESULT: {"text":"Vigra"}
COMMAND: GET /session/7b3a28ffc0c0cac2784ec2f305c087be/screenshot - {}
RESULT: {}
RESULT: {}
COMMAND: POST /session/7b3a28ffc0c0cac2784ec2f305c087be/actions - {"actions":[{"id":"action19","type":"key","parameters":{},"actions":[{"type":"keyDown","value":""},{"type":"pause","duration":10},{"type":"keyUp","value":""}]}]}
RESULT: {"actions":[{"id":"action19","type":"key","parameters":{},"actions":[{"type":"keyDown","value":""},{"type":"pause","duration":10},{"type":"keyUp","value":""}]}]}
COMMAND: GET /session/7b3a28ffc0c0cac2784ec2f305c087be/screenshot - {}
RESULT: {}
COMMAND: POST /session/7b3a28ffc0c0cac2784ec2f305c087be/element - {"using":"xpath","value":"//bdi[contains(text(), \"Save\")]"}
RESULT: {"using":"xpath","value":"//bdi[contains(text(), \"Save\")]"}
COMMAND: POST /session/7b3a28ffc0c0cac2784ec2f305c087be/element/f.29D1ABB2B85C1BCF108638C002AFC1F1.d.D33BAA41627FAE5F65C1716F97EC5311.e.8157/click - {}
RESULT: {}
COMMAND: GET /session/7b3a28ffc0c0cac2784ec2f305c087be/screenshot - {}
RESULT: {}
COMMAND: POST /session/7b3a28ffc0c0cac2784ec2f305c087be/element - {"using":"xpath","value":"(//div[contains(@data-kt ,\"characteristicsObjectStatus\")])[2]"}
RESULT: {"using":"xpath","value":"(//div[contains(@data-kt ,\"characteristicsObjectStatus\")])[2]"}
COMMAND: POST /session/7b3a28ffc0c0cac2784ec2f305c087be/element/f.29D1ABB2B85C1BCF108638C002AFC1F1.d.D33BAA41627FAE5F65C1716F97EC5311.e.8178/click - {}
RESULT: {}
COMMAND: GET /session/7b3a28ffc0c0cac2784ec2f305c087be/screenshot - {}
RESULT: {}
COMMAND: POST /session/7b3a28ffc0c0cac2784ec2f305c087be/element - {"using":"xpath","value":"//input[contains(@id ,\"costObjectAdminTypeComboBox-inner\")]"}
RESULT: {"using":"xpath","value":"//input[contains(@id ,\"costObjectAdminTypeComboBox-inner\")]"}
COMMAND: POST /session/7b3a28ffc0c0cac2784ec2f305c087be/element/f.29D1ABB2B85C1BCF108638C002AFC1F1.d.D33BAA41627FAE5F65C1716F97EC5311.e.8179/clear - {}
RESULT: {}
COMMAND: POST /session/7b3a28ffc0c0cac2784ec2f305c087be/element/f.29D1ABB2B85C1BCF108638C002AFC1F1.d.D33BAA41627FAE5F65C1716F97EC5311.e.8179/value - {"text":"Cost Center"}
COMMAND: GET /session/7b3a28ffc0c0cac2784ec2f305c087be/screenshot - {}
RESULT: {"text":"Cost Center"}
COMMAND: GET /session/7b3a28ffc0c0cac2784ec2f305c087be/screenshot - {}
RESULT: {}
RESULT: {}
COMMAND: POST /session/7b3a28ffc0c0cac2784ec2f305c087be/actions - {"actions":[{"id":"action20","type":"key","parameters":{},"actions":[{"type":"keyDown","value":""},{"type":"pause","duration":10},{"type":"keyUp","value":""}]}]}
RESULT: {"actions":[{"id":"action20","type":"key","parameters":{},"actions":[{"type":"keyDown","value":""},{"type":"pause","duration":10},{"type":"keyUp","value":""}]}]}
COMMAND: GET /session/7b3a28ffc0c0cac2784ec2f305c087be/screenshot - {}
RESULT: {}
COMMAND: POST /session/7b3a28ffc0c0cac2784ec2f305c087be/element - {"using":"xpath","value":"//input[contains(@id ,\"costObjectIdComboBox-inner\")]"}
RESULT: {"using":"xpath","value":"//input[contains(@id ,\"costObjectIdComboBox-inner\")]"}
COMMAND: POST /session/7b3a28ffc0c0cac2784ec2f305c087be/element/f.29D1ABB2B85C1BCF108638C002AFC1F1.d.D33BAA41627FAE5F65C1716F97EC5311.e.8189/clear - {}
RESULT: {}
COMMAND: POST /session/7b3a28ffc0c0cac2784ec2f305c087be/element/f.29D1ABB2B85C1BCF108638C002AFC1F1.d.D33BAA41627FAE5F65C1716F97EC5311.e.8189/value - {"text":"Vigra"}
COMMAND: GET /session/7b3a28ffc0c0cac2784ec2f305c087be/screenshot - {}
RESULT: {"text":"Vigra"}
COMMAND: GET /session/7b3a28ffc0c0cac2784ec2f305c087be/screenshot - {}
RESULT: {}
RESULT: {}
COMMAND: POST /session/7b3a28ffc0c0cac2784ec2f305c087be/actions - {"actions":[{"id":"action21","type":"key","parameters":{},"actions":[{"type":"keyDown","value":""},{"type":"pause","duration":10},{"type":"keyUp","value":""}]}]}
RESULT: {"actions":[{"id":"action21","type":"key","parameters":{},"actions":[{"type":"keyDown","value":""},{"type":"pause","duration":10},{"type":"keyUp","value":""}]}]}
COMMAND: GET /session/7b3a28ffc0c0cac2784ec2f305c087be/screenshot - {}
RESULT: {}
COMMAND: POST /session/7b3a28ffc0c0cac2784ec2f305c087be/element - {"using":"xpath","value":"//bdi[contains(text(), \"Save\")]"}
RESULT: {"using":"xpath","value":"//bdi[contains(text(), \"Save\")]"}
COMMAND: POST /session/7b3a28ffc0c0cac2784ec2f305c087be/element/f.29D1ABB2B85C1BCF108638C002AFC1F1.d.D33BAA41627FAE5F65C1716F97EC5311.e.8194/click - {}
RESULT: {}
COMMAND: GET /session/7b3a28ffc0c0cac2784ec2f305c087be/screenshot - {}
RESULT: {}
COMMAND: POST /session/7b3a28ffc0c0cac2784ec2f305c087be/element - {"using":"xpath","value":"(//header/div[1]/div[3]/div/span)[1]"}
RESULT: {"using":"xpath","value":"(//header/div[1]/div[3]/div/span)[1]"}
COMMAND: POST /session/7b3a28ffc0c0cac2784ec2f305c087be/execute/sync - {"script":"<script> [149 bytes]","args":[{"element-6066-11e4-a52e-4f735466cecf":"f.29D1ABB2B85C1BCF108638C002AFC1F1.d.D33BAA41627FAE5F65C1716F97EC5311.e.8214","ELEMENT":"f.29D1ABB2B85C1BCF108638C002AFC1F1.d.D33BAA41627FAE5F65C1716F97EC5311.e.8214"},false]}
RESULT: {"script":"<script> [149 bytes]","args":[{"element-6066-11e4-a52e-4f735466cecf":"f.29D1ABB2B85C1BCF108638C002AFC1F1.d.D33BAA41627FAE5F65C1716F97EC5311.e.8214","ELEMENT":"f.29D1ABB2B85C1BCF108638C002AFC1F1.d.D33BAA41627FAE5F65C1716F97EC5311.e.8214"},false]}
COMMAND: POST /session/7b3a28ffc0c0cac2784ec2f305c087be/execute/async - {"script":"<script> [1562 bytes]","args":[{"selector":{"id":"pickUpSwitchHeader","viewName":"etm.portal.ui.webshop.view.RequestDetail","interaction":{"idSuffix":"textoff"}},"wdio_ui5_key":"pickUpSwitchHeaderetmportal.ui.webshop.view.RequestDetail"}]}
COMMAND: GET /session/7b3a28ffc0c0cac2784ec2f305c087be/screenshot - {}
RESULT: {"script":"<script> [1562 bytes]","args":[{"selector":{"id":"pickUpSwitchHeader","viewName":"etm.portal.ui.webshop.view.RequestDetail","interaction":{"idSuffix":"textoff"}},"wdio_ui5_key":"pickUpSwitchHeaderetmportal.ui.webshop.view.RequestDetail"}]}
RESULT: undefined
COMMAND: POST /session/7b3a28ffc0c0cac2784ec2f305c087be/element - {"using":"xpath","value":"//*[@id=\"__xmlview76--pickUpSwitchHeader\"]"}
RESULT: {}
RESULT: {"using":"xpath","value":"//*[@id=\"__xmlview76--pickUpSwitchHeader\"]"}
COMMAND: POST /session/7b3a28ffc0c0cac2784ec2f305c087be/element/f.29D1ABB2B85C1BCF108638C002AFC1F1.d.D33BAA41627FAE5F65C1716F97EC5311.e.8216/click - {}
RESULT: {}
COMMAND: GET /session/7b3a28ffc0c0cac2784ec2f305c087be/screenshot - {}
RESULT: {}
COMMAND: POST /session/7b3a28ffc0c0cac2784ec2f305c087be/execute/async - {"script":"<script> [1562 bytes]","args":[{"selector":{"controlType":"sap.m.Button","viewName":"etm.portal.ui.webshop.view.RequestDetail","bindingPath":{"path":"/RequestItems(REQUEST='20120',ITEM=10m)","propertyPath":"STATUS"}},"wdio_ui5_key":"etmportal.ui.webshop.view.RequestDetailsap.m.Button{\"path\":\"/RequestItems(REQUEST='20120',ITEM=10m)\",\"propertyPath\":\"STATUS\"}"}]}
RESULT: {"script":"<script> [1562 bytes]","args":[{"selector":{"controlType":"sap.m.Button","viewName":"etm.portal.ui.webshop.view.RequestDetail","bindingPath":{"path":"/RequestItems(REQUEST='20120',ITEM=10m)","propertyPath":"STATUS"}},"wdio_ui5_key":"etmportal.ui.webshop.view.RequestDetailsap.m.Button{\"path\":\"/RequestItems(REQUEST='20120',ITEM=10m)\",\"propertyPath\":\"STATUS\"}"}]}
RESULT: undefined
COMMAND: POST /session/7b3a28ffc0c0cac2784ec2f305c087be/execute/async - {"script":"<script> [6424 bytes]","args":[{"element-6066-11e4-a52e-4f735466cecf":"f.29D1ABB2B85C1BCF108638C002AFC1F1.d.D33BAA41627FAE5F65C1716F97EC5311.e.8132"},"getType",[]]}
RESULT: {"script":"<script> [6424 bytes]","args":[{"element-6066-11e4-a52e-4f735466cecf":"f.29D1ABB2B85C1BCF108638C002AFC1F1.d.D33BAA41627FAE5F65C1716F97EC5311.e.8132"},"getType",[]]}
COMMAND: POST /session/7b3a28ffc0c0cac2784ec2f305c087be/execute/async - {"script":"<script> [1562 bytes]","args":[{"selector":{"controlType":"sap.m.Button","viewName":"etm.portal.ui.webshop.view.RequestDetail","bindingPath":{"path":"/RequestItems(REQUEST='20120',ITEM=20m)","propertyPath":"STATUS"}},"wdio_ui5_key":"etmportal.ui.webshop.view.RequestDetailsap.m.Button{\"path\":\"/RequestItems(REQUEST='20120',ITEM=20m)\",\"propertyPath\":\"STATUS\"}"}]}
RESULT: {"script":"<script> [1562 bytes]","args":[{"selector":{"controlType":"sap.m.Button","viewName":"etm.portal.ui.webshop.view.RequestDetail","bindingPath":{"path":"/RequestItems(REQUEST='20120',ITEM=20m)","propertyPath":"STATUS"}},"wdio_ui5_key":"etmportal.ui.webshop.view.RequestDetailsap.m.Button{\"path\":\"/RequestItems(REQUEST='20120',ITEM=20m)\",\"propertyPath\":\"STATUS\"}"}]}
RESULT: undefined
COMMAND: POST /session/7b3a28ffc0c0cac2784ec2f305c087be/execute/async - {"script":"<script> [6424 bytes]","args":[{"element-6066-11e4-a52e-4f735466cecf":"f.29D1ABB2B85C1BCF108638C002AFC1F1.d.D33BAA41627FAE5F65C1716F97EC5311.e.8220"},"getType",[]]}
RESULT: {"script":"<script> [6424 bytes]","args":[{"element-6066-11e4-a52e-4f735466cecf":"f.29D1ABB2B85C1BCF108638C002AFC1F1.d.D33BAA41627FAE5F65C1716F97EC5311.e.8220"},"getType",[]]}
RESULT: undefined
COMMAND: POST /session/7b3a28ffc0c0cac2784ec2f305c087be/element - {"using":"xpath","value":"//*[@id=\"__xmlview76--pickUpItemButton-__clone29559\"]"}
RESULT: {"using":"xpath","value":"//*[@id=\"__xmlview76--pickUpItemButton-__clone29559\"]"}
COMMAND: POST /session/7b3a28ffc0c0cac2784ec2f305c087be/element/f.29D1ABB2B85C1BCF108638C002AFC1F1.d.D33BAA41627FAE5F65C1716F97EC5311.e.8132/click - {}
RESULT: {}
COMMAND: GET /session/7b3a28ffc0c0cac2784ec2f305c087be/screenshot - {}
RESULT: {}
COMMAND: POST /session/7b3a28ffc0c0cac2784ec2f305c087be/element - {"using":"xpath","value":"//span[contains(@class ,\"sapMBtnInner sapMBtnHoverable sapMFocusable sapMBtnText sapMBtnDefault\")][contains(@id ,\"pickUpItemButton\")]"}
RESULT: {"using":"xpath","value":"//span[contains(@class ,\"sapMBtnInner sapMBtnHoverable sapMFocusable sapMBtnText sapMBtnDefault\")][contains(@id ,\"pickUpItemButton\")]"}
COMMAND: POST /session/7b3a28ffc0c0cac2784ec2f305c087be/execute/sync - {"script":"<script> [8489 bytes]","args":[{"element-6066-11e4-a52e-4f735466cecf":"f.29D1ABB2B85C1BCF108638C002AFC1F1.d.D33BAA41627FAE5F65C1716F97EC5311.e.8221","ELEMENT":"f.29D1ABB2B85C1BCF108638C002AFC1F1.d.D33BAA41627FAE5F65C1716F97EC5311.e.8221"}]}
RESULT: undefined
COMMAND: POST /session/7b3a28ffc0c0cac2784ec2f305c087be/execute/async - {"script":"<script> [6424 bytes]","args":[{"element-6066-11e4-a52e-4f735466cecf":"f.29D1ABB2B85C1BCF108638C002AFC1F1.d.D33BAA41627FAE5F65C1716F97EC5311.e.8215"},"getState",[]]}
RESULT: {"script":"<script> [8489 bytes]","args":[{"element-6066-11e4-a52e-4f735466cecf":"f.29D1ABB2B85C1BCF108638C002AFC1F1.d.D33BAA41627FAE5F65C1716F97EC5311.e.8221","ELEMENT":"f.29D1ABB2B85C1BCF108638C002AFC1F1.d.D33BAA41627FAE5F65C1716F97EC5311.e.8221"}]}
COMMAND: GET /session/7b3a28ffc0c0cac2784ec2f305c087be/screenshot - {}
RESULT: {"script":"<script> [6424 bytes]","args":[{"element-6066-11e4-a52e-4f735466cecf":"f.29D1ABB2B85C1BCF108638C002AFC1F1.d.D33BAA41627FAE5F65C1716F97EC5311.e.8215"},"getState",[]]}
COMMAND: POST /session/7b3a28ffc0c0cac2784ec2f305c087be/execute/async - {"script":"<script> [1562 bytes]","args":[{"selector":{"id":"editRequest","viewName":"etm.portal.ui.webshop.view.RequestDetail","interaction":{"idSuffix":"BDI-content"}},"wdio_ui5_key":"editRequestetmportal.ui.webshop.view.RequestDetail"}]}
COMMAND: POST /session/7b3a28ffc0c0cac2784ec2f305c087be/execute/sync - {"script":"<script> [8489 bytes]","args":[{"element-6066-11e4-a52e-4f735466cecf":"f.29D1ABB2B85C1BCF108638C002AFC1F1.d.D33BAA41627FAE5F65C1716F97EC5311.e.8221","ELEMENT":"f.29D1ABB2B85C1BCF108638C002AFC1F1.d.D33BAA41627FAE5F65C1716F97EC5311.e.8221"}]}
RESULT: {}
RESULT: {"script":"<script> [1562 bytes]","args":[{"selector":{"id":"editRequest","viewName":"etm.portal.ui.webshop.view.RequestDetail","interaction":{"idSuffix":"BDI-content"}},"wdio_ui5_key":"editRequestetmportal.ui.webshop.view.RequestDetail"}]}
RESULT: undefined
COMMAND: POST /session/7b3a28ffc0c0cac2784ec2f305c087be/element - {"using":"xpath","value":"//*[@id=\"__xmlview76--editRequest\"]"}
RESULT: {"script":"<script> [8489 bytes]","args":[{"element-6066-11e4-a52e-4f735466cecf":"f.29D1ABB2B85C1BCF108638C002AFC1F1.d.D33BAA41627FAE5F65C1716F97EC5311.e.8221","ELEMENT":"f.29D1ABB2B85C1BCF108638C002AFC1F1.d.D33BAA41627FAE5F65C1716F97EC5311.e.8221"}]}
COMMAND: GET /session/7b3a28ffc0c0cac2784ec2f305c087be/screenshot - {}
RESULT: {"using":"xpath","value":"//*[@id=\"__xmlview76--editRequest\"]"}
COMMAND: POST /session/7b3a28ffc0c0cac2784ec2f305c087be/element/f.29D1ABB2B85C1BCF108638C002AFC1F1.d.D33BAA41627FAE5F65C1716F97EC5311.e.8223/click - {}
RESULT: {}
RESULT: {}
COMMAND: GET /session/7b3a28ffc0c0cac2784ec2f305c087be/screenshot - {}
COMMAND: POST /session/7b3a28ffc0c0cac2784ec2f305c087be/execute/sync - {"script":"<script> [8489 bytes]","args":[{"element-6066-11e4-a52e-4f735466cecf":"f.29D1ABB2B85C1BCF108638C002AFC1F1.d.D33BAA41627FAE5F65C1716F97EC5311.e.8221","ELEMENT":"f.29D1ABB2B85C1BCF108638C002AFC1F1.d.D33BAA41627FAE5F65C1716F97EC5311.e.8221"}]}
RESULT: {}
RESULT: {"script":"<script> [8489 bytes]","args":[{"element-6066-11e4-a52e-4f735466cecf":"f.29D1ABB2B85C1BCF108638C002AFC1F1.d.D33BAA41627FAE5F65C1716F97EC5311.e.8221","ELEMENT":"f.29D1ABB2B85C1BCF108638C002AFC1F1.d.D33BAA41627FAE5F65C1716F97EC5311.e.8221"}]}
COMMAND: GET /session/7b3a28ffc0c0cac2784ec2f305c087be/screenshot - {}
RESULT: {}
COMMAND: POST /session/7b3a28ffc0c0cac2784ec2f305c087be/execute/sync - {"script":"<script> [8489 bytes]","args":[{"element-6066-11e4-a52e-4f735466cecf":"f.29D1ABB2B85C1BCF108638C002AFC1F1.d.D33BAA41627FAE5F65C1716F97EC5311.e.8221","ELEMENT":"f.29D1ABB2B85C1BCF108638C002AFC1F1.d.D33BAA41627FAE5F65C1716F97EC5311.e.8221"}]}
RESULT: {"script":"<script> [8489 bytes]","args":[{"element-6066-11e4-a52e-4f735466cecf":"f.29D1ABB2B85C1BCF108638C002AFC1F1.d.D33BAA41627FAE5F65C1716F97EC5311.e.8221","ELEMENT":"f.29D1ABB2B85C1BCF108638C002AFC1F1.d.D33BAA41627FAE5F65C1716F97EC5311.e.8221"}]}
COMMAND: GET /session/7b3a28ffc0c0cac2784ec2f305c087be/screenshot - {}
COMMAND: POST /session/7b3a28ffc0c0cac2784ec2f305c087be/element - {"using":"xpath","value":"//input[contains(@id ,\"startDate\")]"}
RESULT: {}
RESULT: {"using":"xpath","value":"//input[contains(@id ,\"startDate\")]"}
COMMAND: POST /session/7b3a28ffc0c0cac2784ec2f305c087be/element/f.29D1ABB2B85C1BCF108638C002AFC1F1.d.D33BAA41627FAE5F65C1716F97EC5311.e.8237/click - {}
RESULT: {}
COMMAND: POST /session/7b3a28ffc0c0cac2784ec2f305c087be/actions - {"actions":[{"id":"action22","type":"key","parameters":{},"actions":[{"type":"keyDown","value":""},{"type":"keyDown","value":"a"},{"type":"pause","duration":10},{"type":"keyUp","value":""},{"type":"keyUp","value":"a"}]}]}
COMMAND: GET /session/7b3a28ffc0c0cac2784ec2f305c087be/screenshot - {}
RESULT: {"actions":[{"id":"action22","type":"key","parameters":{},"actions":[{"type":"keyDown","value":""},{"type":"keyDown","value":"a"},{"type":"pause","duration":10},{"type":"keyUp","value":""},{"type":"keyUp","value":"a"}]}]}
COMMAND: POST /session/7b3a28ffc0c0cac2784ec2f305c087be/actions - {"actions":[{"id":"action23","type":"key","parameters":{},"actions":[{"type":"keyDown","value":""},{"type":"pause","duration":10},{"type":"keyUp","value":""}]}]}
COMMAND: GET /session/7b3a28ffc0c0cac2784ec2f305c087be/screenshot - {}
RESULT: {}
RESULT: {"actions":[{"id":"action23","type":"key","parameters":{},"actions":[{"type":"keyDown","value":""},{"type":"pause","duration":10},{"type":"keyUp","value":""}]}]}
COMMAND: GET /session/7b3a28ffc0c0cac2784ec2f305c087be/screenshot - {}
RESULT: {}
RESULT: {}
COMMAND: POST /session/7b3a28ffc0c0cac2784ec2f305c087be/element/f.29D1ABB2B85C1BCF108638C002AFC1F1.d.D33BAA41627FAE5F65C1716F97EC5311.e.8237/clear - {}
RESULT: {}
COMMAND: POST /session/7b3a28ffc0c0cac2784ec2f305c087be/element/f.29D1ABB2B85C1BCF108638C002AFC1F1.d.D33BAA41627FAE5F65C1716F97EC5311.e.8237/value - {"text":"6/2/25"}
COMMAND: GET /session/7b3a28ffc0c0cac2784ec2f305c087be/screenshot - {}
RESULT: {"text":"6/2/25"}
COMMAND: POST /session/7b3a28ffc0c0cac2784ec2f305c087be/actions - {"actions":[{"id":"action24","type":"key","parameters":{},"actions":[{"type":"keyDown","value":""},{"type":"pause","duration":10},{"type":"keyUp","value":""}]}]}
COMMAND: GET /session/7b3a28ffc0c0cac2784ec2f305c087be/screenshot - {}
RESULT: {}
RESULT: {"actions":[{"id":"action24","type":"key","parameters":{},"actions":[{"type":"keyDown","value":""},{"type":"pause","duration":10},{"type":"keyUp","value":""}]}]}
COMMAND: GET /session/7b3a28ffc0c0cac2784ec2f305c087be/screenshot - {}
RESULT: {}
RESULT: {}
COMMAND: POST /session/7b3a28ffc0c0cac2784ec2f305c087be/element - {"using":"xpath","value":"//input[contains(@id ,\"endDate\")]"}
RESULT: {"using":"xpath","value":"//input[contains(@id ,\"endDate\")]"}
COMMAND: GET /session/7b3a28ffc0c0cac2784ec2f305c087be/element/f.29D1ABB2B85C1BCF108638C002AFC1F1.d.D33BAA41627FAE5F65C1716F97EC5311.e.8240/property/value - {}
RESULT: {}
COMMAND: POST /session/7b3a28ffc0c0cac2784ec2f305c087be/execute/async - {"script":"<script> [1562 bytes]","args":[{"selector":{"controlType":"sap.ui.core.Icon","viewName":"etm.portal.ui.webshop.view.RequestEdit","properties":{"src":{"regex":{"source":"action\\-settings"}}}},"wdio_ui5_key":"etmportal.ui.webshop.view.RequestEditsap.ui.core.Icon{\"src\":{\"regex\":{\"source\":\"action\\\\-settings\"}}}"}]}
COMMAND: GET /session/7b3a28ffc0c0cac2784ec2f305c087be/screenshot - {}
RESULT: {"script":"<script> [1562 bytes]","args":[{"selector":{"controlType":"sap.ui.core.Icon","viewName":"etm.portal.ui.webshop.view.RequestEdit","properties":{"src":{"regex":{"source":"action\\-settings"}}}},"wdio_ui5_key":"etmportal.ui.webshop.view.RequestEditsap.ui.core.Icon{\"src\":{\"regex\":{\"source\":\"action\\\\-settings\"}}}"}]}
RESULT: undefined
COMMAND: POST /session/7b3a28ffc0c0cac2784ec2f305c087be/element - {"using":"xpath","value":"//*[@id=\"__xmlview77--smartTable-btnPersonalisation-img\"]"}
RESULT: {}
RESULT: {"using":"xpath","value":"//*[@id=\"__xmlview77--smartTable-btnPersonalisation-img\"]"}
COMMAND: POST /session/7b3a28ffc0c0cac2784ec2f305c087be/element/f.29D1ABB2B85C1BCF108638C002AFC1F1.d.D33BAA41627FAE5F65C1716F97EC5311.e.8270/click - {}
RESULT: {}
COMMAND: POST /session/7b3a28ffc0c0cac2784ec2f305c087be/element - {"using":"xpath","value":"//input[contains(@id ,\"searchField-I\")]"}
COMMAND: GET /session/7b3a28ffc0c0cac2784ec2f305c087be/screenshot - {}
RESULT: {}
RESULT: {"using":"xpath","value":"//input[contains(@id ,\"searchField-I\")]"}
COMMAND: POST /session/7b3a28ffc0c0cac2784ec2f305c087be/element/f.29D1ABB2B85C1BCF108638C002AFC1F1.d.D33BAA41627FAE5F65C1716F97EC5311.e.8274/clear - {}
RESULT: {}
COMMAND: POST /session/7b3a28ffc0c0cac2784ec2f305c087be/element/f.29D1ABB2B85C1BCF108638C002AFC1F1.d.D33BAA41627FAE5F65C1716F97EC5311.e.8274/value - {"text":"time"}
COMMAND: GET /session/7b3a28ffc0c0cac2784ec2f305c087be/screenshot - {}
RESULT: {"text":"time"}
COMMAND: GET /session/7b3a28ffc0c0cac2784ec2f305c087be/screenshot - {}
RESULT: {}
RESULT: {}
COMMAND: POST /session/7b3a28ffc0c0cac2784ec2f305c087be/element - {"using":"xpath","value":"//div[contains(@id ,\"innerSelectionPanelTable-sa-CbBg\")]"}
RESULT: {"using":"xpath","value":"//div[contains(@id ,\"innerSelectionPanelTable-sa-CbBg\")]"}
COMMAND: POST /session/7b3a28ffc0c0cac2784ec2f305c087be/element/f.29D1ABB2B85C1BCF108638C002AFC1F1.d.D33BAA41627FAE5F65C1716F97EC5311.e.8298/click - {}
RESULT: {}
COMMAND: POST /session/7b3a28ffc0c0cac2784ec2f305c087be/element - {"using":"xpath","value":"//bdi[contains(text(), \"OK\")]"}
COMMAND: GET /session/7b3a28ffc0c0cac2784ec2f305c087be/screenshot - {}
RESULT: {"using":"xpath","value":"//bdi[contains(text(), \"OK\")]"}
COMMAND: POST /session/7b3a28ffc0c0cac2784ec2f305c087be/element/f.29D1ABB2B85C1BCF108638C002AFC1F1.d.D33BAA41627FAE5F65C1716F97EC5311.e.8299/click - {}
RESULT: {}
RESULT: {}
COMMAND: GET /session/7b3a28ffc0c0cac2784ec2f305c087be/screenshot - {}
RESULT: {}
COMMAND: POST /session/7b3a28ffc0c0cac2784ec2f305c087be/execute/async - {"script":"<script> [1562 bytes]","args":[{"selector":{"controlType":"sap.m.CheckBox","viewName":"etm.portal.ui.webshop.view.RequestEdit","properties":{"editable":true},"ancestor":{"controlType":"sap.m.ColumnListItem","viewName":"etm.portal.ui.webshop.view.RequestEdit","bindingPath":{"path":"/RequestItems(REQUEST='20120',ITEM=10m)"},"ancestor":{"id":"customTable","viewName":"etm.portal.ui.webshop.view.RequestEdit"}},"interaction":{"idSuffix":"CbBg"}},"wdio_ui5_key":"etmportal.ui.webshop.view.RequestEditsap.m.CheckBox{\"editable\":true}{\"controlType\":\"sap.m.ColumnListItem\",\"viewName\":\"etm.portal.ui.webshop.view.RequestEdit\",\"bindingPath\":{\"path\":\"/RequestItems(REQUEST='20120',ITEM=10m)\"},\"ancestor\":{\"id\":\"customTable\",\"viewName\":\"etm.portal.ui.webshop.view.RequestEdit\"}}"}]}
RESULT: {"script":"<script> [1562 bytes]","args":[{"selector":{"controlType":"sap.m.CheckBox","viewName":"etm.portal.ui.webshop.view.RequestEdit","properties":{"editable":true},"ancestor":{"controlType":"sap.m.ColumnListItem","viewName":"etm.portal.ui.webshop.view.RequestEdit","bindingPath":{"path":"/RequestItems(REQUEST='20120',ITEM=10m)"},"ancestor":{"id":"customTable","viewName":"etm.portal.ui.webshop.view.RequestEdit"}},"interaction":{"idSuffix":"CbBg"}},"wdio_ui5_key":"etmportal.ui.webshop.view.RequestEditsap.m.CheckBox{\"editable\":true}{\"controlType\":\"sap.m.ColumnListItem\",\"viewName\":\"etm.portal.ui.webshop.view.RequestEdit\",\"bindingPath\":{\"path\":\"/RequestItems(REQUEST='20120',ITEM=10m)\"},\"ancestor\":{\"id\":\"customTable\",\"viewName\":\"etm.portal.ui.webshop.view.RequestEdit\"}}"}]}
RESULT: undefined
COMMAND: POST /session/7b3a28ffc0c0cac2784ec2f305c087be/element - {"using":"xpath","value":"//*[@id=\"__item4160-__clone29970-selectMulti\"]"}
RESULT: {"using":"xpath","value":"//*[@id=\"__item4160-__clone29970-selectMulti\"]"}
COMMAND: POST /session/7b3a28ffc0c0cac2784ec2f305c087be/element/f.29D1ABB2B85C1BCF108638C002AFC1F1.d.D33BAA41627FAE5F65C1716F97EC5311.e.8335/click - {}
RESULT: {}
COMMAND: POST /session/7b3a28ffc0c0cac2784ec2f305c087be/execute/async - {"script":"<script> [1562 bytes]","args":[{"selector":{"controlType":"sap.m.Button","viewName":"etm.portal.ui.webshop.view.RequestEdit","i18NText":{"propertyName":"text","key":"update"},"interaction":{"idSuffix":"BDI-content"}},"wdio_ui5_key":"etmportal.ui.webshop.view.RequestEditsap.m.Button{\"propertyName\":\"text\",\"key\":\"update\"}"}]}
COMMAND: GET /session/7b3a28ffc0c0cac2784ec2f305c087be/screenshot - {}
RESULT: {"script":"<script> [1562 bytes]","args":[{"selector":{"controlType":"sap.m.Button","viewName":"etm.portal.ui.webshop.view.RequestEdit","i18NText":{"propertyName":"text","key":"update"},"interaction":{"idSuffix":"BDI-content"}},"wdio_ui5_key":"etmportal.ui.webshop.view.RequestEditsap.m.Button{\"propertyName\":\"text\",\"key\":\"update\"}"}]}
RESULT: undefined
COMMAND: POST /session/7b3a28ffc0c0cac2784ec2f305c087be/element - {"using":"xpath","value":"//*[@id=\"__button480\"]"}
RESULT: {}
RESULT: {"using":"xpath","value":"//*[@id=\"__button480\"]"}
COMMAND: POST /session/7b3a28ffc0c0cac2784ec2f305c087be/element/f.29D1ABB2B85C1BCF108638C002AFC1F1.d.D33BAA41627FAE5F65C1716F97EC5311.e.8337/click - {}
RESULT: {}
COMMAND: POST /session/7b3a28ffc0c0cac2784ec2f305c087be/element - {"using":"xpath","value":"(//input[contains(@id ,\"startDateRI\")])[1]"}
COMMAND: GET /session/7b3a28ffc0c0cac2784ec2f305c087be/screenshot - {}
RESULT: {"using":"xpath","value":"(//input[contains(@id ,\"startDateRI\")])[1]"}
COMMAND: GET /session/7b3a28ffc0c0cac2784ec2f305c087be/element/f.29D1ABB2B85C1BCF108638C002AFC1F1.d.D33BAA41627FAE5F65C1716F97EC5311.e.8324/property/value - {}
RESULT: {}
RESULT: {}
RESULT: undefined
COMMAND: POST /session/7b3a28ffc0c0cac2784ec2f305c087be/element - {"using":"xpath","value":"//*[@id=\"__item4160-__clone29970-selectMulti\"]"}
COMMAND: GET /session/7b3a28ffc0c0cac2784ec2f305c087be/screenshot - {}
RESULT: {"using":"xpath","value":"//*[@id=\"__item4160-__clone29970-selectMulti\"]"}
COMMAND: POST /session/7b3a28ffc0c0cac2784ec2f305c087be/element/f.29D1ABB2B85C1BCF108638C002AFC1F1.d.D33BAA41627FAE5F65C1716F97EC5311.e.8335/click - {}
RESULT: {}
RESULT: {}
COMMAND: POST /session/7b3a28ffc0c0cac2784ec2f305c087be/execute/async - {"script":"<script> [1562 bytes]","args":[{"selector":{"controlType":"sap.m.CheckBox","viewName":"etm.portal.ui.webshop.view.RequestEdit","properties":{"editable":true},"ancestor":{"controlType":"sap.m.ColumnListItem","viewName":"etm.portal.ui.webshop.view.RequestEdit","bindingPath":{"path":"/RequestItems(REQUEST='20120',ITEM=20m)"},"ancestor":{"id":"customTable","viewName":"etm.portal.ui.webshop.view.RequestEdit"}},"interaction":{"idSuffix":"CbBg"}},"wdio_ui5_key":"etmportal.ui.webshop.view.RequestEditsap.m.CheckBox{\"editable\":true}{\"controlType\":\"sap.m.ColumnListItem\",\"viewName\":\"etm.portal.ui.webshop.view.RequestEdit\",\"bindingPath\":{\"path\":\"/RequestItems(REQUEST='20120',ITEM=20m)\"},\"ancestor\":{\"id\":\"customTable\",\"viewName\":\"etm.portal.ui.webshop.view.RequestEdit\"}}"}]}
COMMAND: GET /session/7b3a28ffc0c0cac2784ec2f305c087be/screenshot - {}
RESULT: {"script":"<script> [1562 bytes]","args":[{"selector":{"controlType":"sap.m.CheckBox","viewName":"etm.portal.ui.webshop.view.RequestEdit","properties":{"editable":true},"ancestor":{"controlType":"sap.m.ColumnListItem","viewName":"etm.portal.ui.webshop.view.RequestEdit","bindingPath":{"path":"/RequestItems(REQUEST='20120',ITEM=20m)"},"ancestor":{"id":"customTable","viewName":"etm.portal.ui.webshop.view.RequestEdit"}},"interaction":{"idSuffix":"CbBg"}},"wdio_ui5_key":"etmportal.ui.webshop.view.RequestEditsap.m.CheckBox{\"editable\":true}{\"controlType\":\"sap.m.ColumnListItem\",\"viewName\":\"etm.portal.ui.webshop.view.RequestEdit\",\"bindingPath\":{\"path\":\"/RequestItems(REQUEST='20120',ITEM=20m)\"},\"ancestor\":{\"id\":\"customTable\",\"viewName\":\"etm.portal.ui.webshop.view.RequestEdit\"}}"}]}
RESULT: undefined
COMMAND: POST /session/7b3a28ffc0c0cac2784ec2f305c087be/element - {"using":"xpath","value":"//*[@id=\"__item4160-__clone29971-selectMulti\"]"}
RESULT: {}
RESULT: {"using":"xpath","value":"//*[@id=\"__item4160-__clone29971-selectMulti\"]"}
COMMAND: POST /session/7b3a28ffc0c0cac2784ec2f305c087be/element/f.29D1ABB2B85C1BCF108638C002AFC1F1.d.D33BAA41627FAE5F65C1716F97EC5311.e.8340/click - {}
RESULT: {}
COMMAND: POST /session/7b3a28ffc0c0cac2784ec2f305c087be/execute/async - {"script":"<script> [1562 bytes]","args":[{"selector":{"controlType":"sap.ui.core.Icon","viewName":"etm.portal.ui.webshop.view.RequestEdit","properties":{"src":{"regex":{"source":"delete"}}}},"wdio_ui5_key":"etmportal.ui.webshop.view.RequestEditsap.ui.core.Icon{\"src\":{\"regex\":{\"source\":\"delete\"}}}"}]}
COMMAND: GET /session/7b3a28ffc0c0cac2784ec2f305c087be/screenshot - {}
RESULT: {"script":"<script> [1562 bytes]","args":[{"selector":{"controlType":"sap.ui.core.Icon","viewName":"etm.portal.ui.webshop.view.RequestEdit","properties":{"src":{"regex":{"source":"delete"}}}},"wdio_ui5_key":"etmportal.ui.webshop.view.RequestEditsap.ui.core.Icon{\"src\":{\"regex\":{\"source\":\"delete\"}}}"}]}
RESULT: undefined
COMMAND: POST /session/7b3a28ffc0c0cac2784ec2f305c087be/element - {"using":"xpath","value":"//*[@id=\"__xmlview77--deleteItem-img\"]"}
RESULT: {}
RESULT: {"using":"xpath","value":"//*[@id=\"__xmlview77--deleteItem-img\"]"}
COMMAND: POST /session/7b3a28ffc0c0cac2784ec2f305c087be/element/f.29D1ABB2B85C1BCF108638C002AFC1F1.d.D33BAA41627FAE5F65C1716F97EC5311.e.8341/click - {}
RESULT: {}
COMMAND: GET /session/7b3a28ffc0c0cac2784ec2f305c087be/screenshot - {}
RESULT: {}
COMMAND: POST /session/7b3a28ffc0c0cac2784ec2f305c087be/execute/async - {"script":"<script> [1562 bytes]","args":[{"selector":{"controlType":"sap.m.Button","properties":{"text":"OK"},"searchOpenDialogs":true,"interaction":{"idSuffix":"BDI-content"}},"wdio_ui5_key":"sapm.Button{\"text\":\"OK\"}"}]}
RESULT: {"script":"<script> [1562 bytes]","args":[{"selector":{"controlType":"sap.m.Button","properties":{"text":"OK"},"searchOpenDialogs":true,"interaction":{"idSuffix":"BDI-content"}},"wdio_ui5_key":"sapm.Button{\"text\":\"OK\"}"}]}
RESULT: undefined
COMMAND: POST /session/7b3a28ffc0c0cac2784ec2f305c087be/element - {"using":"xpath","value":"//*[@id=\"__mbox-btn-0\"]"}
RESULT: {"using":"xpath","value":"//*[@id=\"__mbox-btn-0\"]"}
COMMAND: POST /session/7b3a28ffc0c0cac2784ec2f305c087be/element/f.29D1ABB2B85C1BCF108638C002AFC1F1.d.D33BAA41627FAE5F65C1716F97EC5311.e.8343/click - {}
RESULT: {}
COMMAND: GET /session/7b3a28ffc0c0cac2784ec2f305c087be/screenshot - {}
RESULT: {}
COMMAND: POST /session/7b3a28ffc0c0cac2784ec2f305c087be/execute/async - {"script":"<script> [1562 bytes]","args":[{"selector":{"id":"saveButtonId","viewName":"etm.portal.ui.webshop.view.RequestEdit","interaction":{"idSuffix":"BDI-content"}},"wdio_ui5_key":"saveButtonIdetmportal.ui.webshop.view.RequestEdit"}]}
RESULT: {"script":"<script> [1562 bytes]","args":[{"selector":{"id":"saveButtonId","viewName":"etm.portal.ui.webshop.view.RequestEdit","interaction":{"idSuffix":"BDI-content"}},"wdio_ui5_key":"saveButtonIdetmportal.ui.webshop.view.RequestEdit"}]}
RESULT: undefined
COMMAND: POST /session/7b3a28ffc0c0cac2784ec2f305c087be/element - {"using":"xpath","value":"//*[@id=\"__xmlview77--saveButtonId\"]"}
RESULT: {"using":"xpath","value":"//*[@id=\"__xmlview77--saveButtonId\"]"}
COMMAND: POST /session/7b3a28ffc0c0cac2784ec2f305c087be/element/f.29D1ABB2B85C1BCF108638C002AFC1F1.d.D33BAA41627FAE5F65C1716F97EC5311.e.8351/click - {}
RESULT: {}
COMMAND: GET /session/7b3a28ffc0c0cac2784ec2f305c087be/screenshot - {}
RESULT: {}
COMMAND: POST /session/7b3a28ffc0c0cac2784ec2f305c087be/execute/async - {"script":"<script> [1562 bytes]","args":[{"selector":{"controlType":"sap.m.Title","viewName":"etm.portal.ui.webshop.view.RequestDetail","properties":{"text":"Items (1)"}},"wdio_ui5_key":"etmportal.ui.webshop.view.RequestDetailsap.m.Title{\"text\":\"Items (1)\"}"}]}
RESULT: {"script":"<script> [1562 bytes]","args":[{"selector":{"controlType":"sap.m.Title","viewName":"etm.portal.ui.webshop.view.RequestDetail","properties":{"text":"Items (1)"}},"wdio_ui5_key":"etmportal.ui.webshop.view.RequestDetailsap.m.Title{\"text\":\"Items (1)\"}"}]}
RESULT: undefined
COMMAND: POST /session/7b3a28ffc0c0cac2784ec2f305c087be/execute/async - {"script":"<script> [6424 bytes]","args":[{"element-6066-11e4-a52e-4f735466cecf":"f.29D1ABB2B85C1BCF108638C002AFC1F1.d.D33BAA41627FAE5F65C1716F97EC5311.e.8359"},"getText",[]]}
RESULT: {"script":"<script> [6424 bytes]","args":[{"element-6066-11e4-a52e-4f735466cecf":"f.29D1ABB2B85C1BCF108638C002AFC1F1.d.D33BAA41627FAE5F65C1716F97EC5311.e.8359"},"getText",[]]}
COMMAND: POST /session/7b3a28ffc0c0cac2784ec2f305c087be/execute/async - {"script":"<script> [1562 bytes]","args":[{"selector":{"controlType":"sap.m.Text","viewName":"etm.portal.ui.webshop.view.RequestDetail","bindingPath":{"path":"/RequestHeaders(NO='20120')","propertyPath":"END_DATE","modelName":"catalogModel"}},"wdio_ui5_key":"etmportal.ui.webshop.view.RequestDetailsap.m.Text{\"path\":\"/RequestHeaders(NO='20120')\",\"propertyPath\":\"END_DATE\",\"modelName\":\"catalogModel\"}"}]}
RESULT: {"script":"<script> [1562 bytes]","args":[{"selector":{"controlType":"sap.m.Text","viewName":"etm.portal.ui.webshop.view.RequestDetail","bindingPath":{"path":"/RequestHeaders(NO='20120')","propertyPath":"END_DATE","modelName":"catalogModel"}},"wdio_ui5_key":"etmportal.ui.webshop.view.RequestDetailsap.m.Text{\"path\":\"/RequestHeaders(NO='20120')\",\"propertyPath\":\"END_DATE\",\"modelName\":\"catalogModel\"}"}]}
RESULT: undefined
COMMAND: POST /session/7b3a28ffc0c0cac2784ec2f305c087be/execute/async - {"script":"<script> [1562 bytes]","args":[{"selector":{"controlType":"sap.m.Text","viewName":"etm.portal.ui.webshop.view.RequestDetail","bindingPath":{"path":"/RequestHeaders(NO='20120')","propertyPath":"START_DATE","modelName":"catalogModel"}},"wdio_ui5_key":"etmportal.ui.webshop.view.RequestDetailsap.m.Text{\"path\":\"/RequestHeaders(NO='20120')\",\"propertyPath\":\"START_DATE\",\"modelName\":\"catalogModel\"}"}]}
RESULT: {"script":"<script> [1562 bytes]","args":[{"selector":{"controlType":"sap.m.Text","viewName":"etm.portal.ui.webshop.view.RequestDetail","bindingPath":{"path":"/RequestHeaders(NO='20120')","propertyPath":"START_DATE","modelName":"catalogModel"}},"wdio_ui5_key":"etmportal.ui.webshop.view.RequestDetailsap.m.Text{\"path\":\"/RequestHeaders(NO='20120')\",\"propertyPath\":\"START_DATE\",\"modelName\":\"catalogModel\"}"}]}
RESULT: undefined
COMMAND: POST /session/7b3a28ffc0c0cac2784ec2f305c087be/execute/async - {"script":"<script> [6424 bytes]","args":[{"element-6066-11e4-a52e-4f735466cecf":"f.29D1ABB2B85C1BCF108638C002AFC1F1.d.D33BAA41627FAE5F65C1716F97EC5311.e.8361"},"getText",[]]}
RESULT: {"script":"<script> [6424 bytes]","args":[{"element-6066-11e4-a52e-4f735466cecf":"f.29D1ABB2B85C1BCF108638C002AFC1F1.d.D33BAA41627FAE5F65C1716F97EC5311.e.8361"},"getText",[]]}
RESULT: undefined
COMMAND: POST /session/7b3a28ffc0c0cac2784ec2f305c087be/execute/async - {"script":"<script> [6424 bytes]","args":[{"element-6066-11e4-a52e-4f735466cecf":"f.29D1ABB2B85C1BCF108638C002AFC1F1.d.D33BAA41627FAE5F65C1716F97EC5311.e.8360"},"getText",[]]}
RESULT: {"script":"<script> [6424 bytes]","args":[{"element-6066-11e4-a52e-4f735466cecf":"f.29D1ABB2B85C1BCF108638C002AFC1F1.d.D33BAA41627FAE5F65C1716F97EC5311.e.8360"},"getText",[]]}
COMMAND: POST /session/7b3a28ffc0c0cac2784ec2f305c087be/refresh - {}
RESULT: {}
COMMAND: GET /session/7b3a28ffc0c0cac2784ec2f305c087be/screenshot - {}
RESULT: {}
COMMAND: POST /session/7b3a28ffc0c0cac2784ec2f305c087be/execute/async - {"script":"<script> [189 bytes]","args":[]}
RESULT: {"script":"<script> [189 bytes]","args":[]}
COMMAND: POST /session/7b3a28ffc0c0cac2784ec2f305c087be/execute/async - {"script":"<script> [123 bytes]","args":[]}
RESULT: {"script":"<script> [123 bytes]","args":[]}
COMMAND: POST /session/7b3a28ffc0c0cac2784ec2f305c087be/timeouts - {"script":"<number>"}
RESULT: {"script":"<number>"}
COMMAND: GET /session/7b3a28ffc0c0cac2784ec2f305c087be/timeouts - {}
RESULT: {}
RESULT: undefined
COMMAND: POST /session/7b3a28ffc0c0cac2784ec2f305c087be/execute/async - {"script":"<script> [2676 bytes]","args":[]}
RESULT: {"script":"<script> [2676 bytes]","args":[]}
COMMAND: POST /session/7b3a28ffc0c0cac2784ec2f305c087be/execute/async - {"script":"<script> [2342 bytes]","args":[{"protocol":"http","hostname":"0.0.0.0","path":"/","capabilities":{"browserName":"chrome","goog:chromeOptions":{"binary":"C:\\Program Files\\Google\\Chrome\\Application\\chrome.exe","args":["--start-maximized"]}},"logLevel":"warn","connectionRetryTimeout":120000,"connectionRetryCount":3,"logLevels":{},"enableDirectConnect":true,"strictSSL":true,"_":"65 more keys: [\"cacheDir\",\"port\",\"requestedCapabilities\",\"automationProtocol\",\"baseUrl\",\"waitforInterval\",\"waitforTimeout\",\"onReload\",\"beforeCommand\",\"afterCommand\",\"rootDir\",\"specs\",\"suites\",\"exclude\",\"groupLogsByTestSpec\",\"excludeDriverLogs\",\"bail\",\"framework\",\"reporters\",\"services\",\"maxInstances\",\"maxInstancesPerCapability\",\"injectGlobals\",\"filesToWatch\",\"execArgv\",\"runnerEnv\",\"runner\",\"shard\",\"specFileRetries\",\"specFileRetriesDelay\",\"specFileRetriesDeferred\",\"reporterSyncInterval\",\"reporterSyncTimeout\",\"cucumberFeaturesWithLineNumbers\",\"autoCompileOpts\",\"mochaOpts\",\"jasmineOpts\",\"cucumberOpts\",\"onPrepare\",\"onWorkerStart\",\"onWorkerEnd\",\"before\",\"beforeSession\",\"beforeSuite\",\"beforeHook\",\"beforeTest\",\"afterTest\",\"afterHook\",\"afterSuite\",\"afterSession\",\"after\",\"onComplete\",\"beforeAssertion\",\"afterAssertion\",\"beforeFeature\",\"beforeScenario\",\"beforeStep\",\"afterStep\",\"afterScenario\",\"afterFeature\",\"_\",\"suite\",\"$0\",\"ignoredWorkerServices\",\"wdi5\"]"}]}
RESULT: {"script":"<script> [2342 bytes]","args":[{"protocol":"http","hostname":"0.0.0.0","path":"/","capabilities":{"browserName":"chrome","goog:chromeOptions":{"binary":"C:\\Program Files\\Google\\Chrome\\Application\\chrome.exe","args":["--start-maximized"]}},"logLevel":"warn","connectionRetryTimeout":120000,"connectionRetryCount":3,"logLevels":{},"enableDirectConnect":true,"strictSSL":true,"_":"65 more keys: [\"cacheDir\",\"port\",\"requestedCapabilities\",\"automationProtocol\",\"baseUrl\",\"waitforInterval\",\"waitforTimeout\",\"onReload\",\"beforeCommand\",\"afterCommand\",\"rootDir\",\"specs\",\"suites\",\"exclude\",\"groupLogsByTestSpec\",\"excludeDriverLogs\",\"bail\",\"framework\",\"reporters\",\"services\",\"maxInstances\",\"maxInstancesPerCapability\",\"injectGlobals\",\"filesToWatch\",\"execArgv\",\"runnerEnv\",\"runner\",\"shard\",\"specFileRetries\",\"specFileRetriesDelay\",\"specFileRetriesDeferred\",\"reporterSyncInterval\",\"reporterSyncTimeout\",\"cucumberFeaturesWithLineNumbers\",\"autoCompileOpts\",\"mochaOpts\",\"jasmineOpts\",\"cucumberOpts\",\"onPrepare\",\"onWorkerStart\",\"onWorkerEnd\",\"before\",\"beforeSession\",\"beforeSuite\",\"beforeHook\",\"beforeTest\",\"afterTest\",\"afterHook\",\"afterSuite\",\"afterSession\",\"after\",\"onComplete\",\"beforeAssertion\",\"afterAssertion\",\"beforeFeature\",\"beforeScenario\",\"beforeStep\",\"afterStep\",\"afterScenario\",\"afterFeature\",\"_\",\"suite\",\"$0\",\"ignoredWorkerServices\",\"wdi5\"]"}]}
COMMAND: POST /session/7b3a28ffc0c0cac2784ec2f305c087be/execute/async - {"script":"<script> [21126 bytes]","args":[35000]}
RESULT: {"script":"<script> [21126 bytes]","args":[35000]}
COMMAND: POST /session/7b3a28ffc0c0cac2784ec2f305c087be/element - {"using":"xpath","value":"//li[contains(@title ,\"Exit\")]"}
RESULT: {"using":"xpath","value":"//li[contains(@title ,\"Exit\")]"}
COMMAND: POST /session/7b3a28ffc0c0cac2784ec2f305c087be/element/f.29D1ABB2B85C1BCF108638C002AFC1F1.d.167108D75226827404D51CA733B259BE.e.8462/click - {}
RESULT: {}
COMMAND: GET /session/7b3a28ffc0c0cac2784ec2f305c087be/screenshot - {}
RESULT: {}
COMMAND: DELETE /session/7b3a28ffc0c0cac2784ec2f305c087be - {}
RESULT: {}
]]></system-out>
    </testcase>
  </testsuite>
</testsuites>