<?xml version="1.0" encoding="UTF-8"?>
<testsuites tests="48" failures="37" errors="37" skipped="0">
  <testsuite timestamp="2025-04-25T17:16:28" time="908.689" tests="12" failures="9" errors="9" skipped="0">
    <properties>
      <property name="specId" value="0" />
      <property name="suiteName" value="Billing Transfer - Master data &amp; Intercompany US127250" />
      <property name="capabilities" value="chrome.135_0_7049_96.windows" />
      <property name="file" value="file:///D:/a/1/s/test/specs/BTS/billing-transfer-intercompany.spec.js" />
    </properties>
    <testcase classname="chrome.135_0_7049_96.windows.Billing_Transfer_-_Master_data_&amp;_Intercompany_US127250" name="Should create a new yard" time="109.437">
      <system-out><![CDATA[
COMMAND: POST /session/9fc2c4eab269dcaa9f3181b4eee4b80d/window/fullscreen - {}
RESULT: {}
COMMAND: POST /session/9fc2c4eab269dcaa9f3181b4eee4b80d/execute/async - {"script":"<script> [1562 bytes]","args":[{"selector":{"controlType":"sap.m.GenericTile","properties":{"header":"Manage Yards"}},"wdio_ui5_key":"sapm.GenericTile{\"header\":\"Manage Yards\"}"}]}
RESULT: {"script":"<script> [1562 bytes]","args":[{"selector":{"controlType":"sap.m.GenericTile","properties":{"header":"Manage Yards"}},"wdio_ui5_key":"sapm.GenericTile{\"header\":\"Manage Yards\"}"}]}
RESULT: undefined
COMMAND: POST /session/9fc2c4eab269dcaa9f3181b4eee4b80d/element - {"using":"xpath","value":"//*[@id=\"__tile41\"]"}
RESULT: {"using":"xpath","value":"//*[@id=\"__tile41\"]"}
COMMAND: POST /session/9fc2c4eab269dcaa9f3181b4eee4b80d/element/f.D38CE21AA85210DF62DAE0D69B7617EF.d.DDEE6D2FEC5FBD342071413C3E040EDC.e.148/click - {}
RESULT: {}
COMMAND: POST /session/9fc2c4eab269dcaa9f3181b4eee4b80d/element - {"using":"xpath","value":"//button[@data-kt=\"addNewYardOverflowToolbarButton\"]"}
COMMAND: GET /session/9fc2c4eab269dcaa9f3181b4eee4b80d/screenshot - {}
RESULT: {"using":"xpath","value":"//button[@data-kt=\"addNewYardOverflowToolbarButton\"]"}
COMMAND: POST /session/9fc2c4eab269dcaa9f3181b4eee4b80d/elements - {"using":"xpath","value":"//button[@data-kt=\"addNewYardOverflowToolbarButton\"]"}
RESULT: {}
RESULT: {"using":"xpath","value":"//button[@data-kt=\"addNewYardOverflowToolbarButton\"]"}
COMMAND: POST /session/9fc2c4eab269dcaa9f3181b4eee4b80d/elements - {"using":"xpath","value":"//button[@data-kt=\"addNewYardOverflowToolbarButton\"]"}
RESULT: {"using":"xpath","value":"//button[@data-kt=\"addNewYardOverflowToolbarButton\"]"}
COMMAND: POST /session/9fc2c4eab269dcaa9f3181b4eee4b80d/elements - {"using":"xpath","value":"//button[@data-kt=\"addNewYardOverflowToolbarButton\"]"}
RESULT: {"using":"xpath","value":"//button[@data-kt=\"addNewYardOverflowToolbarButton\"]"}
COMMAND: POST /session/9fc2c4eab269dcaa9f3181b4eee4b80d/elements - {"using":"xpath","value":"//button[@data-kt=\"addNewYardOverflowToolbarButton\"]"}
RESULT: {"using":"xpath","value":"//button[@data-kt=\"addNewYardOverflowToolbarButton\"]"}
COMMAND: POST /session/9fc2c4eab269dcaa9f3181b4eee4b80d/elements - {"using":"xpath","value":"//button[@data-kt=\"addNewYardOverflowToolbarButton\"]"}
RESULT: {"using":"xpath","value":"//button[@data-kt=\"addNewYardOverflowToolbarButton\"]"}
COMMAND: POST /session/9fc2c4eab269dcaa9f3181b4eee4b80d/elements - {"using":"xpath","value":"//button[@data-kt=\"addNewYardOverflowToolbarButton\"]"}
RESULT: {"using":"xpath","value":"//button[@data-kt=\"addNewYardOverflowToolbarButton\"]"}
COMMAND: POST /session/9fc2c4eab269dcaa9f3181b4eee4b80d/elements - {"using":"xpath","value":"//button[@data-kt=\"addNewYardOverflowToolbarButton\"]"}
RESULT: {"using":"xpath","value":"//button[@data-kt=\"addNewYardOverflowToolbarButton\"]"}
COMMAND: POST /session/9fc2c4eab269dcaa9f3181b4eee4b80d/elements - {"using":"xpath","value":"//button[@data-kt=\"addNewYardOverflowToolbarButton\"]"}
RESULT: {"using":"xpath","value":"//button[@data-kt=\"addNewYardOverflowToolbarButton\"]"}
COMMAND: POST /session/9fc2c4eab269dcaa9f3181b4eee4b80d/elements - {"using":"xpath","value":"//button[@data-kt=\"addNewYardOverflowToolbarButton\"]"}
RESULT: {"using":"xpath","value":"//button[@data-kt=\"addNewYardOverflowToolbarButton\"]"}
COMMAND: POST /session/9fc2c4eab269dcaa9f3181b4eee4b80d/elements - {"using":"xpath","value":"//button[@data-kt=\"addNewYardOverflowToolbarButton\"]"}
RESULT: {"using":"xpath","value":"//button[@data-kt=\"addNewYardOverflowToolbarButton\"]"}
COMMAND: POST /session/9fc2c4eab269dcaa9f3181b4eee4b80d/elements - {"using":"xpath","value":"//button[@data-kt=\"addNewYardOverflowToolbarButton\"]"}
RESULT: {"using":"xpath","value":"//button[@data-kt=\"addNewYardOverflowToolbarButton\"]"}
COMMAND: POST /session/9fc2c4eab269dcaa9f3181b4eee4b80d/elements - {"using":"xpath","value":"//button[@data-kt=\"addNewYardOverflowToolbarButton\"]"}
RESULT: {"using":"xpath","value":"//button[@data-kt=\"addNewYardOverflowToolbarButton\"]"}
COMMAND: POST /session/9fc2c4eab269dcaa9f3181b4eee4b80d/elements - {"using":"xpath","value":"//button[@data-kt=\"addNewYardOverflowToolbarButton\"]"}
RESULT: {"using":"xpath","value":"//button[@data-kt=\"addNewYardOverflowToolbarButton\"]"}
COMMAND: POST /session/9fc2c4eab269dcaa9f3181b4eee4b80d/elements - {"using":"xpath","value":"//button[@data-kt=\"addNewYardOverflowToolbarButton\"]"}
RESULT: {"using":"xpath","value":"//button[@data-kt=\"addNewYardOverflowToolbarButton\"]"}
COMMAND: POST /session/9fc2c4eab269dcaa9f3181b4eee4b80d/elements - {"using":"xpath","value":"//button[@data-kt=\"addNewYardOverflowToolbarButton\"]"}
RESULT: {"using":"xpath","value":"//button[@data-kt=\"addNewYardOverflowToolbarButton\"]"}
COMMAND: POST /session/9fc2c4eab269dcaa9f3181b4eee4b80d/elements - {"using":"xpath","value":"//button[@data-kt=\"addNewYardOverflowToolbarButton\"]"}
RESULT: {"using":"xpath","value":"//button[@data-kt=\"addNewYardOverflowToolbarButton\"]"}
COMMAND: POST /session/9fc2c4eab269dcaa9f3181b4eee4b80d/elements - {"using":"xpath","value":"//button[@data-kt=\"addNewYardOverflowToolbarButton\"]"}
RESULT: {"using":"xpath","value":"//button[@data-kt=\"addNewYardOverflowToolbarButton\"]"}
COMMAND: POST /session/9fc2c4eab269dcaa9f3181b4eee4b80d/elements - {"using":"xpath","value":"//button[@data-kt=\"addNewYardOverflowToolbarButton\"]"}
RESULT: {"using":"xpath","value":"//button[@data-kt=\"addNewYardOverflowToolbarButton\"]"}
COMMAND: POST /session/9fc2c4eab269dcaa9f3181b4eee4b80d/elements - {"using":"xpath","value":"//button[@data-kt=\"addNewYardOverflowToolbarButton\"]"}
RESULT: {"using":"xpath","value":"//button[@data-kt=\"addNewYardOverflowToolbarButton\"]"}
COMMAND: POST /session/9fc2c4eab269dcaa9f3181b4eee4b80d/elements - {"using":"xpath","value":"//button[@data-kt=\"addNewYardOverflowToolbarButton\"]"}
RESULT: {"using":"xpath","value":"//button[@data-kt=\"addNewYardOverflowToolbarButton\"]"}
COMMAND: POST /session/9fc2c4eab269dcaa9f3181b4eee4b80d/elements - {"using":"xpath","value":"//button[@data-kt=\"addNewYardOverflowToolbarButton\"]"}
RESULT: {"using":"xpath","value":"//button[@data-kt=\"addNewYardOverflowToolbarButton\"]"}
COMMAND: POST /session/9fc2c4eab269dcaa9f3181b4eee4b80d/elements - {"using":"xpath","value":"//button[@data-kt=\"addNewYardOverflowToolbarButton\"]"}
RESULT: {"using":"xpath","value":"//button[@data-kt=\"addNewYardOverflowToolbarButton\"]"}
COMMAND: POST /session/9fc2c4eab269dcaa9f3181b4eee4b80d/elements - {"using":"xpath","value":"//button[@data-kt=\"addNewYardOverflowToolbarButton\"]"}
RESULT: {"using":"xpath","value":"//button[@data-kt=\"addNewYardOverflowToolbarButton\"]"}
COMMAND: POST /session/9fc2c4eab269dcaa9f3181b4eee4b80d/elements - {"using":"xpath","value":"//button[@data-kt=\"addNewYardOverflowToolbarButton\"]"}
RESULT: {"using":"xpath","value":"//button[@data-kt=\"addNewYardOverflowToolbarButton\"]"}
COMMAND: POST /session/9fc2c4eab269dcaa9f3181b4eee4b80d/elements - {"using":"xpath","value":"//button[@data-kt=\"addNewYardOverflowToolbarButton\"]"}
RESULT: {"using":"xpath","value":"//button[@data-kt=\"addNewYardOverflowToolbarButton\"]"}
COMMAND: POST /session/9fc2c4eab269dcaa9f3181b4eee4b80d/elements - {"using":"xpath","value":"//button[@data-kt=\"addNewYardOverflowToolbarButton\"]"}
RESULT: {"using":"xpath","value":"//button[@data-kt=\"addNewYardOverflowToolbarButton\"]"}
COMMAND: POST /session/9fc2c4eab269dcaa9f3181b4eee4b80d/elements - {"using":"xpath","value":"//button[@data-kt=\"addNewYardOverflowToolbarButton\"]"}
RESULT: {"using":"xpath","value":"//button[@data-kt=\"addNewYardOverflowToolbarButton\"]"}
COMMAND: POST /session/9fc2c4eab269dcaa9f3181b4eee4b80d/elements - {"using":"xpath","value":"//button[@data-kt=\"addNewYardOverflowToolbarButton\"]"}
RESULT: {"using":"xpath","value":"//button[@data-kt=\"addNewYardOverflowToolbarButton\"]"}
COMMAND: POST /session/9fc2c4eab269dcaa9f3181b4eee4b80d/elements - {"using":"xpath","value":"//button[@data-kt=\"addNewYardOverflowToolbarButton\"]"}
RESULT: {"using":"xpath","value":"//button[@data-kt=\"addNewYardOverflowToolbarButton\"]"}
COMMAND: POST /session/9fc2c4eab269dcaa9f3181b4eee4b80d/elements - {"using":"xpath","value":"//button[@data-kt=\"addNewYardOverflowToolbarButton\"]"}
RESULT: {"using":"xpath","value":"//button[@data-kt=\"addNewYardOverflowToolbarButton\"]"}
COMMAND: POST /session/9fc2c4eab269dcaa9f3181b4eee4b80d/elements - {"using":"xpath","value":"//button[@data-kt=\"addNewYardOverflowToolbarButton\"]"}
RESULT: {"using":"xpath","value":"//button[@data-kt=\"addNewYardOverflowToolbarButton\"]"}
COMMAND: POST /session/9fc2c4eab269dcaa9f3181b4eee4b80d/elements - {"using":"xpath","value":"//button[@data-kt=\"addNewYardOverflowToolbarButton\"]"}
RESULT: {"using":"xpath","value":"//button[@data-kt=\"addNewYardOverflowToolbarButton\"]"}
COMMAND: POST /session/9fc2c4eab269dcaa9f3181b4eee4b80d/elements - {"using":"xpath","value":"//button[@data-kt=\"addNewYardOverflowToolbarButton\"]"}
RESULT: {"using":"xpath","value":"//button[@data-kt=\"addNewYardOverflowToolbarButton\"]"}
COMMAND: POST /session/9fc2c4eab269dcaa9f3181b4eee4b80d/elements - {"using":"xpath","value":"//button[@data-kt=\"addNewYardOverflowToolbarButton\"]"}
RESULT: {"using":"xpath","value":"//button[@data-kt=\"addNewYardOverflowToolbarButton\"]"}
COMMAND: POST /session/9fc2c4eab269dcaa9f3181b4eee4b80d/elements - {"using":"xpath","value":"//button[@data-kt=\"addNewYardOverflowToolbarButton\"]"}
RESULT: {"using":"xpath","value":"//button[@data-kt=\"addNewYardOverflowToolbarButton\"]"}
COMMAND: POST /session/9fc2c4eab269dcaa9f3181b4eee4b80d/elements - {"using":"xpath","value":"//button[@data-kt=\"addNewYardOverflowToolbarButton\"]"}
RESULT: {"using":"xpath","value":"//button[@data-kt=\"addNewYardOverflowToolbarButton\"]"}
COMMAND: POST /session/9fc2c4eab269dcaa9f3181b4eee4b80d/elements - {"using":"xpath","value":"//button[@data-kt=\"addNewYardOverflowToolbarButton\"]"}
RESULT: {"using":"xpath","value":"//button[@data-kt=\"addNewYardOverflowToolbarButton\"]"}
COMMAND: POST /session/9fc2c4eab269dcaa9f3181b4eee4b80d/elements - {"using":"xpath","value":"//button[@data-kt=\"addNewYardOverflowToolbarButton\"]"}
RESULT: {"using":"xpath","value":"//button[@data-kt=\"addNewYardOverflowToolbarButton\"]"}
COMMAND: POST /session/9fc2c4eab269dcaa9f3181b4eee4b80d/elements - {"using":"xpath","value":"//button[@data-kt=\"addNewYardOverflowToolbarButton\"]"}
RESULT: {"using":"xpath","value":"//button[@data-kt=\"addNewYardOverflowToolbarButton\"]"}
COMMAND: POST /session/9fc2c4eab269dcaa9f3181b4eee4b80d/elements - {"using":"xpath","value":"//button[@data-kt=\"addNewYardOverflowToolbarButton\"]"}
RESULT: {"using":"xpath","value":"//button[@data-kt=\"addNewYardOverflowToolbarButton\"]"}
COMMAND: POST /session/9fc2c4eab269dcaa9f3181b4eee4b80d/elements - {"using":"xpath","value":"//button[@data-kt=\"addNewYardOverflowToolbarButton\"]"}
RESULT: {"using":"xpath","value":"//button[@data-kt=\"addNewYardOverflowToolbarButton\"]"}
COMMAND: POST /session/9fc2c4eab269dcaa9f3181b4eee4b80d/elements - {"using":"xpath","value":"//button[@data-kt=\"addNewYardOverflowToolbarButton\"]"}
RESULT: {"using":"xpath","value":"//button[@data-kt=\"addNewYardOverflowToolbarButton\"]"}
COMMAND: POST /session/9fc2c4eab269dcaa9f3181b4eee4b80d/elements - {"using":"xpath","value":"//button[@data-kt=\"addNewYardOverflowToolbarButton\"]"}
RESULT: {"using":"xpath","value":"//button[@data-kt=\"addNewYardOverflowToolbarButton\"]"}
COMMAND: POST /session/9fc2c4eab269dcaa9f3181b4eee4b80d/elements - {"using":"xpath","value":"//button[@data-kt=\"addNewYardOverflowToolbarButton\"]"}
RESULT: {"using":"xpath","value":"//button[@data-kt=\"addNewYardOverflowToolbarButton\"]"}
COMMAND: POST /session/9fc2c4eab269dcaa9f3181b4eee4b80d/elements - {"using":"xpath","value":"//button[@data-kt=\"addNewYardOverflowToolbarButton\"]"}
RESULT: {"using":"xpath","value":"//button[@data-kt=\"addNewYardOverflowToolbarButton\"]"}
COMMAND: POST /session/9fc2c4eab269dcaa9f3181b4eee4b80d/elements - {"using":"xpath","value":"//button[@data-kt=\"addNewYardOverflowToolbarButton\"]"}
RESULT: {"using":"xpath","value":"//button[@data-kt=\"addNewYardOverflowToolbarButton\"]"}
COMMAND: POST /session/9fc2c4eab269dcaa9f3181b4eee4b80d/elements - {"using":"xpath","value":"//button[@data-kt=\"addNewYardOverflowToolbarButton\"]"}
RESULT: {"using":"xpath","value":"//button[@data-kt=\"addNewYardOverflowToolbarButton\"]"}
COMMAND: POST /session/9fc2c4eab269dcaa9f3181b4eee4b80d/elements - {"using":"xpath","value":"//button[@data-kt=\"addNewYardOverflowToolbarButton\"]"}
RESULT: {"using":"xpath","value":"//button[@data-kt=\"addNewYardOverflowToolbarButton\"]"}
COMMAND: POST /session/9fc2c4eab269dcaa9f3181b4eee4b80d/elements - {"using":"xpath","value":"//button[@data-kt=\"addNewYardOverflowToolbarButton\"]"}
RESULT: {"using":"xpath","value":"//button[@data-kt=\"addNewYardOverflowToolbarButton\"]"}
COMMAND: POST /session/9fc2c4eab269dcaa9f3181b4eee4b80d/elements - {"using":"xpath","value":"//button[@data-kt=\"addNewYardOverflowToolbarButton\"]"}
RESULT: {"using":"xpath","value":"//button[@data-kt=\"addNewYardOverflowToolbarButton\"]"}
COMMAND: POST /session/9fc2c4eab269dcaa9f3181b4eee4b80d/elements - {"using":"xpath","value":"//button[@data-kt=\"addNewYardOverflowToolbarButton\"]"}
RESULT: {"using":"xpath","value":"//button[@data-kt=\"addNewYardOverflowToolbarButton\"]"}
COMMAND: POST /session/9fc2c4eab269dcaa9f3181b4eee4b80d/element - {"using":"xpath","value":"//button[@data-kt=\"addNewYardOverflowToolbarButton\"]"}
RESULT: {"using":"xpath","value":"//button[@data-kt=\"addNewYardOverflowToolbarButton\"]"}
COMMAND: POST /session/9fc2c4eab269dcaa9f3181b4eee4b80d/execute/sync - {"script":"<script> [8489 bytes]","args":[{"element-6066-11e4-a52e-4f735466cecf":"f.D38CE21AA85210DF62DAE0D69B7617EF.d.DDEE6D2FEC5FBD342071413C3E040EDC.e.286","ELEMENT":"f.D38CE21AA85210DF62DAE0D69B7617EF.d.DDEE6D2FEC5FBD342071413C3E040EDC.e.286"}]}
RESULT: {"script":"<script> [8489 bytes]","args":[{"element-6066-11e4-a52e-4f735466cecf":"f.D38CE21AA85210DF62DAE0D69B7617EF.d.DDEE6D2FEC5FBD342071413C3E040EDC.e.286","ELEMENT":"f.D38CE21AA85210DF62DAE0D69B7617EF.d.DDEE6D2FEC5FBD342071413C3E040EDC.e.286"}]}
COMMAND: GET /session/9fc2c4eab269dcaa9f3181b4eee4b80d/element/f.D38CE21AA85210DF62DAE0D69B7617EF.d.DDEE6D2FEC5FBD342071413C3E040EDC.e.286/enabled - {}
COMMAND: GET /session/9fc2c4eab269dcaa9f3181b4eee4b80d/screenshot - {}
RESULT: {}
COMMAND: POST /session/9fc2c4eab269dcaa9f3181b4eee4b80d/execute/sync - {"script":"<script> [8489 bytes]","args":[{"element-6066-11e4-a52e-4f735466cecf":"f.D38CE21AA85210DF62DAE0D69B7617EF.d.DDEE6D2FEC5FBD342071413C3E040EDC.e.286","ELEMENT":"f.D38CE21AA85210DF62DAE0D69B7617EF.d.DDEE6D2FEC5FBD342071413C3E040EDC.e.286"}]}
COMMAND: GET /session/9fc2c4eab269dcaa9f3181b4eee4b80d/screenshot - {}
RESULT: {}
RESULT: {"script":"<script> [8489 bytes]","args":[{"element-6066-11e4-a52e-4f735466cecf":"f.D38CE21AA85210DF62DAE0D69B7617EF.d.DDEE6D2FEC5FBD342071413C3E040EDC.e.286","ELEMENT":"f.D38CE21AA85210DF62DAE0D69B7617EF.d.DDEE6D2FEC5FBD342071413C3E040EDC.e.286"}]}
COMMAND: POST /session/9fc2c4eab269dcaa9f3181b4eee4b80d/execute/sync - {"script":"<script> [5351 bytes]","args":[{"element-6066-11e4-a52e-4f735466cecf":"f.D38CE21AA85210DF62DAE0D69B7617EF.d.DDEE6D2FEC5FBD342071413C3E040EDC.e.286","ELEMENT":"f.D38CE21AA85210DF62DAE0D69B7617EF.d.DDEE6D2FEC5FBD342071413C3E040EDC.e.286"}]}
COMMAND: GET /session/9fc2c4eab269dcaa9f3181b4eee4b80d/screenshot - {}
RESULT: {}
RESULT: {"script":"<script> [5351 bytes]","args":[{"element-6066-11e4-a52e-4f735466cecf":"f.D38CE21AA85210DF62DAE0D69B7617EF.d.DDEE6D2FEC5FBD342071413C3E040EDC.e.286","ELEMENT":"f.D38CE21AA85210DF62DAE0D69B7617EF.d.DDEE6D2FEC5FBD342071413C3E040EDC.e.286"}]}
COMMAND: POST /session/9fc2c4eab269dcaa9f3181b4eee4b80d/element/f.D38CE21AA85210DF62DAE0D69B7617EF.d.DDEE6D2FEC5FBD342071413C3E040EDC.e.286/click - {}
COMMAND: GET /session/9fc2c4eab269dcaa9f3181b4eee4b80d/screenshot - {}
RESULT: {}
RESULT: {}
COMMAND: GET /session/9fc2c4eab269dcaa9f3181b4eee4b80d/screenshot - {}
RESULT: {}
RESULT: {}
COMMAND: POST /session/9fc2c4eab269dcaa9f3181b4eee4b80d/element - {"using":"xpath","value":"//input[@id=\"application-manageyards-display-component---NewYard--yardId-inner\"]"}
RESULT: {"using":"xpath","value":"//input[@id=\"application-manageyards-display-component---NewYard--yardId-inner\"]"}
COMMAND: POST /session/9fc2c4eab269dcaa9f3181b4eee4b80d/element - {"using":"xpath","value":"//input[@id=\"application-manageyards-display-component---NewYard--yardId-inner\"]"}
RESULT: {"using":"xpath","value":"//input[@id=\"application-manageyards-display-component---NewYard--yardId-inner\"]"}
COMMAND: POST /session/9fc2c4eab269dcaa9f3181b4eee4b80d/execute/async - {"script":"<script> [1562 bytes]","args":[{"selector":{"id":"application-manageyards-display-component---NewYard--addressDetailDetailsName1","interaction":{"idSuffix":"inner"}},"wdio_ui5_key":"applicationmanageyards-display-component---NewYard--addressDetailDetailsName1"}]}
RESULT: {"script":"<script> [1562 bytes]","args":[{"selector":{"id":"application-manageyards-display-component---NewYard--addressDetailDetailsName1","interaction":{"idSuffix":"inner"}},"wdio_ui5_key":"applicationmanageyards-display-component---NewYard--addressDetailDetailsName1"}]}
RESULT: undefined
COMMAND: POST /session/9fc2c4eab269dcaa9f3181b4eee4b80d/execute/async - {"script":"<script> [776 bytes]","args":[{"enterText":"Intercompany Yard wdIO","selector":{"id":"application-manageyards-display-component---NewYard--addressDetailDetailsName1","interaction":{"idSuffix":"inner"}},"clearTextFirst":true,"interactionType":"ENTER_TEXT"}]}
RESULT: {"script":"<script> [776 bytes]","args":[{"enterText":"Intercompany Yard wdIO","selector":{"id":"application-manageyards-display-component---NewYard--addressDetailDetailsName1","interaction":{"idSuffix":"inner"}},"clearTextFirst":true,"interactionType":"ENTER_TEXT"}]}
COMMAND: POST /session/9fc2c4eab269dcaa9f3181b4eee4b80d/execute/async - {"script":"<script> [1562 bytes]","args":[{"selector":{"id":"application-manageyards-display-component---NewYard--addressDetailDetailsLanguage-arrow"},"wdio_ui5_key":"applicationmanageyards-display-component---NewYard--addressDetailDetailsLanguage-arrow"}]}
RESULT: {"script":"<script> [1562 bytes]","args":[{"selector":{"id":"application-manageyards-display-component---NewYard--addressDetailDetailsLanguage-arrow"},"wdio_ui5_key":"applicationmanageyards-display-component---NewYard--addressDetailDetailsLanguage-arrow"}]}
RESULT: undefined
COMMAND: POST /session/9fc2c4eab269dcaa9f3181b4eee4b80d/element - {"using":"xpath","value":"//*[@id=\"application-manageyards-display-component---NewYard--addressDetailDetailsLanguage-arrow\"]"}
RESULT: {"using":"xpath","value":"//*[@id=\"application-manageyards-display-component---NewYard--addressDetailDetailsLanguage-arrow\"]"}
COMMAND: POST /session/9fc2c4eab269dcaa9f3181b4eee4b80d/element/f.D38CE21AA85210DF62DAE0D69B7617EF.d.DDEE6D2FEC5FBD342071413C3E040EDC.e.707/click - {}
RESULT: {}
COMMAND: POST /session/9fc2c4eab269dcaa9f3181b4eee4b80d/element - {"using":"xpath","value":"//span[contains(text(), \"English\")]"}
COMMAND: GET /session/9fc2c4eab269dcaa9f3181b4eee4b80d/screenshot - {}
RESULT: {"using":"xpath","value":"//span[contains(text(), \"English\")]"}
COMMAND: POST /session/9fc2c4eab269dcaa9f3181b4eee4b80d/element/f.D38CE21AA85210DF62DAE0D69B7617EF.d.DDEE6D2FEC5FBD342071413C3E040EDC.e.708/click - {}
RESULT: {}
RESULT: {}
COMMAND: POST /session/9fc2c4eab269dcaa9f3181b4eee4b80d/execute/async - {"script":"<script> [1562 bytes]","args":[{"selector":{"id":"application-manageyards-display-component---NewYard--addressDetailDetailsCity1","interaction":{"idSuffix":"inner"}},"wdio_ui5_key":"applicationmanageyards-display-component---NewYard--addressDetailDetailsCity1"}]}
COMMAND: GET /session/9fc2c4eab269dcaa9f3181b4eee4b80d/screenshot - {}
RESULT: {"script":"<script> [1562 bytes]","args":[{"selector":{"id":"application-manageyards-display-component---NewYard--addressDetailDetailsCity1","interaction":{"idSuffix":"inner"}},"wdio_ui5_key":"applicationmanageyards-display-component---NewYard--addressDetailDetailsCity1"}]}
RESULT: undefined
COMMAND: POST /session/9fc2c4eab269dcaa9f3181b4eee4b80d/execute/async - {"script":"<script> [776 bytes]","args":[{"enterText":"Rosario","selector":{"id":"application-manageyards-display-component---NewYard--addressDetailDetailsCity1","interaction":{"idSuffix":"inner"}},"clearTextFirst":true,"interactionType":"ENTER_TEXT"}]}
RESULT: {}
RESULT: {"script":"<script> [776 bytes]","args":[{"enterText":"Rosario","selector":{"id":"application-manageyards-display-component---NewYard--addressDetailDetailsCity1","interaction":{"idSuffix":"inner"}},"clearTextFirst":true,"interactionType":"ENTER_TEXT"}]}
COMMAND: POST /session/9fc2c4eab269dcaa9f3181b4eee4b80d/execute/async - {"script":"<script> [1562 bytes]","args":[{"selector":{"id":"application-manageyards-display-component---NewYard--addressDetailDetailsCountry-arrow"},"wdio_ui5_key":"applicationmanageyards-display-component---NewYard--addressDetailDetailsCountry-arrow"}]}
RESULT: {"script":"<script> [1562 bytes]","args":[{"selector":{"id":"application-manageyards-display-component---NewYard--addressDetailDetailsCountry-arrow"},"wdio_ui5_key":"applicationmanageyards-display-component---NewYard--addressDetailDetailsCountry-arrow"}]}
RESULT: undefined
COMMAND: POST /session/9fc2c4eab269dcaa9f3181b4eee4b80d/element - {"using":"xpath","value":"//*[@id=\"application-manageyards-display-component---NewYard--addressDetailDetailsCountry-arrow\"]"}
RESULT: {"using":"xpath","value":"//*[@id=\"application-manageyards-display-component---NewYard--addressDetailDetailsCountry-arrow\"]"}
COMMAND: POST /session/9fc2c4eab269dcaa9f3181b4eee4b80d/element/f.D38CE21AA85210DF62DAE0D69B7617EF.d.DDEE6D2FEC5FBD342071413C3E040EDC.e.710/click - {}
RESULT: {}
COMMAND: POST /session/9fc2c4eab269dcaa9f3181b4eee4b80d/element - {"using":"xpath","value":"//span[contains(text(), \"Argentina\")]"}
COMMAND: GET /session/9fc2c4eab269dcaa9f3181b4eee4b80d/screenshot - {}
RESULT: {"using":"xpath","value":"//span[contains(text(), \"Argentina\")]"}
COMMAND: POST /session/9fc2c4eab269dcaa9f3181b4eee4b80d/element/f.D38CE21AA85210DF62DAE0D69B7617EF.d.DDEE6D2FEC5FBD342071413C3E040EDC.e.711/click - {}
RESULT: {}
RESULT: {}
COMMAND: POST /session/9fc2c4eab269dcaa9f3181b4eee4b80d/execute/async - {"script":"<script> [1562 bytes]","args":[{"selector":{"id":"application-manageyards-display-component---NewYard--addressEditDetailsCostObjectCstType-arrow"},"wdio_ui5_key":"applicationmanageyards-display-component---NewYard--addressEditDetailsCostObjectCstType-arrow"}]}
COMMAND: GET /session/9fc2c4eab269dcaa9f3181b4eee4b80d/screenshot - {}
RESULT: {"script":"<script> [1562 bytes]","args":[{"selector":{"id":"application-manageyards-display-component---NewYard--addressEditDetailsCostObjectCstType-arrow"},"wdio_ui5_key":"applicationmanageyards-display-component---NewYard--addressEditDetailsCostObjectCstType-arrow"}]}
RESULT: undefined
COMMAND: POST /session/9fc2c4eab269dcaa9f3181b4eee4b80d/element - {"using":"xpath","value":"//*[@id=\"application-manageyards-display-component---NewYard--addressEditDetailsCostObjectCstType-arrow\"]"}
RESULT: {}
RESULT: {"using":"xpath","value":"//*[@id=\"application-manageyards-display-component---NewYard--addressEditDetailsCostObjectCstType-arrow\"]"}
COMMAND: POST /session/9fc2c4eab269dcaa9f3181b4eee4b80d/element/f.D38CE21AA85210DF62DAE0D69B7617EF.d.DDEE6D2FEC5FBD342071413C3E040EDC.e.712/click - {}
RESULT: {}
COMMAND: POST /session/9fc2c4eab269dcaa9f3181b4eee4b80d/element - {"using":"xpath","value":"//span[contains(text(), \"Cost Center\")]"}
COMMAND: GET /session/9fc2c4eab269dcaa9f3181b4eee4b80d/screenshot - {}
RESULT: {"using":"xpath","value":"//span[contains(text(), \"Cost Center\")]"}
COMMAND: POST /session/9fc2c4eab269dcaa9f3181b4eee4b80d/element/f.D38CE21AA85210DF62DAE0D69B7617EF.d.DDEE6D2FEC5FBD342071413C3E040EDC.e.713/click - {}
RESULT: {}
RESULT: {}
COMMAND: GET /session/9fc2c4eab269dcaa9f3181b4eee4b80d/screenshot - {}
RESULT: {}
COMMAND: POST /session/9fc2c4eab269dcaa9f3181b4eee4b80d/element - {"using":"xpath","value":"//span[@id=\"application-manageyards-display-component---NewYard--addressNewCostObjectCstID-vhi\"]"}
RESULT: {"using":"xpath","value":"//span[@id=\"application-manageyards-display-component---NewYard--addressNewCostObjectCstID-vhi\"]"}
COMMAND: POST /session/9fc2c4eab269dcaa9f3181b4eee4b80d/execute/sync - {"script":"<script> [8489 bytes]","args":[{"element-6066-11e4-a52e-4f735466cecf":"f.D38CE21AA85210DF62DAE0D69B7617EF.d.DDEE6D2FEC5FBD342071413C3E040EDC.e.717","ELEMENT":"f.D38CE21AA85210DF62DAE0D69B7617EF.d.DDEE6D2FEC5FBD342071413C3E040EDC.e.717"}]}
RESULT: {"script":"<script> [8489 bytes]","args":[{"element-6066-11e4-a52e-4f735466cecf":"f.D38CE21AA85210DF62DAE0D69B7617EF.d.DDEE6D2FEC5FBD342071413C3E040EDC.e.717","ELEMENT":"f.D38CE21AA85210DF62DAE0D69B7617EF.d.DDEE6D2FEC5FBD342071413C3E040EDC.e.717"}]}
COMMAND: POST /session/9fc2c4eab269dcaa9f3181b4eee4b80d/execute/async - {"script":"<script> [1562 bytes]","args":[{"selector":{"id":"application-manageyards-display-component---NewYard--addressNewCostObjectCstID-vhi"},"wdio_ui5_key":"applicationmanageyards-display-component---NewYard--addressNewCostObjectCstID-vhi"}]}
COMMAND: GET /session/9fc2c4eab269dcaa9f3181b4eee4b80d/screenshot - {}
RESULT: {"script":"<script> [1562 bytes]","args":[{"selector":{"id":"application-manageyards-display-component---NewYard--addressNewCostObjectCstID-vhi"},"wdio_ui5_key":"applicationmanageyards-display-component---NewYard--addressNewCostObjectCstID-vhi"}]}
RESULT: undefined
COMMAND: POST /session/9fc2c4eab269dcaa9f3181b4eee4b80d/element - {"using":"xpath","value":"//*[@id=\"application-manageyards-display-component---NewYard--addressNewCostObjectCstID-vhi\"]"}
RESULT: {}
RESULT: {"using":"xpath","value":"//*[@id=\"application-manageyards-display-component---NewYard--addressNewCostObjectCstID-vhi\"]"}
COMMAND: POST /session/9fc2c4eab269dcaa9f3181b4eee4b80d/element/f.D38CE21AA85210DF62DAE0D69B7617EF.d.DDEE6D2FEC5FBD342071413C3E040EDC.e.717/click - {}
RESULT: {}
COMMAND: GET /session/9fc2c4eab269dcaa9f3181b4eee4b80d/screenshot - {}
RESULT: {}
COMMAND: POST /session/9fc2c4eab269dcaa9f3181b4eee4b80d/execute/async - {"script":"<script> [1562 bytes]","args":[{"selector":{"controlType":"sap.m.SearchField","properties":{"placeholder":"Search"},"searchOpenDialogs":true,"interaction":{"idSuffix":"I"}},"wdio_ui5_key":"sapm.SearchField{\"placeholder\":\"Search\"}"}]}
RESULT: {"script":"<script> [1562 bytes]","args":[{"selector":{"controlType":"sap.m.SearchField","properties":{"placeholder":"Search"},"searchOpenDialogs":true,"interaction":{"idSuffix":"I"}},"wdio_ui5_key":"sapm.SearchField{\"placeholder\":\"Search\"}"}]}
RESULT: undefined
COMMAND: POST /session/9fc2c4eab269dcaa9f3181b4eee4b80d/execute/async - {"script":"<script> [776 bytes]","args":[{"enterText":"10001013","selector":{"controlType":"sap.m.SearchField","properties":{"placeholder":"Search"},"searchOpenDialogs":true,"interaction":{"idSuffix":"I"}},"clearTextFirst":true,"interactionType":"ENTER_TEXT"}]}
RESULT: {"script":"<script> [776 bytes]","args":[{"enterText":"10001013","selector":{"controlType":"sap.m.SearchField","properties":{"placeholder":"Search"},"searchOpenDialogs":true,"interaction":{"idSuffix":"I"}},"clearTextFirst":true,"interactionType":"ENTER_TEXT"}]}
COMMAND: POST /session/9fc2c4eab269dcaa9f3181b4eee4b80d/actions - {"actions":[{"id":"action1","type":"key","parameters":{},"actions":[{"type":"keyDown","value":"î€‡"},{"type":"pause","duration":10},{"type":"keyUp","value":"î€‡"}]}]}
RESULT: {"actions":[{"id":"action1","type":"key","parameters":{},"actions":[{"type":"keyDown","value":"î€‡"},{"type":"pause","duration":10},{"type":"keyUp","value":"î€‡"}]}]}
COMMAND: GET /session/9fc2c4eab269dcaa9f3181b4eee4b80d/screenshot - {}
RESULT: {}
COMMAND: POST /session/9fc2c4eab269dcaa9f3181b4eee4b80d/element - {"using":"xpath","value":"//span[contains(text(), \"General Management\")]"}
RESULT: {"using":"xpath","value":"//span[contains(text(), \"General Management\")]"}
COMMAND: POST /session/9fc2c4eab269dcaa9f3181b4eee4b80d/element/f.D38CE21AA85210DF62DAE0D69B7617EF.d.DDEE6D2FEC5FBD342071413C3E040EDC.e.758/click - {}
RESULT: {}
COMMAND: GET /session/9fc2c4eab269dcaa9f3181b4eee4b80d/screenshot - {}
RESULT: {}
COMMAND: POST /session/9fc2c4eab269dcaa9f3181b4eee4b80d/element - {"using":"xpath","value":"//bdi[contains(text(), \"OK\")]"}
RESULT: {"using":"xpath","value":"//bdi[contains(text(), \"OK\")]"}
COMMAND: POST /session/9fc2c4eab269dcaa9f3181b4eee4b80d/element/f.D38CE21AA85210DF62DAE0D69B7617EF.d.DDEE6D2FEC5FBD342071413C3E040EDC.e.759/click - {}
RESULT: {}
COMMAND: GET /session/9fc2c4eab269dcaa9f3181b4eee4b80d/screenshot - {}
RESULT: {}
COMMAND: POST /session/9fc2c4eab269dcaa9f3181b4eee4b80d/execute/async - {"script":"<script> [1562 bytes]","args":[{"selector":{"id":"application-manageyards-display-component---NewYard--addressEditDetailsCurrency-arrow"},"wdio_ui5_key":"applicationmanageyards-display-component---NewYard--addressEditDetailsCurrency-arrow"}]}
RESULT: {"script":"<script> [1562 bytes]","args":[{"selector":{"id":"application-manageyards-display-component---NewYard--addressEditDetailsCurrency-arrow"},"wdio_ui5_key":"applicationmanageyards-display-component---NewYard--addressEditDetailsCurrency-arrow"}]}
RESULT: undefined
COMMAND: POST /session/9fc2c4eab269dcaa9f3181b4eee4b80d/element - {"using":"xpath","value":"//*[@id=\"application-manageyards-display-component---NewYard--addressEditDetailsCurrency-arrow\"]"}
RESULT: {"using":"xpath","value":"//*[@id=\"application-manageyards-display-component---NewYard--addressEditDetailsCurrency-arrow\"]"}
COMMAND: POST /session/9fc2c4eab269dcaa9f3181b4eee4b80d/element/f.D38CE21AA85210DF62DAE0D69B7617EF.d.DDEE6D2FEC5FBD342071413C3E040EDC.e.762/click - {}
RESULT: {}
COMMAND: POST /session/9fc2c4eab269dcaa9f3181b4eee4b80d/element - {"using":"xpath","value":"//span[contains(text(), \"Euro\")]"}
COMMAND: GET /session/9fc2c4eab269dcaa9f3181b4eee4b80d/screenshot - {}
RESULT: {"using":"xpath","value":"//span[contains(text(), \"Euro\")]"}
COMMAND: POST /session/9fc2c4eab269dcaa9f3181b4eee4b80d/element/f.D38CE21AA85210DF62DAE0D69B7617EF.d.DDEE6D2FEC5FBD342071413C3E040EDC.e.763/click - {}
RESULT: {}
RESULT: {}
COMMAND: POST /session/9fc2c4eab269dcaa9f3181b4eee4b80d/execute/async - {"script":"<script> [1562 bytes]","args":[{"selector":{"controlType":"sap.m.Input","viewName":"etm.portal.ui.manageyards.view.New","viewId":"application-manageyards-display-component---NewYard","bindingPath":{"path":"","propertyPath":"/CONTROLLING_AREA","modelName":"NewYardModel"},"interaction":{"idSuffix":"inner"}},"wdio_ui5_key":"etmportal.ui.manageyards.view.Newsap.m.Input{\"path\":\"\",\"propertyPath\":\"/CONTROLLING_AREA\",\"modelName\":\"NewYardModel\"}"}]}
COMMAND: GET /session/9fc2c4eab269dcaa9f3181b4eee4b80d/screenshot - {}
RESULT: {"script":"<script> [1562 bytes]","args":[{"selector":{"controlType":"sap.m.Input","viewName":"etm.portal.ui.manageyards.view.New","viewId":"application-manageyards-display-component---NewYard","bindingPath":{"path":"","propertyPath":"/CONTROLLING_AREA","modelName":"NewYardModel"},"interaction":{"idSuffix":"inner"}},"wdio_ui5_key":"etmportal.ui.manageyards.view.Newsap.m.Input{\"path\":\"\",\"propertyPath\":\"/CONTROLLING_AREA\",\"modelName\":\"NewYardModel\"}"}]}
RESULT: undefined
COMMAND: POST /session/9fc2c4eab269dcaa9f3181b4eee4b80d/execute/async - {"script":"<script> [776 bytes]","args":[{"enterText":"Z001","selector":{"controlType":"sap.m.Input","viewName":"etm.portal.ui.manageyards.view.New","viewId":"application-manageyards-display-component---NewYard","bindingPath":{"path":"","propertyPath":"/CONTROLLING_AREA","modelName":"NewYardModel"},"interaction":{"idSuffix":"inner"}},"clearTextFirst":true,"interactionType":"ENTER_TEXT"}]}
RESULT: {}
RESULT: {"script":"<script> [776 bytes]","args":[{"enterText":"Z001","selector":{"controlType":"sap.m.Input","viewName":"etm.portal.ui.manageyards.view.New","viewId":"application-manageyards-display-component---NewYard","bindingPath":{"path":"","propertyPath":"/CONTROLLING_AREA","modelName":"NewYardModel"},"interaction":{"idSuffix":"inner"}},"clearTextFirst":true,"interactionType":"ENTER_TEXT"}]}
COMMAND: POST /session/9fc2c4eab269dcaa9f3181b4eee4b80d/execute/async - {"script":"<script> [1562 bytes]","args":[{"selector":{"id":"application-manageyards-display-component---NewYard--companyCodeComboBox","interaction":{"idSuffix":"inner"}},"wdio_ui5_key":"applicationmanageyards-display-component---NewYard--companyCodeComboBox"}]}
RESULT: {"script":"<script> [1562 bytes]","args":[{"selector":{"id":"application-manageyards-display-component---NewYard--companyCodeComboBox","interaction":{"idSuffix":"inner"}},"wdio_ui5_key":"applicationmanageyards-display-component---NewYard--companyCodeComboBox"}]}
RESULT: undefined
COMMAND: POST /session/9fc2c4eab269dcaa9f3181b4eee4b80d/execute/async - {"script":"<script> [776 bytes]","args":[{"enterText":"1000","selector":{"id":"application-manageyards-display-component---NewYard--companyCodeComboBox","interaction":{"idSuffix":"inner"}},"clearTextFirst":true,"interactionType":"ENTER_TEXT"}]}
RESULT: {"script":"<script> [776 bytes]","args":[{"enterText":"1000","selector":{"id":"application-manageyards-display-component---NewYard--companyCodeComboBox","interaction":{"idSuffix":"inner"}},"clearTextFirst":true,"interactionType":"ENTER_TEXT"}]}
COMMAND: POST /session/9fc2c4eab269dcaa9f3181b4eee4b80d/execute/async - {"script":"<script> [1562 bytes]","args":[{"selector":{"controlType":"sap.m.Input","viewName":"etm.portal.ui.manageyards.view.New","viewId":"application-manageyards-display-component---NewYard","bindingPath":{"path":"","propertyPath":"/PLANT","modelName":"NewYardModel"},"interaction":{"idSuffix":"inner"}},"wdio_ui5_key":"etmportal.ui.manageyards.view.Newsap.m.Input{\"path\":\"\",\"propertyPath\":\"/PLANT\",\"modelName\":\"NewYardModel\"}"}]}
RESULT: {"script":"<script> [1562 bytes]","args":[{"selector":{"controlType":"sap.m.Input","viewName":"etm.portal.ui.manageyards.view.New","viewId":"application-manageyards-display-component---NewYard","bindingPath":{"path":"","propertyPath":"/PLANT","modelName":"NewYardModel"},"interaction":{"idSuffix":"inner"}},"wdio_ui5_key":"etmportal.ui.manageyards.view.Newsap.m.Input{\"path\":\"\",\"propertyPath\":\"/PLANT\",\"modelName\":\"NewYardModel\"}"}]}
RESULT: undefined
COMMAND: POST /session/9fc2c4eab269dcaa9f3181b4eee4b80d/execute/async - {"script":"<script> [776 bytes]","args":[{"enterText":"1001","selector":{"controlType":"sap.m.Input","viewName":"etm.portal.ui.manageyards.view.New","viewId":"application-manageyards-display-component---NewYard","bindingPath":{"path":"","propertyPath":"/PLANT","modelName":"NewYardModel"},"interaction":{"idSuffix":"inner"}},"clearTextFirst":true,"interactionType":"ENTER_TEXT"}]}
RESULT: {"script":"<script> [776 bytes]","args":[{"enterText":"1001","selector":{"controlType":"sap.m.Input","viewName":"etm.portal.ui.manageyards.view.New","viewId":"application-manageyards-display-component---NewYard","bindingPath":{"path":"","propertyPath":"/PLANT","modelName":"NewYardModel"},"interaction":{"idSuffix":"inner"}},"clearTextFirst":true,"interactionType":"ENTER_TEXT"}]}
COMMAND: POST /session/9fc2c4eab269dcaa9f3181b4eee4b80d/execute/async - {"script":"<script> [1562 bytes]","args":[{"selector":{"controlType":"sap.m.Input","viewName":"etm.portal.ui.manageyards.view.New","viewId":"application-manageyards-display-component---NewYard","bindingPath":{"path":"","propertyPath":"/SALES_AREA_VKORG","modelName":"NewYardModel"},"interaction":{"idSuffix":"inner"}},"wdio_ui5_key":"etmportal.ui.manageyards.view.Newsap.m.Input{\"path\":\"\",\"propertyPath\":\"/SALES_AREA_VKORG\",\"modelName\":\"NewYardModel\"}"}]}
RESULT: {"script":"<script> [1562 bytes]","args":[{"selector":{"controlType":"sap.m.Input","viewName":"etm.portal.ui.manageyards.view.New","viewId":"application-manageyards-display-component---NewYard","bindingPath":{"path":"","propertyPath":"/SALES_AREA_VKORG","modelName":"NewYardModel"},"interaction":{"idSuffix":"inner"}},"wdio_ui5_key":"etmportal.ui.manageyards.view.Newsap.m.Input{\"path\":\"\",\"propertyPath\":\"/SALES_AREA_VKORG\",\"modelName\":\"NewYardModel\"}"}]}
RESULT: undefined
COMMAND: POST /session/9fc2c4eab269dcaa9f3181b4eee4b80d/execute/async - {"script":"<script> [776 bytes]","args":[{"enterText":"C002","selector":{"controlType":"sap.m.Input","viewName":"etm.portal.ui.manageyards.view.New","viewId":"application-manageyards-display-component---NewYard","bindingPath":{"path":"","propertyPath":"/SALES_AREA_VKORG","modelName":"NewYardModel"},"interaction":{"idSuffix":"inner"}},"clearTextFirst":true,"interactionType":"ENTER_TEXT"}]}
RESULT: {"script":"<script> [776 bytes]","args":[{"enterText":"C002","selector":{"controlType":"sap.m.Input","viewName":"etm.portal.ui.manageyards.view.New","viewId":"application-manageyards-display-component---NewYard","bindingPath":{"path":"","propertyPath":"/SALES_AREA_VKORG","modelName":"NewYardModel"},"interaction":{"idSuffix":"inner"}},"clearTextFirst":true,"interactionType":"ENTER_TEXT"}]}
COMMAND: POST /session/9fc2c4eab269dcaa9f3181b4eee4b80d/execute/async - {"script":"<script> [1562 bytes]","args":[{"selector":{"controlType":"sap.m.Input","viewName":"etm.portal.ui.manageyards.view.New","viewId":"application-manageyards-display-component---NewYard","bindingPath":{"path":"","propertyPath":"/SALES_AREA_VTWEG","modelName":"NewYardModel"},"interaction":{"idSuffix":"inner"}},"wdio_ui5_key":"etmportal.ui.manageyards.view.Newsap.m.Input{\"path\":\"\",\"propertyPath\":\"/SALES_AREA_VTWEG\",\"modelName\":\"NewYardModel\"}"}]}
RESULT: {"script":"<script> [1562 bytes]","args":[{"selector":{"controlType":"sap.m.Input","viewName":"etm.portal.ui.manageyards.view.New","viewId":"application-manageyards-display-component---NewYard","bindingPath":{"path":"","propertyPath":"/SALES_AREA_VTWEG","modelName":"NewYardModel"},"interaction":{"idSuffix":"inner"}},"wdio_ui5_key":"etmportal.ui.manageyards.view.Newsap.m.Input{\"path\":\"\",\"propertyPath\":\"/SALES_AREA_VTWEG\",\"modelName\":\"NewYardModel\"}"}]}
RESULT: undefined
COMMAND: POST /session/9fc2c4eab269dcaa9f3181b4eee4b80d/execute/async - {"script":"<script> [776 bytes]","args":[{"enterText":"C2","selector":{"controlType":"sap.m.Input","viewName":"etm.portal.ui.manageyards.view.New","viewId":"application-manageyards-display-component---NewYard","bindingPath":{"path":"","propertyPath":"/SALES_AREA_VTWEG","modelName":"NewYardModel"},"interaction":{"idSuffix":"inner"}},"clearTextFirst":true,"interactionType":"ENTER_TEXT"}]}
RESULT: {"script":"<script> [776 bytes]","args":[{"enterText":"C2","selector":{"controlType":"sap.m.Input","viewName":"etm.portal.ui.manageyards.view.New","viewId":"application-manageyards-display-component---NewYard","bindingPath":{"path":"","propertyPath":"/SALES_AREA_VTWEG","modelName":"NewYardModel"},"interaction":{"idSuffix":"inner"}},"clearTextFirst":true,"interactionType":"ENTER_TEXT"}]}
COMMAND: POST /session/9fc2c4eab269dcaa9f3181b4eee4b80d/execute/async - {"script":"<script> [1562 bytes]","args":[{"selector":{"controlType":"sap.m.Input","viewName":"etm.portal.ui.manageyards.view.New","viewId":"application-manageyards-display-component---NewYard","bindingPath":{"path":"","propertyPath":"/SALES_AREA_SPART","modelName":"NewYardModel"},"interaction":{"idSuffix":"inner"}},"wdio_ui5_key":"etmportal.ui.manageyards.view.Newsap.m.Input{\"path\":\"\",\"propertyPath\":\"/SALES_AREA_SPART\",\"modelName\":\"NewYardModel\"}"}]}
RESULT: {"script":"<script> [1562 bytes]","args":[{"selector":{"controlType":"sap.m.Input","viewName":"etm.portal.ui.manageyards.view.New","viewId":"application-manageyards-display-component---NewYard","bindingPath":{"path":"","propertyPath":"/SALES_AREA_SPART","modelName":"NewYardModel"},"interaction":{"idSuffix":"inner"}},"wdio_ui5_key":"etmportal.ui.manageyards.view.Newsap.m.Input{\"path\":\"\",\"propertyPath\":\"/SALES_AREA_SPART\",\"modelName\":\"NewYardModel\"}"}]}
RESULT: undefined
COMMAND: POST /session/9fc2c4eab269dcaa9f3181b4eee4b80d/execute/async - {"script":"<script> [776 bytes]","args":[{"enterText":"C2","selector":{"controlType":"sap.m.Input","viewName":"etm.portal.ui.manageyards.view.New","viewId":"application-manageyards-display-component---NewYard","bindingPath":{"path":"","propertyPath":"/SALES_AREA_SPART","modelName":"NewYardModel"},"interaction":{"idSuffix":"inner"}},"clearTextFirst":true,"interactionType":"ENTER_TEXT"}]}
RESULT: {"script":"<script> [776 bytes]","args":[{"enterText":"C2","selector":{"controlType":"sap.m.Input","viewName":"etm.portal.ui.manageyards.view.New","viewId":"application-manageyards-display-component---NewYard","bindingPath":{"path":"","propertyPath":"/SALES_AREA_SPART","modelName":"NewYardModel"},"interaction":{"idSuffix":"inner"}},"clearTextFirst":true,"interactionType":"ENTER_TEXT"}]}
COMMAND: POST /session/9fc2c4eab269dcaa9f3181b4eee4b80d/execute/async - {"script":"<script> [1562 bytes]","args":[{"selector":{"controlType":"sap.m.Input","viewName":"etm.portal.ui.manageyards.view.New","viewId":"application-manageyards-display-component---NewYard","bindingPath":{"path":"","propertyPath":"/SHIP_POINT","modelName":"NewYardModel"},"interaction":{"idSuffix":"inner"}},"wdio_ui5_key":"etmportal.ui.manageyards.view.Newsap.m.Input{\"path\":\"\",\"propertyPath\":\"/SHIP_POINT\",\"modelName\":\"NewYardModel\"}"}]}
RESULT: {"script":"<script> [1562 bytes]","args":[{"selector":{"controlType":"sap.m.Input","viewName":"etm.portal.ui.manageyards.view.New","viewId":"application-manageyards-display-component---NewYard","bindingPath":{"path":"","propertyPath":"/SHIP_POINT","modelName":"NewYardModel"},"interaction":{"idSuffix":"inner"}},"wdio_ui5_key":"etmportal.ui.manageyards.view.Newsap.m.Input{\"path\":\"\",\"propertyPath\":\"/SHIP_POINT\",\"modelName\":\"NewYardModel\"}"}]}
RESULT: undefined
COMMAND: POST /session/9fc2c4eab269dcaa9f3181b4eee4b80d/execute/async - {"script":"<script> [776 bytes]","args":[{"enterText":"1710","selector":{"controlType":"sap.m.Input","viewName":"etm.portal.ui.manageyards.view.New","viewId":"application-manageyards-display-component---NewYard","bindingPath":{"path":"","propertyPath":"/SHIP_POINT","modelName":"NewYardModel"},"interaction":{"idSuffix":"inner"}},"clearTextFirst":true,"interactionType":"ENTER_TEXT"}]}
RESULT: {"script":"<script> [776 bytes]","args":[{"enterText":"1710","selector":{"controlType":"sap.m.Input","viewName":"etm.portal.ui.manageyards.view.New","viewId":"application-manageyards-display-component---NewYard","bindingPath":{"path":"","propertyPath":"/SHIP_POINT","modelName":"NewYardModel"},"interaction":{"idSuffix":"inner"}},"clearTextFirst":true,"interactionType":"ENTER_TEXT"}]}
COMMAND: POST /session/9fc2c4eab269dcaa9f3181b4eee4b80d/execute/async - {"script":"<script> [1562 bytes]","args":[{"selector":{"controlType":"sap.m.Input","viewName":"etm.portal.ui.manageyards.view.New","viewId":"application-manageyards-display-component---NewYard","bindingPath":{"path":"","propertyPath":"/DELIVERY_TYPE","modelName":"NewYardModel"},"interaction":{"idSuffix":"inner"}},"wdio_ui5_key":"etmportal.ui.manageyards.view.Newsap.m.Input{\"path\":\"\",\"propertyPath\":\"/DELIVERY_TYPE\",\"modelName\":\"NewYardModel\"}"}]}
RESULT: {"script":"<script> [1562 bytes]","args":[{"selector":{"controlType":"sap.m.Input","viewName":"etm.portal.ui.manageyards.view.New","viewId":"application-manageyards-display-component---NewYard","bindingPath":{"path":"","propertyPath":"/DELIVERY_TYPE","modelName":"NewYardModel"},"interaction":{"idSuffix":"inner"}},"wdio_ui5_key":"etmportal.ui.manageyards.view.Newsap.m.Input{\"path\":\"\",\"propertyPath\":\"/DELIVERY_TYPE\",\"modelName\":\"NewYardModel\"}"}]}
RESULT: undefined
COMMAND: POST /session/9fc2c4eab269dcaa9f3181b4eee4b80d/execute/async - {"script":"<script> [776 bytes]","args":[{"enterText":"ZL01","selector":{"controlType":"sap.m.Input","viewName":"etm.portal.ui.manageyards.view.New","viewId":"application-manageyards-display-component---NewYard","bindingPath":{"path":"","propertyPath":"/DELIVERY_TYPE","modelName":"NewYardModel"},"interaction":{"idSuffix":"inner"}},"clearTextFirst":true,"interactionType":"ENTER_TEXT"}]}
RESULT: {"script":"<script> [776 bytes]","args":[{"enterText":"ZL01","selector":{"controlType":"sap.m.Input","viewName":"etm.portal.ui.manageyards.view.New","viewId":"application-manageyards-display-component---NewYard","bindingPath":{"path":"","propertyPath":"/DELIVERY_TYPE","modelName":"NewYardModel"},"interaction":{"idSuffix":"inner"}},"clearTextFirst":true,"interactionType":"ENTER_TEXT"}]}
COMMAND: POST /session/9fc2c4eab269dcaa9f3181b4eee4b80d/execute/async - {"script":"<script> [1562 bytes]","args":[{"selector":{"controlType":"sap.m.Input","viewName":"etm.portal.ui.manageyards.view.New","viewId":"application-manageyards-display-component---NewYard","bindingPath":{"path":"","propertyPath":"/AUART","modelName":"NewYardModel"},"interaction":{"idSuffix":"inner"}},"wdio_ui5_key":"etmportal.ui.manageyards.view.Newsap.m.Input{\"path\":\"\",\"propertyPath\":\"/AUART\",\"modelName\":\"NewYardModel\"}"}]}
RESULT: {"script":"<script> [1562 bytes]","args":[{"selector":{"controlType":"sap.m.Input","viewName":"etm.portal.ui.manageyards.view.New","viewId":"application-manageyards-display-component---NewYard","bindingPath":{"path":"","propertyPath":"/AUART","modelName":"NewYardModel"},"interaction":{"idSuffix":"inner"}},"wdio_ui5_key":"etmportal.ui.manageyards.view.Newsap.m.Input{\"path\":\"\",\"propertyPath\":\"/AUART\",\"modelName\":\"NewYardModel\"}"}]}
RESULT: undefined
COMMAND: POST /session/9fc2c4eab269dcaa9f3181b4eee4b80d/execute/async - {"script":"<script> [776 bytes]","args":[{"enterText":"TA","selector":{"controlType":"sap.m.Input","viewName":"etm.portal.ui.manageyards.view.New","viewId":"application-manageyards-display-component---NewYard","bindingPath":{"path":"","propertyPath":"/AUART","modelName":"NewYardModel"},"interaction":{"idSuffix":"inner"}},"clearTextFirst":true,"interactionType":"ENTER_TEXT"}]}
RESULT: {"script":"<script> [776 bytes]","args":[{"enterText":"TA","selector":{"controlType":"sap.m.Input","viewName":"etm.portal.ui.manageyards.view.New","viewId":"application-manageyards-display-component---NewYard","bindingPath":{"path":"","propertyPath":"/AUART","modelName":"NewYardModel"},"interaction":{"idSuffix":"inner"}},"clearTextFirst":true,"interactionType":"ENTER_TEXT"}]}
COMMAND: POST /session/9fc2c4eab269dcaa9f3181b4eee4b80d/element - {"using":"xpath","value":"//button[@data-kt=\"newYardSaveButton\"]"}
RESULT: {"using":"xpath","value":"//button[@data-kt=\"newYardSaveButton\"]"}
COMMAND: POST /session/9fc2c4eab269dcaa9f3181b4eee4b80d/element/f.D38CE21AA85210DF62DAE0D69B7617EF.d.DDEE6D2FEC5FBD342071413C3E040EDC.e.672/click - {}
RESULT: {}
COMMAND: GET /session/9fc2c4eab269dcaa9f3181b4eee4b80d/screenshot - {}
RESULT: {}
COMMAND: POST /session/9fc2c4eab269dcaa9f3181b4eee4b80d/element - {"using":"xpath","value":"//header[contains(@id, 'ObjectPageLayout-headerTitle')]/div[1]/div[2]/div[1]/span[1]"}
RESULT: {"using":"xpath","value":"//header[contains(@id, 'ObjectPageLayout-headerTitle')]/div[1]/div[2]/div[1]/span[1]"}
COMMAND: POST /session/9fc2c4eab269dcaa9f3181b4eee4b80d/elements - {"using":"xpath","value":"//header[contains(@id, 'ObjectPageLayout-headerTitle')]/div[1]/div[2]/div[1]/span[1]"}
RESULT: {"using":"xpath","value":"//header[contains(@id, 'ObjectPageLayout-headerTitle')]/div[1]/div[2]/div[1]/span[1]"}
COMMAND: POST /session/9fc2c4eab269dcaa9f3181b4eee4b80d/execute/sync - {"script":"<script> [56 bytes]","args":[{"element-6066-11e4-a52e-4f735466cecf":"f.D38CE21AA85210DF62DAE0D69B7617EF.d.DDEE6D2FEC5FBD342071413C3E040EDC.e.983","ELEMENT":"f.D38CE21AA85210DF62DAE0D69B7617EF.d.DDEE6D2FEC5FBD342071413C3E040EDC.e.983"}]}
RESULT: {"script":"<script> [56 bytes]","args":[{"element-6066-11e4-a52e-4f735466cecf":"f.D38CE21AA85210DF62DAE0D69B7617EF.d.DDEE6D2FEC5FBD342071413C3E040EDC.e.983","ELEMENT":"f.D38CE21AA85210DF62DAE0D69B7617EF.d.DDEE6D2FEC5FBD342071413C3E040EDC.e.983"}]}
COMMAND: GET /session/9fc2c4eab269dcaa9f3181b4eee4b80d/screenshot - {}
RESULT: {}
COMMAND: POST /session/9fc2c4eab269dcaa9f3181b4eee4b80d/element - {"using":"css selector","value":"#shell-header-logo"}
RESULT: {"using":"css selector","value":"#shell-header-logo"}
COMMAND: POST /session/9fc2c4eab269dcaa9f3181b4eee4b80d/element/f.D38CE21AA85210DF62DAE0D69B7617EF.d.DDEE6D2FEC5FBD342071413C3E040EDC.e.244/click - {}
RESULT: {}
COMMAND: GET /session/9fc2c4eab269dcaa9f3181b4eee4b80d/screenshot - {}
RESULT: {}
COMMAND: POST /session/9fc2c4eab269dcaa9f3181b4eee4b80d/execute/sync - {"script":"<script> [299 bytes]","args":[["getModel","getResource"]]}
RESULT: {"script":"<script> [299 bytes]","args":[["getModel","getResource"]]}
COMMAND: GET /session/9fc2c4eab269dcaa9f3181b4eee4b80d/screenshot - {}
]]></system-out>
    </testcase>
    <testcase classname="chrome.135_0_7049_96.windows.Billing_Transfer_-_Master_data_&amp;_Intercompany_US127250" name="Should create a new partner" time="108.385">
      <system-out><![CDATA[
COMMAND: POST /session/9fc2c4eab269dcaa9f3181b4eee4b80d/window/fullscreen - {}
RESULT: {}
RESULT: {}
COMMAND: POST /session/9fc2c4eab269dcaa9f3181b4eee4b80d/execute/async - {"script":"<script> [1562 bytes]","args":[{"selector":{"controlType":"sap.m.GenericTile","properties":{"header":"Manage Partners"}},"wdio_ui5_key":"sapm.GenericTile{\"header\":\"Manage Partners\"}"}]}
RESULT: {"script":"<script> [1562 bytes]","args":[{"selector":{"controlType":"sap.m.GenericTile","properties":{"header":"Manage Partners"}},"wdio_ui5_key":"sapm.GenericTile{\"header\":\"Manage Partners\"}"}]}
RESULT: undefined
COMMAND: POST /session/9fc2c4eab269dcaa9f3181b4eee4b80d/element - {"using":"xpath","value":"//*[@id=\"__tile38\"]"}
RESULT: {"using":"xpath","value":"//*[@id=\"__tile38\"]"}
COMMAND: POST /session/9fc2c4eab269dcaa9f3181b4eee4b80d/element/f.D38CE21AA85210DF62DAE0D69B7617EF.d.DDEE6D2FEC5FBD342071413C3E040EDC.e.139/click - {}
RESULT: {}
COMMAND: POST /session/9fc2c4eab269dcaa9f3181b4eee4b80d/element - {"using":"xpath","value":"//button[@data-kt=\"addButton\"]"}
COMMAND: GET /session/9fc2c4eab269dcaa9f3181b4eee4b80d/screenshot - {}
RESULT: {"using":"xpath","value":"//button[@data-kt=\"addButton\"]"}
COMMAND: POST /session/9fc2c4eab269dcaa9f3181b4eee4b80d/elements - {"using":"xpath","value":"//button[@data-kt=\"addButton\"]"}
RESULT: {}
RESULT: {"using":"xpath","value":"//button[@data-kt=\"addButton\"]"}
COMMAND: POST /session/9fc2c4eab269dcaa9f3181b4eee4b80d/elements - {"using":"xpath","value":"//button[@data-kt=\"addButton\"]"}
RESULT: {"using":"xpath","value":"//button[@data-kt=\"addButton\"]"}
COMMAND: POST /session/9fc2c4eab269dcaa9f3181b4eee4b80d/elements - {"using":"xpath","value":"//button[@data-kt=\"addButton\"]"}
RESULT: {"using":"xpath","value":"//button[@data-kt=\"addButton\"]"}
COMMAND: POST /session/9fc2c4eab269dcaa9f3181b4eee4b80d/elements - {"using":"xpath","value":"//button[@data-kt=\"addButton\"]"}
RESULT: {"using":"xpath","value":"//button[@data-kt=\"addButton\"]"}
COMMAND: POST /session/9fc2c4eab269dcaa9f3181b4eee4b80d/elements - {"using":"xpath","value":"//button[@data-kt=\"addButton\"]"}
RESULT: {"using":"xpath","value":"//button[@data-kt=\"addButton\"]"}
COMMAND: POST /session/9fc2c4eab269dcaa9f3181b4eee4b80d/elements - {"using":"xpath","value":"//button[@data-kt=\"addButton\"]"}
RESULT: {"using":"xpath","value":"//button[@data-kt=\"addButton\"]"}
COMMAND: POST /session/9fc2c4eab269dcaa9f3181b4eee4b80d/element - {"using":"xpath","value":"//button[@data-kt=\"addButton\"]"}
RESULT: {"using":"xpath","value":"//button[@data-kt=\"addButton\"]"}
COMMAND: POST /session/9fc2c4eab269dcaa9f3181b4eee4b80d/execute/sync - {"script":"<script> [8489 bytes]","args":[{"element-6066-11e4-a52e-4f735466cecf":"f.D38CE21AA85210DF62DAE0D69B7617EF.d.DDEE6D2FEC5FBD342071413C3E040EDC.e.1025","ELEMENT":"f.D38CE21AA85210DF62DAE0D69B7617EF.d.DDEE6D2FEC5FBD342071413C3E040EDC.e.1025"}]}
RESULT: {"script":"<script> [8489 bytes]","args":[{"element-6066-11e4-a52e-4f735466cecf":"f.D38CE21AA85210DF62DAE0D69B7617EF.d.DDEE6D2FEC5FBD342071413C3E040EDC.e.1025","ELEMENT":"f.D38CE21AA85210DF62DAE0D69B7617EF.d.DDEE6D2FEC5FBD342071413C3E040EDC.e.1025"}]}
COMMAND: GET /session/9fc2c4eab269dcaa9f3181b4eee4b80d/element/f.D38CE21AA85210DF62DAE0D69B7617EF.d.DDEE6D2FEC5FBD342071413C3E040EDC.e.1025/enabled - {}
COMMAND: GET /session/9fc2c4eab269dcaa9f3181b4eee4b80d/screenshot - {}
RESULT: {}
COMMAND: POST /session/9fc2c4eab269dcaa9f3181b4eee4b80d/execute/sync - {"script":"<script> [8489 bytes]","args":[{"element-6066-11e4-a52e-4f735466cecf":"f.D38CE21AA85210DF62DAE0D69B7617EF.d.DDEE6D2FEC5FBD342071413C3E040EDC.e.1025","ELEMENT":"f.D38CE21AA85210DF62DAE0D69B7617EF.d.DDEE6D2FEC5FBD342071413C3E040EDC.e.1025"}]}
COMMAND: GET /session/9fc2c4eab269dcaa9f3181b4eee4b80d/screenshot - {}
RESULT: {}
RESULT: {"script":"<script> [8489 bytes]","args":[{"element-6066-11e4-a52e-4f735466cecf":"f.D38CE21AA85210DF62DAE0D69B7617EF.d.DDEE6D2FEC5FBD342071413C3E040EDC.e.1025","ELEMENT":"f.D38CE21AA85210DF62DAE0D69B7617EF.d.DDEE6D2FEC5FBD342071413C3E040EDC.e.1025"}]}
COMMAND: POST /session/9fc2c4eab269dcaa9f3181b4eee4b80d/execute/sync - {"script":"<script> [5351 bytes]","args":[{"element-6066-11e4-a52e-4f735466cecf":"f.D38CE21AA85210DF62DAE0D69B7617EF.d.DDEE6D2FEC5FBD342071413C3E040EDC.e.1025","ELEMENT":"f.D38CE21AA85210DF62DAE0D69B7617EF.d.DDEE6D2FEC5FBD342071413C3E040EDC.e.1025"}]}
COMMAND: GET /session/9fc2c4eab269dcaa9f3181b4eee4b80d/screenshot - {}
RESULT: {}
RESULT: {"script":"<script> [5351 bytes]","args":[{"element-6066-11e4-a52e-4f735466cecf":"f.D38CE21AA85210DF62DAE0D69B7617EF.d.DDEE6D2FEC5FBD342071413C3E040EDC.e.1025","ELEMENT":"f.D38CE21AA85210DF62DAE0D69B7617EF.d.DDEE6D2FEC5FBD342071413C3E040EDC.e.1025"}]}
COMMAND: POST /session/9fc2c4eab269dcaa9f3181b4eee4b80d/element/f.D38CE21AA85210DF62DAE0D69B7617EF.d.DDEE6D2FEC5FBD342071413C3E040EDC.e.1025/click - {}
COMMAND: GET /session/9fc2c4eab269dcaa9f3181b4eee4b80d/screenshot - {}
RESULT: {}
RESULT: {}
COMMAND: GET /session/9fc2c4eab269dcaa9f3181b4eee4b80d/screenshot - {}
COMMAND: POST /session/9fc2c4eab269dcaa9f3181b4eee4b80d/execute/async - {"script":"<script> [1562 bytes]","args":[{"selector":{"id":"application-managepartners-display-component---NewPartner--addressDetailDetailsName1","interaction":{"idSuffix":"inner"}},"wdio_ui5_key":"applicationmanagepartners-display-component---NewPartner--addressDetailDetailsName1"}]}
RESULT: {}
RESULT: {}
RESULT: {"script":"<script> [1562 bytes]","args":[{"selector":{"id":"application-managepartners-display-component---NewPartner--addressDetailDetailsName1","interaction":{"idSuffix":"inner"}},"wdio_ui5_key":"applicationmanagepartners-display-component---NewPartner--addressDetailDetailsName1"}]}
RESULT: undefined
COMMAND: POST /session/9fc2c4eab269dcaa9f3181b4eee4b80d/execute/async - {"script":"<script> [776 bytes]","args":[{"enterText":"Intercompany Partner WDIO","selector":{"id":"application-managepartners-display-component---NewPartner--addressDetailDetailsName1","interaction":{"idSuffix":"inner"}},"clearTextFirst":true,"interactionType":"ENTER_TEXT"}]}
RESULT: {"script":"<script> [776 bytes]","args":[{"enterText":"Intercompany Partner WDIO","selector":{"id":"application-managepartners-display-component---NewPartner--addressDetailDetailsName1","interaction":{"idSuffix":"inner"}},"clearTextFirst":true,"interactionType":"ENTER_TEXT"}]}
COMMAND: POST /session/9fc2c4eab269dcaa9f3181b4eee4b80d/execute/async - {"script":"<script> [1562 bytes]","args":[{"selector":{"id":"application-managepartners-display-component---NewPartner--addressDetailDetailsLanguage-arrow"},"wdio_ui5_key":"applicationmanagepartners-display-component---NewPartner--addressDetailDetailsLanguage-arrow"}]}
RESULT: {"script":"<script> [1562 bytes]","args":[{"selector":{"id":"application-managepartners-display-component---NewPartner--addressDetailDetailsLanguage-arrow"},"wdio_ui5_key":"applicationmanagepartners-display-component---NewPartner--addressDetailDetailsLanguage-arrow"}]}
RESULT: undefined
COMMAND: POST /session/9fc2c4eab269dcaa9f3181b4eee4b80d/element - {"using":"xpath","value":"//*[@id=\"application-managepartners-display-component---NewPartner--addressDetailDetailsLanguage-arrow\"]"}
RESULT: {"using":"xpath","value":"//*[@id=\"application-managepartners-display-component---NewPartner--addressDetailDetailsLanguage-arrow\"]"}
COMMAND: POST /session/9fc2c4eab269dcaa9f3181b4eee4b80d/element/f.D38CE21AA85210DF62DAE0D69B7617EF.d.DDEE6D2FEC5FBD342071413C3E040EDC.e.1452/click - {}
RESULT: {}
COMMAND: POST /session/9fc2c4eab269dcaa9f3181b4eee4b80d/element - {"using":"xpath","value":"//span[contains(text(), \"English\")]"}
COMMAND: GET /session/9fc2c4eab269dcaa9f3181b4eee4b80d/screenshot - {}
RESULT: {"using":"xpath","value":"//span[contains(text(), \"English\")]"}
COMMAND: POST /session/9fc2c4eab269dcaa9f3181b4eee4b80d/element/f.D38CE21AA85210DF62DAE0D69B7617EF.d.DDEE6D2FEC5FBD342071413C3E040EDC.e.1453/click - {}
RESULT: {}
RESULT: {}
COMMAND: GET /session/9fc2c4eab269dcaa9f3181b4eee4b80d/screenshot - {}
RESULT: {}
COMMAND: POST /session/9fc2c4eab269dcaa9f3181b4eee4b80d/execute/async - {"script":"<script> [1562 bytes]","args":[{"selector":{"id":"application-managepartners-display-component---NewPartner--addressDetailDetailsCity1","interaction":{"idSuffix":"inner"}},"wdio_ui5_key":"applicationmanagepartners-display-component---NewPartner--addressDetailDetailsCity1"}]}
RESULT: {"script":"<script> [1562 bytes]","args":[{"selector":{"id":"application-managepartners-display-component---NewPartner--addressDetailDetailsCity1","interaction":{"idSuffix":"inner"}},"wdio_ui5_key":"applicationmanagepartners-display-component---NewPartner--addressDetailDetailsCity1"}]}
RESULT: undefined
COMMAND: POST /session/9fc2c4eab269dcaa9f3181b4eee4b80d/execute/async - {"script":"<script> [776 bytes]","args":[{"enterText":"Rosario","selector":{"id":"application-managepartners-display-component---NewPartner--addressDetailDetailsCity1","interaction":{"idSuffix":"inner"}},"clearTextFirst":true,"interactionType":"ENTER_TEXT"}]}
RESULT: {"script":"<script> [776 bytes]","args":[{"enterText":"Rosario","selector":{"id":"application-managepartners-display-component---NewPartner--addressDetailDetailsCity1","interaction":{"idSuffix":"inner"}},"clearTextFirst":true,"interactionType":"ENTER_TEXT"}]}
COMMAND: POST /session/9fc2c4eab269dcaa9f3181b4eee4b80d/execute/async - {"script":"<script> [1562 bytes]","args":[{"selector":{"id":"application-managepartners-display-component---NewPartner--addressDetailDetailsCountry-arrow"},"wdio_ui5_key":"applicationmanagepartners-display-component---NewPartner--addressDetailDetailsCountry-arrow"}]}
RESULT: {"script":"<script> [1562 bytes]","args":[{"selector":{"id":"application-managepartners-display-component---NewPartner--addressDetailDetailsCountry-arrow"},"wdio_ui5_key":"applicationmanagepartners-display-component---NewPartner--addressDetailDetailsCountry-arrow"}]}
RESULT: undefined
COMMAND: POST /session/9fc2c4eab269dcaa9f3181b4eee4b80d/element - {"using":"xpath","value":"//*[@id=\"application-managepartners-display-component---NewPartner--addressDetailDetailsCountry-arrow\"]"}
RESULT: {"using":"xpath","value":"//*[@id=\"application-managepartners-display-component---NewPartner--addressDetailDetailsCountry-arrow\"]"}
COMMAND: POST /session/9fc2c4eab269dcaa9f3181b4eee4b80d/element/f.D38CE21AA85210DF62DAE0D69B7617EF.d.DDEE6D2FEC5FBD342071413C3E040EDC.e.1439/click - {}
RESULT: {}
COMMAND: POST /session/9fc2c4eab269dcaa9f3181b4eee4b80d/element - {"using":"xpath","value":"//span[contains(text(), \"Argentina\")]"}
COMMAND: GET /session/9fc2c4eab269dcaa9f3181b4eee4b80d/screenshot - {}
RESULT: {"using":"xpath","value":"//span[contains(text(), \"Argentina\")]"}
COMMAND: POST /session/9fc2c4eab269dcaa9f3181b4eee4b80d/element/f.D38CE21AA85210DF62DAE0D69B7617EF.d.DDEE6D2FEC5FBD342071413C3E040EDC.e.1455/click - {}
RESULT: {}
RESULT: {}
COMMAND: GET /session/9fc2c4eab269dcaa9f3181b4eee4b80d/screenshot - {}
RESULT: {}
COMMAND: POST /session/9fc2c4eab269dcaa9f3181b4eee4b80d/element - {"using":"xpath","value":"//bdi[contains(text(), \"Commercial\")]"}
RESULT: {"using":"xpath","value":"//bdi[contains(text(), \"Commercial\")]"}
COMMAND: POST /session/9fc2c4eab269dcaa9f3181b4eee4b80d/element/f.D38CE21AA85210DF62DAE0D69B7617EF.d.DDEE6D2FEC5FBD342071413C3E040EDC.e.1456/click - {}
RESULT: {}
COMMAND: GET /session/9fc2c4eab269dcaa9f3181b4eee4b80d/screenshot - {}
RESULT: {}
COMMAND: POST /session/9fc2c4eab269dcaa9f3181b4eee4b80d/execute/async - {"script":"<script> [1562 bytes]","args":[{"selector":{"id":"application-managepartners-display-component---NewPartner--partnerDetailInternal-arrow"},"wdio_ui5_key":"applicationmanagepartners-display-component---NewPartner--partnerDetailInternal-arrow"}]}
RESULT: {"script":"<script> [1562 bytes]","args":[{"selector":{"id":"application-managepartners-display-component---NewPartner--partnerDetailInternal-arrow"},"wdio_ui5_key":"applicationmanagepartners-display-component---NewPartner--partnerDetailInternal-arrow"}]}
RESULT: undefined
COMMAND: POST /session/9fc2c4eab269dcaa9f3181b4eee4b80d/element - {"using":"xpath","value":"//*[@id=\"application-managepartners-display-component---NewPartner--partnerDetailInternal-arrow\"]"}
RESULT: {"using":"xpath","value":"//*[@id=\"application-managepartners-display-component---NewPartner--partnerDetailInternal-arrow\"]"}
COMMAND: POST /session/9fc2c4eab269dcaa9f3181b4eee4b80d/element/f.D38CE21AA85210DF62DAE0D69B7617EF.d.DDEE6D2FEC5FBD342071413C3E040EDC.e.1462/click - {}
RESULT: {}
COMMAND: POST /session/9fc2c4eab269dcaa9f3181b4eee4b80d/element - {"using":"xpath","value":"//span[contains(text(), \"Affiliated company\")]"}
COMMAND: GET /session/9fc2c4eab269dcaa9f3181b4eee4b80d/screenshot - {}
RESULT: {"using":"xpath","value":"//span[contains(text(), \"Affiliated company\")]"}
COMMAND: POST /session/9fc2c4eab269dcaa9f3181b4eee4b80d/element/f.D38CE21AA85210DF62DAE0D69B7617EF.d.DDEE6D2FEC5FBD342071413C3E040EDC.e.1465/click - {}
RESULT: {}
RESULT: {}
COMMAND: POST /session/9fc2c4eab269dcaa9f3181b4eee4b80d/execute/async - {"script":"<script> [1562 bytes]","args":[{"selector":{"id":"application-managepartners-display-component---NewPartner--partnerDetailsCurrency-arrow"},"wdio_ui5_key":"applicationmanagepartners-display-component---NewPartner--partnerDetailsCurrency-arrow"}]}
COMMAND: GET /session/9fc2c4eab269dcaa9f3181b4eee4b80d/screenshot - {}
RESULT: {"script":"<script> [1562 bytes]","args":[{"selector":{"id":"application-managepartners-display-component---NewPartner--partnerDetailsCurrency-arrow"},"wdio_ui5_key":"applicationmanagepartners-display-component---NewPartner--partnerDetailsCurrency-arrow"}]}
RESULT: undefined
COMMAND: POST /session/9fc2c4eab269dcaa9f3181b4eee4b80d/element - {"using":"xpath","value":"//*[@id=\"application-managepartners-display-component---NewPartner--partnerDetailsCurrency-arrow\"]"}
RESULT: {}
RESULT: {"using":"xpath","value":"//*[@id=\"application-managepartners-display-component---NewPartner--partnerDetailsCurrency-arrow\"]"}
COMMAND: POST /session/9fc2c4eab269dcaa9f3181b4eee4b80d/element/f.D38CE21AA85210DF62DAE0D69B7617EF.d.DDEE6D2FEC5FBD342071413C3E040EDC.e.1472/click - {}
RESULT: {}
COMMAND: POST /session/9fc2c4eab269dcaa9f3181b4eee4b80d/element - {"using":"xpath","value":"//span[contains(text(), \"Euro\")]"}
COMMAND: GET /session/9fc2c4eab269dcaa9f3181b4eee4b80d/screenshot - {}
RESULT: {"using":"xpath","value":"//span[contains(text(), \"Euro\")]"}
COMMAND: POST /session/9fc2c4eab269dcaa9f3181b4eee4b80d/element/f.D38CE21AA85210DF62DAE0D69B7617EF.d.DDEE6D2FEC5FBD342071413C3E040EDC.e.1473/click - {}
RESULT: {}
RESULT: {}
COMMAND: POST /session/9fc2c4eab269dcaa9f3181b4eee4b80d/execute/async - {"script":"<script> [1562 bytes]","args":[{"selector":{"id":"application-managepartners-display-component---NewPartner--addressEditDetailsCostObjectCstType-arrow"},"wdio_ui5_key":"applicationmanagepartners-display-component---NewPartner--addressEditDetailsCostObjectCstType-arrow"}]}
COMMAND: GET /session/9fc2c4eab269dcaa9f3181b4eee4b80d/screenshot - {}
RESULT: {"script":"<script> [1562 bytes]","args":[{"selector":{"id":"application-managepartners-display-component---NewPartner--addressEditDetailsCostObjectCstType-arrow"},"wdio_ui5_key":"applicationmanagepartners-display-component---NewPartner--addressEditDetailsCostObjectCstType-arrow"}]}
RESULT: undefined
COMMAND: POST /session/9fc2c4eab269dcaa9f3181b4eee4b80d/element - {"using":"xpath","value":"//*[@id=\"application-managepartners-display-component---NewPartner--addressEditDetailsCostObjectCstType-arrow\"]"}
RESULT: {}
RESULT: {"using":"xpath","value":"//*[@id=\"application-managepartners-display-component---NewPartner--addressEditDetailsCostObjectCstType-arrow\"]"}
COMMAND: POST /session/9fc2c4eab269dcaa9f3181b4eee4b80d/element/f.D38CE21AA85210DF62DAE0D69B7617EF.d.DDEE6D2FEC5FBD342071413C3E040EDC.e.1474/click - {}
RESULT: {}
COMMAND: POST /session/9fc2c4eab269dcaa9f3181b4eee4b80d/element - {"using":"xpath","value":"//span[contains(text(), \"Cost Center\")]"}
COMMAND: GET /session/9fc2c4eab269dcaa9f3181b4eee4b80d/screenshot - {}
RESULT: {"using":"xpath","value":"//span[contains(text(), \"Cost Center\")]"}
COMMAND: POST /session/9fc2c4eab269dcaa9f3181b4eee4b80d/element/f.D38CE21AA85210DF62DAE0D69B7617EF.d.DDEE6D2FEC5FBD342071413C3E040EDC.e.1475/click - {}
RESULT: {}
RESULT: {}
COMMAND: GET /session/9fc2c4eab269dcaa9f3181b4eee4b80d/screenshot - {}
RESULT: {}
COMMAND: POST /session/9fc2c4eab269dcaa9f3181b4eee4b80d/element - {"using":"xpath","value":"//span[@id=\"application-managepartners-display-component---NewPartner--addressNewCostObjectCstID-vhi\"]"}
RESULT: {"using":"xpath","value":"//span[@id=\"application-managepartners-display-component---NewPartner--addressNewCostObjectCstID-vhi\"]"}
COMMAND: POST /session/9fc2c4eab269dcaa9f3181b4eee4b80d/execute/sync - {"script":"<script> [8489 bytes]","args":[{"element-6066-11e4-a52e-4f735466cecf":"f.D38CE21AA85210DF62DAE0D69B7617EF.d.DDEE6D2FEC5FBD342071413C3E040EDC.e.1479","ELEMENT":"f.D38CE21AA85210DF62DAE0D69B7617EF.d.DDEE6D2FEC5FBD342071413C3E040EDC.e.1479"}]}
RESULT: {"script":"<script> [8489 bytes]","args":[{"element-6066-11e4-a52e-4f735466cecf":"f.D38CE21AA85210DF62DAE0D69B7617EF.d.DDEE6D2FEC5FBD342071413C3E040EDC.e.1479","ELEMENT":"f.D38CE21AA85210DF62DAE0D69B7617EF.d.DDEE6D2FEC5FBD342071413C3E040EDC.e.1479"}]}
COMMAND: POST /session/9fc2c4eab269dcaa9f3181b4eee4b80d/execute/async - {"script":"<script> [1562 bytes]","args":[{"selector":{"id":"application-managepartners-display-component---NewPartner--addressNewCostObjectCstID-vhi"},"wdio_ui5_key":"applicationmanagepartners-display-component---NewPartner--addressNewCostObjectCstID-vhi"}]}
COMMAND: GET /session/9fc2c4eab269dcaa9f3181b4eee4b80d/screenshot - {}
RESULT: {"script":"<script> [1562 bytes]","args":[{"selector":{"id":"application-managepartners-display-component---NewPartner--addressNewCostObjectCstID-vhi"},"wdio_ui5_key":"applicationmanagepartners-display-component---NewPartner--addressNewCostObjectCstID-vhi"}]}
RESULT: undefined
COMMAND: POST /session/9fc2c4eab269dcaa9f3181b4eee4b80d/element - {"using":"xpath","value":"//*[@id=\"application-managepartners-display-component---NewPartner--addressNewCostObjectCstID-vhi\"]"}
RESULT: {}
RESULT: {"using":"xpath","value":"//*[@id=\"application-managepartners-display-component---NewPartner--addressNewCostObjectCstID-vhi\"]"}
COMMAND: POST /session/9fc2c4eab269dcaa9f3181b4eee4b80d/element/f.D38CE21AA85210DF62DAE0D69B7617EF.d.DDEE6D2FEC5FBD342071413C3E040EDC.e.1479/click - {}
RESULT: {}
COMMAND: GET /session/9fc2c4eab269dcaa9f3181b4eee4b80d/screenshot - {}
RESULT: {}
RESULT: undefined
COMMAND: POST /session/9fc2c4eab269dcaa9f3181b4eee4b80d/execute/async - {"script":"<script> [776 bytes]","args":[{"enterText":"10001013","selector":{"controlType":"sap.m.SearchField","properties":{"placeholder":"Search"},"searchOpenDialogs":true,"interaction":{"idSuffix":"I"}},"clearTextFirst":true,"interactionType":"ENTER_TEXT"}]}
RESULT: {"script":"<script> [776 bytes]","args":[{"enterText":"10001013","selector":{"controlType":"sap.m.SearchField","properties":{"placeholder":"Search"},"searchOpenDialogs":true,"interaction":{"idSuffix":"I"}},"clearTextFirst":true,"interactionType":"ENTER_TEXT"}]}
COMMAND: POST /session/9fc2c4eab269dcaa9f3181b4eee4b80d/actions - {"actions":[{"id":"action2","type":"key","parameters":{},"actions":[{"type":"keyDown","value":"î€‡"},{"type":"pause","duration":10},{"type":"keyUp","value":"î€‡"}]}]}
RESULT: {"actions":[{"id":"action2","type":"key","parameters":{},"actions":[{"type":"keyDown","value":"î€‡"},{"type":"pause","duration":10},{"type":"keyUp","value":"î€‡"}]}]}
COMMAND: GET /session/9fc2c4eab269dcaa9f3181b4eee4b80d/screenshot - {}
RESULT: {}
COMMAND: POST /session/9fc2c4eab269dcaa9f3181b4eee4b80d/element - {"using":"xpath","value":"//span[contains(text(), \"General Management\")]"}
RESULT: {"using":"xpath","value":"//span[contains(text(), \"General Management\")]"}
COMMAND: POST /session/9fc2c4eab269dcaa9f3181b4eee4b80d/element/f.D38CE21AA85210DF62DAE0D69B7617EF.d.DDEE6D2FEC5FBD342071413C3E040EDC.e.1519/click - {}
RESULT: {}
COMMAND: GET /session/9fc2c4eab269dcaa9f3181b4eee4b80d/screenshot - {}
RESULT: {}
COMMAND: POST /session/9fc2c4eab269dcaa9f3181b4eee4b80d/element - {"using":"xpath","value":"//bdi[contains(text(), \"OK\")]"}
RESULT: {"using":"xpath","value":"//bdi[contains(text(), \"OK\")]"}
COMMAND: POST /session/9fc2c4eab269dcaa9f3181b4eee4b80d/element/f.D38CE21AA85210DF62DAE0D69B7617EF.d.DDEE6D2FEC5FBD342071413C3E040EDC.e.1520/click - {}
RESULT: {}
COMMAND: GET /session/9fc2c4eab269dcaa9f3181b4eee4b80d/screenshot - {}
RESULT: {}
COMMAND: POST /session/9fc2c4eab269dcaa9f3181b4eee4b80d/element - {"using":"xpath","value":"//input[@id=\"application-managepartners-display-component---NewPartner--companyCodeComboBox-inner\"]"}
RESULT: {"using":"xpath","value":"//input[@id=\"application-managepartners-display-component---NewPartner--companyCodeComboBox-inner\"]"}
COMMAND: POST /session/9fc2c4eab269dcaa9f3181b4eee4b80d/element/f.D38CE21AA85210DF62DAE0D69B7617EF.d.DDEE6D2FEC5FBD342071413C3E040EDC.e.1313/clear - {}
RESULT: {}
COMMAND: POST /session/9fc2c4eab269dcaa9f3181b4eee4b80d/element/f.D38CE21AA85210DF62DAE0D69B7617EF.d.DDEE6D2FEC5FBD342071413C3E040EDC.e.1313/value - {"text":"C002"}
COMMAND: GET /session/9fc2c4eab269dcaa9f3181b4eee4b80d/screenshot - {}
RESULT: {}
RESULT: {"text":"C002"}
COMMAND: GET /session/9fc2c4eab269dcaa9f3181b4eee4b80d/screenshot - {}
RESULT: {}
COMMAND: POST /session/9fc2c4eab269dcaa9f3181b4eee4b80d/element - {"using":"xpath","value":"//span[contains(text(), \"C002\")]"}
RESULT: {"using":"xpath","value":"//span[contains(text(), \"C002\")]"}
COMMAND: POST /session/9fc2c4eab269dcaa9f3181b4eee4b80d/element/f.D38CE21AA85210DF62DAE0D69B7617EF.d.DDEE6D2FEC5FBD342071413C3E040EDC.e.1526/click - {}
RESULT: {}
COMMAND: GET /session/9fc2c4eab269dcaa9f3181b4eee4b80d/screenshot - {}
RESULT: {}
COMMAND: POST /session/9fc2c4eab269dcaa9f3181b4eee4b80d/execute/async - {"script":"<script> [1562 bytes]","args":[{"selector":{"id":"application-managepartners-display-component---NewPartner--btnAddTableRow-img"},"wdio_ui5_key":"applicationmanagepartners-display-component---NewPartner--btnAddTableRow-img"}]}
RESULT: {"script":"<script> [1562 bytes]","args":[{"selector":{"id":"application-managepartners-display-component---NewPartner--btnAddTableRow-img"},"wdio_ui5_key":"applicationmanagepartners-display-component---NewPartner--btnAddTableRow-img"}]}
RESULT: undefined
COMMAND: POST /session/9fc2c4eab269dcaa9f3181b4eee4b80d/element - {"using":"xpath","value":"//*[@id=\"application-managepartners-display-component---NewPartner--btnAddTableRow-img\"]"}
RESULT: {"using":"xpath","value":"//*[@id=\"application-managepartners-display-component---NewPartner--btnAddTableRow-img\"]"}
COMMAND: POST /session/9fc2c4eab269dcaa9f3181b4eee4b80d/element/f.D38CE21AA85210DF62DAE0D69B7617EF.d.DDEE6D2FEC5FBD342071413C3E040EDC.e.1527/click - {}
RESULT: {}
COMMAND: GET /session/9fc2c4eab269dcaa9f3181b4eee4b80d/screenshot - {}
RESULT: {}
COMMAND: POST /session/9fc2c4eab269dcaa9f3181b4eee4b80d/element - {"using":"xpath","value":"//input[@id=\"application-managepartners-display-component---NewPartner--assignmentYard-application-managepartners-display-component---NewPartner--assignmentsTable-0-inner\"]"}
RESULT: {"using":"xpath","value":"//input[@id=\"application-managepartners-display-component---NewPartner--assignmentYard-application-managepartners-display-component---NewPartner--assignmentsTable-0-inner\"]"}
COMMAND: POST /session/9fc2c4eab269dcaa9f3181b4eee4b80d/element/f.D38CE21AA85210DF62DAE0D69B7617EF.d.DDEE6D2FEC5FBD342071413C3E040EDC.e.1530/clear - {}
RESULT: {}
COMMAND: POST /session/9fc2c4eab269dcaa9f3181b4eee4b80d/element/f.D38CE21AA85210DF62DAE0D69B7617EF.d.DDEE6D2FEC5FBD342071413C3E040EDC.e.1530/value - {"text":"236"}
COMMAND: GET /session/9fc2c4eab269dcaa9f3181b4eee4b80d/screenshot - {}
RESULT: {"text":"236"}
COMMAND: GET /session/9fc2c4eab269dcaa9f3181b4eee4b80d/screenshot - {}
RESULT: {}
RESULT: {}
COMMAND: POST /session/9fc2c4eab269dcaa9f3181b4eee4b80d/element - {"using":"xpath","value":"//li[.//span[text()='236']]"}
RESULT: {"using":"xpath","value":"//li[.//span[text()='236']]"}
COMMAND: POST /session/9fc2c4eab269dcaa9f3181b4eee4b80d/element/f.D38CE21AA85210DF62DAE0D69B7617EF.d.DDEE6D2FEC5FBD342071413C3E040EDC.e.1539/click - {}
RESULT: {}
COMMAND: GET /session/9fc2c4eab269dcaa9f3181b4eee4b80d/screenshot - {}
RESULT: {}
COMMAND: POST /session/9fc2c4eab269dcaa9f3181b4eee4b80d/actions - {"actions":[{"id":"action3","type":"key","parameters":{},"actions":[{"type":"keyDown","value":"î€‡"},{"type":"pause","duration":10},{"type":"keyUp","value":"î€‡"}]}]}
RESULT: {"actions":[{"id":"action3","type":"key","parameters":{},"actions":[{"type":"keyDown","value":"î€‡"},{"type":"pause","duration":10},{"type":"keyUp","value":"î€‡"}]}]}
COMMAND: POST /session/9fc2c4eab269dcaa9f3181b4eee4b80d/execute/async - {"script":"<script> [1562 bytes]","args":[{"selector":{"id":"application-managepartners-display-component---NewPartner--externalCustomerComboBox-application-managepartners-display-component---NewPartner--assignmentsTable-0-vhi"},"wdio_ui5_key":"applicationmanagepartners-display-component---NewPartner--externalCustomerComboBox-application-managepartners-display-component---NewPartner--assignmentsTable-0-vhi"}]}
COMMAND: GET /session/9fc2c4eab269dcaa9f3181b4eee4b80d/screenshot - {}
RESULT: {"script":"<script> [1562 bytes]","args":[{"selector":{"id":"application-managepartners-display-component---NewPartner--externalCustomerComboBox-application-managepartners-display-component---NewPartner--assignmentsTable-0-vhi"},"wdio_ui5_key":"applicationmanagepartners-display-component---NewPartner--externalCustomerComboBox-application-managepartners-display-component---NewPartner--assignmentsTable-0-vhi"}]}
RESULT: undefined
COMMAND: POST /session/9fc2c4eab269dcaa9f3181b4eee4b80d/element - {"using":"xpath","value":"//*[@id=\"application-managepartners-display-component---NewPartner--externalCustomerComboBox-application-managepartners-display-component---NewPartner--assignmentsTable-0-vhi\"]"}
RESULT: {}
RESULT: {"using":"xpath","value":"//*[@id=\"application-managepartners-display-component---NewPartner--externalCustomerComboBox-application-managepartners-display-component---NewPartner--assignmentsTable-0-vhi\"]"}
COMMAND: POST /session/9fc2c4eab269dcaa9f3181b4eee4b80d/element/f.D38CE21AA85210DF62DAE0D69B7617EF.d.DDEE6D2FEC5FBD342071413C3E040EDC.e.1543/click - {}
RESULT: {}
RESULT: undefined
COMMAND: POST /session/9fc2c4eab269dcaa9f3181b4eee4b80d/execute/async - {"script":"<script> [776 bytes]","args":[{"enterText":"300003","selector":{"controlType":"sap.m.SearchField","properties":{"placeholder":"Search"},"searchOpenDialogs":true,"interaction":{"idSuffix":"I"}},"clearTextFirst":true,"interactionType":"ENTER_TEXT"}]}
COMMAND: GET /session/9fc2c4eab269dcaa9f3181b4eee4b80d/screenshot - {}
RESULT: {"script":"<script> [776 bytes]","args":[{"enterText":"300003","selector":{"controlType":"sap.m.SearchField","properties":{"placeholder":"Search"},"searchOpenDialogs":true,"interaction":{"idSuffix":"I"}},"clearTextFirst":true,"interactionType":"ENTER_TEXT"}]}
COMMAND: POST /session/9fc2c4eab269dcaa9f3181b4eee4b80d/actions - {"actions":[{"id":"action4","type":"key","parameters":{},"actions":[{"type":"keyDown","value":"î€‡"},{"type":"pause","duration":10},{"type":"keyUp","value":"î€‡"}]}]}
RESULT: {}
RESULT: {"actions":[{"id":"action4","type":"key","parameters":{},"actions":[{"type":"keyDown","value":"î€‡"},{"type":"pause","duration":10},{"type":"keyUp","value":"î€‡"}]}]}
COMMAND: GET /session/9fc2c4eab269dcaa9f3181b4eee4b80d/screenshot - {}
RESULT: {}
COMMAND: POST /session/9fc2c4eab269dcaa9f3181b4eee4b80d/element - {"using":"xpath","value":"//span[contains(text(), \"300003\")]"}
RESULT: {"using":"xpath","value":"//span[contains(text(), \"300003\")]"}
COMMAND: POST /session/9fc2c4eab269dcaa9f3181b4eee4b80d/element/f.D38CE21AA85210DF62DAE0D69B7617EF.d.DDEE6D2FEC5FBD342071413C3E040EDC.e.1561/click - {}
RESULT: {}
COMMAND: GET /session/9fc2c4eab269dcaa9f3181b4eee4b80d/screenshot - {}
RESULT: {}
COMMAND: POST /session/9fc2c4eab269dcaa9f3181b4eee4b80d/element - {"using":"xpath","value":"//bdi[contains(text(), \"OK\")]"}
RESULT: {"using":"xpath","value":"//bdi[contains(text(), \"OK\")]"}
COMMAND: POST /session/9fc2c4eab269dcaa9f3181b4eee4b80d/element/f.D38CE21AA85210DF62DAE0D69B7617EF.d.DDEE6D2FEC5FBD342071413C3E040EDC.e.1563/click - {}
RESULT: {}
COMMAND: GET /session/9fc2c4eab269dcaa9f3181b4eee4b80d/screenshot - {}
RESULT: {}
COMMAND: POST /session/9fc2c4eab269dcaa9f3181b4eee4b80d/execute/async - {"script":"<script> [1562 bytes]","args":[{"selector":{"id":"application-managepartners-display-component---NewPartner--intercompVendorComboBox-application-managepartners-display-component---NewPartner--assignmentsTable-0-vhi"},"wdio_ui5_key":"applicationmanagepartners-display-component---NewPartner--intercompVendorComboBox-application-managepartners-display-component---NewPartner--assignmentsTable-0-vhi"}]}
RESULT: {"script":"<script> [1562 bytes]","args":[{"selector":{"id":"application-managepartners-display-component---NewPartner--intercompVendorComboBox-application-managepartners-display-component---NewPartner--assignmentsTable-0-vhi"},"wdio_ui5_key":"applicationmanagepartners-display-component---NewPartner--intercompVendorComboBox-application-managepartners-display-component---NewPartner--assignmentsTable-0-vhi"}]}
RESULT: undefined
COMMAND: POST /session/9fc2c4eab269dcaa9f3181b4eee4b80d/element - {"using":"xpath","value":"//*[@id=\"application-managepartners-display-component---NewPartner--intercompVendorComboBox-application-managepartners-display-component---NewPartner--assignmentsTable-0-vhi\"]"}
RESULT: {"using":"xpath","value":"//*[@id=\"application-managepartners-display-component---NewPartner--intercompVendorComboBox-application-managepartners-display-component---NewPartner--assignmentsTable-0-vhi\"]"}
COMMAND: POST /session/9fc2c4eab269dcaa9f3181b4eee4b80d/element/f.D38CE21AA85210DF62DAE0D69B7617EF.d.DDEE6D2FEC5FBD342071413C3E040EDC.e.1566/click - {}
RESULT: {}
RESULT: undefined
COMMAND: POST /session/9fc2c4eab269dcaa9f3181b4eee4b80d/execute/async - {"script":"<script> [776 bytes]","args":[{"enterText":"100005","selector":{"controlType":"sap.m.SearchField","properties":{"placeholder":"Search"},"searchOpenDialogs":true,"interaction":{"idSuffix":"I"}},"clearTextFirst":true,"interactionType":"ENTER_TEXT"}]}
COMMAND: GET /session/9fc2c4eab269dcaa9f3181b4eee4b80d/screenshot - {}
RESULT: {"script":"<script> [776 bytes]","args":[{"enterText":"100005","selector":{"controlType":"sap.m.SearchField","properties":{"placeholder":"Search"},"searchOpenDialogs":true,"interaction":{"idSuffix":"I"}},"clearTextFirst":true,"interactionType":"ENTER_TEXT"}]}
COMMAND: POST /session/9fc2c4eab269dcaa9f3181b4eee4b80d/actions - {"actions":[{"id":"action5","type":"key","parameters":{},"actions":[{"type":"keyDown","value":"î€‡"},{"type":"pause","duration":10},{"type":"keyUp","value":"î€‡"}]}]}
RESULT: {}
RESULT: {"actions":[{"id":"action5","type":"key","parameters":{},"actions":[{"type":"keyDown","value":"î€‡"},{"type":"pause","duration":10},{"type":"keyUp","value":"î€‡"}]}]}
COMMAND: GET /session/9fc2c4eab269dcaa9f3181b4eee4b80d/screenshot - {}
RESULT: {}
COMMAND: POST /session/9fc2c4eab269dcaa9f3181b4eee4b80d/element - {"using":"xpath","value":"//span[contains(text(), \"Penguins - Field/12345 Berlin\")]"}
RESULT: {"using":"xpath","value":"//span[contains(text(), \"Penguins - Field/12345 Berlin\")]"}
COMMAND: POST /session/9fc2c4eab269dcaa9f3181b4eee4b80d/element/f.D38CE21AA85210DF62DAE0D69B7617EF.d.DDEE6D2FEC5FBD342071413C3E040EDC.e.1584/click - {}
RESULT: {}
COMMAND: GET /session/9fc2c4eab269dcaa9f3181b4eee4b80d/screenshot - {}
RESULT: {}
COMMAND: POST /session/9fc2c4eab269dcaa9f3181b4eee4b80d/element - {"using":"xpath","value":"//bdi[contains(text(), \"OK\")]"}
RESULT: {"using":"xpath","value":"//bdi[contains(text(), \"OK\")]"}
COMMAND: POST /session/9fc2c4eab269dcaa9f3181b4eee4b80d/element/f.D38CE21AA85210DF62DAE0D69B7617EF.d.DDEE6D2FEC5FBD342071413C3E040EDC.e.1585/click - {}
RESULT: {}
COMMAND: GET /session/9fc2c4eab269dcaa9f3181b4eee4b80d/screenshot - {}
RESULT: {}
COMMAND: POST /session/9fc2c4eab269dcaa9f3181b4eee4b80d/element - {"using":"xpath","value":"//button[@data-kt=\"saveButton\"]"}
RESULT: {"using":"xpath","value":"//button[@data-kt=\"saveButton\"]"}
COMMAND: POST /session/9fc2c4eab269dcaa9f3181b4eee4b80d/element/f.D38CE21AA85210DF62DAE0D69B7617EF.d.DDEE6D2FEC5FBD342071413C3E040EDC.e.1389/click - {}
RESULT: {}
COMMAND: GET /session/9fc2c4eab269dcaa9f3181b4eee4b80d/screenshot - {}
RESULT: {}
COMMAND: POST /session/9fc2c4eab269dcaa9f3181b4eee4b80d/element - {"using":"xpath","value":"//header[contains(@id, 'ObjectPageLayout-headerTitle')]/div[1]/div[2]/div[2]/span[1]"}
RESULT: {"using":"xpath","value":"//header[contains(@id, 'ObjectPageLayout-headerTitle')]/div[1]/div[2]/div[2]/span[1]"}
COMMAND: POST /session/9fc2c4eab269dcaa9f3181b4eee4b80d/elements - {"using":"xpath","value":"//header[contains(@id, 'ObjectPageLayout-headerTitle')]/div[1]/div[2]/div[2]/span[1]"}
RESULT: {"using":"xpath","value":"//header[contains(@id, 'ObjectPageLayout-headerTitle')]/div[1]/div[2]/div[2]/span[1]"}
COMMAND: POST /session/9fc2c4eab269dcaa9f3181b4eee4b80d/execute/sync - {"script":"<script> [56 bytes]","args":[{"element-6066-11e4-a52e-4f735466cecf":"f.D38CE21AA85210DF62DAE0D69B7617EF.d.DDEE6D2FEC5FBD342071413C3E040EDC.e.1737","ELEMENT":"f.D38CE21AA85210DF62DAE0D69B7617EF.d.DDEE6D2FEC5FBD342071413C3E040EDC.e.1737"}]}
RESULT: {"script":"<script> [56 bytes]","args":[{"element-6066-11e4-a52e-4f735466cecf":"f.D38CE21AA85210DF62DAE0D69B7617EF.d.DDEE6D2FEC5FBD342071413C3E040EDC.e.1737","ELEMENT":"f.D38CE21AA85210DF62DAE0D69B7617EF.d.DDEE6D2FEC5FBD342071413C3E040EDC.e.1737"}]}
COMMAND: POST /session/9fc2c4eab269dcaa9f3181b4eee4b80d/element - {"using":"css selector","value":"#shell-header-logo"}
COMMAND: GET /session/9fc2c4eab269dcaa9f3181b4eee4b80d/screenshot - {}
RESULT: {"using":"css selector","value":"#shell-header-logo"}
COMMAND: POST /session/9fc2c4eab269dcaa9f3181b4eee4b80d/element/f.D38CE21AA85210DF62DAE0D69B7617EF.d.DDEE6D2FEC5FBD342071413C3E040EDC.e.991/click - {}
RESULT: {}
RESULT: {}
COMMAND: GET /session/9fc2c4eab269dcaa9f3181b4eee4b80d/screenshot - {}
RESULT: {}
COMMAND: POST /session/9fc2c4eab269dcaa9f3181b4eee4b80d/execute/sync - {"script":"<script> [299 bytes]","args":[["getModel","getResource"]]}
RESULT: {"script":"<script> [299 bytes]","args":[["getModel","getResource"]]}
]]></system-out>
    </testcase>
    <testcase classname="chrome.135_0_7049_96.windows.Billing_Transfer_-_Master_data_&amp;_Intercompany_US127250" name="Should create a new site" time="75.303">
      <system-out><![CDATA[
COMMAND: POST /session/9fc2c4eab269dcaa9f3181b4eee4b80d/execute/async - {"script":"<script> [1562 bytes]","args":[{"selector":{"controlType":"sap.m.TileContent","bindingPath":{"path":"","propertyPath":"/properties/info"},"ancestor":{"controlType":"sap.m.GenericTile","properties":{"header":"Manage Sites"}}},"wdio_ui5_key":"sapm.TileContent{\"path\":\"\",\"propertyPath\":\"/properties/info\"}{\"controlType\":\"sap.m.GenericTile\",\"properties\":{\"header\":\"Manage Sites\"}}"}]}
COMMAND: GET /session/9fc2c4eab269dcaa9f3181b4eee4b80d/screenshot - {}
RESULT: {"script":"<script> [1562 bytes]","args":[{"selector":{"controlType":"sap.m.TileContent","bindingPath":{"path":"","propertyPath":"/properties/info"},"ancestor":{"controlType":"sap.m.GenericTile","properties":{"header":"Manage Sites"}}},"wdio_ui5_key":"sapm.TileContent{\"path\":\"\",\"propertyPath\":\"/properties/info\"}{\"controlType\":\"sap.m.GenericTile\",\"properties\":{\"header\":\"Manage Sites\"}}"}]}
RESULT: undefined
COMMAND: POST /session/9fc2c4eab269dcaa9f3181b4eee4b80d/element - {"using":"xpath","value":"//*[@id=\"__xmlview7--numericTileContent\"]"}
RESULT: {}
RESULT: {"using":"xpath","value":"//*[@id=\"__xmlview7--numericTileContent\"]"}
COMMAND: POST /session/9fc2c4eab269dcaa9f3181b4eee4b80d/element/f.D38CE21AA85210DF62DAE0D69B7617EF.d.DDEE6D2FEC5FBD342071413C3E040EDC.e.1739/click - {}
RESULT: {}
COMMAND: POST /session/9fc2c4eab269dcaa9f3181b4eee4b80d/element - {"using":"xpath","value":"//button[@data-kt=\"addOverflowToolbarButton\"]"}
COMMAND: GET /session/9fc2c4eab269dcaa9f3181b4eee4b80d/screenshot - {}
RESULT: {"using":"xpath","value":"//button[@data-kt=\"addOverflowToolbarButton\"]"}
COMMAND: POST /session/9fc2c4eab269dcaa9f3181b4eee4b80d/elements - {"using":"xpath","value":"//button[@data-kt=\"addOverflowToolbarButton\"]"}
RESULT: {}
RESULT: {"using":"xpath","value":"//button[@data-kt=\"addOverflowToolbarButton\"]"}
COMMAND: POST /session/9fc2c4eab269dcaa9f3181b4eee4b80d/elements - {"using":"xpath","value":"//button[@data-kt=\"addOverflowToolbarButton\"]"}
RESULT: {"using":"xpath","value":"//button[@data-kt=\"addOverflowToolbarButton\"]"}
COMMAND: POST /session/9fc2c4eab269dcaa9f3181b4eee4b80d/elements - {"using":"xpath","value":"//button[@data-kt=\"addOverflowToolbarButton\"]"}
RESULT: {"using":"xpath","value":"//button[@data-kt=\"addOverflowToolbarButton\"]"}
COMMAND: POST /session/9fc2c4eab269dcaa9f3181b4eee4b80d/elements - {"using":"xpath","value":"//button[@data-kt=\"addOverflowToolbarButton\"]"}
RESULT: {"using":"xpath","value":"//button[@data-kt=\"addOverflowToolbarButton\"]"}
COMMAND: POST /session/9fc2c4eab269dcaa9f3181b4eee4b80d/elements - {"using":"xpath","value":"//button[@data-kt=\"addOverflowToolbarButton\"]"}
RESULT: {"using":"xpath","value":"//button[@data-kt=\"addOverflowToolbarButton\"]"}
COMMAND: POST /session/9fc2c4eab269dcaa9f3181b4eee4b80d/element - {"using":"xpath","value":"//button[@data-kt=\"addOverflowToolbarButton\"]"}
RESULT: {"using":"xpath","value":"//button[@data-kt=\"addOverflowToolbarButton\"]"}
COMMAND: POST /session/9fc2c4eab269dcaa9f3181b4eee4b80d/execute/sync - {"script":"<script> [8489 bytes]","args":[{"element-6066-11e4-a52e-4f735466cecf":"f.D38CE21AA85210DF62DAE0D69B7617EF.d.DDEE6D2FEC5FBD342071413C3E040EDC.e.1785","ELEMENT":"f.D38CE21AA85210DF62DAE0D69B7617EF.d.DDEE6D2FEC5FBD342071413C3E040EDC.e.1785"}]}
RESULT: {"script":"<script> [8489 bytes]","args":[{"element-6066-11e4-a52e-4f735466cecf":"f.D38CE21AA85210DF62DAE0D69B7617EF.d.DDEE6D2FEC5FBD342071413C3E040EDC.e.1785","ELEMENT":"f.D38CE21AA85210DF62DAE0D69B7617EF.d.DDEE6D2FEC5FBD342071413C3E040EDC.e.1785"}]}
COMMAND: GET /session/9fc2c4eab269dcaa9f3181b4eee4b80d/element/f.D38CE21AA85210DF62DAE0D69B7617EF.d.DDEE6D2FEC5FBD342071413C3E040EDC.e.1785/enabled - {}
COMMAND: GET /session/9fc2c4eab269dcaa9f3181b4eee4b80d/screenshot - {}
RESULT: {}
COMMAND: POST /session/9fc2c4eab269dcaa9f3181b4eee4b80d/execute/sync - {"script":"<script> [8489 bytes]","args":[{"element-6066-11e4-a52e-4f735466cecf":"f.D38CE21AA85210DF62DAE0D69B7617EF.d.DDEE6D2FEC5FBD342071413C3E040EDC.e.1785","ELEMENT":"f.D38CE21AA85210DF62DAE0D69B7617EF.d.DDEE6D2FEC5FBD342071413C3E040EDC.e.1785"}]}
COMMAND: GET /session/9fc2c4eab269dcaa9f3181b4eee4b80d/screenshot - {}
RESULT: {}
RESULT: {"script":"<script> [8489 bytes]","args":[{"element-6066-11e4-a52e-4f735466cecf":"f.D38CE21AA85210DF62DAE0D69B7617EF.d.DDEE6D2FEC5FBD342071413C3E040EDC.e.1785","ELEMENT":"f.D38CE21AA85210DF62DAE0D69B7617EF.d.DDEE6D2FEC5FBD342071413C3E040EDC.e.1785"}]}
COMMAND: POST /session/9fc2c4eab269dcaa9f3181b4eee4b80d/execute/sync - {"script":"<script> [5351 bytes]","args":[{"element-6066-11e4-a52e-4f735466cecf":"f.D38CE21AA85210DF62DAE0D69B7617EF.d.DDEE6D2FEC5FBD342071413C3E040EDC.e.1785","ELEMENT":"f.D38CE21AA85210DF62DAE0D69B7617EF.d.DDEE6D2FEC5FBD342071413C3E040EDC.e.1785"}]}
COMMAND: GET /session/9fc2c4eab269dcaa9f3181b4eee4b80d/screenshot - {}
RESULT: {}
RESULT: {"script":"<script> [5351 bytes]","args":[{"element-6066-11e4-a52e-4f735466cecf":"f.D38CE21AA85210DF62DAE0D69B7617EF.d.DDEE6D2FEC5FBD342071413C3E040EDC.e.1785","ELEMENT":"f.D38CE21AA85210DF62DAE0D69B7617EF.d.DDEE6D2FEC5FBD342071413C3E040EDC.e.1785"}]}
COMMAND: POST /session/9fc2c4eab269dcaa9f3181b4eee4b80d/element/f.D38CE21AA85210DF62DAE0D69B7617EF.d.DDEE6D2FEC5FBD342071413C3E040EDC.e.1785/click - {}
COMMAND: GET /session/9fc2c4eab269dcaa9f3181b4eee4b80d/screenshot - {}
RESULT: {}
RESULT: {}
COMMAND: GET /session/9fc2c4eab269dcaa9f3181b4eee4b80d/screenshot - {}
RESULT: {}
COMMAND: POST /session/9fc2c4eab269dcaa9f3181b4eee4b80d/execute/async - {"script":"<script> [1562 bytes]","args":[{"selector":{"id":"application-managesites-display-component---NewSite--addressDetailDetailsName1","interaction":{"idSuffix":"inner"}},"wdio_ui5_key":"applicationmanagesites-display-component---NewSite--addressDetailDetailsName1"}]}
RESULT: {}
RESULT: {"script":"<script> [1562 bytes]","args":[{"selector":{"id":"application-managesites-display-component---NewSite--addressDetailDetailsName1","interaction":{"idSuffix":"inner"}},"wdio_ui5_key":"applicationmanagesites-display-component---NewSite--addressDetailDetailsName1"}]}
RESULT: undefined
COMMAND: POST /session/9fc2c4eab269dcaa9f3181b4eee4b80d/execute/async - {"script":"<script> [776 bytes]","args":[{"enterText":"Intercompany Site wdIO","selector":{"id":"application-managesites-display-component---NewSite--addressDetailDetailsName1","interaction":{"idSuffix":"inner"}},"clearTextFirst":true,"interactionType":"ENTER_TEXT"}]}
RESULT: {"script":"<script> [776 bytes]","args":[{"enterText":"Intercompany Site wdIO","selector":{"id":"application-managesites-display-component---NewSite--addressDetailDetailsName1","interaction":{"idSuffix":"inner"}},"clearTextFirst":true,"interactionType":"ENTER_TEXT"}]}
COMMAND: POST /session/9fc2c4eab269dcaa9f3181b4eee4b80d/execute/async - {"script":"<script> [1562 bytes]","args":[{"selector":{"id":"application-managesites-display-component---NewSite--addressDetailDetailsLanguage-arrow"},"wdio_ui5_key":"applicationmanagesites-display-component---NewSite--addressDetailDetailsLanguage-arrow"}]}
RESULT: {"script":"<script> [1562 bytes]","args":[{"selector":{"id":"application-managesites-display-component---NewSite--addressDetailDetailsLanguage-arrow"},"wdio_ui5_key":"applicationmanagesites-display-component---NewSite--addressDetailDetailsLanguage-arrow"}]}
RESULT: undefined
COMMAND: POST /session/9fc2c4eab269dcaa9f3181b4eee4b80d/element - {"using":"xpath","value":"//*[@id=\"application-managesites-display-component---NewSite--addressDetailDetailsLanguage-arrow\"]"}
RESULT: {"using":"xpath","value":"//*[@id=\"application-managesites-display-component---NewSite--addressDetailDetailsLanguage-arrow\"]"}
COMMAND: POST /session/9fc2c4eab269dcaa9f3181b4eee4b80d/element/f.D38CE21AA85210DF62DAE0D69B7617EF.d.DDEE6D2FEC5FBD342071413C3E040EDC.e.2179/click - {}
RESULT: {}
COMMAND: POST /session/9fc2c4eab269dcaa9f3181b4eee4b80d/element - {"using":"xpath","value":"//span[contains(text(), \"English\")]"}
COMMAND: GET /session/9fc2c4eab269dcaa9f3181b4eee4b80d/screenshot - {}
RESULT: {"using":"xpath","value":"//span[contains(text(), \"English\")]"}
COMMAND: POST /session/9fc2c4eab269dcaa9f3181b4eee4b80d/element/f.D38CE21AA85210DF62DAE0D69B7617EF.d.DDEE6D2FEC5FBD342071413C3E040EDC.e.2180/click - {}
RESULT: {}
RESULT: {}
COMMAND: POST /session/9fc2c4eab269dcaa9f3181b4eee4b80d/execute/async - {"script":"<script> [1562 bytes]","args":[{"selector":{"id":"application-managesites-display-component---NewSite--addressDetailDetailsCity1","interaction":{"idSuffix":"inner"}},"wdio_ui5_key":"applicationmanagesites-display-component---NewSite--addressDetailDetailsCity1"}]}
COMMAND: GET /session/9fc2c4eab269dcaa9f3181b4eee4b80d/screenshot - {}
RESULT: {"script":"<script> [1562 bytes]","args":[{"selector":{"id":"application-managesites-display-component---NewSite--addressDetailDetailsCity1","interaction":{"idSuffix":"inner"}},"wdio_ui5_key":"applicationmanagesites-display-component---NewSite--addressDetailDetailsCity1"}]}
RESULT: undefined
COMMAND: POST /session/9fc2c4eab269dcaa9f3181b4eee4b80d/execute/async - {"script":"<script> [776 bytes]","args":[{"enterText":"Rosario","selector":{"id":"application-managesites-display-component---NewSite--addressDetailDetailsCity1","interaction":{"idSuffix":"inner"}},"clearTextFirst":true,"interactionType":"ENTER_TEXT"}]}
RESULT: {}
RESULT: {"script":"<script> [776 bytes]","args":[{"enterText":"Rosario","selector":{"id":"application-managesites-display-component---NewSite--addressDetailDetailsCity1","interaction":{"idSuffix":"inner"}},"clearTextFirst":true,"interactionType":"ENTER_TEXT"}]}
COMMAND: POST /session/9fc2c4eab269dcaa9f3181b4eee4b80d/execute/async - {"script":"<script> [1562 bytes]","args":[{"selector":{"id":"application-managesites-display-component---NewSite--addressDetailDetailsCountry-arrow"},"wdio_ui5_key":"applicationmanagesites-display-component---NewSite--addressDetailDetailsCountry-arrow"}]}
RESULT: {"script":"<script> [1562 bytes]","args":[{"selector":{"id":"application-managesites-display-component---NewSite--addressDetailDetailsCountry-arrow"},"wdio_ui5_key":"applicationmanagesites-display-component---NewSite--addressDetailDetailsCountry-arrow"}]}
RESULT: undefined
COMMAND: POST /session/9fc2c4eab269dcaa9f3181b4eee4b80d/element - {"using":"xpath","value":"//*[@id=\"application-managesites-display-component---NewSite--addressDetailDetailsCountry-arrow\"]"}
RESULT: {"using":"xpath","value":"//*[@id=\"application-managesites-display-component---NewSite--addressDetailDetailsCountry-arrow\"]"}
COMMAND: POST /session/9fc2c4eab269dcaa9f3181b4eee4b80d/element/f.D38CE21AA85210DF62DAE0D69B7617EF.d.DDEE6D2FEC5FBD342071413C3E040EDC.e.2182/click - {}
RESULT: {}
COMMAND: POST /session/9fc2c4eab269dcaa9f3181b4eee4b80d/element - {"using":"xpath","value":"//span[contains(text(), \"Argentina\")]"}
COMMAND: GET /session/9fc2c4eab269dcaa9f3181b4eee4b80d/screenshot - {}
RESULT: {"using":"xpath","value":"//span[contains(text(), \"Argentina\")]"}
COMMAND: POST /session/9fc2c4eab269dcaa9f3181b4eee4b80d/element/f.D38CE21AA85210DF62DAE0D69B7617EF.d.DDEE6D2FEC5FBD342071413C3E040EDC.e.2183/click - {}
RESULT: {}
RESULT: {}
COMMAND: GET /session/9fc2c4eab269dcaa9f3181b4eee4b80d/screenshot - {}
RESULT: {}
COMMAND: POST /session/9fc2c4eab269dcaa9f3181b4eee4b80d/execute/async - {"script":"<script> [1562 bytes]","args":[{"selector":{"id":"application-managesites-display-component---NewSite--addressEditDetailsCostObjectCstType-arrow"},"wdio_ui5_key":"applicationmanagesites-display-component---NewSite--addressEditDetailsCostObjectCstType-arrow"}]}
RESULT: {"script":"<script> [1562 bytes]","args":[{"selector":{"id":"application-managesites-display-component---NewSite--addressEditDetailsCostObjectCstType-arrow"},"wdio_ui5_key":"applicationmanagesites-display-component---NewSite--addressEditDetailsCostObjectCstType-arrow"}]}
RESULT: undefined
COMMAND: POST /session/9fc2c4eab269dcaa9f3181b4eee4b80d/element - {"using":"xpath","value":"//*[@id=\"application-managesites-display-component---NewSite--addressEditDetailsCostObjectCstType-arrow\"]"}
RESULT: {"using":"xpath","value":"//*[@id=\"application-managesites-display-component---NewSite--addressEditDetailsCostObjectCstType-arrow\"]"}
COMMAND: POST /session/9fc2c4eab269dcaa9f3181b4eee4b80d/element/f.D38CE21AA85210DF62DAE0D69B7617EF.d.DDEE6D2FEC5FBD342071413C3E040EDC.e.2185/click - {}
RESULT: {}
COMMAND: POST /session/9fc2c4eab269dcaa9f3181b4eee4b80d/element - {"using":"xpath","value":"//span[contains(text(), \"Cost Center\")]"}
COMMAND: GET /session/9fc2c4eab269dcaa9f3181b4eee4b80d/screenshot - {}
RESULT: {}
RESULT: {"using":"xpath","value":"//span[contains(text(), \"Cost Center\")]"}
COMMAND: POST /session/9fc2c4eab269dcaa9f3181b4eee4b80d/element/f.D38CE21AA85210DF62DAE0D69B7617EF.d.DDEE6D2FEC5FBD342071413C3E040EDC.e.2186/click - {}
RESULT: {}
COMMAND: GET /session/9fc2c4eab269dcaa9f3181b4eee4b80d/screenshot - {}
RESULT: {}
COMMAND: POST /session/9fc2c4eab269dcaa9f3181b4eee4b80d/element - {"using":"xpath","value":"//span[@id=\"application-managesites-display-component---NewSite--addressNewCostObjectCstID-vhi\"]"}
RESULT: {"using":"xpath","value":"//span[@id=\"application-managesites-display-component---NewSite--addressNewCostObjectCstID-vhi\"]"}
COMMAND: POST /session/9fc2c4eab269dcaa9f3181b4eee4b80d/execute/sync - {"script":"<script> [8489 bytes]","args":[{"element-6066-11e4-a52e-4f735466cecf":"f.D38CE21AA85210DF62DAE0D69B7617EF.d.DDEE6D2FEC5FBD342071413C3E040EDC.e.2190","ELEMENT":"f.D38CE21AA85210DF62DAE0D69B7617EF.d.DDEE6D2FEC5FBD342071413C3E040EDC.e.2190"}]}
RESULT: {"script":"<script> [8489 bytes]","args":[{"element-6066-11e4-a52e-4f735466cecf":"f.D38CE21AA85210DF62DAE0D69B7617EF.d.DDEE6D2FEC5FBD342071413C3E040EDC.e.2190","ELEMENT":"f.D38CE21AA85210DF62DAE0D69B7617EF.d.DDEE6D2FEC5FBD342071413C3E040EDC.e.2190"}]}
COMMAND: POST /session/9fc2c4eab269dcaa9f3181b4eee4b80d/execute/async - {"script":"<script> [1562 bytes]","args":[{"selector":{"id":"application-managesites-display-component---NewSite--addressNewCostObjectCstID-vhi"},"wdio_ui5_key":"applicationmanagesites-display-component---NewSite--addressNewCostObjectCstID-vhi"}]}
COMMAND: GET /session/9fc2c4eab269dcaa9f3181b4eee4b80d/screenshot - {}
RESULT: {"script":"<script> [1562 bytes]","args":[{"selector":{"id":"application-managesites-display-component---NewSite--addressNewCostObjectCstID-vhi"},"wdio_ui5_key":"applicationmanagesites-display-component---NewSite--addressNewCostObjectCstID-vhi"}]}
RESULT: undefined
COMMAND: POST /session/9fc2c4eab269dcaa9f3181b4eee4b80d/element - {"using":"xpath","value":"//*[@id=\"application-managesites-display-component---NewSite--addressNewCostObjectCstID-vhi\"]"}
RESULT: {}
RESULT: {"using":"xpath","value":"//*[@id=\"application-managesites-display-component---NewSite--addressNewCostObjectCstID-vhi\"]"}
COMMAND: POST /session/9fc2c4eab269dcaa9f3181b4eee4b80d/element/f.D38CE21AA85210DF62DAE0D69B7617EF.d.DDEE6D2FEC5FBD342071413C3E040EDC.e.2190/click - {}
RESULT: {}
COMMAND: GET /session/9fc2c4eab269dcaa9f3181b4eee4b80d/screenshot - {}
RESULT: {}
RESULT: undefined
COMMAND: POST /session/9fc2c4eab269dcaa9f3181b4eee4b80d/execute/async - {"script":"<script> [776 bytes]","args":[{"enterText":"10001013","selector":{"controlType":"sap.m.SearchField","properties":{"placeholder":"Search"},"searchOpenDialogs":true,"interaction":{"idSuffix":"I"}},"clearTextFirst":true,"interactionType":"ENTER_TEXT"}]}
RESULT: {"script":"<script> [776 bytes]","args":[{"enterText":"10001013","selector":{"controlType":"sap.m.SearchField","properties":{"placeholder":"Search"},"searchOpenDialogs":true,"interaction":{"idSuffix":"I"}},"clearTextFirst":true,"interactionType":"ENTER_TEXT"}]}
COMMAND: POST /session/9fc2c4eab269dcaa9f3181b4eee4b80d/actions - {"actions":[{"id":"action6","type":"key","parameters":{},"actions":[{"type":"keyDown","value":"î€‡"},{"type":"pause","duration":10},{"type":"keyUp","value":"î€‡"}]}]}
RESULT: {"actions":[{"id":"action6","type":"key","parameters":{},"actions":[{"type":"keyDown","value":"î€‡"},{"type":"pause","duration":10},{"type":"keyUp","value":"î€‡"}]}]}
COMMAND: GET /session/9fc2c4eab269dcaa9f3181b4eee4b80d/screenshot - {}
RESULT: {}
COMMAND: POST /session/9fc2c4eab269dcaa9f3181b4eee4b80d/element - {"using":"xpath","value":"//span[contains(text(), \"General Management\")]"}
RESULT: {"using":"xpath","value":"//span[contains(text(), \"General Management\")]"}
COMMAND: POST /session/9fc2c4eab269dcaa9f3181b4eee4b80d/element/f.D38CE21AA85210DF62DAE0D69B7617EF.d.DDEE6D2FEC5FBD342071413C3E040EDC.e.2228/click - {}
RESULT: {}
COMMAND: GET /session/9fc2c4eab269dcaa9f3181b4eee4b80d/screenshot - {}
RESULT: {}
COMMAND: POST /session/9fc2c4eab269dcaa9f3181b4eee4b80d/element - {"using":"xpath","value":"//bdi[contains(text(), \"OK\")]"}
RESULT: {"using":"xpath","value":"//bdi[contains(text(), \"OK\")]"}
COMMAND: POST /session/9fc2c4eab269dcaa9f3181b4eee4b80d/element/f.D38CE21AA85210DF62DAE0D69B7617EF.d.DDEE6D2FEC5FBD342071413C3E040EDC.e.2229/click - {}
RESULT: {}
COMMAND: GET /session/9fc2c4eab269dcaa9f3181b4eee4b80d/screenshot - {}
RESULT: {}
COMMAND: POST /session/9fc2c4eab269dcaa9f3181b4eee4b80d/element - {"using":"xpath","value":"//input[@id=\"application-managesites-display-component---NewSite--addressDetailDetailsCalendar-inner\"]"}
RESULT: {"using":"xpath","value":"//input[@id=\"application-managesites-display-component---NewSite--addressDetailDetailsCalendar-inner\"]"}
COMMAND: POST /session/9fc2c4eab269dcaa9f3181b4eee4b80d/element/f.D38CE21AA85210DF62DAE0D69B7617EF.d.DDEE6D2FEC5FBD342071413C3E040EDC.e.1976/clear - {}
RESULT: {}
COMMAND: POST /session/9fc2c4eab269dcaa9f3181b4eee4b80d/element/f.D38CE21AA85210DF62DAE0D69B7617EF.d.DDEE6D2FEC5FBD342071413C3E040EDC.e.1976/value - {"text":"Unit"}
COMMAND: GET /session/9fc2c4eab269dcaa9f3181b4eee4b80d/screenshot - {}
RESULT: {"text":"Unit"}
COMMAND: GET /session/9fc2c4eab269dcaa9f3181b4eee4b80d/screenshot - {}
RESULT: {}
RESULT: {}
COMMAND: POST /session/9fc2c4eab269dcaa9f3181b4eee4b80d/actions - {"actions":[{"id":"action7","type":"key","parameters":{},"actions":[{"type":"keyDown","value":"î€‡"},{"type":"pause","duration":10},{"type":"keyUp","value":"î€‡"}]}]}
RESULT: {"actions":[{"id":"action7","type":"key","parameters":{},"actions":[{"type":"keyDown","value":"î€‡"},{"type":"pause","duration":10},{"type":"keyUp","value":"î€‡"}]}]}
COMMAND: POST /session/9fc2c4eab269dcaa9f3181b4eee4b80d/element - {"using":"xpath","value":"//input[@id=\"application-managesites-display-component---NewSite--addressDetailDetailsYard-inner\"]"}
COMMAND: GET /session/9fc2c4eab269dcaa9f3181b4eee4b80d/screenshot - {}
RESULT: {"using":"xpath","value":"//input[@id=\"application-managesites-display-component---NewSite--addressDetailDetailsYard-inner\"]"}
COMMAND: POST /session/9fc2c4eab269dcaa9f3181b4eee4b80d/element/f.D38CE21AA85210DF62DAE0D69B7617EF.d.DDEE6D2FEC5FBD342071413C3E040EDC.e.1977/clear - {}
RESULT: {}
RESULT: {}
COMMAND: POST /session/9fc2c4eab269dcaa9f3181b4eee4b80d/element/f.D38CE21AA85210DF62DAE0D69B7617EF.d.DDEE6D2FEC5FBD342071413C3E040EDC.e.1977/value - {"text":"236"}
COMMAND: GET /session/9fc2c4eab269dcaa9f3181b4eee4b80d/screenshot - {}
RESULT: {"text":"236"}
COMMAND: GET /session/9fc2c4eab269dcaa9f3181b4eee4b80d/screenshot - {}
RESULT: {}
RESULT: {}
COMMAND: POST /session/9fc2c4eab269dcaa9f3181b4eee4b80d/element - {"using":"xpath","value":"//li[.//span[text()='236']]"}
RESULT: {"using":"xpath","value":"//li[.//span[text()='236']]"}
COMMAND: POST /session/9fc2c4eab269dcaa9f3181b4eee4b80d/element/f.D38CE21AA85210DF62DAE0D69B7617EF.d.DDEE6D2FEC5FBD342071413C3E040EDC.e.2237/click - {}
RESULT: {}
COMMAND: GET /session/9fc2c4eab269dcaa9f3181b4eee4b80d/screenshot - {}
RESULT: {}
COMMAND: POST /session/9fc2c4eab269dcaa9f3181b4eee4b80d/element - {"using":"xpath","value":"//input[@id=\"application-managesites-display-component---NewSite--addressDetailDetailsPartner-inner\"]"}
RESULT: {"using":"xpath","value":"//input[@id=\"application-managesites-display-component---NewSite--addressDetailDetailsPartner-inner\"]"}
COMMAND: POST /session/9fc2c4eab269dcaa9f3181b4eee4b80d/element - {"using":"xpath","value":"//input[@id=\"application-managesites-display-component---NewSite--addressDetailDetailsPartner-inner\"]"}
RESULT: {"using":"xpath","value":"//input[@id=\"application-managesites-display-component---NewSite--addressDetailDetailsPartner-inner\"]"}
COMMAND: POST /session/9fc2c4eab269dcaa9f3181b4eee4b80d/element - {"using":"xpath","value":"//button[@data-kt=\"saveButton\"]"}
RESULT: {"using":"xpath","value":"//button[@data-kt=\"saveButton\"]"}
COMMAND: POST /session/9fc2c4eab269dcaa9f3181b4eee4b80d/element/f.D38CE21AA85210DF62DAE0D69B7617EF.d.DDEE6D2FEC5FBD342071413C3E040EDC.e.2130/click - {}
RESULT: {}
COMMAND: GET /session/9fc2c4eab269dcaa9f3181b4eee4b80d/screenshot - {}
RESULT: {}
COMMAND: POST /session/9fc2c4eab269dcaa9f3181b4eee4b80d/element - {"using":"xpath","value":"//header[contains(@id, 'ObjectPageLayout-headerTitle')]/div[1]/div[2]/div[2]/span[1]"}
RESULT: {"using":"xpath","value":"//header[contains(@id, 'ObjectPageLayout-headerTitle')]/div[1]/div[2]/div[2]/span[1]"}
COMMAND: POST /session/9fc2c4eab269dcaa9f3181b4eee4b80d/elements - {"using":"xpath","value":"//header[contains(@id, 'ObjectPageLayout-headerTitle')]/div[1]/div[2]/div[2]/span[1]"}
RESULT: {"using":"xpath","value":"//header[contains(@id, 'ObjectPageLayout-headerTitle')]/div[1]/div[2]/div[2]/span[1]"}
COMMAND: POST /session/9fc2c4eab269dcaa9f3181b4eee4b80d/execute/sync - {"script":"<script> [56 bytes]","args":[{"element-6066-11e4-a52e-4f735466cecf":"f.D38CE21AA85210DF62DAE0D69B7617EF.d.DDEE6D2FEC5FBD342071413C3E040EDC.e.2431","ELEMENT":"f.D38CE21AA85210DF62DAE0D69B7617EF.d.DDEE6D2FEC5FBD342071413C3E040EDC.e.2431"}]}
RESULT: {"script":"<script> [56 bytes]","args":[{"element-6066-11e4-a52e-4f735466cecf":"f.D38CE21AA85210DF62DAE0D69B7617EF.d.DDEE6D2FEC5FBD342071413C3E040EDC.e.2431","ELEMENT":"f.D38CE21AA85210DF62DAE0D69B7617EF.d.DDEE6D2FEC5FBD342071413C3E040EDC.e.2431"}]}
COMMAND: POST /session/9fc2c4eab269dcaa9f3181b4eee4b80d/element - {"using":"css selector","value":"#shell-header-logo"}
COMMAND: GET /session/9fc2c4eab269dcaa9f3181b4eee4b80d/screenshot - {}
RESULT: {"using":"css selector","value":"#shell-header-logo"}
COMMAND: POST /session/9fc2c4eab269dcaa9f3181b4eee4b80d/element/f.D38CE21AA85210DF62DAE0D69B7617EF.d.DDEE6D2FEC5FBD342071413C3E040EDC.e.1743/click - {}
RESULT: {}
RESULT: {}
COMMAND: GET /session/9fc2c4eab269dcaa9f3181b4eee4b80d/screenshot - {}
RESULT: {}
COMMAND: POST /session/9fc2c4eab269dcaa9f3181b4eee4b80d/execute/sync - {"script":"<script> [299 bytes]","args":[["getModel","getResource"]]}
RESULT: {"script":"<script> [299 bytes]","args":[["getModel","getResource"]]}
]]></system-out>
    </testcase>
  </testsuite>
  <testsuite timestamp="2025-04-25T17:31:37" time="835.215" tests="12" failures="10" errors="10" skipped="0">
    <properties>
      <property name="specId" value="0" />
      <property name="suiteName" value="Billing Transfer - Intracompany US127249" />
      <property name="capabilities" value="chrome.135_0_7049_96.windows" />
      <property name="file" value="file:///D:/a/1/s/test/specs/BTS/billing-transfer-intracompany.spec.js" />
    </properties>
    <testcase classname="chrome.135_0_7049_96.windows.Billing_Transfer_-_Intracompany_US127249" name="Should create a new yard" time="91.852">
      <system-out><![CDATA[
COMMAND: POST /session/9fc2c4eab269dcaa9f3181b4eee4b80d/window/fullscreen - {}
RESULT: {}
COMMAND: POST /session/9fc2c4eab269dcaa9f3181b4eee4b80d/execute/async - {"script":"<script> [1562 bytes]","args":[{"selector":{"controlType":"sap.m.GenericTile","properties":{"header":"Manage Yards"}},"wdio_ui5_key":"sapm.GenericTile{\"header\":\"Manage Yards\"}"}]}
RESULT: {"script":"<script> [1562 bytes]","args":[{"selector":{"controlType":"sap.m.GenericTile","properties":{"header":"Manage Yards"}},"wdio_ui5_key":"sapm.GenericTile{\"header\":\"Manage Yards\"}"}]}
RESULT: undefined
COMMAND: POST /session/9fc2c4eab269dcaa9f3181b4eee4b80d/element - {"using":"xpath","value":"//*[@id=\"__tile41\"]"}
RESULT: {"using":"xpath","value":"//*[@id=\"__tile41\"]"}
COMMAND: POST /session/9fc2c4eab269dcaa9f3181b4eee4b80d/element/f.D38CE21AA85210DF62DAE0D69B7617EF.d.CB73A12FC33285B907BA62A9C98F24BF.e.3166/click - {}
RESULT: {}
COMMAND: POST /session/9fc2c4eab269dcaa9f3181b4eee4b80d/element - {"using":"xpath","value":"//button[@data-kt=\"addNewYardOverflowToolbarButton\"]"}
COMMAND: GET /session/9fc2c4eab269dcaa9f3181b4eee4b80d/screenshot - {}
RESULT: {"using":"xpath","value":"//button[@data-kt=\"addNewYardOverflowToolbarButton\"]"}
COMMAND: POST /session/9fc2c4eab269dcaa9f3181b4eee4b80d/elements - {"using":"xpath","value":"//button[@data-kt=\"addNewYardOverflowToolbarButton\"]"}
RESULT: {}
RESULT: {"using":"xpath","value":"//button[@data-kt=\"addNewYardOverflowToolbarButton\"]"}
COMMAND: POST /session/9fc2c4eab269dcaa9f3181b4eee4b80d/elements - {"using":"xpath","value":"//button[@data-kt=\"addNewYardOverflowToolbarButton\"]"}
RESULT: {"using":"xpath","value":"//button[@data-kt=\"addNewYardOverflowToolbarButton\"]"}
COMMAND: POST /session/9fc2c4eab269dcaa9f3181b4eee4b80d/elements - {"using":"xpath","value":"//button[@data-kt=\"addNewYardOverflowToolbarButton\"]"}
RESULT: {"using":"xpath","value":"//button[@data-kt=\"addNewYardOverflowToolbarButton\"]"}
COMMAND: POST /session/9fc2c4eab269dcaa9f3181b4eee4b80d/elements - {"using":"xpath","value":"//button[@data-kt=\"addNewYardOverflowToolbarButton\"]"}
RESULT: {"using":"xpath","value":"//button[@data-kt=\"addNewYardOverflowToolbarButton\"]"}
COMMAND: POST /session/9fc2c4eab269dcaa9f3181b4eee4b80d/elements - {"using":"xpath","value":"//button[@data-kt=\"addNewYardOverflowToolbarButton\"]"}
RESULT: {"using":"xpath","value":"//button[@data-kt=\"addNewYardOverflowToolbarButton\"]"}
COMMAND: POST /session/9fc2c4eab269dcaa9f3181b4eee4b80d/elements - {"using":"xpath","value":"//button[@data-kt=\"addNewYardOverflowToolbarButton\"]"}
RESULT: {"using":"xpath","value":"//button[@data-kt=\"addNewYardOverflowToolbarButton\"]"}
COMMAND: POST /session/9fc2c4eab269dcaa9f3181b4eee4b80d/elements - {"using":"xpath","value":"//button[@data-kt=\"addNewYardOverflowToolbarButton\"]"}
RESULT: {"using":"xpath","value":"//button[@data-kt=\"addNewYardOverflowToolbarButton\"]"}
COMMAND: POST /session/9fc2c4eab269dcaa9f3181b4eee4b80d/elements - {"using":"xpath","value":"//button[@data-kt=\"addNewYardOverflowToolbarButton\"]"}
RESULT: {"using":"xpath","value":"//button[@data-kt=\"addNewYardOverflowToolbarButton\"]"}
COMMAND: POST /session/9fc2c4eab269dcaa9f3181b4eee4b80d/elements - {"using":"xpath","value":"//button[@data-kt=\"addNewYardOverflowToolbarButton\"]"}
RESULT: {"using":"xpath","value":"//button[@data-kt=\"addNewYardOverflowToolbarButton\"]"}
COMMAND: POST /session/9fc2c4eab269dcaa9f3181b4eee4b80d/elements - {"using":"xpath","value":"//button[@data-kt=\"addNewYardOverflowToolbarButton\"]"}
RESULT: {"using":"xpath","value":"//button[@data-kt=\"addNewYardOverflowToolbarButton\"]"}
COMMAND: POST /session/9fc2c4eab269dcaa9f3181b4eee4b80d/elements - {"using":"xpath","value":"//button[@data-kt=\"addNewYardOverflowToolbarButton\"]"}
RESULT: {"using":"xpath","value":"//button[@data-kt=\"addNewYardOverflowToolbarButton\"]"}
COMMAND: POST /session/9fc2c4eab269dcaa9f3181b4eee4b80d/elements - {"using":"xpath","value":"//button[@data-kt=\"addNewYardOverflowToolbarButton\"]"}
RESULT: {"using":"xpath","value":"//button[@data-kt=\"addNewYardOverflowToolbarButton\"]"}
COMMAND: POST /session/9fc2c4eab269dcaa9f3181b4eee4b80d/elements - {"using":"xpath","value":"//button[@data-kt=\"addNewYardOverflowToolbarButton\"]"}
RESULT: {"using":"xpath","value":"//button[@data-kt=\"addNewYardOverflowToolbarButton\"]"}
COMMAND: POST /session/9fc2c4eab269dcaa9f3181b4eee4b80d/elements - {"using":"xpath","value":"//button[@data-kt=\"addNewYardOverflowToolbarButton\"]"}
RESULT: {"using":"xpath","value":"//button[@data-kt=\"addNewYardOverflowToolbarButton\"]"}
COMMAND: POST /session/9fc2c4eab269dcaa9f3181b4eee4b80d/elements - {"using":"xpath","value":"//button[@data-kt=\"addNewYardOverflowToolbarButton\"]"}
RESULT: {"using":"xpath","value":"//button[@data-kt=\"addNewYardOverflowToolbarButton\"]"}
COMMAND: POST /session/9fc2c4eab269dcaa9f3181b4eee4b80d/elements - {"using":"xpath","value":"//button[@data-kt=\"addNewYardOverflowToolbarButton\"]"}
RESULT: {"using":"xpath","value":"//button[@data-kt=\"addNewYardOverflowToolbarButton\"]"}
COMMAND: POST /session/9fc2c4eab269dcaa9f3181b4eee4b80d/elements - {"using":"xpath","value":"//button[@data-kt=\"addNewYardOverflowToolbarButton\"]"}
RESULT: {"using":"xpath","value":"//button[@data-kt=\"addNewYardOverflowToolbarButton\"]"}
COMMAND: POST /session/9fc2c4eab269dcaa9f3181b4eee4b80d/element - {"using":"xpath","value":"//button[@data-kt=\"addNewYardOverflowToolbarButton\"]"}
RESULT: {"using":"xpath","value":"//button[@data-kt=\"addNewYardOverflowToolbarButton\"]"}
COMMAND: POST /session/9fc2c4eab269dcaa9f3181b4eee4b80d/execute/sync - {"script":"<script> [8489 bytes]","args":[{"element-6066-11e4-a52e-4f735466cecf":"f.D38CE21AA85210DF62DAE0D69B7617EF.d.CB73A12FC33285B907BA62A9C98F24BF.e.3303","ELEMENT":"f.D38CE21AA85210DF62DAE0D69B7617EF.d.CB73A12FC33285B907BA62A9C98F24BF.e.3303"}]}
RESULT: {"script":"<script> [8489 bytes]","args":[{"element-6066-11e4-a52e-4f735466cecf":"f.D38CE21AA85210DF62DAE0D69B7617EF.d.CB73A12FC33285B907BA62A9C98F24BF.e.3303","ELEMENT":"f.D38CE21AA85210DF62DAE0D69B7617EF.d.CB73A12FC33285B907BA62A9C98F24BF.e.3303"}]}
COMMAND: GET /session/9fc2c4eab269dcaa9f3181b4eee4b80d/element/f.D38CE21AA85210DF62DAE0D69B7617EF.d.CB73A12FC33285B907BA62A9C98F24BF.e.3303/enabled - {}
COMMAND: GET /session/9fc2c4eab269dcaa9f3181b4eee4b80d/screenshot - {}
RESULT: {}
COMMAND: POST /session/9fc2c4eab269dcaa9f3181b4eee4b80d/execute/sync - {"script":"<script> [8489 bytes]","args":[{"element-6066-11e4-a52e-4f735466cecf":"f.D38CE21AA85210DF62DAE0D69B7617EF.d.CB73A12FC33285B907BA62A9C98F24BF.e.3303","ELEMENT":"f.D38CE21AA85210DF62DAE0D69B7617EF.d.CB73A12FC33285B907BA62A9C98F24BF.e.3303"}]}
COMMAND: GET /session/9fc2c4eab269dcaa9f3181b4eee4b80d/screenshot - {}
RESULT: {}
RESULT: {"script":"<script> [8489 bytes]","args":[{"element-6066-11e4-a52e-4f735466cecf":"f.D38CE21AA85210DF62DAE0D69B7617EF.d.CB73A12FC33285B907BA62A9C98F24BF.e.3303","ELEMENT":"f.D38CE21AA85210DF62DAE0D69B7617EF.d.CB73A12FC33285B907BA62A9C98F24BF.e.3303"}]}
COMMAND: POST /session/9fc2c4eab269dcaa9f3181b4eee4b80d/execute/sync - {"script":"<script> [5351 bytes]","args":[{"element-6066-11e4-a52e-4f735466cecf":"f.D38CE21AA85210DF62DAE0D69B7617EF.d.CB73A12FC33285B907BA62A9C98F24BF.e.3303","ELEMENT":"f.D38CE21AA85210DF62DAE0D69B7617EF.d.CB73A12FC33285B907BA62A9C98F24BF.e.3303"}]}
COMMAND: GET /session/9fc2c4eab269dcaa9f3181b4eee4b80d/screenshot - {}
RESULT: {}
RESULT: {"script":"<script> [5351 bytes]","args":[{"element-6066-11e4-a52e-4f735466cecf":"f.D38CE21AA85210DF62DAE0D69B7617EF.d.CB73A12FC33285B907BA62A9C98F24BF.e.3303","ELEMENT":"f.D38CE21AA85210DF62DAE0D69B7617EF.d.CB73A12FC33285B907BA62A9C98F24BF.e.3303"}]}
COMMAND: POST /session/9fc2c4eab269dcaa9f3181b4eee4b80d/element/f.D38CE21AA85210DF62DAE0D69B7617EF.d.CB73A12FC33285B907BA62A9C98F24BF.e.3303/click - {}
COMMAND: GET /session/9fc2c4eab269dcaa9f3181b4eee4b80d/screenshot - {}
RESULT: {}
RESULT: {}
COMMAND: GET /session/9fc2c4eab269dcaa9f3181b4eee4b80d/screenshot - {}
COMMAND: POST /session/9fc2c4eab269dcaa9f3181b4eee4b80d/element - {"using":"xpath","value":"//input[@id=\"application-manageyards-display-component---NewYard--yardId-inner\"]"}
RESULT: {}
RESULT: {}
RESULT: {"using":"xpath","value":"//input[@id=\"application-manageyards-display-component---NewYard--yardId-inner\"]"}
COMMAND: POST /session/9fc2c4eab269dcaa9f3181b4eee4b80d/element - {"using":"xpath","value":"//input[@id=\"application-manageyards-display-component---NewYard--yardId-inner\"]"}
RESULT: {"using":"xpath","value":"//input[@id=\"application-manageyards-display-component---NewYard--yardId-inner\"]"}
COMMAND: POST /session/9fc2c4eab269dcaa9f3181b4eee4b80d/execute/async - {"script":"<script> [1562 bytes]","args":[{"selector":{"id":"application-manageyards-display-component---NewYard--addressDetailDetailsName1","interaction":{"idSuffix":"inner"}},"wdio_ui5_key":"applicationmanageyards-display-component---NewYard--addressDetailDetailsName1"}]}
RESULT: {"script":"<script> [1562 bytes]","args":[{"selector":{"id":"application-manageyards-display-component---NewYard--addressDetailDetailsName1","interaction":{"idSuffix":"inner"}},"wdio_ui5_key":"applicationmanageyards-display-component---NewYard--addressDetailDetailsName1"}]}
RESULT: undefined
COMMAND: POST /session/9fc2c4eab269dcaa9f3181b4eee4b80d/execute/async - {"script":"<script> [776 bytes]","args":[{"enterText":"Intracompany Yard wdIO","selector":{"id":"application-manageyards-display-component---NewYard--addressDetailDetailsName1","interaction":{"idSuffix":"inner"}},"clearTextFirst":true,"interactionType":"ENTER_TEXT"}]}
RESULT: {"script":"<script> [776 bytes]","args":[{"enterText":"Intracompany Yard wdIO","selector":{"id":"application-manageyards-display-component---NewYard--addressDetailDetailsName1","interaction":{"idSuffix":"inner"}},"clearTextFirst":true,"interactionType":"ENTER_TEXT"}]}
COMMAND: POST /session/9fc2c4eab269dcaa9f3181b4eee4b80d/execute/async - {"script":"<script> [1562 bytes]","args":[{"selector":{"id":"application-manageyards-display-component---NewYard--addressDetailDetailsLanguage-arrow"},"wdio_ui5_key":"applicationmanageyards-display-component---NewYard--addressDetailDetailsLanguage-arrow"}]}
RESULT: {"script":"<script> [1562 bytes]","args":[{"selector":{"id":"application-manageyards-display-component---NewYard--addressDetailDetailsLanguage-arrow"},"wdio_ui5_key":"applicationmanageyards-display-component---NewYard--addressDetailDetailsLanguage-arrow"}]}
RESULT: undefined
COMMAND: POST /session/9fc2c4eab269dcaa9f3181b4eee4b80d/element - {"using":"xpath","value":"//*[@id=\"application-manageyards-display-component---NewYard--addressDetailDetailsLanguage-arrow\"]"}
RESULT: {"using":"xpath","value":"//*[@id=\"application-manageyards-display-component---NewYard--addressDetailDetailsLanguage-arrow\"]"}
COMMAND: POST /session/9fc2c4eab269dcaa9f3181b4eee4b80d/element/f.D38CE21AA85210DF62DAE0D69B7617EF.d.CB73A12FC33285B907BA62A9C98F24BF.e.3733/click - {}
RESULT: {}
COMMAND: POST /session/9fc2c4eab269dcaa9f3181b4eee4b80d/element - {"using":"xpath","value":"//span[contains(text(), \"English\")]"}
COMMAND: GET /session/9fc2c4eab269dcaa9f3181b4eee4b80d/screenshot - {}
RESULT: {"using":"xpath","value":"//span[contains(text(), \"English\")]"}
COMMAND: POST /session/9fc2c4eab269dcaa9f3181b4eee4b80d/element/f.D38CE21AA85210DF62DAE0D69B7617EF.d.CB73A12FC33285B907BA62A9C98F24BF.e.3734/click - {}
RESULT: {}
RESULT: {}
COMMAND: POST /session/9fc2c4eab269dcaa9f3181b4eee4b80d/execute/async - {"script":"<script> [1562 bytes]","args":[{"selector":{"id":"application-manageyards-display-component---NewYard--addressDetailDetailsCity1","interaction":{"idSuffix":"inner"}},"wdio_ui5_key":"applicationmanageyards-display-component---NewYard--addressDetailDetailsCity1"}]}
COMMAND: GET /session/9fc2c4eab269dcaa9f3181b4eee4b80d/screenshot - {}
RESULT: {"script":"<script> [1562 bytes]","args":[{"selector":{"id":"application-manageyards-display-component---NewYard--addressDetailDetailsCity1","interaction":{"idSuffix":"inner"}},"wdio_ui5_key":"applicationmanageyards-display-component---NewYard--addressDetailDetailsCity1"}]}
RESULT: undefined
COMMAND: POST /session/9fc2c4eab269dcaa9f3181b4eee4b80d/execute/async - {"script":"<script> [776 bytes]","args":[{"enterText":"Rosario","selector":{"id":"application-manageyards-display-component---NewYard--addressDetailDetailsCity1","interaction":{"idSuffix":"inner"}},"clearTextFirst":true,"interactionType":"ENTER_TEXT"}]}
RESULT: {}
RESULT: {"script":"<script> [776 bytes]","args":[{"enterText":"Rosario","selector":{"id":"application-manageyards-display-component---NewYard--addressDetailDetailsCity1","interaction":{"idSuffix":"inner"}},"clearTextFirst":true,"interactionType":"ENTER_TEXT"}]}
COMMAND: POST /session/9fc2c4eab269dcaa9f3181b4eee4b80d/execute/async - {"script":"<script> [1562 bytes]","args":[{"selector":{"id":"application-manageyards-display-component---NewYard--addressDetailDetailsCountry-arrow"},"wdio_ui5_key":"applicationmanageyards-display-component---NewYard--addressDetailDetailsCountry-arrow"}]}
RESULT: {"script":"<script> [1562 bytes]","args":[{"selector":{"id":"application-manageyards-display-component---NewYard--addressDetailDetailsCountry-arrow"},"wdio_ui5_key":"applicationmanageyards-display-component---NewYard--addressDetailDetailsCountry-arrow"}]}
RESULT: undefined
COMMAND: POST /session/9fc2c4eab269dcaa9f3181b4eee4b80d/element - {"using":"xpath","value":"//*[@id=\"application-manageyards-display-component---NewYard--addressDetailDetailsCountry-arrow\"]"}
RESULT: {"using":"xpath","value":"//*[@id=\"application-manageyards-display-component---NewYard--addressDetailDetailsCountry-arrow\"]"}
COMMAND: POST /session/9fc2c4eab269dcaa9f3181b4eee4b80d/element/f.D38CE21AA85210DF62DAE0D69B7617EF.d.CB73A12FC33285B907BA62A9C98F24BF.e.3736/click - {}
RESULT: {}
COMMAND: POST /session/9fc2c4eab269dcaa9f3181b4eee4b80d/element - {"using":"xpath","value":"//span[contains(text(), \"Argentina\")]"}
COMMAND: GET /session/9fc2c4eab269dcaa9f3181b4eee4b80d/screenshot - {}
RESULT: {"using":"xpath","value":"//span[contains(text(), \"Argentina\")]"}
COMMAND: POST /session/9fc2c4eab269dcaa9f3181b4eee4b80d/element/f.D38CE21AA85210DF62DAE0D69B7617EF.d.CB73A12FC33285B907BA62A9C98F24BF.e.3737/click - {}
RESULT: {}
RESULT: {}
COMMAND: POST /session/9fc2c4eab269dcaa9f3181b4eee4b80d/execute/async - {"script":"<script> [1562 bytes]","args":[{"selector":{"id":"application-manageyards-display-component---NewYard--addressEditDetailsCostObjectCstType-arrow"},"wdio_ui5_key":"applicationmanageyards-display-component---NewYard--addressEditDetailsCostObjectCstType-arrow"}]}
COMMAND: GET /session/9fc2c4eab269dcaa9f3181b4eee4b80d/screenshot - {}
RESULT: {"script":"<script> [1562 bytes]","args":[{"selector":{"id":"application-manageyards-display-component---NewYard--addressEditDetailsCostObjectCstType-arrow"},"wdio_ui5_key":"applicationmanageyards-display-component---NewYard--addressEditDetailsCostObjectCstType-arrow"}]}
RESULT: undefined
COMMAND: POST /session/9fc2c4eab269dcaa9f3181b4eee4b80d/element - {"using":"xpath","value":"//*[@id=\"application-manageyards-display-component---NewYard--addressEditDetailsCostObjectCstType-arrow\"]"}
RESULT: {}
RESULT: {"using":"xpath","value":"//*[@id=\"application-manageyards-display-component---NewYard--addressEditDetailsCostObjectCstType-arrow\"]"}
COMMAND: POST /session/9fc2c4eab269dcaa9f3181b4eee4b80d/element/f.D38CE21AA85210DF62DAE0D69B7617EF.d.CB73A12FC33285B907BA62A9C98F24BF.e.3739/click - {}
RESULT: {}
COMMAND: POST /session/9fc2c4eab269dcaa9f3181b4eee4b80d/element - {"using":"xpath","value":"//span[contains(text(), \"Cost Center\")]"}
COMMAND: GET /session/9fc2c4eab269dcaa9f3181b4eee4b80d/screenshot - {}
RESULT: {"using":"xpath","value":"//span[contains(text(), \"Cost Center\")]"}
COMMAND: POST /session/9fc2c4eab269dcaa9f3181b4eee4b80d/element/f.D38CE21AA85210DF62DAE0D69B7617EF.d.CB73A12FC33285B907BA62A9C98F24BF.e.3740/click - {}
RESULT: {}
RESULT: {}
COMMAND: GET /session/9fc2c4eab269dcaa9f3181b4eee4b80d/screenshot - {}
RESULT: {}
COMMAND: POST /session/9fc2c4eab269dcaa9f3181b4eee4b80d/element - {"using":"xpath","value":"//span[@id=\"application-manageyards-display-component---NewYard--addressNewCostObjectCstID-vhi\"]"}
RESULT: {"using":"xpath","value":"//span[@id=\"application-manageyards-display-component---NewYard--addressNewCostObjectCstID-vhi\"]"}
COMMAND: POST /session/9fc2c4eab269dcaa9f3181b4eee4b80d/execute/sync - {"script":"<script> [8489 bytes]","args":[{"element-6066-11e4-a52e-4f735466cecf":"f.D38CE21AA85210DF62DAE0D69B7617EF.d.CB73A12FC33285B907BA62A9C98F24BF.e.3744","ELEMENT":"f.D38CE21AA85210DF62DAE0D69B7617EF.d.CB73A12FC33285B907BA62A9C98F24BF.e.3744"}]}
RESULT: {"script":"<script> [8489 bytes]","args":[{"element-6066-11e4-a52e-4f735466cecf":"f.D38CE21AA85210DF62DAE0D69B7617EF.d.CB73A12FC33285B907BA62A9C98F24BF.e.3744","ELEMENT":"f.D38CE21AA85210DF62DAE0D69B7617EF.d.CB73A12FC33285B907BA62A9C98F24BF.e.3744"}]}
COMMAND: POST /session/9fc2c4eab269dcaa9f3181b4eee4b80d/execute/async - {"script":"<script> [1562 bytes]","args":[{"selector":{"id":"application-manageyards-display-component---NewYard--addressNewCostObjectCstID-vhi"},"wdio_ui5_key":"applicationmanageyards-display-component---NewYard--addressNewCostObjectCstID-vhi"}]}
COMMAND: GET /session/9fc2c4eab269dcaa9f3181b4eee4b80d/screenshot - {}
RESULT: {"script":"<script> [1562 bytes]","args":[{"selector":{"id":"application-manageyards-display-component---NewYard--addressNewCostObjectCstID-vhi"},"wdio_ui5_key":"applicationmanageyards-display-component---NewYard--addressNewCostObjectCstID-vhi"}]}
RESULT: undefined
COMMAND: POST /session/9fc2c4eab269dcaa9f3181b4eee4b80d/element - {"using":"xpath","value":"//*[@id=\"application-manageyards-display-component---NewYard--addressNewCostObjectCstID-vhi\"]"}
RESULT: {}
RESULT: {"using":"xpath","value":"//*[@id=\"application-manageyards-display-component---NewYard--addressNewCostObjectCstID-vhi\"]"}
COMMAND: POST /session/9fc2c4eab269dcaa9f3181b4eee4b80d/element/f.D38CE21AA85210DF62DAE0D69B7617EF.d.CB73A12FC33285B907BA62A9C98F24BF.e.3744/click - {}
RESULT: {}
COMMAND: GET /session/9fc2c4eab269dcaa9f3181b4eee4b80d/screenshot - {}
RESULT: {}
COMMAND: POST /session/9fc2c4eab269dcaa9f3181b4eee4b80d/execute/async - {"script":"<script> [1562 bytes]","args":[{"selector":{"controlType":"sap.m.SearchField","properties":{"placeholder":"Search"},"searchOpenDialogs":true,"interaction":{"idSuffix":"I"}},"wdio_ui5_key":"sapm.SearchField{\"placeholder\":\"Search\"}"}]}
RESULT: {"script":"<script> [1562 bytes]","args":[{"selector":{"controlType":"sap.m.SearchField","properties":{"placeholder":"Search"},"searchOpenDialogs":true,"interaction":{"idSuffix":"I"}},"wdio_ui5_key":"sapm.SearchField{\"placeholder\":\"Search\"}"}]}
RESULT: undefined
COMMAND: POST /session/9fc2c4eab269dcaa9f3181b4eee4b80d/execute/async - {"script":"<script> [776 bytes]","args":[{"enterText":"10001013","selector":{"controlType":"sap.m.SearchField","properties":{"placeholder":"Search"},"searchOpenDialogs":true,"interaction":{"idSuffix":"I"}},"clearTextFirst":true,"interactionType":"ENTER_TEXT"}]}
RESULT: {"script":"<script> [776 bytes]","args":[{"enterText":"10001013","selector":{"controlType":"sap.m.SearchField","properties":{"placeholder":"Search"},"searchOpenDialogs":true,"interaction":{"idSuffix":"I"}},"clearTextFirst":true,"interactionType":"ENTER_TEXT"}]}
COMMAND: POST /session/9fc2c4eab269dcaa9f3181b4eee4b80d/actions - {"actions":[{"id":"action11","type":"key","parameters":{},"actions":[{"type":"keyDown","value":"î€‡"},{"type":"pause","duration":10},{"type":"keyUp","value":"î€‡"}]}]}
RESULT: {"actions":[{"id":"action11","type":"key","parameters":{},"actions":[{"type":"keyDown","value":"î€‡"},{"type":"pause","duration":10},{"type":"keyUp","value":"î€‡"}]}]}
COMMAND: GET /session/9fc2c4eab269dcaa9f3181b4eee4b80d/screenshot - {}
RESULT: {}
COMMAND: POST /session/9fc2c4eab269dcaa9f3181b4eee4b80d/element - {"using":"xpath","value":"//span[contains(text(), \"General Management\")]"}
RESULT: {"using":"xpath","value":"//span[contains(text(), \"General Management\")]"}
COMMAND: POST /session/9fc2c4eab269dcaa9f3181b4eee4b80d/element/f.D38CE21AA85210DF62DAE0D69B7617EF.d.CB73A12FC33285B907BA62A9C98F24BF.e.3785/click - {}
RESULT: {}
COMMAND: GET /session/9fc2c4eab269dcaa9f3181b4eee4b80d/screenshot - {}
RESULT: {}
COMMAND: POST /session/9fc2c4eab269dcaa9f3181b4eee4b80d/element - {"using":"xpath","value":"//bdi[contains(text(), \"OK\")]"}
RESULT: {"using":"xpath","value":"//bdi[contains(text(), \"OK\")]"}
COMMAND: POST /session/9fc2c4eab269dcaa9f3181b4eee4b80d/element/f.D38CE21AA85210DF62DAE0D69B7617EF.d.CB73A12FC33285B907BA62A9C98F24BF.e.3786/click - {}
RESULT: {}
COMMAND: GET /session/9fc2c4eab269dcaa9f3181b4eee4b80d/screenshot - {}
RESULT: {}
COMMAND: POST /session/9fc2c4eab269dcaa9f3181b4eee4b80d/execute/async - {"script":"<script> [1562 bytes]","args":[{"selector":{"id":"application-manageyards-display-component---NewYard--addressEditDetailsCurrency-arrow"},"wdio_ui5_key":"applicationmanageyards-display-component---NewYard--addressEditDetailsCurrency-arrow"}]}
RESULT: {"script":"<script> [1562 bytes]","args":[{"selector":{"id":"application-manageyards-display-component---NewYard--addressEditDetailsCurrency-arrow"},"wdio_ui5_key":"applicationmanageyards-display-component---NewYard--addressEditDetailsCurrency-arrow"}]}
RESULT: undefined
COMMAND: POST /session/9fc2c4eab269dcaa9f3181b4eee4b80d/element - {"using":"xpath","value":"//*[@id=\"application-manageyards-display-component---NewYard--addressEditDetailsCurrency-arrow\"]"}
RESULT: {"using":"xpath","value":"//*[@id=\"application-manageyards-display-component---NewYard--addressEditDetailsCurrency-arrow\"]"}
COMMAND: POST /session/9fc2c4eab269dcaa9f3181b4eee4b80d/element/f.D38CE21AA85210DF62DAE0D69B7617EF.d.CB73A12FC33285B907BA62A9C98F24BF.e.3789/click - {}
RESULT: {}
COMMAND: POST /session/9fc2c4eab269dcaa9f3181b4eee4b80d/element - {"using":"xpath","value":"//span[contains(text(), \"Euro\")]"}
COMMAND: GET /session/9fc2c4eab269dcaa9f3181b4eee4b80d/screenshot - {}
RESULT: {"using":"xpath","value":"//span[contains(text(), \"Euro\")]"}
COMMAND: POST /session/9fc2c4eab269dcaa9f3181b4eee4b80d/element/f.D38CE21AA85210DF62DAE0D69B7617EF.d.CB73A12FC33285B907BA62A9C98F24BF.e.3790/click - {}
RESULT: {}
RESULT: {}
COMMAND: POST /session/9fc2c4eab269dcaa9f3181b4eee4b80d/execute/async - {"script":"<script> [1562 bytes]","args":[{"selector":{"controlType":"sap.m.Input","viewName":"etm.portal.ui.manageyards.view.New","viewId":"application-manageyards-display-component---NewYard","bindingPath":{"path":"","propertyPath":"/CONTROLLING_AREA","modelName":"NewYardModel"},"interaction":{"idSuffix":"inner"}},"wdio_ui5_key":"etmportal.ui.manageyards.view.Newsap.m.Input{\"path\":\"\",\"propertyPath\":\"/CONTROLLING_AREA\",\"modelName\":\"NewYardModel\"}"}]}
COMMAND: GET /session/9fc2c4eab269dcaa9f3181b4eee4b80d/screenshot - {}
RESULT: {"script":"<script> [1562 bytes]","args":[{"selector":{"controlType":"sap.m.Input","viewName":"etm.portal.ui.manageyards.view.New","viewId":"application-manageyards-display-component---NewYard","bindingPath":{"path":"","propertyPath":"/CONTROLLING_AREA","modelName":"NewYardModel"},"interaction":{"idSuffix":"inner"}},"wdio_ui5_key":"etmportal.ui.manageyards.view.Newsap.m.Input{\"path\":\"\",\"propertyPath\":\"/CONTROLLING_AREA\",\"modelName\":\"NewYardModel\"}"}]}
RESULT: undefined
COMMAND: POST /session/9fc2c4eab269dcaa9f3181b4eee4b80d/execute/async - {"script":"<script> [776 bytes]","args":[{"enterText":"Z001","selector":{"controlType":"sap.m.Input","viewName":"etm.portal.ui.manageyards.view.New","viewId":"application-manageyards-display-component---NewYard","bindingPath":{"path":"","propertyPath":"/CONTROLLING_AREA","modelName":"NewYardModel"},"interaction":{"idSuffix":"inner"}},"clearTextFirst":true,"interactionType":"ENTER_TEXT"}]}
RESULT: {}
RESULT: {"script":"<script> [776 bytes]","args":[{"enterText":"Z001","selector":{"controlType":"sap.m.Input","viewName":"etm.portal.ui.manageyards.view.New","viewId":"application-manageyards-display-component---NewYard","bindingPath":{"path":"","propertyPath":"/CONTROLLING_AREA","modelName":"NewYardModel"},"interaction":{"idSuffix":"inner"}},"clearTextFirst":true,"interactionType":"ENTER_TEXT"}]}
COMMAND: POST /session/9fc2c4eab269dcaa9f3181b4eee4b80d/execute/async - {"script":"<script> [1562 bytes]","args":[{"selector":{"id":"application-manageyards-display-component---NewYard--companyCodeComboBox","interaction":{"idSuffix":"inner"}},"wdio_ui5_key":"applicationmanageyards-display-component---NewYard--companyCodeComboBox"}]}
RESULT: {"script":"<script> [1562 bytes]","args":[{"selector":{"id":"application-manageyards-display-component---NewYard--companyCodeComboBox","interaction":{"idSuffix":"inner"}},"wdio_ui5_key":"applicationmanageyards-display-component---NewYard--companyCodeComboBox"}]}
RESULT: undefined
COMMAND: POST /session/9fc2c4eab269dcaa9f3181b4eee4b80d/execute/async - {"script":"<script> [776 bytes]","args":[{"enterText":"1000","selector":{"id":"application-manageyards-display-component---NewYard--companyCodeComboBox","interaction":{"idSuffix":"inner"}},"clearTextFirst":true,"interactionType":"ENTER_TEXT"}]}
RESULT: {"script":"<script> [776 bytes]","args":[{"enterText":"1000","selector":{"id":"application-manageyards-display-component---NewYard--companyCodeComboBox","interaction":{"idSuffix":"inner"}},"clearTextFirst":true,"interactionType":"ENTER_TEXT"}]}
COMMAND: POST /session/9fc2c4eab269dcaa9f3181b4eee4b80d/execute/async - {"script":"<script> [1562 bytes]","args":[{"selector":{"controlType":"sap.m.Input","viewName":"etm.portal.ui.manageyards.view.New","viewId":"application-manageyards-display-component---NewYard","bindingPath":{"path":"","propertyPath":"/PLANT","modelName":"NewYardModel"},"interaction":{"idSuffix":"inner"}},"wdio_ui5_key":"etmportal.ui.manageyards.view.Newsap.m.Input{\"path\":\"\",\"propertyPath\":\"/PLANT\",\"modelName\":\"NewYardModel\"}"}]}
RESULT: {"script":"<script> [1562 bytes]","args":[{"selector":{"controlType":"sap.m.Input","viewName":"etm.portal.ui.manageyards.view.New","viewId":"application-manageyards-display-component---NewYard","bindingPath":{"path":"","propertyPath":"/PLANT","modelName":"NewYardModel"},"interaction":{"idSuffix":"inner"}},"wdio_ui5_key":"etmportal.ui.manageyards.view.Newsap.m.Input{\"path\":\"\",\"propertyPath\":\"/PLANT\",\"modelName\":\"NewYardModel\"}"}]}
RESULT: undefined
COMMAND: POST /session/9fc2c4eab269dcaa9f3181b4eee4b80d/execute/async - {"script":"<script> [776 bytes]","args":[{"enterText":"1001","selector":{"controlType":"sap.m.Input","viewName":"etm.portal.ui.manageyards.view.New","viewId":"application-manageyards-display-component---NewYard","bindingPath":{"path":"","propertyPath":"/PLANT","modelName":"NewYardModel"},"interaction":{"idSuffix":"inner"}},"clearTextFirst":true,"interactionType":"ENTER_TEXT"}]}
RESULT: {"script":"<script> [776 bytes]","args":[{"enterText":"1001","selector":{"controlType":"sap.m.Input","viewName":"etm.portal.ui.manageyards.view.New","viewId":"application-manageyards-display-component---NewYard","bindingPath":{"path":"","propertyPath":"/PLANT","modelName":"NewYardModel"},"interaction":{"idSuffix":"inner"}},"clearTextFirst":true,"interactionType":"ENTER_TEXT"}]}
COMMAND: POST /session/9fc2c4eab269dcaa9f3181b4eee4b80d/execute/async - {"script":"<script> [1562 bytes]","args":[{"selector":{"controlType":"sap.m.Input","viewName":"etm.portal.ui.manageyards.view.New","viewId":"application-manageyards-display-component---NewYard","bindingPath":{"path":"","propertyPath":"/SALES_AREA_VKORG","modelName":"NewYardModel"},"interaction":{"idSuffix":"inner"}},"wdio_ui5_key":"etmportal.ui.manageyards.view.Newsap.m.Input{\"path\":\"\",\"propertyPath\":\"/SALES_AREA_VKORG\",\"modelName\":\"NewYardModel\"}"}]}
RESULT: {"script":"<script> [1562 bytes]","args":[{"selector":{"controlType":"sap.m.Input","viewName":"etm.portal.ui.manageyards.view.New","viewId":"application-manageyards-display-component---NewYard","bindingPath":{"path":"","propertyPath":"/SALES_AREA_VKORG","modelName":"NewYardModel"},"interaction":{"idSuffix":"inner"}},"wdio_ui5_key":"etmportal.ui.manageyards.view.Newsap.m.Input{\"path\":\"\",\"propertyPath\":\"/SALES_AREA_VKORG\",\"modelName\":\"NewYardModel\"}"}]}
RESULT: undefined
COMMAND: POST /session/9fc2c4eab269dcaa9f3181b4eee4b80d/execute/async - {"script":"<script> [776 bytes]","args":[{"enterText":"C002","selector":{"controlType":"sap.m.Input","viewName":"etm.portal.ui.manageyards.view.New","viewId":"application-manageyards-display-component---NewYard","bindingPath":{"path":"","propertyPath":"/SALES_AREA_VKORG","modelName":"NewYardModel"},"interaction":{"idSuffix":"inner"}},"clearTextFirst":true,"interactionType":"ENTER_TEXT"}]}
RESULT: {"script":"<script> [776 bytes]","args":[{"enterText":"C002","selector":{"controlType":"sap.m.Input","viewName":"etm.portal.ui.manageyards.view.New","viewId":"application-manageyards-display-component---NewYard","bindingPath":{"path":"","propertyPath":"/SALES_AREA_VKORG","modelName":"NewYardModel"},"interaction":{"idSuffix":"inner"}},"clearTextFirst":true,"interactionType":"ENTER_TEXT"}]}
COMMAND: POST /session/9fc2c4eab269dcaa9f3181b4eee4b80d/execute/async - {"script":"<script> [1562 bytes]","args":[{"selector":{"controlType":"sap.m.Input","viewName":"etm.portal.ui.manageyards.view.New","viewId":"application-manageyards-display-component---NewYard","bindingPath":{"path":"","propertyPath":"/SALES_AREA_VTWEG","modelName":"NewYardModel"},"interaction":{"idSuffix":"inner"}},"wdio_ui5_key":"etmportal.ui.manageyards.view.Newsap.m.Input{\"path\":\"\",\"propertyPath\":\"/SALES_AREA_VTWEG\",\"modelName\":\"NewYardModel\"}"}]}
RESULT: {"script":"<script> [1562 bytes]","args":[{"selector":{"controlType":"sap.m.Input","viewName":"etm.portal.ui.manageyards.view.New","viewId":"application-manageyards-display-component---NewYard","bindingPath":{"path":"","propertyPath":"/SALES_AREA_VTWEG","modelName":"NewYardModel"},"interaction":{"idSuffix":"inner"}},"wdio_ui5_key":"etmportal.ui.manageyards.view.Newsap.m.Input{\"path\":\"\",\"propertyPath\":\"/SALES_AREA_VTWEG\",\"modelName\":\"NewYardModel\"}"}]}
RESULT: undefined
COMMAND: POST /session/9fc2c4eab269dcaa9f3181b4eee4b80d/execute/async - {"script":"<script> [776 bytes]","args":[{"enterText":"C2","selector":{"controlType":"sap.m.Input","viewName":"etm.portal.ui.manageyards.view.New","viewId":"application-manageyards-display-component---NewYard","bindingPath":{"path":"","propertyPath":"/SALES_AREA_VTWEG","modelName":"NewYardModel"},"interaction":{"idSuffix":"inner"}},"clearTextFirst":true,"interactionType":"ENTER_TEXT"}]}
RESULT: {"script":"<script> [776 bytes]","args":[{"enterText":"C2","selector":{"controlType":"sap.m.Input","viewName":"etm.portal.ui.manageyards.view.New","viewId":"application-manageyards-display-component---NewYard","bindingPath":{"path":"","propertyPath":"/SALES_AREA_VTWEG","modelName":"NewYardModel"},"interaction":{"idSuffix":"inner"}},"clearTextFirst":true,"interactionType":"ENTER_TEXT"}]}
COMMAND: POST /session/9fc2c4eab269dcaa9f3181b4eee4b80d/execute/async - {"script":"<script> [1562 bytes]","args":[{"selector":{"controlType":"sap.m.Input","viewName":"etm.portal.ui.manageyards.view.New","viewId":"application-manageyards-display-component---NewYard","bindingPath":{"path":"","propertyPath":"/SALES_AREA_SPART","modelName":"NewYardModel"},"interaction":{"idSuffix":"inner"}},"wdio_ui5_key":"etmportal.ui.manageyards.view.Newsap.m.Input{\"path\":\"\",\"propertyPath\":\"/SALES_AREA_SPART\",\"modelName\":\"NewYardModel\"}"}]}
RESULT: {"script":"<script> [1562 bytes]","args":[{"selector":{"controlType":"sap.m.Input","viewName":"etm.portal.ui.manageyards.view.New","viewId":"application-manageyards-display-component---NewYard","bindingPath":{"path":"","propertyPath":"/SALES_AREA_SPART","modelName":"NewYardModel"},"interaction":{"idSuffix":"inner"}},"wdio_ui5_key":"etmportal.ui.manageyards.view.Newsap.m.Input{\"path\":\"\",\"propertyPath\":\"/SALES_AREA_SPART\",\"modelName\":\"NewYardModel\"}"}]}
RESULT: undefined
COMMAND: POST /session/9fc2c4eab269dcaa9f3181b4eee4b80d/execute/async - {"script":"<script> [776 bytes]","args":[{"enterText":"C2","selector":{"controlType":"sap.m.Input","viewName":"etm.portal.ui.manageyards.view.New","viewId":"application-manageyards-display-component---NewYard","bindingPath":{"path":"","propertyPath":"/SALES_AREA_SPART","modelName":"NewYardModel"},"interaction":{"idSuffix":"inner"}},"clearTextFirst":true,"interactionType":"ENTER_TEXT"}]}
RESULT: {"script":"<script> [776 bytes]","args":[{"enterText":"C2","selector":{"controlType":"sap.m.Input","viewName":"etm.portal.ui.manageyards.view.New","viewId":"application-manageyards-display-component---NewYard","bindingPath":{"path":"","propertyPath":"/SALES_AREA_SPART","modelName":"NewYardModel"},"interaction":{"idSuffix":"inner"}},"clearTextFirst":true,"interactionType":"ENTER_TEXT"}]}
COMMAND: POST /session/9fc2c4eab269dcaa9f3181b4eee4b80d/execute/async - {"script":"<script> [1562 bytes]","args":[{"selector":{"controlType":"sap.m.Input","viewName":"etm.portal.ui.manageyards.view.New","viewId":"application-manageyards-display-component---NewYard","bindingPath":{"path":"","propertyPath":"/SHIP_POINT","modelName":"NewYardModel"},"interaction":{"idSuffix":"inner"}},"wdio_ui5_key":"etmportal.ui.manageyards.view.Newsap.m.Input{\"path\":\"\",\"propertyPath\":\"/SHIP_POINT\",\"modelName\":\"NewYardModel\"}"}]}
RESULT: {"script":"<script> [1562 bytes]","args":[{"selector":{"controlType":"sap.m.Input","viewName":"etm.portal.ui.manageyards.view.New","viewId":"application-manageyards-display-component---NewYard","bindingPath":{"path":"","propertyPath":"/SHIP_POINT","modelName":"NewYardModel"},"interaction":{"idSuffix":"inner"}},"wdio_ui5_key":"etmportal.ui.manageyards.view.Newsap.m.Input{\"path\":\"\",\"propertyPath\":\"/SHIP_POINT\",\"modelName\":\"NewYardModel\"}"}]}
RESULT: undefined
COMMAND: POST /session/9fc2c4eab269dcaa9f3181b4eee4b80d/execute/async - {"script":"<script> [776 bytes]","args":[{"enterText":"1710","selector":{"controlType":"sap.m.Input","viewName":"etm.portal.ui.manageyards.view.New","viewId":"application-manageyards-display-component---NewYard","bindingPath":{"path":"","propertyPath":"/SHIP_POINT","modelName":"NewYardModel"},"interaction":{"idSuffix":"inner"}},"clearTextFirst":true,"interactionType":"ENTER_TEXT"}]}
RESULT: {"script":"<script> [776 bytes]","args":[{"enterText":"1710","selector":{"controlType":"sap.m.Input","viewName":"etm.portal.ui.manageyards.view.New","viewId":"application-manageyards-display-component---NewYard","bindingPath":{"path":"","propertyPath":"/SHIP_POINT","modelName":"NewYardModel"},"interaction":{"idSuffix":"inner"}},"clearTextFirst":true,"interactionType":"ENTER_TEXT"}]}
COMMAND: POST /session/9fc2c4eab269dcaa9f3181b4eee4b80d/execute/async - {"script":"<script> [1562 bytes]","args":[{"selector":{"controlType":"sap.m.Input","viewName":"etm.portal.ui.manageyards.view.New","viewId":"application-manageyards-display-component---NewYard","bindingPath":{"path":"","propertyPath":"/DELIVERY_TYPE","modelName":"NewYardModel"},"interaction":{"idSuffix":"inner"}},"wdio_ui5_key":"etmportal.ui.manageyards.view.Newsap.m.Input{\"path\":\"\",\"propertyPath\":\"/DELIVERY_TYPE\",\"modelName\":\"NewYardModel\"}"}]}
RESULT: {"script":"<script> [1562 bytes]","args":[{"selector":{"controlType":"sap.m.Input","viewName":"etm.portal.ui.manageyards.view.New","viewId":"application-manageyards-display-component---NewYard","bindingPath":{"path":"","propertyPath":"/DELIVERY_TYPE","modelName":"NewYardModel"},"interaction":{"idSuffix":"inner"}},"wdio_ui5_key":"etmportal.ui.manageyards.view.Newsap.m.Input{\"path\":\"\",\"propertyPath\":\"/DELIVERY_TYPE\",\"modelName\":\"NewYardModel\"}"}]}
RESULT: undefined
COMMAND: POST /session/9fc2c4eab269dcaa9f3181b4eee4b80d/execute/async - {"script":"<script> [776 bytes]","args":[{"enterText":"ZL01","selector":{"controlType":"sap.m.Input","viewName":"etm.portal.ui.manageyards.view.New","viewId":"application-manageyards-display-component---NewYard","bindingPath":{"path":"","propertyPath":"/DELIVERY_TYPE","modelName":"NewYardModel"},"interaction":{"idSuffix":"inner"}},"clearTextFirst":true,"interactionType":"ENTER_TEXT"}]}
RESULT: {"script":"<script> [776 bytes]","args":[{"enterText":"ZL01","selector":{"controlType":"sap.m.Input","viewName":"etm.portal.ui.manageyards.view.New","viewId":"application-manageyards-display-component---NewYard","bindingPath":{"path":"","propertyPath":"/DELIVERY_TYPE","modelName":"NewYardModel"},"interaction":{"idSuffix":"inner"}},"clearTextFirst":true,"interactionType":"ENTER_TEXT"}]}
COMMAND: POST /session/9fc2c4eab269dcaa9f3181b4eee4b80d/execute/async - {"script":"<script> [1562 bytes]","args":[{"selector":{"controlType":"sap.m.Input","viewName":"etm.portal.ui.manageyards.view.New","viewId":"application-manageyards-display-component---NewYard","bindingPath":{"path":"","propertyPath":"/AUART","modelName":"NewYardModel"},"interaction":{"idSuffix":"inner"}},"wdio_ui5_key":"etmportal.ui.manageyards.view.Newsap.m.Input{\"path\":\"\",\"propertyPath\":\"/AUART\",\"modelName\":\"NewYardModel\"}"}]}
RESULT: {"script":"<script> [1562 bytes]","args":[{"selector":{"controlType":"sap.m.Input","viewName":"etm.portal.ui.manageyards.view.New","viewId":"application-manageyards-display-component---NewYard","bindingPath":{"path":"","propertyPath":"/AUART","modelName":"NewYardModel"},"interaction":{"idSuffix":"inner"}},"wdio_ui5_key":"etmportal.ui.manageyards.view.Newsap.m.Input{\"path\":\"\",\"propertyPath\":\"/AUART\",\"modelName\":\"NewYardModel\"}"}]}
RESULT: undefined
COMMAND: POST /session/9fc2c4eab269dcaa9f3181b4eee4b80d/execute/async - {"script":"<script> [776 bytes]","args":[{"enterText":"TA","selector":{"controlType":"sap.m.Input","viewName":"etm.portal.ui.manageyards.view.New","viewId":"application-manageyards-display-component---NewYard","bindingPath":{"path":"","propertyPath":"/AUART","modelName":"NewYardModel"},"interaction":{"idSuffix":"inner"}},"clearTextFirst":true,"interactionType":"ENTER_TEXT"}]}
RESULT: {"script":"<script> [776 bytes]","args":[{"enterText":"TA","selector":{"controlType":"sap.m.Input","viewName":"etm.portal.ui.manageyards.view.New","viewId":"application-manageyards-display-component---NewYard","bindingPath":{"path":"","propertyPath":"/AUART","modelName":"NewYardModel"},"interaction":{"idSuffix":"inner"}},"clearTextFirst":true,"interactionType":"ENTER_TEXT"}]}
COMMAND: POST /session/9fc2c4eab269dcaa9f3181b4eee4b80d/element - {"using":"xpath","value":"//button[@data-kt=\"newYardSaveButton\"]"}
RESULT: {"using":"xpath","value":"//button[@data-kt=\"newYardSaveButton\"]"}
COMMAND: POST /session/9fc2c4eab269dcaa9f3181b4eee4b80d/element/f.D38CE21AA85210DF62DAE0D69B7617EF.d.CB73A12FC33285B907BA62A9C98F24BF.e.3702/click - {}
RESULT: {}
COMMAND: GET /session/9fc2c4eab269dcaa9f3181b4eee4b80d/screenshot - {}
RESULT: {}
COMMAND: POST /session/9fc2c4eab269dcaa9f3181b4eee4b80d/element - {"using":"xpath","value":"//header[contains(@id, 'ObjectPageLayout-headerTitle')]/div[1]/div[2]/div[1]/span[1]"}
RESULT: {"using":"xpath","value":"//header[contains(@id, 'ObjectPageLayout-headerTitle')]/div[1]/div[2]/div[1]/span[1]"}
COMMAND: POST /session/9fc2c4eab269dcaa9f3181b4eee4b80d/elements - {"using":"xpath","value":"//header[contains(@id, 'ObjectPageLayout-headerTitle')]/div[1]/div[2]/div[1]/span[1]"}
RESULT: {"using":"xpath","value":"//header[contains(@id, 'ObjectPageLayout-headerTitle')]/div[1]/div[2]/div[1]/span[1]"}
COMMAND: POST /session/9fc2c4eab269dcaa9f3181b4eee4b80d/execute/sync - {"script":"<script> [56 bytes]","args":[{"element-6066-11e4-a52e-4f735466cecf":"f.D38CE21AA85210DF62DAE0D69B7617EF.d.CB73A12FC33285B907BA62A9C98F24BF.e.4014","ELEMENT":"f.D38CE21AA85210DF62DAE0D69B7617EF.d.CB73A12FC33285B907BA62A9C98F24BF.e.4014"}]}
RESULT: {"script":"<script> [56 bytes]","args":[{"element-6066-11e4-a52e-4f735466cecf":"f.D38CE21AA85210DF62DAE0D69B7617EF.d.CB73A12FC33285B907BA62A9C98F24BF.e.4014","ELEMENT":"f.D38CE21AA85210DF62DAE0D69B7617EF.d.CB73A12FC33285B907BA62A9C98F24BF.e.4014"}]}
COMMAND: GET /session/9fc2c4eab269dcaa9f3181b4eee4b80d/screenshot - {}
RESULT: {}
COMMAND: POST /session/9fc2c4eab269dcaa9f3181b4eee4b80d/element - {"using":"css selector","value":"#shell-header-logo"}
RESULT: {"using":"css selector","value":"#shell-header-logo"}
COMMAND: POST /session/9fc2c4eab269dcaa9f3181b4eee4b80d/element/f.D38CE21AA85210DF62DAE0D69B7617EF.d.CB73A12FC33285B907BA62A9C98F24BF.e.3261/click - {}
RESULT: {}
COMMAND: GET /session/9fc2c4eab269dcaa9f3181b4eee4b80d/screenshot - {}
RESULT: {}
COMMAND: POST /session/9fc2c4eab269dcaa9f3181b4eee4b80d/execute/sync - {"script":"<script> [299 bytes]","args":[["getModel","getResource"]]}
RESULT: {"script":"<script> [299 bytes]","args":[["getModel","getResource"]]}
]]></system-out>
    </testcase>
    <testcase classname="chrome.135_0_7049_96.windows.Billing_Transfer_-_Intracompany_US127249" name="Should create a new partner" time="108.827">
      <system-out><![CDATA[
COMMAND: POST /session/9fc2c4eab269dcaa9f3181b4eee4b80d/window/fullscreen - {}
COMMAND: GET /session/9fc2c4eab269dcaa9f3181b4eee4b80d/screenshot - {}
RESULT: {}
COMMAND: POST /session/9fc2c4eab269dcaa9f3181b4eee4b80d/execute/async - {"script":"<script> [1562 bytes]","args":[{"selector":{"controlType":"sap.m.GenericTile","properties":{"header":"Manage Partners"}},"wdio_ui5_key":"sapm.GenericTile{\"header\":\"Manage Partners\"}"}]}
RESULT: {}
RESULT: {"script":"<script> [1562 bytes]","args":[{"selector":{"controlType":"sap.m.GenericTile","properties":{"header":"Manage Partners"}},"wdio_ui5_key":"sapm.GenericTile{\"header\":\"Manage Partners\"}"}]}
RESULT: undefined
COMMAND: POST /session/9fc2c4eab269dcaa9f3181b4eee4b80d/element - {"using":"xpath","value":"//*[@id=\"__tile38\"]"}
RESULT: {"using":"xpath","value":"//*[@id=\"__tile38\"]"}
COMMAND: POST /session/9fc2c4eab269dcaa9f3181b4eee4b80d/element/f.D38CE21AA85210DF62DAE0D69B7617EF.d.CB73A12FC33285B907BA62A9C98F24BF.e.3157/click - {}
RESULT: {}
COMMAND: POST /session/9fc2c4eab269dcaa9f3181b4eee4b80d/element - {"using":"xpath","value":"//button[@data-kt=\"addButton\"]"}
COMMAND: GET /session/9fc2c4eab269dcaa9f3181b4eee4b80d/screenshot - {}
RESULT: {"using":"xpath","value":"//button[@data-kt=\"addButton\"]"}
COMMAND: POST /session/9fc2c4eab269dcaa9f3181b4eee4b80d/elements - {"using":"xpath","value":"//button[@data-kt=\"addButton\"]"}
RESULT: {}
RESULT: {"using":"xpath","value":"//button[@data-kt=\"addButton\"]"}
COMMAND: POST /session/9fc2c4eab269dcaa9f3181b4eee4b80d/elements - {"using":"xpath","value":"//button[@data-kt=\"addButton\"]"}
RESULT: {"using":"xpath","value":"//button[@data-kt=\"addButton\"]"}
COMMAND: POST /session/9fc2c4eab269dcaa9f3181b4eee4b80d/elements - {"using":"xpath","value":"//button[@data-kt=\"addButton\"]"}
RESULT: {"using":"xpath","value":"//button[@data-kt=\"addButton\"]"}
COMMAND: POST /session/9fc2c4eab269dcaa9f3181b4eee4b80d/elements - {"using":"xpath","value":"//button[@data-kt=\"addButton\"]"}
RESULT: {"using":"xpath","value":"//button[@data-kt=\"addButton\"]"}
COMMAND: POST /session/9fc2c4eab269dcaa9f3181b4eee4b80d/elements - {"using":"xpath","value":"//button[@data-kt=\"addButton\"]"}
RESULT: {"using":"xpath","value":"//button[@data-kt=\"addButton\"]"}
COMMAND: POST /session/9fc2c4eab269dcaa9f3181b4eee4b80d/elements - {"using":"xpath","value":"//button[@data-kt=\"addButton\"]"}
RESULT: {"using":"xpath","value":"//button[@data-kt=\"addButton\"]"}
COMMAND: POST /session/9fc2c4eab269dcaa9f3181b4eee4b80d/elements - {"using":"xpath","value":"//button[@data-kt=\"addButton\"]"}
RESULT: {"using":"xpath","value":"//button[@data-kt=\"addButton\"]"}
COMMAND: POST /session/9fc2c4eab269dcaa9f3181b4eee4b80d/elements - {"using":"xpath","value":"//button[@data-kt=\"addButton\"]"}
RESULT: {"using":"xpath","value":"//button[@data-kt=\"addButton\"]"}
COMMAND: POST /session/9fc2c4eab269dcaa9f3181b4eee4b80d/elements - {"using":"xpath","value":"//button[@data-kt=\"addButton\"]"}
RESULT: {"using":"xpath","value":"//button[@data-kt=\"addButton\"]"}
COMMAND: POST /session/9fc2c4eab269dcaa9f3181b4eee4b80d/elements - {"using":"xpath","value":"//button[@data-kt=\"addButton\"]"}
RESULT: {"using":"xpath","value":"//button[@data-kt=\"addButton\"]"}
COMMAND: POST /session/9fc2c4eab269dcaa9f3181b4eee4b80d/elements - {"using":"xpath","value":"//button[@data-kt=\"addButton\"]"}
RESULT: {"using":"xpath","value":"//button[@data-kt=\"addButton\"]"}
COMMAND: POST /session/9fc2c4eab269dcaa9f3181b4eee4b80d/elements - {"using":"xpath","value":"//button[@data-kt=\"addButton\"]"}
RESULT: {"using":"xpath","value":"//button[@data-kt=\"addButton\"]"}
COMMAND: POST /session/9fc2c4eab269dcaa9f3181b4eee4b80d/elements - {"using":"xpath","value":"//button[@data-kt=\"addButton\"]"}
RESULT: {"using":"xpath","value":"//button[@data-kt=\"addButton\"]"}
COMMAND: POST /session/9fc2c4eab269dcaa9f3181b4eee4b80d/elements - {"using":"xpath","value":"//button[@data-kt=\"addButton\"]"}
RESULT: {"using":"xpath","value":"//button[@data-kt=\"addButton\"]"}
COMMAND: POST /session/9fc2c4eab269dcaa9f3181b4eee4b80d/elements - {"using":"xpath","value":"//button[@data-kt=\"addButton\"]"}
RESULT: {"using":"xpath","value":"//button[@data-kt=\"addButton\"]"}
COMMAND: POST /session/9fc2c4eab269dcaa9f3181b4eee4b80d/elements - {"using":"xpath","value":"//button[@data-kt=\"addButton\"]"}
RESULT: {"using":"xpath","value":"//button[@data-kt=\"addButton\"]"}
COMMAND: POST /session/9fc2c4eab269dcaa9f3181b4eee4b80d/elements - {"using":"xpath","value":"//button[@data-kt=\"addButton\"]"}
RESULT: {"using":"xpath","value":"//button[@data-kt=\"addButton\"]"}
COMMAND: POST /session/9fc2c4eab269dcaa9f3181b4eee4b80d/element - {"using":"xpath","value":"//button[@data-kt=\"addButton\"]"}
RESULT: {"using":"xpath","value":"//button[@data-kt=\"addButton\"]"}
COMMAND: POST /session/9fc2c4eab269dcaa9f3181b4eee4b80d/execute/sync - {"script":"<script> [8489 bytes]","args":[{"element-6066-11e4-a52e-4f735466cecf":"f.D38CE21AA85210DF62DAE0D69B7617EF.d.CB73A12FC33285B907BA62A9C98F24BF.e.4051","ELEMENT":"f.D38CE21AA85210DF62DAE0D69B7617EF.d.CB73A12FC33285B907BA62A9C98F24BF.e.4051"}]}
RESULT: {"script":"<script> [8489 bytes]","args":[{"element-6066-11e4-a52e-4f735466cecf":"f.D38CE21AA85210DF62DAE0D69B7617EF.d.CB73A12FC33285B907BA62A9C98F24BF.e.4051","ELEMENT":"f.D38CE21AA85210DF62DAE0D69B7617EF.d.CB73A12FC33285B907BA62A9C98F24BF.e.4051"}]}
COMMAND: GET /session/9fc2c4eab269dcaa9f3181b4eee4b80d/element/f.D38CE21AA85210DF62DAE0D69B7617EF.d.CB73A12FC33285B907BA62A9C98F24BF.e.4051/enabled - {}
COMMAND: GET /session/9fc2c4eab269dcaa9f3181b4eee4b80d/screenshot - {}
RESULT: {}
COMMAND: POST /session/9fc2c4eab269dcaa9f3181b4eee4b80d/execute/sync - {"script":"<script> [8489 bytes]","args":[{"element-6066-11e4-a52e-4f735466cecf":"f.D38CE21AA85210DF62DAE0D69B7617EF.d.CB73A12FC33285B907BA62A9C98F24BF.e.4051","ELEMENT":"f.D38CE21AA85210DF62DAE0D69B7617EF.d.CB73A12FC33285B907BA62A9C98F24BF.e.4051"}]}
COMMAND: GET /session/9fc2c4eab269dcaa9f3181b4eee4b80d/screenshot - {}
RESULT: {}
RESULT: {}
RESULT: {"script":"<script> [8489 bytes]","args":[{"element-6066-11e4-a52e-4f735466cecf":"f.D38CE21AA85210DF62DAE0D69B7617EF.d.CB73A12FC33285B907BA62A9C98F24BF.e.4051","ELEMENT":"f.D38CE21AA85210DF62DAE0D69B7617EF.d.CB73A12FC33285B907BA62A9C98F24BF.e.4051"}]}
COMMAND: POST /session/9fc2c4eab269dcaa9f3181b4eee4b80d/execute/sync - {"script":"<script> [5351 bytes]","args":[{"element-6066-11e4-a52e-4f735466cecf":"f.D38CE21AA85210DF62DAE0D69B7617EF.d.CB73A12FC33285B907BA62A9C98F24BF.e.4051","ELEMENT":"f.D38CE21AA85210DF62DAE0D69B7617EF.d.CB73A12FC33285B907BA62A9C98F24BF.e.4051"}]}
COMMAND: GET /session/9fc2c4eab269dcaa9f3181b4eee4b80d/screenshot - {}
RESULT: {"script":"<script> [5351 bytes]","args":[{"element-6066-11e4-a52e-4f735466cecf":"f.D38CE21AA85210DF62DAE0D69B7617EF.d.CB73A12FC33285B907BA62A9C98F24BF.e.4051","ELEMENT":"f.D38CE21AA85210DF62DAE0D69B7617EF.d.CB73A12FC33285B907BA62A9C98F24BF.e.4051"}]}
COMMAND: POST /session/9fc2c4eab269dcaa9f3181b4eee4b80d/element/f.D38CE21AA85210DF62DAE0D69B7617EF.d.CB73A12FC33285B907BA62A9C98F24BF.e.4051/click - {}
COMMAND: GET /session/9fc2c4eab269dcaa9f3181b4eee4b80d/screenshot - {}
RESULT: {}
RESULT: {}
COMMAND: GET /session/9fc2c4eab269dcaa9f3181b4eee4b80d/screenshot - {}
COMMAND: POST /session/9fc2c4eab269dcaa9f3181b4eee4b80d/execute/async - {"script":"<script> [1562 bytes]","args":[{"selector":{"id":"application-managepartners-display-component---NewPartner--addressDetailDetailsName1","interaction":{"idSuffix":"inner"}},"wdio_ui5_key":"applicationmanagepartners-display-component---NewPartner--addressDetailDetailsName1"}]}
RESULT: {}
RESULT: {}
RESULT: {"script":"<script> [1562 bytes]","args":[{"selector":{"id":"application-managepartners-display-component---NewPartner--addressDetailDetailsName1","interaction":{"idSuffix":"inner"}},"wdio_ui5_key":"applicationmanagepartners-display-component---NewPartner--addressDetailDetailsName1"}]}
RESULT: undefined
COMMAND: POST /session/9fc2c4eab269dcaa9f3181b4eee4b80d/execute/async - {"script":"<script> [776 bytes]","args":[{"enterText":"Intracompany Partner WDIO","selector":{"id":"application-managepartners-display-component---NewPartner--addressDetailDetailsName1","interaction":{"idSuffix":"inner"}},"clearTextFirst":true,"interactionType":"ENTER_TEXT"}]}
RESULT: {"script":"<script> [776 bytes]","args":[{"enterText":"Intracompany Partner WDIO","selector":{"id":"application-managepartners-display-component---NewPartner--addressDetailDetailsName1","interaction":{"idSuffix":"inner"}},"clearTextFirst":true,"interactionType":"ENTER_TEXT"}]}
COMMAND: POST /session/9fc2c4eab269dcaa9f3181b4eee4b80d/execute/async - {"script":"<script> [1562 bytes]","args":[{"selector":{"id":"application-managepartners-display-component---NewPartner--addressDetailDetailsLanguage-arrow"},"wdio_ui5_key":"applicationmanagepartners-display-component---NewPartner--addressDetailDetailsLanguage-arrow"}]}
RESULT: {"script":"<script> [1562 bytes]","args":[{"selector":{"id":"application-managepartners-display-component---NewPartner--addressDetailDetailsLanguage-arrow"},"wdio_ui5_key":"applicationmanagepartners-display-component---NewPartner--addressDetailDetailsLanguage-arrow"}]}
RESULT: undefined
COMMAND: POST /session/9fc2c4eab269dcaa9f3181b4eee4b80d/element - {"using":"xpath","value":"//*[@id=\"application-managepartners-display-component---NewPartner--addressDetailDetailsLanguage-arrow\"]"}
RESULT: {"using":"xpath","value":"//*[@id=\"application-managepartners-display-component---NewPartner--addressDetailDetailsLanguage-arrow\"]"}
COMMAND: POST /session/9fc2c4eab269dcaa9f3181b4eee4b80d/element/f.D38CE21AA85210DF62DAE0D69B7617EF.d.CB73A12FC33285B907BA62A9C98F24BF.e.4470/click - {}
RESULT: {}
COMMAND: POST /session/9fc2c4eab269dcaa9f3181b4eee4b80d/element - {"using":"xpath","value":"//span[contains(text(), \"English\")]"}
COMMAND: GET /session/9fc2c4eab269dcaa9f3181b4eee4b80d/screenshot - {}
RESULT: {"using":"xpath","value":"//span[contains(text(), \"English\")]"}
COMMAND: POST /session/9fc2c4eab269dcaa9f3181b4eee4b80d/element/f.D38CE21AA85210DF62DAE0D69B7617EF.d.CB73A12FC33285B907BA62A9C98F24BF.e.4471/click - {}
RESULT: {}
RESULT: {}
COMMAND: GET /session/9fc2c4eab269dcaa9f3181b4eee4b80d/screenshot - {}
RESULT: {}
COMMAND: POST /session/9fc2c4eab269dcaa9f3181b4eee4b80d/execute/async - {"script":"<script> [1562 bytes]","args":[{"selector":{"id":"application-managepartners-display-component---NewPartner--addressDetailDetailsCity1","interaction":{"idSuffix":"inner"}},"wdio_ui5_key":"applicationmanagepartners-display-component---NewPartner--addressDetailDetailsCity1"}]}
RESULT: {"script":"<script> [1562 bytes]","args":[{"selector":{"id":"application-managepartners-display-component---NewPartner--addressDetailDetailsCity1","interaction":{"idSuffix":"inner"}},"wdio_ui5_key":"applicationmanagepartners-display-component---NewPartner--addressDetailDetailsCity1"}]}
RESULT: undefined
COMMAND: POST /session/9fc2c4eab269dcaa9f3181b4eee4b80d/execute/async - {"script":"<script> [776 bytes]","args":[{"enterText":"Rosario","selector":{"id":"application-managepartners-display-component---NewPartner--addressDetailDetailsCity1","interaction":{"idSuffix":"inner"}},"clearTextFirst":true,"interactionType":"ENTER_TEXT"}]}
RESULT: {"script":"<script> [776 bytes]","args":[{"enterText":"Rosario","selector":{"id":"application-managepartners-display-component---NewPartner--addressDetailDetailsCity1","interaction":{"idSuffix":"inner"}},"clearTextFirst":true,"interactionType":"ENTER_TEXT"}]}
COMMAND: POST /session/9fc2c4eab269dcaa9f3181b4eee4b80d/execute/async - {"script":"<script> [1562 bytes]","args":[{"selector":{"id":"application-managepartners-display-component---NewPartner--addressDetailDetailsCountry-arrow"},"wdio_ui5_key":"applicationmanagepartners-display-component---NewPartner--addressDetailDetailsCountry-arrow"}]}
RESULT: {"script":"<script> [1562 bytes]","args":[{"selector":{"id":"application-managepartners-display-component---NewPartner--addressDetailDetailsCountry-arrow"},"wdio_ui5_key":"applicationmanagepartners-display-component---NewPartner--addressDetailDetailsCountry-arrow"}]}
RESULT: undefined
COMMAND: POST /session/9fc2c4eab269dcaa9f3181b4eee4b80d/element - {"using":"xpath","value":"//*[@id=\"application-managepartners-display-component---NewPartner--addressDetailDetailsCountry-arrow\"]"}
RESULT: {"using":"xpath","value":"//*[@id=\"application-managepartners-display-component---NewPartner--addressDetailDetailsCountry-arrow\"]"}
COMMAND: POST /session/9fc2c4eab269dcaa9f3181b4eee4b80d/element/f.D38CE21AA85210DF62DAE0D69B7617EF.d.CB73A12FC33285B907BA62A9C98F24BF.e.4450/click - {}
RESULT: {}
COMMAND: POST /session/9fc2c4eab269dcaa9f3181b4eee4b80d/element - {"using":"xpath","value":"//span[contains(text(), \"Argentina\")]"}
COMMAND: GET /session/9fc2c4eab269dcaa9f3181b4eee4b80d/screenshot - {}
RESULT: {"using":"xpath","value":"//span[contains(text(), \"Argentina\")]"}
COMMAND: POST /session/9fc2c4eab269dcaa9f3181b4eee4b80d/element/f.D38CE21AA85210DF62DAE0D69B7617EF.d.CB73A12FC33285B907BA62A9C98F24BF.e.4473/click - {}
RESULT: {}
RESULT: {}
COMMAND: GET /session/9fc2c4eab269dcaa9f3181b4eee4b80d/screenshot - {}
RESULT: {}
COMMAND: POST /session/9fc2c4eab269dcaa9f3181b4eee4b80d/element - {"using":"xpath","value":"//bdi[contains(text(), \"Commercial\")]"}
RESULT: {"using":"xpath","value":"//bdi[contains(text(), \"Commercial\")]"}
COMMAND: POST /session/9fc2c4eab269dcaa9f3181b4eee4b80d/element/f.D38CE21AA85210DF62DAE0D69B7617EF.d.CB73A12FC33285B907BA62A9C98F24BF.e.4474/click - {}
RESULT: {}
COMMAND: GET /session/9fc2c4eab269dcaa9f3181b4eee4b80d/screenshot - {}
RESULT: {}
COMMAND: POST /session/9fc2c4eab269dcaa9f3181b4eee4b80d/execute/async - {"script":"<script> [1562 bytes]","args":[{"selector":{"id":"application-managepartners-display-component---NewPartner--partnerDetailInternal-arrow"},"wdio_ui5_key":"applicationmanagepartners-display-component---NewPartner--partnerDetailInternal-arrow"}]}
RESULT: {"script":"<script> [1562 bytes]","args":[{"selector":{"id":"application-managepartners-display-component---NewPartner--partnerDetailInternal-arrow"},"wdio_ui5_key":"applicationmanagepartners-display-component---NewPartner--partnerDetailInternal-arrow"}]}
RESULT: undefined
COMMAND: POST /session/9fc2c4eab269dcaa9f3181b4eee4b80d/element - {"using":"xpath","value":"//*[@id=\"application-managepartners-display-component---NewPartner--partnerDetailInternal-arrow\"]"}
RESULT: {"using":"xpath","value":"//*[@id=\"application-managepartners-display-component---NewPartner--partnerDetailInternal-arrow\"]"}
COMMAND: POST /session/9fc2c4eab269dcaa9f3181b4eee4b80d/element/f.D38CE21AA85210DF62DAE0D69B7617EF.d.CB73A12FC33285B907BA62A9C98F24BF.e.4479/click - {}
RESULT: {}
COMMAND: POST /session/9fc2c4eab269dcaa9f3181b4eee4b80d/element - {"using":"xpath","value":"//span[contains(text(), \"Affiliated company\")]"}
COMMAND: GET /session/9fc2c4eab269dcaa9f3181b4eee4b80d/screenshot - {}
RESULT: {"using":"xpath","value":"//span[contains(text(), \"Affiliated company\")]"}
COMMAND: POST /session/9fc2c4eab269dcaa9f3181b4eee4b80d/element/f.D38CE21AA85210DF62DAE0D69B7617EF.d.CB73A12FC33285B907BA62A9C98F24BF.e.4482/click - {}
RESULT: {}
RESULT: {}
COMMAND: POST /session/9fc2c4eab269dcaa9f3181b4eee4b80d/execute/async - {"script":"<script> [1562 bytes]","args":[{"selector":{"id":"application-managepartners-display-component---NewPartner--partnerDetailsCurrency-arrow"},"wdio_ui5_key":"applicationmanagepartners-display-component---NewPartner--partnerDetailsCurrency-arrow"}]}
COMMAND: GET /session/9fc2c4eab269dcaa9f3181b4eee4b80d/screenshot - {}
RESULT: {"script":"<script> [1562 bytes]","args":[{"selector":{"id":"application-managepartners-display-component---NewPartner--partnerDetailsCurrency-arrow"},"wdio_ui5_key":"applicationmanagepartners-display-component---NewPartner--partnerDetailsCurrency-arrow"}]}
RESULT: undefined
COMMAND: POST /session/9fc2c4eab269dcaa9f3181b4eee4b80d/element - {"using":"xpath","value":"//*[@id=\"application-managepartners-display-component---NewPartner--partnerDetailsCurrency-arrow\"]"}
RESULT: {}
RESULT: {"using":"xpath","value":"//*[@id=\"application-managepartners-display-component---NewPartner--partnerDetailsCurrency-arrow\"]"}
COMMAND: POST /session/9fc2c4eab269dcaa9f3181b4eee4b80d/element/f.D38CE21AA85210DF62DAE0D69B7617EF.d.CB73A12FC33285B907BA62A9C98F24BF.e.4489/click - {}
RESULT: {}
COMMAND: POST /session/9fc2c4eab269dcaa9f3181b4eee4b80d/element - {"using":"xpath","value":"//span[contains(text(), \"Euro\")]"}
COMMAND: GET /session/9fc2c4eab269dcaa9f3181b4eee4b80d/screenshot - {}
RESULT: {"using":"xpath","value":"//span[contains(text(), \"Euro\")]"}
COMMAND: POST /session/9fc2c4eab269dcaa9f3181b4eee4b80d/element/f.D38CE21AA85210DF62DAE0D69B7617EF.d.CB73A12FC33285B907BA62A9C98F24BF.e.4490/click - {}
RESULT: {}
RESULT: {}
COMMAND: POST /session/9fc2c4eab269dcaa9f3181b4eee4b80d/execute/async - {"script":"<script> [1562 bytes]","args":[{"selector":{"id":"application-managepartners-display-component---NewPartner--addressEditDetailsCostObjectCstType-arrow"},"wdio_ui5_key":"applicationmanagepartners-display-component---NewPartner--addressEditDetailsCostObjectCstType-arrow"}]}
COMMAND: GET /session/9fc2c4eab269dcaa9f3181b4eee4b80d/screenshot - {}
RESULT: {"script":"<script> [1562 bytes]","args":[{"selector":{"id":"application-managepartners-display-component---NewPartner--addressEditDetailsCostObjectCstType-arrow"},"wdio_ui5_key":"applicationmanagepartners-display-component---NewPartner--addressEditDetailsCostObjectCstType-arrow"}]}
RESULT: undefined
COMMAND: POST /session/9fc2c4eab269dcaa9f3181b4eee4b80d/element - {"using":"xpath","value":"//*[@id=\"application-managepartners-display-component---NewPartner--addressEditDetailsCostObjectCstType-arrow\"]"}
RESULT: {}
RESULT: {"using":"xpath","value":"//*[@id=\"application-managepartners-display-component---NewPartner--addressEditDetailsCostObjectCstType-arrow\"]"}
COMMAND: POST /session/9fc2c4eab269dcaa9f3181b4eee4b80d/element/f.D38CE21AA85210DF62DAE0D69B7617EF.d.CB73A12FC33285B907BA62A9C98F24BF.e.4491/click - {}
RESULT: {}
COMMAND: POST /session/9fc2c4eab269dcaa9f3181b4eee4b80d/element - {"using":"xpath","value":"//span[contains(text(), \"Cost Center\")]"}
COMMAND: GET /session/9fc2c4eab269dcaa9f3181b4eee4b80d/screenshot - {}
RESULT: {"using":"xpath","value":"//span[contains(text(), \"Cost Center\")]"}
COMMAND: POST /session/9fc2c4eab269dcaa9f3181b4eee4b80d/element/f.D38CE21AA85210DF62DAE0D69B7617EF.d.CB73A12FC33285B907BA62A9C98F24BF.e.4492/click - {}
RESULT: {}
RESULT: {}
COMMAND: GET /session/9fc2c4eab269dcaa9f3181b4eee4b80d/screenshot - {}
RESULT: {}
COMMAND: POST /session/9fc2c4eab269dcaa9f3181b4eee4b80d/element - {"using":"xpath","value":"//span[@id=\"application-managepartners-display-component---NewPartner--addressNewCostObjectCstID-vhi\"]"}
RESULT: {"using":"xpath","value":"//span[@id=\"application-managepartners-display-component---NewPartner--addressNewCostObjectCstID-vhi\"]"}
COMMAND: POST /session/9fc2c4eab269dcaa9f3181b4eee4b80d/execute/sync - {"script":"<script> [8489 bytes]","args":[{"element-6066-11e4-a52e-4f735466cecf":"f.D38CE21AA85210DF62DAE0D69B7617EF.d.CB73A12FC33285B907BA62A9C98F24BF.e.4496","ELEMENT":"f.D38CE21AA85210DF62DAE0D69B7617EF.d.CB73A12FC33285B907BA62A9C98F24BF.e.4496"}]}
RESULT: {"script":"<script> [8489 bytes]","args":[{"element-6066-11e4-a52e-4f735466cecf":"f.D38CE21AA85210DF62DAE0D69B7617EF.d.CB73A12FC33285B907BA62A9C98F24BF.e.4496","ELEMENT":"f.D38CE21AA85210DF62DAE0D69B7617EF.d.CB73A12FC33285B907BA62A9C98F24BF.e.4496"}]}
COMMAND: POST /session/9fc2c4eab269dcaa9f3181b4eee4b80d/execute/async - {"script":"<script> [1562 bytes]","args":[{"selector":{"id":"application-managepartners-display-component---NewPartner--addressNewCostObjectCstID-vhi"},"wdio_ui5_key":"applicationmanagepartners-display-component---NewPartner--addressNewCostObjectCstID-vhi"}]}
COMMAND: GET /session/9fc2c4eab269dcaa9f3181b4eee4b80d/screenshot - {}
RESULT: {"script":"<script> [1562 bytes]","args":[{"selector":{"id":"application-managepartners-display-component---NewPartner--addressNewCostObjectCstID-vhi"},"wdio_ui5_key":"applicationmanagepartners-display-component---NewPartner--addressNewCostObjectCstID-vhi"}]}
RESULT: undefined
COMMAND: POST /session/9fc2c4eab269dcaa9f3181b4eee4b80d/element - {"using":"xpath","value":"//*[@id=\"application-managepartners-display-component---NewPartner--addressNewCostObjectCstID-vhi\"]"}
RESULT: {}
RESULT: {"using":"xpath","value":"//*[@id=\"application-managepartners-display-component---NewPartner--addressNewCostObjectCstID-vhi\"]"}
COMMAND: POST /session/9fc2c4eab269dcaa9f3181b4eee4b80d/element/f.D38CE21AA85210DF62DAE0D69B7617EF.d.CB73A12FC33285B907BA62A9C98F24BF.e.4496/click - {}
RESULT: {}
COMMAND: GET /session/9fc2c4eab269dcaa9f3181b4eee4b80d/screenshot - {}
RESULT: {}
RESULT: undefined
COMMAND: POST /session/9fc2c4eab269dcaa9f3181b4eee4b80d/execute/async - {"script":"<script> [776 bytes]","args":[{"enterText":"10001013","selector":{"controlType":"sap.m.SearchField","properties":{"placeholder":"Search"},"searchOpenDialogs":true,"interaction":{"idSuffix":"I"}},"clearTextFirst":true,"interactionType":"ENTER_TEXT"}]}
RESULT: {"script":"<script> [776 bytes]","args":[{"enterText":"10001013","selector":{"controlType":"sap.m.SearchField","properties":{"placeholder":"Search"},"searchOpenDialogs":true,"interaction":{"idSuffix":"I"}},"clearTextFirst":true,"interactionType":"ENTER_TEXT"}]}
COMMAND: POST /session/9fc2c4eab269dcaa9f3181b4eee4b80d/actions - {"actions":[{"id":"action12","type":"key","parameters":{},"actions":[{"type":"keyDown","value":"î€‡"},{"type":"pause","duration":10},{"type":"keyUp","value":"î€‡"}]}]}
RESULT: {"actions":[{"id":"action12","type":"key","parameters":{},"actions":[{"type":"keyDown","value":"î€‡"},{"type":"pause","duration":10},{"type":"keyUp","value":"î€‡"}]}]}
COMMAND: GET /session/9fc2c4eab269dcaa9f3181b4eee4b80d/screenshot - {}
RESULT: {}
COMMAND: POST /session/9fc2c4eab269dcaa9f3181b4eee4b80d/element - {"using":"xpath","value":"//span[contains(text(), \"General Management\")]"}
RESULT: {"using":"xpath","value":"//span[contains(text(), \"General Management\")]"}
COMMAND: POST /session/9fc2c4eab269dcaa9f3181b4eee4b80d/element/f.D38CE21AA85210DF62DAE0D69B7617EF.d.CB73A12FC33285B907BA62A9C98F24BF.e.4534/click - {}
RESULT: {}
COMMAND: GET /session/9fc2c4eab269dcaa9f3181b4eee4b80d/screenshot - {}
RESULT: {}
COMMAND: POST /session/9fc2c4eab269dcaa9f3181b4eee4b80d/element - {"using":"xpath","value":"//bdi[contains(text(), \"OK\")]"}
RESULT: {"using":"xpath","value":"//bdi[contains(text(), \"OK\")]"}
COMMAND: POST /session/9fc2c4eab269dcaa9f3181b4eee4b80d/element/f.D38CE21AA85210DF62DAE0D69B7617EF.d.CB73A12FC33285B907BA62A9C98F24BF.e.4535/click - {}
RESULT: {}
COMMAND: GET /session/9fc2c4eab269dcaa9f3181b4eee4b80d/screenshot - {}
RESULT: {}
COMMAND: POST /session/9fc2c4eab269dcaa9f3181b4eee4b80d/element - {"using":"xpath","value":"//input[@id=\"application-managepartners-display-component---NewPartner--companyCodeComboBox-inner\"]"}
RESULT: {"using":"xpath","value":"//input[@id=\"application-managepartners-display-component---NewPartner--companyCodeComboBox-inner\"]"}
COMMAND: POST /session/9fc2c4eab269dcaa9f3181b4eee4b80d/element/f.D38CE21AA85210DF62DAE0D69B7617EF.d.CB73A12FC33285B907BA62A9C98F24BF.e.4416/clear - {}
RESULT: {}
COMMAND: POST /session/9fc2c4eab269dcaa9f3181b4eee4b80d/element/f.D38CE21AA85210DF62DAE0D69B7617EF.d.CB73A12FC33285B907BA62A9C98F24BF.e.4416/value - {"text":"1000"}
COMMAND: GET /session/9fc2c4eab269dcaa9f3181b4eee4b80d/screenshot - {}
RESULT: {"text":"1000"}
COMMAND: GET /session/9fc2c4eab269dcaa9f3181b4eee4b80d/screenshot - {}
RESULT: {}
RESULT: {}
COMMAND: POST /session/9fc2c4eab269dcaa9f3181b4eee4b80d/element - {"using":"xpath","value":"//span[contains(text(), \"1000\")]"}
RESULT: {"using":"xpath","value":"//span[contains(text(), \"1000\")]"}
COMMAND: POST /session/9fc2c4eab269dcaa9f3181b4eee4b80d/element/f.D38CE21AA85210DF62DAE0D69B7617EF.d.CB73A12FC33285B907BA62A9C98F24BF.e.4541/click - {}
RESULT: {}
COMMAND: GET /session/9fc2c4eab269dcaa9f3181b4eee4b80d/screenshot - {}
RESULT: {}
COMMAND: POST /session/9fc2c4eab269dcaa9f3181b4eee4b80d/execute/async - {"script":"<script> [1562 bytes]","args":[{"selector":{"id":"application-managepartners-display-component---NewPartner--btnAddTableRow-img"},"wdio_ui5_key":"applicationmanagepartners-display-component---NewPartner--btnAddTableRow-img"}]}
RESULT: {"script":"<script> [1562 bytes]","args":[{"selector":{"id":"application-managepartners-display-component---NewPartner--btnAddTableRow-img"},"wdio_ui5_key":"applicationmanagepartners-display-component---NewPartner--btnAddTableRow-img"}]}
RESULT: undefined
COMMAND: POST /session/9fc2c4eab269dcaa9f3181b4eee4b80d/element - {"using":"xpath","value":"//*[@id=\"application-managepartners-display-component---NewPartner--btnAddTableRow-img\"]"}
RESULT: {"using":"xpath","value":"//*[@id=\"application-managepartners-display-component---NewPartner--btnAddTableRow-img\"]"}
COMMAND: POST /session/9fc2c4eab269dcaa9f3181b4eee4b80d/element/f.D38CE21AA85210DF62DAE0D69B7617EF.d.CB73A12FC33285B907BA62A9C98F24BF.e.4542/click - {}
RESULT: {}
COMMAND: GET /session/9fc2c4eab269dcaa9f3181b4eee4b80d/screenshot - {}
RESULT: {}
COMMAND: POST /session/9fc2c4eab269dcaa9f3181b4eee4b80d/element - {"using":"xpath","value":"//input[@id=\"application-managepartners-display-component---NewPartner--assignmentYard-application-managepartners-display-component---NewPartner--assignmentsTable-0-inner\"]"}
RESULT: {"using":"xpath","value":"//input[@id=\"application-managepartners-display-component---NewPartner--assignmentYard-application-managepartners-display-component---NewPartner--assignmentsTable-0-inner\"]"}
COMMAND: POST /session/9fc2c4eab269dcaa9f3181b4eee4b80d/element/f.D38CE21AA85210DF62DAE0D69B7617EF.d.CB73A12FC33285B907BA62A9C98F24BF.e.4545/clear - {}
RESULT: {}
COMMAND: POST /session/9fc2c4eab269dcaa9f3181b4eee4b80d/element/f.D38CE21AA85210DF62DAE0D69B7617EF.d.CB73A12FC33285B907BA62A9C98F24BF.e.4545/value - {"text":"240"}
COMMAND: GET /session/9fc2c4eab269dcaa9f3181b4eee4b80d/screenshot - {}
RESULT: {"text":"240"}
COMMAND: GET /session/9fc2c4eab269dcaa9f3181b4eee4b80d/screenshot - {}
RESULT: {}
RESULT: {}
COMMAND: POST /session/9fc2c4eab269dcaa9f3181b4eee4b80d/element - {"using":"xpath","value":"//li[.//span[text()='240']]"}
RESULT: {"using":"xpath","value":"//li[.//span[text()='240']]"}
COMMAND: POST /session/9fc2c4eab269dcaa9f3181b4eee4b80d/element/f.D38CE21AA85210DF62DAE0D69B7617EF.d.CB73A12FC33285B907BA62A9C98F24BF.e.4554/click - {}
RESULT: {}
COMMAND: GET /session/9fc2c4eab269dcaa9f3181b4eee4b80d/screenshot - {}
RESULT: {}
COMMAND: POST /session/9fc2c4eab269dcaa9f3181b4eee4b80d/actions - {"actions":[{"id":"action13","type":"key","parameters":{},"actions":[{"type":"keyDown","value":"î€‡"},{"type":"pause","duration":10},{"type":"keyUp","value":"î€‡"}]}]}
RESULT: {"actions":[{"id":"action13","type":"key","parameters":{},"actions":[{"type":"keyDown","value":"î€‡"},{"type":"pause","duration":10},{"type":"keyUp","value":"î€‡"}]}]}
COMMAND: POST /session/9fc2c4eab269dcaa9f3181b4eee4b80d/execute/async - {"script":"<script> [1562 bytes]","args":[{"selector":{"id":"application-managepartners-display-component---NewPartner--externalCustomerComboBox-application-managepartners-display-component---NewPartner--assignmentsTable-0-vhi"},"wdio_ui5_key":"applicationmanagepartners-display-component---NewPartner--externalCustomerComboBox-application-managepartners-display-component---NewPartner--assignmentsTable-0-vhi"}]}
COMMAND: GET /session/9fc2c4eab269dcaa9f3181b4eee4b80d/screenshot - {}
RESULT: {"script":"<script> [1562 bytes]","args":[{"selector":{"id":"application-managepartners-display-component---NewPartner--externalCustomerComboBox-application-managepartners-display-component---NewPartner--assignmentsTable-0-vhi"},"wdio_ui5_key":"applicationmanagepartners-display-component---NewPartner--externalCustomerComboBox-application-managepartners-display-component---NewPartner--assignmentsTable-0-vhi"}]}
RESULT: undefined
COMMAND: POST /session/9fc2c4eab269dcaa9f3181b4eee4b80d/element - {"using":"xpath","value":"//*[@id=\"application-managepartners-display-component---NewPartner--externalCustomerComboBox-application-managepartners-display-component---NewPartner--assignmentsTable-0-vhi\"]"}
RESULT: {}
RESULT: {"using":"xpath","value":"//*[@id=\"application-managepartners-display-component---NewPartner--externalCustomerComboBox-application-managepartners-display-component---NewPartner--assignmentsTable-0-vhi\"]"}
COMMAND: POST /session/9fc2c4eab269dcaa9f3181b4eee4b80d/element/f.D38CE21AA85210DF62DAE0D69B7617EF.d.CB73A12FC33285B907BA62A9C98F24BF.e.4558/click - {}
RESULT: {}
RESULT: undefined
COMMAND: POST /session/9fc2c4eab269dcaa9f3181b4eee4b80d/execute/async - {"script":"<script> [776 bytes]","args":[{"enterText":"300003","selector":{"controlType":"sap.m.SearchField","properties":{"placeholder":"Search"},"searchOpenDialogs":true,"interaction":{"idSuffix":"I"}},"clearTextFirst":true,"interactionType":"ENTER_TEXT"}]}
COMMAND: GET /session/9fc2c4eab269dcaa9f3181b4eee4b80d/screenshot - {}
RESULT: {"script":"<script> [776 bytes]","args":[{"enterText":"300003","selector":{"controlType":"sap.m.SearchField","properties":{"placeholder":"Search"},"searchOpenDialogs":true,"interaction":{"idSuffix":"I"}},"clearTextFirst":true,"interactionType":"ENTER_TEXT"}]}
COMMAND: POST /session/9fc2c4eab269dcaa9f3181b4eee4b80d/actions - {"actions":[{"id":"action14","type":"key","parameters":{},"actions":[{"type":"keyDown","value":"î€‡"},{"type":"pause","duration":10},{"type":"keyUp","value":"î€‡"}]}]}
RESULT: {}
RESULT: {"actions":[{"id":"action14","type":"key","parameters":{},"actions":[{"type":"keyDown","value":"î€‡"},{"type":"pause","duration":10},{"type":"keyUp","value":"î€‡"}]}]}
COMMAND: GET /session/9fc2c4eab269dcaa9f3181b4eee4b80d/screenshot - {}
RESULT: {}
COMMAND: POST /session/9fc2c4eab269dcaa9f3181b4eee4b80d/element - {"using":"xpath","value":"//span[contains(text(), \"300003\")]"}
RESULT: {"using":"xpath","value":"//span[contains(text(), \"300003\")]"}
COMMAND: POST /session/9fc2c4eab269dcaa9f3181b4eee4b80d/element/f.D38CE21AA85210DF62DAE0D69B7617EF.d.CB73A12FC33285B907BA62A9C98F24BF.e.4576/click - {}
RESULT: {}
COMMAND: GET /session/9fc2c4eab269dcaa9f3181b4eee4b80d/screenshot - {}
RESULT: {}
COMMAND: POST /session/9fc2c4eab269dcaa9f3181b4eee4b80d/element - {"using":"xpath","value":"//bdi[contains(text(), \"OK\")]"}
RESULT: {"using":"xpath","value":"//bdi[contains(text(), \"OK\")]"}
COMMAND: POST /session/9fc2c4eab269dcaa9f3181b4eee4b80d/element/f.D38CE21AA85210DF62DAE0D69B7617EF.d.CB73A12FC33285B907BA62A9C98F24BF.e.4578/click - {}
RESULT: {}
COMMAND: GET /session/9fc2c4eab269dcaa9f3181b4eee4b80d/screenshot - {}
RESULT: {}
COMMAND: POST /session/9fc2c4eab269dcaa9f3181b4eee4b80d/execute/async - {"script":"<script> [1562 bytes]","args":[{"selector":{"id":"application-managepartners-display-component---NewPartner--intercompVendorComboBox-application-managepartners-display-component---NewPartner--assignmentsTable-0-vhi"},"wdio_ui5_key":"applicationmanagepartners-display-component---NewPartner--intercompVendorComboBox-application-managepartners-display-component---NewPartner--assignmentsTable-0-vhi"}]}
RESULT: {"script":"<script> [1562 bytes]","args":[{"selector":{"id":"application-managepartners-display-component---NewPartner--intercompVendorComboBox-application-managepartners-display-component---NewPartner--assignmentsTable-0-vhi"},"wdio_ui5_key":"applicationmanagepartners-display-component---NewPartner--intercompVendorComboBox-application-managepartners-display-component---NewPartner--assignmentsTable-0-vhi"}]}
RESULT: undefined
COMMAND: POST /session/9fc2c4eab269dcaa9f3181b4eee4b80d/element - {"using":"xpath","value":"//*[@id=\"application-managepartners-display-component---NewPartner--intercompVendorComboBox-application-managepartners-display-component---NewPartner--assignmentsTable-0-vhi\"]"}
RESULT: {"using":"xpath","value":"//*[@id=\"application-managepartners-display-component---NewPartner--intercompVendorComboBox-application-managepartners-display-component---NewPartner--assignmentsTable-0-vhi\"]"}
COMMAND: POST /session/9fc2c4eab269dcaa9f3181b4eee4b80d/element/f.D38CE21AA85210DF62DAE0D69B7617EF.d.CB73A12FC33285B907BA62A9C98F24BF.e.4582/click - {}
RESULT: {}
RESULT: undefined
COMMAND: POST /session/9fc2c4eab269dcaa9f3181b4eee4b80d/execute/async - {"script":"<script> [776 bytes]","args":[{"enterText":"100005","selector":{"controlType":"sap.m.SearchField","properties":{"placeholder":"Search"},"searchOpenDialogs":true,"interaction":{"idSuffix":"I"}},"clearTextFirst":true,"interactionType":"ENTER_TEXT"}]}
COMMAND: GET /session/9fc2c4eab269dcaa9f3181b4eee4b80d/screenshot - {}
RESULT: {"script":"<script> [776 bytes]","args":[{"enterText":"100005","selector":{"controlType":"sap.m.SearchField","properties":{"placeholder":"Search"},"searchOpenDialogs":true,"interaction":{"idSuffix":"I"}},"clearTextFirst":true,"interactionType":"ENTER_TEXT"}]}
COMMAND: POST /session/9fc2c4eab269dcaa9f3181b4eee4b80d/actions - {"actions":[{"id":"action15","type":"key","parameters":{},"actions":[{"type":"keyDown","value":"î€‡"},{"type":"pause","duration":10},{"type":"keyUp","value":"î€‡"}]}]}
RESULT: {}
RESULT: {"actions":[{"id":"action15","type":"key","parameters":{},"actions":[{"type":"keyDown","value":"î€‡"},{"type":"pause","duration":10},{"type":"keyUp","value":"î€‡"}]}]}
COMMAND: GET /session/9fc2c4eab269dcaa9f3181b4eee4b80d/screenshot - {}
RESULT: {}
COMMAND: POST /session/9fc2c4eab269dcaa9f3181b4eee4b80d/element - {"using":"xpath","value":"//span[contains(text(), \"Penguins - Field/12345 Berlin\")]"}
RESULT: {"using":"xpath","value":"//span[contains(text(), \"Penguins - Field/12345 Berlin\")]"}
COMMAND: POST /session/9fc2c4eab269dcaa9f3181b4eee4b80d/element/f.D38CE21AA85210DF62DAE0D69B7617EF.d.CB73A12FC33285B907BA62A9C98F24BF.e.4601/click - {}
RESULT: {}
COMMAND: GET /session/9fc2c4eab269dcaa9f3181b4eee4b80d/screenshot - {}
RESULT: {}
COMMAND: POST /session/9fc2c4eab269dcaa9f3181b4eee4b80d/element - {"using":"xpath","value":"//bdi[contains(text(), \"OK\")]"}
RESULT: {"using":"xpath","value":"//bdi[contains(text(), \"OK\")]"}
COMMAND: POST /session/9fc2c4eab269dcaa9f3181b4eee4b80d/element/f.D38CE21AA85210DF62DAE0D69B7617EF.d.CB73A12FC33285B907BA62A9C98F24BF.e.4602/click - {}
RESULT: {}
COMMAND: GET /session/9fc2c4eab269dcaa9f3181b4eee4b80d/screenshot - {}
RESULT: {}
COMMAND: POST /session/9fc2c4eab269dcaa9f3181b4eee4b80d/element - {"using":"xpath","value":"//button[@data-kt=\"saveButton\"]"}
RESULT: {"using":"xpath","value":"//button[@data-kt=\"saveButton\"]"}
COMMAND: POST /session/9fc2c4eab269dcaa9f3181b4eee4b80d/element/f.D38CE21AA85210DF62DAE0D69B7617EF.d.CB73A12FC33285B907BA62A9C98F24BF.e.4446/click - {}
RESULT: {}
COMMAND: GET /session/9fc2c4eab269dcaa9f3181b4eee4b80d/screenshot - {}
RESULT: {}
COMMAND: POST /session/9fc2c4eab269dcaa9f3181b4eee4b80d/element - {"using":"xpath","value":"//header[contains(@id, 'ObjectPageLayout-headerTitle')]/div[1]/div[2]/div[2]/span[1]"}
RESULT: {"using":"xpath","value":"//header[contains(@id, 'ObjectPageLayout-headerTitle')]/div[1]/div[2]/div[2]/span[1]"}
COMMAND: POST /session/9fc2c4eab269dcaa9f3181b4eee4b80d/elements - {"using":"xpath","value":"//header[contains(@id, 'ObjectPageLayout-headerTitle')]/div[1]/div[2]/div[2]/span[1]"}
RESULT: {"using":"xpath","value":"//header[contains(@id, 'ObjectPageLayout-headerTitle')]/div[1]/div[2]/div[2]/span[1]"}
COMMAND: POST /session/9fc2c4eab269dcaa9f3181b4eee4b80d/execute/sync - {"script":"<script> [56 bytes]","args":[{"element-6066-11e4-a52e-4f735466cecf":"f.D38CE21AA85210DF62DAE0D69B7617EF.d.CB73A12FC33285B907BA62A9C98F24BF.e.4756","ELEMENT":"f.D38CE21AA85210DF62DAE0D69B7617EF.d.CB73A12FC33285B907BA62A9C98F24BF.e.4756"}]}
RESULT: {"script":"<script> [56 bytes]","args":[{"element-6066-11e4-a52e-4f735466cecf":"f.D38CE21AA85210DF62DAE0D69B7617EF.d.CB73A12FC33285B907BA62A9C98F24BF.e.4756","ELEMENT":"f.D38CE21AA85210DF62DAE0D69B7617EF.d.CB73A12FC33285B907BA62A9C98F24BF.e.4756"}]}
COMMAND: POST /session/9fc2c4eab269dcaa9f3181b4eee4b80d/element - {"using":"css selector","value":"#shell-header-logo"}
COMMAND: GET /session/9fc2c4eab269dcaa9f3181b4eee4b80d/screenshot - {}
RESULT: {"using":"css selector","value":"#shell-header-logo"}
COMMAND: POST /session/9fc2c4eab269dcaa9f3181b4eee4b80d/element/f.D38CE21AA85210DF62DAE0D69B7617EF.d.CB73A12FC33285B907BA62A9C98F24BF.e.4018/click - {}
RESULT: {}
RESULT: {}
COMMAND: GET /session/9fc2c4eab269dcaa9f3181b4eee4b80d/screenshot - {}
RESULT: {}
COMMAND: POST /session/9fc2c4eab269dcaa9f3181b4eee4b80d/execute/sync - {"script":"<script> [299 bytes]","args":[["getModel","getResource"]]}
RESULT: {"script":"<script> [299 bytes]","args":[["getModel","getResource"]]}
]]></system-out>
    </testcase>
  </testsuite>
  <testsuite timestamp="2025-04-25T17:45:32" time="729.479" tests="12" failures="9" errors="9" skipped="0">
    <properties>
      <property name="specId" value="0" />
      <property name="suiteName" value="Billing transfer US117289" />
      <property name="capabilities" value="chrome.135_0_7049_96.windows" />
      <property name="file" value="file:///D:/a/1/s/test/specs/BTS/billing-transfer.spec.js" />
    </properties>
    <testcase classname="chrome.135_0_7049_96.windows.Billing_transfer_US117289" name="Should create a new yard" time="0.009">
      <system-out><![CDATA[
COMMAND: POST /session/9fc2c4eab269dcaa9f3181b4eee4b80d/window/fullscreen - {}
RESULT: {}
]]></system-out>
    </testcase>
    <testcase classname="chrome.135_0_7049_96.windows.Billing_transfer_US117289" name="Should create a new partner" time="0.003" />
    <testcase classname="chrome.135_0_7049_96.windows.Billing_transfer_US117289" name="Should create a new site" time="116.157">
      <system-out><![CDATA[
COMMAND: POST /session/9fc2c4eab269dcaa9f3181b4eee4b80d/execute/async - {"script":"<script> [1562 bytes]","args":[{"selector":{"controlType":"sap.m.TileContent","bindingPath":{"path":"","propertyPath":"/properties/info"},"ancestor":{"controlType":"sap.m.GenericTile","properties":{"header":"Manage Sites"}}},"wdio_ui5_key":"sapm.TileContent{\"path\":\"\",\"propertyPath\":\"/properties/info\"}{\"controlType\":\"sap.m.GenericTile\",\"properties\":{\"header\":\"Manage Sites\"}}"}]}
RESULT: {"script":"<script> [1562 bytes]","args":[{"selector":{"controlType":"sap.m.TileContent","bindingPath":{"path":"","propertyPath":"/properties/info"},"ancestor":{"controlType":"sap.m.GenericTile","properties":{"header":"Manage Sites"}}},"wdio_ui5_key":"sapm.TileContent{\"path\":\"\",\"propertyPath\":\"/properties/info\"}{\"controlType\":\"sap.m.GenericTile\",\"properties\":{\"header\":\"Manage Sites\"}}"}]}
RESULT: undefined
COMMAND: POST /session/9fc2c4eab269dcaa9f3181b4eee4b80d/element - {"using":"xpath","value":"//*[@id=\"__xmlview7--numericTileContent\"]"}
RESULT: {"using":"xpath","value":"//*[@id=\"__xmlview7--numericTileContent\"]"}
COMMAND: POST /session/9fc2c4eab269dcaa9f3181b4eee4b80d/element/f.D38CE21AA85210DF62DAE0D69B7617EF.d.897C2D887FF8D3A24EDD840AC344CA6E.e.5691/click - {}
RESULT: {}
COMMAND: POST /session/9fc2c4eab269dcaa9f3181b4eee4b80d/element - {"using":"xpath","value":"//button[@data-kt=\"addOverflowToolbarButton\"]"}
COMMAND: GET /session/9fc2c4eab269dcaa9f3181b4eee4b80d/screenshot - {}
RESULT: {"using":"xpath","value":"//button[@data-kt=\"addOverflowToolbarButton\"]"}
COMMAND: POST /session/9fc2c4eab269dcaa9f3181b4eee4b80d/elements - {"using":"xpath","value":"//button[@data-kt=\"addOverflowToolbarButton\"]"}
RESULT: {}
RESULT: {"using":"xpath","value":"//button[@data-kt=\"addOverflowToolbarButton\"]"}
COMMAND: POST /session/9fc2c4eab269dcaa9f3181b4eee4b80d/elements - {"using":"xpath","value":"//button[@data-kt=\"addOverflowToolbarButton\"]"}
RESULT: {"using":"xpath","value":"//button[@data-kt=\"addOverflowToolbarButton\"]"}
COMMAND: POST /session/9fc2c4eab269dcaa9f3181b4eee4b80d/elements - {"using":"xpath","value":"//button[@data-kt=\"addOverflowToolbarButton\"]"}
RESULT: {"using":"xpath","value":"//button[@data-kt=\"addOverflowToolbarButton\"]"}
COMMAND: POST /session/9fc2c4eab269dcaa9f3181b4eee4b80d/elements - {"using":"xpath","value":"//button[@data-kt=\"addOverflowToolbarButton\"]"}
RESULT: {"using":"xpath","value":"//button[@data-kt=\"addOverflowToolbarButton\"]"}
COMMAND: POST /session/9fc2c4eab269dcaa9f3181b4eee4b80d/elements - {"using":"xpath","value":"//button[@data-kt=\"addOverflowToolbarButton\"]"}
RESULT: {"using":"xpath","value":"//button[@data-kt=\"addOverflowToolbarButton\"]"}
COMMAND: POST /session/9fc2c4eab269dcaa9f3181b4eee4b80d/elements - {"using":"xpath","value":"//button[@data-kt=\"addOverflowToolbarButton\"]"}
RESULT: {"using":"xpath","value":"//button[@data-kt=\"addOverflowToolbarButton\"]"}
COMMAND: POST /session/9fc2c4eab269dcaa9f3181b4eee4b80d/elements - {"using":"xpath","value":"//button[@data-kt=\"addOverflowToolbarButton\"]"}
RESULT: {"using":"xpath","value":"//button[@data-kt=\"addOverflowToolbarButton\"]"}
COMMAND: POST /session/9fc2c4eab269dcaa9f3181b4eee4b80d/elements - {"using":"xpath","value":"//button[@data-kt=\"addOverflowToolbarButton\"]"}
RESULT: {"using":"xpath","value":"//button[@data-kt=\"addOverflowToolbarButton\"]"}
COMMAND: POST /session/9fc2c4eab269dcaa9f3181b4eee4b80d/elements - {"using":"xpath","value":"//button[@data-kt=\"addOverflowToolbarButton\"]"}
RESULT: {"using":"xpath","value":"//button[@data-kt=\"addOverflowToolbarButton\"]"}
COMMAND: POST /session/9fc2c4eab269dcaa9f3181b4eee4b80d/elements - {"using":"xpath","value":"//button[@data-kt=\"addOverflowToolbarButton\"]"}
RESULT: {"using":"xpath","value":"//button[@data-kt=\"addOverflowToolbarButton\"]"}
COMMAND: POST /session/9fc2c4eab269dcaa9f3181b4eee4b80d/elements - {"using":"xpath","value":"//button[@data-kt=\"addOverflowToolbarButton\"]"}
RESULT: {"using":"xpath","value":"//button[@data-kt=\"addOverflowToolbarButton\"]"}
COMMAND: POST /session/9fc2c4eab269dcaa9f3181b4eee4b80d/elements - {"using":"xpath","value":"//button[@data-kt=\"addOverflowToolbarButton\"]"}
RESULT: {"using":"xpath","value":"//button[@data-kt=\"addOverflowToolbarButton\"]"}
COMMAND: POST /session/9fc2c4eab269dcaa9f3181b4eee4b80d/elements - {"using":"xpath","value":"//button[@data-kt=\"addOverflowToolbarButton\"]"}
RESULT: {"using":"xpath","value":"//button[@data-kt=\"addOverflowToolbarButton\"]"}
COMMAND: POST /session/9fc2c4eab269dcaa9f3181b4eee4b80d/elements - {"using":"xpath","value":"//button[@data-kt=\"addOverflowToolbarButton\"]"}
RESULT: {"using":"xpath","value":"//button[@data-kt=\"addOverflowToolbarButton\"]"}
COMMAND: POST /session/9fc2c4eab269dcaa9f3181b4eee4b80d/elements - {"using":"xpath","value":"//button[@data-kt=\"addOverflowToolbarButton\"]"}
RESULT: {"using":"xpath","value":"//button[@data-kt=\"addOverflowToolbarButton\"]"}
COMMAND: POST /session/9fc2c4eab269dcaa9f3181b4eee4b80d/elements - {"using":"xpath","value":"//button[@data-kt=\"addOverflowToolbarButton\"]"}
RESULT: {"using":"xpath","value":"//button[@data-kt=\"addOverflowToolbarButton\"]"}
COMMAND: POST /session/9fc2c4eab269dcaa9f3181b4eee4b80d/elements - {"using":"xpath","value":"//button[@data-kt=\"addOverflowToolbarButton\"]"}
RESULT: {"using":"xpath","value":"//button[@data-kt=\"addOverflowToolbarButton\"]"}
COMMAND: POST /session/9fc2c4eab269dcaa9f3181b4eee4b80d/elements - {"using":"xpath","value":"//button[@data-kt=\"addOverflowToolbarButton\"]"}
RESULT: {"using":"xpath","value":"//button[@data-kt=\"addOverflowToolbarButton\"]"}
COMMAND: POST /session/9fc2c4eab269dcaa9f3181b4eee4b80d/element - {"using":"xpath","value":"//button[@data-kt=\"addOverflowToolbarButton\"]"}
RESULT: {"using":"xpath","value":"//button[@data-kt=\"addOverflowToolbarButton\"]"}
COMMAND: POST /session/9fc2c4eab269dcaa9f3181b4eee4b80d/execute/sync - {"script":"<script> [8489 bytes]","args":[{"element-6066-11e4-a52e-4f735466cecf":"f.D38CE21AA85210DF62DAE0D69B7617EF.d.897C2D887FF8D3A24EDD840AC344CA6E.e.5737","ELEMENT":"f.D38CE21AA85210DF62DAE0D69B7617EF.d.897C2D887FF8D3A24EDD840AC344CA6E.e.5737"}]}
RESULT: {"script":"<script> [8489 bytes]","args":[{"element-6066-11e4-a52e-4f735466cecf":"f.D38CE21AA85210DF62DAE0D69B7617EF.d.897C2D887FF8D3A24EDD840AC344CA6E.e.5737","ELEMENT":"f.D38CE21AA85210DF62DAE0D69B7617EF.d.897C2D887FF8D3A24EDD840AC344CA6E.e.5737"}]}
COMMAND: GET /session/9fc2c4eab269dcaa9f3181b4eee4b80d/element/f.D38CE21AA85210DF62DAE0D69B7617EF.d.897C2D887FF8D3A24EDD840AC344CA6E.e.5737/enabled - {}
COMMAND: GET /session/9fc2c4eab269dcaa9f3181b4eee4b80d/screenshot - {}
RESULT: {}
COMMAND: POST /session/9fc2c4eab269dcaa9f3181b4eee4b80d/execute/sync - {"script":"<script> [8489 bytes]","args":[{"element-6066-11e4-a52e-4f735466cecf":"f.D38CE21AA85210DF62DAE0D69B7617EF.d.897C2D887FF8D3A24EDD840AC344CA6E.e.5737","ELEMENT":"f.D38CE21AA85210DF62DAE0D69B7617EF.d.897C2D887FF8D3A24EDD840AC344CA6E.e.5737"}]}
COMMAND: GET /session/9fc2c4eab269dcaa9f3181b4eee4b80d/screenshot - {}
RESULT: {}
RESULT: {"script":"<script> [8489 bytes]","args":[{"element-6066-11e4-a52e-4f735466cecf":"f.D38CE21AA85210DF62DAE0D69B7617EF.d.897C2D887FF8D3A24EDD840AC344CA6E.e.5737","ELEMENT":"f.D38CE21AA85210DF62DAE0D69B7617EF.d.897C2D887FF8D3A24EDD840AC344CA6E.e.5737"}]}
COMMAND: POST /session/9fc2c4eab269dcaa9f3181b4eee4b80d/execute/sync - {"script":"<script> [5351 bytes]","args":[{"element-6066-11e4-a52e-4f735466cecf":"f.D38CE21AA85210DF62DAE0D69B7617EF.d.897C2D887FF8D3A24EDD840AC344CA6E.e.5737","ELEMENT":"f.D38CE21AA85210DF62DAE0D69B7617EF.d.897C2D887FF8D3A24EDD840AC344CA6E.e.5737"}]}
COMMAND: GET /session/9fc2c4eab269dcaa9f3181b4eee4b80d/screenshot - {}
RESULT: {}
RESULT: {"script":"<script> [5351 bytes]","args":[{"element-6066-11e4-a52e-4f735466cecf":"f.D38CE21AA85210DF62DAE0D69B7617EF.d.897C2D887FF8D3A24EDD840AC344CA6E.e.5737","ELEMENT":"f.D38CE21AA85210DF62DAE0D69B7617EF.d.897C2D887FF8D3A24EDD840AC344CA6E.e.5737"}]}
COMMAND: POST /session/9fc2c4eab269dcaa9f3181b4eee4b80d/element/f.D38CE21AA85210DF62DAE0D69B7617EF.d.897C2D887FF8D3A24EDD840AC344CA6E.e.5737/click - {}
COMMAND: GET /session/9fc2c4eab269dcaa9f3181b4eee4b80d/screenshot - {}
RESULT: {}
RESULT: {}
COMMAND: GET /session/9fc2c4eab269dcaa9f3181b4eee4b80d/screenshot - {}
RESULT: {}
RESULT: {}
COMMAND: POST /session/9fc2c4eab269dcaa9f3181b4eee4b80d/execute/async - {"script":"<script> [1562 bytes]","args":[{"selector":{"id":"application-managesites-display-component---NewSite--addressDetailDetailsName1","interaction":{"idSuffix":"inner"}},"wdio_ui5_key":"applicationmanagesites-display-component---NewSite--addressDetailDetailsName1"}]}
RESULT: {"script":"<script> [1562 bytes]","args":[{"selector":{"id":"application-managesites-display-component---NewSite--addressDetailDetailsName1","interaction":{"idSuffix":"inner"}},"wdio_ui5_key":"applicationmanagesites-display-component---NewSite--addressDetailDetailsName1"}]}
RESULT: undefined
COMMAND: POST /session/9fc2c4eab269dcaa9f3181b4eee4b80d/execute/async - {"script":"<script> [776 bytes]","args":[{"enterText":"Intracompany Site wdIO","selector":{"id":"application-managesites-display-component---NewSite--addressDetailDetailsName1","interaction":{"idSuffix":"inner"}},"clearTextFirst":true,"interactionType":"ENTER_TEXT"}]}
RESULT: {"script":"<script> [776 bytes]","args":[{"enterText":"Intracompany Site wdIO","selector":{"id":"application-managesites-display-component---NewSite--addressDetailDetailsName1","interaction":{"idSuffix":"inner"}},"clearTextFirst":true,"interactionType":"ENTER_TEXT"}]}
COMMAND: POST /session/9fc2c4eab269dcaa9f3181b4eee4b80d/execute/async - {"script":"<script> [1562 bytes]","args":[{"selector":{"id":"application-managesites-display-component---NewSite--addressDetailDetailsLanguage-arrow"},"wdio_ui5_key":"applicationmanagesites-display-component---NewSite--addressDetailDetailsLanguage-arrow"}]}
RESULT: {"script":"<script> [1562 bytes]","args":[{"selector":{"id":"application-managesites-display-component---NewSite--addressDetailDetailsLanguage-arrow"},"wdio_ui5_key":"applicationmanagesites-display-component---NewSite--addressDetailDetailsLanguage-arrow"}]}
RESULT: undefined
COMMAND: POST /session/9fc2c4eab269dcaa9f3181b4eee4b80d/element - {"using":"xpath","value":"//*[@id=\"application-managesites-display-component---NewSite--addressDetailDetailsLanguage-arrow\"]"}
RESULT: {"using":"xpath","value":"//*[@id=\"application-managesites-display-component---NewSite--addressDetailDetailsLanguage-arrow\"]"}
COMMAND: POST /session/9fc2c4eab269dcaa9f3181b4eee4b80d/element/f.D38CE21AA85210DF62DAE0D69B7617EF.d.897C2D887FF8D3A24EDD840AC344CA6E.e.6116/click - {}
RESULT: {}
COMMAND: POST /session/9fc2c4eab269dcaa9f3181b4eee4b80d/element - {"using":"xpath","value":"//span[contains(text(), \"English\")]"}
COMMAND: GET /session/9fc2c4eab269dcaa9f3181b4eee4b80d/screenshot - {}
RESULT: {"using":"xpath","value":"//span[contains(text(), \"English\")]"}
COMMAND: POST /session/9fc2c4eab269dcaa9f3181b4eee4b80d/element/f.D38CE21AA85210DF62DAE0D69B7617EF.d.897C2D887FF8D3A24EDD840AC344CA6E.e.6117/click - {}
RESULT: {}
RESULT: {}
COMMAND: POST /session/9fc2c4eab269dcaa9f3181b4eee4b80d/execute/async - {"script":"<script> [1562 bytes]","args":[{"selector":{"id":"application-managesites-display-component---NewSite--addressDetailDetailsCity1","interaction":{"idSuffix":"inner"}},"wdio_ui5_key":"applicationmanagesites-display-component---NewSite--addressDetailDetailsCity1"}]}
COMMAND: GET /session/9fc2c4eab269dcaa9f3181b4eee4b80d/screenshot - {}
RESULT: {"script":"<script> [1562 bytes]","args":[{"selector":{"id":"application-managesites-display-component---NewSite--addressDetailDetailsCity1","interaction":{"idSuffix":"inner"}},"wdio_ui5_key":"applicationmanagesites-display-component---NewSite--addressDetailDetailsCity1"}]}
RESULT: undefined
COMMAND: POST /session/9fc2c4eab269dcaa9f3181b4eee4b80d/execute/async - {"script":"<script> [776 bytes]","args":[{"enterText":"Rosario","selector":{"id":"application-managesites-display-component---NewSite--addressDetailDetailsCity1","interaction":{"idSuffix":"inner"}},"clearTextFirst":true,"interactionType":"ENTER_TEXT"}]}
RESULT: {}
RESULT: {"script":"<script> [776 bytes]","args":[{"enterText":"Rosario","selector":{"id":"application-managesites-display-component---NewSite--addressDetailDetailsCity1","interaction":{"idSuffix":"inner"}},"clearTextFirst":true,"interactionType":"ENTER_TEXT"}]}
COMMAND: POST /session/9fc2c4eab269dcaa9f3181b4eee4b80d/execute/async - {"script":"<script> [1562 bytes]","args":[{"selector":{"id":"application-managesites-display-component---NewSite--addressDetailDetailsCountry-arrow"},"wdio_ui5_key":"applicationmanagesites-display-component---NewSite--addressDetailDetailsCountry-arrow"}]}
RESULT: {"script":"<script> [1562 bytes]","args":[{"selector":{"id":"application-managesites-display-component---NewSite--addressDetailDetailsCountry-arrow"},"wdio_ui5_key":"applicationmanagesites-display-component---NewSite--addressDetailDetailsCountry-arrow"}]}
RESULT: undefined
COMMAND: POST /session/9fc2c4eab269dcaa9f3181b4eee4b80d/element - {"using":"xpath","value":"//*[@id=\"application-managesites-display-component---NewSite--addressDetailDetailsCountry-arrow\"]"}
RESULT: {"using":"xpath","value":"//*[@id=\"application-managesites-display-component---NewSite--addressDetailDetailsCountry-arrow\"]"}
COMMAND: POST /session/9fc2c4eab269dcaa9f3181b4eee4b80d/element/f.D38CE21AA85210DF62DAE0D69B7617EF.d.897C2D887FF8D3A24EDD840AC344CA6E.e.6119/click - {}
RESULT: {}
COMMAND: POST /session/9fc2c4eab269dcaa9f3181b4eee4b80d/element - {"using":"xpath","value":"//span[contains(text(), \"Argentina\")]"}
COMMAND: GET /session/9fc2c4eab269dcaa9f3181b4eee4b80d/screenshot - {}
RESULT: {"using":"xpath","value":"//span[contains(text(), \"Argentina\")]"}
COMMAND: POST /session/9fc2c4eab269dcaa9f3181b4eee4b80d/element/f.D38CE21AA85210DF62DAE0D69B7617EF.d.897C2D887FF8D3A24EDD840AC344CA6E.e.6120/click - {}
RESULT: {}
RESULT: {}
COMMAND: GET /session/9fc2c4eab269dcaa9f3181b4eee4b80d/screenshot - {}
RESULT: {}
COMMAND: POST /session/9fc2c4eab269dcaa9f3181b4eee4b80d/execute/async - {"script":"<script> [1562 bytes]","args":[{"selector":{"id":"application-managesites-display-component---NewSite--addressEditDetailsCostObjectCstType-arrow"},"wdio_ui5_key":"applicationmanagesites-display-component---NewSite--addressEditDetailsCostObjectCstType-arrow"}]}
RESULT: {"script":"<script> [1562 bytes]","args":[{"selector":{"id":"application-managesites-display-component---NewSite--addressEditDetailsCostObjectCstType-arrow"},"wdio_ui5_key":"applicationmanagesites-display-component---NewSite--addressEditDetailsCostObjectCstType-arrow"}]}
RESULT: undefined
COMMAND: POST /session/9fc2c4eab269dcaa9f3181b4eee4b80d/element - {"using":"xpath","value":"//*[@id=\"application-managesites-display-component---NewSite--addressEditDetailsCostObjectCstType-arrow\"]"}
RESULT: {"using":"xpath","value":"//*[@id=\"application-managesites-display-component---NewSite--addressEditDetailsCostObjectCstType-arrow\"]"}
COMMAND: POST /session/9fc2c4eab269dcaa9f3181b4eee4b80d/element/f.D38CE21AA85210DF62DAE0D69B7617EF.d.897C2D887FF8D3A24EDD840AC344CA6E.e.6122/click - {}
RESULT: {}
COMMAND: POST /session/9fc2c4eab269dcaa9f3181b4eee4b80d/element - {"using":"xpath","value":"//span[contains(text(), \"Cost Center\")]"}
COMMAND: GET /session/9fc2c4eab269dcaa9f3181b4eee4b80d/screenshot - {}
RESULT: {"using":"xpath","value":"//span[contains(text(), \"Cost Center\")]"}
COMMAND: POST /session/9fc2c4eab269dcaa9f3181b4eee4b80d/element/f.D38CE21AA85210DF62DAE0D69B7617EF.d.897C2D887FF8D3A24EDD840AC344CA6E.e.6123/click - {}
RESULT: {}
RESULT: {}
COMMAND: GET /session/9fc2c4eab269dcaa9f3181b4eee4b80d/screenshot - {}
RESULT: {}
COMMAND: POST /session/9fc2c4eab269dcaa9f3181b4eee4b80d/element - {"using":"xpath","value":"//span[@id=\"application-managesites-display-component---NewSite--addressNewCostObjectCstID-vhi\"]"}
RESULT: {"using":"xpath","value":"//span[@id=\"application-managesites-display-component---NewSite--addressNewCostObjectCstID-vhi\"]"}
COMMAND: POST /session/9fc2c4eab269dcaa9f3181b4eee4b80d/element - {"using":"xpath","value":"//span[@id=\"application-managesites-display-component---NewSite--addressNewCostObjectCstID-vhi\"]"}
RESULT: {"using":"xpath","value":"//span[@id=\"application-managesites-display-component---NewSite--addressNewCostObjectCstID-vhi\"]"}
COMMAND: POST /session/9fc2c4eab269dcaa9f3181b4eee4b80d/element - {"using":"xpath","value":"//input[@id=\"application-managesites-display-component---NewSite--addressNewCostObjectCstID-inner\"]"}
RESULT: {"using":"xpath","value":"//input[@id=\"application-managesites-display-component---NewSite--addressNewCostObjectCstID-inner\"]"}
COMMAND: POST /session/9fc2c4eab269dcaa9f3181b4eee4b80d/execute/sync - {"script":"<script> [8489 bytes]","args":[{"element-6066-11e4-a52e-4f735466cecf":"f.D38CE21AA85210DF62DAE0D69B7617EF.d.897C2D887FF8D3A24EDD840AC344CA6E.e.6126","ELEMENT":"f.D38CE21AA85210DF62DAE0D69B7617EF.d.897C2D887FF8D3A24EDD840AC344CA6E.e.6126"}]}
RESULT: {"script":"<script> [8489 bytes]","args":[{"element-6066-11e4-a52e-4f735466cecf":"f.D38CE21AA85210DF62DAE0D69B7617EF.d.897C2D887FF8D3A24EDD840AC344CA6E.e.6126","ELEMENT":"f.D38CE21AA85210DF62DAE0D69B7617EF.d.897C2D887FF8D3A24EDD840AC344CA6E.e.6126"}]}
COMMAND: POST /session/9fc2c4eab269dcaa9f3181b4eee4b80d/element/f.D38CE21AA85210DF62DAE0D69B7617EF.d.897C2D887FF8D3A24EDD840AC344CA6E.e.6126/clear - {}
COMMAND: GET /session/9fc2c4eab269dcaa9f3181b4eee4b80d/screenshot - {}
RESULT: {}
COMMAND: POST /session/9fc2c4eab269dcaa9f3181b4eee4b80d/element - {"using":"xpath","value":"//input[@id=\"application-managesites-display-component---NewSite--addressNewCostObjectCstID-inner\"]"}
RESULT: {"using":"xpath","value":"//input[@id=\"application-managesites-display-component---NewSite--addressNewCostObjectCstID-inner\"]"}
COMMAND: POST /session/9fc2c4eab269dcaa9f3181b4eee4b80d/element/f.D38CE21AA85210DF62DAE0D69B7617EF.d.897C2D887FF8D3A24EDD840AC344CA6E.e.6126/clear - {}
COMMAND: POST /session/9fc2c4eab269dcaa9f3181b4eee4b80d/element - {"using":"xpath","value":"//input[@id=\"application-managesites-display-component---NewSite--addressNewCostObjectCstID-inner\"]"}
RESULT: {"using":"xpath","value":"//input[@id=\"application-managesites-display-component---NewSite--addressNewCostObjectCstID-inner\"]"}
COMMAND: POST /session/9fc2c4eab269dcaa9f3181b4eee4b80d/element/f.D38CE21AA85210DF62DAE0D69B7617EF.d.897C2D887FF8D3A24EDD840AC344CA6E.e.6128/clear - {}
RESULT: {}
COMMAND: POST /session/9fc2c4eab269dcaa9f3181b4eee4b80d/element/f.D38CE21AA85210DF62DAE0D69B7617EF.d.897C2D887FF8D3A24EDD840AC344CA6E.e.6128/value - {"text":"10001013"}
COMMAND: GET /session/9fc2c4eab269dcaa9f3181b4eee4b80d/screenshot - {}
RESULT: {"text":"10001013"}
COMMAND: GET /session/9fc2c4eab269dcaa9f3181b4eee4b80d/screenshot - {}
RESULT: {}
RESULT: {}
COMMAND: POST /session/9fc2c4eab269dcaa9f3181b4eee4b80d/element - {"using":"xpath","value":"//input[@id=\"application-managesites-display-component---NewSite--addressDetailDetailsCalendar-inner\"]"}
RESULT: {"using":"xpath","value":"//input[@id=\"application-managesites-display-component---NewSite--addressDetailDetailsCalendar-inner\"]"}
COMMAND: POST /session/9fc2c4eab269dcaa9f3181b4eee4b80d/element/f.D38CE21AA85210DF62DAE0D69B7617EF.d.897C2D887FF8D3A24EDD840AC344CA6E.e.5948/clear - {}
RESULT: {}
COMMAND: POST /session/9fc2c4eab269dcaa9f3181b4eee4b80d/element/f.D38CE21AA85210DF62DAE0D69B7617EF.d.897C2D887FF8D3A24EDD840AC344CA6E.e.5948/value - {"text":"Unit"}
COMMAND: GET /session/9fc2c4eab269dcaa9f3181b4eee4b80d/screenshot - {}
RESULT: {}
RESULT: {"text":"Unit"}
COMMAND: GET /session/9fc2c4eab269dcaa9f3181b4eee4b80d/screenshot - {}
RESULT: {}
COMMAND: POST /session/9fc2c4eab269dcaa9f3181b4eee4b80d/actions - {"actions":[{"id":"action19","type":"key","parameters":{},"actions":[{"type":"keyDown","value":"î€‡"},{"type":"pause","duration":10},{"type":"keyUp","value":"î€‡"}]}]}
RESULT: {"actions":[{"id":"action19","type":"key","parameters":{},"actions":[{"type":"keyDown","value":"î€‡"},{"type":"pause","duration":10},{"type":"keyUp","value":"î€‡"}]}]}
COMMAND: POST /session/9fc2c4eab269dcaa9f3181b4eee4b80d/element - {"using":"xpath","value":"//input[@id=\"application-managesites-display-component---NewSite--addressDetailDetailsYard-inner\"]"}
COMMAND: GET /session/9fc2c4eab269dcaa9f3181b4eee4b80d/screenshot - {}
RESULT: {"using":"xpath","value":"//input[@id=\"application-managesites-display-component---NewSite--addressDetailDetailsYard-inner\"]"}
COMMAND: POST /session/9fc2c4eab269dcaa9f3181b4eee4b80d/element/f.D38CE21AA85210DF62DAE0D69B7617EF.d.897C2D887FF8D3A24EDD840AC344CA6E.e.5949/clear - {}
RESULT: {}
RESULT: {}
COMMAND: POST /session/9fc2c4eab269dcaa9f3181b4eee4b80d/element/f.D38CE21AA85210DF62DAE0D69B7617EF.d.897C2D887FF8D3A24EDD840AC344CA6E.e.5949/value - {"text":"240"}
COMMAND: GET /session/9fc2c4eab269dcaa9f3181b4eee4b80d/screenshot - {}
RESULT: {"text":"240"}
COMMAND: GET /session/9fc2c4eab269dcaa9f3181b4eee4b80d/screenshot - {}
RESULT: {}
RESULT: {}
COMMAND: POST /session/9fc2c4eab269dcaa9f3181b4eee4b80d/element - {"using":"xpath","value":"//li[.//span[text()='240']]"}
RESULT: {"using":"xpath","value":"//li[.//span[text()='240']]"}
COMMAND: POST /session/9fc2c4eab269dcaa9f3181b4eee4b80d/element/f.D38CE21AA85210DF62DAE0D69B7617EF.d.897C2D887FF8D3A24EDD840AC344CA6E.e.6137/click - {}
RESULT: {}
COMMAND: GET /session/9fc2c4eab269dcaa9f3181b4eee4b80d/screenshot - {}
RESULT: {}
COMMAND: POST /session/9fc2c4eab269dcaa9f3181b4eee4b80d/element - {"using":"xpath","value":"//input[@id=\"application-managesites-display-component---NewSite--addressDetailDetailsPartner-inner\"]"}
RESULT: {"using":"xpath","value":"//input[@id=\"application-managesites-display-component---NewSite--addressDetailDetailsPartner-inner\"]"}
COMMAND: POST /session/9fc2c4eab269dcaa9f3181b4eee4b80d/element - {"using":"xpath","value":"//input[@id=\"application-managesites-display-component---NewSite--addressDetailDetailsPartner-inner\"]"}
RESULT: {"using":"xpath","value":"//input[@id=\"application-managesites-display-component---NewSite--addressDetailDetailsPartner-inner\"]"}
COMMAND: POST /session/9fc2c4eab269dcaa9f3181b4eee4b80d/element - {"using":"xpath","value":"//button[@data-kt=\"saveButton\"]"}
RESULT: {"using":"xpath","value":"//button[@data-kt=\"saveButton\"]"}
COMMAND: POST /session/9fc2c4eab269dcaa9f3181b4eee4b80d/element/f.D38CE21AA85210DF62DAE0D69B7617EF.d.897C2D887FF8D3A24EDD840AC344CA6E.e.6101/click - {}
RESULT: {}
COMMAND: GET /session/9fc2c4eab269dcaa9f3181b4eee4b80d/screenshot - {}
RESULT: {}
COMMAND: POST /session/9fc2c4eab269dcaa9f3181b4eee4b80d/element - {"using":"xpath","value":"//header[contains(@id, 'ObjectPageLayout-headerTitle')]/div[1]/div[2]/div[2]/span[1]"}
RESULT: {"using":"xpath","value":"//header[contains(@id, 'ObjectPageLayout-headerTitle')]/div[1]/div[2]/div[2]/span[1]"}
COMMAND: POST /session/9fc2c4eab269dcaa9f3181b4eee4b80d/elements - {"using":"xpath","value":"//header[contains(@id, 'ObjectPageLayout-headerTitle')]/div[1]/div[2]/div[2]/span[1]"}
RESULT: {"using":"xpath","value":"//header[contains(@id, 'ObjectPageLayout-headerTitle')]/div[1]/div[2]/div[2]/span[1]"}
COMMAND: POST /session/9fc2c4eab269dcaa9f3181b4eee4b80d/execute/sync - {"script":"<script> [56 bytes]","args":[{"element-6066-11e4-a52e-4f735466cecf":"f.D38CE21AA85210DF62DAE0D69B7617EF.d.897C2D887FF8D3A24EDD840AC344CA6E.e.6337","ELEMENT":"f.D38CE21AA85210DF62DAE0D69B7617EF.d.897C2D887FF8D3A24EDD840AC344CA6E.e.6337"}]}
RESULT: {"script":"<script> [56 bytes]","args":[{"element-6066-11e4-a52e-4f735466cecf":"f.D38CE21AA85210DF62DAE0D69B7617EF.d.897C2D887FF8D3A24EDD840AC344CA6E.e.6337","ELEMENT":"f.D38CE21AA85210DF62DAE0D69B7617EF.d.897C2D887FF8D3A24EDD840AC344CA6E.e.6337"}]}
COMMAND: POST /session/9fc2c4eab269dcaa9f3181b4eee4b80d/element - {"using":"css selector","value":"#shell-header-logo"}
COMMAND: GET /session/9fc2c4eab269dcaa9f3181b4eee4b80d/screenshot - {}
RESULT: {"using":"css selector","value":"#shell-header-logo"}
COMMAND: POST /session/9fc2c4eab269dcaa9f3181b4eee4b80d/element/f.D38CE21AA85210DF62DAE0D69B7617EF.d.897C2D887FF8D3A24EDD840AC344CA6E.e.5692/click - {}
RESULT: {}
RESULT: {}
COMMAND: GET /session/9fc2c4eab269dcaa9f3181b4eee4b80d/screenshot - {}
RESULT: {}
COMMAND: POST /session/9fc2c4eab269dcaa9f3181b4eee4b80d/execute/sync - {"script":"<script> [299 bytes]","args":[["getModel","getResource"]]}
RESULT: {"script":"<script> [299 bytes]","args":[["getModel","getResource"]]}
COMMAND: POST /session/9fc2c4eab269dcaa9f3181b4eee4b80d/element - {"using":"xpath","value":"//button[.//bdi[contains(text(), \"Close\")]]"}
COMMAND: GET /session/9fc2c4eab269dcaa9f3181b4eee4b80d/screenshot - {}
RESULT: {"using":"xpath","value":"//button[.//bdi[contains(text(), \"Close\")]]"}
COMMAND: POST /session/9fc2c4eab269dcaa9f3181b4eee4b80d/element/f.D38CE21AA85210DF62DAE0D69B7617EF.d.897C2D887FF8D3A24EDD840AC344CA6E.e.6338/click - {}
RESULT: {}
RESULT: {}
COMMAND: GET /session/9fc2c4eab269dcaa9f3181b4eee4b80d/screenshot - {}
RESULT: {}
COMMAND: POST /session/9fc2c4eab269dcaa9f3181b4eee4b80d/refresh - {}
RESULT: {}
COMMAND: GET /session/9fc2c4eab269dcaa9f3181b4eee4b80d/screenshot - {}
RESULT: {}
COMMAND: POST /session/9fc2c4eab269dcaa9f3181b4eee4b80d/refresh - {}
RESULT: {}
COMMAND: GET /session/9fc2c4eab269dcaa9f3181b4eee4b80d/screenshot - {}
RESULT: {}
COMMAND: POST /session/9fc2c4eab269dcaa9f3181b4eee4b80d/window/fullscreen - {}
RESULT: {}
COMMAND: POST /session/9fc2c4eab269dcaa9f3181b4eee4b80d/execute/async - {"script":"<script> [189 bytes]","args":[]}
RESULT: {"script":"<script> [189 bytes]","args":[]}
COMMAND: POST /session/9fc2c4eab269dcaa9f3181b4eee4b80d/execute/async - {"script":"<script> [123 bytes]","args":[]}
RESULT: {"script":"<script> [123 bytes]","args":[]}
COMMAND: POST /session/9fc2c4eab269dcaa9f3181b4eee4b80d/timeouts - {"script":"<number>"}
RESULT: {"script":"<number>"}
COMMAND: GET /session/9fc2c4eab269dcaa9f3181b4eee4b80d/timeouts - {}
RESULT: {}
RESULT: undefined
COMMAND: POST /session/9fc2c4eab269dcaa9f3181b4eee4b80d/execute/async - {"script":"<script> [2676 bytes]","args":[]}
RESULT: {"script":"<script> [2676 bytes]","args":[]}
COMMAND: POST /session/9fc2c4eab269dcaa9f3181b4eee4b80d/execute/async - {"script":"<script> [2342 bytes]","args":[{"protocol":"http","hostname":"0.0.0.0","path":"/","capabilities":{"browserName":"chrome","goog:chromeOptions":{"binary":"C:\\Program Files\\Google\\Chrome\\Application\\chrome.exe","args":["--start-maximized"]}},"logLevel":"warn","connectionRetryTimeout":120000,"connectionRetryCount":3,"logLevels":{},"enableDirectConnect":true,"strictSSL":true,"_":"65 more keys: [\"cacheDir\",\"port\",\"requestedCapabilities\",\"automationProtocol\",\"baseUrl\",\"waitforInterval\",\"waitforTimeout\",\"onReload\",\"beforeCommand\",\"afterCommand\",\"rootDir\",\"specs\",\"suites\",\"exclude\",\"groupLogsByTestSpec\",\"excludeDriverLogs\",\"bail\",\"framework\",\"reporters\",\"services\",\"maxInstances\",\"maxInstancesPerCapability\",\"injectGlobals\",\"filesToWatch\",\"execArgv\",\"runnerEnv\",\"runner\",\"shard\",\"specFileRetries\",\"specFileRetriesDelay\",\"specFileRetriesDeferred\",\"reporterSyncInterval\",\"reporterSyncTimeout\",\"cucumberFeaturesWithLineNumbers\",\"autoCompileOpts\",\"mochaOpts\",\"jasmineOpts\",\"cucumberOpts\",\"onPrepare\",\"onWorkerStart\",\"onWorkerEnd\",\"before\",\"beforeSession\",\"beforeSuite\",\"beforeHook\",\"beforeTest\",\"afterTest\",\"afterHook\",\"afterSuite\",\"afterSession\",\"after\",\"onComplete\",\"beforeAssertion\",\"afterAssertion\",\"beforeFeature\",\"beforeScenario\",\"beforeStep\",\"afterStep\",\"afterScenario\",\"afterFeature\",\"_\",\"suite\",\"$0\",\"ignoredWorkerServices\",\"wdi5\"]"}]}
RESULT: {"script":"<script> [2342 bytes]","args":[{"protocol":"http","hostname":"0.0.0.0","path":"/","capabilities":{"browserName":"chrome","goog:chromeOptions":{"binary":"C:\\Program Files\\Google\\Chrome\\Application\\chrome.exe","args":["--start-maximized"]}},"logLevel":"warn","connectionRetryTimeout":120000,"connectionRetryCount":3,"logLevels":{},"enableDirectConnect":true,"strictSSL":true,"_":"65 more keys: [\"cacheDir\",\"port\",\"requestedCapabilities\",\"automationProtocol\",\"baseUrl\",\"waitforInterval\",\"waitforTimeout\",\"onReload\",\"beforeCommand\",\"afterCommand\",\"rootDir\",\"specs\",\"suites\",\"exclude\",\"groupLogsByTestSpec\",\"excludeDriverLogs\",\"bail\",\"framework\",\"reporters\",\"services\",\"maxInstances\",\"maxInstancesPerCapability\",\"injectGlobals\",\"filesToWatch\",\"execArgv\",\"runnerEnv\",\"runner\",\"shard\",\"specFileRetries\",\"specFileRetriesDelay\",\"specFileRetriesDeferred\",\"reporterSyncInterval\",\"reporterSyncTimeout\",\"cucumberFeaturesWithLineNumbers\",\"autoCompileOpts\",\"mochaOpts\",\"jasmineOpts\",\"cucumberOpts\",\"onPrepare\",\"onWorkerStart\",\"onWorkerEnd\",\"before\",\"beforeSession\",\"beforeSuite\",\"beforeHook\",\"beforeTest\",\"afterTest\",\"afterHook\",\"afterSuite\",\"afterSession\",\"after\",\"onComplete\",\"beforeAssertion\",\"afterAssertion\",\"beforeFeature\",\"beforeScenario\",\"beforeStep\",\"afterStep\",\"afterScenario\",\"afterFeature\",\"_\",\"suite\",\"$0\",\"ignoredWorkerServices\",\"wdi5\"]"}]}
COMMAND: POST /session/9fc2c4eab269dcaa9f3181b4eee4b80d/execute/async - {"script":"<script> [21126 bytes]","args":[35000]}
RESULT: {"script":"<script> [21126 bytes]","args":[35000]}
COMMAND: POST /session/9fc2c4eab269dcaa9f3181b4eee4b80d/window/fullscreen - {}
RESULT: {}
]]></system-out>
    </testcase>
  </testsuite>
  <testsuite timestamp="2025-04-25T17:57:41" time="622.687" tests="12" failures="9" errors="9" skipped="0">
    <properties>
      <property name="specId" value="0" />
      <property name="suiteName" value="Create Reverse Billing US127248" />
      <property name="capabilities" value="chrome.135_0_7049_96.windows" />
      <property name="file" value="file:///D:/a/1/s/test/specs/BTS/reverse-billing.spec.js" />
    </properties>
    <testcase classname="chrome.135_0_7049_96.windows.Create_Reverse_Billing_US127248" name="Should create a new yard" time="0.02">
      <system-out><![CDATA[
COMMAND: POST /session/9fc2c4eab269dcaa9f3181b4eee4b80d/window/fullscreen - {}
RESULT: {}
]]></system-out>
    </testcase>
    <testcase classname="chrome.135_0_7049_96.windows.Create_Reverse_Billing_US127248" name="Should create a new partner" time="0.006" />
    <testcase classname="chrome.135_0_7049_96.windows.Create_Reverse_Billing_US127248" name="Should create a new site" time="0.003" />
  </testsuite>
</testsuites>