<?xml version="1.0" encoding="UTF-8"?>
<testsuites tests="15" failures="5" errors="5" skipped="0">
  <testsuite timestamp="2025-06-13T17:57:55" time="939.658" tests="9" failures="0" errors="0" skipped="0">
    <properties>
      <property name="specId" value="0"/>
      <property name="suiteName" value="Tests for Mass State Change on Manage States &amp; Performances US104416 US"/>
      <property name="capabilities" value="chrome.137_0_7151_69.windows"/>
      <property name="file" value="file:///D:/a/1/s/test/specs/HTR/create-mass-state-change.spec.js"/>
    </properties>
    <testcase classname="chrome.137_0_7151_69.windows.Tests_for_Mass_State_Change_on_Manage_States_&amp;_Performances_US104416_US" name="Prereq Should create a new yard used for all following tests" time="125.497">
      <system-out><![CDATA[
COMMAND: POST /session/38813ac31724e69450bb97a32539a866/window/fullscreen - {}
RESULT: {}
COMMAND: POST /session/38813ac31724e69450bb97a32539a866/execute/async - {"script":"<script> [1562 bytes]","args":[{"selector":{"controlType":"sap.m.GenericTile","properties":{"header":"Manage Yards"}},"wdio_ui5_key":"sapm.GenericTile{\"header\":\"Manage Yards\"}"}]}
RESULT: {"script":"<script> [1562 bytes]","args":[{"selector":{"controlType":"sap.m.GenericTile","properties":{"header":"Manage Yards"}},"wdio_ui5_key":"sapm.GenericTile{\"header\":\"Manage Yards\"}"}]}
RESULT: undefined
COMMAND: POST /session/38813ac31724e69450bb97a32539a866/element - {"using":"xpath","value":"//*[@id=\"__tile42\"]"}
RESULT: {"using":"xpath","value":"//*[@id=\"__tile42\"]"}
COMMAND: POST /session/38813ac31724e69450bb97a32539a866/element/f.145F15F56CD620DDA6DD983A1FFAAB72.d.21630AAB0C6D9173545245FE096D0EBA.e.164/click - {}
RESULT: {}
COMMAND: GET /session/38813ac31724e69450bb97a32539a866/screenshot - {}
RESULT: {}
COMMAND: POST /session/38813ac31724e69450bb97a32539a866/elements - {"using":"xpath","value":"//span[text()='Error']"}
RESULT: {"using":"xpath","value":"//span[text()='Error']"}
COMMAND: POST /session/38813ac31724e69450bb97a32539a866/element - {"using":"xpath","value":"//button[@data-kt=\"addNewYardOverflowToolbarButton\"]"}
RESULT: {"using":"xpath","value":"//button[@data-kt=\"addNewYardOverflowToolbarButton\"]"}
COMMAND: POST /session/38813ac31724e69450bb97a32539a866/elements - {"using":"xpath","value":"//button[@data-kt=\"addNewYardOverflowToolbarButton\"]"}
RESULT: {"using":"xpath","value":"//button[@data-kt=\"addNewYardOverflowToolbarButton\"]"}
COMMAND: POST /session/38813ac31724e69450bb97a32539a866/elements - {"using":"xpath","value":"//button[@data-kt=\"addNewYardOverflowToolbarButton\"]"}
RESULT: {"using":"xpath","value":"//button[@data-kt=\"addNewYardOverflowToolbarButton\"]"}
COMMAND: POST /session/38813ac31724e69450bb97a32539a866/elements - {"using":"xpath","value":"//button[@data-kt=\"addNewYardOverflowToolbarButton\"]"}
RESULT: {"using":"xpath","value":"//button[@data-kt=\"addNewYardOverflowToolbarButton\"]"}
COMMAND: POST /session/38813ac31724e69450bb97a32539a866/elements - {"using":"xpath","value":"//button[@data-kt=\"addNewYardOverflowToolbarButton\"]"}
RESULT: {"using":"xpath","value":"//button[@data-kt=\"addNewYardOverflowToolbarButton\"]"}
COMMAND: POST /session/38813ac31724e69450bb97a32539a866/elements - {"using":"xpath","value":"//button[@data-kt=\"addNewYardOverflowToolbarButton\"]"}
RESULT: {"using":"xpath","value":"//button[@data-kt=\"addNewYardOverflowToolbarButton\"]"}
COMMAND: POST /session/38813ac31724e69450bb97a32539a866/elements - {"using":"xpath","value":"//button[@data-kt=\"addNewYardOverflowToolbarButton\"]"}
RESULT: {"using":"xpath","value":"//button[@data-kt=\"addNewYardOverflowToolbarButton\"]"}
COMMAND: POST /session/38813ac31724e69450bb97a32539a866/elements - {"using":"xpath","value":"//button[@data-kt=\"addNewYardOverflowToolbarButton\"]"}
RESULT: {"using":"xpath","value":"//button[@data-kt=\"addNewYardOverflowToolbarButton\"]"}
COMMAND: POST /session/38813ac31724e69450bb97a32539a866/elements - {"using":"xpath","value":"//button[@data-kt=\"addNewYardOverflowToolbarButton\"]"}
RESULT: {"using":"xpath","value":"//button[@data-kt=\"addNewYardOverflowToolbarButton\"]"}
COMMAND: POST /session/38813ac31724e69450bb97a32539a866/element - {"using":"xpath","value":"//button[@data-kt=\"addNewYardOverflowToolbarButton\"]"}
RESULT: {"using":"xpath","value":"//button[@data-kt=\"addNewYardOverflowToolbarButton\"]"}
COMMAND: POST /session/38813ac31724e69450bb97a32539a866/execute/sync - {"script":"<script> [8489 bytes]","args":[{"element-6066-11e4-a52e-4f735466cecf":"f.145F15F56CD620DDA6DD983A1FFAAB72.d.21630AAB0C6D9173545245FE096D0EBA.e.314","ELEMENT":"f.145F15F56CD620DDA6DD983A1FFAAB72.d.21630AAB0C6D9173545245FE096D0EBA.e.314"}]}
RESULT: {"script":"<script> [8489 bytes]","args":[{"element-6066-11e4-a52e-4f735466cecf":"f.145F15F56CD620DDA6DD983A1FFAAB72.d.21630AAB0C6D9173545245FE096D0EBA.e.314","ELEMENT":"f.145F15F56CD620DDA6DD983A1FFAAB72.d.21630AAB0C6D9173545245FE096D0EBA.e.314"}]}
COMMAND: GET /session/38813ac31724e69450bb97a32539a866/element/f.145F15F56CD620DDA6DD983A1FFAAB72.d.21630AAB0C6D9173545245FE096D0EBA.e.314/enabled - {}
COMMAND: GET /session/38813ac31724e69450bb97a32539a866/screenshot - {}
RESULT: {}
COMMAND: POST /session/38813ac31724e69450bb97a32539a866/execute/sync - {"script":"<script> [8489 bytes]","args":[{"element-6066-11e4-a52e-4f735466cecf":"f.145F15F56CD620DDA6DD983A1FFAAB72.d.21630AAB0C6D9173545245FE096D0EBA.e.314","ELEMENT":"f.145F15F56CD620DDA6DD983A1FFAAB72.d.21630AAB0C6D9173545245FE096D0EBA.e.314"}]}
COMMAND: GET /session/38813ac31724e69450bb97a32539a866/screenshot - {}
RESULT: {}
RESULT: {"script":"<script> [8489 bytes]","args":[{"element-6066-11e4-a52e-4f735466cecf":"f.145F15F56CD620DDA6DD983A1FFAAB72.d.21630AAB0C6D9173545245FE096D0EBA.e.314","ELEMENT":"f.145F15F56CD620DDA6DD983A1FFAAB72.d.21630AAB0C6D9173545245FE096D0EBA.e.314"}]}
COMMAND: POST /session/38813ac31724e69450bb97a32539a866/execute/sync - {"script":"<script> [5351 bytes]","args":[{"element-6066-11e4-a52e-4f735466cecf":"f.145F15F56CD620DDA6DD983A1FFAAB72.d.21630AAB0C6D9173545245FE096D0EBA.e.314","ELEMENT":"f.145F15F56CD620DDA6DD983A1FFAAB72.d.21630AAB0C6D9173545245FE096D0EBA.e.314"}]}
COMMAND: GET /session/38813ac31724e69450bb97a32539a866/screenshot - {}
RESULT: {}
RESULT: {"script":"<script> [5351 bytes]","args":[{"element-6066-11e4-a52e-4f735466cecf":"f.145F15F56CD620DDA6DD983A1FFAAB72.d.21630AAB0C6D9173545245FE096D0EBA.e.314","ELEMENT":"f.145F15F56CD620DDA6DD983A1FFAAB72.d.21630AAB0C6D9173545245FE096D0EBA.e.314"}]}
COMMAND: POST /session/38813ac31724e69450bb97a32539a866/element/f.145F15F56CD620DDA6DD983A1FFAAB72.d.21630AAB0C6D9173545245FE096D0EBA.e.314/click - {}
COMMAND: GET /session/38813ac31724e69450bb97a32539a866/screenshot - {}
RESULT: {}
RESULT: {}
COMMAND: GET /session/38813ac31724e69450bb97a32539a866/screenshot - {}
COMMAND: POST /session/38813ac31724e69450bb97a32539a866/element - {"using":"xpath","value":"//input[@id=\"application-manageyards-display-component---NewYard--yardId-inner\"]"}
RESULT: {}
RESULT: {}
RESULT: {"using":"xpath","value":"//input[@id=\"application-manageyards-display-component---NewYard--yardId-inner\"]"}
COMMAND: POST /session/38813ac31724e69450bb97a32539a866/element - {"using":"xpath","value":"//input[@id=\"application-manageyards-display-component---NewYard--yardId-inner\"]"}
RESULT: {"using":"xpath","value":"//input[@id=\"application-manageyards-display-component---NewYard--yardId-inner\"]"}
COMMAND: POST /session/38813ac31724e69450bb97a32539a866/execute/async - {"script":"<script> [1562 bytes]","args":[{"selector":{"id":"application-manageyards-display-component---NewYard--addressDetailDetailsName1","interaction":{"idSuffix":"inner"}},"wdio_ui5_key":"applicationmanageyards-display-component---NewYard--addressDetailDetailsName1"}]}
RESULT: {"script":"<script> [1562 bytes]","args":[{"selector":{"id":"application-manageyards-display-component---NewYard--addressDetailDetailsName1","interaction":{"idSuffix":"inner"}},"wdio_ui5_key":"applicationmanageyards-display-component---NewYard--addressDetailDetailsName1"}]}
RESULT: undefined
COMMAND: POST /session/38813ac31724e69450bb97a32539a866/execute/async - {"script":"<script> [776 bytes]","args":[{"enterText":"Other Yard WDIO","selector":{"id":"application-manageyards-display-component---NewYard--addressDetailDetailsName1","interaction":{"idSuffix":"inner"}},"clearTextFirst":true,"interactionType":"ENTER_TEXT"}]}
RESULT: {"script":"<script> [776 bytes]","args":[{"enterText":"Other Yard WDIO","selector":{"id":"application-manageyards-display-component---NewYard--addressDetailDetailsName1","interaction":{"idSuffix":"inner"}},"clearTextFirst":true,"interactionType":"ENTER_TEXT"}]}
COMMAND: POST /session/38813ac31724e69450bb97a32539a866/execute/async - {"script":"<script> [1562 bytes]","args":[{"selector":{"id":"application-manageyards-display-component---NewYard--addressDetailDetailsLanguage-arrow"},"wdio_ui5_key":"applicationmanageyards-display-component---NewYard--addressDetailDetailsLanguage-arrow"}]}
RESULT: {"script":"<script> [1562 bytes]","args":[{"selector":{"id":"application-manageyards-display-component---NewYard--addressDetailDetailsLanguage-arrow"},"wdio_ui5_key":"applicationmanageyards-display-component---NewYard--addressDetailDetailsLanguage-arrow"}]}
RESULT: undefined
COMMAND: POST /session/38813ac31724e69450bb97a32539a866/element - {"using":"xpath","value":"//*[@id=\"application-manageyards-display-component---NewYard--addressDetailDetailsLanguage-arrow\"]"}
RESULT: {"using":"xpath","value":"//*[@id=\"application-manageyards-display-component---NewYard--addressDetailDetailsLanguage-arrow\"]"}
COMMAND: POST /session/38813ac31724e69450bb97a32539a866/element/f.145F15F56CD620DDA6DD983A1FFAAB72.d.21630AAB0C6D9173545245FE096D0EBA.e.741/click - {}
RESULT: {}
COMMAND: POST /session/38813ac31724e69450bb97a32539a866/element - {"using":"xpath","value":"//span[contains(text(), \"English\")]"}
COMMAND: GET /session/38813ac31724e69450bb97a32539a866/screenshot - {}
RESULT: {"using":"xpath","value":"//span[contains(text(), \"English\")]"}
COMMAND: POST /session/38813ac31724e69450bb97a32539a866/element/f.145F15F56CD620DDA6DD983A1FFAAB72.d.21630AAB0C6D9173545245FE096D0EBA.e.742/click - {}
RESULT: {}
RESULT: {}
COMMAND: POST /session/38813ac31724e69450bb97a32539a866/execute/async - {"script":"<script> [1562 bytes]","args":[{"selector":{"id":"application-manageyards-display-component---NewYard--addressDetailDetailsCity1","interaction":{"idSuffix":"inner"}},"wdio_ui5_key":"applicationmanageyards-display-component---NewYard--addressDetailDetailsCity1"}]}
COMMAND: GET /session/38813ac31724e69450bb97a32539a866/screenshot - {}
RESULT: {"script":"<script> [1562 bytes]","args":[{"selector":{"id":"application-manageyards-display-component---NewYard--addressDetailDetailsCity1","interaction":{"idSuffix":"inner"}},"wdio_ui5_key":"applicationmanageyards-display-component---NewYard--addressDetailDetailsCity1"}]}
RESULT: undefined
COMMAND: POST /session/38813ac31724e69450bb97a32539a866/execute/async - {"script":"<script> [776 bytes]","args":[{"enterText":"Rosario","selector":{"id":"application-manageyards-display-component---NewYard--addressDetailDetailsCity1","interaction":{"idSuffix":"inner"}},"clearTextFirst":true,"interactionType":"ENTER_TEXT"}]}
RESULT: {}
RESULT: {"script":"<script> [776 bytes]","args":[{"enterText":"Rosario","selector":{"id":"application-manageyards-display-component---NewYard--addressDetailDetailsCity1","interaction":{"idSuffix":"inner"}},"clearTextFirst":true,"interactionType":"ENTER_TEXT"}]}
COMMAND: POST /session/38813ac31724e69450bb97a32539a866/execute/async - {"script":"<script> [1562 bytes]","args":[{"selector":{"id":"application-manageyards-display-component---NewYard--addressDetailDetailsCountry-arrow"},"wdio_ui5_key":"applicationmanageyards-display-component---NewYard--addressDetailDetailsCountry-arrow"}]}
RESULT: {"script":"<script> [1562 bytes]","args":[{"selector":{"id":"application-manageyards-display-component---NewYard--addressDetailDetailsCountry-arrow"},"wdio_ui5_key":"applicationmanageyards-display-component---NewYard--addressDetailDetailsCountry-arrow"}]}
RESULT: undefined
COMMAND: POST /session/38813ac31724e69450bb97a32539a866/element - {"using":"xpath","value":"//*[@id=\"application-manageyards-display-component---NewYard--addressDetailDetailsCountry-arrow\"]"}
RESULT: {"using":"xpath","value":"//*[@id=\"application-manageyards-display-component---NewYard--addressDetailDetailsCountry-arrow\"]"}
COMMAND: POST /session/38813ac31724e69450bb97a32539a866/element/f.145F15F56CD620DDA6DD983A1FFAAB72.d.21630AAB0C6D9173545245FE096D0EBA.e.744/click - {}
RESULT: {}
COMMAND: POST /session/38813ac31724e69450bb97a32539a866/element - {"using":"xpath","value":"//span[contains(text(), \"Argentina\")]"}
COMMAND: GET /session/38813ac31724e69450bb97a32539a866/screenshot - {}
RESULT: {"using":"xpath","value":"//span[contains(text(), \"Argentina\")]"}
COMMAND: POST /session/38813ac31724e69450bb97a32539a866/element/f.145F15F56CD620DDA6DD983A1FFAAB72.d.21630AAB0C6D9173545245FE096D0EBA.e.745/click - {}
RESULT: {}
RESULT: {}
COMMAND: POST /session/38813ac31724e69450bb97a32539a866/execute/async - {"script":"<script> [1562 bytes]","args":[{"selector":{"id":"application-manageyards-display-component---NewYard--addressEditDetailsCostObjectCstType-arrow"},"wdio_ui5_key":"applicationmanageyards-display-component---NewYard--addressEditDetailsCostObjectCstType-arrow"}]}
COMMAND: GET /session/38813ac31724e69450bb97a32539a866/screenshot - {}
RESULT: {"script":"<script> [1562 bytes]","args":[{"selector":{"id":"application-manageyards-display-component---NewYard--addressEditDetailsCostObjectCstType-arrow"},"wdio_ui5_key":"applicationmanageyards-display-component---NewYard--addressEditDetailsCostObjectCstType-arrow"}]}
RESULT: undefined
COMMAND: POST /session/38813ac31724e69450bb97a32539a866/element - {"using":"xpath","value":"//*[@id=\"application-manageyards-display-component---NewYard--addressEditDetailsCostObjectCstType-arrow\"]"}
RESULT: {}
RESULT: {"using":"xpath","value":"//*[@id=\"application-manageyards-display-component---NewYard--addressEditDetailsCostObjectCstType-arrow\"]"}
COMMAND: POST /session/38813ac31724e69450bb97a32539a866/element/f.145F15F56CD620DDA6DD983A1FFAAB72.d.21630AAB0C6D9173545245FE096D0EBA.e.747/click - {}
RESULT: {}
COMMAND: POST /session/38813ac31724e69450bb97a32539a866/element - {"using":"xpath","value":"//span[contains(text(), \"Cost Center\")]"}
COMMAND: GET /session/38813ac31724e69450bb97a32539a866/screenshot - {}
RESULT: {"using":"xpath","value":"//span[contains(text(), \"Cost Center\")]"}
COMMAND: POST /session/38813ac31724e69450bb97a32539a866/element/f.145F15F56CD620DDA6DD983A1FFAAB72.d.21630AAB0C6D9173545245FE096D0EBA.e.748/click - {}
RESULT: {}
RESULT: {}
COMMAND: GET /session/38813ac31724e69450bb97a32539a866/screenshot - {}
RESULT: {}
COMMAND: POST /session/38813ac31724e69450bb97a32539a866/element - {"using":"xpath","value":"//span[@id=\"application-manageyards-display-component---NewYard--addressNewCostObjectCstID-vhi\"]"}
RESULT: {"using":"xpath","value":"//span[@id=\"application-manageyards-display-component---NewYard--addressNewCostObjectCstID-vhi\"]"}
COMMAND: POST /session/38813ac31724e69450bb97a32539a866/execute/sync - {"script":"<script> [8489 bytes]","args":[{"element-6066-11e4-a52e-4f735466cecf":"f.145F15F56CD620DDA6DD983A1FFAAB72.d.21630AAB0C6D9173545245FE096D0EBA.e.752","ELEMENT":"f.145F15F56CD620DDA6DD983A1FFAAB72.d.21630AAB0C6D9173545245FE096D0EBA.e.752"}]}
RESULT: {"script":"<script> [8489 bytes]","args":[{"element-6066-11e4-a52e-4f735466cecf":"f.145F15F56CD620DDA6DD983A1FFAAB72.d.21630AAB0C6D9173545245FE096D0EBA.e.752","ELEMENT":"f.145F15F56CD620DDA6DD983A1FFAAB72.d.21630AAB0C6D9173545245FE096D0EBA.e.752"}]}
COMMAND: POST /session/38813ac31724e69450bb97a32539a866/execute/async - {"script":"<script> [1562 bytes]","args":[{"selector":{"id":"application-manageyards-display-component---NewYard--addressNewCostObjectCstID-vhi"},"wdio_ui5_key":"applicationmanageyards-display-component---NewYard--addressNewCostObjectCstID-vhi"}]}
COMMAND: GET /session/38813ac31724e69450bb97a32539a866/screenshot - {}
RESULT: {"script":"<script> [1562 bytes]","args":[{"selector":{"id":"application-manageyards-display-component---NewYard--addressNewCostObjectCstID-vhi"},"wdio_ui5_key":"applicationmanageyards-display-component---NewYard--addressNewCostObjectCstID-vhi"}]}
RESULT: undefined
COMMAND: POST /session/38813ac31724e69450bb97a32539a866/element - {"using":"xpath","value":"//*[@id=\"application-manageyards-display-component---NewYard--addressNewCostObjectCstID-vhi\"]"}
RESULT: {}
RESULT: {"using":"xpath","value":"//*[@id=\"application-manageyards-display-component---NewYard--addressNewCostObjectCstID-vhi\"]"}
COMMAND: POST /session/38813ac31724e69450bb97a32539a866/element/f.145F15F56CD620DDA6DD983A1FFAAB72.d.21630AAB0C6D9173545245FE096D0EBA.e.752/click - {}
RESULT: {}
COMMAND: GET /session/38813ac31724e69450bb97a32539a866/screenshot - {}
RESULT: {}
COMMAND: POST /session/38813ac31724e69450bb97a32539a866/execute/async - {"script":"<script> [1562 bytes]","args":[{"selector":{"controlType":"sap.m.SearchField","properties":{"placeholder":"Search"},"searchOpenDialogs":true,"interaction":{"idSuffix":"I"}},"wdio_ui5_key":"sapm.SearchField{\"placeholder\":\"Search\"}"}]}
RESULT: {"script":"<script> [1562 bytes]","args":[{"selector":{"controlType":"sap.m.SearchField","properties":{"placeholder":"Search"},"searchOpenDialogs":true,"interaction":{"idSuffix":"I"}},"wdio_ui5_key":"sapm.SearchField{\"placeholder\":\"Search\"}"}]}
RESULT: undefined
COMMAND: POST /session/38813ac31724e69450bb97a32539a866/execute/async - {"script":"<script> [776 bytes]","args":[{"enterText":"bauh_b","selector":{"controlType":"sap.m.SearchField","properties":{"placeholder":"Search"},"searchOpenDialogs":true,"interaction":{"idSuffix":"I"}},"clearTextFirst":true,"interactionType":"ENTER_TEXT"}]}
RESULT: {"script":"<script> [776 bytes]","args":[{"enterText":"bauh_b","selector":{"controlType":"sap.m.SearchField","properties":{"placeholder":"Search"},"searchOpenDialogs":true,"interaction":{"idSuffix":"I"}},"clearTextFirst":true,"interactionType":"ENTER_TEXT"}]}
COMMAND: POST /session/38813ac31724e69450bb97a32539a866/actions - {"actions":[{"id":"action1","type":"key","parameters":{},"actions":[{"type":"keyDown","value":""},{"type":"pause","duration":10},{"type":"keyUp","value":""}]}]}
RESULT: {"actions":[{"id":"action1","type":"key","parameters":{},"actions":[{"type":"keyDown","value":""},{"type":"pause","duration":10},{"type":"keyUp","value":""}]}]}
COMMAND: GET /session/38813ac31724e69450bb97a32539a866/screenshot - {}
RESULT: {}
COMMAND: POST /session/38813ac31724e69450bb97a32539a866/element - {"using":"xpath","value":"//span[contains(text(), \"Demo Yard\")]"}
RESULT: {"using":"xpath","value":"//span[contains(text(), \"Demo Yard\")]"}
COMMAND: POST /session/38813ac31724e69450bb97a32539a866/element/f.145F15F56CD620DDA6DD983A1FFAAB72.d.21630AAB0C6D9173545245FE096D0EBA.e.792/click - {}
RESULT: {}
COMMAND: GET /session/38813ac31724e69450bb97a32539a866/screenshot - {}
RESULT: {}
COMMAND: POST /session/38813ac31724e69450bb97a32539a866/element - {"using":"xpath","value":"//bdi[contains(text(), \"OK\")]"}
RESULT: {"using":"xpath","value":"//bdi[contains(text(), \"OK\")]"}
COMMAND: POST /session/38813ac31724e69450bb97a32539a866/element/f.145F15F56CD620DDA6DD983A1FFAAB72.d.21630AAB0C6D9173545245FE096D0EBA.e.793/click - {}
RESULT: {}
COMMAND: GET /session/38813ac31724e69450bb97a32539a866/screenshot - {}
RESULT: {}
COMMAND: POST /session/38813ac31724e69450bb97a32539a866/execute/async - {"script":"<script> [1562 bytes]","args":[{"selector":{"id":"application-manageyards-display-component---NewYard--addressEditDetailsCurrency-arrow"},"wdio_ui5_key":"applicationmanageyards-display-component---NewYard--addressEditDetailsCurrency-arrow"}]}
RESULT: {"script":"<script> [1562 bytes]","args":[{"selector":{"id":"application-manageyards-display-component---NewYard--addressEditDetailsCurrency-arrow"},"wdio_ui5_key":"applicationmanageyards-display-component---NewYard--addressEditDetailsCurrency-arrow"}]}
RESULT: undefined
COMMAND: POST /session/38813ac31724e69450bb97a32539a866/element - {"using":"xpath","value":"//*[@id=\"application-manageyards-display-component---NewYard--addressEditDetailsCurrency-arrow\"]"}
RESULT: {"using":"xpath","value":"//*[@id=\"application-manageyards-display-component---NewYard--addressEditDetailsCurrency-arrow\"]"}
COMMAND: POST /session/38813ac31724e69450bb97a32539a866/element/f.145F15F56CD620DDA6DD983A1FFAAB72.d.21630AAB0C6D9173545245FE096D0EBA.e.796/click - {}
RESULT: {}
COMMAND: POST /session/38813ac31724e69450bb97a32539a866/element - {"using":"xpath","value":"//span[contains(text(), \"Euro\")]"}
COMMAND: GET /session/38813ac31724e69450bb97a32539a866/screenshot - {}
RESULT: {"using":"xpath","value":"//span[contains(text(), \"Euro\")]"}
COMMAND: POST /session/38813ac31724e69450bb97a32539a866/element/f.145F15F56CD620DDA6DD983A1FFAAB72.d.21630AAB0C6D9173545245FE096D0EBA.e.797/click - {}
RESULT: {}
RESULT: {}
COMMAND: POST /session/38813ac31724e69450bb97a32539a866/execute/async - {"script":"<script> [1562 bytes]","args":[{"selector":{"controlType":"sap.m.Input","viewName":"etm.portal.ui.manageyards.view.New","viewId":"application-manageyards-display-component---NewYard","bindingPath":{"path":"","propertyPath":"/CONTROLLING_AREA","modelName":"NewYardModel"},"interaction":{"idSuffix":"inner"}},"wdio_ui5_key":"etmportal.ui.manageyards.view.Newsap.m.Input{\"path\":\"\",\"propertyPath\":\"/CONTROLLING_AREA\",\"modelName\":\"NewYardModel\"}"}]}
COMMAND: GET /session/38813ac31724e69450bb97a32539a866/screenshot - {}
RESULT: {"script":"<script> [1562 bytes]","args":[{"selector":{"controlType":"sap.m.Input","viewName":"etm.portal.ui.manageyards.view.New","viewId":"application-manageyards-display-component---NewYard","bindingPath":{"path":"","propertyPath":"/CONTROLLING_AREA","modelName":"NewYardModel"},"interaction":{"idSuffix":"inner"}},"wdio_ui5_key":"etmportal.ui.manageyards.view.Newsap.m.Input{\"path\":\"\",\"propertyPath\":\"/CONTROLLING_AREA\",\"modelName\":\"NewYardModel\"}"}]}
RESULT: undefined
COMMAND: POST /session/38813ac31724e69450bb97a32539a866/execute/async - {"script":"<script> [776 bytes]","args":[{"enterText":"Z001","selector":{"controlType":"sap.m.Input","viewName":"etm.portal.ui.manageyards.view.New","viewId":"application-manageyards-display-component---NewYard","bindingPath":{"path":"","propertyPath":"/CONTROLLING_AREA","modelName":"NewYardModel"},"interaction":{"idSuffix":"inner"}},"clearTextFirst":true,"interactionType":"ENTER_TEXT"}]}
RESULT: {}
RESULT: {"script":"<script> [776 bytes]","args":[{"enterText":"Z001","selector":{"controlType":"sap.m.Input","viewName":"etm.portal.ui.manageyards.view.New","viewId":"application-manageyards-display-component---NewYard","bindingPath":{"path":"","propertyPath":"/CONTROLLING_AREA","modelName":"NewYardModel"},"interaction":{"idSuffix":"inner"}},"clearTextFirst":true,"interactionType":"ENTER_TEXT"}]}
COMMAND: POST /session/38813ac31724e69450bb97a32539a866/execute/async - {"script":"<script> [1562 bytes]","args":[{"selector":{"id":"application-manageyards-display-component---NewYard--companyCodeComboBox","interaction":{"idSuffix":"inner"}},"wdio_ui5_key":"applicationmanageyards-display-component---NewYard--companyCodeComboBox"}]}
RESULT: {"script":"<script> [1562 bytes]","args":[{"selector":{"id":"application-manageyards-display-component---NewYard--companyCodeComboBox","interaction":{"idSuffix":"inner"}},"wdio_ui5_key":"applicationmanageyards-display-component---NewYard--companyCodeComboBox"}]}
RESULT: undefined
COMMAND: POST /session/38813ac31724e69450bb97a32539a866/execute/async - {"script":"<script> [776 bytes]","args":[{"enterText":"1000","selector":{"id":"application-manageyards-display-component---NewYard--companyCodeComboBox","interaction":{"idSuffix":"inner"}},"clearTextFirst":true,"interactionType":"ENTER_TEXT"}]}
RESULT: {"script":"<script> [776 bytes]","args":[{"enterText":"1000","selector":{"id":"application-manageyards-display-component---NewYard--companyCodeComboBox","interaction":{"idSuffix":"inner"}},"clearTextFirst":true,"interactionType":"ENTER_TEXT"}]}
COMMAND: POST /session/38813ac31724e69450bb97a32539a866/execute/async - {"script":"<script> [1562 bytes]","args":[{"selector":{"controlType":"sap.m.Input","viewName":"etm.portal.ui.manageyards.view.New","viewId":"application-manageyards-display-component---NewYard","bindingPath":{"path":"","propertyPath":"/PLANT","modelName":"NewYardModel"},"interaction":{"idSuffix":"inner"}},"wdio_ui5_key":"etmportal.ui.manageyards.view.Newsap.m.Input{\"path\":\"\",\"propertyPath\":\"/PLANT\",\"modelName\":\"NewYardModel\"}"}]}
RESULT: {"script":"<script> [1562 bytes]","args":[{"selector":{"controlType":"sap.m.Input","viewName":"etm.portal.ui.manageyards.view.New","viewId":"application-manageyards-display-component---NewYard","bindingPath":{"path":"","propertyPath":"/PLANT","modelName":"NewYardModel"},"interaction":{"idSuffix":"inner"}},"wdio_ui5_key":"etmportal.ui.manageyards.view.Newsap.m.Input{\"path\":\"\",\"propertyPath\":\"/PLANT\",\"modelName\":\"NewYardModel\"}"}]}
RESULT: undefined
COMMAND: POST /session/38813ac31724e69450bb97a32539a866/execute/async - {"script":"<script> [776 bytes]","args":[{"enterText":"1001","selector":{"controlType":"sap.m.Input","viewName":"etm.portal.ui.manageyards.view.New","viewId":"application-manageyards-display-component---NewYard","bindingPath":{"path":"","propertyPath":"/PLANT","modelName":"NewYardModel"},"interaction":{"idSuffix":"inner"}},"clearTextFirst":true,"interactionType":"ENTER_TEXT"}]}
RESULT: {"script":"<script> [776 bytes]","args":[{"enterText":"1001","selector":{"controlType":"sap.m.Input","viewName":"etm.portal.ui.manageyards.view.New","viewId":"application-manageyards-display-component---NewYard","bindingPath":{"path":"","propertyPath":"/PLANT","modelName":"NewYardModel"},"interaction":{"idSuffix":"inner"}},"clearTextFirst":true,"interactionType":"ENTER_TEXT"}]}
COMMAND: POST /session/38813ac31724e69450bb97a32539a866/execute/async - {"script":"<script> [1562 bytes]","args":[{"selector":{"controlType":"sap.m.Input","viewName":"etm.portal.ui.manageyards.view.New","viewId":"application-manageyards-display-component---NewYard","bindingPath":{"path":"","propertyPath":"/SALES_AREA_VKORG","modelName":"NewYardModel"},"interaction":{"idSuffix":"inner"}},"wdio_ui5_key":"etmportal.ui.manageyards.view.Newsap.m.Input{\"path\":\"\",\"propertyPath\":\"/SALES_AREA_VKORG\",\"modelName\":\"NewYardModel\"}"}]}
RESULT: {"script":"<script> [1562 bytes]","args":[{"selector":{"controlType":"sap.m.Input","viewName":"etm.portal.ui.manageyards.view.New","viewId":"application-manageyards-display-component---NewYard","bindingPath":{"path":"","propertyPath":"/SALES_AREA_VKORG","modelName":"NewYardModel"},"interaction":{"idSuffix":"inner"}},"wdio_ui5_key":"etmportal.ui.manageyards.view.Newsap.m.Input{\"path\":\"\",\"propertyPath\":\"/SALES_AREA_VKORG\",\"modelName\":\"NewYardModel\"}"}]}
RESULT: undefined
COMMAND: POST /session/38813ac31724e69450bb97a32539a866/execute/async - {"script":"<script> [776 bytes]","args":[{"enterText":"C002","selector":{"controlType":"sap.m.Input","viewName":"etm.portal.ui.manageyards.view.New","viewId":"application-manageyards-display-component---NewYard","bindingPath":{"path":"","propertyPath":"/SALES_AREA_VKORG","modelName":"NewYardModel"},"interaction":{"idSuffix":"inner"}},"clearTextFirst":true,"interactionType":"ENTER_TEXT"}]}
RESULT: {"script":"<script> [776 bytes]","args":[{"enterText":"C002","selector":{"controlType":"sap.m.Input","viewName":"etm.portal.ui.manageyards.view.New","viewId":"application-manageyards-display-component---NewYard","bindingPath":{"path":"","propertyPath":"/SALES_AREA_VKORG","modelName":"NewYardModel"},"interaction":{"idSuffix":"inner"}},"clearTextFirst":true,"interactionType":"ENTER_TEXT"}]}
COMMAND: POST /session/38813ac31724e69450bb97a32539a866/execute/async - {"script":"<script> [1562 bytes]","args":[{"selector":{"controlType":"sap.m.Input","viewName":"etm.portal.ui.manageyards.view.New","viewId":"application-manageyards-display-component---NewYard","bindingPath":{"path":"","propertyPath":"/SALES_AREA_VTWEG","modelName":"NewYardModel"},"interaction":{"idSuffix":"inner"}},"wdio_ui5_key":"etmportal.ui.manageyards.view.Newsap.m.Input{\"path\":\"\",\"propertyPath\":\"/SALES_AREA_VTWEG\",\"modelName\":\"NewYardModel\"}"}]}
RESULT: {"script":"<script> [1562 bytes]","args":[{"selector":{"controlType":"sap.m.Input","viewName":"etm.portal.ui.manageyards.view.New","viewId":"application-manageyards-display-component---NewYard","bindingPath":{"path":"","propertyPath":"/SALES_AREA_VTWEG","modelName":"NewYardModel"},"interaction":{"idSuffix":"inner"}},"wdio_ui5_key":"etmportal.ui.manageyards.view.Newsap.m.Input{\"path\":\"\",\"propertyPath\":\"/SALES_AREA_VTWEG\",\"modelName\":\"NewYardModel\"}"}]}
RESULT: undefined
COMMAND: POST /session/38813ac31724e69450bb97a32539a866/execute/async - {"script":"<script> [776 bytes]","args":[{"enterText":"C2","selector":{"controlType":"sap.m.Input","viewName":"etm.portal.ui.manageyards.view.New","viewId":"application-manageyards-display-component---NewYard","bindingPath":{"path":"","propertyPath":"/SALES_AREA_VTWEG","modelName":"NewYardModel"},"interaction":{"idSuffix":"inner"}},"clearTextFirst":true,"interactionType":"ENTER_TEXT"}]}
RESULT: {"script":"<script> [776 bytes]","args":[{"enterText":"C2","selector":{"controlType":"sap.m.Input","viewName":"etm.portal.ui.manageyards.view.New","viewId":"application-manageyards-display-component---NewYard","bindingPath":{"path":"","propertyPath":"/SALES_AREA_VTWEG","modelName":"NewYardModel"},"interaction":{"idSuffix":"inner"}},"clearTextFirst":true,"interactionType":"ENTER_TEXT"}]}
COMMAND: POST /session/38813ac31724e69450bb97a32539a866/execute/async - {"script":"<script> [1562 bytes]","args":[{"selector":{"controlType":"sap.m.Input","viewName":"etm.portal.ui.manageyards.view.New","viewId":"application-manageyards-display-component---NewYard","bindingPath":{"path":"","propertyPath":"/SALES_AREA_SPART","modelName":"NewYardModel"},"interaction":{"idSuffix":"inner"}},"wdio_ui5_key":"etmportal.ui.manageyards.view.Newsap.m.Input{\"path\":\"\",\"propertyPath\":\"/SALES_AREA_SPART\",\"modelName\":\"NewYardModel\"}"}]}
RESULT: {"script":"<script> [1562 bytes]","args":[{"selector":{"controlType":"sap.m.Input","viewName":"etm.portal.ui.manageyards.view.New","viewId":"application-manageyards-display-component---NewYard","bindingPath":{"path":"","propertyPath":"/SALES_AREA_SPART","modelName":"NewYardModel"},"interaction":{"idSuffix":"inner"}},"wdio_ui5_key":"etmportal.ui.manageyards.view.Newsap.m.Input{\"path\":\"\",\"propertyPath\":\"/SALES_AREA_SPART\",\"modelName\":\"NewYardModel\"}"}]}
RESULT: undefined
COMMAND: POST /session/38813ac31724e69450bb97a32539a866/execute/async - {"script":"<script> [776 bytes]","args":[{"enterText":"C2","selector":{"controlType":"sap.m.Input","viewName":"etm.portal.ui.manageyards.view.New","viewId":"application-manageyards-display-component---NewYard","bindingPath":{"path":"","propertyPath":"/SALES_AREA_SPART","modelName":"NewYardModel"},"interaction":{"idSuffix":"inner"}},"clearTextFirst":true,"interactionType":"ENTER_TEXT"}]}
RESULT: {"script":"<script> [776 bytes]","args":[{"enterText":"C2","selector":{"controlType":"sap.m.Input","viewName":"etm.portal.ui.manageyards.view.New","viewId":"application-manageyards-display-component---NewYard","bindingPath":{"path":"","propertyPath":"/SALES_AREA_SPART","modelName":"NewYardModel"},"interaction":{"idSuffix":"inner"}},"clearTextFirst":true,"interactionType":"ENTER_TEXT"}]}
COMMAND: POST /session/38813ac31724e69450bb97a32539a866/execute/async - {"script":"<script> [1562 bytes]","args":[{"selector":{"controlType":"sap.m.Input","viewName":"etm.portal.ui.manageyards.view.New","viewId":"application-manageyards-display-component---NewYard","bindingPath":{"path":"","propertyPath":"/SHIP_POINT","modelName":"NewYardModel"},"interaction":{"idSuffix":"inner"}},"wdio_ui5_key":"etmportal.ui.manageyards.view.Newsap.m.Input{\"path\":\"\",\"propertyPath\":\"/SHIP_POINT\",\"modelName\":\"NewYardModel\"}"}]}
RESULT: {"script":"<script> [1562 bytes]","args":[{"selector":{"controlType":"sap.m.Input","viewName":"etm.portal.ui.manageyards.view.New","viewId":"application-manageyards-display-component---NewYard","bindingPath":{"path":"","propertyPath":"/SHIP_POINT","modelName":"NewYardModel"},"interaction":{"idSuffix":"inner"}},"wdio_ui5_key":"etmportal.ui.manageyards.view.Newsap.m.Input{\"path\":\"\",\"propertyPath\":\"/SHIP_POINT\",\"modelName\":\"NewYardModel\"}"}]}
RESULT: undefined
COMMAND: POST /session/38813ac31724e69450bb97a32539a866/execute/async - {"script":"<script> [776 bytes]","args":[{"enterText":"1710","selector":{"controlType":"sap.m.Input","viewName":"etm.portal.ui.manageyards.view.New","viewId":"application-manageyards-display-component---NewYard","bindingPath":{"path":"","propertyPath":"/SHIP_POINT","modelName":"NewYardModel"},"interaction":{"idSuffix":"inner"}},"clearTextFirst":true,"interactionType":"ENTER_TEXT"}]}
RESULT: {"script":"<script> [776 bytes]","args":[{"enterText":"1710","selector":{"controlType":"sap.m.Input","viewName":"etm.portal.ui.manageyards.view.New","viewId":"application-manageyards-display-component---NewYard","bindingPath":{"path":"","propertyPath":"/SHIP_POINT","modelName":"NewYardModel"},"interaction":{"idSuffix":"inner"}},"clearTextFirst":true,"interactionType":"ENTER_TEXT"}]}
COMMAND: POST /session/38813ac31724e69450bb97a32539a866/execute/async - {"script":"<script> [1562 bytes]","args":[{"selector":{"controlType":"sap.m.Input","viewName":"etm.portal.ui.manageyards.view.New","viewId":"application-manageyards-display-component---NewYard","bindingPath":{"path":"","propertyPath":"/DELIVERY_TYPE","modelName":"NewYardModel"},"interaction":{"idSuffix":"inner"}},"wdio_ui5_key":"etmportal.ui.manageyards.view.Newsap.m.Input{\"path\":\"\",\"propertyPath\":\"/DELIVERY_TYPE\",\"modelName\":\"NewYardModel\"}"}]}
RESULT: {"script":"<script> [1562 bytes]","args":[{"selector":{"controlType":"sap.m.Input","viewName":"etm.portal.ui.manageyards.view.New","viewId":"application-manageyards-display-component---NewYard","bindingPath":{"path":"","propertyPath":"/DELIVERY_TYPE","modelName":"NewYardModel"},"interaction":{"idSuffix":"inner"}},"wdio_ui5_key":"etmportal.ui.manageyards.view.Newsap.m.Input{\"path\":\"\",\"propertyPath\":\"/DELIVERY_TYPE\",\"modelName\":\"NewYardModel\"}"}]}
RESULT: undefined
COMMAND: POST /session/38813ac31724e69450bb97a32539a866/execute/async - {"script":"<script> [776 bytes]","args":[{"enterText":"ZL01","selector":{"controlType":"sap.m.Input","viewName":"etm.portal.ui.manageyards.view.New","viewId":"application-manageyards-display-component---NewYard","bindingPath":{"path":"","propertyPath":"/DELIVERY_TYPE","modelName":"NewYardModel"},"interaction":{"idSuffix":"inner"}},"clearTextFirst":true,"interactionType":"ENTER_TEXT"}]}
RESULT: {"script":"<script> [776 bytes]","args":[{"enterText":"ZL01","selector":{"controlType":"sap.m.Input","viewName":"etm.portal.ui.manageyards.view.New","viewId":"application-manageyards-display-component---NewYard","bindingPath":{"path":"","propertyPath":"/DELIVERY_TYPE","modelName":"NewYardModel"},"interaction":{"idSuffix":"inner"}},"clearTextFirst":true,"interactionType":"ENTER_TEXT"}]}
COMMAND: POST /session/38813ac31724e69450bb97a32539a866/execute/async - {"script":"<script> [1562 bytes]","args":[{"selector":{"controlType":"sap.m.Input","viewName":"etm.portal.ui.manageyards.view.New","viewId":"application-manageyards-display-component---NewYard","bindingPath":{"path":"","propertyPath":"/AUART","modelName":"NewYardModel"},"interaction":{"idSuffix":"inner"}},"wdio_ui5_key":"etmportal.ui.manageyards.view.Newsap.m.Input{\"path\":\"\",\"propertyPath\":\"/AUART\",\"modelName\":\"NewYardModel\"}"}]}
RESULT: {"script":"<script> [1562 bytes]","args":[{"selector":{"controlType":"sap.m.Input","viewName":"etm.portal.ui.manageyards.view.New","viewId":"application-manageyards-display-component---NewYard","bindingPath":{"path":"","propertyPath":"/AUART","modelName":"NewYardModel"},"interaction":{"idSuffix":"inner"}},"wdio_ui5_key":"etmportal.ui.manageyards.view.Newsap.m.Input{\"path\":\"\",\"propertyPath\":\"/AUART\",\"modelName\":\"NewYardModel\"}"}]}
RESULT: undefined
COMMAND: POST /session/38813ac31724e69450bb97a32539a866/execute/async - {"script":"<script> [776 bytes]","args":[{"enterText":"TA","selector":{"controlType":"sap.m.Input","viewName":"etm.portal.ui.manageyards.view.New","viewId":"application-manageyards-display-component---NewYard","bindingPath":{"path":"","propertyPath":"/AUART","modelName":"NewYardModel"},"interaction":{"idSuffix":"inner"}},"clearTextFirst":true,"interactionType":"ENTER_TEXT"}]}
RESULT: {"script":"<script> [776 bytes]","args":[{"enterText":"TA","selector":{"controlType":"sap.m.Input","viewName":"etm.portal.ui.manageyards.view.New","viewId":"application-manageyards-display-component---NewYard","bindingPath":{"path":"","propertyPath":"/AUART","modelName":"NewYardModel"},"interaction":{"idSuffix":"inner"}},"clearTextFirst":true,"interactionType":"ENTER_TEXT"}]}
COMMAND: POST /session/38813ac31724e69450bb97a32539a866/element - {"using":"xpath","value":"//button[@data-kt=\"newYardSaveButton\"]"}
RESULT: {"using":"xpath","value":"//button[@data-kt=\"newYardSaveButton\"]"}
COMMAND: POST /session/38813ac31724e69450bb97a32539a866/element/f.145F15F56CD620DDA6DD983A1FFAAB72.d.21630AAB0C6D9173545245FE096D0EBA.e.708/click - {}
RESULT: {}
COMMAND: GET /session/38813ac31724e69450bb97a32539a866/screenshot - {}
RESULT: {}
COMMAND: POST /session/38813ac31724e69450bb97a32539a866/element - {"using":"xpath","value":"//header[contains(@id, 'ObjectPageLayout-headerTitle')]/div[1]/div[2]/div[1]/span[1]"}
RESULT: {"using":"xpath","value":"//header[contains(@id, 'ObjectPageLayout-headerTitle')]/div[1]/div[2]/div[1]/span[1]"}
COMMAND: POST /session/38813ac31724e69450bb97a32539a866/elements - {"using":"xpath","value":"//header[contains(@id, 'ObjectPageLayout-headerTitle')]/div[1]/div[2]/div[1]/span[1]"}
RESULT: {"using":"xpath","value":"//header[contains(@id, 'ObjectPageLayout-headerTitle')]/div[1]/div[2]/div[1]/span[1]"}
COMMAND: POST /session/38813ac31724e69450bb97a32539a866/execute/sync - {"script":"<script> [56 bytes]","args":[{"element-6066-11e4-a52e-4f735466cecf":"f.145F15F56CD620DDA6DD983A1FFAAB72.d.21630AAB0C6D9173545245FE096D0EBA.e.1023","ELEMENT":"f.145F15F56CD620DDA6DD983A1FFAAB72.d.21630AAB0C6D9173545245FE096D0EBA.e.1023"}]}
RESULT: {"script":"<script> [56 bytes]","args":[{"element-6066-11e4-a52e-4f735466cecf":"f.145F15F56CD620DDA6DD983A1FFAAB72.d.21630AAB0C6D9173545245FE096D0EBA.e.1023","ELEMENT":"f.145F15F56CD620DDA6DD983A1FFAAB72.d.21630AAB0C6D9173545245FE096D0EBA.e.1023"}]}
COMMAND: GET /session/38813ac31724e69450bb97a32539a866/screenshot - {}
RESULT: {}
COMMAND: POST /session/38813ac31724e69450bb97a32539a866/element - {"using":"css selector","value":"#shell-header-logo"}
RESULT: {"using":"css selector","value":"#shell-header-logo"}
COMMAND: POST /session/38813ac31724e69450bb97a32539a866/element/f.145F15F56CD620DDA6DD983A1FFAAB72.d.21630AAB0C6D9173545245FE096D0EBA.e.271/click - {}
RESULT: {}
COMMAND: GET /session/38813ac31724e69450bb97a32539a866/screenshot - {}
RESULT: {}
COMMAND: POST /session/38813ac31724e69450bb97a32539a866/execute/sync - {"script":"<script> [299 bytes]","args":[["getModel","getResource"]]}
RESULT: {"script":"<script> [299 bytes]","args":[["getModel","getResource"]]}
COMMAND: GET /session/38813ac31724e69450bb97a32539a866/screenshot - {}
]]></system-out>
    </testcase>
    <testcase classname="chrome.137_0_7151_69.windows.Tests_for_Mass_State_Change_on_Manage_States_&amp;_Performances_US104416_US" name="Prereq Should create a new partner" time="145.069">
      <system-out><![CDATA[
COMMAND: POST /session/38813ac31724e69450bb97a32539a866/window/fullscreen - {}
RESULT: {}
COMMAND: POST /session/38813ac31724e69450bb97a32539a866/execute/async - {"script":"<script> [1562 bytes]","args":[{"selector":{"controlType":"sap.m.GenericTile","properties":{"header":"Manage Partners"}},"wdio_ui5_key":"sapm.GenericTile{\"header\":\"Manage Partners\"}"}]}
RESULT: {}
RESULT: {"script":"<script> [1562 bytes]","args":[{"selector":{"controlType":"sap.m.GenericTile","properties":{"header":"Manage Partners"}},"wdio_ui5_key":"sapm.GenericTile{\"header\":\"Manage Partners\"}"}]}
RESULT: undefined
COMMAND: POST /session/38813ac31724e69450bb97a32539a866/element - {"using":"xpath","value":"//*[@id=\"__tile39\"]"}
RESULT: {"using":"xpath","value":"//*[@id=\"__tile39\"]"}
COMMAND: POST /session/38813ac31724e69450bb97a32539a866/element/f.145F15F56CD620DDA6DD983A1FFAAB72.d.21630AAB0C6D9173545245FE096D0EBA.e.155/click - {}
RESULT: {}
COMMAND: GET /session/38813ac31724e69450bb97a32539a866/screenshot - {}
RESULT: {}
COMMAND: POST /session/38813ac31724e69450bb97a32539a866/elements - {"using":"xpath","value":"//span[text()='Error']"}
RESULT: {"using":"xpath","value":"//span[text()='Error']"}
COMMAND: POST /session/38813ac31724e69450bb97a32539a866/element - {"using":"xpath","value":"//button[@data-kt=\"addButton\"]"}
RESULT: {"using":"xpath","value":"//button[@data-kt=\"addButton\"]"}
COMMAND: POST /session/38813ac31724e69450bb97a32539a866/elements - {"using":"xpath","value":"//button[@data-kt=\"addButton\"]"}
RESULT: {"using":"xpath","value":"//button[@data-kt=\"addButton\"]"}
COMMAND: POST /session/38813ac31724e69450bb97a32539a866/elements - {"using":"xpath","value":"//button[@data-kt=\"addButton\"]"}
RESULT: {"using":"xpath","value":"//button[@data-kt=\"addButton\"]"}
COMMAND: POST /session/38813ac31724e69450bb97a32539a866/element - {"using":"xpath","value":"//button[@data-kt=\"addButton\"]"}
RESULT: {"using":"xpath","value":"//button[@data-kt=\"addButton\"]"}
COMMAND: POST /session/38813ac31724e69450bb97a32539a866/execute/sync - {"script":"<script> [8489 bytes]","args":[{"element-6066-11e4-a52e-4f735466cecf":"f.145F15F56CD620DDA6DD983A1FFAAB72.d.21630AAB0C6D9173545245FE096D0EBA.e.1061","ELEMENT":"f.145F15F56CD620DDA6DD983A1FFAAB72.d.21630AAB0C6D9173545245FE096D0EBA.e.1061"}]}
RESULT: {"script":"<script> [8489 bytes]","args":[{"element-6066-11e4-a52e-4f735466cecf":"f.145F15F56CD620DDA6DD983A1FFAAB72.d.21630AAB0C6D9173545245FE096D0EBA.e.1061","ELEMENT":"f.145F15F56CD620DDA6DD983A1FFAAB72.d.21630AAB0C6D9173545245FE096D0EBA.e.1061"}]}
COMMAND: GET /session/38813ac31724e69450bb97a32539a866/element/f.145F15F56CD620DDA6DD983A1FFAAB72.d.21630AAB0C6D9173545245FE096D0EBA.e.1061/enabled - {}
COMMAND: GET /session/38813ac31724e69450bb97a32539a866/screenshot - {}
RESULT: {}
COMMAND: POST /session/38813ac31724e69450bb97a32539a866/execute/sync - {"script":"<script> [8489 bytes]","args":[{"element-6066-11e4-a52e-4f735466cecf":"f.145F15F56CD620DDA6DD983A1FFAAB72.d.21630AAB0C6D9173545245FE096D0EBA.e.1061","ELEMENT":"f.145F15F56CD620DDA6DD983A1FFAAB72.d.21630AAB0C6D9173545245FE096D0EBA.e.1061"}]}
COMMAND: GET /session/38813ac31724e69450bb97a32539a866/screenshot - {}
RESULT: {}
RESULT: {}
RESULT: {"script":"<script> [8489 bytes]","args":[{"element-6066-11e4-a52e-4f735466cecf":"f.145F15F56CD620DDA6DD983A1FFAAB72.d.21630AAB0C6D9173545245FE096D0EBA.e.1061","ELEMENT":"f.145F15F56CD620DDA6DD983A1FFAAB72.d.21630AAB0C6D9173545245FE096D0EBA.e.1061"}]}
COMMAND: POST /session/38813ac31724e69450bb97a32539a866/execute/sync - {"script":"<script> [5351 bytes]","args":[{"element-6066-11e4-a52e-4f735466cecf":"f.145F15F56CD620DDA6DD983A1FFAAB72.d.21630AAB0C6D9173545245FE096D0EBA.e.1061","ELEMENT":"f.145F15F56CD620DDA6DD983A1FFAAB72.d.21630AAB0C6D9173545245FE096D0EBA.e.1061"}]}
COMMAND: GET /session/38813ac31724e69450bb97a32539a866/screenshot - {}
RESULT: {"script":"<script> [5351 bytes]","args":[{"element-6066-11e4-a52e-4f735466cecf":"f.145F15F56CD620DDA6DD983A1FFAAB72.d.21630AAB0C6D9173545245FE096D0EBA.e.1061","ELEMENT":"f.145F15F56CD620DDA6DD983A1FFAAB72.d.21630AAB0C6D9173545245FE096D0EBA.e.1061"}]}
COMMAND: POST /session/38813ac31724e69450bb97a32539a866/element/f.145F15F56CD620DDA6DD983A1FFAAB72.d.21630AAB0C6D9173545245FE096D0EBA.e.1061/click - {}
COMMAND: GET /session/38813ac31724e69450bb97a32539a866/screenshot - {}
RESULT: {}
RESULT: {}
COMMAND: GET /session/38813ac31724e69450bb97a32539a866/screenshot - {}
RESULT: {}
RESULT: {}
COMMAND: POST /session/38813ac31724e69450bb97a32539a866/execute/async - {"script":"<script> [1562 bytes]","args":[{"selector":{"id":"application-managepartners-display-component---NewPartner--addressDetailDetailsName1","interaction":{"idSuffix":"inner"}},"wdio_ui5_key":"applicationmanagepartners-display-component---NewPartner--addressDetailDetailsName1"}]}
RESULT: {"script":"<script> [1562 bytes]","args":[{"selector":{"id":"application-managepartners-display-component---NewPartner--addressDetailDetailsName1","interaction":{"idSuffix":"inner"}},"wdio_ui5_key":"applicationmanagepartners-display-component---NewPartner--addressDetailDetailsName1"}]}
RESULT: undefined
COMMAND: POST /session/38813ac31724e69450bb97a32539a866/execute/async - {"script":"<script> [776 bytes]","args":[{"enterText":"Intracompany Partner WDIO","selector":{"id":"application-managepartners-display-component---NewPartner--addressDetailDetailsName1","interaction":{"idSuffix":"inner"}},"clearTextFirst":true,"interactionType":"ENTER_TEXT"}]}
RESULT: {"script":"<script> [776 bytes]","args":[{"enterText":"Intracompany Partner WDIO","selector":{"id":"application-managepartners-display-component---NewPartner--addressDetailDetailsName1","interaction":{"idSuffix":"inner"}},"clearTextFirst":true,"interactionType":"ENTER_TEXT"}]}
COMMAND: POST /session/38813ac31724e69450bb97a32539a866/execute/async - {"script":"<script> [1562 bytes]","args":[{"selector":{"id":"application-managepartners-display-component---NewPartner--addressDetailDetailsLanguage-arrow"},"wdio_ui5_key":"applicationmanagepartners-display-component---NewPartner--addressDetailDetailsLanguage-arrow"}]}
RESULT: {"script":"<script> [1562 bytes]","args":[{"selector":{"id":"application-managepartners-display-component---NewPartner--addressDetailDetailsLanguage-arrow"},"wdio_ui5_key":"applicationmanagepartners-display-component---NewPartner--addressDetailDetailsLanguage-arrow"}]}
RESULT: undefined
COMMAND: POST /session/38813ac31724e69450bb97a32539a866/element - {"using":"xpath","value":"//*[@id=\"application-managepartners-display-component---NewPartner--addressDetailDetailsLanguage-arrow\"]"}
RESULT: {"using":"xpath","value":"//*[@id=\"application-managepartners-display-component---NewPartner--addressDetailDetailsLanguage-arrow\"]"}
COMMAND: POST /session/38813ac31724e69450bb97a32539a866/element/f.145F15F56CD620DDA6DD983A1FFAAB72.d.21630AAB0C6D9173545245FE096D0EBA.e.1505/click - {}
RESULT: {}
COMMAND: POST /session/38813ac31724e69450bb97a32539a866/element - {"using":"xpath","value":"//span[contains(text(), \"English\")]"}
COMMAND: GET /session/38813ac31724e69450bb97a32539a866/screenshot - {}
RESULT: {"using":"xpath","value":"//span[contains(text(), \"English\")]"}
COMMAND: POST /session/38813ac31724e69450bb97a32539a866/element/f.145F15F56CD620DDA6DD983A1FFAAB72.d.21630AAB0C6D9173545245FE096D0EBA.e.1506/click - {}
RESULT: {}
RESULT: {}
COMMAND: GET /session/38813ac31724e69450bb97a32539a866/screenshot - {}
RESULT: {}
COMMAND: POST /session/38813ac31724e69450bb97a32539a866/execute/async - {"script":"<script> [1562 bytes]","args":[{"selector":{"id":"application-managepartners-display-component---NewPartner--addressDetailDetailsCity1","interaction":{"idSuffix":"inner"}},"wdio_ui5_key":"applicationmanagepartners-display-component---NewPartner--addressDetailDetailsCity1"}]}
RESULT: {"script":"<script> [1562 bytes]","args":[{"selector":{"id":"application-managepartners-display-component---NewPartner--addressDetailDetailsCity1","interaction":{"idSuffix":"inner"}},"wdio_ui5_key":"applicationmanagepartners-display-component---NewPartner--addressDetailDetailsCity1"}]}
RESULT: undefined
COMMAND: POST /session/38813ac31724e69450bb97a32539a866/execute/async - {"script":"<script> [776 bytes]","args":[{"enterText":"Rosario","selector":{"id":"application-managepartners-display-component---NewPartner--addressDetailDetailsCity1","interaction":{"idSuffix":"inner"}},"clearTextFirst":true,"interactionType":"ENTER_TEXT"}]}
RESULT: {"script":"<script> [776 bytes]","args":[{"enterText":"Rosario","selector":{"id":"application-managepartners-display-component---NewPartner--addressDetailDetailsCity1","interaction":{"idSuffix":"inner"}},"clearTextFirst":true,"interactionType":"ENTER_TEXT"}]}
COMMAND: POST /session/38813ac31724e69450bb97a32539a866/execute/async - {"script":"<script> [1562 bytes]","args":[{"selector":{"id":"application-managepartners-display-component---NewPartner--addressDetailDetailsCountry-arrow"},"wdio_ui5_key":"applicationmanagepartners-display-component---NewPartner--addressDetailDetailsCountry-arrow"}]}
RESULT: {"script":"<script> [1562 bytes]","args":[{"selector":{"id":"application-managepartners-display-component---NewPartner--addressDetailDetailsCountry-arrow"},"wdio_ui5_key":"applicationmanagepartners-display-component---NewPartner--addressDetailDetailsCountry-arrow"}]}
RESULT: undefined
COMMAND: POST /session/38813ac31724e69450bb97a32539a866/element - {"using":"xpath","value":"//*[@id=\"application-managepartners-display-component---NewPartner--addressDetailDetailsCountry-arrow\"]"}
RESULT: {"using":"xpath","value":"//*[@id=\"application-managepartners-display-component---NewPartner--addressDetailDetailsCountry-arrow\"]"}
COMMAND: POST /session/38813ac31724e69450bb97a32539a866/element/f.145F15F56CD620DDA6DD983A1FFAAB72.d.21630AAB0C6D9173545245FE096D0EBA.e.1480/click - {}
RESULT: {}
COMMAND: POST /session/38813ac31724e69450bb97a32539a866/element - {"using":"xpath","value":"//span[contains(text(), \"Argentina\")]"}
COMMAND: GET /session/38813ac31724e69450bb97a32539a866/screenshot - {}
RESULT: {"using":"xpath","value":"//span[contains(text(), \"Argentina\")]"}
COMMAND: POST /session/38813ac31724e69450bb97a32539a866/element/f.145F15F56CD620DDA6DD983A1FFAAB72.d.21630AAB0C6D9173545245FE096D0EBA.e.1508/click - {}
RESULT: {}
RESULT: {}
COMMAND: GET /session/38813ac31724e69450bb97a32539a866/screenshot - {}
RESULT: {}
COMMAND: POST /session/38813ac31724e69450bb97a32539a866/element - {"using":"xpath","value":"//bdi[contains(text(), \"Commercial\")]"}
RESULT: {"using":"xpath","value":"//bdi[contains(text(), \"Commercial\")]"}
COMMAND: POST /session/38813ac31724e69450bb97a32539a866/element/f.145F15F56CD620DDA6DD983A1FFAAB72.d.21630AAB0C6D9173545245FE096D0EBA.e.1509/click - {}
RESULT: {}
COMMAND: GET /session/38813ac31724e69450bb97a32539a866/screenshot - {}
RESULT: {}
COMMAND: POST /session/38813ac31724e69450bb97a32539a866/execute/async - {"script":"<script> [1562 bytes]","args":[{"selector":{"id":"application-managepartners-display-component---NewPartner--partnerDetailInternal-arrow"},"wdio_ui5_key":"applicationmanagepartners-display-component---NewPartner--partnerDetailInternal-arrow"}]}
RESULT: {"script":"<script> [1562 bytes]","args":[{"selector":{"id":"application-managepartners-display-component---NewPartner--partnerDetailInternal-arrow"},"wdio_ui5_key":"applicationmanagepartners-display-component---NewPartner--partnerDetailInternal-arrow"}]}
RESULT: undefined
COMMAND: POST /session/38813ac31724e69450bb97a32539a866/element - {"using":"xpath","value":"//*[@id=\"application-managepartners-display-component---NewPartner--partnerDetailInternal-arrow\"]"}
RESULT: {"using":"xpath","value":"//*[@id=\"application-managepartners-display-component---NewPartner--partnerDetailInternal-arrow\"]"}
COMMAND: POST /session/38813ac31724e69450bb97a32539a866/element/f.145F15F56CD620DDA6DD983A1FFAAB72.d.21630AAB0C6D9173545245FE096D0EBA.e.1517/click - {}
RESULT: {}
COMMAND: POST /session/38813ac31724e69450bb97a32539a866/element - {"using":"xpath","value":"//span[contains(text(), \"Affiliated company\")]"}
COMMAND: GET /session/38813ac31724e69450bb97a32539a866/screenshot - {}
RESULT: {"using":"xpath","value":"//span[contains(text(), \"Affiliated company\")]"}
COMMAND: POST /session/38813ac31724e69450bb97a32539a866/element/f.145F15F56CD620DDA6DD983A1FFAAB72.d.21630AAB0C6D9173545245FE096D0EBA.e.1518/click - {}
RESULT: {}
RESULT: {}
COMMAND: POST /session/38813ac31724e69450bb97a32539a866/execute/async - {"script":"<script> [1562 bytes]","args":[{"selector":{"id":"application-managepartners-display-component---NewPartner--partnerDetailsCurrency-arrow"},"wdio_ui5_key":"applicationmanagepartners-display-component---NewPartner--partnerDetailsCurrency-arrow"}]}
COMMAND: GET /session/38813ac31724e69450bb97a32539a866/screenshot - {}
RESULT: {"script":"<script> [1562 bytes]","args":[{"selector":{"id":"application-managepartners-display-component---NewPartner--partnerDetailsCurrency-arrow"},"wdio_ui5_key":"applicationmanagepartners-display-component---NewPartner--partnerDetailsCurrency-arrow"}]}
RESULT: undefined
COMMAND: POST /session/38813ac31724e69450bb97a32539a866/element - {"using":"xpath","value":"//*[@id=\"application-managepartners-display-component---NewPartner--partnerDetailsCurrency-arrow\"]"}
RESULT: {}
RESULT: {"using":"xpath","value":"//*[@id=\"application-managepartners-display-component---NewPartner--partnerDetailsCurrency-arrow\"]"}
COMMAND: POST /session/38813ac31724e69450bb97a32539a866/element/f.145F15F56CD620DDA6DD983A1FFAAB72.d.21630AAB0C6D9173545245FE096D0EBA.e.1525/click - {}
RESULT: {}
COMMAND: POST /session/38813ac31724e69450bb97a32539a866/element - {"using":"xpath","value":"//span[contains(text(), \"Euro\")]"}
COMMAND: GET /session/38813ac31724e69450bb97a32539a866/screenshot - {}
RESULT: {"using":"xpath","value":"//span[contains(text(), \"Euro\")]"}
COMMAND: POST /session/38813ac31724e69450bb97a32539a866/element/f.145F15F56CD620DDA6DD983A1FFAAB72.d.21630AAB0C6D9173545245FE096D0EBA.e.1526/click - {}
RESULT: {}
RESULT: {}
COMMAND: POST /session/38813ac31724e69450bb97a32539a866/execute/async - {"script":"<script> [1562 bytes]","args":[{"selector":{"id":"application-managepartners-display-component---NewPartner--addressEditDetailsCostObjectCstType-arrow"},"wdio_ui5_key":"applicationmanagepartners-display-component---NewPartner--addressEditDetailsCostObjectCstType-arrow"}]}
COMMAND: GET /session/38813ac31724e69450bb97a32539a866/screenshot - {}
RESULT: {"script":"<script> [1562 bytes]","args":[{"selector":{"id":"application-managepartners-display-component---NewPartner--addressEditDetailsCostObjectCstType-arrow"},"wdio_ui5_key":"applicationmanagepartners-display-component---NewPartner--addressEditDetailsCostObjectCstType-arrow"}]}
RESULT: undefined
COMMAND: POST /session/38813ac31724e69450bb97a32539a866/element - {"using":"xpath","value":"//*[@id=\"application-managepartners-display-component---NewPartner--addressEditDetailsCostObjectCstType-arrow\"]"}
RESULT: {}
RESULT: {"using":"xpath","value":"//*[@id=\"application-managepartners-display-component---NewPartner--addressEditDetailsCostObjectCstType-arrow\"]"}
COMMAND: POST /session/38813ac31724e69450bb97a32539a866/element/f.145F15F56CD620DDA6DD983A1FFAAB72.d.21630AAB0C6D9173545245FE096D0EBA.e.1527/click - {}
RESULT: {}
COMMAND: POST /session/38813ac31724e69450bb97a32539a866/element - {"using":"xpath","value":"//span[contains(text(), \"Cost Center\")]"}
COMMAND: GET /session/38813ac31724e69450bb97a32539a866/screenshot - {}
RESULT: {"using":"xpath","value":"//span[contains(text(), \"Cost Center\")]"}
COMMAND: POST /session/38813ac31724e69450bb97a32539a866/element/f.145F15F56CD620DDA6DD983A1FFAAB72.d.21630AAB0C6D9173545245FE096D0EBA.e.1528/click - {}
RESULT: {}
RESULT: {}
COMMAND: GET /session/38813ac31724e69450bb97a32539a866/screenshot - {}
RESULT: {}
COMMAND: POST /session/38813ac31724e69450bb97a32539a866/element - {"using":"xpath","value":"//span[@id=\"application-managepartners-display-component---NewPartner--addressNewCostObjectCstID-vhi\"]"}
RESULT: {"using":"xpath","value":"//span[@id=\"application-managepartners-display-component---NewPartner--addressNewCostObjectCstID-vhi\"]"}
COMMAND: POST /session/38813ac31724e69450bb97a32539a866/execute/sync - {"script":"<script> [8489 bytes]","args":[{"element-6066-11e4-a52e-4f735466cecf":"f.145F15F56CD620DDA6DD983A1FFAAB72.d.21630AAB0C6D9173545245FE096D0EBA.e.1532","ELEMENT":"f.145F15F56CD620DDA6DD983A1FFAAB72.d.21630AAB0C6D9173545245FE096D0EBA.e.1532"}]}
RESULT: {"script":"<script> [8489 bytes]","args":[{"element-6066-11e4-a52e-4f735466cecf":"f.145F15F56CD620DDA6DD983A1FFAAB72.d.21630AAB0C6D9173545245FE096D0EBA.e.1532","ELEMENT":"f.145F15F56CD620DDA6DD983A1FFAAB72.d.21630AAB0C6D9173545245FE096D0EBA.e.1532"}]}
COMMAND: POST /session/38813ac31724e69450bb97a32539a866/execute/async - {"script":"<script> [1562 bytes]","args":[{"selector":{"id":"application-managepartners-display-component---NewPartner--addressNewCostObjectCstID-vhi"},"wdio_ui5_key":"applicationmanagepartners-display-component---NewPartner--addressNewCostObjectCstID-vhi"}]}
COMMAND: GET /session/38813ac31724e69450bb97a32539a866/screenshot - {}
RESULT: {"script":"<script> [1562 bytes]","args":[{"selector":{"id":"application-managepartners-display-component---NewPartner--addressNewCostObjectCstID-vhi"},"wdio_ui5_key":"applicationmanagepartners-display-component---NewPartner--addressNewCostObjectCstID-vhi"}]}
RESULT: undefined
COMMAND: POST /session/38813ac31724e69450bb97a32539a866/element - {"using":"xpath","value":"//*[@id=\"application-managepartners-display-component---NewPartner--addressNewCostObjectCstID-vhi\"]"}
RESULT: {}
RESULT: {"using":"xpath","value":"//*[@id=\"application-managepartners-display-component---NewPartner--addressNewCostObjectCstID-vhi\"]"}
COMMAND: POST /session/38813ac31724e69450bb97a32539a866/element/f.145F15F56CD620DDA6DD983A1FFAAB72.d.21630AAB0C6D9173545245FE096D0EBA.e.1532/click - {}
RESULT: {}
COMMAND: GET /session/38813ac31724e69450bb97a32539a866/screenshot - {}
RESULT: {}
RESULT: undefined
COMMAND: POST /session/38813ac31724e69450bb97a32539a866/execute/async - {"script":"<script> [776 bytes]","args":[{"enterText":"10001013","selector":{"controlType":"sap.m.SearchField","properties":{"placeholder":"Search"},"searchOpenDialogs":true,"interaction":{"idSuffix":"I"}},"clearTextFirst":true,"interactionType":"ENTER_TEXT"}]}
RESULT: {"script":"<script> [776 bytes]","args":[{"enterText":"10001013","selector":{"controlType":"sap.m.SearchField","properties":{"placeholder":"Search"},"searchOpenDialogs":true,"interaction":{"idSuffix":"I"}},"clearTextFirst":true,"interactionType":"ENTER_TEXT"}]}
COMMAND: POST /session/38813ac31724e69450bb97a32539a866/actions - {"actions":[{"id":"action2","type":"key","parameters":{},"actions":[{"type":"keyDown","value":""},{"type":"pause","duration":10},{"type":"keyUp","value":""}]}]}
RESULT: {"actions":[{"id":"action2","type":"key","parameters":{},"actions":[{"type":"keyDown","value":""},{"type":"pause","duration":10},{"type":"keyUp","value":""}]}]}
COMMAND: GET /session/38813ac31724e69450bb97a32539a866/screenshot - {}
RESULT: {}
COMMAND: POST /session/38813ac31724e69450bb97a32539a866/element - {"using":"xpath","value":"//span[contains(text(), \"General Management\")]"}
RESULT: {"using":"xpath","value":"//span[contains(text(), \"General Management\")]"}
COMMAND: POST /session/38813ac31724e69450bb97a32539a866/element/f.145F15F56CD620DDA6DD983A1FFAAB72.d.21630AAB0C6D9173545245FE096D0EBA.e.1570/click - {}
RESULT: {}
COMMAND: GET /session/38813ac31724e69450bb97a32539a866/screenshot - {}
RESULT: {}
COMMAND: POST /session/38813ac31724e69450bb97a32539a866/element - {"using":"xpath","value":"//bdi[contains(text(), \"OK\")]"}
RESULT: {"using":"xpath","value":"//bdi[contains(text(), \"OK\")]"}
COMMAND: POST /session/38813ac31724e69450bb97a32539a866/element/f.145F15F56CD620DDA6DD983A1FFAAB72.d.21630AAB0C6D9173545245FE096D0EBA.e.1571/click - {}
RESULT: {}
COMMAND: GET /session/38813ac31724e69450bb97a32539a866/screenshot - {}
RESULT: {}
COMMAND: POST /session/38813ac31724e69450bb97a32539a866/element - {"using":"xpath","value":"//input[@id=\"application-managepartners-display-component---NewPartner--companyCodeComboBox-inner\"]"}
RESULT: {"using":"xpath","value":"//input[@id=\"application-managepartners-display-component---NewPartner--companyCodeComboBox-inner\"]"}
COMMAND: POST /session/38813ac31724e69450bb97a32539a866/element/f.145F15F56CD620DDA6DD983A1FFAAB72.d.21630AAB0C6D9173545245FE096D0EBA.e.1375/clear - {}
RESULT: {}
COMMAND: POST /session/38813ac31724e69450bb97a32539a866/element/f.145F15F56CD620DDA6DD983A1FFAAB72.d.21630AAB0C6D9173545245FE096D0EBA.e.1375/value - {"text":"1000"}
COMMAND: GET /session/38813ac31724e69450bb97a32539a866/screenshot - {}
RESULT: {}
RESULT: {"text":"1000"}
COMMAND: GET /session/38813ac31724e69450bb97a32539a866/screenshot - {}
RESULT: {}
COMMAND: POST /session/38813ac31724e69450bb97a32539a866/element - {"using":"xpath","value":"//li[.//span[text()= \"1000\"]]"}
RESULT: {"using":"xpath","value":"//li[.//span[text()= \"1000\"]]"}
COMMAND: POST /session/38813ac31724e69450bb97a32539a866/element/f.145F15F56CD620DDA6DD983A1FFAAB72.d.21630AAB0C6D9173545245FE096D0EBA.e.1577/click - {}
RESULT: {}
COMMAND: GET /session/38813ac31724e69450bb97a32539a866/screenshot - {}
RESULT: {}
COMMAND: POST /session/38813ac31724e69450bb97a32539a866/execute/async - {"script":"<script> [1562 bytes]","args":[{"selector":{"id":"application-managepartners-display-component---NewPartner--btnAddTableRow-img"},"wdio_ui5_key":"applicationmanagepartners-display-component---NewPartner--btnAddTableRow-img"}]}
RESULT: {"script":"<script> [1562 bytes]","args":[{"selector":{"id":"application-managepartners-display-component---NewPartner--btnAddTableRow-img"},"wdio_ui5_key":"applicationmanagepartners-display-component---NewPartner--btnAddTableRow-img"}]}
RESULT: undefined
COMMAND: POST /session/38813ac31724e69450bb97a32539a866/element - {"using":"xpath","value":"//*[@id=\"application-managepartners-display-component---NewPartner--btnAddTableRow-img\"]"}
RESULT: {"using":"xpath","value":"//*[@id=\"application-managepartners-display-component---NewPartner--btnAddTableRow-img\"]"}
COMMAND: POST /session/38813ac31724e69450bb97a32539a866/element/f.145F15F56CD620DDA6DD983A1FFAAB72.d.21630AAB0C6D9173545245FE096D0EBA.e.1578/click - {}
RESULT: {}
COMMAND: GET /session/38813ac31724e69450bb97a32539a866/screenshot - {}
RESULT: {}
COMMAND: POST /session/38813ac31724e69450bb97a32539a866/element - {"using":"xpath","value":"//input[@id=\"application-managepartners-display-component---NewPartner--assignmentYard-application-managepartners-display-component---NewPartner--assignmentsTable-0-inner\"]"}
RESULT: {"using":"xpath","value":"//input[@id=\"application-managepartners-display-component---NewPartner--assignmentYard-application-managepartners-display-component---NewPartner--assignmentsTable-0-inner\"]"}
COMMAND: POST /session/38813ac31724e69450bb97a32539a866/element/f.145F15F56CD620DDA6DD983A1FFAAB72.d.21630AAB0C6D9173545245FE096D0EBA.e.1581/clear - {}
RESULT: {}
COMMAND: POST /session/38813ac31724e69450bb97a32539a866/element/f.145F15F56CD620DDA6DD983A1FFAAB72.d.21630AAB0C6D9173545245FE096D0EBA.e.1581/value - {"text":"251"}
COMMAND: GET /session/38813ac31724e69450bb97a32539a866/screenshot - {}
RESULT: {"text":"251"}
COMMAND: GET /session/38813ac31724e69450bb97a32539a866/screenshot - {}
RESULT: {}
RESULT: {}
COMMAND: POST /session/38813ac31724e69450bb97a32539a866/element - {"using":"xpath","value":"//ul[contains(@id,\"NewPartner--assignmentsTable-0-popup-list-listUl\")]//li[.//span[text()='251']]"}
RESULT: {"using":"xpath","value":"//ul[contains(@id,\"NewPartner--assignmentsTable-0-popup-list-listUl\")]//li[.//span[text()='251']]"}
COMMAND: POST /session/38813ac31724e69450bb97a32539a866/element/f.145F15F56CD620DDA6DD983A1FFAAB72.d.21630AAB0C6D9173545245FE096D0EBA.e.1590/click - {}
RESULT: {}
COMMAND: GET /session/38813ac31724e69450bb97a32539a866/screenshot - {}
RESULT: {}
COMMAND: POST /session/38813ac31724e69450bb97a32539a866/actions - {"actions":[{"id":"action3","type":"key","parameters":{},"actions":[{"type":"keyDown","value":""},{"type":"pause","duration":10},{"type":"keyUp","value":""}]}]}
RESULT: {"actions":[{"id":"action3","type":"key","parameters":{},"actions":[{"type":"keyDown","value":""},{"type":"pause","duration":10},{"type":"keyUp","value":""}]}]}
COMMAND: POST /session/38813ac31724e69450bb97a32539a866/execute/async - {"script":"<script> [1562 bytes]","args":[{"selector":{"id":"application-managepartners-display-component---NewPartner--externalCustomerComboBox-application-managepartners-display-component---NewPartner--assignmentsTable-0-vhi"},"wdio_ui5_key":"applicationmanagepartners-display-component---NewPartner--externalCustomerComboBox-application-managepartners-display-component---NewPartner--assignmentsTable-0-vhi"}]}
COMMAND: GET /session/38813ac31724e69450bb97a32539a866/screenshot - {}
RESULT: {"script":"<script> [1562 bytes]","args":[{"selector":{"id":"application-managepartners-display-component---NewPartner--externalCustomerComboBox-application-managepartners-display-component---NewPartner--assignmentsTable-0-vhi"},"wdio_ui5_key":"applicationmanagepartners-display-component---NewPartner--externalCustomerComboBox-application-managepartners-display-component---NewPartner--assignmentsTable-0-vhi"}]}
RESULT: undefined
COMMAND: POST /session/38813ac31724e69450bb97a32539a866/element - {"using":"xpath","value":"//*[@id=\"application-managepartners-display-component---NewPartner--externalCustomerComboBox-application-managepartners-display-component---NewPartner--assignmentsTable-0-vhi\"]"}
RESULT: {}
RESULT: {"using":"xpath","value":"//*[@id=\"application-managepartners-display-component---NewPartner--externalCustomerComboBox-application-managepartners-display-component---NewPartner--assignmentsTable-0-vhi\"]"}
COMMAND: POST /session/38813ac31724e69450bb97a32539a866/element/f.145F15F56CD620DDA6DD983A1FFAAB72.d.21630AAB0C6D9173545245FE096D0EBA.e.1594/click - {}
RESULT: {}
RESULT: undefined
COMMAND: POST /session/38813ac31724e69450bb97a32539a866/execute/async - {"script":"<script> [776 bytes]","args":[{"enterText":"300003","selector":{"controlType":"sap.m.SearchField","properties":{"placeholder":"Search"},"searchOpenDialogs":true,"interaction":{"idSuffix":"I"}},"clearTextFirst":true,"interactionType":"ENTER_TEXT"}]}
COMMAND: GET /session/38813ac31724e69450bb97a32539a866/screenshot - {}
RESULT: {"script":"<script> [776 bytes]","args":[{"enterText":"300003","selector":{"controlType":"sap.m.SearchField","properties":{"placeholder":"Search"},"searchOpenDialogs":true,"interaction":{"idSuffix":"I"}},"clearTextFirst":true,"interactionType":"ENTER_TEXT"}]}
COMMAND: POST /session/38813ac31724e69450bb97a32539a866/actions - {"actions":[{"id":"action4","type":"key","parameters":{},"actions":[{"type":"keyDown","value":""},{"type":"pause","duration":10},{"type":"keyUp","value":""}]}]}
RESULT: {}
RESULT: {"actions":[{"id":"action4","type":"key","parameters":{},"actions":[{"type":"keyDown","value":""},{"type":"pause","duration":10},{"type":"keyUp","value":""}]}]}
COMMAND: GET /session/38813ac31724e69450bb97a32539a866/screenshot - {}
RESULT: {}
COMMAND: POST /session/38813ac31724e69450bb97a32539a866/element - {"using":"xpath","value":"//span[contains(text(), \"300003\")]"}
RESULT: {"using":"xpath","value":"//span[contains(text(), \"300003\")]"}
COMMAND: POST /session/38813ac31724e69450bb97a32539a866/element/f.145F15F56CD620DDA6DD983A1FFAAB72.d.21630AAB0C6D9173545245FE096D0EBA.e.1643/click - {}
RESULT: {}
COMMAND: GET /session/38813ac31724e69450bb97a32539a866/screenshot - {}
RESULT: {}
COMMAND: POST /session/38813ac31724e69450bb97a32539a866/element - {"using":"xpath","value":"//bdi[contains(text(), \"OK\")]"}
RESULT: {"using":"xpath","value":"//bdi[contains(text(), \"OK\")]"}
COMMAND: POST /session/38813ac31724e69450bb97a32539a866/element/f.145F15F56CD620DDA6DD983A1FFAAB72.d.21630AAB0C6D9173545245FE096D0EBA.e.1645/click - {}
RESULT: {}
COMMAND: GET /session/38813ac31724e69450bb97a32539a866/screenshot - {}
RESULT: {}
COMMAND: POST /session/38813ac31724e69450bb97a32539a866/execute/async - {"script":"<script> [1562 bytes]","args":[{"selector":{"id":"application-managepartners-display-component---NewPartner--intercompVendorComboBox-application-managepartners-display-component---NewPartner--assignmentsTable-0-vhi"},"wdio_ui5_key":"applicationmanagepartners-display-component---NewPartner--intercompVendorComboBox-application-managepartners-display-component---NewPartner--assignmentsTable-0-vhi"}]}
RESULT: {"script":"<script> [1562 bytes]","args":[{"selector":{"id":"application-managepartners-display-component---NewPartner--intercompVendorComboBox-application-managepartners-display-component---NewPartner--assignmentsTable-0-vhi"},"wdio_ui5_key":"applicationmanagepartners-display-component---NewPartner--intercompVendorComboBox-application-managepartners-display-component---NewPartner--assignmentsTable-0-vhi"}]}
RESULT: undefined
COMMAND: POST /session/38813ac31724e69450bb97a32539a866/element - {"using":"xpath","value":"//*[@id=\"application-managepartners-display-component---NewPartner--intercompVendorComboBox-application-managepartners-display-component---NewPartner--assignmentsTable-0-vhi\"]"}
RESULT: {"using":"xpath","value":"//*[@id=\"application-managepartners-display-component---NewPartner--intercompVendorComboBox-application-managepartners-display-component---NewPartner--assignmentsTable-0-vhi\"]"}
COMMAND: POST /session/38813ac31724e69450bb97a32539a866/element/f.145F15F56CD620DDA6DD983A1FFAAB72.d.21630AAB0C6D9173545245FE096D0EBA.e.1648/click - {}
RESULT: {}
RESULT: undefined
COMMAND: POST /session/38813ac31724e69450bb97a32539a866/execute/async - {"script":"<script> [776 bytes]","args":[{"enterText":"100005","selector":{"controlType":"sap.m.SearchField","properties":{"placeholder":"Search"},"searchOpenDialogs":true,"interaction":{"idSuffix":"I"}},"clearTextFirst":true,"interactionType":"ENTER_TEXT"}]}
COMMAND: GET /session/38813ac31724e69450bb97a32539a866/screenshot - {}
RESULT: {"script":"<script> [776 bytes]","args":[{"enterText":"100005","selector":{"controlType":"sap.m.SearchField","properties":{"placeholder":"Search"},"searchOpenDialogs":true,"interaction":{"idSuffix":"I"}},"clearTextFirst":true,"interactionType":"ENTER_TEXT"}]}
COMMAND: POST /session/38813ac31724e69450bb97a32539a866/actions - {"actions":[{"id":"action5","type":"key","parameters":{},"actions":[{"type":"keyDown","value":""},{"type":"pause","duration":10},{"type":"keyUp","value":""}]}]}
RESULT: {}
RESULT: {"actions":[{"id":"action5","type":"key","parameters":{},"actions":[{"type":"keyDown","value":""},{"type":"pause","duration":10},{"type":"keyUp","value":""}]}]}
COMMAND: GET /session/38813ac31724e69450bb97a32539a866/screenshot - {}
RESULT: {}
COMMAND: POST /session/38813ac31724e69450bb97a32539a866/element - {"using":"xpath","value":"//span[contains(text(), \"Penguins - Field/12345 Berlin\")]"}
RESULT: {"using":"xpath","value":"//span[contains(text(), \"Penguins - Field/12345 Berlin\")]"}
COMMAND: POST /session/38813ac31724e69450bb97a32539a866/element/f.145F15F56CD620DDA6DD983A1FFAAB72.d.21630AAB0C6D9173545245FE096D0EBA.e.1666/click - {}
RESULT: {}
COMMAND: GET /session/38813ac31724e69450bb97a32539a866/screenshot - {}
RESULT: {}
COMMAND: POST /session/38813ac31724e69450bb97a32539a866/element - {"using":"xpath","value":"//bdi[contains(text(), \"OK\")]"}
RESULT: {"using":"xpath","value":"//bdi[contains(text(), \"OK\")]"}
COMMAND: POST /session/38813ac31724e69450bb97a32539a866/element/f.145F15F56CD620DDA6DD983A1FFAAB72.d.21630AAB0C6D9173545245FE096D0EBA.e.1667/click - {}
RESULT: {}
COMMAND: GET /session/38813ac31724e69450bb97a32539a866/screenshot - {}
RESULT: {}
COMMAND: POST /session/38813ac31724e69450bb97a32539a866/element - {"using":"xpath","value":"//button[@data-kt=\"saveButton\"]"}
RESULT: {"using":"xpath","value":"//button[@data-kt=\"saveButton\"]"}
COMMAND: POST /session/38813ac31724e69450bb97a32539a866/element/f.145F15F56CD620DDA6DD983A1FFAAB72.d.21630AAB0C6D9173545245FE096D0EBA.e.1482/click - {}
RESULT: {}
COMMAND: GET /session/38813ac31724e69450bb97a32539a866/screenshot - {}
RESULT: {}
COMMAND: POST /session/38813ac31724e69450bb97a32539a866/element - {"using":"xpath","value":"//header[contains(@id, 'ObjectPageLayout-headerTitle')]/div[1]/div[2]/div[2]/span[1]"}
RESULT: {"using":"xpath","value":"//header[contains(@id, 'ObjectPageLayout-headerTitle')]/div[1]/div[2]/div[2]/span[1]"}
COMMAND: POST /session/38813ac31724e69450bb97a32539a866/elements - {"using":"xpath","value":"//header[contains(@id, 'ObjectPageLayout-headerTitle')]/div[1]/div[2]/div[2]/span[1]"}
RESULT: {"using":"xpath","value":"//header[contains(@id, 'ObjectPageLayout-headerTitle')]/div[1]/div[2]/div[2]/span[1]"}
COMMAND: POST /session/38813ac31724e69450bb97a32539a866/execute/sync - {"script":"<script> [56 bytes]","args":[{"element-6066-11e4-a52e-4f735466cecf":"f.145F15F56CD620DDA6DD983A1FFAAB72.d.21630AAB0C6D9173545245FE096D0EBA.e.1835","ELEMENT":"f.145F15F56CD620DDA6DD983A1FFAAB72.d.21630AAB0C6D9173545245FE096D0EBA.e.1835"}]}
RESULT: {"script":"<script> [56 bytes]","args":[{"element-6066-11e4-a52e-4f735466cecf":"f.145F15F56CD620DDA6DD983A1FFAAB72.d.21630AAB0C6D9173545245FE096D0EBA.e.1835","ELEMENT":"f.145F15F56CD620DDA6DD983A1FFAAB72.d.21630AAB0C6D9173545245FE096D0EBA.e.1835"}]}
COMMAND: POST /session/38813ac31724e69450bb97a32539a866/element - {"using":"css selector","value":"#shell-header-logo"}
COMMAND: GET /session/38813ac31724e69450bb97a32539a866/screenshot - {}
RESULT: {"using":"css selector","value":"#shell-header-logo"}
COMMAND: POST /session/38813ac31724e69450bb97a32539a866/element/f.145F15F56CD620DDA6DD983A1FFAAB72.d.21630AAB0C6D9173545245FE096D0EBA.e.1027/click - {}
RESULT: {}
RESULT: {}
COMMAND: GET /session/38813ac31724e69450bb97a32539a866/screenshot - {}
RESULT: {}
COMMAND: POST /session/38813ac31724e69450bb97a32539a866/execute/sync - {"script":"<script> [299 bytes]","args":[["getModel","getResource"]]}
RESULT: {"script":"<script> [299 bytes]","args":[["getModel","getResource"]]}
]]></system-out>
    </testcase>
    <testcase classname="chrome.137_0_7151_69.windows.Tests_for_Mass_State_Change_on_Manage_States_&amp;_Performances_US104416_US" name="Prereq Should create a new site" time="100.34">
      <system-out><![CDATA[
COMMAND: POST /session/38813ac31724e69450bb97a32539a866/execute/async - {"script":"<script> [1562 bytes]","args":[{"selector":{"controlType":"sap.m.GenericTile","properties":{"header":"Manage Sites"}},"wdio_ui5_key":"sapm.GenericTile{\"header\":\"Manage Sites\"}"}]}
COMMAND: GET /session/38813ac31724e69450bb97a32539a866/screenshot - {}
RESULT: {"script":"<script> [1562 bytes]","args":[{"selector":{"controlType":"sap.m.GenericTile","properties":{"header":"Manage Sites"}},"wdio_ui5_key":"sapm.GenericTile{\"header\":\"Manage Sites\"}"}]}
RESULT: undefined
COMMAND: POST /session/38813ac31724e69450bb97a32539a866/element - {"using":"xpath","value":"//*[@id=\"__tile41\"]"}
RESULT: {}
RESULT: {"using":"xpath","value":"//*[@id=\"__tile41\"]"}
COMMAND: POST /session/38813ac31724e69450bb97a32539a866/element/f.145F15F56CD620DDA6DD983A1FFAAB72.d.21630AAB0C6D9173545245FE096D0EBA.e.161/click - {}
RESULT: {}
COMMAND: GET /session/38813ac31724e69450bb97a32539a866/screenshot - {}
RESULT: {}
COMMAND: POST /session/38813ac31724e69450bb97a32539a866/elements - {"using":"xpath","value":"//span[text()='Error']"}
RESULT: {"using":"xpath","value":"//span[text()='Error']"}
COMMAND: POST /session/38813ac31724e69450bb97a32539a866/element - {"using":"xpath","value":"//button[@data-kt=\"addOverflowToolbarButton\"]"}
RESULT: {"using":"xpath","value":"//button[@data-kt=\"addOverflowToolbarButton\"]"}
COMMAND: POST /session/38813ac31724e69450bb97a32539a866/elements - {"using":"xpath","value":"//button[@data-kt=\"addOverflowToolbarButton\"]"}
RESULT: {"using":"xpath","value":"//button[@data-kt=\"addOverflowToolbarButton\"]"}
COMMAND: POST /session/38813ac31724e69450bb97a32539a866/execute/sync - {"script":"<script> [8489 bytes]","args":[{"element-6066-11e4-a52e-4f735466cecf":"f.145F15F56CD620DDA6DD983A1FFAAB72.d.21630AAB0C6D9173545245FE096D0EBA.e.1883","ELEMENT":"f.145F15F56CD620DDA6DD983A1FFAAB72.d.21630AAB0C6D9173545245FE096D0EBA.e.1883"}]}
RESULT: {"script":"<script> [8489 bytes]","args":[{"element-6066-11e4-a52e-4f735466cecf":"f.145F15F56CD620DDA6DD983A1FFAAB72.d.21630AAB0C6D9173545245FE096D0EBA.e.1883","ELEMENT":"f.145F15F56CD620DDA6DD983A1FFAAB72.d.21630AAB0C6D9173545245FE096D0EBA.e.1883"}]}
COMMAND: GET /session/38813ac31724e69450bb97a32539a866/element/f.145F15F56CD620DDA6DD983A1FFAAB72.d.21630AAB0C6D9173545245FE096D0EBA.e.1883/enabled - {}
COMMAND: GET /session/38813ac31724e69450bb97a32539a866/screenshot - {}
RESULT: {}
COMMAND: POST /session/38813ac31724e69450bb97a32539a866/execute/sync - {"script":"<script> [8489 bytes]","args":[{"element-6066-11e4-a52e-4f735466cecf":"f.145F15F56CD620DDA6DD983A1FFAAB72.d.21630AAB0C6D9173545245FE096D0EBA.e.1883","ELEMENT":"f.145F15F56CD620DDA6DD983A1FFAAB72.d.21630AAB0C6D9173545245FE096D0EBA.e.1883"}]}
COMMAND: GET /session/38813ac31724e69450bb97a32539a866/screenshot - {}
RESULT: {}
RESULT: {"script":"<script> [8489 bytes]","args":[{"element-6066-11e4-a52e-4f735466cecf":"f.145F15F56CD620DDA6DD983A1FFAAB72.d.21630AAB0C6D9173545245FE096D0EBA.e.1883","ELEMENT":"f.145F15F56CD620DDA6DD983A1FFAAB72.d.21630AAB0C6D9173545245FE096D0EBA.e.1883"}]}
COMMAND: POST /session/38813ac31724e69450bb97a32539a866/execute/sync - {"script":"<script> [5351 bytes]","args":[{"element-6066-11e4-a52e-4f735466cecf":"f.145F15F56CD620DDA6DD983A1FFAAB72.d.21630AAB0C6D9173545245FE096D0EBA.e.1883","ELEMENT":"f.145F15F56CD620DDA6DD983A1FFAAB72.d.21630AAB0C6D9173545245FE096D0EBA.e.1883"}]}
COMMAND: GET /session/38813ac31724e69450bb97a32539a866/screenshot - {}
RESULT: {}
RESULT: {"script":"<script> [5351 bytes]","args":[{"element-6066-11e4-a52e-4f735466cecf":"f.145F15F56CD620DDA6DD983A1FFAAB72.d.21630AAB0C6D9173545245FE096D0EBA.e.1883","ELEMENT":"f.145F15F56CD620DDA6DD983A1FFAAB72.d.21630AAB0C6D9173545245FE096D0EBA.e.1883"}]}
COMMAND: POST /session/38813ac31724e69450bb97a32539a866/element/f.145F15F56CD620DDA6DD983A1FFAAB72.d.21630AAB0C6D9173545245FE096D0EBA.e.1883/click - {}
COMMAND: GET /session/38813ac31724e69450bb97a32539a866/screenshot - {}
RESULT: {}
RESULT: {}
COMMAND: GET /session/38813ac31724e69450bb97a32539a866/screenshot - {}
COMMAND: POST /session/38813ac31724e69450bb97a32539a866/element - {"using":"xpath","value":"//input[@id=\"application-managesites-display-component---NewSite--siteId-inner\"]"}
RESULT: {}
RESULT: {}
RESULT: {"using":"xpath","value":"//input[@id=\"application-managesites-display-component---NewSite--siteId-inner\"]"}
COMMAND: POST /session/38813ac31724e69450bb97a32539a866/element - {"using":"xpath","value":"//input[@id=\"application-managesites-display-component---NewSite--siteId-inner\"]"}
RESULT: {"using":"xpath","value":"//input[@id=\"application-managesites-display-component---NewSite--siteId-inner\"]"}
COMMAND: POST /session/38813ac31724e69450bb97a32539a866/execute/async - {"script":"<script> [1562 bytes]","args":[{"selector":{"id":"application-managesites-display-component---NewSite--addressDetailDetailsName1","interaction":{"idSuffix":"inner"}},"wdio_ui5_key":"applicationmanagesites-display-component---NewSite--addressDetailDetailsName1"}]}
RESULT: {"script":"<script> [1562 bytes]","args":[{"selector":{"id":"application-managesites-display-component---NewSite--addressDetailDetailsName1","interaction":{"idSuffix":"inner"}},"wdio_ui5_key":"applicationmanagesites-display-component---NewSite--addressDetailDetailsName1"}]}
RESULT: undefined
COMMAND: POST /session/38813ac31724e69450bb97a32539a866/execute/async - {"script":"<script> [776 bytes]","args":[{"enterText":"Intracompany Site wdIO","selector":{"id":"application-managesites-display-component---NewSite--addressDetailDetailsName1","interaction":{"idSuffix":"inner"}},"clearTextFirst":true,"interactionType":"ENTER_TEXT"}]}
RESULT: {"script":"<script> [776 bytes]","args":[{"enterText":"Intracompany Site wdIO","selector":{"id":"application-managesites-display-component---NewSite--addressDetailDetailsName1","interaction":{"idSuffix":"inner"}},"clearTextFirst":true,"interactionType":"ENTER_TEXT"}]}
COMMAND: POST /session/38813ac31724e69450bb97a32539a866/execute/async - {"script":"<script> [1562 bytes]","args":[{"selector":{"id":"application-managesites-display-component---NewSite--addressDetailDetailsLanguage-arrow"},"wdio_ui5_key":"applicationmanagesites-display-component---NewSite--addressDetailDetailsLanguage-arrow"}]}
RESULT: {"script":"<script> [1562 bytes]","args":[{"selector":{"id":"application-managesites-display-component---NewSite--addressDetailDetailsLanguage-arrow"},"wdio_ui5_key":"applicationmanagesites-display-component---NewSite--addressDetailDetailsLanguage-arrow"}]}
RESULT: undefined
COMMAND: POST /session/38813ac31724e69450bb97a32539a866/element - {"using":"xpath","value":"//*[@id=\"application-managesites-display-component---NewSite--addressDetailDetailsLanguage-arrow\"]"}
RESULT: {"using":"xpath","value":"//*[@id=\"application-managesites-display-component---NewSite--addressDetailDetailsLanguage-arrow\"]"}
COMMAND: POST /session/38813ac31724e69450bb97a32539a866/element/f.145F15F56CD620DDA6DD983A1FFAAB72.d.21630AAB0C6D9173545245FE096D0EBA.e.2289/click - {}
RESULT: {}
COMMAND: POST /session/38813ac31724e69450bb97a32539a866/element - {"using":"xpath","value":"//span[contains(text(), \"English\")]"}
COMMAND: GET /session/38813ac31724e69450bb97a32539a866/screenshot - {}
RESULT: {"using":"xpath","value":"//span[contains(text(), \"English\")]"}
COMMAND: POST /session/38813ac31724e69450bb97a32539a866/element/f.145F15F56CD620DDA6DD983A1FFAAB72.d.21630AAB0C6D9173545245FE096D0EBA.e.2290/click - {}
RESULT: {}
RESULT: {}
COMMAND: POST /session/38813ac31724e69450bb97a32539a866/execute/async - {"script":"<script> [1562 bytes]","args":[{"selector":{"id":"application-managesites-display-component---NewSite--addressDetailDetailsCity1","interaction":{"idSuffix":"inner"}},"wdio_ui5_key":"applicationmanagesites-display-component---NewSite--addressDetailDetailsCity1"}]}
COMMAND: GET /session/38813ac31724e69450bb97a32539a866/screenshot - {}
RESULT: {}
RESULT: {"script":"<script> [1562 bytes]","args":[{"selector":{"id":"application-managesites-display-component---NewSite--addressDetailDetailsCity1","interaction":{"idSuffix":"inner"}},"wdio_ui5_key":"applicationmanagesites-display-component---NewSite--addressDetailDetailsCity1"}]}
RESULT: undefined
COMMAND: POST /session/38813ac31724e69450bb97a32539a866/execute/async - {"script":"<script> [776 bytes]","args":[{"enterText":"Rosario","selector":{"id":"application-managesites-display-component---NewSite--addressDetailDetailsCity1","interaction":{"idSuffix":"inner"}},"clearTextFirst":true,"interactionType":"ENTER_TEXT"}]}
RESULT: {"script":"<script> [776 bytes]","args":[{"enterText":"Rosario","selector":{"id":"application-managesites-display-component---NewSite--addressDetailDetailsCity1","interaction":{"idSuffix":"inner"}},"clearTextFirst":true,"interactionType":"ENTER_TEXT"}]}
COMMAND: POST /session/38813ac31724e69450bb97a32539a866/execute/async - {"script":"<script> [1562 bytes]","args":[{"selector":{"id":"application-managesites-display-component---NewSite--addressDetailDetailsCountry-arrow"},"wdio_ui5_key":"applicationmanagesites-display-component---NewSite--addressDetailDetailsCountry-arrow"}]}
RESULT: {"script":"<script> [1562 bytes]","args":[{"selector":{"id":"application-managesites-display-component---NewSite--addressDetailDetailsCountry-arrow"},"wdio_ui5_key":"applicationmanagesites-display-component---NewSite--addressDetailDetailsCountry-arrow"}]}
RESULT: undefined
COMMAND: POST /session/38813ac31724e69450bb97a32539a866/element - {"using":"xpath","value":"//*[@id=\"application-managesites-display-component---NewSite--addressDetailDetailsCountry-arrow\"]"}
RESULT: {"using":"xpath","value":"//*[@id=\"application-managesites-display-component---NewSite--addressDetailDetailsCountry-arrow\"]"}
COMMAND: POST /session/38813ac31724e69450bb97a32539a866/element/f.145F15F56CD620DDA6DD983A1FFAAB72.d.21630AAB0C6D9173545245FE096D0EBA.e.2292/click - {}
RESULT: {}
COMMAND: POST /session/38813ac31724e69450bb97a32539a866/element - {"using":"xpath","value":"//span[contains(text(), \"Argentina\")]"}
COMMAND: GET /session/38813ac31724e69450bb97a32539a866/screenshot - {}
RESULT: {"using":"xpath","value":"//span[contains(text(), \"Argentina\")]"}
COMMAND: POST /session/38813ac31724e69450bb97a32539a866/element/f.145F15F56CD620DDA6DD983A1FFAAB72.d.21630AAB0C6D9173545245FE096D0EBA.e.2294/click - {}
RESULT: {}
RESULT: {}
COMMAND: GET /session/38813ac31724e69450bb97a32539a866/screenshot - {}
RESULT: {}
COMMAND: POST /session/38813ac31724e69450bb97a32539a866/execute/async - {"script":"<script> [1562 bytes]","args":[{"selector":{"id":"application-managesites-display-component---NewSite--addressEditDetailsCostObjectCstType-arrow"},"wdio_ui5_key":"applicationmanagesites-display-component---NewSite--addressEditDetailsCostObjectCstType-arrow"}]}
RESULT: {"script":"<script> [1562 bytes]","args":[{"selector":{"id":"application-managesites-display-component---NewSite--addressEditDetailsCostObjectCstType-arrow"},"wdio_ui5_key":"applicationmanagesites-display-component---NewSite--addressEditDetailsCostObjectCstType-arrow"}]}
RESULT: undefined
COMMAND: POST /session/38813ac31724e69450bb97a32539a866/element - {"using":"xpath","value":"//*[@id=\"application-managesites-display-component---NewSite--addressEditDetailsCostObjectCstType-arrow\"]"}
RESULT: {"using":"xpath","value":"//*[@id=\"application-managesites-display-component---NewSite--addressEditDetailsCostObjectCstType-arrow\"]"}
COMMAND: POST /session/38813ac31724e69450bb97a32539a866/element/f.145F15F56CD620DDA6DD983A1FFAAB72.d.21630AAB0C6D9173545245FE096D0EBA.e.2295/click - {}
RESULT: {}
COMMAND: POST /session/38813ac31724e69450bb97a32539a866/element - {"using":"xpath","value":"//span[contains(text(), \"Cost Center\")]"}
COMMAND: GET /session/38813ac31724e69450bb97a32539a866/screenshot - {}
RESULT: {"using":"xpath","value":"//span[contains(text(), \"Cost Center\")]"}
COMMAND: POST /session/38813ac31724e69450bb97a32539a866/element/f.145F15F56CD620DDA6DD983A1FFAAB72.d.21630AAB0C6D9173545245FE096D0EBA.e.2296/click - {}
RESULT: {}
RESULT: {}
COMMAND: GET /session/38813ac31724e69450bb97a32539a866/screenshot - {}
RESULT: {}
COMMAND: POST /session/38813ac31724e69450bb97a32539a866/element - {"using":"xpath","value":"//span[@id=\"application-managesites-display-component---NewSite--addressNewCostObjectCstID-vhi\"]"}
RESULT: {"using":"xpath","value":"//span[@id=\"application-managesites-display-component---NewSite--addressNewCostObjectCstID-vhi\"]"}
COMMAND: POST /session/38813ac31724e69450bb97a32539a866/execute/sync - {"script":"<script> [8489 bytes]","args":[{"element-6066-11e4-a52e-4f735466cecf":"f.145F15F56CD620DDA6DD983A1FFAAB72.d.21630AAB0C6D9173545245FE096D0EBA.e.2301","ELEMENT":"f.145F15F56CD620DDA6DD983A1FFAAB72.d.21630AAB0C6D9173545245FE096D0EBA.e.2301"}]}
RESULT: {"script":"<script> [8489 bytes]","args":[{"element-6066-11e4-a52e-4f735466cecf":"f.145F15F56CD620DDA6DD983A1FFAAB72.d.21630AAB0C6D9173545245FE096D0EBA.e.2301","ELEMENT":"f.145F15F56CD620DDA6DD983A1FFAAB72.d.21630AAB0C6D9173545245FE096D0EBA.e.2301"}]}
COMMAND: POST /session/38813ac31724e69450bb97a32539a866/execute/async - {"script":"<script> [1562 bytes]","args":[{"selector":{"id":"application-managesites-display-component---NewSite--addressNewCostObjectCstID-vhi"},"wdio_ui5_key":"applicationmanagesites-display-component---NewSite--addressNewCostObjectCstID-vhi"}]}
COMMAND: GET /session/38813ac31724e69450bb97a32539a866/screenshot - {}
RESULT: {"script":"<script> [1562 bytes]","args":[{"selector":{"id":"application-managesites-display-component---NewSite--addressNewCostObjectCstID-vhi"},"wdio_ui5_key":"applicationmanagesites-display-component---NewSite--addressNewCostObjectCstID-vhi"}]}
RESULT: undefined
COMMAND: POST /session/38813ac31724e69450bb97a32539a866/element - {"using":"xpath","value":"//*[@id=\"application-managesites-display-component---NewSite--addressNewCostObjectCstID-vhi\"]"}
RESULT: {}
RESULT: {"using":"xpath","value":"//*[@id=\"application-managesites-display-component---NewSite--addressNewCostObjectCstID-vhi\"]"}
COMMAND: POST /session/38813ac31724e69450bb97a32539a866/element/f.145F15F56CD620DDA6DD983A1FFAAB72.d.21630AAB0C6D9173545245FE096D0EBA.e.2301/click - {}
RESULT: {}
COMMAND: GET /session/38813ac31724e69450bb97a32539a866/screenshot - {}
RESULT: {}
RESULT: undefined
COMMAND: POST /session/38813ac31724e69450bb97a32539a866/execute/async - {"script":"<script> [776 bytes]","args":[{"enterText":"10001013","selector":{"controlType":"sap.m.SearchField","properties":{"placeholder":"Search"},"searchOpenDialogs":true,"interaction":{"idSuffix":"I"}},"clearTextFirst":true,"interactionType":"ENTER_TEXT"}]}
RESULT: {"script":"<script> [776 bytes]","args":[{"enterText":"10001013","selector":{"controlType":"sap.m.SearchField","properties":{"placeholder":"Search"},"searchOpenDialogs":true,"interaction":{"idSuffix":"I"}},"clearTextFirst":true,"interactionType":"ENTER_TEXT"}]}
COMMAND: POST /session/38813ac31724e69450bb97a32539a866/actions - {"actions":[{"id":"action6","type":"key","parameters":{},"actions":[{"type":"keyDown","value":""},{"type":"pause","duration":10},{"type":"keyUp","value":""}]}]}
RESULT: {"actions":[{"id":"action6","type":"key","parameters":{},"actions":[{"type":"keyDown","value":""},{"type":"pause","duration":10},{"type":"keyUp","value":""}]}]}
COMMAND: GET /session/38813ac31724e69450bb97a32539a866/screenshot - {}
RESULT: {}
COMMAND: POST /session/38813ac31724e69450bb97a32539a866/element - {"using":"xpath","value":"//span[contains(text(), \"General Management\")]"}
RESULT: {"using":"xpath","value":"//span[contains(text(), \"General Management\")]"}
COMMAND: POST /session/38813ac31724e69450bb97a32539a866/element/f.145F15F56CD620DDA6DD983A1FFAAB72.d.21630AAB0C6D9173545245FE096D0EBA.e.2341/click - {}
RESULT: {}
COMMAND: GET /session/38813ac31724e69450bb97a32539a866/screenshot - {}
RESULT: {}
COMMAND: POST /session/38813ac31724e69450bb97a32539a866/element - {"using":"xpath","value":"//bdi[contains(text(), \"OK\")]"}
RESULT: {"using":"xpath","value":"//bdi[contains(text(), \"OK\")]"}
COMMAND: POST /session/38813ac31724e69450bb97a32539a866/element/f.145F15F56CD620DDA6DD983A1FFAAB72.d.21630AAB0C6D9173545245FE096D0EBA.e.2342/click - {}
RESULT: {}
COMMAND: GET /session/38813ac31724e69450bb97a32539a866/screenshot - {}
RESULT: {}
COMMAND: POST /session/38813ac31724e69450bb97a32539a866/element - {"using":"xpath","value":"//input[@id=\"application-managesites-display-component---NewSite--addressDetailDetailsCalendar-inner\"]"}
RESULT: {"using":"xpath","value":"//input[@id=\"application-managesites-display-component---NewSite--addressDetailDetailsCalendar-inner\"]"}
COMMAND: POST /session/38813ac31724e69450bb97a32539a866/element/f.145F15F56CD620DDA6DD983A1FFAAB72.d.21630AAB0C6D9173545245FE096D0EBA.e.2079/clear - {}
RESULT: {}
COMMAND: POST /session/38813ac31724e69450bb97a32539a866/element/f.145F15F56CD620DDA6DD983A1FFAAB72.d.21630AAB0C6D9173545245FE096D0EBA.e.2079/value - {"text":"Unit"}
COMMAND: GET /session/38813ac31724e69450bb97a32539a866/screenshot - {}
RESULT: {"text":"Unit"}
COMMAND: GET /session/38813ac31724e69450bb97a32539a866/screenshot - {}
RESULT: {}
RESULT: {}
COMMAND: POST /session/38813ac31724e69450bb97a32539a866/actions - {"actions":[{"id":"action7","type":"key","parameters":{},"actions":[{"type":"keyDown","value":""},{"type":"pause","duration":10},{"type":"keyUp","value":""}]}]}
RESULT: {"actions":[{"id":"action7","type":"key","parameters":{},"actions":[{"type":"keyDown","value":""},{"type":"pause","duration":10},{"type":"keyUp","value":""}]}]}
COMMAND: POST /session/38813ac31724e69450bb97a32539a866/element - {"using":"xpath","value":"//input[@id=\"application-managesites-display-component---NewSite--addressDetailDetailsYard-inner\"]"}
COMMAND: GET /session/38813ac31724e69450bb97a32539a866/screenshot - {}
RESULT: {}
RESULT: {"using":"xpath","value":"//input[@id=\"application-managesites-display-component---NewSite--addressDetailDetailsYard-inner\"]"}
COMMAND: POST /session/38813ac31724e69450bb97a32539a866/element/f.145F15F56CD620DDA6DD983A1FFAAB72.d.21630AAB0C6D9173545245FE096D0EBA.e.2080/clear - {}
RESULT: {}
COMMAND: POST /session/38813ac31724e69450bb97a32539a866/element/f.145F15F56CD620DDA6DD983A1FFAAB72.d.21630AAB0C6D9173545245FE096D0EBA.e.2080/value - {"text":"251"}
COMMAND: GET /session/38813ac31724e69450bb97a32539a866/screenshot - {}
RESULT: {"text":"251"}
COMMAND: GET /session/38813ac31724e69450bb97a32539a866/screenshot - {}
RESULT: {}
RESULT: {}
COMMAND: POST /session/38813ac31724e69450bb97a32539a866/element - {"using":"xpath","value":"//li[.//span[text()='251']]"}
RESULT: {"using":"xpath","value":"//li[.//span[text()='251']]"}
COMMAND: POST /session/38813ac31724e69450bb97a32539a866/element/f.145F15F56CD620DDA6DD983A1FFAAB72.d.21630AAB0C6D9173545245FE096D0EBA.e.2350/click - {}
RESULT: {}
COMMAND: GET /session/38813ac31724e69450bb97a32539a866/screenshot - {}
RESULT: {}
COMMAND: POST /session/38813ac31724e69450bb97a32539a866/element - {"using":"xpath","value":"//input[@id=\"application-managesites-display-component---NewSite--addressDetailDetailsPartner-inner\"]"}
RESULT: {"using":"xpath","value":"//input[@id=\"application-managesites-display-component---NewSite--addressDetailDetailsPartner-inner\"]"}
COMMAND: POST /session/38813ac31724e69450bb97a32539a866/element - {"using":"xpath","value":"//input[@id=\"application-managesites-display-component---NewSite--addressDetailDetailsPartner-inner\"]"}
RESULT: {"using":"xpath","value":"//input[@id=\"application-managesites-display-component---NewSite--addressDetailDetailsPartner-inner\"]"}
COMMAND: POST /session/38813ac31724e69450bb97a32539a866/element - {"using":"xpath","value":"//button[@data-kt=\"saveButton\"]"}
RESULT: {"using":"xpath","value":"//button[@data-kt=\"saveButton\"]"}
COMMAND: POST /session/38813ac31724e69450bb97a32539a866/element/f.145F15F56CD620DDA6DD983A1FFAAB72.d.21630AAB0C6D9173545245FE096D0EBA.e.2282/click - {}
RESULT: {}
COMMAND: GET /session/38813ac31724e69450bb97a32539a866/screenshot - {}
RESULT: {}
COMMAND: POST /session/38813ac31724e69450bb97a32539a866/element - {"using":"xpath","value":"//header[contains(@id, 'ObjectPageLayout-headerTitle')]/div[1]/div[2]/div[2]/span[1]"}
RESULT: {"using":"xpath","value":"//header[contains(@id, 'ObjectPageLayout-headerTitle')]/div[1]/div[2]/div[2]/span[1]"}
COMMAND: POST /session/38813ac31724e69450bb97a32539a866/elements - {"using":"xpath","value":"//header[contains(@id, 'ObjectPageLayout-headerTitle')]/div[1]/div[2]/div[2]/span[1]"}
RESULT: {"using":"xpath","value":"//header[contains(@id, 'ObjectPageLayout-headerTitle')]/div[1]/div[2]/div[2]/span[1]"}
COMMAND: POST /session/38813ac31724e69450bb97a32539a866/execute/sync - {"script":"<script> [56 bytes]","args":[{"element-6066-11e4-a52e-4f735466cecf":"f.145F15F56CD620DDA6DD983A1FFAAB72.d.21630AAB0C6D9173545245FE096D0EBA.e.2559","ELEMENT":"f.145F15F56CD620DDA6DD983A1FFAAB72.d.21630AAB0C6D9173545245FE096D0EBA.e.2559"}]}
RESULT: {"script":"<script> [56 bytes]","args":[{"element-6066-11e4-a52e-4f735466cecf":"f.145F15F56CD620DDA6DD983A1FFAAB72.d.21630AAB0C6D9173545245FE096D0EBA.e.2559","ELEMENT":"f.145F15F56CD620DDA6DD983A1FFAAB72.d.21630AAB0C6D9173545245FE096D0EBA.e.2559"}]}
COMMAND: POST /session/38813ac31724e69450bb97a32539a866/element - {"using":"css selector","value":"#shell-header-logo"}
COMMAND: GET /session/38813ac31724e69450bb97a32539a866/screenshot - {}
RESULT: {"using":"css selector","value":"#shell-header-logo"}
COMMAND: POST /session/38813ac31724e69450bb97a32539a866/element/f.145F15F56CD620DDA6DD983A1FFAAB72.d.21630AAB0C6D9173545245FE096D0EBA.e.1840/click - {}
RESULT: {}
RESULT: {}
COMMAND: GET /session/38813ac31724e69450bb97a32539a866/screenshot - {}
RESULT: {}
COMMAND: POST /session/38813ac31724e69450bb97a32539a866/execute/sync - {"script":"<script> [299 bytes]","args":[["getModel","getResource"]]}
RESULT: {"script":"<script> [299 bytes]","args":[["getModel","getResource"]]}
]]></system-out>
    </testcase>
    <testcase classname="chrome.137_0_7151_69.windows.Tests_for_Mass_State_Change_on_Manage_States_&amp;_Performances_US104416_US" name="Prereq Should create a new equipment multipart" time="135.697">
      <system-out><![CDATA[
COMMAND: GET /session/38813ac31724e69450bb97a32539a866/screenshot - {}
COMMAND: POST /session/38813ac31724e69450bb97a32539a866/execute/async - {"script":"<script> [1562 bytes]","args":[{"selector":{"controlType":"sap.m.GenericTile","properties":{"header":"Manage Resources"}},"wdio_ui5_key":"sapm.GenericTile{\"header\":\"Manage Resources\"}"}]}
RESULT: {}
RESULT: {"script":"<script> [1562 bytes]","args":[{"selector":{"controlType":"sap.m.GenericTile","properties":{"header":"Manage Resources"}},"wdio_ui5_key":"sapm.GenericTile{\"header\":\"Manage Resources\"}"}]}
RESULT: undefined
COMMAND: POST /session/38813ac31724e69450bb97a32539a866/element - {"using":"xpath","value":"//*[@id=\"__tile40\"]"}
RESULT: {"using":"xpath","value":"//*[@id=\"__tile40\"]"}
COMMAND: POST /session/38813ac31724e69450bb97a32539a866/element/f.145F15F56CD620DDA6DD983A1FFAAB72.d.21630AAB0C6D9173545245FE096D0EBA.e.158/click - {}
RESULT: {}
COMMAND: GET /session/38813ac31724e69450bb97a32539a866/screenshot - {}
RESULT: {}
COMMAND: POST /session/38813ac31724e69450bb97a32539a866/elements - {"using":"xpath","value":"//span[text()='Error']"}
RESULT: {"using":"xpath","value":"//span[text()='Error']"}
COMMAND: POST /session/38813ac31724e69450bb97a32539a866/element - {"using":"xpath","value":"//button[@data-kt=\"addNewRUOverflowToolbarButton\"]"}
RESULT: {"using":"xpath","value":"//button[@data-kt=\"addNewRUOverflowToolbarButton\"]"}
COMMAND: POST /session/38813ac31724e69450bb97a32539a866/elements - {"using":"xpath","value":"//button[@data-kt=\"addNewRUOverflowToolbarButton\"]"}
RESULT: {"using":"xpath","value":"//button[@data-kt=\"addNewRUOverflowToolbarButton\"]"}
COMMAND: POST /session/38813ac31724e69450bb97a32539a866/elements - {"using":"xpath","value":"//button[@data-kt=\"addNewRUOverflowToolbarButton\"]"}
RESULT: {"using":"xpath","value":"//button[@data-kt=\"addNewRUOverflowToolbarButton\"]"}
COMMAND: POST /session/38813ac31724e69450bb97a32539a866/element - {"using":"xpath","value":"//button[@data-kt=\"addNewRUOverflowToolbarButton\"]"}
RESULT: {"using":"xpath","value":"//button[@data-kt=\"addNewRUOverflowToolbarButton\"]"}
COMMAND: POST /session/38813ac31724e69450bb97a32539a866/execute/sync - {"script":"<script> [8489 bytes]","args":[{"element-6066-11e4-a52e-4f735466cecf":"f.145F15F56CD620DDA6DD983A1FFAAB72.d.21630AAB0C6D9173545245FE096D0EBA.e.2603","ELEMENT":"f.145F15F56CD620DDA6DD983A1FFAAB72.d.21630AAB0C6D9173545245FE096D0EBA.e.2603"}]}
RESULT: {"script":"<script> [8489 bytes]","args":[{"element-6066-11e4-a52e-4f735466cecf":"f.145F15F56CD620DDA6DD983A1FFAAB72.d.21630AAB0C6D9173545245FE096D0EBA.e.2603","ELEMENT":"f.145F15F56CD620DDA6DD983A1FFAAB72.d.21630AAB0C6D9173545245FE096D0EBA.e.2603"}]}
COMMAND: GET /session/38813ac31724e69450bb97a32539a866/element/f.145F15F56CD620DDA6DD983A1FFAAB72.d.21630AAB0C6D9173545245FE096D0EBA.e.2603/enabled - {}
COMMAND: GET /session/38813ac31724e69450bb97a32539a866/screenshot - {}
RESULT: {}
COMMAND: POST /session/38813ac31724e69450bb97a32539a866/execute/sync - {"script":"<script> [8489 bytes]","args":[{"element-6066-11e4-a52e-4f735466cecf":"f.145F15F56CD620DDA6DD983A1FFAAB72.d.21630AAB0C6D9173545245FE096D0EBA.e.2603","ELEMENT":"f.145F15F56CD620DDA6DD983A1FFAAB72.d.21630AAB0C6D9173545245FE096D0EBA.e.2603"}]}
COMMAND: GET /session/38813ac31724e69450bb97a32539a866/screenshot - {}
RESULT: {}
RESULT: {"script":"<script> [8489 bytes]","args":[{"element-6066-11e4-a52e-4f735466cecf":"f.145F15F56CD620DDA6DD983A1FFAAB72.d.21630AAB0C6D9173545245FE096D0EBA.e.2603","ELEMENT":"f.145F15F56CD620DDA6DD983A1FFAAB72.d.21630AAB0C6D9173545245FE096D0EBA.e.2603"}]}
COMMAND: POST /session/38813ac31724e69450bb97a32539a866/execute/sync - {"script":"<script> [5351 bytes]","args":[{"element-6066-11e4-a52e-4f735466cecf":"f.145F15F56CD620DDA6DD983A1FFAAB72.d.21630AAB0C6D9173545245FE096D0EBA.e.2603","ELEMENT":"f.145F15F56CD620DDA6DD983A1FFAAB72.d.21630AAB0C6D9173545245FE096D0EBA.e.2603"}]}
COMMAND: GET /session/38813ac31724e69450bb97a32539a866/screenshot - {}
RESULT: {}
RESULT: {"script":"<script> [5351 bytes]","args":[{"element-6066-11e4-a52e-4f735466cecf":"f.145F15F56CD620DDA6DD983A1FFAAB72.d.21630AAB0C6D9173545245FE096D0EBA.e.2603","ELEMENT":"f.145F15F56CD620DDA6DD983A1FFAAB72.d.21630AAB0C6D9173545245FE096D0EBA.e.2603"}]}
COMMAND: POST /session/38813ac31724e69450bb97a32539a866/element/f.145F15F56CD620DDA6DD983A1FFAAB72.d.21630AAB0C6D9173545245FE096D0EBA.e.2603/click - {}
COMMAND: GET /session/38813ac31724e69450bb97a32539a866/screenshot - {}
RESULT: {}
RESULT: {}
COMMAND: GET /session/38813ac31724e69450bb97a32539a866/screenshot - {}
RESULT: {}
COMMAND: POST /session/38813ac31724e69450bb97a32539a866/execute/async - {"script":"<script> [1562 bytes]","args":[{"selector":{"id":"application-manageresources-display-component---newResourceUnit--TYPE-arrow"},"wdio_ui5_key":"applicationmanageresources-display-component---newResourceUnit--TYPE-arrow"}]}
RESULT: {}
RESULT: {"script":"<script> [1562 bytes]","args":[{"selector":{"id":"application-manageresources-display-component---newResourceUnit--TYPE-arrow"},"wdio_ui5_key":"applicationmanageresources-display-component---newResourceUnit--TYPE-arrow"}]}
RESULT: undefined
COMMAND: POST /session/38813ac31724e69450bb97a32539a866/element - {"using":"xpath","value":"//*[@id=\"application-manageresources-display-component---newResourceUnit--TYPE-arrow\"]"}
RESULT: {"using":"xpath","value":"//*[@id=\"application-manageresources-display-component---newResourceUnit--TYPE-arrow\"]"}
COMMAND: POST /session/38813ac31724e69450bb97a32539a866/element/f.145F15F56CD620DDA6DD983A1FFAAB72.d.21630AAB0C6D9173545245FE096D0EBA.e.2948/click - {}
RESULT: {}
COMMAND: POST /session/38813ac31724e69450bb97a32539a866/element - {"using":"xpath","value":"//input[@id=\"application-manageresources-display-component---newResourceUnit--TYPE-inner\"]"}
COMMAND: GET /session/38813ac31724e69450bb97a32539a866/screenshot - {}
RESULT: {"using":"xpath","value":"//input[@id=\"application-manageresources-display-component---newResourceUnit--TYPE-inner\"]"}
COMMAND: POST /session/38813ac31724e69450bb97a32539a866/element/f.145F15F56CD620DDA6DD983A1FFAAB72.d.21630AAB0C6D9173545245FE096D0EBA.e.2944/clear - {}
RESULT: {}
RESULT: {}
COMMAND: POST /session/38813ac31724e69450bb97a32539a866/element/f.145F15F56CD620DDA6DD983A1FFAAB72.d.21630AAB0C6D9173545245FE096D0EBA.e.2944/value - {"text":"Equi Multipart"}
COMMAND: GET /session/38813ac31724e69450bb97a32539a866/screenshot - {}
RESULT: {"text":"Equi Multipart"}
COMMAND: GET /session/38813ac31724e69450bb97a32539a866/screenshot - {}
RESULT: {}
RESULT: {}
COMMAND: POST /session/38813ac31724e69450bb97a32539a866/actions - {"actions":[{"id":"action8","type":"key","parameters":{},"actions":[{"type":"keyDown","value":""},{"type":"pause","duration":10},{"type":"keyUp","value":""}]}]}
RESULT: {"actions":[{"id":"action8","type":"key","parameters":{},"actions":[{"type":"keyDown","value":""},{"type":"pause","duration":10},{"type":"keyUp","value":""}]}]}
COMMAND: POST /session/38813ac31724e69450bb97a32539a866/execute/async - {"script":"<script> [1562 bytes]","args":[{"selector":{"id":"application-manageresources-display-component---newResourceUnit--SHORT_TEXT","interaction":{"idSuffix":"inner"}},"wdio_ui5_key":"applicationmanageresources-display-component---newResourceUnit--SHORT_TEXT"}]}
COMMAND: GET /session/38813ac31724e69450bb97a32539a866/screenshot - {}
RESULT: {"script":"<script> [1562 bytes]","args":[{"selector":{"id":"application-manageresources-display-component---newResourceUnit--SHORT_TEXT","interaction":{"idSuffix":"inner"}},"wdio_ui5_key":"applicationmanageresources-display-component---newResourceUnit--SHORT_TEXT"}]}
RESULT: undefined
COMMAND: POST /session/38813ac31724e69450bb97a32539a866/execute/async - {"script":"<script> [776 bytes]","args":[{"enterText":"Equipment Multipart WDIO","selector":{"id":"application-manageresources-display-component---newResourceUnit--SHORT_TEXT","interaction":{"idSuffix":"inner"}},"clearTextFirst":true,"interactionType":"ENTER_TEXT"}]}
RESULT: {}
RESULT: {"script":"<script> [776 bytes]","args":[{"enterText":"Equipment Multipart WDIO","selector":{"id":"application-manageresources-display-component---newResourceUnit--SHORT_TEXT","interaction":{"idSuffix":"inner"}},"clearTextFirst":true,"interactionType":"ENTER_TEXT"}]}
COMMAND: POST /session/38813ac31724e69450bb97a32539a866/execute/async - {"script":"<script> [1562 bytes]","args":[{"selector":{"id":"application-manageresources-display-component---newResourceUnit--BASE_UNIT_OF_MEASURE","interaction":{"idSuffix":"inner"}},"wdio_ui5_key":"applicationmanageresources-display-component---newResourceUnit--BASE_UNIT_OF_MEASURE"}]}
RESULT: {"script":"<script> [1562 bytes]","args":[{"selector":{"id":"application-manageresources-display-component---newResourceUnit--BASE_UNIT_OF_MEASURE","interaction":{"idSuffix":"inner"}},"wdio_ui5_key":"applicationmanageresources-display-component---newResourceUnit--BASE_UNIT_OF_MEASURE"}]}
RESULT: undefined
COMMAND: POST /session/38813ac31724e69450bb97a32539a866/execute/async - {"script":"<script> [776 bytes]","args":[{"enterText":"Piece","selector":{"id":"application-manageresources-display-component---newResourceUnit--BASE_UNIT_OF_MEASURE","interaction":{"idSuffix":"inner"}},"clearTextFirst":true,"interactionType":"ENTER_TEXT"}]}
RESULT: {"script":"<script> [776 bytes]","args":[{"enterText":"Piece","selector":{"id":"application-manageresources-display-component---newResourceUnit--BASE_UNIT_OF_MEASURE","interaction":{"idSuffix":"inner"}},"clearTextFirst":true,"interactionType":"ENTER_TEXT"}]}
COMMAND: POST /session/38813ac31724e69450bb97a32539a866/execute/async - {"script":"<script> [1562 bytes]","args":[{"selector":{"id":"application-manageresources-display-component---newResourceUnit--WEIGHT_UNIT","interaction":{"idSuffix":"inner"}},"wdio_ui5_key":"applicationmanageresources-display-component---newResourceUnit--WEIGHT_UNIT"}]}
RESULT: {"script":"<script> [1562 bytes]","args":[{"selector":{"id":"application-manageresources-display-component---newResourceUnit--WEIGHT_UNIT","interaction":{"idSuffix":"inner"}},"wdio_ui5_key":"applicationmanageresources-display-component---newResourceUnit--WEIGHT_UNIT"}]}
RESULT: undefined
COMMAND: POST /session/38813ac31724e69450bb97a32539a866/execute/async - {"script":"<script> [776 bytes]","args":[{"enterText":"Gram","selector":{"id":"application-manageresources-display-component---newResourceUnit--WEIGHT_UNIT","interaction":{"idSuffix":"inner"}},"clearTextFirst":true,"interactionType":"ENTER_TEXT"}]}
RESULT: {"script":"<script> [776 bytes]","args":[{"enterText":"Gram","selector":{"id":"application-manageresources-display-component---newResourceUnit--WEIGHT_UNIT","interaction":{"idSuffix":"inner"}},"clearTextFirst":true,"interactionType":"ENTER_TEXT"}]}
COMMAND: POST /session/38813ac31724e69450bb97a32539a866/execute/async - {"script":"<script> [1562 bytes]","args":[{"selector":{"id":"application-manageresources-display-component---newResourceUnit--DIMENSION_UNIT","interaction":{"idSuffix":"inner"}},"wdio_ui5_key":"applicationmanageresources-display-component---newResourceUnit--DIMENSION_UNIT"}]}
RESULT: {"script":"<script> [1562 bytes]","args":[{"selector":{"id":"application-manageresources-display-component---newResourceUnit--DIMENSION_UNIT","interaction":{"idSuffix":"inner"}},"wdio_ui5_key":"applicationmanageresources-display-component---newResourceUnit--DIMENSION_UNIT"}]}
RESULT: undefined
COMMAND: POST /session/38813ac31724e69450bb97a32539a866/execute/async - {"script":"<script> [776 bytes]","args":[{"enterText":"Meter","selector":{"id":"application-manageresources-display-component---newResourceUnit--DIMENSION_UNIT","interaction":{"idSuffix":"inner"}},"clearTextFirst":true,"interactionType":"ENTER_TEXT"}]}
RESULT: {"script":"<script> [776 bytes]","args":[{"enterText":"Meter","selector":{"id":"application-manageresources-display-component---newResourceUnit--DIMENSION_UNIT","interaction":{"idSuffix":"inner"}},"clearTextFirst":true,"interactionType":"ENTER_TEXT"}]}
COMMAND: POST /session/38813ac31724e69450bb97a32539a866/execute/async - {"script":"<script> [1562 bytes]","args":[{"selector":{"id":"application-manageresources-display-component---newResourceUnit--newRRUPage-anchBar-application-manageresources-display-component---newResourceUnit--control-anchor","interaction":{"idSuffix":"BDI-content"}},"wdio_ui5_key":"applicationmanageresources-display-component---newResourceUnit--newRRUPage-anchBar-application-manageresources-display-component---newResourceUnit--control-anchor"}]}
RESULT: {"script":"<script> [1562 bytes]","args":[{"selector":{"id":"application-manageresources-display-component---newResourceUnit--newRRUPage-anchBar-application-manageresources-display-component---newResourceUnit--control-anchor","interaction":{"idSuffix":"BDI-content"}},"wdio_ui5_key":"applicationmanageresources-display-component---newResourceUnit--newRRUPage-anchBar-application-manageresources-display-component---newResourceUnit--control-anchor"}]}
RESULT: undefined
COMMAND: POST /session/38813ac31724e69450bb97a32539a866/element - {"using":"xpath","value":"//*[@id=\"application-manageresources-display-component---newResourceUnit--newRRUPage-anchBar-application-manageresources-display-component---newResourceUnit--control-anchor\"]"}
RESULT: {"using":"xpath","value":"//*[@id=\"application-manageresources-display-component---newResourceUnit--newRRUPage-anchBar-application-manageresources-display-component---newResourceUnit--control-anchor\"]"}
COMMAND: POST /session/38813ac31724e69450bb97a32539a866/element/f.145F15F56CD620DDA6DD983A1FFAAB72.d.21630AAB0C6D9173545245FE096D0EBA.e.3083/click - {}
RESULT: {}
COMMAND: POST /session/38813ac31724e69450bb97a32539a866/execute/async - {"script":"<script> [1562 bytes]","args":[{"selector":{"id":"application-manageresources-display-component---newResourceUnit--PLANNING_GROUP","interaction":{"idSuffix":"inner"}},"wdio_ui5_key":"applicationmanageresources-display-component---newResourceUnit--PLANNING_GROUP"}]}
COMMAND: GET /session/38813ac31724e69450bb97a32539a866/screenshot - {}
RESULT: {"script":"<script> [1562 bytes]","args":[{"selector":{"id":"application-manageresources-display-component---newResourceUnit--PLANNING_GROUP","interaction":{"idSuffix":"inner"}},"wdio_ui5_key":"applicationmanageresources-display-component---newResourceUnit--PLANNING_GROUP"}]}
RESULT: undefined
COMMAND: POST /session/38813ac31724e69450bb97a32539a866/execute/async - {"script":"<script> [776 bytes]","args":[{"enterText":"Heavy Equi","selector":{"id":"application-manageresources-display-component---newResourceUnit--PLANNING_GROUP","interaction":{"idSuffix":"inner"}},"clearTextFirst":true,"interactionType":"ENTER_TEXT"}]}
RESULT: {}
RESULT: {"script":"<script> [776 bytes]","args":[{"enterText":"Heavy Equi","selector":{"id":"application-manageresources-display-component---newResourceUnit--PLANNING_GROUP","interaction":{"idSuffix":"inner"}},"clearTextFirst":true,"interactionType":"ENTER_TEXT"}]}
COMMAND: POST /session/38813ac31724e69450bb97a32539a866/execute/async - {"script":"<script> [1562 bytes]","args":[{"selector":{"id":"application-manageresources-display-component---newResourceUnit--PLANNING_INDICATOR","interaction":{"idSuffix":"inner"}},"wdio_ui5_key":"applicationmanageresources-display-component---newResourceUnit--PLANNING_INDICATOR"}]}
RESULT: {"script":"<script> [1562 bytes]","args":[{"selector":{"id":"application-manageresources-display-component---newResourceUnit--PLANNING_INDICATOR","interaction":{"idSuffix":"inner"}},"wdio_ui5_key":"applicationmanageresources-display-component---newResourceUnit--PLANNING_INDICATOR"}]}
RESULT: undefined
COMMAND: POST /session/38813ac31724e69450bb97a32539a866/execute/async - {"script":"<script> [776 bytes]","args":[{"enterText":"10 - infinite","selector":{"id":"application-manageresources-display-component---newResourceUnit--PLANNING_INDICATOR","interaction":{"idSuffix":"inner"}},"clearTextFirst":true,"interactionType":"ENTER_TEXT"}]}
RESULT: {"script":"<script> [776 bytes]","args":[{"enterText":"10 - infinite","selector":{"id":"application-manageresources-display-component---newResourceUnit--PLANNING_INDICATOR","interaction":{"idSuffix":"inner"}},"clearTextFirst":true,"interactionType":"ENTER_TEXT"}]}
COMMAND: POST /session/38813ac31724e69450bb97a32539a866/execute/async - {"script":"<script> [1562 bytes]","args":[{"selector":{"id":"application-manageresources-display-component---newResourceUnit--ITEM_TYPE-arrow"},"wdio_ui5_key":"applicationmanageresources-display-component---newResourceUnit--ITEM_TYPE-arrow"}]}
RESULT: {"script":"<script> [1562 bytes]","args":[{"selector":{"id":"application-manageresources-display-component---newResourceUnit--ITEM_TYPE-arrow"},"wdio_ui5_key":"applicationmanageresources-display-component---newResourceUnit--ITEM_TYPE-arrow"}]}
RESULT: undefined
COMMAND: POST /session/38813ac31724e69450bb97a32539a866/element - {"using":"xpath","value":"//*[@id=\"application-manageresources-display-component---newResourceUnit--ITEM_TYPE-arrow\"]"}
RESULT: {"using":"xpath","value":"//*[@id=\"application-manageresources-display-component---newResourceUnit--ITEM_TYPE-arrow\"]"}
COMMAND: POST /session/38813ac31724e69450bb97a32539a866/element/f.145F15F56CD620DDA6DD983A1FFAAB72.d.21630AAB0C6D9173545245FE096D0EBA.e.3093/click - {}
RESULT: {}
COMMAND: GET /session/38813ac31724e69450bb97a32539a866/screenshot - {}
RESULT: {}
COMMAND: POST /session/38813ac31724e69450bb97a32539a866/execute/async - {"script":"<script> [1562 bytes]","args":[{"selector":{"controlType":"sap.m.StandardListItem","viewName":"reusables.view.manageresources.NewResourceUnit","viewId":"application-manageresources-display-component---newResourceUnit","properties":{"title":"Pool Equipment"},"searchOpenDialogs":true,"interaction":{"idSuffix":"content"}},"wdio_ui5_key":"reusablesview.manageresources.NewResourceUnitsap.m.StandardListItem{\"title\":\"Pool Equipment\"}"}]}
RESULT: {"script":"<script> [1562 bytes]","args":[{"selector":{"controlType":"sap.m.StandardListItem","viewName":"reusables.view.manageresources.NewResourceUnit","viewId":"application-manageresources-display-component---newResourceUnit","properties":{"title":"Pool Equipment"},"searchOpenDialogs":true,"interaction":{"idSuffix":"content"}},"wdio_ui5_key":"reusablesview.manageresources.NewResourceUnitsap.m.StandardListItem{\"title\":\"Pool Equipment\"}"}]}
RESULT: undefined
COMMAND: POST /session/38813ac31724e69450bb97a32539a866/element - {"using":"xpath","value":"//*[@id=\"__item1490\"]"}
RESULT: {"using":"xpath","value":"//*[@id=\"__item1490\"]"}
COMMAND: POST /session/38813ac31724e69450bb97a32539a866/element/f.145F15F56CD620DDA6DD983A1FFAAB72.d.21630AAB0C6D9173545245FE096D0EBA.e.3095/click - {}
RESULT: {}
COMMAND: GET /session/38813ac31724e69450bb97a32539a866/screenshot - {}
RESULT: {}
COMMAND: POST /session/38813ac31724e69450bb97a32539a866/element - {"using":"css selector","value":"#application-manageresources-display-component---newResourceUnit--btnAddTimeSegment"}
RESULT: {"using":"css selector","value":"#application-manageresources-display-component---newResourceUnit--btnAddTimeSegment"}
COMMAND: GET /session/38813ac31724e69450bb97a32539a866/element/f.145F15F56CD620DDA6DD983A1FFAAB72.d.21630AAB0C6D9173545245FE096D0EBA.e.3157/rect - {}
RESULT: {}
COMMAND: GET /session/38813ac31724e69450bb97a32539a866/window/rect - {}
RESULT: {}
COMMAND: POST /session/38813ac31724e69450bb97a32539a866/execute/sync - {"script":"<script> [92 bytes]","args":[]}
RESULT: {"script":"<script> [92 bytes]","args":[]}
COMMAND: POST /session/38813ac31724e69450bb97a32539a866/actions - {"actions":[{"id":"action9","type":"wheel","parameters":{},"actions":[{"type":"scroll","x":-1888,"y":-32,"deltaX":0,"deltaY":0,"duration":0,"origin":{"element-6066-11e4-a52e-4f735466cecf":"f.145F15F56CD620DDA6DD983A1FFAAB72.d.21630AAB0C6D9173545245FE096D0EBA.e.3157"}}]}]}
COMMAND: GET /session/38813ac31724e69450bb97a32539a866/screenshot - {}
RESULT: {}
COMMAND: POST /session/38813ac31724e69450bb97a32539a866/execute/sync - {"script":"<script> [79 bytes]","args":[{"element-6066-11e4-a52e-4f735466cecf":"f.145F15F56CD620DDA6DD983A1FFAAB72.d.21630AAB0C6D9173545245FE096D0EBA.e.3157","ELEMENT":"f.145F15F56CD620DDA6DD983A1FFAAB72.d.21630AAB0C6D9173545245FE096D0EBA.e.3157"},{"block":"start","inline":"nearest"}]}
RESULT: {"script":"<script> [79 bytes]","args":[{"element-6066-11e4-a52e-4f735466cecf":"f.145F15F56CD620DDA6DD983A1FFAAB72.d.21630AAB0C6D9173545245FE096D0EBA.e.3157","ELEMENT":"f.145F15F56CD620DDA6DD983A1FFAAB72.d.21630AAB0C6D9173545245FE096D0EBA.e.3157"},{"block":"start","inline":"nearest"}]}
COMMAND: POST /session/38813ac31724e69450bb97a32539a866/execute/async - {"script":"<script> [1562 bytes]","args":[{"selector":{"id":"application-manageresources-display-component---newResourceUnit--btnAddTimeSegment","interaction":{"idSuffix":"inner"}},"wdio_ui5_key":"applicationmanageresources-display-component---newResourceUnit--btnAddTimeSegment"}]}
COMMAND: GET /session/38813ac31724e69450bb97a32539a866/screenshot - {}
RESULT: {"script":"<script> [1562 bytes]","args":[{"selector":{"id":"application-manageresources-display-component---newResourceUnit--btnAddTimeSegment","interaction":{"idSuffix":"inner"}},"wdio_ui5_key":"applicationmanageresources-display-component---newResourceUnit--btnAddTimeSegment"}]}
RESULT: undefined
COMMAND: POST /session/38813ac31724e69450bb97a32539a866/element - {"using":"xpath","value":"//*[@id=\"application-manageresources-display-component---newResourceUnit--btnAddTimeSegment\"]"}
RESULT: {}
RESULT: {"using":"xpath","value":"//*[@id=\"application-manageresources-display-component---newResourceUnit--btnAddTimeSegment\"]"}
COMMAND: POST /session/38813ac31724e69450bb97a32539a866/element/f.145F15F56CD620DDA6DD983A1FFAAB72.d.21630AAB0C6D9173545245FE096D0EBA.e.3157/click - {}
RESULT: {}
COMMAND: GET /session/38813ac31724e69450bb97a32539a866/screenshot - {}
RESULT: {}
COMMAND: POST /session/38813ac31724e69450bb97a32539a866/element - {"using":"xpath","value":"//input[@id=\"application-manageresources-display-component---newResourceUnit--idRuTSAdmin-application-manageresources-display-component---newResourceUnit--RUTimeSegment-0-inner\"]"}
RESULT: {"using":"xpath","value":"//input[@id=\"application-manageresources-display-component---newResourceUnit--idRuTSAdmin-application-manageresources-display-component---newResourceUnit--RUTimeSegment-0-inner\"]"}
COMMAND: POST /session/38813ac31724e69450bb97a32539a866/element/f.145F15F56CD620DDA6DD983A1FFAAB72.d.21630AAB0C6D9173545245FE096D0EBA.e.3163/clear - {}
RESULT: {}
COMMAND: POST /session/38813ac31724e69450bb97a32539a866/element/f.145F15F56CD620DDA6DD983A1FFAAB72.d.21630AAB0C6D9173545245FE096D0EBA.e.3163/value - {"text":"251"}
COMMAND: GET /session/38813ac31724e69450bb97a32539a866/screenshot - {}
RESULT: {"text":"251"}
COMMAND: GET /session/38813ac31724e69450bb97a32539a866/screenshot - {}
RESULT: {}
RESULT: {}
COMMAND: POST /session/38813ac31724e69450bb97a32539a866/element - {"using":"xpath","value":"//li[.//span[text()='251']]"}
RESULT: {"using":"xpath","value":"//li[.//span[text()='251']]"}
COMMAND: POST /session/38813ac31724e69450bb97a32539a866/element/f.145F15F56CD620DDA6DD983A1FFAAB72.d.21630AAB0C6D9173545245FE096D0EBA.e.3176/click - {}
RESULT: {}
COMMAND: GET /session/38813ac31724e69450bb97a32539a866/screenshot - {}
RESULT: {}
COMMAND: POST /session/38813ac31724e69450bb97a32539a866/element - {"using":"xpath","value":"(//span[contains(@id, \"-application-manageresources-display-component---newResourceUnit--RUTimeSegment-0-arrow\")])[5]"}
RESULT: {"using":"xpath","value":"(//span[contains(@id, \"-application-manageresources-display-component---newResourceUnit--RUTimeSegment-0-arrow\")])[5]"}
COMMAND: POST /session/38813ac31724e69450bb97a32539a866/element/f.145F15F56CD620DDA6DD983A1FFAAB72.d.21630AAB0C6D9173545245FE096D0EBA.e.3177/click - {}
RESULT: {}
COMMAND: GET /session/38813ac31724e69450bb97a32539a866/screenshot - {}
RESULT: {}
COMMAND: POST /session/38813ac31724e69450bb97a32539a866/element - {"using":"xpath","value":"//span[contains(text(), \"PM Order\")]"}
RESULT: {"using":"xpath","value":"//span[contains(text(), \"PM Order\")]"}
COMMAND: POST /session/38813ac31724e69450bb97a32539a866/element/f.145F15F56CD620DDA6DD983A1FFAAB72.d.21630AAB0C6D9173545245FE096D0EBA.e.3178/click - {}
RESULT: {}
COMMAND: GET /session/38813ac31724e69450bb97a32539a866/screenshot - {}
RESULT: {}
COMMAND: POST /session/38813ac31724e69450bb97a32539a866/element - {"using":"xpath","value":"(//span[contains(@id ,\"manageresources-display-component---newResourceUnit--RUTimeSegment-0-vhi\")])[1]"}
RESULT: {"using":"xpath","value":"(//span[contains(@id ,\"manageresources-display-component---newResourceUnit--RUTimeSegment-0-vhi\")])[1]"}
COMMAND: GET /session/38813ac31724e69450bb97a32539a866/element/f.145F15F56CD620DDA6DD983A1FFAAB72.d.21630AAB0C6D9173545245FE096D0EBA.e.3182/rect - {}
RESULT: {}
COMMAND: GET /session/38813ac31724e69450bb97a32539a866/window/rect - {}
RESULT: {}
COMMAND: POST /session/38813ac31724e69450bb97a32539a866/execute/sync - {"script":"<script> [92 bytes]","args":[]}
RESULT: {"script":"<script> [92 bytes]","args":[]}
COMMAND: POST /session/38813ac31724e69450bb97a32539a866/actions - {"actions":[{"id":"action10","type":"wheel","parameters":{},"actions":[{"type":"scroll","x":-1888,"y":-24,"deltaX":0,"deltaY":0,"duration":0,"origin":{"element-6066-11e4-a52e-4f735466cecf":"f.145F15F56CD620DDA6DD983A1FFAAB72.d.21630AAB0C6D9173545245FE096D0EBA.e.3182"}}]}]}
COMMAND: GET /session/38813ac31724e69450bb97a32539a866/screenshot - {}
RESULT: {}
COMMAND: POST /session/38813ac31724e69450bb97a32539a866/execute/sync - {"script":"<script> [79 bytes]","args":[{"element-6066-11e4-a52e-4f735466cecf":"f.145F15F56CD620DDA6DD983A1FFAAB72.d.21630AAB0C6D9173545245FE096D0EBA.e.3182","ELEMENT":"f.145F15F56CD620DDA6DD983A1FFAAB72.d.21630AAB0C6D9173545245FE096D0EBA.e.3182"},{"block":"start","inline":"nearest"}]}
RESULT: {"script":"<script> [79 bytes]","args":[{"element-6066-11e4-a52e-4f735466cecf":"f.145F15F56CD620DDA6DD983A1FFAAB72.d.21630AAB0C6D9173545245FE096D0EBA.e.3182","ELEMENT":"f.145F15F56CD620DDA6DD983A1FFAAB72.d.21630AAB0C6D9173545245FE096D0EBA.e.3182"},{"block":"start","inline":"nearest"}]}
COMMAND: GET /session/38813ac31724e69450bb97a32539a866/screenshot - {}
RESULT: {}
COMMAND: POST /session/38813ac31724e69450bb97a32539a866/element/f.145F15F56CD620DDA6DD983A1FFAAB72.d.21630AAB0C6D9173545245FE096D0EBA.e.3182/click - {}
RESULT: {}
COMMAND: GET /session/38813ac31724e69450bb97a32539a866/screenshot - {}
RESULT: {}
RESULT: undefined
COMMAND: POST /session/38813ac31724e69450bb97a32539a866/execute/async - {"script":"<script> [776 bytes]","args":[{"enterText":"4000360","selector":{"controlType":"sap.m.SearchField","properties":{"placeholder":"Search"},"searchOpenDialogs":true,"interaction":{"idSuffix":"I"}},"clearTextFirst":true,"interactionType":"ENTER_TEXT"}]}
RESULT: {"script":"<script> [776 bytes]","args":[{"enterText":"4000360","selector":{"controlType":"sap.m.SearchField","properties":{"placeholder":"Search"},"searchOpenDialogs":true,"interaction":{"idSuffix":"I"}},"clearTextFirst":true,"interactionType":"ENTER_TEXT"}]}
COMMAND: POST /session/38813ac31724e69450bb97a32539a866/actions - {"actions":[{"id":"action11","type":"key","parameters":{},"actions":[{"type":"keyDown","value":""},{"type":"pause","duration":10},{"type":"keyUp","value":""}]}]}
RESULT: {"actions":[{"id":"action11","type":"key","parameters":{},"actions":[{"type":"keyDown","value":""},{"type":"pause","duration":10},{"type":"keyUp","value":""}]}]}
COMMAND: GET /session/38813ac31724e69450bb97a32539a866/screenshot - {}
RESULT: {}
COMMAND: POST /session/38813ac31724e69450bb97a32539a866/element - {"using":"xpath","value":"//td/div/span[contains(text(), \"BGL Vehicles\")]"}
RESULT: {"using":"xpath","value":"//td/div/span[contains(text(), \"BGL Vehicles\")]"}
COMMAND: POST /session/38813ac31724e69450bb97a32539a866/element/f.145F15F56CD620DDA6DD983A1FFAAB72.d.21630AAB0C6D9173545245FE096D0EBA.e.3202/click - {}
RESULT: {}
COMMAND: GET /session/38813ac31724e69450bb97a32539a866/screenshot - {}
RESULT: {}
COMMAND: POST /session/38813ac31724e69450bb97a32539a866/element - {"using":"xpath","value":"//bdi[contains(text(), \"OK\")]"}
RESULT: {"using":"xpath","value":"//bdi[contains(text(), \"OK\")]"}
COMMAND: POST /session/38813ac31724e69450bb97a32539a866/element/f.145F15F56CD620DDA6DD983A1FFAAB72.d.21630AAB0C6D9173545245FE096D0EBA.e.3203/click - {}
RESULT: {}
COMMAND: GET /session/38813ac31724e69450bb97a32539a866/screenshot - {}
RESULT: {}
COMMAND: POST /session/38813ac31724e69450bb97a32539a866/element - {"using":"xpath","value":"//label[contains(@class, 'sapMLabelRequired') and .//bdi[contains(text(), 'Planned Retirement')]]"}
RESULT: {"using":"xpath","value":"//label[contains(@class, 'sapMLabelRequired') and .//bdi[contains(text(), 'Planned Retirement')]]"}
COMMAND: POST /session/38813ac31724e69450bb97a32539a866/elements - {"using":"xpath","value":"//label[contains(@class, 'sapMLabelRequired') and .//bdi[contains(text(), 'Planned Retirement')]]"}
RESULT: {"using":"xpath","value":"//label[contains(@class, 'sapMLabelRequired') and .//bdi[contains(text(), 'Planned Retirement')]]"}
COMMAND: POST /session/38813ac31724e69450bb97a32539a866/element - {"using":"xpath","value":"//button[@data-kt=\"resourceUnitSaveButton\"]"}
RESULT: {"using":"xpath","value":"//button[@data-kt=\"resourceUnitSaveButton\"]"}
COMMAND: POST /session/38813ac31724e69450bb97a32539a866/element/f.145F15F56CD620DDA6DD983A1FFAAB72.d.21630AAB0C6D9173545245FE096D0EBA.e.2965/click - {}
RESULT: {}
COMMAND: GET /session/38813ac31724e69450bb97a32539a866/screenshot - {}
RESULT: {}
COMMAND: POST /session/38813ac31724e69450bb97a32539a866/element - {"using":"xpath","value":"//bdi[contains(text(), \"Close\")]"}
RESULT: {"using":"xpath","value":"//bdi[contains(text(), \"Close\")]"}
COMMAND: POST /session/38813ac31724e69450bb97a32539a866/element/f.145F15F56CD620DDA6DD983A1FFAAB72.d.21630AAB0C6D9173545245FE096D0EBA.e.3209/click - {}
RESULT: {}
COMMAND: GET /session/38813ac31724e69450bb97a32539a866/screenshot - {}
RESULT: {}
COMMAND: POST /session/38813ac31724e69450bb97a32539a866/element - {"using":"xpath","value":"//header[contains(@id, 'detailRruPage-headerTitle')]/div[1]/div[2]/div[2]/span[1]"}
RESULT: {"using":"xpath","value":"//header[contains(@id, 'detailRruPage-headerTitle')]/div[1]/div[2]/div[2]/span[1]"}
COMMAND: POST /session/38813ac31724e69450bb97a32539a866/elements - {"using":"xpath","value":"//header[contains(@id, 'detailRruPage-headerTitle')]/div[1]/div[2]/div[2]/span[1]"}
RESULT: {"using":"xpath","value":"//header[contains(@id, 'detailRruPage-headerTitle')]/div[1]/div[2]/div[2]/span[1]"}
COMMAND: POST /session/38813ac31724e69450bb97a32539a866/execute/sync - {"script":"<script> [56 bytes]","args":[{"element-6066-11e4-a52e-4f735466cecf":"f.145F15F56CD620DDA6DD983A1FFAAB72.d.21630AAB0C6D9173545245FE096D0EBA.e.3237","ELEMENT":"f.145F15F56CD620DDA6DD983A1FFAAB72.d.21630AAB0C6D9173545245FE096D0EBA.e.3237"}]}
RESULT: {"script":"<script> [56 bytes]","args":[{"element-6066-11e4-a52e-4f735466cecf":"f.145F15F56CD620DDA6DD983A1FFAAB72.d.21630AAB0C6D9173545245FE096D0EBA.e.3237","ELEMENT":"f.145F15F56CD620DDA6DD983A1FFAAB72.d.21630AAB0C6D9173545245FE096D0EBA.e.3237"}]}
COMMAND: POST /session/38813ac31724e69450bb97a32539a866/element - {"using":"css selector","value":"#shell-header-logo"}
COMMAND: GET /session/38813ac31724e69450bb97a32539a866/screenshot - {}
RESULT: {"using":"css selector","value":"#shell-header-logo"}
COMMAND: POST /session/38813ac31724e69450bb97a32539a866/element/f.145F15F56CD620DDA6DD983A1FFAAB72.d.21630AAB0C6D9173545245FE096D0EBA.e.2564/click - {}
RESULT: {}
RESULT: {}
COMMAND: GET /session/38813ac31724e69450bb97a32539a866/screenshot - {}
RESULT: {}
]]></system-out>
    </testcase>
    <testcase classname="chrome.137_0_7151_69.windows.Tests_for_Mass_State_Change_on_Manage_States_&amp;_Performances_US104416_US" name="Prereq Should do stock increase" time="110.064">
      <system-out><![CDATA[
COMMAND: POST /session/38813ac31724e69450bb97a32539a866/execute/async - {"script":"<script> [1562 bytes]","args":[{"selector":{"controlType":"sap.m.GenericTile","properties":{"header":"Manage Handovers"}},"wdio_ui5_key":"sapm.GenericTile{\"header\":\"Manage Handovers\"}"}]}
RESULT: {"script":"<script> [1562 bytes]","args":[{"selector":{"controlType":"sap.m.GenericTile","properties":{"header":"Manage Handovers"}},"wdio_ui5_key":"sapm.GenericTile{\"header\":\"Manage Handovers\"}"}]}
RESULT: undefined
COMMAND: POST /session/38813ac31724e69450bb97a32539a866/element - {"using":"xpath","value":"//*[@id=\"__tile135\"]"}
RESULT: {"using":"xpath","value":"//*[@id=\"__tile135\"]"}
COMMAND: POST /session/38813ac31724e69450bb97a32539a866/element/f.145F15F56CD620DDA6DD983A1FFAAB72.d.21630AAB0C6D9173545245FE096D0EBA.e.246/click - {}
RESULT: {}
COMMAND: GET /session/38813ac31724e69450bb97a32539a866/screenshot - {}
RESULT: {}
COMMAND: POST /session/38813ac31724e69450bb97a32539a866/elements - {"using":"xpath","value":"//span[text()='Error']"}
RESULT: {"using":"xpath","value":"//span[text()='Error']"}
COMMAND: POST /session/38813ac31724e69450bb97a32539a866/element - {"using":"xpath","value":"//button[@data-kt=\"masterHOAddButton\"]"}
RESULT: {"using":"xpath","value":"//button[@data-kt=\"masterHOAddButton\"]"}
COMMAND: POST /session/38813ac31724e69450bb97a32539a866/elements - {"using":"xpath","value":"//button[@data-kt=\"masterHOAddButton\"]"}
RESULT: {"using":"xpath","value":"//button[@data-kt=\"masterHOAddButton\"]"}
COMMAND: POST /session/38813ac31724e69450bb97a32539a866/elements - {"using":"xpath","value":"//button[@data-kt=\"masterHOAddButton\"]"}
RESULT: {"using":"xpath","value":"//button[@data-kt=\"masterHOAddButton\"]"}
COMMAND: POST /session/38813ac31724e69450bb97a32539a866/element - {"using":"xpath","value":"//button[@data-kt=\"masterHOAddButton\"]"}
RESULT: {"using":"xpath","value":"//button[@data-kt=\"masterHOAddButton\"]"}
COMMAND: POST /session/38813ac31724e69450bb97a32539a866/execute/sync - {"script":"<script> [8489 bytes]","args":[{"element-6066-11e4-a52e-4f735466cecf":"f.145F15F56CD620DDA6DD983A1FFAAB72.d.21630AAB0C6D9173545245FE096D0EBA.e.3276","ELEMENT":"f.145F15F56CD620DDA6DD983A1FFAAB72.d.21630AAB0C6D9173545245FE096D0EBA.e.3276"}]}
RESULT: {"script":"<script> [8489 bytes]","args":[{"element-6066-11e4-a52e-4f735466cecf":"f.145F15F56CD620DDA6DD983A1FFAAB72.d.21630AAB0C6D9173545245FE096D0EBA.e.3276","ELEMENT":"f.145F15F56CD620DDA6DD983A1FFAAB72.d.21630AAB0C6D9173545245FE096D0EBA.e.3276"}]}
COMMAND: GET /session/38813ac31724e69450bb97a32539a866/element/f.145F15F56CD620DDA6DD983A1FFAAB72.d.21630AAB0C6D9173545245FE096D0EBA.e.3276/enabled - {}
COMMAND: GET /session/38813ac31724e69450bb97a32539a866/screenshot - {}
RESULT: {}
COMMAND: POST /session/38813ac31724e69450bb97a32539a866/execute/sync - {"script":"<script> [8489 bytes]","args":[{"element-6066-11e4-a52e-4f735466cecf":"f.145F15F56CD620DDA6DD983A1FFAAB72.d.21630AAB0C6D9173545245FE096D0EBA.e.3276","ELEMENT":"f.145F15F56CD620DDA6DD983A1FFAAB72.d.21630AAB0C6D9173545245FE096D0EBA.e.3276"}]}
COMMAND: GET /session/38813ac31724e69450bb97a32539a866/screenshot - {}
RESULT: {}
RESULT: {"script":"<script> [8489 bytes]","args":[{"element-6066-11e4-a52e-4f735466cecf":"f.145F15F56CD620DDA6DD983A1FFAAB72.d.21630AAB0C6D9173545245FE096D0EBA.e.3276","ELEMENT":"f.145F15F56CD620DDA6DD983A1FFAAB72.d.21630AAB0C6D9173545245FE096D0EBA.e.3276"}]}
COMMAND: POST /session/38813ac31724e69450bb97a32539a866/execute/sync - {"script":"<script> [5351 bytes]","args":[{"element-6066-11e4-a52e-4f735466cecf":"f.145F15F56CD620DDA6DD983A1FFAAB72.d.21630AAB0C6D9173545245FE096D0EBA.e.3276","ELEMENT":"f.145F15F56CD620DDA6DD983A1FFAAB72.d.21630AAB0C6D9173545245FE096D0EBA.e.3276"}]}
COMMAND: GET /session/38813ac31724e69450bb97a32539a866/screenshot - {}
RESULT: {}
RESULT: {"script":"<script> [5351 bytes]","args":[{"element-6066-11e4-a52e-4f735466cecf":"f.145F15F56CD620DDA6DD983A1FFAAB72.d.21630AAB0C6D9173545245FE096D0EBA.e.3276","ELEMENT":"f.145F15F56CD620DDA6DD983A1FFAAB72.d.21630AAB0C6D9173545245FE096D0EBA.e.3276"}]}
COMMAND: POST /session/38813ac31724e69450bb97a32539a866/element/f.145F15F56CD620DDA6DD983A1FFAAB72.d.21630AAB0C6D9173545245FE096D0EBA.e.3276/click - {}
COMMAND: GET /session/38813ac31724e69450bb97a32539a866/screenshot - {}
RESULT: {}
RESULT: {}
COMMAND: GET /session/38813ac31724e69450bb97a32539a866/screenshot - {}
COMMAND: POST /session/38813ac31724e69450bb97a32539a866/element - {"using":"xpath","value":"//span[contains(@id ,\"AddNewHO--typeSelect-arrow\")]"}
RESULT: {}
RESULT: {}
RESULT: {"using":"xpath","value":"//span[contains(@id ,\"AddNewHO--typeSelect-arrow\")]"}
COMMAND: POST /session/38813ac31724e69450bb97a32539a866/element/f.145F15F56CD620DDA6DD983A1FFAAB72.d.21630AAB0C6D9173545245FE096D0EBA.e.3617/click - {}
RESULT: {}
COMMAND: GET /session/38813ac31724e69450bb97a32539a866/screenshot - {}
RESULT: {}
COMMAND: POST /session/38813ac31724e69450bb97a32539a866/element - {"using":"xpath","value":"(//li[contains(text(), \"stock increase yard\")])[1]"}
RESULT: {"using":"xpath","value":"(//li[contains(text(), \"stock increase yard\")])[1]"}
COMMAND: POST /session/38813ac31724e69450bb97a32539a866/element/f.145F15F56CD620DDA6DD983A1FFAAB72.d.21630AAB0C6D9173545245FE096D0EBA.e.3618/click - {}
RESULT: {}
COMMAND: GET /session/38813ac31724e69450bb97a32539a866/screenshot - {}
COMMAND: POST /session/38813ac31724e69450bb97a32539a866/execute/async - {"script":"<script> [1562 bytes]","args":[{"selector":{"id":"application-managehandovers-display-component---AddNewHO--dueDate","interaction":{"idSuffix":"inner"}},"wdio_ui5_key":"applicationmanagehandovers-display-component---AddNewHO--dueDate"}]}
RESULT: {}
RESULT: {"script":"<script> [1562 bytes]","args":[{"selector":{"id":"application-managehandovers-display-component---AddNewHO--dueDate","interaction":{"idSuffix":"inner"}},"wdio_ui5_key":"applicationmanagehandovers-display-component---AddNewHO--dueDate"}]}
RESULT: undefined
COMMAND: POST /session/38813ac31724e69450bb97a32539a866/execute/async - {"script":"<script> [6424 bytes]","args":[{"element-6066-11e4-a52e-4f735466cecf":"f.145F15F56CD620DDA6DD983A1FFAAB72.d.21630AAB0C6D9173545245FE096D0EBA.e.3620"},"setValue",["6/13/25"]]}
RESULT: {"script":"<script> [6424 bytes]","args":[{"element-6066-11e4-a52e-4f735466cecf":"f.145F15F56CD620DDA6DD983A1FFAAB72.d.21630AAB0C6D9173545245FE096D0EBA.e.3620"},"setValue",["6/13/25"]]}
COMMAND: POST /session/38813ac31724e69450bb97a32539a866/element - {"using":"xpath","value":"//input[@id=\"generalSectionFrg--receiveYard-inner\"]"}
RESULT: {"using":"xpath","value":"//input[@id=\"generalSectionFrg--receiveYard-inner\"]"}
COMMAND: POST /session/38813ac31724e69450bb97a32539a866/element/f.145F15F56CD620DDA6DD983A1FFAAB72.d.21630AAB0C6D9173545245FE096D0EBA.e.3626/clear - {}
RESULT: {}
COMMAND: POST /session/38813ac31724e69450bb97a32539a866/element/f.145F15F56CD620DDA6DD983A1FFAAB72.d.21630AAB0C6D9173545245FE096D0EBA.e.3626/value - {"text":"251"}
COMMAND: GET /session/38813ac31724e69450bb97a32539a866/screenshot - {}
RESULT: {"text":"251"}
COMMAND: GET /session/38813ac31724e69450bb97a32539a866/screenshot - {}
RESULT: {}
RESULT: {}
COMMAND: POST /session/38813ac31724e69450bb97a32539a866/element - {"using":"xpath","value":"//li[.//span[contains(normalize-space(.), '251 -')]]"}
RESULT: {"using":"xpath","value":"//li[.//span[contains(normalize-space(.), '251 -')]]"}
COMMAND: POST /session/38813ac31724e69450bb97a32539a866/element/f.145F15F56CD620DDA6DD983A1FFAAB72.d.21630AAB0C6D9173545245FE096D0EBA.e.3642/click - {}
RESULT: {}
COMMAND: GET /session/38813ac31724e69450bb97a32539a866/screenshot - {}
RESULT: {}
COMMAND: POST /session/38813ac31724e69450bb97a32539a866/execute/async - {"script":"<script> [1562 bytes]","args":[{"selector":{"id":"application-managehandovers-display-component---AddNewHO--ObjectPageLayout-anchBar-application-managehandovers-display-component---AddNewHO--section4-anchor","interaction":{"idSuffix":"BDI-content"}},"wdio_ui5_key":"applicationmanagehandovers-display-component---AddNewHO--ObjectPageLayout-anchBar-application-managehandovers-display-component---AddNewHO--section4-anchor"}]}
RESULT: {"script":"<script> [1562 bytes]","args":[{"selector":{"id":"application-managehandovers-display-component---AddNewHO--ObjectPageLayout-anchBar-application-managehandovers-display-component---AddNewHO--section4-anchor","interaction":{"idSuffix":"BDI-content"}},"wdio_ui5_key":"applicationmanagehandovers-display-component---AddNewHO--ObjectPageLayout-anchBar-application-managehandovers-display-component---AddNewHO--section4-anchor"}]}
RESULT: undefined
COMMAND: POST /session/38813ac31724e69450bb97a32539a866/element - {"using":"xpath","value":"//*[@id=\"application-managehandovers-display-component---AddNewHO--ObjectPageLayout-anchBar-application-managehandovers-display-component---AddNewHO--section4-anchor\"]"}
RESULT: {"using":"xpath","value":"//*[@id=\"application-managehandovers-display-component---AddNewHO--ObjectPageLayout-anchBar-application-managehandovers-display-component---AddNewHO--section4-anchor\"]"}
COMMAND: POST /session/38813ac31724e69450bb97a32539a866/element/f.145F15F56CD620DDA6DD983A1FFAAB72.d.21630AAB0C6D9173545245FE096D0EBA.e.3644/click - {}
RESULT: {}
COMMAND: GET /session/38813ac31724e69450bb97a32539a866/screenshot - {}
RESULT: {}
COMMAND: POST /session/38813ac31724e69450bb97a32539a866/element - {"using":"xpath","value":"//button[@aria-label=\"Add\"]"}
RESULT: {"using":"xpath","value":"//button[@aria-label=\"Add\"]"}
COMMAND: POST /session/38813ac31724e69450bb97a32539a866/element/f.145F15F56CD620DDA6DD983A1FFAAB72.d.21630AAB0C6D9173545245FE096D0EBA.e.3648/click - {}
RESULT: {}
COMMAND: GET /session/38813ac31724e69450bb97a32539a866/screenshot - {}
RESULT: {}
COMMAND: POST /session/38813ac31724e69450bb97a32539a866/execute/async - {"script":"<script> [1562 bytes]","args":[{"selector":{"id":"application-managehandovers-display-component---AddNewHO--smartFilterBar-btnBasicSearch","searchOpenDialogs":true,"interaction":{"idSuffix":"I"}},"wdio_ui5_key":"applicationmanagehandovers-display-component---AddNewHO--smartFilterBar-btnBasicSearch"}]}
RESULT: {"script":"<script> [1562 bytes]","args":[{"selector":{"id":"application-managehandovers-display-component---AddNewHO--smartFilterBar-btnBasicSearch","searchOpenDialogs":true,"interaction":{"idSuffix":"I"}},"wdio_ui5_key":"applicationmanagehandovers-display-component---AddNewHO--smartFilterBar-btnBasicSearch"}]}
RESULT: undefined
COMMAND: POST /session/38813ac31724e69450bb97a32539a866/execute/async - {"script":"<script> [776 bytes]","args":[{"enterText":"400014","selector":{"id":"application-managehandovers-display-component---AddNewHO--smartFilterBar-btnBasicSearch","searchOpenDialogs":true,"interaction":{"idSuffix":"I"}},"clearTextFirst":true,"interactionType":"ENTER_TEXT"}]}
RESULT: {"script":"<script> [776 bytes]","args":[{"enterText":"400014","selector":{"id":"application-managehandovers-display-component---AddNewHO--smartFilterBar-btnBasicSearch","searchOpenDialogs":true,"interaction":{"idSuffix":"I"}},"clearTextFirst":true,"interactionType":"ENTER_TEXT"}]}
COMMAND: POST /session/38813ac31724e69450bb97a32539a866/actions - {"actions":[{"id":"action12","type":"key","parameters":{},"actions":[{"type":"keyDown","value":""},{"type":"pause","duration":10},{"type":"keyUp","value":""}]}]}
RESULT: {"actions":[{"id":"action12","type":"key","parameters":{},"actions":[{"type":"keyDown","value":""},{"type":"pause","duration":10},{"type":"keyUp","value":""}]}]}
COMMAND: GET /session/38813ac31724e69450bb97a32539a866/screenshot - {}
RESULT: {}
COMMAND: POST /session/38813ac31724e69450bb97a32539a866/execute/async - {"script":"<script> [1562 bytes]","args":[{"selector":{"id":"application-managehandovers-display-component---AddNewHO--popup-sa","searchOpenDialogs":true,"interaction":{"idSuffix":"CbBg"}},"wdio_ui5_key":"applicationmanagehandovers-display-component---AddNewHO--popup-sa"}]}
RESULT: {"script":"<script> [1562 bytes]","args":[{"selector":{"id":"application-managehandovers-display-component---AddNewHO--popup-sa","searchOpenDialogs":true,"interaction":{"idSuffix":"CbBg"}},"wdio_ui5_key":"applicationmanagehandovers-display-component---AddNewHO--popup-sa"}]}
RESULT: undefined
COMMAND: POST /session/38813ac31724e69450bb97a32539a866/element - {"using":"xpath","value":"//*[@id=\"application-managehandovers-display-component---AddNewHO--popup-sa\"]"}
RESULT: {"using":"xpath","value":"//*[@id=\"application-managehandovers-display-component---AddNewHO--popup-sa\"]"}
COMMAND: POST /session/38813ac31724e69450bb97a32539a866/element/f.145F15F56CD620DDA6DD983A1FFAAB72.d.21630AAB0C6D9173545245FE096D0EBA.e.3803/click - {}
RESULT: {}
COMMAND: GET /session/38813ac31724e69450bb97a32539a866/screenshot - {}
RESULT: {}
COMMAND: POST /session/38813ac31724e69450bb97a32539a866/element - {"using":"xpath","value":"//bdi[contains(text(), \"Select\")]"}
RESULT: {"using":"xpath","value":"//bdi[contains(text(), \"Select\")]"}
COMMAND: POST /session/38813ac31724e69450bb97a32539a866/element/f.145F15F56CD620DDA6DD983A1FFAAB72.d.21630AAB0C6D9173545245FE096D0EBA.e.3804/click - {}
RESULT: {}
COMMAND: GET /session/38813ac31724e69450bb97a32539a866/screenshot - {}
RESULT: {}
COMMAND: POST /session/38813ac31724e69450bb97a32539a866/element - {"using":"xpath","value":"//button[@data-kt=\"AddNewHOSaveButton\"]"}
RESULT: {"using":"xpath","value":"//button[@data-kt=\"AddNewHOSaveButton\"]"}
COMMAND: POST /session/38813ac31724e69450bb97a32539a866/element/f.145F15F56CD620DDA6DD983A1FFAAB72.d.21630AAB0C6D9173545245FE096D0EBA.e.3808/click - {}
RESULT: {}
COMMAND: GET /session/38813ac31724e69450bb97a32539a866/screenshot - {}
RESULT: {}
COMMAND: POST /session/38813ac31724e69450bb97a32539a866/execute/async - {"script":"<script> [1562 bytes]","args":[{"selector":{"id":"receiptDatePicker","viewName":"etm.portal.ui.managehandovers.view.DetailExecuteHO","interaction":{"idSuffix":"inner"}},"wdio_ui5_key":"receiptDatePickeretmportal.ui.managehandovers.view.DetailExecuteHO"}]}
RESULT: {"script":"<script> [1562 bytes]","args":[{"selector":{"id":"receiptDatePicker","viewName":"etm.portal.ui.managehandovers.view.DetailExecuteHO","interaction":{"idSuffix":"inner"}},"wdio_ui5_key":"receiptDatePickeretmportal.ui.managehandovers.view.DetailExecuteHO"}]}
RESULT: undefined
COMMAND: POST /session/38813ac31724e69450bb97a32539a866/execute/async - {"script":"<script> [6424 bytes]","args":[{"element-6066-11e4-a52e-4f735466cecf":"f.145F15F56CD620DDA6DD983A1FFAAB72.d.21630AAB0C6D9173545245FE096D0EBA.e.3836"},"setValue",["6/13/25"]]}
RESULT: {"script":"<script> [6424 bytes]","args":[{"element-6066-11e4-a52e-4f735466cecf":"f.145F15F56CD620DDA6DD983A1FFAAB72.d.21630AAB0C6D9173545245FE096D0EBA.e.3836"},"setValue",["6/13/25"]]}
COMMAND: POST /session/38813ac31724e69450bb97a32539a866/element - {"using":"xpath","value":"//button[@data-kt=\"ReceivingTableConfirmAllButton\"]"}
RESULT: {"using":"xpath","value":"//button[@data-kt=\"ReceivingTableConfirmAllButton\"]"}
COMMAND: POST /session/38813ac31724e69450bb97a32539a866/element/f.145F15F56CD620DDA6DD983A1FFAAB72.d.21630AAB0C6D9173545245FE096D0EBA.e.3849/click - {}
RESULT: {}
COMMAND: GET /session/38813ac31724e69450bb97a32539a866/screenshot - {}
RESULT: {}
COMMAND: POST /session/38813ac31724e69450bb97a32539a866/element - {"using":"xpath","value":"//bdi[contains(text(), \"OK\")]"}
RESULT: {"using":"xpath","value":"//bdi[contains(text(), \"OK\")]"}
COMMAND: POST /session/38813ac31724e69450bb97a32539a866/element/f.145F15F56CD620DDA6DD983A1FFAAB72.d.21630AAB0C6D9173545245FE096D0EBA.e.3852/click - {}
RESULT: {}
COMMAND: GET /session/38813ac31724e69450bb97a32539a866/screenshot - {}
RESULT: {}
COMMAND: POST /session/38813ac31724e69450bb97a32539a866/element - {"using":"xpath","value":"(//bdi[contains(text(), \"Receive\")])[2]"}
RESULT: {"using":"xpath","value":"(//bdi[contains(text(), \"Receive\")])[2]"}
COMMAND: POST /session/38813ac31724e69450bb97a32539a866/element/f.145F15F56CD620DDA6DD983A1FFAAB72.d.21630AAB0C6D9173545245FE096D0EBA.e.3853/click - {}
RESULT: {}
COMMAND: GET /session/38813ac31724e69450bb97a32539a866/screenshot - {}
RESULT: {}
COMMAND: POST /session/38813ac31724e69450bb97a32539a866/element - {"using":"css selector","value":"#shell-header-logo"}
RESULT: {"using":"css selector","value":"#shell-header-logo"}
COMMAND: POST /session/38813ac31724e69450bb97a32539a866/element/f.145F15F56CD620DDA6DD983A1FFAAB72.d.21630AAB0C6D9173545245FE096D0EBA.e.3241/click - {}
RESULT: {}
COMMAND: GET /session/38813ac31724e69450bb97a32539a866/screenshot - {}
RESULT: {}
]]></system-out>
    </testcase>
    <testcase classname="chrome.137_0_7151_69.windows.Tests_for_Mass_State_Change_on_Manage_States_&amp;_Performances_US104416_US" name="Prereq Should create a new contract" time="65.171">
      <system-out><![CDATA[
COMMAND: POST /session/38813ac31724e69450bb97a32539a866/execute/async - {"script":"<script> [1562 bytes]","args":[{"selector":{"controlType":"sap.m.GenericTile","properties":{"header":"Manage Contracts"}},"wdio_ui5_key":"sapm.GenericTile{\"header\":\"Manage Contracts\"}"}]}
RESULT: {"script":"<script> [1562 bytes]","args":[{"selector":{"controlType":"sap.m.GenericTile","properties":{"header":"Manage Contracts"}},"wdio_ui5_key":"sapm.GenericTile{\"header\":\"Manage Contracts\"}"}]}
RESULT: undefined
COMMAND: POST /session/38813ac31724e69450bb97a32539a866/element - {"using":"xpath","value":"//*[@id=\"__tile133\"]"}
RESULT: {"using":"xpath","value":"//*[@id=\"__tile133\"]"}
COMMAND: POST /session/38813ac31724e69450bb97a32539a866/element/f.145F15F56CD620DDA6DD983A1FFAAB72.d.21630AAB0C6D9173545245FE096D0EBA.e.174/click - {}
RESULT: {}
COMMAND: GET /session/38813ac31724e69450bb97a32539a866/screenshot - {}
RESULT: {}
COMMAND: POST /session/38813ac31724e69450bb97a32539a866/elements - {"using":"xpath","value":"//span[text()='Error']"}
RESULT: {"using":"xpath","value":"//span[text()='Error']"}
COMMAND: POST /session/38813ac31724e69450bb97a32539a866/element - {"using":"xpath","value":"//button[@data-kt=\"addButton\"]"}
RESULT: {"using":"xpath","value":"//button[@data-kt=\"addButton\"]"}
COMMAND: POST /session/38813ac31724e69450bb97a32539a866/elements - {"using":"xpath","value":"//button[@data-kt=\"addButton\"]"}
RESULT: {"using":"xpath","value":"//button[@data-kt=\"addButton\"]"}
COMMAND: POST /session/38813ac31724e69450bb97a32539a866/execute/sync - {"script":"<script> [8489 bytes]","args":[{"element-6066-11e4-a52e-4f735466cecf":"f.145F15F56CD620DDA6DD983A1FFAAB72.d.21630AAB0C6D9173545245FE096D0EBA.e.4184","ELEMENT":"f.145F15F56CD620DDA6DD983A1FFAAB72.d.21630AAB0C6D9173545245FE096D0EBA.e.4184"}]}
RESULT: {"script":"<script> [8489 bytes]","args":[{"element-6066-11e4-a52e-4f735466cecf":"f.145F15F56CD620DDA6DD983A1FFAAB72.d.21630AAB0C6D9173545245FE096D0EBA.e.4184","ELEMENT":"f.145F15F56CD620DDA6DD983A1FFAAB72.d.21630AAB0C6D9173545245FE096D0EBA.e.4184"}]}
COMMAND: GET /session/38813ac31724e69450bb97a32539a866/element/f.145F15F56CD620DDA6DD983A1FFAAB72.d.21630AAB0C6D9173545245FE096D0EBA.e.4184/enabled - {}
COMMAND: GET /session/38813ac31724e69450bb97a32539a866/screenshot - {}
RESULT: {}
COMMAND: POST /session/38813ac31724e69450bb97a32539a866/execute/sync - {"script":"<script> [8489 bytes]","args":[{"element-6066-11e4-a52e-4f735466cecf":"f.145F15F56CD620DDA6DD983A1FFAAB72.d.21630AAB0C6D9173545245FE096D0EBA.e.4184","ELEMENT":"f.145F15F56CD620DDA6DD983A1FFAAB72.d.21630AAB0C6D9173545245FE096D0EBA.e.4184"}]}
COMMAND: GET /session/38813ac31724e69450bb97a32539a866/screenshot - {}
RESULT: {}
RESULT: {"script":"<script> [8489 bytes]","args":[{"element-6066-11e4-a52e-4f735466cecf":"f.145F15F56CD620DDA6DD983A1FFAAB72.d.21630AAB0C6D9173545245FE096D0EBA.e.4184","ELEMENT":"f.145F15F56CD620DDA6DD983A1FFAAB72.d.21630AAB0C6D9173545245FE096D0EBA.e.4184"}]}
COMMAND: POST /session/38813ac31724e69450bb97a32539a866/execute/sync - {"script":"<script> [5351 bytes]","args":[{"element-6066-11e4-a52e-4f735466cecf":"f.145F15F56CD620DDA6DD983A1FFAAB72.d.21630AAB0C6D9173545245FE096D0EBA.e.4184","ELEMENT":"f.145F15F56CD620DDA6DD983A1FFAAB72.d.21630AAB0C6D9173545245FE096D0EBA.e.4184"}]}
COMMAND: GET /session/38813ac31724e69450bb97a32539a866/screenshot - {}
RESULT: {}
RESULT: {"script":"<script> [5351 bytes]","args":[{"element-6066-11e4-a52e-4f735466cecf":"f.145F15F56CD620DDA6DD983A1FFAAB72.d.21630AAB0C6D9173545245FE096D0EBA.e.4184","ELEMENT":"f.145F15F56CD620DDA6DD983A1FFAAB72.d.21630AAB0C6D9173545245FE096D0EBA.e.4184"}]}
COMMAND: GET /session/38813ac31724e69450bb97a32539a866/screenshot - {}
RESULT: {}
RESULT: {}
COMMAND: POST /session/38813ac31724e69450bb97a32539a866/element/f.145F15F56CD620DDA6DD983A1FFAAB72.d.21630AAB0C6D9173545245FE096D0EBA.e.4184/click - {}
RESULT: {}
COMMAND: GET /session/38813ac31724e69450bb97a32539a866/screenshot - {}
COMMAND: POST /session/38813ac31724e69450bb97a32539a866/execute/async - {"script":"<script> [1562 bytes]","args":[{"selector":{"id":"application-managecontracts-display-component---AddNewContract--projectDescription","interaction":{"idSuffix":"inner"}},"wdio_ui5_key":"applicationmanagecontracts-display-component---AddNewContract--projectDescription"}]}
RESULT: {}
RESULT: {"script":"<script> [1562 bytes]","args":[{"selector":{"id":"application-managecontracts-display-component---AddNewContract--projectDescription","interaction":{"idSuffix":"inner"}},"wdio_ui5_key":"applicationmanagecontracts-display-component---AddNewContract--projectDescription"}]}
RESULT: undefined
COMMAND: POST /session/38813ac31724e69450bb97a32539a866/execute/async - {"script":"<script> [776 bytes]","args":[{"enterText":"Contract WDIO","selector":{"id":"application-managecontracts-display-component---AddNewContract--projectDescription","interaction":{"idSuffix":"inner"}},"clearTextFirst":true,"interactionType":"ENTER_TEXT"}]}
RESULT: {"script":"<script> [776 bytes]","args":[{"enterText":"Contract WDIO","selector":{"id":"application-managecontracts-display-component---AddNewContract--projectDescription","interaction":{"idSuffix":"inner"}},"clearTextFirst":true,"interactionType":"ENTER_TEXT"}]}
COMMAND: POST /session/38813ac31724e69450bb97a32539a866/element - {"using":"xpath","value":"//input[@id=\"application-managecontracts-display-component---AddNewContract--site-inner\"]"}
RESULT: {"using":"xpath","value":"//input[@id=\"application-managecontracts-display-component---AddNewContract--site-inner\"]"}
COMMAND: POST /session/38813ac31724e69450bb97a32539a866/element/f.145F15F56CD620DDA6DD983A1FFAAB72.d.21630AAB0C6D9173545245FE096D0EBA.e.4503/clear - {}
RESULT: {}
COMMAND: POST /session/38813ac31724e69450bb97a32539a866/element/f.145F15F56CD620DDA6DD983A1FFAAB72.d.21630AAB0C6D9173545245FE096D0EBA.e.4503/value - {"text":"2095"}
COMMAND: GET /session/38813ac31724e69450bb97a32539a866/screenshot - {}
RESULT: {"text":"2095"}
COMMAND: GET /session/38813ac31724e69450bb97a32539a866/screenshot - {}
RESULT: {}
RESULT: {}
COMMAND: POST /session/38813ac31724e69450bb97a32539a866/element - {"using":"xpath","value":"//li[.//span[text()='2095']]"}
RESULT: {"using":"xpath","value":"//li[.//span[text()='2095']]"}
COMMAND: POST /session/38813ac31724e69450bb97a32539a866/element/f.145F15F56CD620DDA6DD983A1FFAAB72.d.21630AAB0C6D9173545245FE096D0EBA.e.4585/click - {}
RESULT: {}
COMMAND: GET /session/38813ac31724e69450bb97a32539a866/screenshot - {}
RESULT: {}
COMMAND: POST /session/38813ac31724e69450bb97a32539a866/element - {"using":"xpath","value":"//input[@id=\"application-managecontracts-display-component---AddNewContract--yardId-inner\"]"}
RESULT: {"using":"xpath","value":"//input[@id=\"application-managecontracts-display-component---AddNewContract--yardId-inner\"]"}
COMMAND: GET /session/38813ac31724e69450bb97a32539a866/element/f.145F15F56CD620DDA6DD983A1FFAAB72.d.21630AAB0C6D9173545245FE096D0EBA.e.4504/property/value - {}
RESULT: {}
COMMAND: POST /session/38813ac31724e69450bb97a32539a866/element - {"using":"xpath","value":"//input[@id=\"application-managecontracts-display-component---AddNewContract--customerSelect-inner\"]"}
COMMAND: GET /session/38813ac31724e69450bb97a32539a866/screenshot - {}
RESULT: {"using":"xpath","value":"//input[@id=\"application-managecontracts-display-component---AddNewContract--customerSelect-inner\"]"}
COMMAND: POST /session/38813ac31724e69450bb97a32539a866/element/f.145F15F56CD620DDA6DD983A1FFAAB72.d.21630AAB0C6D9173545245FE096D0EBA.e.4502/clear - {}
RESULT: {}
RESULT: {}
COMMAND: POST /session/38813ac31724e69450bb97a32539a866/element/f.145F15F56CD620DDA6DD983A1FFAAB72.d.21630AAB0C6D9173545245FE096D0EBA.e.4502/value - {"text":"1105"}
COMMAND: GET /session/38813ac31724e69450bb97a32539a866/screenshot - {}
RESULT: {"text":"1105"}
COMMAND: GET /session/38813ac31724e69450bb97a32539a866/screenshot - {}
RESULT: {}
RESULT: {}
COMMAND: POST /session/38813ac31724e69450bb97a32539a866/element - {"using":"xpath","value":"//li[.//span[text()='1105']]"}
RESULT: {"using":"xpath","value":"//li[.//span[text()='1105']]"}
COMMAND: POST /session/38813ac31724e69450bb97a32539a866/element/f.145F15F56CD620DDA6DD983A1FFAAB72.d.21630AAB0C6D9173545245FE096D0EBA.e.4588/click - {}
RESULT: {}
COMMAND: GET /session/38813ac31724e69450bb97a32539a866/screenshot - {}
RESULT: {}
COMMAND: POST /session/38813ac31724e69450bb97a32539a866/element - {"using":"xpath","value":"//button[@data-kt=\"saveButton\"]"}
RESULT: {"using":"xpath","value":"//button[@data-kt=\"saveButton\"]"}
COMMAND: POST /session/38813ac31724e69450bb97a32539a866/element/f.145F15F56CD620DDA6DD983A1FFAAB72.d.21630AAB0C6D9173545245FE096D0EBA.e.4578/click - {}
RESULT: {}
COMMAND: GET /session/38813ac31724e69450bb97a32539a866/screenshot - {}
RESULT: {}
COMMAND: POST /session/38813ac31724e69450bb97a32539a866/element - {"using":"xpath","value":"//span[contains(@id ,\"contractDetailTitleNoExpanded\")]"}
RESULT: {"using":"xpath","value":"//span[contains(@id ,\"contractDetailTitleNoExpanded\")]"}
COMMAND: POST /session/38813ac31724e69450bb97a32539a866/elements - {"using":"xpath","value":"//span[contains(@id ,\"contractDetailTitleNoExpanded\")]"}
RESULT: {"using":"xpath","value":"//span[contains(@id ,\"contractDetailTitleNoExpanded\")]"}
COMMAND: POST /session/38813ac31724e69450bb97a32539a866/execute/sync - {"script":"<script> [56 bytes]","args":[{"element-6066-11e4-a52e-4f735466cecf":"f.145F15F56CD620DDA6DD983A1FFAAB72.d.21630AAB0C6D9173545245FE096D0EBA.e.4660","ELEMENT":"f.145F15F56CD620DDA6DD983A1FFAAB72.d.21630AAB0C6D9173545245FE096D0EBA.e.4660"}]}
RESULT: {"script":"<script> [56 bytes]","args":[{"element-6066-11e4-a52e-4f735466cecf":"f.145F15F56CD620DDA6DD983A1FFAAB72.d.21630AAB0C6D9173545245FE096D0EBA.e.4660","ELEMENT":"f.145F15F56CD620DDA6DD983A1FFAAB72.d.21630AAB0C6D9173545245FE096D0EBA.e.4660"}]}
COMMAND: GET /session/38813ac31724e69450bb97a32539a866/screenshot - {}
RESULT: {}
]]></system-out>
    </testcase>
    <testcase classname="chrome.137_0_7151_69.windows.Tests_for_Mass_State_Change_on_Manage_States_&amp;_Performances_US104416_US" name="Prereq Should add created equipment to contract but to have the item 2 days earlier" time="63.147">
      <system-out><![CDATA[
COMMAND: POST /session/38813ac31724e69450bb97a32539a866/element - {"using":"xpath","value":"//button[@data-kt=\"contractDetailEditBtnButton\"]"}
RESULT: {"using":"xpath","value":"//button[@data-kt=\"contractDetailEditBtnButton\"]"}
COMMAND: POST /session/38813ac31724e69450bb97a32539a866/element/f.145F15F56CD620DDA6DD983A1FFAAB72.d.21630AAB0C6D9173545245FE096D0EBA.e.4661/click - {}
RESULT: {}
COMMAND: GET /session/38813ac31724e69450bb97a32539a866/screenshot - {}
RESULT: {}
COMMAND: POST /session/38813ac31724e69450bb97a32539a866/element - {"using":"xpath","value":"(//span[contains(text(), \"Additional Addresses\")])[2]"}
RESULT: {"using":"xpath","value":"(//span[contains(text(), \"Additional Addresses\")])[2]"}
COMMAND: POST /session/38813ac31724e69450bb97a32539a866/element/f.145F15F56CD620DDA6DD983A1FFAAB72.d.21630AAB0C6D9173545245FE096D0EBA.e.4716/click - {}
RESULT: {}
COMMAND: GET /session/38813ac31724e69450bb97a32539a866/screenshot - {}
RESULT: {}
COMMAND: POST /session/38813ac31724e69450bb97a32539a866/element - {"using":"xpath","value":"//button[@data-kt=\"btnAddTableRowOverflowToolbarButton\"]"}
RESULT: {"using":"xpath","value":"//button[@data-kt=\"btnAddTableRowOverflowToolbarButton\"]"}
COMMAND: POST /session/38813ac31724e69450bb97a32539a866/element/f.145F15F56CD620DDA6DD983A1FFAAB72.d.21630AAB0C6D9173545245FE096D0EBA.e.4719/click - {}
RESULT: {}
COMMAND: GET /session/38813ac31724e69450bb97a32539a866/screenshot - {}
RESULT: {}
COMMAND: POST /session/38813ac31724e69450bb97a32539a866/element - {"using":"xpath","value":"//div[(text() = 'Standard Entry' or . = 'Standard Entry')]"}
RESULT: {"using":"xpath","value":"//div[(text() = 'Standard Entry' or . = 'Standard Entry')]"}
COMMAND: POST /session/38813ac31724e69450bb97a32539a866/element/f.145F15F56CD620DDA6DD983A1FFAAB72.d.21630AAB0C6D9173545245FE096D0EBA.e.4721/click - {}
RESULT: {}
COMMAND: GET /session/38813ac31724e69450bb97a32539a866/screenshot - {}
RESULT: {}
COMMAND: POST /session/38813ac31724e69450bb97a32539a866/element - {"using":"xpath","value":"//td[6]/div/div/div/span"}
RESULT: {"using":"xpath","value":"//td[6]/div/div/div/span"}
COMMAND: POST /session/38813ac31724e69450bb97a32539a866/element/f.145F15F56CD620DDA6DD983A1FFAAB72.d.21630AAB0C6D9173545245FE096D0EBA.e.4733/click - {}
RESULT: {}
COMMAND: GET /session/38813ac31724e69450bb97a32539a866/screenshot - {}
RESULT: {}
COMMAND: POST /session/38813ac31724e69450bb97a32539a866/element - {"using":"xpath","value":"(//span[contains(text(), \"Equi Multipart\")])"}
RESULT: {"using":"xpath","value":"(//span[contains(text(), \"Equi Multipart\")])"}
COMMAND: POST /session/38813ac31724e69450bb97a32539a866/element/f.145F15F56CD620DDA6DD983A1FFAAB72.d.21630AAB0C6D9173545245FE096D0EBA.e.4734/click - {}
RESULT: {}
COMMAND: GET /session/38813ac31724e69450bb97a32539a866/screenshot - {}
RESULT: {}
COMMAND: POST /session/38813ac31724e69450bb97a32539a866/element - {"using":"xpath","value":"//td[7]/div/div/input"}
RESULT: {"using":"xpath","value":"//td[7]/div/div/input"}
COMMAND: POST /session/38813ac31724e69450bb97a32539a866/element/f.145F15F56CD620DDA6DD983A1FFAAB72.d.21630AAB0C6D9173545245FE096D0EBA.e.4737/clear - {}
RESULT: {}
COMMAND: POST /session/38813ac31724e69450bb97a32539a866/element/f.145F15F56CD620DDA6DD983A1FFAAB72.d.21630AAB0C6D9173545245FE096D0EBA.e.4737/value - {"text":"400014"}
COMMAND: GET /session/38813ac31724e69450bb97a32539a866/screenshot - {}
RESULT: {"text":"400014"}
COMMAND: GET /session/38813ac31724e69450bb97a32539a866/screenshot - {}
RESULT: {}
RESULT: {}
COMMAND: POST /session/38813ac31724e69450bb97a32539a866/actions - {"actions":[{"id":"action13","type":"key","parameters":{},"actions":[{"type":"keyDown","value":""},{"type":"pause","duration":10},{"type":"keyUp","value":""}]}]}
RESULT: {"actions":[{"id":"action13","type":"key","parameters":{},"actions":[{"type":"keyDown","value":""},{"type":"pause","duration":10},{"type":"keyUp","value":""}]}]}
COMMAND: GET /session/38813ac31724e69450bb97a32539a866/screenshot - {}
RESULT: {}
COMMAND: POST /session/38813ac31724e69450bb97a32539a866/execute/sync - {"script":"<script> [276 bytes]","args":["No pricing information was found"]}
RESULT: {"script":"<script> [276 bytes]","args":["No pricing information was found"]}
COMMAND: POST /session/38813ac31724e69450bb97a32539a866/element - {"using":"xpath","value":"//bdi[contains(text(), \"OK\")]"}
COMMAND: GET /session/38813ac31724e69450bb97a32539a866/screenshot - {}
RESULT: {"using":"xpath","value":"//bdi[contains(text(), \"OK\")]"}
COMMAND: POST /session/38813ac31724e69450bb97a32539a866/element/f.145F15F56CD620DDA6DD983A1FFAAB72.d.21630AAB0C6D9173545245FE096D0EBA.e.4763/click - {}
RESULT: {}
RESULT: {}
COMMAND: GET /session/38813ac31724e69450bb97a32539a866/screenshot - {}
RESULT: {}
COMMAND: POST /session/38813ac31724e69450bb97a32539a866/element - {"using":"xpath","value":"//td[19]/div/div/input"}
RESULT: {"using":"xpath","value":"//td[19]/div/div/input"}
COMMAND: POST /session/38813ac31724e69450bb97a32539a866/element/f.145F15F56CD620DDA6DD983A1FFAAB72.d.21630AAB0C6D9173545245FE096D0EBA.e.4760/clear - {}
RESULT: {}
COMMAND: POST /session/38813ac31724e69450bb97a32539a866/element/f.145F15F56CD620DDA6DD983A1FFAAB72.d.21630AAB0C6D9173545245FE096D0EBA.e.4760/value - {"text":"6/11/25"}
COMMAND: GET /session/38813ac31724e69450bb97a32539a866/screenshot - {}
RESULT: {"text":"6/11/25"}
COMMAND: GET /session/38813ac31724e69450bb97a32539a866/screenshot - {}
RESULT: {}
RESULT: {}
COMMAND: POST /session/38813ac31724e69450bb97a32539a866/element - {"using":"xpath","value":"(//button[@data-kt=\"saveButton\"])[2]"}
RESULT: {"using":"xpath","value":"(//button[@data-kt=\"saveButton\"])[2]"}
COMMAND: POST /session/38813ac31724e69450bb97a32539a866/element/f.145F15F56CD620DDA6DD983A1FFAAB72.d.21630AAB0C6D9173545245FE096D0EBA.e.4765/click - {}
RESULT: {}
COMMAND: GET /session/38813ac31724e69450bb97a32539a866/screenshot - {}
RESULT: {}
COMMAND: POST /session/38813ac31724e69450bb97a32539a866/execute/sync - {"script":"<script> [276 bytes]","args":["Some contract items are having rental validity exceeding header rental validity"]}
RESULT: {"script":"<script> [276 bytes]","args":["Some contract items are having rental validity exceeding header rental validity"]}
COMMAND: POST /session/38813ac31724e69450bb97a32539a866/element - {"using":"xpath","value":"//bdi[contains(text(), \"OK\")]"}
COMMAND: GET /session/38813ac31724e69450bb97a32539a866/screenshot - {}
RESULT: {"using":"xpath","value":"//bdi[contains(text(), \"OK\")]"}
COMMAND: POST /session/38813ac31724e69450bb97a32539a866/element/f.145F15F56CD620DDA6DD983A1FFAAB72.d.21630AAB0C6D9173545245FE096D0EBA.e.4769/click - {}
RESULT: {}
RESULT: {}
COMMAND: GET /session/38813ac31724e69450bb97a32539a866/screenshot - {}
RESULT: {}
COMMAND: POST /session/38813ac31724e69450bb97a32539a866/element - {"using":"xpath","value":"//span[contains(@id ,\"contractItemsSmartTable-header-inner\")]"}
RESULT: {"using":"xpath","value":"//span[contains(@id ,\"contractItemsSmartTable-header-inner\")]"}
COMMAND: POST /session/38813ac31724e69450bb97a32539a866/elements - {"using":"xpath","value":"//span[contains(@id ,\"contractItemsSmartTable-header-inner\")]"}
RESULT: {"using":"xpath","value":"//span[contains(@id ,\"contractItemsSmartTable-header-inner\")]"}
COMMAND: POST /session/38813ac31724e69450bb97a32539a866/execute/sync - {"script":"<script> [56 bytes]","args":[{"element-6066-11e4-a52e-4f735466cecf":"f.145F15F56CD620DDA6DD983A1FFAAB72.d.21630AAB0C6D9173545245FE096D0EBA.e.4774","ELEMENT":"f.145F15F56CD620DDA6DD983A1FFAAB72.d.21630AAB0C6D9173545245FE096D0EBA.e.4774"}]}
RESULT: {"script":"<script> [56 bytes]","args":[{"element-6066-11e4-a52e-4f735466cecf":"f.145F15F56CD620DDA6DD983A1FFAAB72.d.21630AAB0C6D9173545245FE096D0EBA.e.4774","ELEMENT":"f.145F15F56CD620DDA6DD983A1FFAAB72.d.21630AAB0C6D9173545245FE096D0EBA.e.4774"}]}
]]></system-out>
    </testcase>
    <testcase classname="chrome.137_0_7151_69.windows.Tests_for_Mass_State_Change_on_Manage_States_&amp;_Performances_US104416_US" name="Prereq Should do a provide to site handover for today" time="62.836">
      <system-out><![CDATA[
COMMAND: POST /session/38813ac31724e69450bb97a32539a866/element - {"using":"xpath","value":"//button[@data-kt=\"provideButton\"]"}
COMMAND: GET /session/38813ac31724e69450bb97a32539a866/screenshot - {}
RESULT: {"using":"xpath","value":"//button[@data-kt=\"provideButton\"]"}
COMMAND: POST /session/38813ac31724e69450bb97a32539a866/element/f.145F15F56CD620DDA6DD983A1FFAAB72.d.21630AAB0C6D9173545245FE096D0EBA.e.4775/click - {}
RESULT: {}
RESULT: {}
COMMAND: GET /session/38813ac31724e69450bb97a32539a866/screenshot - {}
RESULT: {}
RESULT: undefined
COMMAND: POST /session/38813ac31724e69450bb97a32539a866/execute/async - {"script":"<script> [6424 bytes]","args":[{"element-6066-11e4-a52e-4f735466cecf":"f.145F15F56CD620DDA6DD983A1FFAAB72.d.21630AAB0C6D9173545245FE096D0EBA.e.3620"},"setValue",["6/13/25"]]}
COMMAND: POST /session/38813ac31724e69450bb97a32539a866/execute/async - {"script":"<script> [1562 bytes]","args":[{"selector":{"id":"application-managehandovers-display-component---AddNewHO--dueDate","interaction":{"idSuffix":"inner"}},"wdio_ui5_key":"applicationmanagehandovers-display-component---AddNewHO--dueDate"}]}
RESULT: {"script":"<script> [1562 bytes]","args":[{"selector":{"id":"application-managehandovers-display-component---AddNewHO--dueDate","interaction":{"idSuffix":"inner"}},"wdio_ui5_key":"applicationmanagehandovers-display-component---AddNewHO--dueDate"}]}
COMMAND: POST /session/38813ac31724e69450bb97a32539a866/execute/async - {"script":"<script> [6424 bytes]","args":[{"element-6066-11e4-a52e-4f735466cecf":"f.145F15F56CD620DDA6DD983A1FFAAB72.d.21630AAB0C6D9173545245FE096D0EBA.e.4852"},"setValue",["6/13/25"]]}
RESULT: {"script":"<script> [6424 bytes]","args":[{"element-6066-11e4-a52e-4f735466cecf":"f.145F15F56CD620DDA6DD983A1FFAAB72.d.21630AAB0C6D9173545245FE096D0EBA.e.4852"},"setValue",["6/13/25"]]}
COMMAND: POST /session/38813ac31724e69450bb97a32539a866/element - {"using":"xpath","value":"//bdi[contains(text(), \"Instructions\")]"}
RESULT: {"using":"xpath","value":"//bdi[contains(text(), \"Instructions\")]"}
COMMAND: POST /session/38813ac31724e69450bb97a32539a866/element/f.145F15F56CD620DDA6DD983A1FFAAB72.d.21630AAB0C6D9173545245FE096D0EBA.e.5086/click - {}
RESULT: {}
COMMAND: GET /session/38813ac31724e69450bb97a32539a866/screenshot - {}
RESULT: {}
COMMAND: POST /session/38813ac31724e69450bb97a32539a866/element - {"using":"xpath","value":"//button[@data-kt=\"AddNewHOProvideAddItemsButton\"]"}
RESULT: {"using":"xpath","value":"//button[@data-kt=\"AddNewHOProvideAddItemsButton\"]"}
COMMAND: POST /session/38813ac31724e69450bb97a32539a866/element/f.145F15F56CD620DDA6DD983A1FFAAB72.d.21630AAB0C6D9173545245FE096D0EBA.e.5089/click - {}
RESULT: {}
COMMAND: GET /session/38813ac31724e69450bb97a32539a866/screenshot - {}
RESULT: {}
RESULT: undefined
COMMAND: POST /session/38813ac31724e69450bb97a32539a866/element - {"using":"xpath","value":"//*[@id=\"application-managehandovers-display-component---AddNewHO--popup-sa\"]"}
RESULT: {"using":"xpath","value":"//*[@id=\"application-managehandovers-display-component---AddNewHO--popup-sa\"]"}
COMMAND: POST /session/38813ac31724e69450bb97a32539a866/element/f.145F15F56CD620DDA6DD983A1FFAAB72.d.21630AAB0C6D9173545245FE096D0EBA.e.5099/click - {}
RESULT: {}
COMMAND: GET /session/38813ac31724e69450bb97a32539a866/screenshot - {}
RESULT: {}
COMMAND: POST /session/38813ac31724e69450bb97a32539a866/element - {"using":"xpath","value":"//*[contains(@id ,\"BDI-content\")][contains(text(), \"Select\")]"}
RESULT: {"using":"xpath","value":"//*[contains(@id ,\"BDI-content\")][contains(text(), \"Select\")]"}
COMMAND: POST /session/38813ac31724e69450bb97a32539a866/element/f.145F15F56CD620DDA6DD983A1FFAAB72.d.21630AAB0C6D9173545245FE096D0EBA.e.5101/click - {}
RESULT: {}
COMMAND: GET /session/38813ac31724e69450bb97a32539a866/screenshot - {}
RESULT: {}
COMMAND: POST /session/38813ac31724e69450bb97a32539a866/execute/async - {"script":"<script> [1562 bytes]","args":[{"selector":{"id":"application-managehandovers-display-component---AddNewHO--confirmCreationButton","interaction":{"idSuffix":"BDI-content"}},"wdio_ui5_key":"applicationmanagehandovers-display-component---AddNewHO--confirmCreationButton"}]}
RESULT: {"script":"<script> [1562 bytes]","args":[{"selector":{"id":"application-managehandovers-display-component---AddNewHO--confirmCreationButton","interaction":{"idSuffix":"BDI-content"}},"wdio_ui5_key":"applicationmanagehandovers-display-component---AddNewHO--confirmCreationButton"}]}
RESULT: undefined
COMMAND: POST /session/38813ac31724e69450bb97a32539a866/element - {"using":"xpath","value":"//*[@id=\"application-managehandovers-display-component---AddNewHO--confirmCreationButton\"]"}
RESULT: {"using":"xpath","value":"//*[@id=\"application-managehandovers-display-component---AddNewHO--confirmCreationButton\"]"}
COMMAND: POST /session/38813ac31724e69450bb97a32539a866/element/f.145F15F56CD620DDA6DD983A1FFAAB72.d.21630AAB0C6D9173545245FE096D0EBA.e.4898/click - {}
RESULT: {}
COMMAND: GET /session/38813ac31724e69450bb97a32539a866/screenshot - {}
RESULT: {}
COMMAND: POST /session/38813ac31724e69450bb97a32539a866/execute/async - {"script":"<script> [1562 bytes]","args":[{"selector":{"id":"issueDatePicker","viewName":"etm.portal.ui.managehandovers.view.DetailExecuteHO","interaction":{"idSuffix":"inner"}},"wdio_ui5_key":"issueDatePickeretmportal.ui.managehandovers.view.DetailExecuteHO"}]}
RESULT: {"script":"<script> [1562 bytes]","args":[{"selector":{"id":"issueDatePicker","viewName":"etm.portal.ui.managehandovers.view.DetailExecuteHO","interaction":{"idSuffix":"inner"}},"wdio_ui5_key":"issueDatePickeretmportal.ui.managehandovers.view.DetailExecuteHO"}]}
RESULT: undefined
COMMAND: POST /session/38813ac31724e69450bb97a32539a866/execute/async - {"script":"<script> [776 bytes]","args":[{"enterText":"6/13/25","selector":{"id":"issueDatePicker","viewName":"etm.portal.ui.managehandovers.view.DetailExecuteHO","interaction":{"idSuffix":"inner"}},"clearTextFirst":true,"interactionType":"ENTER_TEXT"}]}
RESULT: {"script":"<script> [776 bytes]","args":[{"enterText":"6/13/25","selector":{"id":"issueDatePicker","viewName":"etm.portal.ui.managehandovers.view.DetailExecuteHO","interaction":{"idSuffix":"inner"}},"clearTextFirst":true,"interactionType":"ENTER_TEXT"}]}
COMMAND: POST /session/38813ac31724e69450bb97a32539a866/element - {"using":"xpath","value":"//button[@data-kt=\"PickingTableConfirmAllButton\"]"}
RESULT: {"using":"xpath","value":"//button[@data-kt=\"PickingTableConfirmAllButton\"]"}
COMMAND: POST /session/38813ac31724e69450bb97a32539a866/element/f.145F15F56CD620DDA6DD983A1FFAAB72.d.21630AAB0C6D9173545245FE096D0EBA.e.5156/click - {}
RESULT: {}
COMMAND: GET /session/38813ac31724e69450bb97a32539a866/screenshot - {}
RESULT: {}
COMMAND: POST /session/38813ac31724e69450bb97a32539a866/element - {"using":"xpath","value":"//bdi[contains(text(), \"OK\")]"}
RESULT: {"using":"xpath","value":"//bdi[contains(text(), \"OK\")]"}
COMMAND: POST /session/38813ac31724e69450bb97a32539a866/element/f.145F15F56CD620DDA6DD983A1FFAAB72.d.21630AAB0C6D9173545245FE096D0EBA.e.5159/click - {}
RESULT: {}
COMMAND: GET /session/38813ac31724e69450bb97a32539a866/screenshot - {}
RESULT: {}
COMMAND: POST /session/38813ac31724e69450bb97a32539a866/element - {"using":"xpath","value":"//bdi[contains(text(), \"Issue\")]"}
RESULT: {"using":"xpath","value":"//bdi[contains(text(), \"Issue\")]"}
COMMAND: POST /session/38813ac31724e69450bb97a32539a866/element/f.145F15F56CD620DDA6DD983A1FFAAB72.d.21630AAB0C6D9173545245FE096D0EBA.e.5161/click - {}
RESULT: {}
COMMAND: GET /session/38813ac31724e69450bb97a32539a866/screenshot - {}
RESULT: {}
COMMAND: POST /session/38813ac31724e69450bb97a32539a866/element - {"using":"css selector","value":"#shell-header-logo"}
RESULT: {"using":"css selector","value":"#shell-header-logo"}
COMMAND: POST /session/38813ac31724e69450bb97a32539a866/element/f.145F15F56CD620DDA6DD983A1FFAAB72.d.21630AAB0C6D9173545245FE096D0EBA.e.4138/click - {}
RESULT: {}
COMMAND: GET /session/38813ac31724e69450bb97a32539a866/screenshot - {}
RESULT: {}
]]></system-out>
    </testcase>
    <testcase classname="chrome.137_0_7151_69.windows.Tests_for_Mass_State_Change_on_Manage_States_&amp;_Performances_US104416_US" name="Should do mass state change on the RU equip multipart 2 days in the future US104416" time="74.324">
      <system-out><![CDATA[
COMMAND: POST /session/38813ac31724e69450bb97a32539a866/execute/async - {"script":"<script> [1562 bytes]","args":[{"selector":{"controlType":"sap.m.GenericTile","properties":{"header":"Manage States & Performance"}},"wdio_ui5_key":"sapm.GenericTile{\"header\":\"Manage States & Performance\"}"}]}
RESULT: {"script":"<script> [1562 bytes]","args":[{"selector":{"controlType":"sap.m.GenericTile","properties":{"header":"Manage States & Performance"}},"wdio_ui5_key":"sapm.GenericTile{\"header\":\"Manage States & Performance\"}"}]}
RESULT: undefined
COMMAND: POST /session/38813ac31724e69450bb97a32539a866/element - {"using":"xpath","value":"//*[@id=\"__tile58\"]"}
RESULT: {"using":"xpath","value":"//*[@id=\"__tile58\"]"}
COMMAND: POST /session/38813ac31724e69450bb97a32539a866/element/f.145F15F56CD620DDA6DD983A1FFAAB72.d.21630AAB0C6D9173545245FE096D0EBA.e.142/click - {}
RESULT: {}
COMMAND: GET /session/38813ac31724e69450bb97a32539a866/screenshot - {}
RESULT: {}
COMMAND: POST /session/38813ac31724e69450bb97a32539a866/elements - {"using":"xpath","value":"//span[text()='Error']"}
RESULT: {"using":"xpath","value":"//span[text()='Error']"}
COMMAND: POST /session/38813ac31724e69450bb97a32539a866/element - {"using":"xpath","value":"//button[contains(@id, \"btnMassStateChange\")]"}
RESULT: {"using":"xpath","value":"//button[contains(@id, \"btnMassStateChange\")]"}
COMMAND: POST /session/38813ac31724e69450bb97a32539a866/elements - {"using":"xpath","value":"//button[contains(@id, \"btnMassStateChange\")]"}
RESULT: {"using":"xpath","value":"//button[contains(@id, \"btnMassStateChange\")]"}
COMMAND: POST /session/38813ac31724e69450bb97a32539a866/execute/sync - {"script":"<script> [8489 bytes]","args":[{"element-6066-11e4-a52e-4f735466cecf":"f.145F15F56CD620DDA6DD983A1FFAAB72.d.21630AAB0C6D9173545245FE096D0EBA.e.5537","ELEMENT":"f.145F15F56CD620DDA6DD983A1FFAAB72.d.21630AAB0C6D9173545245FE096D0EBA.e.5537"}]}
RESULT: {"script":"<script> [8489 bytes]","args":[{"element-6066-11e4-a52e-4f735466cecf":"f.145F15F56CD620DDA6DD983A1FFAAB72.d.21630AAB0C6D9173545245FE096D0EBA.e.5537","ELEMENT":"f.145F15F56CD620DDA6DD983A1FFAAB72.d.21630AAB0C6D9173545245FE096D0EBA.e.5537"}]}
COMMAND: GET /session/38813ac31724e69450bb97a32539a866/element/f.145F15F56CD620DDA6DD983A1FFAAB72.d.21630AAB0C6D9173545245FE096D0EBA.e.5537/enabled - {}
COMMAND: GET /session/38813ac31724e69450bb97a32539a866/screenshot - {}
RESULT: {}
COMMAND: POST /session/38813ac31724e69450bb97a32539a866/execute/sync - {"script":"<script> [8489 bytes]","args":[{"element-6066-11e4-a52e-4f735466cecf":"f.145F15F56CD620DDA6DD983A1FFAAB72.d.21630AAB0C6D9173545245FE096D0EBA.e.5537","ELEMENT":"f.145F15F56CD620DDA6DD983A1FFAAB72.d.21630AAB0C6D9173545245FE096D0EBA.e.5537"}]}
COMMAND: GET /session/38813ac31724e69450bb97a32539a866/screenshot - {}
RESULT: {}
RESULT: {"script":"<script> [8489 bytes]","args":[{"element-6066-11e4-a52e-4f735466cecf":"f.145F15F56CD620DDA6DD983A1FFAAB72.d.21630AAB0C6D9173545245FE096D0EBA.e.5537","ELEMENT":"f.145F15F56CD620DDA6DD983A1FFAAB72.d.21630AAB0C6D9173545245FE096D0EBA.e.5537"}]}
COMMAND: POST /session/38813ac31724e69450bb97a32539a866/execute/sync - {"script":"<script> [5351 bytes]","args":[{"element-6066-11e4-a52e-4f735466cecf":"f.145F15F56CD620DDA6DD983A1FFAAB72.d.21630AAB0C6D9173545245FE096D0EBA.e.5537","ELEMENT":"f.145F15F56CD620DDA6DD983A1FFAAB72.d.21630AAB0C6D9173545245FE096D0EBA.e.5537"}]}
RESULT: {}
RESULT: {"script":"<script> [5351 bytes]","args":[{"element-6066-11e4-a52e-4f735466cecf":"f.145F15F56CD620DDA6DD983A1FFAAB72.d.21630AAB0C6D9173545245FE096D0EBA.e.5537","ELEMENT":"f.145F15F56CD620DDA6DD983A1FFAAB72.d.21630AAB0C6D9173545245FE096D0EBA.e.5537"}]}
COMMAND: GET /session/38813ac31724e69450bb97a32539a866/screenshot - {}
COMMAND: GET /session/38813ac31724e69450bb97a32539a866/screenshot - {}
RESULT: {}
RESULT: {}
COMMAND: POST /session/38813ac31724e69450bb97a32539a866/execute/async - {"script":"<script> [1562 bytes]","args":[{"selector":{"controlType":"sap.ui.core.Icon","viewName":"etm.portal.ui.managestatesandperformance.view.Master","viewId":"application-managestatesandperformance-display-component---stateAndPerform","properties":{"src":{"regex":{"source":"chart\\-table\\-view"}}}},"wdio_ui5_key":"etmportal.ui.managestatesandperformance.view.Mastersap.ui.core.Icon{\"src\":{\"regex\":{\"source\":\"chart\\\\-table\\\\-view\"}}}"}]}
RESULT: {"script":"<script> [1562 bytes]","args":[{"selector":{"controlType":"sap.ui.core.Icon","viewName":"etm.portal.ui.managestatesandperformance.view.Master","viewId":"application-managestatesandperformance-display-component---stateAndPerform","properties":{"src":{"regex":{"source":"chart\\-table\\-view"}}}},"wdio_ui5_key":"etmportal.ui.managestatesandperformance.view.Mastersap.ui.core.Icon{\"src\":{\"regex\":{\"source\":\"chart\\\\-table\\\\-view\"}}}"}]}
RESULT: undefined
COMMAND: POST /session/38813ac31724e69450bb97a32539a866/element - {"using":"xpath","value":"//*[@id=\"__filter61-icon\"]"}
RESULT: {"using":"xpath","value":"//*[@id=\"__filter61-icon\"]"}
COMMAND: POST /session/38813ac31724e69450bb97a32539a866/element/f.145F15F56CD620DDA6DD983A1FFAAB72.d.21630AAB0C6D9173545245FE096D0EBA.e.5588/click - {}
RESULT: {}
COMMAND: POST /session/38813ac31724e69450bb97a32539a866/element/f.145F15F56CD620DDA6DD983A1FFAAB72.d.21630AAB0C6D9173545245FE096D0EBA.e.5537/click - {}
COMMAND: GET /session/38813ac31724e69450bb97a32539a866/screenshot - {}
COMMAND: POST /session/38813ac31724e69450bb97a32539a866/element - {"using":"xpath","value":"//button[contains(@id, \"btnMassStateChange\")]"}
RESULT: {}
RESULT: {"using":"xpath","value":"//button[contains(@id, \"btnMassStateChange\")]"}
COMMAND: POST /session/38813ac31724e69450bb97a32539a866/element/f.145F15F56CD620DDA6DD983A1FFAAB72.d.21630AAB0C6D9173545245FE096D0EBA.e.5537/click - {}
COMMAND: POST /session/38813ac31724e69450bb97a32539a866/element - {"using":"xpath","value":"//button[contains(@id, \"btnMassStateChange\")]"}
RESULT: {"using":"xpath","value":"//button[contains(@id, \"btnMassStateChange\")]"}
COMMAND: POST /session/38813ac31724e69450bb97a32539a866/element/f.145F15F56CD620DDA6DD983A1FFAAB72.d.21630AAB0C6D9173545245FE096D0EBA.e.5605/click - {}
RESULT: {}
COMMAND: GET /session/38813ac31724e69450bb97a32539a866/screenshot - {}
RESULT: {}
COMMAND: POST /session/38813ac31724e69450bb97a32539a866/execute/async - {"script":"<script> [1562 bytes]","args":[{"selector":{"id":"application-managestatesandperformance-display-component---stateAndPerform--smartFilterBarContracts-btnBasicSearch","interaction":{"idSuffix":"I"}},"wdio_ui5_key":"applicationmanagestatesandperformance-display-component---stateAndPerform--smartFilterBarContracts-btnBasicSearch"}]}
RESULT: {"script":"<script> [1562 bytes]","args":[{"selector":{"id":"application-managestatesandperformance-display-component---stateAndPerform--smartFilterBarContracts-btnBasicSearch","interaction":{"idSuffix":"I"}},"wdio_ui5_key":"applicationmanagestatesandperformance-display-component---stateAndPerform--smartFilterBarContracts-btnBasicSearch"}]}
RESULT: undefined
COMMAND: POST /session/38813ac31724e69450bb97a32539a866/execute/async - {"script":"<script> [776 bytes]","args":[{"enterText":"400014","selector":{"id":"application-managestatesandperformance-display-component---stateAndPerform--smartFilterBarContracts-btnBasicSearch","interaction":{"idSuffix":"I"}},"clearTextFirst":true,"interactionType":"ENTER_TEXT"}]}
RESULT: {"script":"<script> [776 bytes]","args":[{"enterText":"400014","selector":{"id":"application-managestatesandperformance-display-component---stateAndPerform--smartFilterBarContracts-btnBasicSearch","interaction":{"idSuffix":"I"}},"clearTextFirst":true,"interactionType":"ENTER_TEXT"}]}
COMMAND: POST /session/38813ac31724e69450bb97a32539a866/actions - {"actions":[{"id":"action14","type":"key","parameters":{},"actions":[{"type":"keyDown","value":""},{"type":"pause","duration":10},{"type":"keyUp","value":""}]}]}
RESULT: {"actions":[{"id":"action14","type":"key","parameters":{},"actions":[{"type":"keyDown","value":""},{"type":"pause","duration":10},{"type":"keyUp","value":""}]}]}
COMMAND: GET /session/38813ac31724e69450bb97a32539a866/screenshot - {}
RESULT: {}
COMMAND: POST /session/38813ac31724e69450bb97a32539a866/element - {"using":"xpath","value":"//span[@id=\"application-managestatesandperformance-display-component---stateAndPerform--stateAndPerformContractItemsSmartTable-header-inner\"]"}
RESULT: {"using":"xpath","value":"//span[@id=\"application-managestatesandperformance-display-component---stateAndPerform--stateAndPerformContractItemsSmartTable-header-inner\"]"}
COMMAND: POST /session/38813ac31724e69450bb97a32539a866/elements - {"using":"xpath","value":"//span[@id=\"application-managestatesandperformance-display-component---stateAndPerform--stateAndPerformContractItemsSmartTable-header-inner\"]"}
RESULT: {"using":"xpath","value":"//span[@id=\"application-managestatesandperformance-display-component---stateAndPerform--stateAndPerformContractItemsSmartTable-header-inner\"]"}
COMMAND: POST /session/38813ac31724e69450bb97a32539a866/execute/sync - {"script":"<script> [56 bytes]","args":[{"element-6066-11e4-a52e-4f735466cecf":"f.145F15F56CD620DDA6DD983A1FFAAB72.d.21630AAB0C6D9173545245FE096D0EBA.e.5774","ELEMENT":"f.145F15F56CD620DDA6DD983A1FFAAB72.d.21630AAB0C6D9173545245FE096D0EBA.e.5774"}]}
RESULT: {"script":"<script> [56 bytes]","args":[{"element-6066-11e4-a52e-4f735466cecf":"f.145F15F56CD620DDA6DD983A1FFAAB72.d.21630AAB0C6D9173545245FE096D0EBA.e.5774","ELEMENT":"f.145F15F56CD620DDA6DD983A1FFAAB72.d.21630AAB0C6D9173545245FE096D0EBA.e.5774"}]}
COMMAND: POST /session/38813ac31724e69450bb97a32539a866/element - {"using":"xpath","value":"//table[contains(@id, \"stateAndPerform--stateAndPerformContractItemsTable-listUl\")]/tbody/tr[1]/td[2]/div/div"}
COMMAND: GET /session/38813ac31724e69450bb97a32539a866/screenshot - {}
RESULT: {"using":"xpath","value":"//table[contains(@id, \"stateAndPerform--stateAndPerformContractItemsTable-listUl\")]/tbody/tr[1]/td[2]/div/div"}
COMMAND: POST /session/38813ac31724e69450bb97a32539a866/element/f.145F15F56CD620DDA6DD983A1FFAAB72.d.21630AAB0C6D9173545245FE096D0EBA.e.5775/click - {}
RESULT: {}
RESULT: {}
COMMAND: GET /session/38813ac31724e69450bb97a32539a866/screenshot - {}
RESULT: {}
COMMAND: POST /session/38813ac31724e69450bb97a32539a866/element/f.145F15F56CD620DDA6DD983A1FFAAB72.d.21630AAB0C6D9173545245FE096D0EBA.e.5605/click - {}
RESULT: {}
COMMAND: GET /session/38813ac31724e69450bb97a32539a866/screenshot - {}
RESULT: {}
COMMAND: POST /session/38813ac31724e69450bb97a32539a866/execute/async - {"script":"<script> [1562 bytes]","args":[{"selector":{"id":"application-managestatesandperformance-display-component---stateAndPerform--ruStateTypes-arrow","searchOpenDialogs":true},"wdio_ui5_key":"applicationmanagestatesandperformance-display-component---stateAndPerform--ruStateTypes-arrow"}]}
RESULT: {"script":"<script> [1562 bytes]","args":[{"selector":{"id":"application-managestatesandperformance-display-component---stateAndPerform--ruStateTypes-arrow","searchOpenDialogs":true},"wdio_ui5_key":"applicationmanagestatesandperformance-display-component---stateAndPerform--ruStateTypes-arrow"}]}
RESULT: undefined
COMMAND: POST /session/38813ac31724e69450bb97a32539a866/element - {"using":"xpath","value":"//*[@id=\"application-managestatesandperformance-display-component---stateAndPerform--ruStateTypes-arrow\"]"}
RESULT: {"using":"xpath","value":"//*[@id=\"application-managestatesandperformance-display-component---stateAndPerform--ruStateTypes-arrow\"]"}
COMMAND: POST /session/38813ac31724e69450bb97a32539a866/element/f.145F15F56CD620DDA6DD983A1FFAAB72.d.21630AAB0C6D9173545245FE096D0EBA.e.5784/click - {}
RESULT: {}
COMMAND: GET /session/38813ac31724e69450bb97a32539a866/screenshot - {}
RESULT: {}
COMMAND: POST /session/38813ac31724e69450bb97a32539a866/element - {"using":"xpath","value":"//li[.//span[text()=\"defect\"]]"}
RESULT: {"using":"xpath","value":"//li[.//span[text()=\"defect\"]]"}
COMMAND: POST /session/38813ac31724e69450bb97a32539a866/element/f.145F15F56CD620DDA6DD983A1FFAAB72.d.21630AAB0C6D9173545245FE096D0EBA.e.5785/click - {}
RESULT: {}
COMMAND: GET /session/38813ac31724e69450bb97a32539a866/screenshot - {}
RESULT: {}
COMMAND: POST /session/38813ac31724e69450bb97a32539a866/execute/async - {"script":"<script> [1562 bytes]","args":[{"selector":{"id":"application-managestatesandperformance-display-component---stateAndPerform--effectiveDate","searchOpenDialogs":true,"interaction":{"idSuffix":"inner"}},"wdio_ui5_key":"applicationmanagestatesandperformance-display-component---stateAndPerform--effectiveDate"}]}
RESULT: {"script":"<script> [1562 bytes]","args":[{"selector":{"id":"application-managestatesandperformance-display-component---stateAndPerform--effectiveDate","searchOpenDialogs":true,"interaction":{"idSuffix":"inner"}},"wdio_ui5_key":"applicationmanagestatesandperformance-display-component---stateAndPerform--effectiveDate"}]}
RESULT: undefined
COMMAND: POST /session/38813ac31724e69450bb97a32539a866/execute/async - {"script":"<script> [776 bytes]","args":[{"enterText":"06/16/25","selector":{"id":"application-managestatesandperformance-display-component---stateAndPerform--effectiveDate","searchOpenDialogs":true,"interaction":{"idSuffix":"inner"}},"clearTextFirst":true,"interactionType":"ENTER_TEXT"}]}
RESULT: {"script":"<script> [776 bytes]","args":[{"enterText":"06/16/25","selector":{"id":"application-managestatesandperformance-display-component---stateAndPerform--effectiveDate","searchOpenDialogs":true,"interaction":{"idSuffix":"inner"}},"clearTextFirst":true,"interactionType":"ENTER_TEXT"}]}
COMMAND: POST /session/38813ac31724e69450bb97a32539a866/element - {"using":"xpath","value":"(//bdi[contains(text(), \"OK\")])[1]"}
RESULT: {"using":"xpath","value":"(//bdi[contains(text(), \"OK\")])[1]"}
COMMAND: POST /session/38813ac31724e69450bb97a32539a866/element/f.145F15F56CD620DDA6DD983A1FFAAB72.d.21630AAB0C6D9173545245FE096D0EBA.e.5788/click - {}
RESULT: {}
COMMAND: GET /session/38813ac31724e69450bb97a32539a866/screenshot - {}
RESULT: {}
COMMAND: POST /session/38813ac31724e69450bb97a32539a866/element - {"using":"xpath","value":"(//bdi[contains(text(), \"OK\")])[2]"}
RESULT: {"using":"xpath","value":"(//bdi[contains(text(), \"OK\")])[2]"}
COMMAND: POST /session/38813ac31724e69450bb97a32539a866/element/f.145F15F56CD620DDA6DD983A1FFAAB72.d.21630AAB0C6D9173545245FE096D0EBA.e.5793/click - {}
RESULT: {}
COMMAND: GET /session/38813ac31724e69450bb97a32539a866/screenshot - {}
RESULT: {}
COMMAND: POST /session/38813ac31724e69450bb97a32539a866/element - {"using":"css selector","value":"#shell-header-logo"}
RESULT: {"using":"css selector","value":"#shell-header-logo"}
COMMAND: POST /session/38813ac31724e69450bb97a32539a866/element/f.145F15F56CD620DDA6DD983A1FFAAB72.d.21630AAB0C6D9173545245FE096D0EBA.e.5501/click - {}
RESULT: {}
COMMAND: GET /session/38813ac31724e69450bb97a32539a866/screenshot - {}
RESULT: {}
COMMAND: POST /session/38813ac31724e69450bb97a32539a866/element - {"using":"css selector","value":"#j_username"}
COMMAND: POST /session/38813ac31724e69450bb97a32539a866/url - {"url":"https://qa-testing-00-live-etm-ui.cfapps.eu10-004.hana.ondemand.com/"}
RESULT: {"using":"css selector","value":"#j_username"}
COMMAND: POST /session/38813ac31724e69450bb97a32539a866/element - {"using":"css selector","value":"#j_username"}
RESULT: {"url":"https://qa-testing-00-live-etm-ui.cfapps.eu10-004.hana.ondemand.com/"}
RESULT: undefined
COMMAND: GET /session/38813ac31724e69450bb97a32539a866/screenshot - {}
RESULT: {"using":"css selector","value":"#j_username"}
COMMAND: POST /session/38813ac31724e69450bb97a32539a866/element - {"using":"css selector","value":"#shell-header-logo"}
RESULT: {}
RESULT: {"using":"css selector","value":"#shell-header-logo"}
COMMAND: POST /session/38813ac31724e69450bb97a32539a866/execute/sync - {"script":"<script> [8489 bytes]","args":[{"element-6066-11e4-a52e-4f735466cecf":"f.145F15F56CD620DDA6DD983A1FFAAB72.d.A4898721B608860DADAFB289D5866283.e.5807","ELEMENT":"f.145F15F56CD620DDA6DD983A1FFAAB72.d.A4898721B608860DADAFB289D5866283.e.5807"}]}
RESULT: {"script":"<script> [8489 bytes]","args":[{"element-6066-11e4-a52e-4f735466cecf":"f.145F15F56CD620DDA6DD983A1FFAAB72.d.A4898721B608860DADAFB289D5866283.e.5807","ELEMENT":"f.145F15F56CD620DDA6DD983A1FFAAB72.d.A4898721B608860DADAFB289D5866283.e.5807"}]}
COMMAND: POST /session/38813ac31724e69450bb97a32539a866/element - {"using":"css selector","value":"#shell-header-logo"}
COMMAND: GET /session/38813ac31724e69450bb97a32539a866/screenshot - {}
RESULT: {"using":"css selector","value":"#shell-header-logo"}
COMMAND: POST /session/38813ac31724e69450bb97a32539a866/execute/sync - {"script":"<script> [8489 bytes]","args":[{"element-6066-11e4-a52e-4f735466cecf":"f.145F15F56CD620DDA6DD983A1FFAAB72.d.A4898721B608860DADAFB289D5866283.e.5807","ELEMENT":"f.145F15F56CD620DDA6DD983A1FFAAB72.d.A4898721B608860DADAFB289D5866283.e.5807"}]}
RESULT: {}
RESULT: {"script":"<script> [8489 bytes]","args":[{"element-6066-11e4-a52e-4f735466cecf":"f.145F15F56CD620DDA6DD983A1FFAAB72.d.A4898721B608860DADAFB289D5866283.e.5807","ELEMENT":"f.145F15F56CD620DDA6DD983A1FFAAB72.d.A4898721B608860DADAFB289D5866283.e.5807"}]}
COMMAND: POST /session/38813ac31724e69450bb97a32539a866/execute/sync - {"script":"<script> [5351 bytes]","args":[{"element-6066-11e4-a52e-4f735466cecf":"f.145F15F56CD620DDA6DD983A1FFAAB72.d.A4898721B608860DADAFB289D5866283.e.5807","ELEMENT":"f.145F15F56CD620DDA6DD983A1FFAAB72.d.A4898721B608860DADAFB289D5866283.e.5807"}]}
COMMAND: GET /session/38813ac31724e69450bb97a32539a866/screenshot - {}
RESULT: {"script":"<script> [5351 bytes]","args":[{"element-6066-11e4-a52e-4f735466cecf":"f.145F15F56CD620DDA6DD983A1FFAAB72.d.A4898721B608860DADAFB289D5866283.e.5807","ELEMENT":"f.145F15F56CD620DDA6DD983A1FFAAB72.d.A4898721B608860DADAFB289D5866283.e.5807"}]}
COMMAND: POST /session/38813ac31724e69450bb97a32539a866/element - {"using":"css selector","value":"#shell-header-logo"}
COMMAND: GET /session/38813ac31724e69450bb97a32539a866/screenshot - {}
RESULT: {}
RESULT: {"using":"css selector","value":"#shell-header-logo"}
COMMAND: POST /session/38813ac31724e69450bb97a32539a866/element/f.145F15F56CD620DDA6DD983A1FFAAB72.d.A4898721B608860DADAFB289D5866283.e.5807/click - {}
RESULT: {}
RESULT: {}
COMMAND: GET /session/38813ac31724e69450bb97a32539a866/screenshot - {}
RESULT: {}
COMMAND: POST /session/38813ac31724e69450bb97a32539a866/execute/async - {"script":"<script> [189 bytes]","args":[]}
RESULT: {"script":"<script> [189 bytes]","args":[]}
COMMAND: POST /session/38813ac31724e69450bb97a32539a866/execute/async - {"script":"<script> [123 bytes]","args":[]}
RESULT: {"script":"<script> [123 bytes]","args":[]}
COMMAND: POST /session/38813ac31724e69450bb97a32539a866/timeouts - {"script":"<number>"}
RESULT: {"script":"<number>"}
COMMAND: GET /session/38813ac31724e69450bb97a32539a866/timeouts - {}
RESULT: {}
RESULT: undefined
COMMAND: POST /session/38813ac31724e69450bb97a32539a866/execute/async - {"script":"<script> [2676 bytes]","args":[]}
RESULT: {"script":"<script> [2676 bytes]","args":[]}
COMMAND: POST /session/38813ac31724e69450bb97a32539a866/execute/async - {"script":"<script> [2342 bytes]","args":[{"protocol":"http","hostname":"0.0.0.0","path":"/","capabilities":{"browserName":"chrome","goog:chromeOptions":{"binary":"C:\\Program Files\\Google\\Chrome\\Application\\chrome.exe","args":["--start-maximized"]}},"logLevel":"warn","connectionRetryTimeout":120000,"connectionRetryCount":3,"logLevels":{},"enableDirectConnect":true,"strictSSL":true,"_":"65 more keys: [\"cacheDir\",\"port\",\"requestedCapabilities\",\"automationProtocol\",\"baseUrl\",\"waitforInterval\",\"waitforTimeout\",\"onReload\",\"beforeCommand\",\"afterCommand\",\"rootDir\",\"specs\",\"suites\",\"exclude\",\"groupLogsByTestSpec\",\"excludeDriverLogs\",\"bail\",\"framework\",\"reporters\",\"services\",\"maxInstances\",\"maxInstancesPerCapability\",\"injectGlobals\",\"filesToWatch\",\"execArgv\",\"runnerEnv\",\"runner\",\"shard\",\"specFileRetries\",\"specFileRetriesDelay\",\"specFileRetriesDeferred\",\"reporterSyncInterval\",\"reporterSyncTimeout\",\"cucumberFeaturesWithLineNumbers\",\"autoCompileOpts\",\"mochaOpts\",\"jasmineOpts\",\"cucumberOpts\",\"onPrepare\",\"onWorkerStart\",\"onWorkerEnd\",\"before\",\"beforeSession\",\"beforeSuite\",\"beforeHook\",\"beforeTest\",\"afterTest\",\"afterHook\",\"afterSuite\",\"afterSession\",\"after\",\"onComplete\",\"beforeAssertion\",\"afterAssertion\",\"beforeFeature\",\"beforeScenario\",\"beforeStep\",\"afterStep\",\"afterScenario\",\"afterFeature\",\"_\",\"suite\",\"$0\",\"ignoredWorkerServices\",\"wdi5\"]"}]}
RESULT: {"script":"<script> [2342 bytes]","args":[{"protocol":"http","hostname":"0.0.0.0","path":"/","capabilities":{"browserName":"chrome","goog:chromeOptions":{"binary":"C:\\Program Files\\Google\\Chrome\\Application\\chrome.exe","args":["--start-maximized"]}},"logLevel":"warn","connectionRetryTimeout":120000,"connectionRetryCount":3,"logLevels":{},"enableDirectConnect":true,"strictSSL":true,"_":"65 more keys: [\"cacheDir\",\"port\",\"requestedCapabilities\",\"automationProtocol\",\"baseUrl\",\"waitforInterval\",\"waitforTimeout\",\"onReload\",\"beforeCommand\",\"afterCommand\",\"rootDir\",\"specs\",\"suites\",\"exclude\",\"groupLogsByTestSpec\",\"excludeDriverLogs\",\"bail\",\"framework\",\"reporters\",\"services\",\"maxInstances\",\"maxInstancesPerCapability\",\"injectGlobals\",\"filesToWatch\",\"execArgv\",\"runnerEnv\",\"runner\",\"shard\",\"specFileRetries\",\"specFileRetriesDelay\",\"specFileRetriesDeferred\",\"reporterSyncInterval\",\"reporterSyncTimeout\",\"cucumberFeaturesWithLineNumbers\",\"autoCompileOpts\",\"mochaOpts\",\"jasmineOpts\",\"cucumberOpts\",\"onPrepare\",\"onWorkerStart\",\"onWorkerEnd\",\"before\",\"beforeSession\",\"beforeSuite\",\"beforeHook\",\"beforeTest\",\"afterTest\",\"afterHook\",\"afterSuite\",\"afterSession\",\"after\",\"onComplete\",\"beforeAssertion\",\"afterAssertion\",\"beforeFeature\",\"beforeScenario\",\"beforeStep\",\"afterStep\",\"afterScenario\",\"afterFeature\",\"_\",\"suite\",\"$0\",\"ignoredWorkerServices\",\"wdi5\"]"}]}
COMMAND: POST /session/38813ac31724e69450bb97a32539a866/execute/async - {"script":"<script> [21126 bytes]","args":[35000]}
RESULT: {"script":"<script> [21126 bytes]","args":[35000]}
COMMAND: POST /session/38813ac31724e69450bb97a32539a866/window/maximize - {}
RESULT: {}
COMMAND: POST /session/38813ac31724e69450bb97a32539a866/execute/async - {"script":"<script> [1562 bytes]","args":[{"selector":{"id":"shell-header","interaction":{"idSuffix":"icon"}},"wdio_ui5_key":"shellheader"}]}
COMMAND: GET /session/38813ac31724e69450bb97a32539a866/screenshot - {}
RESULT: undefined
RESULT: {"script":"<script> [1562 bytes]","args":[{"selector":{"id":"shell-header","interaction":{"idSuffix":"icon"}},"wdio_ui5_key":"shellheader"}]}
RESULT: undefined
COMMAND: POST /session/38813ac31724e69450bb97a32539a866/window/fullscreen - {}
RESULT: {}
RESULT: {}
]]></system-out>
    </testcase>
  </testsuite>
  <testsuite timestamp="2025-06-13T18:13:35" time="826.57" tests="6" failures="5" errors="5" skipped="0">
    <properties>
      <property name="specId" value="0"/>
      <property name="suiteName" value="Manage States &amp; Performance Tests US151247 US151423 US151467"/>
      <property name="capabilities" value="chrome.137_0_7151_69.windows"/>
      <property name="file" value="file:///D:/a/1/s/test/specs/HTR/manage-states-perf.spec.js"/>
    </properties>
    <testcase classname="chrome.137_0_7151_69.windows.Manage_States_&amp;_Performance_Tests_US151247_US151423_US151467" name="Prereq Should create a yard partner and site" time="376.433">
      <system-out><![CDATA[
COMMAND: POST /session/38813ac31724e69450bb97a32539a866/execute/async - {"script":"<script> [1562 bytes]","args":[{"selector":{"controlType":"sap.m.GenericTile","properties":{"header":"Manage Yards"}},"wdio_ui5_key":"sapm.GenericTile{\"header\":\"Manage Yards\"}"}]}
RESULT: {"script":"<script> [1562 bytes]","args":[{"selector":{"controlType":"sap.m.GenericTile","properties":{"header":"Manage Yards"}},"wdio_ui5_key":"sapm.GenericTile{\"header\":\"Manage Yards\"}"}]}
RESULT: undefined
COMMAND: POST /session/38813ac31724e69450bb97a32539a866/element - {"using":"xpath","value":"//*[@id=\"__tile34\"]"}
RESULT: {"using":"xpath","value":"//*[@id=\"__tile34\"]"}
COMMAND: POST /session/38813ac31724e69450bb97a32539a866/element/f.145F15F56CD620DDA6DD983A1FFAAB72.d.A4898721B608860DADAFB289D5866283.e.5835/click - {}
RESULT: {}
COMMAND: GET /session/38813ac31724e69450bb97a32539a866/screenshot - {}
RESULT: {}
COMMAND: POST /session/38813ac31724e69450bb97a32539a866/elements - {"using":"xpath","value":"//span[text()='Error']"}
RESULT: {"using":"xpath","value":"//span[text()='Error']"}
COMMAND: POST /session/38813ac31724e69450bb97a32539a866/element - {"using":"xpath","value":"//button[@data-kt=\"addNewYardOverflowToolbarButton\"]"}
RESULT: {"using":"xpath","value":"//button[@data-kt=\"addNewYardOverflowToolbarButton\"]"}
COMMAND: POST /session/38813ac31724e69450bb97a32539a866/elements - {"using":"xpath","value":"//button[@data-kt=\"addNewYardOverflowToolbarButton\"]"}
RESULT: {"using":"xpath","value":"//button[@data-kt=\"addNewYardOverflowToolbarButton\"]"}
COMMAND: POST /session/38813ac31724e69450bb97a32539a866/elements - {"using":"xpath","value":"//button[@data-kt=\"addNewYardOverflowToolbarButton\"]"}
RESULT: {"using":"xpath","value":"//button[@data-kt=\"addNewYardOverflowToolbarButton\"]"}
COMMAND: POST /session/38813ac31724e69450bb97a32539a866/element - {"using":"xpath","value":"//button[@data-kt=\"addNewYardOverflowToolbarButton\"]"}
RESULT: {"using":"xpath","value":"//button[@data-kt=\"addNewYardOverflowToolbarButton\"]"}
COMMAND: POST /session/38813ac31724e69450bb97a32539a866/execute/sync - {"script":"<script> [8489 bytes]","args":[{"element-6066-11e4-a52e-4f735466cecf":"f.145F15F56CD620DDA6DD983A1FFAAB72.d.A4898721B608860DADAFB289D5866283.e.5959","ELEMENT":"f.145F15F56CD620DDA6DD983A1FFAAB72.d.A4898721B608860DADAFB289D5866283.e.5959"}]}
RESULT: {"script":"<script> [8489 bytes]","args":[{"element-6066-11e4-a52e-4f735466cecf":"f.145F15F56CD620DDA6DD983A1FFAAB72.d.A4898721B608860DADAFB289D5866283.e.5959","ELEMENT":"f.145F15F56CD620DDA6DD983A1FFAAB72.d.A4898721B608860DADAFB289D5866283.e.5959"}]}
COMMAND: GET /session/38813ac31724e69450bb97a32539a866/element/f.145F15F56CD620DDA6DD983A1FFAAB72.d.A4898721B608860DADAFB289D5866283.e.5959/enabled - {}
COMMAND: GET /session/38813ac31724e69450bb97a32539a866/screenshot - {}
RESULT: {}
COMMAND: POST /session/38813ac31724e69450bb97a32539a866/execute/sync - {"script":"<script> [8489 bytes]","args":[{"element-6066-11e4-a52e-4f735466cecf":"f.145F15F56CD620DDA6DD983A1FFAAB72.d.A4898721B608860DADAFB289D5866283.e.5959","ELEMENT":"f.145F15F56CD620DDA6DD983A1FFAAB72.d.A4898721B608860DADAFB289D5866283.e.5959"}]}
COMMAND: GET /session/38813ac31724e69450bb97a32539a866/screenshot - {}
RESULT: {}
RESULT: {"script":"<script> [8489 bytes]","args":[{"element-6066-11e4-a52e-4f735466cecf":"f.145F15F56CD620DDA6DD983A1FFAAB72.d.A4898721B608860DADAFB289D5866283.e.5959","ELEMENT":"f.145F15F56CD620DDA6DD983A1FFAAB72.d.A4898721B608860DADAFB289D5866283.e.5959"}]}
COMMAND: POST /session/38813ac31724e69450bb97a32539a866/execute/sync - {"script":"<script> [5351 bytes]","args":[{"element-6066-11e4-a52e-4f735466cecf":"f.145F15F56CD620DDA6DD983A1FFAAB72.d.A4898721B608860DADAFB289D5866283.e.5959","ELEMENT":"f.145F15F56CD620DDA6DD983A1FFAAB72.d.A4898721B608860DADAFB289D5866283.e.5959"}]}
COMMAND: GET /session/38813ac31724e69450bb97a32539a866/screenshot - {}
RESULT: {}
RESULT: {"script":"<script> [5351 bytes]","args":[{"element-6066-11e4-a52e-4f735466cecf":"f.145F15F56CD620DDA6DD983A1FFAAB72.d.A4898721B608860DADAFB289D5866283.e.5959","ELEMENT":"f.145F15F56CD620DDA6DD983A1FFAAB72.d.A4898721B608860DADAFB289D5866283.e.5959"}]}
COMMAND: POST /session/38813ac31724e69450bb97a32539a866/element/f.145F15F56CD620DDA6DD983A1FFAAB72.d.A4898721B608860DADAFB289D5866283.e.5959/click - {}
COMMAND: GET /session/38813ac31724e69450bb97a32539a866/screenshot - {}
RESULT: {}
RESULT: {}
COMMAND: GET /session/38813ac31724e69450bb97a32539a866/screenshot - {}
RESULT: {}
COMMAND: POST /session/38813ac31724e69450bb97a32539a866/element - {"using":"xpath","value":"//input[@id=\"application-manageyards-display-component---NewYard--yardId-inner\"]"}
RESULT: {}
RESULT: {"using":"xpath","value":"//input[@id=\"application-manageyards-display-component---NewYard--yardId-inner\"]"}
COMMAND: POST /session/38813ac31724e69450bb97a32539a866/element - {"using":"xpath","value":"//input[@id=\"application-manageyards-display-component---NewYard--yardId-inner\"]"}
RESULT: {"using":"xpath","value":"//input[@id=\"application-manageyards-display-component---NewYard--yardId-inner\"]"}
COMMAND: POST /session/38813ac31724e69450bb97a32539a866/execute/async - {"script":"<script> [1562 bytes]","args":[{"selector":{"id":"application-manageyards-display-component---NewYard--addressDetailDetailsName1","interaction":{"idSuffix":"inner"}},"wdio_ui5_key":"applicationmanageyards-display-component---NewYard--addressDetailDetailsName1"}]}
RESULT: {"script":"<script> [1562 bytes]","args":[{"selector":{"id":"application-manageyards-display-component---NewYard--addressDetailDetailsName1","interaction":{"idSuffix":"inner"}},"wdio_ui5_key":"applicationmanageyards-display-component---NewYard--addressDetailDetailsName1"}]}
RESULT: undefined
COMMAND: POST /session/38813ac31724e69450bb97a32539a866/execute/async - {"script":"<script> [776 bytes]","args":[{"enterText":"Intercompany Yard wdIO","selector":{"id":"application-manageyards-display-component---NewYard--addressDetailDetailsName1","interaction":{"idSuffix":"inner"}},"clearTextFirst":true,"interactionType":"ENTER_TEXT"}]}
RESULT: {"script":"<script> [776 bytes]","args":[{"enterText":"Intercompany Yard wdIO","selector":{"id":"application-manageyards-display-component---NewYard--addressDetailDetailsName1","interaction":{"idSuffix":"inner"}},"clearTextFirst":true,"interactionType":"ENTER_TEXT"}]}
COMMAND: POST /session/38813ac31724e69450bb97a32539a866/execute/async - {"script":"<script> [1562 bytes]","args":[{"selector":{"id":"application-manageyards-display-component---NewYard--addressDetailDetailsLanguage-arrow"},"wdio_ui5_key":"applicationmanageyards-display-component---NewYard--addressDetailDetailsLanguage-arrow"}]}
RESULT: {"script":"<script> [1562 bytes]","args":[{"selector":{"id":"application-manageyards-display-component---NewYard--addressDetailDetailsLanguage-arrow"},"wdio_ui5_key":"applicationmanageyards-display-component---NewYard--addressDetailDetailsLanguage-arrow"}]}
RESULT: undefined
COMMAND: POST /session/38813ac31724e69450bb97a32539a866/element - {"using":"xpath","value":"//*[@id=\"application-manageyards-display-component---NewYard--addressDetailDetailsLanguage-arrow\"]"}
RESULT: {"using":"xpath","value":"//*[@id=\"application-manageyards-display-component---NewYard--addressDetailDetailsLanguage-arrow\"]"}
COMMAND: POST /session/38813ac31724e69450bb97a32539a866/element/f.145F15F56CD620DDA6DD983A1FFAAB72.d.A4898721B608860DADAFB289D5866283.e.6392/click - {}
RESULT: {}
COMMAND: POST /session/38813ac31724e69450bb97a32539a866/element - {"using":"xpath","value":"//span[contains(text(), \"English\")]"}
COMMAND: GET /session/38813ac31724e69450bb97a32539a866/screenshot - {}
RESULT: {"using":"xpath","value":"//span[contains(text(), \"English\")]"}
COMMAND: POST /session/38813ac31724e69450bb97a32539a866/element/f.145F15F56CD620DDA6DD983A1FFAAB72.d.A4898721B608860DADAFB289D5866283.e.6393/click - {}
RESULT: {}
RESULT: {}
COMMAND: POST /session/38813ac31724e69450bb97a32539a866/execute/async - {"script":"<script> [1562 bytes]","args":[{"selector":{"id":"application-manageyards-display-component---NewYard--addressDetailDetailsCity1","interaction":{"idSuffix":"inner"}},"wdio_ui5_key":"applicationmanageyards-display-component---NewYard--addressDetailDetailsCity1"}]}
COMMAND: GET /session/38813ac31724e69450bb97a32539a866/screenshot - {}
RESULT: {"script":"<script> [1562 bytes]","args":[{"selector":{"id":"application-manageyards-display-component---NewYard--addressDetailDetailsCity1","interaction":{"idSuffix":"inner"}},"wdio_ui5_key":"applicationmanageyards-display-component---NewYard--addressDetailDetailsCity1"}]}
RESULT: undefined
COMMAND: POST /session/38813ac31724e69450bb97a32539a866/execute/async - {"script":"<script> [776 bytes]","args":[{"enterText":"Rosario","selector":{"id":"application-manageyards-display-component---NewYard--addressDetailDetailsCity1","interaction":{"idSuffix":"inner"}},"clearTextFirst":true,"interactionType":"ENTER_TEXT"}]}
RESULT: {}
RESULT: {"script":"<script> [776 bytes]","args":[{"enterText":"Rosario","selector":{"id":"application-manageyards-display-component---NewYard--addressDetailDetailsCity1","interaction":{"idSuffix":"inner"}},"clearTextFirst":true,"interactionType":"ENTER_TEXT"}]}
COMMAND: POST /session/38813ac31724e69450bb97a32539a866/execute/async - {"script":"<script> [1562 bytes]","args":[{"selector":{"id":"application-manageyards-display-component---NewYard--addressDetailDetailsCountry-arrow"},"wdio_ui5_key":"applicationmanageyards-display-component---NewYard--addressDetailDetailsCountry-arrow"}]}
RESULT: {"script":"<script> [1562 bytes]","args":[{"selector":{"id":"application-manageyards-display-component---NewYard--addressDetailDetailsCountry-arrow"},"wdio_ui5_key":"applicationmanageyards-display-component---NewYard--addressDetailDetailsCountry-arrow"}]}
RESULT: undefined
COMMAND: POST /session/38813ac31724e69450bb97a32539a866/element - {"using":"xpath","value":"//*[@id=\"application-manageyards-display-component---NewYard--addressDetailDetailsCountry-arrow\"]"}
RESULT: {"using":"xpath","value":"//*[@id=\"application-manageyards-display-component---NewYard--addressDetailDetailsCountry-arrow\"]"}
COMMAND: POST /session/38813ac31724e69450bb97a32539a866/element/f.145F15F56CD620DDA6DD983A1FFAAB72.d.A4898721B608860DADAFB289D5866283.e.6395/click - {}
RESULT: {}
COMMAND: POST /session/38813ac31724e69450bb97a32539a866/element - {"using":"xpath","value":"//span[contains(text(), \"Argentina\")]"}
COMMAND: GET /session/38813ac31724e69450bb97a32539a866/screenshot - {}
RESULT: {"using":"xpath","value":"//span[contains(text(), \"Argentina\")]"}
COMMAND: POST /session/38813ac31724e69450bb97a32539a866/element/f.145F15F56CD620DDA6DD983A1FFAAB72.d.A4898721B608860DADAFB289D5866283.e.6397/click - {}
RESULT: {}
RESULT: {}
COMMAND: POST /session/38813ac31724e69450bb97a32539a866/execute/async - {"script":"<script> [1562 bytes]","args":[{"selector":{"id":"application-manageyards-display-component---NewYard--addressEditDetailsCostObjectCstType-arrow"},"wdio_ui5_key":"applicationmanageyards-display-component---NewYard--addressEditDetailsCostObjectCstType-arrow"}]}
COMMAND: GET /session/38813ac31724e69450bb97a32539a866/screenshot - {}
RESULT: {"script":"<script> [1562 bytes]","args":[{"selector":{"id":"application-manageyards-display-component---NewYard--addressEditDetailsCostObjectCstType-arrow"},"wdio_ui5_key":"applicationmanageyards-display-component---NewYard--addressEditDetailsCostObjectCstType-arrow"}]}
RESULT: undefined
COMMAND: POST /session/38813ac31724e69450bb97a32539a866/element - {"using":"xpath","value":"//*[@id=\"application-manageyards-display-component---NewYard--addressEditDetailsCostObjectCstType-arrow\"]"}
RESULT: {}
RESULT: {"using":"xpath","value":"//*[@id=\"application-manageyards-display-component---NewYard--addressEditDetailsCostObjectCstType-arrow\"]"}
COMMAND: POST /session/38813ac31724e69450bb97a32539a866/element/f.145F15F56CD620DDA6DD983A1FFAAB72.d.A4898721B608860DADAFB289D5866283.e.6398/click - {}
RESULT: {}
COMMAND: POST /session/38813ac31724e69450bb97a32539a866/element - {"using":"xpath","value":"//span[contains(text(), \"Cost Center\")]"}
COMMAND: GET /session/38813ac31724e69450bb97a32539a866/screenshot - {}
RESULT: {"using":"xpath","value":"//span[contains(text(), \"Cost Center\")]"}
COMMAND: POST /session/38813ac31724e69450bb97a32539a866/element/f.145F15F56CD620DDA6DD983A1FFAAB72.d.A4898721B608860DADAFB289D5866283.e.6399/click - {}
RESULT: {}
RESULT: {}
COMMAND: GET /session/38813ac31724e69450bb97a32539a866/screenshot - {}
RESULT: {}
COMMAND: POST /session/38813ac31724e69450bb97a32539a866/element - {"using":"xpath","value":"//span[@id=\"application-manageyards-display-component---NewYard--addressNewCostObjectCstID-vhi\"]"}
RESULT: {"using":"xpath","value":"//span[@id=\"application-manageyards-display-component---NewYard--addressNewCostObjectCstID-vhi\"]"}
COMMAND: POST /session/38813ac31724e69450bb97a32539a866/execute/sync - {"script":"<script> [8489 bytes]","args":[{"element-6066-11e4-a52e-4f735466cecf":"f.145F15F56CD620DDA6DD983A1FFAAB72.d.A4898721B608860DADAFB289D5866283.e.6403","ELEMENT":"f.145F15F56CD620DDA6DD983A1FFAAB72.d.A4898721B608860DADAFB289D5866283.e.6403"}]}
RESULT: {"script":"<script> [8489 bytes]","args":[{"element-6066-11e4-a52e-4f735466cecf":"f.145F15F56CD620DDA6DD983A1FFAAB72.d.A4898721B608860DADAFB289D5866283.e.6403","ELEMENT":"f.145F15F56CD620DDA6DD983A1FFAAB72.d.A4898721B608860DADAFB289D5866283.e.6403"}]}
COMMAND: POST /session/38813ac31724e69450bb97a32539a866/execute/async - {"script":"<script> [1562 bytes]","args":[{"selector":{"id":"application-manageyards-display-component---NewYard--addressNewCostObjectCstID-vhi"},"wdio_ui5_key":"applicationmanageyards-display-component---NewYard--addressNewCostObjectCstID-vhi"}]}
COMMAND: GET /session/38813ac31724e69450bb97a32539a866/screenshot - {}
RESULT: {"script":"<script> [1562 bytes]","args":[{"selector":{"id":"application-manageyards-display-component---NewYard--addressNewCostObjectCstID-vhi"},"wdio_ui5_key":"applicationmanageyards-display-component---NewYard--addressNewCostObjectCstID-vhi"}]}
RESULT: undefined
COMMAND: POST /session/38813ac31724e69450bb97a32539a866/element - {"using":"xpath","value":"//*[@id=\"application-manageyards-display-component---NewYard--addressNewCostObjectCstID-vhi\"]"}
RESULT: {}
RESULT: {"using":"xpath","value":"//*[@id=\"application-manageyards-display-component---NewYard--addressNewCostObjectCstID-vhi\"]"}
COMMAND: POST /session/38813ac31724e69450bb97a32539a866/element/f.145F15F56CD620DDA6DD983A1FFAAB72.d.A4898721B608860DADAFB289D5866283.e.6403/click - {}
RESULT: {}
COMMAND: GET /session/38813ac31724e69450bb97a32539a866/screenshot - {}
RESULT: {}
COMMAND: POST /session/38813ac31724e69450bb97a32539a866/execute/async - {"script":"<script> [1562 bytes]","args":[{"selector":{"controlType":"sap.m.SearchField","properties":{"placeholder":"Search"},"searchOpenDialogs":true,"interaction":{"idSuffix":"I"}},"wdio_ui5_key":"sapm.SearchField{\"placeholder\":\"Search\"}"}]}
RESULT: {"script":"<script> [1562 bytes]","args":[{"selector":{"controlType":"sap.m.SearchField","properties":{"placeholder":"Search"},"searchOpenDialogs":true,"interaction":{"idSuffix":"I"}},"wdio_ui5_key":"sapm.SearchField{\"placeholder\":\"Search\"}"}]}
RESULT: undefined
COMMAND: POST /session/38813ac31724e69450bb97a32539a866/execute/async - {"script":"<script> [776 bytes]","args":[{"enterText":"bauh_b","selector":{"controlType":"sap.m.SearchField","properties":{"placeholder":"Search"},"searchOpenDialogs":true,"interaction":{"idSuffix":"I"}},"clearTextFirst":true,"interactionType":"ENTER_TEXT"}]}
RESULT: {"script":"<script> [776 bytes]","args":[{"enterText":"bauh_b","selector":{"controlType":"sap.m.SearchField","properties":{"placeholder":"Search"},"searchOpenDialogs":true,"interaction":{"idSuffix":"I"}},"clearTextFirst":true,"interactionType":"ENTER_TEXT"}]}
COMMAND: POST /session/38813ac31724e69450bb97a32539a866/actions - {"actions":[{"id":"action15","type":"key","parameters":{},"actions":[{"type":"keyDown","value":""},{"type":"pause","duration":10},{"type":"keyUp","value":""}]}]}
RESULT: {"actions":[{"id":"action15","type":"key","parameters":{},"actions":[{"type":"keyDown","value":""},{"type":"pause","duration":10},{"type":"keyUp","value":""}]}]}
COMMAND: GET /session/38813ac31724e69450bb97a32539a866/screenshot - {}
RESULT: {}
COMMAND: POST /session/38813ac31724e69450bb97a32539a866/element - {"using":"xpath","value":"//span[contains(text(), \"Demo Yard\")]"}
RESULT: {"using":"xpath","value":"//span[contains(text(), \"Demo Yard\")]"}
COMMAND: POST /session/38813ac31724e69450bb97a32539a866/element/f.145F15F56CD620DDA6DD983A1FFAAB72.d.A4898721B608860DADAFB289D5866283.e.6444/click - {}
RESULT: {}
COMMAND: GET /session/38813ac31724e69450bb97a32539a866/screenshot - {}
RESULT: {}
COMMAND: POST /session/38813ac31724e69450bb97a32539a866/element - {"using":"xpath","value":"//bdi[contains(text(), \"OK\")]"}
RESULT: {"using":"xpath","value":"//bdi[contains(text(), \"OK\")]"}
COMMAND: POST /session/38813ac31724e69450bb97a32539a866/element/f.145F15F56CD620DDA6DD983A1FFAAB72.d.A4898721B608860DADAFB289D5866283.e.6445/click - {}
RESULT: {}
COMMAND: GET /session/38813ac31724e69450bb97a32539a866/screenshot - {}
RESULT: {}
COMMAND: POST /session/38813ac31724e69450bb97a32539a866/execute/async - {"script":"<script> [1562 bytes]","args":[{"selector":{"id":"application-manageyards-display-component---NewYard--addressEditDetailsCurrency-arrow"},"wdio_ui5_key":"applicationmanageyards-display-component---NewYard--addressEditDetailsCurrency-arrow"}]}
RESULT: {"script":"<script> [1562 bytes]","args":[{"selector":{"id":"application-manageyards-display-component---NewYard--addressEditDetailsCurrency-arrow"},"wdio_ui5_key":"applicationmanageyards-display-component---NewYard--addressEditDetailsCurrency-arrow"}]}
RESULT: undefined
COMMAND: POST /session/38813ac31724e69450bb97a32539a866/element - {"using":"xpath","value":"//*[@id=\"application-manageyards-display-component---NewYard--addressEditDetailsCurrency-arrow\"]"}
RESULT: {"using":"xpath","value":"//*[@id=\"application-manageyards-display-component---NewYard--addressEditDetailsCurrency-arrow\"]"}
COMMAND: POST /session/38813ac31724e69450bb97a32539a866/element/f.145F15F56CD620DDA6DD983A1FFAAB72.d.A4898721B608860DADAFB289D5866283.e.6448/click - {}
RESULT: {}
COMMAND: POST /session/38813ac31724e69450bb97a32539a866/element - {"using":"xpath","value":"//span[contains(text(), \"Euro\")]"}
COMMAND: GET /session/38813ac31724e69450bb97a32539a866/screenshot - {}
RESULT: {"using":"xpath","value":"//span[contains(text(), \"Euro\")]"}
COMMAND: POST /session/38813ac31724e69450bb97a32539a866/element/f.145F15F56CD620DDA6DD983A1FFAAB72.d.A4898721B608860DADAFB289D5866283.e.6449/click - {}
RESULT: {}
RESULT: {}
COMMAND: POST /session/38813ac31724e69450bb97a32539a866/execute/async - {"script":"<script> [1562 bytes]","args":[{"selector":{"controlType":"sap.m.Input","viewName":"etm.portal.ui.manageyards.view.New","viewId":"application-manageyards-display-component---NewYard","bindingPath":{"path":"","propertyPath":"/CONTROLLING_AREA","modelName":"NewYardModel"},"interaction":{"idSuffix":"inner"}},"wdio_ui5_key":"etmportal.ui.manageyards.view.Newsap.m.Input{\"path\":\"\",\"propertyPath\":\"/CONTROLLING_AREA\",\"modelName\":\"NewYardModel\"}"}]}
COMMAND: GET /session/38813ac31724e69450bb97a32539a866/screenshot - {}
RESULT: {"script":"<script> [1562 bytes]","args":[{"selector":{"controlType":"sap.m.Input","viewName":"etm.portal.ui.manageyards.view.New","viewId":"application-manageyards-display-component---NewYard","bindingPath":{"path":"","propertyPath":"/CONTROLLING_AREA","modelName":"NewYardModel"},"interaction":{"idSuffix":"inner"}},"wdio_ui5_key":"etmportal.ui.manageyards.view.Newsap.m.Input{\"path\":\"\",\"propertyPath\":\"/CONTROLLING_AREA\",\"modelName\":\"NewYardModel\"}"}]}
RESULT: undefined
COMMAND: POST /session/38813ac31724e69450bb97a32539a866/execute/async - {"script":"<script> [776 bytes]","args":[{"enterText":"Z001","selector":{"controlType":"sap.m.Input","viewName":"etm.portal.ui.manageyards.view.New","viewId":"application-manageyards-display-component---NewYard","bindingPath":{"path":"","propertyPath":"/CONTROLLING_AREA","modelName":"NewYardModel"},"interaction":{"idSuffix":"inner"}},"clearTextFirst":true,"interactionType":"ENTER_TEXT"}]}
RESULT: {}
RESULT: {"script":"<script> [776 bytes]","args":[{"enterText":"Z001","selector":{"controlType":"sap.m.Input","viewName":"etm.portal.ui.manageyards.view.New","viewId":"application-manageyards-display-component---NewYard","bindingPath":{"path":"","propertyPath":"/CONTROLLING_AREA","modelName":"NewYardModel"},"interaction":{"idSuffix":"inner"}},"clearTextFirst":true,"interactionType":"ENTER_TEXT"}]}
COMMAND: POST /session/38813ac31724e69450bb97a32539a866/execute/async - {"script":"<script> [1562 bytes]","args":[{"selector":{"id":"application-manageyards-display-component---NewYard--companyCodeComboBox","interaction":{"idSuffix":"inner"}},"wdio_ui5_key":"applicationmanageyards-display-component---NewYard--companyCodeComboBox"}]}
RESULT: {"script":"<script> [1562 bytes]","args":[{"selector":{"id":"application-manageyards-display-component---NewYard--companyCodeComboBox","interaction":{"idSuffix":"inner"}},"wdio_ui5_key":"applicationmanageyards-display-component---NewYard--companyCodeComboBox"}]}
RESULT: undefined
COMMAND: POST /session/38813ac31724e69450bb97a32539a866/execute/async - {"script":"<script> [776 bytes]","args":[{"enterText":"1000","selector":{"id":"application-manageyards-display-component---NewYard--companyCodeComboBox","interaction":{"idSuffix":"inner"}},"clearTextFirst":true,"interactionType":"ENTER_TEXT"}]}
RESULT: {"script":"<script> [776 bytes]","args":[{"enterText":"1000","selector":{"id":"application-manageyards-display-component---NewYard--companyCodeComboBox","interaction":{"idSuffix":"inner"}},"clearTextFirst":true,"interactionType":"ENTER_TEXT"}]}
COMMAND: POST /session/38813ac31724e69450bb97a32539a866/execute/async - {"script":"<script> [1562 bytes]","args":[{"selector":{"controlType":"sap.m.Input","viewName":"etm.portal.ui.manageyards.view.New","viewId":"application-manageyards-display-component---NewYard","bindingPath":{"path":"","propertyPath":"/PLANT","modelName":"NewYardModel"},"interaction":{"idSuffix":"inner"}},"wdio_ui5_key":"etmportal.ui.manageyards.view.Newsap.m.Input{\"path\":\"\",\"propertyPath\":\"/PLANT\",\"modelName\":\"NewYardModel\"}"}]}
RESULT: {"script":"<script> [1562 bytes]","args":[{"selector":{"controlType":"sap.m.Input","viewName":"etm.portal.ui.manageyards.view.New","viewId":"application-manageyards-display-component---NewYard","bindingPath":{"path":"","propertyPath":"/PLANT","modelName":"NewYardModel"},"interaction":{"idSuffix":"inner"}},"wdio_ui5_key":"etmportal.ui.manageyards.view.Newsap.m.Input{\"path\":\"\",\"propertyPath\":\"/PLANT\",\"modelName\":\"NewYardModel\"}"}]}
RESULT: undefined
COMMAND: POST /session/38813ac31724e69450bb97a32539a866/execute/async - {"script":"<script> [776 bytes]","args":[{"enterText":"1001","selector":{"controlType":"sap.m.Input","viewName":"etm.portal.ui.manageyards.view.New","viewId":"application-manageyards-display-component---NewYard","bindingPath":{"path":"","propertyPath":"/PLANT","modelName":"NewYardModel"},"interaction":{"idSuffix":"inner"}},"clearTextFirst":true,"interactionType":"ENTER_TEXT"}]}
RESULT: {"script":"<script> [776 bytes]","args":[{"enterText":"1001","selector":{"controlType":"sap.m.Input","viewName":"etm.portal.ui.manageyards.view.New","viewId":"application-manageyards-display-component---NewYard","bindingPath":{"path":"","propertyPath":"/PLANT","modelName":"NewYardModel"},"interaction":{"idSuffix":"inner"}},"clearTextFirst":true,"interactionType":"ENTER_TEXT"}]}
COMMAND: POST /session/38813ac31724e69450bb97a32539a866/execute/async - {"script":"<script> [1562 bytes]","args":[{"selector":{"controlType":"sap.m.Input","viewName":"etm.portal.ui.manageyards.view.New","viewId":"application-manageyards-display-component---NewYard","bindingPath":{"path":"","propertyPath":"/SALES_AREA_VKORG","modelName":"NewYardModel"},"interaction":{"idSuffix":"inner"}},"wdio_ui5_key":"etmportal.ui.manageyards.view.Newsap.m.Input{\"path\":\"\",\"propertyPath\":\"/SALES_AREA_VKORG\",\"modelName\":\"NewYardModel\"}"}]}
RESULT: {"script":"<script> [1562 bytes]","args":[{"selector":{"controlType":"sap.m.Input","viewName":"etm.portal.ui.manageyards.view.New","viewId":"application-manageyards-display-component---NewYard","bindingPath":{"path":"","propertyPath":"/SALES_AREA_VKORG","modelName":"NewYardModel"},"interaction":{"idSuffix":"inner"}},"wdio_ui5_key":"etmportal.ui.manageyards.view.Newsap.m.Input{\"path\":\"\",\"propertyPath\":\"/SALES_AREA_VKORG\",\"modelName\":\"NewYardModel\"}"}]}
RESULT: undefined
COMMAND: POST /session/38813ac31724e69450bb97a32539a866/execute/async - {"script":"<script> [776 bytes]","args":[{"enterText":"C002","selector":{"controlType":"sap.m.Input","viewName":"etm.portal.ui.manageyards.view.New","viewId":"application-manageyards-display-component---NewYard","bindingPath":{"path":"","propertyPath":"/SALES_AREA_VKORG","modelName":"NewYardModel"},"interaction":{"idSuffix":"inner"}},"clearTextFirst":true,"interactionType":"ENTER_TEXT"}]}
RESULT: {"script":"<script> [776 bytes]","args":[{"enterText":"C002","selector":{"controlType":"sap.m.Input","viewName":"etm.portal.ui.manageyards.view.New","viewId":"application-manageyards-display-component---NewYard","bindingPath":{"path":"","propertyPath":"/SALES_AREA_VKORG","modelName":"NewYardModel"},"interaction":{"idSuffix":"inner"}},"clearTextFirst":true,"interactionType":"ENTER_TEXT"}]}
COMMAND: POST /session/38813ac31724e69450bb97a32539a866/execute/async - {"script":"<script> [1562 bytes]","args":[{"selector":{"controlType":"sap.m.Input","viewName":"etm.portal.ui.manageyards.view.New","viewId":"application-manageyards-display-component---NewYard","bindingPath":{"path":"","propertyPath":"/SALES_AREA_VTWEG","modelName":"NewYardModel"},"interaction":{"idSuffix":"inner"}},"wdio_ui5_key":"etmportal.ui.manageyards.view.Newsap.m.Input{\"path\":\"\",\"propertyPath\":\"/SALES_AREA_VTWEG\",\"modelName\":\"NewYardModel\"}"}]}
RESULT: {"script":"<script> [1562 bytes]","args":[{"selector":{"controlType":"sap.m.Input","viewName":"etm.portal.ui.manageyards.view.New","viewId":"application-manageyards-display-component---NewYard","bindingPath":{"path":"","propertyPath":"/SALES_AREA_VTWEG","modelName":"NewYardModel"},"interaction":{"idSuffix":"inner"}},"wdio_ui5_key":"etmportal.ui.manageyards.view.Newsap.m.Input{\"path\":\"\",\"propertyPath\":\"/SALES_AREA_VTWEG\",\"modelName\":\"NewYardModel\"}"}]}
RESULT: undefined
COMMAND: POST /session/38813ac31724e69450bb97a32539a866/execute/async - {"script":"<script> [776 bytes]","args":[{"enterText":"C2","selector":{"controlType":"sap.m.Input","viewName":"etm.portal.ui.manageyards.view.New","viewId":"application-manageyards-display-component---NewYard","bindingPath":{"path":"","propertyPath":"/SALES_AREA_VTWEG","modelName":"NewYardModel"},"interaction":{"idSuffix":"inner"}},"clearTextFirst":true,"interactionType":"ENTER_TEXT"}]}
RESULT: {"script":"<script> [776 bytes]","args":[{"enterText":"C2","selector":{"controlType":"sap.m.Input","viewName":"etm.portal.ui.manageyards.view.New","viewId":"application-manageyards-display-component---NewYard","bindingPath":{"path":"","propertyPath":"/SALES_AREA_VTWEG","modelName":"NewYardModel"},"interaction":{"idSuffix":"inner"}},"clearTextFirst":true,"interactionType":"ENTER_TEXT"}]}
COMMAND: POST /session/38813ac31724e69450bb97a32539a866/execute/async - {"script":"<script> [1562 bytes]","args":[{"selector":{"controlType":"sap.m.Input","viewName":"etm.portal.ui.manageyards.view.New","viewId":"application-manageyards-display-component---NewYard","bindingPath":{"path":"","propertyPath":"/SALES_AREA_SPART","modelName":"NewYardModel"},"interaction":{"idSuffix":"inner"}},"wdio_ui5_key":"etmportal.ui.manageyards.view.Newsap.m.Input{\"path\":\"\",\"propertyPath\":\"/SALES_AREA_SPART\",\"modelName\":\"NewYardModel\"}"}]}
RESULT: {"script":"<script> [1562 bytes]","args":[{"selector":{"controlType":"sap.m.Input","viewName":"etm.portal.ui.manageyards.view.New","viewId":"application-manageyards-display-component---NewYard","bindingPath":{"path":"","propertyPath":"/SALES_AREA_SPART","modelName":"NewYardModel"},"interaction":{"idSuffix":"inner"}},"wdio_ui5_key":"etmportal.ui.manageyards.view.Newsap.m.Input{\"path\":\"\",\"propertyPath\":\"/SALES_AREA_SPART\",\"modelName\":\"NewYardModel\"}"}]}
RESULT: undefined
COMMAND: POST /session/38813ac31724e69450bb97a32539a866/execute/async - {"script":"<script> [776 bytes]","args":[{"enterText":"C2","selector":{"controlType":"sap.m.Input","viewName":"etm.portal.ui.manageyards.view.New","viewId":"application-manageyards-display-component---NewYard","bindingPath":{"path":"","propertyPath":"/SALES_AREA_SPART","modelName":"NewYardModel"},"interaction":{"idSuffix":"inner"}},"clearTextFirst":true,"interactionType":"ENTER_TEXT"}]}
RESULT: {"script":"<script> [776 bytes]","args":[{"enterText":"C2","selector":{"controlType":"sap.m.Input","viewName":"etm.portal.ui.manageyards.view.New","viewId":"application-manageyards-display-component---NewYard","bindingPath":{"path":"","propertyPath":"/SALES_AREA_SPART","modelName":"NewYardModel"},"interaction":{"idSuffix":"inner"}},"clearTextFirst":true,"interactionType":"ENTER_TEXT"}]}
COMMAND: POST /session/38813ac31724e69450bb97a32539a866/execute/async - {"script":"<script> [1562 bytes]","args":[{"selector":{"controlType":"sap.m.Input","viewName":"etm.portal.ui.manageyards.view.New","viewId":"application-manageyards-display-component---NewYard","bindingPath":{"path":"","propertyPath":"/SHIP_POINT","modelName":"NewYardModel"},"interaction":{"idSuffix":"inner"}},"wdio_ui5_key":"etmportal.ui.manageyards.view.Newsap.m.Input{\"path\":\"\",\"propertyPath\":\"/SHIP_POINT\",\"modelName\":\"NewYardModel\"}"}]}
RESULT: {"script":"<script> [1562 bytes]","args":[{"selector":{"controlType":"sap.m.Input","viewName":"etm.portal.ui.manageyards.view.New","viewId":"application-manageyards-display-component---NewYard","bindingPath":{"path":"","propertyPath":"/SHIP_POINT","modelName":"NewYardModel"},"interaction":{"idSuffix":"inner"}},"wdio_ui5_key":"etmportal.ui.manageyards.view.Newsap.m.Input{\"path\":\"\",\"propertyPath\":\"/SHIP_POINT\",\"modelName\":\"NewYardModel\"}"}]}
RESULT: undefined
COMMAND: POST /session/38813ac31724e69450bb97a32539a866/execute/async - {"script":"<script> [776 bytes]","args":[{"enterText":"1710","selector":{"controlType":"sap.m.Input","viewName":"etm.portal.ui.manageyards.view.New","viewId":"application-manageyards-display-component---NewYard","bindingPath":{"path":"","propertyPath":"/SHIP_POINT","modelName":"NewYardModel"},"interaction":{"idSuffix":"inner"}},"clearTextFirst":true,"interactionType":"ENTER_TEXT"}]}
RESULT: {"script":"<script> [776 bytes]","args":[{"enterText":"1710","selector":{"controlType":"sap.m.Input","viewName":"etm.portal.ui.manageyards.view.New","viewId":"application-manageyards-display-component---NewYard","bindingPath":{"path":"","propertyPath":"/SHIP_POINT","modelName":"NewYardModel"},"interaction":{"idSuffix":"inner"}},"clearTextFirst":true,"interactionType":"ENTER_TEXT"}]}
COMMAND: POST /session/38813ac31724e69450bb97a32539a866/execute/async - {"script":"<script> [1562 bytes]","args":[{"selector":{"controlType":"sap.m.Input","viewName":"etm.portal.ui.manageyards.view.New","viewId":"application-manageyards-display-component---NewYard","bindingPath":{"path":"","propertyPath":"/DELIVERY_TYPE","modelName":"NewYardModel"},"interaction":{"idSuffix":"inner"}},"wdio_ui5_key":"etmportal.ui.manageyards.view.Newsap.m.Input{\"path\":\"\",\"propertyPath\":\"/DELIVERY_TYPE\",\"modelName\":\"NewYardModel\"}"}]}
RESULT: {"script":"<script> [1562 bytes]","args":[{"selector":{"controlType":"sap.m.Input","viewName":"etm.portal.ui.manageyards.view.New","viewId":"application-manageyards-display-component---NewYard","bindingPath":{"path":"","propertyPath":"/DELIVERY_TYPE","modelName":"NewYardModel"},"interaction":{"idSuffix":"inner"}},"wdio_ui5_key":"etmportal.ui.manageyards.view.Newsap.m.Input{\"path\":\"\",\"propertyPath\":\"/DELIVERY_TYPE\",\"modelName\":\"NewYardModel\"}"}]}
RESULT: undefined
COMMAND: POST /session/38813ac31724e69450bb97a32539a866/execute/async - {"script":"<script> [776 bytes]","args":[{"enterText":"ZL01","selector":{"controlType":"sap.m.Input","viewName":"etm.portal.ui.manageyards.view.New","viewId":"application-manageyards-display-component---NewYard","bindingPath":{"path":"","propertyPath":"/DELIVERY_TYPE","modelName":"NewYardModel"},"interaction":{"idSuffix":"inner"}},"clearTextFirst":true,"interactionType":"ENTER_TEXT"}]}
RESULT: {"script":"<script> [776 bytes]","args":[{"enterText":"ZL01","selector":{"controlType":"sap.m.Input","viewName":"etm.portal.ui.manageyards.view.New","viewId":"application-manageyards-display-component---NewYard","bindingPath":{"path":"","propertyPath":"/DELIVERY_TYPE","modelName":"NewYardModel"},"interaction":{"idSuffix":"inner"}},"clearTextFirst":true,"interactionType":"ENTER_TEXT"}]}
COMMAND: POST /session/38813ac31724e69450bb97a32539a866/execute/async - {"script":"<script> [1562 bytes]","args":[{"selector":{"controlType":"sap.m.Input","viewName":"etm.portal.ui.manageyards.view.New","viewId":"application-manageyards-display-component---NewYard","bindingPath":{"path":"","propertyPath":"/AUART","modelName":"NewYardModel"},"interaction":{"idSuffix":"inner"}},"wdio_ui5_key":"etmportal.ui.manageyards.view.Newsap.m.Input{\"path\":\"\",\"propertyPath\":\"/AUART\",\"modelName\":\"NewYardModel\"}"}]}
RESULT: {"script":"<script> [1562 bytes]","args":[{"selector":{"controlType":"sap.m.Input","viewName":"etm.portal.ui.manageyards.view.New","viewId":"application-manageyards-display-component---NewYard","bindingPath":{"path":"","propertyPath":"/AUART","modelName":"NewYardModel"},"interaction":{"idSuffix":"inner"}},"wdio_ui5_key":"etmportal.ui.manageyards.view.Newsap.m.Input{\"path\":\"\",\"propertyPath\":\"/AUART\",\"modelName\":\"NewYardModel\"}"}]}
RESULT: undefined
COMMAND: POST /session/38813ac31724e69450bb97a32539a866/execute/async - {"script":"<script> [776 bytes]","args":[{"enterText":"TA","selector":{"controlType":"sap.m.Input","viewName":"etm.portal.ui.manageyards.view.New","viewId":"application-manageyards-display-component---NewYard","bindingPath":{"path":"","propertyPath":"/AUART","modelName":"NewYardModel"},"interaction":{"idSuffix":"inner"}},"clearTextFirst":true,"interactionType":"ENTER_TEXT"}]}
RESULT: {"script":"<script> [776 bytes]","args":[{"enterText":"TA","selector":{"controlType":"sap.m.Input","viewName":"etm.portal.ui.manageyards.view.New","viewId":"application-manageyards-display-component---NewYard","bindingPath":{"path":"","propertyPath":"/AUART","modelName":"NewYardModel"},"interaction":{"idSuffix":"inner"}},"clearTextFirst":true,"interactionType":"ENTER_TEXT"}]}
COMMAND: POST /session/38813ac31724e69450bb97a32539a866/element - {"using":"xpath","value":"//button[@data-kt=\"newYardSaveButton\"]"}
RESULT: {"using":"xpath","value":"//button[@data-kt=\"newYardSaveButton\"]"}
COMMAND: POST /session/38813ac31724e69450bb97a32539a866/element/f.145F15F56CD620DDA6DD983A1FFAAB72.d.A4898721B608860DADAFB289D5866283.e.6375/click - {}
RESULT: {}
COMMAND: GET /session/38813ac31724e69450bb97a32539a866/screenshot - {}
RESULT: {}
COMMAND: POST /session/38813ac31724e69450bb97a32539a866/element - {"using":"xpath","value":"//header[contains(@id, 'ObjectPageLayout-headerTitle')]/div[1]/div[2]/div[1]/span[1]"}
RESULT: {"using":"xpath","value":"//header[contains(@id, 'ObjectPageLayout-headerTitle')]/div[1]/div[2]/div[1]/span[1]"}
COMMAND: POST /session/38813ac31724e69450bb97a32539a866/elements - {"using":"xpath","value":"//header[contains(@id, 'ObjectPageLayout-headerTitle')]/div[1]/div[2]/div[1]/span[1]"}
RESULT: {"using":"xpath","value":"//header[contains(@id, 'ObjectPageLayout-headerTitle')]/div[1]/div[2]/div[1]/span[1]"}
COMMAND: POST /session/38813ac31724e69450bb97a32539a866/execute/sync - {"script":"<script> [56 bytes]","args":[{"element-6066-11e4-a52e-4f735466cecf":"f.145F15F56CD620DDA6DD983A1FFAAB72.d.A4898721B608860DADAFB289D5866283.e.6674","ELEMENT":"f.145F15F56CD620DDA6DD983A1FFAAB72.d.A4898721B608860DADAFB289D5866283.e.6674"}]}
RESULT: {"script":"<script> [56 bytes]","args":[{"element-6066-11e4-a52e-4f735466cecf":"f.145F15F56CD620DDA6DD983A1FFAAB72.d.A4898721B608860DADAFB289D5866283.e.6674","ELEMENT":"f.145F15F56CD620DDA6DD983A1FFAAB72.d.A4898721B608860DADAFB289D5866283.e.6674"}]}
COMMAND: GET /session/38813ac31724e69450bb97a32539a866/screenshot - {}
RESULT: {}
COMMAND: POST /session/38813ac31724e69450bb97a32539a866/element - {"using":"css selector","value":"#shell-header-logo"}
RESULT: {"using":"css selector","value":"#shell-header-logo"}
COMMAND: POST /session/38813ac31724e69450bb97a32539a866/element/f.145F15F56CD620DDA6DD983A1FFAAB72.d.A4898721B608860DADAFB289D5866283.e.5807/click - {}
RESULT: {}
COMMAND: GET /session/38813ac31724e69450bb97a32539a866/screenshot - {}
RESULT: {}
COMMAND: POST /session/38813ac31724e69450bb97a32539a866/execute/sync - {"script":"<script> [299 bytes]","args":[["getModel","getResource"]]}
RESULT: {"script":"<script> [299 bytes]","args":[["getModel","getResource"]]}
COMMAND: POST /session/38813ac31724e69450bb97a32539a866/window/fullscreen - {}
COMMAND: GET /session/38813ac31724e69450bb97a32539a866/screenshot - {}
RESULT: {}
COMMAND: POST /session/38813ac31724e69450bb97a32539a866/execute/async - {"script":"<script> [1562 bytes]","args":[{"selector":{"controlType":"sap.m.GenericTile","properties":{"header":"Manage Partners"}},"wdio_ui5_key":"sapm.GenericTile{\"header\":\"Manage Partners\"}"}]}
RESULT: {}
RESULT: {"script":"<script> [1562 bytes]","args":[{"selector":{"controlType":"sap.m.GenericTile","properties":{"header":"Manage Partners"}},"wdio_ui5_key":"sapm.GenericTile{\"header\":\"Manage Partners\"}"}]}
RESULT: undefined
COMMAND: POST /session/38813ac31724e69450bb97a32539a866/element - {"using":"xpath","value":"//*[@id=\"__tile31\"]"}
RESULT: {"using":"xpath","value":"//*[@id=\"__tile31\"]"}
COMMAND: POST /session/38813ac31724e69450bb97a32539a866/element/f.145F15F56CD620DDA6DD983A1FFAAB72.d.A4898721B608860DADAFB289D5866283.e.5826/click - {}
RESULT: {}
COMMAND: GET /session/38813ac31724e69450bb97a32539a866/screenshot - {}
RESULT: {}
COMMAND: POST /session/38813ac31724e69450bb97a32539a866/elements - {"using":"xpath","value":"//span[text()='Error']"}
RESULT: {"using":"xpath","value":"//span[text()='Error']"}
COMMAND: POST /session/38813ac31724e69450bb97a32539a866/element - {"using":"xpath","value":"//button[@data-kt=\"addButton\"]"}
RESULT: {"using":"xpath","value":"//button[@data-kt=\"addButton\"]"}
COMMAND: POST /session/38813ac31724e69450bb97a32539a866/elements - {"using":"xpath","value":"//button[@data-kt=\"addButton\"]"}
RESULT: {"using":"xpath","value":"//button[@data-kt=\"addButton\"]"}
COMMAND: POST /session/38813ac31724e69450bb97a32539a866/elements - {"using":"xpath","value":"//button[@data-kt=\"addButton\"]"}
RESULT: {"using":"xpath","value":"//button[@data-kt=\"addButton\"]"}
COMMAND: POST /session/38813ac31724e69450bb97a32539a866/element - {"using":"xpath","value":"//button[@data-kt=\"addButton\"]"}
RESULT: {"using":"xpath","value":"//button[@data-kt=\"addButton\"]"}
COMMAND: POST /session/38813ac31724e69450bb97a32539a866/execute/sync - {"script":"<script> [8489 bytes]","args":[{"element-6066-11e4-a52e-4f735466cecf":"f.145F15F56CD620DDA6DD983A1FFAAB72.d.A4898721B608860DADAFB289D5866283.e.6723","ELEMENT":"f.145F15F56CD620DDA6DD983A1FFAAB72.d.A4898721B608860DADAFB289D5866283.e.6723"}]}
RESULT: {"script":"<script> [8489 bytes]","args":[{"element-6066-11e4-a52e-4f735466cecf":"f.145F15F56CD620DDA6DD983A1FFAAB72.d.A4898721B608860DADAFB289D5866283.e.6723","ELEMENT":"f.145F15F56CD620DDA6DD983A1FFAAB72.d.A4898721B608860DADAFB289D5866283.e.6723"}]}
COMMAND: GET /session/38813ac31724e69450bb97a32539a866/element/f.145F15F56CD620DDA6DD983A1FFAAB72.d.A4898721B608860DADAFB289D5866283.e.6723/enabled - {}
COMMAND: GET /session/38813ac31724e69450bb97a32539a866/screenshot - {}
RESULT: {}
COMMAND: POST /session/38813ac31724e69450bb97a32539a866/execute/sync - {"script":"<script> [8489 bytes]","args":[{"element-6066-11e4-a52e-4f735466cecf":"f.145F15F56CD620DDA6DD983A1FFAAB72.d.A4898721B608860DADAFB289D5866283.e.6723","ELEMENT":"f.145F15F56CD620DDA6DD983A1FFAAB72.d.A4898721B608860DADAFB289D5866283.e.6723"}]}
COMMAND: GET /session/38813ac31724e69450bb97a32539a866/screenshot - {}
RESULT: {}
RESULT: {"script":"<script> [8489 bytes]","args":[{"element-6066-11e4-a52e-4f735466cecf":"f.145F15F56CD620DDA6DD983A1FFAAB72.d.A4898721B608860DADAFB289D5866283.e.6723","ELEMENT":"f.145F15F56CD620DDA6DD983A1FFAAB72.d.A4898721B608860DADAFB289D5866283.e.6723"}]}
COMMAND: POST /session/38813ac31724e69450bb97a32539a866/execute/sync - {"script":"<script> [5351 bytes]","args":[{"element-6066-11e4-a52e-4f735466cecf":"f.145F15F56CD620DDA6DD983A1FFAAB72.d.A4898721B608860DADAFB289D5866283.e.6723","ELEMENT":"f.145F15F56CD620DDA6DD983A1FFAAB72.d.A4898721B608860DADAFB289D5866283.e.6723"}]}
COMMAND: GET /session/38813ac31724e69450bb97a32539a866/screenshot - {}
RESULT: {}
RESULT: {"script":"<script> [5351 bytes]","args":[{"element-6066-11e4-a52e-4f735466cecf":"f.145F15F56CD620DDA6DD983A1FFAAB72.d.A4898721B608860DADAFB289D5866283.e.6723","ELEMENT":"f.145F15F56CD620DDA6DD983A1FFAAB72.d.A4898721B608860DADAFB289D5866283.e.6723"}]}
COMMAND: POST /session/38813ac31724e69450bb97a32539a866/element/f.145F15F56CD620DDA6DD983A1FFAAB72.d.A4898721B608860DADAFB289D5866283.e.6723/click - {}
COMMAND: GET /session/38813ac31724e69450bb97a32539a866/screenshot - {}
RESULT: {}
RESULT: {}
COMMAND: GET /session/38813ac31724e69450bb97a32539a866/screenshot - {}
COMMAND: POST /session/38813ac31724e69450bb97a32539a866/execute/async - {"script":"<script> [1562 bytes]","args":[{"selector":{"id":"application-managepartners-display-component---NewPartner--addressDetailDetailsName1","interaction":{"idSuffix":"inner"}},"wdio_ui5_key":"applicationmanagepartners-display-component---NewPartner--addressDetailDetailsName1"}]}
RESULT: {}
RESULT: {}
RESULT: {"script":"<script> [1562 bytes]","args":[{"selector":{"id":"application-managepartners-display-component---NewPartner--addressDetailDetailsName1","interaction":{"idSuffix":"inner"}},"wdio_ui5_key":"applicationmanagepartners-display-component---NewPartner--addressDetailDetailsName1"}]}
RESULT: undefined
COMMAND: POST /session/38813ac31724e69450bb97a32539a866/execute/async - {"script":"<script> [776 bytes]","args":[{"enterText":"Intercompany Partner WDIO","selector":{"id":"application-managepartners-display-component---NewPartner--addressDetailDetailsName1","interaction":{"idSuffix":"inner"}},"clearTextFirst":true,"interactionType":"ENTER_TEXT"}]}
RESULT: {"script":"<script> [776 bytes]","args":[{"enterText":"Intercompany Partner WDIO","selector":{"id":"application-managepartners-display-component---NewPartner--addressDetailDetailsName1","interaction":{"idSuffix":"inner"}},"clearTextFirst":true,"interactionType":"ENTER_TEXT"}]}
COMMAND: POST /session/38813ac31724e69450bb97a32539a866/execute/async - {"script":"<script> [1562 bytes]","args":[{"selector":{"id":"application-managepartners-display-component---NewPartner--addressDetailDetailsLanguage-arrow"},"wdio_ui5_key":"applicationmanagepartners-display-component---NewPartner--addressDetailDetailsLanguage-arrow"}]}
RESULT: {"script":"<script> [1562 bytes]","args":[{"selector":{"id":"application-managepartners-display-component---NewPartner--addressDetailDetailsLanguage-arrow"},"wdio_ui5_key":"applicationmanagepartners-display-component---NewPartner--addressDetailDetailsLanguage-arrow"}]}
RESULT: undefined
COMMAND: POST /session/38813ac31724e69450bb97a32539a866/element - {"using":"xpath","value":"//*[@id=\"application-managepartners-display-component---NewPartner--addressDetailDetailsLanguage-arrow\"]"}
RESULT: {"using":"xpath","value":"//*[@id=\"application-managepartners-display-component---NewPartner--addressDetailDetailsLanguage-arrow\"]"}
COMMAND: POST /session/38813ac31724e69450bb97a32539a866/element/f.145F15F56CD620DDA6DD983A1FFAAB72.d.A4898721B608860DADAFB289D5866283.e.7164/click - {}
RESULT: {}
COMMAND: POST /session/38813ac31724e69450bb97a32539a866/element - {"using":"xpath","value":"//span[contains(text(), \"English\")]"}
COMMAND: GET /session/38813ac31724e69450bb97a32539a866/screenshot - {}
RESULT: {"using":"xpath","value":"//span[contains(text(), \"English\")]"}
COMMAND: POST /session/38813ac31724e69450bb97a32539a866/element/f.145F15F56CD620DDA6DD983A1FFAAB72.d.A4898721B608860DADAFB289D5866283.e.7165/click - {}
RESULT: {}
RESULT: {}
COMMAND: GET /session/38813ac31724e69450bb97a32539a866/screenshot - {}
RESULT: {}
COMMAND: POST /session/38813ac31724e69450bb97a32539a866/execute/async - {"script":"<script> [1562 bytes]","args":[{"selector":{"id":"application-managepartners-display-component---NewPartner--addressDetailDetailsCity1","interaction":{"idSuffix":"inner"}},"wdio_ui5_key":"applicationmanagepartners-display-component---NewPartner--addressDetailDetailsCity1"}]}
RESULT: {"script":"<script> [1562 bytes]","args":[{"selector":{"id":"application-managepartners-display-component---NewPartner--addressDetailDetailsCity1","interaction":{"idSuffix":"inner"}},"wdio_ui5_key":"applicationmanagepartners-display-component---NewPartner--addressDetailDetailsCity1"}]}
RESULT: undefined
COMMAND: POST /session/38813ac31724e69450bb97a32539a866/execute/async - {"script":"<script> [776 bytes]","args":[{"enterText":"Rosario","selector":{"id":"application-managepartners-display-component---NewPartner--addressDetailDetailsCity1","interaction":{"idSuffix":"inner"}},"clearTextFirst":true,"interactionType":"ENTER_TEXT"}]}
RESULT: {"script":"<script> [776 bytes]","args":[{"enterText":"Rosario","selector":{"id":"application-managepartners-display-component---NewPartner--addressDetailDetailsCity1","interaction":{"idSuffix":"inner"}},"clearTextFirst":true,"interactionType":"ENTER_TEXT"}]}
COMMAND: POST /session/38813ac31724e69450bb97a32539a866/execute/async - {"script":"<script> [1562 bytes]","args":[{"selector":{"id":"application-managepartners-display-component---NewPartner--addressDetailDetailsCountry-arrow"},"wdio_ui5_key":"applicationmanagepartners-display-component---NewPartner--addressDetailDetailsCountry-arrow"}]}
RESULT: {"script":"<script> [1562 bytes]","args":[{"selector":{"id":"application-managepartners-display-component---NewPartner--addressDetailDetailsCountry-arrow"},"wdio_ui5_key":"applicationmanagepartners-display-component---NewPartner--addressDetailDetailsCountry-arrow"}]}
RESULT: undefined
COMMAND: POST /session/38813ac31724e69450bb97a32539a866/element - {"using":"xpath","value":"//*[@id=\"application-managepartners-display-component---NewPartner--addressDetailDetailsCountry-arrow\"]"}
RESULT: {"using":"xpath","value":"//*[@id=\"application-managepartners-display-component---NewPartner--addressDetailDetailsCountry-arrow\"]"}
COMMAND: POST /session/38813ac31724e69450bb97a32539a866/element/f.145F15F56CD620DDA6DD983A1FFAAB72.d.A4898721B608860DADAFB289D5866283.e.7131/click - {}
RESULT: {}
COMMAND: POST /session/38813ac31724e69450bb97a32539a866/element - {"using":"xpath","value":"//span[contains(text(), \"Argentina\")]"}
COMMAND: GET /session/38813ac31724e69450bb97a32539a866/screenshot - {}
RESULT: {"using":"xpath","value":"//span[contains(text(), \"Argentina\")]"}
COMMAND: POST /session/38813ac31724e69450bb97a32539a866/element/f.145F15F56CD620DDA6DD983A1FFAAB72.d.A4898721B608860DADAFB289D5866283.e.7167/click - {}
RESULT: {}
RESULT: {}
COMMAND: GET /session/38813ac31724e69450bb97a32539a866/screenshot - {}
RESULT: {}
COMMAND: POST /session/38813ac31724e69450bb97a32539a866/element - {"using":"xpath","value":"//bdi[contains(text(), \"Commercial\")]"}
RESULT: {"using":"xpath","value":"//bdi[contains(text(), \"Commercial\")]"}
COMMAND: POST /session/38813ac31724e69450bb97a32539a866/element/f.145F15F56CD620DDA6DD983A1FFAAB72.d.A4898721B608860DADAFB289D5866283.e.7168/click - {}
RESULT: {}
COMMAND: GET /session/38813ac31724e69450bb97a32539a866/screenshot - {}
RESULT: {}
COMMAND: POST /session/38813ac31724e69450bb97a32539a866/execute/async - {"script":"<script> [1562 bytes]","args":[{"selector":{"id":"application-managepartners-display-component---NewPartner--partnerDetailInternal-arrow"},"wdio_ui5_key":"applicationmanagepartners-display-component---NewPartner--partnerDetailInternal-arrow"}]}
RESULT: {"script":"<script> [1562 bytes]","args":[{"selector":{"id":"application-managepartners-display-component---NewPartner--partnerDetailInternal-arrow"},"wdio_ui5_key":"applicationmanagepartners-display-component---NewPartner--partnerDetailInternal-arrow"}]}
RESULT: undefined
COMMAND: POST /session/38813ac31724e69450bb97a32539a866/element - {"using":"xpath","value":"//*[@id=\"application-managepartners-display-component---NewPartner--partnerDetailInternal-arrow\"]"}
RESULT: {"using":"xpath","value":"//*[@id=\"application-managepartners-display-component---NewPartner--partnerDetailInternal-arrow\"]"}
COMMAND: POST /session/38813ac31724e69450bb97a32539a866/element/f.145F15F56CD620DDA6DD983A1FFAAB72.d.A4898721B608860DADAFB289D5866283.e.7174/click - {}
RESULT: {}
COMMAND: POST /session/38813ac31724e69450bb97a32539a866/element - {"using":"xpath","value":"//span[contains(text(), \"Affiliated company\")]"}
COMMAND: GET /session/38813ac31724e69450bb97a32539a866/screenshot - {}
RESULT: {"using":"xpath","value":"//span[contains(text(), \"Affiliated company\")]"}
COMMAND: POST /session/38813ac31724e69450bb97a32539a866/element/f.145F15F56CD620DDA6DD983A1FFAAB72.d.A4898721B608860DADAFB289D5866283.e.7175/click - {}
RESULT: {}
RESULT: {}
COMMAND: POST /session/38813ac31724e69450bb97a32539a866/execute/async - {"script":"<script> [1562 bytes]","args":[{"selector":{"id":"application-managepartners-display-component---NewPartner--partnerDetailsCurrency-arrow"},"wdio_ui5_key":"applicationmanagepartners-display-component---NewPartner--partnerDetailsCurrency-arrow"}]}
COMMAND: GET /session/38813ac31724e69450bb97a32539a866/screenshot - {}
RESULT: {"script":"<script> [1562 bytes]","args":[{"selector":{"id":"application-managepartners-display-component---NewPartner--partnerDetailsCurrency-arrow"},"wdio_ui5_key":"applicationmanagepartners-display-component---NewPartner--partnerDetailsCurrency-arrow"}]}
RESULT: undefined
COMMAND: POST /session/38813ac31724e69450bb97a32539a866/element - {"using":"xpath","value":"//*[@id=\"application-managepartners-display-component---NewPartner--partnerDetailsCurrency-arrow\"]"}
RESULT: {}
RESULT: {"using":"xpath","value":"//*[@id=\"application-managepartners-display-component---NewPartner--partnerDetailsCurrency-arrow\"]"}
COMMAND: POST /session/38813ac31724e69450bb97a32539a866/element/f.145F15F56CD620DDA6DD983A1FFAAB72.d.A4898721B608860DADAFB289D5866283.e.7182/click - {}
RESULT: {}
COMMAND: POST /session/38813ac31724e69450bb97a32539a866/element - {"using":"xpath","value":"//span[contains(text(), \"Euro\")]"}
COMMAND: GET /session/38813ac31724e69450bb97a32539a866/screenshot - {}
RESULT: {"using":"xpath","value":"//span[contains(text(), \"Euro\")]"}
COMMAND: POST /session/38813ac31724e69450bb97a32539a866/element/f.145F15F56CD620DDA6DD983A1FFAAB72.d.A4898721B608860DADAFB289D5866283.e.7183/click - {}
RESULT: {}
RESULT: {}
COMMAND: POST /session/38813ac31724e69450bb97a32539a866/execute/async - {"script":"<script> [1562 bytes]","args":[{"selector":{"id":"application-managepartners-display-component---NewPartner--addressEditDetailsCostObjectCstType-arrow"},"wdio_ui5_key":"applicationmanagepartners-display-component---NewPartner--addressEditDetailsCostObjectCstType-arrow"}]}
COMMAND: GET /session/38813ac31724e69450bb97a32539a866/screenshot - {}
RESULT: {"script":"<script> [1562 bytes]","args":[{"selector":{"id":"application-managepartners-display-component---NewPartner--addressEditDetailsCostObjectCstType-arrow"},"wdio_ui5_key":"applicationmanagepartners-display-component---NewPartner--addressEditDetailsCostObjectCstType-arrow"}]}
RESULT: undefined
COMMAND: POST /session/38813ac31724e69450bb97a32539a866/element - {"using":"xpath","value":"//*[@id=\"application-managepartners-display-component---NewPartner--addressEditDetailsCostObjectCstType-arrow\"]"}
RESULT: {}
RESULT: {"using":"xpath","value":"//*[@id=\"application-managepartners-display-component---NewPartner--addressEditDetailsCostObjectCstType-arrow\"]"}
COMMAND: POST /session/38813ac31724e69450bb97a32539a866/element/f.145F15F56CD620DDA6DD983A1FFAAB72.d.A4898721B608860DADAFB289D5866283.e.7184/click - {}
RESULT: {}
COMMAND: POST /session/38813ac31724e69450bb97a32539a866/element - {"using":"xpath","value":"//span[contains(text(), \"Cost Center\")]"}
COMMAND: GET /session/38813ac31724e69450bb97a32539a866/screenshot - {}
RESULT: {"using":"xpath","value":"//span[contains(text(), \"Cost Center\")]"}
COMMAND: POST /session/38813ac31724e69450bb97a32539a866/element/f.145F15F56CD620DDA6DD983A1FFAAB72.d.A4898721B608860DADAFB289D5866283.e.7185/click - {}
RESULT: {}
RESULT: {}
COMMAND: GET /session/38813ac31724e69450bb97a32539a866/screenshot - {}
RESULT: {}
COMMAND: POST /session/38813ac31724e69450bb97a32539a866/element - {"using":"xpath","value":"//span[@id=\"application-managepartners-display-component---NewPartner--addressNewCostObjectCstID-vhi\"]"}
RESULT: {"using":"xpath","value":"//span[@id=\"application-managepartners-display-component---NewPartner--addressNewCostObjectCstID-vhi\"]"}
COMMAND: POST /session/38813ac31724e69450bb97a32539a866/execute/sync - {"script":"<script> [8489 bytes]","args":[{"element-6066-11e4-a52e-4f735466cecf":"f.145F15F56CD620DDA6DD983A1FFAAB72.d.A4898721B608860DADAFB289D5866283.e.7189","ELEMENT":"f.145F15F56CD620DDA6DD983A1FFAAB72.d.A4898721B608860DADAFB289D5866283.e.7189"}]}
RESULT: {"script":"<script> [8489 bytes]","args":[{"element-6066-11e4-a52e-4f735466cecf":"f.145F15F56CD620DDA6DD983A1FFAAB72.d.A4898721B608860DADAFB289D5866283.e.7189","ELEMENT":"f.145F15F56CD620DDA6DD983A1FFAAB72.d.A4898721B608860DADAFB289D5866283.e.7189"}]}
COMMAND: POST /session/38813ac31724e69450bb97a32539a866/execute/async - {"script":"<script> [1562 bytes]","args":[{"selector":{"id":"application-managepartners-display-component---NewPartner--addressNewCostObjectCstID-vhi"},"wdio_ui5_key":"applicationmanagepartners-display-component---NewPartner--addressNewCostObjectCstID-vhi"}]}
COMMAND: GET /session/38813ac31724e69450bb97a32539a866/screenshot - {}
RESULT: {"script":"<script> [1562 bytes]","args":[{"selector":{"id":"application-managepartners-display-component---NewPartner--addressNewCostObjectCstID-vhi"},"wdio_ui5_key":"applicationmanagepartners-display-component---NewPartner--addressNewCostObjectCstID-vhi"}]}
RESULT: undefined
COMMAND: POST /session/38813ac31724e69450bb97a32539a866/element - {"using":"xpath","value":"//*[@id=\"application-managepartners-display-component---NewPartner--addressNewCostObjectCstID-vhi\"]"}
RESULT: {}
RESULT: {"using":"xpath","value":"//*[@id=\"application-managepartners-display-component---NewPartner--addressNewCostObjectCstID-vhi\"]"}
COMMAND: POST /session/38813ac31724e69450bb97a32539a866/element/f.145F15F56CD620DDA6DD983A1FFAAB72.d.A4898721B608860DADAFB289D5866283.e.7189/click - {}
RESULT: {}
COMMAND: GET /session/38813ac31724e69450bb97a32539a866/screenshot - {}
RESULT: {}
RESULT: undefined
COMMAND: POST /session/38813ac31724e69450bb97a32539a866/execute/async - {"script":"<script> [776 bytes]","args":[{"enterText":"10001013","selector":{"controlType":"sap.m.SearchField","properties":{"placeholder":"Search"},"searchOpenDialogs":true,"interaction":{"idSuffix":"I"}},"clearTextFirst":true,"interactionType":"ENTER_TEXT"}]}
RESULT: {"script":"<script> [776 bytes]","args":[{"enterText":"10001013","selector":{"controlType":"sap.m.SearchField","properties":{"placeholder":"Search"},"searchOpenDialogs":true,"interaction":{"idSuffix":"I"}},"clearTextFirst":true,"interactionType":"ENTER_TEXT"}]}
COMMAND: POST /session/38813ac31724e69450bb97a32539a866/actions - {"actions":[{"id":"action16","type":"key","parameters":{},"actions":[{"type":"keyDown","value":""},{"type":"pause","duration":10},{"type":"keyUp","value":""}]}]}
RESULT: {"actions":[{"id":"action16","type":"key","parameters":{},"actions":[{"type":"keyDown","value":""},{"type":"pause","duration":10},{"type":"keyUp","value":""}]}]}
COMMAND: GET /session/38813ac31724e69450bb97a32539a866/screenshot - {}
RESULT: {}
COMMAND: POST /session/38813ac31724e69450bb97a32539a866/element - {"using":"xpath","value":"//span[contains(text(), \"General Management\")]"}
RESULT: {"using":"xpath","value":"//span[contains(text(), \"General Management\")]"}
COMMAND: POST /session/38813ac31724e69450bb97a32539a866/element/f.145F15F56CD620DDA6DD983A1FFAAB72.d.A4898721B608860DADAFB289D5866283.e.7228/click - {}
RESULT: {}
COMMAND: GET /session/38813ac31724e69450bb97a32539a866/screenshot - {}
RESULT: {}
COMMAND: POST /session/38813ac31724e69450bb97a32539a866/element - {"using":"xpath","value":"//bdi[contains(text(), \"OK\")]"}
RESULT: {"using":"xpath","value":"//bdi[contains(text(), \"OK\")]"}
COMMAND: POST /session/38813ac31724e69450bb97a32539a866/element/f.145F15F56CD620DDA6DD983A1FFAAB72.d.A4898721B608860DADAFB289D5866283.e.7229/click - {}
RESULT: {}
COMMAND: GET /session/38813ac31724e69450bb97a32539a866/screenshot - {}
RESULT: {}
COMMAND: POST /session/38813ac31724e69450bb97a32539a866/element - {"using":"xpath","value":"//input[@id=\"application-managepartners-display-component---NewPartner--companyCodeComboBox-inner\"]"}
RESULT: {"using":"xpath","value":"//input[@id=\"application-managepartners-display-component---NewPartner--companyCodeComboBox-inner\"]"}
COMMAND: POST /session/38813ac31724e69450bb97a32539a866/element/f.145F15F56CD620DDA6DD983A1FFAAB72.d.A4898721B608860DADAFB289D5866283.e.7030/clear - {}
RESULT: {}
COMMAND: POST /session/38813ac31724e69450bb97a32539a866/element/f.145F15F56CD620DDA6DD983A1FFAAB72.d.A4898721B608860DADAFB289D5866283.e.7030/value - {"text":"C002"}
COMMAND: GET /session/38813ac31724e69450bb97a32539a866/screenshot - {}
RESULT: {"text":"C002"}
COMMAND: GET /session/38813ac31724e69450bb97a32539a866/screenshot - {}
RESULT: {}
RESULT: {}
COMMAND: POST /session/38813ac31724e69450bb97a32539a866/element - {"using":"xpath","value":"//li[.//span[text()= \"C002\"]]"}
RESULT: {"using":"xpath","value":"//li[.//span[text()= \"C002\"]]"}
COMMAND: POST /session/38813ac31724e69450bb97a32539a866/element/f.145F15F56CD620DDA6DD983A1FFAAB72.d.A4898721B608860DADAFB289D5866283.e.7235/click - {}
RESULT: {}
COMMAND: GET /session/38813ac31724e69450bb97a32539a866/screenshot - {}
RESULT: {}
COMMAND: POST /session/38813ac31724e69450bb97a32539a866/execute/async - {"script":"<script> [1562 bytes]","args":[{"selector":{"id":"application-managepartners-display-component---NewPartner--btnAddTableRow-img"},"wdio_ui5_key":"applicationmanagepartners-display-component---NewPartner--btnAddTableRow-img"}]}
RESULT: {"script":"<script> [1562 bytes]","args":[{"selector":{"id":"application-managepartners-display-component---NewPartner--btnAddTableRow-img"},"wdio_ui5_key":"applicationmanagepartners-display-component---NewPartner--btnAddTableRow-img"}]}
RESULT: undefined
COMMAND: POST /session/38813ac31724e69450bb97a32539a866/element - {"using":"xpath","value":"//*[@id=\"application-managepartners-display-component---NewPartner--btnAddTableRow-img\"]"}
RESULT: {"using":"xpath","value":"//*[@id=\"application-managepartners-display-component---NewPartner--btnAddTableRow-img\"]"}
COMMAND: POST /session/38813ac31724e69450bb97a32539a866/element/f.145F15F56CD620DDA6DD983A1FFAAB72.d.A4898721B608860DADAFB289D5866283.e.7236/click - {}
RESULT: {}
COMMAND: GET /session/38813ac31724e69450bb97a32539a866/screenshot - {}
RESULT: {}
COMMAND: POST /session/38813ac31724e69450bb97a32539a866/element - {"using":"xpath","value":"//input[@id=\"application-managepartners-display-component---NewPartner--assignmentYard-application-managepartners-display-component---NewPartner--assignmentsTable-0-inner\"]"}
RESULT: {"using":"xpath","value":"//input[@id=\"application-managepartners-display-component---NewPartner--assignmentYard-application-managepartners-display-component---NewPartner--assignmentsTable-0-inner\"]"}
COMMAND: POST /session/38813ac31724e69450bb97a32539a866/element/f.145F15F56CD620DDA6DD983A1FFAAB72.d.A4898721B608860DADAFB289D5866283.e.7239/clear - {}
RESULT: {}
COMMAND: POST /session/38813ac31724e69450bb97a32539a866/element/f.145F15F56CD620DDA6DD983A1FFAAB72.d.A4898721B608860DADAFB289D5866283.e.7239/value - {"text":"255"}
COMMAND: GET /session/38813ac31724e69450bb97a32539a866/screenshot - {}
RESULT: {"text":"255"}
COMMAND: GET /session/38813ac31724e69450bb97a32539a866/screenshot - {}
RESULT: {}
RESULT: {}
COMMAND: POST /session/38813ac31724e69450bb97a32539a866/element - {"using":"xpath","value":"//ul[contains(@id,\"NewPartner--assignmentsTable-0-popup-list-listUl\")]//li[.//span[text()='255']]"}
RESULT: {"using":"xpath","value":"//ul[contains(@id,\"NewPartner--assignmentsTable-0-popup-list-listUl\")]//li[.//span[text()='255']]"}
COMMAND: POST /session/38813ac31724e69450bb97a32539a866/element/f.145F15F56CD620DDA6DD983A1FFAAB72.d.A4898721B608860DADAFB289D5866283.e.7248/click - {}
RESULT: {}
COMMAND: GET /session/38813ac31724e69450bb97a32539a866/screenshot - {}
RESULT: {}
COMMAND: POST /session/38813ac31724e69450bb97a32539a866/actions - {"actions":[{"id":"action17","type":"key","parameters":{},"actions":[{"type":"keyDown","value":""},{"type":"pause","duration":10},{"type":"keyUp","value":""}]}]}
RESULT: {"actions":[{"id":"action17","type":"key","parameters":{},"actions":[{"type":"keyDown","value":""},{"type":"pause","duration":10},{"type":"keyUp","value":""}]}]}
COMMAND: POST /session/38813ac31724e69450bb97a32539a866/execute/async - {"script":"<script> [1562 bytes]","args":[{"selector":{"id":"application-managepartners-display-component---NewPartner--externalCustomerComboBox-application-managepartners-display-component---NewPartner--assignmentsTable-0-vhi"},"wdio_ui5_key":"applicationmanagepartners-display-component---NewPartner--externalCustomerComboBox-application-managepartners-display-component---NewPartner--assignmentsTable-0-vhi"}]}
COMMAND: GET /session/38813ac31724e69450bb97a32539a866/screenshot - {}
RESULT: {"script":"<script> [1562 bytes]","args":[{"selector":{"id":"application-managepartners-display-component---NewPartner--externalCustomerComboBox-application-managepartners-display-component---NewPartner--assignmentsTable-0-vhi"},"wdio_ui5_key":"applicationmanagepartners-display-component---NewPartner--externalCustomerComboBox-application-managepartners-display-component---NewPartner--assignmentsTable-0-vhi"}]}
RESULT: undefined
COMMAND: POST /session/38813ac31724e69450bb97a32539a866/element - {"using":"xpath","value":"//*[@id=\"application-managepartners-display-component---NewPartner--externalCustomerComboBox-application-managepartners-display-component---NewPartner--assignmentsTable-0-vhi\"]"}
RESULT: {}
RESULT: {"using":"xpath","value":"//*[@id=\"application-managepartners-display-component---NewPartner--externalCustomerComboBox-application-managepartners-display-component---NewPartner--assignmentsTable-0-vhi\"]"}
COMMAND: POST /session/38813ac31724e69450bb97a32539a866/element/f.145F15F56CD620DDA6DD983A1FFAAB72.d.A4898721B608860DADAFB289D5866283.e.7252/click - {}
RESULT: {}
RESULT: undefined
COMMAND: POST /session/38813ac31724e69450bb97a32539a866/execute/async - {"script":"<script> [776 bytes]","args":[{"enterText":"300003","selector":{"controlType":"sap.m.SearchField","properties":{"placeholder":"Search"},"searchOpenDialogs":true,"interaction":{"idSuffix":"I"}},"clearTextFirst":true,"interactionType":"ENTER_TEXT"}]}
COMMAND: GET /session/38813ac31724e69450bb97a32539a866/screenshot - {}
RESULT: {"script":"<script> [776 bytes]","args":[{"enterText":"300003","selector":{"controlType":"sap.m.SearchField","properties":{"placeholder":"Search"},"searchOpenDialogs":true,"interaction":{"idSuffix":"I"}},"clearTextFirst":true,"interactionType":"ENTER_TEXT"}]}
COMMAND: POST /session/38813ac31724e69450bb97a32539a866/actions - {"actions":[{"id":"action18","type":"key","parameters":{},"actions":[{"type":"keyDown","value":""},{"type":"pause","duration":10},{"type":"keyUp","value":""}]}]}
RESULT: {}
RESULT: {"actions":[{"id":"action18","type":"key","parameters":{},"actions":[{"type":"keyDown","value":""},{"type":"pause","duration":10},{"type":"keyUp","value":""}]}]}
COMMAND: GET /session/38813ac31724e69450bb97a32539a866/screenshot - {}
RESULT: {}
COMMAND: POST /session/38813ac31724e69450bb97a32539a866/element - {"using":"xpath","value":"//span[contains(text(), \"300003\")]"}
RESULT: {"using":"xpath","value":"//span[contains(text(), \"300003\")]"}
COMMAND: POST /session/38813ac31724e69450bb97a32539a866/element/f.145F15F56CD620DDA6DD983A1FFAAB72.d.A4898721B608860DADAFB289D5866283.e.7302/click - {}
RESULT: {}
COMMAND: GET /session/38813ac31724e69450bb97a32539a866/screenshot - {}
RESULT: {}
COMMAND: POST /session/38813ac31724e69450bb97a32539a866/element - {"using":"xpath","value":"//bdi[contains(text(), \"OK\")]"}
RESULT: {"using":"xpath","value":"//bdi[contains(text(), \"OK\")]"}
COMMAND: POST /session/38813ac31724e69450bb97a32539a866/element/f.145F15F56CD620DDA6DD983A1FFAAB72.d.A4898721B608860DADAFB289D5866283.e.7304/click - {}
RESULT: {}
COMMAND: GET /session/38813ac31724e69450bb97a32539a866/screenshot - {}
RESULT: {}
COMMAND: POST /session/38813ac31724e69450bb97a32539a866/execute/async - {"script":"<script> [1562 bytes]","args":[{"selector":{"id":"application-managepartners-display-component---NewPartner--intercompVendorComboBox-application-managepartners-display-component---NewPartner--assignmentsTable-0-vhi"},"wdio_ui5_key":"applicationmanagepartners-display-component---NewPartner--intercompVendorComboBox-application-managepartners-display-component---NewPartner--assignmentsTable-0-vhi"}]}
RESULT: {"script":"<script> [1562 bytes]","args":[{"selector":{"id":"application-managepartners-display-component---NewPartner--intercompVendorComboBox-application-managepartners-display-component---NewPartner--assignmentsTable-0-vhi"},"wdio_ui5_key":"applicationmanagepartners-display-component---NewPartner--intercompVendorComboBox-application-managepartners-display-component---NewPartner--assignmentsTable-0-vhi"}]}
RESULT: undefined
COMMAND: POST /session/38813ac31724e69450bb97a32539a866/element - {"using":"xpath","value":"//*[@id=\"application-managepartners-display-component---NewPartner--intercompVendorComboBox-application-managepartners-display-component---NewPartner--assignmentsTable-0-vhi\"]"}
RESULT: {"using":"xpath","value":"//*[@id=\"application-managepartners-display-component---NewPartner--intercompVendorComboBox-application-managepartners-display-component---NewPartner--assignmentsTable-0-vhi\"]"}
COMMAND: POST /session/38813ac31724e69450bb97a32539a866/element/f.145F15F56CD620DDA6DD983A1FFAAB72.d.A4898721B608860DADAFB289D5866283.e.7307/click - {}
RESULT: {}
RESULT: undefined
COMMAND: POST /session/38813ac31724e69450bb97a32539a866/execute/async - {"script":"<script> [776 bytes]","args":[{"enterText":"100005","selector":{"controlType":"sap.m.SearchField","properties":{"placeholder":"Search"},"searchOpenDialogs":true,"interaction":{"idSuffix":"I"}},"clearTextFirst":true,"interactionType":"ENTER_TEXT"}]}
COMMAND: GET /session/38813ac31724e69450bb97a32539a866/screenshot - {}
RESULT: {"script":"<script> [776 bytes]","args":[{"enterText":"100005","selector":{"controlType":"sap.m.SearchField","properties":{"placeholder":"Search"},"searchOpenDialogs":true,"interaction":{"idSuffix":"I"}},"clearTextFirst":true,"interactionType":"ENTER_TEXT"}]}
COMMAND: POST /session/38813ac31724e69450bb97a32539a866/actions - {"actions":[{"id":"action19","type":"key","parameters":{},"actions":[{"type":"keyDown","value":""},{"type":"pause","duration":10},{"type":"keyUp","value":""}]}]}
RESULT: {}
RESULT: {"actions":[{"id":"action19","type":"key","parameters":{},"actions":[{"type":"keyDown","value":""},{"type":"pause","duration":10},{"type":"keyUp","value":""}]}]}
COMMAND: GET /session/38813ac31724e69450bb97a32539a866/screenshot - {}
RESULT: {}
COMMAND: POST /session/38813ac31724e69450bb97a32539a866/element - {"using":"xpath","value":"//span[contains(text(), \"Penguins - Field/12345 Berlin\")]"}
RESULT: {"using":"xpath","value":"//span[contains(text(), \"Penguins - Field/12345 Berlin\")]"}
COMMAND: POST /session/38813ac31724e69450bb97a32539a866/element/f.145F15F56CD620DDA6DD983A1FFAAB72.d.A4898721B608860DADAFB289D5866283.e.7325/click - {}
RESULT: {}
COMMAND: GET /session/38813ac31724e69450bb97a32539a866/screenshot - {}
RESULT: {}
COMMAND: POST /session/38813ac31724e69450bb97a32539a866/element - {"using":"xpath","value":"//bdi[contains(text(), \"OK\")]"}
RESULT: {"using":"xpath","value":"//bdi[contains(text(), \"OK\")]"}
COMMAND: POST /session/38813ac31724e69450bb97a32539a866/element/f.145F15F56CD620DDA6DD983A1FFAAB72.d.A4898721B608860DADAFB289D5866283.e.7326/click - {}
RESULT: {}
COMMAND: GET /session/38813ac31724e69450bb97a32539a866/screenshot - {}
RESULT: {}
COMMAND: POST /session/38813ac31724e69450bb97a32539a866/element - {"using":"xpath","value":"//button[@data-kt=\"saveButton\"]"}
RESULT: {"using":"xpath","value":"//button[@data-kt=\"saveButton\"]"}
COMMAND: POST /session/38813ac31724e69450bb97a32539a866/element/f.145F15F56CD620DDA6DD983A1FFAAB72.d.A4898721B608860DADAFB289D5866283.e.7100/click - {}
RESULT: {}
COMMAND: GET /session/38813ac31724e69450bb97a32539a866/screenshot - {}
RESULT: {}
COMMAND: POST /session/38813ac31724e69450bb97a32539a866/element - {"using":"xpath","value":"//header[contains(@id, 'ObjectPageLayout-headerTitle')]/div[1]/div[2]/div[2]/span[1]"}
RESULT: {"using":"xpath","value":"//header[contains(@id, 'ObjectPageLayout-headerTitle')]/div[1]/div[2]/div[2]/span[1]"}
COMMAND: POST /session/38813ac31724e69450bb97a32539a866/elements - {"using":"xpath","value":"//header[contains(@id, 'ObjectPageLayout-headerTitle')]/div[1]/div[2]/div[2]/span[1]"}
RESULT: {"using":"xpath","value":"//header[contains(@id, 'ObjectPageLayout-headerTitle')]/div[1]/div[2]/div[2]/span[1]"}
COMMAND: POST /session/38813ac31724e69450bb97a32539a866/execute/sync - {"script":"<script> [56 bytes]","args":[{"element-6066-11e4-a52e-4f735466cecf":"f.145F15F56CD620DDA6DD983A1FFAAB72.d.A4898721B608860DADAFB289D5866283.e.7491","ELEMENT":"f.145F15F56CD620DDA6DD983A1FFAAB72.d.A4898721B608860DADAFB289D5866283.e.7491"}]}
RESULT: {"script":"<script> [56 bytes]","args":[{"element-6066-11e4-a52e-4f735466cecf":"f.145F15F56CD620DDA6DD983A1FFAAB72.d.A4898721B608860DADAFB289D5866283.e.7491","ELEMENT":"f.145F15F56CD620DDA6DD983A1FFAAB72.d.A4898721B608860DADAFB289D5866283.e.7491"}]}
COMMAND: POST /session/38813ac31724e69450bb97a32539a866/element - {"using":"css selector","value":"#shell-header-logo"}
COMMAND: GET /session/38813ac31724e69450bb97a32539a866/screenshot - {}
RESULT: {"using":"css selector","value":"#shell-header-logo"}
COMMAND: POST /session/38813ac31724e69450bb97a32539a866/element/f.145F15F56CD620DDA6DD983A1FFAAB72.d.A4898721B608860DADAFB289D5866283.e.6678/click - {}
RESULT: {}
RESULT: {}
COMMAND: GET /session/38813ac31724e69450bb97a32539a866/screenshot - {}
RESULT: {}
COMMAND: POST /session/38813ac31724e69450bb97a32539a866/execute/sync - {"script":"<script> [299 bytes]","args":[["getModel","getResource"]]}
RESULT: {"script":"<script> [299 bytes]","args":[["getModel","getResource"]]}
COMMAND: POST /session/38813ac31724e69450bb97a32539a866/execute/async - {"script":"<script> [1562 bytes]","args":[{"selector":{"controlType":"sap.m.GenericTile","properties":{"header":"Manage Sites"}},"wdio_ui5_key":"sapm.GenericTile{\"header\":\"Manage Sites\"}"}]}
COMMAND: GET /session/38813ac31724e69450bb97a32539a866/screenshot - {}
RESULT: {"script":"<script> [1562 bytes]","args":[{"selector":{"controlType":"sap.m.GenericTile","properties":{"header":"Manage Sites"}},"wdio_ui5_key":"sapm.GenericTile{\"header\":\"Manage Sites\"}"}]}
RESULT: undefined
COMMAND: POST /session/38813ac31724e69450bb97a32539a866/element - {"using":"xpath","value":"//*[@id=\"__tile33\"]"}
RESULT: {}
RESULT: {"using":"xpath","value":"//*[@id=\"__tile33\"]"}
COMMAND: POST /session/38813ac31724e69450bb97a32539a866/element/f.145F15F56CD620DDA6DD983A1FFAAB72.d.A4898721B608860DADAFB289D5866283.e.5832/click - {}
RESULT: {}
COMMAND: GET /session/38813ac31724e69450bb97a32539a866/screenshot - {}
RESULT: {}
COMMAND: POST /session/38813ac31724e69450bb97a32539a866/elements - {"using":"xpath","value":"//span[text()='Error']"}
RESULT: {"using":"xpath","value":"//span[text()='Error']"}
COMMAND: POST /session/38813ac31724e69450bb97a32539a866/element - {"using":"xpath","value":"//button[@data-kt=\"addOverflowToolbarButton\"]"}
RESULT: {"using":"xpath","value":"//button[@data-kt=\"addOverflowToolbarButton\"]"}
COMMAND: POST /session/38813ac31724e69450bb97a32539a866/elements - {"using":"xpath","value":"//button[@data-kt=\"addOverflowToolbarButton\"]"}
RESULT: {"using":"xpath","value":"//button[@data-kt=\"addOverflowToolbarButton\"]"}
COMMAND: POST /session/38813ac31724e69450bb97a32539a866/execute/sync - {"script":"<script> [8489 bytes]","args":[{"element-6066-11e4-a52e-4f735466cecf":"f.145F15F56CD620DDA6DD983A1FFAAB72.d.A4898721B608860DADAFB289D5866283.e.7530","ELEMENT":"f.145F15F56CD620DDA6DD983A1FFAAB72.d.A4898721B608860DADAFB289D5866283.e.7530"}]}
RESULT: {"script":"<script> [8489 bytes]","args":[{"element-6066-11e4-a52e-4f735466cecf":"f.145F15F56CD620DDA6DD983A1FFAAB72.d.A4898721B608860DADAFB289D5866283.e.7530","ELEMENT":"f.145F15F56CD620DDA6DD983A1FFAAB72.d.A4898721B608860DADAFB289D5866283.e.7530"}]}
COMMAND: GET /session/38813ac31724e69450bb97a32539a866/element/f.145F15F56CD620DDA6DD983A1FFAAB72.d.A4898721B608860DADAFB289D5866283.e.7530/enabled - {}
COMMAND: GET /session/38813ac31724e69450bb97a32539a866/screenshot - {}
RESULT: {}
COMMAND: POST /session/38813ac31724e69450bb97a32539a866/execute/sync - {"script":"<script> [8489 bytes]","args":[{"element-6066-11e4-a52e-4f735466cecf":"f.145F15F56CD620DDA6DD983A1FFAAB72.d.A4898721B608860DADAFB289D5866283.e.7530","ELEMENT":"f.145F15F56CD620DDA6DD983A1FFAAB72.d.A4898721B608860DADAFB289D5866283.e.7530"}]}
COMMAND: GET /session/38813ac31724e69450bb97a32539a866/screenshot - {}
RESULT: {}
RESULT: {"script":"<script> [8489 bytes]","args":[{"element-6066-11e4-a52e-4f735466cecf":"f.145F15F56CD620DDA6DD983A1FFAAB72.d.A4898721B608860DADAFB289D5866283.e.7530","ELEMENT":"f.145F15F56CD620DDA6DD983A1FFAAB72.d.A4898721B608860DADAFB289D5866283.e.7530"}]}
COMMAND: POST /session/38813ac31724e69450bb97a32539a866/execute/sync - {"script":"<script> [5351 bytes]","args":[{"element-6066-11e4-a52e-4f735466cecf":"f.145F15F56CD620DDA6DD983A1FFAAB72.d.A4898721B608860DADAFB289D5866283.e.7530","ELEMENT":"f.145F15F56CD620DDA6DD983A1FFAAB72.d.A4898721B608860DADAFB289D5866283.e.7530"}]}
COMMAND: GET /session/38813ac31724e69450bb97a32539a866/screenshot - {}
RESULT: {}
RESULT: {"script":"<script> [5351 bytes]","args":[{"element-6066-11e4-a52e-4f735466cecf":"f.145F15F56CD620DDA6DD983A1FFAAB72.d.A4898721B608860DADAFB289D5866283.e.7530","ELEMENT":"f.145F15F56CD620DDA6DD983A1FFAAB72.d.A4898721B608860DADAFB289D5866283.e.7530"}]}
COMMAND: POST /session/38813ac31724e69450bb97a32539a866/element/f.145F15F56CD620DDA6DD983A1FFAAB72.d.A4898721B608860DADAFB289D5866283.e.7530/click - {}
COMMAND: GET /session/38813ac31724e69450bb97a32539a866/screenshot - {}
RESULT: {}
RESULT: {}
COMMAND: GET /session/38813ac31724e69450bb97a32539a866/screenshot - {}
RESULT: {}
RESULT: {}
COMMAND: POST /session/38813ac31724e69450bb97a32539a866/element - {"using":"xpath","value":"//input[@id=\"application-managesites-display-component---NewSite--siteId-inner\"]"}
RESULT: {"using":"xpath","value":"//input[@id=\"application-managesites-display-component---NewSite--siteId-inner\"]"}
COMMAND: POST /session/38813ac31724e69450bb97a32539a866/element - {"using":"xpath","value":"//input[@id=\"application-managesites-display-component---NewSite--siteId-inner\"]"}
RESULT: {"using":"xpath","value":"//input[@id=\"application-managesites-display-component---NewSite--siteId-inner\"]"}
COMMAND: POST /session/38813ac31724e69450bb97a32539a866/execute/async - {"script":"<script> [1562 bytes]","args":[{"selector":{"id":"application-managesites-display-component---NewSite--addressDetailDetailsName1","interaction":{"idSuffix":"inner"}},"wdio_ui5_key":"applicationmanagesites-display-component---NewSite--addressDetailDetailsName1"}]}
RESULT: {"script":"<script> [1562 bytes]","args":[{"selector":{"id":"application-managesites-display-component---NewSite--addressDetailDetailsName1","interaction":{"idSuffix":"inner"}},"wdio_ui5_key":"applicationmanagesites-display-component---NewSite--addressDetailDetailsName1"}]}
RESULT: undefined
COMMAND: POST /session/38813ac31724e69450bb97a32539a866/execute/async - {"script":"<script> [776 bytes]","args":[{"enterText":"Intercompany Site wdIO","selector":{"id":"application-managesites-display-component---NewSite--addressDetailDetailsName1","interaction":{"idSuffix":"inner"}},"clearTextFirst":true,"interactionType":"ENTER_TEXT"}]}
RESULT: {"script":"<script> [776 bytes]","args":[{"enterText":"Intercompany Site wdIO","selector":{"id":"application-managesites-display-component---NewSite--addressDetailDetailsName1","interaction":{"idSuffix":"inner"}},"clearTextFirst":true,"interactionType":"ENTER_TEXT"}]}
COMMAND: POST /session/38813ac31724e69450bb97a32539a866/execute/async - {"script":"<script> [1562 bytes]","args":[{"selector":{"id":"application-managesites-display-component---NewSite--addressDetailDetailsLanguage-arrow"},"wdio_ui5_key":"applicationmanagesites-display-component---NewSite--addressDetailDetailsLanguage-arrow"}]}
RESULT: {"script":"<script> [1562 bytes]","args":[{"selector":{"id":"application-managesites-display-component---NewSite--addressDetailDetailsLanguage-arrow"},"wdio_ui5_key":"applicationmanagesites-display-component---NewSite--addressDetailDetailsLanguage-arrow"}]}
RESULT: undefined
COMMAND: POST /session/38813ac31724e69450bb97a32539a866/element - {"using":"xpath","value":"//*[@id=\"application-managesites-display-component---NewSite--addressDetailDetailsLanguage-arrow\"]"}
RESULT: {"using":"xpath","value":"//*[@id=\"application-managesites-display-component---NewSite--addressDetailDetailsLanguage-arrow\"]"}
COMMAND: POST /session/38813ac31724e69450bb97a32539a866/element/f.145F15F56CD620DDA6DD983A1FFAAB72.d.A4898721B608860DADAFB289D5866283.e.8135/click - {}
RESULT: {}
COMMAND: POST /session/38813ac31724e69450bb97a32539a866/element - {"using":"xpath","value":"//span[contains(text(), \"English\")]"}
COMMAND: GET /session/38813ac31724e69450bb97a32539a866/screenshot - {}
RESULT: {"using":"xpath","value":"//span[contains(text(), \"English\")]"}
COMMAND: POST /session/38813ac31724e69450bb97a32539a866/element/f.145F15F56CD620DDA6DD983A1FFAAB72.d.A4898721B608860DADAFB289D5866283.e.8136/click - {}
RESULT: {}
RESULT: {}
COMMAND: POST /session/38813ac31724e69450bb97a32539a866/execute/async - {"script":"<script> [1562 bytes]","args":[{"selector":{"id":"application-managesites-display-component---NewSite--addressDetailDetailsCity1","interaction":{"idSuffix":"inner"}},"wdio_ui5_key":"applicationmanagesites-display-component---NewSite--addressDetailDetailsCity1"}]}
COMMAND: GET /session/38813ac31724e69450bb97a32539a866/screenshot - {}
RESULT: {"script":"<script> [1562 bytes]","args":[{"selector":{"id":"application-managesites-display-component---NewSite--addressDetailDetailsCity1","interaction":{"idSuffix":"inner"}},"wdio_ui5_key":"applicationmanagesites-display-component---NewSite--addressDetailDetailsCity1"}]}
RESULT: undefined
COMMAND: POST /session/38813ac31724e69450bb97a32539a866/execute/async - {"script":"<script> [776 bytes]","args":[{"enterText":"Rosario","selector":{"id":"application-managesites-display-component---NewSite--addressDetailDetailsCity1","interaction":{"idSuffix":"inner"}},"clearTextFirst":true,"interactionType":"ENTER_TEXT"}]}
RESULT: {}
RESULT: {"script":"<script> [776 bytes]","args":[{"enterText":"Rosario","selector":{"id":"application-managesites-display-component---NewSite--addressDetailDetailsCity1","interaction":{"idSuffix":"inner"}},"clearTextFirst":true,"interactionType":"ENTER_TEXT"}]}
COMMAND: POST /session/38813ac31724e69450bb97a32539a866/execute/async - {"script":"<script> [1562 bytes]","args":[{"selector":{"id":"application-managesites-display-component---NewSite--addressDetailDetailsCountry-arrow"},"wdio_ui5_key":"applicationmanagesites-display-component---NewSite--addressDetailDetailsCountry-arrow"}]}
RESULT: {"script":"<script> [1562 bytes]","args":[{"selector":{"id":"application-managesites-display-component---NewSite--addressDetailDetailsCountry-arrow"},"wdio_ui5_key":"applicationmanagesites-display-component---NewSite--addressDetailDetailsCountry-arrow"}]}
RESULT: undefined
COMMAND: POST /session/38813ac31724e69450bb97a32539a866/element - {"using":"xpath","value":"//*[@id=\"application-managesites-display-component---NewSite--addressDetailDetailsCountry-arrow\"]"}
RESULT: {"using":"xpath","value":"//*[@id=\"application-managesites-display-component---NewSite--addressDetailDetailsCountry-arrow\"]"}
COMMAND: POST /session/38813ac31724e69450bb97a32539a866/element/f.145F15F56CD620DDA6DD983A1FFAAB72.d.A4898721B608860DADAFB289D5866283.e.8138/click - {}
RESULT: {}
COMMAND: POST /session/38813ac31724e69450bb97a32539a866/element - {"using":"xpath","value":"//span[contains(text(), \"Argentina\")]"}
COMMAND: GET /session/38813ac31724e69450bb97a32539a866/screenshot - {}
RESULT: {"using":"xpath","value":"//span[contains(text(), \"Argentina\")]"}
COMMAND: POST /session/38813ac31724e69450bb97a32539a866/element/f.145F15F56CD620DDA6DD983A1FFAAB72.d.A4898721B608860DADAFB289D5866283.e.8139/click - {}
RESULT: {}
RESULT: {}
COMMAND: GET /session/38813ac31724e69450bb97a32539a866/screenshot - {}
RESULT: {}
COMMAND: POST /session/38813ac31724e69450bb97a32539a866/execute/async - {"script":"<script> [1562 bytes]","args":[{"selector":{"id":"application-managesites-display-component---NewSite--addressEditDetailsCostObjectCstType-arrow"},"wdio_ui5_key":"applicationmanagesites-display-component---NewSite--addressEditDetailsCostObjectCstType-arrow"}]}
RESULT: {"script":"<script> [1562 bytes]","args":[{"selector":{"id":"application-managesites-display-component---NewSite--addressEditDetailsCostObjectCstType-arrow"},"wdio_ui5_key":"applicationmanagesites-display-component---NewSite--addressEditDetailsCostObjectCstType-arrow"}]}
RESULT: undefined
COMMAND: POST /session/38813ac31724e69450bb97a32539a866/element - {"using":"xpath","value":"//*[@id=\"application-managesites-display-component---NewSite--addressEditDetailsCostObjectCstType-arrow\"]"}
RESULT: {"using":"xpath","value":"//*[@id=\"application-managesites-display-component---NewSite--addressEditDetailsCostObjectCstType-arrow\"]"}
COMMAND: POST /session/38813ac31724e69450bb97a32539a866/element/f.145F15F56CD620DDA6DD983A1FFAAB72.d.A4898721B608860DADAFB289D5866283.e.8141/click - {}
RESULT: {}
COMMAND: POST /session/38813ac31724e69450bb97a32539a866/element - {"using":"xpath","value":"//span[contains(text(), \"Cost Center\")]"}
COMMAND: GET /session/38813ac31724e69450bb97a32539a866/screenshot - {}
RESULT: {"using":"xpath","value":"//span[contains(text(), \"Cost Center\")]"}
COMMAND: POST /session/38813ac31724e69450bb97a32539a866/element/f.145F15F56CD620DDA6DD983A1FFAAB72.d.A4898721B608860DADAFB289D5866283.e.8142/click - {}
RESULT: {}
RESULT: {}
COMMAND: GET /session/38813ac31724e69450bb97a32539a866/screenshot - {}
RESULT: {}
COMMAND: POST /session/38813ac31724e69450bb97a32539a866/element - {"using":"xpath","value":"//span[@id=\"application-managesites-display-component---NewSite--addressNewCostObjectCstID-vhi\"]"}
RESULT: {"using":"xpath","value":"//span[@id=\"application-managesites-display-component---NewSite--addressNewCostObjectCstID-vhi\"]"}
COMMAND: POST /session/38813ac31724e69450bb97a32539a866/execute/sync - {"script":"<script> [8489 bytes]","args":[{"element-6066-11e4-a52e-4f735466cecf":"f.145F15F56CD620DDA6DD983A1FFAAB72.d.A4898721B608860DADAFB289D5866283.e.8147","ELEMENT":"f.145F15F56CD620DDA6DD983A1FFAAB72.d.A4898721B608860DADAFB289D5866283.e.8147"}]}
RESULT: {"script":"<script> [8489 bytes]","args":[{"element-6066-11e4-a52e-4f735466cecf":"f.145F15F56CD620DDA6DD983A1FFAAB72.d.A4898721B608860DADAFB289D5866283.e.8147","ELEMENT":"f.145F15F56CD620DDA6DD983A1FFAAB72.d.A4898721B608860DADAFB289D5866283.e.8147"}]}
COMMAND: POST /session/38813ac31724e69450bb97a32539a866/execute/async - {"script":"<script> [1562 bytes]","args":[{"selector":{"id":"application-managesites-display-component---NewSite--addressNewCostObjectCstID-vhi"},"wdio_ui5_key":"applicationmanagesites-display-component---NewSite--addressNewCostObjectCstID-vhi"}]}
COMMAND: GET /session/38813ac31724e69450bb97a32539a866/screenshot - {}
RESULT: {"script":"<script> [1562 bytes]","args":[{"selector":{"id":"application-managesites-display-component---NewSite--addressNewCostObjectCstID-vhi"},"wdio_ui5_key":"applicationmanagesites-display-component---NewSite--addressNewCostObjectCstID-vhi"}]}
RESULT: undefined
COMMAND: POST /session/38813ac31724e69450bb97a32539a866/element - {"using":"xpath","value":"//*[@id=\"application-managesites-display-component---NewSite--addressNewCostObjectCstID-vhi\"]"}
RESULT: {}
RESULT: {"using":"xpath","value":"//*[@id=\"application-managesites-display-component---NewSite--addressNewCostObjectCstID-vhi\"]"}
COMMAND: POST /session/38813ac31724e69450bb97a32539a866/element/f.145F15F56CD620DDA6DD983A1FFAAB72.d.A4898721B608860DADAFB289D5866283.e.8147/click - {}
RESULT: {}
COMMAND: GET /session/38813ac31724e69450bb97a32539a866/screenshot - {}
RESULT: {}
RESULT: undefined
COMMAND: POST /session/38813ac31724e69450bb97a32539a866/execute/async - {"script":"<script> [776 bytes]","args":[{"enterText":"10001013","selector":{"controlType":"sap.m.SearchField","properties":{"placeholder":"Search"},"searchOpenDialogs":true,"interaction":{"idSuffix":"I"}},"clearTextFirst":true,"interactionType":"ENTER_TEXT"}]}
RESULT: {"script":"<script> [776 bytes]","args":[{"enterText":"10001013","selector":{"controlType":"sap.m.SearchField","properties":{"placeholder":"Search"},"searchOpenDialogs":true,"interaction":{"idSuffix":"I"}},"clearTextFirst":true,"interactionType":"ENTER_TEXT"}]}
COMMAND: POST /session/38813ac31724e69450bb97a32539a866/actions - {"actions":[{"id":"action20","type":"key","parameters":{},"actions":[{"type":"keyDown","value":""},{"type":"pause","duration":10},{"type":"keyUp","value":""}]}]}
RESULT: {"actions":[{"id":"action20","type":"key","parameters":{},"actions":[{"type":"keyDown","value":""},{"type":"pause","duration":10},{"type":"keyUp","value":""}]}]}
COMMAND: GET /session/38813ac31724e69450bb97a32539a866/screenshot - {}
RESULT: {}
COMMAND: POST /session/38813ac31724e69450bb97a32539a866/element - {"using":"xpath","value":"//span[contains(text(), \"General Management\")]"}
RESULT: {"using":"xpath","value":"//span[contains(text(), \"General Management\")]"}
COMMAND: POST /session/38813ac31724e69450bb97a32539a866/element/f.145F15F56CD620DDA6DD983A1FFAAB72.d.A4898721B608860DADAFB289D5866283.e.8186/click - {}
RESULT: {}
COMMAND: GET /session/38813ac31724e69450bb97a32539a866/screenshot - {}
RESULT: {}
COMMAND: POST /session/38813ac31724e69450bb97a32539a866/element - {"using":"xpath","value":"//bdi[contains(text(), \"OK\")]"}
RESULT: {"using":"xpath","value":"//bdi[contains(text(), \"OK\")]"}
COMMAND: POST /session/38813ac31724e69450bb97a32539a866/element/f.145F15F56CD620DDA6DD983A1FFAAB72.d.A4898721B608860DADAFB289D5866283.e.8187/click - {}
RESULT: {}
COMMAND: GET /session/38813ac31724e69450bb97a32539a866/screenshot - {}
RESULT: {}
COMMAND: POST /session/38813ac31724e69450bb97a32539a866/element - {"using":"xpath","value":"//input[@id=\"application-managesites-display-component---NewSite--addressDetailDetailsCalendar-inner\"]"}
RESULT: {"using":"xpath","value":"//input[@id=\"application-managesites-display-component---NewSite--addressDetailDetailsCalendar-inner\"]"}
COMMAND: POST /session/38813ac31724e69450bb97a32539a866/element/f.145F15F56CD620DDA6DD983A1FFAAB72.d.A4898721B608860DADAFB289D5866283.e.7970/clear - {}
RESULT: {}
COMMAND: POST /session/38813ac31724e69450bb97a32539a866/element/f.145F15F56CD620DDA6DD983A1FFAAB72.d.A4898721B608860DADAFB289D5866283.e.7970/value - {"text":"Unit"}
COMMAND: GET /session/38813ac31724e69450bb97a32539a866/screenshot - {}
RESULT: {"text":"Unit"}
COMMAND: GET /session/38813ac31724e69450bb97a32539a866/screenshot - {}
RESULT: {}
RESULT: {}
COMMAND: POST /session/38813ac31724e69450bb97a32539a866/actions - {"actions":[{"id":"action21","type":"key","parameters":{},"actions":[{"type":"keyDown","value":""},{"type":"pause","duration":10},{"type":"keyUp","value":""}]}]}
RESULT: {"actions":[{"id":"action21","type":"key","parameters":{},"actions":[{"type":"keyDown","value":""},{"type":"pause","duration":10},{"type":"keyUp","value":""}]}]}
COMMAND: POST /session/38813ac31724e69450bb97a32539a866/element - {"using":"xpath","value":"//input[@id=\"application-managesites-display-component---NewSite--addressDetailDetailsYard-inner\"]"}
COMMAND: GET /session/38813ac31724e69450bb97a32539a866/screenshot - {}
RESULT: {}
RESULT: {"using":"xpath","value":"//input[@id=\"application-managesites-display-component---NewSite--addressDetailDetailsYard-inner\"]"}
COMMAND: POST /session/38813ac31724e69450bb97a32539a866/element/f.145F15F56CD620DDA6DD983A1FFAAB72.d.A4898721B608860DADAFB289D5866283.e.7971/clear - {}
RESULT: {}
COMMAND: POST /session/38813ac31724e69450bb97a32539a866/element/f.145F15F56CD620DDA6DD983A1FFAAB72.d.A4898721B608860DADAFB289D5866283.e.7971/value - {"text":"255"}
COMMAND: GET /session/38813ac31724e69450bb97a32539a866/screenshot - {}
RESULT: {"text":"255"}
COMMAND: GET /session/38813ac31724e69450bb97a32539a866/screenshot - {}
RESULT: {}
RESULT: {}
COMMAND: POST /session/38813ac31724e69450bb97a32539a866/element - {"using":"xpath","value":"//li[.//span[text()='255']]"}
RESULT: {"using":"xpath","value":"//li[.//span[text()='255']]"}
COMMAND: POST /session/38813ac31724e69450bb97a32539a866/element/f.145F15F56CD620DDA6DD983A1FFAAB72.d.A4898721B608860DADAFB289D5866283.e.8195/click - {}
RESULT: {}
COMMAND: GET /session/38813ac31724e69450bb97a32539a866/screenshot - {}
RESULT: {}
COMMAND: POST /session/38813ac31724e69450bb97a32539a866/element - {"using":"xpath","value":"//input[@id=\"application-managesites-display-component---NewSite--addressDetailDetailsPartner-inner\"]"}
RESULT: {"using":"xpath","value":"//input[@id=\"application-managesites-display-component---NewSite--addressDetailDetailsPartner-inner\"]"}
COMMAND: POST /session/38813ac31724e69450bb97a32539a866/element - {"using":"xpath","value":"//input[@id=\"application-managesites-display-component---NewSite--addressDetailDetailsPartner-inner\"]"}
RESULT: {"using":"xpath","value":"//input[@id=\"application-managesites-display-component---NewSite--addressDetailDetailsPartner-inner\"]"}
COMMAND: POST /session/38813ac31724e69450bb97a32539a866/element - {"using":"xpath","value":"//button[@data-kt=\"saveButton\"]"}
RESULT: {"using":"xpath","value":"//button[@data-kt=\"saveButton\"]"}
COMMAND: POST /session/38813ac31724e69450bb97a32539a866/element/f.145F15F56CD620DDA6DD983A1FFAAB72.d.A4898721B608860DADAFB289D5866283.e.8128/click - {}
RESULT: {}
COMMAND: GET /session/38813ac31724e69450bb97a32539a866/screenshot - {}
RESULT: {}
COMMAND: POST /session/38813ac31724e69450bb97a32539a866/element - {"using":"xpath","value":"//header[contains(@id, 'ObjectPageLayout-headerTitle')]/div[1]/div[2]/div[2]/span[1]"}
RESULT: {"using":"xpath","value":"//header[contains(@id, 'ObjectPageLayout-headerTitle')]/div[1]/div[2]/div[2]/span[1]"}
COMMAND: POST /session/38813ac31724e69450bb97a32539a866/elements - {"using":"xpath","value":"//header[contains(@id, 'ObjectPageLayout-headerTitle')]/div[1]/div[2]/div[2]/span[1]"}
RESULT: {"using":"xpath","value":"//header[contains(@id, 'ObjectPageLayout-headerTitle')]/div[1]/div[2]/div[2]/span[1]"}
COMMAND: POST /session/38813ac31724e69450bb97a32539a866/execute/sync - {"script":"<script> [56 bytes]","args":[{"element-6066-11e4-a52e-4f735466cecf":"f.145F15F56CD620DDA6DD983A1FFAAB72.d.A4898721B608860DADAFB289D5866283.e.8399","ELEMENT":"f.145F15F56CD620DDA6DD983A1FFAAB72.d.A4898721B608860DADAFB289D5866283.e.8399"}]}
RESULT: {"script":"<script> [56 bytes]","args":[{"element-6066-11e4-a52e-4f735466cecf":"f.145F15F56CD620DDA6DD983A1FFAAB72.d.A4898721B608860DADAFB289D5866283.e.8399","ELEMENT":"f.145F15F56CD620DDA6DD983A1FFAAB72.d.A4898721B608860DADAFB289D5866283.e.8399"}]}
COMMAND: POST /session/38813ac31724e69450bb97a32539a866/element - {"using":"css selector","value":"#shell-header-logo"}
COMMAND: GET /session/38813ac31724e69450bb97a32539a866/screenshot - {}
RESULT: {"using":"css selector","value":"#shell-header-logo"}
COMMAND: POST /session/38813ac31724e69450bb97a32539a866/element/f.145F15F56CD620DDA6DD983A1FFAAB72.d.A4898721B608860DADAFB289D5866283.e.7495/click - {}
RESULT: {}
RESULT: {}
COMMAND: GET /session/38813ac31724e69450bb97a32539a866/screenshot - {}
RESULT: {}
COMMAND: POST /session/38813ac31724e69450bb97a32539a866/execute/sync - {"script":"<script> [299 bytes]","args":[["getModel","getResource"]]}
RESULT: {"script":"<script> [299 bytes]","args":[["getModel","getResource"]]}
COMMAND: GET /session/38813ac31724e69450bb97a32539a866/screenshot - {}
]]></system-out>
    </testcase>
    <testcase classname="chrome.137_0_7151_69.windows.Manage_States_&amp;_Performance_Tests_US151247_US151423_US151467" name="Prereq Should create an equipment add on contract stock increase and provide it" time="213.875">
      <failure/>
      <error message="element (&quot;//button[@data-kt=&quot;masterHOAddButton&quot;]&quot;) still not existing after 45000ms"/>
      <system-out><![CDATA[
COMMAND: POST /session/38813ac31724e69450bb97a32539a866/execute/async - {"script":"<script> [1562 bytes]","args":[{"selector":{"controlType":"sap.m.GenericTile","properties":{"header":"Manage Resources"}},"wdio_ui5_key":"sapm.GenericTile{\"header\":\"Manage Resources\"}"}]}
RESULT: {}
RESULT: {"script":"<script> [1562 bytes]","args":[{"selector":{"controlType":"sap.m.GenericTile","properties":{"header":"Manage Resources"}},"wdio_ui5_key":"sapm.GenericTile{\"header\":\"Manage Resources\"}"}]}
RESULT: undefined
COMMAND: POST /session/38813ac31724e69450bb97a32539a866/element - {"using":"xpath","value":"//*[@id=\"__tile32\"]"}
RESULT: {"using":"xpath","value":"//*[@id=\"__tile32\"]"}
COMMAND: POST /session/38813ac31724e69450bb97a32539a866/element/f.145F15F56CD620DDA6DD983A1FFAAB72.d.A4898721B608860DADAFB289D5866283.e.5829/click - {}
RESULT: {}
COMMAND: GET /session/38813ac31724e69450bb97a32539a866/screenshot - {}
COMMAND: POST /session/38813ac31724e69450bb97a32539a866/elements - {"using":"xpath","value":"//span[text()='Error']"}
RESULT: {}
RESULT: {"using":"xpath","value":"//span[text()='Error']"}
COMMAND: POST /session/38813ac31724e69450bb97a32539a866/element - {"using":"xpath","value":"//button[@data-kt=\"addNewRUOverflowToolbarButton\"]"}
RESULT: {"using":"xpath","value":"//button[@data-kt=\"addNewRUOverflowToolbarButton\"]"}
COMMAND: POST /session/38813ac31724e69450bb97a32539a866/elements - {"using":"xpath","value":"//button[@data-kt=\"addNewRUOverflowToolbarButton\"]"}
RESULT: {"using":"xpath","value":"//button[@data-kt=\"addNewRUOverflowToolbarButton\"]"}
COMMAND: POST /session/38813ac31724e69450bb97a32539a866/execute/sync - {"script":"<script> [8489 bytes]","args":[{"element-6066-11e4-a52e-4f735466cecf":"f.145F15F56CD620DDA6DD983A1FFAAB72.d.A4898721B608860DADAFB289D5866283.e.8443","ELEMENT":"f.145F15F56CD620DDA6DD983A1FFAAB72.d.A4898721B608860DADAFB289D5866283.e.8443"}]}
RESULT: {"script":"<script> [8489 bytes]","args":[{"element-6066-11e4-a52e-4f735466cecf":"f.145F15F56CD620DDA6DD983A1FFAAB72.d.A4898721B608860DADAFB289D5866283.e.8443","ELEMENT":"f.145F15F56CD620DDA6DD983A1FFAAB72.d.A4898721B608860DADAFB289D5866283.e.8443"}]}
COMMAND: GET /session/38813ac31724e69450bb97a32539a866/element/f.145F15F56CD620DDA6DD983A1FFAAB72.d.A4898721B608860DADAFB289D5866283.e.8443/enabled - {}
COMMAND: GET /session/38813ac31724e69450bb97a32539a866/screenshot - {}
RESULT: {}
COMMAND: POST /session/38813ac31724e69450bb97a32539a866/execute/sync - {"script":"<script> [8489 bytes]","args":[{"element-6066-11e4-a52e-4f735466cecf":"f.145F15F56CD620DDA6DD983A1FFAAB72.d.A4898721B608860DADAFB289D5866283.e.8443","ELEMENT":"f.145F15F56CD620DDA6DD983A1FFAAB72.d.A4898721B608860DADAFB289D5866283.e.8443"}]}
COMMAND: GET /session/38813ac31724e69450bb97a32539a866/screenshot - {}
RESULT: {}
RESULT: {"script":"<script> [8489 bytes]","args":[{"element-6066-11e4-a52e-4f735466cecf":"f.145F15F56CD620DDA6DD983A1FFAAB72.d.A4898721B608860DADAFB289D5866283.e.8443","ELEMENT":"f.145F15F56CD620DDA6DD983A1FFAAB72.d.A4898721B608860DADAFB289D5866283.e.8443"}]}
COMMAND: POST /session/38813ac31724e69450bb97a32539a866/execute/sync - {"script":"<script> [5351 bytes]","args":[{"element-6066-11e4-a52e-4f735466cecf":"f.145F15F56CD620DDA6DD983A1FFAAB72.d.A4898721B608860DADAFB289D5866283.e.8443","ELEMENT":"f.145F15F56CD620DDA6DD983A1FFAAB72.d.A4898721B608860DADAFB289D5866283.e.8443"}]}
COMMAND: GET /session/38813ac31724e69450bb97a32539a866/screenshot - {}
RESULT: {}
RESULT: {"script":"<script> [5351 bytes]","args":[{"element-6066-11e4-a52e-4f735466cecf":"f.145F15F56CD620DDA6DD983A1FFAAB72.d.A4898721B608860DADAFB289D5866283.e.8443","ELEMENT":"f.145F15F56CD620DDA6DD983A1FFAAB72.d.A4898721B608860DADAFB289D5866283.e.8443"}]}
COMMAND: POST /session/38813ac31724e69450bb97a32539a866/element/f.145F15F56CD620DDA6DD983A1FFAAB72.d.A4898721B608860DADAFB289D5866283.e.8443/click - {}
COMMAND: GET /session/38813ac31724e69450bb97a32539a866/screenshot - {}
RESULT: {}
RESULT: {}
COMMAND: GET /session/38813ac31724e69450bb97a32539a866/screenshot - {}
RESULT: {}
RESULT: {}
COMMAND: POST /session/38813ac31724e69450bb97a32539a866/execute/async - {"script":"<script> [1562 bytes]","args":[{"selector":{"id":"application-manageresources-display-component---newResourceUnit--TYPE-arrow"},"wdio_ui5_key":"applicationmanageresources-display-component---newResourceUnit--TYPE-arrow"}]}
RESULT: {"script":"<script> [1562 bytes]","args":[{"selector":{"id":"application-manageresources-display-component---newResourceUnit--TYPE-arrow"},"wdio_ui5_key":"applicationmanageresources-display-component---newResourceUnit--TYPE-arrow"}]}
RESULT: undefined
COMMAND: POST /session/38813ac31724e69450bb97a32539a866/element - {"using":"xpath","value":"//*[@id=\"application-manageresources-display-component---newResourceUnit--TYPE-arrow\"]"}
RESULT: {"using":"xpath","value":"//*[@id=\"application-manageresources-display-component---newResourceUnit--TYPE-arrow\"]"}
COMMAND: POST /session/38813ac31724e69450bb97a32539a866/element/f.145F15F56CD620DDA6DD983A1FFAAB72.d.A4898721B608860DADAFB289D5866283.e.8797/click - {}
RESULT: {}
COMMAND: POST /session/38813ac31724e69450bb97a32539a866/element - {"using":"xpath","value":"//input[@id=\"application-manageresources-display-component---newResourceUnit--TYPE-inner\"]"}
COMMAND: GET /session/38813ac31724e69450bb97a32539a866/screenshot - {}
RESULT: {}
RESULT: {"using":"xpath","value":"//input[@id=\"application-manageresources-display-component---newResourceUnit--TYPE-inner\"]"}
COMMAND: POST /session/38813ac31724e69450bb97a32539a866/element/f.145F15F56CD620DDA6DD983A1FFAAB72.d.A4898721B608860DADAFB289D5866283.e.8784/clear - {}
RESULT: {}
COMMAND: POST /session/38813ac31724e69450bb97a32539a866/element/f.145F15F56CD620DDA6DD983A1FFAAB72.d.A4898721B608860DADAFB289D5866283.e.8784/value - {"text":"Equipment"}
COMMAND: GET /session/38813ac31724e69450bb97a32539a866/screenshot - {}
RESULT: {"text":"Equipment"}
COMMAND: GET /session/38813ac31724e69450bb97a32539a866/screenshot - {}
RESULT: {}
RESULT: {}
COMMAND: POST /session/38813ac31724e69450bb97a32539a866/actions - {"actions":[{"id":"action22","type":"key","parameters":{},"actions":[{"type":"keyDown","value":""},{"type":"pause","duration":10},{"type":"keyUp","value":""}]}]}
RESULT: {"actions":[{"id":"action22","type":"key","parameters":{},"actions":[{"type":"keyDown","value":""},{"type":"pause","duration":10},{"type":"keyUp","value":""}]}]}
COMMAND: POST /session/38813ac31724e69450bb97a32539a866/execute/async - {"script":"<script> [1562 bytes]","args":[{"selector":{"id":"application-manageresources-display-component---newResourceUnit--resourceId","interaction":{"idSuffix":"inner"}},"wdio_ui5_key":"applicationmanageresources-display-component---newResourceUnit--resourceId"}]}
COMMAND: GET /session/38813ac31724e69450bb97a32539a866/screenshot - {}
RESULT: {"script":"<script> [1562 bytes]","args":[{"selector":{"id":"application-manageresources-display-component---newResourceUnit--resourceId","interaction":{"idSuffix":"inner"}},"wdio_ui5_key":"applicationmanageresources-display-component---newResourceUnit--resourceId"}]}
RESULT: undefined
COMMAND: POST /session/38813ac31724e69450bb97a32539a866/execute/async - {"script":"<script> [776 bytes]","args":[{"enterText":"WJHzoCHyz7","selector":{"id":"application-manageresources-display-component---newResourceUnit--resourceId","interaction":{"idSuffix":"inner"}},"clearTextFirst":true,"interactionType":"ENTER_TEXT"}]}
RESULT: {}
RESULT: {"script":"<script> [776 bytes]","args":[{"enterText":"WJHzoCHyz7","selector":{"id":"application-manageresources-display-component---newResourceUnit--resourceId","interaction":{"idSuffix":"inner"}},"clearTextFirst":true,"interactionType":"ENTER_TEXT"}]}
COMMAND: POST /session/38813ac31724e69450bb97a32539a866/execute/async - {"script":"<script> [1562 bytes]","args":[{"selector":{"id":"application-manageresources-display-component---newResourceUnit--SHORT_TEXT","interaction":{"idSuffix":"inner"}},"wdio_ui5_key":"applicationmanageresources-display-component---newResourceUnit--SHORT_TEXT"}]}
RESULT: {"script":"<script> [1562 bytes]","args":[{"selector":{"id":"application-manageresources-display-component---newResourceUnit--SHORT_TEXT","interaction":{"idSuffix":"inner"}},"wdio_ui5_key":"applicationmanageresources-display-component---newResourceUnit--SHORT_TEXT"}]}
RESULT: undefined
COMMAND: POST /session/38813ac31724e69450bb97a32539a866/execute/async - {"script":"<script> [776 bytes]","args":[{"enterText":"Intercompany Equipment WDIO","selector":{"id":"application-manageresources-display-component---newResourceUnit--SHORT_TEXT","interaction":{"idSuffix":"inner"}},"clearTextFirst":true,"interactionType":"ENTER_TEXT"}]}
RESULT: {"script":"<script> [776 bytes]","args":[{"enterText":"Intercompany Equipment WDIO","selector":{"id":"application-manageresources-display-component---newResourceUnit--SHORT_TEXT","interaction":{"idSuffix":"inner"}},"clearTextFirst":true,"interactionType":"ENTER_TEXT"}]}
COMMAND: POST /session/38813ac31724e69450bb97a32539a866/execute/async - {"script":"<script> [1562 bytes]","args":[{"selector":{"id":"application-manageresources-display-component---newResourceUnit--BASE_UNIT_OF_MEASURE","interaction":{"idSuffix":"inner"}},"wdio_ui5_key":"applicationmanageresources-display-component---newResourceUnit--BASE_UNIT_OF_MEASURE"}]}
RESULT: {"script":"<script> [1562 bytes]","args":[{"selector":{"id":"application-manageresources-display-component---newResourceUnit--BASE_UNIT_OF_MEASURE","interaction":{"idSuffix":"inner"}},"wdio_ui5_key":"applicationmanageresources-display-component---newResourceUnit--BASE_UNIT_OF_MEASURE"}]}
RESULT: undefined
COMMAND: POST /session/38813ac31724e69450bb97a32539a866/execute/async - {"script":"<script> [776 bytes]","args":[{"enterText":"Piece","selector":{"id":"application-manageresources-display-component---newResourceUnit--BASE_UNIT_OF_MEASURE","interaction":{"idSuffix":"inner"}},"clearTextFirst":true,"interactionType":"ENTER_TEXT"}]}
RESULT: {"script":"<script> [776 bytes]","args":[{"enterText":"Piece","selector":{"id":"application-manageresources-display-component---newResourceUnit--BASE_UNIT_OF_MEASURE","interaction":{"idSuffix":"inner"}},"clearTextFirst":true,"interactionType":"ENTER_TEXT"}]}
COMMAND: POST /session/38813ac31724e69450bb97a32539a866/execute/async - {"script":"<script> [1562 bytes]","args":[{"selector":{"id":"application-manageresources-display-component---newResourceUnit--WEIGHT_UNIT","interaction":{"idSuffix":"inner"}},"wdio_ui5_key":"applicationmanageresources-display-component---newResourceUnit--WEIGHT_UNIT"}]}
RESULT: {"script":"<script> [1562 bytes]","args":[{"selector":{"id":"application-manageresources-display-component---newResourceUnit--WEIGHT_UNIT","interaction":{"idSuffix":"inner"}},"wdio_ui5_key":"applicationmanageresources-display-component---newResourceUnit--WEIGHT_UNIT"}]}
RESULT: undefined
COMMAND: POST /session/38813ac31724e69450bb97a32539a866/execute/async - {"script":"<script> [776 bytes]","args":[{"enterText":"Gram","selector":{"id":"application-manageresources-display-component---newResourceUnit--WEIGHT_UNIT","interaction":{"idSuffix":"inner"}},"clearTextFirst":true,"interactionType":"ENTER_TEXT"}]}
RESULT: {"script":"<script> [776 bytes]","args":[{"enterText":"Gram","selector":{"id":"application-manageresources-display-component---newResourceUnit--WEIGHT_UNIT","interaction":{"idSuffix":"inner"}},"clearTextFirst":true,"interactionType":"ENTER_TEXT"}]}
COMMAND: POST /session/38813ac31724e69450bb97a32539a866/execute/async - {"script":"<script> [1562 bytes]","args":[{"selector":{"id":"application-manageresources-display-component---newResourceUnit--DIMENSION_UNIT","interaction":{"idSuffix":"inner"}},"wdio_ui5_key":"applicationmanageresources-display-component---newResourceUnit--DIMENSION_UNIT"}]}
RESULT: {"script":"<script> [1562 bytes]","args":[{"selector":{"id":"application-manageresources-display-component---newResourceUnit--DIMENSION_UNIT","interaction":{"idSuffix":"inner"}},"wdio_ui5_key":"applicationmanageresources-display-component---newResourceUnit--DIMENSION_UNIT"}]}
RESULT: undefined
COMMAND: POST /session/38813ac31724e69450bb97a32539a866/execute/async - {"script":"<script> [776 bytes]","args":[{"enterText":"Meter","selector":{"id":"application-manageresources-display-component---newResourceUnit--DIMENSION_UNIT","interaction":{"idSuffix":"inner"}},"clearTextFirst":true,"interactionType":"ENTER_TEXT"}]}
RESULT: {"script":"<script> [776 bytes]","args":[{"enterText":"Meter","selector":{"id":"application-manageresources-display-component---newResourceUnit--DIMENSION_UNIT","interaction":{"idSuffix":"inner"}},"clearTextFirst":true,"interactionType":"ENTER_TEXT"}]}
COMMAND: POST /session/38813ac31724e69450bb97a32539a866/execute/async - {"script":"<script> [1562 bytes]","args":[{"selector":{"id":"application-manageresources-display-component---newResourceUnit--newRRUPage-anchBar-application-manageresources-display-component---newResourceUnit--control-anchor","interaction":{"idSuffix":"BDI-content"}},"wdio_ui5_key":"applicationmanageresources-display-component---newResourceUnit--newRRUPage-anchBar-application-manageresources-display-component---newResourceUnit--control-anchor"}]}
RESULT: {"script":"<script> [1562 bytes]","args":[{"selector":{"id":"application-manageresources-display-component---newResourceUnit--newRRUPage-anchBar-application-manageresources-display-component---newResourceUnit--control-anchor","interaction":{"idSuffix":"BDI-content"}},"wdio_ui5_key":"applicationmanageresources-display-component---newResourceUnit--newRRUPage-anchBar-application-manageresources-display-component---newResourceUnit--control-anchor"}]}
RESULT: undefined
COMMAND: POST /session/38813ac31724e69450bb97a32539a866/element - {"using":"xpath","value":"//*[@id=\"application-manageresources-display-component---newResourceUnit--newRRUPage-anchBar-application-manageresources-display-component---newResourceUnit--control-anchor\"]"}
RESULT: {"using":"xpath","value":"//*[@id=\"application-manageresources-display-component---newResourceUnit--newRRUPage-anchBar-application-manageresources-display-component---newResourceUnit--control-anchor\"]"}
COMMAND: POST /session/38813ac31724e69450bb97a32539a866/element/f.145F15F56CD620DDA6DD983A1FFAAB72.d.A4898721B608860DADAFB289D5866283.e.8955/click - {}
RESULT: {}
COMMAND: POST /session/38813ac31724e69450bb97a32539a866/execute/async - {"script":"<script> [1562 bytes]","args":[{"selector":{"id":"application-manageresources-display-component---newResourceUnit--PLANNING_GROUP","interaction":{"idSuffix":"inner"}},"wdio_ui5_key":"applicationmanageresources-display-component---newResourceUnit--PLANNING_GROUP"}]}
COMMAND: GET /session/38813ac31724e69450bb97a32539a866/screenshot - {}
RESULT: {"script":"<script> [1562 bytes]","args":[{"selector":{"id":"application-manageresources-display-component---newResourceUnit--PLANNING_GROUP","interaction":{"idSuffix":"inner"}},"wdio_ui5_key":"applicationmanageresources-display-component---newResourceUnit--PLANNING_GROUP"}]}
RESULT: undefined
COMMAND: POST /session/38813ac31724e69450bb97a32539a866/execute/async - {"script":"<script> [776 bytes]","args":[{"enterText":"Heavy Equi","selector":{"id":"application-manageresources-display-component---newResourceUnit--PLANNING_GROUP","interaction":{"idSuffix":"inner"}},"clearTextFirst":true,"interactionType":"ENTER_TEXT"}]}
RESULT: {}
RESULT: {"script":"<script> [776 bytes]","args":[{"enterText":"Heavy Equi","selector":{"id":"application-manageresources-display-component---newResourceUnit--PLANNING_GROUP","interaction":{"idSuffix":"inner"}},"clearTextFirst":true,"interactionType":"ENTER_TEXT"}]}
COMMAND: POST /session/38813ac31724e69450bb97a32539a866/execute/async - {"script":"<script> [1562 bytes]","args":[{"selector":{"id":"application-manageresources-display-component---newResourceUnit--ITEM_TYPE-arrow"},"wdio_ui5_key":"applicationmanageresources-display-component---newResourceUnit--ITEM_TYPE-arrow"}]}
RESULT: {"script":"<script> [1562 bytes]","args":[{"selector":{"id":"application-manageresources-display-component---newResourceUnit--ITEM_TYPE-arrow"},"wdio_ui5_key":"applicationmanageresources-display-component---newResourceUnit--ITEM_TYPE-arrow"}]}
RESULT: undefined
COMMAND: POST /session/38813ac31724e69450bb97a32539a866/element - {"using":"xpath","value":"//*[@id=\"application-manageresources-display-component---newResourceUnit--ITEM_TYPE-arrow\"]"}
RESULT: {"using":"xpath","value":"//*[@id=\"application-manageresources-display-component---newResourceUnit--ITEM_TYPE-arrow\"]"}
COMMAND: POST /session/38813ac31724e69450bb97a32539a866/element/f.145F15F56CD620DDA6DD983A1FFAAB72.d.A4898721B608860DADAFB289D5866283.e.8964/click - {}
RESULT: {}
COMMAND: POST /session/38813ac31724e69450bb97a32539a866/element - {"using":"xpath","value":"//ul[contains(@id,\"ITEM_TYPE-popup-list-listUl\")]//li[.//span[contains(text(),\"Resource Unit\")]]"}
COMMAND: GET /session/38813ac31724e69450bb97a32539a866/screenshot - {}
RESULT: {"using":"xpath","value":"//ul[contains(@id,\"ITEM_TYPE-popup-list-listUl\")]//li[.//span[contains(text(),\"Resource Unit\")]]"}
COMMAND: POST /session/38813ac31724e69450bb97a32539a866/element/f.145F15F56CD620DDA6DD983A1FFAAB72.d.A4898721B608860DADAFB289D5866283.e.8965/click - {}
RESULT: {}
RESULT: {}
COMMAND: GET /session/38813ac31724e69450bb97a32539a866/screenshot - {}
RESULT: {}
COMMAND: POST /session/38813ac31724e69450bb97a32539a866/element - {"using":"css selector","value":"#application-manageresources-display-component---newResourceUnit--btnAddTimeSegment"}
RESULT: {"using":"css selector","value":"#application-manageresources-display-component---newResourceUnit--btnAddTimeSegment"}
COMMAND: GET /session/38813ac31724e69450bb97a32539a866/element/f.145F15F56CD620DDA6DD983A1FFAAB72.d.A4898721B608860DADAFB289D5866283.e.8974/rect - {}
RESULT: {}
COMMAND: GET /session/38813ac31724e69450bb97a32539a866/window/rect - {}
RESULT: {}
COMMAND: POST /session/38813ac31724e69450bb97a32539a866/execute/sync - {"script":"<script> [92 bytes]","args":[]}
RESULT: {"script":"<script> [92 bytes]","args":[]}
COMMAND: POST /session/38813ac31724e69450bb97a32539a866/actions - {"actions":[{"id":"action23","type":"wheel","parameters":{},"actions":[{"type":"scroll","x":-1888,"y":-32,"deltaX":0,"deltaY":0,"duration":0,"origin":{"element-6066-11e4-a52e-4f735466cecf":"f.145F15F56CD620DDA6DD983A1FFAAB72.d.A4898721B608860DADAFB289D5866283.e.8974"}}]}]}
COMMAND: GET /session/38813ac31724e69450bb97a32539a866/screenshot - {}
RESULT: {}
COMMAND: POST /session/38813ac31724e69450bb97a32539a866/execute/sync - {"script":"<script> [79 bytes]","args":[{"element-6066-11e4-a52e-4f735466cecf":"f.145F15F56CD620DDA6DD983A1FFAAB72.d.A4898721B608860DADAFB289D5866283.e.8974","ELEMENT":"f.145F15F56CD620DDA6DD983A1FFAAB72.d.A4898721B608860DADAFB289D5866283.e.8974"},{"block":"start","inline":"nearest"}]}
RESULT: {"script":"<script> [79 bytes]","args":[{"element-6066-11e4-a52e-4f735466cecf":"f.145F15F56CD620DDA6DD983A1FFAAB72.d.A4898721B608860DADAFB289D5866283.e.8974","ELEMENT":"f.145F15F56CD620DDA6DD983A1FFAAB72.d.A4898721B608860DADAFB289D5866283.e.8974"},{"block":"start","inline":"nearest"}]}
COMMAND: POST /session/38813ac31724e69450bb97a32539a866/execute/async - {"script":"<script> [1562 bytes]","args":[{"selector":{"id":"application-manageresources-display-component---newResourceUnit--btnAddTimeSegment","interaction":{"idSuffix":"inner"}},"wdio_ui5_key":"applicationmanageresources-display-component---newResourceUnit--btnAddTimeSegment"}]}
COMMAND: GET /session/38813ac31724e69450bb97a32539a866/screenshot - {}
RESULT: {"script":"<script> [1562 bytes]","args":[{"selector":{"id":"application-manageresources-display-component---newResourceUnit--btnAddTimeSegment","interaction":{"idSuffix":"inner"}},"wdio_ui5_key":"applicationmanageresources-display-component---newResourceUnit--btnAddTimeSegment"}]}
RESULT: undefined
COMMAND: POST /session/38813ac31724e69450bb97a32539a866/element - {"using":"xpath","value":"//*[@id=\"application-manageresources-display-component---newResourceUnit--btnAddTimeSegment\"]"}
RESULT: {}
RESULT: {"using":"xpath","value":"//*[@id=\"application-manageresources-display-component---newResourceUnit--btnAddTimeSegment\"]"}
COMMAND: POST /session/38813ac31724e69450bb97a32539a866/element/f.145F15F56CD620DDA6DD983A1FFAAB72.d.A4898721B608860DADAFB289D5866283.e.8974/click - {}
RESULT: {}
COMMAND: GET /session/38813ac31724e69450bb97a32539a866/screenshot - {}
RESULT: {}
COMMAND: POST /session/38813ac31724e69450bb97a32539a866/element - {"using":"xpath","value":"//input[@id=\"application-manageresources-display-component---newResourceUnit--idRuTSAdmin-application-manageresources-display-component---newResourceUnit--RUTimeSegment-0-inner\"]"}
RESULT: {"using":"xpath","value":"//input[@id=\"application-manageresources-display-component---newResourceUnit--idRuTSAdmin-application-manageresources-display-component---newResourceUnit--RUTimeSegment-0-inner\"]"}
COMMAND: POST /session/38813ac31724e69450bb97a32539a866/element/f.145F15F56CD620DDA6DD983A1FFAAB72.d.A4898721B608860DADAFB289D5866283.e.8980/clear - {}
RESULT: {}
COMMAND: POST /session/38813ac31724e69450bb97a32539a866/element/f.145F15F56CD620DDA6DD983A1FFAAB72.d.A4898721B608860DADAFB289D5866283.e.8980/value - {"text":"255"}
COMMAND: GET /session/38813ac31724e69450bb97a32539a866/screenshot - {}
RESULT: {"text":"255"}
COMMAND: GET /session/38813ac31724e69450bb97a32539a866/screenshot - {}
RESULT: {}
RESULT: {}
COMMAND: POST /session/38813ac31724e69450bb97a32539a866/element - {"using":"xpath","value":"//li[.//span[text()='255']]"}
RESULT: {"using":"xpath","value":"//li[.//span[text()='255']]"}
COMMAND: POST /session/38813ac31724e69450bb97a32539a866/element/f.145F15F56CD620DDA6DD983A1FFAAB72.d.A4898721B608860DADAFB289D5866283.e.8992/click - {}
RESULT: {}
COMMAND: GET /session/38813ac31724e69450bb97a32539a866/screenshot - {}
RESULT: {}
COMMAND: POST /session/38813ac31724e69450bb97a32539a866/element - {"using":"xpath","value":"(//span[contains(@id, \"-application-manageresources-display-component---newResourceUnit--RUTimeSegment-0-arrow\")])[6]"}
RESULT: {"using":"xpath","value":"(//span[contains(@id, \"-application-manageresources-display-component---newResourceUnit--RUTimeSegment-0-arrow\")])[6]"}
COMMAND: POST /session/38813ac31724e69450bb97a32539a866/element/f.145F15F56CD620DDA6DD983A1FFAAB72.d.A4898721B608860DADAFB289D5866283.e.8993/click - {}
RESULT: {}
COMMAND: GET /session/38813ac31724e69450bb97a32539a866/screenshot - {}
RESULT: {}
COMMAND: POST /session/38813ac31724e69450bb97a32539a866/element - {"using":"xpath","value":"//span[contains(text(), \"PM Order\")]"}
RESULT: {"using":"xpath","value":"//span[contains(text(), \"PM Order\")]"}
COMMAND: POST /session/38813ac31724e69450bb97a32539a866/element/f.145F15F56CD620DDA6DD983A1FFAAB72.d.A4898721B608860DADAFB289D5866283.e.8996/click - {}
RESULT: {}
COMMAND: GET /session/38813ac31724e69450bb97a32539a866/screenshot - {}
RESULT: {}
COMMAND: POST /session/38813ac31724e69450bb97a32539a866/element - {"using":"xpath","value":"(//span[contains(@id ,\"manageresources-display-component---newResourceUnit--RUTimeSegment-0-vhi\")])[1]"}
RESULT: {"using":"xpath","value":"(//span[contains(@id ,\"manageresources-display-component---newResourceUnit--RUTimeSegment-0-vhi\")])[1]"}
COMMAND: GET /session/38813ac31724e69450bb97a32539a866/element/f.145F15F56CD620DDA6DD983A1FFAAB72.d.A4898721B608860DADAFB289D5866283.e.9000/rect - {}
RESULT: {}
COMMAND: GET /session/38813ac31724e69450bb97a32539a866/window/rect - {}
RESULT: {}
COMMAND: POST /session/38813ac31724e69450bb97a32539a866/execute/sync - {"script":"<script> [92 bytes]","args":[]}
RESULT: {"script":"<script> [92 bytes]","args":[]}
COMMAND: POST /session/38813ac31724e69450bb97a32539a866/actions - {"actions":[{"id":"action24","type":"wheel","parameters":{},"actions":[{"type":"scroll","x":-869,"y":-24,"deltaX":0,"deltaY":0,"duration":0,"origin":{"element-6066-11e4-a52e-4f735466cecf":"f.145F15F56CD620DDA6DD983A1FFAAB72.d.A4898721B608860DADAFB289D5866283.e.9000"}}]}]}
COMMAND: GET /session/38813ac31724e69450bb97a32539a866/screenshot - {}
RESULT: {"actions":[{"id":"action24","type":"wheel","parameters":{},"actions":[{"type":"scroll","x":-869,"y":-24,"deltaX":0,"deltaY":0,"duration":0,"origin":{"element-6066-11e4-a52e-4f735466cecf":"f.145F15F56CD620DDA6DD983A1FFAAB72.d.A4898721B608860DADAFB289D5866283.e.9000"}}]}]}
COMMAND: DELETE /session/38813ac31724e69450bb97a32539a866/actions - {}
COMMAND: GET /session/38813ac31724e69450bb97a32539a866/screenshot - {}
RESULT: {}
RESULT: {}
COMMAND: GET /session/38813ac31724e69450bb97a32539a866/screenshot - {}
RESULT: {}
RESULT: {}
COMMAND: POST /session/38813ac31724e69450bb97a32539a866/element/f.145F15F56CD620DDA6DD983A1FFAAB72.d.A4898721B608860DADAFB289D5866283.e.9000/click - {}
RESULT: {}
COMMAND: GET /session/38813ac31724e69450bb97a32539a866/screenshot - {}
RESULT: {}
RESULT: undefined
COMMAND: POST /session/38813ac31724e69450bb97a32539a866/execute/async - {"script":"<script> [776 bytes]","args":[{"enterText":"4000360","selector":{"controlType":"sap.m.SearchField","properties":{"placeholder":"Search"},"searchOpenDialogs":true,"interaction":{"idSuffix":"I"}},"clearTextFirst":true,"interactionType":"ENTER_TEXT"}]}
RESULT: {"script":"<script> [776 bytes]","args":[{"enterText":"4000360","selector":{"controlType":"sap.m.SearchField","properties":{"placeholder":"Search"},"searchOpenDialogs":true,"interaction":{"idSuffix":"I"}},"clearTextFirst":true,"interactionType":"ENTER_TEXT"}]}
COMMAND: POST /session/38813ac31724e69450bb97a32539a866/actions - {"actions":[{"id":"action25","type":"key","parameters":{},"actions":[{"type":"keyDown","value":""},{"type":"pause","duration":10},{"type":"keyUp","value":""}]}]}
RESULT: {"actions":[{"id":"action25","type":"key","parameters":{},"actions":[{"type":"keyDown","value":""},{"type":"pause","duration":10},{"type":"keyUp","value":""}]}]}
COMMAND: GET /session/38813ac31724e69450bb97a32539a866/screenshot - {}
RESULT: {}
COMMAND: POST /session/38813ac31724e69450bb97a32539a866/element - {"using":"xpath","value":"//td/div/span[contains(text(), \"BGL Vehicles\")]"}
RESULT: {"using":"xpath","value":"//td/div/span[contains(text(), \"BGL Vehicles\")]"}
COMMAND: POST /session/38813ac31724e69450bb97a32539a866/element/f.145F15F56CD620DDA6DD983A1FFAAB72.d.A4898721B608860DADAFB289D5866283.e.9020/click - {}
RESULT: {}
COMMAND: GET /session/38813ac31724e69450bb97a32539a866/screenshot - {}
RESULT: {}
COMMAND: POST /session/38813ac31724e69450bb97a32539a866/element - {"using":"xpath","value":"//bdi[contains(text(), \"OK\")]"}
RESULT: {"using":"xpath","value":"//bdi[contains(text(), \"OK\")]"}
COMMAND: POST /session/38813ac31724e69450bb97a32539a866/element/f.145F15F56CD620DDA6DD983A1FFAAB72.d.A4898721B608860DADAFB289D5866283.e.9021/click - {}
RESULT: {}
COMMAND: GET /session/38813ac31724e69450bb97a32539a866/screenshot - {}
RESULT: {}
COMMAND: POST /session/38813ac31724e69450bb97a32539a866/execute/async - {"script":"<script> [1562 bytes]","args":[{"selector":{"id":"application-manageresources-display-component---newResourceUnit--newRRUPage-anchBar-application-manageresources-display-component---newResourceUnit--resource-anchor","interaction":{"idSuffix":"BDI-content"}},"wdio_ui5_key":"applicationmanageresources-display-component---newResourceUnit--newRRUPage-anchBar-application-manageresources-display-component---newResourceUnit--resource-anchor"}]}
RESULT: {"script":"<script> [1562 bytes]","args":[{"selector":{"id":"application-manageresources-display-component---newResourceUnit--newRRUPage-anchBar-application-manageresources-display-component---newResourceUnit--resource-anchor","interaction":{"idSuffix":"BDI-content"}},"wdio_ui5_key":"applicationmanageresources-display-component---newResourceUnit--newRRUPage-anchBar-application-manageresources-display-component---newResourceUnit--resource-anchor"}]}
RESULT: undefined
COMMAND: POST /session/38813ac31724e69450bb97a32539a866/element - {"using":"xpath","value":"//*[@id=\"application-manageresources-display-component---newResourceUnit--newRRUPage-anchBar-application-manageresources-display-component---newResourceUnit--resource-anchor\"]"}
RESULT: {"using":"xpath","value":"//*[@id=\"application-manageresources-display-component---newResourceUnit--newRRUPage-anchBar-application-manageresources-display-component---newResourceUnit--resource-anchor\"]"}
COMMAND: POST /session/38813ac31724e69450bb97a32539a866/element/f.145F15F56CD620DDA6DD983A1FFAAB72.d.A4898721B608860DADAFB289D5866283.e.9025/click - {}
RESULT: {}
COMMAND: POST /session/38813ac31724e69450bb97a32539a866/execute/async - {"script":"<script> [1562 bytes]","args":[{"selector":{"id":"application-manageresources-display-component---newResourceUnit--PLANNED_DELIVERY_DATE","interaction":{"idSuffix":"inner"}},"wdio_ui5_key":"applicationmanageresources-display-component---newResourceUnit--PLANNED_DELIVERY_DATE"}]}
COMMAND: GET /session/38813ac31724e69450bb97a32539a866/screenshot - {}
RESULT: {}
RESULT: {"script":"<script> [1562 bytes]","args":[{"selector":{"id":"application-manageresources-display-component---newResourceUnit--PLANNED_DELIVERY_DATE","interaction":{"idSuffix":"inner"}},"wdio_ui5_key":"applicationmanageresources-display-component---newResourceUnit--PLANNED_DELIVERY_DATE"}]}
RESULT: undefined
COMMAND: POST /session/38813ac31724e69450bb97a32539a866/execute/async - {"script":"<script> [6424 bytes]","args":[{"element-6066-11e4-a52e-4f735466cecf":"f.145F15F56CD620DDA6DD983A1FFAAB72.d.A4898721B608860DADAFB289D5866283.e.8854"},"setValue",["6/13/25"]]}
RESULT: {"script":"<script> [6424 bytes]","args":[{"element-6066-11e4-a52e-4f735466cecf":"f.145F15F56CD620DDA6DD983A1FFAAB72.d.A4898721B608860DADAFB289D5866283.e.8854"},"setValue",["6/13/25"]]}
COMMAND: POST /session/38813ac31724e69450bb97a32539a866/element - {"using":"xpath","value":"//label[contains(@class, 'sapMLabelRequired') and .//bdi[contains(text(), 'Planned Retirement')]]"}
RESULT: {"using":"xpath","value":"//label[contains(@class, 'sapMLabelRequired') and .//bdi[contains(text(), 'Planned Retirement')]]"}
COMMAND: POST /session/38813ac31724e69450bb97a32539a866/elements - {"using":"xpath","value":"//label[contains(@class, 'sapMLabelRequired') and .//bdi[contains(text(), 'Planned Retirement')]]"}
RESULT: {"using":"xpath","value":"//label[contains(@class, 'sapMLabelRequired') and .//bdi[contains(text(), 'Planned Retirement')]]"}
COMMAND: POST /session/38813ac31724e69450bb97a32539a866/element - {"using":"xpath","value":"//button[@data-kt=\"resourceUnitSaveButton\"]"}
RESULT: {"using":"xpath","value":"//button[@data-kt=\"resourceUnitSaveButton\"]"}
COMMAND: POST /session/38813ac31724e69450bb97a32539a866/element/f.145F15F56CD620DDA6DD983A1FFAAB72.d.A4898721B608860DADAFB289D5866283.e.8814/click - {}
RESULT: {}
COMMAND: GET /session/38813ac31724e69450bb97a32539a866/screenshot - {}
RESULT: {}
COMMAND: POST /session/38813ac31724e69450bb97a32539a866/element - {"using":"xpath","value":"//bdi[contains(text(), \"Close\")]"}
RESULT: {"using":"xpath","value":"//bdi[contains(text(), \"Close\")]"}
COMMAND: POST /session/38813ac31724e69450bb97a32539a866/element/f.145F15F56CD620DDA6DD983A1FFAAB72.d.A4898721B608860DADAFB289D5866283.e.9033/click - {}
RESULT: {}
COMMAND: GET /session/38813ac31724e69450bb97a32539a866/screenshot - {}
RESULT: {}
COMMAND: POST /session/38813ac31724e69450bb97a32539a866/element - {"using":"xpath","value":"(//button[contains(@id ,\"actionsToolbar-overflowButton\")])[1]"}
RESULT: {"using":"xpath","value":"(//button[contains(@id ,\"actionsToolbar-overflowButton\")])[1]"}
COMMAND: POST /session/38813ac31724e69450bb97a32539a866/element/f.145F15F56CD620DDA6DD983A1FFAAB72.d.A4898721B608860DADAFB289D5866283.e.9064/click - {}
RESULT: {}
COMMAND: GET /session/38813ac31724e69450bb97a32539a866/screenshot - {}
RESULT: {}
COMMAND: POST /session/38813ac31724e69450bb97a32539a866/element - {"using":"xpath","value":"//button[@data-kt=\"priceInfoButton\"]"}
RESULT: {"using":"xpath","value":"//button[@data-kt=\"priceInfoButton\"]"}
COMMAND: POST /session/38813ac31724e69450bb97a32539a866/element/f.145F15F56CD620DDA6DD983A1FFAAB72.d.A4898721B608860DADAFB289D5866283.e.9066/click - {}
RESULT: {}
COMMAND: GET /session/38813ac31724e69450bb97a32539a866/screenshot - {}
RESULT: {}
COMMAND: POST /session/38813ac31724e69450bb97a32539a866/element - {"using":"css selector","value":"#shell-header-logo"}
RESULT: {"using":"css selector","value":"#shell-header-logo"}
COMMAND: POST /session/38813ac31724e69450bb97a32539a866/element/f.145F15F56CD620DDA6DD983A1FFAAB72.d.A4898721B608860DADAFB289D5866283.e.8403/click - {}
RESULT: {}
COMMAND: GET /session/38813ac31724e69450bb97a32539a866/screenshot - {}
RESULT: {}
COMMAND: POST /session/38813ac31724e69450bb97a32539a866/execute/async - {"script":"<script> [1562 bytes]","args":[{"selector":{"controlType":"sap.m.GenericTile","properties":{"header":"Manage Handovers"}},"wdio_ui5_key":"sapm.GenericTile{\"header\":\"Manage Handovers\"}"}]}
RESULT: {"script":"<script> [1562 bytes]","args":[{"selector":{"controlType":"sap.m.GenericTile","properties":{"header":"Manage Handovers"}},"wdio_ui5_key":"sapm.GenericTile{\"header\":\"Manage Handovers\"}"}]}
RESULT: undefined
COMMAND: POST /session/38813ac31724e69450bb97a32539a866/elements - {"using":"xpath","value":"//span[text()='Error']"}
RESULT: {"using":"xpath","value":"//span[text()='Error']"}
COMMAND: POST /session/38813ac31724e69450bb97a32539a866/element - {"using":"xpath","value":"//button[@data-kt=\"masterHOAddButton\"]"}
RESULT: {"using":"xpath","value":"//button[@data-kt=\"masterHOAddButton\"]"}
COMMAND: POST /session/38813ac31724e69450bb97a32539a866/elements - {"using":"xpath","value":"//button[@data-kt=\"masterHOAddButton\"]"}
RESULT: {"using":"xpath","value":"//button[@data-kt=\"masterHOAddButton\"]"}
COMMAND: POST /session/38813ac31724e69450bb97a32539a866/elements - {"using":"xpath","value":"//button[@data-kt=\"masterHOAddButton\"]"}
RESULT: {"using":"xpath","value":"//button[@data-kt=\"masterHOAddButton\"]"}
COMMAND: POST /session/38813ac31724e69450bb97a32539a866/elements - {"using":"xpath","value":"//button[@data-kt=\"masterHOAddButton\"]"}
RESULT: {"using":"xpath","value":"//button[@data-kt=\"masterHOAddButton\"]"}
COMMAND: POST /session/38813ac31724e69450bb97a32539a866/elements - {"using":"xpath","value":"//button[@data-kt=\"masterHOAddButton\"]"}
RESULT: {"using":"xpath","value":"//button[@data-kt=\"masterHOAddButton\"]"}
COMMAND: POST /session/38813ac31724e69450bb97a32539a866/elements - {"using":"xpath","value":"//button[@data-kt=\"masterHOAddButton\"]"}
RESULT: {"using":"xpath","value":"//button[@data-kt=\"masterHOAddButton\"]"}
COMMAND: POST /session/38813ac31724e69450bb97a32539a866/elements - {"using":"xpath","value":"//button[@data-kt=\"masterHOAddButton\"]"}
RESULT: {"using":"xpath","value":"//button[@data-kt=\"masterHOAddButton\"]"}
COMMAND: POST /session/38813ac31724e69450bb97a32539a866/elements - {"using":"xpath","value":"//button[@data-kt=\"masterHOAddButton\"]"}
RESULT: {"using":"xpath","value":"//button[@data-kt=\"masterHOAddButton\"]"}
COMMAND: POST /session/38813ac31724e69450bb97a32539a866/elements - {"using":"xpath","value":"//button[@data-kt=\"masterHOAddButton\"]"}
RESULT: {"using":"xpath","value":"//button[@data-kt=\"masterHOAddButton\"]"}
COMMAND: POST /session/38813ac31724e69450bb97a32539a866/elements - {"using":"xpath","value":"//button[@data-kt=\"masterHOAddButton\"]"}
RESULT: {"using":"xpath","value":"//button[@data-kt=\"masterHOAddButton\"]"}
COMMAND: POST /session/38813ac31724e69450bb97a32539a866/elements - {"using":"xpath","value":"//button[@data-kt=\"masterHOAddButton\"]"}
RESULT: {"using":"xpath","value":"//button[@data-kt=\"masterHOAddButton\"]"}
COMMAND: POST /session/38813ac31724e69450bb97a32539a866/elements - {"using":"xpath","value":"//button[@data-kt=\"masterHOAddButton\"]"}
RESULT: {"using":"xpath","value":"//button[@data-kt=\"masterHOAddButton\"]"}
COMMAND: POST /session/38813ac31724e69450bb97a32539a866/elements - {"using":"xpath","value":"//button[@data-kt=\"masterHOAddButton\"]"}
RESULT: {"using":"xpath","value":"//button[@data-kt=\"masterHOAddButton\"]"}
COMMAND: POST /session/38813ac31724e69450bb97a32539a866/elements - {"using":"xpath","value":"//button[@data-kt=\"masterHOAddButton\"]"}
RESULT: {"using":"xpath","value":"//button[@data-kt=\"masterHOAddButton\"]"}
COMMAND: POST /session/38813ac31724e69450bb97a32539a866/elements - {"using":"xpath","value":"//button[@data-kt=\"masterHOAddButton\"]"}
RESULT: {"using":"xpath","value":"//button[@data-kt=\"masterHOAddButton\"]"}
COMMAND: POST /session/38813ac31724e69450bb97a32539a866/elements - {"using":"xpath","value":"//button[@data-kt=\"masterHOAddButton\"]"}
RESULT: {"using":"xpath","value":"//button[@data-kt=\"masterHOAddButton\"]"}
COMMAND: POST /session/38813ac31724e69450bb97a32539a866/elements - {"using":"xpath","value":"//button[@data-kt=\"masterHOAddButton\"]"}
RESULT: {"using":"xpath","value":"//button[@data-kt=\"masterHOAddButton\"]"}
COMMAND: POST /session/38813ac31724e69450bb97a32539a866/elements - {"using":"xpath","value":"//button[@data-kt=\"masterHOAddButton\"]"}
RESULT: {"using":"xpath","value":"//button[@data-kt=\"masterHOAddButton\"]"}
COMMAND: POST /session/38813ac31724e69450bb97a32539a866/elements - {"using":"xpath","value":"//button[@data-kt=\"masterHOAddButton\"]"}
RESULT: {"using":"xpath","value":"//button[@data-kt=\"masterHOAddButton\"]"}
COMMAND: POST /session/38813ac31724e69450bb97a32539a866/elements - {"using":"xpath","value":"//button[@data-kt=\"masterHOAddButton\"]"}
RESULT: {"using":"xpath","value":"//button[@data-kt=\"masterHOAddButton\"]"}
COMMAND: POST /session/38813ac31724e69450bb97a32539a866/elements - {"using":"xpath","value":"//button[@data-kt=\"masterHOAddButton\"]"}
RESULT: {"using":"xpath","value":"//button[@data-kt=\"masterHOAddButton\"]"}
COMMAND: POST /session/38813ac31724e69450bb97a32539a866/elements - {"using":"xpath","value":"//button[@data-kt=\"masterHOAddButton\"]"}
RESULT: {"using":"xpath","value":"//button[@data-kt=\"masterHOAddButton\"]"}
COMMAND: POST /session/38813ac31724e69450bb97a32539a866/elements - {"using":"xpath","value":"//button[@data-kt=\"masterHOAddButton\"]"}
RESULT: {"using":"xpath","value":"//button[@data-kt=\"masterHOAddButton\"]"}
COMMAND: POST /session/38813ac31724e69450bb97a32539a866/elements - {"using":"xpath","value":"//button[@data-kt=\"masterHOAddButton\"]"}
RESULT: {"using":"xpath","value":"//button[@data-kt=\"masterHOAddButton\"]"}
COMMAND: POST /session/38813ac31724e69450bb97a32539a866/elements - {"using":"xpath","value":"//button[@data-kt=\"masterHOAddButton\"]"}
RESULT: {"using":"xpath","value":"//button[@data-kt=\"masterHOAddButton\"]"}
COMMAND: POST /session/38813ac31724e69450bb97a32539a866/elements - {"using":"xpath","value":"//button[@data-kt=\"masterHOAddButton\"]"}
RESULT: {"using":"xpath","value":"//button[@data-kt=\"masterHOAddButton\"]"}
COMMAND: POST /session/38813ac31724e69450bb97a32539a866/elements - {"using":"xpath","value":"//button[@data-kt=\"masterHOAddButton\"]"}
RESULT: {"using":"xpath","value":"//button[@data-kt=\"masterHOAddButton\"]"}
COMMAND: POST /session/38813ac31724e69450bb97a32539a866/elements - {"using":"xpath","value":"//button[@data-kt=\"masterHOAddButton\"]"}
RESULT: {"using":"xpath","value":"//button[@data-kt=\"masterHOAddButton\"]"}
COMMAND: POST /session/38813ac31724e69450bb97a32539a866/elements - {"using":"xpath","value":"//button[@data-kt=\"masterHOAddButton\"]"}
RESULT: {"using":"xpath","value":"//button[@data-kt=\"masterHOAddButton\"]"}
COMMAND: POST /session/38813ac31724e69450bb97a32539a866/elements - {"using":"xpath","value":"//button[@data-kt=\"masterHOAddButton\"]"}
RESULT: {"using":"xpath","value":"//button[@data-kt=\"masterHOAddButton\"]"}
COMMAND: POST /session/38813ac31724e69450bb97a32539a866/elements - {"using":"xpath","value":"//button[@data-kt=\"masterHOAddButton\"]"}
RESULT: {"using":"xpath","value":"//button[@data-kt=\"masterHOAddButton\"]"}
COMMAND: POST /session/38813ac31724e69450bb97a32539a866/elements - {"using":"xpath","value":"//button[@data-kt=\"masterHOAddButton\"]"}
RESULT: {"using":"xpath","value":"//button[@data-kt=\"masterHOAddButton\"]"}
COMMAND: POST /session/38813ac31724e69450bb97a32539a866/elements - {"using":"xpath","value":"//button[@data-kt=\"masterHOAddButton\"]"}
RESULT: {"using":"xpath","value":"//button[@data-kt=\"masterHOAddButton\"]"}
COMMAND: POST /session/38813ac31724e69450bb97a32539a866/elements - {"using":"xpath","value":"//button[@data-kt=\"masterHOAddButton\"]"}
RESULT: {"using":"xpath","value":"//button[@data-kt=\"masterHOAddButton\"]"}
COMMAND: POST /session/38813ac31724e69450bb97a32539a866/elements - {"using":"xpath","value":"//button[@data-kt=\"masterHOAddButton\"]"}
RESULT: {"using":"xpath","value":"//button[@data-kt=\"masterHOAddButton\"]"}
COMMAND: POST /session/38813ac31724e69450bb97a32539a866/elements - {"using":"xpath","value":"//button[@data-kt=\"masterHOAddButton\"]"}
RESULT: {"using":"xpath","value":"//button[@data-kt=\"masterHOAddButton\"]"}
COMMAND: POST /session/38813ac31724e69450bb97a32539a866/elements - {"using":"xpath","value":"//button[@data-kt=\"masterHOAddButton\"]"}
RESULT: {"using":"xpath","value":"//button[@data-kt=\"masterHOAddButton\"]"}
COMMAND: POST /session/38813ac31724e69450bb97a32539a866/elements - {"using":"xpath","value":"//button[@data-kt=\"masterHOAddButton\"]"}
RESULT: {"using":"xpath","value":"//button[@data-kt=\"masterHOAddButton\"]"}
COMMAND: POST /session/38813ac31724e69450bb97a32539a866/elements - {"using":"xpath","value":"//button[@data-kt=\"masterHOAddButton\"]"}
RESULT: {"using":"xpath","value":"//button[@data-kt=\"masterHOAddButton\"]"}
COMMAND: POST /session/38813ac31724e69450bb97a32539a866/elements - {"using":"xpath","value":"//button[@data-kt=\"masterHOAddButton\"]"}
RESULT: {"using":"xpath","value":"//button[@data-kt=\"masterHOAddButton\"]"}
COMMAND: POST /session/38813ac31724e69450bb97a32539a866/elements - {"using":"xpath","value":"//button[@data-kt=\"masterHOAddButton\"]"}
RESULT: {"using":"xpath","value":"//button[@data-kt=\"masterHOAddButton\"]"}
COMMAND: POST /session/38813ac31724e69450bb97a32539a866/elements - {"using":"xpath","value":"//button[@data-kt=\"masterHOAddButton\"]"}
RESULT: {"using":"xpath","value":"//button[@data-kt=\"masterHOAddButton\"]"}
COMMAND: POST /session/38813ac31724e69450bb97a32539a866/elements - {"using":"xpath","value":"//button[@data-kt=\"masterHOAddButton\"]"}
RESULT: {"using":"xpath","value":"//button[@data-kt=\"masterHOAddButton\"]"}
COMMAND: POST /session/38813ac31724e69450bb97a32539a866/elements - {"using":"xpath","value":"//button[@data-kt=\"masterHOAddButton\"]"}
RESULT: {"using":"xpath","value":"//button[@data-kt=\"masterHOAddButton\"]"}
COMMAND: POST /session/38813ac31724e69450bb97a32539a866/elements - {"using":"xpath","value":"//button[@data-kt=\"masterHOAddButton\"]"}
RESULT: {"using":"xpath","value":"//button[@data-kt=\"masterHOAddButton\"]"}
COMMAND: POST /session/38813ac31724e69450bb97a32539a866/elements - {"using":"xpath","value":"//button[@data-kt=\"masterHOAddButton\"]"}
RESULT: {"using":"xpath","value":"//button[@data-kt=\"masterHOAddButton\"]"}
COMMAND: POST /session/38813ac31724e69450bb97a32539a866/elements - {"using":"xpath","value":"//button[@data-kt=\"masterHOAddButton\"]"}
RESULT: {"using":"xpath","value":"//button[@data-kt=\"masterHOAddButton\"]"}
COMMAND: POST /session/38813ac31724e69450bb97a32539a866/elements - {"using":"xpath","value":"//button[@data-kt=\"masterHOAddButton\"]"}
RESULT: {"using":"xpath","value":"//button[@data-kt=\"masterHOAddButton\"]"}
COMMAND: POST /session/38813ac31724e69450bb97a32539a866/elements - {"using":"xpath","value":"//button[@data-kt=\"masterHOAddButton\"]"}
RESULT: {"using":"xpath","value":"//button[@data-kt=\"masterHOAddButton\"]"}
COMMAND: POST /session/38813ac31724e69450bb97a32539a866/elements - {"using":"xpath","value":"//button[@data-kt=\"masterHOAddButton\"]"}
RESULT: {"using":"xpath","value":"//button[@data-kt=\"masterHOAddButton\"]"}
COMMAND: POST /session/38813ac31724e69450bb97a32539a866/elements - {"using":"xpath","value":"//button[@data-kt=\"masterHOAddButton\"]"}
RESULT: {"using":"xpath","value":"//button[@data-kt=\"masterHOAddButton\"]"}
COMMAND: POST /session/38813ac31724e69450bb97a32539a866/elements - {"using":"xpath","value":"//button[@data-kt=\"masterHOAddButton\"]"}
RESULT: {"using":"xpath","value":"//button[@data-kt=\"masterHOAddButton\"]"}
COMMAND: POST /session/38813ac31724e69450bb97a32539a866/elements - {"using":"xpath","value":"//button[@data-kt=\"masterHOAddButton\"]"}
RESULT: {"using":"xpath","value":"//button[@data-kt=\"masterHOAddButton\"]"}
COMMAND: POST /session/38813ac31724e69450bb97a32539a866/elements - {"using":"xpath","value":"//button[@data-kt=\"masterHOAddButton\"]"}
RESULT: {"using":"xpath","value":"//button[@data-kt=\"masterHOAddButton\"]"}
COMMAND: POST /session/38813ac31724e69450bb97a32539a866/elements - {"using":"xpath","value":"//button[@data-kt=\"masterHOAddButton\"]"}
RESULT: {"using":"xpath","value":"//button[@data-kt=\"masterHOAddButton\"]"}
COMMAND: POST /session/38813ac31724e69450bb97a32539a866/elements - {"using":"xpath","value":"//button[@data-kt=\"masterHOAddButton\"]"}
RESULT: {"using":"xpath","value":"//button[@data-kt=\"masterHOAddButton\"]"}
COMMAND: POST /session/38813ac31724e69450bb97a32539a866/elements - {"using":"xpath","value":"//button[@data-kt=\"masterHOAddButton\"]"}
RESULT: {"using":"xpath","value":"//button[@data-kt=\"masterHOAddButton\"]"}
COMMAND: POST /session/38813ac31724e69450bb97a32539a866/elements - {"using":"xpath","value":"//button[@data-kt=\"masterHOAddButton\"]"}
RESULT: {"using":"xpath","value":"//button[@data-kt=\"masterHOAddButton\"]"}
COMMAND: POST /session/38813ac31724e69450bb97a32539a866/elements - {"using":"xpath","value":"//button[@data-kt=\"masterHOAddButton\"]"}
RESULT: {"using":"xpath","value":"//button[@data-kt=\"masterHOAddButton\"]"}
COMMAND: POST /session/38813ac31724e69450bb97a32539a866/elements - {"using":"xpath","value":"//button[@data-kt=\"masterHOAddButton\"]"}
RESULT: {"using":"xpath","value":"//button[@data-kt=\"masterHOAddButton\"]"}
COMMAND: POST /session/38813ac31724e69450bb97a32539a866/elements - {"using":"xpath","value":"//button[@data-kt=\"masterHOAddButton\"]"}
RESULT: {"using":"xpath","value":"//button[@data-kt=\"masterHOAddButton\"]"}
COMMAND: POST /session/38813ac31724e69450bb97a32539a866/elements - {"using":"xpath","value":"//button[@data-kt=\"masterHOAddButton\"]"}
RESULT: {"using":"xpath","value":"//button[@data-kt=\"masterHOAddButton\"]"}
COMMAND: POST /session/38813ac31724e69450bb97a32539a866/elements - {"using":"xpath","value":"//button[@data-kt=\"masterHOAddButton\"]"}
RESULT: {"using":"xpath","value":"//button[@data-kt=\"masterHOAddButton\"]"}
COMMAND: POST /session/38813ac31724e69450bb97a32539a866/elements - {"using":"xpath","value":"//button[@data-kt=\"masterHOAddButton\"]"}
RESULT: {"using":"xpath","value":"//button[@data-kt=\"masterHOAddButton\"]"}
COMMAND: POST /session/38813ac31724e69450bb97a32539a866/elements - {"using":"xpath","value":"//button[@data-kt=\"masterHOAddButton\"]"}
RESULT: {"using":"xpath","value":"//button[@data-kt=\"masterHOAddButton\"]"}
COMMAND: POST /session/38813ac31724e69450bb97a32539a866/elements - {"using":"xpath","value":"//button[@data-kt=\"masterHOAddButton\"]"}
RESULT: {"using":"xpath","value":"//button[@data-kt=\"masterHOAddButton\"]"}
COMMAND: POST /session/38813ac31724e69450bb97a32539a866/elements - {"using":"xpath","value":"//button[@data-kt=\"masterHOAddButton\"]"}
RESULT: {"using":"xpath","value":"//button[@data-kt=\"masterHOAddButton\"]"}
COMMAND: POST /session/38813ac31724e69450bb97a32539a866/elements - {"using":"xpath","value":"//button[@data-kt=\"masterHOAddButton\"]"}
RESULT: {"using":"xpath","value":"//button[@data-kt=\"masterHOAddButton\"]"}
COMMAND: POST /session/38813ac31724e69450bb97a32539a866/elements - {"using":"xpath","value":"//button[@data-kt=\"masterHOAddButton\"]"}
RESULT: {"using":"xpath","value":"//button[@data-kt=\"masterHOAddButton\"]"}
COMMAND: POST /session/38813ac31724e69450bb97a32539a866/elements - {"using":"xpath","value":"//button[@data-kt=\"masterHOAddButton\"]"}
RESULT: {"using":"xpath","value":"//button[@data-kt=\"masterHOAddButton\"]"}
COMMAND: POST /session/38813ac31724e69450bb97a32539a866/elements - {"using":"xpath","value":"//button[@data-kt=\"masterHOAddButton\"]"}
RESULT: {"using":"xpath","value":"//button[@data-kt=\"masterHOAddButton\"]"}
COMMAND: POST /session/38813ac31724e69450bb97a32539a866/elements - {"using":"xpath","value":"//button[@data-kt=\"masterHOAddButton\"]"}
RESULT: {"using":"xpath","value":"//button[@data-kt=\"masterHOAddButton\"]"}
COMMAND: POST /session/38813ac31724e69450bb97a32539a866/elements - {"using":"xpath","value":"//button[@data-kt=\"masterHOAddButton\"]"}
RESULT: {"using":"xpath","value":"//button[@data-kt=\"masterHOAddButton\"]"}
COMMAND: POST /session/38813ac31724e69450bb97a32539a866/elements - {"using":"xpath","value":"//button[@data-kt=\"masterHOAddButton\"]"}
RESULT: {"using":"xpath","value":"//button[@data-kt=\"masterHOAddButton\"]"}
COMMAND: POST /session/38813ac31724e69450bb97a32539a866/elements - {"using":"xpath","value":"//button[@data-kt=\"masterHOAddButton\"]"}
RESULT: {"using":"xpath","value":"//button[@data-kt=\"masterHOAddButton\"]"}
COMMAND: POST /session/38813ac31724e69450bb97a32539a866/elements - {"using":"xpath","value":"//button[@data-kt=\"masterHOAddButton\"]"}
RESULT: {"using":"xpath","value":"//button[@data-kt=\"masterHOAddButton\"]"}
COMMAND: POST /session/38813ac31724e69450bb97a32539a866/elements - {"using":"xpath","value":"//button[@data-kt=\"masterHOAddButton\"]"}
RESULT: {"using":"xpath","value":"//button[@data-kt=\"masterHOAddButton\"]"}
COMMAND: POST /session/38813ac31724e69450bb97a32539a866/elements - {"using":"xpath","value":"//button[@data-kt=\"masterHOAddButton\"]"}
RESULT: {"using":"xpath","value":"//button[@data-kt=\"masterHOAddButton\"]"}
COMMAND: POST /session/38813ac31724e69450bb97a32539a866/elements - {"using":"xpath","value":"//button[@data-kt=\"masterHOAddButton\"]"}
RESULT: {"using":"xpath","value":"//button[@data-kt=\"masterHOAddButton\"]"}
COMMAND: POST /session/38813ac31724e69450bb97a32539a866/elements - {"using":"xpath","value":"//button[@data-kt=\"masterHOAddButton\"]"}
RESULT: {"using":"xpath","value":"//button[@data-kt=\"masterHOAddButton\"]"}
COMMAND: POST /session/38813ac31724e69450bb97a32539a866/elements - {"using":"xpath","value":"//button[@data-kt=\"masterHOAddButton\"]"}
RESULT: {"using":"xpath","value":"//button[@data-kt=\"masterHOAddButton\"]"}
COMMAND: POST /session/38813ac31724e69450bb97a32539a866/elements - {"using":"xpath","value":"//button[@data-kt=\"masterHOAddButton\"]"}
RESULT: {"using":"xpath","value":"//button[@data-kt=\"masterHOAddButton\"]"}
COMMAND: POST /session/38813ac31724e69450bb97a32539a866/elements - {"using":"xpath","value":"//button[@data-kt=\"masterHOAddButton\"]"}
RESULT: {"using":"xpath","value":"//button[@data-kt=\"masterHOAddButton\"]"}
COMMAND: POST /session/38813ac31724e69450bb97a32539a866/elements - {"using":"xpath","value":"//button[@data-kt=\"masterHOAddButton\"]"}
RESULT: {"using":"xpath","value":"//button[@data-kt=\"masterHOAddButton\"]"}
COMMAND: POST /session/38813ac31724e69450bb97a32539a866/elements - {"using":"xpath","value":"//button[@data-kt=\"masterHOAddButton\"]"}
RESULT: {"using":"xpath","value":"//button[@data-kt=\"masterHOAddButton\"]"}
COMMAND: POST /session/38813ac31724e69450bb97a32539a866/elements - {"using":"xpath","value":"//button[@data-kt=\"masterHOAddButton\"]"}
RESULT: {"using":"xpath","value":"//button[@data-kt=\"masterHOAddButton\"]"}
COMMAND: POST /session/38813ac31724e69450bb97a32539a866/elements - {"using":"xpath","value":"//button[@data-kt=\"masterHOAddButton\"]"}
RESULT: {"using":"xpath","value":"//button[@data-kt=\"masterHOAddButton\"]"}
COMMAND: POST /session/38813ac31724e69450bb97a32539a866/elements - {"using":"xpath","value":"//button[@data-kt=\"masterHOAddButton\"]"}
RESULT: {"using":"xpath","value":"//button[@data-kt=\"masterHOAddButton\"]"}
COMMAND: POST /session/38813ac31724e69450bb97a32539a866/elements - {"using":"xpath","value":"//button[@data-kt=\"masterHOAddButton\"]"}
RESULT: {"using":"xpath","value":"//button[@data-kt=\"masterHOAddButton\"]"}
COMMAND: POST /session/38813ac31724e69450bb97a32539a866/elements - {"using":"xpath","value":"//button[@data-kt=\"masterHOAddButton\"]"}
RESULT: {"using":"xpath","value":"//button[@data-kt=\"masterHOAddButton\"]"}
COMMAND: POST /session/38813ac31724e69450bb97a32539a866/elements - {"using":"xpath","value":"//button[@data-kt=\"masterHOAddButton\"]"}
RESULT: {"using":"xpath","value":"//button[@data-kt=\"masterHOAddButton\"]"}
COMMAND: POST /session/38813ac31724e69450bb97a32539a866/elements - {"using":"xpath","value":"//button[@data-kt=\"masterHOAddButton\"]"}
COMMAND: GET /session/38813ac31724e69450bb97a32539a866/screenshot - {}
RESULT: {"using":"xpath","value":"//button[@data-kt=\"masterHOAddButton\"]"}
RESULT: {}
]]></system-out>
      <system-err><![CDATA[
Error: element ("//button[@data-kt="masterHOAddButton"]") still not existing after 45000ms
    at async UtilsPrerequisites.stockIncrease (D:\a\1\s\test\specs\BTS\prerequisites-and-utils-functions.js:1606:9)
    at async Context.<anonymous> (D:\a\1\s\test\specs\HTR\manage-states-perf.spec.js:52:9)
]]></system-err>
    </testcase>
    <testcase classname="chrome.137_0_7151_69.windows.Manage_States_&amp;_Performance_Tests_US151247_US151423_US151467" name="Step 1 Try to save empty state change US151247" time="56.686">
      <failure/>
      <error message="element (&quot;//button[@data-kt=&quot;massStateChangeRusSectionButton&quot;]&quot;) still not existing after 45000ms"/>
      <system-out><![CDATA[
COMMAND: POST /session/38813ac31724e69450bb97a32539a866/execute/async - {"script":"<script> [1562 bytes]","args":[{"selector":{"controlType":"sap.m.GenericTile","properties":{"header":"Manage States & Performance"}},"wdio_ui5_key":"sapm.GenericTile{\"header\":\"Manage States & Performance\"}"}]}
COMMAND: GET /session/38813ac31724e69450bb97a32539a866/screenshot - {}
RESULT: {"script":"<script> [1562 bytes]","args":[{"selector":{"controlType":"sap.m.GenericTile","properties":{"header":"Manage States & Performance"}},"wdio_ui5_key":"sapm.GenericTile{\"header\":\"Manage States & Performance\"}"}]}
RESULT: undefined
RESULT: {}
COMMAND: POST /session/38813ac31724e69450bb97a32539a866/elements - {"using":"xpath","value":"//span[text()='Error']"}
RESULT: {"using":"xpath","value":"//span[text()='Error']"}
COMMAND: POST /session/38813ac31724e69450bb97a32539a866/element - {"using":"xpath","value":"//button[@data-kt=\"massStateChangeRusSectionButton\"]"}
RESULT: {"using":"xpath","value":"//button[@data-kt=\"massStateChangeRusSectionButton\"]"}
COMMAND: POST /session/38813ac31724e69450bb97a32539a866/elements - {"using":"xpath","value":"//button[@data-kt=\"massStateChangeRusSectionButton\"]"}
RESULT: {"using":"xpath","value":"//button[@data-kt=\"massStateChangeRusSectionButton\"]"}
COMMAND: POST /session/38813ac31724e69450bb97a32539a866/elements - {"using":"xpath","value":"//button[@data-kt=\"massStateChangeRusSectionButton\"]"}
RESULT: {"using":"xpath","value":"//button[@data-kt=\"massStateChangeRusSectionButton\"]"}
COMMAND: POST /session/38813ac31724e69450bb97a32539a866/elements - {"using":"xpath","value":"//button[@data-kt=\"massStateChangeRusSectionButton\"]"}
RESULT: {"using":"xpath","value":"//button[@data-kt=\"massStateChangeRusSectionButton\"]"}
COMMAND: POST /session/38813ac31724e69450bb97a32539a866/elements - {"using":"xpath","value":"//button[@data-kt=\"massStateChangeRusSectionButton\"]"}
RESULT: {"using":"xpath","value":"//button[@data-kt=\"massStateChangeRusSectionButton\"]"}
COMMAND: POST /session/38813ac31724e69450bb97a32539a866/elements - {"using":"xpath","value":"//button[@data-kt=\"massStateChangeRusSectionButton\"]"}
RESULT: {"using":"xpath","value":"//button[@data-kt=\"massStateChangeRusSectionButton\"]"}
COMMAND: POST /session/38813ac31724e69450bb97a32539a866/elements - {"using":"xpath","value":"//button[@data-kt=\"massStateChangeRusSectionButton\"]"}
RESULT: {"using":"xpath","value":"//button[@data-kt=\"massStateChangeRusSectionButton\"]"}
COMMAND: POST /session/38813ac31724e69450bb97a32539a866/elements - {"using":"xpath","value":"//button[@data-kt=\"massStateChangeRusSectionButton\"]"}
RESULT: {"using":"xpath","value":"//button[@data-kt=\"massStateChangeRusSectionButton\"]"}
COMMAND: POST /session/38813ac31724e69450bb97a32539a866/elements - {"using":"xpath","value":"//button[@data-kt=\"massStateChangeRusSectionButton\"]"}
RESULT: {"using":"xpath","value":"//button[@data-kt=\"massStateChangeRusSectionButton\"]"}
COMMAND: POST /session/38813ac31724e69450bb97a32539a866/elements - {"using":"xpath","value":"//button[@data-kt=\"massStateChangeRusSectionButton\"]"}
RESULT: {"using":"xpath","value":"//button[@data-kt=\"massStateChangeRusSectionButton\"]"}
COMMAND: POST /session/38813ac31724e69450bb97a32539a866/elements - {"using":"xpath","value":"//button[@data-kt=\"massStateChangeRusSectionButton\"]"}
RESULT: {"using":"xpath","value":"//button[@data-kt=\"massStateChangeRusSectionButton\"]"}
COMMAND: POST /session/38813ac31724e69450bb97a32539a866/elements - {"using":"xpath","value":"//button[@data-kt=\"massStateChangeRusSectionButton\"]"}
RESULT: {"using":"xpath","value":"//button[@data-kt=\"massStateChangeRusSectionButton\"]"}
COMMAND: POST /session/38813ac31724e69450bb97a32539a866/elements - {"using":"xpath","value":"//button[@data-kt=\"massStateChangeRusSectionButton\"]"}
RESULT: {"using":"xpath","value":"//button[@data-kt=\"massStateChangeRusSectionButton\"]"}
COMMAND: POST /session/38813ac31724e69450bb97a32539a866/elements - {"using":"xpath","value":"//button[@data-kt=\"massStateChangeRusSectionButton\"]"}
RESULT: {"using":"xpath","value":"//button[@data-kt=\"massStateChangeRusSectionButton\"]"}
COMMAND: POST /session/38813ac31724e69450bb97a32539a866/elements - {"using":"xpath","value":"//button[@data-kt=\"massStateChangeRusSectionButton\"]"}
RESULT: {"using":"xpath","value":"//button[@data-kt=\"massStateChangeRusSectionButton\"]"}
COMMAND: POST /session/38813ac31724e69450bb97a32539a866/elements - {"using":"xpath","value":"//button[@data-kt=\"massStateChangeRusSectionButton\"]"}
RESULT: {"using":"xpath","value":"//button[@data-kt=\"massStateChangeRusSectionButton\"]"}
COMMAND: POST /session/38813ac31724e69450bb97a32539a866/elements - {"using":"xpath","value":"//button[@data-kt=\"massStateChangeRusSectionButton\"]"}
RESULT: {"using":"xpath","value":"//button[@data-kt=\"massStateChangeRusSectionButton\"]"}
COMMAND: POST /session/38813ac31724e69450bb97a32539a866/elements - {"using":"xpath","value":"//button[@data-kt=\"massStateChangeRusSectionButton\"]"}
RESULT: {"using":"xpath","value":"//button[@data-kt=\"massStateChangeRusSectionButton\"]"}
COMMAND: POST /session/38813ac31724e69450bb97a32539a866/elements - {"using":"xpath","value":"//button[@data-kt=\"massStateChangeRusSectionButton\"]"}
RESULT: {"using":"xpath","value":"//button[@data-kt=\"massStateChangeRusSectionButton\"]"}
COMMAND: POST /session/38813ac31724e69450bb97a32539a866/elements - {"using":"xpath","value":"//button[@data-kt=\"massStateChangeRusSectionButton\"]"}
RESULT: {"using":"xpath","value":"//button[@data-kt=\"massStateChangeRusSectionButton\"]"}
COMMAND: POST /session/38813ac31724e69450bb97a32539a866/elements - {"using":"xpath","value":"//button[@data-kt=\"massStateChangeRusSectionButton\"]"}
RESULT: {"using":"xpath","value":"//button[@data-kt=\"massStateChangeRusSectionButton\"]"}
COMMAND: POST /session/38813ac31724e69450bb97a32539a866/elements - {"using":"xpath","value":"//button[@data-kt=\"massStateChangeRusSectionButton\"]"}
RESULT: {"using":"xpath","value":"//button[@data-kt=\"massStateChangeRusSectionButton\"]"}
COMMAND: POST /session/38813ac31724e69450bb97a32539a866/elements - {"using":"xpath","value":"//button[@data-kt=\"massStateChangeRusSectionButton\"]"}
RESULT: {"using":"xpath","value":"//button[@data-kt=\"massStateChangeRusSectionButton\"]"}
COMMAND: POST /session/38813ac31724e69450bb97a32539a866/elements - {"using":"xpath","value":"//button[@data-kt=\"massStateChangeRusSectionButton\"]"}
RESULT: {"using":"xpath","value":"//button[@data-kt=\"massStateChangeRusSectionButton\"]"}
COMMAND: POST /session/38813ac31724e69450bb97a32539a866/elements - {"using":"xpath","value":"//button[@data-kt=\"massStateChangeRusSectionButton\"]"}
RESULT: {"using":"xpath","value":"//button[@data-kt=\"massStateChangeRusSectionButton\"]"}
COMMAND: POST /session/38813ac31724e69450bb97a32539a866/elements - {"using":"xpath","value":"//button[@data-kt=\"massStateChangeRusSectionButton\"]"}
RESULT: {"using":"xpath","value":"//button[@data-kt=\"massStateChangeRusSectionButton\"]"}
COMMAND: POST /session/38813ac31724e69450bb97a32539a866/elements - {"using":"xpath","value":"//button[@data-kt=\"massStateChangeRusSectionButton\"]"}
RESULT: {"using":"xpath","value":"//button[@data-kt=\"massStateChangeRusSectionButton\"]"}
COMMAND: POST /session/38813ac31724e69450bb97a32539a866/elements - {"using":"xpath","value":"//button[@data-kt=\"massStateChangeRusSectionButton\"]"}
RESULT: {"using":"xpath","value":"//button[@data-kt=\"massStateChangeRusSectionButton\"]"}
COMMAND: POST /session/38813ac31724e69450bb97a32539a866/elements - {"using":"xpath","value":"//button[@data-kt=\"massStateChangeRusSectionButton\"]"}
RESULT: {"using":"xpath","value":"//button[@data-kt=\"massStateChangeRusSectionButton\"]"}
COMMAND: POST /session/38813ac31724e69450bb97a32539a866/elements - {"using":"xpath","value":"//button[@data-kt=\"massStateChangeRusSectionButton\"]"}
RESULT: {"using":"xpath","value":"//button[@data-kt=\"massStateChangeRusSectionButton\"]"}
COMMAND: POST /session/38813ac31724e69450bb97a32539a866/elements - {"using":"xpath","value":"//button[@data-kt=\"massStateChangeRusSectionButton\"]"}
RESULT: {"using":"xpath","value":"//button[@data-kt=\"massStateChangeRusSectionButton\"]"}
COMMAND: POST /session/38813ac31724e69450bb97a32539a866/elements - {"using":"xpath","value":"//button[@data-kt=\"massStateChangeRusSectionButton\"]"}
RESULT: {"using":"xpath","value":"//button[@data-kt=\"massStateChangeRusSectionButton\"]"}
COMMAND: POST /session/38813ac31724e69450bb97a32539a866/elements - {"using":"xpath","value":"//button[@data-kt=\"massStateChangeRusSectionButton\"]"}
RESULT: {"using":"xpath","value":"//button[@data-kt=\"massStateChangeRusSectionButton\"]"}
COMMAND: POST /session/38813ac31724e69450bb97a32539a866/elements - {"using":"xpath","value":"//button[@data-kt=\"massStateChangeRusSectionButton\"]"}
RESULT: {"using":"xpath","value":"//button[@data-kt=\"massStateChangeRusSectionButton\"]"}
COMMAND: POST /session/38813ac31724e69450bb97a32539a866/elements - {"using":"xpath","value":"//button[@data-kt=\"massStateChangeRusSectionButton\"]"}
RESULT: {"using":"xpath","value":"//button[@data-kt=\"massStateChangeRusSectionButton\"]"}
COMMAND: POST /session/38813ac31724e69450bb97a32539a866/elements - {"using":"xpath","value":"//button[@data-kt=\"massStateChangeRusSectionButton\"]"}
RESULT: {"using":"xpath","value":"//button[@data-kt=\"massStateChangeRusSectionButton\"]"}
COMMAND: POST /session/38813ac31724e69450bb97a32539a866/elements - {"using":"xpath","value":"//button[@data-kt=\"massStateChangeRusSectionButton\"]"}
RESULT: {"using":"xpath","value":"//button[@data-kt=\"massStateChangeRusSectionButton\"]"}
COMMAND: POST /session/38813ac31724e69450bb97a32539a866/elements - {"using":"xpath","value":"//button[@data-kt=\"massStateChangeRusSectionButton\"]"}
RESULT: {"using":"xpath","value":"//button[@data-kt=\"massStateChangeRusSectionButton\"]"}
COMMAND: POST /session/38813ac31724e69450bb97a32539a866/elements - {"using":"xpath","value":"//button[@data-kt=\"massStateChangeRusSectionButton\"]"}
RESULT: {"using":"xpath","value":"//button[@data-kt=\"massStateChangeRusSectionButton\"]"}
COMMAND: POST /session/38813ac31724e69450bb97a32539a866/elements - {"using":"xpath","value":"//button[@data-kt=\"massStateChangeRusSectionButton\"]"}
RESULT: {"using":"xpath","value":"//button[@data-kt=\"massStateChangeRusSectionButton\"]"}
COMMAND: POST /session/38813ac31724e69450bb97a32539a866/elements - {"using":"xpath","value":"//button[@data-kt=\"massStateChangeRusSectionButton\"]"}
RESULT: {"using":"xpath","value":"//button[@data-kt=\"massStateChangeRusSectionButton\"]"}
COMMAND: POST /session/38813ac31724e69450bb97a32539a866/elements - {"using":"xpath","value":"//button[@data-kt=\"massStateChangeRusSectionButton\"]"}
RESULT: {"using":"xpath","value":"//button[@data-kt=\"massStateChangeRusSectionButton\"]"}
COMMAND: POST /session/38813ac31724e69450bb97a32539a866/elements - {"using":"xpath","value":"//button[@data-kt=\"massStateChangeRusSectionButton\"]"}
RESULT: {"using":"xpath","value":"//button[@data-kt=\"massStateChangeRusSectionButton\"]"}
COMMAND: POST /session/38813ac31724e69450bb97a32539a866/elements - {"using":"xpath","value":"//button[@data-kt=\"massStateChangeRusSectionButton\"]"}
RESULT: {"using":"xpath","value":"//button[@data-kt=\"massStateChangeRusSectionButton\"]"}
COMMAND: POST /session/38813ac31724e69450bb97a32539a866/elements - {"using":"xpath","value":"//button[@data-kt=\"massStateChangeRusSectionButton\"]"}
RESULT: {"using":"xpath","value":"//button[@data-kt=\"massStateChangeRusSectionButton\"]"}
COMMAND: POST /session/38813ac31724e69450bb97a32539a866/elements - {"using":"xpath","value":"//button[@data-kt=\"massStateChangeRusSectionButton\"]"}
RESULT: {"using":"xpath","value":"//button[@data-kt=\"massStateChangeRusSectionButton\"]"}
COMMAND: POST /session/38813ac31724e69450bb97a32539a866/elements - {"using":"xpath","value":"//button[@data-kt=\"massStateChangeRusSectionButton\"]"}
RESULT: {"using":"xpath","value":"//button[@data-kt=\"massStateChangeRusSectionButton\"]"}
COMMAND: POST /session/38813ac31724e69450bb97a32539a866/elements - {"using":"xpath","value":"//button[@data-kt=\"massStateChangeRusSectionButton\"]"}
RESULT: {"using":"xpath","value":"//button[@data-kt=\"massStateChangeRusSectionButton\"]"}
COMMAND: POST /session/38813ac31724e69450bb97a32539a866/elements - {"using":"xpath","value":"//button[@data-kt=\"massStateChangeRusSectionButton\"]"}
RESULT: {"using":"xpath","value":"//button[@data-kt=\"massStateChangeRusSectionButton\"]"}
COMMAND: POST /session/38813ac31724e69450bb97a32539a866/elements - {"using":"xpath","value":"//button[@data-kt=\"massStateChangeRusSectionButton\"]"}
RESULT: {"using":"xpath","value":"//button[@data-kt=\"massStateChangeRusSectionButton\"]"}
COMMAND: POST /session/38813ac31724e69450bb97a32539a866/elements - {"using":"xpath","value":"//button[@data-kt=\"massStateChangeRusSectionButton\"]"}
RESULT: {"using":"xpath","value":"//button[@data-kt=\"massStateChangeRusSectionButton\"]"}
COMMAND: POST /session/38813ac31724e69450bb97a32539a866/elements - {"using":"xpath","value":"//button[@data-kt=\"massStateChangeRusSectionButton\"]"}
RESULT: {"using":"xpath","value":"//button[@data-kt=\"massStateChangeRusSectionButton\"]"}
COMMAND: POST /session/38813ac31724e69450bb97a32539a866/elements - {"using":"xpath","value":"//button[@data-kt=\"massStateChangeRusSectionButton\"]"}
RESULT: {"using":"xpath","value":"//button[@data-kt=\"massStateChangeRusSectionButton\"]"}
COMMAND: POST /session/38813ac31724e69450bb97a32539a866/elements - {"using":"xpath","value":"//button[@data-kt=\"massStateChangeRusSectionButton\"]"}
RESULT: {"using":"xpath","value":"//button[@data-kt=\"massStateChangeRusSectionButton\"]"}
COMMAND: POST /session/38813ac31724e69450bb97a32539a866/elements - {"using":"xpath","value":"//button[@data-kt=\"massStateChangeRusSectionButton\"]"}
RESULT: {"using":"xpath","value":"//button[@data-kt=\"massStateChangeRusSectionButton\"]"}
COMMAND: POST /session/38813ac31724e69450bb97a32539a866/elements - {"using":"xpath","value":"//button[@data-kt=\"massStateChangeRusSectionButton\"]"}
RESULT: {"using":"xpath","value":"//button[@data-kt=\"massStateChangeRusSectionButton\"]"}
COMMAND: POST /session/38813ac31724e69450bb97a32539a866/elements - {"using":"xpath","value":"//button[@data-kt=\"massStateChangeRusSectionButton\"]"}
RESULT: {"using":"xpath","value":"//button[@data-kt=\"massStateChangeRusSectionButton\"]"}
COMMAND: POST /session/38813ac31724e69450bb97a32539a866/elements - {"using":"xpath","value":"//button[@data-kt=\"massStateChangeRusSectionButton\"]"}
RESULT: {"using":"xpath","value":"//button[@data-kt=\"massStateChangeRusSectionButton\"]"}
COMMAND: POST /session/38813ac31724e69450bb97a32539a866/elements - {"using":"xpath","value":"//button[@data-kt=\"massStateChangeRusSectionButton\"]"}
RESULT: {"using":"xpath","value":"//button[@data-kt=\"massStateChangeRusSectionButton\"]"}
COMMAND: POST /session/38813ac31724e69450bb97a32539a866/elements - {"using":"xpath","value":"//button[@data-kt=\"massStateChangeRusSectionButton\"]"}
RESULT: {"using":"xpath","value":"//button[@data-kt=\"massStateChangeRusSectionButton\"]"}
COMMAND: POST /session/38813ac31724e69450bb97a32539a866/elements - {"using":"xpath","value":"//button[@data-kt=\"massStateChangeRusSectionButton\"]"}
RESULT: {"using":"xpath","value":"//button[@data-kt=\"massStateChangeRusSectionButton\"]"}
COMMAND: POST /session/38813ac31724e69450bb97a32539a866/elements - {"using":"xpath","value":"//button[@data-kt=\"massStateChangeRusSectionButton\"]"}
RESULT: {"using":"xpath","value":"//button[@data-kt=\"massStateChangeRusSectionButton\"]"}
COMMAND: POST /session/38813ac31724e69450bb97a32539a866/elements - {"using":"xpath","value":"//button[@data-kt=\"massStateChangeRusSectionButton\"]"}
RESULT: {"using":"xpath","value":"//button[@data-kt=\"massStateChangeRusSectionButton\"]"}
COMMAND: POST /session/38813ac31724e69450bb97a32539a866/elements - {"using":"xpath","value":"//button[@data-kt=\"massStateChangeRusSectionButton\"]"}
RESULT: {"using":"xpath","value":"//button[@data-kt=\"massStateChangeRusSectionButton\"]"}
COMMAND: POST /session/38813ac31724e69450bb97a32539a866/elements - {"using":"xpath","value":"//button[@data-kt=\"massStateChangeRusSectionButton\"]"}
RESULT: {"using":"xpath","value":"//button[@data-kt=\"massStateChangeRusSectionButton\"]"}
COMMAND: POST /session/38813ac31724e69450bb97a32539a866/elements - {"using":"xpath","value":"//button[@data-kt=\"massStateChangeRusSectionButton\"]"}
RESULT: {"using":"xpath","value":"//button[@data-kt=\"massStateChangeRusSectionButton\"]"}
COMMAND: POST /session/38813ac31724e69450bb97a32539a866/elements - {"using":"xpath","value":"//button[@data-kt=\"massStateChangeRusSectionButton\"]"}
RESULT: {"using":"xpath","value":"//button[@data-kt=\"massStateChangeRusSectionButton\"]"}
COMMAND: POST /session/38813ac31724e69450bb97a32539a866/elements - {"using":"xpath","value":"//button[@data-kt=\"massStateChangeRusSectionButton\"]"}
RESULT: {"using":"xpath","value":"//button[@data-kt=\"massStateChangeRusSectionButton\"]"}
COMMAND: POST /session/38813ac31724e69450bb97a32539a866/elements - {"using":"xpath","value":"//button[@data-kt=\"massStateChangeRusSectionButton\"]"}
RESULT: {"using":"xpath","value":"//button[@data-kt=\"massStateChangeRusSectionButton\"]"}
COMMAND: POST /session/38813ac31724e69450bb97a32539a866/elements - {"using":"xpath","value":"//button[@data-kt=\"massStateChangeRusSectionButton\"]"}
RESULT: {"using":"xpath","value":"//button[@data-kt=\"massStateChangeRusSectionButton\"]"}
COMMAND: POST /session/38813ac31724e69450bb97a32539a866/elements - {"using":"xpath","value":"//button[@data-kt=\"massStateChangeRusSectionButton\"]"}
RESULT: {"using":"xpath","value":"//button[@data-kt=\"massStateChangeRusSectionButton\"]"}
COMMAND: POST /session/38813ac31724e69450bb97a32539a866/elements - {"using":"xpath","value":"//button[@data-kt=\"massStateChangeRusSectionButton\"]"}
RESULT: {"using":"xpath","value":"//button[@data-kt=\"massStateChangeRusSectionButton\"]"}
COMMAND: POST /session/38813ac31724e69450bb97a32539a866/elements - {"using":"xpath","value":"//button[@data-kt=\"massStateChangeRusSectionButton\"]"}
RESULT: {"using":"xpath","value":"//button[@data-kt=\"massStateChangeRusSectionButton\"]"}
COMMAND: POST /session/38813ac31724e69450bb97a32539a866/elements - {"using":"xpath","value":"//button[@data-kt=\"massStateChangeRusSectionButton\"]"}
RESULT: {"using":"xpath","value":"//button[@data-kt=\"massStateChangeRusSectionButton\"]"}
COMMAND: POST /session/38813ac31724e69450bb97a32539a866/elements - {"using":"xpath","value":"//button[@data-kt=\"massStateChangeRusSectionButton\"]"}
RESULT: {"using":"xpath","value":"//button[@data-kt=\"massStateChangeRusSectionButton\"]"}
COMMAND: POST /session/38813ac31724e69450bb97a32539a866/elements - {"using":"xpath","value":"//button[@data-kt=\"massStateChangeRusSectionButton\"]"}
RESULT: {"using":"xpath","value":"//button[@data-kt=\"massStateChangeRusSectionButton\"]"}
COMMAND: POST /session/38813ac31724e69450bb97a32539a866/elements - {"using":"xpath","value":"//button[@data-kt=\"massStateChangeRusSectionButton\"]"}
RESULT: {"using":"xpath","value":"//button[@data-kt=\"massStateChangeRusSectionButton\"]"}
COMMAND: POST /session/38813ac31724e69450bb97a32539a866/elements - {"using":"xpath","value":"//button[@data-kt=\"massStateChangeRusSectionButton\"]"}
RESULT: {"using":"xpath","value":"//button[@data-kt=\"massStateChangeRusSectionButton\"]"}
COMMAND: POST /session/38813ac31724e69450bb97a32539a866/elements - {"using":"xpath","value":"//button[@data-kt=\"massStateChangeRusSectionButton\"]"}
RESULT: {"using":"xpath","value":"//button[@data-kt=\"massStateChangeRusSectionButton\"]"}
COMMAND: POST /session/38813ac31724e69450bb97a32539a866/elements - {"using":"xpath","value":"//button[@data-kt=\"massStateChangeRusSectionButton\"]"}
RESULT: {"using":"xpath","value":"//button[@data-kt=\"massStateChangeRusSectionButton\"]"}
COMMAND: POST /session/38813ac31724e69450bb97a32539a866/elements - {"using":"xpath","value":"//button[@data-kt=\"massStateChangeRusSectionButton\"]"}
RESULT: {"using":"xpath","value":"//button[@data-kt=\"massStateChangeRusSectionButton\"]"}
COMMAND: POST /session/38813ac31724e69450bb97a32539a866/elements - {"using":"xpath","value":"//button[@data-kt=\"massStateChangeRusSectionButton\"]"}
RESULT: {"using":"xpath","value":"//button[@data-kt=\"massStateChangeRusSectionButton\"]"}
COMMAND: POST /session/38813ac31724e69450bb97a32539a866/elements - {"using":"xpath","value":"//button[@data-kt=\"massStateChangeRusSectionButton\"]"}
RESULT: {"using":"xpath","value":"//button[@data-kt=\"massStateChangeRusSectionButton\"]"}
COMMAND: POST /session/38813ac31724e69450bb97a32539a866/elements - {"using":"xpath","value":"//button[@data-kt=\"massStateChangeRusSectionButton\"]"}
RESULT: {"using":"xpath","value":"//button[@data-kt=\"massStateChangeRusSectionButton\"]"}
COMMAND: POST /session/38813ac31724e69450bb97a32539a866/elements - {"using":"xpath","value":"//button[@data-kt=\"massStateChangeRusSectionButton\"]"}
RESULT: {"using":"xpath","value":"//button[@data-kt=\"massStateChangeRusSectionButton\"]"}
COMMAND: POST /session/38813ac31724e69450bb97a32539a866/elements - {"using":"xpath","value":"//button[@data-kt=\"massStateChangeRusSectionButton\"]"}
RESULT: {"using":"xpath","value":"//button[@data-kt=\"massStateChangeRusSectionButton\"]"}
COMMAND: POST /session/38813ac31724e69450bb97a32539a866/elements - {"using":"xpath","value":"//button[@data-kt=\"massStateChangeRusSectionButton\"]"}
RESULT: {"using":"xpath","value":"//button[@data-kt=\"massStateChangeRusSectionButton\"]"}
COMMAND: POST /session/38813ac31724e69450bb97a32539a866/elements - {"using":"xpath","value":"//button[@data-kt=\"massStateChangeRusSectionButton\"]"}
RESULT: {"using":"xpath","value":"//button[@data-kt=\"massStateChangeRusSectionButton\"]"}
COMMAND: POST /session/38813ac31724e69450bb97a32539a866/elements - {"using":"xpath","value":"//button[@data-kt=\"massStateChangeRusSectionButton\"]"}
RESULT: {"using":"xpath","value":"//button[@data-kt=\"massStateChangeRusSectionButton\"]"}
COMMAND: POST /session/38813ac31724e69450bb97a32539a866/elements - {"using":"xpath","value":"//button[@data-kt=\"massStateChangeRusSectionButton\"]"}
RESULT: {"using":"xpath","value":"//button[@data-kt=\"massStateChangeRusSectionButton\"]"}
COMMAND: POST /session/38813ac31724e69450bb97a32539a866/elements - {"using":"xpath","value":"//button[@data-kt=\"massStateChangeRusSectionButton\"]"}
RESULT: {"using":"xpath","value":"//button[@data-kt=\"massStateChangeRusSectionButton\"]"}
COMMAND: POST /session/38813ac31724e69450bb97a32539a866/elements - {"using":"xpath","value":"//button[@data-kt=\"massStateChangeRusSectionButton\"]"}
COMMAND: GET /session/38813ac31724e69450bb97a32539a866/screenshot - {}
RESULT: {"using":"xpath","value":"//button[@data-kt=\"massStateChangeRusSectionButton\"]"}
RESULT: {}
]]></system-out>
      <system-err><![CDATA[
Error: element ("//button[@data-kt="massStateChangeRusSectionButton"]") still not existing after 45000ms
    at async Context.<anonymous> (D:\a\1\s\test\specs\HTR\manage-states-perf.spec.js:70:9)
]]></system-err>
    </testcase>
    <testcase classname="chrome.137_0_7151_69.windows.Manage_States_&amp;_Performance_Tests_US151247_US151423_US151467" name="Prereq Step 2 Create new equipment and add counter to it stock increase it" time="55.715">
      <failure/>
      <error message="element (&quot;//button[@data-kt=&quot;addNewRUOverflowToolbarButton&quot;]&quot;) still not existing after 45000ms"/>
      <system-out><![CDATA[
COMMAND: GET /session/38813ac31724e69450bb97a32539a866/screenshot - {}
RESULT: undefined
COMMAND: POST /session/38813ac31724e69450bb97a32539a866/element - {"using":"xpath","value":"//*[@id=\"__tile32\"]"}
RESULT: {}
RESULT: {"using":"xpath","value":"//*[@id=\"__tile32\"]"}
COMMAND: POST /session/38813ac31724e69450bb97a32539a866/element/f.145F15F56CD620DDA6DD983A1FFAAB72.d.A4898721B608860DADAFB289D5866283.e.5829/click - {}
COMMAND: POST /session/38813ac31724e69450bb97a32539a866/elements - {"using":"xpath","value":"//span[text()='Error']"}
RESULT: {"using":"xpath","value":"//span[text()='Error']"}
COMMAND: POST /session/38813ac31724e69450bb97a32539a866/element - {"using":"xpath","value":"//button[@data-kt=\"addNewRUOverflowToolbarButton\"]"}
RESULT: {"using":"xpath","value":"//button[@data-kt=\"addNewRUOverflowToolbarButton\"]"}
COMMAND: POST /session/38813ac31724e69450bb97a32539a866/elements - {"using":"xpath","value":"//button[@data-kt=\"addNewRUOverflowToolbarButton\"]"}
RESULT: {"using":"xpath","value":"//button[@data-kt=\"addNewRUOverflowToolbarButton\"]"}
COMMAND: POST /session/38813ac31724e69450bb97a32539a866/elements - {"using":"xpath","value":"//button[@data-kt=\"addNewRUOverflowToolbarButton\"]"}
RESULT: {"using":"xpath","value":"//button[@data-kt=\"addNewRUOverflowToolbarButton\"]"}
COMMAND: POST /session/38813ac31724e69450bb97a32539a866/elements - {"using":"xpath","value":"//button[@data-kt=\"addNewRUOverflowToolbarButton\"]"}
RESULT: {"using":"xpath","value":"//button[@data-kt=\"addNewRUOverflowToolbarButton\"]"}
COMMAND: POST /session/38813ac31724e69450bb97a32539a866/elements - {"using":"xpath","value":"//button[@data-kt=\"addNewRUOverflowToolbarButton\"]"}
RESULT: {"using":"xpath","value":"//button[@data-kt=\"addNewRUOverflowToolbarButton\"]"}
COMMAND: POST /session/38813ac31724e69450bb97a32539a866/elements - {"using":"xpath","value":"//button[@data-kt=\"addNewRUOverflowToolbarButton\"]"}
RESULT: {"using":"xpath","value":"//button[@data-kt=\"addNewRUOverflowToolbarButton\"]"}
COMMAND: POST /session/38813ac31724e69450bb97a32539a866/elements - {"using":"xpath","value":"//button[@data-kt=\"addNewRUOverflowToolbarButton\"]"}
RESULT: {"using":"xpath","value":"//button[@data-kt=\"addNewRUOverflowToolbarButton\"]"}
COMMAND: POST /session/38813ac31724e69450bb97a32539a866/elements - {"using":"xpath","value":"//button[@data-kt=\"addNewRUOverflowToolbarButton\"]"}
RESULT: {"using":"xpath","value":"//button[@data-kt=\"addNewRUOverflowToolbarButton\"]"}
COMMAND: POST /session/38813ac31724e69450bb97a32539a866/elements - {"using":"xpath","value":"//button[@data-kt=\"addNewRUOverflowToolbarButton\"]"}
RESULT: {"using":"xpath","value":"//button[@data-kt=\"addNewRUOverflowToolbarButton\"]"}
COMMAND: POST /session/38813ac31724e69450bb97a32539a866/elements - {"using":"xpath","value":"//button[@data-kt=\"addNewRUOverflowToolbarButton\"]"}
RESULT: {"using":"xpath","value":"//button[@data-kt=\"addNewRUOverflowToolbarButton\"]"}
COMMAND: POST /session/38813ac31724e69450bb97a32539a866/elements - {"using":"xpath","value":"//button[@data-kt=\"addNewRUOverflowToolbarButton\"]"}
RESULT: {"using":"xpath","value":"//button[@data-kt=\"addNewRUOverflowToolbarButton\"]"}
COMMAND: POST /session/38813ac31724e69450bb97a32539a866/elements - {"using":"xpath","value":"//button[@data-kt=\"addNewRUOverflowToolbarButton\"]"}
RESULT: {"using":"xpath","value":"//button[@data-kt=\"addNewRUOverflowToolbarButton\"]"}
COMMAND: POST /session/38813ac31724e69450bb97a32539a866/elements - {"using":"xpath","value":"//button[@data-kt=\"addNewRUOverflowToolbarButton\"]"}
RESULT: {"using":"xpath","value":"//button[@data-kt=\"addNewRUOverflowToolbarButton\"]"}
COMMAND: POST /session/38813ac31724e69450bb97a32539a866/elements - {"using":"xpath","value":"//button[@data-kt=\"addNewRUOverflowToolbarButton\"]"}
RESULT: {"using":"xpath","value":"//button[@data-kt=\"addNewRUOverflowToolbarButton\"]"}
COMMAND: POST /session/38813ac31724e69450bb97a32539a866/elements - {"using":"xpath","value":"//button[@data-kt=\"addNewRUOverflowToolbarButton\"]"}
RESULT: {"using":"xpath","value":"//button[@data-kt=\"addNewRUOverflowToolbarButton\"]"}
COMMAND: POST /session/38813ac31724e69450bb97a32539a866/elements - {"using":"xpath","value":"//button[@data-kt=\"addNewRUOverflowToolbarButton\"]"}
RESULT: {"using":"xpath","value":"//button[@data-kt=\"addNewRUOverflowToolbarButton\"]"}
COMMAND: POST /session/38813ac31724e69450bb97a32539a866/elements - {"using":"xpath","value":"//button[@data-kt=\"addNewRUOverflowToolbarButton\"]"}
RESULT: {"using":"xpath","value":"//button[@data-kt=\"addNewRUOverflowToolbarButton\"]"}
COMMAND: POST /session/38813ac31724e69450bb97a32539a866/elements - {"using":"xpath","value":"//button[@data-kt=\"addNewRUOverflowToolbarButton\"]"}
RESULT: {"using":"xpath","value":"//button[@data-kt=\"addNewRUOverflowToolbarButton\"]"}
COMMAND: POST /session/38813ac31724e69450bb97a32539a866/elements - {"using":"xpath","value":"//button[@data-kt=\"addNewRUOverflowToolbarButton\"]"}
RESULT: {"using":"xpath","value":"//button[@data-kt=\"addNewRUOverflowToolbarButton\"]"}
COMMAND: POST /session/38813ac31724e69450bb97a32539a866/elements - {"using":"xpath","value":"//button[@data-kt=\"addNewRUOverflowToolbarButton\"]"}
RESULT: {"using":"xpath","value":"//button[@data-kt=\"addNewRUOverflowToolbarButton\"]"}
COMMAND: POST /session/38813ac31724e69450bb97a32539a866/elements - {"using":"xpath","value":"//button[@data-kt=\"addNewRUOverflowToolbarButton\"]"}
RESULT: {"using":"xpath","value":"//button[@data-kt=\"addNewRUOverflowToolbarButton\"]"}
COMMAND: POST /session/38813ac31724e69450bb97a32539a866/elements - {"using":"xpath","value":"//button[@data-kt=\"addNewRUOverflowToolbarButton\"]"}
RESULT: {"using":"xpath","value":"//button[@data-kt=\"addNewRUOverflowToolbarButton\"]"}
COMMAND: POST /session/38813ac31724e69450bb97a32539a866/elements - {"using":"xpath","value":"//button[@data-kt=\"addNewRUOverflowToolbarButton\"]"}
RESULT: {"using":"xpath","value":"//button[@data-kt=\"addNewRUOverflowToolbarButton\"]"}
COMMAND: POST /session/38813ac31724e69450bb97a32539a866/elements - {"using":"xpath","value":"//button[@data-kt=\"addNewRUOverflowToolbarButton\"]"}
RESULT: {"using":"xpath","value":"//button[@data-kt=\"addNewRUOverflowToolbarButton\"]"}
COMMAND: POST /session/38813ac31724e69450bb97a32539a866/elements - {"using":"xpath","value":"//button[@data-kt=\"addNewRUOverflowToolbarButton\"]"}
RESULT: {"using":"xpath","value":"//button[@data-kt=\"addNewRUOverflowToolbarButton\"]"}
COMMAND: POST /session/38813ac31724e69450bb97a32539a866/elements - {"using":"xpath","value":"//button[@data-kt=\"addNewRUOverflowToolbarButton\"]"}
RESULT: {"using":"xpath","value":"//button[@data-kt=\"addNewRUOverflowToolbarButton\"]"}
COMMAND: POST /session/38813ac31724e69450bb97a32539a866/elements - {"using":"xpath","value":"//button[@data-kt=\"addNewRUOverflowToolbarButton\"]"}
RESULT: {"using":"xpath","value":"//button[@data-kt=\"addNewRUOverflowToolbarButton\"]"}
COMMAND: POST /session/38813ac31724e69450bb97a32539a866/elements - {"using":"xpath","value":"//button[@data-kt=\"addNewRUOverflowToolbarButton\"]"}
RESULT: {"using":"xpath","value":"//button[@data-kt=\"addNewRUOverflowToolbarButton\"]"}
COMMAND: POST /session/38813ac31724e69450bb97a32539a866/elements - {"using":"xpath","value":"//button[@data-kt=\"addNewRUOverflowToolbarButton\"]"}
RESULT: {"using":"xpath","value":"//button[@data-kt=\"addNewRUOverflowToolbarButton\"]"}
COMMAND: POST /session/38813ac31724e69450bb97a32539a866/elements - {"using":"xpath","value":"//button[@data-kt=\"addNewRUOverflowToolbarButton\"]"}
RESULT: {"using":"xpath","value":"//button[@data-kt=\"addNewRUOverflowToolbarButton\"]"}
COMMAND: POST /session/38813ac31724e69450bb97a32539a866/elements - {"using":"xpath","value":"//button[@data-kt=\"addNewRUOverflowToolbarButton\"]"}
RESULT: {"using":"xpath","value":"//button[@data-kt=\"addNewRUOverflowToolbarButton\"]"}
COMMAND: POST /session/38813ac31724e69450bb97a32539a866/elements - {"using":"xpath","value":"//button[@data-kt=\"addNewRUOverflowToolbarButton\"]"}
RESULT: {"using":"xpath","value":"//button[@data-kt=\"addNewRUOverflowToolbarButton\"]"}
COMMAND: POST /session/38813ac31724e69450bb97a32539a866/elements - {"using":"xpath","value":"//button[@data-kt=\"addNewRUOverflowToolbarButton\"]"}
RESULT: {"using":"xpath","value":"//button[@data-kt=\"addNewRUOverflowToolbarButton\"]"}
COMMAND: POST /session/38813ac31724e69450bb97a32539a866/elements - {"using":"xpath","value":"//button[@data-kt=\"addNewRUOverflowToolbarButton\"]"}
RESULT: {"using":"xpath","value":"//button[@data-kt=\"addNewRUOverflowToolbarButton\"]"}
COMMAND: POST /session/38813ac31724e69450bb97a32539a866/elements - {"using":"xpath","value":"//button[@data-kt=\"addNewRUOverflowToolbarButton\"]"}
RESULT: {"using":"xpath","value":"//button[@data-kt=\"addNewRUOverflowToolbarButton\"]"}
COMMAND: POST /session/38813ac31724e69450bb97a32539a866/elements - {"using":"xpath","value":"//button[@data-kt=\"addNewRUOverflowToolbarButton\"]"}
RESULT: {"using":"xpath","value":"//button[@data-kt=\"addNewRUOverflowToolbarButton\"]"}
COMMAND: POST /session/38813ac31724e69450bb97a32539a866/elements - {"using":"xpath","value":"//button[@data-kt=\"addNewRUOverflowToolbarButton\"]"}
RESULT: {"using":"xpath","value":"//button[@data-kt=\"addNewRUOverflowToolbarButton\"]"}
COMMAND: POST /session/38813ac31724e69450bb97a32539a866/elements - {"using":"xpath","value":"//button[@data-kt=\"addNewRUOverflowToolbarButton\"]"}
RESULT: {"using":"xpath","value":"//button[@data-kt=\"addNewRUOverflowToolbarButton\"]"}
COMMAND: POST /session/38813ac31724e69450bb97a32539a866/elements - {"using":"xpath","value":"//button[@data-kt=\"addNewRUOverflowToolbarButton\"]"}
RESULT: {"using":"xpath","value":"//button[@data-kt=\"addNewRUOverflowToolbarButton\"]"}
COMMAND: POST /session/38813ac31724e69450bb97a32539a866/elements - {"using":"xpath","value":"//button[@data-kt=\"addNewRUOverflowToolbarButton\"]"}
RESULT: {"using":"xpath","value":"//button[@data-kt=\"addNewRUOverflowToolbarButton\"]"}
COMMAND: POST /session/38813ac31724e69450bb97a32539a866/elements - {"using":"xpath","value":"//button[@data-kt=\"addNewRUOverflowToolbarButton\"]"}
RESULT: {"using":"xpath","value":"//button[@data-kt=\"addNewRUOverflowToolbarButton\"]"}
COMMAND: POST /session/38813ac31724e69450bb97a32539a866/elements - {"using":"xpath","value":"//button[@data-kt=\"addNewRUOverflowToolbarButton\"]"}
RESULT: {"using":"xpath","value":"//button[@data-kt=\"addNewRUOverflowToolbarButton\"]"}
COMMAND: POST /session/38813ac31724e69450bb97a32539a866/elements - {"using":"xpath","value":"//button[@data-kt=\"addNewRUOverflowToolbarButton\"]"}
RESULT: {"using":"xpath","value":"//button[@data-kt=\"addNewRUOverflowToolbarButton\"]"}
COMMAND: POST /session/38813ac31724e69450bb97a32539a866/elements - {"using":"xpath","value":"//button[@data-kt=\"addNewRUOverflowToolbarButton\"]"}
RESULT: {"using":"xpath","value":"//button[@data-kt=\"addNewRUOverflowToolbarButton\"]"}
COMMAND: POST /session/38813ac31724e69450bb97a32539a866/elements - {"using":"xpath","value":"//button[@data-kt=\"addNewRUOverflowToolbarButton\"]"}
RESULT: {"using":"xpath","value":"//button[@data-kt=\"addNewRUOverflowToolbarButton\"]"}
COMMAND: POST /session/38813ac31724e69450bb97a32539a866/elements - {"using":"xpath","value":"//button[@data-kt=\"addNewRUOverflowToolbarButton\"]"}
RESULT: {"using":"xpath","value":"//button[@data-kt=\"addNewRUOverflowToolbarButton\"]"}
COMMAND: POST /session/38813ac31724e69450bb97a32539a866/elements - {"using":"xpath","value":"//button[@data-kt=\"addNewRUOverflowToolbarButton\"]"}
RESULT: {"using":"xpath","value":"//button[@data-kt=\"addNewRUOverflowToolbarButton\"]"}
COMMAND: POST /session/38813ac31724e69450bb97a32539a866/elements - {"using":"xpath","value":"//button[@data-kt=\"addNewRUOverflowToolbarButton\"]"}
RESULT: {"using":"xpath","value":"//button[@data-kt=\"addNewRUOverflowToolbarButton\"]"}
COMMAND: POST /session/38813ac31724e69450bb97a32539a866/elements - {"using":"xpath","value":"//button[@data-kt=\"addNewRUOverflowToolbarButton\"]"}
RESULT: {"using":"xpath","value":"//button[@data-kt=\"addNewRUOverflowToolbarButton\"]"}
COMMAND: POST /session/38813ac31724e69450bb97a32539a866/elements - {"using":"xpath","value":"//button[@data-kt=\"addNewRUOverflowToolbarButton\"]"}
RESULT: {"using":"xpath","value":"//button[@data-kt=\"addNewRUOverflowToolbarButton\"]"}
COMMAND: POST /session/38813ac31724e69450bb97a32539a866/elements - {"using":"xpath","value":"//button[@data-kt=\"addNewRUOverflowToolbarButton\"]"}
RESULT: {"using":"xpath","value":"//button[@data-kt=\"addNewRUOverflowToolbarButton\"]"}
COMMAND: POST /session/38813ac31724e69450bb97a32539a866/elements - {"using":"xpath","value":"//button[@data-kt=\"addNewRUOverflowToolbarButton\"]"}
RESULT: {"using":"xpath","value":"//button[@data-kt=\"addNewRUOverflowToolbarButton\"]"}
COMMAND: POST /session/38813ac31724e69450bb97a32539a866/elements - {"using":"xpath","value":"//button[@data-kt=\"addNewRUOverflowToolbarButton\"]"}
RESULT: {"using":"xpath","value":"//button[@data-kt=\"addNewRUOverflowToolbarButton\"]"}
COMMAND: POST /session/38813ac31724e69450bb97a32539a866/elements - {"using":"xpath","value":"//button[@data-kt=\"addNewRUOverflowToolbarButton\"]"}
RESULT: {"using":"xpath","value":"//button[@data-kt=\"addNewRUOverflowToolbarButton\"]"}
COMMAND: POST /session/38813ac31724e69450bb97a32539a866/elements - {"using":"xpath","value":"//button[@data-kt=\"addNewRUOverflowToolbarButton\"]"}
RESULT: {"using":"xpath","value":"//button[@data-kt=\"addNewRUOverflowToolbarButton\"]"}
COMMAND: POST /session/38813ac31724e69450bb97a32539a866/elements - {"using":"xpath","value":"//button[@data-kt=\"addNewRUOverflowToolbarButton\"]"}
RESULT: {"using":"xpath","value":"//button[@data-kt=\"addNewRUOverflowToolbarButton\"]"}
COMMAND: POST /session/38813ac31724e69450bb97a32539a866/elements - {"using":"xpath","value":"//button[@data-kt=\"addNewRUOverflowToolbarButton\"]"}
RESULT: {"using":"xpath","value":"//button[@data-kt=\"addNewRUOverflowToolbarButton\"]"}
COMMAND: POST /session/38813ac31724e69450bb97a32539a866/elements - {"using":"xpath","value":"//button[@data-kt=\"addNewRUOverflowToolbarButton\"]"}
RESULT: {"using":"xpath","value":"//button[@data-kt=\"addNewRUOverflowToolbarButton\"]"}
COMMAND: POST /session/38813ac31724e69450bb97a32539a866/elements - {"using":"xpath","value":"//button[@data-kt=\"addNewRUOverflowToolbarButton\"]"}
RESULT: {"using":"xpath","value":"//button[@data-kt=\"addNewRUOverflowToolbarButton\"]"}
COMMAND: POST /session/38813ac31724e69450bb97a32539a866/elements - {"using":"xpath","value":"//button[@data-kt=\"addNewRUOverflowToolbarButton\"]"}
RESULT: {"using":"xpath","value":"//button[@data-kt=\"addNewRUOverflowToolbarButton\"]"}
COMMAND: POST /session/38813ac31724e69450bb97a32539a866/elements - {"using":"xpath","value":"//button[@data-kt=\"addNewRUOverflowToolbarButton\"]"}
RESULT: {"using":"xpath","value":"//button[@data-kt=\"addNewRUOverflowToolbarButton\"]"}
COMMAND: POST /session/38813ac31724e69450bb97a32539a866/elements - {"using":"xpath","value":"//button[@data-kt=\"addNewRUOverflowToolbarButton\"]"}
RESULT: {"using":"xpath","value":"//button[@data-kt=\"addNewRUOverflowToolbarButton\"]"}
COMMAND: POST /session/38813ac31724e69450bb97a32539a866/elements - {"using":"xpath","value":"//button[@data-kt=\"addNewRUOverflowToolbarButton\"]"}
RESULT: {"using":"xpath","value":"//button[@data-kt=\"addNewRUOverflowToolbarButton\"]"}
COMMAND: POST /session/38813ac31724e69450bb97a32539a866/elements - {"using":"xpath","value":"//button[@data-kt=\"addNewRUOverflowToolbarButton\"]"}
RESULT: {"using":"xpath","value":"//button[@data-kt=\"addNewRUOverflowToolbarButton\"]"}
COMMAND: POST /session/38813ac31724e69450bb97a32539a866/elements - {"using":"xpath","value":"//button[@data-kt=\"addNewRUOverflowToolbarButton\"]"}
RESULT: {"using":"xpath","value":"//button[@data-kt=\"addNewRUOverflowToolbarButton\"]"}
COMMAND: POST /session/38813ac31724e69450bb97a32539a866/elements - {"using":"xpath","value":"//button[@data-kt=\"addNewRUOverflowToolbarButton\"]"}
RESULT: {"using":"xpath","value":"//button[@data-kt=\"addNewRUOverflowToolbarButton\"]"}
COMMAND: POST /session/38813ac31724e69450bb97a32539a866/elements - {"using":"xpath","value":"//button[@data-kt=\"addNewRUOverflowToolbarButton\"]"}
RESULT: {"using":"xpath","value":"//button[@data-kt=\"addNewRUOverflowToolbarButton\"]"}
COMMAND: POST /session/38813ac31724e69450bb97a32539a866/elements - {"using":"xpath","value":"//button[@data-kt=\"addNewRUOverflowToolbarButton\"]"}
RESULT: {"using":"xpath","value":"//button[@data-kt=\"addNewRUOverflowToolbarButton\"]"}
COMMAND: POST /session/38813ac31724e69450bb97a32539a866/elements - {"using":"xpath","value":"//button[@data-kt=\"addNewRUOverflowToolbarButton\"]"}
RESULT: {"using":"xpath","value":"//button[@data-kt=\"addNewRUOverflowToolbarButton\"]"}
COMMAND: POST /session/38813ac31724e69450bb97a32539a866/elements - {"using":"xpath","value":"//button[@data-kt=\"addNewRUOverflowToolbarButton\"]"}
RESULT: {"using":"xpath","value":"//button[@data-kt=\"addNewRUOverflowToolbarButton\"]"}
COMMAND: POST /session/38813ac31724e69450bb97a32539a866/elements - {"using":"xpath","value":"//button[@data-kt=\"addNewRUOverflowToolbarButton\"]"}
RESULT: {"using":"xpath","value":"//button[@data-kt=\"addNewRUOverflowToolbarButton\"]"}
COMMAND: POST /session/38813ac31724e69450bb97a32539a866/elements - {"using":"xpath","value":"//button[@data-kt=\"addNewRUOverflowToolbarButton\"]"}
RESULT: {"using":"xpath","value":"//button[@data-kt=\"addNewRUOverflowToolbarButton\"]"}
COMMAND: POST /session/38813ac31724e69450bb97a32539a866/elements - {"using":"xpath","value":"//button[@data-kt=\"addNewRUOverflowToolbarButton\"]"}
RESULT: {"using":"xpath","value":"//button[@data-kt=\"addNewRUOverflowToolbarButton\"]"}
COMMAND: POST /session/38813ac31724e69450bb97a32539a866/elements - {"using":"xpath","value":"//button[@data-kt=\"addNewRUOverflowToolbarButton\"]"}
RESULT: {"using":"xpath","value":"//button[@data-kt=\"addNewRUOverflowToolbarButton\"]"}
COMMAND: POST /session/38813ac31724e69450bb97a32539a866/elements - {"using":"xpath","value":"//button[@data-kt=\"addNewRUOverflowToolbarButton\"]"}
RESULT: {"using":"xpath","value":"//button[@data-kt=\"addNewRUOverflowToolbarButton\"]"}
COMMAND: POST /session/38813ac31724e69450bb97a32539a866/elements - {"using":"xpath","value":"//button[@data-kt=\"addNewRUOverflowToolbarButton\"]"}
RESULT: {"using":"xpath","value":"//button[@data-kt=\"addNewRUOverflowToolbarButton\"]"}
COMMAND: POST /session/38813ac31724e69450bb97a32539a866/elements - {"using":"xpath","value":"//button[@data-kt=\"addNewRUOverflowToolbarButton\"]"}
RESULT: {"using":"xpath","value":"//button[@data-kt=\"addNewRUOverflowToolbarButton\"]"}
COMMAND: POST /session/38813ac31724e69450bb97a32539a866/elements - {"using":"xpath","value":"//button[@data-kt=\"addNewRUOverflowToolbarButton\"]"}
RESULT: {"using":"xpath","value":"//button[@data-kt=\"addNewRUOverflowToolbarButton\"]"}
COMMAND: POST /session/38813ac31724e69450bb97a32539a866/elements - {"using":"xpath","value":"//button[@data-kt=\"addNewRUOverflowToolbarButton\"]"}
RESULT: {"using":"xpath","value":"//button[@data-kt=\"addNewRUOverflowToolbarButton\"]"}
COMMAND: POST /session/38813ac31724e69450bb97a32539a866/elements - {"using":"xpath","value":"//button[@data-kt=\"addNewRUOverflowToolbarButton\"]"}
RESULT: {"using":"xpath","value":"//button[@data-kt=\"addNewRUOverflowToolbarButton\"]"}
COMMAND: POST /session/38813ac31724e69450bb97a32539a866/elements - {"using":"xpath","value":"//button[@data-kt=\"addNewRUOverflowToolbarButton\"]"}
RESULT: {"using":"xpath","value":"//button[@data-kt=\"addNewRUOverflowToolbarButton\"]"}
COMMAND: POST /session/38813ac31724e69450bb97a32539a866/elements - {"using":"xpath","value":"//button[@data-kt=\"addNewRUOverflowToolbarButton\"]"}
RESULT: {"using":"xpath","value":"//button[@data-kt=\"addNewRUOverflowToolbarButton\"]"}
COMMAND: POST /session/38813ac31724e69450bb97a32539a866/elements - {"using":"xpath","value":"//button[@data-kt=\"addNewRUOverflowToolbarButton\"]"}
RESULT: {"using":"xpath","value":"//button[@data-kt=\"addNewRUOverflowToolbarButton\"]"}
COMMAND: POST /session/38813ac31724e69450bb97a32539a866/elements - {"using":"xpath","value":"//button[@data-kt=\"addNewRUOverflowToolbarButton\"]"}
RESULT: {"using":"xpath","value":"//button[@data-kt=\"addNewRUOverflowToolbarButton\"]"}
COMMAND: POST /session/38813ac31724e69450bb97a32539a866/elements - {"using":"xpath","value":"//button[@data-kt=\"addNewRUOverflowToolbarButton\"]"}
RESULT: {"using":"xpath","value":"//button[@data-kt=\"addNewRUOverflowToolbarButton\"]"}
COMMAND: POST /session/38813ac31724e69450bb97a32539a866/elements - {"using":"xpath","value":"//button[@data-kt=\"addNewRUOverflowToolbarButton\"]"}
RESULT: {"using":"xpath","value":"//button[@data-kt=\"addNewRUOverflowToolbarButton\"]"}
COMMAND: POST /session/38813ac31724e69450bb97a32539a866/elements - {"using":"xpath","value":"//button[@data-kt=\"addNewRUOverflowToolbarButton\"]"}
RESULT: {"using":"xpath","value":"//button[@data-kt=\"addNewRUOverflowToolbarButton\"]"}
COMMAND: POST /session/38813ac31724e69450bb97a32539a866/elements - {"using":"xpath","value":"//button[@data-kt=\"addNewRUOverflowToolbarButton\"]"}
RESULT: {"using":"xpath","value":"//button[@data-kt=\"addNewRUOverflowToolbarButton\"]"}
COMMAND: POST /session/38813ac31724e69450bb97a32539a866/elements - {"using":"xpath","value":"//button[@data-kt=\"addNewRUOverflowToolbarButton\"]"}
RESULT: {"using":"xpath","value":"//button[@data-kt=\"addNewRUOverflowToolbarButton\"]"}
COMMAND: POST /session/38813ac31724e69450bb97a32539a866/elements - {"using":"xpath","value":"//button[@data-kt=\"addNewRUOverflowToolbarButton\"]"}
RESULT: {"using":"xpath","value":"//button[@data-kt=\"addNewRUOverflowToolbarButton\"]"}
COMMAND: POST /session/38813ac31724e69450bb97a32539a866/elements - {"using":"xpath","value":"//button[@data-kt=\"addNewRUOverflowToolbarButton\"]"}
RESULT: {"using":"xpath","value":"//button[@data-kt=\"addNewRUOverflowToolbarButton\"]"}
COMMAND: POST /session/38813ac31724e69450bb97a32539a866/elements - {"using":"xpath","value":"//button[@data-kt=\"addNewRUOverflowToolbarButton\"]"}
COMMAND: GET /session/38813ac31724e69450bb97a32539a866/screenshot - {}
RESULT: {"using":"xpath","value":"//button[@data-kt=\"addNewRUOverflowToolbarButton\"]"}
RESULT: {}
]]></system-out>
      <system-err><![CDATA[
Error: element ("//button[@data-kt="addNewRUOverflowToolbarButton"]") still not existing after 45000ms
    at async UtilsPrerequisites.resourceCreation (D:\a\1\s\test\specs\BTS\prerequisites-and-utils-functions.js:848:9)
    at async Context.<anonymous> (D:\a\1\s\test\specs\HTR\manage-states-perf.spec.js:138:9)
]]></system-err>
    </testcase>
    <testcase classname="chrome.137_0_7151_69.windows.Manage_States_&amp;_Performance_Tests_US151247_US151423_US151467" name="Step 2 Try to save empty performance document US151423" time="55.315">
      <failure/>
      <error message="element (&quot;//button[@data-kt=&quot;massStateChangeRusSectionButton&quot;]&quot;) still not existing after 45000ms"/>
      <system-out><![CDATA[
RESULT: undefined
COMMAND: GET /session/38813ac31724e69450bb97a32539a866/screenshot - {}
RESULT: {}
COMMAND: POST /session/38813ac31724e69450bb97a32539a866/elements - {"using":"xpath","value":"//span[text()='Error']"}
RESULT: {"using":"xpath","value":"//span[text()='Error']"}
COMMAND: POST /session/38813ac31724e69450bb97a32539a866/element - {"using":"xpath","value":"//button[@data-kt=\"massStateChangeRusSectionButton\"]"}
RESULT: {"using":"xpath","value":"//button[@data-kt=\"massStateChangeRusSectionButton\"]"}
COMMAND: POST /session/38813ac31724e69450bb97a32539a866/elements - {"using":"xpath","value":"//button[@data-kt=\"massStateChangeRusSectionButton\"]"}
RESULT: {"using":"xpath","value":"//button[@data-kt=\"massStateChangeRusSectionButton\"]"}
COMMAND: POST /session/38813ac31724e69450bb97a32539a866/elements - {"using":"xpath","value":"//button[@data-kt=\"massStateChangeRusSectionButton\"]"}
RESULT: {"using":"xpath","value":"//button[@data-kt=\"massStateChangeRusSectionButton\"]"}
COMMAND: POST /session/38813ac31724e69450bb97a32539a866/elements - {"using":"xpath","value":"//button[@data-kt=\"massStateChangeRusSectionButton\"]"}
RESULT: {"using":"xpath","value":"//button[@data-kt=\"massStateChangeRusSectionButton\"]"}
COMMAND: POST /session/38813ac31724e69450bb97a32539a866/elements - {"using":"xpath","value":"//button[@data-kt=\"massStateChangeRusSectionButton\"]"}
RESULT: {"using":"xpath","value":"//button[@data-kt=\"massStateChangeRusSectionButton\"]"}
COMMAND: POST /session/38813ac31724e69450bb97a32539a866/elements - {"using":"xpath","value":"//button[@data-kt=\"massStateChangeRusSectionButton\"]"}
RESULT: {"using":"xpath","value":"//button[@data-kt=\"massStateChangeRusSectionButton\"]"}
COMMAND: POST /session/38813ac31724e69450bb97a32539a866/elements - {"using":"xpath","value":"//button[@data-kt=\"massStateChangeRusSectionButton\"]"}
RESULT: {"using":"xpath","value":"//button[@data-kt=\"massStateChangeRusSectionButton\"]"}
COMMAND: POST /session/38813ac31724e69450bb97a32539a866/elements - {"using":"xpath","value":"//button[@data-kt=\"massStateChangeRusSectionButton\"]"}
RESULT: {"using":"xpath","value":"//button[@data-kt=\"massStateChangeRusSectionButton\"]"}
COMMAND: POST /session/38813ac31724e69450bb97a32539a866/elements - {"using":"xpath","value":"//button[@data-kt=\"massStateChangeRusSectionButton\"]"}
RESULT: {"using":"xpath","value":"//button[@data-kt=\"massStateChangeRusSectionButton\"]"}
COMMAND: POST /session/38813ac31724e69450bb97a32539a866/elements - {"using":"xpath","value":"//button[@data-kt=\"massStateChangeRusSectionButton\"]"}
RESULT: {"using":"xpath","value":"//button[@data-kt=\"massStateChangeRusSectionButton\"]"}
COMMAND: POST /session/38813ac31724e69450bb97a32539a866/elements - {"using":"xpath","value":"//button[@data-kt=\"massStateChangeRusSectionButton\"]"}
RESULT: {"using":"xpath","value":"//button[@data-kt=\"massStateChangeRusSectionButton\"]"}
COMMAND: POST /session/38813ac31724e69450bb97a32539a866/elements - {"using":"xpath","value":"//button[@data-kt=\"massStateChangeRusSectionButton\"]"}
RESULT: {"using":"xpath","value":"//button[@data-kt=\"massStateChangeRusSectionButton\"]"}
COMMAND: POST /session/38813ac31724e69450bb97a32539a866/elements - {"using":"xpath","value":"//button[@data-kt=\"massStateChangeRusSectionButton\"]"}
RESULT: {"using":"xpath","value":"//button[@data-kt=\"massStateChangeRusSectionButton\"]"}
COMMAND: POST /session/38813ac31724e69450bb97a32539a866/elements - {"using":"xpath","value":"//button[@data-kt=\"massStateChangeRusSectionButton\"]"}
RESULT: {"using":"xpath","value":"//button[@data-kt=\"massStateChangeRusSectionButton\"]"}
COMMAND: POST /session/38813ac31724e69450bb97a32539a866/elements - {"using":"xpath","value":"//button[@data-kt=\"massStateChangeRusSectionButton\"]"}
RESULT: {"using":"xpath","value":"//button[@data-kt=\"massStateChangeRusSectionButton\"]"}
COMMAND: POST /session/38813ac31724e69450bb97a32539a866/elements - {"using":"xpath","value":"//button[@data-kt=\"massStateChangeRusSectionButton\"]"}
RESULT: {"using":"xpath","value":"//button[@data-kt=\"massStateChangeRusSectionButton\"]"}
COMMAND: POST /session/38813ac31724e69450bb97a32539a866/elements - {"using":"xpath","value":"//button[@data-kt=\"massStateChangeRusSectionButton\"]"}
RESULT: {"using":"xpath","value":"//button[@data-kt=\"massStateChangeRusSectionButton\"]"}
COMMAND: POST /session/38813ac31724e69450bb97a32539a866/elements - {"using":"xpath","value":"//button[@data-kt=\"massStateChangeRusSectionButton\"]"}
RESULT: {"using":"xpath","value":"//button[@data-kt=\"massStateChangeRusSectionButton\"]"}
COMMAND: POST /session/38813ac31724e69450bb97a32539a866/elements - {"using":"xpath","value":"//button[@data-kt=\"massStateChangeRusSectionButton\"]"}
RESULT: {"using":"xpath","value":"//button[@data-kt=\"massStateChangeRusSectionButton\"]"}
COMMAND: POST /session/38813ac31724e69450bb97a32539a866/elements - {"using":"xpath","value":"//button[@data-kt=\"massStateChangeRusSectionButton\"]"}
RESULT: {"using":"xpath","value":"//button[@data-kt=\"massStateChangeRusSectionButton\"]"}
COMMAND: POST /session/38813ac31724e69450bb97a32539a866/elements - {"using":"xpath","value":"//button[@data-kt=\"massStateChangeRusSectionButton\"]"}
RESULT: {"using":"xpath","value":"//button[@data-kt=\"massStateChangeRusSectionButton\"]"}
COMMAND: POST /session/38813ac31724e69450bb97a32539a866/elements - {"using":"xpath","value":"//button[@data-kt=\"massStateChangeRusSectionButton\"]"}
RESULT: {"using":"xpath","value":"//button[@data-kt=\"massStateChangeRusSectionButton\"]"}
COMMAND: POST /session/38813ac31724e69450bb97a32539a866/elements - {"using":"xpath","value":"//button[@data-kt=\"massStateChangeRusSectionButton\"]"}
RESULT: {"using":"xpath","value":"//button[@data-kt=\"massStateChangeRusSectionButton\"]"}
COMMAND: POST /session/38813ac31724e69450bb97a32539a866/elements - {"using":"xpath","value":"//button[@data-kt=\"massStateChangeRusSectionButton\"]"}
RESULT: {"using":"xpath","value":"//button[@data-kt=\"massStateChangeRusSectionButton\"]"}
COMMAND: POST /session/38813ac31724e69450bb97a32539a866/elements - {"using":"xpath","value":"//button[@data-kt=\"massStateChangeRusSectionButton\"]"}
RESULT: {"using":"xpath","value":"//button[@data-kt=\"massStateChangeRusSectionButton\"]"}
COMMAND: POST /session/38813ac31724e69450bb97a32539a866/elements - {"using":"xpath","value":"//button[@data-kt=\"massStateChangeRusSectionButton\"]"}
RESULT: {"using":"xpath","value":"//button[@data-kt=\"massStateChangeRusSectionButton\"]"}
COMMAND: POST /session/38813ac31724e69450bb97a32539a866/elements - {"using":"xpath","value":"//button[@data-kt=\"massStateChangeRusSectionButton\"]"}
RESULT: {"using":"xpath","value":"//button[@data-kt=\"massStateChangeRusSectionButton\"]"}
COMMAND: POST /session/38813ac31724e69450bb97a32539a866/elements - {"using":"xpath","value":"//button[@data-kt=\"massStateChangeRusSectionButton\"]"}
RESULT: {"using":"xpath","value":"//button[@data-kt=\"massStateChangeRusSectionButton\"]"}
COMMAND: POST /session/38813ac31724e69450bb97a32539a866/elements - {"using":"xpath","value":"//button[@data-kt=\"massStateChangeRusSectionButton\"]"}
RESULT: {"using":"xpath","value":"//button[@data-kt=\"massStateChangeRusSectionButton\"]"}
COMMAND: POST /session/38813ac31724e69450bb97a32539a866/elements - {"using":"xpath","value":"//button[@data-kt=\"massStateChangeRusSectionButton\"]"}
RESULT: {"using":"xpath","value":"//button[@data-kt=\"massStateChangeRusSectionButton\"]"}
COMMAND: POST /session/38813ac31724e69450bb97a32539a866/elements - {"using":"xpath","value":"//button[@data-kt=\"massStateChangeRusSectionButton\"]"}
RESULT: {"using":"xpath","value":"//button[@data-kt=\"massStateChangeRusSectionButton\"]"}
COMMAND: POST /session/38813ac31724e69450bb97a32539a866/elements - {"using":"xpath","value":"//button[@data-kt=\"massStateChangeRusSectionButton\"]"}
RESULT: {"using":"xpath","value":"//button[@data-kt=\"massStateChangeRusSectionButton\"]"}
COMMAND: POST /session/38813ac31724e69450bb97a32539a866/elements - {"using":"xpath","value":"//button[@data-kt=\"massStateChangeRusSectionButton\"]"}
RESULT: {"using":"xpath","value":"//button[@data-kt=\"massStateChangeRusSectionButton\"]"}
COMMAND: POST /session/38813ac31724e69450bb97a32539a866/elements - {"using":"xpath","value":"//button[@data-kt=\"massStateChangeRusSectionButton\"]"}
RESULT: {"using":"xpath","value":"//button[@data-kt=\"massStateChangeRusSectionButton\"]"}
COMMAND: POST /session/38813ac31724e69450bb97a32539a866/elements - {"using":"xpath","value":"//button[@data-kt=\"massStateChangeRusSectionButton\"]"}
RESULT: {"using":"xpath","value":"//button[@data-kt=\"massStateChangeRusSectionButton\"]"}
COMMAND: POST /session/38813ac31724e69450bb97a32539a866/elements - {"using":"xpath","value":"//button[@data-kt=\"massStateChangeRusSectionButton\"]"}
RESULT: {"using":"xpath","value":"//button[@data-kt=\"massStateChangeRusSectionButton\"]"}
COMMAND: POST /session/38813ac31724e69450bb97a32539a866/elements - {"using":"xpath","value":"//button[@data-kt=\"massStateChangeRusSectionButton\"]"}
RESULT: {"using":"xpath","value":"//button[@data-kt=\"massStateChangeRusSectionButton\"]"}
COMMAND: POST /session/38813ac31724e69450bb97a32539a866/elements - {"using":"xpath","value":"//button[@data-kt=\"massStateChangeRusSectionButton\"]"}
RESULT: {"using":"xpath","value":"//button[@data-kt=\"massStateChangeRusSectionButton\"]"}
COMMAND: POST /session/38813ac31724e69450bb97a32539a866/elements - {"using":"xpath","value":"//button[@data-kt=\"massStateChangeRusSectionButton\"]"}
RESULT: {"using":"xpath","value":"//button[@data-kt=\"massStateChangeRusSectionButton\"]"}
COMMAND: POST /session/38813ac31724e69450bb97a32539a866/elements - {"using":"xpath","value":"//button[@data-kt=\"massStateChangeRusSectionButton\"]"}
RESULT: {"using":"xpath","value":"//button[@data-kt=\"massStateChangeRusSectionButton\"]"}
COMMAND: POST /session/38813ac31724e69450bb97a32539a866/elements - {"using":"xpath","value":"//button[@data-kt=\"massStateChangeRusSectionButton\"]"}
RESULT: {"using":"xpath","value":"//button[@data-kt=\"massStateChangeRusSectionButton\"]"}
COMMAND: POST /session/38813ac31724e69450bb97a32539a866/elements - {"using":"xpath","value":"//button[@data-kt=\"massStateChangeRusSectionButton\"]"}
RESULT: {"using":"xpath","value":"//button[@data-kt=\"massStateChangeRusSectionButton\"]"}
COMMAND: POST /session/38813ac31724e69450bb97a32539a866/elements - {"using":"xpath","value":"//button[@data-kt=\"massStateChangeRusSectionButton\"]"}
RESULT: {"using":"xpath","value":"//button[@data-kt=\"massStateChangeRusSectionButton\"]"}
COMMAND: POST /session/38813ac31724e69450bb97a32539a866/elements - {"using":"xpath","value":"//button[@data-kt=\"massStateChangeRusSectionButton\"]"}
RESULT: {"using":"xpath","value":"//button[@data-kt=\"massStateChangeRusSectionButton\"]"}
COMMAND: POST /session/38813ac31724e69450bb97a32539a866/elements - {"using":"xpath","value":"//button[@data-kt=\"massStateChangeRusSectionButton\"]"}
RESULT: {"using":"xpath","value":"//button[@data-kt=\"massStateChangeRusSectionButton\"]"}
COMMAND: POST /session/38813ac31724e69450bb97a32539a866/elements - {"using":"xpath","value":"//button[@data-kt=\"massStateChangeRusSectionButton\"]"}
RESULT: {"using":"xpath","value":"//button[@data-kt=\"massStateChangeRusSectionButton\"]"}
COMMAND: POST /session/38813ac31724e69450bb97a32539a866/elements - {"using":"xpath","value":"//button[@data-kt=\"massStateChangeRusSectionButton\"]"}
RESULT: {"using":"xpath","value":"//button[@data-kt=\"massStateChangeRusSectionButton\"]"}
COMMAND: POST /session/38813ac31724e69450bb97a32539a866/elements - {"using":"xpath","value":"//button[@data-kt=\"massStateChangeRusSectionButton\"]"}
RESULT: {"using":"xpath","value":"//button[@data-kt=\"massStateChangeRusSectionButton\"]"}
COMMAND: POST /session/38813ac31724e69450bb97a32539a866/elements - {"using":"xpath","value":"//button[@data-kt=\"massStateChangeRusSectionButton\"]"}
RESULT: {"using":"xpath","value":"//button[@data-kt=\"massStateChangeRusSectionButton\"]"}
COMMAND: POST /session/38813ac31724e69450bb97a32539a866/elements - {"using":"xpath","value":"//button[@data-kt=\"massStateChangeRusSectionButton\"]"}
RESULT: {"using":"xpath","value":"//button[@data-kt=\"massStateChangeRusSectionButton\"]"}
COMMAND: POST /session/38813ac31724e69450bb97a32539a866/elements - {"using":"xpath","value":"//button[@data-kt=\"massStateChangeRusSectionButton\"]"}
RESULT: {"using":"xpath","value":"//button[@data-kt=\"massStateChangeRusSectionButton\"]"}
COMMAND: POST /session/38813ac31724e69450bb97a32539a866/elements - {"using":"xpath","value":"//button[@data-kt=\"massStateChangeRusSectionButton\"]"}
RESULT: {"using":"xpath","value":"//button[@data-kt=\"massStateChangeRusSectionButton\"]"}
COMMAND: POST /session/38813ac31724e69450bb97a32539a866/elements - {"using":"xpath","value":"//button[@data-kt=\"massStateChangeRusSectionButton\"]"}
RESULT: {"using":"xpath","value":"//button[@data-kt=\"massStateChangeRusSectionButton\"]"}
COMMAND: POST /session/38813ac31724e69450bb97a32539a866/elements - {"using":"xpath","value":"//button[@data-kt=\"massStateChangeRusSectionButton\"]"}
RESULT: {"using":"xpath","value":"//button[@data-kt=\"massStateChangeRusSectionButton\"]"}
COMMAND: POST /session/38813ac31724e69450bb97a32539a866/elements - {"using":"xpath","value":"//button[@data-kt=\"massStateChangeRusSectionButton\"]"}
RESULT: {"using":"xpath","value":"//button[@data-kt=\"massStateChangeRusSectionButton\"]"}
COMMAND: POST /session/38813ac31724e69450bb97a32539a866/elements - {"using":"xpath","value":"//button[@data-kt=\"massStateChangeRusSectionButton\"]"}
RESULT: {"using":"xpath","value":"//button[@data-kt=\"massStateChangeRusSectionButton\"]"}
COMMAND: POST /session/38813ac31724e69450bb97a32539a866/elements - {"using":"xpath","value":"//button[@data-kt=\"massStateChangeRusSectionButton\"]"}
RESULT: {"using":"xpath","value":"//button[@data-kt=\"massStateChangeRusSectionButton\"]"}
COMMAND: POST /session/38813ac31724e69450bb97a32539a866/elements - {"using":"xpath","value":"//button[@data-kt=\"massStateChangeRusSectionButton\"]"}
RESULT: {"using":"xpath","value":"//button[@data-kt=\"massStateChangeRusSectionButton\"]"}
COMMAND: POST /session/38813ac31724e69450bb97a32539a866/elements - {"using":"xpath","value":"//button[@data-kt=\"massStateChangeRusSectionButton\"]"}
RESULT: {"using":"xpath","value":"//button[@data-kt=\"massStateChangeRusSectionButton\"]"}
COMMAND: POST /session/38813ac31724e69450bb97a32539a866/elements - {"using":"xpath","value":"//button[@data-kt=\"massStateChangeRusSectionButton\"]"}
RESULT: {"using":"xpath","value":"//button[@data-kt=\"massStateChangeRusSectionButton\"]"}
COMMAND: POST /session/38813ac31724e69450bb97a32539a866/elements - {"using":"xpath","value":"//button[@data-kt=\"massStateChangeRusSectionButton\"]"}
RESULT: {"using":"xpath","value":"//button[@data-kt=\"massStateChangeRusSectionButton\"]"}
COMMAND: POST /session/38813ac31724e69450bb97a32539a866/elements - {"using":"xpath","value":"//button[@data-kt=\"massStateChangeRusSectionButton\"]"}
RESULT: {"using":"xpath","value":"//button[@data-kt=\"massStateChangeRusSectionButton\"]"}
COMMAND: POST /session/38813ac31724e69450bb97a32539a866/elements - {"using":"xpath","value":"//button[@data-kt=\"massStateChangeRusSectionButton\"]"}
RESULT: {"using":"xpath","value":"//button[@data-kt=\"massStateChangeRusSectionButton\"]"}
COMMAND: POST /session/38813ac31724e69450bb97a32539a866/elements - {"using":"xpath","value":"//button[@data-kt=\"massStateChangeRusSectionButton\"]"}
RESULT: {"using":"xpath","value":"//button[@data-kt=\"massStateChangeRusSectionButton\"]"}
COMMAND: POST /session/38813ac31724e69450bb97a32539a866/elements - {"using":"xpath","value":"//button[@data-kt=\"massStateChangeRusSectionButton\"]"}
RESULT: {"using":"xpath","value":"//button[@data-kt=\"massStateChangeRusSectionButton\"]"}
COMMAND: POST /session/38813ac31724e69450bb97a32539a866/elements - {"using":"xpath","value":"//button[@data-kt=\"massStateChangeRusSectionButton\"]"}
RESULT: {"using":"xpath","value":"//button[@data-kt=\"massStateChangeRusSectionButton\"]"}
COMMAND: POST /session/38813ac31724e69450bb97a32539a866/elements - {"using":"xpath","value":"//button[@data-kt=\"massStateChangeRusSectionButton\"]"}
RESULT: {"using":"xpath","value":"//button[@data-kt=\"massStateChangeRusSectionButton\"]"}
COMMAND: POST /session/38813ac31724e69450bb97a32539a866/elements - {"using":"xpath","value":"//button[@data-kt=\"massStateChangeRusSectionButton\"]"}
RESULT: {"using":"xpath","value":"//button[@data-kt=\"massStateChangeRusSectionButton\"]"}
COMMAND: POST /session/38813ac31724e69450bb97a32539a866/elements - {"using":"xpath","value":"//button[@data-kt=\"massStateChangeRusSectionButton\"]"}
RESULT: {"using":"xpath","value":"//button[@data-kt=\"massStateChangeRusSectionButton\"]"}
COMMAND: POST /session/38813ac31724e69450bb97a32539a866/elements - {"using":"xpath","value":"//button[@data-kt=\"massStateChangeRusSectionButton\"]"}
RESULT: {"using":"xpath","value":"//button[@data-kt=\"massStateChangeRusSectionButton\"]"}
COMMAND: POST /session/38813ac31724e69450bb97a32539a866/elements - {"using":"xpath","value":"//button[@data-kt=\"massStateChangeRusSectionButton\"]"}
RESULT: {"using":"xpath","value":"//button[@data-kt=\"massStateChangeRusSectionButton\"]"}
COMMAND: POST /session/38813ac31724e69450bb97a32539a866/elements - {"using":"xpath","value":"//button[@data-kt=\"massStateChangeRusSectionButton\"]"}
RESULT: {"using":"xpath","value":"//button[@data-kt=\"massStateChangeRusSectionButton\"]"}
COMMAND: POST /session/38813ac31724e69450bb97a32539a866/elements - {"using":"xpath","value":"//button[@data-kt=\"massStateChangeRusSectionButton\"]"}
RESULT: {"using":"xpath","value":"//button[@data-kt=\"massStateChangeRusSectionButton\"]"}
COMMAND: POST /session/38813ac31724e69450bb97a32539a866/elements - {"using":"xpath","value":"//button[@data-kt=\"massStateChangeRusSectionButton\"]"}
RESULT: {"using":"xpath","value":"//button[@data-kt=\"massStateChangeRusSectionButton\"]"}
COMMAND: POST /session/38813ac31724e69450bb97a32539a866/elements - {"using":"xpath","value":"//button[@data-kt=\"massStateChangeRusSectionButton\"]"}
RESULT: {"using":"xpath","value":"//button[@data-kt=\"massStateChangeRusSectionButton\"]"}
COMMAND: POST /session/38813ac31724e69450bb97a32539a866/elements - {"using":"xpath","value":"//button[@data-kt=\"massStateChangeRusSectionButton\"]"}
RESULT: {"using":"xpath","value":"//button[@data-kt=\"massStateChangeRusSectionButton\"]"}
COMMAND: POST /session/38813ac31724e69450bb97a32539a866/elements - {"using":"xpath","value":"//button[@data-kt=\"massStateChangeRusSectionButton\"]"}
RESULT: {"using":"xpath","value":"//button[@data-kt=\"massStateChangeRusSectionButton\"]"}
COMMAND: POST /session/38813ac31724e69450bb97a32539a866/elements - {"using":"xpath","value":"//button[@data-kt=\"massStateChangeRusSectionButton\"]"}
RESULT: {"using":"xpath","value":"//button[@data-kt=\"massStateChangeRusSectionButton\"]"}
COMMAND: POST /session/38813ac31724e69450bb97a32539a866/elements - {"using":"xpath","value":"//button[@data-kt=\"massStateChangeRusSectionButton\"]"}
RESULT: {"using":"xpath","value":"//button[@data-kt=\"massStateChangeRusSectionButton\"]"}
COMMAND: POST /session/38813ac31724e69450bb97a32539a866/elements - {"using":"xpath","value":"//button[@data-kt=\"massStateChangeRusSectionButton\"]"}
RESULT: {"using":"xpath","value":"//button[@data-kt=\"massStateChangeRusSectionButton\"]"}
COMMAND: POST /session/38813ac31724e69450bb97a32539a866/elements - {"using":"xpath","value":"//button[@data-kt=\"massStateChangeRusSectionButton\"]"}
RESULT: {"using":"xpath","value":"//button[@data-kt=\"massStateChangeRusSectionButton\"]"}
COMMAND: POST /session/38813ac31724e69450bb97a32539a866/elements - {"using":"xpath","value":"//button[@data-kt=\"massStateChangeRusSectionButton\"]"}
RESULT: {"using":"xpath","value":"//button[@data-kt=\"massStateChangeRusSectionButton\"]"}
COMMAND: POST /session/38813ac31724e69450bb97a32539a866/elements - {"using":"xpath","value":"//button[@data-kt=\"massStateChangeRusSectionButton\"]"}
RESULT: {"using":"xpath","value":"//button[@data-kt=\"massStateChangeRusSectionButton\"]"}
COMMAND: POST /session/38813ac31724e69450bb97a32539a866/elements - {"using":"xpath","value":"//button[@data-kt=\"massStateChangeRusSectionButton\"]"}
RESULT: {"using":"xpath","value":"//button[@data-kt=\"massStateChangeRusSectionButton\"]"}
COMMAND: POST /session/38813ac31724e69450bb97a32539a866/elements - {"using":"xpath","value":"//button[@data-kt=\"massStateChangeRusSectionButton\"]"}
RESULT: {"using":"xpath","value":"//button[@data-kt=\"massStateChangeRusSectionButton\"]"}
COMMAND: POST /session/38813ac31724e69450bb97a32539a866/elements - {"using":"xpath","value":"//button[@data-kt=\"massStateChangeRusSectionButton\"]"}
RESULT: {"using":"xpath","value":"//button[@data-kt=\"massStateChangeRusSectionButton\"]"}
COMMAND: POST /session/38813ac31724e69450bb97a32539a866/elements - {"using":"xpath","value":"//button[@data-kt=\"massStateChangeRusSectionButton\"]"}
RESULT: {"using":"xpath","value":"//button[@data-kt=\"massStateChangeRusSectionButton\"]"}
COMMAND: POST /session/38813ac31724e69450bb97a32539a866/elements - {"using":"xpath","value":"//button[@data-kt=\"massStateChangeRusSectionButton\"]"}
RESULT: {"using":"xpath","value":"//button[@data-kt=\"massStateChangeRusSectionButton\"]"}
COMMAND: POST /session/38813ac31724e69450bb97a32539a866/elements - {"using":"xpath","value":"//button[@data-kt=\"massStateChangeRusSectionButton\"]"}
RESULT: {"using":"xpath","value":"//button[@data-kt=\"massStateChangeRusSectionButton\"]"}
COMMAND: POST /session/38813ac31724e69450bb97a32539a866/elements - {"using":"xpath","value":"//button[@data-kt=\"massStateChangeRusSectionButton\"]"}
RESULT: {"using":"xpath","value":"//button[@data-kt=\"massStateChangeRusSectionButton\"]"}
COMMAND: POST /session/38813ac31724e69450bb97a32539a866/elements - {"using":"xpath","value":"//button[@data-kt=\"massStateChangeRusSectionButton\"]"}
RESULT: {"using":"xpath","value":"//button[@data-kt=\"massStateChangeRusSectionButton\"]"}
COMMAND: POST /session/38813ac31724e69450bb97a32539a866/elements - {"using":"xpath","value":"//button[@data-kt=\"massStateChangeRusSectionButton\"]"}
COMMAND: GET /session/38813ac31724e69450bb97a32539a866/screenshot - {}
RESULT: {"using":"xpath","value":"//button[@data-kt=\"massStateChangeRusSectionButton\"]"}
RESULT: {}
COMMAND: GET /session/38813ac31724e69450bb97a32539a866/screenshot - {}
]]></system-out>
      <system-err><![CDATA[
Error: element ("//button[@data-kt="massStateChangeRusSectionButton"]") still not existing after 45000ms
    at async Context.<anonymous> (D:\a\1\s\test\specs\HTR\manage-states-perf.spec.js:279:9)
]]></system-err>
    </testcase>
    <testcase classname="chrome.137_0_7151_69.windows.Manage_States_&amp;_Performance_Tests_US151247_US151423_US151467" name="Step 3 Manage States Perf search filters US151467" time="55.543">
      <failure/>
      <error message="element (&quot;//button[@data-kt=&quot;massStateChangeRusSectionButton&quot;]&quot;) still not existing after 45000ms"/>
      <system-out><![CDATA[
RESULT: undefined
RESULT: {}
COMMAND: POST /session/38813ac31724e69450bb97a32539a866/elements - {"using":"xpath","value":"//span[text()='Error']"}
RESULT: {"using":"xpath","value":"//span[text()='Error']"}
COMMAND: POST /session/38813ac31724e69450bb97a32539a866/element - {"using":"xpath","value":"//button[@data-kt=\"massStateChangeRusSectionButton\"]"}
RESULT: {"using":"xpath","value":"//button[@data-kt=\"massStateChangeRusSectionButton\"]"}
COMMAND: POST /session/38813ac31724e69450bb97a32539a866/elements - {"using":"xpath","value":"//button[@data-kt=\"massStateChangeRusSectionButton\"]"}
RESULT: {"using":"xpath","value":"//button[@data-kt=\"massStateChangeRusSectionButton\"]"}
COMMAND: POST /session/38813ac31724e69450bb97a32539a866/elements - {"using":"xpath","value":"//button[@data-kt=\"massStateChangeRusSectionButton\"]"}
RESULT: {"using":"xpath","value":"//button[@data-kt=\"massStateChangeRusSectionButton\"]"}
COMMAND: POST /session/38813ac31724e69450bb97a32539a866/elements - {"using":"xpath","value":"//button[@data-kt=\"massStateChangeRusSectionButton\"]"}
RESULT: {"using":"xpath","value":"//button[@data-kt=\"massStateChangeRusSectionButton\"]"}
COMMAND: POST /session/38813ac31724e69450bb97a32539a866/elements - {"using":"xpath","value":"//button[@data-kt=\"massStateChangeRusSectionButton\"]"}
RESULT: {"using":"xpath","value":"//button[@data-kt=\"massStateChangeRusSectionButton\"]"}
COMMAND: POST /session/38813ac31724e69450bb97a32539a866/elements - {"using":"xpath","value":"//button[@data-kt=\"massStateChangeRusSectionButton\"]"}
RESULT: {"using":"xpath","value":"//button[@data-kt=\"massStateChangeRusSectionButton\"]"}
COMMAND: POST /session/38813ac31724e69450bb97a32539a866/elements - {"using":"xpath","value":"//button[@data-kt=\"massStateChangeRusSectionButton\"]"}
RESULT: {"using":"xpath","value":"//button[@data-kt=\"massStateChangeRusSectionButton\"]"}
COMMAND: POST /session/38813ac31724e69450bb97a32539a866/elements - {"using":"xpath","value":"//button[@data-kt=\"massStateChangeRusSectionButton\"]"}
RESULT: {"using":"xpath","value":"//button[@data-kt=\"massStateChangeRusSectionButton\"]"}
COMMAND: POST /session/38813ac31724e69450bb97a32539a866/elements - {"using":"xpath","value":"//button[@data-kt=\"massStateChangeRusSectionButton\"]"}
RESULT: {"using":"xpath","value":"//button[@data-kt=\"massStateChangeRusSectionButton\"]"}
COMMAND: POST /session/38813ac31724e69450bb97a32539a866/elements - {"using":"xpath","value":"//button[@data-kt=\"massStateChangeRusSectionButton\"]"}
RESULT: {"using":"xpath","value":"//button[@data-kt=\"massStateChangeRusSectionButton\"]"}
COMMAND: POST /session/38813ac31724e69450bb97a32539a866/elements - {"using":"xpath","value":"//button[@data-kt=\"massStateChangeRusSectionButton\"]"}
RESULT: {"using":"xpath","value":"//button[@data-kt=\"massStateChangeRusSectionButton\"]"}
COMMAND: POST /session/38813ac31724e69450bb97a32539a866/elements - {"using":"xpath","value":"//button[@data-kt=\"massStateChangeRusSectionButton\"]"}
RESULT: {"using":"xpath","value":"//button[@data-kt=\"massStateChangeRusSectionButton\"]"}
COMMAND: POST /session/38813ac31724e69450bb97a32539a866/elements - {"using":"xpath","value":"//button[@data-kt=\"massStateChangeRusSectionButton\"]"}
RESULT: {"using":"xpath","value":"//button[@data-kt=\"massStateChangeRusSectionButton\"]"}
COMMAND: POST /session/38813ac31724e69450bb97a32539a866/elements - {"using":"xpath","value":"//button[@data-kt=\"massStateChangeRusSectionButton\"]"}
RESULT: {"using":"xpath","value":"//button[@data-kt=\"massStateChangeRusSectionButton\"]"}
COMMAND: POST /session/38813ac31724e69450bb97a32539a866/elements - {"using":"xpath","value":"//button[@data-kt=\"massStateChangeRusSectionButton\"]"}
RESULT: {"using":"xpath","value":"//button[@data-kt=\"massStateChangeRusSectionButton\"]"}
COMMAND: POST /session/38813ac31724e69450bb97a32539a866/elements - {"using":"xpath","value":"//button[@data-kt=\"massStateChangeRusSectionButton\"]"}
RESULT: {"using":"xpath","value":"//button[@data-kt=\"massStateChangeRusSectionButton\"]"}
COMMAND: POST /session/38813ac31724e69450bb97a32539a866/elements - {"using":"xpath","value":"//button[@data-kt=\"massStateChangeRusSectionButton\"]"}
RESULT: {"using":"xpath","value":"//button[@data-kt=\"massStateChangeRusSectionButton\"]"}
COMMAND: POST /session/38813ac31724e69450bb97a32539a866/elements - {"using":"xpath","value":"//button[@data-kt=\"massStateChangeRusSectionButton\"]"}
RESULT: {"using":"xpath","value":"//button[@data-kt=\"massStateChangeRusSectionButton\"]"}
COMMAND: POST /session/38813ac31724e69450bb97a32539a866/elements - {"using":"xpath","value":"//button[@data-kt=\"massStateChangeRusSectionButton\"]"}
RESULT: {"using":"xpath","value":"//button[@data-kt=\"massStateChangeRusSectionButton\"]"}
COMMAND: POST /session/38813ac31724e69450bb97a32539a866/elements - {"using":"xpath","value":"//button[@data-kt=\"massStateChangeRusSectionButton\"]"}
RESULT: {"using":"xpath","value":"//button[@data-kt=\"massStateChangeRusSectionButton\"]"}
COMMAND: POST /session/38813ac31724e69450bb97a32539a866/elements - {"using":"xpath","value":"//button[@data-kt=\"massStateChangeRusSectionButton\"]"}
RESULT: {"using":"xpath","value":"//button[@data-kt=\"massStateChangeRusSectionButton\"]"}
COMMAND: POST /session/38813ac31724e69450bb97a32539a866/elements - {"using":"xpath","value":"//button[@data-kt=\"massStateChangeRusSectionButton\"]"}
RESULT: {"using":"xpath","value":"//button[@data-kt=\"massStateChangeRusSectionButton\"]"}
COMMAND: POST /session/38813ac31724e69450bb97a32539a866/elements - {"using":"xpath","value":"//button[@data-kt=\"massStateChangeRusSectionButton\"]"}
RESULT: {"using":"xpath","value":"//button[@data-kt=\"massStateChangeRusSectionButton\"]"}
COMMAND: POST /session/38813ac31724e69450bb97a32539a866/elements - {"using":"xpath","value":"//button[@data-kt=\"massStateChangeRusSectionButton\"]"}
RESULT: {"using":"xpath","value":"//button[@data-kt=\"massStateChangeRusSectionButton\"]"}
COMMAND: POST /session/38813ac31724e69450bb97a32539a866/elements - {"using":"xpath","value":"//button[@data-kt=\"massStateChangeRusSectionButton\"]"}
RESULT: {"using":"xpath","value":"//button[@data-kt=\"massStateChangeRusSectionButton\"]"}
COMMAND: POST /session/38813ac31724e69450bb97a32539a866/elements - {"using":"xpath","value":"//button[@data-kt=\"massStateChangeRusSectionButton\"]"}
RESULT: {"using":"xpath","value":"//button[@data-kt=\"massStateChangeRusSectionButton\"]"}
COMMAND: POST /session/38813ac31724e69450bb97a32539a866/elements - {"using":"xpath","value":"//button[@data-kt=\"massStateChangeRusSectionButton\"]"}
RESULT: {"using":"xpath","value":"//button[@data-kt=\"massStateChangeRusSectionButton\"]"}
COMMAND: POST /session/38813ac31724e69450bb97a32539a866/elements - {"using":"xpath","value":"//button[@data-kt=\"massStateChangeRusSectionButton\"]"}
RESULT: {"using":"xpath","value":"//button[@data-kt=\"massStateChangeRusSectionButton\"]"}
COMMAND: POST /session/38813ac31724e69450bb97a32539a866/elements - {"using":"xpath","value":"//button[@data-kt=\"massStateChangeRusSectionButton\"]"}
RESULT: {"using":"xpath","value":"//button[@data-kt=\"massStateChangeRusSectionButton\"]"}
COMMAND: POST /session/38813ac31724e69450bb97a32539a866/elements - {"using":"xpath","value":"//button[@data-kt=\"massStateChangeRusSectionButton\"]"}
RESULT: {"using":"xpath","value":"//button[@data-kt=\"massStateChangeRusSectionButton\"]"}
COMMAND: POST /session/38813ac31724e69450bb97a32539a866/elements - {"using":"xpath","value":"//button[@data-kt=\"massStateChangeRusSectionButton\"]"}
RESULT: {"using":"xpath","value":"//button[@data-kt=\"massStateChangeRusSectionButton\"]"}
COMMAND: POST /session/38813ac31724e69450bb97a32539a866/elements - {"using":"xpath","value":"//button[@data-kt=\"massStateChangeRusSectionButton\"]"}
RESULT: {"using":"xpath","value":"//button[@data-kt=\"massStateChangeRusSectionButton\"]"}
COMMAND: POST /session/38813ac31724e69450bb97a32539a866/elements - {"using":"xpath","value":"//button[@data-kt=\"massStateChangeRusSectionButton\"]"}
RESULT: {"using":"xpath","value":"//button[@data-kt=\"massStateChangeRusSectionButton\"]"}
COMMAND: POST /session/38813ac31724e69450bb97a32539a866/elements - {"using":"xpath","value":"//button[@data-kt=\"massStateChangeRusSectionButton\"]"}
RESULT: {"using":"xpath","value":"//button[@data-kt=\"massStateChangeRusSectionButton\"]"}
COMMAND: POST /session/38813ac31724e69450bb97a32539a866/elements - {"using":"xpath","value":"//button[@data-kt=\"massStateChangeRusSectionButton\"]"}
RESULT: {"using":"xpath","value":"//button[@data-kt=\"massStateChangeRusSectionButton\"]"}
COMMAND: POST /session/38813ac31724e69450bb97a32539a866/elements - {"using":"xpath","value":"//button[@data-kt=\"massStateChangeRusSectionButton\"]"}
RESULT: {"using":"xpath","value":"//button[@data-kt=\"massStateChangeRusSectionButton\"]"}
COMMAND: POST /session/38813ac31724e69450bb97a32539a866/elements - {"using":"xpath","value":"//button[@data-kt=\"massStateChangeRusSectionButton\"]"}
RESULT: {"using":"xpath","value":"//button[@data-kt=\"massStateChangeRusSectionButton\"]"}
COMMAND: POST /session/38813ac31724e69450bb97a32539a866/elements - {"using":"xpath","value":"//button[@data-kt=\"massStateChangeRusSectionButton\"]"}
RESULT: {"using":"xpath","value":"//button[@data-kt=\"massStateChangeRusSectionButton\"]"}
COMMAND: POST /session/38813ac31724e69450bb97a32539a866/elements - {"using":"xpath","value":"//button[@data-kt=\"massStateChangeRusSectionButton\"]"}
RESULT: {"using":"xpath","value":"//button[@data-kt=\"massStateChangeRusSectionButton\"]"}
COMMAND: POST /session/38813ac31724e69450bb97a32539a866/elements - {"using":"xpath","value":"//button[@data-kt=\"massStateChangeRusSectionButton\"]"}
RESULT: {"using":"xpath","value":"//button[@data-kt=\"massStateChangeRusSectionButton\"]"}
COMMAND: POST /session/38813ac31724e69450bb97a32539a866/elements - {"using":"xpath","value":"//button[@data-kt=\"massStateChangeRusSectionButton\"]"}
RESULT: {"using":"xpath","value":"//button[@data-kt=\"massStateChangeRusSectionButton\"]"}
COMMAND: POST /session/38813ac31724e69450bb97a32539a866/elements - {"using":"xpath","value":"//button[@data-kt=\"massStateChangeRusSectionButton\"]"}
RESULT: {"using":"xpath","value":"//button[@data-kt=\"massStateChangeRusSectionButton\"]"}
COMMAND: POST /session/38813ac31724e69450bb97a32539a866/elements - {"using":"xpath","value":"//button[@data-kt=\"massStateChangeRusSectionButton\"]"}
RESULT: {"using":"xpath","value":"//button[@data-kt=\"massStateChangeRusSectionButton\"]"}
COMMAND: POST /session/38813ac31724e69450bb97a32539a866/elements - {"using":"xpath","value":"//button[@data-kt=\"massStateChangeRusSectionButton\"]"}
RESULT: {"using":"xpath","value":"//button[@data-kt=\"massStateChangeRusSectionButton\"]"}
COMMAND: POST /session/38813ac31724e69450bb97a32539a866/elements - {"using":"xpath","value":"//button[@data-kt=\"massStateChangeRusSectionButton\"]"}
RESULT: {"using":"xpath","value":"//button[@data-kt=\"massStateChangeRusSectionButton\"]"}
COMMAND: POST /session/38813ac31724e69450bb97a32539a866/elements - {"using":"xpath","value":"//button[@data-kt=\"massStateChangeRusSectionButton\"]"}
RESULT: {"using":"xpath","value":"//button[@data-kt=\"massStateChangeRusSectionButton\"]"}
COMMAND: POST /session/38813ac31724e69450bb97a32539a866/elements - {"using":"xpath","value":"//button[@data-kt=\"massStateChangeRusSectionButton\"]"}
RESULT: {"using":"xpath","value":"//button[@data-kt=\"massStateChangeRusSectionButton\"]"}
COMMAND: POST /session/38813ac31724e69450bb97a32539a866/elements - {"using":"xpath","value":"//button[@data-kt=\"massStateChangeRusSectionButton\"]"}
RESULT: {"using":"xpath","value":"//button[@data-kt=\"massStateChangeRusSectionButton\"]"}
COMMAND: POST /session/38813ac31724e69450bb97a32539a866/elements - {"using":"xpath","value":"//button[@data-kt=\"massStateChangeRusSectionButton\"]"}
RESULT: {"using":"xpath","value":"//button[@data-kt=\"massStateChangeRusSectionButton\"]"}
COMMAND: POST /session/38813ac31724e69450bb97a32539a866/elements - {"using":"xpath","value":"//button[@data-kt=\"massStateChangeRusSectionButton\"]"}
RESULT: {"using":"xpath","value":"//button[@data-kt=\"massStateChangeRusSectionButton\"]"}
COMMAND: POST /session/38813ac31724e69450bb97a32539a866/elements - {"using":"xpath","value":"//button[@data-kt=\"massStateChangeRusSectionButton\"]"}
RESULT: {"using":"xpath","value":"//button[@data-kt=\"massStateChangeRusSectionButton\"]"}
COMMAND: POST /session/38813ac31724e69450bb97a32539a866/elements - {"using":"xpath","value":"//button[@data-kt=\"massStateChangeRusSectionButton\"]"}
RESULT: {"using":"xpath","value":"//button[@data-kt=\"massStateChangeRusSectionButton\"]"}
COMMAND: POST /session/38813ac31724e69450bb97a32539a866/elements - {"using":"xpath","value":"//button[@data-kt=\"massStateChangeRusSectionButton\"]"}
RESULT: {"using":"xpath","value":"//button[@data-kt=\"massStateChangeRusSectionButton\"]"}
COMMAND: POST /session/38813ac31724e69450bb97a32539a866/elements - {"using":"xpath","value":"//button[@data-kt=\"massStateChangeRusSectionButton\"]"}
RESULT: {"using":"xpath","value":"//button[@data-kt=\"massStateChangeRusSectionButton\"]"}
COMMAND: POST /session/38813ac31724e69450bb97a32539a866/elements - {"using":"xpath","value":"//button[@data-kt=\"massStateChangeRusSectionButton\"]"}
RESULT: {"using":"xpath","value":"//button[@data-kt=\"massStateChangeRusSectionButton\"]"}
COMMAND: POST /session/38813ac31724e69450bb97a32539a866/elements - {"using":"xpath","value":"//button[@data-kt=\"massStateChangeRusSectionButton\"]"}
RESULT: {"using":"xpath","value":"//button[@data-kt=\"massStateChangeRusSectionButton\"]"}
COMMAND: POST /session/38813ac31724e69450bb97a32539a866/elements - {"using":"xpath","value":"//button[@data-kt=\"massStateChangeRusSectionButton\"]"}
RESULT: {"using":"xpath","value":"//button[@data-kt=\"massStateChangeRusSectionButton\"]"}
COMMAND: POST /session/38813ac31724e69450bb97a32539a866/elements - {"using":"xpath","value":"//button[@data-kt=\"massStateChangeRusSectionButton\"]"}
RESULT: {"using":"xpath","value":"//button[@data-kt=\"massStateChangeRusSectionButton\"]"}
COMMAND: POST /session/38813ac31724e69450bb97a32539a866/elements - {"using":"xpath","value":"//button[@data-kt=\"massStateChangeRusSectionButton\"]"}
RESULT: {"using":"xpath","value":"//button[@data-kt=\"massStateChangeRusSectionButton\"]"}
COMMAND: POST /session/38813ac31724e69450bb97a32539a866/elements - {"using":"xpath","value":"//button[@data-kt=\"massStateChangeRusSectionButton\"]"}
RESULT: {"using":"xpath","value":"//button[@data-kt=\"massStateChangeRusSectionButton\"]"}
COMMAND: POST /session/38813ac31724e69450bb97a32539a866/elements - {"using":"xpath","value":"//button[@data-kt=\"massStateChangeRusSectionButton\"]"}
RESULT: {"using":"xpath","value":"//button[@data-kt=\"massStateChangeRusSectionButton\"]"}
COMMAND: POST /session/38813ac31724e69450bb97a32539a866/elements - {"using":"xpath","value":"//button[@data-kt=\"massStateChangeRusSectionButton\"]"}
RESULT: {"using":"xpath","value":"//button[@data-kt=\"massStateChangeRusSectionButton\"]"}
COMMAND: POST /session/38813ac31724e69450bb97a32539a866/elements - {"using":"xpath","value":"//button[@data-kt=\"massStateChangeRusSectionButton\"]"}
RESULT: {"using":"xpath","value":"//button[@data-kt=\"massStateChangeRusSectionButton\"]"}
COMMAND: POST /session/38813ac31724e69450bb97a32539a866/elements - {"using":"xpath","value":"//button[@data-kt=\"massStateChangeRusSectionButton\"]"}
RESULT: {"using":"xpath","value":"//button[@data-kt=\"massStateChangeRusSectionButton\"]"}
COMMAND: POST /session/38813ac31724e69450bb97a32539a866/elements - {"using":"xpath","value":"//button[@data-kt=\"massStateChangeRusSectionButton\"]"}
RESULT: {"using":"xpath","value":"//button[@data-kt=\"massStateChangeRusSectionButton\"]"}
COMMAND: POST /session/38813ac31724e69450bb97a32539a866/elements - {"using":"xpath","value":"//button[@data-kt=\"massStateChangeRusSectionButton\"]"}
RESULT: {"using":"xpath","value":"//button[@data-kt=\"massStateChangeRusSectionButton\"]"}
COMMAND: POST /session/38813ac31724e69450bb97a32539a866/elements - {"using":"xpath","value":"//button[@data-kt=\"massStateChangeRusSectionButton\"]"}
RESULT: {"using":"xpath","value":"//button[@data-kt=\"massStateChangeRusSectionButton\"]"}
COMMAND: POST /session/38813ac31724e69450bb97a32539a866/elements - {"using":"xpath","value":"//button[@data-kt=\"massStateChangeRusSectionButton\"]"}
RESULT: {"using":"xpath","value":"//button[@data-kt=\"massStateChangeRusSectionButton\"]"}
COMMAND: POST /session/38813ac31724e69450bb97a32539a866/elements - {"using":"xpath","value":"//button[@data-kt=\"massStateChangeRusSectionButton\"]"}
RESULT: {"using":"xpath","value":"//button[@data-kt=\"massStateChangeRusSectionButton\"]"}
COMMAND: POST /session/38813ac31724e69450bb97a32539a866/elements - {"using":"xpath","value":"//button[@data-kt=\"massStateChangeRusSectionButton\"]"}
RESULT: {"using":"xpath","value":"//button[@data-kt=\"massStateChangeRusSectionButton\"]"}
COMMAND: POST /session/38813ac31724e69450bb97a32539a866/elements - {"using":"xpath","value":"//button[@data-kt=\"massStateChangeRusSectionButton\"]"}
RESULT: {"using":"xpath","value":"//button[@data-kt=\"massStateChangeRusSectionButton\"]"}
COMMAND: POST /session/38813ac31724e69450bb97a32539a866/elements - {"using":"xpath","value":"//button[@data-kt=\"massStateChangeRusSectionButton\"]"}
RESULT: {"using":"xpath","value":"//button[@data-kt=\"massStateChangeRusSectionButton\"]"}
COMMAND: POST /session/38813ac31724e69450bb97a32539a866/elements - {"using":"xpath","value":"//button[@data-kt=\"massStateChangeRusSectionButton\"]"}
RESULT: {"using":"xpath","value":"//button[@data-kt=\"massStateChangeRusSectionButton\"]"}
COMMAND: POST /session/38813ac31724e69450bb97a32539a866/elements - {"using":"xpath","value":"//button[@data-kt=\"massStateChangeRusSectionButton\"]"}
RESULT: {"using":"xpath","value":"//button[@data-kt=\"massStateChangeRusSectionButton\"]"}
COMMAND: POST /session/38813ac31724e69450bb97a32539a866/elements - {"using":"xpath","value":"//button[@data-kt=\"massStateChangeRusSectionButton\"]"}
RESULT: {"using":"xpath","value":"//button[@data-kt=\"massStateChangeRusSectionButton\"]"}
COMMAND: POST /session/38813ac31724e69450bb97a32539a866/elements - {"using":"xpath","value":"//button[@data-kt=\"massStateChangeRusSectionButton\"]"}
RESULT: {"using":"xpath","value":"//button[@data-kt=\"massStateChangeRusSectionButton\"]"}
COMMAND: POST /session/38813ac31724e69450bb97a32539a866/elements - {"using":"xpath","value":"//button[@data-kt=\"massStateChangeRusSectionButton\"]"}
RESULT: {"using":"xpath","value":"//button[@data-kt=\"massStateChangeRusSectionButton\"]"}
COMMAND: POST /session/38813ac31724e69450bb97a32539a866/elements - {"using":"xpath","value":"//button[@data-kt=\"massStateChangeRusSectionButton\"]"}
RESULT: {"using":"xpath","value":"//button[@data-kt=\"massStateChangeRusSectionButton\"]"}
COMMAND: POST /session/38813ac31724e69450bb97a32539a866/elements - {"using":"xpath","value":"//button[@data-kt=\"massStateChangeRusSectionButton\"]"}
RESULT: {"using":"xpath","value":"//button[@data-kt=\"massStateChangeRusSectionButton\"]"}
COMMAND: POST /session/38813ac31724e69450bb97a32539a866/elements - {"using":"xpath","value":"//button[@data-kt=\"massStateChangeRusSectionButton\"]"}
RESULT: {"using":"xpath","value":"//button[@data-kt=\"massStateChangeRusSectionButton\"]"}
COMMAND: POST /session/38813ac31724e69450bb97a32539a866/elements - {"using":"xpath","value":"//button[@data-kt=\"massStateChangeRusSectionButton\"]"}
RESULT: {"using":"xpath","value":"//button[@data-kt=\"massStateChangeRusSectionButton\"]"}
COMMAND: POST /session/38813ac31724e69450bb97a32539a866/elements - {"using":"xpath","value":"//button[@data-kt=\"massStateChangeRusSectionButton\"]"}
RESULT: {"using":"xpath","value":"//button[@data-kt=\"massStateChangeRusSectionButton\"]"}
COMMAND: POST /session/38813ac31724e69450bb97a32539a866/elements - {"using":"xpath","value":"//button[@data-kt=\"massStateChangeRusSectionButton\"]"}
RESULT: {"using":"xpath","value":"//button[@data-kt=\"massStateChangeRusSectionButton\"]"}
COMMAND: POST /session/38813ac31724e69450bb97a32539a866/elements - {"using":"xpath","value":"//button[@data-kt=\"massStateChangeRusSectionButton\"]"}
RESULT: {"using":"xpath","value":"//button[@data-kt=\"massStateChangeRusSectionButton\"]"}
COMMAND: POST /session/38813ac31724e69450bb97a32539a866/elements - {"using":"xpath","value":"//button[@data-kt=\"massStateChangeRusSectionButton\"]"}
RESULT: {"using":"xpath","value":"//button[@data-kt=\"massStateChangeRusSectionButton\"]"}
COMMAND: POST /session/38813ac31724e69450bb97a32539a866/elements - {"using":"xpath","value":"//button[@data-kt=\"massStateChangeRusSectionButton\"]"}
RESULT: {"using":"xpath","value":"//button[@data-kt=\"massStateChangeRusSectionButton\"]"}
COMMAND: POST /session/38813ac31724e69450bb97a32539a866/elements - {"using":"xpath","value":"//button[@data-kt=\"massStateChangeRusSectionButton\"]"}
RESULT: {"using":"xpath","value":"//button[@data-kt=\"massStateChangeRusSectionButton\"]"}
COMMAND: POST /session/38813ac31724e69450bb97a32539a866/elements - {"using":"xpath","value":"//button[@data-kt=\"massStateChangeRusSectionButton\"]"}
RESULT: {"using":"xpath","value":"//button[@data-kt=\"massStateChangeRusSectionButton\"]"}
COMMAND: POST /session/38813ac31724e69450bb97a32539a866/elements - {"using":"xpath","value":"//button[@data-kt=\"massStateChangeRusSectionButton\"]"}
RESULT: {"using":"xpath","value":"//button[@data-kt=\"massStateChangeRusSectionButton\"]"}
COMMAND: POST /session/38813ac31724e69450bb97a32539a866/elements - {"using":"xpath","value":"//button[@data-kt=\"massStateChangeRusSectionButton\"]"}
RESULT: {"using":"xpath","value":"//button[@data-kt=\"massStateChangeRusSectionButton\"]"}
COMMAND: POST /session/38813ac31724e69450bb97a32539a866/elements - {"using":"xpath","value":"//button[@data-kt=\"massStateChangeRusSectionButton\"]"}
RESULT: {"using":"xpath","value":"//button[@data-kt=\"massStateChangeRusSectionButton\"]"}
COMMAND: POST /session/38813ac31724e69450bb97a32539a866/elements - {"using":"xpath","value":"//button[@data-kt=\"massStateChangeRusSectionButton\"]"}
COMMAND: GET /session/38813ac31724e69450bb97a32539a866/screenshot - {}
RESULT: {"using":"xpath","value":"//button[@data-kt=\"massStateChangeRusSectionButton\"]"}
RESULT: {}
COMMAND: GET /session/38813ac31724e69450bb97a32539a866/screenshot - {}
COMMAND: GET /session/38813ac31724e69450bb97a32539a866/screenshot - {}
RESULT: {}
RESULT: {}
COMMAND: DELETE /session/38813ac31724e69450bb97a32539a866 - {}
RESULT: {}
]]></system-out>
      <system-err><![CDATA[
Error: element ("//button[@data-kt="massStateChangeRusSectionButton"]") still not existing after 45000ms
    at async Context.<anonymous> (D:\a\1\s\test\specs\HTR\manage-states-perf.spec.js:357:9)
]]></system-err>
    </testcase>
  </testsuite>
</testsuites>