<?xml version="1.0" encoding="UTF-8"?>
<testsuites tests="5" failures="0" errors="0" skipped="0">
  <testsuite timestamp="2025-04-11T17:32:43" time="376.438" tests="5" failures="0" errors="0" skipped="0">
    <properties>
      <property name="specId" value="0"/>
      <property name="suiteName" value="Partner specific tests US150819 US151080 US151654 US151176"/>
      <property name="capabilities" value="chrome.135_0_7049_42.windows"/>
      <property name="file" value="file:///D:/a/1/s/test/specs/BTS/manage-partners.spec.js"/>
    </properties>
    <testcase classname="chrome.135_0_7049_42.windows.Partner_specific_tests_US150819_US151080_US151654_US151176" name="Should create a new yard prerequisite" time="99.687">
      <system-out><![CDATA[
COMMAND: POST /session/46bb650d91508c2d2391ddd9109884da/window/fullscreen - {}
RESULT: {}
COMMAND: POST /session/46bb650d91508c2d2391ddd9109884da/execute/async - {"script":"<script> [1562 bytes]","args":[{"selector":{"controlType":"sap.m.GenericTile","properties":{"header":"Manage Yards"}},"wdio_ui5_key":"sapm.GenericTile{\"header\":\"Manage Yards\"}"}]}
RESULT: {"script":"<script> [1562 bytes]","args":[{"selector":{"controlType":"sap.m.GenericTile","properties":{"header":"Manage Yards"}},"wdio_ui5_key":"sapm.GenericTile{\"header\":\"Manage Yards\"}"}]}
RESULT: undefined
COMMAND: POST /session/46bb650d91508c2d2391ddd9109884da/element - {"using":"xpath","value":"//*[@id=\"__tile41\"]"}
RESULT: {"using":"xpath","value":"//*[@id=\"__tile41\"]"}
COMMAND: POST /session/46bb650d91508c2d2391ddd9109884da/element/f.5B3D20EC533C2D5A6990C3A1119A1653.d.BB11E4195309C58EDF5E8B83272DC09E.e.147/click - {}
RESULT: {}
COMMAND: POST /session/46bb650d91508c2d2391ddd9109884da/element - {"using":"xpath","value":"//button[@data-kt=\"addNewYardOverflowToolbarButton\"]"}
COMMAND: GET /session/46bb650d91508c2d2391ddd9109884da/screenshot - {}
RESULT: {"using":"xpath","value":"//button[@data-kt=\"addNewYardOverflowToolbarButton\"]"}
COMMAND: POST /session/46bb650d91508c2d2391ddd9109884da/elements - {"using":"xpath","value":"//button[@data-kt=\"addNewYardOverflowToolbarButton\"]"}
RESULT: {}
RESULT: {"using":"xpath","value":"//button[@data-kt=\"addNewYardOverflowToolbarButton\"]"}
COMMAND: POST /session/46bb650d91508c2d2391ddd9109884da/elements - {"using":"xpath","value":"//button[@data-kt=\"addNewYardOverflowToolbarButton\"]"}
RESULT: {"using":"xpath","value":"//button[@data-kt=\"addNewYardOverflowToolbarButton\"]"}
COMMAND: POST /session/46bb650d91508c2d2391ddd9109884da/elements - {"using":"xpath","value":"//button[@data-kt=\"addNewYardOverflowToolbarButton\"]"}
RESULT: {"using":"xpath","value":"//button[@data-kt=\"addNewYardOverflowToolbarButton\"]"}
COMMAND: POST /session/46bb650d91508c2d2391ddd9109884da/elements - {"using":"xpath","value":"//button[@data-kt=\"addNewYardOverflowToolbarButton\"]"}
RESULT: {"using":"xpath","value":"//button[@data-kt=\"addNewYardOverflowToolbarButton\"]"}
COMMAND: POST /session/46bb650d91508c2d2391ddd9109884da/elements - {"using":"xpath","value":"//button[@data-kt=\"addNewYardOverflowToolbarButton\"]"}
RESULT: {"using":"xpath","value":"//button[@data-kt=\"addNewYardOverflowToolbarButton\"]"}
COMMAND: POST /session/46bb650d91508c2d2391ddd9109884da/elements - {"using":"xpath","value":"//button[@data-kt=\"addNewYardOverflowToolbarButton\"]"}
RESULT: {"using":"xpath","value":"//button[@data-kt=\"addNewYardOverflowToolbarButton\"]"}
COMMAND: POST /session/46bb650d91508c2d2391ddd9109884da/elements - {"using":"xpath","value":"//button[@data-kt=\"addNewYardOverflowToolbarButton\"]"}
RESULT: {"using":"xpath","value":"//button[@data-kt=\"addNewYardOverflowToolbarButton\"]"}
COMMAND: POST /session/46bb650d91508c2d2391ddd9109884da/elements - {"using":"xpath","value":"//button[@data-kt=\"addNewYardOverflowToolbarButton\"]"}
RESULT: {"using":"xpath","value":"//button[@data-kt=\"addNewYardOverflowToolbarButton\"]"}
COMMAND: POST /session/46bb650d91508c2d2391ddd9109884da/elements - {"using":"xpath","value":"//button[@data-kt=\"addNewYardOverflowToolbarButton\"]"}
RESULT: {"using":"xpath","value":"//button[@data-kt=\"addNewYardOverflowToolbarButton\"]"}
COMMAND: POST /session/46bb650d91508c2d2391ddd9109884da/elements - {"using":"xpath","value":"//button[@data-kt=\"addNewYardOverflowToolbarButton\"]"}
RESULT: {"using":"xpath","value":"//button[@data-kt=\"addNewYardOverflowToolbarButton\"]"}
COMMAND: POST /session/46bb650d91508c2d2391ddd9109884da/elements - {"using":"xpath","value":"//button[@data-kt=\"addNewYardOverflowToolbarButton\"]"}
RESULT: {"using":"xpath","value":"//button[@data-kt=\"addNewYardOverflowToolbarButton\"]"}
COMMAND: POST /session/46bb650d91508c2d2391ddd9109884da/elements - {"using":"xpath","value":"//button[@data-kt=\"addNewYardOverflowToolbarButton\"]"}
RESULT: {"using":"xpath","value":"//button[@data-kt=\"addNewYardOverflowToolbarButton\"]"}
COMMAND: POST /session/46bb650d91508c2d2391ddd9109884da/elements - {"using":"xpath","value":"//button[@data-kt=\"addNewYardOverflowToolbarButton\"]"}
RESULT: {"using":"xpath","value":"//button[@data-kt=\"addNewYardOverflowToolbarButton\"]"}
COMMAND: POST /session/46bb650d91508c2d2391ddd9109884da/elements - {"using":"xpath","value":"//button[@data-kt=\"addNewYardOverflowToolbarButton\"]"}
RESULT: {"using":"xpath","value":"//button[@data-kt=\"addNewYardOverflowToolbarButton\"]"}
COMMAND: POST /session/46bb650d91508c2d2391ddd9109884da/elements - {"using":"xpath","value":"//button[@data-kt=\"addNewYardOverflowToolbarButton\"]"}
RESULT: {"using":"xpath","value":"//button[@data-kt=\"addNewYardOverflowToolbarButton\"]"}
COMMAND: POST /session/46bb650d91508c2d2391ddd9109884da/elements - {"using":"xpath","value":"//button[@data-kt=\"addNewYardOverflowToolbarButton\"]"}
RESULT: {"using":"xpath","value":"//button[@data-kt=\"addNewYardOverflowToolbarButton\"]"}
COMMAND: POST /session/46bb650d91508c2d2391ddd9109884da/element - {"using":"xpath","value":"//button[@data-kt=\"addNewYardOverflowToolbarButton\"]"}
RESULT: {"using":"xpath","value":"//button[@data-kt=\"addNewYardOverflowToolbarButton\"]"}
COMMAND: POST /session/46bb650d91508c2d2391ddd9109884da/execute/sync - {"script":"<script> [8489 bytes]","args":[{"element-6066-11e4-a52e-4f735466cecf":"f.5B3D20EC533C2D5A6990C3A1119A1653.d.BB11E4195309C58EDF5E8B83272DC09E.e.181","ELEMENT":"f.5B3D20EC533C2D5A6990C3A1119A1653.d.BB11E4195309C58EDF5E8B83272DC09E.e.181"}]}
RESULT: {"script":"<script> [8489 bytes]","args":[{"element-6066-11e4-a52e-4f735466cecf":"f.5B3D20EC533C2D5A6990C3A1119A1653.d.BB11E4195309C58EDF5E8B83272DC09E.e.181","ELEMENT":"f.5B3D20EC533C2D5A6990C3A1119A1653.d.BB11E4195309C58EDF5E8B83272DC09E.e.181"}]}
COMMAND: GET /session/46bb650d91508c2d2391ddd9109884da/element/f.5B3D20EC533C2D5A6990C3A1119A1653.d.BB11E4195309C58EDF5E8B83272DC09E.e.181/enabled - {}
COMMAND: GET /session/46bb650d91508c2d2391ddd9109884da/screenshot - {}
RESULT: {}
COMMAND: POST /session/46bb650d91508c2d2391ddd9109884da/execute/sync - {"script":"<script> [8489 bytes]","args":[{"element-6066-11e4-a52e-4f735466cecf":"f.5B3D20EC533C2D5A6990C3A1119A1653.d.BB11E4195309C58EDF5E8B83272DC09E.e.181","ELEMENT":"f.5B3D20EC533C2D5A6990C3A1119A1653.d.BB11E4195309C58EDF5E8B83272DC09E.e.181"}]}
COMMAND: GET /session/46bb650d91508c2d2391ddd9109884da/screenshot - {}
RESULT: {}
RESULT: {"script":"<script> [8489 bytes]","args":[{"element-6066-11e4-a52e-4f735466cecf":"f.5B3D20EC533C2D5A6990C3A1119A1653.d.BB11E4195309C58EDF5E8B83272DC09E.e.181","ELEMENT":"f.5B3D20EC533C2D5A6990C3A1119A1653.d.BB11E4195309C58EDF5E8B83272DC09E.e.181"}]}
COMMAND: POST /session/46bb650d91508c2d2391ddd9109884da/execute/sync - {"script":"<script> [5351 bytes]","args":[{"element-6066-11e4-a52e-4f735466cecf":"f.5B3D20EC533C2D5A6990C3A1119A1653.d.BB11E4195309C58EDF5E8B83272DC09E.e.181","ELEMENT":"f.5B3D20EC533C2D5A6990C3A1119A1653.d.BB11E4195309C58EDF5E8B83272DC09E.e.181"}]}
COMMAND: GET /session/46bb650d91508c2d2391ddd9109884da/screenshot - {}
RESULT: {}
RESULT: {"script":"<script> [5351 bytes]","args":[{"element-6066-11e4-a52e-4f735466cecf":"f.5B3D20EC533C2D5A6990C3A1119A1653.d.BB11E4195309C58EDF5E8B83272DC09E.e.181","ELEMENT":"f.5B3D20EC533C2D5A6990C3A1119A1653.d.BB11E4195309C58EDF5E8B83272DC09E.e.181"}]}
COMMAND: POST /session/46bb650d91508c2d2391ddd9109884da/element/f.5B3D20EC533C2D5A6990C3A1119A1653.d.BB11E4195309C58EDF5E8B83272DC09E.e.181/click - {}
COMMAND: GET /session/46bb650d91508c2d2391ddd9109884da/screenshot - {}
RESULT: {}
RESULT: {}
COMMAND: GET /session/46bb650d91508c2d2391ddd9109884da/screenshot - {}
RESULT: {}
COMMAND: POST /session/46bb650d91508c2d2391ddd9109884da/element - {"using":"xpath","value":"//input[@id=\"application-manageyards-display-component---NewYard--yardId-inner\"]"}
RESULT: {}
RESULT: {"using":"xpath","value":"//input[@id=\"application-manageyards-display-component---NewYard--yardId-inner\"]"}
COMMAND: POST /session/46bb650d91508c2d2391ddd9109884da/element - {"using":"xpath","value":"//input[@id=\"application-manageyards-display-component---NewYard--yardId-inner\"]"}
RESULT: {"using":"xpath","value":"//input[@id=\"application-manageyards-display-component---NewYard--yardId-inner\"]"}
COMMAND: POST /session/46bb650d91508c2d2391ddd9109884da/execute/async - {"script":"<script> [1562 bytes]","args":[{"selector":{"id":"application-manageyards-display-component---NewYard--addressDetailDetailsName1","interaction":{"idSuffix":"inner"}},"wdio_ui5_key":"applicationmanageyards-display-component---NewYard--addressDetailDetailsName1"}]}
RESULT: {"script":"<script> [1562 bytes]","args":[{"selector":{"id":"application-manageyards-display-component---NewYard--addressDetailDetailsName1","interaction":{"idSuffix":"inner"}},"wdio_ui5_key":"applicationmanageyards-display-component---NewYard--addressDetailDetailsName1"}]}
RESULT: undefined
COMMAND: POST /session/46bb650d91508c2d2391ddd9109884da/execute/async - {"script":"<script> [776 bytes]","args":[{"enterText":"Intracompany Yard wdIO","selector":{"id":"application-manageyards-display-component---NewYard--addressDetailDetailsName1","interaction":{"idSuffix":"inner"}},"clearTextFirst":true,"interactionType":"ENTER_TEXT"}]}
RESULT: {"script":"<script> [776 bytes]","args":[{"enterText":"Intracompany Yard wdIO","selector":{"id":"application-manageyards-display-component---NewYard--addressDetailDetailsName1","interaction":{"idSuffix":"inner"}},"clearTextFirst":true,"interactionType":"ENTER_TEXT"}]}
COMMAND: POST /session/46bb650d91508c2d2391ddd9109884da/execute/async - {"script":"<script> [1562 bytes]","args":[{"selector":{"id":"application-manageyards-display-component---NewYard--addressDetailDetailsLanguage-arrow"},"wdio_ui5_key":"applicationmanageyards-display-component---NewYard--addressDetailDetailsLanguage-arrow"}]}
RESULT: {"script":"<script> [1562 bytes]","args":[{"selector":{"id":"application-manageyards-display-component---NewYard--addressDetailDetailsLanguage-arrow"},"wdio_ui5_key":"applicationmanageyards-display-component---NewYard--addressDetailDetailsLanguage-arrow"}]}
RESULT: undefined
COMMAND: POST /session/46bb650d91508c2d2391ddd9109884da/element - {"using":"xpath","value":"//*[@id=\"application-manageyards-display-component---NewYard--addressDetailDetailsLanguage-arrow\"]"}
RESULT: {"using":"xpath","value":"//*[@id=\"application-manageyards-display-component---NewYard--addressDetailDetailsLanguage-arrow\"]"}
COMMAND: POST /session/46bb650d91508c2d2391ddd9109884da/element/f.5B3D20EC533C2D5A6990C3A1119A1653.d.BB11E4195309C58EDF5E8B83272DC09E.e.610/click - {}
RESULT: {}
COMMAND: POST /session/46bb650d91508c2d2391ddd9109884da/element - {"using":"xpath","value":"//span[contains(text(), \"English\")]"}
COMMAND: GET /session/46bb650d91508c2d2391ddd9109884da/screenshot - {}
RESULT: {"using":"xpath","value":"//span[contains(text(), \"English\")]"}
COMMAND: POST /session/46bb650d91508c2d2391ddd9109884da/element/f.5B3D20EC533C2D5A6990C3A1119A1653.d.BB11E4195309C58EDF5E8B83272DC09E.e.611/click - {}
RESULT: {}
RESULT: {}
COMMAND: POST /session/46bb650d91508c2d2391ddd9109884da/execute/async - {"script":"<script> [1562 bytes]","args":[{"selector":{"id":"application-manageyards-display-component---NewYard--addressDetailDetailsCity1","interaction":{"idSuffix":"inner"}},"wdio_ui5_key":"applicationmanageyards-display-component---NewYard--addressDetailDetailsCity1"}]}
COMMAND: GET /session/46bb650d91508c2d2391ddd9109884da/screenshot - {}
RESULT: {"script":"<script> [1562 bytes]","args":[{"selector":{"id":"application-manageyards-display-component---NewYard--addressDetailDetailsCity1","interaction":{"idSuffix":"inner"}},"wdio_ui5_key":"applicationmanageyards-display-component---NewYard--addressDetailDetailsCity1"}]}
RESULT: undefined
COMMAND: POST /session/46bb650d91508c2d2391ddd9109884da/execute/async - {"script":"<script> [776 bytes]","args":[{"enterText":"Rosario","selector":{"id":"application-manageyards-display-component---NewYard--addressDetailDetailsCity1","interaction":{"idSuffix":"inner"}},"clearTextFirst":true,"interactionType":"ENTER_TEXT"}]}
RESULT: {}
RESULT: {"script":"<script> [776 bytes]","args":[{"enterText":"Rosario","selector":{"id":"application-manageyards-display-component---NewYard--addressDetailDetailsCity1","interaction":{"idSuffix":"inner"}},"clearTextFirst":true,"interactionType":"ENTER_TEXT"}]}
COMMAND: POST /session/46bb650d91508c2d2391ddd9109884da/execute/async - {"script":"<script> [1562 bytes]","args":[{"selector":{"id":"application-manageyards-display-component---NewYard--addressDetailDetailsCountry-arrow"},"wdio_ui5_key":"applicationmanageyards-display-component---NewYard--addressDetailDetailsCountry-arrow"}]}
RESULT: {"script":"<script> [1562 bytes]","args":[{"selector":{"id":"application-manageyards-display-component---NewYard--addressDetailDetailsCountry-arrow"},"wdio_ui5_key":"applicationmanageyards-display-component---NewYard--addressDetailDetailsCountry-arrow"}]}
RESULT: undefined
COMMAND: POST /session/46bb650d91508c2d2391ddd9109884da/element - {"using":"xpath","value":"//*[@id=\"application-manageyards-display-component---NewYard--addressDetailDetailsCountry-arrow\"]"}
RESULT: {"using":"xpath","value":"//*[@id=\"application-manageyards-display-component---NewYard--addressDetailDetailsCountry-arrow\"]"}
COMMAND: POST /session/46bb650d91508c2d2391ddd9109884da/element/f.5B3D20EC533C2D5A6990C3A1119A1653.d.BB11E4195309C58EDF5E8B83272DC09E.e.613/click - {}
RESULT: {}
COMMAND: POST /session/46bb650d91508c2d2391ddd9109884da/element - {"using":"xpath","value":"//span[contains(text(), \"Argentina\")]"}
COMMAND: GET /session/46bb650d91508c2d2391ddd9109884da/screenshot - {}
RESULT: {"using":"xpath","value":"//span[contains(text(), \"Argentina\")]"}
COMMAND: POST /session/46bb650d91508c2d2391ddd9109884da/element/f.5B3D20EC533C2D5A6990C3A1119A1653.d.BB11E4195309C58EDF5E8B83272DC09E.e.615/click - {}
RESULT: {}
RESULT: {}
COMMAND: POST /session/46bb650d91508c2d2391ddd9109884da/execute/async - {"script":"<script> [1562 bytes]","args":[{"selector":{"id":"application-manageyards-display-component---NewYard--addressEditDetailsCostObjectCstType-arrow"},"wdio_ui5_key":"applicationmanageyards-display-component---NewYard--addressEditDetailsCostObjectCstType-arrow"}]}
COMMAND: GET /session/46bb650d91508c2d2391ddd9109884da/screenshot - {}
RESULT: {"script":"<script> [1562 bytes]","args":[{"selector":{"id":"application-manageyards-display-component---NewYard--addressEditDetailsCostObjectCstType-arrow"},"wdio_ui5_key":"applicationmanageyards-display-component---NewYard--addressEditDetailsCostObjectCstType-arrow"}]}
RESULT: undefined
COMMAND: POST /session/46bb650d91508c2d2391ddd9109884da/element - {"using":"xpath","value":"//*[@id=\"application-manageyards-display-component---NewYard--addressEditDetailsCostObjectCstType-arrow\"]"}
RESULT: {}
RESULT: {"using":"xpath","value":"//*[@id=\"application-manageyards-display-component---NewYard--addressEditDetailsCostObjectCstType-arrow\"]"}
COMMAND: POST /session/46bb650d91508c2d2391ddd9109884da/element/f.5B3D20EC533C2D5A6990C3A1119A1653.d.BB11E4195309C58EDF5E8B83272DC09E.e.616/click - {}
RESULT: {}
COMMAND: POST /session/46bb650d91508c2d2391ddd9109884da/element - {"using":"xpath","value":"//span[contains(text(), \"Cost Center\")]"}
COMMAND: GET /session/46bb650d91508c2d2391ddd9109884da/screenshot - {}
RESULT: {"using":"xpath","value":"//span[contains(text(), \"Cost Center\")]"}
COMMAND: POST /session/46bb650d91508c2d2391ddd9109884da/element/f.5B3D20EC533C2D5A6990C3A1119A1653.d.BB11E4195309C58EDF5E8B83272DC09E.e.617/click - {}
RESULT: {}
RESULT: {}
COMMAND: GET /session/46bb650d91508c2d2391ddd9109884da/screenshot - {}
RESULT: {}
COMMAND: POST /session/46bb650d91508c2d2391ddd9109884da/element - {"using":"xpath","value":"//span[@id=\"application-manageyards-display-component---NewYard--addressNewCostObjectCstID-vhi\"]"}
RESULT: {"using":"xpath","value":"//span[@id=\"application-manageyards-display-component---NewYard--addressNewCostObjectCstID-vhi\"]"}
COMMAND: POST /session/46bb650d91508c2d2391ddd9109884da/execute/sync - {"script":"<script> [8489 bytes]","args":[{"element-6066-11e4-a52e-4f735466cecf":"f.5B3D20EC533C2D5A6990C3A1119A1653.d.BB11E4195309C58EDF5E8B83272DC09E.e.620","ELEMENT":"f.5B3D20EC533C2D5A6990C3A1119A1653.d.BB11E4195309C58EDF5E8B83272DC09E.e.620"}]}
RESULT: {"script":"<script> [8489 bytes]","args":[{"element-6066-11e4-a52e-4f735466cecf":"f.5B3D20EC533C2D5A6990C3A1119A1653.d.BB11E4195309C58EDF5E8B83272DC09E.e.620","ELEMENT":"f.5B3D20EC533C2D5A6990C3A1119A1653.d.BB11E4195309C58EDF5E8B83272DC09E.e.620"}]}
COMMAND: POST /session/46bb650d91508c2d2391ddd9109884da/execute/async - {"script":"<script> [1562 bytes]","args":[{"selector":{"id":"application-manageyards-display-component---NewYard--addressNewCostObjectCstID-vhi"},"wdio_ui5_key":"applicationmanageyards-display-component---NewYard--addressNewCostObjectCstID-vhi"}]}
COMMAND: GET /session/46bb650d91508c2d2391ddd9109884da/screenshot - {}
RESULT: {"script":"<script> [1562 bytes]","args":[{"selector":{"id":"application-manageyards-display-component---NewYard--addressNewCostObjectCstID-vhi"},"wdio_ui5_key":"applicationmanageyards-display-component---NewYard--addressNewCostObjectCstID-vhi"}]}
RESULT: undefined
COMMAND: POST /session/46bb650d91508c2d2391ddd9109884da/element - {"using":"xpath","value":"//*[@id=\"application-manageyards-display-component---NewYard--addressNewCostObjectCstID-vhi\"]"}
RESULT: {}
RESULT: {"using":"xpath","value":"//*[@id=\"application-manageyards-display-component---NewYard--addressNewCostObjectCstID-vhi\"]"}
COMMAND: POST /session/46bb650d91508c2d2391ddd9109884da/element/f.5B3D20EC533C2D5A6990C3A1119A1653.d.BB11E4195309C58EDF5E8B83272DC09E.e.620/click - {}
RESULT: {}
COMMAND: GET /session/46bb650d91508c2d2391ddd9109884da/screenshot - {}
RESULT: {}
COMMAND: POST /session/46bb650d91508c2d2391ddd9109884da/execute/async - {"script":"<script> [1562 bytes]","args":[{"selector":{"controlType":"sap.m.SearchField","properties":{"placeholder":"Search"},"searchOpenDialogs":true,"interaction":{"idSuffix":"I"}},"wdio_ui5_key":"sapm.SearchField{\"placeholder\":\"Search\"}"}]}
RESULT: {"script":"<script> [1562 bytes]","args":[{"selector":{"controlType":"sap.m.SearchField","properties":{"placeholder":"Search"},"searchOpenDialogs":true,"interaction":{"idSuffix":"I"}},"wdio_ui5_key":"sapm.SearchField{\"placeholder\":\"Search\"}"}]}
RESULT: undefined
COMMAND: POST /session/46bb650d91508c2d2391ddd9109884da/execute/async - {"script":"<script> [776 bytes]","args":[{"enterText":"10001013","selector":{"controlType":"sap.m.SearchField","properties":{"placeholder":"Search"},"searchOpenDialogs":true,"interaction":{"idSuffix":"I"}},"clearTextFirst":true,"interactionType":"ENTER_TEXT"}]}
RESULT: {"script":"<script> [776 bytes]","args":[{"enterText":"10001013","selector":{"controlType":"sap.m.SearchField","properties":{"placeholder":"Search"},"searchOpenDialogs":true,"interaction":{"idSuffix":"I"}},"clearTextFirst":true,"interactionType":"ENTER_TEXT"}]}
COMMAND: POST /session/46bb650d91508c2d2391ddd9109884da/actions - {"actions":[{"id":"action1","type":"key","parameters":{},"actions":[{"type":"keyDown","value":""},{"type":"pause","duration":10},{"type":"keyUp","value":""}]}]}
RESULT: {"actions":[{"id":"action1","type":"key","parameters":{},"actions":[{"type":"keyDown","value":""},{"type":"pause","duration":10},{"type":"keyUp","value":""}]}]}
COMMAND: GET /session/46bb650d91508c2d2391ddd9109884da/screenshot - {}
RESULT: {}
COMMAND: POST /session/46bb650d91508c2d2391ddd9109884da/element - {"using":"xpath","value":"//span[contains(text(), \"General Management\")]"}
RESULT: {"using":"xpath","value":"//span[contains(text(), \"General Management\")]"}
COMMAND: POST /session/46bb650d91508c2d2391ddd9109884da/element/f.5B3D20EC533C2D5A6990C3A1119A1653.d.BB11E4195309C58EDF5E8B83272DC09E.e.661/click - {}
RESULT: {}
COMMAND: GET /session/46bb650d91508c2d2391ddd9109884da/screenshot - {}
RESULT: {}
COMMAND: POST /session/46bb650d91508c2d2391ddd9109884da/element - {"using":"xpath","value":"//bdi[contains(text(), \"OK\")]"}
RESULT: {"using":"xpath","value":"//bdi[contains(text(), \"OK\")]"}
COMMAND: POST /session/46bb650d91508c2d2391ddd9109884da/element/f.5B3D20EC533C2D5A6990C3A1119A1653.d.BB11E4195309C58EDF5E8B83272DC09E.e.662/click - {}
RESULT: {}
COMMAND: GET /session/46bb650d91508c2d2391ddd9109884da/screenshot - {}
RESULT: {}
COMMAND: POST /session/46bb650d91508c2d2391ddd9109884da/execute/async - {"script":"<script> [1562 bytes]","args":[{"selector":{"id":"application-manageyards-display-component---NewYard--addressEditDetailsCurrency-arrow"},"wdio_ui5_key":"applicationmanageyards-display-component---NewYard--addressEditDetailsCurrency-arrow"}]}
RESULT: {"script":"<script> [1562 bytes]","args":[{"selector":{"id":"application-manageyards-display-component---NewYard--addressEditDetailsCurrency-arrow"},"wdio_ui5_key":"applicationmanageyards-display-component---NewYard--addressEditDetailsCurrency-arrow"}]}
RESULT: undefined
COMMAND: POST /session/46bb650d91508c2d2391ddd9109884da/element - {"using":"xpath","value":"//*[@id=\"application-manageyards-display-component---NewYard--addressEditDetailsCurrency-arrow\"]"}
RESULT: {"using":"xpath","value":"//*[@id=\"application-manageyards-display-component---NewYard--addressEditDetailsCurrency-arrow\"]"}
COMMAND: POST /session/46bb650d91508c2d2391ddd9109884da/element/f.5B3D20EC533C2D5A6990C3A1119A1653.d.BB11E4195309C58EDF5E8B83272DC09E.e.665/click - {}
RESULT: {}
COMMAND: POST /session/46bb650d91508c2d2391ddd9109884da/element - {"using":"xpath","value":"//span[contains(text(), \"Euro\")]"}
COMMAND: GET /session/46bb650d91508c2d2391ddd9109884da/screenshot - {}
RESULT: {"using":"xpath","value":"//span[contains(text(), \"Euro\")]"}
COMMAND: POST /session/46bb650d91508c2d2391ddd9109884da/element/f.5B3D20EC533C2D5A6990C3A1119A1653.d.BB11E4195309C58EDF5E8B83272DC09E.e.666/click - {}
RESULT: {}
RESULT: {}
COMMAND: POST /session/46bb650d91508c2d2391ddd9109884da/execute/async - {"script":"<script> [1562 bytes]","args":[{"selector":{"controlType":"sap.m.Input","viewName":"etm.portal.ui.manageyards.view.New","viewId":"application-manageyards-display-component---NewYard","bindingPath":{"path":"","propertyPath":"/CONTROLLING_AREA","modelName":"NewYardModel"},"interaction":{"idSuffix":"inner"}},"wdio_ui5_key":"etmportal.ui.manageyards.view.Newsap.m.Input{\"path\":\"\",\"propertyPath\":\"/CONTROLLING_AREA\",\"modelName\":\"NewYardModel\"}"}]}
COMMAND: GET /session/46bb650d91508c2d2391ddd9109884da/screenshot - {}
RESULT: {"script":"<script> [1562 bytes]","args":[{"selector":{"controlType":"sap.m.Input","viewName":"etm.portal.ui.manageyards.view.New","viewId":"application-manageyards-display-component---NewYard","bindingPath":{"path":"","propertyPath":"/CONTROLLING_AREA","modelName":"NewYardModel"},"interaction":{"idSuffix":"inner"}},"wdio_ui5_key":"etmportal.ui.manageyards.view.Newsap.m.Input{\"path\":\"\",\"propertyPath\":\"/CONTROLLING_AREA\",\"modelName\":\"NewYardModel\"}"}]}
RESULT: undefined
COMMAND: POST /session/46bb650d91508c2d2391ddd9109884da/execute/async - {"script":"<script> [776 bytes]","args":[{"enterText":"Z001","selector":{"controlType":"sap.m.Input","viewName":"etm.portal.ui.manageyards.view.New","viewId":"application-manageyards-display-component---NewYard","bindingPath":{"path":"","propertyPath":"/CONTROLLING_AREA","modelName":"NewYardModel"},"interaction":{"idSuffix":"inner"}},"clearTextFirst":true,"interactionType":"ENTER_TEXT"}]}
RESULT: {}
RESULT: {"script":"<script> [776 bytes]","args":[{"enterText":"Z001","selector":{"controlType":"sap.m.Input","viewName":"etm.portal.ui.manageyards.view.New","viewId":"application-manageyards-display-component---NewYard","bindingPath":{"path":"","propertyPath":"/CONTROLLING_AREA","modelName":"NewYardModel"},"interaction":{"idSuffix":"inner"}},"clearTextFirst":true,"interactionType":"ENTER_TEXT"}]}
COMMAND: POST /session/46bb650d91508c2d2391ddd9109884da/execute/async - {"script":"<script> [1562 bytes]","args":[{"selector":{"id":"application-manageyards-display-component---NewYard--companyCodeComboBox","interaction":{"idSuffix":"inner"}},"wdio_ui5_key":"applicationmanageyards-display-component---NewYard--companyCodeComboBox"}]}
RESULT: {"script":"<script> [1562 bytes]","args":[{"selector":{"id":"application-manageyards-display-component---NewYard--companyCodeComboBox","interaction":{"idSuffix":"inner"}},"wdio_ui5_key":"applicationmanageyards-display-component---NewYard--companyCodeComboBox"}]}
RESULT: undefined
COMMAND: POST /session/46bb650d91508c2d2391ddd9109884da/execute/async - {"script":"<script> [776 bytes]","args":[{"enterText":"1000","selector":{"id":"application-manageyards-display-component---NewYard--companyCodeComboBox","interaction":{"idSuffix":"inner"}},"clearTextFirst":true,"interactionType":"ENTER_TEXT"}]}
RESULT: {"script":"<script> [776 bytes]","args":[{"enterText":"1000","selector":{"id":"application-manageyards-display-component---NewYard--companyCodeComboBox","interaction":{"idSuffix":"inner"}},"clearTextFirst":true,"interactionType":"ENTER_TEXT"}]}
COMMAND: POST /session/46bb650d91508c2d2391ddd9109884da/execute/async - {"script":"<script> [1562 bytes]","args":[{"selector":{"controlType":"sap.m.Input","viewName":"etm.portal.ui.manageyards.view.New","viewId":"application-manageyards-display-component---NewYard","bindingPath":{"path":"","propertyPath":"/PLANT","modelName":"NewYardModel"},"interaction":{"idSuffix":"inner"}},"wdio_ui5_key":"etmportal.ui.manageyards.view.Newsap.m.Input{\"path\":\"\",\"propertyPath\":\"/PLANT\",\"modelName\":\"NewYardModel\"}"}]}
RESULT: {"script":"<script> [1562 bytes]","args":[{"selector":{"controlType":"sap.m.Input","viewName":"etm.portal.ui.manageyards.view.New","viewId":"application-manageyards-display-component---NewYard","bindingPath":{"path":"","propertyPath":"/PLANT","modelName":"NewYardModel"},"interaction":{"idSuffix":"inner"}},"wdio_ui5_key":"etmportal.ui.manageyards.view.Newsap.m.Input{\"path\":\"\",\"propertyPath\":\"/PLANT\",\"modelName\":\"NewYardModel\"}"}]}
RESULT: undefined
COMMAND: POST /session/46bb650d91508c2d2391ddd9109884da/execute/async - {"script":"<script> [776 bytes]","args":[{"enterText":"1001","selector":{"controlType":"sap.m.Input","viewName":"etm.portal.ui.manageyards.view.New","viewId":"application-manageyards-display-component---NewYard","bindingPath":{"path":"","propertyPath":"/PLANT","modelName":"NewYardModel"},"interaction":{"idSuffix":"inner"}},"clearTextFirst":true,"interactionType":"ENTER_TEXT"}]}
RESULT: {"script":"<script> [776 bytes]","args":[{"enterText":"1001","selector":{"controlType":"sap.m.Input","viewName":"etm.portal.ui.manageyards.view.New","viewId":"application-manageyards-display-component---NewYard","bindingPath":{"path":"","propertyPath":"/PLANT","modelName":"NewYardModel"},"interaction":{"idSuffix":"inner"}},"clearTextFirst":true,"interactionType":"ENTER_TEXT"}]}
COMMAND: POST /session/46bb650d91508c2d2391ddd9109884da/execute/async - {"script":"<script> [1562 bytes]","args":[{"selector":{"controlType":"sap.m.Input","viewName":"etm.portal.ui.manageyards.view.New","viewId":"application-manageyards-display-component---NewYard","bindingPath":{"path":"","propertyPath":"/SALES_AREA_VKORG","modelName":"NewYardModel"},"interaction":{"idSuffix":"inner"}},"wdio_ui5_key":"etmportal.ui.manageyards.view.Newsap.m.Input{\"path\":\"\",\"propertyPath\":\"/SALES_AREA_VKORG\",\"modelName\":\"NewYardModel\"}"}]}
RESULT: {"script":"<script> [1562 bytes]","args":[{"selector":{"controlType":"sap.m.Input","viewName":"etm.portal.ui.manageyards.view.New","viewId":"application-manageyards-display-component---NewYard","bindingPath":{"path":"","propertyPath":"/SALES_AREA_VKORG","modelName":"NewYardModel"},"interaction":{"idSuffix":"inner"}},"wdio_ui5_key":"etmportal.ui.manageyards.view.Newsap.m.Input{\"path\":\"\",\"propertyPath\":\"/SALES_AREA_VKORG\",\"modelName\":\"NewYardModel\"}"}]}
RESULT: undefined
COMMAND: POST /session/46bb650d91508c2d2391ddd9109884da/execute/async - {"script":"<script> [776 bytes]","args":[{"enterText":"C002","selector":{"controlType":"sap.m.Input","viewName":"etm.portal.ui.manageyards.view.New","viewId":"application-manageyards-display-component---NewYard","bindingPath":{"path":"","propertyPath":"/SALES_AREA_VKORG","modelName":"NewYardModel"},"interaction":{"idSuffix":"inner"}},"clearTextFirst":true,"interactionType":"ENTER_TEXT"}]}
RESULT: {"script":"<script> [776 bytes]","args":[{"enterText":"C002","selector":{"controlType":"sap.m.Input","viewName":"etm.portal.ui.manageyards.view.New","viewId":"application-manageyards-display-component---NewYard","bindingPath":{"path":"","propertyPath":"/SALES_AREA_VKORG","modelName":"NewYardModel"},"interaction":{"idSuffix":"inner"}},"clearTextFirst":true,"interactionType":"ENTER_TEXT"}]}
COMMAND: POST /session/46bb650d91508c2d2391ddd9109884da/execute/async - {"script":"<script> [1562 bytes]","args":[{"selector":{"controlType":"sap.m.Input","viewName":"etm.portal.ui.manageyards.view.New","viewId":"application-manageyards-display-component---NewYard","bindingPath":{"path":"","propertyPath":"/SALES_AREA_VTWEG","modelName":"NewYardModel"},"interaction":{"idSuffix":"inner"}},"wdio_ui5_key":"etmportal.ui.manageyards.view.Newsap.m.Input{\"path\":\"\",\"propertyPath\":\"/SALES_AREA_VTWEG\",\"modelName\":\"NewYardModel\"}"}]}
RESULT: {"script":"<script> [1562 bytes]","args":[{"selector":{"controlType":"sap.m.Input","viewName":"etm.portal.ui.manageyards.view.New","viewId":"application-manageyards-display-component---NewYard","bindingPath":{"path":"","propertyPath":"/SALES_AREA_VTWEG","modelName":"NewYardModel"},"interaction":{"idSuffix":"inner"}},"wdio_ui5_key":"etmportal.ui.manageyards.view.Newsap.m.Input{\"path\":\"\",\"propertyPath\":\"/SALES_AREA_VTWEG\",\"modelName\":\"NewYardModel\"}"}]}
RESULT: undefined
COMMAND: POST /session/46bb650d91508c2d2391ddd9109884da/execute/async - {"script":"<script> [776 bytes]","args":[{"enterText":"C2","selector":{"controlType":"sap.m.Input","viewName":"etm.portal.ui.manageyards.view.New","viewId":"application-manageyards-display-component---NewYard","bindingPath":{"path":"","propertyPath":"/SALES_AREA_VTWEG","modelName":"NewYardModel"},"interaction":{"idSuffix":"inner"}},"clearTextFirst":true,"interactionType":"ENTER_TEXT"}]}
RESULT: {"script":"<script> [776 bytes]","args":[{"enterText":"C2","selector":{"controlType":"sap.m.Input","viewName":"etm.portal.ui.manageyards.view.New","viewId":"application-manageyards-display-component---NewYard","bindingPath":{"path":"","propertyPath":"/SALES_AREA_VTWEG","modelName":"NewYardModel"},"interaction":{"idSuffix":"inner"}},"clearTextFirst":true,"interactionType":"ENTER_TEXT"}]}
COMMAND: POST /session/46bb650d91508c2d2391ddd9109884da/execute/async - {"script":"<script> [1562 bytes]","args":[{"selector":{"controlType":"sap.m.Input","viewName":"etm.portal.ui.manageyards.view.New","viewId":"application-manageyards-display-component---NewYard","bindingPath":{"path":"","propertyPath":"/SALES_AREA_SPART","modelName":"NewYardModel"},"interaction":{"idSuffix":"inner"}},"wdio_ui5_key":"etmportal.ui.manageyards.view.Newsap.m.Input{\"path\":\"\",\"propertyPath\":\"/SALES_AREA_SPART\",\"modelName\":\"NewYardModel\"}"}]}
RESULT: {"script":"<script> [1562 bytes]","args":[{"selector":{"controlType":"sap.m.Input","viewName":"etm.portal.ui.manageyards.view.New","viewId":"application-manageyards-display-component---NewYard","bindingPath":{"path":"","propertyPath":"/SALES_AREA_SPART","modelName":"NewYardModel"},"interaction":{"idSuffix":"inner"}},"wdio_ui5_key":"etmportal.ui.manageyards.view.Newsap.m.Input{\"path\":\"\",\"propertyPath\":\"/SALES_AREA_SPART\",\"modelName\":\"NewYardModel\"}"}]}
RESULT: undefined
COMMAND: POST /session/46bb650d91508c2d2391ddd9109884da/execute/async - {"script":"<script> [776 bytes]","args":[{"enterText":"C2","selector":{"controlType":"sap.m.Input","viewName":"etm.portal.ui.manageyards.view.New","viewId":"application-manageyards-display-component---NewYard","bindingPath":{"path":"","propertyPath":"/SALES_AREA_SPART","modelName":"NewYardModel"},"interaction":{"idSuffix":"inner"}},"clearTextFirst":true,"interactionType":"ENTER_TEXT"}]}
RESULT: {"script":"<script> [776 bytes]","args":[{"enterText":"C2","selector":{"controlType":"sap.m.Input","viewName":"etm.portal.ui.manageyards.view.New","viewId":"application-manageyards-display-component---NewYard","bindingPath":{"path":"","propertyPath":"/SALES_AREA_SPART","modelName":"NewYardModel"},"interaction":{"idSuffix":"inner"}},"clearTextFirst":true,"interactionType":"ENTER_TEXT"}]}
COMMAND: POST /session/46bb650d91508c2d2391ddd9109884da/execute/async - {"script":"<script> [1562 bytes]","args":[{"selector":{"controlType":"sap.m.Input","viewName":"etm.portal.ui.manageyards.view.New","viewId":"application-manageyards-display-component---NewYard","bindingPath":{"path":"","propertyPath":"/SHIP_POINT","modelName":"NewYardModel"},"interaction":{"idSuffix":"inner"}},"wdio_ui5_key":"etmportal.ui.manageyards.view.Newsap.m.Input{\"path\":\"\",\"propertyPath\":\"/SHIP_POINT\",\"modelName\":\"NewYardModel\"}"}]}
RESULT: {"script":"<script> [1562 bytes]","args":[{"selector":{"controlType":"sap.m.Input","viewName":"etm.portal.ui.manageyards.view.New","viewId":"application-manageyards-display-component---NewYard","bindingPath":{"path":"","propertyPath":"/SHIP_POINT","modelName":"NewYardModel"},"interaction":{"idSuffix":"inner"}},"wdio_ui5_key":"etmportal.ui.manageyards.view.Newsap.m.Input{\"path\":\"\",\"propertyPath\":\"/SHIP_POINT\",\"modelName\":\"NewYardModel\"}"}]}
RESULT: undefined
COMMAND: POST /session/46bb650d91508c2d2391ddd9109884da/execute/async - {"script":"<script> [776 bytes]","args":[{"enterText":"1710","selector":{"controlType":"sap.m.Input","viewName":"etm.portal.ui.manageyards.view.New","viewId":"application-manageyards-display-component---NewYard","bindingPath":{"path":"","propertyPath":"/SHIP_POINT","modelName":"NewYardModel"},"interaction":{"idSuffix":"inner"}},"clearTextFirst":true,"interactionType":"ENTER_TEXT"}]}
RESULT: {"script":"<script> [776 bytes]","args":[{"enterText":"1710","selector":{"controlType":"sap.m.Input","viewName":"etm.portal.ui.manageyards.view.New","viewId":"application-manageyards-display-component---NewYard","bindingPath":{"path":"","propertyPath":"/SHIP_POINT","modelName":"NewYardModel"},"interaction":{"idSuffix":"inner"}},"clearTextFirst":true,"interactionType":"ENTER_TEXT"}]}
COMMAND: POST /session/46bb650d91508c2d2391ddd9109884da/execute/async - {"script":"<script> [1562 bytes]","args":[{"selector":{"controlType":"sap.m.Input","viewName":"etm.portal.ui.manageyards.view.New","viewId":"application-manageyards-display-component---NewYard","bindingPath":{"path":"","propertyPath":"/DELIVERY_TYPE","modelName":"NewYardModel"},"interaction":{"idSuffix":"inner"}},"wdio_ui5_key":"etmportal.ui.manageyards.view.Newsap.m.Input{\"path\":\"\",\"propertyPath\":\"/DELIVERY_TYPE\",\"modelName\":\"NewYardModel\"}"}]}
RESULT: {"script":"<script> [1562 bytes]","args":[{"selector":{"controlType":"sap.m.Input","viewName":"etm.portal.ui.manageyards.view.New","viewId":"application-manageyards-display-component---NewYard","bindingPath":{"path":"","propertyPath":"/DELIVERY_TYPE","modelName":"NewYardModel"},"interaction":{"idSuffix":"inner"}},"wdio_ui5_key":"etmportal.ui.manageyards.view.Newsap.m.Input{\"path\":\"\",\"propertyPath\":\"/DELIVERY_TYPE\",\"modelName\":\"NewYardModel\"}"}]}
RESULT: undefined
COMMAND: POST /session/46bb650d91508c2d2391ddd9109884da/execute/async - {"script":"<script> [776 bytes]","args":[{"enterText":"ZL01","selector":{"controlType":"sap.m.Input","viewName":"etm.portal.ui.manageyards.view.New","viewId":"application-manageyards-display-component---NewYard","bindingPath":{"path":"","propertyPath":"/DELIVERY_TYPE","modelName":"NewYardModel"},"interaction":{"idSuffix":"inner"}},"clearTextFirst":true,"interactionType":"ENTER_TEXT"}]}
RESULT: {"script":"<script> [776 bytes]","args":[{"enterText":"ZL01","selector":{"controlType":"sap.m.Input","viewName":"etm.portal.ui.manageyards.view.New","viewId":"application-manageyards-display-component---NewYard","bindingPath":{"path":"","propertyPath":"/DELIVERY_TYPE","modelName":"NewYardModel"},"interaction":{"idSuffix":"inner"}},"clearTextFirst":true,"interactionType":"ENTER_TEXT"}]}
COMMAND: POST /session/46bb650d91508c2d2391ddd9109884da/execute/async - {"script":"<script> [1562 bytes]","args":[{"selector":{"controlType":"sap.m.Input","viewName":"etm.portal.ui.manageyards.view.New","viewId":"application-manageyards-display-component---NewYard","bindingPath":{"path":"","propertyPath":"/AUART","modelName":"NewYardModel"},"interaction":{"idSuffix":"inner"}},"wdio_ui5_key":"etmportal.ui.manageyards.view.Newsap.m.Input{\"path\":\"\",\"propertyPath\":\"/AUART\",\"modelName\":\"NewYardModel\"}"}]}
RESULT: {"script":"<script> [1562 bytes]","args":[{"selector":{"controlType":"sap.m.Input","viewName":"etm.portal.ui.manageyards.view.New","viewId":"application-manageyards-display-component---NewYard","bindingPath":{"path":"","propertyPath":"/AUART","modelName":"NewYardModel"},"interaction":{"idSuffix":"inner"}},"wdio_ui5_key":"etmportal.ui.manageyards.view.Newsap.m.Input{\"path\":\"\",\"propertyPath\":\"/AUART\",\"modelName\":\"NewYardModel\"}"}]}
RESULT: undefined
COMMAND: POST /session/46bb650d91508c2d2391ddd9109884da/execute/async - {"script":"<script> [776 bytes]","args":[{"enterText":"TA","selector":{"controlType":"sap.m.Input","viewName":"etm.portal.ui.manageyards.view.New","viewId":"application-manageyards-display-component---NewYard","bindingPath":{"path":"","propertyPath":"/AUART","modelName":"NewYardModel"},"interaction":{"idSuffix":"inner"}},"clearTextFirst":true,"interactionType":"ENTER_TEXT"}]}
RESULT: {"script":"<script> [776 bytes]","args":[{"enterText":"TA","selector":{"controlType":"sap.m.Input","viewName":"etm.portal.ui.manageyards.view.New","viewId":"application-manageyards-display-component---NewYard","bindingPath":{"path":"","propertyPath":"/AUART","modelName":"NewYardModel"},"interaction":{"idSuffix":"inner"}},"clearTextFirst":true,"interactionType":"ENTER_TEXT"}]}
COMMAND: POST /session/46bb650d91508c2d2391ddd9109884da/element - {"using":"xpath","value":"//button[@data-kt=\"newYardSaveButton\"]"}
RESULT: {"using":"xpath","value":"//button[@data-kt=\"newYardSaveButton\"]"}
COMMAND: POST /session/46bb650d91508c2d2391ddd9109884da/element/f.5B3D20EC533C2D5A6990C3A1119A1653.d.BB11E4195309C58EDF5E8B83272DC09E.e.591/click - {}
RESULT: {}
COMMAND: GET /session/46bb650d91508c2d2391ddd9109884da/screenshot - {}
RESULT: {}
COMMAND: POST /session/46bb650d91508c2d2391ddd9109884da/element - {"using":"xpath","value":"//header[contains(@id, 'ObjectPageLayout-headerTitle')]/div[1]/div[2]/div[1]/span[1]"}
RESULT: {"using":"xpath","value":"//header[contains(@id, 'ObjectPageLayout-headerTitle')]/div[1]/div[2]/div[1]/span[1]"}
COMMAND: POST /session/46bb650d91508c2d2391ddd9109884da/elements - {"using":"xpath","value":"//header[contains(@id, 'ObjectPageLayout-headerTitle')]/div[1]/div[2]/div[1]/span[1]"}
RESULT: {"using":"xpath","value":"//header[contains(@id, 'ObjectPageLayout-headerTitle')]/div[1]/div[2]/div[1]/span[1]"}
COMMAND: POST /session/46bb650d91508c2d2391ddd9109884da/execute/sync - {"script":"<script> [56 bytes]","args":[{"element-6066-11e4-a52e-4f735466cecf":"f.5B3D20EC533C2D5A6990C3A1119A1653.d.BB11E4195309C58EDF5E8B83272DC09E.e.884","ELEMENT":"f.5B3D20EC533C2D5A6990C3A1119A1653.d.BB11E4195309C58EDF5E8B83272DC09E.e.884"}]}
RESULT: {"script":"<script> [56 bytes]","args":[{"element-6066-11e4-a52e-4f735466cecf":"f.5B3D20EC533C2D5A6990C3A1119A1653.d.BB11E4195309C58EDF5E8B83272DC09E.e.884","ELEMENT":"f.5B3D20EC533C2D5A6990C3A1119A1653.d.BB11E4195309C58EDF5E8B83272DC09E.e.884"}]}
COMMAND: GET /session/46bb650d91508c2d2391ddd9109884da/screenshot - {}
RESULT: {}
COMMAND: POST /session/46bb650d91508c2d2391ddd9109884da/element - {"using":"css selector","value":"#shell-header-logo"}
RESULT: {"using":"css selector","value":"#shell-header-logo"}
COMMAND: POST /session/46bb650d91508c2d2391ddd9109884da/element/f.5B3D20EC533C2D5A6990C3A1119A1653.d.BB11E4195309C58EDF5E8B83272DC09E.e.149/click - {}
RESULT: {}
COMMAND: GET /session/46bb650d91508c2d2391ddd9109884da/screenshot - {}
RESULT: {}
]]></system-out>
    </testcase>
    <testcase classname="chrome.135_0_7049_42.windows.Partner_specific_tests_US150819_US151080_US151654_US151176" name="Should create new external partner US150819" time="97.255">
      <system-out><![CDATA[
COMMAND: POST /session/46bb650d91508c2d2391ddd9109884da/window/fullscreen - {}
RESULT: {}
COMMAND: POST /session/46bb650d91508c2d2391ddd9109884da/execute/async - {"script":"<script> [1562 bytes]","args":[{"selector":{"controlType":"sap.m.GenericTile","properties":{"header":"Manage Partners"}},"wdio_ui5_key":"sapm.GenericTile{\"header\":\"Manage Partners\"}"}]}
RESULT: {"script":"<script> [1562 bytes]","args":[{"selector":{"controlType":"sap.m.GenericTile","properties":{"header":"Manage Partners"}},"wdio_ui5_key":"sapm.GenericTile{\"header\":\"Manage Partners\"}"}]}
RESULT: undefined
COMMAND: POST /session/46bb650d91508c2d2391ddd9109884da/element - {"using":"xpath","value":"//*[@id=\"__tile38\"]"}
RESULT: {"using":"xpath","value":"//*[@id=\"__tile38\"]"}
COMMAND: POST /session/46bb650d91508c2d2391ddd9109884da/element/f.5B3D20EC533C2D5A6990C3A1119A1653.d.BB11E4195309C58EDF5E8B83272DC09E.e.887/click - {}
RESULT: {}
COMMAND: POST /session/46bb650d91508c2d2391ddd9109884da/element - {"using":"xpath","value":"//button[@data-kt=\"addButton\"]"}
COMMAND: GET /session/46bb650d91508c2d2391ddd9109884da/screenshot - {}
RESULT: {"using":"xpath","value":"//button[@data-kt=\"addButton\"]"}
COMMAND: POST /session/46bb650d91508c2d2391ddd9109884da/elements - {"using":"xpath","value":"//button[@data-kt=\"addButton\"]"}
RESULT: {}
RESULT: {"using":"xpath","value":"//button[@data-kt=\"addButton\"]"}
COMMAND: POST /session/46bb650d91508c2d2391ddd9109884da/elements - {"using":"xpath","value":"//button[@data-kt=\"addButton\"]"}
RESULT: {"using":"xpath","value":"//button[@data-kt=\"addButton\"]"}
COMMAND: POST /session/46bb650d91508c2d2391ddd9109884da/elements - {"using":"xpath","value":"//button[@data-kt=\"addButton\"]"}
RESULT: {"using":"xpath","value":"//button[@data-kt=\"addButton\"]"}
COMMAND: POST /session/46bb650d91508c2d2391ddd9109884da/elements - {"using":"xpath","value":"//button[@data-kt=\"addButton\"]"}
RESULT: {"using":"xpath","value":"//button[@data-kt=\"addButton\"]"}
COMMAND: POST /session/46bb650d91508c2d2391ddd9109884da/elements - {"using":"xpath","value":"//button[@data-kt=\"addButton\"]"}
RESULT: {"using":"xpath","value":"//button[@data-kt=\"addButton\"]"}
COMMAND: POST /session/46bb650d91508c2d2391ddd9109884da/elements - {"using":"xpath","value":"//button[@data-kt=\"addButton\"]"}
RESULT: {"using":"xpath","value":"//button[@data-kt=\"addButton\"]"}
COMMAND: POST /session/46bb650d91508c2d2391ddd9109884da/elements - {"using":"xpath","value":"//button[@data-kt=\"addButton\"]"}
RESULT: {"using":"xpath","value":"//button[@data-kt=\"addButton\"]"}
COMMAND: POST /session/46bb650d91508c2d2391ddd9109884da/elements - {"using":"xpath","value":"//button[@data-kt=\"addButton\"]"}
RESULT: {"using":"xpath","value":"//button[@data-kt=\"addButton\"]"}
COMMAND: POST /session/46bb650d91508c2d2391ddd9109884da/elements - {"using":"xpath","value":"//button[@data-kt=\"addButton\"]"}
RESULT: {"using":"xpath","value":"//button[@data-kt=\"addButton\"]"}
COMMAND: POST /session/46bb650d91508c2d2391ddd9109884da/elements - {"using":"xpath","value":"//button[@data-kt=\"addButton\"]"}
RESULT: {"using":"xpath","value":"//button[@data-kt=\"addButton\"]"}
COMMAND: POST /session/46bb650d91508c2d2391ddd9109884da/elements - {"using":"xpath","value":"//button[@data-kt=\"addButton\"]"}
RESULT: {"using":"xpath","value":"//button[@data-kt=\"addButton\"]"}
COMMAND: POST /session/46bb650d91508c2d2391ddd9109884da/elements - {"using":"xpath","value":"//button[@data-kt=\"addButton\"]"}
RESULT: {"using":"xpath","value":"//button[@data-kt=\"addButton\"]"}
COMMAND: POST /session/46bb650d91508c2d2391ddd9109884da/elements - {"using":"xpath","value":"//button[@data-kt=\"addButton\"]"}
RESULT: {"using":"xpath","value":"//button[@data-kt=\"addButton\"]"}
COMMAND: POST /session/46bb650d91508c2d2391ddd9109884da/elements - {"using":"xpath","value":"//button[@data-kt=\"addButton\"]"}
RESULT: {"using":"xpath","value":"//button[@data-kt=\"addButton\"]"}
COMMAND: POST /session/46bb650d91508c2d2391ddd9109884da/elements - {"using":"xpath","value":"//button[@data-kt=\"addButton\"]"}
RESULT: {"using":"xpath","value":"//button[@data-kt=\"addButton\"]"}
COMMAND: POST /session/46bb650d91508c2d2391ddd9109884da/elements - {"using":"xpath","value":"//button[@data-kt=\"addButton\"]"}
RESULT: {"using":"xpath","value":"//button[@data-kt=\"addButton\"]"}
COMMAND: POST /session/46bb650d91508c2d2391ddd9109884da/elements - {"using":"xpath","value":"//button[@data-kt=\"addButton\"]"}
RESULT: {"using":"xpath","value":"//button[@data-kt=\"addButton\"]"}
COMMAND: POST /session/46bb650d91508c2d2391ddd9109884da/element - {"using":"xpath","value":"//button[@data-kt=\"addButton\"]"}
RESULT: {"using":"xpath","value":"//button[@data-kt=\"addButton\"]"}
COMMAND: POST /session/46bb650d91508c2d2391ddd9109884da/execute/sync - {"script":"<script> [8489 bytes]","args":[{"element-6066-11e4-a52e-4f735466cecf":"f.5B3D20EC533C2D5A6990C3A1119A1653.d.BB11E4195309C58EDF5E8B83272DC09E.e.923","ELEMENT":"f.5B3D20EC533C2D5A6990C3A1119A1653.d.BB11E4195309C58EDF5E8B83272DC09E.e.923"}]}
RESULT: {"script":"<script> [8489 bytes]","args":[{"element-6066-11e4-a52e-4f735466cecf":"f.5B3D20EC533C2D5A6990C3A1119A1653.d.BB11E4195309C58EDF5E8B83272DC09E.e.923","ELEMENT":"f.5B3D20EC533C2D5A6990C3A1119A1653.d.BB11E4195309C58EDF5E8B83272DC09E.e.923"}]}
COMMAND: GET /session/46bb650d91508c2d2391ddd9109884da/element/f.5B3D20EC533C2D5A6990C3A1119A1653.d.BB11E4195309C58EDF5E8B83272DC09E.e.923/enabled - {}
COMMAND: GET /session/46bb650d91508c2d2391ddd9109884da/screenshot - {}
RESULT: {}
COMMAND: POST /session/46bb650d91508c2d2391ddd9109884da/execute/sync - {"script":"<script> [8489 bytes]","args":[{"element-6066-11e4-a52e-4f735466cecf":"f.5B3D20EC533C2D5A6990C3A1119A1653.d.BB11E4195309C58EDF5E8B83272DC09E.e.923","ELEMENT":"f.5B3D20EC533C2D5A6990C3A1119A1653.d.BB11E4195309C58EDF5E8B83272DC09E.e.923"}]}
COMMAND: GET /session/46bb650d91508c2d2391ddd9109884da/screenshot - {}
RESULT: {}
RESULT: {"script":"<script> [8489 bytes]","args":[{"element-6066-11e4-a52e-4f735466cecf":"f.5B3D20EC533C2D5A6990C3A1119A1653.d.BB11E4195309C58EDF5E8B83272DC09E.e.923","ELEMENT":"f.5B3D20EC533C2D5A6990C3A1119A1653.d.BB11E4195309C58EDF5E8B83272DC09E.e.923"}]}
COMMAND: POST /session/46bb650d91508c2d2391ddd9109884da/execute/sync - {"script":"<script> [5351 bytes]","args":[{"element-6066-11e4-a52e-4f735466cecf":"f.5B3D20EC533C2D5A6990C3A1119A1653.d.BB11E4195309C58EDF5E8B83272DC09E.e.923","ELEMENT":"f.5B3D20EC533C2D5A6990C3A1119A1653.d.BB11E4195309C58EDF5E8B83272DC09E.e.923"}]}
COMMAND: GET /session/46bb650d91508c2d2391ddd9109884da/screenshot - {}
RESULT: {}
RESULT: {"script":"<script> [5351 bytes]","args":[{"element-6066-11e4-a52e-4f735466cecf":"f.5B3D20EC533C2D5A6990C3A1119A1653.d.BB11E4195309C58EDF5E8B83272DC09E.e.923","ELEMENT":"f.5B3D20EC533C2D5A6990C3A1119A1653.d.BB11E4195309C58EDF5E8B83272DC09E.e.923"}]}
COMMAND: POST /session/46bb650d91508c2d2391ddd9109884da/element/f.5B3D20EC533C2D5A6990C3A1119A1653.d.BB11E4195309C58EDF5E8B83272DC09E.e.923/click - {}
COMMAND: GET /session/46bb650d91508c2d2391ddd9109884da/screenshot - {}
RESULT: {}
RESULT: {}
COMMAND: GET /session/46bb650d91508c2d2391ddd9109884da/screenshot - {}
COMMAND: POST /session/46bb650d91508c2d2391ddd9109884da/execute/async - {"script":"<script> [1562 bytes]","args":[{"selector":{"id":"application-managepartners-display-component---NewPartner--addressDetailDetailsName1","interaction":{"idSuffix":"inner"}},"wdio_ui5_key":"applicationmanagepartners-display-component---NewPartner--addressDetailDetailsName1"}]}
RESULT: {}
RESULT: {}
RESULT: {"script":"<script> [1562 bytes]","args":[{"selector":{"id":"application-managepartners-display-component---NewPartner--addressDetailDetailsName1","interaction":{"idSuffix":"inner"}},"wdio_ui5_key":"applicationmanagepartners-display-component---NewPartner--addressDetailDetailsName1"}]}
RESULT: undefined
COMMAND: POST /session/46bb650d91508c2d2391ddd9109884da/execute/async - {"script":"<script> [776 bytes]","args":[{"enterText":"External Partner WDIO","selector":{"id":"application-managepartners-display-component---NewPartner--addressDetailDetailsName1","interaction":{"idSuffix":"inner"}},"clearTextFirst":true,"interactionType":"ENTER_TEXT"}]}
RESULT: {"script":"<script> [776 bytes]","args":[{"enterText":"External Partner WDIO","selector":{"id":"application-managepartners-display-component---NewPartner--addressDetailDetailsName1","interaction":{"idSuffix":"inner"}},"clearTextFirst":true,"interactionType":"ENTER_TEXT"}]}
COMMAND: POST /session/46bb650d91508c2d2391ddd9109884da/execute/async - {"script":"<script> [1562 bytes]","args":[{"selector":{"id":"application-managepartners-display-component---NewPartner--addressDetailDetailsLanguage-arrow"},"wdio_ui5_key":"applicationmanagepartners-display-component---NewPartner--addressDetailDetailsLanguage-arrow"}]}
RESULT: {"script":"<script> [1562 bytes]","args":[{"selector":{"id":"application-managepartners-display-component---NewPartner--addressDetailDetailsLanguage-arrow"},"wdio_ui5_key":"applicationmanagepartners-display-component---NewPartner--addressDetailDetailsLanguage-arrow"}]}
RESULT: undefined
COMMAND: POST /session/46bb650d91508c2d2391ddd9109884da/element - {"using":"xpath","value":"//*[@id=\"application-managepartners-display-component---NewPartner--addressDetailDetailsLanguage-arrow\"]"}
RESULT: {"using":"xpath","value":"//*[@id=\"application-managepartners-display-component---NewPartner--addressDetailDetailsLanguage-arrow\"]"}
COMMAND: POST /session/46bb650d91508c2d2391ddd9109884da/element/f.5B3D20EC533C2D5A6990C3A1119A1653.d.BB11E4195309C58EDF5E8B83272DC09E.e.1277/click - {}
RESULT: {}
COMMAND: POST /session/46bb650d91508c2d2391ddd9109884da/element - {"using":"xpath","value":"//span[contains(text(), \"English\")]"}
COMMAND: GET /session/46bb650d91508c2d2391ddd9109884da/screenshot - {}
RESULT: {"using":"xpath","value":"//span[contains(text(), \"English\")]"}
COMMAND: POST /session/46bb650d91508c2d2391ddd9109884da/element/f.5B3D20EC533C2D5A6990C3A1119A1653.d.BB11E4195309C58EDF5E8B83272DC09E.e.1278/click - {}
RESULT: {}
RESULT: {}
COMMAND: GET /session/46bb650d91508c2d2391ddd9109884da/screenshot - {}
RESULT: {}
COMMAND: POST /session/46bb650d91508c2d2391ddd9109884da/execute/async - {"script":"<script> [1562 bytes]","args":[{"selector":{"id":"application-managepartners-display-component---NewPartner--addressDetailDetailsCity1","interaction":{"idSuffix":"inner"}},"wdio_ui5_key":"applicationmanagepartners-display-component---NewPartner--addressDetailDetailsCity1"}]}
RESULT: {"script":"<script> [1562 bytes]","args":[{"selector":{"id":"application-managepartners-display-component---NewPartner--addressDetailDetailsCity1","interaction":{"idSuffix":"inner"}},"wdio_ui5_key":"applicationmanagepartners-display-component---NewPartner--addressDetailDetailsCity1"}]}
RESULT: undefined
COMMAND: POST /session/46bb650d91508c2d2391ddd9109884da/execute/async - {"script":"<script> [776 bytes]","args":[{"enterText":"Rosario","selector":{"id":"application-managepartners-display-component---NewPartner--addressDetailDetailsCity1","interaction":{"idSuffix":"inner"}},"clearTextFirst":true,"interactionType":"ENTER_TEXT"}]}
RESULT: {"script":"<script> [776 bytes]","args":[{"enterText":"Rosario","selector":{"id":"application-managepartners-display-component---NewPartner--addressDetailDetailsCity1","interaction":{"idSuffix":"inner"}},"clearTextFirst":true,"interactionType":"ENTER_TEXT"}]}
COMMAND: POST /session/46bb650d91508c2d2391ddd9109884da/execute/async - {"script":"<script> [1562 bytes]","args":[{"selector":{"id":"application-managepartners-display-component---NewPartner--addressDetailDetailsCountry-arrow"},"wdio_ui5_key":"applicationmanagepartners-display-component---NewPartner--addressDetailDetailsCountry-arrow"}]}
RESULT: {"script":"<script> [1562 bytes]","args":[{"selector":{"id":"application-managepartners-display-component---NewPartner--addressDetailDetailsCountry-arrow"},"wdio_ui5_key":"applicationmanagepartners-display-component---NewPartner--addressDetailDetailsCountry-arrow"}]}
RESULT: undefined
COMMAND: POST /session/46bb650d91508c2d2391ddd9109884da/element - {"using":"xpath","value":"//*[@id=\"application-managepartners-display-component---NewPartner--addressDetailDetailsCountry-arrow\"]"}
RESULT: {"using":"xpath","value":"//*[@id=\"application-managepartners-display-component---NewPartner--addressDetailDetailsCountry-arrow\"]"}
COMMAND: POST /session/46bb650d91508c2d2391ddd9109884da/element/f.5B3D20EC533C2D5A6990C3A1119A1653.d.BB11E4195309C58EDF5E8B83272DC09E.e.1263/click - {}
RESULT: {}
COMMAND: POST /session/46bb650d91508c2d2391ddd9109884da/element - {"using":"xpath","value":"//span[contains(text(), \"Argentina\")]"}
COMMAND: GET /session/46bb650d91508c2d2391ddd9109884da/screenshot - {}
RESULT: {"using":"xpath","value":"//span[contains(text(), \"Argentina\")]"}
COMMAND: POST /session/46bb650d91508c2d2391ddd9109884da/element/f.5B3D20EC533C2D5A6990C3A1119A1653.d.BB11E4195309C58EDF5E8B83272DC09E.e.1280/click - {}
RESULT: {}
RESULT: {}
COMMAND: GET /session/46bb650d91508c2d2391ddd9109884da/screenshot - {}
RESULT: {}
COMMAND: POST /session/46bb650d91508c2d2391ddd9109884da/element - {"using":"xpath","value":"//bdi[contains(text(), \"Commercial\")]"}
RESULT: {"using":"xpath","value":"//bdi[contains(text(), \"Commercial\")]"}
COMMAND: POST /session/46bb650d91508c2d2391ddd9109884da/element/f.5B3D20EC533C2D5A6990C3A1119A1653.d.BB11E4195309C58EDF5E8B83272DC09E.e.1281/click - {}
RESULT: {}
COMMAND: GET /session/46bb650d91508c2d2391ddd9109884da/screenshot - {}
RESULT: {}
COMMAND: POST /session/46bb650d91508c2d2391ddd9109884da/execute/async - {"script":"<script> [1562 bytes]","args":[{"selector":{"id":"application-managepartners-display-component---NewPartner--partnerDetailInternal-arrow"},"wdio_ui5_key":"applicationmanagepartners-display-component---NewPartner--partnerDetailInternal-arrow"}]}
RESULT: {"script":"<script> [1562 bytes]","args":[{"selector":{"id":"application-managepartners-display-component---NewPartner--partnerDetailInternal-arrow"},"wdio_ui5_key":"applicationmanagepartners-display-component---NewPartner--partnerDetailInternal-arrow"}]}
RESULT: undefined
COMMAND: POST /session/46bb650d91508c2d2391ddd9109884da/element - {"using":"xpath","value":"//*[@id=\"application-managepartners-display-component---NewPartner--partnerDetailInternal-arrow\"]"}
RESULT: {"using":"xpath","value":"//*[@id=\"application-managepartners-display-component---NewPartner--partnerDetailInternal-arrow\"]"}
COMMAND: POST /session/46bb650d91508c2d2391ddd9109884da/element/f.5B3D20EC533C2D5A6990C3A1119A1653.d.BB11E4195309C58EDF5E8B83272DC09E.e.1287/click - {}
RESULT: {}
COMMAND: POST /session/46bb650d91508c2d2391ddd9109884da/element - {"using":"xpath","value":"//span[contains(text(), \"External partner\")]"}
COMMAND: GET /session/46bb650d91508c2d2391ddd9109884da/screenshot - {}
RESULT: {"using":"xpath","value":"//span[contains(text(), \"External partner\")]"}
COMMAND: POST /session/46bb650d91508c2d2391ddd9109884da/element/f.5B3D20EC533C2D5A6990C3A1119A1653.d.BB11E4195309C58EDF5E8B83272DC09E.e.1290/click - {}
RESULT: {}
RESULT: {}
COMMAND: POST /session/46bb650d91508c2d2391ddd9109884da/execute/async - {"script":"<script> [1562 bytes]","args":[{"selector":{"id":"application-managepartners-display-component---NewPartner--partnerDetailsCurrency-arrow"},"wdio_ui5_key":"applicationmanagepartners-display-component---NewPartner--partnerDetailsCurrency-arrow"}]}
COMMAND: GET /session/46bb650d91508c2d2391ddd9109884da/screenshot - {}
RESULT: {"script":"<script> [1562 bytes]","args":[{"selector":{"id":"application-managepartners-display-component---NewPartner--partnerDetailsCurrency-arrow"},"wdio_ui5_key":"applicationmanagepartners-display-component---NewPartner--partnerDetailsCurrency-arrow"}]}
RESULT: undefined
COMMAND: POST /session/46bb650d91508c2d2391ddd9109884da/element - {"using":"xpath","value":"//*[@id=\"application-managepartners-display-component---NewPartner--partnerDetailsCurrency-arrow\"]"}
RESULT: {}
RESULT: {"using":"xpath","value":"//*[@id=\"application-managepartners-display-component---NewPartner--partnerDetailsCurrency-arrow\"]"}
COMMAND: POST /session/46bb650d91508c2d2391ddd9109884da/element/f.5B3D20EC533C2D5A6990C3A1119A1653.d.BB11E4195309C58EDF5E8B83272DC09E.e.1295/click - {}
RESULT: {}
COMMAND: POST /session/46bb650d91508c2d2391ddd9109884da/element - {"using":"xpath","value":"//span[contains(text(), \"Euro\")]"}
COMMAND: GET /session/46bb650d91508c2d2391ddd9109884da/screenshot - {}
RESULT: {"using":"xpath","value":"//span[contains(text(), \"Euro\")]"}
COMMAND: POST /session/46bb650d91508c2d2391ddd9109884da/element/f.5B3D20EC533C2D5A6990C3A1119A1653.d.BB11E4195309C58EDF5E8B83272DC09E.e.1296/click - {}
RESULT: {}
RESULT: {}
COMMAND: GET /session/46bb650d91508c2d2391ddd9109884da/screenshot - {}
RESULT: {}
COMMAND: POST /session/46bb650d91508c2d2391ddd9109884da/element - {"using":"xpath","value":"//input[@id=\"application-managepartners-display-component---NewPartner--companyCodeComboBox-inner\"]"}
RESULT: {"using":"xpath","value":"//input[@id=\"application-managepartners-display-component---NewPartner--companyCodeComboBox-inner\"]"}
COMMAND: POST /session/46bb650d91508c2d2391ddd9109884da/element/f.5B3D20EC533C2D5A6990C3A1119A1653.d.BB11E4195309C58EDF5E8B83272DC09E.e.1142/clear - {}
RESULT: {}
COMMAND: POST /session/46bb650d91508c2d2391ddd9109884da/element/f.5B3D20EC533C2D5A6990C3A1119A1653.d.BB11E4195309C58EDF5E8B83272DC09E.e.1142/value - {"text":"C002"}
COMMAND: GET /session/46bb650d91508c2d2391ddd9109884da/screenshot - {}
RESULT: {"text":"C002"}
COMMAND: GET /session/46bb650d91508c2d2391ddd9109884da/screenshot - {}
RESULT: {}
RESULT: {}
COMMAND: POST /session/46bb650d91508c2d2391ddd9109884da/element - {"using":"xpath","value":"//span[contains(text(), \"C002\")]"}
RESULT: {"using":"xpath","value":"//span[contains(text(), \"C002\")]"}
COMMAND: POST /session/46bb650d91508c2d2391ddd9109884da/element/f.5B3D20EC533C2D5A6990C3A1119A1653.d.BB11E4195309C58EDF5E8B83272DC09E.e.1300/click - {}
RESULT: {}
COMMAND: GET /session/46bb650d91508c2d2391ddd9109884da/screenshot - {}
RESULT: {}
COMMAND: POST /session/46bb650d91508c2d2391ddd9109884da/execute/async - {"script":"<script> [1562 bytes]","args":[{"selector":{"id":"application-managepartners-display-component---NewPartner--btnAddTableRow-img"},"wdio_ui5_key":"applicationmanagepartners-display-component---NewPartner--btnAddTableRow-img"}]}
RESULT: {"script":"<script> [1562 bytes]","args":[{"selector":{"id":"application-managepartners-display-component---NewPartner--btnAddTableRow-img"},"wdio_ui5_key":"applicationmanagepartners-display-component---NewPartner--btnAddTableRow-img"}]}
RESULT: undefined
COMMAND: POST /session/46bb650d91508c2d2391ddd9109884da/element - {"using":"xpath","value":"//*[@id=\"application-managepartners-display-component---NewPartner--btnAddTableRow-img\"]"}
RESULT: {"using":"xpath","value":"//*[@id=\"application-managepartners-display-component---NewPartner--btnAddTableRow-img\"]"}
COMMAND: POST /session/46bb650d91508c2d2391ddd9109884da/element/f.5B3D20EC533C2D5A6990C3A1119A1653.d.BB11E4195309C58EDF5E8B83272DC09E.e.1301/click - {}
RESULT: {}
COMMAND: GET /session/46bb650d91508c2d2391ddd9109884da/screenshot - {}
RESULT: {}
COMMAND: POST /session/46bb650d91508c2d2391ddd9109884da/element - {"using":"xpath","value":"//input[@id=\"application-managepartners-display-component---NewPartner--assignmentYard-application-managepartners-display-component---NewPartner--assignmentsTable-0-inner\"]"}
RESULT: {"using":"xpath","value":"//input[@id=\"application-managepartners-display-component---NewPartner--assignmentYard-application-managepartners-display-component---NewPartner--assignmentsTable-0-inner\"]"}
COMMAND: POST /session/46bb650d91508c2d2391ddd9109884da/element/f.5B3D20EC533C2D5A6990C3A1119A1653.d.BB11E4195309C58EDF5E8B83272DC09E.e.1304/clear - {}
RESULT: {}
COMMAND: POST /session/46bb650d91508c2d2391ddd9109884da/element/f.5B3D20EC533C2D5A6990C3A1119A1653.d.BB11E4195309C58EDF5E8B83272DC09E.e.1304/value - {"text":"196"}
COMMAND: GET /session/46bb650d91508c2d2391ddd9109884da/screenshot - {}
RESULT: {"text":"196"}
COMMAND: GET /session/46bb650d91508c2d2391ddd9109884da/screenshot - {}
RESULT: {}
RESULT: {}
COMMAND: POST /session/46bb650d91508c2d2391ddd9109884da/element - {"using":"xpath","value":"//li[.//span[text()='196']]"}
RESULT: {"using":"xpath","value":"//li[.//span[text()='196']]"}
COMMAND: POST /session/46bb650d91508c2d2391ddd9109884da/element/f.5B3D20EC533C2D5A6990C3A1119A1653.d.BB11E4195309C58EDF5E8B83272DC09E.e.1312/click - {}
RESULT: {}
COMMAND: GET /session/46bb650d91508c2d2391ddd9109884da/screenshot - {}
RESULT: {}
COMMAND: POST /session/46bb650d91508c2d2391ddd9109884da/actions - {"actions":[{"id":"action2","type":"key","parameters":{},"actions":[{"type":"keyDown","value":""},{"type":"pause","duration":10},{"type":"keyUp","value":""}]}]}
RESULT: {"actions":[{"id":"action2","type":"key","parameters":{},"actions":[{"type":"keyDown","value":""},{"type":"pause","duration":10},{"type":"keyUp","value":""}]}]}
COMMAND: POST /session/46bb650d91508c2d2391ddd9109884da/element - {"using":"xpath","value":"//td[contains(@id, \"assignmentsTable-0-cell2\")]/div/div"}
COMMAND: GET /session/46bb650d91508c2d2391ddd9109884da/screenshot - {}
RESULT: {"using":"xpath","value":"//td[contains(@id, \"assignmentsTable-0-cell2\")]/div/div"}
COMMAND: POST /session/46bb650d91508c2d2391ddd9109884da/element/f.5B3D20EC533C2D5A6990C3A1119A1653.d.BB11E4195309C58EDF5E8B83272DC09E.e.1315/click - {}
RESULT: {}
RESULT: {}
COMMAND: GET /session/46bb650d91508c2d2391ddd9109884da/screenshot - {}
RESULT: {}
COMMAND: POST /session/46bb650d91508c2d2391ddd9109884da/execute/async - {"script":"<script> [1562 bytes]","args":[{"selector":{"id":"application-managepartners-display-component---NewPartner--externalCustomerComboBox-application-managepartners-display-component---NewPartner--assignmentsTable-0-vhi"},"wdio_ui5_key":"applicationmanagepartners-display-component---NewPartner--externalCustomerComboBox-application-managepartners-display-component---NewPartner--assignmentsTable-0-vhi"}]}
RESULT: {"script":"<script> [1562 bytes]","args":[{"selector":{"id":"application-managepartners-display-component---NewPartner--externalCustomerComboBox-application-managepartners-display-component---NewPartner--assignmentsTable-0-vhi"},"wdio_ui5_key":"applicationmanagepartners-display-component---NewPartner--externalCustomerComboBox-application-managepartners-display-component---NewPartner--assignmentsTable-0-vhi"}]}
RESULT: undefined
COMMAND: POST /session/46bb650d91508c2d2391ddd9109884da/element - {"using":"xpath","value":"//*[@id=\"application-managepartners-display-component---NewPartner--externalCustomerComboBox-application-managepartners-display-component---NewPartner--assignmentsTable-0-vhi\"]"}
RESULT: {"using":"xpath","value":"//*[@id=\"application-managepartners-display-component---NewPartner--externalCustomerComboBox-application-managepartners-display-component---NewPartner--assignmentsTable-0-vhi\"]"}
COMMAND: POST /session/46bb650d91508c2d2391ddd9109884da/element/f.5B3D20EC533C2D5A6990C3A1119A1653.d.BB11E4195309C58EDF5E8B83272DC09E.e.1316/click - {}
RESULT: {}
RESULT: undefined
COMMAND: POST /session/46bb650d91508c2d2391ddd9109884da/execute/async - {"script":"<script> [776 bytes]","args":[{"enterText":"300003","selector":{"controlType":"sap.m.SearchField","properties":{"placeholder":"Search"},"searchOpenDialogs":true,"interaction":{"idSuffix":"I"}},"clearTextFirst":true,"interactionType":"ENTER_TEXT"}]}
COMMAND: GET /session/46bb650d91508c2d2391ddd9109884da/screenshot - {}
RESULT: {"script":"<script> [776 bytes]","args":[{"enterText":"300003","selector":{"controlType":"sap.m.SearchField","properties":{"placeholder":"Search"},"searchOpenDialogs":true,"interaction":{"idSuffix":"I"}},"clearTextFirst":true,"interactionType":"ENTER_TEXT"}]}
COMMAND: POST /session/46bb650d91508c2d2391ddd9109884da/actions - {"actions":[{"id":"action3","type":"key","parameters":{},"actions":[{"type":"keyDown","value":""},{"type":"pause","duration":10},{"type":"keyUp","value":""}]}]}
RESULT: {}
RESULT: {"actions":[{"id":"action3","type":"key","parameters":{},"actions":[{"type":"keyDown","value":""},{"type":"pause","duration":10},{"type":"keyUp","value":""}]}]}
COMMAND: GET /session/46bb650d91508c2d2391ddd9109884da/screenshot - {}
RESULT: {}
COMMAND: POST /session/46bb650d91508c2d2391ddd9109884da/element - {"using":"xpath","value":"//span[contains(text(), \"300003\")]"}
RESULT: {"using":"xpath","value":"//span[contains(text(), \"300003\")]"}
COMMAND: POST /session/46bb650d91508c2d2391ddd9109884da/element/f.5B3D20EC533C2D5A6990C3A1119A1653.d.BB11E4195309C58EDF5E8B83272DC09E.e.1333/click - {}
RESULT: {}
COMMAND: GET /session/46bb650d91508c2d2391ddd9109884da/screenshot - {}
RESULT: {}
COMMAND: POST /session/46bb650d91508c2d2391ddd9109884da/element - {"using":"xpath","value":"//bdi[contains(text(), \"OK\")]"}
RESULT: {"using":"xpath","value":"//bdi[contains(text(), \"OK\")]"}
COMMAND: POST /session/46bb650d91508c2d2391ddd9109884da/element/f.5B3D20EC533C2D5A6990C3A1119A1653.d.BB11E4195309C58EDF5E8B83272DC09E.e.1335/click - {}
RESULT: {}
COMMAND: GET /session/46bb650d91508c2d2391ddd9109884da/screenshot - {}
RESULT: {}
COMMAND: POST /session/46bb650d91508c2d2391ddd9109884da/execute/async - {"script":"<script> [1562 bytes]","args":[{"selector":{"id":"application-managepartners-display-component---NewPartner--externalVendorComboBox-application-managepartners-display-component---NewPartner--assignmentsTable-0-vhi"},"wdio_ui5_key":"applicationmanagepartners-display-component---NewPartner--externalVendorComboBox-application-managepartners-display-component---NewPartner--assignmentsTable-0-vhi"}]}
RESULT: {"script":"<script> [1562 bytes]","args":[{"selector":{"id":"application-managepartners-display-component---NewPartner--externalVendorComboBox-application-managepartners-display-component---NewPartner--assignmentsTable-0-vhi"},"wdio_ui5_key":"applicationmanagepartners-display-component---NewPartner--externalVendorComboBox-application-managepartners-display-component---NewPartner--assignmentsTable-0-vhi"}]}
RESULT: undefined
COMMAND: POST /session/46bb650d91508c2d2391ddd9109884da/element - {"using":"xpath","value":"//*[@id=\"application-managepartners-display-component---NewPartner--externalVendorComboBox-application-managepartners-display-component---NewPartner--assignmentsTable-0-vhi\"]"}
RESULT: {"using":"xpath","value":"//*[@id=\"application-managepartners-display-component---NewPartner--externalVendorComboBox-application-managepartners-display-component---NewPartner--assignmentsTable-0-vhi\"]"}
COMMAND: POST /session/46bb650d91508c2d2391ddd9109884da/element/f.5B3D20EC533C2D5A6990C3A1119A1653.d.BB11E4195309C58EDF5E8B83272DC09E.e.1339/click - {}
RESULT: {}
RESULT: undefined
COMMAND: POST /session/46bb650d91508c2d2391ddd9109884da/execute/async - {"script":"<script> [776 bytes]","args":[{"enterText":"100005","selector":{"controlType":"sap.m.SearchField","properties":{"placeholder":"Search"},"searchOpenDialogs":true,"interaction":{"idSuffix":"I"}},"clearTextFirst":true,"interactionType":"ENTER_TEXT"}]}
COMMAND: GET /session/46bb650d91508c2d2391ddd9109884da/screenshot - {}
RESULT: {"script":"<script> [776 bytes]","args":[{"enterText":"100005","selector":{"controlType":"sap.m.SearchField","properties":{"placeholder":"Search"},"searchOpenDialogs":true,"interaction":{"idSuffix":"I"}},"clearTextFirst":true,"interactionType":"ENTER_TEXT"}]}
COMMAND: POST /session/46bb650d91508c2d2391ddd9109884da/actions - {"actions":[{"id":"action4","type":"key","parameters":{},"actions":[{"type":"keyDown","value":""},{"type":"pause","duration":10},{"type":"keyUp","value":""}]}]}
RESULT: {}
RESULT: {"actions":[{"id":"action4","type":"key","parameters":{},"actions":[{"type":"keyDown","value":""},{"type":"pause","duration":10},{"type":"keyUp","value":""}]}]}
COMMAND: GET /session/46bb650d91508c2d2391ddd9109884da/screenshot - {}
RESULT: {}
COMMAND: POST /session/46bb650d91508c2d2391ddd9109884da/element - {"using":"xpath","value":"//span[contains(text(), \"Penguins - Field/12345 Berlin\")]"}
RESULT: {"using":"xpath","value":"//span[contains(text(), \"Penguins - Field/12345 Berlin\")]"}
COMMAND: POST /session/46bb650d91508c2d2391ddd9109884da/element/f.5B3D20EC533C2D5A6990C3A1119A1653.d.BB11E4195309C58EDF5E8B83272DC09E.e.1358/click - {}
RESULT: {}
COMMAND: GET /session/46bb650d91508c2d2391ddd9109884da/screenshot - {}
RESULT: {}
COMMAND: POST /session/46bb650d91508c2d2391ddd9109884da/element - {"using":"xpath","value":"//bdi[contains(text(), \"OK\")]"}
RESULT: {"using":"xpath","value":"//bdi[contains(text(), \"OK\")]"}
COMMAND: POST /session/46bb650d91508c2d2391ddd9109884da/element/f.5B3D20EC533C2D5A6990C3A1119A1653.d.BB11E4195309C58EDF5E8B83272DC09E.e.1359/click - {}
RESULT: {}
COMMAND: GET /session/46bb650d91508c2d2391ddd9109884da/screenshot - {}
RESULT: {}
COMMAND: POST /session/46bb650d91508c2d2391ddd9109884da/element - {"using":"xpath","value":"//button[@data-kt=\"saveButton\"]"}
RESULT: {"using":"xpath","value":"//button[@data-kt=\"saveButton\"]"}
COMMAND: POST /session/46bb650d91508c2d2391ddd9109884da/element/f.5B3D20EC533C2D5A6990C3A1119A1653.d.BB11E4195309C58EDF5E8B83272DC09E.e.1192/click - {}
RESULT: {}
COMMAND: GET /session/46bb650d91508c2d2391ddd9109884da/screenshot - {}
RESULT: {}
COMMAND: POST /session/46bb650d91508c2d2391ddd9109884da/element - {"using":"xpath","value":"//header[contains(@id, 'ObjectPageLayout-headerTitle')]/div[1]/div[2]/div[2]/span[1]"}
RESULT: {"using":"xpath","value":"//header[contains(@id, 'ObjectPageLayout-headerTitle')]/div[1]/div[2]/div[2]/span[1]"}
COMMAND: POST /session/46bb650d91508c2d2391ddd9109884da/elements - {"using":"xpath","value":"//header[contains(@id, 'ObjectPageLayout-headerTitle')]/div[1]/div[2]/div[2]/span[1]"}
RESULT: {"using":"xpath","value":"//header[contains(@id, 'ObjectPageLayout-headerTitle')]/div[1]/div[2]/div[2]/span[1]"}
COMMAND: POST /session/46bb650d91508c2d2391ddd9109884da/execute/sync - {"script":"<script> [56 bytes]","args":[{"element-6066-11e4-a52e-4f735466cecf":"f.5B3D20EC533C2D5A6990C3A1119A1653.d.BB11E4195309C58EDF5E8B83272DC09E.e.1477","ELEMENT":"f.5B3D20EC533C2D5A6990C3A1119A1653.d.BB11E4195309C58EDF5E8B83272DC09E.e.1477"}]}
RESULT: {"script":"<script> [56 bytes]","args":[{"element-6066-11e4-a52e-4f735466cecf":"f.5B3D20EC533C2D5A6990C3A1119A1653.d.BB11E4195309C58EDF5E8B83272DC09E.e.1477","ELEMENT":"f.5B3D20EC533C2D5A6990C3A1119A1653.d.BB11E4195309C58EDF5E8B83272DC09E.e.1477"}]}
COMMAND: POST /session/46bb650d91508c2d2391ddd9109884da/element - {"using":"css selector","value":"#shell-header-logo"}
COMMAND: GET /session/46bb650d91508c2d2391ddd9109884da/screenshot - {}
RESULT: {"using":"css selector","value":"#shell-header-logo"}
COMMAND: POST /session/46bb650d91508c2d2391ddd9109884da/element/f.5B3D20EC533C2D5A6990C3A1119A1653.d.BB11E4195309C58EDF5E8B83272DC09E.e.889/click - {}
RESULT: {}
RESULT: {}
COMMAND: GET /session/46bb650d91508c2d2391ddd9109884da/screenshot - {}
]]></system-out>
    </testcase>
    <testcase classname="chrome.135_0_7049_42.windows.Partner_specific_tests_US150819_US151080_US151654_US151176" name="Should filter and search partners US151080" time="76.168">
      <system-out><![CDATA[
RESULT: undefined
COMMAND: POST /session/46bb650d91508c2d2391ddd9109884da/element - {"using":"xpath","value":"//*[@id=\"__tile38\"]"}
RESULT: {}
RESULT: {"using":"xpath","value":"//*[@id=\"__tile38\"]"}
COMMAND: POST /session/46bb650d91508c2d2391ddd9109884da/element/f.5B3D20EC533C2D5A6990C3A1119A1653.d.BB11E4195309C58EDF5E8B83272DC09E.e.887/click - {}
RESULT: {}
COMMAND: POST /session/46bb650d91508c2d2391ddd9109884da/element - {"using":"xpath","value":"//button[@data-kt=\"addButton\"]"}
COMMAND: GET /session/46bb650d91508c2d2391ddd9109884da/screenshot - {}
RESULT: {"using":"xpath","value":"//button[@data-kt=\"addButton\"]"}
COMMAND: POST /session/46bb650d91508c2d2391ddd9109884da/elements - {"using":"xpath","value":"//button[@data-kt=\"addButton\"]"}
RESULT: {}
RESULT: {"using":"xpath","value":"//button[@data-kt=\"addButton\"]"}
COMMAND: POST /session/46bb650d91508c2d2391ddd9109884da/execute/sync - {"script":"<script> [8489 bytes]","args":[{"element-6066-11e4-a52e-4f735466cecf":"f.5B3D20EC533C2D5A6990C3A1119A1653.d.BB11E4195309C58EDF5E8B83272DC09E.e.1509","ELEMENT":"f.5B3D20EC533C2D5A6990C3A1119A1653.d.BB11E4195309C58EDF5E8B83272DC09E.e.1509"}]}
RESULT: {"script":"<script> [8489 bytes]","args":[{"element-6066-11e4-a52e-4f735466cecf":"f.5B3D20EC533C2D5A6990C3A1119A1653.d.BB11E4195309C58EDF5E8B83272DC09E.e.1509","ELEMENT":"f.5B3D20EC533C2D5A6990C3A1119A1653.d.BB11E4195309C58EDF5E8B83272DC09E.e.1509"}]}
COMMAND: GET /session/46bb650d91508c2d2391ddd9109884da/element/f.5B3D20EC533C2D5A6990C3A1119A1653.d.BB11E4195309C58EDF5E8B83272DC09E.e.1509/enabled - {}
COMMAND: GET /session/46bb650d91508c2d2391ddd9109884da/screenshot - {}
RESULT: {}
COMMAND: POST /session/46bb650d91508c2d2391ddd9109884da/execute/sync - {"script":"<script> [8489 bytes]","args":[{"element-6066-11e4-a52e-4f735466cecf":"f.5B3D20EC533C2D5A6990C3A1119A1653.d.BB11E4195309C58EDF5E8B83272DC09E.e.1509","ELEMENT":"f.5B3D20EC533C2D5A6990C3A1119A1653.d.BB11E4195309C58EDF5E8B83272DC09E.e.1509"}]}
COMMAND: GET /session/46bb650d91508c2d2391ddd9109884da/screenshot - {}
RESULT: {}
RESULT: {}
RESULT: {"script":"<script> [8489 bytes]","args":[{"element-6066-11e4-a52e-4f735466cecf":"f.5B3D20EC533C2D5A6990C3A1119A1653.d.BB11E4195309C58EDF5E8B83272DC09E.e.1509","ELEMENT":"f.5B3D20EC533C2D5A6990C3A1119A1653.d.BB11E4195309C58EDF5E8B83272DC09E.e.1509"}]}
COMMAND: POST /session/46bb650d91508c2d2391ddd9109884da/execute/sync - {"script":"<script> [5351 bytes]","args":[{"element-6066-11e4-a52e-4f735466cecf":"f.5B3D20EC533C2D5A6990C3A1119A1653.d.BB11E4195309C58EDF5E8B83272DC09E.e.1509","ELEMENT":"f.5B3D20EC533C2D5A6990C3A1119A1653.d.BB11E4195309C58EDF5E8B83272DC09E.e.1509"}]}
COMMAND: GET /session/46bb650d91508c2d2391ddd9109884da/screenshot - {}
RESULT: {"script":"<script> [5351 bytes]","args":[{"element-6066-11e4-a52e-4f735466cecf":"f.5B3D20EC533C2D5A6990C3A1119A1653.d.BB11E4195309C58EDF5E8B83272DC09E.e.1509","ELEMENT":"f.5B3D20EC533C2D5A6990C3A1119A1653.d.BB11E4195309C58EDF5E8B83272DC09E.e.1509"}]}
COMMAND: GET /session/46bb650d91508c2d2391ddd9109884da/screenshot - {}
RESULT: {}
RESULT: {}
COMMAND: POST /session/46bb650d91508c2d2391ddd9109884da/execute/async - {"script":"<script> [1562 bytes]","args":[{"selector":{"id":"application-managepartners-display-component---masterPtm--smartTable-btnPersonalisation-img"},"wdio_ui5_key":"applicationmanagepartners-display-component---masterPtm--smartTable-btnPersonalisation-img"}]}
RESULT: {"script":"<script> [1562 bytes]","args":[{"selector":{"id":"application-managepartners-display-component---masterPtm--smartTable-btnPersonalisation-img"},"wdio_ui5_key":"applicationmanagepartners-display-component---masterPtm--smartTable-btnPersonalisation-img"}]}
RESULT: undefined
COMMAND: POST /session/46bb650d91508c2d2391ddd9109884da/element - {"using":"xpath","value":"//*[@id=\"application-managepartners-display-component---masterPtm--smartTable-btnPersonalisation-img\"]"}
RESULT: {"using":"xpath","value":"//*[@id=\"application-managepartners-display-component---masterPtm--smartTable-btnPersonalisation-img\"]"}
COMMAND: POST /session/46bb650d91508c2d2391ddd9109884da/element/f.5B3D20EC533C2D5A6990C3A1119A1653.d.BB11E4195309C58EDF5E8B83272DC09E.e.1529/click - {}
RESULT: {}
COMMAND: GET /session/46bb650d91508c2d2391ddd9109884da/screenshot - {}
RESULT: {}
COMMAND: POST /session/46bb650d91508c2d2391ddd9109884da/execute/async - {"script":"<script> [1562 bytes]","args":[{"selector":{"controlType":"sap.m.IconTabFilter","viewName":"etm.portal.ui.managepartners.view.Master","viewId":"application-managepartners-display-component---masterPtm","properties":{"text":"Sort"},"searchOpenDialogs":true,"interaction":{"idSuffix":"text"}},"wdio_ui5_key":"etmportal.ui.managepartners.view.Mastersap.m.IconTabFilter{\"text\":\"Sort\"}"}]}
RESULT: {"script":"<script> [1562 bytes]","args":[{"selector":{"controlType":"sap.m.IconTabFilter","viewName":"etm.portal.ui.managepartners.view.Master","viewId":"application-managepartners-display-component---masterPtm","properties":{"text":"Sort"},"searchOpenDialogs":true,"interaction":{"idSuffix":"text"}},"wdio_ui5_key":"etmportal.ui.managepartners.view.Mastersap.m.IconTabFilter{\"text\":\"Sort\"}"}]}
RESULT: undefined
COMMAND: POST /session/46bb650d91508c2d2391ddd9109884da/element - {"using":"xpath","value":"//*[@id=\"__filter1\"]"}
RESULT: {"using":"xpath","value":"//*[@id=\"__filter1\"]"}
COMMAND: POST /session/46bb650d91508c2d2391ddd9109884da/element/f.5B3D20EC533C2D5A6990C3A1119A1653.d.BB11E4195309C58EDF5E8B83272DC09E.e.1624/click - {}
RESULT: {}
COMMAND: GET /session/46bb650d91508c2d2391ddd9109884da/screenshot - {}
RESULT: {}
COMMAND: POST /session/46bb650d91508c2d2391ddd9109884da/element - {"using":"xpath","value":"//input[@placeholder=\"Sort by\"]/following-sibling::div//span"}
RESULT: {"using":"xpath","value":"//input[@placeholder=\"Sort by\"]/following-sibling::div//span"}
COMMAND: POST /session/46bb650d91508c2d2391ddd9109884da/element/f.5B3D20EC533C2D5A6990C3A1119A1653.d.BB11E4195309C58EDF5E8B83272DC09E.e.1626/click - {}
RESULT: {}
COMMAND: GET /session/46bb650d91508c2d2391ddd9109884da/screenshot - {}
RESULT: {}
COMMAND: POST /session/46bb650d91508c2d2391ddd9109884da/element - {"using":"xpath","value":"//li[.//span[text()=\"Language\"]]"}
RESULT: {"using":"xpath","value":"//li[.//span[text()=\"Language\"]]"}
COMMAND: POST /session/46bb650d91508c2d2391ddd9109884da/element/f.5B3D20EC533C2D5A6990C3A1119A1653.d.BB11E4195309C58EDF5E8B83272DC09E.e.1627/click - {}
RESULT: {}
COMMAND: GET /session/46bb650d91508c2d2391ddd9109884da/screenshot - {}
RESULT: {}
COMMAND: POST /session/46bb650d91508c2d2391ddd9109884da/element - {"using":"xpath","value":"//bdi[contains(text(), \"OK\")]"}
RESULT: {"using":"xpath","value":"//bdi[contains(text(), \"OK\")]"}
COMMAND: POST /session/46bb650d91508c2d2391ddd9109884da/element/f.5B3D20EC533C2D5A6990C3A1119A1653.d.BB11E4195309C58EDF5E8B83272DC09E.e.1631/click - {}
RESULT: {}
COMMAND: GET /session/46bb650d91508c2d2391ddd9109884da/screenshot - {}
RESULT: {}
COMMAND: POST /session/46bb650d91508c2d2391ddd9109884da/element - {"using":"xpath","value":"//table[contains(@id, \"customPartnersTable\")]//tbody/tr[1]/td[3]/span"}
RESULT: {"using":"xpath","value":"//table[contains(@id, \"customPartnersTable\")]//tbody/tr[1]/td[3]/span"}
COMMAND: POST /session/46bb650d91508c2d2391ddd9109884da/execute/sync - {"script":"<script> [56 bytes]","args":[{"element-6066-11e4-a52e-4f735466cecf":"f.5B3D20EC533C2D5A6990C3A1119A1653.d.BB11E4195309C58EDF5E8B83272DC09E.e.1741","ELEMENT":"f.5B3D20EC533C2D5A6990C3A1119A1653.d.BB11E4195309C58EDF5E8B83272DC09E.e.1741"}]}
RESULT: {"script":"<script> [56 bytes]","args":[{"element-6066-11e4-a52e-4f735466cecf":"f.5B3D20EC533C2D5A6990C3A1119A1653.d.BB11E4195309C58EDF5E8B83272DC09E.e.1741","ELEMENT":"f.5B3D20EC533C2D5A6990C3A1119A1653.d.BB11E4195309C58EDF5E8B83272DC09E.e.1741"}]}
RESULT: undefined
COMMAND: POST /session/46bb650d91508c2d2391ddd9109884da/element - {"using":"xpath","value":"//*[@id=\"application-managepartners-display-component---masterPtm--smartTable-btnPersonalisation-img\"]"}
COMMAND: GET /session/46bb650d91508c2d2391ddd9109884da/screenshot - {}
RESULT: {"using":"xpath","value":"//*[@id=\"application-managepartners-display-component---masterPtm--smartTable-btnPersonalisation-img\"]"}
COMMAND: POST /session/46bb650d91508c2d2391ddd9109884da/element/f.5B3D20EC533C2D5A6990C3A1119A1653.d.BB11E4195309C58EDF5E8B83272DC09E.e.1529/click - {}
RESULT: {}
RESULT: {}
COMMAND: GET /session/46bb650d91508c2d2391ddd9109884da/screenshot - {}
RESULT: {}
COMMAND: POST /session/46bb650d91508c2d2391ddd9109884da/element - {"using":"xpath","value":"//bdi[contains(text(), \"Reset\")]"}
RESULT: {"using":"xpath","value":"//bdi[contains(text(), \"Reset\")]"}
COMMAND: POST /session/46bb650d91508c2d2391ddd9109884da/element/f.5B3D20EC533C2D5A6990C3A1119A1653.d.BB11E4195309C58EDF5E8B83272DC09E.e.1745/click - {}
RESULT: {}
COMMAND: GET /session/46bb650d91508c2d2391ddd9109884da/screenshot - {}
RESULT: {}
COMMAND: POST /session/46bb650d91508c2d2391ddd9109884da/element - {"using":"xpath","value":"(//bdi[contains(text(), \"OK\")])[2]"}
RESULT: {"using":"xpath","value":"(//bdi[contains(text(), \"OK\")])[2]"}
COMMAND: POST /session/46bb650d91508c2d2391ddd9109884da/element/f.5B3D20EC533C2D5A6990C3A1119A1653.d.BB11E4195309C58EDF5E8B83272DC09E.e.1748/click - {}
RESULT: {}
COMMAND: GET /session/46bb650d91508c2d2391ddd9109884da/screenshot - {}
RESULT: {}
COMMAND: POST /session/46bb650d91508c2d2391ddd9109884da/element - {"using":"xpath","value":"//bdi[contains(text(), \"OK\")]"}
RESULT: {"using":"xpath","value":"//bdi[contains(text(), \"OK\")]"}
COMMAND: POST /session/46bb650d91508c2d2391ddd9109884da/element/f.5B3D20EC533C2D5A6990C3A1119A1653.d.BB11E4195309C58EDF5E8B83272DC09E.e.1789/click - {}
RESULT: {}
COMMAND: GET /session/46bb650d91508c2d2391ddd9109884da/screenshot - {}
RESULT: {}
COMMAND: POST /session/46bb650d91508c2d2391ddd9109884da/element - {"using":"xpath","value":"//table[contains(@id, \"customPartnersTable\")]//tbody/tr[1]/td[3]/span"}
RESULT: {"using":"xpath","value":"//table[contains(@id, \"customPartnersTable\")]//tbody/tr[1]/td[3]/span"}
COMMAND: POST /session/46bb650d91508c2d2391ddd9109884da/execute/sync - {"script":"<script> [56 bytes]","args":[{"element-6066-11e4-a52e-4f735466cecf":"f.5B3D20EC533C2D5A6990C3A1119A1653.d.BB11E4195309C58EDF5E8B83272DC09E.e.1792","ELEMENT":"f.5B3D20EC533C2D5A6990C3A1119A1653.d.BB11E4195309C58EDF5E8B83272DC09E.e.1792"}]}
RESULT: {"script":"<script> [56 bytes]","args":[{"element-6066-11e4-a52e-4f735466cecf":"f.5B3D20EC533C2D5A6990C3A1119A1653.d.BB11E4195309C58EDF5E8B83272DC09E.e.1792","ELEMENT":"f.5B3D20EC533C2D5A6990C3A1119A1653.d.BB11E4195309C58EDF5E8B83272DC09E.e.1792"}]}
RESULT: undefined
COMMAND: POST /session/46bb650d91508c2d2391ddd9109884da/element - {"using":"xpath","value":"//*[@id=\"application-managepartners-display-component---masterPtm--smartTable-btnPersonalisation-img\"]"}
RESULT: {"using":"xpath","value":"//*[@id=\"application-managepartners-display-component---masterPtm--smartTable-btnPersonalisation-img\"]"}
COMMAND: POST /session/46bb650d91508c2d2391ddd9109884da/element/f.5B3D20EC533C2D5A6990C3A1119A1653.d.BB11E4195309C58EDF5E8B83272DC09E.e.1529/click - {}
RESULT: {}
COMMAND: GET /session/46bb650d91508c2d2391ddd9109884da/screenshot - {}
COMMAND: GET /session/46bb650d91508c2d2391ddd9109884da/screenshot - {}
RESULT: {}
RESULT: {}
COMMAND: POST /session/46bb650d91508c2d2391ddd9109884da/execute/async - {"script":"<script> [1562 bytes]","args":[{"selector":{"controlType":"sap.m.IconTabFilter","viewName":"etm.portal.ui.managepartners.view.Master","viewId":"application-managepartners-display-component---masterPtm","properties":{"text":"Filter"},"searchOpenDialogs":true,"interaction":{"idSuffix":"text"}},"wdio_ui5_key":"etmportal.ui.managepartners.view.Mastersap.m.IconTabFilter{\"text\":\"Filter\"}"}]}
RESULT: {"script":"<script> [1562 bytes]","args":[{"selector":{"controlType":"sap.m.IconTabFilter","viewName":"etm.portal.ui.managepartners.view.Master","viewId":"application-managepartners-display-component---masterPtm","properties":{"text":"Filter"},"searchOpenDialogs":true,"interaction":{"idSuffix":"text"}},"wdio_ui5_key":"etmportal.ui.managepartners.view.Mastersap.m.IconTabFilter{\"text\":\"Filter\"}"}]}
RESULT: undefined
COMMAND: POST /session/46bb650d91508c2d2391ddd9109884da/element - {"using":"xpath","value":"//*[@id=\"__filter10\"]"}
RESULT: {"using":"xpath","value":"//*[@id=\"__filter10\"]"}
COMMAND: POST /session/46bb650d91508c2d2391ddd9109884da/element/f.5B3D20EC533C2D5A6990C3A1119A1653.d.BB11E4195309C58EDF5E8B83272DC09E.e.1798/click - {}
RESULT: {}
COMMAND: GET /session/46bb650d91508c2d2391ddd9109884da/screenshot - {}
RESULT: {}
COMMAND: POST /session/46bb650d91508c2d2391ddd9109884da/element - {"using":"xpath","value":"//input[@placeholder=\"Filter by\"]/following-sibling::div//span"}
RESULT: {"using":"xpath","value":"//input[@placeholder=\"Filter by\"]/following-sibling::div//span"}
COMMAND: POST /session/46bb650d91508c2d2391ddd9109884da/element/f.5B3D20EC533C2D5A6990C3A1119A1653.d.BB11E4195309C58EDF5E8B83272DC09E.e.1800/click - {}
RESULT: {}
COMMAND: GET /session/46bb650d91508c2d2391ddd9109884da/screenshot - {}
RESULT: {}
COMMAND: POST /session/46bb650d91508c2d2391ddd9109884da/element - {"using":"xpath","value":"//li[.//span[text()=\"Preferred Yard\"]]"}
RESULT: {"using":"xpath","value":"//li[.//span[text()=\"Preferred Yard\"]]"}
COMMAND: POST /session/46bb650d91508c2d2391ddd9109884da/element/f.5B3D20EC533C2D5A6990C3A1119A1653.d.BB11E4195309C58EDF5E8B83272DC09E.e.1801/click - {}
RESULT: {}
COMMAND: GET /session/46bb650d91508c2d2391ddd9109884da/screenshot - {}
RESULT: {}
COMMAND: POST /session/46bb650d91508c2d2391ddd9109884da/execute/async - {"script":"<script> [1562 bytes]","args":[{"selector":{"id":"FilterPanel-filterItemControl_BASIC-application-managepartners-display-component---masterPtm--smartTable-YARDYARD-vhi","searchOpenDialogs":true},"wdio_ui5_key":"FilterPanelfilterItemControl_BASIC-application-managepartners-display-component---masterPtm--smartTable-YARDYARD-vhi"}]}
RESULT: {"script":"<script> [1562 bytes]","args":[{"selector":{"id":"FilterPanel-filterItemControl_BASIC-application-managepartners-display-component---masterPtm--smartTable-YARDYARD-vhi","searchOpenDialogs":true},"wdio_ui5_key":"FilterPanelfilterItemControl_BASIC-application-managepartners-display-component---masterPtm--smartTable-YARDYARD-vhi"}]}
RESULT: undefined
COMMAND: POST /session/46bb650d91508c2d2391ddd9109884da/element - {"using":"xpath","value":"//*[@id=\"FilterPanel-filterItemControl_BASIC-application-managepartners-display-component---masterPtm--smartTable-YARDYARD-vhi\"]"}
RESULT: {"using":"xpath","value":"//*[@id=\"FilterPanel-filterItemControl_BASIC-application-managepartners-display-component---masterPtm--smartTable-YARDYARD-vhi\"]"}
COMMAND: POST /session/46bb650d91508c2d2391ddd9109884da/element/f.5B3D20EC533C2D5A6990C3A1119A1653.d.BB11E4195309C58EDF5E8B83272DC09E.e.1804/click - {}
RESULT: {}
COMMAND: GET /session/46bb650d91508c2d2391ddd9109884da/screenshot - {}
RESULT: {}
COMMAND: POST /session/46bb650d91508c2d2391ddd9109884da/execute/async - {"script":"<script> [1562 bytes]","args":[{"selector":{"id":"FilterPanel-filterItemControl_BASIC-application-managepartners-display-component---masterPtm--smartTable-YARDYARD-valueHelpDialog-smartFilterBar-btnBasicSearch","searchOpenDialogs":true,"interaction":{"idSuffix":"I"}},"wdio_ui5_key":"FilterPanelfilterItemControl_BASIC-application-managepartners-display-component---masterPtm--smartTable-YARDYARD-valueHelpDialog-smartFilterBar-btnBasicSearch"}]}
RESULT: {"script":"<script> [1562 bytes]","args":[{"selector":{"id":"FilterPanel-filterItemControl_BASIC-application-managepartners-display-component---masterPtm--smartTable-YARDYARD-valueHelpDialog-smartFilterBar-btnBasicSearch","searchOpenDialogs":true,"interaction":{"idSuffix":"I"}},"wdio_ui5_key":"FilterPanelfilterItemControl_BASIC-application-managepartners-display-component---masterPtm--smartTable-YARDYARD-valueHelpDialog-smartFilterBar-btnBasicSearch"}]}
RESULT: undefined
COMMAND: POST /session/46bb650d91508c2d2391ddd9109884da/execute/async - {"script":"<script> [776 bytes]","args":[{"enterText":"196","selector":{"id":"FilterPanel-filterItemControl_BASIC-application-managepartners-display-component---masterPtm--smartTable-YARDYARD-valueHelpDialog-smartFilterBar-btnBasicSearch","searchOpenDialogs":true,"interaction":{"idSuffix":"I"}},"clearTextFirst":true,"interactionType":"ENTER_TEXT"}]}
RESULT: {"script":"<script> [776 bytes]","args":[{"enterText":"196","selector":{"id":"FilterPanel-filterItemControl_BASIC-application-managepartners-display-component---masterPtm--smartTable-YARDYARD-valueHelpDialog-smartFilterBar-btnBasicSearch","searchOpenDialogs":true,"interaction":{"idSuffix":"I"}},"clearTextFirst":true,"interactionType":"ENTER_TEXT"}]}
COMMAND: POST /session/46bb650d91508c2d2391ddd9109884da/actions - {"actions":[{"id":"action5","type":"key","parameters":{},"actions":[{"type":"keyDown","value":""},{"type":"pause","duration":10},{"type":"keyUp","value":""}]}]}
RESULT: {"actions":[{"id":"action5","type":"key","parameters":{},"actions":[{"type":"keyDown","value":""},{"type":"pause","duration":10},{"type":"keyUp","value":""}]}]}
COMMAND: GET /session/46bb650d91508c2d2391ddd9109884da/screenshot - {}
RESULT: {}
COMMAND: POST /session/46bb650d91508c2d2391ddd9109884da/elements - {"using":"xpath","value":"//table[contains(@id, \"smartTable-YARDYARD-valueHelpDialog-table-table\")]/tbody/tr"}
RESULT: {"using":"xpath","value":"//table[contains(@id, \"smartTable-YARDYARD-valueHelpDialog-table-table\")]/tbody/tr"}
COMMAND: POST /session/46bb650d91508c2d2391ddd9109884da/element - {"using":"xpath","value":"//table[contains(@id, \"smartTable-YARDYARD-valueHelpDialog-table-table\")]/tbody/tr[1]/td[1]/div/span"}
RESULT: {"using":"xpath","value":"//table[contains(@id, \"smartTable-YARDYARD-valueHelpDialog-table-table\")]/tbody/tr[1]/td[1]/div/span"}
COMMAND: POST /session/46bb650d91508c2d2391ddd9109884da/elements - {"using":"xpath","value":"//table[contains(@id, \"smartTable-YARDYARD-valueHelpDialog-table-table\")]/tbody/tr[1]/td[1]/div/span"}
RESULT: {"using":"xpath","value":"//table[contains(@id, \"smartTable-YARDYARD-valueHelpDialog-table-table\")]/tbody/tr[1]/td[1]/div/span"}
COMMAND: POST /session/46bb650d91508c2d2391ddd9109884da/execute/sync - {"script":"<script> [56 bytes]","args":[{"element-6066-11e4-a52e-4f735466cecf":"f.5B3D20EC533C2D5A6990C3A1119A1653.d.BB11E4195309C58EDF5E8B83272DC09E.e.1823","ELEMENT":"f.5B3D20EC533C2D5A6990C3A1119A1653.d.BB11E4195309C58EDF5E8B83272DC09E.e.1823"}]}
RESULT: {"script":"<script> [56 bytes]","args":[{"element-6066-11e4-a52e-4f735466cecf":"f.5B3D20EC533C2D5A6990C3A1119A1653.d.BB11E4195309C58EDF5E8B83272DC09E.e.1823","ELEMENT":"f.5B3D20EC533C2D5A6990C3A1119A1653.d.BB11E4195309C58EDF5E8B83272DC09E.e.1823"}]}
COMMAND: POST /session/46bb650d91508c2d2391ddd9109884da/element - {"using":"xpath","value":"//div[contains(@id, \"YARDYARD-valueHelpDialog-table-rowsel0\")]"}
COMMAND: GET /session/46bb650d91508c2d2391ddd9109884da/screenshot - {}
RESULT: {"using":"xpath","value":"//div[contains(@id, \"YARDYARD-valueHelpDialog-table-rowsel0\")]"}
COMMAND: POST /session/46bb650d91508c2d2391ddd9109884da/element/f.5B3D20EC533C2D5A6990C3A1119A1653.d.BB11E4195309C58EDF5E8B83272DC09E.e.1824/click - {}
RESULT: {}
RESULT: {}
COMMAND: GET /session/46bb650d91508c2d2391ddd9109884da/screenshot - {}
RESULT: {}
COMMAND: POST /session/46bb650d91508c2d2391ddd9109884da/element - {"using":"xpath","value":"(//bdi[contains(text(), \"OK\")])[2]"}
RESULT: {"using":"xpath","value":"(//bdi[contains(text(), \"OK\")])[2]"}
COMMAND: POST /session/46bb650d91508c2d2391ddd9109884da/element/f.5B3D20EC533C2D5A6990C3A1119A1653.d.BB11E4195309C58EDF5E8B83272DC09E.e.1826/click - {}
RESULT: {}
COMMAND: GET /session/46bb650d91508c2d2391ddd9109884da/screenshot - {}
RESULT: {}
COMMAND: POST /session/46bb650d91508c2d2391ddd9109884da/element - {"using":"xpath","value":"//bdi[contains(text(), \"OK\")]"}
RESULT: {"using":"xpath","value":"//bdi[contains(text(), \"OK\")]"}
COMMAND: POST /session/46bb650d91508c2d2391ddd9109884da/element/f.5B3D20EC533C2D5A6990C3A1119A1653.d.BB11E4195309C58EDF5E8B83272DC09E.e.1829/click - {}
RESULT: {}
COMMAND: GET /session/46bb650d91508c2d2391ddd9109884da/screenshot - {}
RESULT: {}
COMMAND: POST /session/46bb650d91508c2d2391ddd9109884da/element - {"using":"xpath","value":"//table[contains(@id, \"customPartnersTable\")]//tbody/tr[1]/td[3]/span"}
RESULT: {"using":"xpath","value":"//table[contains(@id, \"customPartnersTable\")]//tbody/tr[1]/td[3]/span"}
COMMAND: POST /session/46bb650d91508c2d2391ddd9109884da/execute/sync - {"script":"<script> [56 bytes]","args":[{"element-6066-11e4-a52e-4f735466cecf":"f.5B3D20EC533C2D5A6990C3A1119A1653.d.BB11E4195309C58EDF5E8B83272DC09E.e.1880","ELEMENT":"f.5B3D20EC533C2D5A6990C3A1119A1653.d.BB11E4195309C58EDF5E8B83272DC09E.e.1880"}]}
RESULT: {"script":"<script> [56 bytes]","args":[{"element-6066-11e4-a52e-4f735466cecf":"f.5B3D20EC533C2D5A6990C3A1119A1653.d.BB11E4195309C58EDF5E8B83272DC09E.e.1880","ELEMENT":"f.5B3D20EC533C2D5A6990C3A1119A1653.d.BB11E4195309C58EDF5E8B83272DC09E.e.1880"}]}
COMMAND: POST /session/46bb650d91508c2d2391ddd9109884da/element - {"using":"css selector","value":"#shell-header-logo"}
COMMAND: GET /session/46bb650d91508c2d2391ddd9109884da/screenshot - {}
RESULT: {"using":"css selector","value":"#shell-header-logo"}
COMMAND: POST /session/46bb650d91508c2d2391ddd9109884da/element/f.5B3D20EC533C2D5A6990C3A1119A1653.d.BB11E4195309C58EDF5E8B83272DC09E.e.1480/click - {}
RESULT: {}
RESULT: {}
COMMAND: GET /session/46bb650d91508c2d2391ddd9109884da/screenshot - {}
RESULT: {}
]]></system-out>
    </testcase>
    <testcase classname="chrome.135_0_7049_42.windows.Partner_specific_tests_US150819_US151080_US151654_US151176" name="Should deactivate the created partner in earlier step US151654" time="39.301">
      <system-out><![CDATA[
RESULT: undefined
COMMAND: POST /session/46bb650d91508c2d2391ddd9109884da/element - {"using":"xpath","value":"//*[@id=\"__tile38\"]"}
RESULT: {"using":"xpath","value":"//*[@id=\"__tile38\"]"}
COMMAND: POST /session/46bb650d91508c2d2391ddd9109884da/element/f.5B3D20EC533C2D5A6990C3A1119A1653.d.BB11E4195309C58EDF5E8B83272DC09E.e.887/click - {}
RESULT: {}
COMMAND: POST /session/46bb650d91508c2d2391ddd9109884da/element - {"using":"xpath","value":"//button[@data-kt=\"addButton\"]"}
COMMAND: GET /session/46bb650d91508c2d2391ddd9109884da/screenshot - {}
RESULT: {"using":"xpath","value":"//button[@data-kt=\"addButton\"]"}
COMMAND: POST /session/46bb650d91508c2d2391ddd9109884da/elements - {"using":"xpath","value":"//button[@data-kt=\"addButton\"]"}
RESULT: {}
RESULT: {"using":"xpath","value":"//button[@data-kt=\"addButton\"]"}
COMMAND: POST /session/46bb650d91508c2d2391ddd9109884da/element - {"using":"xpath","value":"//button[@data-kt=\"addButton\"]"}
RESULT: {"using":"xpath","value":"//button[@data-kt=\"addButton\"]"}
COMMAND: POST /session/46bb650d91508c2d2391ddd9109884da/execute/sync - {"script":"<script> [8489 bytes]","args":[{"element-6066-11e4-a52e-4f735466cecf":"f.5B3D20EC533C2D5A6990C3A1119A1653.d.BB11E4195309C58EDF5E8B83272DC09E.e.1927","ELEMENT":"f.5B3D20EC533C2D5A6990C3A1119A1653.d.BB11E4195309C58EDF5E8B83272DC09E.e.1927"}]}
RESULT: {"script":"<script> [8489 bytes]","args":[{"element-6066-11e4-a52e-4f735466cecf":"f.5B3D20EC533C2D5A6990C3A1119A1653.d.BB11E4195309C58EDF5E8B83272DC09E.e.1927","ELEMENT":"f.5B3D20EC533C2D5A6990C3A1119A1653.d.BB11E4195309C58EDF5E8B83272DC09E.e.1927"}]}
COMMAND: GET /session/46bb650d91508c2d2391ddd9109884da/element/f.5B3D20EC533C2D5A6990C3A1119A1653.d.BB11E4195309C58EDF5E8B83272DC09E.e.1927/enabled - {}
COMMAND: GET /session/46bb650d91508c2d2391ddd9109884da/screenshot - {}
RESULT: {}
COMMAND: POST /session/46bb650d91508c2d2391ddd9109884da/execute/sync - {"script":"<script> [8489 bytes]","args":[{"element-6066-11e4-a52e-4f735466cecf":"f.5B3D20EC533C2D5A6990C3A1119A1653.d.BB11E4195309C58EDF5E8B83272DC09E.e.1927","ELEMENT":"f.5B3D20EC533C2D5A6990C3A1119A1653.d.BB11E4195309C58EDF5E8B83272DC09E.e.1927"}]}
COMMAND: GET /session/46bb650d91508c2d2391ddd9109884da/screenshot - {}
RESULT: {}
RESULT: {"script":"<script> [8489 bytes]","args":[{"element-6066-11e4-a52e-4f735466cecf":"f.5B3D20EC533C2D5A6990C3A1119A1653.d.BB11E4195309C58EDF5E8B83272DC09E.e.1927","ELEMENT":"f.5B3D20EC533C2D5A6990C3A1119A1653.d.BB11E4195309C58EDF5E8B83272DC09E.e.1927"}]}
COMMAND: POST /session/46bb650d91508c2d2391ddd9109884da/execute/sync - {"script":"<script> [5351 bytes]","args":[{"element-6066-11e4-a52e-4f735466cecf":"f.5B3D20EC533C2D5A6990C3A1119A1653.d.BB11E4195309C58EDF5E8B83272DC09E.e.1927","ELEMENT":"f.5B3D20EC533C2D5A6990C3A1119A1653.d.BB11E4195309C58EDF5E8B83272DC09E.e.1927"}]}
COMMAND: GET /session/46bb650d91508c2d2391ddd9109884da/screenshot - {}
RESULT: {}
RESULT: {"script":"<script> [5351 bytes]","args":[{"element-6066-11e4-a52e-4f735466cecf":"f.5B3D20EC533C2D5A6990C3A1119A1653.d.BB11E4195309C58EDF5E8B83272DC09E.e.1927","ELEMENT":"f.5B3D20EC533C2D5A6990C3A1119A1653.d.BB11E4195309C58EDF5E8B83272DC09E.e.1927"}]}
COMMAND: GET /session/46bb650d91508c2d2391ddd9109884da/screenshot - {}
RESULT: {}
RESULT: {}
COMMAND: POST /session/46bb650d91508c2d2391ddd9109884da/execute/async - {"script":"<script> [1562 bytes]","args":[{"selector":{"id":"application-managepartners-display-component---masterPtm--smartFilterBar-btnBasicSearch","interaction":{"idSuffix":"I"}},"wdio_ui5_key":"applicationmanagepartners-display-component---masterPtm--smartFilterBar-btnBasicSearch"}]}
RESULT: {"script":"<script> [1562 bytes]","args":[{"selector":{"id":"application-managepartners-display-component---masterPtm--smartFilterBar-btnBasicSearch","interaction":{"idSuffix":"I"}},"wdio_ui5_key":"applicationmanagepartners-display-component---masterPtm--smartFilterBar-btnBasicSearch"}]}
RESULT: undefined
COMMAND: POST /session/46bb650d91508c2d2391ddd9109884da/execute/async - {"script":"<script> [776 bytes]","args":[{"enterText":"1063","selector":{"id":"application-managepartners-display-component---masterPtm--smartFilterBar-btnBasicSearch","interaction":{"idSuffix":"I"}},"clearTextFirst":true,"interactionType":"ENTER_TEXT"}]}
RESULT: {"script":"<script> [776 bytes]","args":[{"enterText":"1063","selector":{"id":"application-managepartners-display-component---masterPtm--smartFilterBar-btnBasicSearch","interaction":{"idSuffix":"I"}},"clearTextFirst":true,"interactionType":"ENTER_TEXT"}]}
COMMAND: POST /session/46bb650d91508c2d2391ddd9109884da/actions - {"actions":[{"id":"action6","type":"key","parameters":{},"actions":[{"type":"keyDown","value":""},{"type":"pause","duration":10},{"type":"keyUp","value":""}]}]}
RESULT: {"actions":[{"id":"action6","type":"key","parameters":{},"actions":[{"type":"keyDown","value":""},{"type":"pause","duration":10},{"type":"keyUp","value":""}]}]}
COMMAND: GET /session/46bb650d91508c2d2391ddd9109884da/screenshot - {}
RESULT: {}
COMMAND: POST /session/46bb650d91508c2d2391ddd9109884da/elements - {"using":"xpath","value":"//table[contains(@id, \"customPartnersTable-listUl\")]/tbody/tr"}
RESULT: {"using":"xpath","value":"//table[contains(@id, \"customPartnersTable-listUl\")]/tbody/tr"}
COMMAND: POST /session/46bb650d91508c2d2391ddd9109884da/element - {"using":"xpath","value":"//table[contains(@id, \"customPartnersTable-listUl\")]/tbody/tr[1]/td[3]/span"}
RESULT: {"using":"xpath","value":"//table[contains(@id, \"customPartnersTable-listUl\")]/tbody/tr[1]/td[3]/span"}
COMMAND: POST /session/46bb650d91508c2d2391ddd9109884da/elements - {"using":"xpath","value":"//table[contains(@id, \"customPartnersTable-listUl\")]/tbody/tr[1]/td[3]/span"}
RESULT: {"using":"xpath","value":"//table[contains(@id, \"customPartnersTable-listUl\")]/tbody/tr[1]/td[3]/span"}
COMMAND: POST /session/46bb650d91508c2d2391ddd9109884da/execute/sync - {"script":"<script> [56 bytes]","args":[{"element-6066-11e4-a52e-4f735466cecf":"f.5B3D20EC533C2D5A6990C3A1119A1653.d.BB11E4195309C58EDF5E8B83272DC09E.e.2021","ELEMENT":"f.5B3D20EC533C2D5A6990C3A1119A1653.d.BB11E4195309C58EDF5E8B83272DC09E.e.2021"}]}
RESULT: {"script":"<script> [56 bytes]","args":[{"element-6066-11e4-a52e-4f735466cecf":"f.5B3D20EC533C2D5A6990C3A1119A1653.d.BB11E4195309C58EDF5E8B83272DC09E.e.2021","ELEMENT":"f.5B3D20EC533C2D5A6990C3A1119A1653.d.BB11E4195309C58EDF5E8B83272DC09E.e.2021"}]}
COMMAND: POST /session/46bb650d91508c2d2391ddd9109884da/element - {"using":"xpath","value":"//table[contains(@id, \"customPartnersTable-listUl\")]/tbody/tr[1]/td[7]/div/span"}
COMMAND: GET /session/46bb650d91508c2d2391ddd9109884da/screenshot - {}
RESULT: {"using":"xpath","value":"//table[contains(@id, \"customPartnersTable-listUl\")]/tbody/tr[1]/td[7]/div/span"}
COMMAND: POST /session/46bb650d91508c2d2391ddd9109884da/execute/sync - {"script":"<script> [56 bytes]","args":[{"element-6066-11e4-a52e-4f735466cecf":"f.5B3D20EC533C2D5A6990C3A1119A1653.d.BB11E4195309C58EDF5E8B83272DC09E.e.2022","ELEMENT":"f.5B3D20EC533C2D5A6990C3A1119A1653.d.BB11E4195309C58EDF5E8B83272DC09E.e.2022"}]}
RESULT: {}
RESULT: {"script":"<script> [56 bytes]","args":[{"element-6066-11e4-a52e-4f735466cecf":"f.5B3D20EC533C2D5A6990C3A1119A1653.d.BB11E4195309C58EDF5E8B83272DC09E.e.2022","ELEMENT":"f.5B3D20EC533C2D5A6990C3A1119A1653.d.BB11E4195309C58EDF5E8B83272DC09E.e.2022"}]}
COMMAND: POST /session/46bb650d91508c2d2391ddd9109884da/element - {"using":"xpath","value":"//table[contains(@id, \"customPartnersTable-listUl\")]/tbody/tr[1]/td[2]/div/div"}
COMMAND: GET /session/46bb650d91508c2d2391ddd9109884da/screenshot - {}
RESULT: {"using":"xpath","value":"//table[contains(@id, \"customPartnersTable-listUl\")]/tbody/tr[1]/td[2]/div/div"}
COMMAND: POST /session/46bb650d91508c2d2391ddd9109884da/element/f.5B3D20EC533C2D5A6990C3A1119A1653.d.BB11E4195309C58EDF5E8B83272DC09E.e.2014/click - {}
RESULT: {}
RESULT: {}
COMMAND: GET /session/46bb650d91508c2d2391ddd9109884da/screenshot - {}
RESULT: {}
COMMAND: POST /session/46bb650d91508c2d2391ddd9109884da/element - {"using":"xpath","value":"//bdi[contains(text(), \"Deactivate\")]"}
RESULT: {"using":"xpath","value":"//bdi[contains(text(), \"Deactivate\")]"}
COMMAND: POST /session/46bb650d91508c2d2391ddd9109884da/element/f.5B3D20EC533C2D5A6990C3A1119A1653.d.BB11E4195309C58EDF5E8B83272DC09E.e.2023/click - {}
RESULT: {}
COMMAND: GET /session/46bb650d91508c2d2391ddd9109884da/screenshot - {}
RESULT: {}
COMMAND: POST /session/46bb650d91508c2d2391ddd9109884da/element - {"using":"xpath","value":"//bdi[contains(text(), \"Yes\")]"}
RESULT: {"using":"xpath","value":"//bdi[contains(text(), \"Yes\")]"}
COMMAND: POST /session/46bb650d91508c2d2391ddd9109884da/element/f.5B3D20EC533C2D5A6990C3A1119A1653.d.BB11E4195309C58EDF5E8B83272DC09E.e.2025/click - {}
RESULT: {}
COMMAND: GET /session/46bb650d91508c2d2391ddd9109884da/screenshot - {}
RESULT: {}
COMMAND: POST /session/46bb650d91508c2d2391ddd9109884da/element - {"using":"xpath","value":"//table[contains(@id, \"customPartnersTable-listUl\")]/tbody/tr[1]/td[7]/div/span"}
RESULT: {"using":"xpath","value":"//table[contains(@id, \"customPartnersTable-listUl\")]/tbody/tr[1]/td[7]/div/span"}
COMMAND: POST /session/46bb650d91508c2d2391ddd9109884da/execute/sync - {"script":"<script> [56 bytes]","args":[{"element-6066-11e4-a52e-4f735466cecf":"f.5B3D20EC533C2D5A6990C3A1119A1653.d.BB11E4195309C58EDF5E8B83272DC09E.e.2022","ELEMENT":"f.5B3D20EC533C2D5A6990C3A1119A1653.d.BB11E4195309C58EDF5E8B83272DC09E.e.2022"}]}
RESULT: {"script":"<script> [56 bytes]","args":[{"element-6066-11e4-a52e-4f735466cecf":"f.5B3D20EC533C2D5A6990C3A1119A1653.d.BB11E4195309C58EDF5E8B83272DC09E.e.2022","ELEMENT":"f.5B3D20EC533C2D5A6990C3A1119A1653.d.BB11E4195309C58EDF5E8B83272DC09E.e.2022"}]}
COMMAND: GET /session/46bb650d91508c2d2391ddd9109884da/screenshot - {}
RESULT: {}
COMMAND: POST /session/46bb650d91508c2d2391ddd9109884da/element - {"using":"css selector","value":"#shell-header-logo"}
RESULT: {"using":"css selector","value":"#shell-header-logo"}
COMMAND: POST /session/46bb650d91508c2d2391ddd9109884da/element/f.5B3D20EC533C2D5A6990C3A1119A1653.d.BB11E4195309C58EDF5E8B83272DC09E.e.1883/click - {}
RESULT: {}
COMMAND: GET /session/46bb650d91508c2d2391ddd9109884da/screenshot - {}
RESULT: {}
]]></system-out>
    </testcase>
    <testcase classname="chrome.135_0_7049_42.windows.Partner_specific_tests_US150819_US151080_US151654_US151176" name="Should activate the created partner again US151176" time="38.601">
      <system-out><![CDATA[
RESULT: undefined
COMMAND: POST /session/46bb650d91508c2d2391ddd9109884da/element - {"using":"xpath","value":"//*[@id=\"__tile38\"]"}
RESULT: {"using":"xpath","value":"//*[@id=\"__tile38\"]"}
COMMAND: POST /session/46bb650d91508c2d2391ddd9109884da/element/f.5B3D20EC533C2D5A6990C3A1119A1653.d.BB11E4195309C58EDF5E8B83272DC09E.e.887/click - {}
RESULT: {}
COMMAND: POST /session/46bb650d91508c2d2391ddd9109884da/element - {"using":"xpath","value":"//button[@data-kt=\"addButton\"]"}
COMMAND: GET /session/46bb650d91508c2d2391ddd9109884da/screenshot - {}
RESULT: {"using":"xpath","value":"//button[@data-kt=\"addButton\"]"}
COMMAND: POST /session/46bb650d91508c2d2391ddd9109884da/elements - {"using":"xpath","value":"//button[@data-kt=\"addButton\"]"}
RESULT: {}
RESULT: {"using":"xpath","value":"//button[@data-kt=\"addButton\"]"}
COMMAND: POST /session/46bb650d91508c2d2391ddd9109884da/execute/sync - {"script":"<script> [8489 bytes]","args":[{"element-6066-11e4-a52e-4f735466cecf":"f.5B3D20EC533C2D5A6990C3A1119A1653.d.BB11E4195309C58EDF5E8B83272DC09E.e.2074","ELEMENT":"f.5B3D20EC533C2D5A6990C3A1119A1653.d.BB11E4195309C58EDF5E8B83272DC09E.e.2074"}]}
RESULT: {"script":"<script> [8489 bytes]","args":[{"element-6066-11e4-a52e-4f735466cecf":"f.5B3D20EC533C2D5A6990C3A1119A1653.d.BB11E4195309C58EDF5E8B83272DC09E.e.2074","ELEMENT":"f.5B3D20EC533C2D5A6990C3A1119A1653.d.BB11E4195309C58EDF5E8B83272DC09E.e.2074"}]}
COMMAND: GET /session/46bb650d91508c2d2391ddd9109884da/element/f.5B3D20EC533C2D5A6990C3A1119A1653.d.BB11E4195309C58EDF5E8B83272DC09E.e.2074/enabled - {}
COMMAND: GET /session/46bb650d91508c2d2391ddd9109884da/screenshot - {}
RESULT: {}
COMMAND: POST /session/46bb650d91508c2d2391ddd9109884da/execute/sync - {"script":"<script> [8489 bytes]","args":[{"element-6066-11e4-a52e-4f735466cecf":"f.5B3D20EC533C2D5A6990C3A1119A1653.d.BB11E4195309C58EDF5E8B83272DC09E.e.2074","ELEMENT":"f.5B3D20EC533C2D5A6990C3A1119A1653.d.BB11E4195309C58EDF5E8B83272DC09E.e.2074"}]}
COMMAND: GET /session/46bb650d91508c2d2391ddd9109884da/screenshot - {}
RESULT: {}
RESULT: {"script":"<script> [8489 bytes]","args":[{"element-6066-11e4-a52e-4f735466cecf":"f.5B3D20EC533C2D5A6990C3A1119A1653.d.BB11E4195309C58EDF5E8B83272DC09E.e.2074","ELEMENT":"f.5B3D20EC533C2D5A6990C3A1119A1653.d.BB11E4195309C58EDF5E8B83272DC09E.e.2074"}]}
COMMAND: POST /session/46bb650d91508c2d2391ddd9109884da/execute/sync - {"script":"<script> [5351 bytes]","args":[{"element-6066-11e4-a52e-4f735466cecf":"f.5B3D20EC533C2D5A6990C3A1119A1653.d.BB11E4195309C58EDF5E8B83272DC09E.e.2074","ELEMENT":"f.5B3D20EC533C2D5A6990C3A1119A1653.d.BB11E4195309C58EDF5E8B83272DC09E.e.2074"}]}
COMMAND: GET /session/46bb650d91508c2d2391ddd9109884da/screenshot - {}
RESULT: {}
RESULT: {"script":"<script> [5351 bytes]","args":[{"element-6066-11e4-a52e-4f735466cecf":"f.5B3D20EC533C2D5A6990C3A1119A1653.d.BB11E4195309C58EDF5E8B83272DC09E.e.2074","ELEMENT":"f.5B3D20EC533C2D5A6990C3A1119A1653.d.BB11E4195309C58EDF5E8B83272DC09E.e.2074"}]}
COMMAND: GET /session/46bb650d91508c2d2391ddd9109884da/screenshot - {}
RESULT: {}
RESULT: {}
RESULT: undefined
COMMAND: POST /session/46bb650d91508c2d2391ddd9109884da/execute/async - {"script":"<script> [776 bytes]","args":[{"enterText":"1063","selector":{"id":"application-managepartners-display-component---masterPtm--smartFilterBar-btnBasicSearch","interaction":{"idSuffix":"I"}},"clearTextFirst":true,"interactionType":"ENTER_TEXT"}]}
RESULT: {"script":"<script> [776 bytes]","args":[{"enterText":"1063","selector":{"id":"application-managepartners-display-component---masterPtm--smartFilterBar-btnBasicSearch","interaction":{"idSuffix":"I"}},"clearTextFirst":true,"interactionType":"ENTER_TEXT"}]}
COMMAND: POST /session/46bb650d91508c2d2391ddd9109884da/actions - {"actions":[{"id":"action7","type":"key","parameters":{},"actions":[{"type":"keyDown","value":""},{"type":"pause","duration":10},{"type":"keyUp","value":""}]}]}
RESULT: {"actions":[{"id":"action7","type":"key","parameters":{},"actions":[{"type":"keyDown","value":""},{"type":"pause","duration":10},{"type":"keyUp","value":""}]}]}
COMMAND: GET /session/46bb650d91508c2d2391ddd9109884da/screenshot - {}
RESULT: {}
COMMAND: POST /session/46bb650d91508c2d2391ddd9109884da/elements - {"using":"xpath","value":"//table[contains(@id, \"customPartnersTable-listUl\")]/tbody/tr"}
RESULT: {"using":"xpath","value":"//table[contains(@id, \"customPartnersTable-listUl\")]/tbody/tr"}
COMMAND: POST /session/46bb650d91508c2d2391ddd9109884da/element - {"using":"xpath","value":"//table[contains(@id, \"customPartnersTable-listUl\")]/tbody/tr[1]/td[3]/span"}
RESULT: {"using":"xpath","value":"//table[contains(@id, \"customPartnersTable-listUl\")]/tbody/tr[1]/td[3]/span"}
COMMAND: POST /session/46bb650d91508c2d2391ddd9109884da/elements - {"using":"xpath","value":"//table[contains(@id, \"customPartnersTable-listUl\")]/tbody/tr[1]/td[3]/span"}
RESULT: {"using":"xpath","value":"//table[contains(@id, \"customPartnersTable-listUl\")]/tbody/tr[1]/td[3]/span"}
COMMAND: POST /session/46bb650d91508c2d2391ddd9109884da/execute/sync - {"script":"<script> [56 bytes]","args":[{"element-6066-11e4-a52e-4f735466cecf":"f.5B3D20EC533C2D5A6990C3A1119A1653.d.BB11E4195309C58EDF5E8B83272DC09E.e.2167","ELEMENT":"f.5B3D20EC533C2D5A6990C3A1119A1653.d.BB11E4195309C58EDF5E8B83272DC09E.e.2167"}]}
RESULT: {"script":"<script> [56 bytes]","args":[{"element-6066-11e4-a52e-4f735466cecf":"f.5B3D20EC533C2D5A6990C3A1119A1653.d.BB11E4195309C58EDF5E8B83272DC09E.e.2167","ELEMENT":"f.5B3D20EC533C2D5A6990C3A1119A1653.d.BB11E4195309C58EDF5E8B83272DC09E.e.2167"}]}
COMMAND: POST /session/46bb650d91508c2d2391ddd9109884da/element - {"using":"xpath","value":"//table[contains(@id, \"customPartnersTable-listUl\")]/tbody/tr[1]/td[7]/div/span"}
COMMAND: GET /session/46bb650d91508c2d2391ddd9109884da/screenshot - {}
RESULT: {"using":"xpath","value":"//table[contains(@id, \"customPartnersTable-listUl\")]/tbody/tr[1]/td[7]/div/span"}
COMMAND: POST /session/46bb650d91508c2d2391ddd9109884da/execute/sync - {"script":"<script> [56 bytes]","args":[{"element-6066-11e4-a52e-4f735466cecf":"f.5B3D20EC533C2D5A6990C3A1119A1653.d.BB11E4195309C58EDF5E8B83272DC09E.e.2168","ELEMENT":"f.5B3D20EC533C2D5A6990C3A1119A1653.d.BB11E4195309C58EDF5E8B83272DC09E.e.2168"}]}
RESULT: {}
RESULT: {"script":"<script> [56 bytes]","args":[{"element-6066-11e4-a52e-4f735466cecf":"f.5B3D20EC533C2D5A6990C3A1119A1653.d.BB11E4195309C58EDF5E8B83272DC09E.e.2168","ELEMENT":"f.5B3D20EC533C2D5A6990C3A1119A1653.d.BB11E4195309C58EDF5E8B83272DC09E.e.2168"}]}
COMMAND: POST /session/46bb650d91508c2d2391ddd9109884da/element - {"using":"xpath","value":"//table[contains(@id, \"customPartnersTable-listUl\")]/tbody/tr[1]/td[2]/div/div"}
COMMAND: GET /session/46bb650d91508c2d2391ddd9109884da/screenshot - {}
RESULT: {"using":"xpath","value":"//table[contains(@id, \"customPartnersTable-listUl\")]/tbody/tr[1]/td[2]/div/div"}
COMMAND: POST /session/46bb650d91508c2d2391ddd9109884da/element/f.5B3D20EC533C2D5A6990C3A1119A1653.d.BB11E4195309C58EDF5E8B83272DC09E.e.2160/click - {}
RESULT: {}
RESULT: {}
COMMAND: GET /session/46bb650d91508c2d2391ddd9109884da/screenshot - {}
RESULT: {}
COMMAND: POST /session/46bb650d91508c2d2391ddd9109884da/element - {"using":"xpath","value":"//bdi[contains(text(), \"Activate\")]"}
RESULT: {"using":"xpath","value":"//bdi[contains(text(), \"Activate\")]"}
COMMAND: POST /session/46bb650d91508c2d2391ddd9109884da/element/f.5B3D20EC533C2D5A6990C3A1119A1653.d.BB11E4195309C58EDF5E8B83272DC09E.e.2169/click - {}
RESULT: {}
COMMAND: GET /session/46bb650d91508c2d2391ddd9109884da/screenshot - {}
RESULT: {}
COMMAND: POST /session/46bb650d91508c2d2391ddd9109884da/element - {"using":"xpath","value":"//bdi[contains(text(), \"Yes\")]"}
RESULT: {"using":"xpath","value":"//bdi[contains(text(), \"Yes\")]"}
COMMAND: POST /session/46bb650d91508c2d2391ddd9109884da/element/f.5B3D20EC533C2D5A6990C3A1119A1653.d.BB11E4195309C58EDF5E8B83272DC09E.e.2171/click - {}
RESULT: {}
COMMAND: GET /session/46bb650d91508c2d2391ddd9109884da/screenshot - {}
RESULT: {}
COMMAND: POST /session/46bb650d91508c2d2391ddd9109884da/element - {"using":"xpath","value":"//table[contains(@id, \"customPartnersTable-listUl\")]/tbody/tr[1]/td[7]/div/span"}
RESULT: {"using":"xpath","value":"//table[contains(@id, \"customPartnersTable-listUl\")]/tbody/tr[1]/td[7]/div/span"}
COMMAND: POST /session/46bb650d91508c2d2391ddd9109884da/execute/sync - {"script":"<script> [56 bytes]","args":[{"element-6066-11e4-a52e-4f735466cecf":"f.5B3D20EC533C2D5A6990C3A1119A1653.d.BB11E4195309C58EDF5E8B83272DC09E.e.2168","ELEMENT":"f.5B3D20EC533C2D5A6990C3A1119A1653.d.BB11E4195309C58EDF5E8B83272DC09E.e.2168"}]}
RESULT: {"script":"<script> [56 bytes]","args":[{"element-6066-11e4-a52e-4f735466cecf":"f.5B3D20EC533C2D5A6990C3A1119A1653.d.BB11E4195309C58EDF5E8B83272DC09E.e.2168","ELEMENT":"f.5B3D20EC533C2D5A6990C3A1119A1653.d.BB11E4195309C58EDF5E8B83272DC09E.e.2168"}]}
COMMAND: GET /session/46bb650d91508c2d2391ddd9109884da/screenshot - {}
RESULT: {}
COMMAND: POST /session/46bb650d91508c2d2391ddd9109884da/element - {"using":"css selector","value":"#shell-header-logo"}
RESULT: {"using":"css selector","value":"#shell-header-logo"}
COMMAND: POST /session/46bb650d91508c2d2391ddd9109884da/element/f.5B3D20EC533C2D5A6990C3A1119A1653.d.BB11E4195309C58EDF5E8B83272DC09E.e.2030/click - {}
RESULT: {}
COMMAND: GET /session/46bb650d91508c2d2391ddd9109884da/screenshot - {}
RESULT: {}
COMMAND: DELETE /session/46bb650d91508c2d2391ddd9109884da - {}
RESULT: {}
]]></system-out>
    </testcase>
  </testsuite>
</testsuites>