<?xml version="1.0" encoding="UTF-8"?>
<testsuites tests="48" failures="36" errors="36" skipped="0">
  <testsuite timestamp="2025-04-26T17:17:07" time="911.3" tests="12" failures="9" errors="9" skipped="0">
    <properties>
      <property name="specId" value="0" />
      <property name="suiteName" value="Billing Transfer - Master data &amp; Intercompany US127250" />
      <property name="capabilities" value="chrome.135_0_7049_96.windows" />
      <property name="file" value="file:///D:/a/1/s/test/specs/BTS/billing-transfer-intercompany.spec.js" />
    </properties>
    <testcase classname="chrome.135_0_7049_96.windows.Billing_Transfer_-_Master_data_&amp;_Intercompany_US127250" name="Should create a new yard" time="101.436">
      <system-out><![CDATA[
COMMAND: POST /session/f50b9975a2f10ce5471f2b3ac43fc49e/window/fullscreen - {}
RESULT: {}
COMMAND: POST /session/f50b9975a2f10ce5471f2b3ac43fc49e/execute/async - {"script":"<script> [1562 bytes]","args":[{"selector":{"controlType":"sap.m.GenericTile","properties":{"header":"Manage Yards"}},"wdio_ui5_key":"sapm.GenericTile{\"header\":\"Manage Yards\"}"}]}
RESULT: {"script":"<script> [1562 bytes]","args":[{"selector":{"controlType":"sap.m.GenericTile","properties":{"header":"Manage Yards"}},"wdio_ui5_key":"sapm.GenericTile{\"header\":\"Manage Yards\"}"}]}
RESULT: undefined
COMMAND: POST /session/f50b9975a2f10ce5471f2b3ac43fc49e/element - {"using":"xpath","value":"//*[@id=\"__tile41\"]"}
RESULT: {"using":"xpath","value":"//*[@id=\"__tile41\"]"}
COMMAND: POST /session/f50b9975a2f10ce5471f2b3ac43fc49e/element/f.DF1E31923C9290F9F1C58ACD46554FBC.d.F43294650AC959D5CC1B1A8FC922D2A9.e.162/click - {}
RESULT: {}
COMMAND: POST /session/f50b9975a2f10ce5471f2b3ac43fc49e/element - {"using":"xpath","value":"//button[@data-kt=\"addNewYardOverflowToolbarButton\"]"}
COMMAND: GET /session/f50b9975a2f10ce5471f2b3ac43fc49e/screenshot - {}
RESULT: {"using":"xpath","value":"//button[@data-kt=\"addNewYardOverflowToolbarButton\"]"}
COMMAND: POST /session/f50b9975a2f10ce5471f2b3ac43fc49e/elements - {"using":"xpath","value":"//button[@data-kt=\"addNewYardOverflowToolbarButton\"]"}
RESULT: {}
RESULT: {"using":"xpath","value":"//button[@data-kt=\"addNewYardOverflowToolbarButton\"]"}
COMMAND: POST /session/f50b9975a2f10ce5471f2b3ac43fc49e/elements - {"using":"xpath","value":"//button[@data-kt=\"addNewYardOverflowToolbarButton\"]"}
RESULT: {"using":"xpath","value":"//button[@data-kt=\"addNewYardOverflowToolbarButton\"]"}
COMMAND: POST /session/f50b9975a2f10ce5471f2b3ac43fc49e/elements - {"using":"xpath","value":"//button[@data-kt=\"addNewYardOverflowToolbarButton\"]"}
RESULT: {"using":"xpath","value":"//button[@data-kt=\"addNewYardOverflowToolbarButton\"]"}
COMMAND: POST /session/f50b9975a2f10ce5471f2b3ac43fc49e/elements - {"using":"xpath","value":"//button[@data-kt=\"addNewYardOverflowToolbarButton\"]"}
RESULT: {"using":"xpath","value":"//button[@data-kt=\"addNewYardOverflowToolbarButton\"]"}
COMMAND: POST /session/f50b9975a2f10ce5471f2b3ac43fc49e/elements - {"using":"xpath","value":"//button[@data-kt=\"addNewYardOverflowToolbarButton\"]"}
RESULT: {"using":"xpath","value":"//button[@data-kt=\"addNewYardOverflowToolbarButton\"]"}
COMMAND: POST /session/f50b9975a2f10ce5471f2b3ac43fc49e/elements - {"using":"xpath","value":"//button[@data-kt=\"addNewYardOverflowToolbarButton\"]"}
RESULT: {"using":"xpath","value":"//button[@data-kt=\"addNewYardOverflowToolbarButton\"]"}
COMMAND: POST /session/f50b9975a2f10ce5471f2b3ac43fc49e/elements - {"using":"xpath","value":"//button[@data-kt=\"addNewYardOverflowToolbarButton\"]"}
RESULT: {"using":"xpath","value":"//button[@data-kt=\"addNewYardOverflowToolbarButton\"]"}
COMMAND: POST /session/f50b9975a2f10ce5471f2b3ac43fc49e/elements - {"using":"xpath","value":"//button[@data-kt=\"addNewYardOverflowToolbarButton\"]"}
RESULT: {"using":"xpath","value":"//button[@data-kt=\"addNewYardOverflowToolbarButton\"]"}
COMMAND: POST /session/f50b9975a2f10ce5471f2b3ac43fc49e/elements - {"using":"xpath","value":"//button[@data-kt=\"addNewYardOverflowToolbarButton\"]"}
RESULT: {"using":"xpath","value":"//button[@data-kt=\"addNewYardOverflowToolbarButton\"]"}
COMMAND: POST /session/f50b9975a2f10ce5471f2b3ac43fc49e/elements - {"using":"xpath","value":"//button[@data-kt=\"addNewYardOverflowToolbarButton\"]"}
RESULT: {"using":"xpath","value":"//button[@data-kt=\"addNewYardOverflowToolbarButton\"]"}
COMMAND: POST /session/f50b9975a2f10ce5471f2b3ac43fc49e/elements - {"using":"xpath","value":"//button[@data-kt=\"addNewYardOverflowToolbarButton\"]"}
RESULT: {"using":"xpath","value":"//button[@data-kt=\"addNewYardOverflowToolbarButton\"]"}
COMMAND: POST /session/f50b9975a2f10ce5471f2b3ac43fc49e/elements - {"using":"xpath","value":"//button[@data-kt=\"addNewYardOverflowToolbarButton\"]"}
RESULT: {"using":"xpath","value":"//button[@data-kt=\"addNewYardOverflowToolbarButton\"]"}
COMMAND: POST /session/f50b9975a2f10ce5471f2b3ac43fc49e/elements - {"using":"xpath","value":"//button[@data-kt=\"addNewYardOverflowToolbarButton\"]"}
RESULT: {"using":"xpath","value":"//button[@data-kt=\"addNewYardOverflowToolbarButton\"]"}
COMMAND: POST /session/f50b9975a2f10ce5471f2b3ac43fc49e/elements - {"using":"xpath","value":"//button[@data-kt=\"addNewYardOverflowToolbarButton\"]"}
RESULT: {"using":"xpath","value":"//button[@data-kt=\"addNewYardOverflowToolbarButton\"]"}
COMMAND: POST /session/f50b9975a2f10ce5471f2b3ac43fc49e/elements - {"using":"xpath","value":"//button[@data-kt=\"addNewYardOverflowToolbarButton\"]"}
RESULT: {"using":"xpath","value":"//button[@data-kt=\"addNewYardOverflowToolbarButton\"]"}
COMMAND: POST /session/f50b9975a2f10ce5471f2b3ac43fc49e/elements - {"using":"xpath","value":"//button[@data-kt=\"addNewYardOverflowToolbarButton\"]"}
RESULT: {"using":"xpath","value":"//button[@data-kt=\"addNewYardOverflowToolbarButton\"]"}
COMMAND: POST /session/f50b9975a2f10ce5471f2b3ac43fc49e/elements - {"using":"xpath","value":"//button[@data-kt=\"addNewYardOverflowToolbarButton\"]"}
RESULT: {"using":"xpath","value":"//button[@data-kt=\"addNewYardOverflowToolbarButton\"]"}
COMMAND: POST /session/f50b9975a2f10ce5471f2b3ac43fc49e/elements - {"using":"xpath","value":"//button[@data-kt=\"addNewYardOverflowToolbarButton\"]"}
RESULT: {"using":"xpath","value":"//button[@data-kt=\"addNewYardOverflowToolbarButton\"]"}
COMMAND: POST /session/f50b9975a2f10ce5471f2b3ac43fc49e/elements - {"using":"xpath","value":"//button[@data-kt=\"addNewYardOverflowToolbarButton\"]"}
RESULT: {"using":"xpath","value":"//button[@data-kt=\"addNewYardOverflowToolbarButton\"]"}
COMMAND: POST /session/f50b9975a2f10ce5471f2b3ac43fc49e/elements - {"using":"xpath","value":"//button[@data-kt=\"addNewYardOverflowToolbarButton\"]"}
RESULT: {"using":"xpath","value":"//button[@data-kt=\"addNewYardOverflowToolbarButton\"]"}
COMMAND: POST /session/f50b9975a2f10ce5471f2b3ac43fc49e/elements - {"using":"xpath","value":"//button[@data-kt=\"addNewYardOverflowToolbarButton\"]"}
RESULT: {"using":"xpath","value":"//button[@data-kt=\"addNewYardOverflowToolbarButton\"]"}
COMMAND: POST /session/f50b9975a2f10ce5471f2b3ac43fc49e/elements - {"using":"xpath","value":"//button[@data-kt=\"addNewYardOverflowToolbarButton\"]"}
RESULT: {"using":"xpath","value":"//button[@data-kt=\"addNewYardOverflowToolbarButton\"]"}
COMMAND: POST /session/f50b9975a2f10ce5471f2b3ac43fc49e/elements - {"using":"xpath","value":"//button[@data-kt=\"addNewYardOverflowToolbarButton\"]"}
RESULT: {"using":"xpath","value":"//button[@data-kt=\"addNewYardOverflowToolbarButton\"]"}
COMMAND: POST /session/f50b9975a2f10ce5471f2b3ac43fc49e/elements - {"using":"xpath","value":"//button[@data-kt=\"addNewYardOverflowToolbarButton\"]"}
RESULT: {"using":"xpath","value":"//button[@data-kt=\"addNewYardOverflowToolbarButton\"]"}
COMMAND: POST /session/f50b9975a2f10ce5471f2b3ac43fc49e/elements - {"using":"xpath","value":"//button[@data-kt=\"addNewYardOverflowToolbarButton\"]"}
RESULT: {"using":"xpath","value":"//button[@data-kt=\"addNewYardOverflowToolbarButton\"]"}
COMMAND: POST /session/f50b9975a2f10ce5471f2b3ac43fc49e/elements - {"using":"xpath","value":"//button[@data-kt=\"addNewYardOverflowToolbarButton\"]"}
RESULT: {"using":"xpath","value":"//button[@data-kt=\"addNewYardOverflowToolbarButton\"]"}
COMMAND: POST /session/f50b9975a2f10ce5471f2b3ac43fc49e/elements - {"using":"xpath","value":"//button[@data-kt=\"addNewYardOverflowToolbarButton\"]"}
RESULT: {"using":"xpath","value":"//button[@data-kt=\"addNewYardOverflowToolbarButton\"]"}
COMMAND: POST /session/f50b9975a2f10ce5471f2b3ac43fc49e/elements - {"using":"xpath","value":"//button[@data-kt=\"addNewYardOverflowToolbarButton\"]"}
RESULT: {"using":"xpath","value":"//button[@data-kt=\"addNewYardOverflowToolbarButton\"]"}
COMMAND: POST /session/f50b9975a2f10ce5471f2b3ac43fc49e/elements - {"using":"xpath","value":"//button[@data-kt=\"addNewYardOverflowToolbarButton\"]"}
RESULT: {"using":"xpath","value":"//button[@data-kt=\"addNewYardOverflowToolbarButton\"]"}
COMMAND: POST /session/f50b9975a2f10ce5471f2b3ac43fc49e/element - {"using":"xpath","value":"//button[@data-kt=\"addNewYardOverflowToolbarButton\"]"}
RESULT: {"using":"xpath","value":"//button[@data-kt=\"addNewYardOverflowToolbarButton\"]"}
COMMAND: POST /session/f50b9975a2f10ce5471f2b3ac43fc49e/execute/sync - {"script":"<script> [8489 bytes]","args":[{"element-6066-11e4-a52e-4f735466cecf":"f.DF1E31923C9290F9F1C58ACD46554FBC.d.F43294650AC959D5CC1B1A8FC922D2A9.e.287","ELEMENT":"f.DF1E31923C9290F9F1C58ACD46554FBC.d.F43294650AC959D5CC1B1A8FC922D2A9.e.287"}]}
RESULT: {"script":"<script> [8489 bytes]","args":[{"element-6066-11e4-a52e-4f735466cecf":"f.DF1E31923C9290F9F1C58ACD46554FBC.d.F43294650AC959D5CC1B1A8FC922D2A9.e.287","ELEMENT":"f.DF1E31923C9290F9F1C58ACD46554FBC.d.F43294650AC959D5CC1B1A8FC922D2A9.e.287"}]}
COMMAND: GET /session/f50b9975a2f10ce5471f2b3ac43fc49e/element/f.DF1E31923C9290F9F1C58ACD46554FBC.d.F43294650AC959D5CC1B1A8FC922D2A9.e.287/enabled - {}
COMMAND: GET /session/f50b9975a2f10ce5471f2b3ac43fc49e/screenshot - {}
RESULT: {}
COMMAND: POST /session/f50b9975a2f10ce5471f2b3ac43fc49e/execute/sync - {"script":"<script> [8489 bytes]","args":[{"element-6066-11e4-a52e-4f735466cecf":"f.DF1E31923C9290F9F1C58ACD46554FBC.d.F43294650AC959D5CC1B1A8FC922D2A9.e.287","ELEMENT":"f.DF1E31923C9290F9F1C58ACD46554FBC.d.F43294650AC959D5CC1B1A8FC922D2A9.e.287"}]}
COMMAND: GET /session/f50b9975a2f10ce5471f2b3ac43fc49e/screenshot - {}
RESULT: {}
RESULT: {"script":"<script> [8489 bytes]","args":[{"element-6066-11e4-a52e-4f735466cecf":"f.DF1E31923C9290F9F1C58ACD46554FBC.d.F43294650AC959D5CC1B1A8FC922D2A9.e.287","ELEMENT":"f.DF1E31923C9290F9F1C58ACD46554FBC.d.F43294650AC959D5CC1B1A8FC922D2A9.e.287"}]}
COMMAND: POST /session/f50b9975a2f10ce5471f2b3ac43fc49e/execute/sync - {"script":"<script> [5351 bytes]","args":[{"element-6066-11e4-a52e-4f735466cecf":"f.DF1E31923C9290F9F1C58ACD46554FBC.d.F43294650AC959D5CC1B1A8FC922D2A9.e.287","ELEMENT":"f.DF1E31923C9290F9F1C58ACD46554FBC.d.F43294650AC959D5CC1B1A8FC922D2A9.e.287"}]}
COMMAND: GET /session/f50b9975a2f10ce5471f2b3ac43fc49e/screenshot - {}
RESULT: {}
RESULT: {"script":"<script> [5351 bytes]","args":[{"element-6066-11e4-a52e-4f735466cecf":"f.DF1E31923C9290F9F1C58ACD46554FBC.d.F43294650AC959D5CC1B1A8FC922D2A9.e.287","ELEMENT":"f.DF1E31923C9290F9F1C58ACD46554FBC.d.F43294650AC959D5CC1B1A8FC922D2A9.e.287"}]}
COMMAND: POST /session/f50b9975a2f10ce5471f2b3ac43fc49e/element/f.DF1E31923C9290F9F1C58ACD46554FBC.d.F43294650AC959D5CC1B1A8FC922D2A9.e.287/click - {}
COMMAND: GET /session/f50b9975a2f10ce5471f2b3ac43fc49e/screenshot - {}
RESULT: {}
RESULT: {}
COMMAND: GET /session/f50b9975a2f10ce5471f2b3ac43fc49e/screenshot - {}
RESULT: {}
RESULT: {}
COMMAND: POST /session/f50b9975a2f10ce5471f2b3ac43fc49e/element - {"using":"xpath","value":"//input[@id=\"application-manageyards-display-component---NewYard--yardId-inner\"]"}
RESULT: {"using":"xpath","value":"//input[@id=\"application-manageyards-display-component---NewYard--yardId-inner\"]"}
COMMAND: POST /session/f50b9975a2f10ce5471f2b3ac43fc49e/element - {"using":"xpath","value":"//input[@id=\"application-manageyards-display-component---NewYard--yardId-inner\"]"}
RESULT: {"using":"xpath","value":"//input[@id=\"application-manageyards-display-component---NewYard--yardId-inner\"]"}
COMMAND: POST /session/f50b9975a2f10ce5471f2b3ac43fc49e/execute/async - {"script":"<script> [1562 bytes]","args":[{"selector":{"id":"application-manageyards-display-component---NewYard--addressDetailDetailsName1","interaction":{"idSuffix":"inner"}},"wdio_ui5_key":"applicationmanageyards-display-component---NewYard--addressDetailDetailsName1"}]}
RESULT: {"script":"<script> [1562 bytes]","args":[{"selector":{"id":"application-manageyards-display-component---NewYard--addressDetailDetailsName1","interaction":{"idSuffix":"inner"}},"wdio_ui5_key":"applicationmanageyards-display-component---NewYard--addressDetailDetailsName1"}]}
RESULT: undefined
COMMAND: POST /session/f50b9975a2f10ce5471f2b3ac43fc49e/execute/async - {"script":"<script> [776 bytes]","args":[{"enterText":"Intercompany Yard wdIO","selector":{"id":"application-manageyards-display-component---NewYard--addressDetailDetailsName1","interaction":{"idSuffix":"inner"}},"clearTextFirst":true,"interactionType":"ENTER_TEXT"}]}
RESULT: {"script":"<script> [776 bytes]","args":[{"enterText":"Intercompany Yard wdIO","selector":{"id":"application-manageyards-display-component---NewYard--addressDetailDetailsName1","interaction":{"idSuffix":"inner"}},"clearTextFirst":true,"interactionType":"ENTER_TEXT"}]}
COMMAND: POST /session/f50b9975a2f10ce5471f2b3ac43fc49e/execute/async - {"script":"<script> [1562 bytes]","args":[{"selector":{"id":"application-manageyards-display-component---NewYard--addressDetailDetailsLanguage-arrow"},"wdio_ui5_key":"applicationmanageyards-display-component---NewYard--addressDetailDetailsLanguage-arrow"}]}
RESULT: {"script":"<script> [1562 bytes]","args":[{"selector":{"id":"application-manageyards-display-component---NewYard--addressDetailDetailsLanguage-arrow"},"wdio_ui5_key":"applicationmanageyards-display-component---NewYard--addressDetailDetailsLanguage-arrow"}]}
RESULT: undefined
COMMAND: POST /session/f50b9975a2f10ce5471f2b3ac43fc49e/element - {"using":"xpath","value":"//*[@id=\"application-manageyards-display-component---NewYard--addressDetailDetailsLanguage-arrow\"]"}
RESULT: {"using":"xpath","value":"//*[@id=\"application-manageyards-display-component---NewYard--addressDetailDetailsLanguage-arrow\"]"}
COMMAND: POST /session/f50b9975a2f10ce5471f2b3ac43fc49e/element/f.DF1E31923C9290F9F1C58ACD46554FBC.d.F43294650AC959D5CC1B1A8FC922D2A9.e.724/click - {}
RESULT: {}
COMMAND: POST /session/f50b9975a2f10ce5471f2b3ac43fc49e/element - {"using":"xpath","value":"//span[contains(text(), \"English\")]"}
COMMAND: GET /session/f50b9975a2f10ce5471f2b3ac43fc49e/screenshot - {}
RESULT: {"using":"xpath","value":"//span[contains(text(), \"English\")]"}
COMMAND: POST /session/f50b9975a2f10ce5471f2b3ac43fc49e/element/f.DF1E31923C9290F9F1C58ACD46554FBC.d.F43294650AC959D5CC1B1A8FC922D2A9.e.725/click - {}
RESULT: {}
RESULT: {}
COMMAND: POST /session/f50b9975a2f10ce5471f2b3ac43fc49e/execute/async - {"script":"<script> [1562 bytes]","args":[{"selector":{"id":"application-manageyards-display-component---NewYard--addressDetailDetailsCity1","interaction":{"idSuffix":"inner"}},"wdio_ui5_key":"applicationmanageyards-display-component---NewYard--addressDetailDetailsCity1"}]}
COMMAND: GET /session/f50b9975a2f10ce5471f2b3ac43fc49e/screenshot - {}
RESULT: {"script":"<script> [1562 bytes]","args":[{"selector":{"id":"application-manageyards-display-component---NewYard--addressDetailDetailsCity1","interaction":{"idSuffix":"inner"}},"wdio_ui5_key":"applicationmanageyards-display-component---NewYard--addressDetailDetailsCity1"}]}
RESULT: undefined
COMMAND: POST /session/f50b9975a2f10ce5471f2b3ac43fc49e/execute/async - {"script":"<script> [776 bytes]","args":[{"enterText":"Rosario","selector":{"id":"application-manageyards-display-component---NewYard--addressDetailDetailsCity1","interaction":{"idSuffix":"inner"}},"clearTextFirst":true,"interactionType":"ENTER_TEXT"}]}
RESULT: {}
RESULT: {"script":"<script> [776 bytes]","args":[{"enterText":"Rosario","selector":{"id":"application-manageyards-display-component---NewYard--addressDetailDetailsCity1","interaction":{"idSuffix":"inner"}},"clearTextFirst":true,"interactionType":"ENTER_TEXT"}]}
COMMAND: POST /session/f50b9975a2f10ce5471f2b3ac43fc49e/execute/async - {"script":"<script> [1562 bytes]","args":[{"selector":{"id":"application-manageyards-display-component---NewYard--addressDetailDetailsCountry-arrow"},"wdio_ui5_key":"applicationmanageyards-display-component---NewYard--addressDetailDetailsCountry-arrow"}]}
RESULT: {"script":"<script> [1562 bytes]","args":[{"selector":{"id":"application-manageyards-display-component---NewYard--addressDetailDetailsCountry-arrow"},"wdio_ui5_key":"applicationmanageyards-display-component---NewYard--addressDetailDetailsCountry-arrow"}]}
RESULT: undefined
COMMAND: POST /session/f50b9975a2f10ce5471f2b3ac43fc49e/element - {"using":"xpath","value":"//*[@id=\"application-manageyards-display-component---NewYard--addressDetailDetailsCountry-arrow\"]"}
RESULT: {"using":"xpath","value":"//*[@id=\"application-manageyards-display-component---NewYard--addressDetailDetailsCountry-arrow\"]"}
COMMAND: POST /session/f50b9975a2f10ce5471f2b3ac43fc49e/element/f.DF1E31923C9290F9F1C58ACD46554FBC.d.F43294650AC959D5CC1B1A8FC922D2A9.e.727/click - {}
RESULT: {}
COMMAND: POST /session/f50b9975a2f10ce5471f2b3ac43fc49e/element - {"using":"xpath","value":"//span[contains(text(), \"Argentina\")]"}
COMMAND: GET /session/f50b9975a2f10ce5471f2b3ac43fc49e/screenshot - {}
RESULT: {"using":"xpath","value":"//span[contains(text(), \"Argentina\")]"}
COMMAND: POST /session/f50b9975a2f10ce5471f2b3ac43fc49e/element/f.DF1E31923C9290F9F1C58ACD46554FBC.d.F43294650AC959D5CC1B1A8FC922D2A9.e.729/click - {}
RESULT: {}
RESULT: {}
COMMAND: POST /session/f50b9975a2f10ce5471f2b3ac43fc49e/execute/async - {"script":"<script> [1562 bytes]","args":[{"selector":{"id":"application-manageyards-display-component---NewYard--addressEditDetailsCostObjectCstType-arrow"},"wdio_ui5_key":"applicationmanageyards-display-component---NewYard--addressEditDetailsCostObjectCstType-arrow"}]}
COMMAND: GET /session/f50b9975a2f10ce5471f2b3ac43fc49e/screenshot - {}
RESULT: {"script":"<script> [1562 bytes]","args":[{"selector":{"id":"application-manageyards-display-component---NewYard--addressEditDetailsCostObjectCstType-arrow"},"wdio_ui5_key":"applicationmanageyards-display-component---NewYard--addressEditDetailsCostObjectCstType-arrow"}]}
RESULT: undefined
COMMAND: POST /session/f50b9975a2f10ce5471f2b3ac43fc49e/element - {"using":"xpath","value":"//*[@id=\"application-manageyards-display-component---NewYard--addressEditDetailsCostObjectCstType-arrow\"]"}
RESULT: {}
RESULT: {"using":"xpath","value":"//*[@id=\"application-manageyards-display-component---NewYard--addressEditDetailsCostObjectCstType-arrow\"]"}
COMMAND: POST /session/f50b9975a2f10ce5471f2b3ac43fc49e/element/f.DF1E31923C9290F9F1C58ACD46554FBC.d.F43294650AC959D5CC1B1A8FC922D2A9.e.730/click - {}
RESULT: {}
COMMAND: POST /session/f50b9975a2f10ce5471f2b3ac43fc49e/element - {"using":"xpath","value":"//span[contains(text(), \"Cost Center\")]"}
COMMAND: GET /session/f50b9975a2f10ce5471f2b3ac43fc49e/screenshot - {}
RESULT: {"using":"xpath","value":"//span[contains(text(), \"Cost Center\")]"}
COMMAND: POST /session/f50b9975a2f10ce5471f2b3ac43fc49e/element/f.DF1E31923C9290F9F1C58ACD46554FBC.d.F43294650AC959D5CC1B1A8FC922D2A9.e.731/click - {}
RESULT: {}
RESULT: {}
COMMAND: GET /session/f50b9975a2f10ce5471f2b3ac43fc49e/screenshot - {}
RESULT: {}
COMMAND: POST /session/f50b9975a2f10ce5471f2b3ac43fc49e/element - {"using":"xpath","value":"//span[@id=\"application-manageyards-display-component---NewYard--addressNewCostObjectCstID-vhi\"]"}
RESULT: {"using":"xpath","value":"//span[@id=\"application-manageyards-display-component---NewYard--addressNewCostObjectCstID-vhi\"]"}
COMMAND: POST /session/f50b9975a2f10ce5471f2b3ac43fc49e/execute/sync - {"script":"<script> [8489 bytes]","args":[{"element-6066-11e4-a52e-4f735466cecf":"f.DF1E31923C9290F9F1C58ACD46554FBC.d.F43294650AC959D5CC1B1A8FC922D2A9.e.735","ELEMENT":"f.DF1E31923C9290F9F1C58ACD46554FBC.d.F43294650AC959D5CC1B1A8FC922D2A9.e.735"}]}
RESULT: {"script":"<script> [8489 bytes]","args":[{"element-6066-11e4-a52e-4f735466cecf":"f.DF1E31923C9290F9F1C58ACD46554FBC.d.F43294650AC959D5CC1B1A8FC922D2A9.e.735","ELEMENT":"f.DF1E31923C9290F9F1C58ACD46554FBC.d.F43294650AC959D5CC1B1A8FC922D2A9.e.735"}]}
COMMAND: POST /session/f50b9975a2f10ce5471f2b3ac43fc49e/execute/async - {"script":"<script> [1562 bytes]","args":[{"selector":{"id":"application-manageyards-display-component---NewYard--addressNewCostObjectCstID-vhi"},"wdio_ui5_key":"applicationmanageyards-display-component---NewYard--addressNewCostObjectCstID-vhi"}]}
COMMAND: GET /session/f50b9975a2f10ce5471f2b3ac43fc49e/screenshot - {}
RESULT: {"script":"<script> [1562 bytes]","args":[{"selector":{"id":"application-manageyards-display-component---NewYard--addressNewCostObjectCstID-vhi"},"wdio_ui5_key":"applicationmanageyards-display-component---NewYard--addressNewCostObjectCstID-vhi"}]}
RESULT: undefined
COMMAND: POST /session/f50b9975a2f10ce5471f2b3ac43fc49e/element - {"using":"xpath","value":"//*[@id=\"application-manageyards-display-component---NewYard--addressNewCostObjectCstID-vhi\"]"}
RESULT: {}
RESULT: {"using":"xpath","value":"//*[@id=\"application-manageyards-display-component---NewYard--addressNewCostObjectCstID-vhi\"]"}
COMMAND: POST /session/f50b9975a2f10ce5471f2b3ac43fc49e/element/f.DF1E31923C9290F9F1C58ACD46554FBC.d.F43294650AC959D5CC1B1A8FC922D2A9.e.735/click - {}
RESULT: {}
COMMAND: GET /session/f50b9975a2f10ce5471f2b3ac43fc49e/screenshot - {}
RESULT: {}
COMMAND: POST /session/f50b9975a2f10ce5471f2b3ac43fc49e/execute/async - {"script":"<script> [1562 bytes]","args":[{"selector":{"controlType":"sap.m.SearchField","properties":{"placeholder":"Search"},"searchOpenDialogs":true,"interaction":{"idSuffix":"I"}},"wdio_ui5_key":"sapm.SearchField{\"placeholder\":\"Search\"}"}]}
RESULT: {"script":"<script> [1562 bytes]","args":[{"selector":{"controlType":"sap.m.SearchField","properties":{"placeholder":"Search"},"searchOpenDialogs":true,"interaction":{"idSuffix":"I"}},"wdio_ui5_key":"sapm.SearchField{\"placeholder\":\"Search\"}"}]}
RESULT: undefined
COMMAND: POST /session/f50b9975a2f10ce5471f2b3ac43fc49e/execute/async - {"script":"<script> [776 bytes]","args":[{"enterText":"10001013","selector":{"controlType":"sap.m.SearchField","properties":{"placeholder":"Search"},"searchOpenDialogs":true,"interaction":{"idSuffix":"I"}},"clearTextFirst":true,"interactionType":"ENTER_TEXT"}]}
RESULT: {"script":"<script> [776 bytes]","args":[{"enterText":"10001013","selector":{"controlType":"sap.m.SearchField","properties":{"placeholder":"Search"},"searchOpenDialogs":true,"interaction":{"idSuffix":"I"}},"clearTextFirst":true,"interactionType":"ENTER_TEXT"}]}
COMMAND: POST /session/f50b9975a2f10ce5471f2b3ac43fc49e/actions - {"actions":[{"id":"action1","type":"key","parameters":{},"actions":[{"type":"keyDown","value":"î€‡"},{"type":"pause","duration":10},{"type":"keyUp","value":"î€‡"}]}]}
RESULT: {"actions":[{"id":"action1","type":"key","parameters":{},"actions":[{"type":"keyDown","value":"î€‡"},{"type":"pause","duration":10},{"type":"keyUp","value":"î€‡"}]}]}
COMMAND: GET /session/f50b9975a2f10ce5471f2b3ac43fc49e/screenshot - {}
RESULT: {}
COMMAND: POST /session/f50b9975a2f10ce5471f2b3ac43fc49e/element - {"using":"xpath","value":"//span[contains(text(), \"General Management\")]"}
RESULT: {"using":"xpath","value":"//span[contains(text(), \"General Management\")]"}
COMMAND: POST /session/f50b9975a2f10ce5471f2b3ac43fc49e/element/f.DF1E31923C9290F9F1C58ACD46554FBC.d.F43294650AC959D5CC1B1A8FC922D2A9.e.777/click - {}
RESULT: {}
COMMAND: GET /session/f50b9975a2f10ce5471f2b3ac43fc49e/screenshot - {}
RESULT: {}
COMMAND: POST /session/f50b9975a2f10ce5471f2b3ac43fc49e/element - {"using":"xpath","value":"//bdi[contains(text(), \"OK\")]"}
RESULT: {"using":"xpath","value":"//bdi[contains(text(), \"OK\")]"}
COMMAND: POST /session/f50b9975a2f10ce5471f2b3ac43fc49e/element/f.DF1E31923C9290F9F1C58ACD46554FBC.d.F43294650AC959D5CC1B1A8FC922D2A9.e.778/click - {}
RESULT: {}
COMMAND: GET /session/f50b9975a2f10ce5471f2b3ac43fc49e/screenshot - {}
RESULT: {}
COMMAND: POST /session/f50b9975a2f10ce5471f2b3ac43fc49e/execute/async - {"script":"<script> [1562 bytes]","args":[{"selector":{"id":"application-manageyards-display-component---NewYard--addressEditDetailsCurrency-arrow"},"wdio_ui5_key":"applicationmanageyards-display-component---NewYard--addressEditDetailsCurrency-arrow"}]}
RESULT: {"script":"<script> [1562 bytes]","args":[{"selector":{"id":"application-manageyards-display-component---NewYard--addressEditDetailsCurrency-arrow"},"wdio_ui5_key":"applicationmanageyards-display-component---NewYard--addressEditDetailsCurrency-arrow"}]}
RESULT: undefined
COMMAND: POST /session/f50b9975a2f10ce5471f2b3ac43fc49e/element - {"using":"xpath","value":"//*[@id=\"application-manageyards-display-component---NewYard--addressEditDetailsCurrency-arrow\"]"}
RESULT: {"using":"xpath","value":"//*[@id=\"application-manageyards-display-component---NewYard--addressEditDetailsCurrency-arrow\"]"}
COMMAND: POST /session/f50b9975a2f10ce5471f2b3ac43fc49e/element/f.DF1E31923C9290F9F1C58ACD46554FBC.d.F43294650AC959D5CC1B1A8FC922D2A9.e.781/click - {}
RESULT: {}
COMMAND: POST /session/f50b9975a2f10ce5471f2b3ac43fc49e/element - {"using":"xpath","value":"//span[contains(text(), \"Euro\")]"}
COMMAND: GET /session/f50b9975a2f10ce5471f2b3ac43fc49e/screenshot - {}
RESULT: {"using":"xpath","value":"//span[contains(text(), \"Euro\")]"}
COMMAND: POST /session/f50b9975a2f10ce5471f2b3ac43fc49e/element/f.DF1E31923C9290F9F1C58ACD46554FBC.d.F43294650AC959D5CC1B1A8FC922D2A9.e.782/click - {}
RESULT: {}
RESULT: {}
COMMAND: POST /session/f50b9975a2f10ce5471f2b3ac43fc49e/execute/async - {"script":"<script> [1562 bytes]","args":[{"selector":{"controlType":"sap.m.Input","viewName":"etm.portal.ui.manageyards.view.New","viewId":"application-manageyards-display-component---NewYard","bindingPath":{"path":"","propertyPath":"/CONTROLLING_AREA","modelName":"NewYardModel"},"interaction":{"idSuffix":"inner"}},"wdio_ui5_key":"etmportal.ui.manageyards.view.Newsap.m.Input{\"path\":\"\",\"propertyPath\":\"/CONTROLLING_AREA\",\"modelName\":\"NewYardModel\"}"}]}
COMMAND: GET /session/f50b9975a2f10ce5471f2b3ac43fc49e/screenshot - {}
RESULT: {"script":"<script> [1562 bytes]","args":[{"selector":{"controlType":"sap.m.Input","viewName":"etm.portal.ui.manageyards.view.New","viewId":"application-manageyards-display-component---NewYard","bindingPath":{"path":"","propertyPath":"/CONTROLLING_AREA","modelName":"NewYardModel"},"interaction":{"idSuffix":"inner"}},"wdio_ui5_key":"etmportal.ui.manageyards.view.Newsap.m.Input{\"path\":\"\",\"propertyPath\":\"/CONTROLLING_AREA\",\"modelName\":\"NewYardModel\"}"}]}
RESULT: undefined
COMMAND: POST /session/f50b9975a2f10ce5471f2b3ac43fc49e/execute/async - {"script":"<script> [776 bytes]","args":[{"enterText":"Z001","selector":{"controlType":"sap.m.Input","viewName":"etm.portal.ui.manageyards.view.New","viewId":"application-manageyards-display-component---NewYard","bindingPath":{"path":"","propertyPath":"/CONTROLLING_AREA","modelName":"NewYardModel"},"interaction":{"idSuffix":"inner"}},"clearTextFirst":true,"interactionType":"ENTER_TEXT"}]}
RESULT: {}
RESULT: {"script":"<script> [776 bytes]","args":[{"enterText":"Z001","selector":{"controlType":"sap.m.Input","viewName":"etm.portal.ui.manageyards.view.New","viewId":"application-manageyards-display-component---NewYard","bindingPath":{"path":"","propertyPath":"/CONTROLLING_AREA","modelName":"NewYardModel"},"interaction":{"idSuffix":"inner"}},"clearTextFirst":true,"interactionType":"ENTER_TEXT"}]}
COMMAND: POST /session/f50b9975a2f10ce5471f2b3ac43fc49e/execute/async - {"script":"<script> [1562 bytes]","args":[{"selector":{"id":"application-manageyards-display-component---NewYard--companyCodeComboBox","interaction":{"idSuffix":"inner"}},"wdio_ui5_key":"applicationmanageyards-display-component---NewYard--companyCodeComboBox"}]}
RESULT: {"script":"<script> [1562 bytes]","args":[{"selector":{"id":"application-manageyards-display-component---NewYard--companyCodeComboBox","interaction":{"idSuffix":"inner"}},"wdio_ui5_key":"applicationmanageyards-display-component---NewYard--companyCodeComboBox"}]}
RESULT: undefined
COMMAND: POST /session/f50b9975a2f10ce5471f2b3ac43fc49e/execute/async - {"script":"<script> [776 bytes]","args":[{"enterText":"1000","selector":{"id":"application-manageyards-display-component---NewYard--companyCodeComboBox","interaction":{"idSuffix":"inner"}},"clearTextFirst":true,"interactionType":"ENTER_TEXT"}]}
RESULT: {"script":"<script> [776 bytes]","args":[{"enterText":"1000","selector":{"id":"application-manageyards-display-component---NewYard--companyCodeComboBox","interaction":{"idSuffix":"inner"}},"clearTextFirst":true,"interactionType":"ENTER_TEXT"}]}
COMMAND: POST /session/f50b9975a2f10ce5471f2b3ac43fc49e/execute/async - {"script":"<script> [1562 bytes]","args":[{"selector":{"controlType":"sap.m.Input","viewName":"etm.portal.ui.manageyards.view.New","viewId":"application-manageyards-display-component---NewYard","bindingPath":{"path":"","propertyPath":"/PLANT","modelName":"NewYardModel"},"interaction":{"idSuffix":"inner"}},"wdio_ui5_key":"etmportal.ui.manageyards.view.Newsap.m.Input{\"path\":\"\",\"propertyPath\":\"/PLANT\",\"modelName\":\"NewYardModel\"}"}]}
RESULT: {"script":"<script> [1562 bytes]","args":[{"selector":{"controlType":"sap.m.Input","viewName":"etm.portal.ui.manageyards.view.New","viewId":"application-manageyards-display-component---NewYard","bindingPath":{"path":"","propertyPath":"/PLANT","modelName":"NewYardModel"},"interaction":{"idSuffix":"inner"}},"wdio_ui5_key":"etmportal.ui.manageyards.view.Newsap.m.Input{\"path\":\"\",\"propertyPath\":\"/PLANT\",\"modelName\":\"NewYardModel\"}"}]}
RESULT: undefined
COMMAND: POST /session/f50b9975a2f10ce5471f2b3ac43fc49e/execute/async - {"script":"<script> [776 bytes]","args":[{"enterText":"1001","selector":{"controlType":"sap.m.Input","viewName":"etm.portal.ui.manageyards.view.New","viewId":"application-manageyards-display-component---NewYard","bindingPath":{"path":"","propertyPath":"/PLANT","modelName":"NewYardModel"},"interaction":{"idSuffix":"inner"}},"clearTextFirst":true,"interactionType":"ENTER_TEXT"}]}
RESULT: {"script":"<script> [776 bytes]","args":[{"enterText":"1001","selector":{"controlType":"sap.m.Input","viewName":"etm.portal.ui.manageyards.view.New","viewId":"application-manageyards-display-component---NewYard","bindingPath":{"path":"","propertyPath":"/PLANT","modelName":"NewYardModel"},"interaction":{"idSuffix":"inner"}},"clearTextFirst":true,"interactionType":"ENTER_TEXT"}]}
COMMAND: POST /session/f50b9975a2f10ce5471f2b3ac43fc49e/execute/async - {"script":"<script> [1562 bytes]","args":[{"selector":{"controlType":"sap.m.Input","viewName":"etm.portal.ui.manageyards.view.New","viewId":"application-manageyards-display-component---NewYard","bindingPath":{"path":"","propertyPath":"/SALES_AREA_VKORG","modelName":"NewYardModel"},"interaction":{"idSuffix":"inner"}},"wdio_ui5_key":"etmportal.ui.manageyards.view.Newsap.m.Input{\"path\":\"\",\"propertyPath\":\"/SALES_AREA_VKORG\",\"modelName\":\"NewYardModel\"}"}]}
RESULT: {"script":"<script> [1562 bytes]","args":[{"selector":{"controlType":"sap.m.Input","viewName":"etm.portal.ui.manageyards.view.New","viewId":"application-manageyards-display-component---NewYard","bindingPath":{"path":"","propertyPath":"/SALES_AREA_VKORG","modelName":"NewYardModel"},"interaction":{"idSuffix":"inner"}},"wdio_ui5_key":"etmportal.ui.manageyards.view.Newsap.m.Input{\"path\":\"\",\"propertyPath\":\"/SALES_AREA_VKORG\",\"modelName\":\"NewYardModel\"}"}]}
RESULT: undefined
COMMAND: POST /session/f50b9975a2f10ce5471f2b3ac43fc49e/execute/async - {"script":"<script> [776 bytes]","args":[{"enterText":"C002","selector":{"controlType":"sap.m.Input","viewName":"etm.portal.ui.manageyards.view.New","viewId":"application-manageyards-display-component---NewYard","bindingPath":{"path":"","propertyPath":"/SALES_AREA_VKORG","modelName":"NewYardModel"},"interaction":{"idSuffix":"inner"}},"clearTextFirst":true,"interactionType":"ENTER_TEXT"}]}
RESULT: {"script":"<script> [776 bytes]","args":[{"enterText":"C002","selector":{"controlType":"sap.m.Input","viewName":"etm.portal.ui.manageyards.view.New","viewId":"application-manageyards-display-component---NewYard","bindingPath":{"path":"","propertyPath":"/SALES_AREA_VKORG","modelName":"NewYardModel"},"interaction":{"idSuffix":"inner"}},"clearTextFirst":true,"interactionType":"ENTER_TEXT"}]}
COMMAND: POST /session/f50b9975a2f10ce5471f2b3ac43fc49e/execute/async - {"script":"<script> [1562 bytes]","args":[{"selector":{"controlType":"sap.m.Input","viewName":"etm.portal.ui.manageyards.view.New","viewId":"application-manageyards-display-component---NewYard","bindingPath":{"path":"","propertyPath":"/SALES_AREA_VTWEG","modelName":"NewYardModel"},"interaction":{"idSuffix":"inner"}},"wdio_ui5_key":"etmportal.ui.manageyards.view.Newsap.m.Input{\"path\":\"\",\"propertyPath\":\"/SALES_AREA_VTWEG\",\"modelName\":\"NewYardModel\"}"}]}
RESULT: {"script":"<script> [1562 bytes]","args":[{"selector":{"controlType":"sap.m.Input","viewName":"etm.portal.ui.manageyards.view.New","viewId":"application-manageyards-display-component---NewYard","bindingPath":{"path":"","propertyPath":"/SALES_AREA_VTWEG","modelName":"NewYardModel"},"interaction":{"idSuffix":"inner"}},"wdio_ui5_key":"etmportal.ui.manageyards.view.Newsap.m.Input{\"path\":\"\",\"propertyPath\":\"/SALES_AREA_VTWEG\",\"modelName\":\"NewYardModel\"}"}]}
RESULT: undefined
COMMAND: POST /session/f50b9975a2f10ce5471f2b3ac43fc49e/execute/async - {"script":"<script> [776 bytes]","args":[{"enterText":"C2","selector":{"controlType":"sap.m.Input","viewName":"etm.portal.ui.manageyards.view.New","viewId":"application-manageyards-display-component---NewYard","bindingPath":{"path":"","propertyPath":"/SALES_AREA_VTWEG","modelName":"NewYardModel"},"interaction":{"idSuffix":"inner"}},"clearTextFirst":true,"interactionType":"ENTER_TEXT"}]}
RESULT: {"script":"<script> [776 bytes]","args":[{"enterText":"C2","selector":{"controlType":"sap.m.Input","viewName":"etm.portal.ui.manageyards.view.New","viewId":"application-manageyards-display-component---NewYard","bindingPath":{"path":"","propertyPath":"/SALES_AREA_VTWEG","modelName":"NewYardModel"},"interaction":{"idSuffix":"inner"}},"clearTextFirst":true,"interactionType":"ENTER_TEXT"}]}
COMMAND: POST /session/f50b9975a2f10ce5471f2b3ac43fc49e/execute/async - {"script":"<script> [1562 bytes]","args":[{"selector":{"controlType":"sap.m.Input","viewName":"etm.portal.ui.manageyards.view.New","viewId":"application-manageyards-display-component---NewYard","bindingPath":{"path":"","propertyPath":"/SALES_AREA_SPART","modelName":"NewYardModel"},"interaction":{"idSuffix":"inner"}},"wdio_ui5_key":"etmportal.ui.manageyards.view.Newsap.m.Input{\"path\":\"\",\"propertyPath\":\"/SALES_AREA_SPART\",\"modelName\":\"NewYardModel\"}"}]}
RESULT: {"script":"<script> [1562 bytes]","args":[{"selector":{"controlType":"sap.m.Input","viewName":"etm.portal.ui.manageyards.view.New","viewId":"application-manageyards-display-component---NewYard","bindingPath":{"path":"","propertyPath":"/SALES_AREA_SPART","modelName":"NewYardModel"},"interaction":{"idSuffix":"inner"}},"wdio_ui5_key":"etmportal.ui.manageyards.view.Newsap.m.Input{\"path\":\"\",\"propertyPath\":\"/SALES_AREA_SPART\",\"modelName\":\"NewYardModel\"}"}]}
RESULT: undefined
COMMAND: POST /session/f50b9975a2f10ce5471f2b3ac43fc49e/execute/async - {"script":"<script> [776 bytes]","args":[{"enterText":"C2","selector":{"controlType":"sap.m.Input","viewName":"etm.portal.ui.manageyards.view.New","viewId":"application-manageyards-display-component---NewYard","bindingPath":{"path":"","propertyPath":"/SALES_AREA_SPART","modelName":"NewYardModel"},"interaction":{"idSuffix":"inner"}},"clearTextFirst":true,"interactionType":"ENTER_TEXT"}]}
RESULT: {"script":"<script> [776 bytes]","args":[{"enterText":"C2","selector":{"controlType":"sap.m.Input","viewName":"etm.portal.ui.manageyards.view.New","viewId":"application-manageyards-display-component---NewYard","bindingPath":{"path":"","propertyPath":"/SALES_AREA_SPART","modelName":"NewYardModel"},"interaction":{"idSuffix":"inner"}},"clearTextFirst":true,"interactionType":"ENTER_TEXT"}]}
COMMAND: POST /session/f50b9975a2f10ce5471f2b3ac43fc49e/execute/async - {"script":"<script> [1562 bytes]","args":[{"selector":{"controlType":"sap.m.Input","viewName":"etm.portal.ui.manageyards.view.New","viewId":"application-manageyards-display-component---NewYard","bindingPath":{"path":"","propertyPath":"/SHIP_POINT","modelName":"NewYardModel"},"interaction":{"idSuffix":"inner"}},"wdio_ui5_key":"etmportal.ui.manageyards.view.Newsap.m.Input{\"path\":\"\",\"propertyPath\":\"/SHIP_POINT\",\"modelName\":\"NewYardModel\"}"}]}
RESULT: {"script":"<script> [1562 bytes]","args":[{"selector":{"controlType":"sap.m.Input","viewName":"etm.portal.ui.manageyards.view.New","viewId":"application-manageyards-display-component---NewYard","bindingPath":{"path":"","propertyPath":"/SHIP_POINT","modelName":"NewYardModel"},"interaction":{"idSuffix":"inner"}},"wdio_ui5_key":"etmportal.ui.manageyards.view.Newsap.m.Input{\"path\":\"\",\"propertyPath\":\"/SHIP_POINT\",\"modelName\":\"NewYardModel\"}"}]}
RESULT: undefined
COMMAND: POST /session/f50b9975a2f10ce5471f2b3ac43fc49e/execute/async - {"script":"<script> [776 bytes]","args":[{"enterText":"1710","selector":{"controlType":"sap.m.Input","viewName":"etm.portal.ui.manageyards.view.New","viewId":"application-manageyards-display-component---NewYard","bindingPath":{"path":"","propertyPath":"/SHIP_POINT","modelName":"NewYardModel"},"interaction":{"idSuffix":"inner"}},"clearTextFirst":true,"interactionType":"ENTER_TEXT"}]}
RESULT: {"script":"<script> [776 bytes]","args":[{"enterText":"1710","selector":{"controlType":"sap.m.Input","viewName":"etm.portal.ui.manageyards.view.New","viewId":"application-manageyards-display-component---NewYard","bindingPath":{"path":"","propertyPath":"/SHIP_POINT","modelName":"NewYardModel"},"interaction":{"idSuffix":"inner"}},"clearTextFirst":true,"interactionType":"ENTER_TEXT"}]}
COMMAND: POST /session/f50b9975a2f10ce5471f2b3ac43fc49e/execute/async - {"script":"<script> [1562 bytes]","args":[{"selector":{"controlType":"sap.m.Input","viewName":"etm.portal.ui.manageyards.view.New","viewId":"application-manageyards-display-component---NewYard","bindingPath":{"path":"","propertyPath":"/DELIVERY_TYPE","modelName":"NewYardModel"},"interaction":{"idSuffix":"inner"}},"wdio_ui5_key":"etmportal.ui.manageyards.view.Newsap.m.Input{\"path\":\"\",\"propertyPath\":\"/DELIVERY_TYPE\",\"modelName\":\"NewYardModel\"}"}]}
RESULT: {"script":"<script> [1562 bytes]","args":[{"selector":{"controlType":"sap.m.Input","viewName":"etm.portal.ui.manageyards.view.New","viewId":"application-manageyards-display-component---NewYard","bindingPath":{"path":"","propertyPath":"/DELIVERY_TYPE","modelName":"NewYardModel"},"interaction":{"idSuffix":"inner"}},"wdio_ui5_key":"etmportal.ui.manageyards.view.Newsap.m.Input{\"path\":\"\",\"propertyPath\":\"/DELIVERY_TYPE\",\"modelName\":\"NewYardModel\"}"}]}
RESULT: undefined
COMMAND: POST /session/f50b9975a2f10ce5471f2b3ac43fc49e/execute/async - {"script":"<script> [776 bytes]","args":[{"enterText":"ZL01","selector":{"controlType":"sap.m.Input","viewName":"etm.portal.ui.manageyards.view.New","viewId":"application-manageyards-display-component---NewYard","bindingPath":{"path":"","propertyPath":"/DELIVERY_TYPE","modelName":"NewYardModel"},"interaction":{"idSuffix":"inner"}},"clearTextFirst":true,"interactionType":"ENTER_TEXT"}]}
RESULT: {"script":"<script> [776 bytes]","args":[{"enterText":"ZL01","selector":{"controlType":"sap.m.Input","viewName":"etm.portal.ui.manageyards.view.New","viewId":"application-manageyards-display-component---NewYard","bindingPath":{"path":"","propertyPath":"/DELIVERY_TYPE","modelName":"NewYardModel"},"interaction":{"idSuffix":"inner"}},"clearTextFirst":true,"interactionType":"ENTER_TEXT"}]}
COMMAND: POST /session/f50b9975a2f10ce5471f2b3ac43fc49e/execute/async - {"script":"<script> [1562 bytes]","args":[{"selector":{"controlType":"sap.m.Input","viewName":"etm.portal.ui.manageyards.view.New","viewId":"application-manageyards-display-component---NewYard","bindingPath":{"path":"","propertyPath":"/AUART","modelName":"NewYardModel"},"interaction":{"idSuffix":"inner"}},"wdio_ui5_key":"etmportal.ui.manageyards.view.Newsap.m.Input{\"path\":\"\",\"propertyPath\":\"/AUART\",\"modelName\":\"NewYardModel\"}"}]}
RESULT: {"script":"<script> [1562 bytes]","args":[{"selector":{"controlType":"sap.m.Input","viewName":"etm.portal.ui.manageyards.view.New","viewId":"application-manageyards-display-component---NewYard","bindingPath":{"path":"","propertyPath":"/AUART","modelName":"NewYardModel"},"interaction":{"idSuffix":"inner"}},"wdio_ui5_key":"etmportal.ui.manageyards.view.Newsap.m.Input{\"path\":\"\",\"propertyPath\":\"/AUART\",\"modelName\":\"NewYardModel\"}"}]}
RESULT: undefined
COMMAND: POST /session/f50b9975a2f10ce5471f2b3ac43fc49e/execute/async - {"script":"<script> [776 bytes]","args":[{"enterText":"TA","selector":{"controlType":"sap.m.Input","viewName":"etm.portal.ui.manageyards.view.New","viewId":"application-manageyards-display-component---NewYard","bindingPath":{"path":"","propertyPath":"/AUART","modelName":"NewYardModel"},"interaction":{"idSuffix":"inner"}},"clearTextFirst":true,"interactionType":"ENTER_TEXT"}]}
RESULT: {"script":"<script> [776 bytes]","args":[{"enterText":"TA","selector":{"controlType":"sap.m.Input","viewName":"etm.portal.ui.manageyards.view.New","viewId":"application-manageyards-display-component---NewYard","bindingPath":{"path":"","propertyPath":"/AUART","modelName":"NewYardModel"},"interaction":{"idSuffix":"inner"}},"clearTextFirst":true,"interactionType":"ENTER_TEXT"}]}
COMMAND: POST /session/f50b9975a2f10ce5471f2b3ac43fc49e/element - {"using":"xpath","value":"//button[@data-kt=\"newYardSaveButton\"]"}
RESULT: {"using":"xpath","value":"//button[@data-kt=\"newYardSaveButton\"]"}
COMMAND: POST /session/f50b9975a2f10ce5471f2b3ac43fc49e/element/f.DF1E31923C9290F9F1C58ACD46554FBC.d.F43294650AC959D5CC1B1A8FC922D2A9.e.707/click - {}
RESULT: {}
COMMAND: GET /session/f50b9975a2f10ce5471f2b3ac43fc49e/screenshot - {}
RESULT: {}
COMMAND: POST /session/f50b9975a2f10ce5471f2b3ac43fc49e/element - {"using":"xpath","value":"//header[contains(@id, 'ObjectPageLayout-headerTitle')]/div[1]/div[2]/div[1]/span[1]"}
RESULT: {"using":"xpath","value":"//header[contains(@id, 'ObjectPageLayout-headerTitle')]/div[1]/div[2]/div[1]/span[1]"}
COMMAND: POST /session/f50b9975a2f10ce5471f2b3ac43fc49e/elements - {"using":"xpath","value":"//header[contains(@id, 'ObjectPageLayout-headerTitle')]/div[1]/div[2]/div[1]/span[1]"}
RESULT: {"using":"xpath","value":"//header[contains(@id, 'ObjectPageLayout-headerTitle')]/div[1]/div[2]/div[1]/span[1]"}
COMMAND: POST /session/f50b9975a2f10ce5471f2b3ac43fc49e/execute/sync - {"script":"<script> [56 bytes]","args":[{"element-6066-11e4-a52e-4f735466cecf":"f.DF1E31923C9290F9F1C58ACD46554FBC.d.F43294650AC959D5CC1B1A8FC922D2A9.e.1002","ELEMENT":"f.DF1E31923C9290F9F1C58ACD46554FBC.d.F43294650AC959D5CC1B1A8FC922D2A9.e.1002"}]}
RESULT: {"script":"<script> [56 bytes]","args":[{"element-6066-11e4-a52e-4f735466cecf":"f.DF1E31923C9290F9F1C58ACD46554FBC.d.F43294650AC959D5CC1B1A8FC922D2A9.e.1002","ELEMENT":"f.DF1E31923C9290F9F1C58ACD46554FBC.d.F43294650AC959D5CC1B1A8FC922D2A9.e.1002"}]}
COMMAND: GET /session/f50b9975a2f10ce5471f2b3ac43fc49e/screenshot - {}
COMMAND: POST /session/f50b9975a2f10ce5471f2b3ac43fc49e/execute/sync - {"script":"<script> [56 bytes]","args":[{"element-6066-11e4-a52e-4f735466cecf":"f.DF1E31923C9290F9F1C58ACD46554FBC.d.F43294650AC959D5CC1B1A8FC922D2A9.e.1002","ELEMENT":"f.DF1E31923C9290F9F1C58ACD46554FBC.d.F43294650AC959D5CC1B1A8FC922D2A9.e.1002"}]}
RESULT: {}
RESULT: {"script":"<script> [56 bytes]","args":[{"element-6066-11e4-a52e-4f735466cecf":"f.DF1E31923C9290F9F1C58ACD46554FBC.d.F43294650AC959D5CC1B1A8FC922D2A9.e.1002","ELEMENT":"f.DF1E31923C9290F9F1C58ACD46554FBC.d.F43294650AC959D5CC1B1A8FC922D2A9.e.1002"}]}
COMMAND: GET /session/f50b9975a2f10ce5471f2b3ac43fc49e/screenshot - {}
RESULT: {}
COMMAND: POST /session/f50b9975a2f10ce5471f2b3ac43fc49e/element - {"using":"css selector","value":"#shell-header-logo"}
RESULT: {"using":"css selector","value":"#shell-header-logo"}
COMMAND: POST /session/f50b9975a2f10ce5471f2b3ac43fc49e/element/f.DF1E31923C9290F9F1C58ACD46554FBC.d.F43294650AC959D5CC1B1A8FC922D2A9.e.256/click - {}
RESULT: {}
COMMAND: GET /session/f50b9975a2f10ce5471f2b3ac43fc49e/screenshot - {}
RESULT: {}
COMMAND: POST /session/f50b9975a2f10ce5471f2b3ac43fc49e/execute/sync - {"script":"<script> [299 bytes]","args":[["getModel","getResource"]]}
RESULT: {"script":"<script> [299 bytes]","args":[["getModel","getResource"]]}
COMMAND: GET /session/f50b9975a2f10ce5471f2b3ac43fc49e/screenshot - {}
]]></system-out>
    </testcase>
    <testcase classname="chrome.135_0_7049_96.windows.Billing_Transfer_-_Master_data_&amp;_Intercompany_US127250" name="Should create a new partner" time="112.353">
      <system-out><![CDATA[
COMMAND: POST /session/f50b9975a2f10ce5471f2b3ac43fc49e/window/fullscreen - {}
RESULT: {}
COMMAND: POST /session/f50b9975a2f10ce5471f2b3ac43fc49e/execute/async - {"script":"<script> [1562 bytes]","args":[{"selector":{"controlType":"sap.m.GenericTile","properties":{"header":"Manage Partners"}},"wdio_ui5_key":"sapm.GenericTile{\"header\":\"Manage Partners\"}"}]}
RESULT: {}
RESULT: {"script":"<script> [1562 bytes]","args":[{"selector":{"controlType":"sap.m.GenericTile","properties":{"header":"Manage Partners"}},"wdio_ui5_key":"sapm.GenericTile{\"header\":\"Manage Partners\"}"}]}
RESULT: undefined
COMMAND: POST /session/f50b9975a2f10ce5471f2b3ac43fc49e/element - {"using":"xpath","value":"//*[@id=\"__tile38\"]"}
RESULT: {"using":"xpath","value":"//*[@id=\"__tile38\"]"}
COMMAND: POST /session/f50b9975a2f10ce5471f2b3ac43fc49e/element/f.DF1E31923C9290F9F1C58ACD46554FBC.d.F43294650AC959D5CC1B1A8FC922D2A9.e.153/click - {}
RESULT: {}
COMMAND: POST /session/f50b9975a2f10ce5471f2b3ac43fc49e/element - {"using":"xpath","value":"//button[@data-kt=\"addButton\"]"}
COMMAND: GET /session/f50b9975a2f10ce5471f2b3ac43fc49e/screenshot - {}
RESULT: {"using":"xpath","value":"//button[@data-kt=\"addButton\"]"}
COMMAND: POST /session/f50b9975a2f10ce5471f2b3ac43fc49e/elements - {"using":"xpath","value":"//button[@data-kt=\"addButton\"]"}
RESULT: {}
RESULT: {"using":"xpath","value":"//button[@data-kt=\"addButton\"]"}
COMMAND: POST /session/f50b9975a2f10ce5471f2b3ac43fc49e/elements - {"using":"xpath","value":"//button[@data-kt=\"addButton\"]"}
RESULT: {"using":"xpath","value":"//button[@data-kt=\"addButton\"]"}
COMMAND: POST /session/f50b9975a2f10ce5471f2b3ac43fc49e/elements - {"using":"xpath","value":"//button[@data-kt=\"addButton\"]"}
RESULT: {"using":"xpath","value":"//button[@data-kt=\"addButton\"]"}
COMMAND: POST /session/f50b9975a2f10ce5471f2b3ac43fc49e/elements - {"using":"xpath","value":"//button[@data-kt=\"addButton\"]"}
RESULT: {"using":"xpath","value":"//button[@data-kt=\"addButton\"]"}
COMMAND: POST /session/f50b9975a2f10ce5471f2b3ac43fc49e/elements - {"using":"xpath","value":"//button[@data-kt=\"addButton\"]"}
RESULT: {"using":"xpath","value":"//button[@data-kt=\"addButton\"]"}
COMMAND: POST /session/f50b9975a2f10ce5471f2b3ac43fc49e/elements - {"using":"xpath","value":"//button[@data-kt=\"addButton\"]"}
RESULT: {"using":"xpath","value":"//button[@data-kt=\"addButton\"]"}
COMMAND: POST /session/f50b9975a2f10ce5471f2b3ac43fc49e/elements - {"using":"xpath","value":"//button[@data-kt=\"addButton\"]"}
RESULT: {"using":"xpath","value":"//button[@data-kt=\"addButton\"]"}
COMMAND: POST /session/f50b9975a2f10ce5471f2b3ac43fc49e/element - {"using":"xpath","value":"//button[@data-kt=\"addButton\"]"}
RESULT: {"using":"xpath","value":"//button[@data-kt=\"addButton\"]"}
COMMAND: POST /session/f50b9975a2f10ce5471f2b3ac43fc49e/execute/sync - {"script":"<script> [8489 bytes]","args":[{"element-6066-11e4-a52e-4f735466cecf":"f.DF1E31923C9290F9F1C58ACD46554FBC.d.F43294650AC959D5CC1B1A8FC922D2A9.e.1044","ELEMENT":"f.DF1E31923C9290F9F1C58ACD46554FBC.d.F43294650AC959D5CC1B1A8FC922D2A9.e.1044"}]}
RESULT: {"script":"<script> [8489 bytes]","args":[{"element-6066-11e4-a52e-4f735466cecf":"f.DF1E31923C9290F9F1C58ACD46554FBC.d.F43294650AC959D5CC1B1A8FC922D2A9.e.1044","ELEMENT":"f.DF1E31923C9290F9F1C58ACD46554FBC.d.F43294650AC959D5CC1B1A8FC922D2A9.e.1044"}]}
COMMAND: GET /session/f50b9975a2f10ce5471f2b3ac43fc49e/element/f.DF1E31923C9290F9F1C58ACD46554FBC.d.F43294650AC959D5CC1B1A8FC922D2A9.e.1044/enabled - {}
COMMAND: GET /session/f50b9975a2f10ce5471f2b3ac43fc49e/screenshot - {}
RESULT: {}
COMMAND: POST /session/f50b9975a2f10ce5471f2b3ac43fc49e/execute/sync - {"script":"<script> [8489 bytes]","args":[{"element-6066-11e4-a52e-4f735466cecf":"f.DF1E31923C9290F9F1C58ACD46554FBC.d.F43294650AC959D5CC1B1A8FC922D2A9.e.1044","ELEMENT":"f.DF1E31923C9290F9F1C58ACD46554FBC.d.F43294650AC959D5CC1B1A8FC922D2A9.e.1044"}]}
COMMAND: GET /session/f50b9975a2f10ce5471f2b3ac43fc49e/screenshot - {}
RESULT: {}
RESULT: {"script":"<script> [8489 bytes]","args":[{"element-6066-11e4-a52e-4f735466cecf":"f.DF1E31923C9290F9F1C58ACD46554FBC.d.F43294650AC959D5CC1B1A8FC922D2A9.e.1044","ELEMENT":"f.DF1E31923C9290F9F1C58ACD46554FBC.d.F43294650AC959D5CC1B1A8FC922D2A9.e.1044"}]}
COMMAND: POST /session/f50b9975a2f10ce5471f2b3ac43fc49e/execute/sync - {"script":"<script> [5351 bytes]","args":[{"element-6066-11e4-a52e-4f735466cecf":"f.DF1E31923C9290F9F1C58ACD46554FBC.d.F43294650AC959D5CC1B1A8FC922D2A9.e.1044","ELEMENT":"f.DF1E31923C9290F9F1C58ACD46554FBC.d.F43294650AC959D5CC1B1A8FC922D2A9.e.1044"}]}
COMMAND: GET /session/f50b9975a2f10ce5471f2b3ac43fc49e/screenshot - {}
RESULT: {}
RESULT: {"script":"<script> [5351 bytes]","args":[{"element-6066-11e4-a52e-4f735466cecf":"f.DF1E31923C9290F9F1C58ACD46554FBC.d.F43294650AC959D5CC1B1A8FC922D2A9.e.1044","ELEMENT":"f.DF1E31923C9290F9F1C58ACD46554FBC.d.F43294650AC959D5CC1B1A8FC922D2A9.e.1044"}]}
COMMAND: POST /session/f50b9975a2f10ce5471f2b3ac43fc49e/element/f.DF1E31923C9290F9F1C58ACD46554FBC.d.F43294650AC959D5CC1B1A8FC922D2A9.e.1044/click - {}
COMMAND: GET /session/f50b9975a2f10ce5471f2b3ac43fc49e/screenshot - {}
RESULT: {}
RESULT: {}
COMMAND: GET /session/f50b9975a2f10ce5471f2b3ac43fc49e/screenshot - {}
COMMAND: POST /session/f50b9975a2f10ce5471f2b3ac43fc49e/execute/async - {"script":"<script> [1562 bytes]","args":[{"selector":{"id":"application-managepartners-display-component---NewPartner--addressDetailDetailsName1","interaction":{"idSuffix":"inner"}},"wdio_ui5_key":"applicationmanagepartners-display-component---NewPartner--addressDetailDetailsName1"}]}
RESULT: {}
RESULT: {}
RESULT: {"script":"<script> [1562 bytes]","args":[{"selector":{"id":"application-managepartners-display-component---NewPartner--addressDetailDetailsName1","interaction":{"idSuffix":"inner"}},"wdio_ui5_key":"applicationmanagepartners-display-component---NewPartner--addressDetailDetailsName1"}]}
RESULT: undefined
COMMAND: POST /session/f50b9975a2f10ce5471f2b3ac43fc49e/execute/async - {"script":"<script> [776 bytes]","args":[{"enterText":"Intercompany Partner WDIO","selector":{"id":"application-managepartners-display-component---NewPartner--addressDetailDetailsName1","interaction":{"idSuffix":"inner"}},"clearTextFirst":true,"interactionType":"ENTER_TEXT"}]}
RESULT: {"script":"<script> [776 bytes]","args":[{"enterText":"Intercompany Partner WDIO","selector":{"id":"application-managepartners-display-component---NewPartner--addressDetailDetailsName1","interaction":{"idSuffix":"inner"}},"clearTextFirst":true,"interactionType":"ENTER_TEXT"}]}
COMMAND: POST /session/f50b9975a2f10ce5471f2b3ac43fc49e/execute/async - {"script":"<script> [1562 bytes]","args":[{"selector":{"id":"application-managepartners-display-component---NewPartner--addressDetailDetailsLanguage-arrow"},"wdio_ui5_key":"applicationmanagepartners-display-component---NewPartner--addressDetailDetailsLanguage-arrow"}]}
RESULT: {"script":"<script> [1562 bytes]","args":[{"selector":{"id":"application-managepartners-display-component---NewPartner--addressDetailDetailsLanguage-arrow"},"wdio_ui5_key":"applicationmanagepartners-display-component---NewPartner--addressDetailDetailsLanguage-arrow"}]}
RESULT: undefined
COMMAND: POST /session/f50b9975a2f10ce5471f2b3ac43fc49e/element - {"using":"xpath","value":"//*[@id=\"application-managepartners-display-component---NewPartner--addressDetailDetailsLanguage-arrow\"]"}
RESULT: {"using":"xpath","value":"//*[@id=\"application-managepartners-display-component---NewPartner--addressDetailDetailsLanguage-arrow\"]"}
COMMAND: POST /session/f50b9975a2f10ce5471f2b3ac43fc49e/element/f.DF1E31923C9290F9F1C58ACD46554FBC.d.F43294650AC959D5CC1B1A8FC922D2A9.e.1500/click - {}
RESULT: {}
COMMAND: POST /session/f50b9975a2f10ce5471f2b3ac43fc49e/element - {"using":"xpath","value":"//span[contains(text(), \"English\")]"}
COMMAND: GET /session/f50b9975a2f10ce5471f2b3ac43fc49e/screenshot - {}
RESULT: {"using":"xpath","value":"//span[contains(text(), \"English\")]"}
COMMAND: POST /session/f50b9975a2f10ce5471f2b3ac43fc49e/element/f.DF1E31923C9290F9F1C58ACD46554FBC.d.F43294650AC959D5CC1B1A8FC922D2A9.e.1501/click - {}
RESULT: {}
RESULT: {}
COMMAND: GET /session/f50b9975a2f10ce5471f2b3ac43fc49e/screenshot - {}
RESULT: {}
COMMAND: POST /session/f50b9975a2f10ce5471f2b3ac43fc49e/execute/async - {"script":"<script> [1562 bytes]","args":[{"selector":{"id":"application-managepartners-display-component---NewPartner--addressDetailDetailsCity1","interaction":{"idSuffix":"inner"}},"wdio_ui5_key":"applicationmanagepartners-display-component---NewPartner--addressDetailDetailsCity1"}]}
RESULT: {"script":"<script> [1562 bytes]","args":[{"selector":{"id":"application-managepartners-display-component---NewPartner--addressDetailDetailsCity1","interaction":{"idSuffix":"inner"}},"wdio_ui5_key":"applicationmanagepartners-display-component---NewPartner--addressDetailDetailsCity1"}]}
RESULT: undefined
COMMAND: POST /session/f50b9975a2f10ce5471f2b3ac43fc49e/execute/async - {"script":"<script> [776 bytes]","args":[{"enterText":"Rosario","selector":{"id":"application-managepartners-display-component---NewPartner--addressDetailDetailsCity1","interaction":{"idSuffix":"inner"}},"clearTextFirst":true,"interactionType":"ENTER_TEXT"}]}
RESULT: {"script":"<script> [776 bytes]","args":[{"enterText":"Rosario","selector":{"id":"application-managepartners-display-component---NewPartner--addressDetailDetailsCity1","interaction":{"idSuffix":"inner"}},"clearTextFirst":true,"interactionType":"ENTER_TEXT"}]}
COMMAND: POST /session/f50b9975a2f10ce5471f2b3ac43fc49e/execute/async - {"script":"<script> [1562 bytes]","args":[{"selector":{"id":"application-managepartners-display-component---NewPartner--addressDetailDetailsCountry-arrow"},"wdio_ui5_key":"applicationmanagepartners-display-component---NewPartner--addressDetailDetailsCountry-arrow"}]}
RESULT: {"script":"<script> [1562 bytes]","args":[{"selector":{"id":"application-managepartners-display-component---NewPartner--addressDetailDetailsCountry-arrow"},"wdio_ui5_key":"applicationmanagepartners-display-component---NewPartner--addressDetailDetailsCountry-arrow"}]}
RESULT: undefined
COMMAND: POST /session/f50b9975a2f10ce5471f2b3ac43fc49e/element - {"using":"xpath","value":"//*[@id=\"application-managepartners-display-component---NewPartner--addressDetailDetailsCountry-arrow\"]"}
RESULT: {"using":"xpath","value":"//*[@id=\"application-managepartners-display-component---NewPartner--addressDetailDetailsCountry-arrow\"]"}
COMMAND: POST /session/f50b9975a2f10ce5471f2b3ac43fc49e/element/f.DF1E31923C9290F9F1C58ACD46554FBC.d.F43294650AC959D5CC1B1A8FC922D2A9.e.1487/click - {}
RESULT: {}
COMMAND: POST /session/f50b9975a2f10ce5471f2b3ac43fc49e/element - {"using":"xpath","value":"//span[contains(text(), \"Argentina\")]"}
COMMAND: GET /session/f50b9975a2f10ce5471f2b3ac43fc49e/screenshot - {}
RESULT: {"using":"xpath","value":"//span[contains(text(), \"Argentina\")]"}
COMMAND: POST /session/f50b9975a2f10ce5471f2b3ac43fc49e/element/f.DF1E31923C9290F9F1C58ACD46554FBC.d.F43294650AC959D5CC1B1A8FC922D2A9.e.1503/click - {}
RESULT: {}
RESULT: {}
COMMAND: GET /session/f50b9975a2f10ce5471f2b3ac43fc49e/screenshot - {}
RESULT: {}
COMMAND: POST /session/f50b9975a2f10ce5471f2b3ac43fc49e/element - {"using":"xpath","value":"//bdi[contains(text(), \"Commercial\")]"}
RESULT: {"using":"xpath","value":"//bdi[contains(text(), \"Commercial\")]"}
COMMAND: POST /session/f50b9975a2f10ce5471f2b3ac43fc49e/element/f.DF1E31923C9290F9F1C58ACD46554FBC.d.F43294650AC959D5CC1B1A8FC922D2A9.e.1504/click - {}
RESULT: {}
COMMAND: GET /session/f50b9975a2f10ce5471f2b3ac43fc49e/screenshot - {}
RESULT: {}
COMMAND: POST /session/f50b9975a2f10ce5471f2b3ac43fc49e/execute/async - {"script":"<script> [1562 bytes]","args":[{"selector":{"id":"application-managepartners-display-component---NewPartner--partnerDetailInternal-arrow"},"wdio_ui5_key":"applicationmanagepartners-display-component---NewPartner--partnerDetailInternal-arrow"}]}
RESULT: {"script":"<script> [1562 bytes]","args":[{"selector":{"id":"application-managepartners-display-component---NewPartner--partnerDetailInternal-arrow"},"wdio_ui5_key":"applicationmanagepartners-display-component---NewPartner--partnerDetailInternal-arrow"}]}
RESULT: undefined
COMMAND: POST /session/f50b9975a2f10ce5471f2b3ac43fc49e/element - {"using":"xpath","value":"//*[@id=\"application-managepartners-display-component---NewPartner--partnerDetailInternal-arrow\"]"}
RESULT: {"using":"xpath","value":"//*[@id=\"application-managepartners-display-component---NewPartner--partnerDetailInternal-arrow\"]"}
COMMAND: POST /session/f50b9975a2f10ce5471f2b3ac43fc49e/element/f.DF1E31923C9290F9F1C58ACD46554FBC.d.F43294650AC959D5CC1B1A8FC922D2A9.e.1510/click - {}
RESULT: {}
COMMAND: POST /session/f50b9975a2f10ce5471f2b3ac43fc49e/element - {"using":"xpath","value":"//span[contains(text(), \"Affiliated company\")]"}
COMMAND: GET /session/f50b9975a2f10ce5471f2b3ac43fc49e/screenshot - {}
RESULT: {"using":"xpath","value":"//span[contains(text(), \"Affiliated company\")]"}
COMMAND: POST /session/f50b9975a2f10ce5471f2b3ac43fc49e/element/f.DF1E31923C9290F9F1C58ACD46554FBC.d.F43294650AC959D5CC1B1A8FC922D2A9.e.1511/click - {}
RESULT: {}
RESULT: {}
COMMAND: POST /session/f50b9975a2f10ce5471f2b3ac43fc49e/execute/async - {"script":"<script> [1562 bytes]","args":[{"selector":{"id":"application-managepartners-display-component---NewPartner--partnerDetailsCurrency-arrow"},"wdio_ui5_key":"applicationmanagepartners-display-component---NewPartner--partnerDetailsCurrency-arrow"}]}
COMMAND: GET /session/f50b9975a2f10ce5471f2b3ac43fc49e/screenshot - {}
RESULT: {"script":"<script> [1562 bytes]","args":[{"selector":{"id":"application-managepartners-display-component---NewPartner--partnerDetailsCurrency-arrow"},"wdio_ui5_key":"applicationmanagepartners-display-component---NewPartner--partnerDetailsCurrency-arrow"}]}
RESULT: undefined
COMMAND: POST /session/f50b9975a2f10ce5471f2b3ac43fc49e/element - {"using":"xpath","value":"//*[@id=\"application-managepartners-display-component---NewPartner--partnerDetailsCurrency-arrow\"]"}
RESULT: {}
RESULT: {"using":"xpath","value":"//*[@id=\"application-managepartners-display-component---NewPartner--partnerDetailsCurrency-arrow\"]"}
COMMAND: POST /session/f50b9975a2f10ce5471f2b3ac43fc49e/element/f.DF1E31923C9290F9F1C58ACD46554FBC.d.F43294650AC959D5CC1B1A8FC922D2A9.e.1518/click - {}
RESULT: {}
COMMAND: POST /session/f50b9975a2f10ce5471f2b3ac43fc49e/element - {"using":"xpath","value":"//span[contains(text(), \"Euro\")]"}
COMMAND: GET /session/f50b9975a2f10ce5471f2b3ac43fc49e/screenshot - {}
RESULT: {"using":"xpath","value":"//span[contains(text(), \"Euro\")]"}
COMMAND: POST /session/f50b9975a2f10ce5471f2b3ac43fc49e/element/f.DF1E31923C9290F9F1C58ACD46554FBC.d.F43294650AC959D5CC1B1A8FC922D2A9.e.1519/click - {}
RESULT: {}
RESULT: {}
COMMAND: POST /session/f50b9975a2f10ce5471f2b3ac43fc49e/execute/async - {"script":"<script> [1562 bytes]","args":[{"selector":{"id":"application-managepartners-display-component---NewPartner--addressEditDetailsCostObjectCstType-arrow"},"wdio_ui5_key":"applicationmanagepartners-display-component---NewPartner--addressEditDetailsCostObjectCstType-arrow"}]}
COMMAND: GET /session/f50b9975a2f10ce5471f2b3ac43fc49e/screenshot - {}
RESULT: {"script":"<script> [1562 bytes]","args":[{"selector":{"id":"application-managepartners-display-component---NewPartner--addressEditDetailsCostObjectCstType-arrow"},"wdio_ui5_key":"applicationmanagepartners-display-component---NewPartner--addressEditDetailsCostObjectCstType-arrow"}]}
RESULT: undefined
COMMAND: POST /session/f50b9975a2f10ce5471f2b3ac43fc49e/element - {"using":"xpath","value":"//*[@id=\"application-managepartners-display-component---NewPartner--addressEditDetailsCostObjectCstType-arrow\"]"}
RESULT: {}
RESULT: {"using":"xpath","value":"//*[@id=\"application-managepartners-display-component---NewPartner--addressEditDetailsCostObjectCstType-arrow\"]"}
COMMAND: POST /session/f50b9975a2f10ce5471f2b3ac43fc49e/element/f.DF1E31923C9290F9F1C58ACD46554FBC.d.F43294650AC959D5CC1B1A8FC922D2A9.e.1520/click - {}
RESULT: {}
COMMAND: POST /session/f50b9975a2f10ce5471f2b3ac43fc49e/element - {"using":"xpath","value":"//span[contains(text(), \"Cost Center\")]"}
COMMAND: GET /session/f50b9975a2f10ce5471f2b3ac43fc49e/screenshot - {}
RESULT: {"using":"xpath","value":"//span[contains(text(), \"Cost Center\")]"}
COMMAND: POST /session/f50b9975a2f10ce5471f2b3ac43fc49e/element/f.DF1E31923C9290F9F1C58ACD46554FBC.d.F43294650AC959D5CC1B1A8FC922D2A9.e.1521/click - {}
RESULT: {}
RESULT: {}
COMMAND: GET /session/f50b9975a2f10ce5471f2b3ac43fc49e/screenshot - {}
RESULT: {}
COMMAND: POST /session/f50b9975a2f10ce5471f2b3ac43fc49e/element - {"using":"xpath","value":"//span[@id=\"application-managepartners-display-component---NewPartner--addressNewCostObjectCstID-vhi\"]"}
RESULT: {"using":"xpath","value":"//span[@id=\"application-managepartners-display-component---NewPartner--addressNewCostObjectCstID-vhi\"]"}
COMMAND: POST /session/f50b9975a2f10ce5471f2b3ac43fc49e/execute/sync - {"script":"<script> [8489 bytes]","args":[{"element-6066-11e4-a52e-4f735466cecf":"f.DF1E31923C9290F9F1C58ACD46554FBC.d.F43294650AC959D5CC1B1A8FC922D2A9.e.1525","ELEMENT":"f.DF1E31923C9290F9F1C58ACD46554FBC.d.F43294650AC959D5CC1B1A8FC922D2A9.e.1525"}]}
RESULT: {"script":"<script> [8489 bytes]","args":[{"element-6066-11e4-a52e-4f735466cecf":"f.DF1E31923C9290F9F1C58ACD46554FBC.d.F43294650AC959D5CC1B1A8FC922D2A9.e.1525","ELEMENT":"f.DF1E31923C9290F9F1C58ACD46554FBC.d.F43294650AC959D5CC1B1A8FC922D2A9.e.1525"}]}
COMMAND: POST /session/f50b9975a2f10ce5471f2b3ac43fc49e/execute/async - {"script":"<script> [1562 bytes]","args":[{"selector":{"id":"application-managepartners-display-component---NewPartner--addressNewCostObjectCstID-vhi"},"wdio_ui5_key":"applicationmanagepartners-display-component---NewPartner--addressNewCostObjectCstID-vhi"}]}
COMMAND: GET /session/f50b9975a2f10ce5471f2b3ac43fc49e/screenshot - {}
RESULT: {"script":"<script> [1562 bytes]","args":[{"selector":{"id":"application-managepartners-display-component---NewPartner--addressNewCostObjectCstID-vhi"},"wdio_ui5_key":"applicationmanagepartners-display-component---NewPartner--addressNewCostObjectCstID-vhi"}]}
RESULT: undefined
COMMAND: POST /session/f50b9975a2f10ce5471f2b3ac43fc49e/element - {"using":"xpath","value":"//*[@id=\"application-managepartners-display-component---NewPartner--addressNewCostObjectCstID-vhi\"]"}
RESULT: {}
RESULT: {"using":"xpath","value":"//*[@id=\"application-managepartners-display-component---NewPartner--addressNewCostObjectCstID-vhi\"]"}
COMMAND: POST /session/f50b9975a2f10ce5471f2b3ac43fc49e/element/f.DF1E31923C9290F9F1C58ACD46554FBC.d.F43294650AC959D5CC1B1A8FC922D2A9.e.1525/click - {}
RESULT: {}
COMMAND: GET /session/f50b9975a2f10ce5471f2b3ac43fc49e/screenshot - {}
RESULT: {}
RESULT: undefined
COMMAND: POST /session/f50b9975a2f10ce5471f2b3ac43fc49e/execute/async - {"script":"<script> [776 bytes]","args":[{"enterText":"10001013","selector":{"controlType":"sap.m.SearchField","properties":{"placeholder":"Search"},"searchOpenDialogs":true,"interaction":{"idSuffix":"I"}},"clearTextFirst":true,"interactionType":"ENTER_TEXT"}]}
RESULT: {"script":"<script> [776 bytes]","args":[{"enterText":"10001013","selector":{"controlType":"sap.m.SearchField","properties":{"placeholder":"Search"},"searchOpenDialogs":true,"interaction":{"idSuffix":"I"}},"clearTextFirst":true,"interactionType":"ENTER_TEXT"}]}
COMMAND: POST /session/f50b9975a2f10ce5471f2b3ac43fc49e/actions - {"actions":[{"id":"action2","type":"key","parameters":{},"actions":[{"type":"keyDown","value":"î€‡"},{"type":"pause","duration":10},{"type":"keyUp","value":"î€‡"}]}]}
RESULT: {"actions":[{"id":"action2","type":"key","parameters":{},"actions":[{"type":"keyDown","value":"î€‡"},{"type":"pause","duration":10},{"type":"keyUp","value":"î€‡"}]}]}
COMMAND: GET /session/f50b9975a2f10ce5471f2b3ac43fc49e/screenshot - {}
RESULT: {}
COMMAND: POST /session/f50b9975a2f10ce5471f2b3ac43fc49e/element - {"using":"xpath","value":"//span[contains(text(), \"General Management\")]"}
RESULT: {"using":"xpath","value":"//span[contains(text(), \"General Management\")]"}
COMMAND: POST /session/f50b9975a2f10ce5471f2b3ac43fc49e/element/f.DF1E31923C9290F9F1C58ACD46554FBC.d.F43294650AC959D5CC1B1A8FC922D2A9.e.1564/click - {}
RESULT: {}
COMMAND: GET /session/f50b9975a2f10ce5471f2b3ac43fc49e/screenshot - {}
RESULT: {}
COMMAND: POST /session/f50b9975a2f10ce5471f2b3ac43fc49e/element - {"using":"xpath","value":"//bdi[contains(text(), \"OK\")]"}
RESULT: {"using":"xpath","value":"//bdi[contains(text(), \"OK\")]"}
COMMAND: POST /session/f50b9975a2f10ce5471f2b3ac43fc49e/element/f.DF1E31923C9290F9F1C58ACD46554FBC.d.F43294650AC959D5CC1B1A8FC922D2A9.e.1565/click - {}
RESULT: {}
COMMAND: GET /session/f50b9975a2f10ce5471f2b3ac43fc49e/screenshot - {}
RESULT: {}
COMMAND: POST /session/f50b9975a2f10ce5471f2b3ac43fc49e/element - {"using":"xpath","value":"//input[@id=\"application-managepartners-display-component---NewPartner--companyCodeComboBox-inner\"]"}
RESULT: {"using":"xpath","value":"//input[@id=\"application-managepartners-display-component---NewPartner--companyCodeComboBox-inner\"]"}
COMMAND: POST /session/f50b9975a2f10ce5471f2b3ac43fc49e/element/f.DF1E31923C9290F9F1C58ACD46554FBC.d.F43294650AC959D5CC1B1A8FC922D2A9.e.1355/clear - {}
RESULT: {}
COMMAND: POST /session/f50b9975a2f10ce5471f2b3ac43fc49e/element/f.DF1E31923C9290F9F1C58ACD46554FBC.d.F43294650AC959D5CC1B1A8FC922D2A9.e.1355/value - {"text":"C002"}
COMMAND: GET /session/f50b9975a2f10ce5471f2b3ac43fc49e/screenshot - {}
RESULT: {"text":"C002"}
COMMAND: GET /session/f50b9975a2f10ce5471f2b3ac43fc49e/screenshot - {}
RESULT: {}
RESULT: {}
COMMAND: POST /session/f50b9975a2f10ce5471f2b3ac43fc49e/element - {"using":"xpath","value":"//span[contains(text(), \"C002\")]"}
RESULT: {"using":"xpath","value":"//span[contains(text(), \"C002\")]"}
COMMAND: POST /session/f50b9975a2f10ce5471f2b3ac43fc49e/element/f.DF1E31923C9290F9F1C58ACD46554FBC.d.F43294650AC959D5CC1B1A8FC922D2A9.e.1571/click - {}
RESULT: {}
COMMAND: GET /session/f50b9975a2f10ce5471f2b3ac43fc49e/screenshot - {}
RESULT: {}
COMMAND: POST /session/f50b9975a2f10ce5471f2b3ac43fc49e/execute/async - {"script":"<script> [1562 bytes]","args":[{"selector":{"id":"application-managepartners-display-component---NewPartner--btnAddTableRow-img"},"wdio_ui5_key":"applicationmanagepartners-display-component---NewPartner--btnAddTableRow-img"}]}
RESULT: {"script":"<script> [1562 bytes]","args":[{"selector":{"id":"application-managepartners-display-component---NewPartner--btnAddTableRow-img"},"wdio_ui5_key":"applicationmanagepartners-display-component---NewPartner--btnAddTableRow-img"}]}
RESULT: undefined
COMMAND: POST /session/f50b9975a2f10ce5471f2b3ac43fc49e/element - {"using":"xpath","value":"//*[@id=\"application-managepartners-display-component---NewPartner--btnAddTableRow-img\"]"}
RESULT: {"using":"xpath","value":"//*[@id=\"application-managepartners-display-component---NewPartner--btnAddTableRow-img\"]"}
COMMAND: POST /session/f50b9975a2f10ce5471f2b3ac43fc49e/element/f.DF1E31923C9290F9F1C58ACD46554FBC.d.F43294650AC959D5CC1B1A8FC922D2A9.e.1572/click - {}
RESULT: {}
COMMAND: GET /session/f50b9975a2f10ce5471f2b3ac43fc49e/screenshot - {}
RESULT: {}
COMMAND: POST /session/f50b9975a2f10ce5471f2b3ac43fc49e/element - {"using":"xpath","value":"//input[@id=\"application-managepartners-display-component---NewPartner--assignmentYard-application-managepartners-display-component---NewPartner--assignmentsTable-0-inner\"]"}
RESULT: {"using":"xpath","value":"//input[@id=\"application-managepartners-display-component---NewPartner--assignmentYard-application-managepartners-display-component---NewPartner--assignmentsTable-0-inner\"]"}
COMMAND: POST /session/f50b9975a2f10ce5471f2b3ac43fc49e/element/f.DF1E31923C9290F9F1C58ACD46554FBC.d.F43294650AC959D5CC1B1A8FC922D2A9.e.1575/clear - {}
RESULT: {}
COMMAND: POST /session/f50b9975a2f10ce5471f2b3ac43fc49e/element/f.DF1E31923C9290F9F1C58ACD46554FBC.d.F43294650AC959D5CC1B1A8FC922D2A9.e.1575/value - {"text":"264"}
COMMAND: GET /session/f50b9975a2f10ce5471f2b3ac43fc49e/screenshot - {}
RESULT: {"text":"264"}
COMMAND: GET /session/f50b9975a2f10ce5471f2b3ac43fc49e/screenshot - {}
RESULT: {}
RESULT: {}
COMMAND: POST /session/f50b9975a2f10ce5471f2b3ac43fc49e/element - {"using":"xpath","value":"//li[.//span[text()='264']]"}
RESULT: {"using":"xpath","value":"//li[.//span[text()='264']]"}
COMMAND: POST /session/f50b9975a2f10ce5471f2b3ac43fc49e/element/f.DF1E31923C9290F9F1C58ACD46554FBC.d.F43294650AC959D5CC1B1A8FC922D2A9.e.1584/click - {}
RESULT: {}
COMMAND: GET /session/f50b9975a2f10ce5471f2b3ac43fc49e/screenshot - {}
RESULT: {}
COMMAND: POST /session/f50b9975a2f10ce5471f2b3ac43fc49e/actions - {"actions":[{"id":"action3","type":"key","parameters":{},"actions":[{"type":"keyDown","value":"î€‡"},{"type":"pause","duration":10},{"type":"keyUp","value":"î€‡"}]}]}
RESULT: {"actions":[{"id":"action3","type":"key","parameters":{},"actions":[{"type":"keyDown","value":"î€‡"},{"type":"pause","duration":10},{"type":"keyUp","value":"î€‡"}]}]}
COMMAND: POST /session/f50b9975a2f10ce5471f2b3ac43fc49e/execute/async - {"script":"<script> [1562 bytes]","args":[{"selector":{"id":"application-managepartners-display-component---NewPartner--externalCustomerComboBox-application-managepartners-display-component---NewPartner--assignmentsTable-0-vhi"},"wdio_ui5_key":"applicationmanagepartners-display-component---NewPartner--externalCustomerComboBox-application-managepartners-display-component---NewPartner--assignmentsTable-0-vhi"}]}
COMMAND: GET /session/f50b9975a2f10ce5471f2b3ac43fc49e/screenshot - {}
RESULT: {"script":"<script> [1562 bytes]","args":[{"selector":{"id":"application-managepartners-display-component---NewPartner--externalCustomerComboBox-application-managepartners-display-component---NewPartner--assignmentsTable-0-vhi"},"wdio_ui5_key":"applicationmanagepartners-display-component---NewPartner--externalCustomerComboBox-application-managepartners-display-component---NewPartner--assignmentsTable-0-vhi"}]}
RESULT: undefined
COMMAND: POST /session/f50b9975a2f10ce5471f2b3ac43fc49e/element - {"using":"xpath","value":"//*[@id=\"application-managepartners-display-component---NewPartner--externalCustomerComboBox-application-managepartners-display-component---NewPartner--assignmentsTable-0-vhi\"]"}
RESULT: {}
RESULT: {"using":"xpath","value":"//*[@id=\"application-managepartners-display-component---NewPartner--externalCustomerComboBox-application-managepartners-display-component---NewPartner--assignmentsTable-0-vhi\"]"}
COMMAND: POST /session/f50b9975a2f10ce5471f2b3ac43fc49e/element/f.DF1E31923C9290F9F1C58ACD46554FBC.d.F43294650AC959D5CC1B1A8FC922D2A9.e.1588/click - {}
RESULT: {}
RESULT: undefined
COMMAND: POST /session/f50b9975a2f10ce5471f2b3ac43fc49e/execute/async - {"script":"<script> [776 bytes]","args":[{"enterText":"300003","selector":{"controlType":"sap.m.SearchField","properties":{"placeholder":"Search"},"searchOpenDialogs":true,"interaction":{"idSuffix":"I"}},"clearTextFirst":true,"interactionType":"ENTER_TEXT"}]}
COMMAND: GET /session/f50b9975a2f10ce5471f2b3ac43fc49e/screenshot - {}
RESULT: {"script":"<script> [776 bytes]","args":[{"enterText":"300003","selector":{"controlType":"sap.m.SearchField","properties":{"placeholder":"Search"},"searchOpenDialogs":true,"interaction":{"idSuffix":"I"}},"clearTextFirst":true,"interactionType":"ENTER_TEXT"}]}
COMMAND: POST /session/f50b9975a2f10ce5471f2b3ac43fc49e/actions - {"actions":[{"id":"action4","type":"key","parameters":{},"actions":[{"type":"keyDown","value":"î€‡"},{"type":"pause","duration":10},{"type":"keyUp","value":"î€‡"}]}]}
RESULT: {}
RESULT: {"actions":[{"id":"action4","type":"key","parameters":{},"actions":[{"type":"keyDown","value":"î€‡"},{"type":"pause","duration":10},{"type":"keyUp","value":"î€‡"}]}]}
COMMAND: GET /session/f50b9975a2f10ce5471f2b3ac43fc49e/screenshot - {}
RESULT: {}
COMMAND: POST /session/f50b9975a2f10ce5471f2b3ac43fc49e/element - {"using":"xpath","value":"//span[contains(text(), \"300003\")]"}
RESULT: {"using":"xpath","value":"//span[contains(text(), \"300003\")]"}
COMMAND: POST /session/f50b9975a2f10ce5471f2b3ac43fc49e/element/f.DF1E31923C9290F9F1C58ACD46554FBC.d.F43294650AC959D5CC1B1A8FC922D2A9.e.1606/click - {}
RESULT: {}
COMMAND: GET /session/f50b9975a2f10ce5471f2b3ac43fc49e/screenshot - {}
RESULT: {}
COMMAND: POST /session/f50b9975a2f10ce5471f2b3ac43fc49e/element - {"using":"xpath","value":"//bdi[contains(text(), \"OK\")]"}
RESULT: {"using":"xpath","value":"//bdi[contains(text(), \"OK\")]"}
COMMAND: POST /session/f50b9975a2f10ce5471f2b3ac43fc49e/element/f.DF1E31923C9290F9F1C58ACD46554FBC.d.F43294650AC959D5CC1B1A8FC922D2A9.e.1608/click - {}
RESULT: {}
COMMAND: GET /session/f50b9975a2f10ce5471f2b3ac43fc49e/screenshot - {}
RESULT: {}
COMMAND: POST /session/f50b9975a2f10ce5471f2b3ac43fc49e/execute/async - {"script":"<script> [1562 bytes]","args":[{"selector":{"id":"application-managepartners-display-component---NewPartner--intercompVendorComboBox-application-managepartners-display-component---NewPartner--assignmentsTable-0-vhi"},"wdio_ui5_key":"applicationmanagepartners-display-component---NewPartner--intercompVendorComboBox-application-managepartners-display-component---NewPartner--assignmentsTable-0-vhi"}]}
RESULT: {"script":"<script> [1562 bytes]","args":[{"selector":{"id":"application-managepartners-display-component---NewPartner--intercompVendorComboBox-application-managepartners-display-component---NewPartner--assignmentsTable-0-vhi"},"wdio_ui5_key":"applicationmanagepartners-display-component---NewPartner--intercompVendorComboBox-application-managepartners-display-component---NewPartner--assignmentsTable-0-vhi"}]}
RESULT: undefined
COMMAND: POST /session/f50b9975a2f10ce5471f2b3ac43fc49e/element - {"using":"xpath","value":"//*[@id=\"application-managepartners-display-component---NewPartner--intercompVendorComboBox-application-managepartners-display-component---NewPartner--assignmentsTable-0-vhi\"]"}
RESULT: {"using":"xpath","value":"//*[@id=\"application-managepartners-display-component---NewPartner--intercompVendorComboBox-application-managepartners-display-component---NewPartner--assignmentsTable-0-vhi\"]"}
COMMAND: POST /session/f50b9975a2f10ce5471f2b3ac43fc49e/element/f.DF1E31923C9290F9F1C58ACD46554FBC.d.F43294650AC959D5CC1B1A8FC922D2A9.e.1611/click - {}
RESULT: {}
RESULT: undefined
COMMAND: POST /session/f50b9975a2f10ce5471f2b3ac43fc49e/execute/async - {"script":"<script> [776 bytes]","args":[{"enterText":"100005","selector":{"controlType":"sap.m.SearchField","properties":{"placeholder":"Search"},"searchOpenDialogs":true,"interaction":{"idSuffix":"I"}},"clearTextFirst":true,"interactionType":"ENTER_TEXT"}]}
COMMAND: GET /session/f50b9975a2f10ce5471f2b3ac43fc49e/screenshot - {}
RESULT: {"script":"<script> [776 bytes]","args":[{"enterText":"100005","selector":{"controlType":"sap.m.SearchField","properties":{"placeholder":"Search"},"searchOpenDialogs":true,"interaction":{"idSuffix":"I"}},"clearTextFirst":true,"interactionType":"ENTER_TEXT"}]}
COMMAND: POST /session/f50b9975a2f10ce5471f2b3ac43fc49e/actions - {"actions":[{"id":"action5","type":"key","parameters":{},"actions":[{"type":"keyDown","value":"î€‡"},{"type":"pause","duration":10},{"type":"keyUp","value":"î€‡"}]}]}
RESULT: {}
RESULT: {"actions":[{"id":"action5","type":"key","parameters":{},"actions":[{"type":"keyDown","value":"î€‡"},{"type":"pause","duration":10},{"type":"keyUp","value":"î€‡"}]}]}
COMMAND: GET /session/f50b9975a2f10ce5471f2b3ac43fc49e/screenshot - {}
RESULT: {}
COMMAND: POST /session/f50b9975a2f10ce5471f2b3ac43fc49e/element - {"using":"xpath","value":"//span[contains(text(), \"Penguins - Field/12345 Berlin\")]"}
RESULT: {"using":"xpath","value":"//span[contains(text(), \"Penguins - Field/12345 Berlin\")]"}
COMMAND: POST /session/f50b9975a2f10ce5471f2b3ac43fc49e/element/f.DF1E31923C9290F9F1C58ACD46554FBC.d.F43294650AC959D5CC1B1A8FC922D2A9.e.1629/click - {}
RESULT: {}
COMMAND: GET /session/f50b9975a2f10ce5471f2b3ac43fc49e/screenshot - {}
RESULT: {}
COMMAND: POST /session/f50b9975a2f10ce5471f2b3ac43fc49e/element - {"using":"xpath","value":"//bdi[contains(text(), \"OK\")]"}
RESULT: {"using":"xpath","value":"//bdi[contains(text(), \"OK\")]"}
COMMAND: POST /session/f50b9975a2f10ce5471f2b3ac43fc49e/element/f.DF1E31923C9290F9F1C58ACD46554FBC.d.F43294650AC959D5CC1B1A8FC922D2A9.e.1630/click - {}
RESULT: {}
COMMAND: GET /session/f50b9975a2f10ce5471f2b3ac43fc49e/screenshot - {}
RESULT: {}
COMMAND: POST /session/f50b9975a2f10ce5471f2b3ac43fc49e/element - {"using":"xpath","value":"//button[@data-kt=\"saveButton\"]"}
RESULT: {"using":"xpath","value":"//button[@data-kt=\"saveButton\"]"}
COMMAND: POST /session/f50b9975a2f10ce5471f2b3ac43fc49e/element/f.DF1E31923C9290F9F1C58ACD46554FBC.d.F43294650AC959D5CC1B1A8FC922D2A9.e.1437/click - {}
RESULT: {}
COMMAND: GET /session/f50b9975a2f10ce5471f2b3ac43fc49e/screenshot - {}
RESULT: {}
COMMAND: POST /session/f50b9975a2f10ce5471f2b3ac43fc49e/element - {"using":"xpath","value":"//header[contains(@id, 'ObjectPageLayout-headerTitle')]/div[1]/div[2]/div[2]/span[1]"}
RESULT: {"using":"xpath","value":"//header[contains(@id, 'ObjectPageLayout-headerTitle')]/div[1]/div[2]/div[2]/span[1]"}
COMMAND: POST /session/f50b9975a2f10ce5471f2b3ac43fc49e/elements - {"using":"xpath","value":"//header[contains(@id, 'ObjectPageLayout-headerTitle')]/div[1]/div[2]/div[2]/span[1]"}
RESULT: {"using":"xpath","value":"//header[contains(@id, 'ObjectPageLayout-headerTitle')]/div[1]/div[2]/div[2]/span[1]"}
COMMAND: POST /session/f50b9975a2f10ce5471f2b3ac43fc49e/execute/sync - {"script":"<script> [56 bytes]","args":[{"element-6066-11e4-a52e-4f735466cecf":"f.DF1E31923C9290F9F1C58ACD46554FBC.d.F43294650AC959D5CC1B1A8FC922D2A9.e.1796","ELEMENT":"f.DF1E31923C9290F9F1C58ACD46554FBC.d.F43294650AC959D5CC1B1A8FC922D2A9.e.1796"}]}
RESULT: {"script":"<script> [56 bytes]","args":[{"element-6066-11e4-a52e-4f735466cecf":"f.DF1E31923C9290F9F1C58ACD46554FBC.d.F43294650AC959D5CC1B1A8FC922D2A9.e.1796","ELEMENT":"f.DF1E31923C9290F9F1C58ACD46554FBC.d.F43294650AC959D5CC1B1A8FC922D2A9.e.1796"}]}
COMMAND: POST /session/f50b9975a2f10ce5471f2b3ac43fc49e/element - {"using":"css selector","value":"#shell-header-logo"}
COMMAND: GET /session/f50b9975a2f10ce5471f2b3ac43fc49e/screenshot - {}
RESULT: {"using":"css selector","value":"#shell-header-logo"}
COMMAND: POST /session/f50b9975a2f10ce5471f2b3ac43fc49e/element/f.DF1E31923C9290F9F1C58ACD46554FBC.d.F43294650AC959D5CC1B1A8FC922D2A9.e.1011/click - {}
RESULT: {}
RESULT: {}
COMMAND: GET /session/f50b9975a2f10ce5471f2b3ac43fc49e/screenshot - {}
RESULT: {}
COMMAND: POST /session/f50b9975a2f10ce5471f2b3ac43fc49e/execute/sync - {"script":"<script> [299 bytes]","args":[["getModel","getResource"]]}
RESULT: {"script":"<script> [299 bytes]","args":[["getModel","getResource"]]}
COMMAND: GET /session/f50b9975a2f10ce5471f2b3ac43fc49e/screenshot - {}
]]></system-out>
    </testcase>
    <testcase classname="chrome.135_0_7049_96.windows.Billing_Transfer_-_Master_data_&amp;_Intercompany_US127250" name="Should create a new site" time="86.992">
      <system-out><![CDATA[
COMMAND: POST /session/f50b9975a2f10ce5471f2b3ac43fc49e/execute/async - {"script":"<script> [1562 bytes]","args":[{"selector":{"controlType":"sap.m.TileContent","bindingPath":{"path":"","propertyPath":"/properties/info"},"ancestor":{"controlType":"sap.m.GenericTile","properties":{"header":"Manage Sites"}}},"wdio_ui5_key":"sapm.TileContent{\"path\":\"\",\"propertyPath\":\"/properties/info\"}{\"controlType\":\"sap.m.GenericTile\",\"properties\":{\"header\":\"Manage Sites\"}}"}]}
RESULT: {}
RESULT: {"script":"<script> [1562 bytes]","args":[{"selector":{"controlType":"sap.m.TileContent","bindingPath":{"path":"","propertyPath":"/properties/info"},"ancestor":{"controlType":"sap.m.GenericTile","properties":{"header":"Manage Sites"}}},"wdio_ui5_key":"sapm.TileContent{\"path\":\"\",\"propertyPath\":\"/properties/info\"}{\"controlType\":\"sap.m.GenericTile\",\"properties\":{\"header\":\"Manage Sites\"}}"}]}
RESULT: undefined
COMMAND: POST /session/f50b9975a2f10ce5471f2b3ac43fc49e/element - {"using":"xpath","value":"//*[@id=\"__xmlview7--numericTileContent\"]"}
RESULT: {"using":"xpath","value":"//*[@id=\"__xmlview7--numericTileContent\"]"}
COMMAND: POST /session/f50b9975a2f10ce5471f2b3ac43fc49e/element/f.DF1E31923C9290F9F1C58ACD46554FBC.d.F43294650AC959D5CC1B1A8FC922D2A9.e.1798/click - {}
RESULT: {}
COMMAND: POST /session/f50b9975a2f10ce5471f2b3ac43fc49e/element - {"using":"xpath","value":"//button[@data-kt=\"addOverflowToolbarButton\"]"}
COMMAND: GET /session/f50b9975a2f10ce5471f2b3ac43fc49e/screenshot - {}
RESULT: {"using":"xpath","value":"//button[@data-kt=\"addOverflowToolbarButton\"]"}
COMMAND: POST /session/f50b9975a2f10ce5471f2b3ac43fc49e/elements - {"using":"xpath","value":"//button[@data-kt=\"addOverflowToolbarButton\"]"}
RESULT: {}
RESULT: {"using":"xpath","value":"//button[@data-kt=\"addOverflowToolbarButton\"]"}
COMMAND: POST /session/f50b9975a2f10ce5471f2b3ac43fc49e/elements - {"using":"xpath","value":"//button[@data-kt=\"addOverflowToolbarButton\"]"}
RESULT: {"using":"xpath","value":"//button[@data-kt=\"addOverflowToolbarButton\"]"}
COMMAND: POST /session/f50b9975a2f10ce5471f2b3ac43fc49e/elements - {"using":"xpath","value":"//button[@data-kt=\"addOverflowToolbarButton\"]"}
RESULT: {"using":"xpath","value":"//button[@data-kt=\"addOverflowToolbarButton\"]"}
COMMAND: POST /session/f50b9975a2f10ce5471f2b3ac43fc49e/elements - {"using":"xpath","value":"//button[@data-kt=\"addOverflowToolbarButton\"]"}
RESULT: {"using":"xpath","value":"//button[@data-kt=\"addOverflowToolbarButton\"]"}
COMMAND: POST /session/f50b9975a2f10ce5471f2b3ac43fc49e/element - {"using":"xpath","value":"//button[@data-kt=\"addOverflowToolbarButton\"]"}
RESULT: {"using":"xpath","value":"//button[@data-kt=\"addOverflowToolbarButton\"]"}
COMMAND: POST /session/f50b9975a2f10ce5471f2b3ac43fc49e/execute/sync - {"script":"<script> [8489 bytes]","args":[{"element-6066-11e4-a52e-4f735466cecf":"f.DF1E31923C9290F9F1C58ACD46554FBC.d.F43294650AC959D5CC1B1A8FC922D2A9.e.1813","ELEMENT":"f.DF1E31923C9290F9F1C58ACD46554FBC.d.F43294650AC959D5CC1B1A8FC922D2A9.e.1813"}]}
RESULT: {"script":"<script> [8489 bytes]","args":[{"element-6066-11e4-a52e-4f735466cecf":"f.DF1E31923C9290F9F1C58ACD46554FBC.d.F43294650AC959D5CC1B1A8FC922D2A9.e.1813","ELEMENT":"f.DF1E31923C9290F9F1C58ACD46554FBC.d.F43294650AC959D5CC1B1A8FC922D2A9.e.1813"}]}
COMMAND: GET /session/f50b9975a2f10ce5471f2b3ac43fc49e/element/f.DF1E31923C9290F9F1C58ACD46554FBC.d.F43294650AC959D5CC1B1A8FC922D2A9.e.1813/enabled - {}
COMMAND: GET /session/f50b9975a2f10ce5471f2b3ac43fc49e/screenshot - {}
RESULT: {}
COMMAND: POST /session/f50b9975a2f10ce5471f2b3ac43fc49e/execute/sync - {"script":"<script> [8489 bytes]","args":[{"element-6066-11e4-a52e-4f735466cecf":"f.DF1E31923C9290F9F1C58ACD46554FBC.d.F43294650AC959D5CC1B1A8FC922D2A9.e.1813","ELEMENT":"f.DF1E31923C9290F9F1C58ACD46554FBC.d.F43294650AC959D5CC1B1A8FC922D2A9.e.1813"}]}
COMMAND: GET /session/f50b9975a2f10ce5471f2b3ac43fc49e/screenshot - {}
RESULT: {}
RESULT: {"script":"<script> [8489 bytes]","args":[{"element-6066-11e4-a52e-4f735466cecf":"f.DF1E31923C9290F9F1C58ACD46554FBC.d.F43294650AC959D5CC1B1A8FC922D2A9.e.1813","ELEMENT":"f.DF1E31923C9290F9F1C58ACD46554FBC.d.F43294650AC959D5CC1B1A8FC922D2A9.e.1813"}]}
COMMAND: POST /session/f50b9975a2f10ce5471f2b3ac43fc49e/execute/sync - {"script":"<script> [5351 bytes]","args":[{"element-6066-11e4-a52e-4f735466cecf":"f.DF1E31923C9290F9F1C58ACD46554FBC.d.F43294650AC959D5CC1B1A8FC922D2A9.e.1813","ELEMENT":"f.DF1E31923C9290F9F1C58ACD46554FBC.d.F43294650AC959D5CC1B1A8FC922D2A9.e.1813"}]}
COMMAND: GET /session/f50b9975a2f10ce5471f2b3ac43fc49e/screenshot - {}
RESULT: {}
RESULT: {"script":"<script> [5351 bytes]","args":[{"element-6066-11e4-a52e-4f735466cecf":"f.DF1E31923C9290F9F1C58ACD46554FBC.d.F43294650AC959D5CC1B1A8FC922D2A9.e.1813","ELEMENT":"f.DF1E31923C9290F9F1C58ACD46554FBC.d.F43294650AC959D5CC1B1A8FC922D2A9.e.1813"}]}
COMMAND: POST /session/f50b9975a2f10ce5471f2b3ac43fc49e/element/f.DF1E31923C9290F9F1C58ACD46554FBC.d.F43294650AC959D5CC1B1A8FC922D2A9.e.1813/click - {}
COMMAND: GET /session/f50b9975a2f10ce5471f2b3ac43fc49e/screenshot - {}
RESULT: {}
RESULT: {}
COMMAND: GET /session/f50b9975a2f10ce5471f2b3ac43fc49e/screenshot - {}
COMMAND: POST /session/f50b9975a2f10ce5471f2b3ac43fc49e/execute/async - {"script":"<script> [1562 bytes]","args":[{"selector":{"id":"application-managesites-display-component---NewSite--addressDetailDetailsName1","interaction":{"idSuffix":"inner"}},"wdio_ui5_key":"applicationmanagesites-display-component---NewSite--addressDetailDetailsName1"}]}
RESULT: {}
RESULT: {}
RESULT: {"script":"<script> [1562 bytes]","args":[{"selector":{"id":"application-managesites-display-component---NewSite--addressDetailDetailsName1","interaction":{"idSuffix":"inner"}},"wdio_ui5_key":"applicationmanagesites-display-component---NewSite--addressDetailDetailsName1"}]}
RESULT: undefined
COMMAND: POST /session/f50b9975a2f10ce5471f2b3ac43fc49e/execute/async - {"script":"<script> [776 bytes]","args":[{"enterText":"Intercompany Site wdIO","selector":{"id":"application-managesites-display-component---NewSite--addressDetailDetailsName1","interaction":{"idSuffix":"inner"}},"clearTextFirst":true,"interactionType":"ENTER_TEXT"}]}
RESULT: {"script":"<script> [776 bytes]","args":[{"enterText":"Intercompany Site wdIO","selector":{"id":"application-managesites-display-component---NewSite--addressDetailDetailsName1","interaction":{"idSuffix":"inner"}},"clearTextFirst":true,"interactionType":"ENTER_TEXT"}]}
COMMAND: POST /session/f50b9975a2f10ce5471f2b3ac43fc49e/execute/async - {"script":"<script> [1562 bytes]","args":[{"selector":{"id":"application-managesites-display-component---NewSite--addressDetailDetailsLanguage-arrow"},"wdio_ui5_key":"applicationmanagesites-display-component---NewSite--addressDetailDetailsLanguage-arrow"}]}
RESULT: {"script":"<script> [1562 bytes]","args":[{"selector":{"id":"application-managesites-display-component---NewSite--addressDetailDetailsLanguage-arrow"},"wdio_ui5_key":"applicationmanagesites-display-component---NewSite--addressDetailDetailsLanguage-arrow"}]}
RESULT: undefined
COMMAND: POST /session/f50b9975a2f10ce5471f2b3ac43fc49e/element - {"using":"xpath","value":"//*[@id=\"application-managesites-display-component---NewSite--addressDetailDetailsLanguage-arrow\"]"}
RESULT: {"using":"xpath","value":"//*[@id=\"application-managesites-display-component---NewSite--addressDetailDetailsLanguage-arrow\"]"}
COMMAND: POST /session/f50b9975a2f10ce5471f2b3ac43fc49e/element/f.DF1E31923C9290F9F1C58ACD46554FBC.d.F43294650AC959D5CC1B1A8FC922D2A9.e.2245/click - {}
RESULT: {}
COMMAND: POST /session/f50b9975a2f10ce5471f2b3ac43fc49e/element - {"using":"xpath","value":"//span[contains(text(), \"English\")]"}
COMMAND: GET /session/f50b9975a2f10ce5471f2b3ac43fc49e/screenshot - {}
RESULT: {"using":"xpath","value":"//span[contains(text(), \"English\")]"}
COMMAND: POST /session/f50b9975a2f10ce5471f2b3ac43fc49e/element/f.DF1E31923C9290F9F1C58ACD46554FBC.d.F43294650AC959D5CC1B1A8FC922D2A9.e.2246/click - {}
RESULT: {}
RESULT: {}
COMMAND: POST /session/f50b9975a2f10ce5471f2b3ac43fc49e/execute/async - {"script":"<script> [1562 bytes]","args":[{"selector":{"id":"application-managesites-display-component---NewSite--addressDetailDetailsCity1","interaction":{"idSuffix":"inner"}},"wdio_ui5_key":"applicationmanagesites-display-component---NewSite--addressDetailDetailsCity1"}]}
COMMAND: GET /session/f50b9975a2f10ce5471f2b3ac43fc49e/screenshot - {}
RESULT: {"script":"<script> [1562 bytes]","args":[{"selector":{"id":"application-managesites-display-component---NewSite--addressDetailDetailsCity1","interaction":{"idSuffix":"inner"}},"wdio_ui5_key":"applicationmanagesites-display-component---NewSite--addressDetailDetailsCity1"}]}
RESULT: undefined
COMMAND: POST /session/f50b9975a2f10ce5471f2b3ac43fc49e/execute/async - {"script":"<script> [776 bytes]","args":[{"enterText":"Rosario","selector":{"id":"application-managesites-display-component---NewSite--addressDetailDetailsCity1","interaction":{"idSuffix":"inner"}},"clearTextFirst":true,"interactionType":"ENTER_TEXT"}]}
RESULT: {}
RESULT: {"script":"<script> [776 bytes]","args":[{"enterText":"Rosario","selector":{"id":"application-managesites-display-component---NewSite--addressDetailDetailsCity1","interaction":{"idSuffix":"inner"}},"clearTextFirst":true,"interactionType":"ENTER_TEXT"}]}
COMMAND: POST /session/f50b9975a2f10ce5471f2b3ac43fc49e/execute/async - {"script":"<script> [1562 bytes]","args":[{"selector":{"id":"application-managesites-display-component---NewSite--addressDetailDetailsCountry-arrow"},"wdio_ui5_key":"applicationmanagesites-display-component---NewSite--addressDetailDetailsCountry-arrow"}]}
RESULT: {"script":"<script> [1562 bytes]","args":[{"selector":{"id":"application-managesites-display-component---NewSite--addressDetailDetailsCountry-arrow"},"wdio_ui5_key":"applicationmanagesites-display-component---NewSite--addressDetailDetailsCountry-arrow"}]}
RESULT: undefined
COMMAND: POST /session/f50b9975a2f10ce5471f2b3ac43fc49e/element - {"using":"xpath","value":"//*[@id=\"application-managesites-display-component---NewSite--addressDetailDetailsCountry-arrow\"]"}
RESULT: {"using":"xpath","value":"//*[@id=\"application-managesites-display-component---NewSite--addressDetailDetailsCountry-arrow\"]"}
COMMAND: POST /session/f50b9975a2f10ce5471f2b3ac43fc49e/element/f.DF1E31923C9290F9F1C58ACD46554FBC.d.F43294650AC959D5CC1B1A8FC922D2A9.e.2248/click - {}
RESULT: {}
COMMAND: POST /session/f50b9975a2f10ce5471f2b3ac43fc49e/element - {"using":"xpath","value":"//span[contains(text(), \"Argentina\")]"}
COMMAND: GET /session/f50b9975a2f10ce5471f2b3ac43fc49e/screenshot - {}
RESULT: {"using":"xpath","value":"//span[contains(text(), \"Argentina\")]"}
COMMAND: POST /session/f50b9975a2f10ce5471f2b3ac43fc49e/element/f.DF1E31923C9290F9F1C58ACD46554FBC.d.F43294650AC959D5CC1B1A8FC922D2A9.e.2249/click - {}
RESULT: {}
RESULT: {}
COMMAND: GET /session/f50b9975a2f10ce5471f2b3ac43fc49e/screenshot - {}
RESULT: {}
COMMAND: POST /session/f50b9975a2f10ce5471f2b3ac43fc49e/execute/async - {"script":"<script> [1562 bytes]","args":[{"selector":{"id":"application-managesites-display-component---NewSite--addressEditDetailsCostObjectCstType-arrow"},"wdio_ui5_key":"applicationmanagesites-display-component---NewSite--addressEditDetailsCostObjectCstType-arrow"}]}
RESULT: {"script":"<script> [1562 bytes]","args":[{"selector":{"id":"application-managesites-display-component---NewSite--addressEditDetailsCostObjectCstType-arrow"},"wdio_ui5_key":"applicationmanagesites-display-component---NewSite--addressEditDetailsCostObjectCstType-arrow"}]}
RESULT: undefined
COMMAND: POST /session/f50b9975a2f10ce5471f2b3ac43fc49e/element - {"using":"xpath","value":"//*[@id=\"application-managesites-display-component---NewSite--addressEditDetailsCostObjectCstType-arrow\"]"}
RESULT: {"using":"xpath","value":"//*[@id=\"application-managesites-display-component---NewSite--addressEditDetailsCostObjectCstType-arrow\"]"}
COMMAND: POST /session/f50b9975a2f10ce5471f2b3ac43fc49e/element/f.DF1E31923C9290F9F1C58ACD46554FBC.d.F43294650AC959D5CC1B1A8FC922D2A9.e.2251/click - {}
RESULT: {}
COMMAND: POST /session/f50b9975a2f10ce5471f2b3ac43fc49e/element - {"using":"xpath","value":"//span[contains(text(), \"Cost Center\")]"}
COMMAND: GET /session/f50b9975a2f10ce5471f2b3ac43fc49e/screenshot - {}
RESULT: {"using":"xpath","value":"//span[contains(text(), \"Cost Center\")]"}
COMMAND: POST /session/f50b9975a2f10ce5471f2b3ac43fc49e/element/f.DF1E31923C9290F9F1C58ACD46554FBC.d.F43294650AC959D5CC1B1A8FC922D2A9.e.2252/click - {}
RESULT: {}
RESULT: {}
COMMAND: GET /session/f50b9975a2f10ce5471f2b3ac43fc49e/screenshot - {}
RESULT: {}
COMMAND: POST /session/f50b9975a2f10ce5471f2b3ac43fc49e/element - {"using":"xpath","value":"//span[@id=\"application-managesites-display-component---NewSite--addressNewCostObjectCstID-vhi\"]"}
RESULT: {"using":"xpath","value":"//span[@id=\"application-managesites-display-component---NewSite--addressNewCostObjectCstID-vhi\"]"}
COMMAND: POST /session/f50b9975a2f10ce5471f2b3ac43fc49e/execute/sync - {"script":"<script> [8489 bytes]","args":[{"element-6066-11e4-a52e-4f735466cecf":"f.DF1E31923C9290F9F1C58ACD46554FBC.d.F43294650AC959D5CC1B1A8FC922D2A9.e.2257","ELEMENT":"f.DF1E31923C9290F9F1C58ACD46554FBC.d.F43294650AC959D5CC1B1A8FC922D2A9.e.2257"}]}
RESULT: {"script":"<script> [8489 bytes]","args":[{"element-6066-11e4-a52e-4f735466cecf":"f.DF1E31923C9290F9F1C58ACD46554FBC.d.F43294650AC959D5CC1B1A8FC922D2A9.e.2257","ELEMENT":"f.DF1E31923C9290F9F1C58ACD46554FBC.d.F43294650AC959D5CC1B1A8FC922D2A9.e.2257"}]}
COMMAND: POST /session/f50b9975a2f10ce5471f2b3ac43fc49e/execute/async - {"script":"<script> [1562 bytes]","args":[{"selector":{"id":"application-managesites-display-component---NewSite--addressNewCostObjectCstID-vhi"},"wdio_ui5_key":"applicationmanagesites-display-component---NewSite--addressNewCostObjectCstID-vhi"}]}
COMMAND: GET /session/f50b9975a2f10ce5471f2b3ac43fc49e/screenshot - {}
RESULT: {"script":"<script> [1562 bytes]","args":[{"selector":{"id":"application-managesites-display-component---NewSite--addressNewCostObjectCstID-vhi"},"wdio_ui5_key":"applicationmanagesites-display-component---NewSite--addressNewCostObjectCstID-vhi"}]}
RESULT: undefined
COMMAND: POST /session/f50b9975a2f10ce5471f2b3ac43fc49e/element - {"using":"xpath","value":"//*[@id=\"application-managesites-display-component---NewSite--addressNewCostObjectCstID-vhi\"]"}
RESULT: {}
RESULT: {"using":"xpath","value":"//*[@id=\"application-managesites-display-component---NewSite--addressNewCostObjectCstID-vhi\"]"}
COMMAND: POST /session/f50b9975a2f10ce5471f2b3ac43fc49e/element/f.DF1E31923C9290F9F1C58ACD46554FBC.d.F43294650AC959D5CC1B1A8FC922D2A9.e.2257/click - {}
RESULT: {}
COMMAND: GET /session/f50b9975a2f10ce5471f2b3ac43fc49e/screenshot - {}
RESULT: {}
RESULT: undefined
COMMAND: POST /session/f50b9975a2f10ce5471f2b3ac43fc49e/execute/async - {"script":"<script> [776 bytes]","args":[{"enterText":"10001013","selector":{"controlType":"sap.m.SearchField","properties":{"placeholder":"Search"},"searchOpenDialogs":true,"interaction":{"idSuffix":"I"}},"clearTextFirst":true,"interactionType":"ENTER_TEXT"}]}
RESULT: {"script":"<script> [776 bytes]","args":[{"enterText":"10001013","selector":{"controlType":"sap.m.SearchField","properties":{"placeholder":"Search"},"searchOpenDialogs":true,"interaction":{"idSuffix":"I"}},"clearTextFirst":true,"interactionType":"ENTER_TEXT"}]}
COMMAND: POST /session/f50b9975a2f10ce5471f2b3ac43fc49e/actions - {"actions":[{"id":"action6","type":"key","parameters":{},"actions":[{"type":"keyDown","value":"î€‡"},{"type":"pause","duration":10},{"type":"keyUp","value":"î€‡"}]}]}
RESULT: {"actions":[{"id":"action6","type":"key","parameters":{},"actions":[{"type":"keyDown","value":"î€‡"},{"type":"pause","duration":10},{"type":"keyUp","value":"î€‡"}]}]}
COMMAND: GET /session/f50b9975a2f10ce5471f2b3ac43fc49e/screenshot - {}
RESULT: {}
COMMAND: POST /session/f50b9975a2f10ce5471f2b3ac43fc49e/element - {"using":"xpath","value":"//span[contains(text(), \"General Management\")]"}
RESULT: {"using":"xpath","value":"//span[contains(text(), \"General Management\")]"}
COMMAND: POST /session/f50b9975a2f10ce5471f2b3ac43fc49e/element/f.DF1E31923C9290F9F1C58ACD46554FBC.d.F43294650AC959D5CC1B1A8FC922D2A9.e.2295/click - {}
RESULT: {}
COMMAND: GET /session/f50b9975a2f10ce5471f2b3ac43fc49e/screenshot - {}
RESULT: {}
COMMAND: POST /session/f50b9975a2f10ce5471f2b3ac43fc49e/element - {"using":"xpath","value":"//bdi[contains(text(), \"OK\")]"}
RESULT: {"using":"xpath","value":"//bdi[contains(text(), \"OK\")]"}
COMMAND: POST /session/f50b9975a2f10ce5471f2b3ac43fc49e/element/f.DF1E31923C9290F9F1C58ACD46554FBC.d.F43294650AC959D5CC1B1A8FC922D2A9.e.2296/click - {}
RESULT: {}
COMMAND: GET /session/f50b9975a2f10ce5471f2b3ac43fc49e/screenshot - {}
RESULT: {}
COMMAND: POST /session/f50b9975a2f10ce5471f2b3ac43fc49e/element - {"using":"xpath","value":"//input[@id=\"application-managesites-display-component---NewSite--addressDetailDetailsCalendar-inner\"]"}
RESULT: {"using":"xpath","value":"//input[@id=\"application-managesites-display-component---NewSite--addressDetailDetailsCalendar-inner\"]"}
COMMAND: POST /session/f50b9975a2f10ce5471f2b3ac43fc49e/element/f.DF1E31923C9290F9F1C58ACD46554FBC.d.F43294650AC959D5CC1B1A8FC922D2A9.e.2045/clear - {}
RESULT: {}
COMMAND: POST /session/f50b9975a2f10ce5471f2b3ac43fc49e/element/f.DF1E31923C9290F9F1C58ACD46554FBC.d.F43294650AC959D5CC1B1A8FC922D2A9.e.2045/value - {"text":"Unit"}
COMMAND: GET /session/f50b9975a2f10ce5471f2b3ac43fc49e/screenshot - {}
RESULT: {"text":"Unit"}
COMMAND: GET /session/f50b9975a2f10ce5471f2b3ac43fc49e/screenshot - {}
RESULT: {}
RESULT: {}
COMMAND: POST /session/f50b9975a2f10ce5471f2b3ac43fc49e/actions - {"actions":[{"id":"action7","type":"key","parameters":{},"actions":[{"type":"keyDown","value":"î€‡"},{"type":"pause","duration":10},{"type":"keyUp","value":"î€‡"}]}]}
RESULT: {"actions":[{"id":"action7","type":"key","parameters":{},"actions":[{"type":"keyDown","value":"î€‡"},{"type":"pause","duration":10},{"type":"keyUp","value":"î€‡"}]}]}
COMMAND: POST /session/f50b9975a2f10ce5471f2b3ac43fc49e/element - {"using":"xpath","value":"//input[@id=\"application-managesites-display-component---NewSite--addressDetailDetailsYard-inner\"]"}
COMMAND: GET /session/f50b9975a2f10ce5471f2b3ac43fc49e/screenshot - {}
RESULT: {"using":"xpath","value":"//input[@id=\"application-managesites-display-component---NewSite--addressDetailDetailsYard-inner\"]"}
COMMAND: POST /session/f50b9975a2f10ce5471f2b3ac43fc49e/element/f.DF1E31923C9290F9F1C58ACD46554FBC.d.F43294650AC959D5CC1B1A8FC922D2A9.e.2046/clear - {}
RESULT: {}
RESULT: {}
COMMAND: POST /session/f50b9975a2f10ce5471f2b3ac43fc49e/element/f.DF1E31923C9290F9F1C58ACD46554FBC.d.F43294650AC959D5CC1B1A8FC922D2A9.e.2046/value - {"text":"264"}
COMMAND: GET /session/f50b9975a2f10ce5471f2b3ac43fc49e/screenshot - {}
RESULT: {"text":"264"}
COMMAND: GET /session/f50b9975a2f10ce5471f2b3ac43fc49e/screenshot - {}
RESULT: {}
COMMAND: POST /session/f50b9975a2f10ce5471f2b3ac43fc49e/element - {"using":"xpath","value":"//li[.//span[text()='264']]"}
RESULT: {}
RESULT: {"using":"xpath","value":"//li[.//span[text()='264']]"}
COMMAND: POST /session/f50b9975a2f10ce5471f2b3ac43fc49e/element/f.DF1E31923C9290F9F1C58ACD46554FBC.d.F43294650AC959D5CC1B1A8FC922D2A9.e.2304/click - {}
RESULT: {}
COMMAND: GET /session/f50b9975a2f10ce5471f2b3ac43fc49e/screenshot - {}
RESULT: {}
COMMAND: POST /session/f50b9975a2f10ce5471f2b3ac43fc49e/element - {"using":"xpath","value":"//input[@id=\"application-managesites-display-component---NewSite--addressDetailDetailsPartner-inner\"]"}
RESULT: {"using":"xpath","value":"//input[@id=\"application-managesites-display-component---NewSite--addressDetailDetailsPartner-inner\"]"}
COMMAND: POST /session/f50b9975a2f10ce5471f2b3ac43fc49e/element - {"using":"xpath","value":"//input[@id=\"application-managesites-display-component---NewSite--addressDetailDetailsPartner-inner\"]"}
RESULT: {"using":"xpath","value":"//input[@id=\"application-managesites-display-component---NewSite--addressDetailDetailsPartner-inner\"]"}
COMMAND: POST /session/f50b9975a2f10ce5471f2b3ac43fc49e/element - {"using":"xpath","value":"//button[@data-kt=\"saveButton\"]"}
RESULT: {"using":"xpath","value":"//button[@data-kt=\"saveButton\"]"}
COMMAND: POST /session/f50b9975a2f10ce5471f2b3ac43fc49e/element/f.DF1E31923C9290F9F1C58ACD46554FBC.d.F43294650AC959D5CC1B1A8FC922D2A9.e.2228/click - {}
RESULT: {}
COMMAND: GET /session/f50b9975a2f10ce5471f2b3ac43fc49e/screenshot - {}
RESULT: {}
COMMAND: POST /session/f50b9975a2f10ce5471f2b3ac43fc49e/element - {"using":"xpath","value":"//header[contains(@id, 'ObjectPageLayout-headerTitle')]/div[1]/div[2]/div[2]/span[1]"}
RESULT: {"using":"xpath","value":"//header[contains(@id, 'ObjectPageLayout-headerTitle')]/div[1]/div[2]/div[2]/span[1]"}
COMMAND: POST /session/f50b9975a2f10ce5471f2b3ac43fc49e/elements - {"using":"xpath","value":"//header[contains(@id, 'ObjectPageLayout-headerTitle')]/div[1]/div[2]/div[2]/span[1]"}
RESULT: {"using":"xpath","value":"//header[contains(@id, 'ObjectPageLayout-headerTitle')]/div[1]/div[2]/div[2]/span[1]"}
COMMAND: POST /session/f50b9975a2f10ce5471f2b3ac43fc49e/execute/sync - {"script":"<script> [56 bytes]","args":[{"element-6066-11e4-a52e-4f735466cecf":"f.DF1E31923C9290F9F1C58ACD46554FBC.d.F43294650AC959D5CC1B1A8FC922D2A9.e.2516","ELEMENT":"f.DF1E31923C9290F9F1C58ACD46554FBC.d.F43294650AC959D5CC1B1A8FC922D2A9.e.2516"}]}
RESULT: {"script":"<script> [56 bytes]","args":[{"element-6066-11e4-a52e-4f735466cecf":"f.DF1E31923C9290F9F1C58ACD46554FBC.d.F43294650AC959D5CC1B1A8FC922D2A9.e.2516","ELEMENT":"f.DF1E31923C9290F9F1C58ACD46554FBC.d.F43294650AC959D5CC1B1A8FC922D2A9.e.2516"}]}
COMMAND: POST /session/f50b9975a2f10ce5471f2b3ac43fc49e/element - {"using":"css selector","value":"#shell-header-logo"}
COMMAND: GET /session/f50b9975a2f10ce5471f2b3ac43fc49e/screenshot - {}
RESULT: {"using":"css selector","value":"#shell-header-logo"}
COMMAND: POST /session/f50b9975a2f10ce5471f2b3ac43fc49e/element/f.DF1E31923C9290F9F1C58ACD46554FBC.d.F43294650AC959D5CC1B1A8FC922D2A9.e.1803/click - {}
RESULT: {}
RESULT: {}
COMMAND: GET /session/f50b9975a2f10ce5471f2b3ac43fc49e/screenshot - {}
RESULT: {}
COMMAND: POST /session/f50b9975a2f10ce5471f2b3ac43fc49e/execute/sync - {"script":"<script> [299 bytes]","args":[["getModel","getResource"]]}
RESULT: {"script":"<script> [299 bytes]","args":[["getModel","getResource"]]}
COMMAND: GET /session/f50b9975a2f10ce5471f2b3ac43fc49e/screenshot - {}
]]></system-out>
    </testcase>
  </testsuite>
  <testsuite timestamp="2025-04-26T17:32:19" time="894.934" tests="12" failures="9" errors="9" skipped="0">
    <properties>
      <property name="specId" value="0" />
      <property name="suiteName" value="Billing Transfer - Intracompany US127249" />
      <property name="capabilities" value="chrome.135_0_7049_96.windows" />
      <property name="file" value="file:///D:/a/1/s/test/specs/BTS/billing-transfer-intracompany.spec.js" />
    </properties>
    <testcase classname="chrome.135_0_7049_96.windows.Billing_Transfer_-_Intracompany_US127249" name="Should create a new yard" time="93.723">
      <system-out><![CDATA[
COMMAND: POST /session/f50b9975a2f10ce5471f2b3ac43fc49e/window/fullscreen - {}
RESULT: {}
COMMAND: POST /session/f50b9975a2f10ce5471f2b3ac43fc49e/execute/async - {"script":"<script> [1562 bytes]","args":[{"selector":{"controlType":"sap.m.GenericTile","properties":{"header":"Manage Yards"}},"wdio_ui5_key":"sapm.GenericTile{\"header\":\"Manage Yards\"}"}]}
RESULT: {"script":"<script> [1562 bytes]","args":[{"selector":{"controlType":"sap.m.GenericTile","properties":{"header":"Manage Yards"}},"wdio_ui5_key":"sapm.GenericTile{\"header\":\"Manage Yards\"}"}]}
RESULT: undefined
COMMAND: POST /session/f50b9975a2f10ce5471f2b3ac43fc49e/element - {"using":"xpath","value":"//*[@id=\"__tile41\"]"}
RESULT: {"using":"xpath","value":"//*[@id=\"__tile41\"]"}
COMMAND: POST /session/f50b9975a2f10ce5471f2b3ac43fc49e/element/f.DF1E31923C9290F9F1C58ACD46554FBC.d.9EBC72FF515CB6892CB4054FCCB64C49.e.3304/click - {}
RESULT: {}
COMMAND: POST /session/f50b9975a2f10ce5471f2b3ac43fc49e/element - {"using":"xpath","value":"//button[@data-kt=\"addNewYardOverflowToolbarButton\"]"}
COMMAND: GET /session/f50b9975a2f10ce5471f2b3ac43fc49e/screenshot - {}
RESULT: {"using":"xpath","value":"//button[@data-kt=\"addNewYardOverflowToolbarButton\"]"}
COMMAND: POST /session/f50b9975a2f10ce5471f2b3ac43fc49e/elements - {"using":"xpath","value":"//button[@data-kt=\"addNewYardOverflowToolbarButton\"]"}
RESULT: {}
RESULT: {"using":"xpath","value":"//button[@data-kt=\"addNewYardOverflowToolbarButton\"]"}
COMMAND: POST /session/f50b9975a2f10ce5471f2b3ac43fc49e/elements - {"using":"xpath","value":"//button[@data-kt=\"addNewYardOverflowToolbarButton\"]"}
RESULT: {"using":"xpath","value":"//button[@data-kt=\"addNewYardOverflowToolbarButton\"]"}
COMMAND: POST /session/f50b9975a2f10ce5471f2b3ac43fc49e/elements - {"using":"xpath","value":"//button[@data-kt=\"addNewYardOverflowToolbarButton\"]"}
RESULT: {"using":"xpath","value":"//button[@data-kt=\"addNewYardOverflowToolbarButton\"]"}
COMMAND: POST /session/f50b9975a2f10ce5471f2b3ac43fc49e/elements - {"using":"xpath","value":"//button[@data-kt=\"addNewYardOverflowToolbarButton\"]"}
RESULT: {"using":"xpath","value":"//button[@data-kt=\"addNewYardOverflowToolbarButton\"]"}
COMMAND: POST /session/f50b9975a2f10ce5471f2b3ac43fc49e/elements - {"using":"xpath","value":"//button[@data-kt=\"addNewYardOverflowToolbarButton\"]"}
RESULT: {"using":"xpath","value":"//button[@data-kt=\"addNewYardOverflowToolbarButton\"]"}
COMMAND: POST /session/f50b9975a2f10ce5471f2b3ac43fc49e/elements - {"using":"xpath","value":"//button[@data-kt=\"addNewYardOverflowToolbarButton\"]"}
RESULT: {"using":"xpath","value":"//button[@data-kt=\"addNewYardOverflowToolbarButton\"]"}
COMMAND: POST /session/f50b9975a2f10ce5471f2b3ac43fc49e/elements - {"using":"xpath","value":"//button[@data-kt=\"addNewYardOverflowToolbarButton\"]"}
RESULT: {"using":"xpath","value":"//button[@data-kt=\"addNewYardOverflowToolbarButton\"]"}
COMMAND: POST /session/f50b9975a2f10ce5471f2b3ac43fc49e/elements - {"using":"xpath","value":"//button[@data-kt=\"addNewYardOverflowToolbarButton\"]"}
RESULT: {"using":"xpath","value":"//button[@data-kt=\"addNewYardOverflowToolbarButton\"]"}
COMMAND: POST /session/f50b9975a2f10ce5471f2b3ac43fc49e/elements - {"using":"xpath","value":"//button[@data-kt=\"addNewYardOverflowToolbarButton\"]"}
RESULT: {"using":"xpath","value":"//button[@data-kt=\"addNewYardOverflowToolbarButton\"]"}
COMMAND: POST /session/f50b9975a2f10ce5471f2b3ac43fc49e/elements - {"using":"xpath","value":"//button[@data-kt=\"addNewYardOverflowToolbarButton\"]"}
RESULT: {"using":"xpath","value":"//button[@data-kt=\"addNewYardOverflowToolbarButton\"]"}
COMMAND: POST /session/f50b9975a2f10ce5471f2b3ac43fc49e/elements - {"using":"xpath","value":"//button[@data-kt=\"addNewYardOverflowToolbarButton\"]"}
RESULT: {"using":"xpath","value":"//button[@data-kt=\"addNewYardOverflowToolbarButton\"]"}
COMMAND: POST /session/f50b9975a2f10ce5471f2b3ac43fc49e/elements - {"using":"xpath","value":"//button[@data-kt=\"addNewYardOverflowToolbarButton\"]"}
RESULT: {"using":"xpath","value":"//button[@data-kt=\"addNewYardOverflowToolbarButton\"]"}
COMMAND: POST /session/f50b9975a2f10ce5471f2b3ac43fc49e/elements - {"using":"xpath","value":"//button[@data-kt=\"addNewYardOverflowToolbarButton\"]"}
RESULT: {"using":"xpath","value":"//button[@data-kt=\"addNewYardOverflowToolbarButton\"]"}
COMMAND: POST /session/f50b9975a2f10ce5471f2b3ac43fc49e/elements - {"using":"xpath","value":"//button[@data-kt=\"addNewYardOverflowToolbarButton\"]"}
RESULT: {"using":"xpath","value":"//button[@data-kt=\"addNewYardOverflowToolbarButton\"]"}
COMMAND: POST /session/f50b9975a2f10ce5471f2b3ac43fc49e/elements - {"using":"xpath","value":"//button[@data-kt=\"addNewYardOverflowToolbarButton\"]"}
RESULT: {"using":"xpath","value":"//button[@data-kt=\"addNewYardOverflowToolbarButton\"]"}
COMMAND: POST /session/f50b9975a2f10ce5471f2b3ac43fc49e/elements - {"using":"xpath","value":"//button[@data-kt=\"addNewYardOverflowToolbarButton\"]"}
RESULT: {"using":"xpath","value":"//button[@data-kt=\"addNewYardOverflowToolbarButton\"]"}
COMMAND: POST /session/f50b9975a2f10ce5471f2b3ac43fc49e/element - {"using":"xpath","value":"//button[@data-kt=\"addNewYardOverflowToolbarButton\"]"}
RESULT: {"using":"xpath","value":"//button[@data-kt=\"addNewYardOverflowToolbarButton\"]"}
COMMAND: POST /session/f50b9975a2f10ce5471f2b3ac43fc49e/execute/sync - {"script":"<script> [8489 bytes]","args":[{"element-6066-11e4-a52e-4f735466cecf":"f.DF1E31923C9290F9F1C58ACD46554FBC.d.9EBC72FF515CB6892CB4054FCCB64C49.e.3428","ELEMENT":"f.DF1E31923C9290F9F1C58ACD46554FBC.d.9EBC72FF515CB6892CB4054FCCB64C49.e.3428"}]}
RESULT: {"script":"<script> [8489 bytes]","args":[{"element-6066-11e4-a52e-4f735466cecf":"f.DF1E31923C9290F9F1C58ACD46554FBC.d.9EBC72FF515CB6892CB4054FCCB64C49.e.3428","ELEMENT":"f.DF1E31923C9290F9F1C58ACD46554FBC.d.9EBC72FF515CB6892CB4054FCCB64C49.e.3428"}]}
COMMAND: GET /session/f50b9975a2f10ce5471f2b3ac43fc49e/element/f.DF1E31923C9290F9F1C58ACD46554FBC.d.9EBC72FF515CB6892CB4054FCCB64C49.e.3428/enabled - {}
COMMAND: GET /session/f50b9975a2f10ce5471f2b3ac43fc49e/screenshot - {}
RESULT: {}
COMMAND: POST /session/f50b9975a2f10ce5471f2b3ac43fc49e/execute/sync - {"script":"<script> [8489 bytes]","args":[{"element-6066-11e4-a52e-4f735466cecf":"f.DF1E31923C9290F9F1C58ACD46554FBC.d.9EBC72FF515CB6892CB4054FCCB64C49.e.3428","ELEMENT":"f.DF1E31923C9290F9F1C58ACD46554FBC.d.9EBC72FF515CB6892CB4054FCCB64C49.e.3428"}]}
COMMAND: GET /session/f50b9975a2f10ce5471f2b3ac43fc49e/screenshot - {}
RESULT: {}
RESULT: {"script":"<script> [8489 bytes]","args":[{"element-6066-11e4-a52e-4f735466cecf":"f.DF1E31923C9290F9F1C58ACD46554FBC.d.9EBC72FF515CB6892CB4054FCCB64C49.e.3428","ELEMENT":"f.DF1E31923C9290F9F1C58ACD46554FBC.d.9EBC72FF515CB6892CB4054FCCB64C49.e.3428"}]}
COMMAND: POST /session/f50b9975a2f10ce5471f2b3ac43fc49e/execute/sync - {"script":"<script> [5351 bytes]","args":[{"element-6066-11e4-a52e-4f735466cecf":"f.DF1E31923C9290F9F1C58ACD46554FBC.d.9EBC72FF515CB6892CB4054FCCB64C49.e.3428","ELEMENT":"f.DF1E31923C9290F9F1C58ACD46554FBC.d.9EBC72FF515CB6892CB4054FCCB64C49.e.3428"}]}
COMMAND: GET /session/f50b9975a2f10ce5471f2b3ac43fc49e/screenshot - {}
RESULT: {}
RESULT: {"script":"<script> [5351 bytes]","args":[{"element-6066-11e4-a52e-4f735466cecf":"f.DF1E31923C9290F9F1C58ACD46554FBC.d.9EBC72FF515CB6892CB4054FCCB64C49.e.3428","ELEMENT":"f.DF1E31923C9290F9F1C58ACD46554FBC.d.9EBC72FF515CB6892CB4054FCCB64C49.e.3428"}]}
COMMAND: POST /session/f50b9975a2f10ce5471f2b3ac43fc49e/element/f.DF1E31923C9290F9F1C58ACD46554FBC.d.9EBC72FF515CB6892CB4054FCCB64C49.e.3428/click - {}
COMMAND: GET /session/f50b9975a2f10ce5471f2b3ac43fc49e/screenshot - {}
RESULT: {}
RESULT: {}
COMMAND: GET /session/f50b9975a2f10ce5471f2b3ac43fc49e/screenshot - {}
RESULT: {}
COMMAND: POST /session/f50b9975a2f10ce5471f2b3ac43fc49e/element - {"using":"xpath","value":"//input[@id=\"application-manageyards-display-component---NewYard--yardId-inner\"]"}
RESULT: {}
RESULT: {"using":"xpath","value":"//input[@id=\"application-manageyards-display-component---NewYard--yardId-inner\"]"}
COMMAND: POST /session/f50b9975a2f10ce5471f2b3ac43fc49e/element - {"using":"xpath","value":"//input[@id=\"application-manageyards-display-component---NewYard--yardId-inner\"]"}
RESULT: {"using":"xpath","value":"//input[@id=\"application-manageyards-display-component---NewYard--yardId-inner\"]"}
COMMAND: POST /session/f50b9975a2f10ce5471f2b3ac43fc49e/execute/async - {"script":"<script> [1562 bytes]","args":[{"selector":{"id":"application-manageyards-display-component---NewYard--addressDetailDetailsName1","interaction":{"idSuffix":"inner"}},"wdio_ui5_key":"applicationmanageyards-display-component---NewYard--addressDetailDetailsName1"}]}
RESULT: {"script":"<script> [1562 bytes]","args":[{"selector":{"id":"application-manageyards-display-component---NewYard--addressDetailDetailsName1","interaction":{"idSuffix":"inner"}},"wdio_ui5_key":"applicationmanageyards-display-component---NewYard--addressDetailDetailsName1"}]}
RESULT: undefined
COMMAND: POST /session/f50b9975a2f10ce5471f2b3ac43fc49e/execute/async - {"script":"<script> [776 bytes]","args":[{"enterText":"Intracompany Yard wdIO","selector":{"id":"application-manageyards-display-component---NewYard--addressDetailDetailsName1","interaction":{"idSuffix":"inner"}},"clearTextFirst":true,"interactionType":"ENTER_TEXT"}]}
RESULT: {"script":"<script> [776 bytes]","args":[{"enterText":"Intracompany Yard wdIO","selector":{"id":"application-manageyards-display-component---NewYard--addressDetailDetailsName1","interaction":{"idSuffix":"inner"}},"clearTextFirst":true,"interactionType":"ENTER_TEXT"}]}
COMMAND: POST /session/f50b9975a2f10ce5471f2b3ac43fc49e/execute/async - {"script":"<script> [1562 bytes]","args":[{"selector":{"id":"application-manageyards-display-component---NewYard--addressDetailDetailsLanguage-arrow"},"wdio_ui5_key":"applicationmanageyards-display-component---NewYard--addressDetailDetailsLanguage-arrow"}]}
RESULT: {"script":"<script> [1562 bytes]","args":[{"selector":{"id":"application-manageyards-display-component---NewYard--addressDetailDetailsLanguage-arrow"},"wdio_ui5_key":"applicationmanageyards-display-component---NewYard--addressDetailDetailsLanguage-arrow"}]}
RESULT: undefined
COMMAND: POST /session/f50b9975a2f10ce5471f2b3ac43fc49e/element - {"using":"xpath","value":"//*[@id=\"application-manageyards-display-component---NewYard--addressDetailDetailsLanguage-arrow\"]"}
RESULT: {"using":"xpath","value":"//*[@id=\"application-manageyards-display-component---NewYard--addressDetailDetailsLanguage-arrow\"]"}
COMMAND: POST /session/f50b9975a2f10ce5471f2b3ac43fc49e/element/f.DF1E31923C9290F9F1C58ACD46554FBC.d.9EBC72FF515CB6892CB4054FCCB64C49.e.3861/click - {}
RESULT: {}
COMMAND: POST /session/f50b9975a2f10ce5471f2b3ac43fc49e/element - {"using":"xpath","value":"//span[contains(text(), \"English\")]"}
COMMAND: GET /session/f50b9975a2f10ce5471f2b3ac43fc49e/screenshot - {}
RESULT: {"using":"xpath","value":"//span[contains(text(), \"English\")]"}
COMMAND: POST /session/f50b9975a2f10ce5471f2b3ac43fc49e/element/f.DF1E31923C9290F9F1C58ACD46554FBC.d.9EBC72FF515CB6892CB4054FCCB64C49.e.3862/click - {}
RESULT: {}
RESULT: {}
COMMAND: POST /session/f50b9975a2f10ce5471f2b3ac43fc49e/execute/async - {"script":"<script> [1562 bytes]","args":[{"selector":{"id":"application-manageyards-display-component---NewYard--addressDetailDetailsCity1","interaction":{"idSuffix":"inner"}},"wdio_ui5_key":"applicationmanageyards-display-component---NewYard--addressDetailDetailsCity1"}]}
COMMAND: GET /session/f50b9975a2f10ce5471f2b3ac43fc49e/screenshot - {}
RESULT: {"script":"<script> [1562 bytes]","args":[{"selector":{"id":"application-manageyards-display-component---NewYard--addressDetailDetailsCity1","interaction":{"idSuffix":"inner"}},"wdio_ui5_key":"applicationmanageyards-display-component---NewYard--addressDetailDetailsCity1"}]}
RESULT: undefined
COMMAND: POST /session/f50b9975a2f10ce5471f2b3ac43fc49e/execute/async - {"script":"<script> [776 bytes]","args":[{"enterText":"Rosario","selector":{"id":"application-manageyards-display-component---NewYard--addressDetailDetailsCity1","interaction":{"idSuffix":"inner"}},"clearTextFirst":true,"interactionType":"ENTER_TEXT"}]}
RESULT: {}
RESULT: {"script":"<script> [776 bytes]","args":[{"enterText":"Rosario","selector":{"id":"application-manageyards-display-component---NewYard--addressDetailDetailsCity1","interaction":{"idSuffix":"inner"}},"clearTextFirst":true,"interactionType":"ENTER_TEXT"}]}
COMMAND: POST /session/f50b9975a2f10ce5471f2b3ac43fc49e/execute/async - {"script":"<script> [1562 bytes]","args":[{"selector":{"id":"application-manageyards-display-component---NewYard--addressDetailDetailsCountry-arrow"},"wdio_ui5_key":"applicationmanageyards-display-component---NewYard--addressDetailDetailsCountry-arrow"}]}
RESULT: {"script":"<script> [1562 bytes]","args":[{"selector":{"id":"application-manageyards-display-component---NewYard--addressDetailDetailsCountry-arrow"},"wdio_ui5_key":"applicationmanageyards-display-component---NewYard--addressDetailDetailsCountry-arrow"}]}
RESULT: undefined
COMMAND: POST /session/f50b9975a2f10ce5471f2b3ac43fc49e/element - {"using":"xpath","value":"//*[@id=\"application-manageyards-display-component---NewYard--addressDetailDetailsCountry-arrow\"]"}
RESULT: {"using":"xpath","value":"//*[@id=\"application-manageyards-display-component---NewYard--addressDetailDetailsCountry-arrow\"]"}
COMMAND: POST /session/f50b9975a2f10ce5471f2b3ac43fc49e/element/f.DF1E31923C9290F9F1C58ACD46554FBC.d.9EBC72FF515CB6892CB4054FCCB64C49.e.3864/click - {}
RESULT: {}
COMMAND: POST /session/f50b9975a2f10ce5471f2b3ac43fc49e/element - {"using":"xpath","value":"//span[contains(text(), \"Argentina\")]"}
COMMAND: GET /session/f50b9975a2f10ce5471f2b3ac43fc49e/screenshot - {}
RESULT: {"using":"xpath","value":"//span[contains(text(), \"Argentina\")]"}
COMMAND: POST /session/f50b9975a2f10ce5471f2b3ac43fc49e/element/f.DF1E31923C9290F9F1C58ACD46554FBC.d.9EBC72FF515CB6892CB4054FCCB64C49.e.3865/click - {}
RESULT: {}
RESULT: {}
COMMAND: POST /session/f50b9975a2f10ce5471f2b3ac43fc49e/execute/async - {"script":"<script> [1562 bytes]","args":[{"selector":{"id":"application-manageyards-display-component---NewYard--addressEditDetailsCostObjectCstType-arrow"},"wdio_ui5_key":"applicationmanageyards-display-component---NewYard--addressEditDetailsCostObjectCstType-arrow"}]}
COMMAND: GET /session/f50b9975a2f10ce5471f2b3ac43fc49e/screenshot - {}
RESULT: {"script":"<script> [1562 bytes]","args":[{"selector":{"id":"application-manageyards-display-component---NewYard--addressEditDetailsCostObjectCstType-arrow"},"wdio_ui5_key":"applicationmanageyards-display-component---NewYard--addressEditDetailsCostObjectCstType-arrow"}]}
RESULT: undefined
COMMAND: POST /session/f50b9975a2f10ce5471f2b3ac43fc49e/element - {"using":"xpath","value":"//*[@id=\"application-manageyards-display-component---NewYard--addressEditDetailsCostObjectCstType-arrow\"]"}
RESULT: {}
RESULT: {"using":"xpath","value":"//*[@id=\"application-manageyards-display-component---NewYard--addressEditDetailsCostObjectCstType-arrow\"]"}
COMMAND: POST /session/f50b9975a2f10ce5471f2b3ac43fc49e/element/f.DF1E31923C9290F9F1C58ACD46554FBC.d.9EBC72FF515CB6892CB4054FCCB64C49.e.3867/click - {}
RESULT: {}
COMMAND: POST /session/f50b9975a2f10ce5471f2b3ac43fc49e/element - {"using":"xpath","value":"//span[contains(text(), \"Cost Center\")]"}
COMMAND: GET /session/f50b9975a2f10ce5471f2b3ac43fc49e/screenshot - {}
RESULT: {"using":"xpath","value":"//span[contains(text(), \"Cost Center\")]"}
COMMAND: POST /session/f50b9975a2f10ce5471f2b3ac43fc49e/element/f.DF1E31923C9290F9F1C58ACD46554FBC.d.9EBC72FF515CB6892CB4054FCCB64C49.e.3868/click - {}
RESULT: {}
RESULT: {}
COMMAND: GET /session/f50b9975a2f10ce5471f2b3ac43fc49e/screenshot - {}
RESULT: {}
COMMAND: POST /session/f50b9975a2f10ce5471f2b3ac43fc49e/element - {"using":"xpath","value":"//span[@id=\"application-manageyards-display-component---NewYard--addressNewCostObjectCstID-vhi\"]"}
RESULT: {"using":"xpath","value":"//span[@id=\"application-manageyards-display-component---NewYard--addressNewCostObjectCstID-vhi\"]"}
COMMAND: POST /session/f50b9975a2f10ce5471f2b3ac43fc49e/execute/sync - {"script":"<script> [8489 bytes]","args":[{"element-6066-11e4-a52e-4f735466cecf":"f.DF1E31923C9290F9F1C58ACD46554FBC.d.9EBC72FF515CB6892CB4054FCCB64C49.e.3872","ELEMENT":"f.DF1E31923C9290F9F1C58ACD46554FBC.d.9EBC72FF515CB6892CB4054FCCB64C49.e.3872"}]}
RESULT: {"script":"<script> [8489 bytes]","args":[{"element-6066-11e4-a52e-4f735466cecf":"f.DF1E31923C9290F9F1C58ACD46554FBC.d.9EBC72FF515CB6892CB4054FCCB64C49.e.3872","ELEMENT":"f.DF1E31923C9290F9F1C58ACD46554FBC.d.9EBC72FF515CB6892CB4054FCCB64C49.e.3872"}]}
COMMAND: POST /session/f50b9975a2f10ce5471f2b3ac43fc49e/execute/async - {"script":"<script> [1562 bytes]","args":[{"selector":{"id":"application-manageyards-display-component---NewYard--addressNewCostObjectCstID-vhi"},"wdio_ui5_key":"applicationmanageyards-display-component---NewYard--addressNewCostObjectCstID-vhi"}]}
COMMAND: GET /session/f50b9975a2f10ce5471f2b3ac43fc49e/screenshot - {}
RESULT: {"script":"<script> [1562 bytes]","args":[{"selector":{"id":"application-manageyards-display-component---NewYard--addressNewCostObjectCstID-vhi"},"wdio_ui5_key":"applicationmanageyards-display-component---NewYard--addressNewCostObjectCstID-vhi"}]}
RESULT: undefined
COMMAND: POST /session/f50b9975a2f10ce5471f2b3ac43fc49e/element - {"using":"xpath","value":"//*[@id=\"application-manageyards-display-component---NewYard--addressNewCostObjectCstID-vhi\"]"}
RESULT: {}
RESULT: {"using":"xpath","value":"//*[@id=\"application-manageyards-display-component---NewYard--addressNewCostObjectCstID-vhi\"]"}
COMMAND: POST /session/f50b9975a2f10ce5471f2b3ac43fc49e/element/f.DF1E31923C9290F9F1C58ACD46554FBC.d.9EBC72FF515CB6892CB4054FCCB64C49.e.3872/click - {}
RESULT: {}
COMMAND: GET /session/f50b9975a2f10ce5471f2b3ac43fc49e/screenshot - {}
RESULT: {}
COMMAND: POST /session/f50b9975a2f10ce5471f2b3ac43fc49e/execute/async - {"script":"<script> [1562 bytes]","args":[{"selector":{"controlType":"sap.m.SearchField","properties":{"placeholder":"Search"},"searchOpenDialogs":true,"interaction":{"idSuffix":"I"}},"wdio_ui5_key":"sapm.SearchField{\"placeholder\":\"Search\"}"}]}
RESULT: {"script":"<script> [1562 bytes]","args":[{"selector":{"controlType":"sap.m.SearchField","properties":{"placeholder":"Search"},"searchOpenDialogs":true,"interaction":{"idSuffix":"I"}},"wdio_ui5_key":"sapm.SearchField{\"placeholder\":\"Search\"}"}]}
RESULT: undefined
COMMAND: POST /session/f50b9975a2f10ce5471f2b3ac43fc49e/execute/async - {"script":"<script> [776 bytes]","args":[{"enterText":"10001013","selector":{"controlType":"sap.m.SearchField","properties":{"placeholder":"Search"},"searchOpenDialogs":true,"interaction":{"idSuffix":"I"}},"clearTextFirst":true,"interactionType":"ENTER_TEXT"}]}
RESULT: {"script":"<script> [776 bytes]","args":[{"enterText":"10001013","selector":{"controlType":"sap.m.SearchField","properties":{"placeholder":"Search"},"searchOpenDialogs":true,"interaction":{"idSuffix":"I"}},"clearTextFirst":true,"interactionType":"ENTER_TEXT"}]}
COMMAND: POST /session/f50b9975a2f10ce5471f2b3ac43fc49e/actions - {"actions":[{"id":"action11","type":"key","parameters":{},"actions":[{"type":"keyDown","value":"î€‡"},{"type":"pause","duration":10},{"type":"keyUp","value":"î€‡"}]}]}
RESULT: {"actions":[{"id":"action11","type":"key","parameters":{},"actions":[{"type":"keyDown","value":"î€‡"},{"type":"pause","duration":10},{"type":"keyUp","value":"î€‡"}]}]}
COMMAND: GET /session/f50b9975a2f10ce5471f2b3ac43fc49e/screenshot - {}
RESULT: {}
COMMAND: POST /session/f50b9975a2f10ce5471f2b3ac43fc49e/element - {"using":"xpath","value":"//span[contains(text(), \"General Management\")]"}
RESULT: {"using":"xpath","value":"//span[contains(text(), \"General Management\")]"}
COMMAND: POST /session/f50b9975a2f10ce5471f2b3ac43fc49e/element/f.DF1E31923C9290F9F1C58ACD46554FBC.d.9EBC72FF515CB6892CB4054FCCB64C49.e.3912/click - {}
RESULT: {}
COMMAND: GET /session/f50b9975a2f10ce5471f2b3ac43fc49e/screenshot - {}
RESULT: {}
COMMAND: POST /session/f50b9975a2f10ce5471f2b3ac43fc49e/element - {"using":"xpath","value":"//bdi[contains(text(), \"OK\")]"}
RESULT: {"using":"xpath","value":"//bdi[contains(text(), \"OK\")]"}
COMMAND: POST /session/f50b9975a2f10ce5471f2b3ac43fc49e/element/f.DF1E31923C9290F9F1C58ACD46554FBC.d.9EBC72FF515CB6892CB4054FCCB64C49.e.3913/click - {}
RESULT: {}
COMMAND: GET /session/f50b9975a2f10ce5471f2b3ac43fc49e/screenshot - {}
RESULT: {}
COMMAND: POST /session/f50b9975a2f10ce5471f2b3ac43fc49e/execute/async - {"script":"<script> [1562 bytes]","args":[{"selector":{"id":"application-manageyards-display-component---NewYard--addressEditDetailsCurrency-arrow"},"wdio_ui5_key":"applicationmanageyards-display-component---NewYard--addressEditDetailsCurrency-arrow"}]}
RESULT: {"script":"<script> [1562 bytes]","args":[{"selector":{"id":"application-manageyards-display-component---NewYard--addressEditDetailsCurrency-arrow"},"wdio_ui5_key":"applicationmanageyards-display-component---NewYard--addressEditDetailsCurrency-arrow"}]}
RESULT: undefined
COMMAND: POST /session/f50b9975a2f10ce5471f2b3ac43fc49e/element - {"using":"xpath","value":"//*[@id=\"application-manageyards-display-component---NewYard--addressEditDetailsCurrency-arrow\"]"}
RESULT: {"using":"xpath","value":"//*[@id=\"application-manageyards-display-component---NewYard--addressEditDetailsCurrency-arrow\"]"}
COMMAND: POST /session/f50b9975a2f10ce5471f2b3ac43fc49e/element/f.DF1E31923C9290F9F1C58ACD46554FBC.d.9EBC72FF515CB6892CB4054FCCB64C49.e.3916/click - {}
RESULT: {}
COMMAND: POST /session/f50b9975a2f10ce5471f2b3ac43fc49e/element - {"using":"xpath","value":"//span[contains(text(), \"Euro\")]"}
COMMAND: GET /session/f50b9975a2f10ce5471f2b3ac43fc49e/screenshot - {}
RESULT: {"using":"xpath","value":"//span[contains(text(), \"Euro\")]"}
COMMAND: POST /session/f50b9975a2f10ce5471f2b3ac43fc49e/element/f.DF1E31923C9290F9F1C58ACD46554FBC.d.9EBC72FF515CB6892CB4054FCCB64C49.e.3917/click - {}
RESULT: {}
RESULT: {}
COMMAND: POST /session/f50b9975a2f10ce5471f2b3ac43fc49e/execute/async - {"script":"<script> [1562 bytes]","args":[{"selector":{"controlType":"sap.m.Input","viewName":"etm.portal.ui.manageyards.view.New","viewId":"application-manageyards-display-component---NewYard","bindingPath":{"path":"","propertyPath":"/CONTROLLING_AREA","modelName":"NewYardModel"},"interaction":{"idSuffix":"inner"}},"wdio_ui5_key":"etmportal.ui.manageyards.view.Newsap.m.Input{\"path\":\"\",\"propertyPath\":\"/CONTROLLING_AREA\",\"modelName\":\"NewYardModel\"}"}]}
COMMAND: GET /session/f50b9975a2f10ce5471f2b3ac43fc49e/screenshot - {}
RESULT: {"script":"<script> [1562 bytes]","args":[{"selector":{"controlType":"sap.m.Input","viewName":"etm.portal.ui.manageyards.view.New","viewId":"application-manageyards-display-component---NewYard","bindingPath":{"path":"","propertyPath":"/CONTROLLING_AREA","modelName":"NewYardModel"},"interaction":{"idSuffix":"inner"}},"wdio_ui5_key":"etmportal.ui.manageyards.view.Newsap.m.Input{\"path\":\"\",\"propertyPath\":\"/CONTROLLING_AREA\",\"modelName\":\"NewYardModel\"}"}]}
RESULT: undefined
COMMAND: POST /session/f50b9975a2f10ce5471f2b3ac43fc49e/execute/async - {"script":"<script> [776 bytes]","args":[{"enterText":"Z001","selector":{"controlType":"sap.m.Input","viewName":"etm.portal.ui.manageyards.view.New","viewId":"application-manageyards-display-component---NewYard","bindingPath":{"path":"","propertyPath":"/CONTROLLING_AREA","modelName":"NewYardModel"},"interaction":{"idSuffix":"inner"}},"clearTextFirst":true,"interactionType":"ENTER_TEXT"}]}
RESULT: {}
RESULT: {"script":"<script> [776 bytes]","args":[{"enterText":"Z001","selector":{"controlType":"sap.m.Input","viewName":"etm.portal.ui.manageyards.view.New","viewId":"application-manageyards-display-component---NewYard","bindingPath":{"path":"","propertyPath":"/CONTROLLING_AREA","modelName":"NewYardModel"},"interaction":{"idSuffix":"inner"}},"clearTextFirst":true,"interactionType":"ENTER_TEXT"}]}
COMMAND: POST /session/f50b9975a2f10ce5471f2b3ac43fc49e/execute/async - {"script":"<script> [1562 bytes]","args":[{"selector":{"id":"application-manageyards-display-component---NewYard--companyCodeComboBox","interaction":{"idSuffix":"inner"}},"wdio_ui5_key":"applicationmanageyards-display-component---NewYard--companyCodeComboBox"}]}
RESULT: {"script":"<script> [1562 bytes]","args":[{"selector":{"id":"application-manageyards-display-component---NewYard--companyCodeComboBox","interaction":{"idSuffix":"inner"}},"wdio_ui5_key":"applicationmanageyards-display-component---NewYard--companyCodeComboBox"}]}
RESULT: undefined
COMMAND: POST /session/f50b9975a2f10ce5471f2b3ac43fc49e/execute/async - {"script":"<script> [776 bytes]","args":[{"enterText":"1000","selector":{"id":"application-manageyards-display-component---NewYard--companyCodeComboBox","interaction":{"idSuffix":"inner"}},"clearTextFirst":true,"interactionType":"ENTER_TEXT"}]}
RESULT: {"script":"<script> [776 bytes]","args":[{"enterText":"1000","selector":{"id":"application-manageyards-display-component---NewYard--companyCodeComboBox","interaction":{"idSuffix":"inner"}},"clearTextFirst":true,"interactionType":"ENTER_TEXT"}]}
COMMAND: POST /session/f50b9975a2f10ce5471f2b3ac43fc49e/execute/async - {"script":"<script> [1562 bytes]","args":[{"selector":{"controlType":"sap.m.Input","viewName":"etm.portal.ui.manageyards.view.New","viewId":"application-manageyards-display-component---NewYard","bindingPath":{"path":"","propertyPath":"/PLANT","modelName":"NewYardModel"},"interaction":{"idSuffix":"inner"}},"wdio_ui5_key":"etmportal.ui.manageyards.view.Newsap.m.Input{\"path\":\"\",\"propertyPath\":\"/PLANT\",\"modelName\":\"NewYardModel\"}"}]}
RESULT: {"script":"<script> [1562 bytes]","args":[{"selector":{"controlType":"sap.m.Input","viewName":"etm.portal.ui.manageyards.view.New","viewId":"application-manageyards-display-component---NewYard","bindingPath":{"path":"","propertyPath":"/PLANT","modelName":"NewYardModel"},"interaction":{"idSuffix":"inner"}},"wdio_ui5_key":"etmportal.ui.manageyards.view.Newsap.m.Input{\"path\":\"\",\"propertyPath\":\"/PLANT\",\"modelName\":\"NewYardModel\"}"}]}
RESULT: undefined
COMMAND: POST /session/f50b9975a2f10ce5471f2b3ac43fc49e/execute/async - {"script":"<script> [776 bytes]","args":[{"enterText":"1001","selector":{"controlType":"sap.m.Input","viewName":"etm.portal.ui.manageyards.view.New","viewId":"application-manageyards-display-component---NewYard","bindingPath":{"path":"","propertyPath":"/PLANT","modelName":"NewYardModel"},"interaction":{"idSuffix":"inner"}},"clearTextFirst":true,"interactionType":"ENTER_TEXT"}]}
RESULT: {"script":"<script> [776 bytes]","args":[{"enterText":"1001","selector":{"controlType":"sap.m.Input","viewName":"etm.portal.ui.manageyards.view.New","viewId":"application-manageyards-display-component---NewYard","bindingPath":{"path":"","propertyPath":"/PLANT","modelName":"NewYardModel"},"interaction":{"idSuffix":"inner"}},"clearTextFirst":true,"interactionType":"ENTER_TEXT"}]}
COMMAND: POST /session/f50b9975a2f10ce5471f2b3ac43fc49e/execute/async - {"script":"<script> [1562 bytes]","args":[{"selector":{"controlType":"sap.m.Input","viewName":"etm.portal.ui.manageyards.view.New","viewId":"application-manageyards-display-component---NewYard","bindingPath":{"path":"","propertyPath":"/SALES_AREA_VKORG","modelName":"NewYardModel"},"interaction":{"idSuffix":"inner"}},"wdio_ui5_key":"etmportal.ui.manageyards.view.Newsap.m.Input{\"path\":\"\",\"propertyPath\":\"/SALES_AREA_VKORG\",\"modelName\":\"NewYardModel\"}"}]}
RESULT: {"script":"<script> [1562 bytes]","args":[{"selector":{"controlType":"sap.m.Input","viewName":"etm.portal.ui.manageyards.view.New","viewId":"application-manageyards-display-component---NewYard","bindingPath":{"path":"","propertyPath":"/SALES_AREA_VKORG","modelName":"NewYardModel"},"interaction":{"idSuffix":"inner"}},"wdio_ui5_key":"etmportal.ui.manageyards.view.Newsap.m.Input{\"path\":\"\",\"propertyPath\":\"/SALES_AREA_VKORG\",\"modelName\":\"NewYardModel\"}"}]}
RESULT: undefined
COMMAND: POST /session/f50b9975a2f10ce5471f2b3ac43fc49e/execute/async - {"script":"<script> [776 bytes]","args":[{"enterText":"C002","selector":{"controlType":"sap.m.Input","viewName":"etm.portal.ui.manageyards.view.New","viewId":"application-manageyards-display-component---NewYard","bindingPath":{"path":"","propertyPath":"/SALES_AREA_VKORG","modelName":"NewYardModel"},"interaction":{"idSuffix":"inner"}},"clearTextFirst":true,"interactionType":"ENTER_TEXT"}]}
RESULT: {"script":"<script> [776 bytes]","args":[{"enterText":"C002","selector":{"controlType":"sap.m.Input","viewName":"etm.portal.ui.manageyards.view.New","viewId":"application-manageyards-display-component---NewYard","bindingPath":{"path":"","propertyPath":"/SALES_AREA_VKORG","modelName":"NewYardModel"},"interaction":{"idSuffix":"inner"}},"clearTextFirst":true,"interactionType":"ENTER_TEXT"}]}
COMMAND: POST /session/f50b9975a2f10ce5471f2b3ac43fc49e/execute/async - {"script":"<script> [1562 bytes]","args":[{"selector":{"controlType":"sap.m.Input","viewName":"etm.portal.ui.manageyards.view.New","viewId":"application-manageyards-display-component---NewYard","bindingPath":{"path":"","propertyPath":"/SALES_AREA_VTWEG","modelName":"NewYardModel"},"interaction":{"idSuffix":"inner"}},"wdio_ui5_key":"etmportal.ui.manageyards.view.Newsap.m.Input{\"path\":\"\",\"propertyPath\":\"/SALES_AREA_VTWEG\",\"modelName\":\"NewYardModel\"}"}]}
RESULT: {"script":"<script> [1562 bytes]","args":[{"selector":{"controlType":"sap.m.Input","viewName":"etm.portal.ui.manageyards.view.New","viewId":"application-manageyards-display-component---NewYard","bindingPath":{"path":"","propertyPath":"/SALES_AREA_VTWEG","modelName":"NewYardModel"},"interaction":{"idSuffix":"inner"}},"wdio_ui5_key":"etmportal.ui.manageyards.view.Newsap.m.Input{\"path\":\"\",\"propertyPath\":\"/SALES_AREA_VTWEG\",\"modelName\":\"NewYardModel\"}"}]}
RESULT: undefined
COMMAND: POST /session/f50b9975a2f10ce5471f2b3ac43fc49e/execute/async - {"script":"<script> [776 bytes]","args":[{"enterText":"C2","selector":{"controlType":"sap.m.Input","viewName":"etm.portal.ui.manageyards.view.New","viewId":"application-manageyards-display-component---NewYard","bindingPath":{"path":"","propertyPath":"/SALES_AREA_VTWEG","modelName":"NewYardModel"},"interaction":{"idSuffix":"inner"}},"clearTextFirst":true,"interactionType":"ENTER_TEXT"}]}
RESULT: {"script":"<script> [776 bytes]","args":[{"enterText":"C2","selector":{"controlType":"sap.m.Input","viewName":"etm.portal.ui.manageyards.view.New","viewId":"application-manageyards-display-component---NewYard","bindingPath":{"path":"","propertyPath":"/SALES_AREA_VTWEG","modelName":"NewYardModel"},"interaction":{"idSuffix":"inner"}},"clearTextFirst":true,"interactionType":"ENTER_TEXT"}]}
COMMAND: POST /session/f50b9975a2f10ce5471f2b3ac43fc49e/execute/async - {"script":"<script> [1562 bytes]","args":[{"selector":{"controlType":"sap.m.Input","viewName":"etm.portal.ui.manageyards.view.New","viewId":"application-manageyards-display-component---NewYard","bindingPath":{"path":"","propertyPath":"/SALES_AREA_SPART","modelName":"NewYardModel"},"interaction":{"idSuffix":"inner"}},"wdio_ui5_key":"etmportal.ui.manageyards.view.Newsap.m.Input{\"path\":\"\",\"propertyPath\":\"/SALES_AREA_SPART\",\"modelName\":\"NewYardModel\"}"}]}
RESULT: {"script":"<script> [1562 bytes]","args":[{"selector":{"controlType":"sap.m.Input","viewName":"etm.portal.ui.manageyards.view.New","viewId":"application-manageyards-display-component---NewYard","bindingPath":{"path":"","propertyPath":"/SALES_AREA_SPART","modelName":"NewYardModel"},"interaction":{"idSuffix":"inner"}},"wdio_ui5_key":"etmportal.ui.manageyards.view.Newsap.m.Input{\"path\":\"\",\"propertyPath\":\"/SALES_AREA_SPART\",\"modelName\":\"NewYardModel\"}"}]}
RESULT: undefined
COMMAND: POST /session/f50b9975a2f10ce5471f2b3ac43fc49e/execute/async - {"script":"<script> [776 bytes]","args":[{"enterText":"C2","selector":{"controlType":"sap.m.Input","viewName":"etm.portal.ui.manageyards.view.New","viewId":"application-manageyards-display-component---NewYard","bindingPath":{"path":"","propertyPath":"/SALES_AREA_SPART","modelName":"NewYardModel"},"interaction":{"idSuffix":"inner"}},"clearTextFirst":true,"interactionType":"ENTER_TEXT"}]}
RESULT: {"script":"<script> [776 bytes]","args":[{"enterText":"C2","selector":{"controlType":"sap.m.Input","viewName":"etm.portal.ui.manageyards.view.New","viewId":"application-manageyards-display-component---NewYard","bindingPath":{"path":"","propertyPath":"/SALES_AREA_SPART","modelName":"NewYardModel"},"interaction":{"idSuffix":"inner"}},"clearTextFirst":true,"interactionType":"ENTER_TEXT"}]}
COMMAND: POST /session/f50b9975a2f10ce5471f2b3ac43fc49e/execute/async - {"script":"<script> [1562 bytes]","args":[{"selector":{"controlType":"sap.m.Input","viewName":"etm.portal.ui.manageyards.view.New","viewId":"application-manageyards-display-component---NewYard","bindingPath":{"path":"","propertyPath":"/SHIP_POINT","modelName":"NewYardModel"},"interaction":{"idSuffix":"inner"}},"wdio_ui5_key":"etmportal.ui.manageyards.view.Newsap.m.Input{\"path\":\"\",\"propertyPath\":\"/SHIP_POINT\",\"modelName\":\"NewYardModel\"}"}]}
RESULT: {"script":"<script> [1562 bytes]","args":[{"selector":{"controlType":"sap.m.Input","viewName":"etm.portal.ui.manageyards.view.New","viewId":"application-manageyards-display-component---NewYard","bindingPath":{"path":"","propertyPath":"/SHIP_POINT","modelName":"NewYardModel"},"interaction":{"idSuffix":"inner"}},"wdio_ui5_key":"etmportal.ui.manageyards.view.Newsap.m.Input{\"path\":\"\",\"propertyPath\":\"/SHIP_POINT\",\"modelName\":\"NewYardModel\"}"}]}
RESULT: undefined
COMMAND: POST /session/f50b9975a2f10ce5471f2b3ac43fc49e/execute/async - {"script":"<script> [776 bytes]","args":[{"enterText":"1710","selector":{"controlType":"sap.m.Input","viewName":"etm.portal.ui.manageyards.view.New","viewId":"application-manageyards-display-component---NewYard","bindingPath":{"path":"","propertyPath":"/SHIP_POINT","modelName":"NewYardModel"},"interaction":{"idSuffix":"inner"}},"clearTextFirst":true,"interactionType":"ENTER_TEXT"}]}
RESULT: {"script":"<script> [776 bytes]","args":[{"enterText":"1710","selector":{"controlType":"sap.m.Input","viewName":"etm.portal.ui.manageyards.view.New","viewId":"application-manageyards-display-component---NewYard","bindingPath":{"path":"","propertyPath":"/SHIP_POINT","modelName":"NewYardModel"},"interaction":{"idSuffix":"inner"}},"clearTextFirst":true,"interactionType":"ENTER_TEXT"}]}
COMMAND: POST /session/f50b9975a2f10ce5471f2b3ac43fc49e/execute/async - {"script":"<script> [1562 bytes]","args":[{"selector":{"controlType":"sap.m.Input","viewName":"etm.portal.ui.manageyards.view.New","viewId":"application-manageyards-display-component---NewYard","bindingPath":{"path":"","propertyPath":"/DELIVERY_TYPE","modelName":"NewYardModel"},"interaction":{"idSuffix":"inner"}},"wdio_ui5_key":"etmportal.ui.manageyards.view.Newsap.m.Input{\"path\":\"\",\"propertyPath\":\"/DELIVERY_TYPE\",\"modelName\":\"NewYardModel\"}"}]}
RESULT: {"script":"<script> [1562 bytes]","args":[{"selector":{"controlType":"sap.m.Input","viewName":"etm.portal.ui.manageyards.view.New","viewId":"application-manageyards-display-component---NewYard","bindingPath":{"path":"","propertyPath":"/DELIVERY_TYPE","modelName":"NewYardModel"},"interaction":{"idSuffix":"inner"}},"wdio_ui5_key":"etmportal.ui.manageyards.view.Newsap.m.Input{\"path\":\"\",\"propertyPath\":\"/DELIVERY_TYPE\",\"modelName\":\"NewYardModel\"}"}]}
RESULT: undefined
COMMAND: POST /session/f50b9975a2f10ce5471f2b3ac43fc49e/execute/async - {"script":"<script> [776 bytes]","args":[{"enterText":"ZL01","selector":{"controlType":"sap.m.Input","viewName":"etm.portal.ui.manageyards.view.New","viewId":"application-manageyards-display-component---NewYard","bindingPath":{"path":"","propertyPath":"/DELIVERY_TYPE","modelName":"NewYardModel"},"interaction":{"idSuffix":"inner"}},"clearTextFirst":true,"interactionType":"ENTER_TEXT"}]}
RESULT: {"script":"<script> [776 bytes]","args":[{"enterText":"ZL01","selector":{"controlType":"sap.m.Input","viewName":"etm.portal.ui.manageyards.view.New","viewId":"application-manageyards-display-component---NewYard","bindingPath":{"path":"","propertyPath":"/DELIVERY_TYPE","modelName":"NewYardModel"},"interaction":{"idSuffix":"inner"}},"clearTextFirst":true,"interactionType":"ENTER_TEXT"}]}
COMMAND: POST /session/f50b9975a2f10ce5471f2b3ac43fc49e/execute/async - {"script":"<script> [1562 bytes]","args":[{"selector":{"controlType":"sap.m.Input","viewName":"etm.portal.ui.manageyards.view.New","viewId":"application-manageyards-display-component---NewYard","bindingPath":{"path":"","propertyPath":"/AUART","modelName":"NewYardModel"},"interaction":{"idSuffix":"inner"}},"wdio_ui5_key":"etmportal.ui.manageyards.view.Newsap.m.Input{\"path\":\"\",\"propertyPath\":\"/AUART\",\"modelName\":\"NewYardModel\"}"}]}
RESULT: {"script":"<script> [1562 bytes]","args":[{"selector":{"controlType":"sap.m.Input","viewName":"etm.portal.ui.manageyards.view.New","viewId":"application-manageyards-display-component---NewYard","bindingPath":{"path":"","propertyPath":"/AUART","modelName":"NewYardModel"},"interaction":{"idSuffix":"inner"}},"wdio_ui5_key":"etmportal.ui.manageyards.view.Newsap.m.Input{\"path\":\"\",\"propertyPath\":\"/AUART\",\"modelName\":\"NewYardModel\"}"}]}
RESULT: undefined
COMMAND: POST /session/f50b9975a2f10ce5471f2b3ac43fc49e/execute/async - {"script":"<script> [776 bytes]","args":[{"enterText":"TA","selector":{"controlType":"sap.m.Input","viewName":"etm.portal.ui.manageyards.view.New","viewId":"application-manageyards-display-component---NewYard","bindingPath":{"path":"","propertyPath":"/AUART","modelName":"NewYardModel"},"interaction":{"idSuffix":"inner"}},"clearTextFirst":true,"interactionType":"ENTER_TEXT"}]}
RESULT: {"script":"<script> [776 bytes]","args":[{"enterText":"TA","selector":{"controlType":"sap.m.Input","viewName":"etm.portal.ui.manageyards.view.New","viewId":"application-manageyards-display-component---NewYard","bindingPath":{"path":"","propertyPath":"/AUART","modelName":"NewYardModel"},"interaction":{"idSuffix":"inner"}},"clearTextFirst":true,"interactionType":"ENTER_TEXT"}]}
COMMAND: POST /session/f50b9975a2f10ce5471f2b3ac43fc49e/element - {"using":"xpath","value":"//button[@data-kt=\"newYardSaveButton\"]"}
RESULT: {"using":"xpath","value":"//button[@data-kt=\"newYardSaveButton\"]"}
COMMAND: POST /session/f50b9975a2f10ce5471f2b3ac43fc49e/element/f.DF1E31923C9290F9F1C58ACD46554FBC.d.9EBC72FF515CB6892CB4054FCCB64C49.e.3853/click - {}
RESULT: {}
COMMAND: GET /session/f50b9975a2f10ce5471f2b3ac43fc49e/screenshot - {}
RESULT: {}
COMMAND: POST /session/f50b9975a2f10ce5471f2b3ac43fc49e/element - {"using":"xpath","value":"//header[contains(@id, 'ObjectPageLayout-headerTitle')]/div[1]/div[2]/div[1]/span[1]"}
RESULT: {"using":"xpath","value":"//header[contains(@id, 'ObjectPageLayout-headerTitle')]/div[1]/div[2]/div[1]/span[1]"}
COMMAND: POST /session/f50b9975a2f10ce5471f2b3ac43fc49e/elements - {"using":"xpath","value":"//header[contains(@id, 'ObjectPageLayout-headerTitle')]/div[1]/div[2]/div[1]/span[1]"}
RESULT: {"using":"xpath","value":"//header[contains(@id, 'ObjectPageLayout-headerTitle')]/div[1]/div[2]/div[1]/span[1]"}
COMMAND: POST /session/f50b9975a2f10ce5471f2b3ac43fc49e/execute/sync - {"script":"<script> [56 bytes]","args":[{"element-6066-11e4-a52e-4f735466cecf":"f.DF1E31923C9290F9F1C58ACD46554FBC.d.9EBC72FF515CB6892CB4054FCCB64C49.e.4138","ELEMENT":"f.DF1E31923C9290F9F1C58ACD46554FBC.d.9EBC72FF515CB6892CB4054FCCB64C49.e.4138"}]}
RESULT: {"script":"<script> [56 bytes]","args":[{"element-6066-11e4-a52e-4f735466cecf":"f.DF1E31923C9290F9F1C58ACD46554FBC.d.9EBC72FF515CB6892CB4054FCCB64C49.e.4138","ELEMENT":"f.DF1E31923C9290F9F1C58ACD46554FBC.d.9EBC72FF515CB6892CB4054FCCB64C49.e.4138"}]}
COMMAND: GET /session/f50b9975a2f10ce5471f2b3ac43fc49e/screenshot - {}
COMMAND: POST /session/f50b9975a2f10ce5471f2b3ac43fc49e/execute/sync - {"script":"<script> [56 bytes]","args":[{"element-6066-11e4-a52e-4f735466cecf":"f.DF1E31923C9290F9F1C58ACD46554FBC.d.9EBC72FF515CB6892CB4054FCCB64C49.e.4138","ELEMENT":"f.DF1E31923C9290F9F1C58ACD46554FBC.d.9EBC72FF515CB6892CB4054FCCB64C49.e.4138"}]}
RESULT: {"script":"<script> [56 bytes]","args":[{"element-6066-11e4-a52e-4f735466cecf":"f.DF1E31923C9290F9F1C58ACD46554FBC.d.9EBC72FF515CB6892CB4054FCCB64C49.e.4138","ELEMENT":"f.DF1E31923C9290F9F1C58ACD46554FBC.d.9EBC72FF515CB6892CB4054FCCB64C49.e.4138"}]}
COMMAND: GET /session/f50b9975a2f10ce5471f2b3ac43fc49e/screenshot - {}
RESULT: {}
RESULT: {}
COMMAND: POST /session/f50b9975a2f10ce5471f2b3ac43fc49e/element - {"using":"css selector","value":"#shell-header-logo"}
RESULT: {"using":"css selector","value":"#shell-header-logo"}
COMMAND: POST /session/f50b9975a2f10ce5471f2b3ac43fc49e/element/f.DF1E31923C9290F9F1C58ACD46554FBC.d.9EBC72FF515CB6892CB4054FCCB64C49.e.3397/click - {}
RESULT: {}
COMMAND: GET /session/f50b9975a2f10ce5471f2b3ac43fc49e/screenshot - {}
RESULT: {}
COMMAND: POST /session/f50b9975a2f10ce5471f2b3ac43fc49e/execute/sync - {"script":"<script> [299 bytes]","args":[["getModel","getResource"]]}
RESULT: {"script":"<script> [299 bytes]","args":[["getModel","getResource"]]}
]]></system-out>
    </testcase>
    <testcase classname="chrome.135_0_7049_96.windows.Billing_Transfer_-_Intracompany_US127249" name="Should create a new partner" time="111.463">
      <system-out><![CDATA[
COMMAND: POST /session/f50b9975a2f10ce5471f2b3ac43fc49e/window/fullscreen - {}
COMMAND: GET /session/f50b9975a2f10ce5471f2b3ac43fc49e/screenshot - {}
RESULT: {}
COMMAND: POST /session/f50b9975a2f10ce5471f2b3ac43fc49e/execute/async - {"script":"<script> [1562 bytes]","args":[{"selector":{"controlType":"sap.m.GenericTile","properties":{"header":"Manage Partners"}},"wdio_ui5_key":"sapm.GenericTile{\"header\":\"Manage Partners\"}"}]}
RESULT: {}
RESULT: {"script":"<script> [1562 bytes]","args":[{"selector":{"controlType":"sap.m.GenericTile","properties":{"header":"Manage Partners"}},"wdio_ui5_key":"sapm.GenericTile{\"header\":\"Manage Partners\"}"}]}
RESULT: undefined
COMMAND: POST /session/f50b9975a2f10ce5471f2b3ac43fc49e/element - {"using":"xpath","value":"//*[@id=\"__tile38\"]"}
RESULT: {"using":"xpath","value":"//*[@id=\"__tile38\"]"}
COMMAND: POST /session/f50b9975a2f10ce5471f2b3ac43fc49e/element/f.DF1E31923C9290F9F1C58ACD46554FBC.d.9EBC72FF515CB6892CB4054FCCB64C49.e.3295/click - {}
RESULT: {}
COMMAND: POST /session/f50b9975a2f10ce5471f2b3ac43fc49e/element - {"using":"xpath","value":"//button[@data-kt=\"addButton\"]"}
COMMAND: GET /session/f50b9975a2f10ce5471f2b3ac43fc49e/screenshot - {}
RESULT: {"using":"xpath","value":"//button[@data-kt=\"addButton\"]"}
COMMAND: POST /session/f50b9975a2f10ce5471f2b3ac43fc49e/elements - {"using":"xpath","value":"//button[@data-kt=\"addButton\"]"}
RESULT: {}
RESULT: {"using":"xpath","value":"//button[@data-kt=\"addButton\"]"}
COMMAND: POST /session/f50b9975a2f10ce5471f2b3ac43fc49e/elements - {"using":"xpath","value":"//button[@data-kt=\"addButton\"]"}
RESULT: {"using":"xpath","value":"//button[@data-kt=\"addButton\"]"}
COMMAND: POST /session/f50b9975a2f10ce5471f2b3ac43fc49e/elements - {"using":"xpath","value":"//button[@data-kt=\"addButton\"]"}
RESULT: {"using":"xpath","value":"//button[@data-kt=\"addButton\"]"}
COMMAND: POST /session/f50b9975a2f10ce5471f2b3ac43fc49e/elements - {"using":"xpath","value":"//button[@data-kt=\"addButton\"]"}
RESULT: {"using":"xpath","value":"//button[@data-kt=\"addButton\"]"}
COMMAND: POST /session/f50b9975a2f10ce5471f2b3ac43fc49e/elements - {"using":"xpath","value":"//button[@data-kt=\"addButton\"]"}
RESULT: {"using":"xpath","value":"//button[@data-kt=\"addButton\"]"}
COMMAND: POST /session/f50b9975a2f10ce5471f2b3ac43fc49e/elements - {"using":"xpath","value":"//button[@data-kt=\"addButton\"]"}
RESULT: {"using":"xpath","value":"//button[@data-kt=\"addButton\"]"}
COMMAND: POST /session/f50b9975a2f10ce5471f2b3ac43fc49e/elements - {"using":"xpath","value":"//button[@data-kt=\"addButton\"]"}
RESULT: {"using":"xpath","value":"//button[@data-kt=\"addButton\"]"}
COMMAND: POST /session/f50b9975a2f10ce5471f2b3ac43fc49e/elements - {"using":"xpath","value":"//button[@data-kt=\"addButton\"]"}
RESULT: {"using":"xpath","value":"//button[@data-kt=\"addButton\"]"}
COMMAND: POST /session/f50b9975a2f10ce5471f2b3ac43fc49e/elements - {"using":"xpath","value":"//button[@data-kt=\"addButton\"]"}
RESULT: {"using":"xpath","value":"//button[@data-kt=\"addButton\"]"}
COMMAND: POST /session/f50b9975a2f10ce5471f2b3ac43fc49e/elements - {"using":"xpath","value":"//button[@data-kt=\"addButton\"]"}
RESULT: {"using":"xpath","value":"//button[@data-kt=\"addButton\"]"}
COMMAND: POST /session/f50b9975a2f10ce5471f2b3ac43fc49e/elements - {"using":"xpath","value":"//button[@data-kt=\"addButton\"]"}
RESULT: {"using":"xpath","value":"//button[@data-kt=\"addButton\"]"}
COMMAND: POST /session/f50b9975a2f10ce5471f2b3ac43fc49e/elements - {"using":"xpath","value":"//button[@data-kt=\"addButton\"]"}
RESULT: {"using":"xpath","value":"//button[@data-kt=\"addButton\"]"}
COMMAND: POST /session/f50b9975a2f10ce5471f2b3ac43fc49e/elements - {"using":"xpath","value":"//button[@data-kt=\"addButton\"]"}
RESULT: {"using":"xpath","value":"//button[@data-kt=\"addButton\"]"}
COMMAND: POST /session/f50b9975a2f10ce5471f2b3ac43fc49e/elements - {"using":"xpath","value":"//button[@data-kt=\"addButton\"]"}
RESULT: {"using":"xpath","value":"//button[@data-kt=\"addButton\"]"}
COMMAND: POST /session/f50b9975a2f10ce5471f2b3ac43fc49e/elements - {"using":"xpath","value":"//button[@data-kt=\"addButton\"]"}
RESULT: {"using":"xpath","value":"//button[@data-kt=\"addButton\"]"}
COMMAND: POST /session/f50b9975a2f10ce5471f2b3ac43fc49e/element - {"using":"xpath","value":"//button[@data-kt=\"addButton\"]"}
RESULT: {"using":"xpath","value":"//button[@data-kt=\"addButton\"]"}
COMMAND: POST /session/f50b9975a2f10ce5471f2b3ac43fc49e/execute/sync - {"script":"<script> [8489 bytes]","args":[{"element-6066-11e4-a52e-4f735466cecf":"f.DF1E31923C9290F9F1C58ACD46554FBC.d.9EBC72FF515CB6892CB4054FCCB64C49.e.4180","ELEMENT":"f.DF1E31923C9290F9F1C58ACD46554FBC.d.9EBC72FF515CB6892CB4054FCCB64C49.e.4180"}]}
RESULT: {"script":"<script> [8489 bytes]","args":[{"element-6066-11e4-a52e-4f735466cecf":"f.DF1E31923C9290F9F1C58ACD46554FBC.d.9EBC72FF515CB6892CB4054FCCB64C49.e.4180","ELEMENT":"f.DF1E31923C9290F9F1C58ACD46554FBC.d.9EBC72FF515CB6892CB4054FCCB64C49.e.4180"}]}
COMMAND: GET /session/f50b9975a2f10ce5471f2b3ac43fc49e/element/f.DF1E31923C9290F9F1C58ACD46554FBC.d.9EBC72FF515CB6892CB4054FCCB64C49.e.4180/enabled - {}
COMMAND: GET /session/f50b9975a2f10ce5471f2b3ac43fc49e/screenshot - {}
RESULT: {}
COMMAND: POST /session/f50b9975a2f10ce5471f2b3ac43fc49e/execute/sync - {"script":"<script> [8489 bytes]","args":[{"element-6066-11e4-a52e-4f735466cecf":"f.DF1E31923C9290F9F1C58ACD46554FBC.d.9EBC72FF515CB6892CB4054FCCB64C49.e.4180","ELEMENT":"f.DF1E31923C9290F9F1C58ACD46554FBC.d.9EBC72FF515CB6892CB4054FCCB64C49.e.4180"}]}
COMMAND: GET /session/f50b9975a2f10ce5471f2b3ac43fc49e/screenshot - {}
RESULT: {}
RESULT: {"script":"<script> [8489 bytes]","args":[{"element-6066-11e4-a52e-4f735466cecf":"f.DF1E31923C9290F9F1C58ACD46554FBC.d.9EBC72FF515CB6892CB4054FCCB64C49.e.4180","ELEMENT":"f.DF1E31923C9290F9F1C58ACD46554FBC.d.9EBC72FF515CB6892CB4054FCCB64C49.e.4180"}]}
COMMAND: POST /session/f50b9975a2f10ce5471f2b3ac43fc49e/execute/sync - {"script":"<script> [5351 bytes]","args":[{"element-6066-11e4-a52e-4f735466cecf":"f.DF1E31923C9290F9F1C58ACD46554FBC.d.9EBC72FF515CB6892CB4054FCCB64C49.e.4180","ELEMENT":"f.DF1E31923C9290F9F1C58ACD46554FBC.d.9EBC72FF515CB6892CB4054FCCB64C49.e.4180"}]}
COMMAND: GET /session/f50b9975a2f10ce5471f2b3ac43fc49e/screenshot - {}
RESULT: {}
RESULT: {"script":"<script> [5351 bytes]","args":[{"element-6066-11e4-a52e-4f735466cecf":"f.DF1E31923C9290F9F1C58ACD46554FBC.d.9EBC72FF515CB6892CB4054FCCB64C49.e.4180","ELEMENT":"f.DF1E31923C9290F9F1C58ACD46554FBC.d.9EBC72FF515CB6892CB4054FCCB64C49.e.4180"}]}
COMMAND: POST /session/f50b9975a2f10ce5471f2b3ac43fc49e/element/f.DF1E31923C9290F9F1C58ACD46554FBC.d.9EBC72FF515CB6892CB4054FCCB64C49.e.4180/click - {}
COMMAND: GET /session/f50b9975a2f10ce5471f2b3ac43fc49e/screenshot - {}
RESULT: {}
RESULT: {}
COMMAND: GET /session/f50b9975a2f10ce5471f2b3ac43fc49e/screenshot - {}
COMMAND: POST /session/f50b9975a2f10ce5471f2b3ac43fc49e/execute/async - {"script":"<script> [1562 bytes]","args":[{"selector":{"id":"application-managepartners-display-component---NewPartner--addressDetailDetailsName1","interaction":{"idSuffix":"inner"}},"wdio_ui5_key":"applicationmanagepartners-display-component---NewPartner--addressDetailDetailsName1"}]}
RESULT: {}
RESULT: {}
RESULT: {"script":"<script> [1562 bytes]","args":[{"selector":{"id":"application-managepartners-display-component---NewPartner--addressDetailDetailsName1","interaction":{"idSuffix":"inner"}},"wdio_ui5_key":"applicationmanagepartners-display-component---NewPartner--addressDetailDetailsName1"}]}
RESULT: undefined
COMMAND: POST /session/f50b9975a2f10ce5471f2b3ac43fc49e/execute/async - {"script":"<script> [776 bytes]","args":[{"enterText":"Intracompany Partner WDIO","selector":{"id":"application-managepartners-display-component---NewPartner--addressDetailDetailsName1","interaction":{"idSuffix":"inner"}},"clearTextFirst":true,"interactionType":"ENTER_TEXT"}]}
RESULT: {"script":"<script> [776 bytes]","args":[{"enterText":"Intracompany Partner WDIO","selector":{"id":"application-managepartners-display-component---NewPartner--addressDetailDetailsName1","interaction":{"idSuffix":"inner"}},"clearTextFirst":true,"interactionType":"ENTER_TEXT"}]}
COMMAND: POST /session/f50b9975a2f10ce5471f2b3ac43fc49e/execute/async - {"script":"<script> [1562 bytes]","args":[{"selector":{"id":"application-managepartners-display-component---NewPartner--addressDetailDetailsLanguage-arrow"},"wdio_ui5_key":"applicationmanagepartners-display-component---NewPartner--addressDetailDetailsLanguage-arrow"}]}
RESULT: {"script":"<script> [1562 bytes]","args":[{"selector":{"id":"application-managepartners-display-component---NewPartner--addressDetailDetailsLanguage-arrow"},"wdio_ui5_key":"applicationmanagepartners-display-component---NewPartner--addressDetailDetailsLanguage-arrow"}]}
RESULT: undefined
COMMAND: POST /session/f50b9975a2f10ce5471f2b3ac43fc49e/element - {"using":"xpath","value":"//*[@id=\"application-managepartners-display-component---NewPartner--addressDetailDetailsLanguage-arrow\"]"}
RESULT: {"using":"xpath","value":"//*[@id=\"application-managepartners-display-component---NewPartner--addressDetailDetailsLanguage-arrow\"]"}
COMMAND: POST /session/f50b9975a2f10ce5471f2b3ac43fc49e/element/f.DF1E31923C9290F9F1C58ACD46554FBC.d.9EBC72FF515CB6892CB4054FCCB64C49.e.4633/click - {}
RESULT: {}
COMMAND: POST /session/f50b9975a2f10ce5471f2b3ac43fc49e/element - {"using":"xpath","value":"//span[contains(text(), \"English\")]"}
COMMAND: GET /session/f50b9975a2f10ce5471f2b3ac43fc49e/screenshot - {}
RESULT: {"using":"xpath","value":"//span[contains(text(), \"English\")]"}
COMMAND: POST /session/f50b9975a2f10ce5471f2b3ac43fc49e/element/f.DF1E31923C9290F9F1C58ACD46554FBC.d.9EBC72FF515CB6892CB4054FCCB64C49.e.4634/click - {}
RESULT: {}
RESULT: {}
COMMAND: GET /session/f50b9975a2f10ce5471f2b3ac43fc49e/screenshot - {}
RESULT: {}
COMMAND: POST /session/f50b9975a2f10ce5471f2b3ac43fc49e/execute/async - {"script":"<script> [1562 bytes]","args":[{"selector":{"id":"application-managepartners-display-component---NewPartner--addressDetailDetailsCity1","interaction":{"idSuffix":"inner"}},"wdio_ui5_key":"applicationmanagepartners-display-component---NewPartner--addressDetailDetailsCity1"}]}
RESULT: {"script":"<script> [1562 bytes]","args":[{"selector":{"id":"application-managepartners-display-component---NewPartner--addressDetailDetailsCity1","interaction":{"idSuffix":"inner"}},"wdio_ui5_key":"applicationmanagepartners-display-component---NewPartner--addressDetailDetailsCity1"}]}
RESULT: undefined
COMMAND: POST /session/f50b9975a2f10ce5471f2b3ac43fc49e/execute/async - {"script":"<script> [776 bytes]","args":[{"enterText":"Rosario","selector":{"id":"application-managepartners-display-component---NewPartner--addressDetailDetailsCity1","interaction":{"idSuffix":"inner"}},"clearTextFirst":true,"interactionType":"ENTER_TEXT"}]}
RESULT: {"script":"<script> [776 bytes]","args":[{"enterText":"Rosario","selector":{"id":"application-managepartners-display-component---NewPartner--addressDetailDetailsCity1","interaction":{"idSuffix":"inner"}},"clearTextFirst":true,"interactionType":"ENTER_TEXT"}]}
COMMAND: POST /session/f50b9975a2f10ce5471f2b3ac43fc49e/execute/async - {"script":"<script> [1562 bytes]","args":[{"selector":{"id":"application-managepartners-display-component---NewPartner--addressDetailDetailsCountry-arrow"},"wdio_ui5_key":"applicationmanagepartners-display-component---NewPartner--addressDetailDetailsCountry-arrow"}]}
RESULT: {"script":"<script> [1562 bytes]","args":[{"selector":{"id":"application-managepartners-display-component---NewPartner--addressDetailDetailsCountry-arrow"},"wdio_ui5_key":"applicationmanagepartners-display-component---NewPartner--addressDetailDetailsCountry-arrow"}]}
RESULT: undefined
COMMAND: POST /session/f50b9975a2f10ce5471f2b3ac43fc49e/element - {"using":"xpath","value":"//*[@id=\"application-managepartners-display-component---NewPartner--addressDetailDetailsCountry-arrow\"]"}
RESULT: {"using":"xpath","value":"//*[@id=\"application-managepartners-display-component---NewPartner--addressDetailDetailsCountry-arrow\"]"}
COMMAND: POST /session/f50b9975a2f10ce5471f2b3ac43fc49e/element/f.DF1E31923C9290F9F1C58ACD46554FBC.d.9EBC72FF515CB6892CB4054FCCB64C49.e.4619/click - {}
RESULT: {}
COMMAND: POST /session/f50b9975a2f10ce5471f2b3ac43fc49e/element - {"using":"xpath","value":"//span[contains(text(), \"Argentina\")]"}
COMMAND: GET /session/f50b9975a2f10ce5471f2b3ac43fc49e/screenshot - {}
RESULT: {"using":"xpath","value":"//span[contains(text(), \"Argentina\")]"}
COMMAND: POST /session/f50b9975a2f10ce5471f2b3ac43fc49e/element/f.DF1E31923C9290F9F1C58ACD46554FBC.d.9EBC72FF515CB6892CB4054FCCB64C49.e.4636/click - {}
RESULT: {}
RESULT: {}
COMMAND: GET /session/f50b9975a2f10ce5471f2b3ac43fc49e/screenshot - {}
RESULT: {}
COMMAND: POST /session/f50b9975a2f10ce5471f2b3ac43fc49e/element - {"using":"xpath","value":"//bdi[contains(text(), \"Commercial\")]"}
RESULT: {"using":"xpath","value":"//bdi[contains(text(), \"Commercial\")]"}
COMMAND: POST /session/f50b9975a2f10ce5471f2b3ac43fc49e/element/f.DF1E31923C9290F9F1C58ACD46554FBC.d.9EBC72FF515CB6892CB4054FCCB64C49.e.4637/click - {}
RESULT: {}
COMMAND: GET /session/f50b9975a2f10ce5471f2b3ac43fc49e/screenshot - {}
RESULT: {}
COMMAND: POST /session/f50b9975a2f10ce5471f2b3ac43fc49e/execute/async - {"script":"<script> [1562 bytes]","args":[{"selector":{"id":"application-managepartners-display-component---NewPartner--partnerDetailInternal-arrow"},"wdio_ui5_key":"applicationmanagepartners-display-component---NewPartner--partnerDetailInternal-arrow"}]}
RESULT: {"script":"<script> [1562 bytes]","args":[{"selector":{"id":"application-managepartners-display-component---NewPartner--partnerDetailInternal-arrow"},"wdio_ui5_key":"applicationmanagepartners-display-component---NewPartner--partnerDetailInternal-arrow"}]}
RESULT: undefined
COMMAND: POST /session/f50b9975a2f10ce5471f2b3ac43fc49e/element - {"using":"xpath","value":"//*[@id=\"application-managepartners-display-component---NewPartner--partnerDetailInternal-arrow\"]"}
RESULT: {"using":"xpath","value":"//*[@id=\"application-managepartners-display-component---NewPartner--partnerDetailInternal-arrow\"]"}
COMMAND: POST /session/f50b9975a2f10ce5471f2b3ac43fc49e/element/f.DF1E31923C9290F9F1C58ACD46554FBC.d.9EBC72FF515CB6892CB4054FCCB64C49.e.4643/click - {}
RESULT: {}
COMMAND: POST /session/f50b9975a2f10ce5471f2b3ac43fc49e/element - {"using":"xpath","value":"//span[contains(text(), \"Affiliated company\")]"}
COMMAND: GET /session/f50b9975a2f10ce5471f2b3ac43fc49e/screenshot - {}
RESULT: {"using":"xpath","value":"//span[contains(text(), \"Affiliated company\")]"}
COMMAND: POST /session/f50b9975a2f10ce5471f2b3ac43fc49e/element/f.DF1E31923C9290F9F1C58ACD46554FBC.d.9EBC72FF515CB6892CB4054FCCB64C49.e.4644/click - {}
RESULT: {}
RESULT: {}
COMMAND: POST /session/f50b9975a2f10ce5471f2b3ac43fc49e/execute/async - {"script":"<script> [1562 bytes]","args":[{"selector":{"id":"application-managepartners-display-component---NewPartner--partnerDetailsCurrency-arrow"},"wdio_ui5_key":"applicationmanagepartners-display-component---NewPartner--partnerDetailsCurrency-arrow"}]}
COMMAND: GET /session/f50b9975a2f10ce5471f2b3ac43fc49e/screenshot - {}
RESULT: {"script":"<script> [1562 bytes]","args":[{"selector":{"id":"application-managepartners-display-component---NewPartner--partnerDetailsCurrency-arrow"},"wdio_ui5_key":"applicationmanagepartners-display-component---NewPartner--partnerDetailsCurrency-arrow"}]}
RESULT: undefined
COMMAND: POST /session/f50b9975a2f10ce5471f2b3ac43fc49e/element - {"using":"xpath","value":"//*[@id=\"application-managepartners-display-component---NewPartner--partnerDetailsCurrency-arrow\"]"}
RESULT: {}
RESULT: {"using":"xpath","value":"//*[@id=\"application-managepartners-display-component---NewPartner--partnerDetailsCurrency-arrow\"]"}
COMMAND: POST /session/f50b9975a2f10ce5471f2b3ac43fc49e/element/f.DF1E31923C9290F9F1C58ACD46554FBC.d.9EBC72FF515CB6892CB4054FCCB64C49.e.4651/click - {}
RESULT: {}
COMMAND: POST /session/f50b9975a2f10ce5471f2b3ac43fc49e/element - {"using":"xpath","value":"//span[contains(text(), \"Euro\")]"}
COMMAND: GET /session/f50b9975a2f10ce5471f2b3ac43fc49e/screenshot - {}
RESULT: {"using":"xpath","value":"//span[contains(text(), \"Euro\")]"}
COMMAND: POST /session/f50b9975a2f10ce5471f2b3ac43fc49e/element/f.DF1E31923C9290F9F1C58ACD46554FBC.d.9EBC72FF515CB6892CB4054FCCB64C49.e.4652/click - {}
RESULT: {}
RESULT: {}
COMMAND: POST /session/f50b9975a2f10ce5471f2b3ac43fc49e/execute/async - {"script":"<script> [1562 bytes]","args":[{"selector":{"id":"application-managepartners-display-component---NewPartner--addressEditDetailsCostObjectCstType-arrow"},"wdio_ui5_key":"applicationmanagepartners-display-component---NewPartner--addressEditDetailsCostObjectCstType-arrow"}]}
COMMAND: GET /session/f50b9975a2f10ce5471f2b3ac43fc49e/screenshot - {}
RESULT: {"script":"<script> [1562 bytes]","args":[{"selector":{"id":"application-managepartners-display-component---NewPartner--addressEditDetailsCostObjectCstType-arrow"},"wdio_ui5_key":"applicationmanagepartners-display-component---NewPartner--addressEditDetailsCostObjectCstType-arrow"}]}
RESULT: undefined
COMMAND: POST /session/f50b9975a2f10ce5471f2b3ac43fc49e/element - {"using":"xpath","value":"//*[@id=\"application-managepartners-display-component---NewPartner--addressEditDetailsCostObjectCstType-arrow\"]"}
RESULT: {}
RESULT: {"using":"xpath","value":"//*[@id=\"application-managepartners-display-component---NewPartner--addressEditDetailsCostObjectCstType-arrow\"]"}
COMMAND: POST /session/f50b9975a2f10ce5471f2b3ac43fc49e/element/f.DF1E31923C9290F9F1C58ACD46554FBC.d.9EBC72FF515CB6892CB4054FCCB64C49.e.4653/click - {}
RESULT: {}
COMMAND: POST /session/f50b9975a2f10ce5471f2b3ac43fc49e/element - {"using":"xpath","value":"//span[contains(text(), \"Cost Center\")]"}
COMMAND: GET /session/f50b9975a2f10ce5471f2b3ac43fc49e/screenshot - {}
RESULT: {"using":"xpath","value":"//span[contains(text(), \"Cost Center\")]"}
COMMAND: POST /session/f50b9975a2f10ce5471f2b3ac43fc49e/element/f.DF1E31923C9290F9F1C58ACD46554FBC.d.9EBC72FF515CB6892CB4054FCCB64C49.e.4654/click - {}
RESULT: {}
RESULT: {}
COMMAND: GET /session/f50b9975a2f10ce5471f2b3ac43fc49e/screenshot - {}
RESULT: {}
COMMAND: POST /session/f50b9975a2f10ce5471f2b3ac43fc49e/element - {"using":"xpath","value":"//span[@id=\"application-managepartners-display-component---NewPartner--addressNewCostObjectCstID-vhi\"]"}
RESULT: {"using":"xpath","value":"//span[@id=\"application-managepartners-display-component---NewPartner--addressNewCostObjectCstID-vhi\"]"}
COMMAND: POST /session/f50b9975a2f10ce5471f2b3ac43fc49e/execute/sync - {"script":"<script> [8489 bytes]","args":[{"element-6066-11e4-a52e-4f735466cecf":"f.DF1E31923C9290F9F1C58ACD46554FBC.d.9EBC72FF515CB6892CB4054FCCB64C49.e.4658","ELEMENT":"f.DF1E31923C9290F9F1C58ACD46554FBC.d.9EBC72FF515CB6892CB4054FCCB64C49.e.4658"}]}
RESULT: {"script":"<script> [8489 bytes]","args":[{"element-6066-11e4-a52e-4f735466cecf":"f.DF1E31923C9290F9F1C58ACD46554FBC.d.9EBC72FF515CB6892CB4054FCCB64C49.e.4658","ELEMENT":"f.DF1E31923C9290F9F1C58ACD46554FBC.d.9EBC72FF515CB6892CB4054FCCB64C49.e.4658"}]}
COMMAND: POST /session/f50b9975a2f10ce5471f2b3ac43fc49e/execute/async - {"script":"<script> [1562 bytes]","args":[{"selector":{"id":"application-managepartners-display-component---NewPartner--addressNewCostObjectCstID-vhi"},"wdio_ui5_key":"applicationmanagepartners-display-component---NewPartner--addressNewCostObjectCstID-vhi"}]}
COMMAND: GET /session/f50b9975a2f10ce5471f2b3ac43fc49e/screenshot - {}
RESULT: {"script":"<script> [1562 bytes]","args":[{"selector":{"id":"application-managepartners-display-component---NewPartner--addressNewCostObjectCstID-vhi"},"wdio_ui5_key":"applicationmanagepartners-display-component---NewPartner--addressNewCostObjectCstID-vhi"}]}
RESULT: undefined
COMMAND: POST /session/f50b9975a2f10ce5471f2b3ac43fc49e/element - {"using":"xpath","value":"//*[@id=\"application-managepartners-display-component---NewPartner--addressNewCostObjectCstID-vhi\"]"}
RESULT: {}
RESULT: {"using":"xpath","value":"//*[@id=\"application-managepartners-display-component---NewPartner--addressNewCostObjectCstID-vhi\"]"}
COMMAND: POST /session/f50b9975a2f10ce5471f2b3ac43fc49e/element/f.DF1E31923C9290F9F1C58ACD46554FBC.d.9EBC72FF515CB6892CB4054FCCB64C49.e.4658/click - {}
RESULT: {}
COMMAND: GET /session/f50b9975a2f10ce5471f2b3ac43fc49e/screenshot - {}
RESULT: {}
RESULT: undefined
COMMAND: POST /session/f50b9975a2f10ce5471f2b3ac43fc49e/execute/async - {"script":"<script> [776 bytes]","args":[{"enterText":"10001013","selector":{"controlType":"sap.m.SearchField","properties":{"placeholder":"Search"},"searchOpenDialogs":true,"interaction":{"idSuffix":"I"}},"clearTextFirst":true,"interactionType":"ENTER_TEXT"}]}
RESULT: {"script":"<script> [776 bytes]","args":[{"enterText":"10001013","selector":{"controlType":"sap.m.SearchField","properties":{"placeholder":"Search"},"searchOpenDialogs":true,"interaction":{"idSuffix":"I"}},"clearTextFirst":true,"interactionType":"ENTER_TEXT"}]}
COMMAND: POST /session/f50b9975a2f10ce5471f2b3ac43fc49e/actions - {"actions":[{"id":"action12","type":"key","parameters":{},"actions":[{"type":"keyDown","value":"î€‡"},{"type":"pause","duration":10},{"type":"keyUp","value":"î€‡"}]}]}
RESULT: {"actions":[{"id":"action12","type":"key","parameters":{},"actions":[{"type":"keyDown","value":"î€‡"},{"type":"pause","duration":10},{"type":"keyUp","value":"î€‡"}]}]}
COMMAND: GET /session/f50b9975a2f10ce5471f2b3ac43fc49e/screenshot - {}
RESULT: {}
COMMAND: POST /session/f50b9975a2f10ce5471f2b3ac43fc49e/element - {"using":"xpath","value":"//span[contains(text(), \"General Management\")]"}
RESULT: {"using":"xpath","value":"//span[contains(text(), \"General Management\")]"}
COMMAND: POST /session/f50b9975a2f10ce5471f2b3ac43fc49e/element/f.DF1E31923C9290F9F1C58ACD46554FBC.d.9EBC72FF515CB6892CB4054FCCB64C49.e.4696/click - {}
RESULT: {}
COMMAND: GET /session/f50b9975a2f10ce5471f2b3ac43fc49e/screenshot - {}
RESULT: {}
COMMAND: POST /session/f50b9975a2f10ce5471f2b3ac43fc49e/element - {"using":"xpath","value":"//bdi[contains(text(), \"OK\")]"}
RESULT: {"using":"xpath","value":"//bdi[contains(text(), \"OK\")]"}
COMMAND: POST /session/f50b9975a2f10ce5471f2b3ac43fc49e/element/f.DF1E31923C9290F9F1C58ACD46554FBC.d.9EBC72FF515CB6892CB4054FCCB64C49.e.4697/click - {}
RESULT: {}
COMMAND: GET /session/f50b9975a2f10ce5471f2b3ac43fc49e/screenshot - {}
RESULT: {}
COMMAND: POST /session/f50b9975a2f10ce5471f2b3ac43fc49e/element - {"using":"xpath","value":"//input[@id=\"application-managepartners-display-component---NewPartner--companyCodeComboBox-inner\"]"}
RESULT: {"using":"xpath","value":"//input[@id=\"application-managepartners-display-component---NewPartner--companyCodeComboBox-inner\"]"}
COMMAND: POST /session/f50b9975a2f10ce5471f2b3ac43fc49e/element/f.DF1E31923C9290F9F1C58ACD46554FBC.d.9EBC72FF515CB6892CB4054FCCB64C49.e.4490/clear - {}
RESULT: {}
COMMAND: POST /session/f50b9975a2f10ce5471f2b3ac43fc49e/element/f.DF1E31923C9290F9F1C58ACD46554FBC.d.9EBC72FF515CB6892CB4054FCCB64C49.e.4490/value - {"text":"1000"}
COMMAND: GET /session/f50b9975a2f10ce5471f2b3ac43fc49e/screenshot - {}
RESULT: {"text":"1000"}
COMMAND: GET /session/f50b9975a2f10ce5471f2b3ac43fc49e/screenshot - {}
RESULT: {}
RESULT: {}
COMMAND: POST /session/f50b9975a2f10ce5471f2b3ac43fc49e/element - {"using":"xpath","value":"//span[contains(text(), \"1000\")]"}
RESULT: {"using":"xpath","value":"//span[contains(text(), \"1000\")]"}
COMMAND: POST /session/f50b9975a2f10ce5471f2b3ac43fc49e/element/f.DF1E31923C9290F9F1C58ACD46554FBC.d.9EBC72FF515CB6892CB4054FCCB64C49.e.4703/click - {}
RESULT: {}
COMMAND: GET /session/f50b9975a2f10ce5471f2b3ac43fc49e/screenshot - {}
RESULT: {}
COMMAND: POST /session/f50b9975a2f10ce5471f2b3ac43fc49e/execute/async - {"script":"<script> [1562 bytes]","args":[{"selector":{"id":"application-managepartners-display-component---NewPartner--btnAddTableRow-img"},"wdio_ui5_key":"applicationmanagepartners-display-component---NewPartner--btnAddTableRow-img"}]}
RESULT: {"script":"<script> [1562 bytes]","args":[{"selector":{"id":"application-managepartners-display-component---NewPartner--btnAddTableRow-img"},"wdio_ui5_key":"applicationmanagepartners-display-component---NewPartner--btnAddTableRow-img"}]}
RESULT: undefined
COMMAND: POST /session/f50b9975a2f10ce5471f2b3ac43fc49e/element - {"using":"xpath","value":"//*[@id=\"application-managepartners-display-component---NewPartner--btnAddTableRow-img\"]"}
RESULT: {"using":"xpath","value":"//*[@id=\"application-managepartners-display-component---NewPartner--btnAddTableRow-img\"]"}
COMMAND: POST /session/f50b9975a2f10ce5471f2b3ac43fc49e/element/f.DF1E31923C9290F9F1C58ACD46554FBC.d.9EBC72FF515CB6892CB4054FCCB64C49.e.4704/click - {}
RESULT: {}
COMMAND: GET /session/f50b9975a2f10ce5471f2b3ac43fc49e/screenshot - {}
RESULT: {}
COMMAND: POST /session/f50b9975a2f10ce5471f2b3ac43fc49e/element - {"using":"xpath","value":"//input[@id=\"application-managepartners-display-component---NewPartner--assignmentYard-application-managepartners-display-component---NewPartner--assignmentsTable-0-inner\"]"}
RESULT: {"using":"xpath","value":"//input[@id=\"application-managepartners-display-component---NewPartner--assignmentYard-application-managepartners-display-component---NewPartner--assignmentsTable-0-inner\"]"}
COMMAND: POST /session/f50b9975a2f10ce5471f2b3ac43fc49e/element/f.DF1E31923C9290F9F1C58ACD46554FBC.d.9EBC72FF515CB6892CB4054FCCB64C49.e.4707/clear - {}
RESULT: {}
COMMAND: POST /session/f50b9975a2f10ce5471f2b3ac43fc49e/element/f.DF1E31923C9290F9F1C58ACD46554FBC.d.9EBC72FF515CB6892CB4054FCCB64C49.e.4707/value - {"text":"267"}
COMMAND: GET /session/f50b9975a2f10ce5471f2b3ac43fc49e/screenshot - {}
RESULT: {"text":"267"}
COMMAND: GET /session/f50b9975a2f10ce5471f2b3ac43fc49e/screenshot - {}
RESULT: {}
RESULT: {}
COMMAND: POST /session/f50b9975a2f10ce5471f2b3ac43fc49e/element - {"using":"xpath","value":"//li[.//span[text()='267']]"}
RESULT: {"using":"xpath","value":"//li[.//span[text()='267']]"}
COMMAND: POST /session/f50b9975a2f10ce5471f2b3ac43fc49e/element/f.DF1E31923C9290F9F1C58ACD46554FBC.d.9EBC72FF515CB6892CB4054FCCB64C49.e.4716/click - {}
RESULT: {}
COMMAND: GET /session/f50b9975a2f10ce5471f2b3ac43fc49e/screenshot - {}
RESULT: {}
COMMAND: POST /session/f50b9975a2f10ce5471f2b3ac43fc49e/actions - {"actions":[{"id":"action13","type":"key","parameters":{},"actions":[{"type":"keyDown","value":"î€‡"},{"type":"pause","duration":10},{"type":"keyUp","value":"î€‡"}]}]}
RESULT: {"actions":[{"id":"action13","type":"key","parameters":{},"actions":[{"type":"keyDown","value":"î€‡"},{"type":"pause","duration":10},{"type":"keyUp","value":"î€‡"}]}]}
COMMAND: POST /session/f50b9975a2f10ce5471f2b3ac43fc49e/execute/async - {"script":"<script> [1562 bytes]","args":[{"selector":{"id":"application-managepartners-display-component---NewPartner--externalCustomerComboBox-application-managepartners-display-component---NewPartner--assignmentsTable-0-vhi"},"wdio_ui5_key":"applicationmanagepartners-display-component---NewPartner--externalCustomerComboBox-application-managepartners-display-component---NewPartner--assignmentsTable-0-vhi"}]}
COMMAND: GET /session/f50b9975a2f10ce5471f2b3ac43fc49e/screenshot - {}
RESULT: {"script":"<script> [1562 bytes]","args":[{"selector":{"id":"application-managepartners-display-component---NewPartner--externalCustomerComboBox-application-managepartners-display-component---NewPartner--assignmentsTable-0-vhi"},"wdio_ui5_key":"applicationmanagepartners-display-component---NewPartner--externalCustomerComboBox-application-managepartners-display-component---NewPartner--assignmentsTable-0-vhi"}]}
RESULT: undefined
COMMAND: POST /session/f50b9975a2f10ce5471f2b3ac43fc49e/element - {"using":"xpath","value":"//*[@id=\"application-managepartners-display-component---NewPartner--externalCustomerComboBox-application-managepartners-display-component---NewPartner--assignmentsTable-0-vhi\"]"}
RESULT: {}
RESULT: {"using":"xpath","value":"//*[@id=\"application-managepartners-display-component---NewPartner--externalCustomerComboBox-application-managepartners-display-component---NewPartner--assignmentsTable-0-vhi\"]"}
COMMAND: POST /session/f50b9975a2f10ce5471f2b3ac43fc49e/element/f.DF1E31923C9290F9F1C58ACD46554FBC.d.9EBC72FF515CB6892CB4054FCCB64C49.e.4720/click - {}
RESULT: {}
RESULT: undefined
COMMAND: POST /session/f50b9975a2f10ce5471f2b3ac43fc49e/execute/async - {"script":"<script> [776 bytes]","args":[{"enterText":"300003","selector":{"controlType":"sap.m.SearchField","properties":{"placeholder":"Search"},"searchOpenDialogs":true,"interaction":{"idSuffix":"I"}},"clearTextFirst":true,"interactionType":"ENTER_TEXT"}]}
COMMAND: GET /session/f50b9975a2f10ce5471f2b3ac43fc49e/screenshot - {}
RESULT: {"script":"<script> [776 bytes]","args":[{"enterText":"300003","selector":{"controlType":"sap.m.SearchField","properties":{"placeholder":"Search"},"searchOpenDialogs":true,"interaction":{"idSuffix":"I"}},"clearTextFirst":true,"interactionType":"ENTER_TEXT"}]}
COMMAND: POST /session/f50b9975a2f10ce5471f2b3ac43fc49e/actions - {"actions":[{"id":"action14","type":"key","parameters":{},"actions":[{"type":"keyDown","value":"î€‡"},{"type":"pause","duration":10},{"type":"keyUp","value":"î€‡"}]}]}
RESULT: {}
RESULT: {"actions":[{"id":"action14","type":"key","parameters":{},"actions":[{"type":"keyDown","value":"î€‡"},{"type":"pause","duration":10},{"type":"keyUp","value":"î€‡"}]}]}
COMMAND: GET /session/f50b9975a2f10ce5471f2b3ac43fc49e/screenshot - {}
RESULT: {}
COMMAND: POST /session/f50b9975a2f10ce5471f2b3ac43fc49e/element - {"using":"xpath","value":"//span[contains(text(), \"300003\")]"}
RESULT: {"using":"xpath","value":"//span[contains(text(), \"300003\")]"}
COMMAND: POST /session/f50b9975a2f10ce5471f2b3ac43fc49e/element/f.DF1E31923C9290F9F1C58ACD46554FBC.d.9EBC72FF515CB6892CB4054FCCB64C49.e.4736/click - {}
RESULT: {}
COMMAND: GET /session/f50b9975a2f10ce5471f2b3ac43fc49e/screenshot - {}
RESULT: {}
COMMAND: POST /session/f50b9975a2f10ce5471f2b3ac43fc49e/element - {"using":"xpath","value":"//bdi[contains(text(), \"OK\")]"}
RESULT: {"using":"xpath","value":"//bdi[contains(text(), \"OK\")]"}
COMMAND: POST /session/f50b9975a2f10ce5471f2b3ac43fc49e/element/f.DF1E31923C9290F9F1C58ACD46554FBC.d.9EBC72FF515CB6892CB4054FCCB64C49.e.4738/click - {}
RESULT: {}
COMMAND: GET /session/f50b9975a2f10ce5471f2b3ac43fc49e/screenshot - {}
RESULT: {}
COMMAND: POST /session/f50b9975a2f10ce5471f2b3ac43fc49e/execute/async - {"script":"<script> [1562 bytes]","args":[{"selector":{"id":"application-managepartners-display-component---NewPartner--intercompVendorComboBox-application-managepartners-display-component---NewPartner--assignmentsTable-0-vhi"},"wdio_ui5_key":"applicationmanagepartners-display-component---NewPartner--intercompVendorComboBox-application-managepartners-display-component---NewPartner--assignmentsTable-0-vhi"}]}
RESULT: {"script":"<script> [1562 bytes]","args":[{"selector":{"id":"application-managepartners-display-component---NewPartner--intercompVendorComboBox-application-managepartners-display-component---NewPartner--assignmentsTable-0-vhi"},"wdio_ui5_key":"applicationmanagepartners-display-component---NewPartner--intercompVendorComboBox-application-managepartners-display-component---NewPartner--assignmentsTable-0-vhi"}]}
RESULT: undefined
COMMAND: POST /session/f50b9975a2f10ce5471f2b3ac43fc49e/element - {"using":"xpath","value":"//*[@id=\"application-managepartners-display-component---NewPartner--intercompVendorComboBox-application-managepartners-display-component---NewPartner--assignmentsTable-0-vhi\"]"}
RESULT: {"using":"xpath","value":"//*[@id=\"application-managepartners-display-component---NewPartner--intercompVendorComboBox-application-managepartners-display-component---NewPartner--assignmentsTable-0-vhi\"]"}
COMMAND: POST /session/f50b9975a2f10ce5471f2b3ac43fc49e/element/f.DF1E31923C9290F9F1C58ACD46554FBC.d.9EBC72FF515CB6892CB4054FCCB64C49.e.4741/click - {}
RESULT: {}
RESULT: undefined
COMMAND: POST /session/f50b9975a2f10ce5471f2b3ac43fc49e/execute/async - {"script":"<script> [776 bytes]","args":[{"enterText":"100005","selector":{"controlType":"sap.m.SearchField","properties":{"placeholder":"Search"},"searchOpenDialogs":true,"interaction":{"idSuffix":"I"}},"clearTextFirst":true,"interactionType":"ENTER_TEXT"}]}
COMMAND: GET /session/f50b9975a2f10ce5471f2b3ac43fc49e/screenshot - {}
RESULT: {"script":"<script> [776 bytes]","args":[{"enterText":"100005","selector":{"controlType":"sap.m.SearchField","properties":{"placeholder":"Search"},"searchOpenDialogs":true,"interaction":{"idSuffix":"I"}},"clearTextFirst":true,"interactionType":"ENTER_TEXT"}]}
COMMAND: POST /session/f50b9975a2f10ce5471f2b3ac43fc49e/actions - {"actions":[{"id":"action15","type":"key","parameters":{},"actions":[{"type":"keyDown","value":"î€‡"},{"type":"pause","duration":10},{"type":"keyUp","value":"î€‡"}]}]}
RESULT: {}
RESULT: {"actions":[{"id":"action15","type":"key","parameters":{},"actions":[{"type":"keyDown","value":"î€‡"},{"type":"pause","duration":10},{"type":"keyUp","value":"î€‡"}]}]}
COMMAND: GET /session/f50b9975a2f10ce5471f2b3ac43fc49e/screenshot - {}
RESULT: {}
COMMAND: POST /session/f50b9975a2f10ce5471f2b3ac43fc49e/element - {"using":"xpath","value":"//span[contains(text(), \"Penguins - Field/12345 Berlin\")]"}
RESULT: {"using":"xpath","value":"//span[contains(text(), \"Penguins - Field/12345 Berlin\")]"}
COMMAND: POST /session/f50b9975a2f10ce5471f2b3ac43fc49e/element/f.DF1E31923C9290F9F1C58ACD46554FBC.d.9EBC72FF515CB6892CB4054FCCB64C49.e.4758/click - {}
RESULT: {}
COMMAND: GET /session/f50b9975a2f10ce5471f2b3ac43fc49e/screenshot - {}
RESULT: {}
COMMAND: POST /session/f50b9975a2f10ce5471f2b3ac43fc49e/element - {"using":"xpath","value":"//bdi[contains(text(), \"OK\")]"}
RESULT: {"using":"xpath","value":"//bdi[contains(text(), \"OK\")]"}
COMMAND: POST /session/f50b9975a2f10ce5471f2b3ac43fc49e/element/f.DF1E31923C9290F9F1C58ACD46554FBC.d.9EBC72FF515CB6892CB4054FCCB64C49.e.4759/click - {}
RESULT: {}
COMMAND: GET /session/f50b9975a2f10ce5471f2b3ac43fc49e/screenshot - {}
RESULT: {}
COMMAND: POST /session/f50b9975a2f10ce5471f2b3ac43fc49e/element - {"using":"xpath","value":"//button[@data-kt=\"saveButton\"]"}
RESULT: {"using":"xpath","value":"//button[@data-kt=\"saveButton\"]"}
COMMAND: POST /session/f50b9975a2f10ce5471f2b3ac43fc49e/element/f.DF1E31923C9290F9F1C58ACD46554FBC.d.9EBC72FF515CB6892CB4054FCCB64C49.e.4615/click - {}
RESULT: {}
COMMAND: GET /session/f50b9975a2f10ce5471f2b3ac43fc49e/screenshot - {}
RESULT: {}
COMMAND: POST /session/f50b9975a2f10ce5471f2b3ac43fc49e/element - {"using":"xpath","value":"//header[contains(@id, 'ObjectPageLayout-headerTitle')]/div[1]/div[2]/div[2]/span[1]"}
RESULT: {"using":"xpath","value":"//header[contains(@id, 'ObjectPageLayout-headerTitle')]/div[1]/div[2]/div[2]/span[1]"}
COMMAND: POST /session/f50b9975a2f10ce5471f2b3ac43fc49e/elements - {"using":"xpath","value":"//header[contains(@id, 'ObjectPageLayout-headerTitle')]/div[1]/div[2]/div[2]/span[1]"}
RESULT: {"using":"xpath","value":"//header[contains(@id, 'ObjectPageLayout-headerTitle')]/div[1]/div[2]/div[2]/span[1]"}
COMMAND: POST /session/f50b9975a2f10ce5471f2b3ac43fc49e/execute/sync - {"script":"<script> [56 bytes]","args":[{"element-6066-11e4-a52e-4f735466cecf":"f.DF1E31923C9290F9F1C58ACD46554FBC.d.9EBC72FF515CB6892CB4054FCCB64C49.e.4921","ELEMENT":"f.DF1E31923C9290F9F1C58ACD46554FBC.d.9EBC72FF515CB6892CB4054FCCB64C49.e.4921"}]}
RESULT: {"script":"<script> [56 bytes]","args":[{"element-6066-11e4-a52e-4f735466cecf":"f.DF1E31923C9290F9F1C58ACD46554FBC.d.9EBC72FF515CB6892CB4054FCCB64C49.e.4921","ELEMENT":"f.DF1E31923C9290F9F1C58ACD46554FBC.d.9EBC72FF515CB6892CB4054FCCB64C49.e.4921"}]}
COMMAND: POST /session/f50b9975a2f10ce5471f2b3ac43fc49e/element - {"using":"css selector","value":"#shell-header-logo"}
COMMAND: GET /session/f50b9975a2f10ce5471f2b3ac43fc49e/screenshot - {}
RESULT: {"using":"css selector","value":"#shell-header-logo"}
COMMAND: POST /session/f50b9975a2f10ce5471f2b3ac43fc49e/element/f.DF1E31923C9290F9F1C58ACD46554FBC.d.9EBC72FF515CB6892CB4054FCCB64C49.e.4147/click - {}
RESULT: {}
RESULT: {}
COMMAND: GET /session/f50b9975a2f10ce5471f2b3ac43fc49e/screenshot - {}
RESULT: {}
COMMAND: POST /session/f50b9975a2f10ce5471f2b3ac43fc49e/execute/sync - {"script":"<script> [299 bytes]","args":[["getModel","getResource"]]}
RESULT: {"script":"<script> [299 bytes]","args":[["getModel","getResource"]]}
COMMAND: GET /session/f50b9975a2f10ce5471f2b3ac43fc49e/screenshot - {}
]]></system-out>
    </testcase>
    <testcase classname="chrome.135_0_7049_96.windows.Billing_Transfer_-_Intracompany_US127249" name="Should create a new site" time="73.184">
      <system-out><![CDATA[
COMMAND: POST /session/f50b9975a2f10ce5471f2b3ac43fc49e/execute/async - {"script":"<script> [1562 bytes]","args":[{"selector":{"controlType":"sap.m.TileContent","bindingPath":{"path":"","propertyPath":"/properties/info"},"ancestor":{"controlType":"sap.m.GenericTile","properties":{"header":"Manage Sites"}}},"wdio_ui5_key":"sapm.TileContent{\"path\":\"\",\"propertyPath\":\"/properties/info\"}{\"controlType\":\"sap.m.GenericTile\",\"properties\":{\"header\":\"Manage Sites\"}}"}]}
RESULT: {}
RESULT: {"script":"<script> [1562 bytes]","args":[{"selector":{"controlType":"sap.m.TileContent","bindingPath":{"path":"","propertyPath":"/properties/info"},"ancestor":{"controlType":"sap.m.GenericTile","properties":{"header":"Manage Sites"}}},"wdio_ui5_key":"sapm.TileContent{\"path\":\"\",\"propertyPath\":\"/properties/info\"}{\"controlType\":\"sap.m.GenericTile\",\"properties\":{\"header\":\"Manage Sites\"}}"}]}
RESULT: undefined
COMMAND: POST /session/f50b9975a2f10ce5471f2b3ac43fc49e/element - {"using":"xpath","value":"//*[@id=\"__xmlview7--numericTileContent\"]"}
RESULT: {"using":"xpath","value":"//*[@id=\"__xmlview7--numericTileContent\"]"}
COMMAND: POST /session/f50b9975a2f10ce5471f2b3ac43fc49e/element/f.DF1E31923C9290F9F1C58ACD46554FBC.d.9EBC72FF515CB6892CB4054FCCB64C49.e.4923/click - {}
RESULT: {}
COMMAND: POST /session/f50b9975a2f10ce5471f2b3ac43fc49e/element - {"using":"xpath","value":"//button[@data-kt=\"addOverflowToolbarButton\"]"}
COMMAND: GET /session/f50b9975a2f10ce5471f2b3ac43fc49e/screenshot - {}
RESULT: {"using":"xpath","value":"//button[@data-kt=\"addOverflowToolbarButton\"]"}
COMMAND: POST /session/f50b9975a2f10ce5471f2b3ac43fc49e/elements - {"using":"xpath","value":"//button[@data-kt=\"addOverflowToolbarButton\"]"}
RESULT: {}
RESULT: {"using":"xpath","value":"//button[@data-kt=\"addOverflowToolbarButton\"]"}
COMMAND: POST /session/f50b9975a2f10ce5471f2b3ac43fc49e/elements - {"using":"xpath","value":"//button[@data-kt=\"addOverflowToolbarButton\"]"}
RESULT: {"using":"xpath","value":"//button[@data-kt=\"addOverflowToolbarButton\"]"}
COMMAND: POST /session/f50b9975a2f10ce5471f2b3ac43fc49e/element - {"using":"xpath","value":"//button[@data-kt=\"addOverflowToolbarButton\"]"}
RESULT: {"using":"xpath","value":"//button[@data-kt=\"addOverflowToolbarButton\"]"}
COMMAND: POST /session/f50b9975a2f10ce5471f2b3ac43fc49e/execute/sync - {"script":"<script> [8489 bytes]","args":[{"element-6066-11e4-a52e-4f735466cecf":"f.DF1E31923C9290F9F1C58ACD46554FBC.d.9EBC72FF515CB6892CB4054FCCB64C49.e.4969","ELEMENT":"f.DF1E31923C9290F9F1C58ACD46554FBC.d.9EBC72FF515CB6892CB4054FCCB64C49.e.4969"}]}
RESULT: {"script":"<script> [8489 bytes]","args":[{"element-6066-11e4-a52e-4f735466cecf":"f.DF1E31923C9290F9F1C58ACD46554FBC.d.9EBC72FF515CB6892CB4054FCCB64C49.e.4969","ELEMENT":"f.DF1E31923C9290F9F1C58ACD46554FBC.d.9EBC72FF515CB6892CB4054FCCB64C49.e.4969"}]}
COMMAND: GET /session/f50b9975a2f10ce5471f2b3ac43fc49e/element/f.DF1E31923C9290F9F1C58ACD46554FBC.d.9EBC72FF515CB6892CB4054FCCB64C49.e.4969/enabled - {}
COMMAND: GET /session/f50b9975a2f10ce5471f2b3ac43fc49e/screenshot - {}
RESULT: {}
COMMAND: POST /session/f50b9975a2f10ce5471f2b3ac43fc49e/execute/sync - {"script":"<script> [8489 bytes]","args":[{"element-6066-11e4-a52e-4f735466cecf":"f.DF1E31923C9290F9F1C58ACD46554FBC.d.9EBC72FF515CB6892CB4054FCCB64C49.e.4969","ELEMENT":"f.DF1E31923C9290F9F1C58ACD46554FBC.d.9EBC72FF515CB6892CB4054FCCB64C49.e.4969"}]}
COMMAND: GET /session/f50b9975a2f10ce5471f2b3ac43fc49e/screenshot - {}
RESULT: {}
RESULT: {"script":"<script> [8489 bytes]","args":[{"element-6066-11e4-a52e-4f735466cecf":"f.DF1E31923C9290F9F1C58ACD46554FBC.d.9EBC72FF515CB6892CB4054FCCB64C49.e.4969","ELEMENT":"f.DF1E31923C9290F9F1C58ACD46554FBC.d.9EBC72FF515CB6892CB4054FCCB64C49.e.4969"}]}
COMMAND: POST /session/f50b9975a2f10ce5471f2b3ac43fc49e/execute/sync - {"script":"<script> [5351 bytes]","args":[{"element-6066-11e4-a52e-4f735466cecf":"f.DF1E31923C9290F9F1C58ACD46554FBC.d.9EBC72FF515CB6892CB4054FCCB64C49.e.4969","ELEMENT":"f.DF1E31923C9290F9F1C58ACD46554FBC.d.9EBC72FF515CB6892CB4054FCCB64C49.e.4969"}]}
COMMAND: GET /session/f50b9975a2f10ce5471f2b3ac43fc49e/screenshot - {}
RESULT: {}
RESULT: {"script":"<script> [5351 bytes]","args":[{"element-6066-11e4-a52e-4f735466cecf":"f.DF1E31923C9290F9F1C58ACD46554FBC.d.9EBC72FF515CB6892CB4054FCCB64C49.e.4969","ELEMENT":"f.DF1E31923C9290F9F1C58ACD46554FBC.d.9EBC72FF515CB6892CB4054FCCB64C49.e.4969"}]}
COMMAND: POST /session/f50b9975a2f10ce5471f2b3ac43fc49e/element/f.DF1E31923C9290F9F1C58ACD46554FBC.d.9EBC72FF515CB6892CB4054FCCB64C49.e.4969/click - {}
COMMAND: GET /session/f50b9975a2f10ce5471f2b3ac43fc49e/screenshot - {}
RESULT: {}
RESULT: {}
COMMAND: GET /session/f50b9975a2f10ce5471f2b3ac43fc49e/screenshot - {}
RESULT: {}
RESULT: {}
COMMAND: POST /session/f50b9975a2f10ce5471f2b3ac43fc49e/execute/async - {"script":"<script> [1562 bytes]","args":[{"selector":{"id":"application-managesites-display-component---NewSite--addressDetailDetailsName1","interaction":{"idSuffix":"inner"}},"wdio_ui5_key":"applicationmanagesites-display-component---NewSite--addressDetailDetailsName1"}]}
RESULT: {"script":"<script> [1562 bytes]","args":[{"selector":{"id":"application-managesites-display-component---NewSite--addressDetailDetailsName1","interaction":{"idSuffix":"inner"}},"wdio_ui5_key":"applicationmanagesites-display-component---NewSite--addressDetailDetailsName1"}]}
RESULT: undefined
COMMAND: POST /session/f50b9975a2f10ce5471f2b3ac43fc49e/execute/async - {"script":"<script> [776 bytes]","args":[{"enterText":"Intracompany Site wdIO","selector":{"id":"application-managesites-display-component---NewSite--addressDetailDetailsName1","interaction":{"idSuffix":"inner"}},"clearTextFirst":true,"interactionType":"ENTER_TEXT"}]}
RESULT: {"script":"<script> [776 bytes]","args":[{"enterText":"Intracompany Site wdIO","selector":{"id":"application-managesites-display-component---NewSite--addressDetailDetailsName1","interaction":{"idSuffix":"inner"}},"clearTextFirst":true,"interactionType":"ENTER_TEXT"}]}
COMMAND: POST /session/f50b9975a2f10ce5471f2b3ac43fc49e/execute/async - {"script":"<script> [1562 bytes]","args":[{"selector":{"id":"application-managesites-display-component---NewSite--addressDetailDetailsLanguage-arrow"},"wdio_ui5_key":"applicationmanagesites-display-component---NewSite--addressDetailDetailsLanguage-arrow"}]}
RESULT: {"script":"<script> [1562 bytes]","args":[{"selector":{"id":"application-managesites-display-component---NewSite--addressDetailDetailsLanguage-arrow"},"wdio_ui5_key":"applicationmanagesites-display-component---NewSite--addressDetailDetailsLanguage-arrow"}]}
RESULT: undefined
COMMAND: POST /session/f50b9975a2f10ce5471f2b3ac43fc49e/element - {"using":"xpath","value":"//*[@id=\"application-managesites-display-component---NewSite--addressDetailDetailsLanguage-arrow\"]"}
RESULT: {"using":"xpath","value":"//*[@id=\"application-managesites-display-component---NewSite--addressDetailDetailsLanguage-arrow\"]"}
COMMAND: POST /session/f50b9975a2f10ce5471f2b3ac43fc49e/element/f.DF1E31923C9290F9F1C58ACD46554FBC.d.9EBC72FF515CB6892CB4054FCCB64C49.e.5373/click - {}
RESULT: {}
COMMAND: POST /session/f50b9975a2f10ce5471f2b3ac43fc49e/element - {"using":"xpath","value":"//span[contains(text(), \"English\")]"}
COMMAND: GET /session/f50b9975a2f10ce5471f2b3ac43fc49e/screenshot - {}
RESULT: {"using":"xpath","value":"//span[contains(text(), \"English\")]"}
COMMAND: POST /session/f50b9975a2f10ce5471f2b3ac43fc49e/element/f.DF1E31923C9290F9F1C58ACD46554FBC.d.9EBC72FF515CB6892CB4054FCCB64C49.e.5374/click - {}
RESULT: {}
RESULT: {}
COMMAND: POST /session/f50b9975a2f10ce5471f2b3ac43fc49e/execute/async - {"script":"<script> [1562 bytes]","args":[{"selector":{"id":"application-managesites-display-component---NewSite--addressDetailDetailsCity1","interaction":{"idSuffix":"inner"}},"wdio_ui5_key":"applicationmanagesites-display-component---NewSite--addressDetailDetailsCity1"}]}
COMMAND: GET /session/f50b9975a2f10ce5471f2b3ac43fc49e/screenshot - {}
RESULT: {"script":"<script> [1562 bytes]","args":[{"selector":{"id":"application-managesites-display-component---NewSite--addressDetailDetailsCity1","interaction":{"idSuffix":"inner"}},"wdio_ui5_key":"applicationmanagesites-display-component---NewSite--addressDetailDetailsCity1"}]}
RESULT: undefined
COMMAND: POST /session/f50b9975a2f10ce5471f2b3ac43fc49e/execute/async - {"script":"<script> [776 bytes]","args":[{"enterText":"Rosario","selector":{"id":"application-managesites-display-component---NewSite--addressDetailDetailsCity1","interaction":{"idSuffix":"inner"}},"clearTextFirst":true,"interactionType":"ENTER_TEXT"}]}
RESULT: {}
RESULT: {"script":"<script> [776 bytes]","args":[{"enterText":"Rosario","selector":{"id":"application-managesites-display-component---NewSite--addressDetailDetailsCity1","interaction":{"idSuffix":"inner"}},"clearTextFirst":true,"interactionType":"ENTER_TEXT"}]}
COMMAND: POST /session/f50b9975a2f10ce5471f2b3ac43fc49e/execute/async - {"script":"<script> [1562 bytes]","args":[{"selector":{"id":"application-managesites-display-component---NewSite--addressDetailDetailsCountry-arrow"},"wdio_ui5_key":"applicationmanagesites-display-component---NewSite--addressDetailDetailsCountry-arrow"}]}
RESULT: {"script":"<script> [1562 bytes]","args":[{"selector":{"id":"application-managesites-display-component---NewSite--addressDetailDetailsCountry-arrow"},"wdio_ui5_key":"applicationmanagesites-display-component---NewSite--addressDetailDetailsCountry-arrow"}]}
RESULT: undefined
COMMAND: POST /session/f50b9975a2f10ce5471f2b3ac43fc49e/element - {"using":"xpath","value":"//*[@id=\"application-managesites-display-component---NewSite--addressDetailDetailsCountry-arrow\"]"}
RESULT: {"using":"xpath","value":"//*[@id=\"application-managesites-display-component---NewSite--addressDetailDetailsCountry-arrow\"]"}
COMMAND: POST /session/f50b9975a2f10ce5471f2b3ac43fc49e/element/f.DF1E31923C9290F9F1C58ACD46554FBC.d.9EBC72FF515CB6892CB4054FCCB64C49.e.5376/click - {}
RESULT: {}
COMMAND: POST /session/f50b9975a2f10ce5471f2b3ac43fc49e/element - {"using":"xpath","value":"//span[contains(text(), \"Argentina\")]"}
COMMAND: GET /session/f50b9975a2f10ce5471f2b3ac43fc49e/screenshot - {}
RESULT: {"using":"xpath","value":"//span[contains(text(), \"Argentina\")]"}
COMMAND: POST /session/f50b9975a2f10ce5471f2b3ac43fc49e/element/f.DF1E31923C9290F9F1C58ACD46554FBC.d.9EBC72FF515CB6892CB4054FCCB64C49.e.5377/click - {}
RESULT: {}
RESULT: {}
COMMAND: GET /session/f50b9975a2f10ce5471f2b3ac43fc49e/screenshot - {}
RESULT: {}
COMMAND: POST /session/f50b9975a2f10ce5471f2b3ac43fc49e/execute/async - {"script":"<script> [1562 bytes]","args":[{"selector":{"id":"application-managesites-display-component---NewSite--addressEditDetailsCostObjectCstType-arrow"},"wdio_ui5_key":"applicationmanagesites-display-component---NewSite--addressEditDetailsCostObjectCstType-arrow"}]}
RESULT: {"script":"<script> [1562 bytes]","args":[{"selector":{"id":"application-managesites-display-component---NewSite--addressEditDetailsCostObjectCstType-arrow"},"wdio_ui5_key":"applicationmanagesites-display-component---NewSite--addressEditDetailsCostObjectCstType-arrow"}]}
RESULT: undefined
COMMAND: POST /session/f50b9975a2f10ce5471f2b3ac43fc49e/element - {"using":"xpath","value":"//*[@id=\"application-managesites-display-component---NewSite--addressEditDetailsCostObjectCstType-arrow\"]"}
RESULT: {"using":"xpath","value":"//*[@id=\"application-managesites-display-component---NewSite--addressEditDetailsCostObjectCstType-arrow\"]"}
COMMAND: POST /session/f50b9975a2f10ce5471f2b3ac43fc49e/element/f.DF1E31923C9290F9F1C58ACD46554FBC.d.9EBC72FF515CB6892CB4054FCCB64C49.e.5379/click - {}
RESULT: {}
COMMAND: POST /session/f50b9975a2f10ce5471f2b3ac43fc49e/element - {"using":"xpath","value":"//span[contains(text(), \"Cost Center\")]"}
COMMAND: GET /session/f50b9975a2f10ce5471f2b3ac43fc49e/screenshot - {}
RESULT: {"using":"xpath","value":"//span[contains(text(), \"Cost Center\")]"}
COMMAND: POST /session/f50b9975a2f10ce5471f2b3ac43fc49e/element/f.DF1E31923C9290F9F1C58ACD46554FBC.d.9EBC72FF515CB6892CB4054FCCB64C49.e.5380/click - {}
RESULT: {}
RESULT: {}
COMMAND: GET /session/f50b9975a2f10ce5471f2b3ac43fc49e/screenshot - {}
RESULT: {}
COMMAND: POST /session/f50b9975a2f10ce5471f2b3ac43fc49e/element - {"using":"xpath","value":"//span[@id=\"application-managesites-display-component---NewSite--addressNewCostObjectCstID-vhi\"]"}
RESULT: {"using":"xpath","value":"//span[@id=\"application-managesites-display-component---NewSite--addressNewCostObjectCstID-vhi\"]"}
COMMAND: POST /session/f50b9975a2f10ce5471f2b3ac43fc49e/execute/sync - {"script":"<script> [8489 bytes]","args":[{"element-6066-11e4-a52e-4f735466cecf":"f.DF1E31923C9290F9F1C58ACD46554FBC.d.9EBC72FF515CB6892CB4054FCCB64C49.e.5385","ELEMENT":"f.DF1E31923C9290F9F1C58ACD46554FBC.d.9EBC72FF515CB6892CB4054FCCB64C49.e.5385"}]}
RESULT: {"script":"<script> [8489 bytes]","args":[{"element-6066-11e4-a52e-4f735466cecf":"f.DF1E31923C9290F9F1C58ACD46554FBC.d.9EBC72FF515CB6892CB4054FCCB64C49.e.5385","ELEMENT":"f.DF1E31923C9290F9F1C58ACD46554FBC.d.9EBC72FF515CB6892CB4054FCCB64C49.e.5385"}]}
COMMAND: POST /session/f50b9975a2f10ce5471f2b3ac43fc49e/execute/async - {"script":"<script> [1562 bytes]","args":[{"selector":{"id":"application-managesites-display-component---NewSite--addressNewCostObjectCstID-vhi"},"wdio_ui5_key":"applicationmanagesites-display-component---NewSite--addressNewCostObjectCstID-vhi"}]}
COMMAND: GET /session/f50b9975a2f10ce5471f2b3ac43fc49e/screenshot - {}
RESULT: {"script":"<script> [1562 bytes]","args":[{"selector":{"id":"application-managesites-display-component---NewSite--addressNewCostObjectCstID-vhi"},"wdio_ui5_key":"applicationmanagesites-display-component---NewSite--addressNewCostObjectCstID-vhi"}]}
RESULT: undefined
COMMAND: POST /session/f50b9975a2f10ce5471f2b3ac43fc49e/element - {"using":"xpath","value":"//*[@id=\"application-managesites-display-component---NewSite--addressNewCostObjectCstID-vhi\"]"}
RESULT: {}
RESULT: {"using":"xpath","value":"//*[@id=\"application-managesites-display-component---NewSite--addressNewCostObjectCstID-vhi\"]"}
COMMAND: POST /session/f50b9975a2f10ce5471f2b3ac43fc49e/element/f.DF1E31923C9290F9F1C58ACD46554FBC.d.9EBC72FF515CB6892CB4054FCCB64C49.e.5385/click - {}
RESULT: {}
COMMAND: GET /session/f50b9975a2f10ce5471f2b3ac43fc49e/screenshot - {}
RESULT: {}
RESULT: undefined
COMMAND: POST /session/f50b9975a2f10ce5471f2b3ac43fc49e/execute/async - {"script":"<script> [776 bytes]","args":[{"enterText":"10001013","selector":{"controlType":"sap.m.SearchField","properties":{"placeholder":"Search"},"searchOpenDialogs":true,"interaction":{"idSuffix":"I"}},"clearTextFirst":true,"interactionType":"ENTER_TEXT"}]}
RESULT: {"script":"<script> [776 bytes]","args":[{"enterText":"10001013","selector":{"controlType":"sap.m.SearchField","properties":{"placeholder":"Search"},"searchOpenDialogs":true,"interaction":{"idSuffix":"I"}},"clearTextFirst":true,"interactionType":"ENTER_TEXT"}]}
COMMAND: POST /session/f50b9975a2f10ce5471f2b3ac43fc49e/actions - {"actions":[{"id":"action16","type":"key","parameters":{},"actions":[{"type":"keyDown","value":"î€‡"},{"type":"pause","duration":10},{"type":"keyUp","value":"î€‡"}]}]}
RESULT: {"actions":[{"id":"action16","type":"key","parameters":{},"actions":[{"type":"keyDown","value":"î€‡"},{"type":"pause","duration":10},{"type":"keyUp","value":"î€‡"}]}]}
COMMAND: GET /session/f50b9975a2f10ce5471f2b3ac43fc49e/screenshot - {}
RESULT: {}
COMMAND: POST /session/f50b9975a2f10ce5471f2b3ac43fc49e/element - {"using":"xpath","value":"//span[contains(text(), \"General Management\")]"}
RESULT: {"using":"xpath","value":"//span[contains(text(), \"General Management\")]"}
COMMAND: POST /session/f50b9975a2f10ce5471f2b3ac43fc49e/element/f.DF1E31923C9290F9F1C58ACD46554FBC.d.9EBC72FF515CB6892CB4054FCCB64C49.e.5425/click - {}
RESULT: {}
COMMAND: GET /session/f50b9975a2f10ce5471f2b3ac43fc49e/screenshot - {}
RESULT: {}
COMMAND: POST /session/f50b9975a2f10ce5471f2b3ac43fc49e/element - {"using":"xpath","value":"//bdi[contains(text(), \"OK\")]"}
RESULT: {"using":"xpath","value":"//bdi[contains(text(), \"OK\")]"}
COMMAND: POST /session/f50b9975a2f10ce5471f2b3ac43fc49e/element/f.DF1E31923C9290F9F1C58ACD46554FBC.d.9EBC72FF515CB6892CB4054FCCB64C49.e.5426/click - {}
RESULT: {}
COMMAND: GET /session/f50b9975a2f10ce5471f2b3ac43fc49e/screenshot - {}
RESULT: {}
COMMAND: POST /session/f50b9975a2f10ce5471f2b3ac43fc49e/element - {"using":"xpath","value":"//input[@id=\"application-managesites-display-component---NewSite--addressDetailDetailsCalendar-inner\"]"}
RESULT: {"using":"xpath","value":"//input[@id=\"application-managesites-display-component---NewSite--addressDetailDetailsCalendar-inner\"]"}
COMMAND: POST /session/f50b9975a2f10ce5471f2b3ac43fc49e/element/f.DF1E31923C9290F9F1C58ACD46554FBC.d.9EBC72FF515CB6892CB4054FCCB64C49.e.5170/clear - {}
RESULT: {}
COMMAND: POST /session/f50b9975a2f10ce5471f2b3ac43fc49e/element/f.DF1E31923C9290F9F1C58ACD46554FBC.d.9EBC72FF515CB6892CB4054FCCB64C49.e.5170/value - {"text":"Unit"}
COMMAND: GET /session/f50b9975a2f10ce5471f2b3ac43fc49e/screenshot - {}
RESULT: {"text":"Unit"}
COMMAND: GET /session/f50b9975a2f10ce5471f2b3ac43fc49e/screenshot - {}
RESULT: {}
RESULT: {}
COMMAND: POST /session/f50b9975a2f10ce5471f2b3ac43fc49e/actions - {"actions":[{"id":"action17","type":"key","parameters":{},"actions":[{"type":"keyDown","value":"î€‡"},{"type":"pause","duration":10},{"type":"keyUp","value":"î€‡"}]}]}
RESULT: {"actions":[{"id":"action17","type":"key","parameters":{},"actions":[{"type":"keyDown","value":"î€‡"},{"type":"pause","duration":10},{"type":"keyUp","value":"î€‡"}]}]}
COMMAND: POST /session/f50b9975a2f10ce5471f2b3ac43fc49e/element - {"using":"xpath","value":"//input[@id=\"application-managesites-display-component---NewSite--addressDetailDetailsYard-inner\"]"}
COMMAND: GET /session/f50b9975a2f10ce5471f2b3ac43fc49e/screenshot - {}
RESULT: {"using":"xpath","value":"//input[@id=\"application-managesites-display-component---NewSite--addressDetailDetailsYard-inner\"]"}
COMMAND: POST /session/f50b9975a2f10ce5471f2b3ac43fc49e/element/f.DF1E31923C9290F9F1C58ACD46554FBC.d.9EBC72FF515CB6892CB4054FCCB64C49.e.5171/clear - {}
RESULT: {}
RESULT: {}
COMMAND: POST /session/f50b9975a2f10ce5471f2b3ac43fc49e/element/f.DF1E31923C9290F9F1C58ACD46554FBC.d.9EBC72FF515CB6892CB4054FCCB64C49.e.5171/value - {"text":"267"}
COMMAND: GET /session/f50b9975a2f10ce5471f2b3ac43fc49e/screenshot - {}
RESULT: {"text":"267"}
COMMAND: GET /session/f50b9975a2f10ce5471f2b3ac43fc49e/screenshot - {}
RESULT: {}
RESULT: {}
COMMAND: POST /session/f50b9975a2f10ce5471f2b3ac43fc49e/element - {"using":"xpath","value":"//li[.//span[text()='267']]"}
RESULT: {"using":"xpath","value":"//li[.//span[text()='267']]"}
COMMAND: POST /session/f50b9975a2f10ce5471f2b3ac43fc49e/element/f.DF1E31923C9290F9F1C58ACD46554FBC.d.9EBC72FF515CB6892CB4054FCCB64C49.e.5434/click - {}
RESULT: {}
COMMAND: GET /session/f50b9975a2f10ce5471f2b3ac43fc49e/screenshot - {}
RESULT: {}
COMMAND: POST /session/f50b9975a2f10ce5471f2b3ac43fc49e/element - {"using":"xpath","value":"//input[@id=\"application-managesites-display-component---NewSite--addressDetailDetailsPartner-inner\"]"}
RESULT: {"using":"xpath","value":"//input[@id=\"application-managesites-display-component---NewSite--addressDetailDetailsPartner-inner\"]"}
COMMAND: POST /session/f50b9975a2f10ce5471f2b3ac43fc49e/element - {"using":"xpath","value":"//input[@id=\"application-managesites-display-component---NewSite--addressDetailDetailsPartner-inner\"]"}
RESULT: {"using":"xpath","value":"//input[@id=\"application-managesites-display-component---NewSite--addressDetailDetailsPartner-inner\"]"}
COMMAND: POST /session/f50b9975a2f10ce5471f2b3ac43fc49e/element - {"using":"xpath","value":"//button[@data-kt=\"saveButton\"]"}
RESULT: {"using":"xpath","value":"//button[@data-kt=\"saveButton\"]"}
COMMAND: POST /session/f50b9975a2f10ce5471f2b3ac43fc49e/element/f.DF1E31923C9290F9F1C58ACD46554FBC.d.9EBC72FF515CB6892CB4054FCCB64C49.e.5358/click - {}
RESULT: {}
COMMAND: GET /session/f50b9975a2f10ce5471f2b3ac43fc49e/screenshot - {}
RESULT: {}
COMMAND: POST /session/f50b9975a2f10ce5471f2b3ac43fc49e/element - {"using":"xpath","value":"//header[contains(@id, 'ObjectPageLayout-headerTitle')]/div[1]/div[2]/div[2]/span[1]"}
RESULT: {"using":"xpath","value":"//header[contains(@id, 'ObjectPageLayout-headerTitle')]/div[1]/div[2]/div[2]/span[1]"}
COMMAND: POST /session/f50b9975a2f10ce5471f2b3ac43fc49e/elements - {"using":"xpath","value":"//header[contains(@id, 'ObjectPageLayout-headerTitle')]/div[1]/div[2]/div[2]/span[1]"}
RESULT: {"using":"xpath","value":"//header[contains(@id, 'ObjectPageLayout-headerTitle')]/div[1]/div[2]/div[2]/span[1]"}
COMMAND: POST /session/f50b9975a2f10ce5471f2b3ac43fc49e/execute/sync - {"script":"<script> [56 bytes]","args":[{"element-6066-11e4-a52e-4f735466cecf":"f.DF1E31923C9290F9F1C58ACD46554FBC.d.9EBC72FF515CB6892CB4054FCCB64C49.e.5639","ELEMENT":"f.DF1E31923C9290F9F1C58ACD46554FBC.d.9EBC72FF515CB6892CB4054FCCB64C49.e.5639"}]}
RESULT: {"script":"<script> [56 bytes]","args":[{"element-6066-11e4-a52e-4f735466cecf":"f.DF1E31923C9290F9F1C58ACD46554FBC.d.9EBC72FF515CB6892CB4054FCCB64C49.e.5639","ELEMENT":"f.DF1E31923C9290F9F1C58ACD46554FBC.d.9EBC72FF515CB6892CB4054FCCB64C49.e.5639"}]}
COMMAND: POST /session/f50b9975a2f10ce5471f2b3ac43fc49e/element - {"using":"css selector","value":"#shell-header-logo"}
COMMAND: GET /session/f50b9975a2f10ce5471f2b3ac43fc49e/screenshot - {}
RESULT: {"using":"css selector","value":"#shell-header-logo"}
COMMAND: POST /session/f50b9975a2f10ce5471f2b3ac43fc49e/element/f.DF1E31923C9290F9F1C58ACD46554FBC.d.9EBC72FF515CB6892CB4054FCCB64C49.e.4926/click - {}
RESULT: {}
RESULT: {}
COMMAND: GET /session/f50b9975a2f10ce5471f2b3ac43fc49e/screenshot - {}
RESULT: {}
COMMAND: POST /session/f50b9975a2f10ce5471f2b3ac43fc49e/execute/sync - {"script":"<script> [299 bytes]","args":[["getModel","getResource"]]}
RESULT: {"script":"<script> [299 bytes]","args":[["getModel","getResource"]]}
]]></system-out>
    </testcase>
  </testsuite>
  <testsuite timestamp="2025-04-26T17:47:13" time="615.991" tests="12" failures="9" errors="9" skipped="0">
    <properties>
      <property name="specId" value="0" />
      <property name="suiteName" value="Billing transfer US117289" />
      <property name="capabilities" value="chrome.135_0_7049_96.windows" />
      <property name="file" value="file:///D:/a/1/s/test/specs/BTS/billing-transfer.spec.js" />
    </properties>
    <testcase classname="chrome.135_0_7049_96.windows.Billing_transfer_US117289" name="Should create a new yard" time="0.025">
      <system-out><![CDATA[
COMMAND: POST /session/f50b9975a2f10ce5471f2b3ac43fc49e/window/fullscreen - {}
RESULT: {}
]]></system-out>
    </testcase>
    <testcase classname="chrome.135_0_7049_96.windows.Billing_transfer_US117289" name="Should create a new partner" time="0.004" />
    <testcase classname="chrome.135_0_7049_96.windows.Billing_transfer_US117289" name="Should create a new site" time="0.003" />
  </testsuite>
  <testsuite timestamp="2025-04-26T17:57:29" time="617.739" tests="12" failures="9" errors="9" skipped="0">
    <properties>
      <property name="specId" value="0" />
      <property name="suiteName" value="Create Reverse Billing US127248" />
      <property name="capabilities" value="chrome.135_0_7049_96.windows" />
      <property name="file" value="file:///D:/a/1/s/test/specs/BTS/reverse-billing.spec.js" />
    </properties>
    <testcase classname="chrome.135_0_7049_96.windows.Create_Reverse_Billing_US127248" name="Should create a new yard" time="0.014">
      <system-out><![CDATA[
COMMAND: POST /session/f50b9975a2f10ce5471f2b3ac43fc49e/window/fullscreen - {}
RESULT: {}
]]></system-out>
    </testcase>
    <testcase classname="chrome.135_0_7049_96.windows.Create_Reverse_Billing_US127248" name="Should create a new partner" time="0.004" />
    <testcase classname="chrome.135_0_7049_96.windows.Create_Reverse_Billing_US127248" name="Should create a new site" time="0.003" />
  </testsuite>
</testsuites>