<?xml version="1.0" encoding="UTF-8"?>
<testsuites tests="9" failures="0" errors="0" skipped="0">
  <testsuite timestamp="2025-05-28T15:33:07" time="796.579" tests="8" failures="0" errors="0" skipped="0">
    <properties>
      <property name="specId" value="0"/>
      <property name="suiteName" value="Create masterdata for Yard Overview - trigger provide US130988"/>
      <property name="capabilities" value="chrome.136_0_7103_93.windows"/>
      <property name="file" value="file:///D:/a/1/s/test/specs/HTR/yard-overview-trigger.spec.js"/>
    </properties>
    <testcase classname="chrome.136_0_7103_93.windows.Create_masterdata_for_Yard_Overview_-_trigger_provide_US130988" name="Should create a new yard" time="118.028">
      <system-out><![CDATA[
COMMAND: POST /session/f8c7eca0926362d0d143ca0007fcee0c/window/fullscreen - {}
RESULT: {}
COMMAND: POST /session/f8c7eca0926362d0d143ca0007fcee0c/execute/async - {"script":"<script> [1562 bytes]","args":[{"selector":{"controlType":"sap.m.GenericTile","properties":{"header":"Manage Yards"}},"wdio_ui5_key":"sapm.GenericTile{\"header\":\"Manage Yards\"}"}]}
RESULT: {"script":"<script> [1562 bytes]","args":[{"selector":{"controlType":"sap.m.GenericTile","properties":{"header":"Manage Yards"}},"wdio_ui5_key":"sapm.GenericTile{\"header\":\"Manage Yards\"}"}]}
RESULT: undefined
COMMAND: POST /session/f8c7eca0926362d0d143ca0007fcee0c/element - {"using":"xpath","value":"//*[@id=\"__tile41\"]"}
RESULT: {"using":"xpath","value":"//*[@id=\"__tile41\"]"}
COMMAND: POST /session/f8c7eca0926362d0d143ca0007fcee0c/element/f.02B9836222177F2037F2E3F69B058F44.d.DC6E779ADFA451905FC287C3E186ED99.e.127/click - {}
RESULT: {}
COMMAND: GET /session/f8c7eca0926362d0d143ca0007fcee0c/screenshot - {}
RESULT: {}
COMMAND: POST /session/f8c7eca0926362d0d143ca0007fcee0c/elements - {"using":"xpath","value":"//span[text()='Error']"}
RESULT: {"using":"xpath","value":"//span[text()='Error']"}
COMMAND: POST /session/f8c7eca0926362d0d143ca0007fcee0c/element - {"using":"xpath","value":"//button[@data-kt=\"addNewYardOverflowToolbarButton\"]"}
RESULT: {"using":"xpath","value":"//button[@data-kt=\"addNewYardOverflowToolbarButton\"]"}
COMMAND: POST /session/f8c7eca0926362d0d143ca0007fcee0c/elements - {"using":"xpath","value":"//button[@data-kt=\"addNewYardOverflowToolbarButton\"]"}
RESULT: {"using":"xpath","value":"//button[@data-kt=\"addNewYardOverflowToolbarButton\"]"}
COMMAND: POST /session/f8c7eca0926362d0d143ca0007fcee0c/elements - {"using":"xpath","value":"//button[@data-kt=\"addNewYardOverflowToolbarButton\"]"}
RESULT: {"using":"xpath","value":"//button[@data-kt=\"addNewYardOverflowToolbarButton\"]"}
COMMAND: POST /session/f8c7eca0926362d0d143ca0007fcee0c/elements - {"using":"xpath","value":"//button[@data-kt=\"addNewYardOverflowToolbarButton\"]"}
RESULT: {"using":"xpath","value":"//button[@data-kt=\"addNewYardOverflowToolbarButton\"]"}
COMMAND: POST /session/f8c7eca0926362d0d143ca0007fcee0c/elements - {"using":"xpath","value":"//button[@data-kt=\"addNewYardOverflowToolbarButton\"]"}
RESULT: {"using":"xpath","value":"//button[@data-kt=\"addNewYardOverflowToolbarButton\"]"}
COMMAND: POST /session/f8c7eca0926362d0d143ca0007fcee0c/elements - {"using":"xpath","value":"//button[@data-kt=\"addNewYardOverflowToolbarButton\"]"}
RESULT: {"using":"xpath","value":"//button[@data-kt=\"addNewYardOverflowToolbarButton\"]"}
COMMAND: POST /session/f8c7eca0926362d0d143ca0007fcee0c/elements - {"using":"xpath","value":"//button[@data-kt=\"addNewYardOverflowToolbarButton\"]"}
RESULT: {"using":"xpath","value":"//button[@data-kt=\"addNewYardOverflowToolbarButton\"]"}
COMMAND: POST /session/f8c7eca0926362d0d143ca0007fcee0c/elements - {"using":"xpath","value":"//button[@data-kt=\"addNewYardOverflowToolbarButton\"]"}
RESULT: {"using":"xpath","value":"//button[@data-kt=\"addNewYardOverflowToolbarButton\"]"}
COMMAND: POST /session/f8c7eca0926362d0d143ca0007fcee0c/elements - {"using":"xpath","value":"//button[@data-kt=\"addNewYardOverflowToolbarButton\"]"}
RESULT: {"using":"xpath","value":"//button[@data-kt=\"addNewYardOverflowToolbarButton\"]"}
COMMAND: POST /session/f8c7eca0926362d0d143ca0007fcee0c/element - {"using":"xpath","value":"//button[@data-kt=\"addNewYardOverflowToolbarButton\"]"}
RESULT: {"using":"xpath","value":"//button[@data-kt=\"addNewYardOverflowToolbarButton\"]"}
COMMAND: POST /session/f8c7eca0926362d0d143ca0007fcee0c/execute/sync - {"script":"<script> [8489 bytes]","args":[{"element-6066-11e4-a52e-4f735466cecf":"f.02B9836222177F2037F2E3F69B058F44.d.DC6E779ADFA451905FC287C3E186ED99.e.264","ELEMENT":"f.02B9836222177F2037F2E3F69B058F44.d.DC6E779ADFA451905FC287C3E186ED99.e.264"}]}
RESULT: {"script":"<script> [8489 bytes]","args":[{"element-6066-11e4-a52e-4f735466cecf":"f.02B9836222177F2037F2E3F69B058F44.d.DC6E779ADFA451905FC287C3E186ED99.e.264","ELEMENT":"f.02B9836222177F2037F2E3F69B058F44.d.DC6E779ADFA451905FC287C3E186ED99.e.264"}]}
COMMAND: GET /session/f8c7eca0926362d0d143ca0007fcee0c/element/f.02B9836222177F2037F2E3F69B058F44.d.DC6E779ADFA451905FC287C3E186ED99.e.264/enabled - {}
COMMAND: GET /session/f8c7eca0926362d0d143ca0007fcee0c/screenshot - {}
RESULT: {}
COMMAND: POST /session/f8c7eca0926362d0d143ca0007fcee0c/execute/sync - {"script":"<script> [8489 bytes]","args":[{"element-6066-11e4-a52e-4f735466cecf":"f.02B9836222177F2037F2E3F69B058F44.d.DC6E779ADFA451905FC287C3E186ED99.e.264","ELEMENT":"f.02B9836222177F2037F2E3F69B058F44.d.DC6E779ADFA451905FC287C3E186ED99.e.264"}]}
COMMAND: GET /session/f8c7eca0926362d0d143ca0007fcee0c/screenshot - {}
RESULT: {}
RESULT: {"script":"<script> [8489 bytes]","args":[{"element-6066-11e4-a52e-4f735466cecf":"f.02B9836222177F2037F2E3F69B058F44.d.DC6E779ADFA451905FC287C3E186ED99.e.264","ELEMENT":"f.02B9836222177F2037F2E3F69B058F44.d.DC6E779ADFA451905FC287C3E186ED99.e.264"}]}
COMMAND: POST /session/f8c7eca0926362d0d143ca0007fcee0c/execute/sync - {"script":"<script> [5351 bytes]","args":[{"element-6066-11e4-a52e-4f735466cecf":"f.02B9836222177F2037F2E3F69B058F44.d.DC6E779ADFA451905FC287C3E186ED99.e.264","ELEMENT":"f.02B9836222177F2037F2E3F69B058F44.d.DC6E779ADFA451905FC287C3E186ED99.e.264"}]}
COMMAND: GET /session/f8c7eca0926362d0d143ca0007fcee0c/screenshot - {}
RESULT: {}
RESULT: {"script":"<script> [5351 bytes]","args":[{"element-6066-11e4-a52e-4f735466cecf":"f.02B9836222177F2037F2E3F69B058F44.d.DC6E779ADFA451905FC287C3E186ED99.e.264","ELEMENT":"f.02B9836222177F2037F2E3F69B058F44.d.DC6E779ADFA451905FC287C3E186ED99.e.264"}]}
COMMAND: POST /session/f8c7eca0926362d0d143ca0007fcee0c/element/f.02B9836222177F2037F2E3F69B058F44.d.DC6E779ADFA451905FC287C3E186ED99.e.264/click - {}
COMMAND: GET /session/f8c7eca0926362d0d143ca0007fcee0c/screenshot - {}
RESULT: {}
RESULT: {}
COMMAND: GET /session/f8c7eca0926362d0d143ca0007fcee0c/screenshot - {}
RESULT: {}
RESULT: {}
COMMAND: POST /session/f8c7eca0926362d0d143ca0007fcee0c/element - {"using":"xpath","value":"//input[@id=\"application-manageyards-display-component---NewYard--yardId-inner\"]"}
RESULT: {"using":"xpath","value":"//input[@id=\"application-manageyards-display-component---NewYard--yardId-inner\"]"}
COMMAND: POST /session/f8c7eca0926362d0d143ca0007fcee0c/element - {"using":"xpath","value":"//input[@id=\"application-manageyards-display-component---NewYard--yardId-inner\"]"}
RESULT: {"using":"xpath","value":"//input[@id=\"application-manageyards-display-component---NewYard--yardId-inner\"]"}
COMMAND: POST /session/f8c7eca0926362d0d143ca0007fcee0c/execute/async - {"script":"<script> [1562 bytes]","args":[{"selector":{"id":"application-manageyards-display-component---NewYard--addressDetailDetailsName1","interaction":{"idSuffix":"inner"}},"wdio_ui5_key":"applicationmanageyards-display-component---NewYard--addressDetailDetailsName1"}]}
RESULT: {"script":"<script> [1562 bytes]","args":[{"selector":{"id":"application-manageyards-display-component---NewYard--addressDetailDetailsName1","interaction":{"idSuffix":"inner"}},"wdio_ui5_key":"applicationmanageyards-display-component---NewYard--addressDetailDetailsName1"}]}
RESULT: undefined
COMMAND: POST /session/f8c7eca0926362d0d143ca0007fcee0c/execute/async - {"script":"<script> [776 bytes]","args":[{"enterText":"Other Yard WDIO","selector":{"id":"application-manageyards-display-component---NewYard--addressDetailDetailsName1","interaction":{"idSuffix":"inner"}},"clearTextFirst":true,"interactionType":"ENTER_TEXT"}]}
RESULT: {"script":"<script> [776 bytes]","args":[{"enterText":"Other Yard WDIO","selector":{"id":"application-manageyards-display-component---NewYard--addressDetailDetailsName1","interaction":{"idSuffix":"inner"}},"clearTextFirst":true,"interactionType":"ENTER_TEXT"}]}
COMMAND: POST /session/f8c7eca0926362d0d143ca0007fcee0c/execute/async - {"script":"<script> [1562 bytes]","args":[{"selector":{"id":"application-manageyards-display-component---NewYard--addressDetailDetailsLanguage-arrow"},"wdio_ui5_key":"applicationmanageyards-display-component---NewYard--addressDetailDetailsLanguage-arrow"}]}
RESULT: {"script":"<script> [1562 bytes]","args":[{"selector":{"id":"application-manageyards-display-component---NewYard--addressDetailDetailsLanguage-arrow"},"wdio_ui5_key":"applicationmanageyards-display-component---NewYard--addressDetailDetailsLanguage-arrow"}]}
RESULT: undefined
COMMAND: POST /session/f8c7eca0926362d0d143ca0007fcee0c/element - {"using":"xpath","value":"//*[@id=\"application-manageyards-display-component---NewYard--addressDetailDetailsLanguage-arrow\"]"}
RESULT: {"using":"xpath","value":"//*[@id=\"application-manageyards-display-component---NewYard--addressDetailDetailsLanguage-arrow\"]"}
COMMAND: POST /session/f8c7eca0926362d0d143ca0007fcee0c/element/f.02B9836222177F2037F2E3F69B058F44.d.DC6E779ADFA451905FC287C3E186ED99.e.693/click - {}
RESULT: {}
COMMAND: POST /session/f8c7eca0926362d0d143ca0007fcee0c/element - {"using":"xpath","value":"//span[contains(text(), \"English\")]"}
COMMAND: GET /session/f8c7eca0926362d0d143ca0007fcee0c/screenshot - {}
RESULT: {"using":"xpath","value":"//span[contains(text(), \"English\")]"}
COMMAND: POST /session/f8c7eca0926362d0d143ca0007fcee0c/element/f.02B9836222177F2037F2E3F69B058F44.d.DC6E779ADFA451905FC287C3E186ED99.e.694/click - {}
RESULT: {}
RESULT: {}
COMMAND: POST /session/f8c7eca0926362d0d143ca0007fcee0c/execute/async - {"script":"<script> [1562 bytes]","args":[{"selector":{"id":"application-manageyards-display-component---NewYard--addressDetailDetailsCity1","interaction":{"idSuffix":"inner"}},"wdio_ui5_key":"applicationmanageyards-display-component---NewYard--addressDetailDetailsCity1"}]}
COMMAND: GET /session/f8c7eca0926362d0d143ca0007fcee0c/screenshot - {}
RESULT: {"script":"<script> [1562 bytes]","args":[{"selector":{"id":"application-manageyards-display-component---NewYard--addressDetailDetailsCity1","interaction":{"idSuffix":"inner"}},"wdio_ui5_key":"applicationmanageyards-display-component---NewYard--addressDetailDetailsCity1"}]}
RESULT: undefined
COMMAND: POST /session/f8c7eca0926362d0d143ca0007fcee0c/execute/async - {"script":"<script> [776 bytes]","args":[{"enterText":"Rosario","selector":{"id":"application-manageyards-display-component---NewYard--addressDetailDetailsCity1","interaction":{"idSuffix":"inner"}},"clearTextFirst":true,"interactionType":"ENTER_TEXT"}]}
RESULT: {}
RESULT: {"script":"<script> [776 bytes]","args":[{"enterText":"Rosario","selector":{"id":"application-manageyards-display-component---NewYard--addressDetailDetailsCity1","interaction":{"idSuffix":"inner"}},"clearTextFirst":true,"interactionType":"ENTER_TEXT"}]}
COMMAND: POST /session/f8c7eca0926362d0d143ca0007fcee0c/execute/async - {"script":"<script> [1562 bytes]","args":[{"selector":{"id":"application-manageyards-display-component---NewYard--addressDetailDetailsCountry-arrow"},"wdio_ui5_key":"applicationmanageyards-display-component---NewYard--addressDetailDetailsCountry-arrow"}]}
RESULT: {"script":"<script> [1562 bytes]","args":[{"selector":{"id":"application-manageyards-display-component---NewYard--addressDetailDetailsCountry-arrow"},"wdio_ui5_key":"applicationmanageyards-display-component---NewYard--addressDetailDetailsCountry-arrow"}]}
RESULT: undefined
COMMAND: POST /session/f8c7eca0926362d0d143ca0007fcee0c/element - {"using":"xpath","value":"//*[@id=\"application-manageyards-display-component---NewYard--addressDetailDetailsCountry-arrow\"]"}
RESULT: {"using":"xpath","value":"//*[@id=\"application-manageyards-display-component---NewYard--addressDetailDetailsCountry-arrow\"]"}
COMMAND: POST /session/f8c7eca0926362d0d143ca0007fcee0c/element/f.02B9836222177F2037F2E3F69B058F44.d.DC6E779ADFA451905FC287C3E186ED99.e.696/click - {}
RESULT: {}
COMMAND: POST /session/f8c7eca0926362d0d143ca0007fcee0c/element - {"using":"xpath","value":"//span[contains(text(), \"Argentina\")]"}
COMMAND: GET /session/f8c7eca0926362d0d143ca0007fcee0c/screenshot - {}
RESULT: {"using":"xpath","value":"//span[contains(text(), \"Argentina\")]"}
COMMAND: POST /session/f8c7eca0926362d0d143ca0007fcee0c/element/f.02B9836222177F2037F2E3F69B058F44.d.DC6E779ADFA451905FC287C3E186ED99.e.697/click - {}
RESULT: {}
RESULT: {}
COMMAND: POST /session/f8c7eca0926362d0d143ca0007fcee0c/execute/async - {"script":"<script> [1562 bytes]","args":[{"selector":{"id":"application-manageyards-display-component---NewYard--addressEditDetailsCostObjectCstType-arrow"},"wdio_ui5_key":"applicationmanageyards-display-component---NewYard--addressEditDetailsCostObjectCstType-arrow"}]}
COMMAND: GET /session/f8c7eca0926362d0d143ca0007fcee0c/screenshot - {}
RESULT: {"script":"<script> [1562 bytes]","args":[{"selector":{"id":"application-manageyards-display-component---NewYard--addressEditDetailsCostObjectCstType-arrow"},"wdio_ui5_key":"applicationmanageyards-display-component---NewYard--addressEditDetailsCostObjectCstType-arrow"}]}
RESULT: undefined
COMMAND: POST /session/f8c7eca0926362d0d143ca0007fcee0c/element - {"using":"xpath","value":"//*[@id=\"application-manageyards-display-component---NewYard--addressEditDetailsCostObjectCstType-arrow\"]"}
RESULT: {}
RESULT: {"using":"xpath","value":"//*[@id=\"application-manageyards-display-component---NewYard--addressEditDetailsCostObjectCstType-arrow\"]"}
COMMAND: POST /session/f8c7eca0926362d0d143ca0007fcee0c/element/f.02B9836222177F2037F2E3F69B058F44.d.DC6E779ADFA451905FC287C3E186ED99.e.698/click - {}
RESULT: {}
COMMAND: POST /session/f8c7eca0926362d0d143ca0007fcee0c/element - {"using":"xpath","value":"//span[contains(text(), \"Cost Center\")]"}
COMMAND: GET /session/f8c7eca0926362d0d143ca0007fcee0c/screenshot - {}
RESULT: {"using":"xpath","value":"//span[contains(text(), \"Cost Center\")]"}
COMMAND: POST /session/f8c7eca0926362d0d143ca0007fcee0c/element/f.02B9836222177F2037F2E3F69B058F44.d.DC6E779ADFA451905FC287C3E186ED99.e.699/click - {}
RESULT: {}
RESULT: {}
COMMAND: GET /session/f8c7eca0926362d0d143ca0007fcee0c/screenshot - {}
RESULT: {}
COMMAND: POST /session/f8c7eca0926362d0d143ca0007fcee0c/element - {"using":"xpath","value":"//span[@id=\"application-manageyards-display-component---NewYard--addressNewCostObjectCstID-vhi\"]"}
RESULT: {"using":"xpath","value":"//span[@id=\"application-manageyards-display-component---NewYard--addressNewCostObjectCstID-vhi\"]"}
COMMAND: POST /session/f8c7eca0926362d0d143ca0007fcee0c/execute/sync - {"script":"<script> [8489 bytes]","args":[{"element-6066-11e4-a52e-4f735466cecf":"f.02B9836222177F2037F2E3F69B058F44.d.DC6E779ADFA451905FC287C3E186ED99.e.703","ELEMENT":"f.02B9836222177F2037F2E3F69B058F44.d.DC6E779ADFA451905FC287C3E186ED99.e.703"}]}
RESULT: {"script":"<script> [8489 bytes]","args":[{"element-6066-11e4-a52e-4f735466cecf":"f.02B9836222177F2037F2E3F69B058F44.d.DC6E779ADFA451905FC287C3E186ED99.e.703","ELEMENT":"f.02B9836222177F2037F2E3F69B058F44.d.DC6E779ADFA451905FC287C3E186ED99.e.703"}]}
COMMAND: POST /session/f8c7eca0926362d0d143ca0007fcee0c/execute/async - {"script":"<script> [1562 bytes]","args":[{"selector":{"id":"application-manageyards-display-component---NewYard--addressNewCostObjectCstID-vhi"},"wdio_ui5_key":"applicationmanageyards-display-component---NewYard--addressNewCostObjectCstID-vhi"}]}
COMMAND: GET /session/f8c7eca0926362d0d143ca0007fcee0c/screenshot - {}
RESULT: {"script":"<script> [1562 bytes]","args":[{"selector":{"id":"application-manageyards-display-component---NewYard--addressNewCostObjectCstID-vhi"},"wdio_ui5_key":"applicationmanageyards-display-component---NewYard--addressNewCostObjectCstID-vhi"}]}
RESULT: undefined
COMMAND: POST /session/f8c7eca0926362d0d143ca0007fcee0c/element - {"using":"xpath","value":"//*[@id=\"application-manageyards-display-component---NewYard--addressNewCostObjectCstID-vhi\"]"}
RESULT: {}
RESULT: {"using":"xpath","value":"//*[@id=\"application-manageyards-display-component---NewYard--addressNewCostObjectCstID-vhi\"]"}
COMMAND: POST /session/f8c7eca0926362d0d143ca0007fcee0c/element/f.02B9836222177F2037F2E3F69B058F44.d.DC6E779ADFA451905FC287C3E186ED99.e.703/click - {}
RESULT: {}
COMMAND: GET /session/f8c7eca0926362d0d143ca0007fcee0c/screenshot - {}
RESULT: {}
COMMAND: POST /session/f8c7eca0926362d0d143ca0007fcee0c/execute/async - {"script":"<script> [1562 bytes]","args":[{"selector":{"controlType":"sap.m.SearchField","properties":{"placeholder":"Search"},"searchOpenDialogs":true,"interaction":{"idSuffix":"I"}},"wdio_ui5_key":"sapm.SearchField{\"placeholder\":\"Search\"}"}]}
RESULT: {"script":"<script> [1562 bytes]","args":[{"selector":{"controlType":"sap.m.SearchField","properties":{"placeholder":"Search"},"searchOpenDialogs":true,"interaction":{"idSuffix":"I"}},"wdio_ui5_key":"sapm.SearchField{\"placeholder\":\"Search\"}"}]}
RESULT: undefined
COMMAND: POST /session/f8c7eca0926362d0d143ca0007fcee0c/execute/async - {"script":"<script> [776 bytes]","args":[{"enterText":"bauh_b","selector":{"controlType":"sap.m.SearchField","properties":{"placeholder":"Search"},"searchOpenDialogs":true,"interaction":{"idSuffix":"I"}},"clearTextFirst":true,"interactionType":"ENTER_TEXT"}]}
RESULT: {"script":"<script> [776 bytes]","args":[{"enterText":"bauh_b","selector":{"controlType":"sap.m.SearchField","properties":{"placeholder":"Search"},"searchOpenDialogs":true,"interaction":{"idSuffix":"I"}},"clearTextFirst":true,"interactionType":"ENTER_TEXT"}]}
COMMAND: POST /session/f8c7eca0926362d0d143ca0007fcee0c/actions - {"actions":[{"id":"action1","type":"key","parameters":{},"actions":[{"type":"keyDown","value":""},{"type":"pause","duration":10},{"type":"keyUp","value":""}]}]}
RESULT: {"actions":[{"id":"action1","type":"key","parameters":{},"actions":[{"type":"keyDown","value":""},{"type":"pause","duration":10},{"type":"keyUp","value":""}]}]}
COMMAND: GET /session/f8c7eca0926362d0d143ca0007fcee0c/screenshot - {}
RESULT: {}
COMMAND: POST /session/f8c7eca0926362d0d143ca0007fcee0c/element - {"using":"xpath","value":"//span[contains(text(), \"Demo Yard\")]"}
RESULT: {"using":"xpath","value":"//span[contains(text(), \"Demo Yard\")]"}
COMMAND: POST /session/f8c7eca0926362d0d143ca0007fcee0c/element/f.02B9836222177F2037F2E3F69B058F44.d.DC6E779ADFA451905FC287C3E186ED99.e.744/click - {}
RESULT: {}
COMMAND: GET /session/f8c7eca0926362d0d143ca0007fcee0c/screenshot - {}
RESULT: {}
COMMAND: POST /session/f8c7eca0926362d0d143ca0007fcee0c/element - {"using":"xpath","value":"//bdi[contains(text(), \"OK\")]"}
RESULT: {"using":"xpath","value":"//bdi[contains(text(), \"OK\")]"}
COMMAND: POST /session/f8c7eca0926362d0d143ca0007fcee0c/element/f.02B9836222177F2037F2E3F69B058F44.d.DC6E779ADFA451905FC287C3E186ED99.e.745/click - {}
RESULT: {}
COMMAND: GET /session/f8c7eca0926362d0d143ca0007fcee0c/screenshot - {}
RESULT: {}
COMMAND: POST /session/f8c7eca0926362d0d143ca0007fcee0c/execute/async - {"script":"<script> [1562 bytes]","args":[{"selector":{"id":"application-manageyards-display-component---NewYard--addressEditDetailsCurrency-arrow"},"wdio_ui5_key":"applicationmanageyards-display-component---NewYard--addressEditDetailsCurrency-arrow"}]}
RESULT: {"script":"<script> [1562 bytes]","args":[{"selector":{"id":"application-manageyards-display-component---NewYard--addressEditDetailsCurrency-arrow"},"wdio_ui5_key":"applicationmanageyards-display-component---NewYard--addressEditDetailsCurrency-arrow"}]}
RESULT: undefined
COMMAND: POST /session/f8c7eca0926362d0d143ca0007fcee0c/element - {"using":"xpath","value":"//*[@id=\"application-manageyards-display-component---NewYard--addressEditDetailsCurrency-arrow\"]"}
RESULT: {"using":"xpath","value":"//*[@id=\"application-manageyards-display-component---NewYard--addressEditDetailsCurrency-arrow\"]"}
COMMAND: POST /session/f8c7eca0926362d0d143ca0007fcee0c/element/f.02B9836222177F2037F2E3F69B058F44.d.DC6E779ADFA451905FC287C3E186ED99.e.748/click - {}
RESULT: {}
COMMAND: POST /session/f8c7eca0926362d0d143ca0007fcee0c/element - {"using":"xpath","value":"//span[contains(text(), \"Euro\")]"}
COMMAND: GET /session/f8c7eca0926362d0d143ca0007fcee0c/screenshot - {}
RESULT: {"using":"xpath","value":"//span[contains(text(), \"Euro\")]"}
COMMAND: POST /session/f8c7eca0926362d0d143ca0007fcee0c/element/f.02B9836222177F2037F2E3F69B058F44.d.DC6E779ADFA451905FC287C3E186ED99.e.749/click - {}
RESULT: {}
RESULT: {}
COMMAND: POST /session/f8c7eca0926362d0d143ca0007fcee0c/execute/async - {"script":"<script> [1562 bytes]","args":[{"selector":{"controlType":"sap.m.Input","viewName":"etm.portal.ui.manageyards.view.New","viewId":"application-manageyards-display-component---NewYard","bindingPath":{"path":"","propertyPath":"/CONTROLLING_AREA","modelName":"NewYardModel"},"interaction":{"idSuffix":"inner"}},"wdio_ui5_key":"etmportal.ui.manageyards.view.Newsap.m.Input{\"path\":\"\",\"propertyPath\":\"/CONTROLLING_AREA\",\"modelName\":\"NewYardModel\"}"}]}
COMMAND: GET /session/f8c7eca0926362d0d143ca0007fcee0c/screenshot - {}
RESULT: {"script":"<script> [1562 bytes]","args":[{"selector":{"controlType":"sap.m.Input","viewName":"etm.portal.ui.manageyards.view.New","viewId":"application-manageyards-display-component---NewYard","bindingPath":{"path":"","propertyPath":"/CONTROLLING_AREA","modelName":"NewYardModel"},"interaction":{"idSuffix":"inner"}},"wdio_ui5_key":"etmportal.ui.manageyards.view.Newsap.m.Input{\"path\":\"\",\"propertyPath\":\"/CONTROLLING_AREA\",\"modelName\":\"NewYardModel\"}"}]}
RESULT: undefined
COMMAND: POST /session/f8c7eca0926362d0d143ca0007fcee0c/execute/async - {"script":"<script> [776 bytes]","args":[{"enterText":"Z001","selector":{"controlType":"sap.m.Input","viewName":"etm.portal.ui.manageyards.view.New","viewId":"application-manageyards-display-component---NewYard","bindingPath":{"path":"","propertyPath":"/CONTROLLING_AREA","modelName":"NewYardModel"},"interaction":{"idSuffix":"inner"}},"clearTextFirst":true,"interactionType":"ENTER_TEXT"}]}
RESULT: {}
RESULT: {"script":"<script> [776 bytes]","args":[{"enterText":"Z001","selector":{"controlType":"sap.m.Input","viewName":"etm.portal.ui.manageyards.view.New","viewId":"application-manageyards-display-component---NewYard","bindingPath":{"path":"","propertyPath":"/CONTROLLING_AREA","modelName":"NewYardModel"},"interaction":{"idSuffix":"inner"}},"clearTextFirst":true,"interactionType":"ENTER_TEXT"}]}
COMMAND: POST /session/f8c7eca0926362d0d143ca0007fcee0c/execute/async - {"script":"<script> [1562 bytes]","args":[{"selector":{"id":"application-manageyards-display-component---NewYard--companyCodeComboBox","interaction":{"idSuffix":"inner"}},"wdio_ui5_key":"applicationmanageyards-display-component---NewYard--companyCodeComboBox"}]}
RESULT: {"script":"<script> [1562 bytes]","args":[{"selector":{"id":"application-manageyards-display-component---NewYard--companyCodeComboBox","interaction":{"idSuffix":"inner"}},"wdio_ui5_key":"applicationmanageyards-display-component---NewYard--companyCodeComboBox"}]}
RESULT: undefined
COMMAND: POST /session/f8c7eca0926362d0d143ca0007fcee0c/execute/async - {"script":"<script> [776 bytes]","args":[{"enterText":"1000","selector":{"id":"application-manageyards-display-component---NewYard--companyCodeComboBox","interaction":{"idSuffix":"inner"}},"clearTextFirst":true,"interactionType":"ENTER_TEXT"}]}
RESULT: {"script":"<script> [776 bytes]","args":[{"enterText":"1000","selector":{"id":"application-manageyards-display-component---NewYard--companyCodeComboBox","interaction":{"idSuffix":"inner"}},"clearTextFirst":true,"interactionType":"ENTER_TEXT"}]}
COMMAND: POST /session/f8c7eca0926362d0d143ca0007fcee0c/execute/async - {"script":"<script> [1562 bytes]","args":[{"selector":{"controlType":"sap.m.Input","viewName":"etm.portal.ui.manageyards.view.New","viewId":"application-manageyards-display-component---NewYard","bindingPath":{"path":"","propertyPath":"/PLANT","modelName":"NewYardModel"},"interaction":{"idSuffix":"inner"}},"wdio_ui5_key":"etmportal.ui.manageyards.view.Newsap.m.Input{\"path\":\"\",\"propertyPath\":\"/PLANT\",\"modelName\":\"NewYardModel\"}"}]}
RESULT: {"script":"<script> [1562 bytes]","args":[{"selector":{"controlType":"sap.m.Input","viewName":"etm.portal.ui.manageyards.view.New","viewId":"application-manageyards-display-component---NewYard","bindingPath":{"path":"","propertyPath":"/PLANT","modelName":"NewYardModel"},"interaction":{"idSuffix":"inner"}},"wdio_ui5_key":"etmportal.ui.manageyards.view.Newsap.m.Input{\"path\":\"\",\"propertyPath\":\"/PLANT\",\"modelName\":\"NewYardModel\"}"}]}
RESULT: undefined
COMMAND: POST /session/f8c7eca0926362d0d143ca0007fcee0c/execute/async - {"script":"<script> [776 bytes]","args":[{"enterText":"1001","selector":{"controlType":"sap.m.Input","viewName":"etm.portal.ui.manageyards.view.New","viewId":"application-manageyards-display-component---NewYard","bindingPath":{"path":"","propertyPath":"/PLANT","modelName":"NewYardModel"},"interaction":{"idSuffix":"inner"}},"clearTextFirst":true,"interactionType":"ENTER_TEXT"}]}
RESULT: {"script":"<script> [776 bytes]","args":[{"enterText":"1001","selector":{"controlType":"sap.m.Input","viewName":"etm.portal.ui.manageyards.view.New","viewId":"application-manageyards-display-component---NewYard","bindingPath":{"path":"","propertyPath":"/PLANT","modelName":"NewYardModel"},"interaction":{"idSuffix":"inner"}},"clearTextFirst":true,"interactionType":"ENTER_TEXT"}]}
COMMAND: POST /session/f8c7eca0926362d0d143ca0007fcee0c/execute/async - {"script":"<script> [1562 bytes]","args":[{"selector":{"controlType":"sap.m.Input","viewName":"etm.portal.ui.manageyards.view.New","viewId":"application-manageyards-display-component---NewYard","bindingPath":{"path":"","propertyPath":"/SALES_AREA_VKORG","modelName":"NewYardModel"},"interaction":{"idSuffix":"inner"}},"wdio_ui5_key":"etmportal.ui.manageyards.view.Newsap.m.Input{\"path\":\"\",\"propertyPath\":\"/SALES_AREA_VKORG\",\"modelName\":\"NewYardModel\"}"}]}
RESULT: {"script":"<script> [1562 bytes]","args":[{"selector":{"controlType":"sap.m.Input","viewName":"etm.portal.ui.manageyards.view.New","viewId":"application-manageyards-display-component---NewYard","bindingPath":{"path":"","propertyPath":"/SALES_AREA_VKORG","modelName":"NewYardModel"},"interaction":{"idSuffix":"inner"}},"wdio_ui5_key":"etmportal.ui.manageyards.view.Newsap.m.Input{\"path\":\"\",\"propertyPath\":\"/SALES_AREA_VKORG\",\"modelName\":\"NewYardModel\"}"}]}
RESULT: undefined
COMMAND: POST /session/f8c7eca0926362d0d143ca0007fcee0c/execute/async - {"script":"<script> [776 bytes]","args":[{"enterText":"C002","selector":{"controlType":"sap.m.Input","viewName":"etm.portal.ui.manageyards.view.New","viewId":"application-manageyards-display-component---NewYard","bindingPath":{"path":"","propertyPath":"/SALES_AREA_VKORG","modelName":"NewYardModel"},"interaction":{"idSuffix":"inner"}},"clearTextFirst":true,"interactionType":"ENTER_TEXT"}]}
RESULT: {"script":"<script> [776 bytes]","args":[{"enterText":"C002","selector":{"controlType":"sap.m.Input","viewName":"etm.portal.ui.manageyards.view.New","viewId":"application-manageyards-display-component---NewYard","bindingPath":{"path":"","propertyPath":"/SALES_AREA_VKORG","modelName":"NewYardModel"},"interaction":{"idSuffix":"inner"}},"clearTextFirst":true,"interactionType":"ENTER_TEXT"}]}
COMMAND: POST /session/f8c7eca0926362d0d143ca0007fcee0c/execute/async - {"script":"<script> [1562 bytes]","args":[{"selector":{"controlType":"sap.m.Input","viewName":"etm.portal.ui.manageyards.view.New","viewId":"application-manageyards-display-component---NewYard","bindingPath":{"path":"","propertyPath":"/SALES_AREA_VTWEG","modelName":"NewYardModel"},"interaction":{"idSuffix":"inner"}},"wdio_ui5_key":"etmportal.ui.manageyards.view.Newsap.m.Input{\"path\":\"\",\"propertyPath\":\"/SALES_AREA_VTWEG\",\"modelName\":\"NewYardModel\"}"}]}
RESULT: {"script":"<script> [1562 bytes]","args":[{"selector":{"controlType":"sap.m.Input","viewName":"etm.portal.ui.manageyards.view.New","viewId":"application-manageyards-display-component---NewYard","bindingPath":{"path":"","propertyPath":"/SALES_AREA_VTWEG","modelName":"NewYardModel"},"interaction":{"idSuffix":"inner"}},"wdio_ui5_key":"etmportal.ui.manageyards.view.Newsap.m.Input{\"path\":\"\",\"propertyPath\":\"/SALES_AREA_VTWEG\",\"modelName\":\"NewYardModel\"}"}]}
RESULT: undefined
COMMAND: POST /session/f8c7eca0926362d0d143ca0007fcee0c/execute/async - {"script":"<script> [776 bytes]","args":[{"enterText":"C2","selector":{"controlType":"sap.m.Input","viewName":"etm.portal.ui.manageyards.view.New","viewId":"application-manageyards-display-component---NewYard","bindingPath":{"path":"","propertyPath":"/SALES_AREA_VTWEG","modelName":"NewYardModel"},"interaction":{"idSuffix":"inner"}},"clearTextFirst":true,"interactionType":"ENTER_TEXT"}]}
RESULT: {"script":"<script> [776 bytes]","args":[{"enterText":"C2","selector":{"controlType":"sap.m.Input","viewName":"etm.portal.ui.manageyards.view.New","viewId":"application-manageyards-display-component---NewYard","bindingPath":{"path":"","propertyPath":"/SALES_AREA_VTWEG","modelName":"NewYardModel"},"interaction":{"idSuffix":"inner"}},"clearTextFirst":true,"interactionType":"ENTER_TEXT"}]}
COMMAND: POST /session/f8c7eca0926362d0d143ca0007fcee0c/execute/async - {"script":"<script> [1562 bytes]","args":[{"selector":{"controlType":"sap.m.Input","viewName":"etm.portal.ui.manageyards.view.New","viewId":"application-manageyards-display-component---NewYard","bindingPath":{"path":"","propertyPath":"/SALES_AREA_SPART","modelName":"NewYardModel"},"interaction":{"idSuffix":"inner"}},"wdio_ui5_key":"etmportal.ui.manageyards.view.Newsap.m.Input{\"path\":\"\",\"propertyPath\":\"/SALES_AREA_SPART\",\"modelName\":\"NewYardModel\"}"}]}
RESULT: {"script":"<script> [1562 bytes]","args":[{"selector":{"controlType":"sap.m.Input","viewName":"etm.portal.ui.manageyards.view.New","viewId":"application-manageyards-display-component---NewYard","bindingPath":{"path":"","propertyPath":"/SALES_AREA_SPART","modelName":"NewYardModel"},"interaction":{"idSuffix":"inner"}},"wdio_ui5_key":"etmportal.ui.manageyards.view.Newsap.m.Input{\"path\":\"\",\"propertyPath\":\"/SALES_AREA_SPART\",\"modelName\":\"NewYardModel\"}"}]}
RESULT: undefined
COMMAND: POST /session/f8c7eca0926362d0d143ca0007fcee0c/execute/async - {"script":"<script> [776 bytes]","args":[{"enterText":"C2","selector":{"controlType":"sap.m.Input","viewName":"etm.portal.ui.manageyards.view.New","viewId":"application-manageyards-display-component---NewYard","bindingPath":{"path":"","propertyPath":"/SALES_AREA_SPART","modelName":"NewYardModel"},"interaction":{"idSuffix":"inner"}},"clearTextFirst":true,"interactionType":"ENTER_TEXT"}]}
RESULT: {"script":"<script> [776 bytes]","args":[{"enterText":"C2","selector":{"controlType":"sap.m.Input","viewName":"etm.portal.ui.manageyards.view.New","viewId":"application-manageyards-display-component---NewYard","bindingPath":{"path":"","propertyPath":"/SALES_AREA_SPART","modelName":"NewYardModel"},"interaction":{"idSuffix":"inner"}},"clearTextFirst":true,"interactionType":"ENTER_TEXT"}]}
COMMAND: POST /session/f8c7eca0926362d0d143ca0007fcee0c/execute/async - {"script":"<script> [1562 bytes]","args":[{"selector":{"controlType":"sap.m.Input","viewName":"etm.portal.ui.manageyards.view.New","viewId":"application-manageyards-display-component---NewYard","bindingPath":{"path":"","propertyPath":"/SHIP_POINT","modelName":"NewYardModel"},"interaction":{"idSuffix":"inner"}},"wdio_ui5_key":"etmportal.ui.manageyards.view.Newsap.m.Input{\"path\":\"\",\"propertyPath\":\"/SHIP_POINT\",\"modelName\":\"NewYardModel\"}"}]}
RESULT: {"script":"<script> [1562 bytes]","args":[{"selector":{"controlType":"sap.m.Input","viewName":"etm.portal.ui.manageyards.view.New","viewId":"application-manageyards-display-component---NewYard","bindingPath":{"path":"","propertyPath":"/SHIP_POINT","modelName":"NewYardModel"},"interaction":{"idSuffix":"inner"}},"wdio_ui5_key":"etmportal.ui.manageyards.view.Newsap.m.Input{\"path\":\"\",\"propertyPath\":\"/SHIP_POINT\",\"modelName\":\"NewYardModel\"}"}]}
RESULT: undefined
COMMAND: POST /session/f8c7eca0926362d0d143ca0007fcee0c/execute/async - {"script":"<script> [776 bytes]","args":[{"enterText":"1710","selector":{"controlType":"sap.m.Input","viewName":"etm.portal.ui.manageyards.view.New","viewId":"application-manageyards-display-component---NewYard","bindingPath":{"path":"","propertyPath":"/SHIP_POINT","modelName":"NewYardModel"},"interaction":{"idSuffix":"inner"}},"clearTextFirst":true,"interactionType":"ENTER_TEXT"}]}
RESULT: {"script":"<script> [776 bytes]","args":[{"enterText":"1710","selector":{"controlType":"sap.m.Input","viewName":"etm.portal.ui.manageyards.view.New","viewId":"application-manageyards-display-component---NewYard","bindingPath":{"path":"","propertyPath":"/SHIP_POINT","modelName":"NewYardModel"},"interaction":{"idSuffix":"inner"}},"clearTextFirst":true,"interactionType":"ENTER_TEXT"}]}
COMMAND: POST /session/f8c7eca0926362d0d143ca0007fcee0c/execute/async - {"script":"<script> [1562 bytes]","args":[{"selector":{"controlType":"sap.m.Input","viewName":"etm.portal.ui.manageyards.view.New","viewId":"application-manageyards-display-component---NewYard","bindingPath":{"path":"","propertyPath":"/DELIVERY_TYPE","modelName":"NewYardModel"},"interaction":{"idSuffix":"inner"}},"wdio_ui5_key":"etmportal.ui.manageyards.view.Newsap.m.Input{\"path\":\"\",\"propertyPath\":\"/DELIVERY_TYPE\",\"modelName\":\"NewYardModel\"}"}]}
RESULT: {"script":"<script> [1562 bytes]","args":[{"selector":{"controlType":"sap.m.Input","viewName":"etm.portal.ui.manageyards.view.New","viewId":"application-manageyards-display-component---NewYard","bindingPath":{"path":"","propertyPath":"/DELIVERY_TYPE","modelName":"NewYardModel"},"interaction":{"idSuffix":"inner"}},"wdio_ui5_key":"etmportal.ui.manageyards.view.Newsap.m.Input{\"path\":\"\",\"propertyPath\":\"/DELIVERY_TYPE\",\"modelName\":\"NewYardModel\"}"}]}
RESULT: undefined
COMMAND: POST /session/f8c7eca0926362d0d143ca0007fcee0c/execute/async - {"script":"<script> [776 bytes]","args":[{"enterText":"ZL01","selector":{"controlType":"sap.m.Input","viewName":"etm.portal.ui.manageyards.view.New","viewId":"application-manageyards-display-component---NewYard","bindingPath":{"path":"","propertyPath":"/DELIVERY_TYPE","modelName":"NewYardModel"},"interaction":{"idSuffix":"inner"}},"clearTextFirst":true,"interactionType":"ENTER_TEXT"}]}
RESULT: {"script":"<script> [776 bytes]","args":[{"enterText":"ZL01","selector":{"controlType":"sap.m.Input","viewName":"etm.portal.ui.manageyards.view.New","viewId":"application-manageyards-display-component---NewYard","bindingPath":{"path":"","propertyPath":"/DELIVERY_TYPE","modelName":"NewYardModel"},"interaction":{"idSuffix":"inner"}},"clearTextFirst":true,"interactionType":"ENTER_TEXT"}]}
COMMAND: POST /session/f8c7eca0926362d0d143ca0007fcee0c/execute/async - {"script":"<script> [1562 bytes]","args":[{"selector":{"controlType":"sap.m.Input","viewName":"etm.portal.ui.manageyards.view.New","viewId":"application-manageyards-display-component---NewYard","bindingPath":{"path":"","propertyPath":"/AUART","modelName":"NewYardModel"},"interaction":{"idSuffix":"inner"}},"wdio_ui5_key":"etmportal.ui.manageyards.view.Newsap.m.Input{\"path\":\"\",\"propertyPath\":\"/AUART\",\"modelName\":\"NewYardModel\"}"}]}
RESULT: {"script":"<script> [1562 bytes]","args":[{"selector":{"controlType":"sap.m.Input","viewName":"etm.portal.ui.manageyards.view.New","viewId":"application-manageyards-display-component---NewYard","bindingPath":{"path":"","propertyPath":"/AUART","modelName":"NewYardModel"},"interaction":{"idSuffix":"inner"}},"wdio_ui5_key":"etmportal.ui.manageyards.view.Newsap.m.Input{\"path\":\"\",\"propertyPath\":\"/AUART\",\"modelName\":\"NewYardModel\"}"}]}
RESULT: undefined
COMMAND: POST /session/f8c7eca0926362d0d143ca0007fcee0c/execute/async - {"script":"<script> [776 bytes]","args":[{"enterText":"TA","selector":{"controlType":"sap.m.Input","viewName":"etm.portal.ui.manageyards.view.New","viewId":"application-manageyards-display-component---NewYard","bindingPath":{"path":"","propertyPath":"/AUART","modelName":"NewYardModel"},"interaction":{"idSuffix":"inner"}},"clearTextFirst":true,"interactionType":"ENTER_TEXT"}]}
RESULT: {"script":"<script> [776 bytes]","args":[{"enterText":"TA","selector":{"controlType":"sap.m.Input","viewName":"etm.portal.ui.manageyards.view.New","viewId":"application-manageyards-display-component---NewYard","bindingPath":{"path":"","propertyPath":"/AUART","modelName":"NewYardModel"},"interaction":{"idSuffix":"inner"}},"clearTextFirst":true,"interactionType":"ENTER_TEXT"}]}
COMMAND: POST /session/f8c7eca0926362d0d143ca0007fcee0c/element - {"using":"xpath","value":"//button[@data-kt=\"newYardSaveButton\"]"}
RESULT: {"using":"xpath","value":"//button[@data-kt=\"newYardSaveButton\"]"}
COMMAND: POST /session/f8c7eca0926362d0d143ca0007fcee0c/element/f.02B9836222177F2037F2E3F69B058F44.d.DC6E779ADFA451905FC287C3E186ED99.e.661/click - {}
RESULT: {}
COMMAND: GET /session/f8c7eca0926362d0d143ca0007fcee0c/screenshot - {}
RESULT: {}
COMMAND: POST /session/f8c7eca0926362d0d143ca0007fcee0c/element - {"using":"xpath","value":"//header[contains(@id, 'ObjectPageLayout-headerTitle')]/div[1]/div[2]/div[1]/span[1]"}
RESULT: {"using":"xpath","value":"//header[contains(@id, 'ObjectPageLayout-headerTitle')]/div[1]/div[2]/div[1]/span[1]"}
COMMAND: POST /session/f8c7eca0926362d0d143ca0007fcee0c/elements - {"using":"xpath","value":"//header[contains(@id, 'ObjectPageLayout-headerTitle')]/div[1]/div[2]/div[1]/span[1]"}
RESULT: {"using":"xpath","value":"//header[contains(@id, 'ObjectPageLayout-headerTitle')]/div[1]/div[2]/div[1]/span[1]"}
COMMAND: POST /session/f8c7eca0926362d0d143ca0007fcee0c/execute/sync - {"script":"<script> [56 bytes]","args":[{"element-6066-11e4-a52e-4f735466cecf":"f.02B9836222177F2037F2E3F69B058F44.d.DC6E779ADFA451905FC287C3E186ED99.e.967","ELEMENT":"f.02B9836222177F2037F2E3F69B058F44.d.DC6E779ADFA451905FC287C3E186ED99.e.967"}]}
RESULT: {"script":"<script> [56 bytes]","args":[{"element-6066-11e4-a52e-4f735466cecf":"f.02B9836222177F2037F2E3F69B058F44.d.DC6E779ADFA451905FC287C3E186ED99.e.967","ELEMENT":"f.02B9836222177F2037F2E3F69B058F44.d.DC6E779ADFA451905FC287C3E186ED99.e.967"}]}
COMMAND: GET /session/f8c7eca0926362d0d143ca0007fcee0c/screenshot - {}
RESULT: {}
COMMAND: POST /session/f8c7eca0926362d0d143ca0007fcee0c/element - {"using":"css selector","value":"#shell-header-logo"}
RESULT: {"using":"css selector","value":"#shell-header-logo"}
COMMAND: POST /session/f8c7eca0926362d0d143ca0007fcee0c/element/f.02B9836222177F2037F2E3F69B058F44.d.DC6E779ADFA451905FC287C3E186ED99.e.235/click - {}
RESULT: {}
COMMAND: GET /session/f8c7eca0926362d0d143ca0007fcee0c/screenshot - {}
RESULT: {}
COMMAND: POST /session/f8c7eca0926362d0d143ca0007fcee0c/execute/sync - {"script":"<script> [299 bytes]","args":[["getModel","getResource"]]}
RESULT: {"script":"<script> [299 bytes]","args":[["getModel","getResource"]]}
]]></system-out>
    </testcase>
    <testcase classname="chrome.136_0_7103_93.windows.Create_masterdata_for_Yard_Overview_-_trigger_provide_US130988" name="Should create a new external partner" time="98.803">
      <system-out><![CDATA[
COMMAND: GET /session/f8c7eca0926362d0d143ca0007fcee0c/screenshot - {}
COMMAND: POST /session/f8c7eca0926362d0d143ca0007fcee0c/window/fullscreen - {}
RESULT: {}
RESULT: {}
COMMAND: POST /session/f8c7eca0926362d0d143ca0007fcee0c/execute/async - {"script":"<script> [1562 bytes]","args":[{"selector":{"controlType":"sap.m.GenericTile","properties":{"header":"Manage Partners"}},"wdio_ui5_key":"sapm.GenericTile{\"header\":\"Manage Partners\"}"}]}
RESULT: {"script":"<script> [1562 bytes]","args":[{"selector":{"controlType":"sap.m.GenericTile","properties":{"header":"Manage Partners"}},"wdio_ui5_key":"sapm.GenericTile{\"header\":\"Manage Partners\"}"}]}
RESULT: undefined
COMMAND: POST /session/f8c7eca0926362d0d143ca0007fcee0c/element - {"using":"xpath","value":"//*[@id=\"__tile38\"]"}
RESULT: {"using":"xpath","value":"//*[@id=\"__tile38\"]"}
COMMAND: POST /session/f8c7eca0926362d0d143ca0007fcee0c/element/f.02B9836222177F2037F2E3F69B058F44.d.DC6E779ADFA451905FC287C3E186ED99.e.118/click - {}
RESULT: {}
COMMAND: GET /session/f8c7eca0926362d0d143ca0007fcee0c/screenshot - {}
RESULT: {}
COMMAND: POST /session/f8c7eca0926362d0d143ca0007fcee0c/elements - {"using":"xpath","value":"//span[text()='Error']"}
RESULT: {"using":"xpath","value":"//span[text()='Error']"}
COMMAND: POST /session/f8c7eca0926362d0d143ca0007fcee0c/element - {"using":"xpath","value":"//button[@data-kt=\"addButton\"]"}
RESULT: {"using":"xpath","value":"//button[@data-kt=\"addButton\"]"}
COMMAND: POST /session/f8c7eca0926362d0d143ca0007fcee0c/elements - {"using":"xpath","value":"//button[@data-kt=\"addButton\"]"}
RESULT: {"using":"xpath","value":"//button[@data-kt=\"addButton\"]"}
COMMAND: POST /session/f8c7eca0926362d0d143ca0007fcee0c/execute/sync - {"script":"<script> [8489 bytes]","args":[{"element-6066-11e4-a52e-4f735466cecf":"f.02B9836222177F2037F2E3F69B058F44.d.DC6E779ADFA451905FC287C3E186ED99.e.1004","ELEMENT":"f.02B9836222177F2037F2E3F69B058F44.d.DC6E779ADFA451905FC287C3E186ED99.e.1004"}]}
RESULT: {"script":"<script> [8489 bytes]","args":[{"element-6066-11e4-a52e-4f735466cecf":"f.02B9836222177F2037F2E3F69B058F44.d.DC6E779ADFA451905FC287C3E186ED99.e.1004","ELEMENT":"f.02B9836222177F2037F2E3F69B058F44.d.DC6E779ADFA451905FC287C3E186ED99.e.1004"}]}
COMMAND: GET /session/f8c7eca0926362d0d143ca0007fcee0c/element/f.02B9836222177F2037F2E3F69B058F44.d.DC6E779ADFA451905FC287C3E186ED99.e.1004/enabled - {}
COMMAND: GET /session/f8c7eca0926362d0d143ca0007fcee0c/screenshot - {}
RESULT: {}
COMMAND: POST /session/f8c7eca0926362d0d143ca0007fcee0c/execute/sync - {"script":"<script> [8489 bytes]","args":[{"element-6066-11e4-a52e-4f735466cecf":"f.02B9836222177F2037F2E3F69B058F44.d.DC6E779ADFA451905FC287C3E186ED99.e.1004","ELEMENT":"f.02B9836222177F2037F2E3F69B058F44.d.DC6E779ADFA451905FC287C3E186ED99.e.1004"}]}
COMMAND: GET /session/f8c7eca0926362d0d143ca0007fcee0c/screenshot - {}
RESULT: {}
RESULT: {"script":"<script> [8489 bytes]","args":[{"element-6066-11e4-a52e-4f735466cecf":"f.02B9836222177F2037F2E3F69B058F44.d.DC6E779ADFA451905FC287C3E186ED99.e.1004","ELEMENT":"f.02B9836222177F2037F2E3F69B058F44.d.DC6E779ADFA451905FC287C3E186ED99.e.1004"}]}
COMMAND: POST /session/f8c7eca0926362d0d143ca0007fcee0c/execute/sync - {"script":"<script> [5351 bytes]","args":[{"element-6066-11e4-a52e-4f735466cecf":"f.02B9836222177F2037F2E3F69B058F44.d.DC6E779ADFA451905FC287C3E186ED99.e.1004","ELEMENT":"f.02B9836222177F2037F2E3F69B058F44.d.DC6E779ADFA451905FC287C3E186ED99.e.1004"}]}
COMMAND: GET /session/f8c7eca0926362d0d143ca0007fcee0c/screenshot - {}
RESULT: {}
RESULT: {"script":"<script> [5351 bytes]","args":[{"element-6066-11e4-a52e-4f735466cecf":"f.02B9836222177F2037F2E3F69B058F44.d.DC6E779ADFA451905FC287C3E186ED99.e.1004","ELEMENT":"f.02B9836222177F2037F2E3F69B058F44.d.DC6E779ADFA451905FC287C3E186ED99.e.1004"}]}
COMMAND: POST /session/f8c7eca0926362d0d143ca0007fcee0c/element/f.02B9836222177F2037F2E3F69B058F44.d.DC6E779ADFA451905FC287C3E186ED99.e.1004/click - {}
COMMAND: GET /session/f8c7eca0926362d0d143ca0007fcee0c/screenshot - {}
RESULT: {}
RESULT: {}
COMMAND: GET /session/f8c7eca0926362d0d143ca0007fcee0c/screenshot - {}
COMMAND: POST /session/f8c7eca0926362d0d143ca0007fcee0c/execute/async - {"script":"<script> [1562 bytes]","args":[{"selector":{"id":"application-managepartners-display-component---NewPartner--addressDetailDetailsName1","interaction":{"idSuffix":"inner"}},"wdio_ui5_key":"applicationmanagepartners-display-component---NewPartner--addressDetailDetailsName1"}]}
RESULT: {}
RESULT: {}
RESULT: {"script":"<script> [1562 bytes]","args":[{"selector":{"id":"application-managepartners-display-component---NewPartner--addressDetailDetailsName1","interaction":{"idSuffix":"inner"}},"wdio_ui5_key":"applicationmanagepartners-display-component---NewPartner--addressDetailDetailsName1"}]}
RESULT: undefined
COMMAND: POST /session/f8c7eca0926362d0d143ca0007fcee0c/execute/async - {"script":"<script> [776 bytes]","args":[{"enterText":"External Partner WDIO","selector":{"id":"application-managepartners-display-component---NewPartner--addressDetailDetailsName1","interaction":{"idSuffix":"inner"}},"clearTextFirst":true,"interactionType":"ENTER_TEXT"}]}
RESULT: {"script":"<script> [776 bytes]","args":[{"enterText":"External Partner WDIO","selector":{"id":"application-managepartners-display-component---NewPartner--addressDetailDetailsName1","interaction":{"idSuffix":"inner"}},"clearTextFirst":true,"interactionType":"ENTER_TEXT"}]}
COMMAND: POST /session/f8c7eca0926362d0d143ca0007fcee0c/execute/async - {"script":"<script> [1562 bytes]","args":[{"selector":{"id":"application-managepartners-display-component---NewPartner--addressDetailDetailsLanguage-arrow"},"wdio_ui5_key":"applicationmanagepartners-display-component---NewPartner--addressDetailDetailsLanguage-arrow"}]}
RESULT: {"script":"<script> [1562 bytes]","args":[{"selector":{"id":"application-managepartners-display-component---NewPartner--addressDetailDetailsLanguage-arrow"},"wdio_ui5_key":"applicationmanagepartners-display-component---NewPartner--addressDetailDetailsLanguage-arrow"}]}
RESULT: undefined
COMMAND: POST /session/f8c7eca0926362d0d143ca0007fcee0c/element - {"using":"xpath","value":"//*[@id=\"application-managepartners-display-component---NewPartner--addressDetailDetailsLanguage-arrow\"]"}
RESULT: {"using":"xpath","value":"//*[@id=\"application-managepartners-display-component---NewPartner--addressDetailDetailsLanguage-arrow\"]"}
COMMAND: POST /session/f8c7eca0926362d0d143ca0007fcee0c/element/f.02B9836222177F2037F2E3F69B058F44.d.DC6E779ADFA451905FC287C3E186ED99.e.1457/click - {}
RESULT: {}
COMMAND: POST /session/f8c7eca0926362d0d143ca0007fcee0c/element - {"using":"xpath","value":"//span[contains(text(), \"English\")]"}
COMMAND: GET /session/f8c7eca0926362d0d143ca0007fcee0c/screenshot - {}
RESULT: {"using":"xpath","value":"//span[contains(text(), \"English\")]"}
COMMAND: POST /session/f8c7eca0926362d0d143ca0007fcee0c/element/f.02B9836222177F2037F2E3F69B058F44.d.DC6E779ADFA451905FC287C3E186ED99.e.1458/click - {}
RESULT: {}
RESULT: {}
COMMAND: GET /session/f8c7eca0926362d0d143ca0007fcee0c/screenshot - {}
RESULT: {}
COMMAND: POST /session/f8c7eca0926362d0d143ca0007fcee0c/execute/async - {"script":"<script> [1562 bytes]","args":[{"selector":{"id":"application-managepartners-display-component---NewPartner--addressDetailDetailsCity1","interaction":{"idSuffix":"inner"}},"wdio_ui5_key":"applicationmanagepartners-display-component---NewPartner--addressDetailDetailsCity1"}]}
RESULT: {"script":"<script> [1562 bytes]","args":[{"selector":{"id":"application-managepartners-display-component---NewPartner--addressDetailDetailsCity1","interaction":{"idSuffix":"inner"}},"wdio_ui5_key":"applicationmanagepartners-display-component---NewPartner--addressDetailDetailsCity1"}]}
RESULT: undefined
COMMAND: POST /session/f8c7eca0926362d0d143ca0007fcee0c/execute/async - {"script":"<script> [776 bytes]","args":[{"enterText":"Rosario","selector":{"id":"application-managepartners-display-component---NewPartner--addressDetailDetailsCity1","interaction":{"idSuffix":"inner"}},"clearTextFirst":true,"interactionType":"ENTER_TEXT"}]}
RESULT: {"script":"<script> [776 bytes]","args":[{"enterText":"Rosario","selector":{"id":"application-managepartners-display-component---NewPartner--addressDetailDetailsCity1","interaction":{"idSuffix":"inner"}},"clearTextFirst":true,"interactionType":"ENTER_TEXT"}]}
COMMAND: POST /session/f8c7eca0926362d0d143ca0007fcee0c/execute/async - {"script":"<script> [1562 bytes]","args":[{"selector":{"id":"application-managepartners-display-component---NewPartner--addressDetailDetailsCountry-arrow"},"wdio_ui5_key":"applicationmanagepartners-display-component---NewPartner--addressDetailDetailsCountry-arrow"}]}
RESULT: {"script":"<script> [1562 bytes]","args":[{"selector":{"id":"application-managepartners-display-component---NewPartner--addressDetailDetailsCountry-arrow"},"wdio_ui5_key":"applicationmanagepartners-display-component---NewPartner--addressDetailDetailsCountry-arrow"}]}
RESULT: undefined
COMMAND: POST /session/f8c7eca0926362d0d143ca0007fcee0c/element - {"using":"xpath","value":"//*[@id=\"application-managepartners-display-component---NewPartner--addressDetailDetailsCountry-arrow\"]"}
RESULT: {"using":"xpath","value":"//*[@id=\"application-managepartners-display-component---NewPartner--addressDetailDetailsCountry-arrow\"]"}
COMMAND: POST /session/f8c7eca0926362d0d143ca0007fcee0c/element/f.02B9836222177F2037F2E3F69B058F44.d.DC6E779ADFA451905FC287C3E186ED99.e.1444/click - {}
RESULT: {}
COMMAND: POST /session/f8c7eca0926362d0d143ca0007fcee0c/element - {"using":"xpath","value":"//span[contains(text(), \"Argentina\")]"}
COMMAND: GET /session/f8c7eca0926362d0d143ca0007fcee0c/screenshot - {}
RESULT: {"using":"xpath","value":"//span[contains(text(), \"Argentina\")]"}
COMMAND: POST /session/f8c7eca0926362d0d143ca0007fcee0c/element/f.02B9836222177F2037F2E3F69B058F44.d.DC6E779ADFA451905FC287C3E186ED99.e.1460/click - {}
RESULT: {}
RESULT: {}
COMMAND: GET /session/f8c7eca0926362d0d143ca0007fcee0c/screenshot - {}
RESULT: {}
COMMAND: POST /session/f8c7eca0926362d0d143ca0007fcee0c/element - {"using":"xpath","value":"//bdi[contains(text(), \"Commercial\")]"}
RESULT: {"using":"xpath","value":"//bdi[contains(text(), \"Commercial\")]"}
COMMAND: POST /session/f8c7eca0926362d0d143ca0007fcee0c/element/f.02B9836222177F2037F2E3F69B058F44.d.DC6E779ADFA451905FC287C3E186ED99.e.1461/click - {}
RESULT: {}
COMMAND: GET /session/f8c7eca0926362d0d143ca0007fcee0c/screenshot - {}
RESULT: {}
COMMAND: POST /session/f8c7eca0926362d0d143ca0007fcee0c/execute/async - {"script":"<script> [1562 bytes]","args":[{"selector":{"id":"application-managepartners-display-component---NewPartner--partnerDetailInternal-arrow"},"wdio_ui5_key":"applicationmanagepartners-display-component---NewPartner--partnerDetailInternal-arrow"}]}
RESULT: {"script":"<script> [1562 bytes]","args":[{"selector":{"id":"application-managepartners-display-component---NewPartner--partnerDetailInternal-arrow"},"wdio_ui5_key":"applicationmanagepartners-display-component---NewPartner--partnerDetailInternal-arrow"}]}
RESULT: undefined
COMMAND: POST /session/f8c7eca0926362d0d143ca0007fcee0c/element - {"using":"xpath","value":"//*[@id=\"application-managepartners-display-component---NewPartner--partnerDetailInternal-arrow\"]"}
RESULT: {"using":"xpath","value":"//*[@id=\"application-managepartners-display-component---NewPartner--partnerDetailInternal-arrow\"]"}
COMMAND: POST /session/f8c7eca0926362d0d143ca0007fcee0c/element/f.02B9836222177F2037F2E3F69B058F44.d.DC6E779ADFA451905FC287C3E186ED99.e.1467/click - {}
RESULT: {}
COMMAND: POST /session/f8c7eca0926362d0d143ca0007fcee0c/element - {"using":"xpath","value":"//span[contains(text(), \"External partner\")]"}
COMMAND: GET /session/f8c7eca0926362d0d143ca0007fcee0c/screenshot - {}
RESULT: {"using":"xpath","value":"//span[contains(text(), \"External partner\")]"}
COMMAND: POST /session/f8c7eca0926362d0d143ca0007fcee0c/element/f.02B9836222177F2037F2E3F69B058F44.d.DC6E779ADFA451905FC287C3E186ED99.e.1468/click - {}
RESULT: {}
RESULT: {}
COMMAND: POST /session/f8c7eca0926362d0d143ca0007fcee0c/execute/async - {"script":"<script> [1562 bytes]","args":[{"selector":{"id":"application-managepartners-display-component---NewPartner--partnerDetailsCurrency-arrow"},"wdio_ui5_key":"applicationmanagepartners-display-component---NewPartner--partnerDetailsCurrency-arrow"}]}
COMMAND: GET /session/f8c7eca0926362d0d143ca0007fcee0c/screenshot - {}
RESULT: {"script":"<script> [1562 bytes]","args":[{"selector":{"id":"application-managepartners-display-component---NewPartner--partnerDetailsCurrency-arrow"},"wdio_ui5_key":"applicationmanagepartners-display-component---NewPartner--partnerDetailsCurrency-arrow"}]}
RESULT: undefined
COMMAND: POST /session/f8c7eca0926362d0d143ca0007fcee0c/element - {"using":"xpath","value":"//*[@id=\"application-managepartners-display-component---NewPartner--partnerDetailsCurrency-arrow\"]"}
RESULT: {}
RESULT: {"using":"xpath","value":"//*[@id=\"application-managepartners-display-component---NewPartner--partnerDetailsCurrency-arrow\"]"}
COMMAND: POST /session/f8c7eca0926362d0d143ca0007fcee0c/element/f.02B9836222177F2037F2E3F69B058F44.d.DC6E779ADFA451905FC287C3E186ED99.e.1473/click - {}
RESULT: {}
COMMAND: POST /session/f8c7eca0926362d0d143ca0007fcee0c/element - {"using":"xpath","value":"//span[contains(text(), \"US Dollar\")]"}
COMMAND: GET /session/f8c7eca0926362d0d143ca0007fcee0c/screenshot - {}
RESULT: {"using":"xpath","value":"//span[contains(text(), \"US Dollar\")]"}
COMMAND: POST /session/f8c7eca0926362d0d143ca0007fcee0c/element/f.02B9836222177F2037F2E3F69B058F44.d.DC6E779ADFA451905FC287C3E186ED99.e.1474/click - {}
RESULT: {}
RESULT: {}
COMMAND: GET /session/f8c7eca0926362d0d143ca0007fcee0c/screenshot - {}
RESULT: {}
COMMAND: POST /session/f8c7eca0926362d0d143ca0007fcee0c/element - {"using":"xpath","value":"//input[@id=\"application-managepartners-display-component---NewPartner--companyCodeComboBox-inner\"]"}
RESULT: {"using":"xpath","value":"//input[@id=\"application-managepartners-display-component---NewPartner--companyCodeComboBox-inner\"]"}
COMMAND: POST /session/f8c7eca0926362d0d143ca0007fcee0c/element/f.02B9836222177F2037F2E3F69B058F44.d.DC6E779ADFA451905FC287C3E186ED99.e.1313/clear - {}
RESULT: {}
COMMAND: POST /session/f8c7eca0926362d0d143ca0007fcee0c/element/f.02B9836222177F2037F2E3F69B058F44.d.DC6E779ADFA451905FC287C3E186ED99.e.1313/value - {"text":"C002"}
COMMAND: GET /session/f8c7eca0926362d0d143ca0007fcee0c/screenshot - {}
RESULT: {"text":"C002"}
COMMAND: GET /session/f8c7eca0926362d0d143ca0007fcee0c/screenshot - {}
RESULT: {}
RESULT: {}
COMMAND: POST /session/f8c7eca0926362d0d143ca0007fcee0c/element - {"using":"xpath","value":"//li[.//span[text()= \"C002\"]]"}
RESULT: {"using":"xpath","value":"//li[.//span[text()= \"C002\"]]"}
COMMAND: POST /session/f8c7eca0926362d0d143ca0007fcee0c/element/f.02B9836222177F2037F2E3F69B058F44.d.DC6E779ADFA451905FC287C3E186ED99.e.1478/click - {}
RESULT: {}
COMMAND: GET /session/f8c7eca0926362d0d143ca0007fcee0c/screenshot - {}
RESULT: {}
COMMAND: POST /session/f8c7eca0926362d0d143ca0007fcee0c/execute/async - {"script":"<script> [1562 bytes]","args":[{"selector":{"controlType":"sap.ui.core.Icon","viewName":"etm.portal.ui.managepartners.view.NewPartner","viewId":"application-managepartners-display-component---NewPartner","properties":{"src":{"regex":{"source":"slim\\-arrow\\-down"}}},"ancestor":{"controlType":"sap.m.ComboBox","viewName":"etm.portal.ui.managepartners.view.NewPartner","viewId":"application-managepartners-display-component---NewPartner","bindingPath":{"path":"","propertyPath":"/CATALOG","modelName":"oNewPartnerModel"}}},"wdio_ui5_key":"etmportal.ui.managepartners.view.NewPartnersap.ui.core.Icon{\"src\":{\"regex\":{\"source\":\"slim\\\\-arrow\\\\-down\"}}}{\"controlType\":\"sap.m.ComboBox\",\"viewName\":\"etm.portal.ui.managepartners.view.NewPartner\",\"viewId\":\"application-managepartners-display-component---NewPartner\",\"bindingPath\":{\"path\":\"\",\"propertyPath\":\"/CATALOG\",\"modelName\":\"oNewPartnerModel\"}}"}]}
RESULT: {"script":"<script> [1562 bytes]","args":[{"selector":{"controlType":"sap.ui.core.Icon","viewName":"etm.portal.ui.managepartners.view.NewPartner","viewId":"application-managepartners-display-component---NewPartner","properties":{"src":{"regex":{"source":"slim\\-arrow\\-down"}}},"ancestor":{"controlType":"sap.m.ComboBox","viewName":"etm.portal.ui.managepartners.view.NewPartner","viewId":"application-managepartners-display-component---NewPartner","bindingPath":{"path":"","propertyPath":"/CATALOG","modelName":"oNewPartnerModel"}}},"wdio_ui5_key":"etmportal.ui.managepartners.view.NewPartnersap.ui.core.Icon{\"src\":{\"regex\":{\"source\":\"slim\\\\-arrow\\\\-down\"}}}{\"controlType\":\"sap.m.ComboBox\",\"viewName\":\"etm.portal.ui.managepartners.view.NewPartner\",\"viewId\":\"application-managepartners-display-component---NewPartner\",\"bindingPath\":{\"path\":\"\",\"propertyPath\":\"/CATALOG\",\"modelName\":\"oNewPartnerModel\"}}"}]}
RESULT: undefined
COMMAND: POST /session/f8c7eca0926362d0d143ca0007fcee0c/element - {"using":"xpath","value":"//*[@id=\"__box22-arrow\"]"}
RESULT: {"using":"xpath","value":"//*[@id=\"__box22-arrow\"]"}
COMMAND: POST /session/f8c7eca0926362d0d143ca0007fcee0c/element/f.02B9836222177F2037F2E3F69B058F44.d.DC6E779ADFA451905FC287C3E186ED99.e.1445/click - {}
RESULT: {}
COMMAND: GET /session/f8c7eca0926362d0d143ca0007fcee0c/screenshot - {}
RESULT: {}
COMMAND: POST /session/f8c7eca0926362d0d143ca0007fcee0c/element - {"using":"xpath","value":"//li[.//span[text()= \"Webshop Catalog\"]]"}
RESULT: {"using":"xpath","value":"//li[.//span[text()= \"Webshop Catalog\"]]"}
COMMAND: POST /session/f8c7eca0926362d0d143ca0007fcee0c/element/f.02B9836222177F2037F2E3F69B058F44.d.DC6E779ADFA451905FC287C3E186ED99.e.1480/click - {}
RESULT: {}
COMMAND: GET /session/f8c7eca0926362d0d143ca0007fcee0c/screenshot - {}
RESULT: {}
COMMAND: POST /session/f8c7eca0926362d0d143ca0007fcee0c/execute/async - {"script":"<script> [1562 bytes]","args":[{"selector":{"id":"application-managepartners-display-component---NewPartner--btnAddTableRow-img"},"wdio_ui5_key":"applicationmanagepartners-display-component---NewPartner--btnAddTableRow-img"}]}
RESULT: {"script":"<script> [1562 bytes]","args":[{"selector":{"id":"application-managepartners-display-component---NewPartner--btnAddTableRow-img"},"wdio_ui5_key":"applicationmanagepartners-display-component---NewPartner--btnAddTableRow-img"}]}
RESULT: undefined
COMMAND: POST /session/f8c7eca0926362d0d143ca0007fcee0c/element - {"using":"xpath","value":"//*[@id=\"application-managepartners-display-component---NewPartner--btnAddTableRow-img\"]"}
RESULT: {"using":"xpath","value":"//*[@id=\"application-managepartners-display-component---NewPartner--btnAddTableRow-img\"]"}
COMMAND: POST /session/f8c7eca0926362d0d143ca0007fcee0c/element/f.02B9836222177F2037F2E3F69B058F44.d.DC6E779ADFA451905FC287C3E186ED99.e.1481/click - {}
RESULT: {}
COMMAND: GET /session/f8c7eca0926362d0d143ca0007fcee0c/screenshot - {}
RESULT: {}
COMMAND: POST /session/f8c7eca0926362d0d143ca0007fcee0c/element - {"using":"xpath","value":"//input[@id=\"application-managepartners-display-component---NewPartner--assignmentYard-application-managepartners-display-component---NewPartner--assignmentsTable-0-inner\"]"}
RESULT: {"using":"xpath","value":"//input[@id=\"application-managepartners-display-component---NewPartner--assignmentYard-application-managepartners-display-component---NewPartner--assignmentsTable-0-inner\"]"}
COMMAND: POST /session/f8c7eca0926362d0d143ca0007fcee0c/element/f.02B9836222177F2037F2E3F69B058F44.d.DC6E779ADFA451905FC287C3E186ED99.e.1484/clear - {}
RESULT: {}
COMMAND: POST /session/f8c7eca0926362d0d143ca0007fcee0c/element/f.02B9836222177F2037F2E3F69B058F44.d.DC6E779ADFA451905FC287C3E186ED99.e.1484/value - {"text":"419"}
COMMAND: GET /session/f8c7eca0926362d0d143ca0007fcee0c/screenshot - {}
RESULT: {"text":"419"}
COMMAND: GET /session/f8c7eca0926362d0d143ca0007fcee0c/screenshot - {}
RESULT: {}
RESULT: {}
COMMAND: POST /session/f8c7eca0926362d0d143ca0007fcee0c/element - {"using":"xpath","value":"//li[.//span[text()='419']]"}
RESULT: {"using":"xpath","value":"//li[.//span[text()='419']]"}
COMMAND: POST /session/f8c7eca0926362d0d143ca0007fcee0c/element/f.02B9836222177F2037F2E3F69B058F44.d.DC6E779ADFA451905FC287C3E186ED99.e.1491/click - {}
RESULT: {}
COMMAND: GET /session/f8c7eca0926362d0d143ca0007fcee0c/screenshot - {}
RESULT: {}
COMMAND: POST /session/f8c7eca0926362d0d143ca0007fcee0c/actions - {"actions":[{"id":"action2","type":"key","parameters":{},"actions":[{"type":"keyDown","value":""},{"type":"pause","duration":10},{"type":"keyUp","value":""}]}]}
RESULT: {"actions":[{"id":"action2","type":"key","parameters":{},"actions":[{"type":"keyDown","value":""},{"type":"pause","duration":10},{"type":"keyUp","value":""}]}]}
COMMAND: POST /session/f8c7eca0926362d0d143ca0007fcee0c/element - {"using":"xpath","value":"//td[contains(@id, \"assignmentsTable-0-cell2\")]/div/div"}
COMMAND: GET /session/f8c7eca0926362d0d143ca0007fcee0c/screenshot - {}
RESULT: {"using":"xpath","value":"//td[contains(@id, \"assignmentsTable-0-cell2\")]/div/div"}
COMMAND: POST /session/f8c7eca0926362d0d143ca0007fcee0c/element/f.02B9836222177F2037F2E3F69B058F44.d.DC6E779ADFA451905FC287C3E186ED99.e.1494/click - {}
RESULT: {}
RESULT: {}
COMMAND: GET /session/f8c7eca0926362d0d143ca0007fcee0c/screenshot - {}
RESULT: {}
COMMAND: POST /session/f8c7eca0926362d0d143ca0007fcee0c/element - {"using":"xpath","value":"//button[@data-kt=\"saveButton\"]"}
RESULT: {"using":"xpath","value":"//button[@data-kt=\"saveButton\"]"}
COMMAND: POST /session/f8c7eca0926362d0d143ca0007fcee0c/element/f.02B9836222177F2037F2E3F69B058F44.d.DC6E779ADFA451905FC287C3E186ED99.e.1393/click - {}
RESULT: {}
COMMAND: GET /session/f8c7eca0926362d0d143ca0007fcee0c/screenshot - {}
RESULT: {}
COMMAND: POST /session/f8c7eca0926362d0d143ca0007fcee0c/element - {"using":"xpath","value":"//header[contains(@id, 'ObjectPageLayout-headerTitle')]/div[1]/div[2]/div[2]/span[1]"}
RESULT: {"using":"xpath","value":"//header[contains(@id, 'ObjectPageLayout-headerTitle')]/div[1]/div[2]/div[2]/span[1]"}
COMMAND: POST /session/f8c7eca0926362d0d143ca0007fcee0c/elements - {"using":"xpath","value":"//header[contains(@id, 'ObjectPageLayout-headerTitle')]/div[1]/div[2]/div[2]/span[1]"}
RESULT: {"using":"xpath","value":"//header[contains(@id, 'ObjectPageLayout-headerTitle')]/div[1]/div[2]/div[2]/span[1]"}
COMMAND: POST /session/f8c7eca0926362d0d143ca0007fcee0c/execute/sync - {"script":"<script> [56 bytes]","args":[{"element-6066-11e4-a52e-4f735466cecf":"f.02B9836222177F2037F2E3F69B058F44.d.DC6E779ADFA451905FC287C3E186ED99.e.1656","ELEMENT":"f.02B9836222177F2037F2E3F69B058F44.d.DC6E779ADFA451905FC287C3E186ED99.e.1656"}]}
RESULT: {"script":"<script> [56 bytes]","args":[{"element-6066-11e4-a52e-4f735466cecf":"f.02B9836222177F2037F2E3F69B058F44.d.DC6E779ADFA451905FC287C3E186ED99.e.1656","ELEMENT":"f.02B9836222177F2037F2E3F69B058F44.d.DC6E779ADFA451905FC287C3E186ED99.e.1656"}]}
COMMAND: POST /session/f8c7eca0926362d0d143ca0007fcee0c/element - {"using":"css selector","value":"#shell-header-logo"}
COMMAND: GET /session/f8c7eca0926362d0d143ca0007fcee0c/screenshot - {}
RESULT: {"using":"css selector","value":"#shell-header-logo"}
COMMAND: POST /session/f8c7eca0926362d0d143ca0007fcee0c/element/f.02B9836222177F2037F2E3F69B058F44.d.DC6E779ADFA451905FC287C3E186ED99.e.971/click - {}
RESULT: {}
RESULT: {}
COMMAND: GET /session/f8c7eca0926362d0d143ca0007fcee0c/screenshot - {}
RESULT: {}
COMMAND: POST /session/f8c7eca0926362d0d143ca0007fcee0c/execute/sync - {"script":"<script> [299 bytes]","args":[["getModel","getResource"]]}
RESULT: {"script":"<script> [299 bytes]","args":[["getModel","getResource"]]}
]]></system-out>
    </testcase>
    <testcase classname="chrome.136_0_7103_93.windows.Create_masterdata_for_Yard_Overview_-_trigger_provide_US130988" name="Should create a new site" time="89.317">
      <system-out><![CDATA[
COMMAND: GET /session/f8c7eca0926362d0d143ca0007fcee0c/screenshot - {}
COMMAND: POST /session/f8c7eca0926362d0d143ca0007fcee0c/execute/async - {"script":"<script> [1562 bytes]","args":[{"selector":{"controlType":"sap.m.GenericTile","properties":{"header":"Manage Sites"}},"wdio_ui5_key":"sapm.GenericTile{\"header\":\"Manage Sites\"}"}]}
RESULT: {"script":"<script> [1562 bytes]","args":[{"selector":{"controlType":"sap.m.GenericTile","properties":{"header":"Manage Sites"}},"wdio_ui5_key":"sapm.GenericTile{\"header\":\"Manage Sites\"}"}]}
RESULT: undefined
COMMAND: POST /session/f8c7eca0926362d0d143ca0007fcee0c/element - {"using":"xpath","value":"//*[@id=\"__tile40\"]"}
RESULT: {}
RESULT: {"using":"xpath","value":"//*[@id=\"__tile40\"]"}
COMMAND: POST /session/f8c7eca0926362d0d143ca0007fcee0c/element/f.02B9836222177F2037F2E3F69B058F44.d.DC6E779ADFA451905FC287C3E186ED99.e.124/click - {}
RESULT: {}
COMMAND: GET /session/f8c7eca0926362d0d143ca0007fcee0c/screenshot - {}
RESULT: {}
COMMAND: POST /session/f8c7eca0926362d0d143ca0007fcee0c/elements - {"using":"xpath","value":"//span[text()='Error']"}
RESULT: {"using":"xpath","value":"//span[text()='Error']"}
COMMAND: POST /session/f8c7eca0926362d0d143ca0007fcee0c/element - {"using":"xpath","value":"//button[@data-kt=\"addOverflowToolbarButton\"]"}
RESULT: {"using":"xpath","value":"//button[@data-kt=\"addOverflowToolbarButton\"]"}
COMMAND: POST /session/f8c7eca0926362d0d143ca0007fcee0c/elements - {"using":"xpath","value":"//button[@data-kt=\"addOverflowToolbarButton\"]"}
RESULT: {"using":"xpath","value":"//button[@data-kt=\"addOverflowToolbarButton\"]"}
COMMAND: POST /session/f8c7eca0926362d0d143ca0007fcee0c/execute/sync - {"script":"<script> [8489 bytes]","args":[{"element-6066-11e4-a52e-4f735466cecf":"f.02B9836222177F2037F2E3F69B058F44.d.DC6E779ADFA451905FC287C3E186ED99.e.1702","ELEMENT":"f.02B9836222177F2037F2E3F69B058F44.d.DC6E779ADFA451905FC287C3E186ED99.e.1702"}]}
RESULT: {"script":"<script> [8489 bytes]","args":[{"element-6066-11e4-a52e-4f735466cecf":"f.02B9836222177F2037F2E3F69B058F44.d.DC6E779ADFA451905FC287C3E186ED99.e.1702","ELEMENT":"f.02B9836222177F2037F2E3F69B058F44.d.DC6E779ADFA451905FC287C3E186ED99.e.1702"}]}
COMMAND: GET /session/f8c7eca0926362d0d143ca0007fcee0c/element/f.02B9836222177F2037F2E3F69B058F44.d.DC6E779ADFA451905FC287C3E186ED99.e.1702/enabled - {}
COMMAND: GET /session/f8c7eca0926362d0d143ca0007fcee0c/screenshot - {}
RESULT: {}
COMMAND: POST /session/f8c7eca0926362d0d143ca0007fcee0c/execute/sync - {"script":"<script> [8489 bytes]","args":[{"element-6066-11e4-a52e-4f735466cecf":"f.02B9836222177F2037F2E3F69B058F44.d.DC6E779ADFA451905FC287C3E186ED99.e.1702","ELEMENT":"f.02B9836222177F2037F2E3F69B058F44.d.DC6E779ADFA451905FC287C3E186ED99.e.1702"}]}
COMMAND: GET /session/f8c7eca0926362d0d143ca0007fcee0c/screenshot - {}
RESULT: {}
RESULT: {"script":"<script> [8489 bytes]","args":[{"element-6066-11e4-a52e-4f735466cecf":"f.02B9836222177F2037F2E3F69B058F44.d.DC6E779ADFA451905FC287C3E186ED99.e.1702","ELEMENT":"f.02B9836222177F2037F2E3F69B058F44.d.DC6E779ADFA451905FC287C3E186ED99.e.1702"}]}
COMMAND: POST /session/f8c7eca0926362d0d143ca0007fcee0c/execute/sync - {"script":"<script> [5351 bytes]","args":[{"element-6066-11e4-a52e-4f735466cecf":"f.02B9836222177F2037F2E3F69B058F44.d.DC6E779ADFA451905FC287C3E186ED99.e.1702","ELEMENT":"f.02B9836222177F2037F2E3F69B058F44.d.DC6E779ADFA451905FC287C3E186ED99.e.1702"}]}
COMMAND: GET /session/f8c7eca0926362d0d143ca0007fcee0c/screenshot - {}
RESULT: {}
RESULT: {"script":"<script> [5351 bytes]","args":[{"element-6066-11e4-a52e-4f735466cecf":"f.02B9836222177F2037F2E3F69B058F44.d.DC6E779ADFA451905FC287C3E186ED99.e.1702","ELEMENT":"f.02B9836222177F2037F2E3F69B058F44.d.DC6E779ADFA451905FC287C3E186ED99.e.1702"}]}
COMMAND: POST /session/f8c7eca0926362d0d143ca0007fcee0c/element/f.02B9836222177F2037F2E3F69B058F44.d.DC6E779ADFA451905FC287C3E186ED99.e.1702/click - {}
COMMAND: GET /session/f8c7eca0926362d0d143ca0007fcee0c/screenshot - {}
RESULT: {}
RESULT: {}
COMMAND: GET /session/f8c7eca0926362d0d143ca0007fcee0c/screenshot - {}
RESULT: {}
RESULT: {}
COMMAND: POST /session/f8c7eca0926362d0d143ca0007fcee0c/element - {"using":"xpath","value":"//input[@id=\"application-managesites-display-component---NewSite--siteId-inner\"]"}
RESULT: {"using":"xpath","value":"//input[@id=\"application-managesites-display-component---NewSite--siteId-inner\"]"}
COMMAND: POST /session/f8c7eca0926362d0d143ca0007fcee0c/element - {"using":"xpath","value":"//input[@id=\"application-managesites-display-component---NewSite--siteId-inner\"]"}
RESULT: {"using":"xpath","value":"//input[@id=\"application-managesites-display-component---NewSite--siteId-inner\"]"}
COMMAND: POST /session/f8c7eca0926362d0d143ca0007fcee0c/execute/async - {"script":"<script> [1562 bytes]","args":[{"selector":{"id":"application-managesites-display-component---NewSite--addressDetailDetailsName1","interaction":{"idSuffix":"inner"}},"wdio_ui5_key":"applicationmanagesites-display-component---NewSite--addressDetailDetailsName1"}]}
RESULT: {"script":"<script> [1562 bytes]","args":[{"selector":{"id":"application-managesites-display-component---NewSite--addressDetailDetailsName1","interaction":{"idSuffix":"inner"}},"wdio_ui5_key":"applicationmanagesites-display-component---NewSite--addressDetailDetailsName1"}]}
RESULT: undefined
COMMAND: POST /session/f8c7eca0926362d0d143ca0007fcee0c/execute/async - {"script":"<script> [776 bytes]","args":[{"enterText":"Other Type Site WDIO","selector":{"id":"application-managesites-display-component---NewSite--addressDetailDetailsName1","interaction":{"idSuffix":"inner"}},"clearTextFirst":true,"interactionType":"ENTER_TEXT"}]}
RESULT: {"script":"<script> [776 bytes]","args":[{"enterText":"Other Type Site WDIO","selector":{"id":"application-managesites-display-component---NewSite--addressDetailDetailsName1","interaction":{"idSuffix":"inner"}},"clearTextFirst":true,"interactionType":"ENTER_TEXT"}]}
COMMAND: POST /session/f8c7eca0926362d0d143ca0007fcee0c/execute/async - {"script":"<script> [1562 bytes]","args":[{"selector":{"id":"application-managesites-display-component---NewSite--addressDetailDetailsLanguage-arrow"},"wdio_ui5_key":"applicationmanagesites-display-component---NewSite--addressDetailDetailsLanguage-arrow"}]}
RESULT: {"script":"<script> [1562 bytes]","args":[{"selector":{"id":"application-managesites-display-component---NewSite--addressDetailDetailsLanguage-arrow"},"wdio_ui5_key":"applicationmanagesites-display-component---NewSite--addressDetailDetailsLanguage-arrow"}]}
RESULT: undefined
COMMAND: POST /session/f8c7eca0926362d0d143ca0007fcee0c/element - {"using":"xpath","value":"//*[@id=\"application-managesites-display-component---NewSite--addressDetailDetailsLanguage-arrow\"]"}
RESULT: {"using":"xpath","value":"//*[@id=\"application-managesites-display-component---NewSite--addressDetailDetailsLanguage-arrow\"]"}
COMMAND: POST /session/f8c7eca0926362d0d143ca0007fcee0c/element/f.02B9836222177F2037F2E3F69B058F44.d.DC6E779ADFA451905FC287C3E186ED99.e.2105/click - {}
RESULT: {}
COMMAND: POST /session/f8c7eca0926362d0d143ca0007fcee0c/element - {"using":"xpath","value":"//span[contains(text(), \"English\")]"}
COMMAND: GET /session/f8c7eca0926362d0d143ca0007fcee0c/screenshot - {}
RESULT: {"using":"xpath","value":"//span[contains(text(), \"English\")]"}
COMMAND: POST /session/f8c7eca0926362d0d143ca0007fcee0c/element/f.02B9836222177F2037F2E3F69B058F44.d.DC6E779ADFA451905FC287C3E186ED99.e.2106/click - {}
RESULT: {}
RESULT: {}
COMMAND: POST /session/f8c7eca0926362d0d143ca0007fcee0c/execute/async - {"script":"<script> [1562 bytes]","args":[{"selector":{"id":"application-managesites-display-component---NewSite--addressDetailDetailsCity1","interaction":{"idSuffix":"inner"}},"wdio_ui5_key":"applicationmanagesites-display-component---NewSite--addressDetailDetailsCity1"}]}
COMMAND: GET /session/f8c7eca0926362d0d143ca0007fcee0c/screenshot - {}
RESULT: {"script":"<script> [1562 bytes]","args":[{"selector":{"id":"application-managesites-display-component---NewSite--addressDetailDetailsCity1","interaction":{"idSuffix":"inner"}},"wdio_ui5_key":"applicationmanagesites-display-component---NewSite--addressDetailDetailsCity1"}]}
RESULT: undefined
COMMAND: POST /session/f8c7eca0926362d0d143ca0007fcee0c/execute/async - {"script":"<script> [776 bytes]","args":[{"enterText":"Rosario","selector":{"id":"application-managesites-display-component---NewSite--addressDetailDetailsCity1","interaction":{"idSuffix":"inner"}},"clearTextFirst":true,"interactionType":"ENTER_TEXT"}]}
RESULT: {}
RESULT: {"script":"<script> [776 bytes]","args":[{"enterText":"Rosario","selector":{"id":"application-managesites-display-component---NewSite--addressDetailDetailsCity1","interaction":{"idSuffix":"inner"}},"clearTextFirst":true,"interactionType":"ENTER_TEXT"}]}
COMMAND: POST /session/f8c7eca0926362d0d143ca0007fcee0c/execute/async - {"script":"<script> [1562 bytes]","args":[{"selector":{"id":"application-managesites-display-component---NewSite--addressDetailDetailsCountry-arrow"},"wdio_ui5_key":"applicationmanagesites-display-component---NewSite--addressDetailDetailsCountry-arrow"}]}
RESULT: {"script":"<script> [1562 bytes]","args":[{"selector":{"id":"application-managesites-display-component---NewSite--addressDetailDetailsCountry-arrow"},"wdio_ui5_key":"applicationmanagesites-display-component---NewSite--addressDetailDetailsCountry-arrow"}]}
RESULT: undefined
COMMAND: POST /session/f8c7eca0926362d0d143ca0007fcee0c/element - {"using":"xpath","value":"//*[@id=\"application-managesites-display-component---NewSite--addressDetailDetailsCountry-arrow\"]"}
RESULT: {"using":"xpath","value":"//*[@id=\"application-managesites-display-component---NewSite--addressDetailDetailsCountry-arrow\"]"}
COMMAND: POST /session/f8c7eca0926362d0d143ca0007fcee0c/element/f.02B9836222177F2037F2E3F69B058F44.d.DC6E779ADFA451905FC287C3E186ED99.e.2108/click - {}
RESULT: {}
COMMAND: POST /session/f8c7eca0926362d0d143ca0007fcee0c/element - {"using":"xpath","value":"//span[contains(text(), \"Argentina\")]"}
COMMAND: GET /session/f8c7eca0926362d0d143ca0007fcee0c/screenshot - {}
RESULT: {"using":"xpath","value":"//span[contains(text(), \"Argentina\")]"}
COMMAND: POST /session/f8c7eca0926362d0d143ca0007fcee0c/element/f.02B9836222177F2037F2E3F69B058F44.d.DC6E779ADFA451905FC287C3E186ED99.e.2110/click - {}
RESULT: {}
RESULT: {}
COMMAND: GET /session/f8c7eca0926362d0d143ca0007fcee0c/screenshot - {}
RESULT: {}
COMMAND: POST /session/f8c7eca0926362d0d143ca0007fcee0c/execute/async - {"script":"<script> [1562 bytes]","args":[{"selector":{"id":"application-managesites-display-component---NewSite--addressEditDetailsCostObjectCstType-arrow"},"wdio_ui5_key":"applicationmanagesites-display-component---NewSite--addressEditDetailsCostObjectCstType-arrow"}]}
RESULT: {"script":"<script> [1562 bytes]","args":[{"selector":{"id":"application-managesites-display-component---NewSite--addressEditDetailsCostObjectCstType-arrow"},"wdio_ui5_key":"applicationmanagesites-display-component---NewSite--addressEditDetailsCostObjectCstType-arrow"}]}
RESULT: undefined
COMMAND: POST /session/f8c7eca0926362d0d143ca0007fcee0c/element - {"using":"xpath","value":"//*[@id=\"application-managesites-display-component---NewSite--addressEditDetailsCostObjectCstType-arrow\"]"}
RESULT: {"using":"xpath","value":"//*[@id=\"application-managesites-display-component---NewSite--addressEditDetailsCostObjectCstType-arrow\"]"}
COMMAND: POST /session/f8c7eca0926362d0d143ca0007fcee0c/element/f.02B9836222177F2037F2E3F69B058F44.d.DC6E779ADFA451905FC287C3E186ED99.e.2111/click - {}
RESULT: {}
COMMAND: POST /session/f8c7eca0926362d0d143ca0007fcee0c/element - {"using":"xpath","value":"//span[contains(text(), \"Cost Center\")]"}
COMMAND: GET /session/f8c7eca0926362d0d143ca0007fcee0c/screenshot - {}
RESULT: {"using":"xpath","value":"//span[contains(text(), \"Cost Center\")]"}
COMMAND: POST /session/f8c7eca0926362d0d143ca0007fcee0c/element/f.02B9836222177F2037F2E3F69B058F44.d.DC6E779ADFA451905FC287C3E186ED99.e.2112/click - {}
RESULT: {}
RESULT: {}
COMMAND: GET /session/f8c7eca0926362d0d143ca0007fcee0c/screenshot - {}
RESULT: {}
COMMAND: POST /session/f8c7eca0926362d0d143ca0007fcee0c/element - {"using":"xpath","value":"//span[@id=\"application-managesites-display-component---NewSite--addressNewCostObjectCstID-vhi\"]"}
RESULT: {"using":"xpath","value":"//span[@id=\"application-managesites-display-component---NewSite--addressNewCostObjectCstID-vhi\"]"}
COMMAND: POST /session/f8c7eca0926362d0d143ca0007fcee0c/execute/sync - {"script":"<script> [8489 bytes]","args":[{"element-6066-11e4-a52e-4f735466cecf":"f.02B9836222177F2037F2E3F69B058F44.d.DC6E779ADFA451905FC287C3E186ED99.e.2117","ELEMENT":"f.02B9836222177F2037F2E3F69B058F44.d.DC6E779ADFA451905FC287C3E186ED99.e.2117"}]}
RESULT: {"script":"<script> [8489 bytes]","args":[{"element-6066-11e4-a52e-4f735466cecf":"f.02B9836222177F2037F2E3F69B058F44.d.DC6E779ADFA451905FC287C3E186ED99.e.2117","ELEMENT":"f.02B9836222177F2037F2E3F69B058F44.d.DC6E779ADFA451905FC287C3E186ED99.e.2117"}]}
COMMAND: POST /session/f8c7eca0926362d0d143ca0007fcee0c/execute/async - {"script":"<script> [1562 bytes]","args":[{"selector":{"id":"application-managesites-display-component---NewSite--addressNewCostObjectCstID-vhi"},"wdio_ui5_key":"applicationmanagesites-display-component---NewSite--addressNewCostObjectCstID-vhi"}]}
COMMAND: GET /session/f8c7eca0926362d0d143ca0007fcee0c/screenshot - {}
RESULT: {"script":"<script> [1562 bytes]","args":[{"selector":{"id":"application-managesites-display-component---NewSite--addressNewCostObjectCstID-vhi"},"wdio_ui5_key":"applicationmanagesites-display-component---NewSite--addressNewCostObjectCstID-vhi"}]}
RESULT: undefined
COMMAND: POST /session/f8c7eca0926362d0d143ca0007fcee0c/element - {"using":"xpath","value":"//*[@id=\"application-managesites-display-component---NewSite--addressNewCostObjectCstID-vhi\"]"}
RESULT: {}
RESULT: {"using":"xpath","value":"//*[@id=\"application-managesites-display-component---NewSite--addressNewCostObjectCstID-vhi\"]"}
COMMAND: POST /session/f8c7eca0926362d0d143ca0007fcee0c/element/f.02B9836222177F2037F2E3F69B058F44.d.DC6E779ADFA451905FC287C3E186ED99.e.2117/click - {}
RESULT: {}
COMMAND: GET /session/f8c7eca0926362d0d143ca0007fcee0c/screenshot - {}
RESULT: {}
RESULT: undefined
COMMAND: POST /session/f8c7eca0926362d0d143ca0007fcee0c/execute/async - {"script":"<script> [776 bytes]","args":[{"enterText":"10001013","selector":{"controlType":"sap.m.SearchField","properties":{"placeholder":"Search"},"searchOpenDialogs":true,"interaction":{"idSuffix":"I"}},"clearTextFirst":true,"interactionType":"ENTER_TEXT"}]}
RESULT: {"script":"<script> [776 bytes]","args":[{"enterText":"10001013","selector":{"controlType":"sap.m.SearchField","properties":{"placeholder":"Search"},"searchOpenDialogs":true,"interaction":{"idSuffix":"I"}},"clearTextFirst":true,"interactionType":"ENTER_TEXT"}]}
COMMAND: POST /session/f8c7eca0926362d0d143ca0007fcee0c/actions - {"actions":[{"id":"action3","type":"key","parameters":{},"actions":[{"type":"keyDown","value":""},{"type":"pause","duration":10},{"type":"keyUp","value":""}]}]}
RESULT: {"actions":[{"id":"action3","type":"key","parameters":{},"actions":[{"type":"keyDown","value":""},{"type":"pause","duration":10},{"type":"keyUp","value":""}]}]}
COMMAND: GET /session/f8c7eca0926362d0d143ca0007fcee0c/screenshot - {}
RESULT: {}
COMMAND: POST /session/f8c7eca0926362d0d143ca0007fcee0c/element - {"using":"xpath","value":"//span[contains(text(), \"General Management\")]"}
RESULT: {"using":"xpath","value":"//span[contains(text(), \"General Management\")]"}
COMMAND: POST /session/f8c7eca0926362d0d143ca0007fcee0c/element/f.02B9836222177F2037F2E3F69B058F44.d.DC6E779ADFA451905FC287C3E186ED99.e.2155/click - {}
RESULT: {}
COMMAND: GET /session/f8c7eca0926362d0d143ca0007fcee0c/screenshot - {}
RESULT: {}
COMMAND: POST /session/f8c7eca0926362d0d143ca0007fcee0c/element - {"using":"xpath","value":"//bdi[contains(text(), \"OK\")]"}
RESULT: {"using":"xpath","value":"//bdi[contains(text(), \"OK\")]"}
COMMAND: POST /session/f8c7eca0926362d0d143ca0007fcee0c/element/f.02B9836222177F2037F2E3F69B058F44.d.DC6E779ADFA451905FC287C3E186ED99.e.2156/click - {}
RESULT: {}
COMMAND: GET /session/f8c7eca0926362d0d143ca0007fcee0c/screenshot - {}
RESULT: {}
COMMAND: POST /session/f8c7eca0926362d0d143ca0007fcee0c/element - {"using":"xpath","value":"//input[@id=\"application-managesites-display-component---NewSite--addressDetailDetailsCalendar-inner\"]"}
RESULT: {"using":"xpath","value":"//input[@id=\"application-managesites-display-component---NewSite--addressDetailDetailsCalendar-inner\"]"}
COMMAND: POST /session/f8c7eca0926362d0d143ca0007fcee0c/element/f.02B9836222177F2037F2E3F69B058F44.d.DC6E779ADFA451905FC287C3E186ED99.e.1903/clear - {}
RESULT: {}
COMMAND: POST /session/f8c7eca0926362d0d143ca0007fcee0c/element/f.02B9836222177F2037F2E3F69B058F44.d.DC6E779ADFA451905FC287C3E186ED99.e.1903/value - {"text":"Unit"}
COMMAND: GET /session/f8c7eca0926362d0d143ca0007fcee0c/screenshot - {}
RESULT: {"text":"Unit"}
COMMAND: GET /session/f8c7eca0926362d0d143ca0007fcee0c/screenshot - {}
RESULT: {}
RESULT: {}
COMMAND: POST /session/f8c7eca0926362d0d143ca0007fcee0c/actions - {"actions":[{"id":"action4","type":"key","parameters":{},"actions":[{"type":"keyDown","value":""},{"type":"pause","duration":10},{"type":"keyUp","value":""}]}]}
RESULT: {"actions":[{"id":"action4","type":"key","parameters":{},"actions":[{"type":"keyDown","value":""},{"type":"pause","duration":10},{"type":"keyUp","value":""}]}]}
COMMAND: POST /session/f8c7eca0926362d0d143ca0007fcee0c/element - {"using":"xpath","value":"//input[@id=\"application-managesites-display-component---NewSite--addressDetailDetailsYard-inner\"]"}
COMMAND: GET /session/f8c7eca0926362d0d143ca0007fcee0c/screenshot - {}
RESULT: {"using":"xpath","value":"//input[@id=\"application-managesites-display-component---NewSite--addressDetailDetailsYard-inner\"]"}
COMMAND: POST /session/f8c7eca0926362d0d143ca0007fcee0c/element/f.02B9836222177F2037F2E3F69B058F44.d.DC6E779ADFA451905FC287C3E186ED99.e.1904/clear - {}
RESULT: {}
RESULT: {}
COMMAND: POST /session/f8c7eca0926362d0d143ca0007fcee0c/element/f.02B9836222177F2037F2E3F69B058F44.d.DC6E779ADFA451905FC287C3E186ED99.e.1904/value - {"text":"419"}
COMMAND: GET /session/f8c7eca0926362d0d143ca0007fcee0c/screenshot - {}
RESULT: {"text":"419"}
COMMAND: GET /session/f8c7eca0926362d0d143ca0007fcee0c/screenshot - {}
RESULT: {}
RESULT: {}
COMMAND: POST /session/f8c7eca0926362d0d143ca0007fcee0c/element - {"using":"xpath","value":"//li[.//span[text()='419']]"}
RESULT: {"using":"xpath","value":"//li[.//span[text()='419']]"}
COMMAND: POST /session/f8c7eca0926362d0d143ca0007fcee0c/element/f.02B9836222177F2037F2E3F69B058F44.d.DC6E779ADFA451905FC287C3E186ED99.e.2178/click - {}
RESULT: {}
COMMAND: GET /session/f8c7eca0926362d0d143ca0007fcee0c/screenshot - {}
RESULT: {}
COMMAND: POST /session/f8c7eca0926362d0d143ca0007fcee0c/element - {"using":"xpath","value":"//input[@id=\"application-managesites-display-component---NewSite--addressDetailDetailsPartner-inner\"]"}
RESULT: {"using":"xpath","value":"//input[@id=\"application-managesites-display-component---NewSite--addressDetailDetailsPartner-inner\"]"}
COMMAND: POST /session/f8c7eca0926362d0d143ca0007fcee0c/element - {"using":"xpath","value":"//input[@id=\"application-managesites-display-component---NewSite--addressDetailDetailsPartner-inner\"]"}
RESULT: {"using":"xpath","value":"//input[@id=\"application-managesites-display-component---NewSite--addressDetailDetailsPartner-inner\"]"}
COMMAND: POST /session/f8c7eca0926362d0d143ca0007fcee0c/element - {"using":"xpath","value":"//button[@data-kt=\"saveButton\"]"}
RESULT: {"using":"xpath","value":"//button[@data-kt=\"saveButton\"]"}
COMMAND: POST /session/f8c7eca0926362d0d143ca0007fcee0c/element/f.02B9836222177F2037F2E3F69B058F44.d.DC6E779ADFA451905FC287C3E186ED99.e.2088/click - {}
RESULT: {}
COMMAND: GET /session/f8c7eca0926362d0d143ca0007fcee0c/screenshot - {}
RESULT: {}
COMMAND: POST /session/f8c7eca0926362d0d143ca0007fcee0c/element - {"using":"xpath","value":"//header[contains(@id, 'ObjectPageLayout-headerTitle')]/div[1]/div[2]/div[2]/span[1]"}
RESULT: {"using":"xpath","value":"//header[contains(@id, 'ObjectPageLayout-headerTitle')]/div[1]/div[2]/div[2]/span[1]"}
COMMAND: POST /session/f8c7eca0926362d0d143ca0007fcee0c/elements - {"using":"xpath","value":"//header[contains(@id, 'ObjectPageLayout-headerTitle')]/div[1]/div[2]/div[2]/span[1]"}
RESULT: {"using":"xpath","value":"//header[contains(@id, 'ObjectPageLayout-headerTitle')]/div[1]/div[2]/div[2]/span[1]"}
COMMAND: POST /session/f8c7eca0926362d0d143ca0007fcee0c/execute/sync - {"script":"<script> [56 bytes]","args":[{"element-6066-11e4-a52e-4f735466cecf":"f.02B9836222177F2037F2E3F69B058F44.d.DC6E779ADFA451905FC287C3E186ED99.e.2381","ELEMENT":"f.02B9836222177F2037F2E3F69B058F44.d.DC6E779ADFA451905FC287C3E186ED99.e.2381"}]}
RESULT: {"script":"<script> [56 bytes]","args":[{"element-6066-11e4-a52e-4f735466cecf":"f.02B9836222177F2037F2E3F69B058F44.d.DC6E779ADFA451905FC287C3E186ED99.e.2381","ELEMENT":"f.02B9836222177F2037F2E3F69B058F44.d.DC6E779ADFA451905FC287C3E186ED99.e.2381"}]}
COMMAND: POST /session/f8c7eca0926362d0d143ca0007fcee0c/element - {"using":"css selector","value":"#shell-header-logo"}
COMMAND: GET /session/f8c7eca0926362d0d143ca0007fcee0c/screenshot - {}
RESULT: {"using":"css selector","value":"#shell-header-logo"}
COMMAND: POST /session/f8c7eca0926362d0d143ca0007fcee0c/element/f.02B9836222177F2037F2E3F69B058F44.d.DC6E779ADFA451905FC287C3E186ED99.e.1660/click - {}
RESULT: {}
RESULT: {}
COMMAND: GET /session/f8c7eca0926362d0d143ca0007fcee0c/screenshot - {}
RESULT: {}
COMMAND: POST /session/f8c7eca0926362d0d143ca0007fcee0c/execute/sync - {"script":"<script> [299 bytes]","args":[["getModel","getResource"]]}
RESULT: {"script":"<script> [299 bytes]","args":[["getModel","getResource"]]}
]]></system-out>
    </testcase>
    <testcase classname="chrome.136_0_7103_93.windows.Create_masterdata_for_Yard_Overview_-_trigger_provide_US130988" name="Should create a new material" time="112.481">
      <system-out><![CDATA[
COMMAND: GET /session/f8c7eca0926362d0d143ca0007fcee0c/screenshot - {}
COMMAND: POST /session/f8c7eca0926362d0d143ca0007fcee0c/execute/async - {"script":"<script> [1562 bytes]","args":[{"selector":{"controlType":"sap.m.GenericTile","properties":{"header":"Manage Resources"}},"wdio_ui5_key":"sapm.GenericTile{\"header\":\"Manage Resources\"}"}]}
RESULT: {}
RESULT: {"script":"<script> [1562 bytes]","args":[{"selector":{"controlType":"sap.m.GenericTile","properties":{"header":"Manage Resources"}},"wdio_ui5_key":"sapm.GenericTile{\"header\":\"Manage Resources\"}"}]}
RESULT: undefined
COMMAND: POST /session/f8c7eca0926362d0d143ca0007fcee0c/element - {"using":"xpath","value":"//*[@id=\"__tile39\"]"}
RESULT: {"using":"xpath","value":"//*[@id=\"__tile39\"]"}
COMMAND: POST /session/f8c7eca0926362d0d143ca0007fcee0c/element/f.02B9836222177F2037F2E3F69B058F44.d.DC6E779ADFA451905FC287C3E186ED99.e.121/click - {}
RESULT: {}
COMMAND: GET /session/f8c7eca0926362d0d143ca0007fcee0c/screenshot - {}
RESULT: {}
COMMAND: POST /session/f8c7eca0926362d0d143ca0007fcee0c/elements - {"using":"xpath","value":"//span[text()='Error']"}
RESULT: {"using":"xpath","value":"//span[text()='Error']"}
COMMAND: POST /session/f8c7eca0926362d0d143ca0007fcee0c/element - {"using":"xpath","value":"//button[@data-kt=\"addNewRUOverflowToolbarButton\"]"}
RESULT: {"using":"xpath","value":"//button[@data-kt=\"addNewRUOverflowToolbarButton\"]"}
COMMAND: POST /session/f8c7eca0926362d0d143ca0007fcee0c/elements - {"using":"xpath","value":"//button[@data-kt=\"addNewRUOverflowToolbarButton\"]"}
RESULT: {"using":"xpath","value":"//button[@data-kt=\"addNewRUOverflowToolbarButton\"]"}
COMMAND: POST /session/f8c7eca0926362d0d143ca0007fcee0c/execute/sync - {"script":"<script> [8489 bytes]","args":[{"element-6066-11e4-a52e-4f735466cecf":"f.02B9836222177F2037F2E3F69B058F44.d.DC6E779ADFA451905FC287C3E186ED99.e.2424","ELEMENT":"f.02B9836222177F2037F2E3F69B058F44.d.DC6E779ADFA451905FC287C3E186ED99.e.2424"}]}
RESULT: {"script":"<script> [8489 bytes]","args":[{"element-6066-11e4-a52e-4f735466cecf":"f.02B9836222177F2037F2E3F69B058F44.d.DC6E779ADFA451905FC287C3E186ED99.e.2424","ELEMENT":"f.02B9836222177F2037F2E3F69B058F44.d.DC6E779ADFA451905FC287C3E186ED99.e.2424"}]}
COMMAND: GET /session/f8c7eca0926362d0d143ca0007fcee0c/element/f.02B9836222177F2037F2E3F69B058F44.d.DC6E779ADFA451905FC287C3E186ED99.e.2424/enabled - {}
COMMAND: GET /session/f8c7eca0926362d0d143ca0007fcee0c/screenshot - {}
RESULT: {}
COMMAND: POST /session/f8c7eca0926362d0d143ca0007fcee0c/execute/sync - {"script":"<script> [8489 bytes]","args":[{"element-6066-11e4-a52e-4f735466cecf":"f.02B9836222177F2037F2E3F69B058F44.d.DC6E779ADFA451905FC287C3E186ED99.e.2424","ELEMENT":"f.02B9836222177F2037F2E3F69B058F44.d.DC6E779ADFA451905FC287C3E186ED99.e.2424"}]}
COMMAND: GET /session/f8c7eca0926362d0d143ca0007fcee0c/screenshot - {}
RESULT: {}
RESULT: {"script":"<script> [8489 bytes]","args":[{"element-6066-11e4-a52e-4f735466cecf":"f.02B9836222177F2037F2E3F69B058F44.d.DC6E779ADFA451905FC287C3E186ED99.e.2424","ELEMENT":"f.02B9836222177F2037F2E3F69B058F44.d.DC6E779ADFA451905FC287C3E186ED99.e.2424"}]}
COMMAND: POST /session/f8c7eca0926362d0d143ca0007fcee0c/execute/sync - {"script":"<script> [5351 bytes]","args":[{"element-6066-11e4-a52e-4f735466cecf":"f.02B9836222177F2037F2E3F69B058F44.d.DC6E779ADFA451905FC287C3E186ED99.e.2424","ELEMENT":"f.02B9836222177F2037F2E3F69B058F44.d.DC6E779ADFA451905FC287C3E186ED99.e.2424"}]}
COMMAND: GET /session/f8c7eca0926362d0d143ca0007fcee0c/screenshot - {}
RESULT: {}
RESULT: {"script":"<script> [5351 bytes]","args":[{"element-6066-11e4-a52e-4f735466cecf":"f.02B9836222177F2037F2E3F69B058F44.d.DC6E779ADFA451905FC287C3E186ED99.e.2424","ELEMENT":"f.02B9836222177F2037F2E3F69B058F44.d.DC6E779ADFA451905FC287C3E186ED99.e.2424"}]}
COMMAND: POST /session/f8c7eca0926362d0d143ca0007fcee0c/element/f.02B9836222177F2037F2E3F69B058F44.d.DC6E779ADFA451905FC287C3E186ED99.e.2424/click - {}
COMMAND: GET /session/f8c7eca0926362d0d143ca0007fcee0c/screenshot - {}
RESULT: {}
RESULT: {}
COMMAND: GET /session/f8c7eca0926362d0d143ca0007fcee0c/screenshot - {}
RESULT: {}
RESULT: {}
COMMAND: POST /session/f8c7eca0926362d0d143ca0007fcee0c/execute/async - {"script":"<script> [1562 bytes]","args":[{"selector":{"id":"application-manageresources-display-component---newResourceUnit--TYPE-arrow"},"wdio_ui5_key":"applicationmanageresources-display-component---newResourceUnit--TYPE-arrow"}]}
RESULT: {"script":"<script> [1562 bytes]","args":[{"selector":{"id":"application-manageresources-display-component---newResourceUnit--TYPE-arrow"},"wdio_ui5_key":"applicationmanageresources-display-component---newResourceUnit--TYPE-arrow"}]}
RESULT: undefined
COMMAND: POST /session/f8c7eca0926362d0d143ca0007fcee0c/element - {"using":"xpath","value":"//*[@id=\"application-manageresources-display-component---newResourceUnit--TYPE-arrow\"]"}
RESULT: {"using":"xpath","value":"//*[@id=\"application-manageresources-display-component---newResourceUnit--TYPE-arrow\"]"}
COMMAND: POST /session/f8c7eca0926362d0d143ca0007fcee0c/element/f.02B9836222177F2037F2E3F69B058F44.d.DC6E779ADFA451905FC287C3E186ED99.e.2774/click - {}
RESULT: {}
COMMAND: POST /session/f8c7eca0926362d0d143ca0007fcee0c/element - {"using":"xpath","value":"//input[@id=\"application-manageresources-display-component---newResourceUnit--TYPE-inner\"]"}
COMMAND: GET /session/f8c7eca0926362d0d143ca0007fcee0c/screenshot - {}
RESULT: {"using":"xpath","value":"//input[@id=\"application-manageresources-display-component---newResourceUnit--TYPE-inner\"]"}
COMMAND: POST /session/f8c7eca0926362d0d143ca0007fcee0c/element/f.02B9836222177F2037F2E3F69B058F44.d.DC6E779ADFA451905FC287C3E186ED99.e.2763/clear - {}
RESULT: {}
RESULT: {}
COMMAND: POST /session/f8c7eca0926362d0d143ca0007fcee0c/element/f.02B9836222177F2037F2E3F69B058F44.d.DC6E779ADFA451905FC287C3E186ED99.e.2763/value - {"text":"Material"}
COMMAND: GET /session/f8c7eca0926362d0d143ca0007fcee0c/screenshot - {}
RESULT: {"text":"Material"}
COMMAND: GET /session/f8c7eca0926362d0d143ca0007fcee0c/screenshot - {}
RESULT: {}
RESULT: {}
COMMAND: POST /session/f8c7eca0926362d0d143ca0007fcee0c/actions - {"actions":[{"id":"action5","type":"key","parameters":{},"actions":[{"type":"keyDown","value":""},{"type":"pause","duration":10},{"type":"keyUp","value":""}]}]}
RESULT: {"actions":[{"id":"action5","type":"key","parameters":{},"actions":[{"type":"keyDown","value":""},{"type":"pause","duration":10},{"type":"keyUp","value":""}]}]}
COMMAND: POST /session/f8c7eca0926362d0d143ca0007fcee0c/execute/async - {"script":"<script> [1562 bytes]","args":[{"selector":{"id":"application-manageresources-display-component---newResourceUnit--SHORT_TEXT","interaction":{"idSuffix":"inner"}},"wdio_ui5_key":"applicationmanageresources-display-component---newResourceUnit--SHORT_TEXT"}]}
COMMAND: GET /session/f8c7eca0926362d0d143ca0007fcee0c/screenshot - {}
RESULT: {"script":"<script> [1562 bytes]","args":[{"selector":{"id":"application-manageresources-display-component---newResourceUnit--SHORT_TEXT","interaction":{"idSuffix":"inner"}},"wdio_ui5_key":"applicationmanageresources-display-component---newResourceUnit--SHORT_TEXT"}]}
RESULT: undefined
COMMAND: POST /session/f8c7eca0926362d0d143ca0007fcee0c/execute/async - {"script":"<script> [776 bytes]","args":[{"enterText":"Cement WDIO","selector":{"id":"application-manageresources-display-component---newResourceUnit--SHORT_TEXT","interaction":{"idSuffix":"inner"}},"clearTextFirst":true,"interactionType":"ENTER_TEXT"}]}
RESULT: {}
RESULT: {"script":"<script> [776 bytes]","args":[{"enterText":"Cement WDIO","selector":{"id":"application-manageresources-display-component---newResourceUnit--SHORT_TEXT","interaction":{"idSuffix":"inner"}},"clearTextFirst":true,"interactionType":"ENTER_TEXT"}]}
COMMAND: POST /session/f8c7eca0926362d0d143ca0007fcee0c/execute/async - {"script":"<script> [1562 bytes]","args":[{"selector":{"id":"application-manageresources-display-component---newResourceUnit--BASE_UNIT_OF_MEASURE","interaction":{"idSuffix":"inner"}},"wdio_ui5_key":"applicationmanageresources-display-component---newResourceUnit--BASE_UNIT_OF_MEASURE"}]}
RESULT: {"script":"<script> [1562 bytes]","args":[{"selector":{"id":"application-manageresources-display-component---newResourceUnit--BASE_UNIT_OF_MEASURE","interaction":{"idSuffix":"inner"}},"wdio_ui5_key":"applicationmanageresources-display-component---newResourceUnit--BASE_UNIT_OF_MEASURE"}]}
RESULT: undefined
COMMAND: POST /session/f8c7eca0926362d0d143ca0007fcee0c/execute/async - {"script":"<script> [776 bytes]","args":[{"enterText":"Piece","selector":{"id":"application-manageresources-display-component---newResourceUnit--BASE_UNIT_OF_MEASURE","interaction":{"idSuffix":"inner"}},"clearTextFirst":true,"interactionType":"ENTER_TEXT"}]}
RESULT: {"script":"<script> [776 bytes]","args":[{"enterText":"Piece","selector":{"id":"application-manageresources-display-component---newResourceUnit--BASE_UNIT_OF_MEASURE","interaction":{"idSuffix":"inner"}},"clearTextFirst":true,"interactionType":"ENTER_TEXT"}]}
COMMAND: POST /session/f8c7eca0926362d0d143ca0007fcee0c/execute/async - {"script":"<script> [1562 bytes]","args":[{"selector":{"id":"application-manageresources-display-component---newResourceUnit--WEIGHT_UNIT","interaction":{"idSuffix":"inner"}},"wdio_ui5_key":"applicationmanageresources-display-component---newResourceUnit--WEIGHT_UNIT"}]}
RESULT: {"script":"<script> [1562 bytes]","args":[{"selector":{"id":"application-manageresources-display-component---newResourceUnit--WEIGHT_UNIT","interaction":{"idSuffix":"inner"}},"wdio_ui5_key":"applicationmanageresources-display-component---newResourceUnit--WEIGHT_UNIT"}]}
RESULT: undefined
COMMAND: POST /session/f8c7eca0926362d0d143ca0007fcee0c/execute/async - {"script":"<script> [776 bytes]","args":[{"enterText":"Gram","selector":{"id":"application-manageresources-display-component---newResourceUnit--WEIGHT_UNIT","interaction":{"idSuffix":"inner"}},"clearTextFirst":true,"interactionType":"ENTER_TEXT"}]}
RESULT: {"script":"<script> [776 bytes]","args":[{"enterText":"Gram","selector":{"id":"application-manageresources-display-component---newResourceUnit--WEIGHT_UNIT","interaction":{"idSuffix":"inner"}},"clearTextFirst":true,"interactionType":"ENTER_TEXT"}]}
COMMAND: POST /session/f8c7eca0926362d0d143ca0007fcee0c/execute/async - {"script":"<script> [1562 bytes]","args":[{"selector":{"id":"application-manageresources-display-component---newResourceUnit--DIMENSION_UNIT","interaction":{"idSuffix":"inner"}},"wdio_ui5_key":"applicationmanageresources-display-component---newResourceUnit--DIMENSION_UNIT"}]}
RESULT: {"script":"<script> [1562 bytes]","args":[{"selector":{"id":"application-manageresources-display-component---newResourceUnit--DIMENSION_UNIT","interaction":{"idSuffix":"inner"}},"wdio_ui5_key":"applicationmanageresources-display-component---newResourceUnit--DIMENSION_UNIT"}]}
RESULT: undefined
COMMAND: POST /session/f8c7eca0926362d0d143ca0007fcee0c/execute/async - {"script":"<script> [776 bytes]","args":[{"enterText":"Meter","selector":{"id":"application-manageresources-display-component---newResourceUnit--DIMENSION_UNIT","interaction":{"idSuffix":"inner"}},"clearTextFirst":true,"interactionType":"ENTER_TEXT"}]}
RESULT: {"script":"<script> [776 bytes]","args":[{"enterText":"Meter","selector":{"id":"application-manageresources-display-component---newResourceUnit--DIMENSION_UNIT","interaction":{"idSuffix":"inner"}},"clearTextFirst":true,"interactionType":"ENTER_TEXT"}]}
COMMAND: POST /session/f8c7eca0926362d0d143ca0007fcee0c/execute/async - {"script":"<script> [1562 bytes]","args":[{"selector":{"id":"application-manageresources-display-component---newResourceUnit--newRRUPage-anchBar-application-manageresources-display-component---newResourceUnit--control-anchor","interaction":{"idSuffix":"BDI-content"}},"wdio_ui5_key":"applicationmanageresources-display-component---newResourceUnit--newRRUPage-anchBar-application-manageresources-display-component---newResourceUnit--control-anchor"}]}
RESULT: {"script":"<script> [1562 bytes]","args":[{"selector":{"id":"application-manageresources-display-component---newResourceUnit--newRRUPage-anchBar-application-manageresources-display-component---newResourceUnit--control-anchor","interaction":{"idSuffix":"BDI-content"}},"wdio_ui5_key":"applicationmanageresources-display-component---newResourceUnit--newRRUPage-anchBar-application-manageresources-display-component---newResourceUnit--control-anchor"}]}
RESULT: undefined
COMMAND: POST /session/f8c7eca0926362d0d143ca0007fcee0c/element - {"using":"xpath","value":"//*[@id=\"application-manageresources-display-component---newResourceUnit--newRRUPage-anchBar-application-manageresources-display-component---newResourceUnit--control-anchor\"]"}
RESULT: {"using":"xpath","value":"//*[@id=\"application-manageresources-display-component---newResourceUnit--newRRUPage-anchBar-application-manageresources-display-component---newResourceUnit--control-anchor\"]"}
COMMAND: POST /session/f8c7eca0926362d0d143ca0007fcee0c/element/f.02B9836222177F2037F2E3F69B058F44.d.DC6E779ADFA451905FC287C3E186ED99.e.2904/click - {}
RESULT: {}
COMMAND: POST /session/f8c7eca0926362d0d143ca0007fcee0c/execute/async - {"script":"<script> [1562 bytes]","args":[{"selector":{"id":"application-manageresources-display-component---newResourceUnit--PLANNING_GROUP","interaction":{"idSuffix":"inner"}},"wdio_ui5_key":"applicationmanageresources-display-component---newResourceUnit--PLANNING_GROUP"}]}
COMMAND: GET /session/f8c7eca0926362d0d143ca0007fcee0c/screenshot - {}
RESULT: {"script":"<script> [1562 bytes]","args":[{"selector":{"id":"application-manageresources-display-component---newResourceUnit--PLANNING_GROUP","interaction":{"idSuffix":"inner"}},"wdio_ui5_key":"applicationmanageresources-display-component---newResourceUnit--PLANNING_GROUP"}]}
RESULT: undefined
COMMAND: POST /session/f8c7eca0926362d0d143ca0007fcee0c/execute/async - {"script":"<script> [776 bytes]","args":[{"enterText":"Material","selector":{"id":"application-manageresources-display-component---newResourceUnit--PLANNING_GROUP","interaction":{"idSuffix":"inner"}},"clearTextFirst":true,"interactionType":"ENTER_TEXT"}]}
RESULT: {}
RESULT: {"script":"<script> [776 bytes]","args":[{"enterText":"Material","selector":{"id":"application-manageresources-display-component---newResourceUnit--PLANNING_GROUP","interaction":{"idSuffix":"inner"}},"clearTextFirst":true,"interactionType":"ENTER_TEXT"}]}
COMMAND: POST /session/f8c7eca0926362d0d143ca0007fcee0c/execute/async - {"script":"<script> [1562 bytes]","args":[{"selector":{"id":"application-manageresources-display-component---newResourceUnit--PLANNING_INDICATOR","interaction":{"idSuffix":"inner"}},"wdio_ui5_key":"applicationmanageresources-display-component---newResourceUnit--PLANNING_INDICATOR"}]}
RESULT: {"script":"<script> [1562 bytes]","args":[{"selector":{"id":"application-manageresources-display-component---newResourceUnit--PLANNING_INDICATOR","interaction":{"idSuffix":"inner"}},"wdio_ui5_key":"applicationmanageresources-display-component---newResourceUnit--PLANNING_INDICATOR"}]}
RESULT: undefined
COMMAND: POST /session/f8c7eca0926362d0d143ca0007fcee0c/execute/async - {"script":"<script> [776 bytes]","args":[{"enterText":"10 - infinite","selector":{"id":"application-manageresources-display-component---newResourceUnit--PLANNING_INDICATOR","interaction":{"idSuffix":"inner"}},"clearTextFirst":true,"interactionType":"ENTER_TEXT"}]}
RESULT: {"script":"<script> [776 bytes]","args":[{"enterText":"10 - infinite","selector":{"id":"application-manageresources-display-component---newResourceUnit--PLANNING_INDICATOR","interaction":{"idSuffix":"inner"}},"clearTextFirst":true,"interactionType":"ENTER_TEXT"}]}
COMMAND: POST /session/f8c7eca0926362d0d143ca0007fcee0c/element - {"using":"css selector","value":"#application-manageresources-display-component---newResourceUnit--btnAddTimeSegment"}
RESULT: {"using":"css selector","value":"#application-manageresources-display-component---newResourceUnit--btnAddTimeSegment"}
COMMAND: GET /session/f8c7eca0926362d0d143ca0007fcee0c/element/f.02B9836222177F2037F2E3F69B058F44.d.DC6E779ADFA451905FC287C3E186ED99.e.2912/rect - {}
RESULT: {}
COMMAND: GET /session/f8c7eca0926362d0d143ca0007fcee0c/window/rect - {}
RESULT: {}
COMMAND: POST /session/f8c7eca0926362d0d143ca0007fcee0c/execute/sync - {"script":"<script> [92 bytes]","args":[]}
RESULT: {"script":"<script> [92 bytes]","args":[]}
COMMAND: POST /session/f8c7eca0926362d0d143ca0007fcee0c/actions - {"actions":[{"id":"action6","type":"wheel","parameters":{},"actions":[{"type":"scroll","x":-1888,"y":-32,"deltaX":0,"deltaY":0,"duration":0,"origin":{"element-6066-11e4-a52e-4f735466cecf":"f.02B9836222177F2037F2E3F69B058F44.d.DC6E779ADFA451905FC287C3E186ED99.e.2912"}}]}]}
COMMAND: GET /session/f8c7eca0926362d0d143ca0007fcee0c/screenshot - {}
RESULT: {}
COMMAND: POST /session/f8c7eca0926362d0d143ca0007fcee0c/execute/sync - {"script":"<script> [79 bytes]","args":[{"element-6066-11e4-a52e-4f735466cecf":"f.02B9836222177F2037F2E3F69B058F44.d.DC6E779ADFA451905FC287C3E186ED99.e.2912","ELEMENT":"f.02B9836222177F2037F2E3F69B058F44.d.DC6E779ADFA451905FC287C3E186ED99.e.2912"},{"block":"start","inline":"nearest"}]}
RESULT: {"script":"<script> [79 bytes]","args":[{"element-6066-11e4-a52e-4f735466cecf":"f.02B9836222177F2037F2E3F69B058F44.d.DC6E779ADFA451905FC287C3E186ED99.e.2912","ELEMENT":"f.02B9836222177F2037F2E3F69B058F44.d.DC6E779ADFA451905FC287C3E186ED99.e.2912"},{"block":"start","inline":"nearest"}]}
COMMAND: POST /session/f8c7eca0926362d0d143ca0007fcee0c/execute/async - {"script":"<script> [1562 bytes]","args":[{"selector":{"id":"application-manageresources-display-component---newResourceUnit--btnAddTimeSegment","interaction":{"idSuffix":"inner"}},"wdio_ui5_key":"applicationmanageresources-display-component---newResourceUnit--btnAddTimeSegment"}]}
COMMAND: GET /session/f8c7eca0926362d0d143ca0007fcee0c/screenshot - {}
RESULT: {"script":"<script> [1562 bytes]","args":[{"selector":{"id":"application-manageresources-display-component---newResourceUnit--btnAddTimeSegment","interaction":{"idSuffix":"inner"}},"wdio_ui5_key":"applicationmanageresources-display-component---newResourceUnit--btnAddTimeSegment"}]}
RESULT: undefined
COMMAND: POST /session/f8c7eca0926362d0d143ca0007fcee0c/element - {"using":"xpath","value":"//*[@id=\"application-manageresources-display-component---newResourceUnit--btnAddTimeSegment\"]"}
RESULT: {}
RESULT: {"using":"xpath","value":"//*[@id=\"application-manageresources-display-component---newResourceUnit--btnAddTimeSegment\"]"}
COMMAND: POST /session/f8c7eca0926362d0d143ca0007fcee0c/element/f.02B9836222177F2037F2E3F69B058F44.d.DC6E779ADFA451905FC287C3E186ED99.e.2912/click - {}
RESULT: {}
COMMAND: GET /session/f8c7eca0926362d0d143ca0007fcee0c/screenshot - {}
RESULT: {}
COMMAND: POST /session/f8c7eca0926362d0d143ca0007fcee0c/element - {"using":"xpath","value":"//input[@id=\"application-manageresources-display-component---newResourceUnit--idRuTSAdmin-application-manageresources-display-component---newResourceUnit--RUTimeSegment-0-inner\"]"}
RESULT: {"using":"xpath","value":"//input[@id=\"application-manageresources-display-component---newResourceUnit--idRuTSAdmin-application-manageresources-display-component---newResourceUnit--RUTimeSegment-0-inner\"]"}
COMMAND: POST /session/f8c7eca0926362d0d143ca0007fcee0c/element/f.02B9836222177F2037F2E3F69B058F44.d.DC6E779ADFA451905FC287C3E186ED99.e.2917/clear - {}
RESULT: {}
COMMAND: POST /session/f8c7eca0926362d0d143ca0007fcee0c/element/f.02B9836222177F2037F2E3F69B058F44.d.DC6E779ADFA451905FC287C3E186ED99.e.2917/value - {"text":"419"}
COMMAND: GET /session/f8c7eca0926362d0d143ca0007fcee0c/screenshot - {}
RESULT: {"text":"419"}
COMMAND: GET /session/f8c7eca0926362d0d143ca0007fcee0c/screenshot - {}
RESULT: {}
RESULT: {}
COMMAND: POST /session/f8c7eca0926362d0d143ca0007fcee0c/element - {"using":"xpath","value":"//li[.//span[text()='419']]"}
RESULT: {"using":"xpath","value":"//li[.//span[text()='419']]"}
COMMAND: POST /session/f8c7eca0926362d0d143ca0007fcee0c/element/f.02B9836222177F2037F2E3F69B058F44.d.DC6E779ADFA451905FC287C3E186ED99.e.2926/click - {}
RESULT: {}
COMMAND: GET /session/f8c7eca0926362d0d143ca0007fcee0c/screenshot - {}
RESULT: {}
COMMAND: POST /session/f8c7eca0926362d0d143ca0007fcee0c/element - {"using":"xpath","value":"(//span[contains(@id, \"-application-manageresources-display-component---newResourceUnit--RUTimeSegment-0-arrow\")])[2]"}
RESULT: {"using":"xpath","value":"(//span[contains(@id, \"-application-manageresources-display-component---newResourceUnit--RUTimeSegment-0-arrow\")])[2]"}
COMMAND: POST /session/f8c7eca0926362d0d143ca0007fcee0c/element/f.02B9836222177F2037F2E3F69B058F44.d.DC6E779ADFA451905FC287C3E186ED99.e.2927/click - {}
RESULT: {}
COMMAND: POST /session/f8c7eca0926362d0d143ca0007fcee0c/element - {"using":"xpath","value":"//span[contains(text(), \"PM Order\")]"}
COMMAND: GET /session/f8c7eca0926362d0d143ca0007fcee0c/screenshot - {}
RESULT: {"using":"xpath","value":"//span[contains(text(), \"PM Order\")]"}
COMMAND: POST /session/f8c7eca0926362d0d143ca0007fcee0c/element/f.02B9836222177F2037F2E3F69B058F44.d.DC6E779ADFA451905FC287C3E186ED99.e.2928/click - {}
RESULT: {}
RESULT: {}
COMMAND: GET /session/f8c7eca0926362d0d143ca0007fcee0c/screenshot - {}
RESULT: {}
COMMAND: POST /session/f8c7eca0926362d0d143ca0007fcee0c/element - {"using":"xpath","value":"//td/div/div/div/span[contains(@id, \"newResourceUnit--RUTimeSegment-0-vhi\")][1]"}
RESULT: {"using":"xpath","value":"//td/div/div/div/span[contains(@id, \"newResourceUnit--RUTimeSegment-0-vhi\")][1]"}
COMMAND: GET /session/f8c7eca0926362d0d143ca0007fcee0c/element/f.02B9836222177F2037F2E3F69B058F44.d.DC6E779ADFA451905FC287C3E186ED99.e.2932/rect - {}
RESULT: {}
COMMAND: GET /session/f8c7eca0926362d0d143ca0007fcee0c/window/rect - {}
RESULT: {}
COMMAND: POST /session/f8c7eca0926362d0d143ca0007fcee0c/execute/sync - {"script":"<script> [92 bytes]","args":[]}
RESULT: {"script":"<script> [92 bytes]","args":[]}
COMMAND: POST /session/f8c7eca0926362d0d143ca0007fcee0c/actions - {"actions":[{"id":"action7","type":"wheel","parameters":{},"actions":[{"type":"scroll","x":-1888,"y":-24,"deltaX":0,"deltaY":0,"duration":0,"origin":{"element-6066-11e4-a52e-4f735466cecf":"f.02B9836222177F2037F2E3F69B058F44.d.DC6E779ADFA451905FC287C3E186ED99.e.2932"}}]}]}
COMMAND: GET /session/f8c7eca0926362d0d143ca0007fcee0c/screenshot - {}
RESULT: {}
COMMAND: POST /session/f8c7eca0926362d0d143ca0007fcee0c/execute/sync - {"script":"<script> [79 bytes]","args":[{"element-6066-11e4-a52e-4f735466cecf":"f.02B9836222177F2037F2E3F69B058F44.d.DC6E779ADFA451905FC287C3E186ED99.e.2932","ELEMENT":"f.02B9836222177F2037F2E3F69B058F44.d.DC6E779ADFA451905FC287C3E186ED99.e.2932"},{"block":"start","inline":"nearest"}]}
RESULT: {"script":"<script> [79 bytes]","args":[{"element-6066-11e4-a52e-4f735466cecf":"f.02B9836222177F2037F2E3F69B058F44.d.DC6E779ADFA451905FC287C3E186ED99.e.2932","ELEMENT":"f.02B9836222177F2037F2E3F69B058F44.d.DC6E779ADFA451905FC287C3E186ED99.e.2932"},{"block":"start","inline":"nearest"}]}
COMMAND: GET /session/f8c7eca0926362d0d143ca0007fcee0c/screenshot - {}
RESULT: {}
COMMAND: POST /session/f8c7eca0926362d0d143ca0007fcee0c/element/f.02B9836222177F2037F2E3F69B058F44.d.DC6E779ADFA451905FC287C3E186ED99.e.2932/click - {}
RESULT: {}
COMMAND: GET /session/f8c7eca0926362d0d143ca0007fcee0c/screenshot - {}
RESULT: {}
RESULT: undefined
COMMAND: POST /session/f8c7eca0926362d0d143ca0007fcee0c/execute/async - {"script":"<script> [776 bytes]","args":[{"enterText":"4000360","selector":{"controlType":"sap.m.SearchField","properties":{"placeholder":"Search"},"searchOpenDialogs":true,"interaction":{"idSuffix":"I"}},"clearTextFirst":true,"interactionType":"ENTER_TEXT"}]}
RESULT: {"script":"<script> [776 bytes]","args":[{"enterText":"4000360","selector":{"controlType":"sap.m.SearchField","properties":{"placeholder":"Search"},"searchOpenDialogs":true,"interaction":{"idSuffix":"I"}},"clearTextFirst":true,"interactionType":"ENTER_TEXT"}]}
COMMAND: POST /session/f8c7eca0926362d0d143ca0007fcee0c/actions - {"actions":[{"id":"action8","type":"key","parameters":{},"actions":[{"type":"keyDown","value":""},{"type":"pause","duration":10},{"type":"keyUp","value":""}]}]}
RESULT: {"actions":[{"id":"action8","type":"key","parameters":{},"actions":[{"type":"keyDown","value":""},{"type":"pause","duration":10},{"type":"keyUp","value":""}]}]}
COMMAND: GET /session/f8c7eca0926362d0d143ca0007fcee0c/screenshot - {}
RESULT: {}
COMMAND: POST /session/f8c7eca0926362d0d143ca0007fcee0c/element - {"using":"xpath","value":"//td/div/span[contains(text(), \"BGL Vehicles\")]"}
RESULT: {"using":"xpath","value":"//td/div/span[contains(text(), \"BGL Vehicles\")]"}
COMMAND: POST /session/f8c7eca0926362d0d143ca0007fcee0c/element/f.02B9836222177F2037F2E3F69B058F44.d.DC6E779ADFA451905FC287C3E186ED99.e.2951/click - {}
RESULT: {}
COMMAND: GET /session/f8c7eca0926362d0d143ca0007fcee0c/screenshot - {}
RESULT: {}
COMMAND: POST /session/f8c7eca0926362d0d143ca0007fcee0c/element - {"using":"xpath","value":"//bdi[contains(text(), \"OK\")]"}
RESULT: {"using":"xpath","value":"//bdi[contains(text(), \"OK\")]"}
COMMAND: POST /session/f8c7eca0926362d0d143ca0007fcee0c/element/f.02B9836222177F2037F2E3F69B058F44.d.DC6E779ADFA451905FC287C3E186ED99.e.2952/click - {}
RESULT: {}
COMMAND: GET /session/f8c7eca0926362d0d143ca0007fcee0c/screenshot - {}
RESULT: {}
COMMAND: POST /session/f8c7eca0926362d0d143ca0007fcee0c/element - {"using":"xpath","value":"//label[contains(@class, 'sapMLabelRequired') and .//bdi[contains(text(), 'Planned Retirement')]]"}
RESULT: {"using":"xpath","value":"//label[contains(@class, 'sapMLabelRequired') and .//bdi[contains(text(), 'Planned Retirement')]]"}
COMMAND: POST /session/f8c7eca0926362d0d143ca0007fcee0c/elements - {"using":"xpath","value":"//label[contains(@class, 'sapMLabelRequired') and .//bdi[contains(text(), 'Planned Retirement')]]"}
RESULT: {"using":"xpath","value":"//label[contains(@class, 'sapMLabelRequired') and .//bdi[contains(text(), 'Planned Retirement')]]"}
COMMAND: POST /session/f8c7eca0926362d0d143ca0007fcee0c/element - {"using":"xpath","value":"//button[@data-kt=\"resourceUnitSaveButton\"]"}
RESULT: {"using":"xpath","value":"//button[@data-kt=\"resourceUnitSaveButton\"]"}
COMMAND: POST /session/f8c7eca0926362d0d143ca0007fcee0c/element/f.02B9836222177F2037F2E3F69B058F44.d.DC6E779ADFA451905FC287C3E186ED99.e.2791/click - {}
RESULT: {}
COMMAND: GET /session/f8c7eca0926362d0d143ca0007fcee0c/screenshot - {}
RESULT: {}
COMMAND: POST /session/f8c7eca0926362d0d143ca0007fcee0c/element - {"using":"xpath","value":"//bdi[contains(text(), \"Close\")]"}
RESULT: {"using":"xpath","value":"//bdi[contains(text(), \"Close\")]"}
COMMAND: POST /session/f8c7eca0926362d0d143ca0007fcee0c/element/f.02B9836222177F2037F2E3F69B058F44.d.DC6E779ADFA451905FC287C3E186ED99.e.2958/click - {}
RESULT: {}
COMMAND: GET /session/f8c7eca0926362d0d143ca0007fcee0c/screenshot - {}
RESULT: {}
COMMAND: POST /session/f8c7eca0926362d0d143ca0007fcee0c/element - {"using":"xpath","value":"//header[contains(@id, 'detailRruPage-headerTitle')]/div[1]/div[2]/div[2]/span[1]"}
RESULT: {"using":"xpath","value":"//header[contains(@id, 'detailRruPage-headerTitle')]/div[1]/div[2]/div[2]/span[1]"}
COMMAND: POST /session/f8c7eca0926362d0d143ca0007fcee0c/elements - {"using":"xpath","value":"//header[contains(@id, 'detailRruPage-headerTitle')]/div[1]/div[2]/div[2]/span[1]"}
RESULT: {"using":"xpath","value":"//header[contains(@id, 'detailRruPage-headerTitle')]/div[1]/div[2]/div[2]/span[1]"}
COMMAND: POST /session/f8c7eca0926362d0d143ca0007fcee0c/execute/sync - {"script":"<script> [56 bytes]","args":[{"element-6066-11e4-a52e-4f735466cecf":"f.02B9836222177F2037F2E3F69B058F44.d.DC6E779ADFA451905FC287C3E186ED99.e.2990","ELEMENT":"f.02B9836222177F2037F2E3F69B058F44.d.DC6E779ADFA451905FC287C3E186ED99.e.2990"}]}
RESULT: {"script":"<script> [56 bytes]","args":[{"element-6066-11e4-a52e-4f735466cecf":"f.02B9836222177F2037F2E3F69B058F44.d.DC6E779ADFA451905FC287C3E186ED99.e.2990","ELEMENT":"f.02B9836222177F2037F2E3F69B058F44.d.DC6E779ADFA451905FC287C3E186ED99.e.2990"}]}
COMMAND: POST /session/f8c7eca0926362d0d143ca0007fcee0c/element - {"using":"css selector","value":"#shell-header-logo"}
COMMAND: GET /session/f8c7eca0926362d0d143ca0007fcee0c/screenshot - {}
RESULT: {"using":"css selector","value":"#shell-header-logo"}
COMMAND: POST /session/f8c7eca0926362d0d143ca0007fcee0c/element/f.02B9836222177F2037F2E3F69B058F44.d.DC6E779ADFA451905FC287C3E186ED99.e.2384/click - {}
RESULT: {}
RESULT: {}
COMMAND: GET /session/f8c7eca0926362d0d143ca0007fcee0c/screenshot - {}
RESULT: {}
]]></system-out>
    </testcase>
    <testcase classname="chrome.136_0_7103_93.windows.Create_masterdata_for_Yard_Overview_-_trigger_provide_US130988" name="Should do a stock increase handover" time="89.424">
      <system-out><![CDATA[
COMMAND: POST /session/f8c7eca0926362d0d143ca0007fcee0c/execute/async - {"script":"<script> [1562 bytes]","args":[{"selector":{"controlType":"sap.m.GenericTile","properties":{"header":"Manage Handovers"}},"wdio_ui5_key":"sapm.GenericTile{\"header\":\"Manage Handovers\"}"}]}
RESULT: {"script":"<script> [1562 bytes]","args":[{"selector":{"controlType":"sap.m.GenericTile","properties":{"header":"Manage Handovers"}},"wdio_ui5_key":"sapm.GenericTile{\"header\":\"Manage Handovers\"}"}]}
RESULT: undefined
COMMAND: POST /session/f8c7eca0926362d0d143ca0007fcee0c/element - {"using":"xpath","value":"//*[@id=\"__tile132\"]"}
RESULT: {"using":"xpath","value":"//*[@id=\"__tile132\"]"}
COMMAND: POST /session/f8c7eca0926362d0d143ca0007fcee0c/element/f.02B9836222177F2037F2E3F69B058F44.d.DC6E779ADFA451905FC287C3E186ED99.e.208/click - {}
RESULT: {}
COMMAND: GET /session/f8c7eca0926362d0d143ca0007fcee0c/screenshot - {}
RESULT: {}
COMMAND: POST /session/f8c7eca0926362d0d143ca0007fcee0c/elements - {"using":"xpath","value":"//span[text()='Error']"}
RESULT: {"using":"xpath","value":"//span[text()='Error']"}
COMMAND: POST /session/f8c7eca0926362d0d143ca0007fcee0c/element - {"using":"xpath","value":"//button[@data-kt=\"masterHOAddButton\"]"}
RESULT: {"using":"xpath","value":"//button[@data-kt=\"masterHOAddButton\"]"}
COMMAND: POST /session/f8c7eca0926362d0d143ca0007fcee0c/elements - {"using":"xpath","value":"//button[@data-kt=\"masterHOAddButton\"]"}
RESULT: {"using":"xpath","value":"//button[@data-kt=\"masterHOAddButton\"]"}
COMMAND: POST /session/f8c7eca0926362d0d143ca0007fcee0c/execute/sync - {"script":"<script> [8489 bytes]","args":[{"element-6066-11e4-a52e-4f735466cecf":"f.02B9836222177F2037F2E3F69B058F44.d.DC6E779ADFA451905FC287C3E186ED99.e.3034","ELEMENT":"f.02B9836222177F2037F2E3F69B058F44.d.DC6E779ADFA451905FC287C3E186ED99.e.3034"}]}
RESULT: {"script":"<script> [8489 bytes]","args":[{"element-6066-11e4-a52e-4f735466cecf":"f.02B9836222177F2037F2E3F69B058F44.d.DC6E779ADFA451905FC287C3E186ED99.e.3034","ELEMENT":"f.02B9836222177F2037F2E3F69B058F44.d.DC6E779ADFA451905FC287C3E186ED99.e.3034"}]}
COMMAND: GET /session/f8c7eca0926362d0d143ca0007fcee0c/element/f.02B9836222177F2037F2E3F69B058F44.d.DC6E779ADFA451905FC287C3E186ED99.e.3034/enabled - {}
COMMAND: GET /session/f8c7eca0926362d0d143ca0007fcee0c/screenshot - {}
RESULT: {}
COMMAND: POST /session/f8c7eca0926362d0d143ca0007fcee0c/execute/sync - {"script":"<script> [8489 bytes]","args":[{"element-6066-11e4-a52e-4f735466cecf":"f.02B9836222177F2037F2E3F69B058F44.d.DC6E779ADFA451905FC287C3E186ED99.e.3034","ELEMENT":"f.02B9836222177F2037F2E3F69B058F44.d.DC6E779ADFA451905FC287C3E186ED99.e.3034"}]}
COMMAND: GET /session/f8c7eca0926362d0d143ca0007fcee0c/screenshot - {}
RESULT: {}
RESULT: {"script":"<script> [8489 bytes]","args":[{"element-6066-11e4-a52e-4f735466cecf":"f.02B9836222177F2037F2E3F69B058F44.d.DC6E779ADFA451905FC287C3E186ED99.e.3034","ELEMENT":"f.02B9836222177F2037F2E3F69B058F44.d.DC6E779ADFA451905FC287C3E186ED99.e.3034"}]}
COMMAND: POST /session/f8c7eca0926362d0d143ca0007fcee0c/execute/sync - {"script":"<script> [5351 bytes]","args":[{"element-6066-11e4-a52e-4f735466cecf":"f.02B9836222177F2037F2E3F69B058F44.d.DC6E779ADFA451905FC287C3E186ED99.e.3034","ELEMENT":"f.02B9836222177F2037F2E3F69B058F44.d.DC6E779ADFA451905FC287C3E186ED99.e.3034"}]}
COMMAND: GET /session/f8c7eca0926362d0d143ca0007fcee0c/screenshot - {}
RESULT: {}
RESULT: {"script":"<script> [5351 bytes]","args":[{"element-6066-11e4-a52e-4f735466cecf":"f.02B9836222177F2037F2E3F69B058F44.d.DC6E779ADFA451905FC287C3E186ED99.e.3034","ELEMENT":"f.02B9836222177F2037F2E3F69B058F44.d.DC6E779ADFA451905FC287C3E186ED99.e.3034"}]}
COMMAND: POST /session/f8c7eca0926362d0d143ca0007fcee0c/element/f.02B9836222177F2037F2E3F69B058F44.d.DC6E779ADFA451905FC287C3E186ED99.e.3034/click - {}
COMMAND: GET /session/f8c7eca0926362d0d143ca0007fcee0c/screenshot - {}
RESULT: {}
RESULT: {}
COMMAND: GET /session/f8c7eca0926362d0d143ca0007fcee0c/screenshot - {}
RESULT: {}
RESULT: {}
COMMAND: POST /session/f8c7eca0926362d0d143ca0007fcee0c/element - {"using":"xpath","value":"//span[contains(@id ,\"AddNewHO--typeSelect-arrow\")]"}
RESULT: {"using":"xpath","value":"//span[contains(@id ,\"AddNewHO--typeSelect-arrow\")]"}
COMMAND: POST /session/f8c7eca0926362d0d143ca0007fcee0c/element/f.02B9836222177F2037F2E3F69B058F44.d.DC6E779ADFA451905FC287C3E186ED99.e.3386/click - {}
RESULT: {}
COMMAND: GET /session/f8c7eca0926362d0d143ca0007fcee0c/screenshot - {}
RESULT: {}
COMMAND: POST /session/f8c7eca0926362d0d143ca0007fcee0c/element - {"using":"xpath","value":"(//li[contains(text(), \"stock increase yard\")])[1]"}
RESULT: {"using":"xpath","value":"(//li[contains(text(), \"stock increase yard\")])[1]"}
COMMAND: POST /session/f8c7eca0926362d0d143ca0007fcee0c/element/f.02B9836222177F2037F2E3F69B058F44.d.DC6E779ADFA451905FC287C3E186ED99.e.3387/click - {}
RESULT: {}
COMMAND: GET /session/f8c7eca0926362d0d143ca0007fcee0c/screenshot - {}
RESULT: {}
COMMAND: POST /session/f8c7eca0926362d0d143ca0007fcee0c/execute/async - {"script":"<script> [1562 bytes]","args":[{"selector":{"id":"application-managehandovers-display-component---AddNewHO--dueDate","interaction":{"idSuffix":"inner"}},"wdio_ui5_key":"applicationmanagehandovers-display-component---AddNewHO--dueDate"}]}
RESULT: {"script":"<script> [1562 bytes]","args":[{"selector":{"id":"application-managehandovers-display-component---AddNewHO--dueDate","interaction":{"idSuffix":"inner"}},"wdio_ui5_key":"applicationmanagehandovers-display-component---AddNewHO--dueDate"}]}
RESULT: undefined
COMMAND: POST /session/f8c7eca0926362d0d143ca0007fcee0c/execute/async - {"script":"<script> [6424 bytes]","args":[{"element-6066-11e4-a52e-4f735466cecf":"f.02B9836222177F2037F2E3F69B058F44.d.DC6E779ADFA451905FC287C3E186ED99.e.3389"},"setValue",["5/28/25"]]}
RESULT: {"script":"<script> [6424 bytes]","args":[{"element-6066-11e4-a52e-4f735466cecf":"f.02B9836222177F2037F2E3F69B058F44.d.DC6E779ADFA451905FC287C3E186ED99.e.3389"},"setValue",["5/28/25"]]}
COMMAND: POST /session/f8c7eca0926362d0d143ca0007fcee0c/element - {"using":"xpath","value":"//input[@id=\"generalSectionFrg--receiveYard-inner\"]"}
RESULT: {"using":"xpath","value":"//input[@id=\"generalSectionFrg--receiveYard-inner\"]"}
COMMAND: POST /session/f8c7eca0926362d0d143ca0007fcee0c/element/f.02B9836222177F2037F2E3F69B058F44.d.DC6E779ADFA451905FC287C3E186ED99.e.3395/clear - {}
RESULT: {}
COMMAND: POST /session/f8c7eca0926362d0d143ca0007fcee0c/element/f.02B9836222177F2037F2E3F69B058F44.d.DC6E779ADFA451905FC287C3E186ED99.e.3395/value - {"text":"419"}
COMMAND: GET /session/f8c7eca0926362d0d143ca0007fcee0c/screenshot - {}
RESULT: {"text":"419"}
COMMAND: GET /session/f8c7eca0926362d0d143ca0007fcee0c/screenshot - {}
RESULT: {}
RESULT: {}
COMMAND: POST /session/f8c7eca0926362d0d143ca0007fcee0c/element - {"using":"xpath","value":"//li[.//span[text()='419']]"}
RESULT: {"using":"xpath","value":"//li[.//span[text()='419']]"}
COMMAND: POST /session/f8c7eca0926362d0d143ca0007fcee0c/element/f.02B9836222177F2037F2E3F69B058F44.d.DC6E779ADFA451905FC287C3E186ED99.e.3413/click - {}
RESULT: {}
COMMAND: GET /session/f8c7eca0926362d0d143ca0007fcee0c/screenshot - {}
RESULT: {}
COMMAND: POST /session/f8c7eca0926362d0d143ca0007fcee0c/execute/async - {"script":"<script> [1562 bytes]","args":[{"selector":{"id":"application-managehandovers-display-component---AddNewHO--ObjectPageLayout-anchBar-application-managehandovers-display-component---AddNewHO--section4-anchor","interaction":{"idSuffix":"BDI-content"}},"wdio_ui5_key":"applicationmanagehandovers-display-component---AddNewHO--ObjectPageLayout-anchBar-application-managehandovers-display-component---AddNewHO--section4-anchor"}]}
RESULT: {"script":"<script> [1562 bytes]","args":[{"selector":{"id":"application-managehandovers-display-component---AddNewHO--ObjectPageLayout-anchBar-application-managehandovers-display-component---AddNewHO--section4-anchor","interaction":{"idSuffix":"BDI-content"}},"wdio_ui5_key":"applicationmanagehandovers-display-component---AddNewHO--ObjectPageLayout-anchBar-application-managehandovers-display-component---AddNewHO--section4-anchor"}]}
RESULT: undefined
COMMAND: POST /session/f8c7eca0926362d0d143ca0007fcee0c/element - {"using":"xpath","value":"//*[@id=\"application-managehandovers-display-component---AddNewHO--ObjectPageLayout-anchBar-application-managehandovers-display-component---AddNewHO--section4-anchor\"]"}
RESULT: {"using":"xpath","value":"//*[@id=\"application-managehandovers-display-component---AddNewHO--ObjectPageLayout-anchBar-application-managehandovers-display-component---AddNewHO--section4-anchor\"]"}
COMMAND: POST /session/f8c7eca0926362d0d143ca0007fcee0c/element/f.02B9836222177F2037F2E3F69B058F44.d.DC6E779ADFA451905FC287C3E186ED99.e.3415/click - {}
RESULT: {}
COMMAND: POST /session/f8c7eca0926362d0d143ca0007fcee0c/element - {"using":"xpath","value":"//button[@aria-label=\"Add\"]"}
COMMAND: GET /session/f8c7eca0926362d0d143ca0007fcee0c/screenshot - {}
RESULT: {"using":"xpath","value":"//button[@aria-label=\"Add\"]"}
COMMAND: POST /session/f8c7eca0926362d0d143ca0007fcee0c/element/f.02B9836222177F2037F2E3F69B058F44.d.DC6E779ADFA451905FC287C3E186ED99.e.3417/click - {}
RESULT: {}
RESULT: {}
COMMAND: GET /session/f8c7eca0926362d0d143ca0007fcee0c/screenshot - {}
RESULT: {}
COMMAND: POST /session/f8c7eca0926362d0d143ca0007fcee0c/execute/async - {"script":"<script> [1562 bytes]","args":[{"selector":{"id":"application-managehandovers-display-component---AddNewHO--smartFilterBar-btnBasicSearch","searchOpenDialogs":true,"interaction":{"idSuffix":"I"}},"wdio_ui5_key":"applicationmanagehandovers-display-component---AddNewHO--smartFilterBar-btnBasicSearch"}]}
RESULT: {"script":"<script> [1562 bytes]","args":[{"selector":{"id":"application-managehandovers-display-component---AddNewHO--smartFilterBar-btnBasicSearch","searchOpenDialogs":true,"interaction":{"idSuffix":"I"}},"wdio_ui5_key":"applicationmanagehandovers-display-component---AddNewHO--smartFilterBar-btnBasicSearch"}]}
RESULT: undefined
COMMAND: POST /session/f8c7eca0926362d0d143ca0007fcee0c/execute/async - {"script":"<script> [776 bytes]","args":[{"enterText":"200229","selector":{"id":"application-managehandovers-display-component---AddNewHO--smartFilterBar-btnBasicSearch","searchOpenDialogs":true,"interaction":{"idSuffix":"I"}},"clearTextFirst":true,"interactionType":"ENTER_TEXT"}]}
RESULT: {"script":"<script> [776 bytes]","args":[{"enterText":"200229","selector":{"id":"application-managehandovers-display-component---AddNewHO--smartFilterBar-btnBasicSearch","searchOpenDialogs":true,"interaction":{"idSuffix":"I"}},"clearTextFirst":true,"interactionType":"ENTER_TEXT"}]}
COMMAND: POST /session/f8c7eca0926362d0d143ca0007fcee0c/actions - {"actions":[{"id":"action9","type":"key","parameters":{},"actions":[{"type":"keyDown","value":""},{"type":"pause","duration":10},{"type":"keyUp","value":""}]}]}
RESULT: {"actions":[{"id":"action9","type":"key","parameters":{},"actions":[{"type":"keyDown","value":""},{"type":"pause","duration":10},{"type":"keyUp","value":""}]}]}
COMMAND: GET /session/f8c7eca0926362d0d143ca0007fcee0c/screenshot - {}
RESULT: {}
COMMAND: POST /session/f8c7eca0926362d0d143ca0007fcee0c/execute/async - {"script":"<script> [1562 bytes]","args":[{"selector":{"id":"application-managehandovers-display-component---AddNewHO--popup-sa","searchOpenDialogs":true,"interaction":{"idSuffix":"CbBg"}},"wdio_ui5_key":"applicationmanagehandovers-display-component---AddNewHO--popup-sa"}]}
RESULT: {"script":"<script> [1562 bytes]","args":[{"selector":{"id":"application-managehandovers-display-component---AddNewHO--popup-sa","searchOpenDialogs":true,"interaction":{"idSuffix":"CbBg"}},"wdio_ui5_key":"applicationmanagehandovers-display-component---AddNewHO--popup-sa"}]}
RESULT: undefined
COMMAND: POST /session/f8c7eca0926362d0d143ca0007fcee0c/element - {"using":"xpath","value":"//*[@id=\"application-managehandovers-display-component---AddNewHO--popup-sa\"]"}
RESULT: {"using":"xpath","value":"//*[@id=\"application-managehandovers-display-component---AddNewHO--popup-sa\"]"}
COMMAND: POST /session/f8c7eca0926362d0d143ca0007fcee0c/element/f.02B9836222177F2037F2E3F69B058F44.d.DC6E779ADFA451905FC287C3E186ED99.e.3571/click - {}
RESULT: {}
COMMAND: GET /session/f8c7eca0926362d0d143ca0007fcee0c/screenshot - {}
RESULT: {}
COMMAND: POST /session/f8c7eca0926362d0d143ca0007fcee0c/element - {"using":"xpath","value":"//bdi[contains(text(), \"Select\")]"}
RESULT: {"using":"xpath","value":"//bdi[contains(text(), \"Select\")]"}
COMMAND: POST /session/f8c7eca0926362d0d143ca0007fcee0c/element/f.02B9836222177F2037F2E3F69B058F44.d.DC6E779ADFA451905FC287C3E186ED99.e.3572/click - {}
RESULT: {}
COMMAND: GET /session/f8c7eca0926362d0d143ca0007fcee0c/screenshot - {}
RESULT: {}
COMMAND: POST /session/f8c7eca0926362d0d143ca0007fcee0c/element - {"using":"xpath","value":"//button[@data-kt=\"AddNewHOSaveButton\"]"}
RESULT: {"using":"xpath","value":"//button[@data-kt=\"AddNewHOSaveButton\"]"}
COMMAND: POST /session/f8c7eca0926362d0d143ca0007fcee0c/element/f.02B9836222177F2037F2E3F69B058F44.d.DC6E779ADFA451905FC287C3E186ED99.e.3576/click - {}
RESULT: {}
COMMAND: GET /session/f8c7eca0926362d0d143ca0007fcee0c/screenshot - {}
RESULT: {}
COMMAND: POST /session/f8c7eca0926362d0d143ca0007fcee0c/execute/async - {"script":"<script> [1562 bytes]","args":[{"selector":{"id":"receiptDatePicker","viewName":"etm.portal.ui.managehandovers.view.DetailExecuteHO","interaction":{"idSuffix":"inner"}},"wdio_ui5_key":"receiptDatePickeretmportal.ui.managehandovers.view.DetailExecuteHO"}]}
RESULT: {"script":"<script> [1562 bytes]","args":[{"selector":{"id":"receiptDatePicker","viewName":"etm.portal.ui.managehandovers.view.DetailExecuteHO","interaction":{"idSuffix":"inner"}},"wdio_ui5_key":"receiptDatePickeretmportal.ui.managehandovers.view.DetailExecuteHO"}]}
RESULT: undefined
COMMAND: POST /session/f8c7eca0926362d0d143ca0007fcee0c/execute/async - {"script":"<script> [6424 bytes]","args":[{"element-6066-11e4-a52e-4f735466cecf":"f.02B9836222177F2037F2E3F69B058F44.d.DC6E779ADFA451905FC287C3E186ED99.e.3607"},"setValue",["5/28/25"]]}
RESULT: {"script":"<script> [6424 bytes]","args":[{"element-6066-11e4-a52e-4f735466cecf":"f.02B9836222177F2037F2E3F69B058F44.d.DC6E779ADFA451905FC287C3E186ED99.e.3607"},"setValue",["5/28/25"]]}
COMMAND: POST /session/f8c7eca0926362d0d143ca0007fcee0c/element - {"using":"xpath","value":"//button[@data-kt=\"ReceivingTableConfirmAllButton\"]"}
RESULT: {"using":"xpath","value":"//button[@data-kt=\"ReceivingTableConfirmAllButton\"]"}
COMMAND: POST /session/f8c7eca0926362d0d143ca0007fcee0c/element/f.02B9836222177F2037F2E3F69B058F44.d.DC6E779ADFA451905FC287C3E186ED99.e.3621/click - {}
RESULT: {}
COMMAND: GET /session/f8c7eca0926362d0d143ca0007fcee0c/screenshot - {}
RESULT: {}
COMMAND: POST /session/f8c7eca0926362d0d143ca0007fcee0c/element - {"using":"xpath","value":"//bdi[contains(text(), \"OK\")]"}
RESULT: {"using":"xpath","value":"//bdi[contains(text(), \"OK\")]"}
COMMAND: POST /session/f8c7eca0926362d0d143ca0007fcee0c/element/f.02B9836222177F2037F2E3F69B058F44.d.DC6E779ADFA451905FC287C3E186ED99.e.3623/click - {}
RESULT: {}
COMMAND: GET /session/f8c7eca0926362d0d143ca0007fcee0c/screenshot - {}
RESULT: {}
COMMAND: POST /session/f8c7eca0926362d0d143ca0007fcee0c/element - {"using":"xpath","value":"(//bdi[contains(text(), \"Receive\")])[2]"}
RESULT: {"using":"xpath","value":"(//bdi[contains(text(), \"Receive\")])[2]"}
COMMAND: POST /session/f8c7eca0926362d0d143ca0007fcee0c/element/f.02B9836222177F2037F2E3F69B058F44.d.DC6E779ADFA451905FC287C3E186ED99.e.3625/click - {}
RESULT: {}
COMMAND: GET /session/f8c7eca0926362d0d143ca0007fcee0c/screenshot - {}
RESULT: {}
COMMAND: POST /session/f8c7eca0926362d0d143ca0007fcee0c/element - {"using":"css selector","value":"#shell-header-logo"}
RESULT: {"using":"css selector","value":"#shell-header-logo"}
COMMAND: POST /session/f8c7eca0926362d0d143ca0007fcee0c/element/f.02B9836222177F2037F2E3F69B058F44.d.DC6E779ADFA451905FC287C3E186ED99.e.2994/click - {}
RESULT: {}
COMMAND: GET /session/f8c7eca0926362d0d143ca0007fcee0c/screenshot - {}
RESULT: {}
]]></system-out>
    </testcase>
    <testcase classname="chrome.136_0_7103_93.windows.Create_masterdata_for_Yard_Overview_-_trigger_provide_US130988" name="Should create a new contract" time="58.967">
      <system-out><![CDATA[
COMMAND: POST /session/f8c7eca0926362d0d143ca0007fcee0c/execute/async - {"script":"<script> [1562 bytes]","args":[{"selector":{"controlType":"sap.m.GenericTile","properties":{"header":"Manage Contracts"}},"wdio_ui5_key":"sapm.GenericTile{\"header\":\"Manage Contracts\"}"}]}
RESULT: {"script":"<script> [1562 bytes]","args":[{"selector":{"controlType":"sap.m.GenericTile","properties":{"header":"Manage Contracts"}},"wdio_ui5_key":"sapm.GenericTile{\"header\":\"Manage Contracts\"}"}]}
RESULT: undefined
COMMAND: POST /session/f8c7eca0926362d0d143ca0007fcee0c/element - {"using":"xpath","value":"//*[@id=\"__tile130\"]"}
RESULT: {"using":"xpath","value":"//*[@id=\"__tile130\"]"}
COMMAND: POST /session/f8c7eca0926362d0d143ca0007fcee0c/element/f.02B9836222177F2037F2E3F69B058F44.d.DC6E779ADFA451905FC287C3E186ED99.e.137/click - {}
RESULT: {}
COMMAND: GET /session/f8c7eca0926362d0d143ca0007fcee0c/screenshot - {}
RESULT: {}
COMMAND: POST /session/f8c7eca0926362d0d143ca0007fcee0c/elements - {"using":"xpath","value":"//span[text()='Error']"}
RESULT: {"using":"xpath","value":"//span[text()='Error']"}
COMMAND: POST /session/f8c7eca0926362d0d143ca0007fcee0c/element - {"using":"xpath","value":"//button[@data-kt=\"addButton\"]"}
RESULT: {"using":"xpath","value":"//button[@data-kt=\"addButton\"]"}
COMMAND: POST /session/f8c7eca0926362d0d143ca0007fcee0c/elements - {"using":"xpath","value":"//button[@data-kt=\"addButton\"]"}
RESULT: {"using":"xpath","value":"//button[@data-kt=\"addButton\"]"}
COMMAND: POST /session/f8c7eca0926362d0d143ca0007fcee0c/execute/sync - {"script":"<script> [8489 bytes]","args":[{"element-6066-11e4-a52e-4f735466cecf":"f.02B9836222177F2037F2E3F69B058F44.d.DC6E779ADFA451905FC287C3E186ED99.e.3845","ELEMENT":"f.02B9836222177F2037F2E3F69B058F44.d.DC6E779ADFA451905FC287C3E186ED99.e.3845"}]}
RESULT: {"script":"<script> [8489 bytes]","args":[{"element-6066-11e4-a52e-4f735466cecf":"f.02B9836222177F2037F2E3F69B058F44.d.DC6E779ADFA451905FC287C3E186ED99.e.3845","ELEMENT":"f.02B9836222177F2037F2E3F69B058F44.d.DC6E779ADFA451905FC287C3E186ED99.e.3845"}]}
COMMAND: GET /session/f8c7eca0926362d0d143ca0007fcee0c/element/f.02B9836222177F2037F2E3F69B058F44.d.DC6E779ADFA451905FC287C3E186ED99.e.3845/enabled - {}
COMMAND: GET /session/f8c7eca0926362d0d143ca0007fcee0c/screenshot - {}
RESULT: {}
COMMAND: POST /session/f8c7eca0926362d0d143ca0007fcee0c/execute/sync - {"script":"<script> [8489 bytes]","args":[{"element-6066-11e4-a52e-4f735466cecf":"f.02B9836222177F2037F2E3F69B058F44.d.DC6E779ADFA451905FC287C3E186ED99.e.3845","ELEMENT":"f.02B9836222177F2037F2E3F69B058F44.d.DC6E779ADFA451905FC287C3E186ED99.e.3845"}]}
COMMAND: GET /session/f8c7eca0926362d0d143ca0007fcee0c/screenshot - {}
RESULT: {}
RESULT: {"script":"<script> [8489 bytes]","args":[{"element-6066-11e4-a52e-4f735466cecf":"f.02B9836222177F2037F2E3F69B058F44.d.DC6E779ADFA451905FC287C3E186ED99.e.3845","ELEMENT":"f.02B9836222177F2037F2E3F69B058F44.d.DC6E779ADFA451905FC287C3E186ED99.e.3845"}]}
COMMAND: POST /session/f8c7eca0926362d0d143ca0007fcee0c/execute/sync - {"script":"<script> [5351 bytes]","args":[{"element-6066-11e4-a52e-4f735466cecf":"f.02B9836222177F2037F2E3F69B058F44.d.DC6E779ADFA451905FC287C3E186ED99.e.3845","ELEMENT":"f.02B9836222177F2037F2E3F69B058F44.d.DC6E779ADFA451905FC287C3E186ED99.e.3845"}]}
COMMAND: GET /session/f8c7eca0926362d0d143ca0007fcee0c/screenshot - {}
RESULT: {}
RESULT: {"script":"<script> [5351 bytes]","args":[{"element-6066-11e4-a52e-4f735466cecf":"f.02B9836222177F2037F2E3F69B058F44.d.DC6E779ADFA451905FC287C3E186ED99.e.3845","ELEMENT":"f.02B9836222177F2037F2E3F69B058F44.d.DC6E779ADFA451905FC287C3E186ED99.e.3845"}]}
COMMAND: GET /session/f8c7eca0926362d0d143ca0007fcee0c/screenshot - {}
RESULT: {}
RESULT: {}
COMMAND: POST /session/f8c7eca0926362d0d143ca0007fcee0c/element/f.02B9836222177F2037F2E3F69B058F44.d.DC6E779ADFA451905FC287C3E186ED99.e.3845/click - {}
RESULT: {}
COMMAND: GET /session/f8c7eca0926362d0d143ca0007fcee0c/screenshot - {}
RESULT: {}
COMMAND: POST /session/f8c7eca0926362d0d143ca0007fcee0c/execute/async - {"script":"<script> [1562 bytes]","args":[{"selector":{"id":"application-managecontracts-display-component---AddNewContract--projectDescription","interaction":{"idSuffix":"inner"}},"wdio_ui5_key":"applicationmanagecontracts-display-component---AddNewContract--projectDescription"}]}
RESULT: {"script":"<script> [1562 bytes]","args":[{"selector":{"id":"application-managecontracts-display-component---AddNewContract--projectDescription","interaction":{"idSuffix":"inner"}},"wdio_ui5_key":"applicationmanagecontracts-display-component---AddNewContract--projectDescription"}]}
RESULT: undefined
COMMAND: POST /session/f8c7eca0926362d0d143ca0007fcee0c/execute/async - {"script":"<script> [776 bytes]","args":[{"enterText":"Contract WDIO","selector":{"id":"application-managecontracts-display-component---AddNewContract--projectDescription","interaction":{"idSuffix":"inner"}},"clearTextFirst":true,"interactionType":"ENTER_TEXT"}]}
RESULT: {"script":"<script> [776 bytes]","args":[{"enterText":"Contract WDIO","selector":{"id":"application-managecontracts-display-component---AddNewContract--projectDescription","interaction":{"idSuffix":"inner"}},"clearTextFirst":true,"interactionType":"ENTER_TEXT"}]}
COMMAND: POST /session/f8c7eca0926362d0d143ca0007fcee0c/element - {"using":"xpath","value":"//input[@id=\"application-managecontracts-display-component---AddNewContract--site-inner\"]"}
RESULT: {"using":"xpath","value":"//input[@id=\"application-managecontracts-display-component---AddNewContract--site-inner\"]"}
COMMAND: POST /session/f8c7eca0926362d0d143ca0007fcee0c/element/f.02B9836222177F2037F2E3F69B058F44.d.DC6E779ADFA451905FC287C3E186ED99.e.4163/clear - {}
RESULT: {}
COMMAND: POST /session/f8c7eca0926362d0d143ca0007fcee0c/element/f.02B9836222177F2037F2E3F69B058F44.d.DC6E779ADFA451905FC287C3E186ED99.e.4163/value - {"text":"2201"}
COMMAND: GET /session/f8c7eca0926362d0d143ca0007fcee0c/screenshot - {}
RESULT: {"text":"2201"}
COMMAND: GET /session/f8c7eca0926362d0d143ca0007fcee0c/screenshot - {}
RESULT: {}
RESULT: {}
COMMAND: POST /session/f8c7eca0926362d0d143ca0007fcee0c/element - {"using":"xpath","value":"//li[.//span[text()='2201']]"}
RESULT: {"using":"xpath","value":"//li[.//span[text()='2201']]"}
COMMAND: POST /session/f8c7eca0926362d0d143ca0007fcee0c/element/f.02B9836222177F2037F2E3F69B058F44.d.DC6E779ADFA451905FC287C3E186ED99.e.4246/click - {}
RESULT: {}
COMMAND: GET /session/f8c7eca0926362d0d143ca0007fcee0c/screenshot - {}
RESULT: {}
COMMAND: POST /session/f8c7eca0926362d0d143ca0007fcee0c/element - {"using":"xpath","value":"//input[@id=\"application-managecontracts-display-component---AddNewContract--yardId-inner\"]"}
RESULT: {"using":"xpath","value":"//input[@id=\"application-managecontracts-display-component---AddNewContract--yardId-inner\"]"}
COMMAND: GET /session/f8c7eca0926362d0d143ca0007fcee0c/element/f.02B9836222177F2037F2E3F69B058F44.d.DC6E779ADFA451905FC287C3E186ED99.e.4164/property/value - {}
RESULT: {}
COMMAND: POST /session/f8c7eca0926362d0d143ca0007fcee0c/element - {"using":"xpath","value":"//input[@id=\"application-managecontracts-display-component---AddNewContract--customerSelect-inner\"]"}
COMMAND: GET /session/f8c7eca0926362d0d143ca0007fcee0c/screenshot - {}
RESULT: {"using":"xpath","value":"//input[@id=\"application-managecontracts-display-component---AddNewContract--customerSelect-inner\"]"}
COMMAND: POST /session/f8c7eca0926362d0d143ca0007fcee0c/element/f.02B9836222177F2037F2E3F69B058F44.d.DC6E779ADFA451905FC287C3E186ED99.e.4162/clear - {}
RESULT: {}
RESULT: {}
COMMAND: POST /session/f8c7eca0926362d0d143ca0007fcee0c/element/f.02B9836222177F2037F2E3F69B058F44.d.DC6E779ADFA451905FC287C3E186ED99.e.4162/value - {"text":"1232"}
COMMAND: GET /session/f8c7eca0926362d0d143ca0007fcee0c/screenshot - {}
RESULT: {"text":"1232"}
COMMAND: GET /session/f8c7eca0926362d0d143ca0007fcee0c/screenshot - {}
RESULT: {}
RESULT: {}
COMMAND: POST /session/f8c7eca0926362d0d143ca0007fcee0c/element - {"using":"xpath","value":"//li[.//span[text()='1232']]"}
RESULT: {"using":"xpath","value":"//li[.//span[text()='1232']]"}
COMMAND: POST /session/f8c7eca0926362d0d143ca0007fcee0c/element/f.02B9836222177F2037F2E3F69B058F44.d.DC6E779ADFA451905FC287C3E186ED99.e.4249/click - {}
RESULT: {}
COMMAND: GET /session/f8c7eca0926362d0d143ca0007fcee0c/screenshot - {}
RESULT: {}
COMMAND: POST /session/f8c7eca0926362d0d143ca0007fcee0c/element - {"using":"xpath","value":"//button[@data-kt=\"saveButton\"]"}
RESULT: {"using":"xpath","value":"//button[@data-kt=\"saveButton\"]"}
COMMAND: POST /session/f8c7eca0926362d0d143ca0007fcee0c/element/f.02B9836222177F2037F2E3F69B058F44.d.DC6E779ADFA451905FC287C3E186ED99.e.4237/click - {}
RESULT: {}
COMMAND: GET /session/f8c7eca0926362d0d143ca0007fcee0c/screenshot - {}
RESULT: {}
COMMAND: POST /session/f8c7eca0926362d0d143ca0007fcee0c/element - {"using":"xpath","value":"//span[contains(@id ,\"contractDetailTitleNoExpanded\")]"}
RESULT: {"using":"xpath","value":"//span[contains(@id ,\"contractDetailTitleNoExpanded\")]"}
COMMAND: POST /session/f8c7eca0926362d0d143ca0007fcee0c/elements - {"using":"xpath","value":"//span[contains(@id ,\"contractDetailTitleNoExpanded\")]"}
RESULT: {"using":"xpath","value":"//span[contains(@id ,\"contractDetailTitleNoExpanded\")]"}
COMMAND: POST /session/f8c7eca0926362d0d143ca0007fcee0c/execute/sync - {"script":"<script> [56 bytes]","args":[{"element-6066-11e4-a52e-4f735466cecf":"f.02B9836222177F2037F2E3F69B058F44.d.DC6E779ADFA451905FC287C3E186ED99.e.4321","ELEMENT":"f.02B9836222177F2037F2E3F69B058F44.d.DC6E779ADFA451905FC287C3E186ED99.e.4321"}]}
RESULT: {"script":"<script> [56 bytes]","args":[{"element-6066-11e4-a52e-4f735466cecf":"f.02B9836222177F2037F2E3F69B058F44.d.DC6E779ADFA451905FC287C3E186ED99.e.4321","ELEMENT":"f.02B9836222177F2037F2E3F69B058F44.d.DC6E779ADFA451905FC287C3E186ED99.e.4321"}]}
COMMAND: GET /session/f8c7eca0926362d0d143ca0007fcee0c/screenshot - {}
RESULT: {}
]]></system-out>
    </testcase>
    <testcase classname="chrome.136_0_7103_93.windows.Create_masterdata_for_Yard_Overview_-_trigger_provide_US130988" name="Should add created equipment to contract" time="63.786">
      <system-out><![CDATA[
COMMAND: POST /session/f8c7eca0926362d0d143ca0007fcee0c/element - {"using":"xpath","value":"//button[@data-kt=\"contractDetailEditBtnButton\"]"}
RESULT: {"using":"xpath","value":"//button[@data-kt=\"contractDetailEditBtnButton\"]"}
COMMAND: POST /session/f8c7eca0926362d0d143ca0007fcee0c/element/f.02B9836222177F2037F2E3F69B058F44.d.DC6E779ADFA451905FC287C3E186ED99.e.4323/click - {}
RESULT: {}
COMMAND: GET /session/f8c7eca0926362d0d143ca0007fcee0c/screenshot - {}
RESULT: {}
COMMAND: POST /session/f8c7eca0926362d0d143ca0007fcee0c/element - {"using":"xpath","value":"(//span[contains(text(), \"Additional Addresses\")])[2]"}
RESULT: {"using":"xpath","value":"(//span[contains(text(), \"Additional Addresses\")])[2]"}
COMMAND: POST /session/f8c7eca0926362d0d143ca0007fcee0c/element/f.02B9836222177F2037F2E3F69B058F44.d.DC6E779ADFA451905FC287C3E186ED99.e.4379/click - {}
RESULT: {}
COMMAND: GET /session/f8c7eca0926362d0d143ca0007fcee0c/screenshot - {}
RESULT: {}
COMMAND: POST /session/f8c7eca0926362d0d143ca0007fcee0c/element - {"using":"xpath","value":"//button[@data-kt=\"btnAddTableRowOverflowToolbarButton\"]"}
RESULT: {"using":"xpath","value":"//button[@data-kt=\"btnAddTableRowOverflowToolbarButton\"]"}
COMMAND: POST /session/f8c7eca0926362d0d143ca0007fcee0c/element/f.02B9836222177F2037F2E3F69B058F44.d.DC6E779ADFA451905FC287C3E186ED99.e.4381/click - {}
RESULT: {}
COMMAND: GET /session/f8c7eca0926362d0d143ca0007fcee0c/screenshot - {}
RESULT: {}
COMMAND: POST /session/f8c7eca0926362d0d143ca0007fcee0c/element - {"using":"xpath","value":"//div[(text() = 'Standard Entry' or . = 'Standard Entry')]"}
RESULT: {"using":"xpath","value":"//div[(text() = 'Standard Entry' or . = 'Standard Entry')]"}
COMMAND: POST /session/f8c7eca0926362d0d143ca0007fcee0c/element/f.02B9836222177F2037F2E3F69B058F44.d.DC6E779ADFA451905FC287C3E186ED99.e.4383/click - {}
RESULT: {}
COMMAND: GET /session/f8c7eca0926362d0d143ca0007fcee0c/screenshot - {}
RESULT: {}
COMMAND: POST /session/f8c7eca0926362d0d143ca0007fcee0c/element - {"using":"xpath","value":"//td[6]/div/div/div/span"}
RESULT: {"using":"xpath","value":"//td[6]/div/div/div/span"}
COMMAND: POST /session/f8c7eca0926362d0d143ca0007fcee0c/element/f.02B9836222177F2037F2E3F69B058F44.d.DC6E779ADFA451905FC287C3E186ED99.e.4395/click - {}
RESULT: {}
COMMAND: GET /session/f8c7eca0926362d0d143ca0007fcee0c/screenshot - {}
RESULT: {}
COMMAND: POST /session/f8c7eca0926362d0d143ca0007fcee0c/element - {"using":"xpath","value":"(//span[contains(text(), \"Material\")])"}
RESULT: {"using":"xpath","value":"(//span[contains(text(), \"Material\")])"}
COMMAND: POST /session/f8c7eca0926362d0d143ca0007fcee0c/element/f.02B9836222177F2037F2E3F69B058F44.d.DC6E779ADFA451905FC287C3E186ED99.e.4396/click - {}
RESULT: {}
COMMAND: GET /session/f8c7eca0926362d0d143ca0007fcee0c/screenshot - {}
RESULT: {}
COMMAND: POST /session/f8c7eca0926362d0d143ca0007fcee0c/element - {"using":"xpath","value":"//td[7]/div/div/input"}
RESULT: {"using":"xpath","value":"//td[7]/div/div/input"}
COMMAND: POST /session/f8c7eca0926362d0d143ca0007fcee0c/element/f.02B9836222177F2037F2E3F69B058F44.d.DC6E779ADFA451905FC287C3E186ED99.e.4400/clear - {}
RESULT: {}
COMMAND: POST /session/f8c7eca0926362d0d143ca0007fcee0c/element/f.02B9836222177F2037F2E3F69B058F44.d.DC6E779ADFA451905FC287C3E186ED99.e.4400/value - {"text":"200229"}
COMMAND: GET /session/f8c7eca0926362d0d143ca0007fcee0c/screenshot - {}
RESULT: {"text":"200229"}
COMMAND: GET /session/f8c7eca0926362d0d143ca0007fcee0c/screenshot - {}
RESULT: {}
RESULT: {}
COMMAND: POST /session/f8c7eca0926362d0d143ca0007fcee0c/actions - {"actions":[{"id":"action10","type":"key","parameters":{},"actions":[{"type":"keyDown","value":""},{"type":"pause","duration":10},{"type":"keyUp","value":""}]}]}
RESULT: {"actions":[{"id":"action10","type":"key","parameters":{},"actions":[{"type":"keyDown","value":""},{"type":"pause","duration":10},{"type":"keyUp","value":""}]}]}
COMMAND: GET /session/f8c7eca0926362d0d143ca0007fcee0c/screenshot - {}
RESULT: {}
COMMAND: POST /session/f8c7eca0926362d0d143ca0007fcee0c/execute/sync - {"script":"<script> [276 bytes]","args":["No pricing information was found"]}
RESULT: {"script":"<script> [276 bytes]","args":["No pricing information was found"]}
COMMAND: POST /session/f8c7eca0926362d0d143ca0007fcee0c/element - {"using":"xpath","value":"//bdi[contains(text(), \"OK\")]"}
COMMAND: GET /session/f8c7eca0926362d0d143ca0007fcee0c/screenshot - {}
RESULT: {"using":"xpath","value":"//bdi[contains(text(), \"OK\")]"}
COMMAND: POST /session/f8c7eca0926362d0d143ca0007fcee0c/element/f.02B9836222177F2037F2E3F69B058F44.d.DC6E779ADFA451905FC287C3E186ED99.e.4426/click - {}
RESULT: {}
RESULT: {}
COMMAND: GET /session/f8c7eca0926362d0d143ca0007fcee0c/screenshot - {}
RESULT: {}
COMMAND: POST /session/f8c7eca0926362d0d143ca0007fcee0c/element - {"using":"xpath","value":"(//button[@data-kt=\"saveButton\"])[2]"}
RESULT: {"using":"xpath","value":"(//button[@data-kt=\"saveButton\"])[2]"}
COMMAND: POST /session/f8c7eca0926362d0d143ca0007fcee0c/element/f.02B9836222177F2037F2E3F69B058F44.d.DC6E779ADFA451905FC287C3E186ED99.e.4427/click - {}
RESULT: {}
COMMAND: GET /session/f8c7eca0926362d0d143ca0007fcee0c/screenshot - {}
RESULT: {}
COMMAND: POST /session/f8c7eca0926362d0d143ca0007fcee0c/execute/sync - {"script":"<script> [276 bytes]","args":["Some contract items are having rental validity exceeding header rental validity"]}
RESULT: {"script":"<script> [276 bytes]","args":["Some contract items are having rental validity exceeding header rental validity"]}
COMMAND: GET /session/f8c7eca0926362d0d143ca0007fcee0c/screenshot - {}
RESULT: {}
COMMAND: POST /session/f8c7eca0926362d0d143ca0007fcee0c/element - {"using":"xpath","value":"//span[contains(@id ,\"contractItemsSmartTable-header-inner\")]"}
RESULT: {"using":"xpath","value":"//span[contains(@id ,\"contractItemsSmartTable-header-inner\")]"}
COMMAND: POST /session/f8c7eca0926362d0d143ca0007fcee0c/elements - {"using":"xpath","value":"//span[contains(@id ,\"contractItemsSmartTable-header-inner\")]"}
RESULT: {"using":"xpath","value":"//span[contains(@id ,\"contractItemsSmartTable-header-inner\")]"}
COMMAND: POST /session/f8c7eca0926362d0d143ca0007fcee0c/execute/sync - {"script":"<script> [56 bytes]","args":[{"element-6066-11e4-a52e-4f735466cecf":"f.02B9836222177F2037F2E3F69B058F44.d.DC6E779ADFA451905FC287C3E186ED99.e.4432","ELEMENT":"f.02B9836222177F2037F2E3F69B058F44.d.DC6E779ADFA451905FC287C3E186ED99.e.4432"}]}
RESULT: {"script":"<script> [56 bytes]","args":[{"element-6066-11e4-a52e-4f735466cecf":"f.02B9836222177F2037F2E3F69B058F44.d.DC6E779ADFA451905FC287C3E186ED99.e.4432","ELEMENT":"f.02B9836222177F2037F2E3F69B058F44.d.DC6E779ADFA451905FC287C3E186ED99.e.4432"}]}
COMMAND: POST /session/f8c7eca0926362d0d143ca0007fcee0c/element - {"using":"css selector","value":"#shell-header-logo"}
COMMAND: GET /session/f8c7eca0926362d0d143ca0007fcee0c/screenshot - {}
RESULT: {"using":"css selector","value":"#shell-header-logo"}
COMMAND: POST /session/f8c7eca0926362d0d143ca0007fcee0c/element/f.02B9836222177F2037F2E3F69B058F44.d.DC6E779ADFA451905FC287C3E186ED99.e.3800/click - {}
RESULT: {}
RESULT: {}
COMMAND: GET /session/f8c7eca0926362d0d143ca0007fcee0c/screenshot - {}
RESULT: {}
]]></system-out>
    </testcase>
    <testcase classname="chrome.136_0_7103_93.windows.Create_masterdata_for_Yard_Overview_-_trigger_provide_US130988" name="Navigate to Yard overview and provide the RU" time="149.053">
      <system-out><![CDATA[
COMMAND: POST /session/f8c7eca0926362d0d143ca0007fcee0c/execute/async - {"script":"<script> [1562 bytes]","args":[{"selector":{"controlType":"sap.m.GenericTile","properties":{"header":"Yard Overview"}},"wdio_ui5_key":"sapm.GenericTile{\"header\":\"Yard Overview\"}"}]}
RESULT: {"script":"<script> [1562 bytes]","args":[{"selector":{"controlType":"sap.m.GenericTile","properties":{"header":"Yard Overview"}},"wdio_ui5_key":"sapm.GenericTile{\"header\":\"Yard Overview\"}"}]}
RESULT: undefined
COMMAND: POST /session/f8c7eca0926362d0d143ca0007fcee0c/element - {"using":"xpath","value":"//*[@id=\"__tile102\"]"}
RESULT: {"using":"xpath","value":"//*[@id=\"__tile102\"]"}
COMMAND: POST /session/f8c7eca0926362d0d143ca0007fcee0c/element/f.02B9836222177F2037F2E3F69B058F44.d.DC6E779ADFA451905FC287C3E186ED99.e.4434/click - {}
RESULT: {}
COMMAND: GET /session/f8c7eca0926362d0d143ca0007fcee0c/screenshot - {}
RESULT: {}
COMMAND: POST /session/f8c7eca0926362d0d143ca0007fcee0c/elements - {"using":"xpath","value":"//span[text()='Error']"}
RESULT: {"using":"xpath","value":"//span[text()='Error']"}
COMMAND: POST /session/f8c7eca0926362d0d143ca0007fcee0c/element - {"using":"xpath","value":"//input[contains(@id,\"smartFilterBar-btnBasicSearch-I\")]"}
RESULT: {"using":"xpath","value":"//input[contains(@id,\"smartFilterBar-btnBasicSearch-I\")]"}
COMMAND: POST /session/f8c7eca0926362d0d143ca0007fcee0c/elements - {"using":"xpath","value":"//input[contains(@id,\"smartFilterBar-btnBasicSearch-I\")]"}
RESULT: {"using":"xpath","value":"//input[contains(@id,\"smartFilterBar-btnBasicSearch-I\")]"}
COMMAND: POST /session/f8c7eca0926362d0d143ca0007fcee0c/execute/sync - {"script":"<script> [8489 bytes]","args":[{"element-6066-11e4-a52e-4f735466cecf":"f.02B9836222177F2037F2E3F69B058F44.d.DC6E779ADFA451905FC287C3E186ED99.e.4440","ELEMENT":"f.02B9836222177F2037F2E3F69B058F44.d.DC6E779ADFA451905FC287C3E186ED99.e.4440"}]}
RESULT: {"script":"<script> [8489 bytes]","args":[{"element-6066-11e4-a52e-4f735466cecf":"f.02B9836222177F2037F2E3F69B058F44.d.DC6E779ADFA451905FC287C3E186ED99.e.4440","ELEMENT":"f.02B9836222177F2037F2E3F69B058F44.d.DC6E779ADFA451905FC287C3E186ED99.e.4440"}]}
COMMAND: GET /session/f8c7eca0926362d0d143ca0007fcee0c/element/f.02B9836222177F2037F2E3F69B058F44.d.DC6E779ADFA451905FC287C3E186ED99.e.4440/enabled - {}
COMMAND: GET /session/f8c7eca0926362d0d143ca0007fcee0c/screenshot - {}
RESULT: {}
COMMAND: POST /session/f8c7eca0926362d0d143ca0007fcee0c/execute/sync - {"script":"<script> [8489 bytes]","args":[{"element-6066-11e4-a52e-4f735466cecf":"f.02B9836222177F2037F2E3F69B058F44.d.DC6E779ADFA451905FC287C3E186ED99.e.4440","ELEMENT":"f.02B9836222177F2037F2E3F69B058F44.d.DC6E779ADFA451905FC287C3E186ED99.e.4440"}]}
COMMAND: GET /session/f8c7eca0926362d0d143ca0007fcee0c/screenshot - {}
RESULT: {}
RESULT: {"script":"<script> [8489 bytes]","args":[{"element-6066-11e4-a52e-4f735466cecf":"f.02B9836222177F2037F2E3F69B058F44.d.DC6E779ADFA451905FC287C3E186ED99.e.4440","ELEMENT":"f.02B9836222177F2037F2E3F69B058F44.d.DC6E779ADFA451905FC287C3E186ED99.e.4440"}]}
COMMAND: POST /session/f8c7eca0926362d0d143ca0007fcee0c/execute/sync - {"script":"<script> [5351 bytes]","args":[{"element-6066-11e4-a52e-4f735466cecf":"f.02B9836222177F2037F2E3F69B058F44.d.DC6E779ADFA451905FC287C3E186ED99.e.4440","ELEMENT":"f.02B9836222177F2037F2E3F69B058F44.d.DC6E779ADFA451905FC287C3E186ED99.e.4440"}]}
COMMAND: GET /session/f8c7eca0926362d0d143ca0007fcee0c/screenshot - {}
RESULT: {}
RESULT: {"script":"<script> [5351 bytes]","args":[{"element-6066-11e4-a52e-4f735466cecf":"f.02B9836222177F2037F2E3F69B058F44.d.DC6E779ADFA451905FC287C3E186ED99.e.4440","ELEMENT":"f.02B9836222177F2037F2E3F69B058F44.d.DC6E779ADFA451905FC287C3E186ED99.e.4440"}]}
COMMAND: GET /session/f8c7eca0926362d0d143ca0007fcee0c/screenshot - {}
RESULT: {}
RESULT: {}
COMMAND: POST /session/f8c7eca0926362d0d143ca0007fcee0c/element/f.02B9836222177F2037F2E3F69B058F44.d.DC6E779ADFA451905FC287C3E186ED99.e.4440/clear - {}
RESULT: {}
COMMAND: POST /session/f8c7eca0926362d0d143ca0007fcee0c/element/f.02B9836222177F2037F2E3F69B058F44.d.DC6E779ADFA451905FC287C3E186ED99.e.4440/value - {"text":"419"}
COMMAND: GET /session/f8c7eca0926362d0d143ca0007fcee0c/screenshot - {}
RESULT: {"text":"419"}
COMMAND: GET /session/f8c7eca0926362d0d143ca0007fcee0c/screenshot - {}
RESULT: {}
RESULT: {}
COMMAND: POST /session/f8c7eca0926362d0d143ca0007fcee0c/actions - {"actions":[{"id":"action11","type":"key","parameters":{},"actions":[{"type":"keyDown","value":""},{"type":"pause","duration":10},{"type":"keyUp","value":""}]}]}
RESULT: {"actions":[{"id":"action11","type":"key","parameters":{},"actions":[{"type":"keyDown","value":""},{"type":"pause","duration":10},{"type":"keyUp","value":""}]}]}
COMMAND: GET /session/f8c7eca0926362d0d143ca0007fcee0c/screenshot - {}
RESULT: {}
COMMAND: POST /session/f8c7eca0926362d0d143ca0007fcee0c/element - {"using":"xpath","value":"//span[contains(@id, \"smartTable-header-inner\")]"}
RESULT: {"using":"xpath","value":"//span[contains(@id, \"smartTable-header-inner\")]"}
COMMAND: POST /session/f8c7eca0926362d0d143ca0007fcee0c/elements - {"using":"xpath","value":"//span[contains(@id, \"smartTable-header-inner\")]"}
RESULT: {"using":"xpath","value":"//span[contains(@id, \"smartTable-header-inner\")]"}
COMMAND: POST /session/f8c7eca0926362d0d143ca0007fcee0c/execute/sync - {"script":"<script> [56 bytes]","args":[{"element-6066-11e4-a52e-4f735466cecf":"f.02B9836222177F2037F2E3F69B058F44.d.DC6E779ADFA451905FC287C3E186ED99.e.4507","ELEMENT":"f.02B9836222177F2037F2E3F69B058F44.d.DC6E779ADFA451905FC287C3E186ED99.e.4507"}]}
RESULT: {"script":"<script> [56 bytes]","args":[{"element-6066-11e4-a52e-4f735466cecf":"f.02B9836222177F2037F2E3F69B058F44.d.DC6E779ADFA451905FC287C3E186ED99.e.4507","ELEMENT":"f.02B9836222177F2037F2E3F69B058F44.d.DC6E779ADFA451905FC287C3E186ED99.e.4507"}]}
COMMAND: POST /session/f8c7eca0926362d0d143ca0007fcee0c/element - {"using":"xpath","value":"(//span[contains(@id, \"imgNav\")])[1]"}
COMMAND: GET /session/f8c7eca0926362d0d143ca0007fcee0c/screenshot - {}
RESULT: {"using":"xpath","value":"(//span[contains(@id, \"imgNav\")])[1]"}
COMMAND: POST /session/f8c7eca0926362d0d143ca0007fcee0c/element/f.02B9836222177F2037F2E3F69B058F44.d.DC6E779ADFA451905FC287C3E186ED99.e.4506/click - {}
RESULT: {}
RESULT: {}
COMMAND: GET /session/f8c7eca0926362d0d143ca0007fcee0c/screenshot - {}
RESULT: {}
COMMAND: POST /session/f8c7eca0926362d0d143ca0007fcee0c/execute/async - {"script":"<script> [1562 bytes]","args":[{"selector":{"id":"application-yardoverview-display-component---detailYardInventory--openProvides-triggerAction-provideBtn","interaction":{"idSuffix":"BDI-content"}},"wdio_ui5_key":"applicationyardoverview-display-component---detailYardInventory--openProvides-triggerAction-provideBtn"}]}
RESULT: {"script":"<script> [1562 bytes]","args":[{"selector":{"id":"application-yardoverview-display-component---detailYardInventory--openProvides-triggerAction-provideBtn","interaction":{"idSuffix":"BDI-content"}},"wdio_ui5_key":"applicationyardoverview-display-component---detailYardInventory--openProvides-triggerAction-provideBtn"}]}
RESULT: undefined
COMMAND: POST /session/f8c7eca0926362d0d143ca0007fcee0c/element - {"using":"xpath","value":"//*[@id=\"application-yardoverview-display-component---detailYardInventory--openProvides-triggerAction-provideBtn\"]"}
RESULT: {"using":"xpath","value":"//*[@id=\"application-yardoverview-display-component---detailYardInventory--openProvides-triggerAction-provideBtn\"]"}
COMMAND: POST /session/f8c7eca0926362d0d143ca0007fcee0c/element/f.02B9836222177F2037F2E3F69B058F44.d.DC6E779ADFA451905FC287C3E186ED99.e.4538/click - {}
RESULT: {}
COMMAND: GET /session/f8c7eca0926362d0d143ca0007fcee0c/screenshot - {}
RESULT: {}
COMMAND: POST /session/f8c7eca0926362d0d143ca0007fcee0c/execute/async - {"script":"<script> [1562 bytes]","args":[{"selector":{"controlType":"sap.m.CheckBox","viewName":"etm.portal.ui.yardoverview.view.Detail","viewId":"application-yardoverview-display-component---detailYardInventory","properties":{"editable":true},"ancestor":{"controlType":"sap.m.ColumnListItem","viewName":"etm.portal.ui.yardoverview.view.Detail","viewId":"application-yardoverview-display-component---detailYardInventory","bindingPath":{"path":"/SmartOpenRUYardInventory(CONTRACT='10336',ITEM=10m,SUB_ITEM=0m)"},"ancestor":{"id":"application-yardoverview-display-component---detailYardInventory--customProvidesTable"}},"interaction":{"idSuffix":"CbBg"}},"wdio_ui5_key":"etmportal.ui.yardoverview.view.Detailsap.m.CheckBox{\"editable\":true}{\"controlType\":\"sap.m.ColumnListItem\",\"viewName\":\"etm.portal.ui.yardoverview.view.Detail\",\"viewId\":\"application-yardoverview-display-component---detailYardInventory\",\"bindingPath\":{\"path\":\"/SmartOpenRUYardInventory(CONTRACT='10336',ITEM=10m,SUB_ITEM=0m)\"},\"ancestor\":{\"id\":\"application-yardoverview-display-component---detailYardInventory--customProvidesTable\"}}"}]}
RESULT: {"script":"<script> [1562 bytes]","args":[{"selector":{"controlType":"sap.m.CheckBox","viewName":"etm.portal.ui.yardoverview.view.Detail","viewId":"application-yardoverview-display-component---detailYardInventory","properties":{"editable":true},"ancestor":{"controlType":"sap.m.ColumnListItem","viewName":"etm.portal.ui.yardoverview.view.Detail","viewId":"application-yardoverview-display-component---detailYardInventory","bindingPath":{"path":"/SmartOpenRUYardInventory(CONTRACT='10336',ITEM=10m,SUB_ITEM=0m)"},"ancestor":{"id":"application-yardoverview-display-component---detailYardInventory--customProvidesTable"}},"interaction":{"idSuffix":"CbBg"}},"wdio_ui5_key":"etmportal.ui.yardoverview.view.Detailsap.m.CheckBox{\"editable\":true}{\"controlType\":\"sap.m.ColumnListItem\",\"viewName\":\"etm.portal.ui.yardoverview.view.Detail\",\"viewId\":\"application-yardoverview-display-component---detailYardInventory\",\"bindingPath\":{\"path\":\"/SmartOpenRUYardInventory(CONTRACT='10336',ITEM=10m,SUB_ITEM=0m)\"},\"ancestor\":{\"id\":\"application-yardoverview-display-component---detailYardInventory--customProvidesTable\"}}"}]}
RESULT: undefined
COMMAND: POST /session/f8c7eca0926362d0d143ca0007fcee0c/element - {"using":"xpath","value":"//*[@id=\"__item2997-__clone8337-selectMulti\"]"}
RESULT: {"using":"xpath","value":"//*[@id=\"__item2997-__clone8337-selectMulti\"]"}
COMMAND: POST /session/f8c7eca0926362d0d143ca0007fcee0c/element/f.02B9836222177F2037F2E3F69B058F44.d.DC6E779ADFA451905FC287C3E186ED99.e.4624/click - {}
RESULT: {}
COMMAND: GET /session/f8c7eca0926362d0d143ca0007fcee0c/screenshot - {}
RESULT: {}
RESULT: undefined
COMMAND: POST /session/f8c7eca0926362d0d143ca0007fcee0c/element - {"using":"xpath","value":"//*[@id=\"application-yardoverview-display-component---detailYardInventory--openProvides-triggerAction-provideBtn\"]"}
RESULT: {"using":"xpath","value":"//*[@id=\"application-yardoverview-display-component---detailYardInventory--openProvides-triggerAction-provideBtn\"]"}
COMMAND: POST /session/f8c7eca0926362d0d143ca0007fcee0c/element/f.02B9836222177F2037F2E3F69B058F44.d.DC6E779ADFA451905FC287C3E186ED99.e.4538/click - {}
RESULT: {}
COMMAND: GET /session/f8c7eca0926362d0d143ca0007fcee0c/screenshot - {}
RESULT: {}
COMMAND: POST /session/f8c7eca0926362d0d143ca0007fcee0c/actions - {"actions":[{"id":"action12","type":"key","parameters":{},"actions":[{"type":"keyDown","value":""},{"type":"pause","duration":10},{"type":"keyUp","value":""}]}]}
RESULT: {"actions":[{"id":"action12","type":"key","parameters":{},"actions":[{"type":"keyDown","value":""},{"type":"pause","duration":10},{"type":"keyUp","value":""}]}]}
COMMAND: GET /session/f8c7eca0926362d0d143ca0007fcee0c/screenshot - {}
RESULT: {}
COMMAND: POST /session/f8c7eca0926362d0d143ca0007fcee0c/execute/async - {"script":"<script> [1562 bytes]","args":[{"selector":{"id":"application-yardoverview-display-component---detailYardInventory--smartTableProvides-btnPersonalisation-img"},"wdio_ui5_key":"applicationyardoverview-display-component---detailYardInventory--smartTableProvides-btnPersonalisation-img"}]}
RESULT: {"script":"<script> [1562 bytes]","args":[{"selector":{"id":"application-yardoverview-display-component---detailYardInventory--smartTableProvides-btnPersonalisation-img"},"wdio_ui5_key":"applicationyardoverview-display-component---detailYardInventory--smartTableProvides-btnPersonalisation-img"}]}
RESULT: undefined
COMMAND: POST /session/f8c7eca0926362d0d143ca0007fcee0c/element - {"using":"xpath","value":"//*[@id=\"application-yardoverview-display-component---detailYardInventory--smartTableProvides-btnPersonalisation-img\"]"}
RESULT: {"using":"xpath","value":"//*[@id=\"application-yardoverview-display-component---detailYardInventory--smartTableProvides-btnPersonalisation-img\"]"}
COMMAND: POST /session/f8c7eca0926362d0d143ca0007fcee0c/element/f.02B9836222177F2037F2E3F69B058F44.d.DC6E779ADFA451905FC287C3E186ED99.e.4550/click - {}
RESULT: {}
COMMAND: POST /session/f8c7eca0926362d0d143ca0007fcee0c/element - {"using":"xpath","value":"//input[contains(@id ,\"searchField-I\")]"}
COMMAND: GET /session/f8c7eca0926362d0d143ca0007fcee0c/screenshot - {}
RESULT: {"using":"xpath","value":"//input[contains(@id ,\"searchField-I\")]"}
COMMAND: POST /session/f8c7eca0926362d0d143ca0007fcee0c/element/f.02B9836222177F2037F2E3F69B058F44.d.DC6E779ADFA451905FC287C3E186ED99.e.4644/clear - {}
RESULT: {}
RESULT: {}
COMMAND: POST /session/f8c7eca0926362d0d143ca0007fcee0c/element/f.02B9836222177F2037F2E3F69B058F44.d.DC6E779ADFA451905FC287C3E186ED99.e.4644/value - {"text":"Handover Provided"}
COMMAND: GET /session/f8c7eca0926362d0d143ca0007fcee0c/screenshot - {}
RESULT: {"text":"Handover Provided"}
COMMAND: GET /session/f8c7eca0926362d0d143ca0007fcee0c/screenshot - {}
RESULT: {}
RESULT: {}
COMMAND: POST /session/f8c7eca0926362d0d143ca0007fcee0c/element - {"using":"xpath","value":"//div[contains(@id ,\"innerSelectionPanelTable-sa-CbBg\")]"}
RESULT: {"using":"xpath","value":"//div[contains(@id ,\"innerSelectionPanelTable-sa-CbBg\")]"}
COMMAND: POST /session/f8c7eca0926362d0d143ca0007fcee0c/element/f.02B9836222177F2037F2E3F69B058F44.d.DC6E779ADFA451905FC287C3E186ED99.e.4671/click - {}
RESULT: {}
COMMAND: GET /session/f8c7eca0926362d0d143ca0007fcee0c/screenshot - {}
RESULT: {}
COMMAND: POST /session/f8c7eca0926362d0d143ca0007fcee0c/element - {"using":"xpath","value":"//bdi[contains(@id ,\"confirmBtn-BDI-content\")]"}
RESULT: {"using":"xpath","value":"//bdi[contains(@id ,\"confirmBtn-BDI-content\")]"}
COMMAND: POST /session/f8c7eca0926362d0d143ca0007fcee0c/element/f.02B9836222177F2037F2E3F69B058F44.d.DC6E779ADFA451905FC287C3E186ED99.e.4672/click - {}
RESULT: {}
COMMAND: GET /session/f8c7eca0926362d0d143ca0007fcee0c/screenshot - {}
RESULT: {}
COMMAND: POST /session/f8c7eca0926362d0d143ca0007fcee0c/element - {"using":"xpath","value":"//a[contains(@data-kt ,\"OpenProvidesHandOverItemLink\")]"}
RESULT: {"using":"xpath","value":"//a[contains(@data-kt ,\"OpenProvidesHandOverItemLink\")]"}
COMMAND: POST /session/f8c7eca0926362d0d143ca0007fcee0c/element/f.02B9836222177F2037F2E3F69B058F44.d.DC6E779ADFA451905FC287C3E186ED99.e.4678/click - {}
RESULT: {}
COMMAND: GET /session/f8c7eca0926362d0d143ca0007fcee0c/screenshot - {}
RESULT: {}
COMMAND: POST /session/f8c7eca0926362d0d143ca0007fcee0c/actions - {"actions":[{"id":"action13","type":"key","parameters":{},"actions":[{"type":"keyDown","value":""},{"type":"pause","duration":10},{"type":"keyUp","value":""}]}]}
RESULT: {"actions":[{"id":"action13","type":"key","parameters":{},"actions":[{"type":"keyDown","value":""},{"type":"pause","duration":10},{"type":"keyUp","value":""}]}]}
COMMAND: GET /session/f8c7eca0926362d0d143ca0007fcee0c/screenshot - {}
RESULT: {}
COMMAND: POST /session/f8c7eca0926362d0d143ca0007fcee0c/execute/async - {"script":"<script> [1562 bytes]","args":[{"selector":{"id":"issueDatePicker","viewName":"etm.portal.ui.managehandovers.view.DetailExecuteHO","interaction":{"idSuffix":"inner"}},"wdio_ui5_key":"issueDatePickeretmportal.ui.managehandovers.view.DetailExecuteHO"}]}
RESULT: {"script":"<script> [1562 bytes]","args":[{"selector":{"id":"issueDatePicker","viewName":"etm.portal.ui.managehandovers.view.DetailExecuteHO","interaction":{"idSuffix":"inner"}},"wdio_ui5_key":"issueDatePickeretmportal.ui.managehandovers.view.DetailExecuteHO"}]}
RESULT: undefined
COMMAND: POST /session/f8c7eca0926362d0d143ca0007fcee0c/execute/async - {"script":"<script> [776 bytes]","args":[{"enterText":"5/28/25","selector":{"id":"issueDatePicker","viewName":"etm.portal.ui.managehandovers.view.DetailExecuteHO","interaction":{"idSuffix":"inner"}},"clearTextFirst":true,"interactionType":"ENTER_TEXT"}]}
RESULT: {"script":"<script> [776 bytes]","args":[{"enterText":"5/28/25","selector":{"id":"issueDatePicker","viewName":"etm.portal.ui.managehandovers.view.DetailExecuteHO","interaction":{"idSuffix":"inner"}},"clearTextFirst":true,"interactionType":"ENTER_TEXT"}]}
COMMAND: POST /session/f8c7eca0926362d0d143ca0007fcee0c/element - {"using":"xpath","value":"//button[@data-kt=\"PickingTableConfirmAllButton\"]"}
RESULT: {"using":"xpath","value":"//button[@data-kt=\"PickingTableConfirmAllButton\"]"}
COMMAND: POST /session/f8c7eca0926362d0d143ca0007fcee0c/element/f.02B9836222177F2037F2E3F69B058F44.d.DC6E779ADFA451905FC287C3E186ED99.e.4995/click - {}
RESULT: {}
COMMAND: GET /session/f8c7eca0926362d0d143ca0007fcee0c/screenshot - {}
RESULT: {}
COMMAND: POST /session/f8c7eca0926362d0d143ca0007fcee0c/element - {"using":"xpath","value":"//bdi[contains(text(), \"OK\")]"}
RESULT: {"using":"xpath","value":"//bdi[contains(text(), \"OK\")]"}
COMMAND: POST /session/f8c7eca0926362d0d143ca0007fcee0c/element/f.02B9836222177F2037F2E3F69B058F44.d.DC6E779ADFA451905FC287C3E186ED99.e.4998/click - {}
RESULT: {}
COMMAND: GET /session/f8c7eca0926362d0d143ca0007fcee0c/screenshot - {}
RESULT: {}
COMMAND: POST /session/f8c7eca0926362d0d143ca0007fcee0c/element - {"using":"xpath","value":"//bdi[contains(text(), \"Issue\")]"}
RESULT: {"using":"xpath","value":"//bdi[contains(text(), \"Issue\")]"}
COMMAND: POST /session/f8c7eca0926362d0d143ca0007fcee0c/element/f.02B9836222177F2037F2E3F69B058F44.d.DC6E779ADFA451905FC287C3E186ED99.e.5000/click - {}
RESULT: {}
COMMAND: GET /session/f8c7eca0926362d0d143ca0007fcee0c/screenshot - {}
RESULT: {}
COMMAND: POST /session/f8c7eca0926362d0d143ca0007fcee0c/element - {"using":"css selector","value":"#shell-header-logo"}
RESULT: {"using":"css selector","value":"#shell-header-logo"}
COMMAND: POST /session/f8c7eca0926362d0d143ca0007fcee0c/element/f.02B9836222177F2037F2E3F69B058F44.d.DC6E779ADFA451905FC287C3E186ED99.e.4436/click - {}
RESULT: {}
COMMAND: GET /session/f8c7eca0926362d0d143ca0007fcee0c/screenshot - {}
RESULT: {}
RESULT: undefined
COMMAND: POST /session/f8c7eca0926362d0d143ca0007fcee0c/element - {"using":"xpath","value":"//*[@id=\"__tile130\"]"}
RESULT: {"using":"xpath","value":"//*[@id=\"__tile130\"]"}
COMMAND: POST /session/f8c7eca0926362d0d143ca0007fcee0c/element/f.02B9836222177F2037F2E3F69B058F44.d.DC6E779ADFA451905FC287C3E186ED99.e.137/click - {}
RESULT: {}
COMMAND: GET /session/f8c7eca0926362d0d143ca0007fcee0c/screenshot - {}
RESULT: {}
COMMAND: POST /session/f8c7eca0926362d0d143ca0007fcee0c/elements - {"using":"xpath","value":"//span[text()='Error']"}
RESULT: {"using":"xpath","value":"//span[text()='Error']"}
COMMAND: POST /session/f8c7eca0926362d0d143ca0007fcee0c/element - {"using":"xpath","value":"//button[@data-kt=\"addButton\"]"}
RESULT: {"using":"xpath","value":"//button[@data-kt=\"addButton\"]"}
COMMAND: POST /session/f8c7eca0926362d0d143ca0007fcee0c/elements - {"using":"xpath","value":"//button[@data-kt=\"addButton\"]"}
RESULT: {"using":"xpath","value":"//button[@data-kt=\"addButton\"]"}
COMMAND: POST /session/f8c7eca0926362d0d143ca0007fcee0c/execute/sync - {"script":"<script> [8489 bytes]","args":[{"element-6066-11e4-a52e-4f735466cecf":"f.02B9836222177F2037F2E3F69B058F44.d.DC6E779ADFA451905FC287C3E186ED99.e.5109","ELEMENT":"f.02B9836222177F2037F2E3F69B058F44.d.DC6E779ADFA451905FC287C3E186ED99.e.5109"}]}
RESULT: {"script":"<script> [8489 bytes]","args":[{"element-6066-11e4-a52e-4f735466cecf":"f.02B9836222177F2037F2E3F69B058F44.d.DC6E779ADFA451905FC287C3E186ED99.e.5109","ELEMENT":"f.02B9836222177F2037F2E3F69B058F44.d.DC6E779ADFA451905FC287C3E186ED99.e.5109"}]}
COMMAND: GET /session/f8c7eca0926362d0d143ca0007fcee0c/element/f.02B9836222177F2037F2E3F69B058F44.d.DC6E779ADFA451905FC287C3E186ED99.e.5109/enabled - {}
COMMAND: GET /session/f8c7eca0926362d0d143ca0007fcee0c/screenshot - {}
RESULT: {}
COMMAND: POST /session/f8c7eca0926362d0d143ca0007fcee0c/execute/sync - {"script":"<script> [8489 bytes]","args":[{"element-6066-11e4-a52e-4f735466cecf":"f.02B9836222177F2037F2E3F69B058F44.d.DC6E779ADFA451905FC287C3E186ED99.e.5109","ELEMENT":"f.02B9836222177F2037F2E3F69B058F44.d.DC6E779ADFA451905FC287C3E186ED99.e.5109"}]}
COMMAND: GET /session/f8c7eca0926362d0d143ca0007fcee0c/screenshot - {}
RESULT: {}
RESULT: {"script":"<script> [8489 bytes]","args":[{"element-6066-11e4-a52e-4f735466cecf":"f.02B9836222177F2037F2E3F69B058F44.d.DC6E779ADFA451905FC287C3E186ED99.e.5109","ELEMENT":"f.02B9836222177F2037F2E3F69B058F44.d.DC6E779ADFA451905FC287C3E186ED99.e.5109"}]}
COMMAND: POST /session/f8c7eca0926362d0d143ca0007fcee0c/execute/sync - {"script":"<script> [5351 bytes]","args":[{"element-6066-11e4-a52e-4f735466cecf":"f.02B9836222177F2037F2E3F69B058F44.d.DC6E779ADFA451905FC287C3E186ED99.e.5109","ELEMENT":"f.02B9836222177F2037F2E3F69B058F44.d.DC6E779ADFA451905FC287C3E186ED99.e.5109"}]}
COMMAND: GET /session/f8c7eca0926362d0d143ca0007fcee0c/screenshot - {}
RESULT: {}
RESULT: {}
RESULT: {"script":"<script> [5351 bytes]","args":[{"element-6066-11e4-a52e-4f735466cecf":"f.02B9836222177F2037F2E3F69B058F44.d.DC6E779ADFA451905FC287C3E186ED99.e.5109","ELEMENT":"f.02B9836222177F2037F2E3F69B058F44.d.DC6E779ADFA451905FC287C3E186ED99.e.5109"}]}
COMMAND: GET /session/f8c7eca0926362d0d143ca0007fcee0c/screenshot - {}
RESULT: {}
COMMAND: POST /session/f8c7eca0926362d0d143ca0007fcee0c/execute/async - {"script":"<script> [1562 bytes]","args":[{"selector":{"controlType":"sap.m.SearchField","viewName":"etm.portal.ui.managecontracts.view.Master","bindingPath":{"path":"","propertyPath":"/_BASIC_SEARCH_FIELD","modelName":"fi1t3rM0d31"},"interaction":{"idSuffix":"I"}},"wdio_ui5_key":"etmportal.ui.managecontracts.view.Mastersap.m.SearchField{\"path\":\"\",\"propertyPath\":\"/_BASIC_SEARCH_FIELD\",\"modelName\":\"fi1t3rM0d31\"}"}]}
RESULT: {"script":"<script> [1562 bytes]","args":[{"selector":{"controlType":"sap.m.SearchField","viewName":"etm.portal.ui.managecontracts.view.Master","bindingPath":{"path":"","propertyPath":"/_BASIC_SEARCH_FIELD","modelName":"fi1t3rM0d31"},"interaction":{"idSuffix":"I"}},"wdio_ui5_key":"etmportal.ui.managecontracts.view.Mastersap.m.SearchField{\"path\":\"\",\"propertyPath\":\"/_BASIC_SEARCH_FIELD\",\"modelName\":\"fi1t3rM0d31\"}"}]}
RESULT: undefined
COMMAND: POST /session/f8c7eca0926362d0d143ca0007fcee0c/execute/async - {"script":"<script> [776 bytes]","args":[{"enterText":"10336","selector":{"controlType":"sap.m.SearchField","viewName":"etm.portal.ui.managecontracts.view.Master","bindingPath":{"path":"","propertyPath":"/_BASIC_SEARCH_FIELD","modelName":"fi1t3rM0d31"},"interaction":{"idSuffix":"I"}},"clearTextFirst":true,"interactionType":"ENTER_TEXT"}]}
RESULT: {"script":"<script> [776 bytes]","args":[{"enterText":"10336","selector":{"controlType":"sap.m.SearchField","viewName":"etm.portal.ui.managecontracts.view.Master","bindingPath":{"path":"","propertyPath":"/_BASIC_SEARCH_FIELD","modelName":"fi1t3rM0d31"},"interaction":{"idSuffix":"I"}},"clearTextFirst":true,"interactionType":"ENTER_TEXT"}]}
COMMAND: POST /session/f8c7eca0926362d0d143ca0007fcee0c/actions - {"actions":[{"id":"action14","type":"key","parameters":{},"actions":[{"type":"keyDown","value":""},{"type":"pause","duration":10},{"type":"keyUp","value":""}]}]}
RESULT: {"actions":[{"id":"action14","type":"key","parameters":{},"actions":[{"type":"keyDown","value":""},{"type":"pause","duration":10},{"type":"keyUp","value":""}]}]}
COMMAND: GET /session/f8c7eca0926362d0d143ca0007fcee0c/screenshot - {}
RESULT: {}
COMMAND: POST /session/f8c7eca0926362d0d143ca0007fcee0c/element - {"using":"xpath","value":"//span[contains(@id, \"masterListContractsSmartTable-header-inner\")]"}
RESULT: {"using":"xpath","value":"//span[contains(@id, \"masterListContractsSmartTable-header-inner\")]"}
COMMAND: POST /session/f8c7eca0926362d0d143ca0007fcee0c/elements - {"using":"xpath","value":"//span[contains(@id, \"masterListContractsSmartTable-header-inner\")]"}
RESULT: {"using":"xpath","value":"//span[contains(@id, \"masterListContractsSmartTable-header-inner\")]"}
COMMAND: POST /session/f8c7eca0926362d0d143ca0007fcee0c/execute/sync - {"script":"<script> [56 bytes]","args":[{"element-6066-11e4-a52e-4f735466cecf":"f.02B9836222177F2037F2E3F69B058F44.d.DC6E779ADFA451905FC287C3E186ED99.e.5177","ELEMENT":"f.02B9836222177F2037F2E3F69B058F44.d.DC6E779ADFA451905FC287C3E186ED99.e.5177"}]}
RESULT: {"script":"<script> [56 bytes]","args":[{"element-6066-11e4-a52e-4f735466cecf":"f.02B9836222177F2037F2E3F69B058F44.d.DC6E779ADFA451905FC287C3E186ED99.e.5177","ELEMENT":"f.02B9836222177F2037F2E3F69B058F44.d.DC6E779ADFA451905FC287C3E186ED99.e.5177"}]}
COMMAND: POST /session/f8c7eca0926362d0d143ca0007fcee0c/element - {"using":"xpath","value":"(//span[contains(@id, \"imgNav\")])[1]"}
COMMAND: GET /session/f8c7eca0926362d0d143ca0007fcee0c/screenshot - {}
RESULT: {"using":"xpath","value":"(//span[contains(@id, \"imgNav\")])[1]"}
COMMAND: POST /session/f8c7eca0926362d0d143ca0007fcee0c/element/f.02B9836222177F2037F2E3F69B058F44.d.DC6E779ADFA451905FC287C3E186ED99.e.5176/click - {}
RESULT: {}
RESULT: {}
COMMAND: GET /session/f8c7eca0926362d0d143ca0007fcee0c/screenshot - {}
RESULT: {}
COMMAND: POST /session/f8c7eca0926362d0d143ca0007fcee0c/element - {"using":"xpath","value":"//table[contains(@id, \"ProductsTable-listUl\")]/tbody/tr[1]/td[6]/div/span"}
RESULT: {"using":"xpath","value":"//table[contains(@id, \"ProductsTable-listUl\")]/tbody/tr[1]/td[6]/div/span"}
COMMAND: POST /session/f8c7eca0926362d0d143ca0007fcee0c/elements - {"using":"xpath","value":"//table[contains(@id, \"ProductsTable-listUl\")]/tbody/tr[1]/td[6]/div/span"}
RESULT: {"using":"xpath","value":"//table[contains(@id, \"ProductsTable-listUl\")]/tbody/tr[1]/td[6]/div/span"}
COMMAND: POST /session/f8c7eca0926362d0d143ca0007fcee0c/execute/sync - {"script":"<script> [56 bytes]","args":[{"element-6066-11e4-a52e-4f735466cecf":"f.02B9836222177F2037F2E3F69B058F44.d.DC6E779ADFA451905FC287C3E186ED99.e.5340","ELEMENT":"f.02B9836222177F2037F2E3F69B058F44.d.DC6E779ADFA451905FC287C3E186ED99.e.5340"}]}
RESULT: {"script":"<script> [56 bytes]","args":[{"element-6066-11e4-a52e-4f735466cecf":"f.02B9836222177F2037F2E3F69B058F44.d.DC6E779ADFA451905FC287C3E186ED99.e.5340","ELEMENT":"f.02B9836222177F2037F2E3F69B058F44.d.DC6E779ADFA451905FC287C3E186ED99.e.5340"}]}
COMMAND: POST /session/f8c7eca0926362d0d143ca0007fcee0c/element - {"using":"css selector","value":"#shell-header-logo"}
COMMAND: GET /session/f8c7eca0926362d0d143ca0007fcee0c/screenshot - {}
RESULT: {"using":"css selector","value":"#shell-header-logo"}
COMMAND: POST /session/f8c7eca0926362d0d143ca0007fcee0c/element/f.02B9836222177F2037F2E3F69B058F44.d.DC6E779ADFA451905FC287C3E186ED99.e.5066/click - {}
RESULT: {}
RESULT: {}
COMMAND: GET /session/f8c7eca0926362d0d143ca0007fcee0c/screenshot - {}
RESULT: {}
COMMAND: POST /session/f8c7eca0926362d0d143ca0007fcee0c/element - {"using":"css selector","value":"#j_username"}
COMMAND: POST /session/f8c7eca0926362d0d143ca0007fcee0c/url - {"url":"https://qa-testing-00-live-etm-ui.cfapps.eu10-004.hana.ondemand.com/"}
RESULT: {"using":"css selector","value":"#j_username"}
COMMAND: POST /session/f8c7eca0926362d0d143ca0007fcee0c/element - {"using":"css selector","value":"#j_username"}
RESULT: {"url":"https://qa-testing-00-live-etm-ui.cfapps.eu10-004.hana.ondemand.com/"}
RESULT: undefined
COMMAND: GET /session/f8c7eca0926362d0d143ca0007fcee0c/screenshot - {}
RESULT: {"using":"css selector","value":"#j_username"}
COMMAND: POST /session/f8c7eca0926362d0d143ca0007fcee0c/element - {"using":"css selector","value":"#shell-header-logo"}
RESULT: {}
RESULT: {"using":"css selector","value":"#shell-header-logo"}
COMMAND: POST /session/f8c7eca0926362d0d143ca0007fcee0c/execute/sync - {"script":"<script> [8489 bytes]","args":[{"element-6066-11e4-a52e-4f735466cecf":"f.02B9836222177F2037F2E3F69B058F44.d.CF38D836788AF75E4E2622E571AE0B96.e.5350","ELEMENT":"f.02B9836222177F2037F2E3F69B058F44.d.CF38D836788AF75E4E2622E571AE0B96.e.5350"}]}
RESULT: {"script":"<script> [8489 bytes]","args":[{"element-6066-11e4-a52e-4f735466cecf":"f.02B9836222177F2037F2E3F69B058F44.d.CF38D836788AF75E4E2622E571AE0B96.e.5350","ELEMENT":"f.02B9836222177F2037F2E3F69B058F44.d.CF38D836788AF75E4E2622E571AE0B96.e.5350"}]}
COMMAND: POST /session/f8c7eca0926362d0d143ca0007fcee0c/element - {"using":"css selector","value":"#shell-header-logo"}
COMMAND: GET /session/f8c7eca0926362d0d143ca0007fcee0c/screenshot - {}
RESULT: {"using":"css selector","value":"#shell-header-logo"}
COMMAND: POST /session/f8c7eca0926362d0d143ca0007fcee0c/execute/sync - {"script":"<script> [8489 bytes]","args":[{"element-6066-11e4-a52e-4f735466cecf":"f.02B9836222177F2037F2E3F69B058F44.d.CF38D836788AF75E4E2622E571AE0B96.e.5350","ELEMENT":"f.02B9836222177F2037F2E3F69B058F44.d.CF38D836788AF75E4E2622E571AE0B96.e.5350"}]}
RESULT: {}
RESULT: {"script":"<script> [8489 bytes]","args":[{"element-6066-11e4-a52e-4f735466cecf":"f.02B9836222177F2037F2E3F69B058F44.d.CF38D836788AF75E4E2622E571AE0B96.e.5350","ELEMENT":"f.02B9836222177F2037F2E3F69B058F44.d.CF38D836788AF75E4E2622E571AE0B96.e.5350"}]}
COMMAND: POST /session/f8c7eca0926362d0d143ca0007fcee0c/execute/sync - {"script":"<script> [5351 bytes]","args":[{"element-6066-11e4-a52e-4f735466cecf":"f.02B9836222177F2037F2E3F69B058F44.d.CF38D836788AF75E4E2622E571AE0B96.e.5350","ELEMENT":"f.02B9836222177F2037F2E3F69B058F44.d.CF38D836788AF75E4E2622E571AE0B96.e.5350"}]}
COMMAND: GET /session/f8c7eca0926362d0d143ca0007fcee0c/screenshot - {}
RESULT: {"script":"<script> [5351 bytes]","args":[{"element-6066-11e4-a52e-4f735466cecf":"f.02B9836222177F2037F2E3F69B058F44.d.CF38D836788AF75E4E2622E571AE0B96.e.5350","ELEMENT":"f.02B9836222177F2037F2E3F69B058F44.d.CF38D836788AF75E4E2622E571AE0B96.e.5350"}]}
COMMAND: POST /session/f8c7eca0926362d0d143ca0007fcee0c/element - {"using":"css selector","value":"#shell-header-logo"}
COMMAND: GET /session/f8c7eca0926362d0d143ca0007fcee0c/screenshot - {}
RESULT: {}
RESULT: {"using":"css selector","value":"#shell-header-logo"}
COMMAND: POST /session/f8c7eca0926362d0d143ca0007fcee0c/element/f.02B9836222177F2037F2E3F69B058F44.d.CF38D836788AF75E4E2622E571AE0B96.e.5350/click - {}
RESULT: {}
RESULT: {}
COMMAND: GET /session/f8c7eca0926362d0d143ca0007fcee0c/screenshot - {}
RESULT: {}
COMMAND: POST /session/f8c7eca0926362d0d143ca0007fcee0c/execute/async - {"script":"<script> [189 bytes]","args":[]}
RESULT: {"script":"<script> [189 bytes]","args":[]}
COMMAND: POST /session/f8c7eca0926362d0d143ca0007fcee0c/execute/async - {"script":"<script> [123 bytes]","args":[]}
RESULT: {"script":"<script> [123 bytes]","args":[]}
COMMAND: POST /session/f8c7eca0926362d0d143ca0007fcee0c/timeouts - {"script":"<number>"}
RESULT: {"script":"<number>"}
COMMAND: GET /session/f8c7eca0926362d0d143ca0007fcee0c/timeouts - {}
RESULT: {}
RESULT: undefined
COMMAND: POST /session/f8c7eca0926362d0d143ca0007fcee0c/execute/async - {"script":"<script> [2676 bytes]","args":[]}
RESULT: {"script":"<script> [2676 bytes]","args":[]}
COMMAND: POST /session/f8c7eca0926362d0d143ca0007fcee0c/execute/async - {"script":"<script> [2342 bytes]","args":[{"protocol":"http","hostname":"0.0.0.0","path":"/","capabilities":{"browserName":"chrome","goog:chromeOptions":{"binary":"C:\\Program Files\\Google\\Chrome\\Application\\chrome.exe","args":["--start-maximized"]}},"logLevel":"warn","connectionRetryTimeout":120000,"connectionRetryCount":3,"logLevels":{},"enableDirectConnect":true,"strictSSL":true,"_":"65 more keys: [\"cacheDir\",\"port\",\"requestedCapabilities\",\"automationProtocol\",\"baseUrl\",\"waitforInterval\",\"waitforTimeout\",\"onReload\",\"beforeCommand\",\"afterCommand\",\"rootDir\",\"specs\",\"suites\",\"exclude\",\"groupLogsByTestSpec\",\"excludeDriverLogs\",\"bail\",\"framework\",\"reporters\",\"services\",\"maxInstances\",\"maxInstancesPerCapability\",\"injectGlobals\",\"filesToWatch\",\"execArgv\",\"runnerEnv\",\"runner\",\"shard\",\"specFileRetries\",\"specFileRetriesDelay\",\"specFileRetriesDeferred\",\"reporterSyncInterval\",\"reporterSyncTimeout\",\"cucumberFeaturesWithLineNumbers\",\"autoCompileOpts\",\"mochaOpts\",\"jasmineOpts\",\"cucumberOpts\",\"onPrepare\",\"onWorkerStart\",\"onWorkerEnd\",\"before\",\"beforeSession\",\"beforeSuite\",\"beforeHook\",\"beforeTest\",\"afterTest\",\"afterHook\",\"afterSuite\",\"afterSession\",\"after\",\"onComplete\",\"beforeAssertion\",\"afterAssertion\",\"beforeFeature\",\"beforeScenario\",\"beforeStep\",\"afterStep\",\"afterScenario\",\"afterFeature\",\"_\",\"suite\",\"$0\",\"ignoredWorkerServices\",\"wdi5\"]"}]}
RESULT: {"script":"<script> [2342 bytes]","args":[{"protocol":"http","hostname":"0.0.0.0","path":"/","capabilities":{"browserName":"chrome","goog:chromeOptions":{"binary":"C:\\Program Files\\Google\\Chrome\\Application\\chrome.exe","args":["--start-maximized"]}},"logLevel":"warn","connectionRetryTimeout":120000,"connectionRetryCount":3,"logLevels":{},"enableDirectConnect":true,"strictSSL":true,"_":"65 more keys: [\"cacheDir\",\"port\",\"requestedCapabilities\",\"automationProtocol\",\"baseUrl\",\"waitforInterval\",\"waitforTimeout\",\"onReload\",\"beforeCommand\",\"afterCommand\",\"rootDir\",\"specs\",\"suites\",\"exclude\",\"groupLogsByTestSpec\",\"excludeDriverLogs\",\"bail\",\"framework\",\"reporters\",\"services\",\"maxInstances\",\"maxInstancesPerCapability\",\"injectGlobals\",\"filesToWatch\",\"execArgv\",\"runnerEnv\",\"runner\",\"shard\",\"specFileRetries\",\"specFileRetriesDelay\",\"specFileRetriesDeferred\",\"reporterSyncInterval\",\"reporterSyncTimeout\",\"cucumberFeaturesWithLineNumbers\",\"autoCompileOpts\",\"mochaOpts\",\"jasmineOpts\",\"cucumberOpts\",\"onPrepare\",\"onWorkerStart\",\"onWorkerEnd\",\"before\",\"beforeSession\",\"beforeSuite\",\"beforeHook\",\"beforeTest\",\"afterTest\",\"afterHook\",\"afterSuite\",\"afterSession\",\"after\",\"onComplete\",\"beforeAssertion\",\"afterAssertion\",\"beforeFeature\",\"beforeScenario\",\"beforeStep\",\"afterStep\",\"afterScenario\",\"afterFeature\",\"_\",\"suite\",\"$0\",\"ignoredWorkerServices\",\"wdi5\"]"}]}
COMMAND: POST /session/f8c7eca0926362d0d143ca0007fcee0c/execute/async - {"script":"<script> [21126 bytes]","args":[35000]}
RESULT: {"script":"<script> [21126 bytes]","args":[35000]}
COMMAND: POST /session/f8c7eca0926362d0d143ca0007fcee0c/window/maximize - {}
RESULT: {}
COMMAND: POST /session/f8c7eca0926362d0d143ca0007fcee0c/execute/async - {"script":"<script> [1562 bytes]","args":[{"selector":{"id":"shell-header","interaction":{"idSuffix":"icon"}},"wdio_ui5_key":"shellheader"}]}
COMMAND: GET /session/f8c7eca0926362d0d143ca0007fcee0c/screenshot - {}
RESULT: {"script":"<script> [1562 bytes]","args":[{"selector":{"id":"shell-header","interaction":{"idSuffix":"icon"}},"wdio_ui5_key":"shellheader"}]}
RESULT: undefined
COMMAND: POST /session/f8c7eca0926362d0d143ca0007fcee0c/window/fullscreen - {}
RESULT: {}
RESULT: {}
]]></system-out>
    </testcase>
  </testsuite>
  <testsuite timestamp="2025-05-28T15:46:24" time="204.706" tests="1" failures="0" errors="0" skipped="0">
    <properties>
      <property name="specId" value="0"/>
      <property name="suiteName" value="Create masterdata for Yard Overview - trigger provide US130988"/>
      <property name="capabilities" value="chrome.136_0_7103_93.windows"/>
      <property name="file" value="file:///D:/a/1/s/test/specs/HTR/site-overview-return.spec.js"/>
    </properties>
    <testcase classname="chrome.136_0_7103_93.windows.Create_masterdata_for_Yard_Overview_-_trigger_provide_US130988" name="Should navigate to site overview and trigger return" time="191.287">
      <system-out><![CDATA[
COMMAND: POST /session/f8c7eca0926362d0d143ca0007fcee0c/execute/async - {"script":"<script> [1562 bytes]","args":[{"selector":{"controlType":"sap.m.GenericTile","properties":{"header":"Site Overview"}},"wdio_ui5_key":"sapm.GenericTile{\"header\":\"Site Overview\"}"}]}
RESULT: {"script":"<script> [1562 bytes]","args":[{"selector":{"controlType":"sap.m.GenericTile","properties":{"header":"Site Overview"}},"wdio_ui5_key":"sapm.GenericTile{\"header\":\"Site Overview\"}"}]}
RESULT: undefined
COMMAND: POST /session/f8c7eca0926362d0d143ca0007fcee0c/element - {"using":"xpath","value":"//*[@id=\"__tile100\"]"}
RESULT: {"using":"xpath","value":"//*[@id=\"__tile100\"]"}
COMMAND: POST /session/f8c7eca0926362d0d143ca0007fcee0c/element/f.02B9836222177F2037F2E3F69B058F44.d.CF38D836788AF75E4E2622E571AE0B96.e.5480/click - {}
RESULT: {}
COMMAND: GET /session/f8c7eca0926362d0d143ca0007fcee0c/screenshot - {}
RESULT: {}
COMMAND: POST /session/f8c7eca0926362d0d143ca0007fcee0c/elements - {"using":"xpath","value":"//span[text()='Error']"}
RESULT: {"using":"xpath","value":"//span[text()='Error']"}
COMMAND: POST /session/f8c7eca0926362d0d143ca0007fcee0c/element - {"using":"xpath","value":"//input[contains(@id,\"smartFilterBar-btnBasicSearch-I\")]"}
RESULT: {"using":"xpath","value":"//input[contains(@id,\"smartFilterBar-btnBasicSearch-I\")]"}
COMMAND: POST /session/f8c7eca0926362d0d143ca0007fcee0c/elements - {"using":"xpath","value":"//input[contains(@id,\"smartFilterBar-btnBasicSearch-I\")]"}
RESULT: {"using":"xpath","value":"//input[contains(@id,\"smartFilterBar-btnBasicSearch-I\")]"}
COMMAND: POST /session/f8c7eca0926362d0d143ca0007fcee0c/elements - {"using":"xpath","value":"//input[contains(@id,\"smartFilterBar-btnBasicSearch-I\")]"}
RESULT: {"using":"xpath","value":"//input[contains(@id,\"smartFilterBar-btnBasicSearch-I\")]"}
COMMAND: POST /session/f8c7eca0926362d0d143ca0007fcee0c/element - {"using":"xpath","value":"//input[contains(@id,\"smartFilterBar-btnBasicSearch-I\")]"}
RESULT: {"using":"xpath","value":"//input[contains(@id,\"smartFilterBar-btnBasicSearch-I\")]"}
COMMAND: POST /session/f8c7eca0926362d0d143ca0007fcee0c/execute/sync - {"script":"<script> [8489 bytes]","args":[{"element-6066-11e4-a52e-4f735466cecf":"f.02B9836222177F2037F2E3F69B058F44.d.CF38D836788AF75E4E2622E571AE0B96.e.5486","ELEMENT":"f.02B9836222177F2037F2E3F69B058F44.d.CF38D836788AF75E4E2622E571AE0B96.e.5486"}]}
RESULT: {"script":"<script> [8489 bytes]","args":[{"element-6066-11e4-a52e-4f735466cecf":"f.02B9836222177F2037F2E3F69B058F44.d.CF38D836788AF75E4E2622E571AE0B96.e.5486","ELEMENT":"f.02B9836222177F2037F2E3F69B058F44.d.CF38D836788AF75E4E2622E571AE0B96.e.5486"}]}
COMMAND: GET /session/f8c7eca0926362d0d143ca0007fcee0c/element/f.02B9836222177F2037F2E3F69B058F44.d.CF38D836788AF75E4E2622E571AE0B96.e.5486/enabled - {}
COMMAND: GET /session/f8c7eca0926362d0d143ca0007fcee0c/screenshot - {}
RESULT: {}
COMMAND: POST /session/f8c7eca0926362d0d143ca0007fcee0c/execute/sync - {"script":"<script> [8489 bytes]","args":[{"element-6066-11e4-a52e-4f735466cecf":"f.02B9836222177F2037F2E3F69B058F44.d.CF38D836788AF75E4E2622E571AE0B96.e.5486","ELEMENT":"f.02B9836222177F2037F2E3F69B058F44.d.CF38D836788AF75E4E2622E571AE0B96.e.5486"}]}
COMMAND: GET /session/f8c7eca0926362d0d143ca0007fcee0c/screenshot - {}
RESULT: {}
RESULT: {"script":"<script> [8489 bytes]","args":[{"element-6066-11e4-a52e-4f735466cecf":"f.02B9836222177F2037F2E3F69B058F44.d.CF38D836788AF75E4E2622E571AE0B96.e.5486","ELEMENT":"f.02B9836222177F2037F2E3F69B058F44.d.CF38D836788AF75E4E2622E571AE0B96.e.5486"}]}
COMMAND: POST /session/f8c7eca0926362d0d143ca0007fcee0c/execute/sync - {"script":"<script> [5351 bytes]","args":[{"element-6066-11e4-a52e-4f735466cecf":"f.02B9836222177F2037F2E3F69B058F44.d.CF38D836788AF75E4E2622E571AE0B96.e.5486","ELEMENT":"f.02B9836222177F2037F2E3F69B058F44.d.CF38D836788AF75E4E2622E571AE0B96.e.5486"}]}
COMMAND: GET /session/f8c7eca0926362d0d143ca0007fcee0c/screenshot - {}
RESULT: {}
RESULT: {"script":"<script> [5351 bytes]","args":[{"element-6066-11e4-a52e-4f735466cecf":"f.02B9836222177F2037F2E3F69B058F44.d.CF38D836788AF75E4E2622E571AE0B96.e.5486","ELEMENT":"f.02B9836222177F2037F2E3F69B058F44.d.CF38D836788AF75E4E2622E571AE0B96.e.5486"}]}
COMMAND: GET /session/f8c7eca0926362d0d143ca0007fcee0c/screenshot - {}
RESULT: {}
RESULT: {}
COMMAND: POST /session/f8c7eca0926362d0d143ca0007fcee0c/element/f.02B9836222177F2037F2E3F69B058F44.d.CF38D836788AF75E4E2622E571AE0B96.e.5486/clear - {}
RESULT: {}
COMMAND: POST /session/f8c7eca0926362d0d143ca0007fcee0c/element/f.02B9836222177F2037F2E3F69B058F44.d.CF38D836788AF75E4E2622E571AE0B96.e.5486/value - {"text":"2201"}
COMMAND: GET /session/f8c7eca0926362d0d143ca0007fcee0c/screenshot - {}
RESULT: {"text":"2201"}
COMMAND: GET /session/f8c7eca0926362d0d143ca0007fcee0c/screenshot - {}
RESULT: {}
RESULT: {}
COMMAND: POST /session/f8c7eca0926362d0d143ca0007fcee0c/actions - {"actions":[{"id":"action15","type":"key","parameters":{},"actions":[{"type":"keyDown","value":""},{"type":"pause","duration":10},{"type":"keyUp","value":""}]}]}
RESULT: {"actions":[{"id":"action15","type":"key","parameters":{},"actions":[{"type":"keyDown","value":""},{"type":"pause","duration":10},{"type":"keyUp","value":""}]}]}
COMMAND: GET /session/f8c7eca0926362d0d143ca0007fcee0c/screenshot - {}
RESULT: {}
COMMAND: POST /session/f8c7eca0926362d0d143ca0007fcee0c/element - {"using":"xpath","value":"//span[contains(@id, \"smartTable-header-inner\")]"}
RESULT: {"using":"xpath","value":"//span[contains(@id, \"smartTable-header-inner\")]"}
COMMAND: POST /session/f8c7eca0926362d0d143ca0007fcee0c/elements - {"using":"xpath","value":"//span[contains(@id, \"smartTable-header-inner\")]"}
RESULT: {"using":"xpath","value":"//span[contains(@id, \"smartTable-header-inner\")]"}
COMMAND: POST /session/f8c7eca0926362d0d143ca0007fcee0c/execute/sync - {"script":"<script> [56 bytes]","args":[{"element-6066-11e4-a52e-4f735466cecf":"f.02B9836222177F2037F2E3F69B058F44.d.CF38D836788AF75E4E2622E571AE0B96.e.5606","ELEMENT":"f.02B9836222177F2037F2E3F69B058F44.d.CF38D836788AF75E4E2622E571AE0B96.e.5606"}]}
RESULT: {"script":"<script> [56 bytes]","args":[{"element-6066-11e4-a52e-4f735466cecf":"f.02B9836222177F2037F2E3F69B058F44.d.CF38D836788AF75E4E2622E571AE0B96.e.5606","ELEMENT":"f.02B9836222177F2037F2E3F69B058F44.d.CF38D836788AF75E4E2622E571AE0B96.e.5606"}]}
COMMAND: POST /session/f8c7eca0926362d0d143ca0007fcee0c/element - {"using":"xpath","value":"(//span[contains(@id, \"imgNav\")])[1]"}
COMMAND: GET /session/f8c7eca0926362d0d143ca0007fcee0c/screenshot - {}
RESULT: {"using":"xpath","value":"(//span[contains(@id, \"imgNav\")])[1]"}
COMMAND: POST /session/f8c7eca0926362d0d143ca0007fcee0c/element/f.02B9836222177F2037F2E3F69B058F44.d.CF38D836788AF75E4E2622E571AE0B96.e.5605/click - {}
RESULT: {}
RESULT: {}
COMMAND: GET /session/f8c7eca0926362d0d143ca0007fcee0c/screenshot - {}
RESULT: {}
COMMAND: POST /session/f8c7eca0926362d0d143ca0007fcee0c/execute/async - {"script":"<script> [1562 bytes]","args":[{"selector":{"id":"application-siteinventory-display-component---detailSiteInventory--onSite-triggerAction-returnBtn","interaction":{"idSuffix":"BDI-content"}},"wdio_ui5_key":"applicationsiteinventory-display-component---detailSiteInventory--onSite-triggerAction-returnBtn"}]}
RESULT: {"script":"<script> [1562 bytes]","args":[{"selector":{"id":"application-siteinventory-display-component---detailSiteInventory--onSite-triggerAction-returnBtn","interaction":{"idSuffix":"BDI-content"}},"wdio_ui5_key":"applicationsiteinventory-display-component---detailSiteInventory--onSite-triggerAction-returnBtn"}]}
RESULT: undefined
COMMAND: POST /session/f8c7eca0926362d0d143ca0007fcee0c/element - {"using":"xpath","value":"//*[@id=\"application-siteinventory-display-component---detailSiteInventory--onSite-triggerAction-returnBtn\"]"}
RESULT: {"using":"xpath","value":"//*[@id=\"application-siteinventory-display-component---detailSiteInventory--onSite-triggerAction-returnBtn\"]"}
COMMAND: POST /session/f8c7eca0926362d0d143ca0007fcee0c/element/f.02B9836222177F2037F2E3F69B058F44.d.CF38D836788AF75E4E2622E571AE0B96.e.5637/click - {}
RESULT: {}
COMMAND: GET /session/f8c7eca0926362d0d143ca0007fcee0c/screenshot - {}
RESULT: {}
COMMAND: POST /session/f8c7eca0926362d0d143ca0007fcee0c/execute/async - {"script":"<script> [1562 bytes]","args":[{"selector":{"id":"application-siteinventory-display-component---detailSiteInventory--smartSiteHoItemsTable-sa","interaction":{"idSuffix":"CbBg"}},"wdio_ui5_key":"applicationsiteinventory-display-component---detailSiteInventory--smartSiteHoItemsTable-sa"}]}
RESULT: {"script":"<script> [1562 bytes]","args":[{"selector":{"id":"application-siteinventory-display-component---detailSiteInventory--smartSiteHoItemsTable-sa","interaction":{"idSuffix":"CbBg"}},"wdio_ui5_key":"applicationsiteinventory-display-component---detailSiteInventory--smartSiteHoItemsTable-sa"}]}
RESULT: undefined
COMMAND: POST /session/f8c7eca0926362d0d143ca0007fcee0c/element - {"using":"xpath","value":"//*[@id=\"application-siteinventory-display-component---detailSiteInventory--smartSiteHoItemsTable-sa\"]"}
RESULT: {"using":"xpath","value":"//*[@id=\"application-siteinventory-display-component---detailSiteInventory--smartSiteHoItemsTable-sa\"]"}
COMMAND: POST /session/f8c7eca0926362d0d143ca0007fcee0c/element/f.02B9836222177F2037F2E3F69B058F44.d.CF38D836788AF75E4E2622E571AE0B96.e.5725/click - {}
RESULT: {}
COMMAND: GET /session/f8c7eca0926362d0d143ca0007fcee0c/screenshot - {}
RESULT: {}
RESULT: undefined
COMMAND: POST /session/f8c7eca0926362d0d143ca0007fcee0c/element - {"using":"xpath","value":"//*[@id=\"application-siteinventory-display-component---detailSiteInventory--onSite-triggerAction-returnBtn\"]"}
RESULT: {"using":"xpath","value":"//*[@id=\"application-siteinventory-display-component---detailSiteInventory--onSite-triggerAction-returnBtn\"]"}
COMMAND: POST /session/f8c7eca0926362d0d143ca0007fcee0c/element/f.02B9836222177F2037F2E3F69B058F44.d.CF38D836788AF75E4E2622E571AE0B96.e.5637/click - {}
RESULT: {}
COMMAND: GET /session/f8c7eca0926362d0d143ca0007fcee0c/screenshot - {}
RESULT: {}
COMMAND: POST /session/f8c7eca0926362d0d143ca0007fcee0c/actions - {"actions":[{"id":"action16","type":"key","parameters":{},"actions":[{"type":"keyDown","value":""},{"type":"pause","duration":10},{"type":"keyUp","value":""}]}]}
RESULT: {"actions":[{"id":"action16","type":"key","parameters":{},"actions":[{"type":"keyDown","value":""},{"type":"pause","duration":10},{"type":"keyUp","value":""}]}]}
COMMAND: GET /session/f8c7eca0926362d0d143ca0007fcee0c/screenshot - {}
RESULT: {}
COMMAND: POST /session/f8c7eca0926362d0d143ca0007fcee0c/execute/async - {"script":"<script> [1562 bytes]","args":[{"selector":{"id":"application-siteinventory-display-component---detailSiteInventory--hoItemsSmartTable-btnPersonalisation-img"},"wdio_ui5_key":"applicationsiteinventory-display-component---detailSiteInventory--hoItemsSmartTable-btnPersonalisation-img"}]}
RESULT: {"script":"<script> [1562 bytes]","args":[{"selector":{"id":"application-siteinventory-display-component---detailSiteInventory--hoItemsSmartTable-btnPersonalisation-img"},"wdio_ui5_key":"applicationsiteinventory-display-component---detailSiteInventory--hoItemsSmartTable-btnPersonalisation-img"}]}
RESULT: undefined
COMMAND: POST /session/f8c7eca0926362d0d143ca0007fcee0c/element - {"using":"xpath","value":"//*[@id=\"application-siteinventory-display-component---detailSiteInventory--hoItemsSmartTable-btnPersonalisation-img\"]"}
RESULT: {"using":"xpath","value":"//*[@id=\"application-siteinventory-display-component---detailSiteInventory--hoItemsSmartTable-btnPersonalisation-img\"]"}
COMMAND: POST /session/f8c7eca0926362d0d143ca0007fcee0c/element/f.02B9836222177F2037F2E3F69B058F44.d.CF38D836788AF75E4E2622E571AE0B96.e.5646/click - {}
RESULT: {}
COMMAND: GET /session/f8c7eca0926362d0d143ca0007fcee0c/screenshot - {}
RESULT: {}
COMMAND: POST /session/f8c7eca0926362d0d143ca0007fcee0c/element - {"using":"xpath","value":"//input[contains(@id ,\"searchField-I\")]"}
RESULT: {"using":"xpath","value":"//input[contains(@id ,\"searchField-I\")]"}
COMMAND: POST /session/f8c7eca0926362d0d143ca0007fcee0c/element/f.02B9836222177F2037F2E3F69B058F44.d.CF38D836788AF75E4E2622E571AE0B96.e.5731/clear - {}
RESULT: {}
COMMAND: POST /session/f8c7eca0926362d0d143ca0007fcee0c/element/f.02B9836222177F2037F2E3F69B058F44.d.CF38D836788AF75E4E2622E571AE0B96.e.5731/value - {"text":"Handover Returned"}
COMMAND: GET /session/f8c7eca0926362d0d143ca0007fcee0c/screenshot - {}
RESULT: {"text":"Handover Returned"}
COMMAND: GET /session/f8c7eca0926362d0d143ca0007fcee0c/screenshot - {}
RESULT: {}
RESULT: {}
COMMAND: POST /session/f8c7eca0926362d0d143ca0007fcee0c/element - {"using":"xpath","value":"//div[contains(@id ,\"innerSelectionPanelTable-sa-CbBg\")]"}
RESULT: {"using":"xpath","value":"//div[contains(@id ,\"innerSelectionPanelTable-sa-CbBg\")]"}
COMMAND: POST /session/f8c7eca0926362d0d143ca0007fcee0c/element/f.02B9836222177F2037F2E3F69B058F44.d.CF38D836788AF75E4E2622E571AE0B96.e.5757/click - {}
RESULT: {}
COMMAND: POST /session/f8c7eca0926362d0d143ca0007fcee0c/execute/async - {"script":"<script> [1562 bytes]","args":[{"selector":{"controlType":"sap.m.Button","viewName":"etm.portal.ui.siteinventory.view.Detail","viewId":"application-siteinventory-display-component---detailSiteInventory","properties":{"text":"OK"},"searchOpenDialogs":true,"interaction":{"idSuffix":"BDI-content"}},"wdio_ui5_key":"etmportal.ui.siteinventory.view.Detailsap.m.Button{\"text\":\"OK\"}"}]}
COMMAND: GET /session/f8c7eca0926362d0d143ca0007fcee0c/screenshot - {}
RESULT: {"script":"<script> [1562 bytes]","args":[{"selector":{"controlType":"sap.m.Button","viewName":"etm.portal.ui.siteinventory.view.Detail","viewId":"application-siteinventory-display-component---detailSiteInventory","properties":{"text":"OK"},"searchOpenDialogs":true,"interaction":{"idSuffix":"BDI-content"}},"wdio_ui5_key":"etmportal.ui.siteinventory.view.Detailsap.m.Button{\"text\":\"OK\"}"}]}
RESULT: undefined
COMMAND: POST /session/f8c7eca0926362d0d143ca0007fcee0c/element - {"using":"xpath","value":"//*[@id=\"__popup37-confirmBtn\"]"}
RESULT: {}
RESULT: {"using":"xpath","value":"//*[@id=\"__popup37-confirmBtn\"]"}
COMMAND: POST /session/f8c7eca0926362d0d143ca0007fcee0c/element/f.02B9836222177F2037F2E3F69B058F44.d.CF38D836788AF75E4E2622E571AE0B96.e.5759/click - {}
RESULT: {}
COMMAND: GET /session/f8c7eca0926362d0d143ca0007fcee0c/screenshot - {}
RESULT: {}
COMMAND: POST /session/f8c7eca0926362d0d143ca0007fcee0c/element - {"using":"css selector","value":"#shell-header-logo"}
RESULT: {"using":"css selector","value":"#shell-header-logo"}
COMMAND: POST /session/f8c7eca0926362d0d143ca0007fcee0c/element/f.02B9836222177F2037F2E3F69B058F44.d.CF38D836788AF75E4E2622E571AE0B96.e.5350/click - {}
RESULT: {}
COMMAND: GET /session/f8c7eca0926362d0d143ca0007fcee0c/screenshot - {}
RESULT: {}
COMMAND: POST /session/f8c7eca0926362d0d143ca0007fcee0c/execute/async - {"script":"<script> [1562 bytes]","args":[{"selector":{"controlType":"sap.m.GenericTile","properties":{"header":"Manage Handovers"}},"wdio_ui5_key":"sapm.GenericTile{\"header\":\"Manage Handovers\"}"}]}
RESULT: {"script":"<script> [1562 bytes]","args":[{"selector":{"controlType":"sap.m.GenericTile","properties":{"header":"Manage Handovers"}},"wdio_ui5_key":"sapm.GenericTile{\"header\":\"Manage Handovers\"}"}]}
RESULT: undefined
COMMAND: POST /session/f8c7eca0926362d0d143ca0007fcee0c/element - {"using":"xpath","value":"//*[@id=\"__tile133\"]"}
RESULT: {"using":"xpath","value":"//*[@id=\"__tile133\"]"}
COMMAND: POST /session/f8c7eca0926362d0d143ca0007fcee0c/element/f.02B9836222177F2037F2E3F69B058F44.d.CF38D836788AF75E4E2622E571AE0B96.e.5407/click - {}
RESULT: {}
COMMAND: GET /session/f8c7eca0926362d0d143ca0007fcee0c/screenshot - {}
RESULT: {}
COMMAND: POST /session/f8c7eca0926362d0d143ca0007fcee0c/elements - {"using":"xpath","value":"//span[text()='Error']"}
RESULT: {"using":"xpath","value":"//span[text()='Error']"}
COMMAND: POST /session/f8c7eca0926362d0d143ca0007fcee0c/element - {"using":"xpath","value":"//button[@data-kt=\"masterHOAddButton\"]"}
RESULT: {"using":"xpath","value":"//button[@data-kt=\"masterHOAddButton\"]"}
COMMAND: POST /session/f8c7eca0926362d0d143ca0007fcee0c/elements - {"using":"xpath","value":"//button[@data-kt=\"masterHOAddButton\"]"}
RESULT: {"using":"xpath","value":"//button[@data-kt=\"masterHOAddButton\"]"}
COMMAND: POST /session/f8c7eca0926362d0d143ca0007fcee0c/execute/sync - {"script":"<script> [8489 bytes]","args":[{"element-6066-11e4-a52e-4f735466cecf":"f.02B9836222177F2037F2E3F69B058F44.d.CF38D836788AF75E4E2622E571AE0B96.e.5817","ELEMENT":"f.02B9836222177F2037F2E3F69B058F44.d.CF38D836788AF75E4E2622E571AE0B96.e.5817"}]}
RESULT: {"script":"<script> [8489 bytes]","args":[{"element-6066-11e4-a52e-4f735466cecf":"f.02B9836222177F2037F2E3F69B058F44.d.CF38D836788AF75E4E2622E571AE0B96.e.5817","ELEMENT":"f.02B9836222177F2037F2E3F69B058F44.d.CF38D836788AF75E4E2622E571AE0B96.e.5817"}]}
COMMAND: GET /session/f8c7eca0926362d0d143ca0007fcee0c/element/f.02B9836222177F2037F2E3F69B058F44.d.CF38D836788AF75E4E2622E571AE0B96.e.5817/enabled - {}
COMMAND: GET /session/f8c7eca0926362d0d143ca0007fcee0c/screenshot - {}
RESULT: {}
COMMAND: POST /session/f8c7eca0926362d0d143ca0007fcee0c/execute/sync - {"script":"<script> [8489 bytes]","args":[{"element-6066-11e4-a52e-4f735466cecf":"f.02B9836222177F2037F2E3F69B058F44.d.CF38D836788AF75E4E2622E571AE0B96.e.5817","ELEMENT":"f.02B9836222177F2037F2E3F69B058F44.d.CF38D836788AF75E4E2622E571AE0B96.e.5817"}]}
COMMAND: GET /session/f8c7eca0926362d0d143ca0007fcee0c/screenshot - {}
RESULT: {}
RESULT: {"script":"<script> [8489 bytes]","args":[{"element-6066-11e4-a52e-4f735466cecf":"f.02B9836222177F2037F2E3F69B058F44.d.CF38D836788AF75E4E2622E571AE0B96.e.5817","ELEMENT":"f.02B9836222177F2037F2E3F69B058F44.d.CF38D836788AF75E4E2622E571AE0B96.e.5817"}]}
COMMAND: POST /session/f8c7eca0926362d0d143ca0007fcee0c/execute/sync - {"script":"<script> [5351 bytes]","args":[{"element-6066-11e4-a52e-4f735466cecf":"f.02B9836222177F2037F2E3F69B058F44.d.CF38D836788AF75E4E2622E571AE0B96.e.5817","ELEMENT":"f.02B9836222177F2037F2E3F69B058F44.d.CF38D836788AF75E4E2622E571AE0B96.e.5817"}]}
COMMAND: GET /session/f8c7eca0926362d0d143ca0007fcee0c/screenshot - {}
RESULT: {}
RESULT: {"script":"<script> [5351 bytes]","args":[{"element-6066-11e4-a52e-4f735466cecf":"f.02B9836222177F2037F2E3F69B058F44.d.CF38D836788AF75E4E2622E571AE0B96.e.5817","ELEMENT":"f.02B9836222177F2037F2E3F69B058F44.d.CF38D836788AF75E4E2622E571AE0B96.e.5817"}]}
COMMAND: GET /session/f8c7eca0926362d0d143ca0007fcee0c/screenshot - {}
RESULT: {}
RESULT: {}
COMMAND: POST /session/f8c7eca0926362d0d143ca0007fcee0c/element - {"using":"xpath","value":"//span[contains(@id ,\"filterItemControl_BASIC-SEND_CONTRACT-vhi\")]"}
RESULT: {"using":"xpath","value":"//span[contains(@id ,\"filterItemControl_BASIC-SEND_CONTRACT-vhi\")]"}
COMMAND: POST /session/f8c7eca0926362d0d143ca0007fcee0c/element/f.02B9836222177F2037F2E3F69B058F44.d.CF38D836788AF75E4E2622E571AE0B96.e.5840/click - {}
RESULT: {}
COMMAND: GET /session/f8c7eca0926362d0d143ca0007fcee0c/screenshot - {}
RESULT: {}
COMMAND: POST /session/f8c7eca0926362d0d143ca0007fcee0c/execute/async - {"script":"<script> [1562 bytes]","args":[{"selector":{"controlType":"sap.m.SearchField","viewName":"etm.portal.ui.managehandovers.view.MasterHO","bindingPath":{"path":"","propertyPath":"/_BASIC_SEARCH_FIELD","modelName":"fi1t3rM0d31"},"searchOpenDialogs":true,"interaction":{"idSuffix":"I"}},"wdio_ui5_key":"etmportal.ui.managehandovers.view.MasterHOsap.m.SearchField{\"path\":\"\",\"propertyPath\":\"/_BASIC_SEARCH_FIELD\",\"modelName\":\"fi1t3rM0d31\"}"}]}
RESULT: {"script":"<script> [1562 bytes]","args":[{"selector":{"controlType":"sap.m.SearchField","viewName":"etm.portal.ui.managehandovers.view.MasterHO","bindingPath":{"path":"","propertyPath":"/_BASIC_SEARCH_FIELD","modelName":"fi1t3rM0d31"},"searchOpenDialogs":true,"interaction":{"idSuffix":"I"}},"wdio_ui5_key":"etmportal.ui.managehandovers.view.MasterHOsap.m.SearchField{\"path\":\"\",\"propertyPath\":\"/_BASIC_SEARCH_FIELD\",\"modelName\":\"fi1t3rM0d31\"}"}]}
RESULT: undefined
COMMAND: POST /session/f8c7eca0926362d0d143ca0007fcee0c/execute/async - {"script":"<script> [776 bytes]","args":[{"enterText":"10336","selector":{"controlType":"sap.m.SearchField","viewName":"etm.portal.ui.managehandovers.view.MasterHO","bindingPath":{"path":"","propertyPath":"/_BASIC_SEARCH_FIELD","modelName":"fi1t3rM0d31"},"searchOpenDialogs":true,"interaction":{"idSuffix":"I"}},"clearTextFirst":true,"interactionType":"ENTER_TEXT"}]}
RESULT: {"script":"<script> [776 bytes]","args":[{"enterText":"10336","selector":{"controlType":"sap.m.SearchField","viewName":"etm.portal.ui.managehandovers.view.MasterHO","bindingPath":{"path":"","propertyPath":"/_BASIC_SEARCH_FIELD","modelName":"fi1t3rM0d31"},"searchOpenDialogs":true,"interaction":{"idSuffix":"I"}},"clearTextFirst":true,"interactionType":"ENTER_TEXT"}]}
COMMAND: POST /session/f8c7eca0926362d0d143ca0007fcee0c/actions - {"actions":[{"id":"action17","type":"key","parameters":{},"actions":[{"type":"keyDown","value":""},{"type":"pause","duration":10},{"type":"keyUp","value":""}]}]}
RESULT: {"actions":[{"id":"action17","type":"key","parameters":{},"actions":[{"type":"keyDown","value":""},{"type":"pause","duration":10},{"type":"keyUp","value":""}]}]}
COMMAND: GET /session/f8c7eca0926362d0d143ca0007fcee0c/screenshot - {}
RESULT: {}
COMMAND: POST /session/f8c7eca0926362d0d143ca0007fcee0c/element - {"using":"xpath","value":"//div[contains(@id, 'filterItemControl_BASIC-SEND_CONTRACT-valueHelpDialog-table-rowsel0')]"}
RESULT: {"using":"xpath","value":"//div[contains(@id, 'filterItemControl_BASIC-SEND_CONTRACT-valueHelpDialog-table-rowsel0')]"}
COMMAND: POST /session/f8c7eca0926362d0d143ca0007fcee0c/element/f.02B9836222177F2037F2E3F69B058F44.d.CF38D836788AF75E4E2622E571AE0B96.e.5850/click - {}
RESULT: {}
COMMAND: GET /session/f8c7eca0926362d0d143ca0007fcee0c/screenshot - {}
RESULT: {}
COMMAND: POST /session/f8c7eca0926362d0d143ca0007fcee0c/element - {"using":"xpath","value":"//bdi[contains(text(), \"OK\")]"}
RESULT: {"using":"xpath","value":"//bdi[contains(text(), \"OK\")]"}
COMMAND: POST /session/f8c7eca0926362d0d143ca0007fcee0c/element/f.02B9836222177F2037F2E3F69B058F44.d.CF38D836788AF75E4E2622E571AE0B96.e.5852/click - {}
RESULT: {}
COMMAND: GET /session/f8c7eca0926362d0d143ca0007fcee0c/screenshot - {}
RESULT: {}
COMMAND: POST /session/f8c7eca0926362d0d143ca0007fcee0c/element - {"using":"xpath","value":"//span[contains(@id, \"smartTable-header-inner\")]"}
RESULT: {"using":"xpath","value":"//span[contains(@id, \"smartTable-header-inner\")]"}
COMMAND: POST /session/f8c7eca0926362d0d143ca0007fcee0c/elements - {"using":"xpath","value":"//span[contains(@id, \"smartTable-header-inner\")]"}
RESULT: {"using":"xpath","value":"//span[contains(@id, \"smartTable-header-inner\")]"}
COMMAND: POST /session/f8c7eca0926362d0d143ca0007fcee0c/execute/sync - {"script":"<script> [56 bytes]","args":[{"element-6066-11e4-a52e-4f735466cecf":"f.02B9836222177F2037F2E3F69B058F44.d.CF38D836788AF75E4E2622E571AE0B96.e.5893","ELEMENT":"f.02B9836222177F2037F2E3F69B058F44.d.CF38D836788AF75E4E2622E571AE0B96.e.5893"}]}
RESULT: {"script":"<script> [56 bytes]","args":[{"element-6066-11e4-a52e-4f735466cecf":"f.02B9836222177F2037F2E3F69B058F44.d.CF38D836788AF75E4E2622E571AE0B96.e.5893","ELEMENT":"f.02B9836222177F2037F2E3F69B058F44.d.CF38D836788AF75E4E2622E571AE0B96.e.5893"}]}
COMMAND: POST /session/f8c7eca0926362d0d143ca0007fcee0c/element - {"using":"xpath","value":"//table[contains(@id, \"customHandovers\")]//tbody/tr[1]/td[2]/span"}
COMMAND: GET /session/f8c7eca0926362d0d143ca0007fcee0c/screenshot - {}
RESULT: {"using":"xpath","value":"//table[contains(@id, \"customHandovers\")]//tbody/tr[1]/td[2]/span"}
COMMAND: POST /session/f8c7eca0926362d0d143ca0007fcee0c/execute/sync - {"script":"<script> [56 bytes]","args":[{"element-6066-11e4-a52e-4f735466cecf":"f.02B9836222177F2037F2E3F69B058F44.d.CF38D836788AF75E4E2622E571AE0B96.e.5894","ELEMENT":"f.02B9836222177F2037F2E3F69B058F44.d.CF38D836788AF75E4E2622E571AE0B96.e.5894"}]}
RESULT: {}
RESULT: {"script":"<script> [56 bytes]","args":[{"element-6066-11e4-a52e-4f735466cecf":"f.02B9836222177F2037F2E3F69B058F44.d.CF38D836788AF75E4E2622E571AE0B96.e.5894","ELEMENT":"f.02B9836222177F2037F2E3F69B058F44.d.CF38D836788AF75E4E2622E571AE0B96.e.5894"}]}
COMMAND: POST /session/f8c7eca0926362d0d143ca0007fcee0c/element - {"using":"xpath","value":"(//span[contains(@id, \"imgNav\")])[1]"}
COMMAND: GET /session/f8c7eca0926362d0d143ca0007fcee0c/screenshot - {}
RESULT: {"using":"xpath","value":"(//span[contains(@id, \"imgNav\")])[1]"}
COMMAND: POST /session/f8c7eca0926362d0d143ca0007fcee0c/element/f.02B9836222177F2037F2E3F69B058F44.d.CF38D836788AF75E4E2622E571AE0B96.e.5891/click - {}
RESULT: {}
RESULT: {}
COMMAND: GET /session/f8c7eca0926362d0d143ca0007fcee0c/screenshot - {}
RESULT: {}
COMMAND: POST /session/f8c7eca0926362d0d143ca0007fcee0c/execute/async - {"script":"<script> [1562 bytes]","args":[{"selector":{"id":"issueDatePicker","viewName":"etm.portal.ui.managehandovers.view.DetailExecuteHO","interaction":{"idSuffix":"inner"}},"wdio_ui5_key":"issueDatePickeretmportal.ui.managehandovers.view.DetailExecuteHO"}]}
RESULT: {"script":"<script> [1562 bytes]","args":[{"selector":{"id":"issueDatePicker","viewName":"etm.portal.ui.managehandovers.view.DetailExecuteHO","interaction":{"idSuffix":"inner"}},"wdio_ui5_key":"issueDatePickeretmportal.ui.managehandovers.view.DetailExecuteHO"}]}
RESULT: undefined
COMMAND: POST /session/f8c7eca0926362d0d143ca0007fcee0c/execute/async - {"script":"<script> [776 bytes]","args":[{"enterText":"5/28/25","selector":{"id":"issueDatePicker","viewName":"etm.portal.ui.managehandovers.view.DetailExecuteHO","interaction":{"idSuffix":"inner"}},"clearTextFirst":true,"interactionType":"ENTER_TEXT"}]}
RESULT: {"script":"<script> [776 bytes]","args":[{"enterText":"5/28/25","selector":{"id":"issueDatePicker","viewName":"etm.portal.ui.managehandovers.view.DetailExecuteHO","interaction":{"idSuffix":"inner"}},"clearTextFirst":true,"interactionType":"ENTER_TEXT"}]}
COMMAND: POST /session/f8c7eca0926362d0d143ca0007fcee0c/element - {"using":"xpath","value":"//button[@data-kt=\"PickingTableConfirmAllButton\"]"}
RESULT: {"using":"xpath","value":"//button[@data-kt=\"PickingTableConfirmAllButton\"]"}
COMMAND: POST /session/f8c7eca0926362d0d143ca0007fcee0c/element/f.02B9836222177F2037F2E3F69B058F44.d.CF38D836788AF75E4E2622E571AE0B96.e.6008/click - {}
RESULT: {}
COMMAND: GET /session/f8c7eca0926362d0d143ca0007fcee0c/screenshot - {}
RESULT: {}
COMMAND: POST /session/f8c7eca0926362d0d143ca0007fcee0c/element - {"using":"xpath","value":"//bdi[contains(text(), \"OK\")]"}
RESULT: {"using":"xpath","value":"//bdi[contains(text(), \"OK\")]"}
COMMAND: POST /session/f8c7eca0926362d0d143ca0007fcee0c/element/f.02B9836222177F2037F2E3F69B058F44.d.CF38D836788AF75E4E2622E571AE0B96.e.6011/click - {}
RESULT: {}
COMMAND: GET /session/f8c7eca0926362d0d143ca0007fcee0c/screenshot - {}
RESULT: {}
COMMAND: POST /session/f8c7eca0926362d0d143ca0007fcee0c/element - {"using":"xpath","value":"//button[@data-kt=\"execHoIssueButton\"]"}
RESULT: {"using":"xpath","value":"//button[@data-kt=\"execHoIssueButton\"]"}
COMMAND: POST /session/f8c7eca0926362d0d143ca0007fcee0c/element/f.02B9836222177F2037F2E3F69B058F44.d.CF38D836788AF75E4E2622E571AE0B96.e.6013/click - {}
RESULT: {}
COMMAND: GET /session/f8c7eca0926362d0d143ca0007fcee0c/screenshot - {}
RESULT: {}
COMMAND: POST /session/f8c7eca0926362d0d143ca0007fcee0c/element - {"using":"css selector","value":"#shell-header-logo"}
RESULT: {"using":"css selector","value":"#shell-header-logo"}
COMMAND: POST /session/f8c7eca0926362d0d143ca0007fcee0c/element/f.02B9836222177F2037F2E3F69B058F44.d.CF38D836788AF75E4E2622E571AE0B96.e.5778/click - {}
RESULT: {}
COMMAND: GET /session/f8c7eca0926362d0d143ca0007fcee0c/screenshot - {}
RESULT: {}
RESULT: undefined
COMMAND: POST /session/f8c7eca0926362d0d143ca0007fcee0c/element - {"using":"xpath","value":"//*[@id=\"__tile133\"]"}
RESULT: {"using":"xpath","value":"//*[@id=\"__tile133\"]"}
COMMAND: POST /session/f8c7eca0926362d0d143ca0007fcee0c/element/f.02B9836222177F2037F2E3F69B058F44.d.CF38D836788AF75E4E2622E571AE0B96.e.5407/click - {}
RESULT: {}
COMMAND: GET /session/f8c7eca0926362d0d143ca0007fcee0c/screenshot - {}
RESULT: {}
COMMAND: POST /session/f8c7eca0926362d0d143ca0007fcee0c/elements - {"using":"xpath","value":"//span[text()='Error']"}
RESULT: {"using":"xpath","value":"//span[text()='Error']"}
COMMAND: POST /session/f8c7eca0926362d0d143ca0007fcee0c/element - {"using":"xpath","value":"//button[@data-kt=\"masterHOAddButton\"]"}
RESULT: {"using":"xpath","value":"//button[@data-kt=\"masterHOAddButton\"]"}
COMMAND: POST /session/f8c7eca0926362d0d143ca0007fcee0c/elements - {"using":"xpath","value":"//button[@data-kt=\"masterHOAddButton\"]"}
RESULT: {"using":"xpath","value":"//button[@data-kt=\"masterHOAddButton\"]"}
COMMAND: POST /session/f8c7eca0926362d0d143ca0007fcee0c/execute/sync - {"script":"<script> [8489 bytes]","args":[{"element-6066-11e4-a52e-4f735466cecf":"f.02B9836222177F2037F2E3F69B058F44.d.CF38D836788AF75E4E2622E571AE0B96.e.6115","ELEMENT":"f.02B9836222177F2037F2E3F69B058F44.d.CF38D836788AF75E4E2622E571AE0B96.e.6115"}]}
RESULT: {"script":"<script> [8489 bytes]","args":[{"element-6066-11e4-a52e-4f735466cecf":"f.02B9836222177F2037F2E3F69B058F44.d.CF38D836788AF75E4E2622E571AE0B96.e.6115","ELEMENT":"f.02B9836222177F2037F2E3F69B058F44.d.CF38D836788AF75E4E2622E571AE0B96.e.6115"}]}
COMMAND: GET /session/f8c7eca0926362d0d143ca0007fcee0c/element/f.02B9836222177F2037F2E3F69B058F44.d.CF38D836788AF75E4E2622E571AE0B96.e.6115/enabled - {}
COMMAND: GET /session/f8c7eca0926362d0d143ca0007fcee0c/screenshot - {}
RESULT: {}
COMMAND: POST /session/f8c7eca0926362d0d143ca0007fcee0c/execute/sync - {"script":"<script> [8489 bytes]","args":[{"element-6066-11e4-a52e-4f735466cecf":"f.02B9836222177F2037F2E3F69B058F44.d.CF38D836788AF75E4E2622E571AE0B96.e.6115","ELEMENT":"f.02B9836222177F2037F2E3F69B058F44.d.CF38D836788AF75E4E2622E571AE0B96.e.6115"}]}
COMMAND: GET /session/f8c7eca0926362d0d143ca0007fcee0c/screenshot - {}
RESULT: {}
RESULT: {"script":"<script> [8489 bytes]","args":[{"element-6066-11e4-a52e-4f735466cecf":"f.02B9836222177F2037F2E3F69B058F44.d.CF38D836788AF75E4E2622E571AE0B96.e.6115","ELEMENT":"f.02B9836222177F2037F2E3F69B058F44.d.CF38D836788AF75E4E2622E571AE0B96.e.6115"}]}
COMMAND: POST /session/f8c7eca0926362d0d143ca0007fcee0c/execute/sync - {"script":"<script> [5351 bytes]","args":[{"element-6066-11e4-a52e-4f735466cecf":"f.02B9836222177F2037F2E3F69B058F44.d.CF38D836788AF75E4E2622E571AE0B96.e.6115","ELEMENT":"f.02B9836222177F2037F2E3F69B058F44.d.CF38D836788AF75E4E2622E571AE0B96.e.6115"}]}
COMMAND: GET /session/f8c7eca0926362d0d143ca0007fcee0c/screenshot - {}
RESULT: {}
RESULT: {"script":"<script> [5351 bytes]","args":[{"element-6066-11e4-a52e-4f735466cecf":"f.02B9836222177F2037F2E3F69B058F44.d.CF38D836788AF75E4E2622E571AE0B96.e.6115","ELEMENT":"f.02B9836222177F2037F2E3F69B058F44.d.CF38D836788AF75E4E2622E571AE0B96.e.6115"}]}
COMMAND: GET /session/f8c7eca0926362d0d143ca0007fcee0c/screenshot - {}
RESULT: {}
RESULT: {}
COMMAND: POST /session/f8c7eca0926362d0d143ca0007fcee0c/element - {"using":"xpath","value":"//input[contains(@id ,\"smartFilterBar-btnBasicSearch-I\")]"}
RESULT: {"using":"xpath","value":"//input[contains(@id ,\"smartFilterBar-btnBasicSearch-I\")]"}
COMMAND: POST /session/f8c7eca0926362d0d143ca0007fcee0c/element/f.02B9836222177F2037F2E3F69B058F44.d.CF38D836788AF75E4E2622E571AE0B96.e.6061/clear - {}
RESULT: {}
COMMAND: POST /session/f8c7eca0926362d0d143ca0007fcee0c/element/f.02B9836222177F2037F2E3F69B058F44.d.CF38D836788AF75E4E2622E571AE0B96.e.6061/value - {"text":"30727"}
COMMAND: GET /session/f8c7eca0926362d0d143ca0007fcee0c/screenshot - {}
RESULT: {"text":"30727"}
COMMAND: GET /session/f8c7eca0926362d0d143ca0007fcee0c/screenshot - {}
RESULT: {}
RESULT: {}
COMMAND: POST /session/f8c7eca0926362d0d143ca0007fcee0c/actions - {"actions":[{"id":"action18","type":"key","parameters":{},"actions":[{"type":"keyDown","value":""},{"type":"pause","duration":10},{"type":"keyUp","value":""}]}]}
RESULT: {"actions":[{"id":"action18","type":"key","parameters":{},"actions":[{"type":"keyDown","value":""},{"type":"pause","duration":10},{"type":"keyUp","value":""}]}]}
COMMAND: GET /session/f8c7eca0926362d0d143ca0007fcee0c/screenshot - {}
RESULT: {}
COMMAND: POST /session/f8c7eca0926362d0d143ca0007fcee0c/element - {"using":"xpath","value":"//span[contains(@id, \"smartTable-header-inner\")]"}
RESULT: {"using":"xpath","value":"//span[contains(@id, \"smartTable-header-inner\")]"}
COMMAND: POST /session/f8c7eca0926362d0d143ca0007fcee0c/elements - {"using":"xpath","value":"//span[contains(@id, \"smartTable-header-inner\")]"}
RESULT: {"using":"xpath","value":"//span[contains(@id, \"smartTable-header-inner\")]"}
COMMAND: POST /session/f8c7eca0926362d0d143ca0007fcee0c/execute/sync - {"script":"<script> [56 bytes]","args":[{"element-6066-11e4-a52e-4f735466cecf":"f.02B9836222177F2037F2E3F69B058F44.d.CF38D836788AF75E4E2622E571AE0B96.e.6185","ELEMENT":"f.02B9836222177F2037F2E3F69B058F44.d.CF38D836788AF75E4E2622E571AE0B96.e.6185"}]}
RESULT: {"script":"<script> [56 bytes]","args":[{"element-6066-11e4-a52e-4f735466cecf":"f.02B9836222177F2037F2E3F69B058F44.d.CF38D836788AF75E4E2622E571AE0B96.e.6185","ELEMENT":"f.02B9836222177F2037F2E3F69B058F44.d.CF38D836788AF75E4E2622E571AE0B96.e.6185"}]}
COMMAND: POST /session/f8c7eca0926362d0d143ca0007fcee0c/element - {"using":"xpath","value":"(//span[contains(@id, \"imgNav\")])[1]"}
COMMAND: GET /session/f8c7eca0926362d0d143ca0007fcee0c/screenshot - {}
RESULT: {"using":"xpath","value":"(//span[contains(@id, \"imgNav\")])[1]"}
COMMAND: POST /session/f8c7eca0926362d0d143ca0007fcee0c/element/f.02B9836222177F2037F2E3F69B058F44.d.CF38D836788AF75E4E2622E571AE0B96.e.6184/click - {}
RESULT: {}
RESULT: {}
COMMAND: GET /session/f8c7eca0926362d0d143ca0007fcee0c/screenshot - {}
RESULT: {}
COMMAND: POST /session/f8c7eca0926362d0d143ca0007fcee0c/element - {"using":"xpath","value":"//section[contains(@id, \"detailManageHO--headerContentForm--FC-NoHead\")]/div/div[4]/div[2]/div/span"}
RESULT: {"using":"xpath","value":"//section[contains(@id, \"detailManageHO--headerContentForm--FC-NoHead\")]/div/div[4]/div[2]/div/span"}
COMMAND: POST /session/f8c7eca0926362d0d143ca0007fcee0c/elements - {"using":"xpath","value":"//section[contains(@id, \"detailManageHO--headerContentForm--FC-NoHead\")]/div/div[4]/div[2]/div/span"}
RESULT: {"using":"xpath","value":"//section[contains(@id, \"detailManageHO--headerContentForm--FC-NoHead\")]/div/div[4]/div[2]/div/span"}
COMMAND: POST /session/f8c7eca0926362d0d143ca0007fcee0c/execute/sync - {"script":"<script> [56 bytes]","args":[{"element-6066-11e4-a52e-4f735466cecf":"f.02B9836222177F2037F2E3F69B058F44.d.CF38D836788AF75E4E2622E571AE0B96.e.6267","ELEMENT":"f.02B9836222177F2037F2E3F69B058F44.d.CF38D836788AF75E4E2622E571AE0B96.e.6267"}]}
RESULT: {"script":"<script> [56 bytes]","args":[{"element-6066-11e4-a52e-4f735466cecf":"f.02B9836222177F2037F2E3F69B058F44.d.CF38D836788AF75E4E2622E571AE0B96.e.6267","ELEMENT":"f.02B9836222177F2037F2E3F69B058F44.d.CF38D836788AF75E4E2622E571AE0B96.e.6267"}]}
COMMAND: POST /session/f8c7eca0926362d0d143ca0007fcee0c/element - {"using":"xpath","value":"//a[contains(@data-kt ,\"GeneralSectionSendContractLink\")]"}
COMMAND: GET /session/f8c7eca0926362d0d143ca0007fcee0c/screenshot - {}
RESULT: {"using":"xpath","value":"//a[contains(@data-kt ,\"GeneralSectionSendContractLink\")]"}
COMMAND: POST /session/f8c7eca0926362d0d143ca0007fcee0c/element/f.02B9836222177F2037F2E3F69B058F44.d.CF38D836788AF75E4E2622E571AE0B96.e.6268/click - {}
RESULT: {}
RESULT: {}
COMMAND: GET /session/f8c7eca0926362d0d143ca0007fcee0c/screenshot - {}
RESULT: {}
COMMAND: POST /session/f8c7eca0926362d0d143ca0007fcee0c/element - {"using":"xpath","value":"//a[contains(@data-kt ,\"ContextMenuId2Link\")]"}
RESULT: {"using":"xpath","value":"//a[contains(@data-kt ,\"ContextMenuId2Link\")]"}
COMMAND: POST /session/f8c7eca0926362d0d143ca0007fcee0c/element/f.02B9836222177F2037F2E3F69B058F44.d.CF38D836788AF75E4E2622E571AE0B96.e.6272/click - {}
RESULT: {}
COMMAND: GET /session/f8c7eca0926362d0d143ca0007fcee0c/screenshot - {}
RESULT: {}
COMMAND: POST /session/f8c7eca0926362d0d143ca0007fcee0c/execute/async - {"script":"<script> [1562 bytes]","args":[{"selector":{"id":"headerBillingItemsTabFilter","viewName":"etm.portal.ui.managecontracts.view.Detail","interaction":{"idSuffix":"text"}},"wdio_ui5_key":"headerBillingItemsTabFilteretmportal.ui.managecontracts.view.Detail"}]}
RESULT: {"script":"<script> [1562 bytes]","args":[{"selector":{"id":"headerBillingItemsTabFilter","viewName":"etm.portal.ui.managecontracts.view.Detail","interaction":{"idSuffix":"text"}},"wdio_ui5_key":"headerBillingItemsTabFilteretmportal.ui.managecontracts.view.Detail"}]}
RESULT: undefined
COMMAND: POST /session/f8c7eca0926362d0d143ca0007fcee0c/element - {"using":"xpath","value":"//*[@id=\"__xmlview62--headerBillingItemsTabFilter\"]"}
RESULT: {"using":"xpath","value":"//*[@id=\"__xmlview62--headerBillingItemsTabFilter\"]"}
COMMAND: POST /session/f8c7eca0926362d0d143ca0007fcee0c/element/f.02B9836222177F2037F2E3F69B058F44.d.CF38D836788AF75E4E2622E571AE0B96.e.6494/click - {}
RESULT: {}
COMMAND: GET /session/f8c7eca0926362d0d143ca0007fcee0c/screenshot - {}
RESULT: {}
COMMAND: POST /session/f8c7eca0926362d0d143ca0007fcee0c/element - {"using":"xpath","value":"//table[contains(@id, \"ProductsTable-listUl\")]/tbody/tr[1]/td[6]/div/span"}
RESULT: {"using":"xpath","value":"//table[contains(@id, \"ProductsTable-listUl\")]/tbody/tr[1]/td[6]/div/span"}
COMMAND: POST /session/f8c7eca0926362d0d143ca0007fcee0c/elements - {"using":"xpath","value":"//table[contains(@id, \"ProductsTable-listUl\")]/tbody/tr[1]/td[6]/div/span"}
RESULT: {"using":"xpath","value":"//table[contains(@id, \"ProductsTable-listUl\")]/tbody/tr[1]/td[6]/div/span"}
COMMAND: POST /session/f8c7eca0926362d0d143ca0007fcee0c/execute/sync - {"script":"<script> [56 bytes]","args":[{"element-6066-11e4-a52e-4f735466cecf":"f.02B9836222177F2037F2E3F69B058F44.d.CF38D836788AF75E4E2622E571AE0B96.e.6496","ELEMENT":"f.02B9836222177F2037F2E3F69B058F44.d.CF38D836788AF75E4E2622E571AE0B96.e.6496"}]}
RESULT: {"script":"<script> [56 bytes]","args":[{"element-6066-11e4-a52e-4f735466cecf":"f.02B9836222177F2037F2E3F69B058F44.d.CF38D836788AF75E4E2622E571AE0B96.e.6496","ELEMENT":"f.02B9836222177F2037F2E3F69B058F44.d.CF38D836788AF75E4E2622E571AE0B96.e.6496"}]}
COMMAND: POST /session/f8c7eca0926362d0d143ca0007fcee0c/element - {"using":"css selector","value":"#shell-header-logo"}
COMMAND: GET /session/f8c7eca0926362d0d143ca0007fcee0c/screenshot - {}
RESULT: {"using":"css selector","value":"#shell-header-logo"}
COMMAND: POST /session/f8c7eca0926362d0d143ca0007fcee0c/element/f.02B9836222177F2037F2E3F69B058F44.d.CF38D836788AF75E4E2622E571AE0B96.e.6059/click - {}
RESULT: {}
RESULT: {}
COMMAND: GET /session/f8c7eca0926362d0d143ca0007fcee0c/screenshot - {}
RESULT: {}
COMMAND: DELETE /session/f8c7eca0926362d0d143ca0007fcee0c - {}
RESULT: {}
]]></system-out>
    </testcase>
  </testsuite>
</testsuites>