<?xml version="1.0" encoding="UTF-8"?>
<testsuites tests="24" failures="0" errors="0" skipped="0">
  <testsuite timestamp="2025-05-15T18:18:18" time="656.761" tests="5" failures="0" errors="0" skipped="0">
    <properties>
      <property name="specId" value="0" />
      <property name="suiteName" value="Manage Requests Tags Tests US120163" />
      <property name="capabilities" value="chrome.136_0_7103_93.windows" />
      <property name="file" value="file:///D:/a/1/s/test/specs/R2C/create-request-Tags.spec.js" />
    </properties>
    <testcase classname="chrome.136_0_7103_93.windows.Manage_Requests_Tags_Tests_US120163" name="Should create a new yard" time="124.111">
      <system-out><![CDATA[
COMMAND: POST /session/297431b9b55e935159c974fa74f723b8/execute/async - {"script":"<script> [1562 bytes]","args":[{"selector":{"controlType":"sap.m.GenericTile","properties":{"header":"Manage Yards"}},"wdio_ui5_key":"sapm.GenericTile{\"header\":\"Manage Yards\"}"}]}
RESULT: {"script":"<script> [1562 bytes]","args":[{"selector":{"controlType":"sap.m.GenericTile","properties":{"header":"Manage Yards"}},"wdio_ui5_key":"sapm.GenericTile{\"header\":\"Manage Yards\"}"}]}
RESULT: undefined
COMMAND: POST /session/297431b9b55e935159c974fa74f723b8/element - {"using":"xpath","value":"//*[@id=\"__tile41\"]"}
RESULT: {"using":"xpath","value":"//*[@id=\"__tile41\"]"}
COMMAND: POST /session/297431b9b55e935159c974fa74f723b8/element/f.C07C1F5C83AA57D4527D3CB7EA58C4CE.d.D2C45A6999D4970DA08A2CFBA9A3A210.e.125/click - {}
RESULT: {}
COMMAND: GET /session/297431b9b55e935159c974fa74f723b8/screenshot - {}
RESULT: {}
COMMAND: POST /session/297431b9b55e935159c974fa74f723b8/elements - {"using":"xpath","value":"//span[text()='Error']"}
RESULT: {"using":"xpath","value":"//span[text()='Error']"}
COMMAND: POST /session/297431b9b55e935159c974fa74f723b8/execute/async - {"script":"<script> [1562 bytes]","args":[{"selector":{"controlType":"sap.ui.core.Icon","viewName":"etm.portal.ui.manageyards.view.Master","viewId":"application-manageyards-display-component---masterYard","properties":{"src":{"regex":{"source":"add"}}}},"wdio_ui5_key":"etmportal.ui.manageyards.view.Mastersap.ui.core.Icon{\"src\":{\"regex\":{\"source\":\"add\"}}}"}]}
RESULT: {"script":"<script> [1562 bytes]","args":[{"selector":{"controlType":"sap.ui.core.Icon","viewName":"etm.portal.ui.manageyards.view.Master","viewId":"application-manageyards-display-component---masterYard","properties":{"src":{"regex":{"source":"add"}}}},"wdio_ui5_key":"etmportal.ui.manageyards.view.Mastersap.ui.core.Icon{\"src\":{\"regex\":{\"source\":\"add\"}}}"}]}
RESULT: undefined
COMMAND: POST /session/297431b9b55e935159c974fa74f723b8/element - {"using":"xpath","value":"//*[@id=\"__button4-img\"]"}
RESULT: {"using":"xpath","value":"//*[@id=\"__button4-img\"]"}
COMMAND: POST /session/297431b9b55e935159c974fa74f723b8/element/f.C07C1F5C83AA57D4527D3CB7EA58C4CE.d.D2C45A6999D4970DA08A2CFBA9A3A210.e.173/click - {}
RESULT: {}
COMMAND: GET /session/297431b9b55e935159c974fa74f723b8/screenshot - {}
RESULT: {}
COMMAND: POST /session/297431b9b55e935159c974fa74f723b8/execute/async - {"script":"<script> [1562 bytes]","args":[{"selector":{"id":"application-manageyards-display-component---NewYard--yardId","interaction":{"idSuffix":"inner"}},"wdio_ui5_key":"applicationmanageyards-display-component---NewYard--yardId"}]}
RESULT: {"script":"<script> [1562 bytes]","args":[{"selector":{"id":"application-manageyards-display-component---NewYard--yardId","interaction":{"idSuffix":"inner"}},"wdio_ui5_key":"applicationmanageyards-display-component---NewYard--yardId"}]}
RESULT: undefined
COMMAND: POST /session/297431b9b55e935159c974fa74f723b8/element - {"using":"xpath","value":"//*[@id=\"application-manageyards-display-component---NewYard--addressDetailDetailsName1-inner\"]"}
RESULT: {"using":"xpath","value":"//*[@id=\"application-manageyards-display-component---NewYard--addressDetailDetailsName1-inner\"]"}
COMMAND: POST /session/297431b9b55e935159c974fa74f723b8/element/f.C07C1F5C83AA57D4527D3CB7EA58C4CE.d.D2C45A6999D4970DA08A2CFBA9A3A210.e.329/clear - {}
RESULT: {}
COMMAND: POST /session/297431b9b55e935159c974fa74f723b8/element/f.C07C1F5C83AA57D4527D3CB7EA58C4CE.d.D2C45A6999D4970DA08A2CFBA9A3A210.e.329/value - {"text":"WebdriverYardunahk"}
COMMAND: GET /session/297431b9b55e935159c974fa74f723b8/screenshot - {}
RESULT: {"text":"WebdriverYardunahk"}
COMMAND: POST /session/297431b9b55e935159c974fa74f723b8/element - {"using":"xpath","value":"//*[@id=\"application-manageyards-display-component---NewYard--addressDetailDetailsLanguage-inner\"]"}
COMMAND: GET /session/297431b9b55e935159c974fa74f723b8/screenshot - {}
RESULT: {}
RESULT: {"using":"xpath","value":"//*[@id=\"application-manageyards-display-component---NewYard--addressDetailDetailsLanguage-inner\"]"}
COMMAND: POST /session/297431b9b55e935159c974fa74f723b8/element/f.C07C1F5C83AA57D4527D3CB7EA58C4CE.d.D2C45A6999D4970DA08A2CFBA9A3A210.e.330/clear - {}
RESULT: {}
RESULT: {}
COMMAND: POST /session/297431b9b55e935159c974fa74f723b8/element/f.C07C1F5C83AA57D4527D3CB7EA58C4CE.d.D2C45A6999D4970DA08A2CFBA9A3A210.e.330/value - {"text":"Romanian"}
COMMAND: GET /session/297431b9b55e935159c974fa74f723b8/screenshot - {}
RESULT: {"text":"Romanian"}
COMMAND: POST /session/297431b9b55e935159c974fa74f723b8/element - {"using":"xpath","value":"//input[contains(@id ,\"application-manageyards-display-component---NewYard--addressDetailDetailsName1-inner\")]"}
COMMAND: GET /session/297431b9b55e935159c974fa74f723b8/screenshot - {}
RESULT: {}
RESULT: {"using":"xpath","value":"//input[contains(@id ,\"application-manageyards-display-component---NewYard--addressDetailDetailsName1-inner\")]"}
COMMAND: GET /session/297431b9b55e935159c974fa74f723b8/element/f.C07C1F5C83AA57D4527D3CB7EA58C4CE.d.D2C45A6999D4970DA08A2CFBA9A3A210.e.329/property/value - {}
RESULT: {}
RESULT: {}
COMMAND: GET /session/297431b9b55e935159c974fa74f723b8/screenshot - {}
RESULT: {}
COMMAND: POST /session/297431b9b55e935159c974fa74f723b8/element - {"using":"xpath","value":"//*[@id=\"application-manageyards-display-component---NewYard--addressDetailDetailsCity1-inner\"]"}
RESULT: {"using":"xpath","value":"//*[@id=\"application-manageyards-display-component---NewYard--addressDetailDetailsCity1-inner\"]"}
COMMAND: POST /session/297431b9b55e935159c974fa74f723b8/element/f.C07C1F5C83AA57D4527D3CB7EA58C4CE.d.D2C45A6999D4970DA08A2CFBA9A3A210.e.332/clear - {}
RESULT: {}
COMMAND: POST /session/297431b9b55e935159c974fa74f723b8/element/f.C07C1F5C83AA57D4527D3CB7EA58C4CE.d.D2C45A6999D4970DA08A2CFBA9A3A210.e.332/value - {"text":"Bucuresti"}
COMMAND: GET /session/297431b9b55e935159c974fa74f723b8/screenshot - {}
RESULT: {"text":"Bucuresti"}
COMMAND: GET /session/297431b9b55e935159c974fa74f723b8/screenshot - {}
RESULT: {}
RESULT: {}
COMMAND: POST /session/297431b9b55e935159c974fa74f723b8/element - {"using":"xpath","value":"//*[@id=\"application-manageyards-display-component---NewYard--addressDetailDetailsCountry-inner\"]"}
RESULT: {"using":"xpath","value":"//*[@id=\"application-manageyards-display-component---NewYard--addressDetailDetailsCountry-inner\"]"}
COMMAND: POST /session/297431b9b55e935159c974fa74f723b8/element/f.C07C1F5C83AA57D4527D3CB7EA58C4CE.d.D2C45A6999D4970DA08A2CFBA9A3A210.e.336/clear - {}
RESULT: {}
COMMAND: POST /session/297431b9b55e935159c974fa74f723b8/element/f.C07C1F5C83AA57D4527D3CB7EA58C4CE.d.D2C45A6999D4970DA08A2CFBA9A3A210.e.336/value - {"text":"Romania"}
COMMAND: GET /session/297431b9b55e935159c974fa74f723b8/screenshot - {}
RESULT: {"text":"Romania"}
COMMAND: GET /session/297431b9b55e935159c974fa74f723b8/screenshot - {}
RESULT: {}
RESULT: {}
COMMAND: POST /session/297431b9b55e935159c974fa74f723b8/element - {"using":"xpath","value":"//div[contains(text(), \"Commercial\")]"}
RESULT: {"using":"xpath","value":"//div[contains(text(), \"Commercial\")]"}
COMMAND: GET /session/297431b9b55e935159c974fa74f723b8/element/f.C07C1F5C83AA57D4527D3CB7EA58C4CE.d.D2C45A6999D4970DA08A2CFBA9A3A210.e.590/rect - {}
RESULT: {}
COMMAND: GET /session/297431b9b55e935159c974fa74f723b8/window/rect - {}
RESULT: {}
COMMAND: POST /session/297431b9b55e935159c974fa74f723b8/execute/sync - {"script":"<script> [92 bytes]","args":[]}
RESULT: {"script":"<script> [92 bytes]","args":[]}
COMMAND: POST /session/297431b9b55e935159c974fa74f723b8/actions - {"actions":[{"id":"action1","type":"wheel","parameters":{},"actions":[{"type":"scroll","x":-1841,"y":-44,"deltaX":0,"deltaY":0,"duration":0,"origin":{"element-6066-11e4-a52e-4f735466cecf":"f.C07C1F5C83AA57D4527D3CB7EA58C4CE.d.D2C45A6999D4970DA08A2CFBA9A3A210.e.590"}}]}]}
COMMAND: GET /session/297431b9b55e935159c974fa74f723b8/screenshot - {}
RESULT: {}
COMMAND: POST /session/297431b9b55e935159c974fa74f723b8/execute/sync - {"script":"<script> [79 bytes]","args":[{"element-6066-11e4-a52e-4f735466cecf":"f.C07C1F5C83AA57D4527D3CB7EA58C4CE.d.D2C45A6999D4970DA08A2CFBA9A3A210.e.590","ELEMENT":"f.C07C1F5C83AA57D4527D3CB7EA58C4CE.d.D2C45A6999D4970DA08A2CFBA9A3A210.e.590"},{"block":"start","inline":"nearest"}]}
RESULT: {"script":"<script> [79 bytes]","args":[{"element-6066-11e4-a52e-4f735466cecf":"f.C07C1F5C83AA57D4527D3CB7EA58C4CE.d.D2C45A6999D4970DA08A2CFBA9A3A210.e.590","ELEMENT":"f.C07C1F5C83AA57D4527D3CB7EA58C4CE.d.D2C45A6999D4970DA08A2CFBA9A3A210.e.590"},{"block":"start","inline":"nearest"}]}
COMMAND: GET /session/297431b9b55e935159c974fa74f723b8/screenshot - {}
RESULT: {}
COMMAND: POST /session/297431b9b55e935159c974fa74f723b8/execute/async - {"script":"<script> [1562 bytes]","args":[{"selector":{"id":"application-manageyards-display-component---NewYard--addressEditDetailsCostObjectCstType-arrow"},"wdio_ui5_key":"applicationmanageyards-display-component---NewYard--addressEditDetailsCostObjectCstType-arrow"}]}
RESULT: {"script":"<script> [1562 bytes]","args":[{"selector":{"id":"application-manageyards-display-component---NewYard--addressEditDetailsCostObjectCstType-arrow"},"wdio_ui5_key":"applicationmanageyards-display-component---NewYard--addressEditDetailsCostObjectCstType-arrow"}]}
RESULT: undefined
COMMAND: POST /session/297431b9b55e935159c974fa74f723b8/element - {"using":"xpath","value":"//*[@id=\"application-manageyards-display-component---NewYard--addressEditDetailsCostObjectCstType-arrow\"]"}
RESULT: {"using":"xpath","value":"//*[@id=\"application-manageyards-display-component---NewYard--addressEditDetailsCostObjectCstType-arrow\"]"}
COMMAND: POST /session/297431b9b55e935159c974fa74f723b8/element/f.C07C1F5C83AA57D4527D3CB7EA58C4CE.d.D2C45A6999D4970DA08A2CFBA9A3A210.e.598/click - {}
RESULT: {}
COMMAND: POST /session/297431b9b55e935159c974fa74f723b8/element - {"using":"xpath","value":"//span[contains(text(), \"Cost Center\")]"}
COMMAND: GET /session/297431b9b55e935159c974fa74f723b8/screenshot - {}
RESULT: {"using":"xpath","value":"//span[contains(text(), \"Cost Center\")]"}
COMMAND: POST /session/297431b9b55e935159c974fa74f723b8/element/f.C07C1F5C83AA57D4527D3CB7EA58C4CE.d.D2C45A6999D4970DA08A2CFBA9A3A210.e.599/click - {}
RESULT: {}
RESULT: {}
COMMAND: GET /session/297431b9b55e935159c974fa74f723b8/screenshot - {}
RESULT: {}
COMMAND: POST /session/297431b9b55e935159c974fa74f723b8/execute/async - {"script":"<script> [1562 bytes]","args":[{"selector":{"id":"application-manageyards-display-component---NewYard--addressNewCostObjectCstID-vhi"},"wdio_ui5_key":"applicationmanageyards-display-component---NewYard--addressNewCostObjectCstID-vhi"}]}
RESULT: {"script":"<script> [1562 bytes]","args":[{"selector":{"id":"application-manageyards-display-component---NewYard--addressNewCostObjectCstID-vhi"},"wdio_ui5_key":"applicationmanageyards-display-component---NewYard--addressNewCostObjectCstID-vhi"}]}
RESULT: undefined
COMMAND: POST /session/297431b9b55e935159c974fa74f723b8/element - {"using":"xpath","value":"//*[@id=\"application-manageyards-display-component---NewYard--addressNewCostObjectCstID-vhi\"]"}
RESULT: {"using":"xpath","value":"//*[@id=\"application-manageyards-display-component---NewYard--addressNewCostObjectCstID-vhi\"]"}
COMMAND: POST /session/297431b9b55e935159c974fa74f723b8/element/f.C07C1F5C83AA57D4527D3CB7EA58C4CE.d.D2C45A6999D4970DA08A2CFBA9A3A210.e.603/click - {}
RESULT: {}
COMMAND: GET /session/297431b9b55e935159c974fa74f723b8/screenshot - {}
RESULT: {}
COMMAND: POST /session/297431b9b55e935159c974fa74f723b8/execute/async - {"script":"<script> [1562 bytes]","args":[{"selector":{"controlType":"sap.m.SearchField","properties":{"placeholder":"Search"},"searchOpenDialogs":true,"interaction":{"idSuffix":"I"}},"wdio_ui5_key":"sapm.SearchField{\"placeholder\":\"Search\"}"}]}
RESULT: {"script":"<script> [1562 bytes]","args":[{"selector":{"controlType":"sap.m.SearchField","properties":{"placeholder":"Search"},"searchOpenDialogs":true,"interaction":{"idSuffix":"I"}},"wdio_ui5_key":"sapm.SearchField{\"placeholder\":\"Search\"}"}]}
RESULT: undefined
COMMAND: POST /session/297431b9b55e935159c974fa74f723b8/execute/async - {"script":"<script> [776 bytes]","args":[{"enterText":"10001013","selector":{"controlType":"sap.m.SearchField","properties":{"placeholder":"Search"},"searchOpenDialogs":true,"interaction":{"idSuffix":"I"}},"clearTextFirst":true,"interactionType":"ENTER_TEXT"}]}
RESULT: {"script":"<script> [776 bytes]","args":[{"enterText":"10001013","selector":{"controlType":"sap.m.SearchField","properties":{"placeholder":"Search"},"searchOpenDialogs":true,"interaction":{"idSuffix":"I"}},"clearTextFirst":true,"interactionType":"ENTER_TEXT"}]}
COMMAND: POST /session/297431b9b55e935159c974fa74f723b8/actions - {"actions":[{"id":"action2","type":"key","parameters":{},"actions":[{"type":"keyDown","value":"î€‡"},{"type":"pause","duration":10},{"type":"keyUp","value":"î€‡"}]}]}
RESULT: {"actions":[{"id":"action2","type":"key","parameters":{},"actions":[{"type":"keyDown","value":"î€‡"},{"type":"pause","duration":10},{"type":"keyUp","value":"î€‡"}]}]}
COMMAND: GET /session/297431b9b55e935159c974fa74f723b8/screenshot - {}
RESULT: {}
COMMAND: POST /session/297431b9b55e935159c974fa74f723b8/element - {"using":"xpath","value":"//span[contains(text(), \"General Management\")]"}
RESULT: {"using":"xpath","value":"//span[contains(text(), \"General Management\")]"}
COMMAND: POST /session/297431b9b55e935159c974fa74f723b8/element/f.C07C1F5C83AA57D4527D3CB7EA58C4CE.d.D2C45A6999D4970DA08A2CFBA9A3A210.e.645/click - {}
RESULT: {}
COMMAND: GET /session/297431b9b55e935159c974fa74f723b8/screenshot - {}
RESULT: {}
COMMAND: POST /session/297431b9b55e935159c974fa74f723b8/element - {"using":"xpath","value":"//bdi[contains(text(), \"OK\")]"}
RESULT: {"using":"xpath","value":"//bdi[contains(text(), \"OK\")]"}
COMMAND: POST /session/297431b9b55e935159c974fa74f723b8/element/f.C07C1F5C83AA57D4527D3CB7EA58C4CE.d.D2C45A6999D4970DA08A2CFBA9A3A210.e.646/click - {}
RESULT: {}
COMMAND: GET /session/297431b9b55e935159c974fa74f723b8/screenshot - {}
RESULT: {}
COMMAND: POST /session/297431b9b55e935159c974fa74f723b8/execute/async - {"script":"<script> [1562 bytes]","args":[{"selector":{"controlType":"sap.m.Button","viewName":"etm.portal.ui.manageyards.view.New","viewId":"application-manageyards-display-component---NewYard","i18NText":{"propertyName":"text","key":"save"},"interaction":{"idSuffix":"inner"}},"wdio_ui5_key":"etmportal.ui.manageyards.view.Newsap.m.Button{\"propertyName\":\"text\",\"key\":\"save\"}"}]}
RESULT: {"script":"<script> [1562 bytes]","args":[{"selector":{"controlType":"sap.m.Button","viewName":"etm.portal.ui.manageyards.view.New","viewId":"application-manageyards-display-component---NewYard","i18NText":{"propertyName":"text","key":"save"},"interaction":{"idSuffix":"inner"}},"wdio_ui5_key":"etmportal.ui.manageyards.view.Newsap.m.Button{\"propertyName\":\"text\",\"key\":\"save\"}"}]}
RESULT: undefined
COMMAND: POST /session/297431b9b55e935159c974fa74f723b8/element - {"using":"xpath","value":"//*[@id=\"__button18\"]"}
RESULT: {"using":"xpath","value":"//*[@id=\"__button18\"]"}
COMMAND: POST /session/297431b9b55e935159c974fa74f723b8/element/f.C07C1F5C83AA57D4527D3CB7EA58C4CE.d.D2C45A6999D4970DA08A2CFBA9A3A210.e.547/click - {}
RESULT: {}
COMMAND: GET /session/297431b9b55e935159c974fa74f723b8/screenshot - {}
RESULT: {}
COMMAND: POST /session/297431b9b55e935159c974fa74f723b8/element - {"using":"xpath","value":"//header/div/div[2]/div[2]/span"}
RESULT: {"using":"xpath","value":"//header/div/div[2]/div[2]/span"}
COMMAND: GET /session/297431b9b55e935159c974fa74f723b8/element/f.C07C1F5C83AA57D4527D3CB7EA58C4CE.d.D2C45A6999D4970DA08A2CFBA9A3A210.e.845/text - {}
RESULT: {}
COMMAND: POST /session/297431b9b55e935159c974fa74f723b8/execute/async - {"script":"<script> [1562 bytes]","args":[{"selector":{"controlType":"sap.m.OverflowToolbarButton","viewName":"etm.portal.ui.manageyards.view.Detail","viewId":"application-manageyards-display-component---detailYard","i18NText":{"propertyName":"tooltip","key":"closeColumn"},"interaction":{"idSuffix":"inner"}},"wdio_ui5_key":"etmportal.ui.manageyards.view.Detailsap.m.OverflowToolbarButton{\"propertyName\":\"tooltip\",\"key\":\"closeColumn\"}"}]}
RESULT: {"script":"<script> [1562 bytes]","args":[{"selector":{"controlType":"sap.m.OverflowToolbarButton","viewName":"etm.portal.ui.manageyards.view.Detail","viewId":"application-manageyards-display-component---detailYard","i18NText":{"propertyName":"tooltip","key":"closeColumn"},"interaction":{"idSuffix":"inner"}},"wdio_ui5_key":"etmportal.ui.manageyards.view.Detailsap.m.OverflowToolbarButton{\"propertyName\":\"tooltip\",\"key\":\"closeColumn\"}"}]}
RESULT: undefined
COMMAND: POST /session/297431b9b55e935159c974fa74f723b8/element - {"using":"xpath","value":"//*[@id=\"__button40\"]"}
RESULT: {"using":"xpath","value":"//*[@id=\"__button40\"]"}
COMMAND: POST /session/297431b9b55e935159c974fa74f723b8/element/f.C07C1F5C83AA57D4527D3CB7EA58C4CE.d.D2C45A6999D4970DA08A2CFBA9A3A210.e.847/click - {}
RESULT: {}
COMMAND: GET /session/297431b9b55e935159c974fa74f723b8/screenshot - {}
RESULT: {}
COMMAND: POST /session/297431b9b55e935159c974fa74f723b8/element - {"using":"css selector","value":"#shell-header-logo"}
RESULT: {"using":"css selector","value":"#shell-header-logo"}
COMMAND: POST /session/297431b9b55e935159c974fa74f723b8/element/f.C07C1F5C83AA57D4527D3CB7EA58C4CE.d.D2C45A6999D4970DA08A2CFBA9A3A210.e.128/click - {}
RESULT: {}
COMMAND: GET /session/297431b9b55e935159c974fa74f723b8/screenshot - {}
RESULT: {}
COMMAND: POST /session/297431b9b55e935159c974fa74f723b8/refresh - {}
RESULT: {}
COMMAND: GET /session/297431b9b55e935159c974fa74f723b8/screenshot - {}
RESULT: {}
COMMAND: POST /session/297431b9b55e935159c974fa74f723b8/execute/async - {"script":"<script> [189 bytes]","args":[]}
RESULT: {"script":"<script> [189 bytes]","args":[]}
COMMAND: POST /session/297431b9b55e935159c974fa74f723b8/execute/async - {"script":"<script> [123 bytes]","args":[]}
RESULT: {"script":"<script> [123 bytes]","args":[]}
COMMAND: POST /session/297431b9b55e935159c974fa74f723b8/timeouts - {"script":"<number>"}
RESULT: {"script":"<number>"}
COMMAND: GET /session/297431b9b55e935159c974fa74f723b8/timeouts - {}
RESULT: {}
RESULT: undefined
COMMAND: POST /session/297431b9b55e935159c974fa74f723b8/execute/async - {"script":"<script> [2676 bytes]","args":[]}
RESULT: {"script":"<script> [2676 bytes]","args":[]}
COMMAND: POST /session/297431b9b55e935159c974fa74f723b8/execute/async - {"script":"<script> [2342 bytes]","args":[{"protocol":"http","hostname":"0.0.0.0","path":"/","capabilities":{"browserName":"chrome","goog:chromeOptions":{"binary":"C:\\Program Files\\Google\\Chrome\\Application\\chrome.exe","args":["--start-maximized"]}},"logLevel":"warn","connectionRetryTimeout":120000,"connectionRetryCount":3,"logLevels":{},"enableDirectConnect":true,"strictSSL":true,"_":"65 more keys: [\"cacheDir\",\"port\",\"requestedCapabilities\",\"automationProtocol\",\"baseUrl\",\"waitforInterval\",\"waitforTimeout\",\"onReload\",\"beforeCommand\",\"afterCommand\",\"rootDir\",\"specs\",\"suites\",\"exclude\",\"groupLogsByTestSpec\",\"excludeDriverLogs\",\"bail\",\"framework\",\"reporters\",\"services\",\"maxInstances\",\"maxInstancesPerCapability\",\"injectGlobals\",\"filesToWatch\",\"execArgv\",\"runnerEnv\",\"runner\",\"shard\",\"specFileRetries\",\"specFileRetriesDelay\",\"specFileRetriesDeferred\",\"reporterSyncInterval\",\"reporterSyncTimeout\",\"cucumberFeaturesWithLineNumbers\",\"autoCompileOpts\",\"mochaOpts\",\"jasmineOpts\",\"cucumberOpts\",\"onPrepare\",\"onWorkerStart\",\"onWorkerEnd\",\"before\",\"beforeSession\",\"beforeSuite\",\"beforeHook\",\"beforeTest\",\"afterTest\",\"afterHook\",\"afterSuite\",\"afterSession\",\"after\",\"onComplete\",\"beforeAssertion\",\"afterAssertion\",\"beforeFeature\",\"beforeScenario\",\"beforeStep\",\"afterStep\",\"afterScenario\",\"afterFeature\",\"_\",\"suite\",\"$0\",\"ignoredWorkerServices\",\"wdi5\"]"}]}
RESULT: {"script":"<script> [2342 bytes]","args":[{"protocol":"http","hostname":"0.0.0.0","path":"/","capabilities":{"browserName":"chrome","goog:chromeOptions":{"binary":"C:\\Program Files\\Google\\Chrome\\Application\\chrome.exe","args":["--start-maximized"]}},"logLevel":"warn","connectionRetryTimeout":120000,"connectionRetryCount":3,"logLevels":{},"enableDirectConnect":true,"strictSSL":true,"_":"65 more keys: [\"cacheDir\",\"port\",\"requestedCapabilities\",\"automationProtocol\",\"baseUrl\",\"waitforInterval\",\"waitforTimeout\",\"onReload\",\"beforeCommand\",\"afterCommand\",\"rootDir\",\"specs\",\"suites\",\"exclude\",\"groupLogsByTestSpec\",\"excludeDriverLogs\",\"bail\",\"framework\",\"reporters\",\"services\",\"maxInstances\",\"maxInstancesPerCapability\",\"injectGlobals\",\"filesToWatch\",\"execArgv\",\"runnerEnv\",\"runner\",\"shard\",\"specFileRetries\",\"specFileRetriesDelay\",\"specFileRetriesDeferred\",\"reporterSyncInterval\",\"reporterSyncTimeout\",\"cucumberFeaturesWithLineNumbers\",\"autoCompileOpts\",\"mochaOpts\",\"jasmineOpts\",\"cucumberOpts\",\"onPrepare\",\"onWorkerStart\",\"onWorkerEnd\",\"before\",\"beforeSession\",\"beforeSuite\",\"beforeHook\",\"beforeTest\",\"afterTest\",\"afterHook\",\"afterSuite\",\"afterSession\",\"after\",\"onComplete\",\"beforeAssertion\",\"afterAssertion\",\"beforeFeature\",\"beforeScenario\",\"beforeStep\",\"afterStep\",\"afterScenario\",\"afterFeature\",\"_\",\"suite\",\"$0\",\"ignoredWorkerServices\",\"wdi5\"]"}]}
COMMAND: POST /session/297431b9b55e935159c974fa74f723b8/execute/async - {"script":"<script> [21126 bytes]","args":[35000]}
RESULT: {"script":"<script> [21126 bytes]","args":[35000]}
]]></system-out>
    </testcase>
    <testcase classname="chrome.136_0_7103_93.windows.Manage_Requests_Tags_Tests_US120163" name="Should create a new partner" time="89.194">
      <system-out><![CDATA[
COMMAND: POST /session/297431b9b55e935159c974fa74f723b8/execute/async - {"script":"<script> [1562 bytes]","args":[{"selector":{"controlType":"sap.m.GenericTile","properties":{"header":"Manage Partners"}},"wdio_ui5_key":"sapm.GenericTile{\"header\":\"Manage Partners\"}"}]}
RESULT: {"script":"<script> [1562 bytes]","args":[{"selector":{"controlType":"sap.m.GenericTile","properties":{"header":"Manage Partners"}},"wdio_ui5_key":"sapm.GenericTile{\"header\":\"Manage Partners\"}"}]}
RESULT: undefined
COMMAND: POST /session/297431b9b55e935159c974fa74f723b8/element - {"using":"xpath","value":"//*[@id=\"__tile38\"]"}
RESULT: {"using":"xpath","value":"//*[@id=\"__tile38\"]"}
COMMAND: POST /session/297431b9b55e935159c974fa74f723b8/element/f.C07C1F5C83AA57D4527D3CB7EA58C4CE.d.E316B39DB05029D185DF6D9B78D03170.e.1200/click - {}
RESULT: {}
COMMAND: GET /session/297431b9b55e935159c974fa74f723b8/screenshot - {}
RESULT: {}
COMMAND: POST /session/297431b9b55e935159c974fa74f723b8/elements - {"using":"xpath","value":"//span[text()='Error']"}
RESULT: {"using":"xpath","value":"//span[text()='Error']"}
COMMAND: POST /session/297431b9b55e935159c974fa74f723b8/execute/async - {"script":"<script> [1562 bytes]","args":[{"selector":{"controlType":"sap.ui.core.Icon","viewName":"etm.portal.ui.managepartners.view.Master","viewId":"application-managepartners-display-component---masterPtm","properties":{"src":{"regex":{"source":"add"}}}},"wdio_ui5_key":"etmportal.ui.managepartners.view.Mastersap.ui.core.Icon{\"src\":{\"regex\":{\"source\":\"add\"}}}"}]}
RESULT: {"script":"<script> [1562 bytes]","args":[{"selector":{"controlType":"sap.ui.core.Icon","viewName":"etm.portal.ui.managepartners.view.Master","viewId":"application-managepartners-display-component---masterPtm","properties":{"src":{"regex":{"source":"add"}}}},"wdio_ui5_key":"etmportal.ui.managepartners.view.Mastersap.ui.core.Icon{\"src\":{\"regex\":{\"source\":\"add\"}}}"}]}
RESULT: undefined
COMMAND: POST /session/297431b9b55e935159c974fa74f723b8/element - {"using":"xpath","value":"//*[@id=\"__button4-img\"]"}
RESULT: {"using":"xpath","value":"//*[@id=\"__button4-img\"]"}
COMMAND: POST /session/297431b9b55e935159c974fa74f723b8/element/f.C07C1F5C83AA57D4527D3CB7EA58C4CE.d.E316B39DB05029D185DF6D9B78D03170.e.1252/click - {}
RESULT: {}
COMMAND: GET /session/297431b9b55e935159c974fa74f723b8/screenshot - {}
RESULT: {}
COMMAND: POST /session/297431b9b55e935159c974fa74f723b8/execute/async - {"script":"<script> [1562 bytes]","args":[{"selector":{"id":"application-managepartners-display-component---NewPartner--partnerId","interaction":{"idSuffix":"inner"}},"wdio_ui5_key":"applicationmanagepartners-display-component---NewPartner--partnerId"}]}
RESULT: {"script":"<script> [1562 bytes]","args":[{"selector":{"id":"application-managepartners-display-component---NewPartner--partnerId","interaction":{"idSuffix":"inner"}},"wdio_ui5_key":"applicationmanagepartners-display-component---NewPartner--partnerId"}]}
RESULT: undefined
COMMAND: POST /session/297431b9b55e935159c974fa74f723b8/execute/async - {"script":"<script> [1562 bytes]","args":[{"selector":{"id":"application-managepartners-display-component---NewPartner--addressDetailDetailsName1","interaction":{"idSuffix":"inner"}},"wdio_ui5_key":"applicationmanagepartners-display-component---NewPartner--addressDetailDetailsName1"}]}
RESULT: {"script":"<script> [1562 bytes]","args":[{"selector":{"id":"application-managepartners-display-component---NewPartner--addressDetailDetailsName1","interaction":{"idSuffix":"inner"}},"wdio_ui5_key":"applicationmanagepartners-display-component---NewPartner--addressDetailDetailsName1"}]}
RESULT: undefined
COMMAND: POST /session/297431b9b55e935159c974fa74f723b8/execute/async - {"script":"<script> [776 bytes]","args":[{"enterText":"WebdriverPartnerbojoc","selector":{"id":"application-managepartners-display-component---NewPartner--addressDetailDetailsName1","interaction":{"idSuffix":"inner"}},"clearTextFirst":true,"interactionType":"ENTER_TEXT"}]}
RESULT: {"script":"<script> [776 bytes]","args":[{"enterText":"WebdriverPartnerbojoc","selector":{"id":"application-managepartners-display-component---NewPartner--addressDetailDetailsName1","interaction":{"idSuffix":"inner"}},"clearTextFirst":true,"interactionType":"ENTER_TEXT"}]}
COMMAND: POST /session/297431b9b55e935159c974fa74f723b8/execute/async - {"script":"<script> [1562 bytes]","args":[{"selector":{"id":"application-managepartners-display-component---NewPartner--addressDetailDetailsLanguage","interaction":{"idSuffix":"inner"}},"wdio_ui5_key":"applicationmanagepartners-display-component---NewPartner--addressDetailDetailsLanguage"}]}
RESULT: {"script":"<script> [1562 bytes]","args":[{"selector":{"id":"application-managepartners-display-component---NewPartner--addressDetailDetailsLanguage","interaction":{"idSuffix":"inner"}},"wdio_ui5_key":"applicationmanagepartners-display-component---NewPartner--addressDetailDetailsLanguage"}]}
RESULT: undefined
COMMAND: POST /session/297431b9b55e935159c974fa74f723b8/execute/async - {"script":"<script> [776 bytes]","args":[{"enterText":"Romanian","selector":{"id":"application-managepartners-display-component---NewPartner--addressDetailDetailsLanguage","interaction":{"idSuffix":"inner"}},"clearTextFirst":true,"interactionType":"ENTER_TEXT"}]}
RESULT: {"script":"<script> [776 bytes]","args":[{"enterText":"Romanian","selector":{"id":"application-managepartners-display-component---NewPartner--addressDetailDetailsLanguage","interaction":{"idSuffix":"inner"}},"clearTextFirst":true,"interactionType":"ENTER_TEXT"}]}
COMMAND: POST /session/297431b9b55e935159c974fa74f723b8/element - {"using":"xpath","value":"//input[contains(@id ,\"application-managepartners-display-component---NewPartner--addressDetailDetailsName1-inner\")]"}
RESULT: {"using":"xpath","value":"//input[contains(@id ,\"application-managepartners-display-component---NewPartner--addressDetailDetailsName1-inner\")]"}
COMMAND: GET /session/297431b9b55e935159c974fa74f723b8/element/f.C07C1F5C83AA57D4527D3CB7EA58C4CE.d.E316B39DB05029D185DF6D9B78D03170.e.1430/property/value - {}
RESULT: {}
COMMAND: POST /session/297431b9b55e935159c974fa74f723b8/execute/async - {"script":"<script> [1562 bytes]","args":[{"selector":{"id":"application-managepartners-display-component---NewPartner--addressDetailDetailsCity1","interaction":{"idSuffix":"inner"}},"wdio_ui5_key":"applicationmanagepartners-display-component---NewPartner--addressDetailDetailsCity1"}]}
COMMAND: GET /session/297431b9b55e935159c974fa74f723b8/screenshot - {}
RESULT: {"script":"<script> [1562 bytes]","args":[{"selector":{"id":"application-managepartners-display-component---NewPartner--addressDetailDetailsCity1","interaction":{"idSuffix":"inner"}},"wdio_ui5_key":"applicationmanagepartners-display-component---NewPartner--addressDetailDetailsCity1"}]}
RESULT: undefined
COMMAND: POST /session/297431b9b55e935159c974fa74f723b8/execute/async - {"script":"<script> [776 bytes]","args":[{"enterText":"Bucharest","selector":{"id":"application-managepartners-display-component---NewPartner--addressDetailDetailsCity1","interaction":{"idSuffix":"inner"}},"clearTextFirst":true,"interactionType":"ENTER_TEXT"}]}
RESULT: {}
RESULT: {"script":"<script> [776 bytes]","args":[{"enterText":"Bucharest","selector":{"id":"application-managepartners-display-component---NewPartner--addressDetailDetailsCity1","interaction":{"idSuffix":"inner"}},"clearTextFirst":true,"interactionType":"ENTER_TEXT"}]}
COMMAND: POST /session/297431b9b55e935159c974fa74f723b8/execute/async - {"script":"<script> [1562 bytes]","args":[{"selector":{"id":"application-managepartners-display-component---NewPartner--addressDetailDetailsCountry","interaction":{"idSuffix":"inner"}},"wdio_ui5_key":"applicationmanagepartners-display-component---NewPartner--addressDetailDetailsCountry"}]}
RESULT: {"script":"<script> [1562 bytes]","args":[{"selector":{"id":"application-managepartners-display-component---NewPartner--addressDetailDetailsCountry","interaction":{"idSuffix":"inner"}},"wdio_ui5_key":"applicationmanagepartners-display-component---NewPartner--addressDetailDetailsCountry"}]}
RESULT: undefined
COMMAND: POST /session/297431b9b55e935159c974fa74f723b8/execute/async - {"script":"<script> [6424 bytes]","args":[{"element-6066-11e4-a52e-4f735466cecf":"f.C07C1F5C83AA57D4527D3CB7EA58C4CE.d.E316B39DB05029D185DF6D9B78D03170.e.1437"},"setValue",["Romania"]]}
RESULT: {"script":"<script> [6424 bytes]","args":[{"element-6066-11e4-a52e-4f735466cecf":"f.C07C1F5C83AA57D4527D3CB7EA58C4CE.d.E316B39DB05029D185DF6D9B78D03170.e.1437"},"setValue",["Romania"]]}
COMMAND: POST /session/297431b9b55e935159c974fa74f723b8/execute/async - {"script":"<script> [1562 bytes]","args":[{"selector":{"id":"application-managepartners-display-component---NewPartner--partnerDetailInternal","interaction":{"idSuffix":"inner"}},"wdio_ui5_key":"applicationmanagepartners-display-component---NewPartner--partnerDetailInternal"}]}
RESULT: {"script":"<script> [1562 bytes]","args":[{"selector":{"id":"application-managepartners-display-component---NewPartner--partnerDetailInternal","interaction":{"idSuffix":"inner"}},"wdio_ui5_key":"applicationmanagepartners-display-component---NewPartner--partnerDetailInternal"}]}
RESULT: undefined
COMMAND: POST /session/297431b9b55e935159c974fa74f723b8/execute/async - {"script":"<script> [776 bytes]","args":[{"enterText":"External partner","selector":{"id":"application-managepartners-display-component---NewPartner--partnerDetailInternal","interaction":{"idSuffix":"inner"}},"clearTextFirst":true,"interactionType":"ENTER_TEXT"}]}
RESULT: {"script":"<script> [776 bytes]","args":[{"enterText":"External partner","selector":{"id":"application-managepartners-display-component---NewPartner--partnerDetailInternal","interaction":{"idSuffix":"inner"}},"clearTextFirst":true,"interactionType":"ENTER_TEXT"}]}
COMMAND: POST /session/297431b9b55e935159c974fa74f723b8/execute/async - {"script":"<script> [1562 bytes]","args":[{"selector":{"id":"application-managepartners-display-component---NewPartner--partnerDetailsCurrency","interaction":{"idSuffix":"inner"}},"wdio_ui5_key":"applicationmanagepartners-display-component---NewPartner--partnerDetailsCurrency"}]}
RESULT: {"script":"<script> [1562 bytes]","args":[{"selector":{"id":"application-managepartners-display-component---NewPartner--partnerDetailsCurrency","interaction":{"idSuffix":"inner"}},"wdio_ui5_key":"applicationmanagepartners-display-component---NewPartner--partnerDetailsCurrency"}]}
RESULT: undefined
COMMAND: POST /session/297431b9b55e935159c974fa74f723b8/execute/async - {"script":"<script> [776 bytes]","args":[{"enterText":"Euro","selector":{"id":"application-managepartners-display-component---NewPartner--partnerDetailsCurrency","interaction":{"idSuffix":"inner"}},"clearTextFirst":true,"interactionType":"ENTER_TEXT"}]}
RESULT: {"script":"<script> [776 bytes]","args":[{"enterText":"Euro","selector":{"id":"application-managepartners-display-component---NewPartner--partnerDetailsCurrency","interaction":{"idSuffix":"inner"}},"clearTextFirst":true,"interactionType":"ENTER_TEXT"}]}
COMMAND: POST /session/297431b9b55e935159c974fa74f723b8/execute/async - {"script":"<script> [1562 bytes]","args":[{"selector":{"controlType":"sap.m.Button","viewName":"etm.portal.ui.managepartners.view.NewPartner","viewId":"application-managepartners-display-component---NewPartner","properties":{"text":"Commercial"},"interaction":{"idSuffix":"BDI-content"}},"wdio_ui5_key":"etmportal.ui.managepartners.view.NewPartnersap.m.Button{\"text\":\"Commercial\"}"}]}
RESULT: {"script":"<script> [1562 bytes]","args":[{"selector":{"controlType":"sap.m.Button","viewName":"etm.portal.ui.managepartners.view.NewPartner","viewId":"application-managepartners-display-component---NewPartner","properties":{"text":"Commercial"},"interaction":{"idSuffix":"BDI-content"}},"wdio_ui5_key":"etmportal.ui.managepartners.view.NewPartnersap.m.Button{\"text\":\"Commercial\"}"}]}
RESULT: undefined
COMMAND: POST /session/297431b9b55e935159c974fa74f723b8/element - {"using":"xpath","value":"//*[@id=\"application-managepartners-display-component---NewPartner--ObjectPageLayout-anchBar-__section5-anchor\"]"}
RESULT: {"using":"xpath","value":"//*[@id=\"application-managepartners-display-component---NewPartner--ObjectPageLayout-anchBar-__section5-anchor\"]"}
COMMAND: POST /session/297431b9b55e935159c974fa74f723b8/element/f.C07C1F5C83AA57D4527D3CB7EA58C4CE.d.E316B39DB05029D185DF6D9B78D03170.e.1671/click - {}
RESULT: {}
COMMAND: GET /session/297431b9b55e935159c974fa74f723b8/screenshot - {}
RESULT: {}
COMMAND: POST /session/297431b9b55e935159c974fa74f723b8/execute/async - {"script":"<script> [1562 bytes]","args":[{"selector":{"id":"application-managepartners-display-component---NewPartner--btnAddTableRow-img"},"wdio_ui5_key":"applicationmanagepartners-display-component---NewPartner--btnAddTableRow-img"}]}
RESULT: {"script":"<script> [1562 bytes]","args":[{"selector":{"id":"application-managepartners-display-component---NewPartner--btnAddTableRow-img"},"wdio_ui5_key":"applicationmanagepartners-display-component---NewPartner--btnAddTableRow-img"}]}
RESULT: undefined
COMMAND: POST /session/297431b9b55e935159c974fa74f723b8/element - {"using":"xpath","value":"//*[@id=\"application-managepartners-display-component---NewPartner--btnAddTableRow-img\"]"}
RESULT: {"using":"xpath","value":"//*[@id=\"application-managepartners-display-component---NewPartner--btnAddTableRow-img\"]"}
COMMAND: POST /session/297431b9b55e935159c974fa74f723b8/element/f.C07C1F5C83AA57D4527D3CB7EA58C4CE.d.E316B39DB05029D185DF6D9B78D03170.e.1676/click - {}
RESULT: {}
COMMAND: POST /session/297431b9b55e935159c974fa74f723b8/element - {"using":"xpath","value":"//input[contains(@id ,\"application-managepartners-display-component---NewPartner--assignmentYard-application-managepartners-display-component---NewPartner\")]"}
COMMAND: GET /session/297431b9b55e935159c974fa74f723b8/screenshot - {}
RESULT: {"using":"xpath","value":"//input[contains(@id ,\"application-managepartners-display-component---NewPartner--assignmentYard-application-managepartners-display-component---NewPartner\")]"}
COMMAND: POST /session/297431b9b55e935159c974fa74f723b8/element/f.C07C1F5C83AA57D4527D3CB7EA58C4CE.d.E316B39DB05029D185DF6D9B78D03170.e.1681/clear - {}
RESULT: {}
RESULT: {}
COMMAND: POST /session/297431b9b55e935159c974fa74f723b8/element/f.C07C1F5C83AA57D4527D3CB7EA58C4CE.d.E316B39DB05029D185DF6D9B78D03170.e.1681/value - {"text":"WebdriverYardunahk"}
COMMAND: GET /session/297431b9b55e935159c974fa74f723b8/screenshot - {}
RESULT: {"text":"WebdriverYardunahk"}
COMMAND: GET /session/297431b9b55e935159c974fa74f723b8/screenshot - {}
RESULT: {}
RESULT: {}
COMMAND: POST /session/297431b9b55e935159c974fa74f723b8/execute/async - {"script":"<script> [1562 bytes]","args":[{"selector":{"controlType":"sap.m.Button","viewName":"etm.portal.ui.managepartners.view.NewPartner","viewId":"application-managepartners-display-component---NewPartner","i18NText":{"propertyName":"text","key":"save"},"interaction":{"idSuffix":"BDI-content"}},"wdio_ui5_key":"etmportal.ui.managepartners.view.NewPartnersap.m.Button{\"propertyName\":\"text\",\"key\":\"save\"}"}]}
RESULT: {"script":"<script> [1562 bytes]","args":[{"selector":{"controlType":"sap.m.Button","viewName":"etm.portal.ui.managepartners.view.NewPartner","viewId":"application-managepartners-display-component---NewPartner","i18NText":{"propertyName":"text","key":"save"},"interaction":{"idSuffix":"BDI-content"}},"wdio_ui5_key":"etmportal.ui.managepartners.view.NewPartnersap.m.Button{\"propertyName\":\"text\",\"key\":\"save\"}"}]}
RESULT: undefined
COMMAND: POST /session/297431b9b55e935159c974fa74f723b8/element - {"using":"xpath","value":"//*[@id=\"__button12\"]"}
RESULT: {"using":"xpath","value":"//*[@id=\"__button12\"]"}
COMMAND: POST /session/297431b9b55e935159c974fa74f723b8/element/f.C07C1F5C83AA57D4527D3CB7EA58C4CE.d.E316B39DB05029D185DF6D9B78D03170.e.1588/click - {}
RESULT: {}
COMMAND: GET /session/297431b9b55e935159c974fa74f723b8/screenshot - {}
RESULT: {}
COMMAND: POST /session/297431b9b55e935159c974fa74f723b8/element - {"using":"xpath","value":"//header/div/div[2]/div[2]/span"}
RESULT: {"using":"xpath","value":"//header/div/div[2]/div[2]/span"}
COMMAND: GET /session/297431b9b55e935159c974fa74f723b8/element/f.C07C1F5C83AA57D4527D3CB7EA58C4CE.d.E316B39DB05029D185DF6D9B78D03170.e.1852/text - {}
RESULT: {}
COMMAND: POST /session/297431b9b55e935159c974fa74f723b8/element - {"using":"xpath","value":"//header/div/div/div/div/div/div[2]/div/span"}
RESULT: {"using":"xpath","value":"//header/div/div/div/div/div/div[2]/div/span"}
COMMAND: GET /session/297431b9b55e935159c974fa74f723b8/element/f.C07C1F5C83AA57D4527D3CB7EA58C4CE.d.E316B39DB05029D185DF6D9B78D03170.e.1853/text - {}
RESULT: {}
COMMAND: POST /session/297431b9b55e935159c974fa74f723b8/execute/async - {"script":"<script> [1562 bytes]","args":[{"selector":{"id":"application-managepartners-display-component---detailPtm--partnerType"},"wdio_ui5_key":"applicationmanagepartners-display-component---detailPtm--partnerType"}]}
RESULT: {"script":"<script> [1562 bytes]","args":[{"selector":{"id":"application-managepartners-display-component---detailPtm--partnerType"},"wdio_ui5_key":"applicationmanagepartners-display-component---detailPtm--partnerType"}]}
RESULT: undefined
COMMAND: POST /session/297431b9b55e935159c974fa74f723b8/execute/async - {"script":"<script> [6424 bytes]","args":[{"element-6066-11e4-a52e-4f735466cecf":"f.C07C1F5C83AA57D4527D3CB7EA58C4CE.d.E316B39DB05029D185DF6D9B78D03170.e.1854"},"getText",[]]}
RESULT: {"script":"<script> [6424 bytes]","args":[{"element-6066-11e4-a52e-4f735466cecf":"f.C07C1F5C83AA57D4527D3CB7EA58C4CE.d.E316B39DB05029D185DF6D9B78D03170.e.1854"},"getText",[]]}
COMMAND: POST /session/297431b9b55e935159c974fa74f723b8/element - {"using":"css selector","value":"#shell-header-logo"}
RESULT: {"using":"css selector","value":"#shell-header-logo"}
COMMAND: POST /session/297431b9b55e935159c974fa74f723b8/element/f.C07C1F5C83AA57D4527D3CB7EA58C4CE.d.E316B39DB05029D185DF6D9B78D03170.e.1203/click - {}
RESULT: {}
COMMAND: GET /session/297431b9b55e935159c974fa74f723b8/screenshot - {}
RESULT: {}
]]></system-out>
    </testcase>
    <testcase classname="chrome.136_0_7103_93.windows.Manage_Requests_Tags_Tests_US120163" name="Should create a new site" time="97.36">
      <system-out><![CDATA[
COMMAND: POST /session/297431b9b55e935159c974fa74f723b8/execute/async - {"script":"<script> [1562 bytes]","args":[{"selector":{"controlType":"sap.m.GenericTile","properties":{"header":"Manage Sites"}},"wdio_ui5_key":"sapm.GenericTile{\"header\":\"Manage Sites\"}"}]}
RESULT: {"script":"<script> [1562 bytes]","args":[{"selector":{"controlType":"sap.m.GenericTile","properties":{"header":"Manage Sites"}},"wdio_ui5_key":"sapm.GenericTile{\"header\":\"Manage Sites\"}"}]}
RESULT: undefined
COMMAND: POST /session/297431b9b55e935159c974fa74f723b8/element - {"using":"xpath","value":"//*[@id=\"__tile40\"]"}
RESULT: {"using":"xpath","value":"//*[@id=\"__tile40\"]"}
COMMAND: POST /session/297431b9b55e935159c974fa74f723b8/element/f.C07C1F5C83AA57D4527D3CB7EA58C4CE.d.E316B39DB05029D185DF6D9B78D03170.e.1856/click - {}
RESULT: {}
COMMAND: GET /session/297431b9b55e935159c974fa74f723b8/screenshot - {}
RESULT: {}
COMMAND: POST /session/297431b9b55e935159c974fa74f723b8/elements - {"using":"xpath","value":"//span[text()='Error']"}
RESULT: {"using":"xpath","value":"//span[text()='Error']"}
COMMAND: POST /session/297431b9b55e935159c974fa74f723b8/execute/async - {"script":"<script> [1562 bytes]","args":[{"selector":{"controlType":"sap.ui.core.Icon","viewName":"etm.portal.ui.managesites.view.Master","viewId":"application-managesites-display-component---masterSite","properties":{"src":{"regex":{"source":"add"}}}},"wdio_ui5_key":"etmportal.ui.managesites.view.Mastersap.ui.core.Icon{\"src\":{\"regex\":{\"source\":\"add\"}}}"}]}
RESULT: {"script":"<script> [1562 bytes]","args":[{"selector":{"controlType":"sap.ui.core.Icon","viewName":"etm.portal.ui.managesites.view.Master","viewId":"application-managesites-display-component---masterSite","properties":{"src":{"regex":{"source":"add"}}}},"wdio_ui5_key":"etmportal.ui.managesites.view.Mastersap.ui.core.Icon{\"src\":{\"regex\":{\"source\":\"add\"}}}"}]}
RESULT: undefined
COMMAND: POST /session/297431b9b55e935159c974fa74f723b8/element - {"using":"xpath","value":"//*[@id=\"__button48-img\"]"}
RESULT: {"using":"xpath","value":"//*[@id=\"__button48-img\"]"}
COMMAND: POST /session/297431b9b55e935159c974fa74f723b8/element/f.C07C1F5C83AA57D4527D3CB7EA58C4CE.d.E316B39DB05029D185DF6D9B78D03170.e.2004/click - {}
RESULT: {}
COMMAND: POST /session/297431b9b55e935159c974fa74f723b8/execute/async - {"script":"<script> [1562 bytes]","args":[{"selector":{"id":"application-managesites-display-component---NewSite--siteId","interaction":{"idSuffix":"inner"}},"wdio_ui5_key":"applicationmanagesites-display-component---NewSite--siteId"}]}
COMMAND: GET /session/297431b9b55e935159c974fa74f723b8/screenshot - {}
RESULT: {"script":"<script> [1562 bytes]","args":[{"selector":{"id":"application-managesites-display-component---NewSite--siteId","interaction":{"idSuffix":"inner"}},"wdio_ui5_key":"applicationmanagesites-display-component---NewSite--siteId"}]}
RESULT: undefined
COMMAND: POST /session/297431b9b55e935159c974fa74f723b8/execute/async - {"script":"<script> [1562 bytes]","args":[{"selector":{"id":"application-managesites-display-component---NewSite--addressDetailDetailsName1","interaction":{"idSuffix":"inner"}},"wdio_ui5_key":"applicationmanagesites-display-component---NewSite--addressDetailDetailsName1"}]}
RESULT: {}
RESULT: {"script":"<script> [1562 bytes]","args":[{"selector":{"id":"application-managesites-display-component---NewSite--addressDetailDetailsName1","interaction":{"idSuffix":"inner"}},"wdio_ui5_key":"applicationmanagesites-display-component---NewSite--addressDetailDetailsName1"}]}
RESULT: undefined
COMMAND: POST /session/297431b9b55e935159c974fa74f723b8/execute/async - {"script":"<script> [776 bytes]","args":[{"enterText":"WebdriverSitencuow","selector":{"id":"application-managesites-display-component---NewSite--addressDetailDetailsName1","interaction":{"idSuffix":"inner"}},"clearTextFirst":true,"interactionType":"ENTER_TEXT"}]}
RESULT: {"script":"<script> [776 bytes]","args":[{"enterText":"WebdriverSitencuow","selector":{"id":"application-managesites-display-component---NewSite--addressDetailDetailsName1","interaction":{"idSuffix":"inner"}},"clearTextFirst":true,"interactionType":"ENTER_TEXT"}]}
COMMAND: POST /session/297431b9b55e935159c974fa74f723b8/execute/async - {"script":"<script> [1562 bytes]","args":[{"selector":{"id":"application-managesites-display-component---NewSite--addressDetailDetailsLanguage","interaction":{"idSuffix":"inner"}},"wdio_ui5_key":"applicationmanagesites-display-component---NewSite--addressDetailDetailsLanguage"}]}
RESULT: {"script":"<script> [1562 bytes]","args":[{"selector":{"id":"application-managesites-display-component---NewSite--addressDetailDetailsLanguage","interaction":{"idSuffix":"inner"}},"wdio_ui5_key":"applicationmanagesites-display-component---NewSite--addressDetailDetailsLanguage"}]}
RESULT: undefined
COMMAND: POST /session/297431b9b55e935159c974fa74f723b8/execute/async - {"script":"<script> [776 bytes]","args":[{"enterText":"Romanian","selector":{"id":"application-managesites-display-component---NewSite--addressDetailDetailsLanguage","interaction":{"idSuffix":"inner"}},"clearTextFirst":true,"interactionType":"ENTER_TEXT"}]}
RESULT: {"script":"<script> [776 bytes]","args":[{"enterText":"Romanian","selector":{"id":"application-managesites-display-component---NewSite--addressDetailDetailsLanguage","interaction":{"idSuffix":"inner"}},"clearTextFirst":true,"interactionType":"ENTER_TEXT"}]}
COMMAND: POST /session/297431b9b55e935159c974fa74f723b8/execute/async - {"script":"<script> [1562 bytes]","args":[{"selector":{"id":"application-managesites-display-component---NewSite--addressDetailDetailsCity1","interaction":{"idSuffix":"inner"}},"wdio_ui5_key":"applicationmanagesites-display-component---NewSite--addressDetailDetailsCity1"}]}
RESULT: {"script":"<script> [1562 bytes]","args":[{"selector":{"id":"application-managesites-display-component---NewSite--addressDetailDetailsCity1","interaction":{"idSuffix":"inner"}},"wdio_ui5_key":"applicationmanagesites-display-component---NewSite--addressDetailDetailsCity1"}]}
RESULT: undefined
COMMAND: POST /session/297431b9b55e935159c974fa74f723b8/execute/async - {"script":"<script> [776 bytes]","args":[{"enterText":"Bucharest","selector":{"id":"application-managesites-display-component---NewSite--addressDetailDetailsCity1","interaction":{"idSuffix":"inner"}},"clearTextFirst":true,"interactionType":"ENTER_TEXT"}]}
RESULT: {"script":"<script> [776 bytes]","args":[{"enterText":"Bucharest","selector":{"id":"application-managesites-display-component---NewSite--addressDetailDetailsCity1","interaction":{"idSuffix":"inner"}},"clearTextFirst":true,"interactionType":"ENTER_TEXT"}]}
COMMAND: POST /session/297431b9b55e935159c974fa74f723b8/execute/async - {"script":"<script> [1562 bytes]","args":[{"selector":{"id":"application-managesites-display-component---NewSite--addressDetailDetailsCountry","interaction":{"idSuffix":"inner"}},"wdio_ui5_key":"applicationmanagesites-display-component---NewSite--addressDetailDetailsCountry"}]}
RESULT: {"script":"<script> [1562 bytes]","args":[{"selector":{"id":"application-managesites-display-component---NewSite--addressDetailDetailsCountry","interaction":{"idSuffix":"inner"}},"wdio_ui5_key":"applicationmanagesites-display-component---NewSite--addressDetailDetailsCountry"}]}
RESULT: undefined
COMMAND: POST /session/297431b9b55e935159c974fa74f723b8/execute/async - {"script":"<script> [776 bytes]","args":[{"enterText":"Romania","selector":{"id":"application-managesites-display-component---NewSite--addressDetailDetailsCountry","interaction":{"idSuffix":"inner"}},"clearTextFirst":true,"interactionType":"ENTER_TEXT"}]}
RESULT: {"script":"<script> [776 bytes]","args":[{"enterText":"Romania","selector":{"id":"application-managesites-display-component---NewSite--addressDetailDetailsCountry","interaction":{"idSuffix":"inner"}},"clearTextFirst":true,"interactionType":"ENTER_TEXT"}]}
COMMAND: POST /session/297431b9b55e935159c974fa74f723b8/element - {"using":"css selector","value":"#application-managesites-display-component---NewSite--addressDetailDetailsCalendar-inner"}
RESULT: {"using":"css selector","value":"#application-managesites-display-component---NewSite--addressDetailDetailsCalendar-inner"}
COMMAND: POST /session/297431b9b55e935159c974fa74f723b8/element/f.C07C1F5C83AA57D4527D3CB7EA58C4CE.d.E316B39DB05029D185DF6D9B78D03170.e.2242/clear - {}
RESULT: {}
COMMAND: POST /session/297431b9b55e935159c974fa74f723b8/element/f.C07C1F5C83AA57D4527D3CB7EA58C4CE.d.E316B39DB05029D185DF6D9B78D03170.e.2242/value - {"text":"Germany"}
COMMAND: GET /session/297431b9b55e935159c974fa74f723b8/screenshot - {}
RESULT: {"text":"Germany"}
COMMAND: POST /session/297431b9b55e935159c974fa74f723b8/execute/async - {"script":"<script> [1562 bytes]","args":[{"selector":{"id":"application-managesites-display-component---NewSite--addressEditDetailsCostObjectCstType-arrow"},"wdio_ui5_key":"applicationmanagesites-display-component---NewSite--addressEditDetailsCostObjectCstType-arrow"}]}
COMMAND: GET /session/297431b9b55e935159c974fa74f723b8/screenshot - {}
RESULT: {}
RESULT: {"script":"<script> [1562 bytes]","args":[{"selector":{"id":"application-managesites-display-component---NewSite--addressEditDetailsCostObjectCstType-arrow"},"wdio_ui5_key":"applicationmanagesites-display-component---NewSite--addressEditDetailsCostObjectCstType-arrow"}]}
RESULT: undefined
COMMAND: POST /session/297431b9b55e935159c974fa74f723b8/element - {"using":"xpath","value":"//*[@id=\"application-managesites-display-component---NewSite--addressEditDetailsCostObjectCstType-arrow\"]"}
RESULT: {}
RESULT: {"using":"xpath","value":"//*[@id=\"application-managesites-display-component---NewSite--addressEditDetailsCostObjectCstType-arrow\"]"}
COMMAND: POST /session/297431b9b55e935159c974fa74f723b8/element/f.C07C1F5C83AA57D4527D3CB7EA58C4CE.d.E316B39DB05029D185DF6D9B78D03170.e.2438/click - {}
RESULT: {}
COMMAND: POST /session/297431b9b55e935159c974fa74f723b8/element - {"using":"xpath","value":"//span[contains(text(), \"Work Breakdown Structure\")]"}
COMMAND: GET /session/297431b9b55e935159c974fa74f723b8/screenshot - {}
RESULT: {"using":"xpath","value":"//span[contains(text(), \"Work Breakdown Structure\")]"}
COMMAND: POST /session/297431b9b55e935159c974fa74f723b8/element/f.C07C1F5C83AA57D4527D3CB7EA58C4CE.d.E316B39DB05029D185DF6D9B78D03170.e.2439/click - {}
RESULT: {}
RESULT: {}
COMMAND: GET /session/297431b9b55e935159c974fa74f723b8/screenshot - {}
RESULT: {}
COMMAND: POST /session/297431b9b55e935159c974fa74f723b8/execute/async - {"script":"<script> [1562 bytes]","args":[{"selector":{"id":"application-managesites-display-component---NewSite--addressNewCostObjectCstID-vhi"},"wdio_ui5_key":"applicationmanagesites-display-component---NewSite--addressNewCostObjectCstID-vhi"}]}
RESULT: {"script":"<script> [1562 bytes]","args":[{"selector":{"id":"application-managesites-display-component---NewSite--addressNewCostObjectCstID-vhi"},"wdio_ui5_key":"applicationmanagesites-display-component---NewSite--addressNewCostObjectCstID-vhi"}]}
RESULT: undefined
COMMAND: POST /session/297431b9b55e935159c974fa74f723b8/element - {"using":"xpath","value":"//*[@id=\"application-managesites-display-component---NewSite--addressNewCostObjectCstID-vhi\"]"}
RESULT: {"using":"xpath","value":"//*[@id=\"application-managesites-display-component---NewSite--addressNewCostObjectCstID-vhi\"]"}
COMMAND: POST /session/297431b9b55e935159c974fa74f723b8/element/f.C07C1F5C83AA57D4527D3CB7EA58C4CE.d.E316B39DB05029D185DF6D9B78D03170.e.2443/click - {}
RESULT: {}
COMMAND: GET /session/297431b9b55e935159c974fa74f723b8/screenshot - {}
RESULT: {}
COMMAND: POST /session/297431b9b55e935159c974fa74f723b8/execute/async - {"script":"<script> [1562 bytes]","args":[{"selector":{"controlType":"sap.m.SearchField","properties":{"placeholder":"Search"},"searchOpenDialogs":true,"interaction":{"idSuffix":"I"}},"wdio_ui5_key":"sapm.SearchField{\"placeholder\":\"Search\"}"}]}
RESULT: {"script":"<script> [1562 bytes]","args":[{"selector":{"controlType":"sap.m.SearchField","properties":{"placeholder":"Search"},"searchOpenDialogs":true,"interaction":{"idSuffix":"I"}},"wdio_ui5_key":"sapm.SearchField{\"placeholder\":\"Search\"}"}]}
RESULT: undefined
COMMAND: POST /session/297431b9b55e935159c974fa74f723b8/execute/async - {"script":"<script> [776 bytes]","args":[{"enterText":"A1-000100-01","selector":{"controlType":"sap.m.SearchField","properties":{"placeholder":"Search"},"searchOpenDialogs":true,"interaction":{"idSuffix":"I"}},"clearTextFirst":true,"interactionType":"ENTER_TEXT"}]}
RESULT: {"script":"<script> [776 bytes]","args":[{"enterText":"A1-000100-01","selector":{"controlType":"sap.m.SearchField","properties":{"placeholder":"Search"},"searchOpenDialogs":true,"interaction":{"idSuffix":"I"}},"clearTextFirst":true,"interactionType":"ENTER_TEXT"}]}
COMMAND: POST /session/297431b9b55e935159c974fa74f723b8/actions - {"actions":[{"id":"action3","type":"key","parameters":{},"actions":[{"type":"keyDown","value":"î€‡"},{"type":"pause","duration":10},{"type":"keyUp","value":"î€‡"}]}]}
RESULT: {"actions":[{"id":"action3","type":"key","parameters":{},"actions":[{"type":"keyDown","value":"î€‡"},{"type":"pause","duration":10},{"type":"keyUp","value":"î€‡"}]}]}
COMMAND: GET /session/297431b9b55e935159c974fa74f723b8/screenshot - {}
RESULT: {}
COMMAND: POST /session/297431b9b55e935159c974fa74f723b8/element - {"using":"xpath","value":"//span[contains(text(), \"Template for ETO-Process\")]"}
RESULT: {"using":"xpath","value":"//span[contains(text(), \"Template for ETO-Process\")]"}
COMMAND: POST /session/297431b9b55e935159c974fa74f723b8/element/f.C07C1F5C83AA57D4527D3CB7EA58C4CE.d.E316B39DB05029D185DF6D9B78D03170.e.2464/click - {}
RESULT: {}
COMMAND: GET /session/297431b9b55e935159c974fa74f723b8/screenshot - {}
RESULT: {}
COMMAND: POST /session/297431b9b55e935159c974fa74f723b8/element - {"using":"xpath","value":"//bdi[contains(text(), \"OK\")]"}
RESULT: {"using":"xpath","value":"//bdi[contains(text(), \"OK\")]"}
COMMAND: POST /session/297431b9b55e935159c974fa74f723b8/element/f.C07C1F5C83AA57D4527D3CB7EA58C4CE.d.E316B39DB05029D185DF6D9B78D03170.e.2465/click - {}
RESULT: {}
COMMAND: GET /session/297431b9b55e935159c974fa74f723b8/screenshot - {}
RESULT: {}
COMMAND: POST /session/297431b9b55e935159c974fa74f723b8/element - {"using":"xpath","value":"//input[@id=\"application-managesites-display-component---NewSite--addressDetailDetailsYard-inner\"]"}
RESULT: {"using":"xpath","value":"//input[@id=\"application-managesites-display-component---NewSite--addressDetailDetailsYard-inner\"]"}
COMMAND: POST /session/297431b9b55e935159c974fa74f723b8/element/f.C07C1F5C83AA57D4527D3CB7EA58C4CE.d.E316B39DB05029D185DF6D9B78D03170.e.2243/value - {"text":"WebdriverYardunahk"}
RESULT: {"text":"WebdriverYardunahk"}
COMMAND: GET /session/297431b9b55e935159c974fa74f723b8/screenshot - {}
RESULT: {}
COMMAND: POST /session/297431b9b55e935159c974fa74f723b8/actions - {"actions":[{"id":"action4","type":"key","parameters":{},"actions":[{"type":"keyDown","value":"î€‡"},{"type":"pause","duration":10},{"type":"keyUp","value":"î€‡"}]}]}
RESULT: {"actions":[{"id":"action4","type":"key","parameters":{},"actions":[{"type":"keyDown","value":"î€‡"},{"type":"pause","duration":10},{"type":"keyUp","value":"î€‡"}]}]}
COMMAND: GET /session/297431b9b55e935159c974fa74f723b8/screenshot - {}
RESULT: {}
COMMAND: POST /session/297431b9b55e935159c974fa74f723b8/element - {"using":"xpath","value":"//input[@id=\"application-managesites-display-component---NewSite--addressDetailDetailsPartner-inner\"]"}
RESULT: {"using":"xpath","value":"//input[@id=\"application-managesites-display-component---NewSite--addressDetailDetailsPartner-inner\"]"}
COMMAND: POST /session/297431b9b55e935159c974fa74f723b8/elements - {"using":"xpath","value":"//input[@id=\"application-managesites-display-component---NewSite--addressDetailDetailsPartner-inner\"]"}
RESULT: {"using":"xpath","value":"//input[@id=\"application-managesites-display-component---NewSite--addressDetailDetailsPartner-inner\"]"}
COMMAND: POST /session/297431b9b55e935159c974fa74f723b8/execute/async - {"script":"<script> [1562 bytes]","args":[{"selector":{"controlType":"sap.m.Button","viewName":"etm.portal.ui.managesites.view.NewSmartSite","viewId":"application-managesites-display-component---NewSite","properties":{"text":"Commercial"},"interaction":{"idSuffix":"BDI-content"}},"wdio_ui5_key":"etmportal.ui.managesites.view.NewSmartSitesap.m.Button{\"text\":\"Commercial\"}"}]}
RESULT: {"script":"<script> [1562 bytes]","args":[{"selector":{"controlType":"sap.m.Button","viewName":"etm.portal.ui.managesites.view.NewSmartSite","viewId":"application-managesites-display-component---NewSite","properties":{"text":"Commercial"},"interaction":{"idSuffix":"BDI-content"}},"wdio_ui5_key":"etmportal.ui.managesites.view.NewSmartSitesap.m.Button{\"text\":\"Commercial\"}"}]}
RESULT: undefined
COMMAND: POST /session/297431b9b55e935159c974fa74f723b8/element - {"using":"xpath","value":"//*[@id=\"application-managesites-display-component---NewSite--ObjectPageLayout-anchBar-__section29-anchor\"]"}
RESULT: {"using":"xpath","value":"//*[@id=\"application-managesites-display-component---NewSite--ObjectPageLayout-anchBar-__section29-anchor\"]"}
COMMAND: POST /session/297431b9b55e935159c974fa74f723b8/element/f.C07C1F5C83AA57D4527D3CB7EA58C4CE.d.E316B39DB05029D185DF6D9B78D03170.e.2472/click - {}
RESULT: {}
COMMAND: POST /session/297431b9b55e935159c974fa74f723b8/execute/async - {"script":"<script> [1562 bytes]","args":[{"selector":{"controlType":"sap.m.Button","viewName":"etm.portal.ui.managesites.view.NewSmartSite","viewId":"application-managesites-display-component---NewSite","i18NText":{"propertyName":"text","key":"save"},"interaction":{"idSuffix":"BDI-content"}},"wdio_ui5_key":"etmportal.ui.managesites.view.NewSmartSitesap.m.Button{\"propertyName\":\"text\",\"key\":\"save\"}"}]}
COMMAND: GET /session/297431b9b55e935159c974fa74f723b8/screenshot - {}
RESULT: {"script":"<script> [1562 bytes]","args":[{"selector":{"controlType":"sap.m.Button","viewName":"etm.portal.ui.managesites.view.NewSmartSite","viewId":"application-managesites-display-component---NewSite","i18NText":{"propertyName":"text","key":"save"},"interaction":{"idSuffix":"BDI-content"}},"wdio_ui5_key":"etmportal.ui.managesites.view.NewSmartSitesap.m.Button{\"propertyName\":\"text\",\"key\":\"save\"}"}]}
RESULT: undefined
COMMAND: POST /session/297431b9b55e935159c974fa74f723b8/element - {"using":"xpath","value":"//*[@id=\"__button60\"]"}
RESULT: {}
RESULT: {"using":"xpath","value":"//*[@id=\"__button60\"]"}
COMMAND: POST /session/297431b9b55e935159c974fa74f723b8/element/f.C07C1F5C83AA57D4527D3CB7EA58C4CE.d.E316B39DB05029D185DF6D9B78D03170.e.2385/click - {}
RESULT: {}
COMMAND: GET /session/297431b9b55e935159c974fa74f723b8/screenshot - {}
RESULT: {}
COMMAND: POST /session/297431b9b55e935159c974fa74f723b8/execute/async - {"script":"<script> [1562 bytes]","args":[{"selector":{"id":"application-managesites-display-component---detailSite--addressDetailDetailsYardText"},"wdio_ui5_key":"applicationmanagesites-display-component---detailSite--addressDetailDetailsYardText"}]}
RESULT: {"script":"<script> [1562 bytes]","args":[{"selector":{"id":"application-managesites-display-component---detailSite--addressDetailDetailsYardText"},"wdio_ui5_key":"applicationmanagesites-display-component---detailSite--addressDetailDetailsYardText"}]}
RESULT: undefined
COMMAND: POST /session/297431b9b55e935159c974fa74f723b8/element - {"using":"xpath","value":"//header/div/div[2]/div[2]/span"}
RESULT: {"using":"xpath","value":"//header/div/div[2]/div[2]/span"}
COMMAND: GET /session/297431b9b55e935159c974fa74f723b8/element/f.C07C1F5C83AA57D4527D3CB7EA58C4CE.d.E316B39DB05029D185DF6D9B78D03170.e.2676/text - {}
RESULT: {}
COMMAND: POST /session/297431b9b55e935159c974fa74f723b8/element - {"using":"xpath","value":"//header/div/div/div/div/div/div[2]/div/span"}
RESULT: {"using":"xpath","value":"//header/div/div/div/div/div/div[2]/div/span"}
COMMAND: GET /session/297431b9b55e935159c974fa74f723b8/element/f.C07C1F5C83AA57D4527D3CB7EA58C4CE.d.E316B39DB05029D185DF6D9B78D03170.e.2677/text - {}
RESULT: {}
COMMAND: POST /session/297431b9b55e935159c974fa74f723b8/element - {"using":"css selector","value":"#shell-header-logo"}
RESULT: {"using":"css selector","value":"#shell-header-logo"}
COMMAND: POST /session/297431b9b55e935159c974fa74f723b8/element/f.C07C1F5C83AA57D4527D3CB7EA58C4CE.d.E316B39DB05029D185DF6D9B78D03170.e.1859/click - {}
RESULT: {}
COMMAND: GET /session/297431b9b55e935159c974fa74f723b8/screenshot - {}
RESULT: {}
]]></system-out>
    </testcase>
    <testcase classname="chrome.136_0_7103_93.windows.Manage_Requests_Tags_Tests_US120163" name="Should Create New Request Tags" time="216.401">
      <system-out><![CDATA[
COMMAND: POST /session/297431b9b55e935159c974fa74f723b8/execute/async - {"script":"<script> [1562 bytes]","args":[{"selector":{"controlType":"sap.m.GenericTile","properties":{"header":"Manage Requests"}},"wdio_ui5_key":"sapm.GenericTile{\"header\":\"Manage Requests\"}"}]}
RESULT: {"script":"<script> [1562 bytes]","args":[{"selector":{"controlType":"sap.m.GenericTile","properties":{"header":"Manage Requests"}},"wdio_ui5_key":"sapm.GenericTile{\"header\":\"Manage Requests\"}"}]}
RESULT: undefined
COMMAND: POST /session/297431b9b55e935159c974fa74f723b8/element - {"using":"xpath","value":"//*[@id=\"__tile47\"]"}
RESULT: {"using":"xpath","value":"//*[@id=\"__tile47\"]"}
COMMAND: POST /session/297431b9b55e935159c974fa74f723b8/element/f.C07C1F5C83AA57D4527D3CB7EA58C4CE.d.E316B39DB05029D185DF6D9B78D03170.e.2679/click - {}
RESULT: {}
COMMAND: GET /session/297431b9b55e935159c974fa74f723b8/screenshot - {}
RESULT: {}
COMMAND: POST /session/297431b9b55e935159c974fa74f723b8/elements - {"using":"xpath","value":"//span[text()='Error']"}
RESULT: {"using":"xpath","value":"//span[text()='Error']"}
COMMAND: POST /session/297431b9b55e935159c974fa74f723b8/element - {"using":"xpath","value":"//button[contains(@data-kt ,\"btnCreateNewOverflowToolbarButton\")]"}
COMMAND: POST /session/297431b9b55e935159c974fa74f723b8/element - {"using":"xpath","value":"(//span[contains(@class ,\"sapMObjStatusText\")])[1]"}
RESULT: {"using":"xpath","value":"//button[contains(@data-kt ,\"btnCreateNewOverflowToolbarButton\")]"}
COMMAND: POST /session/297431b9b55e935159c974fa74f723b8/element/f.C07C1F5C83AA57D4527D3CB7EA58C4CE.d.E316B39DB05029D185DF6D9B78D03170.e.2735/click - {}
RESULT: {"using":"xpath","value":"(//span[contains(@class ,\"sapMObjStatusText\")])[1]"}
COMMAND: POST /session/297431b9b55e935159c974fa74f723b8/execute/sync - {"script":"<script> [8489 bytes]","args":[{"element-6066-11e4-a52e-4f735466cecf":"f.C07C1F5C83AA57D4527D3CB7EA58C4CE.d.E316B39DB05029D185DF6D9B78D03170.e.2775","ELEMENT":"f.C07C1F5C83AA57D4527D3CB7EA58C4CE.d.E316B39DB05029D185DF6D9B78D03170.e.2775"}]}
RESULT: {}
RESULT: {"script":"<script> [8489 bytes]","args":[{"element-6066-11e4-a52e-4f735466cecf":"f.C07C1F5C83AA57D4527D3CB7EA58C4CE.d.E316B39DB05029D185DF6D9B78D03170.e.2775","ELEMENT":"f.C07C1F5C83AA57D4527D3CB7EA58C4CE.d.E316B39DB05029D185DF6D9B78D03170.e.2775"}]}
COMMAND: GET /session/297431b9b55e935159c974fa74f723b8/screenshot - {}
COMMAND: GET /session/297431b9b55e935159c974fa74f723b8/screenshot - {}
RESULT: {}
RESULT: {}
COMMAND: POST /session/297431b9b55e935159c974fa74f723b8/element - {"using":"xpath","value":"//input[contains(@id ,\"yardId-inner\")]"}
RESULT: {"using":"xpath","value":"//input[contains(@id ,\"yardId-inner\")]"}
COMMAND: POST /session/297431b9b55e935159c974fa74f723b8/execute/sync - {"script":"<script> [8489 bytes]","args":[{"element-6066-11e4-a52e-4f735466cecf":"f.C07C1F5C83AA57D4527D3CB7EA58C4CE.d.E316B39DB05029D185DF6D9B78D03170.e.2859","ELEMENT":"f.C07C1F5C83AA57D4527D3CB7EA58C4CE.d.E316B39DB05029D185DF6D9B78D03170.e.2859"}]}
RESULT: {"script":"<script> [8489 bytes]","args":[{"element-6066-11e4-a52e-4f735466cecf":"f.C07C1F5C83AA57D4527D3CB7EA58C4CE.d.E316B39DB05029D185DF6D9B78D03170.e.2859","ELEMENT":"f.C07C1F5C83AA57D4527D3CB7EA58C4CE.d.E316B39DB05029D185DF6D9B78D03170.e.2859"}]}
COMMAND: POST /session/297431b9b55e935159c974fa74f723b8/element - {"using":"xpath","value":"//input[contains(@id ,\"yardId-inner\")]"}
COMMAND: GET /session/297431b9b55e935159c974fa74f723b8/screenshot - {}
RESULT: {"using":"xpath","value":"//input[contains(@id ,\"yardId-inner\")]"}
COMMAND: GET /session/297431b9b55e935159c974fa74f723b8/element/f.C07C1F5C83AA57D4527D3CB7EA58C4CE.d.E316B39DB05029D185DF6D9B78D03170.e.2859/enabled - {}
RESULT: {}
RESULT: {}
COMMAND: POST /session/297431b9b55e935159c974fa74f723b8/element/f.C07C1F5C83AA57D4527D3CB7EA58C4CE.d.E316B39DB05029D185DF6D9B78D03170.e.2859/clear - {}
COMMAND: GET /session/297431b9b55e935159c974fa74f723b8/screenshot - {}
RESULT: {}
COMMAND: POST /session/297431b9b55e935159c974fa74f723b8/element/f.C07C1F5C83AA57D4527D3CB7EA58C4CE.d.E316B39DB05029D185DF6D9B78D03170.e.2859/value - {"text":"WebdriverYardunahk"}
COMMAND: GET /session/297431b9b55e935159c974fa74f723b8/screenshot - {}
RESULT: {}
RESULT: {"text":"WebdriverYardunahk"}
COMMAND: GET /session/297431b9b55e935159c974fa74f723b8/screenshot - {}
RESULT: {}
RESULT: {}
COMMAND: POST /session/297431b9b55e935159c974fa74f723b8/element - {"using":"xpath","value":"//input[contains(@id ,\"customerNumber-inner\")]"}
RESULT: {"using":"xpath","value":"//input[contains(@id ,\"customerNumber-inner\")]"}
COMMAND: POST /session/297431b9b55e935159c974fa74f723b8/element/f.C07C1F5C83AA57D4527D3CB7EA58C4CE.d.E316B39DB05029D185DF6D9B78D03170.e.2855/value - {"text":"WebdriverPartnerbojoc"}
RESULT: {"text":"WebdriverPartnerbojoc"}
COMMAND: GET /session/297431b9b55e935159c974fa74f723b8/screenshot - {}
COMMAND: POST /session/297431b9b55e935159c974fa74f723b8/actions - {"actions":[{"id":"action5","type":"key","parameters":{},"actions":[{"type":"keyDown","value":"î€‡"},{"type":"pause","duration":10},{"type":"keyUp","value":"î€‡"}]}]}
RESULT: {}
RESULT: {"actions":[{"id":"action5","type":"key","parameters":{},"actions":[{"type":"keyDown","value":"î€‡"},{"type":"pause","duration":10},{"type":"keyUp","value":"î€‡"}]}]}
COMMAND: GET /session/297431b9b55e935159c974fa74f723b8/screenshot - {}
RESULT: {}
COMMAND: POST /session/297431b9b55e935159c974fa74f723b8/element/f.C07C1F5C83AA57D4527D3CB7EA58C4CE.d.E316B39DB05029D185DF6D9B78D03170.e.2859/clear - {}
RESULT: {}
COMMAND: POST /session/297431b9b55e935159c974fa74f723b8/element/f.C07C1F5C83AA57D4527D3CB7EA58C4CE.d.E316B39DB05029D185DF6D9B78D03170.e.2859/clear - {}
COMMAND: GET /session/297431b9b55e935159c974fa74f723b8/screenshot - {}
RESULT: {}
COMMAND: POST /session/297431b9b55e935159c974fa74f723b8/element/f.C07C1F5C83AA57D4527D3CB7EA58C4CE.d.E316B39DB05029D185DF6D9B78D03170.e.2859/value - {"text":"WebdriverYardunahk"}
COMMAND: GET /session/297431b9b55e935159c974fa74f723b8/screenshot - {}
RESULT: {}
RESULT: {"text":"WebdriverYardunahk"}
COMMAND: GET /session/297431b9b55e935159c974fa74f723b8/screenshot - {}
RESULT: {}
RESULT: {}
COMMAND: POST /session/297431b9b55e935159c974fa74f723b8/actions - {"actions":[{"id":"action6","type":"key","parameters":{},"actions":[{"type":"keyDown","value":"î€‡"},{"type":"pause","duration":10},{"type":"keyUp","value":"î€‡"}]}]}
RESULT: {"actions":[{"id":"action6","type":"key","parameters":{},"actions":[{"type":"keyDown","value":"î€‡"},{"type":"pause","duration":10},{"type":"keyUp","value":"î€‡"}]}]}
COMMAND: GET /session/297431b9b55e935159c974fa74f723b8/screenshot - {}
RESULT: {}
COMMAND: GET /session/297431b9b55e935159c974fa74f723b8/element/f.C07C1F5C83AA57D4527D3CB7EA58C4CE.d.E316B39DB05029D185DF6D9B78D03170.e.2855/property/value - {}
RESULT: {}
COMMAND: POST /session/297431b9b55e935159c974fa74f723b8/element/f.C07C1F5C83AA57D4527D3CB7EA58C4CE.d.E316B39DB05029D185DF6D9B78D03170.e.2855/clear - {}
COMMAND: GET /session/297431b9b55e935159c974fa74f723b8/screenshot - {}
RESULT: {}
COMMAND: GET /session/297431b9b55e935159c974fa74f723b8/screenshot - {}
RESULT: {}
RESULT: {}
COMMAND: POST /session/297431b9b55e935159c974fa74f723b8/actions - {"actions":[{"id":"action7","type":"key","parameters":{},"actions":[{"type":"keyDown","value":"î€‡"},{"type":"pause","duration":10},{"type":"keyUp","value":"î€‡"}]}]}
RESULT: {"actions":[{"id":"action7","type":"key","parameters":{},"actions":[{"type":"keyDown","value":"î€‡"},{"type":"pause","duration":10},{"type":"keyUp","value":"î€‡"}]}]}
COMMAND: GET /session/297431b9b55e935159c974fa74f723b8/screenshot - {}
RESULT: {}
COMMAND: POST /session/297431b9b55e935159c974fa74f723b8/element/f.C07C1F5C83AA57D4527D3CB7EA58C4CE.d.E316B39DB05029D185DF6D9B78D03170.e.2855/value - {"text":"WebdriverPartnerbojoc"}
RESULT: {"text":"WebdriverPartnerbojoc"}
COMMAND: GET /session/297431b9b55e935159c974fa74f723b8/screenshot - {}
RESULT: {}
COMMAND: POST /session/297431b9b55e935159c974fa74f723b8/actions - {"actions":[{"id":"action8","type":"key","parameters":{},"actions":[{"type":"keyDown","value":"î€‡"},{"type":"pause","duration":10},{"type":"keyUp","value":"î€‡"}]}]}
RESULT: {"actions":[{"id":"action8","type":"key","parameters":{},"actions":[{"type":"keyDown","value":"î€‡"},{"type":"pause","duration":10},{"type":"keyUp","value":"î€‡"}]}]}
COMMAND: GET /session/297431b9b55e935159c974fa74f723b8/screenshot - {}
RESULT: {}
COMMAND: POST /session/297431b9b55e935159c974fa74f723b8/element - {"using":"xpath","value":"//input[contains(@id ,\"requestSiteId-inner\")]"}
RESULT: {"using":"xpath","value":"//input[contains(@id ,\"requestSiteId-inner\")]"}
COMMAND: POST /session/297431b9b55e935159c974fa74f723b8/element/f.C07C1F5C83AA57D4527D3CB7EA58C4CE.d.E316B39DB05029D185DF6D9B78D03170.e.2854/value - {"text":"WebdriverSitencuow"}
RESULT: {"text":"WebdriverSitencuow"}
COMMAND: GET /session/297431b9b55e935159c974fa74f723b8/screenshot - {}
RESULT: {}
COMMAND: POST /session/297431b9b55e935159c974fa74f723b8/actions - {"actions":[{"id":"action9","type":"key","parameters":{},"actions":[{"type":"keyDown","value":"î€‡"},{"type":"pause","duration":10},{"type":"keyUp","value":"î€‡"}]}]}
RESULT: {"actions":[{"id":"action9","type":"key","parameters":{},"actions":[{"type":"keyDown","value":"î€‡"},{"type":"pause","duration":10},{"type":"keyUp","value":"î€‡"}]}]}
COMMAND: GET /session/297431b9b55e935159c974fa74f723b8/screenshot - {}
RESULT: {}
COMMAND: POST /session/297431b9b55e935159c974fa74f723b8/execute/async - {"script":"<script> [1562 bytes]","args":[{"selector":{"controlType":"sap.m.Input","viewName":"etm.portal.ui.managerequests.view.NewRequest","bindingPath":{"path":"","propertyPath":"/DESCRIPTION","modelName":"oNewRequestModel"},"interaction":{"idSuffix":"inner"}},"wdio_ui5_key":"etmportal.ui.managerequests.view.NewRequestsap.m.Input{\"path\":\"\",\"propertyPath\":\"/DESCRIPTION\",\"modelName\":\"oNewRequestModel\"}"}]}
RESULT: {"script":"<script> [1562 bytes]","args":[{"selector":{"controlType":"sap.m.Input","viewName":"etm.portal.ui.managerequests.view.NewRequest","bindingPath":{"path":"","propertyPath":"/DESCRIPTION","modelName":"oNewRequestModel"},"interaction":{"idSuffix":"inner"}},"wdio_ui5_key":"etmportal.ui.managerequests.view.NewRequestsap.m.Input{\"path\":\"\",\"propertyPath\":\"/DESCRIPTION\",\"modelName\":\"oNewRequestModel\"}"}]}
RESULT: undefined
COMMAND: POST /session/297431b9b55e935159c974fa74f723b8/execute/async - {"script":"<script> [776 bytes]","args":[{"enterText":"Wdi5 Tags Test","selector":{"controlType":"sap.m.Input","viewName":"etm.portal.ui.managerequests.view.NewRequest","bindingPath":{"path":"","propertyPath":"/DESCRIPTION","modelName":"oNewRequestModel"},"interaction":{"idSuffix":"inner"}},"clearTextFirst":true,"interactionType":"ENTER_TEXT"}]}
RESULT: {"script":"<script> [776 bytes]","args":[{"enterText":"Wdi5 Tags Test","selector":{"controlType":"sap.m.Input","viewName":"etm.portal.ui.managerequests.view.NewRequest","bindingPath":{"path":"","propertyPath":"/DESCRIPTION","modelName":"oNewRequestModel"},"interaction":{"idSuffix":"inner"}},"clearTextFirst":true,"interactionType":"ENTER_TEXT"}]}
COMMAND: POST /session/297431b9b55e935159c974fa74f723b8/execute/async - {"script":"<script> [1562 bytes]","args":[{"selector":{"id":"tagInputAdd","viewName":"etm.portal.ui.managerequests.view.NewRequest","interaction":{"idSuffix":"inner"}},"wdio_ui5_key":"tagInputAddetmportal.ui.managerequests.view.NewRequest"}]}
RESULT: {"script":"<script> [1562 bytes]","args":[{"selector":{"id":"tagInputAdd","viewName":"etm.portal.ui.managerequests.view.NewRequest","interaction":{"idSuffix":"inner"}},"wdio_ui5_key":"tagInputAddetmportal.ui.managerequests.view.NewRequest"}]}
RESULT: undefined
COMMAND: POST /session/297431b9b55e935159c974fa74f723b8/execute/async - {"script":"<script> [776 bytes]","args":[{"enterText":"RefTag","selector":{"id":"tagInputAdd","viewName":"etm.portal.ui.managerequests.view.NewRequest","interaction":{"idSuffix":"inner"}},"clearTextFirst":true,"interactionType":"ENTER_TEXT"}]}
RESULT: {"script":"<script> [776 bytes]","args":[{"enterText":"RefTag","selector":{"id":"tagInputAdd","viewName":"etm.portal.ui.managerequests.view.NewRequest","interaction":{"idSuffix":"inner"}},"clearTextFirst":true,"interactionType":"ENTER_TEXT"}]}
COMMAND: POST /session/297431b9b55e935159c974fa74f723b8/actions - {"actions":[{"id":"action10","type":"key","parameters":{},"actions":[{"type":"keyDown","value":"î€‡"},{"type":"pause","duration":10},{"type":"keyUp","value":"î€‡"}]}]}
RESULT: {"actions":[{"id":"action10","type":"key","parameters":{},"actions":[{"type":"keyDown","value":"î€‡"},{"type":"pause","duration":10},{"type":"keyUp","value":"î€‡"}]}]}
COMMAND: GET /session/297431b9b55e935159c974fa74f723b8/screenshot - {}
RESULT: {}
RESULT: undefined
COMMAND: POST /session/297431b9b55e935159c974fa74f723b8/execute/async - {"script":"<script> [776 bytes]","args":[{"enterText":"tag-header","selector":{"id":"tagInputAdd","viewName":"etm.portal.ui.managerequests.view.NewRequest","interaction":{"idSuffix":"inner"}},"clearTextFirst":true,"interactionType":"ENTER_TEXT"}]}
RESULT: {"script":"<script> [776 bytes]","args":[{"enterText":"tag-header","selector":{"id":"tagInputAdd","viewName":"etm.portal.ui.managerequests.view.NewRequest","interaction":{"idSuffix":"inner"}},"clearTextFirst":true,"interactionType":"ENTER_TEXT"}]}
COMMAND: POST /session/297431b9b55e935159c974fa74f723b8/actions - {"actions":[{"id":"action11","type":"key","parameters":{},"actions":[{"type":"keyDown","value":"î€‡"},{"type":"pause","duration":10},{"type":"keyUp","value":"î€‡"}]}]}
RESULT: {"actions":[{"id":"action11","type":"key","parameters":{},"actions":[{"type":"keyDown","value":"î€‡"},{"type":"pause","duration":10},{"type":"keyUp","value":"î€‡"}]}]}
COMMAND: GET /session/297431b9b55e935159c974fa74f723b8/screenshot - {}
RESULT: {}
RESULT: undefined
COMMAND: POST /session/297431b9b55e935159c974fa74f723b8/execute/async - {"script":"<script> [776 bytes]","args":[{"enterText":"tag-duplicate","selector":{"id":"tagInputAdd","viewName":"etm.portal.ui.managerequests.view.NewRequest","interaction":{"idSuffix":"inner"}},"clearTextFirst":true,"interactionType":"ENTER_TEXT"}]}
RESULT: {"script":"<script> [776 bytes]","args":[{"enterText":"tag-duplicate","selector":{"id":"tagInputAdd","viewName":"etm.portal.ui.managerequests.view.NewRequest","interaction":{"idSuffix":"inner"}},"clearTextFirst":true,"interactionType":"ENTER_TEXT"}]}
COMMAND: POST /session/297431b9b55e935159c974fa74f723b8/actions - {"actions":[{"id":"action12","type":"key","parameters":{},"actions":[{"type":"keyDown","value":"î€‡"},{"type":"pause","duration":10},{"type":"keyUp","value":"î€‡"}]}]}
RESULT: {"actions":[{"id":"action12","type":"key","parameters":{},"actions":[{"type":"keyDown","value":"î€‡"},{"type":"pause","duration":10},{"type":"keyUp","value":"î€‡"}]}]}
COMMAND: GET /session/297431b9b55e935159c974fa74f723b8/screenshot - {}
RESULT: {}
COMMAND: POST /session/297431b9b55e935159c974fa74f723b8/execute/async - {"script":"<script> [1562 bytes]","args":[{"selector":{"id":"tagsLayoutAdd","viewName":"etm.portal.ui.managerequests.view.NewRequest"},"wdio_ui5_key":"tagsLayoutAddetmportal.ui.managerequests.view.NewRequest"}]}
RESULT: {"script":"<script> [1562 bytes]","args":[{"selector":{"id":"tagsLayoutAdd","viewName":"etm.portal.ui.managerequests.view.NewRequest"},"wdio_ui5_key":"tagsLayoutAddetmportal.ui.managerequests.view.NewRequest"}]}
RESULT: undefined
COMMAND: POST /session/297431b9b55e935159c974fa74f723b8/execute/async - {"script":"<script> [6424 bytes]","args":[{"element-6066-11e4-a52e-4f735466cecf":"f.C07C1F5C83AA57D4527D3CB7EA58C4CE.d.E316B39DB05029D185DF6D9B78D03170.e.3014"},"getTokens",[]]}
RESULT: {"script":"<script> [6424 bytes]","args":[{"element-6066-11e4-a52e-4f735466cecf":"f.C07C1F5C83AA57D4527D3CB7EA58C4CE.d.E316B39DB05029D185DF6D9B78D03170.e.3014"},"getTokens",[]]}
COMMAND: POST /session/297431b9b55e935159c974fa74f723b8/execute/async - {"script":"<script> [1562 bytes]","args":[{"wdio_ui5_key":"__token9","selector":{"id":"__token9"}}]}
COMMAND: POST /session/297431b9b55e935159c974fa74f723b8/execute/async - {"script":"<script> [1562 bytes]","args":[{"wdio_ui5_key":"__token10","selector":{"id":"__token10"}}]}
COMMAND: POST /session/297431b9b55e935159c974fa74f723b8/execute/async - {"script":"<script> [1562 bytes]","args":[{"wdio_ui5_key":"__token8","selector":{"id":"__token8"}}]}
RESULT: {"script":"<script> [1562 bytes]","args":[{"wdio_ui5_key":"__token8","selector":{"id":"__token8"}}]}
RESULT: undefined
RESULT: {"script":"<script> [1562 bytes]","args":[{"wdio_ui5_key":"__token10","selector":{"id":"__token10"}}]}
RESULT: undefined
RESULT: {"script":"<script> [1562 bytes]","args":[{"wdio_ui5_key":"__token9","selector":{"id":"__token9"}}]}
RESULT: undefined
COMMAND: POST /session/297431b9b55e935159c974fa74f723b8/execute/async - {"script":"<script> [1562 bytes]","args":[{"selector":{"controlType":"sap.ui.core.Icon","viewName":"etm.portal.ui.managerequests.view.NewRequest","properties":{"src":{"regex":{"source":"decline"}}},"ancestor":{"controlType":"sap.m.Token","viewName":"etm.portal.ui.managerequests.view.NewRequest","properties":{"text":"tag-duplicate"}}},"wdio_ui5_key":"etmportal.ui.managerequests.view.NewRequestsap.ui.core.Icon{\"src\":{\"regex\":{\"source\":\"decline\"}}}{\"controlType\":\"sap.m.Token\",\"viewName\":\"etm.portal.ui.managerequests.view.NewRequest\",\"properties\":{\"text\":\"tag-duplicate\"}}"}]}
RESULT: {"script":"<script> [1562 bytes]","args":[{"selector":{"controlType":"sap.ui.core.Icon","viewName":"etm.portal.ui.managerequests.view.NewRequest","properties":{"src":{"regex":{"source":"decline"}}},"ancestor":{"controlType":"sap.m.Token","viewName":"etm.portal.ui.managerequests.view.NewRequest","properties":{"text":"tag-duplicate"}}},"wdio_ui5_key":"etmportal.ui.managerequests.view.NewRequestsap.ui.core.Icon{\"src\":{\"regex\":{\"source\":\"decline\"}}}{\"controlType\":\"sap.m.Token\",\"viewName\":\"etm.portal.ui.managerequests.view.NewRequest\",\"properties\":{\"text\":\"tag-duplicate\"}}"}]}
RESULT: undefined
COMMAND: POST /session/297431b9b55e935159c974fa74f723b8/element - {"using":"xpath","value":"//*[@id=\"__token10-icon\"]"}
RESULT: {"using":"xpath","value":"//*[@id=\"__token10-icon\"]"}
COMMAND: POST /session/297431b9b55e935159c974fa74f723b8/element/f.C07C1F5C83AA57D4527D3CB7EA58C4CE.d.E316B39DB05029D185DF6D9B78D03170.e.3047/click - {}
RESULT: {}
COMMAND: POST /session/297431b9b55e935159c974fa74f723b8/execute/async - {"script":"<script> [1562 bytes]","args":[{"selector":{"controlType":"sap.ui.core.Icon","viewName":"etm.portal.ui.managerequests.view.NewRequest","properties":{"src":{"regex":{"source":"decline"}}},"ancestor":{"controlType":"sap.m.Token","viewName":"etm.portal.ui.managerequests.view.NewRequest","properties":{"text":"tag1"}}},"wdio_ui5_key":"etmportal.ui.managerequests.view.NewRequestsap.ui.core.Icon{\"src\":{\"regex\":{\"source\":\"decline\"}}}{\"controlType\":\"sap.m.Token\",\"viewName\":\"etm.portal.ui.managerequests.view.NewRequest\",\"properties\":{\"text\":\"tag1\"}}"}]}
COMMAND: GET /session/297431b9b55e935159c974fa74f723b8/screenshot - {}
RESULT: {"script":"<script> [1562 bytes]","args":[{"selector":{"controlType":"sap.ui.core.Icon","viewName":"etm.portal.ui.managerequests.view.NewRequest","properties":{"src":{"regex":{"source":"decline"}}},"ancestor":{"controlType":"sap.m.Token","viewName":"etm.portal.ui.managerequests.view.NewRequest","properties":{"text":"tag1"}}},"wdio_ui5_key":"etmportal.ui.managerequests.view.NewRequestsap.ui.core.Icon{\"src\":{\"regex\":{\"source\":\"decline\"}}}{\"controlType\":\"sap.m.Token\",\"viewName\":\"etm.portal.ui.managerequests.view.NewRequest\",\"properties\":{\"text\":\"tag1\"}}"}]}
RESULT: undefined
RESULT: {}
COMMAND: POST /session/297431b9b55e935159c974fa74f723b8/actions - {"actions":[{"id":"action13","type":"key","parameters":{},"actions":[{"type":"keyDown","value":"î€Œ"},{"type":"pause","duration":10},{"type":"keyUp","value":"î€Œ"}]}]}
RESULT: {"actions":[{"id":"action13","type":"key","parameters":{},"actions":[{"type":"keyDown","value":"î€Œ"},{"type":"pause","duration":10},{"type":"keyUp","value":"î€Œ"}]}]}
COMMAND: GET /session/297431b9b55e935159c974fa74f723b8/screenshot - {}
RESULT: {}
RESULT: undefined
COMMAND: POST /session/297431b9b55e935159c974fa74f723b8/execute/async - {"script":"<script> [6424 bytes]","args":[{"element-6066-11e4-a52e-4f735466cecf":"f.C07C1F5C83AA57D4527D3CB7EA58C4CE.d.E316B39DB05029D185DF6D9B78D03170.e.3014"},"getTokens",[]]}
RESULT: {"script":"<script> [6424 bytes]","args":[{"element-6066-11e4-a52e-4f735466cecf":"f.C07C1F5C83AA57D4527D3CB7EA58C4CE.d.E316B39DB05029D185DF6D9B78D03170.e.3014"},"getTokens",[]]}
RESULT: undefined
RESULT: undefined
COMMAND: POST /session/297431b9b55e935159c974fa74f723b8/execute/async - {"script":"<script> [1562 bytes]","args":[{"selector":{"controlType":"sap.m.Button","viewName":"etm.portal.ui.managerequests.view.NewRequest","properties":{"text":"Items"},"interaction":{"idSuffix":"BDI-content"}},"wdio_ui5_key":"etmportal.ui.managerequests.view.NewRequestsap.m.Button{\"text\":\"Items\"}"}]}
RESULT: {"script":"<script> [1562 bytes]","args":[{"selector":{"controlType":"sap.m.Button","viewName":"etm.portal.ui.managerequests.view.NewRequest","properties":{"text":"Items"},"interaction":{"idSuffix":"BDI-content"}},"wdio_ui5_key":"etmportal.ui.managerequests.view.NewRequestsap.m.Button{\"text\":\"Items\"}"}]}
RESULT: undefined
COMMAND: POST /session/297431b9b55e935159c974fa74f723b8/element - {"using":"xpath","value":"//*[@id=\"__xmlview59--newRequestPage-anchBar-__xmlview59--requestItemsSection-anchor\"]"}
RESULT: {"using":"xpath","value":"//*[@id=\"__xmlview59--newRequestPage-anchBar-__xmlview59--requestItemsSection-anchor\"]"}
COMMAND: POST /session/297431b9b55e935159c974fa74f723b8/element/f.C07C1F5C83AA57D4527D3CB7EA58C4CE.d.E316B39DB05029D185DF6D9B78D03170.e.3056/click - {}
RESULT: {}
COMMAND: GET /session/297431b9b55e935159c974fa74f723b8/screenshot - {}
RESULT: {}
COMMAND: POST /session/297431b9b55e935159c974fa74f723b8/execute/async - {"script":"<script> [1562 bytes]","args":[{"selector":{"controlType":"sap.ui.core.Icon","viewName":"etm.portal.ui.managerequests.view.NewRequest","properties":{"src":{"regex":{"source":"inspect"}}}},"wdio_ui5_key":"etmportal.ui.managerequests.view.NewRequestsap.ui.core.Icon{\"src\":{\"regex\":{\"source\":\"inspect\"}}}"}]}
RESULT: {"script":"<script> [1562 bytes]","args":[{"selector":{"controlType":"sap.ui.core.Icon","viewName":"etm.portal.ui.managerequests.view.NewRequest","properties":{"src":{"regex":{"source":"inspect"}}}},"wdio_ui5_key":"etmportal.ui.managerequests.view.NewRequestsap.ui.core.Icon{\"src\":{\"regex\":{\"source\":\"inspect\"}}}"}]}
RESULT: undefined
COMMAND: POST /session/297431b9b55e935159c974fa74f723b8/element - {"using":"xpath","value":"//*[@id=\"__button106-img\"]"}
RESULT: {"using":"xpath","value":"//*[@id=\"__button106-img\"]"}
COMMAND: POST /session/297431b9b55e935159c974fa74f723b8/element/f.C07C1F5C83AA57D4527D3CB7EA58C4CE.d.E316B39DB05029D185DF6D9B78D03170.e.3060/click - {}
RESULT: {}
COMMAND: GET /session/297431b9b55e935159c974fa74f723b8/screenshot - {}
RESULT: {}
COMMAND: POST /session/297431b9b55e935159c974fa74f723b8/execute/async - {"script":"<script> [1562 bytes]","args":[{"selector":{"controlType":"sap.ui.core.Icon","viewName":"etm.portal.ui.managerequests.view.NewRequest","properties":{"src":{"regex":{"source":"add"}}}},"wdio_ui5_key":"etmportal.ui.managerequests.view.NewRequestsap.ui.core.Icon{\"src\":{\"regex\":{\"source\":\"add\"}}}"}]}
RESULT: {"script":"<script> [1562 bytes]","args":[{"selector":{"controlType":"sap.ui.core.Icon","viewName":"etm.portal.ui.managerequests.view.NewRequest","properties":{"src":{"regex":{"source":"add"}}}},"wdio_ui5_key":"etmportal.ui.managerequests.view.NewRequestsap.ui.core.Icon{\"src\":{\"regex\":{\"source\":\"add\"}}}"}]}
RESULT: undefined
COMMAND: POST /session/297431b9b55e935159c974fa74f723b8/element - {"using":"xpath","value":"//*[@id=\"__xmlview59--btnAddTableRow-img\"]"}
RESULT: {"using":"xpath","value":"//*[@id=\"__xmlview59--btnAddTableRow-img\"]"}
COMMAND: POST /session/297431b9b55e935159c974fa74f723b8/element/f.C07C1F5C83AA57D4527D3CB7EA58C4CE.d.E316B39DB05029D185DF6D9B78D03170.e.3068/click - {}
RESULT: {}
COMMAND: GET /session/297431b9b55e935159c974fa74f723b8/screenshot - {}
RESULT: {}
COMMAND: POST /session/297431b9b55e935159c974fa74f723b8/execute/async - {"script":"<script> [1562 bytes]","args":[{"selector":{"controlType":"sap.ui.unified.MenuItem","viewName":"etm.portal.ui.managerequests.view.NewRequest","i18NText":{"propertyName":"text","key":"standardEntry"},"searchOpenDialogs":true,"interaction":{"idSuffix":"txt"}},"wdio_ui5_key":"etmportal.ui.managerequests.view.NewRequestsap.ui.unified.MenuItem{\"propertyName\":\"text\",\"key\":\"standardEntry\"}"}]}
RESULT: {"script":"<script> [1562 bytes]","args":[{"selector":{"controlType":"sap.ui.unified.MenuItem","viewName":"etm.portal.ui.managerequests.view.NewRequest","i18NText":{"propertyName":"text","key":"standardEntry"},"searchOpenDialogs":true,"interaction":{"idSuffix":"txt"}},"wdio_ui5_key":"etmportal.ui.managerequests.view.NewRequestsap.ui.unified.MenuItem{\"propertyName\":\"text\",\"key\":\"standardEntry\"}"}]}
RESULT: undefined
COMMAND: POST /session/297431b9b55e935159c974fa74f723b8/element - {"using":"xpath","value":"//*[@id=\"__item1326\"]"}
RESULT: {"using":"xpath","value":"//*[@id=\"__item1326\"]"}
COMMAND: POST /session/297431b9b55e935159c974fa74f723b8/element/f.C07C1F5C83AA57D4527D3CB7EA58C4CE.d.E316B39DB05029D185DF6D9B78D03170.e.3071/click - {}
RESULT: {}
COMMAND: GET /session/297431b9b55e935159c974fa74f723b8/screenshot - {}
RESULT: {}
RESULT: undefined
COMMAND: POST /session/297431b9b55e935159c974fa74f723b8/element - {"using":"xpath","value":"//*[@id=\"__xmlview59--btnAddTableRow-img\"]"}
RESULT: {"using":"xpath","value":"//*[@id=\"__xmlview59--btnAddTableRow-img\"]"}
COMMAND: POST /session/297431b9b55e935159c974fa74f723b8/element/f.C07C1F5C83AA57D4527D3CB7EA58C4CE.d.E316B39DB05029D185DF6D9B78D03170.e.3068/click - {}
RESULT: {}
COMMAND: GET /session/297431b9b55e935159c974fa74f723b8/screenshot - {}
RESULT: {}
RESULT: undefined
COMMAND: POST /session/297431b9b55e935159c974fa74f723b8/element - {"using":"xpath","value":"//*[@id=\"__item1326\"]"}
RESULT: {"using":"xpath","value":"//*[@id=\"__item1326\"]"}
COMMAND: POST /session/297431b9b55e935159c974fa74f723b8/element/f.C07C1F5C83AA57D4527D3CB7EA58C4CE.d.E316B39DB05029D185DF6D9B78D03170.e.3086/click - {}
RESULT: {}
COMMAND: GET /session/297431b9b55e935159c974fa74f723b8/screenshot - {}
RESULT: {}
COMMAND: POST /session/297431b9b55e935159c974fa74f723b8/element - {"using":"xpath","value":"(//input[contains(@id ,\"requestItemsTable-0-inner\")])[5]"}
RESULT: {"using":"xpath","value":"(//input[contains(@id ,\"requestItemsTable-0-inner\")])[5]"}
COMMAND: POST /session/297431b9b55e935159c974fa74f723b8/element/f.C07C1F5C83AA57D4527D3CB7EA58C4CE.d.E316B39DB05029D185DF6D9B78D03170.e.3077/clear - {}
RESULT: {}
COMMAND: POST /session/297431b9b55e935159c974fa74f723b8/element/f.C07C1F5C83AA57D4527D3CB7EA58C4CE.d.E316B39DB05029D185DF6D9B78D03170.e.3077/value - {"text":"1000001"}
COMMAND: GET /session/297431b9b55e935159c974fa74f723b8/screenshot - {}
RESULT: {"text":"1000001"}
COMMAND: GET /session/297431b9b55e935159c974fa74f723b8/screenshot - {}
RESULT: {}
RESULT: {}
COMMAND: POST /session/297431b9b55e935159c974fa74f723b8/actions - {"actions":[{"id":"action14","type":"key","parameters":{},"actions":[{"type":"keyDown","value":"î€‡"},{"type":"pause","duration":10},{"type":"keyUp","value":"î€‡"}]}]}
RESULT: {"actions":[{"id":"action14","type":"key","parameters":{},"actions":[{"type":"keyDown","value":"î€‡"},{"type":"pause","duration":10},{"type":"keyUp","value":"î€‡"}]}]}
COMMAND: POST /session/297431b9b55e935159c974fa74f723b8/element - {"using":"xpath","value":"(//input[contains(@id ,\"requestItemsTable-1-inner\")])[5]"}
COMMAND: GET /session/297431b9b55e935159c974fa74f723b8/screenshot - {}
RESULT: {"using":"xpath","value":"(//input[contains(@id ,\"requestItemsTable-1-inner\")])[5]"}
COMMAND: POST /session/297431b9b55e935159c974fa74f723b8/element/f.C07C1F5C83AA57D4527D3CB7EA58C4CE.d.E316B39DB05029D185DF6D9B78D03170.e.3092/clear - {}
RESULT: {}
RESULT: {}
COMMAND: POST /session/297431b9b55e935159c974fa74f723b8/element/f.C07C1F5C83AA57D4527D3CB7EA58C4CE.d.E316B39DB05029D185DF6D9B78D03170.e.3092/value - {"text":"1000002"}
COMMAND: GET /session/297431b9b55e935159c974fa74f723b8/screenshot - {}
RESULT: {"text":"1000002"}
COMMAND: GET /session/297431b9b55e935159c974fa74f723b8/screenshot - {}
RESULT: {}
RESULT: {}
COMMAND: POST /session/297431b9b55e935159c974fa74f723b8/actions - {"actions":[{"id":"action15","type":"key","parameters":{},"actions":[{"type":"keyDown","value":"î€‡"},{"type":"pause","duration":10},{"type":"keyUp","value":"î€‡"}]}]}
RESULT: {"actions":[{"id":"action15","type":"key","parameters":{},"actions":[{"type":"keyDown","value":"î€‡"},{"type":"pause","duration":10},{"type":"keyUp","value":"î€‡"}]}]}
COMMAND: POST /session/297431b9b55e935159c974fa74f723b8/execute/async - {"script":"<script> [1562 bytes]","args":[{"selector":{"controlType":"sap.m.Input","viewName":"etm.portal.ui.managerequests.view.NewRequest","bindingPath":{"path":"","propertyPath":"/Tags","modelName":"catalogModel"},"ancestor":{"controlType":"sap.m.ColumnListItem","viewName":"etm.portal.ui.managerequests.view.NewRequest","bindingPath":{"modelName":"newRequestItems","path":"/RequestItems/0"},"ancestor":{"id":"requestItemsTable","viewName":"etm.portal.ui.managerequests.view.NewRequest"}},"interaction":{"idSuffix":"inner"}},"wdio_ui5_key":"etmportal.ui.managerequests.view.NewRequestsap.m.Input{\"path\":\"\",\"propertyPath\":\"/Tags\",\"modelName\":\"catalogModel\"}{\"controlType\":\"sap.m.ColumnListItem\",\"viewName\":\"etm.portal.ui.managerequests.view.NewRequest\",\"bindingPath\":{\"modelName\":\"newRequestItems\",\"path\":\"/RequestItems/0\"},\"ancestor\":{\"id\":\"requestItemsTable\",\"viewName\":\"etm.portal.ui.managerequests.view.NewRequest\"}}"}]}
COMMAND: GET /session/297431b9b55e935159c974fa74f723b8/screenshot - {}
RESULT: {"script":"<script> [1562 bytes]","args":[{"selector":{"controlType":"sap.m.Input","viewName":"etm.portal.ui.managerequests.view.NewRequest","bindingPath":{"path":"","propertyPath":"/Tags","modelName":"catalogModel"},"ancestor":{"controlType":"sap.m.ColumnListItem","viewName":"etm.portal.ui.managerequests.view.NewRequest","bindingPath":{"modelName":"newRequestItems","path":"/RequestItems/0"},"ancestor":{"id":"requestItemsTable","viewName":"etm.portal.ui.managerequests.view.NewRequest"}},"interaction":{"idSuffix":"inner"}},"wdio_ui5_key":"etmportal.ui.managerequests.view.NewRequestsap.m.Input{\"path\":\"\",\"propertyPath\":\"/Tags\",\"modelName\":\"catalogModel\"}{\"controlType\":\"sap.m.ColumnListItem\",\"viewName\":\"etm.portal.ui.managerequests.view.NewRequest\",\"bindingPath\":{\"modelName\":\"newRequestItems\",\"path\":\"/RequestItems/0\"},\"ancestor\":{\"id\":\"requestItemsTable\",\"viewName\":\"etm.portal.ui.managerequests.view.NewRequest\"}}"}]}
RESULT: undefined
COMMAND: POST /session/297431b9b55e935159c974fa74f723b8/execute/async - {"script":"<script> [776 bytes]","args":[{"enterText":"tag1","selector":{"controlType":"sap.m.Input","viewName":"etm.portal.ui.managerequests.view.NewRequest","bindingPath":{"path":"","propertyPath":"/Tags","modelName":"catalogModel"},"ancestor":{"controlType":"sap.m.ColumnListItem","viewName":"etm.portal.ui.managerequests.view.NewRequest","bindingPath":{"modelName":"newRequestItems","path":"/RequestItems/0"},"ancestor":{"id":"requestItemsTable","viewName":"etm.portal.ui.managerequests.view.NewRequest"}},"interaction":{"idSuffix":"inner"}},"clearTextFirst":true,"interactionType":"ENTER_TEXT"}]}
RESULT: {}
RESULT: {"script":"<script> [776 bytes]","args":[{"enterText":"tag1","selector":{"controlType":"sap.m.Input","viewName":"etm.portal.ui.managerequests.view.NewRequest","bindingPath":{"path":"","propertyPath":"/Tags","modelName":"catalogModel"},"ancestor":{"controlType":"sap.m.ColumnListItem","viewName":"etm.portal.ui.managerequests.view.NewRequest","bindingPath":{"modelName":"newRequestItems","path":"/RequestItems/0"},"ancestor":{"id":"requestItemsTable","viewName":"etm.portal.ui.managerequests.view.NewRequest"}},"interaction":{"idSuffix":"inner"}},"clearTextFirst":true,"interactionType":"ENTER_TEXT"}]}
COMMAND: POST /session/297431b9b55e935159c974fa74f723b8/actions - {"actions":[{"id":"action16","type":"key","parameters":{},"actions":[{"type":"keyDown","value":"î€‡"},{"type":"pause","duration":10},{"type":"keyUp","value":"î€‡"}]}]}
RESULT: {"actions":[{"id":"action16","type":"key","parameters":{},"actions":[{"type":"keyDown","value":"î€‡"},{"type":"pause","duration":10},{"type":"keyUp","value":"î€‡"}]}]}
RESULT: undefined
COMMAND: POST /session/297431b9b55e935159c974fa74f723b8/execute/async - {"script":"<script> [776 bytes]","args":[{"enterText":"tag-duplicate","selector":{"controlType":"sap.m.Input","viewName":"etm.portal.ui.managerequests.view.NewRequest","bindingPath":{"path":"","propertyPath":"/Tags","modelName":"catalogModel"},"ancestor":{"controlType":"sap.m.ColumnListItem","viewName":"etm.portal.ui.managerequests.view.NewRequest","bindingPath":{"modelName":"newRequestItems","path":"/RequestItems/0"},"ancestor":{"id":"requestItemsTable","viewName":"etm.portal.ui.managerequests.view.NewRequest"}},"interaction":{"idSuffix":"inner"}},"clearTextFirst":true,"interactionType":"ENTER_TEXT"}]}
COMMAND: GET /session/297431b9b55e935159c974fa74f723b8/screenshot - {}
RESULT: {"script":"<script> [776 bytes]","args":[{"enterText":"tag-duplicate","selector":{"controlType":"sap.m.Input","viewName":"etm.portal.ui.managerequests.view.NewRequest","bindingPath":{"path":"","propertyPath":"/Tags","modelName":"catalogModel"},"ancestor":{"controlType":"sap.m.ColumnListItem","viewName":"etm.portal.ui.managerequests.view.NewRequest","bindingPath":{"modelName":"newRequestItems","path":"/RequestItems/0"},"ancestor":{"id":"requestItemsTable","viewName":"etm.portal.ui.managerequests.view.NewRequest"}},"interaction":{"idSuffix":"inner"}},"clearTextFirst":true,"interactionType":"ENTER_TEXT"}]}
RESULT: {}
COMMAND: POST /session/297431b9b55e935159c974fa74f723b8/actions - {"actions":[{"id":"action17","type":"key","parameters":{},"actions":[{"type":"keyDown","value":"î€‡"},{"type":"pause","duration":10},{"type":"keyUp","value":"î€‡"}]}]}
RESULT: {"actions":[{"id":"action17","type":"key","parameters":{},"actions":[{"type":"keyDown","value":"î€‡"},{"type":"pause","duration":10},{"type":"keyUp","value":"î€‡"}]}]}
COMMAND: GET /session/297431b9b55e935159c974fa74f723b8/screenshot - {}
RESULT: {}
COMMAND: POST /session/297431b9b55e935159c974fa74f723b8/execute/async - {"script":"<script> [1562 bytes]","args":[{"selector":{"controlType":"sap.m.Input","viewName":"etm.portal.ui.managerequests.view.NewRequest","bindingPath":{"path":"","propertyPath":"/Tags","modelName":"catalogModel"},"ancestor":{"controlType":"sap.m.ColumnListItem","viewName":"etm.portal.ui.managerequests.view.NewRequest","bindingPath":{"modelName":"newRequestItems","path":"/RequestItems/1"},"ancestor":{"id":"requestItemsTable","viewName":"etm.portal.ui.managerequests.view.NewRequest"}},"interaction":{"idSuffix":"inner"}},"wdio_ui5_key":"etmportal.ui.managerequests.view.NewRequestsap.m.Input{\"path\":\"\",\"propertyPath\":\"/Tags\",\"modelName\":\"catalogModel\"}{\"controlType\":\"sap.m.ColumnListItem\",\"viewName\":\"etm.portal.ui.managerequests.view.NewRequest\",\"bindingPath\":{\"modelName\":\"newRequestItems\",\"path\":\"/RequestItems/1\"},\"ancestor\":{\"id\":\"requestItemsTable\",\"viewName\":\"etm.portal.ui.managerequests.view.NewRequest\"}}"}]}
RESULT: {"script":"<script> [1562 bytes]","args":[{"selector":{"controlType":"sap.m.Input","viewName":"etm.portal.ui.managerequests.view.NewRequest","bindingPath":{"path":"","propertyPath":"/Tags","modelName":"catalogModel"},"ancestor":{"controlType":"sap.m.ColumnListItem","viewName":"etm.portal.ui.managerequests.view.NewRequest","bindingPath":{"modelName":"newRequestItems","path":"/RequestItems/1"},"ancestor":{"id":"requestItemsTable","viewName":"etm.portal.ui.managerequests.view.NewRequest"}},"interaction":{"idSuffix":"inner"}},"wdio_ui5_key":"etmportal.ui.managerequests.view.NewRequestsap.m.Input{\"path\":\"\",\"propertyPath\":\"/Tags\",\"modelName\":\"catalogModel\"}{\"controlType\":\"sap.m.ColumnListItem\",\"viewName\":\"etm.portal.ui.managerequests.view.NewRequest\",\"bindingPath\":{\"modelName\":\"newRequestItems\",\"path\":\"/RequestItems/1\"},\"ancestor\":{\"id\":\"requestItemsTable\",\"viewName\":\"etm.portal.ui.managerequests.view.NewRequest\"}}"}]}
RESULT: undefined
COMMAND: POST /session/297431b9b55e935159c974fa74f723b8/execute/async - {"script":"<script> [776 bytes]","args":[{"enterText":"tag1","selector":{"controlType":"sap.m.Input","viewName":"etm.portal.ui.managerequests.view.NewRequest","bindingPath":{"path":"","propertyPath":"/Tags","modelName":"catalogModel"},"ancestor":{"controlType":"sap.m.ColumnListItem","viewName":"etm.portal.ui.managerequests.view.NewRequest","bindingPath":{"modelName":"newRequestItems","path":"/RequestItems/1"},"ancestor":{"id":"requestItemsTable","viewName":"etm.portal.ui.managerequests.view.NewRequest"}},"interaction":{"idSuffix":"inner"}},"clearTextFirst":true,"interactionType":"ENTER_TEXT"}]}
RESULT: {"script":"<script> [776 bytes]","args":[{"enterText":"tag1","selector":{"controlType":"sap.m.Input","viewName":"etm.portal.ui.managerequests.view.NewRequest","bindingPath":{"path":"","propertyPath":"/Tags","modelName":"catalogModel"},"ancestor":{"controlType":"sap.m.ColumnListItem","viewName":"etm.portal.ui.managerequests.view.NewRequest","bindingPath":{"modelName":"newRequestItems","path":"/RequestItems/1"},"ancestor":{"id":"requestItemsTable","viewName":"etm.portal.ui.managerequests.view.NewRequest"}},"interaction":{"idSuffix":"inner"}},"clearTextFirst":true,"interactionType":"ENTER_TEXT"}]}
COMMAND: POST /session/297431b9b55e935159c974fa74f723b8/actions - {"actions":[{"id":"action18","type":"key","parameters":{},"actions":[{"type":"keyDown","value":"î€‡"},{"type":"pause","duration":10},{"type":"keyUp","value":"î€‡"}]}]}
RESULT: {"actions":[{"id":"action18","type":"key","parameters":{},"actions":[{"type":"keyDown","value":"î€‡"},{"type":"pause","duration":10},{"type":"keyUp","value":"î€‡"}]}]}
RESULT: undefined
COMMAND: POST /session/297431b9b55e935159c974fa74f723b8/execute/async - {"script":"<script> [776 bytes]","args":[{"enterText":"tag-duplicate","selector":{"controlType":"sap.m.Input","viewName":"etm.portal.ui.managerequests.view.NewRequest","bindingPath":{"path":"","propertyPath":"/Tags","modelName":"catalogModel"},"ancestor":{"controlType":"sap.m.ColumnListItem","viewName":"etm.portal.ui.managerequests.view.NewRequest","bindingPath":{"modelName":"newRequestItems","path":"/RequestItems/1"},"ancestor":{"id":"requestItemsTable","viewName":"etm.portal.ui.managerequests.view.NewRequest"}},"interaction":{"idSuffix":"inner"}},"clearTextFirst":true,"interactionType":"ENTER_TEXT"}]}
COMMAND: GET /session/297431b9b55e935159c974fa74f723b8/screenshot - {}
RESULT: {"script":"<script> [776 bytes]","args":[{"enterText":"tag-duplicate","selector":{"controlType":"sap.m.Input","viewName":"etm.portal.ui.managerequests.view.NewRequest","bindingPath":{"path":"","propertyPath":"/Tags","modelName":"catalogModel"},"ancestor":{"controlType":"sap.m.ColumnListItem","viewName":"etm.portal.ui.managerequests.view.NewRequest","bindingPath":{"modelName":"newRequestItems","path":"/RequestItems/1"},"ancestor":{"id":"requestItemsTable","viewName":"etm.portal.ui.managerequests.view.NewRequest"}},"interaction":{"idSuffix":"inner"}},"clearTextFirst":true,"interactionType":"ENTER_TEXT"}]}
RESULT: {}
COMMAND: POST /session/297431b9b55e935159c974fa74f723b8/actions - {"actions":[{"id":"action19","type":"key","parameters":{},"actions":[{"type":"keyDown","value":"î€‡"},{"type":"pause","duration":10},{"type":"keyUp","value":"î€‡"}]}]}
RESULT: {"actions":[{"id":"action19","type":"key","parameters":{},"actions":[{"type":"keyDown","value":"î€‡"},{"type":"pause","duration":10},{"type":"keyUp","value":"î€‡"}]}]}
COMMAND: GET /session/297431b9b55e935159c974fa74f723b8/screenshot - {}
RESULT: {}
COMMAND: POST /session/297431b9b55e935159c974fa74f723b8/execute/async - {"script":"<script> [1562 bytes]","args":[{"selector":{"controlType":"sap.ui.core.Icon","viewName":"etm.portal.ui.managerequests.view.NewRequest","properties":{"src":{"regex":{"source":"slim\\-arrow\\-down"}}},"ancestor":{"controlType":"sap.m.Button","viewName":"etm.portal.ui.managerequests.view.NewRequest","properties":{"icon":"sap-icon://slim-arrow-down"}}},"wdio_ui5_key":"etmportal.ui.managerequests.view.NewRequestsap.ui.core.Icon{\"src\":{\"regex\":{\"source\":\"slim\\\\-arrow\\\\-down\"}}}{\"controlType\":\"sap.m.Button\",\"viewName\":\"etm.portal.ui.managerequests.view.NewRequest\",\"properties\":{\"icon\":\"sap-icon://slim-arrow-down\"}}"}]}
RESULT: {"script":"<script> [1562 bytes]","args":[{"selector":{"controlType":"sap.ui.core.Icon","viewName":"etm.portal.ui.managerequests.view.NewRequest","properties":{"src":{"regex":{"source":"slim\\-arrow\\-down"}}},"ancestor":{"controlType":"sap.m.Button","viewName":"etm.portal.ui.managerequests.view.NewRequest","properties":{"icon":"sap-icon://slim-arrow-down"}}},"wdio_ui5_key":"etmportal.ui.managerequests.view.NewRequestsap.ui.core.Icon{\"src\":{\"regex\":{\"source\":\"slim\\\\-arrow\\\\-down\"}}}{\"controlType\":\"sap.m.Button\",\"viewName\":\"etm.portal.ui.managerequests.view.NewRequest\",\"properties\":{\"icon\":\"sap-icon://slim-arrow-down\"}}"}]}
RESULT: undefined
COMMAND: POST /session/297431b9b55e935159c974fa74f723b8/element - {"using":"xpath","value":"//*[@id=\"__title21-expandBtn-img\"]"}
RESULT: {"using":"xpath","value":"//*[@id=\"__title21-expandBtn-img\"]"}
COMMAND: POST /session/297431b9b55e935159c974fa74f723b8/element/f.C07C1F5C83AA57D4527D3CB7EA58C4CE.d.E316B39DB05029D185DF6D9B78D03170.e.3138/click - {}
RESULT: {}
COMMAND: GET /session/297431b9b55e935159c974fa74f723b8/screenshot - {}
RESULT: {}
COMMAND: POST /session/297431b9b55e935159c974fa74f723b8/element - {"using":"xpath","value":"//div[contains(@data-kt ,\"splitAllocationObjectStatus\")]"}
RESULT: {"using":"xpath","value":"//div[contains(@data-kt ,\"splitAllocationObjectStatus\")]"}
COMMAND: POST /session/297431b9b55e935159c974fa74f723b8/elements - {"using":"xpath","value":"//div[contains(@data-kt ,\"splitAllocationObjectStatus\")]"}
RESULT: {"using":"xpath","value":"//div[contains(@data-kt ,\"splitAllocationObjectStatus\")]"}
COMMAND: POST /session/297431b9b55e935159c974fa74f723b8/execute/async - {"script":"<script> [1562 bytes]","args":[{"selector":{"controlType":"sap.ui.core.Icon","viewName":"etm.portal.ui.managerequests.view.NewRequest","properties":{"src":{"regex":{"source":"message\\-error"}}},"ancestor":{"controlType":"sap.m.ColumnListItem","viewName":"etm.portal.ui.managerequests.view.NewRequest","bindingPath":{"modelName":"newRequestItems","path":"/RequestItems/0"},"ancestor":{"id":"requestItemsTable","viewName":"etm.portal.ui.managerequests.view.NewRequest"}}},"wdio_ui5_key":"etmportal.ui.managerequests.view.NewRequestsap.ui.core.Icon{\"src\":{\"regex\":{\"source\":\"message\\\\-error\"}}}{\"controlType\":\"sap.m.ColumnListItem\",\"viewName\":\"etm.portal.ui.managerequests.view.NewRequest\",\"bindingPath\":{\"modelName\":\"newRequestItems\",\"path\":\"/RequestItems/0\"},\"ancestor\":{\"id\":\"requestItemsTable\",\"viewName\":\"etm.portal.ui.managerequests.view.NewRequest\"}}"}]}
RESULT: {"script":"<script> [1562 bytes]","args":[{"selector":{"controlType":"sap.ui.core.Icon","viewName":"etm.portal.ui.managerequests.view.NewRequest","properties":{"src":{"regex":{"source":"message\\-error"}}},"ancestor":{"controlType":"sap.m.ColumnListItem","viewName":"etm.portal.ui.managerequests.view.NewRequest","bindingPath":{"modelName":"newRequestItems","path":"/RequestItems/0"},"ancestor":{"id":"requestItemsTable","viewName":"etm.portal.ui.managerequests.view.NewRequest"}}},"wdio_ui5_key":"etmportal.ui.managerequests.view.NewRequestsap.ui.core.Icon{\"src\":{\"regex\":{\"source\":\"message\\\\-error\"}}}{\"controlType\":\"sap.m.ColumnListItem\",\"viewName\":\"etm.portal.ui.managerequests.view.NewRequest\",\"bindingPath\":{\"modelName\":\"newRequestItems\",\"path\":\"/RequestItems/0\"},\"ancestor\":{\"id\":\"requestItemsTable\",\"viewName\":\"etm.portal.ui.managerequests.view.NewRequest\"}}"}]}
RESULT: undefined
COMMAND: POST /session/297431b9b55e935159c974fa74f723b8/element - {"using":"xpath","value":"//*[@id=\"__status6-__xmlview59--requestItemsTable-0-icon\"]"}
RESULT: {"using":"xpath","value":"//*[@id=\"__status6-__xmlview59--requestItemsTable-0-icon\"]"}
COMMAND: POST /session/297431b9b55e935159c974fa74f723b8/element/f.C07C1F5C83AA57D4527D3CB7EA58C4CE.d.E316B39DB05029D185DF6D9B78D03170.e.3119/click - {}
RESULT: {}
COMMAND: GET /session/297431b9b55e935159c974fa74f723b8/screenshot - {}
RESULT: {}
COMMAND: POST /session/297431b9b55e935159c974fa74f723b8/execute/async - {"script":"<script> [1562 bytes]","args":[{"selector":{"id":"costObjectAdminTypeComboBox","viewName":"etm.portal.ui.managerequests.view.NewRequest","searchOpenDialogs":true,"interaction":{"idSuffix":"inner"}},"wdio_ui5_key":"costObjectAdminTypeComboBoxetmportal.ui.managerequests.view.NewRequest"}]}
RESULT: {"script":"<script> [1562 bytes]","args":[{"selector":{"id":"costObjectAdminTypeComboBox","viewName":"etm.portal.ui.managerequests.view.NewRequest","searchOpenDialogs":true,"interaction":{"idSuffix":"inner"}},"wdio_ui5_key":"costObjectAdminTypeComboBoxetmportal.ui.managerequests.view.NewRequest"}]}
RESULT: undefined
COMMAND: POST /session/297431b9b55e935159c974fa74f723b8/execute/async - {"script":"<script> [776 bytes]","args":[{"enterText":"Cost Center","selector":{"id":"costObjectAdminTypeComboBox","viewName":"etm.portal.ui.managerequests.view.NewRequest","searchOpenDialogs":true,"interaction":{"idSuffix":"inner"}},"clearTextFirst":true,"interactionType":"ENTER_TEXT"}]}
RESULT: {"script":"<script> [776 bytes]","args":[{"enterText":"Cost Center","selector":{"id":"costObjectAdminTypeComboBox","viewName":"etm.portal.ui.managerequests.view.NewRequest","searchOpenDialogs":true,"interaction":{"idSuffix":"inner"}},"clearTextFirst":true,"interactionType":"ENTER_TEXT"}]}
COMMAND: POST /session/297431b9b55e935159c974fa74f723b8/actions - {"actions":[{"id":"action20","type":"key","parameters":{},"actions":[{"type":"keyDown","value":"î€‡"},{"type":"pause","duration":10},{"type":"keyUp","value":"î€‡"}]}]}
RESULT: {"actions":[{"id":"action20","type":"key","parameters":{},"actions":[{"type":"keyDown","value":"î€‡"},{"type":"pause","duration":10},{"type":"keyUp","value":"î€‡"}]}]}
COMMAND: GET /session/297431b9b55e935159c974fa74f723b8/screenshot - {}
RESULT: {}
COMMAND: POST /session/297431b9b55e935159c974fa74f723b8/execute/async - {"script":"<script> [1562 bytes]","args":[{"selector":{"id":"costObjectIdComboBox","viewName":"etm.portal.ui.managerequests.view.NewRequest","searchOpenDialogs":true,"interaction":{"idSuffix":"inner"}},"wdio_ui5_key":"costObjectIdComboBoxetmportal.ui.managerequests.view.NewRequest"}]}
RESULT: {"script":"<script> [1562 bytes]","args":[{"selector":{"id":"costObjectIdComboBox","viewName":"etm.portal.ui.managerequests.view.NewRequest","searchOpenDialogs":true,"interaction":{"idSuffix":"inner"}},"wdio_ui5_key":"costObjectIdComboBoxetmportal.ui.managerequests.view.NewRequest"}]}
RESULT: undefined
COMMAND: POST /session/297431b9b55e935159c974fa74f723b8/execute/async - {"script":"<script> [776 bytes]","args":[{"enterText":"1001 - 1001","selector":{"id":"costObjectIdComboBox","viewName":"etm.portal.ui.managerequests.view.NewRequest","searchOpenDialogs":true,"interaction":{"idSuffix":"inner"}},"clearTextFirst":true,"interactionType":"ENTER_TEXT"}]}
RESULT: {"script":"<script> [776 bytes]","args":[{"enterText":"1001 - 1001","selector":{"id":"costObjectIdComboBox","viewName":"etm.portal.ui.managerequests.view.NewRequest","searchOpenDialogs":true,"interaction":{"idSuffix":"inner"}},"clearTextFirst":true,"interactionType":"ENTER_TEXT"}]}
COMMAND: POST /session/297431b9b55e935159c974fa74f723b8/actions - {"actions":[{"id":"action21","type":"key","parameters":{},"actions":[{"type":"keyDown","value":"î€‡"},{"type":"pause","duration":10},{"type":"keyUp","value":"î€‡"}]}]}
RESULT: {"actions":[{"id":"action21","type":"key","parameters":{},"actions":[{"type":"keyDown","value":"î€‡"},{"type":"pause","duration":10},{"type":"keyUp","value":"î€‡"}]}]}
COMMAND: GET /session/297431b9b55e935159c974fa74f723b8/screenshot - {}
RESULT: {}
COMMAND: POST /session/297431b9b55e935159c974fa74f723b8/element - {"using":"xpath","value":"(//bdi[(text() = 'Save' or . = 'Save')])[1]"}
RESULT: {"using":"xpath","value":"(//bdi[(text() = 'Save' or . = 'Save')])[1]"}
COMMAND: POST /session/297431b9b55e935159c974fa74f723b8/element/f.C07C1F5C83AA57D4527D3CB7EA58C4CE.d.E316B39DB05029D185DF6D9B78D03170.e.3158/click - {}
RESULT: {}
COMMAND: POST /session/297431b9b55e935159c974fa74f723b8/execute/async - {"script":"<script> [1562 bytes]","args":[{"selector":{"controlType":"sap.ui.core.Icon","viewName":"etm.portal.ui.managerequests.view.NewRequest","properties":{"src":{"regex":{"source":"message\\-error"}}},"ancestor":{"controlType":"sap.m.ColumnListItem","viewName":"etm.portal.ui.managerequests.view.NewRequest","bindingPath":{"modelName":"newRequestItems","path":"/RequestItems/1"},"ancestor":{"id":"requestItemsTable","viewName":"etm.portal.ui.managerequests.view.NewRequest"}}},"wdio_ui5_key":"etmportal.ui.managerequests.view.NewRequestsap.ui.core.Icon{\"src\":{\"regex\":{\"source\":\"message\\\\-error\"}}}{\"controlType\":\"sap.m.ColumnListItem\",\"viewName\":\"etm.portal.ui.managerequests.view.NewRequest\",\"bindingPath\":{\"modelName\":\"newRequestItems\",\"path\":\"/RequestItems/1\"},\"ancestor\":{\"id\":\"requestItemsTable\",\"viewName\":\"etm.portal.ui.managerequests.view.NewRequest\"}}"}]}
COMMAND: GET /session/297431b9b55e935159c974fa74f723b8/screenshot - {}
RESULT: {"script":"<script> [1562 bytes]","args":[{"selector":{"controlType":"sap.ui.core.Icon","viewName":"etm.portal.ui.managerequests.view.NewRequest","properties":{"src":{"regex":{"source":"message\\-error"}}},"ancestor":{"controlType":"sap.m.ColumnListItem","viewName":"etm.portal.ui.managerequests.view.NewRequest","bindingPath":{"modelName":"newRequestItems","path":"/RequestItems/1"},"ancestor":{"id":"requestItemsTable","viewName":"etm.portal.ui.managerequests.view.NewRequest"}}},"wdio_ui5_key":"etmportal.ui.managerequests.view.NewRequestsap.ui.core.Icon{\"src\":{\"regex\":{\"source\":\"message\\\\-error\"}}}{\"controlType\":\"sap.m.ColumnListItem\",\"viewName\":\"etm.portal.ui.managerequests.view.NewRequest\",\"bindingPath\":{\"modelName\":\"newRequestItems\",\"path\":\"/RequestItems/1\"},\"ancestor\":{\"id\":\"requestItemsTable\",\"viewName\":\"etm.portal.ui.managerequests.view.NewRequest\"}}"}]}
RESULT: undefined
COMMAND: POST /session/297431b9b55e935159c974fa74f723b8/element - {"using":"xpath","value":"//*[@id=\"__status6-__xmlview59--requestItemsTable-1-icon\"]"}
RESULT: {}
RESULT: {"using":"xpath","value":"//*[@id=\"__status6-__xmlview59--requestItemsTable-1-icon\"]"}
COMMAND: POST /session/297431b9b55e935159c974fa74f723b8/element/f.C07C1F5C83AA57D4527D3CB7EA58C4CE.d.E316B39DB05029D185DF6D9B78D03170.e.3136/click - {}
RESULT: {}
COMMAND: GET /session/297431b9b55e935159c974fa74f723b8/screenshot - {}
RESULT: {}
RESULT: undefined
COMMAND: POST /session/297431b9b55e935159c974fa74f723b8/execute/async - {"script":"<script> [776 bytes]","args":[{"enterText":"Cost Center","selector":{"id":"costObjectAdminTypeComboBox","viewName":"etm.portal.ui.managerequests.view.NewRequest","searchOpenDialogs":true,"interaction":{"idSuffix":"inner"}},"clearTextFirst":true,"interactionType":"ENTER_TEXT"}]}
RESULT: {"script":"<script> [776 bytes]","args":[{"enterText":"Cost Center","selector":{"id":"costObjectAdminTypeComboBox","viewName":"etm.portal.ui.managerequests.view.NewRequest","searchOpenDialogs":true,"interaction":{"idSuffix":"inner"}},"clearTextFirst":true,"interactionType":"ENTER_TEXT"}]}
COMMAND: POST /session/297431b9b55e935159c974fa74f723b8/actions - {"actions":[{"id":"action22","type":"key","parameters":{},"actions":[{"type":"keyDown","value":"î€‡"},{"type":"pause","duration":10},{"type":"keyUp","value":"î€‡"}]}]}
RESULT: {"actions":[{"id":"action22","type":"key","parameters":{},"actions":[{"type":"keyDown","value":"î€‡"},{"type":"pause","duration":10},{"type":"keyUp","value":"î€‡"}]}]}
COMMAND: GET /session/297431b9b55e935159c974fa74f723b8/screenshot - {}
RESULT: {}
RESULT: undefined
COMMAND: POST /session/297431b9b55e935159c974fa74f723b8/execute/async - {"script":"<script> [776 bytes]","args":[{"enterText":"1001 - 1001","selector":{"id":"costObjectIdComboBox","viewName":"etm.portal.ui.managerequests.view.NewRequest","searchOpenDialogs":true,"interaction":{"idSuffix":"inner"}},"clearTextFirst":true,"interactionType":"ENTER_TEXT"}]}
RESULT: {"script":"<script> [776 bytes]","args":[{"enterText":"1001 - 1001","selector":{"id":"costObjectIdComboBox","viewName":"etm.portal.ui.managerequests.view.NewRequest","searchOpenDialogs":true,"interaction":{"idSuffix":"inner"}},"clearTextFirst":true,"interactionType":"ENTER_TEXT"}]}
COMMAND: POST /session/297431b9b55e935159c974fa74f723b8/actions - {"actions":[{"id":"action23","type":"key","parameters":{},"actions":[{"type":"keyDown","value":"î€‡"},{"type":"pause","duration":10},{"type":"keyUp","value":"î€‡"}]}]}
RESULT: {"actions":[{"id":"action23","type":"key","parameters":{},"actions":[{"type":"keyDown","value":"î€‡"},{"type":"pause","duration":10},{"type":"keyUp","value":"î€‡"}]}]}
COMMAND: GET /session/297431b9b55e935159c974fa74f723b8/screenshot - {}
RESULT: {}
COMMAND: POST /session/297431b9b55e935159c974fa74f723b8/element - {"using":"xpath","value":"(//bdi[(text() = 'Save' or . = 'Save')])[1]"}
RESULT: {"using":"xpath","value":"(//bdi[(text() = 'Save' or . = 'Save')])[1]"}
COMMAND: POST /session/297431b9b55e935159c974fa74f723b8/element/f.C07C1F5C83AA57D4527D3CB7EA58C4CE.d.E316B39DB05029D185DF6D9B78D03170.e.3172/click - {}
RESULT: {}
COMMAND: POST /session/297431b9b55e935159c974fa74f723b8/execute/async - {"script":"<script> [1562 bytes]","args":[{"selector":{"controlType":"sap.ui.core.Icon","viewName":"etm.portal.ui.managerequests.view.NewRequest","properties":{"src":{"regex":{"source":"decline"}}},"ancestor":{"controlType":"sap.m.Token","viewName":"etm.portal.ui.managerequests.view.NewRequest","bindingPath":{"path":"/RequestItems/0/TOKENS/0","propertyPath":"TAG","modelName":"newRequestItems"}}},"wdio_ui5_key":"etmportal.ui.managerequests.view.NewRequestsap.ui.core.Icon{\"src\":{\"regex\":{\"source\":\"decline\"}}}{\"controlType\":\"sap.m.Token\",\"viewName\":\"etm.portal.ui.managerequests.view.NewRequest\",\"bindingPath\":{\"path\":\"/RequestItems/0/TOKENS/0\",\"propertyPath\":\"TAG\",\"modelName\":\"newRequestItems\"}}"}]}
COMMAND: GET /session/297431b9b55e935159c974fa74f723b8/screenshot - {}
RESULT: {"script":"<script> [1562 bytes]","args":[{"selector":{"controlType":"sap.ui.core.Icon","viewName":"etm.portal.ui.managerequests.view.NewRequest","properties":{"src":{"regex":{"source":"decline"}}},"ancestor":{"controlType":"sap.m.Token","viewName":"etm.portal.ui.managerequests.view.NewRequest","bindingPath":{"path":"/RequestItems/0/TOKENS/0","propertyPath":"TAG","modelName":"newRequestItems"}}},"wdio_ui5_key":"etmportal.ui.managerequests.view.NewRequestsap.ui.core.Icon{\"src\":{\"regex\":{\"source\":\"decline\"}}}{\"controlType\":\"sap.m.Token\",\"viewName\":\"etm.portal.ui.managerequests.view.NewRequest\",\"bindingPath\":{\"path\":\"/RequestItems/0/TOKENS/0\",\"propertyPath\":\"TAG\",\"modelName\":\"newRequestItems\"}}"}]}
RESULT: undefined
COMMAND: POST /session/297431b9b55e935159c974fa74f723b8/element - {"using":"xpath","value":"//*[@id=\"__token7-__tokenizer62-__xmlview59--requestItemsTable-0-0-icon\"]"}
RESULT: {}
RESULT: {"using":"xpath","value":"//*[@id=\"__token7-__tokenizer62-__xmlview59--requestItemsTable-0-0-icon\"]"}
COMMAND: POST /session/297431b9b55e935159c974fa74f723b8/element/f.C07C1F5C83AA57D4527D3CB7EA58C4CE.d.E316B39DB05029D185DF6D9B78D03170.e.3174/click - {}
RESULT: {}
COMMAND: GET /session/297431b9b55e935159c974fa74f723b8/screenshot - {}
RESULT: {}
COMMAND: POST /session/297431b9b55e935159c974fa74f723b8/actions - {"actions":[{"id":"action24","type":"key","parameters":{},"actions":[{"type":"keyDown","value":"î€Œ"},{"type":"pause","duration":10},{"type":"keyUp","value":"î€Œ"}]}]}
RESULT: {"actions":[{"id":"action24","type":"key","parameters":{},"actions":[{"type":"keyDown","value":"î€Œ"},{"type":"pause","duration":10},{"type":"keyUp","value":"î€Œ"}]}]}
COMMAND: GET /session/297431b9b55e935159c974fa74f723b8/screenshot - {}
RESULT: {}
COMMAND: POST /session/297431b9b55e935159c974fa74f723b8/execute/async - {"script":"<script> [1562 bytes]","args":[{"selector":{"controlType":"sap.m.Tokenizer","viewName":"etm.portal.ui.managerequests.view.NewRequest","bindingPath":{"path":"/RequestItems/0","propertyPath":"TOKENS","modelName":"newRequestItems"}},"wdio_ui5_key":"etmportal.ui.managerequests.view.NewRequestsap.m.Tokenizer{\"path\":\"/RequestItems/0\",\"propertyPath\":\"TOKENS\",\"modelName\":\"newRequestItems\"}"}]}
RESULT: {"script":"<script> [1562 bytes]","args":[{"selector":{"controlType":"sap.m.Tokenizer","viewName":"etm.portal.ui.managerequests.view.NewRequest","bindingPath":{"path":"/RequestItems/0","propertyPath":"TOKENS","modelName":"newRequestItems"}},"wdio_ui5_key":"etmportal.ui.managerequests.view.NewRequestsap.m.Tokenizer{\"path\":\"/RequestItems/0\",\"propertyPath\":\"TOKENS\",\"modelName\":\"newRequestItems\"}"}]}
RESULT: undefined
COMMAND: POST /session/297431b9b55e935159c974fa74f723b8/execute/async - {"script":"<script> [6424 bytes]","args":[{"element-6066-11e4-a52e-4f735466cecf":"f.C07C1F5C83AA57D4527D3CB7EA58C4CE.d.E316B39DB05029D185DF6D9B78D03170.e.3183"},"getTokens",[]]}
RESULT: {"script":"<script> [6424 bytes]","args":[{"element-6066-11e4-a52e-4f735466cecf":"f.C07C1F5C83AA57D4527D3CB7EA58C4CE.d.E316B39DB05029D185DF6D9B78D03170.e.3183"},"getTokens",[]]}
COMMAND: POST /session/297431b9b55e935159c974fa74f723b8/execute/async - {"script":"<script> [1562 bytes]","args":[{"wdio_ui5_key":"__token7-__tokenizer62-__xmlview59--requestItemsTable-0-0","selector":{"id":"__token7-__tokenizer62-__xmlview59--requestItemsTable-0-0"}}]}
RESULT: {"script":"<script> [1562 bytes]","args":[{"wdio_ui5_key":"__token7-__tokenizer62-__xmlview59--requestItemsTable-0-0","selector":{"id":"__token7-__tokenizer62-__xmlview59--requestItemsTable-0-0"}}]}
RESULT: undefined
RESULT: undefined
COMMAND: POST /session/297431b9b55e935159c974fa74f723b8/execute/async - {"script":"<script> [776 bytes]","args":[{"enterText":"tagRequest1","selector":{"controlType":"sap.m.Input","viewName":"etm.portal.ui.managerequests.view.NewRequest","bindingPath":{"path":"","propertyPath":"/Tags","modelName":"catalogModel"},"ancestor":{"controlType":"sap.m.ColumnListItem","viewName":"etm.portal.ui.managerequests.view.NewRequest","bindingPath":{"modelName":"newRequestItems","path":"/RequestItems/0"},"ancestor":{"id":"requestItemsTable","viewName":"etm.portal.ui.managerequests.view.NewRequest"}},"interaction":{"idSuffix":"inner"}},"clearTextFirst":true,"interactionType":"ENTER_TEXT"}]}
RESULT: {"script":"<script> [776 bytes]","args":[{"enterText":"tagRequest1","selector":{"controlType":"sap.m.Input","viewName":"etm.portal.ui.managerequests.view.NewRequest","bindingPath":{"path":"","propertyPath":"/Tags","modelName":"catalogModel"},"ancestor":{"controlType":"sap.m.ColumnListItem","viewName":"etm.portal.ui.managerequests.view.NewRequest","bindingPath":{"modelName":"newRequestItems","path":"/RequestItems/0"},"ancestor":{"id":"requestItemsTable","viewName":"etm.portal.ui.managerequests.view.NewRequest"}},"interaction":{"idSuffix":"inner"}},"clearTextFirst":true,"interactionType":"ENTER_TEXT"}]}
COMMAND: POST /session/297431b9b55e935159c974fa74f723b8/actions - {"actions":[{"id":"action25","type":"key","parameters":{},"actions":[{"type":"keyDown","value":"î€‡"},{"type":"pause","duration":10},{"type":"keyUp","value":"î€‡"}]}]}
RESULT: {"actions":[{"id":"action25","type":"key","parameters":{},"actions":[{"type":"keyDown","value":"î€‡"},{"type":"pause","duration":10},{"type":"keyUp","value":"î€‡"}]}]}
COMMAND: GET /session/297431b9b55e935159c974fa74f723b8/screenshot - {}
RESULT: {}
RESULT: undefined
COMMAND: POST /session/297431b9b55e935159c974fa74f723b8/execute/async - {"script":"<script> [6424 bytes]","args":[{"element-6066-11e4-a52e-4f735466cecf":"f.C07C1F5C83AA57D4527D3CB7EA58C4CE.d.E316B39DB05029D185DF6D9B78D03170.e.3183"},"getTokens",[]]}
RESULT: {"script":"<script> [6424 bytes]","args":[{"element-6066-11e4-a52e-4f735466cecf":"f.C07C1F5C83AA57D4527D3CB7EA58C4CE.d.E316B39DB05029D185DF6D9B78D03170.e.3183"},"getTokens",[]]}
COMMAND: POST /session/297431b9b55e935159c974fa74f723b8/execute/async - {"script":"<script> [1562 bytes]","args":[{"wdio_ui5_key":"__token7-__tokenizer62-__xmlview59--requestItemsTable-0-1","selector":{"id":"__token7-__tokenizer62-__xmlview59--requestItemsTable-0-1"}}]}
RESULT: undefined
RESULT: {"script":"<script> [1562 bytes]","args":[{"wdio_ui5_key":"__token7-__tokenizer62-__xmlview59--requestItemsTable-0-1","selector":{"id":"__token7-__tokenizer62-__xmlview59--requestItemsTable-0-1"}}]}
RESULT: undefined
COMMAND: POST /session/297431b9b55e935159c974fa74f723b8/execute/async - {"script":"<script> [1562 bytes]","args":[{"selector":{"controlType":"sap.ui.core.Icon","viewName":"etm.portal.ui.managerequests.view.NewRequest","properties":{"src":{"regex":{"source":"decline"}}},"ancestor":{"controlType":"sap.m.Token","viewName":"etm.portal.ui.managerequests.view.NewRequest","bindingPath":{"path":"/RequestItems/1/TOKENS/0","propertyPath":"TAG","modelName":"newRequestItems"}}},"wdio_ui5_key":"etmportal.ui.managerequests.view.NewRequestsap.ui.core.Icon{\"src\":{\"regex\":{\"source\":\"decline\"}}}{\"controlType\":\"sap.m.Token\",\"viewName\":\"etm.portal.ui.managerequests.view.NewRequest\",\"bindingPath\":{\"path\":\"/RequestItems/1/TOKENS/0\",\"propertyPath\":\"TAG\",\"modelName\":\"newRequestItems\"}}"}]}
RESULT: {"script":"<script> [1562 bytes]","args":[{"selector":{"controlType":"sap.ui.core.Icon","viewName":"etm.portal.ui.managerequests.view.NewRequest","properties":{"src":{"regex":{"source":"decline"}}},"ancestor":{"controlType":"sap.m.Token","viewName":"etm.portal.ui.managerequests.view.NewRequest","bindingPath":{"path":"/RequestItems/1/TOKENS/0","propertyPath":"TAG","modelName":"newRequestItems"}}},"wdio_ui5_key":"etmportal.ui.managerequests.view.NewRequestsap.ui.core.Icon{\"src\":{\"regex\":{\"source\":\"decline\"}}}{\"controlType\":\"sap.m.Token\",\"viewName\":\"etm.portal.ui.managerequests.view.NewRequest\",\"bindingPath\":{\"path\":\"/RequestItems/1/TOKENS/0\",\"propertyPath\":\"TAG\",\"modelName\":\"newRequestItems\"}}"}]}
RESULT: undefined
COMMAND: POST /session/297431b9b55e935159c974fa74f723b8/element - {"using":"xpath","value":"//*[@id=\"__token7-__tokenizer62-__xmlview59--requestItemsTable-1-0-icon\"]"}
RESULT: {"using":"xpath","value":"//*[@id=\"__token7-__tokenizer62-__xmlview59--requestItemsTable-1-0-icon\"]"}
COMMAND: POST /session/297431b9b55e935159c974fa74f723b8/element/f.C07C1F5C83AA57D4527D3CB7EA58C4CE.d.E316B39DB05029D185DF6D9B78D03170.e.3185/click - {}
RESULT: {}
COMMAND: GET /session/297431b9b55e935159c974fa74f723b8/screenshot - {}
RESULT: {}
COMMAND: POST /session/297431b9b55e935159c974fa74f723b8/actions - {"actions":[{"id":"action26","type":"key","parameters":{},"actions":[{"type":"keyDown","value":"î€Œ"},{"type":"pause","duration":10},{"type":"keyUp","value":"î€Œ"}]}]}
RESULT: {"actions":[{"id":"action26","type":"key","parameters":{},"actions":[{"type":"keyDown","value":"î€Œ"},{"type":"pause","duration":10},{"type":"keyUp","value":"î€Œ"}]}]}
COMMAND: GET /session/297431b9b55e935159c974fa74f723b8/screenshot - {}
RESULT: {}
COMMAND: POST /session/297431b9b55e935159c974fa74f723b8/execute/async - {"script":"<script> [1562 bytes]","args":[{"selector":{"controlType":"sap.m.Tokenizer","viewName":"etm.portal.ui.managerequests.view.NewRequest","bindingPath":{"path":"/RequestItems/1","propertyPath":"TOKENS","modelName":"newRequestItems"}},"wdio_ui5_key":"etmportal.ui.managerequests.view.NewRequestsap.m.Tokenizer{\"path\":\"/RequestItems/1\",\"propertyPath\":\"TOKENS\",\"modelName\":\"newRequestItems\"}"}]}
RESULT: {"script":"<script> [1562 bytes]","args":[{"selector":{"controlType":"sap.m.Tokenizer","viewName":"etm.portal.ui.managerequests.view.NewRequest","bindingPath":{"path":"/RequestItems/1","propertyPath":"TOKENS","modelName":"newRequestItems"}},"wdio_ui5_key":"etmportal.ui.managerequests.view.NewRequestsap.m.Tokenizer{\"path\":\"/RequestItems/1\",\"propertyPath\":\"TOKENS\",\"modelName\":\"newRequestItems\"}"}]}
RESULT: undefined
COMMAND: POST /session/297431b9b55e935159c974fa74f723b8/execute/async - {"script":"<script> [6424 bytes]","args":[{"element-6066-11e4-a52e-4f735466cecf":"f.C07C1F5C83AA57D4527D3CB7EA58C4CE.d.E316B39DB05029D185DF6D9B78D03170.e.3193"},"getTokens",[]]}
RESULT: {"script":"<script> [6424 bytes]","args":[{"element-6066-11e4-a52e-4f735466cecf":"f.C07C1F5C83AA57D4527D3CB7EA58C4CE.d.E316B39DB05029D185DF6D9B78D03170.e.3193"},"getTokens",[]]}
COMMAND: POST /session/297431b9b55e935159c974fa74f723b8/execute/async - {"script":"<script> [1562 bytes]","args":[{"wdio_ui5_key":"__token7-__tokenizer62-__xmlview59--requestItemsTable-1-0","selector":{"id":"__token7-__tokenizer62-__xmlview59--requestItemsTable-1-0"}}]}
RESULT: {"script":"<script> [1562 bytes]","args":[{"wdio_ui5_key":"__token7-__tokenizer62-__xmlview59--requestItemsTable-1-0","selector":{"id":"__token7-__tokenizer62-__xmlview59--requestItemsTable-1-0"}}]}
RESULT: undefined
RESULT: undefined
COMMAND: POST /session/297431b9b55e935159c974fa74f723b8/execute/async - {"script":"<script> [776 bytes]","args":[{"enterText":"tagRequest1","selector":{"controlType":"sap.m.Input","viewName":"etm.portal.ui.managerequests.view.NewRequest","bindingPath":{"path":"","propertyPath":"/Tags","modelName":"catalogModel"},"ancestor":{"controlType":"sap.m.ColumnListItem","viewName":"etm.portal.ui.managerequests.view.NewRequest","bindingPath":{"modelName":"newRequestItems","path":"/RequestItems/1"},"ancestor":{"id":"requestItemsTable","viewName":"etm.portal.ui.managerequests.view.NewRequest"}},"interaction":{"idSuffix":"inner"}},"clearTextFirst":true,"interactionType":"ENTER_TEXT"}]}
RESULT: {"script":"<script> [776 bytes]","args":[{"enterText":"tagRequest1","selector":{"controlType":"sap.m.Input","viewName":"etm.portal.ui.managerequests.view.NewRequest","bindingPath":{"path":"","propertyPath":"/Tags","modelName":"catalogModel"},"ancestor":{"controlType":"sap.m.ColumnListItem","viewName":"etm.portal.ui.managerequests.view.NewRequest","bindingPath":{"modelName":"newRequestItems","path":"/RequestItems/1"},"ancestor":{"id":"requestItemsTable","viewName":"etm.portal.ui.managerequests.view.NewRequest"}},"interaction":{"idSuffix":"inner"}},"clearTextFirst":true,"interactionType":"ENTER_TEXT"}]}
COMMAND: POST /session/297431b9b55e935159c974fa74f723b8/actions - {"actions":[{"id":"action27","type":"key","parameters":{},"actions":[{"type":"keyDown","value":"î€‡"},{"type":"pause","duration":10},{"type":"keyUp","value":"î€‡"}]}]}
RESULT: {"actions":[{"id":"action27","type":"key","parameters":{},"actions":[{"type":"keyDown","value":"î€‡"},{"type":"pause","duration":10},{"type":"keyUp","value":"î€‡"}]}]}
COMMAND: GET /session/297431b9b55e935159c974fa74f723b8/screenshot - {}
RESULT: {}
RESULT: undefined
COMMAND: POST /session/297431b9b55e935159c974fa74f723b8/execute/async - {"script":"<script> [6424 bytes]","args":[{"element-6066-11e4-a52e-4f735466cecf":"f.C07C1F5C83AA57D4527D3CB7EA58C4CE.d.E316B39DB05029D185DF6D9B78D03170.e.3193"},"getTokens",[]]}
RESULT: {"script":"<script> [6424 bytes]","args":[{"element-6066-11e4-a52e-4f735466cecf":"f.C07C1F5C83AA57D4527D3CB7EA58C4CE.d.E316B39DB05029D185DF6D9B78D03170.e.3193"},"getTokens",[]]}
COMMAND: POST /session/297431b9b55e935159c974fa74f723b8/execute/async - {"script":"<script> [1562 bytes]","args":[{"wdio_ui5_key":"__token7-__tokenizer62-__xmlview59--requestItemsTable-1-1","selector":{"id":"__token7-__tokenizer62-__xmlview59--requestItemsTable-1-1"}}]}
RESULT: undefined
RESULT: {"script":"<script> [1562 bytes]","args":[{"wdio_ui5_key":"__token7-__tokenizer62-__xmlview59--requestItemsTable-1-1","selector":{"id":"__token7-__tokenizer62-__xmlview59--requestItemsTable-1-1"}}]}
RESULT: undefined
COMMAND: POST /session/297431b9b55e935159c974fa74f723b8/execute/async - {"script":"<script> [1562 bytes]","args":[{"selector":{"controlType":"sap.m.Button","viewName":"etm.portal.ui.managerequests.view.NewRequest","properties":{"text":"Save"},"i18NText":{"propertyName":"tooltip","key":"save"},"interaction":{"idSuffix":"BDI-content"}},"wdio_ui5_key":"etmportal.ui.managerequests.view.NewRequestsap.m.Button{\"propertyName\":\"tooltip\",\"key\":\"save\"}{\"text\":\"Save\"}"}]}
RESULT: {"script":"<script> [1562 bytes]","args":[{"selector":{"controlType":"sap.m.Button","viewName":"etm.portal.ui.managerequests.view.NewRequest","properties":{"text":"Save"},"i18NText":{"propertyName":"tooltip","key":"save"},"interaction":{"idSuffix":"BDI-content"}},"wdio_ui5_key":"etmportal.ui.managerequests.view.NewRequestsap.m.Button{\"propertyName\":\"tooltip\",\"key\":\"save\"}{\"text\":\"Save\"}"}]}
RESULT: undefined
COMMAND: POST /session/297431b9b55e935159c974fa74f723b8/element - {"using":"xpath","value":"//*[@id=\"__button109\"]"}
RESULT: {"using":"xpath","value":"//*[@id=\"__button109\"]"}
COMMAND: POST /session/297431b9b55e935159c974fa74f723b8/element/f.C07C1F5C83AA57D4527D3CB7EA58C4CE.d.E316B39DB05029D185DF6D9B78D03170.e.2934/click - {}
RESULT: {}
COMMAND: GET /session/297431b9b55e935159c974fa74f723b8/screenshot - {}
RESULT: {}
COMMAND: POST /session/297431b9b55e935159c974fa74f723b8/element - {"using":"xpath","value":"//bdi[contains(@id ,\"BDI-content\")][contains(text(), \"Close\")]"}
RESULT: {"using":"xpath","value":"//bdi[contains(@id ,\"BDI-content\")][contains(text(), \"Close\")]"}
COMMAND: POST /session/297431b9b55e935159c974fa74f723b8/element/f.C07C1F5C83AA57D4527D3CB7EA58C4CE.d.E316B39DB05029D185DF6D9B78D03170.e.3201/click - {}
RESULT: {}
COMMAND: GET /session/297431b9b55e935159c974fa74f723b8/screenshot - {}
RESULT: {}
]]></system-out>
    </testcase>
    <testcase classname="chrome.136_0_7103_93.windows.Manage_Requests_Tags_Tests_US120163" name="Should Edit Request Tags" time="95.226">
      <system-out><![CDATA[
COMMAND: POST /session/297431b9b55e935159c974fa74f723b8/execute/async - {"script":"<script> [1562 bytes]","args":[{"selector":{"controlType":"sap.ui.core.Icon","viewName":"etm.portal.ui.managerequests.view.Detail","properties":{"src":{"regex":{"source":"overflow"}}}},"wdio_ui5_key":"etmportal.ui.managerequests.view.Detailsap.ui.core.Icon{\"src\":{\"regex\":{\"source\":\"overflow\"}}}"}]}
RESULT: {"script":"<script> [1562 bytes]","args":[{"selector":{"controlType":"sap.ui.core.Icon","viewName":"etm.portal.ui.managerequests.view.Detail","properties":{"src":{"regex":{"source":"overflow"}}}},"wdio_ui5_key":"etmportal.ui.managerequests.view.Detailsap.ui.core.Icon{\"src\":{\"regex\":{\"source\":\"overflow\"}}}"}]}
RESULT: undefined
COMMAND: POST /session/297431b9b55e935159c974fa74f723b8/element - {"using":"xpath","value":"//*[@id=\"__xmlview60--detailHeaderTitle-_actionsToolbar-overflowButton-img\"]"}
RESULT: {"using":"xpath","value":"//*[@id=\"__xmlview60--detailHeaderTitle-_actionsToolbar-overflowButton-img\"]"}
COMMAND: POST /session/297431b9b55e935159c974fa74f723b8/element/f.C07C1F5C83AA57D4527D3CB7EA58C4CE.d.E316B39DB05029D185DF6D9B78D03170.e.3327/click - {}
RESULT: {}
COMMAND: GET /session/297431b9b55e935159c974fa74f723b8/screenshot - {}
RESULT: {}
COMMAND: POST /session/297431b9b55e935159c974fa74f723b8/execute/async - {"script":"<script> [1562 bytes]","args":[{"selector":{"controlType":"sap.uxap.ObjectPageHeaderActionButton","viewName":"etm.portal.ui.managerequests.view.Detail","i18NText":{"propertyName":"text","key":"edit"},"searchOpenDialogs":true,"interaction":{"idSuffix":"inner"}},"wdio_ui5_key":"etmportal.ui.managerequests.view.Detailsap.uxap.ObjectPageHeaderActionButton{\"propertyName\":\"text\",\"key\":\"edit\"}"}]}
RESULT: {"script":"<script> [1562 bytes]","args":[{"selector":{"controlType":"sap.uxap.ObjectPageHeaderActionButton","viewName":"etm.portal.ui.managerequests.view.Detail","i18NText":{"propertyName":"text","key":"edit"},"searchOpenDialogs":true,"interaction":{"idSuffix":"inner"}},"wdio_ui5_key":"etmportal.ui.managerequests.view.Detailsap.uxap.ObjectPageHeaderActionButton{\"propertyName\":\"text\",\"key\":\"edit\"}"}]}
RESULT: undefined
COMMAND: POST /session/297431b9b55e935159c974fa74f723b8/element - {"using":"xpath","value":"//*[@id=\"__button128\"]"}
RESULT: {"using":"xpath","value":"//*[@id=\"__button128\"]"}
COMMAND: POST /session/297431b9b55e935159c974fa74f723b8/element/f.C07C1F5C83AA57D4527D3CB7EA58C4CE.d.E316B39DB05029D185DF6D9B78D03170.e.3331/click - {}
RESULT: {}
COMMAND: GET /session/297431b9b55e935159c974fa74f723b8/screenshot - {}
RESULT: {}
COMMAND: POST /session/297431b9b55e935159c974fa74f723b8/execute/async - {"script":"<script> [1562 bytes]","args":[{"selector":{"controlType":"sap.ui.core.Icon","viewName":"etm.portal.ui.managerequests.view.Edit","properties":{"src":{"regex":{"source":"decline"}}},"ancestor":{"controlType":"sap.m.Token","viewName":"etm.portal.ui.managerequests.view.Edit","bindingPath":{"propertyPath":"TAG","modelName":"catalogModel"},"properties":{"text":"RefTag"}}},"wdio_ui5_key":"etmportal.ui.managerequests.view.Editsap.ui.core.Icon{\"src\":{\"regex\":{\"source\":\"decline\"}}}{\"controlType\":\"sap.m.Token\",\"viewName\":\"etm.portal.ui.managerequests.view.Edit\",\"bindingPath\":{\"propertyPath\":\"TAG\",\"modelName\":\"catalogModel\"},\"properties\":{\"text\":\"RefTag\"}}"}]}
RESULT: {"script":"<script> [1562 bytes]","args":[{"selector":{"controlType":"sap.ui.core.Icon","viewName":"etm.portal.ui.managerequests.view.Edit","properties":{"src":{"regex":{"source":"decline"}}},"ancestor":{"controlType":"sap.m.Token","viewName":"etm.portal.ui.managerequests.view.Edit","bindingPath":{"propertyPath":"TAG","modelName":"catalogModel"},"properties":{"text":"RefTag"}}},"wdio_ui5_key":"etmportal.ui.managerequests.view.Editsap.ui.core.Icon{\"src\":{\"regex\":{\"source\":\"decline\"}}}{\"controlType\":\"sap.m.Token\",\"viewName\":\"etm.portal.ui.managerequests.view.Edit\",\"bindingPath\":{\"propertyPath\":\"TAG\",\"modelName\":\"catalogModel\"},\"properties\":{\"text\":\"RefTag\"}}"}]}
RESULT: undefined
COMMAND: POST /session/297431b9b55e935159c974fa74f723b8/element - {"using":"xpath","value":"//*[@id=\"__token13-__tokenizer64-0-icon\"]"}
RESULT: {"using":"xpath","value":"//*[@id=\"__token13-__tokenizer64-0-icon\"]"}
COMMAND: POST /session/297431b9b55e935159c974fa74f723b8/element/f.C07C1F5C83AA57D4527D3CB7EA58C4CE.d.E316B39DB05029D185DF6D9B78D03170.e.3436/click - {}
RESULT: {}
COMMAND: POST /session/297431b9b55e935159c974fa74f723b8/execute/async - {"script":"<script> [1562 bytes]","args":[{"selector":{"id":"tagMultiInputRequests","viewName":"etm.portal.ui.managerequests.view.Edit","interaction":{"idSuffix":"inner"}},"wdio_ui5_key":"tagMultiInputRequestsetmportal.ui.managerequests.view.Edit"}]}
COMMAND: GET /session/297431b9b55e935159c974fa74f723b8/screenshot - {}
RESULT: {"script":"<script> [1562 bytes]","args":[{"selector":{"id":"tagMultiInputRequests","viewName":"etm.portal.ui.managerequests.view.Edit","interaction":{"idSuffix":"inner"}},"wdio_ui5_key":"tagMultiInputRequestsetmportal.ui.managerequests.view.Edit"}]}
RESULT: undefined
COMMAND: POST /session/297431b9b55e935159c974fa74f723b8/execute/async - {"script":"<script> [6424 bytes]","args":[{"element-6066-11e4-a52e-4f735466cecf":"f.C07C1F5C83AA57D4527D3CB7EA58C4CE.d.E316B39DB05029D185DF6D9B78D03170.e.3363"},"getTokens",[]]}
RESULT: {}
RESULT: {"script":"<script> [6424 bytes]","args":[{"element-6066-11e4-a52e-4f735466cecf":"f.C07C1F5C83AA57D4527D3CB7EA58C4CE.d.E316B39DB05029D185DF6D9B78D03170.e.3363"},"getTokens",[]]}
COMMAND: POST /session/297431b9b55e935159c974fa74f723b8/execute/async - {"script":"<script> [1562 bytes]","args":[{"wdio_ui5_key":"__token13-__tokenizer64-1","selector":{"id":"__token13-__tokenizer64-1"}}]}
RESULT: {"script":"<script> [1562 bytes]","args":[{"wdio_ui5_key":"__token13-__tokenizer64-1","selector":{"id":"__token13-__tokenizer64-1"}}]}
RESULT: undefined
RESULT: undefined
COMMAND: POST /session/297431b9b55e935159c974fa74f723b8/execute/async - {"script":"<script> [776 bytes]","args":[{"enterText":"RefTag","selector":{"id":"tagMultiInputRequests","viewName":"etm.portal.ui.managerequests.view.Edit","interaction":{"idSuffix":"inner"}},"clearTextFirst":true,"interactionType":"ENTER_TEXT"}]}
RESULT: {"script":"<script> [776 bytes]","args":[{"enterText":"RefTag","selector":{"id":"tagMultiInputRequests","viewName":"etm.portal.ui.managerequests.view.Edit","interaction":{"idSuffix":"inner"}},"clearTextFirst":true,"interactionType":"ENTER_TEXT"}]}
COMMAND: POST /session/297431b9b55e935159c974fa74f723b8/actions - {"actions":[{"id":"action28","type":"key","parameters":{},"actions":[{"type":"keyDown","value":"î€‡"},{"type":"pause","duration":10},{"type":"keyUp","value":"î€‡"}]}]}
RESULT: {"actions":[{"id":"action28","type":"key","parameters":{},"actions":[{"type":"keyDown","value":"î€‡"},{"type":"pause","duration":10},{"type":"keyUp","value":"î€‡"}]}]}
COMMAND: GET /session/297431b9b55e935159c974fa74f723b8/screenshot - {}
RESULT: {}
RESULT: undefined
COMMAND: POST /session/297431b9b55e935159c974fa74f723b8/execute/async - {"script":"<script> [6424 bytes]","args":[{"element-6066-11e4-a52e-4f735466cecf":"f.C07C1F5C83AA57D4527D3CB7EA58C4CE.d.E316B39DB05029D185DF6D9B78D03170.e.3363"},"getTokens",[]]}
RESULT: {"script":"<script> [6424 bytes]","args":[{"element-6066-11e4-a52e-4f735466cecf":"f.C07C1F5C83AA57D4527D3CB7EA58C4CE.d.E316B39DB05029D185DF6D9B78D03170.e.3363"},"getTokens",[]]}
COMMAND: POST /session/297431b9b55e935159c974fa74f723b8/execute/async - {"script":"<script> [1562 bytes]","args":[{"wdio_ui5_key":"__token16","selector":{"id":"__token16"}}]}
RESULT: undefined
RESULT: {"script":"<script> [1562 bytes]","args":[{"wdio_ui5_key":"__token16","selector":{"id":"__token16"}}]}
RESULT: undefined
COMMAND: POST /session/297431b9b55e935159c974fa74f723b8/execute/async - {"script":"<script> [1562 bytes]","args":[{"selector":{"controlType":"sap.m.Button","viewName":"etm.portal.ui.managerequests.view.Edit","properties":{"text":"Items (2)"},"interaction":{"idSuffix":"BDI-content"}},"wdio_ui5_key":"etmportal.ui.managerequests.view.Editsap.m.Button{\"text\":\"Items (2)\"}"}]}
RESULT: {"script":"<script> [1562 bytes]","args":[{"selector":{"controlType":"sap.m.Button","viewName":"etm.portal.ui.managerequests.view.Edit","properties":{"text":"Items (2)"},"interaction":{"idSuffix":"BDI-content"}},"wdio_ui5_key":"etmportal.ui.managerequests.view.Editsap.m.Button{\"text\":\"Items (2)\"}"}]}
RESULT: undefined
COMMAND: POST /session/297431b9b55e935159c974fa74f723b8/element - {"using":"xpath","value":"//*[@id=\"__xmlview61--editRequestPage-anchBar-__xmlview61--requestItemsSection-anchor\"]"}
RESULT: {"using":"xpath","value":"//*[@id=\"__xmlview61--editRequestPage-anchBar-__xmlview61--requestItemsSection-anchor\"]"}
COMMAND: POST /session/297431b9b55e935159c974fa74f723b8/element/f.C07C1F5C83AA57D4527D3CB7EA58C4CE.d.E316B39DB05029D185DF6D9B78D03170.e.3441/click - {}
RESULT: {}
COMMAND: GET /session/297431b9b55e935159c974fa74f723b8/screenshot - {}
RESULT: {}
COMMAND: POST /session/297431b9b55e935159c974fa74f723b8/execute/async - {"script":"<script> [1562 bytes]","args":[{"selector":{"controlType":"sap.ui.core.Icon","viewName":"etm.portal.ui.managerequests.view.Edit","properties":{"src":{"regex":{"source":"inspect"}}}},"wdio_ui5_key":"etmportal.ui.managerequests.view.Editsap.ui.core.Icon{\"src\":{\"regex\":{\"source\":\"inspect\"}}}"}]}
RESULT: {"script":"<script> [1562 bytes]","args":[{"selector":{"controlType":"sap.ui.core.Icon","viewName":"etm.portal.ui.managerequests.view.Edit","properties":{"src":{"regex":{"source":"inspect"}}}},"wdio_ui5_key":"etmportal.ui.managerequests.view.Editsap.ui.core.Icon{\"src\":{\"regex\":{\"source\":\"inspect\"}}}"}]}
RESULT: undefined
COMMAND: POST /session/297431b9b55e935159c974fa74f723b8/element - {"using":"xpath","value":"//*[@id=\"__button153-img\"]"}
RESULT: {"using":"xpath","value":"//*[@id=\"__button153-img\"]"}
COMMAND: POST /session/297431b9b55e935159c974fa74f723b8/element/f.C07C1F5C83AA57D4527D3CB7EA58C4CE.d.E316B39DB05029D185DF6D9B78D03170.e.3447/click - {}
RESULT: {}
COMMAND: GET /session/297431b9b55e935159c974fa74f723b8/screenshot - {}
RESULT: {}
COMMAND: POST /session/297431b9b55e935159c974fa74f723b8/execute/async - {"script":"<script> [1562 bytes]","args":[{"selector":{"controlType":"sap.m.Tokenizer","viewName":"etm.portal.ui.managerequests.view.Edit","bindingPath":{"path":"/RequestItems/0","propertyPath":"LINK_TO_TAGS","modelName":"RequestItemsModel"}},"wdio_ui5_key":"etmportal.ui.managerequests.view.Editsap.m.Tokenizer{\"path\":\"/RequestItems/0\",\"propertyPath\":\"LINK_TO_TAGS\",\"modelName\":\"RequestItemsModel\"}"}]}
RESULT: {"script":"<script> [1562 bytes]","args":[{"selector":{"controlType":"sap.m.Tokenizer","viewName":"etm.portal.ui.managerequests.view.Edit","bindingPath":{"path":"/RequestItems/0","propertyPath":"LINK_TO_TAGS","modelName":"RequestItemsModel"}},"wdio_ui5_key":"etmportal.ui.managerequests.view.Editsap.m.Tokenizer{\"path\":\"/RequestItems/0\",\"propertyPath\":\"LINK_TO_TAGS\",\"modelName\":\"RequestItemsModel\"}"}]}
RESULT: undefined
COMMAND: POST /session/297431b9b55e935159c974fa74f723b8/element - {"using":"xpath","value":"//*[@id=\"__tokenizer66\"]"}
RESULT: {"using":"xpath","value":"//*[@id=\"__tokenizer66\"]"}
COMMAND: POST /session/297431b9b55e935159c974fa74f723b8/element/f.C07C1F5C83AA57D4527D3CB7EA58C4CE.d.E316B39DB05029D185DF6D9B78D03170.e.3449/click - {}
RESULT: {}
COMMAND: GET /session/297431b9b55e935159c974fa74f723b8/screenshot - {}
RESULT: {}
COMMAND: POST /session/297431b9b55e935159c974fa74f723b8/execute/async - {"script":"<script> [1562 bytes]","args":[{"selector":{"controlType":"sap.ui.core.Icon","viewName":"etm.portal.ui.managerequests.view.Edit","properties":{"src":{"regex":{"source":"decline"}}},"searchOpenDialogs":true,"ancestor":{"controlType":"sap.m.StandardListItem","viewName":"etm.portal.ui.managerequests.view.Edit","properties":{"title":"tag-duplicate"},"searchOpenDialogs":true}},"wdio_ui5_key":"etmportal.ui.managerequests.view.Editsap.ui.core.Icon{\"src\":{\"regex\":{\"source\":\"decline\"}}}{\"controlType\":\"sap.m.StandardListItem\",\"viewName\":\"etm.portal.ui.managerequests.view.Edit\",\"properties\":{\"title\":\"tag-duplicate\"},\"searchOpenDialogs\":true}"}]}
RESULT: {"script":"<script> [1562 bytes]","args":[{"selector":{"controlType":"sap.ui.core.Icon","viewName":"etm.portal.ui.managerequests.view.Edit","properties":{"src":{"regex":{"source":"decline"}}},"searchOpenDialogs":true,"ancestor":{"controlType":"sap.m.StandardListItem","viewName":"etm.portal.ui.managerequests.view.Edit","properties":{"title":"tag-duplicate"},"searchOpenDialogs":true}},"wdio_ui5_key":"etmportal.ui.managerequests.view.Editsap.ui.core.Icon{\"src\":{\"regex\":{\"source\":\"decline\"}}}{\"controlType\":\"sap.m.StandardListItem\",\"viewName\":\"etm.portal.ui.managerequests.view.Edit\",\"properties\":{\"title\":\"tag-duplicate\"},\"searchOpenDialogs\":true}"}]}
RESULT: undefined
COMMAND: POST /session/297431b9b55e935159c974fa74f723b8/element - {"using":"xpath","value":"//*[@id=\"__item1856-imgDel-img\"]"}
RESULT: {"using":"xpath","value":"//*[@id=\"__item1856-imgDel-img\"]"}
COMMAND: POST /session/297431b9b55e935159c974fa74f723b8/element/f.C07C1F5C83AA57D4527D3CB7EA58C4CE.d.E316B39DB05029D185DF6D9B78D03170.e.3452/click - {}
RESULT: {}
COMMAND: GET /session/297431b9b55e935159c974fa74f723b8/screenshot - {}
RESULT: {}
COMMAND: POST /session/297431b9b55e935159c974fa74f723b8/actions - {"actions":[{"id":"action29","type":"key","parameters":{},"actions":[{"type":"keyDown","value":"î€Œ"},{"type":"pause","duration":10},{"type":"keyUp","value":"î€Œ"}]}]}
RESULT: {"actions":[{"id":"action29","type":"key","parameters":{},"actions":[{"type":"keyDown","value":"î€Œ"},{"type":"pause","duration":10},{"type":"keyUp","value":"î€Œ"}]}]}
COMMAND: POST /session/297431b9b55e935159c974fa74f723b8/execute/async - {"script":"<script> [1562 bytes]","args":[{"selector":{"controlType":"sap.m.Tokenizer","viewName":"etm.portal.ui.managerequests.view.Edit","bindingPath":{"path":"/RequestItems/1","propertyPath":"LINK_TO_TAGS","modelName":"RequestItemsModel"}},"wdio_ui5_key":"etmportal.ui.managerequests.view.Editsap.m.Tokenizer{\"path\":\"/RequestItems/1\",\"propertyPath\":\"LINK_TO_TAGS\",\"modelName\":\"RequestItemsModel\"}"}]}
COMMAND: GET /session/297431b9b55e935159c974fa74f723b8/screenshot - {}
RESULT: {"script":"<script> [1562 bytes]","args":[{"selector":{"controlType":"sap.m.Tokenizer","viewName":"etm.portal.ui.managerequests.view.Edit","bindingPath":{"path":"/RequestItems/1","propertyPath":"LINK_TO_TAGS","modelName":"RequestItemsModel"}},"wdio_ui5_key":"etmportal.ui.managerequests.view.Editsap.m.Tokenizer{\"path\":\"/RequestItems/1\",\"propertyPath\":\"LINK_TO_TAGS\",\"modelName\":\"RequestItemsModel\"}"}]}
RESULT: undefined
COMMAND: POST /session/297431b9b55e935159c974fa74f723b8/element - {"using":"xpath","value":"//*[@id=\"__tokenizer67\"]"}
RESULT: {}
RESULT: {"using":"xpath","value":"//*[@id=\"__tokenizer67\"]"}
COMMAND: POST /session/297431b9b55e935159c974fa74f723b8/element/f.C07C1F5C83AA57D4527D3CB7EA58C4CE.d.E316B39DB05029D185DF6D9B78D03170.e.3455/click - {}
RESULT: {}
COMMAND: GET /session/297431b9b55e935159c974fa74f723b8/screenshot - {}
RESULT: {}
COMMAND: POST /session/297431b9b55e935159c974fa74f723b8/execute/async - {"script":"<script> [1562 bytes]","args":[{"selector":{"controlType":"sap.ui.core.Icon","viewName":"etm.portal.ui.managerequests.view.Edit","properties":{"src":{"regex":{"source":"decline"}}},"searchOpenDialogs":true,"ancestor":{"controlType":"sap.m.StandardListItem","viewName":"etm.portal.ui.managerequests.view.Edit","properties":{"title":"tagRequest1"},"searchOpenDialogs":true}},"wdio_ui5_key":"etmportal.ui.managerequests.view.Editsap.ui.core.Icon{\"src\":{\"regex\":{\"source\":\"decline\"}}}{\"controlType\":\"sap.m.StandardListItem\",\"viewName\":\"etm.portal.ui.managerequests.view.Edit\",\"properties\":{\"title\":\"tagRequest1\"},\"searchOpenDialogs\":true}"}]}
RESULT: {"script":"<script> [1562 bytes]","args":[{"selector":{"controlType":"sap.ui.core.Icon","viewName":"etm.portal.ui.managerequests.view.Edit","properties":{"src":{"regex":{"source":"decline"}}},"searchOpenDialogs":true,"ancestor":{"controlType":"sap.m.StandardListItem","viewName":"etm.portal.ui.managerequests.view.Edit","properties":{"title":"tagRequest1"},"searchOpenDialogs":true}},"wdio_ui5_key":"etmportal.ui.managerequests.view.Editsap.ui.core.Icon{\"src\":{\"regex\":{\"source\":\"decline\"}}}{\"controlType\":\"sap.m.StandardListItem\",\"viewName\":\"etm.portal.ui.managerequests.view.Edit\",\"properties\":{\"title\":\"tagRequest1\"},\"searchOpenDialogs\":true}"}]}
RESULT: undefined
COMMAND: POST /session/297431b9b55e935159c974fa74f723b8/element - {"using":"xpath","value":"//*[@id=\"__item1864-imgDel-img\"]"}
RESULT: {"using":"xpath","value":"//*[@id=\"__item1864-imgDel-img\"]"}
COMMAND: POST /session/297431b9b55e935159c974fa74f723b8/element/f.C07C1F5C83AA57D4527D3CB7EA58C4CE.d.E316B39DB05029D185DF6D9B78D03170.e.3458/click - {}
RESULT: {}
COMMAND: GET /session/297431b9b55e935159c974fa74f723b8/screenshot - {}
RESULT: {}
COMMAND: POST /session/297431b9b55e935159c974fa74f723b8/execute/async - {"script":"<script> [1562 bytes]","args":[{"selector":{"controlType":"sap.ui.core.Icon","viewName":"etm.portal.ui.managerequests.view.Edit","properties":{"src":{"regex":{"source":"decline"}}},"searchOpenDialogs":true,"ancestor":{"controlType":"sap.m.StandardListItem","viewName":"etm.portal.ui.managerequests.view.Edit","properties":{"title":"RefTag"},"searchOpenDialogs":true}},"wdio_ui5_key":"etmportal.ui.managerequests.view.Editsap.ui.core.Icon{\"src\":{\"regex\":{\"source\":\"decline\"}}}{\"controlType\":\"sap.m.StandardListItem\",\"viewName\":\"etm.portal.ui.managerequests.view.Edit\",\"properties\":{\"title\":\"RefTag\"},\"searchOpenDialogs\":true}"}]}
RESULT: {"script":"<script> [1562 bytes]","args":[{"selector":{"controlType":"sap.ui.core.Icon","viewName":"etm.portal.ui.managerequests.view.Edit","properties":{"src":{"regex":{"source":"decline"}}},"searchOpenDialogs":true,"ancestor":{"controlType":"sap.m.StandardListItem","viewName":"etm.portal.ui.managerequests.view.Edit","properties":{"title":"RefTag"},"searchOpenDialogs":true}},"wdio_ui5_key":"etmportal.ui.managerequests.view.Editsap.ui.core.Icon{\"src\":{\"regex\":{\"source\":\"decline\"}}}{\"controlType\":\"sap.m.StandardListItem\",\"viewName\":\"etm.portal.ui.managerequests.view.Edit\",\"properties\":{\"title\":\"RefTag\"},\"searchOpenDialogs\":true}"}]}
RESULT: undefined
COMMAND: POST /session/297431b9b55e935159c974fa74f723b8/element - {"using":"xpath","value":"//*[@id=\"__item1868-imgDel-img\"]"}
RESULT: {"using":"xpath","value":"//*[@id=\"__item1868-imgDel-img\"]"}
COMMAND: POST /session/297431b9b55e935159c974fa74f723b8/element/f.C07C1F5C83AA57D4527D3CB7EA58C4CE.d.E316B39DB05029D185DF6D9B78D03170.e.3461/click - {}
RESULT: {}
COMMAND: GET /session/297431b9b55e935159c974fa74f723b8/screenshot - {}
RESULT: {}
COMMAND: POST /session/297431b9b55e935159c974fa74f723b8/execute/async - {"script":"<script> [1562 bytes]","args":[{"selector":{"controlType":"sap.ui.core.Icon","viewName":"etm.portal.ui.managerequests.view.Edit","properties":{"src":{"regex":{"source":"decline"}}},"searchOpenDialogs":true,"ancestor":{"controlType":"sap.m.StandardListItem","viewName":"etm.portal.ui.managerequests.view.Edit","properties":{"title":"tag-header"},"searchOpenDialogs":true}},"wdio_ui5_key":"etmportal.ui.managerequests.view.Editsap.ui.core.Icon{\"src\":{\"regex\":{\"source\":\"decline\"}}}{\"controlType\":\"sap.m.StandardListItem\",\"viewName\":\"etm.portal.ui.managerequests.view.Edit\",\"properties\":{\"title\":\"tag-header\"},\"searchOpenDialogs\":true}"}]}
RESULT: {"script":"<script> [1562 bytes]","args":[{"selector":{"controlType":"sap.ui.core.Icon","viewName":"etm.portal.ui.managerequests.view.Edit","properties":{"src":{"regex":{"source":"decline"}}},"searchOpenDialogs":true,"ancestor":{"controlType":"sap.m.StandardListItem","viewName":"etm.portal.ui.managerequests.view.Edit","properties":{"title":"tag-header"},"searchOpenDialogs":true}},"wdio_ui5_key":"etmportal.ui.managerequests.view.Editsap.ui.core.Icon{\"src\":{\"regex\":{\"source\":\"decline\"}}}{\"controlType\":\"sap.m.StandardListItem\",\"viewName\":\"etm.portal.ui.managerequests.view.Edit\",\"properties\":{\"title\":\"tag-header\"},\"searchOpenDialogs\":true}"}]}
RESULT: undefined
COMMAND: POST /session/297431b9b55e935159c974fa74f723b8/element - {"using":"xpath","value":"//*[@id=\"__item1871-imgDel-img\"]"}
RESULT: {"using":"xpath","value":"//*[@id=\"__item1871-imgDel-img\"]"}
COMMAND: POST /session/297431b9b55e935159c974fa74f723b8/element/f.C07C1F5C83AA57D4527D3CB7EA58C4CE.d.E316B39DB05029D185DF6D9B78D03170.e.3464/click - {}
RESULT: {}
COMMAND: GET /session/297431b9b55e935159c974fa74f723b8/screenshot - {}
RESULT: {}
COMMAND: POST /session/297431b9b55e935159c974fa74f723b8/actions - {"actions":[{"id":"action30","type":"key","parameters":{},"actions":[{"type":"keyDown","value":"î€ƒ"},{"type":"pause","duration":10},{"type":"keyUp","value":"î€ƒ"}]}]}
RESULT: {"actions":[{"id":"action30","type":"key","parameters":{},"actions":[{"type":"keyDown","value":"î€ƒ"},{"type":"pause","duration":10},{"type":"keyUp","value":"î€ƒ"}]}]}
COMMAND: POST /session/297431b9b55e935159c974fa74f723b8/actions - {"actions":[{"id":"action31","type":"key","parameters":{},"actions":[{"type":"keyDown","value":"î€ƒ"},{"type":"pause","duration":10},{"type":"keyUp","value":"î€ƒ"}]}]}
COMMAND: GET /session/297431b9b55e935159c974fa74f723b8/screenshot - {}
RESULT: {"actions":[{"id":"action31","type":"key","parameters":{},"actions":[{"type":"keyDown","value":"î€ƒ"},{"type":"pause","duration":10},{"type":"keyUp","value":"î€ƒ"}]}]}
COMMAND: GET /session/297431b9b55e935159c974fa74f723b8/screenshot - {}
RESULT: {}
RESULT: {}
COMMAND: POST /session/297431b9b55e935159c974fa74f723b8/execute/async - {"script":"<script> [1562 bytes]","args":[{"selector":{"controlType":"sap.m.Button","viewName":"etm.portal.ui.managerequests.view.Edit","i18NText":{"propertyName":"tooltip","key":"save"},"interaction":{"idSuffix":"BDI-content"}},"wdio_ui5_key":"etmportal.ui.managerequests.view.Editsap.m.Button{\"propertyName\":\"tooltip\",\"key\":\"save\"}"}]}
RESULT: {"script":"<script> [1562 bytes]","args":[{"selector":{"controlType":"sap.m.Button","viewName":"etm.portal.ui.managerequests.view.Edit","i18NText":{"propertyName":"tooltip","key":"save"},"interaction":{"idSuffix":"BDI-content"}},"wdio_ui5_key":"etmportal.ui.managerequests.view.Editsap.m.Button{\"propertyName\":\"tooltip\",\"key\":\"save\"}"}]}
RESULT: undefined
COMMAND: POST /session/297431b9b55e935159c974fa74f723b8/element - {"using":"xpath","value":"//*[@id=\"__xmlview61--saveButtonId\"]"}
RESULT: {"using":"xpath","value":"//*[@id=\"__xmlview61--saveButtonId\"]"}
COMMAND: POST /session/297431b9b55e935159c974fa74f723b8/element/f.C07C1F5C83AA57D4527D3CB7EA58C4CE.d.E316B39DB05029D185DF6D9B78D03170.e.3372/click - {}
RESULT: {}
COMMAND: GET /session/297431b9b55e935159c974fa74f723b8/screenshot - {}
RESULT: {}
COMMAND: POST /session/297431b9b55e935159c974fa74f723b8/execute/async - {"script":"<script> [1562 bytes]","args":[{"selector":{"id":"tagsLayoutViewMode","viewName":"etm.portal.ui.managerequests.view.Detail"},"wdio_ui5_key":"tagsLayoutViewModeetmportal.ui.managerequests.view.Detail"}]}
RESULT: {"script":"<script> [1562 bytes]","args":[{"selector":{"id":"tagsLayoutViewMode","viewName":"etm.portal.ui.managerequests.view.Detail"},"wdio_ui5_key":"tagsLayoutViewModeetmportal.ui.managerequests.view.Detail"}]}
RESULT: undefined
COMMAND: POST /session/297431b9b55e935159c974fa74f723b8/execute/async - {"script":"<script> [6424 bytes]","args":[{"element-6066-11e4-a52e-4f735466cecf":"f.C07C1F5C83AA57D4527D3CB7EA58C4CE.d.E316B39DB05029D185DF6D9B78D03170.e.3606"},"getTokens",[]]}
RESULT: {"script":"<script> [6424 bytes]","args":[{"element-6066-11e4-a52e-4f735466cecf":"f.C07C1F5C83AA57D4527D3CB7EA58C4CE.d.E316B39DB05029D185DF6D9B78D03170.e.3606"},"getTokens",[]]}
COMMAND: POST /session/297431b9b55e935159c974fa74f723b8/execute/async - {"script":"<script> [1562 bytes]","args":[{"wdio_ui5_key":"__token11-__xmlview60--tagsLayoutViewMode-1","selector":{"id":"__token11-__xmlview60--tagsLayoutViewMode-1"}}]}
COMMAND: POST /session/297431b9b55e935159c974fa74f723b8/execute/async - {"script":"<script> [1562 bytes]","args":[{"wdio_ui5_key":"__token11-__xmlview60--tagsLayoutViewMode-0","selector":{"id":"__token11-__xmlview60--tagsLayoutViewMode-0"}}]}
RESULT: {"script":"<script> [1562 bytes]","args":[{"wdio_ui5_key":"__token11-__xmlview60--tagsLayoutViewMode-1","selector":{"id":"__token11-__xmlview60--tagsLayoutViewMode-1"}}]}
RESULT: undefined
RESULT: {"script":"<script> [1562 bytes]","args":[{"wdio_ui5_key":"__token11-__xmlview60--tagsLayoutViewMode-0","selector":{"id":"__token11-__xmlview60--tagsLayoutViewMode-0"}}]}
RESULT: undefined
COMMAND: POST /session/297431b9b55e935159c974fa74f723b8/execute/async - {"script":"<script> [1562 bytes]","args":[{"selector":{"controlType":"sap.m.OverflowToolbarButton","viewName":"etm.portal.ui.managerequests.view.Detail","properties":{"text":"Settings"},"interaction":{"idSuffix":"inner"}},"wdio_ui5_key":"etmportal.ui.managerequests.view.Detailsap.m.OverflowToolbarButton{\"text\":\"Settings\"}"}]}
RESULT: {"script":"<script> [1562 bytes]","args":[{"selector":{"controlType":"sap.m.OverflowToolbarButton","viewName":"etm.portal.ui.managerequests.view.Detail","properties":{"text":"Settings"},"interaction":{"idSuffix":"inner"}},"wdio_ui5_key":"etmportal.ui.managerequests.view.Detailsap.m.OverflowToolbarButton{\"text\":\"Settings\"}"}]}
RESULT: undefined
COMMAND: POST /session/297431b9b55e935159c974fa74f723b8/element - {"using":"xpath","value":"//*[@id=\"__xmlview60--smartTableRequestItems-btnPersonalisation\"]"}
RESULT: {"using":"xpath","value":"//*[@id=\"__xmlview60--smartTableRequestItems-btnPersonalisation\"]"}
COMMAND: POST /session/297431b9b55e935159c974fa74f723b8/element/f.C07C1F5C83AA57D4527D3CB7EA58C4CE.d.E316B39DB05029D185DF6D9B78D03170.e.3610/click - {}
RESULT: {}
COMMAND: POST /session/297431b9b55e935159c974fa74f723b8/execute/async - {"script":"<script> [1562 bytes]","args":[{"selector":{"controlType":"sap.m.SearchField","viewName":"etm.portal.ui.managerequests.view.Detail","searchOpenDialogs":true,"interaction":{"idSuffix":"I"}},"wdio_ui5_key":"etmportal.ui.managerequests.view.Detailsap.m.SearchField"}]}
COMMAND: GET /session/297431b9b55e935159c974fa74f723b8/screenshot - {}
RESULT: {"script":"<script> [1562 bytes]","args":[{"selector":{"controlType":"sap.m.SearchField","viewName":"etm.portal.ui.managerequests.view.Detail","searchOpenDialogs":true,"interaction":{"idSuffix":"I"}},"wdio_ui5_key":"etmportal.ui.managerequests.view.Detailsap.m.SearchField"}]}
RESULT: undefined
COMMAND: POST /session/297431b9b55e935159c974fa74f723b8/execute/async - {"script":"<script> [776 bytes]","args":[{"enterText":"tag","selector":{"controlType":"sap.m.SearchField","viewName":"etm.portal.ui.managerequests.view.Detail","searchOpenDialogs":true,"interaction":{"idSuffix":"I"}},"clearTextFirst":true,"interactionType":"ENTER_TEXT"}]}
RESULT: {}
RESULT: {"script":"<script> [776 bytes]","args":[{"enterText":"tag","selector":{"controlType":"sap.m.SearchField","viewName":"etm.portal.ui.managerequests.view.Detail","searchOpenDialogs":true,"interaction":{"idSuffix":"I"}},"clearTextFirst":true,"interactionType":"ENTER_TEXT"}]}
COMMAND: POST /session/297431b9b55e935159c974fa74f723b8/element - {"using":"xpath","value":"//div[contains(@id ,\"innerSelectionPanelTable-0-selectMulti-CbBg\")]"}
RESULT: {"using":"xpath","value":"//div[contains(@id ,\"innerSelectionPanelTable-0-selectMulti-CbBg\")]"}
COMMAND: POST /session/297431b9b55e935159c974fa74f723b8/element/f.C07C1F5C83AA57D4527D3CB7EA58C4CE.d.E316B39DB05029D185DF6D9B78D03170.e.3647/click - {}
RESULT: {}
COMMAND: POST /session/297431b9b55e935159c974fa74f723b8/execute/async - {"script":"<script> [1562 bytes]","args":[{"selector":{"controlType":"sap.m.Button","viewName":"etm.portal.ui.managerequests.view.Detail","properties":{"text":"OK"},"searchOpenDialogs":true,"interaction":{"idSuffix":"BDI-content"}},"wdio_ui5_key":"etmportal.ui.managerequests.view.Detailsap.m.Button{\"text\":\"OK\"}"}]}
COMMAND: GET /session/297431b9b55e935159c974fa74f723b8/screenshot - {}
RESULT: {"script":"<script> [1562 bytes]","args":[{"selector":{"controlType":"sap.m.Button","viewName":"etm.portal.ui.managerequests.view.Detail","properties":{"text":"OK"},"searchOpenDialogs":true,"interaction":{"idSuffix":"BDI-content"}},"wdio_ui5_key":"etmportal.ui.managerequests.view.Detailsap.m.Button{\"text\":\"OK\"}"}]}
RESULT: undefined
COMMAND: POST /session/297431b9b55e935159c974fa74f723b8/element - {"using":"xpath","value":"//*[@id=\"__popup368-confirmBtn\"]"}
RESULT: {}
RESULT: {"using":"xpath","value":"//*[@id=\"__popup368-confirmBtn\"]"}
COMMAND: POST /session/297431b9b55e935159c974fa74f723b8/element/f.C07C1F5C83AA57D4527D3CB7EA58C4CE.d.E316B39DB05029D185DF6D9B78D03170.e.3651/click - {}
RESULT: {}
COMMAND: GET /session/297431b9b55e935159c974fa74f723b8/screenshot - {}
RESULT: {}
COMMAND: POST /session/297431b9b55e935159c974fa74f723b8/execute/async - {"script":"<script> [1562 bytes]","args":[{"selector":{"controlType":"sap.m.Text","viewName":"etm.portal.ui.managerequests.view.Detail","bindingPath":{"propertyPath":"NO","modelName":"catalogModel"}},"wdio_ui5_key":"etmportal.ui.managerequests.view.Detailsap.m.Text{\"propertyPath\":\"NO\",\"modelName\":\"catalogModel\"}"}]}
RESULT: {"script":"<script> [1562 bytes]","args":[{"selector":{"controlType":"sap.m.Text","viewName":"etm.portal.ui.managerequests.view.Detail","bindingPath":{"propertyPath":"NO","modelName":"catalogModel"}},"wdio_ui5_key":"etmportal.ui.managerequests.view.Detailsap.m.Text{\"propertyPath\":\"NO\",\"modelName\":\"catalogModel\"}"}]}
RESULT: undefined
COMMAND: POST /session/297431b9b55e935159c974fa74f723b8/execute/async - {"script":"<script> [6424 bytes]","args":[{"element-6066-11e4-a52e-4f735466cecf":"f.C07C1F5C83AA57D4527D3CB7EA58C4CE.d.E316B39DB05029D185DF6D9B78D03170.e.3664"},"getText",[]]}
RESULT: {"script":"<script> [6424 bytes]","args":[{"element-6066-11e4-a52e-4f735466cecf":"f.C07C1F5C83AA57D4527D3CB7EA58C4CE.d.E316B39DB05029D185DF6D9B78D03170.e.3664"},"getText",[]]}
COMMAND: POST /session/297431b9b55e935159c974fa74f723b8/execute/async - {"script":"<script> [1562 bytes]","args":[{"selector":{"controlType":"sap.m.Tokenizer","viewName":"etm.portal.ui.managerequests.view.Detail","bindingPath":{"path":"/SmartRequestItemsPlanningBoard(ITEM=10m,REQUEST='20121')","propertyPath":"LINK_TO_TAGS"}},"wdio_ui5_key":"etmportal.ui.managerequests.view.Detailsap.m.Tokenizer{\"path\":\"/SmartRequestItemsPlanningBoard(ITEM=10m,REQUEST='20121')\",\"propertyPath\":\"LINK_TO_TAGS\"}"}]}
RESULT: {"script":"<script> [1562 bytes]","args":[{"selector":{"controlType":"sap.m.Tokenizer","viewName":"etm.portal.ui.managerequests.view.Detail","bindingPath":{"path":"/SmartRequestItemsPlanningBoard(ITEM=10m,REQUEST='20121')","propertyPath":"LINK_TO_TAGS"}},"wdio_ui5_key":"etmportal.ui.managerequests.view.Detailsap.m.Tokenizer{\"path\":\"/SmartRequestItemsPlanningBoard(ITEM=10m,REQUEST='20121')\",\"propertyPath\":\"LINK_TO_TAGS\"}"}]}
RESULT: undefined
COMMAND: POST /session/297431b9b55e935159c974fa74f723b8/execute/async - {"script":"<script> [6424 bytes]","args":[{"element-6066-11e4-a52e-4f735466cecf":"f.C07C1F5C83AA57D4527D3CB7EA58C4CE.d.E316B39DB05029D185DF6D9B78D03170.e.3665"},"getTokens",[]]}
RESULT: {"script":"<script> [6424 bytes]","args":[{"element-6066-11e4-a52e-4f735466cecf":"f.C07C1F5C83AA57D4527D3CB7EA58C4CE.d.E316B39DB05029D185DF6D9B78D03170.e.3665"},"getTokens",[]]}
COMMAND: POST /session/297431b9b55e935159c974fa74f723b8/execute/async - {"script":"<script> [1562 bytes]","args":[{"wdio_ui5_key":"__token12-__tokenizer63-__clone4864-1","selector":{"id":"__token12-__tokenizer63-__clone4864-1"}}]}
COMMAND: POST /session/297431b9b55e935159c974fa74f723b8/execute/async - {"script":"<script> [1562 bytes]","args":[{"wdio_ui5_key":"__token12-__tokenizer63-__clone4864-2","selector":{"id":"__token12-__tokenizer63-__clone4864-2"}}]}
COMMAND: POST /session/297431b9b55e935159c974fa74f723b8/execute/async - {"script":"<script> [1562 bytes]","args":[{"wdio_ui5_key":"__token12-__tokenizer63-__clone4864-0","selector":{"id":"__token12-__tokenizer63-__clone4864-0"}}]}
RESULT: {"script":"<script> [1562 bytes]","args":[{"wdio_ui5_key":"__token12-__tokenizer63-__clone4864-1","selector":{"id":"__token12-__tokenizer63-__clone4864-1"}}]}
RESULT: undefined
RESULT: {"script":"<script> [1562 bytes]","args":[{"wdio_ui5_key":"__token12-__tokenizer63-__clone4864-2","selector":{"id":"__token12-__tokenizer63-__clone4864-2"}}]}
RESULT: undefined
RESULT: {"script":"<script> [1562 bytes]","args":[{"wdio_ui5_key":"__token12-__tokenizer63-__clone4864-0","selector":{"id":"__token12-__tokenizer63-__clone4864-0"}}]}
RESULT: undefined
COMMAND: POST /session/297431b9b55e935159c974fa74f723b8/element - {"using":"xpath","value":"(//span[contains(text(), \"tag-header\")])[2]"}
RESULT: {"using":"xpath","value":"(//span[contains(text(), \"tag-header\")])[2]"}
COMMAND: POST /session/297431b9b55e935159c974fa74f723b8/elements - {"using":"xpath","value":"(//span[contains(text(), \"tag-header\")])[2]"}
RESULT: {"using":"xpath","value":"(//span[contains(text(), \"tag-header\")])[2]"}
COMMAND: POST /session/297431b9b55e935159c974fa74f723b8/execute/async - {"script":"<script> [1562 bytes]","args":[{"selector":{"controlType":"sap.m.Tokenizer","viewName":"etm.portal.ui.managerequests.view.Detail","bindingPath":{"path":"/SmartRequestItemsPlanningBoard(ITEM=20m,REQUEST='20121')","propertyPath":"LINK_TO_TAGS"}},"wdio_ui5_key":"etmportal.ui.managerequests.view.Detailsap.m.Tokenizer{\"path\":\"/SmartRequestItemsPlanningBoard(ITEM=20m,REQUEST='20121')\",\"propertyPath\":\"LINK_TO_TAGS\"}"}]}
RESULT: {"script":"<script> [1562 bytes]","args":[{"selector":{"controlType":"sap.m.Tokenizer","viewName":"etm.portal.ui.managerequests.view.Detail","bindingPath":{"path":"/SmartRequestItemsPlanningBoard(ITEM=20m,REQUEST='20121')","propertyPath":"LINK_TO_TAGS"}},"wdio_ui5_key":"etmportal.ui.managerequests.view.Detailsap.m.Tokenizer{\"path\":\"/SmartRequestItemsPlanningBoard(ITEM=20m,REQUEST='20121')\",\"propertyPath\":\"LINK_TO_TAGS\"}"}]}
RESULT: undefined
COMMAND: POST /session/297431b9b55e935159c974fa74f723b8/execute/async - {"script":"<script> [6424 bytes]","args":[{"element-6066-11e4-a52e-4f735466cecf":"f.C07C1F5C83AA57D4527D3CB7EA58C4CE.d.E316B39DB05029D185DF6D9B78D03170.e.3670"},"getTokens",[]]}
RESULT: {"script":"<script> [6424 bytes]","args":[{"element-6066-11e4-a52e-4f735466cecf":"f.C07C1F5C83AA57D4527D3CB7EA58C4CE.d.E316B39DB05029D185DF6D9B78D03170.e.3670"},"getTokens",[]]}
COMMAND: POST /session/297431b9b55e935159c974fa74f723b8/element - {"using":"css selector","value":"#shell-header-logo"}
RESULT: {"using":"css selector","value":"#shell-header-logo"}
COMMAND: POST /session/297431b9b55e935159c974fa74f723b8/element/f.C07C1F5C83AA57D4527D3CB7EA58C4CE.d.E316B39DB05029D185DF6D9B78D03170.e.2681/click - {}
RESULT: {}
COMMAND: GET /session/297431b9b55e935159c974fa74f723b8/screenshot - {}
RESULT: {}
]]></system-out>
    </testcase>
  </testsuite>
  <testsuite timestamp="2025-05-15T18:29:14" time="552.597" tests="4" failures="0" errors="0" skipped="0">
    <properties>
      <property name="specId" value="0" />
      <property name="suiteName" value="Manage request + Contract processing pick up option US120163 " />
      <property name="capabilities" value="chrome.136_0_7103_93.windows" />
      <property name="file" value="file:///D:/a/1/s/test/specs/R2C/create-request-Pickup.spec.js" />
    </properties>
    <testcase classname="chrome.136_0_7103_93.windows.Manage_request_+_Contract_processing_pick_up_option_US120163_" name="Should create a new contract" time="61.049">
      <system-out><![CDATA[
COMMAND: POST /session/297431b9b55e935159c974fa74f723b8/execute/async - {"script":"<script> [1562 bytes]","args":[{"selector":{"controlType":"sap.m.Text","viewName":"etm.portal.ui.managecontractstile.view.Master","properties":{"text":"Manage Contracts"},"interaction":{"idSuffix":"inner"}},"wdio_ui5_key":"etmportal.ui.managecontractstile.view.Mastersap.m.Text{\"text\":\"Manage Contracts\"}"}]}
RESULT: {"script":"<script> [1562 bytes]","args":[{"selector":{"controlType":"sap.m.Text","viewName":"etm.portal.ui.managecontractstile.view.Master","properties":{"text":"Manage Contracts"},"interaction":{"idSuffix":"inner"}},"wdio_ui5_key":"etmportal.ui.managecontractstile.view.Mastersap.m.Text{\"text\":\"Manage Contracts\"}"}]}
RESULT: undefined
COMMAND: POST /session/297431b9b55e935159c974fa74f723b8/element - {"using":"xpath","value":"//*[@id=\"__tile130-title\"]"}
RESULT: {"using":"xpath","value":"//*[@id=\"__tile130-title\"]"}
COMMAND: POST /session/297431b9b55e935159c974fa74f723b8/element/f.C07C1F5C83AA57D4527D3CB7EA58C4CE.d.E316B39DB05029D185DF6D9B78D03170.e.3674/click - {}
RESULT: {}
COMMAND: GET /session/297431b9b55e935159c974fa74f723b8/screenshot - {}
RESULT: {}
COMMAND: POST /session/297431b9b55e935159c974fa74f723b8/execute/async - {"script":"<script> [1562 bytes]","args":[{"selector":{"controlType":"sap.ui.core.Icon","viewName":"etm.portal.ui.managecontracts.view.Master","properties":{"src":{"regex":{"source":"add"}}}},"wdio_ui5_key":"etmportal.ui.managecontracts.view.Mastersap.ui.core.Icon{\"src\":{\"regex\":{\"source\":\"add\"}}}"}]}
RESULT: {"script":"<script> [1562 bytes]","args":[{"selector":{"controlType":"sap.ui.core.Icon","viewName":"etm.portal.ui.managecontracts.view.Master","properties":{"src":{"regex":{"source":"add"}}}},"wdio_ui5_key":"etmportal.ui.managecontracts.view.Mastersap.ui.core.Icon{\"src\":{\"regex\":{\"source\":\"add\"}}}"}]}
RESULT: undefined
COMMAND: POST /session/297431b9b55e935159c974fa74f723b8/element - {"using":"xpath","value":"//*[@id=\"__button173-img\"]"}
RESULT: {"using":"xpath","value":"//*[@id=\"__button173-img\"]"}
COMMAND: POST /session/297431b9b55e935159c974fa74f723b8/element/f.C07C1F5C83AA57D4527D3CB7EA58C4CE.d.E316B39DB05029D185DF6D9B78D03170.e.3726/click - {}
RESULT: {}
COMMAND: POST /session/297431b9b55e935159c974fa74f723b8/execute/async - {"script":"<script> [1562 bytes]","args":[{"selector":{"id":"application-managecontracts-display-component---AddNewContract--projectDescription","interaction":{"idSuffix":"inner"}},"wdio_ui5_key":"applicationmanagecontracts-display-component---AddNewContract--projectDescription"}]}
COMMAND: GET /session/297431b9b55e935159c974fa74f723b8/screenshot - {}
RESULT: {"script":"<script> [1562 bytes]","args":[{"selector":{"id":"application-managecontracts-display-component---AddNewContract--projectDescription","interaction":{"idSuffix":"inner"}},"wdio_ui5_key":"applicationmanagecontracts-display-component---AddNewContract--projectDescription"}]}
RESULT: undefined
COMMAND: POST /session/297431b9b55e935159c974fa74f723b8/execute/async - {"script":"<script> [776 bytes]","args":[{"enterText":"PickupContracth0zg6","selector":{"id":"application-managecontracts-display-component---AddNewContract--projectDescription","interaction":{"idSuffix":"inner"}},"clearTextFirst":true,"interactionType":"ENTER_TEXT"}]}
RESULT: {}
RESULT: {"script":"<script> [776 bytes]","args":[{"enterText":"PickupContracth0zg6","selector":{"id":"application-managecontracts-display-component---AddNewContract--projectDescription","interaction":{"idSuffix":"inner"}},"clearTextFirst":true,"interactionType":"ENTER_TEXT"}]}
COMMAND: POST /session/297431b9b55e935159c974fa74f723b8/element - {"using":"xpath","value":"//input[contains(@id ,\"application-managecontracts-display-component---AddNewContract--yardId-inner\")]"}
RESULT: {"using":"xpath","value":"//input[contains(@id ,\"application-managecontracts-display-component---AddNewContract--yardId-inner\")]"}
COMMAND: POST /session/297431b9b55e935159c974fa74f723b8/element/f.C07C1F5C83AA57D4527D3CB7EA58C4CE.d.E316B39DB05029D185DF6D9B78D03170.e.4027/value - {"text":"WebdriverYardunahk"}
RESULT: {"text":"WebdriverYardunahk"}
COMMAND: GET /session/297431b9b55e935159c974fa74f723b8/screenshot - {}
RESULT: {}
COMMAND: POST /session/297431b9b55e935159c974fa74f723b8/actions - {"actions":[{"id":"action32","type":"key","parameters":{},"actions":[{"type":"keyDown","value":"î€‡"},{"type":"pause","duration":10},{"type":"keyUp","value":"î€‡"}]}]}
RESULT: {"actions":[{"id":"action32","type":"key","parameters":{},"actions":[{"type":"keyDown","value":"î€‡"},{"type":"pause","duration":10},{"type":"keyUp","value":"î€‡"}]}]}
COMMAND: GET /session/297431b9b55e935159c974fa74f723b8/screenshot - {}
RESULT: {}
COMMAND: POST /session/297431b9b55e935159c974fa74f723b8/element - {"using":"xpath","value":"//input[contains(@id ,\"application-managecontracts-display-component---AddNewContract--customerSelect-inner\")]"}
RESULT: {"using":"xpath","value":"//input[contains(@id ,\"application-managecontracts-display-component---AddNewContract--customerSelect-inner\")]"}
COMMAND: POST /session/297431b9b55e935159c974fa74f723b8/element/f.C07C1F5C83AA57D4527D3CB7EA58C4CE.d.E316B39DB05029D185DF6D9B78D03170.e.4025/value - {"text":"WebdriverPartnerbojoc"}
RESULT: {"text":"WebdriverPartnerbojoc"}
COMMAND: GET /session/297431b9b55e935159c974fa74f723b8/screenshot - {}
RESULT: {}
COMMAND: POST /session/297431b9b55e935159c974fa74f723b8/actions - {"actions":[{"id":"action33","type":"key","parameters":{},"actions":[{"type":"keyDown","value":"î€‡"},{"type":"pause","duration":10},{"type":"keyUp","value":"î€‡"}]}]}
RESULT: {"actions":[{"id":"action33","type":"key","parameters":{},"actions":[{"type":"keyDown","value":"î€‡"},{"type":"pause","duration":10},{"type":"keyUp","value":"î€‡"}]}]}
COMMAND: GET /session/297431b9b55e935159c974fa74f723b8/screenshot - {}
RESULT: {}
COMMAND: POST /session/297431b9b55e935159c974fa74f723b8/element - {"using":"xpath","value":"//input[contains(@id ,\"application-managecontracts-display-component---AddNewContract--site-inner\")]"}
RESULT: {"using":"xpath","value":"//input[contains(@id ,\"application-managecontracts-display-component---AddNewContract--site-inner\")]"}
COMMAND: POST /session/297431b9b55e935159c974fa74f723b8/element/f.C07C1F5C83AA57D4527D3CB7EA58C4CE.d.E316B39DB05029D185DF6D9B78D03170.e.4026/value - {"text":"WebdriverSitencuow"}
RESULT: {"text":"WebdriverSitencuow"}
COMMAND: GET /session/297431b9b55e935159c974fa74f723b8/screenshot - {}
RESULT: {}
COMMAND: POST /session/297431b9b55e935159c974fa74f723b8/actions - {"actions":[{"id":"action34","type":"key","parameters":{},"actions":[{"type":"keyDown","value":"î€‡"},{"type":"pause","duration":10},{"type":"keyUp","value":"î€‡"}]}]}
RESULT: {"actions":[{"id":"action34","type":"key","parameters":{},"actions":[{"type":"keyDown","value":"î€‡"},{"type":"pause","duration":10},{"type":"keyUp","value":"î€‡"}]}]}
COMMAND: GET /session/297431b9b55e935159c974fa74f723b8/screenshot - {}
RESULT: {}
COMMAND: POST /session/297431b9b55e935159c974fa74f723b8/execute/async - {"script":"<script> [1562 bytes]","args":[{"selector":{"id":"application-managecontracts-display-component---AddNewContract--saveBtn","interaction":{"idSuffix":"BDI-content"}},"wdio_ui5_key":"applicationmanagecontracts-display-component---AddNewContract--saveBtn"}]}
RESULT: {"script":"<script> [1562 bytes]","args":[{"selector":{"id":"application-managecontracts-display-component---AddNewContract--saveBtn","interaction":{"idSuffix":"BDI-content"}},"wdio_ui5_key":"applicationmanagecontracts-display-component---AddNewContract--saveBtn"}]}
RESULT: undefined
COMMAND: POST /session/297431b9b55e935159c974fa74f723b8/element - {"using":"xpath","value":"//*[@id=\"application-managecontracts-display-component---AddNewContract--saveBtn\"]"}
RESULT: {"using":"xpath","value":"//*[@id=\"application-managecontracts-display-component---AddNewContract--saveBtn\"]"}
COMMAND: POST /session/297431b9b55e935159c974fa74f723b8/element/f.C07C1F5C83AA57D4527D3CB7EA58C4CE.d.E316B39DB05029D185DF6D9B78D03170.e.4062/click - {}
RESULT: {}
COMMAND: GET /session/297431b9b55e935159c974fa74f723b8/screenshot - {}
RESULT: {}
COMMAND: POST /session/297431b9b55e935159c974fa74f723b8/element - {"using":"xpath","value":"//span[contains(@id ,\"contractDetailTitleNoExpanded\")]"}
RESULT: {"using":"xpath","value":"//span[contains(@id ,\"contractDetailTitleNoExpanded\")]"}
COMMAND: GET /session/297431b9b55e935159c974fa74f723b8/element/f.C07C1F5C83AA57D4527D3CB7EA58C4CE.d.E316B39DB05029D185DF6D9B78D03170.e.4132/text - {}
RESULT: {}
COMMAND: POST /session/297431b9b55e935159c974fa74f723b8/element - {"using":"css selector","value":"#shell-header-logo"}
RESULT: {"using":"css selector","value":"#shell-header-logo"}
COMMAND: POST /session/297431b9b55e935159c974fa74f723b8/element/f.C07C1F5C83AA57D4527D3CB7EA58C4CE.d.E316B39DB05029D185DF6D9B78D03170.e.3677/click - {}
RESULT: {}
COMMAND: GET /session/297431b9b55e935159c974fa74f723b8/screenshot - {}
RESULT: {}
]]></system-out>
    </testcase>
    <testcase classname="chrome.136_0_7103_93.windows.Manage_request_+_Contract_processing_pick_up_option_US120163_" name="Should create a new material" time="143.281">
      <system-out><![CDATA[
COMMAND: POST /session/297431b9b55e935159c974fa74f723b8/execute/async - {"script":"<script> [1562 bytes]","args":[{"selector":{"controlType":"sap.m.GenericTile","properties":{"header":"Manage Resources"}},"wdio_ui5_key":"sapm.GenericTile{\"header\":\"Manage Resources\"}"}]}
RESULT: {"script":"<script> [1562 bytes]","args":[{"selector":{"controlType":"sap.m.GenericTile","properties":{"header":"Manage Resources"}},"wdio_ui5_key":"sapm.GenericTile{\"header\":\"Manage Resources\"}"}]}
RESULT: undefined
COMMAND: POST /session/297431b9b55e935159c974fa74f723b8/element - {"using":"xpath","value":"//*[@id=\"__tile39\"]"}
RESULT: {"using":"xpath","value":"//*[@id=\"__tile39\"]"}
COMMAND: POST /session/297431b9b55e935159c974fa74f723b8/element/f.C07C1F5C83AA57D4527D3CB7EA58C4CE.d.E316B39DB05029D185DF6D9B78D03170.e.4136/click - {}
RESULT: {}
COMMAND: GET /session/297431b9b55e935159c974fa74f723b8/screenshot - {}
RESULT: {}
COMMAND: POST /session/297431b9b55e935159c974fa74f723b8/elements - {"using":"xpath","value":"//span[text()='Error']"}
RESULT: {"using":"xpath","value":"//span[text()='Error']"}
COMMAND: POST /session/297431b9b55e935159c974fa74f723b8/element - {"using":"xpath","value":"//button[@data-kt=\"addNewRUOverflowToolbarButton\"]"}
RESULT: {"using":"xpath","value":"//button[@data-kt=\"addNewRUOverflowToolbarButton\"]"}
COMMAND: POST /session/297431b9b55e935159c974fa74f723b8/execute/sync - {"script":"<script> [8489 bytes]","args":[{"element-6066-11e4-a52e-4f735466cecf":"f.C07C1F5C83AA57D4527D3CB7EA58C4CE.d.E316B39DB05029D185DF6D9B78D03170.e.4179","ELEMENT":"f.C07C1F5C83AA57D4527D3CB7EA58C4CE.d.E316B39DB05029D185DF6D9B78D03170.e.4179"}]}
RESULT: {"script":"<script> [8489 bytes]","args":[{"element-6066-11e4-a52e-4f735466cecf":"f.C07C1F5C83AA57D4527D3CB7EA58C4CE.d.E316B39DB05029D185DF6D9B78D03170.e.4179","ELEMENT":"f.C07C1F5C83AA57D4527D3CB7EA58C4CE.d.E316B39DB05029D185DF6D9B78D03170.e.4179"}]}
COMMAND: POST /session/297431b9b55e935159c974fa74f723b8/element/f.C07C1F5C83AA57D4527D3CB7EA58C4CE.d.E316B39DB05029D185DF6D9B78D03170.e.4179/click - {}
COMMAND: GET /session/297431b9b55e935159c974fa74f723b8/screenshot - {}
RESULT: {}
COMMAND: POST /session/297431b9b55e935159c974fa74f723b8/execute/async - {"script":"<script> [1562 bytes]","args":[{"selector":{"id":"application-manageresources-display-component---newResourceUnit--TYPE-arrow"},"wdio_ui5_key":"applicationmanageresources-display-component---newResourceUnit--TYPE-arrow"}]}
COMMAND: GET /session/297431b9b55e935159c974fa74f723b8/screenshot - {}
RESULT: {}
RESULT: {"script":"<script> [1562 bytes]","args":[{"selector":{"id":"application-manageresources-display-component---newResourceUnit--TYPE-arrow"},"wdio_ui5_key":"applicationmanageresources-display-component---newResourceUnit--TYPE-arrow"}]}
RESULT: undefined
COMMAND: POST /session/297431b9b55e935159c974fa74f723b8/element - {"using":"xpath","value":"//*[@id=\"application-manageresources-display-component---newResourceUnit--TYPE-arrow\"]"}
RESULT: {}
RESULT: {"using":"xpath","value":"//*[@id=\"application-manageresources-display-component---newResourceUnit--TYPE-arrow\"]"}
COMMAND: POST /session/297431b9b55e935159c974fa74f723b8/element/f.C07C1F5C83AA57D4527D3CB7EA58C4CE.d.E316B39DB05029D185DF6D9B78D03170.e.4502/click - {}
RESULT: {}
COMMAND: POST /session/297431b9b55e935159c974fa74f723b8/execute/async - {"script":"<script> [1562 bytes]","args":[{"selector":{"controlType":"sap.m.StandardListItem","viewName":"reusables.view.manageresources.NewResourceUnit","viewId":"application-manageresources-display-component---newResourceUnit","properties":{"title":"Material"},"searchOpenDialogs":true,"interaction":{"idSuffix":"titleText"}},"wdio_ui5_key":"reusablesview.manageresources.NewResourceUnitsap.m.StandardListItem{\"title\":\"Material\"}"}]}
COMMAND: GET /session/297431b9b55e935159c974fa74f723b8/screenshot - {}
RESULT: {"script":"<script> [1562 bytes]","args":[{"selector":{"controlType":"sap.m.StandardListItem","viewName":"reusables.view.manageresources.NewResourceUnit","viewId":"application-manageresources-display-component---newResourceUnit","properties":{"title":"Material"},"searchOpenDialogs":true,"interaction":{"idSuffix":"titleText"}},"wdio_ui5_key":"reusablesview.manageresources.NewResourceUnitsap.m.StandardListItem{\"title\":\"Material\"}"}]}
RESULT: undefined
COMMAND: POST /session/297431b9b55e935159c974fa74f723b8/element - {"using":"xpath","value":"//*[@id=\"__item3187\"]"}
RESULT: {}
RESULT: {"using":"xpath","value":"//*[@id=\"__item3187\"]"}
COMMAND: POST /session/297431b9b55e935159c974fa74f723b8/element/f.C07C1F5C83AA57D4527D3CB7EA58C4CE.d.E316B39DB05029D185DF6D9B78D03170.e.4505/click - {}
RESULT: {}
COMMAND: POST /session/297431b9b55e935159c974fa74f723b8/execute/async - {"script":"<script> [1562 bytes]","args":[{"selector":{"id":"application-manageresources-display-component---newResourceUnit--SHORT_TEXT","interaction":{"idSuffix":"inner"}},"wdio_ui5_key":"applicationmanageresources-display-component---newResourceUnit--SHORT_TEXT"}]}
COMMAND: GET /session/297431b9b55e935159c974fa74f723b8/screenshot - {}
RESULT: {"script":"<script> [1562 bytes]","args":[{"selector":{"id":"application-manageresources-display-component---newResourceUnit--SHORT_TEXT","interaction":{"idSuffix":"inner"}},"wdio_ui5_key":"applicationmanageresources-display-component---newResourceUnit--SHORT_TEXT"}]}
RESULT: undefined
COMMAND: POST /session/297431b9b55e935159c974fa74f723b8/execute/async - {"script":"<script> [776 bytes]","args":[{"enterText":"WebdriverRUR2Cqf0c4l","selector":{"id":"application-manageresources-display-component---newResourceUnit--SHORT_TEXT","interaction":{"idSuffix":"inner"}},"clearTextFirst":true,"interactionType":"ENTER_TEXT"}]}
RESULT: {}
RESULT: {"script":"<script> [776 bytes]","args":[{"enterText":"WebdriverRUR2Cqf0c4l","selector":{"id":"application-manageresources-display-component---newResourceUnit--SHORT_TEXT","interaction":{"idSuffix":"inner"}},"clearTextFirst":true,"interactionType":"ENTER_TEXT"}]}
COMMAND: POST /session/297431b9b55e935159c974fa74f723b8/execute/async - {"script":"<script> [1562 bytes]","args":[{"selector":{"id":"application-manageresources-display-component---newResourceUnit--BASE_UNIT_OF_MEASURE-arrow"},"wdio_ui5_key":"applicationmanageresources-display-component---newResourceUnit--BASE_UNIT_OF_MEASURE-arrow"}]}
RESULT: {"script":"<script> [1562 bytes]","args":[{"selector":{"id":"application-manageresources-display-component---newResourceUnit--BASE_UNIT_OF_MEASURE-arrow"},"wdio_ui5_key":"applicationmanageresources-display-component---newResourceUnit--BASE_UNIT_OF_MEASURE-arrow"}]}
RESULT: undefined
COMMAND: POST /session/297431b9b55e935159c974fa74f723b8/element - {"using":"xpath","value":"//*[@id=\"application-manageresources-display-component---newResourceUnit--BASE_UNIT_OF_MEASURE-arrow\"]"}
RESULT: {"using":"xpath","value":"//*[@id=\"application-manageresources-display-component---newResourceUnit--BASE_UNIT_OF_MEASURE-arrow\"]"}
COMMAND: POST /session/297431b9b55e935159c974fa74f723b8/element/f.C07C1F5C83AA57D4527D3CB7EA58C4CE.d.E316B39DB05029D185DF6D9B78D03170.e.4559/click - {}
RESULT: {}
COMMAND: POST /session/297431b9b55e935159c974fa74f723b8/execute/async - {"script":"<script> [1562 bytes]","args":[{"selector":{"controlType":"sap.m.StandardListItem","viewName":"reusables.view.manageresources.NewResourceUnit","viewId":"application-manageresources-display-component---newResourceUnit","properties":{"title":"Piece"},"searchOpenDialogs":true,"interaction":{"idSuffix":"titleText"}},"wdio_ui5_key":"reusablesview.manageresources.NewResourceUnitsap.m.StandardListItem{\"title\":\"Piece\"}"}]}
COMMAND: GET /session/297431b9b55e935159c974fa74f723b8/screenshot - {}
RESULT: {"script":"<script> [1562 bytes]","args":[{"selector":{"controlType":"sap.m.StandardListItem","viewName":"reusables.view.manageresources.NewResourceUnit","viewId":"application-manageresources-display-component---newResourceUnit","properties":{"title":"Piece"},"searchOpenDialogs":true,"interaction":{"idSuffix":"titleText"}},"wdio_ui5_key":"reusablesview.manageresources.NewResourceUnitsap.m.StandardListItem{\"title\":\"Piece\"}"}]}
RESULT: undefined
COMMAND: POST /session/297431b9b55e935159c974fa74f723b8/element - {"using":"xpath","value":"//*[@id=\"__item3229\"]"}
RESULT: {}
RESULT: {"using":"xpath","value":"//*[@id=\"__item3229\"]"}
COMMAND: POST /session/297431b9b55e935159c974fa74f723b8/element/f.C07C1F5C83AA57D4527D3CB7EA58C4CE.d.E316B39DB05029D185DF6D9B78D03170.e.4561/click - {}
RESULT: {}
COMMAND: POST /session/297431b9b55e935159c974fa74f723b8/element - {"using":"xpath","value":"//input[contains(@id ,\"application-manageresources-display-component---newResourceUnit--SHORT_TEXT-inner\")]"}
COMMAND: GET /session/297431b9b55e935159c974fa74f723b8/screenshot - {}
RESULT: {"using":"xpath","value":"//input[contains(@id ,\"application-manageresources-display-component---newResourceUnit--SHORT_TEXT-inner\")]"}
COMMAND: GET /session/297431b9b55e935159c974fa74f723b8/element/f.C07C1F5C83AA57D4527D3CB7EA58C4CE.d.E316B39DB05029D185DF6D9B78D03170.e.4522/property/value - {}
RESULT: {}
RESULT: {}
COMMAND: POST /session/297431b9b55e935159c974fa74f723b8/execute/async - {"script":"<script> [1562 bytes]","args":[{"selector":{"id":"application-manageresources-display-component---newResourceUnit--WEIGHT_UNIT-arrow"},"wdio_ui5_key":"applicationmanageresources-display-component---newResourceUnit--WEIGHT_UNIT-arrow"}]}
COMMAND: GET /session/297431b9b55e935159c974fa74f723b8/screenshot - {}
RESULT: {"script":"<script> [1562 bytes]","args":[{"selector":{"id":"application-manageresources-display-component---newResourceUnit--WEIGHT_UNIT-arrow"},"wdio_ui5_key":"applicationmanageresources-display-component---newResourceUnit--WEIGHT_UNIT-arrow"}]}
RESULT: undefined
COMMAND: POST /session/297431b9b55e935159c974fa74f723b8/element - {"using":"xpath","value":"//*[@id=\"application-manageresources-display-component---newResourceUnit--WEIGHT_UNIT-arrow\"]"}
RESULT: {}
RESULT: {"using":"xpath","value":"//*[@id=\"application-manageresources-display-component---newResourceUnit--WEIGHT_UNIT-arrow\"]"}
COMMAND: POST /session/297431b9b55e935159c974fa74f723b8/element/f.C07C1F5C83AA57D4527D3CB7EA58C4CE.d.E316B39DB05029D185DF6D9B78D03170.e.4562/click - {}
RESULT: {}
COMMAND: POST /session/297431b9b55e935159c974fa74f723b8/execute/async - {"script":"<script> [1562 bytes]","args":[{"selector":{"controlType":"sap.m.StandardListItem","viewName":"reusables.view.manageresources.NewResourceUnit","viewId":"application-manageresources-display-component---newResourceUnit","properties":{"title":"Gram"},"searchOpenDialogs":true,"interaction":{"idSuffix":"content"}},"wdio_ui5_key":"reusablesview.manageresources.NewResourceUnitsap.m.StandardListItem{\"title\":\"Gram\"}"}]}
COMMAND: GET /session/297431b9b55e935159c974fa74f723b8/screenshot - {}
RESULT: {"script":"<script> [1562 bytes]","args":[{"selector":{"controlType":"sap.m.StandardListItem","viewName":"reusables.view.manageresources.NewResourceUnit","viewId":"application-manageresources-display-component---newResourceUnit","properties":{"title":"Gram"},"searchOpenDialogs":true,"interaction":{"idSuffix":"content"}},"wdio_ui5_key":"reusablesview.manageresources.NewResourceUnitsap.m.StandardListItem{\"title\":\"Gram\"}"}]}
RESULT: undefined
COMMAND: POST /session/297431b9b55e935159c974fa74f723b8/element - {"using":"xpath","value":"//*[@id=\"__item3294\"]"}
RESULT: {}
RESULT: {"using":"xpath","value":"//*[@id=\"__item3294\"]"}
COMMAND: POST /session/297431b9b55e935159c974fa74f723b8/element/f.C07C1F5C83AA57D4527D3CB7EA58C4CE.d.E316B39DB05029D185DF6D9B78D03170.e.4564/click - {}
RESULT: {}
COMMAND: POST /session/297431b9b55e935159c974fa74f723b8/execute/async - {"script":"<script> [1562 bytes]","args":[{"selector":{"id":"application-manageresources-display-component---newResourceUnit--newRRUPage-OPHeaderContent-collapseBtn-img"},"wdio_ui5_key":"applicationmanageresources-display-component---newResourceUnit--newRRUPage-OPHeaderContent-collapseBtn-img"}]}
COMMAND: GET /session/297431b9b55e935159c974fa74f723b8/screenshot - {}
RESULT: {"script":"<script> [1562 bytes]","args":[{"selector":{"id":"application-manageresources-display-component---newResourceUnit--newRRUPage-OPHeaderContent-collapseBtn-img"},"wdio_ui5_key":"applicationmanageresources-display-component---newResourceUnit--newRRUPage-OPHeaderContent-collapseBtn-img"}]}
RESULT: undefined
COMMAND: POST /session/297431b9b55e935159c974fa74f723b8/element - {"using":"xpath","value":"//*[@id=\"application-manageresources-display-component---newResourceUnit--newRRUPage-OPHeaderContent-collapseBtn-img\"]"}
RESULT: {}
RESULT: {"using":"xpath","value":"//*[@id=\"application-manageresources-display-component---newResourceUnit--newRRUPage-OPHeaderContent-collapseBtn-img\"]"}
COMMAND: POST /session/297431b9b55e935159c974fa74f723b8/element/f.C07C1F5C83AA57D4527D3CB7EA58C4CE.d.E316B39DB05029D185DF6D9B78D03170.e.4512/click - {}
RESULT: {}
COMMAND: GET /session/297431b9b55e935159c974fa74f723b8/screenshot - {}
RESULT: {}
COMMAND: POST /session/297431b9b55e935159c974fa74f723b8/element - {"using":"xpath","value":"(//span[contains(@id ,\"application-manageresources-display-component---newResourceUnit--DIMENSION_UNIT-arrow\")])[1]"}
RESULT: {"using":"xpath","value":"(//span[contains(@id ,\"application-manageresources-display-component---newResourceUnit--DIMENSION_UNIT-arrow\")])[1]"}
COMMAND: POST /session/297431b9b55e935159c974fa74f723b8/element/f.C07C1F5C83AA57D4527D3CB7EA58C4CE.d.E316B39DB05029D185DF6D9B78D03170.e.4568/click - {}
RESULT: {}
COMMAND: GET /session/297431b9b55e935159c974fa74f723b8/screenshot - {}
RESULT: {}
COMMAND: POST /session/297431b9b55e935159c974fa74f723b8/execute/async - {"script":"<script> [1562 bytes]","args":[{"selector":{"controlType":"sap.m.StandardListItem","viewName":"reusables.view.manageresources.NewResourceUnit","viewId":"application-manageresources-display-component---newResourceUnit","properties":{"title":"Centimeter"},"searchOpenDialogs":true,"interaction":{"idSuffix":"titleText"}},"wdio_ui5_key":"reusablesview.manageresources.NewResourceUnitsap.m.StandardListItem{\"title\":\"Centimeter\"}"}]}
RESULT: {"script":"<script> [1562 bytes]","args":[{"selector":{"controlType":"sap.m.StandardListItem","viewName":"reusables.view.manageresources.NewResourceUnit","viewId":"application-manageresources-display-component---newResourceUnit","properties":{"title":"Centimeter"},"searchOpenDialogs":true,"interaction":{"idSuffix":"titleText"}},"wdio_ui5_key":"reusablesview.manageresources.NewResourceUnitsap.m.StandardListItem{\"title\":\"Centimeter\"}"}]}
RESULT: undefined
COMMAND: POST /session/297431b9b55e935159c974fa74f723b8/element - {"using":"xpath","value":"//*[@id=\"__item3297\"]"}
RESULT: {"using":"xpath","value":"//*[@id=\"__item3297\"]"}
COMMAND: POST /session/297431b9b55e935159c974fa74f723b8/element/f.C07C1F5C83AA57D4527D3CB7EA58C4CE.d.E316B39DB05029D185DF6D9B78D03170.e.4572/click - {}
RESULT: {}
COMMAND: POST /session/297431b9b55e935159c974fa74f723b8/execute/async - {"script":"<script> [1562 bytes]","args":[{"selector":{"id":"application-manageresources-display-component---newResourceUnit--newRRUPage-anchBar-application-manageresources-display-component---newResourceUnit--reference-anchor","interaction":{"idSuffix":"BDI-content"}},"wdio_ui5_key":"applicationmanageresources-display-component---newResourceUnit--newRRUPage-anchBar-application-manageresources-display-component---newResourceUnit--reference-anchor"}]}
COMMAND: GET /session/297431b9b55e935159c974fa74f723b8/screenshot - {}
RESULT: {"script":"<script> [1562 bytes]","args":[{"selector":{"id":"application-manageresources-display-component---newResourceUnit--newRRUPage-anchBar-application-manageresources-display-component---newResourceUnit--reference-anchor","interaction":{"idSuffix":"BDI-content"}},"wdio_ui5_key":"applicationmanageresources-display-component---newResourceUnit--newRRUPage-anchBar-application-manageresources-display-component---newResourceUnit--reference-anchor"}]}
RESULT: undefined
COMMAND: POST /session/297431b9b55e935159c974fa74f723b8/element - {"using":"xpath","value":"//*[@id=\"application-manageresources-display-component---newResourceUnit--newRRUPage-anchBar-application-manageresources-display-component---newResourceUnit--reference-anchor\"]"}
RESULT: {}
RESULT: {"using":"xpath","value":"//*[@id=\"application-manageresources-display-component---newResourceUnit--newRRUPage-anchBar-application-manageresources-display-component---newResourceUnit--reference-anchor\"]"}
COMMAND: POST /session/297431b9b55e935159c974fa74f723b8/element/f.C07C1F5C83AA57D4527D3CB7EA58C4CE.d.E316B39DB05029D185DF6D9B78D03170.e.4574/click - {}
RESULT: {}
COMMAND: POST /session/297431b9b55e935159c974fa74f723b8/execute/async - {"script":"<script> [1562 bytes]","args":[{"selector":{"id":"application-manageresources-display-component---newResourceUnit--PLANNING_GROUP-arrow"},"wdio_ui5_key":"applicationmanageresources-display-component---newResourceUnit--PLANNING_GROUP-arrow"}]}
COMMAND: GET /session/297431b9b55e935159c974fa74f723b8/screenshot - {}
RESULT: {"script":"<script> [1562 bytes]","args":[{"selector":{"id":"application-manageresources-display-component---newResourceUnit--PLANNING_GROUP-arrow"},"wdio_ui5_key":"applicationmanageresources-display-component---newResourceUnit--PLANNING_GROUP-arrow"}]}
RESULT: undefined
COMMAND: POST /session/297431b9b55e935159c974fa74f723b8/element - {"using":"xpath","value":"//*[@id=\"application-manageresources-display-component---newResourceUnit--PLANNING_GROUP-arrow\"]"}
RESULT: {}
RESULT: {"using":"xpath","value":"//*[@id=\"application-manageresources-display-component---newResourceUnit--PLANNING_GROUP-arrow\"]"}
COMMAND: POST /session/297431b9b55e935159c974fa74f723b8/element/f.C07C1F5C83AA57D4527D3CB7EA58C4CE.d.E316B39DB05029D185DF6D9B78D03170.e.4578/click - {}
RESULT: {}
COMMAND: POST /session/297431b9b55e935159c974fa74f723b8/execute/async - {"script":"<script> [1562 bytes]","args":[{"selector":{"controlType":"sap.m.StandardListItem","viewName":"reusables.view.manageresources.NewResourceUnit","viewId":"application-manageresources-display-component---newResourceUnit","properties":{"title":"Heavy Equi"},"searchOpenDialogs":true,"interaction":{"idSuffix":"content"}},"wdio_ui5_key":"reusablesview.manageresources.NewResourceUnitsap.m.StandardListItem{\"title\":\"Heavy Equi\"}"}]}
COMMAND: GET /session/297431b9b55e935159c974fa74f723b8/screenshot - {}
RESULT: {"script":"<script> [1562 bytes]","args":[{"selector":{"controlType":"sap.m.StandardListItem","viewName":"reusables.view.manageresources.NewResourceUnit","viewId":"application-manageresources-display-component---newResourceUnit","properties":{"title":"Heavy Equi"},"searchOpenDialogs":true,"interaction":{"idSuffix":"content"}},"wdio_ui5_key":"reusablesview.manageresources.NewResourceUnitsap.m.StandardListItem{\"title\":\"Heavy Equi\"}"}]}
RESULT: undefined
COMMAND: POST /session/297431b9b55e935159c974fa74f723b8/element - {"using":"xpath","value":"//*[@id=\"__item3305\"]"}
RESULT: {}
RESULT: {"using":"xpath","value":"//*[@id=\"__item3305\"]"}
COMMAND: POST /session/297431b9b55e935159c974fa74f723b8/element/f.C07C1F5C83AA57D4527D3CB7EA58C4CE.d.E316B39DB05029D185DF6D9B78D03170.e.4580/click - {}
RESULT: {}
COMMAND: GET /session/297431b9b55e935159c974fa74f723b8/screenshot - {}
RESULT: {}
COMMAND: POST /session/297431b9b55e935159c974fa74f723b8/execute/async - {"script":"<script> [1562 bytes]","args":[{"selector":{"id":"application-manageresources-display-component---newResourceUnit--PLANNING_INDICATOR-arrow"},"wdio_ui5_key":"applicationmanageresources-display-component---newResourceUnit--PLANNING_INDICATOR-arrow"}]}
RESULT: {"script":"<script> [1562 bytes]","args":[{"selector":{"id":"application-manageresources-display-component---newResourceUnit--PLANNING_INDICATOR-arrow"},"wdio_ui5_key":"applicationmanageresources-display-component---newResourceUnit--PLANNING_INDICATOR-arrow"}]}
RESULT: undefined
COMMAND: POST /session/297431b9b55e935159c974fa74f723b8/element - {"using":"xpath","value":"//*[@id=\"application-manageresources-display-component---newResourceUnit--PLANNING_INDICATOR-arrow\"]"}
RESULT: {"using":"xpath","value":"//*[@id=\"application-manageresources-display-component---newResourceUnit--PLANNING_INDICATOR-arrow\"]"}
COMMAND: POST /session/297431b9b55e935159c974fa74f723b8/element/f.C07C1F5C83AA57D4527D3CB7EA58C4CE.d.E316B39DB05029D185DF6D9B78D03170.e.4581/click - {}
RESULT: {}
COMMAND: POST /session/297431b9b55e935159c974fa74f723b8/execute/async - {"script":"<script> [1562 bytes]","args":[{"selector":{"controlType":"sap.m.StandardListItem","viewName":"reusables.view.manageresources.NewResourceUnit","viewId":"application-manageresources-display-component---newResourceUnit","properties":{"title":"10 - infinite"},"searchOpenDialogs":true,"interaction":{"idSuffix":"content"}},"wdio_ui5_key":"reusablesview.manageresources.NewResourceUnitsap.m.StandardListItem{\"title\":\"10 - infinite\"}"}]}
COMMAND: GET /session/297431b9b55e935159c974fa74f723b8/screenshot - {}
RESULT: {"script":"<script> [1562 bytes]","args":[{"selector":{"controlType":"sap.m.StandardListItem","viewName":"reusables.view.manageresources.NewResourceUnit","viewId":"application-manageresources-display-component---newResourceUnit","properties":{"title":"10 - infinite"},"searchOpenDialogs":true,"interaction":{"idSuffix":"content"}},"wdio_ui5_key":"reusablesview.manageresources.NewResourceUnitsap.m.StandardListItem{\"title\":\"10 - infinite\"}"}]}
RESULT: undefined
COMMAND: POST /session/297431b9b55e935159c974fa74f723b8/element - {"using":"xpath","value":"//*[@id=\"__item3315\"]"}
RESULT: {}
RESULT: {"using":"xpath","value":"//*[@id=\"__item3315\"]"}
COMMAND: POST /session/297431b9b55e935159c974fa74f723b8/element/f.C07C1F5C83AA57D4527D3CB7EA58C4CE.d.E316B39DB05029D185DF6D9B78D03170.e.4583/click - {}
RESULT: {}
COMMAND: GET /session/297431b9b55e935159c974fa74f723b8/screenshot - {}
RESULT: {}
COMMAND: POST /session/297431b9b55e935159c974fa74f723b8/element - {"using":"xpath","value":"//bdi[contains(text(), \"Time Segment\")]"}
RESULT: {"using":"xpath","value":"//bdi[contains(text(), \"Time Segment\")]"}
COMMAND: GET /session/297431b9b55e935159c974fa74f723b8/element/f.C07C1F5C83AA57D4527D3CB7EA58C4CE.d.E316B39DB05029D185DF6D9B78D03170.e.4584/rect - {}
RESULT: {}
COMMAND: GET /session/297431b9b55e935159c974fa74f723b8/window/rect - {}
RESULT: {}
COMMAND: POST /session/297431b9b55e935159c974fa74f723b8/execute/sync - {"script":"<script> [92 bytes]","args":[]}
RESULT: {"script":"<script> [92 bytes]","args":[]}
COMMAND: POST /session/297431b9b55e935159c974fa74f723b8/actions - {"actions":[{"id":"action35","type":"wheel","parameters":{},"actions":[{"type":"scroll","x":-1820,"y":-21,"deltaX":0,"deltaY":0,"duration":0,"origin":{"element-6066-11e4-a52e-4f735466cecf":"f.C07C1F5C83AA57D4527D3CB7EA58C4CE.d.E316B39DB05029D185DF6D9B78D03170.e.4584"}}]}]}
COMMAND: GET /session/297431b9b55e935159c974fa74f723b8/screenshot - {}
RESULT: {}
COMMAND: POST /session/297431b9b55e935159c974fa74f723b8/execute/sync - {"script":"<script> [79 bytes]","args":[{"element-6066-11e4-a52e-4f735466cecf":"f.C07C1F5C83AA57D4527D3CB7EA58C4CE.d.E316B39DB05029D185DF6D9B78D03170.e.4584","ELEMENT":"f.C07C1F5C83AA57D4527D3CB7EA58C4CE.d.E316B39DB05029D185DF6D9B78D03170.e.4584"},{"block":"start","inline":"nearest"}]}
RESULT: {"script":"<script> [79 bytes]","args":[{"element-6066-11e4-a52e-4f735466cecf":"f.C07C1F5C83AA57D4527D3CB7EA58C4CE.d.E316B39DB05029D185DF6D9B78D03170.e.4584","ELEMENT":"f.C07C1F5C83AA57D4527D3CB7EA58C4CE.d.E316B39DB05029D185DF6D9B78D03170.e.4584"},{"block":"start","inline":"nearest"}]}
COMMAND: GET /session/297431b9b55e935159c974fa74f723b8/screenshot - {}
RESULT: {}
COMMAND: POST /session/297431b9b55e935159c974fa74f723b8/element - {"using":"xpath","value":"//span[@id=\"application-manageresources-display-component---newResourceUnit--btnAddTimeSegment-img\"]"}
RESULT: {"using":"xpath","value":"//span[@id=\"application-manageresources-display-component---newResourceUnit--btnAddTimeSegment-img\"]"}
COMMAND: POST /session/297431b9b55e935159c974fa74f723b8/execute/sync - {"script":"<script> [8489 bytes]","args":[{"element-6066-11e4-a52e-4f735466cecf":"f.C07C1F5C83AA57D4527D3CB7EA58C4CE.d.E316B39DB05029D185DF6D9B78D03170.e.4587","ELEMENT":"f.C07C1F5C83AA57D4527D3CB7EA58C4CE.d.E316B39DB05029D185DF6D9B78D03170.e.4587"}]}
RESULT: {"script":"<script> [8489 bytes]","args":[{"element-6066-11e4-a52e-4f735466cecf":"f.C07C1F5C83AA57D4527D3CB7EA58C4CE.d.E316B39DB05029D185DF6D9B78D03170.e.4587","ELEMENT":"f.C07C1F5C83AA57D4527D3CB7EA58C4CE.d.E316B39DB05029D185DF6D9B78D03170.e.4587"}]}
COMMAND: POST /session/297431b9b55e935159c974fa74f723b8/element/f.C07C1F5C83AA57D4527D3CB7EA58C4CE.d.E316B39DB05029D185DF6D9B78D03170.e.4587/click - {}
COMMAND: GET /session/297431b9b55e935159c974fa74f723b8/screenshot - {}
RESULT: {}
COMMAND: GET /session/297431b9b55e935159c974fa74f723b8/screenshot - {}
COMMAND: POST /session/297431b9b55e935159c974fa74f723b8/element - {"using":"xpath","value":"//input[@id=\"application-manageresources-display-component---newResourceUnit--idRuTSAdmin-application-manageresources-display-component---newResourceUnit--RUTimeSegment-0-inner\"]"}
RESULT: {}
RESULT: {}
RESULT: {"using":"xpath","value":"//input[@id=\"application-manageresources-display-component---newResourceUnit--idRuTSAdmin-application-manageresources-display-component---newResourceUnit--RUTimeSegment-0-inner\"]"}
COMMAND: POST /session/297431b9b55e935159c974fa74f723b8/element/f.C07C1F5C83AA57D4527D3CB7EA58C4CE.d.E316B39DB05029D185DF6D9B78D03170.e.4590/clear - {}
RESULT: {}
COMMAND: POST /session/297431b9b55e935159c974fa74f723b8/element/f.C07C1F5C83AA57D4527D3CB7EA58C4CE.d.E316B39DB05029D185DF6D9B78D03170.e.4590/value - {"text":"WebdriverYardunahk"}
COMMAND: GET /session/297431b9b55e935159c974fa74f723b8/screenshot - {}
RESULT: {"text":"WebdriverYardunahk"}
COMMAND: GET /session/297431b9b55e935159c974fa74f723b8/screenshot - {}
RESULT: {}
RESULT: {}
COMMAND: POST /session/297431b9b55e935159c974fa74f723b8/actions - {"actions":[{"id":"action36","type":"key","parameters":{},"actions":[{"type":"keyDown","value":"î€‡"},{"type":"pause","duration":10},{"type":"keyUp","value":"î€‡"}]}]}
RESULT: {"actions":[{"id":"action36","type":"key","parameters":{},"actions":[{"type":"keyDown","value":"î€‡"},{"type":"pause","duration":10},{"type":"keyUp","value":"î€‡"}]}]}
COMMAND: GET /session/297431b9b55e935159c974fa74f723b8/screenshot - {}
RESULT: {}
COMMAND: POST /session/297431b9b55e935159c974fa74f723b8/execute/async - {"script":"<script> [1562 bytes]","args":[{"selector":{"controlType":"sap.m.Button","viewName":"reusables.view.manageresources.NewResourceUnit","viewId":"application-manageresources-display-component---newResourceUnit","i18NText":{"propertyName":"tooltip","key":"save"},"interaction":{"idSuffix":"BDI-content"}},"wdio_ui5_key":"reusablesview.manageresources.NewResourceUnitsap.m.Button{\"propertyName\":\"tooltip\",\"key\":\"save\"}"}]}
RESULT: {"script":"<script> [1562 bytes]","args":[{"selector":{"controlType":"sap.m.Button","viewName":"reusables.view.manageresources.NewResourceUnit","viewId":"application-manageresources-display-component---newResourceUnit","i18NText":{"propertyName":"tooltip","key":"save"},"interaction":{"idSuffix":"BDI-content"}},"wdio_ui5_key":"reusablesview.manageresources.NewResourceUnitsap.m.Button{\"propertyName\":\"tooltip\",\"key\":\"save\"}"}]}
RESULT: undefined
COMMAND: POST /session/297431b9b55e935159c974fa74f723b8/element - {"using":"xpath","value":"//*[@id=\"application-manageresources-display-component---newResourceUnit--createRuButton\"]"}
RESULT: {"using":"xpath","value":"//*[@id=\"application-manageresources-display-component---newResourceUnit--createRuButton\"]"}
COMMAND: POST /session/297431b9b55e935159c974fa74f723b8/element/f.C07C1F5C83AA57D4527D3CB7EA58C4CE.d.E316B39DB05029D185DF6D9B78D03170.e.4518/click - {}
RESULT: {}
COMMAND: GET /session/297431b9b55e935159c974fa74f723b8/screenshot - {}
RESULT: {}
COMMAND: POST /session/297431b9b55e935159c974fa74f723b8/execute/async - {"script":"<script> [1562 bytes]","args":[{"selector":{"controlType":"sap.m.Title","properties":{"text":"Success"},"searchOpenDialogs":true},"wdio_ui5_key":"sapm.Title{\"text\":\"Success\"}"}]}
RESULT: {"script":"<script> [1562 bytes]","args":[{"selector":{"controlType":"sap.m.Title","properties":{"text":"Success"},"searchOpenDialogs":true},"wdio_ui5_key":"sapm.Title{\"text\":\"Success\"}"}]}
RESULT: undefined
COMMAND: POST /session/297431b9b55e935159c974fa74f723b8/execute/async - {"script":"<script> [6424 bytes]","args":[{"element-6066-11e4-a52e-4f735466cecf":"f.C07C1F5C83AA57D4527D3CB7EA58C4CE.d.E316B39DB05029D185DF6D9B78D03170.e.4603"},"getText",[]]}
RESULT: {"script":"<script> [6424 bytes]","args":[{"element-6066-11e4-a52e-4f735466cecf":"f.C07C1F5C83AA57D4527D3CB7EA58C4CE.d.E316B39DB05029D185DF6D9B78D03170.e.4603"},"getText",[]]}
COMMAND: POST /session/297431b9b55e935159c974fa74f723b8/element - {"using":"xpath","value":"//*[contains(@id, '__text') and (contains(text(), 'successfully created') or contains(., 'successfully created'))]"}
RESULT: {"using":"xpath","value":"//*[contains(@id, '__text') and (contains(text(), 'successfully created') or contains(., 'successfully created'))]"}
COMMAND: GET /session/297431b9b55e935159c974fa74f723b8/element/f.C07C1F5C83AA57D4527D3CB7EA58C4CE.d.E316B39DB05029D185DF6D9B78D03170.e.4601/text - {}
RESULT: {}
COMMAND: POST /session/297431b9b55e935159c974fa74f723b8/execute/async - {"script":"<script> [1562 bytes]","args":[{"selector":{"controlType":"sap.m.Button","properties":{"text":"Close"},"searchOpenDialogs":true,"interaction":{"idSuffix":"BDI-content"}},"wdio_ui5_key":"sapm.Button{\"text\":\"Close\"}"}]}
RESULT: {"script":"<script> [1562 bytes]","args":[{"selector":{"controlType":"sap.m.Button","properties":{"text":"Close"},"searchOpenDialogs":true,"interaction":{"idSuffix":"BDI-content"}},"wdio_ui5_key":"sapm.Button{\"text\":\"Close\"}"}]}
RESULT: undefined
COMMAND: POST /session/297431b9b55e935159c974fa74f723b8/element - {"using":"xpath","value":"//*[@id=\"__mbox-btn-1\"]"}
RESULT: {"using":"xpath","value":"//*[@id=\"__mbox-btn-1\"]"}
COMMAND: POST /session/297431b9b55e935159c974fa74f723b8/element/f.C07C1F5C83AA57D4527D3CB7EA58C4CE.d.E316B39DB05029D185DF6D9B78D03170.e.4600/click - {}
RESULT: {}
COMMAND: GET /session/297431b9b55e935159c974fa74f723b8/screenshot - {}
RESULT: {}
COMMAND: POST /session/297431b9b55e935159c974fa74f723b8/execute/async - {"script":"<script> [1562 bytes]","args":[{"selector":{"controlType":"sap.ui.core.Icon","viewName":"etm.portal.ui.manageresources.view.Detail","viewId":"application-manageresources-display-component---detailRU","properties":{"src":{"regex":{"source":"overflow"}}}},"wdio_ui5_key":"etmportal.ui.manageresources.view.Detailsap.ui.core.Icon{\"src\":{\"regex\":{\"source\":\"overflow\"}}}"}]}
RESULT: {"script":"<script> [1562 bytes]","args":[{"selector":{"controlType":"sap.ui.core.Icon","viewName":"etm.portal.ui.manageresources.view.Detail","viewId":"application-manageresources-display-component---detailRU","properties":{"src":{"regex":{"source":"overflow"}}}},"wdio_ui5_key":"etmportal.ui.manageresources.view.Detailsap.ui.core.Icon{\"src\":{\"regex\":{\"source\":\"overflow\"}}}"}]}
RESULT: undefined
COMMAND: POST /session/297431b9b55e935159c974fa74f723b8/element - {"using":"xpath","value":"//*[@id=\"__title72-_actionsToolbar-overflowButton-img\"]"}
RESULT: {"using":"xpath","value":"//*[@id=\"__title72-_actionsToolbar-overflowButton-img\"]"}
COMMAND: POST /session/297431b9b55e935159c974fa74f723b8/element/f.C07C1F5C83AA57D4527D3CB7EA58C4CE.d.E316B39DB05029D185DF6D9B78D03170.e.4635/click - {}
RESULT: {}
COMMAND: POST /session/297431b9b55e935159c974fa74f723b8/execute/async - {"script":"<script> [1562 bytes]","args":[{"selector":{"controlType":"sap.m.Button","viewName":"etm.portal.ui.manageresources.view.Detail","viewId":"application-manageresources-display-component---detailRU","i18NText":{"propertyName":"tooltip","key":"closeColumn"},"searchOpenDialogs":true,"interaction":{"idSuffix":"inner"}},"wdio_ui5_key":"etmportal.ui.manageresources.view.Detailsap.m.Button{\"propertyName\":\"tooltip\",\"key\":\"closeColumn\"}"}]}
COMMAND: GET /session/297431b9b55e935159c974fa74f723b8/screenshot - {}
RESULT: {"script":"<script> [1562 bytes]","args":[{"selector":{"controlType":"sap.m.Button","viewName":"etm.portal.ui.manageresources.view.Detail","viewId":"application-manageresources-display-component---detailRU","i18NText":{"propertyName":"tooltip","key":"closeColumn"},"searchOpenDialogs":true,"interaction":{"idSuffix":"inner"}},"wdio_ui5_key":"etmportal.ui.manageresources.view.Detailsap.m.Button{\"propertyName\":\"tooltip\",\"key\":\"closeColumn\"}"}]}
RESULT: undefined
COMMAND: POST /session/297431b9b55e935159c974fa74f723b8/element - {"using":"xpath","value":"//*[@id=\"__button233\"]"}
RESULT: {}
RESULT: {"using":"xpath","value":"//*[@id=\"__button233\"]"}
COMMAND: POST /session/297431b9b55e935159c974fa74f723b8/element/f.C07C1F5C83AA57D4527D3CB7EA58C4CE.d.E316B39DB05029D185DF6D9B78D03170.e.4639/click - {}
RESULT: {}
COMMAND: GET /session/297431b9b55e935159c974fa74f723b8/screenshot - {}
RESULT: {}
COMMAND: POST /session/297431b9b55e935159c974fa74f723b8/refresh - {}
RESULT: {}
COMMAND: GET /session/297431b9b55e935159c974fa74f723b8/screenshot - {}
RESULT: {}
COMMAND: POST /session/297431b9b55e935159c974fa74f723b8/execute/async - {"script":"<script> [189 bytes]","args":[]}
RESULT: {"script":"<script> [189 bytes]","args":[]}
COMMAND: POST /session/297431b9b55e935159c974fa74f723b8/execute/async - {"script":"<script> [123 bytes]","args":[]}
RESULT: {"script":"<script> [123 bytes]","args":[]}
COMMAND: POST /session/297431b9b55e935159c974fa74f723b8/timeouts - {"script":"<number>"}
RESULT: {"script":"<number>"}
COMMAND: GET /session/297431b9b55e935159c974fa74f723b8/timeouts - {}
RESULT: {}
RESULT: undefined
COMMAND: POST /session/297431b9b55e935159c974fa74f723b8/execute/async - {"script":"<script> [2676 bytes]","args":[]}
RESULT: {"script":"<script> [2676 bytes]","args":[]}
COMMAND: POST /session/297431b9b55e935159c974fa74f723b8/execute/async - {"script":"<script> [2342 bytes]","args":[{"protocol":"http","hostname":"0.0.0.0","path":"/","capabilities":{"browserName":"chrome","goog:chromeOptions":{"binary":"C:\\Program Files\\Google\\Chrome\\Application\\chrome.exe","args":["--start-maximized"]}},"logLevel":"warn","connectionRetryTimeout":120000,"connectionRetryCount":3,"logLevels":{},"enableDirectConnect":true,"strictSSL":true,"_":"65 more keys: [\"cacheDir\",\"port\",\"requestedCapabilities\",\"automationProtocol\",\"baseUrl\",\"waitforInterval\",\"waitforTimeout\",\"onReload\",\"beforeCommand\",\"afterCommand\",\"rootDir\",\"specs\",\"suites\",\"exclude\",\"groupLogsByTestSpec\",\"excludeDriverLogs\",\"bail\",\"framework\",\"reporters\",\"services\",\"maxInstances\",\"maxInstancesPerCapability\",\"injectGlobals\",\"filesToWatch\",\"execArgv\",\"runnerEnv\",\"runner\",\"shard\",\"specFileRetries\",\"specFileRetriesDelay\",\"specFileRetriesDeferred\",\"reporterSyncInterval\",\"reporterSyncTimeout\",\"cucumberFeaturesWithLineNumbers\",\"autoCompileOpts\",\"mochaOpts\",\"jasmineOpts\",\"cucumberOpts\",\"onPrepare\",\"onWorkerStart\",\"onWorkerEnd\",\"before\",\"beforeSession\",\"beforeSuite\",\"beforeHook\",\"beforeTest\",\"afterTest\",\"afterHook\",\"afterSuite\",\"afterSession\",\"after\",\"onComplete\",\"beforeAssertion\",\"afterAssertion\",\"beforeFeature\",\"beforeScenario\",\"beforeStep\",\"afterStep\",\"afterScenario\",\"afterFeature\",\"_\",\"suite\",\"$0\",\"ignoredWorkerServices\",\"wdi5\"]"}]}
RESULT: {"script":"<script> [2342 bytes]","args":[{"protocol":"http","hostname":"0.0.0.0","path":"/","capabilities":{"browserName":"chrome","goog:chromeOptions":{"binary":"C:\\Program Files\\Google\\Chrome\\Application\\chrome.exe","args":["--start-maximized"]}},"logLevel":"warn","connectionRetryTimeout":120000,"connectionRetryCount":3,"logLevels":{},"enableDirectConnect":true,"strictSSL":true,"_":"65 more keys: [\"cacheDir\",\"port\",\"requestedCapabilities\",\"automationProtocol\",\"baseUrl\",\"waitforInterval\",\"waitforTimeout\",\"onReload\",\"beforeCommand\",\"afterCommand\",\"rootDir\",\"specs\",\"suites\",\"exclude\",\"groupLogsByTestSpec\",\"excludeDriverLogs\",\"bail\",\"framework\",\"reporters\",\"services\",\"maxInstances\",\"maxInstancesPerCapability\",\"injectGlobals\",\"filesToWatch\",\"execArgv\",\"runnerEnv\",\"runner\",\"shard\",\"specFileRetries\",\"specFileRetriesDelay\",\"specFileRetriesDeferred\",\"reporterSyncInterval\",\"reporterSyncTimeout\",\"cucumberFeaturesWithLineNumbers\",\"autoCompileOpts\",\"mochaOpts\",\"jasmineOpts\",\"cucumberOpts\",\"onPrepare\",\"onWorkerStart\",\"onWorkerEnd\",\"before\",\"beforeSession\",\"beforeSuite\",\"beforeHook\",\"beforeTest\",\"afterTest\",\"afterHook\",\"afterSuite\",\"afterSession\",\"after\",\"onComplete\",\"beforeAssertion\",\"afterAssertion\",\"beforeFeature\",\"beforeScenario\",\"beforeStep\",\"afterStep\",\"afterScenario\",\"afterFeature\",\"_\",\"suite\",\"$0\",\"ignoredWorkerServices\",\"wdi5\"]"}]}
COMMAND: POST /session/297431b9b55e935159c974fa74f723b8/execute/async - {"script":"<script> [21126 bytes]","args":[35000]}
RESULT: {"script":"<script> [21126 bytes]","args":[35000]}
COMMAND: POST /session/297431b9b55e935159c974fa74f723b8/element - {"using":"css selector","value":"#shell-header-logo"}
RESULT: {"using":"css selector","value":"#shell-header-logo"}
COMMAND: POST /session/297431b9b55e935159c974fa74f723b8/element/f.C07C1F5C83AA57D4527D3CB7EA58C4CE.d.C2E47450390DF381C24CAA822BABBE64.e.4807/click - {}
RESULT: {}
COMMAND: GET /session/297431b9b55e935159c974fa74f723b8/screenshot - {}
RESULT: {}
COMMAND: POST /session/297431b9b55e935159c974fa74f723b8/element - {"using":"css selector","value":"#shell-header-logo"}
RESULT: {"using":"css selector","value":"#shell-header-logo"}
COMMAND: POST /session/297431b9b55e935159c974fa74f723b8/element/f.C07C1F5C83AA57D4527D3CB7EA58C4CE.d.C2E47450390DF381C24CAA822BABBE64.e.4986/click - {}
RESULT: {}
COMMAND: GET /session/297431b9b55e935159c974fa74f723b8/screenshot - {}
RESULT: {}
]]></system-out>
    </testcase>
    <testcase classname="chrome.136_0_7103_93.windows.Manage_request_+_Contract_processing_pick_up_option_US120163_" name="Should Create New Request pick up option" time="174.204">
      <system-out><![CDATA[
COMMAND: POST /session/297431b9b55e935159c974fa74f723b8/element - {"using":"css selector","value":"#shell-header-logo"}
RESULT: {"using":"css selector","value":"#shell-header-logo"}
COMMAND: POST /session/297431b9b55e935159c974fa74f723b8/element/f.C07C1F5C83AA57D4527D3CB7EA58C4CE.d.C2E47450390DF381C24CAA822BABBE64.e.4986/click - {}
RESULT: {}
COMMAND: GET /session/297431b9b55e935159c974fa74f723b8/screenshot - {}
RESULT: {}
COMMAND: POST /session/297431b9b55e935159c974fa74f723b8/execute/async - {"script":"<script> [1562 bytes]","args":[{"selector":{"controlType":"sap.m.GenericTile","properties":{"header":"Manage Requests"}},"wdio_ui5_key":"sapm.GenericTile{\"header\":\"Manage Requests\"}"}]}
RESULT: {"script":"<script> [1562 bytes]","args":[{"selector":{"controlType":"sap.m.GenericTile","properties":{"header":"Manage Requests"}},"wdio_ui5_key":"sapm.GenericTile{\"header\":\"Manage Requests\"}"}]}
RESULT: undefined
COMMAND: POST /session/297431b9b55e935159c974fa74f723b8/element - {"using":"xpath","value":"//*[@id=\"__tile47\"]"}
RESULT: {"using":"xpath","value":"//*[@id=\"__tile47\"]"}
COMMAND: POST /session/297431b9b55e935159c974fa74f723b8/element/f.C07C1F5C83AA57D4527D3CB7EA58C4CE.d.C2E47450390DF381C24CAA822BABBE64.e.4989/click - {}
RESULT: {}
COMMAND: GET /session/297431b9b55e935159c974fa74f723b8/screenshot - {}
RESULT: {}
COMMAND: POST /session/297431b9b55e935159c974fa74f723b8/elements - {"using":"xpath","value":"//span[text()='Error']"}
RESULT: {"using":"xpath","value":"//span[text()='Error']"}
COMMAND: POST /session/297431b9b55e935159c974fa74f723b8/refresh - {}
RESULT: {}
COMMAND: GET /session/297431b9b55e935159c974fa74f723b8/screenshot - {}
RESULT: {}
COMMAND: POST /session/297431b9b55e935159c974fa74f723b8/execute/async - {"script":"<script> [189 bytes]","args":[]}
RESULT: {"script":"<script> [189 bytes]","args":[]}
COMMAND: POST /session/297431b9b55e935159c974fa74f723b8/execute/async - {"script":"<script> [123 bytes]","args":[]}
RESULT: {"script":"<script> [123 bytes]","args":[]}
COMMAND: POST /session/297431b9b55e935159c974fa74f723b8/timeouts - {"script":"<number>"}
RESULT: {"script":"<number>"}
COMMAND: GET /session/297431b9b55e935159c974fa74f723b8/timeouts - {}
RESULT: {}
RESULT: undefined
COMMAND: POST /session/297431b9b55e935159c974fa74f723b8/execute/async - {"script":"<script> [2676 bytes]","args":[]}
RESULT: {"script":"<script> [2676 bytes]","args":[]}
COMMAND: POST /session/297431b9b55e935159c974fa74f723b8/execute/async - {"script":"<script> [2342 bytes]","args":[{"protocol":"http","hostname":"0.0.0.0","path":"/","capabilities":{"browserName":"chrome","goog:chromeOptions":{"binary":"C:\\Program Files\\Google\\Chrome\\Application\\chrome.exe","args":["--start-maximized"]}},"logLevel":"warn","connectionRetryTimeout":120000,"connectionRetryCount":3,"logLevels":{},"enableDirectConnect":true,"strictSSL":true,"_":"65 more keys: [\"cacheDir\",\"port\",\"requestedCapabilities\",\"automationProtocol\",\"baseUrl\",\"waitforInterval\",\"waitforTimeout\",\"onReload\",\"beforeCommand\",\"afterCommand\",\"rootDir\",\"specs\",\"suites\",\"exclude\",\"groupLogsByTestSpec\",\"excludeDriverLogs\",\"bail\",\"framework\",\"reporters\",\"services\",\"maxInstances\",\"maxInstancesPerCapability\",\"injectGlobals\",\"filesToWatch\",\"execArgv\",\"runnerEnv\",\"runner\",\"shard\",\"specFileRetries\",\"specFileRetriesDelay\",\"specFileRetriesDeferred\",\"reporterSyncInterval\",\"reporterSyncTimeout\",\"cucumberFeaturesWithLineNumbers\",\"autoCompileOpts\",\"mochaOpts\",\"jasmineOpts\",\"cucumberOpts\",\"onPrepare\",\"onWorkerStart\",\"onWorkerEnd\",\"before\",\"beforeSession\",\"beforeSuite\",\"beforeHook\",\"beforeTest\",\"afterTest\",\"afterHook\",\"afterSuite\",\"afterSession\",\"after\",\"onComplete\",\"beforeAssertion\",\"afterAssertion\",\"beforeFeature\",\"beforeScenario\",\"beforeStep\",\"afterStep\",\"afterScenario\",\"afterFeature\",\"_\",\"suite\",\"$0\",\"ignoredWorkerServices\",\"wdi5\"]"}]}
RESULT: {"script":"<script> [2342 bytes]","args":[{"protocol":"http","hostname":"0.0.0.0","path":"/","capabilities":{"browserName":"chrome","goog:chromeOptions":{"binary":"C:\\Program Files\\Google\\Chrome\\Application\\chrome.exe","args":["--start-maximized"]}},"logLevel":"warn","connectionRetryTimeout":120000,"connectionRetryCount":3,"logLevels":{},"enableDirectConnect":true,"strictSSL":true,"_":"65 more keys: [\"cacheDir\",\"port\",\"requestedCapabilities\",\"automationProtocol\",\"baseUrl\",\"waitforInterval\",\"waitforTimeout\",\"onReload\",\"beforeCommand\",\"afterCommand\",\"rootDir\",\"specs\",\"suites\",\"exclude\",\"groupLogsByTestSpec\",\"excludeDriverLogs\",\"bail\",\"framework\",\"reporters\",\"services\",\"maxInstances\",\"maxInstancesPerCapability\",\"injectGlobals\",\"filesToWatch\",\"execArgv\",\"runnerEnv\",\"runner\",\"shard\",\"specFileRetries\",\"specFileRetriesDelay\",\"specFileRetriesDeferred\",\"reporterSyncInterval\",\"reporterSyncTimeout\",\"cucumberFeaturesWithLineNumbers\",\"autoCompileOpts\",\"mochaOpts\",\"jasmineOpts\",\"cucumberOpts\",\"onPrepare\",\"onWorkerStart\",\"onWorkerEnd\",\"before\",\"beforeSession\",\"beforeSuite\",\"beforeHook\",\"beforeTest\",\"afterTest\",\"afterHook\",\"afterSuite\",\"afterSession\",\"after\",\"onComplete\",\"beforeAssertion\",\"afterAssertion\",\"beforeFeature\",\"beforeScenario\",\"beforeStep\",\"afterStep\",\"afterScenario\",\"afterFeature\",\"_\",\"suite\",\"$0\",\"ignoredWorkerServices\",\"wdi5\"]"}]}
COMMAND: POST /session/297431b9b55e935159c974fa74f723b8/execute/async - {"script":"<script> [21126 bytes]","args":[35000]}
RESULT: {"script":"<script> [21126 bytes]","args":[35000]}
COMMAND: POST /session/297431b9b55e935159c974fa74f723b8/element - {"using":"xpath","value":"//button[contains(@data-kt ,\"btnCreateNewOverflowToolbarButton\")]"}
COMMAND: POST /session/297431b9b55e935159c974fa74f723b8/element - {"using":"xpath","value":"(//span[contains(@class ,\"sapMObjStatusText\")])[1]"}
RESULT: {"using":"xpath","value":"//button[contains(@data-kt ,\"btnCreateNewOverflowToolbarButton\")]"}
COMMAND: POST /session/297431b9b55e935159c974fa74f723b8/element/f.C07C1F5C83AA57D4527D3CB7EA58C4CE.d.95EAED0B9651C3103D3F0F3AA93B6E23.e.5139/click - {}
RESULT: {"using":"xpath","value":"(//span[contains(@class ,\"sapMObjStatusText\")])[1]"}
COMMAND: POST /session/297431b9b55e935159c974fa74f723b8/execute/sync - {"script":"<script> [8489 bytes]","args":[{"element-6066-11e4-a52e-4f735466cecf":"f.C07C1F5C83AA57D4527D3CB7EA58C4CE.d.95EAED0B9651C3103D3F0F3AA93B6E23.e.5176","ELEMENT":"f.C07C1F5C83AA57D4527D3CB7EA58C4CE.d.95EAED0B9651C3103D3F0F3AA93B6E23.e.5176"}]}
RESULT: {}
COMMAND: GET /session/297431b9b55e935159c974fa74f723b8/screenshot - {}
RESULT: {"script":"<script> [8489 bytes]","args":[{"element-6066-11e4-a52e-4f735466cecf":"f.C07C1F5C83AA57D4527D3CB7EA58C4CE.d.95EAED0B9651C3103D3F0F3AA93B6E23.e.5176","ELEMENT":"f.C07C1F5C83AA57D4527D3CB7EA58C4CE.d.95EAED0B9651C3103D3F0F3AA93B6E23.e.5176"}]}
COMMAND: GET /session/297431b9b55e935159c974fa74f723b8/screenshot - {}
RESULT: {}
RESULT: {}
COMMAND: POST /session/297431b9b55e935159c974fa74f723b8/element - {"using":"xpath","value":"//input[contains(@id ,\"yardId-inner\")]"}
RESULT: {"using":"xpath","value":"//input[contains(@id ,\"yardId-inner\")]"}
COMMAND: POST /session/297431b9b55e935159c974fa74f723b8/execute/sync - {"script":"<script> [8489 bytes]","args":[{"element-6066-11e4-a52e-4f735466cecf":"f.C07C1F5C83AA57D4527D3CB7EA58C4CE.d.95EAED0B9651C3103D3F0F3AA93B6E23.e.5260","ELEMENT":"f.C07C1F5C83AA57D4527D3CB7EA58C4CE.d.95EAED0B9651C3103D3F0F3AA93B6E23.e.5260"}]}
RESULT: {"script":"<script> [8489 bytes]","args":[{"element-6066-11e4-a52e-4f735466cecf":"f.C07C1F5C83AA57D4527D3CB7EA58C4CE.d.95EAED0B9651C3103D3F0F3AA93B6E23.e.5260","ELEMENT":"f.C07C1F5C83AA57D4527D3CB7EA58C4CE.d.95EAED0B9651C3103D3F0F3AA93B6E23.e.5260"}]}
COMMAND: POST /session/297431b9b55e935159c974fa74f723b8/element - {"using":"xpath","value":"//input[contains(@id ,\"requestContractNo-inner\")]"}
COMMAND: POST /session/297431b9b55e935159c974fa74f723b8/element - {"using":"xpath","value":"//input[contains(@id ,\"yardId-inner\")]"}
COMMAND: GET /session/297431b9b55e935159c974fa74f723b8/screenshot - {}
RESULT: {"using":"xpath","value":"//input[contains(@id ,\"requestContractNo-inner\")]"}
COMMAND: POST /session/297431b9b55e935159c974fa74f723b8/element/f.C07C1F5C83AA57D4527D3CB7EA58C4CE.d.95EAED0B9651C3103D3F0F3AA93B6E23.e.5257/value - {"text":"10280"}
RESULT: {"using":"xpath","value":"//input[contains(@id ,\"yardId-inner\")]"}
COMMAND: GET /session/297431b9b55e935159c974fa74f723b8/element/f.C07C1F5C83AA57D4527D3CB7EA58C4CE.d.95EAED0B9651C3103D3F0F3AA93B6E23.e.5260/enabled - {}
RESULT: {}
RESULT: {"text":"10280"}
COMMAND: GET /session/297431b9b55e935159c974fa74f723b8/screenshot - {}
RESULT: {}
COMMAND: GET /session/297431b9b55e935159c974fa74f723b8/screenshot - {}
RESULT: {}
RESULT: {}
COMMAND: POST /session/297431b9b55e935159c974fa74f723b8/actions - {"actions":[{"id":"action37","type":"key","parameters":{},"actions":[{"type":"keyDown","value":"î€‡"},{"type":"pause","duration":10},{"type":"keyUp","value":"î€‡"}]}]}
RESULT: {"actions":[{"id":"action37","type":"key","parameters":{},"actions":[{"type":"keyDown","value":"î€‡"},{"type":"pause","duration":10},{"type":"keyUp","value":"î€‡"}]}]}
COMMAND: GET /session/297431b9b55e935159c974fa74f723b8/screenshot - {}
RESULT: {}
COMMAND: POST /session/297431b9b55e935159c974fa74f723b8/execute/async - {"script":"<script> [1562 bytes]","args":[{"selector":{"controlType":"sap.m.Button","viewName":"etm.portal.ui.managerequests.view.NewRequest","properties":{"text":"Items"},"interaction":{"idSuffix":"BDI-content"}},"wdio_ui5_key":"etmportal.ui.managerequests.view.NewRequestsap.m.Button{\"text\":\"Items\"}"}]}
RESULT: {"script":"<script> [1562 bytes]","args":[{"selector":{"controlType":"sap.m.Button","viewName":"etm.portal.ui.managerequests.view.NewRequest","properties":{"text":"Items"},"interaction":{"idSuffix":"BDI-content"}},"wdio_ui5_key":"etmportal.ui.managerequests.view.NewRequestsap.m.Button{\"text\":\"Items\"}"}]}
RESULT: undefined
COMMAND: POST /session/297431b9b55e935159c974fa74f723b8/element - {"using":"xpath","value":"//*[@id=\"__xmlview1--newRequestPage-anchBar-__xmlview1--requestItemsSection-anchor\"]"}
RESULT: {"using":"xpath","value":"//*[@id=\"__xmlview1--newRequestPage-anchBar-__xmlview1--requestItemsSection-anchor\"]"}
COMMAND: POST /session/297431b9b55e935159c974fa74f723b8/element/f.C07C1F5C83AA57D4527D3CB7EA58C4CE.d.95EAED0B9651C3103D3F0F3AA93B6E23.e.5456/click - {}
RESULT: {}
COMMAND: GET /session/297431b9b55e935159c974fa74f723b8/screenshot - {}
RESULT: {}
COMMAND: POST /session/297431b9b55e935159c974fa74f723b8/execute/async - {"script":"<script> [1562 bytes]","args":[{"selector":{"controlType":"sap.ui.core.Icon","viewName":"etm.portal.ui.managerequests.view.NewRequest","properties":{"src":{"regex":{"source":"inspect"}}}},"wdio_ui5_key":"etmportal.ui.managerequests.view.NewRequestsap.ui.core.Icon{\"src\":{\"regex\":{\"source\":\"inspect\"}}}"}]}
RESULT: {"script":"<script> [1562 bytes]","args":[{"selector":{"controlType":"sap.ui.core.Icon","viewName":"etm.portal.ui.managerequests.view.NewRequest","properties":{"src":{"regex":{"source":"inspect"}}}},"wdio_ui5_key":"etmportal.ui.managerequests.view.NewRequestsap.ui.core.Icon{\"src\":{\"regex\":{\"source\":\"inspect\"}}}"}]}
RESULT: undefined
COMMAND: POST /session/297431b9b55e935159c974fa74f723b8/element - {"using":"xpath","value":"//*[@id=\"__button8-img\"]"}
RESULT: {"using":"xpath","value":"//*[@id=\"__button8-img\"]"}
COMMAND: POST /session/297431b9b55e935159c974fa74f723b8/element/f.C07C1F5C83AA57D4527D3CB7EA58C4CE.d.95EAED0B9651C3103D3F0F3AA93B6E23.e.5461/click - {}
RESULT: {}
COMMAND: GET /session/297431b9b55e935159c974fa74f723b8/screenshot - {}
RESULT: {}
COMMAND: POST /session/297431b9b55e935159c974fa74f723b8/execute/async - {"script":"<script> [1562 bytes]","args":[{"selector":{"controlType":"sap.ui.core.Icon","viewName":"etm.portal.ui.managerequests.view.NewRequest","properties":{"src":{"regex":{"source":"add"}}}},"wdio_ui5_key":"etmportal.ui.managerequests.view.NewRequestsap.ui.core.Icon{\"src\":{\"regex\":{\"source\":\"add\"}}}"}]}
RESULT: {"script":"<script> [1562 bytes]","args":[{"selector":{"controlType":"sap.ui.core.Icon","viewName":"etm.portal.ui.managerequests.view.NewRequest","properties":{"src":{"regex":{"source":"add"}}}},"wdio_ui5_key":"etmportal.ui.managerequests.view.NewRequestsap.ui.core.Icon{\"src\":{\"regex\":{\"source\":\"add\"}}}"}]}
RESULT: undefined
COMMAND: POST /session/297431b9b55e935159c974fa74f723b8/element - {"using":"xpath","value":"//*[@id=\"__xmlview1--btnAddTableRow-img\"]"}
RESULT: {"using":"xpath","value":"//*[@id=\"__xmlview1--btnAddTableRow-img\"]"}
COMMAND: POST /session/297431b9b55e935159c974fa74f723b8/element/f.C07C1F5C83AA57D4527D3CB7EA58C4CE.d.95EAED0B9651C3103D3F0F3AA93B6E23.e.5469/click - {}
RESULT: {}
COMMAND: GET /session/297431b9b55e935159c974fa74f723b8/screenshot - {}
RESULT: {}
COMMAND: POST /session/297431b9b55e935159c974fa74f723b8/execute/async - {"script":"<script> [1562 bytes]","args":[{"selector":{"controlType":"sap.ui.unified.MenuItem","viewName":"etm.portal.ui.managerequests.view.NewRequest","i18NText":{"propertyName":"text","key":"standardEntry"},"searchOpenDialogs":true,"interaction":{"idSuffix":"txt"}},"wdio_ui5_key":"etmportal.ui.managerequests.view.NewRequestsap.ui.unified.MenuItem{\"propertyName\":\"text\",\"key\":\"standardEntry\"}"}]}
RESULT: {"script":"<script> [1562 bytes]","args":[{"selector":{"controlType":"sap.ui.unified.MenuItem","viewName":"etm.portal.ui.managerequests.view.NewRequest","i18NText":{"propertyName":"text","key":"standardEntry"},"searchOpenDialogs":true,"interaction":{"idSuffix":"txt"}},"wdio_ui5_key":"etmportal.ui.managerequests.view.NewRequestsap.ui.unified.MenuItem{\"propertyName\":\"text\",\"key\":\"standardEntry\"}"}]}
RESULT: undefined
COMMAND: POST /session/297431b9b55e935159c974fa74f723b8/element - {"using":"xpath","value":"//*[@id=\"__item171\"]"}
RESULT: {"using":"xpath","value":"//*[@id=\"__item171\"]"}
COMMAND: POST /session/297431b9b55e935159c974fa74f723b8/element/f.C07C1F5C83AA57D4527D3CB7EA58C4CE.d.95EAED0B9651C3103D3F0F3AA93B6E23.e.5473/click - {}
RESULT: {}
COMMAND: GET /session/297431b9b55e935159c974fa74f723b8/screenshot - {}
RESULT: {}
RESULT: undefined
COMMAND: POST /session/297431b9b55e935159c974fa74f723b8/element - {"using":"xpath","value":"//*[@id=\"__xmlview1--btnAddTableRow-img\"]"}
RESULT: {"using":"xpath","value":"//*[@id=\"__xmlview1--btnAddTableRow-img\"]"}
COMMAND: POST /session/297431b9b55e935159c974fa74f723b8/element/f.C07C1F5C83AA57D4527D3CB7EA58C4CE.d.95EAED0B9651C3103D3F0F3AA93B6E23.e.5469/click - {}
RESULT: {}
COMMAND: GET /session/297431b9b55e935159c974fa74f723b8/screenshot - {}
RESULT: {}
RESULT: undefined
COMMAND: POST /session/297431b9b55e935159c974fa74f723b8/element - {"using":"xpath","value":"//*[@id=\"__item171\"]"}
RESULT: {"using":"xpath","value":"//*[@id=\"__item171\"]"}
COMMAND: POST /session/297431b9b55e935159c974fa74f723b8/element/f.C07C1F5C83AA57D4527D3CB7EA58C4CE.d.95EAED0B9651C3103D3F0F3AA93B6E23.e.5488/click - {}
RESULT: {}
COMMAND: GET /session/297431b9b55e935159c974fa74f723b8/screenshot - {}
RESULT: {}
COMMAND: POST /session/297431b9b55e935159c974fa74f723b8/element - {"using":"xpath","value":"(//input[contains(@id ,\"requestItemsTable-0-inner\")])[5]"}
RESULT: {"using":"xpath","value":"(//input[contains(@id ,\"requestItemsTable-0-inner\")])[5]"}
COMMAND: POST /session/297431b9b55e935159c974fa74f723b8/element/f.C07C1F5C83AA57D4527D3CB7EA58C4CE.d.95EAED0B9651C3103D3F0F3AA93B6E23.e.5479/clear - {}
RESULT: {}
COMMAND: POST /session/297431b9b55e935159c974fa74f723b8/element/f.C07C1F5C83AA57D4527D3CB7EA58C4CE.d.95EAED0B9651C3103D3F0F3AA93B6E23.e.5479/value - {"text":"1000001"}
COMMAND: GET /session/297431b9b55e935159c974fa74f723b8/screenshot - {}
RESULT: {"text":"1000001"}
COMMAND: GET /session/297431b9b55e935159c974fa74f723b8/screenshot - {}
RESULT: {}
RESULT: {}
COMMAND: POST /session/297431b9b55e935159c974fa74f723b8/actions - {"actions":[{"id":"action38","type":"key","parameters":{},"actions":[{"type":"keyDown","value":"î€‡"},{"type":"pause","duration":10},{"type":"keyUp","value":"î€‡"}]}]}
RESULT: {"actions":[{"id":"action38","type":"key","parameters":{},"actions":[{"type":"keyDown","value":"î€‡"},{"type":"pause","duration":10},{"type":"keyUp","value":"î€‡"}]}]}
COMMAND: POST /session/297431b9b55e935159c974fa74f723b8/element - {"using":"xpath","value":"(//input[contains(@id ,\"requestItemsTable-1-inner\")])[5]"}
COMMAND: GET /session/297431b9b55e935159c974fa74f723b8/screenshot - {}
RESULT: {"using":"xpath","value":"(//input[contains(@id ,\"requestItemsTable-1-inner\")])[5]"}
COMMAND: POST /session/297431b9b55e935159c974fa74f723b8/element/f.C07C1F5C83AA57D4527D3CB7EA58C4CE.d.95EAED0B9651C3103D3F0F3AA93B6E23.e.5494/clear - {}
RESULT: {}
RESULT: {}
COMMAND: POST /session/297431b9b55e935159c974fa74f723b8/element/f.C07C1F5C83AA57D4527D3CB7EA58C4CE.d.95EAED0B9651C3103D3F0F3AA93B6E23.e.5494/value - {"text":"200202"}
COMMAND: GET /session/297431b9b55e935159c974fa74f723b8/screenshot - {}
RESULT: {"text":"200202"}
COMMAND: GET /session/297431b9b55e935159c974fa74f723b8/screenshot - {}
RESULT: {}
RESULT: {}
COMMAND: POST /session/297431b9b55e935159c974fa74f723b8/actions - {"actions":[{"id":"action39","type":"key","parameters":{},"actions":[{"type":"keyDown","value":"î€‡"},{"type":"pause","duration":10},{"type":"keyUp","value":"î€‡"}]}]}
RESULT: {"actions":[{"id":"action39","type":"key","parameters":{},"actions":[{"type":"keyDown","value":"î€‡"},{"type":"pause","duration":10},{"type":"keyUp","value":"î€‡"}]}]}
COMMAND: POST /session/297431b9b55e935159c974fa74f723b8/element - {"using":"xpath","value":"//div[contains(@data-kt ,\"splitAllocationObjectStatus\")]"}
COMMAND: GET /session/297431b9b55e935159c974fa74f723b8/screenshot - {}
RESULT: {"using":"xpath","value":"//div[contains(@data-kt ,\"splitAllocationObjectStatus\")]"}
COMMAND: POST /session/297431b9b55e935159c974fa74f723b8/elements - {"using":"xpath","value":"//div[contains(@data-kt ,\"splitAllocationObjectStatus\")]"}
RESULT: {}
RESULT: {"using":"xpath","value":"//div[contains(@data-kt ,\"splitAllocationObjectStatus\")]"}
COMMAND: POST /session/297431b9b55e935159c974fa74f723b8/execute/async - {"script":"<script> [1562 bytes]","args":[{"selector":{"controlType":"sap.ui.core.Icon","viewName":"etm.portal.ui.managerequests.view.NewRequest","properties":{"src":{"regex":{"source":"message\\-error"}}},"ancestor":{"controlType":"sap.m.ColumnListItem","viewName":"etm.portal.ui.managerequests.view.NewRequest","bindingPath":{"modelName":"newRequestItems","path":"/RequestItems/0"},"ancestor":{"id":"requestItemsTable","viewName":"etm.portal.ui.managerequests.view.NewRequest"}}},"wdio_ui5_key":"etmportal.ui.managerequests.view.NewRequestsap.ui.core.Icon{\"src\":{\"regex\":{\"source\":\"message\\\\-error\"}}}{\"controlType\":\"sap.m.ColumnListItem\",\"viewName\":\"etm.portal.ui.managerequests.view.NewRequest\",\"bindingPath\":{\"modelName\":\"newRequestItems\",\"path\":\"/RequestItems/0\"},\"ancestor\":{\"id\":\"requestItemsTable\",\"viewName\":\"etm.portal.ui.managerequests.view.NewRequest\"}}"}]}
RESULT: {"script":"<script> [1562 bytes]","args":[{"selector":{"controlType":"sap.ui.core.Icon","viewName":"etm.portal.ui.managerequests.view.NewRequest","properties":{"src":{"regex":{"source":"message\\-error"}}},"ancestor":{"controlType":"sap.m.ColumnListItem","viewName":"etm.portal.ui.managerequests.view.NewRequest","bindingPath":{"modelName":"newRequestItems","path":"/RequestItems/0"},"ancestor":{"id":"requestItemsTable","viewName":"etm.portal.ui.managerequests.view.NewRequest"}}},"wdio_ui5_key":"etmportal.ui.managerequests.view.NewRequestsap.ui.core.Icon{\"src\":{\"regex\":{\"source\":\"message\\\\-error\"}}}{\"controlType\":\"sap.m.ColumnListItem\",\"viewName\":\"etm.portal.ui.managerequests.view.NewRequest\",\"bindingPath\":{\"modelName\":\"newRequestItems\",\"path\":\"/RequestItems/0\"},\"ancestor\":{\"id\":\"requestItemsTable\",\"viewName\":\"etm.portal.ui.managerequests.view.NewRequest\"}}"}]}
RESULT: undefined
COMMAND: POST /session/297431b9b55e935159c974fa74f723b8/element - {"using":"xpath","value":"//*[@id=\"__status4-__xmlview1--requestItemsTable-0-icon\"]"}
RESULT: {"using":"xpath","value":"//*[@id=\"__status4-__xmlview1--requestItemsTable-0-icon\"]"}
COMMAND: POST /session/297431b9b55e935159c974fa74f723b8/element/f.C07C1F5C83AA57D4527D3CB7EA58C4CE.d.95EAED0B9651C3103D3F0F3AA93B6E23.e.5506/click - {}
RESULT: {}
COMMAND: GET /session/297431b9b55e935159c974fa74f723b8/screenshot - {}
RESULT: {}
COMMAND: POST /session/297431b9b55e935159c974fa74f723b8/execute/async - {"script":"<script> [1562 bytes]","args":[{"selector":{"id":"costObjectAdminTypeComboBox","viewName":"etm.portal.ui.managerequests.view.NewRequest","searchOpenDialogs":true,"interaction":{"idSuffix":"inner"}},"wdio_ui5_key":"costObjectAdminTypeComboBoxetmportal.ui.managerequests.view.NewRequest"}]}
RESULT: {"script":"<script> [1562 bytes]","args":[{"selector":{"id":"costObjectAdminTypeComboBox","viewName":"etm.portal.ui.managerequests.view.NewRequest","searchOpenDialogs":true,"interaction":{"idSuffix":"inner"}},"wdio_ui5_key":"costObjectAdminTypeComboBoxetmportal.ui.managerequests.view.NewRequest"}]}
RESULT: undefined
COMMAND: POST /session/297431b9b55e935159c974fa74f723b8/execute/async - {"script":"<script> [776 bytes]","args":[{"enterText":"Cost Center","selector":{"id":"costObjectAdminTypeComboBox","viewName":"etm.portal.ui.managerequests.view.NewRequest","searchOpenDialogs":true,"interaction":{"idSuffix":"inner"}},"clearTextFirst":true,"interactionType":"ENTER_TEXT"}]}
RESULT: {"script":"<script> [776 bytes]","args":[{"enterText":"Cost Center","selector":{"id":"costObjectAdminTypeComboBox","viewName":"etm.portal.ui.managerequests.view.NewRequest","searchOpenDialogs":true,"interaction":{"idSuffix":"inner"}},"clearTextFirst":true,"interactionType":"ENTER_TEXT"}]}
COMMAND: POST /session/297431b9b55e935159c974fa74f723b8/actions - {"actions":[{"id":"action40","type":"key","parameters":{},"actions":[{"type":"keyDown","value":"î€‡"},{"type":"pause","duration":10},{"type":"keyUp","value":"î€‡"}]}]}
RESULT: {"actions":[{"id":"action40","type":"key","parameters":{},"actions":[{"type":"keyDown","value":"î€‡"},{"type":"pause","duration":10},{"type":"keyUp","value":"î€‡"}]}]}
COMMAND: GET /session/297431b9b55e935159c974fa74f723b8/screenshot - {}
RESULT: {}
COMMAND: POST /session/297431b9b55e935159c974fa74f723b8/execute/async - {"script":"<script> [1562 bytes]","args":[{"selector":{"id":"costObjectIdComboBox","viewName":"etm.portal.ui.managerequests.view.NewRequest","searchOpenDialogs":true,"interaction":{"idSuffix":"inner"}},"wdio_ui5_key":"costObjectIdComboBoxetmportal.ui.managerequests.view.NewRequest"}]}
RESULT: {"script":"<script> [1562 bytes]","args":[{"selector":{"id":"costObjectIdComboBox","viewName":"etm.portal.ui.managerequests.view.NewRequest","searchOpenDialogs":true,"interaction":{"idSuffix":"inner"}},"wdio_ui5_key":"costObjectIdComboBoxetmportal.ui.managerequests.view.NewRequest"}]}
RESULT: undefined
COMMAND: POST /session/297431b9b55e935159c974fa74f723b8/execute/async - {"script":"<script> [776 bytes]","args":[{"enterText":"1001 - 1001","selector":{"id":"costObjectIdComboBox","viewName":"etm.portal.ui.managerequests.view.NewRequest","searchOpenDialogs":true,"interaction":{"idSuffix":"inner"}},"clearTextFirst":true,"interactionType":"ENTER_TEXT"}]}
RESULT: {"script":"<script> [776 bytes]","args":[{"enterText":"1001 - 1001","selector":{"id":"costObjectIdComboBox","viewName":"etm.portal.ui.managerequests.view.NewRequest","searchOpenDialogs":true,"interaction":{"idSuffix":"inner"}},"clearTextFirst":true,"interactionType":"ENTER_TEXT"}]}
COMMAND: POST /session/297431b9b55e935159c974fa74f723b8/actions - {"actions":[{"id":"action41","type":"key","parameters":{},"actions":[{"type":"keyDown","value":"î€‡"},{"type":"pause","duration":10},{"type":"keyUp","value":"î€‡"}]}]}
RESULT: {"actions":[{"id":"action41","type":"key","parameters":{},"actions":[{"type":"keyDown","value":"î€‡"},{"type":"pause","duration":10},{"type":"keyUp","value":"î€‡"}]}]}
COMMAND: GET /session/297431b9b55e935159c974fa74f723b8/screenshot - {}
RESULT: {}
COMMAND: POST /session/297431b9b55e935159c974fa74f723b8/element - {"using":"xpath","value":"(//bdi[(text() = 'Save' or . = 'Save')])[1]"}
RESULT: {"using":"xpath","value":"(//bdi[(text() = 'Save' or . = 'Save')])[1]"}
COMMAND: POST /session/297431b9b55e935159c974fa74f723b8/element/f.C07C1F5C83AA57D4527D3CB7EA58C4CE.d.95EAED0B9651C3103D3F0F3AA93B6E23.e.5520/click - {}
RESULT: {}
COMMAND: POST /session/297431b9b55e935159c974fa74f723b8/execute/async - {"script":"<script> [1562 bytes]","args":[{"selector":{"controlType":"sap.ui.core.Icon","viewName":"etm.portal.ui.managerequests.view.NewRequest","properties":{"src":{"regex":{"source":"message\\-error"}}},"ancestor":{"controlType":"sap.m.ColumnListItem","viewName":"etm.portal.ui.managerequests.view.NewRequest","bindingPath":{"modelName":"newRequestItems","path":"/RequestItems/1"},"ancestor":{"id":"requestItemsTable","viewName":"etm.portal.ui.managerequests.view.NewRequest"}}},"wdio_ui5_key":"etmportal.ui.managerequests.view.NewRequestsap.ui.core.Icon{\"src\":{\"regex\":{\"source\":\"message\\\\-error\"}}}{\"controlType\":\"sap.m.ColumnListItem\",\"viewName\":\"etm.portal.ui.managerequests.view.NewRequest\",\"bindingPath\":{\"modelName\":\"newRequestItems\",\"path\":\"/RequestItems/1\"},\"ancestor\":{\"id\":\"requestItemsTable\",\"viewName\":\"etm.portal.ui.managerequests.view.NewRequest\"}}"}]}
COMMAND: GET /session/297431b9b55e935159c974fa74f723b8/screenshot - {}
RESULT: {"script":"<script> [1562 bytes]","args":[{"selector":{"controlType":"sap.ui.core.Icon","viewName":"etm.portal.ui.managerequests.view.NewRequest","properties":{"src":{"regex":{"source":"message\\-error"}}},"ancestor":{"controlType":"sap.m.ColumnListItem","viewName":"etm.portal.ui.managerequests.view.NewRequest","bindingPath":{"modelName":"newRequestItems","path":"/RequestItems/1"},"ancestor":{"id":"requestItemsTable","viewName":"etm.portal.ui.managerequests.view.NewRequest"}}},"wdio_ui5_key":"etmportal.ui.managerequests.view.NewRequestsap.ui.core.Icon{\"src\":{\"regex\":{\"source\":\"message\\\\-error\"}}}{\"controlType\":\"sap.m.ColumnListItem\",\"viewName\":\"etm.portal.ui.managerequests.view.NewRequest\",\"bindingPath\":{\"modelName\":\"newRequestItems\",\"path\":\"/RequestItems/1\"},\"ancestor\":{\"id\":\"requestItemsTable\",\"viewName\":\"etm.portal.ui.managerequests.view.NewRequest\"}}"}]}
RESULT: undefined
COMMAND: POST /session/297431b9b55e935159c974fa74f723b8/element - {"using":"xpath","value":"//*[@id=\"__status4-__xmlview1--requestItemsTable-1-icon\"]"}
RESULT: {}
RESULT: {"using":"xpath","value":"//*[@id=\"__status4-__xmlview1--requestItemsTable-1-icon\"]"}
COMMAND: POST /session/297431b9b55e935159c974fa74f723b8/element/f.C07C1F5C83AA57D4527D3CB7EA58C4CE.d.95EAED0B9651C3103D3F0F3AA93B6E23.e.5523/click - {}
RESULT: {}
COMMAND: GET /session/297431b9b55e935159c974fa74f723b8/screenshot - {}
RESULT: {}
RESULT: undefined
COMMAND: POST /session/297431b9b55e935159c974fa74f723b8/execute/async - {"script":"<script> [776 bytes]","args":[{"enterText":"Cost Center","selector":{"id":"costObjectAdminTypeComboBox","viewName":"etm.portal.ui.managerequests.view.NewRequest","searchOpenDialogs":true,"interaction":{"idSuffix":"inner"}},"clearTextFirst":true,"interactionType":"ENTER_TEXT"}]}
RESULT: {"script":"<script> [776 bytes]","args":[{"enterText":"Cost Center","selector":{"id":"costObjectAdminTypeComboBox","viewName":"etm.portal.ui.managerequests.view.NewRequest","searchOpenDialogs":true,"interaction":{"idSuffix":"inner"}},"clearTextFirst":true,"interactionType":"ENTER_TEXT"}]}
COMMAND: POST /session/297431b9b55e935159c974fa74f723b8/actions - {"actions":[{"id":"action42","type":"key","parameters":{},"actions":[{"type":"keyDown","value":"î€‡"},{"type":"pause","duration":10},{"type":"keyUp","value":"î€‡"}]}]}
RESULT: {"actions":[{"id":"action42","type":"key","parameters":{},"actions":[{"type":"keyDown","value":"î€‡"},{"type":"pause","duration":10},{"type":"keyUp","value":"î€‡"}]}]}
COMMAND: GET /session/297431b9b55e935159c974fa74f723b8/screenshot - {}
RESULT: {}
RESULT: undefined
COMMAND: POST /session/297431b9b55e935159c974fa74f723b8/execute/async - {"script":"<script> [776 bytes]","args":[{"enterText":"1001 - 1001","selector":{"id":"costObjectIdComboBox","viewName":"etm.portal.ui.managerequests.view.NewRequest","searchOpenDialogs":true,"interaction":{"idSuffix":"inner"}},"clearTextFirst":true,"interactionType":"ENTER_TEXT"}]}
RESULT: {"script":"<script> [776 bytes]","args":[{"enterText":"1001 - 1001","selector":{"id":"costObjectIdComboBox","viewName":"etm.portal.ui.managerequests.view.NewRequest","searchOpenDialogs":true,"interaction":{"idSuffix":"inner"}},"clearTextFirst":true,"interactionType":"ENTER_TEXT"}]}
COMMAND: POST /session/297431b9b55e935159c974fa74f723b8/actions - {"actions":[{"id":"action43","type":"key","parameters":{},"actions":[{"type":"keyDown","value":"î€‡"},{"type":"pause","duration":10},{"type":"keyUp","value":"î€‡"}]}]}
RESULT: {"actions":[{"id":"action43","type":"key","parameters":{},"actions":[{"type":"keyDown","value":"î€‡"},{"type":"pause","duration":10},{"type":"keyUp","value":"î€‡"}]}]}
COMMAND: GET /session/297431b9b55e935159c974fa74f723b8/screenshot - {}
RESULT: {}
COMMAND: POST /session/297431b9b55e935159c974fa74f723b8/element - {"using":"xpath","value":"(//bdi[(text() = 'Save' or . = 'Save')])[1]"}
RESULT: {"using":"xpath","value":"(//bdi[(text() = 'Save' or . = 'Save')])[1]"}
COMMAND: POST /session/297431b9b55e935159c974fa74f723b8/element/f.C07C1F5C83AA57D4527D3CB7EA58C4CE.d.95EAED0B9651C3103D3F0F3AA93B6E23.e.5535/click - {}
RESULT: {}
COMMAND: GET /session/297431b9b55e935159c974fa74f723b8/screenshot - {}
RESULT: {}
COMMAND: POST /session/297431b9b55e935159c974fa74f723b8/execute/async - {"script":"<script> [1562 bytes]","args":[{"selector":{"controlType":"sap.m.Button","viewName":"etm.portal.ui.managerequests.view.NewRequest","bindingPath":{"path":"/RequestItems/0","propertyPath":"PICK_UP","modelName":"newRequestItems"},"interaction":{"idSuffix":"BDI-content"}},"wdio_ui5_key":"etmportal.ui.managerequests.view.NewRequestsap.m.Button{\"path\":\"/RequestItems/0\",\"propertyPath\":\"PICK_UP\",\"modelName\":\"newRequestItems\"}"}]}
RESULT: {"script":"<script> [1562 bytes]","args":[{"selector":{"controlType":"sap.m.Button","viewName":"etm.portal.ui.managerequests.view.NewRequest","bindingPath":{"path":"/RequestItems/0","propertyPath":"PICK_UP","modelName":"newRequestItems"},"interaction":{"idSuffix":"BDI-content"}},"wdio_ui5_key":"etmportal.ui.managerequests.view.NewRequestsap.m.Button{\"path\":\"/RequestItems/0\",\"propertyPath\":\"PICK_UP\",\"modelName\":\"newRequestItems\"}"}]}
RESULT: undefined
COMMAND: POST /session/297431b9b55e935159c974fa74f723b8/element - {"using":"xpath","value":"//*[@id=\"__xmlview1--pickUpItemButton-__xmlview1--requestItemsTable-0\"]"}
RESULT: {"using":"xpath","value":"//*[@id=\"__xmlview1--pickUpItemButton-__xmlview1--requestItemsTable-0\"]"}
COMMAND: POST /session/297431b9b55e935159c974fa74f723b8/element/f.C07C1F5C83AA57D4527D3CB7EA58C4CE.d.95EAED0B9651C3103D3F0F3AA93B6E23.e.5539/click - {}
RESULT: {}
COMMAND: GET /session/297431b9b55e935159c974fa74f723b8/screenshot - {}
RESULT: {}
COMMAND: POST /session/297431b9b55e935159c974fa74f723b8/execute/async - {"script":"<script> [1562 bytes]","args":[{"selector":{"controlType":"sap.m.Button","viewName":"etm.portal.ui.managerequests.view.NewRequest","properties":{"text":"Save"},"i18NText":{"propertyName":"tooltip","key":"save"},"interaction":{"idSuffix":"BDI-content"}},"wdio_ui5_key":"etmportal.ui.managerequests.view.NewRequestsap.m.Button{\"propertyName\":\"tooltip\",\"key\":\"save\"}{\"text\":\"Save\"}"}]}
RESULT: {"script":"<script> [1562 bytes]","args":[{"selector":{"controlType":"sap.m.Button","viewName":"etm.portal.ui.managerequests.view.NewRequest","properties":{"text":"Save"},"i18NText":{"propertyName":"tooltip","key":"save"},"interaction":{"idSuffix":"BDI-content"}},"wdio_ui5_key":"etmportal.ui.managerequests.view.NewRequestsap.m.Button{\"propertyName\":\"tooltip\",\"key\":\"save\"}{\"text\":\"Save\"}"}]}
RESULT: undefined
COMMAND: POST /session/297431b9b55e935159c974fa74f723b8/element - {"using":"xpath","value":"//*[@id=\"__button11\"]"}
RESULT: {"using":"xpath","value":"//*[@id=\"__button11\"]"}
COMMAND: POST /session/297431b9b55e935159c974fa74f723b8/element/f.C07C1F5C83AA57D4527D3CB7EA58C4CE.d.95EAED0B9651C3103D3F0F3AA93B6E23.e.5361/click - {}
RESULT: {}
COMMAND: GET /session/297431b9b55e935159c974fa74f723b8/screenshot - {}
RESULT: {}
COMMAND: POST /session/297431b9b55e935159c974fa74f723b8/execute/async - {"script":"<script> [1562 bytes]","args":[{"selector":{"controlType":"sap.m.Text","searchOpenDialogs":true},"wdio_ui5_key":"sapm.Text"}]}
RESULT: {"script":"<script> [1562 bytes]","args":[{"selector":{"controlType":"sap.m.Text","searchOpenDialogs":true},"wdio_ui5_key":"sapm.Text"}]}
RESULT: undefined
COMMAND: POST /session/297431b9b55e935159c974fa74f723b8/execute/async - {"script":"<script> [6424 bytes]","args":[{"element-6066-11e4-a52e-4f735466cecf":"f.C07C1F5C83AA57D4527D3CB7EA58C4CE.d.95EAED0B9651C3103D3F0F3AA93B6E23.e.5543"},"getText",[]]}
RESULT: {"script":"<script> [6424 bytes]","args":[{"element-6066-11e4-a52e-4f735466cecf":"f.C07C1F5C83AA57D4527D3CB7EA58C4CE.d.95EAED0B9651C3103D3F0F3AA93B6E23.e.5543"},"getText",[]]}
COMMAND: POST /session/297431b9b55e935159c974fa74f723b8/execute/async - {"script":"<script> [1562 bytes]","args":[{"selector":{"controlType":"sap.m.Button","properties":{"text":"Close"},"searchOpenDialogs":true,"interaction":{"idSuffix":"BDI-content"}},"wdio_ui5_key":"sapm.Button{\"text\":\"Close\"}"}]}
RESULT: {"script":"<script> [1562 bytes]","args":[{"selector":{"controlType":"sap.m.Button","properties":{"text":"Close"},"searchOpenDialogs":true,"interaction":{"idSuffix":"BDI-content"}},"wdio_ui5_key":"sapm.Button{\"text\":\"Close\"}"}]}
RESULT: undefined
COMMAND: POST /session/297431b9b55e935159c974fa74f723b8/element - {"using":"xpath","value":"//*[@id=\"__mbox-btn-0\"]"}
RESULT: {"using":"xpath","value":"//*[@id=\"__mbox-btn-0\"]"}
COMMAND: POST /session/297431b9b55e935159c974fa74f723b8/element/f.C07C1F5C83AA57D4527D3CB7EA58C4CE.d.95EAED0B9651C3103D3F0F3AA93B6E23.e.5542/click - {}
RESULT: {}
COMMAND: GET /session/297431b9b55e935159c974fa74f723b8/screenshot - {}
RESULT: {}
COMMAND: POST /session/297431b9b55e935159c974fa74f723b8/execute/async - {"script":"<script> [1562 bytes]","args":[{"selector":{"controlType":"sap.m.Button","viewName":"etm.portal.ui.managerequests.view.Detail","bindingPath":{"path":"/SmartRequestItemsPlanningBoard(ITEM=10m,REQUEST='20123')","propertyPath":"PICK_UP"}},"wdio_ui5_key":"etmportal.ui.managerequests.view.Detailsap.m.Button{\"path\":\"/SmartRequestItemsPlanningBoard(ITEM=10m,REQUEST='20123')\",\"propertyPath\":\"PICK_UP\"}"}]}
RESULT: {"script":"<script> [1562 bytes]","args":[{"selector":{"controlType":"sap.m.Button","viewName":"etm.portal.ui.managerequests.view.Detail","bindingPath":{"path":"/SmartRequestItemsPlanningBoard(ITEM=10m,REQUEST='20123')","propertyPath":"PICK_UP"}},"wdio_ui5_key":"etmportal.ui.managerequests.view.Detailsap.m.Button{\"path\":\"/SmartRequestItemsPlanningBoard(ITEM=10m,REQUEST='20123')\",\"propertyPath\":\"PICK_UP\"}"}]}
RESULT: undefined
COMMAND: POST /session/297431b9b55e935159c974fa74f723b8/execute/async - {"script":"<script> [6424 bytes]","args":[{"element-6066-11e4-a52e-4f735466cecf":"f.C07C1F5C83AA57D4527D3CB7EA58C4CE.d.95EAED0B9651C3103D3F0F3AA93B6E23.e.5652"},"getType",[]]}
RESULT: {"script":"<script> [6424 bytes]","args":[{"element-6066-11e4-a52e-4f735466cecf":"f.C07C1F5C83AA57D4527D3CB7EA58C4CE.d.95EAED0B9651C3103D3F0F3AA93B6E23.e.5652"},"getType",[]]}
COMMAND: POST /session/297431b9b55e935159c974fa74f723b8/execute/async - {"script":"<script> [1562 bytes]","args":[{"selector":{"controlType":"sap.m.Button","viewName":"etm.portal.ui.managerequests.view.Detail","bindingPath":{"path":"/SmartRequestItemsPlanningBoard(ITEM=20m,REQUEST='20123')","propertyPath":"PICK_UP"}},"wdio_ui5_key":"etmportal.ui.managerequests.view.Detailsap.m.Button{\"path\":\"/SmartRequestItemsPlanningBoard(ITEM=20m,REQUEST='20123')\",\"propertyPath\":\"PICK_UP\"}"}]}
RESULT: {"script":"<script> [1562 bytes]","args":[{"selector":{"controlType":"sap.m.Button","viewName":"etm.portal.ui.managerequests.view.Detail","bindingPath":{"path":"/SmartRequestItemsPlanningBoard(ITEM=20m,REQUEST='20123')","propertyPath":"PICK_UP"}},"wdio_ui5_key":"etmportal.ui.managerequests.view.Detailsap.m.Button{\"path\":\"/SmartRequestItemsPlanningBoard(ITEM=20m,REQUEST='20123')\",\"propertyPath\":\"PICK_UP\"}"}]}
RESULT: undefined
COMMAND: POST /session/297431b9b55e935159c974fa74f723b8/execute/async - {"script":"<script> [6424 bytes]","args":[{"element-6066-11e4-a52e-4f735466cecf":"f.C07C1F5C83AA57D4527D3CB7EA58C4CE.d.95EAED0B9651C3103D3F0F3AA93B6E23.e.5682"},"getType",[]]}
RESULT: {"script":"<script> [6424 bytes]","args":[{"element-6066-11e4-a52e-4f735466cecf":"f.C07C1F5C83AA57D4527D3CB7EA58C4CE.d.95EAED0B9651C3103D3F0F3AA93B6E23.e.5682"},"getType",[]]}
COMMAND: POST /session/297431b9b55e935159c974fa74f723b8/execute/async - {"script":"<script> [1562 bytes]","args":[{"selector":{"id":"pickUpSwitchHeader","viewName":"etm.portal.ui.managerequests.view.Detail","interaction":{"idSuffix":"handle"}},"wdio_ui5_key":"pickUpSwitchHeaderetmportal.ui.managerequests.view.Detail"}]}
RESULT: {"script":"<script> [1562 bytes]","args":[{"selector":{"id":"pickUpSwitchHeader","viewName":"etm.portal.ui.managerequests.view.Detail","interaction":{"idSuffix":"handle"}},"wdio_ui5_key":"pickUpSwitchHeaderetmportal.ui.managerequests.view.Detail"}]}
RESULT: undefined
COMMAND: POST /session/297431b9b55e935159c974fa74f723b8/element - {"using":"xpath","value":"//*[@id=\"__xmlview2--pickUpSwitchHeader\"]"}
RESULT: {"using":"xpath","value":"//*[@id=\"__xmlview2--pickUpSwitchHeader\"]"}
COMMAND: POST /session/297431b9b55e935159c974fa74f723b8/element/f.C07C1F5C83AA57D4527D3CB7EA58C4CE.d.95EAED0B9651C3103D3F0F3AA93B6E23.e.5620/click - {}
RESULT: {}
COMMAND: POST /session/297431b9b55e935159c974fa74f723b8/execute/async - {"script":"<script> [1562 bytes]","args":[{"selector":{"controlType":"sap.ui.core.Icon","viewName":"etm.portal.ui.managerequests.view.Detail","properties":{"src":{"regex":{"source":"pushpin\\-off"}}}},"wdio_ui5_key":"etmportal.ui.managerequests.view.Detailsap.ui.core.Icon{\"src\":{\"regex\":{\"source\":\"pushpin\\\\-off\"}}}"}]}
COMMAND: GET /session/297431b9b55e935159c974fa74f723b8/screenshot - {}
RESULT: {"script":"<script> [1562 bytes]","args":[{"selector":{"controlType":"sap.ui.core.Icon","viewName":"etm.portal.ui.managerequests.view.Detail","properties":{"src":{"regex":{"source":"pushpin\\-off"}}}},"wdio_ui5_key":"etmportal.ui.managerequests.view.Detailsap.ui.core.Icon{\"src\":{\"regex\":{\"source\":\"pushpin\\\\-off\"}}}"}]}
RESULT: undefined
COMMAND: POST /session/297431b9b55e935159c974fa74f723b8/element - {"using":"xpath","value":"//*[@id=\"__xmlview2--detailRequestPage-OPHeaderContent-pinBtn-img\"]"}
RESULT: {}
RESULT: {"using":"xpath","value":"//*[@id=\"__xmlview2--detailRequestPage-OPHeaderContent-pinBtn-img\"]"}
COMMAND: POST /session/297431b9b55e935159c974fa74f723b8/element/f.C07C1F5C83AA57D4527D3CB7EA58C4CE.d.95EAED0B9651C3103D3F0F3AA93B6E23.e.5628/click - {}
RESULT: {}
RESULT: undefined
COMMAND: POST /session/297431b9b55e935159c974fa74f723b8/execute/async - {"script":"<script> [6424 bytes]","args":[{"element-6066-11e4-a52e-4f735466cecf":"f.C07C1F5C83AA57D4527D3CB7EA58C4CE.d.95EAED0B9651C3103D3F0F3AA93B6E23.e.5652"},"getType",[]]}
COMMAND: GET /session/297431b9b55e935159c974fa74f723b8/screenshot - {}
RESULT: {"script":"<script> [6424 bytes]","args":[{"element-6066-11e4-a52e-4f735466cecf":"f.C07C1F5C83AA57D4527D3CB7EA58C4CE.d.95EAED0B9651C3103D3F0F3AA93B6E23.e.5652"},"getType",[]]}
RESULT: undefined
COMMAND: POST /session/297431b9b55e935159c974fa74f723b8/execute/async - {"script":"<script> [6424 bytes]","args":[{"element-6066-11e4-a52e-4f735466cecf":"f.C07C1F5C83AA57D4527D3CB7EA58C4CE.d.95EAED0B9651C3103D3F0F3AA93B6E23.e.5682"},"getType",[]]}
RESULT: {}
RESULT: {"script":"<script> [6424 bytes]","args":[{"element-6066-11e4-a52e-4f735466cecf":"f.C07C1F5C83AA57D4527D3CB7EA58C4CE.d.95EAED0B9651C3103D3F0F3AA93B6E23.e.5682"},"getType",[]]}
COMMAND: POST /session/297431b9b55e935159c974fa74f723b8/execute/async - {"script":"<script> [1562 bytes]","args":[{"selector":{"controlType":"sap.ui.core.Icon","viewName":"etm.portal.ui.managerequests.view.Detail","properties":{"src":{"regex":{"source":"date\\-time"}}},"ancestor":{"controlType":"sap.m.ColumnListItem","viewName":"etm.portal.ui.managerequests.view.Detail","bindingPath":{"path":"/SmartRequestItemsPlanningBoard(ITEM=10m,REQUEST='20123')"},"ancestor":{"id":"requestItemsTable","viewName":"etm.portal.ui.managerequests.view.Detail"}}},"wdio_ui5_key":"etmportal.ui.managerequests.view.Detailsap.ui.core.Icon{\"src\":{\"regex\":{\"source\":\"date\\\\-time\"}}}{\"controlType\":\"sap.m.ColumnListItem\",\"viewName\":\"etm.portal.ui.managerequests.view.Detail\",\"bindingPath\":{\"path\":\"/SmartRequestItemsPlanningBoard(ITEM=10m,REQUEST='20123')\"},\"ancestor\":{\"id\":\"requestItemsTable\",\"viewName\":\"etm.portal.ui.managerequests.view.Detail\"}}"}]}
RESULT: {"script":"<script> [1562 bytes]","args":[{"selector":{"controlType":"sap.ui.core.Icon","viewName":"etm.portal.ui.managerequests.view.Detail","properties":{"src":{"regex":{"source":"date\\-time"}}},"ancestor":{"controlType":"sap.m.ColumnListItem","viewName":"etm.portal.ui.managerequests.view.Detail","bindingPath":{"path":"/SmartRequestItemsPlanningBoard(ITEM=10m,REQUEST='20123')"},"ancestor":{"id":"requestItemsTable","viewName":"etm.portal.ui.managerequests.view.Detail"}}},"wdio_ui5_key":"etmportal.ui.managerequests.view.Detailsap.ui.core.Icon{\"src\":{\"regex\":{\"source\":\"date\\\\-time\"}}}{\"controlType\":\"sap.m.ColumnListItem\",\"viewName\":\"etm.portal.ui.managerequests.view.Detail\",\"bindingPath\":{\"path\":\"/SmartRequestItemsPlanningBoard(ITEM=10m,REQUEST='20123')\"},\"ancestor\":{\"id\":\"requestItemsTable\",\"viewName\":\"etm.portal.ui.managerequests.view.Detail\"}}"}]}
RESULT: undefined
COMMAND: POST /session/297431b9b55e935159c974fa74f723b8/element - {"using":"xpath","value":"//*[@id=\"__button37-__clone1825-img\"]"}
RESULT: {"using":"xpath","value":"//*[@id=\"__button37-__clone1825-img\"]"}
COMMAND: POST /session/297431b9b55e935159c974fa74f723b8/element/f.C07C1F5C83AA57D4527D3CB7EA58C4CE.d.95EAED0B9651C3103D3F0F3AA93B6E23.e.5690/click - {}
RESULT: {}
COMMAND: POST /session/297431b9b55e935159c974fa74f723b8/execute/async - {"script":"<script> [1562 bytes]","args":[{"selector":{"controlType":"sap.m.Button","viewName":"etm.portal.ui.managerequests.view.Detail","properties":{"text":"Close"},"searchOpenDialogs":true,"interaction":{"idSuffix":"inner"}},"wdio_ui5_key":"etmportal.ui.managerequests.view.Detailsap.m.Button{\"text\":\"Close\"}"}]}
COMMAND: GET /session/297431b9b55e935159c974fa74f723b8/screenshot - {}
RESULT: {"script":"<script> [1562 bytes]","args":[{"selector":{"controlType":"sap.m.Button","viewName":"etm.portal.ui.managerequests.view.Detail","properties":{"text":"Close"},"searchOpenDialogs":true,"interaction":{"idSuffix":"inner"}},"wdio_ui5_key":"etmportal.ui.managerequests.view.Detailsap.m.Button{\"text\":\"Close\"}"}]}
RESULT: undefined
COMMAND: POST /session/297431b9b55e935159c974fa74f723b8/element - {"using":"xpath","value":"//*[@id=\"__button45\"]"}
RESULT: {}
RESULT: {"using":"xpath","value":"//*[@id=\"__button45\"]"}
COMMAND: POST /session/297431b9b55e935159c974fa74f723b8/element/f.C07C1F5C83AA57D4527D3CB7EA58C4CE.d.95EAED0B9651C3103D3F0F3AA93B6E23.e.5692/click - {}
RESULT: {}
COMMAND: POST /session/297431b9b55e935159c974fa74f723b8/execute/async - {"script":"<script> [1562 bytes]","args":[{"selector":{"controlType":"sap.ui.core.Icon","viewName":"etm.portal.ui.managerequests.view.Detail","properties":{"src":{"regex":{"source":"date\\-time"}}},"ancestor":{"controlType":"sap.m.ColumnListItem","viewName":"etm.portal.ui.managerequests.view.Detail","bindingPath":{"path":"/SmartRequestItemsPlanningBoard(ITEM=20m,REQUEST='20123')"},"ancestor":{"id":"requestItemsTable","viewName":"etm.portal.ui.managerequests.view.Detail"}}},"wdio_ui5_key":"etmportal.ui.managerequests.view.Detailsap.ui.core.Icon{\"src\":{\"regex\":{\"source\":\"date\\\\-time\"}}}{\"controlType\":\"sap.m.ColumnListItem\",\"viewName\":\"etm.portal.ui.managerequests.view.Detail\",\"bindingPath\":{\"path\":\"/SmartRequestItemsPlanningBoard(ITEM=20m,REQUEST='20123')\"},\"ancestor\":{\"id\":\"requestItemsTable\",\"viewName\":\"etm.portal.ui.managerequests.view.Detail\"}}"}]}
COMMAND: GET /session/297431b9b55e935159c974fa74f723b8/screenshot - {}
RESULT: {"script":"<script> [1562 bytes]","args":[{"selector":{"controlType":"sap.ui.core.Icon","viewName":"etm.portal.ui.managerequests.view.Detail","properties":{"src":{"regex":{"source":"date\\-time"}}},"ancestor":{"controlType":"sap.m.ColumnListItem","viewName":"etm.portal.ui.managerequests.view.Detail","bindingPath":{"path":"/SmartRequestItemsPlanningBoard(ITEM=20m,REQUEST='20123')"},"ancestor":{"id":"requestItemsTable","viewName":"etm.portal.ui.managerequests.view.Detail"}}},"wdio_ui5_key":"etmportal.ui.managerequests.view.Detailsap.ui.core.Icon{\"src\":{\"regex\":{\"source\":\"date\\\\-time\"}}}{\"controlType\":\"sap.m.ColumnListItem\",\"viewName\":\"etm.portal.ui.managerequests.view.Detail\",\"bindingPath\":{\"path\":\"/SmartRequestItemsPlanningBoard(ITEM=20m,REQUEST='20123')\"},\"ancestor\":{\"id\":\"requestItemsTable\",\"viewName\":\"etm.portal.ui.managerequests.view.Detail\"}}"}]}
RESULT: undefined
COMMAND: POST /session/297431b9b55e935159c974fa74f723b8/element - {"using":"xpath","value":"//*[@id=\"__button37-__clone1826-img\"]"}
RESULT: {}
RESULT: {"using":"xpath","value":"//*[@id=\"__button37-__clone1826-img\"]"}
COMMAND: POST /session/297431b9b55e935159c974fa74f723b8/element/f.C07C1F5C83AA57D4527D3CB7EA58C4CE.d.95EAED0B9651C3103D3F0F3AA93B6E23.e.5699/click - {}
RESULT: {}
RESULT: undefined
COMMAND: POST /session/297431b9b55e935159c974fa74f723b8/element - {"using":"xpath","value":"//*[@id=\"__button45\"]"}
COMMAND: GET /session/297431b9b55e935159c974fa74f723b8/screenshot - {}
RESULT: {"using":"xpath","value":"//*[@id=\"__button45\"]"}
COMMAND: POST /session/297431b9b55e935159c974fa74f723b8/elements - {"using":"xpath","value":"//*[@id=\"__button45\"]"}
RESULT: {}
RESULT: {"using":"xpath","value":"//*[@id=\"__button45\"]"}
COMMAND: POST /session/297431b9b55e935159c974fa74f723b8/element - {"using":"xpath","value":"//*[@id=\"__button45\"]"}
RESULT: {"using":"xpath","value":"//*[@id=\"__button45\"]"}
COMMAND: POST /session/297431b9b55e935159c974fa74f723b8/element/f.C07C1F5C83AA57D4527D3CB7EA58C4CE.d.95EAED0B9651C3103D3F0F3AA93B6E23.e.5708/click - {}
RESULT: {}
COMMAND: POST /session/297431b9b55e935159c974fa74f723b8/execute/async - {"script":"<script> [189 bytes]","args":[]}
COMMAND: GET /session/297431b9b55e935159c974fa74f723b8/screenshot - {}
RESULT: {"script":"<script> [189 bytes]","args":[]}
COMMAND: POST /session/297431b9b55e935159c974fa74f723b8/execute/async - {"script":"<script> [123 bytes]","args":[]}
RESULT: {}
RESULT: {"script":"<script> [123 bytes]","args":[]}
COMMAND: POST /session/297431b9b55e935159c974fa74f723b8/timeouts - {"script":"<number>"}
RESULT: {"script":"<number>"}
COMMAND: GET /session/297431b9b55e935159c974fa74f723b8/timeouts - {}
RESULT: {}
RESULT: undefined
COMMAND: POST /session/297431b9b55e935159c974fa74f723b8/execute/async - {"script":"<script> [2676 bytes]","args":[]}
RESULT: {"script":"<script> [2676 bytes]","args":[]}
COMMAND: POST /session/297431b9b55e935159c974fa74f723b8/execute/async - {"script":"<script> [2342 bytes]","args":[{"protocol":"http","hostname":"0.0.0.0","path":"/","capabilities":{"browserName":"chrome","goog:chromeOptions":{"binary":"C:\\Program Files\\Google\\Chrome\\Application\\chrome.exe","args":["--start-maximized"]}},"logLevel":"warn","connectionRetryTimeout":120000,"connectionRetryCount":3,"logLevels":{},"enableDirectConnect":true,"strictSSL":true,"_":"65 more keys: [\"cacheDir\",\"port\",\"requestedCapabilities\",\"automationProtocol\",\"baseUrl\",\"waitforInterval\",\"waitforTimeout\",\"onReload\",\"beforeCommand\",\"afterCommand\",\"rootDir\",\"specs\",\"suites\",\"exclude\",\"groupLogsByTestSpec\",\"excludeDriverLogs\",\"bail\",\"framework\",\"reporters\",\"services\",\"maxInstances\",\"maxInstancesPerCapability\",\"injectGlobals\",\"filesToWatch\",\"execArgv\",\"runnerEnv\",\"runner\",\"shard\",\"specFileRetries\",\"specFileRetriesDelay\",\"specFileRetriesDeferred\",\"reporterSyncInterval\",\"reporterSyncTimeout\",\"cucumberFeaturesWithLineNumbers\",\"autoCompileOpts\",\"mochaOpts\",\"jasmineOpts\",\"cucumberOpts\",\"onPrepare\",\"onWorkerStart\",\"onWorkerEnd\",\"before\",\"beforeSession\",\"beforeSuite\",\"beforeHook\",\"beforeTest\",\"afterTest\",\"afterHook\",\"afterSuite\",\"afterSession\",\"after\",\"onComplete\",\"beforeAssertion\",\"afterAssertion\",\"beforeFeature\",\"beforeScenario\",\"beforeStep\",\"afterStep\",\"afterScenario\",\"afterFeature\",\"_\",\"suite\",\"$0\",\"ignoredWorkerServices\",\"wdi5\"]"}]}
RESULT: {"script":"<script> [2342 bytes]","args":[{"protocol":"http","hostname":"0.0.0.0","path":"/","capabilities":{"browserName":"chrome","goog:chromeOptions":{"binary":"C:\\Program Files\\Google\\Chrome\\Application\\chrome.exe","args":["--start-maximized"]}},"logLevel":"warn","connectionRetryTimeout":120000,"connectionRetryCount":3,"logLevels":{},"enableDirectConnect":true,"strictSSL":true,"_":"65 more keys: [\"cacheDir\",\"port\",\"requestedCapabilities\",\"automationProtocol\",\"baseUrl\",\"waitforInterval\",\"waitforTimeout\",\"onReload\",\"beforeCommand\",\"afterCommand\",\"rootDir\",\"specs\",\"suites\",\"exclude\",\"groupLogsByTestSpec\",\"excludeDriverLogs\",\"bail\",\"framework\",\"reporters\",\"services\",\"maxInstances\",\"maxInstancesPerCapability\",\"injectGlobals\",\"filesToWatch\",\"execArgv\",\"runnerEnv\",\"runner\",\"shard\",\"specFileRetries\",\"specFileRetriesDelay\",\"specFileRetriesDeferred\",\"reporterSyncInterval\",\"reporterSyncTimeout\",\"cucumberFeaturesWithLineNumbers\",\"autoCompileOpts\",\"mochaOpts\",\"jasmineOpts\",\"cucumberOpts\",\"onPrepare\",\"onWorkerStart\",\"onWorkerEnd\",\"before\",\"beforeSession\",\"beforeSuite\",\"beforeHook\",\"beforeTest\",\"afterTest\",\"afterHook\",\"afterSuite\",\"afterSession\",\"after\",\"onComplete\",\"beforeAssertion\",\"afterAssertion\",\"beforeFeature\",\"beforeScenario\",\"beforeStep\",\"afterStep\",\"afterScenario\",\"afterFeature\",\"_\",\"suite\",\"$0\",\"ignoredWorkerServices\",\"wdi5\"]"}]}
COMMAND: POST /session/297431b9b55e935159c974fa74f723b8/execute/async - {"script":"<script> [21126 bytes]","args":[35000]}
RESULT: {"script":"<script> [21126 bytes]","args":[35000]}
COMMAND: POST /session/297431b9b55e935159c974fa74f723b8/execute/async - {"script":"<script> [1562 bytes]","args":[{"selector":{"controlType":"sap.m.Button","viewName":"etm.portal.ui.managerequests.view.Detail","bindingPath":{"path":"/SmartRequestItemsPlanningBoard(ITEM=10m,REQUEST='20123')","propertyPath":"PICK_UP"}},"wdio_ui5_key":"etmportal.ui.managerequests.view.Detailsap.m.Button{\"path\":\"/SmartRequestItemsPlanningBoard(ITEM=10m,REQUEST='20123')\",\"propertyPath\":\"PICK_UP\"}"}]}
RESULT: {"script":"<script> [1562 bytes]","args":[{"selector":{"controlType":"sap.m.Button","viewName":"etm.portal.ui.managerequests.view.Detail","bindingPath":{"path":"/SmartRequestItemsPlanningBoard(ITEM=10m,REQUEST='20123')","propertyPath":"PICK_UP"}},"wdio_ui5_key":"etmportal.ui.managerequests.view.Detailsap.m.Button{\"path\":\"/SmartRequestItemsPlanningBoard(ITEM=10m,REQUEST='20123')\",\"propertyPath\":\"PICK_UP\"}"}]}
RESULT: undefined
COMMAND: POST /session/297431b9b55e935159c974fa74f723b8/execute/async - {"script":"<script> [6424 bytes]","args":[{"element-6066-11e4-a52e-4f735466cecf":"f.C07C1F5C83AA57D4527D3CB7EA58C4CE.d.95EAED0B9651C3103D3F0F3AA93B6E23.e.5652"},"getType",[]]}
RESULT: {"script":"<script> [6424 bytes]","args":[{"element-6066-11e4-a52e-4f735466cecf":"f.C07C1F5C83AA57D4527D3CB7EA58C4CE.d.95EAED0B9651C3103D3F0F3AA93B6E23.e.5652"},"getType",[]]}
COMMAND: POST /session/297431b9b55e935159c974fa74f723b8/execute/async - {"script":"<script> [1562 bytes]","args":[{"selector":{"controlType":"sap.m.Button","viewName":"etm.portal.ui.managerequests.view.Detail","bindingPath":{"path":"/SmartRequestItemsPlanningBoard(ITEM=20m,REQUEST='20123')","propertyPath":"PICK_UP"}},"wdio_ui5_key":"etmportal.ui.managerequests.view.Detailsap.m.Button{\"path\":\"/SmartRequestItemsPlanningBoard(ITEM=20m,REQUEST='20123')\",\"propertyPath\":\"PICK_UP\"}"}]}
RESULT: {"script":"<script> [1562 bytes]","args":[{"selector":{"controlType":"sap.m.Button","viewName":"etm.portal.ui.managerequests.view.Detail","bindingPath":{"path":"/SmartRequestItemsPlanningBoard(ITEM=20m,REQUEST='20123')","propertyPath":"PICK_UP"}},"wdio_ui5_key":"etmportal.ui.managerequests.view.Detailsap.m.Button{\"path\":\"/SmartRequestItemsPlanningBoard(ITEM=20m,REQUEST='20123')\",\"propertyPath\":\"PICK_UP\"}"}]}
RESULT: undefined
COMMAND: POST /session/297431b9b55e935159c974fa74f723b8/execute/async - {"script":"<script> [6424 bytes]","args":[{"element-6066-11e4-a52e-4f735466cecf":"f.C07C1F5C83AA57D4527D3CB7EA58C4CE.d.95EAED0B9651C3103D3F0F3AA93B6E23.e.5682"},"getType",[]]}
RESULT: {"script":"<script> [6424 bytes]","args":[{"element-6066-11e4-a52e-4f735466cecf":"f.C07C1F5C83AA57D4527D3CB7EA58C4CE.d.95EAED0B9651C3103D3F0F3AA93B6E23.e.5682"},"getType",[]]}
]]></system-out>
    </testcase>
    <testcase classname="chrome.136_0_7103_93.windows.Manage_request_+_Contract_processing_pick_up_option_US120163_" name="Should Contract processing pick up option" time="161.79">
      <system-out><![CDATA[
COMMAND: POST /session/297431b9b55e935159c974fa74f723b8/execute/async - {"script":"<script> [1562 bytes]","args":[{"selector":{"id":"requestContractNo","viewName":"etm.portal.ui.managerequests.view.Detail"},"wdio_ui5_key":"requestContractNoetmportal.ui.managerequests.view.Detail"}]}
RESULT: {"script":"<script> [1562 bytes]","args":[{"selector":{"id":"requestContractNo","viewName":"etm.portal.ui.managerequests.view.Detail"},"wdio_ui5_key":"requestContractNoetmportal.ui.managerequests.view.Detail"}]}
RESULT: undefined
COMMAND: POST /session/297431b9b55e935159c974fa74f723b8/element - {"using":"xpath","value":"//*[@id=\"__xmlview2--requestContractNo\"]"}
RESULT: {"using":"xpath","value":"//*[@id=\"__xmlview2--requestContractNo\"]"}
COMMAND: POST /session/297431b9b55e935159c974fa74f723b8/element/f.C07C1F5C83AA57D4527D3CB7EA58C4CE.d.95EAED0B9651C3103D3F0F3AA93B6E23.e.5710/click - {}
RESULT: {}
COMMAND: POST /session/297431b9b55e935159c974fa74f723b8/execute/async - {"script":"<script> [1562 bytes]","args":[{"selector":{"controlType":"sap.m.Link","viewName":"etm.portal.ui.managerequests.view.Detail","properties":{"text":"Contract Overview"},"searchOpenDialogs":true},"wdio_ui5_key":"etmportal.ui.managerequests.view.Detailsap.m.Link{\"text\":\"Contract Overview\"}"}]}
COMMAND: GET /session/297431b9b55e935159c974fa74f723b8/screenshot - {}
RESULT: {"script":"<script> [1562 bytes]","args":[{"selector":{"controlType":"sap.m.Link","viewName":"etm.portal.ui.managerequests.view.Detail","properties":{"text":"Contract Overview"},"searchOpenDialogs":true},"wdio_ui5_key":"etmportal.ui.managerequests.view.Detailsap.m.Link{\"text\":\"Contract Overview\"}"}]}
RESULT: undefined
COMMAND: POST /session/297431b9b55e935159c974fa74f723b8/element - {"using":"xpath","value":"//*[@id=\"__link8\"]"}
RESULT: {}
RESULT: {"using":"xpath","value":"//*[@id=\"__link8\"]"}
COMMAND: POST /session/297431b9b55e935159c974fa74f723b8/element/f.C07C1F5C83AA57D4527D3CB7EA58C4CE.d.95EAED0B9651C3103D3F0F3AA93B6E23.e.5712/click - {}
RESULT: {}
COMMAND: GET /session/297431b9b55e935159c974fa74f723b8/screenshot - {}
RESULT: {}
COMMAND: POST /session/297431b9b55e935159c974fa74f723b8/element - {"using":"xpath","value":"//div[contains(@id ,\"headerBillingItemsTabFilter-text\")]"}
RESULT: {"using":"xpath","value":"//div[contains(@id ,\"headerBillingItemsTabFilter-text\")]"}
COMMAND: POST /session/297431b9b55e935159c974fa74f723b8/element/f.C07C1F5C83AA57D4527D3CB7EA58C4CE.d.95EAED0B9651C3103D3F0F3AA93B6E23.e.5880/click - {}
RESULT: {}
COMMAND: GET /session/297431b9b55e935159c974fa74f723b8/screenshot - {}
RESULT: {}
COMMAND: POST /session/297431b9b55e935159c974fa74f723b8/execute/async - {"script":"<script> [1562 bytes]","args":[{"selector":{"id":"addRequestItemBtn","viewName":"etm.portal.ui.managecontracts.view.Detail","interaction":{"idSuffix":"BDI-content"}},"wdio_ui5_key":"addRequestItemBtnetmportal.ui.managecontracts.view.Detail"}]}
RESULT: {"script":"<script> [1562 bytes]","args":[{"selector":{"id":"addRequestItemBtn","viewName":"etm.portal.ui.managecontracts.view.Detail","interaction":{"idSuffix":"BDI-content"}},"wdio_ui5_key":"addRequestItemBtnetmportal.ui.managecontracts.view.Detail"}]}
RESULT: undefined
COMMAND: POST /session/297431b9b55e935159c974fa74f723b8/element - {"using":"xpath","value":"//*[@id=\"__xmlview4--addRequestItemBtn\"]"}
RESULT: {"using":"xpath","value":"//*[@id=\"__xmlview4--addRequestItemBtn\"]"}
COMMAND: POST /session/297431b9b55e935159c974fa74f723b8/element/f.C07C1F5C83AA57D4527D3CB7EA58C4CE.d.95EAED0B9651C3103D3F0F3AA93B6E23.e.5841/click - {}
RESULT: {}
COMMAND: GET /session/297431b9b55e935159c974fa74f723b8/screenshot - {}
RESULT: {}
COMMAND: POST /session/297431b9b55e935159c974fa74f723b8/element - {"using":"xpath","value":"//div[contains(@id ,\"popupRequestTable-sa-CbBg\")]"}
RESULT: {"using":"xpath","value":"//div[contains(@id ,\"popupRequestTable-sa-CbBg\")]"}
COMMAND: POST /session/297431b9b55e935159c974fa74f723b8/element/f.C07C1F5C83AA57D4527D3CB7EA58C4CE.d.95EAED0B9651C3103D3F0F3AA93B6E23.e.5959/click - {}
RESULT: {}
COMMAND: GET /session/297431b9b55e935159c974fa74f723b8/screenshot - {}
RESULT: {}
COMMAND: POST /session/297431b9b55e935159c974fa74f723b8/execute/async - {"script":"<script> [1562 bytes]","args":[{"selector":{"controlType":"sap.m.Button","viewName":"etm.portal.ui.managecontracts.view.Detail","i18NText":{"propertyName":"text","key":"selectionDone"},"searchOpenDialogs":true,"interaction":{"idSuffix":"content"}},"wdio_ui5_key":"etmportal.ui.managecontracts.view.Detailsap.m.Button{\"propertyName\":\"text\",\"key\":\"selectionDone\"}"}]}
RESULT: {"script":"<script> [1562 bytes]","args":[{"selector":{"controlType":"sap.m.Button","viewName":"etm.portal.ui.managecontracts.view.Detail","i18NText":{"propertyName":"text","key":"selectionDone"},"searchOpenDialogs":true,"interaction":{"idSuffix":"content"}},"wdio_ui5_key":"etmportal.ui.managecontracts.view.Detailsap.m.Button{\"propertyName\":\"text\",\"key\":\"selectionDone\"}"}]}
RESULT: undefined
COMMAND: POST /session/297431b9b55e935159c974fa74f723b8/element - {"using":"xpath","value":"//*[@id=\"__button60\"]"}
RESULT: {"using":"xpath","value":"//*[@id=\"__button60\"]"}
COMMAND: POST /session/297431b9b55e935159c974fa74f723b8/element/f.C07C1F5C83AA57D4527D3CB7EA58C4CE.d.95EAED0B9651C3103D3F0F3AA93B6E23.e.5962/click - {}
RESULT: {}
COMMAND: POST /session/297431b9b55e935159c974fa74f723b8/execute/async - {"script":"<script> [1562 bytes]","args":[{"selector":{"controlType":"sap.m.Button","properties":{"text":"OK"},"searchOpenDialogs":true,"interaction":{"idSuffix":"inner"}},"wdio_ui5_key":"sapm.Button{\"text\":\"OK\"}"}]}
COMMAND: GET /session/297431b9b55e935159c974fa74f723b8/screenshot - {}
RESULT: {"script":"<script> [1562 bytes]","args":[{"selector":{"controlType":"sap.m.Button","properties":{"text":"OK"},"searchOpenDialogs":true,"interaction":{"idSuffix":"inner"}},"wdio_ui5_key":"sapm.Button{\"text\":\"OK\"}"}]}
RESULT: undefined
COMMAND: POST /session/297431b9b55e935159c974fa74f723b8/element - {"using":"xpath","value":"//*[@id=\"__mbox-btn-1\"]"}
RESULT: {}
RESULT: {"using":"xpath","value":"//*[@id=\"__mbox-btn-1\"]"}
COMMAND: POST /session/297431b9b55e935159c974fa74f723b8/element/f.C07C1F5C83AA57D4527D3CB7EA58C4CE.d.95EAED0B9651C3103D3F0F3AA93B6E23.e.5963/click - {}
RESULT: {}
COMMAND: GET /session/297431b9b55e935159c974fa74f723b8/screenshot - {}
RESULT: {}
COMMAND: POST /session/297431b9b55e935159c974fa74f723b8/element - {"using":"xpath","value":"//div[contains(@id ,\"headerBillingItemsTabFilter-text\")]"}
RESULT: {"using":"xpath","value":"//div[contains(@id ,\"headerBillingItemsTabFilter-text\")]"}
COMMAND: POST /session/297431b9b55e935159c974fa74f723b8/element/f.C07C1F5C83AA57D4527D3CB7EA58C4CE.d.95EAED0B9651C3103D3F0F3AA93B6E23.e.5880/click - {}
RESULT: {}
COMMAND: GET /session/297431b9b55e935159c974fa74f723b8/screenshot - {}
RESULT: {}
COMMAND: POST /session/297431b9b55e935159c974fa74f723b8/element - {"using":"xpath","value":"//button[contains(@data-kt ,\"refreshButton\")]"}
RESULT: {"using":"xpath","value":"//button[contains(@data-kt ,\"refreshButton\")]"}
COMMAND: POST /session/297431b9b55e935159c974fa74f723b8/element/f.C07C1F5C83AA57D4527D3CB7EA58C4CE.d.95EAED0B9651C3103D3F0F3AA93B6E23.e.5838/click - {}
RESULT: {}
COMMAND: GET /session/297431b9b55e935159c974fa74f723b8/screenshot - {}
RESULT: {}
COMMAND: POST /session/297431b9b55e935159c974fa74f723b8/element - {"using":"xpath","value":"//div[contains(@id ,\"headerBillingItemsTabFilter-text\")]"}
RESULT: {"using":"xpath","value":"//div[contains(@id ,\"headerBillingItemsTabFilter-text\")]"}
COMMAND: POST /session/297431b9b55e935159c974fa74f723b8/element/f.C07C1F5C83AA57D4527D3CB7EA58C4CE.d.95EAED0B9651C3103D3F0F3AA93B6E23.e.5880/click - {}
RESULT: {}
COMMAND: GET /session/297431b9b55e935159c974fa74f723b8/screenshot - {}
RESULT: {}
COMMAND: POST /session/297431b9b55e935159c974fa74f723b8/execute/async - {"script":"<script> [1562 bytes]","args":[{"selector":{"id":"contractDetailProvideButton","viewName":"etm.portal.ui.managecontracts.view.Detail","interaction":{"idSuffix":"BDI-content"}},"wdio_ui5_key":"contractDetailProvideButtonetmportal.ui.managecontracts.view.Detail"}]}
RESULT: {"script":"<script> [1562 bytes]","args":[{"selector":{"id":"contractDetailProvideButton","viewName":"etm.portal.ui.managecontracts.view.Detail","interaction":{"idSuffix":"BDI-content"}},"wdio_ui5_key":"contractDetailProvideButtonetmportal.ui.managecontracts.view.Detail"}]}
RESULT: undefined
COMMAND: POST /session/297431b9b55e935159c974fa74f723b8/element - {"using":"xpath","value":"//*[@id=\"__xmlview4--contractDetailProvideButton\"]"}
RESULT: {"using":"xpath","value":"//*[@id=\"__xmlview4--contractDetailProvideButton\"]"}
COMMAND: POST /session/297431b9b55e935159c974fa74f723b8/element/f.C07C1F5C83AA57D4527D3CB7EA58C4CE.d.95EAED0B9651C3103D3F0F3AA93B6E23.e.5847/click - {}
RESULT: {}
COMMAND: GET /session/297431b9b55e935159c974fa74f723b8/screenshot - {}
RESULT: {}
COMMAND: POST /session/297431b9b55e935159c974fa74f723b8/execute/async - {"script":"<script> [1562 bytes]","args":[{"selector":{"id":"application-managehandovers-display-component---AddNewHO--pickUpCheckbox","interaction":{"idSuffix":"CbBg"}},"wdio_ui5_key":"applicationmanagehandovers-display-component---AddNewHO--pickUpCheckbox"}]}
RESULT: {"script":"<script> [1562 bytes]","args":[{"selector":{"id":"application-managehandovers-display-component---AddNewHO--pickUpCheckbox","interaction":{"idSuffix":"CbBg"}},"wdio_ui5_key":"applicationmanagehandovers-display-component---AddNewHO--pickUpCheckbox"}]}
RESULT: undefined
COMMAND: POST /session/297431b9b55e935159c974fa74f723b8/element - {"using":"xpath","value":"//*[@id=\"application-managehandovers-display-component---AddNewHO--pickUpCheckbox\"]"}
RESULT: {"using":"xpath","value":"//*[@id=\"application-managehandovers-display-component---AddNewHO--pickUpCheckbox\"]"}
COMMAND: POST /session/297431b9b55e935159c974fa74f723b8/element/f.C07C1F5C83AA57D4527D3CB7EA58C4CE.d.95EAED0B9651C3103D3F0F3AA93B6E23.e.6142/click - {}
RESULT: {}
COMMAND: POST /session/297431b9b55e935159c974fa74f723b8/execute/async - {"script":"<script> [1562 bytes]","args":[{"selector":{"id":"application-managehandovers-display-component---AddNewHO--ObjectPageLayout-anchBar-application-managehandovers-display-component---AddNewHO--section4-anchor","interaction":{"idSuffix":"content"}},"wdio_ui5_key":"applicationmanagehandovers-display-component---AddNewHO--ObjectPageLayout-anchBar-application-managehandovers-display-component---AddNewHO--section4-anchor"}]}
COMMAND: GET /session/297431b9b55e935159c974fa74f723b8/screenshot - {}
RESULT: {"script":"<script> [1562 bytes]","args":[{"selector":{"id":"application-managehandovers-display-component---AddNewHO--ObjectPageLayout-anchBar-application-managehandovers-display-component---AddNewHO--section4-anchor","interaction":{"idSuffix":"content"}},"wdio_ui5_key":"applicationmanagehandovers-display-component---AddNewHO--ObjectPageLayout-anchBar-application-managehandovers-display-component---AddNewHO--section4-anchor"}]}
RESULT: undefined
COMMAND: POST /session/297431b9b55e935159c974fa74f723b8/element - {"using":"xpath","value":"//*[@id=\"application-managehandovers-display-component---AddNewHO--ObjectPageLayout-anchBar-application-managehandovers-display-component---AddNewHO--section4-anchor\"]"}
RESULT: {}
RESULT: {"using":"xpath","value":"//*[@id=\"application-managehandovers-display-component---AddNewHO--ObjectPageLayout-anchBar-application-managehandovers-display-component---AddNewHO--section4-anchor\"]"}
COMMAND: POST /session/297431b9b55e935159c974fa74f723b8/element/f.C07C1F5C83AA57D4527D3CB7EA58C4CE.d.95EAED0B9651C3103D3F0F3AA93B6E23.e.6146/click - {}
RESULT: {}
COMMAND: POST /session/297431b9b55e935159c974fa74f723b8/execute/async - {"script":"<script> [1562 bytes]","args":[{"selector":{"controlType":"sap.m.Button","viewName":"etm.portal.ui.managehandovers.view.AddNewHO","viewId":"application-managehandovers-display-component---AddNewHO","i18NText":{"propertyName":"tooltip","key":"addItems"},"interaction":{"idSuffix":"inner"}},"wdio_ui5_key":"etmportal.ui.managehandovers.view.AddNewHOsap.m.Button{\"propertyName\":\"tooltip\",\"key\":\"addItems\"}"}]}
COMMAND: GET /session/297431b9b55e935159c974fa74f723b8/screenshot - {}
RESULT: {"script":"<script> [1562 bytes]","args":[{"selector":{"controlType":"sap.m.Button","viewName":"etm.portal.ui.managehandovers.view.AddNewHO","viewId":"application-managehandovers-display-component---AddNewHO","i18NText":{"propertyName":"tooltip","key":"addItems"},"interaction":{"idSuffix":"inner"}},"wdio_ui5_key":"etmportal.ui.managehandovers.view.AddNewHOsap.m.Button{\"propertyName\":\"tooltip\",\"key\":\"addItems\"}"}]}
RESULT: undefined
COMMAND: POST /session/297431b9b55e935159c974fa74f723b8/element - {"using":"xpath","value":"//*[@id=\"__button76\"]"}
RESULT: {}
RESULT: {"using":"xpath","value":"//*[@id=\"__button76\"]"}
COMMAND: POST /session/297431b9b55e935159c974fa74f723b8/element/f.C07C1F5C83AA57D4527D3CB7EA58C4CE.d.95EAED0B9651C3103D3F0F3AA93B6E23.e.6150/click - {}
RESULT: {}
COMMAND: POST /session/297431b9b55e935159c974fa74f723b8/execute/async - {"script":"<script> [1562 bytes]","args":[{"selector":{"id":"application-managehandovers-display-component---AddNewHO--smartTableHOPopup-header","searchOpenDialogs":true},"wdio_ui5_key":"applicationmanagehandovers-display-component---AddNewHO--smartTableHOPopup-header"}]}
COMMAND: GET /session/297431b9b55e935159c974fa74f723b8/screenshot - {}
RESULT: {"script":"<script> [1562 bytes]","args":[{"selector":{"id":"application-managehandovers-display-component---AddNewHO--smartTableHOPopup-header","searchOpenDialogs":true},"wdio_ui5_key":"applicationmanagehandovers-display-component---AddNewHO--smartTableHOPopup-header"}]}
RESULT: undefined
COMMAND: POST /session/297431b9b55e935159c974fa74f723b8/execute/async - {"script":"<script> [6424 bytes]","args":[{"element-6066-11e4-a52e-4f735466cecf":"f.C07C1F5C83AA57D4527D3CB7EA58C4CE.d.95EAED0B9651C3103D3F0F3AA93B6E23.e.6165"},"getText",[]]}
RESULT: {}
RESULT: {"script":"<script> [6424 bytes]","args":[{"element-6066-11e4-a52e-4f735466cecf":"f.C07C1F5C83AA57D4527D3CB7EA58C4CE.d.95EAED0B9651C3103D3F0F3AA93B6E23.e.6165"},"getText",[]]}
COMMAND: POST /session/297431b9b55e935159c974fa74f723b8/actions - {"actions":[{"id":"action44","type":"key","parameters":{},"actions":[{"type":"keyDown","value":"î€Œ"},{"type":"pause","duration":10},{"type":"keyUp","value":"î€Œ"}]}]}
RESULT: {"actions":[{"id":"action44","type":"key","parameters":{},"actions":[{"type":"keyDown","value":"î€Œ"},{"type":"pause","duration":10},{"type":"keyUp","value":"î€Œ"}]}]}
COMMAND: GET /session/297431b9b55e935159c974fa74f723b8/screenshot - {}
RESULT: {}
COMMAND: POST /session/297431b9b55e935159c974fa74f723b8/execute/async - {"script":"<script> [1562 bytes]","args":[{"selector":{"id":"backBtn"},"wdio_ui5_key":"backBtn"}]}
RESULT: {"script":"<script> [1562 bytes]","args":[{"selector":{"id":"backBtn"},"wdio_ui5_key":"backBtn"}]}
RESULT: undefined
COMMAND: POST /session/297431b9b55e935159c974fa74f723b8/element - {"using":"xpath","value":"//*[@id=\"backBtn\"]"}
RESULT: {"using":"xpath","value":"//*[@id=\"backBtn\"]"}
COMMAND: POST /session/297431b9b55e935159c974fa74f723b8/element/f.C07C1F5C83AA57D4527D3CB7EA58C4CE.d.95EAED0B9651C3103D3F0F3AA93B6E23.e.6166/click - {}
RESULT: {}
COMMAND: GET /session/297431b9b55e935159c974fa74f723b8/screenshot - {}
COMMAND: POST /session/297431b9b55e935159c974fa74f723b8/refresh - {}
RESULT: {}
RESULT: {}
COMMAND: GET /session/297431b9b55e935159c974fa74f723b8/screenshot - {}
RESULT: {}
COMMAND: POST /session/297431b9b55e935159c974fa74f723b8/execute/async - {"script":"<script> [189 bytes]","args":[]}
RESULT: {"script":"<script> [189 bytes]","args":[]}
COMMAND: POST /session/297431b9b55e935159c974fa74f723b8/execute/async - {"script":"<script> [123 bytes]","args":[]}
RESULT: {"script":"<script> [123 bytes]","args":[]}
COMMAND: POST /session/297431b9b55e935159c974fa74f723b8/timeouts - {"script":"<number>"}
RESULT: {"script":"<number>"}
COMMAND: GET /session/297431b9b55e935159c974fa74f723b8/timeouts - {}
RESULT: {}
RESULT: undefined
COMMAND: POST /session/297431b9b55e935159c974fa74f723b8/execute/async - {"script":"<script> [2676 bytes]","args":[]}
RESULT: {"script":"<script> [2676 bytes]","args":[]}
COMMAND: POST /session/297431b9b55e935159c974fa74f723b8/execute/async - {"script":"<script> [2342 bytes]","args":[{"protocol":"http","hostname":"0.0.0.0","path":"/","capabilities":{"browserName":"chrome","goog:chromeOptions":{"binary":"C:\\Program Files\\Google\\Chrome\\Application\\chrome.exe","args":["--start-maximized"]}},"logLevel":"warn","connectionRetryTimeout":120000,"connectionRetryCount":3,"logLevels":{},"enableDirectConnect":true,"strictSSL":true,"_":"65 more keys: [\"cacheDir\",\"port\",\"requestedCapabilities\",\"automationProtocol\",\"baseUrl\",\"waitforInterval\",\"waitforTimeout\",\"onReload\",\"beforeCommand\",\"afterCommand\",\"rootDir\",\"specs\",\"suites\",\"exclude\",\"groupLogsByTestSpec\",\"excludeDriverLogs\",\"bail\",\"framework\",\"reporters\",\"services\",\"maxInstances\",\"maxInstancesPerCapability\",\"injectGlobals\",\"filesToWatch\",\"execArgv\",\"runnerEnv\",\"runner\",\"shard\",\"specFileRetries\",\"specFileRetriesDelay\",\"specFileRetriesDeferred\",\"reporterSyncInterval\",\"reporterSyncTimeout\",\"cucumberFeaturesWithLineNumbers\",\"autoCompileOpts\",\"mochaOpts\",\"jasmineOpts\",\"cucumberOpts\",\"onPrepare\",\"onWorkerStart\",\"onWorkerEnd\",\"before\",\"beforeSession\",\"beforeSuite\",\"beforeHook\",\"beforeTest\",\"afterTest\",\"afterHook\",\"afterSuite\",\"afterSession\",\"after\",\"onComplete\",\"beforeAssertion\",\"afterAssertion\",\"beforeFeature\",\"beforeScenario\",\"beforeStep\",\"afterStep\",\"afterScenario\",\"afterFeature\",\"_\",\"suite\",\"$0\",\"ignoredWorkerServices\",\"wdi5\"]"}]}
RESULT: {"script":"<script> [2342 bytes]","args":[{"protocol":"http","hostname":"0.0.0.0","path":"/","capabilities":{"browserName":"chrome","goog:chromeOptions":{"binary":"C:\\Program Files\\Google\\Chrome\\Application\\chrome.exe","args":["--start-maximized"]}},"logLevel":"warn","connectionRetryTimeout":120000,"connectionRetryCount":3,"logLevels":{},"enableDirectConnect":true,"strictSSL":true,"_":"65 more keys: [\"cacheDir\",\"port\",\"requestedCapabilities\",\"automationProtocol\",\"baseUrl\",\"waitforInterval\",\"waitforTimeout\",\"onReload\",\"beforeCommand\",\"afterCommand\",\"rootDir\",\"specs\",\"suites\",\"exclude\",\"groupLogsByTestSpec\",\"excludeDriverLogs\",\"bail\",\"framework\",\"reporters\",\"services\",\"maxInstances\",\"maxInstancesPerCapability\",\"injectGlobals\",\"filesToWatch\",\"execArgv\",\"runnerEnv\",\"runner\",\"shard\",\"specFileRetries\",\"specFileRetriesDelay\",\"specFileRetriesDeferred\",\"reporterSyncInterval\",\"reporterSyncTimeout\",\"cucumberFeaturesWithLineNumbers\",\"autoCompileOpts\",\"mochaOpts\",\"jasmineOpts\",\"cucumberOpts\",\"onPrepare\",\"onWorkerStart\",\"onWorkerEnd\",\"before\",\"beforeSession\",\"beforeSuite\",\"beforeHook\",\"beforeTest\",\"afterTest\",\"afterHook\",\"afterSuite\",\"afterSession\",\"after\",\"onComplete\",\"beforeAssertion\",\"afterAssertion\",\"beforeFeature\",\"beforeScenario\",\"beforeStep\",\"afterStep\",\"afterScenario\",\"afterFeature\",\"_\",\"suite\",\"$0\",\"ignoredWorkerServices\",\"wdi5\"]"}]}
COMMAND: POST /session/297431b9b55e935159c974fa74f723b8/execute/async - {"script":"<script> [21126 bytes]","args":[35000]}
RESULT: {"script":"<script> [21126 bytes]","args":[35000]}
COMMAND: POST /session/297431b9b55e935159c974fa74f723b8/element - {"using":"xpath","value":"//div[contains(@id ,\"headerBillingItemsTabFilter-text\")]"}
RESULT: {"using":"xpath","value":"//div[contains(@id ,\"headerBillingItemsTabFilter-text\")]"}
COMMAND: POST /session/297431b9b55e935159c974fa74f723b8/element/f.C07C1F5C83AA57D4527D3CB7EA58C4CE.d.CC5387BDBEEA13F185431E7B709C5460.e.6355/click - {}
RESULT: {}
COMMAND: GET /session/297431b9b55e935159c974fa74f723b8/screenshot - {}
RESULT: {}
COMMAND: POST /session/297431b9b55e935159c974fa74f723b8/execute/async - {"script":"<script> [1562 bytes]","args":[{"selector":{"id":"revertPlanningBtn","viewName":"etm.portal.ui.managecontracts.view.Detail","interaction":{"idSuffix":"BDI-content"}},"wdio_ui5_key":"revertPlanningBtnetmportal.ui.managecontracts.view.Detail"}]}
RESULT: {"script":"<script> [1562 bytes]","args":[{"selector":{"id":"revertPlanningBtn","viewName":"etm.portal.ui.managecontracts.view.Detail","interaction":{"idSuffix":"BDI-content"}},"wdio_ui5_key":"revertPlanningBtnetmportal.ui.managecontracts.view.Detail"}]}
RESULT: undefined
COMMAND: POST /session/297431b9b55e935159c974fa74f723b8/element - {"using":"xpath","value":"//*[@id=\"__xmlview1--revertPlanningBtn\"]"}
RESULT: {"using":"xpath","value":"//*[@id=\"__xmlview1--revertPlanningBtn\"]"}
COMMAND: POST /session/297431b9b55e935159c974fa74f723b8/element/f.C07C1F5C83AA57D4527D3CB7EA58C4CE.d.CC5387BDBEEA13F185431E7B709C5460.e.6358/click - {}
RESULT: {}
COMMAND: GET /session/297431b9b55e935159c974fa74f723b8/screenshot - {}
RESULT: {}
COMMAND: POST /session/297431b9b55e935159c974fa74f723b8/actions - {"actions":[{"id":"action45","type":"key","parameters":{},"actions":[{"type":"keyDown","value":"î€‡"},{"type":"pause","duration":10},{"type":"keyUp","value":"î€‡"}]}]}
RESULT: {"actions":[{"id":"action45","type":"key","parameters":{},"actions":[{"type":"keyDown","value":"î€‡"},{"type":"pause","duration":10},{"type":"keyUp","value":"î€‡"}]}]}
COMMAND: GET /session/297431b9b55e935159c974fa74f723b8/screenshot - {}
RESULT: {}
COMMAND: POST /session/297431b9b55e935159c974fa74f723b8/element - {"using":"xpath","value":"//div[contains(@id ,\"ProductsTable-sa-CbBg\")]"}
RESULT: {"using":"xpath","value":"//div[contains(@id ,\"ProductsTable-sa-CbBg\")]"}
COMMAND: POST /session/297431b9b55e935159c974fa74f723b8/element/f.C07C1F5C83AA57D4527D3CB7EA58C4CE.d.CC5387BDBEEA13F185431E7B709C5460.e.6408/click - {}
RESULT: {}
COMMAND: GET /session/297431b9b55e935159c974fa74f723b8/screenshot - {}
RESULT: {}
COMMAND: POST /session/297431b9b55e935159c974fa74f723b8/execute/async - {"script":"<script> [1562 bytes]","args":[{"selector":{"id":"executeRevertPlanningBtn","viewName":"etm.portal.ui.managecontracts.view.Detail","interaction":{"idSuffix":"BDI-content"}},"wdio_ui5_key":"executeRevertPlanningBtnetmportal.ui.managecontracts.view.Detail"}]}
RESULT: {"script":"<script> [1562 bytes]","args":[{"selector":{"id":"executeRevertPlanningBtn","viewName":"etm.portal.ui.managecontracts.view.Detail","interaction":{"idSuffix":"BDI-content"}},"wdio_ui5_key":"executeRevertPlanningBtnetmportal.ui.managecontracts.view.Detail"}]}
RESULT: undefined
COMMAND: POST /session/297431b9b55e935159c974fa74f723b8/element - {"using":"xpath","value":"//*[@id=\"__xmlview1--executeRevertPlanningBtn\"]"}
RESULT: {"using":"xpath","value":"//*[@id=\"__xmlview1--executeRevertPlanningBtn\"]"}
COMMAND: POST /session/297431b9b55e935159c974fa74f723b8/element/f.C07C1F5C83AA57D4527D3CB7EA58C4CE.d.CC5387BDBEEA13F185431E7B709C5460.e.6407/click - {}
RESULT: {}
COMMAND: GET /session/297431b9b55e935159c974fa74f723b8/screenshot - {}
RESULT: {}
COMMAND: POST /session/297431b9b55e935159c974fa74f723b8/actions - {"actions":[{"id":"action46","type":"key","parameters":{},"actions":[{"type":"keyDown","value":"î€‡"},{"type":"pause","duration":10},{"type":"keyUp","value":"î€‡"}]}]}
RESULT: {"actions":[{"id":"action46","type":"key","parameters":{},"actions":[{"type":"keyDown","value":"î€‡"},{"type":"pause","duration":10},{"type":"keyUp","value":"î€‡"}]}]}
COMMAND: POST /session/297431b9b55e935159c974fa74f723b8/execute/async - {"script":"<script> [1562 bytes]","args":[{"selector":{"id":"backBtn"},"wdio_ui5_key":"backBtn"}]}
COMMAND: GET /session/297431b9b55e935159c974fa74f723b8/screenshot - {}
RESULT: {"script":"<script> [1562 bytes]","args":[{"selector":{"id":"backBtn"},"wdio_ui5_key":"backBtn"}]}
RESULT: undefined
COMMAND: POST /session/297431b9b55e935159c974fa74f723b8/element - {"using":"xpath","value":"//*[@id=\"backBtn\"]"}
RESULT: {}
RESULT: {"using":"xpath","value":"//*[@id=\"backBtn\"]"}
COMMAND: POST /session/297431b9b55e935159c974fa74f723b8/element/f.C07C1F5C83AA57D4527D3CB7EA58C4CE.d.CC5387BDBEEA13F185431E7B709C5460.e.6423/click - {}
RESULT: {}
COMMAND: GET /session/297431b9b55e935159c974fa74f723b8/screenshot - {}
RESULT: {}
COMMAND: POST /session/297431b9b55e935159c974fa74f723b8/refresh - {}
RESULT: {}
COMMAND: GET /session/297431b9b55e935159c974fa74f723b8/screenshot - {}
RESULT: {}
COMMAND: POST /session/297431b9b55e935159c974fa74f723b8/execute/async - {"script":"<script> [189 bytes]","args":[]}
RESULT: {"script":"<script> [189 bytes]","args":[]}
COMMAND: POST /session/297431b9b55e935159c974fa74f723b8/execute/async - {"script":"<script> [123 bytes]","args":[]}
RESULT: {"script":"<script> [123 bytes]","args":[]}
COMMAND: POST /session/297431b9b55e935159c974fa74f723b8/timeouts - {"script":"<number>"}
RESULT: {"script":"<number>"}
COMMAND: GET /session/297431b9b55e935159c974fa74f723b8/timeouts - {}
RESULT: {}
RESULT: undefined
COMMAND: POST /session/297431b9b55e935159c974fa74f723b8/execute/async - {"script":"<script> [2676 bytes]","args":[]}
RESULT: {"script":"<script> [2676 bytes]","args":[]}
COMMAND: POST /session/297431b9b55e935159c974fa74f723b8/execute/async - {"script":"<script> [2342 bytes]","args":[{"protocol":"http","hostname":"0.0.0.0","path":"/","capabilities":{"browserName":"chrome","goog:chromeOptions":{"binary":"C:\\Program Files\\Google\\Chrome\\Application\\chrome.exe","args":["--start-maximized"]}},"logLevel":"warn","connectionRetryTimeout":120000,"connectionRetryCount":3,"logLevels":{},"enableDirectConnect":true,"strictSSL":true,"_":"65 more keys: [\"cacheDir\",\"port\",\"requestedCapabilities\",\"automationProtocol\",\"baseUrl\",\"waitforInterval\",\"waitforTimeout\",\"onReload\",\"beforeCommand\",\"afterCommand\",\"rootDir\",\"specs\",\"suites\",\"exclude\",\"groupLogsByTestSpec\",\"excludeDriverLogs\",\"bail\",\"framework\",\"reporters\",\"services\",\"maxInstances\",\"maxInstancesPerCapability\",\"injectGlobals\",\"filesToWatch\",\"execArgv\",\"runnerEnv\",\"runner\",\"shard\",\"specFileRetries\",\"specFileRetriesDelay\",\"specFileRetriesDeferred\",\"reporterSyncInterval\",\"reporterSyncTimeout\",\"cucumberFeaturesWithLineNumbers\",\"autoCompileOpts\",\"mochaOpts\",\"jasmineOpts\",\"cucumberOpts\",\"onPrepare\",\"onWorkerStart\",\"onWorkerEnd\",\"before\",\"beforeSession\",\"beforeSuite\",\"beforeHook\",\"beforeTest\",\"afterTest\",\"afterHook\",\"afterSuite\",\"afterSession\",\"after\",\"onComplete\",\"beforeAssertion\",\"afterAssertion\",\"beforeFeature\",\"beforeScenario\",\"beforeStep\",\"afterStep\",\"afterScenario\",\"afterFeature\",\"_\",\"suite\",\"$0\",\"ignoredWorkerServices\",\"wdi5\"]"}]}
RESULT: {"script":"<script> [2342 bytes]","args":[{"protocol":"http","hostname":"0.0.0.0","path":"/","capabilities":{"browserName":"chrome","goog:chromeOptions":{"binary":"C:\\Program Files\\Google\\Chrome\\Application\\chrome.exe","args":["--start-maximized"]}},"logLevel":"warn","connectionRetryTimeout":120000,"connectionRetryCount":3,"logLevels":{},"enableDirectConnect":true,"strictSSL":true,"_":"65 more keys: [\"cacheDir\",\"port\",\"requestedCapabilities\",\"automationProtocol\",\"baseUrl\",\"waitforInterval\",\"waitforTimeout\",\"onReload\",\"beforeCommand\",\"afterCommand\",\"rootDir\",\"specs\",\"suites\",\"exclude\",\"groupLogsByTestSpec\",\"excludeDriverLogs\",\"bail\",\"framework\",\"reporters\",\"services\",\"maxInstances\",\"maxInstancesPerCapability\",\"injectGlobals\",\"filesToWatch\",\"execArgv\",\"runnerEnv\",\"runner\",\"shard\",\"specFileRetries\",\"specFileRetriesDelay\",\"specFileRetriesDeferred\",\"reporterSyncInterval\",\"reporterSyncTimeout\",\"cucumberFeaturesWithLineNumbers\",\"autoCompileOpts\",\"mochaOpts\",\"jasmineOpts\",\"cucumberOpts\",\"onPrepare\",\"onWorkerStart\",\"onWorkerEnd\",\"before\",\"beforeSession\",\"beforeSuite\",\"beforeHook\",\"beforeTest\",\"afterTest\",\"afterHook\",\"afterSuite\",\"afterSession\",\"after\",\"onComplete\",\"beforeAssertion\",\"afterAssertion\",\"beforeFeature\",\"beforeScenario\",\"beforeStep\",\"afterStep\",\"afterScenario\",\"afterFeature\",\"_\",\"suite\",\"$0\",\"ignoredWorkerServices\",\"wdi5\"]"}]}
COMMAND: POST /session/297431b9b55e935159c974fa74f723b8/execute/async - {"script":"<script> [21126 bytes]","args":[35000]}
RESULT: {"script":"<script> [21126 bytes]","args":[35000]}
COMMAND: POST /session/297431b9b55e935159c974fa74f723b8/execute/async - {"script":"<script> [1562 bytes]","args":[{"selector":{"controlType":"sap.m.ObjectStatus","viewName":"etm.portal.ui.managerequests.view.Detail","bindingPath":{"path":"/RequestHeaders('20123')","propertyPath":"LINK_TO_STATUS/DESCRIPTION","modelName":"catalogModel"}},"wdio_ui5_key":"etmportal.ui.managerequests.view.Detailsap.m.ObjectStatus{\"path\":\"/RequestHeaders('20123')\",\"propertyPath\":\"LINK_TO_STATUS/DESCRIPTION\",\"modelName\":\"catalogModel\"}"}]}
RESULT: {"script":"<script> [1562 bytes]","args":[{"selector":{"controlType":"sap.m.ObjectStatus","viewName":"etm.portal.ui.managerequests.view.Detail","bindingPath":{"path":"/RequestHeaders('20123')","propertyPath":"LINK_TO_STATUS/DESCRIPTION","modelName":"catalogModel"}},"wdio_ui5_key":"etmportal.ui.managerequests.view.Detailsap.m.ObjectStatus{\"path\":\"/RequestHeaders('20123')\",\"propertyPath\":\"LINK_TO_STATUS/DESCRIPTION\",\"modelName\":\"catalogModel\"}"}]}
RESULT: undefined
COMMAND: POST /session/297431b9b55e935159c974fa74f723b8/execute/async - {"script":"<script> [6424 bytes]","args":[{"element-6066-11e4-a52e-4f735466cecf":"f.C07C1F5C83AA57D4527D3CB7EA58C4CE.d.45DF48C10829B05959EED5CF9C3F40F2.e.6892"},"getText",[]]}
RESULT: {"script":"<script> [6424 bytes]","args":[{"element-6066-11e4-a52e-4f735466cecf":"f.C07C1F5C83AA57D4527D3CB7EA58C4CE.d.45DF48C10829B05959EED5CF9C3F40F2.e.6892"},"getText",[]]}
COMMAND: POST /session/297431b9b55e935159c974fa74f723b8/execute/async - {"script":"<script> [1562 bytes]","args":[{"selector":{"controlType":"sap.m.Button","viewName":"etm.portal.ui.managerequests.view.Detail","bindingPath":{"path":"/SmartRequestItemsPlanningBoard(ITEM=10m,REQUEST='20123')","propertyPath":"PICK_UP"}},"wdio_ui5_key":"etmportal.ui.managerequests.view.Detailsap.m.Button{\"path\":\"/SmartRequestItemsPlanningBoard(ITEM=10m,REQUEST='20123')\",\"propertyPath\":\"PICK_UP\"}"}]}
RESULT: {"script":"<script> [1562 bytes]","args":[{"selector":{"controlType":"sap.m.Button","viewName":"etm.portal.ui.managerequests.view.Detail","bindingPath":{"path":"/SmartRequestItemsPlanningBoard(ITEM=10m,REQUEST='20123')","propertyPath":"PICK_UP"}},"wdio_ui5_key":"etmportal.ui.managerequests.view.Detailsap.m.Button{\"path\":\"/SmartRequestItemsPlanningBoard(ITEM=10m,REQUEST='20123')\",\"propertyPath\":\"PICK_UP\"}"}]}
RESULT: undefined
COMMAND: POST /session/297431b9b55e935159c974fa74f723b8/execute/async - {"script":"<script> [6424 bytes]","args":[{"element-6066-11e4-a52e-4f735466cecf":"f.C07C1F5C83AA57D4527D3CB7EA58C4CE.d.45DF48C10829B05959EED5CF9C3F40F2.e.6877"},"getType",[]]}
RESULT: {"script":"<script> [6424 bytes]","args":[{"element-6066-11e4-a52e-4f735466cecf":"f.C07C1F5C83AA57D4527D3CB7EA58C4CE.d.45DF48C10829B05959EED5CF9C3F40F2.e.6877"},"getType",[]]}
COMMAND: POST /session/297431b9b55e935159c974fa74f723b8/execute/async - {"script":"<script> [1562 bytes]","args":[{"selector":{"controlType":"sap.m.Button","viewName":"etm.portal.ui.managerequests.view.Detail","bindingPath":{"path":"/SmartRequestItemsPlanningBoard(ITEM=20m,REQUEST='20123')","propertyPath":"PICK_UP"}},"wdio_ui5_key":"etmportal.ui.managerequests.view.Detailsap.m.Button{\"path\":\"/SmartRequestItemsPlanningBoard(ITEM=20m,REQUEST='20123')\",\"propertyPath\":\"PICK_UP\"}"}]}
RESULT: {"script":"<script> [1562 bytes]","args":[{"selector":{"controlType":"sap.m.Button","viewName":"etm.portal.ui.managerequests.view.Detail","bindingPath":{"path":"/SmartRequestItemsPlanningBoard(ITEM=20m,REQUEST='20123')","propertyPath":"PICK_UP"}},"wdio_ui5_key":"etmportal.ui.managerequests.view.Detailsap.m.Button{\"path\":\"/SmartRequestItemsPlanningBoard(ITEM=20m,REQUEST='20123')\",\"propertyPath\":\"PICK_UP\"}"}]}
RESULT: undefined
COMMAND: POST /session/297431b9b55e935159c974fa74f723b8/execute/async - {"script":"<script> [6424 bytes]","args":[{"element-6066-11e4-a52e-4f735466cecf":"f.C07C1F5C83AA57D4527D3CB7EA58C4CE.d.45DF48C10829B05959EED5CF9C3F40F2.e.6893"},"getType",[]]}
RESULT: {"script":"<script> [6424 bytes]","args":[{"element-6066-11e4-a52e-4f735466cecf":"f.C07C1F5C83AA57D4527D3CB7EA58C4CE.d.45DF48C10829B05959EED5CF9C3F40F2.e.6893"},"getType",[]]}
COMMAND: POST /session/297431b9b55e935159c974fa74f723b8/element - {"using":"css selector","value":"#shell-header-logo"}
RESULT: {"using":"css selector","value":"#shell-header-logo"}
COMMAND: POST /session/297431b9b55e935159c974fa74f723b8/element/f.C07C1F5C83AA57D4527D3CB7EA58C4CE.d.45DF48C10829B05959EED5CF9C3F40F2.e.6678/click - {}
RESULT: {}
COMMAND: GET /session/297431b9b55e935159c974fa74f723b8/screenshot - {}
RESULT: {}
COMMAND: POST /session/297431b9b55e935159c974fa74f723b8/execute/async - {"script":"<script> [1562 bytes]","args":[{"selector":{"controlType":"sap.m.GenericTile","properties":{"header":"Manage Classifications"}},"wdio_ui5_key":"sapm.GenericTile{\"header\":\"Manage Classifications\"}"}]}
RESULT: {"script":"<script> [1562 bytes]","args":[{"selector":{"controlType":"sap.m.GenericTile","properties":{"header":"Manage Classifications"}},"wdio_ui5_key":"sapm.GenericTile{\"header\":\"Manage Classifications\"}"}]}
RESULT: undefined
COMMAND: POST /session/297431b9b55e935159c974fa74f723b8/element - {"using":"xpath","value":"//*[@id=\"__tile115\"]"}
RESULT: {"using":"xpath","value":"//*[@id=\"__tile115\"]"}
COMMAND: POST /session/297431b9b55e935159c974fa74f723b8/element/f.C07C1F5C83AA57D4527D3CB7EA58C4CE.d.45DF48C10829B05959EED5CF9C3F40F2.e.6907/click - {}
RESULT: {}
COMMAND: GET /session/297431b9b55e935159c974fa74f723b8/screenshot - {}
RESULT: {}
COMMAND: POST /session/297431b9b55e935159c974fa74f723b8/elements - {"using":"xpath","value":"//span[text()='Error']"}
RESULT: {"using":"xpath","value":"//span[text()='Error']"}
]]></system-out>
    </testcase>
  </testsuite>
  <testsuite timestamp="2025-05-15T18:38:27" time="393.087" tests="4" failures="0" errors="0" skipped="0">
    <properties>
      <property name="specId" value="0" />
      <property name="suiteName" value="Manage requests - requests specifications US141095" />
      <property name="capabilities" value="chrome.136_0_7103_93.windows" />
      <property name="file" value="file:///D:/a/1/s/test/specs/R2C/manage-requests-request-specifications.spec.js" />
    </properties>
    <testcase classname="chrome.136_0_7103_93.windows.Manage_requests_-_requests_specifications_US141095" name="Should create a new classification of type request item" time="39.912">
      <system-out><![CDATA[
COMMAND: POST /session/297431b9b55e935159c974fa74f723b8/execute/async - {"script":"<script> [1562 bytes]","args":[{"selector":{"controlType":"sap.ui.core.Icon","viewName":"etm.portal.ui.manageclassifications.view.Master","viewId":"application-manageclassifications-display-component---classificationMaster","properties":{"src":{"regex":{"source":"add"}}}},"wdio_ui5_key":"etmportal.ui.manageclassifications.view.Mastersap.ui.core.Icon{\"src\":{\"regex\":{\"source\":\"add\"}}}"}]}
RESULT: {"script":"<script> [1562 bytes]","args":[{"selector":{"controlType":"sap.ui.core.Icon","viewName":"etm.portal.ui.manageclassifications.view.Master","viewId":"application-manageclassifications-display-component---classificationMaster","properties":{"src":{"regex":{"source":"add"}}}},"wdio_ui5_key":"etmportal.ui.manageclassifications.view.Mastersap.ui.core.Icon{\"src\":{\"regex\":{\"source\":\"add\"}}}"}]}
RESULT: undefined
COMMAND: POST /session/297431b9b55e935159c974fa74f723b8/element - {"using":"xpath","value":"//*[@id=\"__button25-img\"]"}
RESULT: {"using":"xpath","value":"//*[@id=\"__button25-img\"]"}
COMMAND: POST /session/297431b9b55e935159c974fa74f723b8/element/f.C07C1F5C83AA57D4527D3CB7EA58C4CE.d.45DF48C10829B05959EED5CF9C3F40F2.e.6947/click - {}
RESULT: {}
COMMAND: POST /session/297431b9b55e935159c974fa74f723b8/execute/async - {"script":"<script> [1562 bytes]","args":[{"selector":{"id":"application-manageclassifications-display-component---classificationCreate--classHeaderName","interaction":{"idSuffix":"inner"}},"wdio_ui5_key":"applicationmanageclassifications-display-component---classificationCreate--classHeaderName"}]}
COMMAND: GET /session/297431b9b55e935159c974fa74f723b8/screenshot - {}
RESULT: {"script":"<script> [1562 bytes]","args":[{"selector":{"id":"application-manageclassifications-display-component---classificationCreate--classHeaderName","interaction":{"idSuffix":"inner"}},"wdio_ui5_key":"applicationmanageclassifications-display-component---classificationCreate--classHeaderName"}]}
RESULT: undefined
COMMAND: POST /session/297431b9b55e935159c974fa74f723b8/execute/async - {"script":"<script> [776 bytes]","args":[{"enterText":"WebdriverItemClassdqubo","selector":{"id":"application-manageclassifications-display-component---classificationCreate--classHeaderName","interaction":{"idSuffix":"inner"}},"clearTextFirst":true,"interactionType":"ENTER_TEXT"}]}
RESULT: {}
RESULT: {"script":"<script> [776 bytes]","args":[{"enterText":"WebdriverItemClassdqubo","selector":{"id":"application-manageclassifications-display-component---classificationCreate--classHeaderName","interaction":{"idSuffix":"inner"}},"clearTextFirst":true,"interactionType":"ENTER_TEXT"}]}
COMMAND: POST /session/297431b9b55e935159c974fa74f723b8/execute/async - {"script":"<script> [1562 bytes]","args":[{"selector":{"controlType":"sap.ui.core.Icon","viewName":"etm.portal.ui.manageclassifications.view.Create","viewId":"application-manageclassifications-display-component---classificationCreate","properties":{"src":{"regex":{"source":"slim\\-arrow\\-down"}}}},"wdio_ui5_key":"etmportal.ui.manageclassifications.view.Createsap.ui.core.Icon{\"src\":{\"regex\":{\"source\":\"slim\\\\-arrow\\\\-down\"}}}"}]}
RESULT: {"script":"<script> [1562 bytes]","args":[{"selector":{"controlType":"sap.ui.core.Icon","viewName":"etm.portal.ui.manageclassifications.view.Create","viewId":"application-manageclassifications-display-component---classificationCreate","properties":{"src":{"regex":{"source":"slim\\-arrow\\-down"}}}},"wdio_ui5_key":"etmportal.ui.manageclassifications.view.Createsap.ui.core.Icon{\"src\":{\"regex\":{\"source\":\"slim\\\\-arrow\\\\-down\"}}}"}]}
RESULT: undefined
COMMAND: POST /session/297431b9b55e935159c974fa74f723b8/element - {"using":"xpath","value":"//*[@id=\"__box12-arrow\"]"}
RESULT: {"using":"xpath","value":"//*[@id=\"__box12-arrow\"]"}
COMMAND: POST /session/297431b9b55e935159c974fa74f723b8/element/f.C07C1F5C83AA57D4527D3CB7EA58C4CE.d.45DF48C10829B05959EED5CF9C3F40F2.e.7257/click - {}
RESULT: {}
COMMAND: POST /session/297431b9b55e935159c974fa74f723b8/execute/async - {"script":"<script> [1562 bytes]","args":[{"selector":{"controlType":"sap.m.StandardListItem","viewName":"etm.portal.ui.manageclassifications.view.Create","viewId":"application-manageclassifications-display-component---classificationCreate","properties":{"title":"Request Item Specifications"},"searchOpenDialogs":true,"interaction":{"idSuffix":"titleText"}},"wdio_ui5_key":"etmportal.ui.manageclassifications.view.Createsap.m.StandardListItem{\"title\":\"Request Item Specifications\"}"}]}
COMMAND: GET /session/297431b9b55e935159c974fa74f723b8/screenshot - {}
RESULT: {"script":"<script> [1562 bytes]","args":[{"selector":{"controlType":"sap.m.StandardListItem","viewName":"etm.portal.ui.manageclassifications.view.Create","viewId":"application-manageclassifications-display-component---classificationCreate","properties":{"title":"Request Item Specifications"},"searchOpenDialogs":true,"interaction":{"idSuffix":"titleText"}},"wdio_ui5_key":"etmportal.ui.manageclassifications.view.Createsap.m.StandardListItem{\"title\":\"Request Item Specifications\"}"}]}
RESULT: undefined
COMMAND: POST /session/297431b9b55e935159c974fa74f723b8/element - {"using":"xpath","value":"//*[@id=\"__item82\"]"}
RESULT: {}
RESULT: {"using":"xpath","value":"//*[@id=\"__item82\"]"}
COMMAND: POST /session/297431b9b55e935159c974fa74f723b8/element/f.C07C1F5C83AA57D4527D3CB7EA58C4CE.d.45DF48C10829B05959EED5CF9C3F40F2.e.7296/click - {}
RESULT: {}
COMMAND: POST /session/297431b9b55e935159c974fa74f723b8/execute/async - {"script":"<script> [1562 bytes]","args":[{"selector":{"controlType":"sap.ui.core.Icon","viewName":"etm.portal.ui.manageclassifications.view.Create","viewId":"application-manageclassifications-display-component---classificationCreate","properties":{"src":{"regex":{"source":"add"}}}},"wdio_ui5_key":"etmportal.ui.manageclassifications.view.Createsap.ui.core.Icon{\"src\":{\"regex\":{\"source\":\"add\"}}}"}]}
COMMAND: GET /session/297431b9b55e935159c974fa74f723b8/screenshot - {}
RESULT: {"script":"<script> [1562 bytes]","args":[{"selector":{"controlType":"sap.ui.core.Icon","viewName":"etm.portal.ui.manageclassifications.view.Create","viewId":"application-manageclassifications-display-component---classificationCreate","properties":{"src":{"regex":{"source":"add"}}}},"wdio_ui5_key":"etmportal.ui.manageclassifications.view.Createsap.ui.core.Icon{\"src\":{\"regex\":{\"source\":\"add\"}}}"}]}
RESULT: undefined
COMMAND: POST /session/297431b9b55e935159c974fa74f723b8/element - {"using":"xpath","value":"//*[@id=\"__button30-img\"]"}
RESULT: {}
RESULT: {"using":"xpath","value":"//*[@id=\"__button30-img\"]"}
COMMAND: POST /session/297431b9b55e935159c974fa74f723b8/element/f.C07C1F5C83AA57D4527D3CB7EA58C4CE.d.45DF48C10829B05959EED5CF9C3F40F2.e.7260/click - {}
RESULT: {}
COMMAND: POST /session/297431b9b55e935159c974fa74f723b8/execute/async - {"script":"<script> [1562 bytes]","args":[{"selector":{"controlType":"sap.m.Input","viewName":"etm.portal.ui.manageclassifications.view.Create","viewId":"application-manageclassifications-display-component---classificationCreate","bindingPath":{"path":"/0","propertyPath":"PROPERTY","modelName":"newConfigModel"},"interaction":{"idSuffix":"inner"}},"wdio_ui5_key":"etmportal.ui.manageclassifications.view.Createsap.m.Input{\"path\":\"/0\",\"propertyPath\":\"PROPERTY\",\"modelName\":\"newConfigModel\"}"}]}
COMMAND: GET /session/297431b9b55e935159c974fa74f723b8/screenshot - {}
RESULT: {"script":"<script> [1562 bytes]","args":[{"selector":{"controlType":"sap.m.Input","viewName":"etm.portal.ui.manageclassifications.view.Create","viewId":"application-manageclassifications-display-component---classificationCreate","bindingPath":{"path":"/0","propertyPath":"PROPERTY","modelName":"newConfigModel"},"interaction":{"idSuffix":"inner"}},"wdio_ui5_key":"etmportal.ui.manageclassifications.view.Createsap.m.Input{\"path\":\"/0\",\"propertyPath\":\"PROPERTY\",\"modelName\":\"newConfigModel\"}"}]}
RESULT: undefined
COMMAND: POST /session/297431b9b55e935159c974fa74f723b8/execute/async - {"script":"<script> [776 bytes]","args":[{"enterText":"Color","selector":{"controlType":"sap.m.Input","viewName":"etm.portal.ui.manageclassifications.view.Create","viewId":"application-manageclassifications-display-component---classificationCreate","bindingPath":{"path":"/0","propertyPath":"PROPERTY","modelName":"newConfigModel"},"interaction":{"idSuffix":"inner"}},"clearTextFirst":true,"interactionType":"ENTER_TEXT"}]}
RESULT: {}
RESULT: {"script":"<script> [776 bytes]","args":[{"enterText":"Color","selector":{"controlType":"sap.m.Input","viewName":"etm.portal.ui.manageclassifications.view.Create","viewId":"application-manageclassifications-display-component---classificationCreate","bindingPath":{"path":"/0","propertyPath":"PROPERTY","modelName":"newConfigModel"},"interaction":{"idSuffix":"inner"}},"clearTextFirst":true,"interactionType":"ENTER_TEXT"}]}
COMMAND: POST /session/297431b9b55e935159c974fa74f723b8/execute/async - {"script":"<script> [1562 bytes]","args":[{"selector":{"controlType":"sap.m.Input","viewName":"etm.portal.ui.manageclassifications.view.Create","viewId":"application-manageclassifications-display-component---classificationCreate","bindingPath":{"path":"/0","propertyPath":"DESCRIPTION","modelName":"newConfigModel"},"interaction":{"idSuffix":"inner"}},"wdio_ui5_key":"etmportal.ui.manageclassifications.view.Createsap.m.Input{\"path\":\"/0\",\"propertyPath\":\"DESCRIPTION\",\"modelName\":\"newConfigModel\"}"}]}
RESULT: {"script":"<script> [1562 bytes]","args":[{"selector":{"controlType":"sap.m.Input","viewName":"etm.portal.ui.manageclassifications.view.Create","viewId":"application-manageclassifications-display-component---classificationCreate","bindingPath":{"path":"/0","propertyPath":"DESCRIPTION","modelName":"newConfigModel"},"interaction":{"idSuffix":"inner"}},"wdio_ui5_key":"etmportal.ui.manageclassifications.view.Createsap.m.Input{\"path\":\"/0\",\"propertyPath\":\"DESCRIPTION\",\"modelName\":\"newConfigModel\"}"}]}
RESULT: undefined
COMMAND: POST /session/297431b9b55e935159c974fa74f723b8/execute/async - {"script":"<script> [776 bytes]","args":[{"enterText":"Color","selector":{"controlType":"sap.m.Input","viewName":"etm.portal.ui.manageclassifications.view.Create","viewId":"application-manageclassifications-display-component---classificationCreate","bindingPath":{"path":"/0","propertyPath":"DESCRIPTION","modelName":"newConfigModel"},"interaction":{"idSuffix":"inner"}},"clearTextFirst":true,"interactionType":"ENTER_TEXT"}]}
RESULT: {"script":"<script> [776 bytes]","args":[{"enterText":"Color","selector":{"controlType":"sap.m.Input","viewName":"etm.portal.ui.manageclassifications.view.Create","viewId":"application-manageclassifications-display-component---classificationCreate","bindingPath":{"path":"/0","propertyPath":"DESCRIPTION","modelName":"newConfigModel"},"interaction":{"idSuffix":"inner"}},"clearTextFirst":true,"interactionType":"ENTER_TEXT"}]}
COMMAND: POST /session/297431b9b55e935159c974fa74f723b8/execute/async - {"script":"<script> [1562 bytes]","args":[{"selector":{"controlType":"sap.ui.core.Icon","viewName":"etm.portal.ui.manageclassifications.view.Create","viewId":"application-manageclassifications-display-component---classificationCreate","properties":{"src":{"regex":{"source":"slim\\-arrow\\-down"}}},"ancestor":{"controlType":"sap.m.ComboBox","viewName":"etm.portal.ui.manageclassifications.view.Create","viewId":"application-manageclassifications-display-component---classificationCreate","bindingPath":{"path":"/0","propertyPath":"VALUE_TYPE","modelName":"newConfigModel"}}},"wdio_ui5_key":"etmportal.ui.manageclassifications.view.Createsap.ui.core.Icon{\"src\":{\"regex\":{\"source\":\"slim\\\\-arrow\\\\-down\"}}}{\"controlType\":\"sap.m.ComboBox\",\"viewName\":\"etm.portal.ui.manageclassifications.view.Create\",\"viewId\":\"application-manageclassifications-display-component---classificationCreate\",\"bindingPath\":{\"path\":\"/0\",\"propertyPath\":\"VALUE_TYPE\",\"modelName\":\"newConfigModel\"}}"}]}
RESULT: {"script":"<script> [1562 bytes]","args":[{"selector":{"controlType":"sap.ui.core.Icon","viewName":"etm.portal.ui.manageclassifications.view.Create","viewId":"application-manageclassifications-display-component---classificationCreate","properties":{"src":{"regex":{"source":"slim\\-arrow\\-down"}}},"ancestor":{"controlType":"sap.m.ComboBox","viewName":"etm.portal.ui.manageclassifications.view.Create","viewId":"application-manageclassifications-display-component---classificationCreate","bindingPath":{"path":"/0","propertyPath":"VALUE_TYPE","modelName":"newConfigModel"}}},"wdio_ui5_key":"etmportal.ui.manageclassifications.view.Createsap.ui.core.Icon{\"src\":{\"regex\":{\"source\":\"slim\\\\-arrow\\\\-down\"}}}{\"controlType\":\"sap.m.ComboBox\",\"viewName\":\"etm.portal.ui.manageclassifications.view.Create\",\"viewId\":\"application-manageclassifications-display-component---classificationCreate\",\"bindingPath\":{\"path\":\"/0\",\"propertyPath\":\"VALUE_TYPE\",\"modelName\":\"newConfigModel\"}}"}]}
RESULT: undefined
COMMAND: POST /session/297431b9b55e935159c974fa74f723b8/element - {"using":"xpath","value":"//*[@id=\"__box13-application-manageclassifications-display-component---classificationCreate--configurationList-0-arrow\"]"}
RESULT: {"using":"xpath","value":"//*[@id=\"__box13-application-manageclassifications-display-component---classificationCreate--configurationList-0-arrow\"]"}
COMMAND: POST /session/297431b9b55e935159c974fa74f723b8/element/f.C07C1F5C83AA57D4527D3CB7EA58C4CE.d.45DF48C10829B05959EED5CF9C3F40F2.e.7305/click - {}
RESULT: {}
COMMAND: POST /session/297431b9b55e935159c974fa74f723b8/execute/async - {"script":"<script> [1562 bytes]","args":[{"selector":{"controlType":"sap.m.StandardListItem","viewName":"etm.portal.ui.manageclassifications.view.Create","viewId":"application-manageclassifications-display-component---classificationCreate","properties":{"title":"Dropdown"},"searchOpenDialogs":true,"interaction":{"idSuffix":"titleText"}},"wdio_ui5_key":"etmportal.ui.manageclassifications.view.Createsap.m.StandardListItem{\"title\":\"Dropdown\"}"}]}
COMMAND: GET /session/297431b9b55e935159c974fa74f723b8/screenshot - {}
RESULT: {"script":"<script> [1562 bytes]","args":[{"selector":{"controlType":"sap.m.StandardListItem","viewName":"etm.portal.ui.manageclassifications.view.Create","viewId":"application-manageclassifications-display-component---classificationCreate","properties":{"title":"Dropdown"},"searchOpenDialogs":true,"interaction":{"idSuffix":"titleText"}},"wdio_ui5_key":"etmportal.ui.manageclassifications.view.Createsap.m.StandardListItem{\"title\":\"Dropdown\"}"}]}
RESULT: undefined
COMMAND: POST /session/297431b9b55e935159c974fa74f723b8/element - {"using":"xpath","value":"//*[@id=\"__item90\"]"}
RESULT: {}
RESULT: {"using":"xpath","value":"//*[@id=\"__item90\"]"}
COMMAND: POST /session/297431b9b55e935159c974fa74f723b8/element/f.C07C1F5C83AA57D4527D3CB7EA58C4CE.d.45DF48C10829B05959EED5CF9C3F40F2.e.7307/click - {}
RESULT: {}
COMMAND: POST /session/297431b9b55e935159c974fa74f723b8/execute/async - {"script":"<script> [1562 bytes]","args":[{"selector":{"controlType":"sap.ui.core.Icon","viewName":"etm.portal.ui.manageclassifications.view.Create","viewId":"application-manageclassifications-display-component---classificationCreate","properties":{"src":{"regex":{"source":"crm\\-service\\-manager"}}}},"wdio_ui5_key":"etmportal.ui.manageclassifications.view.Createsap.ui.core.Icon{\"src\":{\"regex\":{\"source\":\"crm\\\\-service\\\\-manager\"}}}"}]}
COMMAND: GET /session/297431b9b55e935159c974fa74f723b8/screenshot - {}
RESULT: {"script":"<script> [1562 bytes]","args":[{"selector":{"controlType":"sap.ui.core.Icon","viewName":"etm.portal.ui.manageclassifications.view.Create","viewId":"application-manageclassifications-display-component---classificationCreate","properties":{"src":{"regex":{"source":"crm\\-service\\-manager"}}}},"wdio_ui5_key":"etmportal.ui.manageclassifications.view.Createsap.ui.core.Icon{\"src\":{\"regex\":{\"source\":\"crm\\\\-service\\\\-manager\"}}}"}]}
RESULT: undefined
COMMAND: POST /session/297431b9b55e935159c974fa74f723b8/element - {"using":"xpath","value":"//*[@id=\"__button32-application-manageclassifications-display-component---classificationCreate--configurationList-0-img\"]"}
RESULT: {}
RESULT: {"using":"xpath","value":"//*[@id=\"__button32-application-manageclassifications-display-component---classificationCreate--configurationList-0-img\"]"}
COMMAND: POST /session/297431b9b55e935159c974fa74f723b8/element/f.C07C1F5C83AA57D4527D3CB7EA58C4CE.d.45DF48C10829B05959EED5CF9C3F40F2.e.7309/click - {}
RESULT: {}
COMMAND: POST /session/297431b9b55e935159c974fa74f723b8/element - {"using":"xpath","value":"//button[@title=\"Add additional value\"]"}
COMMAND: GET /session/297431b9b55e935159c974fa74f723b8/screenshot - {}
RESULT: {"using":"xpath","value":"//button[@title=\"Add additional value\"]"}
COMMAND: POST /session/297431b9b55e935159c974fa74f723b8/element/f.C07C1F5C83AA57D4527D3CB7EA58C4CE.d.45DF48C10829B05959EED5CF9C3F40F2.e.7310/click - {}
RESULT: {}
RESULT: {}
COMMAND: POST /session/297431b9b55e935159c974fa74f723b8/execute/async - {"script":"<script> [1562 bytes]","args":[{"selector":{"controlType":"sap.m.Input","viewName":"etm.portal.ui.manageclassifications.view.Create","viewId":"application-manageclassifications-display-component---classificationCreate","bindingPath":{"path":"/VALUES/0","propertyPath":"VALUE","modelName":"dropdownValuesModel"},"searchOpenDialogs":true,"interaction":{"idSuffix":"inner"}},"wdio_ui5_key":"etmportal.ui.manageclassifications.view.Createsap.m.Input{\"path\":\"/VALUES/0\",\"propertyPath\":\"VALUE\",\"modelName\":\"dropdownValuesModel\"}"}]}
COMMAND: GET /session/297431b9b55e935159c974fa74f723b8/screenshot - {}
RESULT: {"script":"<script> [1562 bytes]","args":[{"selector":{"controlType":"sap.m.Input","viewName":"etm.portal.ui.manageclassifications.view.Create","viewId":"application-manageclassifications-display-component---classificationCreate","bindingPath":{"path":"/VALUES/0","propertyPath":"VALUE","modelName":"dropdownValuesModel"},"searchOpenDialogs":true,"interaction":{"idSuffix":"inner"}},"wdio_ui5_key":"etmportal.ui.manageclassifications.view.Createsap.m.Input{\"path\":\"/VALUES/0\",\"propertyPath\":\"VALUE\",\"modelName\":\"dropdownValuesModel\"}"}]}
RESULT: undefined
COMMAND: POST /session/297431b9b55e935159c974fa74f723b8/execute/async - {"script":"<script> [776 bytes]","args":[{"enterText":"1","selector":{"controlType":"sap.m.Input","viewName":"etm.portal.ui.manageclassifications.view.Create","viewId":"application-manageclassifications-display-component---classificationCreate","bindingPath":{"path":"/VALUES/0","propertyPath":"VALUE","modelName":"dropdownValuesModel"},"searchOpenDialogs":true,"interaction":{"idSuffix":"inner"}},"clearTextFirst":true,"interactionType":"ENTER_TEXT"}]}
RESULT: {}
RESULT: {"script":"<script> [776 bytes]","args":[{"enterText":"1","selector":{"controlType":"sap.m.Input","viewName":"etm.portal.ui.manageclassifications.view.Create","viewId":"application-manageclassifications-display-component---classificationCreate","bindingPath":{"path":"/VALUES/0","propertyPath":"VALUE","modelName":"dropdownValuesModel"},"searchOpenDialogs":true,"interaction":{"idSuffix":"inner"}},"clearTextFirst":true,"interactionType":"ENTER_TEXT"}]}
COMMAND: POST /session/297431b9b55e935159c974fa74f723b8/execute/async - {"script":"<script> [1562 bytes]","args":[{"selector":{"controlType":"sap.m.Input","viewName":"etm.portal.ui.manageclassifications.view.Create","viewId":"application-manageclassifications-display-component---classificationCreate","bindingPath":{"path":"/VALUES/0","propertyPath":"TEXT","modelName":"dropdownValuesModel"},"searchOpenDialogs":true,"interaction":{"idSuffix":"inner"}},"wdio_ui5_key":"etmportal.ui.manageclassifications.view.Createsap.m.Input{\"path\":\"/VALUES/0\",\"propertyPath\":\"TEXT\",\"modelName\":\"dropdownValuesModel\"}"}]}
RESULT: {"script":"<script> [1562 bytes]","args":[{"selector":{"controlType":"sap.m.Input","viewName":"etm.portal.ui.manageclassifications.view.Create","viewId":"application-manageclassifications-display-component---classificationCreate","bindingPath":{"path":"/VALUES/0","propertyPath":"TEXT","modelName":"dropdownValuesModel"},"searchOpenDialogs":true,"interaction":{"idSuffix":"inner"}},"wdio_ui5_key":"etmportal.ui.manageclassifications.view.Createsap.m.Input{\"path\":\"/VALUES/0\",\"propertyPath\":\"TEXT\",\"modelName\":\"dropdownValuesModel\"}"}]}
RESULT: undefined
COMMAND: POST /session/297431b9b55e935159c974fa74f723b8/execute/async - {"script":"<script> [776 bytes]","args":[{"enterText":"blue","selector":{"controlType":"sap.m.Input","viewName":"etm.portal.ui.manageclassifications.view.Create","viewId":"application-manageclassifications-display-component---classificationCreate","bindingPath":{"path":"/VALUES/0","propertyPath":"TEXT","modelName":"dropdownValuesModel"},"searchOpenDialogs":true,"interaction":{"idSuffix":"inner"}},"clearTextFirst":true,"interactionType":"ENTER_TEXT"}]}
RESULT: {"script":"<script> [776 bytes]","args":[{"enterText":"blue","selector":{"controlType":"sap.m.Input","viewName":"etm.portal.ui.manageclassifications.view.Create","viewId":"application-manageclassifications-display-component---classificationCreate","bindingPath":{"path":"/VALUES/0","propertyPath":"TEXT","modelName":"dropdownValuesModel"},"searchOpenDialogs":true,"interaction":{"idSuffix":"inner"}},"clearTextFirst":true,"interactionType":"ENTER_TEXT"}]}
COMMAND: POST /session/297431b9b55e935159c974fa74f723b8/element - {"using":"xpath","value":"//button[@title=\"Add additional value\"]"}
RESULT: {"using":"xpath","value":"//button[@title=\"Add additional value\"]"}
COMMAND: POST /session/297431b9b55e935159c974fa74f723b8/element/f.C07C1F5C83AA57D4527D3CB7EA58C4CE.d.45DF48C10829B05959EED5CF9C3F40F2.e.7310/click - {}
RESULT: {}
COMMAND: POST /session/297431b9b55e935159c974fa74f723b8/execute/async - {"script":"<script> [1562 bytes]","args":[{"selector":{"controlType":"sap.m.Input","viewName":"etm.portal.ui.manageclassifications.view.Create","viewId":"application-manageclassifications-display-component---classificationCreate","bindingPath":{"path":"/VALUES/1","propertyPath":"VALUE","modelName":"dropdownValuesModel"},"searchOpenDialogs":true,"interaction":{"idSuffix":"inner"}},"wdio_ui5_key":"etmportal.ui.manageclassifications.view.Createsap.m.Input{\"path\":\"/VALUES/1\",\"propertyPath\":\"VALUE\",\"modelName\":\"dropdownValuesModel\"}"}]}
COMMAND: GET /session/297431b9b55e935159c974fa74f723b8/screenshot - {}
RESULT: {"script":"<script> [1562 bytes]","args":[{"selector":{"controlType":"sap.m.Input","viewName":"etm.portal.ui.manageclassifications.view.Create","viewId":"application-manageclassifications-display-component---classificationCreate","bindingPath":{"path":"/VALUES/1","propertyPath":"VALUE","modelName":"dropdownValuesModel"},"searchOpenDialogs":true,"interaction":{"idSuffix":"inner"}},"wdio_ui5_key":"etmportal.ui.manageclassifications.view.Createsap.m.Input{\"path\":\"/VALUES/1\",\"propertyPath\":\"VALUE\",\"modelName\":\"dropdownValuesModel\"}"}]}
RESULT: undefined
COMMAND: POST /session/297431b9b55e935159c974fa74f723b8/execute/async - {"script":"<script> [776 bytes]","args":[{"enterText":"2","selector":{"controlType":"sap.m.Input","viewName":"etm.portal.ui.manageclassifications.view.Create","viewId":"application-manageclassifications-display-component---classificationCreate","bindingPath":{"path":"/VALUES/1","propertyPath":"VALUE","modelName":"dropdownValuesModel"},"searchOpenDialogs":true,"interaction":{"idSuffix":"inner"}},"clearTextFirst":true,"interactionType":"ENTER_TEXT"}]}
RESULT: {}
RESULT: {"script":"<script> [776 bytes]","args":[{"enterText":"2","selector":{"controlType":"sap.m.Input","viewName":"etm.portal.ui.manageclassifications.view.Create","viewId":"application-manageclassifications-display-component---classificationCreate","bindingPath":{"path":"/VALUES/1","propertyPath":"VALUE","modelName":"dropdownValuesModel"},"searchOpenDialogs":true,"interaction":{"idSuffix":"inner"}},"clearTextFirst":true,"interactionType":"ENTER_TEXT"}]}
COMMAND: POST /session/297431b9b55e935159c974fa74f723b8/execute/async - {"script":"<script> [1562 bytes]","args":[{"selector":{"controlType":"sap.m.Input","viewName":"etm.portal.ui.manageclassifications.view.Create","viewId":"application-manageclassifications-display-component---classificationCreate","bindingPath":{"path":"/VALUES/1","propertyPath":"TEXT","modelName":"dropdownValuesModel"},"searchOpenDialogs":true,"interaction":{"idSuffix":"inner"}},"wdio_ui5_key":"etmportal.ui.manageclassifications.view.Createsap.m.Input{\"path\":\"/VALUES/1\",\"propertyPath\":\"TEXT\",\"modelName\":\"dropdownValuesModel\"}"}]}
RESULT: {"script":"<script> [1562 bytes]","args":[{"selector":{"controlType":"sap.m.Input","viewName":"etm.portal.ui.manageclassifications.view.Create","viewId":"application-manageclassifications-display-component---classificationCreate","bindingPath":{"path":"/VALUES/1","propertyPath":"TEXT","modelName":"dropdownValuesModel"},"searchOpenDialogs":true,"interaction":{"idSuffix":"inner"}},"wdio_ui5_key":"etmportal.ui.manageclassifications.view.Createsap.m.Input{\"path\":\"/VALUES/1\",\"propertyPath\":\"TEXT\",\"modelName\":\"dropdownValuesModel\"}"}]}
RESULT: undefined
COMMAND: POST /session/297431b9b55e935159c974fa74f723b8/execute/async - {"script":"<script> [776 bytes]","args":[{"enterText":"red","selector":{"controlType":"sap.m.Input","viewName":"etm.portal.ui.manageclassifications.view.Create","viewId":"application-manageclassifications-display-component---classificationCreate","bindingPath":{"path":"/VALUES/1","propertyPath":"TEXT","modelName":"dropdownValuesModel"},"searchOpenDialogs":true,"interaction":{"idSuffix":"inner"}},"clearTextFirst":true,"interactionType":"ENTER_TEXT"}]}
RESULT: {"script":"<script> [776 bytes]","args":[{"enterText":"red","selector":{"controlType":"sap.m.Input","viewName":"etm.portal.ui.manageclassifications.view.Create","viewId":"application-manageclassifications-display-component---classificationCreate","bindingPath":{"path":"/VALUES/1","propertyPath":"TEXT","modelName":"dropdownValuesModel"},"searchOpenDialogs":true,"interaction":{"idSuffix":"inner"}},"clearTextFirst":true,"interactionType":"ENTER_TEXT"}]}
COMMAND: POST /session/297431b9b55e935159c974fa74f723b8/execute/async - {"script":"<script> [1562 bytes]","args":[{"selector":{"controlType":"sap.m.Button","viewName":"etm.portal.ui.manageclassifications.view.Create","viewId":"application-manageclassifications-display-component---classificationCreate","i18NText":{"propertyName":"text","key":"save"},"searchOpenDialogs":true,"interaction":{"idSuffix":"BDI-content"}},"wdio_ui5_key":"etmportal.ui.manageclassifications.view.Createsap.m.Button{\"propertyName\":\"text\",\"key\":\"save\"}"}]}
RESULT: {"script":"<script> [1562 bytes]","args":[{"selector":{"controlType":"sap.m.Button","viewName":"etm.portal.ui.manageclassifications.view.Create","viewId":"application-manageclassifications-display-component---classificationCreate","i18NText":{"propertyName":"text","key":"save"},"searchOpenDialogs":true,"interaction":{"idSuffix":"BDI-content"}},"wdio_ui5_key":"etmportal.ui.manageclassifications.view.Createsap.m.Button{\"propertyName\":\"text\",\"key\":\"save\"}"}]}
RESULT: undefined
COMMAND: POST /session/297431b9b55e935159c974fa74f723b8/element - {"using":"xpath","value":"//*[@id=\"__button42\"]"}
RESULT: {"using":"xpath","value":"//*[@id=\"__button42\"]"}
COMMAND: POST /session/297431b9b55e935159c974fa74f723b8/element/f.C07C1F5C83AA57D4527D3CB7EA58C4CE.d.45DF48C10829B05959EED5CF9C3F40F2.e.7330/click - {}
RESULT: {}
COMMAND: GET /session/297431b9b55e935159c974fa74f723b8/screenshot - {}
RESULT: {}
COMMAND: POST /session/297431b9b55e935159c974fa74f723b8/element - {"using":"xpath","value":"//button[@title=\"Save\"]"}
RESULT: {"using":"xpath","value":"//button[@title=\"Save\"]"}
COMMAND: POST /session/297431b9b55e935159c974fa74f723b8/element/f.C07C1F5C83AA57D4527D3CB7EA58C4CE.d.45DF48C10829B05959EED5CF9C3F40F2.e.7269/click - {}
RESULT: {}
COMMAND: GET /session/297431b9b55e935159c974fa74f723b8/screenshot - {}
RESULT: {}
COMMAND: POST /session/297431b9b55e935159c974fa74f723b8/execute/async - {"script":"<script> [1562 bytes]","args":[{"selector":{"id":"application-manageclassifications-display-component---classificationMaster--smartFilterBar-btnBasicSearch","interaction":{"idSuffix":"I"}},"wdio_ui5_key":"applicationmanageclassifications-display-component---classificationMaster--smartFilterBar-btnBasicSearch"}]}
RESULT: {"script":"<script> [1562 bytes]","args":[{"selector":{"id":"application-manageclassifications-display-component---classificationMaster--smartFilterBar-btnBasicSearch","interaction":{"idSuffix":"I"}},"wdio_ui5_key":"applicationmanageclassifications-display-component---classificationMaster--smartFilterBar-btnBasicSearch"}]}
RESULT: undefined
COMMAND: POST /session/297431b9b55e935159c974fa74f723b8/execute/async - {"script":"<script> [776 bytes]","args":[{"enterText":"WebdriverItemClassdqubo","selector":{"id":"application-manageclassifications-display-component---classificationMaster--smartFilterBar-btnBasicSearch","interaction":{"idSuffix":"I"}},"clearTextFirst":true,"interactionType":"ENTER_TEXT"}]}
RESULT: {"script":"<script> [776 bytes]","args":[{"enterText":"WebdriverItemClassdqubo","selector":{"id":"application-manageclassifications-display-component---classificationMaster--smartFilterBar-btnBasicSearch","interaction":{"idSuffix":"I"}},"clearTextFirst":true,"interactionType":"ENTER_TEXT"}]}
COMMAND: POST /session/297431b9b55e935159c974fa74f723b8/actions - {"actions":[{"id":"action47","type":"key","parameters":{},"actions":[{"type":"keyDown","value":"î€‡"},{"type":"pause","duration":10},{"type":"keyUp","value":"î€‡"}]}]}
RESULT: {"actions":[{"id":"action47","type":"key","parameters":{},"actions":[{"type":"keyDown","value":"î€‡"},{"type":"pause","duration":10},{"type":"keyUp","value":"î€‡"}]}]}
COMMAND: POST /session/297431b9b55e935159c974fa74f723b8/execute/async - {"script":"<script> [1562 bytes]","args":[{"selector":{"id":"application-manageclassifications-display-component---classificationMaster--smartTable-header"},"wdio_ui5_key":"applicationmanageclassifications-display-component---classificationMaster--smartTable-header"}]}
COMMAND: GET /session/297431b9b55e935159c974fa74f723b8/screenshot - {}
RESULT: {"script":"<script> [1562 bytes]","args":[{"selector":{"id":"application-manageclassifications-display-component---classificationMaster--smartTable-header"},"wdio_ui5_key":"applicationmanageclassifications-display-component---classificationMaster--smartTable-header"}]}
RESULT: undefined
COMMAND: POST /session/297431b9b55e935159c974fa74f723b8/execute/async - {"script":"<script> [6424 bytes]","args":[{"element-6066-11e4-a52e-4f735466cecf":"f.C07C1F5C83AA57D4527D3CB7EA58C4CE.d.45DF48C10829B05959EED5CF9C3F40F2.e.7512"},"getText",[]]}
RESULT: {}
RESULT: {"script":"<script> [6424 bytes]","args":[{"element-6066-11e4-a52e-4f735466cecf":"f.C07C1F5C83AA57D4527D3CB7EA58C4CE.d.45DF48C10829B05959EED5CF9C3F40F2.e.7512"},"getText",[]]}
COMMAND: POST /session/297431b9b55e935159c974fa74f723b8/element - {"using":"css selector","value":"#shell-header-logo"}
RESULT: {"using":"css selector","value":"#shell-header-logo"}
COMMAND: POST /session/297431b9b55e935159c974fa74f723b8/element/f.C07C1F5C83AA57D4527D3CB7EA58C4CE.d.45DF48C10829B05959EED5CF9C3F40F2.e.6912/click - {}
RESULT: {}
COMMAND: GET /session/297431b9b55e935159c974fa74f723b8/screenshot - {}
RESULT: {}
]]></system-out>
    </testcase>
    <testcase classname="chrome.136_0_7103_93.windows.Manage_requests_-_requests_specifications_US141095" name="Should create a new section and a catalog item" time="136.067">
      <system-out><![CDATA[
COMMAND: POST /session/297431b9b55e935159c974fa74f723b8/execute/async - {"script":"<script> [1562 bytes]","args":[{"selector":{"controlType":"sap.m.GenericTile","properties":{"header":"Manage Catalogs"}},"wdio_ui5_key":"sapm.GenericTile{\"header\":\"Manage Catalogs\"}"}]}
RESULT: {"script":"<script> [1562 bytes]","args":[{"selector":{"controlType":"sap.m.GenericTile","properties":{"header":"Manage Catalogs"}},"wdio_ui5_key":"sapm.GenericTile{\"header\":\"Manage Catalogs\"}"}]}
RESULT: undefined
COMMAND: POST /session/297431b9b55e935159c974fa74f723b8/element - {"using":"xpath","value":"//*[@id=\"__tile37\"]"}
RESULT: {"using":"xpath","value":"//*[@id=\"__tile37\"]"}
COMMAND: POST /session/297431b9b55e935159c974fa74f723b8/element/f.C07C1F5C83AA57D4527D3CB7EA58C4CE.d.45DF48C10829B05959EED5CF9C3F40F2.e.7516/click - {}
RESULT: {}
COMMAND: GET /session/297431b9b55e935159c974fa74f723b8/screenshot - {}
RESULT: {}
COMMAND: POST /session/297431b9b55e935159c974fa74f723b8/elements - {"using":"xpath","value":"//span[text()='Error']"}
RESULT: {"using":"xpath","value":"//span[text()='Error']"}
COMMAND: POST /session/297431b9b55e935159c974fa74f723b8/execute/async - {"script":"<script> [1562 bytes]","args":[{"selector":{"controlType":"sap.m.Text","viewName":"etm.portal.ui.managecatalogs.view.MasterCatalogs","viewId":"application-managecatalogs-display-component---masterCatalogs","bindingPath":{"path":"/Catalogs('0D7502D073D53A0F1700BE067B89AFF9')","propertyPath":"DESCRIPTION","modelName":"catalogModel"}},"wdio_ui5_key":"etmportal.ui.managecatalogs.view.MasterCatalogssap.m.Text{\"path\":\"/Catalogs('0D7502D073D53A0F1700BE067B89AFF9')\",\"propertyPath\":\"DESCRIPTION\",\"modelName\":\"catalogModel\"}"}]}
RESULT: {"script":"<script> [1562 bytes]","args":[{"selector":{"controlType":"sap.m.Text","viewName":"etm.portal.ui.managecatalogs.view.MasterCatalogs","viewId":"application-managecatalogs-display-component---masterCatalogs","bindingPath":{"path":"/Catalogs('0D7502D073D53A0F1700BE067B89AFF9')","propertyPath":"DESCRIPTION","modelName":"catalogModel"}},"wdio_ui5_key":"etmportal.ui.managecatalogs.view.MasterCatalogssap.m.Text{\"path\":\"/Catalogs('0D7502D073D53A0F1700BE067B89AFF9')\",\"propertyPath\":\"DESCRIPTION\",\"modelName\":\"catalogModel\"}"}]}
RESULT: undefined
COMMAND: POST /session/297431b9b55e935159c974fa74f723b8/element - {"using":"xpath","value":"//*[@id=\"__text432-application-managecatalogs-display-component---masterCatalogs--CatalogsTable-11\"]"}
RESULT: {"using":"xpath","value":"//*[@id=\"__text432-application-managecatalogs-display-component---masterCatalogs--CatalogsTable-11\"]"}
COMMAND: POST /session/297431b9b55e935159c974fa74f723b8/element/f.C07C1F5C83AA57D4527D3CB7EA58C4CE.d.45DF48C10829B05959EED5CF9C3F40F2.e.7585/click - {}
RESULT: {}
COMMAND: POST /session/297431b9b55e935159c974fa74f723b8/execute/async - {"script":"<script> [1562 bytes]","args":[{"selector":{"controlType":"sap.ui.layout.HorizontalLayout","viewName":"etm.portal.ui.managecatalogs.view.MasterItems","viewId":"application-managecatalogs-display-component---masterCatalogItems","ancestor":{"id":"application-managecatalogs-display-component---masterCatalogItems--idCatalogItemsTree-rows-row0"}},"wdio_ui5_key":"etmportal.ui.managecatalogs.view.MasterItemssap.ui.layout.HorizontalLayout{\"id\":\"application-managecatalogs-display-component---masterCatalogItems--idCatalogItemsTree-rows-row0\"}"}]}
COMMAND: GET /session/297431b9b55e935159c974fa74f723b8/screenshot - {}
RESULT: {"script":"<script> [1562 bytes]","args":[{"selector":{"controlType":"sap.ui.layout.HorizontalLayout","viewName":"etm.portal.ui.managecatalogs.view.MasterItems","viewId":"application-managecatalogs-display-component---masterCatalogItems","ancestor":{"id":"application-managecatalogs-display-component---masterCatalogItems--idCatalogItemsTree-rows-row0"}},"wdio_ui5_key":"etmportal.ui.managecatalogs.view.MasterItemssap.ui.layout.HorizontalLayout{\"id\":\"application-managecatalogs-display-component---masterCatalogItems--idCatalogItemsTree-rows-row0\"}"}]}
RESULT: undefined
COMMAND: POST /session/297431b9b55e935159c974fa74f723b8/element - {"using":"xpath","value":"//*[@id=\"__layout40-__clone422\"]"}
RESULT: {}
RESULT: {"using":"xpath","value":"//*[@id=\"__layout40-__clone422\"]"}
COMMAND: POST /session/297431b9b55e935159c974fa74f723b8/element/f.C07C1F5C83AA57D4527D3CB7EA58C4CE.d.45DF48C10829B05959EED5CF9C3F40F2.e.7620/click - {}
RESULT: {}
COMMAND: GET /session/297431b9b55e935159c974fa74f723b8/screenshot - {}
COMMAND: POST /session/297431b9b55e935159c974fa74f723b8/execute/async - {"script":"<script> [1562 bytes]","args":[{"selector":{"controlType":"sap.m.Button","viewName":"etm.portal.ui.managecatalogs.view.Detail","viewId":"application-managecatalogs-display-component---detailCatalog","i18NText":{"propertyName":"text","key":"edit"},"interaction":{"idSuffix":"BDI-content"}},"wdio_ui5_key":"etmportal.ui.managecatalogs.view.Detailsap.m.Button{\"propertyName\":\"text\",\"key\":\"edit\"}"}]}
RESULT: {}
RESULT: {"script":"<script> [1562 bytes]","args":[{"selector":{"controlType":"sap.m.Button","viewName":"etm.portal.ui.managecatalogs.view.Detail","viewId":"application-managecatalogs-display-component---detailCatalog","i18NText":{"propertyName":"text","key":"edit"},"interaction":{"idSuffix":"BDI-content"}},"wdio_ui5_key":"etmportal.ui.managecatalogs.view.Detailsap.m.Button{\"propertyName\":\"text\",\"key\":\"edit\"}"}]}
RESULT: undefined
COMMAND: POST /session/297431b9b55e935159c974fa74f723b8/element - {"using":"xpath","value":"//*[@id=\"__button86\"]"}
RESULT: {"using":"xpath","value":"//*[@id=\"__button86\"]"}
COMMAND: POST /session/297431b9b55e935159c974fa74f723b8/element/f.C07C1F5C83AA57D4527D3CB7EA58C4CE.d.45DF48C10829B05959EED5CF9C3F40F2.e.7732/click - {}
RESULT: {}
COMMAND: GET /session/297431b9b55e935159c974fa74f723b8/screenshot - {}
RESULT: {}
COMMAND: POST /session/297431b9b55e935159c974fa74f723b8/element - {"using":"xpath","value":"//bdi[contains(text(), \"Unlock\")]"}
RESULT: {"using":"xpath","value":"//bdi[contains(text(), \"Unlock\")]"}
COMMAND: POST /session/297431b9b55e935159c974fa74f723b8/elements - {"using":"xpath","value":"//bdi[contains(text(), \"Unlock\")]"}
RESULT: {"using":"xpath","value":"//bdi[contains(text(), \"Unlock\")]"}
COMMAND: POST /session/297431b9b55e935159c974fa74f723b8/execute/async - {"script":"<script> [1562 bytes]","args":[{"selector":{"controlType":"sap.ui.core.Icon","viewName":"etm.portal.ui.managecatalogs.view.Detail","viewId":"application-managecatalogs-display-component---detailCatalog","properties":{"src":{"regex":{"source":"add\\-folder"}}}},"wdio_ui5_key":"etmportal.ui.managecatalogs.view.Detailsap.ui.core.Icon{\"src\":{\"regex\":{\"source\":\"add\\\\-folder\"}}}"}]}
RESULT: {"script":"<script> [1562 bytes]","args":[{"selector":{"controlType":"sap.ui.core.Icon","viewName":"etm.portal.ui.managecatalogs.view.Detail","viewId":"application-managecatalogs-display-component---detailCatalog","properties":{"src":{"regex":{"source":"add\\-folder"}}}},"wdio_ui5_key":"etmportal.ui.managecatalogs.view.Detailsap.ui.core.Icon{\"src\":{\"regex\":{\"source\":\"add\\\\-folder\"}}}"}]}
RESULT: undefined
COMMAND: POST /session/297431b9b55e935159c974fa74f723b8/element - {"using":"xpath","value":"//*[@id=\"__button94-img\"]"}
RESULT: {"using":"xpath","value":"//*[@id=\"__button94-img\"]"}
COMMAND: POST /session/297431b9b55e935159c974fa74f723b8/element/f.C07C1F5C83AA57D4527D3CB7EA58C4CE.d.45DF48C10829B05959EED5CF9C3F40F2.e.7739/click - {}
RESULT: {}
COMMAND: GET /session/297431b9b55e935159c974fa74f723b8/screenshot - {}
RESULT: {}
COMMAND: POST /session/297431b9b55e935159c974fa74f723b8/execute/async - {"script":"<script> [1562 bytes]","args":[{"selector":{"id":"application-managecatalogs-display-component---detailCatalog--numberInput","searchOpenDialogs":true,"interaction":{"idSuffix":"inner"}},"wdio_ui5_key":"applicationmanagecatalogs-display-component---detailCatalog--numberInput"}]}
RESULT: {"script":"<script> [1562 bytes]","args":[{"selector":{"id":"application-managecatalogs-display-component---detailCatalog--numberInput","searchOpenDialogs":true,"interaction":{"idSuffix":"inner"}},"wdio_ui5_key":"applicationmanagecatalogs-display-component---detailCatalog--numberInput"}]}
RESULT: undefined
COMMAND: POST /session/297431b9b55e935159c974fa74f723b8/execute/async - {"script":"<script> [776 bytes]","args":[{"enterText":"Section09kqt","selector":{"id":"application-managecatalogs-display-component---detailCatalog--numberInput","searchOpenDialogs":true,"interaction":{"idSuffix":"inner"}},"clearTextFirst":true,"interactionType":"ENTER_TEXT"}]}
RESULT: {"script":"<script> [776 bytes]","args":[{"enterText":"Section09kqt","selector":{"id":"application-managecatalogs-display-component---detailCatalog--numberInput","searchOpenDialogs":true,"interaction":{"idSuffix":"inner"}},"clearTextFirst":true,"interactionType":"ENTER_TEXT"}]}
COMMAND: POST /session/297431b9b55e935159c974fa74f723b8/element - {"using":"css selector","value":"#application-managecatalogs-display-component---detailCatalog--nameInput-inner"}
RESULT: {"using":"css selector","value":"#application-managecatalogs-display-component---detailCatalog--nameInput-inner"}
COMMAND: POST /session/297431b9b55e935159c974fa74f723b8/elements - {"using":"css selector","value":"#application-managecatalogs-display-component---detailCatalog--nameInput-inner"}
RESULT: {"using":"css selector","value":"#application-managecatalogs-display-component---detailCatalog--nameInput-inner"}
COMMAND: POST /session/297431b9b55e935159c974fa74f723b8/element/f.C07C1F5C83AA57D4527D3CB7EA58C4CE.d.45DF48C10829B05959EED5CF9C3F40F2.e.7743/clear - {}
RESULT: {}
COMMAND: POST /session/297431b9b55e935159c974fa74f723b8/element/f.C07C1F5C83AA57D4527D3CB7EA58C4CE.d.45DF48C10829B05959EED5CF9C3F40F2.e.7743/value - {"text":"Webdriverztnwi"}
COMMAND: GET /session/297431b9b55e935159c974fa74f723b8/screenshot - {}
RESULT: {"text":"Webdriverztnwi"}
COMMAND: POST /session/297431b9b55e935159c974fa74f723b8/execute/async - {"script":"<script> [1562 bytes]","args":[{"selector":{"controlType":"sap.m.Button","viewName":"etm.portal.ui.managecatalogs.view.Detail","viewId":"application-managecatalogs-display-component---detailCatalog","i18NText":{"propertyName":"text","key":"create"},"searchOpenDialogs":true,"interaction":{"idSuffix":"BDI-content"}},"wdio_ui5_key":"etmportal.ui.managecatalogs.view.Detailsap.m.Button{\"propertyName\":\"text\",\"key\":\"create\"}"}]}
COMMAND: GET /session/297431b9b55e935159c974fa74f723b8/screenshot - {}
RESULT: {}
RESULT: {"script":"<script> [1562 bytes]","args":[{"selector":{"controlType":"sap.m.Button","viewName":"etm.portal.ui.managecatalogs.view.Detail","viewId":"application-managecatalogs-display-component---detailCatalog","i18NText":{"propertyName":"text","key":"create"},"searchOpenDialogs":true,"interaction":{"idSuffix":"BDI-content"}},"wdio_ui5_key":"etmportal.ui.managecatalogs.view.Detailsap.m.Button{\"propertyName\":\"text\",\"key\":\"create\"}"}]}
RESULT: undefined
COMMAND: POST /session/297431b9b55e935159c974fa74f723b8/element - {"using":"xpath","value":"//*[@id=\"__button64\"]"}
RESULT: {}
RESULT: {"using":"xpath","value":"//*[@id=\"__button64\"]"}
COMMAND: POST /session/297431b9b55e935159c974fa74f723b8/element/f.C07C1F5C83AA57D4527D3CB7EA58C4CE.d.45DF48C10829B05959EED5CF9C3F40F2.e.7748/click - {}
RESULT: {}
COMMAND: GET /session/297431b9b55e935159c974fa74f723b8/screenshot - {}
RESULT: {}
COMMAND: POST /session/297431b9b55e935159c974fa74f723b8/element - {"using":"xpath","value":"//button[@title=\"Save\"]"}
RESULT: {"using":"xpath","value":"//button[@title=\"Save\"]"}
COMMAND: POST /session/297431b9b55e935159c974fa74f723b8/element/f.C07C1F5C83AA57D4527D3CB7EA58C4CE.d.45DF48C10829B05959EED5CF9C3F40F2.e.7749/click - {}
RESULT: {}
COMMAND: POST /session/297431b9b55e935159c974fa74f723b8/execute/async - {"script":"<script> [1562 bytes]","args":[{"selector":{"controlType":"sap.ui.core.Icon","viewName":"etm.portal.ui.managecatalogs.view.Detail","viewId":"application-managecatalogs-display-component---detailCatalog","properties":{"src":{"regex":{"source":"decline"}}}},"wdio_ui5_key":"etmportal.ui.managecatalogs.view.Detailsap.ui.core.Icon{\"src\":{\"regex\":{\"source\":\"decline\"}}}"}]}
COMMAND: GET /session/297431b9b55e935159c974fa74f723b8/screenshot - {}
RESULT: {"script":"<script> [1562 bytes]","args":[{"selector":{"controlType":"sap.ui.core.Icon","viewName":"etm.portal.ui.managecatalogs.view.Detail","viewId":"application-managecatalogs-display-component---detailCatalog","properties":{"src":{"regex":{"source":"decline"}}}},"wdio_ui5_key":"etmportal.ui.managecatalogs.view.Detailsap.ui.core.Icon{\"src\":{\"regex\":{\"source\":\"decline\"}}}"}]}
RESULT: undefined
COMMAND: POST /session/297431b9b55e935159c974fa74f723b8/element - {"using":"xpath","value":"//*[@id=\"__button89-img\"]"}
RESULT: {}
RESULT: {"using":"xpath","value":"//*[@id=\"__button89-img\"]"}
COMMAND: POST /session/297431b9b55e935159c974fa74f723b8/element/f.C07C1F5C83AA57D4527D3CB7EA58C4CE.d.45DF48C10829B05959EED5CF9C3F40F2.e.7754/click - {}
RESULT: {}
COMMAND: GET /session/297431b9b55e935159c974fa74f723b8/screenshot - {}
RESULT: {}
COMMAND: POST /session/297431b9b55e935159c974fa74f723b8/execute/async - {"script":"<script> [1562 bytes]","args":[{"selector":{"controlType":"sap.ui.core.Icon","viewName":"etm.portal.ui.managecatalogs.view.MasterItems","viewId":"application-managecatalogs-display-component---masterCatalogItems","properties":{"src":{"regex":{"source":"refresh"}}}},"wdio_ui5_key":"etmportal.ui.managecatalogs.view.MasterItemssap.ui.core.Icon{\"src\":{\"regex\":{\"source\":\"refresh\"}}}"}]}
RESULT: {"script":"<script> [1562 bytes]","args":[{"selector":{"controlType":"sap.ui.core.Icon","viewName":"etm.portal.ui.managecatalogs.view.MasterItems","viewId":"application-managecatalogs-display-component---masterCatalogItems","properties":{"src":{"regex":{"source":"refresh"}}}},"wdio_ui5_key":"etmportal.ui.managecatalogs.view.MasterItemssap.ui.core.Icon{\"src\":{\"regex\":{\"source\":\"refresh\"}}}"}]}
RESULT: undefined
COMMAND: POST /session/297431b9b55e935159c974fa74f723b8/element - {"using":"xpath","value":"//*[@id=\"__button62-img\"]"}
RESULT: {"using":"xpath","value":"//*[@id=\"__button62-img\"]"}
COMMAND: POST /session/297431b9b55e935159c974fa74f723b8/element/f.C07C1F5C83AA57D4527D3CB7EA58C4CE.d.45DF48C10829B05959EED5CF9C3F40F2.e.7787/click - {}
RESULT: {}
COMMAND: POST /session/297431b9b55e935159c974fa74f723b8/execute/async - {"script":"<script> [1562 bytes]","args":[{"selector":{"id":"application-managecatalogs-display-component---masterCatalogItems--searchItemsField","interaction":{"idSuffix":"I"}},"wdio_ui5_key":"applicationmanagecatalogs-display-component---masterCatalogItems--searchItemsField"}]}
COMMAND: GET /session/297431b9b55e935159c974fa74f723b8/screenshot - {}
RESULT: {"script":"<script> [1562 bytes]","args":[{"selector":{"id":"application-managecatalogs-display-component---masterCatalogItems--searchItemsField","interaction":{"idSuffix":"I"}},"wdio_ui5_key":"applicationmanagecatalogs-display-component---masterCatalogItems--searchItemsField"}]}
RESULT: undefined
COMMAND: POST /session/297431b9b55e935159c974fa74f723b8/execute/async - {"script":"<script> [776 bytes]","args":[{"enterText":"Webdriverztnwi","selector":{"id":"application-managecatalogs-display-component---masterCatalogItems--searchItemsField","interaction":{"idSuffix":"I"}},"clearTextFirst":true,"interactionType":"ENTER_TEXT"}]}
RESULT: {}
RESULT: {"script":"<script> [776 bytes]","args":[{"enterText":"Webdriverztnwi","selector":{"id":"application-managecatalogs-display-component---masterCatalogItems--searchItemsField","interaction":{"idSuffix":"I"}},"clearTextFirst":true,"interactionType":"ENTER_TEXT"}]}
COMMAND: POST /session/297431b9b55e935159c974fa74f723b8/actions - {"actions":[{"id":"action48","type":"key","parameters":{},"actions":[{"type":"keyDown","value":"î€‡"},{"type":"pause","duration":10},{"type":"keyUp","value":"î€‡"}]}]}
RESULT: {"actions":[{"id":"action48","type":"key","parameters":{},"actions":[{"type":"keyDown","value":"î€‡"},{"type":"pause","duration":10},{"type":"keyUp","value":"î€‡"}]}]}
COMMAND: POST /session/297431b9b55e935159c974fa74f723b8/element - {"using":"xpath","value":"(//span[contains(text(), \"Webdriverztnwi\")])[1]"}
COMMAND: GET /session/297431b9b55e935159c974fa74f723b8/screenshot - {}
RESULT: {"using":"xpath","value":"(//span[contains(text(), \"Webdriverztnwi\")])[1]"}
COMMAND: POST /session/297431b9b55e935159c974fa74f723b8/element/f.C07C1F5C83AA57D4527D3CB7EA58C4CE.d.45DF48C10829B05959EED5CF9C3F40F2.e.7790/click - {}
RESULT: {}
RESULT: {}
COMMAND: GET /session/297431b9b55e935159c974fa74f723b8/screenshot - {}
RESULT: {}
RESULT: undefined
COMMAND: POST /session/297431b9b55e935159c974fa74f723b8/element - {"using":"xpath","value":"//*[@id=\"__button86\"]"}
RESULT: {"using":"xpath","value":"//*[@id=\"__button86\"]"}
COMMAND: POST /session/297431b9b55e935159c974fa74f723b8/element/f.C07C1F5C83AA57D4527D3CB7EA58C4CE.d.45DF48C10829B05959EED5CF9C3F40F2.e.7858/click - {}
RESULT: {}
COMMAND: GET /session/297431b9b55e935159c974fa74f723b8/screenshot - {}
RESULT: {}
RESULT: undefined
COMMAND: POST /session/297431b9b55e935159c974fa74f723b8/element - {"using":"xpath","value":"//*[@id=\"__button94-img\"]"}
RESULT: {"using":"xpath","value":"//*[@id=\"__button94-img\"]"}
COMMAND: POST /session/297431b9b55e935159c974fa74f723b8/element/f.C07C1F5C83AA57D4527D3CB7EA58C4CE.d.45DF48C10829B05959EED5CF9C3F40F2.e.7874/click - {}
RESULT: {}
COMMAND: GET /session/297431b9b55e935159c974fa74f723b8/screenshot - {}
RESULT: {}
RESULT: undefined
COMMAND: POST /session/297431b9b55e935159c974fa74f723b8/execute/async - {"script":"<script> [776 bytes]","args":[{"enterText":"SecondSectionkd4m8","selector":{"id":"application-managecatalogs-display-component---detailCatalog--numberInput","searchOpenDialogs":true,"interaction":{"idSuffix":"inner"}},"clearTextFirst":true,"interactionType":"ENTER_TEXT"}]}
RESULT: {"script":"<script> [776 bytes]","args":[{"enterText":"SecondSectionkd4m8","selector":{"id":"application-managecatalogs-display-component---detailCatalog--numberInput","searchOpenDialogs":true,"interaction":{"idSuffix":"inner"}},"clearTextFirst":true,"interactionType":"ENTER_TEXT"}]}
COMMAND: POST /session/297431b9b55e935159c974fa74f723b8/element - {"using":"xpath","value":"//input[contains(@id ,\"application-managecatalogs-display-component---detailCatalog--nameInput-inner\")]"}
RESULT: {"using":"xpath","value":"//input[contains(@id ,\"application-managecatalogs-display-component---detailCatalog--nameInput-inner\")]"}
COMMAND: POST /session/297431b9b55e935159c974fa74f723b8/elements - {"using":"xpath","value":"//input[contains(@id ,\"application-managecatalogs-display-component---detailCatalog--nameInput-inner\")]"}
RESULT: {"using":"xpath","value":"//input[contains(@id ,\"application-managecatalogs-display-component---detailCatalog--nameInput-inner\")]"}
COMMAND: POST /session/297431b9b55e935159c974fa74f723b8/element/f.C07C1F5C83AA57D4527D3CB7EA58C4CE.d.45DF48C10829B05959EED5CF9C3F40F2.e.7878/clear - {}
RESULT: {}
COMMAND: POST /session/297431b9b55e935159c974fa74f723b8/element/f.C07C1F5C83AA57D4527D3CB7EA58C4CE.d.45DF48C10829B05959EED5CF9C3F40F2.e.7878/value - {"text":"webdriversecondkr7kw"}
COMMAND: GET /session/297431b9b55e935159c974fa74f723b8/screenshot - {}
RESULT: {"text":"webdriversecondkr7kw"}
RESULT: undefined
COMMAND: POST /session/297431b9b55e935159c974fa74f723b8/element - {"using":"xpath","value":"//*[@id=\"__button64\"]"}
COMMAND: GET /session/297431b9b55e935159c974fa74f723b8/screenshot - {}
RESULT: {}
RESULT: {"using":"xpath","value":"//*[@id=\"__button64\"]"}
COMMAND: POST /session/297431b9b55e935159c974fa74f723b8/element/f.C07C1F5C83AA57D4527D3CB7EA58C4CE.d.45DF48C10829B05959EED5CF9C3F40F2.e.7882/click - {}
RESULT: {}
RESULT: {}
COMMAND: GET /session/297431b9b55e935159c974fa74f723b8/screenshot - {}
RESULT: {}
COMMAND: POST /session/297431b9b55e935159c974fa74f723b8/element - {"using":"xpath","value":"//button[@title=\"Save\"]"}
RESULT: {"using":"xpath","value":"//button[@title=\"Save\"]"}
COMMAND: POST /session/297431b9b55e935159c974fa74f723b8/element/f.C07C1F5C83AA57D4527D3CB7EA58C4CE.d.45DF48C10829B05959EED5CF9C3F40F2.e.7862/click - {}
RESULT: {}
COMMAND: GET /session/297431b9b55e935159c974fa74f723b8/screenshot - {}
RESULT: {}
RESULT: undefined
COMMAND: POST /session/297431b9b55e935159c974fa74f723b8/element - {"using":"xpath","value":"//*[@id=\"__button89-img\"]"}
RESULT: {"using":"xpath","value":"//*[@id=\"__button89-img\"]"}
COMMAND: POST /session/297431b9b55e935159c974fa74f723b8/element/f.C07C1F5C83AA57D4527D3CB7EA58C4CE.d.45DF48C10829B05959EED5CF9C3F40F2.e.7887/click - {}
RESULT: {}
COMMAND: GET /session/297431b9b55e935159c974fa74f723b8/screenshot - {}
RESULT: {}
RESULT: undefined
COMMAND: POST /session/297431b9b55e935159c974fa74f723b8/element - {"using":"xpath","value":"//*[@id=\"__button62-img\"]"}
RESULT: {"using":"xpath","value":"//*[@id=\"__button62-img\"]"}
COMMAND: POST /session/297431b9b55e935159c974fa74f723b8/element/f.C07C1F5C83AA57D4527D3CB7EA58C4CE.d.45DF48C10829B05959EED5CF9C3F40F2.e.7921/click - {}
RESULT: {}
COMMAND: GET /session/297431b9b55e935159c974fa74f723b8/screenshot - {}
RESULT: {}
RESULT: undefined
COMMAND: POST /session/297431b9b55e935159c974fa74f723b8/execute/async - {"script":"<script> [776 bytes]","args":[{"enterText":"SecondSectionkd4m8","selector":{"id":"application-managecatalogs-display-component---masterCatalogItems--searchItemsField","interaction":{"idSuffix":"I"}},"clearTextFirst":true,"interactionType":"ENTER_TEXT"}]}
RESULT: {"script":"<script> [776 bytes]","args":[{"enterText":"SecondSectionkd4m8","selector":{"id":"application-managecatalogs-display-component---masterCatalogItems--searchItemsField","interaction":{"idSuffix":"I"}},"clearTextFirst":true,"interactionType":"ENTER_TEXT"}]}
COMMAND: POST /session/297431b9b55e935159c974fa74f723b8/actions - {"actions":[{"id":"action49","type":"key","parameters":{},"actions":[{"type":"keyDown","value":"î€‡"},{"type":"pause","duration":10},{"type":"keyUp","value":"î€‡"}]}]}
RESULT: {"actions":[{"id":"action49","type":"key","parameters":{},"actions":[{"type":"keyDown","value":"î€‡"},{"type":"pause","duration":10},{"type":"keyUp","value":"î€‡"}]}]}
COMMAND: POST /session/297431b9b55e935159c974fa74f723b8/element - {"using":"xpath","value":"(//span[contains(text(), \"SecondSectionkd4m8\")])[1]"}
COMMAND: GET /session/297431b9b55e935159c974fa74f723b8/screenshot - {}
RESULT: {"using":"xpath","value":"(//span[contains(text(), \"SecondSectionkd4m8\")])[1]"}
COMMAND: POST /session/297431b9b55e935159c974fa74f723b8/element/f.C07C1F5C83AA57D4527D3CB7EA58C4CE.d.45DF48C10829B05959EED5CF9C3F40F2.e.7924/click - {}
RESULT: {}
RESULT: {}
COMMAND: POST /session/297431b9b55e935159c974fa74f723b8/element - {"using":"xpath","value":"(//span[contains(text(), \"SecondSectionkd4m8\")])[1]"}
COMMAND: GET /session/297431b9b55e935159c974fa74f723b8/screenshot - {}
RESULT: {"using":"xpath","value":"(//span[contains(text(), \"SecondSectionkd4m8\")])[1]"}
COMMAND: GET /session/297431b9b55e935159c974fa74f723b8/element/f.C07C1F5C83AA57D4527D3CB7EA58C4CE.d.45DF48C10829B05959EED5CF9C3F40F2.e.7924/text - {}
RESULT: {}
COMMAND: POST /session/297431b9b55e935159c974fa74f723b8/element - {"using":"xpath","value":"(//span[contains(text(), \"SecondSectionkd4m8\")])[1]"}
RESULT: {"using":"xpath","value":"(//span[contains(text(), \"SecondSectionkd4m8\")])[1]"}
COMMAND: GET /session/297431b9b55e935159c974fa74f723b8/element/f.C07C1F5C83AA57D4527D3CB7EA58C4CE.d.45DF48C10829B05959EED5CF9C3F40F2.e.7924/text - {}
COMMAND: POST /session/297431b9b55e935159c974fa74f723b8/element - {"using":"xpath","value":"(//span[contains(text(), \"SecondSectionkd4m8\")])[1]"}
RESULT: {"using":"xpath","value":"(//span[contains(text(), \"SecondSectionkd4m8\")])[1]"}
COMMAND: GET /session/297431b9b55e935159c974fa74f723b8/element/f.C07C1F5C83AA57D4527D3CB7EA58C4CE.d.45DF48C10829B05959EED5CF9C3F40F2.e.7975/text - {}
RESULT: {}
COMMAND: POST /session/297431b9b55e935159c974fa74f723b8/refresh - {}
RESULT: {}
COMMAND: GET /session/297431b9b55e935159c974fa74f723b8/screenshot - {}
RESULT: {}
COMMAND: POST /session/297431b9b55e935159c974fa74f723b8/execute/async - {"script":"<script> [189 bytes]","args":[]}
RESULT: {"script":"<script> [189 bytes]","args":[]}
COMMAND: POST /session/297431b9b55e935159c974fa74f723b8/execute/async - {"script":"<script> [123 bytes]","args":[]}
RESULT: {"script":"<script> [123 bytes]","args":[]}
COMMAND: POST /session/297431b9b55e935159c974fa74f723b8/timeouts - {"script":"<number>"}
RESULT: {"script":"<number>"}
COMMAND: GET /session/297431b9b55e935159c974fa74f723b8/timeouts - {}
RESULT: {}
RESULT: undefined
COMMAND: POST /session/297431b9b55e935159c974fa74f723b8/execute/async - {"script":"<script> [2676 bytes]","args":[]}
RESULT: {"script":"<script> [2676 bytes]","args":[]}
COMMAND: POST /session/297431b9b55e935159c974fa74f723b8/execute/async - {"script":"<script> [2342 bytes]","args":[{"protocol":"http","hostname":"0.0.0.0","path":"/","capabilities":{"browserName":"chrome","goog:chromeOptions":{"binary":"C:\\Program Files\\Google\\Chrome\\Application\\chrome.exe","args":["--start-maximized"]}},"logLevel":"warn","connectionRetryTimeout":120000,"connectionRetryCount":3,"logLevels":{},"enableDirectConnect":true,"strictSSL":true,"_":"65 more keys: [\"cacheDir\",\"port\",\"requestedCapabilities\",\"automationProtocol\",\"baseUrl\",\"waitforInterval\",\"waitforTimeout\",\"onReload\",\"beforeCommand\",\"afterCommand\",\"rootDir\",\"specs\",\"suites\",\"exclude\",\"groupLogsByTestSpec\",\"excludeDriverLogs\",\"bail\",\"framework\",\"reporters\",\"services\",\"maxInstances\",\"maxInstancesPerCapability\",\"injectGlobals\",\"filesToWatch\",\"execArgv\",\"runnerEnv\",\"runner\",\"shard\",\"specFileRetries\",\"specFileRetriesDelay\",\"specFileRetriesDeferred\",\"reporterSyncInterval\",\"reporterSyncTimeout\",\"cucumberFeaturesWithLineNumbers\",\"autoCompileOpts\",\"mochaOpts\",\"jasmineOpts\",\"cucumberOpts\",\"onPrepare\",\"onWorkerStart\",\"onWorkerEnd\",\"before\",\"beforeSession\",\"beforeSuite\",\"beforeHook\",\"beforeTest\",\"afterTest\",\"afterHook\",\"afterSuite\",\"afterSession\",\"after\",\"onComplete\",\"beforeAssertion\",\"afterAssertion\",\"beforeFeature\",\"beforeScenario\",\"beforeStep\",\"afterStep\",\"afterScenario\",\"afterFeature\",\"_\",\"suite\",\"$0\",\"ignoredWorkerServices\",\"wdi5\"]"}]}
RESULT: {"script":"<script> [2342 bytes]","args":[{"protocol":"http","hostname":"0.0.0.0","path":"/","capabilities":{"browserName":"chrome","goog:chromeOptions":{"binary":"C:\\Program Files\\Google\\Chrome\\Application\\chrome.exe","args":["--start-maximized"]}},"logLevel":"warn","connectionRetryTimeout":120000,"connectionRetryCount":3,"logLevels":{},"enableDirectConnect":true,"strictSSL":true,"_":"65 more keys: [\"cacheDir\",\"port\",\"requestedCapabilities\",\"automationProtocol\",\"baseUrl\",\"waitforInterval\",\"waitforTimeout\",\"onReload\",\"beforeCommand\",\"afterCommand\",\"rootDir\",\"specs\",\"suites\",\"exclude\",\"groupLogsByTestSpec\",\"excludeDriverLogs\",\"bail\",\"framework\",\"reporters\",\"services\",\"maxInstances\",\"maxInstancesPerCapability\",\"injectGlobals\",\"filesToWatch\",\"execArgv\",\"runnerEnv\",\"runner\",\"shard\",\"specFileRetries\",\"specFileRetriesDelay\",\"specFileRetriesDeferred\",\"reporterSyncInterval\",\"reporterSyncTimeout\",\"cucumberFeaturesWithLineNumbers\",\"autoCompileOpts\",\"mochaOpts\",\"jasmineOpts\",\"cucumberOpts\",\"onPrepare\",\"onWorkerStart\",\"onWorkerEnd\",\"before\",\"beforeSession\",\"beforeSuite\",\"beforeHook\",\"beforeTest\",\"afterTest\",\"afterHook\",\"afterSuite\",\"afterSession\",\"after\",\"onComplete\",\"beforeAssertion\",\"afterAssertion\",\"beforeFeature\",\"beforeScenario\",\"beforeStep\",\"afterStep\",\"afterScenario\",\"afterFeature\",\"_\",\"suite\",\"$0\",\"ignoredWorkerServices\",\"wdi5\"]"}]}
COMMAND: POST /session/297431b9b55e935159c974fa74f723b8/execute/async - {"script":"<script> [21126 bytes]","args":[35000]}
RESULT: {"script":"<script> [21126 bytes]","args":[35000]}
COMMAND: POST /session/297431b9b55e935159c974fa74f723b8/execute/async - {"script":"<script> [1562 bytes]","args":[{"selector":{"controlType":"sap.m.Button","viewName":"etm.portal.ui.managecatalogs.view.Detail","viewId":"application-managecatalogs-display-component---detailCatalog","i18NText":{"propertyName":"text","key":"edit"},"interaction":{"idSuffix":"BDI-content"}},"wdio_ui5_key":"etmportal.ui.managecatalogs.view.Detailsap.m.Button{\"propertyName\":\"text\",\"key\":\"edit\"}"}]}
RESULT: {"script":"<script> [1562 bytes]","args":[{"selector":{"controlType":"sap.m.Button","viewName":"etm.portal.ui.managecatalogs.view.Detail","viewId":"application-managecatalogs-display-component---detailCatalog","i18NText":{"propertyName":"text","key":"edit"},"interaction":{"idSuffix":"BDI-content"}},"wdio_ui5_key":"etmportal.ui.managecatalogs.view.Detailsap.m.Button{\"propertyName\":\"text\",\"key\":\"edit\"}"}]}
RESULT: undefined
COMMAND: POST /session/297431b9b55e935159c974fa74f723b8/element - {"using":"xpath","value":"//*[@id=\"__button25\"]"}
RESULT: {"using":"xpath","value":"//*[@id=\"__button25\"]"}
COMMAND: POST /session/297431b9b55e935159c974fa74f723b8/element/f.C07C1F5C83AA57D4527D3CB7EA58C4CE.d.EBCA7E5CBFDB99134C2D0EAAAEF87090.e.8035/click - {}
RESULT: {}
COMMAND: POST /session/297431b9b55e935159c974fa74f723b8/execute/async - {"script":"<script> [1562 bytes]","args":[{"selector":{"controlType":"sap.ui.core.Icon","viewName":"etm.portal.ui.managecatalogs.view.Detail","viewId":"application-managecatalogs-display-component---detailCatalog","properties":{"src":{"regex":{"source":"add\\-document"}}}},"wdio_ui5_key":"etmportal.ui.managecatalogs.view.Detailsap.ui.core.Icon{\"src\":{\"regex\":{\"source\":\"add\\\\-document\"}}}"}]}
COMMAND: GET /session/297431b9b55e935159c974fa74f723b8/screenshot - {}
RESULT: {"script":"<script> [1562 bytes]","args":[{"selector":{"controlType":"sap.ui.core.Icon","viewName":"etm.portal.ui.managecatalogs.view.Detail","viewId":"application-managecatalogs-display-component---detailCatalog","properties":{"src":{"regex":{"source":"add\\-document"}}}},"wdio_ui5_key":"etmportal.ui.managecatalogs.view.Detailsap.ui.core.Icon{\"src\":{\"regex\":{\"source\":\"add\\\\-document\"}}}"}]}
RESULT: undefined
COMMAND: POST /session/297431b9b55e935159c974fa74f723b8/element - {"using":"xpath","value":"//*[@id=\"__button34-img\"]"}
RESULT: {}
RESULT: {"using":"xpath","value":"//*[@id=\"__button34-img\"]"}
COMMAND: POST /session/297431b9b55e935159c974fa74f723b8/element/f.C07C1F5C83AA57D4527D3CB7EA58C4CE.d.EBCA7E5CBFDB99134C2D0EAAAEF87090.e.8040/click - {}
RESULT: {}
COMMAND: POST /session/297431b9b55e935159c974fa74f723b8/execute/async - {"script":"<script> [1562 bytes]","args":[{"selector":{"id":"application-managecatalogs-display-component---detailCatalog--newItemNumberInput","searchOpenDialogs":true,"interaction":{"idSuffix":"inner"}},"wdio_ui5_key":"applicationmanagecatalogs-display-component---detailCatalog--newItemNumberInput"}]}
COMMAND: GET /session/297431b9b55e935159c974fa74f723b8/screenshot - {}
RESULT: {"script":"<script> [1562 bytes]","args":[{"selector":{"id":"application-managecatalogs-display-component---detailCatalog--newItemNumberInput","searchOpenDialogs":true,"interaction":{"idSuffix":"inner"}},"wdio_ui5_key":"applicationmanagecatalogs-display-component---detailCatalog--newItemNumberInput"}]}
RESULT: undefined
COMMAND: POST /session/297431b9b55e935159c974fa74f723b8/execute/async - {"script":"<script> [776 bytes]","args":[{"enterText":"catalogItemecwvo","selector":{"id":"application-managecatalogs-display-component---detailCatalog--newItemNumberInput","searchOpenDialogs":true,"interaction":{"idSuffix":"inner"}},"clearTextFirst":true,"interactionType":"ENTER_TEXT"}]}
RESULT: {}
RESULT: {"script":"<script> [776 bytes]","args":[{"enterText":"catalogItemecwvo","selector":{"id":"application-managecatalogs-display-component---detailCatalog--newItemNumberInput","searchOpenDialogs":true,"interaction":{"idSuffix":"inner"}},"clearTextFirst":true,"interactionType":"ENTER_TEXT"}]}
COMMAND: POST /session/297431b9b55e935159c974fa74f723b8/execute/async - {"script":"<script> [1562 bytes]","args":[{"selector":{"controlType":"sap.m.Input","viewName":"etm.portal.ui.managecatalogs.view.Detail","viewId":"application-managecatalogs-display-component---detailCatalog","bindingPath":{"path":"","propertyPath":"/DESCRIPTION"},"searchOpenDialogs":true,"interaction":{"idSuffix":"inner"}},"wdio_ui5_key":"etmportal.ui.managecatalogs.view.Detailsap.m.Input{\"path\":\"\",\"propertyPath\":\"/DESCRIPTION\"}"}]}
RESULT: {"script":"<script> [1562 bytes]","args":[{"selector":{"controlType":"sap.m.Input","viewName":"etm.portal.ui.managecatalogs.view.Detail","viewId":"application-managecatalogs-display-component---detailCatalog","bindingPath":{"path":"","propertyPath":"/DESCRIPTION"},"searchOpenDialogs":true,"interaction":{"idSuffix":"inner"}},"wdio_ui5_key":"etmportal.ui.managecatalogs.view.Detailsap.m.Input{\"path\":\"\",\"propertyPath\":\"/DESCRIPTION\"}"}]}
RESULT: undefined
COMMAND: POST /session/297431b9b55e935159c974fa74f723b8/execute/async - {"script":"<script> [776 bytes]","args":[{"enterText":"catalogItemNamecx2wf","selector":{"controlType":"sap.m.Input","viewName":"etm.portal.ui.managecatalogs.view.Detail","viewId":"application-managecatalogs-display-component---detailCatalog","bindingPath":{"path":"","propertyPath":"/DESCRIPTION"},"searchOpenDialogs":true,"interaction":{"idSuffix":"inner"}},"clearTextFirst":true,"interactionType":"ENTER_TEXT"}]}
RESULT: {"script":"<script> [776 bytes]","args":[{"enterText":"catalogItemNamecx2wf","selector":{"controlType":"sap.m.Input","viewName":"etm.portal.ui.managecatalogs.view.Detail","viewId":"application-managecatalogs-display-component---detailCatalog","bindingPath":{"path":"","propertyPath":"/DESCRIPTION"},"searchOpenDialogs":true,"interaction":{"idSuffix":"inner"}},"clearTextFirst":true,"interactionType":"ENTER_TEXT"}]}
COMMAND: POST /session/297431b9b55e935159c974fa74f723b8/execute/async - {"script":"<script> [1562 bytes]","args":[{"selector":{"controlType":"sap.m.Button","viewName":"etm.portal.ui.managecatalogs.view.Detail","viewId":"application-managecatalogs-display-component---detailCatalog","i18NText":{"propertyName":"text","key":"create"},"searchOpenDialogs":true,"interaction":{"idSuffix":"BDI-content"}},"wdio_ui5_key":"etmportal.ui.managecatalogs.view.Detailsap.m.Button{\"propertyName\":\"text\",\"key\":\"create\"}"}]}
RESULT: {"script":"<script> [1562 bytes]","args":[{"selector":{"controlType":"sap.m.Button","viewName":"etm.portal.ui.managecatalogs.view.Detail","viewId":"application-managecatalogs-display-component---detailCatalog","i18NText":{"propertyName":"text","key":"create"},"searchOpenDialogs":true,"interaction":{"idSuffix":"BDI-content"}},"wdio_ui5_key":"etmportal.ui.managecatalogs.view.Detailsap.m.Button{\"propertyName\":\"text\",\"key\":\"create\"}"}]}
RESULT: undefined
COMMAND: POST /session/297431b9b55e935159c974fa74f723b8/element - {"using":"xpath","value":"//*[@id=\"__button9\"]"}
RESULT: {"using":"xpath","value":"//*[@id=\"__button9\"]"}
COMMAND: POST /session/297431b9b55e935159c974fa74f723b8/element/f.C07C1F5C83AA57D4527D3CB7EA58C4CE.d.EBCA7E5CBFDB99134C2D0EAAAEF87090.e.8049/click - {}
RESULT: {}
COMMAND: GET /session/297431b9b55e935159c974fa74f723b8/screenshot - {}
RESULT: {}
COMMAND: POST /session/297431b9b55e935159c974fa74f723b8/element - {"using":"xpath","value":"//button[@title=\"Save\"]"}
RESULT: {"using":"xpath","value":"//button[@title=\"Save\"]"}
COMMAND: POST /session/297431b9b55e935159c974fa74f723b8/element/f.C07C1F5C83AA57D4527D3CB7EA58C4CE.d.EBCA7E5CBFDB99134C2D0EAAAEF87090.e.8050/click - {}
RESULT: {}
COMMAND: GET /session/297431b9b55e935159c974fa74f723b8/screenshot - {}
RESULT: {}
COMMAND: POST /session/297431b9b55e935159c974fa74f723b8/execute/async - {"script":"<script> [1562 bytes]","args":[{"selector":{"controlType":"sap.ui.core.Icon","viewName":"etm.portal.ui.managecatalogs.view.Detail","viewId":"application-managecatalogs-display-component---detailCatalog","properties":{"src":{"regex":{"source":"decline"}}}},"wdio_ui5_key":"etmportal.ui.managecatalogs.view.Detailsap.ui.core.Icon{\"src\":{\"regex\":{\"source\":\"decline\"}}}"}]}
RESULT: {"script":"<script> [1562 bytes]","args":[{"selector":{"controlType":"sap.ui.core.Icon","viewName":"etm.portal.ui.managecatalogs.view.Detail","viewId":"application-managecatalogs-display-component---detailCatalog","properties":{"src":{"regex":{"source":"decline"}}}},"wdio_ui5_key":"etmportal.ui.managecatalogs.view.Detailsap.ui.core.Icon{\"src\":{\"regex\":{\"source\":\"decline\"}}}"}]}
RESULT: undefined
COMMAND: POST /session/297431b9b55e935159c974fa74f723b8/element - {"using":"xpath","value":"//*[@id=\"__button28-img\"]"}
RESULT: {"using":"xpath","value":"//*[@id=\"__button28-img\"]"}
COMMAND: POST /session/297431b9b55e935159c974fa74f723b8/element/f.C07C1F5C83AA57D4527D3CB7EA58C4CE.d.EBCA7E5CBFDB99134C2D0EAAAEF87090.e.8054/click - {}
RESULT: {}
COMMAND: GET /session/297431b9b55e935159c974fa74f723b8/screenshot - {}
RESULT: {}
COMMAND: POST /session/297431b9b55e935159c974fa74f723b8/execute/async - {"script":"<script> [1562 bytes]","args":[{"selector":{"controlType":"sap.ui.core.Icon","viewName":"etm.portal.ui.managecatalogs.view.MasterItems","viewId":"application-managecatalogs-display-component---masterCatalogItems","properties":{"src":{"regex":{"source":"refresh"}}}},"wdio_ui5_key":"etmportal.ui.managecatalogs.view.MasterItemssap.ui.core.Icon{\"src\":{\"regex\":{\"source\":\"refresh\"}}}"}]}
RESULT: {"script":"<script> [1562 bytes]","args":[{"selector":{"controlType":"sap.ui.core.Icon","viewName":"etm.portal.ui.managecatalogs.view.MasterItems","viewId":"application-managecatalogs-display-component---masterCatalogItems","properties":{"src":{"regex":{"source":"refresh"}}}},"wdio_ui5_key":"etmportal.ui.managecatalogs.view.MasterItemssap.ui.core.Icon{\"src\":{\"regex\":{\"source\":\"refresh\"}}}"}]}
RESULT: undefined
COMMAND: POST /session/297431b9b55e935159c974fa74f723b8/element - {"using":"xpath","value":"//*[@id=\"__button1-img\"]"}
RESULT: {"using":"xpath","value":"//*[@id=\"__button1-img\"]"}
COMMAND: POST /session/297431b9b55e935159c974fa74f723b8/element/f.C07C1F5C83AA57D4527D3CB7EA58C4CE.d.EBCA7E5CBFDB99134C2D0EAAAEF87090.e.8061/click - {}
RESULT: {}
COMMAND: GET /session/297431b9b55e935159c974fa74f723b8/screenshot - {}
RESULT: {}
COMMAND: POST /session/297431b9b55e935159c974fa74f723b8/execute/async - {"script":"<script> [1562 bytes]","args":[{"selector":{"id":"application-managecatalogs-display-component---masterCatalogItems--searchItemsField","interaction":{"idSuffix":"I"}},"wdio_ui5_key":"applicationmanagecatalogs-display-component---masterCatalogItems--searchItemsField"}]}
RESULT: {"script":"<script> [1562 bytes]","args":[{"selector":{"id":"application-managecatalogs-display-component---masterCatalogItems--searchItemsField","interaction":{"idSuffix":"I"}},"wdio_ui5_key":"applicationmanagecatalogs-display-component---masterCatalogItems--searchItemsField"}]}
RESULT: undefined
COMMAND: POST /session/297431b9b55e935159c974fa74f723b8/execute/async - {"script":"<script> [776 bytes]","args":[{"enterText":"catalogItemNamecx2wf","selector":{"id":"application-managecatalogs-display-component---masterCatalogItems--searchItemsField","interaction":{"idSuffix":"I"}},"clearTextFirst":true,"interactionType":"ENTER_TEXT"}]}
RESULT: {"script":"<script> [776 bytes]","args":[{"enterText":"catalogItemNamecx2wf","selector":{"id":"application-managecatalogs-display-component---masterCatalogItems--searchItemsField","interaction":{"idSuffix":"I"}},"clearTextFirst":true,"interactionType":"ENTER_TEXT"}]}
COMMAND: POST /session/297431b9b55e935159c974fa74f723b8/actions - {"actions":[{"id":"action50","type":"key","parameters":{},"actions":[{"type":"keyDown","value":"î€‡"},{"type":"pause","duration":10},{"type":"keyUp","value":"î€‡"}]}]}
RESULT: {"actions":[{"id":"action50","type":"key","parameters":{},"actions":[{"type":"keyDown","value":"î€‡"},{"type":"pause","duration":10},{"type":"keyUp","value":"î€‡"}]}]}
COMMAND: POST /session/297431b9b55e935159c974fa74f723b8/element - {"using":"xpath","value":"(//span[contains(text(), \"catalogItemNamecx2wf\")])[1]"}
COMMAND: GET /session/297431b9b55e935159c974fa74f723b8/screenshot - {}
RESULT: {"using":"xpath","value":"(//span[contains(text(), \"catalogItemNamecx2wf\")])[1]"}
COMMAND: POST /session/297431b9b55e935159c974fa74f723b8/element/f.C07C1F5C83AA57D4527D3CB7EA58C4CE.d.EBCA7E5CBFDB99134C2D0EAAAEF87090.e.8100/click - {}
RESULT: {}
RESULT: {}
COMMAND: GET /session/297431b9b55e935159c974fa74f723b8/screenshot - {}
RESULT: {}
COMMAND: POST /session/297431b9b55e935159c974fa74f723b8/element - {"using":"xpath","value":"//span[contains(text(), \"catalogItemecwvo\")]"}
RESULT: {"using":"xpath","value":"//span[contains(text(), \"catalogItemecwvo\")]"}
COMMAND: GET /session/297431b9b55e935159c974fa74f723b8/element/f.C07C1F5C83AA57D4527D3CB7EA58C4CE.d.EBCA7E5CBFDB99134C2D0EAAAEF87090.e.8155/text - {}
RESULT: {}
]]></system-out>
    </testcase>
    <testcase classname="chrome.136_0_7103_93.windows.Manage_requests_-_requests_specifications_US141095" name="Should add the classification to the catalog item" time="37.113">
      <system-out><![CDATA[
RESULT: undefined
COMMAND: POST /session/297431b9b55e935159c974fa74f723b8/element - {"using":"xpath","value":"//*[@id=\"__button25\"]"}
RESULT: {"using":"xpath","value":"//*[@id=\"__button25\"]"}
COMMAND: POST /session/297431b9b55e935159c974fa74f723b8/element/f.C07C1F5C83AA57D4527D3CB7EA58C4CE.d.EBCA7E5CBFDB99134C2D0EAAAEF87090.e.8163/click - {}
RESULT: {}
COMMAND: GET /session/297431b9b55e935159c974fa74f723b8/screenshot - {}
RESULT: {}
COMMAND: POST /session/297431b9b55e935159c974fa74f723b8/execute/async - {"script":"<script> [1562 bytes]","args":[{"selector":{"id":"application-managecatalogs-display-component---detailCatalog--BASE_UNIT_OF_MEASURE-arrow"},"wdio_ui5_key":"applicationmanagecatalogs-display-component---detailCatalog--BASE_UNIT_OF_MEASURE-arrow"}]}
RESULT: {"script":"<script> [1562 bytes]","args":[{"selector":{"id":"application-managecatalogs-display-component---detailCatalog--BASE_UNIT_OF_MEASURE-arrow"},"wdio_ui5_key":"applicationmanagecatalogs-display-component---detailCatalog--BASE_UNIT_OF_MEASURE-arrow"}]}
RESULT: undefined
COMMAND: POST /session/297431b9b55e935159c974fa74f723b8/element - {"using":"xpath","value":"//*[@id=\"application-managecatalogs-display-component---detailCatalog--BASE_UNIT_OF_MEASURE-arrow\"]"}
RESULT: {"using":"xpath","value":"//*[@id=\"application-managecatalogs-display-component---detailCatalog--BASE_UNIT_OF_MEASURE-arrow\"]"}
COMMAND: POST /session/297431b9b55e935159c974fa74f723b8/element/f.C07C1F5C83AA57D4527D3CB7EA58C4CE.d.EBCA7E5CBFDB99134C2D0EAAAEF87090.e.8192/click - {}
RESULT: {}
COMMAND: POST /session/297431b9b55e935159c974fa74f723b8/execute/async - {"script":"<script> [1562 bytes]","args":[{"selector":{"controlType":"sap.m.StandardListItem","viewName":"etm.portal.ui.managecatalogs.view.Detail","viewId":"application-managecatalogs-display-component---detailCatalog","properties":{"title":"Piece"},"searchOpenDialogs":true,"interaction":{"idSuffix":"titleText"}},"wdio_ui5_key":"etmportal.ui.managecatalogs.view.Detailsap.m.StandardListItem{\"title\":\"Piece\"}"}]}
COMMAND: GET /session/297431b9b55e935159c974fa74f723b8/screenshot - {}
RESULT: {"script":"<script> [1562 bytes]","args":[{"selector":{"controlType":"sap.m.StandardListItem","viewName":"etm.portal.ui.managecatalogs.view.Detail","viewId":"application-managecatalogs-display-component---detailCatalog","properties":{"title":"Piece"},"searchOpenDialogs":true,"interaction":{"idSuffix":"titleText"}},"wdio_ui5_key":"etmportal.ui.managecatalogs.view.Detailsap.m.StandardListItem{\"title\":\"Piece\"}"}]}
RESULT: undefined
COMMAND: POST /session/297431b9b55e935159c974fa74f723b8/element - {"using":"xpath","value":"//*[@id=\"__item225\"]"}
RESULT: {}
RESULT: {"using":"xpath","value":"//*[@id=\"__item225\"]"}
COMMAND: POST /session/297431b9b55e935159c974fa74f723b8/element/f.C07C1F5C83AA57D4527D3CB7EA58C4CE.d.EBCA7E5CBFDB99134C2D0EAAAEF87090.e.8194/click - {}
RESULT: {}
COMMAND: POST /session/297431b9b55e935159c974fa74f723b8/element - {"using":"xpath","value":"//button[contains(@data-kt ,\"ClassificationAddClassButton\")]"}
COMMAND: GET /session/297431b9b55e935159c974fa74f723b8/screenshot - {}
RESULT: {"using":"xpath","value":"//button[contains(@data-kt ,\"ClassificationAddClassButton\")]"}
COMMAND: POST /session/297431b9b55e935159c974fa74f723b8/element/f.C07C1F5C83AA57D4527D3CB7EA58C4CE.d.EBCA7E5CBFDB99134C2D0EAAAEF87090.e.8195/click - {}
RESULT: {}
RESULT: {}
COMMAND: GET /session/297431b9b55e935159c974fa74f723b8/screenshot - {}
RESULT: {}
COMMAND: POST /session/297431b9b55e935159c974fa74f723b8/element - {"using":"xpath","value":"//input[contains(@id ,\"searchField-I\")]"}
RESULT: {"using":"xpath","value":"//input[contains(@id ,\"searchField-I\")]"}
COMMAND: POST /session/297431b9b55e935159c974fa74f723b8/element/f.C07C1F5C83AA57D4527D3CB7EA58C4CE.d.EBCA7E5CBFDB99134C2D0EAAAEF87090.e.8198/value - {"text":"WebdriverItemClassdqubo"}
RESULT: {"text":"WebdriverItemClassdqubo"}
COMMAND: POST /session/297431b9b55e935159c974fa74f723b8/actions - {"actions":[{"id":"action51","type":"key","parameters":{},"actions":[{"type":"keyDown","value":"î€‡"},{"type":"pause","duration":10},{"type":"keyUp","value":"î€‡"}]}]}
COMMAND: GET /session/297431b9b55e935159c974fa74f723b8/screenshot - {}
RESULT: {"actions":[{"id":"action51","type":"key","parameters":{},"actions":[{"type":"keyDown","value":"î€‡"},{"type":"pause","duration":10},{"type":"keyUp","value":"î€‡"}]}]}
COMMAND: GET /session/297431b9b55e935159c974fa74f723b8/screenshot - {}
RESULT: {}
RESULT: {}
COMMAND: POST /session/297431b9b55e935159c974fa74f723b8/element - {"using":"xpath","value":"//span[contains(text(), \"WebdriverItemClassdqubo\")]"}
RESULT: {"using":"xpath","value":"//span[contains(text(), \"WebdriverItemClassdqubo\")]"}
COMMAND: POST /session/297431b9b55e935159c974fa74f723b8/element/f.C07C1F5C83AA57D4527D3CB7EA58C4CE.d.EBCA7E5CBFDB99134C2D0EAAAEF87090.e.8214/click - {}
RESULT: {}
COMMAND: GET /session/297431b9b55e935159c974fa74f723b8/screenshot - {}
RESULT: {}
COMMAND: POST /session/297431b9b55e935159c974fa74f723b8/execute/async - {"script":"<script> [1562 bytes]","args":[{"selector":{"controlType":"sap.m.Button","viewName":"etm.portal.ui.managecatalogs.view.Detail","viewId":"application-managecatalogs-display-component---detailCatalog","properties":{"text":"Classification"},"interaction":{"idSuffix":"BDI-content"}},"wdio_ui5_key":"etmportal.ui.managecatalogs.view.Detailsap.m.Button{\"text\":\"Classification\"}"}]}
RESULT: {"script":"<script> [1562 bytes]","args":[{"selector":{"controlType":"sap.m.Button","viewName":"etm.portal.ui.managecatalogs.view.Detail","viewId":"application-managecatalogs-display-component---detailCatalog","properties":{"text":"Classification"},"interaction":{"idSuffix":"BDI-content"}},"wdio_ui5_key":"etmportal.ui.managecatalogs.view.Detailsap.m.Button{\"text\":\"Classification\"}"}]}
RESULT: undefined
COMMAND: POST /session/297431b9b55e935159c974fa74f723b8/element - {"using":"xpath","value":"//*[@id=\"application-managecatalogs-display-component---detailCatalog--ObjectPageLayout-anchBar-__section3-anchor\"]"}
RESULT: {"using":"xpath","value":"//*[@id=\"application-managecatalogs-display-component---detailCatalog--ObjectPageLayout-anchBar-__section3-anchor\"]"}
COMMAND: POST /session/297431b9b55e935159c974fa74f723b8/element/f.C07C1F5C83AA57D4527D3CB7EA58C4CE.d.EBCA7E5CBFDB99134C2D0EAAAEF87090.e.8219/click - {}
RESULT: {}
COMMAND: POST /session/297431b9b55e935159c974fa74f723b8/execute/async - {"script":"<script> [1562 bytes]","args":[{"selector":{"controlType":"sap.ui.core.Icon","viewName":"etm.portal.ui.managecatalogs.view.Detail","viewId":"application-managecatalogs-display-component---detailCatalog","properties":{"src":{"regex":{"source":"slim\\-arrow\\-right"}}},"ancestor":{"controlType":"sap.m.Panel","viewName":"etm.portal.ui.managecatalogs.view.Detail","viewId":"application-managecatalogs-display-component---detailCatalog"}},"wdio_ui5_key":"etmportal.ui.managecatalogs.view.Detailsap.ui.core.Icon{\"src\":{\"regex\":{\"source\":\"slim\\\\-arrow\\\\-right\"}}}{\"controlType\":\"sap.m.Panel\",\"viewName\":\"etm.portal.ui.managecatalogs.view.Detail\",\"viewId\":\"application-managecatalogs-display-component---detailCatalog\"}"}]}
COMMAND: GET /session/297431b9b55e935159c974fa74f723b8/screenshot - {}
RESULT: {"script":"<script> [1562 bytes]","args":[{"selector":{"controlType":"sap.ui.core.Icon","viewName":"etm.portal.ui.managecatalogs.view.Detail","viewId":"application-managecatalogs-display-component---detailCatalog","properties":{"src":{"regex":{"source":"slim\\-arrow\\-right"}}},"ancestor":{"controlType":"sap.m.Panel","viewName":"etm.portal.ui.managecatalogs.view.Detail","viewId":"application-managecatalogs-display-component---detailCatalog"}},"wdio_ui5_key":"etmportal.ui.managecatalogs.view.Detailsap.ui.core.Icon{\"src\":{\"regex\":{\"source\":\"slim\\\\-arrow\\\\-right\"}}}{\"controlType\":\"sap.m.Panel\",\"viewName\":\"etm.portal.ui.managecatalogs.view.Detail\",\"viewId\":\"application-managecatalogs-display-component---detailCatalog\"}"}]}
RESULT: undefined
COMMAND: POST /session/297431b9b55e935159c974fa74f723b8/element - {"using":"xpath","value":"//*[@id=\"__panel0-__layout17-0-expandButton-img\"]"}
RESULT: {}
RESULT: {"using":"xpath","value":"//*[@id=\"__panel0-__layout17-0-expandButton-img\"]"}
COMMAND: POST /session/297431b9b55e935159c974fa74f723b8/element/f.C07C1F5C83AA57D4527D3CB7EA58C4CE.d.EBCA7E5CBFDB99134C2D0EAAAEF87090.e.8225/click - {}
RESULT: {}
COMMAND: POST /session/297431b9b55e935159c974fa74f723b8/execute/async - {"script":"<script> [1562 bytes]","args":[{"selector":{"controlType":"sap.ui.core.Icon","viewName":"etm.portal.ui.managecatalogs.view.Detail","viewId":"application-managecatalogs-display-component---detailCatalog","properties":{"src":{"regex":{"source":"slim\\-arrow\\-down"}}},"ancestor":{"controlType":"sap.m.ColumnListItem","viewName":"etm.portal.ui.managecatalogs.view.Detail","viewId":"application-managecatalogs-display-component---detailCatalog","bindingPath":{"modelName":"classModel","path":"/data/0/PROPERTIES/0"},"ancestor":{"controlType":"sap.m.Table","viewName":"etm.portal.ui.managecatalogs.view.Detail","viewId":"application-managecatalogs-display-component---detailCatalog","bindingPath":{"path":"/data/0","propertyPath":"PROPERTIES","modelName":"classModel"}}}},"wdio_ui5_key":"etmportal.ui.managecatalogs.view.Detailsap.ui.core.Icon{\"src\":{\"regex\":{\"source\":\"slim\\\\-arrow\\\\-down\"}}}{\"controlType\":\"sap.m.ColumnListItem\",\"viewName\":\"etm.portal.ui.managecatalogs.view.Detail\",\"viewId\":\"application-managecatalogs-display-component---detailCatalog\",\"bindingPath\":{\"modelName\":\"classModel\",\"path\":\"/data/0/PROPERTIES/0\"},\"ancestor\":{\"controlType\":\"sap.m.Table\",\"viewName\":\"etm.portal.ui.managecatalogs.view.Detail\",\"viewId\":\"application-managecatalogs-display-component---detailCatalog\",\"bindingPath\":{\"path\":\"/data/0\",\"propertyPath\":\"PROPERTIES\",\"modelName\":\"classModel\"}}}"}]}
COMMAND: GET /session/297431b9b55e935159c974fa74f723b8/screenshot - {}
RESULT: {"script":"<script> [1562 bytes]","args":[{"selector":{"controlType":"sap.ui.core.Icon","viewName":"etm.portal.ui.managecatalogs.view.Detail","viewId":"application-managecatalogs-display-component---detailCatalog","properties":{"src":{"regex":{"source":"slim\\-arrow\\-down"}}},"ancestor":{"controlType":"sap.m.ColumnListItem","viewName":"etm.portal.ui.managecatalogs.view.Detail","viewId":"application-managecatalogs-display-component---detailCatalog","bindingPath":{"modelName":"classModel","path":"/data/0/PROPERTIES/0"},"ancestor":{"controlType":"sap.m.Table","viewName":"etm.portal.ui.managecatalogs.view.Detail","viewId":"application-managecatalogs-display-component---detailCatalog","bindingPath":{"path":"/data/0","propertyPath":"PROPERTIES","modelName":"classModel"}}}},"wdio_ui5_key":"etmportal.ui.managecatalogs.view.Detailsap.ui.core.Icon{\"src\":{\"regex\":{\"source\":\"slim\\\\-arrow\\\\-down\"}}}{\"controlType\":\"sap.m.ColumnListItem\",\"viewName\":\"etm.portal.ui.managecatalogs.view.Detail\",\"viewId\":\"application-managecatalogs-display-component---detailCatalog\",\"bindingPath\":{\"modelName\":\"classModel\",\"path\":\"/data/0/PROPERTIES/0\"},\"ancestor\":{\"controlType\":\"sap.m.Table\",\"viewName\":\"etm.portal.ui.managecatalogs.view.Detail\",\"viewId\":\"application-managecatalogs-display-component---detailCatalog\",\"bindingPath\":{\"path\":\"/data/0\",\"propertyPath\":\"PROPERTIES\",\"modelName\":\"classModel\"}}}"}]}
RESULT: undefined
COMMAND: POST /session/297431b9b55e935159c974fa74f723b8/element - {"using":"xpath","value":"//*[@id=\"__box31-arrow\"]"}
RESULT: {}
RESULT: {"using":"xpath","value":"//*[@id=\"__box31-arrow\"]"}
COMMAND: POST /session/297431b9b55e935159c974fa74f723b8/element/f.C07C1F5C83AA57D4527D3CB7EA58C4CE.d.EBCA7E5CBFDB99134C2D0EAAAEF87090.e.8238/click - {}
RESULT: {}
COMMAND: POST /session/297431b9b55e935159c974fa74f723b8/execute/async - {"script":"<script> [1562 bytes]","args":[{"selector":{"controlType":"sap.m.StandardListItem","viewName":"etm.portal.ui.managecatalogs.view.Detail","viewId":"application-managecatalogs-display-component---detailCatalog","properties":{"title":"red"},"searchOpenDialogs":true,"interaction":{"idSuffix":"content"}},"wdio_ui5_key":"etmportal.ui.managecatalogs.view.Detailsap.m.StandardListItem{\"title\":\"red\"}"}]}
COMMAND: GET /session/297431b9b55e935159c974fa74f723b8/screenshot - {}
RESULT: {"script":"<script> [1562 bytes]","args":[{"selector":{"controlType":"sap.m.StandardListItem","viewName":"etm.portal.ui.managecatalogs.view.Detail","viewId":"application-managecatalogs-display-component---detailCatalog","properties":{"title":"red"},"searchOpenDialogs":true,"interaction":{"idSuffix":"content"}},"wdio_ui5_key":"etmportal.ui.managecatalogs.view.Detailsap.m.StandardListItem{\"title\":\"red\"}"}]}
RESULT: undefined
COMMAND: POST /session/297431b9b55e935159c974fa74f723b8/element - {"using":"xpath","value":"//*[@id=\"__item233\"]"}
RESULT: {}
RESULT: {"using":"xpath","value":"//*[@id=\"__item233\"]"}
COMMAND: POST /session/297431b9b55e935159c974fa74f723b8/element/f.C07C1F5C83AA57D4527D3CB7EA58C4CE.d.EBCA7E5CBFDB99134C2D0EAAAEF87090.e.8241/click - {}
RESULT: {}
COMMAND: GET /session/297431b9b55e935159c974fa74f723b8/screenshot - {}
RESULT: {}
COMMAND: POST /session/297431b9b55e935159c974fa74f723b8/execute/async - {"script":"<script> [1562 bytes]","args":[{"selector":{"controlType":"sap.m.Button","viewName":"etm.portal.ui.managecatalogs.view.Detail","viewId":"application-managecatalogs-display-component---detailCatalog","i18NText":{"propertyName":"text","key":"save"},"interaction":{"idSuffix":"BDI-content"}},"wdio_ui5_key":"etmportal.ui.managecatalogs.view.Detailsap.m.Button{\"propertyName\":\"text\",\"key\":\"save\"}"}]}
RESULT: {"script":"<script> [1562 bytes]","args":[{"selector":{"controlType":"sap.m.Button","viewName":"etm.portal.ui.managecatalogs.view.Detail","viewId":"application-managecatalogs-display-component---detailCatalog","i18NText":{"propertyName":"text","key":"save"},"interaction":{"idSuffix":"BDI-content"}},"wdio_ui5_key":"etmportal.ui.managecatalogs.view.Detailsap.m.Button{\"propertyName\":\"text\",\"key\":\"save\"}"}]}
RESULT: undefined
COMMAND: POST /session/297431b9b55e935159c974fa74f723b8/element - {"using":"xpath","value":"//*[@id=\"__button43\"]"}
RESULT: {"using":"xpath","value":"//*[@id=\"__button43\"]"}
COMMAND: POST /session/297431b9b55e935159c974fa74f723b8/element/f.C07C1F5C83AA57D4527D3CB7EA58C4CE.d.EBCA7E5CBFDB99134C2D0EAAAEF87090.e.8167/click - {}
RESULT: {}
COMMAND: GET /session/297431b9b55e935159c974fa74f723b8/screenshot - {}
RESULT: {}
COMMAND: POST /session/297431b9b55e935159c974fa74f723b8/element - {"using":"css selector","value":"#shell-header-logo"}
RESULT: {"using":"css selector","value":"#shell-header-logo"}
COMMAND: POST /session/297431b9b55e935159c974fa74f723b8/element/f.C07C1F5C83AA57D4527D3CB7EA58C4CE.d.EBCA7E5CBFDB99134C2D0EAAAEF87090.e.7998/click - {}
RESULT: {}
COMMAND: GET /session/297431b9b55e935159c974fa74f723b8/screenshot - {}
RESULT: {}
]]></system-out>
    </testcase>
    <testcase classname="chrome.136_0_7103_93.windows.Manage_requests_-_requests_specifications_US141095" name="Should create a new request and add the catalog item with the specifications" time="151.725">
      <system-out><![CDATA[
COMMAND: POST /session/297431b9b55e935159c974fa74f723b8/execute/async - {"script":"<script> [1562 bytes]","args":[{"selector":{"controlType":"sap.m.GenericTile","properties":{"header":"Manage Requests"}},"wdio_ui5_key":"sapm.GenericTile{\"header\":\"Manage Requests\"}"}]}
RESULT: {"script":"<script> [1562 bytes]","args":[{"selector":{"controlType":"sap.m.GenericTile","properties":{"header":"Manage Requests"}},"wdio_ui5_key":"sapm.GenericTile{\"header\":\"Manage Requests\"}"}]}
RESULT: undefined
COMMAND: POST /session/297431b9b55e935159c974fa74f723b8/element - {"using":"xpath","value":"//*[@id=\"__tile47\"]"}
RESULT: {"using":"xpath","value":"//*[@id=\"__tile47\"]"}
COMMAND: POST /session/297431b9b55e935159c974fa74f723b8/element/f.C07C1F5C83AA57D4527D3CB7EA58C4CE.d.EBCA7E5CBFDB99134C2D0EAAAEF87090.e.8270/click - {}
RESULT: {}
COMMAND: GET /session/297431b9b55e935159c974fa74f723b8/screenshot - {}
RESULT: {}
COMMAND: POST /session/297431b9b55e935159c974fa74f723b8/elements - {"using":"xpath","value":"//span[text()='Error']"}
RESULT: {"using":"xpath","value":"//span[text()='Error']"}
COMMAND: POST /session/297431b9b55e935159c974fa74f723b8/element - {"using":"xpath","value":"//button[contains(@data-kt ,\"btnCreateNewOverflowToolbarButton\")]"}
COMMAND: POST /session/297431b9b55e935159c974fa74f723b8/element - {"using":"xpath","value":"(//span[contains(@class ,\"sapMObjStatusText\")])[1]"}
RESULT: {"using":"xpath","value":"//button[contains(@data-kt ,\"btnCreateNewOverflowToolbarButton\")]"}
COMMAND: POST /session/297431b9b55e935159c974fa74f723b8/element/f.C07C1F5C83AA57D4527D3CB7EA58C4CE.d.EBCA7E5CBFDB99134C2D0EAAAEF87090.e.8325/click - {}
RESULT: {"using":"xpath","value":"(//span[contains(@class ,\"sapMObjStatusText\")])[1]"}
COMMAND: POST /session/297431b9b55e935159c974fa74f723b8/execute/sync - {"script":"<script> [8489 bytes]","args":[{"element-6066-11e4-a52e-4f735466cecf":"f.C07C1F5C83AA57D4527D3CB7EA58C4CE.d.EBCA7E5CBFDB99134C2D0EAAAEF87090.e.8367","ELEMENT":"f.C07C1F5C83AA57D4527D3CB7EA58C4CE.d.EBCA7E5CBFDB99134C2D0EAAAEF87090.e.8367"}]}
RESULT: {}
COMMAND: GET /session/297431b9b55e935159c974fa74f723b8/screenshot - {}
RESULT: {"script":"<script> [8489 bytes]","args":[{"element-6066-11e4-a52e-4f735466cecf":"f.C07C1F5C83AA57D4527D3CB7EA58C4CE.d.EBCA7E5CBFDB99134C2D0EAAAEF87090.e.8367","ELEMENT":"f.C07C1F5C83AA57D4527D3CB7EA58C4CE.d.EBCA7E5CBFDB99134C2D0EAAAEF87090.e.8367"}]}
COMMAND: GET /session/297431b9b55e935159c974fa74f723b8/screenshot - {}
RESULT: {}
RESULT: {}
COMMAND: POST /session/297431b9b55e935159c974fa74f723b8/element - {"using":"xpath","value":"//input[contains(@id ,\"yardId-inner\")]"}
RESULT: {"using":"xpath","value":"//input[contains(@id ,\"yardId-inner\")]"}
COMMAND: POST /session/297431b9b55e935159c974fa74f723b8/execute/sync - {"script":"<script> [8489 bytes]","args":[{"element-6066-11e4-a52e-4f735466cecf":"f.C07C1F5C83AA57D4527D3CB7EA58C4CE.d.EBCA7E5CBFDB99134C2D0EAAAEF87090.e.8451","ELEMENT":"f.C07C1F5C83AA57D4527D3CB7EA58C4CE.d.EBCA7E5CBFDB99134C2D0EAAAEF87090.e.8451"}]}
RESULT: {"script":"<script> [8489 bytes]","args":[{"element-6066-11e4-a52e-4f735466cecf":"f.C07C1F5C83AA57D4527D3CB7EA58C4CE.d.EBCA7E5CBFDB99134C2D0EAAAEF87090.e.8451","ELEMENT":"f.C07C1F5C83AA57D4527D3CB7EA58C4CE.d.EBCA7E5CBFDB99134C2D0EAAAEF87090.e.8451"}]}
COMMAND: POST /session/297431b9b55e935159c974fa74f723b8/element - {"using":"xpath","value":"//input[contains(@id ,\"yardId-inner\")]"}
COMMAND: GET /session/297431b9b55e935159c974fa74f723b8/screenshot - {}
RESULT: {"using":"xpath","value":"//input[contains(@id ,\"yardId-inner\")]"}
COMMAND: GET /session/297431b9b55e935159c974fa74f723b8/element/f.C07C1F5C83AA57D4527D3CB7EA58C4CE.d.EBCA7E5CBFDB99134C2D0EAAAEF87090.e.8451/enabled - {}
RESULT: {}
RESULT: {}
COMMAND: POST /session/297431b9b55e935159c974fa74f723b8/element/f.C07C1F5C83AA57D4527D3CB7EA58C4CE.d.EBCA7E5CBFDB99134C2D0EAAAEF87090.e.8451/clear - {}
COMMAND: GET /session/297431b9b55e935159c974fa74f723b8/screenshot - {}
RESULT: {}
COMMAND: POST /session/297431b9b55e935159c974fa74f723b8/element/f.C07C1F5C83AA57D4527D3CB7EA58C4CE.d.EBCA7E5CBFDB99134C2D0EAAAEF87090.e.8451/value - {"text":"WebdriverYardunahk"}
COMMAND: GET /session/297431b9b55e935159c974fa74f723b8/screenshot - {}
RESULT: {}
RESULT: {"text":"WebdriverYardunahk"}
COMMAND: GET /session/297431b9b55e935159c974fa74f723b8/screenshot - {}
RESULT: {}
RESULT: {}
COMMAND: POST /session/297431b9b55e935159c974fa74f723b8/actions - {"actions":[{"id":"action52","type":"key","parameters":{},"actions":[{"type":"keyDown","value":"î€‡"},{"type":"pause","duration":10},{"type":"keyUp","value":"î€‡"}]}]}
COMMAND: POST /session/297431b9b55e935159c974fa74f723b8/element - {"using":"xpath","value":"//input[contains(@id ,\"customerNumber-inner\")]"}
RESULT: {"actions":[{"id":"action52","type":"key","parameters":{},"actions":[{"type":"keyDown","value":"î€‡"},{"type":"pause","duration":10},{"type":"keyUp","value":"î€‡"}]}]}
COMMAND: GET /session/297431b9b55e935159c974fa74f723b8/screenshot - {}
RESULT: {"using":"xpath","value":"//input[contains(@id ,\"customerNumber-inner\")]"}
COMMAND: POST /session/297431b9b55e935159c974fa74f723b8/element/f.C07C1F5C83AA57D4527D3CB7EA58C4CE.d.EBCA7E5CBFDB99134C2D0EAAAEF87090.e.8447/value - {"text":"WebdriverPartnerbojoc"}
RESULT: {}
RESULT: {"text":"WebdriverPartnerbojoc"}
COMMAND: GET /session/297431b9b55e935159c974fa74f723b8/screenshot - {}
RESULT: {}
COMMAND: POST /session/297431b9b55e935159c974fa74f723b8/actions - {"actions":[{"id":"action53","type":"key","parameters":{},"actions":[{"type":"keyDown","value":"î€‡"},{"type":"pause","duration":10},{"type":"keyUp","value":"î€‡"}]}]}
RESULT: {"actions":[{"id":"action53","type":"key","parameters":{},"actions":[{"type":"keyDown","value":"î€‡"},{"type":"pause","duration":10},{"type":"keyUp","value":"î€‡"}]}]}
COMMAND: GET /session/297431b9b55e935159c974fa74f723b8/screenshot - {}
RESULT: {}
COMMAND: POST /session/297431b9b55e935159c974fa74f723b8/element - {"using":"xpath","value":"//input[contains(@id ,\"requestSiteId-inner\")]"}
RESULT: {"using":"xpath","value":"//input[contains(@id ,\"requestSiteId-inner\")]"}
COMMAND: POST /session/297431b9b55e935159c974fa74f723b8/element/f.C07C1F5C83AA57D4527D3CB7EA58C4CE.d.EBCA7E5CBFDB99134C2D0EAAAEF87090.e.8446/value - {"text":"WebdriverSitencuow"}
RESULT: {"text":"WebdriverSitencuow"}
COMMAND: GET /session/297431b9b55e935159c974fa74f723b8/screenshot - {}
RESULT: {}
COMMAND: POST /session/297431b9b55e935159c974fa74f723b8/actions - {"actions":[{"id":"action54","type":"key","parameters":{},"actions":[{"type":"keyDown","value":"î€‡"},{"type":"pause","duration":10},{"type":"keyUp","value":"î€‡"}]}]}
RESULT: {"actions":[{"id":"action54","type":"key","parameters":{},"actions":[{"type":"keyDown","value":"î€‡"},{"type":"pause","duration":10},{"type":"keyUp","value":"î€‡"}]}]}
COMMAND: POST /session/297431b9b55e935159c974fa74f723b8/execute/async - {"script":"<script> [1562 bytes]","args":[{"selector":{"controlType":"sap.ui.core.Icon","viewName":"etm.portal.ui.managerequests.view.NewRequest","properties":{"src":{"regex":{"source":"add"}}}},"wdio_ui5_key":"etmportal.ui.managerequests.view.NewRequestsap.ui.core.Icon{\"src\":{\"regex\":{\"source\":\"add\"}}}"}]}
COMMAND: GET /session/297431b9b55e935159c974fa74f723b8/screenshot - {}
RESULT: {"script":"<script> [1562 bytes]","args":[{"selector":{"controlType":"sap.ui.core.Icon","viewName":"etm.portal.ui.managerequests.view.NewRequest","properties":{"src":{"regex":{"source":"add"}}}},"wdio_ui5_key":"etmportal.ui.managerequests.view.NewRequestsap.ui.core.Icon{\"src\":{\"regex\":{\"source\":\"add\"}}}"}]}
RESULT: undefined
COMMAND: POST /session/297431b9b55e935159c974fa74f723b8/element - {"using":"xpath","value":"//*[@id=\"__xmlview59--btnAddTableRow-img\"]"}
RESULT: {}
RESULT: {"using":"xpath","value":"//*[@id=\"__xmlview59--btnAddTableRow-img\"]"}
COMMAND: POST /session/297431b9b55e935159c974fa74f723b8/element/f.C07C1F5C83AA57D4527D3CB7EA58C4CE.d.EBCA7E5CBFDB99134C2D0EAAAEF87090.e.8650/click - {}
RESULT: {}
COMMAND: GET /session/297431b9b55e935159c974fa74f723b8/screenshot - {}
RESULT: {}
COMMAND: POST /session/297431b9b55e935159c974fa74f723b8/actions - {"actions":[{"id":"action55","type":"key","parameters":{},"actions":[{"type":"keyDown","value":"î€•"},{"type":"pause","duration":10},{"type":"keyUp","value":"î€•"}]}]}
RESULT: {"actions":[{"id":"action55","type":"key","parameters":{},"actions":[{"type":"keyDown","value":"î€•"},{"type":"pause","duration":10},{"type":"keyUp","value":"î€•"}]}]}
COMMAND: POST /session/297431b9b55e935159c974fa74f723b8/actions - {"actions":[{"id":"action56","type":"key","parameters":{},"actions":[{"type":"keyDown","value":"î€‡"},{"type":"pause","duration":10},{"type":"keyUp","value":"î€‡"}]}]}
COMMAND: GET /session/297431b9b55e935159c974fa74f723b8/screenshot - {}
RESULT: {"actions":[{"id":"action56","type":"key","parameters":{},"actions":[{"type":"keyDown","value":"î€‡"},{"type":"pause","duration":10},{"type":"keyUp","value":"î€‡"}]}]}
COMMAND: POST /session/297431b9b55e935159c974fa74f723b8/element - {"using":"xpath","value":"(//input[contains(@id ,\"requestItemsTable-0-inner\")])[1]"}
COMMAND: GET /session/297431b9b55e935159c974fa74f723b8/screenshot - {}
RESULT: {}
RESULT: {"using":"xpath","value":"(//input[contains(@id ,\"requestItemsTable-0-inner\")])[1]"}
COMMAND: POST /session/297431b9b55e935159c974fa74f723b8/element/f.C07C1F5C83AA57D4527D3CB7EA58C4CE.d.EBCA7E5CBFDB99134C2D0EAAAEF87090.e.8655/clear - {}
RESULT: {}
RESULT: {}
COMMAND: POST /session/297431b9b55e935159c974fa74f723b8/element/f.C07C1F5C83AA57D4527D3CB7EA58C4CE.d.EBCA7E5CBFDB99134C2D0EAAAEF87090.e.8655/value - {"text":"catalogItemNamecx2wf"}
COMMAND: GET /session/297431b9b55e935159c974fa74f723b8/screenshot - {}
RESULT: {"text":"catalogItemNamecx2wf"}
COMMAND: GET /session/297431b9b55e935159c974fa74f723b8/screenshot - {}
RESULT: {}
RESULT: {}
COMMAND: POST /session/297431b9b55e935159c974fa74f723b8/actions - {"actions":[{"id":"action57","type":"key","parameters":{},"actions":[{"type":"keyDown","value":"î€‡"},{"type":"pause","duration":10},{"type":"keyUp","value":"î€‡"}]}]}
RESULT: {"actions":[{"id":"action57","type":"key","parameters":{},"actions":[{"type":"keyDown","value":"î€‡"},{"type":"pause","duration":10},{"type":"keyUp","value":"î€‡"}]}]}
COMMAND: GET /session/297431b9b55e935159c974fa74f723b8/screenshot - {}
RESULT: {}
COMMAND: POST /session/297431b9b55e935159c974fa74f723b8/execute/async - {"script":"<script> [1562 bytes]","args":[{"selector":{"controlType":"sap.m.Button","viewName":"etm.portal.ui.managerequests.view.NewRequest","i18NText":{"propertyName":"text","key":"requestSpecifications"},"interaction":{"idSuffix":"BDI-content"}},"wdio_ui5_key":"etmportal.ui.managerequests.view.NewRequestsap.m.Button{\"propertyName\":\"text\",\"key\":\"requestSpecifications\"}"}]}
RESULT: {"script":"<script> [1562 bytes]","args":[{"selector":{"controlType":"sap.m.Button","viewName":"etm.portal.ui.managerequests.view.NewRequest","i18NText":{"propertyName":"text","key":"requestSpecifications"},"interaction":{"idSuffix":"BDI-content"}},"wdio_ui5_key":"etmportal.ui.managerequests.view.NewRequestsap.m.Button{\"propertyName\":\"text\",\"key\":\"requestSpecifications\"}"}]}
RESULT: undefined
COMMAND: POST /session/297431b9b55e935159c974fa74f723b8/element - {"using":"xpath","value":"//*[@id=\"__button76-__xmlview59--requestItemsTable-0\"]"}
RESULT: {"using":"xpath","value":"//*[@id=\"__button76-__xmlview59--requestItemsTable-0\"]"}
COMMAND: POST /session/297431b9b55e935159c974fa74f723b8/element/f.C07C1F5C83AA57D4527D3CB7EA58C4CE.d.EBCA7E5CBFDB99134C2D0EAAAEF87090.e.8669/click - {}
RESULT: {}
COMMAND: GET /session/297431b9b55e935159c974fa74f723b8/screenshot - {}
RESULT: {}
COMMAND: POST /session/297431b9b55e935159c974fa74f723b8/element - {"using":"xpath","value":"//input[@value=\"red\"]"}
RESULT: {"using":"xpath","value":"//input[@value=\"red\"]"}
COMMAND: POST /session/297431b9b55e935159c974fa74f723b8/elements - {"using":"xpath","value":"//input[@value=\"red\"]"}
RESULT: {"using":"xpath","value":"//input[@value=\"red\"]"}
COMMAND: POST /session/297431b9b55e935159c974fa74f723b8/execute/async - {"script":"<script> [1562 bytes]","args":[{"selector":{"controlType":"sap.m.Text","viewName":"etm.portal.ui.managerequests.view.NewRequest","bindingPath":{"path":"/currentEntries/0/PROPERTIES/0","propertyPath":"DESCRIPTION","modelName":"techSpecsClassificationModel"},"searchOpenDialogs":true},"wdio_ui5_key":"etmportal.ui.managerequests.view.NewRequestsap.m.Text{\"path\":\"/currentEntries/0/PROPERTIES/0\",\"propertyPath\":\"DESCRIPTION\",\"modelName\":\"techSpecsClassificationModel\"}"}]}
RESULT: {"script":"<script> [1562 bytes]","args":[{"selector":{"controlType":"sap.m.Text","viewName":"etm.portal.ui.managerequests.view.NewRequest","bindingPath":{"path":"/currentEntries/0/PROPERTIES/0","propertyPath":"DESCRIPTION","modelName":"techSpecsClassificationModel"},"searchOpenDialogs":true},"wdio_ui5_key":"etmportal.ui.managerequests.view.NewRequestsap.m.Text{\"path\":\"/currentEntries/0/PROPERTIES/0\",\"propertyPath\":\"DESCRIPTION\",\"modelName\":\"techSpecsClassificationModel\"}"}]}
RESULT: undefined
COMMAND: POST /session/297431b9b55e935159c974fa74f723b8/execute/async - {"script":"<script> [6424 bytes]","args":[{"element-6066-11e4-a52e-4f735466cecf":"f.C07C1F5C83AA57D4527D3CB7EA58C4CE.d.EBCA7E5CBFDB99134C2D0EAAAEF87090.e.8677"},"getText",[]]}
RESULT: {"script":"<script> [6424 bytes]","args":[{"element-6066-11e4-a52e-4f735466cecf":"f.C07C1F5C83AA57D4527D3CB7EA58C4CE.d.EBCA7E5CBFDB99134C2D0EAAAEF87090.e.8677"},"getText",[]]}
COMMAND: POST /session/297431b9b55e935159c974fa74f723b8/execute/async - {"script":"<script> [1562 bytes]","args":[{"selector":{"controlType":"sap.ui.core.Icon","viewName":"etm.portal.ui.managerequests.view.NewRequest","properties":{"src":{"regex":{"source":"slim\\-arrow\\-down"}}},"searchOpenDialogs":true},"wdio_ui5_key":"etmportal.ui.managerequests.view.NewRequestsap.ui.core.Icon{\"src\":{\"regex\":{\"source\":\"slim\\\\-arrow\\\\-down\"}}}"}]}
RESULT: {"script":"<script> [1562 bytes]","args":[{"selector":{"controlType":"sap.ui.core.Icon","viewName":"etm.portal.ui.managerequests.view.NewRequest","properties":{"src":{"regex":{"source":"slim\\-arrow\\-down"}}},"searchOpenDialogs":true},"wdio_ui5_key":"etmportal.ui.managerequests.view.NewRequestsap.ui.core.Icon{\"src\":{\"regex\":{\"source\":\"slim\\\\-arrow\\\\-down\"}}}"}]}
RESULT: undefined
COMMAND: POST /session/297431b9b55e935159c974fa74f723b8/element - {"using":"xpath","value":"//*[@id=\"__box58-arrow\"]"}
RESULT: {"using":"xpath","value":"//*[@id=\"__box58-arrow\"]"}
COMMAND: POST /session/297431b9b55e935159c974fa74f723b8/element/f.C07C1F5C83AA57D4527D3CB7EA58C4CE.d.EBCA7E5CBFDB99134C2D0EAAAEF87090.e.8678/click - {}
RESULT: {}
COMMAND: POST /session/297431b9b55e935159c974fa74f723b8/execute/async - {"script":"<script> [1562 bytes]","args":[{"selector":{"controlType":"sap.m.StandardListItem","viewName":"etm.portal.ui.managerequests.view.NewRequest","properties":{"title":"blue"},"searchOpenDialogs":true,"interaction":{"idSuffix":"content"}},"wdio_ui5_key":"etmportal.ui.managerequests.view.NewRequestsap.m.StandardListItem{\"title\":\"blue\"}"}]}
COMMAND: GET /session/297431b9b55e935159c974fa74f723b8/screenshot - {}
RESULT: {"script":"<script> [1562 bytes]","args":[{"selector":{"controlType":"sap.m.StandardListItem","viewName":"etm.portal.ui.managerequests.view.NewRequest","properties":{"title":"blue"},"searchOpenDialogs":true,"interaction":{"idSuffix":"content"}},"wdio_ui5_key":"etmportal.ui.managerequests.view.NewRequestsap.m.StandardListItem{\"title\":\"blue\"}"}]}
RESULT: undefined
COMMAND: POST /session/297431b9b55e935159c974fa74f723b8/element - {"using":"xpath","value":"//*[@id=\"__item854\"]"}
RESULT: {}
RESULT: {"using":"xpath","value":"//*[@id=\"__item854\"]"}
COMMAND: POST /session/297431b9b55e935159c974fa74f723b8/element/f.C07C1F5C83AA57D4527D3CB7EA58C4CE.d.EBCA7E5CBFDB99134C2D0EAAAEF87090.e.8681/click - {}
RESULT: {}
COMMAND: GET /session/297431b9b55e935159c974fa74f723b8/screenshot - {}
RESULT: {}
COMMAND: POST /session/297431b9b55e935159c974fa74f723b8/execute/async - {"script":"<script> [1562 bytes]","args":[{"selector":{"id":"saveButton","viewName":"etm.portal.ui.managerequests.view.NewRequest","searchOpenDialogs":true,"interaction":{"idSuffix":"BDI-content"}},"wdio_ui5_key":"saveButtonetmportal.ui.managerequests.view.NewRequest"}]}
RESULT: {"script":"<script> [1562 bytes]","args":[{"selector":{"id":"saveButton","viewName":"etm.portal.ui.managerequests.view.NewRequest","searchOpenDialogs":true,"interaction":{"idSuffix":"BDI-content"}},"wdio_ui5_key":"saveButtonetmportal.ui.managerequests.view.NewRequest"}]}
RESULT: undefined
COMMAND: POST /session/297431b9b55e935159c974fa74f723b8/element - {"using":"xpath","value":"//*[@id=\"__xmlview59--saveButton\"]"}
RESULT: {"using":"xpath","value":"//*[@id=\"__xmlview59--saveButton\"]"}
COMMAND: POST /session/297431b9b55e935159c974fa74f723b8/element/f.C07C1F5C83AA57D4527D3CB7EA58C4CE.d.EBCA7E5CBFDB99134C2D0EAAAEF87090.e.8675/click - {}
RESULT: {}
COMMAND: POST /session/297431b9b55e935159c974fa74f723b8/execute/async - {"script":"<script> [1562 bytes]","args":[{"selector":{"controlType":"sap.ui.core.Icon","viewName":"etm.portal.ui.managerequests.view.NewRequest","properties":{"src":{"regex":{"source":"slim\\-arrow\\-down"}}},"ancestor":{"controlType":"sap.m.Button","viewName":"etm.portal.ui.managerequests.view.NewRequest","properties":{"icon":"sap-icon://slim-arrow-down"}}},"wdio_ui5_key":"etmportal.ui.managerequests.view.NewRequestsap.ui.core.Icon{\"src\":{\"regex\":{\"source\":\"slim\\\\-arrow\\\\-down\"}}}{\"controlType\":\"sap.m.Button\",\"viewName\":\"etm.portal.ui.managerequests.view.NewRequest\",\"properties\":{\"icon\":\"sap-icon://slim-arrow-down\"}}"}]}
COMMAND: GET /session/297431b9b55e935159c974fa74f723b8/screenshot - {}
RESULT: {"script":"<script> [1562 bytes]","args":[{"selector":{"controlType":"sap.ui.core.Icon","viewName":"etm.portal.ui.managerequests.view.NewRequest","properties":{"src":{"regex":{"source":"slim\\-arrow\\-down"}}},"ancestor":{"controlType":"sap.m.Button","viewName":"etm.portal.ui.managerequests.view.NewRequest","properties":{"icon":"sap-icon://slim-arrow-down"}}},"wdio_ui5_key":"etmportal.ui.managerequests.view.NewRequestsap.ui.core.Icon{\"src\":{\"regex\":{\"source\":\"slim\\\\-arrow\\\\-down\"}}}{\"controlType\":\"sap.m.Button\",\"viewName\":\"etm.portal.ui.managerequests.view.NewRequest\",\"properties\":{\"icon\":\"sap-icon://slim-arrow-down\"}}"}]}
RESULT: undefined
RESULT: {}
COMMAND: POST /session/297431b9b55e935159c974fa74f723b8/element - {"using":"xpath","value":"//div[contains(@data-kt ,\"splitAllocationObjectStatus\")]"}
RESULT: {"using":"xpath","value":"//div[contains(@data-kt ,\"splitAllocationObjectStatus\")]"}
COMMAND: POST /session/297431b9b55e935159c974fa74f723b8/elements - {"using":"xpath","value":"//div[contains(@data-kt ,\"splitAllocationObjectStatus\")]"}
RESULT: {"using":"xpath","value":"//div[contains(@data-kt ,\"splitAllocationObjectStatus\")]"}
COMMAND: POST /session/297431b9b55e935159c974fa74f723b8/execute/async - {"script":"<script> [1562 bytes]","args":[{"selector":{"controlType":"sap.ui.core.Icon","viewName":"etm.portal.ui.managerequests.view.NewRequest","properties":{"src":{"regex":{"source":"message\\-error"}}}},"wdio_ui5_key":"etmportal.ui.managerequests.view.NewRequestsap.ui.core.Icon{\"src\":{\"regex\":{\"source\":\"message\\\\-error\"}}}"}]}
RESULT: {"script":"<script> [1562 bytes]","args":[{"selector":{"controlType":"sap.ui.core.Icon","viewName":"etm.portal.ui.managerequests.view.NewRequest","properties":{"src":{"regex":{"source":"message\\-error"}}}},"wdio_ui5_key":"etmportal.ui.managerequests.view.NewRequestsap.ui.core.Icon{\"src\":{\"regex\":{\"source\":\"message\\\\-error\"}}}"}]}
RESULT: undefined
COMMAND: POST /session/297431b9b55e935159c974fa74f723b8/element - {"using":"xpath","value":"//*[@id=\"__status4-__xmlview59--requestItemsTable-0-icon\"]"}
RESULT: {"using":"xpath","value":"//*[@id=\"__status4-__xmlview59--requestItemsTable-0-icon\"]"}
COMMAND: POST /session/297431b9b55e935159c974fa74f723b8/element/f.C07C1F5C83AA57D4527D3CB7EA58C4CE.d.EBCA7E5CBFDB99134C2D0EAAAEF87090.e.8684/click - {}
RESULT: {}
COMMAND: POST /session/297431b9b55e935159c974fa74f723b8/execute/async - {"script":"<script> [1562 bytes]","args":[{"selector":{"controlType":"sap.ui.core.Icon","viewName":"etm.portal.ui.managerequests.view.NewRequest","properties":{"src":{"regex":{"source":"slim\\-arrow\\-down"}}},"searchOpenDialogs":true,"ancestor":{"id":"costObjectAdminTypeComboBox","viewName":"etm.portal.ui.managerequests.view.NewRequest","searchOpenDialogs":true}},"wdio_ui5_key":"etmportal.ui.managerequests.view.NewRequestsap.ui.core.Icon{\"src\":{\"regex\":{\"source\":\"slim\\\\-arrow\\\\-down\"}}}{\"id\":\"costObjectAdminTypeComboBox\",\"viewName\":\"etm.portal.ui.managerequests.view.NewRequest\",\"searchOpenDialogs\":true}"}]}
COMMAND: GET /session/297431b9b55e935159c974fa74f723b8/screenshot - {}
RESULT: {"script":"<script> [1562 bytes]","args":[{"selector":{"controlType":"sap.ui.core.Icon","viewName":"etm.portal.ui.managerequests.view.NewRequest","properties":{"src":{"regex":{"source":"slim\\-arrow\\-down"}}},"searchOpenDialogs":true,"ancestor":{"id":"costObjectAdminTypeComboBox","viewName":"etm.portal.ui.managerequests.view.NewRequest","searchOpenDialogs":true}},"wdio_ui5_key":"etmportal.ui.managerequests.view.NewRequestsap.ui.core.Icon{\"src\":{\"regex\":{\"source\":\"slim\\\\-arrow\\\\-down\"}}}{\"id\":\"costObjectAdminTypeComboBox\",\"viewName\":\"etm.portal.ui.managerequests.view.NewRequest\",\"searchOpenDialogs\":true}"}]}
RESULT: undefined
COMMAND: POST /session/297431b9b55e935159c974fa74f723b8/element - {"using":"xpath","value":"//*[@id=\"__xmlview59--costObjectAdminTypeComboBox-arrow\"]"}
RESULT: {}
RESULT: {"using":"xpath","value":"//*[@id=\"__xmlview59--costObjectAdminTypeComboBox-arrow\"]"}
COMMAND: POST /session/297431b9b55e935159c974fa74f723b8/element/f.C07C1F5C83AA57D4527D3CB7EA58C4CE.d.EBCA7E5CBFDB99134C2D0EAAAEF87090.e.8688/click - {}
RESULT: {}
COMMAND: POST /session/297431b9b55e935159c974fa74f723b8/execute/async - {"script":"<script> [1562 bytes]","args":[{"selector":{"controlType":"sap.m.StandardListItem","viewName":"etm.portal.ui.managerequests.view.NewRequest","properties":{"title":"Cost Center"},"searchOpenDialogs":true,"interaction":{"idSuffix":"titleText"}},"wdio_ui5_key":"etmportal.ui.managerequests.view.NewRequestsap.m.StandardListItem{\"title\":\"Cost Center\"}"}]}
COMMAND: GET /session/297431b9b55e935159c974fa74f723b8/screenshot - {}
RESULT: {"script":"<script> [1562 bytes]","args":[{"selector":{"controlType":"sap.m.StandardListItem","viewName":"etm.portal.ui.managerequests.view.NewRequest","properties":{"title":"Cost Center"},"searchOpenDialogs":true,"interaction":{"idSuffix":"titleText"}},"wdio_ui5_key":"etmportal.ui.managerequests.view.NewRequestsap.m.StandardListItem{\"title\":\"Cost Center\"}"}]}
RESULT: undefined
COMMAND: POST /session/297431b9b55e935159c974fa74f723b8/element - {"using":"xpath","value":"//*[@id=\"__item857\"]"}
RESULT: {}
RESULT: {"using":"xpath","value":"//*[@id=\"__item857\"]"}
COMMAND: POST /session/297431b9b55e935159c974fa74f723b8/element/f.C07C1F5C83AA57D4527D3CB7EA58C4CE.d.EBCA7E5CBFDB99134C2D0EAAAEF87090.e.8691/click - {}
RESULT: {}
COMMAND: GET /session/297431b9b55e935159c974fa74f723b8/screenshot - {}
RESULT: {}
COMMAND: POST /session/297431b9b55e935159c974fa74f723b8/execute/async - {"script":"<script> [1562 bytes]","args":[{"selector":{"controlType":"sap.ui.core.Icon","viewName":"etm.portal.ui.managerequests.view.NewRequest","properties":{"src":{"regex":{"source":"value\\-help"}}},"searchOpenDialogs":true},"wdio_ui5_key":"etmportal.ui.managerequests.view.NewRequestsap.ui.core.Icon{\"src\":{\"regex\":{\"source\":\"value\\\\-help\"}}}"}]}
RESULT: {"script":"<script> [1562 bytes]","args":[{"selector":{"controlType":"sap.ui.core.Icon","viewName":"etm.portal.ui.managerequests.view.NewRequest","properties":{"src":{"regex":{"source":"value\\-help"}}},"searchOpenDialogs":true},"wdio_ui5_key":"etmportal.ui.managerequests.view.NewRequestsap.ui.core.Icon{\"src\":{\"regex\":{\"source\":\"value\\\\-help\"}}}"}]}
RESULT: undefined
COMMAND: POST /session/297431b9b55e935159c974fa74f723b8/element - {"using":"xpath","value":"//*[@id=\"__xmlview59--costObjectIdComboBox-vhi\"]"}
RESULT: {"using":"xpath","value":"//*[@id=\"__xmlview59--costObjectIdComboBox-vhi\"]"}
COMMAND: POST /session/297431b9b55e935159c974fa74f723b8/element/f.C07C1F5C83AA57D4527D3CB7EA58C4CE.d.EBCA7E5CBFDB99134C2D0EAAAEF87090.e.8699/click - {}
RESULT: {}
COMMAND: POST /session/297431b9b55e935159c974fa74f723b8/execute/async - {"script":"<script> [1562 bytes]","args":[{"selector":{"controlType":"sap.m.SearchField","properties":{"placeholder":"Search"},"searchOpenDialogs":true,"interaction":{"idSuffix":"I"}},"wdio_ui5_key":"sapm.SearchField{\"placeholder\":\"Search\"}"}]}
COMMAND: GET /session/297431b9b55e935159c974fa74f723b8/screenshot - {}
RESULT: {"script":"<script> [1562 bytes]","args":[{"selector":{"controlType":"sap.m.SearchField","properties":{"placeholder":"Search"},"searchOpenDialogs":true,"interaction":{"idSuffix":"I"}},"wdio_ui5_key":"sapm.SearchField{\"placeholder\":\"Search\"}"}]}
RESULT: undefined
COMMAND: POST /session/297431b9b55e935159c974fa74f723b8/execute/async - {"script":"<script> [776 bytes]","args":[{"enterText":"10001010","selector":{"controlType":"sap.m.SearchField","properties":{"placeholder":"Search"},"searchOpenDialogs":true,"interaction":{"idSuffix":"I"}},"clearTextFirst":true,"interactionType":"ENTER_TEXT"}]}
RESULT: {}
RESULT: {"script":"<script> [776 bytes]","args":[{"enterText":"10001010","selector":{"controlType":"sap.m.SearchField","properties":{"placeholder":"Search"},"searchOpenDialogs":true,"interaction":{"idSuffix":"I"}},"clearTextFirst":true,"interactionType":"ENTER_TEXT"}]}
COMMAND: POST /session/297431b9b55e935159c974fa74f723b8/actions - {"actions":[{"id":"action58","type":"key","parameters":{},"actions":[{"type":"keyDown","value":"î€‡"},{"type":"pause","duration":10},{"type":"keyUp","value":"î€‡"}]}]}
RESULT: {"actions":[{"id":"action58","type":"key","parameters":{},"actions":[{"type":"keyDown","value":"î€‡"},{"type":"pause","duration":10},{"type":"keyUp","value":"î€‡"}]}]}
COMMAND: GET /session/297431b9b55e935159c974fa74f723b8/screenshot - {}
RESULT: {}
COMMAND: POST /session/297431b9b55e935159c974fa74f723b8/execute/async - {"script":"<script> [1562 bytes]","args":[{"selector":{"controlType":"sap.m.Text","bindingPath":{"path":"/C_CostCtrValueHelp(CostCenter='10001010',ControllingArea='Z001')","propertyPath":"CostCenterName","modelName":"CostCenterModel"},"searchOpenDialogs":true},"wdio_ui5_key":"sapm.Text{\"path\":\"/C_CostCtrValueHelp(CostCenter='10001010',ControllingArea='Z001')\",\"propertyPath\":\"CostCenterName\",\"modelName\":\"CostCenterModel\"}"}]}
RESULT: {"script":"<script> [1562 bytes]","args":[{"selector":{"controlType":"sap.m.Text","bindingPath":{"path":"/C_CostCtrValueHelp(CostCenter='10001010',ControllingArea='Z001')","propertyPath":"CostCenterName","modelName":"CostCenterModel"},"searchOpenDialogs":true},"wdio_ui5_key":"sapm.Text{\"path\":\"/C_CostCtrValueHelp(CostCenter='10001010',ControllingArea='Z001')\",\"propertyPath\":\"CostCenterName\",\"modelName\":\"CostCenterModel\"}"}]}
RESULT: undefined
COMMAND: POST /session/297431b9b55e935159c974fa74f723b8/element - {"using":"xpath","value":"//*[@id=\"__text544-__clone1072\"]"}
RESULT: {"using":"xpath","value":"//*[@id=\"__text544-__clone1072\"]"}
COMMAND: POST /session/297431b9b55e935159c974fa74f723b8/element/f.C07C1F5C83AA57D4527D3CB7EA58C4CE.d.EBCA7E5CBFDB99134C2D0EAAAEF87090.e.8738/click - {}
RESULT: {}
COMMAND: POST /session/297431b9b55e935159c974fa74f723b8/execute/async - {"script":"<script> [1562 bytes]","args":[{"selector":{"controlType":"sap.m.Button","properties":{"text":"OK"},"searchOpenDialogs":true,"interaction":{"idSuffix":"BDI-content"}},"wdio_ui5_key":"sapm.Button{\"text\":\"OK\"}"}]}
COMMAND: GET /session/297431b9b55e935159c974fa74f723b8/screenshot - {}
RESULT: {"script":"<script> [1562 bytes]","args":[{"selector":{"controlType":"sap.m.Button","properties":{"text":"OK"},"searchOpenDialogs":true,"interaction":{"idSuffix":"BDI-content"}},"wdio_ui5_key":"sapm.Button{\"text\":\"OK\"}"}]}
RESULT: undefined
COMMAND: POST /session/297431b9b55e935159c974fa74f723b8/element - {"using":"xpath","value":"//*[@id=\"__dialog2-ok\"]"}
RESULT: {}
RESULT: {"using":"xpath","value":"//*[@id=\"__dialog2-ok\"]"}
COMMAND: POST /session/297431b9b55e935159c974fa74f723b8/element/f.C07C1F5C83AA57D4527D3CB7EA58C4CE.d.EBCA7E5CBFDB99134C2D0EAAAEF87090.e.8740/click - {}
RESULT: {}
COMMAND: GET /session/297431b9b55e935159c974fa74f723b8/screenshot - {}
RESULT: {}
COMMAND: POST /session/297431b9b55e935159c974fa74f723b8/execute/async - {"script":"<script> [1562 bytes]","args":[{"selector":{"controlType":"sap.m.Button","viewName":"etm.portal.ui.managerequests.view.NewRequest","i18NText":{"propertyName":"text","key":"save"},"searchOpenDialogs":true,"interaction":{"idSuffix":"BDI-content"}},"wdio_ui5_key":"etmportal.ui.managerequests.view.NewRequestsap.m.Button{\"propertyName\":\"text\",\"key\":\"save\"}"}]}
RESULT: {"script":"<script> [1562 bytes]","args":[{"selector":{"controlType":"sap.m.Button","viewName":"etm.portal.ui.managerequests.view.NewRequest","i18NText":{"propertyName":"text","key":"save"},"searchOpenDialogs":true,"interaction":{"idSuffix":"BDI-content"}},"wdio_ui5_key":"etmportal.ui.managerequests.view.NewRequestsap.m.Button{\"propertyName\":\"text\",\"key\":\"save\"}"}]}
RESULT: undefined
COMMAND: POST /session/297431b9b55e935159c974fa74f723b8/element - {"using":"xpath","value":"//*[@id=\"__button87\"]"}
RESULT: {"using":"xpath","value":"//*[@id=\"__button87\"]"}
COMMAND: POST /session/297431b9b55e935159c974fa74f723b8/element/f.C07C1F5C83AA57D4527D3CB7EA58C4CE.d.EBCA7E5CBFDB99134C2D0EAAAEF87090.e.8744/click - {}
RESULT: {}
COMMAND: GET /session/297431b9b55e935159c974fa74f723b8/screenshot - {}
RESULT: {}
COMMAND: POST /session/297431b9b55e935159c974fa74f723b8/execute/async - {"script":"<script> [1562 bytes]","args":[{"selector":{"controlType":"sap.m.Button","viewName":"etm.portal.ui.managerequests.view.NewRequest","i18NText":{"propertyName":"tooltip","key":"save"},"interaction":{"idSuffix":"content"}},"wdio_ui5_key":"etmportal.ui.managerequests.view.NewRequestsap.m.Button{\"propertyName\":\"tooltip\",\"key\":\"save\"}"}]}
RESULT: {"script":"<script> [1562 bytes]","args":[{"selector":{"controlType":"sap.m.Button","viewName":"etm.portal.ui.managerequests.view.NewRequest","i18NText":{"propertyName":"tooltip","key":"save"},"interaction":{"idSuffix":"content"}},"wdio_ui5_key":"etmportal.ui.managerequests.view.NewRequestsap.m.Button{\"propertyName\":\"tooltip\",\"key\":\"save\"}"}]}
RESULT: undefined
COMMAND: POST /session/297431b9b55e935159c974fa74f723b8/element - {"using":"xpath","value":"//*[@id=\"__button78\"]"}
RESULT: {"using":"xpath","value":"//*[@id=\"__button78\"]"}
COMMAND: POST /session/297431b9b55e935159c974fa74f723b8/element/f.C07C1F5C83AA57D4527D3CB7EA58C4CE.d.EBCA7E5CBFDB99134C2D0EAAAEF87090.e.8566/click - {}
RESULT: {}
COMMAND: GET /session/297431b9b55e935159c974fa74f723b8/screenshot - {}
RESULT: {}
COMMAND: POST /session/297431b9b55e935159c974fa74f723b8/execute/async - {"script":"<script> [1562 bytes]","args":[{"selector":{"controlType":"sap.m.Title","properties":{"text":"Success"},"searchOpenDialogs":true},"wdio_ui5_key":"sapm.Title{\"text\":\"Success\"}"}]}
RESULT: {"script":"<script> [1562 bytes]","args":[{"selector":{"controlType":"sap.m.Title","properties":{"text":"Success"},"searchOpenDialogs":true},"wdio_ui5_key":"sapm.Title{\"text\":\"Success\"}"}]}
RESULT: undefined
COMMAND: POST /session/297431b9b55e935159c974fa74f723b8/execute/async - {"script":"<script> [6424 bytes]","args":[{"element-6066-11e4-a52e-4f735466cecf":"f.C07C1F5C83AA57D4527D3CB7EA58C4CE.d.EBCA7E5CBFDB99134C2D0EAAAEF87090.e.8749"},"getText",[]]}
RESULT: {"script":"<script> [6424 bytes]","args":[{"element-6066-11e4-a52e-4f735466cecf":"f.C07C1F5C83AA57D4527D3CB7EA58C4CE.d.EBCA7E5CBFDB99134C2D0EAAAEF87090.e.8749"},"getText",[]]}
COMMAND: POST /session/297431b9b55e935159c974fa74f723b8/execute/async - {"script":"<script> [1562 bytes]","args":[{"selector":{"controlType":"sap.m.Button","properties":{"text":"Close"},"searchOpenDialogs":true,"interaction":{"idSuffix":"BDI-content"}},"wdio_ui5_key":"sapm.Button{\"text\":\"Close\"}"}]}
RESULT: {"script":"<script> [1562 bytes]","args":[{"selector":{"controlType":"sap.m.Button","properties":{"text":"Close"},"searchOpenDialogs":true,"interaction":{"idSuffix":"BDI-content"}},"wdio_ui5_key":"sapm.Button{\"text\":\"Close\"}"}]}
RESULT: undefined
COMMAND: POST /session/297431b9b55e935159c974fa74f723b8/element - {"using":"xpath","value":"//*[@id=\"__mbox-btn-0\"]"}
RESULT: {"using":"xpath","value":"//*[@id=\"__mbox-btn-0\"]"}
COMMAND: POST /session/297431b9b55e935159c974fa74f723b8/element/f.C07C1F5C83AA57D4527D3CB7EA58C4CE.d.EBCA7E5CBFDB99134C2D0EAAAEF87090.e.8747/click - {}
RESULT: {}
COMMAND: GET /session/297431b9b55e935159c974fa74f723b8/screenshot - {}
RESULT: {}
COMMAND: POST /session/297431b9b55e935159c974fa74f723b8/execute/async - {"script":"<script> [1562 bytes]","args":[{"selector":{"controlType":"sap.m.Button","viewName":"etm.portal.ui.managerequests.view.Detail","i18NText":{"propertyName":"text","key":"requestSpecifications"},"interaction":{"idSuffix":"BDI-content"}},"wdio_ui5_key":"etmportal.ui.managerequests.view.Detailsap.m.Button{\"propertyName\":\"text\",\"key\":\"requestSpecifications\"}"}]}
RESULT: {"script":"<script> [1562 bytes]","args":[{"selector":{"controlType":"sap.m.Button","viewName":"etm.portal.ui.managerequests.view.Detail","i18NText":{"propertyName":"text","key":"requestSpecifications"},"interaction":{"idSuffix":"BDI-content"}},"wdio_ui5_key":"etmportal.ui.managerequests.view.Detailsap.m.Button{\"propertyName\":\"text\",\"key\":\"requestSpecifications\"}"}]}
RESULT: undefined
COMMAND: POST /session/297431b9b55e935159c974fa74f723b8/element - {"using":"xpath","value":"//*[@id=\"__button103-__clone1111\"]"}
RESULT: {"using":"xpath","value":"//*[@id=\"__button103-__clone1111\"]"}
COMMAND: POST /session/297431b9b55e935159c974fa74f723b8/element/f.C07C1F5C83AA57D4527D3CB7EA58C4CE.d.EBCA7E5CBFDB99134C2D0EAAAEF87090.e.8864/click - {}
RESULT: {}
COMMAND: GET /session/297431b9b55e935159c974fa74f723b8/screenshot - {}
RESULT: {}
COMMAND: POST /session/297431b9b55e935159c974fa74f723b8/element - {"using":"xpath","value":"//input[@value=\"blue\"]"}
RESULT: {"using":"xpath","value":"//input[@value=\"blue\"]"}
COMMAND: POST /session/297431b9b55e935159c974fa74f723b8/elements - {"using":"xpath","value":"//input[@value=\"blue\"]"}
RESULT: {"using":"xpath","value":"//input[@value=\"blue\"]"}
COMMAND: POST /session/297431b9b55e935159c974fa74f723b8/execute/async - {"script":"<script> [1562 bytes]","args":[{"selector":{"id":"cancelRequestSpecificationsButton","viewName":"etm.portal.ui.managerequests.view.Detail","searchOpenDialogs":true,"interaction":{"idSuffix":"BDI-content"}},"wdio_ui5_key":"cancelRequestSpecificationsButtonetmportal.ui.managerequests.view.Detail"}]}
RESULT: {"script":"<script> [1562 bytes]","args":[{"selector":{"id":"cancelRequestSpecificationsButton","viewName":"etm.portal.ui.managerequests.view.Detail","searchOpenDialogs":true,"interaction":{"idSuffix":"BDI-content"}},"wdio_ui5_key":"cancelRequestSpecificationsButtonetmportal.ui.managerequests.view.Detail"}]}
RESULT: undefined
COMMAND: POST /session/297431b9b55e935159c974fa74f723b8/element - {"using":"xpath","value":"//*[@id=\"__xmlview60--cancelRequestSpecificationsButton\"]"}
RESULT: {"using":"xpath","value":"//*[@id=\"__xmlview60--cancelRequestSpecificationsButton\"]"}
COMMAND: POST /session/297431b9b55e935159c974fa74f723b8/element/f.C07C1F5C83AA57D4527D3CB7EA58C4CE.d.EBCA7E5CBFDB99134C2D0EAAAEF87090.e.8877/click - {}
RESULT: {}
COMMAND: GET /session/297431b9b55e935159c974fa74f723b8/screenshot - {}
COMMAND: POST /session/297431b9b55e935159c974fa74f723b8/element - {"using":"css selector","value":"#shell-header-logo"}
RESULT: {}
RESULT: {"using":"css selector","value":"#shell-header-logo"}
COMMAND: POST /session/297431b9b55e935159c974fa74f723b8/element/f.C07C1F5C83AA57D4527D3CB7EA58C4CE.d.EBCA7E5CBFDB99134C2D0EAAAEF87090.e.8272/click - {}
RESULT: {}
COMMAND: GET /session/297431b9b55e935159c974fa74f723b8/screenshot - {}
RESULT: {}
]]></system-out>
    </testcase>
  </testsuite>
  <testsuite timestamp="2025-05-15T18:45:00" time="343.297" tests="3" failures="0" errors="0" skipped="0">
    <properties>
      <property name="specId" value="0" />
      <property name="suiteName" value="Reserve/Unreserve request item via reserve option US139161" />
      <property name="capabilities" value="chrome.136_0_7103_93.windows" />
      <property name="file" value="file:///D:/a/1/s/test/specs/R2C/reserve-unreserve-request-item-via-reserve-option.spec.js" />
    </properties>
    <testcase classname="chrome.136_0_7103_93.windows.Reserve/Unreserve_request_item_via_reserve_option_US139161" name="Should add the material to the catalog item" time="82.299">
      <system-out><![CDATA[
COMMAND: POST /session/297431b9b55e935159c974fa74f723b8/execute/async - {"script":"<script> [1562 bytes]","args":[{"selector":{"controlType":"sap.m.GenericTile","properties":{"header":"Manage Catalogs"}},"wdio_ui5_key":"sapm.GenericTile{\"header\":\"Manage Catalogs\"}"}]}
RESULT: {"script":"<script> [1562 bytes]","args":[{"selector":{"controlType":"sap.m.GenericTile","properties":{"header":"Manage Catalogs"}},"wdio_ui5_key":"sapm.GenericTile{\"header\":\"Manage Catalogs\"}"}]}
RESULT: undefined
COMMAND: POST /session/297431b9b55e935159c974fa74f723b8/element - {"using":"xpath","value":"//*[@id=\"__tile37\"]"}
RESULT: {"using":"xpath","value":"//*[@id=\"__tile37\"]"}
COMMAND: POST /session/297431b9b55e935159c974fa74f723b8/element/f.C07C1F5C83AA57D4527D3CB7EA58C4CE.d.EBCA7E5CBFDB99134C2D0EAAAEF87090.e.8884/click - {}
RESULT: {}
COMMAND: GET /session/297431b9b55e935159c974fa74f723b8/screenshot - {}
RESULT: {}
COMMAND: POST /session/297431b9b55e935159c974fa74f723b8/elements - {"using":"xpath","value":"//span[text()='Error']"}
RESULT: {"using":"xpath","value":"//span[text()='Error']"}
COMMAND: POST /session/297431b9b55e935159c974fa74f723b8/execute/async - {"script":"<script> [1562 bytes]","args":[{"selector":{"controlType":"sap.m.Text","viewName":"etm.portal.ui.managecatalogs.view.MasterCatalogs","viewId":"application-managecatalogs-display-component---masterCatalogs","bindingPath":{"path":"/Catalogs('0D7502D073D53A0F1700BE067B89AFF9')","propertyPath":"DESCRIPTION","modelName":"catalogModel"}},"wdio_ui5_key":"etmportal.ui.managecatalogs.view.MasterCatalogssap.m.Text{\"path\":\"/Catalogs('0D7502D073D53A0F1700BE067B89AFF9')\",\"propertyPath\":\"DESCRIPTION\",\"modelName\":\"catalogModel\"}"}]}
RESULT: {"script":"<script> [1562 bytes]","args":[{"selector":{"controlType":"sap.m.Text","viewName":"etm.portal.ui.managecatalogs.view.MasterCatalogs","viewId":"application-managecatalogs-display-component---masterCatalogs","bindingPath":{"path":"/Catalogs('0D7502D073D53A0F1700BE067B89AFF9')","propertyPath":"DESCRIPTION","modelName":"catalogModel"}},"wdio_ui5_key":"etmportal.ui.managecatalogs.view.MasterCatalogssap.m.Text{\"path\":\"/Catalogs('0D7502D073D53A0F1700BE067B89AFF9')\",\"propertyPath\":\"DESCRIPTION\",\"modelName\":\"catalogModel\"}"}]}
RESULT: undefined
COMMAND: POST /session/297431b9b55e935159c974fa74f723b8/element - {"using":"xpath","value":"//*[@id=\"__text678-application-managecatalogs-display-component---masterCatalogs--CatalogsTable-11\"]"}
RESULT: {"using":"xpath","value":"//*[@id=\"__text678-application-managecatalogs-display-component---masterCatalogs--CatalogsTable-11\"]"}
COMMAND: POST /session/297431b9b55e935159c974fa74f723b8/element/f.C07C1F5C83AA57D4527D3CB7EA58C4CE.d.EBCA7E5CBFDB99134C2D0EAAAEF87090.e.8954/click - {}
RESULT: {}
RESULT: undefined
COMMAND: POST /session/297431b9b55e935159c974fa74f723b8/execute/async - {"script":"<script> [776 bytes]","args":[{"enterText":"catalogItemecwvo","selector":{"id":"application-managecatalogs-display-component---masterCatalogItems--searchItemsField","interaction":{"idSuffix":"I"}},"clearTextFirst":true,"interactionType":"ENTER_TEXT"}]}
COMMAND: GET /session/297431b9b55e935159c974fa74f723b8/screenshot - {}
RESULT: {"script":"<script> [776 bytes]","args":[{"enterText":"catalogItemecwvo","selector":{"id":"application-managecatalogs-display-component---masterCatalogItems--searchItemsField","interaction":{"idSuffix":"I"}},"clearTextFirst":true,"interactionType":"ENTER_TEXT"}]}
COMMAND: POST /session/297431b9b55e935159c974fa74f723b8/actions - {"actions":[{"id":"action59","type":"key","parameters":{},"actions":[{"type":"keyDown","value":"î€‡"},{"type":"pause","duration":10},{"type":"keyUp","value":"î€‡"}]}]}
RESULT: {}
RESULT: {"actions":[{"id":"action59","type":"key","parameters":{},"actions":[{"type":"keyDown","value":"î€‡"},{"type":"pause","duration":10},{"type":"keyUp","value":"î€‡"}]}]}
COMMAND: POST /session/297431b9b55e935159c974fa74f723b8/element - {"using":"xpath","value":"(//span[contains(text(), \"catalogItemecwvo\")])[1]"}
COMMAND: GET /session/297431b9b55e935159c974fa74f723b8/screenshot - {}
RESULT: {"using":"xpath","value":"(//span[contains(text(), \"catalogItemecwvo\")])[1]"}
COMMAND: POST /session/297431b9b55e935159c974fa74f723b8/element/f.C07C1F5C83AA57D4527D3CB7EA58C4CE.d.EBCA7E5CBFDB99134C2D0EAAAEF87090.e.8993/click - {}
RESULT: {}
RESULT: {}
COMMAND: GET /session/297431b9b55e935159c974fa74f723b8/screenshot - {}
RESULT: {}
COMMAND: POST /session/297431b9b55e935159c974fa74f723b8/element - {"using":"xpath","value":"//*[contains(@id ,\"BDI-content\")][contains(text(), \"Edit\")]"}
RESULT: {"using":"xpath","value":"//*[contains(@id ,\"BDI-content\")][contains(text(), \"Edit\")]"}
COMMAND: POST /session/297431b9b55e935159c974fa74f723b8/element/f.C07C1F5C83AA57D4527D3CB7EA58C4CE.d.EBCA7E5CBFDB99134C2D0EAAAEF87090.e.9073/click - {}
RESULT: {}
COMMAND: GET /session/297431b9b55e935159c974fa74f723b8/screenshot - {}
RESULT: {}
COMMAND: POST /session/297431b9b55e935159c974fa74f723b8/element - {"using":"xpath","value":"//bdi[contains(text(), \"Assigned Resources\")]"}
RESULT: {"using":"xpath","value":"//bdi[contains(text(), \"Assigned Resources\")]"}
COMMAND: POST /session/297431b9b55e935159c974fa74f723b8/element/f.C07C1F5C83AA57D4527D3CB7EA58C4CE.d.EBCA7E5CBFDB99134C2D0EAAAEF87090.e.9094/click - {}
RESULT: {}
COMMAND: GET /session/297431b9b55e935159c974fa74f723b8/screenshot - {}
RESULT: {}
COMMAND: POST /session/297431b9b55e935159c974fa74f723b8/element - {"using":"xpath","value":"//button[contains(@data-kt ,\"catalogItemAssignRuButton\")]"}
RESULT: {"using":"xpath","value":"//button[contains(@data-kt ,\"catalogItemAssignRuButton\")]"}
COMMAND: POST /session/297431b9b55e935159c974fa74f723b8/element/f.C07C1F5C83AA57D4527D3CB7EA58C4CE.d.EBCA7E5CBFDB99134C2D0EAAAEF87090.e.9102/click - {}
RESULT: {}
COMMAND: GET /session/297431b9b55e935159c974fa74f723b8/screenshot - {}
RESULT: {}
COMMAND: POST /session/297431b9b55e935159c974fa74f723b8/actions - {"actions":[{"id":"action60","type":"key","parameters":{},"actions":[{"type":"keyDown","value":"î€‡"},{"type":"pause","duration":10},{"type":"keyUp","value":"î€‡"}]}]}
RESULT: {"actions":[{"id":"action60","type":"key","parameters":{},"actions":[{"type":"keyDown","value":"î€‡"},{"type":"pause","duration":10},{"type":"keyUp","value":"î€‡"}]}]}
COMMAND: GET /session/297431b9b55e935159c974fa74f723b8/screenshot - {}
RESULT: {}
COMMAND: POST /session/297431b9b55e935159c974fa74f723b8/execute/async - {"script":"<script> [1562 bytes]","args":[{"selector":{"id":"application-managecatalogs-display-component---detailCatalog--assignRUSearchField-vhi","searchOpenDialogs":true},"wdio_ui5_key":"applicationmanagecatalogs-display-component---detailCatalog--assignRUSearchField-vhi"}]}
RESULT: {"script":"<script> [1562 bytes]","args":[{"selector":{"id":"application-managecatalogs-display-component---detailCatalog--assignRUSearchField-vhi","searchOpenDialogs":true},"wdio_ui5_key":"applicationmanagecatalogs-display-component---detailCatalog--assignRUSearchField-vhi"}]}
RESULT: undefined
COMMAND: POST /session/297431b9b55e935159c974fa74f723b8/element - {"using":"xpath","value":"//*[@id=\"application-managecatalogs-display-component---detailCatalog--assignRUSearchField-vhi\"]"}
RESULT: {"using":"xpath","value":"//*[@id=\"application-managecatalogs-display-component---detailCatalog--assignRUSearchField-vhi\"]"}
COMMAND: POST /session/297431b9b55e935159c974fa74f723b8/element/f.C07C1F5C83AA57D4527D3CB7EA58C4CE.d.EBCA7E5CBFDB99134C2D0EAAAEF87090.e.9120/click - {}
RESULT: {}
COMMAND: GET /session/297431b9b55e935159c974fa74f723b8/screenshot - {}
RESULT: {}
COMMAND: POST /session/297431b9b55e935159c974fa74f723b8/element - {"using":"xpath","value":"//input[contains(@id ,\"searchField-I\")]"}
RESULT: {"using":"xpath","value":"//input[contains(@id ,\"searchField-I\")]"}
COMMAND: POST /session/297431b9b55e935159c974fa74f723b8/element/f.C07C1F5C83AA57D4527D3CB7EA58C4CE.d.EBCA7E5CBFDB99134C2D0EAAAEF87090.e.9122/clear - {}
RESULT: {}
COMMAND: POST /session/297431b9b55e935159c974fa74f723b8/element/f.C07C1F5C83AA57D4527D3CB7EA58C4CE.d.EBCA7E5CBFDB99134C2D0EAAAEF87090.e.9122/value - {"text":"WebdriverRUR2Cqf0c4l"}
COMMAND: GET /session/297431b9b55e935159c974fa74f723b8/screenshot - {}
RESULT: {"text":"WebdriverRUR2Cqf0c4l"}
COMMAND: GET /session/297431b9b55e935159c974fa74f723b8/screenshot - {}
RESULT: {}
RESULT: {}
COMMAND: POST /session/297431b9b55e935159c974fa74f723b8/actions - {"actions":[{"id":"action61","type":"key","parameters":{},"actions":[{"type":"keyDown","value":"î€‡"},{"type":"pause","duration":10},{"type":"keyUp","value":"î€‡"}]}]}
RESULT: {"actions":[{"id":"action61","type":"key","parameters":{},"actions":[{"type":"keyDown","value":"î€‡"},{"type":"pause","duration":10},{"type":"keyUp","value":"î€‡"}]}]}
COMMAND: GET /session/297431b9b55e935159c974fa74f723b8/screenshot - {}
RESULT: {}
COMMAND: POST /session/297431b9b55e935159c974fa74f723b8/actions - {"actions":[{"id":"action62","type":"key","parameters":{},"actions":[{"type":"keyDown","value":"î€„"},{"type":"pause","duration":10},{"type":"keyUp","value":"î€„"}]}]}
RESULT: {"actions":[{"id":"action62","type":"key","parameters":{},"actions":[{"type":"keyDown","value":"î€„"},{"type":"pause","duration":10},{"type":"keyUp","value":"î€„"}]}]}
COMMAND: GET /session/297431b9b55e935159c974fa74f723b8/screenshot - {}
RESULT: {}
COMMAND: POST /session/297431b9b55e935159c974fa74f723b8/actions - {"actions":[{"id":"action63","type":"key","parameters":{},"actions":[{"type":"keyDown","value":"î€‡"},{"type":"pause","duration":10},{"type":"keyUp","value":"î€‡"}]}]}
RESULT: {"actions":[{"id":"action63","type":"key","parameters":{},"actions":[{"type":"keyDown","value":"î€‡"},{"type":"pause","duration":10},{"type":"keyUp","value":"î€‡"}]}]}
COMMAND: GET /session/297431b9b55e935159c974fa74f723b8/screenshot - {}
RESULT: {}
COMMAND: POST /session/297431b9b55e935159c974fa74f723b8/element - {"using":"xpath","value":"//bdi[contains(@id ,\"application-managecatalogs-display-component---detailCatalog--RUAssignmentSaveButton-BDI-content\")]"}
RESULT: {"using":"xpath","value":"//bdi[contains(@id ,\"application-managecatalogs-display-component---detailCatalog--RUAssignmentSaveButton-BDI-content\")]"}
COMMAND: POST /session/297431b9b55e935159c974fa74f723b8/element/f.C07C1F5C83AA57D4527D3CB7EA58C4CE.d.EBCA7E5CBFDB99134C2D0EAAAEF87090.e.9137/click - {}
RESULT: {}
COMMAND: GET /session/297431b9b55e935159c974fa74f723b8/screenshot - {}
RESULT: {}
COMMAND: POST /session/297431b9b55e935159c974fa74f723b8/element - {"using":"xpath","value":"//bdi[contains(text(), \"Save\")]"}
RESULT: {"using":"xpath","value":"//bdi[contains(text(), \"Save\")]"}
COMMAND: POST /session/297431b9b55e935159c974fa74f723b8/element/f.C07C1F5C83AA57D4527D3CB7EA58C4CE.d.EBCA7E5CBFDB99134C2D0EAAAEF87090.e.9164/click - {}
RESULT: {}
COMMAND: GET /session/297431b9b55e935159c974fa74f723b8/screenshot - {}
RESULT: {}
COMMAND: POST /session/297431b9b55e935159c974fa74f723b8/element - {"using":"css selector","value":"#shell-header-logo"}
RESULT: {"using":"css selector","value":"#shell-header-logo"}
COMMAND: POST /session/297431b9b55e935159c974fa74f723b8/element/f.C07C1F5C83AA57D4527D3CB7EA58C4CE.d.EBCA7E5CBFDB99134C2D0EAAAEF87090.e.8888/click - {}
RESULT: {}
COMMAND: GET /session/297431b9b55e935159c974fa74f723b8/screenshot - {}
RESULT: {}
COMMAND: POST /session/297431b9b55e935159c974fa74f723b8/refresh - {}
RESULT: {}
COMMAND: GET /session/297431b9b55e935159c974fa74f723b8/screenshot - {}
RESULT: {}
COMMAND: POST /session/297431b9b55e935159c974fa74f723b8/execute/async - {"script":"<script> [189 bytes]","args":[]}
RESULT: {"script":"<script> [189 bytes]","args":[]}
COMMAND: POST /session/297431b9b55e935159c974fa74f723b8/execute/async - {"script":"<script> [123 bytes]","args":[]}
RESULT: {"script":"<script> [123 bytes]","args":[]}
COMMAND: POST /session/297431b9b55e935159c974fa74f723b8/timeouts - {"script":"<number>"}
RESULT: {"script":"<number>"}
COMMAND: GET /session/297431b9b55e935159c974fa74f723b8/timeouts - {}
RESULT: {}
RESULT: undefined
COMMAND: POST /session/297431b9b55e935159c974fa74f723b8/execute/async - {"script":"<script> [2676 bytes]","args":[]}
RESULT: {"script":"<script> [2676 bytes]","args":[]}
COMMAND: POST /session/297431b9b55e935159c974fa74f723b8/execute/async - {"script":"<script> [2342 bytes]","args":[{"protocol":"http","hostname":"0.0.0.0","path":"/","capabilities":{"browserName":"chrome","goog:chromeOptions":{"binary":"C:\\Program Files\\Google\\Chrome\\Application\\chrome.exe","args":["--start-maximized"]}},"logLevel":"warn","connectionRetryTimeout":120000,"connectionRetryCount":3,"logLevels":{},"enableDirectConnect":true,"strictSSL":true,"_":"65 more keys: [\"cacheDir\",\"port\",\"requestedCapabilities\",\"automationProtocol\",\"baseUrl\",\"waitforInterval\",\"waitforTimeout\",\"onReload\",\"beforeCommand\",\"afterCommand\",\"rootDir\",\"specs\",\"suites\",\"exclude\",\"groupLogsByTestSpec\",\"excludeDriverLogs\",\"bail\",\"framework\",\"reporters\",\"services\",\"maxInstances\",\"maxInstancesPerCapability\",\"injectGlobals\",\"filesToWatch\",\"execArgv\",\"runnerEnv\",\"runner\",\"shard\",\"specFileRetries\",\"specFileRetriesDelay\",\"specFileRetriesDeferred\",\"reporterSyncInterval\",\"reporterSyncTimeout\",\"cucumberFeaturesWithLineNumbers\",\"autoCompileOpts\",\"mochaOpts\",\"jasmineOpts\",\"cucumberOpts\",\"onPrepare\",\"onWorkerStart\",\"onWorkerEnd\",\"before\",\"beforeSession\",\"beforeSuite\",\"beforeHook\",\"beforeTest\",\"afterTest\",\"afterHook\",\"afterSuite\",\"afterSession\",\"after\",\"onComplete\",\"beforeAssertion\",\"afterAssertion\",\"beforeFeature\",\"beforeScenario\",\"beforeStep\",\"afterStep\",\"afterScenario\",\"afterFeature\",\"_\",\"suite\",\"$0\",\"ignoredWorkerServices\",\"wdi5\"]"}]}
RESULT: {"script":"<script> [2342 bytes]","args":[{"protocol":"http","hostname":"0.0.0.0","path":"/","capabilities":{"browserName":"chrome","goog:chromeOptions":{"binary":"C:\\Program Files\\Google\\Chrome\\Application\\chrome.exe","args":["--start-maximized"]}},"logLevel":"warn","connectionRetryTimeout":120000,"connectionRetryCount":3,"logLevels":{},"enableDirectConnect":true,"strictSSL":true,"_":"65 more keys: [\"cacheDir\",\"port\",\"requestedCapabilities\",\"automationProtocol\",\"baseUrl\",\"waitforInterval\",\"waitforTimeout\",\"onReload\",\"beforeCommand\",\"afterCommand\",\"rootDir\",\"specs\",\"suites\",\"exclude\",\"groupLogsByTestSpec\",\"excludeDriverLogs\",\"bail\",\"framework\",\"reporters\",\"services\",\"maxInstances\",\"maxInstancesPerCapability\",\"injectGlobals\",\"filesToWatch\",\"execArgv\",\"runnerEnv\",\"runner\",\"shard\",\"specFileRetries\",\"specFileRetriesDelay\",\"specFileRetriesDeferred\",\"reporterSyncInterval\",\"reporterSyncTimeout\",\"cucumberFeaturesWithLineNumbers\",\"autoCompileOpts\",\"mochaOpts\",\"jasmineOpts\",\"cucumberOpts\",\"onPrepare\",\"onWorkerStart\",\"onWorkerEnd\",\"before\",\"beforeSession\",\"beforeSuite\",\"beforeHook\",\"beforeTest\",\"afterTest\",\"afterHook\",\"afterSuite\",\"afterSession\",\"after\",\"onComplete\",\"beforeAssertion\",\"afterAssertion\",\"beforeFeature\",\"beforeScenario\",\"beforeStep\",\"afterStep\",\"afterScenario\",\"afterFeature\",\"_\",\"suite\",\"$0\",\"ignoredWorkerServices\",\"wdi5\"]"}]}
COMMAND: POST /session/297431b9b55e935159c974fa74f723b8/execute/async - {"script":"<script> [21126 bytes]","args":[35000]}
RESULT: {"script":"<script> [21126 bytes]","args":[35000]}
]]></system-out>
    </testcase>
    <testcase classname="chrome.136_0_7103_93.windows.Reserve/Unreserve_request_item_via_reserve_option_US139161" name="Should create a new request with a catalog item that can be planned" time="159.497">
      <system-out><![CDATA[
COMMAND: POST /session/297431b9b55e935159c974fa74f723b8/execute/async - {"script":"<script> [1562 bytes]","args":[{"selector":{"controlType":"sap.m.GenericTile","properties":{"header":"Manage Requests"}},"wdio_ui5_key":"sapm.GenericTile{\"header\":\"Manage Requests\"}"}]}
RESULT: {"script":"<script> [1562 bytes]","args":[{"selector":{"controlType":"sap.m.GenericTile","properties":{"header":"Manage Requests"}},"wdio_ui5_key":"sapm.GenericTile{\"header\":\"Manage Requests\"}"}]}
RESULT: undefined
COMMAND: POST /session/297431b9b55e935159c974fa74f723b8/element - {"using":"xpath","value":"//*[@id=\"__tile47\"]"}
RESULT: {"using":"xpath","value":"//*[@id=\"__tile47\"]"}
COMMAND: POST /session/297431b9b55e935159c974fa74f723b8/element/f.C07C1F5C83AA57D4527D3CB7EA58C4CE.d.A2EF944C8DE514DE20BA6AC567A70502.e.9203/click - {}
RESULT: {}
COMMAND: GET /session/297431b9b55e935159c974fa74f723b8/screenshot - {}
RESULT: {}
COMMAND: POST /session/297431b9b55e935159c974fa74f723b8/elements - {"using":"xpath","value":"//span[text()='Error']"}
RESULT: {"using":"xpath","value":"//span[text()='Error']"}
COMMAND: POST /session/297431b9b55e935159c974fa74f723b8/element - {"using":"xpath","value":"//button[contains(@data-kt ,\"btnCreateNewOverflowToolbarButton\")]"}
COMMAND: POST /session/297431b9b55e935159c974fa74f723b8/element - {"using":"xpath","value":"(//span[contains(@class ,\"sapMObjStatusText\")])[1]"}
RESULT: {"using":"xpath","value":"//button[contains(@data-kt ,\"btnCreateNewOverflowToolbarButton\")]"}
COMMAND: POST /session/297431b9b55e935159c974fa74f723b8/element/f.C07C1F5C83AA57D4527D3CB7EA58C4CE.d.A2EF944C8DE514DE20BA6AC567A70502.e.9260/click - {}
RESULT: {"using":"xpath","value":"(//span[contains(@class ,\"sapMObjStatusText\")])[1]"}
COMMAND: POST /session/297431b9b55e935159c974fa74f723b8/execute/sync - {"script":"<script> [8489 bytes]","args":[{"element-6066-11e4-a52e-4f735466cecf":"f.C07C1F5C83AA57D4527D3CB7EA58C4CE.d.A2EF944C8DE514DE20BA6AC567A70502.e.9299","ELEMENT":"f.C07C1F5C83AA57D4527D3CB7EA58C4CE.d.A2EF944C8DE514DE20BA6AC567A70502.e.9299"}]}
RESULT: {}
RESULT: {"script":"<script> [8489 bytes]","args":[{"element-6066-11e4-a52e-4f735466cecf":"f.C07C1F5C83AA57D4527D3CB7EA58C4CE.d.A2EF944C8DE514DE20BA6AC567A70502.e.9299","ELEMENT":"f.C07C1F5C83AA57D4527D3CB7EA58C4CE.d.A2EF944C8DE514DE20BA6AC567A70502.e.9299"}]}
COMMAND: GET /session/297431b9b55e935159c974fa74f723b8/screenshot - {}
COMMAND: GET /session/297431b9b55e935159c974fa74f723b8/screenshot - {}
RESULT: {}
RESULT: {}
COMMAND: POST /session/297431b9b55e935159c974fa74f723b8/element - {"using":"xpath","value":"//input[contains(@id ,\"yardId-inner\")]"}
RESULT: {"using":"xpath","value":"//input[contains(@id ,\"yardId-inner\")]"}
COMMAND: POST /session/297431b9b55e935159c974fa74f723b8/execute/sync - {"script":"<script> [8489 bytes]","args":[{"element-6066-11e4-a52e-4f735466cecf":"f.C07C1F5C83AA57D4527D3CB7EA58C4CE.d.A2EF944C8DE514DE20BA6AC567A70502.e.9383","ELEMENT":"f.C07C1F5C83AA57D4527D3CB7EA58C4CE.d.A2EF944C8DE514DE20BA6AC567A70502.e.9383"}]}
RESULT: {"script":"<script> [8489 bytes]","args":[{"element-6066-11e4-a52e-4f735466cecf":"f.C07C1F5C83AA57D4527D3CB7EA58C4CE.d.A2EF944C8DE514DE20BA6AC567A70502.e.9383","ELEMENT":"f.C07C1F5C83AA57D4527D3CB7EA58C4CE.d.A2EF944C8DE514DE20BA6AC567A70502.e.9383"}]}
COMMAND: POST /session/297431b9b55e935159c974fa74f723b8/element - {"using":"xpath","value":"//input[contains(@id ,\"yardId-inner\")]"}
COMMAND: GET /session/297431b9b55e935159c974fa74f723b8/screenshot - {}
RESULT: {"using":"xpath","value":"//input[contains(@id ,\"yardId-inner\")]"}
COMMAND: GET /session/297431b9b55e935159c974fa74f723b8/element/f.C07C1F5C83AA57D4527D3CB7EA58C4CE.d.A2EF944C8DE514DE20BA6AC567A70502.e.9383/enabled - {}
RESULT: {}
RESULT: {}
COMMAND: POST /session/297431b9b55e935159c974fa74f723b8/element/f.C07C1F5C83AA57D4527D3CB7EA58C4CE.d.A2EF944C8DE514DE20BA6AC567A70502.e.9383/clear - {}
COMMAND: GET /session/297431b9b55e935159c974fa74f723b8/screenshot - {}
RESULT: {}
COMMAND: POST /session/297431b9b55e935159c974fa74f723b8/element/f.C07C1F5C83AA57D4527D3CB7EA58C4CE.d.A2EF944C8DE514DE20BA6AC567A70502.e.9383/value - {"text":"WebdriverYardunahk"}
COMMAND: GET /session/297431b9b55e935159c974fa74f723b8/screenshot - {}
RESULT: {}
RESULT: {"text":"WebdriverYardunahk"}
COMMAND: GET /session/297431b9b55e935159c974fa74f723b8/screenshot - {}
RESULT: {}
RESULT: {}
COMMAND: POST /session/297431b9b55e935159c974fa74f723b8/element - {"using":"xpath","value":"//input[contains(@id ,\"customerNumber-inner\")]"}
RESULT: {"using":"xpath","value":"//input[contains(@id ,\"customerNumber-inner\")]"}
COMMAND: POST /session/297431b9b55e935159c974fa74f723b8/element/f.C07C1F5C83AA57D4527D3CB7EA58C4CE.d.A2EF944C8DE514DE20BA6AC567A70502.e.9379/value - {"text":"WebdriverPartnerbojoc"}
COMMAND: POST /session/297431b9b55e935159c974fa74f723b8/actions - {"actions":[{"id":"action64","type":"key","parameters":{},"actions":[{"type":"keyDown","value":"î€‡"},{"type":"pause","duration":10},{"type":"keyUp","value":"î€‡"}]}]}
RESULT: {"actions":[{"id":"action64","type":"key","parameters":{},"actions":[{"type":"keyDown","value":"î€‡"},{"type":"pause","duration":10},{"type":"keyUp","value":"î€‡"}]}]}
COMMAND: GET /session/297431b9b55e935159c974fa74f723b8/screenshot - {}
RESULT: {"text":"WebdriverPartnerbojoc"}
COMMAND: GET /session/297431b9b55e935159c974fa74f723b8/screenshot - {}
RESULT: {}
RESULT: {}
COMMAND: POST /session/297431b9b55e935159c974fa74f723b8/actions - {"actions":[{"id":"action65","type":"key","parameters":{},"actions":[{"type":"keyDown","value":"î€‡"},{"type":"pause","duration":10},{"type":"keyUp","value":"î€‡"}]}]}
RESULT: {"actions":[{"id":"action65","type":"key","parameters":{},"actions":[{"type":"keyDown","value":"î€‡"},{"type":"pause","duration":10},{"type":"keyUp","value":"î€‡"}]}]}
COMMAND: GET /session/297431b9b55e935159c974fa74f723b8/screenshot - {}
RESULT: {}
COMMAND: GET /session/297431b9b55e935159c974fa74f723b8/element/f.C07C1F5C83AA57D4527D3CB7EA58C4CE.d.A2EF944C8DE514DE20BA6AC567A70502.e.9379/property/value - {}
RESULT: {}
COMMAND: GET /session/297431b9b55e935159c974fa74f723b8/screenshot - {}
RESULT: {}
COMMAND: POST /session/297431b9b55e935159c974fa74f723b8/element - {"using":"xpath","value":"//input[contains(@id ,\"requestSiteId-inner\")]"}
RESULT: {"using":"xpath","value":"//input[contains(@id ,\"requestSiteId-inner\")]"}
COMMAND: POST /session/297431b9b55e935159c974fa74f723b8/element/f.C07C1F5C83AA57D4527D3CB7EA58C4CE.d.A2EF944C8DE514DE20BA6AC567A70502.e.9378/value - {"text":"WebdriverSitencuow"}
RESULT: {"text":"WebdriverSitencuow"}
COMMAND: GET /session/297431b9b55e935159c974fa74f723b8/screenshot - {}
RESULT: {}
COMMAND: POST /session/297431b9b55e935159c974fa74f723b8/actions - {"actions":[{"id":"action66","type":"key","parameters":{},"actions":[{"type":"keyDown","value":"î€‡"},{"type":"pause","duration":10},{"type":"keyUp","value":"î€‡"}]}]}
RESULT: {"actions":[{"id":"action66","type":"key","parameters":{},"actions":[{"type":"keyDown","value":"î€‡"},{"type":"pause","duration":10},{"type":"keyUp","value":"î€‡"}]}]}
COMMAND: GET /session/297431b9b55e935159c974fa74f723b8/screenshot - {}
RESULT: {}
COMMAND: POST /session/297431b9b55e935159c974fa74f723b8/element - {"using":"xpath","value":"//button[contains(@data-kt ,\"requestItemAddOverflowToolbarButton\")]"}
RESULT: {"using":"xpath","value":"//button[contains(@data-kt ,\"requestItemAddOverflowToolbarButton\")]"}
COMMAND: POST /session/297431b9b55e935159c974fa74f723b8/element/f.C07C1F5C83AA57D4527D3CB7EA58C4CE.d.A2EF944C8DE514DE20BA6AC567A70502.e.9594/click - {}
RESULT: {}
COMMAND: GET /session/297431b9b55e935159c974fa74f723b8/screenshot - {}
RESULT: {}
COMMAND: POST /session/297431b9b55e935159c974fa74f723b8/actions - {"actions":[{"id":"action67","type":"key","parameters":{},"actions":[{"type":"keyDown","value":"î€•"},{"type":"pause","duration":10},{"type":"keyUp","value":"î€•"}]}]}
RESULT: {"actions":[{"id":"action67","type":"key","parameters":{},"actions":[{"type":"keyDown","value":"î€•"},{"type":"pause","duration":10},{"type":"keyUp","value":"î€•"}]}]}
COMMAND: POST /session/297431b9b55e935159c974fa74f723b8/actions - {"actions":[{"id":"action68","type":"key","parameters":{},"actions":[{"type":"keyDown","value":"î€‡"},{"type":"pause","duration":10},{"type":"keyUp","value":"î€‡"}]}]}
COMMAND: GET /session/297431b9b55e935159c974fa74f723b8/screenshot - {}
RESULT: {"actions":[{"id":"action68","type":"key","parameters":{},"actions":[{"type":"keyDown","value":"î€‡"},{"type":"pause","duration":10},{"type":"keyUp","value":"î€‡"}]}]}
COMMAND: POST /session/297431b9b55e935159c974fa74f723b8/element - {"using":"xpath","value":"(//input[contains(@id ,\"requestItemsTable-0-inner\")])[1]"}
COMMAND: GET /session/297431b9b55e935159c974fa74f723b8/screenshot - {}
RESULT: {}
RESULT: {"using":"xpath","value":"(//input[contains(@id ,\"requestItemsTable-0-inner\")])[1]"}
COMMAND: POST /session/297431b9b55e935159c974fa74f723b8/element/f.C07C1F5C83AA57D4527D3CB7EA58C4CE.d.A2EF944C8DE514DE20BA6AC567A70502.e.9598/clear - {}
RESULT: {}
RESULT: {}
COMMAND: POST /session/297431b9b55e935159c974fa74f723b8/element/f.C07C1F5C83AA57D4527D3CB7EA58C4CE.d.A2EF944C8DE514DE20BA6AC567A70502.e.9598/value - {"text":"catalogItemecwvo"}
COMMAND: GET /session/297431b9b55e935159c974fa74f723b8/screenshot - {}
RESULT: {"text":"catalogItemecwvo"}
COMMAND: GET /session/297431b9b55e935159c974fa74f723b8/screenshot - {}
RESULT: {}
RESULT: {}
COMMAND: POST /session/297431b9b55e935159c974fa74f723b8/actions - {"actions":[{"id":"action69","type":"key","parameters":{},"actions":[{"type":"keyDown","value":"î€‡"},{"type":"pause","duration":10},{"type":"keyUp","value":"î€‡"}]}]}
RESULT: {"actions":[{"id":"action69","type":"key","parameters":{},"actions":[{"type":"keyDown","value":"î€‡"},{"type":"pause","duration":10},{"type":"keyUp","value":"î€‡"}]}]}
COMMAND: GET /session/297431b9b55e935159c974fa74f723b8/screenshot - {}
RESULT: {}
COMMAND: POST /session/297431b9b55e935159c974fa74f723b8/execute/async - {"script":"<script> [1562 bytes]","args":[{"selector":{"controlType":"sap.ui.core.Icon","viewName":"etm.portal.ui.managerequests.view.NewRequest","properties":{"src":{"regex":{"source":"slim\\-arrow\\-down"}}},"ancestor":{"controlType":"sap.m.Button","viewName":"etm.portal.ui.managerequests.view.NewRequest","properties":{"icon":"sap-icon://slim-arrow-down"}}},"wdio_ui5_key":"etmportal.ui.managerequests.view.NewRequestsap.ui.core.Icon{\"src\":{\"regex\":{\"source\":\"slim\\\\-arrow\\\\-down\"}}}{\"controlType\":\"sap.m.Button\",\"viewName\":\"etm.portal.ui.managerequests.view.NewRequest\",\"properties\":{\"icon\":\"sap-icon://slim-arrow-down\"}}"}]}
RESULT: {"script":"<script> [1562 bytes]","args":[{"selector":{"controlType":"sap.ui.core.Icon","viewName":"etm.portal.ui.managerequests.view.NewRequest","properties":{"src":{"regex":{"source":"slim\\-arrow\\-down"}}},"ancestor":{"controlType":"sap.m.Button","viewName":"etm.portal.ui.managerequests.view.NewRequest","properties":{"icon":"sap-icon://slim-arrow-down"}}},"wdio_ui5_key":"etmportal.ui.managerequests.view.NewRequestsap.ui.core.Icon{\"src\":{\"regex\":{\"source\":\"slim\\\\-arrow\\\\-down\"}}}{\"controlType\":\"sap.m.Button\",\"viewName\":\"etm.portal.ui.managerequests.view.NewRequest\",\"properties\":{\"icon\":\"sap-icon://slim-arrow-down\"}}"}]}
RESULT: undefined
COMMAND: POST /session/297431b9b55e935159c974fa74f723b8/element - {"using":"xpath","value":"//div[contains(@data-kt ,\"splitAllocationObjectStatus\")]"}
RESULT: {"using":"xpath","value":"//div[contains(@data-kt ,\"splitAllocationObjectStatus\")]"}
COMMAND: POST /session/297431b9b55e935159c974fa74f723b8/elements - {"using":"xpath","value":"//div[contains(@data-kt ,\"splitAllocationObjectStatus\")]"}
RESULT: {"using":"xpath","value":"//div[contains(@data-kt ,\"splitAllocationObjectStatus\")]"}
COMMAND: POST /session/297431b9b55e935159c974fa74f723b8/execute/async - {"script":"<script> [1562 bytes]","args":[{"selector":{"controlType":"sap.ui.core.Icon","viewName":"etm.portal.ui.managerequests.view.NewRequest","properties":{"src":{"regex":{"source":"message\\-error"}}}},"wdio_ui5_key":"etmportal.ui.managerequests.view.NewRequestsap.ui.core.Icon{\"src\":{\"regex\":{\"source\":\"message\\\\-error\"}}}"}]}
RESULT: {"script":"<script> [1562 bytes]","args":[{"selector":{"controlType":"sap.ui.core.Icon","viewName":"etm.portal.ui.managerequests.view.NewRequest","properties":{"src":{"regex":{"source":"message\\-error"}}}},"wdio_ui5_key":"etmportal.ui.managerequests.view.NewRequestsap.ui.core.Icon{\"src\":{\"regex\":{\"source\":\"message\\\\-error\"}}}"}]}
RESULT: undefined
COMMAND: POST /session/297431b9b55e935159c974fa74f723b8/element - {"using":"xpath","value":"//*[@id=\"__status4-__xmlview59--requestItemsTable-0-icon\"]"}
RESULT: {"using":"xpath","value":"//*[@id=\"__status4-__xmlview59--requestItemsTable-0-icon\"]"}
COMMAND: POST /session/297431b9b55e935159c974fa74f723b8/element/f.C07C1F5C83AA57D4527D3CB7EA58C4CE.d.A2EF944C8DE514DE20BA6AC567A70502.e.9614/click - {}
RESULT: {}
COMMAND: POST /session/297431b9b55e935159c974fa74f723b8/execute/async - {"script":"<script> [1562 bytes]","args":[{"selector":{"controlType":"sap.ui.core.Icon","viewName":"etm.portal.ui.managerequests.view.NewRequest","properties":{"src":{"regex":{"source":"slim\\-arrow\\-down"}}},"searchOpenDialogs":true,"ancestor":{"id":"costObjectAdminTypeComboBox","viewName":"etm.portal.ui.managerequests.view.NewRequest","searchOpenDialogs":true}},"wdio_ui5_key":"etmportal.ui.managerequests.view.NewRequestsap.ui.core.Icon{\"src\":{\"regex\":{\"source\":\"slim\\\\-arrow\\\\-down\"}}}{\"id\":\"costObjectAdminTypeComboBox\",\"viewName\":\"etm.portal.ui.managerequests.view.NewRequest\",\"searchOpenDialogs\":true}"}]}
COMMAND: GET /session/297431b9b55e935159c974fa74f723b8/screenshot - {}
RESULT: {"script":"<script> [1562 bytes]","args":[{"selector":{"controlType":"sap.ui.core.Icon","viewName":"etm.portal.ui.managerequests.view.NewRequest","properties":{"src":{"regex":{"source":"slim\\-arrow\\-down"}}},"searchOpenDialogs":true,"ancestor":{"id":"costObjectAdminTypeComboBox","viewName":"etm.portal.ui.managerequests.view.NewRequest","searchOpenDialogs":true}},"wdio_ui5_key":"etmportal.ui.managerequests.view.NewRequestsap.ui.core.Icon{\"src\":{\"regex\":{\"source\":\"slim\\\\-arrow\\\\-down\"}}}{\"id\":\"costObjectAdminTypeComboBox\",\"viewName\":\"etm.portal.ui.managerequests.view.NewRequest\",\"searchOpenDialogs\":true}"}]}
RESULT: undefined
COMMAND: POST /session/297431b9b55e935159c974fa74f723b8/element - {"using":"xpath","value":"//*[@id=\"__xmlview59--costObjectAdminTypeComboBox-arrow\"]"}
RESULT: {}
RESULT: {"using":"xpath","value":"//*[@id=\"__xmlview59--costObjectAdminTypeComboBox-arrow\"]"}
COMMAND: POST /session/297431b9b55e935159c974fa74f723b8/element/f.C07C1F5C83AA57D4527D3CB7EA58C4CE.d.A2EF944C8DE514DE20BA6AC567A70502.e.9619/click - {}
RESULT: {}
COMMAND: POST /session/297431b9b55e935159c974fa74f723b8/execute/async - {"script":"<script> [1562 bytes]","args":[{"selector":{"controlType":"sap.m.StandardListItem","viewName":"etm.portal.ui.managerequests.view.NewRequest","properties":{"title":"Cost Center"},"searchOpenDialogs":true,"interaction":{"idSuffix":"titleText"}},"wdio_ui5_key":"etmportal.ui.managerequests.view.NewRequestsap.m.StandardListItem{\"title\":\"Cost Center\"}"}]}
COMMAND: GET /session/297431b9b55e935159c974fa74f723b8/screenshot - {}
RESULT: {"script":"<script> [1562 bytes]","args":[{"selector":{"controlType":"sap.m.StandardListItem","viewName":"etm.portal.ui.managerequests.view.NewRequest","properties":{"title":"Cost Center"},"searchOpenDialogs":true,"interaction":{"idSuffix":"titleText"}},"wdio_ui5_key":"etmportal.ui.managerequests.view.NewRequestsap.m.StandardListItem{\"title\":\"Cost Center\"}"}]}
RESULT: undefined
COMMAND: POST /session/297431b9b55e935159c974fa74f723b8/element - {"using":"xpath","value":"//*[@id=\"__item856\"]"}
RESULT: {}
RESULT: {"using":"xpath","value":"//*[@id=\"__item856\"]"}
COMMAND: POST /session/297431b9b55e935159c974fa74f723b8/element/f.C07C1F5C83AA57D4527D3CB7EA58C4CE.d.A2EF944C8DE514DE20BA6AC567A70502.e.9621/click - {}
RESULT: {}
COMMAND: GET /session/297431b9b55e935159c974fa74f723b8/screenshot - {}
RESULT: {}
COMMAND: POST /session/297431b9b55e935159c974fa74f723b8/execute/async - {"script":"<script> [1562 bytes]","args":[{"selector":{"controlType":"sap.ui.core.Icon","viewName":"etm.portal.ui.managerequests.view.NewRequest","properties":{"src":{"regex":{"source":"value\\-help"}}},"searchOpenDialogs":true},"wdio_ui5_key":"etmportal.ui.managerequests.view.NewRequestsap.ui.core.Icon{\"src\":{\"regex\":{\"source\":\"value\\\\-help\"}}}"}]}
RESULT: {"script":"<script> [1562 bytes]","args":[{"selector":{"controlType":"sap.ui.core.Icon","viewName":"etm.portal.ui.managerequests.view.NewRequest","properties":{"src":{"regex":{"source":"value\\-help"}}},"searchOpenDialogs":true},"wdio_ui5_key":"etmportal.ui.managerequests.view.NewRequestsap.ui.core.Icon{\"src\":{\"regex\":{\"source\":\"value\\\\-help\"}}}"}]}
RESULT: undefined
COMMAND: POST /session/297431b9b55e935159c974fa74f723b8/element - {"using":"xpath","value":"//*[@id=\"__xmlview59--costObjectIdComboBox-vhi\"]"}
RESULT: {"using":"xpath","value":"//*[@id=\"__xmlview59--costObjectIdComboBox-vhi\"]"}
COMMAND: POST /session/297431b9b55e935159c974fa74f723b8/element/f.C07C1F5C83AA57D4527D3CB7EA58C4CE.d.A2EF944C8DE514DE20BA6AC567A70502.e.9628/click - {}
RESULT: {}
COMMAND: POST /session/297431b9b55e935159c974fa74f723b8/execute/async - {"script":"<script> [1562 bytes]","args":[{"selector":{"controlType":"sap.m.SearchField","properties":{"placeholder":"Search"},"searchOpenDialogs":true,"interaction":{"idSuffix":"I"}},"wdio_ui5_key":"sapm.SearchField{\"placeholder\":\"Search\"}"}]}
COMMAND: GET /session/297431b9b55e935159c974fa74f723b8/screenshot - {}
RESULT: {"script":"<script> [1562 bytes]","args":[{"selector":{"controlType":"sap.m.SearchField","properties":{"placeholder":"Search"},"searchOpenDialogs":true,"interaction":{"idSuffix":"I"}},"wdio_ui5_key":"sapm.SearchField{\"placeholder\":\"Search\"}"}]}
RESULT: undefined
COMMAND: POST /session/297431b9b55e935159c974fa74f723b8/execute/async - {"script":"<script> [776 bytes]","args":[{"enterText":"10001010","selector":{"controlType":"sap.m.SearchField","properties":{"placeholder":"Search"},"searchOpenDialogs":true,"interaction":{"idSuffix":"I"}},"clearTextFirst":true,"interactionType":"ENTER_TEXT"}]}
RESULT: {}
RESULT: {"script":"<script> [776 bytes]","args":[{"enterText":"10001010","selector":{"controlType":"sap.m.SearchField","properties":{"placeholder":"Search"},"searchOpenDialogs":true,"interaction":{"idSuffix":"I"}},"clearTextFirst":true,"interactionType":"ENTER_TEXT"}]}
COMMAND: POST /session/297431b9b55e935159c974fa74f723b8/actions - {"actions":[{"id":"action70","type":"key","parameters":{},"actions":[{"type":"keyDown","value":"î€‡"},{"type":"pause","duration":10},{"type":"keyUp","value":"î€‡"}]}]}
RESULT: {"actions":[{"id":"action70","type":"key","parameters":{},"actions":[{"type":"keyDown","value":"î€‡"},{"type":"pause","duration":10},{"type":"keyUp","value":"î€‡"}]}]}
COMMAND: GET /session/297431b9b55e935159c974fa74f723b8/screenshot - {}
RESULT: {}
COMMAND: POST /session/297431b9b55e935159c974fa74f723b8/execute/async - {"script":"<script> [1562 bytes]","args":[{"selector":{"controlType":"sap.m.Text","bindingPath":{"path":"/C_CostCtrValueHelp(CostCenter='10001010',ControllingArea='Z001')","propertyPath":"CostCenterName","modelName":"CostCenterModel"},"searchOpenDialogs":true},"wdio_ui5_key":"sapm.Text{\"path\":\"/C_CostCtrValueHelp(CostCenter='10001010',ControllingArea='Z001')\",\"propertyPath\":\"CostCenterName\",\"modelName\":\"CostCenterModel\"}"}]}
RESULT: {"script":"<script> [1562 bytes]","args":[{"selector":{"controlType":"sap.m.Text","bindingPath":{"path":"/C_CostCtrValueHelp(CostCenter='10001010',ControllingArea='Z001')","propertyPath":"CostCenterName","modelName":"CostCenterModel"},"searchOpenDialogs":true},"wdio_ui5_key":"sapm.Text{\"path\":\"/C_CostCtrValueHelp(CostCenter='10001010',ControllingArea='Z001')\",\"propertyPath\":\"CostCenterName\",\"modelName\":\"CostCenterModel\"}"}]}
RESULT: undefined
COMMAND: POST /session/297431b9b55e935159c974fa74f723b8/element - {"using":"xpath","value":"//*[@id=\"__text287-__clone1002\"]"}
RESULT: {"using":"xpath","value":"//*[@id=\"__text287-__clone1002\"]"}
COMMAND: POST /session/297431b9b55e935159c974fa74f723b8/element/f.C07C1F5C83AA57D4527D3CB7EA58C4CE.d.A2EF944C8DE514DE20BA6AC567A70502.e.9668/click - {}
RESULT: {}
COMMAND: POST /session/297431b9b55e935159c974fa74f723b8/execute/async - {"script":"<script> [1562 bytes]","args":[{"selector":{"controlType":"sap.m.Button","properties":{"text":"OK"},"searchOpenDialogs":true,"interaction":{"idSuffix":"BDI-content"}},"wdio_ui5_key":"sapm.Button{\"text\":\"OK\"}"}]}
COMMAND: GET /session/297431b9b55e935159c974fa74f723b8/screenshot - {}
RESULT: {"script":"<script> [1562 bytes]","args":[{"selector":{"controlType":"sap.m.Button","properties":{"text":"OK"},"searchOpenDialogs":true,"interaction":{"idSuffix":"BDI-content"}},"wdio_ui5_key":"sapm.Button{\"text\":\"OK\"}"}]}
RESULT: undefined
COMMAND: POST /session/297431b9b55e935159c974fa74f723b8/element - {"using":"xpath","value":"//*[@id=\"__dialog1-ok\"]"}
RESULT: {}
RESULT: {"using":"xpath","value":"//*[@id=\"__dialog1-ok\"]"}
COMMAND: POST /session/297431b9b55e935159c974fa74f723b8/element/f.C07C1F5C83AA57D4527D3CB7EA58C4CE.d.A2EF944C8DE514DE20BA6AC567A70502.e.9670/click - {}
RESULT: {}
COMMAND: GET /session/297431b9b55e935159c974fa74f723b8/screenshot - {}
RESULT: {}
COMMAND: POST /session/297431b9b55e935159c974fa74f723b8/execute/async - {"script":"<script> [1562 bytes]","args":[{"selector":{"controlType":"sap.m.Button","viewName":"etm.portal.ui.managerequests.view.NewRequest","i18NText":{"propertyName":"text","key":"save"},"searchOpenDialogs":true,"interaction":{"idSuffix":"BDI-content"}},"wdio_ui5_key":"etmportal.ui.managerequests.view.NewRequestsap.m.Button{\"propertyName\":\"text\",\"key\":\"save\"}"}]}
RESULT: {"script":"<script> [1562 bytes]","args":[{"selector":{"controlType":"sap.m.Button","viewName":"etm.portal.ui.managerequests.view.NewRequest","i18NText":{"propertyName":"text","key":"save"},"searchOpenDialogs":true,"interaction":{"idSuffix":"BDI-content"}},"wdio_ui5_key":"etmportal.ui.managerequests.view.NewRequestsap.m.Button{\"propertyName\":\"text\",\"key\":\"save\"}"}]}
RESULT: undefined
COMMAND: POST /session/297431b9b55e935159c974fa74f723b8/element - {"using":"xpath","value":"//*[@id=\"__button22\"]"}
RESULT: {"using":"xpath","value":"//*[@id=\"__button22\"]"}
COMMAND: POST /session/297431b9b55e935159c974fa74f723b8/element/f.C07C1F5C83AA57D4527D3CB7EA58C4CE.d.A2EF944C8DE514DE20BA6AC567A70502.e.9674/click - {}
RESULT: {}
COMMAND: GET /session/297431b9b55e935159c974fa74f723b8/screenshot - {}
RESULT: {}
COMMAND: POST /session/297431b9b55e935159c974fa74f723b8/element - {"using":"xpath","value":"(//bdi[contains(text() ,\"Save\")])[1]"}
RESULT: {"using":"xpath","value":"(//bdi[contains(text() ,\"Save\")])[1]"}
COMMAND: POST /session/297431b9b55e935159c974fa74f723b8/element/f.C07C1F5C83AA57D4527D3CB7EA58C4CE.d.A2EF944C8DE514DE20BA6AC567A70502.e.9677/click - {}
RESULT: {}
COMMAND: GET /session/297431b9b55e935159c974fa74f723b8/screenshot - {}
RESULT: {}
COMMAND: POST /session/297431b9b55e935159c974fa74f723b8/execute/async - {"script":"<script> [1562 bytes]","args":[{"selector":{"controlType":"sap.m.Title","properties":{"text":"Success"},"searchOpenDialogs":true},"wdio_ui5_key":"sapm.Title{\"text\":\"Success\"}"}]}
RESULT: {"script":"<script> [1562 bytes]","args":[{"selector":{"controlType":"sap.m.Title","properties":{"text":"Success"},"searchOpenDialogs":true},"wdio_ui5_key":"sapm.Title{\"text\":\"Success\"}"}]}
RESULT: undefined
COMMAND: POST /session/297431b9b55e935159c974fa74f723b8/execute/async - {"script":"<script> [6424 bytes]","args":[{"element-6066-11e4-a52e-4f735466cecf":"f.C07C1F5C83AA57D4527D3CB7EA58C4CE.d.A2EF944C8DE514DE20BA6AC567A70502.e.9680"},"getText",[]]}
RESULT: {"script":"<script> [6424 bytes]","args":[{"element-6066-11e4-a52e-4f735466cecf":"f.C07C1F5C83AA57D4527D3CB7EA58C4CE.d.A2EF944C8DE514DE20BA6AC567A70502.e.9680"},"getText",[]]}
COMMAND: POST /session/297431b9b55e935159c974fa74f723b8/execute/async - {"script":"<script> [1562 bytes]","args":[{"selector":{"controlType":"sap.m.Button","properties":{"text":"Close"},"searchOpenDialogs":true,"interaction":{"idSuffix":"BDI-content"}},"wdio_ui5_key":"sapm.Button{\"text\":\"Close\"}"}]}
RESULT: {"script":"<script> [1562 bytes]","args":[{"selector":{"controlType":"sap.m.Button","properties":{"text":"Close"},"searchOpenDialogs":true,"interaction":{"idSuffix":"BDI-content"}},"wdio_ui5_key":"sapm.Button{\"text\":\"Close\"}"}]}
RESULT: undefined
COMMAND: POST /session/297431b9b55e935159c974fa74f723b8/element - {"using":"xpath","value":"//*[@id=\"__mbox-btn-0\"]"}
RESULT: {"using":"xpath","value":"//*[@id=\"__mbox-btn-0\"]"}
COMMAND: POST /session/297431b9b55e935159c974fa74f723b8/element/f.C07C1F5C83AA57D4527D3CB7EA58C4CE.d.A2EF944C8DE514DE20BA6AC567A70502.e.9679/click - {}
RESULT: {}
COMMAND: GET /session/297431b9b55e935159c974fa74f723b8/screenshot - {}
RESULT: {}
]]></system-out>
    </testcase>
    <testcase classname="chrome.136_0_7103_93.windows.Reserve/Unreserve_request_item_via_reserve_option_US139161" name="Should navigate to planning board and reserve the resource" time="97.18">
      <system-out><![CDATA[
COMMAND: POST /session/297431b9b55e935159c974fa74f723b8/execute/async - {"script":"<script> [1562 bytes]","args":[{"selector":{"controlType":"sap.m.Button","viewName":"etm.portal.ui.managerequests.view.Detail","i18NText":{"propertyName":"text","key":"planningSituation"},"interaction":{"idSuffix":"BDI-content"}},"wdio_ui5_key":"etmportal.ui.managerequests.view.Detailsap.m.Button{\"propertyName\":\"text\",\"key\":\"planningSituation\"}"}]}
RESULT: {"script":"<script> [1562 bytes]","args":[{"selector":{"controlType":"sap.m.Button","viewName":"etm.portal.ui.managerequests.view.Detail","i18NText":{"propertyName":"text","key":"planningSituation"},"interaction":{"idSuffix":"BDI-content"}},"wdio_ui5_key":"etmportal.ui.managerequests.view.Detailsap.m.Button{\"propertyName\":\"text\",\"key\":\"planningSituation\"}"}]}
RESULT: undefined
COMMAND: POST /session/297431b9b55e935159c974fa74f723b8/element - {"using":"xpath","value":"//*[@id=\"__button25\"]"}
RESULT: {"using":"xpath","value":"//*[@id=\"__button25\"]"}
COMMAND: POST /session/297431b9b55e935159c974fa74f723b8/element/f.C07C1F5C83AA57D4527D3CB7EA58C4CE.d.A2EF944C8DE514DE20BA6AC567A70502.e.9698/click - {}
RESULT: {}
COMMAND: GET /session/297431b9b55e935159c974fa74f723b8/screenshot - {}
RESULT: {}
COMMAND: POST /session/297431b9b55e935159c974fa74f723b8/element - {"using":"xpath","value":"(//span[contains(@title ,\"WebdriverYardunahk\")])[1]"}
RESULT: {"using":"xpath","value":"(//span[contains(@title ,\"WebdriverYardunahk\")])[1]"}
COMMAND: POST /session/297431b9b55e935159c974fa74f723b8/elements - {"using":"xpath","value":"(//span[contains(@title ,\"WebdriverYardunahk\")])[1]"}
RESULT: {"using":"xpath","value":"(//span[contains(@title ,\"WebdriverYardunahk\")])[1]"}
COMMAND: POST /session/297431b9b55e935159c974fa74f723b8/elements - {"using":"xpath","value":"(//span[contains(@title ,\"WebdriverYardunahk\")])[1]"}
RESULT: {"using":"xpath","value":"(//span[contains(@title ,\"WebdriverYardunahk\")])[1]"}
COMMAND: POST /session/297431b9b55e935159c974fa74f723b8/elements - {"using":"xpath","value":"(//span[contains(@title ,\"WebdriverYardunahk\")])[1]"}
RESULT: {"using":"xpath","value":"(//span[contains(@title ,\"WebdriverYardunahk\")])[1]"}
COMMAND: POST /session/297431b9b55e935159c974fa74f723b8/elements - {"using":"xpath","value":"(//span[contains(@title ,\"WebdriverYardunahk\")])[1]"}
RESULT: {"using":"xpath","value":"(//span[contains(@title ,\"WebdriverYardunahk\")])[1]"}
COMMAND: POST /session/297431b9b55e935159c974fa74f723b8/elements - {"using":"xpath","value":"(//span[contains(@title ,\"WebdriverYardunahk\")])[1]"}
RESULT: {"using":"xpath","value":"(//span[contains(@title ,\"WebdriverYardunahk\")])[1]"}
COMMAND: POST /session/297431b9b55e935159c974fa74f723b8/elements - {"using":"xpath","value":"(//span[contains(@title ,\"WebdriverYardunahk\")])[1]"}
RESULT: {"using":"xpath","value":"(//span[contains(@title ,\"WebdriverYardunahk\")])[1]"}
COMMAND: POST /session/297431b9b55e935159c974fa74f723b8/elements - {"using":"xpath","value":"(//span[contains(@title ,\"WebdriverYardunahk\")])[1]"}
RESULT: {"using":"xpath","value":"(//span[contains(@title ,\"WebdriverYardunahk\")])[1]"}
COMMAND: POST /session/297431b9b55e935159c974fa74f723b8/elements - {"using":"xpath","value":"(//span[contains(@title ,\"WebdriverYardunahk\")])[1]"}
RESULT: {"using":"xpath","value":"(//span[contains(@title ,\"WebdriverYardunahk\")])[1]"}
COMMAND: POST /session/297431b9b55e935159c974fa74f723b8/elements - {"using":"xpath","value":"(//span[contains(@title ,\"WebdriverYardunahk\")])[1]"}
RESULT: {"using":"xpath","value":"(//span[contains(@title ,\"WebdriverYardunahk\")])[1]"}
COMMAND: POST /session/297431b9b55e935159c974fa74f723b8/elements - {"using":"xpath","value":"(//span[contains(@title ,\"WebdriverYardunahk\")])[1]"}
RESULT: {"using":"xpath","value":"(//span[contains(@title ,\"WebdriverYardunahk\")])[1]"}
COMMAND: POST /session/297431b9b55e935159c974fa74f723b8/elements - {"using":"xpath","value":"(//span[contains(@title ,\"WebdriverYardunahk\")])[1]"}
RESULT: {"using":"xpath","value":"(//span[contains(@title ,\"WebdriverYardunahk\")])[1]"}
COMMAND: POST /session/297431b9b55e935159c974fa74f723b8/elements - {"using":"xpath","value":"(//span[contains(@title ,\"WebdriverYardunahk\")])[1]"}
RESULT: {"using":"xpath","value":"(//span[contains(@title ,\"WebdriverYardunahk\")])[1]"}
COMMAND: POST /session/297431b9b55e935159c974fa74f723b8/elements - {"using":"xpath","value":"(//span[contains(@title ,\"WebdriverYardunahk\")])[1]"}
RESULT: {"using":"xpath","value":"(//span[contains(@title ,\"WebdriverYardunahk\")])[1]"}
COMMAND: POST /session/297431b9b55e935159c974fa74f723b8/elements - {"using":"xpath","value":"(//span[contains(@title ,\"WebdriverYardunahk\")])[1]"}
RESULT: {"using":"xpath","value":"(//span[contains(@title ,\"WebdriverYardunahk\")])[1]"}
COMMAND: POST /session/297431b9b55e935159c974fa74f723b8/elements - {"using":"xpath","value":"(//span[contains(@title ,\"WebdriverYardunahk\")])[1]"}
RESULT: {"using":"xpath","value":"(//span[contains(@title ,\"WebdriverYardunahk\")])[1]"}
COMMAND: POST /session/297431b9b55e935159c974fa74f723b8/elements - {"using":"xpath","value":"(//span[contains(@title ,\"WebdriverYardunahk\")])[1]"}
RESULT: {"using":"xpath","value":"(//span[contains(@title ,\"WebdriverYardunahk\")])[1]"}
COMMAND: POST /session/297431b9b55e935159c974fa74f723b8/elements - {"using":"xpath","value":"(//span[contains(@title ,\"WebdriverYardunahk\")])[1]"}
RESULT: {"using":"xpath","value":"(//span[contains(@title ,\"WebdriverYardunahk\")])[1]"}
COMMAND: POST /session/297431b9b55e935159c974fa74f723b8/elements - {"using":"xpath","value":"(//span[contains(@title ,\"WebdriverYardunahk\")])[1]"}
RESULT: {"using":"xpath","value":"(//span[contains(@title ,\"WebdriverYardunahk\")])[1]"}
COMMAND: POST /session/297431b9b55e935159c974fa74f723b8/elements - {"using":"xpath","value":"(//span[contains(@title ,\"WebdriverYardunahk\")])[1]"}
RESULT: {"using":"xpath","value":"(//span[contains(@title ,\"WebdriverYardunahk\")])[1]"}
COMMAND: POST /session/297431b9b55e935159c974fa74f723b8/elements - {"using":"xpath","value":"(//span[contains(@title ,\"WebdriverYardunahk\")])[1]"}
RESULT: {"using":"xpath","value":"(//span[contains(@title ,\"WebdriverYardunahk\")])[1]"}
COMMAND: POST /session/297431b9b55e935159c974fa74f723b8/elements - {"using":"xpath","value":"(//span[contains(@title ,\"WebdriverYardunahk\")])[1]"}
RESULT: {"using":"xpath","value":"(//span[contains(@title ,\"WebdriverYardunahk\")])[1]"}
COMMAND: POST /session/297431b9b55e935159c974fa74f723b8/elements - {"using":"xpath","value":"(//span[contains(@title ,\"WebdriverYardunahk\")])[1]"}
RESULT: {"using":"xpath","value":"(//span[contains(@title ,\"WebdriverYardunahk\")])[1]"}
COMMAND: POST /session/297431b9b55e935159c974fa74f723b8/elements - {"using":"xpath","value":"(//span[contains(@title ,\"WebdriverYardunahk\")])[1]"}
RESULT: {"using":"xpath","value":"(//span[contains(@title ,\"WebdriverYardunahk\")])[1]"}
COMMAND: POST /session/297431b9b55e935159c974fa74f723b8/elements - {"using":"xpath","value":"(//span[contains(@title ,\"WebdriverYardunahk\")])[1]"}
RESULT: {"using":"xpath","value":"(//span[contains(@title ,\"WebdriverYardunahk\")])[1]"}
COMMAND: POST /session/297431b9b55e935159c974fa74f723b8/elements - {"using":"xpath","value":"(//span[contains(@title ,\"WebdriverYardunahk\")])[1]"}
RESULT: {"using":"xpath","value":"(//span[contains(@title ,\"WebdriverYardunahk\")])[1]"}
COMMAND: POST /session/297431b9b55e935159c974fa74f723b8/elements - {"using":"xpath","value":"(//span[contains(@title ,\"WebdriverYardunahk\")])[1]"}
RESULT: {"using":"xpath","value":"(//span[contains(@title ,\"WebdriverYardunahk\")])[1]"}
COMMAND: POST /session/297431b9b55e935159c974fa74f723b8/elements - {"using":"xpath","value":"(//span[contains(@title ,\"WebdriverYardunahk\")])[1]"}
RESULT: {"using":"xpath","value":"(//span[contains(@title ,\"WebdriverYardunahk\")])[1]"}
COMMAND: POST /session/297431b9b55e935159c974fa74f723b8/elements - {"using":"xpath","value":"(//span[contains(@title ,\"WebdriverYardunahk\")])[1]"}
RESULT: {"using":"xpath","value":"(//span[contains(@title ,\"WebdriverYardunahk\")])[1]"}
COMMAND: POST /session/297431b9b55e935159c974fa74f723b8/elements - {"using":"xpath","value":"(//span[contains(@title ,\"WebdriverYardunahk\")])[1]"}
RESULT: {"using":"xpath","value":"(//span[contains(@title ,\"WebdriverYardunahk\")])[1]"}
COMMAND: POST /session/297431b9b55e935159c974fa74f723b8/elements - {"using":"xpath","value":"(//span[contains(@title ,\"WebdriverYardunahk\")])[1]"}
RESULT: {"using":"xpath","value":"(//span[contains(@title ,\"WebdriverYardunahk\")])[1]"}
COMMAND: POST /session/297431b9b55e935159c974fa74f723b8/elements - {"using":"xpath","value":"(//span[contains(@title ,\"WebdriverYardunahk\")])[1]"}
RESULT: {"using":"xpath","value":"(//span[contains(@title ,\"WebdriverYardunahk\")])[1]"}
COMMAND: POST /session/297431b9b55e935159c974fa74f723b8/elements - {"using":"xpath","value":"(//span[contains(@title ,\"WebdriverYardunahk\")])[1]"}
RESULT: {"using":"xpath","value":"(//span[contains(@title ,\"WebdriverYardunahk\")])[1]"}
COMMAND: POST /session/297431b9b55e935159c974fa74f723b8/elements - {"using":"xpath","value":"(//span[contains(@title ,\"WebdriverYardunahk\")])[1]"}
RESULT: {"using":"xpath","value":"(//span[contains(@title ,\"WebdriverYardunahk\")])[1]"}
COMMAND: POST /session/297431b9b55e935159c974fa74f723b8/elements - {"using":"xpath","value":"(//span[contains(@title ,\"WebdriverYardunahk\")])[1]"}
RESULT: {"using":"xpath","value":"(//span[contains(@title ,\"WebdriverYardunahk\")])[1]"}
COMMAND: POST /session/297431b9b55e935159c974fa74f723b8/element - {"using":"xpath","value":"(//span[contains(@title ,\"WebdriverYardunahk\")])[1]"}
RESULT: {"using":"xpath","value":"(//span[contains(@title ,\"WebdriverYardunahk\")])[1]"}
COMMAND: POST /session/297431b9b55e935159c974fa74f723b8/execute/sync - {"script":"<script> [8489 bytes]","args":[{"element-6066-11e4-a52e-4f735466cecf":"f.C07C1F5C83AA57D4527D3CB7EA58C4CE.d.A2EF944C8DE514DE20BA6AC567A70502.e.10056","ELEMENT":"f.C07C1F5C83AA57D4527D3CB7EA58C4CE.d.A2EF944C8DE514DE20BA6AC567A70502.e.10056"}]}
RESULT: {"script":"<script> [8489 bytes]","args":[{"element-6066-11e4-a52e-4f735466cecf":"f.C07C1F5C83AA57D4527D3CB7EA58C4CE.d.A2EF944C8DE514DE20BA6AC567A70502.e.10056","ELEMENT":"f.C07C1F5C83AA57D4527D3CB7EA58C4CE.d.A2EF944C8DE514DE20BA6AC567A70502.e.10056"}]}
COMMAND: POST /session/297431b9b55e935159c974fa74f723b8/element - {"using":"xpath","value":"(//span[contains(@title ,\"WebdriverYardunahk\")])[1]"}
COMMAND: GET /session/297431b9b55e935159c974fa74f723b8/screenshot - {}
RESULT: {"using":"xpath","value":"(//span[contains(@title ,\"WebdriverYardunahk\")])[1]"}
COMMAND: POST /session/297431b9b55e935159c974fa74f723b8/actions - {"actions":[{"id":"action71","type":"pointer","parameters":{"pointerType":"mouse"},"actions":[{"type":"pointerMove","button":0,"width":0,"height":0,"pressure":0,"tangentialPressure":0,"tiltX":0,"tiltY":0,"twist":0,"altitudeAngle":0,"_":"5 more keys: [\"azimuthAngle\",\"x\",\"y\",\"duration\",\"origin\"]"},{"type":"pointerDown","button":2,"width":0,"height":0,"pressure":0,"tangentialPressure":0,"tiltX":0,"tiltY":0,"twist":0,"altitudeAngle":0,"_":"1 more keys: [\"azimuthAngle\"]"},{"type":"pointerUp","button":2}]}]}
RESULT: {}
RESULT: {"actions":[{"id":"action71","type":"pointer","parameters":{"pointerType":"mouse"},"actions":[{"type":"pointerMove","button":0,"width":0,"height":0,"pressure":0,"tangentialPressure":0,"tiltX":0,"tiltY":0,"twist":0,"altitudeAngle":0,"_":"5 more keys: [\"azimuthAngle\",\"x\",\"y\",\"duration\",\"origin\"]"},{"type":"pointerDown","button":2,"width":0,"height":0,"pressure":0,"tangentialPressure":0,"tiltX":0,"tiltY":0,"twist":0,"altitudeAngle":0,"_":"1 more keys: [\"azimuthAngle\"]"},{"type":"pointerUp","button":2}]}]}
COMMAND: DELETE /session/297431b9b55e935159c974fa74f723b8/actions - {}
COMMAND: GET /session/297431b9b55e935159c974fa74f723b8/screenshot - {}
RESULT: {}
COMMAND: GET /session/297431b9b55e935159c974fa74f723b8/screenshot - {}
RESULT: {}
RESULT: {}
COMMAND: POST /session/297431b9b55e935159c974fa74f723b8/actions - {"actions":[{"id":"action72","type":"key","parameters":{},"actions":[{"type":"keyDown","value":"î€•"},{"type":"pause","duration":10},{"type":"keyUp","value":"î€•"}]}]}
RESULT: {"actions":[{"id":"action72","type":"key","parameters":{},"actions":[{"type":"keyDown","value":"î€•"},{"type":"pause","duration":10},{"type":"keyUp","value":"î€•"}]}]}
COMMAND: GET /session/297431b9b55e935159c974fa74f723b8/screenshot - {}
RESULT: {}
COMMAND: POST /session/297431b9b55e935159c974fa74f723b8/actions - {"actions":[{"id":"action73","type":"key","parameters":{},"actions":[{"type":"keyDown","value":"î€‡"},{"type":"pause","duration":10},{"type":"keyUp","value":"î€‡"}]}]}
RESULT: {"actions":[{"id":"action73","type":"key","parameters":{},"actions":[{"type":"keyDown","value":"î€‡"},{"type":"pause","duration":10},{"type":"keyUp","value":"î€‡"}]}]}
COMMAND: GET /session/297431b9b55e935159c974fa74f723b8/screenshot - {}
RESULT: {}
COMMAND: POST /session/297431b9b55e935159c974fa74f723b8/execute/async - {"script":"<script> [1562 bytes]","args":[{"selector":{"id":"application-planningboard-display-component---pB_RequestHeader--RUreservationComment","searchOpenDialogs":true,"interaction":{"idSuffix":"inner"}},"wdio_ui5_key":"applicationplanningboard-display-component---pB_RequestHeader--RUreservationComment"}]}
RESULT: {"script":"<script> [1562 bytes]","args":[{"selector":{"id":"application-planningboard-display-component---pB_RequestHeader--RUreservationComment","searchOpenDialogs":true,"interaction":{"idSuffix":"inner"}},"wdio_ui5_key":"applicationplanningboard-display-component---pB_RequestHeader--RUreservationComment"}]}
RESULT: undefined
COMMAND: POST /session/297431b9b55e935159c974fa74f723b8/execute/async - {"script":"<script> [776 bytes]","args":[{"enterText":"WdIORes1ltzhy","selector":{"id":"application-planningboard-display-component---pB_RequestHeader--RUreservationComment","searchOpenDialogs":true,"interaction":{"idSuffix":"inner"}},"clearTextFirst":true,"interactionType":"ENTER_TEXT"}]}
RESULT: {"script":"<script> [776 bytes]","args":[{"enterText":"WdIORes1ltzhy","selector":{"id":"application-planningboard-display-component---pB_RequestHeader--RUreservationComment","searchOpenDialogs":true,"interaction":{"idSuffix":"inner"}},"clearTextFirst":true,"interactionType":"ENTER_TEXT"}]}
COMMAND: POST /session/297431b9b55e935159c974fa74f723b8/execute/async - {"script":"<script> [1562 bytes]","args":[{"selector":{"controlType":"sap.m.Button","viewName":"etm.portal.ui.planningboard.view.detail.RequestHeader","viewId":"application-planningboard-display-component---pB_RequestHeader","properties":{"text":"Ok"},"searchOpenDialogs":true,"interaction":{"idSuffix":"BDI-content"}},"wdio_ui5_key":"etmportal.ui.planningboard.view.detail.RequestHeadersap.m.Button{\"text\":\"Ok\"}"}]}
RESULT: {"script":"<script> [1562 bytes]","args":[{"selector":{"controlType":"sap.m.Button","viewName":"etm.portal.ui.planningboard.view.detail.RequestHeader","viewId":"application-planningboard-display-component---pB_RequestHeader","properties":{"text":"Ok"},"searchOpenDialogs":true,"interaction":{"idSuffix":"BDI-content"}},"wdio_ui5_key":"etmportal.ui.planningboard.view.detail.RequestHeadersap.m.Button{\"text\":\"Ok\"}"}]}
RESULT: undefined
COMMAND: POST /session/297431b9b55e935159c974fa74f723b8/element - {"using":"xpath","value":"//*[@id=\"__button188\"]"}
RESULT: {"using":"xpath","value":"//*[@id=\"__button188\"]"}
COMMAND: POST /session/297431b9b55e935159c974fa74f723b8/element/f.C07C1F5C83AA57D4527D3CB7EA58C4CE.d.A2EF944C8DE514DE20BA6AC567A70502.e.10071/click - {}
RESULT: {}
COMMAND: GET /session/297431b9b55e935159c974fa74f723b8/screenshot - {}
RESULT: {}
COMMAND: POST /session/297431b9b55e935159c974fa74f723b8/element - {"using":"xpath","value":"//span[contains(@title ,\"WebdriverYardunahk\")]"}
RESULT: {"using":"xpath","value":"//span[contains(@title ,\"WebdriverYardunahk\")]"}
COMMAND: POST /session/297431b9b55e935159c974fa74f723b8/actions - {"actions":[{"id":"action74","type":"pointer","parameters":{"pointerType":"mouse"},"actions":[{"type":"pointerMove","button":0,"width":0,"height":0,"pressure":0,"tangentialPressure":0,"tiltX":0,"tiltY":0,"twist":0,"altitudeAngle":0,"_":"5 more keys: [\"azimuthAngle\",\"x\",\"y\",\"duration\",\"origin\"]"},{"type":"pointerDown","button":2,"width":0,"height":0,"pressure":0,"tangentialPressure":0,"tiltX":0,"tiltY":0,"twist":0,"altitudeAngle":0,"_":"1 more keys: [\"azimuthAngle\"]"},{"type":"pointerUp","button":2}]}]}
RESULT: {"actions":[{"id":"action74","type":"pointer","parameters":{"pointerType":"mouse"},"actions":[{"type":"pointerMove","button":0,"width":0,"height":0,"pressure":0,"tangentialPressure":0,"tiltX":0,"tiltY":0,"twist":0,"altitudeAngle":0,"_":"5 more keys: [\"azimuthAngle\",\"x\",\"y\",\"duration\",\"origin\"]"},{"type":"pointerDown","button":2,"width":0,"height":0,"pressure":0,"tangentialPressure":0,"tiltX":0,"tiltY":0,"twist":0,"altitudeAngle":0,"_":"1 more keys: [\"azimuthAngle\"]"},{"type":"pointerUp","button":2}]}]}
COMMAND: DELETE /session/297431b9b55e935159c974fa74f723b8/actions - {}
COMMAND: GET /session/297431b9b55e935159c974fa74f723b8/screenshot - {}
RESULT: {}
COMMAND: GET /session/297431b9b55e935159c974fa74f723b8/screenshot - {}
RESULT: {}
RESULT: {}
COMMAND: POST /session/297431b9b55e935159c974fa74f723b8/actions - {"actions":[{"id":"action75","type":"key","parameters":{},"actions":[{"type":"keyDown","value":"î€•"},{"type":"pause","duration":10},{"type":"keyUp","value":"î€•"}]}]}
RESULT: {"actions":[{"id":"action75","type":"key","parameters":{},"actions":[{"type":"keyDown","value":"î€•"},{"type":"pause","duration":10},{"type":"keyUp","value":"î€•"}]}]}
COMMAND: GET /session/297431b9b55e935159c974fa74f723b8/screenshot - {}
RESULT: {}
COMMAND: POST /session/297431b9b55e935159c974fa74f723b8/actions - {"actions":[{"id":"action76","type":"key","parameters":{},"actions":[{"type":"keyDown","value":"î€‡"},{"type":"pause","duration":10},{"type":"keyUp","value":"î€‡"}]}]}
RESULT: {"actions":[{"id":"action76","type":"key","parameters":{},"actions":[{"type":"keyDown","value":"î€‡"},{"type":"pause","duration":10},{"type":"keyUp","value":"î€‡"}]}]}
COMMAND: GET /session/297431b9b55e935159c974fa74f723b8/screenshot - {}
RESULT: {}
RESULT: undefined
COMMAND: POST /session/297431b9b55e935159c974fa74f723b8/execute/async - {"script":"<script> [776 bytes]","args":[{"enterText":"WdIORes26oc87","selector":{"id":"application-planningboard-display-component---pB_RequestHeader--RUreservationComment","searchOpenDialogs":true,"interaction":{"idSuffix":"inner"}},"clearTextFirst":true,"interactionType":"ENTER_TEXT"}]}
RESULT: {"script":"<script> [776 bytes]","args":[{"enterText":"WdIORes26oc87","selector":{"id":"application-planningboard-display-component---pB_RequestHeader--RUreservationComment","searchOpenDialogs":true,"interaction":{"idSuffix":"inner"}},"clearTextFirst":true,"interactionType":"ENTER_TEXT"}]}
RESULT: undefined
COMMAND: POST /session/297431b9b55e935159c974fa74f723b8/element - {"using":"xpath","value":"//*[@id=\"__button188\"]"}
RESULT: {"using":"xpath","value":"//*[@id=\"__button188\"]"}
COMMAND: POST /session/297431b9b55e935159c974fa74f723b8/element/f.C07C1F5C83AA57D4527D3CB7EA58C4CE.d.A2EF944C8DE514DE20BA6AC567A70502.e.10160/click - {}
RESULT: {}
COMMAND: GET /session/297431b9b55e935159c974fa74f723b8/screenshot - {}
RESULT: {}
COMMAND: POST /session/297431b9b55e935159c974fa74f723b8/execute/async - {"script":"<script> [1562 bytes]","args":[{"selector":{"controlType":"sap.m.Button","viewName":"etm.portal.ui.planningboard.view.detail.RequestHeader","viewId":"application-planningboard-display-component---pB_RequestHeader","i18NText":{"propertyName":"text","key":"close"},"ancestor":{"id":"application-planningboard-display-component---pB_RequestHeader--requestItemDetails"},"interaction":{"idSuffix":"BDI-content"}},"wdio_ui5_key":"etmportal.ui.planningboard.view.detail.RequestHeadersap.m.Button{\"propertyName\":\"text\",\"key\":\"close\"}{\"id\":\"application-planningboard-display-component---pB_RequestHeader--requestItemDetails\"}"}]}
RESULT: {"script":"<script> [1562 bytes]","args":[{"selector":{"controlType":"sap.m.Button","viewName":"etm.portal.ui.planningboard.view.detail.RequestHeader","viewId":"application-planningboard-display-component---pB_RequestHeader","i18NText":{"propertyName":"text","key":"close"},"ancestor":{"id":"application-planningboard-display-component---pB_RequestHeader--requestItemDetails"},"interaction":{"idSuffix":"BDI-content"}},"wdio_ui5_key":"etmportal.ui.planningboard.view.detail.RequestHeadersap.m.Button{\"propertyName\":\"text\",\"key\":\"close\"}{\"id\":\"application-planningboard-display-component---pB_RequestHeader--requestItemDetails\"}"}]}
RESULT: undefined
COMMAND: POST /session/297431b9b55e935159c974fa74f723b8/element - {"using":"xpath","value":"//*[@id=\"__button64\"]"}
RESULT: {"using":"xpath","value":"//*[@id=\"__button64\"]"}
COMMAND: POST /session/297431b9b55e935159c974fa74f723b8/element/f.C07C1F5C83AA57D4527D3CB7EA58C4CE.d.A2EF944C8DE514DE20BA6AC567A70502.e.10081/click - {}
RESULT: {}
COMMAND: GET /session/297431b9b55e935159c974fa74f723b8/screenshot - {}
RESULT: {}
COMMAND: POST /session/297431b9b55e935159c974fa74f723b8/execute/async - {"script":"<script> [1562 bytes]","args":[{"selector":{"id":"application-planningboard-display-component---pB_Master--selectView","interaction":{"idSuffix":"arrow"}},"wdio_ui5_key":"applicationplanningboard-display-component---pB_Master--selectView"}]}
RESULT: {"script":"<script> [1562 bytes]","args":[{"selector":{"id":"application-planningboard-display-component---pB_Master--selectView","interaction":{"idSuffix":"arrow"}},"wdio_ui5_key":"applicationplanningboard-display-component---pB_Master--selectView"}]}
RESULT: undefined
COMMAND: POST /session/297431b9b55e935159c974fa74f723b8/element - {"using":"xpath","value":"//*[@id=\"application-planningboard-display-component---pB_Master--selectView\"]"}
RESULT: {"using":"xpath","value":"//*[@id=\"application-planningboard-display-component---pB_Master--selectView\"]"}
COMMAND: POST /session/297431b9b55e935159c974fa74f723b8/element/f.C07C1F5C83AA57D4527D3CB7EA58C4CE.d.A2EF944C8DE514DE20BA6AC567A70502.e.10342/click - {}
RESULT: {}
COMMAND: GET /session/297431b9b55e935159c974fa74f723b8/screenshot - {}
RESULT: {}
COMMAND: POST /session/297431b9b55e935159c974fa74f723b8/execute/async - {"script":"<script> [1562 bytes]","args":[{"selector":{"controlType":"sap.ui.core.Item","viewName":"etm.portal.ui.planningboard.view.Master","viewId":"application-planningboard-display-component---pB_Master","i18NText":{"propertyName":"text","key":"manageReservations"},"searchOpenDialogs":true},"wdio_ui5_key":"etmportal.ui.planningboard.view.Mastersap.ui.core.Item{\"propertyName\":\"text\",\"key\":\"manageReservations\"}"}]}
RESULT: {"script":"<script> [1562 bytes]","args":[{"selector":{"controlType":"sap.ui.core.Item","viewName":"etm.portal.ui.planningboard.view.Master","viewId":"application-planningboard-display-component---pB_Master","i18NText":{"propertyName":"text","key":"manageReservations"},"searchOpenDialogs":true},"wdio_ui5_key":"etmportal.ui.planningboard.view.Mastersap.ui.core.Item{\"propertyName\":\"text\",\"key\":\"manageReservations\"}"}]}
RESULT: undefined
COMMAND: POST /session/297431b9b55e935159c974fa74f723b8/element - {"using":"xpath","value":"//*[@id=\"__item900\"]"}
RESULT: {"using":"xpath","value":"//*[@id=\"__item900\"]"}
COMMAND: POST /session/297431b9b55e935159c974fa74f723b8/element/f.C07C1F5C83AA57D4527D3CB7EA58C4CE.d.A2EF944C8DE514DE20BA6AC567A70502.e.10343/click - {}
RESULT: {}
COMMAND: GET /session/297431b9b55e935159c974fa74f723b8/screenshot - {}
RESULT: {}
COMMAND: POST /session/297431b9b55e935159c974fa74f723b8/element - {"using":"xpath","value":"//span[contains(@id ,\"clone\")][contains(text(), \"WdIORes1ltzhy\")]"}
RESULT: {"using":"xpath","value":"//span[contains(@id ,\"clone\")][contains(text(), \"WdIORes1ltzhy\")]"}
COMMAND: GET /session/297431b9b55e935159c974fa74f723b8/element/f.C07C1F5C83AA57D4527D3CB7EA58C4CE.d.A2EF944C8DE514DE20BA6AC567A70502.e.10359/text - {}
RESULT: {}
COMMAND: POST /session/297431b9b55e935159c974fa74f723b8/element - {"using":"xpath","value":"//span[contains(@id ,\"clone\")][contains(text(), \"WdIORes26oc87\")]"}
RESULT: {"using":"xpath","value":"//span[contains(@id ,\"clone\")][contains(text(), \"WdIORes26oc87\")]"}
COMMAND: POST /session/297431b9b55e935159c974fa74f723b8/element/f.C07C1F5C83AA57D4527D3CB7EA58C4CE.d.A2EF944C8DE514DE20BA6AC567A70502.e.10360/click - {}
RESULT: {}
COMMAND: GET /session/297431b9b55e935159c974fa74f723b8/screenshot - {}
RESULT: {}
COMMAND: POST /session/297431b9b55e935159c974fa74f723b8/actions - {"actions":[{"id":"action77","type":"key","parameters":{},"actions":[{"type":"keyDown","value":"î€‡"},{"type":"pause","duration":10},{"type":"keyUp","value":"î€‡"}]}]}
RESULT: {"actions":[{"id":"action77","type":"key","parameters":{},"actions":[{"type":"keyDown","value":"î€‡"},{"type":"pause","duration":10},{"type":"keyUp","value":"î€‡"}]}]}
COMMAND: GET /session/297431b9b55e935159c974fa74f723b8/screenshot - {}
RESULT: {}
COMMAND: POST /session/297431b9b55e935159c974fa74f723b8/execute/async - {"script":"<script> [1562 bytes]","args":[{"selector":{"controlType":"sap.m.Button","viewName":"etm.portal.ui.planningboard.view.detail.Planning","viewId":"application-planningboard-display-component---pB_Planning","i18NText":{"propertyName":"text","key":"unplan"},"interaction":{"idSuffix":"BDI-content"}},"wdio_ui5_key":"etmportal.ui.planningboard.view.detail.Planningsap.m.Button{\"propertyName\":\"text\",\"key\":\"unplan\"}"}]}
RESULT: {"script":"<script> [1562 bytes]","args":[{"selector":{"controlType":"sap.m.Button","viewName":"etm.portal.ui.planningboard.view.detail.Planning","viewId":"application-planningboard-display-component---pB_Planning","i18NText":{"propertyName":"text","key":"unplan"},"interaction":{"idSuffix":"BDI-content"}},"wdio_ui5_key":"etmportal.ui.planningboard.view.detail.Planningsap.m.Button{\"propertyName\":\"text\",\"key\":\"unplan\"}"}]}
RESULT: undefined
COMMAND: POST /session/297431b9b55e935159c974fa74f723b8/element - {"using":"xpath","value":"//*[@id=\"__button254\"]"}
RESULT: {"using":"xpath","value":"//*[@id=\"__button254\"]"}
COMMAND: POST /session/297431b9b55e935159c974fa74f723b8/element/f.C07C1F5C83AA57D4527D3CB7EA58C4CE.d.A2EF944C8DE514DE20BA6AC567A70502.e.10418/click - {}
RESULT: {}
COMMAND: GET /session/297431b9b55e935159c974fa74f723b8/screenshot - {}
RESULT: {}
COMMAND: POST /session/297431b9b55e935159c974fa74f723b8/element - {"using":"xpath","value":"//span[contains(@id ,\"clone\")][contains(text(), \"WdIORes26oc87\")]"}
RESULT: {"using":"xpath","value":"//span[contains(@id ,\"clone\")][contains(text(), \"WdIORes26oc87\")]"}
COMMAND: POST /session/297431b9b55e935159c974fa74f723b8/element - {"using":"xpath","value":"//span[contains(@id ,\"clone\")][contains(text(), \"WdIORes26oc87\")]"}
RESULT: {"using":"xpath","value":"//span[contains(@id ,\"clone\")][contains(text(), \"WdIORes26oc87\")]"}
COMMAND: POST /session/297431b9b55e935159c974fa74f723b8/element - {"using":"xpath","value":"//span[contains(@id ,\"clone\")][contains(text(), \"WdIORes1ltzhy\")]"}
RESULT: {"using":"xpath","value":"//span[contains(@id ,\"clone\")][contains(text(), \"WdIORes1ltzhy\")]"}
COMMAND: POST /session/297431b9b55e935159c974fa74f723b8/element/f.C07C1F5C83AA57D4527D3CB7EA58C4CE.d.A2EF944C8DE514DE20BA6AC567A70502.e.10482/click - {}
RESULT: {}
COMMAND: GET /session/297431b9b55e935159c974fa74f723b8/screenshot - {}
RESULT: {}
COMMAND: POST /session/297431b9b55e935159c974fa74f723b8/actions - {"actions":[{"id":"action78","type":"key","parameters":{},"actions":[{"type":"keyDown","value":"î€‡"},{"type":"pause","duration":10},{"type":"keyUp","value":"î€‡"}]}]}
RESULT: {"actions":[{"id":"action78","type":"key","parameters":{},"actions":[{"type":"keyDown","value":"î€‡"},{"type":"pause","duration":10},{"type":"keyUp","value":"î€‡"}]}]}
COMMAND: GET /session/297431b9b55e935159c974fa74f723b8/screenshot - {}
RESULT: {}
]]></system-out>
    </testcase>
  </testsuite>
  <testsuite timestamp="2025-05-15T18:50:43" time="31.358" tests="1" failures="0" errors="0" skipped="0">
    <properties>
      <property name="specId" value="0" />
      <property name="suiteName" value="Reserve/Unreserve request item via reserve option US139161" />
      <property name="capabilities" value="chrome.136_0_7103_93.windows" />
      <property name="file" value="file:///D:/a/1/s/test/specs/R2C/manage-reservations-view-planning-board.spec.js" />
    </properties>
    <testcase classname="chrome.136_0_7103_93.windows.Reserve/Unreserve_request_item_via_reserve_option_US139161" name="Should open a reservation to verify and edit the details" time="31.356">
      <system-out><![CDATA[
COMMAND: POST /session/297431b9b55e935159c974fa74f723b8/element - {"using":"xpath","value":"//button[contains(@data-kt, \"editButton\")]"}
RESULT: {"using":"xpath","value":"//button[contains(@data-kt, \"editButton\")]"}
COMMAND: POST /session/297431b9b55e935159c974fa74f723b8/execute/sync - {"script":"<script> [8489 bytes]","args":[{"element-6066-11e4-a52e-4f735466cecf":"f.C07C1F5C83AA57D4527D3CB7EA58C4CE.d.A2EF944C8DE514DE20BA6AC567A70502.e.10519","ELEMENT":"f.C07C1F5C83AA57D4527D3CB7EA58C4CE.d.A2EF944C8DE514DE20BA6AC567A70502.e.10519"}]}
RESULT: {"script":"<script> [8489 bytes]","args":[{"element-6066-11e4-a52e-4f735466cecf":"f.C07C1F5C83AA57D4527D3CB7EA58C4CE.d.A2EF944C8DE514DE20BA6AC567A70502.e.10519","ELEMENT":"f.C07C1F5C83AA57D4527D3CB7EA58C4CE.d.A2EF944C8DE514DE20BA6AC567A70502.e.10519"}]}
COMMAND: POST /session/297431b9b55e935159c974fa74f723b8/element - {"using":"xpath","value":"//button[contains(@data-kt, \"unplanButton\")]"}
COMMAND: GET /session/297431b9b55e935159c974fa74f723b8/screenshot - {}
RESULT: {"using":"xpath","value":"//button[contains(@data-kt, \"unplanButton\")]"}
COMMAND: POST /session/297431b9b55e935159c974fa74f723b8/execute/sync - {"script":"<script> [8489 bytes]","args":[{"element-6066-11e4-a52e-4f735466cecf":"f.C07C1F5C83AA57D4527D3CB7EA58C4CE.d.A2EF944C8DE514DE20BA6AC567A70502.e.10535","ELEMENT":"f.C07C1F5C83AA57D4527D3CB7EA58C4CE.d.A2EF944C8DE514DE20BA6AC567A70502.e.10535"}]}
RESULT: {}
RESULT: {"script":"<script> [8489 bytes]","args":[{"element-6066-11e4-a52e-4f735466cecf":"f.C07C1F5C83AA57D4527D3CB7EA58C4CE.d.A2EF944C8DE514DE20BA6AC567A70502.e.10535","ELEMENT":"f.C07C1F5C83AA57D4527D3CB7EA58C4CE.d.A2EF944C8DE514DE20BA6AC567A70502.e.10535"}]}
COMMAND: POST /session/297431b9b55e935159c974fa74f723b8/element - {"using":"xpath","value":"//button[contains(@data-kt, \"editButton\")]"}
COMMAND: GET /session/297431b9b55e935159c974fa74f723b8/screenshot - {}
RESULT: {"using":"xpath","value":"//button[contains(@data-kt, \"editButton\")]"}
COMMAND: POST /session/297431b9b55e935159c974fa74f723b8/element/f.C07C1F5C83AA57D4527D3CB7EA58C4CE.d.A2EF944C8DE514DE20BA6AC567A70502.e.10519/click - {}
RESULT: {}
RESULT: {}
COMMAND: POST /session/297431b9b55e935159c974fa74f723b8/element - {"using":"xpath","value":"(//input[contains(@id ,\"picker\")][contains(@aria-roledescription ,\"Date Input\")])[4]"}
COMMAND: GET /session/297431b9b55e935159c974fa74f723b8/screenshot - {}
RESULT: {"using":"xpath","value":"(//input[contains(@id ,\"picker\")][contains(@aria-roledescription ,\"Date Input\")])[4]"}
COMMAND: POST /session/297431b9b55e935159c974fa74f723b8/element/f.C07C1F5C83AA57D4527D3CB7EA58C4CE.d.A2EF944C8DE514DE20BA6AC567A70502.e.10503/clear - {}
RESULT: {}
RESULT: {}
COMMAND: POST /session/297431b9b55e935159c974fa74f723b8/element/f.C07C1F5C83AA57D4527D3CB7EA58C4CE.d.A2EF944C8DE514DE20BA6AC567A70502.e.10503/value - {"text":"5/17/25"}
COMMAND: GET /session/297431b9b55e935159c974fa74f723b8/screenshot - {}
RESULT: {"text":"5/17/25"}
COMMAND: GET /session/297431b9b55e935159c974fa74f723b8/screenshot - {}
RESULT: {}
RESULT: {}
COMMAND: POST /session/297431b9b55e935159c974fa74f723b8/element - {"using":"xpath","value":"//bdi[contains(text(), \"Save\")]"}
RESULT: {"using":"xpath","value":"//bdi[contains(text(), \"Save\")]"}
COMMAND: POST /session/297431b9b55e935159c974fa74f723b8/element/f.C07C1F5C83AA57D4527D3CB7EA58C4CE.d.A2EF944C8DE514DE20BA6AC567A70502.e.10557/click - {}
RESULT: {}
COMMAND: GET /session/297431b9b55e935159c974fa74f723b8/screenshot - {}
RESULT: {}
COMMAND: POST /session/297431b9b55e935159c974fa74f723b8/element - {"using":"xpath","value":"(//input[contains(@id ,\"picker\")][contains(@aria-roledescription ,\"Date Input\")])[4]"}
RESULT: {"using":"xpath","value":"(//input[contains(@id ,\"picker\")][contains(@aria-roledescription ,\"Date Input\")])[4]"}
COMMAND: GET /session/297431b9b55e935159c974fa74f723b8/element/f.C07C1F5C83AA57D4527D3CB7EA58C4CE.d.A2EF944C8DE514DE20BA6AC567A70502.e.10503/property/value - {}
RESULT: {}
COMMAND: GET /session/297431b9b55e935159c974fa74f723b8/screenshot - {}
RESULT: {}
COMMAND: POST /session/297431b9b55e935159c974fa74f723b8/element - {"using":"xpath","value":"//bdi[contains(text(), \"Unplan\")]"}
RESULT: {"using":"xpath","value":"//bdi[contains(text(), \"Unplan\")]"}
COMMAND: POST /session/297431b9b55e935159c974fa74f723b8/element/f.C07C1F5C83AA57D4527D3CB7EA58C4CE.d.A2EF944C8DE514DE20BA6AC567A70502.e.10569/click - {}
RESULT: {}
COMMAND: GET /session/297431b9b55e935159c974fa74f723b8/screenshot - {}
RESULT: {}
COMMAND: POST /session/297431b9b55e935159c974fa74f723b8/element - {"using":"css selector","value":"#shell-header-logo"}
RESULT: {"using":"css selector","value":"#shell-header-logo"}
COMMAND: POST /session/297431b9b55e935159c974fa74f723b8/element/f.C07C1F5C83AA57D4527D3CB7EA58C4CE.d.A2EF944C8DE514DE20BA6AC567A70502.e.9204/click - {}
RESULT: {}
COMMAND: GET /session/297431b9b55e935159c974fa74f723b8/screenshot - {}
RESULT: {}
COMMAND: POST /session/297431b9b55e935159c974fa74f723b8/refresh - {}
RESULT: {}
COMMAND: GET /session/297431b9b55e935159c974fa74f723b8/screenshot - {}
RESULT: {}
COMMAND: POST /session/297431b9b55e935159c974fa74f723b8/execute/async - {"script":"<script> [189 bytes]","args":[]}
RESULT: {"script":"<script> [189 bytes]","args":[]}
COMMAND: POST /session/297431b9b55e935159c974fa74f723b8/execute/async - {"script":"<script> [123 bytes]","args":[]}
RESULT: {"script":"<script> [123 bytes]","args":[]}
COMMAND: POST /session/297431b9b55e935159c974fa74f723b8/timeouts - {"script":"<number>"}
RESULT: {"script":"<number>"}
COMMAND: GET /session/297431b9b55e935159c974fa74f723b8/timeouts - {}
RESULT: {}
RESULT: undefined
COMMAND: POST /session/297431b9b55e935159c974fa74f723b8/execute/async - {"script":"<script> [2676 bytes]","args":[]}
RESULT: {"script":"<script> [2676 bytes]","args":[]}
COMMAND: POST /session/297431b9b55e935159c974fa74f723b8/execute/async - {"script":"<script> [2342 bytes]","args":[{"protocol":"http","hostname":"0.0.0.0","path":"/","capabilities":{"browserName":"chrome","goog:chromeOptions":{"binary":"C:\\Program Files\\Google\\Chrome\\Application\\chrome.exe","args":["--start-maximized"]}},"logLevel":"warn","connectionRetryTimeout":120000,"connectionRetryCount":3,"logLevels":{},"enableDirectConnect":true,"strictSSL":true,"_":"65 more keys: [\"cacheDir\",\"port\",\"requestedCapabilities\",\"automationProtocol\",\"baseUrl\",\"waitforInterval\",\"waitforTimeout\",\"onReload\",\"beforeCommand\",\"afterCommand\",\"rootDir\",\"specs\",\"suites\",\"exclude\",\"groupLogsByTestSpec\",\"excludeDriverLogs\",\"bail\",\"framework\",\"reporters\",\"services\",\"maxInstances\",\"maxInstancesPerCapability\",\"injectGlobals\",\"filesToWatch\",\"execArgv\",\"runnerEnv\",\"runner\",\"shard\",\"specFileRetries\",\"specFileRetriesDelay\",\"specFileRetriesDeferred\",\"reporterSyncInterval\",\"reporterSyncTimeout\",\"cucumberFeaturesWithLineNumbers\",\"autoCompileOpts\",\"mochaOpts\",\"jasmineOpts\",\"cucumberOpts\",\"onPrepare\",\"onWorkerStart\",\"onWorkerEnd\",\"before\",\"beforeSession\",\"beforeSuite\",\"beforeHook\",\"beforeTest\",\"afterTest\",\"afterHook\",\"afterSuite\",\"afterSession\",\"after\",\"onComplete\",\"beforeAssertion\",\"afterAssertion\",\"beforeFeature\",\"beforeScenario\",\"beforeStep\",\"afterStep\",\"afterScenario\",\"afterFeature\",\"_\",\"suite\",\"$0\",\"ignoredWorkerServices\",\"wdi5\"]"}]}
RESULT: {"script":"<script> [2342 bytes]","args":[{"protocol":"http","hostname":"0.0.0.0","path":"/","capabilities":{"browserName":"chrome","goog:chromeOptions":{"binary":"C:\\Program Files\\Google\\Chrome\\Application\\chrome.exe","args":["--start-maximized"]}},"logLevel":"warn","connectionRetryTimeout":120000,"connectionRetryCount":3,"logLevels":{},"enableDirectConnect":true,"strictSSL":true,"_":"65 more keys: [\"cacheDir\",\"port\",\"requestedCapabilities\",\"automationProtocol\",\"baseUrl\",\"waitforInterval\",\"waitforTimeout\",\"onReload\",\"beforeCommand\",\"afterCommand\",\"rootDir\",\"specs\",\"suites\",\"exclude\",\"groupLogsByTestSpec\",\"excludeDriverLogs\",\"bail\",\"framework\",\"reporters\",\"services\",\"maxInstances\",\"maxInstancesPerCapability\",\"injectGlobals\",\"filesToWatch\",\"execArgv\",\"runnerEnv\",\"runner\",\"shard\",\"specFileRetries\",\"specFileRetriesDelay\",\"specFileRetriesDeferred\",\"reporterSyncInterval\",\"reporterSyncTimeout\",\"cucumberFeaturesWithLineNumbers\",\"autoCompileOpts\",\"mochaOpts\",\"jasmineOpts\",\"cucumberOpts\",\"onPrepare\",\"onWorkerStart\",\"onWorkerEnd\",\"before\",\"beforeSession\",\"beforeSuite\",\"beforeHook\",\"beforeTest\",\"afterTest\",\"afterHook\",\"afterSuite\",\"afterSession\",\"after\",\"onComplete\",\"beforeAssertion\",\"afterAssertion\",\"beforeFeature\",\"beforeScenario\",\"beforeStep\",\"afterStep\",\"afterScenario\",\"afterFeature\",\"_\",\"suite\",\"$0\",\"ignoredWorkerServices\",\"wdi5\"]"}]}
COMMAND: POST /session/297431b9b55e935159c974fa74f723b8/execute/async - {"script":"<script> [21126 bytes]","args":[35000]}
RESULT: {"script":"<script> [21126 bytes]","args":[35000]}
]]></system-out>
    </testcase>
  </testsuite>
  <testsuite timestamp="2025-05-15T18:51:15" time="286.212" tests="3" failures="0" errors="0" skipped="0">
    <properties>
      <property name="specId" value="0" />
      <property name="suiteName" value="Process request items into new quotation US120163" />
      <property name="capabilities" value="chrome.136_0_7103_93.windows" />
      <property name="file" value="file:///D:/a/1/s/test/specs/R2C/process-request-items-into-new-quotation.spec.js" />
    </properties>
    <testcase classname="chrome.136_0_7103_93.windows.Process_request_items_into_new_quotation_US120163" name="Should create a new request with catalog items and plan it" time="178.551">
      <system-out><![CDATA[
COMMAND: POST /session/297431b9b55e935159c974fa74f723b8/execute/async - {"script":"<script> [1562 bytes]","args":[{"selector":{"controlType":"sap.m.GenericTile","properties":{"header":"Manage Requests"}},"wdio_ui5_key":"sapm.GenericTile{\"header\":\"Manage Requests\"}"}]}
RESULT: {"script":"<script> [1562 bytes]","args":[{"selector":{"controlType":"sap.m.GenericTile","properties":{"header":"Manage Requests"}},"wdio_ui5_key":"sapm.GenericTile{\"header\":\"Manage Requests\"}"}]}
RESULT: undefined
COMMAND: POST /session/297431b9b55e935159c974fa74f723b8/element - {"using":"xpath","value":"//*[@id=\"__tile47\"]"}
RESULT: {"using":"xpath","value":"//*[@id=\"__tile47\"]"}
COMMAND: POST /session/297431b9b55e935159c974fa74f723b8/element/f.C07C1F5C83AA57D4527D3CB7EA58C4CE.d.11FCB45ED9D4CC02A929982F16E5CEB3.e.10642/click - {}
RESULT: {}
COMMAND: GET /session/297431b9b55e935159c974fa74f723b8/screenshot - {}
RESULT: {}
COMMAND: POST /session/297431b9b55e935159c974fa74f723b8/elements - {"using":"xpath","value":"//span[text()='Error']"}
RESULT: {"using":"xpath","value":"//span[text()='Error']"}
COMMAND: POST /session/297431b9b55e935159c974fa74f723b8/element - {"using":"xpath","value":"//button[contains(@data-kt ,\"btnCreateNewOverflowToolbarButton\")]"}
COMMAND: POST /session/297431b9b55e935159c974fa74f723b8/element - {"using":"xpath","value":"(//span[contains(@class ,\"sapMObjStatusText\")])[1]"}
RESULT: {"using":"xpath","value":"//button[contains(@data-kt ,\"btnCreateNewOverflowToolbarButton\")]"}
COMMAND: POST /session/297431b9b55e935159c974fa74f723b8/element/f.C07C1F5C83AA57D4527D3CB7EA58C4CE.d.11FCB45ED9D4CC02A929982F16E5CEB3.e.10698/click - {}
RESULT: {"using":"xpath","value":"(//span[contains(@class ,\"sapMObjStatusText\")])[1]"}
COMMAND: POST /session/297431b9b55e935159c974fa74f723b8/execute/sync - {"script":"<script> [8489 bytes]","args":[{"element-6066-11e4-a52e-4f735466cecf":"f.C07C1F5C83AA57D4527D3CB7EA58C4CE.d.11FCB45ED9D4CC02A929982F16E5CEB3.e.10735","ELEMENT":"f.C07C1F5C83AA57D4527D3CB7EA58C4CE.d.11FCB45ED9D4CC02A929982F16E5CEB3.e.10735"}]}
RESULT: {}
COMMAND: GET /session/297431b9b55e935159c974fa74f723b8/screenshot - {}
RESULT: {"script":"<script> [8489 bytes]","args":[{"element-6066-11e4-a52e-4f735466cecf":"f.C07C1F5C83AA57D4527D3CB7EA58C4CE.d.11FCB45ED9D4CC02A929982F16E5CEB3.e.10735","ELEMENT":"f.C07C1F5C83AA57D4527D3CB7EA58C4CE.d.11FCB45ED9D4CC02A929982F16E5CEB3.e.10735"}]}
COMMAND: GET /session/297431b9b55e935159c974fa74f723b8/screenshot - {}
RESULT: {}
RESULT: {}
COMMAND: POST /session/297431b9b55e935159c974fa74f723b8/element - {"using":"xpath","value":"//input[contains(@id ,\"yardId-inner\")]"}
RESULT: {"using":"xpath","value":"//input[contains(@id ,\"yardId-inner\")]"}
COMMAND: POST /session/297431b9b55e935159c974fa74f723b8/execute/sync - {"script":"<script> [8489 bytes]","args":[{"element-6066-11e4-a52e-4f735466cecf":"f.C07C1F5C83AA57D4527D3CB7EA58C4CE.d.11FCB45ED9D4CC02A929982F16E5CEB3.e.10819","ELEMENT":"f.C07C1F5C83AA57D4527D3CB7EA58C4CE.d.11FCB45ED9D4CC02A929982F16E5CEB3.e.10819"}]}
RESULT: {"script":"<script> [8489 bytes]","args":[{"element-6066-11e4-a52e-4f735466cecf":"f.C07C1F5C83AA57D4527D3CB7EA58C4CE.d.11FCB45ED9D4CC02A929982F16E5CEB3.e.10819","ELEMENT":"f.C07C1F5C83AA57D4527D3CB7EA58C4CE.d.11FCB45ED9D4CC02A929982F16E5CEB3.e.10819"}]}
COMMAND: POST /session/297431b9b55e935159c974fa74f723b8/element - {"using":"xpath","value":"//input[contains(@id ,\"yardId-inner\")]"}
COMMAND: GET /session/297431b9b55e935159c974fa74f723b8/screenshot - {}
RESULT: {"using":"xpath","value":"//input[contains(@id ,\"yardId-inner\")]"}
COMMAND: GET /session/297431b9b55e935159c974fa74f723b8/element/f.C07C1F5C83AA57D4527D3CB7EA58C4CE.d.11FCB45ED9D4CC02A929982F16E5CEB3.e.10819/enabled - {}
RESULT: {}
RESULT: {}
COMMAND: POST /session/297431b9b55e935159c974fa74f723b8/element/f.C07C1F5C83AA57D4527D3CB7EA58C4CE.d.11FCB45ED9D4CC02A929982F16E5CEB3.e.10819/clear - {}
COMMAND: GET /session/297431b9b55e935159c974fa74f723b8/screenshot - {}
RESULT: {}
COMMAND: POST /session/297431b9b55e935159c974fa74f723b8/element/f.C07C1F5C83AA57D4527D3CB7EA58C4CE.d.11FCB45ED9D4CC02A929982F16E5CEB3.e.10819/value - {"text":"WebdriverYardunahk"}
COMMAND: GET /session/297431b9b55e935159c974fa74f723b8/screenshot - {}
RESULT: {}
RESULT: {"text":"WebdriverYardunahk"}
COMMAND: GET /session/297431b9b55e935159c974fa74f723b8/screenshot - {}
RESULT: {}
RESULT: {}
COMMAND: POST /session/297431b9b55e935159c974fa74f723b8/element - {"using":"xpath","value":"//input[contains(@id ,\"customerNumber-inner\")]"}
RESULT: {"using":"xpath","value":"//input[contains(@id ,\"customerNumber-inner\")]"}
COMMAND: POST /session/297431b9b55e935159c974fa74f723b8/element/f.C07C1F5C83AA57D4527D3CB7EA58C4CE.d.11FCB45ED9D4CC02A929982F16E5CEB3.e.10815/value - {"text":"WebdriverPartnerbojoc"}
COMMAND: POST /session/297431b9b55e935159c974fa74f723b8/actions - {"actions":[{"id":"action79","type":"key","parameters":{},"actions":[{"type":"keyDown","value":"î€‡"},{"type":"pause","duration":10},{"type":"keyUp","value":"î€‡"}]}]}
RESULT: {"actions":[{"id":"action79","type":"key","parameters":{},"actions":[{"type":"keyDown","value":"î€‡"},{"type":"pause","duration":10},{"type":"keyUp","value":"î€‡"}]}]}
COMMAND: GET /session/297431b9b55e935159c974fa74f723b8/screenshot - {}
RESULT: {"text":"WebdriverPartnerbojoc"}
COMMAND: GET /session/297431b9b55e935159c974fa74f723b8/screenshot - {}
RESULT: {}
RESULT: {}
COMMAND: POST /session/297431b9b55e935159c974fa74f723b8/element/f.C07C1F5C83AA57D4527D3CB7EA58C4CE.d.11FCB45ED9D4CC02A929982F16E5CEB3.e.10819/clear - {}
RESULT: {}
COMMAND: POST /session/297431b9b55e935159c974fa74f723b8/element/f.C07C1F5C83AA57D4527D3CB7EA58C4CE.d.11FCB45ED9D4CC02A929982F16E5CEB3.e.10819/clear - {}
COMMAND: GET /session/297431b9b55e935159c974fa74f723b8/screenshot - {}
RESULT: {}
COMMAND: POST /session/297431b9b55e935159c974fa74f723b8/element/f.C07C1F5C83AA57D4527D3CB7EA58C4CE.d.11FCB45ED9D4CC02A929982F16E5CEB3.e.10819/value - {"text":"WebdriverYardunahk"}
COMMAND: GET /session/297431b9b55e935159c974fa74f723b8/screenshot - {}
RESULT: {}
RESULT: {"text":"WebdriverYardunahk"}
COMMAND: GET /session/297431b9b55e935159c974fa74f723b8/screenshot - {}
RESULT: {}
RESULT: {}
COMMAND: POST /session/297431b9b55e935159c974fa74f723b8/actions - {"actions":[{"id":"action80","type":"key","parameters":{},"actions":[{"type":"keyDown","value":"î€‡"},{"type":"pause","duration":10},{"type":"keyUp","value":"î€‡"}]}]}
RESULT: {"actions":[{"id":"action80","type":"key","parameters":{},"actions":[{"type":"keyDown","value":"î€‡"},{"type":"pause","duration":10},{"type":"keyUp","value":"î€‡"}]}]}
COMMAND: GET /session/297431b9b55e935159c974fa74f723b8/screenshot - {}
RESULT: {}
COMMAND: POST /session/297431b9b55e935159c974fa74f723b8/actions - {"actions":[{"id":"action81","type":"key","parameters":{},"actions":[{"type":"keyDown","value":"î€‡"},{"type":"pause","duration":10},{"type":"keyUp","value":"î€‡"}]}]}
RESULT: {"actions":[{"id":"action81","type":"key","parameters":{},"actions":[{"type":"keyDown","value":"î€‡"},{"type":"pause","duration":10},{"type":"keyUp","value":"î€‡"}]}]}
COMMAND: GET /session/297431b9b55e935159c974fa74f723b8/screenshot - {}
RESULT: {}
COMMAND: GET /session/297431b9b55e935159c974fa74f723b8/element/f.C07C1F5C83AA57D4527D3CB7EA58C4CE.d.11FCB45ED9D4CC02A929982F16E5CEB3.e.10815/property/value - {}
RESULT: {}
COMMAND: POST /session/297431b9b55e935159c974fa74f723b8/element - {"using":"xpath","value":"//input[contains(@id ,\"requestSiteId-inner\")]"}
COMMAND: GET /session/297431b9b55e935159c974fa74f723b8/screenshot - {}
RESULT: {"using":"xpath","value":"//input[contains(@id ,\"requestSiteId-inner\")]"}
COMMAND: POST /session/297431b9b55e935159c974fa74f723b8/element/f.C07C1F5C83AA57D4527D3CB7EA58C4CE.d.11FCB45ED9D4CC02A929982F16E5CEB3.e.10814/value - {"text":"WebdriverSitencuow"}
RESULT: {}
RESULT: {"text":"WebdriverSitencuow"}
COMMAND: GET /session/297431b9b55e935159c974fa74f723b8/screenshot - {}
RESULT: {}
COMMAND: POST /session/297431b9b55e935159c974fa74f723b8/actions - {"actions":[{"id":"action82","type":"key","parameters":{},"actions":[{"type":"keyDown","value":"î€‡"},{"type":"pause","duration":10},{"type":"keyUp","value":"î€‡"}]}]}
RESULT: {"actions":[{"id":"action82","type":"key","parameters":{},"actions":[{"type":"keyDown","value":"î€‡"},{"type":"pause","duration":10},{"type":"keyUp","value":"î€‡"}]}]}
COMMAND: GET /session/297431b9b55e935159c974fa74f723b8/screenshot - {}
RESULT: {}
COMMAND: POST /session/297431b9b55e935159c974fa74f723b8/element - {"using":"xpath","value":"//button[contains(@data-kt ,\"requestItemAddOverflowToolbarButton\")]"}
RESULT: {"using":"xpath","value":"//button[contains(@data-kt ,\"requestItemAddOverflowToolbarButton\")]"}
COMMAND: POST /session/297431b9b55e935159c974fa74f723b8/element/f.C07C1F5C83AA57D4527D3CB7EA58C4CE.d.11FCB45ED9D4CC02A929982F16E5CEB3.e.11015/click - {}
RESULT: {}
COMMAND: GET /session/297431b9b55e935159c974fa74f723b8/screenshot - {}
RESULT: {}
COMMAND: POST /session/297431b9b55e935159c974fa74f723b8/actions - {"actions":[{"id":"action83","type":"key","parameters":{},"actions":[{"type":"keyDown","value":"î€•"},{"type":"pause","duration":10},{"type":"keyUp","value":"î€•"}]}]}
RESULT: {"actions":[{"id":"action83","type":"key","parameters":{},"actions":[{"type":"keyDown","value":"î€•"},{"type":"pause","duration":10},{"type":"keyUp","value":"î€•"}]}]}
COMMAND: POST /session/297431b9b55e935159c974fa74f723b8/actions - {"actions":[{"id":"action84","type":"key","parameters":{},"actions":[{"type":"keyDown","value":"î€‡"},{"type":"pause","duration":10},{"type":"keyUp","value":"î€‡"}]}]}
COMMAND: GET /session/297431b9b55e935159c974fa74f723b8/screenshot - {}
RESULT: {"actions":[{"id":"action84","type":"key","parameters":{},"actions":[{"type":"keyDown","value":"î€‡"},{"type":"pause","duration":10},{"type":"keyUp","value":"î€‡"}]}]}
COMMAND: GET /session/297431b9b55e935159c974fa74f723b8/screenshot - {}
RESULT: {}
RESULT: {}
COMMAND: POST /session/297431b9b55e935159c974fa74f723b8/element - {"using":"xpath","value":"(//input[contains(@id ,\"requestItemsTable-0-inner\")])[1]"}
RESULT: {"using":"xpath","value":"(//input[contains(@id ,\"requestItemsTable-0-inner\")])[1]"}
COMMAND: POST /session/297431b9b55e935159c974fa74f723b8/element/f.C07C1F5C83AA57D4527D3CB7EA58C4CE.d.11FCB45ED9D4CC02A929982F16E5CEB3.e.11019/clear - {}
RESULT: {}
COMMAND: POST /session/297431b9b55e935159c974fa74f723b8/element/f.C07C1F5C83AA57D4527D3CB7EA58C4CE.d.11FCB45ED9D4CC02A929982F16E5CEB3.e.11019/value - {"text":"catalogItemecwvo"}
COMMAND: GET /session/297431b9b55e935159c974fa74f723b8/screenshot - {}
RESULT: {"text":"catalogItemecwvo"}
COMMAND: GET /session/297431b9b55e935159c974fa74f723b8/screenshot - {}
RESULT: {}
RESULT: {}
COMMAND: POST /session/297431b9b55e935159c974fa74f723b8/actions - {"actions":[{"id":"action85","type":"key","parameters":{},"actions":[{"type":"keyDown","value":"î€‡"},{"type":"pause","duration":10},{"type":"keyUp","value":"î€‡"}]}]}
RESULT: {"actions":[{"id":"action85","type":"key","parameters":{},"actions":[{"type":"keyDown","value":"î€‡"},{"type":"pause","duration":10},{"type":"keyUp","value":"î€‡"}]}]}
COMMAND: GET /session/297431b9b55e935159c974fa74f723b8/screenshot - {}
RESULT: {}
COMMAND: POST /session/297431b9b55e935159c974fa74f723b8/execute/async - {"script":"<script> [1562 bytes]","args":[{"selector":{"controlType":"sap.ui.core.Icon","viewName":"etm.portal.ui.managerequests.view.NewRequest","properties":{"src":{"regex":{"source":"slim\\-arrow\\-down"}}},"ancestor":{"controlType":"sap.m.Button","viewName":"etm.portal.ui.managerequests.view.NewRequest","properties":{"icon":"sap-icon://slim-arrow-down"}}},"wdio_ui5_key":"etmportal.ui.managerequests.view.NewRequestsap.ui.core.Icon{\"src\":{\"regex\":{\"source\":\"slim\\\\-arrow\\\\-down\"}}}{\"controlType\":\"sap.m.Button\",\"viewName\":\"etm.portal.ui.managerequests.view.NewRequest\",\"properties\":{\"icon\":\"sap-icon://slim-arrow-down\"}}"}]}
RESULT: {"script":"<script> [1562 bytes]","args":[{"selector":{"controlType":"sap.ui.core.Icon","viewName":"etm.portal.ui.managerequests.view.NewRequest","properties":{"src":{"regex":{"source":"slim\\-arrow\\-down"}}},"ancestor":{"controlType":"sap.m.Button","viewName":"etm.portal.ui.managerequests.view.NewRequest","properties":{"icon":"sap-icon://slim-arrow-down"}}},"wdio_ui5_key":"etmportal.ui.managerequests.view.NewRequestsap.ui.core.Icon{\"src\":{\"regex\":{\"source\":\"slim\\\\-arrow\\\\-down\"}}}{\"controlType\":\"sap.m.Button\",\"viewName\":\"etm.portal.ui.managerequests.view.NewRequest\",\"properties\":{\"icon\":\"sap-icon://slim-arrow-down\"}}"}]}
RESULT: undefined
COMMAND: POST /session/297431b9b55e935159c974fa74f723b8/element - {"using":"xpath","value":"//div[contains(@data-kt ,\"splitAllocationObjectStatus\")]"}
RESULT: {"using":"xpath","value":"//div[contains(@data-kt ,\"splitAllocationObjectStatus\")]"}
COMMAND: POST /session/297431b9b55e935159c974fa74f723b8/elements - {"using":"xpath","value":"//div[contains(@data-kt ,\"splitAllocationObjectStatus\")]"}
RESULT: {"using":"xpath","value":"//div[contains(@data-kt ,\"splitAllocationObjectStatus\")]"}
COMMAND: POST /session/297431b9b55e935159c974fa74f723b8/execute/async - {"script":"<script> [1562 bytes]","args":[{"selector":{"controlType":"sap.ui.core.Icon","viewName":"etm.portal.ui.managerequests.view.NewRequest","properties":{"src":{"regex":{"source":"message\\-error"}}}},"wdio_ui5_key":"etmportal.ui.managerequests.view.NewRequestsap.ui.core.Icon{\"src\":{\"regex\":{\"source\":\"message\\\\-error\"}}}"}]}
RESULT: {"script":"<script> [1562 bytes]","args":[{"selector":{"controlType":"sap.ui.core.Icon","viewName":"etm.portal.ui.managerequests.view.NewRequest","properties":{"src":{"regex":{"source":"message\\-error"}}}},"wdio_ui5_key":"etmportal.ui.managerequests.view.NewRequestsap.ui.core.Icon{\"src\":{\"regex\":{\"source\":\"message\\\\-error\"}}}"}]}
RESULT: undefined
COMMAND: POST /session/297431b9b55e935159c974fa74f723b8/element - {"using":"xpath","value":"//*[@id=\"__status4-__xmlview59--requestItemsTable-0-icon\"]"}
RESULT: {"using":"xpath","value":"//*[@id=\"__status4-__xmlview59--requestItemsTable-0-icon\"]"}
COMMAND: POST /session/297431b9b55e935159c974fa74f723b8/element/f.C07C1F5C83AA57D4527D3CB7EA58C4CE.d.11FCB45ED9D4CC02A929982F16E5CEB3.e.11034/click - {}
RESULT: {}
COMMAND: POST /session/297431b9b55e935159c974fa74f723b8/execute/async - {"script":"<script> [1562 bytes]","args":[{"selector":{"controlType":"sap.ui.core.Icon","viewName":"etm.portal.ui.managerequests.view.NewRequest","properties":{"src":{"regex":{"source":"slim\\-arrow\\-down"}}},"searchOpenDialogs":true,"ancestor":{"id":"costObjectAdminTypeComboBox","viewName":"etm.portal.ui.managerequests.view.NewRequest","searchOpenDialogs":true}},"wdio_ui5_key":"etmportal.ui.managerequests.view.NewRequestsap.ui.core.Icon{\"src\":{\"regex\":{\"source\":\"slim\\\\-arrow\\\\-down\"}}}{\"id\":\"costObjectAdminTypeComboBox\",\"viewName\":\"etm.portal.ui.managerequests.view.NewRequest\",\"searchOpenDialogs\":true}"}]}
COMMAND: GET /session/297431b9b55e935159c974fa74f723b8/screenshot - {}
RESULT: {"script":"<script> [1562 bytes]","args":[{"selector":{"controlType":"sap.ui.core.Icon","viewName":"etm.portal.ui.managerequests.view.NewRequest","properties":{"src":{"regex":{"source":"slim\\-arrow\\-down"}}},"searchOpenDialogs":true,"ancestor":{"id":"costObjectAdminTypeComboBox","viewName":"etm.portal.ui.managerequests.view.NewRequest","searchOpenDialogs":true}},"wdio_ui5_key":"etmportal.ui.managerequests.view.NewRequestsap.ui.core.Icon{\"src\":{\"regex\":{\"source\":\"slim\\\\-arrow\\\\-down\"}}}{\"id\":\"costObjectAdminTypeComboBox\",\"viewName\":\"etm.portal.ui.managerequests.view.NewRequest\",\"searchOpenDialogs\":true}"}]}
RESULT: undefined
COMMAND: POST /session/297431b9b55e935159c974fa74f723b8/element - {"using":"xpath","value":"//*[@id=\"__xmlview59--costObjectAdminTypeComboBox-arrow\"]"}
RESULT: {}
RESULT: {"using":"xpath","value":"//*[@id=\"__xmlview59--costObjectAdminTypeComboBox-arrow\"]"}
COMMAND: POST /session/297431b9b55e935159c974fa74f723b8/element/f.C07C1F5C83AA57D4527D3CB7EA58C4CE.d.11FCB45ED9D4CC02A929982F16E5CEB3.e.11038/click - {}
RESULT: {}
COMMAND: POST /session/297431b9b55e935159c974fa74f723b8/execute/async - {"script":"<script> [1562 bytes]","args":[{"selector":{"controlType":"sap.m.StandardListItem","viewName":"etm.portal.ui.managerequests.view.NewRequest","properties":{"title":"Cost Center"},"searchOpenDialogs":true,"interaction":{"idSuffix":"titleText"}},"wdio_ui5_key":"etmportal.ui.managerequests.view.NewRequestsap.m.StandardListItem{\"title\":\"Cost Center\"}"}]}
COMMAND: GET /session/297431b9b55e935159c974fa74f723b8/screenshot - {}
RESULT: {}
RESULT: {"script":"<script> [1562 bytes]","args":[{"selector":{"controlType":"sap.m.StandardListItem","viewName":"etm.portal.ui.managerequests.view.NewRequest","properties":{"title":"Cost Center"},"searchOpenDialogs":true,"interaction":{"idSuffix":"titleText"}},"wdio_ui5_key":"etmportal.ui.managerequests.view.NewRequestsap.m.StandardListItem{\"title\":\"Cost Center\"}"}]}
RESULT: undefined
COMMAND: POST /session/297431b9b55e935159c974fa74f723b8/element - {"using":"xpath","value":"//*[@id=\"__item598\"]"}
RESULT: {"using":"xpath","value":"//*[@id=\"__item598\"]"}
COMMAND: POST /session/297431b9b55e935159c974fa74f723b8/element/f.C07C1F5C83AA57D4527D3CB7EA58C4CE.d.11FCB45ED9D4CC02A929982F16E5CEB3.e.11041/click - {}
RESULT: {}
COMMAND: GET /session/297431b9b55e935159c974fa74f723b8/screenshot - {}
RESULT: {}
COMMAND: POST /session/297431b9b55e935159c974fa74f723b8/execute/async - {"script":"<script> [1562 bytes]","args":[{"selector":{"controlType":"sap.ui.core.Icon","viewName":"etm.portal.ui.managerequests.view.NewRequest","properties":{"src":{"regex":{"source":"value\\-help"}}},"searchOpenDialogs":true},"wdio_ui5_key":"etmportal.ui.managerequests.view.NewRequestsap.ui.core.Icon{\"src\":{\"regex\":{\"source\":\"value\\\\-help\"}}}"}]}
RESULT: {"script":"<script> [1562 bytes]","args":[{"selector":{"controlType":"sap.ui.core.Icon","viewName":"etm.portal.ui.managerequests.view.NewRequest","properties":{"src":{"regex":{"source":"value\\-help"}}},"searchOpenDialogs":true},"wdio_ui5_key":"etmportal.ui.managerequests.view.NewRequestsap.ui.core.Icon{\"src\":{\"regex\":{\"source\":\"value\\\\-help\"}}}"}]}
RESULT: undefined
COMMAND: POST /session/297431b9b55e935159c974fa74f723b8/element - {"using":"xpath","value":"//*[@id=\"__xmlview59--costObjectIdComboBox-vhi\"]"}
RESULT: {"using":"xpath","value":"//*[@id=\"__xmlview59--costObjectIdComboBox-vhi\"]"}
COMMAND: POST /session/297431b9b55e935159c974fa74f723b8/element/f.C07C1F5C83AA57D4527D3CB7EA58C4CE.d.11FCB45ED9D4CC02A929982F16E5CEB3.e.11049/click - {}
RESULT: {}
COMMAND: POST /session/297431b9b55e935159c974fa74f723b8/execute/async - {"script":"<script> [1562 bytes]","args":[{"selector":{"controlType":"sap.m.SearchField","properties":{"placeholder":"Search"},"searchOpenDialogs":true,"interaction":{"idSuffix":"I"}},"wdio_ui5_key":"sapm.SearchField{\"placeholder\":\"Search\"}"}]}
COMMAND: GET /session/297431b9b55e935159c974fa74f723b8/screenshot - {}
RESULT: {"script":"<script> [1562 bytes]","args":[{"selector":{"controlType":"sap.m.SearchField","properties":{"placeholder":"Search"},"searchOpenDialogs":true,"interaction":{"idSuffix":"I"}},"wdio_ui5_key":"sapm.SearchField{\"placeholder\":\"Search\"}"}]}
RESULT: undefined
COMMAND: POST /session/297431b9b55e935159c974fa74f723b8/execute/async - {"script":"<script> [776 bytes]","args":[{"enterText":"10001010","selector":{"controlType":"sap.m.SearchField","properties":{"placeholder":"Search"},"searchOpenDialogs":true,"interaction":{"idSuffix":"I"}},"clearTextFirst":true,"interactionType":"ENTER_TEXT"}]}
RESULT: {}
RESULT: {"script":"<script> [776 bytes]","args":[{"enterText":"10001010","selector":{"controlType":"sap.m.SearchField","properties":{"placeholder":"Search"},"searchOpenDialogs":true,"interaction":{"idSuffix":"I"}},"clearTextFirst":true,"interactionType":"ENTER_TEXT"}]}
COMMAND: POST /session/297431b9b55e935159c974fa74f723b8/actions - {"actions":[{"id":"action86","type":"key","parameters":{},"actions":[{"type":"keyDown","value":"î€‡"},{"type":"pause","duration":10},{"type":"keyUp","value":"î€‡"}]}]}
RESULT: {"actions":[{"id":"action86","type":"key","parameters":{},"actions":[{"type":"keyDown","value":"î€‡"},{"type":"pause","duration":10},{"type":"keyUp","value":"î€‡"}]}]}
COMMAND: GET /session/297431b9b55e935159c974fa74f723b8/screenshot - {}
RESULT: {}
COMMAND: POST /session/297431b9b55e935159c974fa74f723b8/execute/async - {"script":"<script> [1562 bytes]","args":[{"selector":{"controlType":"sap.m.Text","bindingPath":{"path":"/C_CostCtrValueHelp(CostCenter='10001010',ControllingArea='Z001')","propertyPath":"CostCenterName","modelName":"CostCenterModel"},"searchOpenDialogs":true},"wdio_ui5_key":"sapm.Text{\"path\":\"/C_CostCtrValueHelp(CostCenter='10001010',ControllingArea='Z001')\",\"propertyPath\":\"CostCenterName\",\"modelName\":\"CostCenterModel\"}"}]}
RESULT: {"script":"<script> [1562 bytes]","args":[{"selector":{"controlType":"sap.m.Text","bindingPath":{"path":"/C_CostCtrValueHelp(CostCenter='10001010',ControllingArea='Z001')","propertyPath":"CostCenterName","modelName":"CostCenterModel"},"searchOpenDialogs":true},"wdio_ui5_key":"sapm.Text{\"path\":\"/C_CostCtrValueHelp(CostCenter='10001010',ControllingArea='Z001')\",\"propertyPath\":\"CostCenterName\",\"modelName\":\"CostCenterModel\"}"}]}
RESULT: undefined
COMMAND: POST /session/297431b9b55e935159c974fa74f723b8/element - {"using":"xpath","value":"//*[@id=\"__text287-__clone744\"]"}
RESULT: {"using":"xpath","value":"//*[@id=\"__text287-__clone744\"]"}
COMMAND: POST /session/297431b9b55e935159c974fa74f723b8/element/f.C07C1F5C83AA57D4527D3CB7EA58C4CE.d.11FCB45ED9D4CC02A929982F16E5CEB3.e.11090/click - {}
RESULT: {}
COMMAND: POST /session/297431b9b55e935159c974fa74f723b8/execute/async - {"script":"<script> [1562 bytes]","args":[{"selector":{"controlType":"sap.m.Button","properties":{"text":"OK"},"searchOpenDialogs":true,"interaction":{"idSuffix":"BDI-content"}},"wdio_ui5_key":"sapm.Button{\"text\":\"OK\"}"}]}
COMMAND: GET /session/297431b9b55e935159c974fa74f723b8/screenshot - {}
RESULT: {"script":"<script> [1562 bytes]","args":[{"selector":{"controlType":"sap.m.Button","properties":{"text":"OK"},"searchOpenDialogs":true,"interaction":{"idSuffix":"BDI-content"}},"wdio_ui5_key":"sapm.Button{\"text\":\"OK\"}"}]}
RESULT: undefined
COMMAND: POST /session/297431b9b55e935159c974fa74f723b8/element - {"using":"xpath","value":"//*[@id=\"__dialog1-ok\"]"}
RESULT: {}
RESULT: {"using":"xpath","value":"//*[@id=\"__dialog1-ok\"]"}
COMMAND: POST /session/297431b9b55e935159c974fa74f723b8/element/f.C07C1F5C83AA57D4527D3CB7EA58C4CE.d.11FCB45ED9D4CC02A929982F16E5CEB3.e.11092/click - {}
RESULT: {}
COMMAND: GET /session/297431b9b55e935159c974fa74f723b8/screenshot - {}
RESULT: {}
COMMAND: POST /session/297431b9b55e935159c974fa74f723b8/execute/async - {"script":"<script> [1562 bytes]","args":[{"selector":{"controlType":"sap.m.Button","viewName":"etm.portal.ui.managerequests.view.NewRequest","i18NText":{"propertyName":"text","key":"save"},"searchOpenDialogs":true,"interaction":{"idSuffix":"BDI-content"}},"wdio_ui5_key":"etmportal.ui.managerequests.view.NewRequestsap.m.Button{\"propertyName\":\"text\",\"key\":\"save\"}"}]}
RESULT: {"script":"<script> [1562 bytes]","args":[{"selector":{"controlType":"sap.m.Button","viewName":"etm.portal.ui.managerequests.view.NewRequest","i18NText":{"propertyName":"text","key":"save"},"searchOpenDialogs":true,"interaction":{"idSuffix":"BDI-content"}},"wdio_ui5_key":"etmportal.ui.managerequests.view.NewRequestsap.m.Button{\"propertyName\":\"text\",\"key\":\"save\"}"}]}
RESULT: undefined
COMMAND: POST /session/297431b9b55e935159c974fa74f723b8/element - {"using":"xpath","value":"//*[@id=\"__button22\"]"}
RESULT: {"using":"xpath","value":"//*[@id=\"__button22\"]"}
COMMAND: POST /session/297431b9b55e935159c974fa74f723b8/element/f.C07C1F5C83AA57D4527D3CB7EA58C4CE.d.11FCB45ED9D4CC02A929982F16E5CEB3.e.11096/click - {}
RESULT: {}
COMMAND: GET /session/297431b9b55e935159c974fa74f723b8/screenshot - {}
RESULT: {}
COMMAND: POST /session/297431b9b55e935159c974fa74f723b8/element - {"using":"xpath","value":"(//bdi[contains(text() ,\"Save\")])[1]"}
RESULT: {"using":"xpath","value":"(//bdi[contains(text() ,\"Save\")])[1]"}
COMMAND: POST /session/297431b9b55e935159c974fa74f723b8/element/f.C07C1F5C83AA57D4527D3CB7EA58C4CE.d.11FCB45ED9D4CC02A929982F16E5CEB3.e.11098/click - {}
RESULT: {}
COMMAND: GET /session/297431b9b55e935159c974fa74f723b8/screenshot - {}
RESULT: {}
COMMAND: POST /session/297431b9b55e935159c974fa74f723b8/execute/async - {"script":"<script> [1562 bytes]","args":[{"selector":{"controlType":"sap.m.Title","properties":{"text":"Success"},"searchOpenDialogs":true},"wdio_ui5_key":"sapm.Title{\"text\":\"Success\"}"}]}
RESULT: {"script":"<script> [1562 bytes]","args":[{"selector":{"controlType":"sap.m.Title","properties":{"text":"Success"},"searchOpenDialogs":true},"wdio_ui5_key":"sapm.Title{\"text\":\"Success\"}"}]}
RESULT: undefined
COMMAND: POST /session/297431b9b55e935159c974fa74f723b8/execute/async - {"script":"<script> [6424 bytes]","args":[{"element-6066-11e4-a52e-4f735466cecf":"f.C07C1F5C83AA57D4527D3CB7EA58C4CE.d.11FCB45ED9D4CC02A929982F16E5CEB3.e.11102"},"getText",[]]}
RESULT: {"script":"<script> [6424 bytes]","args":[{"element-6066-11e4-a52e-4f735466cecf":"f.C07C1F5C83AA57D4527D3CB7EA58C4CE.d.11FCB45ED9D4CC02A929982F16E5CEB3.e.11102"},"getText",[]]}
COMMAND: POST /session/297431b9b55e935159c974fa74f723b8/execute/async - {"script":"<script> [1562 bytes]","args":[{"selector":{"controlType":"sap.m.Button","properties":{"text":"Close"},"searchOpenDialogs":true,"interaction":{"idSuffix":"BDI-content"}},"wdio_ui5_key":"sapm.Button{\"text\":\"Close\"}"}]}
RESULT: {"script":"<script> [1562 bytes]","args":[{"selector":{"controlType":"sap.m.Button","properties":{"text":"Close"},"searchOpenDialogs":true,"interaction":{"idSuffix":"BDI-content"}},"wdio_ui5_key":"sapm.Button{\"text\":\"Close\"}"}]}
RESULT: undefined
COMMAND: POST /session/297431b9b55e935159c974fa74f723b8/element - {"using":"xpath","value":"//*[@id=\"__mbox-btn-0\"]"}
RESULT: {"using":"xpath","value":"//*[@id=\"__mbox-btn-0\"]"}
COMMAND: POST /session/297431b9b55e935159c974fa74f723b8/element/f.C07C1F5C83AA57D4527D3CB7EA58C4CE.d.11FCB45ED9D4CC02A929982F16E5CEB3.e.11101/click - {}
RESULT: {}
COMMAND: GET /session/297431b9b55e935159c974fa74f723b8/screenshot - {}
RESULT: {}
COMMAND: POST /session/297431b9b55e935159c974fa74f723b8/execute/async - {"script":"<script> [1562 bytes]","args":[{"selector":{"controlType":"sap.m.Text","viewName":"etm.portal.ui.managerequests.view.Detail","bindingPath":{"propertyPath":"NO","modelName":"catalogModel"}},"wdio_ui5_key":"etmportal.ui.managerequests.view.Detailsap.m.Text{\"propertyPath\":\"NO\",\"modelName\":\"catalogModel\"}"}]}
RESULT: {"script":"<script> [1562 bytes]","args":[{"selector":{"controlType":"sap.m.Text","viewName":"etm.portal.ui.managerequests.view.Detail","bindingPath":{"propertyPath":"NO","modelName":"catalogModel"}},"wdio_ui5_key":"etmportal.ui.managerequests.view.Detailsap.m.Text{\"propertyPath\":\"NO\",\"modelName\":\"catalogModel\"}"}]}
RESULT: undefined
COMMAND: POST /session/297431b9b55e935159c974fa74f723b8/execute/async - {"script":"<script> [6424 bytes]","args":[{"element-6066-11e4-a52e-4f735466cecf":"f.C07C1F5C83AA57D4527D3CB7EA58C4CE.d.11FCB45ED9D4CC02A929982F16E5CEB3.e.11234"},"getText",[]]}
RESULT: {"script":"<script> [6424 bytes]","args":[{"element-6066-11e4-a52e-4f735466cecf":"f.C07C1F5C83AA57D4527D3CB7EA58C4CE.d.11FCB45ED9D4CC02A929982F16E5CEB3.e.11234"},"getText",[]]}
COMMAND: POST /session/297431b9b55e935159c974fa74f723b8/execute/async - {"script":"<script> [1562 bytes]","args":[{"selector":{"controlType":"sap.ui.core.Icon","viewName":"etm.portal.ui.managerequests.view.Detail","properties":{"src":{"regex":{"source":"date\\-time"}}},"ancestor":{"controlType":"sap.m.ColumnListItem","viewName":"etm.portal.ui.managerequests.view.Detail","bindingPath":{"path":"/SmartRequestItemsPlanningBoard(ITEM=10m,REQUEST='20126')"},"ancestor":{"id":"requestItemsTable","viewName":"etm.portal.ui.managerequests.view.Detail"}}},"wdio_ui5_key":"etmportal.ui.managerequests.view.Detailsap.ui.core.Icon{\"src\":{\"regex\":{\"source\":\"date\\\\-time\"}}}{\"controlType\":\"sap.m.ColumnListItem\",\"viewName\":\"etm.portal.ui.managerequests.view.Detail\",\"bindingPath\":{\"path\":\"/SmartRequestItemsPlanningBoard(ITEM=10m,REQUEST='20126')\"},\"ancestor\":{\"id\":\"requestItemsTable\",\"viewName\":\"etm.portal.ui.managerequests.view.Detail\"}}"}]}
RESULT: {"script":"<script> [1562 bytes]","args":[{"selector":{"controlType":"sap.ui.core.Icon","viewName":"etm.portal.ui.managerequests.view.Detail","properties":{"src":{"regex":{"source":"date\\-time"}}},"ancestor":{"controlType":"sap.m.ColumnListItem","viewName":"etm.portal.ui.managerequests.view.Detail","bindingPath":{"path":"/SmartRequestItemsPlanningBoard(ITEM=10m,REQUEST='20126')"},"ancestor":{"id":"requestItemsTable","viewName":"etm.portal.ui.managerequests.view.Detail"}}},"wdio_ui5_key":"etmportal.ui.managerequests.view.Detailsap.ui.core.Icon{\"src\":{\"regex\":{\"source\":\"date\\\\-time\"}}}{\"controlType\":\"sap.m.ColumnListItem\",\"viewName\":\"etm.portal.ui.managerequests.view.Detail\",\"bindingPath\":{\"path\":\"/SmartRequestItemsPlanningBoard(ITEM=10m,REQUEST='20126')\"},\"ancestor\":{\"id\":\"requestItemsTable\",\"viewName\":\"etm.portal.ui.managerequests.view.Detail\"}}"}]}
RESULT: undefined
COMMAND: POST /session/297431b9b55e935159c974fa74f723b8/element - {"using":"xpath","value":"//*[@id=\"__button37-__clone783-img\"]"}
RESULT: {"using":"xpath","value":"//*[@id=\"__button37-__clone783-img\"]"}
COMMAND: POST /session/297431b9b55e935159c974fa74f723b8/element/f.C07C1F5C83AA57D4527D3CB7EA58C4CE.d.11FCB45ED9D4CC02A929982F16E5CEB3.e.11235/click - {}
RESULT: {}
COMMAND: POST /session/297431b9b55e935159c974fa74f723b8/execute/async - {"script":"<script> [1562 bytes]","args":[{"selector":{"controlType":"sap.m.Button","viewName":"etm.portal.ui.managerequests.view.Detail","properties":{"text":"Close"},"searchOpenDialogs":true,"interaction":{"idSuffix":"BDI-content"}},"wdio_ui5_key":"etmportal.ui.managerequests.view.Detailsap.m.Button{\"text\":\"Close\"}"}]}
COMMAND: GET /session/297431b9b55e935159c974fa74f723b8/screenshot - {}
RESULT: {"script":"<script> [1562 bytes]","args":[{"selector":{"controlType":"sap.m.Button","viewName":"etm.portal.ui.managerequests.view.Detail","properties":{"text":"Close"},"searchOpenDialogs":true,"interaction":{"idSuffix":"BDI-content"}},"wdio_ui5_key":"etmportal.ui.managerequests.view.Detailsap.m.Button{\"text\":\"Close\"}"}]}
RESULT: undefined
COMMAND: POST /session/297431b9b55e935159c974fa74f723b8/element - {"using":"xpath","value":"//*[@id=\"__button45\"]"}
RESULT: {}
RESULT: {"using":"xpath","value":"//*[@id=\"__button45\"]"}
COMMAND: POST /session/297431b9b55e935159c974fa74f723b8/element/f.C07C1F5C83AA57D4527D3CB7EA58C4CE.d.11FCB45ED9D4CC02A929982F16E5CEB3.e.11237/click - {}
RESULT: {}
COMMAND: POST /session/297431b9b55e935159c974fa74f723b8/refresh - {}
COMMAND: GET /session/297431b9b55e935159c974fa74f723b8/screenshot - {}
RESULT: {}
COMMAND: GET /session/297431b9b55e935159c974fa74f723b8/screenshot - {}
RESULT: {}
RESULT: {}
COMMAND: POST /session/297431b9b55e935159c974fa74f723b8/execute/async - {"script":"<script> [189 bytes]","args":[]}
RESULT: {"script":"<script> [189 bytes]","args":[]}
COMMAND: POST /session/297431b9b55e935159c974fa74f723b8/execute/async - {"script":"<script> [123 bytes]","args":[]}
RESULT: {"script":"<script> [123 bytes]","args":[]}
COMMAND: POST /session/297431b9b55e935159c974fa74f723b8/timeouts - {"script":"<number>"}
RESULT: {"script":"<number>"}
COMMAND: GET /session/297431b9b55e935159c974fa74f723b8/timeouts - {}
RESULT: {}
RESULT: undefined
COMMAND: POST /session/297431b9b55e935159c974fa74f723b8/execute/async - {"script":"<script> [2676 bytes]","args":[]}
RESULT: {"script":"<script> [2676 bytes]","args":[]}
COMMAND: POST /session/297431b9b55e935159c974fa74f723b8/execute/async - {"script":"<script> [2342 bytes]","args":[{"protocol":"http","hostname":"0.0.0.0","path":"/","capabilities":{"browserName":"chrome","goog:chromeOptions":{"binary":"C:\\Program Files\\Google\\Chrome\\Application\\chrome.exe","args":["--start-maximized"]}},"logLevel":"warn","connectionRetryTimeout":120000,"connectionRetryCount":3,"logLevels":{},"enableDirectConnect":true,"strictSSL":true,"_":"65 more keys: [\"cacheDir\",\"port\",\"requestedCapabilities\",\"automationProtocol\",\"baseUrl\",\"waitforInterval\",\"waitforTimeout\",\"onReload\",\"beforeCommand\",\"afterCommand\",\"rootDir\",\"specs\",\"suites\",\"exclude\",\"groupLogsByTestSpec\",\"excludeDriverLogs\",\"bail\",\"framework\",\"reporters\",\"services\",\"maxInstances\",\"maxInstancesPerCapability\",\"injectGlobals\",\"filesToWatch\",\"execArgv\",\"runnerEnv\",\"runner\",\"shard\",\"specFileRetries\",\"specFileRetriesDelay\",\"specFileRetriesDeferred\",\"reporterSyncInterval\",\"reporterSyncTimeout\",\"cucumberFeaturesWithLineNumbers\",\"autoCompileOpts\",\"mochaOpts\",\"jasmineOpts\",\"cucumberOpts\",\"onPrepare\",\"onWorkerStart\",\"onWorkerEnd\",\"before\",\"beforeSession\",\"beforeSuite\",\"beforeHook\",\"beforeTest\",\"afterTest\",\"afterHook\",\"afterSuite\",\"afterSession\",\"after\",\"onComplete\",\"beforeAssertion\",\"afterAssertion\",\"beforeFeature\",\"beforeScenario\",\"beforeStep\",\"afterStep\",\"afterScenario\",\"afterFeature\",\"_\",\"suite\",\"$0\",\"ignoredWorkerServices\",\"wdi5\"]"}]}
RESULT: {"script":"<script> [2342 bytes]","args":[{"protocol":"http","hostname":"0.0.0.0","path":"/","capabilities":{"browserName":"chrome","goog:chromeOptions":{"binary":"C:\\Program Files\\Google\\Chrome\\Application\\chrome.exe","args":["--start-maximized"]}},"logLevel":"warn","connectionRetryTimeout":120000,"connectionRetryCount":3,"logLevels":{},"enableDirectConnect":true,"strictSSL":true,"_":"65 more keys: [\"cacheDir\",\"port\",\"requestedCapabilities\",\"automationProtocol\",\"baseUrl\",\"waitforInterval\",\"waitforTimeout\",\"onReload\",\"beforeCommand\",\"afterCommand\",\"rootDir\",\"specs\",\"suites\",\"exclude\",\"groupLogsByTestSpec\",\"excludeDriverLogs\",\"bail\",\"framework\",\"reporters\",\"services\",\"maxInstances\",\"maxInstancesPerCapability\",\"injectGlobals\",\"filesToWatch\",\"execArgv\",\"runnerEnv\",\"runner\",\"shard\",\"specFileRetries\",\"specFileRetriesDelay\",\"specFileRetriesDeferred\",\"reporterSyncInterval\",\"reporterSyncTimeout\",\"cucumberFeaturesWithLineNumbers\",\"autoCompileOpts\",\"mochaOpts\",\"jasmineOpts\",\"cucumberOpts\",\"onPrepare\",\"onWorkerStart\",\"onWorkerEnd\",\"before\",\"beforeSession\",\"beforeSuite\",\"beforeHook\",\"beforeTest\",\"afterTest\",\"afterHook\",\"afterSuite\",\"afterSession\",\"after\",\"onComplete\",\"beforeAssertion\",\"afterAssertion\",\"beforeFeature\",\"beforeScenario\",\"beforeStep\",\"afterStep\",\"afterScenario\",\"afterFeature\",\"_\",\"suite\",\"$0\",\"ignoredWorkerServices\",\"wdi5\"]"}]}
COMMAND: POST /session/297431b9b55e935159c974fa74f723b8/execute/async - {"script":"<script> [21126 bytes]","args":[35000]}
RESULT: {"script":"<script> [21126 bytes]","args":[35000]}
]]></system-out>
    </testcase>
    <testcase classname="chrome.136_0_7103_93.windows.Process_request_items_into_new_quotation_US120163" name="Should process the request into a new quotation" time="52.497">
      <system-out><![CDATA[
COMMAND: GET /session/297431b9b55e935159c974fa74f723b8/window - {}
RESULT: {}
COMMAND: POST /session/297431b9b55e935159c974fa74f723b8/element - {"using":"xpath","value":"//span[contains(@id ,\"detailHeaderTitle-_actionsToolbar-overflowButton-img\")]"}
RESULT: {"using":"xpath","value":"//span[contains(@id ,\"detailHeaderTitle-_actionsToolbar-overflowButton-img\")]"}
COMMAND: POST /session/297431b9b55e935159c974fa74f723b8/element/f.C07C1F5C83AA57D4527D3CB7EA58C4CE.d.F77E5A68884509EE57D32F61E63113B2.e.11463/click - {}
RESULT: {}
COMMAND: GET /session/297431b9b55e935159c974fa74f723b8/screenshot - {}
RESULT: {}
COMMAND: POST /session/297431b9b55e935159c974fa74f723b8/element - {"using":"xpath","value":"//span[contains(@id ,\"actionsMenuButton-internalSplitBtn-arrowButton-img\")]"}
RESULT: {"using":"xpath","value":"//span[contains(@id ,\"actionsMenuButton-internalSplitBtn-arrowButton-img\")]"}
COMMAND: POST /session/297431b9b55e935159c974fa74f723b8/element/f.C07C1F5C83AA57D4527D3CB7EA58C4CE.d.F77E5A68884509EE57D32F61E63113B2.e.11466/click - {}
RESULT: {}
COMMAND: GET /session/297431b9b55e935159c974fa74f723b8/screenshot - {}
RESULT: {}
COMMAND: POST /session/297431b9b55e935159c974fa74f723b8/actions - {"actions":[{"id":"action87","type":"key","parameters":{},"actions":[{"type":"keyDown","value":"î€•"},{"type":"pause","duration":10},{"type":"keyUp","value":"î€•"}]}]}
RESULT: {"actions":[{"id":"action87","type":"key","parameters":{},"actions":[{"type":"keyDown","value":"î€•"},{"type":"pause","duration":10},{"type":"keyUp","value":"î€•"}]}]}
COMMAND: GET /session/297431b9b55e935159c974fa74f723b8/screenshot - {}
RESULT: {}
COMMAND: POST /session/297431b9b55e935159c974fa74f723b8/actions - {"actions":[{"id":"action88","type":"key","parameters":{},"actions":[{"type":"keyDown","value":"î€‡"},{"type":"pause","duration":10},{"type":"keyUp","value":"î€‡"}]}]}
RESULT: {"actions":[{"id":"action88","type":"key","parameters":{},"actions":[{"type":"keyDown","value":"î€‡"},{"type":"pause","duration":10},{"type":"keyUp","value":"î€‡"}]}]}
COMMAND: GET /session/297431b9b55e935159c974fa74f723b8/screenshot - {}
RESULT: {}
COMMAND: POST /session/297431b9b55e935159c974fa74f723b8/actions - {"actions":[{"id":"action89","type":"key","parameters":{},"actions":[{"type":"keyDown","value":"î€‡"},{"type":"pause","duration":10},{"type":"keyUp","value":"î€‡"}]}]}
RESULT: {"actions":[{"id":"action89","type":"key","parameters":{},"actions":[{"type":"keyDown","value":"î€‡"},{"type":"pause","duration":10},{"type":"keyUp","value":"î€‡"}]}]}
COMMAND: GET /session/297431b9b55e935159c974fa74f723b8/screenshot - {}
RESULT: {}
COMMAND: POST /session/297431b9b55e935159c974fa74f723b8/actions - {"actions":[{"id":"action90","type":"key","parameters":{},"actions":[{"type":"keyDown","value":"î€‡"},{"type":"pause","duration":10},{"type":"keyUp","value":"î€‡"}]}]}
RESULT: {"actions":[{"id":"action90","type":"key","parameters":{},"actions":[{"type":"keyDown","value":"î€‡"},{"type":"pause","duration":10},{"type":"keyUp","value":"î€‡"}]}]}
COMMAND: GET /session/297431b9b55e935159c974fa74f723b8/screenshot - {}
RESULT: {}
COMMAND: POST /session/297431b9b55e935159c974fa74f723b8/actions - {"actions":[{"id":"action91","type":"key","parameters":{},"actions":[{"type":"keyDown","value":"î€‡"},{"type":"pause","duration":10},{"type":"keyUp","value":"î€‡"}]}]}
RESULT: {"actions":[{"id":"action91","type":"key","parameters":{},"actions":[{"type":"keyDown","value":"î€‡"},{"type":"pause","duration":10},{"type":"keyUp","value":"î€‡"}]}]}
COMMAND: GET /session/297431b9b55e935159c974fa74f723b8/screenshot - {}
RESULT: {}
COMMAND: GET /session/297431b9b55e935159c974fa74f723b8/window/handles - {}
RESULT: {}
COMMAND: GET /session/297431b9b55e935159c974fa74f723b8/window/handles - {}
RESULT: {}
COMMAND: POST /session/297431b9b55e935159c974fa74f723b8/window - {"handle":"733F6F557E7887DC5394F14C15A76B94"}
RESULT: {"handle":"733F6F557E7887DC5394F14C15A76B94"}
COMMAND: GET /session/297431b9b55e935159c974fa74f723b8/url - {}
RESULT: {}
COMMAND: GET /session/297431b9b55e935159c974fa74f723b8/screenshot - {}
RESULT: {}
COMMAND: POST /session/297431b9b55e935159c974fa74f723b8/element - {"using":"xpath","value":"//span[contains(text(), \"Header Billing Items\")]"}
RESULT: {"using":"xpath","value":"//span[contains(text(), \"Header Billing Items\")]"}
COMMAND: POST /session/297431b9b55e935159c974fa74f723b8/element/f.733F6F557E7887DC5394F14C15A76B94.d.108AF0F49D68119B988BAA98CBD08FED.e.11692/click - {}
RESULT: {}
COMMAND: GET /session/297431b9b55e935159c974fa74f723b8/screenshot - {}
RESULT: {}
COMMAND: POST /session/297431b9b55e935159c974fa74f723b8/element - {"using":"xpath","value":"//span[contains(@id ,\"contractItemsSmartTable-header-inner\")]"}
RESULT: {"using":"xpath","value":"//span[contains(@id ,\"contractItemsSmartTable-header-inner\")]"}
COMMAND: GET /session/297431b9b55e935159c974fa74f723b8/element/f.733F6F557E7887DC5394F14C15A76B94.d.108AF0F49D68119B988BAA98CBD08FED.e.11694/text - {}
RESULT: {}
COMMAND: POST /session/297431b9b55e935159c974fa74f723b8/element - {"using":"xpath","value":"//span[@class=\"sapMObjStatusText\"][contains(text(), \"proposed\")]"}
RESULT: {"using":"xpath","value":"//span[@class=\"sapMObjStatusText\"][contains(text(), \"proposed\")]"}
COMMAND: GET /session/297431b9b55e935159c974fa74f723b8/element/f.733F6F557E7887DC5394F14C15A76B94.d.108AF0F49D68119B988BAA98CBD08FED.e.11695/text - {}
RESULT: {}
COMMAND: DELETE /session/297431b9b55e935159c974fa74f723b8/window - {}
RESULT: {}
COMMAND: POST /session/297431b9b55e935159c974fa74f723b8/window - {"handle":"C07C1F5C83AA57D4527D3CB7EA58C4CE"}
RESULT: {"handle":"C07C1F5C83AA57D4527D3CB7EA58C4CE"}
COMMAND: GET /session/297431b9b55e935159c974fa74f723b8/url - {}
RESULT: {}
COMMAND: GET /session/297431b9b55e935159c974fa74f723b8/screenshot - {}
RESULT: {}
]]></system-out>
    </testcase>
    <testcase classname="chrome.136_0_7103_93.windows.Process_request_items_into_new_quotation_US120163" name="Should navigate back to the request and check the request and item statuses" time="27.593">
      <system-out><![CDATA[
COMMAND: POST /session/297431b9b55e935159c974fa74f723b8/refresh - {}
RESULT: {}
COMMAND: GET /session/297431b9b55e935159c974fa74f723b8/screenshot - {}
RESULT: {}
COMMAND: POST /session/297431b9b55e935159c974fa74f723b8/execute/async - {"script":"<script> [189 bytes]","args":[]}
RESULT: {"script":"<script> [189 bytes]","args":[]}
COMMAND: POST /session/297431b9b55e935159c974fa74f723b8/execute/async - {"script":"<script> [123 bytes]","args":[]}
RESULT: {"script":"<script> [123 bytes]","args":[]}
COMMAND: POST /session/297431b9b55e935159c974fa74f723b8/timeouts - {"script":"<number>"}
RESULT: {"script":"<number>"}
COMMAND: GET /session/297431b9b55e935159c974fa74f723b8/timeouts - {}
RESULT: {}
RESULT: undefined
COMMAND: POST /session/297431b9b55e935159c974fa74f723b8/execute/async - {"script":"<script> [2676 bytes]","args":[]}
RESULT: {"script":"<script> [2676 bytes]","args":[]}
COMMAND: POST /session/297431b9b55e935159c974fa74f723b8/execute/async - {"script":"<script> [2342 bytes]","args":[{"protocol":"http","hostname":"0.0.0.0","path":"/","capabilities":{"browserName":"chrome","goog:chromeOptions":{"binary":"C:\\Program Files\\Google\\Chrome\\Application\\chrome.exe","args":["--start-maximized"]}},"logLevel":"warn","connectionRetryTimeout":120000,"connectionRetryCount":3,"logLevels":{},"enableDirectConnect":true,"strictSSL":true,"_":"65 more keys: [\"cacheDir\",\"port\",\"requestedCapabilities\",\"automationProtocol\",\"baseUrl\",\"waitforInterval\",\"waitforTimeout\",\"onReload\",\"beforeCommand\",\"afterCommand\",\"rootDir\",\"specs\",\"suites\",\"exclude\",\"groupLogsByTestSpec\",\"excludeDriverLogs\",\"bail\",\"framework\",\"reporters\",\"services\",\"maxInstances\",\"maxInstancesPerCapability\",\"injectGlobals\",\"filesToWatch\",\"execArgv\",\"runnerEnv\",\"runner\",\"shard\",\"specFileRetries\",\"specFileRetriesDelay\",\"specFileRetriesDeferred\",\"reporterSyncInterval\",\"reporterSyncTimeout\",\"cucumberFeaturesWithLineNumbers\",\"autoCompileOpts\",\"mochaOpts\",\"jasmineOpts\",\"cucumberOpts\",\"onPrepare\",\"onWorkerStart\",\"onWorkerEnd\",\"before\",\"beforeSession\",\"beforeSuite\",\"beforeHook\",\"beforeTest\",\"afterTest\",\"afterHook\",\"afterSuite\",\"afterSession\",\"after\",\"onComplete\",\"beforeAssertion\",\"afterAssertion\",\"beforeFeature\",\"beforeScenario\",\"beforeStep\",\"afterStep\",\"afterScenario\",\"afterFeature\",\"_\",\"suite\",\"$0\",\"ignoredWorkerServices\",\"wdi5\"]"}]}
RESULT: {"script":"<script> [2342 bytes]","args":[{"protocol":"http","hostname":"0.0.0.0","path":"/","capabilities":{"browserName":"chrome","goog:chromeOptions":{"binary":"C:\\Program Files\\Google\\Chrome\\Application\\chrome.exe","args":["--start-maximized"]}},"logLevel":"warn","connectionRetryTimeout":120000,"connectionRetryCount":3,"logLevels":{},"enableDirectConnect":true,"strictSSL":true,"_":"65 more keys: [\"cacheDir\",\"port\",\"requestedCapabilities\",\"automationProtocol\",\"baseUrl\",\"waitforInterval\",\"waitforTimeout\",\"onReload\",\"beforeCommand\",\"afterCommand\",\"rootDir\",\"specs\",\"suites\",\"exclude\",\"groupLogsByTestSpec\",\"excludeDriverLogs\",\"bail\",\"framework\",\"reporters\",\"services\",\"maxInstances\",\"maxInstancesPerCapability\",\"injectGlobals\",\"filesToWatch\",\"execArgv\",\"runnerEnv\",\"runner\",\"shard\",\"specFileRetries\",\"specFileRetriesDelay\",\"specFileRetriesDeferred\",\"reporterSyncInterval\",\"reporterSyncTimeout\",\"cucumberFeaturesWithLineNumbers\",\"autoCompileOpts\",\"mochaOpts\",\"jasmineOpts\",\"cucumberOpts\",\"onPrepare\",\"onWorkerStart\",\"onWorkerEnd\",\"before\",\"beforeSession\",\"beforeSuite\",\"beforeHook\",\"beforeTest\",\"afterTest\",\"afterHook\",\"afterSuite\",\"afterSession\",\"after\",\"onComplete\",\"beforeAssertion\",\"afterAssertion\",\"beforeFeature\",\"beforeScenario\",\"beforeStep\",\"afterStep\",\"afterScenario\",\"afterFeature\",\"_\",\"suite\",\"$0\",\"ignoredWorkerServices\",\"wdi5\"]"}]}
COMMAND: POST /session/297431b9b55e935159c974fa74f723b8/execute/async - {"script":"<script> [21126 bytes]","args":[35000]}
RESULT: {"script":"<script> [21126 bytes]","args":[35000]}
COMMAND: POST /session/297431b9b55e935159c974fa74f723b8/execute/async - {"script":"<script> [1562 bytes]","args":[{"selector":{"controlType":"sap.m.Text","viewName":"etm.portal.ui.managerequests.view.Detail","bindingPath":{"path":"/SmartRequestItemsPlanningBoard(ITEM=10m,REQUEST='20126')","propertyPath":"STATUS_DESC"}},"wdio_ui5_key":"etmportal.ui.managerequests.view.Detailsap.m.Text{\"path\":\"/SmartRequestItemsPlanningBoard(ITEM=10m,REQUEST='20126')\",\"propertyPath\":\"STATUS_DESC\"}"}]}
RESULT: {"script":"<script> [1562 bytes]","args":[{"selector":{"controlType":"sap.m.Text","viewName":"etm.portal.ui.managerequests.view.Detail","bindingPath":{"path":"/SmartRequestItemsPlanningBoard(ITEM=10m,REQUEST='20126')","propertyPath":"STATUS_DESC"}},"wdio_ui5_key":"etmportal.ui.managerequests.view.Detailsap.m.Text{\"path\":\"/SmartRequestItemsPlanningBoard(ITEM=10m,REQUEST='20126')\",\"propertyPath\":\"STATUS_DESC\"}"}]}
RESULT: undefined
COMMAND: POST /session/297431b9b55e935159c974fa74f723b8/execute/async - {"script":"<script> [6424 bytes]","args":[{"element-6066-11e4-a52e-4f735466cecf":"f.C07C1F5C83AA57D4527D3CB7EA58C4CE.d.68E77C2ABDB4E080353837C99542F607.e.11911"},"getText",[]]}
RESULT: {"script":"<script> [6424 bytes]","args":[{"element-6066-11e4-a52e-4f735466cecf":"f.C07C1F5C83AA57D4527D3CB7EA58C4CE.d.68E77C2ABDB4E080353837C99542F607.e.11911"},"getText",[]]}
COMMAND: POST /session/297431b9b55e935159c974fa74f723b8/execute/async - {"script":"<script> [1562 bytes]","args":[{"selector":{"controlType":"sap.m.ObjectStatus","viewName":"etm.portal.ui.managerequests.view.Detail","bindingPath":{"path":"/RequestHeaders('20126')","propertyPath":"LINK_TO_STATUS/DESCRIPTION","modelName":"catalogModel"}},"wdio_ui5_key":"etmportal.ui.managerequests.view.Detailsap.m.ObjectStatus{\"path\":\"/RequestHeaders('20126')\",\"propertyPath\":\"LINK_TO_STATUS/DESCRIPTION\",\"modelName\":\"catalogModel\"}"}]}
RESULT: {"script":"<script> [1562 bytes]","args":[{"selector":{"controlType":"sap.m.ObjectStatus","viewName":"etm.portal.ui.managerequests.view.Detail","bindingPath":{"path":"/RequestHeaders('20126')","propertyPath":"LINK_TO_STATUS/DESCRIPTION","modelName":"catalogModel"}},"wdio_ui5_key":"etmportal.ui.managerequests.view.Detailsap.m.ObjectStatus{\"path\":\"/RequestHeaders('20126')\",\"propertyPath\":\"LINK_TO_STATUS/DESCRIPTION\",\"modelName\":\"catalogModel\"}"}]}
RESULT: undefined
COMMAND: POST /session/297431b9b55e935159c974fa74f723b8/execute/async - {"script":"<script> [6424 bytes]","args":[{"element-6066-11e4-a52e-4f735466cecf":"f.C07C1F5C83AA57D4527D3CB7EA58C4CE.d.68E77C2ABDB4E080353837C99542F607.e.11912"},"getText",[]]}
RESULT: {"script":"<script> [6424 bytes]","args":[{"element-6066-11e4-a52e-4f735466cecf":"f.C07C1F5C83AA57D4527D3CB7EA58C4CE.d.68E77C2ABDB4E080353837C99542F607.e.11912"},"getText",[]]}
COMMAND: POST /session/297431b9b55e935159c974fa74f723b8/element - {"using":"css selector","value":"#shell-header-logo"}
RESULT: {"using":"css selector","value":"#shell-header-logo"}
COMMAND: POST /session/297431b9b55e935159c974fa74f723b8/element/f.C07C1F5C83AA57D4527D3CB7EA58C4CE.d.68E77C2ABDB4E080353837C99542F607.e.11702/click - {}
RESULT: {}
COMMAND: GET /session/297431b9b55e935159c974fa74f723b8/screenshot - {}
RESULT: {}
]]></system-out>
    </testcase>
  </testsuite>
  <testsuite timestamp="2025-05-15T18:56:01" time="434.929" tests="4" failures="0" errors="0" skipped="0">
    <properties>
      <property name="specId" value="0" />
      <property name="suiteName" value="Process request items into an existing quotation US120163" />
      <property name="capabilities" value="chrome.136_0_7103_93.windows" />
      <property name="file" value="file:///D:/a/1/s/test/specs/R2C/process-request-items-into-existing-quotation.spec.js" />
    </properties>
    <testcase classname="chrome.136_0_7103_93.windows.Process_request_items_into_an_existing_quotation_US120163" name="Should create a new quotation" time="89.652">
      <system-out><![CDATA[
COMMAND: POST /session/297431b9b55e935159c974fa74f723b8/execute/async - {"script":"<script> [1562 bytes]","args":[{"selector":{"controlType":"sap.m.GenericTile","properties":{"header":"Manage Quotations"}},"wdio_ui5_key":"sapm.GenericTile{\"header\":\"Manage Quotations\"}"}]}
RESULT: {"script":"<script> [1562 bytes]","args":[{"selector":{"controlType":"sap.m.GenericTile","properties":{"header":"Manage Quotations"}},"wdio_ui5_key":"sapm.GenericTile{\"header\":\"Manage Quotations\"}"}]}
RESULT: undefined
COMMAND: POST /session/297431b9b55e935159c974fa74f723b8/element - {"using":"xpath","value":"//*[@id=\"__tile131\"]"}
RESULT: {"using":"xpath","value":"//*[@id=\"__tile131\"]"}
COMMAND: POST /session/297431b9b55e935159c974fa74f723b8/element/f.C07C1F5C83AA57D4527D3CB7EA58C4CE.d.68E77C2ABDB4E080353837C99542F607.e.11925/click - {}
RESULT: {}
COMMAND: GET /session/297431b9b55e935159c974fa74f723b8/screenshot - {}
RESULT: {}
COMMAND: POST /session/297431b9b55e935159c974fa74f723b8/elements - {"using":"xpath","value":"//span[text()='Error']"}
RESULT: {"using":"xpath","value":"//span[text()='Error']"}
COMMAND: POST /session/297431b9b55e935159c974fa74f723b8/element - {"using":"xpath","value":"//button[contains(@title ,\"Add New Contract\")]"}
RESULT: {"using":"xpath","value":"//button[contains(@title ,\"Add New Contract\")]"}
COMMAND: POST /session/297431b9b55e935159c974fa74f723b8/element/f.C07C1F5C83AA57D4527D3CB7EA58C4CE.d.68E77C2ABDB4E080353837C99542F607.e.11956/click - {}
RESULT: {}
COMMAND: GET /session/297431b9b55e935159c974fa74f723b8/screenshot - {}
RESULT: {}
COMMAND: POST /session/297431b9b55e935159c974fa74f723b8/element - {"using":"xpath","value":"//input[contains(@id ,\"application-managequotations-display-component---AddNewContract--projectDescription-inner\")]"}
RESULT: {"using":"xpath","value":"//input[contains(@id ,\"application-managequotations-display-component---AddNewContract--projectDescription-inner\")]"}
COMMAND: POST /session/297431b9b55e935159c974fa74f723b8/element/f.C07C1F5C83AA57D4527D3CB7EA58C4CE.d.68E77C2ABDB4E080353837C99542F607.e.12276/value - {"text":"WdIOQuotationf12a5"}
RESULT: {"text":"WdIOQuotationf12a5"}
COMMAND: GET /session/297431b9b55e935159c974fa74f723b8/screenshot - {}
RESULT: {}
COMMAND: POST /session/297431b9b55e935159c974fa74f723b8/element - {"using":"xpath","value":"//input[contains(@id ,\"application-managequotations-display-component---AddNewContract--yardId-inner\")]"}
RESULT: {"using":"xpath","value":"//input[contains(@id ,\"application-managequotations-display-component---AddNewContract--yardId-inner\")]"}
COMMAND: POST /session/297431b9b55e935159c974fa74f723b8/element/f.C07C1F5C83AA57D4527D3CB7EA58C4CE.d.68E77C2ABDB4E080353837C99542F607.e.12279/value - {"text":"WebdriverYardunahk"}
RESULT: {"text":"WebdriverYardunahk"}
COMMAND: GET /session/297431b9b55e935159c974fa74f723b8/screenshot - {}
RESULT: {}
COMMAND: POST /session/297431b9b55e935159c974fa74f723b8/actions - {"actions":[{"id":"action92","type":"key","parameters":{},"actions":[{"type":"keyDown","value":"î€‡"},{"type":"pause","duration":10},{"type":"keyUp","value":"î€‡"}]}]}
RESULT: {"actions":[{"id":"action92","type":"key","parameters":{},"actions":[{"type":"keyDown","value":"î€‡"},{"type":"pause","duration":10},{"type":"keyUp","value":"î€‡"}]}]}
COMMAND: GET /session/297431b9b55e935159c974fa74f723b8/screenshot - {}
RESULT: {}
COMMAND: POST /session/297431b9b55e935159c974fa74f723b8/element - {"using":"xpath","value":"//input[contains(@id ,\"application-managequotations-display-component---AddNewContract--customerSelect-inner\")]"}
RESULT: {"using":"xpath","value":"//input[contains(@id ,\"application-managequotations-display-component---AddNewContract--customerSelect-inner\")]"}
COMMAND: POST /session/297431b9b55e935159c974fa74f723b8/element/f.C07C1F5C83AA57D4527D3CB7EA58C4CE.d.68E77C2ABDB4E080353837C99542F607.e.12277/value - {"text":"WebdriverPartnerbojoc"}
RESULT: {"text":"WebdriverPartnerbojoc"}
COMMAND: GET /session/297431b9b55e935159c974fa74f723b8/screenshot - {}
RESULT: {}
COMMAND: POST /session/297431b9b55e935159c974fa74f723b8/actions - {"actions":[{"id":"action93","type":"key","parameters":{},"actions":[{"type":"keyDown","value":"î€‡"},{"type":"pause","duration":10},{"type":"keyUp","value":"î€‡"}]}]}
RESULT: {"actions":[{"id":"action93","type":"key","parameters":{},"actions":[{"type":"keyDown","value":"î€‡"},{"type":"pause","duration":10},{"type":"keyUp","value":"î€‡"}]}]}
COMMAND: GET /session/297431b9b55e935159c974fa74f723b8/screenshot - {}
RESULT: {}
COMMAND: POST /session/297431b9b55e935159c974fa74f723b8/element - {"using":"xpath","value":"//input[contains(@id ,\"application-managequotations-display-component---AddNewContract--site-inner\")]"}
RESULT: {"using":"xpath","value":"//input[contains(@id ,\"application-managequotations-display-component---AddNewContract--site-inner\")]"}
COMMAND: POST /session/297431b9b55e935159c974fa74f723b8/element/f.C07C1F5C83AA57D4527D3CB7EA58C4CE.d.68E77C2ABDB4E080353837C99542F607.e.12278/value - {"text":"WebdriverSitencuow"}
RESULT: {"text":"WebdriverSitencuow"}
COMMAND: GET /session/297431b9b55e935159c974fa74f723b8/screenshot - {}
RESULT: {}
COMMAND: POST /session/297431b9b55e935159c974fa74f723b8/actions - {"actions":[{"id":"action94","type":"key","parameters":{},"actions":[{"type":"keyDown","value":"î€‡"},{"type":"pause","duration":10},{"type":"keyUp","value":"î€‡"}]}]}
RESULT: {"actions":[{"id":"action94","type":"key","parameters":{},"actions":[{"type":"keyDown","value":"î€‡"},{"type":"pause","duration":10},{"type":"keyUp","value":"î€‡"}]}]}
COMMAND: GET /session/297431b9b55e935159c974fa74f723b8/screenshot - {}
RESULT: {}
COMMAND: POST /session/297431b9b55e935159c974fa74f723b8/element - {"using":"xpath","value":"//bdi[contains(text(), \"Save\")]"}
RESULT: {"using":"xpath","value":"//bdi[contains(text(), \"Save\")]"}
COMMAND: POST /session/297431b9b55e935159c974fa74f723b8/element/f.C07C1F5C83AA57D4527D3CB7EA58C4CE.d.68E77C2ABDB4E080353837C99542F607.e.12315/click - {}
RESULT: {}
COMMAND: GET /session/297431b9b55e935159c974fa74f723b8/screenshot - {}
RESULT: {}
COMMAND: POST /session/297431b9b55e935159c974fa74f723b8/element - {"using":"css selector","value":"#shell-header-logo"}
RESULT: {"using":"css selector","value":"#shell-header-logo"}
COMMAND: POST /session/297431b9b55e935159c974fa74f723b8/element/f.C07C1F5C83AA57D4527D3CB7EA58C4CE.d.68E77C2ABDB4E080353837C99542F607.e.11927/click - {}
RESULT: {}
COMMAND: GET /session/297431b9b55e935159c974fa74f723b8/screenshot - {}
RESULT: {}
COMMAND: POST /session/297431b9b55e935159c974fa74f723b8/refresh - {}
RESULT: {}
COMMAND: GET /session/297431b9b55e935159c974fa74f723b8/screenshot - {}
RESULT: {}
COMMAND: POST /session/297431b9b55e935159c974fa74f723b8/execute/async - {"script":"<script> [189 bytes]","args":[]}
RESULT: {"script":"<script> [189 bytes]","args":[]}
COMMAND: POST /session/297431b9b55e935159c974fa74f723b8/execute/async - {"script":"<script> [123 bytes]","args":[]}
RESULT: {"script":"<script> [123 bytes]","args":[]}
COMMAND: POST /session/297431b9b55e935159c974fa74f723b8/timeouts - {"script":"<number>"}
RESULT: {"script":"<number>"}
COMMAND: GET /session/297431b9b55e935159c974fa74f723b8/timeouts - {}
RESULT: {}
RESULT: undefined
COMMAND: POST /session/297431b9b55e935159c974fa74f723b8/execute/async - {"script":"<script> [2676 bytes]","args":[]}
RESULT: {"script":"<script> [2676 bytes]","args":[]}
COMMAND: POST /session/297431b9b55e935159c974fa74f723b8/execute/async - {"script":"<script> [2342 bytes]","args":[{"protocol":"http","hostname":"0.0.0.0","path":"/","capabilities":{"browserName":"chrome","goog:chromeOptions":{"binary":"C:\\Program Files\\Google\\Chrome\\Application\\chrome.exe","args":["--start-maximized"]}},"logLevel":"warn","connectionRetryTimeout":120000,"connectionRetryCount":3,"logLevels":{},"enableDirectConnect":true,"strictSSL":true,"_":"65 more keys: [\"cacheDir\",\"port\",\"requestedCapabilities\",\"automationProtocol\",\"baseUrl\",\"waitforInterval\",\"waitforTimeout\",\"onReload\",\"beforeCommand\",\"afterCommand\",\"rootDir\",\"specs\",\"suites\",\"exclude\",\"groupLogsByTestSpec\",\"excludeDriverLogs\",\"bail\",\"framework\",\"reporters\",\"services\",\"maxInstances\",\"maxInstancesPerCapability\",\"injectGlobals\",\"filesToWatch\",\"execArgv\",\"runnerEnv\",\"runner\",\"shard\",\"specFileRetries\",\"specFileRetriesDelay\",\"specFileRetriesDeferred\",\"reporterSyncInterval\",\"reporterSyncTimeout\",\"cucumberFeaturesWithLineNumbers\",\"autoCompileOpts\",\"mochaOpts\",\"jasmineOpts\",\"cucumberOpts\",\"onPrepare\",\"onWorkerStart\",\"onWorkerEnd\",\"before\",\"beforeSession\",\"beforeSuite\",\"beforeHook\",\"beforeTest\",\"afterTest\",\"afterHook\",\"afterSuite\",\"afterSession\",\"after\",\"onComplete\",\"beforeAssertion\",\"afterAssertion\",\"beforeFeature\",\"beforeScenario\",\"beforeStep\",\"afterStep\",\"afterScenario\",\"afterFeature\",\"_\",\"suite\",\"$0\",\"ignoredWorkerServices\",\"wdi5\"]"}]}
RESULT: {"script":"<script> [2342 bytes]","args":[{"protocol":"http","hostname":"0.0.0.0","path":"/","capabilities":{"browserName":"chrome","goog:chromeOptions":{"binary":"C:\\Program Files\\Google\\Chrome\\Application\\chrome.exe","args":["--start-maximized"]}},"logLevel":"warn","connectionRetryTimeout":120000,"connectionRetryCount":3,"logLevels":{},"enableDirectConnect":true,"strictSSL":true,"_":"65 more keys: [\"cacheDir\",\"port\",\"requestedCapabilities\",\"automationProtocol\",\"baseUrl\",\"waitforInterval\",\"waitforTimeout\",\"onReload\",\"beforeCommand\",\"afterCommand\",\"rootDir\",\"specs\",\"suites\",\"exclude\",\"groupLogsByTestSpec\",\"excludeDriverLogs\",\"bail\",\"framework\",\"reporters\",\"services\",\"maxInstances\",\"maxInstancesPerCapability\",\"injectGlobals\",\"filesToWatch\",\"execArgv\",\"runnerEnv\",\"runner\",\"shard\",\"specFileRetries\",\"specFileRetriesDelay\",\"specFileRetriesDeferred\",\"reporterSyncInterval\",\"reporterSyncTimeout\",\"cucumberFeaturesWithLineNumbers\",\"autoCompileOpts\",\"mochaOpts\",\"jasmineOpts\",\"cucumberOpts\",\"onPrepare\",\"onWorkerStart\",\"onWorkerEnd\",\"before\",\"beforeSession\",\"beforeSuite\",\"beforeHook\",\"beforeTest\",\"afterTest\",\"afterHook\",\"afterSuite\",\"afterSession\",\"after\",\"onComplete\",\"beforeAssertion\",\"afterAssertion\",\"beforeFeature\",\"beforeScenario\",\"beforeStep\",\"afterStep\",\"afterScenario\",\"afterFeature\",\"_\",\"suite\",\"$0\",\"ignoredWorkerServices\",\"wdi5\"]"}]}
COMMAND: POST /session/297431b9b55e935159c974fa74f723b8/execute/async - {"script":"<script> [21126 bytes]","args":[35000]}
RESULT: {"script":"<script> [21126 bytes]","args":[35000]}
]]></system-out>
    </testcase>
    <testcase classname="chrome.136_0_7103_93.windows.Process_request_items_into_an_existing_quotation_US120163" name="Should create a new request with catalog items and plan it" time="231.99">
      <system-out><![CDATA[
COMMAND: POST /session/297431b9b55e935159c974fa74f723b8/execute/async - {"script":"<script> [1562 bytes]","args":[{"selector":{"controlType":"sap.m.GenericTile","properties":{"header":"Manage Requests"}},"wdio_ui5_key":"sapm.GenericTile{\"header\":\"Manage Requests\"}"}]}
RESULT: {"script":"<script> [1562 bytes]","args":[{"selector":{"controlType":"sap.m.GenericTile","properties":{"header":"Manage Requests"}},"wdio_ui5_key":"sapm.GenericTile{\"header\":\"Manage Requests\"}"}]}
RESULT: undefined
COMMAND: POST /session/297431b9b55e935159c974fa74f723b8/element - {"using":"xpath","value":"//*[@id=\"__tile47\"]"}
RESULT: {"using":"xpath","value":"//*[@id=\"__tile47\"]"}
COMMAND: POST /session/297431b9b55e935159c974fa74f723b8/element/f.C07C1F5C83AA57D4527D3CB7EA58C4CE.d.1101E7892862D83DCD9580AFC06843AF.e.12353/click - {}
RESULT: {}
COMMAND: GET /session/297431b9b55e935159c974fa74f723b8/screenshot - {}
RESULT: {}
COMMAND: POST /session/297431b9b55e935159c974fa74f723b8/elements - {"using":"xpath","value":"//span[text()='Error']"}
RESULT: {"using":"xpath","value":"//span[text()='Error']"}
COMMAND: POST /session/297431b9b55e935159c974fa74f723b8/element - {"using":"xpath","value":"(//span[contains(@class ,\"sapMObjStatusText\")])[1]"}
RESULT: {"using":"xpath","value":"(//span[contains(@class ,\"sapMObjStatusText\")])[1]"}
COMMAND: POST /session/297431b9b55e935159c974fa74f723b8/execute/sync - {"script":"<script> [8489 bytes]","args":[{"element-6066-11e4-a52e-4f735466cecf":"f.C07C1F5C83AA57D4527D3CB7EA58C4CE.d.1101E7892862D83DCD9580AFC06843AF.e.12451","ELEMENT":"f.C07C1F5C83AA57D4527D3CB7EA58C4CE.d.1101E7892862D83DCD9580AFC06843AF.e.12451"}]}
RESULT: {"script":"<script> [8489 bytes]","args":[{"element-6066-11e4-a52e-4f735466cecf":"f.C07C1F5C83AA57D4527D3CB7EA58C4CE.d.1101E7892862D83DCD9580AFC06843AF.e.12451","ELEMENT":"f.C07C1F5C83AA57D4527D3CB7EA58C4CE.d.1101E7892862D83DCD9580AFC06843AF.e.12451"}]}
COMMAND: POST /session/297431b9b55e935159c974fa74f723b8/element - {"using":"xpath","value":"//button[contains(@data-kt ,\"btnCreateNewOverflowToolbarButton\")]"}
COMMAND: GET /session/297431b9b55e935159c974fa74f723b8/screenshot - {}
RESULT: {"using":"xpath","value":"//button[contains(@data-kt ,\"btnCreateNewOverflowToolbarButton\")]"}
COMMAND: POST /session/297431b9b55e935159c974fa74f723b8/element/f.C07C1F5C83AA57D4527D3CB7EA58C4CE.d.1101E7892862D83DCD9580AFC06843AF.e.12409/click - {}
RESULT: {}
RESULT: {}
COMMAND: GET /session/297431b9b55e935159c974fa74f723b8/screenshot - {}
RESULT: {}
COMMAND: POST /session/297431b9b55e935159c974fa74f723b8/element - {"using":"xpath","value":"//input[contains(@id ,\"yardId-inner\")]"}
RESULT: {"using":"xpath","value":"//input[contains(@id ,\"yardId-inner\")]"}
COMMAND: POST /session/297431b9b55e935159c974fa74f723b8/execute/sync - {"script":"<script> [8489 bytes]","args":[{"element-6066-11e4-a52e-4f735466cecf":"f.C07C1F5C83AA57D4527D3CB7EA58C4CE.d.1101E7892862D83DCD9580AFC06843AF.e.12535","ELEMENT":"f.C07C1F5C83AA57D4527D3CB7EA58C4CE.d.1101E7892862D83DCD9580AFC06843AF.e.12535"}]}
RESULT: {"script":"<script> [8489 bytes]","args":[{"element-6066-11e4-a52e-4f735466cecf":"f.C07C1F5C83AA57D4527D3CB7EA58C4CE.d.1101E7892862D83DCD9580AFC06843AF.e.12535","ELEMENT":"f.C07C1F5C83AA57D4527D3CB7EA58C4CE.d.1101E7892862D83DCD9580AFC06843AF.e.12535"}]}
COMMAND: POST /session/297431b9b55e935159c974fa74f723b8/element - {"using":"xpath","value":"//input[contains(@id ,\"yardId-inner\")]"}
COMMAND: GET /session/297431b9b55e935159c974fa74f723b8/screenshot - {}
RESULT: {"using":"xpath","value":"//input[contains(@id ,\"yardId-inner\")]"}
COMMAND: GET /session/297431b9b55e935159c974fa74f723b8/element/f.C07C1F5C83AA57D4527D3CB7EA58C4CE.d.1101E7892862D83DCD9580AFC06843AF.e.12535/enabled - {}
RESULT: {}
RESULT: {}
COMMAND: POST /session/297431b9b55e935159c974fa74f723b8/element/f.C07C1F5C83AA57D4527D3CB7EA58C4CE.d.1101E7892862D83DCD9580AFC06843AF.e.12535/clear - {}
COMMAND: GET /session/297431b9b55e935159c974fa74f723b8/screenshot - {}
RESULT: {}
COMMAND: POST /session/297431b9b55e935159c974fa74f723b8/element/f.C07C1F5C83AA57D4527D3CB7EA58C4CE.d.1101E7892862D83DCD9580AFC06843AF.e.12535/value - {"text":"WebdriverYardunahk"}
COMMAND: GET /session/297431b9b55e935159c974fa74f723b8/screenshot - {}
RESULT: {}
RESULT: {"text":"WebdriverYardunahk"}
COMMAND: GET /session/297431b9b55e935159c974fa74f723b8/screenshot - {}
RESULT: {}
RESULT: {}
COMMAND: POST /session/297431b9b55e935159c974fa74f723b8/actions - {"actions":[{"id":"action95","type":"key","parameters":{},"actions":[{"type":"keyDown","value":"î€‡"},{"type":"pause","duration":10},{"type":"keyUp","value":"î€‡"}]}]}
RESULT: {"actions":[{"id":"action95","type":"key","parameters":{},"actions":[{"type":"keyDown","value":"î€‡"},{"type":"pause","duration":10},{"type":"keyUp","value":"î€‡"}]}]}
COMMAND: GET /session/297431b9b55e935159c974fa74f723b8/screenshot - {}
RESULT: {}
COMMAND: POST /session/297431b9b55e935159c974fa74f723b8/element - {"using":"xpath","value":"//input[contains(@id ,\"customerNumber-inner\")]"}
RESULT: {"using":"xpath","value":"//input[contains(@id ,\"customerNumber-inner\")]"}
COMMAND: POST /session/297431b9b55e935159c974fa74f723b8/element/f.C07C1F5C83AA57D4527D3CB7EA58C4CE.d.1101E7892862D83DCD9580AFC06843AF.e.12531/value - {"text":"WebdriverPartnerbojoc"}
RESULT: {"text":"WebdriverPartnerbojoc"}
COMMAND: GET /session/297431b9b55e935159c974fa74f723b8/screenshot - {}
RESULT: {}
COMMAND: POST /session/297431b9b55e935159c974fa74f723b8/actions - {"actions":[{"id":"action96","type":"key","parameters":{},"actions":[{"type":"keyDown","value":"î€‡"},{"type":"pause","duration":10},{"type":"keyUp","value":"î€‡"}]}]}
RESULT: {"actions":[{"id":"action96","type":"key","parameters":{},"actions":[{"type":"keyDown","value":"î€‡"},{"type":"pause","duration":10},{"type":"keyUp","value":"î€‡"}]}]}
COMMAND: GET /session/297431b9b55e935159c974fa74f723b8/screenshot - {}
RESULT: {}
COMMAND: GET /session/297431b9b55e935159c974fa74f723b8/element/f.C07C1F5C83AA57D4527D3CB7EA58C4CE.d.1101E7892862D83DCD9580AFC06843AF.e.12531/property/value - {}
RESULT: {}
COMMAND: POST /session/297431b9b55e935159c974fa74f723b8/element/f.C07C1F5C83AA57D4527D3CB7EA58C4CE.d.1101E7892862D83DCD9580AFC06843AF.e.12531/value - {"text":"WebdriverPartnerbojoc"}
COMMAND: GET /session/297431b9b55e935159c974fa74f723b8/screenshot - {}
RESULT: {"text":"WebdriverPartnerbojoc"}
COMMAND: GET /session/297431b9b55e935159c974fa74f723b8/screenshot - {}
RESULT: {}
RESULT: {}
COMMAND: POST /session/297431b9b55e935159c974fa74f723b8/actions - {"actions":[{"id":"action97","type":"key","parameters":{},"actions":[{"type":"keyDown","value":"î€‡"},{"type":"pause","duration":10},{"type":"keyUp","value":"î€‡"}]}]}
RESULT: {"actions":[{"id":"action97","type":"key","parameters":{},"actions":[{"type":"keyDown","value":"î€‡"},{"type":"pause","duration":10},{"type":"keyUp","value":"î€‡"}]}]}
COMMAND: GET /session/297431b9b55e935159c974fa74f723b8/screenshot - {}
RESULT: {}
COMMAND: POST /session/297431b9b55e935159c974fa74f723b8/element - {"using":"xpath","value":"//input[contains(@id ,\"requestSiteId-inner\")]"}
RESULT: {"using":"xpath","value":"//input[contains(@id ,\"requestSiteId-inner\")]"}
COMMAND: POST /session/297431b9b55e935159c974fa74f723b8/element/f.C07C1F5C83AA57D4527D3CB7EA58C4CE.d.1101E7892862D83DCD9580AFC06843AF.e.12530/value - {"text":"WebdriverSitencuow"}
RESULT: {"text":"WebdriverSitencuow"}
COMMAND: GET /session/297431b9b55e935159c974fa74f723b8/screenshot - {}
RESULT: {}
COMMAND: POST /session/297431b9b55e935159c974fa74f723b8/actions - {"actions":[{"id":"action98","type":"key","parameters":{},"actions":[{"type":"keyDown","value":"î€‡"},{"type":"pause","duration":10},{"type":"keyUp","value":"î€‡"}]}]}
RESULT: {"actions":[{"id":"action98","type":"key","parameters":{},"actions":[{"type":"keyDown","value":"î€‡"},{"type":"pause","duration":10},{"type":"keyUp","value":"î€‡"}]}]}
COMMAND: GET /session/297431b9b55e935159c974fa74f723b8/screenshot - {}
RESULT: {}
COMMAND: POST /session/297431b9b55e935159c974fa74f723b8/element - {"using":"xpath","value":"//button[contains(@data-kt ,\"requestItemAddOverflowToolbarButton\")]"}
RESULT: {"using":"xpath","value":"//button[contains(@data-kt ,\"requestItemAddOverflowToolbarButton\")]"}
COMMAND: POST /session/297431b9b55e935159c974fa74f723b8/element/f.C07C1F5C83AA57D4527D3CB7EA58C4CE.d.1101E7892862D83DCD9580AFC06843AF.e.12727/click - {}
RESULT: {}
COMMAND: GET /session/297431b9b55e935159c974fa74f723b8/screenshot - {}
RESULT: {}
COMMAND: POST /session/297431b9b55e935159c974fa74f723b8/actions - {"actions":[{"id":"action99","type":"key","parameters":{},"actions":[{"type":"keyDown","value":"î€•"},{"type":"pause","duration":10},{"type":"keyUp","value":"î€•"}]}]}
RESULT: {"actions":[{"id":"action99","type":"key","parameters":{},"actions":[{"type":"keyDown","value":"î€•"},{"type":"pause","duration":10},{"type":"keyUp","value":"î€•"}]}]}
COMMAND: POST /session/297431b9b55e935159c974fa74f723b8/actions - {"actions":[{"id":"action100","type":"key","parameters":{},"actions":[{"type":"keyDown","value":"î€‡"},{"type":"pause","duration":10},{"type":"keyUp","value":"î€‡"}]}]}
COMMAND: GET /session/297431b9b55e935159c974fa74f723b8/screenshot - {}
RESULT: {"actions":[{"id":"action100","type":"key","parameters":{},"actions":[{"type":"keyDown","value":"î€‡"},{"type":"pause","duration":10},{"type":"keyUp","value":"î€‡"}]}]}
COMMAND: GET /session/297431b9b55e935159c974fa74f723b8/screenshot - {}
RESULT: {}
RESULT: {}
COMMAND: POST /session/297431b9b55e935159c974fa74f723b8/element - {"using":"xpath","value":"(//input[contains(@id ,\"requestItemsTable-0-inner\")])[1]"}
RESULT: {"using":"xpath","value":"(//input[contains(@id ,\"requestItemsTable-0-inner\")])[1]"}
COMMAND: POST /session/297431b9b55e935159c974fa74f723b8/element/f.C07C1F5C83AA57D4527D3CB7EA58C4CE.d.1101E7892862D83DCD9580AFC06843AF.e.12731/clear - {}
RESULT: {}
COMMAND: POST /session/297431b9b55e935159c974fa74f723b8/element/f.C07C1F5C83AA57D4527D3CB7EA58C4CE.d.1101E7892862D83DCD9580AFC06843AF.e.12731/value - {"text":"catalogItemecwvo"}
COMMAND: GET /session/297431b9b55e935159c974fa74f723b8/screenshot - {}
RESULT: {"text":"catalogItemecwvo"}
COMMAND: GET /session/297431b9b55e935159c974fa74f723b8/screenshot - {}
RESULT: {}
RESULT: {}
COMMAND: POST /session/297431b9b55e935159c974fa74f723b8/actions - {"actions":[{"id":"action101","type":"key","parameters":{},"actions":[{"type":"keyDown","value":"î€‡"},{"type":"pause","duration":10},{"type":"keyUp","value":"î€‡"}]}]}
RESULT: {"actions":[{"id":"action101","type":"key","parameters":{},"actions":[{"type":"keyDown","value":"î€‡"},{"type":"pause","duration":10},{"type":"keyUp","value":"î€‡"}]}]}
COMMAND: GET /session/297431b9b55e935159c974fa74f723b8/screenshot - {}
RESULT: {}
COMMAND: POST /session/297431b9b55e935159c974fa74f723b8/execute/async - {"script":"<script> [1562 bytes]","args":[{"selector":{"controlType":"sap.ui.core.Icon","viewName":"etm.portal.ui.managerequests.view.NewRequest","properties":{"src":{"regex":{"source":"slim\\-arrow\\-down"}}},"ancestor":{"controlType":"sap.m.Button","viewName":"etm.portal.ui.managerequests.view.NewRequest","properties":{"icon":"sap-icon://slim-arrow-down"}}},"wdio_ui5_key":"etmportal.ui.managerequests.view.NewRequestsap.ui.core.Icon{\"src\":{\"regex\":{\"source\":\"slim\\\\-arrow\\\\-down\"}}}{\"controlType\":\"sap.m.Button\",\"viewName\":\"etm.portal.ui.managerequests.view.NewRequest\",\"properties\":{\"icon\":\"sap-icon://slim-arrow-down\"}}"}]}
RESULT: {"script":"<script> [1562 bytes]","args":[{"selector":{"controlType":"sap.ui.core.Icon","viewName":"etm.portal.ui.managerequests.view.NewRequest","properties":{"src":{"regex":{"source":"slim\\-arrow\\-down"}}},"ancestor":{"controlType":"sap.m.Button","viewName":"etm.portal.ui.managerequests.view.NewRequest","properties":{"icon":"sap-icon://slim-arrow-down"}}},"wdio_ui5_key":"etmportal.ui.managerequests.view.NewRequestsap.ui.core.Icon{\"src\":{\"regex\":{\"source\":\"slim\\\\-arrow\\\\-down\"}}}{\"controlType\":\"sap.m.Button\",\"viewName\":\"etm.portal.ui.managerequests.view.NewRequest\",\"properties\":{\"icon\":\"sap-icon://slim-arrow-down\"}}"}]}
RESULT: undefined
COMMAND: POST /session/297431b9b55e935159c974fa74f723b8/element - {"using":"xpath","value":"//div[contains(@data-kt ,\"splitAllocationObjectStatus\")]"}
RESULT: {"using":"xpath","value":"//div[contains(@data-kt ,\"splitAllocationObjectStatus\")]"}
COMMAND: POST /session/297431b9b55e935159c974fa74f723b8/elements - {"using":"xpath","value":"//div[contains(@data-kt ,\"splitAllocationObjectStatus\")]"}
RESULT: {"using":"xpath","value":"//div[contains(@data-kt ,\"splitAllocationObjectStatus\")]"}
COMMAND: POST /session/297431b9b55e935159c974fa74f723b8/execute/async - {"script":"<script> [1562 bytes]","args":[{"selector":{"controlType":"sap.ui.core.Icon","viewName":"etm.portal.ui.managerequests.view.NewRequest","properties":{"src":{"regex":{"source":"message\\-error"}}}},"wdio_ui5_key":"etmportal.ui.managerequests.view.NewRequestsap.ui.core.Icon{\"src\":{\"regex\":{\"source\":\"message\\\\-error\"}}}"}]}
RESULT: {"script":"<script> [1562 bytes]","args":[{"selector":{"controlType":"sap.ui.core.Icon","viewName":"etm.portal.ui.managerequests.view.NewRequest","properties":{"src":{"regex":{"source":"message\\-error"}}}},"wdio_ui5_key":"etmportal.ui.managerequests.view.NewRequestsap.ui.core.Icon{\"src\":{\"regex\":{\"source\":\"message\\\\-error\"}}}"}]}
RESULT: undefined
COMMAND: POST /session/297431b9b55e935159c974fa74f723b8/element - {"using":"xpath","value":"//*[@id=\"__status4-__xmlview59--requestItemsTable-0-icon\"]"}
RESULT: {"using":"xpath","value":"//*[@id=\"__status4-__xmlview59--requestItemsTable-0-icon\"]"}
COMMAND: POST /session/297431b9b55e935159c974fa74f723b8/element/f.C07C1F5C83AA57D4527D3CB7EA58C4CE.d.1101E7892862D83DCD9580AFC06843AF.e.12746/click - {}
RESULT: {}
COMMAND: POST /session/297431b9b55e935159c974fa74f723b8/execute/async - {"script":"<script> [1562 bytes]","args":[{"selector":{"controlType":"sap.ui.core.Icon","viewName":"etm.portal.ui.managerequests.view.NewRequest","properties":{"src":{"regex":{"source":"slim\\-arrow\\-down"}}},"searchOpenDialogs":true,"ancestor":{"id":"costObjectAdminTypeComboBox","viewName":"etm.portal.ui.managerequests.view.NewRequest","searchOpenDialogs":true}},"wdio_ui5_key":"etmportal.ui.managerequests.view.NewRequestsap.ui.core.Icon{\"src\":{\"regex\":{\"source\":\"slim\\\\-arrow\\\\-down\"}}}{\"id\":\"costObjectAdminTypeComboBox\",\"viewName\":\"etm.portal.ui.managerequests.view.NewRequest\",\"searchOpenDialogs\":true}"}]}
COMMAND: GET /session/297431b9b55e935159c974fa74f723b8/screenshot - {}
RESULT: {"script":"<script> [1562 bytes]","args":[{"selector":{"controlType":"sap.ui.core.Icon","viewName":"etm.portal.ui.managerequests.view.NewRequest","properties":{"src":{"regex":{"source":"slim\\-arrow\\-down"}}},"searchOpenDialogs":true,"ancestor":{"id":"costObjectAdminTypeComboBox","viewName":"etm.portal.ui.managerequests.view.NewRequest","searchOpenDialogs":true}},"wdio_ui5_key":"etmportal.ui.managerequests.view.NewRequestsap.ui.core.Icon{\"src\":{\"regex\":{\"source\":\"slim\\\\-arrow\\\\-down\"}}}{\"id\":\"costObjectAdminTypeComboBox\",\"viewName\":\"etm.portal.ui.managerequests.view.NewRequest\",\"searchOpenDialogs\":true}"}]}
RESULT: undefined
COMMAND: POST /session/297431b9b55e935159c974fa74f723b8/element - {"using":"xpath","value":"//*[@id=\"__xmlview59--costObjectAdminTypeComboBox-arrow\"]"}
RESULT: {}
RESULT: {"using":"xpath","value":"//*[@id=\"__xmlview59--costObjectAdminTypeComboBox-arrow\"]"}
COMMAND: POST /session/297431b9b55e935159c974fa74f723b8/element/f.C07C1F5C83AA57D4527D3CB7EA58C4CE.d.1101E7892862D83DCD9580AFC06843AF.e.12750/click - {}
RESULT: {}
COMMAND: POST /session/297431b9b55e935159c974fa74f723b8/execute/async - {"script":"<script> [1562 bytes]","args":[{"selector":{"controlType":"sap.m.StandardListItem","viewName":"etm.portal.ui.managerequests.view.NewRequest","properties":{"title":"Cost Center"},"searchOpenDialogs":true,"interaction":{"idSuffix":"titleText"}},"wdio_ui5_key":"etmportal.ui.managerequests.view.NewRequestsap.m.StandardListItem{\"title\":\"Cost Center\"}"}]}
COMMAND: GET /session/297431b9b55e935159c974fa74f723b8/screenshot - {}
RESULT: {"script":"<script> [1562 bytes]","args":[{"selector":{"controlType":"sap.m.StandardListItem","viewName":"etm.portal.ui.managerequests.view.NewRequest","properties":{"title":"Cost Center"},"searchOpenDialogs":true,"interaction":{"idSuffix":"titleText"}},"wdio_ui5_key":"etmportal.ui.managerequests.view.NewRequestsap.m.StandardListItem{\"title\":\"Cost Center\"}"}]}
RESULT: undefined
COMMAND: POST /session/297431b9b55e935159c974fa74f723b8/element - {"using":"xpath","value":"//*[@id=\"__item598\"]"}
RESULT: {}
RESULT: {"using":"xpath","value":"//*[@id=\"__item598\"]"}
COMMAND: POST /session/297431b9b55e935159c974fa74f723b8/element/f.C07C1F5C83AA57D4527D3CB7EA58C4CE.d.1101E7892862D83DCD9580AFC06843AF.e.12753/click - {}
RESULT: {}
COMMAND: GET /session/297431b9b55e935159c974fa74f723b8/screenshot - {}
RESULT: {}
COMMAND: POST /session/297431b9b55e935159c974fa74f723b8/execute/async - {"script":"<script> [1562 bytes]","args":[{"selector":{"controlType":"sap.ui.core.Icon","viewName":"etm.portal.ui.managerequests.view.NewRequest","properties":{"src":{"regex":{"source":"value\\-help"}}},"searchOpenDialogs":true},"wdio_ui5_key":"etmportal.ui.managerequests.view.NewRequestsap.ui.core.Icon{\"src\":{\"regex\":{\"source\":\"value\\\\-help\"}}}"}]}
RESULT: {"script":"<script> [1562 bytes]","args":[{"selector":{"controlType":"sap.ui.core.Icon","viewName":"etm.portal.ui.managerequests.view.NewRequest","properties":{"src":{"regex":{"source":"value\\-help"}}},"searchOpenDialogs":true},"wdio_ui5_key":"etmportal.ui.managerequests.view.NewRequestsap.ui.core.Icon{\"src\":{\"regex\":{\"source\":\"value\\\\-help\"}}}"}]}
RESULT: undefined
COMMAND: POST /session/297431b9b55e935159c974fa74f723b8/element - {"using":"xpath","value":"//*[@id=\"__xmlview59--costObjectIdComboBox-vhi\"]"}
RESULT: {"using":"xpath","value":"//*[@id=\"__xmlview59--costObjectIdComboBox-vhi\"]"}
COMMAND: POST /session/297431b9b55e935159c974fa74f723b8/element/f.C07C1F5C83AA57D4527D3CB7EA58C4CE.d.1101E7892862D83DCD9580AFC06843AF.e.12761/click - {}
RESULT: {}
COMMAND: POST /session/297431b9b55e935159c974fa74f723b8/execute/async - {"script":"<script> [1562 bytes]","args":[{"selector":{"controlType":"sap.m.SearchField","properties":{"placeholder":"Search"},"searchOpenDialogs":true,"interaction":{"idSuffix":"I"}},"wdio_ui5_key":"sapm.SearchField{\"placeholder\":\"Search\"}"}]}
COMMAND: GET /session/297431b9b55e935159c974fa74f723b8/screenshot - {}
RESULT: {"script":"<script> [1562 bytes]","args":[{"selector":{"controlType":"sap.m.SearchField","properties":{"placeholder":"Search"},"searchOpenDialogs":true,"interaction":{"idSuffix":"I"}},"wdio_ui5_key":"sapm.SearchField{\"placeholder\":\"Search\"}"}]}
RESULT: undefined
COMMAND: POST /session/297431b9b55e935159c974fa74f723b8/execute/async - {"script":"<script> [776 bytes]","args":[{"enterText":"10001010","selector":{"controlType":"sap.m.SearchField","properties":{"placeholder":"Search"},"searchOpenDialogs":true,"interaction":{"idSuffix":"I"}},"clearTextFirst":true,"interactionType":"ENTER_TEXT"}]}
RESULT: {}
RESULT: {"script":"<script> [776 bytes]","args":[{"enterText":"10001010","selector":{"controlType":"sap.m.SearchField","properties":{"placeholder":"Search"},"searchOpenDialogs":true,"interaction":{"idSuffix":"I"}},"clearTextFirst":true,"interactionType":"ENTER_TEXT"}]}
COMMAND: POST /session/297431b9b55e935159c974fa74f723b8/actions - {"actions":[{"id":"action102","type":"key","parameters":{},"actions":[{"type":"keyDown","value":"î€‡"},{"type":"pause","duration":10},{"type":"keyUp","value":"î€‡"}]}]}
RESULT: {"actions":[{"id":"action102","type":"key","parameters":{},"actions":[{"type":"keyDown","value":"î€‡"},{"type":"pause","duration":10},{"type":"keyUp","value":"î€‡"}]}]}
COMMAND: GET /session/297431b9b55e935159c974fa74f723b8/screenshot - {}
RESULT: {}
COMMAND: POST /session/297431b9b55e935159c974fa74f723b8/execute/async - {"script":"<script> [1562 bytes]","args":[{"selector":{"controlType":"sap.m.Text","bindingPath":{"path":"/C_CostCtrValueHelp(CostCenter='10001010',ControllingArea='Z001')","propertyPath":"CostCenterName","modelName":"CostCenterModel"},"searchOpenDialogs":true},"wdio_ui5_key":"sapm.Text{\"path\":\"/C_CostCtrValueHelp(CostCenter='10001010',ControllingArea='Z001')\",\"propertyPath\":\"CostCenterName\",\"modelName\":\"CostCenterModel\"}"}]}
RESULT: {"script":"<script> [1562 bytes]","args":[{"selector":{"controlType":"sap.m.Text","bindingPath":{"path":"/C_CostCtrValueHelp(CostCenter='10001010',ControllingArea='Z001')","propertyPath":"CostCenterName","modelName":"CostCenterModel"},"searchOpenDialogs":true},"wdio_ui5_key":"sapm.Text{\"path\":\"/C_CostCtrValueHelp(CostCenter='10001010',ControllingArea='Z001')\",\"propertyPath\":\"CostCenterName\",\"modelName\":\"CostCenterModel\"}"}]}
RESULT: undefined
COMMAND: POST /session/297431b9b55e935159c974fa74f723b8/element - {"using":"xpath","value":"//*[@id=\"__text287-__clone744\"]"}
RESULT: {"using":"xpath","value":"//*[@id=\"__text287-__clone744\"]"}
COMMAND: POST /session/297431b9b55e935159c974fa74f723b8/element/f.C07C1F5C83AA57D4527D3CB7EA58C4CE.d.1101E7892862D83DCD9580AFC06843AF.e.12802/click - {}
RESULT: {}
COMMAND: POST /session/297431b9b55e935159c974fa74f723b8/execute/async - {"script":"<script> [1562 bytes]","args":[{"selector":{"controlType":"sap.m.Button","properties":{"text":"OK"},"searchOpenDialogs":true,"interaction":{"idSuffix":"BDI-content"}},"wdio_ui5_key":"sapm.Button{\"text\":\"OK\"}"}]}
COMMAND: GET /session/297431b9b55e935159c974fa74f723b8/screenshot - {}
RESULT: {"script":"<script> [1562 bytes]","args":[{"selector":{"controlType":"sap.m.Button","properties":{"text":"OK"},"searchOpenDialogs":true,"interaction":{"idSuffix":"BDI-content"}},"wdio_ui5_key":"sapm.Button{\"text\":\"OK\"}"}]}
RESULT: undefined
COMMAND: POST /session/297431b9b55e935159c974fa74f723b8/element - {"using":"xpath","value":"//*[@id=\"__dialog1-ok\"]"}
RESULT: {}
RESULT: {"using":"xpath","value":"//*[@id=\"__dialog1-ok\"]"}
COMMAND: POST /session/297431b9b55e935159c974fa74f723b8/element/f.C07C1F5C83AA57D4527D3CB7EA58C4CE.d.1101E7892862D83DCD9580AFC06843AF.e.12804/click - {}
RESULT: {}
COMMAND: GET /session/297431b9b55e935159c974fa74f723b8/screenshot - {}
RESULT: {}
COMMAND: POST /session/297431b9b55e935159c974fa74f723b8/execute/async - {"script":"<script> [1562 bytes]","args":[{"selector":{"controlType":"sap.m.Button","viewName":"etm.portal.ui.managerequests.view.NewRequest","i18NText":{"propertyName":"text","key":"save"},"searchOpenDialogs":true,"interaction":{"idSuffix":"BDI-content"}},"wdio_ui5_key":"etmportal.ui.managerequests.view.NewRequestsap.m.Button{\"propertyName\":\"text\",\"key\":\"save\"}"}]}
RESULT: {"script":"<script> [1562 bytes]","args":[{"selector":{"controlType":"sap.m.Button","viewName":"etm.portal.ui.managerequests.view.NewRequest","i18NText":{"propertyName":"text","key":"save"},"searchOpenDialogs":true,"interaction":{"idSuffix":"BDI-content"}},"wdio_ui5_key":"etmportal.ui.managerequests.view.NewRequestsap.m.Button{\"propertyName\":\"text\",\"key\":\"save\"}"}]}
RESULT: undefined
COMMAND: POST /session/297431b9b55e935159c974fa74f723b8/element - {"using":"xpath","value":"//*[@id=\"__button22\"]"}
RESULT: {"using":"xpath","value":"//*[@id=\"__button22\"]"}
COMMAND: POST /session/297431b9b55e935159c974fa74f723b8/element/f.C07C1F5C83AA57D4527D3CB7EA58C4CE.d.1101E7892862D83DCD9580AFC06843AF.e.12808/click - {}
RESULT: {}
COMMAND: GET /session/297431b9b55e935159c974fa74f723b8/screenshot - {}
RESULT: {}
COMMAND: POST /session/297431b9b55e935159c974fa74f723b8/element - {"using":"xpath","value":"(//bdi[contains(text() ,\"Save\")])[1]"}
RESULT: {"using":"xpath","value":"(//bdi[contains(text() ,\"Save\")])[1]"}
COMMAND: POST /session/297431b9b55e935159c974fa74f723b8/element/f.C07C1F5C83AA57D4527D3CB7EA58C4CE.d.1101E7892862D83DCD9580AFC06843AF.e.12810/click - {}
RESULT: {}
COMMAND: GET /session/297431b9b55e935159c974fa74f723b8/screenshot - {}
RESULT: {}
COMMAND: POST /session/297431b9b55e935159c974fa74f723b8/execute/async - {"script":"<script> [1562 bytes]","args":[{"selector":{"controlType":"sap.m.Title","properties":{"text":"Success"},"searchOpenDialogs":true},"wdio_ui5_key":"sapm.Title{\"text\":\"Success\"}"}]}
RESULT: {"script":"<script> [1562 bytes]","args":[{"selector":{"controlType":"sap.m.Title","properties":{"text":"Success"},"searchOpenDialogs":true},"wdio_ui5_key":"sapm.Title{\"text\":\"Success\"}"}]}
RESULT: undefined
COMMAND: POST /session/297431b9b55e935159c974fa74f723b8/execute/async - {"script":"<script> [6424 bytes]","args":[{"element-6066-11e4-a52e-4f735466cecf":"f.C07C1F5C83AA57D4527D3CB7EA58C4CE.d.1101E7892862D83DCD9580AFC06843AF.e.12815"},"getText",[]]}
RESULT: {"script":"<script> [6424 bytes]","args":[{"element-6066-11e4-a52e-4f735466cecf":"f.C07C1F5C83AA57D4527D3CB7EA58C4CE.d.1101E7892862D83DCD9580AFC06843AF.e.12815"},"getText",[]]}
COMMAND: POST /session/297431b9b55e935159c974fa74f723b8/execute/async - {"script":"<script> [1562 bytes]","args":[{"selector":{"controlType":"sap.m.Button","properties":{"text":"Close"},"searchOpenDialogs":true,"interaction":{"idSuffix":"BDI-content"}},"wdio_ui5_key":"sapm.Button{\"text\":\"Close\"}"}]}
RESULT: {"script":"<script> [1562 bytes]","args":[{"selector":{"controlType":"sap.m.Button","properties":{"text":"Close"},"searchOpenDialogs":true,"interaction":{"idSuffix":"BDI-content"}},"wdio_ui5_key":"sapm.Button{\"text\":\"Close\"}"}]}
RESULT: undefined
COMMAND: POST /session/297431b9b55e935159c974fa74f723b8/element - {"using":"xpath","value":"//*[@id=\"__mbox-btn-0\"]"}
RESULT: {"using":"xpath","value":"//*[@id=\"__mbox-btn-0\"]"}
COMMAND: POST /session/297431b9b55e935159c974fa74f723b8/element/f.C07C1F5C83AA57D4527D3CB7EA58C4CE.d.1101E7892862D83DCD9580AFC06843AF.e.12813/click - {}
RESULT: {}
COMMAND: GET /session/297431b9b55e935159c974fa74f723b8/screenshot - {}
RESULT: {}
COMMAND: POST /session/297431b9b55e935159c974fa74f723b8/execute/async - {"script":"<script> [1562 bytes]","args":[{"selector":{"controlType":"sap.m.Text","viewName":"etm.portal.ui.managerequests.view.Detail","bindingPath":{"propertyPath":"NO","modelName":"catalogModel"}},"wdio_ui5_key":"etmportal.ui.managerequests.view.Detailsap.m.Text{\"propertyPath\":\"NO\",\"modelName\":\"catalogModel\"}"}]}
RESULT: {"script":"<script> [1562 bytes]","args":[{"selector":{"controlType":"sap.m.Text","viewName":"etm.portal.ui.managerequests.view.Detail","bindingPath":{"propertyPath":"NO","modelName":"catalogModel"}},"wdio_ui5_key":"etmportal.ui.managerequests.view.Detailsap.m.Text{\"propertyPath\":\"NO\",\"modelName\":\"catalogModel\"}"}]}
RESULT: undefined
COMMAND: POST /session/297431b9b55e935159c974fa74f723b8/execute/async - {"script":"<script> [6424 bytes]","args":[{"element-6066-11e4-a52e-4f735466cecf":"f.C07C1F5C83AA57D4527D3CB7EA58C4CE.d.1101E7892862D83DCD9580AFC06843AF.e.12944"},"getText",[]]}
RESULT: {"script":"<script> [6424 bytes]","args":[{"element-6066-11e4-a52e-4f735466cecf":"f.C07C1F5C83AA57D4527D3CB7EA58C4CE.d.1101E7892862D83DCD9580AFC06843AF.e.12944"},"getText",[]]}
COMMAND: POST /session/297431b9b55e935159c974fa74f723b8/execute/async - {"script":"<script> [1562 bytes]","args":[{"selector":{"controlType":"sap.ui.core.Icon","viewName":"etm.portal.ui.managerequests.view.Detail","properties":{"src":{"regex":{"source":"date\\-time"}}},"ancestor":{"controlType":"sap.m.ColumnListItem","viewName":"etm.portal.ui.managerequests.view.Detail","bindingPath":{"path":"/SmartRequestItemsPlanningBoard(ITEM=10m,REQUEST='20127')"},"ancestor":{"id":"requestItemsTable","viewName":"etm.portal.ui.managerequests.view.Detail"}}},"wdio_ui5_key":"etmportal.ui.managerequests.view.Detailsap.ui.core.Icon{\"src\":{\"regex\":{\"source\":\"date\\\\-time\"}}}{\"controlType\":\"sap.m.ColumnListItem\",\"viewName\":\"etm.portal.ui.managerequests.view.Detail\",\"bindingPath\":{\"path\":\"/SmartRequestItemsPlanningBoard(ITEM=10m,REQUEST='20127')\"},\"ancestor\":{\"id\":\"requestItemsTable\",\"viewName\":\"etm.portal.ui.managerequests.view.Detail\"}}"}]}
RESULT: {"script":"<script> [1562 bytes]","args":[{"selector":{"controlType":"sap.ui.core.Icon","viewName":"etm.portal.ui.managerequests.view.Detail","properties":{"src":{"regex":{"source":"date\\-time"}}},"ancestor":{"controlType":"sap.m.ColumnListItem","viewName":"etm.portal.ui.managerequests.view.Detail","bindingPath":{"path":"/SmartRequestItemsPlanningBoard(ITEM=10m,REQUEST='20127')"},"ancestor":{"id":"requestItemsTable","viewName":"etm.portal.ui.managerequests.view.Detail"}}},"wdio_ui5_key":"etmportal.ui.managerequests.view.Detailsap.ui.core.Icon{\"src\":{\"regex\":{\"source\":\"date\\\\-time\"}}}{\"controlType\":\"sap.m.ColumnListItem\",\"viewName\":\"etm.portal.ui.managerequests.view.Detail\",\"bindingPath\":{\"path\":\"/SmartRequestItemsPlanningBoard(ITEM=10m,REQUEST='20127')\"},\"ancestor\":{\"id\":\"requestItemsTable\",\"viewName\":\"etm.portal.ui.managerequests.view.Detail\"}}"}]}
RESULT: undefined
COMMAND: POST /session/297431b9b55e935159c974fa74f723b8/element - {"using":"xpath","value":"//*[@id=\"__button37-__clone783-img\"]"}
RESULT: {"using":"xpath","value":"//*[@id=\"__button37-__clone783-img\"]"}
COMMAND: POST /session/297431b9b55e935159c974fa74f723b8/element/f.C07C1F5C83AA57D4527D3CB7EA58C4CE.d.1101E7892862D83DCD9580AFC06843AF.e.12945/click - {}
RESULT: {}
COMMAND: POST /session/297431b9b55e935159c974fa74f723b8/execute/async - {"script":"<script> [1562 bytes]","args":[{"selector":{"controlType":"sap.m.Button","viewName":"etm.portal.ui.managerequests.view.Detail","properties":{"text":"Close"},"searchOpenDialogs":true,"interaction":{"idSuffix":"BDI-content"}},"wdio_ui5_key":"etmportal.ui.managerequests.view.Detailsap.m.Button{\"text\":\"Close\"}"}]}
COMMAND: GET /session/297431b9b55e935159c974fa74f723b8/screenshot - {}
RESULT: {"script":"<script> [1562 bytes]","args":[{"selector":{"controlType":"sap.m.Button","viewName":"etm.portal.ui.managerequests.view.Detail","properties":{"text":"Close"},"searchOpenDialogs":true,"interaction":{"idSuffix":"BDI-content"}},"wdio_ui5_key":"etmportal.ui.managerequests.view.Detailsap.m.Button{\"text\":\"Close\"}"}]}
RESULT: undefined
COMMAND: POST /session/297431b9b55e935159c974fa74f723b8/element - {"using":"xpath","value":"//*[@id=\"__button45\"]"}
RESULT: {}
RESULT: {"using":"xpath","value":"//*[@id=\"__button45\"]"}
COMMAND: POST /session/297431b9b55e935159c974fa74f723b8/element/f.C07C1F5C83AA57D4527D3CB7EA58C4CE.d.1101E7892862D83DCD9580AFC06843AF.e.12948/click - {}
RESULT: {}
COMMAND: GET /session/297431b9b55e935159c974fa74f723b8/screenshot - {}
RESULT: {}
COMMAND: POST /session/297431b9b55e935159c974fa74f723b8/refresh - {}
RESULT: {}
COMMAND: GET /session/297431b9b55e935159c974fa74f723b8/screenshot - {}
RESULT: {}
COMMAND: POST /session/297431b9b55e935159c974fa74f723b8/execute/async - {"script":"<script> [189 bytes]","args":[]}
RESULT: {"script":"<script> [189 bytes]","args":[]}
COMMAND: POST /session/297431b9b55e935159c974fa74f723b8/execute/async - {"script":"<script> [123 bytes]","args":[]}
RESULT: {"script":"<script> [123 bytes]","args":[]}
COMMAND: POST /session/297431b9b55e935159c974fa74f723b8/timeouts - {"script":"<number>"}
RESULT: {"script":"<number>"}
COMMAND: GET /session/297431b9b55e935159c974fa74f723b8/timeouts - {}
RESULT: {}
RESULT: undefined
COMMAND: POST /session/297431b9b55e935159c974fa74f723b8/execute/async - {"script":"<script> [2676 bytes]","args":[]}
RESULT: {"script":"<script> [2676 bytes]","args":[]}
COMMAND: POST /session/297431b9b55e935159c974fa74f723b8/execute/async - {"script":"<script> [2342 bytes]","args":[{"protocol":"http","hostname":"0.0.0.0","path":"/","capabilities":{"browserName":"chrome","goog:chromeOptions":{"binary":"C:\\Program Files\\Google\\Chrome\\Application\\chrome.exe","args":["--start-maximized"]}},"logLevel":"warn","connectionRetryTimeout":120000,"connectionRetryCount":3,"logLevels":{},"enableDirectConnect":true,"strictSSL":true,"_":"65 more keys: [\"cacheDir\",\"port\",\"requestedCapabilities\",\"automationProtocol\",\"baseUrl\",\"waitforInterval\",\"waitforTimeout\",\"onReload\",\"beforeCommand\",\"afterCommand\",\"rootDir\",\"specs\",\"suites\",\"exclude\",\"groupLogsByTestSpec\",\"excludeDriverLogs\",\"bail\",\"framework\",\"reporters\",\"services\",\"maxInstances\",\"maxInstancesPerCapability\",\"injectGlobals\",\"filesToWatch\",\"execArgv\",\"runnerEnv\",\"runner\",\"shard\",\"specFileRetries\",\"specFileRetriesDelay\",\"specFileRetriesDeferred\",\"reporterSyncInterval\",\"reporterSyncTimeout\",\"cucumberFeaturesWithLineNumbers\",\"autoCompileOpts\",\"mochaOpts\",\"jasmineOpts\",\"cucumberOpts\",\"onPrepare\",\"onWorkerStart\",\"onWorkerEnd\",\"before\",\"beforeSession\",\"beforeSuite\",\"beforeHook\",\"beforeTest\",\"afterTest\",\"afterHook\",\"afterSuite\",\"afterSession\",\"after\",\"onComplete\",\"beforeAssertion\",\"afterAssertion\",\"beforeFeature\",\"beforeScenario\",\"beforeStep\",\"afterStep\",\"afterScenario\",\"afterFeature\",\"_\",\"suite\",\"$0\",\"ignoredWorkerServices\",\"wdi5\"]"}]}
RESULT: {"script":"<script> [2342 bytes]","args":[{"protocol":"http","hostname":"0.0.0.0","path":"/","capabilities":{"browserName":"chrome","goog:chromeOptions":{"binary":"C:\\Program Files\\Google\\Chrome\\Application\\chrome.exe","args":["--start-maximized"]}},"logLevel":"warn","connectionRetryTimeout":120000,"connectionRetryCount":3,"logLevels":{},"enableDirectConnect":true,"strictSSL":true,"_":"65 more keys: [\"cacheDir\",\"port\",\"requestedCapabilities\",\"automationProtocol\",\"baseUrl\",\"waitforInterval\",\"waitforTimeout\",\"onReload\",\"beforeCommand\",\"afterCommand\",\"rootDir\",\"specs\",\"suites\",\"exclude\",\"groupLogsByTestSpec\",\"excludeDriverLogs\",\"bail\",\"framework\",\"reporters\",\"services\",\"maxInstances\",\"maxInstancesPerCapability\",\"injectGlobals\",\"filesToWatch\",\"execArgv\",\"runnerEnv\",\"runner\",\"shard\",\"specFileRetries\",\"specFileRetriesDelay\",\"specFileRetriesDeferred\",\"reporterSyncInterval\",\"reporterSyncTimeout\",\"cucumberFeaturesWithLineNumbers\",\"autoCompileOpts\",\"mochaOpts\",\"jasmineOpts\",\"cucumberOpts\",\"onPrepare\",\"onWorkerStart\",\"onWorkerEnd\",\"before\",\"beforeSession\",\"beforeSuite\",\"beforeHook\",\"beforeTest\",\"afterTest\",\"afterHook\",\"afterSuite\",\"afterSession\",\"after\",\"onComplete\",\"beforeAssertion\",\"afterAssertion\",\"beforeFeature\",\"beforeScenario\",\"beforeStep\",\"afterStep\",\"afterScenario\",\"afterFeature\",\"_\",\"suite\",\"$0\",\"ignoredWorkerServices\",\"wdi5\"]"}]}
COMMAND: POST /session/297431b9b55e935159c974fa74f723b8/execute/async - {"script":"<script> [21126 bytes]","args":[35000]}
RESULT: {"script":"<script> [21126 bytes]","args":[35000]}
]]></system-out>
    </testcase>
    <testcase classname="chrome.136_0_7103_93.windows.Process_request_items_into_an_existing_quotation_US120163" name="Should process the request into an existing quotation" time="68.692">
      <system-out><![CDATA[
COMMAND: GET /session/297431b9b55e935159c974fa74f723b8/window - {}
RESULT: {}
COMMAND: POST /session/297431b9b55e935159c974fa74f723b8/element - {"using":"xpath","value":"//span[contains(@id ,\"detailHeaderTitle-_actionsToolbar-overflowButton-img\")]"}
RESULT: {"using":"xpath","value":"//span[contains(@id ,\"detailHeaderTitle-_actionsToolbar-overflowButton-img\")]"}
COMMAND: POST /session/297431b9b55e935159c974fa74f723b8/element/f.C07C1F5C83AA57D4527D3CB7EA58C4CE.d.462C514191F436434CE450C3E3A62717.e.13172/click - {}
RESULT: {}
COMMAND: GET /session/297431b9b55e935159c974fa74f723b8/screenshot - {}
RESULT: {}
COMMAND: POST /session/297431b9b55e935159c974fa74f723b8/element - {"using":"xpath","value":"//span[contains(@id ,\"actionsMenuButton-internalSplitBtn-arrowButton-img\")]"}
RESULT: {"using":"xpath","value":"//span[contains(@id ,\"actionsMenuButton-internalSplitBtn-arrowButton-img\")]"}
COMMAND: POST /session/297431b9b55e935159c974fa74f723b8/element/f.C07C1F5C83AA57D4527D3CB7EA58C4CE.d.462C514191F436434CE450C3E3A62717.e.13175/click - {}
RESULT: {}
COMMAND: GET /session/297431b9b55e935159c974fa74f723b8/screenshot - {}
RESULT: {}
COMMAND: POST /session/297431b9b55e935159c974fa74f723b8/actions - {"actions":[{"id":"action103","type":"key","parameters":{},"actions":[{"type":"keyDown","value":"î€•"},{"type":"pause","duration":10},{"type":"keyUp","value":"î€•"}]}]}
RESULT: {"actions":[{"id":"action103","type":"key","parameters":{},"actions":[{"type":"keyDown","value":"î€•"},{"type":"pause","duration":10},{"type":"keyUp","value":"î€•"}]}]}
COMMAND: GET /session/297431b9b55e935159c974fa74f723b8/screenshot - {}
RESULT: {}
COMMAND: POST /session/297431b9b55e935159c974fa74f723b8/actions - {"actions":[{"id":"action104","type":"key","parameters":{},"actions":[{"type":"keyDown","value":"î€‡"},{"type":"pause","duration":10},{"type":"keyUp","value":"î€‡"}]}]}
RESULT: {"actions":[{"id":"action104","type":"key","parameters":{},"actions":[{"type":"keyDown","value":"î€‡"},{"type":"pause","duration":10},{"type":"keyUp","value":"î€‡"}]}]}
COMMAND: GET /session/297431b9b55e935159c974fa74f723b8/screenshot - {}
RESULT: {}
COMMAND: POST /session/297431b9b55e935159c974fa74f723b8/actions - {"actions":[{"id":"action105","type":"key","parameters":{},"actions":[{"type":"keyDown","value":"î€•"},{"type":"pause","duration":10},{"type":"keyUp","value":"î€•"}]}]}
RESULT: {"actions":[{"id":"action105","type":"key","parameters":{},"actions":[{"type":"keyDown","value":"î€•"},{"type":"pause","duration":10},{"type":"keyUp","value":"î€•"}]}]}
COMMAND: GET /session/297431b9b55e935159c974fa74f723b8/screenshot - {}
RESULT: {}
COMMAND: POST /session/297431b9b55e935159c974fa74f723b8/actions - {"actions":[{"id":"action106","type":"key","parameters":{},"actions":[{"type":"keyDown","value":"î€‡"},{"type":"pause","duration":10},{"type":"keyUp","value":"î€‡"}]}]}
RESULT: {"actions":[{"id":"action106","type":"key","parameters":{},"actions":[{"type":"keyDown","value":"î€‡"},{"type":"pause","duration":10},{"type":"keyUp","value":"î€‡"}]}]}
COMMAND: GET /session/297431b9b55e935159c974fa74f723b8/screenshot - {}
RESULT: {}
COMMAND: POST /session/297431b9b55e935159c974fa74f723b8/element - {"using":"xpath","value":"//input[contains(@id ,\"quotationsSearchField-I\")]"}
RESULT: {"using":"xpath","value":"//input[contains(@id ,\"quotationsSearchField-I\")]"}
COMMAND: POST /session/297431b9b55e935159c974fa74f723b8/element/f.C07C1F5C83AA57D4527D3CB7EA58C4CE.d.462C514191F436434CE450C3E3A62717.e.13178/clear - {}
RESULT: {}
COMMAND: POST /session/297431b9b55e935159c974fa74f723b8/element/f.C07C1F5C83AA57D4527D3CB7EA58C4CE.d.462C514191F436434CE450C3E3A62717.e.13178/value - {"text":"WdIOQuotationf12a5"}
COMMAND: GET /session/297431b9b55e935159c974fa74f723b8/screenshot - {}
RESULT: {"text":"WdIOQuotationf12a5"}
COMMAND: GET /session/297431b9b55e935159c974fa74f723b8/screenshot - {}
RESULT: {}
RESULT: {}
COMMAND: POST /session/297431b9b55e935159c974fa74f723b8/actions - {"actions":[{"id":"action107","type":"key","parameters":{},"actions":[{"type":"keyDown","value":"î€‡"},{"type":"pause","duration":10},{"type":"keyUp","value":"î€‡"}]}]}
RESULT: {"actions":[{"id":"action107","type":"key","parameters":{},"actions":[{"type":"keyDown","value":"î€‡"},{"type":"pause","duration":10},{"type":"keyUp","value":"î€‡"}]}]}
COMMAND: GET /session/297431b9b55e935159c974fa74f723b8/screenshot - {}
RESULT: {}
COMMAND: POST /session/297431b9b55e935159c974fa74f723b8/element - {"using":"xpath","value":"//div[contains(@id ,\"selectSingle\")]"}
RESULT: {"using":"xpath","value":"//div[contains(@id ,\"selectSingle\")]"}
COMMAND: POST /session/297431b9b55e935159c974fa74f723b8/element/f.C07C1F5C83AA57D4527D3CB7EA58C4CE.d.462C514191F436434CE450C3E3A62717.e.13186/click - {}
RESULT: {}
COMMAND: GET /session/297431b9b55e935159c974fa74f723b8/screenshot - {}
RESULT: {}
COMMAND: POST /session/297431b9b55e935159c974fa74f723b8/element - {"using":"xpath","value":"//bdi[contains(text() ,\"Selection Done\")]"}
RESULT: {"using":"xpath","value":"//bdi[contains(text() ,\"Selection Done\")]"}
COMMAND: POST /session/297431b9b55e935159c974fa74f723b8/element/f.C07C1F5C83AA57D4527D3CB7EA58C4CE.d.462C514191F436434CE450C3E3A62717.e.13196/click - {}
RESULT: {}
COMMAND: GET /session/297431b9b55e935159c974fa74f723b8/screenshot - {}
RESULT: {}
COMMAND: POST /session/297431b9b55e935159c974fa74f723b8/actions - {"actions":[{"id":"action108","type":"key","parameters":{},"actions":[{"type":"keyDown","value":"î€‡"},{"type":"pause","duration":10},{"type":"keyUp","value":"î€‡"}]}]}
RESULT: {"actions":[{"id":"action108","type":"key","parameters":{},"actions":[{"type":"keyDown","value":"î€‡"},{"type":"pause","duration":10},{"type":"keyUp","value":"î€‡"}]}]}
COMMAND: GET /session/297431b9b55e935159c974fa74f723b8/screenshot - {}
RESULT: {}
COMMAND: POST /session/297431b9b55e935159c974fa74f723b8/actions - {"actions":[{"id":"action109","type":"key","parameters":{},"actions":[{"type":"keyDown","value":"î€‡"},{"type":"pause","duration":10},{"type":"keyUp","value":"î€‡"}]}]}
RESULT: {"actions":[{"id":"action109","type":"key","parameters":{},"actions":[{"type":"keyDown","value":"î€‡"},{"type":"pause","duration":10},{"type":"keyUp","value":"î€‡"}]}]}
COMMAND: GET /session/297431b9b55e935159c974fa74f723b8/screenshot - {}
RESULT: {}
COMMAND: GET /session/297431b9b55e935159c974fa74f723b8/window/handles - {}
RESULT: {}
COMMAND: GET /session/297431b9b55e935159c974fa74f723b8/window/handles - {}
RESULT: {}
COMMAND: POST /session/297431b9b55e935159c974fa74f723b8/window - {"handle":"D37F38E5A7FD857911A4DCC307171188"}
RESULT: {"handle":"D37F38E5A7FD857911A4DCC307171188"}
COMMAND: GET /session/297431b9b55e935159c974fa74f723b8/url - {}
RESULT: {}
COMMAND: GET /session/297431b9b55e935159c974fa74f723b8/screenshot - {}
RESULT: {}
COMMAND: POST /session/297431b9b55e935159c974fa74f723b8/element - {"using":"xpath","value":"//span[contains(text(), \"Header Billing Items\")]"}
RESULT: {"using":"xpath","value":"//span[contains(text(), \"Header Billing Items\")]"}
COMMAND: POST /session/297431b9b55e935159c974fa74f723b8/element/f.D37F38E5A7FD857911A4DCC307171188.d.BFDE657C58DD1FF6868E8ECCAD2628B4.e.13417/click - {}
RESULT: {}
COMMAND: GET /session/297431b9b55e935159c974fa74f723b8/screenshot - {}
RESULT: {}
COMMAND: POST /session/297431b9b55e935159c974fa74f723b8/element - {"using":"xpath","value":"//span[contains(@id ,\"contractItemsSmartTable-header-inner\")]"}
RESULT: {"using":"xpath","value":"//span[contains(@id ,\"contractItemsSmartTable-header-inner\")]"}
COMMAND: GET /session/297431b9b55e935159c974fa74f723b8/element/f.D37F38E5A7FD857911A4DCC307171188.d.BFDE657C58DD1FF6868E8ECCAD2628B4.e.13419/text - {}
RESULT: {}
COMMAND: POST /session/297431b9b55e935159c974fa74f723b8/element - {"using":"xpath","value":"//span[@class=\"sapMObjStatusText\"][contains(text(), \"proposed\")]"}
RESULT: {"using":"xpath","value":"//span[@class=\"sapMObjStatusText\"][contains(text(), \"proposed\")]"}
COMMAND: GET /session/297431b9b55e935159c974fa74f723b8/element/f.D37F38E5A7FD857911A4DCC307171188.d.BFDE657C58DD1FF6868E8ECCAD2628B4.e.13420/text - {}
RESULT: {}
COMMAND: DELETE /session/297431b9b55e935159c974fa74f723b8/window - {}
RESULT: {}
COMMAND: POST /session/297431b9b55e935159c974fa74f723b8/window - {"handle":"C07C1F5C83AA57D4527D3CB7EA58C4CE"}
RESULT: {"handle":"C07C1F5C83AA57D4527D3CB7EA58C4CE"}
COMMAND: GET /session/297431b9b55e935159c974fa74f723b8/url - {}
RESULT: {}
COMMAND: GET /session/297431b9b55e935159c974fa74f723b8/screenshot - {}
RESULT: {}
]]></system-out>
    </testcase>
    <testcase classname="chrome.136_0_7103_93.windows.Process_request_items_into_an_existing_quotation_US120163" name="Should navigate back to the request and check the request and item statuses" time="38.405">
      <system-out><![CDATA[
COMMAND: POST /session/297431b9b55e935159c974fa74f723b8/refresh - {}
RESULT: {}
COMMAND: GET /session/297431b9b55e935159c974fa74f723b8/screenshot - {}
RESULT: {}
COMMAND: POST /session/297431b9b55e935159c974fa74f723b8/execute/async - {"script":"<script> [189 bytes]","args":[]}
RESULT: {"script":"<script> [189 bytes]","args":[]}
COMMAND: POST /session/297431b9b55e935159c974fa74f723b8/execute/async - {"script":"<script> [123 bytes]","args":[]}
RESULT: {"script":"<script> [123 bytes]","args":[]}
COMMAND: POST /session/297431b9b55e935159c974fa74f723b8/timeouts - {"script":"<number>"}
RESULT: {"script":"<number>"}
COMMAND: GET /session/297431b9b55e935159c974fa74f723b8/timeouts - {}
RESULT: {}
RESULT: undefined
COMMAND: POST /session/297431b9b55e935159c974fa74f723b8/execute/async - {"script":"<script> [2676 bytes]","args":[]}
RESULT: {"script":"<script> [2676 bytes]","args":[]}
COMMAND: POST /session/297431b9b55e935159c974fa74f723b8/execute/async - {"script":"<script> [2342 bytes]","args":[{"protocol":"http","hostname":"0.0.0.0","path":"/","capabilities":{"browserName":"chrome","goog:chromeOptions":{"binary":"C:\\Program Files\\Google\\Chrome\\Application\\chrome.exe","args":["--start-maximized"]}},"logLevel":"warn","connectionRetryTimeout":120000,"connectionRetryCount":3,"logLevels":{},"enableDirectConnect":true,"strictSSL":true,"_":"65 more keys: [\"cacheDir\",\"port\",\"requestedCapabilities\",\"automationProtocol\",\"baseUrl\",\"waitforInterval\",\"waitforTimeout\",\"onReload\",\"beforeCommand\",\"afterCommand\",\"rootDir\",\"specs\",\"suites\",\"exclude\",\"groupLogsByTestSpec\",\"excludeDriverLogs\",\"bail\",\"framework\",\"reporters\",\"services\",\"maxInstances\",\"maxInstancesPerCapability\",\"injectGlobals\",\"filesToWatch\",\"execArgv\",\"runnerEnv\",\"runner\",\"shard\",\"specFileRetries\",\"specFileRetriesDelay\",\"specFileRetriesDeferred\",\"reporterSyncInterval\",\"reporterSyncTimeout\",\"cucumberFeaturesWithLineNumbers\",\"autoCompileOpts\",\"mochaOpts\",\"jasmineOpts\",\"cucumberOpts\",\"onPrepare\",\"onWorkerStart\",\"onWorkerEnd\",\"before\",\"beforeSession\",\"beforeSuite\",\"beforeHook\",\"beforeTest\",\"afterTest\",\"afterHook\",\"afterSuite\",\"afterSession\",\"after\",\"onComplete\",\"beforeAssertion\",\"afterAssertion\",\"beforeFeature\",\"beforeScenario\",\"beforeStep\",\"afterStep\",\"afterScenario\",\"afterFeature\",\"_\",\"suite\",\"$0\",\"ignoredWorkerServices\",\"wdi5\"]"}]}
RESULT: {"script":"<script> [2342 bytes]","args":[{"protocol":"http","hostname":"0.0.0.0","path":"/","capabilities":{"browserName":"chrome","goog:chromeOptions":{"binary":"C:\\Program Files\\Google\\Chrome\\Application\\chrome.exe","args":["--start-maximized"]}},"logLevel":"warn","connectionRetryTimeout":120000,"connectionRetryCount":3,"logLevels":{},"enableDirectConnect":true,"strictSSL":true,"_":"65 more keys: [\"cacheDir\",\"port\",\"requestedCapabilities\",\"automationProtocol\",\"baseUrl\",\"waitforInterval\",\"waitforTimeout\",\"onReload\",\"beforeCommand\",\"afterCommand\",\"rootDir\",\"specs\",\"suites\",\"exclude\",\"groupLogsByTestSpec\",\"excludeDriverLogs\",\"bail\",\"framework\",\"reporters\",\"services\",\"maxInstances\",\"maxInstancesPerCapability\",\"injectGlobals\",\"filesToWatch\",\"execArgv\",\"runnerEnv\",\"runner\",\"shard\",\"specFileRetries\",\"specFileRetriesDelay\",\"specFileRetriesDeferred\",\"reporterSyncInterval\",\"reporterSyncTimeout\",\"cucumberFeaturesWithLineNumbers\",\"autoCompileOpts\",\"mochaOpts\",\"jasmineOpts\",\"cucumberOpts\",\"onPrepare\",\"onWorkerStart\",\"onWorkerEnd\",\"before\",\"beforeSession\",\"beforeSuite\",\"beforeHook\",\"beforeTest\",\"afterTest\",\"afterHook\",\"afterSuite\",\"afterSession\",\"after\",\"onComplete\",\"beforeAssertion\",\"afterAssertion\",\"beforeFeature\",\"beforeScenario\",\"beforeStep\",\"afterStep\",\"afterScenario\",\"afterFeature\",\"_\",\"suite\",\"$0\",\"ignoredWorkerServices\",\"wdi5\"]"}]}
COMMAND: POST /session/297431b9b55e935159c974fa74f723b8/execute/async - {"script":"<script> [21126 bytes]","args":[35000]}
RESULT: {"script":"<script> [21126 bytes]","args":[35000]}
COMMAND: POST /session/297431b9b55e935159c974fa74f723b8/execute/async - {"script":"<script> [1562 bytes]","args":[{"selector":{"controlType":"sap.m.Text","viewName":"etm.portal.ui.managerequests.view.Detail","bindingPath":{"path":"/SmartRequestItemsPlanningBoard(ITEM=10m,REQUEST='20127')","propertyPath":"STATUS_DESC"}},"wdio_ui5_key":"etmportal.ui.managerequests.view.Detailsap.m.Text{\"path\":\"/SmartRequestItemsPlanningBoard(ITEM=10m,REQUEST='20127')\",\"propertyPath\":\"STATUS_DESC\"}"}]}
RESULT: {"script":"<script> [1562 bytes]","args":[{"selector":{"controlType":"sap.m.Text","viewName":"etm.portal.ui.managerequests.view.Detail","bindingPath":{"path":"/SmartRequestItemsPlanningBoard(ITEM=10m,REQUEST='20127')","propertyPath":"STATUS_DESC"}},"wdio_ui5_key":"etmportal.ui.managerequests.view.Detailsap.m.Text{\"path\":\"/SmartRequestItemsPlanningBoard(ITEM=10m,REQUEST='20127')\",\"propertyPath\":\"STATUS_DESC\"}"}]}
RESULT: undefined
COMMAND: POST /session/297431b9b55e935159c974fa74f723b8/execute/async - {"script":"<script> [6424 bytes]","args":[{"element-6066-11e4-a52e-4f735466cecf":"f.C07C1F5C83AA57D4527D3CB7EA58C4CE.d.69791C587C498DCFB7FAB61E47EF84F9.e.13643"},"getText",[]]}
RESULT: {"script":"<script> [6424 bytes]","args":[{"element-6066-11e4-a52e-4f735466cecf":"f.C07C1F5C83AA57D4527D3CB7EA58C4CE.d.69791C587C498DCFB7FAB61E47EF84F9.e.13643"},"getText",[]]}
COMMAND: POST /session/297431b9b55e935159c974fa74f723b8/execute/async - {"script":"<script> [1562 bytes]","args":[{"selector":{"controlType":"sap.m.ObjectStatus","viewName":"etm.portal.ui.managerequests.view.Detail","bindingPath":{"path":"/RequestHeaders('20127')","propertyPath":"LINK_TO_STATUS/DESCRIPTION","modelName":"catalogModel"}},"wdio_ui5_key":"etmportal.ui.managerequests.view.Detailsap.m.ObjectStatus{\"path\":\"/RequestHeaders('20127')\",\"propertyPath\":\"LINK_TO_STATUS/DESCRIPTION\",\"modelName\":\"catalogModel\"}"}]}
RESULT: {"script":"<script> [1562 bytes]","args":[{"selector":{"controlType":"sap.m.ObjectStatus","viewName":"etm.portal.ui.managerequests.view.Detail","bindingPath":{"path":"/RequestHeaders('20127')","propertyPath":"LINK_TO_STATUS/DESCRIPTION","modelName":"catalogModel"}},"wdio_ui5_key":"etmportal.ui.managerequests.view.Detailsap.m.ObjectStatus{\"path\":\"/RequestHeaders('20127')\",\"propertyPath\":\"LINK_TO_STATUS/DESCRIPTION\",\"modelName\":\"catalogModel\"}"}]}
RESULT: undefined
COMMAND: POST /session/297431b9b55e935159c974fa74f723b8/execute/async - {"script":"<script> [6424 bytes]","args":[{"element-6066-11e4-a52e-4f735466cecf":"f.C07C1F5C83AA57D4527D3CB7EA58C4CE.d.69791C587C498DCFB7FAB61E47EF84F9.e.13644"},"getText",[]]}
RESULT: {"script":"<script> [6424 bytes]","args":[{"element-6066-11e4-a52e-4f735466cecf":"f.C07C1F5C83AA57D4527D3CB7EA58C4CE.d.69791C587C498DCFB7FAB61E47EF84F9.e.13644"},"getText",[]]}
COMMAND: DELETE /session/297431b9b55e935159c974fa74f723b8 - {}
RESULT: {}
]]></system-out>
    </testcase>
  </testsuite>
</testsuites>