<?xml version="1.0" encoding="UTF-8"?>
<testsuites tests="15" failures="11" errors="11" skipped="0">
  <testsuite timestamp="2025-06-01T18:02:37" time="924.835" tests="9" failures="6" errors="6" skipped="0">
    <properties>
      <property name="specId" value="0"/>
      <property name="suiteName" value="Tests for Mass State Change on Manage States &amp; Performances US104416 US"/>
      <property name="capabilities" value="chrome.136_0_7103_93.windows"/>
      <property name="file" value="file:///D:/a/1/s/test/specs/HTR/create-mass-state-change.spec.js"/>
    </properties>
    <testcase classname="chrome.136_0_7103_93.windows.Tests_for_Mass_State_Change_on_Manage_States_&amp;_Performances_US104416_US" name="Prereq Should create a new yard used for all following tests" time="126.169">
      <system-out><![CDATA[
COMMAND: POST /session/3fdde00e1aad0000c801fdda20f45a25/window/fullscreen - {}
RESULT: {}
COMMAND: POST /session/3fdde00e1aad0000c801fdda20f45a25/execute/async - {"script":"<script> [1562 bytes]","args":[{"selector":{"controlType":"sap.m.GenericTile","properties":{"header":"Manage Yards"}},"wdio_ui5_key":"sapm.GenericTile{\"header\":\"Manage Yards\"}"}]}
RESULT: {"script":"<script> [1562 bytes]","args":[{"selector":{"controlType":"sap.m.GenericTile","properties":{"header":"Manage Yards"}},"wdio_ui5_key":"sapm.GenericTile{\"header\":\"Manage Yards\"}"}]}
RESULT: undefined
COMMAND: POST /session/3fdde00e1aad0000c801fdda20f45a25/element - {"using":"xpath","value":"//*[@id=\"__tile41\"]"}
RESULT: {"using":"xpath","value":"//*[@id=\"__tile41\"]"}
COMMAND: POST /session/3fdde00e1aad0000c801fdda20f45a25/element/f.AD023EB381BA77EAB040171FD40D96B9.d.88AA145DE89ED1C42107A0BF006D068B.e.164/click - {}
RESULT: {}
COMMAND: GET /session/3fdde00e1aad0000c801fdda20f45a25/screenshot - {}
RESULT: {}
COMMAND: POST /session/3fdde00e1aad0000c801fdda20f45a25/elements - {"using":"xpath","value":"//span[text()='Error']"}
RESULT: {"using":"xpath","value":"//span[text()='Error']"}
COMMAND: POST /session/3fdde00e1aad0000c801fdda20f45a25/element - {"using":"xpath","value":"//button[@data-kt=\"addNewYardOverflowToolbarButton\"]"}
RESULT: {"using":"xpath","value":"//button[@data-kt=\"addNewYardOverflowToolbarButton\"]"}
COMMAND: POST /session/3fdde00e1aad0000c801fdda20f45a25/elements - {"using":"xpath","value":"//button[@data-kt=\"addNewYardOverflowToolbarButton\"]"}
RESULT: {"using":"xpath","value":"//button[@data-kt=\"addNewYardOverflowToolbarButton\"]"}
COMMAND: POST /session/3fdde00e1aad0000c801fdda20f45a25/elements - {"using":"xpath","value":"//button[@data-kt=\"addNewYardOverflowToolbarButton\"]"}
RESULT: {"using":"xpath","value":"//button[@data-kt=\"addNewYardOverflowToolbarButton\"]"}
COMMAND: POST /session/3fdde00e1aad0000c801fdda20f45a25/elements - {"using":"xpath","value":"//button[@data-kt=\"addNewYardOverflowToolbarButton\"]"}
RESULT: {"using":"xpath","value":"//button[@data-kt=\"addNewYardOverflowToolbarButton\"]"}
COMMAND: POST /session/3fdde00e1aad0000c801fdda20f45a25/elements - {"using":"xpath","value":"//button[@data-kt=\"addNewYardOverflowToolbarButton\"]"}
RESULT: {"using":"xpath","value":"//button[@data-kt=\"addNewYardOverflowToolbarButton\"]"}
COMMAND: POST /session/3fdde00e1aad0000c801fdda20f45a25/elements - {"using":"xpath","value":"//button[@data-kt=\"addNewYardOverflowToolbarButton\"]"}
RESULT: {"using":"xpath","value":"//button[@data-kt=\"addNewYardOverflowToolbarButton\"]"}
COMMAND: POST /session/3fdde00e1aad0000c801fdda20f45a25/elements - {"using":"xpath","value":"//button[@data-kt=\"addNewYardOverflowToolbarButton\"]"}
RESULT: {"using":"xpath","value":"//button[@data-kt=\"addNewYardOverflowToolbarButton\"]"}
COMMAND: POST /session/3fdde00e1aad0000c801fdda20f45a25/elements - {"using":"xpath","value":"//button[@data-kt=\"addNewYardOverflowToolbarButton\"]"}
RESULT: {"using":"xpath","value":"//button[@data-kt=\"addNewYardOverflowToolbarButton\"]"}
COMMAND: POST /session/3fdde00e1aad0000c801fdda20f45a25/elements - {"using":"xpath","value":"//button[@data-kt=\"addNewYardOverflowToolbarButton\"]"}
RESULT: {"using":"xpath","value":"//button[@data-kt=\"addNewYardOverflowToolbarButton\"]"}
COMMAND: POST /session/3fdde00e1aad0000c801fdda20f45a25/elements - {"using":"xpath","value":"//button[@data-kt=\"addNewYardOverflowToolbarButton\"]"}
RESULT: {"using":"xpath","value":"//button[@data-kt=\"addNewYardOverflowToolbarButton\"]"}
COMMAND: POST /session/3fdde00e1aad0000c801fdda20f45a25/element - {"using":"xpath","value":"//button[@data-kt=\"addNewYardOverflowToolbarButton\"]"}
RESULT: {"using":"xpath","value":"//button[@data-kt=\"addNewYardOverflowToolbarButton\"]"}
COMMAND: POST /session/3fdde00e1aad0000c801fdda20f45a25/execute/sync - {"script":"<script> [8489 bytes]","args":[{"element-6066-11e4-a52e-4f735466cecf":"f.AD023EB381BA77EAB040171FD40D96B9.d.88AA145DE89ED1C42107A0BF006D068B.e.312","ELEMENT":"f.AD023EB381BA77EAB040171FD40D96B9.d.88AA145DE89ED1C42107A0BF006D068B.e.312"}]}
RESULT: {"script":"<script> [8489 bytes]","args":[{"element-6066-11e4-a52e-4f735466cecf":"f.AD023EB381BA77EAB040171FD40D96B9.d.88AA145DE89ED1C42107A0BF006D068B.e.312","ELEMENT":"f.AD023EB381BA77EAB040171FD40D96B9.d.88AA145DE89ED1C42107A0BF006D068B.e.312"}]}
COMMAND: GET /session/3fdde00e1aad0000c801fdda20f45a25/element/f.AD023EB381BA77EAB040171FD40D96B9.d.88AA145DE89ED1C42107A0BF006D068B.e.312/enabled - {}
COMMAND: GET /session/3fdde00e1aad0000c801fdda20f45a25/screenshot - {}
RESULT: {}
COMMAND: POST /session/3fdde00e1aad0000c801fdda20f45a25/execute/sync - {"script":"<script> [8489 bytes]","args":[{"element-6066-11e4-a52e-4f735466cecf":"f.AD023EB381BA77EAB040171FD40D96B9.d.88AA145DE89ED1C42107A0BF006D068B.e.312","ELEMENT":"f.AD023EB381BA77EAB040171FD40D96B9.d.88AA145DE89ED1C42107A0BF006D068B.e.312"}]}
COMMAND: GET /session/3fdde00e1aad0000c801fdda20f45a25/screenshot - {}
RESULT: {}
RESULT: {"script":"<script> [8489 bytes]","args":[{"element-6066-11e4-a52e-4f735466cecf":"f.AD023EB381BA77EAB040171FD40D96B9.d.88AA145DE89ED1C42107A0BF006D068B.e.312","ELEMENT":"f.AD023EB381BA77EAB040171FD40D96B9.d.88AA145DE89ED1C42107A0BF006D068B.e.312"}]}
COMMAND: POST /session/3fdde00e1aad0000c801fdda20f45a25/execute/sync - {"script":"<script> [5351 bytes]","args":[{"element-6066-11e4-a52e-4f735466cecf":"f.AD023EB381BA77EAB040171FD40D96B9.d.88AA145DE89ED1C42107A0BF006D068B.e.312","ELEMENT":"f.AD023EB381BA77EAB040171FD40D96B9.d.88AA145DE89ED1C42107A0BF006D068B.e.312"}]}
COMMAND: GET /session/3fdde00e1aad0000c801fdda20f45a25/screenshot - {}
RESULT: {}
RESULT: {"script":"<script> [5351 bytes]","args":[{"element-6066-11e4-a52e-4f735466cecf":"f.AD023EB381BA77EAB040171FD40D96B9.d.88AA145DE89ED1C42107A0BF006D068B.e.312","ELEMENT":"f.AD023EB381BA77EAB040171FD40D96B9.d.88AA145DE89ED1C42107A0BF006D068B.e.312"}]}
COMMAND: POST /session/3fdde00e1aad0000c801fdda20f45a25/element/f.AD023EB381BA77EAB040171FD40D96B9.d.88AA145DE89ED1C42107A0BF006D068B.e.312/click - {}
COMMAND: GET /session/3fdde00e1aad0000c801fdda20f45a25/screenshot - {}
RESULT: {}
RESULT: {}
COMMAND: GET /session/3fdde00e1aad0000c801fdda20f45a25/screenshot - {}
RESULT: {}
RESULT: {}
COMMAND: POST /session/3fdde00e1aad0000c801fdda20f45a25/element - {"using":"xpath","value":"//input[@id=\"application-manageyards-display-component---NewYard--yardId-inner\"]"}
RESULT: {"using":"xpath","value":"//input[@id=\"application-manageyards-display-component---NewYard--yardId-inner\"]"}
COMMAND: POST /session/3fdde00e1aad0000c801fdda20f45a25/element - {"using":"xpath","value":"//input[@id=\"application-manageyards-display-component---NewYard--yardId-inner\"]"}
RESULT: {"using":"xpath","value":"//input[@id=\"application-manageyards-display-component---NewYard--yardId-inner\"]"}
COMMAND: POST /session/3fdde00e1aad0000c801fdda20f45a25/execute/async - {"script":"<script> [1562 bytes]","args":[{"selector":{"id":"application-manageyards-display-component---NewYard--addressDetailDetailsName1","interaction":{"idSuffix":"inner"}},"wdio_ui5_key":"applicationmanageyards-display-component---NewYard--addressDetailDetailsName1"}]}
RESULT: {"script":"<script> [1562 bytes]","args":[{"selector":{"id":"application-manageyards-display-component---NewYard--addressDetailDetailsName1","interaction":{"idSuffix":"inner"}},"wdio_ui5_key":"applicationmanageyards-display-component---NewYard--addressDetailDetailsName1"}]}
RESULT: undefined
COMMAND: POST /session/3fdde00e1aad0000c801fdda20f45a25/execute/async - {"script":"<script> [776 bytes]","args":[{"enterText":"Other Yard WDIO","selector":{"id":"application-manageyards-display-component---NewYard--addressDetailDetailsName1","interaction":{"idSuffix":"inner"}},"clearTextFirst":true,"interactionType":"ENTER_TEXT"}]}
RESULT: {"script":"<script> [776 bytes]","args":[{"enterText":"Other Yard WDIO","selector":{"id":"application-manageyards-display-component---NewYard--addressDetailDetailsName1","interaction":{"idSuffix":"inner"}},"clearTextFirst":true,"interactionType":"ENTER_TEXT"}]}
COMMAND: POST /session/3fdde00e1aad0000c801fdda20f45a25/execute/async - {"script":"<script> [1562 bytes]","args":[{"selector":{"id":"application-manageyards-display-component---NewYard--addressDetailDetailsLanguage-arrow"},"wdio_ui5_key":"applicationmanageyards-display-component---NewYard--addressDetailDetailsLanguage-arrow"}]}
RESULT: {"script":"<script> [1562 bytes]","args":[{"selector":{"id":"application-manageyards-display-component---NewYard--addressDetailDetailsLanguage-arrow"},"wdio_ui5_key":"applicationmanageyards-display-component---NewYard--addressDetailDetailsLanguage-arrow"}]}
RESULT: undefined
COMMAND: POST /session/3fdde00e1aad0000c801fdda20f45a25/element - {"using":"xpath","value":"//*[@id=\"application-manageyards-display-component---NewYard--addressDetailDetailsLanguage-arrow\"]"}
RESULT: {"using":"xpath","value":"//*[@id=\"application-manageyards-display-component---NewYard--addressDetailDetailsLanguage-arrow\"]"}
COMMAND: POST /session/3fdde00e1aad0000c801fdda20f45a25/element/f.AD023EB381BA77EAB040171FD40D96B9.d.88AA145DE89ED1C42107A0BF006D068B.e.730/click - {}
RESULT: {}
COMMAND: POST /session/3fdde00e1aad0000c801fdda20f45a25/element - {"using":"xpath","value":"//span[contains(text(), \"English\")]"}
COMMAND: GET /session/3fdde00e1aad0000c801fdda20f45a25/screenshot - {}
RESULT: {"using":"xpath","value":"//span[contains(text(), \"English\")]"}
COMMAND: POST /session/3fdde00e1aad0000c801fdda20f45a25/element/f.AD023EB381BA77EAB040171FD40D96B9.d.88AA145DE89ED1C42107A0BF006D068B.e.731/click - {}
RESULT: {}
RESULT: {}
COMMAND: POST /session/3fdde00e1aad0000c801fdda20f45a25/execute/async - {"script":"<script> [1562 bytes]","args":[{"selector":{"id":"application-manageyards-display-component---NewYard--addressDetailDetailsCity1","interaction":{"idSuffix":"inner"}},"wdio_ui5_key":"applicationmanageyards-display-component---NewYard--addressDetailDetailsCity1"}]}
COMMAND: GET /session/3fdde00e1aad0000c801fdda20f45a25/screenshot - {}
RESULT: {"script":"<script> [1562 bytes]","args":[{"selector":{"id":"application-manageyards-display-component---NewYard--addressDetailDetailsCity1","interaction":{"idSuffix":"inner"}},"wdio_ui5_key":"applicationmanageyards-display-component---NewYard--addressDetailDetailsCity1"}]}
RESULT: undefined
COMMAND: POST /session/3fdde00e1aad0000c801fdda20f45a25/execute/async - {"script":"<script> [776 bytes]","args":[{"enterText":"Rosario","selector":{"id":"application-manageyards-display-component---NewYard--addressDetailDetailsCity1","interaction":{"idSuffix":"inner"}},"clearTextFirst":true,"interactionType":"ENTER_TEXT"}]}
RESULT: {}
RESULT: {"script":"<script> [776 bytes]","args":[{"enterText":"Rosario","selector":{"id":"application-manageyards-display-component---NewYard--addressDetailDetailsCity1","interaction":{"idSuffix":"inner"}},"clearTextFirst":true,"interactionType":"ENTER_TEXT"}]}
COMMAND: POST /session/3fdde00e1aad0000c801fdda20f45a25/execute/async - {"script":"<script> [1562 bytes]","args":[{"selector":{"id":"application-manageyards-display-component---NewYard--addressDetailDetailsCountry-arrow"},"wdio_ui5_key":"applicationmanageyards-display-component---NewYard--addressDetailDetailsCountry-arrow"}]}
RESULT: {"script":"<script> [1562 bytes]","args":[{"selector":{"id":"application-manageyards-display-component---NewYard--addressDetailDetailsCountry-arrow"},"wdio_ui5_key":"applicationmanageyards-display-component---NewYard--addressDetailDetailsCountry-arrow"}]}
RESULT: undefined
COMMAND: POST /session/3fdde00e1aad0000c801fdda20f45a25/element - {"using":"xpath","value":"//*[@id=\"application-manageyards-display-component---NewYard--addressDetailDetailsCountry-arrow\"]"}
RESULT: {"using":"xpath","value":"//*[@id=\"application-manageyards-display-component---NewYard--addressDetailDetailsCountry-arrow\"]"}
COMMAND: POST /session/3fdde00e1aad0000c801fdda20f45a25/element/f.AD023EB381BA77EAB040171FD40D96B9.d.88AA145DE89ED1C42107A0BF006D068B.e.733/click - {}
RESULT: {}
COMMAND: POST /session/3fdde00e1aad0000c801fdda20f45a25/element - {"using":"xpath","value":"//span[contains(text(), \"Argentina\")]"}
COMMAND: GET /session/3fdde00e1aad0000c801fdda20f45a25/screenshot - {}
RESULT: {"using":"xpath","value":"//span[contains(text(), \"Argentina\")]"}
COMMAND: POST /session/3fdde00e1aad0000c801fdda20f45a25/element/f.AD023EB381BA77EAB040171FD40D96B9.d.88AA145DE89ED1C42107A0BF006D068B.e.734/click - {}
RESULT: {}
RESULT: {}
COMMAND: POST /session/3fdde00e1aad0000c801fdda20f45a25/execute/async - {"script":"<script> [1562 bytes]","args":[{"selector":{"id":"application-manageyards-display-component---NewYard--addressEditDetailsCostObjectCstType-arrow"},"wdio_ui5_key":"applicationmanageyards-display-component---NewYard--addressEditDetailsCostObjectCstType-arrow"}]}
COMMAND: GET /session/3fdde00e1aad0000c801fdda20f45a25/screenshot - {}
RESULT: {"script":"<script> [1562 bytes]","args":[{"selector":{"id":"application-manageyards-display-component---NewYard--addressEditDetailsCostObjectCstType-arrow"},"wdio_ui5_key":"applicationmanageyards-display-component---NewYard--addressEditDetailsCostObjectCstType-arrow"}]}
RESULT: undefined
COMMAND: POST /session/3fdde00e1aad0000c801fdda20f45a25/element - {"using":"xpath","value":"//*[@id=\"application-manageyards-display-component---NewYard--addressEditDetailsCostObjectCstType-arrow\"]"}
RESULT: {}
RESULT: {"using":"xpath","value":"//*[@id=\"application-manageyards-display-component---NewYard--addressEditDetailsCostObjectCstType-arrow\"]"}
COMMAND: POST /session/3fdde00e1aad0000c801fdda20f45a25/element/f.AD023EB381BA77EAB040171FD40D96B9.d.88AA145DE89ED1C42107A0BF006D068B.e.736/click - {}
RESULT: {}
COMMAND: POST /session/3fdde00e1aad0000c801fdda20f45a25/element - {"using":"xpath","value":"//span[contains(text(), \"Cost Center\")]"}
COMMAND: GET /session/3fdde00e1aad0000c801fdda20f45a25/screenshot - {}
RESULT: {"using":"xpath","value":"//span[contains(text(), \"Cost Center\")]"}
COMMAND: POST /session/3fdde00e1aad0000c801fdda20f45a25/element/f.AD023EB381BA77EAB040171FD40D96B9.d.88AA145DE89ED1C42107A0BF006D068B.e.737/click - {}
RESULT: {}
RESULT: {}
COMMAND: GET /session/3fdde00e1aad0000c801fdda20f45a25/screenshot - {}
RESULT: {}
COMMAND: POST /session/3fdde00e1aad0000c801fdda20f45a25/element - {"using":"xpath","value":"//span[@id=\"application-manageyards-display-component---NewYard--addressNewCostObjectCstID-vhi\"]"}
RESULT: {"using":"xpath","value":"//span[@id=\"application-manageyards-display-component---NewYard--addressNewCostObjectCstID-vhi\"]"}
COMMAND: POST /session/3fdde00e1aad0000c801fdda20f45a25/execute/sync - {"script":"<script> [8489 bytes]","args":[{"element-6066-11e4-a52e-4f735466cecf":"f.AD023EB381BA77EAB040171FD40D96B9.d.88AA145DE89ED1C42107A0BF006D068B.e.741","ELEMENT":"f.AD023EB381BA77EAB040171FD40D96B9.d.88AA145DE89ED1C42107A0BF006D068B.e.741"}]}
RESULT: {"script":"<script> [8489 bytes]","args":[{"element-6066-11e4-a52e-4f735466cecf":"f.AD023EB381BA77EAB040171FD40D96B9.d.88AA145DE89ED1C42107A0BF006D068B.e.741","ELEMENT":"f.AD023EB381BA77EAB040171FD40D96B9.d.88AA145DE89ED1C42107A0BF006D068B.e.741"}]}
COMMAND: POST /session/3fdde00e1aad0000c801fdda20f45a25/execute/async - {"script":"<script> [1562 bytes]","args":[{"selector":{"id":"application-manageyards-display-component---NewYard--addressNewCostObjectCstID-vhi"},"wdio_ui5_key":"applicationmanageyards-display-component---NewYard--addressNewCostObjectCstID-vhi"}]}
COMMAND: GET /session/3fdde00e1aad0000c801fdda20f45a25/screenshot - {}
RESULT: {"script":"<script> [1562 bytes]","args":[{"selector":{"id":"application-manageyards-display-component---NewYard--addressNewCostObjectCstID-vhi"},"wdio_ui5_key":"applicationmanageyards-display-component---NewYard--addressNewCostObjectCstID-vhi"}]}
RESULT: undefined
COMMAND: POST /session/3fdde00e1aad0000c801fdda20f45a25/element - {"using":"xpath","value":"//*[@id=\"application-manageyards-display-component---NewYard--addressNewCostObjectCstID-vhi\"]"}
RESULT: {}
RESULT: {"using":"xpath","value":"//*[@id=\"application-manageyards-display-component---NewYard--addressNewCostObjectCstID-vhi\"]"}
COMMAND: POST /session/3fdde00e1aad0000c801fdda20f45a25/element/f.AD023EB381BA77EAB040171FD40D96B9.d.88AA145DE89ED1C42107A0BF006D068B.e.741/click - {}
RESULT: {}
COMMAND: GET /session/3fdde00e1aad0000c801fdda20f45a25/screenshot - {}
RESULT: {}
COMMAND: POST /session/3fdde00e1aad0000c801fdda20f45a25/execute/async - {"script":"<script> [1562 bytes]","args":[{"selector":{"controlType":"sap.m.SearchField","properties":{"placeholder":"Search"},"searchOpenDialogs":true,"interaction":{"idSuffix":"I"}},"wdio_ui5_key":"sapm.SearchField{\"placeholder\":\"Search\"}"}]}
RESULT: {"script":"<script> [1562 bytes]","args":[{"selector":{"controlType":"sap.m.SearchField","properties":{"placeholder":"Search"},"searchOpenDialogs":true,"interaction":{"idSuffix":"I"}},"wdio_ui5_key":"sapm.SearchField{\"placeholder\":\"Search\"}"}]}
RESULT: undefined
COMMAND: POST /session/3fdde00e1aad0000c801fdda20f45a25/execute/async - {"script":"<script> [776 bytes]","args":[{"enterText":"bauh_b","selector":{"controlType":"sap.m.SearchField","properties":{"placeholder":"Search"},"searchOpenDialogs":true,"interaction":{"idSuffix":"I"}},"clearTextFirst":true,"interactionType":"ENTER_TEXT"}]}
RESULT: {"script":"<script> [776 bytes]","args":[{"enterText":"bauh_b","selector":{"controlType":"sap.m.SearchField","properties":{"placeholder":"Search"},"searchOpenDialogs":true,"interaction":{"idSuffix":"I"}},"clearTextFirst":true,"interactionType":"ENTER_TEXT"}]}
COMMAND: POST /session/3fdde00e1aad0000c801fdda20f45a25/actions - {"actions":[{"id":"action1","type":"key","parameters":{},"actions":[{"type":"keyDown","value":""},{"type":"pause","duration":10},{"type":"keyUp","value":""}]}]}
RESULT: {"actions":[{"id":"action1","type":"key","parameters":{},"actions":[{"type":"keyDown","value":""},{"type":"pause","duration":10},{"type":"keyUp","value":""}]}]}
COMMAND: GET /session/3fdde00e1aad0000c801fdda20f45a25/screenshot - {}
RESULT: {}
COMMAND: POST /session/3fdde00e1aad0000c801fdda20f45a25/element - {"using":"xpath","value":"//span[contains(text(), \"Demo Yard\")]"}
RESULT: {"using":"xpath","value":"//span[contains(text(), \"Demo Yard\")]"}
COMMAND: POST /session/3fdde00e1aad0000c801fdda20f45a25/element/f.AD023EB381BA77EAB040171FD40D96B9.d.88AA145DE89ED1C42107A0BF006D068B.e.782/click - {}
RESULT: {}
COMMAND: GET /session/3fdde00e1aad0000c801fdda20f45a25/screenshot - {}
RESULT: {}
COMMAND: POST /session/3fdde00e1aad0000c801fdda20f45a25/element - {"using":"xpath","value":"//bdi[contains(text(), \"OK\")]"}
RESULT: {"using":"xpath","value":"//bdi[contains(text(), \"OK\")]"}
COMMAND: POST /session/3fdde00e1aad0000c801fdda20f45a25/element/f.AD023EB381BA77EAB040171FD40D96B9.d.88AA145DE89ED1C42107A0BF006D068B.e.783/click - {}
RESULT: {}
COMMAND: GET /session/3fdde00e1aad0000c801fdda20f45a25/screenshot - {}
RESULT: {}
COMMAND: POST /session/3fdde00e1aad0000c801fdda20f45a25/execute/async - {"script":"<script> [1562 bytes]","args":[{"selector":{"id":"application-manageyards-display-component---NewYard--addressEditDetailsCurrency-arrow"},"wdio_ui5_key":"applicationmanageyards-display-component---NewYard--addressEditDetailsCurrency-arrow"}]}
RESULT: {"script":"<script> [1562 bytes]","args":[{"selector":{"id":"application-manageyards-display-component---NewYard--addressEditDetailsCurrency-arrow"},"wdio_ui5_key":"applicationmanageyards-display-component---NewYard--addressEditDetailsCurrency-arrow"}]}
RESULT: undefined
COMMAND: POST /session/3fdde00e1aad0000c801fdda20f45a25/element - {"using":"xpath","value":"//*[@id=\"application-manageyards-display-component---NewYard--addressEditDetailsCurrency-arrow\"]"}
RESULT: {"using":"xpath","value":"//*[@id=\"application-manageyards-display-component---NewYard--addressEditDetailsCurrency-arrow\"]"}
COMMAND: POST /session/3fdde00e1aad0000c801fdda20f45a25/element/f.AD023EB381BA77EAB040171FD40D96B9.d.88AA145DE89ED1C42107A0BF006D068B.e.786/click - {}
RESULT: {}
COMMAND: POST /session/3fdde00e1aad0000c801fdda20f45a25/element - {"using":"xpath","value":"//span[contains(text(), \"Euro\")]"}
COMMAND: GET /session/3fdde00e1aad0000c801fdda20f45a25/screenshot - {}
RESULT: {"using":"xpath","value":"//span[contains(text(), \"Euro\")]"}
COMMAND: POST /session/3fdde00e1aad0000c801fdda20f45a25/element/f.AD023EB381BA77EAB040171FD40D96B9.d.88AA145DE89ED1C42107A0BF006D068B.e.787/click - {}
RESULT: {}
RESULT: {}
COMMAND: POST /session/3fdde00e1aad0000c801fdda20f45a25/execute/async - {"script":"<script> [1562 bytes]","args":[{"selector":{"controlType":"sap.m.Input","viewName":"etm.portal.ui.manageyards.view.New","viewId":"application-manageyards-display-component---NewYard","bindingPath":{"path":"","propertyPath":"/CONTROLLING_AREA","modelName":"NewYardModel"},"interaction":{"idSuffix":"inner"}},"wdio_ui5_key":"etmportal.ui.manageyards.view.Newsap.m.Input{\"path\":\"\",\"propertyPath\":\"/CONTROLLING_AREA\",\"modelName\":\"NewYardModel\"}"}]}
COMMAND: GET /session/3fdde00e1aad0000c801fdda20f45a25/screenshot - {}
RESULT: {"script":"<script> [1562 bytes]","args":[{"selector":{"controlType":"sap.m.Input","viewName":"etm.portal.ui.manageyards.view.New","viewId":"application-manageyards-display-component---NewYard","bindingPath":{"path":"","propertyPath":"/CONTROLLING_AREA","modelName":"NewYardModel"},"interaction":{"idSuffix":"inner"}},"wdio_ui5_key":"etmportal.ui.manageyards.view.Newsap.m.Input{\"path\":\"\",\"propertyPath\":\"/CONTROLLING_AREA\",\"modelName\":\"NewYardModel\"}"}]}
RESULT: undefined
COMMAND: POST /session/3fdde00e1aad0000c801fdda20f45a25/execute/async - {"script":"<script> [776 bytes]","args":[{"enterText":"Z001","selector":{"controlType":"sap.m.Input","viewName":"etm.portal.ui.manageyards.view.New","viewId":"application-manageyards-display-component---NewYard","bindingPath":{"path":"","propertyPath":"/CONTROLLING_AREA","modelName":"NewYardModel"},"interaction":{"idSuffix":"inner"}},"clearTextFirst":true,"interactionType":"ENTER_TEXT"}]}
RESULT: {}
RESULT: {"script":"<script> [776 bytes]","args":[{"enterText":"Z001","selector":{"controlType":"sap.m.Input","viewName":"etm.portal.ui.manageyards.view.New","viewId":"application-manageyards-display-component---NewYard","bindingPath":{"path":"","propertyPath":"/CONTROLLING_AREA","modelName":"NewYardModel"},"interaction":{"idSuffix":"inner"}},"clearTextFirst":true,"interactionType":"ENTER_TEXT"}]}
COMMAND: POST /session/3fdde00e1aad0000c801fdda20f45a25/execute/async - {"script":"<script> [1562 bytes]","args":[{"selector":{"id":"application-manageyards-display-component---NewYard--companyCodeComboBox","interaction":{"idSuffix":"inner"}},"wdio_ui5_key":"applicationmanageyards-display-component---NewYard--companyCodeComboBox"}]}
RESULT: {"script":"<script> [1562 bytes]","args":[{"selector":{"id":"application-manageyards-display-component---NewYard--companyCodeComboBox","interaction":{"idSuffix":"inner"}},"wdio_ui5_key":"applicationmanageyards-display-component---NewYard--companyCodeComboBox"}]}
RESULT: undefined
COMMAND: POST /session/3fdde00e1aad0000c801fdda20f45a25/execute/async - {"script":"<script> [776 bytes]","args":[{"enterText":"1000","selector":{"id":"application-manageyards-display-component---NewYard--companyCodeComboBox","interaction":{"idSuffix":"inner"}},"clearTextFirst":true,"interactionType":"ENTER_TEXT"}]}
RESULT: {"script":"<script> [776 bytes]","args":[{"enterText":"1000","selector":{"id":"application-manageyards-display-component---NewYard--companyCodeComboBox","interaction":{"idSuffix":"inner"}},"clearTextFirst":true,"interactionType":"ENTER_TEXT"}]}
COMMAND: POST /session/3fdde00e1aad0000c801fdda20f45a25/execute/async - {"script":"<script> [1562 bytes]","args":[{"selector":{"controlType":"sap.m.Input","viewName":"etm.portal.ui.manageyards.view.New","viewId":"application-manageyards-display-component---NewYard","bindingPath":{"path":"","propertyPath":"/PLANT","modelName":"NewYardModel"},"interaction":{"idSuffix":"inner"}},"wdio_ui5_key":"etmportal.ui.manageyards.view.Newsap.m.Input{\"path\":\"\",\"propertyPath\":\"/PLANT\",\"modelName\":\"NewYardModel\"}"}]}
RESULT: {"script":"<script> [1562 bytes]","args":[{"selector":{"controlType":"sap.m.Input","viewName":"etm.portal.ui.manageyards.view.New","viewId":"application-manageyards-display-component---NewYard","bindingPath":{"path":"","propertyPath":"/PLANT","modelName":"NewYardModel"},"interaction":{"idSuffix":"inner"}},"wdio_ui5_key":"etmportal.ui.manageyards.view.Newsap.m.Input{\"path\":\"\",\"propertyPath\":\"/PLANT\",\"modelName\":\"NewYardModel\"}"}]}
RESULT: undefined
COMMAND: POST /session/3fdde00e1aad0000c801fdda20f45a25/execute/async - {"script":"<script> [776 bytes]","args":[{"enterText":"1001","selector":{"controlType":"sap.m.Input","viewName":"etm.portal.ui.manageyards.view.New","viewId":"application-manageyards-display-component---NewYard","bindingPath":{"path":"","propertyPath":"/PLANT","modelName":"NewYardModel"},"interaction":{"idSuffix":"inner"}},"clearTextFirst":true,"interactionType":"ENTER_TEXT"}]}
RESULT: {"script":"<script> [776 bytes]","args":[{"enterText":"1001","selector":{"controlType":"sap.m.Input","viewName":"etm.portal.ui.manageyards.view.New","viewId":"application-manageyards-display-component---NewYard","bindingPath":{"path":"","propertyPath":"/PLANT","modelName":"NewYardModel"},"interaction":{"idSuffix":"inner"}},"clearTextFirst":true,"interactionType":"ENTER_TEXT"}]}
COMMAND: POST /session/3fdde00e1aad0000c801fdda20f45a25/execute/async - {"script":"<script> [1562 bytes]","args":[{"selector":{"controlType":"sap.m.Input","viewName":"etm.portal.ui.manageyards.view.New","viewId":"application-manageyards-display-component---NewYard","bindingPath":{"path":"","propertyPath":"/SALES_AREA_VKORG","modelName":"NewYardModel"},"interaction":{"idSuffix":"inner"}},"wdio_ui5_key":"etmportal.ui.manageyards.view.Newsap.m.Input{\"path\":\"\",\"propertyPath\":\"/SALES_AREA_VKORG\",\"modelName\":\"NewYardModel\"}"}]}
RESULT: {"script":"<script> [1562 bytes]","args":[{"selector":{"controlType":"sap.m.Input","viewName":"etm.portal.ui.manageyards.view.New","viewId":"application-manageyards-display-component---NewYard","bindingPath":{"path":"","propertyPath":"/SALES_AREA_VKORG","modelName":"NewYardModel"},"interaction":{"idSuffix":"inner"}},"wdio_ui5_key":"etmportal.ui.manageyards.view.Newsap.m.Input{\"path\":\"\",\"propertyPath\":\"/SALES_AREA_VKORG\",\"modelName\":\"NewYardModel\"}"}]}
RESULT: undefined
COMMAND: POST /session/3fdde00e1aad0000c801fdda20f45a25/execute/async - {"script":"<script> [776 bytes]","args":[{"enterText":"C002","selector":{"controlType":"sap.m.Input","viewName":"etm.portal.ui.manageyards.view.New","viewId":"application-manageyards-display-component---NewYard","bindingPath":{"path":"","propertyPath":"/SALES_AREA_VKORG","modelName":"NewYardModel"},"interaction":{"idSuffix":"inner"}},"clearTextFirst":true,"interactionType":"ENTER_TEXT"}]}
RESULT: {"script":"<script> [776 bytes]","args":[{"enterText":"C002","selector":{"controlType":"sap.m.Input","viewName":"etm.portal.ui.manageyards.view.New","viewId":"application-manageyards-display-component---NewYard","bindingPath":{"path":"","propertyPath":"/SALES_AREA_VKORG","modelName":"NewYardModel"},"interaction":{"idSuffix":"inner"}},"clearTextFirst":true,"interactionType":"ENTER_TEXT"}]}
COMMAND: POST /session/3fdde00e1aad0000c801fdda20f45a25/execute/async - {"script":"<script> [1562 bytes]","args":[{"selector":{"controlType":"sap.m.Input","viewName":"etm.portal.ui.manageyards.view.New","viewId":"application-manageyards-display-component---NewYard","bindingPath":{"path":"","propertyPath":"/SALES_AREA_VTWEG","modelName":"NewYardModel"},"interaction":{"idSuffix":"inner"}},"wdio_ui5_key":"etmportal.ui.manageyards.view.Newsap.m.Input{\"path\":\"\",\"propertyPath\":\"/SALES_AREA_VTWEG\",\"modelName\":\"NewYardModel\"}"}]}
RESULT: {"script":"<script> [1562 bytes]","args":[{"selector":{"controlType":"sap.m.Input","viewName":"etm.portal.ui.manageyards.view.New","viewId":"application-manageyards-display-component---NewYard","bindingPath":{"path":"","propertyPath":"/SALES_AREA_VTWEG","modelName":"NewYardModel"},"interaction":{"idSuffix":"inner"}},"wdio_ui5_key":"etmportal.ui.manageyards.view.Newsap.m.Input{\"path\":\"\",\"propertyPath\":\"/SALES_AREA_VTWEG\",\"modelName\":\"NewYardModel\"}"}]}
RESULT: undefined
COMMAND: POST /session/3fdde00e1aad0000c801fdda20f45a25/execute/async - {"script":"<script> [776 bytes]","args":[{"enterText":"C2","selector":{"controlType":"sap.m.Input","viewName":"etm.portal.ui.manageyards.view.New","viewId":"application-manageyards-display-component---NewYard","bindingPath":{"path":"","propertyPath":"/SALES_AREA_VTWEG","modelName":"NewYardModel"},"interaction":{"idSuffix":"inner"}},"clearTextFirst":true,"interactionType":"ENTER_TEXT"}]}
RESULT: {"script":"<script> [776 bytes]","args":[{"enterText":"C2","selector":{"controlType":"sap.m.Input","viewName":"etm.portal.ui.manageyards.view.New","viewId":"application-manageyards-display-component---NewYard","bindingPath":{"path":"","propertyPath":"/SALES_AREA_VTWEG","modelName":"NewYardModel"},"interaction":{"idSuffix":"inner"}},"clearTextFirst":true,"interactionType":"ENTER_TEXT"}]}
COMMAND: POST /session/3fdde00e1aad0000c801fdda20f45a25/execute/async - {"script":"<script> [1562 bytes]","args":[{"selector":{"controlType":"sap.m.Input","viewName":"etm.portal.ui.manageyards.view.New","viewId":"application-manageyards-display-component---NewYard","bindingPath":{"path":"","propertyPath":"/SALES_AREA_SPART","modelName":"NewYardModel"},"interaction":{"idSuffix":"inner"}},"wdio_ui5_key":"etmportal.ui.manageyards.view.Newsap.m.Input{\"path\":\"\",\"propertyPath\":\"/SALES_AREA_SPART\",\"modelName\":\"NewYardModel\"}"}]}
RESULT: {"script":"<script> [1562 bytes]","args":[{"selector":{"controlType":"sap.m.Input","viewName":"etm.portal.ui.manageyards.view.New","viewId":"application-manageyards-display-component---NewYard","bindingPath":{"path":"","propertyPath":"/SALES_AREA_SPART","modelName":"NewYardModel"},"interaction":{"idSuffix":"inner"}},"wdio_ui5_key":"etmportal.ui.manageyards.view.Newsap.m.Input{\"path\":\"\",\"propertyPath\":\"/SALES_AREA_SPART\",\"modelName\":\"NewYardModel\"}"}]}
RESULT: undefined
COMMAND: POST /session/3fdde00e1aad0000c801fdda20f45a25/execute/async - {"script":"<script> [776 bytes]","args":[{"enterText":"C2","selector":{"controlType":"sap.m.Input","viewName":"etm.portal.ui.manageyards.view.New","viewId":"application-manageyards-display-component---NewYard","bindingPath":{"path":"","propertyPath":"/SALES_AREA_SPART","modelName":"NewYardModel"},"interaction":{"idSuffix":"inner"}},"clearTextFirst":true,"interactionType":"ENTER_TEXT"}]}
RESULT: {"script":"<script> [776 bytes]","args":[{"enterText":"C2","selector":{"controlType":"sap.m.Input","viewName":"etm.portal.ui.manageyards.view.New","viewId":"application-manageyards-display-component---NewYard","bindingPath":{"path":"","propertyPath":"/SALES_AREA_SPART","modelName":"NewYardModel"},"interaction":{"idSuffix":"inner"}},"clearTextFirst":true,"interactionType":"ENTER_TEXT"}]}
COMMAND: POST /session/3fdde00e1aad0000c801fdda20f45a25/execute/async - {"script":"<script> [1562 bytes]","args":[{"selector":{"controlType":"sap.m.Input","viewName":"etm.portal.ui.manageyards.view.New","viewId":"application-manageyards-display-component---NewYard","bindingPath":{"path":"","propertyPath":"/SHIP_POINT","modelName":"NewYardModel"},"interaction":{"idSuffix":"inner"}},"wdio_ui5_key":"etmportal.ui.manageyards.view.Newsap.m.Input{\"path\":\"\",\"propertyPath\":\"/SHIP_POINT\",\"modelName\":\"NewYardModel\"}"}]}
RESULT: {"script":"<script> [1562 bytes]","args":[{"selector":{"controlType":"sap.m.Input","viewName":"etm.portal.ui.manageyards.view.New","viewId":"application-manageyards-display-component---NewYard","bindingPath":{"path":"","propertyPath":"/SHIP_POINT","modelName":"NewYardModel"},"interaction":{"idSuffix":"inner"}},"wdio_ui5_key":"etmportal.ui.manageyards.view.Newsap.m.Input{\"path\":\"\",\"propertyPath\":\"/SHIP_POINT\",\"modelName\":\"NewYardModel\"}"}]}
RESULT: undefined
COMMAND: POST /session/3fdde00e1aad0000c801fdda20f45a25/execute/async - {"script":"<script> [776 bytes]","args":[{"enterText":"1710","selector":{"controlType":"sap.m.Input","viewName":"etm.portal.ui.manageyards.view.New","viewId":"application-manageyards-display-component---NewYard","bindingPath":{"path":"","propertyPath":"/SHIP_POINT","modelName":"NewYardModel"},"interaction":{"idSuffix":"inner"}},"clearTextFirst":true,"interactionType":"ENTER_TEXT"}]}
RESULT: {"script":"<script> [776 bytes]","args":[{"enterText":"1710","selector":{"controlType":"sap.m.Input","viewName":"etm.portal.ui.manageyards.view.New","viewId":"application-manageyards-display-component---NewYard","bindingPath":{"path":"","propertyPath":"/SHIP_POINT","modelName":"NewYardModel"},"interaction":{"idSuffix":"inner"}},"clearTextFirst":true,"interactionType":"ENTER_TEXT"}]}
COMMAND: POST /session/3fdde00e1aad0000c801fdda20f45a25/execute/async - {"script":"<script> [1562 bytes]","args":[{"selector":{"controlType":"sap.m.Input","viewName":"etm.portal.ui.manageyards.view.New","viewId":"application-manageyards-display-component---NewYard","bindingPath":{"path":"","propertyPath":"/DELIVERY_TYPE","modelName":"NewYardModel"},"interaction":{"idSuffix":"inner"}},"wdio_ui5_key":"etmportal.ui.manageyards.view.Newsap.m.Input{\"path\":\"\",\"propertyPath\":\"/DELIVERY_TYPE\",\"modelName\":\"NewYardModel\"}"}]}
RESULT: {"script":"<script> [1562 bytes]","args":[{"selector":{"controlType":"sap.m.Input","viewName":"etm.portal.ui.manageyards.view.New","viewId":"application-manageyards-display-component---NewYard","bindingPath":{"path":"","propertyPath":"/DELIVERY_TYPE","modelName":"NewYardModel"},"interaction":{"idSuffix":"inner"}},"wdio_ui5_key":"etmportal.ui.manageyards.view.Newsap.m.Input{\"path\":\"\",\"propertyPath\":\"/DELIVERY_TYPE\",\"modelName\":\"NewYardModel\"}"}]}
RESULT: undefined
COMMAND: POST /session/3fdde00e1aad0000c801fdda20f45a25/execute/async - {"script":"<script> [776 bytes]","args":[{"enterText":"ZL01","selector":{"controlType":"sap.m.Input","viewName":"etm.portal.ui.manageyards.view.New","viewId":"application-manageyards-display-component---NewYard","bindingPath":{"path":"","propertyPath":"/DELIVERY_TYPE","modelName":"NewYardModel"},"interaction":{"idSuffix":"inner"}},"clearTextFirst":true,"interactionType":"ENTER_TEXT"}]}
RESULT: {"script":"<script> [776 bytes]","args":[{"enterText":"ZL01","selector":{"controlType":"sap.m.Input","viewName":"etm.portal.ui.manageyards.view.New","viewId":"application-manageyards-display-component---NewYard","bindingPath":{"path":"","propertyPath":"/DELIVERY_TYPE","modelName":"NewYardModel"},"interaction":{"idSuffix":"inner"}},"clearTextFirst":true,"interactionType":"ENTER_TEXT"}]}
COMMAND: POST /session/3fdde00e1aad0000c801fdda20f45a25/execute/async - {"script":"<script> [1562 bytes]","args":[{"selector":{"controlType":"sap.m.Input","viewName":"etm.portal.ui.manageyards.view.New","viewId":"application-manageyards-display-component---NewYard","bindingPath":{"path":"","propertyPath":"/AUART","modelName":"NewYardModel"},"interaction":{"idSuffix":"inner"}},"wdio_ui5_key":"etmportal.ui.manageyards.view.Newsap.m.Input{\"path\":\"\",\"propertyPath\":\"/AUART\",\"modelName\":\"NewYardModel\"}"}]}
RESULT: {"script":"<script> [1562 bytes]","args":[{"selector":{"controlType":"sap.m.Input","viewName":"etm.portal.ui.manageyards.view.New","viewId":"application-manageyards-display-component---NewYard","bindingPath":{"path":"","propertyPath":"/AUART","modelName":"NewYardModel"},"interaction":{"idSuffix":"inner"}},"wdio_ui5_key":"etmportal.ui.manageyards.view.Newsap.m.Input{\"path\":\"\",\"propertyPath\":\"/AUART\",\"modelName\":\"NewYardModel\"}"}]}
RESULT: undefined
COMMAND: POST /session/3fdde00e1aad0000c801fdda20f45a25/execute/async - {"script":"<script> [776 bytes]","args":[{"enterText":"TA","selector":{"controlType":"sap.m.Input","viewName":"etm.portal.ui.manageyards.view.New","viewId":"application-manageyards-display-component---NewYard","bindingPath":{"path":"","propertyPath":"/AUART","modelName":"NewYardModel"},"interaction":{"idSuffix":"inner"}},"clearTextFirst":true,"interactionType":"ENTER_TEXT"}]}
RESULT: {"script":"<script> [776 bytes]","args":[{"enterText":"TA","selector":{"controlType":"sap.m.Input","viewName":"etm.portal.ui.manageyards.view.New","viewId":"application-manageyards-display-component---NewYard","bindingPath":{"path":"","propertyPath":"/AUART","modelName":"NewYardModel"},"interaction":{"idSuffix":"inner"}},"clearTextFirst":true,"interactionType":"ENTER_TEXT"}]}
COMMAND: POST /session/3fdde00e1aad0000c801fdda20f45a25/element - {"using":"xpath","value":"//button[@data-kt=\"newYardSaveButton\"]"}
RESULT: {"using":"xpath","value":"//button[@data-kt=\"newYardSaveButton\"]"}
COMMAND: POST /session/3fdde00e1aad0000c801fdda20f45a25/element/f.AD023EB381BA77EAB040171FD40D96B9.d.88AA145DE89ED1C42107A0BF006D068B.e.715/click - {}
RESULT: {}
COMMAND: GET /session/3fdde00e1aad0000c801fdda20f45a25/screenshot - {}
RESULT: {}
COMMAND: POST /session/3fdde00e1aad0000c801fdda20f45a25/element - {"using":"xpath","value":"//header[contains(@id, 'ObjectPageLayout-headerTitle')]/div[1]/div[2]/div[1]/span[1]"}
RESULT: {"using":"xpath","value":"//header[contains(@id, 'ObjectPageLayout-headerTitle')]/div[1]/div[2]/div[1]/span[1]"}
COMMAND: POST /session/3fdde00e1aad0000c801fdda20f45a25/elements - {"using":"xpath","value":"//header[contains(@id, 'ObjectPageLayout-headerTitle')]/div[1]/div[2]/div[1]/span[1]"}
RESULT: {"using":"xpath","value":"//header[contains(@id, 'ObjectPageLayout-headerTitle')]/div[1]/div[2]/div[1]/span[1]"}
COMMAND: POST /session/3fdde00e1aad0000c801fdda20f45a25/execute/sync - {"script":"<script> [56 bytes]","args":[{"element-6066-11e4-a52e-4f735466cecf":"f.AD023EB381BA77EAB040171FD40D96B9.d.88AA145DE89ED1C42107A0BF006D068B.e.1006","ELEMENT":"f.AD023EB381BA77EAB040171FD40D96B9.d.88AA145DE89ED1C42107A0BF006D068B.e.1006"}]}
RESULT: {"script":"<script> [56 bytes]","args":[{"element-6066-11e4-a52e-4f735466cecf":"f.AD023EB381BA77EAB040171FD40D96B9.d.88AA145DE89ED1C42107A0BF006D068B.e.1006","ELEMENT":"f.AD023EB381BA77EAB040171FD40D96B9.d.88AA145DE89ED1C42107A0BF006D068B.e.1006"}]}
COMMAND: GET /session/3fdde00e1aad0000c801fdda20f45a25/screenshot - {}
RESULT: {}
COMMAND: POST /session/3fdde00e1aad0000c801fdda20f45a25/element - {"using":"css selector","value":"#shell-header-logo"}
RESULT: {"using":"css selector","value":"#shell-header-logo"}
COMMAND: POST /session/3fdde00e1aad0000c801fdda20f45a25/element/f.AD023EB381BA77EAB040171FD40D96B9.d.88AA145DE89ED1C42107A0BF006D068B.e.269/click - {}
RESULT: {}
COMMAND: GET /session/3fdde00e1aad0000c801fdda20f45a25/screenshot - {}
RESULT: {}
COMMAND: POST /session/3fdde00e1aad0000c801fdda20f45a25/execute/sync - {"script":"<script> [299 bytes]","args":[["getModel","getResource"]]}
RESULT: {"script":"<script> [299 bytes]","args":[["getModel","getResource"]]}
]]></system-out>
    </testcase>
    <testcase classname="chrome.136_0_7103_93.windows.Tests_for_Mass_State_Change_on_Manage_States_&amp;_Performances_US104416_US" name="Prereq Should create a new partner" time="142.313">
      <system-out><![CDATA[
COMMAND: GET /session/3fdde00e1aad0000c801fdda20f45a25/screenshot - {}
COMMAND: POST /session/3fdde00e1aad0000c801fdda20f45a25/window/fullscreen - {}
RESULT: {}
RESULT: {}
COMMAND: POST /session/3fdde00e1aad0000c801fdda20f45a25/execute/async - {"script":"<script> [1562 bytes]","args":[{"selector":{"controlType":"sap.m.GenericTile","properties":{"header":"Manage Partners"}},"wdio_ui5_key":"sapm.GenericTile{\"header\":\"Manage Partners\"}"}]}
RESULT: {"script":"<script> [1562 bytes]","args":[{"selector":{"controlType":"sap.m.GenericTile","properties":{"header":"Manage Partners"}},"wdio_ui5_key":"sapm.GenericTile{\"header\":\"Manage Partners\"}"}]}
RESULT: undefined
COMMAND: POST /session/3fdde00e1aad0000c801fdda20f45a25/element - {"using":"xpath","value":"//*[@id=\"__tile38\"]"}
RESULT: {"using":"xpath","value":"//*[@id=\"__tile38\"]"}
COMMAND: POST /session/3fdde00e1aad0000c801fdda20f45a25/element/f.AD023EB381BA77EAB040171FD40D96B9.d.88AA145DE89ED1C42107A0BF006D068B.e.155/click - {}
RESULT: {}
COMMAND: GET /session/3fdde00e1aad0000c801fdda20f45a25/screenshot - {}
RESULT: {}
COMMAND: POST /session/3fdde00e1aad0000c801fdda20f45a25/elements - {"using":"xpath","value":"//span[text()='Error']"}
RESULT: {"using":"xpath","value":"//span[text()='Error']"}
COMMAND: POST /session/3fdde00e1aad0000c801fdda20f45a25/element - {"using":"xpath","value":"//button[@data-kt=\"addButton\"]"}
RESULT: {"using":"xpath","value":"//button[@data-kt=\"addButton\"]"}
COMMAND: POST /session/3fdde00e1aad0000c801fdda20f45a25/elements - {"using":"xpath","value":"//button[@data-kt=\"addButton\"]"}
RESULT: {"using":"xpath","value":"//button[@data-kt=\"addButton\"]"}
COMMAND: POST /session/3fdde00e1aad0000c801fdda20f45a25/elements - {"using":"xpath","value":"//button[@data-kt=\"addButton\"]"}
RESULT: {"using":"xpath","value":"//button[@data-kt=\"addButton\"]"}
COMMAND: POST /session/3fdde00e1aad0000c801fdda20f45a25/element - {"using":"xpath","value":"//button[@data-kt=\"addButton\"]"}
RESULT: {"using":"xpath","value":"//button[@data-kt=\"addButton\"]"}
COMMAND: POST /session/3fdde00e1aad0000c801fdda20f45a25/execute/sync - {"script":"<script> [8489 bytes]","args":[{"element-6066-11e4-a52e-4f735466cecf":"f.AD023EB381BA77EAB040171FD40D96B9.d.88AA145DE89ED1C42107A0BF006D068B.e.1056","ELEMENT":"f.AD023EB381BA77EAB040171FD40D96B9.d.88AA145DE89ED1C42107A0BF006D068B.e.1056"}]}
RESULT: {"script":"<script> [8489 bytes]","args":[{"element-6066-11e4-a52e-4f735466cecf":"f.AD023EB381BA77EAB040171FD40D96B9.d.88AA145DE89ED1C42107A0BF006D068B.e.1056","ELEMENT":"f.AD023EB381BA77EAB040171FD40D96B9.d.88AA145DE89ED1C42107A0BF006D068B.e.1056"}]}
COMMAND: GET /session/3fdde00e1aad0000c801fdda20f45a25/element/f.AD023EB381BA77EAB040171FD40D96B9.d.88AA145DE89ED1C42107A0BF006D068B.e.1056/enabled - {}
COMMAND: GET /session/3fdde00e1aad0000c801fdda20f45a25/screenshot - {}
RESULT: {}
COMMAND: POST /session/3fdde00e1aad0000c801fdda20f45a25/execute/sync - {"script":"<script> [8489 bytes]","args":[{"element-6066-11e4-a52e-4f735466cecf":"f.AD023EB381BA77EAB040171FD40D96B9.d.88AA145DE89ED1C42107A0BF006D068B.e.1056","ELEMENT":"f.AD023EB381BA77EAB040171FD40D96B9.d.88AA145DE89ED1C42107A0BF006D068B.e.1056"}]}
COMMAND: GET /session/3fdde00e1aad0000c801fdda20f45a25/screenshot - {}
RESULT: {}
RESULT: {}
RESULT: {"script":"<script> [8489 bytes]","args":[{"element-6066-11e4-a52e-4f735466cecf":"f.AD023EB381BA77EAB040171FD40D96B9.d.88AA145DE89ED1C42107A0BF006D068B.e.1056","ELEMENT":"f.AD023EB381BA77EAB040171FD40D96B9.d.88AA145DE89ED1C42107A0BF006D068B.e.1056"}]}
COMMAND: POST /session/3fdde00e1aad0000c801fdda20f45a25/execute/sync - {"script":"<script> [5351 bytes]","args":[{"element-6066-11e4-a52e-4f735466cecf":"f.AD023EB381BA77EAB040171FD40D96B9.d.88AA145DE89ED1C42107A0BF006D068B.e.1056","ELEMENT":"f.AD023EB381BA77EAB040171FD40D96B9.d.88AA145DE89ED1C42107A0BF006D068B.e.1056"}]}
COMMAND: GET /session/3fdde00e1aad0000c801fdda20f45a25/screenshot - {}
RESULT: {"script":"<script> [5351 bytes]","args":[{"element-6066-11e4-a52e-4f735466cecf":"f.AD023EB381BA77EAB040171FD40D96B9.d.88AA145DE89ED1C42107A0BF006D068B.e.1056","ELEMENT":"f.AD023EB381BA77EAB040171FD40D96B9.d.88AA145DE89ED1C42107A0BF006D068B.e.1056"}]}
COMMAND: POST /session/3fdde00e1aad0000c801fdda20f45a25/element/f.AD023EB381BA77EAB040171FD40D96B9.d.88AA145DE89ED1C42107A0BF006D068B.e.1056/click - {}
COMMAND: GET /session/3fdde00e1aad0000c801fdda20f45a25/screenshot - {}
RESULT: {}
RESULT: {}
COMMAND: GET /session/3fdde00e1aad0000c801fdda20f45a25/screenshot - {}
COMMAND: POST /session/3fdde00e1aad0000c801fdda20f45a25/execute/async - {"script":"<script> [1562 bytes]","args":[{"selector":{"id":"application-managepartners-display-component---NewPartner--addressDetailDetailsName1","interaction":{"idSuffix":"inner"}},"wdio_ui5_key":"applicationmanagepartners-display-component---NewPartner--addressDetailDetailsName1"}]}
RESULT: {}
RESULT: {}
RESULT: {"script":"<script> [1562 bytes]","args":[{"selector":{"id":"application-managepartners-display-component---NewPartner--addressDetailDetailsName1","interaction":{"idSuffix":"inner"}},"wdio_ui5_key":"applicationmanagepartners-display-component---NewPartner--addressDetailDetailsName1"}]}
RESULT: undefined
COMMAND: POST /session/3fdde00e1aad0000c801fdda20f45a25/execute/async - {"script":"<script> [776 bytes]","args":[{"enterText":"Intracompany Partner WDIO","selector":{"id":"application-managepartners-display-component---NewPartner--addressDetailDetailsName1","interaction":{"idSuffix":"inner"}},"clearTextFirst":true,"interactionType":"ENTER_TEXT"}]}
RESULT: {"script":"<script> [776 bytes]","args":[{"enterText":"Intracompany Partner WDIO","selector":{"id":"application-managepartners-display-component---NewPartner--addressDetailDetailsName1","interaction":{"idSuffix":"inner"}},"clearTextFirst":true,"interactionType":"ENTER_TEXT"}]}
COMMAND: POST /session/3fdde00e1aad0000c801fdda20f45a25/execute/async - {"script":"<script> [1562 bytes]","args":[{"selector":{"id":"application-managepartners-display-component---NewPartner--addressDetailDetailsLanguage-arrow"},"wdio_ui5_key":"applicationmanagepartners-display-component---NewPartner--addressDetailDetailsLanguage-arrow"}]}
RESULT: {"script":"<script> [1562 bytes]","args":[{"selector":{"id":"application-managepartners-display-component---NewPartner--addressDetailDetailsLanguage-arrow"},"wdio_ui5_key":"applicationmanagepartners-display-component---NewPartner--addressDetailDetailsLanguage-arrow"}]}
RESULT: undefined
COMMAND: POST /session/3fdde00e1aad0000c801fdda20f45a25/element - {"using":"xpath","value":"//*[@id=\"application-managepartners-display-component---NewPartner--addressDetailDetailsLanguage-arrow\"]"}
RESULT: {"using":"xpath","value":"//*[@id=\"application-managepartners-display-component---NewPartner--addressDetailDetailsLanguage-arrow\"]"}
COMMAND: POST /session/3fdde00e1aad0000c801fdda20f45a25/element/f.AD023EB381BA77EAB040171FD40D96B9.d.88AA145DE89ED1C42107A0BF006D068B.e.1491/click - {}
RESULT: {}
COMMAND: POST /session/3fdde00e1aad0000c801fdda20f45a25/element - {"using":"xpath","value":"//span[contains(text(), \"English\")]"}
COMMAND: GET /session/3fdde00e1aad0000c801fdda20f45a25/screenshot - {}
RESULT: {"using":"xpath","value":"//span[contains(text(), \"English\")]"}
COMMAND: POST /session/3fdde00e1aad0000c801fdda20f45a25/element/f.AD023EB381BA77EAB040171FD40D96B9.d.88AA145DE89ED1C42107A0BF006D068B.e.1492/click - {}
RESULT: {}
RESULT: {}
COMMAND: GET /session/3fdde00e1aad0000c801fdda20f45a25/screenshot - {}
RESULT: {}
COMMAND: POST /session/3fdde00e1aad0000c801fdda20f45a25/execute/async - {"script":"<script> [1562 bytes]","args":[{"selector":{"id":"application-managepartners-display-component---NewPartner--addressDetailDetailsCity1","interaction":{"idSuffix":"inner"}},"wdio_ui5_key":"applicationmanagepartners-display-component---NewPartner--addressDetailDetailsCity1"}]}
RESULT: {"script":"<script> [1562 bytes]","args":[{"selector":{"id":"application-managepartners-display-component---NewPartner--addressDetailDetailsCity1","interaction":{"idSuffix":"inner"}},"wdio_ui5_key":"applicationmanagepartners-display-component---NewPartner--addressDetailDetailsCity1"}]}
RESULT: undefined
COMMAND: POST /session/3fdde00e1aad0000c801fdda20f45a25/execute/async - {"script":"<script> [776 bytes]","args":[{"enterText":"Rosario","selector":{"id":"application-managepartners-display-component---NewPartner--addressDetailDetailsCity1","interaction":{"idSuffix":"inner"}},"clearTextFirst":true,"interactionType":"ENTER_TEXT"}]}
RESULT: {"script":"<script> [776 bytes]","args":[{"enterText":"Rosario","selector":{"id":"application-managepartners-display-component---NewPartner--addressDetailDetailsCity1","interaction":{"idSuffix":"inner"}},"clearTextFirst":true,"interactionType":"ENTER_TEXT"}]}
COMMAND: POST /session/3fdde00e1aad0000c801fdda20f45a25/execute/async - {"script":"<script> [1562 bytes]","args":[{"selector":{"id":"application-managepartners-display-component---NewPartner--addressDetailDetailsCountry-arrow"},"wdio_ui5_key":"applicationmanagepartners-display-component---NewPartner--addressDetailDetailsCountry-arrow"}]}
RESULT: {"script":"<script> [1562 bytes]","args":[{"selector":{"id":"application-managepartners-display-component---NewPartner--addressDetailDetailsCountry-arrow"},"wdio_ui5_key":"applicationmanagepartners-display-component---NewPartner--addressDetailDetailsCountry-arrow"}]}
RESULT: undefined
COMMAND: POST /session/3fdde00e1aad0000c801fdda20f45a25/element - {"using":"xpath","value":"//*[@id=\"application-managepartners-display-component---NewPartner--addressDetailDetailsCountry-arrow\"]"}
RESULT: {"using":"xpath","value":"//*[@id=\"application-managepartners-display-component---NewPartner--addressDetailDetailsCountry-arrow\"]"}
COMMAND: POST /session/3fdde00e1aad0000c801fdda20f45a25/element/f.AD023EB381BA77EAB040171FD40D96B9.d.88AA145DE89ED1C42107A0BF006D068B.e.1477/click - {}
RESULT: {}
COMMAND: POST /session/3fdde00e1aad0000c801fdda20f45a25/element - {"using":"xpath","value":"//span[contains(text(), \"Argentina\")]"}
COMMAND: GET /session/3fdde00e1aad0000c801fdda20f45a25/screenshot - {}
RESULT: {"using":"xpath","value":"//span[contains(text(), \"Argentina\")]"}
COMMAND: POST /session/3fdde00e1aad0000c801fdda20f45a25/element/f.AD023EB381BA77EAB040171FD40D96B9.d.88AA145DE89ED1C42107A0BF006D068B.e.1494/click - {}
RESULT: {}
RESULT: {}
COMMAND: GET /session/3fdde00e1aad0000c801fdda20f45a25/screenshot - {}
RESULT: {}
COMMAND: POST /session/3fdde00e1aad0000c801fdda20f45a25/element - {"using":"xpath","value":"//bdi[contains(text(), \"Commercial\")]"}
RESULT: {"using":"xpath","value":"//bdi[contains(text(), \"Commercial\")]"}
COMMAND: POST /session/3fdde00e1aad0000c801fdda20f45a25/element/f.AD023EB381BA77EAB040171FD40D96B9.d.88AA145DE89ED1C42107A0BF006D068B.e.1495/click - {}
RESULT: {}
COMMAND: GET /session/3fdde00e1aad0000c801fdda20f45a25/screenshot - {}
RESULT: {}
COMMAND: POST /session/3fdde00e1aad0000c801fdda20f45a25/execute/async - {"script":"<script> [1562 bytes]","args":[{"selector":{"id":"application-managepartners-display-component---NewPartner--partnerDetailInternal-arrow"},"wdio_ui5_key":"applicationmanagepartners-display-component---NewPartner--partnerDetailInternal-arrow"}]}
RESULT: {"script":"<script> [1562 bytes]","args":[{"selector":{"id":"application-managepartners-display-component---NewPartner--partnerDetailInternal-arrow"},"wdio_ui5_key":"applicationmanagepartners-display-component---NewPartner--partnerDetailInternal-arrow"}]}
RESULT: undefined
COMMAND: POST /session/3fdde00e1aad0000c801fdda20f45a25/element - {"using":"xpath","value":"//*[@id=\"application-managepartners-display-component---NewPartner--partnerDetailInternal-arrow\"]"}
RESULT: {"using":"xpath","value":"//*[@id=\"application-managepartners-display-component---NewPartner--partnerDetailInternal-arrow\"]"}
COMMAND: POST /session/3fdde00e1aad0000c801fdda20f45a25/element/f.AD023EB381BA77EAB040171FD40D96B9.d.88AA145DE89ED1C42107A0BF006D068B.e.1501/click - {}
RESULT: {}
COMMAND: POST /session/3fdde00e1aad0000c801fdda20f45a25/element - {"using":"xpath","value":"//span[contains(text(), \"Affiliated company\")]"}
COMMAND: GET /session/3fdde00e1aad0000c801fdda20f45a25/screenshot - {}
RESULT: {"using":"xpath","value":"//span[contains(text(), \"Affiliated company\")]"}
COMMAND: POST /session/3fdde00e1aad0000c801fdda20f45a25/element/f.AD023EB381BA77EAB040171FD40D96B9.d.88AA145DE89ED1C42107A0BF006D068B.e.1504/click - {}
RESULT: {}
RESULT: {}
COMMAND: POST /session/3fdde00e1aad0000c801fdda20f45a25/execute/async - {"script":"<script> [1562 bytes]","args":[{"selector":{"id":"application-managepartners-display-component---NewPartner--partnerDetailsCurrency-arrow"},"wdio_ui5_key":"applicationmanagepartners-display-component---NewPartner--partnerDetailsCurrency-arrow"}]}
COMMAND: GET /session/3fdde00e1aad0000c801fdda20f45a25/screenshot - {}
RESULT: {"script":"<script> [1562 bytes]","args":[{"selector":{"id":"application-managepartners-display-component---NewPartner--partnerDetailsCurrency-arrow"},"wdio_ui5_key":"applicationmanagepartners-display-component---NewPartner--partnerDetailsCurrency-arrow"}]}
RESULT: undefined
COMMAND: POST /session/3fdde00e1aad0000c801fdda20f45a25/element - {"using":"xpath","value":"//*[@id=\"application-managepartners-display-component---NewPartner--partnerDetailsCurrency-arrow\"]"}
RESULT: {}
RESULT: {"using":"xpath","value":"//*[@id=\"application-managepartners-display-component---NewPartner--partnerDetailsCurrency-arrow\"]"}
COMMAND: POST /session/3fdde00e1aad0000c801fdda20f45a25/element/f.AD023EB381BA77EAB040171FD40D96B9.d.88AA145DE89ED1C42107A0BF006D068B.e.1511/click - {}
RESULT: {}
COMMAND: POST /session/3fdde00e1aad0000c801fdda20f45a25/element - {"using":"xpath","value":"//span[contains(text(), \"Euro\")]"}
COMMAND: GET /session/3fdde00e1aad0000c801fdda20f45a25/screenshot - {}
RESULT: {"using":"xpath","value":"//span[contains(text(), \"Euro\")]"}
COMMAND: POST /session/3fdde00e1aad0000c801fdda20f45a25/element/f.AD023EB381BA77EAB040171FD40D96B9.d.88AA145DE89ED1C42107A0BF006D068B.e.1512/click - {}
RESULT: {}
RESULT: {}
COMMAND: POST /session/3fdde00e1aad0000c801fdda20f45a25/execute/async - {"script":"<script> [1562 bytes]","args":[{"selector":{"id":"application-managepartners-display-component---NewPartner--addressEditDetailsCostObjectCstType-arrow"},"wdio_ui5_key":"applicationmanagepartners-display-component---NewPartner--addressEditDetailsCostObjectCstType-arrow"}]}
COMMAND: GET /session/3fdde00e1aad0000c801fdda20f45a25/screenshot - {}
RESULT: {"script":"<script> [1562 bytes]","args":[{"selector":{"id":"application-managepartners-display-component---NewPartner--addressEditDetailsCostObjectCstType-arrow"},"wdio_ui5_key":"applicationmanagepartners-display-component---NewPartner--addressEditDetailsCostObjectCstType-arrow"}]}
RESULT: undefined
COMMAND: POST /session/3fdde00e1aad0000c801fdda20f45a25/element - {"using":"xpath","value":"//*[@id=\"application-managepartners-display-component---NewPartner--addressEditDetailsCostObjectCstType-arrow\"]"}
RESULT: {}
RESULT: {"using":"xpath","value":"//*[@id=\"application-managepartners-display-component---NewPartner--addressEditDetailsCostObjectCstType-arrow\"]"}
COMMAND: POST /session/3fdde00e1aad0000c801fdda20f45a25/element/f.AD023EB381BA77EAB040171FD40D96B9.d.88AA145DE89ED1C42107A0BF006D068B.e.1513/click - {}
RESULT: {}
COMMAND: POST /session/3fdde00e1aad0000c801fdda20f45a25/element - {"using":"xpath","value":"//span[contains(text(), \"Cost Center\")]"}
COMMAND: GET /session/3fdde00e1aad0000c801fdda20f45a25/screenshot - {}
RESULT: {"using":"xpath","value":"//span[contains(text(), \"Cost Center\")]"}
COMMAND: POST /session/3fdde00e1aad0000c801fdda20f45a25/element/f.AD023EB381BA77EAB040171FD40D96B9.d.88AA145DE89ED1C42107A0BF006D068B.e.1514/click - {}
RESULT: {}
RESULT: {}
COMMAND: GET /session/3fdde00e1aad0000c801fdda20f45a25/screenshot - {}
RESULT: {}
COMMAND: POST /session/3fdde00e1aad0000c801fdda20f45a25/element - {"using":"xpath","value":"//span[@id=\"application-managepartners-display-component---NewPartner--addressNewCostObjectCstID-vhi\"]"}
RESULT: {"using":"xpath","value":"//span[@id=\"application-managepartners-display-component---NewPartner--addressNewCostObjectCstID-vhi\"]"}
COMMAND: POST /session/3fdde00e1aad0000c801fdda20f45a25/execute/sync - {"script":"<script> [8489 bytes]","args":[{"element-6066-11e4-a52e-4f735466cecf":"f.AD023EB381BA77EAB040171FD40D96B9.d.88AA145DE89ED1C42107A0BF006D068B.e.1518","ELEMENT":"f.AD023EB381BA77EAB040171FD40D96B9.d.88AA145DE89ED1C42107A0BF006D068B.e.1518"}]}
RESULT: {"script":"<script> [8489 bytes]","args":[{"element-6066-11e4-a52e-4f735466cecf":"f.AD023EB381BA77EAB040171FD40D96B9.d.88AA145DE89ED1C42107A0BF006D068B.e.1518","ELEMENT":"f.AD023EB381BA77EAB040171FD40D96B9.d.88AA145DE89ED1C42107A0BF006D068B.e.1518"}]}
COMMAND: POST /session/3fdde00e1aad0000c801fdda20f45a25/execute/async - {"script":"<script> [1562 bytes]","args":[{"selector":{"id":"application-managepartners-display-component---NewPartner--addressNewCostObjectCstID-vhi"},"wdio_ui5_key":"applicationmanagepartners-display-component---NewPartner--addressNewCostObjectCstID-vhi"}]}
COMMAND: GET /session/3fdde00e1aad0000c801fdda20f45a25/screenshot - {}
RESULT: {"script":"<script> [1562 bytes]","args":[{"selector":{"id":"application-managepartners-display-component---NewPartner--addressNewCostObjectCstID-vhi"},"wdio_ui5_key":"applicationmanagepartners-display-component---NewPartner--addressNewCostObjectCstID-vhi"}]}
RESULT: undefined
COMMAND: POST /session/3fdde00e1aad0000c801fdda20f45a25/element - {"using":"xpath","value":"//*[@id=\"application-managepartners-display-component---NewPartner--addressNewCostObjectCstID-vhi\"]"}
RESULT: {}
RESULT: {"using":"xpath","value":"//*[@id=\"application-managepartners-display-component---NewPartner--addressNewCostObjectCstID-vhi\"]"}
COMMAND: POST /session/3fdde00e1aad0000c801fdda20f45a25/element/f.AD023EB381BA77EAB040171FD40D96B9.d.88AA145DE89ED1C42107A0BF006D068B.e.1518/click - {}
RESULT: {}
COMMAND: GET /session/3fdde00e1aad0000c801fdda20f45a25/screenshot - {}
RESULT: {}
RESULT: undefined
COMMAND: POST /session/3fdde00e1aad0000c801fdda20f45a25/execute/async - {"script":"<script> [776 bytes]","args":[{"enterText":"10001013","selector":{"controlType":"sap.m.SearchField","properties":{"placeholder":"Search"},"searchOpenDialogs":true,"interaction":{"idSuffix":"I"}},"clearTextFirst":true,"interactionType":"ENTER_TEXT"}]}
RESULT: {"script":"<script> [776 bytes]","args":[{"enterText":"10001013","selector":{"controlType":"sap.m.SearchField","properties":{"placeholder":"Search"},"searchOpenDialogs":true,"interaction":{"idSuffix":"I"}},"clearTextFirst":true,"interactionType":"ENTER_TEXT"}]}
COMMAND: POST /session/3fdde00e1aad0000c801fdda20f45a25/actions - {"actions":[{"id":"action2","type":"key","parameters":{},"actions":[{"type":"keyDown","value":""},{"type":"pause","duration":10},{"type":"keyUp","value":""}]}]}
RESULT: {"actions":[{"id":"action2","type":"key","parameters":{},"actions":[{"type":"keyDown","value":""},{"type":"pause","duration":10},{"type":"keyUp","value":""}]}]}
COMMAND: GET /session/3fdde00e1aad0000c801fdda20f45a25/screenshot - {}
RESULT: {}
COMMAND: POST /session/3fdde00e1aad0000c801fdda20f45a25/element - {"using":"xpath","value":"//span[contains(text(), \"General Management\")]"}
RESULT: {"using":"xpath","value":"//span[contains(text(), \"General Management\")]"}
COMMAND: POST /session/3fdde00e1aad0000c801fdda20f45a25/element/f.AD023EB381BA77EAB040171FD40D96B9.d.88AA145DE89ED1C42107A0BF006D068B.e.1558/click - {}
RESULT: {}
COMMAND: GET /session/3fdde00e1aad0000c801fdda20f45a25/screenshot - {}
RESULT: {}
COMMAND: POST /session/3fdde00e1aad0000c801fdda20f45a25/element - {"using":"xpath","value":"//bdi[contains(text(), \"OK\")]"}
RESULT: {"using":"xpath","value":"//bdi[contains(text(), \"OK\")]"}
COMMAND: POST /session/3fdde00e1aad0000c801fdda20f45a25/element/f.AD023EB381BA77EAB040171FD40D96B9.d.88AA145DE89ED1C42107A0BF006D068B.e.1559/click - {}
RESULT: {}
COMMAND: GET /session/3fdde00e1aad0000c801fdda20f45a25/screenshot - {}
RESULT: {}
COMMAND: POST /session/3fdde00e1aad0000c801fdda20f45a25/element - {"using":"xpath","value":"//input[@id=\"application-managepartners-display-component---NewPartner--companyCodeComboBox-inner\"]"}
RESULT: {"using":"xpath","value":"//input[@id=\"application-managepartners-display-component---NewPartner--companyCodeComboBox-inner\"]"}
COMMAND: POST /session/3fdde00e1aad0000c801fdda20f45a25/element/f.AD023EB381BA77EAB040171FD40D96B9.d.88AA145DE89ED1C42107A0BF006D068B.e.1357/clear - {}
RESULT: {}
COMMAND: POST /session/3fdde00e1aad0000c801fdda20f45a25/element/f.AD023EB381BA77EAB040171FD40D96B9.d.88AA145DE89ED1C42107A0BF006D068B.e.1357/value - {"text":"1000"}
COMMAND: GET /session/3fdde00e1aad0000c801fdda20f45a25/screenshot - {}
RESULT: {"text":"1000"}
COMMAND: GET /session/3fdde00e1aad0000c801fdda20f45a25/screenshot - {}
RESULT: {}
RESULT: {}
COMMAND: POST /session/3fdde00e1aad0000c801fdda20f45a25/element - {"using":"xpath","value":"//li[.//span[text()= \"1000\"]]"}
RESULT: {"using":"xpath","value":"//li[.//span[text()= \"1000\"]]"}
COMMAND: POST /session/3fdde00e1aad0000c801fdda20f45a25/element/f.AD023EB381BA77EAB040171FD40D96B9.d.88AA145DE89ED1C42107A0BF006D068B.e.1565/click - {}
RESULT: {}
COMMAND: GET /session/3fdde00e1aad0000c801fdda20f45a25/screenshot - {}
RESULT: {}
COMMAND: POST /session/3fdde00e1aad0000c801fdda20f45a25/execute/async - {"script":"<script> [1562 bytes]","args":[{"selector":{"id":"application-managepartners-display-component---NewPartner--btnAddTableRow-img"},"wdio_ui5_key":"applicationmanagepartners-display-component---NewPartner--btnAddTableRow-img"}]}
RESULT: {"script":"<script> [1562 bytes]","args":[{"selector":{"id":"application-managepartners-display-component---NewPartner--btnAddTableRow-img"},"wdio_ui5_key":"applicationmanagepartners-display-component---NewPartner--btnAddTableRow-img"}]}
RESULT: undefined
COMMAND: POST /session/3fdde00e1aad0000c801fdda20f45a25/element - {"using":"xpath","value":"//*[@id=\"application-managepartners-display-component---NewPartner--btnAddTableRow-img\"]"}
RESULT: {"using":"xpath","value":"//*[@id=\"application-managepartners-display-component---NewPartner--btnAddTableRow-img\"]"}
COMMAND: POST /session/3fdde00e1aad0000c801fdda20f45a25/element/f.AD023EB381BA77EAB040171FD40D96B9.d.88AA145DE89ED1C42107A0BF006D068B.e.1566/click - {}
RESULT: {}
COMMAND: GET /session/3fdde00e1aad0000c801fdda20f45a25/screenshot - {}
RESULT: {}
COMMAND: POST /session/3fdde00e1aad0000c801fdda20f45a25/element - {"using":"xpath","value":"//input[@id=\"application-managepartners-display-component---NewPartner--assignmentYard-application-managepartners-display-component---NewPartner--assignmentsTable-0-inner\"]"}
RESULT: {"using":"xpath","value":"//input[@id=\"application-managepartners-display-component---NewPartner--assignmentYard-application-managepartners-display-component---NewPartner--assignmentsTable-0-inner\"]"}
COMMAND: POST /session/3fdde00e1aad0000c801fdda20f45a25/element/f.AD023EB381BA77EAB040171FD40D96B9.d.88AA145DE89ED1C42107A0BF006D068B.e.1569/clear - {}
RESULT: {}
COMMAND: POST /session/3fdde00e1aad0000c801fdda20f45a25/element/f.AD023EB381BA77EAB040171FD40D96B9.d.88AA145DE89ED1C42107A0BF006D068B.e.1569/value - {"text":"564"}
COMMAND: GET /session/3fdde00e1aad0000c801fdda20f45a25/screenshot - {}
RESULT: {"text":"564"}
COMMAND: GET /session/3fdde00e1aad0000c801fdda20f45a25/screenshot - {}
RESULT: {}
RESULT: {}
COMMAND: POST /session/3fdde00e1aad0000c801fdda20f45a25/element - {"using":"xpath","value":"//li[.//span[text()='564']]"}
RESULT: {"using":"xpath","value":"//li[.//span[text()='564']]"}
COMMAND: POST /session/3fdde00e1aad0000c801fdda20f45a25/element/f.AD023EB381BA77EAB040171FD40D96B9.d.88AA145DE89ED1C42107A0BF006D068B.e.1578/click - {}
RESULT: {}
COMMAND: GET /session/3fdde00e1aad0000c801fdda20f45a25/screenshot - {}
RESULT: {}
COMMAND: POST /session/3fdde00e1aad0000c801fdda20f45a25/actions - {"actions":[{"id":"action3","type":"key","parameters":{},"actions":[{"type":"keyDown","value":""},{"type":"pause","duration":10},{"type":"keyUp","value":""}]}]}
RESULT: {"actions":[{"id":"action3","type":"key","parameters":{},"actions":[{"type":"keyDown","value":""},{"type":"pause","duration":10},{"type":"keyUp","value":""}]}]}
COMMAND: POST /session/3fdde00e1aad0000c801fdda20f45a25/execute/async - {"script":"<script> [1562 bytes]","args":[{"selector":{"id":"application-managepartners-display-component---NewPartner--externalCustomerComboBox-application-managepartners-display-component---NewPartner--assignmentsTable-0-vhi"},"wdio_ui5_key":"applicationmanagepartners-display-component---NewPartner--externalCustomerComboBox-application-managepartners-display-component---NewPartner--assignmentsTable-0-vhi"}]}
COMMAND: GET /session/3fdde00e1aad0000c801fdda20f45a25/screenshot - {}
RESULT: {"script":"<script> [1562 bytes]","args":[{"selector":{"id":"application-managepartners-display-component---NewPartner--externalCustomerComboBox-application-managepartners-display-component---NewPartner--assignmentsTable-0-vhi"},"wdio_ui5_key":"applicationmanagepartners-display-component---NewPartner--externalCustomerComboBox-application-managepartners-display-component---NewPartner--assignmentsTable-0-vhi"}]}
RESULT: undefined
COMMAND: POST /session/3fdde00e1aad0000c801fdda20f45a25/element - {"using":"xpath","value":"//*[@id=\"application-managepartners-display-component---NewPartner--externalCustomerComboBox-application-managepartners-display-component---NewPartner--assignmentsTable-0-vhi\"]"}
RESULT: {}
RESULT: {"using":"xpath","value":"//*[@id=\"application-managepartners-display-component---NewPartner--externalCustomerComboBox-application-managepartners-display-component---NewPartner--assignmentsTable-0-vhi\"]"}
COMMAND: POST /session/3fdde00e1aad0000c801fdda20f45a25/element/f.AD023EB381BA77EAB040171FD40D96B9.d.88AA145DE89ED1C42107A0BF006D068B.e.1582/click - {}
RESULT: {}
RESULT: undefined
COMMAND: POST /session/3fdde00e1aad0000c801fdda20f45a25/execute/async - {"script":"<script> [776 bytes]","args":[{"enterText":"300003","selector":{"controlType":"sap.m.SearchField","properties":{"placeholder":"Search"},"searchOpenDialogs":true,"interaction":{"idSuffix":"I"}},"clearTextFirst":true,"interactionType":"ENTER_TEXT"}]}
COMMAND: GET /session/3fdde00e1aad0000c801fdda20f45a25/screenshot - {}
RESULT: {"script":"<script> [776 bytes]","args":[{"enterText":"300003","selector":{"controlType":"sap.m.SearchField","properties":{"placeholder":"Search"},"searchOpenDialogs":true,"interaction":{"idSuffix":"I"}},"clearTextFirst":true,"interactionType":"ENTER_TEXT"}]}
COMMAND: POST /session/3fdde00e1aad0000c801fdda20f45a25/actions - {"actions":[{"id":"action4","type":"key","parameters":{},"actions":[{"type":"keyDown","value":""},{"type":"pause","duration":10},{"type":"keyUp","value":""}]}]}
RESULT: {}
RESULT: {"actions":[{"id":"action4","type":"key","parameters":{},"actions":[{"type":"keyDown","value":""},{"type":"pause","duration":10},{"type":"keyUp","value":""}]}]}
COMMAND: GET /session/3fdde00e1aad0000c801fdda20f45a25/screenshot - {}
RESULT: {}
COMMAND: POST /session/3fdde00e1aad0000c801fdda20f45a25/element - {"using":"xpath","value":"//span[contains(text(), \"300003\")]"}
RESULT: {"using":"xpath","value":"//span[contains(text(), \"300003\")]"}
COMMAND: POST /session/3fdde00e1aad0000c801fdda20f45a25/element/f.AD023EB381BA77EAB040171FD40D96B9.d.88AA145DE89ED1C42107A0BF006D068B.e.1600/click - {}
RESULT: {}
COMMAND: GET /session/3fdde00e1aad0000c801fdda20f45a25/screenshot - {}
RESULT: {}
COMMAND: POST /session/3fdde00e1aad0000c801fdda20f45a25/element - {"using":"xpath","value":"//bdi[contains(text(), \"OK\")]"}
RESULT: {"using":"xpath","value":"//bdi[contains(text(), \"OK\")]"}
COMMAND: POST /session/3fdde00e1aad0000c801fdda20f45a25/element/f.AD023EB381BA77EAB040171FD40D96B9.d.88AA145DE89ED1C42107A0BF006D068B.e.1602/click - {}
RESULT: {}
COMMAND: GET /session/3fdde00e1aad0000c801fdda20f45a25/screenshot - {}
RESULT: {}
COMMAND: POST /session/3fdde00e1aad0000c801fdda20f45a25/execute/async - {"script":"<script> [1562 bytes]","args":[{"selector":{"id":"application-managepartners-display-component---NewPartner--intercompVendorComboBox-application-managepartners-display-component---NewPartner--assignmentsTable-0-vhi"},"wdio_ui5_key":"applicationmanagepartners-display-component---NewPartner--intercompVendorComboBox-application-managepartners-display-component---NewPartner--assignmentsTable-0-vhi"}]}
RESULT: {"script":"<script> [1562 bytes]","args":[{"selector":{"id":"application-managepartners-display-component---NewPartner--intercompVendorComboBox-application-managepartners-display-component---NewPartner--assignmentsTable-0-vhi"},"wdio_ui5_key":"applicationmanagepartners-display-component---NewPartner--intercompVendorComboBox-application-managepartners-display-component---NewPartner--assignmentsTable-0-vhi"}]}
RESULT: undefined
COMMAND: POST /session/3fdde00e1aad0000c801fdda20f45a25/element - {"using":"xpath","value":"//*[@id=\"application-managepartners-display-component---NewPartner--intercompVendorComboBox-application-managepartners-display-component---NewPartner--assignmentsTable-0-vhi\"]"}
RESULT: {"using":"xpath","value":"//*[@id=\"application-managepartners-display-component---NewPartner--intercompVendorComboBox-application-managepartners-display-component---NewPartner--assignmentsTable-0-vhi\"]"}
COMMAND: POST /session/3fdde00e1aad0000c801fdda20f45a25/element/f.AD023EB381BA77EAB040171FD40D96B9.d.88AA145DE89ED1C42107A0BF006D068B.e.1605/click - {}
RESULT: {}
RESULT: undefined
COMMAND: POST /session/3fdde00e1aad0000c801fdda20f45a25/execute/async - {"script":"<script> [776 bytes]","args":[{"enterText":"100005","selector":{"controlType":"sap.m.SearchField","properties":{"placeholder":"Search"},"searchOpenDialogs":true,"interaction":{"idSuffix":"I"}},"clearTextFirst":true,"interactionType":"ENTER_TEXT"}]}
COMMAND: GET /session/3fdde00e1aad0000c801fdda20f45a25/screenshot - {}
RESULT: {"script":"<script> [776 bytes]","args":[{"enterText":"100005","selector":{"controlType":"sap.m.SearchField","properties":{"placeholder":"Search"},"searchOpenDialogs":true,"interaction":{"idSuffix":"I"}},"clearTextFirst":true,"interactionType":"ENTER_TEXT"}]}
COMMAND: POST /session/3fdde00e1aad0000c801fdda20f45a25/actions - {"actions":[{"id":"action5","type":"key","parameters":{},"actions":[{"type":"keyDown","value":""},{"type":"pause","duration":10},{"type":"keyUp","value":""}]}]}
RESULT: {}
RESULT: {"actions":[{"id":"action5","type":"key","parameters":{},"actions":[{"type":"keyDown","value":""},{"type":"pause","duration":10},{"type":"keyUp","value":""}]}]}
COMMAND: GET /session/3fdde00e1aad0000c801fdda20f45a25/screenshot - {}
RESULT: {}
COMMAND: POST /session/3fdde00e1aad0000c801fdda20f45a25/element - {"using":"xpath","value":"//span[contains(text(), \"Penguins - Field/12345 Berlin\")]"}
RESULT: {"using":"xpath","value":"//span[contains(text(), \"Penguins - Field/12345 Berlin\")]"}
COMMAND: POST /session/3fdde00e1aad0000c801fdda20f45a25/element/f.AD023EB381BA77EAB040171FD40D96B9.d.88AA145DE89ED1C42107A0BF006D068B.e.1624/click - {}
RESULT: {}
COMMAND: GET /session/3fdde00e1aad0000c801fdda20f45a25/screenshot - {}
RESULT: {}
COMMAND: POST /session/3fdde00e1aad0000c801fdda20f45a25/element - {"using":"xpath","value":"//bdi[contains(text(), \"OK\")]"}
RESULT: {"using":"xpath","value":"//bdi[contains(text(), \"OK\")]"}
COMMAND: POST /session/3fdde00e1aad0000c801fdda20f45a25/element/f.AD023EB381BA77EAB040171FD40D96B9.d.88AA145DE89ED1C42107A0BF006D068B.e.1625/click - {}
RESULT: {}
COMMAND: GET /session/3fdde00e1aad0000c801fdda20f45a25/screenshot - {}
RESULT: {}
COMMAND: POST /session/3fdde00e1aad0000c801fdda20f45a25/element - {"using":"xpath","value":"//button[@data-kt=\"saveButton\"]"}
RESULT: {"using":"xpath","value":"//button[@data-kt=\"saveButton\"]"}
COMMAND: POST /session/3fdde00e1aad0000c801fdda20f45a25/element/f.AD023EB381BA77EAB040171FD40D96B9.d.88AA145DE89ED1C42107A0BF006D068B.e.1427/click - {}
RESULT: {}
COMMAND: GET /session/3fdde00e1aad0000c801fdda20f45a25/screenshot - {}
RESULT: {}
COMMAND: POST /session/3fdde00e1aad0000c801fdda20f45a25/element - {"using":"xpath","value":"//header[contains(@id, 'ObjectPageLayout-headerTitle')]/div[1]/div[2]/div[2]/span[1]"}
RESULT: {"using":"xpath","value":"//header[contains(@id, 'ObjectPageLayout-headerTitle')]/div[1]/div[2]/div[2]/span[1]"}
COMMAND: POST /session/3fdde00e1aad0000c801fdda20f45a25/elements - {"using":"xpath","value":"//header[contains(@id, 'ObjectPageLayout-headerTitle')]/div[1]/div[2]/div[2]/span[1]"}
RESULT: {"using":"xpath","value":"//header[contains(@id, 'ObjectPageLayout-headerTitle')]/div[1]/div[2]/div[2]/span[1]"}
COMMAND: POST /session/3fdde00e1aad0000c801fdda20f45a25/execute/sync - {"script":"<script> [56 bytes]","args":[{"element-6066-11e4-a52e-4f735466cecf":"f.AD023EB381BA77EAB040171FD40D96B9.d.88AA145DE89ED1C42107A0BF006D068B.e.1788","ELEMENT":"f.AD023EB381BA77EAB040171FD40D96B9.d.88AA145DE89ED1C42107A0BF006D068B.e.1788"}]}
RESULT: {"script":"<script> [56 bytes]","args":[{"element-6066-11e4-a52e-4f735466cecf":"f.AD023EB381BA77EAB040171FD40D96B9.d.88AA145DE89ED1C42107A0BF006D068B.e.1788","ELEMENT":"f.AD023EB381BA77EAB040171FD40D96B9.d.88AA145DE89ED1C42107A0BF006D068B.e.1788"}]}
COMMAND: POST /session/3fdde00e1aad0000c801fdda20f45a25/element - {"using":"css selector","value":"#shell-header-logo"}
COMMAND: GET /session/3fdde00e1aad0000c801fdda20f45a25/screenshot - {}
RESULT: {"using":"css selector","value":"#shell-header-logo"}
COMMAND: POST /session/3fdde00e1aad0000c801fdda20f45a25/element/f.AD023EB381BA77EAB040171FD40D96B9.d.88AA145DE89ED1C42107A0BF006D068B.e.1011/click - {}
RESULT: {}
RESULT: {}
COMMAND: GET /session/3fdde00e1aad0000c801fdda20f45a25/screenshot - {}
RESULT: {}
COMMAND: POST /session/3fdde00e1aad0000c801fdda20f45a25/execute/sync - {"script":"<script> [299 bytes]","args":[["getModel","getResource"]]}
RESULT: {"script":"<script> [299 bytes]","args":[["getModel","getResource"]]}
]]></system-out>
    </testcase>
    <testcase classname="chrome.136_0_7103_93.windows.Tests_for_Mass_State_Change_on_Manage_States_&amp;_Performances_US104416_US" name="Prereq Should create a new site" time="154.03">
      <system-out><![CDATA[
COMMAND: GET /session/3fdde00e1aad0000c801fdda20f45a25/screenshot - {}
COMMAND: POST /session/3fdde00e1aad0000c801fdda20f45a25/execute/async - {"script":"<script> [1562 bytes]","args":[{"selector":{"controlType":"sap.m.GenericTile","properties":{"header":"Manage Sites"}},"wdio_ui5_key":"sapm.GenericTile{\"header\":\"Manage Sites\"}"}]}
RESULT: {}
RESULT: {"script":"<script> [1562 bytes]","args":[{"selector":{"controlType":"sap.m.GenericTile","properties":{"header":"Manage Sites"}},"wdio_ui5_key":"sapm.GenericTile{\"header\":\"Manage Sites\"}"}]}
RESULT: undefined
COMMAND: POST /session/3fdde00e1aad0000c801fdda20f45a25/element - {"using":"xpath","value":"//*[@id=\"__tile40\"]"}
RESULT: {"using":"xpath","value":"//*[@id=\"__tile40\"]"}
COMMAND: POST /session/3fdde00e1aad0000c801fdda20f45a25/element/f.AD023EB381BA77EAB040171FD40D96B9.d.88AA145DE89ED1C42107A0BF006D068B.e.161/click - {}
RESULT: {}
COMMAND: GET /session/3fdde00e1aad0000c801fdda20f45a25/screenshot - {}
RESULT: {}
COMMAND: POST /session/3fdde00e1aad0000c801fdda20f45a25/elements - {"using":"xpath","value":"//span[text()='Error']"}
RESULT: {"using":"xpath","value":"//span[text()='Error']"}
COMMAND: POST /session/3fdde00e1aad0000c801fdda20f45a25/element - {"using":"xpath","value":"//button[@data-kt=\"addOverflowToolbarButton\"]"}
RESULT: {"using":"xpath","value":"//button[@data-kt=\"addOverflowToolbarButton\"]"}
COMMAND: POST /session/3fdde00e1aad0000c801fdda20f45a25/elements - {"using":"xpath","value":"//button[@data-kt=\"addOverflowToolbarButton\"]"}
RESULT: {"using":"xpath","value":"//button[@data-kt=\"addOverflowToolbarButton\"]"}
COMMAND: POST /session/3fdde00e1aad0000c801fdda20f45a25/execute/sync - {"script":"<script> [8489 bytes]","args":[{"element-6066-11e4-a52e-4f735466cecf":"f.AD023EB381BA77EAB040171FD40D96B9.d.88AA145DE89ED1C42107A0BF006D068B.e.1836","ELEMENT":"f.AD023EB381BA77EAB040171FD40D96B9.d.88AA145DE89ED1C42107A0BF006D068B.e.1836"}]}
RESULT: {"script":"<script> [8489 bytes]","args":[{"element-6066-11e4-a52e-4f735466cecf":"f.AD023EB381BA77EAB040171FD40D96B9.d.88AA145DE89ED1C42107A0BF006D068B.e.1836","ELEMENT":"f.AD023EB381BA77EAB040171FD40D96B9.d.88AA145DE89ED1C42107A0BF006D068B.e.1836"}]}
COMMAND: GET /session/3fdde00e1aad0000c801fdda20f45a25/element/f.AD023EB381BA77EAB040171FD40D96B9.d.88AA145DE89ED1C42107A0BF006D068B.e.1836/enabled - {}
COMMAND: GET /session/3fdde00e1aad0000c801fdda20f45a25/screenshot - {}
RESULT: {}
COMMAND: POST /session/3fdde00e1aad0000c801fdda20f45a25/execute/sync - {"script":"<script> [8489 bytes]","args":[{"element-6066-11e4-a52e-4f735466cecf":"f.AD023EB381BA77EAB040171FD40D96B9.d.88AA145DE89ED1C42107A0BF006D068B.e.1836","ELEMENT":"f.AD023EB381BA77EAB040171FD40D96B9.d.88AA145DE89ED1C42107A0BF006D068B.e.1836"}]}
COMMAND: GET /session/3fdde00e1aad0000c801fdda20f45a25/screenshot - {}
RESULT: {}
RESULT: {"script":"<script> [8489 bytes]","args":[{"element-6066-11e4-a52e-4f735466cecf":"f.AD023EB381BA77EAB040171FD40D96B9.d.88AA145DE89ED1C42107A0BF006D068B.e.1836","ELEMENT":"f.AD023EB381BA77EAB040171FD40D96B9.d.88AA145DE89ED1C42107A0BF006D068B.e.1836"}]}
COMMAND: POST /session/3fdde00e1aad0000c801fdda20f45a25/execute/sync - {"script":"<script> [5351 bytes]","args":[{"element-6066-11e4-a52e-4f735466cecf":"f.AD023EB381BA77EAB040171FD40D96B9.d.88AA145DE89ED1C42107A0BF006D068B.e.1836","ELEMENT":"f.AD023EB381BA77EAB040171FD40D96B9.d.88AA145DE89ED1C42107A0BF006D068B.e.1836"}]}
COMMAND: GET /session/3fdde00e1aad0000c801fdda20f45a25/screenshot - {}
RESULT: {}
RESULT: {"script":"<script> [5351 bytes]","args":[{"element-6066-11e4-a52e-4f735466cecf":"f.AD023EB381BA77EAB040171FD40D96B9.d.88AA145DE89ED1C42107A0BF006D068B.e.1836","ELEMENT":"f.AD023EB381BA77EAB040171FD40D96B9.d.88AA145DE89ED1C42107A0BF006D068B.e.1836"}]}
COMMAND: POST /session/3fdde00e1aad0000c801fdda20f45a25/element/f.AD023EB381BA77EAB040171FD40D96B9.d.88AA145DE89ED1C42107A0BF006D068B.e.1836/click - {}
COMMAND: GET /session/3fdde00e1aad0000c801fdda20f45a25/screenshot - {}
RESULT: {}
RESULT: {}
COMMAND: GET /session/3fdde00e1aad0000c801fdda20f45a25/screenshot - {}
COMMAND: POST /session/3fdde00e1aad0000c801fdda20f45a25/element - {"using":"xpath","value":"//input[@id=\"application-managesites-display-component---NewSite--siteId-inner\"]"}
RESULT: {}
RESULT: {}
RESULT: {"using":"xpath","value":"//input[@id=\"application-managesites-display-component---NewSite--siteId-inner\"]"}
COMMAND: POST /session/3fdde00e1aad0000c801fdda20f45a25/element - {"using":"xpath","value":"//input[@id=\"application-managesites-display-component---NewSite--siteId-inner\"]"}
RESULT: {"using":"xpath","value":"//input[@id=\"application-managesites-display-component---NewSite--siteId-inner\"]"}
COMMAND: POST /session/3fdde00e1aad0000c801fdda20f45a25/execute/async - {"script":"<script> [1562 bytes]","args":[{"selector":{"id":"application-managesites-display-component---NewSite--addressDetailDetailsName1","interaction":{"idSuffix":"inner"}},"wdio_ui5_key":"applicationmanagesites-display-component---NewSite--addressDetailDetailsName1"}]}
RESULT: {"script":"<script> [1562 bytes]","args":[{"selector":{"id":"application-managesites-display-component---NewSite--addressDetailDetailsName1","interaction":{"idSuffix":"inner"}},"wdio_ui5_key":"applicationmanagesites-display-component---NewSite--addressDetailDetailsName1"}]}
RESULT: undefined
COMMAND: POST /session/3fdde00e1aad0000c801fdda20f45a25/execute/async - {"script":"<script> [776 bytes]","args":[{"enterText":"Intracompany Site wdIO","selector":{"id":"application-managesites-display-component---NewSite--addressDetailDetailsName1","interaction":{"idSuffix":"inner"}},"clearTextFirst":true,"interactionType":"ENTER_TEXT"}]}
RESULT: {"script":"<script> [776 bytes]","args":[{"enterText":"Intracompany Site wdIO","selector":{"id":"application-managesites-display-component---NewSite--addressDetailDetailsName1","interaction":{"idSuffix":"inner"}},"clearTextFirst":true,"interactionType":"ENTER_TEXT"}]}
COMMAND: POST /session/3fdde00e1aad0000c801fdda20f45a25/execute/async - {"script":"<script> [1562 bytes]","args":[{"selector":{"id":"application-managesites-display-component---NewSite--addressDetailDetailsLanguage-arrow"},"wdio_ui5_key":"applicationmanagesites-display-component---NewSite--addressDetailDetailsLanguage-arrow"}]}
RESULT: {"script":"<script> [1562 bytes]","args":[{"selector":{"id":"application-managesites-display-component---NewSite--addressDetailDetailsLanguage-arrow"},"wdio_ui5_key":"applicationmanagesites-display-component---NewSite--addressDetailDetailsLanguage-arrow"}]}
RESULT: undefined
COMMAND: POST /session/3fdde00e1aad0000c801fdda20f45a25/element - {"using":"xpath","value":"//*[@id=\"application-managesites-display-component---NewSite--addressDetailDetailsLanguage-arrow\"]"}
RESULT: {"using":"xpath","value":"//*[@id=\"application-managesites-display-component---NewSite--addressDetailDetailsLanguage-arrow\"]"}
COMMAND: POST /session/3fdde00e1aad0000c801fdda20f45a25/element/f.AD023EB381BA77EAB040171FD40D96B9.d.88AA145DE89ED1C42107A0BF006D068B.e.2239/click - {}
RESULT: {}
COMMAND: POST /session/3fdde00e1aad0000c801fdda20f45a25/element - {"using":"xpath","value":"//span[contains(text(), \"English\")]"}
COMMAND: GET /session/3fdde00e1aad0000c801fdda20f45a25/screenshot - {}
RESULT: {"using":"xpath","value":"//span[contains(text(), \"English\")]"}
COMMAND: POST /session/3fdde00e1aad0000c801fdda20f45a25/element/f.AD023EB381BA77EAB040171FD40D96B9.d.88AA145DE89ED1C42107A0BF006D068B.e.2240/click - {}
RESULT: {}
RESULT: {}
COMMAND: POST /session/3fdde00e1aad0000c801fdda20f45a25/execute/async - {"script":"<script> [1562 bytes]","args":[{"selector":{"id":"application-managesites-display-component---NewSite--addressDetailDetailsCity1","interaction":{"idSuffix":"inner"}},"wdio_ui5_key":"applicationmanagesites-display-component---NewSite--addressDetailDetailsCity1"}]}
COMMAND: GET /session/3fdde00e1aad0000c801fdda20f45a25/screenshot - {}
RESULT: {"script":"<script> [1562 bytes]","args":[{"selector":{"id":"application-managesites-display-component---NewSite--addressDetailDetailsCity1","interaction":{"idSuffix":"inner"}},"wdio_ui5_key":"applicationmanagesites-display-component---NewSite--addressDetailDetailsCity1"}]}
RESULT: undefined
COMMAND: POST /session/3fdde00e1aad0000c801fdda20f45a25/execute/async - {"script":"<script> [776 bytes]","args":[{"enterText":"Rosario","selector":{"id":"application-managesites-display-component---NewSite--addressDetailDetailsCity1","interaction":{"idSuffix":"inner"}},"clearTextFirst":true,"interactionType":"ENTER_TEXT"}]}
RESULT: {}
RESULT: {"script":"<script> [776 bytes]","args":[{"enterText":"Rosario","selector":{"id":"application-managesites-display-component---NewSite--addressDetailDetailsCity1","interaction":{"idSuffix":"inner"}},"clearTextFirst":true,"interactionType":"ENTER_TEXT"}]}
COMMAND: POST /session/3fdde00e1aad0000c801fdda20f45a25/execute/async - {"script":"<script> [1562 bytes]","args":[{"selector":{"id":"application-managesites-display-component---NewSite--addressDetailDetailsCountry-arrow"},"wdio_ui5_key":"applicationmanagesites-display-component---NewSite--addressDetailDetailsCountry-arrow"}]}
RESULT: {"script":"<script> [1562 bytes]","args":[{"selector":{"id":"application-managesites-display-component---NewSite--addressDetailDetailsCountry-arrow"},"wdio_ui5_key":"applicationmanagesites-display-component---NewSite--addressDetailDetailsCountry-arrow"}]}
RESULT: undefined
COMMAND: POST /session/3fdde00e1aad0000c801fdda20f45a25/element - {"using":"xpath","value":"//*[@id=\"application-managesites-display-component---NewSite--addressDetailDetailsCountry-arrow\"]"}
RESULT: {"using":"xpath","value":"//*[@id=\"application-managesites-display-component---NewSite--addressDetailDetailsCountry-arrow\"]"}
COMMAND: POST /session/3fdde00e1aad0000c801fdda20f45a25/element/f.AD023EB381BA77EAB040171FD40D96B9.d.88AA145DE89ED1C42107A0BF006D068B.e.2242/click - {}
RESULT: {}
COMMAND: POST /session/3fdde00e1aad0000c801fdda20f45a25/element - {"using":"xpath","value":"//span[contains(text(), \"Argentina\")]"}
COMMAND: GET /session/3fdde00e1aad0000c801fdda20f45a25/screenshot - {}
RESULT: {"using":"xpath","value":"//span[contains(text(), \"Argentina\")]"}
COMMAND: POST /session/3fdde00e1aad0000c801fdda20f45a25/element/f.AD023EB381BA77EAB040171FD40D96B9.d.88AA145DE89ED1C42107A0BF006D068B.e.2244/click - {}
RESULT: {}
RESULT: {}
COMMAND: GET /session/3fdde00e1aad0000c801fdda20f45a25/screenshot - {}
RESULT: {}
COMMAND: POST /session/3fdde00e1aad0000c801fdda20f45a25/execute/async - {"script":"<script> [1562 bytes]","args":[{"selector":{"id":"application-managesites-display-component---NewSite--addressEditDetailsCostObjectCstType-arrow"},"wdio_ui5_key":"applicationmanagesites-display-component---NewSite--addressEditDetailsCostObjectCstType-arrow"}]}
RESULT: {"script":"<script> [1562 bytes]","args":[{"selector":{"id":"application-managesites-display-component---NewSite--addressEditDetailsCostObjectCstType-arrow"},"wdio_ui5_key":"applicationmanagesites-display-component---NewSite--addressEditDetailsCostObjectCstType-arrow"}]}
RESULT: undefined
COMMAND: POST /session/3fdde00e1aad0000c801fdda20f45a25/element - {"using":"xpath","value":"//*[@id=\"application-managesites-display-component---NewSite--addressEditDetailsCostObjectCstType-arrow\"]"}
RESULT: {"using":"xpath","value":"//*[@id=\"application-managesites-display-component---NewSite--addressEditDetailsCostObjectCstType-arrow\"]"}
COMMAND: POST /session/3fdde00e1aad0000c801fdda20f45a25/element/f.AD023EB381BA77EAB040171FD40D96B9.d.88AA145DE89ED1C42107A0BF006D068B.e.2245/click - {}
RESULT: {}
COMMAND: POST /session/3fdde00e1aad0000c801fdda20f45a25/element - {"using":"xpath","value":"//span[contains(text(), \"Cost Center\")]"}
COMMAND: GET /session/3fdde00e1aad0000c801fdda20f45a25/screenshot - {}
RESULT: {"using":"xpath","value":"//span[contains(text(), \"Cost Center\")]"}
COMMAND: POST /session/3fdde00e1aad0000c801fdda20f45a25/element/f.AD023EB381BA77EAB040171FD40D96B9.d.88AA145DE89ED1C42107A0BF006D068B.e.2246/click - {}
RESULT: {}
RESULT: {}
COMMAND: GET /session/3fdde00e1aad0000c801fdda20f45a25/screenshot - {}
RESULT: {}
COMMAND: POST /session/3fdde00e1aad0000c801fdda20f45a25/element - {"using":"xpath","value":"//span[@id=\"application-managesites-display-component---NewSite--addressNewCostObjectCstID-vhi\"]"}
RESULT: {"using":"xpath","value":"//span[@id=\"application-managesites-display-component---NewSite--addressNewCostObjectCstID-vhi\"]"}
COMMAND: POST /session/3fdde00e1aad0000c801fdda20f45a25/execute/sync - {"script":"<script> [8489 bytes]","args":[{"element-6066-11e4-a52e-4f735466cecf":"f.AD023EB381BA77EAB040171FD40D96B9.d.88AA145DE89ED1C42107A0BF006D068B.e.2251","ELEMENT":"f.AD023EB381BA77EAB040171FD40D96B9.d.88AA145DE89ED1C42107A0BF006D068B.e.2251"}]}
RESULT: {"script":"<script> [8489 bytes]","args":[{"element-6066-11e4-a52e-4f735466cecf":"f.AD023EB381BA77EAB040171FD40D96B9.d.88AA145DE89ED1C42107A0BF006D068B.e.2251","ELEMENT":"f.AD023EB381BA77EAB040171FD40D96B9.d.88AA145DE89ED1C42107A0BF006D068B.e.2251"}]}
COMMAND: POST /session/3fdde00e1aad0000c801fdda20f45a25/execute/async - {"script":"<script> [1562 bytes]","args":[{"selector":{"id":"application-managesites-display-component---NewSite--addressNewCostObjectCstID-vhi"},"wdio_ui5_key":"applicationmanagesites-display-component---NewSite--addressNewCostObjectCstID-vhi"}]}
COMMAND: GET /session/3fdde00e1aad0000c801fdda20f45a25/screenshot - {}
RESULT: {"script":"<script> [1562 bytes]","args":[{"selector":{"id":"application-managesites-display-component---NewSite--addressNewCostObjectCstID-vhi"},"wdio_ui5_key":"applicationmanagesites-display-component---NewSite--addressNewCostObjectCstID-vhi"}]}
RESULT: undefined
COMMAND: POST /session/3fdde00e1aad0000c801fdda20f45a25/element - {"using":"xpath","value":"//*[@id=\"application-managesites-display-component---NewSite--addressNewCostObjectCstID-vhi\"]"}
RESULT: {}
RESULT: {"using":"xpath","value":"//*[@id=\"application-managesites-display-component---NewSite--addressNewCostObjectCstID-vhi\"]"}
COMMAND: POST /session/3fdde00e1aad0000c801fdda20f45a25/element/f.AD023EB381BA77EAB040171FD40D96B9.d.88AA145DE89ED1C42107A0BF006D068B.e.2251/click - {}
RESULT: {}
COMMAND: GET /session/3fdde00e1aad0000c801fdda20f45a25/screenshot - {}
RESULT: {}
RESULT: undefined
COMMAND: POST /session/3fdde00e1aad0000c801fdda20f45a25/execute/async - {"script":"<script> [776 bytes]","args":[{"enterText":"10001013","selector":{"controlType":"sap.m.SearchField","properties":{"placeholder":"Search"},"searchOpenDialogs":true,"interaction":{"idSuffix":"I"}},"clearTextFirst":true,"interactionType":"ENTER_TEXT"}]}
RESULT: {"script":"<script> [776 bytes]","args":[{"enterText":"10001013","selector":{"controlType":"sap.m.SearchField","properties":{"placeholder":"Search"},"searchOpenDialogs":true,"interaction":{"idSuffix":"I"}},"clearTextFirst":true,"interactionType":"ENTER_TEXT"}]}
COMMAND: POST /session/3fdde00e1aad0000c801fdda20f45a25/actions - {"actions":[{"id":"action6","type":"key","parameters":{},"actions":[{"type":"keyDown","value":""},{"type":"pause","duration":10},{"type":"keyUp","value":""}]}]}
RESULT: {"actions":[{"id":"action6","type":"key","parameters":{},"actions":[{"type":"keyDown","value":""},{"type":"pause","duration":10},{"type":"keyUp","value":""}]}]}
COMMAND: GET /session/3fdde00e1aad0000c801fdda20f45a25/screenshot - {}
RESULT: {}
COMMAND: POST /session/3fdde00e1aad0000c801fdda20f45a25/element - {"using":"xpath","value":"//span[contains(text(), \"General Management\")]"}
RESULT: {"using":"xpath","value":"//span[contains(text(), \"General Management\")]"}
COMMAND: POST /session/3fdde00e1aad0000c801fdda20f45a25/element/f.AD023EB381BA77EAB040171FD40D96B9.d.88AA145DE89ED1C42107A0BF006D068B.e.2290/click - {}
RESULT: {}
COMMAND: GET /session/3fdde00e1aad0000c801fdda20f45a25/screenshot - {}
RESULT: {}
COMMAND: POST /session/3fdde00e1aad0000c801fdda20f45a25/element - {"using":"xpath","value":"//bdi[contains(text(), \"OK\")]"}
RESULT: {"using":"xpath","value":"//bdi[contains(text(), \"OK\")]"}
COMMAND: POST /session/3fdde00e1aad0000c801fdda20f45a25/element/f.AD023EB381BA77EAB040171FD40D96B9.d.88AA145DE89ED1C42107A0BF006D068B.e.2291/click - {}
RESULT: {}
COMMAND: GET /session/3fdde00e1aad0000c801fdda20f45a25/screenshot - {}
RESULT: {}
COMMAND: POST /session/3fdde00e1aad0000c801fdda20f45a25/element - {"using":"xpath","value":"//input[@id=\"application-managesites-display-component---NewSite--addressDetailDetailsCalendar-inner\"]"}
RESULT: {"using":"xpath","value":"//input[@id=\"application-managesites-display-component---NewSite--addressDetailDetailsCalendar-inner\"]"}
COMMAND: POST /session/3fdde00e1aad0000c801fdda20f45a25/element/f.AD023EB381BA77EAB040171FD40D96B9.d.88AA145DE89ED1C42107A0BF006D068B.e.2034/clear - {}
RESULT: {}
COMMAND: POST /session/3fdde00e1aad0000c801fdda20f45a25/element/f.AD023EB381BA77EAB040171FD40D96B9.d.88AA145DE89ED1C42107A0BF006D068B.e.2034/value - {"text":"Unit"}
COMMAND: GET /session/3fdde00e1aad0000c801fdda20f45a25/screenshot - {}
RESULT: {"text":"Unit"}
COMMAND: GET /session/3fdde00e1aad0000c801fdda20f45a25/screenshot - {}
RESULT: {}
RESULT: {}
COMMAND: POST /session/3fdde00e1aad0000c801fdda20f45a25/actions - {"actions":[{"id":"action7","type":"key","parameters":{},"actions":[{"type":"keyDown","value":""},{"type":"pause","duration":10},{"type":"keyUp","value":""}]}]}
RESULT: {"actions":[{"id":"action7","type":"key","parameters":{},"actions":[{"type":"keyDown","value":""},{"type":"pause","duration":10},{"type":"keyUp","value":""}]}]}
COMMAND: POST /session/3fdde00e1aad0000c801fdda20f45a25/element - {"using":"xpath","value":"//input[@id=\"application-managesites-display-component---NewSite--addressDetailDetailsYard-inner\"]"}
COMMAND: GET /session/3fdde00e1aad0000c801fdda20f45a25/screenshot - {}
RESULT: {"using":"xpath","value":"//input[@id=\"application-managesites-display-component---NewSite--addressDetailDetailsYard-inner\"]"}
COMMAND: POST /session/3fdde00e1aad0000c801fdda20f45a25/element/f.AD023EB381BA77EAB040171FD40D96B9.d.88AA145DE89ED1C42107A0BF006D068B.e.2035/clear - {}
RESULT: {}
RESULT: {}
COMMAND: POST /session/3fdde00e1aad0000c801fdda20f45a25/element/f.AD023EB381BA77EAB040171FD40D96B9.d.88AA145DE89ED1C42107A0BF006D068B.e.2035/value - {"text":"564"}
COMMAND: GET /session/3fdde00e1aad0000c801fdda20f45a25/screenshot - {}
RESULT: {"text":"564"}
COMMAND: GET /session/3fdde00e1aad0000c801fdda20f45a25/screenshot - {}
RESULT: {}
RESULT: {}
COMMAND: POST /session/3fdde00e1aad0000c801fdda20f45a25/element - {"using":"xpath","value":"//li[.//span[text()='564']]"}
RESULT: {"using":"xpath","value":"//li[.//span[text()='564']]"}
COMMAND: POST /session/3fdde00e1aad0000c801fdda20f45a25/element/f.AD023EB381BA77EAB040171FD40D96B9.d.88AA145DE89ED1C42107A0BF006D068B.e.2299/click - {}
RESULT: {}
COMMAND: GET /session/3fdde00e1aad0000c801fdda20f45a25/screenshot - {}
RESULT: {}
COMMAND: POST /session/3fdde00e1aad0000c801fdda20f45a25/element - {"using":"xpath","value":"//input[@id=\"application-managesites-display-component---NewSite--addressDetailDetailsPartner-inner\"]"}
RESULT: {"using":"xpath","value":"//input[@id=\"application-managesites-display-component---NewSite--addressDetailDetailsPartner-inner\"]"}
COMMAND: POST /session/3fdde00e1aad0000c801fdda20f45a25/element - {"using":"xpath","value":"//input[@id=\"application-managesites-display-component---NewSite--addressDetailDetailsPartner-inner\"]"}
RESULT: {"using":"xpath","value":"//input[@id=\"application-managesites-display-component---NewSite--addressDetailDetailsPartner-inner\"]"}
COMMAND: POST /session/3fdde00e1aad0000c801fdda20f45a25/element - {"using":"xpath","value":"//button[@data-kt=\"saveButton\"]"}
RESULT: {"using":"xpath","value":"//button[@data-kt=\"saveButton\"]"}
COMMAND: POST /session/3fdde00e1aad0000c801fdda20f45a25/element/f.AD023EB381BA77EAB040171FD40D96B9.d.88AA145DE89ED1C42107A0BF006D068B.e.2232/click - {}
RESULT: {}
COMMAND: GET /session/3fdde00e1aad0000c801fdda20f45a25/screenshot - {}
RESULT: {}
COMMAND: POST /session/3fdde00e1aad0000c801fdda20f45a25/element - {"using":"xpath","value":"//header[contains(@id, 'ObjectPageLayout-headerTitle')]/div[1]/div[2]/div[2]/span[1]"}
RESULT: {"using":"xpath","value":"//header[contains(@id, 'ObjectPageLayout-headerTitle')]/div[1]/div[2]/div[2]/span[1]"}
COMMAND: POST /session/3fdde00e1aad0000c801fdda20f45a25/elements - {"using":"xpath","value":"//header[contains(@id, 'ObjectPageLayout-headerTitle')]/div[1]/div[2]/div[2]/span[1]"}
RESULT: {"using":"xpath","value":"//header[contains(@id, 'ObjectPageLayout-headerTitle')]/div[1]/div[2]/div[2]/span[1]"}
COMMAND: POST /session/3fdde00e1aad0000c801fdda20f45a25/execute/sync - {"script":"<script> [56 bytes]","args":[{"element-6066-11e4-a52e-4f735466cecf":"f.AD023EB381BA77EAB040171FD40D96B9.d.88AA145DE89ED1C42107A0BF006D068B.e.2506","ELEMENT":"f.AD023EB381BA77EAB040171FD40D96B9.d.88AA145DE89ED1C42107A0BF006D068B.e.2506"}]}
RESULT: {"script":"<script> [56 bytes]","args":[{"element-6066-11e4-a52e-4f735466cecf":"f.AD023EB381BA77EAB040171FD40D96B9.d.88AA145DE89ED1C42107A0BF006D068B.e.2506","ELEMENT":"f.AD023EB381BA77EAB040171FD40D96B9.d.88AA145DE89ED1C42107A0BF006D068B.e.2506"}]}
COMMAND: POST /session/3fdde00e1aad0000c801fdda20f45a25/element - {"using":"css selector","value":"#shell-header-logo"}
COMMAND: GET /session/3fdde00e1aad0000c801fdda20f45a25/screenshot - {}
RESULT: {"using":"css selector","value":"#shell-header-logo"}
COMMAND: POST /session/3fdde00e1aad0000c801fdda20f45a25/element/f.AD023EB381BA77EAB040171FD40D96B9.d.88AA145DE89ED1C42107A0BF006D068B.e.1793/click - {}
RESULT: {}
RESULT: {}
COMMAND: GET /session/3fdde00e1aad0000c801fdda20f45a25/screenshot - {}
RESULT: {}
COMMAND: POST /session/3fdde00e1aad0000c801fdda20f45a25/execute/sync - {"script":"<script> [299 bytes]","args":[["getModel","getResource"]]}
RESULT: {"script":"<script> [299 bytes]","args":[["getModel","getResource"]]}
COMMAND: POST /session/3fdde00e1aad0000c801fdda20f45a25/actions - {"actions":[{"id":"action8","type":"key","parameters":{},"actions":[{"type":"keyDown","value":""},{"type":"pause","duration":10},{"type":"keyUp","value":""}]}]}
COMMAND: GET /session/3fdde00e1aad0000c801fdda20f45a25/screenshot - {}
RESULT: {"actions":[{"id":"action8","type":"key","parameters":{},"actions":[{"type":"keyDown","value":""},{"type":"pause","duration":10},{"type":"keyUp","value":""}]}]}
COMMAND: GET /session/3fdde00e1aad0000c801fdda20f45a25/screenshot - {}
RESULT: {}
RESULT: {}
COMMAND: POST /session/3fdde00e1aad0000c801fdda20f45a25/refresh - {}
RESULT: {}
COMMAND: GET /session/3fdde00e1aad0000c801fdda20f45a25/screenshot - {}
RESULT: {}
COMMAND: POST /session/3fdde00e1aad0000c801fdda20f45a25/refresh - {}
RESULT: {}
COMMAND: GET /session/3fdde00e1aad0000c801fdda20f45a25/screenshot - {}
RESULT: {}
COMMAND: POST /session/3fdde00e1aad0000c801fdda20f45a25/window/fullscreen - {}
RESULT: {}
COMMAND: POST /session/3fdde00e1aad0000c801fdda20f45a25/execute/async - {"script":"<script> [189 bytes]","args":[]}
RESULT: {"script":"<script> [189 bytes]","args":[]}
COMMAND: POST /session/3fdde00e1aad0000c801fdda20f45a25/execute/async - {"script":"<script> [123 bytes]","args":[]}
RESULT: {"script":"<script> [123 bytes]","args":[]}
COMMAND: POST /session/3fdde00e1aad0000c801fdda20f45a25/timeouts - {"script":"<number>"}
RESULT: {"script":"<number>"}
COMMAND: GET /session/3fdde00e1aad0000c801fdda20f45a25/timeouts - {}
RESULT: {}
RESULT: undefined
COMMAND: POST /session/3fdde00e1aad0000c801fdda20f45a25/execute/async - {"script":"<script> [2676 bytes]","args":[]}
RESULT: {"script":"<script> [2676 bytes]","args":[]}
COMMAND: POST /session/3fdde00e1aad0000c801fdda20f45a25/execute/async - {"script":"<script> [2342 bytes]","args":[{"protocol":"http","hostname":"0.0.0.0","path":"/","capabilities":{"browserName":"chrome","goog:chromeOptions":{"binary":"C:\\Program Files\\Google\\Chrome\\Application\\chrome.exe","args":["--start-maximized"]}},"logLevel":"warn","connectionRetryTimeout":120000,"connectionRetryCount":3,"logLevels":{},"enableDirectConnect":true,"strictSSL":true,"_":"65 more keys: [\"cacheDir\",\"port\",\"requestedCapabilities\",\"automationProtocol\",\"baseUrl\",\"waitforInterval\",\"waitforTimeout\",\"onReload\",\"beforeCommand\",\"afterCommand\",\"rootDir\",\"specs\",\"suites\",\"exclude\",\"groupLogsByTestSpec\",\"excludeDriverLogs\",\"bail\",\"framework\",\"reporters\",\"services\",\"maxInstances\",\"maxInstancesPerCapability\",\"injectGlobals\",\"filesToWatch\",\"execArgv\",\"runnerEnv\",\"runner\",\"shard\",\"specFileRetries\",\"specFileRetriesDelay\",\"specFileRetriesDeferred\",\"reporterSyncInterval\",\"reporterSyncTimeout\",\"cucumberFeaturesWithLineNumbers\",\"autoCompileOpts\",\"mochaOpts\",\"jasmineOpts\",\"cucumberOpts\",\"onPrepare\",\"onWorkerStart\",\"onWorkerEnd\",\"before\",\"beforeSession\",\"beforeSuite\",\"beforeHook\",\"beforeTest\",\"afterTest\",\"afterHook\",\"afterSuite\",\"afterSession\",\"after\",\"onComplete\",\"beforeAssertion\",\"afterAssertion\",\"beforeFeature\",\"beforeScenario\",\"beforeStep\",\"afterStep\",\"afterScenario\",\"afterFeature\",\"_\",\"suite\",\"$0\",\"ignoredWorkerServices\",\"wdi5\"]"}]}
RESULT: {"script":"<script> [2342 bytes]","args":[{"protocol":"http","hostname":"0.0.0.0","path":"/","capabilities":{"browserName":"chrome","goog:chromeOptions":{"binary":"C:\\Program Files\\Google\\Chrome\\Application\\chrome.exe","args":["--start-maximized"]}},"logLevel":"warn","connectionRetryTimeout":120000,"connectionRetryCount":3,"logLevels":{},"enableDirectConnect":true,"strictSSL":true,"_":"65 more keys: [\"cacheDir\",\"port\",\"requestedCapabilities\",\"automationProtocol\",\"baseUrl\",\"waitforInterval\",\"waitforTimeout\",\"onReload\",\"beforeCommand\",\"afterCommand\",\"rootDir\",\"specs\",\"suites\",\"exclude\",\"groupLogsByTestSpec\",\"excludeDriverLogs\",\"bail\",\"framework\",\"reporters\",\"services\",\"maxInstances\",\"maxInstancesPerCapability\",\"injectGlobals\",\"filesToWatch\",\"execArgv\",\"runnerEnv\",\"runner\",\"shard\",\"specFileRetries\",\"specFileRetriesDelay\",\"specFileRetriesDeferred\",\"reporterSyncInterval\",\"reporterSyncTimeout\",\"cucumberFeaturesWithLineNumbers\",\"autoCompileOpts\",\"mochaOpts\",\"jasmineOpts\",\"cucumberOpts\",\"onPrepare\",\"onWorkerStart\",\"onWorkerEnd\",\"before\",\"beforeSession\",\"beforeSuite\",\"beforeHook\",\"beforeTest\",\"afterTest\",\"afterHook\",\"afterSuite\",\"afterSession\",\"after\",\"onComplete\",\"beforeAssertion\",\"afterAssertion\",\"beforeFeature\",\"beforeScenario\",\"beforeStep\",\"afterStep\",\"afterScenario\",\"afterFeature\",\"_\",\"suite\",\"$0\",\"ignoredWorkerServices\",\"wdi5\"]"}]}
COMMAND: POST /session/3fdde00e1aad0000c801fdda20f45a25/execute/async - {"script":"<script> [21126 bytes]","args":[35000]}
RESULT: {"script":"<script> [21126 bytes]","args":[35000]}
COMMAND: POST /session/3fdde00e1aad0000c801fdda20f45a25/window/fullscreen - {}
RESULT: {}
]]></system-out>
    </testcase>
    <testcase classname="chrome.136_0_7103_93.windows.Tests_for_Mass_State_Change_on_Manage_States_&amp;_Performances_US104416_US" name="Prereq Should create a new equipment multipart" time="143.925">
      <failure/>
      <error message="Can't call scrollIntoView on element with selector &quot;(//span[contains(@id ,&quot;manageresources-display-component---newResourceUnit--RUTimeSegment-0-vhi&quot;)])[1]&quot; because element wasn't found"/>
      <system-out><![CDATA[
COMMAND: POST /session/3fdde00e1aad0000c801fdda20f45a25/execute/async - {"script":"<script> [1562 bytes]","args":[{"selector":{"controlType":"sap.m.GenericTile","properties":{"header":"Manage Resources"}},"wdio_ui5_key":"sapm.GenericTile{\"header\":\"Manage Resources\"}"}]}
RESULT: {"script":"<script> [1562 bytes]","args":[{"selector":{"controlType":"sap.m.GenericTile","properties":{"header":"Manage Resources"}},"wdio_ui5_key":"sapm.GenericTile{\"header\":\"Manage Resources\"}"}]}
RESULT: undefined
COMMAND: POST /session/3fdde00e1aad0000c801fdda20f45a25/element - {"using":"xpath","value":"//*[@id=\"__tile31\"]"}
RESULT: {"using":"xpath","value":"//*[@id=\"__tile31\"]"}
COMMAND: POST /session/3fdde00e1aad0000c801fdda20f45a25/element/f.AD023EB381BA77EAB040171FD40D96B9.d.3960A16D08D68320A47508AB906CB979.e.2537/click - {}
RESULT: {}
COMMAND: GET /session/3fdde00e1aad0000c801fdda20f45a25/screenshot - {}
RESULT: {}
COMMAND: POST /session/3fdde00e1aad0000c801fdda20f45a25/elements - {"using":"xpath","value":"//span[text()='Error']"}
RESULT: {"using":"xpath","value":"//span[text()='Error']"}
COMMAND: POST /session/3fdde00e1aad0000c801fdda20f45a25/element - {"using":"xpath","value":"//button[@data-kt=\"addNewRUOverflowToolbarButton\"]"}
RESULT: {"using":"xpath","value":"//button[@data-kt=\"addNewRUOverflowToolbarButton\"]"}
COMMAND: POST /session/3fdde00e1aad0000c801fdda20f45a25/elements - {"using":"xpath","value":"//button[@data-kt=\"addNewRUOverflowToolbarButton\"]"}
RESULT: {"using":"xpath","value":"//button[@data-kt=\"addNewRUOverflowToolbarButton\"]"}
COMMAND: POST /session/3fdde00e1aad0000c801fdda20f45a25/elements - {"using":"xpath","value":"//button[@data-kt=\"addNewRUOverflowToolbarButton\"]"}
RESULT: {"using":"xpath","value":"//button[@data-kt=\"addNewRUOverflowToolbarButton\"]"}
COMMAND: POST /session/3fdde00e1aad0000c801fdda20f45a25/elements - {"using":"xpath","value":"//button[@data-kt=\"addNewRUOverflowToolbarButton\"]"}
RESULT: {"using":"xpath","value":"//button[@data-kt=\"addNewRUOverflowToolbarButton\"]"}
COMMAND: POST /session/3fdde00e1aad0000c801fdda20f45a25/element - {"using":"xpath","value":"//button[@data-kt=\"addNewRUOverflowToolbarButton\"]"}
RESULT: {"using":"xpath","value":"//button[@data-kt=\"addNewRUOverflowToolbarButton\"]"}
COMMAND: POST /session/3fdde00e1aad0000c801fdda20f45a25/execute/sync - {"script":"<script> [8489 bytes]","args":[{"element-6066-11e4-a52e-4f735466cecf":"f.AD023EB381BA77EAB040171FD40D96B9.d.3960A16D08D68320A47508AB906CB979.e.2689","ELEMENT":"f.AD023EB381BA77EAB040171FD40D96B9.d.3960A16D08D68320A47508AB906CB979.e.2689"}]}
RESULT: {"script":"<script> [8489 bytes]","args":[{"element-6066-11e4-a52e-4f735466cecf":"f.AD023EB381BA77EAB040171FD40D96B9.d.3960A16D08D68320A47508AB906CB979.e.2689","ELEMENT":"f.AD023EB381BA77EAB040171FD40D96B9.d.3960A16D08D68320A47508AB906CB979.e.2689"}]}
COMMAND: GET /session/3fdde00e1aad0000c801fdda20f45a25/element/f.AD023EB381BA77EAB040171FD40D96B9.d.3960A16D08D68320A47508AB906CB979.e.2689/enabled - {}
COMMAND: GET /session/3fdde00e1aad0000c801fdda20f45a25/screenshot - {}
RESULT: {}
COMMAND: POST /session/3fdde00e1aad0000c801fdda20f45a25/execute/sync - {"script":"<script> [8489 bytes]","args":[{"element-6066-11e4-a52e-4f735466cecf":"f.AD023EB381BA77EAB040171FD40D96B9.d.3960A16D08D68320A47508AB906CB979.e.2689","ELEMENT":"f.AD023EB381BA77EAB040171FD40D96B9.d.3960A16D08D68320A47508AB906CB979.e.2689"}]}
COMMAND: GET /session/3fdde00e1aad0000c801fdda20f45a25/screenshot - {}
RESULT: {}
RESULT: {"script":"<script> [8489 bytes]","args":[{"element-6066-11e4-a52e-4f735466cecf":"f.AD023EB381BA77EAB040171FD40D96B9.d.3960A16D08D68320A47508AB906CB979.e.2689","ELEMENT":"f.AD023EB381BA77EAB040171FD40D96B9.d.3960A16D08D68320A47508AB906CB979.e.2689"}]}
COMMAND: POST /session/3fdde00e1aad0000c801fdda20f45a25/execute/sync - {"script":"<script> [5351 bytes]","args":[{"element-6066-11e4-a52e-4f735466cecf":"f.AD023EB381BA77EAB040171FD40D96B9.d.3960A16D08D68320A47508AB906CB979.e.2689","ELEMENT":"f.AD023EB381BA77EAB040171FD40D96B9.d.3960A16D08D68320A47508AB906CB979.e.2689"}]}
COMMAND: GET /session/3fdde00e1aad0000c801fdda20f45a25/screenshot - {}
RESULT: {}
RESULT: {"script":"<script> [5351 bytes]","args":[{"element-6066-11e4-a52e-4f735466cecf":"f.AD023EB381BA77EAB040171FD40D96B9.d.3960A16D08D68320A47508AB906CB979.e.2689","ELEMENT":"f.AD023EB381BA77EAB040171FD40D96B9.d.3960A16D08D68320A47508AB906CB979.e.2689"}]}
COMMAND: POST /session/3fdde00e1aad0000c801fdda20f45a25/element/f.AD023EB381BA77EAB040171FD40D96B9.d.3960A16D08D68320A47508AB906CB979.e.2689/click - {}
COMMAND: GET /session/3fdde00e1aad0000c801fdda20f45a25/screenshot - {}
RESULT: {}
RESULT: {}
COMMAND: GET /session/3fdde00e1aad0000c801fdda20f45a25/screenshot - {}
RESULT: {}
RESULT: {}
COMMAND: POST /session/3fdde00e1aad0000c801fdda20f45a25/execute/async - {"script":"<script> [1562 bytes]","args":[{"selector":{"id":"application-manageresources-display-component---newResourceUnit--TYPE-arrow"},"wdio_ui5_key":"applicationmanageresources-display-component---newResourceUnit--TYPE-arrow"}]}
RESULT: {"script":"<script> [1562 bytes]","args":[{"selector":{"id":"application-manageresources-display-component---newResourceUnit--TYPE-arrow"},"wdio_ui5_key":"applicationmanageresources-display-component---newResourceUnit--TYPE-arrow"}]}
RESULT: undefined
COMMAND: POST /session/3fdde00e1aad0000c801fdda20f45a25/element - {"using":"xpath","value":"//*[@id=\"application-manageresources-display-component---newResourceUnit--TYPE-arrow\"]"}
RESULT: {"using":"xpath","value":"//*[@id=\"application-manageresources-display-component---newResourceUnit--TYPE-arrow\"]"}
COMMAND: POST /session/3fdde00e1aad0000c801fdda20f45a25/element/f.AD023EB381BA77EAB040171FD40D96B9.d.3960A16D08D68320A47508AB906CB979.e.3057/click - {}
RESULT: {}
COMMAND: POST /session/3fdde00e1aad0000c801fdda20f45a25/element - {"using":"xpath","value":"//input[@id=\"application-manageresources-display-component---newResourceUnit--TYPE-inner\"]"}
COMMAND: GET /session/3fdde00e1aad0000c801fdda20f45a25/screenshot - {}
RESULT: {"using":"xpath","value":"//input[@id=\"application-manageresources-display-component---newResourceUnit--TYPE-inner\"]"}
COMMAND: POST /session/3fdde00e1aad0000c801fdda20f45a25/element/f.AD023EB381BA77EAB040171FD40D96B9.d.3960A16D08D68320A47508AB906CB979.e.3041/clear - {}
RESULT: {}
RESULT: {}
COMMAND: POST /session/3fdde00e1aad0000c801fdda20f45a25/element/f.AD023EB381BA77EAB040171FD40D96B9.d.3960A16D08D68320A47508AB906CB979.e.3041/value - {"text":"Equi Multipart"}
COMMAND: GET /session/3fdde00e1aad0000c801fdda20f45a25/screenshot - {}
RESULT: {"text":"Equi Multipart"}
COMMAND: GET /session/3fdde00e1aad0000c801fdda20f45a25/screenshot - {}
RESULT: {}
RESULT: {}
COMMAND: POST /session/3fdde00e1aad0000c801fdda20f45a25/actions - {"actions":[{"id":"action9","type":"key","parameters":{},"actions":[{"type":"keyDown","value":""},{"type":"pause","duration":10},{"type":"keyUp","value":""}]}]}
RESULT: {"actions":[{"id":"action9","type":"key","parameters":{},"actions":[{"type":"keyDown","value":""},{"type":"pause","duration":10},{"type":"keyUp","value":""}]}]}
COMMAND: POST /session/3fdde00e1aad0000c801fdda20f45a25/execute/async - {"script":"<script> [1562 bytes]","args":[{"selector":{"id":"application-manageresources-display-component---newResourceUnit--SHORT_TEXT","interaction":{"idSuffix":"inner"}},"wdio_ui5_key":"applicationmanageresources-display-component---newResourceUnit--SHORT_TEXT"}]}
COMMAND: GET /session/3fdde00e1aad0000c801fdda20f45a25/screenshot - {}
RESULT: {}
RESULT: {"script":"<script> [1562 bytes]","args":[{"selector":{"id":"application-manageresources-display-component---newResourceUnit--SHORT_TEXT","interaction":{"idSuffix":"inner"}},"wdio_ui5_key":"applicationmanageresources-display-component---newResourceUnit--SHORT_TEXT"}]}
RESULT: undefined
COMMAND: POST /session/3fdde00e1aad0000c801fdda20f45a25/execute/async - {"script":"<script> [776 bytes]","args":[{"enterText":"Equipment Multipart WDIO","selector":{"id":"application-manageresources-display-component---newResourceUnit--SHORT_TEXT","interaction":{"idSuffix":"inner"}},"clearTextFirst":true,"interactionType":"ENTER_TEXT"}]}
RESULT: {"script":"<script> [776 bytes]","args":[{"enterText":"Equipment Multipart WDIO","selector":{"id":"application-manageresources-display-component---newResourceUnit--SHORT_TEXT","interaction":{"idSuffix":"inner"}},"clearTextFirst":true,"interactionType":"ENTER_TEXT"}]}
COMMAND: POST /session/3fdde00e1aad0000c801fdda20f45a25/execute/async - {"script":"<script> [1562 bytes]","args":[{"selector":{"id":"application-manageresources-display-component---newResourceUnit--BASE_UNIT_OF_MEASURE","interaction":{"idSuffix":"inner"}},"wdio_ui5_key":"applicationmanageresources-display-component---newResourceUnit--BASE_UNIT_OF_MEASURE"}]}
RESULT: {"script":"<script> [1562 bytes]","args":[{"selector":{"id":"application-manageresources-display-component---newResourceUnit--BASE_UNIT_OF_MEASURE","interaction":{"idSuffix":"inner"}},"wdio_ui5_key":"applicationmanageresources-display-component---newResourceUnit--BASE_UNIT_OF_MEASURE"}]}
RESULT: undefined
COMMAND: POST /session/3fdde00e1aad0000c801fdda20f45a25/execute/async - {"script":"<script> [776 bytes]","args":[{"enterText":"Piece","selector":{"id":"application-manageresources-display-component---newResourceUnit--BASE_UNIT_OF_MEASURE","interaction":{"idSuffix":"inner"}},"clearTextFirst":true,"interactionType":"ENTER_TEXT"}]}
RESULT: {"script":"<script> [776 bytes]","args":[{"enterText":"Piece","selector":{"id":"application-manageresources-display-component---newResourceUnit--BASE_UNIT_OF_MEASURE","interaction":{"idSuffix":"inner"}},"clearTextFirst":true,"interactionType":"ENTER_TEXT"}]}
COMMAND: POST /session/3fdde00e1aad0000c801fdda20f45a25/execute/async - {"script":"<script> [1562 bytes]","args":[{"selector":{"id":"application-manageresources-display-component---newResourceUnit--WEIGHT_UNIT","interaction":{"idSuffix":"inner"}},"wdio_ui5_key":"applicationmanageresources-display-component---newResourceUnit--WEIGHT_UNIT"}]}
RESULT: {"script":"<script> [1562 bytes]","args":[{"selector":{"id":"application-manageresources-display-component---newResourceUnit--WEIGHT_UNIT","interaction":{"idSuffix":"inner"}},"wdio_ui5_key":"applicationmanageresources-display-component---newResourceUnit--WEIGHT_UNIT"}]}
RESULT: undefined
COMMAND: POST /session/3fdde00e1aad0000c801fdda20f45a25/execute/async - {"script":"<script> [776 bytes]","args":[{"enterText":"Gram","selector":{"id":"application-manageresources-display-component---newResourceUnit--WEIGHT_UNIT","interaction":{"idSuffix":"inner"}},"clearTextFirst":true,"interactionType":"ENTER_TEXT"}]}
RESULT: {"script":"<script> [776 bytes]","args":[{"enterText":"Gram","selector":{"id":"application-manageresources-display-component---newResourceUnit--WEIGHT_UNIT","interaction":{"idSuffix":"inner"}},"clearTextFirst":true,"interactionType":"ENTER_TEXT"}]}
COMMAND: POST /session/3fdde00e1aad0000c801fdda20f45a25/execute/async - {"script":"<script> [1562 bytes]","args":[{"selector":{"id":"application-manageresources-display-component---newResourceUnit--DIMENSION_UNIT","interaction":{"idSuffix":"inner"}},"wdio_ui5_key":"applicationmanageresources-display-component---newResourceUnit--DIMENSION_UNIT"}]}
RESULT: {"script":"<script> [1562 bytes]","args":[{"selector":{"id":"application-manageresources-display-component---newResourceUnit--DIMENSION_UNIT","interaction":{"idSuffix":"inner"}},"wdio_ui5_key":"applicationmanageresources-display-component---newResourceUnit--DIMENSION_UNIT"}]}
RESULT: undefined
COMMAND: POST /session/3fdde00e1aad0000c801fdda20f45a25/execute/async - {"script":"<script> [776 bytes]","args":[{"enterText":"Meter","selector":{"id":"application-manageresources-display-component---newResourceUnit--DIMENSION_UNIT","interaction":{"idSuffix":"inner"}},"clearTextFirst":true,"interactionType":"ENTER_TEXT"}]}
RESULT: {"script":"<script> [776 bytes]","args":[{"enterText":"Meter","selector":{"id":"application-manageresources-display-component---newResourceUnit--DIMENSION_UNIT","interaction":{"idSuffix":"inner"}},"clearTextFirst":true,"interactionType":"ENTER_TEXT"}]}
COMMAND: POST /session/3fdde00e1aad0000c801fdda20f45a25/execute/async - {"script":"<script> [1562 bytes]","args":[{"selector":{"id":"application-manageresources-display-component---newResourceUnit--newRRUPage-anchBar-application-manageresources-display-component---newResourceUnit--control-anchor","interaction":{"idSuffix":"BDI-content"}},"wdio_ui5_key":"applicationmanageresources-display-component---newResourceUnit--newRRUPage-anchBar-application-manageresources-display-component---newResourceUnit--control-anchor"}]}
RESULT: {"script":"<script> [1562 bytes]","args":[{"selector":{"id":"application-manageresources-display-component---newResourceUnit--newRRUPage-anchBar-application-manageresources-display-component---newResourceUnit--control-anchor","interaction":{"idSuffix":"BDI-content"}},"wdio_ui5_key":"applicationmanageresources-display-component---newResourceUnit--newRRUPage-anchBar-application-manageresources-display-component---newResourceUnit--control-anchor"}]}
RESULT: undefined
COMMAND: POST /session/3fdde00e1aad0000c801fdda20f45a25/element - {"using":"xpath","value":"//*[@id=\"application-manageresources-display-component---newResourceUnit--newRRUPage-anchBar-application-manageresources-display-component---newResourceUnit--control-anchor\"]"}
RESULT: {"using":"xpath","value":"//*[@id=\"application-manageresources-display-component---newResourceUnit--newRRUPage-anchBar-application-manageresources-display-component---newResourceUnit--control-anchor\"]"}
COMMAND: POST /session/3fdde00e1aad0000c801fdda20f45a25/element/f.AD023EB381BA77EAB040171FD40D96B9.d.3960A16D08D68320A47508AB906CB979.e.3192/click - {}
RESULT: {}
COMMAND: POST /session/3fdde00e1aad0000c801fdda20f45a25/execute/async - {"script":"<script> [1562 bytes]","args":[{"selector":{"id":"application-manageresources-display-component---newResourceUnit--PLANNING_GROUP","interaction":{"idSuffix":"inner"}},"wdio_ui5_key":"applicationmanageresources-display-component---newResourceUnit--PLANNING_GROUP"}]}
COMMAND: GET /session/3fdde00e1aad0000c801fdda20f45a25/screenshot - {}
RESULT: {"script":"<script> [1562 bytes]","args":[{"selector":{"id":"application-manageresources-display-component---newResourceUnit--PLANNING_GROUP","interaction":{"idSuffix":"inner"}},"wdio_ui5_key":"applicationmanageresources-display-component---newResourceUnit--PLANNING_GROUP"}]}
RESULT: undefined
COMMAND: POST /session/3fdde00e1aad0000c801fdda20f45a25/execute/async - {"script":"<script> [776 bytes]","args":[{"enterText":"Heavy Equi","selector":{"id":"application-manageresources-display-component---newResourceUnit--PLANNING_GROUP","interaction":{"idSuffix":"inner"}},"clearTextFirst":true,"interactionType":"ENTER_TEXT"}]}
RESULT: {}
RESULT: {"script":"<script> [776 bytes]","args":[{"enterText":"Heavy Equi","selector":{"id":"application-manageresources-display-component---newResourceUnit--PLANNING_GROUP","interaction":{"idSuffix":"inner"}},"clearTextFirst":true,"interactionType":"ENTER_TEXT"}]}
COMMAND: POST /session/3fdde00e1aad0000c801fdda20f45a25/execute/async - {"script":"<script> [1562 bytes]","args":[{"selector":{"id":"application-manageresources-display-component---newResourceUnit--PLANNING_INDICATOR","interaction":{"idSuffix":"inner"}},"wdio_ui5_key":"applicationmanageresources-display-component---newResourceUnit--PLANNING_INDICATOR"}]}
RESULT: {"script":"<script> [1562 bytes]","args":[{"selector":{"id":"application-manageresources-display-component---newResourceUnit--PLANNING_INDICATOR","interaction":{"idSuffix":"inner"}},"wdio_ui5_key":"applicationmanageresources-display-component---newResourceUnit--PLANNING_INDICATOR"}]}
RESULT: undefined
COMMAND: POST /session/3fdde00e1aad0000c801fdda20f45a25/execute/async - {"script":"<script> [776 bytes]","args":[{"enterText":"10 - infinite","selector":{"id":"application-manageresources-display-component---newResourceUnit--PLANNING_INDICATOR","interaction":{"idSuffix":"inner"}},"clearTextFirst":true,"interactionType":"ENTER_TEXT"}]}
RESULT: {"script":"<script> [776 bytes]","args":[{"enterText":"10 - infinite","selector":{"id":"application-manageresources-display-component---newResourceUnit--PLANNING_INDICATOR","interaction":{"idSuffix":"inner"}},"clearTextFirst":true,"interactionType":"ENTER_TEXT"}]}
COMMAND: POST /session/3fdde00e1aad0000c801fdda20f45a25/execute/async - {"script":"<script> [1562 bytes]","args":[{"selector":{"id":"application-manageresources-display-component---newResourceUnit--ITEM_TYPE-arrow"},"wdio_ui5_key":"applicationmanageresources-display-component---newResourceUnit--ITEM_TYPE-arrow"}]}
RESULT: {"script":"<script> [1562 bytes]","args":[{"selector":{"id":"application-manageresources-display-component---newResourceUnit--ITEM_TYPE-arrow"},"wdio_ui5_key":"applicationmanageresources-display-component---newResourceUnit--ITEM_TYPE-arrow"}]}
RESULT: undefined
COMMAND: POST /session/3fdde00e1aad0000c801fdda20f45a25/element - {"using":"xpath","value":"//*[@id=\"application-manageresources-display-component---newResourceUnit--ITEM_TYPE-arrow\"]"}
RESULT: {"using":"xpath","value":"//*[@id=\"application-manageresources-display-component---newResourceUnit--ITEM_TYPE-arrow\"]"}
COMMAND: POST /session/3fdde00e1aad0000c801fdda20f45a25/element/f.AD023EB381BA77EAB040171FD40D96B9.d.3960A16D08D68320A47508AB906CB979.e.3202/click - {}
RESULT: {}
COMMAND: GET /session/3fdde00e1aad0000c801fdda20f45a25/screenshot - {}
RESULT: {}
COMMAND: POST /session/3fdde00e1aad0000c801fdda20f45a25/execute/async - {"script":"<script> [1562 bytes]","args":[{"selector":{"controlType":"sap.m.StandardListItem","viewName":"reusables.view.manageresources.NewResourceUnit","viewId":"application-manageresources-display-component---newResourceUnit","properties":{"title":"Pool Equipment"},"searchOpenDialogs":true,"interaction":{"idSuffix":"content"}},"wdio_ui5_key":"reusablesview.manageresources.NewResourceUnitsap.m.StandardListItem{\"title\":\"Pool Equipment\"}"}]}
RESULT: {"script":"<script> [1562 bytes]","args":[{"selector":{"controlType":"sap.m.StandardListItem","viewName":"reusables.view.manageresources.NewResourceUnit","viewId":"application-manageresources-display-component---newResourceUnit","properties":{"title":"Pool Equipment"},"searchOpenDialogs":true,"interaction":{"idSuffix":"content"}},"wdio_ui5_key":"reusablesview.manageresources.NewResourceUnitsap.m.StandardListItem{\"title\":\"Pool Equipment\"}"}]}
RESULT: undefined
COMMAND: POST /session/3fdde00e1aad0000c801fdda20f45a25/element - {"using":"xpath","value":"//*[@id=\"__item218\"]"}
RESULT: {"using":"xpath","value":"//*[@id=\"__item218\"]"}
COMMAND: POST /session/3fdde00e1aad0000c801fdda20f45a25/element/f.AD023EB381BA77EAB040171FD40D96B9.d.3960A16D08D68320A47508AB906CB979.e.3204/click - {}
RESULT: {}
COMMAND: GET /session/3fdde00e1aad0000c801fdda20f45a25/screenshot - {}
RESULT: {}
COMMAND: POST /session/3fdde00e1aad0000c801fdda20f45a25/element - {"using":"css selector","value":"#application-manageresources-display-component---newResourceUnit--btnAddTimeSegment"}
RESULT: {"using":"css selector","value":"#application-manageresources-display-component---newResourceUnit--btnAddTimeSegment"}
COMMAND: GET /session/3fdde00e1aad0000c801fdda20f45a25/element/f.AD023EB381BA77EAB040171FD40D96B9.d.3960A16D08D68320A47508AB906CB979.e.3266/rect - {}
RESULT: {}
COMMAND: GET /session/3fdde00e1aad0000c801fdda20f45a25/window/rect - {}
RESULT: {}
COMMAND: POST /session/3fdde00e1aad0000c801fdda20f45a25/execute/sync - {"script":"<script> [92 bytes]","args":[]}
RESULT: {"script":"<script> [92 bytes]","args":[]}
COMMAND: POST /session/3fdde00e1aad0000c801fdda20f45a25/actions - {"actions":[{"id":"action10","type":"wheel","parameters":{},"actions":[{"type":"scroll","x":-1888,"y":-32,"deltaX":0,"deltaY":0,"duration":0,"origin":{"element-6066-11e4-a52e-4f735466cecf":"f.AD023EB381BA77EAB040171FD40D96B9.d.3960A16D08D68320A47508AB906CB979.e.3266"}}]}]}
COMMAND: GET /session/3fdde00e1aad0000c801fdda20f45a25/screenshot - {}
RESULT: {}
COMMAND: POST /session/3fdde00e1aad0000c801fdda20f45a25/execute/sync - {"script":"<script> [79 bytes]","args":[{"element-6066-11e4-a52e-4f735466cecf":"f.AD023EB381BA77EAB040171FD40D96B9.d.3960A16D08D68320A47508AB906CB979.e.3266","ELEMENT":"f.AD023EB381BA77EAB040171FD40D96B9.d.3960A16D08D68320A47508AB906CB979.e.3266"},{"block":"start","inline":"nearest"}]}
RESULT: {"script":"<script> [79 bytes]","args":[{"element-6066-11e4-a52e-4f735466cecf":"f.AD023EB381BA77EAB040171FD40D96B9.d.3960A16D08D68320A47508AB906CB979.e.3266","ELEMENT":"f.AD023EB381BA77EAB040171FD40D96B9.d.3960A16D08D68320A47508AB906CB979.e.3266"},{"block":"start","inline":"nearest"}]}
COMMAND: POST /session/3fdde00e1aad0000c801fdda20f45a25/execute/async - {"script":"<script> [1562 bytes]","args":[{"selector":{"id":"application-manageresources-display-component---newResourceUnit--btnAddTimeSegment","interaction":{"idSuffix":"inner"}},"wdio_ui5_key":"applicationmanageresources-display-component---newResourceUnit--btnAddTimeSegment"}]}
COMMAND: GET /session/3fdde00e1aad0000c801fdda20f45a25/screenshot - {}
RESULT: {"script":"<script> [1562 bytes]","args":[{"selector":{"id":"application-manageresources-display-component---newResourceUnit--btnAddTimeSegment","interaction":{"idSuffix":"inner"}},"wdio_ui5_key":"applicationmanageresources-display-component---newResourceUnit--btnAddTimeSegment"}]}
RESULT: undefined
COMMAND: POST /session/3fdde00e1aad0000c801fdda20f45a25/element - {"using":"xpath","value":"//*[@id=\"application-manageresources-display-component---newResourceUnit--btnAddTimeSegment\"]"}
RESULT: {}
RESULT: {"using":"xpath","value":"//*[@id=\"application-manageresources-display-component---newResourceUnit--btnAddTimeSegment\"]"}
COMMAND: POST /session/3fdde00e1aad0000c801fdda20f45a25/element/f.AD023EB381BA77EAB040171FD40D96B9.d.3960A16D08D68320A47508AB906CB979.e.3266/click - {}
RESULT: {}
COMMAND: GET /session/3fdde00e1aad0000c801fdda20f45a25/screenshot - {}
RESULT: {}
COMMAND: POST /session/3fdde00e1aad0000c801fdda20f45a25/element - {"using":"xpath","value":"//input[@id=\"application-manageresources-display-component---newResourceUnit--idRuTSAdmin-application-manageresources-display-component---newResourceUnit--RUTimeSegment-0-inner\"]"}
RESULT: {"using":"xpath","value":"//input[@id=\"application-manageresources-display-component---newResourceUnit--idRuTSAdmin-application-manageresources-display-component---newResourceUnit--RUTimeSegment-0-inner\"]"}
COMMAND: POST /session/3fdde00e1aad0000c801fdda20f45a25/element/f.AD023EB381BA77EAB040171FD40D96B9.d.3960A16D08D68320A47508AB906CB979.e.3272/clear - {}
RESULT: {}
COMMAND: POST /session/3fdde00e1aad0000c801fdda20f45a25/element/f.AD023EB381BA77EAB040171FD40D96B9.d.3960A16D08D68320A47508AB906CB979.e.3272/value - {"text":"564"}
COMMAND: GET /session/3fdde00e1aad0000c801fdda20f45a25/screenshot - {}
RESULT: {"text":"564"}
COMMAND: GET /session/3fdde00e1aad0000c801fdda20f45a25/screenshot - {}
RESULT: {}
RESULT: {}
COMMAND: POST /session/3fdde00e1aad0000c801fdda20f45a25/element - {"using":"xpath","value":"//li[.//span[text()='564']]"}
RESULT: {"using":"xpath","value":"//li[.//span[text()='564']]"}
COMMAND: POST /session/3fdde00e1aad0000c801fdda20f45a25/element/f.AD023EB381BA77EAB040171FD40D96B9.d.3960A16D08D68320A47508AB906CB979.e.3285/click - {}
RESULT: {}
COMMAND: GET /session/3fdde00e1aad0000c801fdda20f45a25/screenshot - {}
RESULT: {}
COMMAND: POST /session/3fdde00e1aad0000c801fdda20f45a25/element - {"using":"xpath","value":"(//span[contains(@id, \"-application-manageresources-display-component---newResourceUnit--RUTimeSegment-0-arrow\")])[5]"}
RESULT: {"using":"xpath","value":"(//span[contains(@id, \"-application-manageresources-display-component---newResourceUnit--RUTimeSegment-0-arrow\")])[5]"}
COMMAND: POST /session/3fdde00e1aad0000c801fdda20f45a25/element/f.AD023EB381BA77EAB040171FD40D96B9.d.3960A16D08D68320A47508AB906CB979.e.3286/click - {}
RESULT: {}
COMMAND: GET /session/3fdde00e1aad0000c801fdda20f45a25/screenshot - {}
RESULT: {}
COMMAND: POST /session/3fdde00e1aad0000c801fdda20f45a25/element - {"using":"xpath","value":"//span[contains(text(), \"PM Order\")]"}
RESULT: {"using":"xpath","value":"//span[contains(text(), \"PM Order\")]"}
COMMAND: POST /session/3fdde00e1aad0000c801fdda20f45a25/element/f.AD023EB381BA77EAB040171FD40D96B9.d.3960A16D08D68320A47508AB906CB979.e.3287/click - {}
RESULT: {}
COMMAND: GET /session/3fdde00e1aad0000c801fdda20f45a25/screenshot - {}
RESULT: {}
COMMAND: POST /session/3fdde00e1aad0000c801fdda20f45a25/element - {"using":"xpath","value":"(//span[contains(@id ,\"manageresources-display-component---newResourceUnit--RUTimeSegment-0-vhi\")])[1]"}
RESULT: {"using":"xpath","value":"(//span[contains(@id ,\"manageresources-display-component---newResourceUnit--RUTimeSegment-0-vhi\")])[1]"}
COMMAND: POST /session/3fdde00e1aad0000c801fdda20f45a25/elements - {"using":"xpath","value":"(//span[contains(@id ,\"manageresources-display-component---newResourceUnit--RUTimeSegment-0-vhi\")])[1]"}
RESULT: {"using":"xpath","value":"(//span[contains(@id ,\"manageresources-display-component---newResourceUnit--RUTimeSegment-0-vhi\")])[1]"}
COMMAND: POST /session/3fdde00e1aad0000c801fdda20f45a25/elements - {"using":"xpath","value":"(//span[contains(@id ,\"manageresources-display-component---newResourceUnit--RUTimeSegment-0-vhi\")])[1]"}
RESULT: {"using":"xpath","value":"(//span[contains(@id ,\"manageresources-display-component---newResourceUnit--RUTimeSegment-0-vhi\")])[1]"}
COMMAND: POST /session/3fdde00e1aad0000c801fdda20f45a25/elements - {"using":"xpath","value":"(//span[contains(@id ,\"manageresources-display-component---newResourceUnit--RUTimeSegment-0-vhi\")])[1]"}
RESULT: {"using":"xpath","value":"(//span[contains(@id ,\"manageresources-display-component---newResourceUnit--RUTimeSegment-0-vhi\")])[1]"}
COMMAND: POST /session/3fdde00e1aad0000c801fdda20f45a25/elements - {"using":"xpath","value":"(//span[contains(@id ,\"manageresources-display-component---newResourceUnit--RUTimeSegment-0-vhi\")])[1]"}
RESULT: {"using":"xpath","value":"(//span[contains(@id ,\"manageresources-display-component---newResourceUnit--RUTimeSegment-0-vhi\")])[1]"}
COMMAND: POST /session/3fdde00e1aad0000c801fdda20f45a25/elements - {"using":"xpath","value":"(//span[contains(@id ,\"manageresources-display-component---newResourceUnit--RUTimeSegment-0-vhi\")])[1]"}
RESULT: {"using":"xpath","value":"(//span[contains(@id ,\"manageresources-display-component---newResourceUnit--RUTimeSegment-0-vhi\")])[1]"}
COMMAND: POST /session/3fdde00e1aad0000c801fdda20f45a25/elements - {"using":"xpath","value":"(//span[contains(@id ,\"manageresources-display-component---newResourceUnit--RUTimeSegment-0-vhi\")])[1]"}
RESULT: {"using":"xpath","value":"(//span[contains(@id ,\"manageresources-display-component---newResourceUnit--RUTimeSegment-0-vhi\")])[1]"}
COMMAND: POST /session/3fdde00e1aad0000c801fdda20f45a25/elements - {"using":"xpath","value":"(//span[contains(@id ,\"manageresources-display-component---newResourceUnit--RUTimeSegment-0-vhi\")])[1]"}
RESULT: {"using":"xpath","value":"(//span[contains(@id ,\"manageresources-display-component---newResourceUnit--RUTimeSegment-0-vhi\")])[1]"}
COMMAND: POST /session/3fdde00e1aad0000c801fdda20f45a25/elements - {"using":"xpath","value":"(//span[contains(@id ,\"manageresources-display-component---newResourceUnit--RUTimeSegment-0-vhi\")])[1]"}
RESULT: {"using":"xpath","value":"(//span[contains(@id ,\"manageresources-display-component---newResourceUnit--RUTimeSegment-0-vhi\")])[1]"}
COMMAND: POST /session/3fdde00e1aad0000c801fdda20f45a25/elements - {"using":"xpath","value":"(//span[contains(@id ,\"manageresources-display-component---newResourceUnit--RUTimeSegment-0-vhi\")])[1]"}
RESULT: {"using":"xpath","value":"(//span[contains(@id ,\"manageresources-display-component---newResourceUnit--RUTimeSegment-0-vhi\")])[1]"}
COMMAND: POST /session/3fdde00e1aad0000c801fdda20f45a25/elements - {"using":"xpath","value":"(//span[contains(@id ,\"manageresources-display-component---newResourceUnit--RUTimeSegment-0-vhi\")])[1]"}
RESULT: {"using":"xpath","value":"(//span[contains(@id ,\"manageresources-display-component---newResourceUnit--RUTimeSegment-0-vhi\")])[1]"}
COMMAND: POST /session/3fdde00e1aad0000c801fdda20f45a25/elements - {"using":"xpath","value":"(//span[contains(@id ,\"manageresources-display-component---newResourceUnit--RUTimeSegment-0-vhi\")])[1]"}
RESULT: {"using":"xpath","value":"(//span[contains(@id ,\"manageresources-display-component---newResourceUnit--RUTimeSegment-0-vhi\")])[1]"}
COMMAND: POST /session/3fdde00e1aad0000c801fdda20f45a25/elements - {"using":"xpath","value":"(//span[contains(@id ,\"manageresources-display-component---newResourceUnit--RUTimeSegment-0-vhi\")])[1]"}
RESULT: {"using":"xpath","value":"(//span[contains(@id ,\"manageresources-display-component---newResourceUnit--RUTimeSegment-0-vhi\")])[1]"}
COMMAND: POST /session/3fdde00e1aad0000c801fdda20f45a25/elements - {"using":"xpath","value":"(//span[contains(@id ,\"manageresources-display-component---newResourceUnit--RUTimeSegment-0-vhi\")])[1]"}
RESULT: {"using":"xpath","value":"(//span[contains(@id ,\"manageresources-display-component---newResourceUnit--RUTimeSegment-0-vhi\")])[1]"}
COMMAND: POST /session/3fdde00e1aad0000c801fdda20f45a25/elements - {"using":"xpath","value":"(//span[contains(@id ,\"manageresources-display-component---newResourceUnit--RUTimeSegment-0-vhi\")])[1]"}
RESULT: {"using":"xpath","value":"(//span[contains(@id ,\"manageresources-display-component---newResourceUnit--RUTimeSegment-0-vhi\")])[1]"}
COMMAND: POST /session/3fdde00e1aad0000c801fdda20f45a25/elements - {"using":"xpath","value":"(//span[contains(@id ,\"manageresources-display-component---newResourceUnit--RUTimeSegment-0-vhi\")])[1]"}
RESULT: {"using":"xpath","value":"(//span[contains(@id ,\"manageresources-display-component---newResourceUnit--RUTimeSegment-0-vhi\")])[1]"}
COMMAND: POST /session/3fdde00e1aad0000c801fdda20f45a25/elements - {"using":"xpath","value":"(//span[contains(@id ,\"manageresources-display-component---newResourceUnit--RUTimeSegment-0-vhi\")])[1]"}
RESULT: {"using":"xpath","value":"(//span[contains(@id ,\"manageresources-display-component---newResourceUnit--RUTimeSegment-0-vhi\")])[1]"}
COMMAND: POST /session/3fdde00e1aad0000c801fdda20f45a25/elements - {"using":"xpath","value":"(//span[contains(@id ,\"manageresources-display-component---newResourceUnit--RUTimeSegment-0-vhi\")])[1]"}
RESULT: {"using":"xpath","value":"(//span[contains(@id ,\"manageresources-display-component---newResourceUnit--RUTimeSegment-0-vhi\")])[1]"}
COMMAND: POST /session/3fdde00e1aad0000c801fdda20f45a25/elements - {"using":"xpath","value":"(//span[contains(@id ,\"manageresources-display-component---newResourceUnit--RUTimeSegment-0-vhi\")])[1]"}
RESULT: {"using":"xpath","value":"(//span[contains(@id ,\"manageresources-display-component---newResourceUnit--RUTimeSegment-0-vhi\")])[1]"}
COMMAND: POST /session/3fdde00e1aad0000c801fdda20f45a25/elements - {"using":"xpath","value":"(//span[contains(@id ,\"manageresources-display-component---newResourceUnit--RUTimeSegment-0-vhi\")])[1]"}
RESULT: {"using":"xpath","value":"(//span[contains(@id ,\"manageresources-display-component---newResourceUnit--RUTimeSegment-0-vhi\")])[1]"}
COMMAND: POST /session/3fdde00e1aad0000c801fdda20f45a25/elements - {"using":"xpath","value":"(//span[contains(@id ,\"manageresources-display-component---newResourceUnit--RUTimeSegment-0-vhi\")])[1]"}
RESULT: {"using":"xpath","value":"(//span[contains(@id ,\"manageresources-display-component---newResourceUnit--RUTimeSegment-0-vhi\")])[1]"}
COMMAND: POST /session/3fdde00e1aad0000c801fdda20f45a25/elements - {"using":"xpath","value":"(//span[contains(@id ,\"manageresources-display-component---newResourceUnit--RUTimeSegment-0-vhi\")])[1]"}
RESULT: {"using":"xpath","value":"(//span[contains(@id ,\"manageresources-display-component---newResourceUnit--RUTimeSegment-0-vhi\")])[1]"}
COMMAND: POST /session/3fdde00e1aad0000c801fdda20f45a25/elements - {"using":"xpath","value":"(//span[contains(@id ,\"manageresources-display-component---newResourceUnit--RUTimeSegment-0-vhi\")])[1]"}
RESULT: {"using":"xpath","value":"(//span[contains(@id ,\"manageresources-display-component---newResourceUnit--RUTimeSegment-0-vhi\")])[1]"}
COMMAND: POST /session/3fdde00e1aad0000c801fdda20f45a25/elements - {"using":"xpath","value":"(//span[contains(@id ,\"manageresources-display-component---newResourceUnit--RUTimeSegment-0-vhi\")])[1]"}
RESULT: {"using":"xpath","value":"(//span[contains(@id ,\"manageresources-display-component---newResourceUnit--RUTimeSegment-0-vhi\")])[1]"}
COMMAND: POST /session/3fdde00e1aad0000c801fdda20f45a25/elements - {"using":"xpath","value":"(//span[contains(@id ,\"manageresources-display-component---newResourceUnit--RUTimeSegment-0-vhi\")])[1]"}
RESULT: {"using":"xpath","value":"(//span[contains(@id ,\"manageresources-display-component---newResourceUnit--RUTimeSegment-0-vhi\")])[1]"}
COMMAND: POST /session/3fdde00e1aad0000c801fdda20f45a25/elements - {"using":"xpath","value":"(//span[contains(@id ,\"manageresources-display-component---newResourceUnit--RUTimeSegment-0-vhi\")])[1]"}
RESULT: {"using":"xpath","value":"(//span[contains(@id ,\"manageresources-display-component---newResourceUnit--RUTimeSegment-0-vhi\")])[1]"}
COMMAND: POST /session/3fdde00e1aad0000c801fdda20f45a25/elements - {"using":"xpath","value":"(//span[contains(@id ,\"manageresources-display-component---newResourceUnit--RUTimeSegment-0-vhi\")])[1]"}
RESULT: {"using":"xpath","value":"(//span[contains(@id ,\"manageresources-display-component---newResourceUnit--RUTimeSegment-0-vhi\")])[1]"}
COMMAND: POST /session/3fdde00e1aad0000c801fdda20f45a25/elements - {"using":"xpath","value":"(//span[contains(@id ,\"manageresources-display-component---newResourceUnit--RUTimeSegment-0-vhi\")])[1]"}
RESULT: {"using":"xpath","value":"(//span[contains(@id ,\"manageresources-display-component---newResourceUnit--RUTimeSegment-0-vhi\")])[1]"}
COMMAND: POST /session/3fdde00e1aad0000c801fdda20f45a25/elements - {"using":"xpath","value":"(//span[contains(@id ,\"manageresources-display-component---newResourceUnit--RUTimeSegment-0-vhi\")])[1]"}
RESULT: {"using":"xpath","value":"(//span[contains(@id ,\"manageresources-display-component---newResourceUnit--RUTimeSegment-0-vhi\")])[1]"}
COMMAND: POST /session/3fdde00e1aad0000c801fdda20f45a25/elements - {"using":"xpath","value":"(//span[contains(@id ,\"manageresources-display-component---newResourceUnit--RUTimeSegment-0-vhi\")])[1]"}
RESULT: {"using":"xpath","value":"(//span[contains(@id ,\"manageresources-display-component---newResourceUnit--RUTimeSegment-0-vhi\")])[1]"}
COMMAND: POST /session/3fdde00e1aad0000c801fdda20f45a25/elements - {"using":"xpath","value":"(//span[contains(@id ,\"manageresources-display-component---newResourceUnit--RUTimeSegment-0-vhi\")])[1]"}
RESULT: {"using":"xpath","value":"(//span[contains(@id ,\"manageresources-display-component---newResourceUnit--RUTimeSegment-0-vhi\")])[1]"}
COMMAND: POST /session/3fdde00e1aad0000c801fdda20f45a25/elements - {"using":"xpath","value":"(//span[contains(@id ,\"manageresources-display-component---newResourceUnit--RUTimeSegment-0-vhi\")])[1]"}
RESULT: {"using":"xpath","value":"(//span[contains(@id ,\"manageresources-display-component---newResourceUnit--RUTimeSegment-0-vhi\")])[1]"}
COMMAND: POST /session/3fdde00e1aad0000c801fdda20f45a25/elements - {"using":"xpath","value":"(//span[contains(@id ,\"manageresources-display-component---newResourceUnit--RUTimeSegment-0-vhi\")])[1]"}
RESULT: {"using":"xpath","value":"(//span[contains(@id ,\"manageresources-display-component---newResourceUnit--RUTimeSegment-0-vhi\")])[1]"}
COMMAND: POST /session/3fdde00e1aad0000c801fdda20f45a25/elements - {"using":"xpath","value":"(//span[contains(@id ,\"manageresources-display-component---newResourceUnit--RUTimeSegment-0-vhi\")])[1]"}
RESULT: {"using":"xpath","value":"(//span[contains(@id ,\"manageresources-display-component---newResourceUnit--RUTimeSegment-0-vhi\")])[1]"}
COMMAND: POST /session/3fdde00e1aad0000c801fdda20f45a25/elements - {"using":"xpath","value":"(//span[contains(@id ,\"manageresources-display-component---newResourceUnit--RUTimeSegment-0-vhi\")])[1]"}
RESULT: {"using":"xpath","value":"(//span[contains(@id ,\"manageresources-display-component---newResourceUnit--RUTimeSegment-0-vhi\")])[1]"}
COMMAND: POST /session/3fdde00e1aad0000c801fdda20f45a25/elements - {"using":"xpath","value":"(//span[contains(@id ,\"manageresources-display-component---newResourceUnit--RUTimeSegment-0-vhi\")])[1]"}
RESULT: {"using":"xpath","value":"(//span[contains(@id ,\"manageresources-display-component---newResourceUnit--RUTimeSegment-0-vhi\")])[1]"}
COMMAND: POST /session/3fdde00e1aad0000c801fdda20f45a25/elements - {"using":"xpath","value":"(//span[contains(@id ,\"manageresources-display-component---newResourceUnit--RUTimeSegment-0-vhi\")])[1]"}
RESULT: {"using":"xpath","value":"(//span[contains(@id ,\"manageresources-display-component---newResourceUnit--RUTimeSegment-0-vhi\")])[1]"}
COMMAND: POST /session/3fdde00e1aad0000c801fdda20f45a25/elements - {"using":"xpath","value":"(//span[contains(@id ,\"manageresources-display-component---newResourceUnit--RUTimeSegment-0-vhi\")])[1]"}
RESULT: {"using":"xpath","value":"(//span[contains(@id ,\"manageresources-display-component---newResourceUnit--RUTimeSegment-0-vhi\")])[1]"}
COMMAND: POST /session/3fdde00e1aad0000c801fdda20f45a25/elements - {"using":"xpath","value":"(//span[contains(@id ,\"manageresources-display-component---newResourceUnit--RUTimeSegment-0-vhi\")])[1]"}
RESULT: {"using":"xpath","value":"(//span[contains(@id ,\"manageresources-display-component---newResourceUnit--RUTimeSegment-0-vhi\")])[1]"}
COMMAND: POST /session/3fdde00e1aad0000c801fdda20f45a25/elements - {"using":"xpath","value":"(//span[contains(@id ,\"manageresources-display-component---newResourceUnit--RUTimeSegment-0-vhi\")])[1]"}
RESULT: {"using":"xpath","value":"(//span[contains(@id ,\"manageresources-display-component---newResourceUnit--RUTimeSegment-0-vhi\")])[1]"}
COMMAND: POST /session/3fdde00e1aad0000c801fdda20f45a25/elements - {"using":"xpath","value":"(//span[contains(@id ,\"manageresources-display-component---newResourceUnit--RUTimeSegment-0-vhi\")])[1]"}
RESULT: {"using":"xpath","value":"(//span[contains(@id ,\"manageresources-display-component---newResourceUnit--RUTimeSegment-0-vhi\")])[1]"}
COMMAND: POST /session/3fdde00e1aad0000c801fdda20f45a25/elements - {"using":"xpath","value":"(//span[contains(@id ,\"manageresources-display-component---newResourceUnit--RUTimeSegment-0-vhi\")])[1]"}
RESULT: {"using":"xpath","value":"(//span[contains(@id ,\"manageresources-display-component---newResourceUnit--RUTimeSegment-0-vhi\")])[1]"}
COMMAND: POST /session/3fdde00e1aad0000c801fdda20f45a25/elements - {"using":"xpath","value":"(//span[contains(@id ,\"manageresources-display-component---newResourceUnit--RUTimeSegment-0-vhi\")])[1]"}
RESULT: {"using":"xpath","value":"(//span[contains(@id ,\"manageresources-display-component---newResourceUnit--RUTimeSegment-0-vhi\")])[1]"}
COMMAND: POST /session/3fdde00e1aad0000c801fdda20f45a25/elements - {"using":"xpath","value":"(//span[contains(@id ,\"manageresources-display-component---newResourceUnit--RUTimeSegment-0-vhi\")])[1]"}
RESULT: {"using":"xpath","value":"(//span[contains(@id ,\"manageresources-display-component---newResourceUnit--RUTimeSegment-0-vhi\")])[1]"}
COMMAND: POST /session/3fdde00e1aad0000c801fdda20f45a25/elements - {"using":"xpath","value":"(//span[contains(@id ,\"manageresources-display-component---newResourceUnit--RUTimeSegment-0-vhi\")])[1]"}
RESULT: {"using":"xpath","value":"(//span[contains(@id ,\"manageresources-display-component---newResourceUnit--RUTimeSegment-0-vhi\")])[1]"}
COMMAND: POST /session/3fdde00e1aad0000c801fdda20f45a25/elements - {"using":"xpath","value":"(//span[contains(@id ,\"manageresources-display-component---newResourceUnit--RUTimeSegment-0-vhi\")])[1]"}
RESULT: {"using":"xpath","value":"(//span[contains(@id ,\"manageresources-display-component---newResourceUnit--RUTimeSegment-0-vhi\")])[1]"}
COMMAND: POST /session/3fdde00e1aad0000c801fdda20f45a25/elements - {"using":"xpath","value":"(//span[contains(@id ,\"manageresources-display-component---newResourceUnit--RUTimeSegment-0-vhi\")])[1]"}
RESULT: {"using":"xpath","value":"(//span[contains(@id ,\"manageresources-display-component---newResourceUnit--RUTimeSegment-0-vhi\")])[1]"}
COMMAND: POST /session/3fdde00e1aad0000c801fdda20f45a25/elements - {"using":"xpath","value":"(//span[contains(@id ,\"manageresources-display-component---newResourceUnit--RUTimeSegment-0-vhi\")])[1]"}
RESULT: {"using":"xpath","value":"(//span[contains(@id ,\"manageresources-display-component---newResourceUnit--RUTimeSegment-0-vhi\")])[1]"}
COMMAND: POST /session/3fdde00e1aad0000c801fdda20f45a25/elements - {"using":"xpath","value":"(//span[contains(@id ,\"manageresources-display-component---newResourceUnit--RUTimeSegment-0-vhi\")])[1]"}
RESULT: {"using":"xpath","value":"(//span[contains(@id ,\"manageresources-display-component---newResourceUnit--RUTimeSegment-0-vhi\")])[1]"}
COMMAND: POST /session/3fdde00e1aad0000c801fdda20f45a25/elements - {"using":"xpath","value":"(//span[contains(@id ,\"manageresources-display-component---newResourceUnit--RUTimeSegment-0-vhi\")])[1]"}
RESULT: {"using":"xpath","value":"(//span[contains(@id ,\"manageresources-display-component---newResourceUnit--RUTimeSegment-0-vhi\")])[1]"}
COMMAND: POST /session/3fdde00e1aad0000c801fdda20f45a25/elements - {"using":"xpath","value":"(//span[contains(@id ,\"manageresources-display-component---newResourceUnit--RUTimeSegment-0-vhi\")])[1]"}
RESULT: {"using":"xpath","value":"(//span[contains(@id ,\"manageresources-display-component---newResourceUnit--RUTimeSegment-0-vhi\")])[1]"}
COMMAND: POST /session/3fdde00e1aad0000c801fdda20f45a25/elements - {"using":"xpath","value":"(//span[contains(@id ,\"manageresources-display-component---newResourceUnit--RUTimeSegment-0-vhi\")])[1]"}
RESULT: {"using":"xpath","value":"(//span[contains(@id ,\"manageresources-display-component---newResourceUnit--RUTimeSegment-0-vhi\")])[1]"}
COMMAND: POST /session/3fdde00e1aad0000c801fdda20f45a25/elements - {"using":"xpath","value":"(//span[contains(@id ,\"manageresources-display-component---newResourceUnit--RUTimeSegment-0-vhi\")])[1]"}
RESULT: {"using":"xpath","value":"(//span[contains(@id ,\"manageresources-display-component---newResourceUnit--RUTimeSegment-0-vhi\")])[1]"}
COMMAND: POST /session/3fdde00e1aad0000c801fdda20f45a25/elements - {"using":"xpath","value":"(//span[contains(@id ,\"manageresources-display-component---newResourceUnit--RUTimeSegment-0-vhi\")])[1]"}
RESULT: {"using":"xpath","value":"(//span[contains(@id ,\"manageresources-display-component---newResourceUnit--RUTimeSegment-0-vhi\")])[1]"}
COMMAND: POST /session/3fdde00e1aad0000c801fdda20f45a25/elements - {"using":"xpath","value":"(//span[contains(@id ,\"manageresources-display-component---newResourceUnit--RUTimeSegment-0-vhi\")])[1]"}
RESULT: {"using":"xpath","value":"(//span[contains(@id ,\"manageresources-display-component---newResourceUnit--RUTimeSegment-0-vhi\")])[1]"}
COMMAND: POST /session/3fdde00e1aad0000c801fdda20f45a25/elements - {"using":"xpath","value":"(//span[contains(@id ,\"manageresources-display-component---newResourceUnit--RUTimeSegment-0-vhi\")])[1]"}
RESULT: {"using":"xpath","value":"(//span[contains(@id ,\"manageresources-display-component---newResourceUnit--RUTimeSegment-0-vhi\")])[1]"}
COMMAND: POST /session/3fdde00e1aad0000c801fdda20f45a25/elements - {"using":"xpath","value":"(//span[contains(@id ,\"manageresources-display-component---newResourceUnit--RUTimeSegment-0-vhi\")])[1]"}
RESULT: {"using":"xpath","value":"(//span[contains(@id ,\"manageresources-display-component---newResourceUnit--RUTimeSegment-0-vhi\")])[1]"}
COMMAND: POST /session/3fdde00e1aad0000c801fdda20f45a25/elements - {"using":"xpath","value":"(//span[contains(@id ,\"manageresources-display-component---newResourceUnit--RUTimeSegment-0-vhi\")])[1]"}
RESULT: {"using":"xpath","value":"(//span[contains(@id ,\"manageresources-display-component---newResourceUnit--RUTimeSegment-0-vhi\")])[1]"}
COMMAND: POST /session/3fdde00e1aad0000c801fdda20f45a25/elements - {"using":"xpath","value":"(//span[contains(@id ,\"manageresources-display-component---newResourceUnit--RUTimeSegment-0-vhi\")])[1]"}
RESULT: {"using":"xpath","value":"(//span[contains(@id ,\"manageresources-display-component---newResourceUnit--RUTimeSegment-0-vhi\")])[1]"}
COMMAND: POST /session/3fdde00e1aad0000c801fdda20f45a25/elements - {"using":"xpath","value":"(//span[contains(@id ,\"manageresources-display-component---newResourceUnit--RUTimeSegment-0-vhi\")])[1]"}
RESULT: {"using":"xpath","value":"(//span[contains(@id ,\"manageresources-display-component---newResourceUnit--RUTimeSegment-0-vhi\")])[1]"}
COMMAND: POST /session/3fdde00e1aad0000c801fdda20f45a25/elements - {"using":"xpath","value":"(//span[contains(@id ,\"manageresources-display-component---newResourceUnit--RUTimeSegment-0-vhi\")])[1]"}
RESULT: {"using":"xpath","value":"(//span[contains(@id ,\"manageresources-display-component---newResourceUnit--RUTimeSegment-0-vhi\")])[1]"}
COMMAND: POST /session/3fdde00e1aad0000c801fdda20f45a25/elements - {"using":"xpath","value":"(//span[contains(@id ,\"manageresources-display-component---newResourceUnit--RUTimeSegment-0-vhi\")])[1]"}
RESULT: {"using":"xpath","value":"(//span[contains(@id ,\"manageresources-display-component---newResourceUnit--RUTimeSegment-0-vhi\")])[1]"}
COMMAND: POST /session/3fdde00e1aad0000c801fdda20f45a25/elements - {"using":"xpath","value":"(//span[contains(@id ,\"manageresources-display-component---newResourceUnit--RUTimeSegment-0-vhi\")])[1]"}
RESULT: {"using":"xpath","value":"(//span[contains(@id ,\"manageresources-display-component---newResourceUnit--RUTimeSegment-0-vhi\")])[1]"}
COMMAND: POST /session/3fdde00e1aad0000c801fdda20f45a25/elements - {"using":"xpath","value":"(//span[contains(@id ,\"manageresources-display-component---newResourceUnit--RUTimeSegment-0-vhi\")])[1]"}
RESULT: {"using":"xpath","value":"(//span[contains(@id ,\"manageresources-display-component---newResourceUnit--RUTimeSegment-0-vhi\")])[1]"}
COMMAND: POST /session/3fdde00e1aad0000c801fdda20f45a25/elements - {"using":"xpath","value":"(//span[contains(@id ,\"manageresources-display-component---newResourceUnit--RUTimeSegment-0-vhi\")])[1]"}
RESULT: {"using":"xpath","value":"(//span[contains(@id ,\"manageresources-display-component---newResourceUnit--RUTimeSegment-0-vhi\")])[1]"}
COMMAND: POST /session/3fdde00e1aad0000c801fdda20f45a25/elements - {"using":"xpath","value":"(//span[contains(@id ,\"manageresources-display-component---newResourceUnit--RUTimeSegment-0-vhi\")])[1]"}
RESULT: {"using":"xpath","value":"(//span[contains(@id ,\"manageresources-display-component---newResourceUnit--RUTimeSegment-0-vhi\")])[1]"}
COMMAND: POST /session/3fdde00e1aad0000c801fdda20f45a25/elements - {"using":"xpath","value":"(//span[contains(@id ,\"manageresources-display-component---newResourceUnit--RUTimeSegment-0-vhi\")])[1]"}
RESULT: {"using":"xpath","value":"(//span[contains(@id ,\"manageresources-display-component---newResourceUnit--RUTimeSegment-0-vhi\")])[1]"}
COMMAND: POST /session/3fdde00e1aad0000c801fdda20f45a25/elements - {"using":"xpath","value":"(//span[contains(@id ,\"manageresources-display-component---newResourceUnit--RUTimeSegment-0-vhi\")])[1]"}
RESULT: {"using":"xpath","value":"(//span[contains(@id ,\"manageresources-display-component---newResourceUnit--RUTimeSegment-0-vhi\")])[1]"}
COMMAND: POST /session/3fdde00e1aad0000c801fdda20f45a25/elements - {"using":"xpath","value":"(//span[contains(@id ,\"manageresources-display-component---newResourceUnit--RUTimeSegment-0-vhi\")])[1]"}
RESULT: {"using":"xpath","value":"(//span[contains(@id ,\"manageresources-display-component---newResourceUnit--RUTimeSegment-0-vhi\")])[1]"}
COMMAND: POST /session/3fdde00e1aad0000c801fdda20f45a25/elements - {"using":"xpath","value":"(//span[contains(@id ,\"manageresources-display-component---newResourceUnit--RUTimeSegment-0-vhi\")])[1]"}
RESULT: {"using":"xpath","value":"(//span[contains(@id ,\"manageresources-display-component---newResourceUnit--RUTimeSegment-0-vhi\")])[1]"}
COMMAND: POST /session/3fdde00e1aad0000c801fdda20f45a25/elements - {"using":"xpath","value":"(//span[contains(@id ,\"manageresources-display-component---newResourceUnit--RUTimeSegment-0-vhi\")])[1]"}
RESULT: {"using":"xpath","value":"(//span[contains(@id ,\"manageresources-display-component---newResourceUnit--RUTimeSegment-0-vhi\")])[1]"}
COMMAND: POST /session/3fdde00e1aad0000c801fdda20f45a25/elements - {"using":"xpath","value":"(//span[contains(@id ,\"manageresources-display-component---newResourceUnit--RUTimeSegment-0-vhi\")])[1]"}
RESULT: {"using":"xpath","value":"(//span[contains(@id ,\"manageresources-display-component---newResourceUnit--RUTimeSegment-0-vhi\")])[1]"}
COMMAND: POST /session/3fdde00e1aad0000c801fdda20f45a25/elements - {"using":"xpath","value":"(//span[contains(@id ,\"manageresources-display-component---newResourceUnit--RUTimeSegment-0-vhi\")])[1]"}
RESULT: {"using":"xpath","value":"(//span[contains(@id ,\"manageresources-display-component---newResourceUnit--RUTimeSegment-0-vhi\")])[1]"}
COMMAND: POST /session/3fdde00e1aad0000c801fdda20f45a25/elements - {"using":"xpath","value":"(//span[contains(@id ,\"manageresources-display-component---newResourceUnit--RUTimeSegment-0-vhi\")])[1]"}
RESULT: {"using":"xpath","value":"(//span[contains(@id ,\"manageresources-display-component---newResourceUnit--RUTimeSegment-0-vhi\")])[1]"}
COMMAND: POST /session/3fdde00e1aad0000c801fdda20f45a25/elements - {"using":"xpath","value":"(//span[contains(@id ,\"manageresources-display-component---newResourceUnit--RUTimeSegment-0-vhi\")])[1]"}
RESULT: {"using":"xpath","value":"(//span[contains(@id ,\"manageresources-display-component---newResourceUnit--RUTimeSegment-0-vhi\")])[1]"}
COMMAND: POST /session/3fdde00e1aad0000c801fdda20f45a25/elements - {"using":"xpath","value":"(//span[contains(@id ,\"manageresources-display-component---newResourceUnit--RUTimeSegment-0-vhi\")])[1]"}
RESULT: {"using":"xpath","value":"(//span[contains(@id ,\"manageresources-display-component---newResourceUnit--RUTimeSegment-0-vhi\")])[1]"}
COMMAND: POST /session/3fdde00e1aad0000c801fdda20f45a25/elements - {"using":"xpath","value":"(//span[contains(@id ,\"manageresources-display-component---newResourceUnit--RUTimeSegment-0-vhi\")])[1]"}
RESULT: {"using":"xpath","value":"(//span[contains(@id ,\"manageresources-display-component---newResourceUnit--RUTimeSegment-0-vhi\")])[1]"}
COMMAND: POST /session/3fdde00e1aad0000c801fdda20f45a25/elements - {"using":"xpath","value":"(//span[contains(@id ,\"manageresources-display-component---newResourceUnit--RUTimeSegment-0-vhi\")])[1]"}
RESULT: {"using":"xpath","value":"(//span[contains(@id ,\"manageresources-display-component---newResourceUnit--RUTimeSegment-0-vhi\")])[1]"}
COMMAND: POST /session/3fdde00e1aad0000c801fdda20f45a25/elements - {"using":"xpath","value":"(//span[contains(@id ,\"manageresources-display-component---newResourceUnit--RUTimeSegment-0-vhi\")])[1]"}
RESULT: {"using":"xpath","value":"(//span[contains(@id ,\"manageresources-display-component---newResourceUnit--RUTimeSegment-0-vhi\")])[1]"}
COMMAND: POST /session/3fdde00e1aad0000c801fdda20f45a25/elements - {"using":"xpath","value":"(//span[contains(@id ,\"manageresources-display-component---newResourceUnit--RUTimeSegment-0-vhi\")])[1]"}
RESULT: {"using":"xpath","value":"(//span[contains(@id ,\"manageresources-display-component---newResourceUnit--RUTimeSegment-0-vhi\")])[1]"}
COMMAND: POST /session/3fdde00e1aad0000c801fdda20f45a25/elements - {"using":"xpath","value":"(//span[contains(@id ,\"manageresources-display-component---newResourceUnit--RUTimeSegment-0-vhi\")])[1]"}
RESULT: {"using":"xpath","value":"(//span[contains(@id ,\"manageresources-display-component---newResourceUnit--RUTimeSegment-0-vhi\")])[1]"}
COMMAND: POST /session/3fdde00e1aad0000c801fdda20f45a25/elements - {"using":"xpath","value":"(//span[contains(@id ,\"manageresources-display-component---newResourceUnit--RUTimeSegment-0-vhi\")])[1]"}
RESULT: {"using":"xpath","value":"(//span[contains(@id ,\"manageresources-display-component---newResourceUnit--RUTimeSegment-0-vhi\")])[1]"}
COMMAND: POST /session/3fdde00e1aad0000c801fdda20f45a25/elements - {"using":"xpath","value":"(//span[contains(@id ,\"manageresources-display-component---newResourceUnit--RUTimeSegment-0-vhi\")])[1]"}
RESULT: {"using":"xpath","value":"(//span[contains(@id ,\"manageresources-display-component---newResourceUnit--RUTimeSegment-0-vhi\")])[1]"}
COMMAND: POST /session/3fdde00e1aad0000c801fdda20f45a25/elements - {"using":"xpath","value":"(//span[contains(@id ,\"manageresources-display-component---newResourceUnit--RUTimeSegment-0-vhi\")])[1]"}
RESULT: {"using":"xpath","value":"(//span[contains(@id ,\"manageresources-display-component---newResourceUnit--RUTimeSegment-0-vhi\")])[1]"}
COMMAND: POST /session/3fdde00e1aad0000c801fdda20f45a25/elements - {"using":"xpath","value":"(//span[contains(@id ,\"manageresources-display-component---newResourceUnit--RUTimeSegment-0-vhi\")])[1]"}
RESULT: {"using":"xpath","value":"(//span[contains(@id ,\"manageresources-display-component---newResourceUnit--RUTimeSegment-0-vhi\")])[1]"}
COMMAND: POST /session/3fdde00e1aad0000c801fdda20f45a25/elements - {"using":"xpath","value":"(//span[contains(@id ,\"manageresources-display-component---newResourceUnit--RUTimeSegment-0-vhi\")])[1]"}
RESULT: {"using":"xpath","value":"(//span[contains(@id ,\"manageresources-display-component---newResourceUnit--RUTimeSegment-0-vhi\")])[1]"}
COMMAND: POST /session/3fdde00e1aad0000c801fdda20f45a25/elements - {"using":"xpath","value":"(//span[contains(@id ,\"manageresources-display-component---newResourceUnit--RUTimeSegment-0-vhi\")])[1]"}
RESULT: {"using":"xpath","value":"(//span[contains(@id ,\"manageresources-display-component---newResourceUnit--RUTimeSegment-0-vhi\")])[1]"}
COMMAND: POST /session/3fdde00e1aad0000c801fdda20f45a25/elements - {"using":"xpath","value":"(//span[contains(@id ,\"manageresources-display-component---newResourceUnit--RUTimeSegment-0-vhi\")])[1]"}
RESULT: {"using":"xpath","value":"(//span[contains(@id ,\"manageresources-display-component---newResourceUnit--RUTimeSegment-0-vhi\")])[1]"}
COMMAND: POST /session/3fdde00e1aad0000c801fdda20f45a25/elements - {"using":"xpath","value":"(//span[contains(@id ,\"manageresources-display-component---newResourceUnit--RUTimeSegment-0-vhi\")])[1]"}
RESULT: {"using":"xpath","value":"(//span[contains(@id ,\"manageresources-display-component---newResourceUnit--RUTimeSegment-0-vhi\")])[1]"}
COMMAND: POST /session/3fdde00e1aad0000c801fdda20f45a25/elements - {"using":"xpath","value":"(//span[contains(@id ,\"manageresources-display-component---newResourceUnit--RUTimeSegment-0-vhi\")])[1]"}
RESULT: {"using":"xpath","value":"(//span[contains(@id ,\"manageresources-display-component---newResourceUnit--RUTimeSegment-0-vhi\")])[1]"}
COMMAND: POST /session/3fdde00e1aad0000c801fdda20f45a25/elements - {"using":"xpath","value":"(//span[contains(@id ,\"manageresources-display-component---newResourceUnit--RUTimeSegment-0-vhi\")])[1]"}
RESULT: {"using":"xpath","value":"(//span[contains(@id ,\"manageresources-display-component---newResourceUnit--RUTimeSegment-0-vhi\")])[1]"}
COMMAND: POST /session/3fdde00e1aad0000c801fdda20f45a25/elements - {"using":"xpath","value":"(//span[contains(@id ,\"manageresources-display-component---newResourceUnit--RUTimeSegment-0-vhi\")])[1]"}
RESULT: {"using":"xpath","value":"(//span[contains(@id ,\"manageresources-display-component---newResourceUnit--RUTimeSegment-0-vhi\")])[1]"}
COMMAND: POST /session/3fdde00e1aad0000c801fdda20f45a25/elements - {"using":"xpath","value":"(//span[contains(@id ,\"manageresources-display-component---newResourceUnit--RUTimeSegment-0-vhi\")])[1]"}
RESULT: {"using":"xpath","value":"(//span[contains(@id ,\"manageresources-display-component---newResourceUnit--RUTimeSegment-0-vhi\")])[1]"}
COMMAND: POST /session/3fdde00e1aad0000c801fdda20f45a25/elements - {"using":"xpath","value":"(//span[contains(@id ,\"manageresources-display-component---newResourceUnit--RUTimeSegment-0-vhi\")])[1]"}
RESULT: {"using":"xpath","value":"(//span[contains(@id ,\"manageresources-display-component---newResourceUnit--RUTimeSegment-0-vhi\")])[1]"}
COMMAND: POST /session/3fdde00e1aad0000c801fdda20f45a25/elements - {"using":"xpath","value":"(//span[contains(@id ,\"manageresources-display-component---newResourceUnit--RUTimeSegment-0-vhi\")])[1]"}
RESULT: {"using":"xpath","value":"(//span[contains(@id ,\"manageresources-display-component---newResourceUnit--RUTimeSegment-0-vhi\")])[1]"}
COMMAND: POST /session/3fdde00e1aad0000c801fdda20f45a25/elements - {"using":"xpath","value":"(//span[contains(@id ,\"manageresources-display-component---newResourceUnit--RUTimeSegment-0-vhi\")])[1]"}
RESULT: {"using":"xpath","value":"(//span[contains(@id ,\"manageresources-display-component---newResourceUnit--RUTimeSegment-0-vhi\")])[1]"}
COMMAND: POST /session/3fdde00e1aad0000c801fdda20f45a25/elements - {"using":"xpath","value":"(//span[contains(@id ,\"manageresources-display-component---newResourceUnit--RUTimeSegment-0-vhi\")])[1]"}
RESULT: {"using":"xpath","value":"(//span[contains(@id ,\"manageresources-display-component---newResourceUnit--RUTimeSegment-0-vhi\")])[1]"}
COMMAND: POST /session/3fdde00e1aad0000c801fdda20f45a25/elements - {"using":"xpath","value":"(//span[contains(@id ,\"manageresources-display-component---newResourceUnit--RUTimeSegment-0-vhi\")])[1]"}
RESULT: {"using":"xpath","value":"(//span[contains(@id ,\"manageresources-display-component---newResourceUnit--RUTimeSegment-0-vhi\")])[1]"}
COMMAND: POST /session/3fdde00e1aad0000c801fdda20f45a25/elements - {"using":"xpath","value":"(//span[contains(@id ,\"manageresources-display-component---newResourceUnit--RUTimeSegment-0-vhi\")])[1]"}
RESULT: {"using":"xpath","value":"(//span[contains(@id ,\"manageresources-display-component---newResourceUnit--RUTimeSegment-0-vhi\")])[1]"}
COMMAND: POST /session/3fdde00e1aad0000c801fdda20f45a25/elements - {"using":"xpath","value":"(//span[contains(@id ,\"manageresources-display-component---newResourceUnit--RUTimeSegment-0-vhi\")])[1]"}
RESULT: {"using":"xpath","value":"(//span[contains(@id ,\"manageresources-display-component---newResourceUnit--RUTimeSegment-0-vhi\")])[1]"}
COMMAND: POST /session/3fdde00e1aad0000c801fdda20f45a25/elements - {"using":"xpath","value":"(//span[contains(@id ,\"manageresources-display-component---newResourceUnit--RUTimeSegment-0-vhi\")])[1]"}
RESULT: {"using":"xpath","value":"(//span[contains(@id ,\"manageresources-display-component---newResourceUnit--RUTimeSegment-0-vhi\")])[1]"}
COMMAND: POST /session/3fdde00e1aad0000c801fdda20f45a25/elements - {"using":"xpath","value":"(//span[contains(@id ,\"manageresources-display-component---newResourceUnit--RUTimeSegment-0-vhi\")])[1]"}
RESULT: {"using":"xpath","value":"(//span[contains(@id ,\"manageresources-display-component---newResourceUnit--RUTimeSegment-0-vhi\")])[1]"}
COMMAND: POST /session/3fdde00e1aad0000c801fdda20f45a25/elements - {"using":"xpath","value":"(//span[contains(@id ,\"manageresources-display-component---newResourceUnit--RUTimeSegment-0-vhi\")])[1]"}
RESULT: {"using":"xpath","value":"(//span[contains(@id ,\"manageresources-display-component---newResourceUnit--RUTimeSegment-0-vhi\")])[1]"}
COMMAND: POST /session/3fdde00e1aad0000c801fdda20f45a25/elements - {"using":"xpath","value":"(//span[contains(@id ,\"manageresources-display-component---newResourceUnit--RUTimeSegment-0-vhi\")])[1]"}
RESULT: {"using":"xpath","value":"(//span[contains(@id ,\"manageresources-display-component---newResourceUnit--RUTimeSegment-0-vhi\")])[1]"}
COMMAND: POST /session/3fdde00e1aad0000c801fdda20f45a25/elements - {"using":"xpath","value":"(//span[contains(@id ,\"manageresources-display-component---newResourceUnit--RUTimeSegment-0-vhi\")])[1]"}
RESULT: {"using":"xpath","value":"(//span[contains(@id ,\"manageresources-display-component---newResourceUnit--RUTimeSegment-0-vhi\")])[1]"}
COMMAND: POST /session/3fdde00e1aad0000c801fdda20f45a25/elements - {"using":"xpath","value":"(//span[contains(@id ,\"manageresources-display-component---newResourceUnit--RUTimeSegment-0-vhi\")])[1]"}
RESULT: {"using":"xpath","value":"(//span[contains(@id ,\"manageresources-display-component---newResourceUnit--RUTimeSegment-0-vhi\")])[1]"}
COMMAND: POST /session/3fdde00e1aad0000c801fdda20f45a25/elements - {"using":"xpath","value":"(//span[contains(@id ,\"manageresources-display-component---newResourceUnit--RUTimeSegment-0-vhi\")])[1]"}
RESULT: {"using":"xpath","value":"(//span[contains(@id ,\"manageresources-display-component---newResourceUnit--RUTimeSegment-0-vhi\")])[1]"}
COMMAND: POST /session/3fdde00e1aad0000c801fdda20f45a25/elements - {"using":"xpath","value":"(//span[contains(@id ,\"manageresources-display-component---newResourceUnit--RUTimeSegment-0-vhi\")])[1]"}
RESULT: {"using":"xpath","value":"(//span[contains(@id ,\"manageresources-display-component---newResourceUnit--RUTimeSegment-0-vhi\")])[1]"}
COMMAND: POST /session/3fdde00e1aad0000c801fdda20f45a25/elements - {"using":"xpath","value":"(//span[contains(@id ,\"manageresources-display-component---newResourceUnit--RUTimeSegment-0-vhi\")])[1]"}
RESULT: {"using":"xpath","value":"(//span[contains(@id ,\"manageresources-display-component---newResourceUnit--RUTimeSegment-0-vhi\")])[1]"}
COMMAND: POST /session/3fdde00e1aad0000c801fdda20f45a25/elements - {"using":"xpath","value":"(//span[contains(@id ,\"manageresources-display-component---newResourceUnit--RUTimeSegment-0-vhi\")])[1]"}
RESULT: {"using":"xpath","value":"(//span[contains(@id ,\"manageresources-display-component---newResourceUnit--RUTimeSegment-0-vhi\")])[1]"}
COMMAND: POST /session/3fdde00e1aad0000c801fdda20f45a25/elements - {"using":"xpath","value":"(//span[contains(@id ,\"manageresources-display-component---newResourceUnit--RUTimeSegment-0-vhi\")])[1]"}
RESULT: {"using":"xpath","value":"(//span[contains(@id ,\"manageresources-display-component---newResourceUnit--RUTimeSegment-0-vhi\")])[1]"}
COMMAND: POST /session/3fdde00e1aad0000c801fdda20f45a25/elements - {"using":"xpath","value":"(//span[contains(@id ,\"manageresources-display-component---newResourceUnit--RUTimeSegment-0-vhi\")])[1]"}
RESULT: {"using":"xpath","value":"(//span[contains(@id ,\"manageresources-display-component---newResourceUnit--RUTimeSegment-0-vhi\")])[1]"}
COMMAND: POST /session/3fdde00e1aad0000c801fdda20f45a25/elements - {"using":"xpath","value":"(//span[contains(@id ,\"manageresources-display-component---newResourceUnit--RUTimeSegment-0-vhi\")])[1]"}
RESULT: {"using":"xpath","value":"(//span[contains(@id ,\"manageresources-display-component---newResourceUnit--RUTimeSegment-0-vhi\")])[1]"}
COMMAND: POST /session/3fdde00e1aad0000c801fdda20f45a25/elements - {"using":"xpath","value":"(//span[contains(@id ,\"manageresources-display-component---newResourceUnit--RUTimeSegment-0-vhi\")])[1]"}
RESULT: {"using":"xpath","value":"(//span[contains(@id ,\"manageresources-display-component---newResourceUnit--RUTimeSegment-0-vhi\")])[1]"}
COMMAND: POST /session/3fdde00e1aad0000c801fdda20f45a25/elements - {"using":"xpath","value":"(//span[contains(@id ,\"manageresources-display-component---newResourceUnit--RUTimeSegment-0-vhi\")])[1]"}
RESULT: {"using":"xpath","value":"(//span[contains(@id ,\"manageresources-display-component---newResourceUnit--RUTimeSegment-0-vhi\")])[1]"}
COMMAND: POST /session/3fdde00e1aad0000c801fdda20f45a25/elements - {"using":"xpath","value":"(//span[contains(@id ,\"manageresources-display-component---newResourceUnit--RUTimeSegment-0-vhi\")])[1]"}
RESULT: {"using":"xpath","value":"(//span[contains(@id ,\"manageresources-display-component---newResourceUnit--RUTimeSegment-0-vhi\")])[1]"}
COMMAND: POST /session/3fdde00e1aad0000c801fdda20f45a25/elements - {"using":"xpath","value":"(//span[contains(@id ,\"manageresources-display-component---newResourceUnit--RUTimeSegment-0-vhi\")])[1]"}
RESULT: {"using":"xpath","value":"(//span[contains(@id ,\"manageresources-display-component---newResourceUnit--RUTimeSegment-0-vhi\")])[1]"}
COMMAND: POST /session/3fdde00e1aad0000c801fdda20f45a25/elements - {"using":"xpath","value":"(//span[contains(@id ,\"manageresources-display-component---newResourceUnit--RUTimeSegment-0-vhi\")])[1]"}
RESULT: {"using":"xpath","value":"(//span[contains(@id ,\"manageresources-display-component---newResourceUnit--RUTimeSegment-0-vhi\")])[1]"}
COMMAND: POST /session/3fdde00e1aad0000c801fdda20f45a25/elements - {"using":"xpath","value":"(//span[contains(@id ,\"manageresources-display-component---newResourceUnit--RUTimeSegment-0-vhi\")])[1]"}
RESULT: {"using":"xpath","value":"(//span[contains(@id ,\"manageresources-display-component---newResourceUnit--RUTimeSegment-0-vhi\")])[1]"}
COMMAND: POST /session/3fdde00e1aad0000c801fdda20f45a25/elements - {"using":"xpath","value":"(//span[contains(@id ,\"manageresources-display-component---newResourceUnit--RUTimeSegment-0-vhi\")])[1]"}
RESULT: {"using":"xpath","value":"(//span[contains(@id ,\"manageresources-display-component---newResourceUnit--RUTimeSegment-0-vhi\")])[1]"}
COMMAND: POST /session/3fdde00e1aad0000c801fdda20f45a25/elements - {"using":"xpath","value":"(//span[contains(@id ,\"manageresources-display-component---newResourceUnit--RUTimeSegment-0-vhi\")])[1]"}
RESULT: {"using":"xpath","value":"(//span[contains(@id ,\"manageresources-display-component---newResourceUnit--RUTimeSegment-0-vhi\")])[1]"}
COMMAND: POST /session/3fdde00e1aad0000c801fdda20f45a25/elements - {"using":"xpath","value":"(//span[contains(@id ,\"manageresources-display-component---newResourceUnit--RUTimeSegment-0-vhi\")])[1]"}
COMMAND: GET /session/3fdde00e1aad0000c801fdda20f45a25/screenshot - {}
RESULT: {"using":"xpath","value":"(//span[contains(@id ,\"manageresources-display-component---newResourceUnit--RUTimeSegment-0-vhi\")])[1]"}
RESULT: {}
]]></system-out>
      <system-err><![CDATA[
Error: Can't call scrollIntoView on element with selector "(//span[contains(@id ,"manageresources-display-component---newResourceUnit--RUTimeSegment-0-vhi")])[1]" because element wasn't found
    at async UtilsPrerequisites.resourceCreation (D:\a\1\s\test\specs\BTS\prerequisites-and-utils-functions.js:1025:13)
    at async Context.<anonymous> (D:\a\1\s\test\specs\HTR\create-mass-state-change.spec.js:44:43)
]]></system-err>
    </testcase>
    <testcase classname="chrome.136_0_7103_93.windows.Tests_for_Mass_State_Change_on_Manage_States_&amp;_Performances_US104416_US" name="Prereq Should do stock increase" time="59.093">
      <failure/>
      <error message="element (&quot;//button[@data-kt=&quot;masterHOAddButton&quot;]&quot;) still not existing after 45000ms"/>
      <system-out><![CDATA[
COMMAND: POST /session/3fdde00e1aad0000c801fdda20f45a25/execute/async - {"script":"<script> [1562 bytes]","args":[{"selector":{"controlType":"sap.m.GenericTile","properties":{"header":"Manage Handovers"}},"wdio_ui5_key":"sapm.GenericTile{\"header\":\"Manage Handovers\"}"}]}
COMMAND: GET /session/3fdde00e1aad0000c801fdda20f45a25/screenshot - {}
RESULT: {"script":"<script> [1562 bytes]","args":[{"selector":{"controlType":"sap.m.GenericTile","properties":{"header":"Manage Handovers"}},"wdio_ui5_key":"sapm.GenericTile{\"header\":\"Manage Handovers\"}"}]}
RESULT: undefined
RESULT: {}
COMMAND: POST /session/3fdde00e1aad0000c801fdda20f45a25/elements - {"using":"xpath","value":"//span[text()='Error']"}
RESULT: {"using":"xpath","value":"//span[text()='Error']"}
COMMAND: POST /session/3fdde00e1aad0000c801fdda20f45a25/element - {"using":"xpath","value":"//button[@data-kt=\"masterHOAddButton\"]"}
RESULT: {"using":"xpath","value":"//button[@data-kt=\"masterHOAddButton\"]"}
COMMAND: POST /session/3fdde00e1aad0000c801fdda20f45a25/elements - {"using":"xpath","value":"//button[@data-kt=\"masterHOAddButton\"]"}
RESULT: {"using":"xpath","value":"//button[@data-kt=\"masterHOAddButton\"]"}
COMMAND: POST /session/3fdde00e1aad0000c801fdda20f45a25/elements - {"using":"xpath","value":"//button[@data-kt=\"masterHOAddButton\"]"}
RESULT: {"using":"xpath","value":"//button[@data-kt=\"masterHOAddButton\"]"}
COMMAND: POST /session/3fdde00e1aad0000c801fdda20f45a25/elements - {"using":"xpath","value":"//button[@data-kt=\"masterHOAddButton\"]"}
RESULT: {"using":"xpath","value":"//button[@data-kt=\"masterHOAddButton\"]"}
COMMAND: POST /session/3fdde00e1aad0000c801fdda20f45a25/elements - {"using":"xpath","value":"//button[@data-kt=\"masterHOAddButton\"]"}
RESULT: {"using":"xpath","value":"//button[@data-kt=\"masterHOAddButton\"]"}
COMMAND: POST /session/3fdde00e1aad0000c801fdda20f45a25/elements - {"using":"xpath","value":"//button[@data-kt=\"masterHOAddButton\"]"}
RESULT: {"using":"xpath","value":"//button[@data-kt=\"masterHOAddButton\"]"}
COMMAND: POST /session/3fdde00e1aad0000c801fdda20f45a25/elements - {"using":"xpath","value":"//button[@data-kt=\"masterHOAddButton\"]"}
RESULT: {"using":"xpath","value":"//button[@data-kt=\"masterHOAddButton\"]"}
COMMAND: POST /session/3fdde00e1aad0000c801fdda20f45a25/elements - {"using":"xpath","value":"//button[@data-kt=\"masterHOAddButton\"]"}
RESULT: {"using":"xpath","value":"//button[@data-kt=\"masterHOAddButton\"]"}
COMMAND: POST /session/3fdde00e1aad0000c801fdda20f45a25/elements - {"using":"xpath","value":"//button[@data-kt=\"masterHOAddButton\"]"}
RESULT: {"using":"xpath","value":"//button[@data-kt=\"masterHOAddButton\"]"}
COMMAND: POST /session/3fdde00e1aad0000c801fdda20f45a25/elements - {"using":"xpath","value":"//button[@data-kt=\"masterHOAddButton\"]"}
RESULT: {"using":"xpath","value":"//button[@data-kt=\"masterHOAddButton\"]"}
COMMAND: POST /session/3fdde00e1aad0000c801fdda20f45a25/elements - {"using":"xpath","value":"//button[@data-kt=\"masterHOAddButton\"]"}
RESULT: {"using":"xpath","value":"//button[@data-kt=\"masterHOAddButton\"]"}
COMMAND: POST /session/3fdde00e1aad0000c801fdda20f45a25/elements - {"using":"xpath","value":"//button[@data-kt=\"masterHOAddButton\"]"}
RESULT: {"using":"xpath","value":"//button[@data-kt=\"masterHOAddButton\"]"}
COMMAND: POST /session/3fdde00e1aad0000c801fdda20f45a25/elements - {"using":"xpath","value":"//button[@data-kt=\"masterHOAddButton\"]"}
RESULT: {"using":"xpath","value":"//button[@data-kt=\"masterHOAddButton\"]"}
COMMAND: POST /session/3fdde00e1aad0000c801fdda20f45a25/elements - {"using":"xpath","value":"//button[@data-kt=\"masterHOAddButton\"]"}
RESULT: {"using":"xpath","value":"//button[@data-kt=\"masterHOAddButton\"]"}
COMMAND: POST /session/3fdde00e1aad0000c801fdda20f45a25/elements - {"using":"xpath","value":"//button[@data-kt=\"masterHOAddButton\"]"}
RESULT: {"using":"xpath","value":"//button[@data-kt=\"masterHOAddButton\"]"}
COMMAND: POST /session/3fdde00e1aad0000c801fdda20f45a25/elements - {"using":"xpath","value":"//button[@data-kt=\"masterHOAddButton\"]"}
RESULT: {"using":"xpath","value":"//button[@data-kt=\"masterHOAddButton\"]"}
COMMAND: POST /session/3fdde00e1aad0000c801fdda20f45a25/elements - {"using":"xpath","value":"//button[@data-kt=\"masterHOAddButton\"]"}
RESULT: {"using":"xpath","value":"//button[@data-kt=\"masterHOAddButton\"]"}
COMMAND: POST /session/3fdde00e1aad0000c801fdda20f45a25/elements - {"using":"xpath","value":"//button[@data-kt=\"masterHOAddButton\"]"}
RESULT: {"using":"xpath","value":"//button[@data-kt=\"masterHOAddButton\"]"}
COMMAND: POST /session/3fdde00e1aad0000c801fdda20f45a25/elements - {"using":"xpath","value":"//button[@data-kt=\"masterHOAddButton\"]"}
RESULT: {"using":"xpath","value":"//button[@data-kt=\"masterHOAddButton\"]"}
COMMAND: POST /session/3fdde00e1aad0000c801fdda20f45a25/elements - {"using":"xpath","value":"//button[@data-kt=\"masterHOAddButton\"]"}
RESULT: {"using":"xpath","value":"//button[@data-kt=\"masterHOAddButton\"]"}
COMMAND: POST /session/3fdde00e1aad0000c801fdda20f45a25/elements - {"using":"xpath","value":"//button[@data-kt=\"masterHOAddButton\"]"}
RESULT: {"using":"xpath","value":"//button[@data-kt=\"masterHOAddButton\"]"}
COMMAND: POST /session/3fdde00e1aad0000c801fdda20f45a25/elements - {"using":"xpath","value":"//button[@data-kt=\"masterHOAddButton\"]"}
RESULT: {"using":"xpath","value":"//button[@data-kt=\"masterHOAddButton\"]"}
COMMAND: POST /session/3fdde00e1aad0000c801fdda20f45a25/elements - {"using":"xpath","value":"//button[@data-kt=\"masterHOAddButton\"]"}
RESULT: {"using":"xpath","value":"//button[@data-kt=\"masterHOAddButton\"]"}
COMMAND: POST /session/3fdde00e1aad0000c801fdda20f45a25/elements - {"using":"xpath","value":"//button[@data-kt=\"masterHOAddButton\"]"}
RESULT: {"using":"xpath","value":"//button[@data-kt=\"masterHOAddButton\"]"}
COMMAND: POST /session/3fdde00e1aad0000c801fdda20f45a25/elements - {"using":"xpath","value":"//button[@data-kt=\"masterHOAddButton\"]"}
RESULT: {"using":"xpath","value":"//button[@data-kt=\"masterHOAddButton\"]"}
COMMAND: POST /session/3fdde00e1aad0000c801fdda20f45a25/elements - {"using":"xpath","value":"//button[@data-kt=\"masterHOAddButton\"]"}
RESULT: {"using":"xpath","value":"//button[@data-kt=\"masterHOAddButton\"]"}
COMMAND: POST /session/3fdde00e1aad0000c801fdda20f45a25/elements - {"using":"xpath","value":"//button[@data-kt=\"masterHOAddButton\"]"}
RESULT: {"using":"xpath","value":"//button[@data-kt=\"masterHOAddButton\"]"}
COMMAND: POST /session/3fdde00e1aad0000c801fdda20f45a25/elements - {"using":"xpath","value":"//button[@data-kt=\"masterHOAddButton\"]"}
RESULT: {"using":"xpath","value":"//button[@data-kt=\"masterHOAddButton\"]"}
COMMAND: POST /session/3fdde00e1aad0000c801fdda20f45a25/elements - {"using":"xpath","value":"//button[@data-kt=\"masterHOAddButton\"]"}
RESULT: {"using":"xpath","value":"//button[@data-kt=\"masterHOAddButton\"]"}
COMMAND: POST /session/3fdde00e1aad0000c801fdda20f45a25/elements - {"using":"xpath","value":"//button[@data-kt=\"masterHOAddButton\"]"}
RESULT: {"using":"xpath","value":"//button[@data-kt=\"masterHOAddButton\"]"}
COMMAND: POST /session/3fdde00e1aad0000c801fdda20f45a25/elements - {"using":"xpath","value":"//button[@data-kt=\"masterHOAddButton\"]"}
RESULT: {"using":"xpath","value":"//button[@data-kt=\"masterHOAddButton\"]"}
COMMAND: POST /session/3fdde00e1aad0000c801fdda20f45a25/elements - {"using":"xpath","value":"//button[@data-kt=\"masterHOAddButton\"]"}
RESULT: {"using":"xpath","value":"//button[@data-kt=\"masterHOAddButton\"]"}
COMMAND: POST /session/3fdde00e1aad0000c801fdda20f45a25/elements - {"using":"xpath","value":"//button[@data-kt=\"masterHOAddButton\"]"}
RESULT: {"using":"xpath","value":"//button[@data-kt=\"masterHOAddButton\"]"}
COMMAND: POST /session/3fdde00e1aad0000c801fdda20f45a25/elements - {"using":"xpath","value":"//button[@data-kt=\"masterHOAddButton\"]"}
RESULT: {"using":"xpath","value":"//button[@data-kt=\"masterHOAddButton\"]"}
COMMAND: POST /session/3fdde00e1aad0000c801fdda20f45a25/elements - {"using":"xpath","value":"//button[@data-kt=\"masterHOAddButton\"]"}
RESULT: {"using":"xpath","value":"//button[@data-kt=\"masterHOAddButton\"]"}
COMMAND: POST /session/3fdde00e1aad0000c801fdda20f45a25/elements - {"using":"xpath","value":"//button[@data-kt=\"masterHOAddButton\"]"}
RESULT: {"using":"xpath","value":"//button[@data-kt=\"masterHOAddButton\"]"}
COMMAND: POST /session/3fdde00e1aad0000c801fdda20f45a25/elements - {"using":"xpath","value":"//button[@data-kt=\"masterHOAddButton\"]"}
RESULT: {"using":"xpath","value":"//button[@data-kt=\"masterHOAddButton\"]"}
COMMAND: POST /session/3fdde00e1aad0000c801fdda20f45a25/elements - {"using":"xpath","value":"//button[@data-kt=\"masterHOAddButton\"]"}
RESULT: {"using":"xpath","value":"//button[@data-kt=\"masterHOAddButton\"]"}
COMMAND: POST /session/3fdde00e1aad0000c801fdda20f45a25/elements - {"using":"xpath","value":"//button[@data-kt=\"masterHOAddButton\"]"}
RESULT: {"using":"xpath","value":"//button[@data-kt=\"masterHOAddButton\"]"}
COMMAND: POST /session/3fdde00e1aad0000c801fdda20f45a25/elements - {"using":"xpath","value":"//button[@data-kt=\"masterHOAddButton\"]"}
RESULT: {"using":"xpath","value":"//button[@data-kt=\"masterHOAddButton\"]"}
COMMAND: POST /session/3fdde00e1aad0000c801fdda20f45a25/elements - {"using":"xpath","value":"//button[@data-kt=\"masterHOAddButton\"]"}
RESULT: {"using":"xpath","value":"//button[@data-kt=\"masterHOAddButton\"]"}
COMMAND: POST /session/3fdde00e1aad0000c801fdda20f45a25/elements - {"using":"xpath","value":"//button[@data-kt=\"masterHOAddButton\"]"}
RESULT: {"using":"xpath","value":"//button[@data-kt=\"masterHOAddButton\"]"}
COMMAND: POST /session/3fdde00e1aad0000c801fdda20f45a25/elements - {"using":"xpath","value":"//button[@data-kt=\"masterHOAddButton\"]"}
RESULT: {"using":"xpath","value":"//button[@data-kt=\"masterHOAddButton\"]"}
COMMAND: POST /session/3fdde00e1aad0000c801fdda20f45a25/elements - {"using":"xpath","value":"//button[@data-kt=\"masterHOAddButton\"]"}
RESULT: {"using":"xpath","value":"//button[@data-kt=\"masterHOAddButton\"]"}
COMMAND: POST /session/3fdde00e1aad0000c801fdda20f45a25/elements - {"using":"xpath","value":"//button[@data-kt=\"masterHOAddButton\"]"}
RESULT: {"using":"xpath","value":"//button[@data-kt=\"masterHOAddButton\"]"}
COMMAND: POST /session/3fdde00e1aad0000c801fdda20f45a25/elements - {"using":"xpath","value":"//button[@data-kt=\"masterHOAddButton\"]"}
RESULT: {"using":"xpath","value":"//button[@data-kt=\"masterHOAddButton\"]"}
COMMAND: POST /session/3fdde00e1aad0000c801fdda20f45a25/elements - {"using":"xpath","value":"//button[@data-kt=\"masterHOAddButton\"]"}
RESULT: {"using":"xpath","value":"//button[@data-kt=\"masterHOAddButton\"]"}
COMMAND: POST /session/3fdde00e1aad0000c801fdda20f45a25/elements - {"using":"xpath","value":"//button[@data-kt=\"masterHOAddButton\"]"}
RESULT: {"using":"xpath","value":"//button[@data-kt=\"masterHOAddButton\"]"}
COMMAND: POST /session/3fdde00e1aad0000c801fdda20f45a25/elements - {"using":"xpath","value":"//button[@data-kt=\"masterHOAddButton\"]"}
RESULT: {"using":"xpath","value":"//button[@data-kt=\"masterHOAddButton\"]"}
COMMAND: POST /session/3fdde00e1aad0000c801fdda20f45a25/elements - {"using":"xpath","value":"//button[@data-kt=\"masterHOAddButton\"]"}
RESULT: {"using":"xpath","value":"//button[@data-kt=\"masterHOAddButton\"]"}
COMMAND: POST /session/3fdde00e1aad0000c801fdda20f45a25/elements - {"using":"xpath","value":"//button[@data-kt=\"masterHOAddButton\"]"}
RESULT: {"using":"xpath","value":"//button[@data-kt=\"masterHOAddButton\"]"}
COMMAND: POST /session/3fdde00e1aad0000c801fdda20f45a25/elements - {"using":"xpath","value":"//button[@data-kt=\"masterHOAddButton\"]"}
RESULT: {"using":"xpath","value":"//button[@data-kt=\"masterHOAddButton\"]"}
COMMAND: POST /session/3fdde00e1aad0000c801fdda20f45a25/elements - {"using":"xpath","value":"//button[@data-kt=\"masterHOAddButton\"]"}
RESULT: {"using":"xpath","value":"//button[@data-kt=\"masterHOAddButton\"]"}
COMMAND: POST /session/3fdde00e1aad0000c801fdda20f45a25/elements - {"using":"xpath","value":"//button[@data-kt=\"masterHOAddButton\"]"}
RESULT: {"using":"xpath","value":"//button[@data-kt=\"masterHOAddButton\"]"}
COMMAND: POST /session/3fdde00e1aad0000c801fdda20f45a25/elements - {"using":"xpath","value":"//button[@data-kt=\"masterHOAddButton\"]"}
RESULT: {"using":"xpath","value":"//button[@data-kt=\"masterHOAddButton\"]"}
COMMAND: POST /session/3fdde00e1aad0000c801fdda20f45a25/elements - {"using":"xpath","value":"//button[@data-kt=\"masterHOAddButton\"]"}
RESULT: {"using":"xpath","value":"//button[@data-kt=\"masterHOAddButton\"]"}
COMMAND: POST /session/3fdde00e1aad0000c801fdda20f45a25/elements - {"using":"xpath","value":"//button[@data-kt=\"masterHOAddButton\"]"}
RESULT: {"using":"xpath","value":"//button[@data-kt=\"masterHOAddButton\"]"}
COMMAND: POST /session/3fdde00e1aad0000c801fdda20f45a25/elements - {"using":"xpath","value":"//button[@data-kt=\"masterHOAddButton\"]"}
RESULT: {"using":"xpath","value":"//button[@data-kt=\"masterHOAddButton\"]"}
COMMAND: POST /session/3fdde00e1aad0000c801fdda20f45a25/elements - {"using":"xpath","value":"//button[@data-kt=\"masterHOAddButton\"]"}
RESULT: {"using":"xpath","value":"//button[@data-kt=\"masterHOAddButton\"]"}
COMMAND: POST /session/3fdde00e1aad0000c801fdda20f45a25/elements - {"using":"xpath","value":"//button[@data-kt=\"masterHOAddButton\"]"}
RESULT: {"using":"xpath","value":"//button[@data-kt=\"masterHOAddButton\"]"}
COMMAND: POST /session/3fdde00e1aad0000c801fdda20f45a25/elements - {"using":"xpath","value":"//button[@data-kt=\"masterHOAddButton\"]"}
RESULT: {"using":"xpath","value":"//button[@data-kt=\"masterHOAddButton\"]"}
COMMAND: POST /session/3fdde00e1aad0000c801fdda20f45a25/elements - {"using":"xpath","value":"//button[@data-kt=\"masterHOAddButton\"]"}
RESULT: {"using":"xpath","value":"//button[@data-kt=\"masterHOAddButton\"]"}
COMMAND: POST /session/3fdde00e1aad0000c801fdda20f45a25/elements - {"using":"xpath","value":"//button[@data-kt=\"masterHOAddButton\"]"}
RESULT: {"using":"xpath","value":"//button[@data-kt=\"masterHOAddButton\"]"}
COMMAND: POST /session/3fdde00e1aad0000c801fdda20f45a25/elements - {"using":"xpath","value":"//button[@data-kt=\"masterHOAddButton\"]"}
RESULT: {"using":"xpath","value":"//button[@data-kt=\"masterHOAddButton\"]"}
COMMAND: POST /session/3fdde00e1aad0000c801fdda20f45a25/elements - {"using":"xpath","value":"//button[@data-kt=\"masterHOAddButton\"]"}
RESULT: {"using":"xpath","value":"//button[@data-kt=\"masterHOAddButton\"]"}
COMMAND: POST /session/3fdde00e1aad0000c801fdda20f45a25/elements - {"using":"xpath","value":"//button[@data-kt=\"masterHOAddButton\"]"}
RESULT: {"using":"xpath","value":"//button[@data-kt=\"masterHOAddButton\"]"}
COMMAND: POST /session/3fdde00e1aad0000c801fdda20f45a25/elements - {"using":"xpath","value":"//button[@data-kt=\"masterHOAddButton\"]"}
RESULT: {"using":"xpath","value":"//button[@data-kt=\"masterHOAddButton\"]"}
COMMAND: POST /session/3fdde00e1aad0000c801fdda20f45a25/elements - {"using":"xpath","value":"//button[@data-kt=\"masterHOAddButton\"]"}
RESULT: {"using":"xpath","value":"//button[@data-kt=\"masterHOAddButton\"]"}
COMMAND: POST /session/3fdde00e1aad0000c801fdda20f45a25/elements - {"using":"xpath","value":"//button[@data-kt=\"masterHOAddButton\"]"}
RESULT: {"using":"xpath","value":"//button[@data-kt=\"masterHOAddButton\"]"}
COMMAND: POST /session/3fdde00e1aad0000c801fdda20f45a25/elements - {"using":"xpath","value":"//button[@data-kt=\"masterHOAddButton\"]"}
RESULT: {"using":"xpath","value":"//button[@data-kt=\"masterHOAddButton\"]"}
COMMAND: POST /session/3fdde00e1aad0000c801fdda20f45a25/elements - {"using":"xpath","value":"//button[@data-kt=\"masterHOAddButton\"]"}
RESULT: {"using":"xpath","value":"//button[@data-kt=\"masterHOAddButton\"]"}
COMMAND: POST /session/3fdde00e1aad0000c801fdda20f45a25/elements - {"using":"xpath","value":"//button[@data-kt=\"masterHOAddButton\"]"}
RESULT: {"using":"xpath","value":"//button[@data-kt=\"masterHOAddButton\"]"}
COMMAND: POST /session/3fdde00e1aad0000c801fdda20f45a25/elements - {"using":"xpath","value":"//button[@data-kt=\"masterHOAddButton\"]"}
RESULT: {"using":"xpath","value":"//button[@data-kt=\"masterHOAddButton\"]"}
COMMAND: POST /session/3fdde00e1aad0000c801fdda20f45a25/elements - {"using":"xpath","value":"//button[@data-kt=\"masterHOAddButton\"]"}
RESULT: {"using":"xpath","value":"//button[@data-kt=\"masterHOAddButton\"]"}
COMMAND: POST /session/3fdde00e1aad0000c801fdda20f45a25/elements - {"using":"xpath","value":"//button[@data-kt=\"masterHOAddButton\"]"}
RESULT: {"using":"xpath","value":"//button[@data-kt=\"masterHOAddButton\"]"}
COMMAND: POST /session/3fdde00e1aad0000c801fdda20f45a25/elements - {"using":"xpath","value":"//button[@data-kt=\"masterHOAddButton\"]"}
RESULT: {"using":"xpath","value":"//button[@data-kt=\"masterHOAddButton\"]"}
COMMAND: POST /session/3fdde00e1aad0000c801fdda20f45a25/elements - {"using":"xpath","value":"//button[@data-kt=\"masterHOAddButton\"]"}
RESULT: {"using":"xpath","value":"//button[@data-kt=\"masterHOAddButton\"]"}
COMMAND: POST /session/3fdde00e1aad0000c801fdda20f45a25/elements - {"using":"xpath","value":"//button[@data-kt=\"masterHOAddButton\"]"}
RESULT: {"using":"xpath","value":"//button[@data-kt=\"masterHOAddButton\"]"}
COMMAND: POST /session/3fdde00e1aad0000c801fdda20f45a25/elements - {"using":"xpath","value":"//button[@data-kt=\"masterHOAddButton\"]"}
RESULT: {"using":"xpath","value":"//button[@data-kt=\"masterHOAddButton\"]"}
COMMAND: POST /session/3fdde00e1aad0000c801fdda20f45a25/elements - {"using":"xpath","value":"//button[@data-kt=\"masterHOAddButton\"]"}
RESULT: {"using":"xpath","value":"//button[@data-kt=\"masterHOAddButton\"]"}
COMMAND: POST /session/3fdde00e1aad0000c801fdda20f45a25/elements - {"using":"xpath","value":"//button[@data-kt=\"masterHOAddButton\"]"}
RESULT: {"using":"xpath","value":"//button[@data-kt=\"masterHOAddButton\"]"}
COMMAND: POST /session/3fdde00e1aad0000c801fdda20f45a25/elements - {"using":"xpath","value":"//button[@data-kt=\"masterHOAddButton\"]"}
RESULT: {"using":"xpath","value":"//button[@data-kt=\"masterHOAddButton\"]"}
COMMAND: POST /session/3fdde00e1aad0000c801fdda20f45a25/elements - {"using":"xpath","value":"//button[@data-kt=\"masterHOAddButton\"]"}
RESULT: {"using":"xpath","value":"//button[@data-kt=\"masterHOAddButton\"]"}
COMMAND: POST /session/3fdde00e1aad0000c801fdda20f45a25/elements - {"using":"xpath","value":"//button[@data-kt=\"masterHOAddButton\"]"}
RESULT: {"using":"xpath","value":"//button[@data-kt=\"masterHOAddButton\"]"}
COMMAND: POST /session/3fdde00e1aad0000c801fdda20f45a25/elements - {"using":"xpath","value":"//button[@data-kt=\"masterHOAddButton\"]"}
RESULT: {"using":"xpath","value":"//button[@data-kt=\"masterHOAddButton\"]"}
COMMAND: POST /session/3fdde00e1aad0000c801fdda20f45a25/elements - {"using":"xpath","value":"//button[@data-kt=\"masterHOAddButton\"]"}
RESULT: {"using":"xpath","value":"//button[@data-kt=\"masterHOAddButton\"]"}
COMMAND: POST /session/3fdde00e1aad0000c801fdda20f45a25/elements - {"using":"xpath","value":"//button[@data-kt=\"masterHOAddButton\"]"}
RESULT: {"using":"xpath","value":"//button[@data-kt=\"masterHOAddButton\"]"}
COMMAND: POST /session/3fdde00e1aad0000c801fdda20f45a25/elements - {"using":"xpath","value":"//button[@data-kt=\"masterHOAddButton\"]"}
RESULT: {"using":"xpath","value":"//button[@data-kt=\"masterHOAddButton\"]"}
COMMAND: POST /session/3fdde00e1aad0000c801fdda20f45a25/elements - {"using":"xpath","value":"//button[@data-kt=\"masterHOAddButton\"]"}
RESULT: {"using":"xpath","value":"//button[@data-kt=\"masterHOAddButton\"]"}
COMMAND: POST /session/3fdde00e1aad0000c801fdda20f45a25/elements - {"using":"xpath","value":"//button[@data-kt=\"masterHOAddButton\"]"}
RESULT: {"using":"xpath","value":"//button[@data-kt=\"masterHOAddButton\"]"}
COMMAND: POST /session/3fdde00e1aad0000c801fdda20f45a25/elements - {"using":"xpath","value":"//button[@data-kt=\"masterHOAddButton\"]"}
RESULT: {"using":"xpath","value":"//button[@data-kt=\"masterHOAddButton\"]"}
COMMAND: GET /session/3fdde00e1aad0000c801fdda20f45a25/screenshot - {}
RESULT: {}
]]></system-out>
      <system-err><![CDATA[
Error: element ("//button[@data-kt="masterHOAddButton"]") still not existing after 45000ms
    at async UtilsPrerequisites.stockIncrease (D:\a\1\s\test\specs\BTS\prerequisites-and-utils-functions.js:1606:9)
    at async Context.<anonymous> (D:\a\1\s\test\specs\HTR\create-mass-state-change.spec.js:52:9)
]]></system-err>
    </testcase>
    <testcase classname="chrome.136_0_7103_93.windows.Tests_for_Mass_State_Change_on_Manage_States_&amp;_Performances_US104416_US" name="Prereq Should create a new contract" time="62.031">
      <failure/>
      <error message="element (&quot;//button[@data-kt=&quot;addButton&quot;]&quot;) still not existing after 45000ms"/>
      <system-out><![CDATA[
COMMAND: POST /session/3fdde00e1aad0000c801fdda20f45a25/execute/async - {"script":"<script> [1562 bytes]","args":[{"selector":{"controlType":"sap.m.GenericTile","properties":{"header":"Manage Contracts"}},"wdio_ui5_key":"sapm.GenericTile{\"header\":\"Manage Contracts\"}"}]}
COMMAND: GET /session/3fdde00e1aad0000c801fdda20f45a25/screenshot - {}
RESULT: {"script":"<script> [1562 bytes]","args":[{"selector":{"controlType":"sap.m.GenericTile","properties":{"header":"Manage Contracts"}},"wdio_ui5_key":"sapm.GenericTile{\"header\":\"Manage Contracts\"}"}]}
RESULT: undefined
RESULT: {}
COMMAND: POST /session/3fdde00e1aad0000c801fdda20f45a25/elements - {"using":"xpath","value":"//span[text()='Error']"}
RESULT: {"using":"xpath","value":"//span[text()='Error']"}
COMMAND: POST /session/3fdde00e1aad0000c801fdda20f45a25/element - {"using":"xpath","value":"//button[@data-kt=\"addButton\"]"}
RESULT: {"using":"xpath","value":"//button[@data-kt=\"addButton\"]"}
COMMAND: POST /session/3fdde00e1aad0000c801fdda20f45a25/elements - {"using":"xpath","value":"//button[@data-kt=\"addButton\"]"}
RESULT: {"using":"xpath","value":"//button[@data-kt=\"addButton\"]"}
COMMAND: POST /session/3fdde00e1aad0000c801fdda20f45a25/elements - {"using":"xpath","value":"//button[@data-kt=\"addButton\"]"}
RESULT: {"using":"xpath","value":"//button[@data-kt=\"addButton\"]"}
COMMAND: POST /session/3fdde00e1aad0000c801fdda20f45a25/elements - {"using":"xpath","value":"//button[@data-kt=\"addButton\"]"}
RESULT: {"using":"xpath","value":"//button[@data-kt=\"addButton\"]"}
COMMAND: POST /session/3fdde00e1aad0000c801fdda20f45a25/elements - {"using":"xpath","value":"//button[@data-kt=\"addButton\"]"}
RESULT: {"using":"xpath","value":"//button[@data-kt=\"addButton\"]"}
COMMAND: POST /session/3fdde00e1aad0000c801fdda20f45a25/elements - {"using":"xpath","value":"//button[@data-kt=\"addButton\"]"}
RESULT: {"using":"xpath","value":"//button[@data-kt=\"addButton\"]"}
COMMAND: POST /session/3fdde00e1aad0000c801fdda20f45a25/elements - {"using":"xpath","value":"//button[@data-kt=\"addButton\"]"}
RESULT: {"using":"xpath","value":"//button[@data-kt=\"addButton\"]"}
COMMAND: POST /session/3fdde00e1aad0000c801fdda20f45a25/elements - {"using":"xpath","value":"//button[@data-kt=\"addButton\"]"}
RESULT: {"using":"xpath","value":"//button[@data-kt=\"addButton\"]"}
COMMAND: POST /session/3fdde00e1aad0000c801fdda20f45a25/elements - {"using":"xpath","value":"//button[@data-kt=\"addButton\"]"}
RESULT: {"using":"xpath","value":"//button[@data-kt=\"addButton\"]"}
COMMAND: POST /session/3fdde00e1aad0000c801fdda20f45a25/elements - {"using":"xpath","value":"//button[@data-kt=\"addButton\"]"}
RESULT: {"using":"xpath","value":"//button[@data-kt=\"addButton\"]"}
COMMAND: POST /session/3fdde00e1aad0000c801fdda20f45a25/elements - {"using":"xpath","value":"//button[@data-kt=\"addButton\"]"}
RESULT: {"using":"xpath","value":"//button[@data-kt=\"addButton\"]"}
COMMAND: POST /session/3fdde00e1aad0000c801fdda20f45a25/elements - {"using":"xpath","value":"//button[@data-kt=\"addButton\"]"}
RESULT: {"using":"xpath","value":"//button[@data-kt=\"addButton\"]"}
COMMAND: POST /session/3fdde00e1aad0000c801fdda20f45a25/elements - {"using":"xpath","value":"//button[@data-kt=\"addButton\"]"}
RESULT: {"using":"xpath","value":"//button[@data-kt=\"addButton\"]"}
COMMAND: POST /session/3fdde00e1aad0000c801fdda20f45a25/elements - {"using":"xpath","value":"//button[@data-kt=\"addButton\"]"}
RESULT: {"using":"xpath","value":"//button[@data-kt=\"addButton\"]"}
COMMAND: POST /session/3fdde00e1aad0000c801fdda20f45a25/elements - {"using":"xpath","value":"//button[@data-kt=\"addButton\"]"}
RESULT: {"using":"xpath","value":"//button[@data-kt=\"addButton\"]"}
COMMAND: POST /session/3fdde00e1aad0000c801fdda20f45a25/elements - {"using":"xpath","value":"//button[@data-kt=\"addButton\"]"}
RESULT: {"using":"xpath","value":"//button[@data-kt=\"addButton\"]"}
COMMAND: POST /session/3fdde00e1aad0000c801fdda20f45a25/elements - {"using":"xpath","value":"//button[@data-kt=\"addButton\"]"}
RESULT: {"using":"xpath","value":"//button[@data-kt=\"addButton\"]"}
COMMAND: POST /session/3fdde00e1aad0000c801fdda20f45a25/elements - {"using":"xpath","value":"//button[@data-kt=\"addButton\"]"}
RESULT: {"using":"xpath","value":"//button[@data-kt=\"addButton\"]"}
COMMAND: POST /session/3fdde00e1aad0000c801fdda20f45a25/elements - {"using":"xpath","value":"//button[@data-kt=\"addButton\"]"}
RESULT: {"using":"xpath","value":"//button[@data-kt=\"addButton\"]"}
COMMAND: POST /session/3fdde00e1aad0000c801fdda20f45a25/elements - {"using":"xpath","value":"//button[@data-kt=\"addButton\"]"}
RESULT: {"using":"xpath","value":"//button[@data-kt=\"addButton\"]"}
COMMAND: POST /session/3fdde00e1aad0000c801fdda20f45a25/elements - {"using":"xpath","value":"//button[@data-kt=\"addButton\"]"}
RESULT: {"using":"xpath","value":"//button[@data-kt=\"addButton\"]"}
COMMAND: POST /session/3fdde00e1aad0000c801fdda20f45a25/elements - {"using":"xpath","value":"//button[@data-kt=\"addButton\"]"}
RESULT: {"using":"xpath","value":"//button[@data-kt=\"addButton\"]"}
COMMAND: POST /session/3fdde00e1aad0000c801fdda20f45a25/elements - {"using":"xpath","value":"//button[@data-kt=\"addButton\"]"}
RESULT: {"using":"xpath","value":"//button[@data-kt=\"addButton\"]"}
COMMAND: POST /session/3fdde00e1aad0000c801fdda20f45a25/elements - {"using":"xpath","value":"//button[@data-kt=\"addButton\"]"}
RESULT: {"using":"xpath","value":"//button[@data-kt=\"addButton\"]"}
COMMAND: POST /session/3fdde00e1aad0000c801fdda20f45a25/elements - {"using":"xpath","value":"//button[@data-kt=\"addButton\"]"}
RESULT: {"using":"xpath","value":"//button[@data-kt=\"addButton\"]"}
COMMAND: POST /session/3fdde00e1aad0000c801fdda20f45a25/elements - {"using":"xpath","value":"//button[@data-kt=\"addButton\"]"}
RESULT: {"using":"xpath","value":"//button[@data-kt=\"addButton\"]"}
COMMAND: POST /session/3fdde00e1aad0000c801fdda20f45a25/elements - {"using":"xpath","value":"//button[@data-kt=\"addButton\"]"}
RESULT: {"using":"xpath","value":"//button[@data-kt=\"addButton\"]"}
COMMAND: POST /session/3fdde00e1aad0000c801fdda20f45a25/elements - {"using":"xpath","value":"//button[@data-kt=\"addButton\"]"}
RESULT: {"using":"xpath","value":"//button[@data-kt=\"addButton\"]"}
COMMAND: POST /session/3fdde00e1aad0000c801fdda20f45a25/elements - {"using":"xpath","value":"//button[@data-kt=\"addButton\"]"}
RESULT: {"using":"xpath","value":"//button[@data-kt=\"addButton\"]"}
COMMAND: POST /session/3fdde00e1aad0000c801fdda20f45a25/elements - {"using":"xpath","value":"//button[@data-kt=\"addButton\"]"}
RESULT: {"using":"xpath","value":"//button[@data-kt=\"addButton\"]"}
COMMAND: POST /session/3fdde00e1aad0000c801fdda20f45a25/elements - {"using":"xpath","value":"//button[@data-kt=\"addButton\"]"}
RESULT: {"using":"xpath","value":"//button[@data-kt=\"addButton\"]"}
COMMAND: POST /session/3fdde00e1aad0000c801fdda20f45a25/elements - {"using":"xpath","value":"//button[@data-kt=\"addButton\"]"}
RESULT: {"using":"xpath","value":"//button[@data-kt=\"addButton\"]"}
COMMAND: POST /session/3fdde00e1aad0000c801fdda20f45a25/elements - {"using":"xpath","value":"//button[@data-kt=\"addButton\"]"}
RESULT: {"using":"xpath","value":"//button[@data-kt=\"addButton\"]"}
COMMAND: POST /session/3fdde00e1aad0000c801fdda20f45a25/elements - {"using":"xpath","value":"//button[@data-kt=\"addButton\"]"}
RESULT: {"using":"xpath","value":"//button[@data-kt=\"addButton\"]"}
COMMAND: POST /session/3fdde00e1aad0000c801fdda20f45a25/elements - {"using":"xpath","value":"//button[@data-kt=\"addButton\"]"}
RESULT: {"using":"xpath","value":"//button[@data-kt=\"addButton\"]"}
COMMAND: POST /session/3fdde00e1aad0000c801fdda20f45a25/elements - {"using":"xpath","value":"//button[@data-kt=\"addButton\"]"}
RESULT: {"using":"xpath","value":"//button[@data-kt=\"addButton\"]"}
COMMAND: POST /session/3fdde00e1aad0000c801fdda20f45a25/elements - {"using":"xpath","value":"//button[@data-kt=\"addButton\"]"}
RESULT: {"using":"xpath","value":"//button[@data-kt=\"addButton\"]"}
COMMAND: POST /session/3fdde00e1aad0000c801fdda20f45a25/elements - {"using":"xpath","value":"//button[@data-kt=\"addButton\"]"}
RESULT: {"using":"xpath","value":"//button[@data-kt=\"addButton\"]"}
COMMAND: POST /session/3fdde00e1aad0000c801fdda20f45a25/elements - {"using":"xpath","value":"//button[@data-kt=\"addButton\"]"}
RESULT: {"using":"xpath","value":"//button[@data-kt=\"addButton\"]"}
COMMAND: POST /session/3fdde00e1aad0000c801fdda20f45a25/elements - {"using":"xpath","value":"//button[@data-kt=\"addButton\"]"}
RESULT: {"using":"xpath","value":"//button[@data-kt=\"addButton\"]"}
COMMAND: POST /session/3fdde00e1aad0000c801fdda20f45a25/elements - {"using":"xpath","value":"//button[@data-kt=\"addButton\"]"}
RESULT: {"using":"xpath","value":"//button[@data-kt=\"addButton\"]"}
COMMAND: POST /session/3fdde00e1aad0000c801fdda20f45a25/elements - {"using":"xpath","value":"//button[@data-kt=\"addButton\"]"}
RESULT: {"using":"xpath","value":"//button[@data-kt=\"addButton\"]"}
COMMAND: POST /session/3fdde00e1aad0000c801fdda20f45a25/elements - {"using":"xpath","value":"//button[@data-kt=\"addButton\"]"}
RESULT: {"using":"xpath","value":"//button[@data-kt=\"addButton\"]"}
COMMAND: POST /session/3fdde00e1aad0000c801fdda20f45a25/elements - {"using":"xpath","value":"//button[@data-kt=\"addButton\"]"}
RESULT: {"using":"xpath","value":"//button[@data-kt=\"addButton\"]"}
COMMAND: POST /session/3fdde00e1aad0000c801fdda20f45a25/elements - {"using":"xpath","value":"//button[@data-kt=\"addButton\"]"}
RESULT: {"using":"xpath","value":"//button[@data-kt=\"addButton\"]"}
COMMAND: POST /session/3fdde00e1aad0000c801fdda20f45a25/elements - {"using":"xpath","value":"//button[@data-kt=\"addButton\"]"}
RESULT: {"using":"xpath","value":"//button[@data-kt=\"addButton\"]"}
COMMAND: POST /session/3fdde00e1aad0000c801fdda20f45a25/elements - {"using":"xpath","value":"//button[@data-kt=\"addButton\"]"}
RESULT: {"using":"xpath","value":"//button[@data-kt=\"addButton\"]"}
COMMAND: POST /session/3fdde00e1aad0000c801fdda20f45a25/elements - {"using":"xpath","value":"//button[@data-kt=\"addButton\"]"}
RESULT: {"using":"xpath","value":"//button[@data-kt=\"addButton\"]"}
COMMAND: POST /session/3fdde00e1aad0000c801fdda20f45a25/elements - {"using":"xpath","value":"//button[@data-kt=\"addButton\"]"}
RESULT: {"using":"xpath","value":"//button[@data-kt=\"addButton\"]"}
COMMAND: POST /session/3fdde00e1aad0000c801fdda20f45a25/elements - {"using":"xpath","value":"//button[@data-kt=\"addButton\"]"}
RESULT: {"using":"xpath","value":"//button[@data-kt=\"addButton\"]"}
COMMAND: POST /session/3fdde00e1aad0000c801fdda20f45a25/elements - {"using":"xpath","value":"//button[@data-kt=\"addButton\"]"}
RESULT: {"using":"xpath","value":"//button[@data-kt=\"addButton\"]"}
COMMAND: POST /session/3fdde00e1aad0000c801fdda20f45a25/elements - {"using":"xpath","value":"//button[@data-kt=\"addButton\"]"}
RESULT: {"using":"xpath","value":"//button[@data-kt=\"addButton\"]"}
COMMAND: POST /session/3fdde00e1aad0000c801fdda20f45a25/elements - {"using":"xpath","value":"//button[@data-kt=\"addButton\"]"}
RESULT: {"using":"xpath","value":"//button[@data-kt=\"addButton\"]"}
COMMAND: POST /session/3fdde00e1aad0000c801fdda20f45a25/elements - {"using":"xpath","value":"//button[@data-kt=\"addButton\"]"}
RESULT: {"using":"xpath","value":"//button[@data-kt=\"addButton\"]"}
COMMAND: POST /session/3fdde00e1aad0000c801fdda20f45a25/elements - {"using":"xpath","value":"//button[@data-kt=\"addButton\"]"}
RESULT: {"using":"xpath","value":"//button[@data-kt=\"addButton\"]"}
COMMAND: POST /session/3fdde00e1aad0000c801fdda20f45a25/elements - {"using":"xpath","value":"//button[@data-kt=\"addButton\"]"}
RESULT: {"using":"xpath","value":"//button[@data-kt=\"addButton\"]"}
COMMAND: POST /session/3fdde00e1aad0000c801fdda20f45a25/elements - {"using":"xpath","value":"//button[@data-kt=\"addButton\"]"}
RESULT: {"using":"xpath","value":"//button[@data-kt=\"addButton\"]"}
COMMAND: POST /session/3fdde00e1aad0000c801fdda20f45a25/elements - {"using":"xpath","value":"//button[@data-kt=\"addButton\"]"}
RESULT: {"using":"xpath","value":"//button[@data-kt=\"addButton\"]"}
COMMAND: POST /session/3fdde00e1aad0000c801fdda20f45a25/elements - {"using":"xpath","value":"//button[@data-kt=\"addButton\"]"}
RESULT: {"using":"xpath","value":"//button[@data-kt=\"addButton\"]"}
COMMAND: POST /session/3fdde00e1aad0000c801fdda20f45a25/elements - {"using":"xpath","value":"//button[@data-kt=\"addButton\"]"}
RESULT: {"using":"xpath","value":"//button[@data-kt=\"addButton\"]"}
COMMAND: POST /session/3fdde00e1aad0000c801fdda20f45a25/elements - {"using":"xpath","value":"//button[@data-kt=\"addButton\"]"}
RESULT: {"using":"xpath","value":"//button[@data-kt=\"addButton\"]"}
COMMAND: POST /session/3fdde00e1aad0000c801fdda20f45a25/elements - {"using":"xpath","value":"//button[@data-kt=\"addButton\"]"}
RESULT: {"using":"xpath","value":"//button[@data-kt=\"addButton\"]"}
COMMAND: POST /session/3fdde00e1aad0000c801fdda20f45a25/elements - {"using":"xpath","value":"//button[@data-kt=\"addButton\"]"}
RESULT: {"using":"xpath","value":"//button[@data-kt=\"addButton\"]"}
COMMAND: POST /session/3fdde00e1aad0000c801fdda20f45a25/elements - {"using":"xpath","value":"//button[@data-kt=\"addButton\"]"}
RESULT: {"using":"xpath","value":"//button[@data-kt=\"addButton\"]"}
COMMAND: POST /session/3fdde00e1aad0000c801fdda20f45a25/elements - {"using":"xpath","value":"//button[@data-kt=\"addButton\"]"}
RESULT: {"using":"xpath","value":"//button[@data-kt=\"addButton\"]"}
COMMAND: POST /session/3fdde00e1aad0000c801fdda20f45a25/elements - {"using":"xpath","value":"//button[@data-kt=\"addButton\"]"}
RESULT: {"using":"xpath","value":"//button[@data-kt=\"addButton\"]"}
COMMAND: POST /session/3fdde00e1aad0000c801fdda20f45a25/elements - {"using":"xpath","value":"//button[@data-kt=\"addButton\"]"}
RESULT: {"using":"xpath","value":"//button[@data-kt=\"addButton\"]"}
COMMAND: POST /session/3fdde00e1aad0000c801fdda20f45a25/elements - {"using":"xpath","value":"//button[@data-kt=\"addButton\"]"}
RESULT: {"using":"xpath","value":"//button[@data-kt=\"addButton\"]"}
COMMAND: POST /session/3fdde00e1aad0000c801fdda20f45a25/elements - {"using":"xpath","value":"//button[@data-kt=\"addButton\"]"}
RESULT: {"using":"xpath","value":"//button[@data-kt=\"addButton\"]"}
COMMAND: POST /session/3fdde00e1aad0000c801fdda20f45a25/elements - {"using":"xpath","value":"//button[@data-kt=\"addButton\"]"}
RESULT: {"using":"xpath","value":"//button[@data-kt=\"addButton\"]"}
COMMAND: POST /session/3fdde00e1aad0000c801fdda20f45a25/elements - {"using":"xpath","value":"//button[@data-kt=\"addButton\"]"}
RESULT: {"using":"xpath","value":"//button[@data-kt=\"addButton\"]"}
COMMAND: POST /session/3fdde00e1aad0000c801fdda20f45a25/elements - {"using":"xpath","value":"//button[@data-kt=\"addButton\"]"}
RESULT: {"using":"xpath","value":"//button[@data-kt=\"addButton\"]"}
COMMAND: POST /session/3fdde00e1aad0000c801fdda20f45a25/elements - {"using":"xpath","value":"//button[@data-kt=\"addButton\"]"}
RESULT: {"using":"xpath","value":"//button[@data-kt=\"addButton\"]"}
COMMAND: POST /session/3fdde00e1aad0000c801fdda20f45a25/elements - {"using":"xpath","value":"//button[@data-kt=\"addButton\"]"}
RESULT: {"using":"xpath","value":"//button[@data-kt=\"addButton\"]"}
COMMAND: POST /session/3fdde00e1aad0000c801fdda20f45a25/elements - {"using":"xpath","value":"//button[@data-kt=\"addButton\"]"}
RESULT: {"using":"xpath","value":"//button[@data-kt=\"addButton\"]"}
COMMAND: POST /session/3fdde00e1aad0000c801fdda20f45a25/elements - {"using":"xpath","value":"//button[@data-kt=\"addButton\"]"}
RESULT: {"using":"xpath","value":"//button[@data-kt=\"addButton\"]"}
COMMAND: POST /session/3fdde00e1aad0000c801fdda20f45a25/elements - {"using":"xpath","value":"//button[@data-kt=\"addButton\"]"}
RESULT: {"using":"xpath","value":"//button[@data-kt=\"addButton\"]"}
COMMAND: POST /session/3fdde00e1aad0000c801fdda20f45a25/elements - {"using":"xpath","value":"//button[@data-kt=\"addButton\"]"}
RESULT: {"using":"xpath","value":"//button[@data-kt=\"addButton\"]"}
COMMAND: POST /session/3fdde00e1aad0000c801fdda20f45a25/elements - {"using":"xpath","value":"//button[@data-kt=\"addButton\"]"}
RESULT: {"using":"xpath","value":"//button[@data-kt=\"addButton\"]"}
COMMAND: POST /session/3fdde00e1aad0000c801fdda20f45a25/elements - {"using":"xpath","value":"//button[@data-kt=\"addButton\"]"}
RESULT: {"using":"xpath","value":"//button[@data-kt=\"addButton\"]"}
COMMAND: POST /session/3fdde00e1aad0000c801fdda20f45a25/elements - {"using":"xpath","value":"//button[@data-kt=\"addButton\"]"}
RESULT: {"using":"xpath","value":"//button[@data-kt=\"addButton\"]"}
COMMAND: POST /session/3fdde00e1aad0000c801fdda20f45a25/elements - {"using":"xpath","value":"//button[@data-kt=\"addButton\"]"}
RESULT: {"using":"xpath","value":"//button[@data-kt=\"addButton\"]"}
COMMAND: POST /session/3fdde00e1aad0000c801fdda20f45a25/elements - {"using":"xpath","value":"//button[@data-kt=\"addButton\"]"}
RESULT: {"using":"xpath","value":"//button[@data-kt=\"addButton\"]"}
COMMAND: POST /session/3fdde00e1aad0000c801fdda20f45a25/elements - {"using":"xpath","value":"//button[@data-kt=\"addButton\"]"}
RESULT: {"using":"xpath","value":"//button[@data-kt=\"addButton\"]"}
COMMAND: POST /session/3fdde00e1aad0000c801fdda20f45a25/elements - {"using":"xpath","value":"//button[@data-kt=\"addButton\"]"}
RESULT: {"using":"xpath","value":"//button[@data-kt=\"addButton\"]"}
COMMAND: POST /session/3fdde00e1aad0000c801fdda20f45a25/elements - {"using":"xpath","value":"//button[@data-kt=\"addButton\"]"}
RESULT: {"using":"xpath","value":"//button[@data-kt=\"addButton\"]"}
COMMAND: POST /session/3fdde00e1aad0000c801fdda20f45a25/elements - {"using":"xpath","value":"//button[@data-kt=\"addButton\"]"}
RESULT: {"using":"xpath","value":"//button[@data-kt=\"addButton\"]"}
COMMAND: POST /session/3fdde00e1aad0000c801fdda20f45a25/elements - {"using":"xpath","value":"//button[@data-kt=\"addButton\"]"}
RESULT: {"using":"xpath","value":"//button[@data-kt=\"addButton\"]"}
COMMAND: POST /session/3fdde00e1aad0000c801fdda20f45a25/elements - {"using":"xpath","value":"//button[@data-kt=\"addButton\"]"}
RESULT: {"using":"xpath","value":"//button[@data-kt=\"addButton\"]"}
COMMAND: POST /session/3fdde00e1aad0000c801fdda20f45a25/elements - {"using":"xpath","value":"//button[@data-kt=\"addButton\"]"}
RESULT: {"using":"xpath","value":"//button[@data-kt=\"addButton\"]"}
COMMAND: POST /session/3fdde00e1aad0000c801fdda20f45a25/elements - {"using":"xpath","value":"//button[@data-kt=\"addButton\"]"}
RESULT: {"using":"xpath","value":"//button[@data-kt=\"addButton\"]"}
COMMAND: GET /session/3fdde00e1aad0000c801fdda20f45a25/screenshot - {}
RESULT: {}
]]></system-out>
      <system-err><![CDATA[
Error: element ("//button[@data-kt="addButton"]") still not existing after 45000ms
    at async UtilsPrerequisites.contractCreation (D:\a\1\s\test\specs\BTS\prerequisites-and-utils-functions.js:1741:9)
    at async Context.<anonymous> (D:\a\1\s\test\specs\HTR\create-mass-state-change.spec.js:57:43)
]]></system-err>
    </testcase>
    <testcase classname="chrome.136_0_7103_93.windows.Tests_for_Mass_State_Change_on_Manage_States_&amp;_Performances_US104416_US" name="Prereq Should add created equipment to contract but to have the item 2 days earlier" time="61.539">
      <failure/>
      <error message="Can't call click on element with selector &quot;//button[@data-kt=&quot;contractDetailEditBtnButton&quot;]&quot; because element wasn't found"/>
      <system-out><![CDATA[
COMMAND: POST /session/3fdde00e1aad0000c801fdda20f45a25/element - {"using":"xpath","value":"//button[@data-kt=\"contractDetailEditBtnButton\"]"}
COMMAND: GET /session/3fdde00e1aad0000c801fdda20f45a25/screenshot - {}
RESULT: {"using":"xpath","value":"//button[@data-kt=\"contractDetailEditBtnButton\"]"}
COMMAND: POST /session/3fdde00e1aad0000c801fdda20f45a25/elements - {"using":"xpath","value":"//button[@data-kt=\"contractDetailEditBtnButton\"]"}
RESULT: {}
RESULT: {"using":"xpath","value":"//button[@data-kt=\"contractDetailEditBtnButton\"]"}
COMMAND: POST /session/3fdde00e1aad0000c801fdda20f45a25/elements - {"using":"xpath","value":"//button[@data-kt=\"contractDetailEditBtnButton\"]"}
RESULT: {"using":"xpath","value":"//button[@data-kt=\"contractDetailEditBtnButton\"]"}
COMMAND: POST /session/3fdde00e1aad0000c801fdda20f45a25/elements - {"using":"xpath","value":"//button[@data-kt=\"contractDetailEditBtnButton\"]"}
RESULT: {"using":"xpath","value":"//button[@data-kt=\"contractDetailEditBtnButton\"]"}
COMMAND: POST /session/3fdde00e1aad0000c801fdda20f45a25/elements - {"using":"xpath","value":"//button[@data-kt=\"contractDetailEditBtnButton\"]"}
RESULT: {"using":"xpath","value":"//button[@data-kt=\"contractDetailEditBtnButton\"]"}
COMMAND: POST /session/3fdde00e1aad0000c801fdda20f45a25/elements - {"using":"xpath","value":"//button[@data-kt=\"contractDetailEditBtnButton\"]"}
RESULT: {"using":"xpath","value":"//button[@data-kt=\"contractDetailEditBtnButton\"]"}
COMMAND: POST /session/3fdde00e1aad0000c801fdda20f45a25/elements - {"using":"xpath","value":"//button[@data-kt=\"contractDetailEditBtnButton\"]"}
RESULT: {"using":"xpath","value":"//button[@data-kt=\"contractDetailEditBtnButton\"]"}
COMMAND: POST /session/3fdde00e1aad0000c801fdda20f45a25/elements - {"using":"xpath","value":"//button[@data-kt=\"contractDetailEditBtnButton\"]"}
RESULT: {"using":"xpath","value":"//button[@data-kt=\"contractDetailEditBtnButton\"]"}
COMMAND: POST /session/3fdde00e1aad0000c801fdda20f45a25/elements - {"using":"xpath","value":"//button[@data-kt=\"contractDetailEditBtnButton\"]"}
RESULT: {"using":"xpath","value":"//button[@data-kt=\"contractDetailEditBtnButton\"]"}
COMMAND: POST /session/3fdde00e1aad0000c801fdda20f45a25/elements - {"using":"xpath","value":"//button[@data-kt=\"contractDetailEditBtnButton\"]"}
RESULT: {"using":"xpath","value":"//button[@data-kt=\"contractDetailEditBtnButton\"]"}
COMMAND: POST /session/3fdde00e1aad0000c801fdda20f45a25/elements - {"using":"xpath","value":"//button[@data-kt=\"contractDetailEditBtnButton\"]"}
RESULT: {"using":"xpath","value":"//button[@data-kt=\"contractDetailEditBtnButton\"]"}
COMMAND: POST /session/3fdde00e1aad0000c801fdda20f45a25/elements - {"using":"xpath","value":"//button[@data-kt=\"contractDetailEditBtnButton\"]"}
RESULT: {"using":"xpath","value":"//button[@data-kt=\"contractDetailEditBtnButton\"]"}
COMMAND: POST /session/3fdde00e1aad0000c801fdda20f45a25/elements - {"using":"xpath","value":"//button[@data-kt=\"contractDetailEditBtnButton\"]"}
RESULT: {"using":"xpath","value":"//button[@data-kt=\"contractDetailEditBtnButton\"]"}
COMMAND: POST /session/3fdde00e1aad0000c801fdda20f45a25/elements - {"using":"xpath","value":"//button[@data-kt=\"contractDetailEditBtnButton\"]"}
RESULT: {"using":"xpath","value":"//button[@data-kt=\"contractDetailEditBtnButton\"]"}
COMMAND: POST /session/3fdde00e1aad0000c801fdda20f45a25/elements - {"using":"xpath","value":"//button[@data-kt=\"contractDetailEditBtnButton\"]"}
RESULT: {"using":"xpath","value":"//button[@data-kt=\"contractDetailEditBtnButton\"]"}
COMMAND: POST /session/3fdde00e1aad0000c801fdda20f45a25/elements - {"using":"xpath","value":"//button[@data-kt=\"contractDetailEditBtnButton\"]"}
RESULT: {"using":"xpath","value":"//button[@data-kt=\"contractDetailEditBtnButton\"]"}
COMMAND: POST /session/3fdde00e1aad0000c801fdda20f45a25/elements - {"using":"xpath","value":"//button[@data-kt=\"contractDetailEditBtnButton\"]"}
RESULT: {"using":"xpath","value":"//button[@data-kt=\"contractDetailEditBtnButton\"]"}
COMMAND: POST /session/3fdde00e1aad0000c801fdda20f45a25/elements - {"using":"xpath","value":"//button[@data-kt=\"contractDetailEditBtnButton\"]"}
RESULT: {"using":"xpath","value":"//button[@data-kt=\"contractDetailEditBtnButton\"]"}
COMMAND: POST /session/3fdde00e1aad0000c801fdda20f45a25/elements - {"using":"xpath","value":"//button[@data-kt=\"contractDetailEditBtnButton\"]"}
RESULT: {"using":"xpath","value":"//button[@data-kt=\"contractDetailEditBtnButton\"]"}
COMMAND: POST /session/3fdde00e1aad0000c801fdda20f45a25/elements - {"using":"xpath","value":"//button[@data-kt=\"contractDetailEditBtnButton\"]"}
RESULT: {"using":"xpath","value":"//button[@data-kt=\"contractDetailEditBtnButton\"]"}
COMMAND: POST /session/3fdde00e1aad0000c801fdda20f45a25/elements - {"using":"xpath","value":"//button[@data-kt=\"contractDetailEditBtnButton\"]"}
RESULT: {"using":"xpath","value":"//button[@data-kt=\"contractDetailEditBtnButton\"]"}
COMMAND: POST /session/3fdde00e1aad0000c801fdda20f45a25/elements - {"using":"xpath","value":"//button[@data-kt=\"contractDetailEditBtnButton\"]"}
RESULT: {"using":"xpath","value":"//button[@data-kt=\"contractDetailEditBtnButton\"]"}
COMMAND: POST /session/3fdde00e1aad0000c801fdda20f45a25/elements - {"using":"xpath","value":"//button[@data-kt=\"contractDetailEditBtnButton\"]"}
RESULT: {"using":"xpath","value":"//button[@data-kt=\"contractDetailEditBtnButton\"]"}
COMMAND: POST /session/3fdde00e1aad0000c801fdda20f45a25/elements - {"using":"xpath","value":"//button[@data-kt=\"contractDetailEditBtnButton\"]"}
RESULT: {"using":"xpath","value":"//button[@data-kt=\"contractDetailEditBtnButton\"]"}
COMMAND: POST /session/3fdde00e1aad0000c801fdda20f45a25/elements - {"using":"xpath","value":"//button[@data-kt=\"contractDetailEditBtnButton\"]"}
RESULT: {"using":"xpath","value":"//button[@data-kt=\"contractDetailEditBtnButton\"]"}
COMMAND: POST /session/3fdde00e1aad0000c801fdda20f45a25/elements - {"using":"xpath","value":"//button[@data-kt=\"contractDetailEditBtnButton\"]"}
RESULT: {"using":"xpath","value":"//button[@data-kt=\"contractDetailEditBtnButton\"]"}
COMMAND: POST /session/3fdde00e1aad0000c801fdda20f45a25/elements - {"using":"xpath","value":"//button[@data-kt=\"contractDetailEditBtnButton\"]"}
RESULT: {"using":"xpath","value":"//button[@data-kt=\"contractDetailEditBtnButton\"]"}
COMMAND: POST /session/3fdde00e1aad0000c801fdda20f45a25/elements - {"using":"xpath","value":"//button[@data-kt=\"contractDetailEditBtnButton\"]"}
RESULT: {"using":"xpath","value":"//button[@data-kt=\"contractDetailEditBtnButton\"]"}
COMMAND: POST /session/3fdde00e1aad0000c801fdda20f45a25/elements - {"using":"xpath","value":"//button[@data-kt=\"contractDetailEditBtnButton\"]"}
RESULT: {"using":"xpath","value":"//button[@data-kt=\"contractDetailEditBtnButton\"]"}
COMMAND: POST /session/3fdde00e1aad0000c801fdda20f45a25/elements - {"using":"xpath","value":"//button[@data-kt=\"contractDetailEditBtnButton\"]"}
RESULT: {"using":"xpath","value":"//button[@data-kt=\"contractDetailEditBtnButton\"]"}
COMMAND: POST /session/3fdde00e1aad0000c801fdda20f45a25/elements - {"using":"xpath","value":"//button[@data-kt=\"contractDetailEditBtnButton\"]"}
RESULT: {"using":"xpath","value":"//button[@data-kt=\"contractDetailEditBtnButton\"]"}
COMMAND: POST /session/3fdde00e1aad0000c801fdda20f45a25/elements - {"using":"xpath","value":"//button[@data-kt=\"contractDetailEditBtnButton\"]"}
RESULT: {"using":"xpath","value":"//button[@data-kt=\"contractDetailEditBtnButton\"]"}
COMMAND: POST /session/3fdde00e1aad0000c801fdda20f45a25/elements - {"using":"xpath","value":"//button[@data-kt=\"contractDetailEditBtnButton\"]"}
RESULT: {"using":"xpath","value":"//button[@data-kt=\"contractDetailEditBtnButton\"]"}
COMMAND: POST /session/3fdde00e1aad0000c801fdda20f45a25/elements - {"using":"xpath","value":"//button[@data-kt=\"contractDetailEditBtnButton\"]"}
RESULT: {"using":"xpath","value":"//button[@data-kt=\"contractDetailEditBtnButton\"]"}
COMMAND: POST /session/3fdde00e1aad0000c801fdda20f45a25/elements - {"using":"xpath","value":"//button[@data-kt=\"contractDetailEditBtnButton\"]"}
RESULT: {"using":"xpath","value":"//button[@data-kt=\"contractDetailEditBtnButton\"]"}
COMMAND: POST /session/3fdde00e1aad0000c801fdda20f45a25/elements - {"using":"xpath","value":"//button[@data-kt=\"contractDetailEditBtnButton\"]"}
RESULT: {"using":"xpath","value":"//button[@data-kt=\"contractDetailEditBtnButton\"]"}
COMMAND: POST /session/3fdde00e1aad0000c801fdda20f45a25/elements - {"using":"xpath","value":"//button[@data-kt=\"contractDetailEditBtnButton\"]"}
RESULT: {"using":"xpath","value":"//button[@data-kt=\"contractDetailEditBtnButton\"]"}
COMMAND: POST /session/3fdde00e1aad0000c801fdda20f45a25/elements - {"using":"xpath","value":"//button[@data-kt=\"contractDetailEditBtnButton\"]"}
RESULT: {"using":"xpath","value":"//button[@data-kt=\"contractDetailEditBtnButton\"]"}
COMMAND: POST /session/3fdde00e1aad0000c801fdda20f45a25/elements - {"using":"xpath","value":"//button[@data-kt=\"contractDetailEditBtnButton\"]"}
RESULT: {"using":"xpath","value":"//button[@data-kt=\"contractDetailEditBtnButton\"]"}
COMMAND: POST /session/3fdde00e1aad0000c801fdda20f45a25/elements - {"using":"xpath","value":"//button[@data-kt=\"contractDetailEditBtnButton\"]"}
RESULT: {"using":"xpath","value":"//button[@data-kt=\"contractDetailEditBtnButton\"]"}
COMMAND: POST /session/3fdde00e1aad0000c801fdda20f45a25/elements - {"using":"xpath","value":"//button[@data-kt=\"contractDetailEditBtnButton\"]"}
RESULT: {"using":"xpath","value":"//button[@data-kt=\"contractDetailEditBtnButton\"]"}
COMMAND: POST /session/3fdde00e1aad0000c801fdda20f45a25/elements - {"using":"xpath","value":"//button[@data-kt=\"contractDetailEditBtnButton\"]"}
RESULT: {"using":"xpath","value":"//button[@data-kt=\"contractDetailEditBtnButton\"]"}
COMMAND: POST /session/3fdde00e1aad0000c801fdda20f45a25/elements - {"using":"xpath","value":"//button[@data-kt=\"contractDetailEditBtnButton\"]"}
RESULT: {"using":"xpath","value":"//button[@data-kt=\"contractDetailEditBtnButton\"]"}
COMMAND: POST /session/3fdde00e1aad0000c801fdda20f45a25/elements - {"using":"xpath","value":"//button[@data-kt=\"contractDetailEditBtnButton\"]"}
RESULT: {"using":"xpath","value":"//button[@data-kt=\"contractDetailEditBtnButton\"]"}
COMMAND: POST /session/3fdde00e1aad0000c801fdda20f45a25/elements - {"using":"xpath","value":"//button[@data-kt=\"contractDetailEditBtnButton\"]"}
RESULT: {"using":"xpath","value":"//button[@data-kt=\"contractDetailEditBtnButton\"]"}
COMMAND: POST /session/3fdde00e1aad0000c801fdda20f45a25/elements - {"using":"xpath","value":"//button[@data-kt=\"contractDetailEditBtnButton\"]"}
RESULT: {"using":"xpath","value":"//button[@data-kt=\"contractDetailEditBtnButton\"]"}
COMMAND: POST /session/3fdde00e1aad0000c801fdda20f45a25/elements - {"using":"xpath","value":"//button[@data-kt=\"contractDetailEditBtnButton\"]"}
RESULT: {"using":"xpath","value":"//button[@data-kt=\"contractDetailEditBtnButton\"]"}
COMMAND: POST /session/3fdde00e1aad0000c801fdda20f45a25/elements - {"using":"xpath","value":"//button[@data-kt=\"contractDetailEditBtnButton\"]"}
RESULT: {"using":"xpath","value":"//button[@data-kt=\"contractDetailEditBtnButton\"]"}
COMMAND: POST /session/3fdde00e1aad0000c801fdda20f45a25/elements - {"using":"xpath","value":"//button[@data-kt=\"contractDetailEditBtnButton\"]"}
RESULT: {"using":"xpath","value":"//button[@data-kt=\"contractDetailEditBtnButton\"]"}
COMMAND: POST /session/3fdde00e1aad0000c801fdda20f45a25/elements - {"using":"xpath","value":"//button[@data-kt=\"contractDetailEditBtnButton\"]"}
RESULT: {"using":"xpath","value":"//button[@data-kt=\"contractDetailEditBtnButton\"]"}
COMMAND: POST /session/3fdde00e1aad0000c801fdda20f45a25/elements - {"using":"xpath","value":"//button[@data-kt=\"contractDetailEditBtnButton\"]"}
RESULT: {"using":"xpath","value":"//button[@data-kt=\"contractDetailEditBtnButton\"]"}
COMMAND: POST /session/3fdde00e1aad0000c801fdda20f45a25/elements - {"using":"xpath","value":"//button[@data-kt=\"contractDetailEditBtnButton\"]"}
RESULT: {"using":"xpath","value":"//button[@data-kt=\"contractDetailEditBtnButton\"]"}
COMMAND: POST /session/3fdde00e1aad0000c801fdda20f45a25/elements - {"using":"xpath","value":"//button[@data-kt=\"contractDetailEditBtnButton\"]"}
RESULT: {"using":"xpath","value":"//button[@data-kt=\"contractDetailEditBtnButton\"]"}
COMMAND: POST /session/3fdde00e1aad0000c801fdda20f45a25/elements - {"using":"xpath","value":"//button[@data-kt=\"contractDetailEditBtnButton\"]"}
RESULT: {"using":"xpath","value":"//button[@data-kt=\"contractDetailEditBtnButton\"]"}
COMMAND: POST /session/3fdde00e1aad0000c801fdda20f45a25/elements - {"using":"xpath","value":"//button[@data-kt=\"contractDetailEditBtnButton\"]"}
RESULT: {"using":"xpath","value":"//button[@data-kt=\"contractDetailEditBtnButton\"]"}
COMMAND: POST /session/3fdde00e1aad0000c801fdda20f45a25/elements - {"using":"xpath","value":"//button[@data-kt=\"contractDetailEditBtnButton\"]"}
RESULT: {"using":"xpath","value":"//button[@data-kt=\"contractDetailEditBtnButton\"]"}
COMMAND: POST /session/3fdde00e1aad0000c801fdda20f45a25/elements - {"using":"xpath","value":"//button[@data-kt=\"contractDetailEditBtnButton\"]"}
RESULT: {"using":"xpath","value":"//button[@data-kt=\"contractDetailEditBtnButton\"]"}
COMMAND: POST /session/3fdde00e1aad0000c801fdda20f45a25/elements - {"using":"xpath","value":"//button[@data-kt=\"contractDetailEditBtnButton\"]"}
RESULT: {"using":"xpath","value":"//button[@data-kt=\"contractDetailEditBtnButton\"]"}
COMMAND: POST /session/3fdde00e1aad0000c801fdda20f45a25/elements - {"using":"xpath","value":"//button[@data-kt=\"contractDetailEditBtnButton\"]"}
RESULT: {"using":"xpath","value":"//button[@data-kt=\"contractDetailEditBtnButton\"]"}
COMMAND: POST /session/3fdde00e1aad0000c801fdda20f45a25/elements - {"using":"xpath","value":"//button[@data-kt=\"contractDetailEditBtnButton\"]"}
RESULT: {"using":"xpath","value":"//button[@data-kt=\"contractDetailEditBtnButton\"]"}
COMMAND: POST /session/3fdde00e1aad0000c801fdda20f45a25/elements - {"using":"xpath","value":"//button[@data-kt=\"contractDetailEditBtnButton\"]"}
RESULT: {"using":"xpath","value":"//button[@data-kt=\"contractDetailEditBtnButton\"]"}
COMMAND: POST /session/3fdde00e1aad0000c801fdda20f45a25/elements - {"using":"xpath","value":"//button[@data-kt=\"contractDetailEditBtnButton\"]"}
RESULT: {"using":"xpath","value":"//button[@data-kt=\"contractDetailEditBtnButton\"]"}
COMMAND: POST /session/3fdde00e1aad0000c801fdda20f45a25/elements - {"using":"xpath","value":"//button[@data-kt=\"contractDetailEditBtnButton\"]"}
RESULT: {"using":"xpath","value":"//button[@data-kt=\"contractDetailEditBtnButton\"]"}
COMMAND: POST /session/3fdde00e1aad0000c801fdda20f45a25/elements - {"using":"xpath","value":"//button[@data-kt=\"contractDetailEditBtnButton\"]"}
RESULT: {"using":"xpath","value":"//button[@data-kt=\"contractDetailEditBtnButton\"]"}
COMMAND: POST /session/3fdde00e1aad0000c801fdda20f45a25/elements - {"using":"xpath","value":"//button[@data-kt=\"contractDetailEditBtnButton\"]"}
RESULT: {"using":"xpath","value":"//button[@data-kt=\"contractDetailEditBtnButton\"]"}
COMMAND: POST /session/3fdde00e1aad0000c801fdda20f45a25/elements - {"using":"xpath","value":"//button[@data-kt=\"contractDetailEditBtnButton\"]"}
RESULT: {"using":"xpath","value":"//button[@data-kt=\"contractDetailEditBtnButton\"]"}
COMMAND: POST /session/3fdde00e1aad0000c801fdda20f45a25/elements - {"using":"xpath","value":"//button[@data-kt=\"contractDetailEditBtnButton\"]"}
RESULT: {"using":"xpath","value":"//button[@data-kt=\"contractDetailEditBtnButton\"]"}
COMMAND: POST /session/3fdde00e1aad0000c801fdda20f45a25/elements - {"using":"xpath","value":"//button[@data-kt=\"contractDetailEditBtnButton\"]"}
RESULT: {"using":"xpath","value":"//button[@data-kt=\"contractDetailEditBtnButton\"]"}
COMMAND: POST /session/3fdde00e1aad0000c801fdda20f45a25/elements - {"using":"xpath","value":"//button[@data-kt=\"contractDetailEditBtnButton\"]"}
RESULT: {"using":"xpath","value":"//button[@data-kt=\"contractDetailEditBtnButton\"]"}
COMMAND: POST /session/3fdde00e1aad0000c801fdda20f45a25/elements - {"using":"xpath","value":"//button[@data-kt=\"contractDetailEditBtnButton\"]"}
RESULT: {"using":"xpath","value":"//button[@data-kt=\"contractDetailEditBtnButton\"]"}
COMMAND: POST /session/3fdde00e1aad0000c801fdda20f45a25/elements - {"using":"xpath","value":"//button[@data-kt=\"contractDetailEditBtnButton\"]"}
RESULT: {"using":"xpath","value":"//button[@data-kt=\"contractDetailEditBtnButton\"]"}
COMMAND: POST /session/3fdde00e1aad0000c801fdda20f45a25/elements - {"using":"xpath","value":"//button[@data-kt=\"contractDetailEditBtnButton\"]"}
RESULT: {"using":"xpath","value":"//button[@data-kt=\"contractDetailEditBtnButton\"]"}
COMMAND: POST /session/3fdde00e1aad0000c801fdda20f45a25/elements - {"using":"xpath","value":"//button[@data-kt=\"contractDetailEditBtnButton\"]"}
RESULT: {"using":"xpath","value":"//button[@data-kt=\"contractDetailEditBtnButton\"]"}
COMMAND: POST /session/3fdde00e1aad0000c801fdda20f45a25/elements - {"using":"xpath","value":"//button[@data-kt=\"contractDetailEditBtnButton\"]"}
RESULT: {"using":"xpath","value":"//button[@data-kt=\"contractDetailEditBtnButton\"]"}
COMMAND: POST /session/3fdde00e1aad0000c801fdda20f45a25/elements - {"using":"xpath","value":"//button[@data-kt=\"contractDetailEditBtnButton\"]"}
RESULT: {"using":"xpath","value":"//button[@data-kt=\"contractDetailEditBtnButton\"]"}
COMMAND: POST /session/3fdde00e1aad0000c801fdda20f45a25/elements - {"using":"xpath","value":"//button[@data-kt=\"contractDetailEditBtnButton\"]"}
RESULT: {"using":"xpath","value":"//button[@data-kt=\"contractDetailEditBtnButton\"]"}
COMMAND: POST /session/3fdde00e1aad0000c801fdda20f45a25/elements - {"using":"xpath","value":"//button[@data-kt=\"contractDetailEditBtnButton\"]"}
RESULT: {"using":"xpath","value":"//button[@data-kt=\"contractDetailEditBtnButton\"]"}
COMMAND: POST /session/3fdde00e1aad0000c801fdda20f45a25/elements - {"using":"xpath","value":"//button[@data-kt=\"contractDetailEditBtnButton\"]"}
RESULT: {"using":"xpath","value":"//button[@data-kt=\"contractDetailEditBtnButton\"]"}
COMMAND: POST /session/3fdde00e1aad0000c801fdda20f45a25/elements - {"using":"xpath","value":"//button[@data-kt=\"contractDetailEditBtnButton\"]"}
RESULT: {"using":"xpath","value":"//button[@data-kt=\"contractDetailEditBtnButton\"]"}
COMMAND: POST /session/3fdde00e1aad0000c801fdda20f45a25/elements - {"using":"xpath","value":"//button[@data-kt=\"contractDetailEditBtnButton\"]"}
RESULT: {"using":"xpath","value":"//button[@data-kt=\"contractDetailEditBtnButton\"]"}
COMMAND: POST /session/3fdde00e1aad0000c801fdda20f45a25/elements - {"using":"xpath","value":"//button[@data-kt=\"contractDetailEditBtnButton\"]"}
RESULT: {"using":"xpath","value":"//button[@data-kt=\"contractDetailEditBtnButton\"]"}
COMMAND: POST /session/3fdde00e1aad0000c801fdda20f45a25/elements - {"using":"xpath","value":"//button[@data-kt=\"contractDetailEditBtnButton\"]"}
RESULT: {"using":"xpath","value":"//button[@data-kt=\"contractDetailEditBtnButton\"]"}
COMMAND: POST /session/3fdde00e1aad0000c801fdda20f45a25/elements - {"using":"xpath","value":"//button[@data-kt=\"contractDetailEditBtnButton\"]"}
RESULT: {"using":"xpath","value":"//button[@data-kt=\"contractDetailEditBtnButton\"]"}
COMMAND: POST /session/3fdde00e1aad0000c801fdda20f45a25/elements - {"using":"xpath","value":"//button[@data-kt=\"contractDetailEditBtnButton\"]"}
RESULT: {"using":"xpath","value":"//button[@data-kt=\"contractDetailEditBtnButton\"]"}
COMMAND: POST /session/3fdde00e1aad0000c801fdda20f45a25/elements - {"using":"xpath","value":"//button[@data-kt=\"contractDetailEditBtnButton\"]"}
RESULT: {"using":"xpath","value":"//button[@data-kt=\"contractDetailEditBtnButton\"]"}
COMMAND: POST /session/3fdde00e1aad0000c801fdda20f45a25/elements - {"using":"xpath","value":"//button[@data-kt=\"contractDetailEditBtnButton\"]"}
RESULT: {"using":"xpath","value":"//button[@data-kt=\"contractDetailEditBtnButton\"]"}
COMMAND: POST /session/3fdde00e1aad0000c801fdda20f45a25/elements - {"using":"xpath","value":"//button[@data-kt=\"contractDetailEditBtnButton\"]"}
RESULT: {"using":"xpath","value":"//button[@data-kt=\"contractDetailEditBtnButton\"]"}
COMMAND: POST /session/3fdde00e1aad0000c801fdda20f45a25/elements - {"using":"xpath","value":"//button[@data-kt=\"contractDetailEditBtnButton\"]"}
RESULT: {"using":"xpath","value":"//button[@data-kt=\"contractDetailEditBtnButton\"]"}
COMMAND: POST /session/3fdde00e1aad0000c801fdda20f45a25/elements - {"using":"xpath","value":"//button[@data-kt=\"contractDetailEditBtnButton\"]"}
RESULT: {"using":"xpath","value":"//button[@data-kt=\"contractDetailEditBtnButton\"]"}
COMMAND: POST /session/3fdde00e1aad0000c801fdda20f45a25/elements - {"using":"xpath","value":"//button[@data-kt=\"contractDetailEditBtnButton\"]"}
RESULT: {"using":"xpath","value":"//button[@data-kt=\"contractDetailEditBtnButton\"]"}
COMMAND: POST /session/3fdde00e1aad0000c801fdda20f45a25/elements - {"using":"xpath","value":"//button[@data-kt=\"contractDetailEditBtnButton\"]"}
RESULT: {"using":"xpath","value":"//button[@data-kt=\"contractDetailEditBtnButton\"]"}
COMMAND: POST /session/3fdde00e1aad0000c801fdda20f45a25/elements - {"using":"xpath","value":"//button[@data-kt=\"contractDetailEditBtnButton\"]"}
RESULT: {"using":"xpath","value":"//button[@data-kt=\"contractDetailEditBtnButton\"]"}
COMMAND: POST /session/3fdde00e1aad0000c801fdda20f45a25/elements - {"using":"xpath","value":"//button[@data-kt=\"contractDetailEditBtnButton\"]"}
RESULT: {"using":"xpath","value":"//button[@data-kt=\"contractDetailEditBtnButton\"]"}
COMMAND: POST /session/3fdde00e1aad0000c801fdda20f45a25/elements - {"using":"xpath","value":"//button[@data-kt=\"contractDetailEditBtnButton\"]"}
RESULT: {"using":"xpath","value":"//button[@data-kt=\"contractDetailEditBtnButton\"]"}
COMMAND: POST /session/3fdde00e1aad0000c801fdda20f45a25/elements - {"using":"xpath","value":"//button[@data-kt=\"contractDetailEditBtnButton\"]"}
RESULT: {"using":"xpath","value":"//button[@data-kt=\"contractDetailEditBtnButton\"]"}
COMMAND: POST /session/3fdde00e1aad0000c801fdda20f45a25/elements - {"using":"xpath","value":"//button[@data-kt=\"contractDetailEditBtnButton\"]"}
RESULT: {"using":"xpath","value":"//button[@data-kt=\"contractDetailEditBtnButton\"]"}
COMMAND: POST /session/3fdde00e1aad0000c801fdda20f45a25/elements - {"using":"xpath","value":"//button[@data-kt=\"contractDetailEditBtnButton\"]"}
RESULT: {"using":"xpath","value":"//button[@data-kt=\"contractDetailEditBtnButton\"]"}
COMMAND: POST /session/3fdde00e1aad0000c801fdda20f45a25/elements - {"using":"xpath","value":"//button[@data-kt=\"contractDetailEditBtnButton\"]"}
RESULT: {"using":"xpath","value":"//button[@data-kt=\"contractDetailEditBtnButton\"]"}
COMMAND: POST /session/3fdde00e1aad0000c801fdda20f45a25/elements - {"using":"xpath","value":"//button[@data-kt=\"contractDetailEditBtnButton\"]"}
RESULT: {"using":"xpath","value":"//button[@data-kt=\"contractDetailEditBtnButton\"]"}
COMMAND: POST /session/3fdde00e1aad0000c801fdda20f45a25/elements - {"using":"xpath","value":"//button[@data-kt=\"contractDetailEditBtnButton\"]"}
RESULT: {"using":"xpath","value":"//button[@data-kt=\"contractDetailEditBtnButton\"]"}
COMMAND: POST /session/3fdde00e1aad0000c801fdda20f45a25/elements - {"using":"xpath","value":"//button[@data-kt=\"contractDetailEditBtnButton\"]"}
RESULT: {"using":"xpath","value":"//button[@data-kt=\"contractDetailEditBtnButton\"]"}
COMMAND: POST /session/3fdde00e1aad0000c801fdda20f45a25/elements - {"using":"xpath","value":"//button[@data-kt=\"contractDetailEditBtnButton\"]"}
RESULT: {"using":"xpath","value":"//button[@data-kt=\"contractDetailEditBtnButton\"]"}
COMMAND: POST /session/3fdde00e1aad0000c801fdda20f45a25/elements - {"using":"xpath","value":"//button[@data-kt=\"contractDetailEditBtnButton\"]"}
RESULT: {"using":"xpath","value":"//button[@data-kt=\"contractDetailEditBtnButton\"]"}
COMMAND: POST /session/3fdde00e1aad0000c801fdda20f45a25/elements - {"using":"xpath","value":"//button[@data-kt=\"contractDetailEditBtnButton\"]"}
RESULT: {"using":"xpath","value":"//button[@data-kt=\"contractDetailEditBtnButton\"]"}
COMMAND: POST /session/3fdde00e1aad0000c801fdda20f45a25/elements - {"using":"xpath","value":"//button[@data-kt=\"contractDetailEditBtnButton\"]"}
RESULT: {"using":"xpath","value":"//button[@data-kt=\"contractDetailEditBtnButton\"]"}
COMMAND: POST /session/3fdde00e1aad0000c801fdda20f45a25/elements - {"using":"xpath","value":"//button[@data-kt=\"contractDetailEditBtnButton\"]"}
RESULT: {"using":"xpath","value":"//button[@data-kt=\"contractDetailEditBtnButton\"]"}
COMMAND: POST /session/3fdde00e1aad0000c801fdda20f45a25/elements - {"using":"xpath","value":"//button[@data-kt=\"contractDetailEditBtnButton\"]"}
RESULT: {"using":"xpath","value":"//button[@data-kt=\"contractDetailEditBtnButton\"]"}
COMMAND: POST /session/3fdde00e1aad0000c801fdda20f45a25/elements - {"using":"xpath","value":"//button[@data-kt=\"contractDetailEditBtnButton\"]"}
RESULT: {"using":"xpath","value":"//button[@data-kt=\"contractDetailEditBtnButton\"]"}
COMMAND: POST /session/3fdde00e1aad0000c801fdda20f45a25/elements - {"using":"xpath","value":"//button[@data-kt=\"contractDetailEditBtnButton\"]"}
RESULT: {"using":"xpath","value":"//button[@data-kt=\"contractDetailEditBtnButton\"]"}
COMMAND: POST /session/3fdde00e1aad0000c801fdda20f45a25/elements - {"using":"xpath","value":"//button[@data-kt=\"contractDetailEditBtnButton\"]"}
RESULT: {"using":"xpath","value":"//button[@data-kt=\"contractDetailEditBtnButton\"]"}
COMMAND: POST /session/3fdde00e1aad0000c801fdda20f45a25/elements - {"using":"xpath","value":"//button[@data-kt=\"contractDetailEditBtnButton\"]"}
RESULT: {"using":"xpath","value":"//button[@data-kt=\"contractDetailEditBtnButton\"]"}
COMMAND: POST /session/3fdde00e1aad0000c801fdda20f45a25/elements - {"using":"xpath","value":"//button[@data-kt=\"contractDetailEditBtnButton\"]"}
RESULT: {"using":"xpath","value":"//button[@data-kt=\"contractDetailEditBtnButton\"]"}
COMMAND: POST /session/3fdde00e1aad0000c801fdda20f45a25/elements - {"using":"xpath","value":"//button[@data-kt=\"contractDetailEditBtnButton\"]"}
RESULT: {"using":"xpath","value":"//button[@data-kt=\"contractDetailEditBtnButton\"]"}
COMMAND: POST /session/3fdde00e1aad0000c801fdda20f45a25/elements - {"using":"xpath","value":"//button[@data-kt=\"contractDetailEditBtnButton\"]"}
RESULT: {"using":"xpath","value":"//button[@data-kt=\"contractDetailEditBtnButton\"]"}
COMMAND: POST /session/3fdde00e1aad0000c801fdda20f45a25/elements - {"using":"xpath","value":"//button[@data-kt=\"contractDetailEditBtnButton\"]"}
RESULT: {"using":"xpath","value":"//button[@data-kt=\"contractDetailEditBtnButton\"]"}
COMMAND: POST /session/3fdde00e1aad0000c801fdda20f45a25/elements - {"using":"xpath","value":"//button[@data-kt=\"contractDetailEditBtnButton\"]"}
RESULT: {"using":"xpath","value":"//button[@data-kt=\"contractDetailEditBtnButton\"]"}
COMMAND: POST /session/3fdde00e1aad0000c801fdda20f45a25/elements - {"using":"xpath","value":"//button[@data-kt=\"contractDetailEditBtnButton\"]"}
RESULT: {"using":"xpath","value":"//button[@data-kt=\"contractDetailEditBtnButton\"]"}
COMMAND: POST /session/3fdde00e1aad0000c801fdda20f45a25/elements - {"using":"xpath","value":"//button[@data-kt=\"contractDetailEditBtnButton\"]"}
RESULT: {"using":"xpath","value":"//button[@data-kt=\"contractDetailEditBtnButton\"]"}
COMMAND: POST /session/3fdde00e1aad0000c801fdda20f45a25/elements - {"using":"xpath","value":"//button[@data-kt=\"contractDetailEditBtnButton\"]"}
RESULT: {"using":"xpath","value":"//button[@data-kt=\"contractDetailEditBtnButton\"]"}
COMMAND: POST /session/3fdde00e1aad0000c801fdda20f45a25/elements - {"using":"xpath","value":"//button[@data-kt=\"contractDetailEditBtnButton\"]"}
RESULT: {"using":"xpath","value":"//button[@data-kt=\"contractDetailEditBtnButton\"]"}
COMMAND: POST /session/3fdde00e1aad0000c801fdda20f45a25/elements - {"using":"xpath","value":"//button[@data-kt=\"contractDetailEditBtnButton\"]"}
RESULT: {"using":"xpath","value":"//button[@data-kt=\"contractDetailEditBtnButton\"]"}
COMMAND: POST /session/3fdde00e1aad0000c801fdda20f45a25/elements - {"using":"xpath","value":"//button[@data-kt=\"contractDetailEditBtnButton\"]"}
COMMAND: GET /session/3fdde00e1aad0000c801fdda20f45a25/screenshot - {}
RESULT: {"using":"xpath","value":"//button[@data-kt=\"contractDetailEditBtnButton\"]"}
RESULT: {}
]]></system-out>
      <system-err><![CDATA[
Error: Can't call click on element with selector "//button[@data-kt="contractDetailEditBtnButton"]" because element wasn't found
    at async UtilsPrerequisites.addItemToContract (D:\a\1\s\test\specs\BTS\prerequisites-and-utils-functions.js:1852:9)
    at async Context.<anonymous> (D:\a\1\s\test\specs\HTR\create-mass-state-change.spec.js:61:9)
]]></system-err>
    </testcase>
    <testcase classname="chrome.136_0_7103_93.windows.Tests_for_Mass_State_Change_on_Manage_States_&amp;_Performances_US104416_US" name="Prereq Should do a provide to site handover for today" time="60.984">
      <failure/>
      <error message="Can't call click on element with selector &quot;//button[@data-kt=&quot;provideButton&quot;]&quot; because element wasn't found"/>
      <system-out><![CDATA[
COMMAND: POST /session/3fdde00e1aad0000c801fdda20f45a25/element - {"using":"xpath","value":"//button[@data-kt=\"provideButton\"]"}
COMMAND: GET /session/3fdde00e1aad0000c801fdda20f45a25/screenshot - {}
RESULT: {"using":"xpath","value":"//button[@data-kt=\"provideButton\"]"}
COMMAND: POST /session/3fdde00e1aad0000c801fdda20f45a25/elements - {"using":"xpath","value":"//button[@data-kt=\"provideButton\"]"}
RESULT: {}
RESULT: {"using":"xpath","value":"//button[@data-kt=\"provideButton\"]"}
COMMAND: POST /session/3fdde00e1aad0000c801fdda20f45a25/elements - {"using":"xpath","value":"//button[@data-kt=\"provideButton\"]"}
RESULT: {"using":"xpath","value":"//button[@data-kt=\"provideButton\"]"}
COMMAND: POST /session/3fdde00e1aad0000c801fdda20f45a25/elements - {"using":"xpath","value":"//button[@data-kt=\"provideButton\"]"}
RESULT: {"using":"xpath","value":"//button[@data-kt=\"provideButton\"]"}
COMMAND: POST /session/3fdde00e1aad0000c801fdda20f45a25/elements - {"using":"xpath","value":"//button[@data-kt=\"provideButton\"]"}
RESULT: {"using":"xpath","value":"//button[@data-kt=\"provideButton\"]"}
COMMAND: POST /session/3fdde00e1aad0000c801fdda20f45a25/elements - {"using":"xpath","value":"//button[@data-kt=\"provideButton\"]"}
RESULT: {"using":"xpath","value":"//button[@data-kt=\"provideButton\"]"}
COMMAND: POST /session/3fdde00e1aad0000c801fdda20f45a25/elements - {"using":"xpath","value":"//button[@data-kt=\"provideButton\"]"}
RESULT: {"using":"xpath","value":"//button[@data-kt=\"provideButton\"]"}
COMMAND: POST /session/3fdde00e1aad0000c801fdda20f45a25/elements - {"using":"xpath","value":"//button[@data-kt=\"provideButton\"]"}
RESULT: {"using":"xpath","value":"//button[@data-kt=\"provideButton\"]"}
COMMAND: POST /session/3fdde00e1aad0000c801fdda20f45a25/elements - {"using":"xpath","value":"//button[@data-kt=\"provideButton\"]"}
RESULT: {"using":"xpath","value":"//button[@data-kt=\"provideButton\"]"}
COMMAND: POST /session/3fdde00e1aad0000c801fdda20f45a25/elements - {"using":"xpath","value":"//button[@data-kt=\"provideButton\"]"}
RESULT: {"using":"xpath","value":"//button[@data-kt=\"provideButton\"]"}
COMMAND: POST /session/3fdde00e1aad0000c801fdda20f45a25/elements - {"using":"xpath","value":"//button[@data-kt=\"provideButton\"]"}
RESULT: {"using":"xpath","value":"//button[@data-kt=\"provideButton\"]"}
COMMAND: POST /session/3fdde00e1aad0000c801fdda20f45a25/elements - {"using":"xpath","value":"//button[@data-kt=\"provideButton\"]"}
RESULT: {"using":"xpath","value":"//button[@data-kt=\"provideButton\"]"}
COMMAND: POST /session/3fdde00e1aad0000c801fdda20f45a25/elements - {"using":"xpath","value":"//button[@data-kt=\"provideButton\"]"}
RESULT: {"using":"xpath","value":"//button[@data-kt=\"provideButton\"]"}
COMMAND: POST /session/3fdde00e1aad0000c801fdda20f45a25/elements - {"using":"xpath","value":"//button[@data-kt=\"provideButton\"]"}
RESULT: {"using":"xpath","value":"//button[@data-kt=\"provideButton\"]"}
COMMAND: POST /session/3fdde00e1aad0000c801fdda20f45a25/elements - {"using":"xpath","value":"//button[@data-kt=\"provideButton\"]"}
RESULT: {"using":"xpath","value":"//button[@data-kt=\"provideButton\"]"}
COMMAND: POST /session/3fdde00e1aad0000c801fdda20f45a25/elements - {"using":"xpath","value":"//button[@data-kt=\"provideButton\"]"}
RESULT: {"using":"xpath","value":"//button[@data-kt=\"provideButton\"]"}
COMMAND: POST /session/3fdde00e1aad0000c801fdda20f45a25/elements - {"using":"xpath","value":"//button[@data-kt=\"provideButton\"]"}
RESULT: {"using":"xpath","value":"//button[@data-kt=\"provideButton\"]"}
COMMAND: POST /session/3fdde00e1aad0000c801fdda20f45a25/elements - {"using":"xpath","value":"//button[@data-kt=\"provideButton\"]"}
RESULT: {"using":"xpath","value":"//button[@data-kt=\"provideButton\"]"}
COMMAND: POST /session/3fdde00e1aad0000c801fdda20f45a25/elements - {"using":"xpath","value":"//button[@data-kt=\"provideButton\"]"}
RESULT: {"using":"xpath","value":"//button[@data-kt=\"provideButton\"]"}
COMMAND: POST /session/3fdde00e1aad0000c801fdda20f45a25/elements - {"using":"xpath","value":"//button[@data-kt=\"provideButton\"]"}
RESULT: {"using":"xpath","value":"//button[@data-kt=\"provideButton\"]"}
COMMAND: POST /session/3fdde00e1aad0000c801fdda20f45a25/elements - {"using":"xpath","value":"//button[@data-kt=\"provideButton\"]"}
RESULT: {"using":"xpath","value":"//button[@data-kt=\"provideButton\"]"}
COMMAND: POST /session/3fdde00e1aad0000c801fdda20f45a25/elements - {"using":"xpath","value":"//button[@data-kt=\"provideButton\"]"}
RESULT: {"using":"xpath","value":"//button[@data-kt=\"provideButton\"]"}
COMMAND: POST /session/3fdde00e1aad0000c801fdda20f45a25/elements - {"using":"xpath","value":"//button[@data-kt=\"provideButton\"]"}
RESULT: {"using":"xpath","value":"//button[@data-kt=\"provideButton\"]"}
COMMAND: POST /session/3fdde00e1aad0000c801fdda20f45a25/elements - {"using":"xpath","value":"//button[@data-kt=\"provideButton\"]"}
RESULT: {"using":"xpath","value":"//button[@data-kt=\"provideButton\"]"}
COMMAND: POST /session/3fdde00e1aad0000c801fdda20f45a25/elements - {"using":"xpath","value":"//button[@data-kt=\"provideButton\"]"}
RESULT: {"using":"xpath","value":"//button[@data-kt=\"provideButton\"]"}
COMMAND: POST /session/3fdde00e1aad0000c801fdda20f45a25/elements - {"using":"xpath","value":"//button[@data-kt=\"provideButton\"]"}
RESULT: {"using":"xpath","value":"//button[@data-kt=\"provideButton\"]"}
COMMAND: POST /session/3fdde00e1aad0000c801fdda20f45a25/elements - {"using":"xpath","value":"//button[@data-kt=\"provideButton\"]"}
RESULT: {"using":"xpath","value":"//button[@data-kt=\"provideButton\"]"}
COMMAND: POST /session/3fdde00e1aad0000c801fdda20f45a25/elements - {"using":"xpath","value":"//button[@data-kt=\"provideButton\"]"}
RESULT: {"using":"xpath","value":"//button[@data-kt=\"provideButton\"]"}
COMMAND: POST /session/3fdde00e1aad0000c801fdda20f45a25/elements - {"using":"xpath","value":"//button[@data-kt=\"provideButton\"]"}
RESULT: {"using":"xpath","value":"//button[@data-kt=\"provideButton\"]"}
COMMAND: POST /session/3fdde00e1aad0000c801fdda20f45a25/elements - {"using":"xpath","value":"//button[@data-kt=\"provideButton\"]"}
RESULT: {"using":"xpath","value":"//button[@data-kt=\"provideButton\"]"}
COMMAND: POST /session/3fdde00e1aad0000c801fdda20f45a25/elements - {"using":"xpath","value":"//button[@data-kt=\"provideButton\"]"}
RESULT: {"using":"xpath","value":"//button[@data-kt=\"provideButton\"]"}
COMMAND: POST /session/3fdde00e1aad0000c801fdda20f45a25/elements - {"using":"xpath","value":"//button[@data-kt=\"provideButton\"]"}
RESULT: {"using":"xpath","value":"//button[@data-kt=\"provideButton\"]"}
COMMAND: POST /session/3fdde00e1aad0000c801fdda20f45a25/elements - {"using":"xpath","value":"//button[@data-kt=\"provideButton\"]"}
RESULT: {"using":"xpath","value":"//button[@data-kt=\"provideButton\"]"}
COMMAND: POST /session/3fdde00e1aad0000c801fdda20f45a25/elements - {"using":"xpath","value":"//button[@data-kt=\"provideButton\"]"}
RESULT: {"using":"xpath","value":"//button[@data-kt=\"provideButton\"]"}
COMMAND: POST /session/3fdde00e1aad0000c801fdda20f45a25/elements - {"using":"xpath","value":"//button[@data-kt=\"provideButton\"]"}
RESULT: {"using":"xpath","value":"//button[@data-kt=\"provideButton\"]"}
COMMAND: POST /session/3fdde00e1aad0000c801fdda20f45a25/elements - {"using":"xpath","value":"//button[@data-kt=\"provideButton\"]"}
RESULT: {"using":"xpath","value":"//button[@data-kt=\"provideButton\"]"}
COMMAND: POST /session/3fdde00e1aad0000c801fdda20f45a25/elements - {"using":"xpath","value":"//button[@data-kt=\"provideButton\"]"}
RESULT: {"using":"xpath","value":"//button[@data-kt=\"provideButton\"]"}
COMMAND: POST /session/3fdde00e1aad0000c801fdda20f45a25/elements - {"using":"xpath","value":"//button[@data-kt=\"provideButton\"]"}
RESULT: {"using":"xpath","value":"//button[@data-kt=\"provideButton\"]"}
COMMAND: POST /session/3fdde00e1aad0000c801fdda20f45a25/elements - {"using":"xpath","value":"//button[@data-kt=\"provideButton\"]"}
RESULT: {"using":"xpath","value":"//button[@data-kt=\"provideButton\"]"}
COMMAND: POST /session/3fdde00e1aad0000c801fdda20f45a25/elements - {"using":"xpath","value":"//button[@data-kt=\"provideButton\"]"}
RESULT: {"using":"xpath","value":"//button[@data-kt=\"provideButton\"]"}
COMMAND: POST /session/3fdde00e1aad0000c801fdda20f45a25/elements - {"using":"xpath","value":"//button[@data-kt=\"provideButton\"]"}
RESULT: {"using":"xpath","value":"//button[@data-kt=\"provideButton\"]"}
COMMAND: POST /session/3fdde00e1aad0000c801fdda20f45a25/elements - {"using":"xpath","value":"//button[@data-kt=\"provideButton\"]"}
RESULT: {"using":"xpath","value":"//button[@data-kt=\"provideButton\"]"}
COMMAND: POST /session/3fdde00e1aad0000c801fdda20f45a25/elements - {"using":"xpath","value":"//button[@data-kt=\"provideButton\"]"}
RESULT: {"using":"xpath","value":"//button[@data-kt=\"provideButton\"]"}
COMMAND: POST /session/3fdde00e1aad0000c801fdda20f45a25/elements - {"using":"xpath","value":"//button[@data-kt=\"provideButton\"]"}
RESULT: {"using":"xpath","value":"//button[@data-kt=\"provideButton\"]"}
COMMAND: POST /session/3fdde00e1aad0000c801fdda20f45a25/elements - {"using":"xpath","value":"//button[@data-kt=\"provideButton\"]"}
RESULT: {"using":"xpath","value":"//button[@data-kt=\"provideButton\"]"}
COMMAND: POST /session/3fdde00e1aad0000c801fdda20f45a25/elements - {"using":"xpath","value":"//button[@data-kt=\"provideButton\"]"}
RESULT: {"using":"xpath","value":"//button[@data-kt=\"provideButton\"]"}
COMMAND: POST /session/3fdde00e1aad0000c801fdda20f45a25/elements - {"using":"xpath","value":"//button[@data-kt=\"provideButton\"]"}
RESULT: {"using":"xpath","value":"//button[@data-kt=\"provideButton\"]"}
COMMAND: POST /session/3fdde00e1aad0000c801fdda20f45a25/elements - {"using":"xpath","value":"//button[@data-kt=\"provideButton\"]"}
RESULT: {"using":"xpath","value":"//button[@data-kt=\"provideButton\"]"}
COMMAND: POST /session/3fdde00e1aad0000c801fdda20f45a25/elements - {"using":"xpath","value":"//button[@data-kt=\"provideButton\"]"}
RESULT: {"using":"xpath","value":"//button[@data-kt=\"provideButton\"]"}
COMMAND: POST /session/3fdde00e1aad0000c801fdda20f45a25/elements - {"using":"xpath","value":"//button[@data-kt=\"provideButton\"]"}
RESULT: {"using":"xpath","value":"//button[@data-kt=\"provideButton\"]"}
COMMAND: POST /session/3fdde00e1aad0000c801fdda20f45a25/elements - {"using":"xpath","value":"//button[@data-kt=\"provideButton\"]"}
RESULT: {"using":"xpath","value":"//button[@data-kt=\"provideButton\"]"}
COMMAND: POST /session/3fdde00e1aad0000c801fdda20f45a25/elements - {"using":"xpath","value":"//button[@data-kt=\"provideButton\"]"}
RESULT: {"using":"xpath","value":"//button[@data-kt=\"provideButton\"]"}
COMMAND: POST /session/3fdde00e1aad0000c801fdda20f45a25/elements - {"using":"xpath","value":"//button[@data-kt=\"provideButton\"]"}
RESULT: {"using":"xpath","value":"//button[@data-kt=\"provideButton\"]"}
COMMAND: POST /session/3fdde00e1aad0000c801fdda20f45a25/elements - {"using":"xpath","value":"//button[@data-kt=\"provideButton\"]"}
RESULT: {"using":"xpath","value":"//button[@data-kt=\"provideButton\"]"}
COMMAND: POST /session/3fdde00e1aad0000c801fdda20f45a25/elements - {"using":"xpath","value":"//button[@data-kt=\"provideButton\"]"}
RESULT: {"using":"xpath","value":"//button[@data-kt=\"provideButton\"]"}
COMMAND: POST /session/3fdde00e1aad0000c801fdda20f45a25/elements - {"using":"xpath","value":"//button[@data-kt=\"provideButton\"]"}
RESULT: {"using":"xpath","value":"//button[@data-kt=\"provideButton\"]"}
COMMAND: POST /session/3fdde00e1aad0000c801fdda20f45a25/elements - {"using":"xpath","value":"//button[@data-kt=\"provideButton\"]"}
RESULT: {"using":"xpath","value":"//button[@data-kt=\"provideButton\"]"}
COMMAND: POST /session/3fdde00e1aad0000c801fdda20f45a25/elements - {"using":"xpath","value":"//button[@data-kt=\"provideButton\"]"}
RESULT: {"using":"xpath","value":"//button[@data-kt=\"provideButton\"]"}
COMMAND: POST /session/3fdde00e1aad0000c801fdda20f45a25/elements - {"using":"xpath","value":"//button[@data-kt=\"provideButton\"]"}
RESULT: {"using":"xpath","value":"//button[@data-kt=\"provideButton\"]"}
COMMAND: POST /session/3fdde00e1aad0000c801fdda20f45a25/elements - {"using":"xpath","value":"//button[@data-kt=\"provideButton\"]"}
RESULT: {"using":"xpath","value":"//button[@data-kt=\"provideButton\"]"}
COMMAND: POST /session/3fdde00e1aad0000c801fdda20f45a25/elements - {"using":"xpath","value":"//button[@data-kt=\"provideButton\"]"}
RESULT: {"using":"xpath","value":"//button[@data-kt=\"provideButton\"]"}
COMMAND: POST /session/3fdde00e1aad0000c801fdda20f45a25/elements - {"using":"xpath","value":"//button[@data-kt=\"provideButton\"]"}
RESULT: {"using":"xpath","value":"//button[@data-kt=\"provideButton\"]"}
COMMAND: POST /session/3fdde00e1aad0000c801fdda20f45a25/elements - {"using":"xpath","value":"//button[@data-kt=\"provideButton\"]"}
RESULT: {"using":"xpath","value":"//button[@data-kt=\"provideButton\"]"}
COMMAND: POST /session/3fdde00e1aad0000c801fdda20f45a25/elements - {"using":"xpath","value":"//button[@data-kt=\"provideButton\"]"}
RESULT: {"using":"xpath","value":"//button[@data-kt=\"provideButton\"]"}
COMMAND: POST /session/3fdde00e1aad0000c801fdda20f45a25/elements - {"using":"xpath","value":"//button[@data-kt=\"provideButton\"]"}
RESULT: {"using":"xpath","value":"//button[@data-kt=\"provideButton\"]"}
COMMAND: POST /session/3fdde00e1aad0000c801fdda20f45a25/elements - {"using":"xpath","value":"//button[@data-kt=\"provideButton\"]"}
RESULT: {"using":"xpath","value":"//button[@data-kt=\"provideButton\"]"}
COMMAND: POST /session/3fdde00e1aad0000c801fdda20f45a25/elements - {"using":"xpath","value":"//button[@data-kt=\"provideButton\"]"}
RESULT: {"using":"xpath","value":"//button[@data-kt=\"provideButton\"]"}
COMMAND: POST /session/3fdde00e1aad0000c801fdda20f45a25/elements - {"using":"xpath","value":"//button[@data-kt=\"provideButton\"]"}
RESULT: {"using":"xpath","value":"//button[@data-kt=\"provideButton\"]"}
COMMAND: POST /session/3fdde00e1aad0000c801fdda20f45a25/elements - {"using":"xpath","value":"//button[@data-kt=\"provideButton\"]"}
RESULT: {"using":"xpath","value":"//button[@data-kt=\"provideButton\"]"}
COMMAND: POST /session/3fdde00e1aad0000c801fdda20f45a25/elements - {"using":"xpath","value":"//button[@data-kt=\"provideButton\"]"}
RESULT: {"using":"xpath","value":"//button[@data-kt=\"provideButton\"]"}
COMMAND: POST /session/3fdde00e1aad0000c801fdda20f45a25/elements - {"using":"xpath","value":"//button[@data-kt=\"provideButton\"]"}
RESULT: {"using":"xpath","value":"//button[@data-kt=\"provideButton\"]"}
COMMAND: POST /session/3fdde00e1aad0000c801fdda20f45a25/elements - {"using":"xpath","value":"//button[@data-kt=\"provideButton\"]"}
RESULT: {"using":"xpath","value":"//button[@data-kt=\"provideButton\"]"}
COMMAND: POST /session/3fdde00e1aad0000c801fdda20f45a25/elements - {"using":"xpath","value":"//button[@data-kt=\"provideButton\"]"}
RESULT: {"using":"xpath","value":"//button[@data-kt=\"provideButton\"]"}
COMMAND: POST /session/3fdde00e1aad0000c801fdda20f45a25/elements - {"using":"xpath","value":"//button[@data-kt=\"provideButton\"]"}
RESULT: {"using":"xpath","value":"//button[@data-kt=\"provideButton\"]"}
COMMAND: POST /session/3fdde00e1aad0000c801fdda20f45a25/elements - {"using":"xpath","value":"//button[@data-kt=\"provideButton\"]"}
RESULT: {"using":"xpath","value":"//button[@data-kt=\"provideButton\"]"}
COMMAND: POST /session/3fdde00e1aad0000c801fdda20f45a25/elements - {"using":"xpath","value":"//button[@data-kt=\"provideButton\"]"}
RESULT: {"using":"xpath","value":"//button[@data-kt=\"provideButton\"]"}
COMMAND: POST /session/3fdde00e1aad0000c801fdda20f45a25/elements - {"using":"xpath","value":"//button[@data-kt=\"provideButton\"]"}
RESULT: {"using":"xpath","value":"//button[@data-kt=\"provideButton\"]"}
COMMAND: POST /session/3fdde00e1aad0000c801fdda20f45a25/elements - {"using":"xpath","value":"//button[@data-kt=\"provideButton\"]"}
RESULT: {"using":"xpath","value":"//button[@data-kt=\"provideButton\"]"}
COMMAND: POST /session/3fdde00e1aad0000c801fdda20f45a25/elements - {"using":"xpath","value":"//button[@data-kt=\"provideButton\"]"}
RESULT: {"using":"xpath","value":"//button[@data-kt=\"provideButton\"]"}
COMMAND: POST /session/3fdde00e1aad0000c801fdda20f45a25/elements - {"using":"xpath","value":"//button[@data-kt=\"provideButton\"]"}
RESULT: {"using":"xpath","value":"//button[@data-kt=\"provideButton\"]"}
COMMAND: POST /session/3fdde00e1aad0000c801fdda20f45a25/elements - {"using":"xpath","value":"//button[@data-kt=\"provideButton\"]"}
RESULT: {"using":"xpath","value":"//button[@data-kt=\"provideButton\"]"}
COMMAND: POST /session/3fdde00e1aad0000c801fdda20f45a25/elements - {"using":"xpath","value":"//button[@data-kt=\"provideButton\"]"}
RESULT: {"using":"xpath","value":"//button[@data-kt=\"provideButton\"]"}
COMMAND: POST /session/3fdde00e1aad0000c801fdda20f45a25/elements - {"using":"xpath","value":"//button[@data-kt=\"provideButton\"]"}
RESULT: {"using":"xpath","value":"//button[@data-kt=\"provideButton\"]"}
COMMAND: POST /session/3fdde00e1aad0000c801fdda20f45a25/elements - {"using":"xpath","value":"//button[@data-kt=\"provideButton\"]"}
RESULT: {"using":"xpath","value":"//button[@data-kt=\"provideButton\"]"}
COMMAND: POST /session/3fdde00e1aad0000c801fdda20f45a25/elements - {"using":"xpath","value":"//button[@data-kt=\"provideButton\"]"}
RESULT: {"using":"xpath","value":"//button[@data-kt=\"provideButton\"]"}
COMMAND: POST /session/3fdde00e1aad0000c801fdda20f45a25/elements - {"using":"xpath","value":"//button[@data-kt=\"provideButton\"]"}
RESULT: {"using":"xpath","value":"//button[@data-kt=\"provideButton\"]"}
COMMAND: POST /session/3fdde00e1aad0000c801fdda20f45a25/elements - {"using":"xpath","value":"//button[@data-kt=\"provideButton\"]"}
RESULT: {"using":"xpath","value":"//button[@data-kt=\"provideButton\"]"}
COMMAND: POST /session/3fdde00e1aad0000c801fdda20f45a25/elements - {"using":"xpath","value":"//button[@data-kt=\"provideButton\"]"}
RESULT: {"using":"xpath","value":"//button[@data-kt=\"provideButton\"]"}
COMMAND: POST /session/3fdde00e1aad0000c801fdda20f45a25/elements - {"using":"xpath","value":"//button[@data-kt=\"provideButton\"]"}
RESULT: {"using":"xpath","value":"//button[@data-kt=\"provideButton\"]"}
COMMAND: POST /session/3fdde00e1aad0000c801fdda20f45a25/elements - {"using":"xpath","value":"//button[@data-kt=\"provideButton\"]"}
RESULT: {"using":"xpath","value":"//button[@data-kt=\"provideButton\"]"}
COMMAND: POST /session/3fdde00e1aad0000c801fdda20f45a25/elements - {"using":"xpath","value":"//button[@data-kt=\"provideButton\"]"}
RESULT: {"using":"xpath","value":"//button[@data-kt=\"provideButton\"]"}
COMMAND: POST /session/3fdde00e1aad0000c801fdda20f45a25/elements - {"using":"xpath","value":"//button[@data-kt=\"provideButton\"]"}
RESULT: {"using":"xpath","value":"//button[@data-kt=\"provideButton\"]"}
COMMAND: POST /session/3fdde00e1aad0000c801fdda20f45a25/elements - {"using":"xpath","value":"//button[@data-kt=\"provideButton\"]"}
RESULT: {"using":"xpath","value":"//button[@data-kt=\"provideButton\"]"}
COMMAND: POST /session/3fdde00e1aad0000c801fdda20f45a25/elements - {"using":"xpath","value":"//button[@data-kt=\"provideButton\"]"}
RESULT: {"using":"xpath","value":"//button[@data-kt=\"provideButton\"]"}
COMMAND: POST /session/3fdde00e1aad0000c801fdda20f45a25/elements - {"using":"xpath","value":"//button[@data-kt=\"provideButton\"]"}
RESULT: {"using":"xpath","value":"//button[@data-kt=\"provideButton\"]"}
COMMAND: POST /session/3fdde00e1aad0000c801fdda20f45a25/elements - {"using":"xpath","value":"//button[@data-kt=\"provideButton\"]"}
RESULT: {"using":"xpath","value":"//button[@data-kt=\"provideButton\"]"}
COMMAND: POST /session/3fdde00e1aad0000c801fdda20f45a25/elements - {"using":"xpath","value":"//button[@data-kt=\"provideButton\"]"}
RESULT: {"using":"xpath","value":"//button[@data-kt=\"provideButton\"]"}
COMMAND: POST /session/3fdde00e1aad0000c801fdda20f45a25/elements - {"using":"xpath","value":"//button[@data-kt=\"provideButton\"]"}
RESULT: {"using":"xpath","value":"//button[@data-kt=\"provideButton\"]"}
COMMAND: POST /session/3fdde00e1aad0000c801fdda20f45a25/elements - {"using":"xpath","value":"//button[@data-kt=\"provideButton\"]"}
RESULT: {"using":"xpath","value":"//button[@data-kt=\"provideButton\"]"}
COMMAND: POST /session/3fdde00e1aad0000c801fdda20f45a25/elements - {"using":"xpath","value":"//button[@data-kt=\"provideButton\"]"}
RESULT: {"using":"xpath","value":"//button[@data-kt=\"provideButton\"]"}
COMMAND: POST /session/3fdde00e1aad0000c801fdda20f45a25/elements - {"using":"xpath","value":"//button[@data-kt=\"provideButton\"]"}
RESULT: {"using":"xpath","value":"//button[@data-kt=\"provideButton\"]"}
COMMAND: POST /session/3fdde00e1aad0000c801fdda20f45a25/elements - {"using":"xpath","value":"//button[@data-kt=\"provideButton\"]"}
RESULT: {"using":"xpath","value":"//button[@data-kt=\"provideButton\"]"}
COMMAND: POST /session/3fdde00e1aad0000c801fdda20f45a25/elements - {"using":"xpath","value":"//button[@data-kt=\"provideButton\"]"}
RESULT: {"using":"xpath","value":"//button[@data-kt=\"provideButton\"]"}
COMMAND: POST /session/3fdde00e1aad0000c801fdda20f45a25/elements - {"using":"xpath","value":"//button[@data-kt=\"provideButton\"]"}
RESULT: {"using":"xpath","value":"//button[@data-kt=\"provideButton\"]"}
COMMAND: POST /session/3fdde00e1aad0000c801fdda20f45a25/elements - {"using":"xpath","value":"//button[@data-kt=\"provideButton\"]"}
RESULT: {"using":"xpath","value":"//button[@data-kt=\"provideButton\"]"}
COMMAND: POST /session/3fdde00e1aad0000c801fdda20f45a25/elements - {"using":"xpath","value":"//button[@data-kt=\"provideButton\"]"}
RESULT: {"using":"xpath","value":"//button[@data-kt=\"provideButton\"]"}
COMMAND: POST /session/3fdde00e1aad0000c801fdda20f45a25/elements - {"using":"xpath","value":"//button[@data-kt=\"provideButton\"]"}
RESULT: {"using":"xpath","value":"//button[@data-kt=\"provideButton\"]"}
COMMAND: POST /session/3fdde00e1aad0000c801fdda20f45a25/elements - {"using":"xpath","value":"//button[@data-kt=\"provideButton\"]"}
RESULT: {"using":"xpath","value":"//button[@data-kt=\"provideButton\"]"}
COMMAND: POST /session/3fdde00e1aad0000c801fdda20f45a25/elements - {"using":"xpath","value":"//button[@data-kt=\"provideButton\"]"}
RESULT: {"using":"xpath","value":"//button[@data-kt=\"provideButton\"]"}
COMMAND: POST /session/3fdde00e1aad0000c801fdda20f45a25/elements - {"using":"xpath","value":"//button[@data-kt=\"provideButton\"]"}
RESULT: {"using":"xpath","value":"//button[@data-kt=\"provideButton\"]"}
COMMAND: POST /session/3fdde00e1aad0000c801fdda20f45a25/elements - {"using":"xpath","value":"//button[@data-kt=\"provideButton\"]"}
RESULT: {"using":"xpath","value":"//button[@data-kt=\"provideButton\"]"}
COMMAND: POST /session/3fdde00e1aad0000c801fdda20f45a25/elements - {"using":"xpath","value":"//button[@data-kt=\"provideButton\"]"}
RESULT: {"using":"xpath","value":"//button[@data-kt=\"provideButton\"]"}
COMMAND: POST /session/3fdde00e1aad0000c801fdda20f45a25/elements - {"using":"xpath","value":"//button[@data-kt=\"provideButton\"]"}
RESULT: {"using":"xpath","value":"//button[@data-kt=\"provideButton\"]"}
COMMAND: POST /session/3fdde00e1aad0000c801fdda20f45a25/elements - {"using":"xpath","value":"//button[@data-kt=\"provideButton\"]"}
RESULT: {"using":"xpath","value":"//button[@data-kt=\"provideButton\"]"}
COMMAND: POST /session/3fdde00e1aad0000c801fdda20f45a25/elements - {"using":"xpath","value":"//button[@data-kt=\"provideButton\"]"}
RESULT: {"using":"xpath","value":"//button[@data-kt=\"provideButton\"]"}
COMMAND: POST /session/3fdde00e1aad0000c801fdda20f45a25/elements - {"using":"xpath","value":"//button[@data-kt=\"provideButton\"]"}
RESULT: {"using":"xpath","value":"//button[@data-kt=\"provideButton\"]"}
COMMAND: POST /session/3fdde00e1aad0000c801fdda20f45a25/elements - {"using":"xpath","value":"//button[@data-kt=\"provideButton\"]"}
RESULT: {"using":"xpath","value":"//button[@data-kt=\"provideButton\"]"}
COMMAND: POST /session/3fdde00e1aad0000c801fdda20f45a25/elements - {"using":"xpath","value":"//button[@data-kt=\"provideButton\"]"}
RESULT: {"using":"xpath","value":"//button[@data-kt=\"provideButton\"]"}
COMMAND: POST /session/3fdde00e1aad0000c801fdda20f45a25/elements - {"using":"xpath","value":"//button[@data-kt=\"provideButton\"]"}
RESULT: {"using":"xpath","value":"//button[@data-kt=\"provideButton\"]"}
COMMAND: POST /session/3fdde00e1aad0000c801fdda20f45a25/elements - {"using":"xpath","value":"//button[@data-kt=\"provideButton\"]"}
RESULT: {"using":"xpath","value":"//button[@data-kt=\"provideButton\"]"}
COMMAND: POST /session/3fdde00e1aad0000c801fdda20f45a25/elements - {"using":"xpath","value":"//button[@data-kt=\"provideButton\"]"}
RESULT: {"using":"xpath","value":"//button[@data-kt=\"provideButton\"]"}
COMMAND: POST /session/3fdde00e1aad0000c801fdda20f45a25/elements - {"using":"xpath","value":"//button[@data-kt=\"provideButton\"]"}
RESULT: {"using":"xpath","value":"//button[@data-kt=\"provideButton\"]"}
COMMAND: GET /session/3fdde00e1aad0000c801fdda20f45a25/screenshot - {}
RESULT: {}
]]></system-out>
      <system-err><![CDATA[
Error: Can't call click on element with selector "//button[@data-kt="provideButton"]" because element wasn't found
    at async UtilsPrerequisites.provideToSiteHandoverFromContractDetails (D:\a\1\s\test\specs\BTS\prerequisites-and-utils-functions.js:1949:9)
    at async Context.<anonymous> (D:\a\1\s\test\specs\HTR\create-mass-state-change.spec.js:65:9)
]]></system-err>
    </testcase>
    <testcase classname="chrome.136_0_7103_93.windows.Tests_for_Mass_State_Change_on_Manage_States_&amp;_Performances_US104416_US" name="Should do mass state change on the RU equip multipart 2 days in the future US104416" time="56.653">
      <failure/>
      <error message="element (&quot;//button[contains(@id, &quot;btnMassStateChange&quot;)]&quot;) still not existing after 45000ms"/>
      <system-out><![CDATA[
COMMAND: POST /session/3fdde00e1aad0000c801fdda20f45a25/execute/async - {"script":"<script> [1562 bytes]","args":[{"selector":{"controlType":"sap.m.GenericTile","properties":{"header":"Manage States & Performance"}},"wdio_ui5_key":"sapm.GenericTile{\"header\":\"Manage States & Performance\"}"}]}
COMMAND: GET /session/3fdde00e1aad0000c801fdda20f45a25/screenshot - {}
RESULT: {"script":"<script> [1562 bytes]","args":[{"selector":{"controlType":"sap.m.GenericTile","properties":{"header":"Manage States & Performance"}},"wdio_ui5_key":"sapm.GenericTile{\"header\":\"Manage States & Performance\"}"}]}
RESULT: undefined
RESULT: {}
COMMAND: POST /session/3fdde00e1aad0000c801fdda20f45a25/elements - {"using":"xpath","value":"//span[text()='Error']"}
RESULT: {"using":"xpath","value":"//span[text()='Error']"}
COMMAND: POST /session/3fdde00e1aad0000c801fdda20f45a25/element - {"using":"xpath","value":"//button[contains(@id, \"btnMassStateChange\")]"}
RESULT: {"using":"xpath","value":"//button[contains(@id, \"btnMassStateChange\")]"}
COMMAND: POST /session/3fdde00e1aad0000c801fdda20f45a25/elements - {"using":"xpath","value":"//button[contains(@id, \"btnMassStateChange\")]"}
RESULT: {"using":"xpath","value":"//button[contains(@id, \"btnMassStateChange\")]"}
COMMAND: POST /session/3fdde00e1aad0000c801fdda20f45a25/elements - {"using":"xpath","value":"//button[contains(@id, \"btnMassStateChange\")]"}
RESULT: {"using":"xpath","value":"//button[contains(@id, \"btnMassStateChange\")]"}
COMMAND: POST /session/3fdde00e1aad0000c801fdda20f45a25/elements - {"using":"xpath","value":"//button[contains(@id, \"btnMassStateChange\")]"}
RESULT: {"using":"xpath","value":"//button[contains(@id, \"btnMassStateChange\")]"}
COMMAND: POST /session/3fdde00e1aad0000c801fdda20f45a25/elements - {"using":"xpath","value":"//button[contains(@id, \"btnMassStateChange\")]"}
RESULT: {"using":"xpath","value":"//button[contains(@id, \"btnMassStateChange\")]"}
COMMAND: POST /session/3fdde00e1aad0000c801fdda20f45a25/elements - {"using":"xpath","value":"//button[contains(@id, \"btnMassStateChange\")]"}
RESULT: {"using":"xpath","value":"//button[contains(@id, \"btnMassStateChange\")]"}
COMMAND: POST /session/3fdde00e1aad0000c801fdda20f45a25/elements - {"using":"xpath","value":"//button[contains(@id, \"btnMassStateChange\")]"}
RESULT: {"using":"xpath","value":"//button[contains(@id, \"btnMassStateChange\")]"}
COMMAND: POST /session/3fdde00e1aad0000c801fdda20f45a25/elements - {"using":"xpath","value":"//button[contains(@id, \"btnMassStateChange\")]"}
RESULT: {"using":"xpath","value":"//button[contains(@id, \"btnMassStateChange\")]"}
COMMAND: POST /session/3fdde00e1aad0000c801fdda20f45a25/elements - {"using":"xpath","value":"//button[contains(@id, \"btnMassStateChange\")]"}
RESULT: {"using":"xpath","value":"//button[contains(@id, \"btnMassStateChange\")]"}
COMMAND: POST /session/3fdde00e1aad0000c801fdda20f45a25/elements - {"using":"xpath","value":"//button[contains(@id, \"btnMassStateChange\")]"}
RESULT: {"using":"xpath","value":"//button[contains(@id, \"btnMassStateChange\")]"}
COMMAND: POST /session/3fdde00e1aad0000c801fdda20f45a25/elements - {"using":"xpath","value":"//button[contains(@id, \"btnMassStateChange\")]"}
RESULT: {"using":"xpath","value":"//button[contains(@id, \"btnMassStateChange\")]"}
COMMAND: POST /session/3fdde00e1aad0000c801fdda20f45a25/elements - {"using":"xpath","value":"//button[contains(@id, \"btnMassStateChange\")]"}
RESULT: {"using":"xpath","value":"//button[contains(@id, \"btnMassStateChange\")]"}
COMMAND: POST /session/3fdde00e1aad0000c801fdda20f45a25/elements - {"using":"xpath","value":"//button[contains(@id, \"btnMassStateChange\")]"}
RESULT: {"using":"xpath","value":"//button[contains(@id, \"btnMassStateChange\")]"}
COMMAND: POST /session/3fdde00e1aad0000c801fdda20f45a25/elements - {"using":"xpath","value":"//button[contains(@id, \"btnMassStateChange\")]"}
RESULT: {"using":"xpath","value":"//button[contains(@id, \"btnMassStateChange\")]"}
COMMAND: POST /session/3fdde00e1aad0000c801fdda20f45a25/elements - {"using":"xpath","value":"//button[contains(@id, \"btnMassStateChange\")]"}
RESULT: {"using":"xpath","value":"//button[contains(@id, \"btnMassStateChange\")]"}
COMMAND: POST /session/3fdde00e1aad0000c801fdda20f45a25/elements - {"using":"xpath","value":"//button[contains(@id, \"btnMassStateChange\")]"}
RESULT: {"using":"xpath","value":"//button[contains(@id, \"btnMassStateChange\")]"}
COMMAND: POST /session/3fdde00e1aad0000c801fdda20f45a25/elements - {"using":"xpath","value":"//button[contains(@id, \"btnMassStateChange\")]"}
RESULT: {"using":"xpath","value":"//button[contains(@id, \"btnMassStateChange\")]"}
COMMAND: POST /session/3fdde00e1aad0000c801fdda20f45a25/elements - {"using":"xpath","value":"//button[contains(@id, \"btnMassStateChange\")]"}
RESULT: {"using":"xpath","value":"//button[contains(@id, \"btnMassStateChange\")]"}
COMMAND: POST /session/3fdde00e1aad0000c801fdda20f45a25/elements - {"using":"xpath","value":"//button[contains(@id, \"btnMassStateChange\")]"}
RESULT: {"using":"xpath","value":"//button[contains(@id, \"btnMassStateChange\")]"}
COMMAND: POST /session/3fdde00e1aad0000c801fdda20f45a25/elements - {"using":"xpath","value":"//button[contains(@id, \"btnMassStateChange\")]"}
RESULT: {"using":"xpath","value":"//button[contains(@id, \"btnMassStateChange\")]"}
COMMAND: POST /session/3fdde00e1aad0000c801fdda20f45a25/elements - {"using":"xpath","value":"//button[contains(@id, \"btnMassStateChange\")]"}
RESULT: {"using":"xpath","value":"//button[contains(@id, \"btnMassStateChange\")]"}
COMMAND: POST /session/3fdde00e1aad0000c801fdda20f45a25/elements - {"using":"xpath","value":"//button[contains(@id, \"btnMassStateChange\")]"}
RESULT: {"using":"xpath","value":"//button[contains(@id, \"btnMassStateChange\")]"}
COMMAND: POST /session/3fdde00e1aad0000c801fdda20f45a25/elements - {"using":"xpath","value":"//button[contains(@id, \"btnMassStateChange\")]"}
RESULT: {"using":"xpath","value":"//button[contains(@id, \"btnMassStateChange\")]"}
COMMAND: POST /session/3fdde00e1aad0000c801fdda20f45a25/elements - {"using":"xpath","value":"//button[contains(@id, \"btnMassStateChange\")]"}
RESULT: {"using":"xpath","value":"//button[contains(@id, \"btnMassStateChange\")]"}
COMMAND: POST /session/3fdde00e1aad0000c801fdda20f45a25/elements - {"using":"xpath","value":"//button[contains(@id, \"btnMassStateChange\")]"}
RESULT: {"using":"xpath","value":"//button[contains(@id, \"btnMassStateChange\")]"}
COMMAND: POST /session/3fdde00e1aad0000c801fdda20f45a25/elements - {"using":"xpath","value":"//button[contains(@id, \"btnMassStateChange\")]"}
RESULT: {"using":"xpath","value":"//button[contains(@id, \"btnMassStateChange\")]"}
COMMAND: POST /session/3fdde00e1aad0000c801fdda20f45a25/elements - {"using":"xpath","value":"//button[contains(@id, \"btnMassStateChange\")]"}
RESULT: {"using":"xpath","value":"//button[contains(@id, \"btnMassStateChange\")]"}
COMMAND: POST /session/3fdde00e1aad0000c801fdda20f45a25/elements - {"using":"xpath","value":"//button[contains(@id, \"btnMassStateChange\")]"}
RESULT: {"using":"xpath","value":"//button[contains(@id, \"btnMassStateChange\")]"}
COMMAND: POST /session/3fdde00e1aad0000c801fdda20f45a25/elements - {"using":"xpath","value":"//button[contains(@id, \"btnMassStateChange\")]"}
RESULT: {"using":"xpath","value":"//button[contains(@id, \"btnMassStateChange\")]"}
COMMAND: POST /session/3fdde00e1aad0000c801fdda20f45a25/elements - {"using":"xpath","value":"//button[contains(@id, \"btnMassStateChange\")]"}
RESULT: {"using":"xpath","value":"//button[contains(@id, \"btnMassStateChange\")]"}
COMMAND: POST /session/3fdde00e1aad0000c801fdda20f45a25/elements - {"using":"xpath","value":"//button[contains(@id, \"btnMassStateChange\")]"}
RESULT: {"using":"xpath","value":"//button[contains(@id, \"btnMassStateChange\")]"}
COMMAND: POST /session/3fdde00e1aad0000c801fdda20f45a25/elements - {"using":"xpath","value":"//button[contains(@id, \"btnMassStateChange\")]"}
RESULT: {"using":"xpath","value":"//button[contains(@id, \"btnMassStateChange\")]"}
COMMAND: POST /session/3fdde00e1aad0000c801fdda20f45a25/elements - {"using":"xpath","value":"//button[contains(@id, \"btnMassStateChange\")]"}
RESULT: {"using":"xpath","value":"//button[contains(@id, \"btnMassStateChange\")]"}
COMMAND: POST /session/3fdde00e1aad0000c801fdda20f45a25/elements - {"using":"xpath","value":"//button[contains(@id, \"btnMassStateChange\")]"}
RESULT: {"using":"xpath","value":"//button[contains(@id, \"btnMassStateChange\")]"}
COMMAND: POST /session/3fdde00e1aad0000c801fdda20f45a25/elements - {"using":"xpath","value":"//button[contains(@id, \"btnMassStateChange\")]"}
RESULT: {"using":"xpath","value":"//button[contains(@id, \"btnMassStateChange\")]"}
COMMAND: POST /session/3fdde00e1aad0000c801fdda20f45a25/elements - {"using":"xpath","value":"//button[contains(@id, \"btnMassStateChange\")]"}
RESULT: {"using":"xpath","value":"//button[contains(@id, \"btnMassStateChange\")]"}
COMMAND: POST /session/3fdde00e1aad0000c801fdda20f45a25/elements - {"using":"xpath","value":"//button[contains(@id, \"btnMassStateChange\")]"}
RESULT: {"using":"xpath","value":"//button[contains(@id, \"btnMassStateChange\")]"}
COMMAND: POST /session/3fdde00e1aad0000c801fdda20f45a25/elements - {"using":"xpath","value":"//button[contains(@id, \"btnMassStateChange\")]"}
RESULT: {"using":"xpath","value":"//button[contains(@id, \"btnMassStateChange\")]"}
COMMAND: POST /session/3fdde00e1aad0000c801fdda20f45a25/elements - {"using":"xpath","value":"//button[contains(@id, \"btnMassStateChange\")]"}
RESULT: {"using":"xpath","value":"//button[contains(@id, \"btnMassStateChange\")]"}
COMMAND: POST /session/3fdde00e1aad0000c801fdda20f45a25/elements - {"using":"xpath","value":"//button[contains(@id, \"btnMassStateChange\")]"}
RESULT: {"using":"xpath","value":"//button[contains(@id, \"btnMassStateChange\")]"}
COMMAND: POST /session/3fdde00e1aad0000c801fdda20f45a25/elements - {"using":"xpath","value":"//button[contains(@id, \"btnMassStateChange\")]"}
RESULT: {"using":"xpath","value":"//button[contains(@id, \"btnMassStateChange\")]"}
COMMAND: POST /session/3fdde00e1aad0000c801fdda20f45a25/elements - {"using":"xpath","value":"//button[contains(@id, \"btnMassStateChange\")]"}
RESULT: {"using":"xpath","value":"//button[contains(@id, \"btnMassStateChange\")]"}
COMMAND: POST /session/3fdde00e1aad0000c801fdda20f45a25/elements - {"using":"xpath","value":"//button[contains(@id, \"btnMassStateChange\")]"}
RESULT: {"using":"xpath","value":"//button[contains(@id, \"btnMassStateChange\")]"}
COMMAND: POST /session/3fdde00e1aad0000c801fdda20f45a25/elements - {"using":"xpath","value":"//button[contains(@id, \"btnMassStateChange\")]"}
RESULT: {"using":"xpath","value":"//button[contains(@id, \"btnMassStateChange\")]"}
COMMAND: POST /session/3fdde00e1aad0000c801fdda20f45a25/elements - {"using":"xpath","value":"//button[contains(@id, \"btnMassStateChange\")]"}
RESULT: {"using":"xpath","value":"//button[contains(@id, \"btnMassStateChange\")]"}
COMMAND: POST /session/3fdde00e1aad0000c801fdda20f45a25/elements - {"using":"xpath","value":"//button[contains(@id, \"btnMassStateChange\")]"}
RESULT: {"using":"xpath","value":"//button[contains(@id, \"btnMassStateChange\")]"}
COMMAND: POST /session/3fdde00e1aad0000c801fdda20f45a25/elements - {"using":"xpath","value":"//button[contains(@id, \"btnMassStateChange\")]"}
RESULT: {"using":"xpath","value":"//button[contains(@id, \"btnMassStateChange\")]"}
COMMAND: POST /session/3fdde00e1aad0000c801fdda20f45a25/elements - {"using":"xpath","value":"//button[contains(@id, \"btnMassStateChange\")]"}
RESULT: {"using":"xpath","value":"//button[contains(@id, \"btnMassStateChange\")]"}
COMMAND: POST /session/3fdde00e1aad0000c801fdda20f45a25/elements - {"using":"xpath","value":"//button[contains(@id, \"btnMassStateChange\")]"}
RESULT: {"using":"xpath","value":"//button[contains(@id, \"btnMassStateChange\")]"}
COMMAND: POST /session/3fdde00e1aad0000c801fdda20f45a25/elements - {"using":"xpath","value":"//button[contains(@id, \"btnMassStateChange\")]"}
RESULT: {"using":"xpath","value":"//button[contains(@id, \"btnMassStateChange\")]"}
COMMAND: POST /session/3fdde00e1aad0000c801fdda20f45a25/elements - {"using":"xpath","value":"//button[contains(@id, \"btnMassStateChange\")]"}
RESULT: {"using":"xpath","value":"//button[contains(@id, \"btnMassStateChange\")]"}
COMMAND: POST /session/3fdde00e1aad0000c801fdda20f45a25/elements - {"using":"xpath","value":"//button[contains(@id, \"btnMassStateChange\")]"}
RESULT: {"using":"xpath","value":"//button[contains(@id, \"btnMassStateChange\")]"}
COMMAND: POST /session/3fdde00e1aad0000c801fdda20f45a25/elements - {"using":"xpath","value":"//button[contains(@id, \"btnMassStateChange\")]"}
RESULT: {"using":"xpath","value":"//button[contains(@id, \"btnMassStateChange\")]"}
COMMAND: POST /session/3fdde00e1aad0000c801fdda20f45a25/elements - {"using":"xpath","value":"//button[contains(@id, \"btnMassStateChange\")]"}
RESULT: {"using":"xpath","value":"//button[contains(@id, \"btnMassStateChange\")]"}
COMMAND: POST /session/3fdde00e1aad0000c801fdda20f45a25/elements - {"using":"xpath","value":"//button[contains(@id, \"btnMassStateChange\")]"}
RESULT: {"using":"xpath","value":"//button[contains(@id, \"btnMassStateChange\")]"}
COMMAND: POST /session/3fdde00e1aad0000c801fdda20f45a25/elements - {"using":"xpath","value":"//button[contains(@id, \"btnMassStateChange\")]"}
RESULT: {"using":"xpath","value":"//button[contains(@id, \"btnMassStateChange\")]"}
COMMAND: POST /session/3fdde00e1aad0000c801fdda20f45a25/elements - {"using":"xpath","value":"//button[contains(@id, \"btnMassStateChange\")]"}
RESULT: {"using":"xpath","value":"//button[contains(@id, \"btnMassStateChange\")]"}
COMMAND: POST /session/3fdde00e1aad0000c801fdda20f45a25/elements - {"using":"xpath","value":"//button[contains(@id, \"btnMassStateChange\")]"}
RESULT: {"using":"xpath","value":"//button[contains(@id, \"btnMassStateChange\")]"}
COMMAND: POST /session/3fdde00e1aad0000c801fdda20f45a25/elements - {"using":"xpath","value":"//button[contains(@id, \"btnMassStateChange\")]"}
RESULT: {"using":"xpath","value":"//button[contains(@id, \"btnMassStateChange\")]"}
COMMAND: POST /session/3fdde00e1aad0000c801fdda20f45a25/elements - {"using":"xpath","value":"//button[contains(@id, \"btnMassStateChange\")]"}
RESULT: {"using":"xpath","value":"//button[contains(@id, \"btnMassStateChange\")]"}
COMMAND: POST /session/3fdde00e1aad0000c801fdda20f45a25/elements - {"using":"xpath","value":"//button[contains(@id, \"btnMassStateChange\")]"}
RESULT: {"using":"xpath","value":"//button[contains(@id, \"btnMassStateChange\")]"}
COMMAND: POST /session/3fdde00e1aad0000c801fdda20f45a25/elements - {"using":"xpath","value":"//button[contains(@id, \"btnMassStateChange\")]"}
RESULT: {"using":"xpath","value":"//button[contains(@id, \"btnMassStateChange\")]"}
COMMAND: POST /session/3fdde00e1aad0000c801fdda20f45a25/elements - {"using":"xpath","value":"//button[contains(@id, \"btnMassStateChange\")]"}
RESULT: {"using":"xpath","value":"//button[contains(@id, \"btnMassStateChange\")]"}
COMMAND: POST /session/3fdde00e1aad0000c801fdda20f45a25/elements - {"using":"xpath","value":"//button[contains(@id, \"btnMassStateChange\")]"}
RESULT: {"using":"xpath","value":"//button[contains(@id, \"btnMassStateChange\")]"}
COMMAND: POST /session/3fdde00e1aad0000c801fdda20f45a25/elements - {"using":"xpath","value":"//button[contains(@id, \"btnMassStateChange\")]"}
RESULT: {"using":"xpath","value":"//button[contains(@id, \"btnMassStateChange\")]"}
COMMAND: POST /session/3fdde00e1aad0000c801fdda20f45a25/elements - {"using":"xpath","value":"//button[contains(@id, \"btnMassStateChange\")]"}
RESULT: {"using":"xpath","value":"//button[contains(@id, \"btnMassStateChange\")]"}
COMMAND: POST /session/3fdde00e1aad0000c801fdda20f45a25/elements - {"using":"xpath","value":"//button[contains(@id, \"btnMassStateChange\")]"}
RESULT: {"using":"xpath","value":"//button[contains(@id, \"btnMassStateChange\")]"}
COMMAND: POST /session/3fdde00e1aad0000c801fdda20f45a25/elements - {"using":"xpath","value":"//button[contains(@id, \"btnMassStateChange\")]"}
RESULT: {"using":"xpath","value":"//button[contains(@id, \"btnMassStateChange\")]"}
COMMAND: POST /session/3fdde00e1aad0000c801fdda20f45a25/elements - {"using":"xpath","value":"//button[contains(@id, \"btnMassStateChange\")]"}
RESULT: {"using":"xpath","value":"//button[contains(@id, \"btnMassStateChange\")]"}
COMMAND: POST /session/3fdde00e1aad0000c801fdda20f45a25/elements - {"using":"xpath","value":"//button[contains(@id, \"btnMassStateChange\")]"}
RESULT: {"using":"xpath","value":"//button[contains(@id, \"btnMassStateChange\")]"}
COMMAND: POST /session/3fdde00e1aad0000c801fdda20f45a25/elements - {"using":"xpath","value":"//button[contains(@id, \"btnMassStateChange\")]"}
RESULT: {"using":"xpath","value":"//button[contains(@id, \"btnMassStateChange\")]"}
COMMAND: POST /session/3fdde00e1aad0000c801fdda20f45a25/elements - {"using":"xpath","value":"//button[contains(@id, \"btnMassStateChange\")]"}
RESULT: {"using":"xpath","value":"//button[contains(@id, \"btnMassStateChange\")]"}
COMMAND: POST /session/3fdde00e1aad0000c801fdda20f45a25/elements - {"using":"xpath","value":"//button[contains(@id, \"btnMassStateChange\")]"}
RESULT: {"using":"xpath","value":"//button[contains(@id, \"btnMassStateChange\")]"}
COMMAND: POST /session/3fdde00e1aad0000c801fdda20f45a25/elements - {"using":"xpath","value":"//button[contains(@id, \"btnMassStateChange\")]"}
RESULT: {"using":"xpath","value":"//button[contains(@id, \"btnMassStateChange\")]"}
COMMAND: POST /session/3fdde00e1aad0000c801fdda20f45a25/elements - {"using":"xpath","value":"//button[contains(@id, \"btnMassStateChange\")]"}
RESULT: {"using":"xpath","value":"//button[contains(@id, \"btnMassStateChange\")]"}
COMMAND: POST /session/3fdde00e1aad0000c801fdda20f45a25/elements - {"using":"xpath","value":"//button[contains(@id, \"btnMassStateChange\")]"}
RESULT: {"using":"xpath","value":"//button[contains(@id, \"btnMassStateChange\")]"}
COMMAND: POST /session/3fdde00e1aad0000c801fdda20f45a25/elements - {"using":"xpath","value":"//button[contains(@id, \"btnMassStateChange\")]"}
RESULT: {"using":"xpath","value":"//button[contains(@id, \"btnMassStateChange\")]"}
COMMAND: POST /session/3fdde00e1aad0000c801fdda20f45a25/elements - {"using":"xpath","value":"//button[contains(@id, \"btnMassStateChange\")]"}
RESULT: {"using":"xpath","value":"//button[contains(@id, \"btnMassStateChange\")]"}
COMMAND: POST /session/3fdde00e1aad0000c801fdda20f45a25/elements - {"using":"xpath","value":"//button[contains(@id, \"btnMassStateChange\")]"}
RESULT: {"using":"xpath","value":"//button[contains(@id, \"btnMassStateChange\")]"}
COMMAND: POST /session/3fdde00e1aad0000c801fdda20f45a25/elements - {"using":"xpath","value":"//button[contains(@id, \"btnMassStateChange\")]"}
RESULT: {"using":"xpath","value":"//button[contains(@id, \"btnMassStateChange\")]"}
COMMAND: POST /session/3fdde00e1aad0000c801fdda20f45a25/elements - {"using":"xpath","value":"//button[contains(@id, \"btnMassStateChange\")]"}
RESULT: {"using":"xpath","value":"//button[contains(@id, \"btnMassStateChange\")]"}
COMMAND: POST /session/3fdde00e1aad0000c801fdda20f45a25/elements - {"using":"xpath","value":"//button[contains(@id, \"btnMassStateChange\")]"}
RESULT: {"using":"xpath","value":"//button[contains(@id, \"btnMassStateChange\")]"}
COMMAND: POST /session/3fdde00e1aad0000c801fdda20f45a25/elements - {"using":"xpath","value":"//button[contains(@id, \"btnMassStateChange\")]"}
RESULT: {"using":"xpath","value":"//button[contains(@id, \"btnMassStateChange\")]"}
COMMAND: POST /session/3fdde00e1aad0000c801fdda20f45a25/elements - {"using":"xpath","value":"//button[contains(@id, \"btnMassStateChange\")]"}
RESULT: {"using":"xpath","value":"//button[contains(@id, \"btnMassStateChange\")]"}
COMMAND: POST /session/3fdde00e1aad0000c801fdda20f45a25/elements - {"using":"xpath","value":"//button[contains(@id, \"btnMassStateChange\")]"}
RESULT: {"using":"xpath","value":"//button[contains(@id, \"btnMassStateChange\")]"}
COMMAND: POST /session/3fdde00e1aad0000c801fdda20f45a25/elements - {"using":"xpath","value":"//button[contains(@id, \"btnMassStateChange\")]"}
RESULT: {"using":"xpath","value":"//button[contains(@id, \"btnMassStateChange\")]"}
COMMAND: POST /session/3fdde00e1aad0000c801fdda20f45a25/elements - {"using":"xpath","value":"//button[contains(@id, \"btnMassStateChange\")]"}
RESULT: {"using":"xpath","value":"//button[contains(@id, \"btnMassStateChange\")]"}
COMMAND: POST /session/3fdde00e1aad0000c801fdda20f45a25/elements - {"using":"xpath","value":"//button[contains(@id, \"btnMassStateChange\")]"}
RESULT: {"using":"xpath","value":"//button[contains(@id, \"btnMassStateChange\")]"}
COMMAND: POST /session/3fdde00e1aad0000c801fdda20f45a25/elements - {"using":"xpath","value":"//button[contains(@id, \"btnMassStateChange\")]"}
RESULT: {"using":"xpath","value":"//button[contains(@id, \"btnMassStateChange\")]"}
COMMAND: POST /session/3fdde00e1aad0000c801fdda20f45a25/elements - {"using":"xpath","value":"//button[contains(@id, \"btnMassStateChange\")]"}
RESULT: {"using":"xpath","value":"//button[contains(@id, \"btnMassStateChange\")]"}
COMMAND: POST /session/3fdde00e1aad0000c801fdda20f45a25/elements - {"using":"xpath","value":"//button[contains(@id, \"btnMassStateChange\")]"}
COMMAND: GET /session/3fdde00e1aad0000c801fdda20f45a25/screenshot - {}
RESULT: {"using":"xpath","value":"//button[contains(@id, \"btnMassStateChange\")]"}
RESULT: {}
COMMAND: POST /session/3fdde00e1aad0000c801fdda20f45a25/element - {"using":"css selector","value":"#j_username"}
COMMAND: POST /session/3fdde00e1aad0000c801fdda20f45a25/url - {"url":"https://qa-testing-00-live-etm-ui.cfapps.eu10-004.hana.ondemand.com/"}
COMMAND: GET /session/3fdde00e1aad0000c801fdda20f45a25/screenshot - {}
COMMAND: GET /session/3fdde00e1aad0000c801fdda20f45a25/screenshot - {}
RESULT: {"url":"https://qa-testing-00-live-etm-ui.cfapps.eu10-004.hana.ondemand.com/"}
RESULT: undefined
COMMAND: GET /session/3fdde00e1aad0000c801fdda20f45a25/screenshot - {}
RESULT: {"using":"css selector","value":"#j_username"}
COMMAND: POST /session/3fdde00e1aad0000c801fdda20f45a25/element - {"using":"css selector","value":"#j_username"}
RESULT: {}
RESULT: {}
RESULT: {}
RESULT: {"using":"css selector","value":"#j_username"}
COMMAND: POST /session/3fdde00e1aad0000c801fdda20f45a25/element - {"using":"css selector","value":"#shell-header-logo"}
RESULT: {"using":"css selector","value":"#shell-header-logo"}
COMMAND: POST /session/3fdde00e1aad0000c801fdda20f45a25/execute/sync - {"script":"<script> [8489 bytes]","args":[{"element-6066-11e4-a52e-4f735466cecf":"f.AD023EB381BA77EAB040171FD40D96B9.d.21424020EF1A20644BB48319C63DD1C8.e.3299","ELEMENT":"f.AD023EB381BA77EAB040171FD40D96B9.d.21424020EF1A20644BB48319C63DD1C8.e.3299"}]}
RESULT: {"script":"<script> [8489 bytes]","args":[{"element-6066-11e4-a52e-4f735466cecf":"f.AD023EB381BA77EAB040171FD40D96B9.d.21424020EF1A20644BB48319C63DD1C8.e.3299","ELEMENT":"f.AD023EB381BA77EAB040171FD40D96B9.d.21424020EF1A20644BB48319C63DD1C8.e.3299"}]}
COMMAND: POST /session/3fdde00e1aad0000c801fdda20f45a25/element - {"using":"css selector","value":"#shell-header-logo"}
COMMAND: GET /session/3fdde00e1aad0000c801fdda20f45a25/screenshot - {}
RESULT: {"using":"css selector","value":"#shell-header-logo"}
COMMAND: POST /session/3fdde00e1aad0000c801fdda20f45a25/execute/sync - {"script":"<script> [8489 bytes]","args":[{"element-6066-11e4-a52e-4f735466cecf":"f.AD023EB381BA77EAB040171FD40D96B9.d.21424020EF1A20644BB48319C63DD1C8.e.3299","ELEMENT":"f.AD023EB381BA77EAB040171FD40D96B9.d.21424020EF1A20644BB48319C63DD1C8.e.3299"}]}
RESULT: {}
RESULT: {"script":"<script> [8489 bytes]","args":[{"element-6066-11e4-a52e-4f735466cecf":"f.AD023EB381BA77EAB040171FD40D96B9.d.21424020EF1A20644BB48319C63DD1C8.e.3299","ELEMENT":"f.AD023EB381BA77EAB040171FD40D96B9.d.21424020EF1A20644BB48319C63DD1C8.e.3299"}]}
COMMAND: POST /session/3fdde00e1aad0000c801fdda20f45a25/execute/sync - {"script":"<script> [5351 bytes]","args":[{"element-6066-11e4-a52e-4f735466cecf":"f.AD023EB381BA77EAB040171FD40D96B9.d.21424020EF1A20644BB48319C63DD1C8.e.3299","ELEMENT":"f.AD023EB381BA77EAB040171FD40D96B9.d.21424020EF1A20644BB48319C63DD1C8.e.3299"}]}
COMMAND: GET /session/3fdde00e1aad0000c801fdda20f45a25/screenshot - {}
RESULT: {}
RESULT: {"script":"<script> [5351 bytes]","args":[{"element-6066-11e4-a52e-4f735466cecf":"f.AD023EB381BA77EAB040171FD40D96B9.d.21424020EF1A20644BB48319C63DD1C8.e.3299","ELEMENT":"f.AD023EB381BA77EAB040171FD40D96B9.d.21424020EF1A20644BB48319C63DD1C8.e.3299"}]}
COMMAND: POST /session/3fdde00e1aad0000c801fdda20f45a25/element - {"using":"css selector","value":"#shell-header-logo"}
COMMAND: GET /session/3fdde00e1aad0000c801fdda20f45a25/screenshot - {}
RESULT: {"using":"css selector","value":"#shell-header-logo"}
COMMAND: POST /session/3fdde00e1aad0000c801fdda20f45a25/element/f.AD023EB381BA77EAB040171FD40D96B9.d.21424020EF1A20644BB48319C63DD1C8.e.3299/click - {}
RESULT: {}
RESULT: {}
COMMAND: GET /session/3fdde00e1aad0000c801fdda20f45a25/screenshot - {}
RESULT: {}
COMMAND: POST /session/3fdde00e1aad0000c801fdda20f45a25/execute/async - {"script":"<script> [189 bytes]","args":[]}
RESULT: {"script":"<script> [189 bytes]","args":[]}
COMMAND: POST /session/3fdde00e1aad0000c801fdda20f45a25/execute/async - {"script":"<script> [123 bytes]","args":[]}
RESULT: {"script":"<script> [123 bytes]","args":[]}
COMMAND: POST /session/3fdde00e1aad0000c801fdda20f45a25/timeouts - {"script":"<number>"}
RESULT: {"script":"<number>"}
COMMAND: GET /session/3fdde00e1aad0000c801fdda20f45a25/timeouts - {}
RESULT: {}
RESULT: undefined
COMMAND: POST /session/3fdde00e1aad0000c801fdda20f45a25/execute/async - {"script":"<script> [2676 bytes]","args":[]}
RESULT: {"script":"<script> [2676 bytes]","args":[]}
COMMAND: POST /session/3fdde00e1aad0000c801fdda20f45a25/execute/async - {"script":"<script> [2342 bytes]","args":[{"protocol":"http","hostname":"0.0.0.0","path":"/","capabilities":{"browserName":"chrome","goog:chromeOptions":{"binary":"C:\\Program Files\\Google\\Chrome\\Application\\chrome.exe","args":["--start-maximized"]}},"logLevel":"warn","connectionRetryTimeout":120000,"connectionRetryCount":3,"logLevels":{},"enableDirectConnect":true,"strictSSL":true,"_":"65 more keys: [\"cacheDir\",\"port\",\"requestedCapabilities\",\"automationProtocol\",\"baseUrl\",\"waitforInterval\",\"waitforTimeout\",\"onReload\",\"beforeCommand\",\"afterCommand\",\"rootDir\",\"specs\",\"suites\",\"exclude\",\"groupLogsByTestSpec\",\"excludeDriverLogs\",\"bail\",\"framework\",\"reporters\",\"services\",\"maxInstances\",\"maxInstancesPerCapability\",\"injectGlobals\",\"filesToWatch\",\"execArgv\",\"runnerEnv\",\"runner\",\"shard\",\"specFileRetries\",\"specFileRetriesDelay\",\"specFileRetriesDeferred\",\"reporterSyncInterval\",\"reporterSyncTimeout\",\"cucumberFeaturesWithLineNumbers\",\"autoCompileOpts\",\"mochaOpts\",\"jasmineOpts\",\"cucumberOpts\",\"onPrepare\",\"onWorkerStart\",\"onWorkerEnd\",\"before\",\"beforeSession\",\"beforeSuite\",\"beforeHook\",\"beforeTest\",\"afterTest\",\"afterHook\",\"afterSuite\",\"afterSession\",\"after\",\"onComplete\",\"beforeAssertion\",\"afterAssertion\",\"beforeFeature\",\"beforeScenario\",\"beforeStep\",\"afterStep\",\"afterScenario\",\"afterFeature\",\"_\",\"suite\",\"$0\",\"ignoredWorkerServices\",\"wdi5\"]"}]}
RESULT: {"script":"<script> [2342 bytes]","args":[{"protocol":"http","hostname":"0.0.0.0","path":"/","capabilities":{"browserName":"chrome","goog:chromeOptions":{"binary":"C:\\Program Files\\Google\\Chrome\\Application\\chrome.exe","args":["--start-maximized"]}},"logLevel":"warn","connectionRetryTimeout":120000,"connectionRetryCount":3,"logLevels":{},"enableDirectConnect":true,"strictSSL":true,"_":"65 more keys: [\"cacheDir\",\"port\",\"requestedCapabilities\",\"automationProtocol\",\"baseUrl\",\"waitforInterval\",\"waitforTimeout\",\"onReload\",\"beforeCommand\",\"afterCommand\",\"rootDir\",\"specs\",\"suites\",\"exclude\",\"groupLogsByTestSpec\",\"excludeDriverLogs\",\"bail\",\"framework\",\"reporters\",\"services\",\"maxInstances\",\"maxInstancesPerCapability\",\"injectGlobals\",\"filesToWatch\",\"execArgv\",\"runnerEnv\",\"runner\",\"shard\",\"specFileRetries\",\"specFileRetriesDelay\",\"specFileRetriesDeferred\",\"reporterSyncInterval\",\"reporterSyncTimeout\",\"cucumberFeaturesWithLineNumbers\",\"autoCompileOpts\",\"mochaOpts\",\"jasmineOpts\",\"cucumberOpts\",\"onPrepare\",\"onWorkerStart\",\"onWorkerEnd\",\"before\",\"beforeSession\",\"beforeSuite\",\"beforeHook\",\"beforeTest\",\"afterTest\",\"afterHook\",\"afterSuite\",\"afterSession\",\"after\",\"onComplete\",\"beforeAssertion\",\"afterAssertion\",\"beforeFeature\",\"beforeScenario\",\"beforeStep\",\"afterStep\",\"afterScenario\",\"afterFeature\",\"_\",\"suite\",\"$0\",\"ignoredWorkerServices\",\"wdi5\"]"}]}
COMMAND: POST /session/3fdde00e1aad0000c801fdda20f45a25/execute/async - {"script":"<script> [21126 bytes]","args":[35000]}
RESULT: {"script":"<script> [21126 bytes]","args":[35000]}
COMMAND: POST /session/3fdde00e1aad0000c801fdda20f45a25/window/maximize - {}
RESULT: {}
COMMAND: POST /session/3fdde00e1aad0000c801fdda20f45a25/execute/async - {"script":"<script> [1562 bytes]","args":[{"selector":{"id":"shell-header","interaction":{"idSuffix":"icon"}},"wdio_ui5_key":"shellheader"}]}
COMMAND: GET /session/3fdde00e1aad0000c801fdda20f45a25/screenshot - {}
RESULT: {"script":"<script> [1562 bytes]","args":[{"selector":{"id":"shell-header","interaction":{"idSuffix":"icon"}},"wdio_ui5_key":"shellheader"}]}
RESULT: undefined
COMMAND: POST /session/3fdde00e1aad0000c801fdda20f45a25/window/fullscreen - {}
RESULT: {}
RESULT: {}
]]></system-out>
      <system-err><![CDATA[
Error: element ("//button[contains(@id, "btnMassStateChange")]") still not existing after 45000ms
    at async Context.<anonymous> (D:\a\1\s\test\specs\HTR\create-mass-state-change.spec.js:74:9)
]]></system-err>
    </testcase>
  </testsuite>
  <testsuite timestamp="2025-06-01T18:18:02" time="919.109" tests="6" failures="5" errors="5" skipped="0">
    <properties>
      <property name="specId" value="0"/>
      <property name="suiteName" value="Manage States &amp; Performance Tests US151247 US151423 US151467"/>
      <property name="capabilities" value="chrome.136_0_7103_93.windows"/>
      <property name="file" value="file:///D:/a/1/s/test/specs/HTR/manage-states-perf.spec.js"/>
    </properties>
    <testcase classname="chrome.136_0_7103_93.windows.Manage_States_&amp;_Performance_Tests_US151247_US151423_US151467" name="Prereq Should create a yard partner and site" time="425.591">
      <system-out><![CDATA[
COMMAND: POST /session/3fdde00e1aad0000c801fdda20f45a25/execute/async - {"script":"<script> [1562 bytes]","args":[{"selector":{"controlType":"sap.m.GenericTile","properties":{"header":"Manage Yards"}},"wdio_ui5_key":"sapm.GenericTile{\"header\":\"Manage Yards\"}"}]}
RESULT: {"script":"<script> [1562 bytes]","args":[{"selector":{"controlType":"sap.m.GenericTile","properties":{"header":"Manage Yards"}},"wdio_ui5_key":"sapm.GenericTile{\"header\":\"Manage Yards\"}"}]}
RESULT: undefined
COMMAND: POST /session/3fdde00e1aad0000c801fdda20f45a25/element - {"using":"xpath","value":"//*[@id=\"__tile33\"]"}
RESULT: {"using":"xpath","value":"//*[@id=\"__tile33\"]"}
COMMAND: POST /session/3fdde00e1aad0000c801fdda20f45a25/element/f.AD023EB381BA77EAB040171FD40D96B9.d.21424020EF1A20644BB48319C63DD1C8.e.3327/click - {}
RESULT: {}
COMMAND: GET /session/3fdde00e1aad0000c801fdda20f45a25/screenshot - {}
RESULT: {}
COMMAND: POST /session/3fdde00e1aad0000c801fdda20f45a25/elements - {"using":"xpath","value":"//span[text()='Error']"}
RESULT: {"using":"xpath","value":"//span[text()='Error']"}
COMMAND: POST /session/3fdde00e1aad0000c801fdda20f45a25/element - {"using":"xpath","value":"//button[@data-kt=\"addNewYardOverflowToolbarButton\"]"}
RESULT: {"using":"xpath","value":"//button[@data-kt=\"addNewYardOverflowToolbarButton\"]"}
COMMAND: POST /session/3fdde00e1aad0000c801fdda20f45a25/elements - {"using":"xpath","value":"//button[@data-kt=\"addNewYardOverflowToolbarButton\"]"}
RESULT: {"using":"xpath","value":"//button[@data-kt=\"addNewYardOverflowToolbarButton\"]"}
COMMAND: POST /session/3fdde00e1aad0000c801fdda20f45a25/elements - {"using":"xpath","value":"//button[@data-kt=\"addNewYardOverflowToolbarButton\"]"}
RESULT: {"using":"xpath","value":"//button[@data-kt=\"addNewYardOverflowToolbarButton\"]"}
COMMAND: POST /session/3fdde00e1aad0000c801fdda20f45a25/elements - {"using":"xpath","value":"//button[@data-kt=\"addNewYardOverflowToolbarButton\"]"}
RESULT: {"using":"xpath","value":"//button[@data-kt=\"addNewYardOverflowToolbarButton\"]"}
COMMAND: POST /session/3fdde00e1aad0000c801fdda20f45a25/elements - {"using":"xpath","value":"//button[@data-kt=\"addNewYardOverflowToolbarButton\"]"}
RESULT: {"using":"xpath","value":"//button[@data-kt=\"addNewYardOverflowToolbarButton\"]"}
COMMAND: POST /session/3fdde00e1aad0000c801fdda20f45a25/elements - {"using":"xpath","value":"//button[@data-kt=\"addNewYardOverflowToolbarButton\"]"}
RESULT: {"using":"xpath","value":"//button[@data-kt=\"addNewYardOverflowToolbarButton\"]"}
COMMAND: POST /session/3fdde00e1aad0000c801fdda20f45a25/elements - {"using":"xpath","value":"//button[@data-kt=\"addNewYardOverflowToolbarButton\"]"}
RESULT: {"using":"xpath","value":"//button[@data-kt=\"addNewYardOverflowToolbarButton\"]"}
COMMAND: POST /session/3fdde00e1aad0000c801fdda20f45a25/elements - {"using":"xpath","value":"//button[@data-kt=\"addNewYardOverflowToolbarButton\"]"}
RESULT: {"using":"xpath","value":"//button[@data-kt=\"addNewYardOverflowToolbarButton\"]"}
COMMAND: POST /session/3fdde00e1aad0000c801fdda20f45a25/elements - {"using":"xpath","value":"//button[@data-kt=\"addNewYardOverflowToolbarButton\"]"}
RESULT: {"using":"xpath","value":"//button[@data-kt=\"addNewYardOverflowToolbarButton\"]"}
COMMAND: POST /session/3fdde00e1aad0000c801fdda20f45a25/elements - {"using":"xpath","value":"//button[@data-kt=\"addNewYardOverflowToolbarButton\"]"}
RESULT: {"using":"xpath","value":"//button[@data-kt=\"addNewYardOverflowToolbarButton\"]"}
COMMAND: POST /session/3fdde00e1aad0000c801fdda20f45a25/elements - {"using":"xpath","value":"//button[@data-kt=\"addNewYardOverflowToolbarButton\"]"}
RESULT: {"using":"xpath","value":"//button[@data-kt=\"addNewYardOverflowToolbarButton\"]"}
COMMAND: POST /session/3fdde00e1aad0000c801fdda20f45a25/element - {"using":"xpath","value":"//button[@data-kt=\"addNewYardOverflowToolbarButton\"]"}
RESULT: {"using":"xpath","value":"//button[@data-kt=\"addNewYardOverflowToolbarButton\"]"}
COMMAND: POST /session/3fdde00e1aad0000c801fdda20f45a25/execute/sync - {"script":"<script> [8489 bytes]","args":[{"element-6066-11e4-a52e-4f735466cecf":"f.AD023EB381BA77EAB040171FD40D96B9.d.21424020EF1A20644BB48319C63DD1C8.e.3446","ELEMENT":"f.AD023EB381BA77EAB040171FD40D96B9.d.21424020EF1A20644BB48319C63DD1C8.e.3446"}]}
RESULT: {"script":"<script> [8489 bytes]","args":[{"element-6066-11e4-a52e-4f735466cecf":"f.AD023EB381BA77EAB040171FD40D96B9.d.21424020EF1A20644BB48319C63DD1C8.e.3446","ELEMENT":"f.AD023EB381BA77EAB040171FD40D96B9.d.21424020EF1A20644BB48319C63DD1C8.e.3446"}]}
COMMAND: GET /session/3fdde00e1aad0000c801fdda20f45a25/element/f.AD023EB381BA77EAB040171FD40D96B9.d.21424020EF1A20644BB48319C63DD1C8.e.3446/enabled - {}
COMMAND: GET /session/3fdde00e1aad0000c801fdda20f45a25/screenshot - {}
RESULT: {}
COMMAND: POST /session/3fdde00e1aad0000c801fdda20f45a25/execute/sync - {"script":"<script> [8489 bytes]","args":[{"element-6066-11e4-a52e-4f735466cecf":"f.AD023EB381BA77EAB040171FD40D96B9.d.21424020EF1A20644BB48319C63DD1C8.e.3446","ELEMENT":"f.AD023EB381BA77EAB040171FD40D96B9.d.21424020EF1A20644BB48319C63DD1C8.e.3446"}]}
COMMAND: GET /session/3fdde00e1aad0000c801fdda20f45a25/screenshot - {}
RESULT: {}
RESULT: {"script":"<script> [8489 bytes]","args":[{"element-6066-11e4-a52e-4f735466cecf":"f.AD023EB381BA77EAB040171FD40D96B9.d.21424020EF1A20644BB48319C63DD1C8.e.3446","ELEMENT":"f.AD023EB381BA77EAB040171FD40D96B9.d.21424020EF1A20644BB48319C63DD1C8.e.3446"}]}
COMMAND: POST /session/3fdde00e1aad0000c801fdda20f45a25/execute/sync - {"script":"<script> [5351 bytes]","args":[{"element-6066-11e4-a52e-4f735466cecf":"f.AD023EB381BA77EAB040171FD40D96B9.d.21424020EF1A20644BB48319C63DD1C8.e.3446","ELEMENT":"f.AD023EB381BA77EAB040171FD40D96B9.d.21424020EF1A20644BB48319C63DD1C8.e.3446"}]}
COMMAND: GET /session/3fdde00e1aad0000c801fdda20f45a25/screenshot - {}
RESULT: {}
RESULT: {"script":"<script> [5351 bytes]","args":[{"element-6066-11e4-a52e-4f735466cecf":"f.AD023EB381BA77EAB040171FD40D96B9.d.21424020EF1A20644BB48319C63DD1C8.e.3446","ELEMENT":"f.AD023EB381BA77EAB040171FD40D96B9.d.21424020EF1A20644BB48319C63DD1C8.e.3446"}]}
COMMAND: POST /session/3fdde00e1aad0000c801fdda20f45a25/element/f.AD023EB381BA77EAB040171FD40D96B9.d.21424020EF1A20644BB48319C63DD1C8.e.3446/click - {}
COMMAND: GET /session/3fdde00e1aad0000c801fdda20f45a25/screenshot - {}
RESULT: {}
RESULT: {}
COMMAND: GET /session/3fdde00e1aad0000c801fdda20f45a25/screenshot - {}
RESULT: {}
RESULT: {}
COMMAND: POST /session/3fdde00e1aad0000c801fdda20f45a25/element - {"using":"xpath","value":"//input[@id=\"application-manageyards-display-component---NewYard--yardId-inner\"]"}
RESULT: {"using":"xpath","value":"//input[@id=\"application-manageyards-display-component---NewYard--yardId-inner\"]"}
COMMAND: POST /session/3fdde00e1aad0000c801fdda20f45a25/element - {"using":"xpath","value":"//input[@id=\"application-manageyards-display-component---NewYard--yardId-inner\"]"}
RESULT: {"using":"xpath","value":"//input[@id=\"application-manageyards-display-component---NewYard--yardId-inner\"]"}
COMMAND: POST /session/3fdde00e1aad0000c801fdda20f45a25/execute/async - {"script":"<script> [1562 bytes]","args":[{"selector":{"id":"application-manageyards-display-component---NewYard--addressDetailDetailsName1","interaction":{"idSuffix":"inner"}},"wdio_ui5_key":"applicationmanageyards-display-component---NewYard--addressDetailDetailsName1"}]}
RESULT: {"script":"<script> [1562 bytes]","args":[{"selector":{"id":"application-manageyards-display-component---NewYard--addressDetailDetailsName1","interaction":{"idSuffix":"inner"}},"wdio_ui5_key":"applicationmanageyards-display-component---NewYard--addressDetailDetailsName1"}]}
RESULT: undefined
COMMAND: POST /session/3fdde00e1aad0000c801fdda20f45a25/execute/async - {"script":"<script> [776 bytes]","args":[{"enterText":"Intercompany Yard wdIO","selector":{"id":"application-manageyards-display-component---NewYard--addressDetailDetailsName1","interaction":{"idSuffix":"inner"}},"clearTextFirst":true,"interactionType":"ENTER_TEXT"}]}
RESULT: {"script":"<script> [776 bytes]","args":[{"enterText":"Intercompany Yard wdIO","selector":{"id":"application-manageyards-display-component---NewYard--addressDetailDetailsName1","interaction":{"idSuffix":"inner"}},"clearTextFirst":true,"interactionType":"ENTER_TEXT"}]}
COMMAND: POST /session/3fdde00e1aad0000c801fdda20f45a25/execute/async - {"script":"<script> [1562 bytes]","args":[{"selector":{"id":"application-manageyards-display-component---NewYard--addressDetailDetailsLanguage-arrow"},"wdio_ui5_key":"applicationmanageyards-display-component---NewYard--addressDetailDetailsLanguage-arrow"}]}
RESULT: {"script":"<script> [1562 bytes]","args":[{"selector":{"id":"application-manageyards-display-component---NewYard--addressDetailDetailsLanguage-arrow"},"wdio_ui5_key":"applicationmanageyards-display-component---NewYard--addressDetailDetailsLanguage-arrow"}]}
RESULT: undefined
COMMAND: POST /session/3fdde00e1aad0000c801fdda20f45a25/element - {"using":"xpath","value":"//*[@id=\"application-manageyards-display-component---NewYard--addressDetailDetailsLanguage-arrow\"]"}
RESULT: {"using":"xpath","value":"//*[@id=\"application-manageyards-display-component---NewYard--addressDetailDetailsLanguage-arrow\"]"}
COMMAND: POST /session/3fdde00e1aad0000c801fdda20f45a25/element/f.AD023EB381BA77EAB040171FD40D96B9.d.21424020EF1A20644BB48319C63DD1C8.e.3887/click - {}
RESULT: {}
COMMAND: POST /session/3fdde00e1aad0000c801fdda20f45a25/element - {"using":"xpath","value":"//span[contains(text(), \"English\")]"}
COMMAND: GET /session/3fdde00e1aad0000c801fdda20f45a25/screenshot - {}
RESULT: {"using":"xpath","value":"//span[contains(text(), \"English\")]"}
COMMAND: POST /session/3fdde00e1aad0000c801fdda20f45a25/element/f.AD023EB381BA77EAB040171FD40D96B9.d.21424020EF1A20644BB48319C63DD1C8.e.3888/click - {}
RESULT: {}
RESULT: {}
COMMAND: POST /session/3fdde00e1aad0000c801fdda20f45a25/execute/async - {"script":"<script> [1562 bytes]","args":[{"selector":{"id":"application-manageyards-display-component---NewYard--addressDetailDetailsCity1","interaction":{"idSuffix":"inner"}},"wdio_ui5_key":"applicationmanageyards-display-component---NewYard--addressDetailDetailsCity1"}]}
COMMAND: GET /session/3fdde00e1aad0000c801fdda20f45a25/screenshot - {}
RESULT: {"script":"<script> [1562 bytes]","args":[{"selector":{"id":"application-manageyards-display-component---NewYard--addressDetailDetailsCity1","interaction":{"idSuffix":"inner"}},"wdio_ui5_key":"applicationmanageyards-display-component---NewYard--addressDetailDetailsCity1"}]}
RESULT: undefined
COMMAND: POST /session/3fdde00e1aad0000c801fdda20f45a25/execute/async - {"script":"<script> [776 bytes]","args":[{"enterText":"Rosario","selector":{"id":"application-manageyards-display-component---NewYard--addressDetailDetailsCity1","interaction":{"idSuffix":"inner"}},"clearTextFirst":true,"interactionType":"ENTER_TEXT"}]}
RESULT: {}
RESULT: {"script":"<script> [776 bytes]","args":[{"enterText":"Rosario","selector":{"id":"application-manageyards-display-component---NewYard--addressDetailDetailsCity1","interaction":{"idSuffix":"inner"}},"clearTextFirst":true,"interactionType":"ENTER_TEXT"}]}
COMMAND: POST /session/3fdde00e1aad0000c801fdda20f45a25/execute/async - {"script":"<script> [1562 bytes]","args":[{"selector":{"id":"application-manageyards-display-component---NewYard--addressDetailDetailsCountry-arrow"},"wdio_ui5_key":"applicationmanageyards-display-component---NewYard--addressDetailDetailsCountry-arrow"}]}
RESULT: {"script":"<script> [1562 bytes]","args":[{"selector":{"id":"application-manageyards-display-component---NewYard--addressDetailDetailsCountry-arrow"},"wdio_ui5_key":"applicationmanageyards-display-component---NewYard--addressDetailDetailsCountry-arrow"}]}
RESULT: undefined
COMMAND: POST /session/3fdde00e1aad0000c801fdda20f45a25/element - {"using":"xpath","value":"//*[@id=\"application-manageyards-display-component---NewYard--addressDetailDetailsCountry-arrow\"]"}
RESULT: {"using":"xpath","value":"//*[@id=\"application-manageyards-display-component---NewYard--addressDetailDetailsCountry-arrow\"]"}
COMMAND: POST /session/3fdde00e1aad0000c801fdda20f45a25/element/f.AD023EB381BA77EAB040171FD40D96B9.d.21424020EF1A20644BB48319C63DD1C8.e.3890/click - {}
RESULT: {}
COMMAND: POST /session/3fdde00e1aad0000c801fdda20f45a25/element - {"using":"xpath","value":"//span[contains(text(), \"Argentina\")]"}
COMMAND: GET /session/3fdde00e1aad0000c801fdda20f45a25/screenshot - {}
RESULT: {"using":"xpath","value":"//span[contains(text(), \"Argentina\")]"}
COMMAND: POST /session/3fdde00e1aad0000c801fdda20f45a25/element/f.AD023EB381BA77EAB040171FD40D96B9.d.21424020EF1A20644BB48319C63DD1C8.e.3891/click - {}
RESULT: {}
RESULT: {}
COMMAND: POST /session/3fdde00e1aad0000c801fdda20f45a25/execute/async - {"script":"<script> [1562 bytes]","args":[{"selector":{"id":"application-manageyards-display-component---NewYard--addressEditDetailsCostObjectCstType-arrow"},"wdio_ui5_key":"applicationmanageyards-display-component---NewYard--addressEditDetailsCostObjectCstType-arrow"}]}
COMMAND: GET /session/3fdde00e1aad0000c801fdda20f45a25/screenshot - {}
RESULT: {"script":"<script> [1562 bytes]","args":[{"selector":{"id":"application-manageyards-display-component---NewYard--addressEditDetailsCostObjectCstType-arrow"},"wdio_ui5_key":"applicationmanageyards-display-component---NewYard--addressEditDetailsCostObjectCstType-arrow"}]}
RESULT: undefined
COMMAND: POST /session/3fdde00e1aad0000c801fdda20f45a25/element - {"using":"xpath","value":"//*[@id=\"application-manageyards-display-component---NewYard--addressEditDetailsCostObjectCstType-arrow\"]"}
RESULT: {}
RESULT: {"using":"xpath","value":"//*[@id=\"application-manageyards-display-component---NewYard--addressEditDetailsCostObjectCstType-arrow\"]"}
COMMAND: POST /session/3fdde00e1aad0000c801fdda20f45a25/element/f.AD023EB381BA77EAB040171FD40D96B9.d.21424020EF1A20644BB48319C63DD1C8.e.3893/click - {}
RESULT: {}
COMMAND: POST /session/3fdde00e1aad0000c801fdda20f45a25/element - {"using":"xpath","value":"//span[contains(text(), \"Cost Center\")]"}
COMMAND: GET /session/3fdde00e1aad0000c801fdda20f45a25/screenshot - {}
RESULT: {"using":"xpath","value":"//span[contains(text(), \"Cost Center\")]"}
COMMAND: POST /session/3fdde00e1aad0000c801fdda20f45a25/element/f.AD023EB381BA77EAB040171FD40D96B9.d.21424020EF1A20644BB48319C63DD1C8.e.3894/click - {}
RESULT: {}
RESULT: {}
COMMAND: GET /session/3fdde00e1aad0000c801fdda20f45a25/screenshot - {}
RESULT: {}
COMMAND: POST /session/3fdde00e1aad0000c801fdda20f45a25/element - {"using":"xpath","value":"//span[@id=\"application-manageyards-display-component---NewYard--addressNewCostObjectCstID-vhi\"]"}
RESULT: {"using":"xpath","value":"//span[@id=\"application-manageyards-display-component---NewYard--addressNewCostObjectCstID-vhi\"]"}
COMMAND: POST /session/3fdde00e1aad0000c801fdda20f45a25/execute/sync - {"script":"<script> [8489 bytes]","args":[{"element-6066-11e4-a52e-4f735466cecf":"f.AD023EB381BA77EAB040171FD40D96B9.d.21424020EF1A20644BB48319C63DD1C8.e.3898","ELEMENT":"f.AD023EB381BA77EAB040171FD40D96B9.d.21424020EF1A20644BB48319C63DD1C8.e.3898"}]}
RESULT: {"script":"<script> [8489 bytes]","args":[{"element-6066-11e4-a52e-4f735466cecf":"f.AD023EB381BA77EAB040171FD40D96B9.d.21424020EF1A20644BB48319C63DD1C8.e.3898","ELEMENT":"f.AD023EB381BA77EAB040171FD40D96B9.d.21424020EF1A20644BB48319C63DD1C8.e.3898"}]}
COMMAND: POST /session/3fdde00e1aad0000c801fdda20f45a25/execute/async - {"script":"<script> [1562 bytes]","args":[{"selector":{"id":"application-manageyards-display-component---NewYard--addressNewCostObjectCstID-vhi"},"wdio_ui5_key":"applicationmanageyards-display-component---NewYard--addressNewCostObjectCstID-vhi"}]}
COMMAND: GET /session/3fdde00e1aad0000c801fdda20f45a25/screenshot - {}
RESULT: {"script":"<script> [1562 bytes]","args":[{"selector":{"id":"application-manageyards-display-component---NewYard--addressNewCostObjectCstID-vhi"},"wdio_ui5_key":"applicationmanageyards-display-component---NewYard--addressNewCostObjectCstID-vhi"}]}
RESULT: undefined
COMMAND: POST /session/3fdde00e1aad0000c801fdda20f45a25/element - {"using":"xpath","value":"//*[@id=\"application-manageyards-display-component---NewYard--addressNewCostObjectCstID-vhi\"]"}
RESULT: {}
RESULT: {"using":"xpath","value":"//*[@id=\"application-manageyards-display-component---NewYard--addressNewCostObjectCstID-vhi\"]"}
COMMAND: POST /session/3fdde00e1aad0000c801fdda20f45a25/element/f.AD023EB381BA77EAB040171FD40D96B9.d.21424020EF1A20644BB48319C63DD1C8.e.3898/click - {}
RESULT: {}
COMMAND: GET /session/3fdde00e1aad0000c801fdda20f45a25/screenshot - {}
RESULT: {}
COMMAND: POST /session/3fdde00e1aad0000c801fdda20f45a25/execute/async - {"script":"<script> [1562 bytes]","args":[{"selector":{"controlType":"sap.m.SearchField","properties":{"placeholder":"Search"},"searchOpenDialogs":true,"interaction":{"idSuffix":"I"}},"wdio_ui5_key":"sapm.SearchField{\"placeholder\":\"Search\"}"}]}
RESULT: {"script":"<script> [1562 bytes]","args":[{"selector":{"controlType":"sap.m.SearchField","properties":{"placeholder":"Search"},"searchOpenDialogs":true,"interaction":{"idSuffix":"I"}},"wdio_ui5_key":"sapm.SearchField{\"placeholder\":\"Search\"}"}]}
RESULT: undefined
COMMAND: POST /session/3fdde00e1aad0000c801fdda20f45a25/execute/async - {"script":"<script> [776 bytes]","args":[{"enterText":"bauh_b","selector":{"controlType":"sap.m.SearchField","properties":{"placeholder":"Search"},"searchOpenDialogs":true,"interaction":{"idSuffix":"I"}},"clearTextFirst":true,"interactionType":"ENTER_TEXT"}]}
RESULT: {"script":"<script> [776 bytes]","args":[{"enterText":"bauh_b","selector":{"controlType":"sap.m.SearchField","properties":{"placeholder":"Search"},"searchOpenDialogs":true,"interaction":{"idSuffix":"I"}},"clearTextFirst":true,"interactionType":"ENTER_TEXT"}]}
COMMAND: POST /session/3fdde00e1aad0000c801fdda20f45a25/actions - {"actions":[{"id":"action11","type":"key","parameters":{},"actions":[{"type":"keyDown","value":""},{"type":"pause","duration":10},{"type":"keyUp","value":""}]}]}
RESULT: {"actions":[{"id":"action11","type":"key","parameters":{},"actions":[{"type":"keyDown","value":""},{"type":"pause","duration":10},{"type":"keyUp","value":""}]}]}
COMMAND: GET /session/3fdde00e1aad0000c801fdda20f45a25/screenshot - {}
RESULT: {}
COMMAND: POST /session/3fdde00e1aad0000c801fdda20f45a25/element - {"using":"xpath","value":"//span[contains(text(), \"Demo Yard\")]"}
RESULT: {"using":"xpath","value":"//span[contains(text(), \"Demo Yard\")]"}
COMMAND: POST /session/3fdde00e1aad0000c801fdda20f45a25/element/f.AD023EB381BA77EAB040171FD40D96B9.d.21424020EF1A20644BB48319C63DD1C8.e.3938/click - {}
RESULT: {}
COMMAND: GET /session/3fdde00e1aad0000c801fdda20f45a25/screenshot - {}
RESULT: {}
COMMAND: POST /session/3fdde00e1aad0000c801fdda20f45a25/element - {"using":"xpath","value":"//bdi[contains(text(), \"OK\")]"}
RESULT: {"using":"xpath","value":"//bdi[contains(text(), \"OK\")]"}
COMMAND: POST /session/3fdde00e1aad0000c801fdda20f45a25/element/f.AD023EB381BA77EAB040171FD40D96B9.d.21424020EF1A20644BB48319C63DD1C8.e.3939/click - {}
RESULT: {}
COMMAND: GET /session/3fdde00e1aad0000c801fdda20f45a25/screenshot - {}
RESULT: {}
COMMAND: POST /session/3fdde00e1aad0000c801fdda20f45a25/execute/async - {"script":"<script> [1562 bytes]","args":[{"selector":{"id":"application-manageyards-display-component---NewYard--addressEditDetailsCurrency-arrow"},"wdio_ui5_key":"applicationmanageyards-display-component---NewYard--addressEditDetailsCurrency-arrow"}]}
RESULT: {"script":"<script> [1562 bytes]","args":[{"selector":{"id":"application-manageyards-display-component---NewYard--addressEditDetailsCurrency-arrow"},"wdio_ui5_key":"applicationmanageyards-display-component---NewYard--addressEditDetailsCurrency-arrow"}]}
RESULT: undefined
COMMAND: POST /session/3fdde00e1aad0000c801fdda20f45a25/element - {"using":"xpath","value":"//*[@id=\"application-manageyards-display-component---NewYard--addressEditDetailsCurrency-arrow\"]"}
RESULT: {"using":"xpath","value":"//*[@id=\"application-manageyards-display-component---NewYard--addressEditDetailsCurrency-arrow\"]"}
COMMAND: POST /session/3fdde00e1aad0000c801fdda20f45a25/element/f.AD023EB381BA77EAB040171FD40D96B9.d.21424020EF1A20644BB48319C63DD1C8.e.3942/click - {}
RESULT: {}
COMMAND: POST /session/3fdde00e1aad0000c801fdda20f45a25/element - {"using":"xpath","value":"//span[contains(text(), \"Euro\")]"}
COMMAND: GET /session/3fdde00e1aad0000c801fdda20f45a25/screenshot - {}
RESULT: {"using":"xpath","value":"//span[contains(text(), \"Euro\")]"}
COMMAND: POST /session/3fdde00e1aad0000c801fdda20f45a25/element/f.AD023EB381BA77EAB040171FD40D96B9.d.21424020EF1A20644BB48319C63DD1C8.e.3943/click - {}
RESULT: {}
RESULT: {}
COMMAND: POST /session/3fdde00e1aad0000c801fdda20f45a25/execute/async - {"script":"<script> [1562 bytes]","args":[{"selector":{"controlType":"sap.m.Input","viewName":"etm.portal.ui.manageyards.view.New","viewId":"application-manageyards-display-component---NewYard","bindingPath":{"path":"","propertyPath":"/CONTROLLING_AREA","modelName":"NewYardModel"},"interaction":{"idSuffix":"inner"}},"wdio_ui5_key":"etmportal.ui.manageyards.view.Newsap.m.Input{\"path\":\"\",\"propertyPath\":\"/CONTROLLING_AREA\",\"modelName\":\"NewYardModel\"}"}]}
COMMAND: GET /session/3fdde00e1aad0000c801fdda20f45a25/screenshot - {}
RESULT: {"script":"<script> [1562 bytes]","args":[{"selector":{"controlType":"sap.m.Input","viewName":"etm.portal.ui.manageyards.view.New","viewId":"application-manageyards-display-component---NewYard","bindingPath":{"path":"","propertyPath":"/CONTROLLING_AREA","modelName":"NewYardModel"},"interaction":{"idSuffix":"inner"}},"wdio_ui5_key":"etmportal.ui.manageyards.view.Newsap.m.Input{\"path\":\"\",\"propertyPath\":\"/CONTROLLING_AREA\",\"modelName\":\"NewYardModel\"}"}]}
RESULT: undefined
COMMAND: POST /session/3fdde00e1aad0000c801fdda20f45a25/execute/async - {"script":"<script> [776 bytes]","args":[{"enterText":"Z001","selector":{"controlType":"sap.m.Input","viewName":"etm.portal.ui.manageyards.view.New","viewId":"application-manageyards-display-component---NewYard","bindingPath":{"path":"","propertyPath":"/CONTROLLING_AREA","modelName":"NewYardModel"},"interaction":{"idSuffix":"inner"}},"clearTextFirst":true,"interactionType":"ENTER_TEXT"}]}
RESULT: {}
RESULT: {"script":"<script> [776 bytes]","args":[{"enterText":"Z001","selector":{"controlType":"sap.m.Input","viewName":"etm.portal.ui.manageyards.view.New","viewId":"application-manageyards-display-component---NewYard","bindingPath":{"path":"","propertyPath":"/CONTROLLING_AREA","modelName":"NewYardModel"},"interaction":{"idSuffix":"inner"}},"clearTextFirst":true,"interactionType":"ENTER_TEXT"}]}
COMMAND: POST /session/3fdde00e1aad0000c801fdda20f45a25/execute/async - {"script":"<script> [1562 bytes]","args":[{"selector":{"id":"application-manageyards-display-component---NewYard--companyCodeComboBox","interaction":{"idSuffix":"inner"}},"wdio_ui5_key":"applicationmanageyards-display-component---NewYard--companyCodeComboBox"}]}
RESULT: {"script":"<script> [1562 bytes]","args":[{"selector":{"id":"application-manageyards-display-component---NewYard--companyCodeComboBox","interaction":{"idSuffix":"inner"}},"wdio_ui5_key":"applicationmanageyards-display-component---NewYard--companyCodeComboBox"}]}
RESULT: undefined
COMMAND: POST /session/3fdde00e1aad0000c801fdda20f45a25/execute/async - {"script":"<script> [776 bytes]","args":[{"enterText":"1000","selector":{"id":"application-manageyards-display-component---NewYard--companyCodeComboBox","interaction":{"idSuffix":"inner"}},"clearTextFirst":true,"interactionType":"ENTER_TEXT"}]}
RESULT: {"script":"<script> [776 bytes]","args":[{"enterText":"1000","selector":{"id":"application-manageyards-display-component---NewYard--companyCodeComboBox","interaction":{"idSuffix":"inner"}},"clearTextFirst":true,"interactionType":"ENTER_TEXT"}]}
COMMAND: POST /session/3fdde00e1aad0000c801fdda20f45a25/execute/async - {"script":"<script> [1562 bytes]","args":[{"selector":{"controlType":"sap.m.Input","viewName":"etm.portal.ui.manageyards.view.New","viewId":"application-manageyards-display-component---NewYard","bindingPath":{"path":"","propertyPath":"/PLANT","modelName":"NewYardModel"},"interaction":{"idSuffix":"inner"}},"wdio_ui5_key":"etmportal.ui.manageyards.view.Newsap.m.Input{\"path\":\"\",\"propertyPath\":\"/PLANT\",\"modelName\":\"NewYardModel\"}"}]}
RESULT: {"script":"<script> [1562 bytes]","args":[{"selector":{"controlType":"sap.m.Input","viewName":"etm.portal.ui.manageyards.view.New","viewId":"application-manageyards-display-component---NewYard","bindingPath":{"path":"","propertyPath":"/PLANT","modelName":"NewYardModel"},"interaction":{"idSuffix":"inner"}},"wdio_ui5_key":"etmportal.ui.manageyards.view.Newsap.m.Input{\"path\":\"\",\"propertyPath\":\"/PLANT\",\"modelName\":\"NewYardModel\"}"}]}
RESULT: undefined
COMMAND: POST /session/3fdde00e1aad0000c801fdda20f45a25/execute/async - {"script":"<script> [776 bytes]","args":[{"enterText":"1001","selector":{"controlType":"sap.m.Input","viewName":"etm.portal.ui.manageyards.view.New","viewId":"application-manageyards-display-component---NewYard","bindingPath":{"path":"","propertyPath":"/PLANT","modelName":"NewYardModel"},"interaction":{"idSuffix":"inner"}},"clearTextFirst":true,"interactionType":"ENTER_TEXT"}]}
RESULT: {"script":"<script> [776 bytes]","args":[{"enterText":"1001","selector":{"controlType":"sap.m.Input","viewName":"etm.portal.ui.manageyards.view.New","viewId":"application-manageyards-display-component---NewYard","bindingPath":{"path":"","propertyPath":"/PLANT","modelName":"NewYardModel"},"interaction":{"idSuffix":"inner"}},"clearTextFirst":true,"interactionType":"ENTER_TEXT"}]}
COMMAND: POST /session/3fdde00e1aad0000c801fdda20f45a25/execute/async - {"script":"<script> [1562 bytes]","args":[{"selector":{"controlType":"sap.m.Input","viewName":"etm.portal.ui.manageyards.view.New","viewId":"application-manageyards-display-component---NewYard","bindingPath":{"path":"","propertyPath":"/SALES_AREA_VKORG","modelName":"NewYardModel"},"interaction":{"idSuffix":"inner"}},"wdio_ui5_key":"etmportal.ui.manageyards.view.Newsap.m.Input{\"path\":\"\",\"propertyPath\":\"/SALES_AREA_VKORG\",\"modelName\":\"NewYardModel\"}"}]}
RESULT: {"script":"<script> [1562 bytes]","args":[{"selector":{"controlType":"sap.m.Input","viewName":"etm.portal.ui.manageyards.view.New","viewId":"application-manageyards-display-component---NewYard","bindingPath":{"path":"","propertyPath":"/SALES_AREA_VKORG","modelName":"NewYardModel"},"interaction":{"idSuffix":"inner"}},"wdio_ui5_key":"etmportal.ui.manageyards.view.Newsap.m.Input{\"path\":\"\",\"propertyPath\":\"/SALES_AREA_VKORG\",\"modelName\":\"NewYardModel\"}"}]}
RESULT: undefined
COMMAND: POST /session/3fdde00e1aad0000c801fdda20f45a25/execute/async - {"script":"<script> [776 bytes]","args":[{"enterText":"C002","selector":{"controlType":"sap.m.Input","viewName":"etm.portal.ui.manageyards.view.New","viewId":"application-manageyards-display-component---NewYard","bindingPath":{"path":"","propertyPath":"/SALES_AREA_VKORG","modelName":"NewYardModel"},"interaction":{"idSuffix":"inner"}},"clearTextFirst":true,"interactionType":"ENTER_TEXT"}]}
RESULT: {"script":"<script> [776 bytes]","args":[{"enterText":"C002","selector":{"controlType":"sap.m.Input","viewName":"etm.portal.ui.manageyards.view.New","viewId":"application-manageyards-display-component---NewYard","bindingPath":{"path":"","propertyPath":"/SALES_AREA_VKORG","modelName":"NewYardModel"},"interaction":{"idSuffix":"inner"}},"clearTextFirst":true,"interactionType":"ENTER_TEXT"}]}
COMMAND: POST /session/3fdde00e1aad0000c801fdda20f45a25/execute/async - {"script":"<script> [1562 bytes]","args":[{"selector":{"controlType":"sap.m.Input","viewName":"etm.portal.ui.manageyards.view.New","viewId":"application-manageyards-display-component---NewYard","bindingPath":{"path":"","propertyPath":"/SALES_AREA_VTWEG","modelName":"NewYardModel"},"interaction":{"idSuffix":"inner"}},"wdio_ui5_key":"etmportal.ui.manageyards.view.Newsap.m.Input{\"path\":\"\",\"propertyPath\":\"/SALES_AREA_VTWEG\",\"modelName\":\"NewYardModel\"}"}]}
RESULT: {"script":"<script> [1562 bytes]","args":[{"selector":{"controlType":"sap.m.Input","viewName":"etm.portal.ui.manageyards.view.New","viewId":"application-manageyards-display-component---NewYard","bindingPath":{"path":"","propertyPath":"/SALES_AREA_VTWEG","modelName":"NewYardModel"},"interaction":{"idSuffix":"inner"}},"wdio_ui5_key":"etmportal.ui.manageyards.view.Newsap.m.Input{\"path\":\"\",\"propertyPath\":\"/SALES_AREA_VTWEG\",\"modelName\":\"NewYardModel\"}"}]}
RESULT: undefined
COMMAND: POST /session/3fdde00e1aad0000c801fdda20f45a25/execute/async - {"script":"<script> [776 bytes]","args":[{"enterText":"C2","selector":{"controlType":"sap.m.Input","viewName":"etm.portal.ui.manageyards.view.New","viewId":"application-manageyards-display-component---NewYard","bindingPath":{"path":"","propertyPath":"/SALES_AREA_VTWEG","modelName":"NewYardModel"},"interaction":{"idSuffix":"inner"}},"clearTextFirst":true,"interactionType":"ENTER_TEXT"}]}
RESULT: {"script":"<script> [776 bytes]","args":[{"enterText":"C2","selector":{"controlType":"sap.m.Input","viewName":"etm.portal.ui.manageyards.view.New","viewId":"application-manageyards-display-component---NewYard","bindingPath":{"path":"","propertyPath":"/SALES_AREA_VTWEG","modelName":"NewYardModel"},"interaction":{"idSuffix":"inner"}},"clearTextFirst":true,"interactionType":"ENTER_TEXT"}]}
COMMAND: POST /session/3fdde00e1aad0000c801fdda20f45a25/execute/async - {"script":"<script> [1562 bytes]","args":[{"selector":{"controlType":"sap.m.Input","viewName":"etm.portal.ui.manageyards.view.New","viewId":"application-manageyards-display-component---NewYard","bindingPath":{"path":"","propertyPath":"/SALES_AREA_SPART","modelName":"NewYardModel"},"interaction":{"idSuffix":"inner"}},"wdio_ui5_key":"etmportal.ui.manageyards.view.Newsap.m.Input{\"path\":\"\",\"propertyPath\":\"/SALES_AREA_SPART\",\"modelName\":\"NewYardModel\"}"}]}
RESULT: {"script":"<script> [1562 bytes]","args":[{"selector":{"controlType":"sap.m.Input","viewName":"etm.portal.ui.manageyards.view.New","viewId":"application-manageyards-display-component---NewYard","bindingPath":{"path":"","propertyPath":"/SALES_AREA_SPART","modelName":"NewYardModel"},"interaction":{"idSuffix":"inner"}},"wdio_ui5_key":"etmportal.ui.manageyards.view.Newsap.m.Input{\"path\":\"\",\"propertyPath\":\"/SALES_AREA_SPART\",\"modelName\":\"NewYardModel\"}"}]}
RESULT: undefined
COMMAND: POST /session/3fdde00e1aad0000c801fdda20f45a25/execute/async - {"script":"<script> [776 bytes]","args":[{"enterText":"C2","selector":{"controlType":"sap.m.Input","viewName":"etm.portal.ui.manageyards.view.New","viewId":"application-manageyards-display-component---NewYard","bindingPath":{"path":"","propertyPath":"/SALES_AREA_SPART","modelName":"NewYardModel"},"interaction":{"idSuffix":"inner"}},"clearTextFirst":true,"interactionType":"ENTER_TEXT"}]}
RESULT: {"script":"<script> [776 bytes]","args":[{"enterText":"C2","selector":{"controlType":"sap.m.Input","viewName":"etm.portal.ui.manageyards.view.New","viewId":"application-manageyards-display-component---NewYard","bindingPath":{"path":"","propertyPath":"/SALES_AREA_SPART","modelName":"NewYardModel"},"interaction":{"idSuffix":"inner"}},"clearTextFirst":true,"interactionType":"ENTER_TEXT"}]}
COMMAND: POST /session/3fdde00e1aad0000c801fdda20f45a25/execute/async - {"script":"<script> [1562 bytes]","args":[{"selector":{"controlType":"sap.m.Input","viewName":"etm.portal.ui.manageyards.view.New","viewId":"application-manageyards-display-component---NewYard","bindingPath":{"path":"","propertyPath":"/SHIP_POINT","modelName":"NewYardModel"},"interaction":{"idSuffix":"inner"}},"wdio_ui5_key":"etmportal.ui.manageyards.view.Newsap.m.Input{\"path\":\"\",\"propertyPath\":\"/SHIP_POINT\",\"modelName\":\"NewYardModel\"}"}]}
RESULT: {"script":"<script> [1562 bytes]","args":[{"selector":{"controlType":"sap.m.Input","viewName":"etm.portal.ui.manageyards.view.New","viewId":"application-manageyards-display-component---NewYard","bindingPath":{"path":"","propertyPath":"/SHIP_POINT","modelName":"NewYardModel"},"interaction":{"idSuffix":"inner"}},"wdio_ui5_key":"etmportal.ui.manageyards.view.Newsap.m.Input{\"path\":\"\",\"propertyPath\":\"/SHIP_POINT\",\"modelName\":\"NewYardModel\"}"}]}
RESULT: undefined
COMMAND: POST /session/3fdde00e1aad0000c801fdda20f45a25/execute/async - {"script":"<script> [776 bytes]","args":[{"enterText":"1710","selector":{"controlType":"sap.m.Input","viewName":"etm.portal.ui.manageyards.view.New","viewId":"application-manageyards-display-component---NewYard","bindingPath":{"path":"","propertyPath":"/SHIP_POINT","modelName":"NewYardModel"},"interaction":{"idSuffix":"inner"}},"clearTextFirst":true,"interactionType":"ENTER_TEXT"}]}
RESULT: {"script":"<script> [776 bytes]","args":[{"enterText":"1710","selector":{"controlType":"sap.m.Input","viewName":"etm.portal.ui.manageyards.view.New","viewId":"application-manageyards-display-component---NewYard","bindingPath":{"path":"","propertyPath":"/SHIP_POINT","modelName":"NewYardModel"},"interaction":{"idSuffix":"inner"}},"clearTextFirst":true,"interactionType":"ENTER_TEXT"}]}
COMMAND: POST /session/3fdde00e1aad0000c801fdda20f45a25/execute/async - {"script":"<script> [1562 bytes]","args":[{"selector":{"controlType":"sap.m.Input","viewName":"etm.portal.ui.manageyards.view.New","viewId":"application-manageyards-display-component---NewYard","bindingPath":{"path":"","propertyPath":"/DELIVERY_TYPE","modelName":"NewYardModel"},"interaction":{"idSuffix":"inner"}},"wdio_ui5_key":"etmportal.ui.manageyards.view.Newsap.m.Input{\"path\":\"\",\"propertyPath\":\"/DELIVERY_TYPE\",\"modelName\":\"NewYardModel\"}"}]}
RESULT: {"script":"<script> [1562 bytes]","args":[{"selector":{"controlType":"sap.m.Input","viewName":"etm.portal.ui.manageyards.view.New","viewId":"application-manageyards-display-component---NewYard","bindingPath":{"path":"","propertyPath":"/DELIVERY_TYPE","modelName":"NewYardModel"},"interaction":{"idSuffix":"inner"}},"wdio_ui5_key":"etmportal.ui.manageyards.view.Newsap.m.Input{\"path\":\"\",\"propertyPath\":\"/DELIVERY_TYPE\",\"modelName\":\"NewYardModel\"}"}]}
RESULT: undefined
COMMAND: POST /session/3fdde00e1aad0000c801fdda20f45a25/execute/async - {"script":"<script> [776 bytes]","args":[{"enterText":"ZL01","selector":{"controlType":"sap.m.Input","viewName":"etm.portal.ui.manageyards.view.New","viewId":"application-manageyards-display-component---NewYard","bindingPath":{"path":"","propertyPath":"/DELIVERY_TYPE","modelName":"NewYardModel"},"interaction":{"idSuffix":"inner"}},"clearTextFirst":true,"interactionType":"ENTER_TEXT"}]}
RESULT: {"script":"<script> [776 bytes]","args":[{"enterText":"ZL01","selector":{"controlType":"sap.m.Input","viewName":"etm.portal.ui.manageyards.view.New","viewId":"application-manageyards-display-component---NewYard","bindingPath":{"path":"","propertyPath":"/DELIVERY_TYPE","modelName":"NewYardModel"},"interaction":{"idSuffix":"inner"}},"clearTextFirst":true,"interactionType":"ENTER_TEXT"}]}
COMMAND: POST /session/3fdde00e1aad0000c801fdda20f45a25/execute/async - {"script":"<script> [1562 bytes]","args":[{"selector":{"controlType":"sap.m.Input","viewName":"etm.portal.ui.manageyards.view.New","viewId":"application-manageyards-display-component---NewYard","bindingPath":{"path":"","propertyPath":"/AUART","modelName":"NewYardModel"},"interaction":{"idSuffix":"inner"}},"wdio_ui5_key":"etmportal.ui.manageyards.view.Newsap.m.Input{\"path\":\"\",\"propertyPath\":\"/AUART\",\"modelName\":\"NewYardModel\"}"}]}
RESULT: {"script":"<script> [1562 bytes]","args":[{"selector":{"controlType":"sap.m.Input","viewName":"etm.portal.ui.manageyards.view.New","viewId":"application-manageyards-display-component---NewYard","bindingPath":{"path":"","propertyPath":"/AUART","modelName":"NewYardModel"},"interaction":{"idSuffix":"inner"}},"wdio_ui5_key":"etmportal.ui.manageyards.view.Newsap.m.Input{\"path\":\"\",\"propertyPath\":\"/AUART\",\"modelName\":\"NewYardModel\"}"}]}
RESULT: undefined
COMMAND: POST /session/3fdde00e1aad0000c801fdda20f45a25/execute/async - {"script":"<script> [776 bytes]","args":[{"enterText":"TA","selector":{"controlType":"sap.m.Input","viewName":"etm.portal.ui.manageyards.view.New","viewId":"application-manageyards-display-component---NewYard","bindingPath":{"path":"","propertyPath":"/AUART","modelName":"NewYardModel"},"interaction":{"idSuffix":"inner"}},"clearTextFirst":true,"interactionType":"ENTER_TEXT"}]}
RESULT: {"script":"<script> [776 bytes]","args":[{"enterText":"TA","selector":{"controlType":"sap.m.Input","viewName":"etm.portal.ui.manageyards.view.New","viewId":"application-manageyards-display-component---NewYard","bindingPath":{"path":"","propertyPath":"/AUART","modelName":"NewYardModel"},"interaction":{"idSuffix":"inner"}},"clearTextFirst":true,"interactionType":"ENTER_TEXT"}]}
COMMAND: POST /session/3fdde00e1aad0000c801fdda20f45a25/element - {"using":"xpath","value":"//button[@data-kt=\"newYardSaveButton\"]"}
RESULT: {"using":"xpath","value":"//button[@data-kt=\"newYardSaveButton\"]"}
COMMAND: POST /session/3fdde00e1aad0000c801fdda20f45a25/element/f.AD023EB381BA77EAB040171FD40D96B9.d.21424020EF1A20644BB48319C63DD1C8.e.3870/click - {}
RESULT: {}
COMMAND: GET /session/3fdde00e1aad0000c801fdda20f45a25/screenshot - {}
RESULT: {}
COMMAND: POST /session/3fdde00e1aad0000c801fdda20f45a25/element - {"using":"xpath","value":"//header[contains(@id, 'ObjectPageLayout-headerTitle')]/div[1]/div[2]/div[1]/span[1]"}
RESULT: {"using":"xpath","value":"//header[contains(@id, 'ObjectPageLayout-headerTitle')]/div[1]/div[2]/div[1]/span[1]"}
COMMAND: POST /session/3fdde00e1aad0000c801fdda20f45a25/elements - {"using":"xpath","value":"//header[contains(@id, 'ObjectPageLayout-headerTitle')]/div[1]/div[2]/div[1]/span[1]"}
RESULT: {"using":"xpath","value":"//header[contains(@id, 'ObjectPageLayout-headerTitle')]/div[1]/div[2]/div[1]/span[1]"}
COMMAND: POST /session/3fdde00e1aad0000c801fdda20f45a25/execute/sync - {"script":"<script> [56 bytes]","args":[{"element-6066-11e4-a52e-4f735466cecf":"f.AD023EB381BA77EAB040171FD40D96B9.d.21424020EF1A20644BB48319C63DD1C8.e.4163","ELEMENT":"f.AD023EB381BA77EAB040171FD40D96B9.d.21424020EF1A20644BB48319C63DD1C8.e.4163"}]}
RESULT: {"script":"<script> [56 bytes]","args":[{"element-6066-11e4-a52e-4f735466cecf":"f.AD023EB381BA77EAB040171FD40D96B9.d.21424020EF1A20644BB48319C63DD1C8.e.4163","ELEMENT":"f.AD023EB381BA77EAB040171FD40D96B9.d.21424020EF1A20644BB48319C63DD1C8.e.4163"}]}
COMMAND: GET /session/3fdde00e1aad0000c801fdda20f45a25/screenshot - {}
RESULT: {}
COMMAND: POST /session/3fdde00e1aad0000c801fdda20f45a25/element - {"using":"css selector","value":"#shell-header-logo"}
RESULT: {"using":"css selector","value":"#shell-header-logo"}
COMMAND: POST /session/3fdde00e1aad0000c801fdda20f45a25/element/f.AD023EB381BA77EAB040171FD40D96B9.d.21424020EF1A20644BB48319C63DD1C8.e.3299/click - {}
RESULT: {}
COMMAND: GET /session/3fdde00e1aad0000c801fdda20f45a25/screenshot - {}
RESULT: {}
COMMAND: POST /session/3fdde00e1aad0000c801fdda20f45a25/execute/sync - {"script":"<script> [299 bytes]","args":[["getModel","getResource"]]}
RESULT: {"script":"<script> [299 bytes]","args":[["getModel","getResource"]]}
COMMAND: POST /session/3fdde00e1aad0000c801fdda20f45a25/window/fullscreen - {}
COMMAND: GET /session/3fdde00e1aad0000c801fdda20f45a25/screenshot - {}
RESULT: {}
COMMAND: POST /session/3fdde00e1aad0000c801fdda20f45a25/execute/async - {"script":"<script> [1562 bytes]","args":[{"selector":{"controlType":"sap.m.GenericTile","properties":{"header":"Manage Partners"}},"wdio_ui5_key":"sapm.GenericTile{\"header\":\"Manage Partners\"}"}]}
RESULT: {}
RESULT: {"script":"<script> [1562 bytes]","args":[{"selector":{"controlType":"sap.m.GenericTile","properties":{"header":"Manage Partners"}},"wdio_ui5_key":"sapm.GenericTile{\"header\":\"Manage Partners\"}"}]}
RESULT: undefined
COMMAND: POST /session/3fdde00e1aad0000c801fdda20f45a25/element - {"using":"xpath","value":"//*[@id=\"__tile30\"]"}
RESULT: {"using":"xpath","value":"//*[@id=\"__tile30\"]"}
COMMAND: POST /session/3fdde00e1aad0000c801fdda20f45a25/element/f.AD023EB381BA77EAB040171FD40D96B9.d.21424020EF1A20644BB48319C63DD1C8.e.3318/click - {}
RESULT: {}
COMMAND: GET /session/3fdde00e1aad0000c801fdda20f45a25/screenshot - {}
COMMAND: POST /session/3fdde00e1aad0000c801fdda20f45a25/elements - {"using":"xpath","value":"//span[text()='Error']"}
RESULT: {}
RESULT: {"using":"xpath","value":"//span[text()='Error']"}
COMMAND: POST /session/3fdde00e1aad0000c801fdda20f45a25/element - {"using":"xpath","value":"//button[@data-kt=\"addButton\"]"}
RESULT: {"using":"xpath","value":"//button[@data-kt=\"addButton\"]"}
COMMAND: POST /session/3fdde00e1aad0000c801fdda20f45a25/elements - {"using":"xpath","value":"//button[@data-kt=\"addButton\"]"}
RESULT: {"using":"xpath","value":"//button[@data-kt=\"addButton\"]"}
COMMAND: POST /session/3fdde00e1aad0000c801fdda20f45a25/elements - {"using":"xpath","value":"//button[@data-kt=\"addButton\"]"}
RESULT: {"using":"xpath","value":"//button[@data-kt=\"addButton\"]"}
COMMAND: POST /session/3fdde00e1aad0000c801fdda20f45a25/element - {"using":"xpath","value":"//button[@data-kt=\"addButton\"]"}
RESULT: {"using":"xpath","value":"//button[@data-kt=\"addButton\"]"}
COMMAND: POST /session/3fdde00e1aad0000c801fdda20f45a25/execute/sync - {"script":"<script> [8489 bytes]","args":[{"element-6066-11e4-a52e-4f735466cecf":"f.AD023EB381BA77EAB040171FD40D96B9.d.21424020EF1A20644BB48319C63DD1C8.e.4200","ELEMENT":"f.AD023EB381BA77EAB040171FD40D96B9.d.21424020EF1A20644BB48319C63DD1C8.e.4200"}]}
RESULT: {"script":"<script> [8489 bytes]","args":[{"element-6066-11e4-a52e-4f735466cecf":"f.AD023EB381BA77EAB040171FD40D96B9.d.21424020EF1A20644BB48319C63DD1C8.e.4200","ELEMENT":"f.AD023EB381BA77EAB040171FD40D96B9.d.21424020EF1A20644BB48319C63DD1C8.e.4200"}]}
COMMAND: GET /session/3fdde00e1aad0000c801fdda20f45a25/element/f.AD023EB381BA77EAB040171FD40D96B9.d.21424020EF1A20644BB48319C63DD1C8.e.4200/enabled - {}
COMMAND: GET /session/3fdde00e1aad0000c801fdda20f45a25/screenshot - {}
RESULT: {}
COMMAND: POST /session/3fdde00e1aad0000c801fdda20f45a25/execute/sync - {"script":"<script> [8489 bytes]","args":[{"element-6066-11e4-a52e-4f735466cecf":"f.AD023EB381BA77EAB040171FD40D96B9.d.21424020EF1A20644BB48319C63DD1C8.e.4200","ELEMENT":"f.AD023EB381BA77EAB040171FD40D96B9.d.21424020EF1A20644BB48319C63DD1C8.e.4200"}]}
COMMAND: GET /session/3fdde00e1aad0000c801fdda20f45a25/screenshot - {}
RESULT: {}
RESULT: {"script":"<script> [8489 bytes]","args":[{"element-6066-11e4-a52e-4f735466cecf":"f.AD023EB381BA77EAB040171FD40D96B9.d.21424020EF1A20644BB48319C63DD1C8.e.4200","ELEMENT":"f.AD023EB381BA77EAB040171FD40D96B9.d.21424020EF1A20644BB48319C63DD1C8.e.4200"}]}
COMMAND: POST /session/3fdde00e1aad0000c801fdda20f45a25/execute/sync - {"script":"<script> [5351 bytes]","args":[{"element-6066-11e4-a52e-4f735466cecf":"f.AD023EB381BA77EAB040171FD40D96B9.d.21424020EF1A20644BB48319C63DD1C8.e.4200","ELEMENT":"f.AD023EB381BA77EAB040171FD40D96B9.d.21424020EF1A20644BB48319C63DD1C8.e.4200"}]}
COMMAND: GET /session/3fdde00e1aad0000c801fdda20f45a25/screenshot - {}
RESULT: {}
RESULT: {"script":"<script> [5351 bytes]","args":[{"element-6066-11e4-a52e-4f735466cecf":"f.AD023EB381BA77EAB040171FD40D96B9.d.21424020EF1A20644BB48319C63DD1C8.e.4200","ELEMENT":"f.AD023EB381BA77EAB040171FD40D96B9.d.21424020EF1A20644BB48319C63DD1C8.e.4200"}]}
COMMAND: POST /session/3fdde00e1aad0000c801fdda20f45a25/element/f.AD023EB381BA77EAB040171FD40D96B9.d.21424020EF1A20644BB48319C63DD1C8.e.4200/click - {}
COMMAND: GET /session/3fdde00e1aad0000c801fdda20f45a25/screenshot - {}
RESULT: {}
RESULT: {}
COMMAND: GET /session/3fdde00e1aad0000c801fdda20f45a25/screenshot - {}
RESULT: {}
RESULT: {}
COMMAND: POST /session/3fdde00e1aad0000c801fdda20f45a25/execute/async - {"script":"<script> [1562 bytes]","args":[{"selector":{"id":"application-managepartners-display-component---NewPartner--addressDetailDetailsName1","interaction":{"idSuffix":"inner"}},"wdio_ui5_key":"applicationmanagepartners-display-component---NewPartner--addressDetailDetailsName1"}]}
RESULT: {"script":"<script> [1562 bytes]","args":[{"selector":{"id":"application-managepartners-display-component---NewPartner--addressDetailDetailsName1","interaction":{"idSuffix":"inner"}},"wdio_ui5_key":"applicationmanagepartners-display-component---NewPartner--addressDetailDetailsName1"}]}
RESULT: undefined
COMMAND: POST /session/3fdde00e1aad0000c801fdda20f45a25/execute/async - {"script":"<script> [776 bytes]","args":[{"enterText":"Intercompany Partner WDIO","selector":{"id":"application-managepartners-display-component---NewPartner--addressDetailDetailsName1","interaction":{"idSuffix":"inner"}},"clearTextFirst":true,"interactionType":"ENTER_TEXT"}]}
RESULT: {"script":"<script> [776 bytes]","args":[{"enterText":"Intercompany Partner WDIO","selector":{"id":"application-managepartners-display-component---NewPartner--addressDetailDetailsName1","interaction":{"idSuffix":"inner"}},"clearTextFirst":true,"interactionType":"ENTER_TEXT"}]}
COMMAND: POST /session/3fdde00e1aad0000c801fdda20f45a25/execute/async - {"script":"<script> [1562 bytes]","args":[{"selector":{"id":"application-managepartners-display-component---NewPartner--addressDetailDetailsLanguage-arrow"},"wdio_ui5_key":"applicationmanagepartners-display-component---NewPartner--addressDetailDetailsLanguage-arrow"}]}
RESULT: {"script":"<script> [1562 bytes]","args":[{"selector":{"id":"application-managepartners-display-component---NewPartner--addressDetailDetailsLanguage-arrow"},"wdio_ui5_key":"applicationmanagepartners-display-component---NewPartner--addressDetailDetailsLanguage-arrow"}]}
RESULT: undefined
COMMAND: POST /session/3fdde00e1aad0000c801fdda20f45a25/element - {"using":"xpath","value":"//*[@id=\"application-managepartners-display-component---NewPartner--addressDetailDetailsLanguage-arrow\"]"}
RESULT: {"using":"xpath","value":"//*[@id=\"application-managepartners-display-component---NewPartner--addressDetailDetailsLanguage-arrow\"]"}
COMMAND: POST /session/3fdde00e1aad0000c801fdda20f45a25/element/f.AD023EB381BA77EAB040171FD40D96B9.d.21424020EF1A20644BB48319C63DD1C8.e.4652/click - {}
RESULT: {}
COMMAND: POST /session/3fdde00e1aad0000c801fdda20f45a25/element - {"using":"xpath","value":"//span[contains(text(), \"English\")]"}
COMMAND: GET /session/3fdde00e1aad0000c801fdda20f45a25/screenshot - {}
RESULT: {"using":"xpath","value":"//span[contains(text(), \"English\")]"}
COMMAND: POST /session/3fdde00e1aad0000c801fdda20f45a25/element/f.AD023EB381BA77EAB040171FD40D96B9.d.21424020EF1A20644BB48319C63DD1C8.e.4653/click - {}
RESULT: {}
RESULT: {}
COMMAND: GET /session/3fdde00e1aad0000c801fdda20f45a25/screenshot - {}
RESULT: {}
COMMAND: POST /session/3fdde00e1aad0000c801fdda20f45a25/execute/async - {"script":"<script> [1562 bytes]","args":[{"selector":{"id":"application-managepartners-display-component---NewPartner--addressDetailDetailsCity1","interaction":{"idSuffix":"inner"}},"wdio_ui5_key":"applicationmanagepartners-display-component---NewPartner--addressDetailDetailsCity1"}]}
RESULT: {"script":"<script> [1562 bytes]","args":[{"selector":{"id":"application-managepartners-display-component---NewPartner--addressDetailDetailsCity1","interaction":{"idSuffix":"inner"}},"wdio_ui5_key":"applicationmanagepartners-display-component---NewPartner--addressDetailDetailsCity1"}]}
RESULT: undefined
COMMAND: POST /session/3fdde00e1aad0000c801fdda20f45a25/execute/async - {"script":"<script> [776 bytes]","args":[{"enterText":"Rosario","selector":{"id":"application-managepartners-display-component---NewPartner--addressDetailDetailsCity1","interaction":{"idSuffix":"inner"}},"clearTextFirst":true,"interactionType":"ENTER_TEXT"}]}
RESULT: {"script":"<script> [776 bytes]","args":[{"enterText":"Rosario","selector":{"id":"application-managepartners-display-component---NewPartner--addressDetailDetailsCity1","interaction":{"idSuffix":"inner"}},"clearTextFirst":true,"interactionType":"ENTER_TEXT"}]}
COMMAND: POST /session/3fdde00e1aad0000c801fdda20f45a25/execute/async - {"script":"<script> [1562 bytes]","args":[{"selector":{"id":"application-managepartners-display-component---NewPartner--addressDetailDetailsCountry-arrow"},"wdio_ui5_key":"applicationmanagepartners-display-component---NewPartner--addressDetailDetailsCountry-arrow"}]}
RESULT: {"script":"<script> [1562 bytes]","args":[{"selector":{"id":"application-managepartners-display-component---NewPartner--addressDetailDetailsCountry-arrow"},"wdio_ui5_key":"applicationmanagepartners-display-component---NewPartner--addressDetailDetailsCountry-arrow"}]}
RESULT: undefined
COMMAND: POST /session/3fdde00e1aad0000c801fdda20f45a25/element - {"using":"xpath","value":"//*[@id=\"application-managepartners-display-component---NewPartner--addressDetailDetailsCountry-arrow\"]"}
RESULT: {"using":"xpath","value":"//*[@id=\"application-managepartners-display-component---NewPartner--addressDetailDetailsCountry-arrow\"]"}
COMMAND: POST /session/3fdde00e1aad0000c801fdda20f45a25/element/f.AD023EB381BA77EAB040171FD40D96B9.d.21424020EF1A20644BB48319C63DD1C8.e.4620/click - {}
RESULT: {}
COMMAND: POST /session/3fdde00e1aad0000c801fdda20f45a25/element - {"using":"xpath","value":"//span[contains(text(), \"Argentina\")]"}
COMMAND: GET /session/3fdde00e1aad0000c801fdda20f45a25/screenshot - {}
RESULT: {"using":"xpath","value":"//span[contains(text(), \"Argentina\")]"}
COMMAND: POST /session/3fdde00e1aad0000c801fdda20f45a25/element/f.AD023EB381BA77EAB040171FD40D96B9.d.21424020EF1A20644BB48319C63DD1C8.e.4655/click - {}
RESULT: {}
RESULT: {}
COMMAND: GET /session/3fdde00e1aad0000c801fdda20f45a25/screenshot - {}
RESULT: {}
COMMAND: POST /session/3fdde00e1aad0000c801fdda20f45a25/element - {"using":"xpath","value":"//bdi[contains(text(), \"Commercial\")]"}
RESULT: {"using":"xpath","value":"//bdi[contains(text(), \"Commercial\")]"}
COMMAND: POST /session/3fdde00e1aad0000c801fdda20f45a25/element/f.AD023EB381BA77EAB040171FD40D96B9.d.21424020EF1A20644BB48319C63DD1C8.e.4656/click - {}
RESULT: {}
COMMAND: GET /session/3fdde00e1aad0000c801fdda20f45a25/screenshot - {}
RESULT: {}
COMMAND: POST /session/3fdde00e1aad0000c801fdda20f45a25/execute/async - {"script":"<script> [1562 bytes]","args":[{"selector":{"id":"application-managepartners-display-component---NewPartner--partnerDetailInternal-arrow"},"wdio_ui5_key":"applicationmanagepartners-display-component---NewPartner--partnerDetailInternal-arrow"}]}
RESULT: {"script":"<script> [1562 bytes]","args":[{"selector":{"id":"application-managepartners-display-component---NewPartner--partnerDetailInternal-arrow"},"wdio_ui5_key":"applicationmanagepartners-display-component---NewPartner--partnerDetailInternal-arrow"}]}
RESULT: undefined
COMMAND: POST /session/3fdde00e1aad0000c801fdda20f45a25/element - {"using":"xpath","value":"//*[@id=\"application-managepartners-display-component---NewPartner--partnerDetailInternal-arrow\"]"}
RESULT: {"using":"xpath","value":"//*[@id=\"application-managepartners-display-component---NewPartner--partnerDetailInternal-arrow\"]"}
COMMAND: POST /session/3fdde00e1aad0000c801fdda20f45a25/element/f.AD023EB381BA77EAB040171FD40D96B9.d.21424020EF1A20644BB48319C63DD1C8.e.4662/click - {}
RESULT: {}
COMMAND: POST /session/3fdde00e1aad0000c801fdda20f45a25/element - {"using":"xpath","value":"//span[contains(text(), \"Affiliated company\")]"}
COMMAND: GET /session/3fdde00e1aad0000c801fdda20f45a25/screenshot - {}
RESULT: {"using":"xpath","value":"//span[contains(text(), \"Affiliated company\")]"}
COMMAND: POST /session/3fdde00e1aad0000c801fdda20f45a25/element/f.AD023EB381BA77EAB040171FD40D96B9.d.21424020EF1A20644BB48319C63DD1C8.e.4663/click - {}
RESULT: {}
RESULT: {}
COMMAND: POST /session/3fdde00e1aad0000c801fdda20f45a25/execute/async - {"script":"<script> [1562 bytes]","args":[{"selector":{"id":"application-managepartners-display-component---NewPartner--partnerDetailsCurrency-arrow"},"wdio_ui5_key":"applicationmanagepartners-display-component---NewPartner--partnerDetailsCurrency-arrow"}]}
COMMAND: GET /session/3fdde00e1aad0000c801fdda20f45a25/screenshot - {}
RESULT: {"script":"<script> [1562 bytes]","args":[{"selector":{"id":"application-managepartners-display-component---NewPartner--partnerDetailsCurrency-arrow"},"wdio_ui5_key":"applicationmanagepartners-display-component---NewPartner--partnerDetailsCurrency-arrow"}]}
RESULT: undefined
COMMAND: POST /session/3fdde00e1aad0000c801fdda20f45a25/element - {"using":"xpath","value":"//*[@id=\"application-managepartners-display-component---NewPartner--partnerDetailsCurrency-arrow\"]"}
RESULT: {}
RESULT: {"using":"xpath","value":"//*[@id=\"application-managepartners-display-component---NewPartner--partnerDetailsCurrency-arrow\"]"}
COMMAND: POST /session/3fdde00e1aad0000c801fdda20f45a25/element/f.AD023EB381BA77EAB040171FD40D96B9.d.21424020EF1A20644BB48319C63DD1C8.e.4670/click - {}
RESULT: {}
COMMAND: POST /session/3fdde00e1aad0000c801fdda20f45a25/element - {"using":"xpath","value":"//span[contains(text(), \"Euro\")]"}
COMMAND: GET /session/3fdde00e1aad0000c801fdda20f45a25/screenshot - {}
RESULT: {"using":"xpath","value":"//span[contains(text(), \"Euro\")]"}
COMMAND: POST /session/3fdde00e1aad0000c801fdda20f45a25/element/f.AD023EB381BA77EAB040171FD40D96B9.d.21424020EF1A20644BB48319C63DD1C8.e.4671/click - {}
RESULT: {}
RESULT: {}
COMMAND: POST /session/3fdde00e1aad0000c801fdda20f45a25/execute/async - {"script":"<script> [1562 bytes]","args":[{"selector":{"id":"application-managepartners-display-component---NewPartner--addressEditDetailsCostObjectCstType-arrow"},"wdio_ui5_key":"applicationmanagepartners-display-component---NewPartner--addressEditDetailsCostObjectCstType-arrow"}]}
COMMAND: GET /session/3fdde00e1aad0000c801fdda20f45a25/screenshot - {}
RESULT: {"script":"<script> [1562 bytes]","args":[{"selector":{"id":"application-managepartners-display-component---NewPartner--addressEditDetailsCostObjectCstType-arrow"},"wdio_ui5_key":"applicationmanagepartners-display-component---NewPartner--addressEditDetailsCostObjectCstType-arrow"}]}
RESULT: undefined
COMMAND: POST /session/3fdde00e1aad0000c801fdda20f45a25/element - {"using":"xpath","value":"//*[@id=\"application-managepartners-display-component---NewPartner--addressEditDetailsCostObjectCstType-arrow\"]"}
RESULT: {}
RESULT: {"using":"xpath","value":"//*[@id=\"application-managepartners-display-component---NewPartner--addressEditDetailsCostObjectCstType-arrow\"]"}
COMMAND: POST /session/3fdde00e1aad0000c801fdda20f45a25/element/f.AD023EB381BA77EAB040171FD40D96B9.d.21424020EF1A20644BB48319C63DD1C8.e.4672/click - {}
RESULT: {}
COMMAND: POST /session/3fdde00e1aad0000c801fdda20f45a25/element - {"using":"xpath","value":"//span[contains(text(), \"Cost Center\")]"}
COMMAND: GET /session/3fdde00e1aad0000c801fdda20f45a25/screenshot - {}
RESULT: {"using":"xpath","value":"//span[contains(text(), \"Cost Center\")]"}
COMMAND: POST /session/3fdde00e1aad0000c801fdda20f45a25/element/f.AD023EB381BA77EAB040171FD40D96B9.d.21424020EF1A20644BB48319C63DD1C8.e.4673/click - {}
RESULT: {}
RESULT: {}
COMMAND: GET /session/3fdde00e1aad0000c801fdda20f45a25/screenshot - {}
RESULT: {}
COMMAND: POST /session/3fdde00e1aad0000c801fdda20f45a25/element - {"using":"xpath","value":"//span[@id=\"application-managepartners-display-component---NewPartner--addressNewCostObjectCstID-vhi\"]"}
RESULT: {"using":"xpath","value":"//span[@id=\"application-managepartners-display-component---NewPartner--addressNewCostObjectCstID-vhi\"]"}
COMMAND: POST /session/3fdde00e1aad0000c801fdda20f45a25/execute/sync - {"script":"<script> [8489 bytes]","args":[{"element-6066-11e4-a52e-4f735466cecf":"f.AD023EB381BA77EAB040171FD40D96B9.d.21424020EF1A20644BB48319C63DD1C8.e.4677","ELEMENT":"f.AD023EB381BA77EAB040171FD40D96B9.d.21424020EF1A20644BB48319C63DD1C8.e.4677"}]}
RESULT: {"script":"<script> [8489 bytes]","args":[{"element-6066-11e4-a52e-4f735466cecf":"f.AD023EB381BA77EAB040171FD40D96B9.d.21424020EF1A20644BB48319C63DD1C8.e.4677","ELEMENT":"f.AD023EB381BA77EAB040171FD40D96B9.d.21424020EF1A20644BB48319C63DD1C8.e.4677"}]}
COMMAND: POST /session/3fdde00e1aad0000c801fdda20f45a25/execute/async - {"script":"<script> [1562 bytes]","args":[{"selector":{"id":"application-managepartners-display-component---NewPartner--addressNewCostObjectCstID-vhi"},"wdio_ui5_key":"applicationmanagepartners-display-component---NewPartner--addressNewCostObjectCstID-vhi"}]}
COMMAND: GET /session/3fdde00e1aad0000c801fdda20f45a25/screenshot - {}
RESULT: {"script":"<script> [1562 bytes]","args":[{"selector":{"id":"application-managepartners-display-component---NewPartner--addressNewCostObjectCstID-vhi"},"wdio_ui5_key":"applicationmanagepartners-display-component---NewPartner--addressNewCostObjectCstID-vhi"}]}
RESULT: undefined
COMMAND: POST /session/3fdde00e1aad0000c801fdda20f45a25/element - {"using":"xpath","value":"//*[@id=\"application-managepartners-display-component---NewPartner--addressNewCostObjectCstID-vhi\"]"}
RESULT: {}
RESULT: {"using":"xpath","value":"//*[@id=\"application-managepartners-display-component---NewPartner--addressNewCostObjectCstID-vhi\"]"}
COMMAND: POST /session/3fdde00e1aad0000c801fdda20f45a25/element/f.AD023EB381BA77EAB040171FD40D96B9.d.21424020EF1A20644BB48319C63DD1C8.e.4677/click - {}
RESULT: {}
COMMAND: GET /session/3fdde00e1aad0000c801fdda20f45a25/screenshot - {}
RESULT: {}
RESULT: undefined
COMMAND: POST /session/3fdde00e1aad0000c801fdda20f45a25/execute/async - {"script":"<script> [776 bytes]","args":[{"enterText":"10001013","selector":{"controlType":"sap.m.SearchField","properties":{"placeholder":"Search"},"searchOpenDialogs":true,"interaction":{"idSuffix":"I"}},"clearTextFirst":true,"interactionType":"ENTER_TEXT"}]}
RESULT: {"script":"<script> [776 bytes]","args":[{"enterText":"10001013","selector":{"controlType":"sap.m.SearchField","properties":{"placeholder":"Search"},"searchOpenDialogs":true,"interaction":{"idSuffix":"I"}},"clearTextFirst":true,"interactionType":"ENTER_TEXT"}]}
COMMAND: POST /session/3fdde00e1aad0000c801fdda20f45a25/actions - {"actions":[{"id":"action12","type":"key","parameters":{},"actions":[{"type":"keyDown","value":""},{"type":"pause","duration":10},{"type":"keyUp","value":""}]}]}
RESULT: {"actions":[{"id":"action12","type":"key","parameters":{},"actions":[{"type":"keyDown","value":""},{"type":"pause","duration":10},{"type":"keyUp","value":""}]}]}
COMMAND: GET /session/3fdde00e1aad0000c801fdda20f45a25/screenshot - {}
RESULT: {}
COMMAND: POST /session/3fdde00e1aad0000c801fdda20f45a25/element - {"using":"xpath","value":"//span[contains(text(), \"General Management\")]"}
RESULT: {"using":"xpath","value":"//span[contains(text(), \"General Management\")]"}
COMMAND: POST /session/3fdde00e1aad0000c801fdda20f45a25/element/f.AD023EB381BA77EAB040171FD40D96B9.d.21424020EF1A20644BB48319C63DD1C8.e.4715/click - {}
RESULT: {}
COMMAND: GET /session/3fdde00e1aad0000c801fdda20f45a25/screenshot - {}
RESULT: {}
COMMAND: POST /session/3fdde00e1aad0000c801fdda20f45a25/element - {"using":"xpath","value":"//bdi[contains(text(), \"OK\")]"}
RESULT: {"using":"xpath","value":"//bdi[contains(text(), \"OK\")]"}
COMMAND: POST /session/3fdde00e1aad0000c801fdda20f45a25/element/f.AD023EB381BA77EAB040171FD40D96B9.d.21424020EF1A20644BB48319C63DD1C8.e.4716/click - {}
RESULT: {}
COMMAND: GET /session/3fdde00e1aad0000c801fdda20f45a25/screenshot - {}
RESULT: {}
COMMAND: POST /session/3fdde00e1aad0000c801fdda20f45a25/element - {"using":"xpath","value":"//input[@id=\"application-managepartners-display-component---NewPartner--companyCodeComboBox-inner\"]"}
RESULT: {"using":"xpath","value":"//input[@id=\"application-managepartners-display-component---NewPartner--companyCodeComboBox-inner\"]"}
COMMAND: POST /session/3fdde00e1aad0000c801fdda20f45a25/element/f.AD023EB381BA77EAB040171FD40D96B9.d.21424020EF1A20644BB48319C63DD1C8.e.4511/clear - {}
RESULT: {}
COMMAND: POST /session/3fdde00e1aad0000c801fdda20f45a25/element/f.AD023EB381BA77EAB040171FD40D96B9.d.21424020EF1A20644BB48319C63DD1C8.e.4511/value - {"text":"C002"}
COMMAND: GET /session/3fdde00e1aad0000c801fdda20f45a25/screenshot - {}
RESULT: {"text":"C002"}
COMMAND: GET /session/3fdde00e1aad0000c801fdda20f45a25/screenshot - {}
RESULT: {}
RESULT: {}
COMMAND: POST /session/3fdde00e1aad0000c801fdda20f45a25/element - {"using":"xpath","value":"//li[.//span[text()= \"C002\"]]"}
RESULT: {"using":"xpath","value":"//li[.//span[text()= \"C002\"]]"}
COMMAND: POST /session/3fdde00e1aad0000c801fdda20f45a25/element/f.AD023EB381BA77EAB040171FD40D96B9.d.21424020EF1A20644BB48319C63DD1C8.e.4722/click - {}
RESULT: {}
COMMAND: GET /session/3fdde00e1aad0000c801fdda20f45a25/screenshot - {}
RESULT: {}
COMMAND: POST /session/3fdde00e1aad0000c801fdda20f45a25/execute/async - {"script":"<script> [1562 bytes]","args":[{"selector":{"id":"application-managepartners-display-component---NewPartner--btnAddTableRow-img"},"wdio_ui5_key":"applicationmanagepartners-display-component---NewPartner--btnAddTableRow-img"}]}
RESULT: {"script":"<script> [1562 bytes]","args":[{"selector":{"id":"application-managepartners-display-component---NewPartner--btnAddTableRow-img"},"wdio_ui5_key":"applicationmanagepartners-display-component---NewPartner--btnAddTableRow-img"}]}
RESULT: undefined
COMMAND: POST /session/3fdde00e1aad0000c801fdda20f45a25/element - {"using":"xpath","value":"//*[@id=\"application-managepartners-display-component---NewPartner--btnAddTableRow-img\"]"}
RESULT: {"using":"xpath","value":"//*[@id=\"application-managepartners-display-component---NewPartner--btnAddTableRow-img\"]"}
COMMAND: POST /session/3fdde00e1aad0000c801fdda20f45a25/element/f.AD023EB381BA77EAB040171FD40D96B9.d.21424020EF1A20644BB48319C63DD1C8.e.4723/click - {}
RESULT: {}
COMMAND: GET /session/3fdde00e1aad0000c801fdda20f45a25/screenshot - {}
RESULT: {}
COMMAND: POST /session/3fdde00e1aad0000c801fdda20f45a25/element - {"using":"xpath","value":"//input[@id=\"application-managepartners-display-component---NewPartner--assignmentYard-application-managepartners-display-component---NewPartner--assignmentsTable-0-inner\"]"}
RESULT: {"using":"xpath","value":"//input[@id=\"application-managepartners-display-component---NewPartner--assignmentYard-application-managepartners-display-component---NewPartner--assignmentsTable-0-inner\"]"}
COMMAND: POST /session/3fdde00e1aad0000c801fdda20f45a25/element/f.AD023EB381BA77EAB040171FD40D96B9.d.21424020EF1A20644BB48319C63DD1C8.e.4726/clear - {}
RESULT: {}
COMMAND: POST /session/3fdde00e1aad0000c801fdda20f45a25/element/f.AD023EB381BA77EAB040171FD40D96B9.d.21424020EF1A20644BB48319C63DD1C8.e.4726/value - {"text":"566"}
COMMAND: GET /session/3fdde00e1aad0000c801fdda20f45a25/screenshot - {}
RESULT: {"text":"566"}
COMMAND: GET /session/3fdde00e1aad0000c801fdda20f45a25/screenshot - {}
RESULT: {}
RESULT: {}
COMMAND: POST /session/3fdde00e1aad0000c801fdda20f45a25/element - {"using":"xpath","value":"//li[.//span[text()='566']]"}
RESULT: {"using":"xpath","value":"//li[.//span[text()='566']]"}
COMMAND: POST /session/3fdde00e1aad0000c801fdda20f45a25/element/f.AD023EB381BA77EAB040171FD40D96B9.d.21424020EF1A20644BB48319C63DD1C8.e.4735/click - {}
RESULT: {}
COMMAND: GET /session/3fdde00e1aad0000c801fdda20f45a25/screenshot - {}
RESULT: {}
COMMAND: POST /session/3fdde00e1aad0000c801fdda20f45a25/actions - {"actions":[{"id":"action13","type":"key","parameters":{},"actions":[{"type":"keyDown","value":""},{"type":"pause","duration":10},{"type":"keyUp","value":""}]}]}
RESULT: {"actions":[{"id":"action13","type":"key","parameters":{},"actions":[{"type":"keyDown","value":""},{"type":"pause","duration":10},{"type":"keyUp","value":""}]}]}
COMMAND: POST /session/3fdde00e1aad0000c801fdda20f45a25/execute/async - {"script":"<script> [1562 bytes]","args":[{"selector":{"id":"application-managepartners-display-component---NewPartner--externalCustomerComboBox-application-managepartners-display-component---NewPartner--assignmentsTable-0-vhi"},"wdio_ui5_key":"applicationmanagepartners-display-component---NewPartner--externalCustomerComboBox-application-managepartners-display-component---NewPartner--assignmentsTable-0-vhi"}]}
COMMAND: GET /session/3fdde00e1aad0000c801fdda20f45a25/screenshot - {}
RESULT: {"script":"<script> [1562 bytes]","args":[{"selector":{"id":"application-managepartners-display-component---NewPartner--externalCustomerComboBox-application-managepartners-display-component---NewPartner--assignmentsTable-0-vhi"},"wdio_ui5_key":"applicationmanagepartners-display-component---NewPartner--externalCustomerComboBox-application-managepartners-display-component---NewPartner--assignmentsTable-0-vhi"}]}
RESULT: undefined
COMMAND: POST /session/3fdde00e1aad0000c801fdda20f45a25/element - {"using":"xpath","value":"//*[@id=\"application-managepartners-display-component---NewPartner--externalCustomerComboBox-application-managepartners-display-component---NewPartner--assignmentsTable-0-vhi\"]"}
RESULT: {}
RESULT: {"using":"xpath","value":"//*[@id=\"application-managepartners-display-component---NewPartner--externalCustomerComboBox-application-managepartners-display-component---NewPartner--assignmentsTable-0-vhi\"]"}
COMMAND: POST /session/3fdde00e1aad0000c801fdda20f45a25/element/f.AD023EB381BA77EAB040171FD40D96B9.d.21424020EF1A20644BB48319C63DD1C8.e.4739/click - {}
RESULT: {}
RESULT: undefined
COMMAND: POST /session/3fdde00e1aad0000c801fdda20f45a25/execute/async - {"script":"<script> [776 bytes]","args":[{"enterText":"300003","selector":{"controlType":"sap.m.SearchField","properties":{"placeholder":"Search"},"searchOpenDialogs":true,"interaction":{"idSuffix":"I"}},"clearTextFirst":true,"interactionType":"ENTER_TEXT"}]}
COMMAND: GET /session/3fdde00e1aad0000c801fdda20f45a25/screenshot - {}
RESULT: {"script":"<script> [776 bytes]","args":[{"enterText":"300003","selector":{"controlType":"sap.m.SearchField","properties":{"placeholder":"Search"},"searchOpenDialogs":true,"interaction":{"idSuffix":"I"}},"clearTextFirst":true,"interactionType":"ENTER_TEXT"}]}
COMMAND: POST /session/3fdde00e1aad0000c801fdda20f45a25/actions - {"actions":[{"id":"action14","type":"key","parameters":{},"actions":[{"type":"keyDown","value":""},{"type":"pause","duration":10},{"type":"keyUp","value":""}]}]}
RESULT: {}
RESULT: {"actions":[{"id":"action14","type":"key","parameters":{},"actions":[{"type":"keyDown","value":""},{"type":"pause","duration":10},{"type":"keyUp","value":""}]}]}
COMMAND: GET /session/3fdde00e1aad0000c801fdda20f45a25/screenshot - {}
RESULT: {}
COMMAND: POST /session/3fdde00e1aad0000c801fdda20f45a25/element - {"using":"xpath","value":"//span[contains(text(), \"300003\")]"}
RESULT: {"using":"xpath","value":"//span[contains(text(), \"300003\")]"}
COMMAND: POST /session/3fdde00e1aad0000c801fdda20f45a25/element/f.AD023EB381BA77EAB040171FD40D96B9.d.21424020EF1A20644BB48319C63DD1C8.e.4758/click - {}
RESULT: {}
COMMAND: GET /session/3fdde00e1aad0000c801fdda20f45a25/screenshot - {}
RESULT: {}
COMMAND: POST /session/3fdde00e1aad0000c801fdda20f45a25/element - {"using":"xpath","value":"//bdi[contains(text(), \"OK\")]"}
RESULT: {"using":"xpath","value":"//bdi[contains(text(), \"OK\")]"}
COMMAND: POST /session/3fdde00e1aad0000c801fdda20f45a25/element/f.AD023EB381BA77EAB040171FD40D96B9.d.21424020EF1A20644BB48319C63DD1C8.e.4760/click - {}
RESULT: {}
COMMAND: GET /session/3fdde00e1aad0000c801fdda20f45a25/screenshot - {}
RESULT: {}
COMMAND: POST /session/3fdde00e1aad0000c801fdda20f45a25/execute/async - {"script":"<script> [1562 bytes]","args":[{"selector":{"id":"application-managepartners-display-component---NewPartner--intercompVendorComboBox-application-managepartners-display-component---NewPartner--assignmentsTable-0-vhi"},"wdio_ui5_key":"applicationmanagepartners-display-component---NewPartner--intercompVendorComboBox-application-managepartners-display-component---NewPartner--assignmentsTable-0-vhi"}]}
RESULT: {"script":"<script> [1562 bytes]","args":[{"selector":{"id":"application-managepartners-display-component---NewPartner--intercompVendorComboBox-application-managepartners-display-component---NewPartner--assignmentsTable-0-vhi"},"wdio_ui5_key":"applicationmanagepartners-display-component---NewPartner--intercompVendorComboBox-application-managepartners-display-component---NewPartner--assignmentsTable-0-vhi"}]}
RESULT: undefined
COMMAND: POST /session/3fdde00e1aad0000c801fdda20f45a25/element - {"using":"xpath","value":"//*[@id=\"application-managepartners-display-component---NewPartner--intercompVendorComboBox-application-managepartners-display-component---NewPartner--assignmentsTable-0-vhi\"]"}
RESULT: {"using":"xpath","value":"//*[@id=\"application-managepartners-display-component---NewPartner--intercompVendorComboBox-application-managepartners-display-component---NewPartner--assignmentsTable-0-vhi\"]"}
COMMAND: POST /session/3fdde00e1aad0000c801fdda20f45a25/element/f.AD023EB381BA77EAB040171FD40D96B9.d.21424020EF1A20644BB48319C63DD1C8.e.4764/click - {}
RESULT: {}
RESULT: undefined
COMMAND: POST /session/3fdde00e1aad0000c801fdda20f45a25/execute/async - {"script":"<script> [776 bytes]","args":[{"enterText":"100005","selector":{"controlType":"sap.m.SearchField","properties":{"placeholder":"Search"},"searchOpenDialogs":true,"interaction":{"idSuffix":"I"}},"clearTextFirst":true,"interactionType":"ENTER_TEXT"}]}
COMMAND: GET /session/3fdde00e1aad0000c801fdda20f45a25/screenshot - {}
RESULT: {"script":"<script> [776 bytes]","args":[{"enterText":"100005","selector":{"controlType":"sap.m.SearchField","properties":{"placeholder":"Search"},"searchOpenDialogs":true,"interaction":{"idSuffix":"I"}},"clearTextFirst":true,"interactionType":"ENTER_TEXT"}]}
COMMAND: POST /session/3fdde00e1aad0000c801fdda20f45a25/actions - {"actions":[{"id":"action15","type":"key","parameters":{},"actions":[{"type":"keyDown","value":""},{"type":"pause","duration":10},{"type":"keyUp","value":""}]}]}
RESULT: {}
RESULT: {"actions":[{"id":"action15","type":"key","parameters":{},"actions":[{"type":"keyDown","value":""},{"type":"pause","duration":10},{"type":"keyUp","value":""}]}]}
COMMAND: GET /session/3fdde00e1aad0000c801fdda20f45a25/screenshot - {}
RESULT: {}
COMMAND: POST /session/3fdde00e1aad0000c801fdda20f45a25/element - {"using":"xpath","value":"//span[contains(text(), \"Penguins - Field/12345 Berlin\")]"}
RESULT: {"using":"xpath","value":"//span[contains(text(), \"Penguins - Field/12345 Berlin\")]"}
COMMAND: POST /session/3fdde00e1aad0000c801fdda20f45a25/element/f.AD023EB381BA77EAB040171FD40D96B9.d.21424020EF1A20644BB48319C63DD1C8.e.4782/click - {}
RESULT: {}
COMMAND: GET /session/3fdde00e1aad0000c801fdda20f45a25/screenshot - {}
RESULT: {}
COMMAND: POST /session/3fdde00e1aad0000c801fdda20f45a25/element - {"using":"xpath","value":"//bdi[contains(text(), \"OK\")]"}
RESULT: {"using":"xpath","value":"//bdi[contains(text(), \"OK\")]"}
COMMAND: POST /session/3fdde00e1aad0000c801fdda20f45a25/element/f.AD023EB381BA77EAB040171FD40D96B9.d.21424020EF1A20644BB48319C63DD1C8.e.4783/click - {}
RESULT: {}
COMMAND: GET /session/3fdde00e1aad0000c801fdda20f45a25/screenshot - {}
RESULT: {}
COMMAND: POST /session/3fdde00e1aad0000c801fdda20f45a25/element - {"using":"xpath","value":"//button[@data-kt=\"saveButton\"]"}
RESULT: {"using":"xpath","value":"//button[@data-kt=\"saveButton\"]"}
COMMAND: POST /session/3fdde00e1aad0000c801fdda20f45a25/element/f.AD023EB381BA77EAB040171FD40D96B9.d.21424020EF1A20644BB48319C63DD1C8.e.4578/click - {}
RESULT: {}
COMMAND: GET /session/3fdde00e1aad0000c801fdda20f45a25/screenshot - {}
RESULT: {}
COMMAND: POST /session/3fdde00e1aad0000c801fdda20f45a25/element - {"using":"xpath","value":"//header[contains(@id, 'ObjectPageLayout-headerTitle')]/div[1]/div[2]/div[2]/span[1]"}
RESULT: {"using":"xpath","value":"//header[contains(@id, 'ObjectPageLayout-headerTitle')]/div[1]/div[2]/div[2]/span[1]"}
COMMAND: POST /session/3fdde00e1aad0000c801fdda20f45a25/elements - {"using":"xpath","value":"//header[contains(@id, 'ObjectPageLayout-headerTitle')]/div[1]/div[2]/div[2]/span[1]"}
RESULT: {"using":"xpath","value":"//header[contains(@id, 'ObjectPageLayout-headerTitle')]/div[1]/div[2]/div[2]/span[1]"}
COMMAND: POST /session/3fdde00e1aad0000c801fdda20f45a25/execute/sync - {"script":"<script> [56 bytes]","args":[{"element-6066-11e4-a52e-4f735466cecf":"f.AD023EB381BA77EAB040171FD40D96B9.d.21424020EF1A20644BB48319C63DD1C8.e.4948","ELEMENT":"f.AD023EB381BA77EAB040171FD40D96B9.d.21424020EF1A20644BB48319C63DD1C8.e.4948"}]}
RESULT: {"script":"<script> [56 bytes]","args":[{"element-6066-11e4-a52e-4f735466cecf":"f.AD023EB381BA77EAB040171FD40D96B9.d.21424020EF1A20644BB48319C63DD1C8.e.4948","ELEMENT":"f.AD023EB381BA77EAB040171FD40D96B9.d.21424020EF1A20644BB48319C63DD1C8.e.4948"}]}
COMMAND: POST /session/3fdde00e1aad0000c801fdda20f45a25/element - {"using":"css selector","value":"#shell-header-logo"}
COMMAND: GET /session/3fdde00e1aad0000c801fdda20f45a25/screenshot - {}
RESULT: {"using":"css selector","value":"#shell-header-logo"}
COMMAND: POST /session/3fdde00e1aad0000c801fdda20f45a25/element/f.AD023EB381BA77EAB040171FD40D96B9.d.21424020EF1A20644BB48319C63DD1C8.e.4167/click - {}
RESULT: {}
RESULT: {}
COMMAND: GET /session/3fdde00e1aad0000c801fdda20f45a25/screenshot - {}
RESULT: {}
COMMAND: POST /session/3fdde00e1aad0000c801fdda20f45a25/execute/sync - {"script":"<script> [299 bytes]","args":[["getModel","getResource"]]}
RESULT: {"script":"<script> [299 bytes]","args":[["getModel","getResource"]]}
COMMAND: POST /session/3fdde00e1aad0000c801fdda20f45a25/execute/async - {"script":"<script> [1562 bytes]","args":[{"selector":{"controlType":"sap.m.GenericTile","properties":{"header":"Manage Sites"}},"wdio_ui5_key":"sapm.GenericTile{\"header\":\"Manage Sites\"}"}]}
COMMAND: GET /session/3fdde00e1aad0000c801fdda20f45a25/screenshot - {}
RESULT: {"script":"<script> [1562 bytes]","args":[{"selector":{"controlType":"sap.m.GenericTile","properties":{"header":"Manage Sites"}},"wdio_ui5_key":"sapm.GenericTile{\"header\":\"Manage Sites\"}"}]}
RESULT: undefined
COMMAND: POST /session/3fdde00e1aad0000c801fdda20f45a25/element - {"using":"xpath","value":"//*[@id=\"__tile32\"]"}
RESULT: {}
RESULT: {"using":"xpath","value":"//*[@id=\"__tile32\"]"}
COMMAND: POST /session/3fdde00e1aad0000c801fdda20f45a25/element/f.AD023EB381BA77EAB040171FD40D96B9.d.21424020EF1A20644BB48319C63DD1C8.e.3324/click - {}
RESULT: {}
COMMAND: GET /session/3fdde00e1aad0000c801fdda20f45a25/screenshot - {}
RESULT: {}
COMMAND: POST /session/3fdde00e1aad0000c801fdda20f45a25/elements - {"using":"xpath","value":"//span[text()='Error']"}
RESULT: {"using":"xpath","value":"//span[text()='Error']"}
COMMAND: POST /session/3fdde00e1aad0000c801fdda20f45a25/element - {"using":"xpath","value":"//button[@data-kt=\"addOverflowToolbarButton\"]"}
RESULT: {"using":"xpath","value":"//button[@data-kt=\"addOverflowToolbarButton\"]"}
COMMAND: POST /session/3fdde00e1aad0000c801fdda20f45a25/elements - {"using":"xpath","value":"//button[@data-kt=\"addOverflowToolbarButton\"]"}
RESULT: {"using":"xpath","value":"//button[@data-kt=\"addOverflowToolbarButton\"]"}
COMMAND: POST /session/3fdde00e1aad0000c801fdda20f45a25/execute/sync - {"script":"<script> [8489 bytes]","args":[{"element-6066-11e4-a52e-4f735466cecf":"f.AD023EB381BA77EAB040171FD40D96B9.d.21424020EF1A20644BB48319C63DD1C8.e.4996","ELEMENT":"f.AD023EB381BA77EAB040171FD40D96B9.d.21424020EF1A20644BB48319C63DD1C8.e.4996"}]}
RESULT: {"script":"<script> [8489 bytes]","args":[{"element-6066-11e4-a52e-4f735466cecf":"f.AD023EB381BA77EAB040171FD40D96B9.d.21424020EF1A20644BB48319C63DD1C8.e.4996","ELEMENT":"f.AD023EB381BA77EAB040171FD40D96B9.d.21424020EF1A20644BB48319C63DD1C8.e.4996"}]}
COMMAND: GET /session/3fdde00e1aad0000c801fdda20f45a25/element/f.AD023EB381BA77EAB040171FD40D96B9.d.21424020EF1A20644BB48319C63DD1C8.e.4996/enabled - {}
COMMAND: GET /session/3fdde00e1aad0000c801fdda20f45a25/screenshot - {}
RESULT: {}
COMMAND: POST /session/3fdde00e1aad0000c801fdda20f45a25/execute/sync - {"script":"<script> [8489 bytes]","args":[{"element-6066-11e4-a52e-4f735466cecf":"f.AD023EB381BA77EAB040171FD40D96B9.d.21424020EF1A20644BB48319C63DD1C8.e.4996","ELEMENT":"f.AD023EB381BA77EAB040171FD40D96B9.d.21424020EF1A20644BB48319C63DD1C8.e.4996"}]}
COMMAND: GET /session/3fdde00e1aad0000c801fdda20f45a25/screenshot - {}
RESULT: {}
RESULT: {"script":"<script> [8489 bytes]","args":[{"element-6066-11e4-a52e-4f735466cecf":"f.AD023EB381BA77EAB040171FD40D96B9.d.21424020EF1A20644BB48319C63DD1C8.e.4996","ELEMENT":"f.AD023EB381BA77EAB040171FD40D96B9.d.21424020EF1A20644BB48319C63DD1C8.e.4996"}]}
COMMAND: POST /session/3fdde00e1aad0000c801fdda20f45a25/execute/sync - {"script":"<script> [5351 bytes]","args":[{"element-6066-11e4-a52e-4f735466cecf":"f.AD023EB381BA77EAB040171FD40D96B9.d.21424020EF1A20644BB48319C63DD1C8.e.4996","ELEMENT":"f.AD023EB381BA77EAB040171FD40D96B9.d.21424020EF1A20644BB48319C63DD1C8.e.4996"}]}
COMMAND: GET /session/3fdde00e1aad0000c801fdda20f45a25/screenshot - {}
RESULT: {}
RESULT: {"script":"<script> [5351 bytes]","args":[{"element-6066-11e4-a52e-4f735466cecf":"f.AD023EB381BA77EAB040171FD40D96B9.d.21424020EF1A20644BB48319C63DD1C8.e.4996","ELEMENT":"f.AD023EB381BA77EAB040171FD40D96B9.d.21424020EF1A20644BB48319C63DD1C8.e.4996"}]}
COMMAND: POST /session/3fdde00e1aad0000c801fdda20f45a25/element/f.AD023EB381BA77EAB040171FD40D96B9.d.21424020EF1A20644BB48319C63DD1C8.e.4996/click - {}
COMMAND: GET /session/3fdde00e1aad0000c801fdda20f45a25/screenshot - {}
RESULT: {}
RESULT: {}
COMMAND: GET /session/3fdde00e1aad0000c801fdda20f45a25/screenshot - {}
COMMAND: POST /session/3fdde00e1aad0000c801fdda20f45a25/element - {"using":"xpath","value":"//input[@id=\"application-managesites-display-component---NewSite--siteId-inner\"]"}
RESULT: {}
RESULT: {}
RESULT: {"using":"xpath","value":"//input[@id=\"application-managesites-display-component---NewSite--siteId-inner\"]"}
COMMAND: POST /session/3fdde00e1aad0000c801fdda20f45a25/element - {"using":"xpath","value":"//input[@id=\"application-managesites-display-component---NewSite--siteId-inner\"]"}
RESULT: {"using":"xpath","value":"//input[@id=\"application-managesites-display-component---NewSite--siteId-inner\"]"}
COMMAND: POST /session/3fdde00e1aad0000c801fdda20f45a25/execute/async - {"script":"<script> [1562 bytes]","args":[{"selector":{"id":"application-managesites-display-component---NewSite--addressDetailDetailsName1","interaction":{"idSuffix":"inner"}},"wdio_ui5_key":"applicationmanagesites-display-component---NewSite--addressDetailDetailsName1"}]}
RESULT: {"script":"<script> [1562 bytes]","args":[{"selector":{"id":"application-managesites-display-component---NewSite--addressDetailDetailsName1","interaction":{"idSuffix":"inner"}},"wdio_ui5_key":"applicationmanagesites-display-component---NewSite--addressDetailDetailsName1"}]}
RESULT: undefined
COMMAND: POST /session/3fdde00e1aad0000c801fdda20f45a25/execute/async - {"script":"<script> [776 bytes]","args":[{"enterText":"Intercompany Site wdIO","selector":{"id":"application-managesites-display-component---NewSite--addressDetailDetailsName1","interaction":{"idSuffix":"inner"}},"clearTextFirst":true,"interactionType":"ENTER_TEXT"}]}
RESULT: {"script":"<script> [776 bytes]","args":[{"enterText":"Intercompany Site wdIO","selector":{"id":"application-managesites-display-component---NewSite--addressDetailDetailsName1","interaction":{"idSuffix":"inner"}},"clearTextFirst":true,"interactionType":"ENTER_TEXT"}]}
COMMAND: POST /session/3fdde00e1aad0000c801fdda20f45a25/execute/async - {"script":"<script> [1562 bytes]","args":[{"selector":{"id":"application-managesites-display-component---NewSite--addressDetailDetailsLanguage-arrow"},"wdio_ui5_key":"applicationmanagesites-display-component---NewSite--addressDetailDetailsLanguage-arrow"}]}
RESULT: {"script":"<script> [1562 bytes]","args":[{"selector":{"id":"application-managesites-display-component---NewSite--addressDetailDetailsLanguage-arrow"},"wdio_ui5_key":"applicationmanagesites-display-component---NewSite--addressDetailDetailsLanguage-arrow"}]}
RESULT: undefined
COMMAND: POST /session/3fdde00e1aad0000c801fdda20f45a25/element - {"using":"xpath","value":"//*[@id=\"application-managesites-display-component---NewSite--addressDetailDetailsLanguage-arrow\"]"}
RESULT: {"using":"xpath","value":"//*[@id=\"application-managesites-display-component---NewSite--addressDetailDetailsLanguage-arrow\"]"}
COMMAND: POST /session/3fdde00e1aad0000c801fdda20f45a25/element/f.AD023EB381BA77EAB040171FD40D96B9.d.21424020EF1A20644BB48319C63DD1C8.e.5390/click - {}
RESULT: {}
COMMAND: POST /session/3fdde00e1aad0000c801fdda20f45a25/element - {"using":"xpath","value":"//span[contains(text(), \"English\")]"}
COMMAND: GET /session/3fdde00e1aad0000c801fdda20f45a25/screenshot - {}
RESULT: {"using":"xpath","value":"//span[contains(text(), \"English\")]"}
COMMAND: POST /session/3fdde00e1aad0000c801fdda20f45a25/element/f.AD023EB381BA77EAB040171FD40D96B9.d.21424020EF1A20644BB48319C63DD1C8.e.5391/click - {}
RESULT: {}
RESULT: {}
COMMAND: POST /session/3fdde00e1aad0000c801fdda20f45a25/execute/async - {"script":"<script> [1562 bytes]","args":[{"selector":{"id":"application-managesites-display-component---NewSite--addressDetailDetailsCity1","interaction":{"idSuffix":"inner"}},"wdio_ui5_key":"applicationmanagesites-display-component---NewSite--addressDetailDetailsCity1"}]}
COMMAND: GET /session/3fdde00e1aad0000c801fdda20f45a25/screenshot - {}
RESULT: {"script":"<script> [1562 bytes]","args":[{"selector":{"id":"application-managesites-display-component---NewSite--addressDetailDetailsCity1","interaction":{"idSuffix":"inner"}},"wdio_ui5_key":"applicationmanagesites-display-component---NewSite--addressDetailDetailsCity1"}]}
RESULT: undefined
COMMAND: POST /session/3fdde00e1aad0000c801fdda20f45a25/execute/async - {"script":"<script> [776 bytes]","args":[{"enterText":"Rosario","selector":{"id":"application-managesites-display-component---NewSite--addressDetailDetailsCity1","interaction":{"idSuffix":"inner"}},"clearTextFirst":true,"interactionType":"ENTER_TEXT"}]}
RESULT: {}
RESULT: {"script":"<script> [776 bytes]","args":[{"enterText":"Rosario","selector":{"id":"application-managesites-display-component---NewSite--addressDetailDetailsCity1","interaction":{"idSuffix":"inner"}},"clearTextFirst":true,"interactionType":"ENTER_TEXT"}]}
COMMAND: POST /session/3fdde00e1aad0000c801fdda20f45a25/execute/async - {"script":"<script> [1562 bytes]","args":[{"selector":{"id":"application-managesites-display-component---NewSite--addressDetailDetailsCountry-arrow"},"wdio_ui5_key":"applicationmanagesites-display-component---NewSite--addressDetailDetailsCountry-arrow"}]}
RESULT: {"script":"<script> [1562 bytes]","args":[{"selector":{"id":"application-managesites-display-component---NewSite--addressDetailDetailsCountry-arrow"},"wdio_ui5_key":"applicationmanagesites-display-component---NewSite--addressDetailDetailsCountry-arrow"}]}
RESULT: undefined
COMMAND: POST /session/3fdde00e1aad0000c801fdda20f45a25/element - {"using":"xpath","value":"//*[@id=\"application-managesites-display-component---NewSite--addressDetailDetailsCountry-arrow\"]"}
RESULT: {"using":"xpath","value":"//*[@id=\"application-managesites-display-component---NewSite--addressDetailDetailsCountry-arrow\"]"}
COMMAND: POST /session/3fdde00e1aad0000c801fdda20f45a25/element/f.AD023EB381BA77EAB040171FD40D96B9.d.21424020EF1A20644BB48319C63DD1C8.e.5393/click - {}
RESULT: {}
COMMAND: POST /session/3fdde00e1aad0000c801fdda20f45a25/element - {"using":"xpath","value":"//span[contains(text(), \"Argentina\")]"}
COMMAND: GET /session/3fdde00e1aad0000c801fdda20f45a25/screenshot - {}
RESULT: {"using":"xpath","value":"//span[contains(text(), \"Argentina\")]"}
COMMAND: POST /session/3fdde00e1aad0000c801fdda20f45a25/element/f.AD023EB381BA77EAB040171FD40D96B9.d.21424020EF1A20644BB48319C63DD1C8.e.5395/click - {}
RESULT: {}
RESULT: {}
COMMAND: GET /session/3fdde00e1aad0000c801fdda20f45a25/screenshot - {}
RESULT: {}
COMMAND: POST /session/3fdde00e1aad0000c801fdda20f45a25/execute/async - {"script":"<script> [1562 bytes]","args":[{"selector":{"id":"application-managesites-display-component---NewSite--addressEditDetailsCostObjectCstType-arrow"},"wdio_ui5_key":"applicationmanagesites-display-component---NewSite--addressEditDetailsCostObjectCstType-arrow"}]}
RESULT: {"script":"<script> [1562 bytes]","args":[{"selector":{"id":"application-managesites-display-component---NewSite--addressEditDetailsCostObjectCstType-arrow"},"wdio_ui5_key":"applicationmanagesites-display-component---NewSite--addressEditDetailsCostObjectCstType-arrow"}]}
RESULT: undefined
COMMAND: POST /session/3fdde00e1aad0000c801fdda20f45a25/element - {"using":"xpath","value":"//*[@id=\"application-managesites-display-component---NewSite--addressEditDetailsCostObjectCstType-arrow\"]"}
RESULT: {"using":"xpath","value":"//*[@id=\"application-managesites-display-component---NewSite--addressEditDetailsCostObjectCstType-arrow\"]"}
COMMAND: POST /session/3fdde00e1aad0000c801fdda20f45a25/element/f.AD023EB381BA77EAB040171FD40D96B9.d.21424020EF1A20644BB48319C63DD1C8.e.5396/click - {}
RESULT: {}
COMMAND: POST /session/3fdde00e1aad0000c801fdda20f45a25/element - {"using":"xpath","value":"//span[contains(text(), \"Cost Center\")]"}
COMMAND: GET /session/3fdde00e1aad0000c801fdda20f45a25/screenshot - {}
RESULT: {"using":"xpath","value":"//span[contains(text(), \"Cost Center\")]"}
COMMAND: POST /session/3fdde00e1aad0000c801fdda20f45a25/element/f.AD023EB381BA77EAB040171FD40D96B9.d.21424020EF1A20644BB48319C63DD1C8.e.5397/click - {}
RESULT: {}
RESULT: {}
COMMAND: GET /session/3fdde00e1aad0000c801fdda20f45a25/screenshot - {}
RESULT: {}
COMMAND: POST /session/3fdde00e1aad0000c801fdda20f45a25/element - {"using":"xpath","value":"//span[@id=\"application-managesites-display-component---NewSite--addressNewCostObjectCstID-vhi\"]"}
RESULT: {"using":"xpath","value":"//span[@id=\"application-managesites-display-component---NewSite--addressNewCostObjectCstID-vhi\"]"}
COMMAND: POST /session/3fdde00e1aad0000c801fdda20f45a25/execute/sync - {"script":"<script> [8489 bytes]","args":[{"element-6066-11e4-a52e-4f735466cecf":"f.AD023EB381BA77EAB040171FD40D96B9.d.21424020EF1A20644BB48319C63DD1C8.e.5402","ELEMENT":"f.AD023EB381BA77EAB040171FD40D96B9.d.21424020EF1A20644BB48319C63DD1C8.e.5402"}]}
RESULT: {"script":"<script> [8489 bytes]","args":[{"element-6066-11e4-a52e-4f735466cecf":"f.AD023EB381BA77EAB040171FD40D96B9.d.21424020EF1A20644BB48319C63DD1C8.e.5402","ELEMENT":"f.AD023EB381BA77EAB040171FD40D96B9.d.21424020EF1A20644BB48319C63DD1C8.e.5402"}]}
COMMAND: POST /session/3fdde00e1aad0000c801fdda20f45a25/execute/async - {"script":"<script> [1562 bytes]","args":[{"selector":{"id":"application-managesites-display-component---NewSite--addressNewCostObjectCstID-vhi"},"wdio_ui5_key":"applicationmanagesites-display-component---NewSite--addressNewCostObjectCstID-vhi"}]}
COMMAND: GET /session/3fdde00e1aad0000c801fdda20f45a25/screenshot - {}
RESULT: {"script":"<script> [1562 bytes]","args":[{"selector":{"id":"application-managesites-display-component---NewSite--addressNewCostObjectCstID-vhi"},"wdio_ui5_key":"applicationmanagesites-display-component---NewSite--addressNewCostObjectCstID-vhi"}]}
RESULT: undefined
COMMAND: POST /session/3fdde00e1aad0000c801fdda20f45a25/element - {"using":"xpath","value":"//*[@id=\"application-managesites-display-component---NewSite--addressNewCostObjectCstID-vhi\"]"}
RESULT: {}
RESULT: {"using":"xpath","value":"//*[@id=\"application-managesites-display-component---NewSite--addressNewCostObjectCstID-vhi\"]"}
COMMAND: POST /session/3fdde00e1aad0000c801fdda20f45a25/element/f.AD023EB381BA77EAB040171FD40D96B9.d.21424020EF1A20644BB48319C63DD1C8.e.5402/click - {}
RESULT: {}
COMMAND: GET /session/3fdde00e1aad0000c801fdda20f45a25/screenshot - {}
RESULT: {}
RESULT: undefined
COMMAND: POST /session/3fdde00e1aad0000c801fdda20f45a25/execute/async - {"script":"<script> [776 bytes]","args":[{"enterText":"10001013","selector":{"controlType":"sap.m.SearchField","properties":{"placeholder":"Search"},"searchOpenDialogs":true,"interaction":{"idSuffix":"I"}},"clearTextFirst":true,"interactionType":"ENTER_TEXT"}]}
RESULT: {"script":"<script> [776 bytes]","args":[{"enterText":"10001013","selector":{"controlType":"sap.m.SearchField","properties":{"placeholder":"Search"},"searchOpenDialogs":true,"interaction":{"idSuffix":"I"}},"clearTextFirst":true,"interactionType":"ENTER_TEXT"}]}
COMMAND: POST /session/3fdde00e1aad0000c801fdda20f45a25/actions - {"actions":[{"id":"action16","type":"key","parameters":{},"actions":[{"type":"keyDown","value":""},{"type":"pause","duration":10},{"type":"keyUp","value":""}]}]}
RESULT: {"actions":[{"id":"action16","type":"key","parameters":{},"actions":[{"type":"keyDown","value":""},{"type":"pause","duration":10},{"type":"keyUp","value":""}]}]}
COMMAND: GET /session/3fdde00e1aad0000c801fdda20f45a25/screenshot - {}
RESULT: {}
COMMAND: POST /session/3fdde00e1aad0000c801fdda20f45a25/element - {"using":"xpath","value":"//span[contains(text(), \"General Management\")]"}
RESULT: {"using":"xpath","value":"//span[contains(text(), \"General Management\")]"}
COMMAND: POST /session/3fdde00e1aad0000c801fdda20f45a25/element/f.AD023EB381BA77EAB040171FD40D96B9.d.21424020EF1A20644BB48319C63DD1C8.e.5441/click - {}
RESULT: {}
COMMAND: GET /session/3fdde00e1aad0000c801fdda20f45a25/screenshot - {}
RESULT: {}
COMMAND: POST /session/3fdde00e1aad0000c801fdda20f45a25/element - {"using":"xpath","value":"//bdi[contains(text(), \"OK\")]"}
RESULT: {"using":"xpath","value":"//bdi[contains(text(), \"OK\")]"}
COMMAND: POST /session/3fdde00e1aad0000c801fdda20f45a25/element/f.AD023EB381BA77EAB040171FD40D96B9.d.21424020EF1A20644BB48319C63DD1C8.e.5442/click - {}
RESULT: {}
COMMAND: GET /session/3fdde00e1aad0000c801fdda20f45a25/screenshot - {}
RESULT: {}
COMMAND: POST /session/3fdde00e1aad0000c801fdda20f45a25/element - {"using":"xpath","value":"//input[@id=\"application-managesites-display-component---NewSite--addressDetailDetailsCalendar-inner\"]"}
RESULT: {"using":"xpath","value":"//input[@id=\"application-managesites-display-component---NewSite--addressDetailDetailsCalendar-inner\"]"}
COMMAND: POST /session/3fdde00e1aad0000c801fdda20f45a25/element/f.AD023EB381BA77EAB040171FD40D96B9.d.21424020EF1A20644BB48319C63DD1C8.e.5186/clear - {}
RESULT: {}
COMMAND: POST /session/3fdde00e1aad0000c801fdda20f45a25/element/f.AD023EB381BA77EAB040171FD40D96B9.d.21424020EF1A20644BB48319C63DD1C8.e.5186/value - {"text":"Unit"}
COMMAND: GET /session/3fdde00e1aad0000c801fdda20f45a25/screenshot - {}
RESULT: {"text":"Unit"}
COMMAND: GET /session/3fdde00e1aad0000c801fdda20f45a25/screenshot - {}
RESULT: {}
RESULT: {}
COMMAND: POST /session/3fdde00e1aad0000c801fdda20f45a25/actions - {"actions":[{"id":"action17","type":"key","parameters":{},"actions":[{"type":"keyDown","value":""},{"type":"pause","duration":10},{"type":"keyUp","value":""}]}]}
RESULT: {"actions":[{"id":"action17","type":"key","parameters":{},"actions":[{"type":"keyDown","value":""},{"type":"pause","duration":10},{"type":"keyUp","value":""}]}]}
COMMAND: POST /session/3fdde00e1aad0000c801fdda20f45a25/element - {"using":"xpath","value":"//input[@id=\"application-managesites-display-component---NewSite--addressDetailDetailsYard-inner\"]"}
COMMAND: GET /session/3fdde00e1aad0000c801fdda20f45a25/screenshot - {}
RESULT: {"using":"xpath","value":"//input[@id=\"application-managesites-display-component---NewSite--addressDetailDetailsYard-inner\"]"}
COMMAND: POST /session/3fdde00e1aad0000c801fdda20f45a25/element/f.AD023EB381BA77EAB040171FD40D96B9.d.21424020EF1A20644BB48319C63DD1C8.e.5187/clear - {}
RESULT: {}
RESULT: {}
COMMAND: POST /session/3fdde00e1aad0000c801fdda20f45a25/element/f.AD023EB381BA77EAB040171FD40D96B9.d.21424020EF1A20644BB48319C63DD1C8.e.5187/value - {"text":"566"}
COMMAND: GET /session/3fdde00e1aad0000c801fdda20f45a25/screenshot - {}
RESULT: {"text":"566"}
COMMAND: GET /session/3fdde00e1aad0000c801fdda20f45a25/screenshot - {}
RESULT: {}
RESULT: {}
COMMAND: POST /session/3fdde00e1aad0000c801fdda20f45a25/element - {"using":"xpath","value":"//li[.//span[text()='566']]"}
RESULT: {"using":"xpath","value":"//li[.//span[text()='566']]"}
COMMAND: POST /session/3fdde00e1aad0000c801fdda20f45a25/element/f.AD023EB381BA77EAB040171FD40D96B9.d.21424020EF1A20644BB48319C63DD1C8.e.5450/click - {}
RESULT: {}
COMMAND: GET /session/3fdde00e1aad0000c801fdda20f45a25/screenshot - {}
RESULT: {}
COMMAND: POST /session/3fdde00e1aad0000c801fdda20f45a25/element - {"using":"xpath","value":"//input[@id=\"application-managesites-display-component---NewSite--addressDetailDetailsPartner-inner\"]"}
RESULT: {"using":"xpath","value":"//input[@id=\"application-managesites-display-component---NewSite--addressDetailDetailsPartner-inner\"]"}
COMMAND: POST /session/3fdde00e1aad0000c801fdda20f45a25/element - {"using":"xpath","value":"//input[@id=\"application-managesites-display-component---NewSite--addressDetailDetailsPartner-inner\"]"}
RESULT: {"using":"xpath","value":"//input[@id=\"application-managesites-display-component---NewSite--addressDetailDetailsPartner-inner\"]"}
COMMAND: POST /session/3fdde00e1aad0000c801fdda20f45a25/element - {"using":"xpath","value":"//button[@data-kt=\"saveButton\"]"}
RESULT: {"using":"xpath","value":"//button[@data-kt=\"saveButton\"]"}
COMMAND: POST /session/3fdde00e1aad0000c801fdda20f45a25/element/f.AD023EB381BA77EAB040171FD40D96B9.d.21424020EF1A20644BB48319C63DD1C8.e.5375/click - {}
RESULT: {}
COMMAND: GET /session/3fdde00e1aad0000c801fdda20f45a25/screenshot - {}
RESULT: {}
COMMAND: POST /session/3fdde00e1aad0000c801fdda20f45a25/element - {"using":"xpath","value":"//header[contains(@id, 'ObjectPageLayout-headerTitle')]/div[1]/div[2]/div[2]/span[1]"}
RESULT: {"using":"xpath","value":"//header[contains(@id, 'ObjectPageLayout-headerTitle')]/div[1]/div[2]/div[2]/span[1]"}
COMMAND: POST /session/3fdde00e1aad0000c801fdda20f45a25/elements - {"using":"xpath","value":"//header[contains(@id, 'ObjectPageLayout-headerTitle')]/div[1]/div[2]/div[2]/span[1]"}
RESULT: {"using":"xpath","value":"//header[contains(@id, 'ObjectPageLayout-headerTitle')]/div[1]/div[2]/div[2]/span[1]"}
COMMAND: POST /session/3fdde00e1aad0000c801fdda20f45a25/execute/sync - {"script":"<script> [56 bytes]","args":[{"element-6066-11e4-a52e-4f735466cecf":"f.AD023EB381BA77EAB040171FD40D96B9.d.21424020EF1A20644BB48319C63DD1C8.e.5650","ELEMENT":"f.AD023EB381BA77EAB040171FD40D96B9.d.21424020EF1A20644BB48319C63DD1C8.e.5650"}]}
RESULT: {"script":"<script> [56 bytes]","args":[{"element-6066-11e4-a52e-4f735466cecf":"f.AD023EB381BA77EAB040171FD40D96B9.d.21424020EF1A20644BB48319C63DD1C8.e.5650","ELEMENT":"f.AD023EB381BA77EAB040171FD40D96B9.d.21424020EF1A20644BB48319C63DD1C8.e.5650"}]}
COMMAND: POST /session/3fdde00e1aad0000c801fdda20f45a25/element - {"using":"css selector","value":"#shell-header-logo"}
COMMAND: GET /session/3fdde00e1aad0000c801fdda20f45a25/screenshot - {}
RESULT: {"using":"css selector","value":"#shell-header-logo"}
COMMAND: POST /session/3fdde00e1aad0000c801fdda20f45a25/element/f.AD023EB381BA77EAB040171FD40D96B9.d.21424020EF1A20644BB48319C63DD1C8.e.4952/click - {}
RESULT: {}
RESULT: {}
COMMAND: GET /session/3fdde00e1aad0000c801fdda20f45a25/screenshot - {}
RESULT: {}
COMMAND: POST /session/3fdde00e1aad0000c801fdda20f45a25/execute/sync - {"script":"<script> [299 bytes]","args":[["getModel","getResource"]]}
RESULT: {"script":"<script> [299 bytes]","args":[["getModel","getResource"]]}
COMMAND: POST /session/3fdde00e1aad0000c801fdda20f45a25/actions - {"actions":[{"id":"action18","type":"key","parameters":{},"actions":[{"type":"keyDown","value":""},{"type":"pause","duration":10},{"type":"keyUp","value":""}]}]}
COMMAND: GET /session/3fdde00e1aad0000c801fdda20f45a25/screenshot - {}
RESULT: {"actions":[{"id":"action18","type":"key","parameters":{},"actions":[{"type":"keyDown","value":""},{"type":"pause","duration":10},{"type":"keyUp","value":""}]}]}
COMMAND: GET /session/3fdde00e1aad0000c801fdda20f45a25/screenshot - {}
RESULT: {}
RESULT: {}
COMMAND: POST /session/3fdde00e1aad0000c801fdda20f45a25/refresh - {}
RESULT: {}
COMMAND: GET /session/3fdde00e1aad0000c801fdda20f45a25/screenshot - {}
RESULT: {}
COMMAND: POST /session/3fdde00e1aad0000c801fdda20f45a25/refresh - {}
RESULT: {}
COMMAND: GET /session/3fdde00e1aad0000c801fdda20f45a25/screenshot - {}
RESULT: {}
COMMAND: POST /session/3fdde00e1aad0000c801fdda20f45a25/window/fullscreen - {}
RESULT: {}
COMMAND: POST /session/3fdde00e1aad0000c801fdda20f45a25/execute/async - {"script":"<script> [189 bytes]","args":[]}
RESULT: {"script":"<script> [189 bytes]","args":[]}
COMMAND: POST /session/3fdde00e1aad0000c801fdda20f45a25/execute/async - {"script":"<script> [123 bytes]","args":[]}
RESULT: {"script":"<script> [123 bytes]","args":[]}
COMMAND: POST /session/3fdde00e1aad0000c801fdda20f45a25/timeouts - {"script":"<number>"}
RESULT: {"script":"<number>"}
COMMAND: GET /session/3fdde00e1aad0000c801fdda20f45a25/timeouts - {}
RESULT: {}
RESULT: undefined
COMMAND: POST /session/3fdde00e1aad0000c801fdda20f45a25/execute/async - {"script":"<script> [2676 bytes]","args":[]}
RESULT: {"script":"<script> [2676 bytes]","args":[]}
COMMAND: POST /session/3fdde00e1aad0000c801fdda20f45a25/execute/async - {"script":"<script> [2342 bytes]","args":[{"protocol":"http","hostname":"0.0.0.0","path":"/","capabilities":{"browserName":"chrome","goog:chromeOptions":{"binary":"C:\\Program Files\\Google\\Chrome\\Application\\chrome.exe","args":["--start-maximized"]}},"logLevel":"warn","connectionRetryTimeout":120000,"connectionRetryCount":3,"logLevels":{},"enableDirectConnect":true,"strictSSL":true,"_":"65 more keys: [\"cacheDir\",\"port\",\"requestedCapabilities\",\"automationProtocol\",\"baseUrl\",\"waitforInterval\",\"waitforTimeout\",\"onReload\",\"beforeCommand\",\"afterCommand\",\"rootDir\",\"specs\",\"suites\",\"exclude\",\"groupLogsByTestSpec\",\"excludeDriverLogs\",\"bail\",\"framework\",\"reporters\",\"services\",\"maxInstances\",\"maxInstancesPerCapability\",\"injectGlobals\",\"filesToWatch\",\"execArgv\",\"runnerEnv\",\"runner\",\"shard\",\"specFileRetries\",\"specFileRetriesDelay\",\"specFileRetriesDeferred\",\"reporterSyncInterval\",\"reporterSyncTimeout\",\"cucumberFeaturesWithLineNumbers\",\"autoCompileOpts\",\"mochaOpts\",\"jasmineOpts\",\"cucumberOpts\",\"onPrepare\",\"onWorkerStart\",\"onWorkerEnd\",\"before\",\"beforeSession\",\"beforeSuite\",\"beforeHook\",\"beforeTest\",\"afterTest\",\"afterHook\",\"afterSuite\",\"afterSession\",\"after\",\"onComplete\",\"beforeAssertion\",\"afterAssertion\",\"beforeFeature\",\"beforeScenario\",\"beforeStep\",\"afterStep\",\"afterScenario\",\"afterFeature\",\"_\",\"suite\",\"$0\",\"ignoredWorkerServices\",\"wdi5\"]"}]}
RESULT: {"script":"<script> [2342 bytes]","args":[{"protocol":"http","hostname":"0.0.0.0","path":"/","capabilities":{"browserName":"chrome","goog:chromeOptions":{"binary":"C:\\Program Files\\Google\\Chrome\\Application\\chrome.exe","args":["--start-maximized"]}},"logLevel":"warn","connectionRetryTimeout":120000,"connectionRetryCount":3,"logLevels":{},"enableDirectConnect":true,"strictSSL":true,"_":"65 more keys: [\"cacheDir\",\"port\",\"requestedCapabilities\",\"automationProtocol\",\"baseUrl\",\"waitforInterval\",\"waitforTimeout\",\"onReload\",\"beforeCommand\",\"afterCommand\",\"rootDir\",\"specs\",\"suites\",\"exclude\",\"groupLogsByTestSpec\",\"excludeDriverLogs\",\"bail\",\"framework\",\"reporters\",\"services\",\"maxInstances\",\"maxInstancesPerCapability\",\"injectGlobals\",\"filesToWatch\",\"execArgv\",\"runnerEnv\",\"runner\",\"shard\",\"specFileRetries\",\"specFileRetriesDelay\",\"specFileRetriesDeferred\",\"reporterSyncInterval\",\"reporterSyncTimeout\",\"cucumberFeaturesWithLineNumbers\",\"autoCompileOpts\",\"mochaOpts\",\"jasmineOpts\",\"cucumberOpts\",\"onPrepare\",\"onWorkerStart\",\"onWorkerEnd\",\"before\",\"beforeSession\",\"beforeSuite\",\"beforeHook\",\"beforeTest\",\"afterTest\",\"afterHook\",\"afterSuite\",\"afterSession\",\"after\",\"onComplete\",\"beforeAssertion\",\"afterAssertion\",\"beforeFeature\",\"beforeScenario\",\"beforeStep\",\"afterStep\",\"afterScenario\",\"afterFeature\",\"_\",\"suite\",\"$0\",\"ignoredWorkerServices\",\"wdi5\"]"}]}
COMMAND: POST /session/3fdde00e1aad0000c801fdda20f45a25/execute/async - {"script":"<script> [21126 bytes]","args":[35000]}
RESULT: {"script":"<script> [21126 bytes]","args":[35000]}
COMMAND: POST /session/3fdde00e1aad0000c801fdda20f45a25/window/fullscreen - {}
RESULT: {}
]]></system-out>
    </testcase>
    <testcase classname="chrome.136_0_7103_93.windows.Manage_States_&amp;_Performance_Tests_US151247_US151423_US151467" name="Prereq Should create an equipment add on contract stock increase and provide it" time="250.151">
      <failure/>
      <error message="Can't call click on element with selector &quot;//li[.//span[contains(text(),'566 -')]]&quot; because element wasn't found"/>
      <system-out><![CDATA[
COMMAND: POST /session/3fdde00e1aad0000c801fdda20f45a25/execute/async - {"script":"<script> [1562 bytes]","args":[{"selector":{"controlType":"sap.m.GenericTile","properties":{"header":"Manage Resources"}},"wdio_ui5_key":"sapm.GenericTile{\"header\":\"Manage Resources\"}"}]}
RESULT: {"script":"<script> [1562 bytes]","args":[{"selector":{"controlType":"sap.m.GenericTile","properties":{"header":"Manage Resources"}},"wdio_ui5_key":"sapm.GenericTile{\"header\":\"Manage Resources\"}"}]}
RESULT: undefined
COMMAND: POST /session/3fdde00e1aad0000c801fdda20f45a25/element - {"using":"xpath","value":"//*[@id=\"__tile31\"]"}
RESULT: {"using":"xpath","value":"//*[@id=\"__tile31\"]"}
COMMAND: POST /session/3fdde00e1aad0000c801fdda20f45a25/element/f.AD023EB381BA77EAB040171FD40D96B9.d.EFD569640CC3BC0DE272D85DA0BD99DD.e.5724/click - {}
RESULT: {}
COMMAND: GET /session/3fdde00e1aad0000c801fdda20f45a25/screenshot - {}
RESULT: {}
COMMAND: POST /session/3fdde00e1aad0000c801fdda20f45a25/elements - {"using":"xpath","value":"//span[text()='Error']"}
RESULT: {"using":"xpath","value":"//span[text()='Error']"}
COMMAND: POST /session/3fdde00e1aad0000c801fdda20f45a25/element - {"using":"xpath","value":"//button[@data-kt=\"addNewRUOverflowToolbarButton\"]"}
RESULT: {"using":"xpath","value":"//button[@data-kt=\"addNewRUOverflowToolbarButton\"]"}
COMMAND: POST /session/3fdde00e1aad0000c801fdda20f45a25/elements - {"using":"xpath","value":"//button[@data-kt=\"addNewRUOverflowToolbarButton\"]"}
RESULT: {"using":"xpath","value":"//button[@data-kt=\"addNewRUOverflowToolbarButton\"]"}
COMMAND: POST /session/3fdde00e1aad0000c801fdda20f45a25/elements - {"using":"xpath","value":"//button[@data-kt=\"addNewRUOverflowToolbarButton\"]"}
RESULT: {"using":"xpath","value":"//button[@data-kt=\"addNewRUOverflowToolbarButton\"]"}
COMMAND: POST /session/3fdde00e1aad0000c801fdda20f45a25/elements - {"using":"xpath","value":"//button[@data-kt=\"addNewRUOverflowToolbarButton\"]"}
RESULT: {"using":"xpath","value":"//button[@data-kt=\"addNewRUOverflowToolbarButton\"]"}
COMMAND: POST /session/3fdde00e1aad0000c801fdda20f45a25/elements - {"using":"xpath","value":"//button[@data-kt=\"addNewRUOverflowToolbarButton\"]"}
RESULT: {"using":"xpath","value":"//button[@data-kt=\"addNewRUOverflowToolbarButton\"]"}
COMMAND: POST /session/3fdde00e1aad0000c801fdda20f45a25/elements - {"using":"xpath","value":"//button[@data-kt=\"addNewRUOverflowToolbarButton\"]"}
RESULT: {"using":"xpath","value":"//button[@data-kt=\"addNewRUOverflowToolbarButton\"]"}
COMMAND: POST /session/3fdde00e1aad0000c801fdda20f45a25/elements - {"using":"xpath","value":"//button[@data-kt=\"addNewRUOverflowToolbarButton\"]"}
RESULT: {"using":"xpath","value":"//button[@data-kt=\"addNewRUOverflowToolbarButton\"]"}
COMMAND: POST /session/3fdde00e1aad0000c801fdda20f45a25/elements - {"using":"xpath","value":"//button[@data-kt=\"addNewRUOverflowToolbarButton\"]"}
RESULT: {"using":"xpath","value":"//button[@data-kt=\"addNewRUOverflowToolbarButton\"]"}
COMMAND: POST /session/3fdde00e1aad0000c801fdda20f45a25/elements - {"using":"xpath","value":"//button[@data-kt=\"addNewRUOverflowToolbarButton\"]"}
RESULT: {"using":"xpath","value":"//button[@data-kt=\"addNewRUOverflowToolbarButton\"]"}
COMMAND: POST /session/3fdde00e1aad0000c801fdda20f45a25/elements - {"using":"xpath","value":"//button[@data-kt=\"addNewRUOverflowToolbarButton\"]"}
RESULT: {"using":"xpath","value":"//button[@data-kt=\"addNewRUOverflowToolbarButton\"]"}
COMMAND: POST /session/3fdde00e1aad0000c801fdda20f45a25/elements - {"using":"xpath","value":"//button[@data-kt=\"addNewRUOverflowToolbarButton\"]"}
RESULT: {"using":"xpath","value":"//button[@data-kt=\"addNewRUOverflowToolbarButton\"]"}
COMMAND: POST /session/3fdde00e1aad0000c801fdda20f45a25/elements - {"using":"xpath","value":"//button[@data-kt=\"addNewRUOverflowToolbarButton\"]"}
RESULT: {"using":"xpath","value":"//button[@data-kt=\"addNewRUOverflowToolbarButton\"]"}
COMMAND: POST /session/3fdde00e1aad0000c801fdda20f45a25/elements - {"using":"xpath","value":"//button[@data-kt=\"addNewRUOverflowToolbarButton\"]"}
RESULT: {"using":"xpath","value":"//button[@data-kt=\"addNewRUOverflowToolbarButton\"]"}
COMMAND: POST /session/3fdde00e1aad0000c801fdda20f45a25/elements - {"using":"xpath","value":"//button[@data-kt=\"addNewRUOverflowToolbarButton\"]"}
RESULT: {"using":"xpath","value":"//button[@data-kt=\"addNewRUOverflowToolbarButton\"]"}
COMMAND: POST /session/3fdde00e1aad0000c801fdda20f45a25/elements - {"using":"xpath","value":"//button[@data-kt=\"addNewRUOverflowToolbarButton\"]"}
RESULT: {"using":"xpath","value":"//button[@data-kt=\"addNewRUOverflowToolbarButton\"]"}
COMMAND: POST /session/3fdde00e1aad0000c801fdda20f45a25/elements - {"using":"xpath","value":"//button[@data-kt=\"addNewRUOverflowToolbarButton\"]"}
RESULT: {"using":"xpath","value":"//button[@data-kt=\"addNewRUOverflowToolbarButton\"]"}
COMMAND: POST /session/3fdde00e1aad0000c801fdda20f45a25/elements - {"using":"xpath","value":"//button[@data-kt=\"addNewRUOverflowToolbarButton\"]"}
RESULT: {"using":"xpath","value":"//button[@data-kt=\"addNewRUOverflowToolbarButton\"]"}
COMMAND: POST /session/3fdde00e1aad0000c801fdda20f45a25/elements - {"using":"xpath","value":"//button[@data-kt=\"addNewRUOverflowToolbarButton\"]"}
RESULT: {"using":"xpath","value":"//button[@data-kt=\"addNewRUOverflowToolbarButton\"]"}
COMMAND: POST /session/3fdde00e1aad0000c801fdda20f45a25/element - {"using":"xpath","value":"//button[@data-kt=\"addNewRUOverflowToolbarButton\"]"}
RESULT: {"using":"xpath","value":"//button[@data-kt=\"addNewRUOverflowToolbarButton\"]"}
COMMAND: POST /session/3fdde00e1aad0000c801fdda20f45a25/execute/sync - {"script":"<script> [8489 bytes]","args":[{"element-6066-11e4-a52e-4f735466cecf":"f.AD023EB381BA77EAB040171FD40D96B9.d.EFD569640CC3BC0DE272D85DA0BD99DD.e.5831","ELEMENT":"f.AD023EB381BA77EAB040171FD40D96B9.d.EFD569640CC3BC0DE272D85DA0BD99DD.e.5831"}]}
RESULT: {"script":"<script> [8489 bytes]","args":[{"element-6066-11e4-a52e-4f735466cecf":"f.AD023EB381BA77EAB040171FD40D96B9.d.EFD569640CC3BC0DE272D85DA0BD99DD.e.5831","ELEMENT":"f.AD023EB381BA77EAB040171FD40D96B9.d.EFD569640CC3BC0DE272D85DA0BD99DD.e.5831"}]}
COMMAND: GET /session/3fdde00e1aad0000c801fdda20f45a25/element/f.AD023EB381BA77EAB040171FD40D96B9.d.EFD569640CC3BC0DE272D85DA0BD99DD.e.5831/enabled - {}
COMMAND: GET /session/3fdde00e1aad0000c801fdda20f45a25/screenshot - {}
RESULT: {}
COMMAND: POST /session/3fdde00e1aad0000c801fdda20f45a25/execute/sync - {"script":"<script> [8489 bytes]","args":[{"element-6066-11e4-a52e-4f735466cecf":"f.AD023EB381BA77EAB040171FD40D96B9.d.EFD569640CC3BC0DE272D85DA0BD99DD.e.5831","ELEMENT":"f.AD023EB381BA77EAB040171FD40D96B9.d.EFD569640CC3BC0DE272D85DA0BD99DD.e.5831"}]}
COMMAND: GET /session/3fdde00e1aad0000c801fdda20f45a25/screenshot - {}
RESULT: {}
RESULT: {"script":"<script> [8489 bytes]","args":[{"element-6066-11e4-a52e-4f735466cecf":"f.AD023EB381BA77EAB040171FD40D96B9.d.EFD569640CC3BC0DE272D85DA0BD99DD.e.5831","ELEMENT":"f.AD023EB381BA77EAB040171FD40D96B9.d.EFD569640CC3BC0DE272D85DA0BD99DD.e.5831"}]}
COMMAND: POST /session/3fdde00e1aad0000c801fdda20f45a25/execute/sync - {"script":"<script> [5351 bytes]","args":[{"element-6066-11e4-a52e-4f735466cecf":"f.AD023EB381BA77EAB040171FD40D96B9.d.EFD569640CC3BC0DE272D85DA0BD99DD.e.5831","ELEMENT":"f.AD023EB381BA77EAB040171FD40D96B9.d.EFD569640CC3BC0DE272D85DA0BD99DD.e.5831"}]}
COMMAND: GET /session/3fdde00e1aad0000c801fdda20f45a25/screenshot - {}
RESULT: {}
RESULT: {"script":"<script> [5351 bytes]","args":[{"element-6066-11e4-a52e-4f735466cecf":"f.AD023EB381BA77EAB040171FD40D96B9.d.EFD569640CC3BC0DE272D85DA0BD99DD.e.5831","ELEMENT":"f.AD023EB381BA77EAB040171FD40D96B9.d.EFD569640CC3BC0DE272D85DA0BD99DD.e.5831"}]}
COMMAND: POST /session/3fdde00e1aad0000c801fdda20f45a25/element/f.AD023EB381BA77EAB040171FD40D96B9.d.EFD569640CC3BC0DE272D85DA0BD99DD.e.5831/click - {}
COMMAND: GET /session/3fdde00e1aad0000c801fdda20f45a25/screenshot - {}
RESULT: {}
RESULT: {}
COMMAND: GET /session/3fdde00e1aad0000c801fdda20f45a25/screenshot - {}
RESULT: {}
RESULT: {}
COMMAND: POST /session/3fdde00e1aad0000c801fdda20f45a25/execute/async - {"script":"<script> [1562 bytes]","args":[{"selector":{"id":"application-manageresources-display-component---newResourceUnit--TYPE-arrow"},"wdio_ui5_key":"applicationmanageresources-display-component---newResourceUnit--TYPE-arrow"}]}
RESULT: {"script":"<script> [1562 bytes]","args":[{"selector":{"id":"application-manageresources-display-component---newResourceUnit--TYPE-arrow"},"wdio_ui5_key":"applicationmanageresources-display-component---newResourceUnit--TYPE-arrow"}]}
RESULT: undefined
COMMAND: POST /session/3fdde00e1aad0000c801fdda20f45a25/element - {"using":"xpath","value":"//*[@id=\"application-manageresources-display-component---newResourceUnit--TYPE-arrow\"]"}
RESULT: {"using":"xpath","value":"//*[@id=\"application-manageresources-display-component---newResourceUnit--TYPE-arrow\"]"}
COMMAND: POST /session/3fdde00e1aad0000c801fdda20f45a25/element/f.AD023EB381BA77EAB040171FD40D96B9.d.EFD569640CC3BC0DE272D85DA0BD99DD.e.6201/click - {}
RESULT: {}
COMMAND: POST /session/3fdde00e1aad0000c801fdda20f45a25/element - {"using":"xpath","value":"//input[@id=\"application-manageresources-display-component---newResourceUnit--TYPE-inner\"]"}
COMMAND: GET /session/3fdde00e1aad0000c801fdda20f45a25/screenshot - {}
RESULT: {"using":"xpath","value":"//input[@id=\"application-manageresources-display-component---newResourceUnit--TYPE-inner\"]"}
COMMAND: POST /session/3fdde00e1aad0000c801fdda20f45a25/element/f.AD023EB381BA77EAB040171FD40D96B9.d.EFD569640CC3BC0DE272D85DA0BD99DD.e.6185/clear - {}
RESULT: {}
RESULT: {}
COMMAND: POST /session/3fdde00e1aad0000c801fdda20f45a25/element/f.AD023EB381BA77EAB040171FD40D96B9.d.EFD569640CC3BC0DE272D85DA0BD99DD.e.6185/value - {"text":"Equipment"}
COMMAND: GET /session/3fdde00e1aad0000c801fdda20f45a25/screenshot - {}
RESULT: {"text":"Equipment"}
COMMAND: GET /session/3fdde00e1aad0000c801fdda20f45a25/screenshot - {}
RESULT: {}
RESULT: {}
COMMAND: POST /session/3fdde00e1aad0000c801fdda20f45a25/actions - {"actions":[{"id":"action19","type":"key","parameters":{},"actions":[{"type":"keyDown","value":""},{"type":"pause","duration":10},{"type":"keyUp","value":""}]}]}
RESULT: {"actions":[{"id":"action19","type":"key","parameters":{},"actions":[{"type":"keyDown","value":""},{"type":"pause","duration":10},{"type":"keyUp","value":""}]}]}
COMMAND: POST /session/3fdde00e1aad0000c801fdda20f45a25/execute/async - {"script":"<script> [1562 bytes]","args":[{"selector":{"id":"application-manageresources-display-component---newResourceUnit--resourceId","interaction":{"idSuffix":"inner"}},"wdio_ui5_key":"applicationmanageresources-display-component---newResourceUnit--resourceId"}]}
COMMAND: GET /session/3fdde00e1aad0000c801fdda20f45a25/screenshot - {}
RESULT: {"script":"<script> [1562 bytes]","args":[{"selector":{"id":"application-manageresources-display-component---newResourceUnit--resourceId","interaction":{"idSuffix":"inner"}},"wdio_ui5_key":"applicationmanageresources-display-component---newResourceUnit--resourceId"}]}
RESULT: undefined
COMMAND: POST /session/3fdde00e1aad0000c801fdda20f45a25/execute/async - {"script":"<script> [776 bytes]","args":[{"enterText":"2xVi9pnARy","selector":{"id":"application-manageresources-display-component---newResourceUnit--resourceId","interaction":{"idSuffix":"inner"}},"clearTextFirst":true,"interactionType":"ENTER_TEXT"}]}
RESULT: {}
RESULT: {"script":"<script> [776 bytes]","args":[{"enterText":"2xVi9pnARy","selector":{"id":"application-manageresources-display-component---newResourceUnit--resourceId","interaction":{"idSuffix":"inner"}},"clearTextFirst":true,"interactionType":"ENTER_TEXT"}]}
COMMAND: POST /session/3fdde00e1aad0000c801fdda20f45a25/execute/async - {"script":"<script> [1562 bytes]","args":[{"selector":{"id":"application-manageresources-display-component---newResourceUnit--SHORT_TEXT","interaction":{"idSuffix":"inner"}},"wdio_ui5_key":"applicationmanageresources-display-component---newResourceUnit--SHORT_TEXT"}]}
RESULT: {"script":"<script> [1562 bytes]","args":[{"selector":{"id":"application-manageresources-display-component---newResourceUnit--SHORT_TEXT","interaction":{"idSuffix":"inner"}},"wdio_ui5_key":"applicationmanageresources-display-component---newResourceUnit--SHORT_TEXT"}]}
RESULT: undefined
COMMAND: POST /session/3fdde00e1aad0000c801fdda20f45a25/execute/async - {"script":"<script> [776 bytes]","args":[{"enterText":"Intercompany Equipment WDIO","selector":{"id":"application-manageresources-display-component---newResourceUnit--SHORT_TEXT","interaction":{"idSuffix":"inner"}},"clearTextFirst":true,"interactionType":"ENTER_TEXT"}]}
RESULT: {"script":"<script> [776 bytes]","args":[{"enterText":"Intercompany Equipment WDIO","selector":{"id":"application-manageresources-display-component---newResourceUnit--SHORT_TEXT","interaction":{"idSuffix":"inner"}},"clearTextFirst":true,"interactionType":"ENTER_TEXT"}]}
COMMAND: POST /session/3fdde00e1aad0000c801fdda20f45a25/execute/async - {"script":"<script> [1562 bytes]","args":[{"selector":{"id":"application-manageresources-display-component---newResourceUnit--BASE_UNIT_OF_MEASURE","interaction":{"idSuffix":"inner"}},"wdio_ui5_key":"applicationmanageresources-display-component---newResourceUnit--BASE_UNIT_OF_MEASURE"}]}
RESULT: {"script":"<script> [1562 bytes]","args":[{"selector":{"id":"application-manageresources-display-component---newResourceUnit--BASE_UNIT_OF_MEASURE","interaction":{"idSuffix":"inner"}},"wdio_ui5_key":"applicationmanageresources-display-component---newResourceUnit--BASE_UNIT_OF_MEASURE"}]}
RESULT: undefined
COMMAND: POST /session/3fdde00e1aad0000c801fdda20f45a25/execute/async - {"script":"<script> [776 bytes]","args":[{"enterText":"Piece","selector":{"id":"application-manageresources-display-component---newResourceUnit--BASE_UNIT_OF_MEASURE","interaction":{"idSuffix":"inner"}},"clearTextFirst":true,"interactionType":"ENTER_TEXT"}]}
RESULT: {"script":"<script> [776 bytes]","args":[{"enterText":"Piece","selector":{"id":"application-manageresources-display-component---newResourceUnit--BASE_UNIT_OF_MEASURE","interaction":{"idSuffix":"inner"}},"clearTextFirst":true,"interactionType":"ENTER_TEXT"}]}
COMMAND: POST /session/3fdde00e1aad0000c801fdda20f45a25/execute/async - {"script":"<script> [1562 bytes]","args":[{"selector":{"id":"application-manageresources-display-component---newResourceUnit--WEIGHT_UNIT","interaction":{"idSuffix":"inner"}},"wdio_ui5_key":"applicationmanageresources-display-component---newResourceUnit--WEIGHT_UNIT"}]}
RESULT: {"script":"<script> [1562 bytes]","args":[{"selector":{"id":"application-manageresources-display-component---newResourceUnit--WEIGHT_UNIT","interaction":{"idSuffix":"inner"}},"wdio_ui5_key":"applicationmanageresources-display-component---newResourceUnit--WEIGHT_UNIT"}]}
RESULT: undefined
COMMAND: POST /session/3fdde00e1aad0000c801fdda20f45a25/execute/async - {"script":"<script> [776 bytes]","args":[{"enterText":"Gram","selector":{"id":"application-manageresources-display-component---newResourceUnit--WEIGHT_UNIT","interaction":{"idSuffix":"inner"}},"clearTextFirst":true,"interactionType":"ENTER_TEXT"}]}
RESULT: {"script":"<script> [776 bytes]","args":[{"enterText":"Gram","selector":{"id":"application-manageresources-display-component---newResourceUnit--WEIGHT_UNIT","interaction":{"idSuffix":"inner"}},"clearTextFirst":true,"interactionType":"ENTER_TEXT"}]}
COMMAND: POST /session/3fdde00e1aad0000c801fdda20f45a25/execute/async - {"script":"<script> [1562 bytes]","args":[{"selector":{"id":"application-manageresources-display-component---newResourceUnit--DIMENSION_UNIT","interaction":{"idSuffix":"inner"}},"wdio_ui5_key":"applicationmanageresources-display-component---newResourceUnit--DIMENSION_UNIT"}]}
RESULT: {"script":"<script> [1562 bytes]","args":[{"selector":{"id":"application-manageresources-display-component---newResourceUnit--DIMENSION_UNIT","interaction":{"idSuffix":"inner"}},"wdio_ui5_key":"applicationmanageresources-display-component---newResourceUnit--DIMENSION_UNIT"}]}
RESULT: undefined
COMMAND: POST /session/3fdde00e1aad0000c801fdda20f45a25/execute/async - {"script":"<script> [776 bytes]","args":[{"enterText":"Meter","selector":{"id":"application-manageresources-display-component---newResourceUnit--DIMENSION_UNIT","interaction":{"idSuffix":"inner"}},"clearTextFirst":true,"interactionType":"ENTER_TEXT"}]}
RESULT: {"script":"<script> [776 bytes]","args":[{"enterText":"Meter","selector":{"id":"application-manageresources-display-component---newResourceUnit--DIMENSION_UNIT","interaction":{"idSuffix":"inner"}},"clearTextFirst":true,"interactionType":"ENTER_TEXT"}]}
COMMAND: POST /session/3fdde00e1aad0000c801fdda20f45a25/execute/async - {"script":"<script> [1562 bytes]","args":[{"selector":{"id":"application-manageresources-display-component---newResourceUnit--newRRUPage-anchBar-application-manageresources-display-component---newResourceUnit--control-anchor","interaction":{"idSuffix":"BDI-content"}},"wdio_ui5_key":"applicationmanageresources-display-component---newResourceUnit--newRRUPage-anchBar-application-manageresources-display-component---newResourceUnit--control-anchor"}]}
RESULT: {"script":"<script> [1562 bytes]","args":[{"selector":{"id":"application-manageresources-display-component---newResourceUnit--newRRUPage-anchBar-application-manageresources-display-component---newResourceUnit--control-anchor","interaction":{"idSuffix":"BDI-content"}},"wdio_ui5_key":"applicationmanageresources-display-component---newResourceUnit--newRRUPage-anchBar-application-manageresources-display-component---newResourceUnit--control-anchor"}]}
RESULT: undefined
COMMAND: POST /session/3fdde00e1aad0000c801fdda20f45a25/element - {"using":"xpath","value":"//*[@id=\"application-manageresources-display-component---newResourceUnit--newRRUPage-anchBar-application-manageresources-display-component---newResourceUnit--control-anchor\"]"}
RESULT: {"using":"xpath","value":"//*[@id=\"application-manageresources-display-component---newResourceUnit--newRRUPage-anchBar-application-manageresources-display-component---newResourceUnit--control-anchor\"]"}
COMMAND: POST /session/3fdde00e1aad0000c801fdda20f45a25/element/f.AD023EB381BA77EAB040171FD40D96B9.d.EFD569640CC3BC0DE272D85DA0BD99DD.e.6362/click - {}
RESULT: {}
COMMAND: POST /session/3fdde00e1aad0000c801fdda20f45a25/execute/async - {"script":"<script> [1562 bytes]","args":[{"selector":{"id":"application-manageresources-display-component---newResourceUnit--PLANNING_GROUP","interaction":{"idSuffix":"inner"}},"wdio_ui5_key":"applicationmanageresources-display-component---newResourceUnit--PLANNING_GROUP"}]}
COMMAND: GET /session/3fdde00e1aad0000c801fdda20f45a25/screenshot - {}
RESULT: {"script":"<script> [1562 bytes]","args":[{"selector":{"id":"application-manageresources-display-component---newResourceUnit--PLANNING_GROUP","interaction":{"idSuffix":"inner"}},"wdio_ui5_key":"applicationmanageresources-display-component---newResourceUnit--PLANNING_GROUP"}]}
RESULT: undefined
COMMAND: POST /session/3fdde00e1aad0000c801fdda20f45a25/execute/async - {"script":"<script> [776 bytes]","args":[{"enterText":"Heavy Equi","selector":{"id":"application-manageresources-display-component---newResourceUnit--PLANNING_GROUP","interaction":{"idSuffix":"inner"}},"clearTextFirst":true,"interactionType":"ENTER_TEXT"}]}
RESULT: {}
RESULT: {"script":"<script> [776 bytes]","args":[{"enterText":"Heavy Equi","selector":{"id":"application-manageresources-display-component---newResourceUnit--PLANNING_GROUP","interaction":{"idSuffix":"inner"}},"clearTextFirst":true,"interactionType":"ENTER_TEXT"}]}
COMMAND: POST /session/3fdde00e1aad0000c801fdda20f45a25/execute/async - {"script":"<script> [1562 bytes]","args":[{"selector":{"id":"application-manageresources-display-component---newResourceUnit--ITEM_TYPE-arrow"},"wdio_ui5_key":"applicationmanageresources-display-component---newResourceUnit--ITEM_TYPE-arrow"}]}
RESULT: {"script":"<script> [1562 bytes]","args":[{"selector":{"id":"application-manageresources-display-component---newResourceUnit--ITEM_TYPE-arrow"},"wdio_ui5_key":"applicationmanageresources-display-component---newResourceUnit--ITEM_TYPE-arrow"}]}
RESULT: undefined
COMMAND: POST /session/3fdde00e1aad0000c801fdda20f45a25/element - {"using":"xpath","value":"//*[@id=\"application-manageresources-display-component---newResourceUnit--ITEM_TYPE-arrow\"]"}
RESULT: {"using":"xpath","value":"//*[@id=\"application-manageresources-display-component---newResourceUnit--ITEM_TYPE-arrow\"]"}
COMMAND: POST /session/3fdde00e1aad0000c801fdda20f45a25/element/f.AD023EB381BA77EAB040171FD40D96B9.d.EFD569640CC3BC0DE272D85DA0BD99DD.e.6369/click - {}
RESULT: {}
COMMAND: POST /session/3fdde00e1aad0000c801fdda20f45a25/element - {"using":"xpath","value":"//ul[contains(@id,\"ITEM_TYPE-popup-list-listUl\")]//li[.//span[contains(text(),\"Resource Unit\")]]"}
COMMAND: GET /session/3fdde00e1aad0000c801fdda20f45a25/screenshot - {}
RESULT: {"using":"xpath","value":"//ul[contains(@id,\"ITEM_TYPE-popup-list-listUl\")]//li[.//span[contains(text(),\"Resource Unit\")]]"}
COMMAND: POST /session/3fdde00e1aad0000c801fdda20f45a25/element/f.AD023EB381BA77EAB040171FD40D96B9.d.EFD569640CC3BC0DE272D85DA0BD99DD.e.6370/click - {}
RESULT: {}
RESULT: {}
COMMAND: GET /session/3fdde00e1aad0000c801fdda20f45a25/screenshot - {}
RESULT: {}
COMMAND: POST /session/3fdde00e1aad0000c801fdda20f45a25/element - {"using":"css selector","value":"#application-manageresources-display-component---newResourceUnit--btnAddTimeSegment"}
RESULT: {"using":"css selector","value":"#application-manageresources-display-component---newResourceUnit--btnAddTimeSegment"}
COMMAND: GET /session/3fdde00e1aad0000c801fdda20f45a25/element/f.AD023EB381BA77EAB040171FD40D96B9.d.EFD569640CC3BC0DE272D85DA0BD99DD.e.6378/rect - {}
RESULT: {}
COMMAND: GET /session/3fdde00e1aad0000c801fdda20f45a25/window/rect - {}
RESULT: {}
COMMAND: POST /session/3fdde00e1aad0000c801fdda20f45a25/execute/sync - {"script":"<script> [92 bytes]","args":[]}
RESULT: {"script":"<script> [92 bytes]","args":[]}
COMMAND: POST /session/3fdde00e1aad0000c801fdda20f45a25/actions - {"actions":[{"id":"action20","type":"wheel","parameters":{},"actions":[{"type":"scroll","x":-1888,"y":-32,"deltaX":0,"deltaY":0,"duration":0,"origin":{"element-6066-11e4-a52e-4f735466cecf":"f.AD023EB381BA77EAB040171FD40D96B9.d.EFD569640CC3BC0DE272D85DA0BD99DD.e.6378"}}]}]}
COMMAND: GET /session/3fdde00e1aad0000c801fdda20f45a25/screenshot - {}
RESULT: {}
COMMAND: POST /session/3fdde00e1aad0000c801fdda20f45a25/execute/sync - {"script":"<script> [79 bytes]","args":[{"element-6066-11e4-a52e-4f735466cecf":"f.AD023EB381BA77EAB040171FD40D96B9.d.EFD569640CC3BC0DE272D85DA0BD99DD.e.6378","ELEMENT":"f.AD023EB381BA77EAB040171FD40D96B9.d.EFD569640CC3BC0DE272D85DA0BD99DD.e.6378"},{"block":"start","inline":"nearest"}]}
RESULT: {"script":"<script> [79 bytes]","args":[{"element-6066-11e4-a52e-4f735466cecf":"f.AD023EB381BA77EAB040171FD40D96B9.d.EFD569640CC3BC0DE272D85DA0BD99DD.e.6378","ELEMENT":"f.AD023EB381BA77EAB040171FD40D96B9.d.EFD569640CC3BC0DE272D85DA0BD99DD.e.6378"},{"block":"start","inline":"nearest"}]}
COMMAND: POST /session/3fdde00e1aad0000c801fdda20f45a25/execute/async - {"script":"<script> [1562 bytes]","args":[{"selector":{"id":"application-manageresources-display-component---newResourceUnit--btnAddTimeSegment","interaction":{"idSuffix":"inner"}},"wdio_ui5_key":"applicationmanageresources-display-component---newResourceUnit--btnAddTimeSegment"}]}
COMMAND: GET /session/3fdde00e1aad0000c801fdda20f45a25/screenshot - {}
RESULT: {"script":"<script> [1562 bytes]","args":[{"selector":{"id":"application-manageresources-display-component---newResourceUnit--btnAddTimeSegment","interaction":{"idSuffix":"inner"}},"wdio_ui5_key":"applicationmanageresources-display-component---newResourceUnit--btnAddTimeSegment"}]}
RESULT: undefined
COMMAND: POST /session/3fdde00e1aad0000c801fdda20f45a25/element - {"using":"xpath","value":"//*[@id=\"application-manageresources-display-component---newResourceUnit--btnAddTimeSegment\"]"}
RESULT: {}
RESULT: {"using":"xpath","value":"//*[@id=\"application-manageresources-display-component---newResourceUnit--btnAddTimeSegment\"]"}
COMMAND: POST /session/3fdde00e1aad0000c801fdda20f45a25/element/f.AD023EB381BA77EAB040171FD40D96B9.d.EFD569640CC3BC0DE272D85DA0BD99DD.e.6378/click - {}
RESULT: {}
COMMAND: GET /session/3fdde00e1aad0000c801fdda20f45a25/screenshot - {}
RESULT: {}
COMMAND: POST /session/3fdde00e1aad0000c801fdda20f45a25/element - {"using":"xpath","value":"//input[@id=\"application-manageresources-display-component---newResourceUnit--idRuTSAdmin-application-manageresources-display-component---newResourceUnit--RUTimeSegment-0-inner\"]"}
RESULT: {"using":"xpath","value":"//input[@id=\"application-manageresources-display-component---newResourceUnit--idRuTSAdmin-application-manageresources-display-component---newResourceUnit--RUTimeSegment-0-inner\"]"}
COMMAND: POST /session/3fdde00e1aad0000c801fdda20f45a25/element/f.AD023EB381BA77EAB040171FD40D96B9.d.EFD569640CC3BC0DE272D85DA0BD99DD.e.6384/clear - {}
RESULT: {}
COMMAND: POST /session/3fdde00e1aad0000c801fdda20f45a25/element/f.AD023EB381BA77EAB040171FD40D96B9.d.EFD569640CC3BC0DE272D85DA0BD99DD.e.6384/value - {"text":"566"}
COMMAND: GET /session/3fdde00e1aad0000c801fdda20f45a25/screenshot - {}
RESULT: {"text":"566"}
COMMAND: GET /session/3fdde00e1aad0000c801fdda20f45a25/screenshot - {}
RESULT: {}
RESULT: {}
COMMAND: POST /session/3fdde00e1aad0000c801fdda20f45a25/element - {"using":"xpath","value":"//li[.//span[text()='566']]"}
RESULT: {"using":"xpath","value":"//li[.//span[text()='566']]"}
COMMAND: POST /session/3fdde00e1aad0000c801fdda20f45a25/element/f.AD023EB381BA77EAB040171FD40D96B9.d.EFD569640CC3BC0DE272D85DA0BD99DD.e.6396/click - {}
RESULT: {}
COMMAND: GET /session/3fdde00e1aad0000c801fdda20f45a25/screenshot - {}
RESULT: {}
COMMAND: POST /session/3fdde00e1aad0000c801fdda20f45a25/element - {"using":"xpath","value":"(//span[contains(@id, \"-application-manageresources-display-component---newResourceUnit--RUTimeSegment-0-arrow\")])[6]"}
RESULT: {"using":"xpath","value":"(//span[contains(@id, \"-application-manageresources-display-component---newResourceUnit--RUTimeSegment-0-arrow\")])[6]"}
COMMAND: POST /session/3fdde00e1aad0000c801fdda20f45a25/element/f.AD023EB381BA77EAB040171FD40D96B9.d.EFD569640CC3BC0DE272D85DA0BD99DD.e.6397/click - {}
RESULT: {}
COMMAND: GET /session/3fdde00e1aad0000c801fdda20f45a25/screenshot - {}
RESULT: {}
COMMAND: POST /session/3fdde00e1aad0000c801fdda20f45a25/element - {"using":"xpath","value":"//span[contains(text(), \"PM Order\")]"}
RESULT: {"using":"xpath","value":"//span[contains(text(), \"PM Order\")]"}
COMMAND: POST /session/3fdde00e1aad0000c801fdda20f45a25/element/f.AD023EB381BA77EAB040171FD40D96B9.d.EFD569640CC3BC0DE272D85DA0BD99DD.e.6400/click - {}
RESULT: {}
COMMAND: GET /session/3fdde00e1aad0000c801fdda20f45a25/screenshot - {}
RESULT: {}
COMMAND: POST /session/3fdde00e1aad0000c801fdda20f45a25/element - {"using":"xpath","value":"(//span[contains(@id ,\"manageresources-display-component---newResourceUnit--RUTimeSegment-0-vhi\")])[1]"}
RESULT: {"using":"xpath","value":"(//span[contains(@id ,\"manageresources-display-component---newResourceUnit--RUTimeSegment-0-vhi\")])[1]"}
COMMAND: GET /session/3fdde00e1aad0000c801fdda20f45a25/element/f.AD023EB381BA77EAB040171FD40D96B9.d.EFD569640CC3BC0DE272D85DA0BD99DD.e.6404/rect - {}
RESULT: {}
COMMAND: GET /session/3fdde00e1aad0000c801fdda20f45a25/window/rect - {}
RESULT: {}
COMMAND: POST /session/3fdde00e1aad0000c801fdda20f45a25/execute/sync - {"script":"<script> [92 bytes]","args":[]}
RESULT: {"script":"<script> [92 bytes]","args":[]}
COMMAND: POST /session/3fdde00e1aad0000c801fdda20f45a25/actions - {"actions":[{"id":"action21","type":"wheel","parameters":{},"actions":[{"type":"scroll","x":-869,"y":-24,"deltaX":0,"deltaY":0,"duration":0,"origin":{"element-6066-11e4-a52e-4f735466cecf":"f.AD023EB381BA77EAB040171FD40D96B9.d.EFD569640CC3BC0DE272D85DA0BD99DD.e.6404"}}]}]}
COMMAND: GET /session/3fdde00e1aad0000c801fdda20f45a25/screenshot - {}
RESULT: {"actions":[{"id":"action21","type":"wheel","parameters":{},"actions":[{"type":"scroll","x":-869,"y":-24,"deltaX":0,"deltaY":0,"duration":0,"origin":{"element-6066-11e4-a52e-4f735466cecf":"f.AD023EB381BA77EAB040171FD40D96B9.d.EFD569640CC3BC0DE272D85DA0BD99DD.e.6404"}}]}]}
COMMAND: DELETE /session/3fdde00e1aad0000c801fdda20f45a25/actions - {}
COMMAND: GET /session/3fdde00e1aad0000c801fdda20f45a25/screenshot - {}
RESULT: {}
RESULT: {}
COMMAND: GET /session/3fdde00e1aad0000c801fdda20f45a25/screenshot - {}
RESULT: {}
RESULT: {}
COMMAND: POST /session/3fdde00e1aad0000c801fdda20f45a25/element/f.AD023EB381BA77EAB040171FD40D96B9.d.EFD569640CC3BC0DE272D85DA0BD99DD.e.6404/click - {}
RESULT: {}
COMMAND: GET /session/3fdde00e1aad0000c801fdda20f45a25/screenshot - {}
RESULT: {}
COMMAND: POST /session/3fdde00e1aad0000c801fdda20f45a25/execute/async - {"script":"<script> [1562 bytes]","args":[{"selector":{"controlType":"sap.m.SearchField","properties":{"placeholder":"Search"},"searchOpenDialogs":true,"interaction":{"idSuffix":"I"}},"wdio_ui5_key":"sapm.SearchField{\"placeholder\":\"Search\"}"}]}
RESULT: {"script":"<script> [1562 bytes]","args":[{"selector":{"controlType":"sap.m.SearchField","properties":{"placeholder":"Search"},"searchOpenDialogs":true,"interaction":{"idSuffix":"I"}},"wdio_ui5_key":"sapm.SearchField{\"placeholder\":\"Search\"}"}]}
RESULT: undefined
COMMAND: POST /session/3fdde00e1aad0000c801fdda20f45a25/execute/async - {"script":"<script> [776 bytes]","args":[{"enterText":"4000360","selector":{"controlType":"sap.m.SearchField","properties":{"placeholder":"Search"},"searchOpenDialogs":true,"interaction":{"idSuffix":"I"}},"clearTextFirst":true,"interactionType":"ENTER_TEXT"}]}
RESULT: {"script":"<script> [776 bytes]","args":[{"enterText":"4000360","selector":{"controlType":"sap.m.SearchField","properties":{"placeholder":"Search"},"searchOpenDialogs":true,"interaction":{"idSuffix":"I"}},"clearTextFirst":true,"interactionType":"ENTER_TEXT"}]}
COMMAND: POST /session/3fdde00e1aad0000c801fdda20f45a25/actions - {"actions":[{"id":"action22","type":"key","parameters":{},"actions":[{"type":"keyDown","value":""},{"type":"pause","duration":10},{"type":"keyUp","value":""}]}]}
RESULT: {"actions":[{"id":"action22","type":"key","parameters":{},"actions":[{"type":"keyDown","value":""},{"type":"pause","duration":10},{"type":"keyUp","value":""}]}]}
COMMAND: GET /session/3fdde00e1aad0000c801fdda20f45a25/screenshot - {}
RESULT: {}
COMMAND: POST /session/3fdde00e1aad0000c801fdda20f45a25/element - {"using":"xpath","value":"//td/div/span[contains(text(), \"BGL Vehicles\")]"}
RESULT: {"using":"xpath","value":"//td/div/span[contains(text(), \"BGL Vehicles\")]"}
COMMAND: POST /session/3fdde00e1aad0000c801fdda20f45a25/element/f.AD023EB381BA77EAB040171FD40D96B9.d.EFD569640CC3BC0DE272D85DA0BD99DD.e.6427/click - {}
RESULT: {}
COMMAND: GET /session/3fdde00e1aad0000c801fdda20f45a25/screenshot - {}
RESULT: {}
COMMAND: POST /session/3fdde00e1aad0000c801fdda20f45a25/element - {"using":"xpath","value":"//bdi[contains(text(), \"OK\")]"}
RESULT: {"using":"xpath","value":"//bdi[contains(text(), \"OK\")]"}
COMMAND: POST /session/3fdde00e1aad0000c801fdda20f45a25/element/f.AD023EB381BA77EAB040171FD40D96B9.d.EFD569640CC3BC0DE272D85DA0BD99DD.e.6428/click - {}
RESULT: {}
COMMAND: GET /session/3fdde00e1aad0000c801fdda20f45a25/screenshot - {}
RESULT: {}
COMMAND: POST /session/3fdde00e1aad0000c801fdda20f45a25/execute/async - {"script":"<script> [1562 bytes]","args":[{"selector":{"id":"application-manageresources-display-component---newResourceUnit--newRRUPage-anchBar-application-manageresources-display-component---newResourceUnit--resource-anchor","interaction":{"idSuffix":"BDI-content"}},"wdio_ui5_key":"applicationmanageresources-display-component---newResourceUnit--newRRUPage-anchBar-application-manageresources-display-component---newResourceUnit--resource-anchor"}]}
RESULT: {"script":"<script> [1562 bytes]","args":[{"selector":{"id":"application-manageresources-display-component---newResourceUnit--newRRUPage-anchBar-application-manageresources-display-component---newResourceUnit--resource-anchor","interaction":{"idSuffix":"BDI-content"}},"wdio_ui5_key":"applicationmanageresources-display-component---newResourceUnit--newRRUPage-anchBar-application-manageresources-display-component---newResourceUnit--resource-anchor"}]}
RESULT: undefined
COMMAND: POST /session/3fdde00e1aad0000c801fdda20f45a25/element - {"using":"xpath","value":"//*[@id=\"application-manageresources-display-component---newResourceUnit--newRRUPage-anchBar-application-manageresources-display-component---newResourceUnit--resource-anchor\"]"}
RESULT: {"using":"xpath","value":"//*[@id=\"application-manageresources-display-component---newResourceUnit--newRRUPage-anchBar-application-manageresources-display-component---newResourceUnit--resource-anchor\"]"}
COMMAND: POST /session/3fdde00e1aad0000c801fdda20f45a25/element/f.AD023EB381BA77EAB040171FD40D96B9.d.EFD569640CC3BC0DE272D85DA0BD99DD.e.6432/click - {}
RESULT: {}
COMMAND: POST /session/3fdde00e1aad0000c801fdda20f45a25/execute/async - {"script":"<script> [1562 bytes]","args":[{"selector":{"id":"application-manageresources-display-component---newResourceUnit--PLANNED_DELIVERY_DATE","interaction":{"idSuffix":"inner"}},"wdio_ui5_key":"applicationmanageresources-display-component---newResourceUnit--PLANNED_DELIVERY_DATE"}]}
COMMAND: GET /session/3fdde00e1aad0000c801fdda20f45a25/screenshot - {}
RESULT: {"script":"<script> [1562 bytes]","args":[{"selector":{"id":"application-manageresources-display-component---newResourceUnit--PLANNED_DELIVERY_DATE","interaction":{"idSuffix":"inner"}},"wdio_ui5_key":"applicationmanageresources-display-component---newResourceUnit--PLANNED_DELIVERY_DATE"}]}
RESULT: undefined
COMMAND: POST /session/3fdde00e1aad0000c801fdda20f45a25/execute/async - {"script":"<script> [6424 bytes]","args":[{"element-6066-11e4-a52e-4f735466cecf":"f.AD023EB381BA77EAB040171FD40D96B9.d.EFD569640CC3BC0DE272D85DA0BD99DD.e.6259"},"setValue",["6/1/25"]]}
RESULT: {}
RESULT: {"script":"<script> [6424 bytes]","args":[{"element-6066-11e4-a52e-4f735466cecf":"f.AD023EB381BA77EAB040171FD40D96B9.d.EFD569640CC3BC0DE272D85DA0BD99DD.e.6259"},"setValue",["6/1/25"]]}
COMMAND: POST /session/3fdde00e1aad0000c801fdda20f45a25/element - {"using":"xpath","value":"//label[contains(@class, 'sapMLabelRequired') and .//bdi[contains(text(), 'Planned Retirement')]]"}
RESULT: {"using":"xpath","value":"//label[contains(@class, 'sapMLabelRequired') and .//bdi[contains(text(), 'Planned Retirement')]]"}
COMMAND: POST /session/3fdde00e1aad0000c801fdda20f45a25/elements - {"using":"xpath","value":"//label[contains(@class, 'sapMLabelRequired') and .//bdi[contains(text(), 'Planned Retirement')]]"}
RESULT: {"using":"xpath","value":"//label[contains(@class, 'sapMLabelRequired') and .//bdi[contains(text(), 'Planned Retirement')]]"}
COMMAND: POST /session/3fdde00e1aad0000c801fdda20f45a25/element - {"using":"xpath","value":"//button[@data-kt=\"resourceUnitSaveButton\"]"}
RESULT: {"using":"xpath","value":"//button[@data-kt=\"resourceUnitSaveButton\"]"}
COMMAND: POST /session/3fdde00e1aad0000c801fdda20f45a25/element/f.AD023EB381BA77EAB040171FD40D96B9.d.EFD569640CC3BC0DE272D85DA0BD99DD.e.6219/click - {}
RESULT: {}
COMMAND: GET /session/3fdde00e1aad0000c801fdda20f45a25/screenshot - {}
RESULT: {}
COMMAND: POST /session/3fdde00e1aad0000c801fdda20f45a25/element - {"using":"xpath","value":"//bdi[contains(text(), \"Close\")]"}
RESULT: {"using":"xpath","value":"//bdi[contains(text(), \"Close\")]"}
COMMAND: POST /session/3fdde00e1aad0000c801fdda20f45a25/element/f.AD023EB381BA77EAB040171FD40D96B9.d.EFD569640CC3BC0DE272D85DA0BD99DD.e.6440/click - {}
RESULT: {}
COMMAND: GET /session/3fdde00e1aad0000c801fdda20f45a25/screenshot - {}
RESULT: {}
COMMAND: POST /session/3fdde00e1aad0000c801fdda20f45a25/element - {"using":"xpath","value":"(//button[contains(@id ,\"actionsToolbar-overflowButton\")])[1]"}
RESULT: {"using":"xpath","value":"(//button[contains(@id ,\"actionsToolbar-overflowButton\")])[1]"}
COMMAND: POST /session/3fdde00e1aad0000c801fdda20f45a25/element/f.AD023EB381BA77EAB040171FD40D96B9.d.EFD569640CC3BC0DE272D85DA0BD99DD.e.6499/click - {}
RESULT: {}
COMMAND: GET /session/3fdde00e1aad0000c801fdda20f45a25/screenshot - {}
RESULT: {}
COMMAND: POST /session/3fdde00e1aad0000c801fdda20f45a25/element - {"using":"xpath","value":"//button[@data-kt=\"priceInfoButton\"]"}
RESULT: {"using":"xpath","value":"//button[@data-kt=\"priceInfoButton\"]"}
COMMAND: POST /session/3fdde00e1aad0000c801fdda20f45a25/element/f.AD023EB381BA77EAB040171FD40D96B9.d.EFD569640CC3BC0DE272D85DA0BD99DD.e.6501/click - {}
RESULT: {}
COMMAND: GET /session/3fdde00e1aad0000c801fdda20f45a25/screenshot - {}
RESULT: {}
COMMAND: POST /session/3fdde00e1aad0000c801fdda20f45a25/element - {"using":"css selector","value":"#shell-header-logo"}
RESULT: {"using":"css selector","value":"#shell-header-logo"}
COMMAND: POST /session/3fdde00e1aad0000c801fdda20f45a25/element/f.AD023EB381BA77EAB040171FD40D96B9.d.EFD569640CC3BC0DE272D85DA0BD99DD.e.5801/click - {}
RESULT: {}
COMMAND: GET /session/3fdde00e1aad0000c801fdda20f45a25/screenshot - {}
RESULT: {}
COMMAND: POST /session/3fdde00e1aad0000c801fdda20f45a25/execute/async - {"script":"<script> [1562 bytes]","args":[{"selector":{"controlType":"sap.m.GenericTile","properties":{"header":"Manage Handovers"}},"wdio_ui5_key":"sapm.GenericTile{\"header\":\"Manage Handovers\"}"}]}
RESULT: {"script":"<script> [1562 bytes]","args":[{"selector":{"controlType":"sap.m.GenericTile","properties":{"header":"Manage Handovers"}},"wdio_ui5_key":"sapm.GenericTile{\"header\":\"Manage Handovers\"}"}]}
RESULT: undefined
COMMAND: POST /session/3fdde00e1aad0000c801fdda20f45a25/element - {"using":"xpath","value":"//*[@id=\"__tile131\"]"}
RESULT: {"using":"xpath","value":"//*[@id=\"__tile131\"]"}
COMMAND: POST /session/3fdde00e1aad0000c801fdda20f45a25/element/f.AD023EB381BA77EAB040171FD40D96B9.d.EFD569640CC3BC0DE272D85DA0BD99DD.e.5751/click - {}
RESULT: {}
COMMAND: GET /session/3fdde00e1aad0000c801fdda20f45a25/screenshot - {}
RESULT: {}
COMMAND: POST /session/3fdde00e1aad0000c801fdda20f45a25/elements - {"using":"xpath","value":"//span[text()='Error']"}
RESULT: {"using":"xpath","value":"//span[text()='Error']"}
COMMAND: POST /session/3fdde00e1aad0000c801fdda20f45a25/element - {"using":"xpath","value":"//button[@data-kt=\"masterHOAddButton\"]"}
RESULT: {"using":"xpath","value":"//button[@data-kt=\"masterHOAddButton\"]"}
COMMAND: POST /session/3fdde00e1aad0000c801fdda20f45a25/elements - {"using":"xpath","value":"//button[@data-kt=\"masterHOAddButton\"]"}
RESULT: {"using":"xpath","value":"//button[@data-kt=\"masterHOAddButton\"]"}
COMMAND: POST /session/3fdde00e1aad0000c801fdda20f45a25/execute/sync - {"script":"<script> [8489 bytes]","args":[{"element-6066-11e4-a52e-4f735466cecf":"f.AD023EB381BA77EAB040171FD40D96B9.d.EFD569640CC3BC0DE272D85DA0BD99DD.e.6545","ELEMENT":"f.AD023EB381BA77EAB040171FD40D96B9.d.EFD569640CC3BC0DE272D85DA0BD99DD.e.6545"}]}
RESULT: {"script":"<script> [8489 bytes]","args":[{"element-6066-11e4-a52e-4f735466cecf":"f.AD023EB381BA77EAB040171FD40D96B9.d.EFD569640CC3BC0DE272D85DA0BD99DD.e.6545","ELEMENT":"f.AD023EB381BA77EAB040171FD40D96B9.d.EFD569640CC3BC0DE272D85DA0BD99DD.e.6545"}]}
COMMAND: GET /session/3fdde00e1aad0000c801fdda20f45a25/element/f.AD023EB381BA77EAB040171FD40D96B9.d.EFD569640CC3BC0DE272D85DA0BD99DD.e.6545/enabled - {}
COMMAND: GET /session/3fdde00e1aad0000c801fdda20f45a25/screenshot - {}
RESULT: {}
COMMAND: POST /session/3fdde00e1aad0000c801fdda20f45a25/execute/sync - {"script":"<script> [8489 bytes]","args":[{"element-6066-11e4-a52e-4f735466cecf":"f.AD023EB381BA77EAB040171FD40D96B9.d.EFD569640CC3BC0DE272D85DA0BD99DD.e.6545","ELEMENT":"f.AD023EB381BA77EAB040171FD40D96B9.d.EFD569640CC3BC0DE272D85DA0BD99DD.e.6545"}]}
COMMAND: GET /session/3fdde00e1aad0000c801fdda20f45a25/screenshot - {}
RESULT: {}
RESULT: {"script":"<script> [8489 bytes]","args":[{"element-6066-11e4-a52e-4f735466cecf":"f.AD023EB381BA77EAB040171FD40D96B9.d.EFD569640CC3BC0DE272D85DA0BD99DD.e.6545","ELEMENT":"f.AD023EB381BA77EAB040171FD40D96B9.d.EFD569640CC3BC0DE272D85DA0BD99DD.e.6545"}]}
COMMAND: POST /session/3fdde00e1aad0000c801fdda20f45a25/execute/sync - {"script":"<script> [5351 bytes]","args":[{"element-6066-11e4-a52e-4f735466cecf":"f.AD023EB381BA77EAB040171FD40D96B9.d.EFD569640CC3BC0DE272D85DA0BD99DD.e.6545","ELEMENT":"f.AD023EB381BA77EAB040171FD40D96B9.d.EFD569640CC3BC0DE272D85DA0BD99DD.e.6545"}]}
COMMAND: GET /session/3fdde00e1aad0000c801fdda20f45a25/screenshot - {}
RESULT: {}
RESULT: {"script":"<script> [5351 bytes]","args":[{"element-6066-11e4-a52e-4f735466cecf":"f.AD023EB381BA77EAB040171FD40D96B9.d.EFD569640CC3BC0DE272D85DA0BD99DD.e.6545","ELEMENT":"f.AD023EB381BA77EAB040171FD40D96B9.d.EFD569640CC3BC0DE272D85DA0BD99DD.e.6545"}]}
COMMAND: POST /session/3fdde00e1aad0000c801fdda20f45a25/element/f.AD023EB381BA77EAB040171FD40D96B9.d.EFD569640CC3BC0DE272D85DA0BD99DD.e.6545/click - {}
COMMAND: GET /session/3fdde00e1aad0000c801fdda20f45a25/screenshot - {}
RESULT: {}
RESULT: {}
COMMAND: GET /session/3fdde00e1aad0000c801fdda20f45a25/screenshot - {}
COMMAND: POST /session/3fdde00e1aad0000c801fdda20f45a25/element - {"using":"xpath","value":"//span[contains(@id ,\"AddNewHO--typeSelect-arrow\")]"}
RESULT: {}
RESULT: {}
RESULT: {"using":"xpath","value":"//span[contains(@id ,\"AddNewHO--typeSelect-arrow\")]"}
COMMAND: POST /session/3fdde00e1aad0000c801fdda20f45a25/element/f.AD023EB381BA77EAB040171FD40D96B9.d.EFD569640CC3BC0DE272D85DA0BD99DD.e.6898/click - {}
RESULT: {}
COMMAND: GET /session/3fdde00e1aad0000c801fdda20f45a25/screenshot - {}
RESULT: {}
COMMAND: POST /session/3fdde00e1aad0000c801fdda20f45a25/element - {"using":"xpath","value":"(//li[contains(text(), \"stock increase yard\")])[1]"}
RESULT: {"using":"xpath","value":"(//li[contains(text(), \"stock increase yard\")])[1]"}
COMMAND: POST /session/3fdde00e1aad0000c801fdda20f45a25/element/f.AD023EB381BA77EAB040171FD40D96B9.d.EFD569640CC3BC0DE272D85DA0BD99DD.e.6899/click - {}
RESULT: {}
COMMAND: GET /session/3fdde00e1aad0000c801fdda20f45a25/screenshot - {}
RESULT: {}
COMMAND: POST /session/3fdde00e1aad0000c801fdda20f45a25/execute/async - {"script":"<script> [1562 bytes]","args":[{"selector":{"id":"application-managehandovers-display-component---AddNewHO--dueDate","interaction":{"idSuffix":"inner"}},"wdio_ui5_key":"applicationmanagehandovers-display-component---AddNewHO--dueDate"}]}
RESULT: {"script":"<script> [1562 bytes]","args":[{"selector":{"id":"application-managehandovers-display-component---AddNewHO--dueDate","interaction":{"idSuffix":"inner"}},"wdio_ui5_key":"applicationmanagehandovers-display-component---AddNewHO--dueDate"}]}
RESULT: undefined
COMMAND: POST /session/3fdde00e1aad0000c801fdda20f45a25/execute/async - {"script":"<script> [6424 bytes]","args":[{"element-6066-11e4-a52e-4f735466cecf":"f.AD023EB381BA77EAB040171FD40D96B9.d.EFD569640CC3BC0DE272D85DA0BD99DD.e.6903"},"setValue",["6/1/25"]]}
RESULT: {"script":"<script> [6424 bytes]","args":[{"element-6066-11e4-a52e-4f735466cecf":"f.AD023EB381BA77EAB040171FD40D96B9.d.EFD569640CC3BC0DE272D85DA0BD99DD.e.6903"},"setValue",["6/1/25"]]}
COMMAND: POST /session/3fdde00e1aad0000c801fdda20f45a25/element - {"using":"xpath","value":"//input[@id=\"generalSectionFrg--receiveYard-inner\"]"}
RESULT: {"using":"xpath","value":"//input[@id=\"generalSectionFrg--receiveYard-inner\"]"}
COMMAND: POST /session/3fdde00e1aad0000c801fdda20f45a25/element/f.AD023EB381BA77EAB040171FD40D96B9.d.EFD569640CC3BC0DE272D85DA0BD99DD.e.6909/clear - {}
RESULT: {}
COMMAND: POST /session/3fdde00e1aad0000c801fdda20f45a25/element/f.AD023EB381BA77EAB040171FD40D96B9.d.EFD569640CC3BC0DE272D85DA0BD99DD.e.6909/value - {"text":"566"}
COMMAND: GET /session/3fdde00e1aad0000c801fdda20f45a25/screenshot - {}
RESULT: {}
RESULT: {"text":"566"}
COMMAND: GET /session/3fdde00e1aad0000c801fdda20f45a25/screenshot - {}
RESULT: {}
COMMAND: POST /session/3fdde00e1aad0000c801fdda20f45a25/element - {"using":"xpath","value":"//li[.//span[contains(text(),'566 -')]]"}
RESULT: {"using":"xpath","value":"//li[.//span[contains(text(),'566 -')]]"}
COMMAND: POST /session/3fdde00e1aad0000c801fdda20f45a25/elements - {"using":"xpath","value":"//li[.//span[contains(text(),'566 -')]]"}
RESULT: {"using":"xpath","value":"//li[.//span[contains(text(),'566 -')]]"}
COMMAND: POST /session/3fdde00e1aad0000c801fdda20f45a25/elements - {"using":"xpath","value":"//li[.//span[contains(text(),'566 -')]]"}
RESULT: {"using":"xpath","value":"//li[.//span[contains(text(),'566 -')]]"}
COMMAND: POST /session/3fdde00e1aad0000c801fdda20f45a25/elements - {"using":"xpath","value":"//li[.//span[contains(text(),'566 -')]]"}
RESULT: {"using":"xpath","value":"//li[.//span[contains(text(),'566 -')]]"}
COMMAND: POST /session/3fdde00e1aad0000c801fdda20f45a25/elements - {"using":"xpath","value":"//li[.//span[contains(text(),'566 -')]]"}
RESULT: {"using":"xpath","value":"//li[.//span[contains(text(),'566 -')]]"}
COMMAND: POST /session/3fdde00e1aad0000c801fdda20f45a25/elements - {"using":"xpath","value":"//li[.//span[contains(text(),'566 -')]]"}
RESULT: {"using":"xpath","value":"//li[.//span[contains(text(),'566 -')]]"}
COMMAND: POST /session/3fdde00e1aad0000c801fdda20f45a25/elements - {"using":"xpath","value":"//li[.//span[contains(text(),'566 -')]]"}
RESULT: {"using":"xpath","value":"//li[.//span[contains(text(),'566 -')]]"}
COMMAND: POST /session/3fdde00e1aad0000c801fdda20f45a25/elements - {"using":"xpath","value":"//li[.//span[contains(text(),'566 -')]]"}
RESULT: {"using":"xpath","value":"//li[.//span[contains(text(),'566 -')]]"}
COMMAND: POST /session/3fdde00e1aad0000c801fdda20f45a25/elements - {"using":"xpath","value":"//li[.//span[contains(text(),'566 -')]]"}
RESULT: {"using":"xpath","value":"//li[.//span[contains(text(),'566 -')]]"}
COMMAND: POST /session/3fdde00e1aad0000c801fdda20f45a25/elements - {"using":"xpath","value":"//li[.//span[contains(text(),'566 -')]]"}
RESULT: {"using":"xpath","value":"//li[.//span[contains(text(),'566 -')]]"}
COMMAND: POST /session/3fdde00e1aad0000c801fdda20f45a25/elements - {"using":"xpath","value":"//li[.//span[contains(text(),'566 -')]]"}
RESULT: {"using":"xpath","value":"//li[.//span[contains(text(),'566 -')]]"}
COMMAND: POST /session/3fdde00e1aad0000c801fdda20f45a25/elements - {"using":"xpath","value":"//li[.//span[contains(text(),'566 -')]]"}
RESULT: {"using":"xpath","value":"//li[.//span[contains(text(),'566 -')]]"}
COMMAND: POST /session/3fdde00e1aad0000c801fdda20f45a25/elements - {"using":"xpath","value":"//li[.//span[contains(text(),'566 -')]]"}
RESULT: {"using":"xpath","value":"//li[.//span[contains(text(),'566 -')]]"}
COMMAND: POST /session/3fdde00e1aad0000c801fdda20f45a25/elements - {"using":"xpath","value":"//li[.//span[contains(text(),'566 -')]]"}
RESULT: {"using":"xpath","value":"//li[.//span[contains(text(),'566 -')]]"}
COMMAND: POST /session/3fdde00e1aad0000c801fdda20f45a25/elements - {"using":"xpath","value":"//li[.//span[contains(text(),'566 -')]]"}
RESULT: {"using":"xpath","value":"//li[.//span[contains(text(),'566 -')]]"}
COMMAND: POST /session/3fdde00e1aad0000c801fdda20f45a25/elements - {"using":"xpath","value":"//li[.//span[contains(text(),'566 -')]]"}
RESULT: {"using":"xpath","value":"//li[.//span[contains(text(),'566 -')]]"}
COMMAND: POST /session/3fdde00e1aad0000c801fdda20f45a25/elements - {"using":"xpath","value":"//li[.//span[contains(text(),'566 -')]]"}
RESULT: {"using":"xpath","value":"//li[.//span[contains(text(),'566 -')]]"}
COMMAND: POST /session/3fdde00e1aad0000c801fdda20f45a25/elements - {"using":"xpath","value":"//li[.//span[contains(text(),'566 -')]]"}
RESULT: {"using":"xpath","value":"//li[.//span[contains(text(),'566 -')]]"}
COMMAND: POST /session/3fdde00e1aad0000c801fdda20f45a25/elements - {"using":"xpath","value":"//li[.//span[contains(text(),'566 -')]]"}
RESULT: {"using":"xpath","value":"//li[.//span[contains(text(),'566 -')]]"}
COMMAND: POST /session/3fdde00e1aad0000c801fdda20f45a25/elements - {"using":"xpath","value":"//li[.//span[contains(text(),'566 -')]]"}
RESULT: {"using":"xpath","value":"//li[.//span[contains(text(),'566 -')]]"}
COMMAND: POST /session/3fdde00e1aad0000c801fdda20f45a25/elements - {"using":"xpath","value":"//li[.//span[contains(text(),'566 -')]]"}
RESULT: {"using":"xpath","value":"//li[.//span[contains(text(),'566 -')]]"}
COMMAND: POST /session/3fdde00e1aad0000c801fdda20f45a25/elements - {"using":"xpath","value":"//li[.//span[contains(text(),'566 -')]]"}
RESULT: {"using":"xpath","value":"//li[.//span[contains(text(),'566 -')]]"}
COMMAND: POST /session/3fdde00e1aad0000c801fdda20f45a25/elements - {"using":"xpath","value":"//li[.//span[contains(text(),'566 -')]]"}
RESULT: {"using":"xpath","value":"//li[.//span[contains(text(),'566 -')]]"}
COMMAND: POST /session/3fdde00e1aad0000c801fdda20f45a25/elements - {"using":"xpath","value":"//li[.//span[contains(text(),'566 -')]]"}
RESULT: {"using":"xpath","value":"//li[.//span[contains(text(),'566 -')]]"}
COMMAND: POST /session/3fdde00e1aad0000c801fdda20f45a25/elements - {"using":"xpath","value":"//li[.//span[contains(text(),'566 -')]]"}
RESULT: {"using":"xpath","value":"//li[.//span[contains(text(),'566 -')]]"}
COMMAND: POST /session/3fdde00e1aad0000c801fdda20f45a25/elements - {"using":"xpath","value":"//li[.//span[contains(text(),'566 -')]]"}
RESULT: {"using":"xpath","value":"//li[.//span[contains(text(),'566 -')]]"}
COMMAND: POST /session/3fdde00e1aad0000c801fdda20f45a25/elements - {"using":"xpath","value":"//li[.//span[contains(text(),'566 -')]]"}
RESULT: {"using":"xpath","value":"//li[.//span[contains(text(),'566 -')]]"}
COMMAND: POST /session/3fdde00e1aad0000c801fdda20f45a25/elements - {"using":"xpath","value":"//li[.//span[contains(text(),'566 -')]]"}
RESULT: {"using":"xpath","value":"//li[.//span[contains(text(),'566 -')]]"}
COMMAND: POST /session/3fdde00e1aad0000c801fdda20f45a25/elements - {"using":"xpath","value":"//li[.//span[contains(text(),'566 -')]]"}
RESULT: {"using":"xpath","value":"//li[.//span[contains(text(),'566 -')]]"}
COMMAND: POST /session/3fdde00e1aad0000c801fdda20f45a25/elements - {"using":"xpath","value":"//li[.//span[contains(text(),'566 -')]]"}
RESULT: {"using":"xpath","value":"//li[.//span[contains(text(),'566 -')]]"}
COMMAND: POST /session/3fdde00e1aad0000c801fdda20f45a25/elements - {"using":"xpath","value":"//li[.//span[contains(text(),'566 -')]]"}
RESULT: {"using":"xpath","value":"//li[.//span[contains(text(),'566 -')]]"}
COMMAND: POST /session/3fdde00e1aad0000c801fdda20f45a25/elements - {"using":"xpath","value":"//li[.//span[contains(text(),'566 -')]]"}
RESULT: {"using":"xpath","value":"//li[.//span[contains(text(),'566 -')]]"}
COMMAND: POST /session/3fdde00e1aad0000c801fdda20f45a25/elements - {"using":"xpath","value":"//li[.//span[contains(text(),'566 -')]]"}
RESULT: {"using":"xpath","value":"//li[.//span[contains(text(),'566 -')]]"}
COMMAND: POST /session/3fdde00e1aad0000c801fdda20f45a25/elements - {"using":"xpath","value":"//li[.//span[contains(text(),'566 -')]]"}
RESULT: {"using":"xpath","value":"//li[.//span[contains(text(),'566 -')]]"}
COMMAND: POST /session/3fdde00e1aad0000c801fdda20f45a25/elements - {"using":"xpath","value":"//li[.//span[contains(text(),'566 -')]]"}
RESULT: {"using":"xpath","value":"//li[.//span[contains(text(),'566 -')]]"}
COMMAND: POST /session/3fdde00e1aad0000c801fdda20f45a25/elements - {"using":"xpath","value":"//li[.//span[contains(text(),'566 -')]]"}
RESULT: {"using":"xpath","value":"//li[.//span[contains(text(),'566 -')]]"}
COMMAND: POST /session/3fdde00e1aad0000c801fdda20f45a25/elements - {"using":"xpath","value":"//li[.//span[contains(text(),'566 -')]]"}
RESULT: {"using":"xpath","value":"//li[.//span[contains(text(),'566 -')]]"}
COMMAND: POST /session/3fdde00e1aad0000c801fdda20f45a25/elements - {"using":"xpath","value":"//li[.//span[contains(text(),'566 -')]]"}
RESULT: {"using":"xpath","value":"//li[.//span[contains(text(),'566 -')]]"}
COMMAND: POST /session/3fdde00e1aad0000c801fdda20f45a25/elements - {"using":"xpath","value":"//li[.//span[contains(text(),'566 -')]]"}
RESULT: {"using":"xpath","value":"//li[.//span[contains(text(),'566 -')]]"}
COMMAND: POST /session/3fdde00e1aad0000c801fdda20f45a25/elements - {"using":"xpath","value":"//li[.//span[contains(text(),'566 -')]]"}
RESULT: {"using":"xpath","value":"//li[.//span[contains(text(),'566 -')]]"}
COMMAND: POST /session/3fdde00e1aad0000c801fdda20f45a25/elements - {"using":"xpath","value":"//li[.//span[contains(text(),'566 -')]]"}
RESULT: {"using":"xpath","value":"//li[.//span[contains(text(),'566 -')]]"}
COMMAND: POST /session/3fdde00e1aad0000c801fdda20f45a25/elements - {"using":"xpath","value":"//li[.//span[contains(text(),'566 -')]]"}
RESULT: {"using":"xpath","value":"//li[.//span[contains(text(),'566 -')]]"}
COMMAND: POST /session/3fdde00e1aad0000c801fdda20f45a25/elements - {"using":"xpath","value":"//li[.//span[contains(text(),'566 -')]]"}
RESULT: {"using":"xpath","value":"//li[.//span[contains(text(),'566 -')]]"}
COMMAND: POST /session/3fdde00e1aad0000c801fdda20f45a25/elements - {"using":"xpath","value":"//li[.//span[contains(text(),'566 -')]]"}
RESULT: {"using":"xpath","value":"//li[.//span[contains(text(),'566 -')]]"}
COMMAND: POST /session/3fdde00e1aad0000c801fdda20f45a25/elements - {"using":"xpath","value":"//li[.//span[contains(text(),'566 -')]]"}
RESULT: {"using":"xpath","value":"//li[.//span[contains(text(),'566 -')]]"}
COMMAND: POST /session/3fdde00e1aad0000c801fdda20f45a25/elements - {"using":"xpath","value":"//li[.//span[contains(text(),'566 -')]]"}
RESULT: {"using":"xpath","value":"//li[.//span[contains(text(),'566 -')]]"}
COMMAND: POST /session/3fdde00e1aad0000c801fdda20f45a25/elements - {"using":"xpath","value":"//li[.//span[contains(text(),'566 -')]]"}
RESULT: {"using":"xpath","value":"//li[.//span[contains(text(),'566 -')]]"}
COMMAND: POST /session/3fdde00e1aad0000c801fdda20f45a25/elements - {"using":"xpath","value":"//li[.//span[contains(text(),'566 -')]]"}
RESULT: {"using":"xpath","value":"//li[.//span[contains(text(),'566 -')]]"}
COMMAND: POST /session/3fdde00e1aad0000c801fdda20f45a25/elements - {"using":"xpath","value":"//li[.//span[contains(text(),'566 -')]]"}
RESULT: {"using":"xpath","value":"//li[.//span[contains(text(),'566 -')]]"}
COMMAND: POST /session/3fdde00e1aad0000c801fdda20f45a25/elements - {"using":"xpath","value":"//li[.//span[contains(text(),'566 -')]]"}
RESULT: {"using":"xpath","value":"//li[.//span[contains(text(),'566 -')]]"}
COMMAND: POST /session/3fdde00e1aad0000c801fdda20f45a25/elements - {"using":"xpath","value":"//li[.//span[contains(text(),'566 -')]]"}
RESULT: {"using":"xpath","value":"//li[.//span[contains(text(),'566 -')]]"}
COMMAND: POST /session/3fdde00e1aad0000c801fdda20f45a25/elements - {"using":"xpath","value":"//li[.//span[contains(text(),'566 -')]]"}
RESULT: {"using":"xpath","value":"//li[.//span[contains(text(),'566 -')]]"}
COMMAND: POST /session/3fdde00e1aad0000c801fdda20f45a25/elements - {"using":"xpath","value":"//li[.//span[contains(text(),'566 -')]]"}
RESULT: {"using":"xpath","value":"//li[.//span[contains(text(),'566 -')]]"}
COMMAND: POST /session/3fdde00e1aad0000c801fdda20f45a25/elements - {"using":"xpath","value":"//li[.//span[contains(text(),'566 -')]]"}
RESULT: {"using":"xpath","value":"//li[.//span[contains(text(),'566 -')]]"}
COMMAND: POST /session/3fdde00e1aad0000c801fdda20f45a25/elements - {"using":"xpath","value":"//li[.//span[contains(text(),'566 -')]]"}
RESULT: {"using":"xpath","value":"//li[.//span[contains(text(),'566 -')]]"}
COMMAND: POST /session/3fdde00e1aad0000c801fdda20f45a25/elements - {"using":"xpath","value":"//li[.//span[contains(text(),'566 -')]]"}
RESULT: {"using":"xpath","value":"//li[.//span[contains(text(),'566 -')]]"}
COMMAND: POST /session/3fdde00e1aad0000c801fdda20f45a25/elements - {"using":"xpath","value":"//li[.//span[contains(text(),'566 -')]]"}
RESULT: {"using":"xpath","value":"//li[.//span[contains(text(),'566 -')]]"}
COMMAND: POST /session/3fdde00e1aad0000c801fdda20f45a25/elements - {"using":"xpath","value":"//li[.//span[contains(text(),'566 -')]]"}
RESULT: {"using":"xpath","value":"//li[.//span[contains(text(),'566 -')]]"}
COMMAND: POST /session/3fdde00e1aad0000c801fdda20f45a25/elements - {"using":"xpath","value":"//li[.//span[contains(text(),'566 -')]]"}
RESULT: {"using":"xpath","value":"//li[.//span[contains(text(),'566 -')]]"}
COMMAND: POST /session/3fdde00e1aad0000c801fdda20f45a25/elements - {"using":"xpath","value":"//li[.//span[contains(text(),'566 -')]]"}
RESULT: {"using":"xpath","value":"//li[.//span[contains(text(),'566 -')]]"}
COMMAND: POST /session/3fdde00e1aad0000c801fdda20f45a25/elements - {"using":"xpath","value":"//li[.//span[contains(text(),'566 -')]]"}
RESULT: {"using":"xpath","value":"//li[.//span[contains(text(),'566 -')]]"}
COMMAND: POST /session/3fdde00e1aad0000c801fdda20f45a25/elements - {"using":"xpath","value":"//li[.//span[contains(text(),'566 -')]]"}
RESULT: {"using":"xpath","value":"//li[.//span[contains(text(),'566 -')]]"}
COMMAND: POST /session/3fdde00e1aad0000c801fdda20f45a25/elements - {"using":"xpath","value":"//li[.//span[contains(text(),'566 -')]]"}
RESULT: {"using":"xpath","value":"//li[.//span[contains(text(),'566 -')]]"}
COMMAND: POST /session/3fdde00e1aad0000c801fdda20f45a25/elements - {"using":"xpath","value":"//li[.//span[contains(text(),'566 -')]]"}
RESULT: {"using":"xpath","value":"//li[.//span[contains(text(),'566 -')]]"}
COMMAND: POST /session/3fdde00e1aad0000c801fdda20f45a25/elements - {"using":"xpath","value":"//li[.//span[contains(text(),'566 -')]]"}
RESULT: {"using":"xpath","value":"//li[.//span[contains(text(),'566 -')]]"}
COMMAND: POST /session/3fdde00e1aad0000c801fdda20f45a25/elements - {"using":"xpath","value":"//li[.//span[contains(text(),'566 -')]]"}
RESULT: {"using":"xpath","value":"//li[.//span[contains(text(),'566 -')]]"}
COMMAND: POST /session/3fdde00e1aad0000c801fdda20f45a25/elements - {"using":"xpath","value":"//li[.//span[contains(text(),'566 -')]]"}
RESULT: {"using":"xpath","value":"//li[.//span[contains(text(),'566 -')]]"}
COMMAND: POST /session/3fdde00e1aad0000c801fdda20f45a25/elements - {"using":"xpath","value":"//li[.//span[contains(text(),'566 -')]]"}
RESULT: {"using":"xpath","value":"//li[.//span[contains(text(),'566 -')]]"}
COMMAND: POST /session/3fdde00e1aad0000c801fdda20f45a25/elements - {"using":"xpath","value":"//li[.//span[contains(text(),'566 -')]]"}
RESULT: {"using":"xpath","value":"//li[.//span[contains(text(),'566 -')]]"}
COMMAND: POST /session/3fdde00e1aad0000c801fdda20f45a25/elements - {"using":"xpath","value":"//li[.//span[contains(text(),'566 -')]]"}
RESULT: {"using":"xpath","value":"//li[.//span[contains(text(),'566 -')]]"}
COMMAND: POST /session/3fdde00e1aad0000c801fdda20f45a25/elements - {"using":"xpath","value":"//li[.//span[contains(text(),'566 -')]]"}
RESULT: {"using":"xpath","value":"//li[.//span[contains(text(),'566 -')]]"}
COMMAND: POST /session/3fdde00e1aad0000c801fdda20f45a25/elements - {"using":"xpath","value":"//li[.//span[contains(text(),'566 -')]]"}
RESULT: {"using":"xpath","value":"//li[.//span[contains(text(),'566 -')]]"}
COMMAND: POST /session/3fdde00e1aad0000c801fdda20f45a25/elements - {"using":"xpath","value":"//li[.//span[contains(text(),'566 -')]]"}
RESULT: {"using":"xpath","value":"//li[.//span[contains(text(),'566 -')]]"}
COMMAND: POST /session/3fdde00e1aad0000c801fdda20f45a25/elements - {"using":"xpath","value":"//li[.//span[contains(text(),'566 -')]]"}
RESULT: {"using":"xpath","value":"//li[.//span[contains(text(),'566 -')]]"}
COMMAND: POST /session/3fdde00e1aad0000c801fdda20f45a25/elements - {"using":"xpath","value":"//li[.//span[contains(text(),'566 -')]]"}
RESULT: {"using":"xpath","value":"//li[.//span[contains(text(),'566 -')]]"}
COMMAND: POST /session/3fdde00e1aad0000c801fdda20f45a25/elements - {"using":"xpath","value":"//li[.//span[contains(text(),'566 -')]]"}
RESULT: {"using":"xpath","value":"//li[.//span[contains(text(),'566 -')]]"}
COMMAND: POST /session/3fdde00e1aad0000c801fdda20f45a25/elements - {"using":"xpath","value":"//li[.//span[contains(text(),'566 -')]]"}
RESULT: {"using":"xpath","value":"//li[.//span[contains(text(),'566 -')]]"}
COMMAND: POST /session/3fdde00e1aad0000c801fdda20f45a25/elements - {"using":"xpath","value":"//li[.//span[contains(text(),'566 -')]]"}
RESULT: {"using":"xpath","value":"//li[.//span[contains(text(),'566 -')]]"}
COMMAND: POST /session/3fdde00e1aad0000c801fdda20f45a25/elements - {"using":"xpath","value":"//li[.//span[contains(text(),'566 -')]]"}
RESULT: {"using":"xpath","value":"//li[.//span[contains(text(),'566 -')]]"}
COMMAND: POST /session/3fdde00e1aad0000c801fdda20f45a25/elements - {"using":"xpath","value":"//li[.//span[contains(text(),'566 -')]]"}
RESULT: {"using":"xpath","value":"//li[.//span[contains(text(),'566 -')]]"}
COMMAND: POST /session/3fdde00e1aad0000c801fdda20f45a25/elements - {"using":"xpath","value":"//li[.//span[contains(text(),'566 -')]]"}
RESULT: {"using":"xpath","value":"//li[.//span[contains(text(),'566 -')]]"}
COMMAND: POST /session/3fdde00e1aad0000c801fdda20f45a25/elements - {"using":"xpath","value":"//li[.//span[contains(text(),'566 -')]]"}
RESULT: {"using":"xpath","value":"//li[.//span[contains(text(),'566 -')]]"}
COMMAND: POST /session/3fdde00e1aad0000c801fdda20f45a25/elements - {"using":"xpath","value":"//li[.//span[contains(text(),'566 -')]]"}
RESULT: {"using":"xpath","value":"//li[.//span[contains(text(),'566 -')]]"}
COMMAND: POST /session/3fdde00e1aad0000c801fdda20f45a25/elements - {"using":"xpath","value":"//li[.//span[contains(text(),'566 -')]]"}
RESULT: {"using":"xpath","value":"//li[.//span[contains(text(),'566 -')]]"}
COMMAND: POST /session/3fdde00e1aad0000c801fdda20f45a25/elements - {"using":"xpath","value":"//li[.//span[contains(text(),'566 -')]]"}
RESULT: {"using":"xpath","value":"//li[.//span[contains(text(),'566 -')]]"}
COMMAND: POST /session/3fdde00e1aad0000c801fdda20f45a25/elements - {"using":"xpath","value":"//li[.//span[contains(text(),'566 -')]]"}
RESULT: {"using":"xpath","value":"//li[.//span[contains(text(),'566 -')]]"}
COMMAND: POST /session/3fdde00e1aad0000c801fdda20f45a25/elements - {"using":"xpath","value":"//li[.//span[contains(text(),'566 -')]]"}
RESULT: {"using":"xpath","value":"//li[.//span[contains(text(),'566 -')]]"}
COMMAND: POST /session/3fdde00e1aad0000c801fdda20f45a25/elements - {"using":"xpath","value":"//li[.//span[contains(text(),'566 -')]]"}
RESULT: {"using":"xpath","value":"//li[.//span[contains(text(),'566 -')]]"}
COMMAND: POST /session/3fdde00e1aad0000c801fdda20f45a25/elements - {"using":"xpath","value":"//li[.//span[contains(text(),'566 -')]]"}
RESULT: {"using":"xpath","value":"//li[.//span[contains(text(),'566 -')]]"}
COMMAND: POST /session/3fdde00e1aad0000c801fdda20f45a25/elements - {"using":"xpath","value":"//li[.//span[contains(text(),'566 -')]]"}
RESULT: {"using":"xpath","value":"//li[.//span[contains(text(),'566 -')]]"}
COMMAND: POST /session/3fdde00e1aad0000c801fdda20f45a25/elements - {"using":"xpath","value":"//li[.//span[contains(text(),'566 -')]]"}
RESULT: {"using":"xpath","value":"//li[.//span[contains(text(),'566 -')]]"}
COMMAND: POST /session/3fdde00e1aad0000c801fdda20f45a25/elements - {"using":"xpath","value":"//li[.//span[contains(text(),'566 -')]]"}
RESULT: {"using":"xpath","value":"//li[.//span[contains(text(),'566 -')]]"}
COMMAND: POST /session/3fdde00e1aad0000c801fdda20f45a25/elements - {"using":"xpath","value":"//li[.//span[contains(text(),'566 -')]]"}
RESULT: {"using":"xpath","value":"//li[.//span[contains(text(),'566 -')]]"}
COMMAND: POST /session/3fdde00e1aad0000c801fdda20f45a25/elements - {"using":"xpath","value":"//li[.//span[contains(text(),'566 -')]]"}
RESULT: {"using":"xpath","value":"//li[.//span[contains(text(),'566 -')]]"}
COMMAND: POST /session/3fdde00e1aad0000c801fdda20f45a25/elements - {"using":"xpath","value":"//li[.//span[contains(text(),'566 -')]]"}
RESULT: {"using":"xpath","value":"//li[.//span[contains(text(),'566 -')]]"}
COMMAND: POST /session/3fdde00e1aad0000c801fdda20f45a25/elements - {"using":"xpath","value":"//li[.//span[contains(text(),'566 -')]]"}
RESULT: {"using":"xpath","value":"//li[.//span[contains(text(),'566 -')]]"}
COMMAND: POST /session/3fdde00e1aad0000c801fdda20f45a25/elements - {"using":"xpath","value":"//li[.//span[contains(text(),'566 -')]]"}
RESULT: {"using":"xpath","value":"//li[.//span[contains(text(),'566 -')]]"}
COMMAND: POST /session/3fdde00e1aad0000c801fdda20f45a25/elements - {"using":"xpath","value":"//li[.//span[contains(text(),'566 -')]]"}
RESULT: {"using":"xpath","value":"//li[.//span[contains(text(),'566 -')]]"}
COMMAND: POST /session/3fdde00e1aad0000c801fdda20f45a25/elements - {"using":"xpath","value":"//li[.//span[contains(text(),'566 -')]]"}
RESULT: {"using":"xpath","value":"//li[.//span[contains(text(),'566 -')]]"}
COMMAND: POST /session/3fdde00e1aad0000c801fdda20f45a25/elements - {"using":"xpath","value":"//li[.//span[contains(text(),'566 -')]]"}
RESULT: {"using":"xpath","value":"//li[.//span[contains(text(),'566 -')]]"}
COMMAND: POST /session/3fdde00e1aad0000c801fdda20f45a25/elements - {"using":"xpath","value":"//li[.//span[contains(text(),'566 -')]]"}
RESULT: {"using":"xpath","value":"//li[.//span[contains(text(),'566 -')]]"}
COMMAND: POST /session/3fdde00e1aad0000c801fdda20f45a25/elements - {"using":"xpath","value":"//li[.//span[contains(text(),'566 -')]]"}
RESULT: {"using":"xpath","value":"//li[.//span[contains(text(),'566 -')]]"}
COMMAND: POST /session/3fdde00e1aad0000c801fdda20f45a25/elements - {"using":"xpath","value":"//li[.//span[contains(text(),'566 -')]]"}
RESULT: {"using":"xpath","value":"//li[.//span[contains(text(),'566 -')]]"}
COMMAND: POST /session/3fdde00e1aad0000c801fdda20f45a25/elements - {"using":"xpath","value":"//li[.//span[contains(text(),'566 -')]]"}
RESULT: {"using":"xpath","value":"//li[.//span[contains(text(),'566 -')]]"}
COMMAND: POST /session/3fdde00e1aad0000c801fdda20f45a25/elements - {"using":"xpath","value":"//li[.//span[contains(text(),'566 -')]]"}
RESULT: {"using":"xpath","value":"//li[.//span[contains(text(),'566 -')]]"}
COMMAND: POST /session/3fdde00e1aad0000c801fdda20f45a25/elements - {"using":"xpath","value":"//li[.//span[contains(text(),'566 -')]]"}
RESULT: {"using":"xpath","value":"//li[.//span[contains(text(),'566 -')]]"}
COMMAND: POST /session/3fdde00e1aad0000c801fdda20f45a25/elements - {"using":"xpath","value":"//li[.//span[contains(text(),'566 -')]]"}
RESULT: {"using":"xpath","value":"//li[.//span[contains(text(),'566 -')]]"}
COMMAND: POST /session/3fdde00e1aad0000c801fdda20f45a25/elements - {"using":"xpath","value":"//li[.//span[contains(text(),'566 -')]]"}
RESULT: {"using":"xpath","value":"//li[.//span[contains(text(),'566 -')]]"}
COMMAND: POST /session/3fdde00e1aad0000c801fdda20f45a25/elements - {"using":"xpath","value":"//li[.//span[contains(text(),'566 -')]]"}
RESULT: {"using":"xpath","value":"//li[.//span[contains(text(),'566 -')]]"}
COMMAND: POST /session/3fdde00e1aad0000c801fdda20f45a25/elements - {"using":"xpath","value":"//li[.//span[contains(text(),'566 -')]]"}
RESULT: {"using":"xpath","value":"//li[.//span[contains(text(),'566 -')]]"}
COMMAND: POST /session/3fdde00e1aad0000c801fdda20f45a25/elements - {"using":"xpath","value":"//li[.//span[contains(text(),'566 -')]]"}
RESULT: {"using":"xpath","value":"//li[.//span[contains(text(),'566 -')]]"}
COMMAND: POST /session/3fdde00e1aad0000c801fdda20f45a25/elements - {"using":"xpath","value":"//li[.//span[contains(text(),'566 -')]]"}
RESULT: {"using":"xpath","value":"//li[.//span[contains(text(),'566 -')]]"}
COMMAND: POST /session/3fdde00e1aad0000c801fdda20f45a25/elements - {"using":"xpath","value":"//li[.//span[contains(text(),'566 -')]]"}
RESULT: {"using":"xpath","value":"//li[.//span[contains(text(),'566 -')]]"}
COMMAND: POST /session/3fdde00e1aad0000c801fdda20f45a25/elements - {"using":"xpath","value":"//li[.//span[contains(text(),'566 -')]]"}
RESULT: {"using":"xpath","value":"//li[.//span[contains(text(),'566 -')]]"}
COMMAND: POST /session/3fdde00e1aad0000c801fdda20f45a25/elements - {"using":"xpath","value":"//li[.//span[contains(text(),'566 -')]]"}
RESULT: {"using":"xpath","value":"//li[.//span[contains(text(),'566 -')]]"}
COMMAND: POST /session/3fdde00e1aad0000c801fdda20f45a25/elements - {"using":"xpath","value":"//li[.//span[contains(text(),'566 -')]]"}
RESULT: {"using":"xpath","value":"//li[.//span[contains(text(),'566 -')]]"}
COMMAND: POST /session/3fdde00e1aad0000c801fdda20f45a25/elements - {"using":"xpath","value":"//li[.//span[contains(text(),'566 -')]]"}
RESULT: {"using":"xpath","value":"//li[.//span[contains(text(),'566 -')]]"}
COMMAND: POST /session/3fdde00e1aad0000c801fdda20f45a25/elements - {"using":"xpath","value":"//li[.//span[contains(text(),'566 -')]]"}
RESULT: {"using":"xpath","value":"//li[.//span[contains(text(),'566 -')]]"}
COMMAND: POST /session/3fdde00e1aad0000c801fdda20f45a25/elements - {"using":"xpath","value":"//li[.//span[contains(text(),'566 -')]]"}
RESULT: {"using":"xpath","value":"//li[.//span[contains(text(),'566 -')]]"}
COMMAND: POST /session/3fdde00e1aad0000c801fdda20f45a25/elements - {"using":"xpath","value":"//li[.//span[contains(text(),'566 -')]]"}
RESULT: {"using":"xpath","value":"//li[.//span[contains(text(),'566 -')]]"}
COMMAND: POST /session/3fdde00e1aad0000c801fdda20f45a25/elements - {"using":"xpath","value":"//li[.//span[contains(text(),'566 -')]]"}
RESULT: {"using":"xpath","value":"//li[.//span[contains(text(),'566 -')]]"}
COMMAND: GET /session/3fdde00e1aad0000c801fdda20f45a25/screenshot - {}
RESULT: {}
]]></system-out>
      <system-err><![CDATA[
Error: Can't call click on element with selector "//li[.//span[contains(text(),'566 -')]]" because element wasn't found
    at async UtilsPrerequisites.stockIncrease (D:\a\1\s\test\specs\BTS\prerequisites-and-utils-functions.js:1638:9)
    at async Context.<anonymous> (D:\a\1\s\test\specs\HTR\manage-states-perf.spec.js:52:9)
]]></system-err>
    </testcase>
    <testcase classname="chrome.136_0_7103_93.windows.Manage_States_&amp;_Performance_Tests_US151247_US151423_US151467" name="Step 1 Try to save empty state change US151247" time="56.91">
      <failure/>
      <error message="element (&quot;//button[@data-kt=&quot;massStateChangeRusSectionButton&quot;]&quot;) still not existing after 45000ms"/>
      <system-out><![CDATA[
COMMAND: POST /session/3fdde00e1aad0000c801fdda20f45a25/execute/async - {"script":"<script> [1562 bytes]","args":[{"selector":{"controlType":"sap.m.GenericTile","properties":{"header":"Manage States & Performance"}},"wdio_ui5_key":"sapm.GenericTile{\"header\":\"Manage States & Performance\"}"}]}
COMMAND: GET /session/3fdde00e1aad0000c801fdda20f45a25/screenshot - {}
RESULT: {"script":"<script> [1562 bytes]","args":[{"selector":{"controlType":"sap.m.GenericTile","properties":{"header":"Manage States & Performance"}},"wdio_ui5_key":"sapm.GenericTile{\"header\":\"Manage States & Performance\"}"}]}
RESULT: undefined
RESULT: {}
COMMAND: POST /session/3fdde00e1aad0000c801fdda20f45a25/elements - {"using":"xpath","value":"//span[text()='Error']"}
RESULT: {"using":"xpath","value":"//span[text()='Error']"}
COMMAND: POST /session/3fdde00e1aad0000c801fdda20f45a25/element - {"using":"xpath","value":"//button[@data-kt=\"massStateChangeRusSectionButton\"]"}
RESULT: {"using":"xpath","value":"//button[@data-kt=\"massStateChangeRusSectionButton\"]"}
COMMAND: POST /session/3fdde00e1aad0000c801fdda20f45a25/elements - {"using":"xpath","value":"//button[@data-kt=\"massStateChangeRusSectionButton\"]"}
RESULT: {"using":"xpath","value":"//button[@data-kt=\"massStateChangeRusSectionButton\"]"}
COMMAND: POST /session/3fdde00e1aad0000c801fdda20f45a25/elements - {"using":"xpath","value":"//button[@data-kt=\"massStateChangeRusSectionButton\"]"}
RESULT: {"using":"xpath","value":"//button[@data-kt=\"massStateChangeRusSectionButton\"]"}
COMMAND: POST /session/3fdde00e1aad0000c801fdda20f45a25/elements - {"using":"xpath","value":"//button[@data-kt=\"massStateChangeRusSectionButton\"]"}
RESULT: {"using":"xpath","value":"//button[@data-kt=\"massStateChangeRusSectionButton\"]"}
COMMAND: POST /session/3fdde00e1aad0000c801fdda20f45a25/elements - {"using":"xpath","value":"//button[@data-kt=\"massStateChangeRusSectionButton\"]"}
RESULT: {"using":"xpath","value":"//button[@data-kt=\"massStateChangeRusSectionButton\"]"}
COMMAND: POST /session/3fdde00e1aad0000c801fdda20f45a25/elements - {"using":"xpath","value":"//button[@data-kt=\"massStateChangeRusSectionButton\"]"}
RESULT: {"using":"xpath","value":"//button[@data-kt=\"massStateChangeRusSectionButton\"]"}
COMMAND: POST /session/3fdde00e1aad0000c801fdda20f45a25/elements - {"using":"xpath","value":"//button[@data-kt=\"massStateChangeRusSectionButton\"]"}
RESULT: {"using":"xpath","value":"//button[@data-kt=\"massStateChangeRusSectionButton\"]"}
COMMAND: POST /session/3fdde00e1aad0000c801fdda20f45a25/elements - {"using":"xpath","value":"//button[@data-kt=\"massStateChangeRusSectionButton\"]"}
RESULT: {"using":"xpath","value":"//button[@data-kt=\"massStateChangeRusSectionButton\"]"}
COMMAND: POST /session/3fdde00e1aad0000c801fdda20f45a25/elements - {"using":"xpath","value":"//button[@data-kt=\"massStateChangeRusSectionButton\"]"}
RESULT: {"using":"xpath","value":"//button[@data-kt=\"massStateChangeRusSectionButton\"]"}
COMMAND: POST /session/3fdde00e1aad0000c801fdda20f45a25/elements - {"using":"xpath","value":"//button[@data-kt=\"massStateChangeRusSectionButton\"]"}
RESULT: {"using":"xpath","value":"//button[@data-kt=\"massStateChangeRusSectionButton\"]"}
COMMAND: POST /session/3fdde00e1aad0000c801fdda20f45a25/elements - {"using":"xpath","value":"//button[@data-kt=\"massStateChangeRusSectionButton\"]"}
RESULT: {"using":"xpath","value":"//button[@data-kt=\"massStateChangeRusSectionButton\"]"}
COMMAND: POST /session/3fdde00e1aad0000c801fdda20f45a25/elements - {"using":"xpath","value":"//button[@data-kt=\"massStateChangeRusSectionButton\"]"}
RESULT: {"using":"xpath","value":"//button[@data-kt=\"massStateChangeRusSectionButton\"]"}
COMMAND: POST /session/3fdde00e1aad0000c801fdda20f45a25/elements - {"using":"xpath","value":"//button[@data-kt=\"massStateChangeRusSectionButton\"]"}
RESULT: {"using":"xpath","value":"//button[@data-kt=\"massStateChangeRusSectionButton\"]"}
COMMAND: POST /session/3fdde00e1aad0000c801fdda20f45a25/elements - {"using":"xpath","value":"//button[@data-kt=\"massStateChangeRusSectionButton\"]"}
RESULT: {"using":"xpath","value":"//button[@data-kt=\"massStateChangeRusSectionButton\"]"}
COMMAND: POST /session/3fdde00e1aad0000c801fdda20f45a25/elements - {"using":"xpath","value":"//button[@data-kt=\"massStateChangeRusSectionButton\"]"}
RESULT: {"using":"xpath","value":"//button[@data-kt=\"massStateChangeRusSectionButton\"]"}
COMMAND: POST /session/3fdde00e1aad0000c801fdda20f45a25/elements - {"using":"xpath","value":"//button[@data-kt=\"massStateChangeRusSectionButton\"]"}
RESULT: {"using":"xpath","value":"//button[@data-kt=\"massStateChangeRusSectionButton\"]"}
COMMAND: POST /session/3fdde00e1aad0000c801fdda20f45a25/elements - {"using":"xpath","value":"//button[@data-kt=\"massStateChangeRusSectionButton\"]"}
RESULT: {"using":"xpath","value":"//button[@data-kt=\"massStateChangeRusSectionButton\"]"}
COMMAND: POST /session/3fdde00e1aad0000c801fdda20f45a25/elements - {"using":"xpath","value":"//button[@data-kt=\"massStateChangeRusSectionButton\"]"}
RESULT: {"using":"xpath","value":"//button[@data-kt=\"massStateChangeRusSectionButton\"]"}
COMMAND: POST /session/3fdde00e1aad0000c801fdda20f45a25/elements - {"using":"xpath","value":"//button[@data-kt=\"massStateChangeRusSectionButton\"]"}
RESULT: {"using":"xpath","value":"//button[@data-kt=\"massStateChangeRusSectionButton\"]"}
COMMAND: POST /session/3fdde00e1aad0000c801fdda20f45a25/elements - {"using":"xpath","value":"//button[@data-kt=\"massStateChangeRusSectionButton\"]"}
RESULT: {"using":"xpath","value":"//button[@data-kt=\"massStateChangeRusSectionButton\"]"}
COMMAND: POST /session/3fdde00e1aad0000c801fdda20f45a25/elements - {"using":"xpath","value":"//button[@data-kt=\"massStateChangeRusSectionButton\"]"}
RESULT: {"using":"xpath","value":"//button[@data-kt=\"massStateChangeRusSectionButton\"]"}
COMMAND: POST /session/3fdde00e1aad0000c801fdda20f45a25/elements - {"using":"xpath","value":"//button[@data-kt=\"massStateChangeRusSectionButton\"]"}
RESULT: {"using":"xpath","value":"//button[@data-kt=\"massStateChangeRusSectionButton\"]"}
COMMAND: POST /session/3fdde00e1aad0000c801fdda20f45a25/elements - {"using":"xpath","value":"//button[@data-kt=\"massStateChangeRusSectionButton\"]"}
RESULT: {"using":"xpath","value":"//button[@data-kt=\"massStateChangeRusSectionButton\"]"}
COMMAND: POST /session/3fdde00e1aad0000c801fdda20f45a25/elements - {"using":"xpath","value":"//button[@data-kt=\"massStateChangeRusSectionButton\"]"}
RESULT: {"using":"xpath","value":"//button[@data-kt=\"massStateChangeRusSectionButton\"]"}
COMMAND: POST /session/3fdde00e1aad0000c801fdda20f45a25/elements - {"using":"xpath","value":"//button[@data-kt=\"massStateChangeRusSectionButton\"]"}
RESULT: {"using":"xpath","value":"//button[@data-kt=\"massStateChangeRusSectionButton\"]"}
COMMAND: POST /session/3fdde00e1aad0000c801fdda20f45a25/elements - {"using":"xpath","value":"//button[@data-kt=\"massStateChangeRusSectionButton\"]"}
RESULT: {"using":"xpath","value":"//button[@data-kt=\"massStateChangeRusSectionButton\"]"}
COMMAND: POST /session/3fdde00e1aad0000c801fdda20f45a25/elements - {"using":"xpath","value":"//button[@data-kt=\"massStateChangeRusSectionButton\"]"}
RESULT: {"using":"xpath","value":"//button[@data-kt=\"massStateChangeRusSectionButton\"]"}
COMMAND: POST /session/3fdde00e1aad0000c801fdda20f45a25/elements - {"using":"xpath","value":"//button[@data-kt=\"massStateChangeRusSectionButton\"]"}
RESULT: {"using":"xpath","value":"//button[@data-kt=\"massStateChangeRusSectionButton\"]"}
COMMAND: POST /session/3fdde00e1aad0000c801fdda20f45a25/elements - {"using":"xpath","value":"//button[@data-kt=\"massStateChangeRusSectionButton\"]"}
RESULT: {"using":"xpath","value":"//button[@data-kt=\"massStateChangeRusSectionButton\"]"}
COMMAND: POST /session/3fdde00e1aad0000c801fdda20f45a25/elements - {"using":"xpath","value":"//button[@data-kt=\"massStateChangeRusSectionButton\"]"}
RESULT: {"using":"xpath","value":"//button[@data-kt=\"massStateChangeRusSectionButton\"]"}
COMMAND: POST /session/3fdde00e1aad0000c801fdda20f45a25/elements - {"using":"xpath","value":"//button[@data-kt=\"massStateChangeRusSectionButton\"]"}
RESULT: {"using":"xpath","value":"//button[@data-kt=\"massStateChangeRusSectionButton\"]"}
COMMAND: POST /session/3fdde00e1aad0000c801fdda20f45a25/elements - {"using":"xpath","value":"//button[@data-kt=\"massStateChangeRusSectionButton\"]"}
RESULT: {"using":"xpath","value":"//button[@data-kt=\"massStateChangeRusSectionButton\"]"}
COMMAND: POST /session/3fdde00e1aad0000c801fdda20f45a25/elements - {"using":"xpath","value":"//button[@data-kt=\"massStateChangeRusSectionButton\"]"}
RESULT: {"using":"xpath","value":"//button[@data-kt=\"massStateChangeRusSectionButton\"]"}
COMMAND: POST /session/3fdde00e1aad0000c801fdda20f45a25/elements - {"using":"xpath","value":"//button[@data-kt=\"massStateChangeRusSectionButton\"]"}
RESULT: {"using":"xpath","value":"//button[@data-kt=\"massStateChangeRusSectionButton\"]"}
COMMAND: POST /session/3fdde00e1aad0000c801fdda20f45a25/elements - {"using":"xpath","value":"//button[@data-kt=\"massStateChangeRusSectionButton\"]"}
RESULT: {"using":"xpath","value":"//button[@data-kt=\"massStateChangeRusSectionButton\"]"}
COMMAND: POST /session/3fdde00e1aad0000c801fdda20f45a25/elements - {"using":"xpath","value":"//button[@data-kt=\"massStateChangeRusSectionButton\"]"}
RESULT: {"using":"xpath","value":"//button[@data-kt=\"massStateChangeRusSectionButton\"]"}
COMMAND: POST /session/3fdde00e1aad0000c801fdda20f45a25/elements - {"using":"xpath","value":"//button[@data-kt=\"massStateChangeRusSectionButton\"]"}
RESULT: {"using":"xpath","value":"//button[@data-kt=\"massStateChangeRusSectionButton\"]"}
COMMAND: POST /session/3fdde00e1aad0000c801fdda20f45a25/elements - {"using":"xpath","value":"//button[@data-kt=\"massStateChangeRusSectionButton\"]"}
RESULT: {"using":"xpath","value":"//button[@data-kt=\"massStateChangeRusSectionButton\"]"}
COMMAND: POST /session/3fdde00e1aad0000c801fdda20f45a25/elements - {"using":"xpath","value":"//button[@data-kt=\"massStateChangeRusSectionButton\"]"}
RESULT: {"using":"xpath","value":"//button[@data-kt=\"massStateChangeRusSectionButton\"]"}
COMMAND: POST /session/3fdde00e1aad0000c801fdda20f45a25/elements - {"using":"xpath","value":"//button[@data-kt=\"massStateChangeRusSectionButton\"]"}
RESULT: {"using":"xpath","value":"//button[@data-kt=\"massStateChangeRusSectionButton\"]"}
COMMAND: POST /session/3fdde00e1aad0000c801fdda20f45a25/elements - {"using":"xpath","value":"//button[@data-kt=\"massStateChangeRusSectionButton\"]"}
RESULT: {"using":"xpath","value":"//button[@data-kt=\"massStateChangeRusSectionButton\"]"}
COMMAND: POST /session/3fdde00e1aad0000c801fdda20f45a25/elements - {"using":"xpath","value":"//button[@data-kt=\"massStateChangeRusSectionButton\"]"}
RESULT: {"using":"xpath","value":"//button[@data-kt=\"massStateChangeRusSectionButton\"]"}
COMMAND: POST /session/3fdde00e1aad0000c801fdda20f45a25/elements - {"using":"xpath","value":"//button[@data-kt=\"massStateChangeRusSectionButton\"]"}
RESULT: {"using":"xpath","value":"//button[@data-kt=\"massStateChangeRusSectionButton\"]"}
COMMAND: POST /session/3fdde00e1aad0000c801fdda20f45a25/elements - {"using":"xpath","value":"//button[@data-kt=\"massStateChangeRusSectionButton\"]"}
RESULT: {"using":"xpath","value":"//button[@data-kt=\"massStateChangeRusSectionButton\"]"}
COMMAND: POST /session/3fdde00e1aad0000c801fdda20f45a25/elements - {"using":"xpath","value":"//button[@data-kt=\"massStateChangeRusSectionButton\"]"}
RESULT: {"using":"xpath","value":"//button[@data-kt=\"massStateChangeRusSectionButton\"]"}
COMMAND: POST /session/3fdde00e1aad0000c801fdda20f45a25/elements - {"using":"xpath","value":"//button[@data-kt=\"massStateChangeRusSectionButton\"]"}
RESULT: {"using":"xpath","value":"//button[@data-kt=\"massStateChangeRusSectionButton\"]"}
COMMAND: POST /session/3fdde00e1aad0000c801fdda20f45a25/elements - {"using":"xpath","value":"//button[@data-kt=\"massStateChangeRusSectionButton\"]"}
RESULT: {"using":"xpath","value":"//button[@data-kt=\"massStateChangeRusSectionButton\"]"}
COMMAND: POST /session/3fdde00e1aad0000c801fdda20f45a25/elements - {"using":"xpath","value":"//button[@data-kt=\"massStateChangeRusSectionButton\"]"}
RESULT: {"using":"xpath","value":"//button[@data-kt=\"massStateChangeRusSectionButton\"]"}
COMMAND: POST /session/3fdde00e1aad0000c801fdda20f45a25/elements - {"using":"xpath","value":"//button[@data-kt=\"massStateChangeRusSectionButton\"]"}
RESULT: {"using":"xpath","value":"//button[@data-kt=\"massStateChangeRusSectionButton\"]"}
COMMAND: POST /session/3fdde00e1aad0000c801fdda20f45a25/elements - {"using":"xpath","value":"//button[@data-kt=\"massStateChangeRusSectionButton\"]"}
RESULT: {"using":"xpath","value":"//button[@data-kt=\"massStateChangeRusSectionButton\"]"}
COMMAND: POST /session/3fdde00e1aad0000c801fdda20f45a25/elements - {"using":"xpath","value":"//button[@data-kt=\"massStateChangeRusSectionButton\"]"}
RESULT: {"using":"xpath","value":"//button[@data-kt=\"massStateChangeRusSectionButton\"]"}
COMMAND: POST /session/3fdde00e1aad0000c801fdda20f45a25/elements - {"using":"xpath","value":"//button[@data-kt=\"massStateChangeRusSectionButton\"]"}
RESULT: {"using":"xpath","value":"//button[@data-kt=\"massStateChangeRusSectionButton\"]"}
COMMAND: POST /session/3fdde00e1aad0000c801fdda20f45a25/elements - {"using":"xpath","value":"//button[@data-kt=\"massStateChangeRusSectionButton\"]"}
RESULT: {"using":"xpath","value":"//button[@data-kt=\"massStateChangeRusSectionButton\"]"}
COMMAND: POST /session/3fdde00e1aad0000c801fdda20f45a25/elements - {"using":"xpath","value":"//button[@data-kt=\"massStateChangeRusSectionButton\"]"}
RESULT: {"using":"xpath","value":"//button[@data-kt=\"massStateChangeRusSectionButton\"]"}
COMMAND: POST /session/3fdde00e1aad0000c801fdda20f45a25/elements - {"using":"xpath","value":"//button[@data-kt=\"massStateChangeRusSectionButton\"]"}
RESULT: {"using":"xpath","value":"//button[@data-kt=\"massStateChangeRusSectionButton\"]"}
COMMAND: POST /session/3fdde00e1aad0000c801fdda20f45a25/elements - {"using":"xpath","value":"//button[@data-kt=\"massStateChangeRusSectionButton\"]"}
RESULT: {"using":"xpath","value":"//button[@data-kt=\"massStateChangeRusSectionButton\"]"}
COMMAND: POST /session/3fdde00e1aad0000c801fdda20f45a25/elements - {"using":"xpath","value":"//button[@data-kt=\"massStateChangeRusSectionButton\"]"}
RESULT: {"using":"xpath","value":"//button[@data-kt=\"massStateChangeRusSectionButton\"]"}
COMMAND: POST /session/3fdde00e1aad0000c801fdda20f45a25/elements - {"using":"xpath","value":"//button[@data-kt=\"massStateChangeRusSectionButton\"]"}
RESULT: {"using":"xpath","value":"//button[@data-kt=\"massStateChangeRusSectionButton\"]"}
COMMAND: POST /session/3fdde00e1aad0000c801fdda20f45a25/elements - {"using":"xpath","value":"//button[@data-kt=\"massStateChangeRusSectionButton\"]"}
RESULT: {"using":"xpath","value":"//button[@data-kt=\"massStateChangeRusSectionButton\"]"}
COMMAND: POST /session/3fdde00e1aad0000c801fdda20f45a25/elements - {"using":"xpath","value":"//button[@data-kt=\"massStateChangeRusSectionButton\"]"}
RESULT: {"using":"xpath","value":"//button[@data-kt=\"massStateChangeRusSectionButton\"]"}
COMMAND: POST /session/3fdde00e1aad0000c801fdda20f45a25/elements - {"using":"xpath","value":"//button[@data-kt=\"massStateChangeRusSectionButton\"]"}
RESULT: {"using":"xpath","value":"//button[@data-kt=\"massStateChangeRusSectionButton\"]"}
COMMAND: POST /session/3fdde00e1aad0000c801fdda20f45a25/elements - {"using":"xpath","value":"//button[@data-kt=\"massStateChangeRusSectionButton\"]"}
RESULT: {"using":"xpath","value":"//button[@data-kt=\"massStateChangeRusSectionButton\"]"}
COMMAND: POST /session/3fdde00e1aad0000c801fdda20f45a25/elements - {"using":"xpath","value":"//button[@data-kt=\"massStateChangeRusSectionButton\"]"}
RESULT: {"using":"xpath","value":"//button[@data-kt=\"massStateChangeRusSectionButton\"]"}
COMMAND: POST /session/3fdde00e1aad0000c801fdda20f45a25/elements - {"using":"xpath","value":"//button[@data-kt=\"massStateChangeRusSectionButton\"]"}
RESULT: {"using":"xpath","value":"//button[@data-kt=\"massStateChangeRusSectionButton\"]"}
COMMAND: POST /session/3fdde00e1aad0000c801fdda20f45a25/elements - {"using":"xpath","value":"//button[@data-kt=\"massStateChangeRusSectionButton\"]"}
RESULT: {"using":"xpath","value":"//button[@data-kt=\"massStateChangeRusSectionButton\"]"}
COMMAND: POST /session/3fdde00e1aad0000c801fdda20f45a25/elements - {"using":"xpath","value":"//button[@data-kt=\"massStateChangeRusSectionButton\"]"}
RESULT: {"using":"xpath","value":"//button[@data-kt=\"massStateChangeRusSectionButton\"]"}
COMMAND: POST /session/3fdde00e1aad0000c801fdda20f45a25/elements - {"using":"xpath","value":"//button[@data-kt=\"massStateChangeRusSectionButton\"]"}
RESULT: {"using":"xpath","value":"//button[@data-kt=\"massStateChangeRusSectionButton\"]"}
COMMAND: POST /session/3fdde00e1aad0000c801fdda20f45a25/elements - {"using":"xpath","value":"//button[@data-kt=\"massStateChangeRusSectionButton\"]"}
RESULT: {"using":"xpath","value":"//button[@data-kt=\"massStateChangeRusSectionButton\"]"}
COMMAND: POST /session/3fdde00e1aad0000c801fdda20f45a25/elements - {"using":"xpath","value":"//button[@data-kt=\"massStateChangeRusSectionButton\"]"}
RESULT: {"using":"xpath","value":"//button[@data-kt=\"massStateChangeRusSectionButton\"]"}
COMMAND: POST /session/3fdde00e1aad0000c801fdda20f45a25/elements - {"using":"xpath","value":"//button[@data-kt=\"massStateChangeRusSectionButton\"]"}
RESULT: {"using":"xpath","value":"//button[@data-kt=\"massStateChangeRusSectionButton\"]"}
COMMAND: POST /session/3fdde00e1aad0000c801fdda20f45a25/elements - {"using":"xpath","value":"//button[@data-kt=\"massStateChangeRusSectionButton\"]"}
RESULT: {"using":"xpath","value":"//button[@data-kt=\"massStateChangeRusSectionButton\"]"}
COMMAND: POST /session/3fdde00e1aad0000c801fdda20f45a25/elements - {"using":"xpath","value":"//button[@data-kt=\"massStateChangeRusSectionButton\"]"}
RESULT: {"using":"xpath","value":"//button[@data-kt=\"massStateChangeRusSectionButton\"]"}
COMMAND: POST /session/3fdde00e1aad0000c801fdda20f45a25/elements - {"using":"xpath","value":"//button[@data-kt=\"massStateChangeRusSectionButton\"]"}
RESULT: {"using":"xpath","value":"//button[@data-kt=\"massStateChangeRusSectionButton\"]"}
COMMAND: POST /session/3fdde00e1aad0000c801fdda20f45a25/elements - {"using":"xpath","value":"//button[@data-kt=\"massStateChangeRusSectionButton\"]"}
RESULT: {"using":"xpath","value":"//button[@data-kt=\"massStateChangeRusSectionButton\"]"}
COMMAND: POST /session/3fdde00e1aad0000c801fdda20f45a25/elements - {"using":"xpath","value":"//button[@data-kt=\"massStateChangeRusSectionButton\"]"}
RESULT: {"using":"xpath","value":"//button[@data-kt=\"massStateChangeRusSectionButton\"]"}
COMMAND: POST /session/3fdde00e1aad0000c801fdda20f45a25/elements - {"using":"xpath","value":"//button[@data-kt=\"massStateChangeRusSectionButton\"]"}
RESULT: {"using":"xpath","value":"//button[@data-kt=\"massStateChangeRusSectionButton\"]"}
COMMAND: POST /session/3fdde00e1aad0000c801fdda20f45a25/elements - {"using":"xpath","value":"//button[@data-kt=\"massStateChangeRusSectionButton\"]"}
RESULT: {"using":"xpath","value":"//button[@data-kt=\"massStateChangeRusSectionButton\"]"}
COMMAND: POST /session/3fdde00e1aad0000c801fdda20f45a25/elements - {"using":"xpath","value":"//button[@data-kt=\"massStateChangeRusSectionButton\"]"}
RESULT: {"using":"xpath","value":"//button[@data-kt=\"massStateChangeRusSectionButton\"]"}
COMMAND: POST /session/3fdde00e1aad0000c801fdda20f45a25/elements - {"using":"xpath","value":"//button[@data-kt=\"massStateChangeRusSectionButton\"]"}
RESULT: {"using":"xpath","value":"//button[@data-kt=\"massStateChangeRusSectionButton\"]"}
COMMAND: POST /session/3fdde00e1aad0000c801fdda20f45a25/elements - {"using":"xpath","value":"//button[@data-kt=\"massStateChangeRusSectionButton\"]"}
RESULT: {"using":"xpath","value":"//button[@data-kt=\"massStateChangeRusSectionButton\"]"}
COMMAND: POST /session/3fdde00e1aad0000c801fdda20f45a25/elements - {"using":"xpath","value":"//button[@data-kt=\"massStateChangeRusSectionButton\"]"}
RESULT: {"using":"xpath","value":"//button[@data-kt=\"massStateChangeRusSectionButton\"]"}
COMMAND: POST /session/3fdde00e1aad0000c801fdda20f45a25/elements - {"using":"xpath","value":"//button[@data-kt=\"massStateChangeRusSectionButton\"]"}
RESULT: {"using":"xpath","value":"//button[@data-kt=\"massStateChangeRusSectionButton\"]"}
COMMAND: POST /session/3fdde00e1aad0000c801fdda20f45a25/elements - {"using":"xpath","value":"//button[@data-kt=\"massStateChangeRusSectionButton\"]"}
RESULT: {"using":"xpath","value":"//button[@data-kt=\"massStateChangeRusSectionButton\"]"}
COMMAND: POST /session/3fdde00e1aad0000c801fdda20f45a25/elements - {"using":"xpath","value":"//button[@data-kt=\"massStateChangeRusSectionButton\"]"}
RESULT: {"using":"xpath","value":"//button[@data-kt=\"massStateChangeRusSectionButton\"]"}
COMMAND: POST /session/3fdde00e1aad0000c801fdda20f45a25/elements - {"using":"xpath","value":"//button[@data-kt=\"massStateChangeRusSectionButton\"]"}
RESULT: {"using":"xpath","value":"//button[@data-kt=\"massStateChangeRusSectionButton\"]"}
COMMAND: POST /session/3fdde00e1aad0000c801fdda20f45a25/elements - {"using":"xpath","value":"//button[@data-kt=\"massStateChangeRusSectionButton\"]"}
RESULT: {"using":"xpath","value":"//button[@data-kt=\"massStateChangeRusSectionButton\"]"}
COMMAND: POST /session/3fdde00e1aad0000c801fdda20f45a25/elements - {"using":"xpath","value":"//button[@data-kt=\"massStateChangeRusSectionButton\"]"}
RESULT: {"using":"xpath","value":"//button[@data-kt=\"massStateChangeRusSectionButton\"]"}
COMMAND: POST /session/3fdde00e1aad0000c801fdda20f45a25/elements - {"using":"xpath","value":"//button[@data-kt=\"massStateChangeRusSectionButton\"]"}
RESULT: {"using":"xpath","value":"//button[@data-kt=\"massStateChangeRusSectionButton\"]"}
COMMAND: POST /session/3fdde00e1aad0000c801fdda20f45a25/elements - {"using":"xpath","value":"//button[@data-kt=\"massStateChangeRusSectionButton\"]"}
RESULT: {"using":"xpath","value":"//button[@data-kt=\"massStateChangeRusSectionButton\"]"}
COMMAND: POST /session/3fdde00e1aad0000c801fdda20f45a25/elements - {"using":"xpath","value":"//button[@data-kt=\"massStateChangeRusSectionButton\"]"}
RESULT: {"using":"xpath","value":"//button[@data-kt=\"massStateChangeRusSectionButton\"]"}
COMMAND: POST /session/3fdde00e1aad0000c801fdda20f45a25/elements - {"using":"xpath","value":"//button[@data-kt=\"massStateChangeRusSectionButton\"]"}
RESULT: {"using":"xpath","value":"//button[@data-kt=\"massStateChangeRusSectionButton\"]"}
COMMAND: GET /session/3fdde00e1aad0000c801fdda20f45a25/screenshot - {}
RESULT: {}
]]></system-out>
      <system-err><![CDATA[
Error: element ("//button[@data-kt="massStateChangeRusSectionButton"]") still not existing after 45000ms
    at async Context.<anonymous> (D:\a\1\s\test\specs\HTR\manage-states-perf.spec.js:70:9)
]]></system-err>
    </testcase>
    <testcase classname="chrome.136_0_7103_93.windows.Manage_States_&amp;_Performance_Tests_US151247_US151423_US151467" name="Prereq Step 2 Create new equipment and add counter to it stock increase it" time="56.116">
      <failure/>
      <error message="element (&quot;//button[@data-kt=&quot;addNewRUOverflowToolbarButton&quot;]&quot;) still not existing after 45000ms"/>
      <system-out><![CDATA[
RESULT: undefined
COMMAND: POST /session/3fdde00e1aad0000c801fdda20f45a25/element - {"using":"xpath","value":"//*[@id=\"__tile31\"]"}
COMMAND: GET /session/3fdde00e1aad0000c801fdda20f45a25/screenshot - {}
RESULT: {"using":"xpath","value":"//*[@id=\"__tile31\"]"}
COMMAND: POST /session/3fdde00e1aad0000c801fdda20f45a25/element/f.AD023EB381BA77EAB040171FD40D96B9.d.EFD569640CC3BC0DE272D85DA0BD99DD.e.5724/click - {}
RESULT: {}
COMMAND: POST /session/3fdde00e1aad0000c801fdda20f45a25/elements - {"using":"xpath","value":"//span[text()='Error']"}
RESULT: {"using":"xpath","value":"//span[text()='Error']"}
COMMAND: POST /session/3fdde00e1aad0000c801fdda20f45a25/element - {"using":"xpath","value":"//button[@data-kt=\"addNewRUOverflowToolbarButton\"]"}
RESULT: {"using":"xpath","value":"//button[@data-kt=\"addNewRUOverflowToolbarButton\"]"}
COMMAND: POST /session/3fdde00e1aad0000c801fdda20f45a25/elements - {"using":"xpath","value":"//button[@data-kt=\"addNewRUOverflowToolbarButton\"]"}
RESULT: {"using":"xpath","value":"//button[@data-kt=\"addNewRUOverflowToolbarButton\"]"}
COMMAND: POST /session/3fdde00e1aad0000c801fdda20f45a25/elements - {"using":"xpath","value":"//button[@data-kt=\"addNewRUOverflowToolbarButton\"]"}
RESULT: {"using":"xpath","value":"//button[@data-kt=\"addNewRUOverflowToolbarButton\"]"}
COMMAND: POST /session/3fdde00e1aad0000c801fdda20f45a25/elements - {"using":"xpath","value":"//button[@data-kt=\"addNewRUOverflowToolbarButton\"]"}
RESULT: {"using":"xpath","value":"//button[@data-kt=\"addNewRUOverflowToolbarButton\"]"}
COMMAND: POST /session/3fdde00e1aad0000c801fdda20f45a25/elements - {"using":"xpath","value":"//button[@data-kt=\"addNewRUOverflowToolbarButton\"]"}
RESULT: {"using":"xpath","value":"//button[@data-kt=\"addNewRUOverflowToolbarButton\"]"}
COMMAND: POST /session/3fdde00e1aad0000c801fdda20f45a25/elements - {"using":"xpath","value":"//button[@data-kt=\"addNewRUOverflowToolbarButton\"]"}
RESULT: {"using":"xpath","value":"//button[@data-kt=\"addNewRUOverflowToolbarButton\"]"}
COMMAND: POST /session/3fdde00e1aad0000c801fdda20f45a25/elements - {"using":"xpath","value":"//button[@data-kt=\"addNewRUOverflowToolbarButton\"]"}
RESULT: {"using":"xpath","value":"//button[@data-kt=\"addNewRUOverflowToolbarButton\"]"}
COMMAND: POST /session/3fdde00e1aad0000c801fdda20f45a25/elements - {"using":"xpath","value":"//button[@data-kt=\"addNewRUOverflowToolbarButton\"]"}
RESULT: {"using":"xpath","value":"//button[@data-kt=\"addNewRUOverflowToolbarButton\"]"}
COMMAND: POST /session/3fdde00e1aad0000c801fdda20f45a25/elements - {"using":"xpath","value":"//button[@data-kt=\"addNewRUOverflowToolbarButton\"]"}
RESULT: {"using":"xpath","value":"//button[@data-kt=\"addNewRUOverflowToolbarButton\"]"}
COMMAND: POST /session/3fdde00e1aad0000c801fdda20f45a25/elements - {"using":"xpath","value":"//button[@data-kt=\"addNewRUOverflowToolbarButton\"]"}
RESULT: {"using":"xpath","value":"//button[@data-kt=\"addNewRUOverflowToolbarButton\"]"}
COMMAND: POST /session/3fdde00e1aad0000c801fdda20f45a25/elements - {"using":"xpath","value":"//button[@data-kt=\"addNewRUOverflowToolbarButton\"]"}
RESULT: {"using":"xpath","value":"//button[@data-kt=\"addNewRUOverflowToolbarButton\"]"}
COMMAND: POST /session/3fdde00e1aad0000c801fdda20f45a25/elements - {"using":"xpath","value":"//button[@data-kt=\"addNewRUOverflowToolbarButton\"]"}
RESULT: {"using":"xpath","value":"//button[@data-kt=\"addNewRUOverflowToolbarButton\"]"}
COMMAND: POST /session/3fdde00e1aad0000c801fdda20f45a25/elements - {"using":"xpath","value":"//button[@data-kt=\"addNewRUOverflowToolbarButton\"]"}
RESULT: {"using":"xpath","value":"//button[@data-kt=\"addNewRUOverflowToolbarButton\"]"}
COMMAND: POST /session/3fdde00e1aad0000c801fdda20f45a25/elements - {"using":"xpath","value":"//button[@data-kt=\"addNewRUOverflowToolbarButton\"]"}
RESULT: {"using":"xpath","value":"//button[@data-kt=\"addNewRUOverflowToolbarButton\"]"}
COMMAND: POST /session/3fdde00e1aad0000c801fdda20f45a25/elements - {"using":"xpath","value":"//button[@data-kt=\"addNewRUOverflowToolbarButton\"]"}
RESULT: {"using":"xpath","value":"//button[@data-kt=\"addNewRUOverflowToolbarButton\"]"}
COMMAND: POST /session/3fdde00e1aad0000c801fdda20f45a25/elements - {"using":"xpath","value":"//button[@data-kt=\"addNewRUOverflowToolbarButton\"]"}
RESULT: {"using":"xpath","value":"//button[@data-kt=\"addNewRUOverflowToolbarButton\"]"}
COMMAND: POST /session/3fdde00e1aad0000c801fdda20f45a25/elements - {"using":"xpath","value":"//button[@data-kt=\"addNewRUOverflowToolbarButton\"]"}
RESULT: {"using":"xpath","value":"//button[@data-kt=\"addNewRUOverflowToolbarButton\"]"}
COMMAND: POST /session/3fdde00e1aad0000c801fdda20f45a25/elements - {"using":"xpath","value":"//button[@data-kt=\"addNewRUOverflowToolbarButton\"]"}
RESULT: {"using":"xpath","value":"//button[@data-kt=\"addNewRUOverflowToolbarButton\"]"}
COMMAND: POST /session/3fdde00e1aad0000c801fdda20f45a25/elements - {"using":"xpath","value":"//button[@data-kt=\"addNewRUOverflowToolbarButton\"]"}
RESULT: {"using":"xpath","value":"//button[@data-kt=\"addNewRUOverflowToolbarButton\"]"}
COMMAND: POST /session/3fdde00e1aad0000c801fdda20f45a25/elements - {"using":"xpath","value":"//button[@data-kt=\"addNewRUOverflowToolbarButton\"]"}
RESULT: {"using":"xpath","value":"//button[@data-kt=\"addNewRUOverflowToolbarButton\"]"}
COMMAND: POST /session/3fdde00e1aad0000c801fdda20f45a25/elements - {"using":"xpath","value":"//button[@data-kt=\"addNewRUOverflowToolbarButton\"]"}
RESULT: {"using":"xpath","value":"//button[@data-kt=\"addNewRUOverflowToolbarButton\"]"}
COMMAND: POST /session/3fdde00e1aad0000c801fdda20f45a25/elements - {"using":"xpath","value":"//button[@data-kt=\"addNewRUOverflowToolbarButton\"]"}
RESULT: {"using":"xpath","value":"//button[@data-kt=\"addNewRUOverflowToolbarButton\"]"}
COMMAND: POST /session/3fdde00e1aad0000c801fdda20f45a25/elements - {"using":"xpath","value":"//button[@data-kt=\"addNewRUOverflowToolbarButton\"]"}
RESULT: {"using":"xpath","value":"//button[@data-kt=\"addNewRUOverflowToolbarButton\"]"}
COMMAND: POST /session/3fdde00e1aad0000c801fdda20f45a25/elements - {"using":"xpath","value":"//button[@data-kt=\"addNewRUOverflowToolbarButton\"]"}
RESULT: {"using":"xpath","value":"//button[@data-kt=\"addNewRUOverflowToolbarButton\"]"}
COMMAND: POST /session/3fdde00e1aad0000c801fdda20f45a25/elements - {"using":"xpath","value":"//button[@data-kt=\"addNewRUOverflowToolbarButton\"]"}
RESULT: {"using":"xpath","value":"//button[@data-kt=\"addNewRUOverflowToolbarButton\"]"}
COMMAND: POST /session/3fdde00e1aad0000c801fdda20f45a25/elements - {"using":"xpath","value":"//button[@data-kt=\"addNewRUOverflowToolbarButton\"]"}
RESULT: {"using":"xpath","value":"//button[@data-kt=\"addNewRUOverflowToolbarButton\"]"}
COMMAND: POST /session/3fdde00e1aad0000c801fdda20f45a25/elements - {"using":"xpath","value":"//button[@data-kt=\"addNewRUOverflowToolbarButton\"]"}
RESULT: {"using":"xpath","value":"//button[@data-kt=\"addNewRUOverflowToolbarButton\"]"}
COMMAND: POST /session/3fdde00e1aad0000c801fdda20f45a25/elements - {"using":"xpath","value":"//button[@data-kt=\"addNewRUOverflowToolbarButton\"]"}
RESULT: {"using":"xpath","value":"//button[@data-kt=\"addNewRUOverflowToolbarButton\"]"}
COMMAND: POST /session/3fdde00e1aad0000c801fdda20f45a25/elements - {"using":"xpath","value":"//button[@data-kt=\"addNewRUOverflowToolbarButton\"]"}
RESULT: {"using":"xpath","value":"//button[@data-kt=\"addNewRUOverflowToolbarButton\"]"}
COMMAND: POST /session/3fdde00e1aad0000c801fdda20f45a25/elements - {"using":"xpath","value":"//button[@data-kt=\"addNewRUOverflowToolbarButton\"]"}
RESULT: {"using":"xpath","value":"//button[@data-kt=\"addNewRUOverflowToolbarButton\"]"}
COMMAND: POST /session/3fdde00e1aad0000c801fdda20f45a25/elements - {"using":"xpath","value":"//button[@data-kt=\"addNewRUOverflowToolbarButton\"]"}
RESULT: {"using":"xpath","value":"//button[@data-kt=\"addNewRUOverflowToolbarButton\"]"}
COMMAND: POST /session/3fdde00e1aad0000c801fdda20f45a25/elements - {"using":"xpath","value":"//button[@data-kt=\"addNewRUOverflowToolbarButton\"]"}
RESULT: {"using":"xpath","value":"//button[@data-kt=\"addNewRUOverflowToolbarButton\"]"}
COMMAND: POST /session/3fdde00e1aad0000c801fdda20f45a25/elements - {"using":"xpath","value":"//button[@data-kt=\"addNewRUOverflowToolbarButton\"]"}
RESULT: {"using":"xpath","value":"//button[@data-kt=\"addNewRUOverflowToolbarButton\"]"}
COMMAND: POST /session/3fdde00e1aad0000c801fdda20f45a25/elements - {"using":"xpath","value":"//button[@data-kt=\"addNewRUOverflowToolbarButton\"]"}
RESULT: {"using":"xpath","value":"//button[@data-kt=\"addNewRUOverflowToolbarButton\"]"}
COMMAND: POST /session/3fdde00e1aad0000c801fdda20f45a25/elements - {"using":"xpath","value":"//button[@data-kt=\"addNewRUOverflowToolbarButton\"]"}
RESULT: {"using":"xpath","value":"//button[@data-kt=\"addNewRUOverflowToolbarButton\"]"}
COMMAND: POST /session/3fdde00e1aad0000c801fdda20f45a25/elements - {"using":"xpath","value":"//button[@data-kt=\"addNewRUOverflowToolbarButton\"]"}
RESULT: {"using":"xpath","value":"//button[@data-kt=\"addNewRUOverflowToolbarButton\"]"}
COMMAND: POST /session/3fdde00e1aad0000c801fdda20f45a25/elements - {"using":"xpath","value":"//button[@data-kt=\"addNewRUOverflowToolbarButton\"]"}
RESULT: {"using":"xpath","value":"//button[@data-kt=\"addNewRUOverflowToolbarButton\"]"}
COMMAND: POST /session/3fdde00e1aad0000c801fdda20f45a25/elements - {"using":"xpath","value":"//button[@data-kt=\"addNewRUOverflowToolbarButton\"]"}
RESULT: {"using":"xpath","value":"//button[@data-kt=\"addNewRUOverflowToolbarButton\"]"}
COMMAND: POST /session/3fdde00e1aad0000c801fdda20f45a25/elements - {"using":"xpath","value":"//button[@data-kt=\"addNewRUOverflowToolbarButton\"]"}
RESULT: {"using":"xpath","value":"//button[@data-kt=\"addNewRUOverflowToolbarButton\"]"}
COMMAND: POST /session/3fdde00e1aad0000c801fdda20f45a25/elements - {"using":"xpath","value":"//button[@data-kt=\"addNewRUOverflowToolbarButton\"]"}
RESULT: {"using":"xpath","value":"//button[@data-kt=\"addNewRUOverflowToolbarButton\"]"}
COMMAND: POST /session/3fdde00e1aad0000c801fdda20f45a25/elements - {"using":"xpath","value":"//button[@data-kt=\"addNewRUOverflowToolbarButton\"]"}
RESULT: {"using":"xpath","value":"//button[@data-kt=\"addNewRUOverflowToolbarButton\"]"}
COMMAND: POST /session/3fdde00e1aad0000c801fdda20f45a25/elements - {"using":"xpath","value":"//button[@data-kt=\"addNewRUOverflowToolbarButton\"]"}
RESULT: {"using":"xpath","value":"//button[@data-kt=\"addNewRUOverflowToolbarButton\"]"}
COMMAND: POST /session/3fdde00e1aad0000c801fdda20f45a25/elements - {"using":"xpath","value":"//button[@data-kt=\"addNewRUOverflowToolbarButton\"]"}
RESULT: {"using":"xpath","value":"//button[@data-kt=\"addNewRUOverflowToolbarButton\"]"}
COMMAND: POST /session/3fdde00e1aad0000c801fdda20f45a25/elements - {"using":"xpath","value":"//button[@data-kt=\"addNewRUOverflowToolbarButton\"]"}
RESULT: {"using":"xpath","value":"//button[@data-kt=\"addNewRUOverflowToolbarButton\"]"}
COMMAND: POST /session/3fdde00e1aad0000c801fdda20f45a25/elements - {"using":"xpath","value":"//button[@data-kt=\"addNewRUOverflowToolbarButton\"]"}
RESULT: {"using":"xpath","value":"//button[@data-kt=\"addNewRUOverflowToolbarButton\"]"}
COMMAND: POST /session/3fdde00e1aad0000c801fdda20f45a25/elements - {"using":"xpath","value":"//button[@data-kt=\"addNewRUOverflowToolbarButton\"]"}
RESULT: {"using":"xpath","value":"//button[@data-kt=\"addNewRUOverflowToolbarButton\"]"}
COMMAND: POST /session/3fdde00e1aad0000c801fdda20f45a25/elements - {"using":"xpath","value":"//button[@data-kt=\"addNewRUOverflowToolbarButton\"]"}
RESULT: {"using":"xpath","value":"//button[@data-kt=\"addNewRUOverflowToolbarButton\"]"}
COMMAND: POST /session/3fdde00e1aad0000c801fdda20f45a25/elements - {"using":"xpath","value":"//button[@data-kt=\"addNewRUOverflowToolbarButton\"]"}
RESULT: {"using":"xpath","value":"//button[@data-kt=\"addNewRUOverflowToolbarButton\"]"}
COMMAND: POST /session/3fdde00e1aad0000c801fdda20f45a25/elements - {"using":"xpath","value":"//button[@data-kt=\"addNewRUOverflowToolbarButton\"]"}
RESULT: {"using":"xpath","value":"//button[@data-kt=\"addNewRUOverflowToolbarButton\"]"}
COMMAND: POST /session/3fdde00e1aad0000c801fdda20f45a25/elements - {"using":"xpath","value":"//button[@data-kt=\"addNewRUOverflowToolbarButton\"]"}
RESULT: {"using":"xpath","value":"//button[@data-kt=\"addNewRUOverflowToolbarButton\"]"}
COMMAND: POST /session/3fdde00e1aad0000c801fdda20f45a25/elements - {"using":"xpath","value":"//button[@data-kt=\"addNewRUOverflowToolbarButton\"]"}
RESULT: {"using":"xpath","value":"//button[@data-kt=\"addNewRUOverflowToolbarButton\"]"}
COMMAND: POST /session/3fdde00e1aad0000c801fdda20f45a25/elements - {"using":"xpath","value":"//button[@data-kt=\"addNewRUOverflowToolbarButton\"]"}
RESULT: {"using":"xpath","value":"//button[@data-kt=\"addNewRUOverflowToolbarButton\"]"}
COMMAND: POST /session/3fdde00e1aad0000c801fdda20f45a25/elements - {"using":"xpath","value":"//button[@data-kt=\"addNewRUOverflowToolbarButton\"]"}
RESULT: {"using":"xpath","value":"//button[@data-kt=\"addNewRUOverflowToolbarButton\"]"}
COMMAND: POST /session/3fdde00e1aad0000c801fdda20f45a25/elements - {"using":"xpath","value":"//button[@data-kt=\"addNewRUOverflowToolbarButton\"]"}
RESULT: {"using":"xpath","value":"//button[@data-kt=\"addNewRUOverflowToolbarButton\"]"}
COMMAND: POST /session/3fdde00e1aad0000c801fdda20f45a25/elements - {"using":"xpath","value":"//button[@data-kt=\"addNewRUOverflowToolbarButton\"]"}
RESULT: {"using":"xpath","value":"//button[@data-kt=\"addNewRUOverflowToolbarButton\"]"}
COMMAND: POST /session/3fdde00e1aad0000c801fdda20f45a25/elements - {"using":"xpath","value":"//button[@data-kt=\"addNewRUOverflowToolbarButton\"]"}
RESULT: {"using":"xpath","value":"//button[@data-kt=\"addNewRUOverflowToolbarButton\"]"}
COMMAND: POST /session/3fdde00e1aad0000c801fdda20f45a25/elements - {"using":"xpath","value":"//button[@data-kt=\"addNewRUOverflowToolbarButton\"]"}
RESULT: {"using":"xpath","value":"//button[@data-kt=\"addNewRUOverflowToolbarButton\"]"}
COMMAND: POST /session/3fdde00e1aad0000c801fdda20f45a25/elements - {"using":"xpath","value":"//button[@data-kt=\"addNewRUOverflowToolbarButton\"]"}
RESULT: {"using":"xpath","value":"//button[@data-kt=\"addNewRUOverflowToolbarButton\"]"}
COMMAND: POST /session/3fdde00e1aad0000c801fdda20f45a25/elements - {"using":"xpath","value":"//button[@data-kt=\"addNewRUOverflowToolbarButton\"]"}
RESULT: {"using":"xpath","value":"//button[@data-kt=\"addNewRUOverflowToolbarButton\"]"}
COMMAND: POST /session/3fdde00e1aad0000c801fdda20f45a25/elements - {"using":"xpath","value":"//button[@data-kt=\"addNewRUOverflowToolbarButton\"]"}
RESULT: {"using":"xpath","value":"//button[@data-kt=\"addNewRUOverflowToolbarButton\"]"}
COMMAND: POST /session/3fdde00e1aad0000c801fdda20f45a25/elements - {"using":"xpath","value":"//button[@data-kt=\"addNewRUOverflowToolbarButton\"]"}
RESULT: {"using":"xpath","value":"//button[@data-kt=\"addNewRUOverflowToolbarButton\"]"}
COMMAND: POST /session/3fdde00e1aad0000c801fdda20f45a25/elements - {"using":"xpath","value":"//button[@data-kt=\"addNewRUOverflowToolbarButton\"]"}
RESULT: {"using":"xpath","value":"//button[@data-kt=\"addNewRUOverflowToolbarButton\"]"}
COMMAND: POST /session/3fdde00e1aad0000c801fdda20f45a25/elements - {"using":"xpath","value":"//button[@data-kt=\"addNewRUOverflowToolbarButton\"]"}
RESULT: {"using":"xpath","value":"//button[@data-kt=\"addNewRUOverflowToolbarButton\"]"}
COMMAND: POST /session/3fdde00e1aad0000c801fdda20f45a25/elements - {"using":"xpath","value":"//button[@data-kt=\"addNewRUOverflowToolbarButton\"]"}
RESULT: {"using":"xpath","value":"//button[@data-kt=\"addNewRUOverflowToolbarButton\"]"}
COMMAND: POST /session/3fdde00e1aad0000c801fdda20f45a25/elements - {"using":"xpath","value":"//button[@data-kt=\"addNewRUOverflowToolbarButton\"]"}
RESULT: {"using":"xpath","value":"//button[@data-kt=\"addNewRUOverflowToolbarButton\"]"}
COMMAND: POST /session/3fdde00e1aad0000c801fdda20f45a25/elements - {"using":"xpath","value":"//button[@data-kt=\"addNewRUOverflowToolbarButton\"]"}
RESULT: {"using":"xpath","value":"//button[@data-kt=\"addNewRUOverflowToolbarButton\"]"}
COMMAND: POST /session/3fdde00e1aad0000c801fdda20f45a25/elements - {"using":"xpath","value":"//button[@data-kt=\"addNewRUOverflowToolbarButton\"]"}
RESULT: {"using":"xpath","value":"//button[@data-kt=\"addNewRUOverflowToolbarButton\"]"}
COMMAND: POST /session/3fdde00e1aad0000c801fdda20f45a25/elements - {"using":"xpath","value":"//button[@data-kt=\"addNewRUOverflowToolbarButton\"]"}
RESULT: {"using":"xpath","value":"//button[@data-kt=\"addNewRUOverflowToolbarButton\"]"}
COMMAND: POST /session/3fdde00e1aad0000c801fdda20f45a25/elements - {"using":"xpath","value":"//button[@data-kt=\"addNewRUOverflowToolbarButton\"]"}
RESULT: {"using":"xpath","value":"//button[@data-kt=\"addNewRUOverflowToolbarButton\"]"}
COMMAND: POST /session/3fdde00e1aad0000c801fdda20f45a25/elements - {"using":"xpath","value":"//button[@data-kt=\"addNewRUOverflowToolbarButton\"]"}
RESULT: {"using":"xpath","value":"//button[@data-kt=\"addNewRUOverflowToolbarButton\"]"}
COMMAND: POST /session/3fdde00e1aad0000c801fdda20f45a25/elements - {"using":"xpath","value":"//button[@data-kt=\"addNewRUOverflowToolbarButton\"]"}
RESULT: {"using":"xpath","value":"//button[@data-kt=\"addNewRUOverflowToolbarButton\"]"}
COMMAND: POST /session/3fdde00e1aad0000c801fdda20f45a25/elements - {"using":"xpath","value":"//button[@data-kt=\"addNewRUOverflowToolbarButton\"]"}
RESULT: {"using":"xpath","value":"//button[@data-kt=\"addNewRUOverflowToolbarButton\"]"}
COMMAND: POST /session/3fdde00e1aad0000c801fdda20f45a25/elements - {"using":"xpath","value":"//button[@data-kt=\"addNewRUOverflowToolbarButton\"]"}
RESULT: {"using":"xpath","value":"//button[@data-kt=\"addNewRUOverflowToolbarButton\"]"}
COMMAND: POST /session/3fdde00e1aad0000c801fdda20f45a25/elements - {"using":"xpath","value":"//button[@data-kt=\"addNewRUOverflowToolbarButton\"]"}
RESULT: {"using":"xpath","value":"//button[@data-kt=\"addNewRUOverflowToolbarButton\"]"}
COMMAND: POST /session/3fdde00e1aad0000c801fdda20f45a25/elements - {"using":"xpath","value":"//button[@data-kt=\"addNewRUOverflowToolbarButton\"]"}
RESULT: {"using":"xpath","value":"//button[@data-kt=\"addNewRUOverflowToolbarButton\"]"}
COMMAND: POST /session/3fdde00e1aad0000c801fdda20f45a25/elements - {"using":"xpath","value":"//button[@data-kt=\"addNewRUOverflowToolbarButton\"]"}
RESULT: {"using":"xpath","value":"//button[@data-kt=\"addNewRUOverflowToolbarButton\"]"}
COMMAND: POST /session/3fdde00e1aad0000c801fdda20f45a25/elements - {"using":"xpath","value":"//button[@data-kt=\"addNewRUOverflowToolbarButton\"]"}
RESULT: {"using":"xpath","value":"//button[@data-kt=\"addNewRUOverflowToolbarButton\"]"}
COMMAND: POST /session/3fdde00e1aad0000c801fdda20f45a25/elements - {"using":"xpath","value":"//button[@data-kt=\"addNewRUOverflowToolbarButton\"]"}
RESULT: {"using":"xpath","value":"//button[@data-kt=\"addNewRUOverflowToolbarButton\"]"}
COMMAND: POST /session/3fdde00e1aad0000c801fdda20f45a25/elements - {"using":"xpath","value":"//button[@data-kt=\"addNewRUOverflowToolbarButton\"]"}
RESULT: {"using":"xpath","value":"//button[@data-kt=\"addNewRUOverflowToolbarButton\"]"}
COMMAND: POST /session/3fdde00e1aad0000c801fdda20f45a25/elements - {"using":"xpath","value":"//button[@data-kt=\"addNewRUOverflowToolbarButton\"]"}
RESULT: {"using":"xpath","value":"//button[@data-kt=\"addNewRUOverflowToolbarButton\"]"}
COMMAND: POST /session/3fdde00e1aad0000c801fdda20f45a25/elements - {"using":"xpath","value":"//button[@data-kt=\"addNewRUOverflowToolbarButton\"]"}
RESULT: {"using":"xpath","value":"//button[@data-kt=\"addNewRUOverflowToolbarButton\"]"}
COMMAND: POST /session/3fdde00e1aad0000c801fdda20f45a25/elements - {"using":"xpath","value":"//button[@data-kt=\"addNewRUOverflowToolbarButton\"]"}
RESULT: {"using":"xpath","value":"//button[@data-kt=\"addNewRUOverflowToolbarButton\"]"}
COMMAND: POST /session/3fdde00e1aad0000c801fdda20f45a25/elements - {"using":"xpath","value":"//button[@data-kt=\"addNewRUOverflowToolbarButton\"]"}
RESULT: {"using":"xpath","value":"//button[@data-kt=\"addNewRUOverflowToolbarButton\"]"}
COMMAND: POST /session/3fdde00e1aad0000c801fdda20f45a25/elements - {"using":"xpath","value":"//button[@data-kt=\"addNewRUOverflowToolbarButton\"]"}
RESULT: {"using":"xpath","value":"//button[@data-kt=\"addNewRUOverflowToolbarButton\"]"}
COMMAND: POST /session/3fdde00e1aad0000c801fdda20f45a25/elements - {"using":"xpath","value":"//button[@data-kt=\"addNewRUOverflowToolbarButton\"]"}
RESULT: {"using":"xpath","value":"//button[@data-kt=\"addNewRUOverflowToolbarButton\"]"}
COMMAND: POST /session/3fdde00e1aad0000c801fdda20f45a25/elements - {"using":"xpath","value":"//button[@data-kt=\"addNewRUOverflowToolbarButton\"]"}
RESULT: {"using":"xpath","value":"//button[@data-kt=\"addNewRUOverflowToolbarButton\"]"}
COMMAND: POST /session/3fdde00e1aad0000c801fdda20f45a25/elements - {"using":"xpath","value":"//button[@data-kt=\"addNewRUOverflowToolbarButton\"]"}
RESULT: {"using":"xpath","value":"//button[@data-kt=\"addNewRUOverflowToolbarButton\"]"}
COMMAND: POST /session/3fdde00e1aad0000c801fdda20f45a25/elements - {"using":"xpath","value":"//button[@data-kt=\"addNewRUOverflowToolbarButton\"]"}
RESULT: {"using":"xpath","value":"//button[@data-kt=\"addNewRUOverflowToolbarButton\"]"}
COMMAND: POST /session/3fdde00e1aad0000c801fdda20f45a25/elements - {"using":"xpath","value":"//button[@data-kt=\"addNewRUOverflowToolbarButton\"]"}
RESULT: {"using":"xpath","value":"//button[@data-kt=\"addNewRUOverflowToolbarButton\"]"}
COMMAND: POST /session/3fdde00e1aad0000c801fdda20f45a25/elements - {"using":"xpath","value":"//button[@data-kt=\"addNewRUOverflowToolbarButton\"]"}
RESULT: {"using":"xpath","value":"//button[@data-kt=\"addNewRUOverflowToolbarButton\"]"}
COMMAND: POST /session/3fdde00e1aad0000c801fdda20f45a25/elements - {"using":"xpath","value":"//button[@data-kt=\"addNewRUOverflowToolbarButton\"]"}
RESULT: {"using":"xpath","value":"//button[@data-kt=\"addNewRUOverflowToolbarButton\"]"}
COMMAND: POST /session/3fdde00e1aad0000c801fdda20f45a25/elements - {"using":"xpath","value":"//button[@data-kt=\"addNewRUOverflowToolbarButton\"]"}
COMMAND: GET /session/3fdde00e1aad0000c801fdda20f45a25/screenshot - {}
RESULT: {"using":"xpath","value":"//button[@data-kt=\"addNewRUOverflowToolbarButton\"]"}
RESULT: {}
]]></system-out>
      <system-err><![CDATA[
Error: element ("//button[@data-kt="addNewRUOverflowToolbarButton"]") still not existing after 45000ms
    at async UtilsPrerequisites.resourceCreation (D:\a\1\s\test\specs\BTS\prerequisites-and-utils-functions.js:848:9)
    at async Context.<anonymous> (D:\a\1\s\test\specs\HTR\manage-states-perf.spec.js:138:9)
]]></system-err>
    </testcase>
    <testcase classname="chrome.136_0_7103_93.windows.Manage_States_&amp;_Performance_Tests_US151247_US151423_US151467" name="Step 2 Try to save empty performance document US151423" time="55.479">
      <failure/>
      <error message="element (&quot;//button[@data-kt=&quot;massStateChangeRusSectionButton&quot;]&quot;) still not existing after 45000ms"/>
      <system-out><![CDATA[
RESULT: undefined
COMMAND: GET /session/3fdde00e1aad0000c801fdda20f45a25/screenshot - {}
RESULT: {}
COMMAND: POST /session/3fdde00e1aad0000c801fdda20f45a25/elements - {"using":"xpath","value":"//span[text()='Error']"}
RESULT: {"using":"xpath","value":"//span[text()='Error']"}
COMMAND: POST /session/3fdde00e1aad0000c801fdda20f45a25/element - {"using":"xpath","value":"//button[@data-kt=\"massStateChangeRusSectionButton\"]"}
RESULT: {"using":"xpath","value":"//button[@data-kt=\"massStateChangeRusSectionButton\"]"}
COMMAND: POST /session/3fdde00e1aad0000c801fdda20f45a25/elements - {"using":"xpath","value":"//button[@data-kt=\"massStateChangeRusSectionButton\"]"}
RESULT: {"using":"xpath","value":"//button[@data-kt=\"massStateChangeRusSectionButton\"]"}
COMMAND: POST /session/3fdde00e1aad0000c801fdda20f45a25/elements - {"using":"xpath","value":"//button[@data-kt=\"massStateChangeRusSectionButton\"]"}
RESULT: {"using":"xpath","value":"//button[@data-kt=\"massStateChangeRusSectionButton\"]"}
COMMAND: POST /session/3fdde00e1aad0000c801fdda20f45a25/elements - {"using":"xpath","value":"//button[@data-kt=\"massStateChangeRusSectionButton\"]"}
RESULT: {"using":"xpath","value":"//button[@data-kt=\"massStateChangeRusSectionButton\"]"}
COMMAND: POST /session/3fdde00e1aad0000c801fdda20f45a25/elements - {"using":"xpath","value":"//button[@data-kt=\"massStateChangeRusSectionButton\"]"}
RESULT: {"using":"xpath","value":"//button[@data-kt=\"massStateChangeRusSectionButton\"]"}
COMMAND: POST /session/3fdde00e1aad0000c801fdda20f45a25/elements - {"using":"xpath","value":"//button[@data-kt=\"massStateChangeRusSectionButton\"]"}
RESULT: {"using":"xpath","value":"//button[@data-kt=\"massStateChangeRusSectionButton\"]"}
COMMAND: POST /session/3fdde00e1aad0000c801fdda20f45a25/elements - {"using":"xpath","value":"//button[@data-kt=\"massStateChangeRusSectionButton\"]"}
RESULT: {"using":"xpath","value":"//button[@data-kt=\"massStateChangeRusSectionButton\"]"}
COMMAND: POST /session/3fdde00e1aad0000c801fdda20f45a25/elements - {"using":"xpath","value":"//button[@data-kt=\"massStateChangeRusSectionButton\"]"}
RESULT: {"using":"xpath","value":"//button[@data-kt=\"massStateChangeRusSectionButton\"]"}
COMMAND: POST /session/3fdde00e1aad0000c801fdda20f45a25/elements - {"using":"xpath","value":"//button[@data-kt=\"massStateChangeRusSectionButton\"]"}
RESULT: {"using":"xpath","value":"//button[@data-kt=\"massStateChangeRusSectionButton\"]"}
COMMAND: POST /session/3fdde00e1aad0000c801fdda20f45a25/elements - {"using":"xpath","value":"//button[@data-kt=\"massStateChangeRusSectionButton\"]"}
RESULT: {"using":"xpath","value":"//button[@data-kt=\"massStateChangeRusSectionButton\"]"}
COMMAND: POST /session/3fdde00e1aad0000c801fdda20f45a25/elements - {"using":"xpath","value":"//button[@data-kt=\"massStateChangeRusSectionButton\"]"}
RESULT: {"using":"xpath","value":"//button[@data-kt=\"massStateChangeRusSectionButton\"]"}
COMMAND: POST /session/3fdde00e1aad0000c801fdda20f45a25/elements - {"using":"xpath","value":"//button[@data-kt=\"massStateChangeRusSectionButton\"]"}
RESULT: {"using":"xpath","value":"//button[@data-kt=\"massStateChangeRusSectionButton\"]"}
COMMAND: POST /session/3fdde00e1aad0000c801fdda20f45a25/elements - {"using":"xpath","value":"//button[@data-kt=\"massStateChangeRusSectionButton\"]"}
RESULT: {"using":"xpath","value":"//button[@data-kt=\"massStateChangeRusSectionButton\"]"}
COMMAND: POST /session/3fdde00e1aad0000c801fdda20f45a25/elements - {"using":"xpath","value":"//button[@data-kt=\"massStateChangeRusSectionButton\"]"}
RESULT: {"using":"xpath","value":"//button[@data-kt=\"massStateChangeRusSectionButton\"]"}
COMMAND: POST /session/3fdde00e1aad0000c801fdda20f45a25/elements - {"using":"xpath","value":"//button[@data-kt=\"massStateChangeRusSectionButton\"]"}
RESULT: {"using":"xpath","value":"//button[@data-kt=\"massStateChangeRusSectionButton\"]"}
COMMAND: POST /session/3fdde00e1aad0000c801fdda20f45a25/elements - {"using":"xpath","value":"//button[@data-kt=\"massStateChangeRusSectionButton\"]"}
RESULT: {"using":"xpath","value":"//button[@data-kt=\"massStateChangeRusSectionButton\"]"}
COMMAND: POST /session/3fdde00e1aad0000c801fdda20f45a25/elements - {"using":"xpath","value":"//button[@data-kt=\"massStateChangeRusSectionButton\"]"}
RESULT: {"using":"xpath","value":"//button[@data-kt=\"massStateChangeRusSectionButton\"]"}
COMMAND: POST /session/3fdde00e1aad0000c801fdda20f45a25/elements - {"using":"xpath","value":"//button[@data-kt=\"massStateChangeRusSectionButton\"]"}
RESULT: {"using":"xpath","value":"//button[@data-kt=\"massStateChangeRusSectionButton\"]"}
COMMAND: POST /session/3fdde00e1aad0000c801fdda20f45a25/elements - {"using":"xpath","value":"//button[@data-kt=\"massStateChangeRusSectionButton\"]"}
RESULT: {"using":"xpath","value":"//button[@data-kt=\"massStateChangeRusSectionButton\"]"}
COMMAND: POST /session/3fdde00e1aad0000c801fdda20f45a25/elements - {"using":"xpath","value":"//button[@data-kt=\"massStateChangeRusSectionButton\"]"}
RESULT: {"using":"xpath","value":"//button[@data-kt=\"massStateChangeRusSectionButton\"]"}
COMMAND: POST /session/3fdde00e1aad0000c801fdda20f45a25/elements - {"using":"xpath","value":"//button[@data-kt=\"massStateChangeRusSectionButton\"]"}
RESULT: {"using":"xpath","value":"//button[@data-kt=\"massStateChangeRusSectionButton\"]"}
COMMAND: POST /session/3fdde00e1aad0000c801fdda20f45a25/elements - {"using":"xpath","value":"//button[@data-kt=\"massStateChangeRusSectionButton\"]"}
RESULT: {"using":"xpath","value":"//button[@data-kt=\"massStateChangeRusSectionButton\"]"}
COMMAND: POST /session/3fdde00e1aad0000c801fdda20f45a25/elements - {"using":"xpath","value":"//button[@data-kt=\"massStateChangeRusSectionButton\"]"}
RESULT: {"using":"xpath","value":"//button[@data-kt=\"massStateChangeRusSectionButton\"]"}
COMMAND: POST /session/3fdde00e1aad0000c801fdda20f45a25/elements - {"using":"xpath","value":"//button[@data-kt=\"massStateChangeRusSectionButton\"]"}
RESULT: {"using":"xpath","value":"//button[@data-kt=\"massStateChangeRusSectionButton\"]"}
COMMAND: POST /session/3fdde00e1aad0000c801fdda20f45a25/elements - {"using":"xpath","value":"//button[@data-kt=\"massStateChangeRusSectionButton\"]"}
RESULT: {"using":"xpath","value":"//button[@data-kt=\"massStateChangeRusSectionButton\"]"}
COMMAND: POST /session/3fdde00e1aad0000c801fdda20f45a25/elements - {"using":"xpath","value":"//button[@data-kt=\"massStateChangeRusSectionButton\"]"}
RESULT: {"using":"xpath","value":"//button[@data-kt=\"massStateChangeRusSectionButton\"]"}
COMMAND: POST /session/3fdde00e1aad0000c801fdda20f45a25/elements - {"using":"xpath","value":"//button[@data-kt=\"massStateChangeRusSectionButton\"]"}
RESULT: {"using":"xpath","value":"//button[@data-kt=\"massStateChangeRusSectionButton\"]"}
COMMAND: POST /session/3fdde00e1aad0000c801fdda20f45a25/elements - {"using":"xpath","value":"//button[@data-kt=\"massStateChangeRusSectionButton\"]"}
RESULT: {"using":"xpath","value":"//button[@data-kt=\"massStateChangeRusSectionButton\"]"}
COMMAND: POST /session/3fdde00e1aad0000c801fdda20f45a25/elements - {"using":"xpath","value":"//button[@data-kt=\"massStateChangeRusSectionButton\"]"}
RESULT: {"using":"xpath","value":"//button[@data-kt=\"massStateChangeRusSectionButton\"]"}
COMMAND: POST /session/3fdde00e1aad0000c801fdda20f45a25/elements - {"using":"xpath","value":"//button[@data-kt=\"massStateChangeRusSectionButton\"]"}
RESULT: {"using":"xpath","value":"//button[@data-kt=\"massStateChangeRusSectionButton\"]"}
COMMAND: POST /session/3fdde00e1aad0000c801fdda20f45a25/elements - {"using":"xpath","value":"//button[@data-kt=\"massStateChangeRusSectionButton\"]"}
RESULT: {"using":"xpath","value":"//button[@data-kt=\"massStateChangeRusSectionButton\"]"}
COMMAND: POST /session/3fdde00e1aad0000c801fdda20f45a25/elements - {"using":"xpath","value":"//button[@data-kt=\"massStateChangeRusSectionButton\"]"}
RESULT: {"using":"xpath","value":"//button[@data-kt=\"massStateChangeRusSectionButton\"]"}
COMMAND: POST /session/3fdde00e1aad0000c801fdda20f45a25/elements - {"using":"xpath","value":"//button[@data-kt=\"massStateChangeRusSectionButton\"]"}
RESULT: {"using":"xpath","value":"//button[@data-kt=\"massStateChangeRusSectionButton\"]"}
COMMAND: POST /session/3fdde00e1aad0000c801fdda20f45a25/elements - {"using":"xpath","value":"//button[@data-kt=\"massStateChangeRusSectionButton\"]"}
RESULT: {"using":"xpath","value":"//button[@data-kt=\"massStateChangeRusSectionButton\"]"}
COMMAND: POST /session/3fdde00e1aad0000c801fdda20f45a25/elements - {"using":"xpath","value":"//button[@data-kt=\"massStateChangeRusSectionButton\"]"}
RESULT: {"using":"xpath","value":"//button[@data-kt=\"massStateChangeRusSectionButton\"]"}
COMMAND: POST /session/3fdde00e1aad0000c801fdda20f45a25/elements - {"using":"xpath","value":"//button[@data-kt=\"massStateChangeRusSectionButton\"]"}
RESULT: {"using":"xpath","value":"//button[@data-kt=\"massStateChangeRusSectionButton\"]"}
COMMAND: POST /session/3fdde00e1aad0000c801fdda20f45a25/elements - {"using":"xpath","value":"//button[@data-kt=\"massStateChangeRusSectionButton\"]"}
RESULT: {"using":"xpath","value":"//button[@data-kt=\"massStateChangeRusSectionButton\"]"}
COMMAND: POST /session/3fdde00e1aad0000c801fdda20f45a25/elements - {"using":"xpath","value":"//button[@data-kt=\"massStateChangeRusSectionButton\"]"}
RESULT: {"using":"xpath","value":"//button[@data-kt=\"massStateChangeRusSectionButton\"]"}
COMMAND: POST /session/3fdde00e1aad0000c801fdda20f45a25/elements - {"using":"xpath","value":"//button[@data-kt=\"massStateChangeRusSectionButton\"]"}
RESULT: {"using":"xpath","value":"//button[@data-kt=\"massStateChangeRusSectionButton\"]"}
COMMAND: POST /session/3fdde00e1aad0000c801fdda20f45a25/elements - {"using":"xpath","value":"//button[@data-kt=\"massStateChangeRusSectionButton\"]"}
RESULT: {"using":"xpath","value":"//button[@data-kt=\"massStateChangeRusSectionButton\"]"}
COMMAND: POST /session/3fdde00e1aad0000c801fdda20f45a25/elements - {"using":"xpath","value":"//button[@data-kt=\"massStateChangeRusSectionButton\"]"}
RESULT: {"using":"xpath","value":"//button[@data-kt=\"massStateChangeRusSectionButton\"]"}
COMMAND: POST /session/3fdde00e1aad0000c801fdda20f45a25/elements - {"using":"xpath","value":"//button[@data-kt=\"massStateChangeRusSectionButton\"]"}
RESULT: {"using":"xpath","value":"//button[@data-kt=\"massStateChangeRusSectionButton\"]"}
COMMAND: POST /session/3fdde00e1aad0000c801fdda20f45a25/elements - {"using":"xpath","value":"//button[@data-kt=\"massStateChangeRusSectionButton\"]"}
RESULT: {"using":"xpath","value":"//button[@data-kt=\"massStateChangeRusSectionButton\"]"}
COMMAND: POST /session/3fdde00e1aad0000c801fdda20f45a25/elements - {"using":"xpath","value":"//button[@data-kt=\"massStateChangeRusSectionButton\"]"}
RESULT: {"using":"xpath","value":"//button[@data-kt=\"massStateChangeRusSectionButton\"]"}
COMMAND: POST /session/3fdde00e1aad0000c801fdda20f45a25/elements - {"using":"xpath","value":"//button[@data-kt=\"massStateChangeRusSectionButton\"]"}
RESULT: {"using":"xpath","value":"//button[@data-kt=\"massStateChangeRusSectionButton\"]"}
COMMAND: POST /session/3fdde00e1aad0000c801fdda20f45a25/elements - {"using":"xpath","value":"//button[@data-kt=\"massStateChangeRusSectionButton\"]"}
RESULT: {"using":"xpath","value":"//button[@data-kt=\"massStateChangeRusSectionButton\"]"}
COMMAND: POST /session/3fdde00e1aad0000c801fdda20f45a25/elements - {"using":"xpath","value":"//button[@data-kt=\"massStateChangeRusSectionButton\"]"}
RESULT: {"using":"xpath","value":"//button[@data-kt=\"massStateChangeRusSectionButton\"]"}
COMMAND: POST /session/3fdde00e1aad0000c801fdda20f45a25/elements - {"using":"xpath","value":"//button[@data-kt=\"massStateChangeRusSectionButton\"]"}
RESULT: {"using":"xpath","value":"//button[@data-kt=\"massStateChangeRusSectionButton\"]"}
COMMAND: POST /session/3fdde00e1aad0000c801fdda20f45a25/elements - {"using":"xpath","value":"//button[@data-kt=\"massStateChangeRusSectionButton\"]"}
RESULT: {"using":"xpath","value":"//button[@data-kt=\"massStateChangeRusSectionButton\"]"}
COMMAND: POST /session/3fdde00e1aad0000c801fdda20f45a25/elements - {"using":"xpath","value":"//button[@data-kt=\"massStateChangeRusSectionButton\"]"}
RESULT: {"using":"xpath","value":"//button[@data-kt=\"massStateChangeRusSectionButton\"]"}
COMMAND: POST /session/3fdde00e1aad0000c801fdda20f45a25/elements - {"using":"xpath","value":"//button[@data-kt=\"massStateChangeRusSectionButton\"]"}
RESULT: {"using":"xpath","value":"//button[@data-kt=\"massStateChangeRusSectionButton\"]"}
COMMAND: POST /session/3fdde00e1aad0000c801fdda20f45a25/elements - {"using":"xpath","value":"//button[@data-kt=\"massStateChangeRusSectionButton\"]"}
RESULT: {"using":"xpath","value":"//button[@data-kt=\"massStateChangeRusSectionButton\"]"}
COMMAND: POST /session/3fdde00e1aad0000c801fdda20f45a25/elements - {"using":"xpath","value":"//button[@data-kt=\"massStateChangeRusSectionButton\"]"}
RESULT: {"using":"xpath","value":"//button[@data-kt=\"massStateChangeRusSectionButton\"]"}
COMMAND: POST /session/3fdde00e1aad0000c801fdda20f45a25/elements - {"using":"xpath","value":"//button[@data-kt=\"massStateChangeRusSectionButton\"]"}
RESULT: {"using":"xpath","value":"//button[@data-kt=\"massStateChangeRusSectionButton\"]"}
COMMAND: POST /session/3fdde00e1aad0000c801fdda20f45a25/elements - {"using":"xpath","value":"//button[@data-kt=\"massStateChangeRusSectionButton\"]"}
RESULT: {"using":"xpath","value":"//button[@data-kt=\"massStateChangeRusSectionButton\"]"}
COMMAND: POST /session/3fdde00e1aad0000c801fdda20f45a25/elements - {"using":"xpath","value":"//button[@data-kt=\"massStateChangeRusSectionButton\"]"}
RESULT: {"using":"xpath","value":"//button[@data-kt=\"massStateChangeRusSectionButton\"]"}
COMMAND: POST /session/3fdde00e1aad0000c801fdda20f45a25/elements - {"using":"xpath","value":"//button[@data-kt=\"massStateChangeRusSectionButton\"]"}
RESULT: {"using":"xpath","value":"//button[@data-kt=\"massStateChangeRusSectionButton\"]"}
COMMAND: POST /session/3fdde00e1aad0000c801fdda20f45a25/elements - {"using":"xpath","value":"//button[@data-kt=\"massStateChangeRusSectionButton\"]"}
RESULT: {"using":"xpath","value":"//button[@data-kt=\"massStateChangeRusSectionButton\"]"}
COMMAND: POST /session/3fdde00e1aad0000c801fdda20f45a25/elements - {"using":"xpath","value":"//button[@data-kt=\"massStateChangeRusSectionButton\"]"}
RESULT: {"using":"xpath","value":"//button[@data-kt=\"massStateChangeRusSectionButton\"]"}
COMMAND: POST /session/3fdde00e1aad0000c801fdda20f45a25/elements - {"using":"xpath","value":"//button[@data-kt=\"massStateChangeRusSectionButton\"]"}
RESULT: {"using":"xpath","value":"//button[@data-kt=\"massStateChangeRusSectionButton\"]"}
COMMAND: POST /session/3fdde00e1aad0000c801fdda20f45a25/elements - {"using":"xpath","value":"//button[@data-kt=\"massStateChangeRusSectionButton\"]"}
RESULT: {"using":"xpath","value":"//button[@data-kt=\"massStateChangeRusSectionButton\"]"}
COMMAND: POST /session/3fdde00e1aad0000c801fdda20f45a25/elements - {"using":"xpath","value":"//button[@data-kt=\"massStateChangeRusSectionButton\"]"}
RESULT: {"using":"xpath","value":"//button[@data-kt=\"massStateChangeRusSectionButton\"]"}
COMMAND: POST /session/3fdde00e1aad0000c801fdda20f45a25/elements - {"using":"xpath","value":"//button[@data-kt=\"massStateChangeRusSectionButton\"]"}
RESULT: {"using":"xpath","value":"//button[@data-kt=\"massStateChangeRusSectionButton\"]"}
COMMAND: POST /session/3fdde00e1aad0000c801fdda20f45a25/elements - {"using":"xpath","value":"//button[@data-kt=\"massStateChangeRusSectionButton\"]"}
RESULT: {"using":"xpath","value":"//button[@data-kt=\"massStateChangeRusSectionButton\"]"}
COMMAND: POST /session/3fdde00e1aad0000c801fdda20f45a25/elements - {"using":"xpath","value":"//button[@data-kt=\"massStateChangeRusSectionButton\"]"}
RESULT: {"using":"xpath","value":"//button[@data-kt=\"massStateChangeRusSectionButton\"]"}
COMMAND: POST /session/3fdde00e1aad0000c801fdda20f45a25/elements - {"using":"xpath","value":"//button[@data-kt=\"massStateChangeRusSectionButton\"]"}
RESULT: {"using":"xpath","value":"//button[@data-kt=\"massStateChangeRusSectionButton\"]"}
COMMAND: POST /session/3fdde00e1aad0000c801fdda20f45a25/elements - {"using":"xpath","value":"//button[@data-kt=\"massStateChangeRusSectionButton\"]"}
RESULT: {"using":"xpath","value":"//button[@data-kt=\"massStateChangeRusSectionButton\"]"}
COMMAND: POST /session/3fdde00e1aad0000c801fdda20f45a25/elements - {"using":"xpath","value":"//button[@data-kt=\"massStateChangeRusSectionButton\"]"}
RESULT: {"using":"xpath","value":"//button[@data-kt=\"massStateChangeRusSectionButton\"]"}
COMMAND: POST /session/3fdde00e1aad0000c801fdda20f45a25/elements - {"using":"xpath","value":"//button[@data-kt=\"massStateChangeRusSectionButton\"]"}
RESULT: {"using":"xpath","value":"//button[@data-kt=\"massStateChangeRusSectionButton\"]"}
COMMAND: POST /session/3fdde00e1aad0000c801fdda20f45a25/elements - {"using":"xpath","value":"//button[@data-kt=\"massStateChangeRusSectionButton\"]"}
RESULT: {"using":"xpath","value":"//button[@data-kt=\"massStateChangeRusSectionButton\"]"}
COMMAND: POST /session/3fdde00e1aad0000c801fdda20f45a25/elements - {"using":"xpath","value":"//button[@data-kt=\"massStateChangeRusSectionButton\"]"}
RESULT: {"using":"xpath","value":"//button[@data-kt=\"massStateChangeRusSectionButton\"]"}
COMMAND: POST /session/3fdde00e1aad0000c801fdda20f45a25/elements - {"using":"xpath","value":"//button[@data-kt=\"massStateChangeRusSectionButton\"]"}
RESULT: {"using":"xpath","value":"//button[@data-kt=\"massStateChangeRusSectionButton\"]"}
COMMAND: POST /session/3fdde00e1aad0000c801fdda20f45a25/elements - {"using":"xpath","value":"//button[@data-kt=\"massStateChangeRusSectionButton\"]"}
RESULT: {"using":"xpath","value":"//button[@data-kt=\"massStateChangeRusSectionButton\"]"}
COMMAND: POST /session/3fdde00e1aad0000c801fdda20f45a25/elements - {"using":"xpath","value":"//button[@data-kt=\"massStateChangeRusSectionButton\"]"}
RESULT: {"using":"xpath","value":"//button[@data-kt=\"massStateChangeRusSectionButton\"]"}
COMMAND: POST /session/3fdde00e1aad0000c801fdda20f45a25/elements - {"using":"xpath","value":"//button[@data-kt=\"massStateChangeRusSectionButton\"]"}
RESULT: {"using":"xpath","value":"//button[@data-kt=\"massStateChangeRusSectionButton\"]"}
COMMAND: POST /session/3fdde00e1aad0000c801fdda20f45a25/elements - {"using":"xpath","value":"//button[@data-kt=\"massStateChangeRusSectionButton\"]"}
RESULT: {"using":"xpath","value":"//button[@data-kt=\"massStateChangeRusSectionButton\"]"}
COMMAND: POST /session/3fdde00e1aad0000c801fdda20f45a25/elements - {"using":"xpath","value":"//button[@data-kt=\"massStateChangeRusSectionButton\"]"}
RESULT: {"using":"xpath","value":"//button[@data-kt=\"massStateChangeRusSectionButton\"]"}
COMMAND: POST /session/3fdde00e1aad0000c801fdda20f45a25/elements - {"using":"xpath","value":"//button[@data-kt=\"massStateChangeRusSectionButton\"]"}
RESULT: {"using":"xpath","value":"//button[@data-kt=\"massStateChangeRusSectionButton\"]"}
COMMAND: POST /session/3fdde00e1aad0000c801fdda20f45a25/elements - {"using":"xpath","value":"//button[@data-kt=\"massStateChangeRusSectionButton\"]"}
RESULT: {"using":"xpath","value":"//button[@data-kt=\"massStateChangeRusSectionButton\"]"}
COMMAND: POST /session/3fdde00e1aad0000c801fdda20f45a25/elements - {"using":"xpath","value":"//button[@data-kt=\"massStateChangeRusSectionButton\"]"}
RESULT: {"using":"xpath","value":"//button[@data-kt=\"massStateChangeRusSectionButton\"]"}
COMMAND: POST /session/3fdde00e1aad0000c801fdda20f45a25/elements - {"using":"xpath","value":"//button[@data-kt=\"massStateChangeRusSectionButton\"]"}
RESULT: {"using":"xpath","value":"//button[@data-kt=\"massStateChangeRusSectionButton\"]"}
COMMAND: POST /session/3fdde00e1aad0000c801fdda20f45a25/elements - {"using":"xpath","value":"//button[@data-kt=\"massStateChangeRusSectionButton\"]"}
RESULT: {"using":"xpath","value":"//button[@data-kt=\"massStateChangeRusSectionButton\"]"}
COMMAND: POST /session/3fdde00e1aad0000c801fdda20f45a25/elements - {"using":"xpath","value":"//button[@data-kt=\"massStateChangeRusSectionButton\"]"}
RESULT: {"using":"xpath","value":"//button[@data-kt=\"massStateChangeRusSectionButton\"]"}
COMMAND: POST /session/3fdde00e1aad0000c801fdda20f45a25/elements - {"using":"xpath","value":"//button[@data-kt=\"massStateChangeRusSectionButton\"]"}
RESULT: {"using":"xpath","value":"//button[@data-kt=\"massStateChangeRusSectionButton\"]"}
COMMAND: POST /session/3fdde00e1aad0000c801fdda20f45a25/elements - {"using":"xpath","value":"//button[@data-kt=\"massStateChangeRusSectionButton\"]"}
RESULT: {"using":"xpath","value":"//button[@data-kt=\"massStateChangeRusSectionButton\"]"}
COMMAND: POST /session/3fdde00e1aad0000c801fdda20f45a25/elements - {"using":"xpath","value":"//button[@data-kt=\"massStateChangeRusSectionButton\"]"}
RESULT: {"using":"xpath","value":"//button[@data-kt=\"massStateChangeRusSectionButton\"]"}
COMMAND: POST /session/3fdde00e1aad0000c801fdda20f45a25/elements - {"using":"xpath","value":"//button[@data-kt=\"massStateChangeRusSectionButton\"]"}
RESULT: {"using":"xpath","value":"//button[@data-kt=\"massStateChangeRusSectionButton\"]"}
COMMAND: POST /session/3fdde00e1aad0000c801fdda20f45a25/elements - {"using":"xpath","value":"//button[@data-kt=\"massStateChangeRusSectionButton\"]"}
RESULT: {"using":"xpath","value":"//button[@data-kt=\"massStateChangeRusSectionButton\"]"}
COMMAND: POST /session/3fdde00e1aad0000c801fdda20f45a25/elements - {"using":"xpath","value":"//button[@data-kt=\"massStateChangeRusSectionButton\"]"}
RESULT: {"using":"xpath","value":"//button[@data-kt=\"massStateChangeRusSectionButton\"]"}
COMMAND: POST /session/3fdde00e1aad0000c801fdda20f45a25/elements - {"using":"xpath","value":"//button[@data-kt=\"massStateChangeRusSectionButton\"]"}
RESULT: {"using":"xpath","value":"//button[@data-kt=\"massStateChangeRusSectionButton\"]"}
COMMAND: POST /session/3fdde00e1aad0000c801fdda20f45a25/elements - {"using":"xpath","value":"//button[@data-kt=\"massStateChangeRusSectionButton\"]"}
RESULT: {"using":"xpath","value":"//button[@data-kt=\"massStateChangeRusSectionButton\"]"}
COMMAND: POST /session/3fdde00e1aad0000c801fdda20f45a25/elements - {"using":"xpath","value":"//button[@data-kt=\"massStateChangeRusSectionButton\"]"}
COMMAND: GET /session/3fdde00e1aad0000c801fdda20f45a25/screenshot - {}
RESULT: {"using":"xpath","value":"//button[@data-kt=\"massStateChangeRusSectionButton\"]"}
RESULT: {}
]]></system-out>
      <system-err><![CDATA[
Error: element ("//button[@data-kt="massStateChangeRusSectionButton"]") still not existing after 45000ms
    at async Context.<anonymous> (D:\a\1\s\test\specs\HTR\manage-states-perf.spec.js:279:9)
]]></system-err>
    </testcase>
    <testcase classname="chrome.136_0_7103_93.windows.Manage_States_&amp;_Performance_Tests_US151247_US151423_US151467" name="Step 3 Manage States Perf search filters US151467" time="55.537">
      <failure/>
      <error message="element (&quot;//button[@data-kt=&quot;massStateChangeRusSectionButton&quot;]&quot;) still not existing after 45000ms"/>
      <system-out><![CDATA[
RESULT: undefined
COMMAND: GET /session/3fdde00e1aad0000c801fdda20f45a25/screenshot - {}
RESULT: {}
COMMAND: POST /session/3fdde00e1aad0000c801fdda20f45a25/elements - {"using":"xpath","value":"//span[text()='Error']"}
RESULT: {"using":"xpath","value":"//span[text()='Error']"}
COMMAND: POST /session/3fdde00e1aad0000c801fdda20f45a25/element - {"using":"xpath","value":"//button[@data-kt=\"massStateChangeRusSectionButton\"]"}
RESULT: {"using":"xpath","value":"//button[@data-kt=\"massStateChangeRusSectionButton\"]"}
COMMAND: POST /session/3fdde00e1aad0000c801fdda20f45a25/elements - {"using":"xpath","value":"//button[@data-kt=\"massStateChangeRusSectionButton\"]"}
RESULT: {"using":"xpath","value":"//button[@data-kt=\"massStateChangeRusSectionButton\"]"}
COMMAND: POST /session/3fdde00e1aad0000c801fdda20f45a25/elements - {"using":"xpath","value":"//button[@data-kt=\"massStateChangeRusSectionButton\"]"}
RESULT: {"using":"xpath","value":"//button[@data-kt=\"massStateChangeRusSectionButton\"]"}
COMMAND: POST /session/3fdde00e1aad0000c801fdda20f45a25/elements - {"using":"xpath","value":"//button[@data-kt=\"massStateChangeRusSectionButton\"]"}
RESULT: {"using":"xpath","value":"//button[@data-kt=\"massStateChangeRusSectionButton\"]"}
COMMAND: POST /session/3fdde00e1aad0000c801fdda20f45a25/elements - {"using":"xpath","value":"//button[@data-kt=\"massStateChangeRusSectionButton\"]"}
RESULT: {"using":"xpath","value":"//button[@data-kt=\"massStateChangeRusSectionButton\"]"}
COMMAND: POST /session/3fdde00e1aad0000c801fdda20f45a25/elements - {"using":"xpath","value":"//button[@data-kt=\"massStateChangeRusSectionButton\"]"}
RESULT: {"using":"xpath","value":"//button[@data-kt=\"massStateChangeRusSectionButton\"]"}
COMMAND: POST /session/3fdde00e1aad0000c801fdda20f45a25/elements - {"using":"xpath","value":"//button[@data-kt=\"massStateChangeRusSectionButton\"]"}
RESULT: {"using":"xpath","value":"//button[@data-kt=\"massStateChangeRusSectionButton\"]"}
COMMAND: POST /session/3fdde00e1aad0000c801fdda20f45a25/elements - {"using":"xpath","value":"//button[@data-kt=\"massStateChangeRusSectionButton\"]"}
RESULT: {"using":"xpath","value":"//button[@data-kt=\"massStateChangeRusSectionButton\"]"}
COMMAND: POST /session/3fdde00e1aad0000c801fdda20f45a25/elements - {"using":"xpath","value":"//button[@data-kt=\"massStateChangeRusSectionButton\"]"}
RESULT: {"using":"xpath","value":"//button[@data-kt=\"massStateChangeRusSectionButton\"]"}
COMMAND: POST /session/3fdde00e1aad0000c801fdda20f45a25/elements - {"using":"xpath","value":"//button[@data-kt=\"massStateChangeRusSectionButton\"]"}
RESULT: {"using":"xpath","value":"//button[@data-kt=\"massStateChangeRusSectionButton\"]"}
COMMAND: POST /session/3fdde00e1aad0000c801fdda20f45a25/elements - {"using":"xpath","value":"//button[@data-kt=\"massStateChangeRusSectionButton\"]"}
RESULT: {"using":"xpath","value":"//button[@data-kt=\"massStateChangeRusSectionButton\"]"}
COMMAND: POST /session/3fdde00e1aad0000c801fdda20f45a25/elements - {"using":"xpath","value":"//button[@data-kt=\"massStateChangeRusSectionButton\"]"}
RESULT: {"using":"xpath","value":"//button[@data-kt=\"massStateChangeRusSectionButton\"]"}
COMMAND: POST /session/3fdde00e1aad0000c801fdda20f45a25/elements - {"using":"xpath","value":"//button[@data-kt=\"massStateChangeRusSectionButton\"]"}
RESULT: {"using":"xpath","value":"//button[@data-kt=\"massStateChangeRusSectionButton\"]"}
COMMAND: POST /session/3fdde00e1aad0000c801fdda20f45a25/elements - {"using":"xpath","value":"//button[@data-kt=\"massStateChangeRusSectionButton\"]"}
RESULT: {"using":"xpath","value":"//button[@data-kt=\"massStateChangeRusSectionButton\"]"}
COMMAND: POST /session/3fdde00e1aad0000c801fdda20f45a25/elements - {"using":"xpath","value":"//button[@data-kt=\"massStateChangeRusSectionButton\"]"}
RESULT: {"using":"xpath","value":"//button[@data-kt=\"massStateChangeRusSectionButton\"]"}
COMMAND: POST /session/3fdde00e1aad0000c801fdda20f45a25/elements - {"using":"xpath","value":"//button[@data-kt=\"massStateChangeRusSectionButton\"]"}
RESULT: {"using":"xpath","value":"//button[@data-kt=\"massStateChangeRusSectionButton\"]"}
COMMAND: POST /session/3fdde00e1aad0000c801fdda20f45a25/elements - {"using":"xpath","value":"//button[@data-kt=\"massStateChangeRusSectionButton\"]"}
RESULT: {"using":"xpath","value":"//button[@data-kt=\"massStateChangeRusSectionButton\"]"}
COMMAND: POST /session/3fdde00e1aad0000c801fdda20f45a25/elements - {"using":"xpath","value":"//button[@data-kt=\"massStateChangeRusSectionButton\"]"}
RESULT: {"using":"xpath","value":"//button[@data-kt=\"massStateChangeRusSectionButton\"]"}
COMMAND: POST /session/3fdde00e1aad0000c801fdda20f45a25/elements - {"using":"xpath","value":"//button[@data-kt=\"massStateChangeRusSectionButton\"]"}
RESULT: {"using":"xpath","value":"//button[@data-kt=\"massStateChangeRusSectionButton\"]"}
COMMAND: POST /session/3fdde00e1aad0000c801fdda20f45a25/elements - {"using":"xpath","value":"//button[@data-kt=\"massStateChangeRusSectionButton\"]"}
RESULT: {"using":"xpath","value":"//button[@data-kt=\"massStateChangeRusSectionButton\"]"}
COMMAND: POST /session/3fdde00e1aad0000c801fdda20f45a25/elements - {"using":"xpath","value":"//button[@data-kt=\"massStateChangeRusSectionButton\"]"}
RESULT: {"using":"xpath","value":"//button[@data-kt=\"massStateChangeRusSectionButton\"]"}
COMMAND: POST /session/3fdde00e1aad0000c801fdda20f45a25/elements - {"using":"xpath","value":"//button[@data-kt=\"massStateChangeRusSectionButton\"]"}
RESULT: {"using":"xpath","value":"//button[@data-kt=\"massStateChangeRusSectionButton\"]"}
COMMAND: POST /session/3fdde00e1aad0000c801fdda20f45a25/elements - {"using":"xpath","value":"//button[@data-kt=\"massStateChangeRusSectionButton\"]"}
RESULT: {"using":"xpath","value":"//button[@data-kt=\"massStateChangeRusSectionButton\"]"}
COMMAND: POST /session/3fdde00e1aad0000c801fdda20f45a25/elements - {"using":"xpath","value":"//button[@data-kt=\"massStateChangeRusSectionButton\"]"}
RESULT: {"using":"xpath","value":"//button[@data-kt=\"massStateChangeRusSectionButton\"]"}
COMMAND: POST /session/3fdde00e1aad0000c801fdda20f45a25/elements - {"using":"xpath","value":"//button[@data-kt=\"massStateChangeRusSectionButton\"]"}
RESULT: {"using":"xpath","value":"//button[@data-kt=\"massStateChangeRusSectionButton\"]"}
COMMAND: POST /session/3fdde00e1aad0000c801fdda20f45a25/elements - {"using":"xpath","value":"//button[@data-kt=\"massStateChangeRusSectionButton\"]"}
RESULT: {"using":"xpath","value":"//button[@data-kt=\"massStateChangeRusSectionButton\"]"}
COMMAND: POST /session/3fdde00e1aad0000c801fdda20f45a25/elements - {"using":"xpath","value":"//button[@data-kt=\"massStateChangeRusSectionButton\"]"}
RESULT: {"using":"xpath","value":"//button[@data-kt=\"massStateChangeRusSectionButton\"]"}
COMMAND: POST /session/3fdde00e1aad0000c801fdda20f45a25/elements - {"using":"xpath","value":"//button[@data-kt=\"massStateChangeRusSectionButton\"]"}
RESULT: {"using":"xpath","value":"//button[@data-kt=\"massStateChangeRusSectionButton\"]"}
COMMAND: POST /session/3fdde00e1aad0000c801fdda20f45a25/elements - {"using":"xpath","value":"//button[@data-kt=\"massStateChangeRusSectionButton\"]"}
RESULT: {"using":"xpath","value":"//button[@data-kt=\"massStateChangeRusSectionButton\"]"}
COMMAND: POST /session/3fdde00e1aad0000c801fdda20f45a25/elements - {"using":"xpath","value":"//button[@data-kt=\"massStateChangeRusSectionButton\"]"}
RESULT: {"using":"xpath","value":"//button[@data-kt=\"massStateChangeRusSectionButton\"]"}
COMMAND: POST /session/3fdde00e1aad0000c801fdda20f45a25/elements - {"using":"xpath","value":"//button[@data-kt=\"massStateChangeRusSectionButton\"]"}
RESULT: {"using":"xpath","value":"//button[@data-kt=\"massStateChangeRusSectionButton\"]"}
COMMAND: POST /session/3fdde00e1aad0000c801fdda20f45a25/elements - {"using":"xpath","value":"//button[@data-kt=\"massStateChangeRusSectionButton\"]"}
RESULT: {"using":"xpath","value":"//button[@data-kt=\"massStateChangeRusSectionButton\"]"}
COMMAND: POST /session/3fdde00e1aad0000c801fdda20f45a25/elements - {"using":"xpath","value":"//button[@data-kt=\"massStateChangeRusSectionButton\"]"}
RESULT: {"using":"xpath","value":"//button[@data-kt=\"massStateChangeRusSectionButton\"]"}
COMMAND: POST /session/3fdde00e1aad0000c801fdda20f45a25/elements - {"using":"xpath","value":"//button[@data-kt=\"massStateChangeRusSectionButton\"]"}
RESULT: {"using":"xpath","value":"//button[@data-kt=\"massStateChangeRusSectionButton\"]"}
COMMAND: POST /session/3fdde00e1aad0000c801fdda20f45a25/elements - {"using":"xpath","value":"//button[@data-kt=\"massStateChangeRusSectionButton\"]"}
RESULT: {"using":"xpath","value":"//button[@data-kt=\"massStateChangeRusSectionButton\"]"}
COMMAND: POST /session/3fdde00e1aad0000c801fdda20f45a25/elements - {"using":"xpath","value":"//button[@data-kt=\"massStateChangeRusSectionButton\"]"}
RESULT: {"using":"xpath","value":"//button[@data-kt=\"massStateChangeRusSectionButton\"]"}
COMMAND: POST /session/3fdde00e1aad0000c801fdda20f45a25/elements - {"using":"xpath","value":"//button[@data-kt=\"massStateChangeRusSectionButton\"]"}
RESULT: {"using":"xpath","value":"//button[@data-kt=\"massStateChangeRusSectionButton\"]"}
COMMAND: POST /session/3fdde00e1aad0000c801fdda20f45a25/elements - {"using":"xpath","value":"//button[@data-kt=\"massStateChangeRusSectionButton\"]"}
RESULT: {"using":"xpath","value":"//button[@data-kt=\"massStateChangeRusSectionButton\"]"}
COMMAND: POST /session/3fdde00e1aad0000c801fdda20f45a25/elements - {"using":"xpath","value":"//button[@data-kt=\"massStateChangeRusSectionButton\"]"}
RESULT: {"using":"xpath","value":"//button[@data-kt=\"massStateChangeRusSectionButton\"]"}
COMMAND: POST /session/3fdde00e1aad0000c801fdda20f45a25/elements - {"using":"xpath","value":"//button[@data-kt=\"massStateChangeRusSectionButton\"]"}
RESULT: {"using":"xpath","value":"//button[@data-kt=\"massStateChangeRusSectionButton\"]"}
COMMAND: POST /session/3fdde00e1aad0000c801fdda20f45a25/elements - {"using":"xpath","value":"//button[@data-kt=\"massStateChangeRusSectionButton\"]"}
RESULT: {"using":"xpath","value":"//button[@data-kt=\"massStateChangeRusSectionButton\"]"}
COMMAND: POST /session/3fdde00e1aad0000c801fdda20f45a25/elements - {"using":"xpath","value":"//button[@data-kt=\"massStateChangeRusSectionButton\"]"}
RESULT: {"using":"xpath","value":"//button[@data-kt=\"massStateChangeRusSectionButton\"]"}
COMMAND: POST /session/3fdde00e1aad0000c801fdda20f45a25/elements - {"using":"xpath","value":"//button[@data-kt=\"massStateChangeRusSectionButton\"]"}
RESULT: {"using":"xpath","value":"//button[@data-kt=\"massStateChangeRusSectionButton\"]"}
COMMAND: POST /session/3fdde00e1aad0000c801fdda20f45a25/elements - {"using":"xpath","value":"//button[@data-kt=\"massStateChangeRusSectionButton\"]"}
RESULT: {"using":"xpath","value":"//button[@data-kt=\"massStateChangeRusSectionButton\"]"}
COMMAND: POST /session/3fdde00e1aad0000c801fdda20f45a25/elements - {"using":"xpath","value":"//button[@data-kt=\"massStateChangeRusSectionButton\"]"}
RESULT: {"using":"xpath","value":"//button[@data-kt=\"massStateChangeRusSectionButton\"]"}
COMMAND: POST /session/3fdde00e1aad0000c801fdda20f45a25/elements - {"using":"xpath","value":"//button[@data-kt=\"massStateChangeRusSectionButton\"]"}
RESULT: {"using":"xpath","value":"//button[@data-kt=\"massStateChangeRusSectionButton\"]"}
COMMAND: POST /session/3fdde00e1aad0000c801fdda20f45a25/elements - {"using":"xpath","value":"//button[@data-kt=\"massStateChangeRusSectionButton\"]"}
RESULT: {"using":"xpath","value":"//button[@data-kt=\"massStateChangeRusSectionButton\"]"}
COMMAND: POST /session/3fdde00e1aad0000c801fdda20f45a25/elements - {"using":"xpath","value":"//button[@data-kt=\"massStateChangeRusSectionButton\"]"}
RESULT: {"using":"xpath","value":"//button[@data-kt=\"massStateChangeRusSectionButton\"]"}
COMMAND: POST /session/3fdde00e1aad0000c801fdda20f45a25/elements - {"using":"xpath","value":"//button[@data-kt=\"massStateChangeRusSectionButton\"]"}
RESULT: {"using":"xpath","value":"//button[@data-kt=\"massStateChangeRusSectionButton\"]"}
COMMAND: POST /session/3fdde00e1aad0000c801fdda20f45a25/elements - {"using":"xpath","value":"//button[@data-kt=\"massStateChangeRusSectionButton\"]"}
RESULT: {"using":"xpath","value":"//button[@data-kt=\"massStateChangeRusSectionButton\"]"}
COMMAND: POST /session/3fdde00e1aad0000c801fdda20f45a25/elements - {"using":"xpath","value":"//button[@data-kt=\"massStateChangeRusSectionButton\"]"}
RESULT: {"using":"xpath","value":"//button[@data-kt=\"massStateChangeRusSectionButton\"]"}
COMMAND: POST /session/3fdde00e1aad0000c801fdda20f45a25/elements - {"using":"xpath","value":"//button[@data-kt=\"massStateChangeRusSectionButton\"]"}
RESULT: {"using":"xpath","value":"//button[@data-kt=\"massStateChangeRusSectionButton\"]"}
COMMAND: POST /session/3fdde00e1aad0000c801fdda20f45a25/elements - {"using":"xpath","value":"//button[@data-kt=\"massStateChangeRusSectionButton\"]"}
RESULT: {"using":"xpath","value":"//button[@data-kt=\"massStateChangeRusSectionButton\"]"}
COMMAND: POST /session/3fdde00e1aad0000c801fdda20f45a25/elements - {"using":"xpath","value":"//button[@data-kt=\"massStateChangeRusSectionButton\"]"}
RESULT: {"using":"xpath","value":"//button[@data-kt=\"massStateChangeRusSectionButton\"]"}
COMMAND: POST /session/3fdde00e1aad0000c801fdda20f45a25/elements - {"using":"xpath","value":"//button[@data-kt=\"massStateChangeRusSectionButton\"]"}
RESULT: {"using":"xpath","value":"//button[@data-kt=\"massStateChangeRusSectionButton\"]"}
COMMAND: POST /session/3fdde00e1aad0000c801fdda20f45a25/elements - {"using":"xpath","value":"//button[@data-kt=\"massStateChangeRusSectionButton\"]"}
RESULT: {"using":"xpath","value":"//button[@data-kt=\"massStateChangeRusSectionButton\"]"}
COMMAND: POST /session/3fdde00e1aad0000c801fdda20f45a25/elements - {"using":"xpath","value":"//button[@data-kt=\"massStateChangeRusSectionButton\"]"}
RESULT: {"using":"xpath","value":"//button[@data-kt=\"massStateChangeRusSectionButton\"]"}
COMMAND: POST /session/3fdde00e1aad0000c801fdda20f45a25/elements - {"using":"xpath","value":"//button[@data-kt=\"massStateChangeRusSectionButton\"]"}
RESULT: {"using":"xpath","value":"//button[@data-kt=\"massStateChangeRusSectionButton\"]"}
COMMAND: POST /session/3fdde00e1aad0000c801fdda20f45a25/elements - {"using":"xpath","value":"//button[@data-kt=\"massStateChangeRusSectionButton\"]"}
RESULT: {"using":"xpath","value":"//button[@data-kt=\"massStateChangeRusSectionButton\"]"}
COMMAND: POST /session/3fdde00e1aad0000c801fdda20f45a25/elements - {"using":"xpath","value":"//button[@data-kt=\"massStateChangeRusSectionButton\"]"}
RESULT: {"using":"xpath","value":"//button[@data-kt=\"massStateChangeRusSectionButton\"]"}
COMMAND: POST /session/3fdde00e1aad0000c801fdda20f45a25/elements - {"using":"xpath","value":"//button[@data-kt=\"massStateChangeRusSectionButton\"]"}
RESULT: {"using":"xpath","value":"//button[@data-kt=\"massStateChangeRusSectionButton\"]"}
COMMAND: POST /session/3fdde00e1aad0000c801fdda20f45a25/elements - {"using":"xpath","value":"//button[@data-kt=\"massStateChangeRusSectionButton\"]"}
RESULT: {"using":"xpath","value":"//button[@data-kt=\"massStateChangeRusSectionButton\"]"}
COMMAND: POST /session/3fdde00e1aad0000c801fdda20f45a25/elements - {"using":"xpath","value":"//button[@data-kt=\"massStateChangeRusSectionButton\"]"}
RESULT: {"using":"xpath","value":"//button[@data-kt=\"massStateChangeRusSectionButton\"]"}
COMMAND: POST /session/3fdde00e1aad0000c801fdda20f45a25/elements - {"using":"xpath","value":"//button[@data-kt=\"massStateChangeRusSectionButton\"]"}
RESULT: {"using":"xpath","value":"//button[@data-kt=\"massStateChangeRusSectionButton\"]"}
COMMAND: POST /session/3fdde00e1aad0000c801fdda20f45a25/elements - {"using":"xpath","value":"//button[@data-kt=\"massStateChangeRusSectionButton\"]"}
RESULT: {"using":"xpath","value":"//button[@data-kt=\"massStateChangeRusSectionButton\"]"}
COMMAND: POST /session/3fdde00e1aad0000c801fdda20f45a25/elements - {"using":"xpath","value":"//button[@data-kt=\"massStateChangeRusSectionButton\"]"}
RESULT: {"using":"xpath","value":"//button[@data-kt=\"massStateChangeRusSectionButton\"]"}
COMMAND: POST /session/3fdde00e1aad0000c801fdda20f45a25/elements - {"using":"xpath","value":"//button[@data-kt=\"massStateChangeRusSectionButton\"]"}
RESULT: {"using":"xpath","value":"//button[@data-kt=\"massStateChangeRusSectionButton\"]"}
COMMAND: POST /session/3fdde00e1aad0000c801fdda20f45a25/elements - {"using":"xpath","value":"//button[@data-kt=\"massStateChangeRusSectionButton\"]"}
RESULT: {"using":"xpath","value":"//button[@data-kt=\"massStateChangeRusSectionButton\"]"}
COMMAND: POST /session/3fdde00e1aad0000c801fdda20f45a25/elements - {"using":"xpath","value":"//button[@data-kt=\"massStateChangeRusSectionButton\"]"}
RESULT: {"using":"xpath","value":"//button[@data-kt=\"massStateChangeRusSectionButton\"]"}
COMMAND: POST /session/3fdde00e1aad0000c801fdda20f45a25/elements - {"using":"xpath","value":"//button[@data-kt=\"massStateChangeRusSectionButton\"]"}
RESULT: {"using":"xpath","value":"//button[@data-kt=\"massStateChangeRusSectionButton\"]"}
COMMAND: POST /session/3fdde00e1aad0000c801fdda20f45a25/elements - {"using":"xpath","value":"//button[@data-kt=\"massStateChangeRusSectionButton\"]"}
RESULT: {"using":"xpath","value":"//button[@data-kt=\"massStateChangeRusSectionButton\"]"}
COMMAND: POST /session/3fdde00e1aad0000c801fdda20f45a25/elements - {"using":"xpath","value":"//button[@data-kt=\"massStateChangeRusSectionButton\"]"}
RESULT: {"using":"xpath","value":"//button[@data-kt=\"massStateChangeRusSectionButton\"]"}
COMMAND: POST /session/3fdde00e1aad0000c801fdda20f45a25/elements - {"using":"xpath","value":"//button[@data-kt=\"massStateChangeRusSectionButton\"]"}
RESULT: {"using":"xpath","value":"//button[@data-kt=\"massStateChangeRusSectionButton\"]"}
COMMAND: POST /session/3fdde00e1aad0000c801fdda20f45a25/elements - {"using":"xpath","value":"//button[@data-kt=\"massStateChangeRusSectionButton\"]"}
RESULT: {"using":"xpath","value":"//button[@data-kt=\"massStateChangeRusSectionButton\"]"}
COMMAND: POST /session/3fdde00e1aad0000c801fdda20f45a25/elements - {"using":"xpath","value":"//button[@data-kt=\"massStateChangeRusSectionButton\"]"}
RESULT: {"using":"xpath","value":"//button[@data-kt=\"massStateChangeRusSectionButton\"]"}
COMMAND: POST /session/3fdde00e1aad0000c801fdda20f45a25/elements - {"using":"xpath","value":"//button[@data-kt=\"massStateChangeRusSectionButton\"]"}
RESULT: {"using":"xpath","value":"//button[@data-kt=\"massStateChangeRusSectionButton\"]"}
COMMAND: POST /session/3fdde00e1aad0000c801fdda20f45a25/elements - {"using":"xpath","value":"//button[@data-kt=\"massStateChangeRusSectionButton\"]"}
RESULT: {"using":"xpath","value":"//button[@data-kt=\"massStateChangeRusSectionButton\"]"}
COMMAND: POST /session/3fdde00e1aad0000c801fdda20f45a25/elements - {"using":"xpath","value":"//button[@data-kt=\"massStateChangeRusSectionButton\"]"}
RESULT: {"using":"xpath","value":"//button[@data-kt=\"massStateChangeRusSectionButton\"]"}
COMMAND: POST /session/3fdde00e1aad0000c801fdda20f45a25/elements - {"using":"xpath","value":"//button[@data-kt=\"massStateChangeRusSectionButton\"]"}
RESULT: {"using":"xpath","value":"//button[@data-kt=\"massStateChangeRusSectionButton\"]"}
COMMAND: POST /session/3fdde00e1aad0000c801fdda20f45a25/elements - {"using":"xpath","value":"//button[@data-kt=\"massStateChangeRusSectionButton\"]"}
RESULT: {"using":"xpath","value":"//button[@data-kt=\"massStateChangeRusSectionButton\"]"}
COMMAND: POST /session/3fdde00e1aad0000c801fdda20f45a25/elements - {"using":"xpath","value":"//button[@data-kt=\"massStateChangeRusSectionButton\"]"}
RESULT: {"using":"xpath","value":"//button[@data-kt=\"massStateChangeRusSectionButton\"]"}
COMMAND: POST /session/3fdde00e1aad0000c801fdda20f45a25/elements - {"using":"xpath","value":"//button[@data-kt=\"massStateChangeRusSectionButton\"]"}
RESULT: {"using":"xpath","value":"//button[@data-kt=\"massStateChangeRusSectionButton\"]"}
COMMAND: POST /session/3fdde00e1aad0000c801fdda20f45a25/elements - {"using":"xpath","value":"//button[@data-kt=\"massStateChangeRusSectionButton\"]"}
RESULT: {"using":"xpath","value":"//button[@data-kt=\"massStateChangeRusSectionButton\"]"}
COMMAND: POST /session/3fdde00e1aad0000c801fdda20f45a25/elements - {"using":"xpath","value":"//button[@data-kt=\"massStateChangeRusSectionButton\"]"}
RESULT: {"using":"xpath","value":"//button[@data-kt=\"massStateChangeRusSectionButton\"]"}
COMMAND: POST /session/3fdde00e1aad0000c801fdda20f45a25/elements - {"using":"xpath","value":"//button[@data-kt=\"massStateChangeRusSectionButton\"]"}
RESULT: {"using":"xpath","value":"//button[@data-kt=\"massStateChangeRusSectionButton\"]"}
COMMAND: POST /session/3fdde00e1aad0000c801fdda20f45a25/elements - {"using":"xpath","value":"//button[@data-kt=\"massStateChangeRusSectionButton\"]"}
RESULT: {"using":"xpath","value":"//button[@data-kt=\"massStateChangeRusSectionButton\"]"}
COMMAND: POST /session/3fdde00e1aad0000c801fdda20f45a25/elements - {"using":"xpath","value":"//button[@data-kt=\"massStateChangeRusSectionButton\"]"}
RESULT: {"using":"xpath","value":"//button[@data-kt=\"massStateChangeRusSectionButton\"]"}
COMMAND: POST /session/3fdde00e1aad0000c801fdda20f45a25/elements - {"using":"xpath","value":"//button[@data-kt=\"massStateChangeRusSectionButton\"]"}
RESULT: {"using":"xpath","value":"//button[@data-kt=\"massStateChangeRusSectionButton\"]"}
COMMAND: POST /session/3fdde00e1aad0000c801fdda20f45a25/elements - {"using":"xpath","value":"//button[@data-kt=\"massStateChangeRusSectionButton\"]"}
RESULT: {"using":"xpath","value":"//button[@data-kt=\"massStateChangeRusSectionButton\"]"}
COMMAND: POST /session/3fdde00e1aad0000c801fdda20f45a25/elements - {"using":"xpath","value":"//button[@data-kt=\"massStateChangeRusSectionButton\"]"}
RESULT: {"using":"xpath","value":"//button[@data-kt=\"massStateChangeRusSectionButton\"]"}
COMMAND: POST /session/3fdde00e1aad0000c801fdda20f45a25/elements - {"using":"xpath","value":"//button[@data-kt=\"massStateChangeRusSectionButton\"]"}
RESULT: {"using":"xpath","value":"//button[@data-kt=\"massStateChangeRusSectionButton\"]"}
COMMAND: POST /session/3fdde00e1aad0000c801fdda20f45a25/elements - {"using":"xpath","value":"//button[@data-kt=\"massStateChangeRusSectionButton\"]"}
COMMAND: GET /session/3fdde00e1aad0000c801fdda20f45a25/screenshot - {}
RESULT: {"using":"xpath","value":"//button[@data-kt=\"massStateChangeRusSectionButton\"]"}
RESULT: {}
COMMAND: GET /session/3fdde00e1aad0000c801fdda20f45a25/screenshot - {}
COMMAND: GET /session/3fdde00e1aad0000c801fdda20f45a25/screenshot - {}
RESULT: {}
RESULT: {}
COMMAND: DELETE /session/3fdde00e1aad0000c801fdda20f45a25 - {}
RESULT: {}
]]></system-out>
      <system-err><![CDATA[
Error: element ("//button[@data-kt="massStateChangeRusSectionButton"]") still not existing after 45000ms
    at async Context.<anonymous> (D:\a\1\s\test\specs\HTR\manage-states-perf.spec.js:357:9)
]]></system-err>
    </testcase>
  </testsuite>
</testsuites>