<?xml version="1.0" encoding="UTF-8"?>
<testsuites tests="76" failures="42" errors="42" skipped="0">
  <testsuite timestamp="2025-05-01T16:22:29" time="80.532" tests="1" failures="0" errors="0" skipped="0">
    <properties>
      <property name="specId" value="0" />
      <property name="suiteName" value="US104422 Create new bin &amp; section - select nothing " />
      <property name="capabilities" value="chrome.135_0_7049_96.windows" />
      <property name="file" value="file:///D:/a/1/s/test/specs/HTR/create-bin.spec.js" />
    </properties>
    <testcase classname="chrome.135_0_7049_96.windows.US104422_Create_new_bin_&amp;_section_-_select_nothing_" name="Create new bin section" time="61.142">
      <system-out><![CDATA[
COMMAND: POST /session/885acd6bfe44f64c6e2485c8ef54779e/element - {"using":"xpath","value":"//div[text()='Warehouse']"}
RESULT: {"using":"xpath","value":"//div[text()='Warehouse']"}
COMMAND: POST /session/885acd6bfe44f64c6e2485c8ef54779e/elements - {"using":"xpath","value":"//div[text()='Warehouse']"}
RESULT: {"using":"xpath","value":"//div[text()='Warehouse']"}
COMMAND: POST /session/885acd6bfe44f64c6e2485c8ef54779e/element/f.F53CD083946FCE278F3961FDA51ABBA8.d.1FA54D773EB06C4DDE67BC713CB7BFE8.e.111/click - {}
RESULT: {}
COMMAND: POST /session/885acd6bfe44f64c6e2485c8ef54779e/execute/async - {"script":"<script> [1562 bytes]","args":[{"selector":{"controlType":"sap.m.GenericTile","properties":{"header":"Bin Status Report"}},"wdio_ui5_key":"sapm.GenericTile{\"header\":\"Bin Status Report\"}"}]}
COMMAND: GET /session/885acd6bfe44f64c6e2485c8ef54779e/screenshot - {}
RESULT: {"script":"<script> [1562 bytes]","args":[{"selector":{"controlType":"sap.m.GenericTile","properties":{"header":"Bin Status Report"}},"wdio_ui5_key":"sapm.GenericTile{\"header\":\"Bin Status Report\"}"}]}
RESULT: undefined
COMMAND: POST /session/885acd6bfe44f64c6e2485c8ef54779e/element - {"using":"xpath","value":"//*[@id=\"__tile104\"]"}
RESULT: {}
RESULT: {"using":"xpath","value":"//*[@id=\"__tile104\"]"}
COMMAND: POST /session/885acd6bfe44f64c6e2485c8ef54779e/element/f.F53CD083946FCE278F3961FDA51ABBA8.d.1FA54D773EB06C4DDE67BC713CB7BFE8.e.112/click - {}
RESULT: {}
COMMAND: GET /session/885acd6bfe44f64c6e2485c8ef54779e/screenshot - {}
RESULT: {}
COMMAND: POST /session/885acd6bfe44f64c6e2485c8ef54779e/element - {"using":"xpath","value":"//bdi[text()='Create New Organization']"}
RESULT: {"using":"xpath","value":"//bdi[text()='Create New Organization']"}
COMMAND: POST /session/885acd6bfe44f64c6e2485c8ef54779e/elements - {"using":"xpath","value":"//bdi[text()='Create New Organization']"}
RESULT: {"using":"xpath","value":"//bdi[text()='Create New Organization']"}
COMMAND: POST /session/885acd6bfe44f64c6e2485c8ef54779e/elements - {"using":"xpath","value":"//bdi[text()='Create New Organization']"}
RESULT: {"using":"xpath","value":"//bdi[text()='Create New Organization']"}
COMMAND: POST /session/885acd6bfe44f64c6e2485c8ef54779e/elements - {"using":"xpath","value":"//bdi[text()='Create New Organization']"}
RESULT: {"using":"xpath","value":"//bdi[text()='Create New Organization']"}
COMMAND: POST /session/885acd6bfe44f64c6e2485c8ef54779e/element - {"using":"xpath","value":"//bdi[text()='Create New Organization']"}
RESULT: {"using":"xpath","value":"//bdi[text()='Create New Organization']"}
COMMAND: GET /session/885acd6bfe44f64c6e2485c8ef54779e/element/f.F53CD083946FCE278F3961FDA51ABBA8.d.1FA54D773EB06C4DDE67BC713CB7BFE8.e.151/enabled - {}
RESULT: {}
COMMAND: POST /session/885acd6bfe44f64c6e2485c8ef54779e/execute/sync - {"script":"<script> [8489 bytes]","args":[{"element-6066-11e4-a52e-4f735466cecf":"f.F53CD083946FCE278F3961FDA51ABBA8.d.1FA54D773EB06C4DDE67BC713CB7BFE8.e.151","ELEMENT":"f.F53CD083946FCE278F3961FDA51ABBA8.d.1FA54D773EB06C4DDE67BC713CB7BFE8.e.151"}]}
COMMAND: GET /session/885acd6bfe44f64c6e2485c8ef54779e/screenshot - {}
RESULT: {"script":"<script> [8489 bytes]","args":[{"element-6066-11e4-a52e-4f735466cecf":"f.F53CD083946FCE278F3961FDA51ABBA8.d.1FA54D773EB06C4DDE67BC713CB7BFE8.e.151","ELEMENT":"f.F53CD083946FCE278F3961FDA51ABBA8.d.1FA54D773EB06C4DDE67BC713CB7BFE8.e.151"}]}
COMMAND: POST /session/885acd6bfe44f64c6e2485c8ef54779e/execute/sync - {"script":"<script> [5351 bytes]","args":[{"element-6066-11e4-a52e-4f735466cecf":"f.F53CD083946FCE278F3961FDA51ABBA8.d.1FA54D773EB06C4DDE67BC713CB7BFE8.e.151","ELEMENT":"f.F53CD083946FCE278F3961FDA51ABBA8.d.1FA54D773EB06C4DDE67BC713CB7BFE8.e.151"}]}
COMMAND: GET /session/885acd6bfe44f64c6e2485c8ef54779e/screenshot - {}
RESULT: {}
RESULT: {"script":"<script> [5351 bytes]","args":[{"element-6066-11e4-a52e-4f735466cecf":"f.F53CD083946FCE278F3961FDA51ABBA8.d.1FA54D773EB06C4DDE67BC713CB7BFE8.e.151","ELEMENT":"f.F53CD083946FCE278F3961FDA51ABBA8.d.1FA54D773EB06C4DDE67BC713CB7BFE8.e.151"}]}
COMMAND: POST /session/885acd6bfe44f64c6e2485c8ef54779e/element/f.F53CD083946FCE278F3961FDA51ABBA8.d.1FA54D773EB06C4DDE67BC713CB7BFE8.e.151/click - {}
COMMAND: GET /session/885acd6bfe44f64c6e2485c8ef54779e/screenshot - {}
RESULT: {}
RESULT: {}
COMMAND: POST /session/885acd6bfe44f64c6e2485c8ef54779e/execute/async - {"script":"<script> [1562 bytes]","args":[{"selector":{"id":"createOrganizationPop--sectionInput","searchOpenDialogs":true,"interaction":{"idSuffix":"inner"}},"wdio_ui5_key":"createOrganizationPopsectionInput"}]}
COMMAND: GET /session/885acd6bfe44f64c6e2485c8ef54779e/screenshot - {}
RESULT: {}
RESULT: {"script":"<script> [1562 bytes]","args":[{"selector":{"id":"createOrganizationPop--sectionInput","searchOpenDialogs":true,"interaction":{"idSuffix":"inner"}},"wdio_ui5_key":"createOrganizationPopsectionInput"}]}
RESULT: undefined
COMMAND: POST /session/885acd6bfe44f64c6e2485c8ef54779e/execute/async - {"script":"<script> [776 bytes]","args":[{"enterText":"WHIyb887xtgwdjjgbpah256q74pjxk4n4esmo0cndamiiizm3umtp15kcspbmczfileyoipbxer2gq9iuufl2ut62mbluaszcmbddeefx8j0j3csr24wqvhxvzz2egp4217156ze42zutooyxj510r4h30zt86bi8nm0wylbs3jw5e4gr8sjdn4ev8b99nrbl9opiyag ... (803 more bytes)","selector":{"id":"createOrganizationPop--sectionInput","searchOpenDialogs":true,"interaction":{"idSuffix":"inner"}},"clearTextFirst":true,"interactionType":"ENTER_TEXT"}]}
RESULT: {}
RESULT: {"script":"<script> [776 bytes]","args":[{"enterText":"WHIyb887xtgwdjjgbpah256q74pjxk4n4esmo0cndamiiizm3umtp15kcspbmczfileyoipbxer2gq9iuufl2ut62mbluaszcmbddeefx8j0j3csr24wqvhxvzz2egp4217156ze42zutooyxj510r4h30zt86bi8nm0wylbs3jw5e4gr8sjdn4ev8b99nrbl9opiyag ... (803 more bytes)","selector":{"id":"createOrganizationPop--sectionInput","searchOpenDialogs":true,"interaction":{"idSuffix":"inner"}},"clearTextFirst":true,"interactionType":"ENTER_TEXT"}]}
COMMAND: POST /session/885acd6bfe44f64c6e2485c8ef54779e/execute/async - {"script":"<script> [1562 bytes]","args":[{"selector":{"id":"createOrganizationPop--descriptionInput","searchOpenDialogs":true,"interaction":{"idSuffix":"inner"}},"wdio_ui5_key":"createOrganizationPopdescriptionInput"}]}
RESULT: {"script":"<script> [1562 bytes]","args":[{"selector":{"id":"createOrganizationPop--descriptionInput","searchOpenDialogs":true,"interaction":{"idSuffix":"inner"}},"wdio_ui5_key":"createOrganizationPopdescriptionInput"}]}
RESULT: undefined
COMMAND: POST /session/885acd6bfe44f64c6e2485c8ef54779e/execute/async - {"script":"<script> [776 bytes]","args":[{"enterText":"WHIyb887xtgwdjjgbpah256q74pjxk4n4esmo0cndamiiizm3umtp15kcspbmczfileyoipbxer2gq9iuufl2ut62mbluaszcmbddeefx8j0j3csr24wqvhxvzz2egp4217156ze42zutooyxj510r4h30zt86bi8nm0wylbs3jw5e4gr8sjdn4ev8b99nrbl9opiyag ... (803 more bytes)","selector":{"id":"createOrganizationPop--descriptionInput","searchOpenDialogs":true,"interaction":{"idSuffix":"inner"}},"clearTextFirst":true,"interactionType":"ENTER_TEXT"}]}
RESULT: {"script":"<script> [776 bytes]","args":[{"enterText":"WHIyb887xtgwdjjgbpah256q74pjxk4n4esmo0cndamiiizm3umtp15kcspbmczfileyoipbxer2gq9iuufl2ut62mbluaszcmbddeefx8j0j3csr24wqvhxvzz2egp4217156ze42zutooyxj510r4h30zt86bi8nm0wylbs3jw5e4gr8sjdn4ev8b99nrbl9opiyag ... (803 more bytes)","selector":{"id":"createOrganizationPop--descriptionInput","searchOpenDialogs":true,"interaction":{"idSuffix":"inner"}},"clearTextFirst":true,"interactionType":"ENTER_TEXT"}]}
COMMAND: POST /session/885acd6bfe44f64c6e2485c8ef54779e/element - {"using":"css selector","value":"#createOrganizationPop--yardOrg-inner"}
RESULT: {"using":"css selector","value":"#createOrganizationPop--yardOrg-inner"}
COMMAND: POST /session/885acd6bfe44f64c6e2485c8ef54779e/element/f.F53CD083946FCE278F3961FDA51ABBA8.d.1FA54D773EB06C4DDE67BC713CB7BFE8.e.197/clear - {}
RESULT: {}
COMMAND: POST /session/885acd6bfe44f64c6e2485c8ef54779e/element/f.F53CD083946FCE278F3961FDA51ABBA8.d.1FA54D773EB06C4DDE67BC713CB7BFE8.e.197/value - {"text":"WHM"}
COMMAND: GET /session/885acd6bfe44f64c6e2485c8ef54779e/screenshot - {}
RESULT: {"text":"WHM"}
COMMAND: GET /session/885acd6bfe44f64c6e2485c8ef54779e/screenshot - {}
RESULT: {}
RESULT: {}
COMMAND: POST /session/885acd6bfe44f64c6e2485c8ef54779e/actions - {"actions":[{"id":"action1","type":"key","parameters":{},"actions":[{"type":"keyDown","value":"î€‡"},{"type":"pause","duration":10},{"type":"keyUp","value":"î€‡"}]}]}
RESULT: {"actions":[{"id":"action1","type":"key","parameters":{},"actions":[{"type":"keyDown","value":"î€‡"},{"type":"pause","duration":10},{"type":"keyUp","value":"î€‡"}]}]}
COMMAND: POST /session/885acd6bfe44f64c6e2485c8ef54779e/execute/async - {"script":"<script> [1562 bytes]","args":[{"selector":{"id":"createOrganizationPop--grZone","searchOpenDialogs":true,"interaction":{"idSuffix":"CbBg"}},"wdio_ui5_key":"createOrganizationPopgrZone"}]}
COMMAND: GET /session/885acd6bfe44f64c6e2485c8ef54779e/screenshot - {}
RESULT: {"script":"<script> [1562 bytes]","args":[{"selector":{"id":"createOrganizationPop--grZone","searchOpenDialogs":true,"interaction":{"idSuffix":"CbBg"}},"wdio_ui5_key":"createOrganizationPopgrZone"}]}
RESULT: undefined
COMMAND: POST /session/885acd6bfe44f64c6e2485c8ef54779e/element - {"using":"xpath","value":"//*[@id=\"createOrganizationPop--grZone\"]"}
RESULT: {}
RESULT: {"using":"xpath","value":"//*[@id=\"createOrganizationPop--grZone\"]"}
COMMAND: POST /session/885acd6bfe44f64c6e2485c8ef54779e/element/f.F53CD083946FCE278F3961FDA51ABBA8.d.1FA54D773EB06C4DDE67BC713CB7BFE8.e.219/click - {}
RESULT: {}
COMMAND: POST /session/885acd6bfe44f64c6e2485c8ef54779e/execute/async - {"script":"<script> [1562 bytes]","args":[{"selector":{"id":"createOrganizationPop--giZone","searchOpenDialogs":true,"interaction":{"idSuffix":"CbBg"}},"wdio_ui5_key":"createOrganizationPopgiZone"}]}
COMMAND: GET /session/885acd6bfe44f64c6e2485c8ef54779e/screenshot - {}
RESULT: {"script":"<script> [1562 bytes]","args":[{"selector":{"id":"createOrganizationPop--giZone","searchOpenDialogs":true,"interaction":{"idSuffix":"CbBg"}},"wdio_ui5_key":"createOrganizationPopgiZone"}]}
RESULT: undefined
COMMAND: POST /session/885acd6bfe44f64c6e2485c8ef54779e/element - {"using":"xpath","value":"//*[@id=\"createOrganizationPop--giZone\"]"}
RESULT: {}
RESULT: {"using":"xpath","value":"//*[@id=\"createOrganizationPop--giZone\"]"}
COMMAND: POST /session/885acd6bfe44f64c6e2485c8ef54779e/element/f.F53CD083946FCE278F3961FDA51ABBA8.d.1FA54D773EB06C4DDE67BC713CB7BFE8.e.221/click - {}
RESULT: {}
COMMAND: POST /session/885acd6bfe44f64c6e2485c8ef54779e/execute/async - {"script":"<script> [1562 bytes]","args":[{"selector":{"id":"createOrganizationPop--binNoInput","searchOpenDialogs":true,"interaction":{"idSuffix":"inner"}},"wdio_ui5_key":"createOrganizationPopbinNoInput"}]}
COMMAND: GET /session/885acd6bfe44f64c6e2485c8ef54779e/screenshot - {}
RESULT: {"script":"<script> [1562 bytes]","args":[{"selector":{"id":"createOrganizationPop--binNoInput","searchOpenDialogs":true,"interaction":{"idSuffix":"inner"}},"wdio_ui5_key":"createOrganizationPopbinNoInput"}]}
RESULT: undefined
COMMAND: POST /session/885acd6bfe44f64c6e2485c8ef54779e/execute/async - {"script":"<script> [776 bytes]","args":[{"enterText":"Bin-Wd","selector":{"id":"createOrganizationPop--binNoInput","searchOpenDialogs":true,"interaction":{"idSuffix":"inner"}},"clearTextFirst":true,"interactionType":"ENTER_TEXT"}]}
RESULT: {}
RESULT: {"script":"<script> [776 bytes]","args":[{"enterText":"Bin-Wd","selector":{"id":"createOrganizationPop--binNoInput","searchOpenDialogs":true,"interaction":{"idSuffix":"inner"}},"clearTextFirst":true,"interactionType":"ENTER_TEXT"}]}
COMMAND: POST /session/885acd6bfe44f64c6e2485c8ef54779e/execute/async - {"script":"<script> [1562 bytes]","args":[{"selector":{"id":"createOrganizationPop--descriptionId","searchOpenDialogs":true,"interaction":{"idSuffix":"inner"}},"wdio_ui5_key":"createOrganizationPopdescriptionId"}]}
RESULT: {"script":"<script> [1562 bytes]","args":[{"selector":{"id":"createOrganizationPop--descriptionId","searchOpenDialogs":true,"interaction":{"idSuffix":"inner"}},"wdio_ui5_key":"createOrganizationPopdescriptionId"}]}
RESULT: undefined
COMMAND: POST /session/885acd6bfe44f64c6e2485c8ef54779e/execute/async - {"script":"<script> [776 bytes]","args":[{"enterText":"Shipping-Wd","selector":{"id":"createOrganizationPop--descriptionId","searchOpenDialogs":true,"interaction":{"idSuffix":"inner"}},"clearTextFirst":true,"interactionType":"ENTER_TEXT"}]}
RESULT: {"script":"<script> [776 bytes]","args":[{"enterText":"Shipping-Wd","selector":{"id":"createOrganizationPop--descriptionId","searchOpenDialogs":true,"interaction":{"idSuffix":"inner"}},"clearTextFirst":true,"interactionType":"ENTER_TEXT"}]}
COMMAND: POST /session/885acd6bfe44f64c6e2485c8ef54779e/execute/async - {"script":"<script> [1562 bytes]","args":[{"selector":{"controlType":"sap.m.CheckBox","viewName":"etm.portal.ui.binstatusreport.view.MasterWareBins","viewId":"application-binstatusreport-display-component---warehousing","bindingPath":{"path":"","propertyPath":"/ZONE","modelName":"newBin"},"searchOpenDialogs":true,"interaction":{"idSuffix":"CbBg"}},"wdio_ui5_key":"etmportal.ui.binstatusreport.view.MasterWareBinssap.m.CheckBox{\"path\":\"\",\"propertyPath\":\"/ZONE\",\"modelName\":\"newBin\"}"}]}
RESULT: {"script":"<script> [1562 bytes]","args":[{"selector":{"controlType":"sap.m.CheckBox","viewName":"etm.portal.ui.binstatusreport.view.MasterWareBins","viewId":"application-binstatusreport-display-component---warehousing","bindingPath":{"path":"","propertyPath":"/ZONE","modelName":"newBin"},"searchOpenDialogs":true,"interaction":{"idSuffix":"CbBg"}},"wdio_ui5_key":"etmportal.ui.binstatusreport.view.MasterWareBinssap.m.CheckBox{\"path\":\"\",\"propertyPath\":\"/ZONE\",\"modelName\":\"newBin\"}"}]}
RESULT: undefined
COMMAND: POST /session/885acd6bfe44f64c6e2485c8ef54779e/element - {"using":"xpath","value":"//*[@id=\"__box12\"]"}
RESULT: {"using":"xpath","value":"//*[@id=\"__box12\"]"}
COMMAND: POST /session/885acd6bfe44f64c6e2485c8ef54779e/element/f.F53CD083946FCE278F3961FDA51ABBA8.d.1FA54D773EB06C4DDE67BC713CB7BFE8.e.225/click - {}
RESULT: {}
COMMAND: POST /session/885acd6bfe44f64c6e2485c8ef54779e/execute/async - {"script":"<script> [1562 bytes]","args":[{"selector":{"id":"createOrganizationPop--binTypesCB-arrow","searchOpenDialogs":true},"wdio_ui5_key":"createOrganizationPopbinTypesCB-arrow"}]}
COMMAND: GET /session/885acd6bfe44f64c6e2485c8ef54779e/screenshot - {}
RESULT: {"script":"<script> [1562 bytes]","args":[{"selector":{"id":"createOrganizationPop--binTypesCB-arrow","searchOpenDialogs":true},"wdio_ui5_key":"createOrganizationPopbinTypesCB-arrow"}]}
RESULT: undefined
COMMAND: POST /session/885acd6bfe44f64c6e2485c8ef54779e/element - {"using":"xpath","value":"//*[@id=\"createOrganizationPop--binTypesCB-arrow\"]"}
RESULT: {}
RESULT: {"using":"xpath","value":"//*[@id=\"createOrganizationPop--binTypesCB-arrow\"]"}
COMMAND: POST /session/885acd6bfe44f64c6e2485c8ef54779e/element/f.F53CD083946FCE278F3961FDA51ABBA8.d.1FA54D773EB06C4DDE67BC713CB7BFE8.e.226/click - {}
RESULT: {}
COMMAND: POST /session/885acd6bfe44f64c6e2485c8ef54779e/execute/async - {"script":"<script> [1562 bytes]","args":[{"selector":{"id":"createOrganizationPop--binTypesCB","searchOpenDialogs":true,"interaction":{"idSuffix":"inner"}},"wdio_ui5_key":"createOrganizationPopbinTypesCB"}]}
COMMAND: GET /session/885acd6bfe44f64c6e2485c8ef54779e/screenshot - {}
RESULT: {"script":"<script> [1562 bytes]","args":[{"selector":{"id":"createOrganizationPop--binTypesCB","searchOpenDialogs":true,"interaction":{"idSuffix":"inner"}},"wdio_ui5_key":"createOrganizationPopbinTypesCB"}]}
RESULT: undefined
COMMAND: POST /session/885acd6bfe44f64c6e2485c8ef54779e/execute/async - {"script":"<script> [776 bytes]","args":[{"enterText":"1 - General / No capacity check","selector":{"id":"createOrganizationPop--binTypesCB","searchOpenDialogs":true,"interaction":{"idSuffix":"inner"}},"clearTextFirst":true,"interactionType":"ENTER_TEXT"}]}
RESULT: {}
RESULT: {"script":"<script> [776 bytes]","args":[{"enterText":"1 - General / No capacity check","selector":{"id":"createOrganizationPop--binTypesCB","searchOpenDialogs":true,"interaction":{"idSuffix":"inner"}},"clearTextFirst":true,"interactionType":"ENTER_TEXT"}]}
COMMAND: POST /session/885acd6bfe44f64c6e2485c8ef54779e/actions - {"actions":[{"id":"action2","type":"key","parameters":{},"actions":[{"type":"keyDown","value":"î€‡"},{"type":"pause","duration":10},{"type":"keyUp","value":"î€‡"}]}]}
RESULT: {"actions":[{"id":"action2","type":"key","parameters":{},"actions":[{"type":"keyDown","value":"î€‡"},{"type":"pause","duration":10},{"type":"keyUp","value":"î€‡"}]}]}
COMMAND: GET /session/885acd6bfe44f64c6e2485c8ef54779e/screenshot - {}
RESULT: {}
COMMAND: POST /session/885acd6bfe44f64c6e2485c8ef54779e/execute/async - {"script":"<script> [1562 bytes]","args":[{"selector":{"id":"createOrganizationPop--finishBtn","searchOpenDialogs":true,"interaction":{"idSuffix":"BDI-content"}},"wdio_ui5_key":"createOrganizationPopfinishBtn"}]}
RESULT: {"script":"<script> [1562 bytes]","args":[{"selector":{"id":"createOrganizationPop--finishBtn","searchOpenDialogs":true,"interaction":{"idSuffix":"BDI-content"}},"wdio_ui5_key":"createOrganizationPopfinishBtn"}]}
RESULT: undefined
COMMAND: POST /session/885acd6bfe44f64c6e2485c8ef54779e/element - {"using":"xpath","value":"//*[@id=\"createOrganizationPop--finishBtn\"]"}
RESULT: {"using":"xpath","value":"//*[@id=\"createOrganizationPop--finishBtn\"]"}
COMMAND: POST /session/885acd6bfe44f64c6e2485c8ef54779e/element/f.F53CD083946FCE278F3961FDA51ABBA8.d.1FA54D773EB06C4DDE67BC713CB7BFE8.e.229/click - {}
RESULT: {}
COMMAND: POST /session/885acd6bfe44f64c6e2485c8ef54779e/element - {"using":"css selector","value":"#j_username"}
COMMAND: POST /session/885acd6bfe44f64c6e2485c8ef54779e/url - {"url":"https://qa-testing-00-live-etm-ui.cfapps.eu10-004.hana.ondemand.com/"}
COMMAND: GET /session/885acd6bfe44f64c6e2485c8ef54779e/screenshot - {}
RESULT: {"using":"css selector","value":"#j_username"}
COMMAND: POST /session/885acd6bfe44f64c6e2485c8ef54779e/element - {"using":"css selector","value":"#j_username"}
RESULT: {"url":"https://qa-testing-00-live-etm-ui.cfapps.eu10-004.hana.ondemand.com/"}
RESULT: undefined
COMMAND: GET /session/885acd6bfe44f64c6e2485c8ef54779e/screenshot - {}
RESULT: {}
RESULT: {"using":"css selector","value":"#j_username"}
COMMAND: POST /session/885acd6bfe44f64c6e2485c8ef54779e/element - {"using":"css selector","value":"#shell-header-logo"}
RESULT: {}
RESULT: {"using":"css selector","value":"#shell-header-logo"}
COMMAND: POST /session/885acd6bfe44f64c6e2485c8ef54779e/execute/sync - {"script":"<script> [8489 bytes]","args":[{"element-6066-11e4-a52e-4f735466cecf":"f.F53CD083946FCE278F3961FDA51ABBA8.d.2B33A7B15715C1CD67EE53C1486846FF.e.240","ELEMENT":"f.F53CD083946FCE278F3961FDA51ABBA8.d.2B33A7B15715C1CD67EE53C1486846FF.e.240"}]}
RESULT: {"script":"<script> [8489 bytes]","args":[{"element-6066-11e4-a52e-4f735466cecf":"f.F53CD083946FCE278F3961FDA51ABBA8.d.2B33A7B15715C1CD67EE53C1486846FF.e.240","ELEMENT":"f.F53CD083946FCE278F3961FDA51ABBA8.d.2B33A7B15715C1CD67EE53C1486846FF.e.240"}]}
COMMAND: POST /session/885acd6bfe44f64c6e2485c8ef54779e/element - {"using":"css selector","value":"#shell-header-logo"}
COMMAND: GET /session/885acd6bfe44f64c6e2485c8ef54779e/screenshot - {}
RESULT: {"using":"css selector","value":"#shell-header-logo"}
COMMAND: POST /session/885acd6bfe44f64c6e2485c8ef54779e/execute/sync - {"script":"<script> [8489 bytes]","args":[{"element-6066-11e4-a52e-4f735466cecf":"f.F53CD083946FCE278F3961FDA51ABBA8.d.2B33A7B15715C1CD67EE53C1486846FF.e.240","ELEMENT":"f.F53CD083946FCE278F3961FDA51ABBA8.d.2B33A7B15715C1CD67EE53C1486846FF.e.240"}]}
RESULT: {}
RESULT: {"script":"<script> [8489 bytes]","args":[{"element-6066-11e4-a52e-4f735466cecf":"f.F53CD083946FCE278F3961FDA51ABBA8.d.2B33A7B15715C1CD67EE53C1486846FF.e.240","ELEMENT":"f.F53CD083946FCE278F3961FDA51ABBA8.d.2B33A7B15715C1CD67EE53C1486846FF.e.240"}]}
COMMAND: POST /session/885acd6bfe44f64c6e2485c8ef54779e/execute/sync - {"script":"<script> [5351 bytes]","args":[{"element-6066-11e4-a52e-4f735466cecf":"f.F53CD083946FCE278F3961FDA51ABBA8.d.2B33A7B15715C1CD67EE53C1486846FF.e.240","ELEMENT":"f.F53CD083946FCE278F3961FDA51ABBA8.d.2B33A7B15715C1CD67EE53C1486846FF.e.240"}]}
COMMAND: GET /session/885acd6bfe44f64c6e2485c8ef54779e/screenshot - {}
RESULT: {"script":"<script> [5351 bytes]","args":[{"element-6066-11e4-a52e-4f735466cecf":"f.F53CD083946FCE278F3961FDA51ABBA8.d.2B33A7B15715C1CD67EE53C1486846FF.e.240","ELEMENT":"f.F53CD083946FCE278F3961FDA51ABBA8.d.2B33A7B15715C1CD67EE53C1486846FF.e.240"}]}
COMMAND: POST /session/885acd6bfe44f64c6e2485c8ef54779e/element - {"using":"css selector","value":"#shell-header-logo"}
COMMAND: GET /session/885acd6bfe44f64c6e2485c8ef54779e/screenshot - {}
RESULT: {}
RESULT: {"using":"css selector","value":"#shell-header-logo"}
COMMAND: POST /session/885acd6bfe44f64c6e2485c8ef54779e/element/f.F53CD083946FCE278F3961FDA51ABBA8.d.2B33A7B15715C1CD67EE53C1486846FF.e.240/click - {}
RESULT: {}
RESULT: {}
COMMAND: GET /session/885acd6bfe44f64c6e2485c8ef54779e/screenshot - {}
RESULT: {}
COMMAND: POST /session/885acd6bfe44f64c6e2485c8ef54779e/execute/async - {"script":"<script> [189 bytes]","args":[]}
RESULT: {"script":"<script> [189 bytes]","args":[]}
COMMAND: POST /session/885acd6bfe44f64c6e2485c8ef54779e/execute/async - {"script":"<script> [123 bytes]","args":[]}
RESULT: {"script":"<script> [123 bytes]","args":[]}
COMMAND: POST /session/885acd6bfe44f64c6e2485c8ef54779e/timeouts - {"script":"<number>"}
RESULT: {"script":"<number>"}
COMMAND: GET /session/885acd6bfe44f64c6e2485c8ef54779e/timeouts - {}
RESULT: {}
RESULT: undefined
COMMAND: POST /session/885acd6bfe44f64c6e2485c8ef54779e/execute/async - {"script":"<script> [2676 bytes]","args":[]}
RESULT: {"script":"<script> [2676 bytes]","args":[]}
COMMAND: POST /session/885acd6bfe44f64c6e2485c8ef54779e/execute/async - {"script":"<script> [2342 bytes]","args":[{"protocol":"http","hostname":"0.0.0.0","path":"/","capabilities":{"browserName":"chrome","goog:chromeOptions":{"binary":"C:\\Program Files\\Google\\Chrome\\Application\\chrome.exe","args":["--start-maximized"]}},"logLevel":"warn","connectionRetryTimeout":120000,"connectionRetryCount":3,"logLevels":{},"enableDirectConnect":true,"strictSSL":true,"_":"65 more keys: [\"cacheDir\",\"port\",\"requestedCapabilities\",\"automationProtocol\",\"baseUrl\",\"waitforInterval\",\"waitforTimeout\",\"onReload\",\"beforeCommand\",\"afterCommand\",\"rootDir\",\"specs\",\"suites\",\"exclude\",\"groupLogsByTestSpec\",\"excludeDriverLogs\",\"bail\",\"framework\",\"reporters\",\"services\",\"maxInstances\",\"maxInstancesPerCapability\",\"injectGlobals\",\"filesToWatch\",\"execArgv\",\"runnerEnv\",\"runner\",\"shard\",\"specFileRetries\",\"specFileRetriesDelay\",\"specFileRetriesDeferred\",\"reporterSyncInterval\",\"reporterSyncTimeout\",\"cucumberFeaturesWithLineNumbers\",\"autoCompileOpts\",\"mochaOpts\",\"jasmineOpts\",\"cucumberOpts\",\"onPrepare\",\"onWorkerStart\",\"onWorkerEnd\",\"before\",\"beforeSession\",\"beforeSuite\",\"beforeHook\",\"beforeTest\",\"afterTest\",\"afterHook\",\"afterSuite\",\"afterSession\",\"after\",\"onComplete\",\"beforeAssertion\",\"afterAssertion\",\"beforeFeature\",\"beforeScenario\",\"beforeStep\",\"afterStep\",\"afterScenario\",\"afterFeature\",\"_\",\"suite\",\"$0\",\"ignoredWorkerServices\",\"wdi5\"]"}]}
RESULT: {"script":"<script> [2342 bytes]","args":[{"protocol":"http","hostname":"0.0.0.0","path":"/","capabilities":{"browserName":"chrome","goog:chromeOptions":{"binary":"C:\\Program Files\\Google\\Chrome\\Application\\chrome.exe","args":["--start-maximized"]}},"logLevel":"warn","connectionRetryTimeout":120000,"connectionRetryCount":3,"logLevels":{},"enableDirectConnect":true,"strictSSL":true,"_":"65 more keys: [\"cacheDir\",\"port\",\"requestedCapabilities\",\"automationProtocol\",\"baseUrl\",\"waitforInterval\",\"waitforTimeout\",\"onReload\",\"beforeCommand\",\"afterCommand\",\"rootDir\",\"specs\",\"suites\",\"exclude\",\"groupLogsByTestSpec\",\"excludeDriverLogs\",\"bail\",\"framework\",\"reporters\",\"services\",\"maxInstances\",\"maxInstancesPerCapability\",\"injectGlobals\",\"filesToWatch\",\"execArgv\",\"runnerEnv\",\"runner\",\"shard\",\"specFileRetries\",\"specFileRetriesDelay\",\"specFileRetriesDeferred\",\"reporterSyncInterval\",\"reporterSyncTimeout\",\"cucumberFeaturesWithLineNumbers\",\"autoCompileOpts\",\"mochaOpts\",\"jasmineOpts\",\"cucumberOpts\",\"onPrepare\",\"onWorkerStart\",\"onWorkerEnd\",\"before\",\"beforeSession\",\"beforeSuite\",\"beforeHook\",\"beforeTest\",\"afterTest\",\"afterHook\",\"afterSuite\",\"afterSession\",\"after\",\"onComplete\",\"beforeAssertion\",\"afterAssertion\",\"beforeFeature\",\"beforeScenario\",\"beforeStep\",\"afterStep\",\"afterScenario\",\"afterFeature\",\"_\",\"suite\",\"$0\",\"ignoredWorkerServices\",\"wdi5\"]"}]}
COMMAND: POST /session/885acd6bfe44f64c6e2485c8ef54779e/execute/async - {"script":"<script> [21126 bytes]","args":[35000]}
RESULT: {"script":"<script> [21126 bytes]","args":[35000]}
COMMAND: POST /session/885acd6bfe44f64c6e2485c8ef54779e/window/maximize - {}
RESULT: {}
COMMAND: POST /session/885acd6bfe44f64c6e2485c8ef54779e/execute/async - {"script":"<script> [1562 bytes]","args":[{"selector":{"id":"shell-header","interaction":{"idSuffix":"icon"}},"wdio_ui5_key":"shellheader"}]}
COMMAND: GET /session/885acd6bfe44f64c6e2485c8ef54779e/screenshot - {}
RESULT: {"script":"<script> [1562 bytes]","args":[{"selector":{"id":"shell-header","interaction":{"idSuffix":"icon"}},"wdio_ui5_key":"shellheader"}]}
RESULT: undefined
]]></system-out>
    </testcase>
  </testsuite>
  <testsuite timestamp="2025-05-01T16:23:49" time="773.057" tests="8" failures="0" errors="0" skipped="0">
    <properties>
      <property name="specId" value="0" />
      <property name="suiteName" value="Stock increase - with WHM US125587" />
      <property name="capabilities" value="chrome.135_0_7049_96.windows" />
      <property name="file" value="file:///D:/a/1/s/test/specs/HTR/stock-increase.spec.js" />
    </properties>
    <testcase classname="chrome.135_0_7049_96.windows.Stock_increase_-_with_WHM_US125587" name="Should create a WHM yard" time="99.35">
      <system-out><![CDATA[
COMMAND: POST /session/885acd6bfe44f64c6e2485c8ef54779e/element - {"using":"css selector","value":"#shell-header-logo"}
RESULT: {}
RESULT: {"using":"css selector","value":"#shell-header-logo"}
COMMAND: POST /session/885acd6bfe44f64c6e2485c8ef54779e/element/f.F53CD083946FCE278F3961FDA51ABBA8.d.2B33A7B15715C1CD67EE53C1486846FF.e.240/click - {}
RESULT: {}
COMMAND: GET /session/885acd6bfe44f64c6e2485c8ef54779e/screenshot - {}
RESULT: {}
COMMAND: POST /session/885acd6bfe44f64c6e2485c8ef54779e/execute/async - {"script":"<script> [1562 bytes]","args":[{"selector":{"controlType":"sap.m.GenericTile","properties":{"header":"Manage Yards"}},"wdio_ui5_key":"sapm.GenericTile{\"header\":\"Manage Yards\"}"}]}
RESULT: {"script":"<script> [1562 bytes]","args":[{"selector":{"controlType":"sap.m.GenericTile","properties":{"header":"Manage Yards"}},"wdio_ui5_key":"sapm.GenericTile{\"header\":\"Manage Yards\"}"}]}
RESULT: undefined
COMMAND: POST /session/885acd6bfe44f64c6e2485c8ef54779e/element - {"using":"xpath","value":"//*[@id=\"__tile41\"]"}
RESULT: {"using":"xpath","value":"//*[@id=\"__tile41\"]"}
COMMAND: POST /session/885acd6bfe44f64c6e2485c8ef54779e/element/f.F53CD083946FCE278F3961FDA51ABBA8.d.2B33A7B15715C1CD67EE53C1486846FF.e.245/click - {}
RESULT: {}
COMMAND: GET /session/885acd6bfe44f64c6e2485c8ef54779e/screenshot - {}
RESULT: {}
COMMAND: POST /session/885acd6bfe44f64c6e2485c8ef54779e/execute/async - {"script":"<script> [1562 bytes]","args":[{"selector":{"controlType":"sap.ui.core.Icon","viewName":"etm.portal.ui.manageyards.view.Master","viewId":"application-manageyards-display-component---masterYard","properties":{"src":{"regex":{"source":"add"}}}},"wdio_ui5_key":"etmportal.ui.manageyards.view.Mastersap.ui.core.Icon{\"src\":{\"regex\":{\"source\":\"add\"}}}"}]}
RESULT: {"script":"<script> [1562 bytes]","args":[{"selector":{"controlType":"sap.ui.core.Icon","viewName":"etm.portal.ui.manageyards.view.Master","viewId":"application-manageyards-display-component---masterYard","properties":{"src":{"regex":{"source":"add"}}}},"wdio_ui5_key":"etmportal.ui.manageyards.view.Mastersap.ui.core.Icon{\"src\":{\"regex\":{\"source\":\"add\"}}}"}]}
RESULT: undefined
COMMAND: POST /session/885acd6bfe44f64c6e2485c8ef54779e/element - {"using":"xpath","value":"//*[@id=\"__button4-img\"]"}
RESULT: {"using":"xpath","value":"//*[@id=\"__button4-img\"]"}
COMMAND: POST /session/885acd6bfe44f64c6e2485c8ef54779e/element/f.F53CD083946FCE278F3961FDA51ABBA8.d.2B33A7B15715C1CD67EE53C1486846FF.e.291/click - {}
RESULT: {}
COMMAND: GET /session/885acd6bfe44f64c6e2485c8ef54779e/screenshot - {}
RESULT: {}
COMMAND: POST /session/885acd6bfe44f64c6e2485c8ef54779e/execute/async - {"script":"<script> [1562 bytes]","args":[{"selector":{"id":"application-manageyards-display-component---NewYard--yardId","interaction":{"idSuffix":"inner"}},"wdio_ui5_key":"applicationmanageyards-display-component---NewYard--yardId"}]}
RESULT: {"script":"<script> [1562 bytes]","args":[{"selector":{"id":"application-manageyards-display-component---NewYard--yardId","interaction":{"idSuffix":"inner"}},"wdio_ui5_key":"applicationmanageyards-display-component---NewYard--yardId"}]}
RESULT: undefined
COMMAND: POST /session/885acd6bfe44f64c6e2485c8ef54779e/element - {"using":"xpath","value":"//*[@id=\"application-manageyards-display-component---NewYard--addressDetailDetailsName1-inner\"]"}
RESULT: {"using":"xpath","value":"//*[@id=\"application-manageyards-display-component---NewYard--addressDetailDetailsName1-inner\"]"}
COMMAND: POST /session/885acd6bfe44f64c6e2485c8ef54779e/element/f.F53CD083946FCE278F3961FDA51ABBA8.d.2B33A7B15715C1CD67EE53C1486846FF.e.422/clear - {}
RESULT: {}
COMMAND: POST /session/885acd6bfe44f64c6e2485c8ef54779e/element/f.F53CD083946FCE278F3961FDA51ABBA8.d.2B33A7B15715C1CD67EE53C1486846FF.e.422/value - {"text":"WebdriverWHMYardjugtw"}
COMMAND: GET /session/885acd6bfe44f64c6e2485c8ef54779e/screenshot - {}
RESULT: {"text":"WebdriverWHMYardjugtw"}
COMMAND: POST /session/885acd6bfe44f64c6e2485c8ef54779e/element - {"using":"xpath","value":"//*[@id=\"application-manageyards-display-component---NewYard--addressDetailDetailsLanguage-inner\"]"}
COMMAND: GET /session/885acd6bfe44f64c6e2485c8ef54779e/screenshot - {}
RESULT: {}
RESULT: {"using":"xpath","value":"//*[@id=\"application-manageyards-display-component---NewYard--addressDetailDetailsLanguage-inner\"]"}
COMMAND: POST /session/885acd6bfe44f64c6e2485c8ef54779e/element/f.F53CD083946FCE278F3961FDA51ABBA8.d.2B33A7B15715C1CD67EE53C1486846FF.e.423/clear - {}
RESULT: {}
RESULT: {}
COMMAND: POST /session/885acd6bfe44f64c6e2485c8ef54779e/element/f.F53CD083946FCE278F3961FDA51ABBA8.d.2B33A7B15715C1CD67EE53C1486846FF.e.423/value - {"text":"Romanian"}
COMMAND: GET /session/885acd6bfe44f64c6e2485c8ef54779e/screenshot - {}
RESULT: {"text":"Romanian"}
COMMAND: GET /session/885acd6bfe44f64c6e2485c8ef54779e/screenshot - {}
RESULT: {}
RESULT: {}
COMMAND: POST /session/885acd6bfe44f64c6e2485c8ef54779e/element - {"using":"xpath","value":"//*[@id=\"application-manageyards-display-component---NewYard--addressDetailDetailsCity1-inner\"]"}
RESULT: {"using":"xpath","value":"//*[@id=\"application-manageyards-display-component---NewYard--addressDetailDetailsCity1-inner\"]"}
COMMAND: POST /session/885acd6bfe44f64c6e2485c8ef54779e/element/f.F53CD083946FCE278F3961FDA51ABBA8.d.2B33A7B15715C1CD67EE53C1486846FF.e.425/clear - {}
RESULT: {}
COMMAND: POST /session/885acd6bfe44f64c6e2485c8ef54779e/element/f.F53CD083946FCE278F3961FDA51ABBA8.d.2B33A7B15715C1CD67EE53C1486846FF.e.425/value - {"text":"Bucuresti"}
COMMAND: GET /session/885acd6bfe44f64c6e2485c8ef54779e/screenshot - {}
RESULT: {"text":"Bucuresti"}
COMMAND: GET /session/885acd6bfe44f64c6e2485c8ef54779e/screenshot - {}
RESULT: {}
RESULT: {}
COMMAND: POST /session/885acd6bfe44f64c6e2485c8ef54779e/element - {"using":"xpath","value":"//*[@id=\"application-manageyards-display-component---NewYard--addressDetailDetailsCountry-inner\"]"}
RESULT: {"using":"xpath","value":"//*[@id=\"application-manageyards-display-component---NewYard--addressDetailDetailsCountry-inner\"]"}
COMMAND: POST /session/885acd6bfe44f64c6e2485c8ef54779e/element/f.F53CD083946FCE278F3961FDA51ABBA8.d.2B33A7B15715C1CD67EE53C1486846FF.e.429/clear - {}
RESULT: {}
COMMAND: POST /session/885acd6bfe44f64c6e2485c8ef54779e/element/f.F53CD083946FCE278F3961FDA51ABBA8.d.2B33A7B15715C1CD67EE53C1486846FF.e.429/value - {"text":"Romania"}
COMMAND: GET /session/885acd6bfe44f64c6e2485c8ef54779e/screenshot - {}
RESULT: {"text":"Romania"}
COMMAND: GET /session/885acd6bfe44f64c6e2485c8ef54779e/screenshot - {}
RESULT: {}
RESULT: {}
COMMAND: POST /session/885acd6bfe44f64c6e2485c8ef54779e/execute/async - {"script":"<script> [1562 bytes]","args":[{"selector":{"controlType":"sap.m.Button","viewName":"etm.portal.ui.manageyards.view.New","viewId":"application-manageyards-display-component---NewYard","properties":{"text":"Commercial"},"interaction":{"idSuffix":"BDI-content"}},"wdio_ui5_key":"etmportal.ui.manageyards.view.Newsap.m.Button{\"text\":\"Commercial\"}"}]}
RESULT: {"script":"<script> [1562 bytes]","args":[{"selector":{"controlType":"sap.m.Button","viewName":"etm.portal.ui.manageyards.view.New","viewId":"application-manageyards-display-component---NewYard","properties":{"text":"Commercial"},"interaction":{"idSuffix":"BDI-content"}},"wdio_ui5_key":"etmportal.ui.manageyards.view.Newsap.m.Button{\"text\":\"Commercial\"}"}]}
RESULT: undefined
COMMAND: POST /session/885acd6bfe44f64c6e2485c8ef54779e/element - {"using":"xpath","value":"//*[@id=\"application-manageyards-display-component---NewYard--ObjectPageLayout-anchBar-__section5-anchor\"]"}
RESULT: {"using":"xpath","value":"//*[@id=\"application-manageyards-display-component---NewYard--ObjectPageLayout-anchBar-__section5-anchor\"]"}
COMMAND: POST /session/885acd6bfe44f64c6e2485c8ef54779e/element/f.F53CD083946FCE278F3961FDA51ABBA8.d.2B33A7B15715C1CD67EE53C1486846FF.e.697/click - {}
RESULT: {}
COMMAND: GET /session/885acd6bfe44f64c6e2485c8ef54779e/screenshot - {}
RESULT: {}
COMMAND: POST /session/885acd6bfe44f64c6e2485c8ef54779e/element - {"using":"xpath","value":"//input[@id='application-manageyards-display-component---NewYard--addressEditDetailsCostObjectCstType-inner']"}
RESULT: {"using":"xpath","value":"//input[@id='application-manageyards-display-component---NewYard--addressEditDetailsCostObjectCstType-inner']"}
COMMAND: POST /session/885acd6bfe44f64c6e2485c8ef54779e/execute/sync - {"script":"<script> [8489 bytes]","args":[{"element-6066-11e4-a52e-4f735466cecf":"f.F53CD083946FCE278F3961FDA51ABBA8.d.2B33A7B15715C1CD67EE53C1486846FF.e.435","ELEMENT":"f.F53CD083946FCE278F3961FDA51ABBA8.d.2B33A7B15715C1CD67EE53C1486846FF.e.435"}]}
RESULT: {"script":"<script> [8489 bytes]","args":[{"element-6066-11e4-a52e-4f735466cecf":"f.F53CD083946FCE278F3961FDA51ABBA8.d.2B33A7B15715C1CD67EE53C1486846FF.e.435","ELEMENT":"f.F53CD083946FCE278F3961FDA51ABBA8.d.2B33A7B15715C1CD67EE53C1486846FF.e.435"}]}
COMMAND: POST /session/885acd6bfe44f64c6e2485c8ef54779e/element/f.F53CD083946FCE278F3961FDA51ABBA8.d.2B33A7B15715C1CD67EE53C1486846FF.e.435/clear - {}
COMMAND: GET /session/885acd6bfe44f64c6e2485c8ef54779e/screenshot - {}
RESULT: {}
COMMAND: POST /session/885acd6bfe44f64c6e2485c8ef54779e/element/f.F53CD083946FCE278F3961FDA51ABBA8.d.2B33A7B15715C1CD67EE53C1486846FF.e.435/value - {"text":"Cost"}
COMMAND: GET /session/885acd6bfe44f64c6e2485c8ef54779e/screenshot - {}
RESULT: {}
RESULT: {"text":"Cost"}
COMMAND: GET /session/885acd6bfe44f64c6e2485c8ef54779e/screenshot - {}
RESULT: {}
RESULT: {}
COMMAND: POST /session/885acd6bfe44f64c6e2485c8ef54779e/execute/async - {"script":"<script> [1562 bytes]","args":[{"selector":{"id":"application-manageyards-display-component---NewYard--addressNewCostObjectCstID","interaction":{"idSuffix":"inner"}},"wdio_ui5_key":"applicationmanageyards-display-component---NewYard--addressNewCostObjectCstID"}]}
RESULT: {"script":"<script> [1562 bytes]","args":[{"selector":{"id":"application-manageyards-display-component---NewYard--addressNewCostObjectCstID","interaction":{"idSuffix":"inner"}},"wdio_ui5_key":"applicationmanageyards-display-component---NewYard--addressNewCostObjectCstID"}]}
RESULT: undefined
COMMAND: POST /session/885acd6bfe44f64c6e2485c8ef54779e/execute/async - {"script":"<script> [776 bytes]","args":[{"enterText":"10001013","selector":{"id":"application-manageyards-display-component---NewYard--addressNewCostObjectCstID","interaction":{"idSuffix":"inner"}},"clearTextFirst":true,"interactionType":"ENTER_TEXT"}]}
RESULT: {"script":"<script> [776 bytes]","args":[{"enterText":"10001013","selector":{"id":"application-manageyards-display-component---NewYard--addressNewCostObjectCstID","interaction":{"idSuffix":"inner"}},"clearTextFirst":true,"interactionType":"ENTER_TEXT"}]}
COMMAND: POST /session/885acd6bfe44f64c6e2485c8ef54779e/actions - {"actions":[{"id":"action3","type":"key","parameters":{},"actions":[{"type":"keyDown","value":"î€‡"},{"type":"pause","duration":10},{"type":"keyUp","value":"î€‡"}]}]}
RESULT: {"actions":[{"id":"action3","type":"key","parameters":{},"actions":[{"type":"keyDown","value":"î€‡"},{"type":"pause","duration":10},{"type":"keyUp","value":"î€‡"}]}]}
COMMAND: POST /session/885acd6bfe44f64c6e2485c8ef54779e/execute/async - {"script":"<script> [1562 bytes]","args":[{"selector":{"id":"application-manageyards-display-component---NewYard--addressEditDetailsCurrency","interaction":{"idSuffix":"inner"}},"wdio_ui5_key":"applicationmanageyards-display-component---NewYard--addressEditDetailsCurrency"}]}
COMMAND: GET /session/885acd6bfe44f64c6e2485c8ef54779e/screenshot - {}
RESULT: {"script":"<script> [1562 bytes]","args":[{"selector":{"id":"application-manageyards-display-component---NewYard--addressEditDetailsCurrency","interaction":{"idSuffix":"inner"}},"wdio_ui5_key":"applicationmanageyards-display-component---NewYard--addressEditDetailsCurrency"}]}
RESULT: undefined
COMMAND: POST /session/885acd6bfe44f64c6e2485c8ef54779e/execute/async - {"script":"<script> [776 bytes]","args":[{"enterText":"Euro","selector":{"id":"application-manageyards-display-component---NewYard--addressEditDetailsCurrency","interaction":{"idSuffix":"inner"}},"clearTextFirst":true,"interactionType":"ENTER_TEXT"}]}
RESULT: {}
RESULT: {"script":"<script> [776 bytes]","args":[{"enterText":"Euro","selector":{"id":"application-manageyards-display-component---NewYard--addressEditDetailsCurrency","interaction":{"idSuffix":"inner"}},"clearTextFirst":true,"interactionType":"ENTER_TEXT"}]}
COMMAND: POST /session/885acd6bfe44f64c6e2485c8ef54779e/execute/async - {"script":"<script> [1562 bytes]","args":[{"selector":{"controlType":"sap.m.Input","viewName":"etm.portal.ui.manageyards.view.New","viewId":"application-manageyards-display-component---NewYard","bindingPath":{"path":"","propertyPath":"/CONTROLLING_AREA","modelName":"NewYardModel"},"interaction":{"idSuffix":"inner"}},"wdio_ui5_key":"etmportal.ui.manageyards.view.Newsap.m.Input{\"path\":\"\",\"propertyPath\":\"/CONTROLLING_AREA\",\"modelName\":\"NewYardModel\"}"}]}
RESULT: {"script":"<script> [1562 bytes]","args":[{"selector":{"controlType":"sap.m.Input","viewName":"etm.portal.ui.manageyards.view.New","viewId":"application-manageyards-display-component---NewYard","bindingPath":{"path":"","propertyPath":"/CONTROLLING_AREA","modelName":"NewYardModel"},"interaction":{"idSuffix":"inner"}},"wdio_ui5_key":"etmportal.ui.manageyards.view.Newsap.m.Input{\"path\":\"\",\"propertyPath\":\"/CONTROLLING_AREA\",\"modelName\":\"NewYardModel\"}"}]}
RESULT: undefined
COMMAND: POST /session/885acd6bfe44f64c6e2485c8ef54779e/execute/async - {"script":"<script> [776 bytes]","args":[{"enterText":"Z001","selector":{"controlType":"sap.m.Input","viewName":"etm.portal.ui.manageyards.view.New","viewId":"application-manageyards-display-component---NewYard","bindingPath":{"path":"","propertyPath":"/CONTROLLING_AREA","modelName":"NewYardModel"},"interaction":{"idSuffix":"inner"}},"clearTextFirst":true,"interactionType":"ENTER_TEXT"}]}
RESULT: {"script":"<script> [776 bytes]","args":[{"enterText":"Z001","selector":{"controlType":"sap.m.Input","viewName":"etm.portal.ui.manageyards.view.New","viewId":"application-manageyards-display-component---NewYard","bindingPath":{"path":"","propertyPath":"/CONTROLLING_AREA","modelName":"NewYardModel"},"interaction":{"idSuffix":"inner"}},"clearTextFirst":true,"interactionType":"ENTER_TEXT"}]}
COMMAND: POST /session/885acd6bfe44f64c6e2485c8ef54779e/execute/async - {"script":"<script> [1562 bytes]","args":[{"selector":{"id":"application-manageyards-display-component---NewYard--companyCodeComboBox","interaction":{"idSuffix":"inner"}},"wdio_ui5_key":"applicationmanageyards-display-component---NewYard--companyCodeComboBox"}]}
RESULT: {"script":"<script> [1562 bytes]","args":[{"selector":{"id":"application-manageyards-display-component---NewYard--companyCodeComboBox","interaction":{"idSuffix":"inner"}},"wdio_ui5_key":"applicationmanageyards-display-component---NewYard--companyCodeComboBox"}]}
RESULT: undefined
COMMAND: POST /session/885acd6bfe44f64c6e2485c8ef54779e/execute/async - {"script":"<script> [776 bytes]","args":[{"enterText":"1000","selector":{"id":"application-manageyards-display-component---NewYard--companyCodeComboBox","interaction":{"idSuffix":"inner"}},"clearTextFirst":true,"interactionType":"ENTER_TEXT"}]}
RESULT: {"script":"<script> [776 bytes]","args":[{"enterText":"1000","selector":{"id":"application-manageyards-display-component---NewYard--companyCodeComboBox","interaction":{"idSuffix":"inner"}},"clearTextFirst":true,"interactionType":"ENTER_TEXT"}]}
COMMAND: POST /session/885acd6bfe44f64c6e2485c8ef54779e/actions - {"actions":[{"id":"action4","type":"key","parameters":{},"actions":[{"type":"keyDown","value":"î€‡"},{"type":"pause","duration":10},{"type":"keyUp","value":"î€‡"}]}]}
RESULT: {"actions":[{"id":"action4","type":"key","parameters":{},"actions":[{"type":"keyDown","value":"î€‡"},{"type":"pause","duration":10},{"type":"keyUp","value":"î€‡"}]}]}
COMMAND: POST /session/885acd6bfe44f64c6e2485c8ef54779e/execute/async - {"script":"<script> [1562 bytes]","args":[{"selector":{"controlType":"sap.m.Input","viewName":"etm.portal.ui.manageyards.view.New","viewId":"application-manageyards-display-component---NewYard","bindingPath":{"path":"","propertyPath":"/PLANT","modelName":"NewYardModel"},"interaction":{"idSuffix":"inner"}},"wdio_ui5_key":"etmportal.ui.manageyards.view.Newsap.m.Input{\"path\":\"\",\"propertyPath\":\"/PLANT\",\"modelName\":\"NewYardModel\"}"}]}
COMMAND: GET /session/885acd6bfe44f64c6e2485c8ef54779e/screenshot - {}
RESULT: {"script":"<script> [1562 bytes]","args":[{"selector":{"controlType":"sap.m.Input","viewName":"etm.portal.ui.manageyards.view.New","viewId":"application-manageyards-display-component---NewYard","bindingPath":{"path":"","propertyPath":"/PLANT","modelName":"NewYardModel"},"interaction":{"idSuffix":"inner"}},"wdio_ui5_key":"etmportal.ui.manageyards.view.Newsap.m.Input{\"path\":\"\",\"propertyPath\":\"/PLANT\",\"modelName\":\"NewYardModel\"}"}]}
RESULT: undefined
COMMAND: POST /session/885acd6bfe44f64c6e2485c8ef54779e/execute/async - {"script":"<script> [776 bytes]","args":[{"enterText":"1001","selector":{"controlType":"sap.m.Input","viewName":"etm.portal.ui.manageyards.view.New","viewId":"application-manageyards-display-component---NewYard","bindingPath":{"path":"","propertyPath":"/PLANT","modelName":"NewYardModel"},"interaction":{"idSuffix":"inner"}},"clearTextFirst":true,"interactionType":"ENTER_TEXT"}]}
RESULT: {}
RESULT: {"script":"<script> [776 bytes]","args":[{"enterText":"1001","selector":{"controlType":"sap.m.Input","viewName":"etm.portal.ui.manageyards.view.New","viewId":"application-manageyards-display-component---NewYard","bindingPath":{"path":"","propertyPath":"/PLANT","modelName":"NewYardModel"},"interaction":{"idSuffix":"inner"}},"clearTextFirst":true,"interactionType":"ENTER_TEXT"}]}
COMMAND: POST /session/885acd6bfe44f64c6e2485c8ef54779e/execute/async - {"script":"<script> [1562 bytes]","args":[{"selector":{"controlType":"sap.m.Input","viewName":"etm.portal.ui.manageyards.view.New","viewId":"application-manageyards-display-component---NewYard","bindingPath":{"path":"","propertyPath":"/SALES_AREA_VKORG","modelName":"NewYardModel"},"interaction":{"idSuffix":"inner"}},"wdio_ui5_key":"etmportal.ui.manageyards.view.Newsap.m.Input{\"path\":\"\",\"propertyPath\":\"/SALES_AREA_VKORG\",\"modelName\":\"NewYardModel\"}"}]}
RESULT: {"script":"<script> [1562 bytes]","args":[{"selector":{"controlType":"sap.m.Input","viewName":"etm.portal.ui.manageyards.view.New","viewId":"application-manageyards-display-component---NewYard","bindingPath":{"path":"","propertyPath":"/SALES_AREA_VKORG","modelName":"NewYardModel"},"interaction":{"idSuffix":"inner"}},"wdio_ui5_key":"etmportal.ui.manageyards.view.Newsap.m.Input{\"path\":\"\",\"propertyPath\":\"/SALES_AREA_VKORG\",\"modelName\":\"NewYardModel\"}"}]}
RESULT: undefined
COMMAND: POST /session/885acd6bfe44f64c6e2485c8ef54779e/execute/async - {"script":"<script> [776 bytes]","args":[{"enterText":"C002","selector":{"controlType":"sap.m.Input","viewName":"etm.portal.ui.manageyards.view.New","viewId":"application-manageyards-display-component---NewYard","bindingPath":{"path":"","propertyPath":"/SALES_AREA_VKORG","modelName":"NewYardModel"},"interaction":{"idSuffix":"inner"}},"clearTextFirst":true,"interactionType":"ENTER_TEXT"}]}
RESULT: {"script":"<script> [776 bytes]","args":[{"enterText":"C002","selector":{"controlType":"sap.m.Input","viewName":"etm.portal.ui.manageyards.view.New","viewId":"application-manageyards-display-component---NewYard","bindingPath":{"path":"","propertyPath":"/SALES_AREA_VKORG","modelName":"NewYardModel"},"interaction":{"idSuffix":"inner"}},"clearTextFirst":true,"interactionType":"ENTER_TEXT"}]}
COMMAND: POST /session/885acd6bfe44f64c6e2485c8ef54779e/execute/async - {"script":"<script> [1562 bytes]","args":[{"selector":{"controlType":"sap.m.Input","viewName":"etm.portal.ui.manageyards.view.New","viewId":"application-manageyards-display-component---NewYard","bindingPath":{"path":"","propertyPath":"/SALES_AREA_VTWEG","modelName":"NewYardModel"},"interaction":{"idSuffix":"inner"}},"wdio_ui5_key":"etmportal.ui.manageyards.view.Newsap.m.Input{\"path\":\"\",\"propertyPath\":\"/SALES_AREA_VTWEG\",\"modelName\":\"NewYardModel\"}"}]}
RESULT: {"script":"<script> [1562 bytes]","args":[{"selector":{"controlType":"sap.m.Input","viewName":"etm.portal.ui.manageyards.view.New","viewId":"application-manageyards-display-component---NewYard","bindingPath":{"path":"","propertyPath":"/SALES_AREA_VTWEG","modelName":"NewYardModel"},"interaction":{"idSuffix":"inner"}},"wdio_ui5_key":"etmportal.ui.manageyards.view.Newsap.m.Input{\"path\":\"\",\"propertyPath\":\"/SALES_AREA_VTWEG\",\"modelName\":\"NewYardModel\"}"}]}
RESULT: undefined
COMMAND: POST /session/885acd6bfe44f64c6e2485c8ef54779e/execute/async - {"script":"<script> [776 bytes]","args":[{"enterText":"C2","selector":{"controlType":"sap.m.Input","viewName":"etm.portal.ui.manageyards.view.New","viewId":"application-manageyards-display-component---NewYard","bindingPath":{"path":"","propertyPath":"/SALES_AREA_VTWEG","modelName":"NewYardModel"},"interaction":{"idSuffix":"inner"}},"clearTextFirst":true,"interactionType":"ENTER_TEXT"}]}
RESULT: {"script":"<script> [776 bytes]","args":[{"enterText":"C2","selector":{"controlType":"sap.m.Input","viewName":"etm.portal.ui.manageyards.view.New","viewId":"application-manageyards-display-component---NewYard","bindingPath":{"path":"","propertyPath":"/SALES_AREA_VTWEG","modelName":"NewYardModel"},"interaction":{"idSuffix":"inner"}},"clearTextFirst":true,"interactionType":"ENTER_TEXT"}]}
COMMAND: POST /session/885acd6bfe44f64c6e2485c8ef54779e/execute/async - {"script":"<script> [1562 bytes]","args":[{"selector":{"controlType":"sap.m.Input","viewName":"etm.portal.ui.manageyards.view.New","viewId":"application-manageyards-display-component---NewYard","bindingPath":{"path":"","propertyPath":"/SALES_AREA_SPART","modelName":"NewYardModel"},"interaction":{"idSuffix":"inner"}},"wdio_ui5_key":"etmportal.ui.manageyards.view.Newsap.m.Input{\"path\":\"\",\"propertyPath\":\"/SALES_AREA_SPART\",\"modelName\":\"NewYardModel\"}"}]}
RESULT: {"script":"<script> [1562 bytes]","args":[{"selector":{"controlType":"sap.m.Input","viewName":"etm.portal.ui.manageyards.view.New","viewId":"application-manageyards-display-component---NewYard","bindingPath":{"path":"","propertyPath":"/SALES_AREA_SPART","modelName":"NewYardModel"},"interaction":{"idSuffix":"inner"}},"wdio_ui5_key":"etmportal.ui.manageyards.view.Newsap.m.Input{\"path\":\"\",\"propertyPath\":\"/SALES_AREA_SPART\",\"modelName\":\"NewYardModel\"}"}]}
RESULT: undefined
COMMAND: POST /session/885acd6bfe44f64c6e2485c8ef54779e/execute/async - {"script":"<script> [776 bytes]","args":[{"enterText":"C2","selector":{"controlType":"sap.m.Input","viewName":"etm.portal.ui.manageyards.view.New","viewId":"application-manageyards-display-component---NewYard","bindingPath":{"path":"","propertyPath":"/SALES_AREA_SPART","modelName":"NewYardModel"},"interaction":{"idSuffix":"inner"}},"clearTextFirst":true,"interactionType":"ENTER_TEXT"}]}
RESULT: {"script":"<script> [776 bytes]","args":[{"enterText":"C2","selector":{"controlType":"sap.m.Input","viewName":"etm.portal.ui.manageyards.view.New","viewId":"application-manageyards-display-component---NewYard","bindingPath":{"path":"","propertyPath":"/SALES_AREA_SPART","modelName":"NewYardModel"},"interaction":{"idSuffix":"inner"}},"clearTextFirst":true,"interactionType":"ENTER_TEXT"}]}
COMMAND: POST /session/885acd6bfe44f64c6e2485c8ef54779e/execute/async - {"script":"<script> [1562 bytes]","args":[{"selector":{"id":"application-manageyards-display-component---NewYard--whmCheckBox","interaction":{"idSuffix":"CbBg"}},"wdio_ui5_key":"applicationmanageyards-display-component---NewYard--whmCheckBox"}]}
RESULT: {"script":"<script> [1562 bytes]","args":[{"selector":{"id":"application-manageyards-display-component---NewYard--whmCheckBox","interaction":{"idSuffix":"CbBg"}},"wdio_ui5_key":"applicationmanageyards-display-component---NewYard--whmCheckBox"}]}
RESULT: undefined
COMMAND: POST /session/885acd6bfe44f64c6e2485c8ef54779e/element - {"using":"xpath","value":"//*[@id=\"application-manageyards-display-component---NewYard--whmCheckBox\"]"}
RESULT: {"using":"xpath","value":"//*[@id=\"application-manageyards-display-component---NewYard--whmCheckBox\"]"}
COMMAND: POST /session/885acd6bfe44f64c6e2485c8ef54779e/element/f.F53CD083946FCE278F3961FDA51ABBA8.d.2B33A7B15715C1CD67EE53C1486846FF.e.722/click - {}
RESULT: {}
COMMAND: POST /session/885acd6bfe44f64c6e2485c8ef54779e/execute/async - {"script":"<script> [1562 bytes]","args":[{"selector":{"controlType":"sap.m.Button","viewName":"etm.portal.ui.manageyards.view.New","viewId":"application-manageyards-display-component---NewYard","i18NText":{"propertyName":"text","key":"save"},"interaction":{"idSuffix":"inner"}},"wdio_ui5_key":"etmportal.ui.manageyards.view.Newsap.m.Button{\"propertyName\":\"text\",\"key\":\"save\"}"}]}
COMMAND: GET /session/885acd6bfe44f64c6e2485c8ef54779e/screenshot - {}
RESULT: {"script":"<script> [1562 bytes]","args":[{"selector":{"controlType":"sap.m.Button","viewName":"etm.portal.ui.manageyards.view.New","viewId":"application-manageyards-display-component---NewYard","i18NText":{"propertyName":"text","key":"save"},"interaction":{"idSuffix":"inner"}},"wdio_ui5_key":"etmportal.ui.manageyards.view.Newsap.m.Button{\"propertyName\":\"text\",\"key\":\"save\"}"}]}
RESULT: undefined
COMMAND: POST /session/885acd6bfe44f64c6e2485c8ef54779e/element - {"using":"xpath","value":"//*[@id=\"__button18\"]"}
RESULT: {}
RESULT: {"using":"xpath","value":"//*[@id=\"__button18\"]"}
COMMAND: POST /session/885acd6bfe44f64c6e2485c8ef54779e/element/f.F53CD083946FCE278F3961FDA51ABBA8.d.2B33A7B15715C1CD67EE53C1486846FF.e.724/click - {}
RESULT: {}
COMMAND: GET /session/885acd6bfe44f64c6e2485c8ef54779e/screenshot - {}
RESULT: {}
COMMAND: POST /session/885acd6bfe44f64c6e2485c8ef54779e/element - {"using":"xpath","value":"//header/div/div/div/div/div/div[2]/div/span"}
RESULT: {"using":"xpath","value":"//header/div/div/div/div/div/div[2]/div/span"}
COMMAND: GET /session/885acd6bfe44f64c6e2485c8ef54779e/element/f.F53CD083946FCE278F3961FDA51ABBA8.d.2B33A7B15715C1CD67EE53C1486846FF.e.920/text - {}
RESULT: {}
COMMAND: POST /session/885acd6bfe44f64c6e2485c8ef54779e/element - {"using":"xpath","value":"//header/div/div[2]/div[2]/span"}
RESULT: {"using":"xpath","value":"//header/div/div[2]/div[2]/span"}
COMMAND: GET /session/885acd6bfe44f64c6e2485c8ef54779e/element/f.F53CD083946FCE278F3961FDA51ABBA8.d.2B33A7B15715C1CD67EE53C1486846FF.e.921/text - {}
RESULT: {}
]]></system-out>
    </testcase>
    <testcase classname="chrome.135_0_7049_96.windows.Stock_increase_-_with_WHM_US125587" name="Should create new whm partner" time="105.201">
      <system-out><![CDATA[
COMMAND: POST /session/885acd6bfe44f64c6e2485c8ef54779e/element - {"using":"css selector","value":"#shell-header-logo"}
RESULT: {"using":"css selector","value":"#shell-header-logo"}
COMMAND: POST /session/885acd6bfe44f64c6e2485c8ef54779e/element/f.F53CD083946FCE278F3961FDA51ABBA8.d.2B33A7B15715C1CD67EE53C1486846FF.e.240/click - {}
RESULT: {}
COMMAND: GET /session/885acd6bfe44f64c6e2485c8ef54779e/screenshot - {}
RESULT: {}
COMMAND: POST /session/885acd6bfe44f64c6e2485c8ef54779e/execute/async - {"script":"<script> [1562 bytes]","args":[{"selector":{"controlType":"sap.m.GenericTile","properties":{"header":"Manage Partners"}},"wdio_ui5_key":"sapm.GenericTile{\"header\":\"Manage Partners\"}"}]}
RESULT: {"script":"<script> [1562 bytes]","args":[{"selector":{"controlType":"sap.m.GenericTile","properties":{"header":"Manage Partners"}},"wdio_ui5_key":"sapm.GenericTile{\"header\":\"Manage Partners\"}"}]}
RESULT: undefined
COMMAND: POST /session/885acd6bfe44f64c6e2485c8ef54779e/element - {"using":"xpath","value":"//*[@id=\"__tile38\"]"}
RESULT: {"using":"xpath","value":"//*[@id=\"__tile38\"]"}
COMMAND: POST /session/885acd6bfe44f64c6e2485c8ef54779e/element/f.F53CD083946FCE278F3961FDA51ABBA8.d.2B33A7B15715C1CD67EE53C1486846FF.e.924/click - {}
RESULT: {}
COMMAND: GET /session/885acd6bfe44f64c6e2485c8ef54779e/screenshot - {}
RESULT: {}
COMMAND: POST /session/885acd6bfe44f64c6e2485c8ef54779e/refresh - {}
RESULT: {}
COMMAND: GET /session/885acd6bfe44f64c6e2485c8ef54779e/screenshot - {}
RESULT: {}
COMMAND: POST /session/885acd6bfe44f64c6e2485c8ef54779e/refresh - {}
RESULT: {}
COMMAND: GET /session/885acd6bfe44f64c6e2485c8ef54779e/screenshot - {}
COMMAND: POST /session/885acd6bfe44f64c6e2485c8ef54779e/window/fullscreen - {}
RESULT: {}
RESULT: {}
COMMAND: POST /session/885acd6bfe44f64c6e2485c8ef54779e/execute/async - {"script":"<script> [189 bytes]","args":[]}
RESULT: {"script":"<script> [189 bytes]","args":[]}
COMMAND: POST /session/885acd6bfe44f64c6e2485c8ef54779e/execute/async - {"script":"<script> [123 bytes]","args":[]}
RESULT: {"script":"<script> [123 bytes]","args":[]}
COMMAND: POST /session/885acd6bfe44f64c6e2485c8ef54779e/timeouts - {"script":"<number>"}
RESULT: {"script":"<number>"}
COMMAND: GET /session/885acd6bfe44f64c6e2485c8ef54779e/timeouts - {}
RESULT: {}
RESULT: undefined
COMMAND: POST /session/885acd6bfe44f64c6e2485c8ef54779e/execute/async - {"script":"<script> [2676 bytes]","args":[]}
RESULT: {"script":"<script> [2676 bytes]","args":[]}
COMMAND: POST /session/885acd6bfe44f64c6e2485c8ef54779e/execute/async - {"script":"<script> [2342 bytes]","args":[{"protocol":"http","hostname":"0.0.0.0","path":"/","capabilities":{"browserName":"chrome","goog:chromeOptions":{"binary":"C:\\Program Files\\Google\\Chrome\\Application\\chrome.exe","args":["--start-maximized"]}},"logLevel":"warn","connectionRetryTimeout":120000,"connectionRetryCount":3,"logLevels":{},"enableDirectConnect":true,"strictSSL":true,"_":"65 more keys: [\"cacheDir\",\"port\",\"requestedCapabilities\",\"automationProtocol\",\"baseUrl\",\"waitforInterval\",\"waitforTimeout\",\"onReload\",\"beforeCommand\",\"afterCommand\",\"rootDir\",\"specs\",\"suites\",\"exclude\",\"groupLogsByTestSpec\",\"excludeDriverLogs\",\"bail\",\"framework\",\"reporters\",\"services\",\"maxInstances\",\"maxInstancesPerCapability\",\"injectGlobals\",\"filesToWatch\",\"execArgv\",\"runnerEnv\",\"runner\",\"shard\",\"specFileRetries\",\"specFileRetriesDelay\",\"specFileRetriesDeferred\",\"reporterSyncInterval\",\"reporterSyncTimeout\",\"cucumberFeaturesWithLineNumbers\",\"autoCompileOpts\",\"mochaOpts\",\"jasmineOpts\",\"cucumberOpts\",\"onPrepare\",\"onWorkerStart\",\"onWorkerEnd\",\"before\",\"beforeSession\",\"beforeSuite\",\"beforeHook\",\"beforeTest\",\"afterTest\",\"afterHook\",\"afterSuite\",\"afterSession\",\"after\",\"onComplete\",\"beforeAssertion\",\"afterAssertion\",\"beforeFeature\",\"beforeScenario\",\"beforeStep\",\"afterStep\",\"afterScenario\",\"afterFeature\",\"_\",\"suite\",\"$0\",\"ignoredWorkerServices\",\"wdi5\"]"}]}
RESULT: {"script":"<script> [2342 bytes]","args":[{"protocol":"http","hostname":"0.0.0.0","path":"/","capabilities":{"browserName":"chrome","goog:chromeOptions":{"binary":"C:\\Program Files\\Google\\Chrome\\Application\\chrome.exe","args":["--start-maximized"]}},"logLevel":"warn","connectionRetryTimeout":120000,"connectionRetryCount":3,"logLevels":{},"enableDirectConnect":true,"strictSSL":true,"_":"65 more keys: [\"cacheDir\",\"port\",\"requestedCapabilities\",\"automationProtocol\",\"baseUrl\",\"waitforInterval\",\"waitforTimeout\",\"onReload\",\"beforeCommand\",\"afterCommand\",\"rootDir\",\"specs\",\"suites\",\"exclude\",\"groupLogsByTestSpec\",\"excludeDriverLogs\",\"bail\",\"framework\",\"reporters\",\"services\",\"maxInstances\",\"maxInstancesPerCapability\",\"injectGlobals\",\"filesToWatch\",\"execArgv\",\"runnerEnv\",\"runner\",\"shard\",\"specFileRetries\",\"specFileRetriesDelay\",\"specFileRetriesDeferred\",\"reporterSyncInterval\",\"reporterSyncTimeout\",\"cucumberFeaturesWithLineNumbers\",\"autoCompileOpts\",\"mochaOpts\",\"jasmineOpts\",\"cucumberOpts\",\"onPrepare\",\"onWorkerStart\",\"onWorkerEnd\",\"before\",\"beforeSession\",\"beforeSuite\",\"beforeHook\",\"beforeTest\",\"afterTest\",\"afterHook\",\"afterSuite\",\"afterSession\",\"after\",\"onComplete\",\"beforeAssertion\",\"afterAssertion\",\"beforeFeature\",\"beforeScenario\",\"beforeStep\",\"afterStep\",\"afterScenario\",\"afterFeature\",\"_\",\"suite\",\"$0\",\"ignoredWorkerServices\",\"wdi5\"]"}]}
COMMAND: POST /session/885acd6bfe44f64c6e2485c8ef54779e/execute/async - {"script":"<script> [21126 bytes]","args":[35000]}
RESULT: {"script":"<script> [21126 bytes]","args":[35000]}
COMMAND: POST /session/885acd6bfe44f64c6e2485c8ef54779e/execute/async - {"script":"<script> [1562 bytes]","args":[{"selector":{"controlType":"sap.ui.core.Icon","viewName":"etm.portal.ui.managepartners.view.Master","viewId":"application-managepartners-display-component---masterPtm","properties":{"src":{"regex":{"source":"add"}}}},"wdio_ui5_key":"etmportal.ui.managepartners.view.Mastersap.ui.core.Icon{\"src\":{\"regex\":{\"source\":\"add\"}}}"}]}
RESULT: {"script":"<script> [1562 bytes]","args":[{"selector":{"controlType":"sap.ui.core.Icon","viewName":"etm.portal.ui.managepartners.view.Master","viewId":"application-managepartners-display-component---masterPtm","properties":{"src":{"regex":{"source":"add"}}}},"wdio_ui5_key":"etmportal.ui.managepartners.view.Mastersap.ui.core.Icon{\"src\":{\"regex\":{\"source\":\"add\"}}}"}]}
RESULT: undefined
COMMAND: POST /session/885acd6bfe44f64c6e2485c8ef54779e/element - {"using":"xpath","value":"//*[@id=\"__button2-img\"]"}
RESULT: {"using":"xpath","value":"//*[@id=\"__button2-img\"]"}
COMMAND: POST /session/885acd6bfe44f64c6e2485c8ef54779e/element/f.F53CD083946FCE278F3961FDA51ABBA8.d.1D5C0E7172C916FCC0C1D65657C2A188.e.1155/click - {}
RESULT: {}
COMMAND: GET /session/885acd6bfe44f64c6e2485c8ef54779e/screenshot - {}
RESULT: {}
COMMAND: POST /session/885acd6bfe44f64c6e2485c8ef54779e/execute/async - {"script":"<script> [1562 bytes]","args":[{"selector":{"controlType":"sap.m.Title","viewName":"etm.portal.ui.managepartners.view.NewPartner","viewId":"application-managepartners-display-component---NewPartner","i18NText":{"propertyName":"text","key":"newPartner"},"interaction":{"idSuffix":"inner"}},"wdio_ui5_key":"etmportal.ui.managepartners.view.NewPartnersap.m.Title{\"propertyName\":\"text\",\"key\":\"newPartner\"}"}]}
RESULT: {"script":"<script> [1562 bytes]","args":[{"selector":{"controlType":"sap.m.Title","viewName":"etm.portal.ui.managepartners.view.NewPartner","viewId":"application-managepartners-display-component---NewPartner","i18NText":{"propertyName":"text","key":"newPartner"},"interaction":{"idSuffix":"inner"}},"wdio_ui5_key":"etmportal.ui.managepartners.view.NewPartnersap.m.Title{\"propertyName\":\"text\",\"key\":\"newPartner\"}"}]}
RESULT: undefined
COMMAND: POST /session/885acd6bfe44f64c6e2485c8ef54779e/execute/async - {"script":"<script> [6424 bytes]","args":[{"element-6066-11e4-a52e-4f735466cecf":"f.F53CD083946FCE278F3961FDA51ABBA8.d.1D5C0E7172C916FCC0C1D65657C2A188.e.1588"},"getText",[]]}
RESULT: {"script":"<script> [6424 bytes]","args":[{"element-6066-11e4-a52e-4f735466cecf":"f.F53CD083946FCE278F3961FDA51ABBA8.d.1D5C0E7172C916FCC0C1D65657C2A188.e.1588"},"getText",[]]}
COMMAND: POST /session/885acd6bfe44f64c6e2485c8ef54779e/execute/async - {"script":"<script> [1562 bytes]","args":[{"selector":{"id":"application-managepartners-display-component---NewPartner--partnerId","interaction":{"idSuffix":"inner"}},"wdio_ui5_key":"applicationmanagepartners-display-component---NewPartner--partnerId"}]}
RESULT: {"script":"<script> [1562 bytes]","args":[{"selector":{"id":"application-managepartners-display-component---NewPartner--partnerId","interaction":{"idSuffix":"inner"}},"wdio_ui5_key":"applicationmanagepartners-display-component---NewPartner--partnerId"}]}
RESULT: undefined
COMMAND: POST /session/885acd6bfe44f64c6e2485c8ef54779e/execute/async - {"script":"<script> [1562 bytes]","args":[{"selector":{"id":"application-managepartners-display-component---NewPartner--addressDetailDetailsName1","interaction":{"idSuffix":"inner"}},"wdio_ui5_key":"applicationmanagepartners-display-component---NewPartner--addressDetailDetailsName1"}]}
RESULT: {"script":"<script> [1562 bytes]","args":[{"selector":{"id":"application-managepartners-display-component---NewPartner--addressDetailDetailsName1","interaction":{"idSuffix":"inner"}},"wdio_ui5_key":"applicationmanagepartners-display-component---NewPartner--addressDetailDetailsName1"}]}
RESULT: undefined
COMMAND: POST /session/885acd6bfe44f64c6e2485c8ef54779e/execute/async - {"script":"<script> [776 bytes]","args":[{"enterText":"WebdriverWHMPartnerjugtw","selector":{"id":"application-managepartners-display-component---NewPartner--addressDetailDetailsName1","interaction":{"idSuffix":"inner"}},"clearTextFirst":true,"interactionType":"ENTER_TEXT"}]}
RESULT: {"script":"<script> [776 bytes]","args":[{"enterText":"WebdriverWHMPartnerjugtw","selector":{"id":"application-managepartners-display-component---NewPartner--addressDetailDetailsName1","interaction":{"idSuffix":"inner"}},"clearTextFirst":true,"interactionType":"ENTER_TEXT"}]}
COMMAND: POST /session/885acd6bfe44f64c6e2485c8ef54779e/execute/async - {"script":"<script> [1562 bytes]","args":[{"selector":{"id":"application-managepartners-display-component---NewPartner--addressDetailDetailsLanguage","interaction":{"idSuffix":"inner"}},"wdio_ui5_key":"applicationmanagepartners-display-component---NewPartner--addressDetailDetailsLanguage"}]}
RESULT: {"script":"<script> [1562 bytes]","args":[{"selector":{"id":"application-managepartners-display-component---NewPartner--addressDetailDetailsLanguage","interaction":{"idSuffix":"inner"}},"wdio_ui5_key":"applicationmanagepartners-display-component---NewPartner--addressDetailDetailsLanguage"}]}
RESULT: undefined
COMMAND: POST /session/885acd6bfe44f64c6e2485c8ef54779e/execute/async - {"script":"<script> [776 bytes]","args":[{"enterText":"Romanian","selector":{"id":"application-managepartners-display-component---NewPartner--addressDetailDetailsLanguage","interaction":{"idSuffix":"inner"}},"clearTextFirst":true,"interactionType":"ENTER_TEXT"}]}
RESULT: {"script":"<script> [776 bytes]","args":[{"enterText":"Romanian","selector":{"id":"application-managepartners-display-component---NewPartner--addressDetailDetailsLanguage","interaction":{"idSuffix":"inner"}},"clearTextFirst":true,"interactionType":"ENTER_TEXT"}]}
COMMAND: POST /session/885acd6bfe44f64c6e2485c8ef54779e/execute/async - {"script":"<script> [1562 bytes]","args":[{"selector":{"controlType":"sap.m.StandardListItem","viewName":"etm.portal.ui.managepartners.view.NewPartner","viewId":"application-managepartners-display-component---NewPartner","properties":{"type":"Active"},"searchOpenDialogs":true,"interaction":{"idSuffix":"content"}},"wdio_ui5_key":"etmportal.ui.managepartners.view.NewPartnersap.m.StandardListItem{\"type\":\"Active\"}"}]}
RESULT: {"script":"<script> [1562 bytes]","args":[{"selector":{"controlType":"sap.m.StandardListItem","viewName":"etm.portal.ui.managepartners.view.NewPartner","viewId":"application-managepartners-display-component---NewPartner","properties":{"type":"Active"},"searchOpenDialogs":true,"interaction":{"idSuffix":"content"}},"wdio_ui5_key":"etmportal.ui.managepartners.view.NewPartnersap.m.StandardListItem{\"type\":\"Active\"}"}]}
RESULT: undefined
COMMAND: POST /session/885acd6bfe44f64c6e2485c8ef54779e/element - {"using":"xpath","value":"//*[@id=\"__item131\"]"}
RESULT: {"using":"xpath","value":"//*[@id=\"__item131\"]"}
COMMAND: POST /session/885acd6bfe44f64c6e2485c8ef54779e/element/f.F53CD083946FCE278F3961FDA51ABBA8.d.1D5C0E7172C916FCC0C1D65657C2A188.e.1592/click - {}
RESULT: {}
COMMAND: POST /session/885acd6bfe44f64c6e2485c8ef54779e/execute/async - {"script":"<script> [1562 bytes]","args":[{"selector":{"id":"application-managepartners-display-component---NewPartner--addressDetailDetailsCity1","interaction":{"idSuffix":"inner"}},"wdio_ui5_key":"applicationmanagepartners-display-component---NewPartner--addressDetailDetailsCity1"}]}
COMMAND: GET /session/885acd6bfe44f64c6e2485c8ef54779e/screenshot - {}
RESULT: {"script":"<script> [1562 bytes]","args":[{"selector":{"id":"application-managepartners-display-component---NewPartner--addressDetailDetailsCity1","interaction":{"idSuffix":"inner"}},"wdio_ui5_key":"applicationmanagepartners-display-component---NewPartner--addressDetailDetailsCity1"}]}
RESULT: undefined
COMMAND: POST /session/885acd6bfe44f64c6e2485c8ef54779e/execute/async - {"script":"<script> [776 bytes]","args":[{"enterText":"Cluj","selector":{"id":"application-managepartners-display-component---NewPartner--addressDetailDetailsCity1","interaction":{"idSuffix":"inner"}},"clearTextFirst":true,"interactionType":"ENTER_TEXT"}]}
RESULT: {}
RESULT: {"script":"<script> [776 bytes]","args":[{"enterText":"Cluj","selector":{"id":"application-managepartners-display-component---NewPartner--addressDetailDetailsCity1","interaction":{"idSuffix":"inner"}},"clearTextFirst":true,"interactionType":"ENTER_TEXT"}]}
COMMAND: POST /session/885acd6bfe44f64c6e2485c8ef54779e/execute/async - {"script":"<script> [1562 bytes]","args":[{"selector":{"id":"application-managepartners-display-component---NewPartner--addressDetailDetailsCountry","interaction":{"idSuffix":"inner"}},"wdio_ui5_key":"applicationmanagepartners-display-component---NewPartner--addressDetailDetailsCountry"}]}
RESULT: {"script":"<script> [1562 bytes]","args":[{"selector":{"id":"application-managepartners-display-component---NewPartner--addressDetailDetailsCountry","interaction":{"idSuffix":"inner"}},"wdio_ui5_key":"applicationmanagepartners-display-component---NewPartner--addressDetailDetailsCountry"}]}
RESULT: undefined
COMMAND: POST /session/885acd6bfe44f64c6e2485c8ef54779e/execute/async - {"script":"<script> [6424 bytes]","args":[{"element-6066-11e4-a52e-4f735466cecf":"f.F53CD083946FCE278F3961FDA51ABBA8.d.1D5C0E7172C916FCC0C1D65657C2A188.e.1338"},"setValue",["Romania"]]}
RESULT: {"script":"<script> [6424 bytes]","args":[{"element-6066-11e4-a52e-4f735466cecf":"f.F53CD083946FCE278F3961FDA51ABBA8.d.1D5C0E7172C916FCC0C1D65657C2A188.e.1338"},"setValue",["Romania"]]}
COMMAND: POST /session/885acd6bfe44f64c6e2485c8ef54779e/execute/async - {"script":"<script> [1562 bytes]","args":[{"selector":{"id":"application-managepartners-display-component---NewPartner--partnerDetailInternal","interaction":{"idSuffix":"inner"}},"wdio_ui5_key":"applicationmanagepartners-display-component---NewPartner--partnerDetailInternal"}]}
RESULT: {"script":"<script> [1562 bytes]","args":[{"selector":{"id":"application-managepartners-display-component---NewPartner--partnerDetailInternal","interaction":{"idSuffix":"inner"}},"wdio_ui5_key":"applicationmanagepartners-display-component---NewPartner--partnerDetailInternal"}]}
RESULT: undefined
COMMAND: POST /session/885acd6bfe44f64c6e2485c8ef54779e/execute/async - {"script":"<script> [776 bytes]","args":[{"enterText":"External partner","selector":{"id":"application-managepartners-display-component---NewPartner--partnerDetailInternal","interaction":{"idSuffix":"inner"}},"clearTextFirst":true,"interactionType":"ENTER_TEXT"}]}
RESULT: {"script":"<script> [776 bytes]","args":[{"enterText":"External partner","selector":{"id":"application-managepartners-display-component---NewPartner--partnerDetailInternal","interaction":{"idSuffix":"inner"}},"clearTextFirst":true,"interactionType":"ENTER_TEXT"}]}
COMMAND: POST /session/885acd6bfe44f64c6e2485c8ef54779e/execute/async - {"script":"<script> [1562 bytes]","args":[{"selector":{"id":"application-managepartners-display-component---NewPartner--partnerDetailsCurrency","interaction":{"idSuffix":"inner"}},"wdio_ui5_key":"applicationmanagepartners-display-component---NewPartner--partnerDetailsCurrency"}]}
RESULT: {"script":"<script> [1562 bytes]","args":[{"selector":{"id":"application-managepartners-display-component---NewPartner--partnerDetailsCurrency","interaction":{"idSuffix":"inner"}},"wdio_ui5_key":"applicationmanagepartners-display-component---NewPartner--partnerDetailsCurrency"}]}
RESULT: undefined
COMMAND: POST /session/885acd6bfe44f64c6e2485c8ef54779e/execute/async - {"script":"<script> [776 bytes]","args":[{"enterText":"Euro","selector":{"id":"application-managepartners-display-component---NewPartner--partnerDetailsCurrency","interaction":{"idSuffix":"inner"}},"clearTextFirst":true,"interactionType":"ENTER_TEXT"}]}
RESULT: {"script":"<script> [776 bytes]","args":[{"enterText":"Euro","selector":{"id":"application-managepartners-display-component---NewPartner--partnerDetailsCurrency","interaction":{"idSuffix":"inner"}},"clearTextFirst":true,"interactionType":"ENTER_TEXT"}]}
COMMAND: POST /session/885acd6bfe44f64c6e2485c8ef54779e/execute/async - {"script":"<script> [1562 bytes]","args":[{"selector":{"controlType":"sap.m.Button","viewName":"etm.portal.ui.managepartners.view.NewPartner","viewId":"application-managepartners-display-component---NewPartner","properties":{"text":"Commercial"},"interaction":{"idSuffix":"BDI-content"}},"wdio_ui5_key":"etmportal.ui.managepartners.view.NewPartnersap.m.Button{\"text\":\"Commercial\"}"}]}
RESULT: {"script":"<script> [1562 bytes]","args":[{"selector":{"controlType":"sap.m.Button","viewName":"etm.portal.ui.managepartners.view.NewPartner","viewId":"application-managepartners-display-component---NewPartner","properties":{"text":"Commercial"},"interaction":{"idSuffix":"BDI-content"}},"wdio_ui5_key":"etmportal.ui.managepartners.view.NewPartnersap.m.Button{\"text\":\"Commercial\"}"}]}
RESULT: undefined
COMMAND: POST /session/885acd6bfe44f64c6e2485c8ef54779e/element - {"using":"xpath","value":"//*[@id=\"application-managepartners-display-component---NewPartner--ObjectPageLayout-anchBar-__section5-anchor\"]"}
RESULT: {"using":"xpath","value":"//*[@id=\"application-managepartners-display-component---NewPartner--ObjectPageLayout-anchBar-__section5-anchor\"]"}
COMMAND: POST /session/885acd6bfe44f64c6e2485c8ef54779e/element/f.F53CD083946FCE278F3961FDA51ABBA8.d.1D5C0E7172C916FCC0C1D65657C2A188.e.1598/click - {}
RESULT: {}
COMMAND: GET /session/885acd6bfe44f64c6e2485c8ef54779e/screenshot - {}
RESULT: {}
COMMAND: POST /session/885acd6bfe44f64c6e2485c8ef54779e/execute/async - {"script":"<script> [1562 bytes]","args":[{"selector":{"id":"application-managepartners-display-component---NewPartner--btnAddTableRow-img"},"wdio_ui5_key":"applicationmanagepartners-display-component---NewPartner--btnAddTableRow-img"}]}
RESULT: {"script":"<script> [1562 bytes]","args":[{"selector":{"id":"application-managepartners-display-component---NewPartner--btnAddTableRow-img"},"wdio_ui5_key":"applicationmanagepartners-display-component---NewPartner--btnAddTableRow-img"}]}
RESULT: undefined
COMMAND: POST /session/885acd6bfe44f64c6e2485c8ef54779e/element - {"using":"xpath","value":"//*[@id=\"application-managepartners-display-component---NewPartner--btnAddTableRow-img\"]"}
RESULT: {"using":"xpath","value":"//*[@id=\"application-managepartners-display-component---NewPartner--btnAddTableRow-img\"]"}
COMMAND: POST /session/885acd6bfe44f64c6e2485c8ef54779e/element/f.F53CD083946FCE278F3961FDA51ABBA8.d.1D5C0E7172C916FCC0C1D65657C2A188.e.1605/click - {}
RESULT: {}
COMMAND: POST /session/885acd6bfe44f64c6e2485c8ef54779e/element - {"using":"xpath","value":"//input[contains(@id ,\"application-managepartners-display-component---NewPartner--assignmentYard-application-managepartners-display-component---NewPartner\")]"}
COMMAND: GET /session/885acd6bfe44f64c6e2485c8ef54779e/screenshot - {}
RESULT: {"using":"xpath","value":"//input[contains(@id ,\"application-managepartners-display-component---NewPartner--assignmentYard-application-managepartners-display-component---NewPartner\")]"}
COMMAND: POST /session/885acd6bfe44f64c6e2485c8ef54779e/elements - {"using":"xpath","value":"//input[contains(@id ,\"application-managepartners-display-component---NewPartner--assignmentYard-application-managepartners-display-component---NewPartner\")]"}
RESULT: {}
RESULT: {"using":"xpath","value":"//input[contains(@id ,\"application-managepartners-display-component---NewPartner--assignmentYard-application-managepartners-display-component---NewPartner\")]"}
COMMAND: POST /session/885acd6bfe44f64c6e2485c8ef54779e/element/f.F53CD083946FCE278F3961FDA51ABBA8.d.1D5C0E7172C916FCC0C1D65657C2A188.e.1608/value - {"text":"481"}
RESULT: {"text":"481"}
COMMAND: GET /session/885acd6bfe44f64c6e2485c8ef54779e/screenshot - {}
RESULT: {}
COMMAND: POST /session/885acd6bfe44f64c6e2485c8ef54779e/actions - {"actions":[{"id":"action5","type":"key","parameters":{},"actions":[{"type":"keyDown","value":"î€‡"},{"type":"pause","duration":10},{"type":"keyUp","value":"î€‡"}]}]}
RESULT: {"actions":[{"id":"action5","type":"key","parameters":{},"actions":[{"type":"keyDown","value":"î€‡"},{"type":"pause","duration":10},{"type":"keyUp","value":"î€‡"}]}]}
COMMAND: POST /session/885acd6bfe44f64c6e2485c8ef54779e/execute/async - {"script":"<script> [1562 bytes]","args":[{"selector":{"controlType":"sap.m.Button","viewName":"etm.portal.ui.managepartners.view.NewPartner","viewId":"application-managepartners-display-component---NewPartner","i18NText":{"propertyName":"text","key":"save"},"interaction":{"idSuffix":"BDI-content"}},"wdio_ui5_key":"etmportal.ui.managepartners.view.NewPartnersap.m.Button{\"propertyName\":\"text\",\"key\":\"save\"}"}]}
COMMAND: GET /session/885acd6bfe44f64c6e2485c8ef54779e/screenshot - {}
RESULT: {"script":"<script> [1562 bytes]","args":[{"selector":{"controlType":"sap.m.Button","viewName":"etm.portal.ui.managepartners.view.NewPartner","viewId":"application-managepartners-display-component---NewPartner","i18NText":{"propertyName":"text","key":"save"},"interaction":{"idSuffix":"BDI-content"}},"wdio_ui5_key":"etmportal.ui.managepartners.view.NewPartnersap.m.Button{\"propertyName\":\"text\",\"key\":\"save\"}"}]}
RESULT: undefined
COMMAND: POST /session/885acd6bfe44f64c6e2485c8ef54779e/element - {"using":"xpath","value":"//*[@id=\"__button10\"]"}
RESULT: {}
RESULT: {"using":"xpath","value":"//*[@id=\"__button10\"]"}
COMMAND: POST /session/885acd6bfe44f64c6e2485c8ef54779e/element/f.F53CD083946FCE278F3961FDA51ABBA8.d.1D5C0E7172C916FCC0C1D65657C2A188.e.1573/click - {}
RESULT: {}
COMMAND: GET /session/885acd6bfe44f64c6e2485c8ef54779e/screenshot - {}
RESULT: {}
COMMAND: POST /session/885acd6bfe44f64c6e2485c8ef54779e/element - {"using":"xpath","value":"//header/div/div[2]/div[2]/span"}
RESULT: {"using":"xpath","value":"//header/div/div[2]/div[2]/span"}
COMMAND: POST /session/885acd6bfe44f64c6e2485c8ef54779e/elements - {"using":"xpath","value":"//header/div/div[2]/div[2]/span"}
RESULT: {"using":"xpath","value":"//header/div/div[2]/div[2]/span"}
COMMAND: POST /session/885acd6bfe44f64c6e2485c8ef54779e/execute/sync - {"script":"<script> [8489 bytes]","args":[{"element-6066-11e4-a52e-4f735466cecf":"f.F53CD083946FCE278F3961FDA51ABBA8.d.1D5C0E7172C916FCC0C1D65657C2A188.e.1776","ELEMENT":"f.F53CD083946FCE278F3961FDA51ABBA8.d.1D5C0E7172C916FCC0C1D65657C2A188.e.1776"}]}
RESULT: {"script":"<script> [8489 bytes]","args":[{"element-6066-11e4-a52e-4f735466cecf":"f.F53CD083946FCE278F3961FDA51ABBA8.d.1D5C0E7172C916FCC0C1D65657C2A188.e.1776","ELEMENT":"f.F53CD083946FCE278F3961FDA51ABBA8.d.1D5C0E7172C916FCC0C1D65657C2A188.e.1776"}]}
COMMAND: GET /session/885acd6bfe44f64c6e2485c8ef54779e/element/f.F53CD083946FCE278F3961FDA51ABBA8.d.1D5C0E7172C916FCC0C1D65657C2A188.e.1776/text - {}
COMMAND: GET /session/885acd6bfe44f64c6e2485c8ef54779e/screenshot - {}
RESULT: {}
COMMAND: POST /session/885acd6bfe44f64c6e2485c8ef54779e/element - {"using":"xpath","value":"//header/div/div/div/div/div/div[2]/div/span"}
RESULT: {}
RESULT: {"using":"xpath","value":"//header/div/div/div/div/div/div[2]/div/span"}
COMMAND: POST /session/885acd6bfe44f64c6e2485c8ef54779e/elements - {"using":"xpath","value":"//header/div/div/div/div/div/div[2]/div/span"}
RESULT: {"using":"xpath","value":"//header/div/div/div/div/div/div[2]/div/span"}
COMMAND: POST /session/885acd6bfe44f64c6e2485c8ef54779e/execute/sync - {"script":"<script> [8489 bytes]","args":[{"element-6066-11e4-a52e-4f735466cecf":"f.F53CD083946FCE278F3961FDA51ABBA8.d.1D5C0E7172C916FCC0C1D65657C2A188.e.1777","ELEMENT":"f.F53CD083946FCE278F3961FDA51ABBA8.d.1D5C0E7172C916FCC0C1D65657C2A188.e.1777"}]}
RESULT: {"script":"<script> [8489 bytes]","args":[{"element-6066-11e4-a52e-4f735466cecf":"f.F53CD083946FCE278F3961FDA51ABBA8.d.1D5C0E7172C916FCC0C1D65657C2A188.e.1777","ELEMENT":"f.F53CD083946FCE278F3961FDA51ABBA8.d.1D5C0E7172C916FCC0C1D65657C2A188.e.1777"}]}
COMMAND: GET /session/885acd6bfe44f64c6e2485c8ef54779e/element/f.F53CD083946FCE278F3961FDA51ABBA8.d.1D5C0E7172C916FCC0C1D65657C2A188.e.1777/text - {}
COMMAND: GET /session/885acd6bfe44f64c6e2485c8ef54779e/screenshot - {}
RESULT: {}
]]></system-out>
    </testcase>
    <testcase classname="chrome.135_0_7049_96.windows.Stock_increase_-_with_WHM_US125587" name="Should create WHM site" time="87.69">
      <system-out><![CDATA[
COMMAND: POST /session/885acd6bfe44f64c6e2485c8ef54779e/element - {"using":"css selector","value":"#shell-header-logo"}
RESULT: {}
RESULT: {"using":"css selector","value":"#shell-header-logo"}
COMMAND: POST /session/885acd6bfe44f64c6e2485c8ef54779e/element/f.F53CD083946FCE278F3961FDA51ABBA8.d.1D5C0E7172C916FCC0C1D65657C2A188.e.1109/click - {}
RESULT: {}
COMMAND: GET /session/885acd6bfe44f64c6e2485c8ef54779e/screenshot - {}
RESULT: {}
COMMAND: POST /session/885acd6bfe44f64c6e2485c8ef54779e/execute/async - {"script":"<script> [1562 bytes]","args":[{"selector":{"controlType":"sap.m.GenericTile","properties":{"header":"Manage Sites"}},"wdio_ui5_key":"sapm.GenericTile{\"header\":\"Manage Sites\"}"}]}
RESULT: {"script":"<script> [1562 bytes]","args":[{"selector":{"controlType":"sap.m.GenericTile","properties":{"header":"Manage Sites"}},"wdio_ui5_key":"sapm.GenericTile{\"header\":\"Manage Sites\"}"}]}
RESULT: undefined
COMMAND: POST /session/885acd6bfe44f64c6e2485c8ef54779e/element - {"using":"xpath","value":"//*[@id=\"__tile51\"]"}
RESULT: {"using":"xpath","value":"//*[@id=\"__tile51\"]"}
COMMAND: POST /session/885acd6bfe44f64c6e2485c8ef54779e/element/f.F53CD083946FCE278F3961FDA51ABBA8.d.1D5C0E7172C916FCC0C1D65657C2A188.e.1792/click - {}
RESULT: {}
COMMAND: GET /session/885acd6bfe44f64c6e2485c8ef54779e/screenshot - {}
RESULT: {}
COMMAND: POST /session/885acd6bfe44f64c6e2485c8ef54779e/execute/async - {"script":"<script> [1562 bytes]","args":[{"selector":{"controlType":"sap.ui.core.Icon","viewName":"etm.portal.ui.managesites.view.Master","viewId":"application-managesites-display-component---masterSite","properties":{"src":{"regex":{"source":"add"}}}},"wdio_ui5_key":"etmportal.ui.managesites.view.Mastersap.ui.core.Icon{\"src\":{\"regex\":{\"source\":\"add\"}}}"}]}
RESULT: {"script":"<script> [1562 bytes]","args":[{"selector":{"controlType":"sap.ui.core.Icon","viewName":"etm.portal.ui.managesites.view.Master","viewId":"application-managesites-display-component---masterSite","properties":{"src":{"regex":{"source":"add"}}}},"wdio_ui5_key":"etmportal.ui.managesites.view.Mastersap.ui.core.Icon{\"src\":{\"regex\":{\"source\":\"add\"}}}"}]}
RESULT: undefined
COMMAND: POST /session/885acd6bfe44f64c6e2485c8ef54779e/element - {"using":"xpath","value":"//*[@id=\"__button52-img\"]"}
RESULT: {"using":"xpath","value":"//*[@id=\"__button52-img\"]"}
COMMAND: POST /session/885acd6bfe44f64c6e2485c8ef54779e/element/f.F53CD083946FCE278F3961FDA51ABBA8.d.1D5C0E7172C916FCC0C1D65657C2A188.e.1842/click - {}
RESULT: {}
COMMAND: GET /session/885acd6bfe44f64c6e2485c8ef54779e/screenshot - {}
COMMAND: POST /session/885acd6bfe44f64c6e2485c8ef54779e/execute/async - {"script":"<script> [1562 bytes]","args":[{"selector":{"id":"application-managesites-display-component---NewSite--siteId","interaction":{"idSuffix":"inner"}},"wdio_ui5_key":"applicationmanagesites-display-component---NewSite--siteId"}]}
RESULT: {}
RESULT: {"script":"<script> [1562 bytes]","args":[{"selector":{"id":"application-managesites-display-component---NewSite--siteId","interaction":{"idSuffix":"inner"}},"wdio_ui5_key":"applicationmanagesites-display-component---NewSite--siteId"}]}
RESULT: undefined
COMMAND: POST /session/885acd6bfe44f64c6e2485c8ef54779e/execute/async - {"script":"<script> [1562 bytes]","args":[{"selector":{"controlType":"sap.m.Button","viewName":"etm.portal.ui.managesites.view.NewSmartSite","viewId":"application-managesites-display-component---NewSite","properties":{"text":"General Information"},"interaction":{"idSuffix":"BDI-content"}},"wdio_ui5_key":"etmportal.ui.managesites.view.NewSmartSitesap.m.Button{\"text\":\"General Information\"}"}]}
RESULT: {"script":"<script> [1562 bytes]","args":[{"selector":{"controlType":"sap.m.Button","viewName":"etm.portal.ui.managesites.view.NewSmartSite","viewId":"application-managesites-display-component---NewSite","properties":{"text":"General Information"},"interaction":{"idSuffix":"BDI-content"}},"wdio_ui5_key":"etmportal.ui.managesites.view.NewSmartSitesap.m.Button{\"text\":\"General Information\"}"}]}
RESULT: undefined
COMMAND: POST /session/885acd6bfe44f64c6e2485c8ef54779e/element - {"using":"xpath","value":"//*[@id=\"application-managesites-display-component---NewSite--ObjectPageLayout-anchBar-__section29-anchor\"]"}
RESULT: {"using":"xpath","value":"//*[@id=\"application-managesites-display-component---NewSite--ObjectPageLayout-anchBar-__section29-anchor\"]"}
COMMAND: POST /session/885acd6bfe44f64c6e2485c8ef54779e/element/f.F53CD083946FCE278F3961FDA51ABBA8.d.1D5C0E7172C916FCC0C1D65657C2A188.e.2236/click - {}
RESULT: {}
COMMAND: POST /session/885acd6bfe44f64c6e2485c8ef54779e/execute/async - {"script":"<script> [1562 bytes]","args":[{"selector":{"id":"application-managesites-display-component---NewSite--addressDetailDetailsName1","interaction":{"idSuffix":"inner"}},"wdio_ui5_key":"applicationmanagesites-display-component---NewSite--addressDetailDetailsName1"}]}
COMMAND: GET /session/885acd6bfe44f64c6e2485c8ef54779e/screenshot - {}
RESULT: {"script":"<script> [1562 bytes]","args":[{"selector":{"id":"application-managesites-display-component---NewSite--addressDetailDetailsName1","interaction":{"idSuffix":"inner"}},"wdio_ui5_key":"applicationmanagesites-display-component---NewSite--addressDetailDetailsName1"}]}
RESULT: undefined
COMMAND: POST /session/885acd6bfe44f64c6e2485c8ef54779e/execute/async - {"script":"<script> [776 bytes]","args":[{"enterText":"WebdriverWHMSitejugtw","selector":{"id":"application-managesites-display-component---NewSite--addressDetailDetailsName1","interaction":{"idSuffix":"inner"}},"clearTextFirst":true,"interactionType":"ENTER_TEXT"}]}
RESULT: {}
RESULT: {"script":"<script> [776 bytes]","args":[{"enterText":"WebdriverWHMSitejugtw","selector":{"id":"application-managesites-display-component---NewSite--addressDetailDetailsName1","interaction":{"idSuffix":"inner"}},"clearTextFirst":true,"interactionType":"ENTER_TEXT"}]}
COMMAND: POST /session/885acd6bfe44f64c6e2485c8ef54779e/execute/async - {"script":"<script> [1562 bytes]","args":[{"selector":{"id":"application-managesites-display-component---NewSite--addressDetailDetailsLanguage","interaction":{"idSuffix":"inner"}},"wdio_ui5_key":"applicationmanagesites-display-component---NewSite--addressDetailDetailsLanguage"}]}
RESULT: {"script":"<script> [1562 bytes]","args":[{"selector":{"id":"application-managesites-display-component---NewSite--addressDetailDetailsLanguage","interaction":{"idSuffix":"inner"}},"wdio_ui5_key":"applicationmanagesites-display-component---NewSite--addressDetailDetailsLanguage"}]}
RESULT: undefined
COMMAND: POST /session/885acd6bfe44f64c6e2485c8ef54779e/execute/async - {"script":"<script> [776 bytes]","args":[{"enterText":"Romanian","selector":{"id":"application-managesites-display-component---NewSite--addressDetailDetailsLanguage","interaction":{"idSuffix":"inner"}},"clearTextFirst":true,"interactionType":"ENTER_TEXT"}]}
RESULT: {"script":"<script> [776 bytes]","args":[{"enterText":"Romanian","selector":{"id":"application-managesites-display-component---NewSite--addressDetailDetailsLanguage","interaction":{"idSuffix":"inner"}},"clearTextFirst":true,"interactionType":"ENTER_TEXT"}]}
COMMAND: POST /session/885acd6bfe44f64c6e2485c8ef54779e/actions - {"actions":[{"id":"action6","type":"key","parameters":{},"actions":[{"type":"keyDown","value":"î€‡"},{"type":"pause","duration":10},{"type":"keyUp","value":"î€‡"}]}]}
RESULT: {"actions":[{"id":"action6","type":"key","parameters":{},"actions":[{"type":"keyDown","value":"î€‡"},{"type":"pause","duration":10},{"type":"keyUp","value":"î€‡"}]}]}
COMMAND: POST /session/885acd6bfe44f64c6e2485c8ef54779e/execute/async - {"script":"<script> [1562 bytes]","args":[{"selector":{"id":"application-managesites-display-component---NewSite--addressDetailDetailsCity1","interaction":{"idSuffix":"inner"}},"wdio_ui5_key":"applicationmanagesites-display-component---NewSite--addressDetailDetailsCity1"}]}
COMMAND: GET /session/885acd6bfe44f64c6e2485c8ef54779e/screenshot - {}
RESULT: {"script":"<script> [1562 bytes]","args":[{"selector":{"id":"application-managesites-display-component---NewSite--addressDetailDetailsCity1","interaction":{"idSuffix":"inner"}},"wdio_ui5_key":"applicationmanagesites-display-component---NewSite--addressDetailDetailsCity1"}]}
RESULT: undefined
COMMAND: POST /session/885acd6bfe44f64c6e2485c8ef54779e/execute/async - {"script":"<script> [776 bytes]","args":[{"enterText":"Bucharest","selector":{"id":"application-managesites-display-component---NewSite--addressDetailDetailsCity1","interaction":{"idSuffix":"inner"}},"clearTextFirst":true,"interactionType":"ENTER_TEXT"}]}
RESULT: {}
RESULT: {"script":"<script> [776 bytes]","args":[{"enterText":"Bucharest","selector":{"id":"application-managesites-display-component---NewSite--addressDetailDetailsCity1","interaction":{"idSuffix":"inner"}},"clearTextFirst":true,"interactionType":"ENTER_TEXT"}]}
COMMAND: POST /session/885acd6bfe44f64c6e2485c8ef54779e/actions - {"actions":[{"id":"action7","type":"key","parameters":{},"actions":[{"type":"keyDown","value":"î€‡"},{"type":"pause","duration":10},{"type":"keyUp","value":"î€‡"}]}]}
RESULT: {"actions":[{"id":"action7","type":"key","parameters":{},"actions":[{"type":"keyDown","value":"î€‡"},{"type":"pause","duration":10},{"type":"keyUp","value":"î€‡"}]}]}
COMMAND: POST /session/885acd6bfe44f64c6e2485c8ef54779e/execute/async - {"script":"<script> [1562 bytes]","args":[{"selector":{"id":"application-managesites-display-component---NewSite--addressDetailDetailsCountry","interaction":{"idSuffix":"inner"}},"wdio_ui5_key":"applicationmanagesites-display-component---NewSite--addressDetailDetailsCountry"}]}
COMMAND: GET /session/885acd6bfe44f64c6e2485c8ef54779e/screenshot - {}
RESULT: {"script":"<script> [1562 bytes]","args":[{"selector":{"id":"application-managesites-display-component---NewSite--addressDetailDetailsCountry","interaction":{"idSuffix":"inner"}},"wdio_ui5_key":"applicationmanagesites-display-component---NewSite--addressDetailDetailsCountry"}]}
RESULT: undefined
COMMAND: POST /session/885acd6bfe44f64c6e2485c8ef54779e/execute/async - {"script":"<script> [6424 bytes]","args":[{"element-6066-11e4-a52e-4f735466cecf":"f.F53CD083946FCE278F3961FDA51ABBA8.d.1D5C0E7172C916FCC0C1D65657C2A188.e.2054"},"setValue",["Romania"]]}
RESULT: {}
RESULT: {"script":"<script> [6424 bytes]","args":[{"element-6066-11e4-a52e-4f735466cecf":"f.F53CD083946FCE278F3961FDA51ABBA8.d.1D5C0E7172C916FCC0C1D65657C2A188.e.2054"},"setValue",["Romania"]]}
COMMAND: POST /session/885acd6bfe44f64c6e2485c8ef54779e/actions - {"actions":[{"id":"action8","type":"key","parameters":{},"actions":[{"type":"keyDown","value":"î€‡"},{"type":"pause","duration":10},{"type":"keyUp","value":"î€‡"}]}]}
RESULT: {"actions":[{"id":"action8","type":"key","parameters":{},"actions":[{"type":"keyDown","value":"î€‡"},{"type":"pause","duration":10},{"type":"keyUp","value":"î€‡"}]}]}
COMMAND: POST /session/885acd6bfe44f64c6e2485c8ef54779e/execute/async - {"script":"<script> [1562 bytes]","args":[{"selector":{"id":"application-managesites-display-component---NewSite--addressDetailDetailsCalendar","interaction":{"idSuffix":"inner"}},"wdio_ui5_key":"applicationmanagesites-display-component---NewSite--addressDetailDetailsCalendar"}]}
COMMAND: GET /session/885acd6bfe44f64c6e2485c8ef54779e/screenshot - {}
RESULT: {"script":"<script> [1562 bytes]","args":[{"selector":{"id":"application-managesites-display-component---NewSite--addressDetailDetailsCalendar","interaction":{"idSuffix":"inner"}},"wdio_ui5_key":"applicationmanagesites-display-component---NewSite--addressDetailDetailsCalendar"}]}
RESULT: undefined
COMMAND: POST /session/885acd6bfe44f64c6e2485c8ef54779e/execute/async - {"script":"<script> [776 bytes]","args":[{"enterText":"Germany","selector":{"id":"application-managesites-display-component---NewSite--addressDetailDetailsCalendar","interaction":{"idSuffix":"inner"}},"clearTextFirst":true,"interactionType":"ENTER_TEXT"}]}
RESULT: {}
RESULT: {"script":"<script> [776 bytes]","args":[{"enterText":"Germany","selector":{"id":"application-managesites-display-component---NewSite--addressDetailDetailsCalendar","interaction":{"idSuffix":"inner"}},"clearTextFirst":true,"interactionType":"ENTER_TEXT"}]}
COMMAND: POST /session/885acd6bfe44f64c6e2485c8ef54779e/actions - {"actions":[{"id":"action9","type":"key","parameters":{},"actions":[{"type":"keyDown","value":"î€‡"},{"type":"pause","duration":10},{"type":"keyUp","value":"î€‡"}]}]}
RESULT: {"actions":[{"id":"action9","type":"key","parameters":{},"actions":[{"type":"keyDown","value":"î€‡"},{"type":"pause","duration":10},{"type":"keyUp","value":"î€‡"}]}]}
COMMAND: POST /session/885acd6bfe44f64c6e2485c8ef54779e/execute/async - {"script":"<script> [1562 bytes]","args":[{"selector":{"id":"application-managesites-display-component---NewSite--addressEditDetailsCostObjectCstType","interaction":{"idSuffix":"inner"}},"wdio_ui5_key":"applicationmanagesites-display-component---NewSite--addressEditDetailsCostObjectCstType"}]}
COMMAND: GET /session/885acd6bfe44f64c6e2485c8ef54779e/screenshot - {}
RESULT: {}
RESULT: {"script":"<script> [1562 bytes]","args":[{"selector":{"id":"application-managesites-display-component---NewSite--addressEditDetailsCostObjectCstType","interaction":{"idSuffix":"inner"}},"wdio_ui5_key":"applicationmanagesites-display-component---NewSite--addressEditDetailsCostObjectCstType"}]}
RESULT: undefined
COMMAND: POST /session/885acd6bfe44f64c6e2485c8ef54779e/execute/async - {"script":"<script> [776 bytes]","args":[{"enterText":"Cost","selector":{"id":"application-managesites-display-component---NewSite--addressEditDetailsCostObjectCstType","interaction":{"idSuffix":"inner"}},"clearTextFirst":true,"interactionType":"ENTER_TEXT"}]}
RESULT: {"script":"<script> [776 bytes]","args":[{"enterText":"Cost","selector":{"id":"application-managesites-display-component---NewSite--addressEditDetailsCostObjectCstType","interaction":{"idSuffix":"inner"}},"clearTextFirst":true,"interactionType":"ENTER_TEXT"}]}
COMMAND: POST /session/885acd6bfe44f64c6e2485c8ef54779e/actions - {"actions":[{"id":"action10","type":"key","parameters":{},"actions":[{"type":"keyDown","value":"î€‡"},{"type":"pause","duration":10},{"type":"keyUp","value":"î€‡"}]}]}
RESULT: {"actions":[{"id":"action10","type":"key","parameters":{},"actions":[{"type":"keyDown","value":"î€‡"},{"type":"pause","duration":10},{"type":"keyUp","value":"î€‡"}]}]}
COMMAND: POST /session/885acd6bfe44f64c6e2485c8ef54779e/execute/async - {"script":"<script> [1562 bytes]","args":[{"selector":{"id":"application-managesites-display-component---NewSite--addressNewCostObjectCstID","interaction":{"idSuffix":"inner"}},"wdio_ui5_key":"applicationmanagesites-display-component---NewSite--addressNewCostObjectCstID"}]}
COMMAND: GET /session/885acd6bfe44f64c6e2485c8ef54779e/screenshot - {}
RESULT: {"script":"<script> [1562 bytes]","args":[{"selector":{"id":"application-managesites-display-component---NewSite--addressNewCostObjectCstID","interaction":{"idSuffix":"inner"}},"wdio_ui5_key":"applicationmanagesites-display-component---NewSite--addressNewCostObjectCstID"}]}
RESULT: undefined
COMMAND: POST /session/885acd6bfe44f64c6e2485c8ef54779e/execute/async - {"script":"<script> [776 bytes]","args":[{"enterText":"1001","selector":{"id":"application-managesites-display-component---NewSite--addressNewCostObjectCstID","interaction":{"idSuffix":"inner"}},"clearTextFirst":true,"interactionType":"ENTER_TEXT"}]}
RESULT: {}
RESULT: {"script":"<script> [776 bytes]","args":[{"enterText":"1001","selector":{"id":"application-managesites-display-component---NewSite--addressNewCostObjectCstID","interaction":{"idSuffix":"inner"}},"clearTextFirst":true,"interactionType":"ENTER_TEXT"}]}
COMMAND: POST /session/885acd6bfe44f64c6e2485c8ef54779e/actions - {"actions":[{"id":"action11","type":"key","parameters":{},"actions":[{"type":"keyDown","value":"î€‡"},{"type":"pause","duration":10},{"type":"keyUp","value":"î€‡"}]}]}
RESULT: {"actions":[{"id":"action11","type":"key","parameters":{},"actions":[{"type":"keyDown","value":"î€‡"},{"type":"pause","duration":10},{"type":"keyUp","value":"î€‡"}]}]}
COMMAND: POST /session/885acd6bfe44f64c6e2485c8ef54779e/element - {"using":"xpath","value":"//input[@id=\"application-managesites-display-component---NewSite--addressDetailDetailsYard-inner\"]"}
COMMAND: GET /session/885acd6bfe44f64c6e2485c8ef54779e/screenshot - {}
RESULT: {"using":"xpath","value":"//input[@id=\"application-managesites-display-component---NewSite--addressDetailDetailsYard-inner\"]"}
COMMAND: POST /session/885acd6bfe44f64c6e2485c8ef54779e/element/f.F53CD083946FCE278F3961FDA51ABBA8.d.1D5C0E7172C916FCC0C1D65657C2A188.e.2065/value - {"text":"481"}
RESULT: {}
RESULT: {"text":"481"}
COMMAND: GET /session/885acd6bfe44f64c6e2485c8ef54779e/screenshot - {}
RESULT: {}
COMMAND: POST /session/885acd6bfe44f64c6e2485c8ef54779e/actions - {"actions":[{"id":"action12","type":"key","parameters":{},"actions":[{"type":"keyDown","value":"î€‡"},{"type":"pause","duration":10},{"type":"keyUp","value":"î€‡"}]}]}
RESULT: {"actions":[{"id":"action12","type":"key","parameters":{},"actions":[{"type":"keyDown","value":"î€‡"},{"type":"pause","duration":10},{"type":"keyUp","value":"î€‡"}]}]}
COMMAND: GET /session/885acd6bfe44f64c6e2485c8ef54779e/screenshot - {}
RESULT: {}
COMMAND: POST /session/885acd6bfe44f64c6e2485c8ef54779e/element - {"using":"xpath","value":"//input[@id=\"application-managesites-display-component---NewSite--addressDetailDetailsPartner-inner\"]"}
RESULT: {"using":"xpath","value":"//input[@id=\"application-managesites-display-component---NewSite--addressDetailDetailsPartner-inner\"]"}
COMMAND: POST /session/885acd6bfe44f64c6e2485c8ef54779e/elements - {"using":"xpath","value":"//input[@id=\"application-managesites-display-component---NewSite--addressDetailDetailsPartner-inner\"]"}
RESULT: {"using":"xpath","value":"//input[@id=\"application-managesites-display-component---NewSite--addressDetailDetailsPartner-inner\"]"}
COMMAND: POST /session/885acd6bfe44f64c6e2485c8ef54779e/execute/async - {"script":"<script> [1562 bytes]","args":[{"selector":{"controlType":"sap.m.Button","viewName":"etm.portal.ui.managesites.view.NewSmartSite","viewId":"application-managesites-display-component---NewSite","properties":{"text":"Commercial"},"interaction":{"idSuffix":"BDI-content"}},"wdio_ui5_key":"etmportal.ui.managesites.view.NewSmartSitesap.m.Button{\"text\":\"Commercial\"}"}]}
RESULT: {"script":"<script> [1562 bytes]","args":[{"selector":{"controlType":"sap.m.Button","viewName":"etm.portal.ui.managesites.view.NewSmartSite","viewId":"application-managesites-display-component---NewSite","properties":{"text":"Commercial"},"interaction":{"idSuffix":"BDI-content"}},"wdio_ui5_key":"etmportal.ui.managesites.view.NewSmartSitesap.m.Button{\"text\":\"Commercial\"}"}]}
RESULT: undefined
COMMAND: POST /session/885acd6bfe44f64c6e2485c8ef54779e/element - {"using":"xpath","value":"//*[@id=\"application-managesites-display-component---NewSite--ObjectPageLayout-anchBar-__section31-anchor\"]"}
RESULT: {"using":"xpath","value":"//*[@id=\"application-managesites-display-component---NewSite--ObjectPageLayout-anchBar-__section31-anchor\"]"}
COMMAND: POST /session/885acd6bfe44f64c6e2485c8ef54779e/element/f.F53CD083946FCE278F3961FDA51ABBA8.d.1D5C0E7172C916FCC0C1D65657C2A188.e.2248/click - {}
RESULT: {}
COMMAND: POST /session/885acd6bfe44f64c6e2485c8ef54779e/execute/async - {"script":"<script> [1562 bytes]","args":[{"selector":{"id":"application-managesites-display-component---NewSite--siteWhmCheckBox-label","interaction":{"idSuffix":"bdi"}},"wdio_ui5_key":"applicationmanagesites-display-component---NewSite--siteWhmCheckBox-label"}]}
COMMAND: GET /session/885acd6bfe44f64c6e2485c8ef54779e/screenshot - {}
RESULT: {"script":"<script> [1562 bytes]","args":[{"selector":{"id":"application-managesites-display-component---NewSite--siteWhmCheckBox-label","interaction":{"idSuffix":"bdi"}},"wdio_ui5_key":"applicationmanagesites-display-component---NewSite--siteWhmCheckBox-label"}]}
RESULT: undefined
COMMAND: POST /session/885acd6bfe44f64c6e2485c8ef54779e/element - {"using":"xpath","value":"//*[@id=\"application-managesites-display-component---NewSite--siteWhmCheckBox-label\"]"}
RESULT: {}
RESULT: {"using":"xpath","value":"//*[@id=\"application-managesites-display-component---NewSite--siteWhmCheckBox-label\"]"}
COMMAND: POST /session/885acd6bfe44f64c6e2485c8ef54779e/element/f.F53CD083946FCE278F3961FDA51ABBA8.d.1D5C0E7172C916FCC0C1D65657C2A188.e.2262/click - {}
RESULT: {}
COMMAND: POST /session/885acd6bfe44f64c6e2485c8ef54779e/execute/async - {"script":"<script> [1562 bytes]","args":[{"selector":{"controlType":"sap.m.Button","viewName":"etm.portal.ui.managesites.view.NewSmartSite","viewId":"application-managesites-display-component---NewSite","i18NText":{"propertyName":"text","key":"save"},"interaction":{"idSuffix":"BDI-content"}},"wdio_ui5_key":"etmportal.ui.managesites.view.NewSmartSitesap.m.Button{\"propertyName\":\"text\",\"key\":\"save\"}"}]}
COMMAND: GET /session/885acd6bfe44f64c6e2485c8ef54779e/screenshot - {}
RESULT: {}
RESULT: {"script":"<script> [1562 bytes]","args":[{"selector":{"controlType":"sap.m.Button","viewName":"etm.portal.ui.managesites.view.NewSmartSite","viewId":"application-managesites-display-component---NewSite","i18NText":{"propertyName":"text","key":"save"},"interaction":{"idSuffix":"BDI-content"}},"wdio_ui5_key":"etmportal.ui.managesites.view.NewSmartSitesap.m.Button{\"propertyName\":\"text\",\"key\":\"save\"}"}]}
RESULT: undefined
COMMAND: POST /session/885acd6bfe44f64c6e2485c8ef54779e/element - {"using":"xpath","value":"//*[@id=\"__button64\"]"}
RESULT: {"using":"xpath","value":"//*[@id=\"__button64\"]"}
COMMAND: POST /session/885acd6bfe44f64c6e2485c8ef54779e/element/f.F53CD083946FCE278F3961FDA51ABBA8.d.1D5C0E7172C916FCC0C1D65657C2A188.e.2221/click - {}
RESULT: {}
COMMAND: GET /session/885acd6bfe44f64c6e2485c8ef54779e/screenshot - {}
RESULT: {}
COMMAND: POST /session/885acd6bfe44f64c6e2485c8ef54779e/element - {"using":"xpath","value":"//header/div/div[2]/div[2]/span"}
RESULT: {"using":"xpath","value":"//header/div/div[2]/div[2]/span"}
COMMAND: GET /session/885acd6bfe44f64c6e2485c8ef54779e/element/f.F53CD083946FCE278F3961FDA51ABBA8.d.1D5C0E7172C916FCC0C1D65657C2A188.e.2497/text - {}
RESULT: {}
COMMAND: POST /session/885acd6bfe44f64c6e2485c8ef54779e/execute/async - {"script":"<script> [1562 bytes]","args":[{"selector":{"id":"application-managesites-display-component---detailSite--addressDetailDetailsYardText"},"wdio_ui5_key":"applicationmanagesites-display-component---detailSite--addressDetailDetailsYardText"}]}
RESULT: {"script":"<script> [1562 bytes]","args":[{"selector":{"id":"application-managesites-display-component---detailSite--addressDetailDetailsYardText"},"wdio_ui5_key":"applicationmanagesites-display-component---detailSite--addressDetailDetailsYardText"}]}
RESULT: undefined
COMMAND: POST /session/885acd6bfe44f64c6e2485c8ef54779e/execute/async - {"script":"<script> [1562 bytes]","args":[{"selector":{"controlType":"sap.m.Label","viewName":"etm.portal.ui.managesites.view.Detail","viewId":"application-managesites-display-component---detailSite","i18NText":{"propertyName":"text","key":"status"}},"wdio_ui5_key":"etmportal.ui.managesites.view.Detailsap.m.Label{\"propertyName\":\"text\",\"key\":\"status\"}"}]}
RESULT: {"script":"<script> [1562 bytes]","args":[{"selector":{"controlType":"sap.m.Label","viewName":"etm.portal.ui.managesites.view.Detail","viewId":"application-managesites-display-component---detailSite","i18NText":{"propertyName":"text","key":"status"}},"wdio_ui5_key":"etmportal.ui.managesites.view.Detailsap.m.Label{\"propertyName\":\"text\",\"key\":\"status\"}"}]}
RESULT: undefined
COMMAND: POST /session/885acd6bfe44f64c6e2485c8ef54779e/execute/async - {"script":"<script> [6424 bytes]","args":[{"element-6066-11e4-a52e-4f735466cecf":"f.F53CD083946FCE278F3961FDA51ABBA8.d.1D5C0E7172C916FCC0C1D65657C2A188.e.2486"},"getText",[]]}
RESULT: {"script":"<script> [6424 bytes]","args":[{"element-6066-11e4-a52e-4f735466cecf":"f.F53CD083946FCE278F3961FDA51ABBA8.d.1D5C0E7172C916FCC0C1D65657C2A188.e.2486"},"getText",[]]}
COMMAND: POST /session/885acd6bfe44f64c6e2485c8ef54779e/execute/async - {"script":"<script> [1562 bytes]","args":[{"selector":{"id":"shell-header","interaction":{"idSuffix":"icon"}},"wdio_ui5_key":"shellheader"}]}
RESULT: {"script":"<script> [1562 bytes]","args":[{"selector":{"id":"shell-header","interaction":{"idSuffix":"icon"}},"wdio_ui5_key":"shellheader"}]}
RESULT: undefined
COMMAND: POST /session/885acd6bfe44f64c6e2485c8ef54779e/element - {"using":"xpath","value":"//*[@id=\"shell-header\"]"}
RESULT: {"using":"xpath","value":"//*[@id=\"shell-header\"]"}
COMMAND: POST /session/885acd6bfe44f64c6e2485c8ef54779e/element/f.F53CD083946FCE278F3961FDA51ABBA8.d.1D5C0E7172C916FCC0C1D65657C2A188.e.2498/click - {}
RESULT: {}
]]></system-out>
    </testcase>
    <testcase classname="chrome.135_0_7049_96.windows.Stock_increase_-_with_WHM_US125587" name="Create WHM material" time="240.626">
      <system-out><![CDATA[
COMMAND: POST /session/885acd6bfe44f64c6e2485c8ef54779e/element - {"using":"css selector","value":"#shell-header-logo"}
COMMAND: GET /session/885acd6bfe44f64c6e2485c8ef54779e/screenshot - {}
RESULT: {"using":"css selector","value":"#shell-header-logo"}
COMMAND: POST /session/885acd6bfe44f64c6e2485c8ef54779e/element/f.F53CD083946FCE278F3961FDA51ABBA8.d.1D5C0E7172C916FCC0C1D65657C2A188.e.1797/click - {}
RESULT: {}
RESULT: {}
COMMAND: GET /session/885acd6bfe44f64c6e2485c8ef54779e/screenshot - {}
RESULT: {}
COMMAND: POST /session/885acd6bfe44f64c6e2485c8ef54779e/execute/async - {"script":"<script> [1562 bytes]","args":[{"selector":{"controlType":"sap.m.GenericTile","properties":{"header":"Manage Resources"}},"wdio_ui5_key":"sapm.GenericTile{\"header\":\"Manage Resources\"}"}]}
RESULT: {"script":"<script> [1562 bytes]","args":[{"selector":{"controlType":"sap.m.GenericTile","properties":{"header":"Manage Resources"}},"wdio_ui5_key":"sapm.GenericTile{\"header\":\"Manage Resources\"}"}]}
RESULT: undefined
COMMAND: POST /session/885acd6bfe44f64c6e2485c8ef54779e/element - {"using":"xpath","value":"//*[@id=\"__tile50\"]"}
RESULT: {"using":"xpath","value":"//*[@id=\"__tile50\"]"}
COMMAND: POST /session/885acd6bfe44f64c6e2485c8ef54779e/element/f.F53CD083946FCE278F3961FDA51ABBA8.d.1D5C0E7172C916FCC0C1D65657C2A188.e.2503/click - {}
RESULT: {}
COMMAND: GET /session/885acd6bfe44f64c6e2485c8ef54779e/screenshot - {}
RESULT: {}
COMMAND: POST /session/885acd6bfe44f64c6e2485c8ef54779e/element - {"using":"xpath","value":"//button[@data-kt=\"addNewRUOverflowToolbarButton\"]"}
RESULT: {"using":"xpath","value":"//button[@data-kt=\"addNewRUOverflowToolbarButton\"]"}
COMMAND: POST /session/885acd6bfe44f64c6e2485c8ef54779e/element - {"using":"xpath","value":"//button[@data-kt=\"addNewRUOverflowToolbarButton\"]"}
RESULT: {"using":"xpath","value":"//button[@data-kt=\"addNewRUOverflowToolbarButton\"]"}
COMMAND: POST /session/885acd6bfe44f64c6e2485c8ef54779e/element - {"using":"xpath","value":"//button[@data-kt=\"addNewRUOverflowToolbarButton\"]"}
RESULT: {"using":"xpath","value":"//button[@data-kt=\"addNewRUOverflowToolbarButton\"]"}
COMMAND: POST /session/885acd6bfe44f64c6e2485c8ef54779e/element - {"using":"xpath","value":"//button[@data-kt=\"addNewRUOverflowToolbarButton\"]"}
COMMAND: POST /session/885acd6bfe44f64c6e2485c8ef54779e/execute/async - {"script":"<script> [1562 bytes]","args":[{"selector":{"controlType":"sap.ui.core.Icon","viewName":"etm.portal.ui.manageresources.view.Master","viewId":"application-manageresources-display-component---masterRU","properties":{"src":{"regex":{"source":"add"}}}},"wdio_ui5_key":"etmportal.ui.manageresources.view.Mastersap.ui.core.Icon{\"src\":{\"regex\":{\"source\":\"add\"}}}"}]}
RESULT: {"using":"xpath","value":"//button[@data-kt=\"addNewRUOverflowToolbarButton\"]"}
COMMAND: POST /session/885acd6bfe44f64c6e2485c8ef54779e/execute/sync - {"script":"<script> [8489 bytes]","args":[{"element-6066-11e4-a52e-4f735466cecf":"f.F53CD083946FCE278F3961FDA51ABBA8.d.1D5C0E7172C916FCC0C1D65657C2A188.e.2546","ELEMENT":"f.F53CD083946FCE278F3961FDA51ABBA8.d.1D5C0E7172C916FCC0C1D65657C2A188.e.2546"}]}
RESULT: {"script":"<script> [1562 bytes]","args":[{"selector":{"controlType":"sap.ui.core.Icon","viewName":"etm.portal.ui.manageresources.view.Master","viewId":"application-manageresources-display-component---masterRU","properties":{"src":{"regex":{"source":"add"}}}},"wdio_ui5_key":"etmportal.ui.manageresources.view.Mastersap.ui.core.Icon{\"src\":{\"regex\":{\"source\":\"add\"}}}"}]}
RESULT: undefined
COMMAND: POST /session/885acd6bfe44f64c6e2485c8ef54779e/element - {"using":"xpath","value":"//*[@id=\"__button108-img\"]"}
RESULT: {"script":"<script> [8489 bytes]","args":[{"element-6066-11e4-a52e-4f735466cecf":"f.F53CD083946FCE278F3961FDA51ABBA8.d.1D5C0E7172C916FCC0C1D65657C2A188.e.2546","ELEMENT":"f.F53CD083946FCE278F3961FDA51ABBA8.d.1D5C0E7172C916FCC0C1D65657C2A188.e.2546"}]}
COMMAND: GET /session/885acd6bfe44f64c6e2485c8ef54779e/screenshot - {}
RESULT: {"using":"xpath","value":"//*[@id=\"__button108-img\"]"}
COMMAND: POST /session/885acd6bfe44f64c6e2485c8ef54779e/element/f.F53CD083946FCE278F3961FDA51ABBA8.d.1D5C0E7172C916FCC0C1D65657C2A188.e.2548/click - {}
RESULT: {}
RESULT: {}
COMMAND: GET /session/885acd6bfe44f64c6e2485c8ef54779e/screenshot - {}
RESULT: {}
COMMAND: POST /session/885acd6bfe44f64c6e2485c8ef54779e/execute/async - {"script":"<script> [1562 bytes]","args":[{"selector":{"controlType":"sap.m.ComboBox","viewName":"reusables.view.manageresources.NewResourceUnit","viewId":"application-manageresources-display-component---newResourceUnit","bindingPath":{"path":"","propertyPath":"/RuTypes","modelName":"catalogModel"},"searchOpenDialogs":true},"wdio_ui5_key":"reusablesview.manageresources.NewResourceUnitsap.m.ComboBox{\"path\":\"\",\"propertyPath\":\"/RuTypes\",\"modelName\":\"catalogModel\"}"}]}
RESULT: {"script":"<script> [1562 bytes]","args":[{"selector":{"controlType":"sap.m.ComboBox","viewName":"reusables.view.manageresources.NewResourceUnit","viewId":"application-manageresources-display-component---newResourceUnit","bindingPath":{"path":"","propertyPath":"/RuTypes","modelName":"catalogModel"},"searchOpenDialogs":true},"wdio_ui5_key":"reusablesview.manageresources.NewResourceUnitsap.m.ComboBox{\"path\":\"\",\"propertyPath\":\"/RuTypes\",\"modelName\":\"catalogModel\"}"}]}
RESULT: undefined
COMMAND: POST /session/885acd6bfe44f64c6e2485c8ef54779e/execute/async - {"script":"<script> [1562 bytes]","args":[{"selector":{"controlType":"sap.m.ComboBox","viewName":"reusables.view.manageresources.NewResourceUnit","viewId":"application-manageresources-display-component---newResourceUnit","bindingPath":{"path":"","propertyPath":"/Yards","modelName":"catalogModel"},"searchOpenDialogs":true},"wdio_ui5_key":"reusablesview.manageresources.NewResourceUnitsap.m.ComboBox{\"path\":\"\",\"propertyPath\":\"/Yards\",\"modelName\":\"catalogModel\"}"}]}
RESULT: {"script":"<script> [1562 bytes]","args":[{"selector":{"controlType":"sap.m.ComboBox","viewName":"reusables.view.manageresources.NewResourceUnit","viewId":"application-manageresources-display-component---newResourceUnit","bindingPath":{"path":"","propertyPath":"/Yards","modelName":"catalogModel"},"searchOpenDialogs":true},"wdio_ui5_key":"reusablesview.manageresources.NewResourceUnitsap.m.ComboBox{\"path\":\"\",\"propertyPath\":\"/Yards\",\"modelName\":\"catalogModel\"}"}]}
RESULT: undefined
COMMAND: POST /session/885acd6bfe44f64c6e2485c8ef54779e/execute/async - {"script":"<script> [1562 bytes]","args":[{"selector":{"controlType":"etm.portal.ui.reusables.customControls.LiveSearchComboBox","viewName":"reusables.view.manageresources.NewResourceUnit","viewId":"application-manageresources-display-component---newResourceUnit","bindingPath":{"path":"","propertyPath":"/CatalogItems","modelName":"catalogModel"},"searchOpenDialogs":true},"wdio_ui5_key":"reusablesview.manageresources.NewResourceUnitetm.portal.ui.reusables.customControls.LiveSearchComboBox{\"path\":\"\",\"propertyPath\":\"/CatalogItems\",\"modelName\":\"catalogModel\"}"}]}
RESULT: {"script":"<script> [1562 bytes]","args":[{"selector":{"controlType":"etm.portal.ui.reusables.customControls.LiveSearchComboBox","viewName":"reusables.view.manageresources.NewResourceUnit","viewId":"application-manageresources-display-component---newResourceUnit","bindingPath":{"path":"","propertyPath":"/CatalogItems","modelName":"catalogModel"},"searchOpenDialogs":true},"wdio_ui5_key":"reusablesview.manageresources.NewResourceUnitetm.portal.ui.reusables.customControls.LiveSearchComboBox{\"path\":\"\",\"propertyPath\":\"/CatalogItems\",\"modelName\":\"catalogModel\"}"}]}
RESULT: undefined
COMMAND: POST /session/885acd6bfe44f64c6e2485c8ef54779e/element - {"using":"xpath","value":"//bdi[text()=\"OK\"]"}
RESULT: {"using":"xpath","value":"//bdi[text()=\"OK\"]"}
COMMAND: POST /session/885acd6bfe44f64c6e2485c8ef54779e/elements - {"using":"xpath","value":"//bdi[text()=\"OK\"]"}
RESULT: {"using":"xpath","value":"//bdi[text()=\"OK\"]"}
COMMAND: POST /session/885acd6bfe44f64c6e2485c8ef54779e/elements - {"using":"xpath","value":"//bdi[text()=\"OK\"]"}
RESULT: {"using":"xpath","value":"//bdi[text()=\"OK\"]"}
COMMAND: POST /session/885acd6bfe44f64c6e2485c8ef54779e/elements - {"using":"xpath","value":"//bdi[text()=\"OK\"]"}
RESULT: {"using":"xpath","value":"//bdi[text()=\"OK\"]"}
COMMAND: POST /session/885acd6bfe44f64c6e2485c8ef54779e/elements - {"using":"xpath","value":"//bdi[text()=\"OK\"]"}
RESULT: {"using":"xpath","value":"//bdi[text()=\"OK\"]"}
COMMAND: POST /session/885acd6bfe44f64c6e2485c8ef54779e/elements - {"using":"xpath","value":"//bdi[text()=\"OK\"]"}
RESULT: {"using":"xpath","value":"//bdi[text()=\"OK\"]"}
COMMAND: POST /session/885acd6bfe44f64c6e2485c8ef54779e/elements - {"using":"xpath","value":"//bdi[text()=\"OK\"]"}
RESULT: {"using":"xpath","value":"//bdi[text()=\"OK\"]"}
COMMAND: POST /session/885acd6bfe44f64c6e2485c8ef54779e/elements - {"using":"xpath","value":"//bdi[text()=\"OK\"]"}
RESULT: {"using":"xpath","value":"//bdi[text()=\"OK\"]"}
COMMAND: POST /session/885acd6bfe44f64c6e2485c8ef54779e/elements - {"using":"xpath","value":"//bdi[text()=\"OK\"]"}
RESULT: {"using":"xpath","value":"//bdi[text()=\"OK\"]"}
COMMAND: POST /session/885acd6bfe44f64c6e2485c8ef54779e/elements - {"using":"xpath","value":"//bdi[text()=\"OK\"]"}
RESULT: {"using":"xpath","value":"//bdi[text()=\"OK\"]"}
COMMAND: POST /session/885acd6bfe44f64c6e2485c8ef54779e/elements - {"using":"xpath","value":"//bdi[text()=\"OK\"]"}
RESULT: {"using":"xpath","value":"//bdi[text()=\"OK\"]"}
COMMAND: POST /session/885acd6bfe44f64c6e2485c8ef54779e/elements - {"using":"xpath","value":"//bdi[text()=\"OK\"]"}
RESULT: {"using":"xpath","value":"//bdi[text()=\"OK\"]"}
COMMAND: POST /session/885acd6bfe44f64c6e2485c8ef54779e/elements - {"using":"xpath","value":"//bdi[text()=\"OK\"]"}
RESULT: {"using":"xpath","value":"//bdi[text()=\"OK\"]"}
COMMAND: POST /session/885acd6bfe44f64c6e2485c8ef54779e/elements - {"using":"xpath","value":"//bdi[text()=\"OK\"]"}
RESULT: {"using":"xpath","value":"//bdi[text()=\"OK\"]"}
COMMAND: POST /session/885acd6bfe44f64c6e2485c8ef54779e/elements - {"using":"xpath","value":"//bdi[text()=\"OK\"]"}
RESULT: {"using":"xpath","value":"//bdi[text()=\"OK\"]"}
COMMAND: POST /session/885acd6bfe44f64c6e2485c8ef54779e/elements - {"using":"xpath","value":"//bdi[text()=\"OK\"]"}
RESULT: {"using":"xpath","value":"//bdi[text()=\"OK\"]"}
COMMAND: POST /session/885acd6bfe44f64c6e2485c8ef54779e/elements - {"using":"xpath","value":"//bdi[text()=\"OK\"]"}
RESULT: {"using":"xpath","value":"//bdi[text()=\"OK\"]"}
COMMAND: POST /session/885acd6bfe44f64c6e2485c8ef54779e/elements - {"using":"xpath","value":"//bdi[text()=\"OK\"]"}
RESULT: {"using":"xpath","value":"//bdi[text()=\"OK\"]"}
COMMAND: POST /session/885acd6bfe44f64c6e2485c8ef54779e/elements - {"using":"xpath","value":"//bdi[text()=\"OK\"]"}
RESULT: {"using":"xpath","value":"//bdi[text()=\"OK\"]"}
COMMAND: POST /session/885acd6bfe44f64c6e2485c8ef54779e/elements - {"using":"xpath","value":"//bdi[text()=\"OK\"]"}
RESULT: {"using":"xpath","value":"//bdi[text()=\"OK\"]"}
COMMAND: POST /session/885acd6bfe44f64c6e2485c8ef54779e/elements - {"using":"xpath","value":"//bdi[text()=\"OK\"]"}
RESULT: {"using":"xpath","value":"//bdi[text()=\"OK\"]"}
COMMAND: POST /session/885acd6bfe44f64c6e2485c8ef54779e/elements - {"using":"xpath","value":"//bdi[text()=\"OK\"]"}
RESULT: {"using":"xpath","value":"//bdi[text()=\"OK\"]"}
COMMAND: POST /session/885acd6bfe44f64c6e2485c8ef54779e/elements - {"using":"xpath","value":"//bdi[text()=\"OK\"]"}
RESULT: {"using":"xpath","value":"//bdi[text()=\"OK\"]"}
COMMAND: POST /session/885acd6bfe44f64c6e2485c8ef54779e/elements - {"using":"xpath","value":"//bdi[text()=\"OK\"]"}
RESULT: {"using":"xpath","value":"//bdi[text()=\"OK\"]"}
COMMAND: POST /session/885acd6bfe44f64c6e2485c8ef54779e/elements - {"using":"xpath","value":"//bdi[text()=\"OK\"]"}
RESULT: {"using":"xpath","value":"//bdi[text()=\"OK\"]"}
COMMAND: POST /session/885acd6bfe44f64c6e2485c8ef54779e/elements - {"using":"xpath","value":"//bdi[text()=\"OK\"]"}
RESULT: {"using":"xpath","value":"//bdi[text()=\"OK\"]"}
COMMAND: POST /session/885acd6bfe44f64c6e2485c8ef54779e/elements - {"using":"xpath","value":"//bdi[text()=\"OK\"]"}
RESULT: {"using":"xpath","value":"//bdi[text()=\"OK\"]"}
COMMAND: POST /session/885acd6bfe44f64c6e2485c8ef54779e/elements - {"using":"xpath","value":"//bdi[text()=\"OK\"]"}
RESULT: {"using":"xpath","value":"//bdi[text()=\"OK\"]"}
COMMAND: POST /session/885acd6bfe44f64c6e2485c8ef54779e/elements - {"using":"xpath","value":"//bdi[text()=\"OK\"]"}
RESULT: {"using":"xpath","value":"//bdi[text()=\"OK\"]"}
COMMAND: POST /session/885acd6bfe44f64c6e2485c8ef54779e/elements - {"using":"xpath","value":"//bdi[text()=\"OK\"]"}
RESULT: {"using":"xpath","value":"//bdi[text()=\"OK\"]"}
COMMAND: POST /session/885acd6bfe44f64c6e2485c8ef54779e/elements - {"using":"xpath","value":"//bdi[text()=\"OK\"]"}
RESULT: {"using":"xpath","value":"//bdi[text()=\"OK\"]"}
COMMAND: POST /session/885acd6bfe44f64c6e2485c8ef54779e/elements - {"using":"xpath","value":"//bdi[text()=\"OK\"]"}
RESULT: {"using":"xpath","value":"//bdi[text()=\"OK\"]"}
COMMAND: POST /session/885acd6bfe44f64c6e2485c8ef54779e/elements - {"using":"xpath","value":"//bdi[text()=\"OK\"]"}
RESULT: {"using":"xpath","value":"//bdi[text()=\"OK\"]"}
COMMAND: POST /session/885acd6bfe44f64c6e2485c8ef54779e/elements - {"using":"xpath","value":"//bdi[text()=\"OK\"]"}
RESULT: {"using":"xpath","value":"//bdi[text()=\"OK\"]"}
COMMAND: POST /session/885acd6bfe44f64c6e2485c8ef54779e/elements - {"using":"xpath","value":"//bdi[text()=\"OK\"]"}
RESULT: {"using":"xpath","value":"//bdi[text()=\"OK\"]"}
COMMAND: POST /session/885acd6bfe44f64c6e2485c8ef54779e/elements - {"using":"xpath","value":"//bdi[text()=\"OK\"]"}
RESULT: {"using":"xpath","value":"//bdi[text()=\"OK\"]"}
COMMAND: POST /session/885acd6bfe44f64c6e2485c8ef54779e/elements - {"using":"xpath","value":"//bdi[text()=\"OK\"]"}
RESULT: {"using":"xpath","value":"//bdi[text()=\"OK\"]"}
COMMAND: POST /session/885acd6bfe44f64c6e2485c8ef54779e/elements - {"using":"xpath","value":"//bdi[text()=\"OK\"]"}
RESULT: {"using":"xpath","value":"//bdi[text()=\"OK\"]"}
COMMAND: POST /session/885acd6bfe44f64c6e2485c8ef54779e/elements - {"using":"xpath","value":"//bdi[text()=\"OK\"]"}
RESULT: {"using":"xpath","value":"//bdi[text()=\"OK\"]"}
COMMAND: POST /session/885acd6bfe44f64c6e2485c8ef54779e/elements - {"using":"xpath","value":"//bdi[text()=\"OK\"]"}
RESULT: {"using":"xpath","value":"//bdi[text()=\"OK\"]"}
COMMAND: POST /session/885acd6bfe44f64c6e2485c8ef54779e/elements - {"using":"xpath","value":"//bdi[text()=\"OK\"]"}
RESULT: {"using":"xpath","value":"//bdi[text()=\"OK\"]"}
COMMAND: POST /session/885acd6bfe44f64c6e2485c8ef54779e/elements - {"using":"xpath","value":"//bdi[text()=\"OK\"]"}
RESULT: {"using":"xpath","value":"//bdi[text()=\"OK\"]"}
COMMAND: POST /session/885acd6bfe44f64c6e2485c8ef54779e/elements - {"using":"xpath","value":"//bdi[text()=\"OK\"]"}
RESULT: {"using":"xpath","value":"//bdi[text()=\"OK\"]"}
COMMAND: POST /session/885acd6bfe44f64c6e2485c8ef54779e/elements - {"using":"xpath","value":"//bdi[text()=\"OK\"]"}
RESULT: {"using":"xpath","value":"//bdi[text()=\"OK\"]"}
COMMAND: POST /session/885acd6bfe44f64c6e2485c8ef54779e/elements - {"using":"xpath","value":"//bdi[text()=\"OK\"]"}
RESULT: {"using":"xpath","value":"//bdi[text()=\"OK\"]"}
COMMAND: POST /session/885acd6bfe44f64c6e2485c8ef54779e/elements - {"using":"xpath","value":"//bdi[text()=\"OK\"]"}
RESULT: {"using":"xpath","value":"//bdi[text()=\"OK\"]"}
COMMAND: POST /session/885acd6bfe44f64c6e2485c8ef54779e/elements - {"using":"xpath","value":"//bdi[text()=\"OK\"]"}
RESULT: {"using":"xpath","value":"//bdi[text()=\"OK\"]"}
COMMAND: POST /session/885acd6bfe44f64c6e2485c8ef54779e/elements - {"using":"xpath","value":"//bdi[text()=\"OK\"]"}
RESULT: {"using":"xpath","value":"//bdi[text()=\"OK\"]"}
COMMAND: POST /session/885acd6bfe44f64c6e2485c8ef54779e/elements - {"using":"xpath","value":"//bdi[text()=\"OK\"]"}
RESULT: {"using":"xpath","value":"//bdi[text()=\"OK\"]"}
COMMAND: POST /session/885acd6bfe44f64c6e2485c8ef54779e/elements - {"using":"xpath","value":"//bdi[text()=\"OK\"]"}
RESULT: {"using":"xpath","value":"//bdi[text()=\"OK\"]"}
COMMAND: POST /session/885acd6bfe44f64c6e2485c8ef54779e/elements - {"using":"xpath","value":"//bdi[text()=\"OK\"]"}
RESULT: {"using":"xpath","value":"//bdi[text()=\"OK\"]"}
COMMAND: POST /session/885acd6bfe44f64c6e2485c8ef54779e/elements - {"using":"xpath","value":"//bdi[text()=\"OK\"]"}
RESULT: {"using":"xpath","value":"//bdi[text()=\"OK\"]"}
COMMAND: POST /session/885acd6bfe44f64c6e2485c8ef54779e/elements - {"using":"xpath","value":"//bdi[text()=\"OK\"]"}
RESULT: {"using":"xpath","value":"//bdi[text()=\"OK\"]"}
COMMAND: POST /session/885acd6bfe44f64c6e2485c8ef54779e/elements - {"using":"xpath","value":"//bdi[text()=\"OK\"]"}
RESULT: {"using":"xpath","value":"//bdi[text()=\"OK\"]"}
COMMAND: POST /session/885acd6bfe44f64c6e2485c8ef54779e/elements - {"using":"xpath","value":"//bdi[text()=\"OK\"]"}
RESULT: {"using":"xpath","value":"//bdi[text()=\"OK\"]"}
COMMAND: POST /session/885acd6bfe44f64c6e2485c8ef54779e/elements - {"using":"xpath","value":"//bdi[text()=\"OK\"]"}
RESULT: {"using":"xpath","value":"//bdi[text()=\"OK\"]"}
COMMAND: POST /session/885acd6bfe44f64c6e2485c8ef54779e/elements - {"using":"xpath","value":"//bdi[text()=\"OK\"]"}
RESULT: {"using":"xpath","value":"//bdi[text()=\"OK\"]"}
COMMAND: POST /session/885acd6bfe44f64c6e2485c8ef54779e/elements - {"using":"xpath","value":"//bdi[text()=\"OK\"]"}
RESULT: {"using":"xpath","value":"//bdi[text()=\"OK\"]"}
COMMAND: POST /session/885acd6bfe44f64c6e2485c8ef54779e/elements - {"using":"xpath","value":"//bdi[text()=\"OK\"]"}
RESULT: {"using":"xpath","value":"//bdi[text()=\"OK\"]"}
COMMAND: POST /session/885acd6bfe44f64c6e2485c8ef54779e/elements - {"using":"xpath","value":"//bdi[text()=\"OK\"]"}
RESULT: {"using":"xpath","value":"//bdi[text()=\"OK\"]"}
COMMAND: POST /session/885acd6bfe44f64c6e2485c8ef54779e/elements - {"using":"xpath","value":"//bdi[text()=\"OK\"]"}
RESULT: {"using":"xpath","value":"//bdi[text()=\"OK\"]"}
COMMAND: POST /session/885acd6bfe44f64c6e2485c8ef54779e/elements - {"using":"xpath","value":"//bdi[text()=\"OK\"]"}
RESULT: {"using":"xpath","value":"//bdi[text()=\"OK\"]"}
COMMAND: POST /session/885acd6bfe44f64c6e2485c8ef54779e/elements - {"using":"xpath","value":"//bdi[text()=\"OK\"]"}
RESULT: {"using":"xpath","value":"//bdi[text()=\"OK\"]"}
COMMAND: POST /session/885acd6bfe44f64c6e2485c8ef54779e/elements - {"using":"xpath","value":"//bdi[text()=\"OK\"]"}
RESULT: {"using":"xpath","value":"//bdi[text()=\"OK\"]"}
COMMAND: POST /session/885acd6bfe44f64c6e2485c8ef54779e/elements - {"using":"xpath","value":"//bdi[text()=\"OK\"]"}
RESULT: {"using":"xpath","value":"//bdi[text()=\"OK\"]"}
COMMAND: POST /session/885acd6bfe44f64c6e2485c8ef54779e/elements - {"using":"xpath","value":"//bdi[text()=\"OK\"]"}
RESULT: {"using":"xpath","value":"//bdi[text()=\"OK\"]"}
COMMAND: POST /session/885acd6bfe44f64c6e2485c8ef54779e/elements - {"using":"xpath","value":"//bdi[text()=\"OK\"]"}
RESULT: {"using":"xpath","value":"//bdi[text()=\"OK\"]"}
COMMAND: POST /session/885acd6bfe44f64c6e2485c8ef54779e/elements - {"using":"xpath","value":"//bdi[text()=\"OK\"]"}
RESULT: {"using":"xpath","value":"//bdi[text()=\"OK\"]"}
COMMAND: POST /session/885acd6bfe44f64c6e2485c8ef54779e/elements - {"using":"xpath","value":"//bdi[text()=\"OK\"]"}
RESULT: {"using":"xpath","value":"//bdi[text()=\"OK\"]"}
COMMAND: POST /session/885acd6bfe44f64c6e2485c8ef54779e/elements - {"using":"xpath","value":"//bdi[text()=\"OK\"]"}
RESULT: {"using":"xpath","value":"//bdi[text()=\"OK\"]"}
COMMAND: POST /session/885acd6bfe44f64c6e2485c8ef54779e/elements - {"using":"xpath","value":"//bdi[text()=\"OK\"]"}
RESULT: {"using":"xpath","value":"//bdi[text()=\"OK\"]"}
COMMAND: POST /session/885acd6bfe44f64c6e2485c8ef54779e/elements - {"using":"xpath","value":"//bdi[text()=\"OK\"]"}
RESULT: {"using":"xpath","value":"//bdi[text()=\"OK\"]"}
COMMAND: POST /session/885acd6bfe44f64c6e2485c8ef54779e/elements - {"using":"xpath","value":"//bdi[text()=\"OK\"]"}
RESULT: {"using":"xpath","value":"//bdi[text()=\"OK\"]"}
COMMAND: POST /session/885acd6bfe44f64c6e2485c8ef54779e/elements - {"using":"xpath","value":"//bdi[text()=\"OK\"]"}
RESULT: {"using":"xpath","value":"//bdi[text()=\"OK\"]"}
COMMAND: POST /session/885acd6bfe44f64c6e2485c8ef54779e/elements - {"using":"xpath","value":"//bdi[text()=\"OK\"]"}
RESULT: {"using":"xpath","value":"//bdi[text()=\"OK\"]"}
COMMAND: POST /session/885acd6bfe44f64c6e2485c8ef54779e/elements - {"using":"xpath","value":"//bdi[text()=\"OK\"]"}
RESULT: {"using":"xpath","value":"//bdi[text()=\"OK\"]"}
COMMAND: POST /session/885acd6bfe44f64c6e2485c8ef54779e/elements - {"using":"xpath","value":"//bdi[text()=\"OK\"]"}
RESULT: {"using":"xpath","value":"//bdi[text()=\"OK\"]"}
COMMAND: POST /session/885acd6bfe44f64c6e2485c8ef54779e/elements - {"using":"xpath","value":"//bdi[text()=\"OK\"]"}
RESULT: {"using":"xpath","value":"//bdi[text()=\"OK\"]"}
COMMAND: POST /session/885acd6bfe44f64c6e2485c8ef54779e/elements - {"using":"xpath","value":"//bdi[text()=\"OK\"]"}
RESULT: {"using":"xpath","value":"//bdi[text()=\"OK\"]"}
COMMAND: POST /session/885acd6bfe44f64c6e2485c8ef54779e/elements - {"using":"xpath","value":"//bdi[text()=\"OK\"]"}
RESULT: {"using":"xpath","value":"//bdi[text()=\"OK\"]"}
COMMAND: POST /session/885acd6bfe44f64c6e2485c8ef54779e/elements - {"using":"xpath","value":"//bdi[text()=\"OK\"]"}
RESULT: {"using":"xpath","value":"//bdi[text()=\"OK\"]"}
COMMAND: POST /session/885acd6bfe44f64c6e2485c8ef54779e/elements - {"using":"xpath","value":"//bdi[text()=\"OK\"]"}
RESULT: {"using":"xpath","value":"//bdi[text()=\"OK\"]"}
COMMAND: POST /session/885acd6bfe44f64c6e2485c8ef54779e/elements - {"using":"xpath","value":"//bdi[text()=\"OK\"]"}
RESULT: {"using":"xpath","value":"//bdi[text()=\"OK\"]"}
COMMAND: POST /session/885acd6bfe44f64c6e2485c8ef54779e/elements - {"using":"xpath","value":"//bdi[text()=\"OK\"]"}
RESULT: {"using":"xpath","value":"//bdi[text()=\"OK\"]"}
COMMAND: POST /session/885acd6bfe44f64c6e2485c8ef54779e/elements - {"using":"xpath","value":"//bdi[text()=\"OK\"]"}
RESULT: {"using":"xpath","value":"//bdi[text()=\"OK\"]"}
COMMAND: POST /session/885acd6bfe44f64c6e2485c8ef54779e/elements - {"using":"xpath","value":"//bdi[text()=\"OK\"]"}
RESULT: {"using":"xpath","value":"//bdi[text()=\"OK\"]"}
COMMAND: POST /session/885acd6bfe44f64c6e2485c8ef54779e/elements - {"using":"xpath","value":"//bdi[text()=\"OK\"]"}
RESULT: {"using":"xpath","value":"//bdi[text()=\"OK\"]"}
COMMAND: POST /session/885acd6bfe44f64c6e2485c8ef54779e/elements - {"using":"xpath","value":"//bdi[text()=\"OK\"]"}
RESULT: {"using":"xpath","value":"//bdi[text()=\"OK\"]"}
COMMAND: POST /session/885acd6bfe44f64c6e2485c8ef54779e/elements - {"using":"xpath","value":"//bdi[text()=\"OK\"]"}
RESULT: {"using":"xpath","value":"//bdi[text()=\"OK\"]"}
COMMAND: POST /session/885acd6bfe44f64c6e2485c8ef54779e/elements - {"using":"xpath","value":"//bdi[text()=\"OK\"]"}
RESULT: {"using":"xpath","value":"//bdi[text()=\"OK\"]"}
COMMAND: POST /session/885acd6bfe44f64c6e2485c8ef54779e/elements - {"using":"xpath","value":"//bdi[text()=\"OK\"]"}
RESULT: {"using":"xpath","value":"//bdi[text()=\"OK\"]"}
COMMAND: POST /session/885acd6bfe44f64c6e2485c8ef54779e/elements - {"using":"xpath","value":"//bdi[text()=\"OK\"]"}
RESULT: {"using":"xpath","value":"//bdi[text()=\"OK\"]"}
COMMAND: POST /session/885acd6bfe44f64c6e2485c8ef54779e/elements - {"using":"xpath","value":"//bdi[text()=\"OK\"]"}
RESULT: {"using":"xpath","value":"//bdi[text()=\"OK\"]"}
COMMAND: POST /session/885acd6bfe44f64c6e2485c8ef54779e/elements - {"using":"xpath","value":"//bdi[text()=\"OK\"]"}
RESULT: {"using":"xpath","value":"//bdi[text()=\"OK\"]"}
COMMAND: POST /session/885acd6bfe44f64c6e2485c8ef54779e/elements - {"using":"xpath","value":"//bdi[text()=\"OK\"]"}
RESULT: {"using":"xpath","value":"//bdi[text()=\"OK\"]"}
COMMAND: POST /session/885acd6bfe44f64c6e2485c8ef54779e/elements - {"using":"xpath","value":"//bdi[text()=\"OK\"]"}
RESULT: {"using":"xpath","value":"//bdi[text()=\"OK\"]"}
COMMAND: POST /session/885acd6bfe44f64c6e2485c8ef54779e/elements - {"using":"xpath","value":"//bdi[text()=\"OK\"]"}
RESULT: {"using":"xpath","value":"//bdi[text()=\"OK\"]"}
COMMAND: POST /session/885acd6bfe44f64c6e2485c8ef54779e/elements - {"using":"xpath","value":"//bdi[text()=\"OK\"]"}
RESULT: {"using":"xpath","value":"//bdi[text()=\"OK\"]"}
COMMAND: POST /session/885acd6bfe44f64c6e2485c8ef54779e/elements - {"using":"xpath","value":"//bdi[text()=\"OK\"]"}
RESULT: {"using":"xpath","value":"//bdi[text()=\"OK\"]"}
COMMAND: POST /session/885acd6bfe44f64c6e2485c8ef54779e/elements - {"using":"xpath","value":"//bdi[text()=\"OK\"]"}
RESULT: {"using":"xpath","value":"//bdi[text()=\"OK\"]"}
COMMAND: POST /session/885acd6bfe44f64c6e2485c8ef54779e/elements - {"using":"xpath","value":"//bdi[text()=\"OK\"]"}
RESULT: {"using":"xpath","value":"//bdi[text()=\"OK\"]"}
COMMAND: POST /session/885acd6bfe44f64c6e2485c8ef54779e/elements - {"using":"xpath","value":"//bdi[text()=\"OK\"]"}
RESULT: {"using":"xpath","value":"//bdi[text()=\"OK\"]"}
COMMAND: POST /session/885acd6bfe44f64c6e2485c8ef54779e/elements - {"using":"xpath","value":"//bdi[text()=\"OK\"]"}
RESULT: {"using":"xpath","value":"//bdi[text()=\"OK\"]"}
COMMAND: POST /session/885acd6bfe44f64c6e2485c8ef54779e/elements - {"using":"xpath","value":"//bdi[text()=\"OK\"]"}
RESULT: {"using":"xpath","value":"//bdi[text()=\"OK\"]"}
COMMAND: POST /session/885acd6bfe44f64c6e2485c8ef54779e/elements - {"using":"xpath","value":"//bdi[text()=\"OK\"]"}
RESULT: {"using":"xpath","value":"//bdi[text()=\"OK\"]"}
COMMAND: POST /session/885acd6bfe44f64c6e2485c8ef54779e/elements - {"using":"xpath","value":"//bdi[text()=\"OK\"]"}
RESULT: {"using":"xpath","value":"//bdi[text()=\"OK\"]"}
COMMAND: POST /session/885acd6bfe44f64c6e2485c8ef54779e/elements - {"using":"xpath","value":"//bdi[text()=\"OK\"]"}
RESULT: {"using":"xpath","value":"//bdi[text()=\"OK\"]"}
COMMAND: POST /session/885acd6bfe44f64c6e2485c8ef54779e/elements - {"using":"xpath","value":"//bdi[text()=\"OK\"]"}
RESULT: {"using":"xpath","value":"//bdi[text()=\"OK\"]"}
COMMAND: POST /session/885acd6bfe44f64c6e2485c8ef54779e/elements - {"using":"xpath","value":"//bdi[text()=\"OK\"]"}
RESULT: {"using":"xpath","value":"//bdi[text()=\"OK\"]"}
COMMAND: POST /session/885acd6bfe44f64c6e2485c8ef54779e/elements - {"using":"xpath","value":"//bdi[text()=\"OK\"]"}
RESULT: {"using":"xpath","value":"//bdi[text()=\"OK\"]"}
COMMAND: POST /session/885acd6bfe44f64c6e2485c8ef54779e/elements - {"using":"xpath","value":"//bdi[text()=\"OK\"]"}
RESULT: {"using":"xpath","value":"//bdi[text()=\"OK\"]"}
COMMAND: POST /session/885acd6bfe44f64c6e2485c8ef54779e/elements - {"using":"xpath","value":"//bdi[text()=\"OK\"]"}
RESULT: {"using":"xpath","value":"//bdi[text()=\"OK\"]"}
COMMAND: POST /session/885acd6bfe44f64c6e2485c8ef54779e/elements - {"using":"xpath","value":"//bdi[text()=\"OK\"]"}
RESULT: {"using":"xpath","value":"//bdi[text()=\"OK\"]"}
COMMAND: POST /session/885acd6bfe44f64c6e2485c8ef54779e/elements - {"using":"xpath","value":"//bdi[text()=\"OK\"]"}
RESULT: {"using":"xpath","value":"//bdi[text()=\"OK\"]"}
COMMAND: POST /session/885acd6bfe44f64c6e2485c8ef54779e/elements - {"using":"xpath","value":"//bdi[text()=\"OK\"]"}
RESULT: {"using":"xpath","value":"//bdi[text()=\"OK\"]"}
COMMAND: POST /session/885acd6bfe44f64c6e2485c8ef54779e/elements - {"using":"xpath","value":"//bdi[text()=\"OK\"]"}
RESULT: {"using":"xpath","value":"//bdi[text()=\"OK\"]"}
COMMAND: POST /session/885acd6bfe44f64c6e2485c8ef54779e/elements - {"using":"xpath","value":"//bdi[text()=\"OK\"]"}
RESULT: {"using":"xpath","value":"//bdi[text()=\"OK\"]"}
COMMAND: POST /session/885acd6bfe44f64c6e2485c8ef54779e/elements - {"using":"xpath","value":"//bdi[text()=\"OK\"]"}
RESULT: {"using":"xpath","value":"//bdi[text()=\"OK\"]"}
COMMAND: POST /session/885acd6bfe44f64c6e2485c8ef54779e/elements - {"using":"xpath","value":"//bdi[text()=\"OK\"]"}
RESULT: {"using":"xpath","value":"//bdi[text()=\"OK\"]"}
COMMAND: POST /session/885acd6bfe44f64c6e2485c8ef54779e/elements - {"using":"xpath","value":"//bdi[text()=\"OK\"]"}
RESULT: {"using":"xpath","value":"//bdi[text()=\"OK\"]"}
COMMAND: POST /session/885acd6bfe44f64c6e2485c8ef54779e/elements - {"using":"xpath","value":"//bdi[text()=\"OK\"]"}
RESULT: {"using":"xpath","value":"//bdi[text()=\"OK\"]"}
COMMAND: POST /session/885acd6bfe44f64c6e2485c8ef54779e/element - {"using":"xpath","value":"//bdi[text()=\"OK\"]"}
RESULT: {"using":"xpath","value":"//bdi[text()=\"OK\"]"}
COMMAND: POST /session/885acd6bfe44f64c6e2485c8ef54779e/elements - {"using":"xpath","value":"//bdi[text()=\"OK\"]"}
RESULT: {"using":"xpath","value":"//bdi[text()=\"OK\"]"}
COMMAND: POST /session/885acd6bfe44f64c6e2485c8ef54779e/elements - {"using":"xpath","value":"//bdi[text()=\"OK\"]"}
RESULT: {"using":"xpath","value":"//bdi[text()=\"OK\"]"}
COMMAND: POST /session/885acd6bfe44f64c6e2485c8ef54779e/elements - {"using":"xpath","value":"//bdi[text()=\"OK\"]"}
RESULT: {"using":"xpath","value":"//bdi[text()=\"OK\"]"}
COMMAND: POST /session/885acd6bfe44f64c6e2485c8ef54779e/elements - {"using":"xpath","value":"//bdi[text()=\"OK\"]"}
RESULT: {"using":"xpath","value":"//bdi[text()=\"OK\"]"}
COMMAND: POST /session/885acd6bfe44f64c6e2485c8ef54779e/elements - {"using":"xpath","value":"//bdi[text()=\"OK\"]"}
RESULT: {"using":"xpath","value":"//bdi[text()=\"OK\"]"}
COMMAND: POST /session/885acd6bfe44f64c6e2485c8ef54779e/elements - {"using":"xpath","value":"//bdi[text()=\"OK\"]"}
RESULT: {"using":"xpath","value":"//bdi[text()=\"OK\"]"}
COMMAND: POST /session/885acd6bfe44f64c6e2485c8ef54779e/elements - {"using":"xpath","value":"//bdi[text()=\"OK\"]"}
RESULT: {"using":"xpath","value":"//bdi[text()=\"OK\"]"}
COMMAND: POST /session/885acd6bfe44f64c6e2485c8ef54779e/elements - {"using":"xpath","value":"//bdi[text()=\"OK\"]"}
RESULT: {"using":"xpath","value":"//bdi[text()=\"OK\"]"}
COMMAND: POST /session/885acd6bfe44f64c6e2485c8ef54779e/elements - {"using":"xpath","value":"//bdi[text()=\"OK\"]"}
RESULT: {"using":"xpath","value":"//bdi[text()=\"OK\"]"}
COMMAND: POST /session/885acd6bfe44f64c6e2485c8ef54779e/elements - {"using":"xpath","value":"//bdi[text()=\"OK\"]"}
RESULT: {"using":"xpath","value":"//bdi[text()=\"OK\"]"}
COMMAND: POST /session/885acd6bfe44f64c6e2485c8ef54779e/elements - {"using":"xpath","value":"//bdi[text()=\"OK\"]"}
RESULT: {"using":"xpath","value":"//bdi[text()=\"OK\"]"}
COMMAND: POST /session/885acd6bfe44f64c6e2485c8ef54779e/elements - {"using":"xpath","value":"//bdi[text()=\"OK\"]"}
RESULT: {"using":"xpath","value":"//bdi[text()=\"OK\"]"}
COMMAND: POST /session/885acd6bfe44f64c6e2485c8ef54779e/elements - {"using":"xpath","value":"//bdi[text()=\"OK\"]"}
RESULT: {"using":"xpath","value":"//bdi[text()=\"OK\"]"}
COMMAND: POST /session/885acd6bfe44f64c6e2485c8ef54779e/elements - {"using":"xpath","value":"//bdi[text()=\"OK\"]"}
RESULT: {"using":"xpath","value":"//bdi[text()=\"OK\"]"}
COMMAND: POST /session/885acd6bfe44f64c6e2485c8ef54779e/elements - {"using":"xpath","value":"//bdi[text()=\"OK\"]"}
RESULT: {"using":"xpath","value":"//bdi[text()=\"OK\"]"}
COMMAND: POST /session/885acd6bfe44f64c6e2485c8ef54779e/elements - {"using":"xpath","value":"//bdi[text()=\"OK\"]"}
RESULT: {"using":"xpath","value":"//bdi[text()=\"OK\"]"}
COMMAND: POST /session/885acd6bfe44f64c6e2485c8ef54779e/elements - {"using":"xpath","value":"//bdi[text()=\"OK\"]"}
RESULT: {"using":"xpath","value":"//bdi[text()=\"OK\"]"}
COMMAND: POST /session/885acd6bfe44f64c6e2485c8ef54779e/elements - {"using":"xpath","value":"//bdi[text()=\"OK\"]"}
RESULT: {"using":"xpath","value":"//bdi[text()=\"OK\"]"}
COMMAND: POST /session/885acd6bfe44f64c6e2485c8ef54779e/elements - {"using":"xpath","value":"//bdi[text()=\"OK\"]"}
RESULT: {"using":"xpath","value":"//bdi[text()=\"OK\"]"}
COMMAND: POST /session/885acd6bfe44f64c6e2485c8ef54779e/elements - {"using":"xpath","value":"//bdi[text()=\"OK\"]"}
RESULT: {"using":"xpath","value":"//bdi[text()=\"OK\"]"}
COMMAND: POST /session/885acd6bfe44f64c6e2485c8ef54779e/elements - {"using":"xpath","value":"//bdi[text()=\"OK\"]"}
RESULT: {"using":"xpath","value":"//bdi[text()=\"OK\"]"}
COMMAND: POST /session/885acd6bfe44f64c6e2485c8ef54779e/elements - {"using":"xpath","value":"//bdi[text()=\"OK\"]"}
RESULT: {"using":"xpath","value":"//bdi[text()=\"OK\"]"}
COMMAND: POST /session/885acd6bfe44f64c6e2485c8ef54779e/elements - {"using":"xpath","value":"//bdi[text()=\"OK\"]"}
RESULT: {"using":"xpath","value":"//bdi[text()=\"OK\"]"}
COMMAND: POST /session/885acd6bfe44f64c6e2485c8ef54779e/elements - {"using":"xpath","value":"//bdi[text()=\"OK\"]"}
RESULT: {"using":"xpath","value":"//bdi[text()=\"OK\"]"}
COMMAND: POST /session/885acd6bfe44f64c6e2485c8ef54779e/elements - {"using":"xpath","value":"//bdi[text()=\"OK\"]"}
RESULT: {"using":"xpath","value":"//bdi[text()=\"OK\"]"}
COMMAND: POST /session/885acd6bfe44f64c6e2485c8ef54779e/elements - {"using":"xpath","value":"//bdi[text()=\"OK\"]"}
RESULT: {"using":"xpath","value":"//bdi[text()=\"OK\"]"}
COMMAND: POST /session/885acd6bfe44f64c6e2485c8ef54779e/elements - {"using":"xpath","value":"//bdi[text()=\"OK\"]"}
RESULT: {"using":"xpath","value":"//bdi[text()=\"OK\"]"}
COMMAND: POST /session/885acd6bfe44f64c6e2485c8ef54779e/elements - {"using":"xpath","value":"//bdi[text()=\"OK\"]"}
RESULT: {"using":"xpath","value":"//bdi[text()=\"OK\"]"}
COMMAND: POST /session/885acd6bfe44f64c6e2485c8ef54779e/elements - {"using":"xpath","value":"//bdi[text()=\"OK\"]"}
RESULT: {"using":"xpath","value":"//bdi[text()=\"OK\"]"}
COMMAND: POST /session/885acd6bfe44f64c6e2485c8ef54779e/elements - {"using":"xpath","value":"//bdi[text()=\"OK\"]"}
RESULT: {"using":"xpath","value":"//bdi[text()=\"OK\"]"}
COMMAND: POST /session/885acd6bfe44f64c6e2485c8ef54779e/elements - {"using":"xpath","value":"//bdi[text()=\"OK\"]"}
RESULT: {"using":"xpath","value":"//bdi[text()=\"OK\"]"}
COMMAND: POST /session/885acd6bfe44f64c6e2485c8ef54779e/elements - {"using":"xpath","value":"//bdi[text()=\"OK\"]"}
RESULT: {"using":"xpath","value":"//bdi[text()=\"OK\"]"}
COMMAND: POST /session/885acd6bfe44f64c6e2485c8ef54779e/elements - {"using":"xpath","value":"//bdi[text()=\"OK\"]"}
RESULT: {"using":"xpath","value":"//bdi[text()=\"OK\"]"}
COMMAND: POST /session/885acd6bfe44f64c6e2485c8ef54779e/elements - {"using":"xpath","value":"//bdi[text()=\"OK\"]"}
RESULT: {"using":"xpath","value":"//bdi[text()=\"OK\"]"}
COMMAND: POST /session/885acd6bfe44f64c6e2485c8ef54779e/elements - {"using":"xpath","value":"//bdi[text()=\"OK\"]"}
RESULT: {"using":"xpath","value":"//bdi[text()=\"OK\"]"}
COMMAND: POST /session/885acd6bfe44f64c6e2485c8ef54779e/elements - {"using":"xpath","value":"//bdi[text()=\"OK\"]"}
RESULT: {"using":"xpath","value":"//bdi[text()=\"OK\"]"}
COMMAND: POST /session/885acd6bfe44f64c6e2485c8ef54779e/elements - {"using":"xpath","value":"//bdi[text()=\"OK\"]"}
RESULT: {"using":"xpath","value":"//bdi[text()=\"OK\"]"}
COMMAND: POST /session/885acd6bfe44f64c6e2485c8ef54779e/elements - {"using":"xpath","value":"//bdi[text()=\"OK\"]"}
RESULT: {"using":"xpath","value":"//bdi[text()=\"OK\"]"}
COMMAND: POST /session/885acd6bfe44f64c6e2485c8ef54779e/elements - {"using":"xpath","value":"//bdi[text()=\"OK\"]"}
RESULT: {"using":"xpath","value":"//bdi[text()=\"OK\"]"}
COMMAND: POST /session/885acd6bfe44f64c6e2485c8ef54779e/elements - {"using":"xpath","value":"//bdi[text()=\"OK\"]"}
RESULT: {"using":"xpath","value":"//bdi[text()=\"OK\"]"}
COMMAND: POST /session/885acd6bfe44f64c6e2485c8ef54779e/elements - {"using":"xpath","value":"//bdi[text()=\"OK\"]"}
RESULT: {"using":"xpath","value":"//bdi[text()=\"OK\"]"}
COMMAND: POST /session/885acd6bfe44f64c6e2485c8ef54779e/elements - {"using":"xpath","value":"//bdi[text()=\"OK\"]"}
RESULT: {"using":"xpath","value":"//bdi[text()=\"OK\"]"}
COMMAND: POST /session/885acd6bfe44f64c6e2485c8ef54779e/elements - {"using":"xpath","value":"//bdi[text()=\"OK\"]"}
RESULT: {"using":"xpath","value":"//bdi[text()=\"OK\"]"}
COMMAND: POST /session/885acd6bfe44f64c6e2485c8ef54779e/elements - {"using":"xpath","value":"//bdi[text()=\"OK\"]"}
RESULT: {"using":"xpath","value":"//bdi[text()=\"OK\"]"}
COMMAND: POST /session/885acd6bfe44f64c6e2485c8ef54779e/elements - {"using":"xpath","value":"//bdi[text()=\"OK\"]"}
RESULT: {"using":"xpath","value":"//bdi[text()=\"OK\"]"}
COMMAND: POST /session/885acd6bfe44f64c6e2485c8ef54779e/elements - {"using":"xpath","value":"//bdi[text()=\"OK\"]"}
RESULT: {"using":"xpath","value":"//bdi[text()=\"OK\"]"}
COMMAND: POST /session/885acd6bfe44f64c6e2485c8ef54779e/elements - {"using":"xpath","value":"//bdi[text()=\"OK\"]"}
RESULT: {"using":"xpath","value":"//bdi[text()=\"OK\"]"}
COMMAND: POST /session/885acd6bfe44f64c6e2485c8ef54779e/elements - {"using":"xpath","value":"//bdi[text()=\"OK\"]"}
RESULT: {"using":"xpath","value":"//bdi[text()=\"OK\"]"}
COMMAND: POST /session/885acd6bfe44f64c6e2485c8ef54779e/elements - {"using":"xpath","value":"//bdi[text()=\"OK\"]"}
RESULT: {"using":"xpath","value":"//bdi[text()=\"OK\"]"}
COMMAND: POST /session/885acd6bfe44f64c6e2485c8ef54779e/elements - {"using":"xpath","value":"//bdi[text()=\"OK\"]"}
RESULT: {"using":"xpath","value":"//bdi[text()=\"OK\"]"}
COMMAND: POST /session/885acd6bfe44f64c6e2485c8ef54779e/elements - {"using":"xpath","value":"//bdi[text()=\"OK\"]"}
RESULT: {"using":"xpath","value":"//bdi[text()=\"OK\"]"}
COMMAND: POST /session/885acd6bfe44f64c6e2485c8ef54779e/elements - {"using":"xpath","value":"//bdi[text()=\"OK\"]"}
RESULT: {"using":"xpath","value":"//bdi[text()=\"OK\"]"}
COMMAND: POST /session/885acd6bfe44f64c6e2485c8ef54779e/elements - {"using":"xpath","value":"//bdi[text()=\"OK\"]"}
RESULT: {"using":"xpath","value":"//bdi[text()=\"OK\"]"}
COMMAND: POST /session/885acd6bfe44f64c6e2485c8ef54779e/elements - {"using":"xpath","value":"//bdi[text()=\"OK\"]"}
RESULT: {"using":"xpath","value":"//bdi[text()=\"OK\"]"}
COMMAND: POST /session/885acd6bfe44f64c6e2485c8ef54779e/elements - {"using":"xpath","value":"//bdi[text()=\"OK\"]"}
RESULT: {"using":"xpath","value":"//bdi[text()=\"OK\"]"}
COMMAND: POST /session/885acd6bfe44f64c6e2485c8ef54779e/elements - {"using":"xpath","value":"//bdi[text()=\"OK\"]"}
RESULT: {"using":"xpath","value":"//bdi[text()=\"OK\"]"}
COMMAND: POST /session/885acd6bfe44f64c6e2485c8ef54779e/elements - {"using":"xpath","value":"//bdi[text()=\"OK\"]"}
RESULT: {"using":"xpath","value":"//bdi[text()=\"OK\"]"}
COMMAND: POST /session/885acd6bfe44f64c6e2485c8ef54779e/elements - {"using":"xpath","value":"//bdi[text()=\"OK\"]"}
RESULT: {"using":"xpath","value":"//bdi[text()=\"OK\"]"}
COMMAND: POST /session/885acd6bfe44f64c6e2485c8ef54779e/elements - {"using":"xpath","value":"//bdi[text()=\"OK\"]"}
RESULT: {"using":"xpath","value":"//bdi[text()=\"OK\"]"}
COMMAND: POST /session/885acd6bfe44f64c6e2485c8ef54779e/elements - {"using":"xpath","value":"//bdi[text()=\"OK\"]"}
RESULT: {"using":"xpath","value":"//bdi[text()=\"OK\"]"}
COMMAND: POST /session/885acd6bfe44f64c6e2485c8ef54779e/elements - {"using":"xpath","value":"//bdi[text()=\"OK\"]"}
RESULT: {"using":"xpath","value":"//bdi[text()=\"OK\"]"}
COMMAND: POST /session/885acd6bfe44f64c6e2485c8ef54779e/elements - {"using":"xpath","value":"//bdi[text()=\"OK\"]"}
RESULT: {"using":"xpath","value":"//bdi[text()=\"OK\"]"}
COMMAND: POST /session/885acd6bfe44f64c6e2485c8ef54779e/elements - {"using":"xpath","value":"//bdi[text()=\"OK\"]"}
RESULT: {"using":"xpath","value":"//bdi[text()=\"OK\"]"}
COMMAND: POST /session/885acd6bfe44f64c6e2485c8ef54779e/elements - {"using":"xpath","value":"//bdi[text()=\"OK\"]"}
RESULT: {"using":"xpath","value":"//bdi[text()=\"OK\"]"}
COMMAND: POST /session/885acd6bfe44f64c6e2485c8ef54779e/elements - {"using":"xpath","value":"//bdi[text()=\"OK\"]"}
RESULT: {"using":"xpath","value":"//bdi[text()=\"OK\"]"}
COMMAND: POST /session/885acd6bfe44f64c6e2485c8ef54779e/elements - {"using":"xpath","value":"//bdi[text()=\"OK\"]"}
RESULT: {"using":"xpath","value":"//bdi[text()=\"OK\"]"}
COMMAND: POST /session/885acd6bfe44f64c6e2485c8ef54779e/elements - {"using":"xpath","value":"//bdi[text()=\"OK\"]"}
RESULT: {"using":"xpath","value":"//bdi[text()=\"OK\"]"}
COMMAND: POST /session/885acd6bfe44f64c6e2485c8ef54779e/elements - {"using":"xpath","value":"//bdi[text()=\"OK\"]"}
RESULT: {"using":"xpath","value":"//bdi[text()=\"OK\"]"}
COMMAND: POST /session/885acd6bfe44f64c6e2485c8ef54779e/elements - {"using":"xpath","value":"//bdi[text()=\"OK\"]"}
RESULT: {"using":"xpath","value":"//bdi[text()=\"OK\"]"}
COMMAND: POST /session/885acd6bfe44f64c6e2485c8ef54779e/elements - {"using":"xpath","value":"//bdi[text()=\"OK\"]"}
RESULT: {"using":"xpath","value":"//bdi[text()=\"OK\"]"}
COMMAND: POST /session/885acd6bfe44f64c6e2485c8ef54779e/elements - {"using":"xpath","value":"//bdi[text()=\"OK\"]"}
RESULT: {"using":"xpath","value":"//bdi[text()=\"OK\"]"}
COMMAND: POST /session/885acd6bfe44f64c6e2485c8ef54779e/elements - {"using":"xpath","value":"//bdi[text()=\"OK\"]"}
RESULT: {"using":"xpath","value":"//bdi[text()=\"OK\"]"}
COMMAND: POST /session/885acd6bfe44f64c6e2485c8ef54779e/elements - {"using":"xpath","value":"//bdi[text()=\"OK\"]"}
RESULT: {"using":"xpath","value":"//bdi[text()=\"OK\"]"}
COMMAND: POST /session/885acd6bfe44f64c6e2485c8ef54779e/elements - {"using":"xpath","value":"//bdi[text()=\"OK\"]"}
RESULT: {"using":"xpath","value":"//bdi[text()=\"OK\"]"}
COMMAND: POST /session/885acd6bfe44f64c6e2485c8ef54779e/elements - {"using":"xpath","value":"//bdi[text()=\"OK\"]"}
RESULT: {"using":"xpath","value":"//bdi[text()=\"OK\"]"}
COMMAND: POST /session/885acd6bfe44f64c6e2485c8ef54779e/elements - {"using":"xpath","value":"//bdi[text()=\"OK\"]"}
RESULT: {"using":"xpath","value":"//bdi[text()=\"OK\"]"}
COMMAND: POST /session/885acd6bfe44f64c6e2485c8ef54779e/elements - {"using":"xpath","value":"//bdi[text()=\"OK\"]"}
RESULT: {"using":"xpath","value":"//bdi[text()=\"OK\"]"}
COMMAND: POST /session/885acd6bfe44f64c6e2485c8ef54779e/elements - {"using":"xpath","value":"//bdi[text()=\"OK\"]"}
RESULT: {"using":"xpath","value":"//bdi[text()=\"OK\"]"}
COMMAND: POST /session/885acd6bfe44f64c6e2485c8ef54779e/elements - {"using":"xpath","value":"//bdi[text()=\"OK\"]"}
RESULT: {"using":"xpath","value":"//bdi[text()=\"OK\"]"}
COMMAND: POST /session/885acd6bfe44f64c6e2485c8ef54779e/elements - {"using":"xpath","value":"//bdi[text()=\"OK\"]"}
RESULT: {"using":"xpath","value":"//bdi[text()=\"OK\"]"}
COMMAND: POST /session/885acd6bfe44f64c6e2485c8ef54779e/elements - {"using":"xpath","value":"//bdi[text()=\"OK\"]"}
RESULT: {"using":"xpath","value":"//bdi[text()=\"OK\"]"}
COMMAND: POST /session/885acd6bfe44f64c6e2485c8ef54779e/elements - {"using":"xpath","value":"//bdi[text()=\"OK\"]"}
RESULT: {"using":"xpath","value":"//bdi[text()=\"OK\"]"}
COMMAND: POST /session/885acd6bfe44f64c6e2485c8ef54779e/elements - {"using":"xpath","value":"//bdi[text()=\"OK\"]"}
RESULT: {"using":"xpath","value":"//bdi[text()=\"OK\"]"}
COMMAND: POST /session/885acd6bfe44f64c6e2485c8ef54779e/elements - {"using":"xpath","value":"//bdi[text()=\"OK\"]"}
RESULT: {"using":"xpath","value":"//bdi[text()=\"OK\"]"}
COMMAND: POST /session/885acd6bfe44f64c6e2485c8ef54779e/elements - {"using":"xpath","value":"//bdi[text()=\"OK\"]"}
RESULT: {"using":"xpath","value":"//bdi[text()=\"OK\"]"}
COMMAND: POST /session/885acd6bfe44f64c6e2485c8ef54779e/elements - {"using":"xpath","value":"//bdi[text()=\"OK\"]"}
RESULT: {"using":"xpath","value":"//bdi[text()=\"OK\"]"}
COMMAND: POST /session/885acd6bfe44f64c6e2485c8ef54779e/elements - {"using":"xpath","value":"//bdi[text()=\"OK\"]"}
RESULT: {"using":"xpath","value":"//bdi[text()=\"OK\"]"}
COMMAND: POST /session/885acd6bfe44f64c6e2485c8ef54779e/elements - {"using":"xpath","value":"//bdi[text()=\"OK\"]"}
RESULT: {"using":"xpath","value":"//bdi[text()=\"OK\"]"}
COMMAND: POST /session/885acd6bfe44f64c6e2485c8ef54779e/elements - {"using":"xpath","value":"//bdi[text()=\"OK\"]"}
RESULT: {"using":"xpath","value":"//bdi[text()=\"OK\"]"}
COMMAND: POST /session/885acd6bfe44f64c6e2485c8ef54779e/elements - {"using":"xpath","value":"//bdi[text()=\"OK\"]"}
RESULT: {"using":"xpath","value":"//bdi[text()=\"OK\"]"}
COMMAND: POST /session/885acd6bfe44f64c6e2485c8ef54779e/elements - {"using":"xpath","value":"//bdi[text()=\"OK\"]"}
RESULT: {"using":"xpath","value":"//bdi[text()=\"OK\"]"}
COMMAND: POST /session/885acd6bfe44f64c6e2485c8ef54779e/elements - {"using":"xpath","value":"//bdi[text()=\"OK\"]"}
RESULT: {"using":"xpath","value":"//bdi[text()=\"OK\"]"}
COMMAND: POST /session/885acd6bfe44f64c6e2485c8ef54779e/elements - {"using":"xpath","value":"//bdi[text()=\"OK\"]"}
RESULT: {"using":"xpath","value":"//bdi[text()=\"OK\"]"}
COMMAND: POST /session/885acd6bfe44f64c6e2485c8ef54779e/elements - {"using":"xpath","value":"//bdi[text()=\"OK\"]"}
RESULT: {"using":"xpath","value":"//bdi[text()=\"OK\"]"}
COMMAND: POST /session/885acd6bfe44f64c6e2485c8ef54779e/elements - {"using":"xpath","value":"//bdi[text()=\"OK\"]"}
RESULT: {"using":"xpath","value":"//bdi[text()=\"OK\"]"}
COMMAND: POST /session/885acd6bfe44f64c6e2485c8ef54779e/elements - {"using":"xpath","value":"//bdi[text()=\"OK\"]"}
RESULT: {"using":"xpath","value":"//bdi[text()=\"OK\"]"}
COMMAND: POST /session/885acd6bfe44f64c6e2485c8ef54779e/elements - {"using":"xpath","value":"//bdi[text()=\"OK\"]"}
RESULT: {"using":"xpath","value":"//bdi[text()=\"OK\"]"}
COMMAND: POST /session/885acd6bfe44f64c6e2485c8ef54779e/elements - {"using":"xpath","value":"//bdi[text()=\"OK\"]"}
RESULT: {"using":"xpath","value":"//bdi[text()=\"OK\"]"}
COMMAND: POST /session/885acd6bfe44f64c6e2485c8ef54779e/elements - {"using":"xpath","value":"//bdi[text()=\"OK\"]"}
RESULT: {"using":"xpath","value":"//bdi[text()=\"OK\"]"}
COMMAND: POST /session/885acd6bfe44f64c6e2485c8ef54779e/elements - {"using":"xpath","value":"//bdi[text()=\"OK\"]"}
RESULT: {"using":"xpath","value":"//bdi[text()=\"OK\"]"}
COMMAND: POST /session/885acd6bfe44f64c6e2485c8ef54779e/elements - {"using":"xpath","value":"//bdi[text()=\"OK\"]"}
RESULT: {"using":"xpath","value":"//bdi[text()=\"OK\"]"}
COMMAND: POST /session/885acd6bfe44f64c6e2485c8ef54779e/elements - {"using":"xpath","value":"//bdi[text()=\"OK\"]"}
RESULT: {"using":"xpath","value":"//bdi[text()=\"OK\"]"}
COMMAND: POST /session/885acd6bfe44f64c6e2485c8ef54779e/elements - {"using":"xpath","value":"//bdi[text()=\"OK\"]"}
RESULT: {"using":"xpath","value":"//bdi[text()=\"OK\"]"}
COMMAND: POST /session/885acd6bfe44f64c6e2485c8ef54779e/elements - {"using":"xpath","value":"//bdi[text()=\"OK\"]"}
RESULT: {"using":"xpath","value":"//bdi[text()=\"OK\"]"}
COMMAND: POST /session/885acd6bfe44f64c6e2485c8ef54779e/elements - {"using":"xpath","value":"//bdi[text()=\"OK\"]"}
RESULT: {"using":"xpath","value":"//bdi[text()=\"OK\"]"}
COMMAND: POST /session/885acd6bfe44f64c6e2485c8ef54779e/elements - {"using":"xpath","value":"//bdi[text()=\"OK\"]"}
RESULT: {"using":"xpath","value":"//bdi[text()=\"OK\"]"}
COMMAND: POST /session/885acd6bfe44f64c6e2485c8ef54779e/elements - {"using":"xpath","value":"//bdi[text()=\"OK\"]"}
RESULT: {"using":"xpath","value":"//bdi[text()=\"OK\"]"}
COMMAND: POST /session/885acd6bfe44f64c6e2485c8ef54779e/elements - {"using":"xpath","value":"//bdi[text()=\"OK\"]"}
RESULT: {"using":"xpath","value":"//bdi[text()=\"OK\"]"}
COMMAND: POST /session/885acd6bfe44f64c6e2485c8ef54779e/elements - {"using":"xpath","value":"//bdi[text()=\"OK\"]"}
RESULT: {"using":"xpath","value":"//bdi[text()=\"OK\"]"}
COMMAND: POST /session/885acd6bfe44f64c6e2485c8ef54779e/elements - {"using":"xpath","value":"//bdi[text()=\"OK\"]"}
RESULT: {"using":"xpath","value":"//bdi[text()=\"OK\"]"}
COMMAND: POST /session/885acd6bfe44f64c6e2485c8ef54779e/elements - {"using":"xpath","value":"//bdi[text()=\"OK\"]"}
RESULT: {"using":"xpath","value":"//bdi[text()=\"OK\"]"}
COMMAND: POST /session/885acd6bfe44f64c6e2485c8ef54779e/elements - {"using":"xpath","value":"//bdi[text()=\"OK\"]"}
RESULT: {"using":"xpath","value":"//bdi[text()=\"OK\"]"}
COMMAND: POST /session/885acd6bfe44f64c6e2485c8ef54779e/elements - {"using":"xpath","value":"//bdi[text()=\"OK\"]"}
RESULT: {"using":"xpath","value":"//bdi[text()=\"OK\"]"}
COMMAND: POST /session/885acd6bfe44f64c6e2485c8ef54779e/elements - {"using":"xpath","value":"//bdi[text()=\"OK\"]"}
RESULT: {"using":"xpath","value":"//bdi[text()=\"OK\"]"}
COMMAND: POST /session/885acd6bfe44f64c6e2485c8ef54779e/elements - {"using":"xpath","value":"//bdi[text()=\"OK\"]"}
RESULT: {"using":"xpath","value":"//bdi[text()=\"OK\"]"}
COMMAND: POST /session/885acd6bfe44f64c6e2485c8ef54779e/elements - {"using":"xpath","value":"//bdi[text()=\"OK\"]"}
RESULT: {"using":"xpath","value":"//bdi[text()=\"OK\"]"}
COMMAND: POST /session/885acd6bfe44f64c6e2485c8ef54779e/elements - {"using":"xpath","value":"//bdi[text()=\"OK\"]"}
RESULT: {"using":"xpath","value":"//bdi[text()=\"OK\"]"}
COMMAND: POST /session/885acd6bfe44f64c6e2485c8ef54779e/elements - {"using":"xpath","value":"//bdi[text()=\"OK\"]"}
RESULT: {"using":"xpath","value":"//bdi[text()=\"OK\"]"}
COMMAND: POST /session/885acd6bfe44f64c6e2485c8ef54779e/elements - {"using":"xpath","value":"//bdi[text()=\"OK\"]"}
RESULT: {"using":"xpath","value":"//bdi[text()=\"OK\"]"}
COMMAND: POST /session/885acd6bfe44f64c6e2485c8ef54779e/elements - {"using":"xpath","value":"//bdi[text()=\"OK\"]"}
RESULT: {"using":"xpath","value":"//bdi[text()=\"OK\"]"}
COMMAND: POST /session/885acd6bfe44f64c6e2485c8ef54779e/elements - {"using":"xpath","value":"//bdi[text()=\"OK\"]"}
RESULT: {"using":"xpath","value":"//bdi[text()=\"OK\"]"}
COMMAND: POST /session/885acd6bfe44f64c6e2485c8ef54779e/execute/async - {"script":"<script> [1562 bytes]","args":[{"selector":{"id":"application-manageresources-display-component---newResourceUnit--TYPE-arrow"},"wdio_ui5_key":"applicationmanageresources-display-component---newResourceUnit--TYPE-arrow"}]}
RESULT: {"script":"<script> [1562 bytes]","args":[{"selector":{"id":"application-manageresources-display-component---newResourceUnit--TYPE-arrow"},"wdio_ui5_key":"applicationmanageresources-display-component---newResourceUnit--TYPE-arrow"}]}
RESULT: undefined
COMMAND: POST /session/885acd6bfe44f64c6e2485c8ef54779e/element - {"using":"xpath","value":"//*[@id=\"application-manageresources-display-component---newResourceUnit--TYPE-arrow\"]"}
RESULT: {"using":"xpath","value":"//*[@id=\"application-manageresources-display-component---newResourceUnit--TYPE-arrow\"]"}
COMMAND: POST /session/885acd6bfe44f64c6e2485c8ef54779e/element/f.F53CD083946FCE278F3961FDA51ABBA8.d.1D5C0E7172C916FCC0C1D65657C2A188.e.2902/click - {}
RESULT: {}
COMMAND: POST /session/885acd6bfe44f64c6e2485c8ef54779e/execute/async - {"script":"<script> [1562 bytes]","args":[{"selector":{"controlType":"sap.m.StandardListItem","viewName":"reusables.view.manageresources.NewResourceUnit","viewId":"application-manageresources-display-component---newResourceUnit","properties":{"title":"Material"},"searchOpenDialogs":true,"interaction":{"idSuffix":"titleText"}},"wdio_ui5_key":"reusablesview.manageresources.NewResourceUnitsap.m.StandardListItem{\"title\":\"Material\"}"}]}
COMMAND: GET /session/885acd6bfe44f64c6e2485c8ef54779e/screenshot - {}
RESULT: {"script":"<script> [1562 bytes]","args":[{"selector":{"controlType":"sap.m.StandardListItem","viewName":"reusables.view.manageresources.NewResourceUnit","viewId":"application-manageresources-display-component---newResourceUnit","properties":{"title":"Material"},"searchOpenDialogs":true,"interaction":{"idSuffix":"titleText"}},"wdio_ui5_key":"reusablesview.manageresources.NewResourceUnitsap.m.StandardListItem{\"title\":\"Material\"}"}]}
RESULT: undefined
COMMAND: POST /session/885acd6bfe44f64c6e2485c8ef54779e/element - {"using":"xpath","value":"//*[@id=\"__item973\"]"}
RESULT: {}
RESULT: {"using":"xpath","value":"//*[@id=\"__item973\"]"}
COMMAND: POST /session/885acd6bfe44f64c6e2485c8ef54779e/element/f.F53CD083946FCE278F3961FDA51ABBA8.d.1D5C0E7172C916FCC0C1D65657C2A188.e.2905/click - {}
RESULT: {}
COMMAND: GET /session/885acd6bfe44f64c6e2485c8ef54779e/screenshot - {}
RESULT: {}
COMMAND: POST /session/885acd6bfe44f64c6e2485c8ef54779e/execute/async - {"script":"<script> [1562 bytes]","args":[{"selector":{"id":"application-manageresources-display-component---newResourceUnit--newRRUPage-OPHeaderContent-collapseBtn-img"},"wdio_ui5_key":"applicationmanageresources-display-component---newResourceUnit--newRRUPage-OPHeaderContent-collapseBtn-img"}]}
RESULT: {"script":"<script> [1562 bytes]","args":[{"selector":{"id":"application-manageresources-display-component---newResourceUnit--newRRUPage-OPHeaderContent-collapseBtn-img"},"wdio_ui5_key":"applicationmanageresources-display-component---newResourceUnit--newRRUPage-OPHeaderContent-collapseBtn-img"}]}
RESULT: undefined
COMMAND: POST /session/885acd6bfe44f64c6e2485c8ef54779e/element - {"using":"xpath","value":"//*[@id=\"application-manageresources-display-component---newResourceUnit--newRRUPage-OPHeaderContent-collapseBtn-img\"]"}
RESULT: {"using":"xpath","value":"//*[@id=\"application-manageresources-display-component---newResourceUnit--newRRUPage-OPHeaderContent-collapseBtn-img\"]"}
COMMAND: POST /session/885acd6bfe44f64c6e2485c8ef54779e/element/f.F53CD083946FCE278F3961FDA51ABBA8.d.1D5C0E7172C916FCC0C1D65657C2A188.e.2912/click - {}
RESULT: {}
COMMAND: GET /session/885acd6bfe44f64c6e2485c8ef54779e/screenshot - {}
RESULT: {}
COMMAND: POST /session/885acd6bfe44f64c6e2485c8ef54779e/execute/async - {"script":"<script> [1562 bytes]","args":[{"selector":{"id":"application-manageresources-display-component---newResourceUnit--SHORT_TEXT","interaction":{"idSuffix":"inner"}},"wdio_ui5_key":"applicationmanageresources-display-component---newResourceUnit--SHORT_TEXT"}]}
RESULT: {"script":"<script> [1562 bytes]","args":[{"selector":{"id":"application-manageresources-display-component---newResourceUnit--SHORT_TEXT","interaction":{"idSuffix":"inner"}},"wdio_ui5_key":"applicationmanageresources-display-component---newResourceUnit--SHORT_TEXT"}]}
RESULT: undefined
COMMAND: POST /session/885acd6bfe44f64c6e2485c8ef54779e/execute/async - {"script":"<script> [776 bytes]","args":[{"enterText":"WebdriverWHM_RUR2Cjugtw","selector":{"id":"application-manageresources-display-component---newResourceUnit--SHORT_TEXT","interaction":{"idSuffix":"inner"}},"clearTextFirst":true,"interactionType":"ENTER_TEXT"}]}
RESULT: {"script":"<script> [776 bytes]","args":[{"enterText":"WebdriverWHM_RUR2Cjugtw","selector":{"id":"application-manageresources-display-component---newResourceUnit--SHORT_TEXT","interaction":{"idSuffix":"inner"}},"clearTextFirst":true,"interactionType":"ENTER_TEXT"}]}
COMMAND: POST /session/885acd6bfe44f64c6e2485c8ef54779e/execute/async - {"script":"<script> [1562 bytes]","args":[{"selector":{"id":"application-manageresources-display-component---newResourceUnit--BASE_UNIT_OF_MEASURE-arrow"},"wdio_ui5_key":"applicationmanageresources-display-component---newResourceUnit--BASE_UNIT_OF_MEASURE-arrow"}]}
RESULT: {"script":"<script> [1562 bytes]","args":[{"selector":{"id":"application-manageresources-display-component---newResourceUnit--BASE_UNIT_OF_MEASURE-arrow"},"wdio_ui5_key":"applicationmanageresources-display-component---newResourceUnit--BASE_UNIT_OF_MEASURE-arrow"}]}
RESULT: undefined
COMMAND: POST /session/885acd6bfe44f64c6e2485c8ef54779e/element - {"using":"xpath","value":"//*[@id=\"application-manageresources-display-component---newResourceUnit--BASE_UNIT_OF_MEASURE-arrow\"]"}
RESULT: {"using":"xpath","value":"//*[@id=\"application-manageresources-display-component---newResourceUnit--BASE_UNIT_OF_MEASURE-arrow\"]"}
COMMAND: POST /session/885acd6bfe44f64c6e2485c8ef54779e/element/f.F53CD083946FCE278F3961FDA51ABBA8.d.1D5C0E7172C916FCC0C1D65657C2A188.e.2965/click - {}
RESULT: {}
COMMAND: POST /session/885acd6bfe44f64c6e2485c8ef54779e/execute/async - {"script":"<script> [1562 bytes]","args":[{"selector":{"controlType":"sap.m.StandardListItem","viewName":"reusables.view.manageresources.NewResourceUnit","viewId":"application-manageresources-display-component---newResourceUnit","properties":{"title":"Piece"},"searchOpenDialogs":true,"interaction":{"idSuffix":"content"}},"wdio_ui5_key":"reusablesview.manageresources.NewResourceUnitsap.m.StandardListItem{\"title\":\"Piece\"}"}]}
COMMAND: GET /session/885acd6bfe44f64c6e2485c8ef54779e/screenshot - {}
RESULT: {"script":"<script> [1562 bytes]","args":[{"selector":{"controlType":"sap.m.StandardListItem","viewName":"reusables.view.manageresources.NewResourceUnit","viewId":"application-manageresources-display-component---newResourceUnit","properties":{"title":"Piece"},"searchOpenDialogs":true,"interaction":{"idSuffix":"content"}},"wdio_ui5_key":"reusablesview.manageresources.NewResourceUnitsap.m.StandardListItem{\"title\":\"Piece\"}"}]}
RESULT: undefined
COMMAND: POST /session/885acd6bfe44f64c6e2485c8ef54779e/element - {"using":"xpath","value":"//*[@id=\"__item1017\"]"}
RESULT: {}
RESULT: {"using":"xpath","value":"//*[@id=\"__item1017\"]"}
COMMAND: POST /session/885acd6bfe44f64c6e2485c8ef54779e/element/f.F53CD083946FCE278F3961FDA51ABBA8.d.1D5C0E7172C916FCC0C1D65657C2A188.e.2967/click - {}
RESULT: {}
COMMAND: POST /session/885acd6bfe44f64c6e2485c8ef54779e/execute/async - {"script":"<script> [1562 bytes]","args":[{"selector":{"id":"application-manageresources-display-component---newResourceUnit--WEIGHT_UNIT-arrow"},"wdio_ui5_key":"applicationmanageresources-display-component---newResourceUnit--WEIGHT_UNIT-arrow"}]}
COMMAND: GET /session/885acd6bfe44f64c6e2485c8ef54779e/screenshot - {}
RESULT: {"script":"<script> [1562 bytes]","args":[{"selector":{"id":"application-manageresources-display-component---newResourceUnit--WEIGHT_UNIT-arrow"},"wdio_ui5_key":"applicationmanageresources-display-component---newResourceUnit--WEIGHT_UNIT-arrow"}]}
RESULT: undefined
COMMAND: POST /session/885acd6bfe44f64c6e2485c8ef54779e/element - {"using":"xpath","value":"//*[@id=\"application-manageresources-display-component---newResourceUnit--WEIGHT_UNIT-arrow\"]"}
RESULT: {}
RESULT: {"using":"xpath","value":"//*[@id=\"application-manageresources-display-component---newResourceUnit--WEIGHT_UNIT-arrow\"]"}
COMMAND: POST /session/885acd6bfe44f64c6e2485c8ef54779e/element/f.F53CD083946FCE278F3961FDA51ABBA8.d.1D5C0E7172C916FCC0C1D65657C2A188.e.2968/click - {}
RESULT: {}
COMMAND: POST /session/885acd6bfe44f64c6e2485c8ef54779e/execute/async - {"script":"<script> [1562 bytes]","args":[{"selector":{"controlType":"sap.m.StandardListItem","viewName":"reusables.view.manageresources.NewResourceUnit","viewId":"application-manageresources-display-component---newResourceUnit","properties":{"title":"Gram"},"searchOpenDialogs":true,"interaction":{"idSuffix":"content"}},"wdio_ui5_key":"reusablesview.manageresources.NewResourceUnitsap.m.StandardListItem{\"title\":\"Gram\"}"}]}
COMMAND: GET /session/885acd6bfe44f64c6e2485c8ef54779e/screenshot - {}
RESULT: {"script":"<script> [1562 bytes]","args":[{"selector":{"controlType":"sap.m.StandardListItem","viewName":"reusables.view.manageresources.NewResourceUnit","viewId":"application-manageresources-display-component---newResourceUnit","properties":{"title":"Gram"},"searchOpenDialogs":true,"interaction":{"idSuffix":"content"}},"wdio_ui5_key":"reusablesview.manageresources.NewResourceUnitsap.m.StandardListItem{\"title\":\"Gram\"}"}]}
RESULT: undefined
COMMAND: POST /session/885acd6bfe44f64c6e2485c8ef54779e/element - {"using":"xpath","value":"//*[@id=\"__item1082\"]"}
RESULT: {}
RESULT: {"using":"xpath","value":"//*[@id=\"__item1082\"]"}
COMMAND: POST /session/885acd6bfe44f64c6e2485c8ef54779e/element/f.F53CD083946FCE278F3961FDA51ABBA8.d.1D5C0E7172C916FCC0C1D65657C2A188.e.2970/click - {}
RESULT: {}
COMMAND: POST /session/885acd6bfe44f64c6e2485c8ef54779e/element - {"using":"xpath","value":"//bdi[text()='Reference']"}
COMMAND: GET /session/885acd6bfe44f64c6e2485c8ef54779e/screenshot - {}
RESULT: {"using":"xpath","value":"//bdi[text()='Reference']"}
COMMAND: GET /session/885acd6bfe44f64c6e2485c8ef54779e/element/f.F53CD083946FCE278F3961FDA51ABBA8.d.1D5C0E7172C916FCC0C1D65657C2A188.e.2971/enabled - {}
RESULT: {}
RESULT: {}
COMMAND: POST /session/885acd6bfe44f64c6e2485c8ef54779e/execute/sync - {"script":"<script> [8489 bytes]","args":[{"element-6066-11e4-a52e-4f735466cecf":"f.F53CD083946FCE278F3961FDA51ABBA8.d.1D5C0E7172C916FCC0C1D65657C2A188.e.2971","ELEMENT":"f.F53CD083946FCE278F3961FDA51ABBA8.d.1D5C0E7172C916FCC0C1D65657C2A188.e.2971"}]}
COMMAND: GET /session/885acd6bfe44f64c6e2485c8ef54779e/screenshot - {}
RESULT: {"script":"<script> [8489 bytes]","args":[{"element-6066-11e4-a52e-4f735466cecf":"f.F53CD083946FCE278F3961FDA51ABBA8.d.1D5C0E7172C916FCC0C1D65657C2A188.e.2971","ELEMENT":"f.F53CD083946FCE278F3961FDA51ABBA8.d.1D5C0E7172C916FCC0C1D65657C2A188.e.2971"}]}
COMMAND: POST /session/885acd6bfe44f64c6e2485c8ef54779e/execute/sync - {"script":"<script> [5351 bytes]","args":[{"element-6066-11e4-a52e-4f735466cecf":"f.F53CD083946FCE278F3961FDA51ABBA8.d.1D5C0E7172C916FCC0C1D65657C2A188.e.2971","ELEMENT":"f.F53CD083946FCE278F3961FDA51ABBA8.d.1D5C0E7172C916FCC0C1D65657C2A188.e.2971"}]}
COMMAND: GET /session/885acd6bfe44f64c6e2485c8ef54779e/screenshot - {}
RESULT: {}
RESULT: {"script":"<script> [5351 bytes]","args":[{"element-6066-11e4-a52e-4f735466cecf":"f.F53CD083946FCE278F3961FDA51ABBA8.d.1D5C0E7172C916FCC0C1D65657C2A188.e.2971","ELEMENT":"f.F53CD083946FCE278F3961FDA51ABBA8.d.1D5C0E7172C916FCC0C1D65657C2A188.e.2971"}]}
COMMAND: POST /session/885acd6bfe44f64c6e2485c8ef54779e/element/f.F53CD083946FCE278F3961FDA51ABBA8.d.1D5C0E7172C916FCC0C1D65657C2A188.e.2971/click - {}
COMMAND: GET /session/885acd6bfe44f64c6e2485c8ef54779e/screenshot - {}
RESULT: {}
RESULT: {}
COMMAND: POST /session/885acd6bfe44f64c6e2485c8ef54779e/element - {"using":"xpath","value":"//bdi[text()='General Information']"}
COMMAND: GET /session/885acd6bfe44f64c6e2485c8ef54779e/screenshot - {}
RESULT: {}
RESULT: {"using":"xpath","value":"//bdi[text()='General Information']"}
COMMAND: GET /session/885acd6bfe44f64c6e2485c8ef54779e/element/f.F53CD083946FCE278F3961FDA51ABBA8.d.1D5C0E7172C916FCC0C1D65657C2A188.e.2976/enabled - {}
RESULT: {}
RESULT: {}
COMMAND: POST /session/885acd6bfe44f64c6e2485c8ef54779e/execute/sync - {"script":"<script> [8489 bytes]","args":[{"element-6066-11e4-a52e-4f735466cecf":"f.F53CD083946FCE278F3961FDA51ABBA8.d.1D5C0E7172C916FCC0C1D65657C2A188.e.2976","ELEMENT":"f.F53CD083946FCE278F3961FDA51ABBA8.d.1D5C0E7172C916FCC0C1D65657C2A188.e.2976"}]}
COMMAND: GET /session/885acd6bfe44f64c6e2485c8ef54779e/screenshot - {}
RESULT: {"script":"<script> [8489 bytes]","args":[{"element-6066-11e4-a52e-4f735466cecf":"f.F53CD083946FCE278F3961FDA51ABBA8.d.1D5C0E7172C916FCC0C1D65657C2A188.e.2976","ELEMENT":"f.F53CD083946FCE278F3961FDA51ABBA8.d.1D5C0E7172C916FCC0C1D65657C2A188.e.2976"}]}
COMMAND: POST /session/885acd6bfe44f64c6e2485c8ef54779e/execute/sync - {"script":"<script> [5351 bytes]","args":[{"element-6066-11e4-a52e-4f735466cecf":"f.F53CD083946FCE278F3961FDA51ABBA8.d.1D5C0E7172C916FCC0C1D65657C2A188.e.2976","ELEMENT":"f.F53CD083946FCE278F3961FDA51ABBA8.d.1D5C0E7172C916FCC0C1D65657C2A188.e.2976"}]}
COMMAND: GET /session/885acd6bfe44f64c6e2485c8ef54779e/screenshot - {}
RESULT: {}
RESULT: {"script":"<script> [5351 bytes]","args":[{"element-6066-11e4-a52e-4f735466cecf":"f.F53CD083946FCE278F3961FDA51ABBA8.d.1D5C0E7172C916FCC0C1D65657C2A188.e.2976","ELEMENT":"f.F53CD083946FCE278F3961FDA51ABBA8.d.1D5C0E7172C916FCC0C1D65657C2A188.e.2976"}]}
COMMAND: POST /session/885acd6bfe44f64c6e2485c8ef54779e/element/f.F53CD083946FCE278F3961FDA51ABBA8.d.1D5C0E7172C916FCC0C1D65657C2A188.e.2976/click - {}
COMMAND: GET /session/885acd6bfe44f64c6e2485c8ef54779e/screenshot - {}
RESULT: {}
RESULT: {}
COMMAND: POST /session/885acd6bfe44f64c6e2485c8ef54779e/execute/async - {"script":"<script> [1562 bytes]","args":[{"selector":{"id":"application-manageresources-display-component---newResourceUnit--DIMENSION_UNIT-arrow"},"wdio_ui5_key":"applicationmanageresources-display-component---newResourceUnit--DIMENSION_UNIT-arrow"}]}
COMMAND: GET /session/885acd6bfe44f64c6e2485c8ef54779e/screenshot - {}
RESULT: {}
RESULT: {"script":"<script> [1562 bytes]","args":[{"selector":{"id":"application-manageresources-display-component---newResourceUnit--DIMENSION_UNIT-arrow"},"wdio_ui5_key":"applicationmanageresources-display-component---newResourceUnit--DIMENSION_UNIT-arrow"}]}
RESULT: undefined
COMMAND: POST /session/885acd6bfe44f64c6e2485c8ef54779e/element - {"using":"xpath","value":"//*[@id=\"application-manageresources-display-component---newResourceUnit--DIMENSION_UNIT-arrow\"]"}
RESULT: {}
RESULT: {"using":"xpath","value":"//*[@id=\"application-manageresources-display-component---newResourceUnit--DIMENSION_UNIT-arrow\"]"}
COMMAND: POST /session/885acd6bfe44f64c6e2485c8ef54779e/element/f.F53CD083946FCE278F3961FDA51ABBA8.d.1D5C0E7172C916FCC0C1D65657C2A188.e.2978/click - {}
RESULT: {}
COMMAND: GET /session/885acd6bfe44f64c6e2485c8ef54779e/screenshot - {}
RESULT: {}
COMMAND: POST /session/885acd6bfe44f64c6e2485c8ef54779e/execute/async - {"script":"<script> [1562 bytes]","args":[{"selector":{"controlType":"sap.m.StandardListItem","viewName":"reusables.view.manageresources.NewResourceUnit","viewId":"application-manageresources-display-component---newResourceUnit","properties":{"title":"Centimeter"},"searchOpenDialogs":true,"interaction":{"idSuffix":"titleText"}},"wdio_ui5_key":"reusablesview.manageresources.NewResourceUnitsap.m.StandardListItem{\"title\":\"Centimeter\"}"}]}
RESULT: {"script":"<script> [1562 bytes]","args":[{"selector":{"controlType":"sap.m.StandardListItem","viewName":"reusables.view.manageresources.NewResourceUnit","viewId":"application-manageresources-display-component---newResourceUnit","properties":{"title":"Centimeter"},"searchOpenDialogs":true,"interaction":{"idSuffix":"titleText"}},"wdio_ui5_key":"reusablesview.manageresources.NewResourceUnitsap.m.StandardListItem{\"title\":\"Centimeter\"}"}]}
RESULT: undefined
COMMAND: POST /session/885acd6bfe44f64c6e2485c8ef54779e/element - {"using":"xpath","value":"//*[@id=\"__item1085\"]"}
RESULT: {"using":"xpath","value":"//*[@id=\"__item1085\"]"}
COMMAND: POST /session/885acd6bfe44f64c6e2485c8ef54779e/element/f.F53CD083946FCE278F3961FDA51ABBA8.d.1D5C0E7172C916FCC0C1D65657C2A188.e.2980/click - {}
RESULT: {}
COMMAND: POST /session/885acd6bfe44f64c6e2485c8ef54779e/execute/async - {"script":"<script> [1562 bytes]","args":[{"selector":{"id":"application-manageresources-display-component---newResourceUnit--newRRUPage-anchBar-application-manageresources-display-component---newResourceUnit--reference-anchor","interaction":{"idSuffix":"BDI-content"}},"wdio_ui5_key":"applicationmanageresources-display-component---newResourceUnit--newRRUPage-anchBar-application-manageresources-display-component---newResourceUnit--reference-anchor"}]}
COMMAND: GET /session/885acd6bfe44f64c6e2485c8ef54779e/screenshot - {}
RESULT: {"script":"<script> [1562 bytes]","args":[{"selector":{"id":"application-manageresources-display-component---newResourceUnit--newRRUPage-anchBar-application-manageresources-display-component---newResourceUnit--reference-anchor","interaction":{"idSuffix":"BDI-content"}},"wdio_ui5_key":"applicationmanageresources-display-component---newResourceUnit--newRRUPage-anchBar-application-manageresources-display-component---newResourceUnit--reference-anchor"}]}
RESULT: undefined
COMMAND: POST /session/885acd6bfe44f64c6e2485c8ef54779e/element - {"using":"xpath","value":"//*[@id=\"application-manageresources-display-component---newResourceUnit--newRRUPage-anchBar-application-manageresources-display-component---newResourceUnit--reference-anchor\"]"}
RESULT: {}
RESULT: {"using":"xpath","value":"//*[@id=\"application-manageresources-display-component---newResourceUnit--newRRUPage-anchBar-application-manageresources-display-component---newResourceUnit--reference-anchor\"]"}
COMMAND: POST /session/885acd6bfe44f64c6e2485c8ef54779e/element/f.F53CD083946FCE278F3961FDA51ABBA8.d.1D5C0E7172C916FCC0C1D65657C2A188.e.2972/click - {}
RESULT: {}
COMMAND: POST /session/885acd6bfe44f64c6e2485c8ef54779e/execute/async - {"script":"<script> [1562 bytes]","args":[{"selector":{"id":"application-manageresources-display-component---newResourceUnit--PLANNING_GROUP-arrow"},"wdio_ui5_key":"applicationmanageresources-display-component---newResourceUnit--PLANNING_GROUP-arrow"}]}
COMMAND: GET /session/885acd6bfe44f64c6e2485c8ef54779e/screenshot - {}
RESULT: {"script":"<script> [1562 bytes]","args":[{"selector":{"id":"application-manageresources-display-component---newResourceUnit--PLANNING_GROUP-arrow"},"wdio_ui5_key":"applicationmanageresources-display-component---newResourceUnit--PLANNING_GROUP-arrow"}]}
RESULT: undefined
COMMAND: POST /session/885acd6bfe44f64c6e2485c8ef54779e/element - {"using":"xpath","value":"//*[@id=\"application-manageresources-display-component---newResourceUnit--PLANNING_GROUP-arrow\"]"}
RESULT: {}
RESULT: {"using":"xpath","value":"//*[@id=\"application-manageresources-display-component---newResourceUnit--PLANNING_GROUP-arrow\"]"}
COMMAND: POST /session/885acd6bfe44f64c6e2485c8ef54779e/element/f.F53CD083946FCE278F3961FDA51ABBA8.d.1D5C0E7172C916FCC0C1D65657C2A188.e.2982/click - {}
RESULT: {}
COMMAND: POST /session/885acd6bfe44f64c6e2485c8ef54779e/execute/async - {"script":"<script> [1562 bytes]","args":[{"selector":{"controlType":"sap.m.StandardListItem","viewName":"reusables.view.manageresources.NewResourceUnit","viewId":"application-manageresources-display-component---newResourceUnit","properties":{"title":"Heavy Equi"},"searchOpenDialogs":true,"interaction":{"idSuffix":"content"}},"wdio_ui5_key":"reusablesview.manageresources.NewResourceUnitsap.m.StandardListItem{\"title\":\"Heavy Equi\"}"}]}
COMMAND: GET /session/885acd6bfe44f64c6e2485c8ef54779e/screenshot - {}
RESULT: {"script":"<script> [1562 bytes]","args":[{"selector":{"controlType":"sap.m.StandardListItem","viewName":"reusables.view.manageresources.NewResourceUnit","viewId":"application-manageresources-display-component---newResourceUnit","properties":{"title":"Heavy Equi"},"searchOpenDialogs":true,"interaction":{"idSuffix":"content"}},"wdio_ui5_key":"reusablesview.manageresources.NewResourceUnitsap.m.StandardListItem{\"title\":\"Heavy Equi\"}"}]}
RESULT: undefined
COMMAND: POST /session/885acd6bfe44f64c6e2485c8ef54779e/element - {"using":"xpath","value":"//*[@id=\"__item1093\"]"}
RESULT: {}
RESULT: {"using":"xpath","value":"//*[@id=\"__item1093\"]"}
COMMAND: POST /session/885acd6bfe44f64c6e2485c8ef54779e/element/f.F53CD083946FCE278F3961FDA51ABBA8.d.1D5C0E7172C916FCC0C1D65657C2A188.e.2984/click - {}
RESULT: {}
COMMAND: GET /session/885acd6bfe44f64c6e2485c8ef54779e/screenshot - {}
RESULT: {}
COMMAND: POST /session/885acd6bfe44f64c6e2485c8ef54779e/execute/async - {"script":"<script> [1562 bytes]","args":[{"selector":{"id":"application-manageresources-display-component---newResourceUnit--PLANNING_INDICATOR-arrow"},"wdio_ui5_key":"applicationmanageresources-display-component---newResourceUnit--PLANNING_INDICATOR-arrow"}]}
RESULT: {"script":"<script> [1562 bytes]","args":[{"selector":{"id":"application-manageresources-display-component---newResourceUnit--PLANNING_INDICATOR-arrow"},"wdio_ui5_key":"applicationmanageresources-display-component---newResourceUnit--PLANNING_INDICATOR-arrow"}]}
RESULT: undefined
COMMAND: POST /session/885acd6bfe44f64c6e2485c8ef54779e/element - {"using":"xpath","value":"//*[@id=\"application-manageresources-display-component---newResourceUnit--PLANNING_INDICATOR-arrow\"]"}
RESULT: {"using":"xpath","value":"//*[@id=\"application-manageresources-display-component---newResourceUnit--PLANNING_INDICATOR-arrow\"]"}
COMMAND: POST /session/885acd6bfe44f64c6e2485c8ef54779e/element/f.F53CD083946FCE278F3961FDA51ABBA8.d.1D5C0E7172C916FCC0C1D65657C2A188.e.2985/click - {}
RESULT: {}
COMMAND: POST /session/885acd6bfe44f64c6e2485c8ef54779e/execute/async - {"script":"<script> [1562 bytes]","args":[{"selector":{"controlType":"sap.m.StandardListItem","viewName":"reusables.view.manageresources.NewResourceUnit","viewId":"application-manageresources-display-component---newResourceUnit","properties":{"title":"10 - infinite"},"searchOpenDialogs":true,"interaction":{"idSuffix":"content"}},"wdio_ui5_key":"reusablesview.manageresources.NewResourceUnitsap.m.StandardListItem{\"title\":\"10 - infinite\"}"}]}
COMMAND: GET /session/885acd6bfe44f64c6e2485c8ef54779e/screenshot - {}
RESULT: {"script":"<script> [1562 bytes]","args":[{"selector":{"controlType":"sap.m.StandardListItem","viewName":"reusables.view.manageresources.NewResourceUnit","viewId":"application-manageresources-display-component---newResourceUnit","properties":{"title":"10 - infinite"},"searchOpenDialogs":true,"interaction":{"idSuffix":"content"}},"wdio_ui5_key":"reusablesview.manageresources.NewResourceUnitsap.m.StandardListItem{\"title\":\"10 - infinite\"}"}]}
RESULT: undefined
COMMAND: POST /session/885acd6bfe44f64c6e2485c8ef54779e/element - {"using":"xpath","value":"//*[@id=\"__item1103\"]"}
RESULT: {}
RESULT: {"using":"xpath","value":"//*[@id=\"__item1103\"]"}
COMMAND: POST /session/885acd6bfe44f64c6e2485c8ef54779e/element/f.F53CD083946FCE278F3961FDA51ABBA8.d.1D5C0E7172C916FCC0C1D65657C2A188.e.2987/click - {}
RESULT: {}
COMMAND: GET /session/885acd6bfe44f64c6e2485c8ef54779e/screenshot - {}
RESULT: {}
COMMAND: POST /session/885acd6bfe44f64c6e2485c8ef54779e/element - {"using":"xpath","value":"//bdi[contains(text(), \"Time Segment\")]"}
RESULT: {"using":"xpath","value":"//bdi[contains(text(), \"Time Segment\")]"}
COMMAND: GET /session/885acd6bfe44f64c6e2485c8ef54779e/element/f.F53CD083946FCE278F3961FDA51ABBA8.d.1D5C0E7172C916FCC0C1D65657C2A188.e.2988/rect - {}
RESULT: {}
COMMAND: GET /session/885acd6bfe44f64c6e2485c8ef54779e/window/rect - {}
RESULT: {}
COMMAND: POST /session/885acd6bfe44f64c6e2485c8ef54779e/execute/sync - {"script":"<script> [92 bytes]","args":[]}
RESULT: {"script":"<script> [92 bytes]","args":[]}
COMMAND: POST /session/885acd6bfe44f64c6e2485c8ef54779e/actions - {"actions":[{"id":"action13","type":"wheel","parameters":{},"actions":[{"type":"scroll","x":-1804,"y":-21,"deltaX":0,"deltaY":0,"duration":0,"origin":{"element-6066-11e4-a52e-4f735466cecf":"f.F53CD083946FCE278F3961FDA51ABBA8.d.1D5C0E7172C916FCC0C1D65657C2A188.e.2988"}}]}]}
COMMAND: GET /session/885acd6bfe44f64c6e2485c8ef54779e/screenshot - {}
RESULT: {}
COMMAND: POST /session/885acd6bfe44f64c6e2485c8ef54779e/execute/sync - {"script":"<script> [79 bytes]","args":[{"element-6066-11e4-a52e-4f735466cecf":"f.F53CD083946FCE278F3961FDA51ABBA8.d.1D5C0E7172C916FCC0C1D65657C2A188.e.2988","ELEMENT":"f.F53CD083946FCE278F3961FDA51ABBA8.d.1D5C0E7172C916FCC0C1D65657C2A188.e.2988"},{"block":"start","inline":"nearest"}]}
RESULT: {"script":"<script> [79 bytes]","args":[{"element-6066-11e4-a52e-4f735466cecf":"f.F53CD083946FCE278F3961FDA51ABBA8.d.1D5C0E7172C916FCC0C1D65657C2A188.e.2988","ELEMENT":"f.F53CD083946FCE278F3961FDA51ABBA8.d.1D5C0E7172C916FCC0C1D65657C2A188.e.2988"},{"block":"start","inline":"nearest"}]}
COMMAND: GET /session/885acd6bfe44f64c6e2485c8ef54779e/screenshot - {}
RESULT: {}
COMMAND: POST /session/885acd6bfe44f64c6e2485c8ef54779e/element - {"using":"xpath","value":"//span[@id=\"application-manageresources-display-component---newResourceUnit--btnAddTimeSegment-img\"]"}
RESULT: {"using":"xpath","value":"//span[@id=\"application-manageresources-display-component---newResourceUnit--btnAddTimeSegment-img\"]"}
COMMAND: POST /session/885acd6bfe44f64c6e2485c8ef54779e/execute/sync - {"script":"<script> [8489 bytes]","args":[{"element-6066-11e4-a52e-4f735466cecf":"f.F53CD083946FCE278F3961FDA51ABBA8.d.1D5C0E7172C916FCC0C1D65657C2A188.e.2991","ELEMENT":"f.F53CD083946FCE278F3961FDA51ABBA8.d.1D5C0E7172C916FCC0C1D65657C2A188.e.2991"}]}
RESULT: {"script":"<script> [8489 bytes]","args":[{"element-6066-11e4-a52e-4f735466cecf":"f.F53CD083946FCE278F3961FDA51ABBA8.d.1D5C0E7172C916FCC0C1D65657C2A188.e.2991","ELEMENT":"f.F53CD083946FCE278F3961FDA51ABBA8.d.1D5C0E7172C916FCC0C1D65657C2A188.e.2991"}]}
COMMAND: POST /session/885acd6bfe44f64c6e2485c8ef54779e/element/f.F53CD083946FCE278F3961FDA51ABBA8.d.1D5C0E7172C916FCC0C1D65657C2A188.e.2991/click - {}
COMMAND: GET /session/885acd6bfe44f64c6e2485c8ef54779e/screenshot - {}
RESULT: {}
COMMAND: GET /session/885acd6bfe44f64c6e2485c8ef54779e/screenshot - {}
RESULT: {}
RESULT: {}
COMMAND: POST /session/885acd6bfe44f64c6e2485c8ef54779e/element - {"using":"xpath","value":"//input[@id=\"application-manageresources-display-component---newResourceUnit--idRuTSAdmin-application-manageresources-display-component---newResourceUnit--RUTimeSegment-0-inner\"]"}
RESULT: {"using":"xpath","value":"//input[@id=\"application-manageresources-display-component---newResourceUnit--idRuTSAdmin-application-manageresources-display-component---newResourceUnit--RUTimeSegment-0-inner\"]"}
COMMAND: POST /session/885acd6bfe44f64c6e2485c8ef54779e/element/f.F53CD083946FCE278F3961FDA51ABBA8.d.1D5C0E7172C916FCC0C1D65657C2A188.e.2994/clear - {}
RESULT: {}
COMMAND: POST /session/885acd6bfe44f64c6e2485c8ef54779e/element/f.F53CD083946FCE278F3961FDA51ABBA8.d.1D5C0E7172C916FCC0C1D65657C2A188.e.2994/value - {"text":"481"}
COMMAND: GET /session/885acd6bfe44f64c6e2485c8ef54779e/screenshot - {}
RESULT: {"text":"481"}
COMMAND: GET /session/885acd6bfe44f64c6e2485c8ef54779e/screenshot - {}
RESULT: {}
RESULT: {}
COMMAND: POST /session/885acd6bfe44f64c6e2485c8ef54779e/actions - {"actions":[{"id":"action14","type":"key","parameters":{},"actions":[{"type":"keyDown","value":"î€‡"},{"type":"pause","duration":10},{"type":"keyUp","value":"î€‡"}]}]}
RESULT: {"actions":[{"id":"action14","type":"key","parameters":{},"actions":[{"type":"keyDown","value":"î€‡"},{"type":"pause","duration":10},{"type":"keyUp","value":"î€‡"}]}]}
COMMAND: POST /session/885acd6bfe44f64c6e2485c8ef54779e/execute/async - {"script":"<script> [1562 bytes]","args":[{"selector":{"controlType":"sap.m.Button","viewName":"reusables.view.manageresources.NewResourceUnit","viewId":"application-manageresources-display-component---newResourceUnit","i18NText":{"propertyName":"tooltip","key":"save"},"interaction":{"idSuffix":"BDI-content"}},"wdio_ui5_key":"reusablesview.manageresources.NewResourceUnitsap.m.Button{\"propertyName\":\"tooltip\",\"key\":\"save\"}"}]}
COMMAND: GET /session/885acd6bfe44f64c6e2485c8ef54779e/screenshot - {}
RESULT: {"script":"<script> [1562 bytes]","args":[{"selector":{"controlType":"sap.m.Button","viewName":"reusables.view.manageresources.NewResourceUnit","viewId":"application-manageresources-display-component---newResourceUnit","i18NText":{"propertyName":"tooltip","key":"save"},"interaction":{"idSuffix":"BDI-content"}},"wdio_ui5_key":"reusablesview.manageresources.NewResourceUnitsap.m.Button{\"propertyName\":\"tooltip\",\"key\":\"save\"}"}]}
RESULT: undefined
COMMAND: POST /session/885acd6bfe44f64c6e2485c8ef54779e/element - {"using":"xpath","value":"//*[@id=\"application-manageresources-display-component---newResourceUnit--createRuButton\"]"}
RESULT: {}
RESULT: {"using":"xpath","value":"//*[@id=\"application-manageresources-display-component---newResourceUnit--createRuButton\"]"}
COMMAND: POST /session/885acd6bfe44f64c6e2485c8ef54779e/element/f.F53CD083946FCE278F3961FDA51ABBA8.d.1D5C0E7172C916FCC0C1D65657C2A188.e.2918/click - {}
RESULT: {}
COMMAND: GET /session/885acd6bfe44f64c6e2485c8ef54779e/screenshot - {}
RESULT: {}
COMMAND: POST /session/885acd6bfe44f64c6e2485c8ef54779e/execute/async - {"script":"<script> [1562 bytes]","args":[{"selector":{"controlType":"sap.m.Title","properties":{"text":"Success"},"searchOpenDialogs":true},"wdio_ui5_key":"sapm.Title{\"text\":\"Success\"}"}]}
RESULT: {"script":"<script> [1562 bytes]","args":[{"selector":{"controlType":"sap.m.Title","properties":{"text":"Success"},"searchOpenDialogs":true},"wdio_ui5_key":"sapm.Title{\"text\":\"Success\"}"}]}
RESULT: undefined
COMMAND: POST /session/885acd6bfe44f64c6e2485c8ef54779e/execute/async - {"script":"<script> [6424 bytes]","args":[{"element-6066-11e4-a52e-4f735466cecf":"f.F53CD083946FCE278F3961FDA51ABBA8.d.1D5C0E7172C916FCC0C1D65657C2A188.e.3008"},"getText",[]]}
RESULT: {"script":"<script> [6424 bytes]","args":[{"element-6066-11e4-a52e-4f735466cecf":"f.F53CD083946FCE278F3961FDA51ABBA8.d.1D5C0E7172C916FCC0C1D65657C2A188.e.3008"},"getText",[]]}
COMMAND: POST /session/885acd6bfe44f64c6e2485c8ef54779e/element - {"using":"xpath","value":"//*[contains(@id, '__text') and (contains(text(), 'successfully created') or contains(., 'successfully created'))]"}
RESULT: {"using":"xpath","value":"//*[contains(@id, '__text') and (contains(text(), 'successfully created') or contains(., 'successfully created'))]"}
COMMAND: GET /session/885acd6bfe44f64c6e2485c8ef54779e/element/f.F53CD083946FCE278F3961FDA51ABBA8.d.1D5C0E7172C916FCC0C1D65657C2A188.e.3006/text - {}
RESULT: {}
COMMAND: POST /session/885acd6bfe44f64c6e2485c8ef54779e/execute/async - {"script":"<script> [1562 bytes]","args":[{"selector":{"controlType":"sap.m.Button","properties":{"text":"Close"},"searchOpenDialogs":true,"interaction":{"idSuffix":"BDI-content"}},"wdio_ui5_key":"sapm.Button{\"text\":\"Close\"}"}]}
RESULT: {"script":"<script> [1562 bytes]","args":[{"selector":{"controlType":"sap.m.Button","properties":{"text":"Close"},"searchOpenDialogs":true,"interaction":{"idSuffix":"BDI-content"}},"wdio_ui5_key":"sapm.Button{\"text\":\"Close\"}"}]}
RESULT: undefined
COMMAND: POST /session/885acd6bfe44f64c6e2485c8ef54779e/element - {"using":"xpath","value":"//*[@id=\"__mbox-btn-0\"]"}
RESULT: {"using":"xpath","value":"//*[@id=\"__mbox-btn-0\"]"}
COMMAND: POST /session/885acd6bfe44f64c6e2485c8ef54779e/element/f.F53CD083946FCE278F3961FDA51ABBA8.d.1D5C0E7172C916FCC0C1D65657C2A188.e.3004/click - {}
RESULT: {}
COMMAND: GET /session/885acd6bfe44f64c6e2485c8ef54779e/screenshot - {}
RESULT: {}
COMMAND: POST /session/885acd6bfe44f64c6e2485c8ef54779e/execute/async - {"script":"<script> [1562 bytes]","args":[{"selector":{"controlType":"sap.ui.core.Icon","viewName":"etm.portal.ui.manageresources.view.Detail","viewId":"application-manageresources-display-component---detailRU","properties":{"src":{"regex":{"source":"overflow"}}}},"wdio_ui5_key":"etmportal.ui.manageresources.view.Detailsap.ui.core.Icon{\"src\":{\"regex\":{\"source\":\"overflow\"}}}"}]}
RESULT: {"script":"<script> [1562 bytes]","args":[{"selector":{"controlType":"sap.ui.core.Icon","viewName":"etm.portal.ui.manageresources.view.Detail","viewId":"application-manageresources-display-component---detailRU","properties":{"src":{"regex":{"source":"overflow"}}}},"wdio_ui5_key":"etmportal.ui.manageresources.view.Detailsap.ui.core.Icon{\"src\":{\"regex\":{\"source\":\"overflow\"}}}"}]}
RESULT: undefined
COMMAND: POST /session/885acd6bfe44f64c6e2485c8ef54779e/element - {"using":"xpath","value":"//*[@id=\"__title35-_actionsToolbar-overflowButton-img\"]"}
RESULT: {"using":"xpath","value":"//*[@id=\"__title35-_actionsToolbar-overflowButton-img\"]"}
COMMAND: POST /session/885acd6bfe44f64c6e2485c8ef54779e/element/f.F53CD083946FCE278F3961FDA51ABBA8.d.1D5C0E7172C916FCC0C1D65657C2A188.e.3040/click - {}
RESULT: {}
COMMAND: POST /session/885acd6bfe44f64c6e2485c8ef54779e/execute/async - {"script":"<script> [1562 bytes]","args":[{"selector":{"controlType":"sap.m.Button","viewName":"etm.portal.ui.manageresources.view.Detail","viewId":"application-manageresources-display-component---detailRU","i18NText":{"propertyName":"tooltip","key":"closeColumn"},"searchOpenDialogs":true,"interaction":{"idSuffix":"inner"}},"wdio_ui5_key":"etmportal.ui.manageresources.view.Detailsap.m.Button{\"propertyName\":\"tooltip\",\"key\":\"closeColumn\"}"}]}
COMMAND: GET /session/885acd6bfe44f64c6e2485c8ef54779e/screenshot - {}
RESULT: {"script":"<script> [1562 bytes]","args":[{"selector":{"controlType":"sap.m.Button","viewName":"etm.portal.ui.manageresources.view.Detail","viewId":"application-manageresources-display-component---detailRU","i18NText":{"propertyName":"tooltip","key":"closeColumn"},"searchOpenDialogs":true,"interaction":{"idSuffix":"inner"}},"wdio_ui5_key":"etmportal.ui.manageresources.view.Detailsap.m.Button{\"propertyName\":\"tooltip\",\"key\":\"closeColumn\"}"}]}
RESULT: undefined
COMMAND: POST /session/885acd6bfe44f64c6e2485c8ef54779e/element - {"using":"xpath","value":"//*[@id=\"__button146\"]"}
RESULT: {}
RESULT: {"using":"xpath","value":"//*[@id=\"__button146\"]"}
COMMAND: POST /session/885acd6bfe44f64c6e2485c8ef54779e/element/f.F53CD083946FCE278F3961FDA51ABBA8.d.1D5C0E7172C916FCC0C1D65657C2A188.e.3042/click - {}
RESULT: {}
COMMAND: POST /session/885acd6bfe44f64c6e2485c8ef54779e/element - {"using":"css selector","value":"#shell-header-logo"}
COMMAND: GET /session/885acd6bfe44f64c6e2485c8ef54779e/screenshot - {}
RESULT: {"using":"css selector","value":"#shell-header-logo"}
COMMAND: POST /session/885acd6bfe44f64c6e2485c8ef54779e/element/f.F53CD083946FCE278F3961FDA51ABBA8.d.1D5C0E7172C916FCC0C1D65657C2A188.e.2505/click - {}
RESULT: {}
RESULT: {}
COMMAND: GET /session/885acd6bfe44f64c6e2485c8ef54779e/screenshot - {}
RESULT: {}
]]></system-out>
    </testcase>
    <testcase classname="chrome.135_0_7049_96.windows.Stock_increase_-_with_WHM_US125587" name="Bin Status Report Should Create New Organization yard" time="47.32">
      <system-out><![CDATA[
COMMAND: POST /session/885acd6bfe44f64c6e2485c8ef54779e/element - {"using":"xpath","value":"//div[text()='Warehouse']"}
RESULT: {"using":"xpath","value":"//div[text()='Warehouse']"}
COMMAND: POST /session/885acd6bfe44f64c6e2485c8ef54779e/elements - {"using":"xpath","value":"//div[text()='Warehouse']"}
RESULT: {"using":"xpath","value":"//div[text()='Warehouse']"}
COMMAND: POST /session/885acd6bfe44f64c6e2485c8ef54779e/element/f.F53CD083946FCE278F3961FDA51ABBA8.d.1D5C0E7172C916FCC0C1D65657C2A188.e.3230/click - {}
RESULT: {}
COMMAND: POST /session/885acd6bfe44f64c6e2485c8ef54779e/execute/async - {"script":"<script> [1562 bytes]","args":[{"selector":{"controlType":"sap.m.GenericTile","properties":{"header":"Bin Status Report"}},"wdio_ui5_key":"sapm.GenericTile{\"header\":\"Bin Status Report\"}"}]}
COMMAND: GET /session/885acd6bfe44f64c6e2485c8ef54779e/screenshot - {}
RESULT: {"script":"<script> [1562 bytes]","args":[{"selector":{"controlType":"sap.m.GenericTile","properties":{"header":"Bin Status Report"}},"wdio_ui5_key":"sapm.GenericTile{\"header\":\"Bin Status Report\"}"}]}
RESULT: undefined
COMMAND: POST /session/885acd6bfe44f64c6e2485c8ef54779e/element - {"using":"xpath","value":"//*[@id=\"__tile108\"]"}
RESULT: {}
RESULT: {"using":"xpath","value":"//*[@id=\"__tile108\"]"}
COMMAND: POST /session/885acd6bfe44f64c6e2485c8ef54779e/element/f.F53CD083946FCE278F3961FDA51ABBA8.d.1D5C0E7172C916FCC0C1D65657C2A188.e.3233/click - {}
RESULT: {}
COMMAND: GET /session/885acd6bfe44f64c6e2485c8ef54779e/screenshot - {}
RESULT: {}
COMMAND: POST /session/885acd6bfe44f64c6e2485c8ef54779e/element - {"using":"xpath","value":"//bdi[text()='Create New Organization']"}
RESULT: {"using":"xpath","value":"//bdi[text()='Create New Organization']"}
COMMAND: POST /session/885acd6bfe44f64c6e2485c8ef54779e/elements - {"using":"xpath","value":"//bdi[text()='Create New Organization']"}
RESULT: {"using":"xpath","value":"//bdi[text()='Create New Organization']"}
COMMAND: POST /session/885acd6bfe44f64c6e2485c8ef54779e/element/f.F53CD083946FCE278F3961FDA51ABBA8.d.1D5C0E7172C916FCC0C1D65657C2A188.e.3326/click - {}
RESULT: {}
COMMAND: POST /session/885acd6bfe44f64c6e2485c8ef54779e/execute/async - {"script":"<script> [1562 bytes]","args":[{"selector":{"id":"createOrganizationPop--sectionInput","searchOpenDialogs":true,"interaction":{"idSuffix":"inner"}},"wdio_ui5_key":"createOrganizationPopsectionInput"}]}
COMMAND: GET /session/885acd6bfe44f64c6e2485c8ef54779e/screenshot - {}
RESULT: {"script":"<script> [1562 bytes]","args":[{"selector":{"id":"createOrganizationPop--sectionInput","searchOpenDialogs":true,"interaction":{"idSuffix":"inner"}},"wdio_ui5_key":"createOrganizationPopsectionInput"}]}
RESULT: undefined
COMMAND: POST /session/885acd6bfe44f64c6e2485c8ef54779e/execute/async - {"script":"<script> [776 bytes]","args":[{"enterText":"WHIjugtw","selector":{"id":"createOrganizationPop--sectionInput","searchOpenDialogs":true,"interaction":{"idSuffix":"inner"}},"clearTextFirst":true,"interactionType":"ENTER_TEXT"}]}
RESULT: {}
RESULT: {"script":"<script> [776 bytes]","args":[{"enterText":"WHIjugtw","selector":{"id":"createOrganizationPop--sectionInput","searchOpenDialogs":true,"interaction":{"idSuffix":"inner"}},"clearTextFirst":true,"interactionType":"ENTER_TEXT"}]}
COMMAND: POST /session/885acd6bfe44f64c6e2485c8ef54779e/execute/async - {"script":"<script> [1562 bytes]","args":[{"selector":{"id":"createOrganizationPop--descriptionInput","searchOpenDialogs":true,"interaction":{"idSuffix":"inner"}},"wdio_ui5_key":"createOrganizationPopdescriptionInput"}]}
RESULT: {"script":"<script> [1562 bytes]","args":[{"selector":{"id":"createOrganizationPop--descriptionInput","searchOpenDialogs":true,"interaction":{"idSuffix":"inner"}},"wdio_ui5_key":"createOrganizationPopdescriptionInput"}]}
RESULT: undefined
COMMAND: POST /session/885acd6bfe44f64c6e2485c8ef54779e/execute/async - {"script":"<script> [776 bytes]","args":[{"enterText":"WHIjugtw","selector":{"id":"createOrganizationPop--descriptionInput","searchOpenDialogs":true,"interaction":{"idSuffix":"inner"}},"clearTextFirst":true,"interactionType":"ENTER_TEXT"}]}
RESULT: {"script":"<script> [776 bytes]","args":[{"enterText":"WHIjugtw","selector":{"id":"createOrganizationPop--descriptionInput","searchOpenDialogs":true,"interaction":{"idSuffix":"inner"}},"clearTextFirst":true,"interactionType":"ENTER_TEXT"}]}
COMMAND: POST /session/885acd6bfe44f64c6e2485c8ef54779e/element - {"using":"css selector","value":"#createOrganizationPop--yardOrg-inner"}
RESULT: {"using":"css selector","value":"#createOrganizationPop--yardOrg-inner"}
COMMAND: POST /session/885acd6bfe44f64c6e2485c8ef54779e/element/f.F53CD083946FCE278F3961FDA51ABBA8.d.1D5C0E7172C916FCC0C1D65657C2A188.e.3606/clear - {}
RESULT: {}
COMMAND: POST /session/885acd6bfe44f64c6e2485c8ef54779e/element/f.F53CD083946FCE278F3961FDA51ABBA8.d.1D5C0E7172C916FCC0C1D65657C2A188.e.3606/value - {"text":"481"}
COMMAND: GET /session/885acd6bfe44f64c6e2485c8ef54779e/screenshot - {}
RESULT: {"text":"481"}
COMMAND: GET /session/885acd6bfe44f64c6e2485c8ef54779e/screenshot - {}
RESULT: {}
RESULT: {}
COMMAND: POST /session/885acd6bfe44f64c6e2485c8ef54779e/actions - {"actions":[{"id":"action15","type":"key","parameters":{},"actions":[{"type":"keyDown","value":"î€‡"},{"type":"pause","duration":10},{"type":"keyUp","value":"î€‡"}]}]}
RESULT: {"actions":[{"id":"action15","type":"key","parameters":{},"actions":[{"type":"keyDown","value":"î€‡"},{"type":"pause","duration":10},{"type":"keyUp","value":"î€‡"}]}]}
COMMAND: POST /session/885acd6bfe44f64c6e2485c8ef54779e/execute/async - {"script":"<script> [1562 bytes]","args":[{"selector":{"id":"createOrganizationPop--grZone","searchOpenDialogs":true,"interaction":{"idSuffix":"CbBg"}},"wdio_ui5_key":"createOrganizationPopgrZone"}]}
COMMAND: GET /session/885acd6bfe44f64c6e2485c8ef54779e/screenshot - {}
RESULT: {"script":"<script> [1562 bytes]","args":[{"selector":{"id":"createOrganizationPop--grZone","searchOpenDialogs":true,"interaction":{"idSuffix":"CbBg"}},"wdio_ui5_key":"createOrganizationPopgrZone"}]}
RESULT: undefined
COMMAND: POST /session/885acd6bfe44f64c6e2485c8ef54779e/element - {"using":"xpath","value":"//*[@id=\"createOrganizationPop--grZone\"]"}
RESULT: {}
RESULT: {"using":"xpath","value":"//*[@id=\"createOrganizationPop--grZone\"]"}
COMMAND: POST /session/885acd6bfe44f64c6e2485c8ef54779e/element/f.F53CD083946FCE278F3961FDA51ABBA8.d.1D5C0E7172C916FCC0C1D65657C2A188.e.3626/click - {}
RESULT: {}
COMMAND: POST /session/885acd6bfe44f64c6e2485c8ef54779e/execute/async - {"script":"<script> [1562 bytes]","args":[{"selector":{"id":"createOrganizationPop--giZone","searchOpenDialogs":true,"interaction":{"idSuffix":"CbBg"}},"wdio_ui5_key":"createOrganizationPopgiZone"}]}
COMMAND: GET /session/885acd6bfe44f64c6e2485c8ef54779e/screenshot - {}
RESULT: {"script":"<script> [1562 bytes]","args":[{"selector":{"id":"createOrganizationPop--giZone","searchOpenDialogs":true,"interaction":{"idSuffix":"CbBg"}},"wdio_ui5_key":"createOrganizationPopgiZone"}]}
RESULT: undefined
COMMAND: POST /session/885acd6bfe44f64c6e2485c8ef54779e/element - {"using":"xpath","value":"//*[@id=\"createOrganizationPop--giZone\"]"}
RESULT: {}
RESULT: {"using":"xpath","value":"//*[@id=\"createOrganizationPop--giZone\"]"}
COMMAND: POST /session/885acd6bfe44f64c6e2485c8ef54779e/element/f.F53CD083946FCE278F3961FDA51ABBA8.d.1D5C0E7172C916FCC0C1D65657C2A188.e.3628/click - {}
RESULT: {}
COMMAND: POST /session/885acd6bfe44f64c6e2485c8ef54779e/execute/async - {"script":"<script> [1562 bytes]","args":[{"selector":{"id":"createOrganizationPop--binNoInput","searchOpenDialogs":true,"interaction":{"idSuffix":"inner"}},"wdio_ui5_key":"createOrganizationPopbinNoInput"}]}
COMMAND: GET /session/885acd6bfe44f64c6e2485c8ef54779e/screenshot - {}
RESULT: {"script":"<script> [1562 bytes]","args":[{"selector":{"id":"createOrganizationPop--binNoInput","searchOpenDialogs":true,"interaction":{"idSuffix":"inner"}},"wdio_ui5_key":"createOrganizationPopbinNoInput"}]}
RESULT: undefined
COMMAND: POST /session/885acd6bfe44f64c6e2485c8ef54779e/execute/async - {"script":"<script> [776 bytes]","args":[{"enterText":"Bin-Wd","selector":{"id":"createOrganizationPop--binNoInput","searchOpenDialogs":true,"interaction":{"idSuffix":"inner"}},"clearTextFirst":true,"interactionType":"ENTER_TEXT"}]}
RESULT: {}
RESULT: {"script":"<script> [776 bytes]","args":[{"enterText":"Bin-Wd","selector":{"id":"createOrganizationPop--binNoInput","searchOpenDialogs":true,"interaction":{"idSuffix":"inner"}},"clearTextFirst":true,"interactionType":"ENTER_TEXT"}]}
COMMAND: POST /session/885acd6bfe44f64c6e2485c8ef54779e/execute/async - {"script":"<script> [1562 bytes]","args":[{"selector":{"id":"createOrganizationPop--descriptionId","searchOpenDialogs":true,"interaction":{"idSuffix":"inner"}},"wdio_ui5_key":"createOrganizationPopdescriptionId"}]}
RESULT: {"script":"<script> [1562 bytes]","args":[{"selector":{"id":"createOrganizationPop--descriptionId","searchOpenDialogs":true,"interaction":{"idSuffix":"inner"}},"wdio_ui5_key":"createOrganizationPopdescriptionId"}]}
RESULT: undefined
COMMAND: POST /session/885acd6bfe44f64c6e2485c8ef54779e/execute/async - {"script":"<script> [776 bytes]","args":[{"enterText":"Shipping-Wd","selector":{"id":"createOrganizationPop--descriptionId","searchOpenDialogs":true,"interaction":{"idSuffix":"inner"}},"clearTextFirst":true,"interactionType":"ENTER_TEXT"}]}
RESULT: {"script":"<script> [776 bytes]","args":[{"enterText":"Shipping-Wd","selector":{"id":"createOrganizationPop--descriptionId","searchOpenDialogs":true,"interaction":{"idSuffix":"inner"}},"clearTextFirst":true,"interactionType":"ENTER_TEXT"}]}
COMMAND: POST /session/885acd6bfe44f64c6e2485c8ef54779e/execute/async - {"script":"<script> [1562 bytes]","args":[{"selector":{"controlType":"sap.m.CheckBox","viewName":"etm.portal.ui.binstatusreport.view.MasterWareBins","viewId":"application-binstatusreport-display-component---warehousing","bindingPath":{"path":"","propertyPath":"/ZONE","modelName":"newBin"},"searchOpenDialogs":true,"interaction":{"idSuffix":"CbBg"}},"wdio_ui5_key":"etmportal.ui.binstatusreport.view.MasterWareBinssap.m.CheckBox{\"path\":\"\",\"propertyPath\":\"/ZONE\",\"modelName\":\"newBin\"}"}]}
RESULT: {"script":"<script> [1562 bytes]","args":[{"selector":{"controlType":"sap.m.CheckBox","viewName":"etm.portal.ui.binstatusreport.view.MasterWareBins","viewId":"application-binstatusreport-display-component---warehousing","bindingPath":{"path":"","propertyPath":"/ZONE","modelName":"newBin"},"searchOpenDialogs":true,"interaction":{"idSuffix":"CbBg"}},"wdio_ui5_key":"etmportal.ui.binstatusreport.view.MasterWareBinssap.m.CheckBox{\"path\":\"\",\"propertyPath\":\"/ZONE\",\"modelName\":\"newBin\"}"}]}
RESULT: undefined
COMMAND: POST /session/885acd6bfe44f64c6e2485c8ef54779e/element - {"using":"xpath","value":"//*[@id=\"__box41\"]"}
RESULT: {"using":"xpath","value":"//*[@id=\"__box41\"]"}
COMMAND: POST /session/885acd6bfe44f64c6e2485c8ef54779e/element/f.F53CD083946FCE278F3961FDA51ABBA8.d.1D5C0E7172C916FCC0C1D65657C2A188.e.3632/click - {}
RESULT: {}
COMMAND: POST /session/885acd6bfe44f64c6e2485c8ef54779e/execute/async - {"script":"<script> [1562 bytes]","args":[{"selector":{"id":"createOrganizationPop--binTypesCB-arrow","searchOpenDialogs":true},"wdio_ui5_key":"createOrganizationPopbinTypesCB-arrow"}]}
COMMAND: GET /session/885acd6bfe44f64c6e2485c8ef54779e/screenshot - {}
RESULT: {"script":"<script> [1562 bytes]","args":[{"selector":{"id":"createOrganizationPop--binTypesCB-arrow","searchOpenDialogs":true},"wdio_ui5_key":"createOrganizationPopbinTypesCB-arrow"}]}
RESULT: undefined
COMMAND: POST /session/885acd6bfe44f64c6e2485c8ef54779e/element - {"using":"xpath","value":"//*[@id=\"createOrganizationPop--binTypesCB-arrow\"]"}
RESULT: {}
RESULT: {"using":"xpath","value":"//*[@id=\"createOrganizationPop--binTypesCB-arrow\"]"}
COMMAND: POST /session/885acd6bfe44f64c6e2485c8ef54779e/element/f.F53CD083946FCE278F3961FDA51ABBA8.d.1D5C0E7172C916FCC0C1D65657C2A188.e.3633/click - {}
RESULT: {}
COMMAND: POST /session/885acd6bfe44f64c6e2485c8ef54779e/execute/async - {"script":"<script> [1562 bytes]","args":[{"selector":{"id":"createOrganizationPop--binTypesCB","searchOpenDialogs":true,"interaction":{"idSuffix":"inner"}},"wdio_ui5_key":"createOrganizationPopbinTypesCB"}]}
COMMAND: GET /session/885acd6bfe44f64c6e2485c8ef54779e/screenshot - {}
RESULT: {"script":"<script> [1562 bytes]","args":[{"selector":{"id":"createOrganizationPop--binTypesCB","searchOpenDialogs":true,"interaction":{"idSuffix":"inner"}},"wdio_ui5_key":"createOrganizationPopbinTypesCB"}]}
RESULT: undefined
COMMAND: POST /session/885acd6bfe44f64c6e2485c8ef54779e/execute/async - {"script":"<script> [776 bytes]","args":[{"enterText":"1 - General / No capacity check","selector":{"id":"createOrganizationPop--binTypesCB","searchOpenDialogs":true,"interaction":{"idSuffix":"inner"}},"clearTextFirst":true,"interactionType":"ENTER_TEXT"}]}
RESULT: {}
RESULT: {"script":"<script> [776 bytes]","args":[{"enterText":"1 - General / No capacity check","selector":{"id":"createOrganizationPop--binTypesCB","searchOpenDialogs":true,"interaction":{"idSuffix":"inner"}},"clearTextFirst":true,"interactionType":"ENTER_TEXT"}]}
COMMAND: POST /session/885acd6bfe44f64c6e2485c8ef54779e/actions - {"actions":[{"id":"action16","type":"key","parameters":{},"actions":[{"type":"keyDown","value":"î€‡"},{"type":"pause","duration":10},{"type":"keyUp","value":"î€‡"}]}]}
RESULT: {"actions":[{"id":"action16","type":"key","parameters":{},"actions":[{"type":"keyDown","value":"î€‡"},{"type":"pause","duration":10},{"type":"keyUp","value":"î€‡"}]}]}
COMMAND: GET /session/885acd6bfe44f64c6e2485c8ef54779e/screenshot - {}
RESULT: {}
COMMAND: POST /session/885acd6bfe44f64c6e2485c8ef54779e/execute/async - {"script":"<script> [1562 bytes]","args":[{"selector":{"id":"createOrganizationPop--finishBtn","searchOpenDialogs":true,"interaction":{"idSuffix":"BDI-content"}},"wdio_ui5_key":"createOrganizationPopfinishBtn"}]}
RESULT: {"script":"<script> [1562 bytes]","args":[{"selector":{"id":"createOrganizationPop--finishBtn","searchOpenDialogs":true,"interaction":{"idSuffix":"BDI-content"}},"wdio_ui5_key":"createOrganizationPopfinishBtn"}]}
RESULT: undefined
COMMAND: POST /session/885acd6bfe44f64c6e2485c8ef54779e/element - {"using":"xpath","value":"//*[@id=\"createOrganizationPop--finishBtn\"]"}
RESULT: {"using":"xpath","value":"//*[@id=\"createOrganizationPop--finishBtn\"]"}
COMMAND: POST /session/885acd6bfe44f64c6e2485c8ef54779e/element/f.F53CD083946FCE278F3961FDA51ABBA8.d.1D5C0E7172C916FCC0C1D65657C2A188.e.3636/click - {}
RESULT: {}
]]></system-out>
    </testcase>
    <testcase classname="chrome.135_0_7049_96.windows.Stock_increase_-_with_WHM_US125587" name="Bin Status Report Should Create New Organization for Site" time="60.311">
      <system-out><![CDATA[
COMMAND: GET /session/885acd6bfe44f64c6e2485c8ef54779e/screenshot - {}
RESULT: {}
COMMAND: POST /session/885acd6bfe44f64c6e2485c8ef54779e/execute/async - {"script":"<script> [1562 bytes]","args":[{"selector":{"id":"application-binstatusreport-display-component---warehousing--createOrgBtn","interaction":{"idSuffix":"content"}},"wdio_ui5_key":"applicationbinstatusreport-display-component---warehousing--createOrgBtn"}]}
RESULT: {"script":"<script> [1562 bytes]","args":[{"selector":{"id":"application-binstatusreport-display-component---warehousing--createOrgBtn","interaction":{"idSuffix":"content"}},"wdio_ui5_key":"applicationbinstatusreport-display-component---warehousing--createOrgBtn"}]}
RESULT: undefined
COMMAND: POST /session/885acd6bfe44f64c6e2485c8ef54779e/element - {"using":"xpath","value":"//*[@id=\"application-binstatusreport-display-component---warehousing--createOrgBtn\"]"}
RESULT: {"using":"xpath","value":"//*[@id=\"application-binstatusreport-display-component---warehousing--createOrgBtn\"]"}
COMMAND: POST /session/885acd6bfe44f64c6e2485c8ef54779e/element/f.F53CD083946FCE278F3961FDA51ABBA8.d.1D5C0E7172C916FCC0C1D65657C2A188.e.3288/click - {}
RESULT: {}
RESULT: undefined
COMMAND: POST /session/885acd6bfe44f64c6e2485c8ef54779e/execute/async - {"script":"<script> [776 bytes]","args":[{"enterText":"2317","selector":{"id":"createOrganizationPop--sectionInput","searchOpenDialogs":true,"interaction":{"idSuffix":"inner"}},"clearTextFirst":true,"interactionType":"ENTER_TEXT"}]}
COMMAND: GET /session/885acd6bfe44f64c6e2485c8ef54779e/screenshot - {}
RESULT: {"script":"<script> [776 bytes]","args":[{"enterText":"2317","selector":{"id":"createOrganizationPop--sectionInput","searchOpenDialogs":true,"interaction":{"idSuffix":"inner"}},"clearTextFirst":true,"interactionType":"ENTER_TEXT"}]}
RESULT: undefined
COMMAND: POST /session/885acd6bfe44f64c6e2485c8ef54779e/execute/async - {"script":"<script> [776 bytes]","args":[{"enterText":"2317","selector":{"id":"createOrganizationPop--descriptionInput","searchOpenDialogs":true,"interaction":{"idSuffix":"inner"}},"clearTextFirst":true,"interactionType":"ENTER_TEXT"}]}
RESULT: {}
RESULT: {"script":"<script> [776 bytes]","args":[{"enterText":"2317","selector":{"id":"createOrganizationPop--descriptionInput","searchOpenDialogs":true,"interaction":{"idSuffix":"inner"}},"clearTextFirst":true,"interactionType":"ENTER_TEXT"}]}
COMMAND: POST /session/885acd6bfe44f64c6e2485c8ef54779e/element - {"using":"css selector","value":"#createOrganizationPop--siteOrg-inner"}
RESULT: {"using":"css selector","value":"#createOrganizationPop--siteOrg-inner"}
COMMAND: POST /session/885acd6bfe44f64c6e2485c8ef54779e/element/f.F53CD083946FCE278F3961FDA51ABBA8.d.1D5C0E7172C916FCC0C1D65657C2A188.e.3644/clear - {}
RESULT: {}
COMMAND: POST /session/885acd6bfe44f64c6e2485c8ef54779e/element/f.F53CD083946FCE278F3961FDA51ABBA8.d.1D5C0E7172C916FCC0C1D65657C2A188.e.3644/value - {"text":"2317"}
COMMAND: GET /session/885acd6bfe44f64c6e2485c8ef54779e/screenshot - {}
RESULT: {"text":"2317"}
COMMAND: GET /session/885acd6bfe44f64c6e2485c8ef54779e/screenshot - {}
RESULT: {}
RESULT: {}
COMMAND: POST /session/885acd6bfe44f64c6e2485c8ef54779e/actions - {"actions":[{"id":"action17","type":"key","parameters":{},"actions":[{"type":"keyDown","value":"î€‡"},{"type":"pause","duration":10},{"type":"keyUp","value":"î€‡"}]}]}
RESULT: {"actions":[{"id":"action17","type":"key","parameters":{},"actions":[{"type":"keyDown","value":"î€‡"},{"type":"pause","duration":10},{"type":"keyUp","value":"î€‡"}]}]}
RESULT: undefined
COMMAND: POST /session/885acd6bfe44f64c6e2485c8ef54779e/element - {"using":"xpath","value":"//*[@id=\"createOrganizationPop--giZone\"]"}
COMMAND: GET /session/885acd6bfe44f64c6e2485c8ef54779e/screenshot - {}
RESULT: {"using":"xpath","value":"//*[@id=\"createOrganizationPop--giZone\"]"}
COMMAND: POST /session/885acd6bfe44f64c6e2485c8ef54779e/element/f.F53CD083946FCE278F3961FDA51ABBA8.d.1D5C0E7172C916FCC0C1D65657C2A188.e.3661/click - {}
RESULT: {}
RESULT: {}
RESULT: undefined
COMMAND: POST /session/885acd6bfe44f64c6e2485c8ef54779e/execute/async - {"script":"<script> [776 bytes]","args":[{"enterText":"WD-BIN","selector":{"id":"createOrganizationPop--binNoInput","searchOpenDialogs":true,"interaction":{"idSuffix":"inner"}},"clearTextFirst":true,"interactionType":"ENTER_TEXT"}]}
COMMAND: GET /session/885acd6bfe44f64c6e2485c8ef54779e/screenshot - {}
RESULT: {"script":"<script> [776 bytes]","args":[{"enterText":"WD-BIN","selector":{"id":"createOrganizationPop--binNoInput","searchOpenDialogs":true,"interaction":{"idSuffix":"inner"}},"clearTextFirst":true,"interactionType":"ENTER_TEXT"}]}
RESULT: undefined
COMMAND: POST /session/885acd6bfe44f64c6e2485c8ef54779e/execute/async - {"script":"<script> [776 bytes]","args":[{"enterText":"WD-BIN","selector":{"id":"createOrganizationPop--descriptionId","searchOpenDialogs":true,"interaction":{"idSuffix":"inner"}},"clearTextFirst":true,"interactionType":"ENTER_TEXT"}]}
RESULT: {}
RESULT: {"script":"<script> [776 bytes]","args":[{"enterText":"WD-BIN","selector":{"id":"createOrganizationPop--descriptionId","searchOpenDialogs":true,"interaction":{"idSuffix":"inner"}},"clearTextFirst":true,"interactionType":"ENTER_TEXT"}]}
COMMAND: POST /session/885acd6bfe44f64c6e2485c8ef54779e/execute/async - {"script":"<script> [1562 bytes]","args":[{"selector":{"controlType":"sap.m.CheckBox","viewName":"etm.portal.ui.binstatusreport.view.MasterWareBins","viewId":"application-binstatusreport-display-component---warehousing","bindingPath":{"propertyPath":"/ZONE","modelName":"newBin"},"searchOpenDialogs":true,"interaction":{"idSuffix":"CbBg"}},"wdio_ui5_key":"etmportal.ui.binstatusreport.view.MasterWareBinssap.m.CheckBox{\"propertyPath\":\"/ZONE\",\"modelName\":\"newBin\"}"}]}
RESULT: {"script":"<script> [1562 bytes]","args":[{"selector":{"controlType":"sap.m.CheckBox","viewName":"etm.portal.ui.binstatusreport.view.MasterWareBins","viewId":"application-binstatusreport-display-component---warehousing","bindingPath":{"propertyPath":"/ZONE","modelName":"newBin"},"searchOpenDialogs":true,"interaction":{"idSuffix":"CbBg"}},"wdio_ui5_key":"etmportal.ui.binstatusreport.view.MasterWareBinssap.m.CheckBox{\"propertyPath\":\"/ZONE\",\"modelName\":\"newBin\"}"}]}
RESULT: undefined
COMMAND: POST /session/885acd6bfe44f64c6e2485c8ef54779e/element - {"using":"xpath","value":"//*[@id=\"__box44\"]"}
RESULT: {"using":"xpath","value":"//*[@id=\"__box44\"]"}
COMMAND: POST /session/885acd6bfe44f64c6e2485c8ef54779e/element/f.F53CD083946FCE278F3961FDA51ABBA8.d.1D5C0E7172C916FCC0C1D65657C2A188.e.3663/click - {}
RESULT: {}
COMMAND: GET /session/885acd6bfe44f64c6e2485c8ef54779e/screenshot - {}
RESULT: {}
RESULT: undefined
COMMAND: POST /session/885acd6bfe44f64c6e2485c8ef54779e/execute/async - {"script":"<script> [776 bytes]","args":[{"enterText":"1 - General / No capacity check","selector":{"id":"createOrganizationPop--binTypesCB","searchOpenDialogs":true,"interaction":{"idSuffix":"inner"}},"clearTextFirst":true,"interactionType":"ENTER_TEXT"}]}
RESULT: {"script":"<script> [776 bytes]","args":[{"enterText":"1 - General / No capacity check","selector":{"id":"createOrganizationPop--binTypesCB","searchOpenDialogs":true,"interaction":{"idSuffix":"inner"}},"clearTextFirst":true,"interactionType":"ENTER_TEXT"}]}
COMMAND: POST /session/885acd6bfe44f64c6e2485c8ef54779e/execute/async - {"script":"<script> [1562 bytes]","args":[{"selector":{"id":"createOrganizationPop--capacityId","searchOpenDialogs":true,"interaction":{"idSuffix":"inner"}},"wdio_ui5_key":"createOrganizationPopcapacityId"}]}
RESULT: {"script":"<script> [1562 bytes]","args":[{"selector":{"id":"createOrganizationPop--capacityId","searchOpenDialogs":true,"interaction":{"idSuffix":"inner"}},"wdio_ui5_key":"createOrganizationPopcapacityId"}]}
RESULT: undefined
COMMAND: POST /session/885acd6bfe44f64c6e2485c8ef54779e/actions - {"actions":[{"id":"action18","type":"key","parameters":{},"actions":[{"type":"keyDown","value":"î€‡"},{"type":"pause","duration":10},{"type":"keyUp","value":"î€‡"}]}]}
RESULT: {"actions":[{"id":"action18","type":"key","parameters":{},"actions":[{"type":"keyDown","value":"î€‡"},{"type":"pause","duration":10},{"type":"keyUp","value":"î€‡"}]}]}
COMMAND: GET /session/885acd6bfe44f64c6e2485c8ef54779e/screenshot - {}
RESULT: {}
RESULT: undefined
COMMAND: POST /session/885acd6bfe44f64c6e2485c8ef54779e/element - {"using":"xpath","value":"//*[@id=\"createOrganizationPop--finishBtn\"]"}
RESULT: {"using":"xpath","value":"//*[@id=\"createOrganizationPop--finishBtn\"]"}
COMMAND: POST /session/885acd6bfe44f64c6e2485c8ef54779e/element/f.F53CD083946FCE278F3961FDA51ABBA8.d.1D5C0E7172C916FCC0C1D65657C2A188.e.3664/click - {}
RESULT: {}
COMMAND: GET /session/885acd6bfe44f64c6e2485c8ef54779e/screenshot - {}
RESULT: {}
COMMAND: POST /session/885acd6bfe44f64c6e2485c8ef54779e/element - {"using":"css selector","value":"#shell-header-icon"}
RESULT: {"using":"css selector","value":"#shell-header-icon"}
COMMAND: POST /session/885acd6bfe44f64c6e2485c8ef54779e/execute/sync - {"script":"<script> [8489 bytes]","args":[{"element-6066-11e4-a52e-4f735466cecf":"f.F53CD083946FCE278F3961FDA51ABBA8.d.1D5C0E7172C916FCC0C1D65657C2A188.e.3229","ELEMENT":"f.F53CD083946FCE278F3961FDA51ABBA8.d.1D5C0E7172C916FCC0C1D65657C2A188.e.3229"}]}
RESULT: {"script":"<script> [8489 bytes]","args":[{"element-6066-11e4-a52e-4f735466cecf":"f.F53CD083946FCE278F3961FDA51ABBA8.d.1D5C0E7172C916FCC0C1D65657C2A188.e.3229","ELEMENT":"f.F53CD083946FCE278F3961FDA51ABBA8.d.1D5C0E7172C916FCC0C1D65657C2A188.e.3229"}]}
COMMAND: GET /session/885acd6bfe44f64c6e2485c8ef54779e/element/f.F53CD083946FCE278F3961FDA51ABBA8.d.1D5C0E7172C916FCC0C1D65657C2A188.e.3229/enabled - {}
COMMAND: GET /session/885acd6bfe44f64c6e2485c8ef54779e/screenshot - {}
RESULT: {}
COMMAND: POST /session/885acd6bfe44f64c6e2485c8ef54779e/element/f.F53CD083946FCE278F3961FDA51ABBA8.d.1D5C0E7172C916FCC0C1D65657C2A188.e.3229/click - {}
COMMAND: GET /session/885acd6bfe44f64c6e2485c8ef54779e/screenshot - {}
RESULT: {}
RESULT: {}
COMMAND: GET /session/885acd6bfe44f64c6e2485c8ef54779e/screenshot - {}
RESULT: {}
RESULT: {}
]]></system-out>
    </testcase>
    <testcase classname="chrome.135_0_7049_96.windows.Stock_increase_-_with_WHM_US125587" name="create a whm for yard" time="33.262">
      <system-out><![CDATA[
COMMAND: POST /session/885acd6bfe44f64c6e2485c8ef54779e/element - {"using":"xpath","value":"//div[text()='Warehouse']"}
RESULT: {"using":"xpath","value":"//div[text()='Warehouse']"}
COMMAND: POST /session/885acd6bfe44f64c6e2485c8ef54779e/elements - {"using":"xpath","value":"//div[text()='Warehouse']"}
RESULT: {"using":"xpath","value":"//div[text()='Warehouse']"}
COMMAND: POST /session/885acd6bfe44f64c6e2485c8ef54779e/element/f.F53CD083946FCE278F3961FDA51ABBA8.d.1D5C0E7172C916FCC0C1D65657C2A188.e.3230/click - {}
RESULT: {}
COMMAND: POST /session/885acd6bfe44f64c6e2485c8ef54779e/element - {"using":"xpath","value":"//span[text()='Manage Warehouse Movements']"}
COMMAND: GET /session/885acd6bfe44f64c6e2485c8ef54779e/screenshot - {}
RESULT: {"using":"xpath","value":"//span[text()='Manage Warehouse Movements']"}
COMMAND: POST /session/885acd6bfe44f64c6e2485c8ef54779e/elements - {"using":"xpath","value":"//span[text()='Manage Warehouse Movements']"}
RESULT: {}
RESULT: {"using":"xpath","value":"//span[text()='Manage Warehouse Movements']"}
COMMAND: POST /session/885acd6bfe44f64c6e2485c8ef54779e/element - {"using":"xpath","value":"//input[@id='application-warehousemovements-display-component---warehouseMovements--smartFilterBar-filterItemControl_BASIC-YARD-inner']"}
RESULT: {"using":"xpath","value":"//input[@id='application-warehousemovements-display-component---warehouseMovements--smartFilterBar-filterItemControl_BASIC-YARD-inner']"}
COMMAND: POST /session/885acd6bfe44f64c6e2485c8ef54779e/element - {"using":"xpath","value":"//input[@id='application-warehousemovements-display-component---warehouseMovements--smartFilterBar-filterItemControl_BASIC-YARD-inner']"}
RESULT: {"using":"xpath","value":"//input[@id='application-warehousemovements-display-component---warehouseMovements--smartFilterBar-filterItemControl_BASIC-YARD-inner']"}
COMMAND: POST /session/885acd6bfe44f64c6e2485c8ef54779e/actions - {"actions":[{"id":"action19","type":"key","parameters":{},"actions":[{"type":"keyDown","value":"î€‡"},{"type":"pause","duration":10},{"type":"keyUp","value":"î€‡"}]}]}
RESULT: {"actions":[{"id":"action19","type":"key","parameters":{},"actions":[{"type":"keyDown","value":"î€‡"},{"type":"pause","duration":10},{"type":"keyUp","value":"î€‡"}]}]}
COMMAND: POST /session/885acd6bfe44f64c6e2485c8ef54779e/element - {"using":"xpath","value":"(//*[@title=\"Add New Movement\"])[1]"}
COMMAND: GET /session/885acd6bfe44f64c6e2485c8ef54779e/screenshot - {}
RESULT: {"using":"xpath","value":"(//*[@title=\"Add New Movement\"])[1]"}
COMMAND: POST /session/885acd6bfe44f64c6e2485c8ef54779e/element - {"using":"xpath","value":"(//*[@title=\"Add New Movement\"])[1]"}
RESULT: {}
RESULT: {"using":"xpath","value":"(//*[@title=\"Add New Movement\"])[1]"}
COMMAND: POST /session/885acd6bfe44f64c6e2485c8ef54779e/element - {"using":"xpath","value":"//*[@id=\"application-warehousemovements-display-component---addMovement--sectionsList-arrow\"]"}
RESULT: {"using":"xpath","value":"//*[@id=\"application-warehousemovements-display-component---addMovement--sectionsList-arrow\"]"}
COMMAND: POST /session/885acd6bfe44f64c6e2485c8ef54779e/element - {"using":"xpath","value":"//*[@id=\"application-warehousemovements-display-component---addMovement--sectionsList-arrow\"]"}
RESULT: {"using":"xpath","value":"//*[@id=\"application-warehousemovements-display-component---addMovement--sectionsList-arrow\"]"}
COMMAND: POST /session/885acd6bfe44f64c6e2485c8ef54779e/element - {"using":"xpath","value":"//*[@id=\"application-warehousemovements-display-component---addMovement--saveMovementBtn-BDI-content\" and text()=\"Save\"]"}
RESULT: {"using":"xpath","value":"//*[@id=\"application-warehousemovements-display-component---addMovement--saveMovementBtn-BDI-content\" and text()=\"Save\"]"}
COMMAND: POST /session/885acd6bfe44f64c6e2485c8ef54779e/element - {"using":"xpath","value":"//*[@id=\"application-warehousemovements-display-component---addMovement--saveMovementBtn-BDI-content\" and text()=\"Save\"]"}
RESULT: {"using":"xpath","value":"//*[@id=\"application-warehousemovements-display-component---addMovement--saveMovementBtn-BDI-content\" and text()=\"Save\"]"}
COMMAND: POST /session/885acd6bfe44f64c6e2485c8ef54779e/element - {"using":"css selector","value":"#shell-header-icon"}
RESULT: {"using":"css selector","value":"#shell-header-icon"}
COMMAND: POST /session/885acd6bfe44f64c6e2485c8ef54779e/execute/sync - {"script":"<script> [8489 bytes]","args":[{"element-6066-11e4-a52e-4f735466cecf":"f.F53CD083946FCE278F3961FDA51ABBA8.d.1D5C0E7172C916FCC0C1D65657C2A188.e.3667","ELEMENT":"f.F53CD083946FCE278F3961FDA51ABBA8.d.1D5C0E7172C916FCC0C1D65657C2A188.e.3667"}]}
RESULT: {"script":"<script> [8489 bytes]","args":[{"element-6066-11e4-a52e-4f735466cecf":"f.F53CD083946FCE278F3961FDA51ABBA8.d.1D5C0E7172C916FCC0C1D65657C2A188.e.3667","ELEMENT":"f.F53CD083946FCE278F3961FDA51ABBA8.d.1D5C0E7172C916FCC0C1D65657C2A188.e.3667"}]}
COMMAND: GET /session/885acd6bfe44f64c6e2485c8ef54779e/element/f.F53CD083946FCE278F3961FDA51ABBA8.d.1D5C0E7172C916FCC0C1D65657C2A188.e.3667/enabled - {}
COMMAND: GET /session/885acd6bfe44f64c6e2485c8ef54779e/screenshot - {}
RESULT: {}
COMMAND: POST /session/885acd6bfe44f64c6e2485c8ef54779e/element/f.F53CD083946FCE278F3961FDA51ABBA8.d.1D5C0E7172C916FCC0C1D65657C2A188.e.3667/click - {}
COMMAND: GET /session/885acd6bfe44f64c6e2485c8ef54779e/screenshot - {}
RESULT: {}
RESULT: {}
COMMAND: GET /session/885acd6bfe44f64c6e2485c8ef54779e/screenshot - {}
RESULT: {}
RESULT: {}
]]></system-out>
    </testcase>
    <testcase classname="chrome.135_0_7049_96.windows.Stock_increase_-_with_WHM_US125587" name="Should do a stock increase handover" time="79.644">
      <system-out><![CDATA[
COMMAND: POST /session/885acd6bfe44f64c6e2485c8ef54779e/execute/async - {"script":"<script> [1562 bytes]","args":[{"selector":{"controlType":"sap.m.Text","viewName":"etm.portal.ui.managehandoverstile.view.Master","properties":{"text":"Manage Handovers"},"interaction":{"idSuffix":"inner"}},"wdio_ui5_key":"etmportal.ui.managehandoverstile.view.Mastersap.m.Text{\"text\":\"Manage Handovers\"}"}]}
RESULT: {"script":"<script> [1562 bytes]","args":[{"selector":{"controlType":"sap.m.Text","viewName":"etm.portal.ui.managehandoverstile.view.Master","properties":{"text":"Manage Handovers"},"interaction":{"idSuffix":"inner"}},"wdio_ui5_key":"etmportal.ui.managehandoverstile.view.Mastersap.m.Text{\"text\":\"Manage Handovers\"}"}]}
RESULT: undefined
COMMAND: POST /session/885acd6bfe44f64c6e2485c8ef54779e/element - {"using":"xpath","value":"//*[@id=\"__tile131-title\"]"}
RESULT: {"using":"xpath","value":"//*[@id=\"__tile131-title\"]"}
COMMAND: POST /session/885acd6bfe44f64c6e2485c8ef54779e/element/f.F53CD083946FCE278F3961FDA51ABBA8.d.1D5C0E7172C916FCC0C1D65657C2A188.e.3669/click - {}
RESULT: {}
COMMAND: GET /session/885acd6bfe44f64c6e2485c8ef54779e/screenshot - {}
RESULT: {}
COMMAND: POST /session/885acd6bfe44f64c6e2485c8ef54779e/execute/async - {"script":"<script> [1562 bytes]","args":[{"selector":{"controlType":"sap.ui.core.Icon","viewName":"etm.portal.ui.managehandovers.view.MasterHO","properties":{"src":{"regex":{"source":"add"}}}},"wdio_ui5_key":"etmportal.ui.managehandovers.view.MasterHOsap.ui.core.Icon{\"src\":{\"regex\":{\"source\":\"add\"}}}"}]}
RESULT: {"script":"<script> [1562 bytes]","args":[{"selector":{"controlType":"sap.ui.core.Icon","viewName":"etm.portal.ui.managehandovers.view.MasterHO","properties":{"src":{"regex":{"source":"add"}}}},"wdio_ui5_key":"etmportal.ui.managehandovers.view.MasterHOsap.ui.core.Icon{\"src\":{\"regex\":{\"source\":\"add\"}}}"}]}
RESULT: undefined
COMMAND: POST /session/885acd6bfe44f64c6e2485c8ef54779e/element - {"using":"xpath","value":"//*[@id=\"__button179-img\"]"}
RESULT: {"using":"xpath","value":"//*[@id=\"__button179-img\"]"}
COMMAND: POST /session/885acd6bfe44f64c6e2485c8ef54779e/element/f.F53CD083946FCE278F3961FDA51ABBA8.d.1D5C0E7172C916FCC0C1D65657C2A188.e.3714/click - {}
RESULT: {}
COMMAND: GET /session/885acd6bfe44f64c6e2485c8ef54779e/screenshot - {}
RESULT: {}
COMMAND: POST /session/885acd6bfe44f64c6e2485c8ef54779e/execute/async - {"script":"<script> [1562 bytes]","args":[{"selector":{"id":"application-managehandovers-display-component---AddNewHO--typeSelect","interaction":{"idSuffix":"arrow"}},"wdio_ui5_key":"applicationmanagehandovers-display-component---AddNewHO--typeSelect"}]}
RESULT: {"script":"<script> [1562 bytes]","args":[{"selector":{"id":"application-managehandovers-display-component---AddNewHO--typeSelect","interaction":{"idSuffix":"arrow"}},"wdio_ui5_key":"applicationmanagehandovers-display-component---AddNewHO--typeSelect"}]}
RESULT: undefined
COMMAND: POST /session/885acd6bfe44f64c6e2485c8ef54779e/element - {"using":"xpath","value":"//*[@id=\"application-managehandovers-display-component---AddNewHO--typeSelect\"]"}
RESULT: {"using":"xpath","value":"//*[@id=\"application-managehandovers-display-component---AddNewHO--typeSelect\"]"}
COMMAND: POST /session/885acd6bfe44f64c6e2485c8ef54779e/element/f.F53CD083946FCE278F3961FDA51ABBA8.d.1D5C0E7172C916FCC0C1D65657C2A188.e.4049/click - {}
RESULT: {}
COMMAND: POST /session/885acd6bfe44f64c6e2485c8ef54779e/execute/async - {"script":"<script> [1562 bytes]","args":[{"selector":{"controlType":"sap.ui.core.Item","viewName":"etm.portal.ui.managehandovers.view.AddNewHO","viewId":"application-managehandovers-display-component---AddNewHO","bindingPath":{"path":"/HandOverTypes('100')","propertyPath":"ID","modelName":"catalogModel"},"searchOpenDialogs":true},"wdio_ui5_key":"etmportal.ui.managehandovers.view.AddNewHOsap.ui.core.Item{\"path\":\"/HandOverTypes('100')\",\"propertyPath\":\"ID\",\"modelName\":\"catalogModel\"}"}]}
COMMAND: GET /session/885acd6bfe44f64c6e2485c8ef54779e/screenshot - {}
RESULT: {"script":"<script> [1562 bytes]","args":[{"selector":{"controlType":"sap.ui.core.Item","viewName":"etm.portal.ui.managehandovers.view.AddNewHO","viewId":"application-managehandovers-display-component---AddNewHO","bindingPath":{"path":"/HandOverTypes('100')","propertyPath":"ID","modelName":"catalogModel"},"searchOpenDialogs":true},"wdio_ui5_key":"etmportal.ui.managehandovers.view.AddNewHOsap.ui.core.Item{\"path\":\"/HandOverTypes('100')\",\"propertyPath\":\"ID\",\"modelName\":\"catalogModel\"}"}]}
RESULT: undefined
COMMAND: POST /session/885acd6bfe44f64c6e2485c8ef54779e/element - {"using":"xpath","value":"//*[@id=\"__item1651-application-managehandovers-display-component---AddNewHO--typeSelect-1\"]"}
RESULT: {}
RESULT: {"using":"xpath","value":"//*[@id=\"__item1651-application-managehandovers-display-component---AddNewHO--typeSelect-1\"]"}
COMMAND: POST /session/885acd6bfe44f64c6e2485c8ef54779e/element/f.F53CD083946FCE278F3961FDA51ABBA8.d.1D5C0E7172C916FCC0C1D65657C2A188.e.4050/click - {}
RESULT: {}
COMMAND: POST /session/885acd6bfe44f64c6e2485c8ef54779e/element - {"using":"css selector","value":"#application-managehandovers-display-component---AddNewHO--oneStep-CB"}
COMMAND: GET /session/885acd6bfe44f64c6e2485c8ef54779e/screenshot - {}
RESULT: {"using":"css selector","value":"#application-managehandovers-display-component---AddNewHO--oneStep-CB"}
COMMAND: POST /session/885acd6bfe44f64c6e2485c8ef54779e/execute/sync - {"script":"<script> [8489 bytes]","args":[{"element-6066-11e4-a52e-4f735466cecf":"f.F53CD083946FCE278F3961FDA51ABBA8.d.1D5C0E7172C916FCC0C1D65657C2A188.e.4058","ELEMENT":"f.F53CD083946FCE278F3961FDA51ABBA8.d.1D5C0E7172C916FCC0C1D65657C2A188.e.4058"}]}
RESULT: {}
RESULT: {"script":"<script> [8489 bytes]","args":[{"element-6066-11e4-a52e-4f735466cecf":"f.F53CD083946FCE278F3961FDA51ABBA8.d.1D5C0E7172C916FCC0C1D65657C2A188.e.4058","ELEMENT":"f.F53CD083946FCE278F3961FDA51ABBA8.d.1D5C0E7172C916FCC0C1D65657C2A188.e.4058"}]}
COMMAND: GET /session/885acd6bfe44f64c6e2485c8ef54779e/screenshot - {}
RESULT: {}
COMMAND: POST /session/885acd6bfe44f64c6e2485c8ef54779e/element - {"using":"css selector","value":"input[id=\"generalSectionFrg--receiveYard-inner\"]"}
RESULT: {"using":"css selector","value":"input[id=\"generalSectionFrg--receiveYard-inner\"]"}
COMMAND: POST /session/885acd6bfe44f64c6e2485c8ef54779e/element/f.F53CD083946FCE278F3961FDA51ABBA8.d.1D5C0E7172C916FCC0C1D65657C2A188.e.4060/clear - {}
RESULT: {}
COMMAND: POST /session/885acd6bfe44f64c6e2485c8ef54779e/element/f.F53CD083946FCE278F3961FDA51ABBA8.d.1D5C0E7172C916FCC0C1D65657C2A188.e.4060/value - {"text":"481"}
COMMAND: GET /session/885acd6bfe44f64c6e2485c8ef54779e/screenshot - {}
RESULT: {"text":"481"}
COMMAND: GET /session/885acd6bfe44f64c6e2485c8ef54779e/screenshot - {}
RESULT: {}
RESULT: {}
COMMAND: POST /session/885acd6bfe44f64c6e2485c8ef54779e/element - {"using":"css selector","value":"#application-managehandovers-display-component---AddNewHO--dueDate-inner"}
RESULT: {"using":"css selector","value":"#application-managehandovers-display-component---AddNewHO--dueDate-inner"}
COMMAND: POST /session/885acd6bfe44f64c6e2485c8ef54779e/element/f.F53CD083946FCE278F3961FDA51ABBA8.d.1D5C0E7172C916FCC0C1D65657C2A188.e.4054/clear - {}
RESULT: {}
COMMAND: POST /session/885acd6bfe44f64c6e2485c8ef54779e/element/f.F53CD083946FCE278F3961FDA51ABBA8.d.1D5C0E7172C916FCC0C1D65657C2A188.e.4054/value - {"text":"5/1/25"}
COMMAND: GET /session/885acd6bfe44f64c6e2485c8ef54779e/screenshot - {}
RESULT: {"text":"5/1/25"}
COMMAND: GET /session/885acd6bfe44f64c6e2485c8ef54779e/screenshot - {}
RESULT: {}
RESULT: {}
COMMAND: POST /session/885acd6bfe44f64c6e2485c8ef54779e/element - {"using":"xpath","value":"//bdi[(text() = 'Items' or . = 'Items')]"}
RESULT: {"using":"xpath","value":"//bdi[(text() = 'Items' or . = 'Items')]"}
COMMAND: POST /session/885acd6bfe44f64c6e2485c8ef54779e/element/f.F53CD083946FCE278F3961FDA51ABBA8.d.1D5C0E7172C916FCC0C1D65657C2A188.e.4074/click - {}
RESULT: {}
COMMAND: GET /session/885acd6bfe44f64c6e2485c8ef54779e/screenshot - {}
RESULT: {}
COMMAND: POST /session/885acd6bfe44f64c6e2485c8ef54779e/element - {"using":"xpath","value":"//button[@aria-label=\"Add\"]"}
RESULT: {"using":"xpath","value":"//button[@aria-label=\"Add\"]"}
COMMAND: POST /session/885acd6bfe44f64c6e2485c8ef54779e/element/f.F53CD083946FCE278F3961FDA51ABBA8.d.1D5C0E7172C916FCC0C1D65657C2A188.e.4079/click - {}
RESULT: {}
COMMAND: GET /session/885acd6bfe44f64c6e2485c8ef54779e/screenshot - {}
RESULT: {}
COMMAND: POST /session/885acd6bfe44f64c6e2485c8ef54779e/element - {"using":"css selector","value":"input[id= \"application-managehandovers-display-component---AddNewHO--smartFilterBar-btnBasicSearch-I\"]"}
RESULT: {"using":"css selector","value":"input[id= \"application-managehandovers-display-component---AddNewHO--smartFilterBar-btnBasicSearch-I\"]"}
COMMAND: POST /session/885acd6bfe44f64c6e2485c8ef54779e/element/f.F53CD083946FCE278F3961FDA51ABBA8.d.1D5C0E7172C916FCC0C1D65657C2A188.e.4083/clear - {}
RESULT: {}
COMMAND: POST /session/885acd6bfe44f64c6e2485c8ef54779e/element/f.F53CD083946FCE278F3961FDA51ABBA8.d.1D5C0E7172C916FCC0C1D65657C2A188.e.4083/value - {"text":"200256"}
COMMAND: GET /session/885acd6bfe44f64c6e2485c8ef54779e/screenshot - {}
RESULT: {"text":"200256"}
COMMAND: POST /session/885acd6bfe44f64c6e2485c8ef54779e/actions - {"actions":[{"id":"action20","type":"key","parameters":{},"actions":[{"type":"keyDown","value":"î€‡"},{"type":"pause","duration":10},{"type":"keyUp","value":"î€‡"}]}]}
COMMAND: GET /session/885acd6bfe44f64c6e2485c8ef54779e/screenshot - {}
RESULT: {}
RESULT: {"actions":[{"id":"action20","type":"key","parameters":{},"actions":[{"type":"keyDown","value":"î€‡"},{"type":"pause","duration":10},{"type":"keyUp","value":"î€‡"}]}]}
COMMAND: POST /session/885acd6bfe44f64c6e2485c8ef54779e/element - {"using":"css selector","value":"div[id= \"application-managehandovers-display-component---AddNewHO--smartFilterBar-btnBasicSearch-search\"]"}
COMMAND: GET /session/885acd6bfe44f64c6e2485c8ef54779e/screenshot - {}
RESULT: {}
RESULT: {"using":"css selector","value":"div[id= \"application-managehandovers-display-component---AddNewHO--smartFilterBar-btnBasicSearch-search\"]"}
COMMAND: POST /session/885acd6bfe44f64c6e2485c8ef54779e/element/f.F53CD083946FCE278F3961FDA51ABBA8.d.1D5C0E7172C916FCC0C1D65657C2A188.e.4233/click - {}
RESULT: {}
RESULT: {}
COMMAND: GET /session/885acd6bfe44f64c6e2485c8ef54779e/screenshot - {}
RESULT: {}
COMMAND: POST /session/885acd6bfe44f64c6e2485c8ef54779e/element - {"using":"css selector","value":"div[id= \"application-managehandovers-display-component---AddNewHO--popup-sa-CbBg\"]"}
RESULT: {"using":"css selector","value":"div[id= \"application-managehandovers-display-component---AddNewHO--popup-sa-CbBg\"]"}
COMMAND: POST /session/885acd6bfe44f64c6e2485c8ef54779e/element/f.F53CD083946FCE278F3961FDA51ABBA8.d.1D5C0E7172C916FCC0C1D65657C2A188.e.4234/click - {}
RESULT: {}
COMMAND: POST /session/885acd6bfe44f64c6e2485c8ef54779e/element - {"using":"xpath","value":"//bdi[(text() = 'Select' or . = 'Select')]"}
COMMAND: GET /session/885acd6bfe44f64c6e2485c8ef54779e/screenshot - {}
RESULT: {"using":"xpath","value":"//bdi[(text() = 'Select' or . = 'Select')]"}
COMMAND: POST /session/885acd6bfe44f64c6e2485c8ef54779e/element/f.F53CD083946FCE278F3961FDA51ABBA8.d.1D5C0E7172C916FCC0C1D65657C2A188.e.4235/click - {}
RESULT: {}
RESULT: {}
COMMAND: GET /session/885acd6bfe44f64c6e2485c8ef54779e/screenshot - {}
RESULT: {}
COMMAND: POST /session/885acd6bfe44f64c6e2485c8ef54779e/element - {"using":"xpath","value":"//bdi[(text() = 'Save' or . = 'Save')]"}
RESULT: {"using":"xpath","value":"//bdi[(text() = 'Save' or . = 'Save')]"}
COMMAND: POST /session/885acd6bfe44f64c6e2485c8ef54779e/element/f.F53CD083946FCE278F3961FDA51ABBA8.d.1D5C0E7172C916FCC0C1D65657C2A188.e.4239/click - {}
RESULT: {}
COMMAND: GET /session/885acd6bfe44f64c6e2485c8ef54779e/screenshot - {}
RESULT: {}
COMMAND: POST /session/885acd6bfe44f64c6e2485c8ef54779e/element - {"using":"xpath","value":"//input[contains(@id ,\"receiptDatePicker-inner\")]"}
RESULT: {"using":"xpath","value":"//input[contains(@id ,\"receiptDatePicker-inner\")]"}
COMMAND: POST /session/885acd6bfe44f64c6e2485c8ef54779e/element/f.F53CD083946FCE278F3961FDA51ABBA8.d.1D5C0E7172C916FCC0C1D65657C2A188.e.4269/click - {}
RESULT: {}
COMMAND: POST /session/885acd6bfe44f64c6e2485c8ef54779e/element - {"using":"xpath","value":"//input[contains(@id ,\"receiptDatePicker-inner\")]"}
COMMAND: GET /session/885acd6bfe44f64c6e2485c8ef54779e/screenshot - {}
RESULT: {"using":"xpath","value":"//input[contains(@id ,\"receiptDatePicker-inner\")]"}
COMMAND: POST /session/885acd6bfe44f64c6e2485c8ef54779e/element/f.F53CD083946FCE278F3961FDA51ABBA8.d.1D5C0E7172C916FCC0C1D65657C2A188.e.4269/clear - {}
RESULT: {}
RESULT: {}
COMMAND: POST /session/885acd6bfe44f64c6e2485c8ef54779e/element/f.F53CD083946FCE278F3961FDA51ABBA8.d.1D5C0E7172C916FCC0C1D65657C2A188.e.4269/value - {"text":"5/1/25"}
COMMAND: GET /session/885acd6bfe44f64c6e2485c8ef54779e/screenshot - {}
RESULT: {"text":"5/1/25"}
COMMAND: GET /session/885acd6bfe44f64c6e2485c8ef54779e/screenshot - {}
RESULT: {}
RESULT: {}
COMMAND: POST /session/885acd6bfe44f64c6e2485c8ef54779e/execute/async - {"script":"<script> [1562 bytes]","args":[{"selector":{"id":"administrationTabFilter","viewName":"etm.portal.ui.managehandovers.view.DetailExecuteHO","interaction":{"idSuffix":"text"}},"wdio_ui5_key":"administrationTabFilteretmportal.ui.managehandovers.view.DetailExecuteHO"}]}
RESULT: {"script":"<script> [1562 bytes]","args":[{"selector":{"id":"administrationTabFilter","viewName":"etm.portal.ui.managehandovers.view.DetailExecuteHO","interaction":{"idSuffix":"text"}},"wdio_ui5_key":"administrationTabFilteretmportal.ui.managehandovers.view.DetailExecuteHO"}]}
RESULT: undefined
COMMAND: POST /session/885acd6bfe44f64c6e2485c8ef54779e/element - {"using":"xpath","value":"//*[@id=\"__xmlview61--administrationTabFilter\"]"}
RESULT: {"using":"xpath","value":"//*[@id=\"__xmlview61--administrationTabFilter\"]"}
COMMAND: POST /session/885acd6bfe44f64c6e2485c8ef54779e/element/f.F53CD083946FCE278F3961FDA51ABBA8.d.1D5C0E7172C916FCC0C1D65657C2A188.e.4287/click - {}
RESULT: {}
RESULT: undefined
COMMAND: POST /session/885acd6bfe44f64c6e2485c8ef54779e/element - {"using":"xpath","value":"//*[@id=\"__xmlview61--administrationTabFilter\"]"}
COMMAND: GET /session/885acd6bfe44f64c6e2485c8ef54779e/screenshot - {}
RESULT: {"using":"xpath","value":"//*[@id=\"__xmlview61--administrationTabFilter\"]"}
COMMAND: POST /session/885acd6bfe44f64c6e2485c8ef54779e/element/f.F53CD083946FCE278F3961FDA51ABBA8.d.1D5C0E7172C916FCC0C1D65657C2A188.e.4287/click - {}
RESULT: {}
RESULT: {}
COMMAND: GET /session/885acd6bfe44f64c6e2485c8ef54779e/screenshot - {}
RESULT: {}
COMMAND: POST /session/885acd6bfe44f64c6e2485c8ef54779e/element - {"using":"xpath","value":"//bdi[(text() = 'Confirm' or . = 'Confirm')]"}
RESULT: {"using":"xpath","value":"//bdi[(text() = 'Confirm' or . = 'Confirm')]"}
COMMAND: POST /session/885acd6bfe44f64c6e2485c8ef54779e/element/f.F53CD083946FCE278F3961FDA51ABBA8.d.1D5C0E7172C916FCC0C1D65657C2A188.e.4295/click - {}
RESULT: {}
COMMAND: GET /session/885acd6bfe44f64c6e2485c8ef54779e/screenshot - {}
RESULT: {}
COMMAND: POST /session/885acd6bfe44f64c6e2485c8ef54779e/execute/async - {"script":"<script> [1562 bytes]","args":[{"selector":{"id":"confirmationButton","viewName":"etm.portal.ui.managehandovers.view.DetailExecuteHO","interaction":{"idSuffix":"BDI-content"}},"wdio_ui5_key":"confirmationButtonetmportal.ui.managehandovers.view.DetailExecuteHO"}]}
RESULT: {"script":"<script> [1562 bytes]","args":[{"selector":{"id":"confirmationButton","viewName":"etm.portal.ui.managehandovers.view.DetailExecuteHO","interaction":{"idSuffix":"BDI-content"}},"wdio_ui5_key":"confirmationButtonetmportal.ui.managehandovers.view.DetailExecuteHO"}]}
RESULT: undefined
COMMAND: POST /session/885acd6bfe44f64c6e2485c8ef54779e/element - {"using":"css selector","value":"bdi[aria-live=\"off\"][text=\"Close\"]"}
RESULT: {"using":"css selector","value":"bdi[aria-live=\"off\"][text=\"Close\"]"}
COMMAND: POST /session/885acd6bfe44f64c6e2485c8ef54779e/element - {"using":"css selector","value":"bdi[aria-live=\"off\"][text=\"Close\"]"}
RESULT: {"using":"css selector","value":"bdi[aria-live=\"off\"][text=\"Close\"]"}
COMMAND: POST /session/885acd6bfe44f64c6e2485c8ef54779e/element - {"using":"css selector","value":"#shell-header-logo"}
RESULT: {"using":"css selector","value":"#shell-header-logo"}
COMMAND: POST /session/885acd6bfe44f64c6e2485c8ef54779e/element/f.F53CD083946FCE278F3961FDA51ABBA8.d.1D5C0E7172C916FCC0C1D65657C2A188.e.3673/click - {}
RESULT: {}
COMMAND: GET /session/885acd6bfe44f64c6e2485c8ef54779e/screenshot - {}
RESULT: {}
COMMAND: POST /session/885acd6bfe44f64c6e2485c8ef54779e/element - {"using":"css selector","value":"#j_username"}
COMMAND: POST /session/885acd6bfe44f64c6e2485c8ef54779e/url - {"url":"https://qa-testing-00-live-etm-ui.cfapps.eu10-004.hana.ondemand.com/"}
RESULT: {"using":"css selector","value":"#j_username"}
COMMAND: POST /session/885acd6bfe44f64c6e2485c8ef54779e/element - {"using":"css selector","value":"#j_username"}
RESULT: {"url":"https://qa-testing-00-live-etm-ui.cfapps.eu10-004.hana.ondemand.com/"}
RESULT: undefined
COMMAND: GET /session/885acd6bfe44f64c6e2485c8ef54779e/screenshot - {}
RESULT: {"using":"css selector","value":"#j_username"}
COMMAND: POST /session/885acd6bfe44f64c6e2485c8ef54779e/element - {"using":"css selector","value":"#shell-header-logo"}
RESULT: {}
RESULT: {"using":"css selector","value":"#shell-header-logo"}
COMMAND: POST /session/885acd6bfe44f64c6e2485c8ef54779e/execute/sync - {"script":"<script> [8489 bytes]","args":[{"element-6066-11e4-a52e-4f735466cecf":"f.F53CD083946FCE278F3961FDA51ABBA8.d.4BE41A2D22B72E9FF17B5FE6838589F1.e.4311","ELEMENT":"f.F53CD083946FCE278F3961FDA51ABBA8.d.4BE41A2D22B72E9FF17B5FE6838589F1.e.4311"}]}
RESULT: {"script":"<script> [8489 bytes]","args":[{"element-6066-11e4-a52e-4f735466cecf":"f.F53CD083946FCE278F3961FDA51ABBA8.d.4BE41A2D22B72E9FF17B5FE6838589F1.e.4311","ELEMENT":"f.F53CD083946FCE278F3961FDA51ABBA8.d.4BE41A2D22B72E9FF17B5FE6838589F1.e.4311"}]}
COMMAND: POST /session/885acd6bfe44f64c6e2485c8ef54779e/element - {"using":"css selector","value":"#shell-header-logo"}
COMMAND: GET /session/885acd6bfe44f64c6e2485c8ef54779e/screenshot - {}
RESULT: {"using":"css selector","value":"#shell-header-logo"}
COMMAND: POST /session/885acd6bfe44f64c6e2485c8ef54779e/execute/sync - {"script":"<script> [8489 bytes]","args":[{"element-6066-11e4-a52e-4f735466cecf":"f.F53CD083946FCE278F3961FDA51ABBA8.d.4BE41A2D22B72E9FF17B5FE6838589F1.e.4311","ELEMENT":"f.F53CD083946FCE278F3961FDA51ABBA8.d.4BE41A2D22B72E9FF17B5FE6838589F1.e.4311"}]}
RESULT: {}
RESULT: {"script":"<script> [8489 bytes]","args":[{"element-6066-11e4-a52e-4f735466cecf":"f.F53CD083946FCE278F3961FDA51ABBA8.d.4BE41A2D22B72E9FF17B5FE6838589F1.e.4311","ELEMENT":"f.F53CD083946FCE278F3961FDA51ABBA8.d.4BE41A2D22B72E9FF17B5FE6838589F1.e.4311"}]}
COMMAND: POST /session/885acd6bfe44f64c6e2485c8ef54779e/execute/sync - {"script":"<script> [5351 bytes]","args":[{"element-6066-11e4-a52e-4f735466cecf":"f.F53CD083946FCE278F3961FDA51ABBA8.d.4BE41A2D22B72E9FF17B5FE6838589F1.e.4311","ELEMENT":"f.F53CD083946FCE278F3961FDA51ABBA8.d.4BE41A2D22B72E9FF17B5FE6838589F1.e.4311"}]}
COMMAND: GET /session/885acd6bfe44f64c6e2485c8ef54779e/screenshot - {}
RESULT: {"script":"<script> [5351 bytes]","args":[{"element-6066-11e4-a52e-4f735466cecf":"f.F53CD083946FCE278F3961FDA51ABBA8.d.4BE41A2D22B72E9FF17B5FE6838589F1.e.4311","ELEMENT":"f.F53CD083946FCE278F3961FDA51ABBA8.d.4BE41A2D22B72E9FF17B5FE6838589F1.e.4311"}]}
COMMAND: POST /session/885acd6bfe44f64c6e2485c8ef54779e/element - {"using":"css selector","value":"#shell-header-logo"}
COMMAND: GET /session/885acd6bfe44f64c6e2485c8ef54779e/screenshot - {}
RESULT: {}
RESULT: {"using":"css selector","value":"#shell-header-logo"}
COMMAND: POST /session/885acd6bfe44f64c6e2485c8ef54779e/element/f.F53CD083946FCE278F3961FDA51ABBA8.d.4BE41A2D22B72E9FF17B5FE6838589F1.e.4311/click - {}
RESULT: {}
RESULT: {}
COMMAND: GET /session/885acd6bfe44f64c6e2485c8ef54779e/screenshot - {}
RESULT: {}
COMMAND: POST /session/885acd6bfe44f64c6e2485c8ef54779e/execute/async - {"script":"<script> [189 bytes]","args":[]}
RESULT: {"script":"<script> [189 bytes]","args":[]}
COMMAND: POST /session/885acd6bfe44f64c6e2485c8ef54779e/execute/async - {"script":"<script> [123 bytes]","args":[]}
RESULT: {"script":"<script> [123 bytes]","args":[]}
COMMAND: POST /session/885acd6bfe44f64c6e2485c8ef54779e/timeouts - {"script":"<number>"}
RESULT: {"script":"<number>"}
COMMAND: GET /session/885acd6bfe44f64c6e2485c8ef54779e/timeouts - {}
RESULT: {}
RESULT: undefined
COMMAND: POST /session/885acd6bfe44f64c6e2485c8ef54779e/execute/async - {"script":"<script> [2676 bytes]","args":[]}
RESULT: {"script":"<script> [2676 bytes]","args":[]}
COMMAND: POST /session/885acd6bfe44f64c6e2485c8ef54779e/execute/async - {"script":"<script> [2342 bytes]","args":[{"protocol":"http","hostname":"0.0.0.0","path":"/","capabilities":{"browserName":"chrome","goog:chromeOptions":{"binary":"C:\\Program Files\\Google\\Chrome\\Application\\chrome.exe","args":["--start-maximized"]}},"logLevel":"warn","connectionRetryTimeout":120000,"connectionRetryCount":3,"logLevels":{},"enableDirectConnect":true,"strictSSL":true,"_":"65 more keys: [\"cacheDir\",\"port\",\"requestedCapabilities\",\"automationProtocol\",\"baseUrl\",\"waitforInterval\",\"waitforTimeout\",\"onReload\",\"beforeCommand\",\"afterCommand\",\"rootDir\",\"specs\",\"suites\",\"exclude\",\"groupLogsByTestSpec\",\"excludeDriverLogs\",\"bail\",\"framework\",\"reporters\",\"services\",\"maxInstances\",\"maxInstancesPerCapability\",\"injectGlobals\",\"filesToWatch\",\"execArgv\",\"runnerEnv\",\"runner\",\"shard\",\"specFileRetries\",\"specFileRetriesDelay\",\"specFileRetriesDeferred\",\"reporterSyncInterval\",\"reporterSyncTimeout\",\"cucumberFeaturesWithLineNumbers\",\"autoCompileOpts\",\"mochaOpts\",\"jasmineOpts\",\"cucumberOpts\",\"onPrepare\",\"onWorkerStart\",\"onWorkerEnd\",\"before\",\"beforeSession\",\"beforeSuite\",\"beforeHook\",\"beforeTest\",\"afterTest\",\"afterHook\",\"afterSuite\",\"afterSession\",\"after\",\"onComplete\",\"beforeAssertion\",\"afterAssertion\",\"beforeFeature\",\"beforeScenario\",\"beforeStep\",\"afterStep\",\"afterScenario\",\"afterFeature\",\"_\",\"suite\",\"$0\",\"ignoredWorkerServices\",\"wdi5\"]"}]}
RESULT: {"script":"<script> [2342 bytes]","args":[{"protocol":"http","hostname":"0.0.0.0","path":"/","capabilities":{"browserName":"chrome","goog:chromeOptions":{"binary":"C:\\Program Files\\Google\\Chrome\\Application\\chrome.exe","args":["--start-maximized"]}},"logLevel":"warn","connectionRetryTimeout":120000,"connectionRetryCount":3,"logLevels":{},"enableDirectConnect":true,"strictSSL":true,"_":"65 more keys: [\"cacheDir\",\"port\",\"requestedCapabilities\",\"automationProtocol\",\"baseUrl\",\"waitforInterval\",\"waitforTimeout\",\"onReload\",\"beforeCommand\",\"afterCommand\",\"rootDir\",\"specs\",\"suites\",\"exclude\",\"groupLogsByTestSpec\",\"excludeDriverLogs\",\"bail\",\"framework\",\"reporters\",\"services\",\"maxInstances\",\"maxInstancesPerCapability\",\"injectGlobals\",\"filesToWatch\",\"execArgv\",\"runnerEnv\",\"runner\",\"shard\",\"specFileRetries\",\"specFileRetriesDelay\",\"specFileRetriesDeferred\",\"reporterSyncInterval\",\"reporterSyncTimeout\",\"cucumberFeaturesWithLineNumbers\",\"autoCompileOpts\",\"mochaOpts\",\"jasmineOpts\",\"cucumberOpts\",\"onPrepare\",\"onWorkerStart\",\"onWorkerEnd\",\"before\",\"beforeSession\",\"beforeSuite\",\"beforeHook\",\"beforeTest\",\"afterTest\",\"afterHook\",\"afterSuite\",\"afterSession\",\"after\",\"onComplete\",\"beforeAssertion\",\"afterAssertion\",\"beforeFeature\",\"beforeScenario\",\"beforeStep\",\"afterStep\",\"afterScenario\",\"afterFeature\",\"_\",\"suite\",\"$0\",\"ignoredWorkerServices\",\"wdi5\"]"}]}
COMMAND: POST /session/885acd6bfe44f64c6e2485c8ef54779e/execute/async - {"script":"<script> [21126 bytes]","args":[35000]}
RESULT: {"script":"<script> [21126 bytes]","args":[35000]}
COMMAND: POST /session/885acd6bfe44f64c6e2485c8ef54779e/window/maximize - {}
RESULT: {}
COMMAND: POST /session/885acd6bfe44f64c6e2485c8ef54779e/execute/async - {"script":"<script> [1562 bytes]","args":[{"selector":{"id":"shell-header","interaction":{"idSuffix":"icon"}},"wdio_ui5_key":"shellheader"}]}
COMMAND: GET /session/885acd6bfe44f64c6e2485c8ef54779e/screenshot - {}
RESULT: {"script":"<script> [1562 bytes]","args":[{"selector":{"id":"shell-header","interaction":{"idSuffix":"icon"}},"wdio_ui5_key":"shellheader"}]}
RESULT: undefined
]]></system-out>
    </testcase>
  </testsuite>
  <testsuite timestamp="2025-05-01T16:36:42" time="369.046" tests="6" failures="0" errors="0" skipped="0">
    <properties>
      <property name="specId" value="0" />
      <property name="suiteName" value="Provide to Site w/ warehouse management w/ clarification US115878" />
      <property name="capabilities" value="chrome.135_0_7049_96.windows" />
      <property name="file" value="file:///D:/a/1/s/test/specs/HTR/provide-to-site-w-warehouse-w-clarification.spec.js" />
    </properties>
    <testcase classname="chrome.135_0_7049_96.windows.Provide_to_Site_w/_warehouse_management_w/_clarification_US115878" name="Should create a WHM yard" time="82.835">
      <system-out><![CDATA[
COMMAND: POST /session/885acd6bfe44f64c6e2485c8ef54779e/execute/async - {"script":"<script> [1562 bytes]","args":[{"selector":{"controlType":"sap.m.GenericTile","properties":{"header":"Manage Yards"}},"wdio_ui5_key":"sapm.GenericTile{\"header\":\"Manage Yards\"}"}]}
RESULT: {}
RESULT: {"script":"<script> [1562 bytes]","args":[{"selector":{"controlType":"sap.m.GenericTile","properties":{"header":"Manage Yards"}},"wdio_ui5_key":"sapm.GenericTile{\"header\":\"Manage Yards\"}"}]}
RESULT: undefined
COMMAND: POST /session/885acd6bfe44f64c6e2485c8ef54779e/element - {"using":"xpath","value":"//*[@id=\"__tile33\"]"}
RESULT: {"using":"xpath","value":"//*[@id=\"__tile33\"]"}
COMMAND: POST /session/885acd6bfe44f64c6e2485c8ef54779e/element/f.F53CD083946FCE278F3961FDA51ABBA8.d.4BE41A2D22B72E9FF17B5FE6838589F1.e.4340/click - {}
RESULT: {}
COMMAND: POST /session/885acd6bfe44f64c6e2485c8ef54779e/execute/async - {"script":"<script> [1562 bytes]","args":[{"selector":{"controlType":"sap.ui.core.Icon","viewName":"etm.portal.ui.manageyards.view.Master","viewId":"application-manageyards-display-component---masterYard","properties":{"src":{"regex":{"source":"add"}}}},"wdio_ui5_key":"etmportal.ui.manageyards.view.Mastersap.ui.core.Icon{\"src\":{\"regex\":{\"source\":\"add\"}}}"}]}
COMMAND: GET /session/885acd6bfe44f64c6e2485c8ef54779e/screenshot - {}
RESULT: {"script":"<script> [1562 bytes]","args":[{"selector":{"controlType":"sap.ui.core.Icon","viewName":"etm.portal.ui.manageyards.view.Master","viewId":"application-manageyards-display-component---masterYard","properties":{"src":{"regex":{"source":"add"}}}},"wdio_ui5_key":"etmportal.ui.manageyards.view.Mastersap.ui.core.Icon{\"src\":{\"regex\":{\"source\":\"add\"}}}"}]}
RESULT: undefined
COMMAND: POST /session/885acd6bfe44f64c6e2485c8ef54779e/element - {"using":"xpath","value":"//*[@id=\"__button4-img\"]"}
RESULT: {}
RESULT: {"using":"xpath","value":"//*[@id=\"__button4-img\"]"}
COMMAND: POST /session/885acd6bfe44f64c6e2485c8ef54779e/element/f.F53CD083946FCE278F3961FDA51ABBA8.d.4BE41A2D22B72E9FF17B5FE6838589F1.e.4473/click - {}
RESULT: {}
COMMAND: POST /session/885acd6bfe44f64c6e2485c8ef54779e/execute/async - {"script":"<script> [1562 bytes]","args":[{"selector":{"id":"application-manageyards-display-component---NewYard--addressDetailDetailsName1","interaction":{"idSuffix":"inner"}},"wdio_ui5_key":"applicationmanageyards-display-component---NewYard--addressDetailDetailsName1"}]}
COMMAND: GET /session/885acd6bfe44f64c6e2485c8ef54779e/screenshot - {}
RESULT: {"script":"<script> [1562 bytes]","args":[{"selector":{"id":"application-manageyards-display-component---NewYard--addressDetailDetailsName1","interaction":{"idSuffix":"inner"}},"wdio_ui5_key":"applicationmanageyards-display-component---NewYard--addressDetailDetailsName1"}]}
RESULT: undefined
COMMAND: POST /session/885acd6bfe44f64c6e2485c8ef54779e/execute/async - {"script":"<script> [776 bytes]","args":[{"enterText":"warehouse managed Yard","selector":{"id":"application-manageyards-display-component---NewYard--addressDetailDetailsName1","interaction":{"idSuffix":"inner"}},"clearTextFirst":true,"interactionType":"ENTER_TEXT"}]}
RESULT: {}
RESULT: {"script":"<script> [776 bytes]","args":[{"enterText":"warehouse managed Yard","selector":{"id":"application-manageyards-display-component---NewYard--addressDetailDetailsName1","interaction":{"idSuffix":"inner"}},"clearTextFirst":true,"interactionType":"ENTER_TEXT"}]}
COMMAND: POST /session/885acd6bfe44f64c6e2485c8ef54779e/execute/async - {"script":"<script> [1562 bytes]","args":[{"selector":{"id":"application-manageyards-display-component---NewYard--addressDetailDetailsLanguage-arrow"},"wdio_ui5_key":"applicationmanageyards-display-component---NewYard--addressDetailDetailsLanguage-arrow"}]}
RESULT: {"script":"<script> [1562 bytes]","args":[{"selector":{"id":"application-manageyards-display-component---NewYard--addressDetailDetailsLanguage-arrow"},"wdio_ui5_key":"applicationmanageyards-display-component---NewYard--addressDetailDetailsLanguage-arrow"}]}
RESULT: undefined
COMMAND: POST /session/885acd6bfe44f64c6e2485c8ef54779e/element - {"using":"xpath","value":"//*[@id=\"application-manageyards-display-component---NewYard--addressDetailDetailsLanguage-arrow\"]"}
RESULT: {"using":"xpath","value":"//*[@id=\"application-manageyards-display-component---NewYard--addressDetailDetailsLanguage-arrow\"]"}
COMMAND: POST /session/885acd6bfe44f64c6e2485c8ef54779e/element/f.F53CD083946FCE278F3961FDA51ABBA8.d.4BE41A2D22B72E9FF17B5FE6838589F1.e.4884/click - {}
RESULT: {}
COMMAND: POST /session/885acd6bfe44f64c6e2485c8ef54779e/execute/async - {"script":"<script> [1562 bytes]","args":[{"selector":{"controlType":"sap.m.StandardListItem","viewName":"etm.portal.ui.manageyards.view.New","viewId":"application-manageyards-display-component---NewYard","properties":{"title":"English"},"searchOpenDialogs":true,"interaction":{"idSuffix":"content"}},"wdio_ui5_key":"etmportal.ui.manageyards.view.Newsap.m.StandardListItem{\"title\":\"English\"}"}]}
COMMAND: GET /session/885acd6bfe44f64c6e2485c8ef54779e/screenshot - {}
RESULT: {"script":"<script> [1562 bytes]","args":[{"selector":{"controlType":"sap.m.StandardListItem","viewName":"etm.portal.ui.manageyards.view.New","viewId":"application-manageyards-display-component---NewYard","properties":{"title":"English"},"searchOpenDialogs":true,"interaction":{"idSuffix":"content"}},"wdio_ui5_key":"etmportal.ui.manageyards.view.Newsap.m.StandardListItem{\"title\":\"English\"}"}]}
RESULT: undefined
COMMAND: POST /session/885acd6bfe44f64c6e2485c8ef54779e/element - {"using":"xpath","value":"//*[@id=\"__item99\"]"}
RESULT: {}
RESULT: {"using":"xpath","value":"//*[@id=\"__item99\"]"}
COMMAND: POST /session/885acd6bfe44f64c6e2485c8ef54779e/element/f.F53CD083946FCE278F3961FDA51ABBA8.d.4BE41A2D22B72E9FF17B5FE6838589F1.e.4886/click - {}
RESULT: {}
COMMAND: POST /session/885acd6bfe44f64c6e2485c8ef54779e/execute/async - {"script":"<script> [1562 bytes]","args":[{"selector":{"id":"application-manageyards-display-component---NewYard--addressDetailDetailsCity1","interaction":{"idSuffix":"inner"}},"wdio_ui5_key":"applicationmanageyards-display-component---NewYard--addressDetailDetailsCity1"}]}
COMMAND: GET /session/885acd6bfe44f64c6e2485c8ef54779e/screenshot - {}
RESULT: {"script":"<script> [1562 bytes]","args":[{"selector":{"id":"application-manageyards-display-component---NewYard--addressDetailDetailsCity1","interaction":{"idSuffix":"inner"}},"wdio_ui5_key":"applicationmanageyards-display-component---NewYard--addressDetailDetailsCity1"}]}
RESULT: undefined
COMMAND: POST /session/885acd6bfe44f64c6e2485c8ef54779e/execute/async - {"script":"<script> [776 bytes]","args":[{"enterText":"Rosario","selector":{"id":"application-manageyards-display-component---NewYard--addressDetailDetailsCity1","interaction":{"idSuffix":"inner"}},"clearTextFirst":true,"interactionType":"ENTER_TEXT"}]}
RESULT: {}
RESULT: {"script":"<script> [776 bytes]","args":[{"enterText":"Rosario","selector":{"id":"application-manageyards-display-component---NewYard--addressDetailDetailsCity1","interaction":{"idSuffix":"inner"}},"clearTextFirst":true,"interactionType":"ENTER_TEXT"}]}
COMMAND: POST /session/885acd6bfe44f64c6e2485c8ef54779e/execute/async - {"script":"<script> [1562 bytes]","args":[{"selector":{"id":"application-manageyards-display-component---NewYard--addressDetailDetailsCountry-arrow"},"wdio_ui5_key":"applicationmanageyards-display-component---NewYard--addressDetailDetailsCountry-arrow"}]}
RESULT: {"script":"<script> [1562 bytes]","args":[{"selector":{"id":"application-manageyards-display-component---NewYard--addressDetailDetailsCountry-arrow"},"wdio_ui5_key":"applicationmanageyards-display-component---NewYard--addressDetailDetailsCountry-arrow"}]}
RESULT: undefined
COMMAND: POST /session/885acd6bfe44f64c6e2485c8ef54779e/element - {"using":"xpath","value":"//*[@id=\"application-manageyards-display-component---NewYard--addressDetailDetailsCountry-arrow\"]"}
RESULT: {"using":"xpath","value":"//*[@id=\"application-manageyards-display-component---NewYard--addressDetailDetailsCountry-arrow\"]"}
COMMAND: POST /session/885acd6bfe44f64c6e2485c8ef54779e/element/f.F53CD083946FCE278F3961FDA51ABBA8.d.4BE41A2D22B72E9FF17B5FE6838589F1.e.4871/click - {}
RESULT: {}
COMMAND: POST /session/885acd6bfe44f64c6e2485c8ef54779e/execute/async - {"script":"<script> [1562 bytes]","args":[{"selector":{"controlType":"sap.m.StandardListItem","viewName":"etm.portal.ui.manageyards.view.New","viewId":"application-manageyards-display-component---NewYard","properties":{"title":"Argentina"},"searchOpenDialogs":true,"interaction":{"idSuffix":"content"}},"wdio_ui5_key":"etmportal.ui.manageyards.view.Newsap.m.StandardListItem{\"title\":\"Argentina\"}"}]}
COMMAND: GET /session/885acd6bfe44f64c6e2485c8ef54779e/screenshot - {}
RESULT: {"script":"<script> [1562 bytes]","args":[{"selector":{"controlType":"sap.m.StandardListItem","viewName":"etm.portal.ui.manageyards.view.New","viewId":"application-manageyards-display-component---NewYard","properties":{"title":"Argentina"},"searchOpenDialogs":true,"interaction":{"idSuffix":"content"}},"wdio_ui5_key":"etmportal.ui.manageyards.view.Newsap.m.StandardListItem{\"title\":\"Argentina\"}"}]}
RESULT: undefined
COMMAND: POST /session/885acd6bfe44f64c6e2485c8ef54779e/element - {"using":"xpath","value":"//*[@id=\"__item142\"]"}
RESULT: {}
RESULT: {"using":"xpath","value":"//*[@id=\"__item142\"]"}
COMMAND: POST /session/885acd6bfe44f64c6e2485c8ef54779e/element/f.F53CD083946FCE278F3961FDA51ABBA8.d.4BE41A2D22B72E9FF17B5FE6838589F1.e.4890/click - {}
RESULT: {}
COMMAND: POST /session/885acd6bfe44f64c6e2485c8ef54779e/execute/async - {"script":"<script> [1562 bytes]","args":[{"selector":{"controlType":"sap.m.Button","viewName":"etm.portal.ui.manageyards.view.New","viewId":"application-manageyards-display-component---NewYard","properties":{"text":"Commercial"},"interaction":{"idSuffix":"BDI-content"}},"wdio_ui5_key":"etmportal.ui.manageyards.view.Newsap.m.Button{\"text\":\"Commercial\"}"}]}
COMMAND: GET /session/885acd6bfe44f64c6e2485c8ef54779e/screenshot - {}
RESULT: {"script":"<script> [1562 bytes]","args":[{"selector":{"controlType":"sap.m.Button","viewName":"etm.portal.ui.manageyards.view.New","viewId":"application-manageyards-display-component---NewYard","properties":{"text":"Commercial"},"interaction":{"idSuffix":"BDI-content"}},"wdio_ui5_key":"etmportal.ui.manageyards.view.Newsap.m.Button{\"text\":\"Commercial\"}"}]}
RESULT: undefined
COMMAND: POST /session/885acd6bfe44f64c6e2485c8ef54779e/element - {"using":"xpath","value":"//*[@id=\"application-manageyards-display-component---NewYard--ObjectPageLayout-anchBar-__section5-anchor\"]"}
RESULT: {}
RESULT: {"using":"xpath","value":"//*[@id=\"application-manageyards-display-component---NewYard--ObjectPageLayout-anchBar-__section5-anchor\"]"}
COMMAND: POST /session/885acd6bfe44f64c6e2485c8ef54779e/element/f.F53CD083946FCE278F3961FDA51ABBA8.d.4BE41A2D22B72E9FF17B5FE6838589F1.e.4892/click - {}
RESULT: {}
COMMAND: GET /session/885acd6bfe44f64c6e2485c8ef54779e/screenshot - {}
RESULT: {}
COMMAND: POST /session/885acd6bfe44f64c6e2485c8ef54779e/execute/async - {"script":"<script> [1562 bytes]","args":[{"selector":{"id":"application-manageyards-display-component---NewYard--addressEditDetailsCostObjectCstType-arrow"},"wdio_ui5_key":"applicationmanageyards-display-component---NewYard--addressEditDetailsCostObjectCstType-arrow"}]}
RESULT: {"script":"<script> [1562 bytes]","args":[{"selector":{"id":"application-manageyards-display-component---NewYard--addressEditDetailsCostObjectCstType-arrow"},"wdio_ui5_key":"applicationmanageyards-display-component---NewYard--addressEditDetailsCostObjectCstType-arrow"}]}
RESULT: undefined
COMMAND: POST /session/885acd6bfe44f64c6e2485c8ef54779e/element - {"using":"xpath","value":"//*[@id=\"application-manageyards-display-component---NewYard--addressEditDetailsCostObjectCstType-arrow\"]"}
RESULT: {"using":"xpath","value":"//*[@id=\"application-manageyards-display-component---NewYard--addressEditDetailsCostObjectCstType-arrow\"]"}
COMMAND: POST /session/885acd6bfe44f64c6e2485c8ef54779e/element/f.F53CD083946FCE278F3961FDA51ABBA8.d.4BE41A2D22B72E9FF17B5FE6838589F1.e.4900/click - {}
RESULT: {}
COMMAND: GET /session/885acd6bfe44f64c6e2485c8ef54779e/screenshot - {}
RESULT: {}
COMMAND: POST /session/885acd6bfe44f64c6e2485c8ef54779e/execute/async - {"script":"<script> [1562 bytes]","args":[{"selector":{"controlType":"sap.m.StandardListItem","viewName":"etm.portal.ui.manageyards.view.New","viewId":"application-manageyards-display-component---NewYard","properties":{"title":"Cost Center"},"searchOpenDialogs":true,"interaction":{"idSuffix":"titleText"}},"wdio_ui5_key":"etmportal.ui.manageyards.view.Newsap.m.StandardListItem{\"title\":\"Cost Center\"}"}]}
RESULT: {"script":"<script> [1562 bytes]","args":[{"selector":{"controlType":"sap.m.StandardListItem","viewName":"etm.portal.ui.manageyards.view.New","viewId":"application-manageyards-display-component---NewYard","properties":{"title":"Cost Center"},"searchOpenDialogs":true,"interaction":{"idSuffix":"titleText"}},"wdio_ui5_key":"etmportal.ui.manageyards.view.Newsap.m.StandardListItem{\"title\":\"Cost Center\"}"}]}
RESULT: undefined
COMMAND: POST /session/885acd6bfe44f64c6e2485c8ef54779e/element - {"using":"xpath","value":"//*[@id=\"__item232\"]"}
RESULT: {"using":"xpath","value":"//*[@id=\"__item232\"]"}
COMMAND: POST /session/885acd6bfe44f64c6e2485c8ef54779e/element/f.F53CD083946FCE278F3961FDA51ABBA8.d.4BE41A2D22B72E9FF17B5FE6838589F1.e.4902/click - {}
RESULT: {}
COMMAND: POST /session/885acd6bfe44f64c6e2485c8ef54779e/element - {"using":"xpath","value":"//input[@id=\"application-manageyards-display-component---NewYard--addressNewCostObjectCstID-inner\"]"}
COMMAND: GET /session/885acd6bfe44f64c6e2485c8ef54779e/screenshot - {}
RESULT: {"using":"xpath","value":"//input[@id=\"application-manageyards-display-component---NewYard--addressNewCostObjectCstID-inner\"]"}
COMMAND: POST /session/885acd6bfe44f64c6e2485c8ef54779e/element/f.F53CD083946FCE278F3961FDA51ABBA8.d.4BE41A2D22B72E9FF17B5FE6838589F1.e.4701/clear - {}
RESULT: {}
COMMAND: POST /session/885acd6bfe44f64c6e2485c8ef54779e/element - {"using":"xpath","value":"//input[@id=\"application-manageyards-display-component---NewYard--addressNewCostObjectCstID-inner\"]"}
RESULT: {"using":"xpath","value":"//input[@id=\"application-manageyards-display-component---NewYard--addressNewCostObjectCstID-inner\"]"}
COMMAND: POST /session/885acd6bfe44f64c6e2485c8ef54779e/element/f.F53CD083946FCE278F3961FDA51ABBA8.d.4BE41A2D22B72E9FF17B5FE6838589F1.e.4701/clear - {}
COMMAND: POST /session/885acd6bfe44f64c6e2485c8ef54779e/element - {"using":"xpath","value":"//input[@id=\"application-manageyards-display-component---NewYard--addressNewCostObjectCstID-inner\"]"}
RESULT: {"using":"xpath","value":"//input[@id=\"application-manageyards-display-component---NewYard--addressNewCostObjectCstID-inner\"]"}
COMMAND: POST /session/885acd6bfe44f64c6e2485c8ef54779e/element/f.F53CD083946FCE278F3961FDA51ABBA8.d.4BE41A2D22B72E9FF17B5FE6838589F1.e.4904/clear - {}
COMMAND: POST /session/885acd6bfe44f64c6e2485c8ef54779e/element - {"using":"xpath","value":"//input[@id=\"application-manageyards-display-component---NewYard--addressNewCostObjectCstID-inner\"]"}
RESULT: {"using":"xpath","value":"//input[@id=\"application-manageyards-display-component---NewYard--addressNewCostObjectCstID-inner\"]"}
COMMAND: POST /session/885acd6bfe44f64c6e2485c8ef54779e/element/f.F53CD083946FCE278F3961FDA51ABBA8.d.4BE41A2D22B72E9FF17B5FE6838589F1.e.4904/clear - {}
COMMAND: POST /session/885acd6bfe44f64c6e2485c8ef54779e/element - {"using":"xpath","value":"//input[@id=\"application-manageyards-display-component---NewYard--addressNewCostObjectCstID-inner\"]"}
RESULT: {"using":"xpath","value":"//input[@id=\"application-manageyards-display-component---NewYard--addressNewCostObjectCstID-inner\"]"}
COMMAND: POST /session/885acd6bfe44f64c6e2485c8ef54779e/element/f.F53CD083946FCE278F3961FDA51ABBA8.d.4BE41A2D22B72E9FF17B5FE6838589F1.e.4906/clear - {}
COMMAND: POST /session/885acd6bfe44f64c6e2485c8ef54779e/element - {"using":"xpath","value":"//input[@id=\"application-manageyards-display-component---NewYard--addressNewCostObjectCstID-inner\"]"}
RESULT: {"using":"xpath","value":"//input[@id=\"application-manageyards-display-component---NewYard--addressNewCostObjectCstID-inner\"]"}
COMMAND: POST /session/885acd6bfe44f64c6e2485c8ef54779e/element/f.F53CD083946FCE278F3961FDA51ABBA8.d.4BE41A2D22B72E9FF17B5FE6838589F1.e.4906/clear - {}
COMMAND: POST /session/885acd6bfe44f64c6e2485c8ef54779e/element - {"using":"xpath","value":"//input[@id=\"application-manageyards-display-component---NewYard--addressNewCostObjectCstID-inner\"]"}
RESULT: {"using":"xpath","value":"//input[@id=\"application-manageyards-display-component---NewYard--addressNewCostObjectCstID-inner\"]"}
COMMAND: POST /session/885acd6bfe44f64c6e2485c8ef54779e/element/f.F53CD083946FCE278F3961FDA51ABBA8.d.4BE41A2D22B72E9FF17B5FE6838589F1.e.4908/clear - {}
RESULT: {}
COMMAND: POST /session/885acd6bfe44f64c6e2485c8ef54779e/element/f.F53CD083946FCE278F3961FDA51ABBA8.d.4BE41A2D22B72E9FF17B5FE6838589F1.e.4908/value - {"text":"10001013"}
COMMAND: GET /session/885acd6bfe44f64c6e2485c8ef54779e/screenshot - {}
RESULT: {"text":"10001013"}
COMMAND: GET /session/885acd6bfe44f64c6e2485c8ef54779e/screenshot - {}
RESULT: {}
RESULT: {}
COMMAND: POST /session/885acd6bfe44f64c6e2485c8ef54779e/execute/async - {"script":"<script> [1562 bytes]","args":[{"selector":{"controlType":"sap.m.StandardListItem","viewName":"etm.portal.ui.manageyards.view.New","viewId":"application-manageyards-display-component---NewYard","properties":{"type":"Active"},"searchOpenDialogs":true,"interaction":{"idSuffix":"titleText"}},"wdio_ui5_key":"etmportal.ui.manageyards.view.Newsap.m.StandardListItem{\"type\":\"Active\"}"}]}
RESULT: {"script":"<script> [1562 bytes]","args":[{"selector":{"controlType":"sap.m.StandardListItem","viewName":"etm.portal.ui.manageyards.view.New","viewId":"application-manageyards-display-component---NewYard","properties":{"type":"Active"},"searchOpenDialogs":true,"interaction":{"idSuffix":"titleText"}},"wdio_ui5_key":"etmportal.ui.manageyards.view.Newsap.m.StandardListItem{\"type\":\"Active\"}"}]}
RESULT: undefined
COMMAND: POST /session/885acd6bfe44f64c6e2485c8ef54779e/element - {"using":"xpath","value":"//*[@id=\"__item337\"]"}
RESULT: {"using":"xpath","value":"//*[@id=\"__item337\"]"}
COMMAND: POST /session/885acd6bfe44f64c6e2485c8ef54779e/element/f.F53CD083946FCE278F3961FDA51ABBA8.d.4BE41A2D22B72E9FF17B5FE6838589F1.e.4912/click - {}
RESULT: {}
COMMAND: POST /session/885acd6bfe44f64c6e2485c8ef54779e/execute/async - {"script":"<script> [1562 bytes]","args":[{"selector":{"id":"application-manageyards-display-component---NewYard--addressEditDetailsCurrency-arrow"},"wdio_ui5_key":"applicationmanageyards-display-component---NewYard--addressEditDetailsCurrency-arrow"}]}
COMMAND: GET /session/885acd6bfe44f64c6e2485c8ef54779e/screenshot - {}
RESULT: {"script":"<script> [1562 bytes]","args":[{"selector":{"id":"application-manageyards-display-component---NewYard--addressEditDetailsCurrency-arrow"},"wdio_ui5_key":"applicationmanageyards-display-component---NewYard--addressEditDetailsCurrency-arrow"}]}
RESULT: undefined
COMMAND: POST /session/885acd6bfe44f64c6e2485c8ef54779e/element - {"using":"xpath","value":"//*[@id=\"application-manageyards-display-component---NewYard--addressEditDetailsCurrency-arrow\"]"}
RESULT: {}
RESULT: {"using":"xpath","value":"//*[@id=\"application-manageyards-display-component---NewYard--addressEditDetailsCurrency-arrow\"]"}
COMMAND: POST /session/885acd6bfe44f64c6e2485c8ef54779e/element/f.F53CD083946FCE278F3961FDA51ABBA8.d.4BE41A2D22B72E9FF17B5FE6838589F1.e.4914/click - {}
RESULT: {}
COMMAND: POST /session/885acd6bfe44f64c6e2485c8ef54779e/execute/async - {"script":"<script> [1562 bytes]","args":[{"selector":{"controlType":"sap.m.StandardListItem","viewName":"etm.portal.ui.manageyards.view.New","viewId":"application-manageyards-display-component---NewYard","properties":{"title":"Euro"},"searchOpenDialogs":true,"interaction":{"idSuffix":"content"}},"wdio_ui5_key":"etmportal.ui.manageyards.view.Newsap.m.StandardListItem{\"title\":\"Euro\"}"}]}
COMMAND: GET /session/885acd6bfe44f64c6e2485c8ef54779e/screenshot - {}
RESULT: {"script":"<script> [1562 bytes]","args":[{"selector":{"controlType":"sap.m.StandardListItem","viewName":"etm.portal.ui.manageyards.view.New","viewId":"application-manageyards-display-component---NewYard","properties":{"title":"Euro"},"searchOpenDialogs":true,"interaction":{"idSuffix":"content"}},"wdio_ui5_key":"etmportal.ui.manageyards.view.Newsap.m.StandardListItem{\"title\":\"Euro\"}"}]}
RESULT: undefined
COMMAND: POST /session/885acd6bfe44f64c6e2485c8ef54779e/element - {"using":"xpath","value":"//*[@id=\"__item338\"]"}
RESULT: {}
RESULT: {"using":"xpath","value":"//*[@id=\"__item338\"]"}
COMMAND: POST /session/885acd6bfe44f64c6e2485c8ef54779e/element/f.F53CD083946FCE278F3961FDA51ABBA8.d.4BE41A2D22B72E9FF17B5FE6838589F1.e.4916/click - {}
RESULT: {}
COMMAND: POST /session/885acd6bfe44f64c6e2485c8ef54779e/execute/async - {"script":"<script> [1562 bytes]","args":[{"selector":{"controlType":"sap.m.Input","viewName":"etm.portal.ui.manageyards.view.New","viewId":"application-manageyards-display-component---NewYard","bindingPath":{"path":"","propertyPath":"/CONTROLLING_AREA","modelName":"NewYardModel"},"interaction":{"idSuffix":"inner"}},"wdio_ui5_key":"etmportal.ui.manageyards.view.Newsap.m.Input{\"path\":\"\",\"propertyPath\":\"/CONTROLLING_AREA\",\"modelName\":\"NewYardModel\"}"}]}
COMMAND: GET /session/885acd6bfe44f64c6e2485c8ef54779e/screenshot - {}
RESULT: {"script":"<script> [1562 bytes]","args":[{"selector":{"controlType":"sap.m.Input","viewName":"etm.portal.ui.manageyards.view.New","viewId":"application-manageyards-display-component---NewYard","bindingPath":{"path":"","propertyPath":"/CONTROLLING_AREA","modelName":"NewYardModel"},"interaction":{"idSuffix":"inner"}},"wdio_ui5_key":"etmportal.ui.manageyards.view.Newsap.m.Input{\"path\":\"\",\"propertyPath\":\"/CONTROLLING_AREA\",\"modelName\":\"NewYardModel\"}"}]}
RESULT: undefined
COMMAND: POST /session/885acd6bfe44f64c6e2485c8ef54779e/execute/async - {"script":"<script> [776 bytes]","args":[{"enterText":"Z001","selector":{"controlType":"sap.m.Input","viewName":"etm.portal.ui.manageyards.view.New","viewId":"application-manageyards-display-component---NewYard","bindingPath":{"path":"","propertyPath":"/CONTROLLING_AREA","modelName":"NewYardModel"},"interaction":{"idSuffix":"inner"}},"clearTextFirst":true,"interactionType":"ENTER_TEXT"}]}
RESULT: {}
RESULT: {"script":"<script> [776 bytes]","args":[{"enterText":"Z001","selector":{"controlType":"sap.m.Input","viewName":"etm.portal.ui.manageyards.view.New","viewId":"application-manageyards-display-component---NewYard","bindingPath":{"path":"","propertyPath":"/CONTROLLING_AREA","modelName":"NewYardModel"},"interaction":{"idSuffix":"inner"}},"clearTextFirst":true,"interactionType":"ENTER_TEXT"}]}
COMMAND: POST /session/885acd6bfe44f64c6e2485c8ef54779e/execute/async - {"script":"<script> [1562 bytes]","args":[{"selector":{"id":"application-manageyards-display-component---NewYard--companyCodeComboBox","interaction":{"idSuffix":"inner"}},"wdio_ui5_key":"applicationmanageyards-display-component---NewYard--companyCodeComboBox"}]}
RESULT: {"script":"<script> [1562 bytes]","args":[{"selector":{"id":"application-manageyards-display-component---NewYard--companyCodeComboBox","interaction":{"idSuffix":"inner"}},"wdio_ui5_key":"applicationmanageyards-display-component---NewYard--companyCodeComboBox"}]}
RESULT: undefined
COMMAND: POST /session/885acd6bfe44f64c6e2485c8ef54779e/execute/async - {"script":"<script> [776 bytes]","args":[{"enterText":"1000","selector":{"id":"application-manageyards-display-component---NewYard--companyCodeComboBox","interaction":{"idSuffix":"inner"}},"clearTextFirst":true,"interactionType":"ENTER_TEXT"}]}
RESULT: {"script":"<script> [776 bytes]","args":[{"enterText":"1000","selector":{"id":"application-manageyards-display-component---NewYard--companyCodeComboBox","interaction":{"idSuffix":"inner"}},"clearTextFirst":true,"interactionType":"ENTER_TEXT"}]}
COMMAND: POST /session/885acd6bfe44f64c6e2485c8ef54779e/execute/async - {"script":"<script> [1562 bytes]","args":[{"selector":{"controlType":"sap.m.Input","viewName":"etm.portal.ui.manageyards.view.New","viewId":"application-manageyards-display-component---NewYard","bindingPath":{"path":"","propertyPath":"/PLANT","modelName":"NewYardModel"},"interaction":{"idSuffix":"inner"}},"wdio_ui5_key":"etmportal.ui.manageyards.view.Newsap.m.Input{\"path\":\"\",\"propertyPath\":\"/PLANT\",\"modelName\":\"NewYardModel\"}"}]}
RESULT: {"script":"<script> [1562 bytes]","args":[{"selector":{"controlType":"sap.m.Input","viewName":"etm.portal.ui.manageyards.view.New","viewId":"application-manageyards-display-component---NewYard","bindingPath":{"path":"","propertyPath":"/PLANT","modelName":"NewYardModel"},"interaction":{"idSuffix":"inner"}},"wdio_ui5_key":"etmportal.ui.manageyards.view.Newsap.m.Input{\"path\":\"\",\"propertyPath\":\"/PLANT\",\"modelName\":\"NewYardModel\"}"}]}
RESULT: undefined
COMMAND: POST /session/885acd6bfe44f64c6e2485c8ef54779e/execute/async - {"script":"<script> [776 bytes]","args":[{"enterText":"1001","selector":{"controlType":"sap.m.Input","viewName":"etm.portal.ui.manageyards.view.New","viewId":"application-manageyards-display-component---NewYard","bindingPath":{"path":"","propertyPath":"/PLANT","modelName":"NewYardModel"},"interaction":{"idSuffix":"inner"}},"clearTextFirst":true,"interactionType":"ENTER_TEXT"}]}
RESULT: {"script":"<script> [776 bytes]","args":[{"enterText":"1001","selector":{"controlType":"sap.m.Input","viewName":"etm.portal.ui.manageyards.view.New","viewId":"application-manageyards-display-component---NewYard","bindingPath":{"path":"","propertyPath":"/PLANT","modelName":"NewYardModel"},"interaction":{"idSuffix":"inner"}},"clearTextFirst":true,"interactionType":"ENTER_TEXT"}]}
COMMAND: POST /session/885acd6bfe44f64c6e2485c8ef54779e/execute/async - {"script":"<script> [1562 bytes]","args":[{"selector":{"controlType":"sap.m.Input","viewName":"etm.portal.ui.manageyards.view.New","viewId":"application-manageyards-display-component---NewYard","bindingPath":{"path":"","propertyPath":"/SALES_AREA_VKORG","modelName":"NewYardModel"},"interaction":{"idSuffix":"inner"}},"wdio_ui5_key":"etmportal.ui.manageyards.view.Newsap.m.Input{\"path\":\"\",\"propertyPath\":\"/SALES_AREA_VKORG\",\"modelName\":\"NewYardModel\"}"}]}
RESULT: {"script":"<script> [1562 bytes]","args":[{"selector":{"controlType":"sap.m.Input","viewName":"etm.portal.ui.manageyards.view.New","viewId":"application-manageyards-display-component---NewYard","bindingPath":{"path":"","propertyPath":"/SALES_AREA_VKORG","modelName":"NewYardModel"},"interaction":{"idSuffix":"inner"}},"wdio_ui5_key":"etmportal.ui.manageyards.view.Newsap.m.Input{\"path\":\"\",\"propertyPath\":\"/SALES_AREA_VKORG\",\"modelName\":\"NewYardModel\"}"}]}
RESULT: undefined
COMMAND: POST /session/885acd6bfe44f64c6e2485c8ef54779e/execute/async - {"script":"<script> [776 bytes]","args":[{"enterText":"C002","selector":{"controlType":"sap.m.Input","viewName":"etm.portal.ui.manageyards.view.New","viewId":"application-manageyards-display-component---NewYard","bindingPath":{"path":"","propertyPath":"/SALES_AREA_VKORG","modelName":"NewYardModel"},"interaction":{"idSuffix":"inner"}},"clearTextFirst":true,"interactionType":"ENTER_TEXT"}]}
RESULT: {"script":"<script> [776 bytes]","args":[{"enterText":"C002","selector":{"controlType":"sap.m.Input","viewName":"etm.portal.ui.manageyards.view.New","viewId":"application-manageyards-display-component---NewYard","bindingPath":{"path":"","propertyPath":"/SALES_AREA_VKORG","modelName":"NewYardModel"},"interaction":{"idSuffix":"inner"}},"clearTextFirst":true,"interactionType":"ENTER_TEXT"}]}
COMMAND: POST /session/885acd6bfe44f64c6e2485c8ef54779e/execute/async - {"script":"<script> [1562 bytes]","args":[{"selector":{"controlType":"sap.m.Input","viewName":"etm.portal.ui.manageyards.view.New","viewId":"application-manageyards-display-component---NewYard","bindingPath":{"path":"","propertyPath":"/SALES_AREA_VTWEG","modelName":"NewYardModel"},"interaction":{"idSuffix":"inner"}},"wdio_ui5_key":"etmportal.ui.manageyards.view.Newsap.m.Input{\"path\":\"\",\"propertyPath\":\"/SALES_AREA_VTWEG\",\"modelName\":\"NewYardModel\"}"}]}
RESULT: {"script":"<script> [1562 bytes]","args":[{"selector":{"controlType":"sap.m.Input","viewName":"etm.portal.ui.manageyards.view.New","viewId":"application-manageyards-display-component---NewYard","bindingPath":{"path":"","propertyPath":"/SALES_AREA_VTWEG","modelName":"NewYardModel"},"interaction":{"idSuffix":"inner"}},"wdio_ui5_key":"etmportal.ui.manageyards.view.Newsap.m.Input{\"path\":\"\",\"propertyPath\":\"/SALES_AREA_VTWEG\",\"modelName\":\"NewYardModel\"}"}]}
RESULT: undefined
COMMAND: POST /session/885acd6bfe44f64c6e2485c8ef54779e/execute/async - {"script":"<script> [776 bytes]","args":[{"enterText":"C2","selector":{"controlType":"sap.m.Input","viewName":"etm.portal.ui.manageyards.view.New","viewId":"application-manageyards-display-component---NewYard","bindingPath":{"path":"","propertyPath":"/SALES_AREA_VTWEG","modelName":"NewYardModel"},"interaction":{"idSuffix":"inner"}},"clearTextFirst":true,"interactionType":"ENTER_TEXT"}]}
RESULT: {"script":"<script> [776 bytes]","args":[{"enterText":"C2","selector":{"controlType":"sap.m.Input","viewName":"etm.portal.ui.manageyards.view.New","viewId":"application-manageyards-display-component---NewYard","bindingPath":{"path":"","propertyPath":"/SALES_AREA_VTWEG","modelName":"NewYardModel"},"interaction":{"idSuffix":"inner"}},"clearTextFirst":true,"interactionType":"ENTER_TEXT"}]}
COMMAND: POST /session/885acd6bfe44f64c6e2485c8ef54779e/execute/async - {"script":"<script> [1562 bytes]","args":[{"selector":{"controlType":"sap.m.Input","viewName":"etm.portal.ui.manageyards.view.New","viewId":"application-manageyards-display-component---NewYard","bindingPath":{"path":"","propertyPath":"/SALES_AREA_SPART","modelName":"NewYardModel"},"interaction":{"idSuffix":"inner"}},"wdio_ui5_key":"etmportal.ui.manageyards.view.Newsap.m.Input{\"path\":\"\",\"propertyPath\":\"/SALES_AREA_SPART\",\"modelName\":\"NewYardModel\"}"}]}
RESULT: {"script":"<script> [1562 bytes]","args":[{"selector":{"controlType":"sap.m.Input","viewName":"etm.portal.ui.manageyards.view.New","viewId":"application-manageyards-display-component---NewYard","bindingPath":{"path":"","propertyPath":"/SALES_AREA_SPART","modelName":"NewYardModel"},"interaction":{"idSuffix":"inner"}},"wdio_ui5_key":"etmportal.ui.manageyards.view.Newsap.m.Input{\"path\":\"\",\"propertyPath\":\"/SALES_AREA_SPART\",\"modelName\":\"NewYardModel\"}"}]}
RESULT: undefined
COMMAND: POST /session/885acd6bfe44f64c6e2485c8ef54779e/execute/async - {"script":"<script> [776 bytes]","args":[{"enterText":"C2","selector":{"controlType":"sap.m.Input","viewName":"etm.portal.ui.manageyards.view.New","viewId":"application-manageyards-display-component---NewYard","bindingPath":{"path":"","propertyPath":"/SALES_AREA_SPART","modelName":"NewYardModel"},"interaction":{"idSuffix":"inner"}},"clearTextFirst":true,"interactionType":"ENTER_TEXT"}]}
RESULT: {"script":"<script> [776 bytes]","args":[{"enterText":"C2","selector":{"controlType":"sap.m.Input","viewName":"etm.portal.ui.manageyards.view.New","viewId":"application-manageyards-display-component---NewYard","bindingPath":{"path":"","propertyPath":"/SALES_AREA_SPART","modelName":"NewYardModel"},"interaction":{"idSuffix":"inner"}},"clearTextFirst":true,"interactionType":"ENTER_TEXT"}]}
COMMAND: POST /session/885acd6bfe44f64c6e2485c8ef54779e/execute/async - {"script":"<script> [1562 bytes]","args":[{"selector":{"controlType":"sap.m.Input","viewName":"etm.portal.ui.manageyards.view.New","viewId":"application-manageyards-display-component---NewYard","bindingPath":{"path":"","propertyPath":"/SHIP_POINT","modelName":"NewYardModel"},"interaction":{"idSuffix":"inner"}},"wdio_ui5_key":"etmportal.ui.manageyards.view.Newsap.m.Input{\"path\":\"\",\"propertyPath\":\"/SHIP_POINT\",\"modelName\":\"NewYardModel\"}"}]}
RESULT: {"script":"<script> [1562 bytes]","args":[{"selector":{"controlType":"sap.m.Input","viewName":"etm.portal.ui.manageyards.view.New","viewId":"application-manageyards-display-component---NewYard","bindingPath":{"path":"","propertyPath":"/SHIP_POINT","modelName":"NewYardModel"},"interaction":{"idSuffix":"inner"}},"wdio_ui5_key":"etmportal.ui.manageyards.view.Newsap.m.Input{\"path\":\"\",\"propertyPath\":\"/SHIP_POINT\",\"modelName\":\"NewYardModel\"}"}]}
RESULT: undefined
COMMAND: POST /session/885acd6bfe44f64c6e2485c8ef54779e/execute/async - {"script":"<script> [776 bytes]","args":[{"enterText":"1710","selector":{"controlType":"sap.m.Input","viewName":"etm.portal.ui.manageyards.view.New","viewId":"application-manageyards-display-component---NewYard","bindingPath":{"path":"","propertyPath":"/SHIP_POINT","modelName":"NewYardModel"},"interaction":{"idSuffix":"inner"}},"clearTextFirst":true,"interactionType":"ENTER_TEXT"}]}
RESULT: {"script":"<script> [776 bytes]","args":[{"enterText":"1710","selector":{"controlType":"sap.m.Input","viewName":"etm.portal.ui.manageyards.view.New","viewId":"application-manageyards-display-component---NewYard","bindingPath":{"path":"","propertyPath":"/SHIP_POINT","modelName":"NewYardModel"},"interaction":{"idSuffix":"inner"}},"clearTextFirst":true,"interactionType":"ENTER_TEXT"}]}
COMMAND: POST /session/885acd6bfe44f64c6e2485c8ef54779e/execute/async - {"script":"<script> [1562 bytes]","args":[{"selector":{"controlType":"sap.m.Input","viewName":"etm.portal.ui.manageyards.view.New","viewId":"application-manageyards-display-component---NewYard","bindingPath":{"path":"","propertyPath":"/DELIVERY_TYPE","modelName":"NewYardModel"},"interaction":{"idSuffix":"inner"}},"wdio_ui5_key":"etmportal.ui.manageyards.view.Newsap.m.Input{\"path\":\"\",\"propertyPath\":\"/DELIVERY_TYPE\",\"modelName\":\"NewYardModel\"}"}]}
RESULT: {"script":"<script> [1562 bytes]","args":[{"selector":{"controlType":"sap.m.Input","viewName":"etm.portal.ui.manageyards.view.New","viewId":"application-manageyards-display-component---NewYard","bindingPath":{"path":"","propertyPath":"/DELIVERY_TYPE","modelName":"NewYardModel"},"interaction":{"idSuffix":"inner"}},"wdio_ui5_key":"etmportal.ui.manageyards.view.Newsap.m.Input{\"path\":\"\",\"propertyPath\":\"/DELIVERY_TYPE\",\"modelName\":\"NewYardModel\"}"}]}
RESULT: undefined
COMMAND: POST /session/885acd6bfe44f64c6e2485c8ef54779e/execute/async - {"script":"<script> [776 bytes]","args":[{"enterText":"ZL01","selector":{"controlType":"sap.m.Input","viewName":"etm.portal.ui.manageyards.view.New","viewId":"application-manageyards-display-component---NewYard","bindingPath":{"path":"","propertyPath":"/DELIVERY_TYPE","modelName":"NewYardModel"},"interaction":{"idSuffix":"inner"}},"clearTextFirst":true,"interactionType":"ENTER_TEXT"}]}
RESULT: {"script":"<script> [776 bytes]","args":[{"enterText":"ZL01","selector":{"controlType":"sap.m.Input","viewName":"etm.portal.ui.manageyards.view.New","viewId":"application-manageyards-display-component---NewYard","bindingPath":{"path":"","propertyPath":"/DELIVERY_TYPE","modelName":"NewYardModel"},"interaction":{"idSuffix":"inner"}},"clearTextFirst":true,"interactionType":"ENTER_TEXT"}]}
COMMAND: POST /session/885acd6bfe44f64c6e2485c8ef54779e/execute/async - {"script":"<script> [1562 bytes]","args":[{"selector":{"controlType":"sap.m.Input","viewName":"etm.portal.ui.manageyards.view.New","viewId":"application-manageyards-display-component---NewYard","bindingPath":{"path":"","propertyPath":"/AUART","modelName":"NewYardModel"},"interaction":{"idSuffix":"inner"}},"wdio_ui5_key":"etmportal.ui.manageyards.view.Newsap.m.Input{\"path\":\"\",\"propertyPath\":\"/AUART\",\"modelName\":\"NewYardModel\"}"}]}
RESULT: {"script":"<script> [1562 bytes]","args":[{"selector":{"controlType":"sap.m.Input","viewName":"etm.portal.ui.manageyards.view.New","viewId":"application-manageyards-display-component---NewYard","bindingPath":{"path":"","propertyPath":"/AUART","modelName":"NewYardModel"},"interaction":{"idSuffix":"inner"}},"wdio_ui5_key":"etmportal.ui.manageyards.view.Newsap.m.Input{\"path\":\"\",\"propertyPath\":\"/AUART\",\"modelName\":\"NewYardModel\"}"}]}
RESULT: undefined
COMMAND: POST /session/885acd6bfe44f64c6e2485c8ef54779e/execute/async - {"script":"<script> [776 bytes]","args":[{"enterText":"TA","selector":{"controlType":"sap.m.Input","viewName":"etm.portal.ui.manageyards.view.New","viewId":"application-manageyards-display-component---NewYard","bindingPath":{"path":"","propertyPath":"/AUART","modelName":"NewYardModel"},"interaction":{"idSuffix":"inner"}},"clearTextFirst":true,"interactionType":"ENTER_TEXT"}]}
RESULT: {"script":"<script> [776 bytes]","args":[{"enterText":"TA","selector":{"controlType":"sap.m.Input","viewName":"etm.portal.ui.manageyards.view.New","viewId":"application-manageyards-display-component---NewYard","bindingPath":{"path":"","propertyPath":"/AUART","modelName":"NewYardModel"},"interaction":{"idSuffix":"inner"}},"clearTextFirst":true,"interactionType":"ENTER_TEXT"}]}
COMMAND: POST /session/885acd6bfe44f64c6e2485c8ef54779e/execute/async - {"script":"<script> [1562 bytes]","args":[{"selector":{"id":"application-manageyards-display-component---NewYard--whmCheckBox","interaction":{"idSuffix":"CbBg"}},"wdio_ui5_key":"applicationmanageyards-display-component---NewYard--whmCheckBox"}]}
RESULT: {"script":"<script> [1562 bytes]","args":[{"selector":{"id":"application-manageyards-display-component---NewYard--whmCheckBox","interaction":{"idSuffix":"CbBg"}},"wdio_ui5_key":"applicationmanageyards-display-component---NewYard--whmCheckBox"}]}
RESULT: undefined
COMMAND: POST /session/885acd6bfe44f64c6e2485c8ef54779e/element - {"using":"xpath","value":"//*[@id=\"application-manageyards-display-component---NewYard--whmCheckBox\"]"}
RESULT: {"using":"xpath","value":"//*[@id=\"application-manageyards-display-component---NewYard--whmCheckBox\"]"}
COMMAND: POST /session/885acd6bfe44f64c6e2485c8ef54779e/element/f.F53CD083946FCE278F3961FDA51ABBA8.d.4BE41A2D22B72E9FF17B5FE6838589F1.e.4927/click - {}
RESULT: {}
COMMAND: POST /session/885acd6bfe44f64c6e2485c8ef54779e/execute/async - {"script":"<script> [1562 bytes]","args":[{"selector":{"controlType":"sap.m.Button","viewName":"etm.portal.ui.manageyards.view.New","viewId":"application-manageyards-display-component---NewYard","i18NText":{"propertyName":"text","key":"save"},"interaction":{"idSuffix":"BDI-content"}},"wdio_ui5_key":"etmportal.ui.manageyards.view.Newsap.m.Button{\"propertyName\":\"text\",\"key\":\"save\"}"}]}
COMMAND: GET /session/885acd6bfe44f64c6e2485c8ef54779e/screenshot - {}
RESULT: {"script":"<script> [1562 bytes]","args":[{"selector":{"controlType":"sap.m.Button","viewName":"etm.portal.ui.manageyards.view.New","viewId":"application-manageyards-display-component---NewYard","i18NText":{"propertyName":"text","key":"save"},"interaction":{"idSuffix":"BDI-content"}},"wdio_ui5_key":"etmportal.ui.manageyards.view.Newsap.m.Button{\"propertyName\":\"text\",\"key\":\"save\"}"}]}
RESULT: undefined
COMMAND: POST /session/885acd6bfe44f64c6e2485c8ef54779e/element - {"using":"xpath","value":"//*[@id=\"__button18\"]"}
RESULT: {}
RESULT: {"using":"xpath","value":"//*[@id=\"__button18\"]"}
COMMAND: POST /session/885acd6bfe44f64c6e2485c8ef54779e/element/f.F53CD083946FCE278F3961FDA51ABBA8.d.4BE41A2D22B72E9FF17B5FE6838589F1.e.4867/click - {}
RESULT: {}
COMMAND: GET /session/885acd6bfe44f64c6e2485c8ef54779e/screenshot - {}
RESULT: {}
COMMAND: POST /session/885acd6bfe44f64c6e2485c8ef54779e/execute/async - {"script":"<script> [1562 bytes]","args":[{"selector":{"controlType":"sap.m.Text","viewName":"etm.portal.ui.manageyards.view.Detail","viewId":"application-manageyards-display-component---detailYard","bindingPath":{"propertyPath":"ID","modelName":"catalogModel"}},"wdio_ui5_key":"etmportal.ui.manageyards.view.Detailsap.m.Text{\"propertyPath\":\"ID\",\"modelName\":\"catalogModel\"}"}]}
RESULT: {"script":"<script> [1562 bytes]","args":[{"selector":{"controlType":"sap.m.Text","viewName":"etm.portal.ui.manageyards.view.Detail","viewId":"application-manageyards-display-component---detailYard","bindingPath":{"propertyPath":"ID","modelName":"catalogModel"}},"wdio_ui5_key":"etmportal.ui.manageyards.view.Detailsap.m.Text{\"propertyPath\":\"ID\",\"modelName\":\"catalogModel\"}"}]}
RESULT: undefined
COMMAND: POST /session/885acd6bfe44f64c6e2485c8ef54779e/execute/async - {"script":"<script> [6424 bytes]","args":[{"element-6066-11e4-a52e-4f735466cecf":"f.F53CD083946FCE278F3961FDA51ABBA8.d.4BE41A2D22B72E9FF17B5FE6838589F1.e.5121"},"getText",[]]}
RESULT: {"script":"<script> [6424 bytes]","args":[{"element-6066-11e4-a52e-4f735466cecf":"f.F53CD083946FCE278F3961FDA51ABBA8.d.4BE41A2D22B72E9FF17B5FE6838589F1.e.5121"},"getText",[]]}
COMMAND: POST /session/885acd6bfe44f64c6e2485c8ef54779e/element - {"using":"css selector","value":"#shell-header-logo"}
RESULT: {"using":"css selector","value":"#shell-header-logo"}
COMMAND: POST /session/885acd6bfe44f64c6e2485c8ef54779e/element/f.F53CD083946FCE278F3961FDA51ABBA8.d.4BE41A2D22B72E9FF17B5FE6838589F1.e.4311/click - {}
RESULT: {}
COMMAND: GET /session/885acd6bfe44f64c6e2485c8ef54779e/screenshot - {}
RESULT: {}
]]></system-out>
    </testcase>
    <testcase classname="chrome.135_0_7049_96.windows.Provide_to_Site_w/_warehouse_management_w/_clarification_US115878" name="Should create WHM site" time="52.14">
      <system-out><![CDATA[
COMMAND: POST /session/885acd6bfe44f64c6e2485c8ef54779e/execute/async - {"script":"<script> [1562 bytes]","args":[{"selector":{"controlType":"sap.m.GenericTile","properties":{"header":"Manage Sites"}},"wdio_ui5_key":"sapm.GenericTile{\"header\":\"Manage Sites\"}"}]}
RESULT: {"script":"<script> [1562 bytes]","args":[{"selector":{"controlType":"sap.m.GenericTile","properties":{"header":"Manage Sites"}},"wdio_ui5_key":"sapm.GenericTile{\"header\":\"Manage Sites\"}"}]}
RESULT: undefined
COMMAND: POST /session/885acd6bfe44f64c6e2485c8ef54779e/element - {"using":"xpath","value":"//*[@id=\"__tile32\"]"}
RESULT: {"using":"xpath","value":"//*[@id=\"__tile32\"]"}
COMMAND: POST /session/885acd6bfe44f64c6e2485c8ef54779e/element/f.F53CD083946FCE278F3961FDA51ABBA8.d.4BE41A2D22B72E9FF17B5FE6838589F1.e.4337/click - {}
RESULT: {}
COMMAND: GET /session/885acd6bfe44f64c6e2485c8ef54779e/screenshot - {}
RESULT: {}
COMMAND: POST /session/885acd6bfe44f64c6e2485c8ef54779e/execute/async - {"script":"<script> [1562 bytes]","args":[{"selector":{"controlType":"sap.ui.core.Icon","viewName":"etm.portal.ui.managesites.view.Master","viewId":"application-managesites-display-component---masterSite","properties":{"src":{"regex":{"source":"add"}}}},"wdio_ui5_key":"etmportal.ui.managesites.view.Mastersap.ui.core.Icon{\"src\":{\"regex\":{\"source\":\"add\"}}}"}]}
RESULT: {"script":"<script> [1562 bytes]","args":[{"selector":{"controlType":"sap.ui.core.Icon","viewName":"etm.portal.ui.managesites.view.Master","viewId":"application-managesites-display-component---masterSite","properties":{"src":{"regex":{"source":"add"}}}},"wdio_ui5_key":"etmportal.ui.managesites.view.Mastersap.ui.core.Icon{\"src\":{\"regex\":{\"source\":\"add\"}}}"}]}
RESULT: undefined
COMMAND: POST /session/885acd6bfe44f64c6e2485c8ef54779e/element - {"using":"xpath","value":"//*[@id=\"__button64-img\"]"}
RESULT: {"using":"xpath","value":"//*[@id=\"__button64-img\"]"}
COMMAND: POST /session/885acd6bfe44f64c6e2485c8ef54779e/element/f.F53CD083946FCE278F3961FDA51ABBA8.d.4BE41A2D22B72E9FF17B5FE6838589F1.e.5172/click - {}
RESULT: {}
COMMAND: GET /session/885acd6bfe44f64c6e2485c8ef54779e/screenshot - {}
RESULT: {}
COMMAND: POST /session/885acd6bfe44f64c6e2485c8ef54779e/execute/async - {"script":"<script> [1562 bytes]","args":[{"selector":{"controlType":"sap.m.Button","viewName":"etm.portal.ui.managesites.view.NewSmartSite","viewId":"application-managesites-display-component---NewSite","properties":{"text":"General Information"},"interaction":{"idSuffix":"BDI-content"}},"wdio_ui5_key":"etmportal.ui.managesites.view.NewSmartSitesap.m.Button{\"text\":\"General Information\"}"}]}
RESULT: {"script":"<script> [1562 bytes]","args":[{"selector":{"controlType":"sap.m.Button","viewName":"etm.portal.ui.managesites.view.NewSmartSite","viewId":"application-managesites-display-component---NewSite","properties":{"text":"General Information"},"interaction":{"idSuffix":"BDI-content"}},"wdio_ui5_key":"etmportal.ui.managesites.view.NewSmartSitesap.m.Button{\"text\":\"General Information\"}"}]}
RESULT: undefined
COMMAND: POST /session/885acd6bfe44f64c6e2485c8ef54779e/element - {"using":"xpath","value":"//*[@id=\"application-managesites-display-component---NewSite--ObjectPageLayout-anchBar-__section31-anchor\"]"}
RESULT: {"using":"xpath","value":"//*[@id=\"application-managesites-display-component---NewSite--ObjectPageLayout-anchBar-__section31-anchor\"]"}
COMMAND: POST /session/885acd6bfe44f64c6e2485c8ef54779e/element/f.F53CD083946FCE278F3961FDA51ABBA8.d.4BE41A2D22B72E9FF17B5FE6838589F1.e.5550/click - {}
RESULT: {}
COMMAND: POST /session/885acd6bfe44f64c6e2485c8ef54779e/execute/async - {"script":"<script> [1562 bytes]","args":[{"selector":{"id":"application-managesites-display-component---NewSite--addressDetailDetailsName1","interaction":{"idSuffix":"inner"}},"wdio_ui5_key":"applicationmanagesites-display-component---NewSite--addressDetailDetailsName1"}]}
COMMAND: GET /session/885acd6bfe44f64c6e2485c8ef54779e/screenshot - {}
RESULT: {"script":"<script> [1562 bytes]","args":[{"selector":{"id":"application-managesites-display-component---NewSite--addressDetailDetailsName1","interaction":{"idSuffix":"inner"}},"wdio_ui5_key":"applicationmanagesites-display-component---NewSite--addressDetailDetailsName1"}]}
RESULT: undefined
COMMAND: POST /session/885acd6bfe44f64c6e2485c8ef54779e/execute/async - {"script":"<script> [776 bytes]","args":[{"enterText":"WDI5 WHM Site","selector":{"id":"application-managesites-display-component---NewSite--addressDetailDetailsName1","interaction":{"idSuffix":"inner"}},"clearTextFirst":true,"interactionType":"ENTER_TEXT"}]}
RESULT: {}
RESULT: {"script":"<script> [776 bytes]","args":[{"enterText":"WDI5 WHM Site","selector":{"id":"application-managesites-display-component---NewSite--addressDetailDetailsName1","interaction":{"idSuffix":"inner"}},"clearTextFirst":true,"interactionType":"ENTER_TEXT"}]}
COMMAND: POST /session/885acd6bfe44f64c6e2485c8ef54779e/execute/async - {"script":"<script> [1562 bytes]","args":[{"selector":{"id":"application-managesites-display-component---NewSite--addressDetailDetailsLanguage","interaction":{"idSuffix":"inner"}},"wdio_ui5_key":"applicationmanagesites-display-component---NewSite--addressDetailDetailsLanguage"}]}
RESULT: {"script":"<script> [1562 bytes]","args":[{"selector":{"id":"application-managesites-display-component---NewSite--addressDetailDetailsLanguage","interaction":{"idSuffix":"inner"}},"wdio_ui5_key":"applicationmanagesites-display-component---NewSite--addressDetailDetailsLanguage"}]}
RESULT: undefined
COMMAND: POST /session/885acd6bfe44f64c6e2485c8ef54779e/execute/async - {"script":"<script> [776 bytes]","args":[{"enterText":"Romanian","selector":{"id":"application-managesites-display-component---NewSite--addressDetailDetailsLanguage","interaction":{"idSuffix":"inner"}},"clearTextFirst":true,"interactionType":"ENTER_TEXT"}]}
RESULT: {"script":"<script> [776 bytes]","args":[{"enterText":"Romanian","selector":{"id":"application-managesites-display-component---NewSite--addressDetailDetailsLanguage","interaction":{"idSuffix":"inner"}},"clearTextFirst":true,"interactionType":"ENTER_TEXT"}]}
COMMAND: POST /session/885acd6bfe44f64c6e2485c8ef54779e/execute/async - {"script":"<script> [1562 bytes]","args":[{"selector":{"id":"application-managesites-display-component---NewSite--addressDetailDetailsCity1","interaction":{"idSuffix":"inner"}},"wdio_ui5_key":"applicationmanagesites-display-component---NewSite--addressDetailDetailsCity1"}]}
RESULT: {"script":"<script> [1562 bytes]","args":[{"selector":{"id":"application-managesites-display-component---NewSite--addressDetailDetailsCity1","interaction":{"idSuffix":"inner"}},"wdio_ui5_key":"applicationmanagesites-display-component---NewSite--addressDetailDetailsCity1"}]}
RESULT: undefined
COMMAND: POST /session/885acd6bfe44f64c6e2485c8ef54779e/execute/async - {"script":"<script> [776 bytes]","args":[{"enterText":"Bucharest","selector":{"id":"application-managesites-display-component---NewSite--addressDetailDetailsCity1","interaction":{"idSuffix":"inner"}},"clearTextFirst":true,"interactionType":"ENTER_TEXT"}]}
RESULT: {"script":"<script> [776 bytes]","args":[{"enterText":"Bucharest","selector":{"id":"application-managesites-display-component---NewSite--addressDetailDetailsCity1","interaction":{"idSuffix":"inner"}},"clearTextFirst":true,"interactionType":"ENTER_TEXT"}]}
COMMAND: POST /session/885acd6bfe44f64c6e2485c8ef54779e/execute/async - {"script":"<script> [1562 bytes]","args":[{"selector":{"id":"application-managesites-display-component---NewSite--addressDetailDetailsCountry","interaction":{"idSuffix":"inner"}},"wdio_ui5_key":"applicationmanagesites-display-component---NewSite--addressDetailDetailsCountry"}]}
RESULT: {"script":"<script> [1562 bytes]","args":[{"selector":{"id":"application-managesites-display-component---NewSite--addressDetailDetailsCountry","interaction":{"idSuffix":"inner"}},"wdio_ui5_key":"applicationmanagesites-display-component---NewSite--addressDetailDetailsCountry"}]}
RESULT: undefined
COMMAND: POST /session/885acd6bfe44f64c6e2485c8ef54779e/execute/async - {"script":"<script> [6424 bytes]","args":[{"element-6066-11e4-a52e-4f735466cecf":"f.F53CD083946FCE278F3961FDA51ABBA8.d.4BE41A2D22B72E9FF17B5FE6838589F1.e.5400"},"setValue",["Romania"]]}
RESULT: {"script":"<script> [6424 bytes]","args":[{"element-6066-11e4-a52e-4f735466cecf":"f.F53CD083946FCE278F3961FDA51ABBA8.d.4BE41A2D22B72E9FF17B5FE6838589F1.e.5400"},"setValue",["Romania"]]}
COMMAND: POST /session/885acd6bfe44f64c6e2485c8ef54779e/execute/async - {"script":"<script> [1562 bytes]","args":[{"selector":{"id":"application-managesites-display-component---NewSite--addressDetailDetailsCalendar","interaction":{"idSuffix":"inner"}},"wdio_ui5_key":"applicationmanagesites-display-component---NewSite--addressDetailDetailsCalendar"}]}
RESULT: {"script":"<script> [1562 bytes]","args":[{"selector":{"id":"application-managesites-display-component---NewSite--addressDetailDetailsCalendar","interaction":{"idSuffix":"inner"}},"wdio_ui5_key":"applicationmanagesites-display-component---NewSite--addressDetailDetailsCalendar"}]}
RESULT: undefined
COMMAND: POST /session/885acd6bfe44f64c6e2485c8ef54779e/execute/async - {"script":"<script> [776 bytes]","args":[{"enterText":"8 - Germany (Standard)","selector":{"id":"application-managesites-display-component---NewSite--addressDetailDetailsCalendar","interaction":{"idSuffix":"inner"}},"clearTextFirst":true,"interactionType":"ENTER_TEXT"}]}
RESULT: {"script":"<script> [776 bytes]","args":[{"enterText":"8 - Germany (Standard)","selector":{"id":"application-managesites-display-component---NewSite--addressDetailDetailsCalendar","interaction":{"idSuffix":"inner"}},"clearTextFirst":true,"interactionType":"ENTER_TEXT"}]}
COMMAND: POST /session/885acd6bfe44f64c6e2485c8ef54779e/element - {"using":"xpath","value":"//input[@id=\"application-managesites-display-component---NewSite--addressDetailDetailsYard-inner\"]"}
RESULT: {"using":"xpath","value":"//input[@id=\"application-managesites-display-component---NewSite--addressDetailDetailsYard-inner\"]"}
COMMAND: POST /session/885acd6bfe44f64c6e2485c8ef54779e/element/f.F53CD083946FCE278F3961FDA51ABBA8.d.4BE41A2D22B72E9FF17B5FE6838589F1.e.5411/clear - {}
RESULT: {}
COMMAND: POST /session/885acd6bfe44f64c6e2485c8ef54779e/element/f.F53CD083946FCE278F3961FDA51ABBA8.d.4BE41A2D22B72E9FF17B5FE6838589F1.e.5411/value - {"text":"483"}
COMMAND: GET /session/885acd6bfe44f64c6e2485c8ef54779e/screenshot - {}
RESULT: {"text":"483"}
COMMAND: GET /session/885acd6bfe44f64c6e2485c8ef54779e/screenshot - {}
RESULT: {}
RESULT: {}
COMMAND: POST /session/885acd6bfe44f64c6e2485c8ef54779e/execute/async - {"script":"<script> [1562 bytes]","args":[{"selector":{"controlType":"sap.m.Button","viewName":"etm.portal.ui.managesites.view.NewSmartSite","viewId":"application-managesites-display-component---NewSite","properties":{"text":"Commercial"},"interaction":{"idSuffix":"BDI-content"}},"wdio_ui5_key":"etmportal.ui.managesites.view.NewSmartSitesap.m.Button{\"text\":\"Commercial\"}"}]}
RESULT: {"script":"<script> [1562 bytes]","args":[{"selector":{"controlType":"sap.m.Button","viewName":"etm.portal.ui.managesites.view.NewSmartSite","viewId":"application-managesites-display-component---NewSite","properties":{"text":"Commercial"},"interaction":{"idSuffix":"BDI-content"}},"wdio_ui5_key":"etmportal.ui.managesites.view.NewSmartSitesap.m.Button{\"text\":\"Commercial\"}"}]}
RESULT: undefined
COMMAND: POST /session/885acd6bfe44f64c6e2485c8ef54779e/element - {"using":"xpath","value":"//*[@id=\"application-managesites-display-component---NewSite--ObjectPageLayout-anchBar-__section33-anchor\"]"}
RESULT: {"using":"xpath","value":"//*[@id=\"application-managesites-display-component---NewSite--ObjectPageLayout-anchBar-__section33-anchor\"]"}
COMMAND: POST /session/885acd6bfe44f64c6e2485c8ef54779e/element/f.F53CD083946FCE278F3961FDA51ABBA8.d.4BE41A2D22B72E9FF17B5FE6838589F1.e.5559/click - {}
RESULT: {}
COMMAND: POST /session/885acd6bfe44f64c6e2485c8ef54779e/execute/async - {"script":"<script> [1562 bytes]","args":[{"selector":{"id":"application-managesites-display-component---NewSite--siteWhmCheckBox-label","interaction":{"idSuffix":"bdi"}},"wdio_ui5_key":"applicationmanagesites-display-component---NewSite--siteWhmCheckBox-label"}]}
COMMAND: GET /session/885acd6bfe44f64c6e2485c8ef54779e/screenshot - {}
RESULT: {"script":"<script> [1562 bytes]","args":[{"selector":{"id":"application-managesites-display-component---NewSite--siteWhmCheckBox-label","interaction":{"idSuffix":"bdi"}},"wdio_ui5_key":"applicationmanagesites-display-component---NewSite--siteWhmCheckBox-label"}]}
RESULT: undefined
COMMAND: POST /session/885acd6bfe44f64c6e2485c8ef54779e/element - {"using":"xpath","value":"//*[@id=\"application-managesites-display-component---NewSite--siteWhmCheckBox-label\"]"}
RESULT: {}
RESULT: {"using":"xpath","value":"//*[@id=\"application-managesites-display-component---NewSite--siteWhmCheckBox-label\"]"}
COMMAND: POST /session/885acd6bfe44f64c6e2485c8ef54779e/element/f.F53CD083946FCE278F3961FDA51ABBA8.d.4BE41A2D22B72E9FF17B5FE6838589F1.e.5568/click - {}
RESULT: {}
COMMAND: POST /session/885acd6bfe44f64c6e2485c8ef54779e/execute/async - {"script":"<script> [1562 bytes]","args":[{"selector":{"controlType":"sap.m.Button","viewName":"etm.portal.ui.managesites.view.NewSmartSite","viewId":"application-managesites-display-component---NewSite","i18NText":{"propertyName":"text","key":"save"},"interaction":{"idSuffix":"BDI-content"}},"wdio_ui5_key":"etmportal.ui.managesites.view.NewSmartSitesap.m.Button{\"propertyName\":\"text\",\"key\":\"save\"}"}]}
COMMAND: GET /session/885acd6bfe44f64c6e2485c8ef54779e/screenshot - {}
RESULT: {"script":"<script> [1562 bytes]","args":[{"selector":{"controlType":"sap.m.Button","viewName":"etm.portal.ui.managesites.view.NewSmartSite","viewId":"application-managesites-display-component---NewSite","i18NText":{"propertyName":"text","key":"save"},"interaction":{"idSuffix":"BDI-content"}},"wdio_ui5_key":"etmportal.ui.managesites.view.NewSmartSitesap.m.Button{\"propertyName\":\"text\",\"key\":\"save\"}"}]}
RESULT: undefined
COMMAND: POST /session/885acd6bfe44f64c6e2485c8ef54779e/element - {"using":"xpath","value":"//*[@id=\"__button76\"]"}
RESULT: {}
RESULT: {"using":"xpath","value":"//*[@id=\"__button76\"]"}
COMMAND: POST /session/885acd6bfe44f64c6e2485c8ef54779e/element/f.F53CD083946FCE278F3961FDA51ABBA8.d.4BE41A2D22B72E9FF17B5FE6838589F1.e.5531/click - {}
RESULT: {}
COMMAND: GET /session/885acd6bfe44f64c6e2485c8ef54779e/screenshot - {}
RESULT: {}
COMMAND: POST /session/885acd6bfe44f64c6e2485c8ef54779e/execute/async - {"script":"<script> [1562 bytes]","args":[{"selector":{"controlType":"sap.m.Text","viewName":"etm.portal.ui.managesites.view.Detail","viewId":"application-managesites-display-component---detailSite","bindingPath":{"propertyPath":"ID","modelName":"catalogModel"}},"wdio_ui5_key":"etmportal.ui.managesites.view.Detailsap.m.Text{\"propertyPath\":\"ID\",\"modelName\":\"catalogModel\"}"}]}
RESULT: {"script":"<script> [1562 bytes]","args":[{"selector":{"controlType":"sap.m.Text","viewName":"etm.portal.ui.managesites.view.Detail","viewId":"application-managesites-display-component---detailSite","bindingPath":{"propertyPath":"ID","modelName":"catalogModel"}},"wdio_ui5_key":"etmportal.ui.managesites.view.Detailsap.m.Text{\"propertyPath\":\"ID\",\"modelName\":\"catalogModel\"}"}]}
RESULT: undefined
COMMAND: POST /session/885acd6bfe44f64c6e2485c8ef54779e/execute/async - {"script":"<script> [6424 bytes]","args":[{"element-6066-11e4-a52e-4f735466cecf":"f.F53CD083946FCE278F3961FDA51ABBA8.d.4BE41A2D22B72E9FF17B5FE6838589F1.e.5757"},"getText",[]]}
RESULT: {"script":"<script> [6424 bytes]","args":[{"element-6066-11e4-a52e-4f735466cecf":"f.F53CD083946FCE278F3961FDA51ABBA8.d.4BE41A2D22B72E9FF17B5FE6838589F1.e.5757"},"getText",[]]}
COMMAND: POST /session/885acd6bfe44f64c6e2485c8ef54779e/execute/async - {"script":"<script> [1562 bytes]","args":[{"selector":{"controlType":"sap.m.Label","viewName":"etm.portal.ui.managesites.view.Detail","viewId":"application-managesites-display-component---detailSite","i18NText":{"propertyName":"text","key":"status"}},"wdio_ui5_key":"etmportal.ui.managesites.view.Detailsap.m.Label{\"propertyName\":\"text\",\"key\":\"status\"}"}]}
RESULT: {"script":"<script> [1562 bytes]","args":[{"selector":{"controlType":"sap.m.Label","viewName":"etm.portal.ui.managesites.view.Detail","viewId":"application-managesites-display-component---detailSite","i18NText":{"propertyName":"text","key":"status"}},"wdio_ui5_key":"etmportal.ui.managesites.view.Detailsap.m.Label{\"propertyName\":\"text\",\"key\":\"status\"}"}]}
RESULT: undefined
COMMAND: POST /session/885acd6bfe44f64c6e2485c8ef54779e/execute/async - {"script":"<script> [6424 bytes]","args":[{"element-6066-11e4-a52e-4f735466cecf":"f.F53CD083946FCE278F3961FDA51ABBA8.d.4BE41A2D22B72E9FF17B5FE6838589F1.e.5746"},"getText",[]]}
RESULT: {"script":"<script> [6424 bytes]","args":[{"element-6066-11e4-a52e-4f735466cecf":"f.F53CD083946FCE278F3961FDA51ABBA8.d.4BE41A2D22B72E9FF17B5FE6838589F1.e.5746"},"getText",[]]}
RESULT: undefined
COMMAND: POST /session/885acd6bfe44f64c6e2485c8ef54779e/element - {"using":"xpath","value":"//*[@id=\"shell-header\"]"}
RESULT: {"using":"xpath","value":"//*[@id=\"shell-header\"]"}
COMMAND: POST /session/885acd6bfe44f64c6e2485c8ef54779e/element/f.F53CD083946FCE278F3961FDA51ABBA8.d.4BE41A2D22B72E9FF17B5FE6838589F1.e.5758/click - {}
RESULT: {}
COMMAND: POST /session/885acd6bfe44f64c6e2485c8ef54779e/element - {"using":"css selector","value":"#shell-header-logo"}
COMMAND: GET /session/885acd6bfe44f64c6e2485c8ef54779e/screenshot - {}
RESULT: {"using":"css selector","value":"#shell-header-logo"}
COMMAND: POST /session/885acd6bfe44f64c6e2485c8ef54779e/element/f.F53CD083946FCE278F3961FDA51ABBA8.d.4BE41A2D22B72E9FF17B5FE6838589F1.e.5127/click - {}
RESULT: {}
RESULT: {}
]]></system-out>
    </testcase>
    <testcase classname="chrome.135_0_7049_96.windows.Provide_to_Site_w/_warehouse_management_w/_clarification_US115878" name="Should create WHM Partner" time="54.982">
      <system-out><![CDATA[
COMMAND: POST /session/885acd6bfe44f64c6e2485c8ef54779e/execute/async - {"script":"<script> [1562 bytes]","args":[{"selector":{"controlType":"sap.m.GenericTile","properties":{"header":"Manage Partners"}},"wdio_ui5_key":"sapm.GenericTile{\"header\":\"Manage Partners\"}"}]}
COMMAND: GET /session/885acd6bfe44f64c6e2485c8ef54779e/screenshot - {}
RESULT: {"script":"<script> [1562 bytes]","args":[{"selector":{"controlType":"sap.m.GenericTile","properties":{"header":"Manage Partners"}},"wdio_ui5_key":"sapm.GenericTile{\"header\":\"Manage Partners\"}"}]}
RESULT: undefined
COMMAND: POST /session/885acd6bfe44f64c6e2485c8ef54779e/element - {"using":"xpath","value":"//*[@id=\"__tile30\"]"}
RESULT: {}
RESULT: {"using":"xpath","value":"//*[@id=\"__tile30\"]"}
COMMAND: POST /session/885acd6bfe44f64c6e2485c8ef54779e/element/f.F53CD083946FCE278F3961FDA51ABBA8.d.4BE41A2D22B72E9FF17B5FE6838589F1.e.4331/click - {}
RESULT: {}
COMMAND: GET /session/885acd6bfe44f64c6e2485c8ef54779e/screenshot - {}
RESULT: {}
COMMAND: POST /session/885acd6bfe44f64c6e2485c8ef54779e/element - {"using":"xpath","value":"//button[(@data-kt = 'addButton')]"}
RESULT: {"using":"xpath","value":"//button[(@data-kt = 'addButton')]"}
COMMAND: POST /session/885acd6bfe44f64c6e2485c8ef54779e/elements - {"using":"xpath","value":"//button[(@data-kt = 'addButton')]"}
RESULT: {"using":"xpath","value":"//button[(@data-kt = 'addButton')]"}
COMMAND: POST /session/885acd6bfe44f64c6e2485c8ef54779e/elements - {"using":"xpath","value":"//button[(@data-kt = 'addButton')]"}
RESULT: {"using":"xpath","value":"//button[(@data-kt = 'addButton')]"}
COMMAND: POST /session/885acd6bfe44f64c6e2485c8ef54779e/elements - {"using":"xpath","value":"//button[(@data-kt = 'addButton')]"}
RESULT: {"using":"xpath","value":"//button[(@data-kt = 'addButton')]"}
COMMAND: POST /session/885acd6bfe44f64c6e2485c8ef54779e/elements - {"using":"xpath","value":"//button[(@data-kt = 'addButton')]"}
RESULT: {"using":"xpath","value":"//button[(@data-kt = 'addButton')]"}
COMMAND: POST /session/885acd6bfe44f64c6e2485c8ef54779e/element - {"using":"xpath","value":"//button[(@data-kt = 'addButton')]"}
RESULT: {"using":"xpath","value":"//button[(@data-kt = 'addButton')]"}
COMMAND: POST /session/885acd6bfe44f64c6e2485c8ef54779e/element/f.F53CD083946FCE278F3961FDA51ABBA8.d.4BE41A2D22B72E9FF17B5FE6838589F1.e.5809/click - {}
RESULT: {}
COMMAND: POST /session/885acd6bfe44f64c6e2485c8ef54779e/execute/async - {"script":"<script> [1562 bytes]","args":[{"selector":{"id":"application-managepartners-display-component---NewPartner--addressDetailDetailsName1","interaction":{"idSuffix":"inner"}},"wdio_ui5_key":"applicationmanagepartners-display-component---NewPartner--addressDetailDetailsName1"}]}
COMMAND: GET /session/885acd6bfe44f64c6e2485c8ef54779e/screenshot - {}
RESULT: {}
RESULT: {"script":"<script> [1562 bytes]","args":[{"selector":{"id":"application-managepartners-display-component---NewPartner--addressDetailDetailsName1","interaction":{"idSuffix":"inner"}},"wdio_ui5_key":"applicationmanagepartners-display-component---NewPartner--addressDetailDetailsName1"}]}
RESULT: undefined
COMMAND: POST /session/885acd6bfe44f64c6e2485c8ef54779e/execute/async - {"script":"<script> [776 bytes]","args":[{"enterText":"WDI5-Partners","selector":{"id":"application-managepartners-display-component---NewPartner--addressDetailDetailsName1","interaction":{"idSuffix":"inner"}},"clearTextFirst":true,"interactionType":"ENTER_TEXT"}]}
RESULT: {"script":"<script> [776 bytes]","args":[{"enterText":"WDI5-Partners","selector":{"id":"application-managepartners-display-component---NewPartner--addressDetailDetailsName1","interaction":{"idSuffix":"inner"}},"clearTextFirst":true,"interactionType":"ENTER_TEXT"}]}
COMMAND: POST /session/885acd6bfe44f64c6e2485c8ef54779e/execute/async - {"script":"<script> [1562 bytes]","args":[{"selector":{"id":"application-managepartners-display-component---NewPartner--addressDetailDetailsLanguage-arrow"},"wdio_ui5_key":"applicationmanagepartners-display-component---NewPartner--addressDetailDetailsLanguage-arrow"}]}
RESULT: {"script":"<script> [1562 bytes]","args":[{"selector":{"id":"application-managepartners-display-component---NewPartner--addressDetailDetailsLanguage-arrow"},"wdio_ui5_key":"applicationmanagepartners-display-component---NewPartner--addressDetailDetailsLanguage-arrow"}]}
RESULT: undefined
COMMAND: POST /session/885acd6bfe44f64c6e2485c8ef54779e/element - {"using":"xpath","value":"//*[@id=\"application-managepartners-display-component---NewPartner--addressDetailDetailsLanguage-arrow\"]"}
RESULT: {"using":"xpath","value":"//*[@id=\"application-managepartners-display-component---NewPartner--addressDetailDetailsLanguage-arrow\"]"}
COMMAND: POST /session/885acd6bfe44f64c6e2485c8ef54779e/element/f.F53CD083946FCE278F3961FDA51ABBA8.d.4BE41A2D22B72E9FF17B5FE6838589F1.e.6222/click - {}
RESULT: {}
COMMAND: POST /session/885acd6bfe44f64c6e2485c8ef54779e/execute/async - {"script":"<script> [1562 bytes]","args":[{"selector":{"controlType":"sap.m.StandardListItem","viewName":"etm.portal.ui.managepartners.view.NewPartner","viewId":"application-managepartners-display-component---NewPartner","properties":{"title":"English"},"searchOpenDialogs":true,"interaction":{"idSuffix":"content"}},"wdio_ui5_key":"etmportal.ui.managepartners.view.NewPartnersap.m.StandardListItem{\"title\":\"English\"}"}]}
COMMAND: GET /session/885acd6bfe44f64c6e2485c8ef54779e/screenshot - {}
RESULT: {"script":"<script> [1562 bytes]","args":[{"selector":{"controlType":"sap.m.StandardListItem","viewName":"etm.portal.ui.managepartners.view.NewPartner","viewId":"application-managepartners-display-component---NewPartner","properties":{"title":"English"},"searchOpenDialogs":true,"interaction":{"idSuffix":"content"}},"wdio_ui5_key":"etmportal.ui.managepartners.view.NewPartnersap.m.StandardListItem{\"title\":\"English\"}"}]}
RESULT: undefined
COMMAND: POST /session/885acd6bfe44f64c6e2485c8ef54779e/element - {"using":"xpath","value":"//*[@id=\"__item1102\"]"}
RESULT: {}
RESULT: {"using":"xpath","value":"//*[@id=\"__item1102\"]"}
COMMAND: POST /session/885acd6bfe44f64c6e2485c8ef54779e/element/f.F53CD083946FCE278F3961FDA51ABBA8.d.4BE41A2D22B72E9FF17B5FE6838589F1.e.6224/click - {}
RESULT: {}
COMMAND: POST /session/885acd6bfe44f64c6e2485c8ef54779e/execute/async - {"script":"<script> [1562 bytes]","args":[{"selector":{"id":"application-managepartners-display-component---NewPartner--addressDetailDetailsCity1","interaction":{"idSuffix":"inner"}},"wdio_ui5_key":"applicationmanagepartners-display-component---NewPartner--addressDetailDetailsCity1"}]}
COMMAND: GET /session/885acd6bfe44f64c6e2485c8ef54779e/screenshot - {}
RESULT: {"script":"<script> [1562 bytes]","args":[{"selector":{"id":"application-managepartners-display-component---NewPartner--addressDetailDetailsCity1","interaction":{"idSuffix":"inner"}},"wdio_ui5_key":"applicationmanagepartners-display-component---NewPartner--addressDetailDetailsCity1"}]}
RESULT: undefined
COMMAND: POST /session/885acd6bfe44f64c6e2485c8ef54779e/execute/async - {"script":"<script> [776 bytes]","args":[{"enterText":"Bangalore","selector":{"id":"application-managepartners-display-component---NewPartner--addressDetailDetailsCity1","interaction":{"idSuffix":"inner"}},"clearTextFirst":true,"interactionType":"ENTER_TEXT"}]}
RESULT: {}
RESULT: {"script":"<script> [776 bytes]","args":[{"enterText":"Bangalore","selector":{"id":"application-managepartners-display-component---NewPartner--addressDetailDetailsCity1","interaction":{"idSuffix":"inner"}},"clearTextFirst":true,"interactionType":"ENTER_TEXT"}]}
COMMAND: POST /session/885acd6bfe44f64c6e2485c8ef54779e/execute/async - {"script":"<script> [1562 bytes]","args":[{"selector":{"id":"application-managepartners-display-component---NewPartner--addressDetailDetailsCountry-arrow"},"wdio_ui5_key":"applicationmanagepartners-display-component---NewPartner--addressDetailDetailsCountry-arrow"}]}
RESULT: {"script":"<script> [1562 bytes]","args":[{"selector":{"id":"application-managepartners-display-component---NewPartner--addressDetailDetailsCountry-arrow"},"wdio_ui5_key":"applicationmanagepartners-display-component---NewPartner--addressDetailDetailsCountry-arrow"}]}
RESULT: undefined
COMMAND: POST /session/885acd6bfe44f64c6e2485c8ef54779e/element - {"using":"xpath","value":"//*[@id=\"application-managepartners-display-component---NewPartner--addressDetailDetailsCountry-arrow\"]"}
RESULT: {"using":"xpath","value":"//*[@id=\"application-managepartners-display-component---NewPartner--addressDetailDetailsCountry-arrow\"]"}
COMMAND: POST /session/885acd6bfe44f64c6e2485c8ef54779e/element/f.F53CD083946FCE278F3961FDA51ABBA8.d.4BE41A2D22B72E9FF17B5FE6838589F1.e.6226/click - {}
RESULT: {}
COMMAND: POST /session/885acd6bfe44f64c6e2485c8ef54779e/execute/async - {"script":"<script> [1562 bytes]","args":[{"selector":{"id":"application-managepartners-display-component---NewPartner--addressDetailDetailsCountry","interaction":{"idSuffix":"inner"}},"wdio_ui5_key":"applicationmanagepartners-display-component---NewPartner--addressDetailDetailsCountry"}]}
COMMAND: GET /session/885acd6bfe44f64c6e2485c8ef54779e/screenshot - {}
RESULT: {"script":"<script> [1562 bytes]","args":[{"selector":{"id":"application-managepartners-display-component---NewPartner--addressDetailDetailsCountry","interaction":{"idSuffix":"inner"}},"wdio_ui5_key":"applicationmanagepartners-display-component---NewPartner--addressDetailDetailsCountry"}]}
RESULT: undefined
COMMAND: POST /session/885acd6bfe44f64c6e2485c8ef54779e/execute/async - {"script":"<script> [776 bytes]","args":[{"enterText":"India","selector":{"id":"application-managepartners-display-component---NewPartner--addressDetailDetailsCountry","interaction":{"idSuffix":"inner"}},"clearTextFirst":true,"interactionType":"ENTER_TEXT"}]}
RESULT: {}
RESULT: {"script":"<script> [776 bytes]","args":[{"enterText":"India","selector":{"id":"application-managepartners-display-component---NewPartner--addressDetailDetailsCountry","interaction":{"idSuffix":"inner"}},"clearTextFirst":true,"interactionType":"ENTER_TEXT"}]}
COMMAND: POST /session/885acd6bfe44f64c6e2485c8ef54779e/execute/async - {"script":"<script> [1562 bytes]","args":[{"selector":{"controlType":"sap.m.StandardListItem","viewName":"etm.portal.ui.managepartners.view.NewPartner","viewId":"application-managepartners-display-component---NewPartner","properties":{"title":"India"},"searchOpenDialogs":true,"interaction":{"idSuffix":"content"}},"wdio_ui5_key":"etmportal.ui.managepartners.view.NewPartnersap.m.StandardListItem{\"title\":\"India\"}"}]}
RESULT: {"script":"<script> [1562 bytes]","args":[{"selector":{"controlType":"sap.m.StandardListItem","viewName":"etm.portal.ui.managepartners.view.NewPartner","viewId":"application-managepartners-display-component---NewPartner","properties":{"title":"India"},"searchOpenDialogs":true,"interaction":{"idSuffix":"content"}},"wdio_ui5_key":"etmportal.ui.managepartners.view.NewPartnersap.m.StandardListItem{\"title\":\"India\"}"}]}
RESULT: undefined
COMMAND: POST /session/885acd6bfe44f64c6e2485c8ef54779e/execute/async - {"script":"<script> [1562 bytes]","args":[{"selector":{"controlType":"sap.m.Button","viewName":"etm.portal.ui.managepartners.view.NewPartner","viewId":"application-managepartners-display-component---NewPartner","properties":{"text":"Commercial"},"interaction":{"idSuffix":"BDI-content"}},"wdio_ui5_key":"etmportal.ui.managepartners.view.NewPartnersap.m.Button{\"text\":\"Commercial\"}"}]}
RESULT: {"script":"<script> [1562 bytes]","args":[{"selector":{"controlType":"sap.m.Button","viewName":"etm.portal.ui.managepartners.view.NewPartner","viewId":"application-managepartners-display-component---NewPartner","properties":{"text":"Commercial"},"interaction":{"idSuffix":"BDI-content"}},"wdio_ui5_key":"etmportal.ui.managepartners.view.NewPartnersap.m.Button{\"text\":\"Commercial\"}"}]}
RESULT: undefined
COMMAND: POST /session/885acd6bfe44f64c6e2485c8ef54779e/element - {"using":"xpath","value":"//*[@id=\"application-managepartners-display-component---NewPartner--ObjectPageLayout-anchBar-__section57-anchor\"]"}
RESULT: {"using":"xpath","value":"//*[@id=\"application-managepartners-display-component---NewPartner--ObjectPageLayout-anchBar-__section57-anchor\"]"}
COMMAND: POST /session/885acd6bfe44f64c6e2485c8ef54779e/element/f.F53CD083946FCE278F3961FDA51ABBA8.d.4BE41A2D22B72E9FF17B5FE6838589F1.e.6231/click - {}
RESULT: {}
COMMAND: POST /session/885acd6bfe44f64c6e2485c8ef54779e/execute/async - {"script":"<script> [1562 bytes]","args":[{"selector":{"id":"application-managepartners-display-component---NewPartner--partnerDetailInternal-arrow"},"wdio_ui5_key":"applicationmanagepartners-display-component---NewPartner--partnerDetailInternal-arrow"}]}
COMMAND: GET /session/885acd6bfe44f64c6e2485c8ef54779e/screenshot - {}
RESULT: {"script":"<script> [1562 bytes]","args":[{"selector":{"id":"application-managepartners-display-component---NewPartner--partnerDetailInternal-arrow"},"wdio_ui5_key":"applicationmanagepartners-display-component---NewPartner--partnerDetailInternal-arrow"}]}
RESULT: undefined
COMMAND: POST /session/885acd6bfe44f64c6e2485c8ef54779e/element - {"using":"xpath","value":"//*[@id=\"application-managepartners-display-component---NewPartner--partnerDetailInternal-arrow\"]"}
RESULT: {}
RESULT: {"using":"xpath","value":"//*[@id=\"application-managepartners-display-component---NewPartner--partnerDetailInternal-arrow\"]"}
COMMAND: POST /session/885acd6bfe44f64c6e2485c8ef54779e/element/f.F53CD083946FCE278F3961FDA51ABBA8.d.4BE41A2D22B72E9FF17B5FE6838589F1.e.6236/click - {}
RESULT: {}
COMMAND: POST /session/885acd6bfe44f64c6e2485c8ef54779e/execute/async - {"script":"<script> [1562 bytes]","args":[{"selector":{"controlType":"sap.m.StandardListItem","viewName":"etm.portal.ui.managepartners.view.NewPartner","viewId":"application-managepartners-display-component---NewPartner","properties":{"title":"External partner"},"searchOpenDialogs":true,"interaction":{"idSuffix":"content"}},"wdio_ui5_key":"etmportal.ui.managepartners.view.NewPartnersap.m.StandardListItem{\"title\":\"External partner\"}"}]}
COMMAND: GET /session/885acd6bfe44f64c6e2485c8ef54779e/screenshot - {}
RESULT: {"script":"<script> [1562 bytes]","args":[{"selector":{"controlType":"sap.m.StandardListItem","viewName":"etm.portal.ui.managepartners.view.NewPartner","viewId":"application-managepartners-display-component---NewPartner","properties":{"title":"External partner"},"searchOpenDialogs":true,"interaction":{"idSuffix":"content"}},"wdio_ui5_key":"etmportal.ui.managepartners.view.NewPartnersap.m.StandardListItem{\"title\":\"External partner\"}"}]}
RESULT: undefined
COMMAND: POST /session/885acd6bfe44f64c6e2485c8ef54779e/element - {"using":"xpath","value":"//*[@id=\"__item1236\"]"}
RESULT: {}
RESULT: {"using":"xpath","value":"//*[@id=\"__item1236\"]"}
COMMAND: POST /session/885acd6bfe44f64c6e2485c8ef54779e/element/f.F53CD083946FCE278F3961FDA51ABBA8.d.4BE41A2D22B72E9FF17B5FE6838589F1.e.6238/click - {}
RESULT: {}
COMMAND: POST /session/885acd6bfe44f64c6e2485c8ef54779e/execute/async - {"script":"<script> [1562 bytes]","args":[{"selector":{"id":"application-managepartners-display-component---NewPartner--partnerDetailsCurrency-arrow"},"wdio_ui5_key":"applicationmanagepartners-display-component---NewPartner--partnerDetailsCurrency-arrow"}]}
COMMAND: GET /session/885acd6bfe44f64c6e2485c8ef54779e/screenshot - {}
RESULT: {"script":"<script> [1562 bytes]","args":[{"selector":{"id":"application-managepartners-display-component---NewPartner--partnerDetailsCurrency-arrow"},"wdio_ui5_key":"applicationmanagepartners-display-component---NewPartner--partnerDetailsCurrency-arrow"}]}
RESULT: undefined
COMMAND: POST /session/885acd6bfe44f64c6e2485c8ef54779e/element - {"using":"xpath","value":"//*[@id=\"application-managepartners-display-component---NewPartner--partnerDetailsCurrency-arrow\"]"}
RESULT: {}
RESULT: {"using":"xpath","value":"//*[@id=\"application-managepartners-display-component---NewPartner--partnerDetailsCurrency-arrow\"]"}
COMMAND: POST /session/885acd6bfe44f64c6e2485c8ef54779e/element/f.F53CD083946FCE278F3961FDA51ABBA8.d.4BE41A2D22B72E9FF17B5FE6838589F1.e.6243/click - {}
RESULT: {}
COMMAND: POST /session/885acd6bfe44f64c6e2485c8ef54779e/execute/async - {"script":"<script> [1562 bytes]","args":[{"selector":{"controlType":"sap.m.StandardListItem","viewName":"etm.portal.ui.managepartners.view.NewPartner","viewId":"application-managepartners-display-component---NewPartner","properties":{"title":"Euro"},"searchOpenDialogs":true,"interaction":{"idSuffix":"content"}},"wdio_ui5_key":"etmportal.ui.managepartners.view.NewPartnersap.m.StandardListItem{\"title\":\"Euro\"}"}]}
COMMAND: GET /session/885acd6bfe44f64c6e2485c8ef54779e/screenshot - {}
RESULT: {"script":"<script> [1562 bytes]","args":[{"selector":{"controlType":"sap.m.StandardListItem","viewName":"etm.portal.ui.managepartners.view.NewPartner","viewId":"application-managepartners-display-component---NewPartner","properties":{"title":"Euro"},"searchOpenDialogs":true,"interaction":{"idSuffix":"content"}},"wdio_ui5_key":"etmportal.ui.managepartners.view.NewPartnersap.m.StandardListItem{\"title\":\"Euro\"}"}]}
RESULT: undefined
COMMAND: POST /session/885acd6bfe44f64c6e2485c8ef54779e/element - {"using":"xpath","value":"//*[@id=\"__item1238\"]"}
RESULT: {}
RESULT: {"using":"xpath","value":"//*[@id=\"__item1238\"]"}
COMMAND: POST /session/885acd6bfe44f64c6e2485c8ef54779e/element/f.F53CD083946FCE278F3961FDA51ABBA8.d.4BE41A2D22B72E9FF17B5FE6838589F1.e.6245/click - {}
RESULT: {}
COMMAND: POST /session/885acd6bfe44f64c6e2485c8ef54779e/execute/async - {"script":"<script> [1562 bytes]","args":[{"selector":{"controlType":"sap.m.Button","viewName":"etm.portal.ui.managepartners.view.NewPartner","viewId":"application-managepartners-display-component---NewPartner","properties":{"text":"Assignments"},"interaction":{"idSuffix":"BDI-content"}},"wdio_ui5_key":"etmportal.ui.managepartners.view.NewPartnersap.m.Button{\"text\":\"Assignments\"}"}]}
COMMAND: GET /session/885acd6bfe44f64c6e2485c8ef54779e/screenshot - {}
RESULT: {"script":"<script> [1562 bytes]","args":[{"selector":{"controlType":"sap.m.Button","viewName":"etm.portal.ui.managepartners.view.NewPartner","viewId":"application-managepartners-display-component---NewPartner","properties":{"text":"Assignments"},"interaction":{"idSuffix":"BDI-content"}},"wdio_ui5_key":"etmportal.ui.managepartners.view.NewPartnersap.m.Button{\"text\":\"Assignments\"}"}]}
RESULT: undefined
COMMAND: POST /session/885acd6bfe44f64c6e2485c8ef54779e/element - {"using":"xpath","value":"//*[@id=\"application-managepartners-display-component---NewPartner--ObjectPageLayout-anchBar-__section61-anchor\"]"}
RESULT: {}
RESULT: {"using":"xpath","value":"//*[@id=\"application-managepartners-display-component---NewPartner--ObjectPageLayout-anchBar-__section61-anchor\"]"}
COMMAND: POST /session/885acd6bfe44f64c6e2485c8ef54779e/element/f.F53CD083946FCE278F3961FDA51ABBA8.d.4BE41A2D22B72E9FF17B5FE6838589F1.e.6247/click - {}
RESULT: {}
COMMAND: POST /session/885acd6bfe44f64c6e2485c8ef54779e/execute/async - {"script":"<script> [1562 bytes]","args":[{"selector":{"id":"application-managepartners-display-component---NewPartner--btnAddTableRow","interaction":{"idSuffix":"inner"}},"wdio_ui5_key":"applicationmanagepartners-display-component---NewPartner--btnAddTableRow"}]}
COMMAND: GET /session/885acd6bfe44f64c6e2485c8ef54779e/screenshot - {}
RESULT: {"script":"<script> [1562 bytes]","args":[{"selector":{"id":"application-managepartners-display-component---NewPartner--btnAddTableRow","interaction":{"idSuffix":"inner"}},"wdio_ui5_key":"applicationmanagepartners-display-component---NewPartner--btnAddTableRow"}]}
RESULT: undefined
COMMAND: POST /session/885acd6bfe44f64c6e2485c8ef54779e/element - {"using":"xpath","value":"//*[@id=\"application-managepartners-display-component---NewPartner--btnAddTableRow\"]"}
RESULT: {}
RESULT: {"using":"xpath","value":"//*[@id=\"application-managepartners-display-component---NewPartner--btnAddTableRow\"]"}
COMMAND: POST /session/885acd6bfe44f64c6e2485c8ef54779e/element/f.F53CD083946FCE278F3961FDA51ABBA8.d.4BE41A2D22B72E9FF17B5FE6838589F1.e.6254/click - {}
RESULT: {}
COMMAND: POST /session/885acd6bfe44f64c6e2485c8ef54779e/element - {"using":"css selector","value":"#application-managepartners-display-component---NewPartner--assignmentYard-application-managepartners-display-component---NewPartner--assignmentsTable-0-inner"}
COMMAND: GET /session/885acd6bfe44f64c6e2485c8ef54779e/screenshot - {}
RESULT: {"using":"css selector","value":"#application-managepartners-display-component---NewPartner--assignmentYard-application-managepartners-display-component---NewPartner--assignmentsTable-0-inner"}
COMMAND: POST /session/885acd6bfe44f64c6e2485c8ef54779e/element/f.F53CD083946FCE278F3961FDA51ABBA8.d.4BE41A2D22B72E9FF17B5FE6838589F1.e.6256/clear - {}
RESULT: {}
RESULT: {}
COMMAND: POST /session/885acd6bfe44f64c6e2485c8ef54779e/element/f.F53CD083946FCE278F3961FDA51ABBA8.d.4BE41A2D22B72E9FF17B5FE6838589F1.e.6256/value - {"text":"483"}
COMMAND: GET /session/885acd6bfe44f64c6e2485c8ef54779e/screenshot - {}
RESULT: {"text":"483"}
COMMAND: POST /session/885acd6bfe44f64c6e2485c8ef54779e/execute/async - {"script":"<script> [1562 bytes]","args":[{"selector":{"id":"application-managepartners-display-component---NewPartner--assignmentYard-application-managepartners-display-component---NewPartner--assignmentsTable-0-arrow"},"wdio_ui5_key":"applicationmanagepartners-display-component---NewPartner--assignmentYard-application-managepartners-display-component---NewPartner--assignmentsTable-0-arrow"}]}
COMMAND: GET /session/885acd6bfe44f64c6e2485c8ef54779e/screenshot - {}
RESULT: {}
RESULT: {"script":"<script> [1562 bytes]","args":[{"selector":{"id":"application-managepartners-display-component---NewPartner--assignmentYard-application-managepartners-display-component---NewPartner--assignmentsTable-0-arrow"},"wdio_ui5_key":"applicationmanagepartners-display-component---NewPartner--assignmentYard-application-managepartners-display-component---NewPartner--assignmentsTable-0-arrow"}]}
RESULT: undefined
COMMAND: POST /session/885acd6bfe44f64c6e2485c8ef54779e/element - {"using":"xpath","value":"//*[@id=\"application-managepartners-display-component---NewPartner--assignmentYard-application-managepartners-display-component---NewPartner--assignmentsTable-0-arrow\"]"}
RESULT: {}
RESULT: {"using":"xpath","value":"//*[@id=\"application-managepartners-display-component---NewPartner--assignmentYard-application-managepartners-display-component---NewPartner--assignmentsTable-0-arrow\"]"}
COMMAND: POST /session/885acd6bfe44f64c6e2485c8ef54779e/element/f.F53CD083946FCE278F3961FDA51ABBA8.d.4BE41A2D22B72E9FF17B5FE6838589F1.e.6264/click - {}
RESULT: {}
COMMAND: GET /session/885acd6bfe44f64c6e2485c8ef54779e/screenshot - {}
RESULT: {}
COMMAND: POST /session/885acd6bfe44f64c6e2485c8ef54779e/execute/async - {"script":"<script> [1562 bytes]","args":[{"selector":{"controlType":"sap.m.Button","viewName":"etm.portal.ui.managepartners.view.NewPartner","viewId":"application-managepartners-display-component---NewPartner","i18NText":{"propertyName":"text","key":"save"},"interaction":{"idSuffix":"BDI-content"}},"wdio_ui5_key":"etmportal.ui.managepartners.view.NewPartnersap.m.Button{\"propertyName\":\"text\",\"key\":\"save\"}"}]}
RESULT: {"script":"<script> [1562 bytes]","args":[{"selector":{"controlType":"sap.m.Button","viewName":"etm.portal.ui.managepartners.view.NewPartner","viewId":"application-managepartners-display-component---NewPartner","i18NText":{"propertyName":"text","key":"save"},"interaction":{"idSuffix":"BDI-content"}},"wdio_ui5_key":"etmportal.ui.managepartners.view.NewPartnersap.m.Button{\"propertyName\":\"text\",\"key\":\"save\"}"}]}
RESULT: undefined
COMMAND: POST /session/885acd6bfe44f64c6e2485c8ef54779e/element - {"using":"xpath","value":"//*[@id=\"__button127\"]"}
RESULT: {"using":"xpath","value":"//*[@id=\"__button127\"]"}
COMMAND: POST /session/885acd6bfe44f64c6e2485c8ef54779e/element/f.F53CD083946FCE278F3961FDA51ABBA8.d.4BE41A2D22B72E9FF17B5FE6838589F1.e.6205/click - {}
RESULT: {}
COMMAND: GET /session/885acd6bfe44f64c6e2485c8ef54779e/screenshot - {}
RESULT: {}
COMMAND: POST /session/885acd6bfe44f64c6e2485c8ef54779e/execute/async - {"script":"<script> [1562 bytes]","args":[{"selector":{"controlType":"sap.m.Text","viewName":"etm.portal.ui.managepartners.view.Detail","viewId":"application-managepartners-display-component---detailPtm","bindingPath":{"propertyPath":"ID","modelName":"catalogModel"}},"wdio_ui5_key":"etmportal.ui.managepartners.view.Detailsap.m.Text{\"propertyPath\":\"ID\",\"modelName\":\"catalogModel\"}"}]}
RESULT: {"script":"<script> [1562 bytes]","args":[{"selector":{"controlType":"sap.m.Text","viewName":"etm.portal.ui.managepartners.view.Detail","viewId":"application-managepartners-display-component---detailPtm","bindingPath":{"propertyPath":"ID","modelName":"catalogModel"}},"wdio_ui5_key":"etmportal.ui.managepartners.view.Detailsap.m.Text{\"propertyPath\":\"ID\",\"modelName\":\"catalogModel\"}"}]}
RESULT: undefined
COMMAND: POST /session/885acd6bfe44f64c6e2485c8ef54779e/execute/async - {"script":"<script> [6424 bytes]","args":[{"element-6066-11e4-a52e-4f735466cecf":"f.F53CD083946FCE278F3961FDA51ABBA8.d.4BE41A2D22B72E9FF17B5FE6838589F1.e.6427"},"getText",[]]}
RESULT: {"script":"<script> [6424 bytes]","args":[{"element-6066-11e4-a52e-4f735466cecf":"f.F53CD083946FCE278F3961FDA51ABBA8.d.4BE41A2D22B72E9FF17B5FE6838589F1.e.6427"},"getText",[]]}
COMMAND: POST /session/885acd6bfe44f64c6e2485c8ef54779e/element - {"using":"css selector","value":"#shell-header-logo"}
RESULT: {"using":"css selector","value":"#shell-header-logo"}
COMMAND: POST /session/885acd6bfe44f64c6e2485c8ef54779e/element/f.F53CD083946FCE278F3961FDA51ABBA8.d.4BE41A2D22B72E9FF17B5FE6838589F1.e.5763/click - {}
RESULT: {}
]]></system-out>
    </testcase>
    <testcase classname="chrome.135_0_7049_96.windows.Provide_to_Site_w/_warehouse_management_w/_clarification_US115878" name="Should create a new WHM Material" time="87.819">
      <system-out><![CDATA[
COMMAND: POST /session/885acd6bfe44f64c6e2485c8ef54779e/execute/async - {"script":"<script> [1562 bytes]","args":[{"selector":{"controlType":"sap.m.GenericTile","properties":{"header":"Manage Resources"}},"wdio_ui5_key":"sapm.GenericTile{\"header\":\"Manage Resources\"}"}]}
COMMAND: GET /session/885acd6bfe44f64c6e2485c8ef54779e/screenshot - {}
RESULT: {"script":"<script> [1562 bytes]","args":[{"selector":{"controlType":"sap.m.GenericTile","properties":{"header":"Manage Resources"}},"wdio_ui5_key":"sapm.GenericTile{\"header\":\"Manage Resources\"}"}]}
RESULT: undefined
COMMAND: POST /session/885acd6bfe44f64c6e2485c8ef54779e/element - {"using":"xpath","value":"//*[@id=\"__tile31\"]"}
RESULT: {}
RESULT: {"using":"xpath","value":"//*[@id=\"__tile31\"]"}
COMMAND: POST /session/885acd6bfe44f64c6e2485c8ef54779e/element/f.F53CD083946FCE278F3961FDA51ABBA8.d.4BE41A2D22B72E9FF17B5FE6838589F1.e.4334/click - {}
RESULT: {}
COMMAND: POST /session/885acd6bfe44f64c6e2485c8ef54779e/execute/async - {"script":"<script> [1562 bytes]","args":[{"selector":{"controlType":"sap.m.OverflowToolbarButton","viewName":"etm.portal.ui.manageresources.view.Master","viewId":"application-manageresources-display-component---masterRU","bindingPath":{"path":"","propertyPath":"/isLogbook","modelName":"minimumStockRPGModel"},"interaction":{"idSuffix":"inner"}},"wdio_ui5_key":"etmportal.ui.manageresources.view.Mastersap.m.OverflowToolbarButton{\"path\":\"\",\"propertyPath\":\"/isLogbook\",\"modelName\":\"minimumStockRPGModel\"}"}]}
COMMAND: GET /session/885acd6bfe44f64c6e2485c8ef54779e/screenshot - {}
RESULT: {"script":"<script> [1562 bytes]","args":[{"selector":{"controlType":"sap.m.OverflowToolbarButton","viewName":"etm.portal.ui.manageresources.view.Master","viewId":"application-manageresources-display-component---masterRU","bindingPath":{"path":"","propertyPath":"/isLogbook","modelName":"minimumStockRPGModel"},"interaction":{"idSuffix":"inner"}},"wdio_ui5_key":"etmportal.ui.manageresources.view.Mastersap.m.OverflowToolbarButton{\"path\":\"\",\"propertyPath\":\"/isLogbook\",\"modelName\":\"minimumStockRPGModel\"}"}]}
RESULT: undefined
COMMAND: POST /session/885acd6bfe44f64c6e2485c8ef54779e/element - {"using":"xpath","value":"//*[@id=\"__button168\"]"}
RESULT: {}
RESULT: {"using":"xpath","value":"//*[@id=\"__button168\"]"}
COMMAND: POST /session/885acd6bfe44f64c6e2485c8ef54779e/element/f.F53CD083946FCE278F3961FDA51ABBA8.d.4BE41A2D22B72E9FF17B5FE6838589F1.e.6468/click - {}
RESULT: {}
COMMAND: GET /session/885acd6bfe44f64c6e2485c8ef54779e/screenshot - {}
RESULT: {}
COMMAND: POST /session/885acd6bfe44f64c6e2485c8ef54779e/execute/async - {"script":"<script> [1562 bytes]","args":[{"selector":{"id":"application-manageresources-display-component---newResourceUnit--TYPE-arrow"},"wdio_ui5_key":"applicationmanageresources-display-component---newResourceUnit--TYPE-arrow"}]}
RESULT: {"script":"<script> [1562 bytes]","args":[{"selector":{"id":"application-manageresources-display-component---newResourceUnit--TYPE-arrow"},"wdio_ui5_key":"applicationmanageresources-display-component---newResourceUnit--TYPE-arrow"}]}
RESULT: undefined
COMMAND: POST /session/885acd6bfe44f64c6e2485c8ef54779e/element - {"using":"xpath","value":"//*[@id=\"application-manageresources-display-component---newResourceUnit--TYPE-arrow\"]"}
RESULT: {"using":"xpath","value":"//*[@id=\"application-manageresources-display-component---newResourceUnit--TYPE-arrow\"]"}
COMMAND: POST /session/885acd6bfe44f64c6e2485c8ef54779e/element/f.F53CD083946FCE278F3961FDA51ABBA8.d.4BE41A2D22B72E9FF17B5FE6838589F1.e.6789/click - {}
RESULT: {}
COMMAND: POST /session/885acd6bfe44f64c6e2485c8ef54779e/execute/async - {"script":"<script> [1562 bytes]","args":[{"selector":{"controlType":"sap.m.StandardListItem","viewName":"reusables.view.manageresources.NewResourceUnit","viewId":"application-manageresources-display-component---newResourceUnit","properties":{"title":"Material"},"searchOpenDialogs":true,"interaction":{"idSuffix":"content"}},"wdio_ui5_key":"reusablesview.manageresources.NewResourceUnitsap.m.StandardListItem{\"title\":\"Material\"}"}]}
COMMAND: GET /session/885acd6bfe44f64c6e2485c8ef54779e/screenshot - {}
RESULT: {"script":"<script> [1562 bytes]","args":[{"selector":{"controlType":"sap.m.StandardListItem","viewName":"reusables.view.manageresources.NewResourceUnit","viewId":"application-manageresources-display-component---newResourceUnit","properties":{"title":"Material"},"searchOpenDialogs":true,"interaction":{"idSuffix":"content"}},"wdio_ui5_key":"reusablesview.manageresources.NewResourceUnitsap.m.StandardListItem{\"title\":\"Material\"}"}]}
RESULT: undefined
COMMAND: POST /session/885acd6bfe44f64c6e2485c8ef54779e/element - {"using":"xpath","value":"//*[@id=\"__item1511\"]"}
RESULT: {}
RESULT: {"using":"xpath","value":"//*[@id=\"__item1511\"]"}
COMMAND: POST /session/885acd6bfe44f64c6e2485c8ef54779e/element/f.F53CD083946FCE278F3961FDA51ABBA8.d.4BE41A2D22B72E9FF17B5FE6838589F1.e.6792/click - {}
RESULT: {}
COMMAND: POST /session/885acd6bfe44f64c6e2485c8ef54779e/execute/async - {"script":"<script> [1562 bytes]","args":[{"selector":{"id":"application-manageresources-display-component---newResourceUnit--resourceId","interaction":{"idSuffix":"inner"}},"wdio_ui5_key":"applicationmanageresources-display-component---newResourceUnit--resourceId"}]}
COMMAND: GET /session/885acd6bfe44f64c6e2485c8ef54779e/screenshot - {}
RESULT: {"script":"<script> [1562 bytes]","args":[{"selector":{"id":"application-manageresources-display-component---newResourceUnit--resourceId","interaction":{"idSuffix":"inner"}},"wdio_ui5_key":"applicationmanageresources-display-component---newResourceUnit--resourceId"}]}
RESULT: undefined
COMMAND: POST /session/885acd6bfe44f64c6e2485c8ef54779e/execute/async - {"script":"<script> [1562 bytes]","args":[{"selector":{"id":"application-manageresources-display-component---newResourceUnit--SHORT_TEXT","interaction":{"idSuffix":"inner"}},"wdio_ui5_key":"applicationmanageresources-display-component---newResourceUnit--SHORT_TEXT"}]}
RESULT: {}
RESULT: {"script":"<script> [1562 bytes]","args":[{"selector":{"id":"application-manageresources-display-component---newResourceUnit--SHORT_TEXT","interaction":{"idSuffix":"inner"}},"wdio_ui5_key":"applicationmanageresources-display-component---newResourceUnit--SHORT_TEXT"}]}
RESULT: undefined
COMMAND: POST /session/885acd6bfe44f64c6e2485c8ef54779e/execute/async - {"script":"<script> [776 bytes]","args":[{"enterText":"material WHM","selector":{"id":"application-manageresources-display-component---newResourceUnit--SHORT_TEXT","interaction":{"idSuffix":"inner"}},"clearTextFirst":true,"interactionType":"ENTER_TEXT"}]}
RESULT: {"script":"<script> [776 bytes]","args":[{"enterText":"material WHM","selector":{"id":"application-manageresources-display-component---newResourceUnit--SHORT_TEXT","interaction":{"idSuffix":"inner"}},"clearTextFirst":true,"interactionType":"ENTER_TEXT"}]}
COMMAND: POST /session/885acd6bfe44f64c6e2485c8ef54779e/execute/async - {"script":"<script> [1562 bytes]","args":[{"selector":{"id":"application-manageresources-display-component---newResourceUnit--BASE_UNIT_OF_MEASURE","interaction":{"idSuffix":"inner"}},"wdio_ui5_key":"applicationmanageresources-display-component---newResourceUnit--BASE_UNIT_OF_MEASURE"}]}
RESULT: {"script":"<script> [1562 bytes]","args":[{"selector":{"id":"application-manageresources-display-component---newResourceUnit--BASE_UNIT_OF_MEASURE","interaction":{"idSuffix":"inner"}},"wdio_ui5_key":"applicationmanageresources-display-component---newResourceUnit--BASE_UNIT_OF_MEASURE"}]}
RESULT: undefined
COMMAND: POST /session/885acd6bfe44f64c6e2485c8ef54779e/execute/async - {"script":"<script> [776 bytes]","args":[{"enterText":"Piece","selector":{"id":"application-manageresources-display-component---newResourceUnit--BASE_UNIT_OF_MEASURE","interaction":{"idSuffix":"inner"}},"clearTextFirst":true,"interactionType":"ENTER_TEXT"}]}
RESULT: {"script":"<script> [776 bytes]","args":[{"enterText":"Piece","selector":{"id":"application-manageresources-display-component---newResourceUnit--BASE_UNIT_OF_MEASURE","interaction":{"idSuffix":"inner"}},"clearTextFirst":true,"interactionType":"ENTER_TEXT"}]}
COMMAND: POST /session/885acd6bfe44f64c6e2485c8ef54779e/execute/async - {"script":"<script> [1562 bytes]","args":[{"selector":{"id":"application-manageresources-display-component---newResourceUnit--WEIGHT_UNIT","interaction":{"idSuffix":"inner"}},"wdio_ui5_key":"applicationmanageresources-display-component---newResourceUnit--WEIGHT_UNIT"}]}
RESULT: {"script":"<script> [1562 bytes]","args":[{"selector":{"id":"application-manageresources-display-component---newResourceUnit--WEIGHT_UNIT","interaction":{"idSuffix":"inner"}},"wdio_ui5_key":"applicationmanageresources-display-component---newResourceUnit--WEIGHT_UNIT"}]}
RESULT: undefined
COMMAND: POST /session/885acd6bfe44f64c6e2485c8ef54779e/execute/async - {"script":"<script> [776 bytes]","args":[{"enterText":"Gram","selector":{"id":"application-manageresources-display-component---newResourceUnit--WEIGHT_UNIT","interaction":{"idSuffix":"inner"}},"clearTextFirst":true,"interactionType":"ENTER_TEXT"}]}
RESULT: {"script":"<script> [776 bytes]","args":[{"enterText":"Gram","selector":{"id":"application-manageresources-display-component---newResourceUnit--WEIGHT_UNIT","interaction":{"idSuffix":"inner"}},"clearTextFirst":true,"interactionType":"ENTER_TEXT"}]}
COMMAND: POST /session/885acd6bfe44f64c6e2485c8ef54779e/execute/async - {"script":"<script> [1562 bytes]","args":[{"selector":{"id":"application-manageresources-display-component---newResourceUnit--DIMENSION_UNIT","interaction":{"idSuffix":"inner"}},"wdio_ui5_key":"applicationmanageresources-display-component---newResourceUnit--DIMENSION_UNIT"}]}
RESULT: {"script":"<script> [1562 bytes]","args":[{"selector":{"id":"application-manageresources-display-component---newResourceUnit--DIMENSION_UNIT","interaction":{"idSuffix":"inner"}},"wdio_ui5_key":"applicationmanageresources-display-component---newResourceUnit--DIMENSION_UNIT"}]}
RESULT: undefined
COMMAND: POST /session/885acd6bfe44f64c6e2485c8ef54779e/execute/async - {"script":"<script> [776 bytes]","args":[{"enterText":"Meter","selector":{"id":"application-manageresources-display-component---newResourceUnit--DIMENSION_UNIT","interaction":{"idSuffix":"inner"}},"clearTextFirst":true,"interactionType":"ENTER_TEXT"}]}
RESULT: {"script":"<script> [776 bytes]","args":[{"enterText":"Meter","selector":{"id":"application-manageresources-display-component---newResourceUnit--DIMENSION_UNIT","interaction":{"idSuffix":"inner"}},"clearTextFirst":true,"interactionType":"ENTER_TEXT"}]}
COMMAND: POST /session/885acd6bfe44f64c6e2485c8ef54779e/execute/async - {"script":"<script> [1562 bytes]","args":[{"selector":{"id":"application-manageresources-display-component---newResourceUnit--newRRUPage-anchBar-application-manageresources-display-component---newResourceUnit--control-anchor","interaction":{"idSuffix":"content"}},"wdio_ui5_key":"applicationmanageresources-display-component---newResourceUnit--newRRUPage-anchBar-application-manageresources-display-component---newResourceUnit--control-anchor"}]}
RESULT: {"script":"<script> [1562 bytes]","args":[{"selector":{"id":"application-manageresources-display-component---newResourceUnit--newRRUPage-anchBar-application-manageresources-display-component---newResourceUnit--control-anchor","interaction":{"idSuffix":"content"}},"wdio_ui5_key":"applicationmanageresources-display-component---newResourceUnit--newRRUPage-anchBar-application-manageresources-display-component---newResourceUnit--control-anchor"}]}
RESULT: undefined
COMMAND: POST /session/885acd6bfe44f64c6e2485c8ef54779e/element - {"using":"xpath","value":"//*[@id=\"application-manageresources-display-component---newResourceUnit--newRRUPage-anchBar-application-manageresources-display-component---newResourceUnit--control-anchor\"]"}
RESULT: {"using":"xpath","value":"//*[@id=\"application-manageresources-display-component---newResourceUnit--newRRUPage-anchBar-application-manageresources-display-component---newResourceUnit--control-anchor\"]"}
COMMAND: POST /session/885acd6bfe44f64c6e2485c8ef54779e/element/f.F53CD083946FCE278F3961FDA51ABBA8.d.4BE41A2D22B72E9FF17B5FE6838589F1.e.6856/click - {}
RESULT: {}
COMMAND: POST /session/885acd6bfe44f64c6e2485c8ef54779e/execute/async - {"script":"<script> [1562 bytes]","args":[{"selector":{"id":"application-manageresources-display-component---newResourceUnit--PLANNING_GROUP","interaction":{"idSuffix":"inner"}},"wdio_ui5_key":"applicationmanageresources-display-component---newResourceUnit--PLANNING_GROUP"}]}
COMMAND: GET /session/885acd6bfe44f64c6e2485c8ef54779e/screenshot - {}
RESULT: {"script":"<script> [1562 bytes]","args":[{"selector":{"id":"application-manageresources-display-component---newResourceUnit--PLANNING_GROUP","interaction":{"idSuffix":"inner"}},"wdio_ui5_key":"applicationmanageresources-display-component---newResourceUnit--PLANNING_GROUP"}]}
RESULT: undefined
COMMAND: POST /session/885acd6bfe44f64c6e2485c8ef54779e/execute/async - {"script":"<script> [776 bytes]","args":[{"enterText":"Heavy Equi","selector":{"id":"application-manageresources-display-component---newResourceUnit--PLANNING_GROUP","interaction":{"idSuffix":"inner"}},"clearTextFirst":true,"interactionType":"ENTER_TEXT"}]}
RESULT: {}
RESULT: {"script":"<script> [776 bytes]","args":[{"enterText":"Heavy Equi","selector":{"id":"application-manageresources-display-component---newResourceUnit--PLANNING_GROUP","interaction":{"idSuffix":"inner"}},"clearTextFirst":true,"interactionType":"ENTER_TEXT"}]}
COMMAND: POST /session/885acd6bfe44f64c6e2485c8ef54779e/execute/async - {"script":"<script> [1562 bytes]","args":[{"selector":{"id":"application-manageresources-display-component---newResourceUnit--PLANNING_INDICATOR","interaction":{"idSuffix":"inner"}},"wdio_ui5_key":"applicationmanageresources-display-component---newResourceUnit--PLANNING_INDICATOR"}]}
RESULT: {"script":"<script> [1562 bytes]","args":[{"selector":{"id":"application-manageresources-display-component---newResourceUnit--PLANNING_INDICATOR","interaction":{"idSuffix":"inner"}},"wdio_ui5_key":"applicationmanageresources-display-component---newResourceUnit--PLANNING_INDICATOR"}]}
RESULT: undefined
COMMAND: POST /session/885acd6bfe44f64c6e2485c8ef54779e/execute/async - {"script":"<script> [776 bytes]","args":[{"enterText":"10 - infinite","selector":{"id":"application-manageresources-display-component---newResourceUnit--PLANNING_INDICATOR","interaction":{"idSuffix":"inner"}},"clearTextFirst":true,"interactionType":"ENTER_TEXT"}]}
RESULT: {"script":"<script> [776 bytes]","args":[{"enterText":"10 - infinite","selector":{"id":"application-manageresources-display-component---newResourceUnit--PLANNING_INDICATOR","interaction":{"idSuffix":"inner"}},"clearTextFirst":true,"interactionType":"ENTER_TEXT"}]}
COMMAND: POST /session/885acd6bfe44f64c6e2485c8ef54779e/actions - {"actions":[{"id":"action21","type":"key","parameters":{},"actions":[{"type":"keyDown","value":"î€‡"},{"type":"pause","duration":10},{"type":"keyUp","value":"î€‡"}]}]}
RESULT: {"actions":[{"id":"action21","type":"key","parameters":{},"actions":[{"type":"keyDown","value":"î€‡"},{"type":"pause","duration":10},{"type":"keyUp","value":"î€‡"}]}]}
COMMAND: POST /session/885acd6bfe44f64c6e2485c8ef54779e/execute/async - {"script":"<script> [1562 bytes]","args":[{"selector":{"id":"application-manageresources-display-component---newResourceUnit--ITEM_TYPE-arrow"},"wdio_ui5_key":"applicationmanageresources-display-component---newResourceUnit--ITEM_TYPE-arrow"}]}
COMMAND: GET /session/885acd6bfe44f64c6e2485c8ef54779e/screenshot - {}
RESULT: {"script":"<script> [1562 bytes]","args":[{"selector":{"id":"application-manageresources-display-component---newResourceUnit--ITEM_TYPE-arrow"},"wdio_ui5_key":"applicationmanageresources-display-component---newResourceUnit--ITEM_TYPE-arrow"}]}
RESULT: undefined
COMMAND: POST /session/885acd6bfe44f64c6e2485c8ef54779e/element - {"using":"xpath","value":"//*[@id=\"application-manageresources-display-component---newResourceUnit--ITEM_TYPE-arrow\"]"}
RESULT: {}
RESULT: {"using":"xpath","value":"//*[@id=\"application-manageresources-display-component---newResourceUnit--ITEM_TYPE-arrow\"]"}
COMMAND: POST /session/885acd6bfe44f64c6e2485c8ef54779e/element/f.F53CD083946FCE278F3961FDA51ABBA8.d.4BE41A2D22B72E9FF17B5FE6838589F1.e.6864/click - {}
RESULT: {}
COMMAND: POST /session/885acd6bfe44f64c6e2485c8ef54779e/execute/async - {"script":"<script> [1562 bytes]","args":[{"selector":{"controlType":"sap.m.StandardListItem","viewName":"reusables.view.manageresources.NewResourceUnit","viewId":"application-manageresources-display-component---newResourceUnit","properties":{"title":"Resource Unit"},"searchOpenDialogs":true,"interaction":{"idSuffix":"titleText"}},"wdio_ui5_key":"reusablesview.manageresources.NewResourceUnitsap.m.StandardListItem{\"title\":\"Resource Unit\"}"}]}
COMMAND: GET /session/885acd6bfe44f64c6e2485c8ef54779e/screenshot - {}
RESULT: {"script":"<script> [1562 bytes]","args":[{"selector":{"controlType":"sap.m.StandardListItem","viewName":"reusables.view.manageresources.NewResourceUnit","viewId":"application-manageresources-display-component---newResourceUnit","properties":{"title":"Resource Unit"},"searchOpenDialogs":true,"interaction":{"idSuffix":"titleText"}},"wdio_ui5_key":"reusablesview.manageresources.NewResourceUnitsap.m.StandardListItem{\"title\":\"Resource Unit\"}"}]}
RESULT: undefined
RESULT: {}
COMMAND: POST /session/885acd6bfe44f64c6e2485c8ef54779e/execute/async - {"script":"<script> [1562 bytes]","args":[{"selector":{"controlType":"sap.m.Label","viewName":"reusables.view.manageresources.NewResourceUnit","viewId":"application-manageresources-display-component---newResourceUnit","i18NText":{"propertyName":"text","key":"planningGroup"},"interaction":{"idSuffix":"bdi"}},"wdio_ui5_key":"reusablesview.manageresources.NewResourceUnitsap.m.Label{\"propertyName\":\"text\",\"key\":\"planningGroup\"}"}]}
RESULT: {"script":"<script> [1562 bytes]","args":[{"selector":{"controlType":"sap.m.Label","viewName":"reusables.view.manageresources.NewResourceUnit","viewId":"application-manageresources-display-component---newResourceUnit","i18NText":{"propertyName":"text","key":"planningGroup"},"interaction":{"idSuffix":"bdi"}},"wdio_ui5_key":"reusablesview.manageresources.NewResourceUnitsap.m.Label{\"propertyName\":\"text\",\"key\":\"planningGroup\"}"}]}
RESULT: undefined
COMMAND: POST /session/885acd6bfe44f64c6e2485c8ef54779e/element - {"using":"xpath","value":"//*[@id=\"__label263\"]"}
RESULT: {"using":"xpath","value":"//*[@id=\"__label263\"]"}
COMMAND: POST /session/885acd6bfe44f64c6e2485c8ef54779e/element/f.F53CD083946FCE278F3961FDA51ABBA8.d.4BE41A2D22B72E9FF17B5FE6838589F1.e.6866/click - {}
RESULT: {}
COMMAND: GET /session/885acd6bfe44f64c6e2485c8ef54779e/screenshot - {}
RESULT: {}
COMMAND: POST /session/885acd6bfe44f64c6e2485c8ef54779e/actions - {"actions":[{"type":"key","id":"keyboard","actions":[{"type":"keyDown","value":"î›"}]}]}
RESULT: {"actions":[{"type":"key","id":"keyboard","actions":[{"type":"keyDown","value":"î›"}]}]}
COMMAND: GET /session/885acd6bfe44f64c6e2485c8ef54779e/screenshot - {}
RESULT: {}
COMMAND: POST /session/885acd6bfe44f64c6e2485c8ef54779e/actions - {"actions":[{"type":"key","id":"keyboard","actions":[{"type":"keyDown","value":"î›"}]}]}
RESULT: {"actions":[{"type":"key","id":"keyboard","actions":[{"type":"keyDown","value":"î›"}]}]}
COMMAND: GET /session/885acd6bfe44f64c6e2485c8ef54779e/screenshot - {}
RESULT: {}
COMMAND: POST /session/885acd6bfe44f64c6e2485c8ef54779e/actions - {"actions":[{"type":"key","id":"keyboard","actions":[{"type":"keyDown","value":"î›"}]}]}
RESULT: {"actions":[{"type":"key","id":"keyboard","actions":[{"type":"keyDown","value":"î›"}]}]}
COMMAND: GET /session/885acd6bfe44f64c6e2485c8ef54779e/screenshot - {}
RESULT: {}
COMMAND: POST /session/885acd6bfe44f64c6e2485c8ef54779e/actions - {"actions":[{"type":"key","id":"keyboard","actions":[{"type":"keyDown","value":"î›"}]}]}
RESULT: {"actions":[{"type":"key","id":"keyboard","actions":[{"type":"keyDown","value":"î›"}]}]}
COMMAND: GET /session/885acd6bfe44f64c6e2485c8ef54779e/screenshot - {}
RESULT: {}
COMMAND: POST /session/885acd6bfe44f64c6e2485c8ef54779e/actions - {"actions":[{"type":"key","id":"keyboard","actions":[{"type":"keyDown","value":"î›"}]}]}
RESULT: {"actions":[{"type":"key","id":"keyboard","actions":[{"type":"keyDown","value":"î›"}]}]}
COMMAND: GET /session/885acd6bfe44f64c6e2485c8ef54779e/screenshot - {}
RESULT: {}
COMMAND: POST /session/885acd6bfe44f64c6e2485c8ef54779e/actions - {"actions":[{"type":"key","id":"keyboard","actions":[{"type":"keyDown","value":"î›"}]}]}
RESULT: {"actions":[{"type":"key","id":"keyboard","actions":[{"type":"keyDown","value":"î›"}]}]}
COMMAND: GET /session/885acd6bfe44f64c6e2485c8ef54779e/screenshot - {}
RESULT: {}
COMMAND: POST /session/885acd6bfe44f64c6e2485c8ef54779e/execute/async - {"script":"<script> [1562 bytes]","args":[{"selector":{"id":"application-manageresources-display-component---newResourceUnit--btnAddTimeSegment-img"},"wdio_ui5_key":"applicationmanageresources-display-component---newResourceUnit--btnAddTimeSegment-img"}]}
RESULT: {"script":"<script> [1562 bytes]","args":[{"selector":{"id":"application-manageresources-display-component---newResourceUnit--btnAddTimeSegment-img"},"wdio_ui5_key":"applicationmanageresources-display-component---newResourceUnit--btnAddTimeSegment-img"}]}
RESULT: undefined
COMMAND: POST /session/885acd6bfe44f64c6e2485c8ef54779e/element - {"using":"xpath","value":"//*[@id=\"application-manageresources-display-component---newResourceUnit--btnAddTimeSegment-img\"]"}
RESULT: {"using":"xpath","value":"//*[@id=\"application-manageresources-display-component---newResourceUnit--btnAddTimeSegment-img\"]"}
COMMAND: POST /session/885acd6bfe44f64c6e2485c8ef54779e/element/f.F53CD083946FCE278F3961FDA51ABBA8.d.4BE41A2D22B72E9FF17B5FE6838589F1.e.6867/click - {}
RESULT: {}
COMMAND: POST /session/885acd6bfe44f64c6e2485c8ef54779e/element - {"using":"xpath","value":"//input[@id=\"application-manageresources-display-component---newResourceUnit--idRuTSAdmin-application-manageresources-display-component---newResourceUnit--RUTimeSegment-0-inner\"]"}
COMMAND: GET /session/885acd6bfe44f64c6e2485c8ef54779e/screenshot - {}
RESULT: {"using":"xpath","value":"//input[@id=\"application-manageresources-display-component---newResourceUnit--idRuTSAdmin-application-manageresources-display-component---newResourceUnit--RUTimeSegment-0-inner\"]"}
COMMAND: POST /session/885acd6bfe44f64c6e2485c8ef54779e/element/f.F53CD083946FCE278F3961FDA51ABBA8.d.4BE41A2D22B72E9FF17B5FE6838589F1.e.6870/clear - {}
RESULT: {}
RESULT: {}
COMMAND: POST /session/885acd6bfe44f64c6e2485c8ef54779e/element/f.F53CD083946FCE278F3961FDA51ABBA8.d.4BE41A2D22B72E9FF17B5FE6838589F1.e.6870/value - {"text":"483"}
COMMAND: GET /session/885acd6bfe44f64c6e2485c8ef54779e/screenshot - {}
RESULT: {"text":"483"}
COMMAND: GET /session/885acd6bfe44f64c6e2485c8ef54779e/screenshot - {}
RESULT: {}
RESULT: {}
COMMAND: POST /session/885acd6bfe44f64c6e2485c8ef54779e/actions - {"actions":[{"id":"action22","type":"key","parameters":{},"actions":[{"type":"keyDown","value":"î€‡"},{"type":"pause","duration":10},{"type":"keyUp","value":"î€‡"}]}]}
RESULT: {"actions":[{"id":"action22","type":"key","parameters":{},"actions":[{"type":"keyDown","value":"î€‡"},{"type":"pause","duration":10},{"type":"keyUp","value":"î€‡"}]}]}
COMMAND: GET /session/885acd6bfe44f64c6e2485c8ef54779e/screenshot - {}
RESULT: {}
COMMAND: POST /session/885acd6bfe44f64c6e2485c8ef54779e/execute/async - {"script":"<script> [1562 bytes]","args":[{"selector":{"controlType":"sap.m.Button","viewName":"reusables.view.manageresources.NewResourceUnit","viewId":"application-manageresources-display-component---newResourceUnit","i18NText":{"propertyName":"tooltip","key":"save"},"interaction":{"idSuffix":"BDI-content"}},"wdio_ui5_key":"reusablesview.manageresources.NewResourceUnitsap.m.Button{\"propertyName\":\"tooltip\",\"key\":\"save\"}"}]}
RESULT: {"script":"<script> [1562 bytes]","args":[{"selector":{"controlType":"sap.m.Button","viewName":"reusables.view.manageresources.NewResourceUnit","viewId":"application-manageresources-display-component---newResourceUnit","i18NText":{"propertyName":"tooltip","key":"save"},"interaction":{"idSuffix":"BDI-content"}},"wdio_ui5_key":"reusablesview.manageresources.NewResourceUnitsap.m.Button{\"propertyName\":\"tooltip\",\"key\":\"save\"}"}]}
RESULT: undefined
COMMAND: POST /session/885acd6bfe44f64c6e2485c8ef54779e/element - {"using":"xpath","value":"//*[@id=\"application-manageresources-display-component---newResourceUnit--createRuButton\"]"}
RESULT: {"using":"xpath","value":"//*[@id=\"application-manageresources-display-component---newResourceUnit--createRuButton\"]"}
COMMAND: POST /session/885acd6bfe44f64c6e2485c8ef54779e/element/f.F53CD083946FCE278F3961FDA51ABBA8.d.4BE41A2D22B72E9FF17B5FE6838589F1.e.6805/click - {}
RESULT: {}
COMMAND: POST /session/885acd6bfe44f64c6e2485c8ef54779e/execute/async - {"script":"<script> [1562 bytes]","args":[{"selector":{"controlType":"sap.m.Button","properties":{"text":"Close"},"searchOpenDialogs":true,"interaction":{"idSuffix":"BDI-content"}},"wdio_ui5_key":"sapm.Button{\"text\":\"Close\"}"}]}
COMMAND: GET /session/885acd6bfe44f64c6e2485c8ef54779e/screenshot - {}
RESULT: {"script":"<script> [1562 bytes]","args":[{"selector":{"controlType":"sap.m.Button","properties":{"text":"Close"},"searchOpenDialogs":true,"interaction":{"idSuffix":"BDI-content"}},"wdio_ui5_key":"sapm.Button{\"text\":\"Close\"}"}]}
RESULT: undefined
COMMAND: POST /session/885acd6bfe44f64c6e2485c8ef54779e/element - {"using":"xpath","value":"//*[@id=\"__mbox-btn-0\"]"}
RESULT: {}
RESULT: {"using":"xpath","value":"//*[@id=\"__mbox-btn-0\"]"}
COMMAND: POST /session/885acd6bfe44f64c6e2485c8ef54779e/element/f.F53CD083946FCE278F3961FDA51ABBA8.d.4BE41A2D22B72E9FF17B5FE6838589F1.e.6883/click - {}
RESULT: {}
COMMAND: GET /session/885acd6bfe44f64c6e2485c8ef54779e/screenshot - {}
RESULT: {}
COMMAND: POST /session/885acd6bfe44f64c6e2485c8ef54779e/execute/async - {"script":"<script> [1562 bytes]","args":[{"selector":{"controlType":"sap.m.Text","viewName":"etm.portal.ui.manageresources.view.Detail","viewId":"application-manageresources-display-component---detailRU","bindingPath":{"propertyPath":"ID","modelName":"catalogModel"}},"wdio_ui5_key":"etmportal.ui.manageresources.view.Detailsap.m.Text{\"propertyPath\":\"ID\",\"modelName\":\"catalogModel\"}"}]}
RESULT: {"script":"<script> [1562 bytes]","args":[{"selector":{"controlType":"sap.m.Text","viewName":"etm.portal.ui.manageresources.view.Detail","viewId":"application-manageresources-display-component---detailRU","bindingPath":{"propertyPath":"ID","modelName":"catalogModel"}},"wdio_ui5_key":"etmportal.ui.manageresources.view.Detailsap.m.Text{\"propertyPath\":\"ID\",\"modelName\":\"catalogModel\"}"}]}
RESULT: undefined
COMMAND: POST /session/885acd6bfe44f64c6e2485c8ef54779e/execute/async - {"script":"<script> [6424 bytes]","args":[{"element-6066-11e4-a52e-4f735466cecf":"f.F53CD083946FCE278F3961FDA51ABBA8.d.4BE41A2D22B72E9FF17B5FE6838589F1.e.6913"},"getText",[]]}
RESULT: {"script":"<script> [6424 bytes]","args":[{"element-6066-11e4-a52e-4f735466cecf":"f.F53CD083946FCE278F3961FDA51ABBA8.d.4BE41A2D22B72E9FF17B5FE6838589F1.e.6913"},"getText",[]]}
COMMAND: POST /session/885acd6bfe44f64c6e2485c8ef54779e/element - {"using":"css selector","value":"#shell-header-logo"}
RESULT: {"using":"css selector","value":"#shell-header-logo"}
COMMAND: POST /session/885acd6bfe44f64c6e2485c8ef54779e/element/f.F53CD083946FCE278F3961FDA51ABBA8.d.4BE41A2D22B72E9FF17B5FE6838589F1.e.6430/click - {}
RESULT: {}
COMMAND: GET /session/885acd6bfe44f64c6e2485c8ef54779e/screenshot - {}
RESULT: {}
]]></system-out>
    </testcase>
    <testcase classname="chrome.135_0_7049_96.windows.Provide_to_Site_w/_warehouse_management_w/_clarification_US115878" name="Bin Status Report Should Create New Organization yard" time="42.367">
      <system-out><![CDATA[
COMMAND: POST /session/885acd6bfe44f64c6e2485c8ef54779e/execute/async - {"script":"<script> [1562 bytes]","args":[{"selector":{"controlType":"sap.m.GenericTile","properties":{"header":"Bin Status Report"}},"wdio_ui5_key":"sapm.GenericTile{\"header\":\"Bin Status Report\"}"}]}
RESULT: {"script":"<script> [1562 bytes]","args":[{"selector":{"controlType":"sap.m.GenericTile","properties":{"header":"Bin Status Report"}},"wdio_ui5_key":"sapm.GenericTile{\"header\":\"Bin Status Report\"}"}]}
RESULT: undefined
COMMAND: POST /session/885acd6bfe44f64c6e2485c8ef54779e/element - {"using":"xpath","value":"//*[@id=\"__tile104\"]"}
RESULT: {"using":"xpath","value":"//*[@id=\"__tile104\"]"}
COMMAND: POST /session/885acd6bfe44f64c6e2485c8ef54779e/element/f.F53CD083946FCE278F3961FDA51ABBA8.d.4BE41A2D22B72E9FF17B5FE6838589F1.e.6915/click - {}
RESULT: {}
COMMAND: GET /session/885acd6bfe44f64c6e2485c8ef54779e/screenshot - {}
RESULT: {}
COMMAND: POST /session/885acd6bfe44f64c6e2485c8ef54779e/execute/async - {"script":"<script> [1562 bytes]","args":[{"selector":{"id":"application-binstatusreport-display-component---warehousing--createOrgBtn","interaction":{"idSuffix":"content"}},"wdio_ui5_key":"applicationbinstatusreport-display-component---warehousing--createOrgBtn"}]}
RESULT: {"script":"<script> [1562 bytes]","args":[{"selector":{"id":"application-binstatusreport-display-component---warehousing--createOrgBtn","interaction":{"idSuffix":"content"}},"wdio_ui5_key":"applicationbinstatusreport-display-component---warehousing--createOrgBtn"}]}
RESULT: undefined
COMMAND: POST /session/885acd6bfe44f64c6e2485c8ef54779e/element - {"using":"xpath","value":"//*[@id=\"application-binstatusreport-display-component---warehousing--createOrgBtn\"]"}
RESULT: {"using":"xpath","value":"//*[@id=\"application-binstatusreport-display-component---warehousing--createOrgBtn\"]"}
COMMAND: POST /session/885acd6bfe44f64c6e2485c8ef54779e/element/f.F53CD083946FCE278F3961FDA51ABBA8.d.4BE41A2D22B72E9FF17B5FE6838589F1.e.6968/click - {}
RESULT: {}
COMMAND: POST /session/885acd6bfe44f64c6e2485c8ef54779e/execute/async - {"script":"<script> [1562 bytes]","args":[{"selector":{"id":"createOrganizationPop--sectionInput","searchOpenDialogs":true,"interaction":{"idSuffix":"inner"}},"wdio_ui5_key":"createOrganizationPopsectionInput"}]}
COMMAND: GET /session/885acd6bfe44f64c6e2485c8ef54779e/screenshot - {}
RESULT: {"script":"<script> [1562 bytes]","args":[{"selector":{"id":"createOrganizationPop--sectionInput","searchOpenDialogs":true,"interaction":{"idSuffix":"inner"}},"wdio_ui5_key":"createOrganizationPopsectionInput"}]}
RESULT: undefined
COMMAND: POST /session/885acd6bfe44f64c6e2485c8ef54779e/execute/async - {"script":"<script> [776 bytes]","args":[{"enterText":"WDI483","selector":{"id":"createOrganizationPop--sectionInput","searchOpenDialogs":true,"interaction":{"idSuffix":"inner"}},"clearTextFirst":true,"interactionType":"ENTER_TEXT"}]}
RESULT: {}
RESULT: {"script":"<script> [776 bytes]","args":[{"enterText":"WDI483","selector":{"id":"createOrganizationPop--sectionInput","searchOpenDialogs":true,"interaction":{"idSuffix":"inner"}},"clearTextFirst":true,"interactionType":"ENTER_TEXT"}]}
COMMAND: POST /session/885acd6bfe44f64c6e2485c8ef54779e/execute/async - {"script":"<script> [1562 bytes]","args":[{"selector":{"id":"createOrganizationPop--descriptionInput","searchOpenDialogs":true,"interaction":{"idSuffix":"inner"}},"wdio_ui5_key":"createOrganizationPopdescriptionInput"}]}
RESULT: {"script":"<script> [1562 bytes]","args":[{"selector":{"id":"createOrganizationPop--descriptionInput","searchOpenDialogs":true,"interaction":{"idSuffix":"inner"}},"wdio_ui5_key":"createOrganizationPopdescriptionInput"}]}
RESULT: undefined
COMMAND: POST /session/885acd6bfe44f64c6e2485c8ef54779e/execute/async - {"script":"<script> [776 bytes]","args":[{"enterText":"Shipping483","selector":{"id":"createOrganizationPop--descriptionInput","searchOpenDialogs":true,"interaction":{"idSuffix":"inner"}},"clearTextFirst":true,"interactionType":"ENTER_TEXT"}]}
RESULT: {"script":"<script> [776 bytes]","args":[{"enterText":"Shipping483","selector":{"id":"createOrganizationPop--descriptionInput","searchOpenDialogs":true,"interaction":{"idSuffix":"inner"}},"clearTextFirst":true,"interactionType":"ENTER_TEXT"}]}
COMMAND: POST /session/885acd6bfe44f64c6e2485c8ef54779e/element - {"using":"css selector","value":"#createOrganizationPop--yardOrg-inner"}
RESULT: {"using":"css selector","value":"#createOrganizationPop--yardOrg-inner"}
COMMAND: POST /session/885acd6bfe44f64c6e2485c8ef54779e/element/f.F53CD083946FCE278F3961FDA51ABBA8.d.4BE41A2D22B72E9FF17B5FE6838589F1.e.7296/clear - {}
RESULT: {}
COMMAND: POST /session/885acd6bfe44f64c6e2485c8ef54779e/element/f.F53CD083946FCE278F3961FDA51ABBA8.d.4BE41A2D22B72E9FF17B5FE6838589F1.e.7296/value - {"text":"483"}
COMMAND: GET /session/885acd6bfe44f64c6e2485c8ef54779e/screenshot - {}
RESULT: {"text":"483"}
COMMAND: GET /session/885acd6bfe44f64c6e2485c8ef54779e/screenshot - {}
RESULT: {}
RESULT: {}
COMMAND: POST /session/885acd6bfe44f64c6e2485c8ef54779e/actions - {"actions":[{"id":"action23","type":"key","parameters":{},"actions":[{"type":"keyDown","value":"î€‡"},{"type":"pause","duration":10},{"type":"keyUp","value":"î€‡"}]}]}
RESULT: {"actions":[{"id":"action23","type":"key","parameters":{},"actions":[{"type":"keyDown","value":"î€‡"},{"type":"pause","duration":10},{"type":"keyUp","value":"î€‡"}]}]}
COMMAND: POST /session/885acd6bfe44f64c6e2485c8ef54779e/execute/async - {"script":"<script> [1562 bytes]","args":[{"selector":{"id":"createOrganizationPop--grZone","searchOpenDialogs":true,"interaction":{"idSuffix":"CbBg"}},"wdio_ui5_key":"createOrganizationPopgrZone"}]}
COMMAND: GET /session/885acd6bfe44f64c6e2485c8ef54779e/screenshot - {}
RESULT: {"script":"<script> [1562 bytes]","args":[{"selector":{"id":"createOrganizationPop--grZone","searchOpenDialogs":true,"interaction":{"idSuffix":"CbBg"}},"wdio_ui5_key":"createOrganizationPopgrZone"}]}
RESULT: undefined
COMMAND: POST /session/885acd6bfe44f64c6e2485c8ef54779e/element - {"using":"xpath","value":"//*[@id=\"createOrganizationPop--grZone\"]"}
RESULT: {}
RESULT: {"using":"xpath","value":"//*[@id=\"createOrganizationPop--grZone\"]"}
COMMAND: POST /session/885acd6bfe44f64c6e2485c8ef54779e/element/f.F53CD083946FCE278F3961FDA51ABBA8.d.4BE41A2D22B72E9FF17B5FE6838589F1.e.7317/click - {}
RESULT: {}
COMMAND: POST /session/885acd6bfe44f64c6e2485c8ef54779e/execute/async - {"script":"<script> [1562 bytes]","args":[{"selector":{"id":"createOrganizationPop--giZone","searchOpenDialogs":true,"interaction":{"idSuffix":"CbBg"}},"wdio_ui5_key":"createOrganizationPopgiZone"}]}
COMMAND: GET /session/885acd6bfe44f64c6e2485c8ef54779e/screenshot - {}
RESULT: {"script":"<script> [1562 bytes]","args":[{"selector":{"id":"createOrganizationPop--giZone","searchOpenDialogs":true,"interaction":{"idSuffix":"CbBg"}},"wdio_ui5_key":"createOrganizationPopgiZone"}]}
RESULT: undefined
COMMAND: POST /session/885acd6bfe44f64c6e2485c8ef54779e/element - {"using":"xpath","value":"//*[@id=\"createOrganizationPop--giZone\"]"}
RESULT: {}
RESULT: {"using":"xpath","value":"//*[@id=\"createOrganizationPop--giZone\"]"}
COMMAND: POST /session/885acd6bfe44f64c6e2485c8ef54779e/element/f.F53CD083946FCE278F3961FDA51ABBA8.d.4BE41A2D22B72E9FF17B5FE6838589F1.e.7319/click - {}
RESULT: {}
COMMAND: POST /session/885acd6bfe44f64c6e2485c8ef54779e/execute/async - {"script":"<script> [1562 bytes]","args":[{"selector":{"id":"createOrganizationPop--binNoInput","searchOpenDialogs":true,"interaction":{"idSuffix":"inner"}},"wdio_ui5_key":"createOrganizationPopbinNoInput"}]}
COMMAND: GET /session/885acd6bfe44f64c6e2485c8ef54779e/screenshot - {}
RESULT: {"script":"<script> [1562 bytes]","args":[{"selector":{"id":"createOrganizationPop--binNoInput","searchOpenDialogs":true,"interaction":{"idSuffix":"inner"}},"wdio_ui5_key":"createOrganizationPopbinNoInput"}]}
RESULT: undefined
COMMAND: POST /session/885acd6bfe44f64c6e2485c8ef54779e/execute/async - {"script":"<script> [776 bytes]","args":[{"enterText":"Bin-Wd","selector":{"id":"createOrganizationPop--binNoInput","searchOpenDialogs":true,"interaction":{"idSuffix":"inner"}},"clearTextFirst":true,"interactionType":"ENTER_TEXT"}]}
RESULT: {}
RESULT: {"script":"<script> [776 bytes]","args":[{"enterText":"Bin-Wd","selector":{"id":"createOrganizationPop--binNoInput","searchOpenDialogs":true,"interaction":{"idSuffix":"inner"}},"clearTextFirst":true,"interactionType":"ENTER_TEXT"}]}
COMMAND: POST /session/885acd6bfe44f64c6e2485c8ef54779e/execute/async - {"script":"<script> [1562 bytes]","args":[{"selector":{"id":"createOrganizationPop--descriptionId","searchOpenDialogs":true,"interaction":{"idSuffix":"inner"}},"wdio_ui5_key":"createOrganizationPopdescriptionId"}]}
RESULT: {"script":"<script> [1562 bytes]","args":[{"selector":{"id":"createOrganizationPop--descriptionId","searchOpenDialogs":true,"interaction":{"idSuffix":"inner"}},"wdio_ui5_key":"createOrganizationPopdescriptionId"}]}
RESULT: undefined
COMMAND: POST /session/885acd6bfe44f64c6e2485c8ef54779e/execute/async - {"script":"<script> [776 bytes]","args":[{"enterText":"Shipping-Wd","selector":{"id":"createOrganizationPop--descriptionId","searchOpenDialogs":true,"interaction":{"idSuffix":"inner"}},"clearTextFirst":true,"interactionType":"ENTER_TEXT"}]}
RESULT: {"script":"<script> [776 bytes]","args":[{"enterText":"Shipping-Wd","selector":{"id":"createOrganizationPop--descriptionId","searchOpenDialogs":true,"interaction":{"idSuffix":"inner"}},"clearTextFirst":true,"interactionType":"ENTER_TEXT"}]}
COMMAND: POST /session/885acd6bfe44f64c6e2485c8ef54779e/execute/async - {"script":"<script> [1562 bytes]","args":[{"selector":{"controlType":"sap.m.CheckBox","viewName":"etm.portal.ui.binstatusreport.view.MasterWareBins","viewId":"application-binstatusreport-display-component---warehousing","bindingPath":{"path":"","propertyPath":"/ZONE","modelName":"newBin"},"searchOpenDialogs":true,"interaction":{"idSuffix":"CbBg"}},"wdio_ui5_key":"etmportal.ui.binstatusreport.view.MasterWareBinssap.m.CheckBox{\"path\":\"\",\"propertyPath\":\"/ZONE\",\"modelName\":\"newBin\"}"}]}
RESULT: {"script":"<script> [1562 bytes]","args":[{"selector":{"controlType":"sap.m.CheckBox","viewName":"etm.portal.ui.binstatusreport.view.MasterWareBins","viewId":"application-binstatusreport-display-component---warehousing","bindingPath":{"path":"","propertyPath":"/ZONE","modelName":"newBin"},"searchOpenDialogs":true,"interaction":{"idSuffix":"CbBg"}},"wdio_ui5_key":"etmportal.ui.binstatusreport.view.MasterWareBinssap.m.CheckBox{\"path\":\"\",\"propertyPath\":\"/ZONE\",\"modelName\":\"newBin\"}"}]}
RESULT: undefined
COMMAND: POST /session/885acd6bfe44f64c6e2485c8ef54779e/element - {"using":"xpath","value":"//*[@id=\"__box55\"]"}
RESULT: {"using":"xpath","value":"//*[@id=\"__box55\"]"}
COMMAND: POST /session/885acd6bfe44f64c6e2485c8ef54779e/element/f.F53CD083946FCE278F3961FDA51ABBA8.d.4BE41A2D22B72E9FF17B5FE6838589F1.e.7323/click - {}
RESULT: {}
COMMAND: POST /session/885acd6bfe44f64c6e2485c8ef54779e/execute/async - {"script":"<script> [1562 bytes]","args":[{"selector":{"id":"createOrganizationPop--binTypesCB","searchOpenDialogs":true,"interaction":{"idSuffix":"inner"}},"wdio_ui5_key":"createOrganizationPopbinTypesCB"}]}
COMMAND: GET /session/885acd6bfe44f64c6e2485c8ef54779e/screenshot - {}
RESULT: {"script":"<script> [1562 bytes]","args":[{"selector":{"id":"createOrganizationPop--binTypesCB","searchOpenDialogs":true,"interaction":{"idSuffix":"inner"}},"wdio_ui5_key":"createOrganizationPopbinTypesCB"}]}
RESULT: undefined
COMMAND: POST /session/885acd6bfe44f64c6e2485c8ef54779e/execute/async - {"script":"<script> [776 bytes]","args":[{"enterText":"1 - General / No capacity check","selector":{"id":"createOrganizationPop--binTypesCB","searchOpenDialogs":true,"interaction":{"idSuffix":"inner"}},"clearTextFirst":true,"interactionType":"ENTER_TEXT"}]}
RESULT: {}
RESULT: {"script":"<script> [776 bytes]","args":[{"enterText":"1 - General / No capacity check","selector":{"id":"createOrganizationPop--binTypesCB","searchOpenDialogs":true,"interaction":{"idSuffix":"inner"}},"clearTextFirst":true,"interactionType":"ENTER_TEXT"}]}
COMMAND: POST /session/885acd6bfe44f64c6e2485c8ef54779e/actions - {"actions":[{"id":"action24","type":"key","parameters":{},"actions":[{"type":"keyDown","value":"î€‡"},{"type":"pause","duration":10},{"type":"keyUp","value":"î€‡"}]}]}
RESULT: {"actions":[{"id":"action24","type":"key","parameters":{},"actions":[{"type":"keyDown","value":"î€‡"},{"type":"pause","duration":10},{"type":"keyUp","value":"î€‡"}]}]}
COMMAND: GET /session/885acd6bfe44f64c6e2485c8ef54779e/screenshot - {}
RESULT: {}
COMMAND: POST /session/885acd6bfe44f64c6e2485c8ef54779e/execute/async - {"script":"<script> [1562 bytes]","args":[{"selector":{"id":"createOrganizationPop--finishBtn","searchOpenDialogs":true,"interaction":{"idSuffix":"BDI-content"}},"wdio_ui5_key":"createOrganizationPopfinishBtn"}]}
RESULT: {"script":"<script> [1562 bytes]","args":[{"selector":{"id":"createOrganizationPop--finishBtn","searchOpenDialogs":true,"interaction":{"idSuffix":"BDI-content"}},"wdio_ui5_key":"createOrganizationPopfinishBtn"}]}
RESULT: undefined
COMMAND: POST /session/885acd6bfe44f64c6e2485c8ef54779e/element - {"using":"xpath","value":"//*[@id=\"createOrganizationPop--finishBtn\"]"}
RESULT: {"using":"xpath","value":"//*[@id=\"createOrganizationPop--finishBtn\"]"}
COMMAND: POST /session/885acd6bfe44f64c6e2485c8ef54779e/element/f.F53CD083946FCE278F3961FDA51ABBA8.d.4BE41A2D22B72E9FF17B5FE6838589F1.e.7326/click - {}
RESULT: {}
]]></system-out>
    </testcase>
    <testcase classname="chrome.135_0_7049_96.windows.Provide_to_Site_w/_warehouse_management_w/_clarification_US115878" name="Bin Status Report Should Create New Organization for Site" time="35.816">
      <system-out><![CDATA[
COMMAND: GET /session/885acd6bfe44f64c6e2485c8ef54779e/screenshot - {}
RESULT: {}
RESULT: undefined
COMMAND: POST /session/885acd6bfe44f64c6e2485c8ef54779e/element - {"using":"xpath","value":"//*[@id=\"application-binstatusreport-display-component---warehousing--createOrgBtn\"]"}
RESULT: {"using":"xpath","value":"//*[@id=\"application-binstatusreport-display-component---warehousing--createOrgBtn\"]"}
COMMAND: POST /session/885acd6bfe44f64c6e2485c8ef54779e/element/f.F53CD083946FCE278F3961FDA51ABBA8.d.4BE41A2D22B72E9FF17B5FE6838589F1.e.6968/click - {}
RESULT: {}
RESULT: undefined
COMMAND: POST /session/885acd6bfe44f64c6e2485c8ef54779e/execute/async - {"script":"<script> [776 bytes]","args":[{"enterText":"2318","selector":{"id":"createOrganizationPop--sectionInput","searchOpenDialogs":true,"interaction":{"idSuffix":"inner"}},"clearTextFirst":true,"interactionType":"ENTER_TEXT"}]}
COMMAND: GET /session/885acd6bfe44f64c6e2485c8ef54779e/screenshot - {}
RESULT: {"script":"<script> [776 bytes]","args":[{"enterText":"2318","selector":{"id":"createOrganizationPop--sectionInput","searchOpenDialogs":true,"interaction":{"idSuffix":"inner"}},"clearTextFirst":true,"interactionType":"ENTER_TEXT"}]}
RESULT: undefined
COMMAND: POST /session/885acd6bfe44f64c6e2485c8ef54779e/execute/async - {"script":"<script> [776 bytes]","args":[{"enterText":"WDI2318","selector":{"id":"createOrganizationPop--descriptionInput","searchOpenDialogs":true,"interaction":{"idSuffix":"inner"}},"clearTextFirst":true,"interactionType":"ENTER_TEXT"}]}
RESULT: {}
RESULT: {"script":"<script> [776 bytes]","args":[{"enterText":"WDI2318","selector":{"id":"createOrganizationPop--descriptionInput","searchOpenDialogs":true,"interaction":{"idSuffix":"inner"}},"clearTextFirst":true,"interactionType":"ENTER_TEXT"}]}
COMMAND: POST /session/885acd6bfe44f64c6e2485c8ef54779e/element - {"using":"css selector","value":"#createOrganizationPop--siteOrg-inner"}
RESULT: {"using":"css selector","value":"#createOrganizationPop--siteOrg-inner"}
COMMAND: POST /session/885acd6bfe44f64c6e2485c8ef54779e/element/f.F53CD083946FCE278F3961FDA51ABBA8.d.4BE41A2D22B72E9FF17B5FE6838589F1.e.7333/clear - {}
RESULT: {}
COMMAND: POST /session/885acd6bfe44f64c6e2485c8ef54779e/element/f.F53CD083946FCE278F3961FDA51ABBA8.d.4BE41A2D22B72E9FF17B5FE6838589F1.e.7333/value - {"text":"2318"}
COMMAND: GET /session/885acd6bfe44f64c6e2485c8ef54779e/screenshot - {}
RESULT: {"text":"2318"}
COMMAND: GET /session/885acd6bfe44f64c6e2485c8ef54779e/screenshot - {}
RESULT: {}
RESULT: {}
COMMAND: POST /session/885acd6bfe44f64c6e2485c8ef54779e/actions - {"actions":[{"id":"action25","type":"key","parameters":{},"actions":[{"type":"keyDown","value":"î€‡"},{"type":"pause","duration":10},{"type":"keyUp","value":"î€‡"}]}]}
RESULT: {"actions":[{"id":"action25","type":"key","parameters":{},"actions":[{"type":"keyDown","value":"î€‡"},{"type":"pause","duration":10},{"type":"keyUp","value":"î€‡"}]}]}
RESULT: undefined
COMMAND: POST /session/885acd6bfe44f64c6e2485c8ef54779e/element - {"using":"xpath","value":"//*[@id=\"createOrganizationPop--giZone\"]"}
COMMAND: GET /session/885acd6bfe44f64c6e2485c8ef54779e/screenshot - {}
RESULT: {"using":"xpath","value":"//*[@id=\"createOrganizationPop--giZone\"]"}
COMMAND: POST /session/885acd6bfe44f64c6e2485c8ef54779e/element/f.F53CD083946FCE278F3961FDA51ABBA8.d.4BE41A2D22B72E9FF17B5FE6838589F1.e.7350/click - {}
RESULT: {}
RESULT: {}
RESULT: undefined
COMMAND: POST /session/885acd6bfe44f64c6e2485c8ef54779e/execute/async - {"script":"<script> [776 bytes]","args":[{"enterText":"WD-BIN","selector":{"id":"createOrganizationPop--binNoInput","searchOpenDialogs":true,"interaction":{"idSuffix":"inner"}},"clearTextFirst":true,"interactionType":"ENTER_TEXT"}]}
COMMAND: GET /session/885acd6bfe44f64c6e2485c8ef54779e/screenshot - {}
RESULT: {"script":"<script> [776 bytes]","args":[{"enterText":"WD-BIN","selector":{"id":"createOrganizationPop--binNoInput","searchOpenDialogs":true,"interaction":{"idSuffix":"inner"}},"clearTextFirst":true,"interactionType":"ENTER_TEXT"}]}
RESULT: undefined
COMMAND: POST /session/885acd6bfe44f64c6e2485c8ef54779e/execute/async - {"script":"<script> [776 bytes]","args":[{"enterText":"WD-BIN","selector":{"id":"createOrganizationPop--descriptionId","searchOpenDialogs":true,"interaction":{"idSuffix":"inner"}},"clearTextFirst":true,"interactionType":"ENTER_TEXT"}]}
RESULT: {}
RESULT: {"script":"<script> [776 bytes]","args":[{"enterText":"WD-BIN","selector":{"id":"createOrganizationPop--descriptionId","searchOpenDialogs":true,"interaction":{"idSuffix":"inner"}},"clearTextFirst":true,"interactionType":"ENTER_TEXT"}]}
COMMAND: POST /session/885acd6bfe44f64c6e2485c8ef54779e/execute/async - {"script":"<script> [1562 bytes]","args":[{"selector":{"controlType":"sap.m.CheckBox","viewName":"etm.portal.ui.binstatusreport.view.MasterWareBins","viewId":"application-binstatusreport-display-component---warehousing","bindingPath":{"propertyPath":"/ZONE","modelName":"newBin"},"searchOpenDialogs":true,"interaction":{"idSuffix":"CbBg"}},"wdio_ui5_key":"etmportal.ui.binstatusreport.view.MasterWareBinssap.m.CheckBox{\"propertyPath\":\"/ZONE\",\"modelName\":\"newBin\"}"}]}
RESULT: {"script":"<script> [1562 bytes]","args":[{"selector":{"controlType":"sap.m.CheckBox","viewName":"etm.portal.ui.binstatusreport.view.MasterWareBins","viewId":"application-binstatusreport-display-component---warehousing","bindingPath":{"propertyPath":"/ZONE","modelName":"newBin"},"searchOpenDialogs":true,"interaction":{"idSuffix":"CbBg"}},"wdio_ui5_key":"etmportal.ui.binstatusreport.view.MasterWareBinssap.m.CheckBox{\"propertyPath\":\"/ZONE\",\"modelName\":\"newBin\"}"}]}
RESULT: undefined
COMMAND: POST /session/885acd6bfe44f64c6e2485c8ef54779e/element - {"using":"xpath","value":"//*[@id=\"__box58\"]"}
RESULT: {"using":"xpath","value":"//*[@id=\"__box58\"]"}
COMMAND: POST /session/885acd6bfe44f64c6e2485c8ef54779e/element/f.F53CD083946FCE278F3961FDA51ABBA8.d.4BE41A2D22B72E9FF17B5FE6838589F1.e.7352/click - {}
RESULT: {}
COMMAND: GET /session/885acd6bfe44f64c6e2485c8ef54779e/screenshot - {}
RESULT: {}
RESULT: undefined
COMMAND: POST /session/885acd6bfe44f64c6e2485c8ef54779e/execute/async - {"script":"<script> [776 bytes]","args":[{"enterText":"1 - General / No capacity check","selector":{"id":"createOrganizationPop--binTypesCB","searchOpenDialogs":true,"interaction":{"idSuffix":"inner"}},"clearTextFirst":true,"interactionType":"ENTER_TEXT"}]}
RESULT: {"script":"<script> [776 bytes]","args":[{"enterText":"1 - General / No capacity check","selector":{"id":"createOrganizationPop--binTypesCB","searchOpenDialogs":true,"interaction":{"idSuffix":"inner"}},"clearTextFirst":true,"interactionType":"ENTER_TEXT"}]}
COMMAND: POST /session/885acd6bfe44f64c6e2485c8ef54779e/execute/async - {"script":"<script> [1562 bytes]","args":[{"selector":{"id":"createOrganizationPop--capacityId","searchOpenDialogs":true,"interaction":{"idSuffix":"inner"}},"wdio_ui5_key":"createOrganizationPopcapacityId"}]}
RESULT: {"script":"<script> [1562 bytes]","args":[{"selector":{"id":"createOrganizationPop--capacityId","searchOpenDialogs":true,"interaction":{"idSuffix":"inner"}},"wdio_ui5_key":"createOrganizationPopcapacityId"}]}
RESULT: undefined
COMMAND: POST /session/885acd6bfe44f64c6e2485c8ef54779e/actions - {"actions":[{"id":"action26","type":"key","parameters":{},"actions":[{"type":"keyDown","value":"î€‡"},{"type":"pause","duration":10},{"type":"keyUp","value":"î€‡"}]}]}
RESULT: {"actions":[{"id":"action26","type":"key","parameters":{},"actions":[{"type":"keyDown","value":"î€‡"},{"type":"pause","duration":10},{"type":"keyUp","value":"î€‡"}]}]}
COMMAND: GET /session/885acd6bfe44f64c6e2485c8ef54779e/screenshot - {}
RESULT: {}
RESULT: undefined
COMMAND: POST /session/885acd6bfe44f64c6e2485c8ef54779e/element - {"using":"xpath","value":"//*[@id=\"createOrganizationPop--finishBtn\"]"}
RESULT: {"using":"xpath","value":"//*[@id=\"createOrganizationPop--finishBtn\"]"}
COMMAND: POST /session/885acd6bfe44f64c6e2485c8ef54779e/element/f.F53CD083946FCE278F3961FDA51ABBA8.d.4BE41A2D22B72E9FF17B5FE6838589F1.e.7353/click - {}
RESULT: {}
COMMAND: POST /session/885acd6bfe44f64c6e2485c8ef54779e/element - {"using":"css selector","value":"#shell-header-logo"}
COMMAND: GET /session/885acd6bfe44f64c6e2485c8ef54779e/screenshot - {}
RESULT: {"using":"css selector","value":"#shell-header-logo"}
COMMAND: POST /session/885acd6bfe44f64c6e2485c8ef54779e/element/f.F53CD083946FCE278F3961FDA51ABBA8.d.4BE41A2D22B72E9FF17B5FE6838589F1.e.6932/click - {}
RESULT: {}
RESULT: {}
]]></system-out>
    </testcase>
  </testsuite>
  <testsuite timestamp="2025-05-01T16:42:51" time="502.434" tests="6" failures="2" errors="2" skipped="0">
    <properties>
      <property name="specId" value="0" />
      <property name="suiteName" value="Provide to Site w/ warehouse management w clarification" />
      <property name="capabilities" value="chrome.135_0_7049_96.windows" />
      <property name="file" value="file:///D:/a/1/s/test/specs/HTR/provide-to-site-w-warehouse-w-clarification.spec.js" />
    </properties>
    <testcase classname="chrome.135_0_7049_96.windows.Provide_to_Site_w/_warehouse_management_w_clarification" name="Should do a stock increase handover" time="76.141">
      <system-out><![CDATA[
COMMAND: POST /session/885acd6bfe44f64c6e2485c8ef54779e/execute/async - {"script":"<script> [1562 bytes]","args":[{"selector":{"controlType":"sap.m.GenericTile","properties":{"header":"Manage Handovers"}},"wdio_ui5_key":"sapm.GenericTile{\"header\":\"Manage Handovers\"}"}]}
COMMAND: GET /session/885acd6bfe44f64c6e2485c8ef54779e/screenshot - {}
RESULT: {"script":"<script> [1562 bytes]","args":[{"selector":{"controlType":"sap.m.GenericTile","properties":{"header":"Manage Handovers"}},"wdio_ui5_key":"sapm.GenericTile{\"header\":\"Manage Handovers\"}"}]}
RESULT: undefined
COMMAND: POST /session/885acd6bfe44f64c6e2485c8ef54779e/element - {"using":"xpath","value":"//*[@id=\"__tile131\"]"}
RESULT: {}
RESULT: {"using":"xpath","value":"//*[@id=\"__tile131\"]"}
COMMAND: POST /session/885acd6bfe44f64c6e2485c8ef54779e/element/f.F53CD083946FCE278F3961FDA51ABBA8.d.4BE41A2D22B72E9FF17B5FE6838589F1.e.4361/click - {}
RESULT: {}
COMMAND: GET /session/885acd6bfe44f64c6e2485c8ef54779e/screenshot - {}
COMMAND: POST /session/885acd6bfe44f64c6e2485c8ef54779e/element - {"using":"xpath","value":"//button[(@data-kt = 'masterHOAddButton')]"}
RESULT: {}
RESULT: {"using":"xpath","value":"//button[(@data-kt = 'masterHOAddButton')]"}
COMMAND: POST /session/885acd6bfe44f64c6e2485c8ef54779e/elements - {"using":"xpath","value":"//button[(@data-kt = 'masterHOAddButton')]"}
RESULT: {"using":"xpath","value":"//button[(@data-kt = 'masterHOAddButton')]"}
COMMAND: POST /session/885acd6bfe44f64c6e2485c8ef54779e/elements - {"using":"xpath","value":"//button[(@data-kt = 'masterHOAddButton')]"}
RESULT: {"using":"xpath","value":"//button[(@data-kt = 'masterHOAddButton')]"}
COMMAND: POST /session/885acd6bfe44f64c6e2485c8ef54779e/element - {"using":"xpath","value":"//button[(@data-kt = 'masterHOAddButton')]"}
RESULT: {"using":"xpath","value":"//button[(@data-kt = 'masterHOAddButton')]"}
COMMAND: POST /session/885acd6bfe44f64c6e2485c8ef54779e/element/f.F53CD083946FCE278F3961FDA51ABBA8.d.4BE41A2D22B72E9FF17B5FE6838589F1.e.7395/click - {}
RESULT: {}
COMMAND: POST /session/885acd6bfe44f64c6e2485c8ef54779e/element - {"using":"css selector","value":"span[id=\"application-managehandovers-display-component---AddNewHO--typeSelect-label\"]"}
COMMAND: GET /session/885acd6bfe44f64c6e2485c8ef54779e/screenshot - {}
RESULT: {"using":"css selector","value":"span[id=\"application-managehandovers-display-component---AddNewHO--typeSelect-label\"]"}
COMMAND: POST /session/885acd6bfe44f64c6e2485c8ef54779e/elements - {"using":"css selector","value":"span[id=\"application-managehandovers-display-component---AddNewHO--typeSelect-label\"]"}
RESULT: {}
RESULT: {"using":"css selector","value":"span[id=\"application-managehandovers-display-component---AddNewHO--typeSelect-label\"]"}
COMMAND: POST /session/885acd6bfe44f64c6e2485c8ef54779e/element - {"using":"css selector","value":"span[id=\"application-managehandovers-display-component---AddNewHO--typeSelect-label\"]"}
RESULT: {"using":"css selector","value":"span[id=\"application-managehandovers-display-component---AddNewHO--typeSelect-label\"]"}
COMMAND: POST /session/885acd6bfe44f64c6e2485c8ef54779e/element/f.F53CD083946FCE278F3961FDA51ABBA8.d.4BE41A2D22B72E9FF17B5FE6838589F1.e.7695/click - {}
RESULT: {}
COMMAND: POST /session/885acd6bfe44f64c6e2485c8ef54779e/element - {"using":"css selector","value":"#application-managehandovers-display-component---AddNewHO--oneStep-CB"}
COMMAND: GET /session/885acd6bfe44f64c6e2485c8ef54779e/screenshot - {}
RESULT: {"using":"css selector","value":"#application-managehandovers-display-component---AddNewHO--oneStep-CB"}
COMMAND: GET /session/885acd6bfe44f64c6e2485c8ef54779e/element/f.F53CD083946FCE278F3961FDA51ABBA8.d.4BE41A2D22B72E9FF17B5FE6838589F1.e.7640/selected - {}
RESULT: {}
RESULT: {}
COMMAND: POST /session/885acd6bfe44f64c6e2485c8ef54779e/element - {"using":"xpath","value":"//li[contains(text(), \"stock increase yard\")]"}
COMMAND: GET /session/885acd6bfe44f64c6e2485c8ef54779e/screenshot - {}
RESULT: {"using":"xpath","value":"//li[contains(text(), \"stock increase yard\")]"}
COMMAND: POST /session/885acd6bfe44f64c6e2485c8ef54779e/element/f.F53CD083946FCE278F3961FDA51ABBA8.d.4BE41A2D22B72E9FF17B5FE6838589F1.e.7696/click - {}
RESULT: {}
RESULT: {}
COMMAND: GET /session/885acd6bfe44f64c6e2485c8ef54779e/screenshot - {}
COMMAND: POST /session/885acd6bfe44f64c6e2485c8ef54779e/element - {"using":"css selector","value":"input[id=\"generalSectionFrg--receiveYard-inner\"]"}
RESULT: {}
RESULT: {"using":"css selector","value":"input[id=\"generalSectionFrg--receiveYard-inner\"]"}
COMMAND: POST /session/885acd6bfe44f64c6e2485c8ef54779e/element/f.F53CD083946FCE278F3961FDA51ABBA8.d.4BE41A2D22B72E9FF17B5FE6838589F1.e.7704/clear - {}
RESULT: {}
COMMAND: POST /session/885acd6bfe44f64c6e2485c8ef54779e/element/f.F53CD083946FCE278F3961FDA51ABBA8.d.4BE41A2D22B72E9FF17B5FE6838589F1.e.7704/value - {"text":"483"}
COMMAND: GET /session/885acd6bfe44f64c6e2485c8ef54779e/screenshot - {}
RESULT: {"text":"483"}
COMMAND: GET /session/885acd6bfe44f64c6e2485c8ef54779e/screenshot - {}
RESULT: {}
RESULT: {}
COMMAND: POST /session/885acd6bfe44f64c6e2485c8ef54779e/element - {"using":"css selector","value":"#application-managehandovers-display-component---AddNewHO--dueDate-inner"}
RESULT: {"using":"css selector","value":"#application-managehandovers-display-component---AddNewHO--dueDate-inner"}
COMMAND: POST /session/885acd6bfe44f64c6e2485c8ef54779e/element/f.F53CD083946FCE278F3961FDA51ABBA8.d.4BE41A2D22B72E9FF17B5FE6838589F1.e.7698/clear - {}
RESULT: {}
COMMAND: POST /session/885acd6bfe44f64c6e2485c8ef54779e/element/f.F53CD083946FCE278F3961FDA51ABBA8.d.4BE41A2D22B72E9FF17B5FE6838589F1.e.7698/value - {"text":"5/1/25"}
COMMAND: GET /session/885acd6bfe44f64c6e2485c8ef54779e/screenshot - {}
RESULT: {"text":"5/1/25"}
COMMAND: GET /session/885acd6bfe44f64c6e2485c8ef54779e/screenshot - {}
RESULT: {}
RESULT: {}
COMMAND: POST /session/885acd6bfe44f64c6e2485c8ef54779e/element - {"using":"xpath","value":"//bdi[(text() = 'Items' or . = 'Items')]"}
RESULT: {"using":"xpath","value":"//bdi[(text() = 'Items' or . = 'Items')]"}
COMMAND: POST /session/885acd6bfe44f64c6e2485c8ef54779e/element/f.F53CD083946FCE278F3961FDA51ABBA8.d.4BE41A2D22B72E9FF17B5FE6838589F1.e.7721/click - {}
RESULT: {}
COMMAND: GET /session/885acd6bfe44f64c6e2485c8ef54779e/screenshot - {}
RESULT: {}
COMMAND: POST /session/885acd6bfe44f64c6e2485c8ef54779e/element - {"using":"xpath","value":"//button[@aria-label=\"Add\"]"}
RESULT: {"using":"xpath","value":"//button[@aria-label=\"Add\"]"}
COMMAND: POST /session/885acd6bfe44f64c6e2485c8ef54779e/element/f.F53CD083946FCE278F3961FDA51ABBA8.d.4BE41A2D22B72E9FF17B5FE6838589F1.e.7726/click - {}
RESULT: {}
COMMAND: GET /session/885acd6bfe44f64c6e2485c8ef54779e/screenshot - {}
RESULT: {}
COMMAND: POST /session/885acd6bfe44f64c6e2485c8ef54779e/element - {"using":"css selector","value":"input[id= \"application-managehandovers-display-component---AddNewHO--smartFilterBar-btnBasicSearch-I\"]"}
RESULT: {"using":"css selector","value":"input[id= \"application-managehandovers-display-component---AddNewHO--smartFilterBar-btnBasicSearch-I\"]"}
COMMAND: POST /session/885acd6bfe44f64c6e2485c8ef54779e/element/f.F53CD083946FCE278F3961FDA51ABBA8.d.4BE41A2D22B72E9FF17B5FE6838589F1.e.7730/clear - {}
RESULT: {}
COMMAND: POST /session/885acd6bfe44f64c6e2485c8ef54779e/element/f.F53CD083946FCE278F3961FDA51ABBA8.d.4BE41A2D22B72E9FF17B5FE6838589F1.e.7730/value - {"text":"200258"}
COMMAND: GET /session/885acd6bfe44f64c6e2485c8ef54779e/screenshot - {}
RESULT: {"text":"200258"}
COMMAND: POST /session/885acd6bfe44f64c6e2485c8ef54779e/actions - {"actions":[{"id":"action27","type":"key","parameters":{},"actions":[{"type":"keyDown","value":"î€‡"},{"type":"pause","duration":10},{"type":"keyUp","value":"î€‡"}]}]}
COMMAND: GET /session/885acd6bfe44f64c6e2485c8ef54779e/screenshot - {}
RESULT: {}
RESULT: {"actions":[{"id":"action27","type":"key","parameters":{},"actions":[{"type":"keyDown","value":"î€‡"},{"type":"pause","duration":10},{"type":"keyUp","value":"î€‡"}]}]}
COMMAND: POST /session/885acd6bfe44f64c6e2485c8ef54779e/element - {"using":"css selector","value":"div[id= \"application-managehandovers-display-component---AddNewHO--smartFilterBar-btnBasicSearch-search\"]"}
COMMAND: GET /session/885acd6bfe44f64c6e2485c8ef54779e/screenshot - {}
RESULT: {}
RESULT: {"using":"css selector","value":"div[id= \"application-managehandovers-display-component---AddNewHO--smartFilterBar-btnBasicSearch-search\"]"}
COMMAND: POST /session/885acd6bfe44f64c6e2485c8ef54779e/element/f.F53CD083946FCE278F3961FDA51ABBA8.d.4BE41A2D22B72E9FF17B5FE6838589F1.e.7879/click - {}
RESULT: {}
RESULT: {}
COMMAND: GET /session/885acd6bfe44f64c6e2485c8ef54779e/screenshot - {}
RESULT: {}
COMMAND: POST /session/885acd6bfe44f64c6e2485c8ef54779e/element - {"using":"css selector","value":"div[id= \"application-managehandovers-display-component---AddNewHO--popup-sa-CbBg\"]"}
RESULT: {"using":"css selector","value":"div[id= \"application-managehandovers-display-component---AddNewHO--popup-sa-CbBg\"]"}
COMMAND: POST /session/885acd6bfe44f64c6e2485c8ef54779e/element/f.F53CD083946FCE278F3961FDA51ABBA8.d.4BE41A2D22B72E9FF17B5FE6838589F1.e.7882/click - {}
RESULT: {}
COMMAND: POST /session/885acd6bfe44f64c6e2485c8ef54779e/element - {"using":"xpath","value":"//bdi[(text() = 'Select' or . = 'Select')]"}
COMMAND: GET /session/885acd6bfe44f64c6e2485c8ef54779e/screenshot - {}
RESULT: {"using":"xpath","value":"//bdi[(text() = 'Select' or . = 'Select')]"}
COMMAND: POST /session/885acd6bfe44f64c6e2485c8ef54779e/element/f.F53CD083946FCE278F3961FDA51ABBA8.d.4BE41A2D22B72E9FF17B5FE6838589F1.e.7883/click - {}
RESULT: {}
RESULT: {}
COMMAND: GET /session/885acd6bfe44f64c6e2485c8ef54779e/screenshot - {}
RESULT: {}
COMMAND: POST /session/885acd6bfe44f64c6e2485c8ef54779e/element - {"using":"xpath","value":"//bdi[(text() = 'Save' or . = 'Save')]"}
RESULT: {"using":"xpath","value":"//bdi[(text() = 'Save' or . = 'Save')]"}
COMMAND: POST /session/885acd6bfe44f64c6e2485c8ef54779e/element/f.F53CD083946FCE278F3961FDA51ABBA8.d.4BE41A2D22B72E9FF17B5FE6838589F1.e.7887/click - {}
RESULT: {}
COMMAND: GET /session/885acd6bfe44f64c6e2485c8ef54779e/screenshot - {}
RESULT: {}
COMMAND: POST /session/885acd6bfe44f64c6e2485c8ef54779e/element - {"using":"xpath","value":"//input[contains(@id ,\"receiptDatePicker-inner\")]"}
RESULT: {"using":"xpath","value":"//input[contains(@id ,\"receiptDatePicker-inner\")]"}
COMMAND: POST /session/885acd6bfe44f64c6e2485c8ef54779e/element/f.F53CD083946FCE278F3961FDA51ABBA8.d.4BE41A2D22B72E9FF17B5FE6838589F1.e.7912/click - {}
RESULT: {}
COMMAND: POST /session/885acd6bfe44f64c6e2485c8ef54779e/element - {"using":"xpath","value":"//input[contains(@id ,\"receiptDatePicker-inner\")]"}
COMMAND: GET /session/885acd6bfe44f64c6e2485c8ef54779e/screenshot - {}
RESULT: {"using":"xpath","value":"//input[contains(@id ,\"receiptDatePicker-inner\")]"}
COMMAND: POST /session/885acd6bfe44f64c6e2485c8ef54779e/element/f.F53CD083946FCE278F3961FDA51ABBA8.d.4BE41A2D22B72E9FF17B5FE6838589F1.e.7912/clear - {}
RESULT: {}
RESULT: {}
COMMAND: POST /session/885acd6bfe44f64c6e2485c8ef54779e/element/f.F53CD083946FCE278F3961FDA51ABBA8.d.4BE41A2D22B72E9FF17B5FE6838589F1.e.7912/value - {"text":"5/1/25"}
COMMAND: GET /session/885acd6bfe44f64c6e2485c8ef54779e/screenshot - {}
RESULT: {"text":"5/1/25"}
COMMAND: GET /session/885acd6bfe44f64c6e2485c8ef54779e/screenshot - {}
RESULT: {}
RESULT: {}
COMMAND: POST /session/885acd6bfe44f64c6e2485c8ef54779e/execute/async - {"script":"<script> [1562 bytes]","args":[{"selector":{"id":"administrationTabFilter","viewName":"etm.portal.ui.managehandovers.view.DetailExecuteHO","interaction":{"idSuffix":"text"}},"wdio_ui5_key":"administrationTabFilteretmportal.ui.managehandovers.view.DetailExecuteHO"}]}
RESULT: {"script":"<script> [1562 bytes]","args":[{"selector":{"id":"administrationTabFilter","viewName":"etm.portal.ui.managehandovers.view.DetailExecuteHO","interaction":{"idSuffix":"text"}},"wdio_ui5_key":"administrationTabFilteretmportal.ui.managehandovers.view.DetailExecuteHO"}]}
RESULT: undefined
COMMAND: POST /session/885acd6bfe44f64c6e2485c8ef54779e/element - {"using":"xpath","value":"//*[@id=\"__xmlview61--administrationTabFilter\"]"}
RESULT: {"using":"xpath","value":"//*[@id=\"__xmlview61--administrationTabFilter\"]"}
COMMAND: POST /session/885acd6bfe44f64c6e2485c8ef54779e/element/f.F53CD083946FCE278F3961FDA51ABBA8.d.4BE41A2D22B72E9FF17B5FE6838589F1.e.7931/click - {}
RESULT: {}
RESULT: undefined
COMMAND: POST /session/885acd6bfe44f64c6e2485c8ef54779e/element - {"using":"xpath","value":"//*[@id=\"__xmlview61--administrationTabFilter\"]"}
COMMAND: GET /session/885acd6bfe44f64c6e2485c8ef54779e/screenshot - {}
RESULT: {"using":"xpath","value":"//*[@id=\"__xmlview61--administrationTabFilter\"]"}
COMMAND: POST /session/885acd6bfe44f64c6e2485c8ef54779e/element/f.F53CD083946FCE278F3961FDA51ABBA8.d.4BE41A2D22B72E9FF17B5FE6838589F1.e.7931/click - {}
RESULT: {}
RESULT: {}
COMMAND: GET /session/885acd6bfe44f64c6e2485c8ef54779e/screenshot - {}
RESULT: {}
COMMAND: POST /session/885acd6bfe44f64c6e2485c8ef54779e/element - {"using":"xpath","value":"//bdi[(text() = 'Confirm' or . = 'Confirm')]"}
RESULT: {"using":"xpath","value":"//bdi[(text() = 'Confirm' or . = 'Confirm')]"}
COMMAND: POST /session/885acd6bfe44f64c6e2485c8ef54779e/element/f.F53CD083946FCE278F3961FDA51ABBA8.d.4BE41A2D22B72E9FF17B5FE6838589F1.e.7939/click - {}
RESULT: {}
COMMAND: GET /session/885acd6bfe44f64c6e2485c8ef54779e/screenshot - {}
RESULT: {}
COMMAND: POST /session/885acd6bfe44f64c6e2485c8ef54779e/execute/async - {"script":"<script> [1562 bytes]","args":[{"selector":{"id":"confirmationButton","viewName":"etm.portal.ui.managehandovers.view.DetailExecuteHO","interaction":{"idSuffix":"BDI-content"}},"wdio_ui5_key":"confirmationButtonetmportal.ui.managehandovers.view.DetailExecuteHO"}]}
RESULT: {"script":"<script> [1562 bytes]","args":[{"selector":{"id":"confirmationButton","viewName":"etm.portal.ui.managehandovers.view.DetailExecuteHO","interaction":{"idSuffix":"BDI-content"}},"wdio_ui5_key":"confirmationButtonetmportal.ui.managehandovers.view.DetailExecuteHO"}]}
RESULT: undefined
COMMAND: POST /session/885acd6bfe44f64c6e2485c8ef54779e/element - {"using":"xpath","value":"(//*[text()='Receive'])[2]"}
RESULT: {"using":"xpath","value":"(//*[text()='Receive'])[2]"}
COMMAND: GET /session/885acd6bfe44f64c6e2485c8ef54779e/element/f.F53CD083946FCE278F3961FDA51ABBA8.d.4BE41A2D22B72E9FF17B5FE6838589F1.e.7943/enabled - {}
RESULT: {}
COMMAND: POST /session/885acd6bfe44f64c6e2485c8ef54779e/execute/sync - {"script":"<script> [8489 bytes]","args":[{"element-6066-11e4-a52e-4f735466cecf":"f.F53CD083946FCE278F3961FDA51ABBA8.d.4BE41A2D22B72E9FF17B5FE6838589F1.e.7943","ELEMENT":"f.F53CD083946FCE278F3961FDA51ABBA8.d.4BE41A2D22B72E9FF17B5FE6838589F1.e.7943"}]}
COMMAND: GET /session/885acd6bfe44f64c6e2485c8ef54779e/screenshot - {}
RESULT: {"script":"<script> [8489 bytes]","args":[{"element-6066-11e4-a52e-4f735466cecf":"f.F53CD083946FCE278F3961FDA51ABBA8.d.4BE41A2D22B72E9FF17B5FE6838589F1.e.7943","ELEMENT":"f.F53CD083946FCE278F3961FDA51ABBA8.d.4BE41A2D22B72E9FF17B5FE6838589F1.e.7943"}]}
COMMAND: POST /session/885acd6bfe44f64c6e2485c8ef54779e/execute/sync - {"script":"<script> [5351 bytes]","args":[{"element-6066-11e4-a52e-4f735466cecf":"f.F53CD083946FCE278F3961FDA51ABBA8.d.4BE41A2D22B72E9FF17B5FE6838589F1.e.7943","ELEMENT":"f.F53CD083946FCE278F3961FDA51ABBA8.d.4BE41A2D22B72E9FF17B5FE6838589F1.e.7943"}]}
COMMAND: GET /session/885acd6bfe44f64c6e2485c8ef54779e/screenshot - {}
RESULT: {}
RESULT: {"script":"<script> [5351 bytes]","args":[{"element-6066-11e4-a52e-4f735466cecf":"f.F53CD083946FCE278F3961FDA51ABBA8.d.4BE41A2D22B72E9FF17B5FE6838589F1.e.7943","ELEMENT":"f.F53CD083946FCE278F3961FDA51ABBA8.d.4BE41A2D22B72E9FF17B5FE6838589F1.e.7943"}]}
COMMAND: POST /session/885acd6bfe44f64c6e2485c8ef54779e/element/f.F53CD083946FCE278F3961FDA51ABBA8.d.4BE41A2D22B72E9FF17B5FE6838589F1.e.7943/click - {}
COMMAND: GET /session/885acd6bfe44f64c6e2485c8ef54779e/screenshot - {}
RESULT: {}
RESULT: {}
COMMAND: GET /session/885acd6bfe44f64c6e2485c8ef54779e/screenshot - {}
RESULT: {}
RESULT: {}
COMMAND: POST /session/885acd6bfe44f64c6e2485c8ef54779e/element - {"using":"css selector","value":"#shell-header-logo"}
RESULT: {"using":"css selector","value":"#shell-header-logo"}
COMMAND: POST /session/885acd6bfe44f64c6e2485c8ef54779e/element/f.F53CD083946FCE278F3961FDA51ABBA8.d.4BE41A2D22B72E9FF17B5FE6838589F1.e.7360/click - {}
RESULT: {}
COMMAND: GET /session/885acd6bfe44f64c6e2485c8ef54779e/screenshot - {}
RESULT: {}
]]></system-out>
    </testcase>
    <testcase classname="chrome.135_0_7049_96.windows.Provide_to_Site_w/_warehouse_management_w_clarification" name="Should create a new contract" time="57.873">
      <system-out><![CDATA[
COMMAND: POST /session/885acd6bfe44f64c6e2485c8ef54779e/execute/async - {"script":"<script> [1562 bytes]","args":[{"selector":{"controlType":"sap.m.GenericTile","properties":{"header":"Manage Contracts"}},"wdio_ui5_key":"sapm.GenericTile{\"header\":\"Manage Contracts\"}"}]}
RESULT: {"script":"<script> [1562 bytes]","args":[{"selector":{"controlType":"sap.m.GenericTile","properties":{"header":"Manage Contracts"}},"wdio_ui5_key":"sapm.GenericTile{\"header\":\"Manage Contracts\"}"}]}
RESULT: undefined
COMMAND: POST /session/885acd6bfe44f64c6e2485c8ef54779e/element - {"using":"xpath","value":"//*[@id=\"__tile130\"]"}
RESULT: {"using":"xpath","value":"//*[@id=\"__tile130\"]"}
COMMAND: POST /session/885acd6bfe44f64c6e2485c8ef54779e/element/f.F53CD083946FCE278F3961FDA51ABBA8.d.4BE41A2D22B72E9FF17B5FE6838589F1.e.4350/click - {}
RESULT: {}
COMMAND: GET /session/885acd6bfe44f64c6e2485c8ef54779e/screenshot - {}
RESULT: {}
COMMAND: POST /session/885acd6bfe44f64c6e2485c8ef54779e/execute/async - {"script":"<script> [1562 bytes]","args":[{"selector":{"controlType":"sap.ui.core.Icon","viewName":"etm.portal.ui.managecontracts.view.Master","properties":{"src":{"regex":{"source":"add"}}}},"wdio_ui5_key":"etmportal.ui.managecontracts.view.Mastersap.ui.core.Icon{\"src\":{\"regex\":{\"source\":\"add\"}}}"}]}
RESULT: {"script":"<script> [1562 bytes]","args":[{"selector":{"controlType":"sap.ui.core.Icon","viewName":"etm.portal.ui.managecontracts.view.Master","properties":{"src":{"regex":{"source":"add"}}}},"wdio_ui5_key":"etmportal.ui.managecontracts.view.Mastersap.ui.core.Icon{\"src\":{\"regex\":{\"source\":\"add\"}}}"}]}
RESULT: undefined
COMMAND: POST /session/885acd6bfe44f64c6e2485c8ef54779e/element - {"using":"xpath","value":"//*[@id=\"__button303-img\"]"}
RESULT: {"using":"xpath","value":"//*[@id=\"__button303-img\"]"}
COMMAND: POST /session/885acd6bfe44f64c6e2485c8ef54779e/element/f.F53CD083946FCE278F3961FDA51ABBA8.d.4BE41A2D22B72E9FF17B5FE6838589F1.e.8184/click - {}
RESULT: {}
COMMAND: POST /session/885acd6bfe44f64c6e2485c8ef54779e/execute/async - {"script":"<script> [1562 bytes]","args":[{"selector":{"id":"application-managecontracts-display-component---AddNewContract--projectDescription","interaction":{"idSuffix":"inner"}},"wdio_ui5_key":"applicationmanagecontracts-display-component---AddNewContract--projectDescription"}]}
COMMAND: GET /session/885acd6bfe44f64c6e2485c8ef54779e/screenshot - {}
RESULT: {"script":"<script> [1562 bytes]","args":[{"selector":{"id":"application-managecontracts-display-component---AddNewContract--projectDescription","interaction":{"idSuffix":"inner"}},"wdio_ui5_key":"applicationmanagecontracts-display-component---AddNewContract--projectDescription"}]}
RESULT: undefined
COMMAND: POST /session/885acd6bfe44f64c6e2485c8ef54779e/execute/async - {"script":"<script> [776 bytes]","args":[{"enterText":"wdi5 contract for billing","selector":{"id":"application-managecontracts-display-component---AddNewContract--projectDescription","interaction":{"idSuffix":"inner"}},"clearTextFirst":true,"interactionType":"ENTER_TEXT"}]}
RESULT: {}
RESULT: {"script":"<script> [776 bytes]","args":[{"enterText":"wdi5 contract for billing","selector":{"id":"application-managecontracts-display-component---AddNewContract--projectDescription","interaction":{"idSuffix":"inner"}},"clearTextFirst":true,"interactionType":"ENTER_TEXT"}]}
COMMAND: POST /session/885acd6bfe44f64c6e2485c8ef54779e/element - {"using":"xpath","value":"//input[@id=\"application-managecontracts-display-component---AddNewContract--customerSelect-inner\"]"}
RESULT: {"using":"xpath","value":"//input[@id=\"application-managecontracts-display-component---AddNewContract--customerSelect-inner\"]"}
COMMAND: POST /session/885acd6bfe44f64c6e2485c8ef54779e/element/f.F53CD083946FCE278F3961FDA51ABBA8.d.4BE41A2D22B72E9FF17B5FE6838589F1.e.8414/clear - {}
RESULT: {}
COMMAND: POST /session/885acd6bfe44f64c6e2485c8ef54779e/element/f.F53CD083946FCE278F3961FDA51ABBA8.d.4BE41A2D22B72E9FF17B5FE6838589F1.e.8414/value - {"text":"1354"}
COMMAND: GET /session/885acd6bfe44f64c6e2485c8ef54779e/screenshot - {}
RESULT: {"text":"1354"}
COMMAND: GET /session/885acd6bfe44f64c6e2485c8ef54779e/screenshot - {}
RESULT: {}
RESULT: {}
COMMAND: POST /session/885acd6bfe44f64c6e2485c8ef54779e/actions - {"actions":[{"id":"action28","type":"key","parameters":{},"actions":[{"type":"keyDown","value":"î€‡"},{"type":"pause","duration":10},{"type":"keyUp","value":"î€‡"}]}]}
RESULT: {"actions":[{"id":"action28","type":"key","parameters":{},"actions":[{"type":"keyDown","value":"î€‡"},{"type":"pause","duration":10},{"type":"keyUp","value":"î€‡"}]}]}
COMMAND: POST /session/885acd6bfe44f64c6e2485c8ef54779e/element - {"using":"xpath","value":"//input[@id=\"application-managecontracts-display-component---AddNewContract--site-inner\"]"}
COMMAND: GET /session/885acd6bfe44f64c6e2485c8ef54779e/screenshot - {}
RESULT: {"using":"xpath","value":"//input[@id=\"application-managecontracts-display-component---AddNewContract--site-inner\"]"}
COMMAND: POST /session/885acd6bfe44f64c6e2485c8ef54779e/element/f.F53CD083946FCE278F3961FDA51ABBA8.d.4BE41A2D22B72E9FF17B5FE6838589F1.e.8415/clear - {}
RESULT: {}
RESULT: {}
COMMAND: POST /session/885acd6bfe44f64c6e2485c8ef54779e/element/f.F53CD083946FCE278F3961FDA51ABBA8.d.4BE41A2D22B72E9FF17B5FE6838589F1.e.8415/value - {"text":"2318"}
COMMAND: GET /session/885acd6bfe44f64c6e2485c8ef54779e/screenshot - {}
RESULT: {"text":"2318"}
COMMAND: GET /session/885acd6bfe44f64c6e2485c8ef54779e/screenshot - {}
RESULT: {}
RESULT: {}
COMMAND: POST /session/885acd6bfe44f64c6e2485c8ef54779e/actions - {"actions":[{"id":"action29","type":"key","parameters":{},"actions":[{"type":"keyDown","value":"î€‡"},{"type":"pause","duration":10},{"type":"keyUp","value":"î€‡"}]}]}
RESULT: {"actions":[{"id":"action29","type":"key","parameters":{},"actions":[{"type":"keyDown","value":"î€‡"},{"type":"pause","duration":10},{"type":"keyUp","value":"î€‡"}]}]}
COMMAND: POST /session/885acd6bfe44f64c6e2485c8ef54779e/execute/async - {"script":"<script> [1562 bytes]","args":[{"selector":{"id":"application-managecontracts-display-component---AddNewContract--calendarInput","interaction":{"idSuffix":"inner"}},"wdio_ui5_key":"applicationmanagecontracts-display-component---AddNewContract--calendarInput"}]}
COMMAND: GET /session/885acd6bfe44f64c6e2485c8ef54779e/screenshot - {}
RESULT: {"script":"<script> [1562 bytes]","args":[{"selector":{"id":"application-managecontracts-display-component---AddNewContract--calendarInput","interaction":{"idSuffix":"inner"}},"wdio_ui5_key":"applicationmanagecontracts-display-component---AddNewContract--calendarInput"}]}
RESULT: undefined
COMMAND: POST /session/885acd6bfe44f64c6e2485c8ef54779e/execute/async - {"script":"<script> [776 bytes]","args":[{"enterText":"1 - Calendar unit test patch","selector":{"id":"application-managecontracts-display-component---AddNewContract--calendarInput","interaction":{"idSuffix":"inner"}},"clearTextFirst":true,"interactionType":"ENTER_TEXT"}]}
RESULT: {}
RESULT: {"script":"<script> [776 bytes]","args":[{"enterText":"1 - Calendar unit test patch","selector":{"id":"application-managecontracts-display-component---AddNewContract--calendarInput","interaction":{"idSuffix":"inner"}},"clearTextFirst":true,"interactionType":"ENTER_TEXT"}]}
COMMAND: POST /session/885acd6bfe44f64c6e2485c8ef54779e/actions - {"actions":[{"id":"action30","type":"key","parameters":{},"actions":[{"type":"keyDown","value":"î€‡"},{"type":"pause","duration":10},{"type":"keyUp","value":"î€‡"}]}]}
RESULT: {"actions":[{"id":"action30","type":"key","parameters":{},"actions":[{"type":"keyDown","value":"î€‡"},{"type":"pause","duration":10},{"type":"keyUp","value":"î€‡"}]}]}
COMMAND: POST /session/885acd6bfe44f64c6e2485c8ef54779e/execute/async - {"script":"<script> [1562 bytes]","args":[{"selector":{"id":"application-managecontracts-display-component---AddNewContract--languageCB","interaction":{"idSuffix":"inner"}},"wdio_ui5_key":"applicationmanagecontracts-display-component---AddNewContract--languageCB"}]}
COMMAND: GET /session/885acd6bfe44f64c6e2485c8ef54779e/screenshot - {}
RESULT: {"script":"<script> [1562 bytes]","args":[{"selector":{"id":"application-managecontracts-display-component---AddNewContract--languageCB","interaction":{"idSuffix":"inner"}},"wdio_ui5_key":"applicationmanagecontracts-display-component---AddNewContract--languageCB"}]}
RESULT: undefined
COMMAND: POST /session/885acd6bfe44f64c6e2485c8ef54779e/execute/async - {"script":"<script> [776 bytes]","args":[{"enterText":"EN - English","selector":{"id":"application-managecontracts-display-component---AddNewContract--languageCB","interaction":{"idSuffix":"inner"}},"clearTextFirst":true,"interactionType":"ENTER_TEXT"}]}
RESULT: {}
RESULT: {"script":"<script> [776 bytes]","args":[{"enterText":"EN - English","selector":{"id":"application-managecontracts-display-component---AddNewContract--languageCB","interaction":{"idSuffix":"inner"}},"clearTextFirst":true,"interactionType":"ENTER_TEXT"}]}
COMMAND: POST /session/885acd6bfe44f64c6e2485c8ef54779e/actions - {"actions":[{"id":"action31","type":"key","parameters":{},"actions":[{"type":"keyDown","value":"î€‡"},{"type":"pause","duration":10},{"type":"keyUp","value":"î€‡"}]}]}
RESULT: {"actions":[{"id":"action31","type":"key","parameters":{},"actions":[{"type":"keyDown","value":"î€‡"},{"type":"pause","duration":10},{"type":"keyUp","value":"î€‡"}]}]}
COMMAND: POST /session/885acd6bfe44f64c6e2485c8ef54779e/execute/async - {"script":"<script> [1562 bytes]","args":[{"selector":{"id":"application-managecontracts-display-component---AddNewContract--saveBtn","interaction":{"idSuffix":"BDI-content"}},"wdio_ui5_key":"applicationmanagecontracts-display-component---AddNewContract--saveBtn"}]}
COMMAND: GET /session/885acd6bfe44f64c6e2485c8ef54779e/screenshot - {}
RESULT: {"script":"<script> [1562 bytes]","args":[{"selector":{"id":"application-managecontracts-display-component---AddNewContract--saveBtn","interaction":{"idSuffix":"BDI-content"}},"wdio_ui5_key":"applicationmanagecontracts-display-component---AddNewContract--saveBtn"}]}
RESULT: undefined
COMMAND: POST /session/885acd6bfe44f64c6e2485c8ef54779e/element - {"using":"xpath","value":"//*[@id=\"application-managecontracts-display-component---AddNewContract--saveBtn\"]"}
RESULT: {}
RESULT: {"using":"xpath","value":"//*[@id=\"application-managecontracts-display-component---AddNewContract--saveBtn\"]"}
COMMAND: POST /session/885acd6bfe44f64c6e2485c8ef54779e/element/f.F53CD083946FCE278F3961FDA51ABBA8.d.4BE41A2D22B72E9FF17B5FE6838589F1.e.8432/click - {}
RESULT: {}
COMMAND: GET /session/885acd6bfe44f64c6e2485c8ef54779e/screenshot - {}
RESULT: {}
COMMAND: POST /session/885acd6bfe44f64c6e2485c8ef54779e/execute/async - {"script":"<script> [1562 bytes]","args":[{"selector":{"id":"contractDetailTitleNoExpanded","viewName":"etm.portal.ui.managecontracts.view.Detail"},"wdio_ui5_key":"contractDetailTitleNoExpandedetmportal.ui.managecontracts.view.Detail"}]}
RESULT: {"script":"<script> [1562 bytes]","args":[{"selector":{"id":"contractDetailTitleNoExpanded","viewName":"etm.portal.ui.managecontracts.view.Detail"},"wdio_ui5_key":"contractDetailTitleNoExpandedetmportal.ui.managecontracts.view.Detail"}]}
RESULT: undefined
COMMAND: POST /session/885acd6bfe44f64c6e2485c8ef54779e/execute/async - {"script":"<script> [6424 bytes]","args":[{"element-6066-11e4-a52e-4f735466cecf":"f.F53CD083946FCE278F3961FDA51ABBA8.d.4BE41A2D22B72E9FF17B5FE6838589F1.e.8456"},"getText",[]]}
RESULT: {"script":"<script> [6424 bytes]","args":[{"element-6066-11e4-a52e-4f735466cecf":"f.F53CD083946FCE278F3961FDA51ABBA8.d.4BE41A2D22B72E9FF17B5FE6838589F1.e.8456"},"getText",[]]}
]]></system-out>
    </testcase>
    <testcase classname="chrome.135_0_7049_96.windows.Provide_to_Site_w/_warehouse_management_w_clarification" name="Should add resource to the contract" time="56.328">
      <system-out><![CDATA[
COMMAND: POST /session/885acd6bfe44f64c6e2485c8ef54779e/execute/async - {"script":"<script> [1562 bytes]","args":[{"selector":{"id":"contractDetailEditBtn","viewName":"etm.portal.ui.managecontracts.view.Detail","interaction":{"idSuffix":"BDI-content"}},"wdio_ui5_key":"contractDetailEditBtnetmportal.ui.managecontracts.view.Detail"}]}
RESULT: {"script":"<script> [1562 bytes]","args":[{"selector":{"id":"contractDetailEditBtn","viewName":"etm.portal.ui.managecontracts.view.Detail","interaction":{"idSuffix":"BDI-content"}},"wdio_ui5_key":"contractDetailEditBtnetmportal.ui.managecontracts.view.Detail"}]}
RESULT: undefined
COMMAND: POST /session/885acd6bfe44f64c6e2485c8ef54779e/element - {"using":"xpath","value":"//*[@id=\"__xmlview63--contractDetailEditBtn\"]"}
RESULT: {"using":"xpath","value":"//*[@id=\"__xmlview63--contractDetailEditBtn\"]"}
COMMAND: POST /session/885acd6bfe44f64c6e2485c8ef54779e/element/f.F53CD083946FCE278F3961FDA51ABBA8.d.4BE41A2D22B72E9FF17B5FE6838589F1.e.8458/click - {}
RESULT: {}
COMMAND: GET /session/885acd6bfe44f64c6e2485c8ef54779e/screenshot - {}
RESULT: {}
COMMAND: POST /session/885acd6bfe44f64c6e2485c8ef54779e/execute/async - {"script":"<script> [1562 bytes]","args":[{"selector":{"id":"additionalAddressesTabFilter","viewName":"etm.portal.ui.managecontracts.view.EditContract","interaction":{"idSuffix":"text"}},"wdio_ui5_key":"additionalAddressesTabFilteretmportal.ui.managecontracts.view.EditContract"}]}
RESULT: {"script":"<script> [1562 bytes]","args":[{"selector":{"id":"additionalAddressesTabFilter","viewName":"etm.portal.ui.managecontracts.view.EditContract","interaction":{"idSuffix":"text"}},"wdio_ui5_key":"additionalAddressesTabFilteretmportal.ui.managecontracts.view.EditContract"}]}
RESULT: undefined
COMMAND: POST /session/885acd6bfe44f64c6e2485c8ef54779e/element - {"using":"xpath","value":"//*[@id=\"__xmlview64--additionalAddressesTabFilter\"]"}
RESULT: {"using":"xpath","value":"//*[@id=\"__xmlview64--additionalAddressesTabFilter\"]"}
COMMAND: POST /session/885acd6bfe44f64c6e2485c8ef54779e/element/f.F53CD083946FCE278F3961FDA51ABBA8.d.4BE41A2D22B72E9FF17B5FE6838589F1.e.8513/click - {}
RESULT: {}
RESULT: undefined
COMMAND: POST /session/885acd6bfe44f64c6e2485c8ef54779e/element - {"using":"xpath","value":"//*[@id=\"__xmlview64--additionalAddressesTabFilter\"]"}
COMMAND: GET /session/885acd6bfe44f64c6e2485c8ef54779e/screenshot - {}
RESULT: {"using":"xpath","value":"//*[@id=\"__xmlview64--additionalAddressesTabFilter\"]"}
COMMAND: POST /session/885acd6bfe44f64c6e2485c8ef54779e/element/f.F53CD083946FCE278F3961FDA51ABBA8.d.4BE41A2D22B72E9FF17B5FE6838589F1.e.8513/click - {}
RESULT: {}
RESULT: {}
COMMAND: POST /session/885acd6bfe44f64c6e2485c8ef54779e/execute/async - {"script":"<script> [1562 bytes]","args":[{"selector":{"controlType":"sap.ui.core.Icon","viewName":"etm.portal.ui.managecontracts.view.EditContract","properties":{"src":{"regex":{"source":"add"}}}},"wdio_ui5_key":"etmportal.ui.managecontracts.view.EditContractsap.ui.core.Icon{\"src\":{\"regex\":{\"source\":\"add\"}}}"}]}
COMMAND: GET /session/885acd6bfe44f64c6e2485c8ef54779e/screenshot - {}
RESULT: {"script":"<script> [1562 bytes]","args":[{"selector":{"controlType":"sap.ui.core.Icon","viewName":"etm.portal.ui.managecontracts.view.EditContract","properties":{"src":{"regex":{"source":"add"}}}},"wdio_ui5_key":"etmportal.ui.managecontracts.view.EditContractsap.ui.core.Icon{\"src\":{\"regex\":{\"source\":\"add\"}}}"}]}
RESULT: undefined
COMMAND: POST /session/885acd6bfe44f64c6e2485c8ef54779e/element - {"using":"xpath","value":"//*[@id=\"__xmlview64--btnAddTableRow-img\"]"}
RESULT: {}
RESULT: {"using":"xpath","value":"//*[@id=\"__xmlview64--btnAddTableRow-img\"]"}
COMMAND: POST /session/885acd6bfe44f64c6e2485c8ef54779e/element/f.F53CD083946FCE278F3961FDA51ABBA8.d.4BE41A2D22B72E9FF17B5FE6838589F1.e.8515/click - {}
RESULT: {}
COMMAND: POST /session/885acd6bfe44f64c6e2485c8ef54779e/element - {"using":"xpath","value":"//div[(text() = 'Standard Entry' or . = 'Standard Entry')]"}
COMMAND: GET /session/885acd6bfe44f64c6e2485c8ef54779e/screenshot - {}
RESULT: {"using":"xpath","value":"//div[(text() = 'Standard Entry' or . = 'Standard Entry')]"}
COMMAND: POST /session/885acd6bfe44f64c6e2485c8ef54779e/element/f.F53CD083946FCE278F3961FDA51ABBA8.d.4BE41A2D22B72E9FF17B5FE6838589F1.e.8518/click - {}
RESULT: {}
RESULT: {}
COMMAND: POST /session/885acd6bfe44f64c6e2485c8ef54779e/execute/async - {"script":"<script> [1562 bytes]","args":[{"selector":{"controlType":"sap.ui.core.Icon","viewName":"etm.portal.ui.managecontracts.view.EditContract","properties":{"src":{"regex":{"source":"inspect"}}}},"wdio_ui5_key":"etmportal.ui.managecontracts.view.EditContractsap.ui.core.Icon{\"src\":{\"regex\":{\"source\":\"inspect\"}}}"}]}
COMMAND: GET /session/885acd6bfe44f64c6e2485c8ef54779e/screenshot - {}
RESULT: {"script":"<script> [1562 bytes]","args":[{"selector":{"controlType":"sap.ui.core.Icon","viewName":"etm.portal.ui.managecontracts.view.EditContract","properties":{"src":{"regex":{"source":"inspect"}}}},"wdio_ui5_key":"etmportal.ui.managecontracts.view.EditContractsap.ui.core.Icon{\"src\":{\"regex\":{\"source\":\"inspect\"}}}"}]}
RESULT: undefined
COMMAND: POST /session/885acd6bfe44f64c6e2485c8ef54779e/element - {"using":"xpath","value":"//*[@id=\"__button329-img\"]"}
RESULT: {}
RESULT: {"using":"xpath","value":"//*[@id=\"__button329-img\"]"}
COMMAND: POST /session/885acd6bfe44f64c6e2485c8ef54779e/element/f.F53CD083946FCE278F3961FDA51ABBA8.d.4BE41A2D22B72E9FF17B5FE6838589F1.e.8530/click - {}
RESULT: {}
COMMAND: GET /session/885acd6bfe44f64c6e2485c8ef54779e/screenshot - {}
RESULT: {}
COMMAND: POST /session/885acd6bfe44f64c6e2485c8ef54779e/element - {"using":"xpath","value":"//td[6]/div/div/input[1]"}
RESULT: {"using":"xpath","value":"//td[6]/div/div/input[1]"}
COMMAND: POST /session/885acd6bfe44f64c6e2485c8ef54779e/element/f.F53CD083946FCE278F3961FDA51ABBA8.d.4BE41A2D22B72E9FF17B5FE6838589F1.e.8520/clear - {}
RESULT: {}
COMMAND: GET /session/885acd6bfe44f64c6e2485c8ef54779e/screenshot - {}
RESULT: {}
COMMAND: POST /session/885acd6bfe44f64c6e2485c8ef54779e/element - {"using":"xpath","value":"//td[6]/div/div/input[1]"}
RESULT: {"using":"xpath","value":"//td[6]/div/div/input[1]"}
COMMAND: POST /session/885acd6bfe44f64c6e2485c8ef54779e/element/f.F53CD083946FCE278F3961FDA51ABBA8.d.4BE41A2D22B72E9FF17B5FE6838589F1.e.8546/click - {}
RESULT: {}
COMMAND: POST /session/885acd6bfe44f64c6e2485c8ef54779e/actions - {"actions":[{"id":"action32","type":"key","parameters":{},"actions":[{"type":"keyDown","value":"î€ƒ"},{"type":"pause","duration":10},{"type":"keyUp","value":"î€ƒ"}]}]}
COMMAND: GET /session/885acd6bfe44f64c6e2485c8ef54779e/screenshot - {}
RESULT: {"actions":[{"id":"action32","type":"key","parameters":{},"actions":[{"type":"keyDown","value":"î€ƒ"},{"type":"pause","duration":10},{"type":"keyUp","value":"î€ƒ"}]}]}
COMMAND: POST /session/885acd6bfe44f64c6e2485c8ef54779e/element - {"using":"xpath","value":"//td[6]/div/div/input[1]"}
COMMAND: GET /session/885acd6bfe44f64c6e2485c8ef54779e/screenshot - {}
RESULT: {}
RESULT: {"using":"xpath","value":"//td[6]/div/div/input[1]"}
COMMAND: POST /session/885acd6bfe44f64c6e2485c8ef54779e/element/f.F53CD083946FCE278F3961FDA51ABBA8.d.4BE41A2D22B72E9FF17B5FE6838589F1.e.8546/clear - {}
RESULT: {}
RESULT: {}
COMMAND: POST /session/885acd6bfe44f64c6e2485c8ef54779e/element/f.F53CD083946FCE278F3961FDA51ABBA8.d.4BE41A2D22B72E9FF17B5FE6838589F1.e.8546/value - {"text":"Material"}
COMMAND: GET /session/885acd6bfe44f64c6e2485c8ef54779e/screenshot - {}
RESULT: {"text":"Material"}
COMMAND: GET /session/885acd6bfe44f64c6e2485c8ef54779e/screenshot - {}
RESULT: {}
RESULT: {}
COMMAND: POST /session/885acd6bfe44f64c6e2485c8ef54779e/actions - {"actions":[{"id":"action33","type":"key","parameters":{},"actions":[{"type":"keyDown","value":"î€‡"},{"type":"pause","duration":10},{"type":"keyUp","value":"î€‡"}]}]}
RESULT: {"actions":[{"id":"action33","type":"key","parameters":{},"actions":[{"type":"keyDown","value":"î€‡"},{"type":"pause","duration":10},{"type":"keyUp","value":"î€‡"}]}]}
COMMAND: POST /session/885acd6bfe44f64c6e2485c8ef54779e/element - {"using":"xpath","value":"//td[7]/div/div/input[1]"}
COMMAND: GET /session/885acd6bfe44f64c6e2485c8ef54779e/screenshot - {}
RESULT: {"using":"xpath","value":"//td[7]/div/div/input[1]"}
COMMAND: POST /session/885acd6bfe44f64c6e2485c8ef54779e/element/f.F53CD083946FCE278F3961FDA51ABBA8.d.4BE41A2D22B72E9FF17B5FE6838589F1.e.8568/clear - {}
RESULT: {}
RESULT: {}
COMMAND: POST /session/885acd6bfe44f64c6e2485c8ef54779e/element/f.F53CD083946FCE278F3961FDA51ABBA8.d.4BE41A2D22B72E9FF17B5FE6838589F1.e.8568/value - {"text":"200258"}
COMMAND: GET /session/885acd6bfe44f64c6e2485c8ef54779e/screenshot - {}
RESULT: {"text":"200258"}
COMMAND: GET /session/885acd6bfe44f64c6e2485c8ef54779e/screenshot - {}
RESULT: {}
RESULT: {}
COMMAND: POST /session/885acd6bfe44f64c6e2485c8ef54779e/actions - {"actions":[{"id":"action34","type":"key","parameters":{},"actions":[{"type":"keyDown","value":"î€‡"},{"type":"pause","duration":10},{"type":"keyUp","value":"î€‡"}]}]}
RESULT: {"actions":[{"id":"action34","type":"key","parameters":{},"actions":[{"type":"keyDown","value":"î€‡"},{"type":"pause","duration":10},{"type":"keyUp","value":"î€‡"}]}]}
COMMAND: POST /session/885acd6bfe44f64c6e2485c8ef54779e/execute/async - {"script":"<script> [1562 bytes]","args":[{"selector":{"controlType":"sap.m.Button","properties":{"text":"OK"},"searchOpenDialogs":true,"interaction":{"idSuffix":"BDI-content"}},"wdio_ui5_key":"sapm.Button{\"text\":\"OK\"}"}]}
COMMAND: GET /session/885acd6bfe44f64c6e2485c8ef54779e/screenshot - {}
RESULT: {"script":"<script> [1562 bytes]","args":[{"selector":{"controlType":"sap.m.Button","properties":{"text":"OK"},"searchOpenDialogs":true,"interaction":{"idSuffix":"BDI-content"}},"wdio_ui5_key":"sapm.Button{\"text\":\"OK\"}"}]}
RESULT: undefined
COMMAND: POST /session/885acd6bfe44f64c6e2485c8ef54779e/element - {"using":"xpath","value":"//*[@id=\"__mbox-btn-1\"]"}
RESULT: {}
RESULT: {"using":"xpath","value":"//*[@id=\"__mbox-btn-1\"]"}
COMMAND: POST /session/885acd6bfe44f64c6e2485c8ef54779e/element/f.F53CD083946FCE278F3961FDA51ABBA8.d.4BE41A2D22B72E9FF17B5FE6838589F1.e.8590/click - {}
RESULT: {}
COMMAND: POST /session/885acd6bfe44f64c6e2485c8ef54779e/execute/async - {"script":"<script> [1562 bytes]","args":[{"selector":{"id":"saveBtn","viewName":"etm.portal.ui.managecontracts.view.EditContract","interaction":{"idSuffix":"BDI-content"}},"wdio_ui5_key":"saveBtnetmportal.ui.managecontracts.view.EditContract"}]}
COMMAND: GET /session/885acd6bfe44f64c6e2485c8ef54779e/screenshot - {}
RESULT: {"script":"<script> [1562 bytes]","args":[{"selector":{"id":"saveBtn","viewName":"etm.portal.ui.managecontracts.view.EditContract","interaction":{"idSuffix":"BDI-content"}},"wdio_ui5_key":"saveBtnetmportal.ui.managecontracts.view.EditContract"}]}
RESULT: undefined
COMMAND: POST /session/885acd6bfe44f64c6e2485c8ef54779e/element - {"using":"xpath","value":"//*[@id=\"__xmlview64--saveBtn\"]"}
RESULT: {}
RESULT: {"using":"xpath","value":"//*[@id=\"__xmlview64--saveBtn\"]"}
COMMAND: POST /session/885acd6bfe44f64c6e2485c8ef54779e/element/f.F53CD083946FCE278F3961FDA51ABBA8.d.4BE41A2D22B72E9FF17B5FE6838589F1.e.8616/click - {}
RESULT: {}
COMMAND: GET /session/885acd6bfe44f64c6e2485c8ef54779e/screenshot - {}
RESULT: {}
COMMAND: POST /session/885acd6bfe44f64c6e2485c8ef54779e/execute/async - {"script":"<script> [1562 bytes]","args":[{"selector":{"id":"additionalAddressesTabFilter","viewName":"etm.portal.ui.managecontracts.view.Detail","interaction":{"idSuffix":"text"}},"wdio_ui5_key":"additionalAddressesTabFilteretmportal.ui.managecontracts.view.Detail"}]}
RESULT: {"script":"<script> [1562 bytes]","args":[{"selector":{"id":"additionalAddressesTabFilter","viewName":"etm.portal.ui.managecontracts.view.Detail","interaction":{"idSuffix":"text"}},"wdio_ui5_key":"additionalAddressesTabFilteretmportal.ui.managecontracts.view.Detail"}]}
RESULT: undefined
COMMAND: POST /session/885acd6bfe44f64c6e2485c8ef54779e/element - {"using":"xpath","value":"//*[@id=\"__xmlview63--additionalAddressesTabFilter\"]"}
RESULT: {"using":"xpath","value":"//*[@id=\"__xmlview63--additionalAddressesTabFilter\"]"}
COMMAND: POST /session/885acd6bfe44f64c6e2485c8ef54779e/element/f.F53CD083946FCE278F3961FDA51ABBA8.d.4BE41A2D22B72E9FF17B5FE6838589F1.e.8620/click - {}
RESULT: {}
COMMAND: POST /session/885acd6bfe44f64c6e2485c8ef54779e/execute/async - {"script":"<script> [1562 bytes]","args":[{"selector":{"id":"contractDetailProvideButton","viewName":"etm.portal.ui.managecontracts.view.Detail","interaction":{"idSuffix":"BDI-content"}},"wdio_ui5_key":"contractDetailProvideButtonetmportal.ui.managecontracts.view.Detail"}]}
COMMAND: GET /session/885acd6bfe44f64c6e2485c8ef54779e/screenshot - {}
RESULT: {"script":"<script> [1562 bytes]","args":[{"selector":{"id":"contractDetailProvideButton","viewName":"etm.portal.ui.managecontracts.view.Detail","interaction":{"idSuffix":"BDI-content"}},"wdio_ui5_key":"contractDetailProvideButtonetmportal.ui.managecontracts.view.Detail"}]}
RESULT: undefined
COMMAND: POST /session/885acd6bfe44f64c6e2485c8ef54779e/element - {"using":"xpath","value":"//*[@id=\"__xmlview63--contractDetailProvideButton\"]"}
RESULT: {}
RESULT: {"using":"xpath","value":"//*[@id=\"__xmlview63--contractDetailProvideButton\"]"}
COMMAND: POST /session/885acd6bfe44f64c6e2485c8ef54779e/element/f.F53CD083946FCE278F3961FDA51ABBA8.d.4BE41A2D22B72E9FF17B5FE6838589F1.e.8627/click - {}
RESULT: {}
COMMAND: GET /session/885acd6bfe44f64c6e2485c8ef54779e/screenshot - {}
RESULT: {}
]]></system-out>
    </testcase>
    <testcase classname="chrome.135_0_7049_96.windows.Provide_to_Site_w/_warehouse_management_w_clarification" name="Should Create HandOvers provide to site" time="67.578">
      <system-out><![CDATA[
COMMAND: POST /session/885acd6bfe44f64c6e2485c8ef54779e/element - {"using":"css selector","value":"#application-managehandovers-display-component---AddNewHO--dueDate-inner"}
RESULT: {"using":"css selector","value":"#application-managehandovers-display-component---AddNewHO--dueDate-inner"}
COMMAND: POST /session/885acd6bfe44f64c6e2485c8ef54779e/element/f.F53CD083946FCE278F3961FDA51ABBA8.d.4BE41A2D22B72E9FF17B5FE6838589F1.e.8701/clear - {}
RESULT: {}
COMMAND: POST /session/885acd6bfe44f64c6e2485c8ef54779e/element/f.F53CD083946FCE278F3961FDA51ABBA8.d.4BE41A2D22B72E9FF17B5FE6838589F1.e.8701/value - {"text":"5/1/25"}
COMMAND: GET /session/885acd6bfe44f64c6e2485c8ef54779e/screenshot - {}
RESULT: {"text":"5/1/25"}
COMMAND: POST /session/885acd6bfe44f64c6e2485c8ef54779e/element - {"using":"xpath","value":"//bdi[(text() = 'Items' or . = 'Items')]"}
COMMAND: GET /session/885acd6bfe44f64c6e2485c8ef54779e/screenshot - {}
RESULT: {}
RESULT: {"using":"xpath","value":"//bdi[(text() = 'Items' or . = 'Items')]"}
COMMAND: POST /session/885acd6bfe44f64c6e2485c8ef54779e/element/f.F53CD083946FCE278F3961FDA51ABBA8.d.4BE41A2D22B72E9FF17B5FE6838589F1.e.8792/click - {}
RESULT: {}
RESULT: {}
COMMAND: POST /session/885acd6bfe44f64c6e2485c8ef54779e/execute/async - {"script":"<script> [1562 bytes]","args":[{"selector":{"controlType":"sap.m.Button","viewName":"etm.portal.ui.managehandovers.view.AddNewHO","viewId":"application-managehandovers-display-component---AddNewHO","i18NText":{"propertyName":"tooltip","key":"addItems"}},"wdio_ui5_key":"etmportal.ui.managehandovers.view.AddNewHOsap.m.Button{\"propertyName\":\"tooltip\",\"key\":\"addItems\"}"}]}
COMMAND: GET /session/885acd6bfe44f64c6e2485c8ef54779e/screenshot - {}
RESULT: {"script":"<script> [1562 bytes]","args":[{"selector":{"controlType":"sap.m.Button","viewName":"etm.portal.ui.managehandovers.view.AddNewHO","viewId":"application-managehandovers-display-component---AddNewHO","i18NText":{"propertyName":"tooltip","key":"addItems"}},"wdio_ui5_key":"etmportal.ui.managehandovers.view.AddNewHOsap.m.Button{\"propertyName\":\"tooltip\",\"key\":\"addItems\"}"}]}
RESULT: undefined
COMMAND: POST /session/885acd6bfe44f64c6e2485c8ef54779e/element - {"using":"xpath","value":"//*[@id=\"__button354\"]"}
RESULT: {}
RESULT: {"using":"xpath","value":"//*[@id=\"__button354\"]"}
COMMAND: POST /session/885acd6bfe44f64c6e2485c8ef54779e/element/f.F53CD083946FCE278F3961FDA51ABBA8.d.4BE41A2D22B72E9FF17B5FE6838589F1.e.8797/click - {}
RESULT: {}
COMMAND: GET /session/885acd6bfe44f64c6e2485c8ef54779e/screenshot - {}
RESULT: {}
COMMAND: POST /session/885acd6bfe44f64c6e2485c8ef54779e/element - {"using":"css selector","value":"div[id= \"application-managehandovers-display-component---AddNewHO--popup-sa-CbBg\"]"}
RESULT: {"using":"css selector","value":"div[id= \"application-managehandovers-display-component---AddNewHO--popup-sa-CbBg\"]"}
COMMAND: POST /session/885acd6bfe44f64c6e2485c8ef54779e/element/f.F53CD083946FCE278F3961FDA51ABBA8.d.4BE41A2D22B72E9FF17B5FE6838589F1.e.8814/click - {}
RESULT: {}
COMMAND: GET /session/885acd6bfe44f64c6e2485c8ef54779e/screenshot - {}
RESULT: {}
COMMAND: POST /session/885acd6bfe44f64c6e2485c8ef54779e/element - {"using":"xpath","value":"//bdi[(text() = 'Select' or . = 'Select')]"}
RESULT: {"using":"xpath","value":"//bdi[(text() = 'Select' or . = 'Select')]"}
COMMAND: POST /session/885acd6bfe44f64c6e2485c8ef54779e/element/f.F53CD083946FCE278F3961FDA51ABBA8.d.4BE41A2D22B72E9FF17B5FE6838589F1.e.8815/click - {}
RESULT: {}
COMMAND: GET /session/885acd6bfe44f64c6e2485c8ef54779e/screenshot - {}
RESULT: {}
COMMAND: POST /session/885acd6bfe44f64c6e2485c8ef54779e/element - {"using":"xpath","value":"//bdi[(text() = 'Save' or . = 'Save')]"}
RESULT: {"using":"xpath","value":"//bdi[(text() = 'Save' or . = 'Save')]"}
COMMAND: POST /session/885acd6bfe44f64c6e2485c8ef54779e/element/f.F53CD083946FCE278F3961FDA51ABBA8.d.4BE41A2D22B72E9FF17B5FE6838589F1.e.8823/click - {}
RESULT: {}
COMMAND: GET /session/885acd6bfe44f64c6e2485c8ef54779e/screenshot - {}
RESULT: {}
COMMAND: POST /session/885acd6bfe44f64c6e2485c8ef54779e/elements - {"using":"xpath","value":"//*[text()='Close']"}
RESULT: {"using":"xpath","value":"//*[text()='Close']"}
COMMAND: GET /session/885acd6bfe44f64c6e2485c8ef54779e/element/f.F53CD083946FCE278F3961FDA51ABBA8.d.4BE41A2D22B72E9FF17B5FE6838589F1.e.8863/enabled - {}
RESULT: {}
COMMAND: POST /session/885acd6bfe44f64c6e2485c8ef54779e/execute/sync - {"script":"<script> [8489 bytes]","args":[{"element-6066-11e4-a52e-4f735466cecf":"f.F53CD083946FCE278F3961FDA51ABBA8.d.4BE41A2D22B72E9FF17B5FE6838589F1.e.8863","ELEMENT":"f.F53CD083946FCE278F3961FDA51ABBA8.d.4BE41A2D22B72E9FF17B5FE6838589F1.e.8863"}]}
COMMAND: GET /session/885acd6bfe44f64c6e2485c8ef54779e/screenshot - {}
RESULT: {"script":"<script> [8489 bytes]","args":[{"element-6066-11e4-a52e-4f735466cecf":"f.F53CD083946FCE278F3961FDA51ABBA8.d.4BE41A2D22B72E9FF17B5FE6838589F1.e.8863","ELEMENT":"f.F53CD083946FCE278F3961FDA51ABBA8.d.4BE41A2D22B72E9FF17B5FE6838589F1.e.8863"}]}
COMMAND: GET /session/885acd6bfe44f64c6e2485c8ef54779e/screenshot - {}
RESULT: {}
RESULT: {}
COMMAND: POST /session/885acd6bfe44f64c6e2485c8ef54779e/execute/sync - {"script":"<script> [8489 bytes]","args":[{"element-6066-11e4-a52e-4f735466cecf":"f.F53CD083946FCE278F3961FDA51ABBA8.d.4BE41A2D22B72E9FF17B5FE6838589F1.e.8863","ELEMENT":"f.F53CD083946FCE278F3961FDA51ABBA8.d.4BE41A2D22B72E9FF17B5FE6838589F1.e.8863"}]}
RESULT: {"script":"<script> [8489 bytes]","args":[{"element-6066-11e4-a52e-4f735466cecf":"f.F53CD083946FCE278F3961FDA51ABBA8.d.4BE41A2D22B72E9FF17B5FE6838589F1.e.8863","ELEMENT":"f.F53CD083946FCE278F3961FDA51ABBA8.d.4BE41A2D22B72E9FF17B5FE6838589F1.e.8863"}]}
COMMAND: GET /session/885acd6bfe44f64c6e2485c8ef54779e/screenshot - {}
RESULT: {}
COMMAND: POST /session/885acd6bfe44f64c6e2485c8ef54779e/execute/sync - {"script":"<script> [8489 bytes]","args":[{"element-6066-11e4-a52e-4f735466cecf":"f.F53CD083946FCE278F3961FDA51ABBA8.d.4BE41A2D22B72E9FF17B5FE6838589F1.e.8863","ELEMENT":"f.F53CD083946FCE278F3961FDA51ABBA8.d.4BE41A2D22B72E9FF17B5FE6838589F1.e.8863"}]}
RESULT: {"script":"<script> [8489 bytes]","args":[{"element-6066-11e4-a52e-4f735466cecf":"f.F53CD083946FCE278F3961FDA51ABBA8.d.4BE41A2D22B72E9FF17B5FE6838589F1.e.8863","ELEMENT":"f.F53CD083946FCE278F3961FDA51ABBA8.d.4BE41A2D22B72E9FF17B5FE6838589F1.e.8863"}]}
COMMAND: GET /session/885acd6bfe44f64c6e2485c8ef54779e/screenshot - {}
COMMAND: POST /session/885acd6bfe44f64c6e2485c8ef54779e/execute/sync - {"script":"<script> [8489 bytes]","args":[{"element-6066-11e4-a52e-4f735466cecf":"f.F53CD083946FCE278F3961FDA51ABBA8.d.4BE41A2D22B72E9FF17B5FE6838589F1.e.8863","ELEMENT":"f.F53CD083946FCE278F3961FDA51ABBA8.d.4BE41A2D22B72E9FF17B5FE6838589F1.e.8863"}]}
RESULT: {}
RESULT: {"script":"<script> [8489 bytes]","args":[{"element-6066-11e4-a52e-4f735466cecf":"f.F53CD083946FCE278F3961FDA51ABBA8.d.4BE41A2D22B72E9FF17B5FE6838589F1.e.8863","ELEMENT":"f.F53CD083946FCE278F3961FDA51ABBA8.d.4BE41A2D22B72E9FF17B5FE6838589F1.e.8863"}]}
COMMAND: GET /session/885acd6bfe44f64c6e2485c8ef54779e/screenshot - {}
COMMAND: POST /session/885acd6bfe44f64c6e2485c8ef54779e/execute/sync - {"script":"<script> [8489 bytes]","args":[{"element-6066-11e4-a52e-4f735466cecf":"f.F53CD083946FCE278F3961FDA51ABBA8.d.4BE41A2D22B72E9FF17B5FE6838589F1.e.8863","ELEMENT":"f.F53CD083946FCE278F3961FDA51ABBA8.d.4BE41A2D22B72E9FF17B5FE6838589F1.e.8863"}]}
RESULT: {"script":"<script> [8489 bytes]","args":[{"element-6066-11e4-a52e-4f735466cecf":"f.F53CD083946FCE278F3961FDA51ABBA8.d.4BE41A2D22B72E9FF17B5FE6838589F1.e.8863","ELEMENT":"f.F53CD083946FCE278F3961FDA51ABBA8.d.4BE41A2D22B72E9FF17B5FE6838589F1.e.8863"}]}
COMMAND: GET /session/885acd6bfe44f64c6e2485c8ef54779e/screenshot - {}
RESULT: {}
RESULT: {}
COMMAND: POST /session/885acd6bfe44f64c6e2485c8ef54779e/execute/sync - {"script":"<script> [8489 bytes]","args":[{"element-6066-11e4-a52e-4f735466cecf":"f.F53CD083946FCE278F3961FDA51ABBA8.d.4BE41A2D22B72E9FF17B5FE6838589F1.e.8863","ELEMENT":"f.F53CD083946FCE278F3961FDA51ABBA8.d.4BE41A2D22B72E9FF17B5FE6838589F1.e.8863"}]}
RESULT: {"script":"<script> [8489 bytes]","args":[{"element-6066-11e4-a52e-4f735466cecf":"f.F53CD083946FCE278F3961FDA51ABBA8.d.4BE41A2D22B72E9FF17B5FE6838589F1.e.8863","ELEMENT":"f.F53CD083946FCE278F3961FDA51ABBA8.d.4BE41A2D22B72E9FF17B5FE6838589F1.e.8863"}]}
COMMAND: GET /session/885acd6bfe44f64c6e2485c8ef54779e/screenshot - {}
RESULT: {}
COMMAND: POST /session/885acd6bfe44f64c6e2485c8ef54779e/execute/sync - {"script":"<script> [8489 bytes]","args":[{"element-6066-11e4-a52e-4f735466cecf":"f.F53CD083946FCE278F3961FDA51ABBA8.d.4BE41A2D22B72E9FF17B5FE6838589F1.e.8863","ELEMENT":"f.F53CD083946FCE278F3961FDA51ABBA8.d.4BE41A2D22B72E9FF17B5FE6838589F1.e.8863"}]}
RESULT: {"script":"<script> [8489 bytes]","args":[{"element-6066-11e4-a52e-4f735466cecf":"f.F53CD083946FCE278F3961FDA51ABBA8.d.4BE41A2D22B72E9FF17B5FE6838589F1.e.8863","ELEMENT":"f.F53CD083946FCE278F3961FDA51ABBA8.d.4BE41A2D22B72E9FF17B5FE6838589F1.e.8863"}]}
COMMAND: GET /session/885acd6bfe44f64c6e2485c8ef54779e/screenshot - {}
RESULT: {}
COMMAND: POST /session/885acd6bfe44f64c6e2485c8ef54779e/execute/sync - {"script":"<script> [8489 bytes]","args":[{"element-6066-11e4-a52e-4f735466cecf":"f.F53CD083946FCE278F3961FDA51ABBA8.d.4BE41A2D22B72E9FF17B5FE6838589F1.e.8863","ELEMENT":"f.F53CD083946FCE278F3961FDA51ABBA8.d.4BE41A2D22B72E9FF17B5FE6838589F1.e.8863"}]}
RESULT: {"script":"<script> [8489 bytes]","args":[{"element-6066-11e4-a52e-4f735466cecf":"f.F53CD083946FCE278F3961FDA51ABBA8.d.4BE41A2D22B72E9FF17B5FE6838589F1.e.8863","ELEMENT":"f.F53CD083946FCE278F3961FDA51ABBA8.d.4BE41A2D22B72E9FF17B5FE6838589F1.e.8863"}]}
COMMAND: GET /session/885acd6bfe44f64c6e2485c8ef54779e/screenshot - {}
RESULT: {}
COMMAND: POST /session/885acd6bfe44f64c6e2485c8ef54779e/execute/sync - {"script":"<script> [8489 bytes]","args":[{"element-6066-11e4-a52e-4f735466cecf":"f.F53CD083946FCE278F3961FDA51ABBA8.d.4BE41A2D22B72E9FF17B5FE6838589F1.e.8863","ELEMENT":"f.F53CD083946FCE278F3961FDA51ABBA8.d.4BE41A2D22B72E9FF17B5FE6838589F1.e.8863"}]}
RESULT: {"script":"<script> [8489 bytes]","args":[{"element-6066-11e4-a52e-4f735466cecf":"f.F53CD083946FCE278F3961FDA51ABBA8.d.4BE41A2D22B72E9FF17B5FE6838589F1.e.8863","ELEMENT":"f.F53CD083946FCE278F3961FDA51ABBA8.d.4BE41A2D22B72E9FF17B5FE6838589F1.e.8863"}]}
COMMAND: GET /session/885acd6bfe44f64c6e2485c8ef54779e/screenshot - {}
RESULT: {}
COMMAND: POST /session/885acd6bfe44f64c6e2485c8ef54779e/execute/sync - {"script":"<script> [8489 bytes]","args":[{"element-6066-11e4-a52e-4f735466cecf":"f.F53CD083946FCE278F3961FDA51ABBA8.d.4BE41A2D22B72E9FF17B5FE6838589F1.e.8863","ELEMENT":"f.F53CD083946FCE278F3961FDA51ABBA8.d.4BE41A2D22B72E9FF17B5FE6838589F1.e.8863"}]}
RESULT: {"script":"<script> [8489 bytes]","args":[{"element-6066-11e4-a52e-4f735466cecf":"f.F53CD083946FCE278F3961FDA51ABBA8.d.4BE41A2D22B72E9FF17B5FE6838589F1.e.8863","ELEMENT":"f.F53CD083946FCE278F3961FDA51ABBA8.d.4BE41A2D22B72E9FF17B5FE6838589F1.e.8863"}]}
COMMAND: GET /session/885acd6bfe44f64c6e2485c8ef54779e/screenshot - {}
RESULT: {}
COMMAND: POST /session/885acd6bfe44f64c6e2485c8ef54779e/execute/sync - {"script":"<script> [8489 bytes]","args":[{"element-6066-11e4-a52e-4f735466cecf":"f.F53CD083946FCE278F3961FDA51ABBA8.d.4BE41A2D22B72E9FF17B5FE6838589F1.e.8863","ELEMENT":"f.F53CD083946FCE278F3961FDA51ABBA8.d.4BE41A2D22B72E9FF17B5FE6838589F1.e.8863"}]}
RESULT: {"script":"<script> [8489 bytes]","args":[{"element-6066-11e4-a52e-4f735466cecf":"f.F53CD083946FCE278F3961FDA51ABBA8.d.4BE41A2D22B72E9FF17B5FE6838589F1.e.8863","ELEMENT":"f.F53CD083946FCE278F3961FDA51ABBA8.d.4BE41A2D22B72E9FF17B5FE6838589F1.e.8863"}]}
COMMAND: GET /session/885acd6bfe44f64c6e2485c8ef54779e/screenshot - {}
RESULT: {}
COMMAND: POST /session/885acd6bfe44f64c6e2485c8ef54779e/execute/sync - {"script":"<script> [8489 bytes]","args":[{"element-6066-11e4-a52e-4f735466cecf":"f.F53CD083946FCE278F3961FDA51ABBA8.d.4BE41A2D22B72E9FF17B5FE6838589F1.e.8863","ELEMENT":"f.F53CD083946FCE278F3961FDA51ABBA8.d.4BE41A2D22B72E9FF17B5FE6838589F1.e.8863"}]}
RESULT: {"script":"<script> [8489 bytes]","args":[{"element-6066-11e4-a52e-4f735466cecf":"f.F53CD083946FCE278F3961FDA51ABBA8.d.4BE41A2D22B72E9FF17B5FE6838589F1.e.8863","ELEMENT":"f.F53CD083946FCE278F3961FDA51ABBA8.d.4BE41A2D22B72E9FF17B5FE6838589F1.e.8863"}]}
COMMAND: GET /session/885acd6bfe44f64c6e2485c8ef54779e/screenshot - {}
RESULT: {}
COMMAND: POST /session/885acd6bfe44f64c6e2485c8ef54779e/execute/sync - {"script":"<script> [8489 bytes]","args":[{"element-6066-11e4-a52e-4f735466cecf":"f.F53CD083946FCE278F3961FDA51ABBA8.d.4BE41A2D22B72E9FF17B5FE6838589F1.e.8863","ELEMENT":"f.F53CD083946FCE278F3961FDA51ABBA8.d.4BE41A2D22B72E9FF17B5FE6838589F1.e.8863"}]}
RESULT: {"script":"<script> [8489 bytes]","args":[{"element-6066-11e4-a52e-4f735466cecf":"f.F53CD083946FCE278F3961FDA51ABBA8.d.4BE41A2D22B72E9FF17B5FE6838589F1.e.8863","ELEMENT":"f.F53CD083946FCE278F3961FDA51ABBA8.d.4BE41A2D22B72E9FF17B5FE6838589F1.e.8863"}]}
COMMAND: GET /session/885acd6bfe44f64c6e2485c8ef54779e/screenshot - {}
RESULT: {}
COMMAND: POST /session/885acd6bfe44f64c6e2485c8ef54779e/execute/sync - {"script":"<script> [8489 bytes]","args":[{"element-6066-11e4-a52e-4f735466cecf":"f.F53CD083946FCE278F3961FDA51ABBA8.d.4BE41A2D22B72E9FF17B5FE6838589F1.e.8863","ELEMENT":"f.F53CD083946FCE278F3961FDA51ABBA8.d.4BE41A2D22B72E9FF17B5FE6838589F1.e.8863"}]}
RESULT: {"script":"<script> [8489 bytes]","args":[{"element-6066-11e4-a52e-4f735466cecf":"f.F53CD083946FCE278F3961FDA51ABBA8.d.4BE41A2D22B72E9FF17B5FE6838589F1.e.8863","ELEMENT":"f.F53CD083946FCE278F3961FDA51ABBA8.d.4BE41A2D22B72E9FF17B5FE6838589F1.e.8863"}]}
COMMAND: GET /session/885acd6bfe44f64c6e2485c8ef54779e/screenshot - {}
RESULT: {}
COMMAND: POST /session/885acd6bfe44f64c6e2485c8ef54779e/execute/sync - {"script":"<script> [8489 bytes]","args":[{"element-6066-11e4-a52e-4f735466cecf":"f.F53CD083946FCE278F3961FDA51ABBA8.d.4BE41A2D22B72E9FF17B5FE6838589F1.e.8863","ELEMENT":"f.F53CD083946FCE278F3961FDA51ABBA8.d.4BE41A2D22B72E9FF17B5FE6838589F1.e.8863"}]}
RESULT: {"script":"<script> [8489 bytes]","args":[{"element-6066-11e4-a52e-4f735466cecf":"f.F53CD083946FCE278F3961FDA51ABBA8.d.4BE41A2D22B72E9FF17B5FE6838589F1.e.8863","ELEMENT":"f.F53CD083946FCE278F3961FDA51ABBA8.d.4BE41A2D22B72E9FF17B5FE6838589F1.e.8863"}]}
COMMAND: GET /session/885acd6bfe44f64c6e2485c8ef54779e/screenshot - {}
RESULT: {}
COMMAND: POST /session/885acd6bfe44f64c6e2485c8ef54779e/execute/sync - {"script":"<script> [8489 bytes]","args":[{"element-6066-11e4-a52e-4f735466cecf":"f.F53CD083946FCE278F3961FDA51ABBA8.d.4BE41A2D22B72E9FF17B5FE6838589F1.e.8863","ELEMENT":"f.F53CD083946FCE278F3961FDA51ABBA8.d.4BE41A2D22B72E9FF17B5FE6838589F1.e.8863"}]}
RESULT: {"script":"<script> [8489 bytes]","args":[{"element-6066-11e4-a52e-4f735466cecf":"f.F53CD083946FCE278F3961FDA51ABBA8.d.4BE41A2D22B72E9FF17B5FE6838589F1.e.8863","ELEMENT":"f.F53CD083946FCE278F3961FDA51ABBA8.d.4BE41A2D22B72E9FF17B5FE6838589F1.e.8863"}]}
COMMAND: GET /session/885acd6bfe44f64c6e2485c8ef54779e/screenshot - {}
RESULT: {}
COMMAND: POST /session/885acd6bfe44f64c6e2485c8ef54779e/execute/sync - {"script":"<script> [8489 bytes]","args":[{"element-6066-11e4-a52e-4f735466cecf":"f.F53CD083946FCE278F3961FDA51ABBA8.d.4BE41A2D22B72E9FF17B5FE6838589F1.e.8863","ELEMENT":"f.F53CD083946FCE278F3961FDA51ABBA8.d.4BE41A2D22B72E9FF17B5FE6838589F1.e.8863"}]}
RESULT: {"script":"<script> [8489 bytes]","args":[{"element-6066-11e4-a52e-4f735466cecf":"f.F53CD083946FCE278F3961FDA51ABBA8.d.4BE41A2D22B72E9FF17B5FE6838589F1.e.8863","ELEMENT":"f.F53CD083946FCE278F3961FDA51ABBA8.d.4BE41A2D22B72E9FF17B5FE6838589F1.e.8863"}]}
COMMAND: GET /session/885acd6bfe44f64c6e2485c8ef54779e/screenshot - {}
RESULT: {}
COMMAND: POST /session/885acd6bfe44f64c6e2485c8ef54779e/execute/sync - {"script":"<script> [8489 bytes]","args":[{"element-6066-11e4-a52e-4f735466cecf":"f.F53CD083946FCE278F3961FDA51ABBA8.d.4BE41A2D22B72E9FF17B5FE6838589F1.e.8863","ELEMENT":"f.F53CD083946FCE278F3961FDA51ABBA8.d.4BE41A2D22B72E9FF17B5FE6838589F1.e.8863"}]}
RESULT: {"script":"<script> [8489 bytes]","args":[{"element-6066-11e4-a52e-4f735466cecf":"f.F53CD083946FCE278F3961FDA51ABBA8.d.4BE41A2D22B72E9FF17B5FE6838589F1.e.8863","ELEMENT":"f.F53CD083946FCE278F3961FDA51ABBA8.d.4BE41A2D22B72E9FF17B5FE6838589F1.e.8863"}]}
COMMAND: GET /session/885acd6bfe44f64c6e2485c8ef54779e/screenshot - {}
RESULT: {}
COMMAND: POST /session/885acd6bfe44f64c6e2485c8ef54779e/execute/sync - {"script":"<script> [8489 bytes]","args":[{"element-6066-11e4-a52e-4f735466cecf":"f.F53CD083946FCE278F3961FDA51ABBA8.d.4BE41A2D22B72E9FF17B5FE6838589F1.e.8863","ELEMENT":"f.F53CD083946FCE278F3961FDA51ABBA8.d.4BE41A2D22B72E9FF17B5FE6838589F1.e.8863"}]}
RESULT: {"script":"<script> [8489 bytes]","args":[{"element-6066-11e4-a52e-4f735466cecf":"f.F53CD083946FCE278F3961FDA51ABBA8.d.4BE41A2D22B72E9FF17B5FE6838589F1.e.8863","ELEMENT":"f.F53CD083946FCE278F3961FDA51ABBA8.d.4BE41A2D22B72E9FF17B5FE6838589F1.e.8863"}]}
COMMAND: GET /session/885acd6bfe44f64c6e2485c8ef54779e/screenshot - {}
RESULT: {}
COMMAND: POST /session/885acd6bfe44f64c6e2485c8ef54779e/execute/sync - {"script":"<script> [8489 bytes]","args":[{"element-6066-11e4-a52e-4f735466cecf":"f.F53CD083946FCE278F3961FDA51ABBA8.d.4BE41A2D22B72E9FF17B5FE6838589F1.e.8863","ELEMENT":"f.F53CD083946FCE278F3961FDA51ABBA8.d.4BE41A2D22B72E9FF17B5FE6838589F1.e.8863"}]}
RESULT: {"script":"<script> [8489 bytes]","args":[{"element-6066-11e4-a52e-4f735466cecf":"f.F53CD083946FCE278F3961FDA51ABBA8.d.4BE41A2D22B72E9FF17B5FE6838589F1.e.8863","ELEMENT":"f.F53CD083946FCE278F3961FDA51ABBA8.d.4BE41A2D22B72E9FF17B5FE6838589F1.e.8863"}]}
COMMAND: GET /session/885acd6bfe44f64c6e2485c8ef54779e/screenshot - {}
RESULT: {}
COMMAND: POST /session/885acd6bfe44f64c6e2485c8ef54779e/execute/sync - {"script":"<script> [8489 bytes]","args":[{"element-6066-11e4-a52e-4f735466cecf":"f.F53CD083946FCE278F3961FDA51ABBA8.d.4BE41A2D22B72E9FF17B5FE6838589F1.e.8863","ELEMENT":"f.F53CD083946FCE278F3961FDA51ABBA8.d.4BE41A2D22B72E9FF17B5FE6838589F1.e.8863"}]}
RESULT: {"script":"<script> [8489 bytes]","args":[{"element-6066-11e4-a52e-4f735466cecf":"f.F53CD083946FCE278F3961FDA51ABBA8.d.4BE41A2D22B72E9FF17B5FE6838589F1.e.8863","ELEMENT":"f.F53CD083946FCE278F3961FDA51ABBA8.d.4BE41A2D22B72E9FF17B5FE6838589F1.e.8863"}]}
COMMAND: GET /session/885acd6bfe44f64c6e2485c8ef54779e/screenshot - {}
RESULT: {}
COMMAND: POST /session/885acd6bfe44f64c6e2485c8ef54779e/execute/sync - {"script":"<script> [8489 bytes]","args":[{"element-6066-11e4-a52e-4f735466cecf":"f.F53CD083946FCE278F3961FDA51ABBA8.d.4BE41A2D22B72E9FF17B5FE6838589F1.e.8863","ELEMENT":"f.F53CD083946FCE278F3961FDA51ABBA8.d.4BE41A2D22B72E9FF17B5FE6838589F1.e.8863"}]}
RESULT: {"script":"<script> [8489 bytes]","args":[{"element-6066-11e4-a52e-4f735466cecf":"f.F53CD083946FCE278F3961FDA51ABBA8.d.4BE41A2D22B72E9FF17B5FE6838589F1.e.8863","ELEMENT":"f.F53CD083946FCE278F3961FDA51ABBA8.d.4BE41A2D22B72E9FF17B5FE6838589F1.e.8863"}]}
COMMAND: GET /session/885acd6bfe44f64c6e2485c8ef54779e/screenshot - {}
RESULT: {}
COMMAND: POST /session/885acd6bfe44f64c6e2485c8ef54779e/execute/sync - {"script":"<script> [8489 bytes]","args":[{"element-6066-11e4-a52e-4f735466cecf":"f.F53CD083946FCE278F3961FDA51ABBA8.d.4BE41A2D22B72E9FF17B5FE6838589F1.e.8863","ELEMENT":"f.F53CD083946FCE278F3961FDA51ABBA8.d.4BE41A2D22B72E9FF17B5FE6838589F1.e.8863"}]}
RESULT: {"script":"<script> [8489 bytes]","args":[{"element-6066-11e4-a52e-4f735466cecf":"f.F53CD083946FCE278F3961FDA51ABBA8.d.4BE41A2D22B72E9FF17B5FE6838589F1.e.8863","ELEMENT":"f.F53CD083946FCE278F3961FDA51ABBA8.d.4BE41A2D22B72E9FF17B5FE6838589F1.e.8863"}]}
COMMAND: GET /session/885acd6bfe44f64c6e2485c8ef54779e/screenshot - {}
RESULT: {}
COMMAND: POST /session/885acd6bfe44f64c6e2485c8ef54779e/execute/sync - {"script":"<script> [8489 bytes]","args":[{"element-6066-11e4-a52e-4f735466cecf":"f.F53CD083946FCE278F3961FDA51ABBA8.d.4BE41A2D22B72E9FF17B5FE6838589F1.e.8863","ELEMENT":"f.F53CD083946FCE278F3961FDA51ABBA8.d.4BE41A2D22B72E9FF17B5FE6838589F1.e.8863"}]}
RESULT: {"script":"<script> [8489 bytes]","args":[{"element-6066-11e4-a52e-4f735466cecf":"f.F53CD083946FCE278F3961FDA51ABBA8.d.4BE41A2D22B72E9FF17B5FE6838589F1.e.8863","ELEMENT":"f.F53CD083946FCE278F3961FDA51ABBA8.d.4BE41A2D22B72E9FF17B5FE6838589F1.e.8863"}]}
COMMAND: GET /session/885acd6bfe44f64c6e2485c8ef54779e/screenshot - {}
RESULT: {}
COMMAND: POST /session/885acd6bfe44f64c6e2485c8ef54779e/execute/sync - {"script":"<script> [8489 bytes]","args":[{"element-6066-11e4-a52e-4f735466cecf":"f.F53CD083946FCE278F3961FDA51ABBA8.d.4BE41A2D22B72E9FF17B5FE6838589F1.e.8863","ELEMENT":"f.F53CD083946FCE278F3961FDA51ABBA8.d.4BE41A2D22B72E9FF17B5FE6838589F1.e.8863"}]}
RESULT: {"script":"<script> [8489 bytes]","args":[{"element-6066-11e4-a52e-4f735466cecf":"f.F53CD083946FCE278F3961FDA51ABBA8.d.4BE41A2D22B72E9FF17B5FE6838589F1.e.8863","ELEMENT":"f.F53CD083946FCE278F3961FDA51ABBA8.d.4BE41A2D22B72E9FF17B5FE6838589F1.e.8863"}]}
COMMAND: GET /session/885acd6bfe44f64c6e2485c8ef54779e/screenshot - {}
RESULT: {}
COMMAND: POST /session/885acd6bfe44f64c6e2485c8ef54779e/execute/sync - {"script":"<script> [8489 bytes]","args":[{"element-6066-11e4-a52e-4f735466cecf":"f.F53CD083946FCE278F3961FDA51ABBA8.d.4BE41A2D22B72E9FF17B5FE6838589F1.e.8863","ELEMENT":"f.F53CD083946FCE278F3961FDA51ABBA8.d.4BE41A2D22B72E9FF17B5FE6838589F1.e.8863"}]}
RESULT: {"script":"<script> [8489 bytes]","args":[{"element-6066-11e4-a52e-4f735466cecf":"f.F53CD083946FCE278F3961FDA51ABBA8.d.4BE41A2D22B72E9FF17B5FE6838589F1.e.8863","ELEMENT":"f.F53CD083946FCE278F3961FDA51ABBA8.d.4BE41A2D22B72E9FF17B5FE6838589F1.e.8863"}]}
COMMAND: GET /session/885acd6bfe44f64c6e2485c8ef54779e/screenshot - {}
RESULT: {}
COMMAND: POST /session/885acd6bfe44f64c6e2485c8ef54779e/execute/sync - {"script":"<script> [8489 bytes]","args":[{"element-6066-11e4-a52e-4f735466cecf":"f.F53CD083946FCE278F3961FDA51ABBA8.d.4BE41A2D22B72E9FF17B5FE6838589F1.e.8863","ELEMENT":"f.F53CD083946FCE278F3961FDA51ABBA8.d.4BE41A2D22B72E9FF17B5FE6838589F1.e.8863"}]}
RESULT: {"script":"<script> [8489 bytes]","args":[{"element-6066-11e4-a52e-4f735466cecf":"f.F53CD083946FCE278F3961FDA51ABBA8.d.4BE41A2D22B72E9FF17B5FE6838589F1.e.8863","ELEMENT":"f.F53CD083946FCE278F3961FDA51ABBA8.d.4BE41A2D22B72E9FF17B5FE6838589F1.e.8863"}]}
COMMAND: GET /session/885acd6bfe44f64c6e2485c8ef54779e/screenshot - {}
RESULT: {}
COMMAND: POST /session/885acd6bfe44f64c6e2485c8ef54779e/execute/sync - {"script":"<script> [8489 bytes]","args":[{"element-6066-11e4-a52e-4f735466cecf":"f.F53CD083946FCE278F3961FDA51ABBA8.d.4BE41A2D22B72E9FF17B5FE6838589F1.e.8863","ELEMENT":"f.F53CD083946FCE278F3961FDA51ABBA8.d.4BE41A2D22B72E9FF17B5FE6838589F1.e.8863"}]}
RESULT: {"script":"<script> [8489 bytes]","args":[{"element-6066-11e4-a52e-4f735466cecf":"f.F53CD083946FCE278F3961FDA51ABBA8.d.4BE41A2D22B72E9FF17B5FE6838589F1.e.8863","ELEMENT":"f.F53CD083946FCE278F3961FDA51ABBA8.d.4BE41A2D22B72E9FF17B5FE6838589F1.e.8863"}]}
COMMAND: GET /session/885acd6bfe44f64c6e2485c8ef54779e/screenshot - {}
RESULT: {}
COMMAND: POST /session/885acd6bfe44f64c6e2485c8ef54779e/execute/sync - {"script":"<script> [8489 bytes]","args":[{"element-6066-11e4-a52e-4f735466cecf":"f.F53CD083946FCE278F3961FDA51ABBA8.d.4BE41A2D22B72E9FF17B5FE6838589F1.e.8863","ELEMENT":"f.F53CD083946FCE278F3961FDA51ABBA8.d.4BE41A2D22B72E9FF17B5FE6838589F1.e.8863"}]}
RESULT: {"script":"<script> [8489 bytes]","args":[{"element-6066-11e4-a52e-4f735466cecf":"f.F53CD083946FCE278F3961FDA51ABBA8.d.4BE41A2D22B72E9FF17B5FE6838589F1.e.8863","ELEMENT":"f.F53CD083946FCE278F3961FDA51ABBA8.d.4BE41A2D22B72E9FF17B5FE6838589F1.e.8863"}]}
COMMAND: GET /session/885acd6bfe44f64c6e2485c8ef54779e/screenshot - {}
RESULT: {}
COMMAND: POST /session/885acd6bfe44f64c6e2485c8ef54779e/execute/sync - {"script":"<script> [8489 bytes]","args":[{"element-6066-11e4-a52e-4f735466cecf":"f.F53CD083946FCE278F3961FDA51ABBA8.d.4BE41A2D22B72E9FF17B5FE6838589F1.e.8863","ELEMENT":"f.F53CD083946FCE278F3961FDA51ABBA8.d.4BE41A2D22B72E9FF17B5FE6838589F1.e.8863"}]}
RESULT: {"script":"<script> [8489 bytes]","args":[{"element-6066-11e4-a52e-4f735466cecf":"f.F53CD083946FCE278F3961FDA51ABBA8.d.4BE41A2D22B72E9FF17B5FE6838589F1.e.8863","ELEMENT":"f.F53CD083946FCE278F3961FDA51ABBA8.d.4BE41A2D22B72E9FF17B5FE6838589F1.e.8863"}]}
COMMAND: GET /session/885acd6bfe44f64c6e2485c8ef54779e/screenshot - {}
RESULT: {}
COMMAND: POST /session/885acd6bfe44f64c6e2485c8ef54779e/execute/sync - {"script":"<script> [8489 bytes]","args":[{"element-6066-11e4-a52e-4f735466cecf":"f.F53CD083946FCE278F3961FDA51ABBA8.d.4BE41A2D22B72E9FF17B5FE6838589F1.e.8863","ELEMENT":"f.F53CD083946FCE278F3961FDA51ABBA8.d.4BE41A2D22B72E9FF17B5FE6838589F1.e.8863"}]}
RESULT: {"script":"<script> [8489 bytes]","args":[{"element-6066-11e4-a52e-4f735466cecf":"f.F53CD083946FCE278F3961FDA51ABBA8.d.4BE41A2D22B72E9FF17B5FE6838589F1.e.8863","ELEMENT":"f.F53CD083946FCE278F3961FDA51ABBA8.d.4BE41A2D22B72E9FF17B5FE6838589F1.e.8863"}]}
COMMAND: GET /session/885acd6bfe44f64c6e2485c8ef54779e/screenshot - {}
RESULT: {}
COMMAND: POST /session/885acd6bfe44f64c6e2485c8ef54779e/execute/sync - {"script":"<script> [8489 bytes]","args":[{"element-6066-11e4-a52e-4f735466cecf":"f.F53CD083946FCE278F3961FDA51ABBA8.d.4BE41A2D22B72E9FF17B5FE6838589F1.e.8863","ELEMENT":"f.F53CD083946FCE278F3961FDA51ABBA8.d.4BE41A2D22B72E9FF17B5FE6838589F1.e.8863"}]}
RESULT: {"script":"<script> [8489 bytes]","args":[{"element-6066-11e4-a52e-4f735466cecf":"f.F53CD083946FCE278F3961FDA51ABBA8.d.4BE41A2D22B72E9FF17B5FE6838589F1.e.8863","ELEMENT":"f.F53CD083946FCE278F3961FDA51ABBA8.d.4BE41A2D22B72E9FF17B5FE6838589F1.e.8863"}]}
COMMAND: GET /session/885acd6bfe44f64c6e2485c8ef54779e/screenshot - {}
RESULT: {}
COMMAND: POST /session/885acd6bfe44f64c6e2485c8ef54779e/execute/sync - {"script":"<script> [8489 bytes]","args":[{"element-6066-11e4-a52e-4f735466cecf":"f.F53CD083946FCE278F3961FDA51ABBA8.d.4BE41A2D22B72E9FF17B5FE6838589F1.e.8863","ELEMENT":"f.F53CD083946FCE278F3961FDA51ABBA8.d.4BE41A2D22B72E9FF17B5FE6838589F1.e.8863"}]}
RESULT: {"script":"<script> [8489 bytes]","args":[{"element-6066-11e4-a52e-4f735466cecf":"f.F53CD083946FCE278F3961FDA51ABBA8.d.4BE41A2D22B72E9FF17B5FE6838589F1.e.8863","ELEMENT":"f.F53CD083946FCE278F3961FDA51ABBA8.d.4BE41A2D22B72E9FF17B5FE6838589F1.e.8863"}]}
COMMAND: GET /session/885acd6bfe44f64c6e2485c8ef54779e/screenshot - {}
RESULT: {}
COMMAND: POST /session/885acd6bfe44f64c6e2485c8ef54779e/execute/sync - {"script":"<script> [8489 bytes]","args":[{"element-6066-11e4-a52e-4f735466cecf":"f.F53CD083946FCE278F3961FDA51ABBA8.d.4BE41A2D22B72E9FF17B5FE6838589F1.e.8863","ELEMENT":"f.F53CD083946FCE278F3961FDA51ABBA8.d.4BE41A2D22B72E9FF17B5FE6838589F1.e.8863"}]}
RESULT: {"script":"<script> [8489 bytes]","args":[{"element-6066-11e4-a52e-4f735466cecf":"f.F53CD083946FCE278F3961FDA51ABBA8.d.4BE41A2D22B72E9FF17B5FE6838589F1.e.8863","ELEMENT":"f.F53CD083946FCE278F3961FDA51ABBA8.d.4BE41A2D22B72E9FF17B5FE6838589F1.e.8863"}]}
COMMAND: GET /session/885acd6bfe44f64c6e2485c8ef54779e/screenshot - {}
RESULT: {}
COMMAND: POST /session/885acd6bfe44f64c6e2485c8ef54779e/execute/sync - {"script":"<script> [8489 bytes]","args":[{"element-6066-11e4-a52e-4f735466cecf":"f.F53CD083946FCE278F3961FDA51ABBA8.d.4BE41A2D22B72E9FF17B5FE6838589F1.e.8863","ELEMENT":"f.F53CD083946FCE278F3961FDA51ABBA8.d.4BE41A2D22B72E9FF17B5FE6838589F1.e.8863"}]}
RESULT: {"script":"<script> [8489 bytes]","args":[{"element-6066-11e4-a52e-4f735466cecf":"f.F53CD083946FCE278F3961FDA51ABBA8.d.4BE41A2D22B72E9FF17B5FE6838589F1.e.8863","ELEMENT":"f.F53CD083946FCE278F3961FDA51ABBA8.d.4BE41A2D22B72E9FF17B5FE6838589F1.e.8863"}]}
COMMAND: GET /session/885acd6bfe44f64c6e2485c8ef54779e/screenshot - {}
RESULT: {}
COMMAND: POST /session/885acd6bfe44f64c6e2485c8ef54779e/execute/sync - {"script":"<script> [8489 bytes]","args":[{"element-6066-11e4-a52e-4f735466cecf":"f.F53CD083946FCE278F3961FDA51ABBA8.d.4BE41A2D22B72E9FF17B5FE6838589F1.e.8863","ELEMENT":"f.F53CD083946FCE278F3961FDA51ABBA8.d.4BE41A2D22B72E9FF17B5FE6838589F1.e.8863"}]}
RESULT: {"script":"<script> [8489 bytes]","args":[{"element-6066-11e4-a52e-4f735466cecf":"f.F53CD083946FCE278F3961FDA51ABBA8.d.4BE41A2D22B72E9FF17B5FE6838589F1.e.8863","ELEMENT":"f.F53CD083946FCE278F3961FDA51ABBA8.d.4BE41A2D22B72E9FF17B5FE6838589F1.e.8863"}]}
COMMAND: GET /session/885acd6bfe44f64c6e2485c8ef54779e/screenshot - {}
RESULT: {}
COMMAND: POST /session/885acd6bfe44f64c6e2485c8ef54779e/execute/sync - {"script":"<script> [8489 bytes]","args":[{"element-6066-11e4-a52e-4f735466cecf":"f.F53CD083946FCE278F3961FDA51ABBA8.d.4BE41A2D22B72E9FF17B5FE6838589F1.e.8863","ELEMENT":"f.F53CD083946FCE278F3961FDA51ABBA8.d.4BE41A2D22B72E9FF17B5FE6838589F1.e.8863"}]}
RESULT: {"script":"<script> [8489 bytes]","args":[{"element-6066-11e4-a52e-4f735466cecf":"f.F53CD083946FCE278F3961FDA51ABBA8.d.4BE41A2D22B72E9FF17B5FE6838589F1.e.8863","ELEMENT":"f.F53CD083946FCE278F3961FDA51ABBA8.d.4BE41A2D22B72E9FF17B5FE6838589F1.e.8863"}]}
COMMAND: GET /session/885acd6bfe44f64c6e2485c8ef54779e/screenshot - {}
RESULT: {}
COMMAND: POST /session/885acd6bfe44f64c6e2485c8ef54779e/execute/sync - {"script":"<script> [8489 bytes]","args":[{"element-6066-11e4-a52e-4f735466cecf":"f.F53CD083946FCE278F3961FDA51ABBA8.d.4BE41A2D22B72E9FF17B5FE6838589F1.e.8863","ELEMENT":"f.F53CD083946FCE278F3961FDA51ABBA8.d.4BE41A2D22B72E9FF17B5FE6838589F1.e.8863"}]}
RESULT: {"script":"<script> [8489 bytes]","args":[{"element-6066-11e4-a52e-4f735466cecf":"f.F53CD083946FCE278F3961FDA51ABBA8.d.4BE41A2D22B72E9FF17B5FE6838589F1.e.8863","ELEMENT":"f.F53CD083946FCE278F3961FDA51ABBA8.d.4BE41A2D22B72E9FF17B5FE6838589F1.e.8863"}]}
COMMAND: GET /session/885acd6bfe44f64c6e2485c8ef54779e/screenshot - {}
RESULT: {}
COMMAND: POST /session/885acd6bfe44f64c6e2485c8ef54779e/execute/sync - {"script":"<script> [8489 bytes]","args":[{"element-6066-11e4-a52e-4f735466cecf":"f.F53CD083946FCE278F3961FDA51ABBA8.d.4BE41A2D22B72E9FF17B5FE6838589F1.e.8863","ELEMENT":"f.F53CD083946FCE278F3961FDA51ABBA8.d.4BE41A2D22B72E9FF17B5FE6838589F1.e.8863"}]}
RESULT: {"script":"<script> [8489 bytes]","args":[{"element-6066-11e4-a52e-4f735466cecf":"f.F53CD083946FCE278F3961FDA51ABBA8.d.4BE41A2D22B72E9FF17B5FE6838589F1.e.8863","ELEMENT":"f.F53CD083946FCE278F3961FDA51ABBA8.d.4BE41A2D22B72E9FF17B5FE6838589F1.e.8863"}]}
COMMAND: GET /session/885acd6bfe44f64c6e2485c8ef54779e/screenshot - {}
RESULT: {}
COMMAND: POST /session/885acd6bfe44f64c6e2485c8ef54779e/execute/sync - {"script":"<script> [8489 bytes]","args":[{"element-6066-11e4-a52e-4f735466cecf":"f.F53CD083946FCE278F3961FDA51ABBA8.d.4BE41A2D22B72E9FF17B5FE6838589F1.e.8863","ELEMENT":"f.F53CD083946FCE278F3961FDA51ABBA8.d.4BE41A2D22B72E9FF17B5FE6838589F1.e.8863"}]}
RESULT: {"script":"<script> [8489 bytes]","args":[{"element-6066-11e4-a52e-4f735466cecf":"f.F53CD083946FCE278F3961FDA51ABBA8.d.4BE41A2D22B72E9FF17B5FE6838589F1.e.8863","ELEMENT":"f.F53CD083946FCE278F3961FDA51ABBA8.d.4BE41A2D22B72E9FF17B5FE6838589F1.e.8863"}]}
COMMAND: GET /session/885acd6bfe44f64c6e2485c8ef54779e/screenshot - {}
RESULT: {}
COMMAND: POST /session/885acd6bfe44f64c6e2485c8ef54779e/execute/sync - {"script":"<script> [8489 bytes]","args":[{"element-6066-11e4-a52e-4f735466cecf":"f.F53CD083946FCE278F3961FDA51ABBA8.d.4BE41A2D22B72E9FF17B5FE6838589F1.e.8863","ELEMENT":"f.F53CD083946FCE278F3961FDA51ABBA8.d.4BE41A2D22B72E9FF17B5FE6838589F1.e.8863"}]}
RESULT: {"script":"<script> [8489 bytes]","args":[{"element-6066-11e4-a52e-4f735466cecf":"f.F53CD083946FCE278F3961FDA51ABBA8.d.4BE41A2D22B72E9FF17B5FE6838589F1.e.8863","ELEMENT":"f.F53CD083946FCE278F3961FDA51ABBA8.d.4BE41A2D22B72E9FF17B5FE6838589F1.e.8863"}]}
COMMAND: GET /session/885acd6bfe44f64c6e2485c8ef54779e/screenshot - {}
RESULT: {}
COMMAND: POST /session/885acd6bfe44f64c6e2485c8ef54779e/execute/sync - {"script":"<script> [8489 bytes]","args":[{"element-6066-11e4-a52e-4f735466cecf":"f.F53CD083946FCE278F3961FDA51ABBA8.d.4BE41A2D22B72E9FF17B5FE6838589F1.e.8863","ELEMENT":"f.F53CD083946FCE278F3961FDA51ABBA8.d.4BE41A2D22B72E9FF17B5FE6838589F1.e.8863"}]}
RESULT: {"script":"<script> [8489 bytes]","args":[{"element-6066-11e4-a52e-4f735466cecf":"f.F53CD083946FCE278F3961FDA51ABBA8.d.4BE41A2D22B72E9FF17B5FE6838589F1.e.8863","ELEMENT":"f.F53CD083946FCE278F3961FDA51ABBA8.d.4BE41A2D22B72E9FF17B5FE6838589F1.e.8863"}]}
COMMAND: GET /session/885acd6bfe44f64c6e2485c8ef54779e/screenshot - {}
RESULT: {}
COMMAND: POST /session/885acd6bfe44f64c6e2485c8ef54779e/execute/sync - {"script":"<script> [8489 bytes]","args":[{"element-6066-11e4-a52e-4f735466cecf":"f.F53CD083946FCE278F3961FDA51ABBA8.d.4BE41A2D22B72E9FF17B5FE6838589F1.e.8863","ELEMENT":"f.F53CD083946FCE278F3961FDA51ABBA8.d.4BE41A2D22B72E9FF17B5FE6838589F1.e.8863"}]}
RESULT: {"script":"<script> [8489 bytes]","args":[{"element-6066-11e4-a52e-4f735466cecf":"f.F53CD083946FCE278F3961FDA51ABBA8.d.4BE41A2D22B72E9FF17B5FE6838589F1.e.8863","ELEMENT":"f.F53CD083946FCE278F3961FDA51ABBA8.d.4BE41A2D22B72E9FF17B5FE6838589F1.e.8863"}]}
COMMAND: GET /session/885acd6bfe44f64c6e2485c8ef54779e/screenshot - {}
RESULT: {}
COMMAND: POST /session/885acd6bfe44f64c6e2485c8ef54779e/execute/sync - {"script":"<script> [8489 bytes]","args":[{"element-6066-11e4-a52e-4f735466cecf":"f.F53CD083946FCE278F3961FDA51ABBA8.d.4BE41A2D22B72E9FF17B5FE6838589F1.e.8863","ELEMENT":"f.F53CD083946FCE278F3961FDA51ABBA8.d.4BE41A2D22B72E9FF17B5FE6838589F1.e.8863"}]}
RESULT: {"script":"<script> [8489 bytes]","args":[{"element-6066-11e4-a52e-4f735466cecf":"f.F53CD083946FCE278F3961FDA51ABBA8.d.4BE41A2D22B72E9FF17B5FE6838589F1.e.8863","ELEMENT":"f.F53CD083946FCE278F3961FDA51ABBA8.d.4BE41A2D22B72E9FF17B5FE6838589F1.e.8863"}]}
COMMAND: GET /session/885acd6bfe44f64c6e2485c8ef54779e/screenshot - {}
RESULT: {}
COMMAND: POST /session/885acd6bfe44f64c6e2485c8ef54779e/execute/sync - {"script":"<script> [8489 bytes]","args":[{"element-6066-11e4-a52e-4f735466cecf":"f.F53CD083946FCE278F3961FDA51ABBA8.d.4BE41A2D22B72E9FF17B5FE6838589F1.e.8863","ELEMENT":"f.F53CD083946FCE278F3961FDA51ABBA8.d.4BE41A2D22B72E9FF17B5FE6838589F1.e.8863"}]}
RESULT: {"script":"<script> [8489 bytes]","args":[{"element-6066-11e4-a52e-4f735466cecf":"f.F53CD083946FCE278F3961FDA51ABBA8.d.4BE41A2D22B72E9FF17B5FE6838589F1.e.8863","ELEMENT":"f.F53CD083946FCE278F3961FDA51ABBA8.d.4BE41A2D22B72E9FF17B5FE6838589F1.e.8863"}]}
COMMAND: GET /session/885acd6bfe44f64c6e2485c8ef54779e/screenshot - {}
RESULT: {}
COMMAND: POST /session/885acd6bfe44f64c6e2485c8ef54779e/execute/sync - {"script":"<script> [8489 bytes]","args":[{"element-6066-11e4-a52e-4f735466cecf":"f.F53CD083946FCE278F3961FDA51ABBA8.d.4BE41A2D22B72E9FF17B5FE6838589F1.e.8863","ELEMENT":"f.F53CD083946FCE278F3961FDA51ABBA8.d.4BE41A2D22B72E9FF17B5FE6838589F1.e.8863"}]}
RESULT: {"script":"<script> [8489 bytes]","args":[{"element-6066-11e4-a52e-4f735466cecf":"f.F53CD083946FCE278F3961FDA51ABBA8.d.4BE41A2D22B72E9FF17B5FE6838589F1.e.8863","ELEMENT":"f.F53CD083946FCE278F3961FDA51ABBA8.d.4BE41A2D22B72E9FF17B5FE6838589F1.e.8863"}]}
COMMAND: GET /session/885acd6bfe44f64c6e2485c8ef54779e/screenshot - {}
RESULT: {}
COMMAND: POST /session/885acd6bfe44f64c6e2485c8ef54779e/execute/sync - {"script":"<script> [8489 bytes]","args":[{"element-6066-11e4-a52e-4f735466cecf":"f.F53CD083946FCE278F3961FDA51ABBA8.d.4BE41A2D22B72E9FF17B5FE6838589F1.e.8863","ELEMENT":"f.F53CD083946FCE278F3961FDA51ABBA8.d.4BE41A2D22B72E9FF17B5FE6838589F1.e.8863"}]}
RESULT: {"script":"<script> [8489 bytes]","args":[{"element-6066-11e4-a52e-4f735466cecf":"f.F53CD083946FCE278F3961FDA51ABBA8.d.4BE41A2D22B72E9FF17B5FE6838589F1.e.8863","ELEMENT":"f.F53CD083946FCE278F3961FDA51ABBA8.d.4BE41A2D22B72E9FF17B5FE6838589F1.e.8863"}]}
COMMAND: GET /session/885acd6bfe44f64c6e2485c8ef54779e/screenshot - {}
RESULT: {}
COMMAND: POST /session/885acd6bfe44f64c6e2485c8ef54779e/execute/sync - {"script":"<script> [8489 bytes]","args":[{"element-6066-11e4-a52e-4f735466cecf":"f.F53CD083946FCE278F3961FDA51ABBA8.d.4BE41A2D22B72E9FF17B5FE6838589F1.e.8863","ELEMENT":"f.F53CD083946FCE278F3961FDA51ABBA8.d.4BE41A2D22B72E9FF17B5FE6838589F1.e.8863"}]}
RESULT: {"script":"<script> [8489 bytes]","args":[{"element-6066-11e4-a52e-4f735466cecf":"f.F53CD083946FCE278F3961FDA51ABBA8.d.4BE41A2D22B72E9FF17B5FE6838589F1.e.8863","ELEMENT":"f.F53CD083946FCE278F3961FDA51ABBA8.d.4BE41A2D22B72E9FF17B5FE6838589F1.e.8863"}]}
COMMAND: GET /session/885acd6bfe44f64c6e2485c8ef54779e/screenshot - {}
RESULT: {}
COMMAND: POST /session/885acd6bfe44f64c6e2485c8ef54779e/execute/sync - {"script":"<script> [8489 bytes]","args":[{"element-6066-11e4-a52e-4f735466cecf":"f.F53CD083946FCE278F3961FDA51ABBA8.d.4BE41A2D22B72E9FF17B5FE6838589F1.e.8863","ELEMENT":"f.F53CD083946FCE278F3961FDA51ABBA8.d.4BE41A2D22B72E9FF17B5FE6838589F1.e.8863"}]}
RESULT: {"script":"<script> [8489 bytes]","args":[{"element-6066-11e4-a52e-4f735466cecf":"f.F53CD083946FCE278F3961FDA51ABBA8.d.4BE41A2D22B72E9FF17B5FE6838589F1.e.8863","ELEMENT":"f.F53CD083946FCE278F3961FDA51ABBA8.d.4BE41A2D22B72E9FF17B5FE6838589F1.e.8863"}]}
COMMAND: GET /session/885acd6bfe44f64c6e2485c8ef54779e/screenshot - {}
RESULT: {}
COMMAND: POST /session/885acd6bfe44f64c6e2485c8ef54779e/execute/sync - {"script":"<script> [8489 bytes]","args":[{"element-6066-11e4-a52e-4f735466cecf":"f.F53CD083946FCE278F3961FDA51ABBA8.d.4BE41A2D22B72E9FF17B5FE6838589F1.e.8863","ELEMENT":"f.F53CD083946FCE278F3961FDA51ABBA8.d.4BE41A2D22B72E9FF17B5FE6838589F1.e.8863"}]}
RESULT: {"script":"<script> [8489 bytes]","args":[{"element-6066-11e4-a52e-4f735466cecf":"f.F53CD083946FCE278F3961FDA51ABBA8.d.4BE41A2D22B72E9FF17B5FE6838589F1.e.8863","ELEMENT":"f.F53CD083946FCE278F3961FDA51ABBA8.d.4BE41A2D22B72E9FF17B5FE6838589F1.e.8863"}]}
COMMAND: GET /session/885acd6bfe44f64c6e2485c8ef54779e/screenshot - {}
RESULT: {}
COMMAND: POST /session/885acd6bfe44f64c6e2485c8ef54779e/execute/sync - {"script":"<script> [8489 bytes]","args":[{"element-6066-11e4-a52e-4f735466cecf":"f.F53CD083946FCE278F3961FDA51ABBA8.d.4BE41A2D22B72E9FF17B5FE6838589F1.e.8863","ELEMENT":"f.F53CD083946FCE278F3961FDA51ABBA8.d.4BE41A2D22B72E9FF17B5FE6838589F1.e.8863"}]}
RESULT: {"script":"<script> [8489 bytes]","args":[{"element-6066-11e4-a52e-4f735466cecf":"f.F53CD083946FCE278F3961FDA51ABBA8.d.4BE41A2D22B72E9FF17B5FE6838589F1.e.8863","ELEMENT":"f.F53CD083946FCE278F3961FDA51ABBA8.d.4BE41A2D22B72E9FF17B5FE6838589F1.e.8863"}]}
COMMAND: GET /session/885acd6bfe44f64c6e2485c8ef54779e/screenshot - {}
RESULT: {}
COMMAND: POST /session/885acd6bfe44f64c6e2485c8ef54779e/execute/sync - {"script":"<script> [8489 bytes]","args":[{"element-6066-11e4-a52e-4f735466cecf":"f.F53CD083946FCE278F3961FDA51ABBA8.d.4BE41A2D22B72E9FF17B5FE6838589F1.e.8863","ELEMENT":"f.F53CD083946FCE278F3961FDA51ABBA8.d.4BE41A2D22B72E9FF17B5FE6838589F1.e.8863"}]}
RESULT: {"script":"<script> [8489 bytes]","args":[{"element-6066-11e4-a52e-4f735466cecf":"f.F53CD083946FCE278F3961FDA51ABBA8.d.4BE41A2D22B72E9FF17B5FE6838589F1.e.8863","ELEMENT":"f.F53CD083946FCE278F3961FDA51ABBA8.d.4BE41A2D22B72E9FF17B5FE6838589F1.e.8863"}]}
COMMAND: GET /session/885acd6bfe44f64c6e2485c8ef54779e/screenshot - {}
RESULT: {}
COMMAND: POST /session/885acd6bfe44f64c6e2485c8ef54779e/execute/sync - {"script":"<script> [8489 bytes]","args":[{"element-6066-11e4-a52e-4f735466cecf":"f.F53CD083946FCE278F3961FDA51ABBA8.d.4BE41A2D22B72E9FF17B5FE6838589F1.e.8863","ELEMENT":"f.F53CD083946FCE278F3961FDA51ABBA8.d.4BE41A2D22B72E9FF17B5FE6838589F1.e.8863"}]}
RESULT: {"script":"<script> [8489 bytes]","args":[{"element-6066-11e4-a52e-4f735466cecf":"f.F53CD083946FCE278F3961FDA51ABBA8.d.4BE41A2D22B72E9FF17B5FE6838589F1.e.8863","ELEMENT":"f.F53CD083946FCE278F3961FDA51ABBA8.d.4BE41A2D22B72E9FF17B5FE6838589F1.e.8863"}]}
COMMAND: GET /session/885acd6bfe44f64c6e2485c8ef54779e/screenshot - {}
RESULT: {}
COMMAND: POST /session/885acd6bfe44f64c6e2485c8ef54779e/execute/sync - {"script":"<script> [8489 bytes]","args":[{"element-6066-11e4-a52e-4f735466cecf":"f.F53CD083946FCE278F3961FDA51ABBA8.d.4BE41A2D22B72E9FF17B5FE6838589F1.e.8863","ELEMENT":"f.F53CD083946FCE278F3961FDA51ABBA8.d.4BE41A2D22B72E9FF17B5FE6838589F1.e.8863"}]}
RESULT: {"script":"<script> [8489 bytes]","args":[{"element-6066-11e4-a52e-4f735466cecf":"f.F53CD083946FCE278F3961FDA51ABBA8.d.4BE41A2D22B72E9FF17B5FE6838589F1.e.8863","ELEMENT":"f.F53CD083946FCE278F3961FDA51ABBA8.d.4BE41A2D22B72E9FF17B5FE6838589F1.e.8863"}]}
COMMAND: GET /session/885acd6bfe44f64c6e2485c8ef54779e/screenshot - {}
RESULT: {}
COMMAND: POST /session/885acd6bfe44f64c6e2485c8ef54779e/execute/sync - {"script":"<script> [8489 bytes]","args":[{"element-6066-11e4-a52e-4f735466cecf":"f.F53CD083946FCE278F3961FDA51ABBA8.d.4BE41A2D22B72E9FF17B5FE6838589F1.e.8863","ELEMENT":"f.F53CD083946FCE278F3961FDA51ABBA8.d.4BE41A2D22B72E9FF17B5FE6838589F1.e.8863"}]}
RESULT: {"script":"<script> [8489 bytes]","args":[{"element-6066-11e4-a52e-4f735466cecf":"f.F53CD083946FCE278F3961FDA51ABBA8.d.4BE41A2D22B72E9FF17B5FE6838589F1.e.8863","ELEMENT":"f.F53CD083946FCE278F3961FDA51ABBA8.d.4BE41A2D22B72E9FF17B5FE6838589F1.e.8863"}]}
COMMAND: GET /session/885acd6bfe44f64c6e2485c8ef54779e/screenshot - {}
RESULT: {}
COMMAND: POST /session/885acd6bfe44f64c6e2485c8ef54779e/execute/sync - {"script":"<script> [8489 bytes]","args":[{"element-6066-11e4-a52e-4f735466cecf":"f.F53CD083946FCE278F3961FDA51ABBA8.d.4BE41A2D22B72E9FF17B5FE6838589F1.e.8863","ELEMENT":"f.F53CD083946FCE278F3961FDA51ABBA8.d.4BE41A2D22B72E9FF17B5FE6838589F1.e.8863"}]}
RESULT: {"script":"<script> [8489 bytes]","args":[{"element-6066-11e4-a52e-4f735466cecf":"f.F53CD083946FCE278F3961FDA51ABBA8.d.4BE41A2D22B72E9FF17B5FE6838589F1.e.8863","ELEMENT":"f.F53CD083946FCE278F3961FDA51ABBA8.d.4BE41A2D22B72E9FF17B5FE6838589F1.e.8863"}]}
COMMAND: GET /session/885acd6bfe44f64c6e2485c8ef54779e/screenshot - {}
RESULT: {}
COMMAND: POST /session/885acd6bfe44f64c6e2485c8ef54779e/execute/sync - {"script":"<script> [8489 bytes]","args":[{"element-6066-11e4-a52e-4f735466cecf":"f.F53CD083946FCE278F3961FDA51ABBA8.d.4BE41A2D22B72E9FF17B5FE6838589F1.e.8863","ELEMENT":"f.F53CD083946FCE278F3961FDA51ABBA8.d.4BE41A2D22B72E9FF17B5FE6838589F1.e.8863"}]}
RESULT: {"script":"<script> [8489 bytes]","args":[{"element-6066-11e4-a52e-4f735466cecf":"f.F53CD083946FCE278F3961FDA51ABBA8.d.4BE41A2D22B72E9FF17B5FE6838589F1.e.8863","ELEMENT":"f.F53CD083946FCE278F3961FDA51ABBA8.d.4BE41A2D22B72E9FF17B5FE6838589F1.e.8863"}]}
COMMAND: GET /session/885acd6bfe44f64c6e2485c8ef54779e/screenshot - {}
RESULT: {}
COMMAND: POST /session/885acd6bfe44f64c6e2485c8ef54779e/execute/sync - {"script":"<script> [8489 bytes]","args":[{"element-6066-11e4-a52e-4f735466cecf":"f.F53CD083946FCE278F3961FDA51ABBA8.d.4BE41A2D22B72E9FF17B5FE6838589F1.e.8863","ELEMENT":"f.F53CD083946FCE278F3961FDA51ABBA8.d.4BE41A2D22B72E9FF17B5FE6838589F1.e.8863"}]}
RESULT: {"script":"<script> [8489 bytes]","args":[{"element-6066-11e4-a52e-4f735466cecf":"f.F53CD083946FCE278F3961FDA51ABBA8.d.4BE41A2D22B72E9FF17B5FE6838589F1.e.8863","ELEMENT":"f.F53CD083946FCE278F3961FDA51ABBA8.d.4BE41A2D22B72E9FF17B5FE6838589F1.e.8863"}]}
COMMAND: GET /session/885acd6bfe44f64c6e2485c8ef54779e/screenshot - {}
RESULT: {}
COMMAND: POST /session/885acd6bfe44f64c6e2485c8ef54779e/execute/sync - {"script":"<script> [8489 bytes]","args":[{"element-6066-11e4-a52e-4f735466cecf":"f.F53CD083946FCE278F3961FDA51ABBA8.d.4BE41A2D22B72E9FF17B5FE6838589F1.e.8863","ELEMENT":"f.F53CD083946FCE278F3961FDA51ABBA8.d.4BE41A2D22B72E9FF17B5FE6838589F1.e.8863"}]}
RESULT: {"script":"<script> [8489 bytes]","args":[{"element-6066-11e4-a52e-4f735466cecf":"f.F53CD083946FCE278F3961FDA51ABBA8.d.4BE41A2D22B72E9FF17B5FE6838589F1.e.8863","ELEMENT":"f.F53CD083946FCE278F3961FDA51ABBA8.d.4BE41A2D22B72E9FF17B5FE6838589F1.e.8863"}]}
COMMAND: GET /session/885acd6bfe44f64c6e2485c8ef54779e/screenshot - {}
RESULT: {}
COMMAND: POST /session/885acd6bfe44f64c6e2485c8ef54779e/execute/sync - {"script":"<script> [8489 bytes]","args":[{"element-6066-11e4-a52e-4f735466cecf":"f.F53CD083946FCE278F3961FDA51ABBA8.d.4BE41A2D22B72E9FF17B5FE6838589F1.e.8863","ELEMENT":"f.F53CD083946FCE278F3961FDA51ABBA8.d.4BE41A2D22B72E9FF17B5FE6838589F1.e.8863"}]}
RESULT: {"script":"<script> [8489 bytes]","args":[{"element-6066-11e4-a52e-4f735466cecf":"f.F53CD083946FCE278F3961FDA51ABBA8.d.4BE41A2D22B72E9FF17B5FE6838589F1.e.8863","ELEMENT":"f.F53CD083946FCE278F3961FDA51ABBA8.d.4BE41A2D22B72E9FF17B5FE6838589F1.e.8863"}]}
COMMAND: GET /session/885acd6bfe44f64c6e2485c8ef54779e/screenshot - {}
RESULT: {}
COMMAND: POST /session/885acd6bfe44f64c6e2485c8ef54779e/execute/sync - {"script":"<script> [8489 bytes]","args":[{"element-6066-11e4-a52e-4f735466cecf":"f.F53CD083946FCE278F3961FDA51ABBA8.d.4BE41A2D22B72E9FF17B5FE6838589F1.e.8863","ELEMENT":"f.F53CD083946FCE278F3961FDA51ABBA8.d.4BE41A2D22B72E9FF17B5FE6838589F1.e.8863"}]}
RESULT: {"script":"<script> [8489 bytes]","args":[{"element-6066-11e4-a52e-4f735466cecf":"f.F53CD083946FCE278F3961FDA51ABBA8.d.4BE41A2D22B72E9FF17B5FE6838589F1.e.8863","ELEMENT":"f.F53CD083946FCE278F3961FDA51ABBA8.d.4BE41A2D22B72E9FF17B5FE6838589F1.e.8863"}]}
COMMAND: GET /session/885acd6bfe44f64c6e2485c8ef54779e/screenshot - {}
RESULT: {}
COMMAND: POST /session/885acd6bfe44f64c6e2485c8ef54779e/execute/sync - {"script":"<script> [8489 bytes]","args":[{"element-6066-11e4-a52e-4f735466cecf":"f.F53CD083946FCE278F3961FDA51ABBA8.d.4BE41A2D22B72E9FF17B5FE6838589F1.e.8863","ELEMENT":"f.F53CD083946FCE278F3961FDA51ABBA8.d.4BE41A2D22B72E9FF17B5FE6838589F1.e.8863"}]}
RESULT: {"script":"<script> [8489 bytes]","args":[{"element-6066-11e4-a52e-4f735466cecf":"f.F53CD083946FCE278F3961FDA51ABBA8.d.4BE41A2D22B72E9FF17B5FE6838589F1.e.8863","ELEMENT":"f.F53CD083946FCE278F3961FDA51ABBA8.d.4BE41A2D22B72E9FF17B5FE6838589F1.e.8863"}]}
COMMAND: GET /session/885acd6bfe44f64c6e2485c8ef54779e/screenshot - {}
RESULT: {}
COMMAND: POST /session/885acd6bfe44f64c6e2485c8ef54779e/execute/sync - {"script":"<script> [8489 bytes]","args":[{"element-6066-11e4-a52e-4f735466cecf":"f.F53CD083946FCE278F3961FDA51ABBA8.d.4BE41A2D22B72E9FF17B5FE6838589F1.e.8863","ELEMENT":"f.F53CD083946FCE278F3961FDA51ABBA8.d.4BE41A2D22B72E9FF17B5FE6838589F1.e.8863"}]}
RESULT: {"script":"<script> [8489 bytes]","args":[{"element-6066-11e4-a52e-4f735466cecf":"f.F53CD083946FCE278F3961FDA51ABBA8.d.4BE41A2D22B72E9FF17B5FE6838589F1.e.8863","ELEMENT":"f.F53CD083946FCE278F3961FDA51ABBA8.d.4BE41A2D22B72E9FF17B5FE6838589F1.e.8863"}]}
COMMAND: GET /session/885acd6bfe44f64c6e2485c8ef54779e/screenshot - {}
RESULT: {}
COMMAND: POST /session/885acd6bfe44f64c6e2485c8ef54779e/execute/sync - {"script":"<script> [8489 bytes]","args":[{"element-6066-11e4-a52e-4f735466cecf":"f.F53CD083946FCE278F3961FDA51ABBA8.d.4BE41A2D22B72E9FF17B5FE6838589F1.e.8863","ELEMENT":"f.F53CD083946FCE278F3961FDA51ABBA8.d.4BE41A2D22B72E9FF17B5FE6838589F1.e.8863"}]}
RESULT: {"script":"<script> [8489 bytes]","args":[{"element-6066-11e4-a52e-4f735466cecf":"f.F53CD083946FCE278F3961FDA51ABBA8.d.4BE41A2D22B72E9FF17B5FE6838589F1.e.8863","ELEMENT":"f.F53CD083946FCE278F3961FDA51ABBA8.d.4BE41A2D22B72E9FF17B5FE6838589F1.e.8863"}]}
COMMAND: GET /session/885acd6bfe44f64c6e2485c8ef54779e/screenshot - {}
RESULT: {}
COMMAND: POST /session/885acd6bfe44f64c6e2485c8ef54779e/execute/sync - {"script":"<script> [8489 bytes]","args":[{"element-6066-11e4-a52e-4f735466cecf":"f.F53CD083946FCE278F3961FDA51ABBA8.d.4BE41A2D22B72E9FF17B5FE6838589F1.e.8863","ELEMENT":"f.F53CD083946FCE278F3961FDA51ABBA8.d.4BE41A2D22B72E9FF17B5FE6838589F1.e.8863"}]}
RESULT: {"script":"<script> [8489 bytes]","args":[{"element-6066-11e4-a52e-4f735466cecf":"f.F53CD083946FCE278F3961FDA51ABBA8.d.4BE41A2D22B72E9FF17B5FE6838589F1.e.8863","ELEMENT":"f.F53CD083946FCE278F3961FDA51ABBA8.d.4BE41A2D22B72E9FF17B5FE6838589F1.e.8863"}]}
COMMAND: GET /session/885acd6bfe44f64c6e2485c8ef54779e/screenshot - {}
RESULT: {}
COMMAND: POST /session/885acd6bfe44f64c6e2485c8ef54779e/execute/sync - {"script":"<script> [8489 bytes]","args":[{"element-6066-11e4-a52e-4f735466cecf":"f.F53CD083946FCE278F3961FDA51ABBA8.d.4BE41A2D22B72E9FF17B5FE6838589F1.e.8863","ELEMENT":"f.F53CD083946FCE278F3961FDA51ABBA8.d.4BE41A2D22B72E9FF17B5FE6838589F1.e.8863"}]}
RESULT: {"script":"<script> [8489 bytes]","args":[{"element-6066-11e4-a52e-4f735466cecf":"f.F53CD083946FCE278F3961FDA51ABBA8.d.4BE41A2D22B72E9FF17B5FE6838589F1.e.8863","ELEMENT":"f.F53CD083946FCE278F3961FDA51ABBA8.d.4BE41A2D22B72E9FF17B5FE6838589F1.e.8863"}]}
COMMAND: GET /session/885acd6bfe44f64c6e2485c8ef54779e/screenshot - {}
RESULT: {}
COMMAND: POST /session/885acd6bfe44f64c6e2485c8ef54779e/execute/sync - {"script":"<script> [8489 bytes]","args":[{"element-6066-11e4-a52e-4f735466cecf":"f.F53CD083946FCE278F3961FDA51ABBA8.d.4BE41A2D22B72E9FF17B5FE6838589F1.e.8863","ELEMENT":"f.F53CD083946FCE278F3961FDA51ABBA8.d.4BE41A2D22B72E9FF17B5FE6838589F1.e.8863"}]}
RESULT: {"script":"<script> [8489 bytes]","args":[{"element-6066-11e4-a52e-4f735466cecf":"f.F53CD083946FCE278F3961FDA51ABBA8.d.4BE41A2D22B72E9FF17B5FE6838589F1.e.8863","ELEMENT":"f.F53CD083946FCE278F3961FDA51ABBA8.d.4BE41A2D22B72E9FF17B5FE6838589F1.e.8863"}]}
COMMAND: GET /session/885acd6bfe44f64c6e2485c8ef54779e/screenshot - {}
RESULT: {}
COMMAND: POST /session/885acd6bfe44f64c6e2485c8ef54779e/execute/sync - {"script":"<script> [8489 bytes]","args":[{"element-6066-11e4-a52e-4f735466cecf":"f.F53CD083946FCE278F3961FDA51ABBA8.d.4BE41A2D22B72E9FF17B5FE6838589F1.e.8863","ELEMENT":"f.F53CD083946FCE278F3961FDA51ABBA8.d.4BE41A2D22B72E9FF17B5FE6838589F1.e.8863"}]}
RESULT: {"script":"<script> [8489 bytes]","args":[{"element-6066-11e4-a52e-4f735466cecf":"f.F53CD083946FCE278F3961FDA51ABBA8.d.4BE41A2D22B72E9FF17B5FE6838589F1.e.8863","ELEMENT":"f.F53CD083946FCE278F3961FDA51ABBA8.d.4BE41A2D22B72E9FF17B5FE6838589F1.e.8863"}]}
COMMAND: GET /session/885acd6bfe44f64c6e2485c8ef54779e/screenshot - {}
RESULT: {}
COMMAND: POST /session/885acd6bfe44f64c6e2485c8ef54779e/execute/sync - {"script":"<script> [8489 bytes]","args":[{"element-6066-11e4-a52e-4f735466cecf":"f.F53CD083946FCE278F3961FDA51ABBA8.d.4BE41A2D22B72E9FF17B5FE6838589F1.e.8863","ELEMENT":"f.F53CD083946FCE278F3961FDA51ABBA8.d.4BE41A2D22B72E9FF17B5FE6838589F1.e.8863"}]}
RESULT: {"script":"<script> [8489 bytes]","args":[{"element-6066-11e4-a52e-4f735466cecf":"f.F53CD083946FCE278F3961FDA51ABBA8.d.4BE41A2D22B72E9FF17B5FE6838589F1.e.8863","ELEMENT":"f.F53CD083946FCE278F3961FDA51ABBA8.d.4BE41A2D22B72E9FF17B5FE6838589F1.e.8863"}]}
COMMAND: GET /session/885acd6bfe44f64c6e2485c8ef54779e/screenshot - {}
RESULT: {}
COMMAND: POST /session/885acd6bfe44f64c6e2485c8ef54779e/execute/sync - {"script":"<script> [8489 bytes]","args":[{"element-6066-11e4-a52e-4f735466cecf":"f.F53CD083946FCE278F3961FDA51ABBA8.d.4BE41A2D22B72E9FF17B5FE6838589F1.e.8863","ELEMENT":"f.F53CD083946FCE278F3961FDA51ABBA8.d.4BE41A2D22B72E9FF17B5FE6838589F1.e.8863"}]}
RESULT: {"script":"<script> [8489 bytes]","args":[{"element-6066-11e4-a52e-4f735466cecf":"f.F53CD083946FCE278F3961FDA51ABBA8.d.4BE41A2D22B72E9FF17B5FE6838589F1.e.8863","ELEMENT":"f.F53CD083946FCE278F3961FDA51ABBA8.d.4BE41A2D22B72E9FF17B5FE6838589F1.e.8863"}]}
COMMAND: GET /session/885acd6bfe44f64c6e2485c8ef54779e/screenshot - {}
RESULT: {}
COMMAND: POST /session/885acd6bfe44f64c6e2485c8ef54779e/execute/sync - {"script":"<script> [8489 bytes]","args":[{"element-6066-11e4-a52e-4f735466cecf":"f.F53CD083946FCE278F3961FDA51ABBA8.d.4BE41A2D22B72E9FF17B5FE6838589F1.e.8863","ELEMENT":"f.F53CD083946FCE278F3961FDA51ABBA8.d.4BE41A2D22B72E9FF17B5FE6838589F1.e.8863"}]}
RESULT: {"script":"<script> [8489 bytes]","args":[{"element-6066-11e4-a52e-4f735466cecf":"f.F53CD083946FCE278F3961FDA51ABBA8.d.4BE41A2D22B72E9FF17B5FE6838589F1.e.8863","ELEMENT":"f.F53CD083946FCE278F3961FDA51ABBA8.d.4BE41A2D22B72E9FF17B5FE6838589F1.e.8863"}]}
COMMAND: GET /session/885acd6bfe44f64c6e2485c8ef54779e/screenshot - {}
RESULT: {}
COMMAND: POST /session/885acd6bfe44f64c6e2485c8ef54779e/execute/sync - {"script":"<script> [8489 bytes]","args":[{"element-6066-11e4-a52e-4f735466cecf":"f.F53CD083946FCE278F3961FDA51ABBA8.d.4BE41A2D22B72E9FF17B5FE6838589F1.e.8863","ELEMENT":"f.F53CD083946FCE278F3961FDA51ABBA8.d.4BE41A2D22B72E9FF17B5FE6838589F1.e.8863"}]}
RESULT: {"script":"<script> [8489 bytes]","args":[{"element-6066-11e4-a52e-4f735466cecf":"f.F53CD083946FCE278F3961FDA51ABBA8.d.4BE41A2D22B72E9FF17B5FE6838589F1.e.8863","ELEMENT":"f.F53CD083946FCE278F3961FDA51ABBA8.d.4BE41A2D22B72E9FF17B5FE6838589F1.e.8863"}]}
COMMAND: GET /session/885acd6bfe44f64c6e2485c8ef54779e/screenshot - {}
RESULT: {}
COMMAND: POST /session/885acd6bfe44f64c6e2485c8ef54779e/execute/sync - {"script":"<script> [8489 bytes]","args":[{"element-6066-11e4-a52e-4f735466cecf":"f.F53CD083946FCE278F3961FDA51ABBA8.d.4BE41A2D22B72E9FF17B5FE6838589F1.e.8863","ELEMENT":"f.F53CD083946FCE278F3961FDA51ABBA8.d.4BE41A2D22B72E9FF17B5FE6838589F1.e.8863"}]}
RESULT: {"script":"<script> [8489 bytes]","args":[{"element-6066-11e4-a52e-4f735466cecf":"f.F53CD083946FCE278F3961FDA51ABBA8.d.4BE41A2D22B72E9FF17B5FE6838589F1.e.8863","ELEMENT":"f.F53CD083946FCE278F3961FDA51ABBA8.d.4BE41A2D22B72E9FF17B5FE6838589F1.e.8863"}]}
COMMAND: GET /session/885acd6bfe44f64c6e2485c8ef54779e/screenshot - {}
RESULT: {}
COMMAND: POST /session/885acd6bfe44f64c6e2485c8ef54779e/execute/sync - {"script":"<script> [8489 bytes]","args":[{"element-6066-11e4-a52e-4f735466cecf":"f.F53CD083946FCE278F3961FDA51ABBA8.d.4BE41A2D22B72E9FF17B5FE6838589F1.e.8863","ELEMENT":"f.F53CD083946FCE278F3961FDA51ABBA8.d.4BE41A2D22B72E9FF17B5FE6838589F1.e.8863"}]}
RESULT: {"script":"<script> [8489 bytes]","args":[{"element-6066-11e4-a52e-4f735466cecf":"f.F53CD083946FCE278F3961FDA51ABBA8.d.4BE41A2D22B72E9FF17B5FE6838589F1.e.8863","ELEMENT":"f.F53CD083946FCE278F3961FDA51ABBA8.d.4BE41A2D22B72E9FF17B5FE6838589F1.e.8863"}]}
COMMAND: GET /session/885acd6bfe44f64c6e2485c8ef54779e/screenshot - {}
RESULT: {}
COMMAND: POST /session/885acd6bfe44f64c6e2485c8ef54779e/execute/sync - {"script":"<script> [8489 bytes]","args":[{"element-6066-11e4-a52e-4f735466cecf":"f.F53CD083946FCE278F3961FDA51ABBA8.d.4BE41A2D22B72E9FF17B5FE6838589F1.e.8863","ELEMENT":"f.F53CD083946FCE278F3961FDA51ABBA8.d.4BE41A2D22B72E9FF17B5FE6838589F1.e.8863"}]}
RESULT: {"script":"<script> [8489 bytes]","args":[{"element-6066-11e4-a52e-4f735466cecf":"f.F53CD083946FCE278F3961FDA51ABBA8.d.4BE41A2D22B72E9FF17B5FE6838589F1.e.8863","ELEMENT":"f.F53CD083946FCE278F3961FDA51ABBA8.d.4BE41A2D22B72E9FF17B5FE6838589F1.e.8863"}]}
COMMAND: GET /session/885acd6bfe44f64c6e2485c8ef54779e/screenshot - {}
RESULT: {}
COMMAND: POST /session/885acd6bfe44f64c6e2485c8ef54779e/execute/sync - {"script":"<script> [8489 bytes]","args":[{"element-6066-11e4-a52e-4f735466cecf":"f.F53CD083946FCE278F3961FDA51ABBA8.d.4BE41A2D22B72E9FF17B5FE6838589F1.e.8863","ELEMENT":"f.F53CD083946FCE278F3961FDA51ABBA8.d.4BE41A2D22B72E9FF17B5FE6838589F1.e.8863"}]}
RESULT: {"script":"<script> [8489 bytes]","args":[{"element-6066-11e4-a52e-4f735466cecf":"f.F53CD083946FCE278F3961FDA51ABBA8.d.4BE41A2D22B72E9FF17B5FE6838589F1.e.8863","ELEMENT":"f.F53CD083946FCE278F3961FDA51ABBA8.d.4BE41A2D22B72E9FF17B5FE6838589F1.e.8863"}]}
COMMAND: GET /session/885acd6bfe44f64c6e2485c8ef54779e/screenshot - {}
RESULT: {}
COMMAND: POST /session/885acd6bfe44f64c6e2485c8ef54779e/execute/sync - {"script":"<script> [8489 bytes]","args":[{"element-6066-11e4-a52e-4f735466cecf":"f.F53CD083946FCE278F3961FDA51ABBA8.d.4BE41A2D22B72E9FF17B5FE6838589F1.e.8863","ELEMENT":"f.F53CD083946FCE278F3961FDA51ABBA8.d.4BE41A2D22B72E9FF17B5FE6838589F1.e.8863"}]}
RESULT: {"script":"<script> [8489 bytes]","args":[{"element-6066-11e4-a52e-4f735466cecf":"f.F53CD083946FCE278F3961FDA51ABBA8.d.4BE41A2D22B72E9FF17B5FE6838589F1.e.8863","ELEMENT":"f.F53CD083946FCE278F3961FDA51ABBA8.d.4BE41A2D22B72E9FF17B5FE6838589F1.e.8863"}]}
COMMAND: GET /session/885acd6bfe44f64c6e2485c8ef54779e/screenshot - {}
RESULT: {}
COMMAND: POST /session/885acd6bfe44f64c6e2485c8ef54779e/execute/sync - {"script":"<script> [8489 bytes]","args":[{"element-6066-11e4-a52e-4f735466cecf":"f.F53CD083946FCE278F3961FDA51ABBA8.d.4BE41A2D22B72E9FF17B5FE6838589F1.e.8863","ELEMENT":"f.F53CD083946FCE278F3961FDA51ABBA8.d.4BE41A2D22B72E9FF17B5FE6838589F1.e.8863"}]}
RESULT: {"script":"<script> [8489 bytes]","args":[{"element-6066-11e4-a52e-4f735466cecf":"f.F53CD083946FCE278F3961FDA51ABBA8.d.4BE41A2D22B72E9FF17B5FE6838589F1.e.8863","ELEMENT":"f.F53CD083946FCE278F3961FDA51ABBA8.d.4BE41A2D22B72E9FF17B5FE6838589F1.e.8863"}]}
COMMAND: GET /session/885acd6bfe44f64c6e2485c8ef54779e/screenshot - {}
RESULT: {}
COMMAND: POST /session/885acd6bfe44f64c6e2485c8ef54779e/execute/sync - {"script":"<script> [8489 bytes]","args":[{"element-6066-11e4-a52e-4f735466cecf":"f.F53CD083946FCE278F3961FDA51ABBA8.d.4BE41A2D22B72E9FF17B5FE6838589F1.e.8863","ELEMENT":"f.F53CD083946FCE278F3961FDA51ABBA8.d.4BE41A2D22B72E9FF17B5FE6838589F1.e.8863"}]}
RESULT: {"script":"<script> [8489 bytes]","args":[{"element-6066-11e4-a52e-4f735466cecf":"f.F53CD083946FCE278F3961FDA51ABBA8.d.4BE41A2D22B72E9FF17B5FE6838589F1.e.8863","ELEMENT":"f.F53CD083946FCE278F3961FDA51ABBA8.d.4BE41A2D22B72E9FF17B5FE6838589F1.e.8863"}]}
COMMAND: GET /session/885acd6bfe44f64c6e2485c8ef54779e/screenshot - {}
RESULT: {}
COMMAND: POST /session/885acd6bfe44f64c6e2485c8ef54779e/execute/sync - {"script":"<script> [8489 bytes]","args":[{"element-6066-11e4-a52e-4f735466cecf":"f.F53CD083946FCE278F3961FDA51ABBA8.d.4BE41A2D22B72E9FF17B5FE6838589F1.e.8863","ELEMENT":"f.F53CD083946FCE278F3961FDA51ABBA8.d.4BE41A2D22B72E9FF17B5FE6838589F1.e.8863"}]}
RESULT: {"script":"<script> [8489 bytes]","args":[{"element-6066-11e4-a52e-4f735466cecf":"f.F53CD083946FCE278F3961FDA51ABBA8.d.4BE41A2D22B72E9FF17B5FE6838589F1.e.8863","ELEMENT":"f.F53CD083946FCE278F3961FDA51ABBA8.d.4BE41A2D22B72E9FF17B5FE6838589F1.e.8863"}]}
COMMAND: GET /session/885acd6bfe44f64c6e2485c8ef54779e/screenshot - {}
RESULT: {}
COMMAND: POST /session/885acd6bfe44f64c6e2485c8ef54779e/execute/sync - {"script":"<script> [8489 bytes]","args":[{"element-6066-11e4-a52e-4f735466cecf":"f.F53CD083946FCE278F3961FDA51ABBA8.d.4BE41A2D22B72E9FF17B5FE6838589F1.e.8863","ELEMENT":"f.F53CD083946FCE278F3961FDA51ABBA8.d.4BE41A2D22B72E9FF17B5FE6838589F1.e.8863"}]}
RESULT: {"script":"<script> [8489 bytes]","args":[{"element-6066-11e4-a52e-4f735466cecf":"f.F53CD083946FCE278F3961FDA51ABBA8.d.4BE41A2D22B72E9FF17B5FE6838589F1.e.8863","ELEMENT":"f.F53CD083946FCE278F3961FDA51ABBA8.d.4BE41A2D22B72E9FF17B5FE6838589F1.e.8863"}]}
COMMAND: GET /session/885acd6bfe44f64c6e2485c8ef54779e/screenshot - {}
RESULT: {}
COMMAND: POST /session/885acd6bfe44f64c6e2485c8ef54779e/execute/sync - {"script":"<script> [8489 bytes]","args":[{"element-6066-11e4-a52e-4f735466cecf":"f.F53CD083946FCE278F3961FDA51ABBA8.d.4BE41A2D22B72E9FF17B5FE6838589F1.e.8863","ELEMENT":"f.F53CD083946FCE278F3961FDA51ABBA8.d.4BE41A2D22B72E9FF17B5FE6838589F1.e.8863"}]}
RESULT: {"script":"<script> [8489 bytes]","args":[{"element-6066-11e4-a52e-4f735466cecf":"f.F53CD083946FCE278F3961FDA51ABBA8.d.4BE41A2D22B72E9FF17B5FE6838589F1.e.8863","ELEMENT":"f.F53CD083946FCE278F3961FDA51ABBA8.d.4BE41A2D22B72E9FF17B5FE6838589F1.e.8863"}]}
COMMAND: GET /session/885acd6bfe44f64c6e2485c8ef54779e/screenshot - {}
RESULT: {}
COMMAND: POST /session/885acd6bfe44f64c6e2485c8ef54779e/execute/sync - {"script":"<script> [8489 bytes]","args":[{"element-6066-11e4-a52e-4f735466cecf":"f.F53CD083946FCE278F3961FDA51ABBA8.d.4BE41A2D22B72E9FF17B5FE6838589F1.e.8863","ELEMENT":"f.F53CD083946FCE278F3961FDA51ABBA8.d.4BE41A2D22B72E9FF17B5FE6838589F1.e.8863"}]}
RESULT: {"script":"<script> [8489 bytes]","args":[{"element-6066-11e4-a52e-4f735466cecf":"f.F53CD083946FCE278F3961FDA51ABBA8.d.4BE41A2D22B72E9FF17B5FE6838589F1.e.8863","ELEMENT":"f.F53CD083946FCE278F3961FDA51ABBA8.d.4BE41A2D22B72E9FF17B5FE6838589F1.e.8863"}]}
COMMAND: GET /session/885acd6bfe44f64c6e2485c8ef54779e/screenshot - {}
RESULT: {}
COMMAND: POST /session/885acd6bfe44f64c6e2485c8ef54779e/execute/sync - {"script":"<script> [8489 bytes]","args":[{"element-6066-11e4-a52e-4f735466cecf":"f.F53CD083946FCE278F3961FDA51ABBA8.d.4BE41A2D22B72E9FF17B5FE6838589F1.e.8863","ELEMENT":"f.F53CD083946FCE278F3961FDA51ABBA8.d.4BE41A2D22B72E9FF17B5FE6838589F1.e.8863"}]}
RESULT: {"script":"<script> [8489 bytes]","args":[{"element-6066-11e4-a52e-4f735466cecf":"f.F53CD083946FCE278F3961FDA51ABBA8.d.4BE41A2D22B72E9FF17B5FE6838589F1.e.8863","ELEMENT":"f.F53CD083946FCE278F3961FDA51ABBA8.d.4BE41A2D22B72E9FF17B5FE6838589F1.e.8863"}]}
COMMAND: GET /session/885acd6bfe44f64c6e2485c8ef54779e/screenshot - {}
RESULT: {}
COMMAND: POST /session/885acd6bfe44f64c6e2485c8ef54779e/execute/sync - {"script":"<script> [8489 bytes]","args":[{"element-6066-11e4-a52e-4f735466cecf":"f.F53CD083946FCE278F3961FDA51ABBA8.d.4BE41A2D22B72E9FF17B5FE6838589F1.e.8863","ELEMENT":"f.F53CD083946FCE278F3961FDA51ABBA8.d.4BE41A2D22B72E9FF17B5FE6838589F1.e.8863"}]}
RESULT: {"script":"<script> [8489 bytes]","args":[{"element-6066-11e4-a52e-4f735466cecf":"f.F53CD083946FCE278F3961FDA51ABBA8.d.4BE41A2D22B72E9FF17B5FE6838589F1.e.8863","ELEMENT":"f.F53CD083946FCE278F3961FDA51ABBA8.d.4BE41A2D22B72E9FF17B5FE6838589F1.e.8863"}]}
COMMAND: GET /session/885acd6bfe44f64c6e2485c8ef54779e/screenshot - {}
RESULT: {}
COMMAND: POST /session/885acd6bfe44f64c6e2485c8ef54779e/execute/sync - {"script":"<script> [8489 bytes]","args":[{"element-6066-11e4-a52e-4f735466cecf":"f.F53CD083946FCE278F3961FDA51ABBA8.d.4BE41A2D22B72E9FF17B5FE6838589F1.e.8863","ELEMENT":"f.F53CD083946FCE278F3961FDA51ABBA8.d.4BE41A2D22B72E9FF17B5FE6838589F1.e.8863"}]}
RESULT: {"script":"<script> [8489 bytes]","args":[{"element-6066-11e4-a52e-4f735466cecf":"f.F53CD083946FCE278F3961FDA51ABBA8.d.4BE41A2D22B72E9FF17B5FE6838589F1.e.8863","ELEMENT":"f.F53CD083946FCE278F3961FDA51ABBA8.d.4BE41A2D22B72E9FF17B5FE6838589F1.e.8863"}]}
COMMAND: GET /session/885acd6bfe44f64c6e2485c8ef54779e/screenshot - {}
RESULT: {}
COMMAND: POST /session/885acd6bfe44f64c6e2485c8ef54779e/execute/sync - {"script":"<script> [8489 bytes]","args":[{"element-6066-11e4-a52e-4f735466cecf":"f.F53CD083946FCE278F3961FDA51ABBA8.d.4BE41A2D22B72E9FF17B5FE6838589F1.e.8863","ELEMENT":"f.F53CD083946FCE278F3961FDA51ABBA8.d.4BE41A2D22B72E9FF17B5FE6838589F1.e.8863"}]}
RESULT: {"script":"<script> [8489 bytes]","args":[{"element-6066-11e4-a52e-4f735466cecf":"f.F53CD083946FCE278F3961FDA51ABBA8.d.4BE41A2D22B72E9FF17B5FE6838589F1.e.8863","ELEMENT":"f.F53CD083946FCE278F3961FDA51ABBA8.d.4BE41A2D22B72E9FF17B5FE6838589F1.e.8863"}]}
COMMAND: GET /session/885acd6bfe44f64c6e2485c8ef54779e/screenshot - {}
RESULT: {}
COMMAND: POST /session/885acd6bfe44f64c6e2485c8ef54779e/execute/sync - {"script":"<script> [8489 bytes]","args":[{"element-6066-11e4-a52e-4f735466cecf":"f.F53CD083946FCE278F3961FDA51ABBA8.d.4BE41A2D22B72E9FF17B5FE6838589F1.e.8863","ELEMENT":"f.F53CD083946FCE278F3961FDA51ABBA8.d.4BE41A2D22B72E9FF17B5FE6838589F1.e.8863"}]}
RESULT: {"script":"<script> [8489 bytes]","args":[{"element-6066-11e4-a52e-4f735466cecf":"f.F53CD083946FCE278F3961FDA51ABBA8.d.4BE41A2D22B72E9FF17B5FE6838589F1.e.8863","ELEMENT":"f.F53CD083946FCE278F3961FDA51ABBA8.d.4BE41A2D22B72E9FF17B5FE6838589F1.e.8863"}]}
COMMAND: GET /session/885acd6bfe44f64c6e2485c8ef54779e/screenshot - {}
RESULT: {}
COMMAND: POST /session/885acd6bfe44f64c6e2485c8ef54779e/execute/sync - {"script":"<script> [8489 bytes]","args":[{"element-6066-11e4-a52e-4f735466cecf":"f.F53CD083946FCE278F3961FDA51ABBA8.d.4BE41A2D22B72E9FF17B5FE6838589F1.e.8863","ELEMENT":"f.F53CD083946FCE278F3961FDA51ABBA8.d.4BE41A2D22B72E9FF17B5FE6838589F1.e.8863"}]}
RESULT: {"script":"<script> [8489 bytes]","args":[{"element-6066-11e4-a52e-4f735466cecf":"f.F53CD083946FCE278F3961FDA51ABBA8.d.4BE41A2D22B72E9FF17B5FE6838589F1.e.8863","ELEMENT":"f.F53CD083946FCE278F3961FDA51ABBA8.d.4BE41A2D22B72E9FF17B5FE6838589F1.e.8863"}]}
COMMAND: GET /session/885acd6bfe44f64c6e2485c8ef54779e/screenshot - {}
RESULT: {}
COMMAND: POST /session/885acd6bfe44f64c6e2485c8ef54779e/execute/sync - {"script":"<script> [8489 bytes]","args":[{"element-6066-11e4-a52e-4f735466cecf":"f.F53CD083946FCE278F3961FDA51ABBA8.d.4BE41A2D22B72E9FF17B5FE6838589F1.e.8863","ELEMENT":"f.F53CD083946FCE278F3961FDA51ABBA8.d.4BE41A2D22B72E9FF17B5FE6838589F1.e.8863"}]}
RESULT: {"script":"<script> [8489 bytes]","args":[{"element-6066-11e4-a52e-4f735466cecf":"f.F53CD083946FCE278F3961FDA51ABBA8.d.4BE41A2D22B72E9FF17B5FE6838589F1.e.8863","ELEMENT":"f.F53CD083946FCE278F3961FDA51ABBA8.d.4BE41A2D22B72E9FF17B5FE6838589F1.e.8863"}]}
COMMAND: GET /session/885acd6bfe44f64c6e2485c8ef54779e/screenshot - {}
RESULT: {}
COMMAND: POST /session/885acd6bfe44f64c6e2485c8ef54779e/execute/sync - {"script":"<script> [8489 bytes]","args":[{"element-6066-11e4-a52e-4f735466cecf":"f.F53CD083946FCE278F3961FDA51ABBA8.d.4BE41A2D22B72E9FF17B5FE6838589F1.e.8863","ELEMENT":"f.F53CD083946FCE278F3961FDA51ABBA8.d.4BE41A2D22B72E9FF17B5FE6838589F1.e.8863"}]}
]]></system-out>
    </testcase>
  </testsuite>
  <testsuite timestamp="2025-05-01T16:51:14" time="484.784" tests="6" failures="6" errors="6" skipped="0">
    <properties>
      <property name="specId" value="0" />
      <property name="suiteName" value="Provide to Site w/ warehouse management w/o clarification US113782 " />
      <property name="capabilities" value="chrome.135_0_7049_96.windows" />
      <property name="file" value="file:///D:/a/1/s/test/specs/HTR/provide-to-site-w-warehouse-wo-clarification.spec.js" />
    </properties>
  </testsuite>
  <testsuite timestamp="2025-05-01T16:59:19" time="322.832" tests="5" failures="5" errors="5" skipped="0">
    <properties>
      <property name="specId" value="0" />
      <property name="suiteName" value="Provide to Site w/ warehouse management wo clarification" />
      <property name="capabilities" value="chrome.135_0_7049_96.windows" />
      <property name="file" value="file:///D:/a/1/s/test/specs/HTR/provide-to-site-w-warehouse-wo-clarification.spec.js" />
    </properties>
  </testsuite>
  <testsuite timestamp="2025-05-01T17:04:41" time="291.694" tests="4" failures="4" errors="4" skipped="0">
    <properties>
      <property name="specId" value="0" />
      <property name="suiteName" value="Provide to Site w/o warehouse management w/ clarification US116605" />
      <property name="capabilities" value="chrome.135_0_7049_96.windows" />
      <property name="file" value="file:///D:/a/1/s/test/specs/HTR/provide-to-site-wo-warehouse-w-clarification.spec.js" />
    </properties>
  </testsuite>
  <testsuite timestamp="2025-05-01T17:09:33" time="457.321" tests="6" failures="4" errors="4" skipped="0">
    <properties>
      <property name="specId" value="0" />
      <property name="suiteName" value="Provide to Site w/o warehouse management w clarification" />
      <property name="capabilities" value="chrome.135_0_7049_96.windows" />
      <property name="file" value="file:///D:/a/1/s/test/specs/HTR/provide-to-site-wo-warehouse-w-clarification.spec.js" />
    </properties>
    <testcase classname="chrome.135_0_7049_96.windows.Provide_to_Site_w/o_warehouse_management_w_clarification" name="Should Test for Handover Execution" time="170.467">
      <system-out><![CDATA[
COMMAND: POST /session/885acd6bfe44f64c6e2485c8ef54779e/element - {"using":"xpath","value":"//*[text()='Provide to site']"}
COMMAND: GET /session/885acd6bfe44f64c6e2485c8ef54779e/screenshot - {}
RESULT: {"using":"xpath","value":"//*[text()='Provide to site']"}
COMMAND: POST /session/885acd6bfe44f64c6e2485c8ef54779e/elements - {"using":"xpath","value":"//*[text()='Provide to site']"}
RESULT: {}
RESULT: {"using":"xpath","value":"//*[text()='Provide to site']"}
COMMAND: POST /session/885acd6bfe44f64c6e2485c8ef54779e/elements - {"using":"xpath","value":"//*[text()='Provide to site']"}
RESULT: {"using":"xpath","value":"//*[text()='Provide to site']"}
COMMAND: POST /session/885acd6bfe44f64c6e2485c8ef54779e/elements - {"using":"xpath","value":"//*[text()='Provide to site']"}
RESULT: {"using":"xpath","value":"//*[text()='Provide to site']"}
COMMAND: POST /session/885acd6bfe44f64c6e2485c8ef54779e/elements - {"using":"xpath","value":"//*[text()='Provide to site']"}
RESULT: {"using":"xpath","value":"//*[text()='Provide to site']"}
COMMAND: POST /session/885acd6bfe44f64c6e2485c8ef54779e/elements - {"using":"xpath","value":"//*[text()='Provide to site']"}
RESULT: {"using":"xpath","value":"//*[text()='Provide to site']"}
COMMAND: POST /session/885acd6bfe44f64c6e2485c8ef54779e/elements - {"using":"xpath","value":"//*[text()='Provide to site']"}
RESULT: {"using":"xpath","value":"//*[text()='Provide to site']"}
COMMAND: POST /session/885acd6bfe44f64c6e2485c8ef54779e/elements - {"using":"xpath","value":"//*[text()='Provide to site']"}
RESULT: {"using":"xpath","value":"//*[text()='Provide to site']"}
COMMAND: POST /session/885acd6bfe44f64c6e2485c8ef54779e/elements - {"using":"xpath","value":"//*[text()='Provide to site']"}
RESULT: {"using":"xpath","value":"//*[text()='Provide to site']"}
COMMAND: POST /session/885acd6bfe44f64c6e2485c8ef54779e/elements - {"using":"xpath","value":"//*[text()='Provide to site']"}
RESULT: {"using":"xpath","value":"//*[text()='Provide to site']"}
COMMAND: POST /session/885acd6bfe44f64c6e2485c8ef54779e/elements - {"using":"xpath","value":"//*[text()='Provide to site']"}
RESULT: {"using":"xpath","value":"//*[text()='Provide to site']"}
COMMAND: POST /session/885acd6bfe44f64c6e2485c8ef54779e/elements - {"using":"xpath","value":"//*[text()='Provide to site']"}
RESULT: {"using":"xpath","value":"//*[text()='Provide to site']"}
COMMAND: POST /session/885acd6bfe44f64c6e2485c8ef54779e/elements - {"using":"xpath","value":"//*[text()='Provide to site']"}
RESULT: {"using":"xpath","value":"//*[text()='Provide to site']"}
COMMAND: POST /session/885acd6bfe44f64c6e2485c8ef54779e/elements - {"using":"xpath","value":"//*[text()='Provide to site']"}
RESULT: {"using":"xpath","value":"//*[text()='Provide to site']"}
COMMAND: POST /session/885acd6bfe44f64c6e2485c8ef54779e/elements - {"using":"xpath","value":"//*[text()='Provide to site']"}
RESULT: {"using":"xpath","value":"//*[text()='Provide to site']"}
COMMAND: POST /session/885acd6bfe44f64c6e2485c8ef54779e/elements - {"using":"xpath","value":"//*[text()='Provide to site']"}
RESULT: {"using":"xpath","value":"//*[text()='Provide to site']"}
COMMAND: POST /session/885acd6bfe44f64c6e2485c8ef54779e/elements - {"using":"xpath","value":"//*[text()='Provide to site']"}
RESULT: {"using":"xpath","value":"//*[text()='Provide to site']"}
COMMAND: POST /session/885acd6bfe44f64c6e2485c8ef54779e/elements - {"using":"xpath","value":"//*[text()='Provide to site']"}
RESULT: {"using":"xpath","value":"//*[text()='Provide to site']"}
COMMAND: POST /session/885acd6bfe44f64c6e2485c8ef54779e/elements - {"using":"xpath","value":"//*[text()='Provide to site']"}
RESULT: {"using":"xpath","value":"//*[text()='Provide to site']"}
COMMAND: POST /session/885acd6bfe44f64c6e2485c8ef54779e/elements - {"using":"xpath","value":"//*[text()='Provide to site']"}
RESULT: {"using":"xpath","value":"//*[text()='Provide to site']"}
COMMAND: POST /session/885acd6bfe44f64c6e2485c8ef54779e/elements - {"using":"xpath","value":"//*[text()='Provide to site']"}
RESULT: {"using":"xpath","value":"//*[text()='Provide to site']"}
COMMAND: POST /session/885acd6bfe44f64c6e2485c8ef54779e/elements - {"using":"xpath","value":"//*[text()='Provide to site']"}
RESULT: {"using":"xpath","value":"//*[text()='Provide to site']"}
COMMAND: POST /session/885acd6bfe44f64c6e2485c8ef54779e/elements - {"using":"xpath","value":"//*[text()='Provide to site']"}
RESULT: {"using":"xpath","value":"//*[text()='Provide to site']"}
COMMAND: POST /session/885acd6bfe44f64c6e2485c8ef54779e/elements - {"using":"xpath","value":"//*[text()='Provide to site']"}
RESULT: {"using":"xpath","value":"//*[text()='Provide to site']"}
COMMAND: POST /session/885acd6bfe44f64c6e2485c8ef54779e/elements - {"using":"xpath","value":"//*[text()='Provide to site']"}
RESULT: {"using":"xpath","value":"//*[text()='Provide to site']"}
COMMAND: POST /session/885acd6bfe44f64c6e2485c8ef54779e/elements - {"using":"xpath","value":"//*[text()='Provide to site']"}
RESULT: {"using":"xpath","value":"//*[text()='Provide to site']"}
COMMAND: POST /session/885acd6bfe44f64c6e2485c8ef54779e/elements - {"using":"xpath","value":"//*[text()='Provide to site']"}
RESULT: {"using":"xpath","value":"//*[text()='Provide to site']"}
COMMAND: POST /session/885acd6bfe44f64c6e2485c8ef54779e/elements - {"using":"xpath","value":"//*[text()='Provide to site']"}
RESULT: {"using":"xpath","value":"//*[text()='Provide to site']"}
COMMAND: POST /session/885acd6bfe44f64c6e2485c8ef54779e/elements - {"using":"xpath","value":"//*[text()='Provide to site']"}
RESULT: {"using":"xpath","value":"//*[text()='Provide to site']"}
COMMAND: POST /session/885acd6bfe44f64c6e2485c8ef54779e/elements - {"using":"xpath","value":"//*[text()='Provide to site']"}
RESULT: {"using":"xpath","value":"//*[text()='Provide to site']"}
COMMAND: POST /session/885acd6bfe44f64c6e2485c8ef54779e/elements - {"using":"xpath","value":"//*[text()='Provide to site']"}
RESULT: {"using":"xpath","value":"//*[text()='Provide to site']"}
COMMAND: POST /session/885acd6bfe44f64c6e2485c8ef54779e/elements - {"using":"xpath","value":"//*[text()='Provide to site']"}
RESULT: {"using":"xpath","value":"//*[text()='Provide to site']"}
COMMAND: POST /session/885acd6bfe44f64c6e2485c8ef54779e/elements - {"using":"xpath","value":"//*[text()='Provide to site']"}
RESULT: {"using":"xpath","value":"//*[text()='Provide to site']"}
COMMAND: POST /session/885acd6bfe44f64c6e2485c8ef54779e/elements - {"using":"xpath","value":"//*[text()='Provide to site']"}
RESULT: {"using":"xpath","value":"//*[text()='Provide to site']"}
COMMAND: POST /session/885acd6bfe44f64c6e2485c8ef54779e/elements - {"using":"xpath","value":"//*[text()='Provide to site']"}
RESULT: {"using":"xpath","value":"//*[text()='Provide to site']"}
COMMAND: POST /session/885acd6bfe44f64c6e2485c8ef54779e/elements - {"using":"xpath","value":"//*[text()='Provide to site']"}
RESULT: {"using":"xpath","value":"//*[text()='Provide to site']"}
COMMAND: POST /session/885acd6bfe44f64c6e2485c8ef54779e/elements - {"using":"xpath","value":"//*[text()='Provide to site']"}
RESULT: {"using":"xpath","value":"//*[text()='Provide to site']"}
COMMAND: POST /session/885acd6bfe44f64c6e2485c8ef54779e/elements - {"using":"xpath","value":"//*[text()='Provide to site']"}
RESULT: {"using":"xpath","value":"//*[text()='Provide to site']"}
COMMAND: POST /session/885acd6bfe44f64c6e2485c8ef54779e/elements - {"using":"xpath","value":"//*[text()='Provide to site']"}
RESULT: {"using":"xpath","value":"//*[text()='Provide to site']"}
COMMAND: POST /session/885acd6bfe44f64c6e2485c8ef54779e/elements - {"using":"xpath","value":"//*[text()='Provide to site']"}
RESULT: {"using":"xpath","value":"//*[text()='Provide to site']"}
COMMAND: POST /session/885acd6bfe44f64c6e2485c8ef54779e/elements - {"using":"xpath","value":"//*[text()='Provide to site']"}
RESULT: {"using":"xpath","value":"//*[text()='Provide to site']"}
COMMAND: POST /session/885acd6bfe44f64c6e2485c8ef54779e/elements - {"using":"xpath","value":"//*[text()='Provide to site']"}
RESULT: {"using":"xpath","value":"//*[text()='Provide to site']"}
COMMAND: POST /session/885acd6bfe44f64c6e2485c8ef54779e/elements - {"using":"xpath","value":"//*[text()='Provide to site']"}
RESULT: {"using":"xpath","value":"//*[text()='Provide to site']"}
COMMAND: POST /session/885acd6bfe44f64c6e2485c8ef54779e/elements - {"using":"xpath","value":"//*[text()='Provide to site']"}
RESULT: {"using":"xpath","value":"//*[text()='Provide to site']"}
COMMAND: POST /session/885acd6bfe44f64c6e2485c8ef54779e/elements - {"using":"xpath","value":"//*[text()='Provide to site']"}
RESULT: {"using":"xpath","value":"//*[text()='Provide to site']"}
COMMAND: POST /session/885acd6bfe44f64c6e2485c8ef54779e/elements - {"using":"xpath","value":"//*[text()='Provide to site']"}
RESULT: {"using":"xpath","value":"//*[text()='Provide to site']"}
COMMAND: POST /session/885acd6bfe44f64c6e2485c8ef54779e/elements - {"using":"xpath","value":"//*[text()='Provide to site']"}
RESULT: {"using":"xpath","value":"//*[text()='Provide to site']"}
COMMAND: POST /session/885acd6bfe44f64c6e2485c8ef54779e/elements - {"using":"xpath","value":"//*[text()='Provide to site']"}
RESULT: {"using":"xpath","value":"//*[text()='Provide to site']"}
COMMAND: POST /session/885acd6bfe44f64c6e2485c8ef54779e/elements - {"using":"xpath","value":"//*[text()='Provide to site']"}
RESULT: {"using":"xpath","value":"//*[text()='Provide to site']"}
COMMAND: POST /session/885acd6bfe44f64c6e2485c8ef54779e/elements - {"using":"xpath","value":"//*[text()='Provide to site']"}
RESULT: {"using":"xpath","value":"//*[text()='Provide to site']"}
COMMAND: POST /session/885acd6bfe44f64c6e2485c8ef54779e/elements - {"using":"xpath","value":"//*[text()='Provide to site']"}
RESULT: {"using":"xpath","value":"//*[text()='Provide to site']"}
COMMAND: POST /session/885acd6bfe44f64c6e2485c8ef54779e/elements - {"using":"xpath","value":"//*[text()='Provide to site']"}
RESULT: {"using":"xpath","value":"//*[text()='Provide to site']"}
COMMAND: POST /session/885acd6bfe44f64c6e2485c8ef54779e/elements - {"using":"xpath","value":"//*[text()='Provide to site']"}
RESULT: {"using":"xpath","value":"//*[text()='Provide to site']"}
COMMAND: POST /session/885acd6bfe44f64c6e2485c8ef54779e/elements - {"using":"xpath","value":"//*[text()='Provide to site']"}
RESULT: {"using":"xpath","value":"//*[text()='Provide to site']"}
COMMAND: POST /session/885acd6bfe44f64c6e2485c8ef54779e/elements - {"using":"xpath","value":"//*[text()='Provide to site']"}
RESULT: {"using":"xpath","value":"//*[text()='Provide to site']"}
COMMAND: POST /session/885acd6bfe44f64c6e2485c8ef54779e/elements - {"using":"xpath","value":"//*[text()='Provide to site']"}
RESULT: {"using":"xpath","value":"//*[text()='Provide to site']"}
COMMAND: POST /session/885acd6bfe44f64c6e2485c8ef54779e/elements - {"using":"xpath","value":"//*[text()='Provide to site']"}
RESULT: {"using":"xpath","value":"//*[text()='Provide to site']"}
COMMAND: POST /session/885acd6bfe44f64c6e2485c8ef54779e/elements - {"using":"xpath","value":"//*[text()='Provide to site']"}
RESULT: {"using":"xpath","value":"//*[text()='Provide to site']"}
COMMAND: POST /session/885acd6bfe44f64c6e2485c8ef54779e/elements - {"using":"xpath","value":"//*[text()='Provide to site']"}
RESULT: {"using":"xpath","value":"//*[text()='Provide to site']"}
COMMAND: POST /session/885acd6bfe44f64c6e2485c8ef54779e/elements - {"using":"xpath","value":"//*[text()='Provide to site']"}
RESULT: {"using":"xpath","value":"//*[text()='Provide to site']"}
COMMAND: POST /session/885acd6bfe44f64c6e2485c8ef54779e/elements - {"using":"xpath","value":"//*[text()='Provide to site']"}
RESULT: {"using":"xpath","value":"//*[text()='Provide to site']"}
COMMAND: POST /session/885acd6bfe44f64c6e2485c8ef54779e/elements - {"using":"xpath","value":"//*[text()='Provide to site']"}
RESULT: {"using":"xpath","value":"//*[text()='Provide to site']"}
COMMAND: POST /session/885acd6bfe44f64c6e2485c8ef54779e/elements - {"using":"xpath","value":"//*[text()='Provide to site']"}
RESULT: {"using":"xpath","value":"//*[text()='Provide to site']"}
COMMAND: POST /session/885acd6bfe44f64c6e2485c8ef54779e/elements - {"using":"xpath","value":"//*[text()='Provide to site']"}
RESULT: {"using":"xpath","value":"//*[text()='Provide to site']"}
COMMAND: POST /session/885acd6bfe44f64c6e2485c8ef54779e/elements - {"using":"xpath","value":"//*[text()='Provide to site']"}
RESULT: {"using":"xpath","value":"//*[text()='Provide to site']"}
COMMAND: POST /session/885acd6bfe44f64c6e2485c8ef54779e/elements - {"using":"xpath","value":"//*[text()='Provide to site']"}
RESULT: {"using":"xpath","value":"//*[text()='Provide to site']"}
COMMAND: POST /session/885acd6bfe44f64c6e2485c8ef54779e/elements - {"using":"xpath","value":"//*[text()='Provide to site']"}
RESULT: {"using":"xpath","value":"//*[text()='Provide to site']"}
COMMAND: POST /session/885acd6bfe44f64c6e2485c8ef54779e/elements - {"using":"xpath","value":"//*[text()='Provide to site']"}
RESULT: {"using":"xpath","value":"//*[text()='Provide to site']"}
COMMAND: POST /session/885acd6bfe44f64c6e2485c8ef54779e/elements - {"using":"xpath","value":"//*[text()='Provide to site']"}
RESULT: {"using":"xpath","value":"//*[text()='Provide to site']"}
COMMAND: POST /session/885acd6bfe44f64c6e2485c8ef54779e/elements - {"using":"xpath","value":"//*[text()='Provide to site']"}
RESULT: {"using":"xpath","value":"//*[text()='Provide to site']"}
COMMAND: POST /session/885acd6bfe44f64c6e2485c8ef54779e/elements - {"using":"xpath","value":"//*[text()='Provide to site']"}
RESULT: {"using":"xpath","value":"//*[text()='Provide to site']"}
COMMAND: POST /session/885acd6bfe44f64c6e2485c8ef54779e/elements - {"using":"xpath","value":"//*[text()='Provide to site']"}
RESULT: {"using":"xpath","value":"//*[text()='Provide to site']"}
COMMAND: POST /session/885acd6bfe44f64c6e2485c8ef54779e/elements - {"using":"xpath","value":"//*[text()='Provide to site']"}
RESULT: {"using":"xpath","value":"//*[text()='Provide to site']"}
COMMAND: POST /session/885acd6bfe44f64c6e2485c8ef54779e/elements - {"using":"xpath","value":"//*[text()='Provide to site']"}
RESULT: {"using":"xpath","value":"//*[text()='Provide to site']"}
COMMAND: POST /session/885acd6bfe44f64c6e2485c8ef54779e/elements - {"using":"xpath","value":"//*[text()='Provide to site']"}
RESULT: {"using":"xpath","value":"//*[text()='Provide to site']"}
COMMAND: POST /session/885acd6bfe44f64c6e2485c8ef54779e/elements - {"using":"xpath","value":"//*[text()='Provide to site']"}
RESULT: {"using":"xpath","value":"//*[text()='Provide to site']"}
COMMAND: POST /session/885acd6bfe44f64c6e2485c8ef54779e/elements - {"using":"xpath","value":"//*[text()='Provide to site']"}
RESULT: {"using":"xpath","value":"//*[text()='Provide to site']"}
COMMAND: POST /session/885acd6bfe44f64c6e2485c8ef54779e/elements - {"using":"xpath","value":"//*[text()='Provide to site']"}
RESULT: {"using":"xpath","value":"//*[text()='Provide to site']"}
COMMAND: POST /session/885acd6bfe44f64c6e2485c8ef54779e/elements - {"using":"xpath","value":"//*[text()='Provide to site']"}
RESULT: {"using":"xpath","value":"//*[text()='Provide to site']"}
COMMAND: POST /session/885acd6bfe44f64c6e2485c8ef54779e/elements - {"using":"xpath","value":"//*[text()='Provide to site']"}
RESULT: {"using":"xpath","value":"//*[text()='Provide to site']"}
COMMAND: POST /session/885acd6bfe44f64c6e2485c8ef54779e/elements - {"using":"xpath","value":"//*[text()='Provide to site']"}
RESULT: {"using":"xpath","value":"//*[text()='Provide to site']"}
COMMAND: POST /session/885acd6bfe44f64c6e2485c8ef54779e/elements - {"using":"xpath","value":"//*[text()='Provide to site']"}
RESULT: {"using":"xpath","value":"//*[text()='Provide to site']"}
COMMAND: POST /session/885acd6bfe44f64c6e2485c8ef54779e/elements - {"using":"xpath","value":"//*[text()='Provide to site']"}
RESULT: {"using":"xpath","value":"//*[text()='Provide to site']"}
COMMAND: POST /session/885acd6bfe44f64c6e2485c8ef54779e/elements - {"using":"xpath","value":"//*[text()='Provide to site']"}
RESULT: {"using":"xpath","value":"//*[text()='Provide to site']"}
COMMAND: POST /session/885acd6bfe44f64c6e2485c8ef54779e/elements - {"using":"xpath","value":"//*[text()='Provide to site']"}
RESULT: {"using":"xpath","value":"//*[text()='Provide to site']"}
COMMAND: POST /session/885acd6bfe44f64c6e2485c8ef54779e/elements - {"using":"xpath","value":"//*[text()='Provide to site']"}
RESULT: {"using":"xpath","value":"//*[text()='Provide to site']"}
COMMAND: POST /session/885acd6bfe44f64c6e2485c8ef54779e/elements - {"using":"xpath","value":"//*[text()='Provide to site']"}
RESULT: {"using":"xpath","value":"//*[text()='Provide to site']"}
COMMAND: POST /session/885acd6bfe44f64c6e2485c8ef54779e/elements - {"using":"xpath","value":"//*[text()='Provide to site']"}
RESULT: {"using":"xpath","value":"//*[text()='Provide to site']"}
COMMAND: POST /session/885acd6bfe44f64c6e2485c8ef54779e/elements - {"using":"xpath","value":"//*[text()='Provide to site']"}
RESULT: {"using":"xpath","value":"//*[text()='Provide to site']"}
COMMAND: POST /session/885acd6bfe44f64c6e2485c8ef54779e/elements - {"using":"xpath","value":"//*[text()='Provide to site']"}
RESULT: {"using":"xpath","value":"//*[text()='Provide to site']"}
COMMAND: POST /session/885acd6bfe44f64c6e2485c8ef54779e/elements - {"using":"xpath","value":"//*[text()='Provide to site']"}
RESULT: {"using":"xpath","value":"//*[text()='Provide to site']"}
COMMAND: POST /session/885acd6bfe44f64c6e2485c8ef54779e/elements - {"using":"xpath","value":"//*[text()='Provide to site']"}
COMMAND: POST /session/885acd6bfe44f64c6e2485c8ef54779e/element - {"using":"xpath","value":"//span[text()='Provide to site - Completed']"}
RESULT: {"using":"xpath","value":"//*[text()='Provide to site']"}
RESULT: {"using":"xpath","value":"//span[text()='Provide to site - Completed']"}
COMMAND: POST /session/885acd6bfe44f64c6e2485c8ef54779e/elements - {"using":"xpath","value":"//span[text()='Provide to site - Completed']"}
RESULT: {"using":"xpath","value":"//span[text()='Provide to site - Completed']"}
COMMAND: POST /session/885acd6bfe44f64c6e2485c8ef54779e/elements - {"using":"xpath","value":"//span[text()='Provide to site - Completed']"}
RESULT: {"using":"xpath","value":"//span[text()='Provide to site - Completed']"}
COMMAND: POST /session/885acd6bfe44f64c6e2485c8ef54779e/elements - {"using":"xpath","value":"//span[text()='Provide to site - Completed']"}
RESULT: {"using":"xpath","value":"//span[text()='Provide to site - Completed']"}
COMMAND: POST /session/885acd6bfe44f64c6e2485c8ef54779e/elements - {"using":"xpath","value":"//span[text()='Provide to site - Completed']"}
RESULT: {"using":"xpath","value":"//span[text()='Provide to site - Completed']"}
COMMAND: POST /session/885acd6bfe44f64c6e2485c8ef54779e/elements - {"using":"xpath","value":"//span[text()='Provide to site - Completed']"}
RESULT: {"using":"xpath","value":"//span[text()='Provide to site - Completed']"}
COMMAND: POST /session/885acd6bfe44f64c6e2485c8ef54779e/elements - {"using":"xpath","value":"//span[text()='Provide to site - Completed']"}
RESULT: {"using":"xpath","value":"//span[text()='Provide to site - Completed']"}
COMMAND: POST /session/885acd6bfe44f64c6e2485c8ef54779e/elements - {"using":"xpath","value":"//span[text()='Provide to site - Completed']"}
RESULT: {"using":"xpath","value":"//span[text()='Provide to site - Completed']"}
COMMAND: POST /session/885acd6bfe44f64c6e2485c8ef54779e/elements - {"using":"xpath","value":"//span[text()='Provide to site - Completed']"}
RESULT: {"using":"xpath","value":"//span[text()='Provide to site - Completed']"}
COMMAND: POST /session/885acd6bfe44f64c6e2485c8ef54779e/elements - {"using":"xpath","value":"//span[text()='Provide to site - Completed']"}
RESULT: {"using":"xpath","value":"//span[text()='Provide to site - Completed']"}
COMMAND: POST /session/885acd6bfe44f64c6e2485c8ef54779e/elements - {"using":"xpath","value":"//span[text()='Provide to site - Completed']"}
RESULT: {"using":"xpath","value":"//span[text()='Provide to site - Completed']"}
COMMAND: POST /session/885acd6bfe44f64c6e2485c8ef54779e/elements - {"using":"xpath","value":"//span[text()='Provide to site - Completed']"}
RESULT: {"using":"xpath","value":"//span[text()='Provide to site - Completed']"}
COMMAND: POST /session/885acd6bfe44f64c6e2485c8ef54779e/elements - {"using":"xpath","value":"//span[text()='Provide to site - Completed']"}
RESULT: {"using":"xpath","value":"//span[text()='Provide to site - Completed']"}
COMMAND: POST /session/885acd6bfe44f64c6e2485c8ef54779e/elements - {"using":"xpath","value":"//span[text()='Provide to site - Completed']"}
RESULT: {"using":"xpath","value":"//span[text()='Provide to site - Completed']"}
COMMAND: POST /session/885acd6bfe44f64c6e2485c8ef54779e/elements - {"using":"xpath","value":"//span[text()='Provide to site - Completed']"}
RESULT: {"using":"xpath","value":"//span[text()='Provide to site - Completed']"}
COMMAND: POST /session/885acd6bfe44f64c6e2485c8ef54779e/elements - {"using":"xpath","value":"//span[text()='Provide to site - Completed']"}
RESULT: {"using":"xpath","value":"//span[text()='Provide to site - Completed']"}
COMMAND: POST /session/885acd6bfe44f64c6e2485c8ef54779e/elements - {"using":"xpath","value":"//span[text()='Provide to site - Completed']"}
RESULT: {"using":"xpath","value":"//span[text()='Provide to site - Completed']"}
COMMAND: POST /session/885acd6bfe44f64c6e2485c8ef54779e/elements - {"using":"xpath","value":"//span[text()='Provide to site - Completed']"}
RESULT: {"using":"xpath","value":"//span[text()='Provide to site - Completed']"}
COMMAND: POST /session/885acd6bfe44f64c6e2485c8ef54779e/elements - {"using":"xpath","value":"//span[text()='Provide to site - Completed']"}
RESULT: {"using":"xpath","value":"//span[text()='Provide to site - Completed']"}
COMMAND: POST /session/885acd6bfe44f64c6e2485c8ef54779e/elements - {"using":"xpath","value":"//span[text()='Provide to site - Completed']"}
RESULT: {"using":"xpath","value":"//span[text()='Provide to site - Completed']"}
COMMAND: POST /session/885acd6bfe44f64c6e2485c8ef54779e/elements - {"using":"xpath","value":"//span[text()='Provide to site - Completed']"}
RESULT: {"using":"xpath","value":"//span[text()='Provide to site - Completed']"}
COMMAND: POST /session/885acd6bfe44f64c6e2485c8ef54779e/elements - {"using":"xpath","value":"//span[text()='Provide to site - Completed']"}
RESULT: {"using":"xpath","value":"//span[text()='Provide to site - Completed']"}
COMMAND: POST /session/885acd6bfe44f64c6e2485c8ef54779e/elements - {"using":"xpath","value":"//span[text()='Provide to site - Completed']"}
RESULT: {"using":"xpath","value":"//span[text()='Provide to site - Completed']"}
COMMAND: POST /session/885acd6bfe44f64c6e2485c8ef54779e/elements - {"using":"xpath","value":"//span[text()='Provide to site - Completed']"}
RESULT: {"using":"xpath","value":"//span[text()='Provide to site - Completed']"}
COMMAND: POST /session/885acd6bfe44f64c6e2485c8ef54779e/elements - {"using":"xpath","value":"//span[text()='Provide to site - Completed']"}
RESULT: {"using":"xpath","value":"//span[text()='Provide to site - Completed']"}
COMMAND: POST /session/885acd6bfe44f64c6e2485c8ef54779e/elements - {"using":"xpath","value":"//span[text()='Provide to site - Completed']"}
RESULT: {"using":"xpath","value":"//span[text()='Provide to site - Completed']"}
COMMAND: POST /session/885acd6bfe44f64c6e2485c8ef54779e/elements - {"using":"xpath","value":"//span[text()='Provide to site - Completed']"}
RESULT: {"using":"xpath","value":"//span[text()='Provide to site - Completed']"}
COMMAND: POST /session/885acd6bfe44f64c6e2485c8ef54779e/elements - {"using":"xpath","value":"//span[text()='Provide to site - Completed']"}
RESULT: {"using":"xpath","value":"//span[text()='Provide to site - Completed']"}
COMMAND: POST /session/885acd6bfe44f64c6e2485c8ef54779e/elements - {"using":"xpath","value":"//span[text()='Provide to site - Completed']"}
RESULT: {"using":"xpath","value":"//span[text()='Provide to site - Completed']"}
COMMAND: POST /session/885acd6bfe44f64c6e2485c8ef54779e/elements - {"using":"xpath","value":"//span[text()='Provide to site - Completed']"}
RESULT: {"using":"xpath","value":"//span[text()='Provide to site - Completed']"}
COMMAND: POST /session/885acd6bfe44f64c6e2485c8ef54779e/elements - {"using":"xpath","value":"//span[text()='Provide to site - Completed']"}
RESULT: {"using":"xpath","value":"//span[text()='Provide to site - Completed']"}
COMMAND: POST /session/885acd6bfe44f64c6e2485c8ef54779e/elements - {"using":"xpath","value":"//span[text()='Provide to site - Completed']"}
RESULT: {"using":"xpath","value":"//span[text()='Provide to site - Completed']"}
COMMAND: POST /session/885acd6bfe44f64c6e2485c8ef54779e/elements - {"using":"xpath","value":"//span[text()='Provide to site - Completed']"}
RESULT: {"using":"xpath","value":"//span[text()='Provide to site - Completed']"}
COMMAND: POST /session/885acd6bfe44f64c6e2485c8ef54779e/elements - {"using":"xpath","value":"//span[text()='Provide to site - Completed']"}
RESULT: {"using":"xpath","value":"//span[text()='Provide to site - Completed']"}
COMMAND: POST /session/885acd6bfe44f64c6e2485c8ef54779e/elements - {"using":"xpath","value":"//span[text()='Provide to site - Completed']"}
RESULT: {"using":"xpath","value":"//span[text()='Provide to site - Completed']"}
COMMAND: POST /session/885acd6bfe44f64c6e2485c8ef54779e/elements - {"using":"xpath","value":"//span[text()='Provide to site - Completed']"}
RESULT: {"using":"xpath","value":"//span[text()='Provide to site - Completed']"}
COMMAND: POST /session/885acd6bfe44f64c6e2485c8ef54779e/elements - {"using":"xpath","value":"//span[text()='Provide to site - Completed']"}
RESULT: {"using":"xpath","value":"//span[text()='Provide to site - Completed']"}
COMMAND: POST /session/885acd6bfe44f64c6e2485c8ef54779e/elements - {"using":"xpath","value":"//span[text()='Provide to site - Completed']"}
RESULT: {"using":"xpath","value":"//span[text()='Provide to site - Completed']"}
COMMAND: POST /session/885acd6bfe44f64c6e2485c8ef54779e/elements - {"using":"xpath","value":"//span[text()='Provide to site - Completed']"}
RESULT: {"using":"xpath","value":"//span[text()='Provide to site - Completed']"}
COMMAND: POST /session/885acd6bfe44f64c6e2485c8ef54779e/elements - {"using":"xpath","value":"//span[text()='Provide to site - Completed']"}
RESULT: {"using":"xpath","value":"//span[text()='Provide to site - Completed']"}
COMMAND: POST /session/885acd6bfe44f64c6e2485c8ef54779e/elements - {"using":"xpath","value":"//span[text()='Provide to site - Completed']"}
RESULT: {"using":"xpath","value":"//span[text()='Provide to site - Completed']"}
COMMAND: POST /session/885acd6bfe44f64c6e2485c8ef54779e/elements - {"using":"xpath","value":"//span[text()='Provide to site - Completed']"}
RESULT: {"using":"xpath","value":"//span[text()='Provide to site - Completed']"}
COMMAND: POST /session/885acd6bfe44f64c6e2485c8ef54779e/elements - {"using":"xpath","value":"//span[text()='Provide to site - Completed']"}
RESULT: {"using":"xpath","value":"//span[text()='Provide to site - Completed']"}
COMMAND: POST /session/885acd6bfe44f64c6e2485c8ef54779e/elements - {"using":"xpath","value":"//span[text()='Provide to site - Completed']"}
RESULT: {"using":"xpath","value":"//span[text()='Provide to site - Completed']"}
COMMAND: POST /session/885acd6bfe44f64c6e2485c8ef54779e/elements - {"using":"xpath","value":"//span[text()='Provide to site - Completed']"}
RESULT: {"using":"xpath","value":"//span[text()='Provide to site - Completed']"}
COMMAND: POST /session/885acd6bfe44f64c6e2485c8ef54779e/elements - {"using":"xpath","value":"//span[text()='Provide to site - Completed']"}
RESULT: {"using":"xpath","value":"//span[text()='Provide to site - Completed']"}
COMMAND: POST /session/885acd6bfe44f64c6e2485c8ef54779e/elements - {"using":"xpath","value":"//span[text()='Provide to site - Completed']"}
RESULT: {"using":"xpath","value":"//span[text()='Provide to site - Completed']"}
COMMAND: POST /session/885acd6bfe44f64c6e2485c8ef54779e/elements - {"using":"xpath","value":"//span[text()='Provide to site - Completed']"}
RESULT: {"using":"xpath","value":"//span[text()='Provide to site - Completed']"}
COMMAND: POST /session/885acd6bfe44f64c6e2485c8ef54779e/elements - {"using":"xpath","value":"//span[text()='Provide to site - Completed']"}
RESULT: {"using":"xpath","value":"//span[text()='Provide to site - Completed']"}
COMMAND: POST /session/885acd6bfe44f64c6e2485c8ef54779e/elements - {"using":"xpath","value":"//span[text()='Provide to site - Completed']"}
RESULT: {"using":"xpath","value":"//span[text()='Provide to site - Completed']"}
COMMAND: POST /session/885acd6bfe44f64c6e2485c8ef54779e/elements - {"using":"xpath","value":"//span[text()='Provide to site - Completed']"}
RESULT: {"using":"xpath","value":"//span[text()='Provide to site - Completed']"}
COMMAND: POST /session/885acd6bfe44f64c6e2485c8ef54779e/elements - {"using":"xpath","value":"//span[text()='Provide to site - Completed']"}
RESULT: {"using":"xpath","value":"//span[text()='Provide to site - Completed']"}
COMMAND: POST /session/885acd6bfe44f64c6e2485c8ef54779e/elements - {"using":"xpath","value":"//span[text()='Provide to site - Completed']"}
RESULT: {"using":"xpath","value":"//span[text()='Provide to site - Completed']"}
COMMAND: POST /session/885acd6bfe44f64c6e2485c8ef54779e/elements - {"using":"xpath","value":"//span[text()='Provide to site - Completed']"}
RESULT: {"using":"xpath","value":"//span[text()='Provide to site - Completed']"}
COMMAND: POST /session/885acd6bfe44f64c6e2485c8ef54779e/elements - {"using":"xpath","value":"//span[text()='Provide to site - Completed']"}
RESULT: {"using":"xpath","value":"//span[text()='Provide to site - Completed']"}
COMMAND: POST /session/885acd6bfe44f64c6e2485c8ef54779e/elements - {"using":"xpath","value":"//span[text()='Provide to site - Completed']"}
RESULT: {"using":"xpath","value":"//span[text()='Provide to site - Completed']"}
COMMAND: POST /session/885acd6bfe44f64c6e2485c8ef54779e/elements - {"using":"xpath","value":"//span[text()='Provide to site - Completed']"}
RESULT: {"using":"xpath","value":"//span[text()='Provide to site - Completed']"}
COMMAND: POST /session/885acd6bfe44f64c6e2485c8ef54779e/elements - {"using":"xpath","value":"//span[text()='Provide to site - Completed']"}
RESULT: {"using":"xpath","value":"//span[text()='Provide to site - Completed']"}
COMMAND: POST /session/885acd6bfe44f64c6e2485c8ef54779e/elements - {"using":"xpath","value":"//span[text()='Provide to site - Completed']"}
RESULT: {"using":"xpath","value":"//span[text()='Provide to site - Completed']"}
COMMAND: POST /session/885acd6bfe44f64c6e2485c8ef54779e/elements - {"using":"xpath","value":"//span[text()='Provide to site - Completed']"}
RESULT: {"using":"xpath","value":"//span[text()='Provide to site - Completed']"}
COMMAND: POST /session/885acd6bfe44f64c6e2485c8ef54779e/elements - {"using":"xpath","value":"//span[text()='Provide to site - Completed']"}
RESULT: {"using":"xpath","value":"//span[text()='Provide to site - Completed']"}
COMMAND: POST /session/885acd6bfe44f64c6e2485c8ef54779e/elements - {"using":"xpath","value":"//span[text()='Provide to site - Completed']"}
RESULT: {"using":"xpath","value":"//span[text()='Provide to site - Completed']"}
COMMAND: POST /session/885acd6bfe44f64c6e2485c8ef54779e/elements - {"using":"xpath","value":"//span[text()='Provide to site - Completed']"}
RESULT: {"using":"xpath","value":"//span[text()='Provide to site - Completed']"}
COMMAND: POST /session/885acd6bfe44f64c6e2485c8ef54779e/elements - {"using":"xpath","value":"//span[text()='Provide to site - Completed']"}
RESULT: {"using":"xpath","value":"//span[text()='Provide to site - Completed']"}
COMMAND: POST /session/885acd6bfe44f64c6e2485c8ef54779e/elements - {"using":"xpath","value":"//span[text()='Provide to site - Completed']"}
RESULT: {"using":"xpath","value":"//span[text()='Provide to site - Completed']"}
COMMAND: POST /session/885acd6bfe44f64c6e2485c8ef54779e/elements - {"using":"xpath","value":"//span[text()='Provide to site - Completed']"}
RESULT: {"using":"xpath","value":"//span[text()='Provide to site - Completed']"}
COMMAND: POST /session/885acd6bfe44f64c6e2485c8ef54779e/elements - {"using":"xpath","value":"//span[text()='Provide to site - Completed']"}
RESULT: {"using":"xpath","value":"//span[text()='Provide to site - Completed']"}
COMMAND: POST /session/885acd6bfe44f64c6e2485c8ef54779e/elements - {"using":"xpath","value":"//span[text()='Provide to site - Completed']"}
RESULT: {"using":"xpath","value":"//span[text()='Provide to site - Completed']"}
COMMAND: POST /session/885acd6bfe44f64c6e2485c8ef54779e/elements - {"using":"xpath","value":"//span[text()='Provide to site - Completed']"}
RESULT: {"using":"xpath","value":"//span[text()='Provide to site - Completed']"}
COMMAND: POST /session/885acd6bfe44f64c6e2485c8ef54779e/elements - {"using":"xpath","value":"//span[text()='Provide to site - Completed']"}
RESULT: {"using":"xpath","value":"//span[text()='Provide to site - Completed']"}
COMMAND: POST /session/885acd6bfe44f64c6e2485c8ef54779e/elements - {"using":"xpath","value":"//span[text()='Provide to site - Completed']"}
RESULT: {"using":"xpath","value":"//span[text()='Provide to site - Completed']"}
COMMAND: POST /session/885acd6bfe44f64c6e2485c8ef54779e/elements - {"using":"xpath","value":"//span[text()='Provide to site - Completed']"}
RESULT: {"using":"xpath","value":"//span[text()='Provide to site - Completed']"}
COMMAND: POST /session/885acd6bfe44f64c6e2485c8ef54779e/elements - {"using":"xpath","value":"//span[text()='Provide to site - Completed']"}
RESULT: {"using":"xpath","value":"//span[text()='Provide to site - Completed']"}
COMMAND: POST /session/885acd6bfe44f64c6e2485c8ef54779e/elements - {"using":"xpath","value":"//span[text()='Provide to site - Completed']"}
RESULT: {"using":"xpath","value":"//span[text()='Provide to site - Completed']"}
COMMAND: POST /session/885acd6bfe44f64c6e2485c8ef54779e/elements - {"using":"xpath","value":"//span[text()='Provide to site - Completed']"}
RESULT: {"using":"xpath","value":"//span[text()='Provide to site - Completed']"}
COMMAND: POST /session/885acd6bfe44f64c6e2485c8ef54779e/elements - {"using":"xpath","value":"//span[text()='Provide to site - Completed']"}
RESULT: {"using":"xpath","value":"//span[text()='Provide to site - Completed']"}
COMMAND: POST /session/885acd6bfe44f64c6e2485c8ef54779e/elements - {"using":"xpath","value":"//span[text()='Provide to site - Completed']"}
RESULT: {"using":"xpath","value":"//span[text()='Provide to site - Completed']"}
COMMAND: POST /session/885acd6bfe44f64c6e2485c8ef54779e/elements - {"using":"xpath","value":"//span[text()='Provide to site - Completed']"}
RESULT: {"using":"xpath","value":"//span[text()='Provide to site - Completed']"}
COMMAND: POST /session/885acd6bfe44f64c6e2485c8ef54779e/elements - {"using":"xpath","value":"//span[text()='Provide to site - Completed']"}
RESULT: {"using":"xpath","value":"//span[text()='Provide to site - Completed']"}
COMMAND: POST /session/885acd6bfe44f64c6e2485c8ef54779e/elements - {"using":"xpath","value":"//span[text()='Provide to site - Completed']"}
RESULT: {"using":"xpath","value":"//span[text()='Provide to site - Completed']"}
COMMAND: POST /session/885acd6bfe44f64c6e2485c8ef54779e/elements - {"using":"xpath","value":"//span[text()='Provide to site - Completed']"}
RESULT: {"using":"xpath","value":"//span[text()='Provide to site - Completed']"}
COMMAND: POST /session/885acd6bfe44f64c6e2485c8ef54779e/elements - {"using":"xpath","value":"//span[text()='Provide to site - Completed']"}
RESULT: {"using":"xpath","value":"//span[text()='Provide to site - Completed']"}
COMMAND: POST /session/885acd6bfe44f64c6e2485c8ef54779e/elements - {"using":"xpath","value":"//span[text()='Provide to site - Completed']"}
RESULT: {"using":"xpath","value":"//span[text()='Provide to site - Completed']"}
COMMAND: POST /session/885acd6bfe44f64c6e2485c8ef54779e/elements - {"using":"xpath","value":"//span[text()='Provide to site - Completed']"}
RESULT: {"using":"xpath","value":"//span[text()='Provide to site - Completed']"}
COMMAND: POST /session/885acd6bfe44f64c6e2485c8ef54779e/elements - {"using":"xpath","value":"//span[text()='Provide to site - Completed']"}
RESULT: {"using":"xpath","value":"//span[text()='Provide to site - Completed']"}
COMMAND: POST /session/885acd6bfe44f64c6e2485c8ef54779e/elements - {"using":"xpath","value":"//span[text()='Provide to site - Completed']"}
RESULT: {"using":"xpath","value":"//span[text()='Provide to site - Completed']"}
COMMAND: POST /session/885acd6bfe44f64c6e2485c8ef54779e/elements - {"using":"xpath","value":"//span[text()='Provide to site - Completed']"}
RESULT: {"using":"xpath","value":"//span[text()='Provide to site - Completed']"}
COMMAND: POST /session/885acd6bfe44f64c6e2485c8ef54779e/elements - {"using":"xpath","value":"//span[text()='Provide to site - Completed']"}
RESULT: {"using":"xpath","value":"//span[text()='Provide to site - Completed']"}
COMMAND: POST /session/885acd6bfe44f64c6e2485c8ef54779e/elements - {"using":"xpath","value":"//span[text()='Provide to site - Completed']"}
RESULT: {"using":"xpath","value":"//span[text()='Provide to site - Completed']"}
COMMAND: POST /session/885acd6bfe44f64c6e2485c8ef54779e/elements - {"using":"xpath","value":"//span[text()='Provide to site - Completed']"}
RESULT: {"using":"xpath","value":"//span[text()='Provide to site - Completed']"}
COMMAND: POST /session/885acd6bfe44f64c6e2485c8ef54779e/elements - {"using":"xpath","value":"//span[text()='Provide to site - Completed']"}
RESULT: {"using":"xpath","value":"//span[text()='Provide to site - Completed']"}
COMMAND: POST /session/885acd6bfe44f64c6e2485c8ef54779e/elements - {"using":"xpath","value":"//span[text()='Provide to site - Completed']"}
COMMAND: POST /session/885acd6bfe44f64c6e2485c8ef54779e/execute/async - {"script":"<script> [1562 bytes]","args":[{"selector":{"controlType":"sap.m.Button","viewName":"etm.portal.ui.managehandovers.view.DetailExecuteHO","i18NText":{"propertyName":"text","key":"pickQty"},"interaction":{"idSuffix":"BDI-content"}},"wdio_ui5_key":"etmportal.ui.managehandovers.view.DetailExecuteHOsap.m.Button{\"propertyName\":\"text\",\"key\":\"pickQty\"}"}]}
RESULT: {"using":"xpath","value":"//span[text()='Provide to site - Completed']"}
RESULT: {"script":"<script> [1562 bytes]","args":[{"selector":{"controlType":"sap.m.Button","viewName":"etm.portal.ui.managehandovers.view.DetailExecuteHO","i18NText":{"propertyName":"text","key":"pickQty"},"interaction":{"idSuffix":"BDI-content"}},"wdio_ui5_key":"etmportal.ui.managehandovers.view.DetailExecuteHOsap.m.Button{\"propertyName\":\"text\",\"key\":\"pickQty\"}"}]}
RESULT: undefined
COMMAND: POST /session/885acd6bfe44f64c6e2485c8ef54779e/execute/async - {"script":"<script> [1562 bytes]","args":[{"selector":{"controlType":"sap.m.Link","viewName":"etm.portal.ui.managehandovers.view.DetailExecuteHO","bindingPath":{"path":"","propertyPath":"/wmDoc","modelName":"warehouseMovModel"}},"wdio_ui5_key":"etmportal.ui.managehandovers.view.DetailExecuteHOsap.m.Link{\"path\":\"\",\"propertyPath\":\"/wmDoc\",\"modelName\":\"warehouseMovModel\"}"}]}
RESULT: {"script":"<script> [1562 bytes]","args":[{"selector":{"controlType":"sap.m.Link","viewName":"etm.portal.ui.managehandovers.view.DetailExecuteHO","bindingPath":{"path":"","propertyPath":"/wmDoc","modelName":"warehouseMovModel"}},"wdio_ui5_key":"etmportal.ui.managehandovers.view.DetailExecuteHOsap.m.Link{\"path\":\"\",\"propertyPath\":\"/wmDoc\",\"modelName\":\"warehouseMovModel\"}"}]}
RESULT: undefined
COMMAND: POST /session/885acd6bfe44f64c6e2485c8ef54779e/execute/async - {"script":"<script> [1562 bytes]","args":[{"selector":{"controlType":"sap.m.Link","viewName":"etm.portal.ui.managehandovers.view.DetailExecuteHO","properties":{"text":"Warehouse Overview"},"searchOpenDialogs":true},"wdio_ui5_key":"etmportal.ui.managehandovers.view.DetailExecuteHOsap.m.Link{\"text\":\"Warehouse Overview\"}"}]}
RESULT: {"script":"<script> [1562 bytes]","args":[{"selector":{"controlType":"sap.m.Link","viewName":"etm.portal.ui.managehandovers.view.DetailExecuteHO","properties":{"text":"Warehouse Overview"},"searchOpenDialogs":true},"wdio_ui5_key":"etmportal.ui.managehandovers.view.DetailExecuteHOsap.m.Link{\"text\":\"Warehouse Overview\"}"}]}
RESULT: undefined
COMMAND: POST /session/885acd6bfe44f64c6e2485c8ef54779e/execute/async - {"script":"<script> [1562 bytes]","args":[{"selector":{"controlType":"sap.m.Button","viewName":"etm.portal.ui.warehousemovements.view.DisplayMovement","viewId":"application-warehousemovements-display-component---displayMovement","i18NText":{"propertyName":"text","key":"execution"},"interaction":{"idSuffix":"BDI-content"}},"wdio_ui5_key":"etmportal.ui.warehousemovements.view.DisplayMovementsap.m.Button{\"propertyName\":\"text\",\"key\":\"execution\"}"}]}
RESULT: {"script":"<script> [1562 bytes]","args":[{"selector":{"controlType":"sap.m.Button","viewName":"etm.portal.ui.warehousemovements.view.DisplayMovement","viewId":"application-warehousemovements-display-component---displayMovement","i18NText":{"propertyName":"text","key":"execution"},"interaction":{"idSuffix":"BDI-content"}},"wdio_ui5_key":"etmportal.ui.warehousemovements.view.DisplayMovementsap.m.Button{\"propertyName\":\"text\",\"key\":\"execution\"}"}]}
RESULT: undefined
COMMAND: POST /session/885acd6bfe44f64c6e2485c8ef54779e/execute/async - {"script":"<script> [1562 bytes]","args":[{"selector":{"controlType":"sap.m.Button","viewName":"etm.portal.ui.warehousemovements.view.ExecuteMovement","viewId":"application-warehousemovements-display-component---executeMovement","properties":{"text":"Items"},"interaction":{"idSuffix":"BDI-content"}},"wdio_ui5_key":"etmportal.ui.warehousemovements.view.ExecuteMovementsap.m.Button{\"text\":\"Items\"}"}]}
RESULT: {"script":"<script> [1562 bytes]","args":[{"selector":{"controlType":"sap.m.Button","viewName":"etm.portal.ui.warehousemovements.view.ExecuteMovement","viewId":"application-warehousemovements-display-component---executeMovement","properties":{"text":"Items"},"interaction":{"idSuffix":"BDI-content"}},"wdio_ui5_key":"etmportal.ui.warehousemovements.view.ExecuteMovementsap.m.Button{\"text\":\"Items\"}"}]}
RESULT: undefined
COMMAND: POST /session/885acd6bfe44f64c6e2485c8ef54779e/execute/async - {"script":"<script> [1562 bytes]","args":[{"selector":{"controlType":"sap.m.ToggleButton","viewName":"etm.portal.ui.warehousemovements.view.ExecuteMovement","viewId":"application-warehousemovements-display-component---executeMovement","bindingPath":{"propertyPath":"STATUS","modelName":"catalogModel"},"interaction":{"idSuffix":"BDI-content"}},"wdio_ui5_key":"etmportal.ui.warehousemovements.view.ExecuteMovementsap.m.ToggleButton{\"propertyPath\":\"STATUS\",\"modelName\":\"catalogModel\"}"}]}
RESULT: {"script":"<script> [1562 bytes]","args":[{"selector":{"controlType":"sap.m.ToggleButton","viewName":"etm.portal.ui.warehousemovements.view.ExecuteMovement","viewId":"application-warehousemovements-display-component---executeMovement","bindingPath":{"propertyPath":"STATUS","modelName":"catalogModel"},"interaction":{"idSuffix":"BDI-content"}},"wdio_ui5_key":"etmportal.ui.warehousemovements.view.ExecuteMovementsap.m.ToggleButton{\"propertyPath\":\"STATUS\",\"modelName\":\"catalogModel\"}"}]}
RESULT: undefined
RESULT: undefined
RESULT: undefined
COMMAND: POST /session/885acd6bfe44f64c6e2485c8ef54779e/execute/async - {"script":"<script> [1562 bytes]","args":[{"selector":{"id":"application-warehousemovements-display-component---executeMovement--executeId","interaction":{"idSuffix":"BDI-content"}},"wdio_ui5_key":"applicationwarehousemovements-display-component---executeMovement--executeId"}]}
RESULT: {"script":"<script> [1562 bytes]","args":[{"selector":{"id":"application-warehousemovements-display-component---executeMovement--executeId","interaction":{"idSuffix":"BDI-content"}},"wdio_ui5_key":"applicationwarehousemovements-display-component---executeMovement--executeId"}]}
RESULT: undefined
COMMAND: POST /session/885acd6bfe44f64c6e2485c8ef54779e/element - {"using":"css selector","value":"#shell-header-logo"}
RESULT: {"using":"css selector","value":"#shell-header-logo"}
COMMAND: POST /session/885acd6bfe44f64c6e2485c8ef54779e/element/f.F53CD083946FCE278F3961FDA51ABBA8.d.23C59D358BC54A197F17E583289CEF89.e.10136/click - {}
RESULT: {}
COMMAND: GET /session/885acd6bfe44f64c6e2485c8ef54779e/screenshot - {}
RESULT: {}
RESULT: undefined
COMMAND: POST /session/885acd6bfe44f64c6e2485c8ef54779e/execute/async - {"script":"<script> [1562 bytes]","args":[{"selector":{"controlType":"sap.m.SearchField","viewName":"etm.portal.ui.managehandovers.view.MasterHO","bindingPath":{"propertyPath":"/_BASIC_SEARCH_FIELD","modelName":"fi1t3rM0d31"},"interaction":{"idSuffix":"I"}},"wdio_ui5_key":"etmportal.ui.managehandovers.view.MasterHOsap.m.SearchField{\"propertyPath\":\"/_BASIC_SEARCH_FIELD\",\"modelName\":\"fi1t3rM0d31\"}"}]}
RESULT: {"script":"<script> [1562 bytes]","args":[{"selector":{"controlType":"sap.m.SearchField","viewName":"etm.portal.ui.managehandovers.view.MasterHO","bindingPath":{"propertyPath":"/_BASIC_SEARCH_FIELD","modelName":"fi1t3rM0d31"},"interaction":{"idSuffix":"I"}},"wdio_ui5_key":"etmportal.ui.managehandovers.view.MasterHOsap.m.SearchField{\"propertyPath\":\"/_BASIC_SEARCH_FIELD\",\"modelName\":\"fi1t3rM0d31\"}"}]}
RESULT: undefined
COMMAND: POST /session/885acd6bfe44f64c6e2485c8ef54779e/actions - {"actions":[{"id":"action42","type":"key","parameters":{},"actions":[{"type":"keyDown","value":"î€‡"},{"type":"pause","duration":10},{"type":"keyUp","value":"î€‡"}]}]}
RESULT: {"actions":[{"id":"action42","type":"key","parameters":{},"actions":[{"type":"keyDown","value":"î€‡"},{"type":"pause","duration":10},{"type":"keyUp","value":"î€‡"}]}]}
COMMAND: GET /session/885acd6bfe44f64c6e2485c8ef54779e/screenshot - {}
RESULT: {}
COMMAND: POST /session/885acd6bfe44f64c6e2485c8ef54779e/execute/async - {"script":"<script> [1562 bytes]","args":[{"selector":{"controlType":"sap.ui.core.Icon","viewName":"etm.portal.ui.managehandovers.view.MasterHO","properties":{"src":{"regex":{"source":"slim\\-arrow\\-right"}}}},"wdio_ui5_key":"etmportal.ui.managehandovers.view.MasterHOsap.ui.core.Icon{\"src\":{\"regex\":{\"source\":\"slim\\\\-arrow\\\\-right\"}}}"}]}
RESULT: {"script":"<script> [1562 bytes]","args":[{"selector":{"controlType":"sap.ui.core.Icon","viewName":"etm.portal.ui.managehandovers.view.MasterHO","properties":{"src":{"regex":{"source":"slim\\-arrow\\-right"}}}},"wdio_ui5_key":"etmportal.ui.managehandovers.view.MasterHOsap.ui.core.Icon{\"src\":{\"regex\":{\"source\":\"slim\\\\-arrow\\\\-right\"}}}"}]}
RESULT: undefined
COMMAND: POST /session/885acd6bfe44f64c6e2485c8ef54779e/execute/async - {"script":"<script> [1562 bytes]","args":[{"selector":{"controlType":"sap.m.Button","viewName":"etm.portal.ui.managehandovers.view.DetailExecuteHO","i18NText":{"propertyName":"text","key":"confirmAll"},"interaction":{"idSuffix":"BDI-content"}},"wdio_ui5_key":"etmportal.ui.managehandovers.view.DetailExecuteHOsap.m.Button{\"propertyName\":\"text\",\"key\":\"confirmAll\"}"}]}
RESULT: {"script":"<script> [1562 bytes]","args":[{"selector":{"controlType":"sap.m.Button","viewName":"etm.portal.ui.managehandovers.view.DetailExecuteHO","i18NText":{"propertyName":"text","key":"confirmAll"},"interaction":{"idSuffix":"BDI-content"}},"wdio_ui5_key":"etmportal.ui.managehandovers.view.DetailExecuteHOsap.m.Button{\"propertyName\":\"text\",\"key\":\"confirmAll\"}"}]}
RESULT: undefined
COMMAND: POST /session/885acd6bfe44f64c6e2485c8ef54779e/actions - {"actions":[{"id":"action43","type":"key","parameters":{},"actions":[{"type":"keyDown","value":"î€‡"},{"type":"pause","duration":10},{"type":"keyUp","value":"î€‡"}]}]}
RESULT: {"actions":[{"id":"action43","type":"key","parameters":{},"actions":[{"type":"keyDown","value":"î€‡"},{"type":"pause","duration":10},{"type":"keyUp","value":"î€‡"}]}]}
COMMAND: GET /session/885acd6bfe44f64c6e2485c8ef54779e/screenshot - {}
RESULT: {}
COMMAND: POST /session/885acd6bfe44f64c6e2485c8ef54779e/execute/async - {"script":"<script> [1562 bytes]","args":[{"selector":{"id":"confirmationButton","viewName":"etm.portal.ui.managehandovers.view.DetailExecuteHO","properties":{"text":"Issue"},"interaction":{"idSuffix":"BDI-content"}},"wdio_ui5_key":"confirmationButtonetmportal.ui.managehandovers.view.DetailExecuteHO{\"text\":\"Issue\"}"}]}
RESULT: {"script":"<script> [1562 bytes]","args":[{"selector":{"id":"confirmationButton","viewName":"etm.portal.ui.managehandovers.view.DetailExecuteHO","properties":{"text":"Issue"},"interaction":{"idSuffix":"BDI-content"}},"wdio_ui5_key":"confirmationButtonetmportal.ui.managehandovers.view.DetailExecuteHO{\"text\":\"Issue\"}"}]}
RESULT: undefined
RESULT: undefined
COMMAND: POST /session/885acd6bfe44f64c6e2485c8ef54779e/actions - {"actions":[{"id":"action44","type":"key","parameters":{},"actions":[{"type":"keyDown","value":"î€‡"},{"type":"pause","duration":10},{"type":"keyUp","value":"î€‡"}]}]}
RESULT: {"actions":[{"id":"action44","type":"key","parameters":{},"actions":[{"type":"keyDown","value":"î€‡"},{"type":"pause","duration":10},{"type":"keyUp","value":"î€‡"}]}]}
COMMAND: GET /session/885acd6bfe44f64c6e2485c8ef54779e/screenshot - {}
RESULT: {}
RESULT: undefined
COMMAND: POST /session/885acd6bfe44f64c6e2485c8ef54779e/execute/async - {"script":"<script> [1562 bytes]","args":[{"selector":{"id":"instructionsTabFilter","viewName":"etm.portal.ui.managehandovers.view.DetailExecuteHO","interaction":{"idSuffix":"text"}},"wdio_ui5_key":"instructionsTabFilteretmportal.ui.managehandovers.view.DetailExecuteHO"}]}
RESULT: {"script":"<script> [1562 bytes]","args":[{"selector":{"id":"instructionsTabFilter","viewName":"etm.portal.ui.managehandovers.view.DetailExecuteHO","interaction":{"idSuffix":"text"}},"wdio_ui5_key":"instructionsTabFilteretmportal.ui.managehandovers.view.DetailExecuteHO"}]}
RESULT: undefined
RESULT: undefined
COMMAND: POST /session/885acd6bfe44f64c6e2485c8ef54779e/execute/async - {"script":"<script> [1562 bytes]","args":[{"selector":{"controlType":"sap.m.ComboBox","viewName":"etm.portal.ui.managehandovers.view.DetailExecuteHO","bindingPath":{"propertyPath":"RECEIVING_SECTION","modelName":"catalogModel"},"interaction":{"idSuffix":"inner"}},"wdio_ui5_key":"etmportal.ui.managehandovers.view.DetailExecuteHOsap.m.ComboBox{\"propertyPath\":\"RECEIVING_SECTION\",\"modelName\":\"catalogModel\"}"}]}
RESULT: {"script":"<script> [1562 bytes]","args":[{"selector":{"controlType":"sap.m.ComboBox","viewName":"etm.portal.ui.managehandovers.view.DetailExecuteHO","bindingPath":{"propertyPath":"RECEIVING_SECTION","modelName":"catalogModel"},"interaction":{"idSuffix":"inner"}},"wdio_ui5_key":"etmportal.ui.managehandovers.view.DetailExecuteHOsap.m.ComboBox{\"propertyPath\":\"RECEIVING_SECTION\",\"modelName\":\"catalogModel\"}"}]}
RESULT: undefined
COMMAND: POST /session/885acd6bfe44f64c6e2485c8ef54779e/actions - {"actions":[{"id":"action45","type":"key","parameters":{},"actions":[{"type":"keyDown","value":"î€‡"},{"type":"pause","duration":10},{"type":"keyUp","value":"î€‡"}]}]}
RESULT: {"actions":[{"id":"action45","type":"key","parameters":{},"actions":[{"type":"keyDown","value":"î€‡"},{"type":"pause","duration":10},{"type":"keyUp","value":"î€‡"}]}]}
COMMAND: GET /session/885acd6bfe44f64c6e2485c8ef54779e/screenshot - {}
RESULT: {}
COMMAND: POST /session/885acd6bfe44f64c6e2485c8ef54779e/execute/async - {"script":"<script> [1562 bytes]","args":[{"selector":{"id":"confirmationButton","viewName":"etm.portal.ui.managehandovers.view.DetailExecuteHO","properties":{"text":"Receive"},"interaction":{"idSuffix":"BDI-content"}},"wdio_ui5_key":"confirmationButtonetmportal.ui.managehandovers.view.DetailExecuteHO{\"text\":\"Receive\"}"}]}
RESULT: {"script":"<script> [1562 bytes]","args":[{"selector":{"id":"confirmationButton","viewName":"etm.portal.ui.managehandovers.view.DetailExecuteHO","properties":{"text":"Receive"},"interaction":{"idSuffix":"BDI-content"}},"wdio_ui5_key":"confirmationButtonetmportal.ui.managehandovers.view.DetailExecuteHO{\"text\":\"Receive\"}"}]}
RESULT: undefined
COMMAND: POST /session/885acd6bfe44f64c6e2485c8ef54779e/execute/async - {"script":"<script> [1562 bytes]","args":[{"selector":{"controlType":"sap.m.Button","properties":{"text":"Continue"},"searchOpenDialogs":true,"interaction":{"idSuffix":"content"}},"wdio_ui5_key":"sapm.Button{\"text\":\"Continue\"}"}]}
RESULT: {"script":"<script> [1562 bytes]","args":[{"selector":{"controlType":"sap.m.Button","properties":{"text":"Continue"},"searchOpenDialogs":true,"interaction":{"idSuffix":"content"}},"wdio_ui5_key":"sapm.Button{\"text\":\"Continue\"}"}]}
RESULT: undefined
]]></system-out>
    </testcase>
    <testcase classname="chrome.135_0_7049_96.windows.Provide_to_Site_w/o_warehouse_management_w_clarification" name="Should test for Clarification" time="27.027">
      <system-out><![CDATA[
RESULT: undefined
RESULT: undefined
COMMAND: POST /session/885acd6bfe44f64c6e2485c8ef54779e/actions - {"actions":[{"id":"action46","type":"key","parameters":{},"actions":[{"type":"keyDown","value":"î€‡"},{"type":"pause","duration":10},{"type":"keyUp","value":"î€‡"}]}]}
RESULT: {"actions":[{"id":"action46","type":"key","parameters":{},"actions":[{"type":"keyDown","value":"î€‡"},{"type":"pause","duration":10},{"type":"keyUp","value":"î€‡"}]}]}
COMMAND: GET /session/885acd6bfe44f64c6e2485c8ef54779e/screenshot - {}
RESULT: {}
RESULT: undefined
RESULT: undefined
RESULT: undefined
COMMAND: POST /session/885acd6bfe44f64c6e2485c8ef54779e/execute/async - {"script":"<script> [1562 bytes]","args":[{"selector":{"controlType":"sap.m.ToggleButton","viewName":"etm.portal.ui.managehandovers.view.DetailExecuteHO","i18NText":{"propertyName":"text","key":"refuse"},"interaction":{"idSuffix":"BDI-content"}},"wdio_ui5_key":"etmportal.ui.managehandovers.view.DetailExecuteHOsap.m.ToggleButton{\"propertyName\":\"text\",\"key\":\"refuse\"}"}]}
RESULT: {"script":"<script> [1562 bytes]","args":[{"selector":{"controlType":"sap.m.ToggleButton","viewName":"etm.portal.ui.managehandovers.view.DetailExecuteHO","i18NText":{"propertyName":"text","key":"refuse"},"interaction":{"idSuffix":"BDI-content"}},"wdio_ui5_key":"etmportal.ui.managehandovers.view.DetailExecuteHOsap.m.ToggleButton{\"propertyName\":\"text\",\"key\":\"refuse\"}"}]}
RESULT: undefined
COMMAND: POST /session/885acd6bfe44f64c6e2485c8ef54779e/execute/async - {"script":"<script> [1562 bytes]","args":[{"selector":{"id":"confirmationButton","viewName":"etm.portal.ui.managehandovers.view.DetailExecuteHO","interaction":{"idSuffix":"BDI-content"},"properties":{"text":"Receive / Refuse"}},"wdio_ui5_key":"confirmationButtonetmportal.ui.managehandovers.view.DetailExecuteHO{\"text\":\"Receive / Refuse\"}"}]}
RESULT: {"script":"<script> [1562 bytes]","args":[{"selector":{"id":"confirmationButton","viewName":"etm.portal.ui.managehandovers.view.DetailExecuteHO","interaction":{"idSuffix":"BDI-content"},"properties":{"text":"Receive / Refuse"}},"wdio_ui5_key":"confirmationButtonetmportal.ui.managehandovers.view.DetailExecuteHO{\"text\":\"Receive / Refuse\"}"}]}
RESULT: undefined
COMMAND: POST /session/885acd6bfe44f64c6e2485c8ef54779e/element - {"using":"css selector","value":"#j_username"}
COMMAND: POST /session/885acd6bfe44f64c6e2485c8ef54779e/url - {"url":"https://qa-testing-00-live-etm-ui.cfapps.eu10-004.hana.ondemand.com/"}
COMMAND: GET /session/885acd6bfe44f64c6e2485c8ef54779e/screenshot - {}
RESULT: {"using":"css selector","value":"#j_username"}
COMMAND: POST /session/885acd6bfe44f64c6e2485c8ef54779e/element - {"using":"css selector","value":"#j_username"}
RESULT: {"url":"https://qa-testing-00-live-etm-ui.cfapps.eu10-004.hana.ondemand.com/"}
RESULT: undefined
COMMAND: GET /session/885acd6bfe44f64c6e2485c8ef54779e/screenshot - {}
RESULT: {}
RESULT: {"using":"css selector","value":"#j_username"}
COMMAND: POST /session/885acd6bfe44f64c6e2485c8ef54779e/element - {"using":"css selector","value":"#shell-header-logo"}
RESULT: {}
RESULT: {"using":"css selector","value":"#shell-header-logo"}
COMMAND: POST /session/885acd6bfe44f64c6e2485c8ef54779e/execute/sync - {"script":"<script> [8489 bytes]","args":[{"element-6066-11e4-a52e-4f735466cecf":"f.F53CD083946FCE278F3961FDA51ABBA8.d.4F4A28E60AE4244F19D8780A68A8C637.e.10830","ELEMENT":"f.F53CD083946FCE278F3961FDA51ABBA8.d.4F4A28E60AE4244F19D8780A68A8C637.e.10830"}]}
RESULT: {"script":"<script> [8489 bytes]","args":[{"element-6066-11e4-a52e-4f735466cecf":"f.F53CD083946FCE278F3961FDA51ABBA8.d.4F4A28E60AE4244F19D8780A68A8C637.e.10830","ELEMENT":"f.F53CD083946FCE278F3961FDA51ABBA8.d.4F4A28E60AE4244F19D8780A68A8C637.e.10830"}]}
COMMAND: POST /session/885acd6bfe44f64c6e2485c8ef54779e/element - {"using":"css selector","value":"#shell-header-logo"}
COMMAND: GET /session/885acd6bfe44f64c6e2485c8ef54779e/screenshot - {}
RESULT: {"using":"css selector","value":"#shell-header-logo"}
COMMAND: POST /session/885acd6bfe44f64c6e2485c8ef54779e/execute/sync - {"script":"<script> [8489 bytes]","args":[{"element-6066-11e4-a52e-4f735466cecf":"f.F53CD083946FCE278F3961FDA51ABBA8.d.4F4A28E60AE4244F19D8780A68A8C637.e.10830","ELEMENT":"f.F53CD083946FCE278F3961FDA51ABBA8.d.4F4A28E60AE4244F19D8780A68A8C637.e.10830"}]}
RESULT: {}
RESULT: {"script":"<script> [8489 bytes]","args":[{"element-6066-11e4-a52e-4f735466cecf":"f.F53CD083946FCE278F3961FDA51ABBA8.d.4F4A28E60AE4244F19D8780A68A8C637.e.10830","ELEMENT":"f.F53CD083946FCE278F3961FDA51ABBA8.d.4F4A28E60AE4244F19D8780A68A8C637.e.10830"}]}
COMMAND: POST /session/885acd6bfe44f64c6e2485c8ef54779e/execute/sync - {"script":"<script> [5351 bytes]","args":[{"element-6066-11e4-a52e-4f735466cecf":"f.F53CD083946FCE278F3961FDA51ABBA8.d.4F4A28E60AE4244F19D8780A68A8C637.e.10830","ELEMENT":"f.F53CD083946FCE278F3961FDA51ABBA8.d.4F4A28E60AE4244F19D8780A68A8C637.e.10830"}]}
COMMAND: GET /session/885acd6bfe44f64c6e2485c8ef54779e/screenshot - {}
RESULT: {"script":"<script> [5351 bytes]","args":[{"element-6066-11e4-a52e-4f735466cecf":"f.F53CD083946FCE278F3961FDA51ABBA8.d.4F4A28E60AE4244F19D8780A68A8C637.e.10830","ELEMENT":"f.F53CD083946FCE278F3961FDA51ABBA8.d.4F4A28E60AE4244F19D8780A68A8C637.e.10830"}]}
COMMAND: POST /session/885acd6bfe44f64c6e2485c8ef54779e/element - {"using":"css selector","value":"#shell-header-logo"}
COMMAND: GET /session/885acd6bfe44f64c6e2485c8ef54779e/screenshot - {}
RESULT: {}
RESULT: {"using":"css selector","value":"#shell-header-logo"}
COMMAND: POST /session/885acd6bfe44f64c6e2485c8ef54779e/element/f.F53CD083946FCE278F3961FDA51ABBA8.d.4F4A28E60AE4244F19D8780A68A8C637.e.10830/click - {}
RESULT: {}
RESULT: {}
COMMAND: GET /session/885acd6bfe44f64c6e2485c8ef54779e/screenshot - {}
RESULT: {}
COMMAND: POST /session/885acd6bfe44f64c6e2485c8ef54779e/execute/async - {"script":"<script> [189 bytes]","args":[]}
RESULT: {"script":"<script> [189 bytes]","args":[]}
COMMAND: POST /session/885acd6bfe44f64c6e2485c8ef54779e/execute/async - {"script":"<script> [123 bytes]","args":[]}
RESULT: {"script":"<script> [123 bytes]","args":[]}
COMMAND: POST /session/885acd6bfe44f64c6e2485c8ef54779e/timeouts - {"script":"<number>"}
RESULT: {"script":"<number>"}
COMMAND: GET /session/885acd6bfe44f64c6e2485c8ef54779e/timeouts - {}
RESULT: {}
RESULT: undefined
COMMAND: POST /session/885acd6bfe44f64c6e2485c8ef54779e/execute/async - {"script":"<script> [2676 bytes]","args":[]}
RESULT: {"script":"<script> [2676 bytes]","args":[]}
COMMAND: POST /session/885acd6bfe44f64c6e2485c8ef54779e/execute/async - {"script":"<script> [2342 bytes]","args":[{"protocol":"http","hostname":"0.0.0.0","path":"/","capabilities":{"browserName":"chrome","goog:chromeOptions":{"binary":"C:\\Program Files\\Google\\Chrome\\Application\\chrome.exe","args":["--start-maximized"]}},"logLevel":"warn","connectionRetryTimeout":120000,"connectionRetryCount":3,"logLevels":{},"enableDirectConnect":true,"strictSSL":true,"_":"65 more keys: [\"cacheDir\",\"port\",\"requestedCapabilities\",\"automationProtocol\",\"baseUrl\",\"waitforInterval\",\"waitforTimeout\",\"onReload\",\"beforeCommand\",\"afterCommand\",\"rootDir\",\"specs\",\"suites\",\"exclude\",\"groupLogsByTestSpec\",\"excludeDriverLogs\",\"bail\",\"framework\",\"reporters\",\"services\",\"maxInstances\",\"maxInstancesPerCapability\",\"injectGlobals\",\"filesToWatch\",\"execArgv\",\"runnerEnv\",\"runner\",\"shard\",\"specFileRetries\",\"specFileRetriesDelay\",\"specFileRetriesDeferred\",\"reporterSyncInterval\",\"reporterSyncTimeout\",\"cucumberFeaturesWithLineNumbers\",\"autoCompileOpts\",\"mochaOpts\",\"jasmineOpts\",\"cucumberOpts\",\"onPrepare\",\"onWorkerStart\",\"onWorkerEnd\",\"before\",\"beforeSession\",\"beforeSuite\",\"beforeHook\",\"beforeTest\",\"afterTest\",\"afterHook\",\"afterSuite\",\"afterSession\",\"after\",\"onComplete\",\"beforeAssertion\",\"afterAssertion\",\"beforeFeature\",\"beforeScenario\",\"beforeStep\",\"afterStep\",\"afterScenario\",\"afterFeature\",\"_\",\"suite\",\"$0\",\"ignoredWorkerServices\",\"wdi5\"]"}]}
RESULT: {"script":"<script> [2342 bytes]","args":[{"protocol":"http","hostname":"0.0.0.0","path":"/","capabilities":{"browserName":"chrome","goog:chromeOptions":{"binary":"C:\\Program Files\\Google\\Chrome\\Application\\chrome.exe","args":["--start-maximized"]}},"logLevel":"warn","connectionRetryTimeout":120000,"connectionRetryCount":3,"logLevels":{},"enableDirectConnect":true,"strictSSL":true,"_":"65 more keys: [\"cacheDir\",\"port\",\"requestedCapabilities\",\"automationProtocol\",\"baseUrl\",\"waitforInterval\",\"waitforTimeout\",\"onReload\",\"beforeCommand\",\"afterCommand\",\"rootDir\",\"specs\",\"suites\",\"exclude\",\"groupLogsByTestSpec\",\"excludeDriverLogs\",\"bail\",\"framework\",\"reporters\",\"services\",\"maxInstances\",\"maxInstancesPerCapability\",\"injectGlobals\",\"filesToWatch\",\"execArgv\",\"runnerEnv\",\"runner\",\"shard\",\"specFileRetries\",\"specFileRetriesDelay\",\"specFileRetriesDeferred\",\"reporterSyncInterval\",\"reporterSyncTimeout\",\"cucumberFeaturesWithLineNumbers\",\"autoCompileOpts\",\"mochaOpts\",\"jasmineOpts\",\"cucumberOpts\",\"onPrepare\",\"onWorkerStart\",\"onWorkerEnd\",\"before\",\"beforeSession\",\"beforeSuite\",\"beforeHook\",\"beforeTest\",\"afterTest\",\"afterHook\",\"afterSuite\",\"afterSession\",\"after\",\"onComplete\",\"beforeAssertion\",\"afterAssertion\",\"beforeFeature\",\"beforeScenario\",\"beforeStep\",\"afterStep\",\"afterScenario\",\"afterFeature\",\"_\",\"suite\",\"$0\",\"ignoredWorkerServices\",\"wdi5\"]"}]}
COMMAND: POST /session/885acd6bfe44f64c6e2485c8ef54779e/execute/async - {"script":"<script> [21126 bytes]","args":[35000]}
RESULT: {"script":"<script> [21126 bytes]","args":[35000]}
COMMAND: POST /session/885acd6bfe44f64c6e2485c8ef54779e/window/maximize - {}
RESULT: {}
COMMAND: POST /session/885acd6bfe44f64c6e2485c8ef54779e/execute/async - {"script":"<script> [1562 bytes]","args":[{"selector":{"id":"shell-header","interaction":{"idSuffix":"icon"}},"wdio_ui5_key":"shellheader"}]}
COMMAND: GET /session/885acd6bfe44f64c6e2485c8ef54779e/screenshot - {}
RESULT: {"script":"<script> [1562 bytes]","args":[{"selector":{"id":"shell-header","interaction":{"idSuffix":"icon"}},"wdio_ui5_key":"shellheader"}]}
RESULT: undefined
]]></system-out>
    </testcase>
  </testsuite>
  <testsuite timestamp="2025-05-01T17:17:11" time="288.499" tests="4" failures="0" errors="0" skipped="0">
    <properties>
      <property name="specId" value="0" />
      <property name="suiteName" value="Provide to Site w/o warehouse management w/o clarification US116612" />
      <property name="capabilities" value="chrome.135_0_7049_96.windows" />
      <property name="file" value="file:///D:/a/1/s/test/specs/HTR/provide-to-site-wo-warehouse-wo-clarification.spec.js" />
    </properties>
    <testcase classname="chrome.135_0_7049_96.windows.Provide_to_Site_w/o_warehouse_management_w/o_clarification_US116612" name="Should create a WHM yard" time="82.812">
      <system-out><![CDATA[
COMMAND: POST /session/885acd6bfe44f64c6e2485c8ef54779e/execute/async - {"script":"<script> [1562 bytes]","args":[{"selector":{"controlType":"sap.m.GenericTile","properties":{"header":"Manage Yards"}},"wdio_ui5_key":"sapm.GenericTile{\"header\":\"Manage Yards\"}"}]}
RESULT: {}
RESULT: {"script":"<script> [1562 bytes]","args":[{"selector":{"controlType":"sap.m.GenericTile","properties":{"header":"Manage Yards"}},"wdio_ui5_key":"sapm.GenericTile{\"header\":\"Manage Yards\"}"}]}
RESULT: undefined
COMMAND: POST /session/885acd6bfe44f64c6e2485c8ef54779e/element - {"using":"xpath","value":"//*[@id=\"__tile41\"]"}
RESULT: {"using":"xpath","value":"//*[@id=\"__tile41\"]"}
COMMAND: POST /session/885acd6bfe44f64c6e2485c8ef54779e/element/f.F53CD083946FCE278F3961FDA51ABBA8.d.4F4A28E60AE4244F19D8780A68A8C637.e.10837/click - {}
RESULT: {}
COMMAND: POST /session/885acd6bfe44f64c6e2485c8ef54779e/execute/async - {"script":"<script> [1562 bytes]","args":[{"selector":{"controlType":"sap.ui.core.Icon","viewName":"etm.portal.ui.manageyards.view.Master","viewId":"application-manageyards-display-component---masterYard","properties":{"src":{"regex":{"source":"add"}}}},"wdio_ui5_key":"etmportal.ui.manageyards.view.Mastersap.ui.core.Icon{\"src\":{\"regex\":{\"source\":\"add\"}}}"}]}
COMMAND: GET /session/885acd6bfe44f64c6e2485c8ef54779e/screenshot - {}
RESULT: {"script":"<script> [1562 bytes]","args":[{"selector":{"controlType":"sap.ui.core.Icon","viewName":"etm.portal.ui.manageyards.view.Master","viewId":"application-manageyards-display-component---masterYard","properties":{"src":{"regex":{"source":"add"}}}},"wdio_ui5_key":"etmportal.ui.manageyards.view.Mastersap.ui.core.Icon{\"src\":{\"regex\":{\"source\":\"add\"}}}"}]}
RESULT: undefined
COMMAND: POST /session/885acd6bfe44f64c6e2485c8ef54779e/element - {"using":"xpath","value":"//*[@id=\"__button4-img\"]"}
RESULT: {}
RESULT: {"using":"xpath","value":"//*[@id=\"__button4-img\"]"}
COMMAND: POST /session/885acd6bfe44f64c6e2485c8ef54779e/element/f.F53CD083946FCE278F3961FDA51ABBA8.d.4F4A28E60AE4244F19D8780A68A8C637.e.10883/click - {}
RESULT: {}
COMMAND: POST /session/885acd6bfe44f64c6e2485c8ef54779e/execute/async - {"script":"<script> [1562 bytes]","args":[{"selector":{"id":"application-manageyards-display-component---NewYard--addressDetailDetailsName1","interaction":{"idSuffix":"inner"}},"wdio_ui5_key":"applicationmanageyards-display-component---NewYard--addressDetailDetailsName1"}]}
COMMAND: GET /session/885acd6bfe44f64c6e2485c8ef54779e/screenshot - {}
RESULT: {"script":"<script> [1562 bytes]","args":[{"selector":{"id":"application-manageyards-display-component---NewYard--addressDetailDetailsName1","interaction":{"idSuffix":"inner"}},"wdio_ui5_key":"applicationmanageyards-display-component---NewYard--addressDetailDetailsName1"}]}
RESULT: undefined
COMMAND: POST /session/885acd6bfe44f64c6e2485c8ef54779e/execute/async - {"script":"<script> [776 bytes]","args":[{"enterText":"warehouse managed Yard","selector":{"id":"application-manageyards-display-component---NewYard--addressDetailDetailsName1","interaction":{"idSuffix":"inner"}},"clearTextFirst":true,"interactionType":"ENTER_TEXT"}]}
RESULT: {}
RESULT: {"script":"<script> [776 bytes]","args":[{"enterText":"warehouse managed Yard","selector":{"id":"application-manageyards-display-component---NewYard--addressDetailDetailsName1","interaction":{"idSuffix":"inner"}},"clearTextFirst":true,"interactionType":"ENTER_TEXT"}]}
COMMAND: POST /session/885acd6bfe44f64c6e2485c8ef54779e/execute/async - {"script":"<script> [1562 bytes]","args":[{"selector":{"id":"application-manageyards-display-component---NewYard--addressDetailDetailsLanguage-arrow"},"wdio_ui5_key":"applicationmanageyards-display-component---NewYard--addressDetailDetailsLanguage-arrow"}]}
RESULT: {"script":"<script> [1562 bytes]","args":[{"selector":{"id":"application-manageyards-display-component---NewYard--addressDetailDetailsLanguage-arrow"},"wdio_ui5_key":"applicationmanageyards-display-component---NewYard--addressDetailDetailsLanguage-arrow"}]}
RESULT: undefined
COMMAND: POST /session/885acd6bfe44f64c6e2485c8ef54779e/element - {"using":"xpath","value":"//*[@id=\"application-manageyards-display-component---NewYard--addressDetailDetailsLanguage-arrow\"]"}
RESULT: {"using":"xpath","value":"//*[@id=\"application-manageyards-display-component---NewYard--addressDetailDetailsLanguage-arrow\"]"}
COMMAND: POST /session/885acd6bfe44f64c6e2485c8ef54779e/element/f.F53CD083946FCE278F3961FDA51ABBA8.d.4F4A28E60AE4244F19D8780A68A8C637.e.11292/click - {}
RESULT: {}
COMMAND: POST /session/885acd6bfe44f64c6e2485c8ef54779e/execute/async - {"script":"<script> [1562 bytes]","args":[{"selector":{"controlType":"sap.m.StandardListItem","viewName":"etm.portal.ui.manageyards.view.New","viewId":"application-manageyards-display-component---NewYard","properties":{"title":"English"},"searchOpenDialogs":true,"interaction":{"idSuffix":"content"}},"wdio_ui5_key":"etmportal.ui.manageyards.view.Newsap.m.StandardListItem{\"title\":\"English\"}"}]}
COMMAND: GET /session/885acd6bfe44f64c6e2485c8ef54779e/screenshot - {}
RESULT: {"script":"<script> [1562 bytes]","args":[{"selector":{"controlType":"sap.m.StandardListItem","viewName":"etm.portal.ui.manageyards.view.New","viewId":"application-manageyards-display-component---NewYard","properties":{"title":"English"},"searchOpenDialogs":true,"interaction":{"idSuffix":"content"}},"wdio_ui5_key":"etmportal.ui.manageyards.view.Newsap.m.StandardListItem{\"title\":\"English\"}"}]}
RESULT: undefined
COMMAND: POST /session/885acd6bfe44f64c6e2485c8ef54779e/element - {"using":"xpath","value":"//*[@id=\"__item101\"]"}
RESULT: {}
RESULT: {"using":"xpath","value":"//*[@id=\"__item101\"]"}
COMMAND: POST /session/885acd6bfe44f64c6e2485c8ef54779e/element/f.F53CD083946FCE278F3961FDA51ABBA8.d.4F4A28E60AE4244F19D8780A68A8C637.e.11294/click - {}
RESULT: {}
COMMAND: POST /session/885acd6bfe44f64c6e2485c8ef54779e/execute/async - {"script":"<script> [1562 bytes]","args":[{"selector":{"id":"application-manageyards-display-component---NewYard--addressDetailDetailsCity1","interaction":{"idSuffix":"inner"}},"wdio_ui5_key":"applicationmanageyards-display-component---NewYard--addressDetailDetailsCity1"}]}
COMMAND: GET /session/885acd6bfe44f64c6e2485c8ef54779e/screenshot - {}
RESULT: {"script":"<script> [1562 bytes]","args":[{"selector":{"id":"application-manageyards-display-component---NewYard--addressDetailDetailsCity1","interaction":{"idSuffix":"inner"}},"wdio_ui5_key":"applicationmanageyards-display-component---NewYard--addressDetailDetailsCity1"}]}
RESULT: undefined
COMMAND: POST /session/885acd6bfe44f64c6e2485c8ef54779e/execute/async - {"script":"<script> [776 bytes]","args":[{"enterText":"Rosario","selector":{"id":"application-manageyards-display-component---NewYard--addressDetailDetailsCity1","interaction":{"idSuffix":"inner"}},"clearTextFirst":true,"interactionType":"ENTER_TEXT"}]}
RESULT: {}
RESULT: {"script":"<script> [776 bytes]","args":[{"enterText":"Rosario","selector":{"id":"application-manageyards-display-component---NewYard--addressDetailDetailsCity1","interaction":{"idSuffix":"inner"}},"clearTextFirst":true,"interactionType":"ENTER_TEXT"}]}
COMMAND: POST /session/885acd6bfe44f64c6e2485c8ef54779e/execute/async - {"script":"<script> [1562 bytes]","args":[{"selector":{"id":"application-manageyards-display-component---NewYard--addressDetailDetailsCountry-arrow"},"wdio_ui5_key":"applicationmanageyards-display-component---NewYard--addressDetailDetailsCountry-arrow"}]}
RESULT: {"script":"<script> [1562 bytes]","args":[{"selector":{"id":"application-manageyards-display-component---NewYard--addressDetailDetailsCountry-arrow"},"wdio_ui5_key":"applicationmanageyards-display-component---NewYard--addressDetailDetailsCountry-arrow"}]}
RESULT: undefined
COMMAND: POST /session/885acd6bfe44f64c6e2485c8ef54779e/element - {"using":"xpath","value":"//*[@id=\"application-manageyards-display-component---NewYard--addressDetailDetailsCountry-arrow\"]"}
RESULT: {"using":"xpath","value":"//*[@id=\"application-manageyards-display-component---NewYard--addressDetailDetailsCountry-arrow\"]"}
COMMAND: POST /session/885acd6bfe44f64c6e2485c8ef54779e/element/f.F53CD083946FCE278F3961FDA51ABBA8.d.4F4A28E60AE4244F19D8780A68A8C637.e.11275/click - {}
RESULT: {}
COMMAND: POST /session/885acd6bfe44f64c6e2485c8ef54779e/execute/async - {"script":"<script> [1562 bytes]","args":[{"selector":{"controlType":"sap.m.StandardListItem","viewName":"etm.portal.ui.manageyards.view.New","viewId":"application-manageyards-display-component---NewYard","properties":{"title":"Argentina"},"searchOpenDialogs":true,"interaction":{"idSuffix":"content"}},"wdio_ui5_key":"etmportal.ui.manageyards.view.Newsap.m.StandardListItem{\"title\":\"Argentina\"}"}]}
COMMAND: GET /session/885acd6bfe44f64c6e2485c8ef54779e/screenshot - {}
RESULT: {"script":"<script> [1562 bytes]","args":[{"selector":{"controlType":"sap.m.StandardListItem","viewName":"etm.portal.ui.manageyards.view.New","viewId":"application-manageyards-display-component---NewYard","properties":{"title":"Argentina"},"searchOpenDialogs":true,"interaction":{"idSuffix":"content"}},"wdio_ui5_key":"etmportal.ui.manageyards.view.Newsap.m.StandardListItem{\"title\":\"Argentina\"}"}]}
RESULT: undefined
COMMAND: POST /session/885acd6bfe44f64c6e2485c8ef54779e/element - {"using":"xpath","value":"//*[@id=\"__item144\"]"}
RESULT: {}
RESULT: {"using":"xpath","value":"//*[@id=\"__item144\"]"}
COMMAND: POST /session/885acd6bfe44f64c6e2485c8ef54779e/element/f.F53CD083946FCE278F3961FDA51ABBA8.d.4F4A28E60AE4244F19D8780A68A8C637.e.11298/click - {}
RESULT: {}
COMMAND: POST /session/885acd6bfe44f64c6e2485c8ef54779e/execute/async - {"script":"<script> [1562 bytes]","args":[{"selector":{"controlType":"sap.m.Button","viewName":"etm.portal.ui.manageyards.view.New","viewId":"application-manageyards-display-component---NewYard","properties":{"text":"Commercial"},"interaction":{"idSuffix":"BDI-content"}},"wdio_ui5_key":"etmportal.ui.manageyards.view.Newsap.m.Button{\"text\":\"Commercial\"}"}]}
COMMAND: GET /session/885acd6bfe44f64c6e2485c8ef54779e/screenshot - {}
RESULT: {"script":"<script> [1562 bytes]","args":[{"selector":{"controlType":"sap.m.Button","viewName":"etm.portal.ui.manageyards.view.New","viewId":"application-manageyards-display-component---NewYard","properties":{"text":"Commercial"},"interaction":{"idSuffix":"BDI-content"}},"wdio_ui5_key":"etmportal.ui.manageyards.view.Newsap.m.Button{\"text\":\"Commercial\"}"}]}
RESULT: undefined
COMMAND: POST /session/885acd6bfe44f64c6e2485c8ef54779e/element - {"using":"xpath","value":"//*[@id=\"application-manageyards-display-component---NewYard--ObjectPageLayout-anchBar-__section5-anchor\"]"}
RESULT: {}
RESULT: {"using":"xpath","value":"//*[@id=\"application-manageyards-display-component---NewYard--ObjectPageLayout-anchBar-__section5-anchor\"]"}
COMMAND: POST /session/885acd6bfe44f64c6e2485c8ef54779e/element/f.F53CD083946FCE278F3961FDA51ABBA8.d.4F4A28E60AE4244F19D8780A68A8C637.e.11300/click - {}
RESULT: {}
COMMAND: GET /session/885acd6bfe44f64c6e2485c8ef54779e/screenshot - {}
RESULT: {}
COMMAND: POST /session/885acd6bfe44f64c6e2485c8ef54779e/execute/async - {"script":"<script> [1562 bytes]","args":[{"selector":{"id":"application-manageyards-display-component---NewYard--addressEditDetailsCostObjectCstType-arrow"},"wdio_ui5_key":"applicationmanageyards-display-component---NewYard--addressEditDetailsCostObjectCstType-arrow"}]}
RESULT: {"script":"<script> [1562 bytes]","args":[{"selector":{"id":"application-manageyards-display-component---NewYard--addressEditDetailsCostObjectCstType-arrow"},"wdio_ui5_key":"applicationmanageyards-display-component---NewYard--addressEditDetailsCostObjectCstType-arrow"}]}
RESULT: undefined
COMMAND: POST /session/885acd6bfe44f64c6e2485c8ef54779e/element - {"using":"xpath","value":"//*[@id=\"application-manageyards-display-component---NewYard--addressEditDetailsCostObjectCstType-arrow\"]"}
RESULT: {"using":"xpath","value":"//*[@id=\"application-manageyards-display-component---NewYard--addressEditDetailsCostObjectCstType-arrow\"]"}
COMMAND: POST /session/885acd6bfe44f64c6e2485c8ef54779e/element/f.F53CD083946FCE278F3961FDA51ABBA8.d.4F4A28E60AE4244F19D8780A68A8C637.e.11317/click - {}
RESULT: {}
COMMAND: GET /session/885acd6bfe44f64c6e2485c8ef54779e/screenshot - {}
RESULT: {}
COMMAND: POST /session/885acd6bfe44f64c6e2485c8ef54779e/execute/async - {"script":"<script> [1562 bytes]","args":[{"selector":{"controlType":"sap.m.StandardListItem","viewName":"etm.portal.ui.manageyards.view.New","viewId":"application-manageyards-display-component---NewYard","properties":{"title":"Cost Center"},"searchOpenDialogs":true,"interaction":{"idSuffix":"titleText"}},"wdio_ui5_key":"etmportal.ui.manageyards.view.Newsap.m.StandardListItem{\"title\":\"Cost Center\"}"}]}
RESULT: {"script":"<script> [1562 bytes]","args":[{"selector":{"controlType":"sap.m.StandardListItem","viewName":"etm.portal.ui.manageyards.view.New","viewId":"application-manageyards-display-component---NewYard","properties":{"title":"Cost Center"},"searchOpenDialogs":true,"interaction":{"idSuffix":"titleText"}},"wdio_ui5_key":"etmportal.ui.manageyards.view.Newsap.m.StandardListItem{\"title\":\"Cost Center\"}"}]}
RESULT: undefined
COMMAND: POST /session/885acd6bfe44f64c6e2485c8ef54779e/element - {"using":"xpath","value":"//*[@id=\"__item234\"]"}
RESULT: {"using":"xpath","value":"//*[@id=\"__item234\"]"}
COMMAND: POST /session/885acd6bfe44f64c6e2485c8ef54779e/element/f.F53CD083946FCE278F3961FDA51ABBA8.d.4F4A28E60AE4244F19D8780A68A8C637.e.11319/click - {}
RESULT: {}
COMMAND: POST /session/885acd6bfe44f64c6e2485c8ef54779e/element - {"using":"xpath","value":"//input[@id=\"application-manageyards-display-component---NewYard--addressNewCostObjectCstID-inner\"]"}
COMMAND: GET /session/885acd6bfe44f64c6e2485c8ef54779e/screenshot - {}
RESULT: {"using":"xpath","value":"//input[@id=\"application-manageyards-display-component---NewYard--addressNewCostObjectCstID-inner\"]"}
COMMAND: POST /session/885acd6bfe44f64c6e2485c8ef54779e/element/f.F53CD083946FCE278F3961FDA51ABBA8.d.4F4A28E60AE4244F19D8780A68A8C637.e.11111/clear - {}
RESULT: {}
COMMAND: POST /session/885acd6bfe44f64c6e2485c8ef54779e/element - {"using":"xpath","value":"//input[@id=\"application-manageyards-display-component---NewYard--addressNewCostObjectCstID-inner\"]"}
RESULT: {"using":"xpath","value":"//input[@id=\"application-manageyards-display-component---NewYard--addressNewCostObjectCstID-inner\"]"}
COMMAND: POST /session/885acd6bfe44f64c6e2485c8ef54779e/element/f.F53CD083946FCE278F3961FDA51ABBA8.d.4F4A28E60AE4244F19D8780A68A8C637.e.11111/clear - {}
COMMAND: POST /session/885acd6bfe44f64c6e2485c8ef54779e/element - {"using":"xpath","value":"//input[@id=\"application-manageyards-display-component---NewYard--addressNewCostObjectCstID-inner\"]"}
RESULT: {"using":"xpath","value":"//input[@id=\"application-manageyards-display-component---NewYard--addressNewCostObjectCstID-inner\"]"}
COMMAND: POST /session/885acd6bfe44f64c6e2485c8ef54779e/element/f.F53CD083946FCE278F3961FDA51ABBA8.d.4F4A28E60AE4244F19D8780A68A8C637.e.11322/clear - {}
COMMAND: POST /session/885acd6bfe44f64c6e2485c8ef54779e/element - {"using":"xpath","value":"//input[@id=\"application-manageyards-display-component---NewYard--addressNewCostObjectCstID-inner\"]"}
RESULT: {"using":"xpath","value":"//input[@id=\"application-manageyards-display-component---NewYard--addressNewCostObjectCstID-inner\"]"}
COMMAND: POST /session/885acd6bfe44f64c6e2485c8ef54779e/element/f.F53CD083946FCE278F3961FDA51ABBA8.d.4F4A28E60AE4244F19D8780A68A8C637.e.11322/clear - {}
COMMAND: POST /session/885acd6bfe44f64c6e2485c8ef54779e/element - {"using":"xpath","value":"//input[@id=\"application-manageyards-display-component---NewYard--addressNewCostObjectCstID-inner\"]"}
RESULT: {"using":"xpath","value":"//input[@id=\"application-manageyards-display-component---NewYard--addressNewCostObjectCstID-inner\"]"}
COMMAND: POST /session/885acd6bfe44f64c6e2485c8ef54779e/element/f.F53CD083946FCE278F3961FDA51ABBA8.d.4F4A28E60AE4244F19D8780A68A8C637.e.11324/clear - {}
RESULT: {}
COMMAND: POST /session/885acd6bfe44f64c6e2485c8ef54779e/element/f.F53CD083946FCE278F3961FDA51ABBA8.d.4F4A28E60AE4244F19D8780A68A8C637.e.11324/value - {"text":"10001013"}
COMMAND: GET /session/885acd6bfe44f64c6e2485c8ef54779e/screenshot - {}
RESULT: {"text":"10001013"}
COMMAND: GET /session/885acd6bfe44f64c6e2485c8ef54779e/screenshot - {}
RESULT: {}
RESULT: {}
COMMAND: POST /session/885acd6bfe44f64c6e2485c8ef54779e/execute/async - {"script":"<script> [1562 bytes]","args":[{"selector":{"controlType":"sap.m.StandardListItem","viewName":"etm.portal.ui.manageyards.view.New","viewId":"application-manageyards-display-component---NewYard","properties":{"type":"Active"},"searchOpenDialogs":true,"interaction":{"idSuffix":"titleText"}},"wdio_ui5_key":"etmportal.ui.manageyards.view.Newsap.m.StandardListItem{\"type\":\"Active\"}"}]}
RESULT: {"script":"<script> [1562 bytes]","args":[{"selector":{"controlType":"sap.m.StandardListItem","viewName":"etm.portal.ui.manageyards.view.New","viewId":"application-manageyards-display-component---NewYard","properties":{"type":"Active"},"searchOpenDialogs":true,"interaction":{"idSuffix":"titleText"}},"wdio_ui5_key":"etmportal.ui.manageyards.view.Newsap.m.StandardListItem{\"type\":\"Active\"}"}]}
RESULT: undefined
COMMAND: POST /session/885acd6bfe44f64c6e2485c8ef54779e/element - {"using":"xpath","value":"//*[@id=\"__item339\"]"}
RESULT: {"using":"xpath","value":"//*[@id=\"__item339\"]"}
COMMAND: POST /session/885acd6bfe44f64c6e2485c8ef54779e/element/f.F53CD083946FCE278F3961FDA51ABBA8.d.4F4A28E60AE4244F19D8780A68A8C637.e.11328/click - {}
RESULT: {}
COMMAND: POST /session/885acd6bfe44f64c6e2485c8ef54779e/execute/async - {"script":"<script> [1562 bytes]","args":[{"selector":{"id":"application-manageyards-display-component---NewYard--addressEditDetailsCurrency-arrow"},"wdio_ui5_key":"applicationmanageyards-display-component---NewYard--addressEditDetailsCurrency-arrow"}]}
COMMAND: GET /session/885acd6bfe44f64c6e2485c8ef54779e/screenshot - {}
RESULT: {"script":"<script> [1562 bytes]","args":[{"selector":{"id":"application-manageyards-display-component---NewYard--addressEditDetailsCurrency-arrow"},"wdio_ui5_key":"applicationmanageyards-display-component---NewYard--addressEditDetailsCurrency-arrow"}]}
RESULT: undefined
COMMAND: POST /session/885acd6bfe44f64c6e2485c8ef54779e/element - {"using":"xpath","value":"//*[@id=\"application-manageyards-display-component---NewYard--addressEditDetailsCurrency-arrow\"]"}
RESULT: {}
RESULT: {"using":"xpath","value":"//*[@id=\"application-manageyards-display-component---NewYard--addressEditDetailsCurrency-arrow\"]"}
COMMAND: POST /session/885acd6bfe44f64c6e2485c8ef54779e/element/f.F53CD083946FCE278F3961FDA51ABBA8.d.4F4A28E60AE4244F19D8780A68A8C637.e.11330/click - {}
RESULT: {}
COMMAND: POST /session/885acd6bfe44f64c6e2485c8ef54779e/execute/async - {"script":"<script> [1562 bytes]","args":[{"selector":{"controlType":"sap.m.StandardListItem","viewName":"etm.portal.ui.manageyards.view.New","viewId":"application-manageyards-display-component---NewYard","properties":{"title":"Euro"},"searchOpenDialogs":true,"interaction":{"idSuffix":"content"}},"wdio_ui5_key":"etmportal.ui.manageyards.view.Newsap.m.StandardListItem{\"title\":\"Euro\"}"}]}
COMMAND: GET /session/885acd6bfe44f64c6e2485c8ef54779e/screenshot - {}
RESULT: {"script":"<script> [1562 bytes]","args":[{"selector":{"controlType":"sap.m.StandardListItem","viewName":"etm.portal.ui.manageyards.view.New","viewId":"application-manageyards-display-component---NewYard","properties":{"title":"Euro"},"searchOpenDialogs":true,"interaction":{"idSuffix":"content"}},"wdio_ui5_key":"etmportal.ui.manageyards.view.Newsap.m.StandardListItem{\"title\":\"Euro\"}"}]}
RESULT: undefined
COMMAND: POST /session/885acd6bfe44f64c6e2485c8ef54779e/element - {"using":"xpath","value":"//*[@id=\"__item340\"]"}
RESULT: {}
RESULT: {"using":"xpath","value":"//*[@id=\"__item340\"]"}
COMMAND: POST /session/885acd6bfe44f64c6e2485c8ef54779e/element/f.F53CD083946FCE278F3961FDA51ABBA8.d.4F4A28E60AE4244F19D8780A68A8C637.e.11332/click - {}
RESULT: {}
COMMAND: POST /session/885acd6bfe44f64c6e2485c8ef54779e/execute/async - {"script":"<script> [1562 bytes]","args":[{"selector":{"controlType":"sap.m.Input","viewName":"etm.portal.ui.manageyards.view.New","viewId":"application-manageyards-display-component---NewYard","bindingPath":{"path":"","propertyPath":"/CONTROLLING_AREA","modelName":"NewYardModel"},"interaction":{"idSuffix":"inner"}},"wdio_ui5_key":"etmportal.ui.manageyards.view.Newsap.m.Input{\"path\":\"\",\"propertyPath\":\"/CONTROLLING_AREA\",\"modelName\":\"NewYardModel\"}"}]}
COMMAND: GET /session/885acd6bfe44f64c6e2485c8ef54779e/screenshot - {}
RESULT: {"script":"<script> [1562 bytes]","args":[{"selector":{"controlType":"sap.m.Input","viewName":"etm.portal.ui.manageyards.view.New","viewId":"application-manageyards-display-component---NewYard","bindingPath":{"path":"","propertyPath":"/CONTROLLING_AREA","modelName":"NewYardModel"},"interaction":{"idSuffix":"inner"}},"wdio_ui5_key":"etmportal.ui.manageyards.view.Newsap.m.Input{\"path\":\"\",\"propertyPath\":\"/CONTROLLING_AREA\",\"modelName\":\"NewYardModel\"}"}]}
RESULT: undefined
COMMAND: POST /session/885acd6bfe44f64c6e2485c8ef54779e/execute/async - {"script":"<script> [776 bytes]","args":[{"enterText":"Z001","selector":{"controlType":"sap.m.Input","viewName":"etm.portal.ui.manageyards.view.New","viewId":"application-manageyards-display-component---NewYard","bindingPath":{"path":"","propertyPath":"/CONTROLLING_AREA","modelName":"NewYardModel"},"interaction":{"idSuffix":"inner"}},"clearTextFirst":true,"interactionType":"ENTER_TEXT"}]}
RESULT: {}
RESULT: {"script":"<script> [776 bytes]","args":[{"enterText":"Z001","selector":{"controlType":"sap.m.Input","viewName":"etm.portal.ui.manageyards.view.New","viewId":"application-manageyards-display-component---NewYard","bindingPath":{"path":"","propertyPath":"/CONTROLLING_AREA","modelName":"NewYardModel"},"interaction":{"idSuffix":"inner"}},"clearTextFirst":true,"interactionType":"ENTER_TEXT"}]}
COMMAND: POST /session/885acd6bfe44f64c6e2485c8ef54779e/execute/async - {"script":"<script> [1562 bytes]","args":[{"selector":{"id":"application-manageyards-display-component---NewYard--companyCodeComboBox","interaction":{"idSuffix":"inner"}},"wdio_ui5_key":"applicationmanageyards-display-component---NewYard--companyCodeComboBox"}]}
RESULT: {"script":"<script> [1562 bytes]","args":[{"selector":{"id":"application-manageyards-display-component---NewYard--companyCodeComboBox","interaction":{"idSuffix":"inner"}},"wdio_ui5_key":"applicationmanageyards-display-component---NewYard--companyCodeComboBox"}]}
RESULT: undefined
COMMAND: POST /session/885acd6bfe44f64c6e2485c8ef54779e/execute/async - {"script":"<script> [776 bytes]","args":[{"enterText":"1000","selector":{"id":"application-manageyards-display-component---NewYard--companyCodeComboBox","interaction":{"idSuffix":"inner"}},"clearTextFirst":true,"interactionType":"ENTER_TEXT"}]}
RESULT: {"script":"<script> [776 bytes]","args":[{"enterText":"1000","selector":{"id":"application-manageyards-display-component---NewYard--companyCodeComboBox","interaction":{"idSuffix":"inner"}},"clearTextFirst":true,"interactionType":"ENTER_TEXT"}]}
COMMAND: POST /session/885acd6bfe44f64c6e2485c8ef54779e/execute/async - {"script":"<script> [1562 bytes]","args":[{"selector":{"controlType":"sap.m.Input","viewName":"etm.portal.ui.manageyards.view.New","viewId":"application-manageyards-display-component---NewYard","bindingPath":{"path":"","propertyPath":"/PLANT","modelName":"NewYardModel"},"interaction":{"idSuffix":"inner"}},"wdio_ui5_key":"etmportal.ui.manageyards.view.Newsap.m.Input{\"path\":\"\",\"propertyPath\":\"/PLANT\",\"modelName\":\"NewYardModel\"}"}]}
RESULT: {"script":"<script> [1562 bytes]","args":[{"selector":{"controlType":"sap.m.Input","viewName":"etm.portal.ui.manageyards.view.New","viewId":"application-manageyards-display-component---NewYard","bindingPath":{"path":"","propertyPath":"/PLANT","modelName":"NewYardModel"},"interaction":{"idSuffix":"inner"}},"wdio_ui5_key":"etmportal.ui.manageyards.view.Newsap.m.Input{\"path\":\"\",\"propertyPath\":\"/PLANT\",\"modelName\":\"NewYardModel\"}"}]}
RESULT: undefined
COMMAND: POST /session/885acd6bfe44f64c6e2485c8ef54779e/execute/async - {"script":"<script> [776 bytes]","args":[{"enterText":"1001","selector":{"controlType":"sap.m.Input","viewName":"etm.portal.ui.manageyards.view.New","viewId":"application-manageyards-display-component---NewYard","bindingPath":{"path":"","propertyPath":"/PLANT","modelName":"NewYardModel"},"interaction":{"idSuffix":"inner"}},"clearTextFirst":true,"interactionType":"ENTER_TEXT"}]}
RESULT: {"script":"<script> [776 bytes]","args":[{"enterText":"1001","selector":{"controlType":"sap.m.Input","viewName":"etm.portal.ui.manageyards.view.New","viewId":"application-manageyards-display-component---NewYard","bindingPath":{"path":"","propertyPath":"/PLANT","modelName":"NewYardModel"},"interaction":{"idSuffix":"inner"}},"clearTextFirst":true,"interactionType":"ENTER_TEXT"}]}
COMMAND: POST /session/885acd6bfe44f64c6e2485c8ef54779e/execute/async - {"script":"<script> [1562 bytes]","args":[{"selector":{"controlType":"sap.m.Input","viewName":"etm.portal.ui.manageyards.view.New","viewId":"application-manageyards-display-component---NewYard","bindingPath":{"path":"","propertyPath":"/SALES_AREA_VKORG","modelName":"NewYardModel"},"interaction":{"idSuffix":"inner"}},"wdio_ui5_key":"etmportal.ui.manageyards.view.Newsap.m.Input{\"path\":\"\",\"propertyPath\":\"/SALES_AREA_VKORG\",\"modelName\":\"NewYardModel\"}"}]}
RESULT: {"script":"<script> [1562 bytes]","args":[{"selector":{"controlType":"sap.m.Input","viewName":"etm.portal.ui.manageyards.view.New","viewId":"application-manageyards-display-component---NewYard","bindingPath":{"path":"","propertyPath":"/SALES_AREA_VKORG","modelName":"NewYardModel"},"interaction":{"idSuffix":"inner"}},"wdio_ui5_key":"etmportal.ui.manageyards.view.Newsap.m.Input{\"path\":\"\",\"propertyPath\":\"/SALES_AREA_VKORG\",\"modelName\":\"NewYardModel\"}"}]}
RESULT: undefined
COMMAND: POST /session/885acd6bfe44f64c6e2485c8ef54779e/execute/async - {"script":"<script> [776 bytes]","args":[{"enterText":"C002","selector":{"controlType":"sap.m.Input","viewName":"etm.portal.ui.manageyards.view.New","viewId":"application-manageyards-display-component---NewYard","bindingPath":{"path":"","propertyPath":"/SALES_AREA_VKORG","modelName":"NewYardModel"},"interaction":{"idSuffix":"inner"}},"clearTextFirst":true,"interactionType":"ENTER_TEXT"}]}
RESULT: {"script":"<script> [776 bytes]","args":[{"enterText":"C002","selector":{"controlType":"sap.m.Input","viewName":"etm.portal.ui.manageyards.view.New","viewId":"application-manageyards-display-component---NewYard","bindingPath":{"path":"","propertyPath":"/SALES_AREA_VKORG","modelName":"NewYardModel"},"interaction":{"idSuffix":"inner"}},"clearTextFirst":true,"interactionType":"ENTER_TEXT"}]}
COMMAND: POST /session/885acd6bfe44f64c6e2485c8ef54779e/execute/async - {"script":"<script> [1562 bytes]","args":[{"selector":{"controlType":"sap.m.Input","viewName":"etm.portal.ui.manageyards.view.New","viewId":"application-manageyards-display-component---NewYard","bindingPath":{"path":"","propertyPath":"/SALES_AREA_VTWEG","modelName":"NewYardModel"},"interaction":{"idSuffix":"inner"}},"wdio_ui5_key":"etmportal.ui.manageyards.view.Newsap.m.Input{\"path\":\"\",\"propertyPath\":\"/SALES_AREA_VTWEG\",\"modelName\":\"NewYardModel\"}"}]}
RESULT: {"script":"<script> [1562 bytes]","args":[{"selector":{"controlType":"sap.m.Input","viewName":"etm.portal.ui.manageyards.view.New","viewId":"application-manageyards-display-component---NewYard","bindingPath":{"path":"","propertyPath":"/SALES_AREA_VTWEG","modelName":"NewYardModel"},"interaction":{"idSuffix":"inner"}},"wdio_ui5_key":"etmportal.ui.manageyards.view.Newsap.m.Input{\"path\":\"\",\"propertyPath\":\"/SALES_AREA_VTWEG\",\"modelName\":\"NewYardModel\"}"}]}
RESULT: undefined
COMMAND: POST /session/885acd6bfe44f64c6e2485c8ef54779e/execute/async - {"script":"<script> [776 bytes]","args":[{"enterText":"C2","selector":{"controlType":"sap.m.Input","viewName":"etm.portal.ui.manageyards.view.New","viewId":"application-manageyards-display-component---NewYard","bindingPath":{"path":"","propertyPath":"/SALES_AREA_VTWEG","modelName":"NewYardModel"},"interaction":{"idSuffix":"inner"}},"clearTextFirst":true,"interactionType":"ENTER_TEXT"}]}
RESULT: {"script":"<script> [776 bytes]","args":[{"enterText":"C2","selector":{"controlType":"sap.m.Input","viewName":"etm.portal.ui.manageyards.view.New","viewId":"application-manageyards-display-component---NewYard","bindingPath":{"path":"","propertyPath":"/SALES_AREA_VTWEG","modelName":"NewYardModel"},"interaction":{"idSuffix":"inner"}},"clearTextFirst":true,"interactionType":"ENTER_TEXT"}]}
COMMAND: POST /session/885acd6bfe44f64c6e2485c8ef54779e/execute/async - {"script":"<script> [1562 bytes]","args":[{"selector":{"controlType":"sap.m.Input","viewName":"etm.portal.ui.manageyards.view.New","viewId":"application-manageyards-display-component---NewYard","bindingPath":{"path":"","propertyPath":"/SALES_AREA_SPART","modelName":"NewYardModel"},"interaction":{"idSuffix":"inner"}},"wdio_ui5_key":"etmportal.ui.manageyards.view.Newsap.m.Input{\"path\":\"\",\"propertyPath\":\"/SALES_AREA_SPART\",\"modelName\":\"NewYardModel\"}"}]}
RESULT: {"script":"<script> [1562 bytes]","args":[{"selector":{"controlType":"sap.m.Input","viewName":"etm.portal.ui.manageyards.view.New","viewId":"application-manageyards-display-component---NewYard","bindingPath":{"path":"","propertyPath":"/SALES_AREA_SPART","modelName":"NewYardModel"},"interaction":{"idSuffix":"inner"}},"wdio_ui5_key":"etmportal.ui.manageyards.view.Newsap.m.Input{\"path\":\"\",\"propertyPath\":\"/SALES_AREA_SPART\",\"modelName\":\"NewYardModel\"}"}]}
RESULT: undefined
COMMAND: POST /session/885acd6bfe44f64c6e2485c8ef54779e/execute/async - {"script":"<script> [776 bytes]","args":[{"enterText":"C2","selector":{"controlType":"sap.m.Input","viewName":"etm.portal.ui.manageyards.view.New","viewId":"application-manageyards-display-component---NewYard","bindingPath":{"path":"","propertyPath":"/SALES_AREA_SPART","modelName":"NewYardModel"},"interaction":{"idSuffix":"inner"}},"clearTextFirst":true,"interactionType":"ENTER_TEXT"}]}
RESULT: {"script":"<script> [776 bytes]","args":[{"enterText":"C2","selector":{"controlType":"sap.m.Input","viewName":"etm.portal.ui.manageyards.view.New","viewId":"application-manageyards-display-component---NewYard","bindingPath":{"path":"","propertyPath":"/SALES_AREA_SPART","modelName":"NewYardModel"},"interaction":{"idSuffix":"inner"}},"clearTextFirst":true,"interactionType":"ENTER_TEXT"}]}
COMMAND: POST /session/885acd6bfe44f64c6e2485c8ef54779e/execute/async - {"script":"<script> [1562 bytes]","args":[{"selector":{"controlType":"sap.m.Input","viewName":"etm.portal.ui.manageyards.view.New","viewId":"application-manageyards-display-component---NewYard","bindingPath":{"path":"","propertyPath":"/SHIP_POINT","modelName":"NewYardModel"},"interaction":{"idSuffix":"inner"}},"wdio_ui5_key":"etmportal.ui.manageyards.view.Newsap.m.Input{\"path\":\"\",\"propertyPath\":\"/SHIP_POINT\",\"modelName\":\"NewYardModel\"}"}]}
RESULT: {"script":"<script> [1562 bytes]","args":[{"selector":{"controlType":"sap.m.Input","viewName":"etm.portal.ui.manageyards.view.New","viewId":"application-manageyards-display-component---NewYard","bindingPath":{"path":"","propertyPath":"/SHIP_POINT","modelName":"NewYardModel"},"interaction":{"idSuffix":"inner"}},"wdio_ui5_key":"etmportal.ui.manageyards.view.Newsap.m.Input{\"path\":\"\",\"propertyPath\":\"/SHIP_POINT\",\"modelName\":\"NewYardModel\"}"}]}
RESULT: undefined
COMMAND: POST /session/885acd6bfe44f64c6e2485c8ef54779e/execute/async - {"script":"<script> [776 bytes]","args":[{"enterText":"1710","selector":{"controlType":"sap.m.Input","viewName":"etm.portal.ui.manageyards.view.New","viewId":"application-manageyards-display-component---NewYard","bindingPath":{"path":"","propertyPath":"/SHIP_POINT","modelName":"NewYardModel"},"interaction":{"idSuffix":"inner"}},"clearTextFirst":true,"interactionType":"ENTER_TEXT"}]}
RESULT: {"script":"<script> [776 bytes]","args":[{"enterText":"1710","selector":{"controlType":"sap.m.Input","viewName":"etm.portal.ui.manageyards.view.New","viewId":"application-manageyards-display-component---NewYard","bindingPath":{"path":"","propertyPath":"/SHIP_POINT","modelName":"NewYardModel"},"interaction":{"idSuffix":"inner"}},"clearTextFirst":true,"interactionType":"ENTER_TEXT"}]}
COMMAND: POST /session/885acd6bfe44f64c6e2485c8ef54779e/execute/async - {"script":"<script> [1562 bytes]","args":[{"selector":{"controlType":"sap.m.Input","viewName":"etm.portal.ui.manageyards.view.New","viewId":"application-manageyards-display-component---NewYard","bindingPath":{"path":"","propertyPath":"/DELIVERY_TYPE","modelName":"NewYardModel"},"interaction":{"idSuffix":"inner"}},"wdio_ui5_key":"etmportal.ui.manageyards.view.Newsap.m.Input{\"path\":\"\",\"propertyPath\":\"/DELIVERY_TYPE\",\"modelName\":\"NewYardModel\"}"}]}
RESULT: {"script":"<script> [1562 bytes]","args":[{"selector":{"controlType":"sap.m.Input","viewName":"etm.portal.ui.manageyards.view.New","viewId":"application-manageyards-display-component---NewYard","bindingPath":{"path":"","propertyPath":"/DELIVERY_TYPE","modelName":"NewYardModel"},"interaction":{"idSuffix":"inner"}},"wdio_ui5_key":"etmportal.ui.manageyards.view.Newsap.m.Input{\"path\":\"\",\"propertyPath\":\"/DELIVERY_TYPE\",\"modelName\":\"NewYardModel\"}"}]}
RESULT: undefined
COMMAND: POST /session/885acd6bfe44f64c6e2485c8ef54779e/execute/async - {"script":"<script> [776 bytes]","args":[{"enterText":"ZL01","selector":{"controlType":"sap.m.Input","viewName":"etm.portal.ui.manageyards.view.New","viewId":"application-manageyards-display-component---NewYard","bindingPath":{"path":"","propertyPath":"/DELIVERY_TYPE","modelName":"NewYardModel"},"interaction":{"idSuffix":"inner"}},"clearTextFirst":true,"interactionType":"ENTER_TEXT"}]}
RESULT: {"script":"<script> [776 bytes]","args":[{"enterText":"ZL01","selector":{"controlType":"sap.m.Input","viewName":"etm.portal.ui.manageyards.view.New","viewId":"application-manageyards-display-component---NewYard","bindingPath":{"path":"","propertyPath":"/DELIVERY_TYPE","modelName":"NewYardModel"},"interaction":{"idSuffix":"inner"}},"clearTextFirst":true,"interactionType":"ENTER_TEXT"}]}
COMMAND: POST /session/885acd6bfe44f64c6e2485c8ef54779e/execute/async - {"script":"<script> [1562 bytes]","args":[{"selector":{"controlType":"sap.m.Input","viewName":"etm.portal.ui.manageyards.view.New","viewId":"application-manageyards-display-component---NewYard","bindingPath":{"path":"","propertyPath":"/AUART","modelName":"NewYardModel"},"interaction":{"idSuffix":"inner"}},"wdio_ui5_key":"etmportal.ui.manageyards.view.Newsap.m.Input{\"path\":\"\",\"propertyPath\":\"/AUART\",\"modelName\":\"NewYardModel\"}"}]}
RESULT: {"script":"<script> [1562 bytes]","args":[{"selector":{"controlType":"sap.m.Input","viewName":"etm.portal.ui.manageyards.view.New","viewId":"application-manageyards-display-component---NewYard","bindingPath":{"path":"","propertyPath":"/AUART","modelName":"NewYardModel"},"interaction":{"idSuffix":"inner"}},"wdio_ui5_key":"etmportal.ui.manageyards.view.Newsap.m.Input{\"path\":\"\",\"propertyPath\":\"/AUART\",\"modelName\":\"NewYardModel\"}"}]}
RESULT: undefined
COMMAND: POST /session/885acd6bfe44f64c6e2485c8ef54779e/execute/async - {"script":"<script> [776 bytes]","args":[{"enterText":"TA","selector":{"controlType":"sap.m.Input","viewName":"etm.portal.ui.manageyards.view.New","viewId":"application-manageyards-display-component---NewYard","bindingPath":{"path":"","propertyPath":"/AUART","modelName":"NewYardModel"},"interaction":{"idSuffix":"inner"}},"clearTextFirst":true,"interactionType":"ENTER_TEXT"}]}
RESULT: {"script":"<script> [776 bytes]","args":[{"enterText":"TA","selector":{"controlType":"sap.m.Input","viewName":"etm.portal.ui.manageyards.view.New","viewId":"application-manageyards-display-component---NewYard","bindingPath":{"path":"","propertyPath":"/AUART","modelName":"NewYardModel"},"interaction":{"idSuffix":"inner"}},"clearTextFirst":true,"interactionType":"ENTER_TEXT"}]}
COMMAND: POST /session/885acd6bfe44f64c6e2485c8ef54779e/execute/async - {"script":"<script> [1562 bytes]","args":[{"selector":{"controlType":"sap.m.Button","viewName":"etm.portal.ui.manageyards.view.New","viewId":"application-manageyards-display-component---NewYard","i18NText":{"propertyName":"text","key":"save"},"interaction":{"idSuffix":"BDI-content"}},"wdio_ui5_key":"etmportal.ui.manageyards.view.Newsap.m.Button{\"propertyName\":\"text\",\"key\":\"save\"}"}]}
RESULT: {"script":"<script> [1562 bytes]","args":[{"selector":{"controlType":"sap.m.Button","viewName":"etm.portal.ui.manageyards.view.New","viewId":"application-manageyards-display-component---NewYard","i18NText":{"propertyName":"text","key":"save"},"interaction":{"idSuffix":"BDI-content"}},"wdio_ui5_key":"etmportal.ui.manageyards.view.Newsap.m.Button{\"propertyName\":\"text\",\"key\":\"save\"}"}]}
RESULT: undefined
COMMAND: POST /session/885acd6bfe44f64c6e2485c8ef54779e/element - {"using":"xpath","value":"//*[@id=\"__button18\"]"}
RESULT: {"using":"xpath","value":"//*[@id=\"__button18\"]"}
COMMAND: POST /session/885acd6bfe44f64c6e2485c8ef54779e/element/f.F53CD083946FCE278F3961FDA51ABBA8.d.4F4A28E60AE4244F19D8780A68A8C637.e.11271/click - {}
RESULT: {}
COMMAND: GET /session/885acd6bfe44f64c6e2485c8ef54779e/screenshot - {}
RESULT: {}
COMMAND: POST /session/885acd6bfe44f64c6e2485c8ef54779e/execute/async - {"script":"<script> [1562 bytes]","args":[{"selector":{"controlType":"sap.m.Text","viewName":"etm.portal.ui.manageyards.view.Detail","viewId":"application-manageyards-display-component---detailYard","bindingPath":{"propertyPath":"ID","modelName":"catalogModel"}},"wdio_ui5_key":"etmportal.ui.manageyards.view.Detailsap.m.Text{\"propertyPath\":\"ID\",\"modelName\":\"catalogModel\"}"}]}
RESULT: {"script":"<script> [1562 bytes]","args":[{"selector":{"controlType":"sap.m.Text","viewName":"etm.portal.ui.manageyards.view.Detail","viewId":"application-manageyards-display-component---detailYard","bindingPath":{"propertyPath":"ID","modelName":"catalogModel"}},"wdio_ui5_key":"etmportal.ui.manageyards.view.Detailsap.m.Text{\"propertyPath\":\"ID\",\"modelName\":\"catalogModel\"}"}]}
RESULT: undefined
COMMAND: POST /session/885acd6bfe44f64c6e2485c8ef54779e/execute/async - {"script":"<script> [6424 bytes]","args":[{"element-6066-11e4-a52e-4f735466cecf":"f.F53CD083946FCE278F3961FDA51ABBA8.d.4F4A28E60AE4244F19D8780A68A8C637.e.11535"},"getText",[]]}
RESULT: {"script":"<script> [6424 bytes]","args":[{"element-6066-11e4-a52e-4f735466cecf":"f.F53CD083946FCE278F3961FDA51ABBA8.d.4F4A28E60AE4244F19D8780A68A8C637.e.11535"},"getText",[]]}
COMMAND: POST /session/885acd6bfe44f64c6e2485c8ef54779e/element - {"using":"css selector","value":"#shell-header-logo"}
RESULT: {"using":"css selector","value":"#shell-header-logo"}
COMMAND: POST /session/885acd6bfe44f64c6e2485c8ef54779e/element/f.F53CD083946FCE278F3961FDA51ABBA8.d.4F4A28E60AE4244F19D8780A68A8C637.e.10830/click - {}
RESULT: {}
COMMAND: GET /session/885acd6bfe44f64c6e2485c8ef54779e/screenshot - {}
RESULT: {}
]]></system-out>
    </testcase>
    <testcase classname="chrome.135_0_7049_96.windows.Provide_to_Site_w/o_warehouse_management_w/o_clarification_US116612" name="Should create WHM site" time="56.663">
      <system-out><![CDATA[
COMMAND: POST /session/885acd6bfe44f64c6e2485c8ef54779e/execute/async - {"script":"<script> [1562 bytes]","args":[{"selector":{"controlType":"sap.m.GenericTile","properties":{"header":"Manage Sites"}},"wdio_ui5_key":"sapm.GenericTile{\"header\":\"Manage Sites\"}"}]}
RESULT: {"script":"<script> [1562 bytes]","args":[{"selector":{"controlType":"sap.m.GenericTile","properties":{"header":"Manage Sites"}},"wdio_ui5_key":"sapm.GenericTile{\"header\":\"Manage Sites\"}"}]}
RESULT: undefined
COMMAND: POST /session/885acd6bfe44f64c6e2485c8ef54779e/element - {"using":"xpath","value":"//*[@id=\"__tile40\"]"}
RESULT: {"using":"xpath","value":"//*[@id=\"__tile40\"]"}
COMMAND: POST /session/885acd6bfe44f64c6e2485c8ef54779e/element/f.F53CD083946FCE278F3961FDA51ABBA8.d.4F4A28E60AE4244F19D8780A68A8C637.e.11537/click - {}
RESULT: {}
COMMAND: GET /session/885acd6bfe44f64c6e2485c8ef54779e/screenshot - {}
RESULT: {}
COMMAND: POST /session/885acd6bfe44f64c6e2485c8ef54779e/execute/async - {"script":"<script> [1562 bytes]","args":[{"selector":{"controlType":"sap.ui.core.Icon","viewName":"etm.portal.ui.managesites.view.Master","viewId":"application-managesites-display-component---masterSite","properties":{"src":{"regex":{"source":"add"}}}},"wdio_ui5_key":"etmportal.ui.managesites.view.Mastersap.ui.core.Icon{\"src\":{\"regex\":{\"source\":\"add\"}}}"}]}
RESULT: {"script":"<script> [1562 bytes]","args":[{"selector":{"controlType":"sap.ui.core.Icon","viewName":"etm.portal.ui.managesites.view.Master","viewId":"application-managesites-display-component---masterSite","properties":{"src":{"regex":{"source":"add"}}}},"wdio_ui5_key":"etmportal.ui.managesites.view.Mastersap.ui.core.Icon{\"src\":{\"regex\":{\"source\":\"add\"}}}"}]}
RESULT: undefined
COMMAND: POST /session/885acd6bfe44f64c6e2485c8ef54779e/element - {"using":"xpath","value":"//*[@id=\"__button64-img\"]"}
RESULT: {"using":"xpath","value":"//*[@id=\"__button64-img\"]"}
COMMAND: POST /session/885acd6bfe44f64c6e2485c8ef54779e/element/f.F53CD083946FCE278F3961FDA51ABBA8.d.4F4A28E60AE4244F19D8780A68A8C637.e.11584/click - {}
RESULT: {}
COMMAND: GET /session/885acd6bfe44f64c6e2485c8ef54779e/screenshot - {}
RESULT: {}
COMMAND: POST /session/885acd6bfe44f64c6e2485c8ef54779e/execute/async - {"script":"<script> [1562 bytes]","args":[{"selector":{"controlType":"sap.m.Button","viewName":"etm.portal.ui.managesites.view.NewSmartSite","viewId":"application-managesites-display-component---NewSite","properties":{"text":"General Information"},"interaction":{"idSuffix":"BDI-content"}},"wdio_ui5_key":"etmportal.ui.managesites.view.NewSmartSitesap.m.Button{\"text\":\"General Information\"}"}]}
RESULT: {"script":"<script> [1562 bytes]","args":[{"selector":{"controlType":"sap.m.Button","viewName":"etm.portal.ui.managesites.view.NewSmartSite","viewId":"application-managesites-display-component---NewSite","properties":{"text":"General Information"},"interaction":{"idSuffix":"BDI-content"}},"wdio_ui5_key":"etmportal.ui.managesites.view.NewSmartSitesap.m.Button{\"text\":\"General Information\"}"}]}
RESULT: undefined
COMMAND: POST /session/885acd6bfe44f64c6e2485c8ef54779e/element - {"using":"xpath","value":"//*[@id=\"application-managesites-display-component---NewSite--ObjectPageLayout-anchBar-__section31-anchor\"]"}
RESULT: {"using":"xpath","value":"//*[@id=\"application-managesites-display-component---NewSite--ObjectPageLayout-anchBar-__section31-anchor\"]"}
COMMAND: POST /session/885acd6bfe44f64c6e2485c8ef54779e/element/f.F53CD083946FCE278F3961FDA51ABBA8.d.4F4A28E60AE4244F19D8780A68A8C637.e.12159/click - {}
RESULT: {}
COMMAND: POST /session/885acd6bfe44f64c6e2485c8ef54779e/execute/async - {"script":"<script> [1562 bytes]","args":[{"selector":{"id":"application-managesites-display-component---NewSite--addressDetailDetailsName1","interaction":{"idSuffix":"inner"}},"wdio_ui5_key":"applicationmanagesites-display-component---NewSite--addressDetailDetailsName1"}]}
COMMAND: GET /session/885acd6bfe44f64c6e2485c8ef54779e/screenshot - {}
RESULT: {"script":"<script> [1562 bytes]","args":[{"selector":{"id":"application-managesites-display-component---NewSite--addressDetailDetailsName1","interaction":{"idSuffix":"inner"}},"wdio_ui5_key":"applicationmanagesites-display-component---NewSite--addressDetailDetailsName1"}]}
RESULT: undefined
COMMAND: POST /session/885acd6bfe44f64c6e2485c8ef54779e/execute/async - {"script":"<script> [776 bytes]","args":[{"enterText":"WDI5 WHM Site","selector":{"id":"application-managesites-display-component---NewSite--addressDetailDetailsName1","interaction":{"idSuffix":"inner"}},"clearTextFirst":true,"interactionType":"ENTER_TEXT"}]}
RESULT: {}
RESULT: {"script":"<script> [776 bytes]","args":[{"enterText":"WDI5 WHM Site","selector":{"id":"application-managesites-display-component---NewSite--addressDetailDetailsName1","interaction":{"idSuffix":"inner"}},"clearTextFirst":true,"interactionType":"ENTER_TEXT"}]}
COMMAND: POST /session/885acd6bfe44f64c6e2485c8ef54779e/execute/async - {"script":"<script> [1562 bytes]","args":[{"selector":{"id":"application-managesites-display-component---NewSite--addressDetailDetailsLanguage","interaction":{"idSuffix":"inner"}},"wdio_ui5_key":"applicationmanagesites-display-component---NewSite--addressDetailDetailsLanguage"}]}
RESULT: {"script":"<script> [1562 bytes]","args":[{"selector":{"id":"application-managesites-display-component---NewSite--addressDetailDetailsLanguage","interaction":{"idSuffix":"inner"}},"wdio_ui5_key":"applicationmanagesites-display-component---NewSite--addressDetailDetailsLanguage"}]}
RESULT: undefined
COMMAND: POST /session/885acd6bfe44f64c6e2485c8ef54779e/execute/async - {"script":"<script> [776 bytes]","args":[{"enterText":"Romanian","selector":{"id":"application-managesites-display-component---NewSite--addressDetailDetailsLanguage","interaction":{"idSuffix":"inner"}},"clearTextFirst":true,"interactionType":"ENTER_TEXT"}]}
RESULT: {"script":"<script> [776 bytes]","args":[{"enterText":"Romanian","selector":{"id":"application-managesites-display-component---NewSite--addressDetailDetailsLanguage","interaction":{"idSuffix":"inner"}},"clearTextFirst":true,"interactionType":"ENTER_TEXT"}]}
COMMAND: POST /session/885acd6bfe44f64c6e2485c8ef54779e/execute/async - {"script":"<script> [1562 bytes]","args":[{"selector":{"id":"application-managesites-display-component---NewSite--addressDetailDetailsCity1","interaction":{"idSuffix":"inner"}},"wdio_ui5_key":"applicationmanagesites-display-component---NewSite--addressDetailDetailsCity1"}]}
RESULT: {"script":"<script> [1562 bytes]","args":[{"selector":{"id":"application-managesites-display-component---NewSite--addressDetailDetailsCity1","interaction":{"idSuffix":"inner"}},"wdio_ui5_key":"applicationmanagesites-display-component---NewSite--addressDetailDetailsCity1"}]}
RESULT: undefined
COMMAND: POST /session/885acd6bfe44f64c6e2485c8ef54779e/execute/async - {"script":"<script> [776 bytes]","args":[{"enterText":"Bucharest","selector":{"id":"application-managesites-display-component---NewSite--addressDetailDetailsCity1","interaction":{"idSuffix":"inner"}},"clearTextFirst":true,"interactionType":"ENTER_TEXT"}]}
RESULT: {"script":"<script> [776 bytes]","args":[{"enterText":"Bucharest","selector":{"id":"application-managesites-display-component---NewSite--addressDetailDetailsCity1","interaction":{"idSuffix":"inner"}},"clearTextFirst":true,"interactionType":"ENTER_TEXT"}]}
COMMAND: POST /session/885acd6bfe44f64c6e2485c8ef54779e/execute/async - {"script":"<script> [1562 bytes]","args":[{"selector":{"id":"application-managesites-display-component---NewSite--addressDetailDetailsCountry","interaction":{"idSuffix":"inner"}},"wdio_ui5_key":"applicationmanagesites-display-component---NewSite--addressDetailDetailsCountry"}]}
RESULT: {"script":"<script> [1562 bytes]","args":[{"selector":{"id":"application-managesites-display-component---NewSite--addressDetailDetailsCountry","interaction":{"idSuffix":"inner"}},"wdio_ui5_key":"applicationmanagesites-display-component---NewSite--addressDetailDetailsCountry"}]}
RESULT: undefined
COMMAND: POST /session/885acd6bfe44f64c6e2485c8ef54779e/execute/async - {"script":"<script> [6424 bytes]","args":[{"element-6066-11e4-a52e-4f735466cecf":"f.F53CD083946FCE278F3961FDA51ABBA8.d.4F4A28E60AE4244F19D8780A68A8C637.e.11962"},"setValue",["Romania"]]}
RESULT: {"script":"<script> [6424 bytes]","args":[{"element-6066-11e4-a52e-4f735466cecf":"f.F53CD083946FCE278F3961FDA51ABBA8.d.4F4A28E60AE4244F19D8780A68A8C637.e.11962"},"setValue",["Romania"]]}
COMMAND: POST /session/885acd6bfe44f64c6e2485c8ef54779e/execute/async - {"script":"<script> [1562 bytes]","args":[{"selector":{"id":"application-managesites-display-component---NewSite--addressDetailDetailsCalendar","interaction":{"idSuffix":"inner"}},"wdio_ui5_key":"applicationmanagesites-display-component---NewSite--addressDetailDetailsCalendar"}]}
RESULT: {"script":"<script> [1562 bytes]","args":[{"selector":{"id":"application-managesites-display-component---NewSite--addressDetailDetailsCalendar","interaction":{"idSuffix":"inner"}},"wdio_ui5_key":"applicationmanagesites-display-component---NewSite--addressDetailDetailsCalendar"}]}
RESULT: undefined
COMMAND: POST /session/885acd6bfe44f64c6e2485c8ef54779e/execute/async - {"script":"<script> [776 bytes]","args":[{"enterText":"8 - Germany (Standard)","selector":{"id":"application-managesites-display-component---NewSite--addressDetailDetailsCalendar","interaction":{"idSuffix":"inner"}},"clearTextFirst":true,"interactionType":"ENTER_TEXT"}]}
RESULT: {"script":"<script> [776 bytes]","args":[{"enterText":"8 - Germany (Standard)","selector":{"id":"application-managesites-display-component---NewSite--addressDetailDetailsCalendar","interaction":{"idSuffix":"inner"}},"clearTextFirst":true,"interactionType":"ENTER_TEXT"}]}
COMMAND: POST /session/885acd6bfe44f64c6e2485c8ef54779e/element - {"using":"xpath","value":"//input[@id=\"application-managesites-display-component---NewSite--addressDetailDetailsYard-inner\"]"}
RESULT: {"using":"xpath","value":"//input[@id=\"application-managesites-display-component---NewSite--addressDetailDetailsYard-inner\"]"}
COMMAND: POST /session/885acd6bfe44f64c6e2485c8ef54779e/element/f.F53CD083946FCE278F3961FDA51ABBA8.d.4F4A28E60AE4244F19D8780A68A8C637.e.11973/clear - {}
RESULT: {}
COMMAND: POST /session/885acd6bfe44f64c6e2485c8ef54779e/element/f.F53CD083946FCE278F3961FDA51ABBA8.d.4F4A28E60AE4244F19D8780A68A8C637.e.11973/value - {"text":"486"}
COMMAND: GET /session/885acd6bfe44f64c6e2485c8ef54779e/screenshot - {}
RESULT: {"text":"486"}
COMMAND: GET /session/885acd6bfe44f64c6e2485c8ef54779e/screenshot - {}
RESULT: {}
RESULT: {}
COMMAND: POST /session/885acd6bfe44f64c6e2485c8ef54779e/execute/async - {"script":"<script> [1562 bytes]","args":[{"selector":{"controlType":"sap.m.Button","viewName":"etm.portal.ui.managesites.view.NewSmartSite","viewId":"application-managesites-display-component---NewSite","properties":{"text":"Commercial"},"interaction":{"idSuffix":"BDI-content"}},"wdio_ui5_key":"etmportal.ui.managesites.view.NewSmartSitesap.m.Button{\"text\":\"Commercial\"}"}]}
RESULT: {"script":"<script> [1562 bytes]","args":[{"selector":{"controlType":"sap.m.Button","viewName":"etm.portal.ui.managesites.view.NewSmartSite","viewId":"application-managesites-display-component---NewSite","properties":{"text":"Commercial"},"interaction":{"idSuffix":"BDI-content"}},"wdio_ui5_key":"etmportal.ui.managesites.view.NewSmartSitesap.m.Button{\"text\":\"Commercial\"}"}]}
RESULT: undefined
COMMAND: POST /session/885acd6bfe44f64c6e2485c8ef54779e/element - {"using":"xpath","value":"//*[@id=\"application-managesites-display-component---NewSite--ObjectPageLayout-anchBar-__section33-anchor\"]"}
RESULT: {"using":"xpath","value":"//*[@id=\"application-managesites-display-component---NewSite--ObjectPageLayout-anchBar-__section33-anchor\"]"}
COMMAND: POST /session/885acd6bfe44f64c6e2485c8ef54779e/element/f.F53CD083946FCE278F3961FDA51ABBA8.d.4F4A28E60AE4244F19D8780A68A8C637.e.12168/click - {}
RESULT: {}
COMMAND: POST /session/885acd6bfe44f64c6e2485c8ef54779e/execute/async - {"script":"<script> [1562 bytes]","args":[{"selector":{"controlType":"sap.m.Button","viewName":"etm.portal.ui.managesites.view.NewSmartSite","viewId":"application-managesites-display-component---NewSite","i18NText":{"propertyName":"text","key":"save"},"interaction":{"idSuffix":"BDI-content"}},"wdio_ui5_key":"etmportal.ui.managesites.view.NewSmartSitesap.m.Button{\"propertyName\":\"text\",\"key\":\"save\"}"}]}
COMMAND: GET /session/885acd6bfe44f64c6e2485c8ef54779e/screenshot - {}
RESULT: {"script":"<script> [1562 bytes]","args":[{"selector":{"controlType":"sap.m.Button","viewName":"etm.portal.ui.managesites.view.NewSmartSite","viewId":"application-managesites-display-component---NewSite","i18NText":{"propertyName":"text","key":"save"},"interaction":{"idSuffix":"BDI-content"}},"wdio_ui5_key":"etmportal.ui.managesites.view.NewSmartSitesap.m.Button{\"propertyName\":\"text\",\"key\":\"save\"}"}]}
RESULT: undefined
COMMAND: POST /session/885acd6bfe44f64c6e2485c8ef54779e/element - {"using":"xpath","value":"//*[@id=\"__button76\"]"}
RESULT: {}
RESULT: {"using":"xpath","value":"//*[@id=\"__button76\"]"}
COMMAND: POST /session/885acd6bfe44f64c6e2485c8ef54779e/element/f.F53CD083946FCE278F3961FDA51ABBA8.d.4F4A28E60AE4244F19D8780A68A8C637.e.12138/click - {}
RESULT: {}
COMMAND: GET /session/885acd6bfe44f64c6e2485c8ef54779e/screenshot - {}
RESULT: {}
COMMAND: POST /session/885acd6bfe44f64c6e2485c8ef54779e/execute/async - {"script":"<script> [1562 bytes]","args":[{"selector":{"controlType":"sap.m.Text","viewName":"etm.portal.ui.managesites.view.Detail","viewId":"application-managesites-display-component---detailSite","bindingPath":{"propertyPath":"ID","modelName":"catalogModel"}},"wdio_ui5_key":"etmportal.ui.managesites.view.Detailsap.m.Text{\"propertyPath\":\"ID\",\"modelName\":\"catalogModel\"}"}]}
RESULT: {"script":"<script> [1562 bytes]","args":[{"selector":{"controlType":"sap.m.Text","viewName":"etm.portal.ui.managesites.view.Detail","viewId":"application-managesites-display-component---detailSite","bindingPath":{"propertyPath":"ID","modelName":"catalogModel"}},"wdio_ui5_key":"etmportal.ui.managesites.view.Detailsap.m.Text{\"propertyPath\":\"ID\",\"modelName\":\"catalogModel\"}"}]}
RESULT: undefined
COMMAND: POST /session/885acd6bfe44f64c6e2485c8ef54779e/execute/async - {"script":"<script> [6424 bytes]","args":[{"element-6066-11e4-a52e-4f735466cecf":"f.F53CD083946FCE278F3961FDA51ABBA8.d.4F4A28E60AE4244F19D8780A68A8C637.e.12367"},"getText",[]]}
RESULT: {"script":"<script> [6424 bytes]","args":[{"element-6066-11e4-a52e-4f735466cecf":"f.F53CD083946FCE278F3961FDA51ABBA8.d.4F4A28E60AE4244F19D8780A68A8C637.e.12367"},"getText",[]]}
COMMAND: POST /session/885acd6bfe44f64c6e2485c8ef54779e/execute/async - {"script":"<script> [1562 bytes]","args":[{"selector":{"controlType":"sap.m.Label","viewName":"etm.portal.ui.managesites.view.Detail","viewId":"application-managesites-display-component---detailSite","i18NText":{"propertyName":"text","key":"status"}},"wdio_ui5_key":"etmportal.ui.managesites.view.Detailsap.m.Label{\"propertyName\":\"text\",\"key\":\"status\"}"}]}
RESULT: {"script":"<script> [1562 bytes]","args":[{"selector":{"controlType":"sap.m.Label","viewName":"etm.portal.ui.managesites.view.Detail","viewId":"application-managesites-display-component---detailSite","i18NText":{"propertyName":"text","key":"status"}},"wdio_ui5_key":"etmportal.ui.managesites.view.Detailsap.m.Label{\"propertyName\":\"text\",\"key\":\"status\"}"}]}
RESULT: undefined
COMMAND: POST /session/885acd6bfe44f64c6e2485c8ef54779e/execute/async - {"script":"<script> [6424 bytes]","args":[{"element-6066-11e4-a52e-4f735466cecf":"f.F53CD083946FCE278F3961FDA51ABBA8.d.4F4A28E60AE4244F19D8780A68A8C637.e.12354"},"getText",[]]}
RESULT: {"script":"<script> [6424 bytes]","args":[{"element-6066-11e4-a52e-4f735466cecf":"f.F53CD083946FCE278F3961FDA51ABBA8.d.4F4A28E60AE4244F19D8780A68A8C637.e.12354"},"getText",[]]}
RESULT: undefined
COMMAND: POST /session/885acd6bfe44f64c6e2485c8ef54779e/element - {"using":"xpath","value":"//*[@id=\"shell-header\"]"}
RESULT: {"using":"xpath","value":"//*[@id=\"shell-header\"]"}
COMMAND: POST /session/885acd6bfe44f64c6e2485c8ef54779e/element/f.F53CD083946FCE278F3961FDA51ABBA8.d.4F4A28E60AE4244F19D8780A68A8C637.e.12368/click - {}
RESULT: {}
COMMAND: POST /session/885acd6bfe44f64c6e2485c8ef54779e/element - {"using":"css selector","value":"#shell-header-logo"}
COMMAND: GET /session/885acd6bfe44f64c6e2485c8ef54779e/screenshot - {}
RESULT: {"using":"css selector","value":"#shell-header-logo"}
COMMAND: POST /session/885acd6bfe44f64c6e2485c8ef54779e/element/f.F53CD083946FCE278F3961FDA51ABBA8.d.4F4A28E60AE4244F19D8780A68A8C637.e.11540/click - {}
RESULT: {}
RESULT: {}
]]></system-out>
    </testcase>
    <testcase classname="chrome.135_0_7049_96.windows.Provide_to_Site_w/o_warehouse_management_w/o_clarification_US116612" name="Should create WHM Partner" time="55.614">
      <system-out><![CDATA[
COMMAND: POST /session/885acd6bfe44f64c6e2485c8ef54779e/execute/async - {"script":"<script> [1562 bytes]","args":[{"selector":{"controlType":"sap.m.GenericTile","properties":{"header":"Manage Partners"}},"wdio_ui5_key":"sapm.GenericTile{\"header\":\"Manage Partners\"}"}]}
COMMAND: GET /session/885acd6bfe44f64c6e2485c8ef54779e/screenshot - {}
RESULT: {"script":"<script> [1562 bytes]","args":[{"selector":{"controlType":"sap.m.GenericTile","properties":{"header":"Manage Partners"}},"wdio_ui5_key":"sapm.GenericTile{\"header\":\"Manage Partners\"}"}]}
RESULT: undefined
COMMAND: POST /session/885acd6bfe44f64c6e2485c8ef54779e/element - {"using":"xpath","value":"//*[@id=\"__tile38\"]"}
RESULT: {}
RESULT: {"using":"xpath","value":"//*[@id=\"__tile38\"]"}
COMMAND: POST /session/885acd6bfe44f64c6e2485c8ef54779e/element/f.F53CD083946FCE278F3961FDA51ABBA8.d.4F4A28E60AE4244F19D8780A68A8C637.e.12373/click - {}
RESULT: {}
COMMAND: GET /session/885acd6bfe44f64c6e2485c8ef54779e/screenshot - {}
RESULT: {}
COMMAND: POST /session/885acd6bfe44f64c6e2485c8ef54779e/element - {"using":"xpath","value":"//button[(@data-kt = 'addButton')]"}
RESULT: {"using":"xpath","value":"//button[(@data-kt = 'addButton')]"}
COMMAND: POST /session/885acd6bfe44f64c6e2485c8ef54779e/elements - {"using":"xpath","value":"//button[(@data-kt = 'addButton')]"}
RESULT: {"using":"xpath","value":"//button[(@data-kt = 'addButton')]"}
COMMAND: POST /session/885acd6bfe44f64c6e2485c8ef54779e/elements - {"using":"xpath","value":"//button[(@data-kt = 'addButton')]"}
RESULT: {"using":"xpath","value":"//button[(@data-kt = 'addButton')]"}
COMMAND: POST /session/885acd6bfe44f64c6e2485c8ef54779e/elements - {"using":"xpath","value":"//button[(@data-kt = 'addButton')]"}
RESULT: {"using":"xpath","value":"//button[(@data-kt = 'addButton')]"}
COMMAND: POST /session/885acd6bfe44f64c6e2485c8ef54779e/elements - {"using":"xpath","value":"//button[(@data-kt = 'addButton')]"}
RESULT: {"using":"xpath","value":"//button[(@data-kt = 'addButton')]"}
COMMAND: POST /session/885acd6bfe44f64c6e2485c8ef54779e/elements - {"using":"xpath","value":"//button[(@data-kt = 'addButton')]"}
RESULT: {"using":"xpath","value":"//button[(@data-kt = 'addButton')]"}
COMMAND: POST /session/885acd6bfe44f64c6e2485c8ef54779e/elements - {"using":"xpath","value":"//button[(@data-kt = 'addButton')]"}
RESULT: {"using":"xpath","value":"//button[(@data-kt = 'addButton')]"}
COMMAND: POST /session/885acd6bfe44f64c6e2485c8ef54779e/elements - {"using":"xpath","value":"//button[(@data-kt = 'addButton')]"}
RESULT: {"using":"xpath","value":"//button[(@data-kt = 'addButton')]"}
COMMAND: POST /session/885acd6bfe44f64c6e2485c8ef54779e/elements - {"using":"xpath","value":"//button[(@data-kt = 'addButton')]"}
RESULT: {"using":"xpath","value":"//button[(@data-kt = 'addButton')]"}
COMMAND: POST /session/885acd6bfe44f64c6e2485c8ef54779e/elements - {"using":"xpath","value":"//button[(@data-kt = 'addButton')]"}
RESULT: {"using":"xpath","value":"//button[(@data-kt = 'addButton')]"}
COMMAND: POST /session/885acd6bfe44f64c6e2485c8ef54779e/elements - {"using":"xpath","value":"//button[(@data-kt = 'addButton')]"}
RESULT: {"using":"xpath","value":"//button[(@data-kt = 'addButton')]"}
COMMAND: POST /session/885acd6bfe44f64c6e2485c8ef54779e/elements - {"using":"xpath","value":"//button[(@data-kt = 'addButton')]"}
RESULT: {"using":"xpath","value":"//button[(@data-kt = 'addButton')]"}
COMMAND: POST /session/885acd6bfe44f64c6e2485c8ef54779e/element - {"using":"xpath","value":"//button[(@data-kt = 'addButton')]"}
RESULT: {"using":"xpath","value":"//button[(@data-kt = 'addButton')]"}
COMMAND: POST /session/885acd6bfe44f64c6e2485c8ef54779e/element/f.F53CD083946FCE278F3961FDA51ABBA8.d.4F4A28E60AE4244F19D8780A68A8C637.e.12420/click - {}
RESULT: {}
COMMAND: POST /session/885acd6bfe44f64c6e2485c8ef54779e/execute/async - {"script":"<script> [1562 bytes]","args":[{"selector":{"id":"application-managepartners-display-component---NewPartner--addressDetailDetailsName1","interaction":{"idSuffix":"inner"}},"wdio_ui5_key":"applicationmanagepartners-display-component---NewPartner--addressDetailDetailsName1"}]}
COMMAND: GET /session/885acd6bfe44f64c6e2485c8ef54779e/screenshot - {}
RESULT: {"script":"<script> [1562 bytes]","args":[{"selector":{"id":"application-managepartners-display-component---NewPartner--addressDetailDetailsName1","interaction":{"idSuffix":"inner"}},"wdio_ui5_key":"applicationmanagepartners-display-component---NewPartner--addressDetailDetailsName1"}]}
RESULT: undefined
COMMAND: POST /session/885acd6bfe44f64c6e2485c8ef54779e/execute/async - {"script":"<script> [776 bytes]","args":[{"enterText":"WDI5-Partners","selector":{"id":"application-managepartners-display-component---NewPartner--addressDetailDetailsName1","interaction":{"idSuffix":"inner"}},"clearTextFirst":true,"interactionType":"ENTER_TEXT"}]}
RESULT: {}
RESULT: {"script":"<script> [776 bytes]","args":[{"enterText":"WDI5-Partners","selector":{"id":"application-managepartners-display-component---NewPartner--addressDetailDetailsName1","interaction":{"idSuffix":"inner"}},"clearTextFirst":true,"interactionType":"ENTER_TEXT"}]}
COMMAND: POST /session/885acd6bfe44f64c6e2485c8ef54779e/execute/async - {"script":"<script> [1562 bytes]","args":[{"selector":{"id":"application-managepartners-display-component---NewPartner--addressDetailDetailsLanguage-arrow"},"wdio_ui5_key":"applicationmanagepartners-display-component---NewPartner--addressDetailDetailsLanguage-arrow"}]}
RESULT: {"script":"<script> [1562 bytes]","args":[{"selector":{"id":"application-managepartners-display-component---NewPartner--addressDetailDetailsLanguage-arrow"},"wdio_ui5_key":"applicationmanagepartners-display-component---NewPartner--addressDetailDetailsLanguage-arrow"}]}
RESULT: undefined
COMMAND: POST /session/885acd6bfe44f64c6e2485c8ef54779e/element - {"using":"xpath","value":"//*[@id=\"application-managepartners-display-component---NewPartner--addressDetailDetailsLanguage-arrow\"]"}
RESULT: {"using":"xpath","value":"//*[@id=\"application-managepartners-display-component---NewPartner--addressDetailDetailsLanguage-arrow\"]"}
COMMAND: POST /session/885acd6bfe44f64c6e2485c8ef54779e/element/f.F53CD083946FCE278F3961FDA51ABBA8.d.4F4A28E60AE4244F19D8780A68A8C637.e.12841/click - {}
RESULT: {}
COMMAND: POST /session/885acd6bfe44f64c6e2485c8ef54779e/execute/async - {"script":"<script> [1562 bytes]","args":[{"selector":{"controlType":"sap.m.StandardListItem","viewName":"etm.portal.ui.managepartners.view.NewPartner","viewId":"application-managepartners-display-component---NewPartner","properties":{"title":"English"},"searchOpenDialogs":true,"interaction":{"idSuffix":"content"}},"wdio_ui5_key":"etmportal.ui.managepartners.view.NewPartnersap.m.StandardListItem{\"title\":\"English\"}"}]}
COMMAND: GET /session/885acd6bfe44f64c6e2485c8ef54779e/screenshot - {}
RESULT: {"script":"<script> [1562 bytes]","args":[{"selector":{"controlType":"sap.m.StandardListItem","viewName":"etm.portal.ui.managepartners.view.NewPartner","viewId":"application-managepartners-display-component---NewPartner","properties":{"title":"English"},"searchOpenDialogs":true,"interaction":{"idSuffix":"content"}},"wdio_ui5_key":"etmportal.ui.managepartners.view.NewPartnersap.m.StandardListItem{\"title\":\"English\"}"}]}
RESULT: undefined
COMMAND: POST /session/885acd6bfe44f64c6e2485c8ef54779e/element - {"using":"xpath","value":"//*[@id=\"__item1108\"]"}
RESULT: {}
RESULT: {"using":"xpath","value":"//*[@id=\"__item1108\"]"}
COMMAND: POST /session/885acd6bfe44f64c6e2485c8ef54779e/element/f.F53CD083946FCE278F3961FDA51ABBA8.d.4F4A28E60AE4244F19D8780A68A8C637.e.12843/click - {}
RESULT: {}
COMMAND: POST /session/885acd6bfe44f64c6e2485c8ef54779e/execute/async - {"script":"<script> [1562 bytes]","args":[{"selector":{"id":"application-managepartners-display-component---NewPartner--addressDetailDetailsCity1","interaction":{"idSuffix":"inner"}},"wdio_ui5_key":"applicationmanagepartners-display-component---NewPartner--addressDetailDetailsCity1"}]}
COMMAND: GET /session/885acd6bfe44f64c6e2485c8ef54779e/screenshot - {}
RESULT: {"script":"<script> [1562 bytes]","args":[{"selector":{"id":"application-managepartners-display-component---NewPartner--addressDetailDetailsCity1","interaction":{"idSuffix":"inner"}},"wdio_ui5_key":"applicationmanagepartners-display-component---NewPartner--addressDetailDetailsCity1"}]}
RESULT: undefined
COMMAND: POST /session/885acd6bfe44f64c6e2485c8ef54779e/execute/async - {"script":"<script> [776 bytes]","args":[{"enterText":"Bangalore","selector":{"id":"application-managepartners-display-component---NewPartner--addressDetailDetailsCity1","interaction":{"idSuffix":"inner"}},"clearTextFirst":true,"interactionType":"ENTER_TEXT"}]}
RESULT: {}
RESULT: {"script":"<script> [776 bytes]","args":[{"enterText":"Bangalore","selector":{"id":"application-managepartners-display-component---NewPartner--addressDetailDetailsCity1","interaction":{"idSuffix":"inner"}},"clearTextFirst":true,"interactionType":"ENTER_TEXT"}]}
COMMAND: POST /session/885acd6bfe44f64c6e2485c8ef54779e/execute/async - {"script":"<script> [1562 bytes]","args":[{"selector":{"id":"application-managepartners-display-component---NewPartner--addressDetailDetailsCountry-arrow"},"wdio_ui5_key":"applicationmanagepartners-display-component---NewPartner--addressDetailDetailsCountry-arrow"}]}
RESULT: {"script":"<script> [1562 bytes]","args":[{"selector":{"id":"application-managepartners-display-component---NewPartner--addressDetailDetailsCountry-arrow"},"wdio_ui5_key":"applicationmanagepartners-display-component---NewPartner--addressDetailDetailsCountry-arrow"}]}
RESULT: undefined
COMMAND: POST /session/885acd6bfe44f64c6e2485c8ef54779e/element - {"using":"xpath","value":"//*[@id=\"application-managepartners-display-component---NewPartner--addressDetailDetailsCountry-arrow\"]"}
RESULT: {"using":"xpath","value":"//*[@id=\"application-managepartners-display-component---NewPartner--addressDetailDetailsCountry-arrow\"]"}
COMMAND: POST /session/885acd6bfe44f64c6e2485c8ef54779e/element/f.F53CD083946FCE278F3961FDA51ABBA8.d.4F4A28E60AE4244F19D8780A68A8C637.e.12845/click - {}
RESULT: {}
COMMAND: POST /session/885acd6bfe44f64c6e2485c8ef54779e/execute/async - {"script":"<script> [1562 bytes]","args":[{"selector":{"id":"application-managepartners-display-component---NewPartner--addressDetailDetailsCountry","interaction":{"idSuffix":"inner"}},"wdio_ui5_key":"applicationmanagepartners-display-component---NewPartner--addressDetailDetailsCountry"}]}
COMMAND: GET /session/885acd6bfe44f64c6e2485c8ef54779e/screenshot - {}
RESULT: {"script":"<script> [1562 bytes]","args":[{"selector":{"id":"application-managepartners-display-component---NewPartner--addressDetailDetailsCountry","interaction":{"idSuffix":"inner"}},"wdio_ui5_key":"applicationmanagepartners-display-component---NewPartner--addressDetailDetailsCountry"}]}
RESULT: undefined
COMMAND: POST /session/885acd6bfe44f64c6e2485c8ef54779e/execute/async - {"script":"<script> [776 bytes]","args":[{"enterText":"India","selector":{"id":"application-managepartners-display-component---NewPartner--addressDetailDetailsCountry","interaction":{"idSuffix":"inner"}},"clearTextFirst":true,"interactionType":"ENTER_TEXT"}]}
RESULT: {}
RESULT: {"script":"<script> [776 bytes]","args":[{"enterText":"India","selector":{"id":"application-managepartners-display-component---NewPartner--addressDetailDetailsCountry","interaction":{"idSuffix":"inner"}},"clearTextFirst":true,"interactionType":"ENTER_TEXT"}]}
COMMAND: POST /session/885acd6bfe44f64c6e2485c8ef54779e/execute/async - {"script":"<script> [1562 bytes]","args":[{"selector":{"controlType":"sap.m.StandardListItem","viewName":"etm.portal.ui.managepartners.view.NewPartner","viewId":"application-managepartners-display-component---NewPartner","properties":{"title":"India"},"searchOpenDialogs":true,"interaction":{"idSuffix":"content"}},"wdio_ui5_key":"etmportal.ui.managepartners.view.NewPartnersap.m.StandardListItem{\"title\":\"India\"}"}]}
RESULT: {"script":"<script> [1562 bytes]","args":[{"selector":{"controlType":"sap.m.StandardListItem","viewName":"etm.portal.ui.managepartners.view.NewPartner","viewId":"application-managepartners-display-component---NewPartner","properties":{"title":"India"},"searchOpenDialogs":true,"interaction":{"idSuffix":"content"}},"wdio_ui5_key":"etmportal.ui.managepartners.view.NewPartnersap.m.StandardListItem{\"title\":\"India\"}"}]}
RESULT: undefined
COMMAND: POST /session/885acd6bfe44f64c6e2485c8ef54779e/execute/async - {"script":"<script> [1562 bytes]","args":[{"selector":{"controlType":"sap.m.Button","viewName":"etm.portal.ui.managepartners.view.NewPartner","viewId":"application-managepartners-display-component---NewPartner","properties":{"text":"Commercial"},"interaction":{"idSuffix":"BDI-content"}},"wdio_ui5_key":"etmportal.ui.managepartners.view.NewPartnersap.m.Button{\"text\":\"Commercial\"}"}]}
RESULT: {"script":"<script> [1562 bytes]","args":[{"selector":{"controlType":"sap.m.Button","viewName":"etm.portal.ui.managepartners.view.NewPartner","viewId":"application-managepartners-display-component---NewPartner","properties":{"text":"Commercial"},"interaction":{"idSuffix":"BDI-content"}},"wdio_ui5_key":"etmportal.ui.managepartners.view.NewPartnersap.m.Button{\"text\":\"Commercial\"}"}]}
RESULT: undefined
COMMAND: POST /session/885acd6bfe44f64c6e2485c8ef54779e/element - {"using":"xpath","value":"//*[@id=\"application-managepartners-display-component---NewPartner--ObjectPageLayout-anchBar-__section57-anchor\"]"}
RESULT: {"using":"xpath","value":"//*[@id=\"application-managepartners-display-component---NewPartner--ObjectPageLayout-anchBar-__section57-anchor\"]"}
COMMAND: POST /session/885acd6bfe44f64c6e2485c8ef54779e/element/f.F53CD083946FCE278F3961FDA51ABBA8.d.4F4A28E60AE4244F19D8780A68A8C637.e.12850/click - {}
RESULT: {}
COMMAND: POST /session/885acd6bfe44f64c6e2485c8ef54779e/execute/async - {"script":"<script> [1562 bytes]","args":[{"selector":{"id":"application-managepartners-display-component---NewPartner--partnerDetailInternal-arrow"},"wdio_ui5_key":"applicationmanagepartners-display-component---NewPartner--partnerDetailInternal-arrow"}]}
COMMAND: GET /session/885acd6bfe44f64c6e2485c8ef54779e/screenshot - {}
RESULT: {"script":"<script> [1562 bytes]","args":[{"selector":{"id":"application-managepartners-display-component---NewPartner--partnerDetailInternal-arrow"},"wdio_ui5_key":"applicationmanagepartners-display-component---NewPartner--partnerDetailInternal-arrow"}]}
RESULT: undefined
COMMAND: POST /session/885acd6bfe44f64c6e2485c8ef54779e/element - {"using":"xpath","value":"//*[@id=\"application-managepartners-display-component---NewPartner--partnerDetailInternal-arrow\"]"}
RESULT: {}
RESULT: {"using":"xpath","value":"//*[@id=\"application-managepartners-display-component---NewPartner--partnerDetailInternal-arrow\"]"}
COMMAND: POST /session/885acd6bfe44f64c6e2485c8ef54779e/element/f.F53CD083946FCE278F3961FDA51ABBA8.d.4F4A28E60AE4244F19D8780A68A8C637.e.12855/click - {}
RESULT: {}
COMMAND: POST /session/885acd6bfe44f64c6e2485c8ef54779e/execute/async - {"script":"<script> [1562 bytes]","args":[{"selector":{"controlType":"sap.m.StandardListItem","viewName":"etm.portal.ui.managepartners.view.NewPartner","viewId":"application-managepartners-display-component---NewPartner","properties":{"title":"External partner"},"searchOpenDialogs":true,"interaction":{"idSuffix":"content"}},"wdio_ui5_key":"etmportal.ui.managepartners.view.NewPartnersap.m.StandardListItem{\"title\":\"External partner\"}"}]}
COMMAND: GET /session/885acd6bfe44f64c6e2485c8ef54779e/screenshot - {}
RESULT: {"script":"<script> [1562 bytes]","args":[{"selector":{"controlType":"sap.m.StandardListItem","viewName":"etm.portal.ui.managepartners.view.NewPartner","viewId":"application-managepartners-display-component---NewPartner","properties":{"title":"External partner"},"searchOpenDialogs":true,"interaction":{"idSuffix":"content"}},"wdio_ui5_key":"etmportal.ui.managepartners.view.NewPartnersap.m.StandardListItem{\"title\":\"External partner\"}"}]}
RESULT: undefined
COMMAND: POST /session/885acd6bfe44f64c6e2485c8ef54779e/element - {"using":"xpath","value":"//*[@id=\"__item1242\"]"}
RESULT: {}
RESULT: {"using":"xpath","value":"//*[@id=\"__item1242\"]"}
COMMAND: POST /session/885acd6bfe44f64c6e2485c8ef54779e/element/f.F53CD083946FCE278F3961FDA51ABBA8.d.4F4A28E60AE4244F19D8780A68A8C637.e.12857/click - {}
RESULT: {}
COMMAND: POST /session/885acd6bfe44f64c6e2485c8ef54779e/execute/async - {"script":"<script> [1562 bytes]","args":[{"selector":{"id":"application-managepartners-display-component---NewPartner--partnerDetailsCurrency-arrow"},"wdio_ui5_key":"applicationmanagepartners-display-component---NewPartner--partnerDetailsCurrency-arrow"}]}
COMMAND: GET /session/885acd6bfe44f64c6e2485c8ef54779e/screenshot - {}
RESULT: {"script":"<script> [1562 bytes]","args":[{"selector":{"id":"application-managepartners-display-component---NewPartner--partnerDetailsCurrency-arrow"},"wdio_ui5_key":"applicationmanagepartners-display-component---NewPartner--partnerDetailsCurrency-arrow"}]}
RESULT: undefined
COMMAND: POST /session/885acd6bfe44f64c6e2485c8ef54779e/element - {"using":"xpath","value":"//*[@id=\"application-managepartners-display-component---NewPartner--partnerDetailsCurrency-arrow\"]"}
RESULT: {}
RESULT: {"using":"xpath","value":"//*[@id=\"application-managepartners-display-component---NewPartner--partnerDetailsCurrency-arrow\"]"}
COMMAND: POST /session/885acd6bfe44f64c6e2485c8ef54779e/element/f.F53CD083946FCE278F3961FDA51ABBA8.d.4F4A28E60AE4244F19D8780A68A8C637.e.12862/click - {}
RESULT: {}
COMMAND: POST /session/885acd6bfe44f64c6e2485c8ef54779e/execute/async - {"script":"<script> [1562 bytes]","args":[{"selector":{"controlType":"sap.m.StandardListItem","viewName":"etm.portal.ui.managepartners.view.NewPartner","viewId":"application-managepartners-display-component---NewPartner","properties":{"title":"Euro"},"searchOpenDialogs":true,"interaction":{"idSuffix":"content"}},"wdio_ui5_key":"etmportal.ui.managepartners.view.NewPartnersap.m.StandardListItem{\"title\":\"Euro\"}"}]}
COMMAND: GET /session/885acd6bfe44f64c6e2485c8ef54779e/screenshot - {}
RESULT: {"script":"<script> [1562 bytes]","args":[{"selector":{"controlType":"sap.m.StandardListItem","viewName":"etm.portal.ui.managepartners.view.NewPartner","viewId":"application-managepartners-display-component---NewPartner","properties":{"title":"Euro"},"searchOpenDialogs":true,"interaction":{"idSuffix":"content"}},"wdio_ui5_key":"etmportal.ui.managepartners.view.NewPartnersap.m.StandardListItem{\"title\":\"Euro\"}"}]}
RESULT: undefined
COMMAND: POST /session/885acd6bfe44f64c6e2485c8ef54779e/element - {"using":"xpath","value":"//*[@id=\"__item1244\"]"}
RESULT: {}
RESULT: {"using":"xpath","value":"//*[@id=\"__item1244\"]"}
COMMAND: POST /session/885acd6bfe44f64c6e2485c8ef54779e/element/f.F53CD083946FCE278F3961FDA51ABBA8.d.4F4A28E60AE4244F19D8780A68A8C637.e.12864/click - {}
RESULT: {}
COMMAND: POST /session/885acd6bfe44f64c6e2485c8ef54779e/execute/async - {"script":"<script> [1562 bytes]","args":[{"selector":{"controlType":"sap.m.Button","viewName":"etm.portal.ui.managepartners.view.NewPartner","viewId":"application-managepartners-display-component---NewPartner","properties":{"text":"Assignments"},"interaction":{"idSuffix":"BDI-content"}},"wdio_ui5_key":"etmportal.ui.managepartners.view.NewPartnersap.m.Button{\"text\":\"Assignments\"}"}]}
COMMAND: GET /session/885acd6bfe44f64c6e2485c8ef54779e/screenshot - {}
RESULT: {"script":"<script> [1562 bytes]","args":[{"selector":{"controlType":"sap.m.Button","viewName":"etm.portal.ui.managepartners.view.NewPartner","viewId":"application-managepartners-display-component---NewPartner","properties":{"text":"Assignments"},"interaction":{"idSuffix":"BDI-content"}},"wdio_ui5_key":"etmportal.ui.managepartners.view.NewPartnersap.m.Button{\"text\":\"Assignments\"}"}]}
RESULT: undefined
COMMAND: POST /session/885acd6bfe44f64c6e2485c8ef54779e/element - {"using":"xpath","value":"//*[@id=\"application-managepartners-display-component---NewPartner--ObjectPageLayout-anchBar-__section61-anchor\"]"}
RESULT: {}
RESULT: {"using":"xpath","value":"//*[@id=\"application-managepartners-display-component---NewPartner--ObjectPageLayout-anchBar-__section61-anchor\"]"}
COMMAND: POST /session/885acd6bfe44f64c6e2485c8ef54779e/element/f.F53CD083946FCE278F3961FDA51ABBA8.d.4F4A28E60AE4244F19D8780A68A8C637.e.12866/click - {}
RESULT: {}
COMMAND: POST /session/885acd6bfe44f64c6e2485c8ef54779e/execute/async - {"script":"<script> [1562 bytes]","args":[{"selector":{"id":"application-managepartners-display-component---NewPartner--btnAddTableRow","interaction":{"idSuffix":"inner"}},"wdio_ui5_key":"applicationmanagepartners-display-component---NewPartner--btnAddTableRow"}]}
COMMAND: GET /session/885acd6bfe44f64c6e2485c8ef54779e/screenshot - {}
RESULT: {"script":"<script> [1562 bytes]","args":[{"selector":{"id":"application-managepartners-display-component---NewPartner--btnAddTableRow","interaction":{"idSuffix":"inner"}},"wdio_ui5_key":"applicationmanagepartners-display-component---NewPartner--btnAddTableRow"}]}
RESULT: undefined
COMMAND: POST /session/885acd6bfe44f64c6e2485c8ef54779e/element - {"using":"xpath","value":"//*[@id=\"application-managepartners-display-component---NewPartner--btnAddTableRow\"]"}
RESULT: {}
RESULT: {"using":"xpath","value":"//*[@id=\"application-managepartners-display-component---NewPartner--btnAddTableRow\"]"}
COMMAND: POST /session/885acd6bfe44f64c6e2485c8ef54779e/element/f.F53CD083946FCE278F3961FDA51ABBA8.d.4F4A28E60AE4244F19D8780A68A8C637.e.12871/click - {}
RESULT: {}
COMMAND: POST /session/885acd6bfe44f64c6e2485c8ef54779e/element - {"using":"css selector","value":"#application-managepartners-display-component---NewPartner--assignmentYard-application-managepartners-display-component---NewPartner--assignmentsTable-0-inner"}
COMMAND: GET /session/885acd6bfe44f64c6e2485c8ef54779e/screenshot - {}
RESULT: {"using":"css selector","value":"#application-managepartners-display-component---NewPartner--assignmentYard-application-managepartners-display-component---NewPartner--assignmentsTable-0-inner"}
COMMAND: POST /session/885acd6bfe44f64c6e2485c8ef54779e/element/f.F53CD083946FCE278F3961FDA51ABBA8.d.4F4A28E60AE4244F19D8780A68A8C637.e.12873/clear - {}
RESULT: {}
RESULT: {}
COMMAND: POST /session/885acd6bfe44f64c6e2485c8ef54779e/element/f.F53CD083946FCE278F3961FDA51ABBA8.d.4F4A28E60AE4244F19D8780A68A8C637.e.12873/value - {"text":"486"}
COMMAND: GET /session/885acd6bfe44f64c6e2485c8ef54779e/screenshot - {}
RESULT: {"text":"486"}
COMMAND: POST /session/885acd6bfe44f64c6e2485c8ef54779e/execute/async - {"script":"<script> [1562 bytes]","args":[{"selector":{"id":"application-managepartners-display-component---NewPartner--assignmentYard-application-managepartners-display-component---NewPartner--assignmentsTable-0-arrow"},"wdio_ui5_key":"applicationmanagepartners-display-component---NewPartner--assignmentYard-application-managepartners-display-component---NewPartner--assignmentsTable-0-arrow"}]}
COMMAND: GET /session/885acd6bfe44f64c6e2485c8ef54779e/screenshot - {}
RESULT: {}
RESULT: {"script":"<script> [1562 bytes]","args":[{"selector":{"id":"application-managepartners-display-component---NewPartner--assignmentYard-application-managepartners-display-component---NewPartner--assignmentsTable-0-arrow"},"wdio_ui5_key":"applicationmanagepartners-display-component---NewPartner--assignmentYard-application-managepartners-display-component---NewPartner--assignmentsTable-0-arrow"}]}
RESULT: undefined
COMMAND: POST /session/885acd6bfe44f64c6e2485c8ef54779e/element - {"using":"xpath","value":"//*[@id=\"application-managepartners-display-component---NewPartner--assignmentYard-application-managepartners-display-component---NewPartner--assignmentsTable-0-arrow\"]"}
RESULT: {}
RESULT: {"using":"xpath","value":"//*[@id=\"application-managepartners-display-component---NewPartner--assignmentYard-application-managepartners-display-component---NewPartner--assignmentsTable-0-arrow\"]"}
COMMAND: POST /session/885acd6bfe44f64c6e2485c8ef54779e/element/f.F53CD083946FCE278F3961FDA51ABBA8.d.4F4A28E60AE4244F19D8780A68A8C637.e.12881/click - {}
RESULT: {}
COMMAND: GET /session/885acd6bfe44f64c6e2485c8ef54779e/screenshot - {}
RESULT: {}
COMMAND: POST /session/885acd6bfe44f64c6e2485c8ef54779e/execute/async - {"script":"<script> [1562 bytes]","args":[{"selector":{"controlType":"sap.m.Button","viewName":"etm.portal.ui.managepartners.view.NewPartner","viewId":"application-managepartners-display-component---NewPartner","i18NText":{"propertyName":"text","key":"save"},"interaction":{"idSuffix":"BDI-content"}},"wdio_ui5_key":"etmportal.ui.managepartners.view.NewPartnersap.m.Button{\"propertyName\":\"text\",\"key\":\"save\"}"}]}
RESULT: {"script":"<script> [1562 bytes]","args":[{"selector":{"controlType":"sap.m.Button","viewName":"etm.portal.ui.managepartners.view.NewPartner","viewId":"application-managepartners-display-component---NewPartner","i18NText":{"propertyName":"text","key":"save"},"interaction":{"idSuffix":"BDI-content"}},"wdio_ui5_key":"etmportal.ui.managepartners.view.NewPartnersap.m.Button{\"propertyName\":\"text\",\"key\":\"save\"}"}]}
RESULT: undefined
COMMAND: POST /session/885acd6bfe44f64c6e2485c8ef54779e/element - {"using":"xpath","value":"//*[@id=\"__button127\"]"}
RESULT: {"using":"xpath","value":"//*[@id=\"__button127\"]"}
COMMAND: POST /session/885acd6bfe44f64c6e2485c8ef54779e/element/f.F53CD083946FCE278F3961FDA51ABBA8.d.4F4A28E60AE4244F19D8780A68A8C637.e.12829/click - {}
RESULT: {}
COMMAND: GET /session/885acd6bfe44f64c6e2485c8ef54779e/screenshot - {}
RESULT: {}
COMMAND: POST /session/885acd6bfe44f64c6e2485c8ef54779e/execute/async - {"script":"<script> [1562 bytes]","args":[{"selector":{"controlType":"sap.m.Text","viewName":"etm.portal.ui.managepartners.view.Detail","viewId":"application-managepartners-display-component---detailPtm","bindingPath":{"propertyPath":"ID","modelName":"catalogModel"}},"wdio_ui5_key":"etmportal.ui.managepartners.view.Detailsap.m.Text{\"propertyPath\":\"ID\",\"modelName\":\"catalogModel\"}"}]}
RESULT: {"script":"<script> [1562 bytes]","args":[{"selector":{"controlType":"sap.m.Text","viewName":"etm.portal.ui.managepartners.view.Detail","viewId":"application-managepartners-display-component---detailPtm","bindingPath":{"propertyPath":"ID","modelName":"catalogModel"}},"wdio_ui5_key":"etmportal.ui.managepartners.view.Detailsap.m.Text{\"propertyPath\":\"ID\",\"modelName\":\"catalogModel\"}"}]}
RESULT: undefined
COMMAND: POST /session/885acd6bfe44f64c6e2485c8ef54779e/execute/async - {"script":"<script> [6424 bytes]","args":[{"element-6066-11e4-a52e-4f735466cecf":"f.F53CD083946FCE278F3961FDA51ABBA8.d.4F4A28E60AE4244F19D8780A68A8C637.e.13046"},"getText",[]]}
RESULT: {"script":"<script> [6424 bytes]","args":[{"element-6066-11e4-a52e-4f735466cecf":"f.F53CD083946FCE278F3961FDA51ABBA8.d.4F4A28E60AE4244F19D8780A68A8C637.e.13046"},"getText",[]]}
COMMAND: POST /session/885acd6bfe44f64c6e2485c8ef54779e/element - {"using":"css selector","value":"#shell-header-logo"}
RESULT: {"using":"css selector","value":"#shell-header-logo"}
COMMAND: POST /session/885acd6bfe44f64c6e2485c8ef54779e/element/f.F53CD083946FCE278F3961FDA51ABBA8.d.4F4A28E60AE4244F19D8780A68A8C637.e.12375/click - {}
RESULT: {}
]]></system-out>
    </testcase>
    <testcase classname="chrome.135_0_7049_96.windows.Provide_to_Site_w/o_warehouse_management_w/o_clarification_US116612" name="Should create a new WHM Material" time="80.155">
      <system-out><![CDATA[
COMMAND: GET /session/885acd6bfe44f64c6e2485c8ef54779e/screenshot - {}
COMMAND: POST /session/885acd6bfe44f64c6e2485c8ef54779e/execute/async - {"script":"<script> [1562 bytes]","args":[{"selector":{"controlType":"sap.m.GenericTile","properties":{"header":"Manage Resources"}},"wdio_ui5_key":"sapm.GenericTile{\"header\":\"Manage Resources\"}"}]}
RESULT: {}
RESULT: {"script":"<script> [1562 bytes]","args":[{"selector":{"controlType":"sap.m.GenericTile","properties":{"header":"Manage Resources"}},"wdio_ui5_key":"sapm.GenericTile{\"header\":\"Manage Resources\"}"}]}
RESULT: undefined
COMMAND: POST /session/885acd6bfe44f64c6e2485c8ef54779e/element - {"using":"xpath","value":"//*[@id=\"__tile39\"]"}
RESULT: {"using":"xpath","value":"//*[@id=\"__tile39\"]"}
COMMAND: POST /session/885acd6bfe44f64c6e2485c8ef54779e/element/f.F53CD083946FCE278F3961FDA51ABBA8.d.4F4A28E60AE4244F19D8780A68A8C637.e.13048/click - {}
RESULT: {}
COMMAND: POST /session/885acd6bfe44f64c6e2485c8ef54779e/execute/async - {"script":"<script> [1562 bytes]","args":[{"selector":{"controlType":"sap.m.OverflowToolbarButton","viewName":"etm.portal.ui.manageresources.view.Master","viewId":"application-manageresources-display-component---masterRU","bindingPath":{"path":"","propertyPath":"/isLogbook","modelName":"minimumStockRPGModel"},"interaction":{"idSuffix":"inner"}},"wdio_ui5_key":"etmportal.ui.manageresources.view.Mastersap.m.OverflowToolbarButton{\"path\":\"\",\"propertyPath\":\"/isLogbook\",\"modelName\":\"minimumStockRPGModel\"}"}]}
COMMAND: GET /session/885acd6bfe44f64c6e2485c8ef54779e/screenshot - {}
RESULT: {"script":"<script> [1562 bytes]","args":[{"selector":{"controlType":"sap.m.OverflowToolbarButton","viewName":"etm.portal.ui.manageresources.view.Master","viewId":"application-manageresources-display-component---masterRU","bindingPath":{"path":"","propertyPath":"/isLogbook","modelName":"minimumStockRPGModel"},"interaction":{"idSuffix":"inner"}},"wdio_ui5_key":"etmportal.ui.manageresources.view.Mastersap.m.OverflowToolbarButton{\"path\":\"\",\"propertyPath\":\"/isLogbook\",\"modelName\":\"minimumStockRPGModel\"}"}]}
RESULT: undefined
COMMAND: POST /session/885acd6bfe44f64c6e2485c8ef54779e/element - {"using":"xpath","value":"//*[@id=\"__button168\"]"}
RESULT: {}
RESULT: {"using":"xpath","value":"//*[@id=\"__button168\"]"}
COMMAND: POST /session/885acd6bfe44f64c6e2485c8ef54779e/element/f.F53CD083946FCE278F3961FDA51ABBA8.d.4F4A28E60AE4244F19D8780A68A8C637.e.13088/click - {}
RESULT: {}
COMMAND: GET /session/885acd6bfe44f64c6e2485c8ef54779e/screenshot - {}
COMMAND: POST /session/885acd6bfe44f64c6e2485c8ef54779e/execute/async - {"script":"<script> [1562 bytes]","args":[{"selector":{"id":"application-manageresources-display-component---newResourceUnit--TYPE-arrow"},"wdio_ui5_key":"applicationmanageresources-display-component---newResourceUnit--TYPE-arrow"}]}
RESULT: {}
RESULT: {"script":"<script> [1562 bytes]","args":[{"selector":{"id":"application-manageresources-display-component---newResourceUnit--TYPE-arrow"},"wdio_ui5_key":"applicationmanageresources-display-component---newResourceUnit--TYPE-arrow"}]}
RESULT: undefined
COMMAND: POST /session/885acd6bfe44f64c6e2485c8ef54779e/element - {"using":"xpath","value":"//*[@id=\"application-manageresources-display-component---newResourceUnit--TYPE-arrow\"]"}
RESULT: {"using":"xpath","value":"//*[@id=\"application-manageresources-display-component---newResourceUnit--TYPE-arrow\"]"}
COMMAND: POST /session/885acd6bfe44f64c6e2485c8ef54779e/element/f.F53CD083946FCE278F3961FDA51ABBA8.d.4F4A28E60AE4244F19D8780A68A8C637.e.13410/click - {}
RESULT: {}
COMMAND: POST /session/885acd6bfe44f64c6e2485c8ef54779e/execute/async - {"script":"<script> [1562 bytes]","args":[{"selector":{"controlType":"sap.m.StandardListItem","viewName":"reusables.view.manageresources.NewResourceUnit","viewId":"application-manageresources-display-component---newResourceUnit","properties":{"title":"Material"},"searchOpenDialogs":true,"interaction":{"idSuffix":"content"}},"wdio_ui5_key":"reusablesview.manageresources.NewResourceUnitsap.m.StandardListItem{\"title\":\"Material\"}"}]}
COMMAND: GET /session/885acd6bfe44f64c6e2485c8ef54779e/screenshot - {}
RESULT: {"script":"<script> [1562 bytes]","args":[{"selector":{"controlType":"sap.m.StandardListItem","viewName":"reusables.view.manageresources.NewResourceUnit","viewId":"application-manageresources-display-component---newResourceUnit","properties":{"title":"Material"},"searchOpenDialogs":true,"interaction":{"idSuffix":"content"}},"wdio_ui5_key":"reusablesview.manageresources.NewResourceUnitsap.m.StandardListItem{\"title\":\"Material\"}"}]}
RESULT: undefined
COMMAND: POST /session/885acd6bfe44f64c6e2485c8ef54779e/element - {"using":"xpath","value":"//*[@id=\"__item1517\"]"}
RESULT: {}
RESULT: {"using":"xpath","value":"//*[@id=\"__item1517\"]"}
COMMAND: POST /session/885acd6bfe44f64c6e2485c8ef54779e/element/f.F53CD083946FCE278F3961FDA51ABBA8.d.4F4A28E60AE4244F19D8780A68A8C637.e.13413/click - {}
RESULT: {}
COMMAND: POST /session/885acd6bfe44f64c6e2485c8ef54779e/execute/async - {"script":"<script> [1562 bytes]","args":[{"selector":{"id":"application-manageresources-display-component---newResourceUnit--resourceId","interaction":{"idSuffix":"inner"}},"wdio_ui5_key":"applicationmanageresources-display-component---newResourceUnit--resourceId"}]}
COMMAND: GET /session/885acd6bfe44f64c6e2485c8ef54779e/screenshot - {}
RESULT: {"script":"<script> [1562 bytes]","args":[{"selector":{"id":"application-manageresources-display-component---newResourceUnit--resourceId","interaction":{"idSuffix":"inner"}},"wdio_ui5_key":"applicationmanageresources-display-component---newResourceUnit--resourceId"}]}
RESULT: undefined
COMMAND: POST /session/885acd6bfe44f64c6e2485c8ef54779e/execute/async - {"script":"<script> [1562 bytes]","args":[{"selector":{"id":"application-manageresources-display-component---newResourceUnit--SHORT_TEXT","interaction":{"idSuffix":"inner"}},"wdio_ui5_key":"applicationmanageresources-display-component---newResourceUnit--SHORT_TEXT"}]}
RESULT: {}
RESULT: {"script":"<script> [1562 bytes]","args":[{"selector":{"id":"application-manageresources-display-component---newResourceUnit--SHORT_TEXT","interaction":{"idSuffix":"inner"}},"wdio_ui5_key":"applicationmanageresources-display-component---newResourceUnit--SHORT_TEXT"}]}
RESULT: undefined
COMMAND: POST /session/885acd6bfe44f64c6e2485c8ef54779e/execute/async - {"script":"<script> [776 bytes]","args":[{"enterText":"material WHM","selector":{"id":"application-manageresources-display-component---newResourceUnit--SHORT_TEXT","interaction":{"idSuffix":"inner"}},"clearTextFirst":true,"interactionType":"ENTER_TEXT"}]}
RESULT: {"script":"<script> [776 bytes]","args":[{"enterText":"material WHM","selector":{"id":"application-manageresources-display-component---newResourceUnit--SHORT_TEXT","interaction":{"idSuffix":"inner"}},"clearTextFirst":true,"interactionType":"ENTER_TEXT"}]}
COMMAND: POST /session/885acd6bfe44f64c6e2485c8ef54779e/execute/async - {"script":"<script> [1562 bytes]","args":[{"selector":{"id":"application-manageresources-display-component---newResourceUnit--BASE_UNIT_OF_MEASURE","interaction":{"idSuffix":"inner"}},"wdio_ui5_key":"applicationmanageresources-display-component---newResourceUnit--BASE_UNIT_OF_MEASURE"}]}
RESULT: {"script":"<script> [1562 bytes]","args":[{"selector":{"id":"application-manageresources-display-component---newResourceUnit--BASE_UNIT_OF_MEASURE","interaction":{"idSuffix":"inner"}},"wdio_ui5_key":"applicationmanageresources-display-component---newResourceUnit--BASE_UNIT_OF_MEASURE"}]}
RESULT: undefined
COMMAND: POST /session/885acd6bfe44f64c6e2485c8ef54779e/execute/async - {"script":"<script> [776 bytes]","args":[{"enterText":"Piece","selector":{"id":"application-manageresources-display-component---newResourceUnit--BASE_UNIT_OF_MEASURE","interaction":{"idSuffix":"inner"}},"clearTextFirst":true,"interactionType":"ENTER_TEXT"}]}
RESULT: {"script":"<script> [776 bytes]","args":[{"enterText":"Piece","selector":{"id":"application-manageresources-display-component---newResourceUnit--BASE_UNIT_OF_MEASURE","interaction":{"idSuffix":"inner"}},"clearTextFirst":true,"interactionType":"ENTER_TEXT"}]}
COMMAND: POST /session/885acd6bfe44f64c6e2485c8ef54779e/execute/async - {"script":"<script> [1562 bytes]","args":[{"selector":{"id":"application-manageresources-display-component---newResourceUnit--WEIGHT_UNIT","interaction":{"idSuffix":"inner"}},"wdio_ui5_key":"applicationmanageresources-display-component---newResourceUnit--WEIGHT_UNIT"}]}
RESULT: {"script":"<script> [1562 bytes]","args":[{"selector":{"id":"application-manageresources-display-component---newResourceUnit--WEIGHT_UNIT","interaction":{"idSuffix":"inner"}},"wdio_ui5_key":"applicationmanageresources-display-component---newResourceUnit--WEIGHT_UNIT"}]}
RESULT: undefined
COMMAND: POST /session/885acd6bfe44f64c6e2485c8ef54779e/execute/async - {"script":"<script> [776 bytes]","args":[{"enterText":"Gram","selector":{"id":"application-manageresources-display-component---newResourceUnit--WEIGHT_UNIT","interaction":{"idSuffix":"inner"}},"clearTextFirst":true,"interactionType":"ENTER_TEXT"}]}
RESULT: {"script":"<script> [776 bytes]","args":[{"enterText":"Gram","selector":{"id":"application-manageresources-display-component---newResourceUnit--WEIGHT_UNIT","interaction":{"idSuffix":"inner"}},"clearTextFirst":true,"interactionType":"ENTER_TEXT"}]}
COMMAND: POST /session/885acd6bfe44f64c6e2485c8ef54779e/execute/async - {"script":"<script> [1562 bytes]","args":[{"selector":{"id":"application-manageresources-display-component---newResourceUnit--DIMENSION_UNIT","interaction":{"idSuffix":"inner"}},"wdio_ui5_key":"applicationmanageresources-display-component---newResourceUnit--DIMENSION_UNIT"}]}
RESULT: {"script":"<script> [1562 bytes]","args":[{"selector":{"id":"application-manageresources-display-component---newResourceUnit--DIMENSION_UNIT","interaction":{"idSuffix":"inner"}},"wdio_ui5_key":"applicationmanageresources-display-component---newResourceUnit--DIMENSION_UNIT"}]}
RESULT: undefined
COMMAND: POST /session/885acd6bfe44f64c6e2485c8ef54779e/execute/async - {"script":"<script> [776 bytes]","args":[{"enterText":"Meter","selector":{"id":"application-manageresources-display-component---newResourceUnit--DIMENSION_UNIT","interaction":{"idSuffix":"inner"}},"clearTextFirst":true,"interactionType":"ENTER_TEXT"}]}
RESULT: {"script":"<script> [776 bytes]","args":[{"enterText":"Meter","selector":{"id":"application-manageresources-display-component---newResourceUnit--DIMENSION_UNIT","interaction":{"idSuffix":"inner"}},"clearTextFirst":true,"interactionType":"ENTER_TEXT"}]}
COMMAND: POST /session/885acd6bfe44f64c6e2485c8ef54779e/execute/async - {"script":"<script> [1562 bytes]","args":[{"selector":{"id":"application-manageresources-display-component---newResourceUnit--newRRUPage-anchBar-application-manageresources-display-component---newResourceUnit--control-anchor","interaction":{"idSuffix":"content"}},"wdio_ui5_key":"applicationmanageresources-display-component---newResourceUnit--newRRUPage-anchBar-application-manageresources-display-component---newResourceUnit--control-anchor"}]}
RESULT: {"script":"<script> [1562 bytes]","args":[{"selector":{"id":"application-manageresources-display-component---newResourceUnit--newRRUPage-anchBar-application-manageresources-display-component---newResourceUnit--control-anchor","interaction":{"idSuffix":"content"}},"wdio_ui5_key":"applicationmanageresources-display-component---newResourceUnit--newRRUPage-anchBar-application-manageresources-display-component---newResourceUnit--control-anchor"}]}
RESULT: undefined
COMMAND: POST /session/885acd6bfe44f64c6e2485c8ef54779e/element - {"using":"xpath","value":"//*[@id=\"application-manageresources-display-component---newResourceUnit--newRRUPage-anchBar-application-manageresources-display-component---newResourceUnit--control-anchor\"]"}
RESULT: {"using":"xpath","value":"//*[@id=\"application-manageresources-display-component---newResourceUnit--newRRUPage-anchBar-application-manageresources-display-component---newResourceUnit--control-anchor\"]"}
COMMAND: POST /session/885acd6bfe44f64c6e2485c8ef54779e/element/f.F53CD083946FCE278F3961FDA51ABBA8.d.4F4A28E60AE4244F19D8780A68A8C637.e.13477/click - {}
RESULT: {}
COMMAND: POST /session/885acd6bfe44f64c6e2485c8ef54779e/execute/async - {"script":"<script> [1562 bytes]","args":[{"selector":{"id":"application-manageresources-display-component---newResourceUnit--PLANNING_GROUP","interaction":{"idSuffix":"inner"}},"wdio_ui5_key":"applicationmanageresources-display-component---newResourceUnit--PLANNING_GROUP"}]}
COMMAND: GET /session/885acd6bfe44f64c6e2485c8ef54779e/screenshot - {}
RESULT: {"script":"<script> [1562 bytes]","args":[{"selector":{"id":"application-manageresources-display-component---newResourceUnit--PLANNING_GROUP","interaction":{"idSuffix":"inner"}},"wdio_ui5_key":"applicationmanageresources-display-component---newResourceUnit--PLANNING_GROUP"}]}
RESULT: undefined
COMMAND: POST /session/885acd6bfe44f64c6e2485c8ef54779e/execute/async - {"script":"<script> [776 bytes]","args":[{"enterText":"Heavy Equi","selector":{"id":"application-manageresources-display-component---newResourceUnit--PLANNING_GROUP","interaction":{"idSuffix":"inner"}},"clearTextFirst":true,"interactionType":"ENTER_TEXT"}]}
RESULT: {}
RESULT: {"script":"<script> [776 bytes]","args":[{"enterText":"Heavy Equi","selector":{"id":"application-manageresources-display-component---newResourceUnit--PLANNING_GROUP","interaction":{"idSuffix":"inner"}},"clearTextFirst":true,"interactionType":"ENTER_TEXT"}]}
COMMAND: POST /session/885acd6bfe44f64c6e2485c8ef54779e/execute/async - {"script":"<script> [1562 bytes]","args":[{"selector":{"id":"application-manageresources-display-component---newResourceUnit--PLANNING_INDICATOR","interaction":{"idSuffix":"inner"}},"wdio_ui5_key":"applicationmanageresources-display-component---newResourceUnit--PLANNING_INDICATOR"}]}
RESULT: {"script":"<script> [1562 bytes]","args":[{"selector":{"id":"application-manageresources-display-component---newResourceUnit--PLANNING_INDICATOR","interaction":{"idSuffix":"inner"}},"wdio_ui5_key":"applicationmanageresources-display-component---newResourceUnit--PLANNING_INDICATOR"}]}
RESULT: undefined
COMMAND: POST /session/885acd6bfe44f64c6e2485c8ef54779e/execute/async - {"script":"<script> [776 bytes]","args":[{"enterText":"10 - infinite","selector":{"id":"application-manageresources-display-component---newResourceUnit--PLANNING_INDICATOR","interaction":{"idSuffix":"inner"}},"clearTextFirst":true,"interactionType":"ENTER_TEXT"}]}
RESULT: {"script":"<script> [776 bytes]","args":[{"enterText":"10 - infinite","selector":{"id":"application-manageresources-display-component---newResourceUnit--PLANNING_INDICATOR","interaction":{"idSuffix":"inner"}},"clearTextFirst":true,"interactionType":"ENTER_TEXT"}]}
COMMAND: POST /session/885acd6bfe44f64c6e2485c8ef54779e/actions - {"actions":[{"id":"action47","type":"key","parameters":{},"actions":[{"type":"keyDown","value":"î€‡"},{"type":"pause","duration":10},{"type":"keyUp","value":"î€‡"}]}]}
RESULT: {"actions":[{"id":"action47","type":"key","parameters":{},"actions":[{"type":"keyDown","value":"î€‡"},{"type":"pause","duration":10},{"type":"keyUp","value":"î€‡"}]}]}
COMMAND: POST /session/885acd6bfe44f64c6e2485c8ef54779e/execute/async - {"script":"<script> [1562 bytes]","args":[{"selector":{"id":"application-manageresources-display-component---newResourceUnit--ITEM_TYPE-arrow"},"wdio_ui5_key":"applicationmanageresources-display-component---newResourceUnit--ITEM_TYPE-arrow"}]}
COMMAND: GET /session/885acd6bfe44f64c6e2485c8ef54779e/screenshot - {}
RESULT: {}
RESULT: {"script":"<script> [1562 bytes]","args":[{"selector":{"id":"application-manageresources-display-component---newResourceUnit--ITEM_TYPE-arrow"},"wdio_ui5_key":"applicationmanageresources-display-component---newResourceUnit--ITEM_TYPE-arrow"}]}
RESULT: undefined
COMMAND: POST /session/885acd6bfe44f64c6e2485c8ef54779e/element - {"using":"xpath","value":"//*[@id=\"application-manageresources-display-component---newResourceUnit--ITEM_TYPE-arrow\"]"}
RESULT: {"using":"xpath","value":"//*[@id=\"application-manageresources-display-component---newResourceUnit--ITEM_TYPE-arrow\"]"}
COMMAND: POST /session/885acd6bfe44f64c6e2485c8ef54779e/element/f.F53CD083946FCE278F3961FDA51ABBA8.d.4F4A28E60AE4244F19D8780A68A8C637.e.13485/click - {}
RESULT: {}
COMMAND: POST /session/885acd6bfe44f64c6e2485c8ef54779e/execute/async - {"script":"<script> [1562 bytes]","args":[{"selector":{"controlType":"sap.m.StandardListItem","viewName":"reusables.view.manageresources.NewResourceUnit","viewId":"application-manageresources-display-component---newResourceUnit","properties":{"title":"Resource Unit"},"searchOpenDialogs":true,"interaction":{"idSuffix":"titleText"}},"wdio_ui5_key":"reusablesview.manageresources.NewResourceUnitsap.m.StandardListItem{\"title\":\"Resource Unit\"}"}]}
COMMAND: GET /session/885acd6bfe44f64c6e2485c8ef54779e/screenshot - {}
RESULT: {"script":"<script> [1562 bytes]","args":[{"selector":{"controlType":"sap.m.StandardListItem","viewName":"reusables.view.manageresources.NewResourceUnit","viewId":"application-manageresources-display-component---newResourceUnit","properties":{"title":"Resource Unit"},"searchOpenDialogs":true,"interaction":{"idSuffix":"titleText"}},"wdio_ui5_key":"reusablesview.manageresources.NewResourceUnitsap.m.StandardListItem{\"title\":\"Resource Unit\"}"}]}
RESULT: undefined
RESULT: {}
COMMAND: POST /session/885acd6bfe44f64c6e2485c8ef54779e/execute/async - {"script":"<script> [1562 bytes]","args":[{"selector":{"controlType":"sap.m.Label","viewName":"reusables.view.manageresources.NewResourceUnit","viewId":"application-manageresources-display-component---newResourceUnit","i18NText":{"propertyName":"text","key":"planningGroup"},"interaction":{"idSuffix":"bdi"}},"wdio_ui5_key":"reusablesview.manageresources.NewResourceUnitsap.m.Label{\"propertyName\":\"text\",\"key\":\"planningGroup\"}"}]}
RESULT: {"script":"<script> [1562 bytes]","args":[{"selector":{"controlType":"sap.m.Label","viewName":"reusables.view.manageresources.NewResourceUnit","viewId":"application-manageresources-display-component---newResourceUnit","i18NText":{"propertyName":"text","key":"planningGroup"},"interaction":{"idSuffix":"bdi"}},"wdio_ui5_key":"reusablesview.manageresources.NewResourceUnitsap.m.Label{\"propertyName\":\"text\",\"key\":\"planningGroup\"}"}]}
RESULT: undefined
COMMAND: POST /session/885acd6bfe44f64c6e2485c8ef54779e/element - {"using":"xpath","value":"//*[@id=\"__label263\"]"}
RESULT: {"using":"xpath","value":"//*[@id=\"__label263\"]"}
COMMAND: POST /session/885acd6bfe44f64c6e2485c8ef54779e/element/f.F53CD083946FCE278F3961FDA51ABBA8.d.4F4A28E60AE4244F19D8780A68A8C637.e.13487/click - {}
RESULT: {}
COMMAND: GET /session/885acd6bfe44f64c6e2485c8ef54779e/screenshot - {}
RESULT: {}
COMMAND: POST /session/885acd6bfe44f64c6e2485c8ef54779e/actions - {"actions":[{"type":"key","id":"keyboard","actions":[{"type":"keyDown","value":"î›"}]}]}
RESULT: {"actions":[{"type":"key","id":"keyboard","actions":[{"type":"keyDown","value":"î›"}]}]}
COMMAND: GET /session/885acd6bfe44f64c6e2485c8ef54779e/screenshot - {}
RESULT: {}
COMMAND: POST /session/885acd6bfe44f64c6e2485c8ef54779e/actions - {"actions":[{"type":"key","id":"keyboard","actions":[{"type":"keyDown","value":"î›"}]}]}
RESULT: {"actions":[{"type":"key","id":"keyboard","actions":[{"type":"keyDown","value":"î›"}]}]}
COMMAND: GET /session/885acd6bfe44f64c6e2485c8ef54779e/screenshot - {}
RESULT: {}
COMMAND: POST /session/885acd6bfe44f64c6e2485c8ef54779e/actions - {"actions":[{"type":"key","id":"keyboard","actions":[{"type":"keyDown","value":"î›"}]}]}
RESULT: {"actions":[{"type":"key","id":"keyboard","actions":[{"type":"keyDown","value":"î›"}]}]}
COMMAND: GET /session/885acd6bfe44f64c6e2485c8ef54779e/screenshot - {}
RESULT: {}
COMMAND: POST /session/885acd6bfe44f64c6e2485c8ef54779e/actions - {"actions":[{"type":"key","id":"keyboard","actions":[{"type":"keyDown","value":"î›"}]}]}
RESULT: {"actions":[{"type":"key","id":"keyboard","actions":[{"type":"keyDown","value":"î›"}]}]}
COMMAND: GET /session/885acd6bfe44f64c6e2485c8ef54779e/screenshot - {}
RESULT: {}
COMMAND: POST /session/885acd6bfe44f64c6e2485c8ef54779e/actions - {"actions":[{"type":"key","id":"keyboard","actions":[{"type":"keyDown","value":"î›"}]}]}
RESULT: {"actions":[{"type":"key","id":"keyboard","actions":[{"type":"keyDown","value":"î›"}]}]}
COMMAND: GET /session/885acd6bfe44f64c6e2485c8ef54779e/screenshot - {}
RESULT: {}
COMMAND: POST /session/885acd6bfe44f64c6e2485c8ef54779e/actions - {"actions":[{"type":"key","id":"keyboard","actions":[{"type":"keyDown","value":"î›"}]}]}
RESULT: {"actions":[{"type":"key","id":"keyboard","actions":[{"type":"keyDown","value":"î›"}]}]}
COMMAND: GET /session/885acd6bfe44f64c6e2485c8ef54779e/screenshot - {}
RESULT: {}
COMMAND: POST /session/885acd6bfe44f64c6e2485c8ef54779e/execute/async - {"script":"<script> [1562 bytes]","args":[{"selector":{"id":"application-manageresources-display-component---newResourceUnit--btnAddTimeSegment-img"},"wdio_ui5_key":"applicationmanageresources-display-component---newResourceUnit--btnAddTimeSegment-img"}]}
RESULT: {"script":"<script> [1562 bytes]","args":[{"selector":{"id":"application-manageresources-display-component---newResourceUnit--btnAddTimeSegment-img"},"wdio_ui5_key":"applicationmanageresources-display-component---newResourceUnit--btnAddTimeSegment-img"}]}
RESULT: undefined
COMMAND: POST /session/885acd6bfe44f64c6e2485c8ef54779e/element - {"using":"xpath","value":"//*[@id=\"application-manageresources-display-component---newResourceUnit--btnAddTimeSegment-img\"]"}
RESULT: {"using":"xpath","value":"//*[@id=\"application-manageresources-display-component---newResourceUnit--btnAddTimeSegment-img\"]"}
COMMAND: POST /session/885acd6bfe44f64c6e2485c8ef54779e/element/f.F53CD083946FCE278F3961FDA51ABBA8.d.4F4A28E60AE4244F19D8780A68A8C637.e.13488/click - {}
RESULT: {}
COMMAND: POST /session/885acd6bfe44f64c6e2485c8ef54779e/element - {"using":"xpath","value":"//input[@id=\"application-manageresources-display-component---newResourceUnit--idRuTSAdmin-application-manageresources-display-component---newResourceUnit--RUTimeSegment-0-inner\"]"}
COMMAND: GET /session/885acd6bfe44f64c6e2485c8ef54779e/screenshot - {}
RESULT: {"using":"xpath","value":"//input[@id=\"application-manageresources-display-component---newResourceUnit--idRuTSAdmin-application-manageresources-display-component---newResourceUnit--RUTimeSegment-0-inner\"]"}
COMMAND: POST /session/885acd6bfe44f64c6e2485c8ef54779e/element/f.F53CD083946FCE278F3961FDA51ABBA8.d.4F4A28E60AE4244F19D8780A68A8C637.e.13491/clear - {}
RESULT: {}
RESULT: {}
COMMAND: POST /session/885acd6bfe44f64c6e2485c8ef54779e/element/f.F53CD083946FCE278F3961FDA51ABBA8.d.4F4A28E60AE4244F19D8780A68A8C637.e.13491/value - {"text":"486"}
COMMAND: GET /session/885acd6bfe44f64c6e2485c8ef54779e/screenshot - {}
RESULT: {"text":"486"}
COMMAND: GET /session/885acd6bfe44f64c6e2485c8ef54779e/screenshot - {}
RESULT: {}
RESULT: {}
COMMAND: POST /session/885acd6bfe44f64c6e2485c8ef54779e/actions - {"actions":[{"id":"action48","type":"key","parameters":{},"actions":[{"type":"keyDown","value":"î€‡"},{"type":"pause","duration":10},{"type":"keyUp","value":"î€‡"}]}]}
RESULT: {"actions":[{"id":"action48","type":"key","parameters":{},"actions":[{"type":"keyDown","value":"î€‡"},{"type":"pause","duration":10},{"type":"keyUp","value":"î€‡"}]}]}
COMMAND: GET /session/885acd6bfe44f64c6e2485c8ef54779e/screenshot - {}
RESULT: {}
COMMAND: POST /session/885acd6bfe44f64c6e2485c8ef54779e/execute/async - {"script":"<script> [1562 bytes]","args":[{"selector":{"controlType":"sap.m.Button","viewName":"reusables.view.manageresources.NewResourceUnit","viewId":"application-manageresources-display-component---newResourceUnit","i18NText":{"propertyName":"tooltip","key":"save"},"interaction":{"idSuffix":"BDI-content"}},"wdio_ui5_key":"reusablesview.manageresources.NewResourceUnitsap.m.Button{\"propertyName\":\"tooltip\",\"key\":\"save\"}"}]}
RESULT: {"script":"<script> [1562 bytes]","args":[{"selector":{"controlType":"sap.m.Button","viewName":"reusables.view.manageresources.NewResourceUnit","viewId":"application-manageresources-display-component---newResourceUnit","i18NText":{"propertyName":"tooltip","key":"save"},"interaction":{"idSuffix":"BDI-content"}},"wdio_ui5_key":"reusablesview.manageresources.NewResourceUnitsap.m.Button{\"propertyName\":\"tooltip\",\"key\":\"save\"}"}]}
RESULT: undefined
COMMAND: POST /session/885acd6bfe44f64c6e2485c8ef54779e/element - {"using":"xpath","value":"//*[@id=\"application-manageresources-display-component---newResourceUnit--createRuButton\"]"}
RESULT: {"using":"xpath","value":"//*[@id=\"application-manageresources-display-component---newResourceUnit--createRuButton\"]"}
COMMAND: POST /session/885acd6bfe44f64c6e2485c8ef54779e/element/f.F53CD083946FCE278F3961FDA51ABBA8.d.4F4A28E60AE4244F19D8780A68A8C637.e.13426/click - {}
RESULT: {}
COMMAND: POST /session/885acd6bfe44f64c6e2485c8ef54779e/execute/async - {"script":"<script> [1562 bytes]","args":[{"selector":{"controlType":"sap.m.Button","properties":{"text":"Close"},"searchOpenDialogs":true,"interaction":{"idSuffix":"BDI-content"}},"wdio_ui5_key":"sapm.Button{\"text\":\"Close\"}"}]}
COMMAND: GET /session/885acd6bfe44f64c6e2485c8ef54779e/screenshot - {}
RESULT: {"script":"<script> [1562 bytes]","args":[{"selector":{"controlType":"sap.m.Button","properties":{"text":"Close"},"searchOpenDialogs":true,"interaction":{"idSuffix":"BDI-content"}},"wdio_ui5_key":"sapm.Button{\"text\":\"Close\"}"}]}
RESULT: undefined
COMMAND: POST /session/885acd6bfe44f64c6e2485c8ef54779e/element - {"using":"xpath","value":"//*[@id=\"__mbox-btn-0\"]"}
RESULT: {}
RESULT: {"using":"xpath","value":"//*[@id=\"__mbox-btn-0\"]"}
COMMAND: POST /session/885acd6bfe44f64c6e2485c8ef54779e/element/f.F53CD083946FCE278F3961FDA51ABBA8.d.4F4A28E60AE4244F19D8780A68A8C637.e.13505/click - {}
RESULT: {}
COMMAND: GET /session/885acd6bfe44f64c6e2485c8ef54779e/screenshot - {}
RESULT: {}
COMMAND: POST /session/885acd6bfe44f64c6e2485c8ef54779e/execute/async - {"script":"<script> [1562 bytes]","args":[{"selector":{"controlType":"sap.m.Text","viewName":"etm.portal.ui.manageresources.view.Detail","viewId":"application-manageresources-display-component---detailRU","bindingPath":{"propertyPath":"ID","modelName":"catalogModel"}},"wdio_ui5_key":"etmportal.ui.manageresources.view.Detailsap.m.Text{\"propertyPath\":\"ID\",\"modelName\":\"catalogModel\"}"}]}
RESULT: {"script":"<script> [1562 bytes]","args":[{"selector":{"controlType":"sap.m.Text","viewName":"etm.portal.ui.manageresources.view.Detail","viewId":"application-manageresources-display-component---detailRU","bindingPath":{"propertyPath":"ID","modelName":"catalogModel"}},"wdio_ui5_key":"etmportal.ui.manageresources.view.Detailsap.m.Text{\"propertyPath\":\"ID\",\"modelName\":\"catalogModel\"}"}]}
RESULT: undefined
COMMAND: POST /session/885acd6bfe44f64c6e2485c8ef54779e/execute/async - {"script":"<script> [6424 bytes]","args":[{"element-6066-11e4-a52e-4f735466cecf":"f.F53CD083946FCE278F3961FDA51ABBA8.d.4F4A28E60AE4244F19D8780A68A8C637.e.13537"},"getText",[]]}
RESULT: {"script":"<script> [6424 bytes]","args":[{"element-6066-11e4-a52e-4f735466cecf":"f.F53CD083946FCE278F3961FDA51ABBA8.d.4F4A28E60AE4244F19D8780A68A8C637.e.13537"},"getText",[]]}
COMMAND: POST /session/885acd6bfe44f64c6e2485c8ef54779e/element - {"using":"css selector","value":"#shell-header-logo"}
RESULT: {"using":"css selector","value":"#shell-header-logo"}
COMMAND: POST /session/885acd6bfe44f64c6e2485c8ef54779e/element/f.F53CD083946FCE278F3961FDA51ABBA8.d.4F4A28E60AE4244F19D8780A68A8C637.e.13050/click - {}
RESULT: {}
COMMAND: GET /session/885acd6bfe44f64c6e2485c8ef54779e/screenshot - {}
RESULT: {}
]]></system-out>
    </testcase>
  </testsuite>
  <testsuite timestamp="2025-05-01T17:21:59" time="592.542" tests="5" failures="0" errors="0" skipped="0">
    <properties>
      <property name="specId" value="0" />
      <property name="suiteName" value="Provide to Site w/o warehouse management wo clarification" />
      <property name="capabilities" value="chrome.135_0_7049_96.windows" />
      <property name="file" value="file:///D:/a/1/s/test/specs/HTR/provide-to-site-wo-warehouse-wo-clarification.spec.js" />
    </properties>
    <testcase classname="chrome.135_0_7049_96.windows.Provide_to_Site_w/o_warehouse_management_wo_clarification" name="Should do a stock increase handover" time="65.349">
      <system-out><![CDATA[
COMMAND: POST /session/885acd6bfe44f64c6e2485c8ef54779e/execute/async - {"script":"<script> [1562 bytes]","args":[{"selector":{"controlType":"sap.m.GenericTile","properties":{"header":"Manage Handovers"}},"wdio_ui5_key":"sapm.GenericTile{\"header\":\"Manage Handovers\"}"}]}
RESULT: {"script":"<script> [1562 bytes]","args":[{"selector":{"controlType":"sap.m.GenericTile","properties":{"header":"Manage Handovers"}},"wdio_ui5_key":"sapm.GenericTile{\"header\":\"Manage Handovers\"}"}]}
RESULT: undefined
COMMAND: POST /session/885acd6bfe44f64c6e2485c8ef54779e/element - {"using":"xpath","value":"//*[@id=\"__tile132\"]"}
RESULT: {"using":"xpath","value":"//*[@id=\"__tile132\"]"}
COMMAND: POST /session/885acd6bfe44f64c6e2485c8ef54779e/element/f.F53CD083946FCE278F3961FDA51ABBA8.d.4F4A28E60AE4244F19D8780A68A8C637.e.13539/click - {}
RESULT: {}
COMMAND: GET /session/885acd6bfe44f64c6e2485c8ef54779e/screenshot - {}
COMMAND: POST /session/885acd6bfe44f64c6e2485c8ef54779e/element - {"using":"xpath","value":"//button[(@data-kt = 'masterHOAddButton')]"}
RESULT: {}
RESULT: {"using":"xpath","value":"//button[(@data-kt = 'masterHOAddButton')]"}
COMMAND: POST /session/885acd6bfe44f64c6e2485c8ef54779e/element/f.F53CD083946FCE278F3961FDA51ABBA8.d.4F4A28E60AE4244F19D8780A68A8C637.e.13579/click - {}
RESULT: {}
COMMAND: POST /session/885acd6bfe44f64c6e2485c8ef54779e/element - {"using":"css selector","value":"span[id=\"application-managehandovers-display-component---AddNewHO--typeSelect-label\"]"}
COMMAND: GET /session/885acd6bfe44f64c6e2485c8ef54779e/screenshot - {}
RESULT: {"using":"css selector","value":"span[id=\"application-managehandovers-display-component---AddNewHO--typeSelect-label\"]"}
COMMAND: POST /session/885acd6bfe44f64c6e2485c8ef54779e/element/f.F53CD083946FCE278F3961FDA51ABBA8.d.4F4A28E60AE4244F19D8780A68A8C637.e.13889/click - {}
RESULT: {}
RESULT: {}
COMMAND: POST /session/885acd6bfe44f64c6e2485c8ef54779e/element - {"using":"css selector","value":"#application-managehandovers-display-component---AddNewHO--oneStep-CB"}
COMMAND: GET /session/885acd6bfe44f64c6e2485c8ef54779e/screenshot - {}
RESULT: {"using":"css selector","value":"#application-managehandovers-display-component---AddNewHO--oneStep-CB"}
COMMAND: GET /session/885acd6bfe44f64c6e2485c8ef54779e/element/f.F53CD083946FCE278F3961FDA51ABBA8.d.4F4A28E60AE4244F19D8780A68A8C637.e.13819/selected - {}
RESULT: {}
RESULT: {}
COMMAND: POST /session/885acd6bfe44f64c6e2485c8ef54779e/element - {"using":"xpath","value":"//li[contains(text(), \"stock increase yard\")]"}
COMMAND: GET /session/885acd6bfe44f64c6e2485c8ef54779e/screenshot - {}
RESULT: {"using":"xpath","value":"//li[contains(text(), \"stock increase yard\")]"}
COMMAND: POST /session/885acd6bfe44f64c6e2485c8ef54779e/element/f.F53CD083946FCE278F3961FDA51ABBA8.d.4F4A28E60AE4244F19D8780A68A8C637.e.13890/click - {}
RESULT: {}
RESULT: {}
COMMAND: GET /session/885acd6bfe44f64c6e2485c8ef54779e/screenshot - {}
RESULT: {}
COMMAND: POST /session/885acd6bfe44f64c6e2485c8ef54779e/element - {"using":"css selector","value":"input[id=\"generalSectionFrg--receiveYard-inner\"]"}
RESULT: {"using":"css selector","value":"input[id=\"generalSectionFrg--receiveYard-inner\"]"}
COMMAND: POST /session/885acd6bfe44f64c6e2485c8ef54779e/element/f.F53CD083946FCE278F3961FDA51ABBA8.d.4F4A28E60AE4244F19D8780A68A8C637.e.13898/clear - {}
RESULT: {}
COMMAND: POST /session/885acd6bfe44f64c6e2485c8ef54779e/element/f.F53CD083946FCE278F3961FDA51ABBA8.d.4F4A28E60AE4244F19D8780A68A8C637.e.13898/value - {"text":"486"}
COMMAND: GET /session/885acd6bfe44f64c6e2485c8ef54779e/screenshot - {}
RESULT: {"text":"486"}
COMMAND: GET /session/885acd6bfe44f64c6e2485c8ef54779e/screenshot - {}
RESULT: {}
RESULT: {}
COMMAND: POST /session/885acd6bfe44f64c6e2485c8ef54779e/element - {"using":"css selector","value":"#application-managehandovers-display-component---AddNewHO--dueDate-inner"}
RESULT: {"using":"css selector","value":"#application-managehandovers-display-component---AddNewHO--dueDate-inner"}
COMMAND: POST /session/885acd6bfe44f64c6e2485c8ef54779e/element/f.F53CD083946FCE278F3961FDA51ABBA8.d.4F4A28E60AE4244F19D8780A68A8C637.e.13892/clear - {}
RESULT: {}
COMMAND: POST /session/885acd6bfe44f64c6e2485c8ef54779e/element/f.F53CD083946FCE278F3961FDA51ABBA8.d.4F4A28E60AE4244F19D8780A68A8C637.e.13892/value - {"text":"5/1/25"}
COMMAND: GET /session/885acd6bfe44f64c6e2485c8ef54779e/screenshot - {}
RESULT: {"text":"5/1/25"}
COMMAND: GET /session/885acd6bfe44f64c6e2485c8ef54779e/screenshot - {}
RESULT: {}
RESULT: {}
COMMAND: POST /session/885acd6bfe44f64c6e2485c8ef54779e/element - {"using":"xpath","value":"//bdi[(text() = 'Items' or . = 'Items')]"}
RESULT: {"using":"xpath","value":"//bdi[(text() = 'Items' or . = 'Items')]"}
COMMAND: POST /session/885acd6bfe44f64c6e2485c8ef54779e/element/f.F53CD083946FCE278F3961FDA51ABBA8.d.4F4A28E60AE4244F19D8780A68A8C637.e.13915/click - {}
RESULT: {}
COMMAND: GET /session/885acd6bfe44f64c6e2485c8ef54779e/screenshot - {}
RESULT: {}
COMMAND: POST /session/885acd6bfe44f64c6e2485c8ef54779e/element - {"using":"xpath","value":"//button[@aria-label=\"Add\"]"}
RESULT: {"using":"xpath","value":"//button[@aria-label=\"Add\"]"}
COMMAND: POST /session/885acd6bfe44f64c6e2485c8ef54779e/element/f.F53CD083946FCE278F3961FDA51ABBA8.d.4F4A28E60AE4244F19D8780A68A8C637.e.13920/click - {}
RESULT: {}
COMMAND: GET /session/885acd6bfe44f64c6e2485c8ef54779e/screenshot - {}
RESULT: {}
COMMAND: POST /session/885acd6bfe44f64c6e2485c8ef54779e/element - {"using":"css selector","value":"input[id= \"application-managehandovers-display-component---AddNewHO--smartFilterBar-btnBasicSearch-I\"]"}
RESULT: {"using":"css selector","value":"input[id= \"application-managehandovers-display-component---AddNewHO--smartFilterBar-btnBasicSearch-I\"]"}
COMMAND: POST /session/885acd6bfe44f64c6e2485c8ef54779e/element/f.F53CD083946FCE278F3961FDA51ABBA8.d.4F4A28E60AE4244F19D8780A68A8C637.e.13923/clear - {}
RESULT: {}
COMMAND: POST /session/885acd6bfe44f64c6e2485c8ef54779e/element/f.F53CD083946FCE278F3961FDA51ABBA8.d.4F4A28E60AE4244F19D8780A68A8C637.e.13923/value - {"text":"200262"}
COMMAND: GET /session/885acd6bfe44f64c6e2485c8ef54779e/screenshot - {}
RESULT: {"text":"200262"}
COMMAND: POST /session/885acd6bfe44f64c6e2485c8ef54779e/actions - {"actions":[{"id":"action49","type":"key","parameters":{},"actions":[{"type":"keyDown","value":"î€‡"},{"type":"pause","duration":10},{"type":"keyUp","value":"î€‡"}]}]}
COMMAND: GET /session/885acd6bfe44f64c6e2485c8ef54779e/screenshot - {}
RESULT: {}
RESULT: {"actions":[{"id":"action49","type":"key","parameters":{},"actions":[{"type":"keyDown","value":"î€‡"},{"type":"pause","duration":10},{"type":"keyUp","value":"î€‡"}]}]}
COMMAND: POST /session/885acd6bfe44f64c6e2485c8ef54779e/element - {"using":"css selector","value":"div[id= \"application-managehandovers-display-component---AddNewHO--smartFilterBar-btnBasicSearch-search\"]"}
COMMAND: GET /session/885acd6bfe44f64c6e2485c8ef54779e/screenshot - {}
RESULT: {}
RESULT: {"using":"css selector","value":"div[id= \"application-managehandovers-display-component---AddNewHO--smartFilterBar-btnBasicSearch-search\"]"}
COMMAND: POST /session/885acd6bfe44f64c6e2485c8ef54779e/element/f.F53CD083946FCE278F3961FDA51ABBA8.d.4F4A28E60AE4244F19D8780A68A8C637.e.14072/click - {}
RESULT: {}
RESULT: {}
COMMAND: GET /session/885acd6bfe44f64c6e2485c8ef54779e/screenshot - {}
RESULT: {}
COMMAND: POST /session/885acd6bfe44f64c6e2485c8ef54779e/element - {"using":"css selector","value":"div[id= \"application-managehandovers-display-component---AddNewHO--popup-sa-CbBg\"]"}
RESULT: {"using":"css selector","value":"div[id= \"application-managehandovers-display-component---AddNewHO--popup-sa-CbBg\"]"}
COMMAND: POST /session/885acd6bfe44f64c6e2485c8ef54779e/element/f.F53CD083946FCE278F3961FDA51ABBA8.d.4F4A28E60AE4244F19D8780A68A8C637.e.14073/click - {}
RESULT: {}
COMMAND: POST /session/885acd6bfe44f64c6e2485c8ef54779e/element - {"using":"xpath","value":"//bdi[(text() = 'Select' or . = 'Select')]"}
COMMAND: GET /session/885acd6bfe44f64c6e2485c8ef54779e/screenshot - {}
RESULT: {"using":"xpath","value":"//bdi[(text() = 'Select' or . = 'Select')]"}
COMMAND: POST /session/885acd6bfe44f64c6e2485c8ef54779e/element/f.F53CD083946FCE278F3961FDA51ABBA8.d.4F4A28E60AE4244F19D8780A68A8C637.e.14074/click - {}
RESULT: {}
RESULT: {}
COMMAND: GET /session/885acd6bfe44f64c6e2485c8ef54779e/screenshot - {}
RESULT: {}
COMMAND: POST /session/885acd6bfe44f64c6e2485c8ef54779e/element - {"using":"xpath","value":"//bdi[(text() = 'Save' or . = 'Save')]"}
RESULT: {"using":"xpath","value":"//bdi[(text() = 'Save' or . = 'Save')]"}
COMMAND: POST /session/885acd6bfe44f64c6e2485c8ef54779e/element/f.F53CD083946FCE278F3961FDA51ABBA8.d.4F4A28E60AE4244F19D8780A68A8C637.e.14078/click - {}
RESULT: {}
COMMAND: GET /session/885acd6bfe44f64c6e2485c8ef54779e/screenshot - {}
RESULT: {}
COMMAND: POST /session/885acd6bfe44f64c6e2485c8ef54779e/element - {"using":"xpath","value":"//input[contains(@id ,\"receiptDatePicker-inner\")]"}
RESULT: {"using":"xpath","value":"//input[contains(@id ,\"receiptDatePicker-inner\")]"}
COMMAND: POST /session/885acd6bfe44f64c6e2485c8ef54779e/element/f.F53CD083946FCE278F3961FDA51ABBA8.d.4F4A28E60AE4244F19D8780A68A8C637.e.14107/click - {}
RESULT: {}
COMMAND: POST /session/885acd6bfe44f64c6e2485c8ef54779e/element - {"using":"xpath","value":"//input[contains(@id ,\"receiptDatePicker-inner\")]"}
COMMAND: GET /session/885acd6bfe44f64c6e2485c8ef54779e/screenshot - {}
RESULT: {"using":"xpath","value":"//input[contains(@id ,\"receiptDatePicker-inner\")]"}
COMMAND: POST /session/885acd6bfe44f64c6e2485c8ef54779e/element/f.F53CD083946FCE278F3961FDA51ABBA8.d.4F4A28E60AE4244F19D8780A68A8C637.e.14107/clear - {}
RESULT: {}
RESULT: {}
COMMAND: POST /session/885acd6bfe44f64c6e2485c8ef54779e/element/f.F53CD083946FCE278F3961FDA51ABBA8.d.4F4A28E60AE4244F19D8780A68A8C637.e.14107/value - {"text":"5/1/25"}
COMMAND: GET /session/885acd6bfe44f64c6e2485c8ef54779e/screenshot - {}
RESULT: {"text":"5/1/25"}
COMMAND: GET /session/885acd6bfe44f64c6e2485c8ef54779e/screenshot - {}
RESULT: {}
RESULT: {}
COMMAND: POST /session/885acd6bfe44f64c6e2485c8ef54779e/execute/async - {"script":"<script> [1562 bytes]","args":[{"selector":{"id":"administrationTabFilter","viewName":"etm.portal.ui.managehandovers.view.DetailExecuteHO","interaction":{"idSuffix":"text"}},"wdio_ui5_key":"administrationTabFilteretmportal.ui.managehandovers.view.DetailExecuteHO"}]}
RESULT: {"script":"<script> [1562 bytes]","args":[{"selector":{"id":"administrationTabFilter","viewName":"etm.portal.ui.managehandovers.view.DetailExecuteHO","interaction":{"idSuffix":"text"}},"wdio_ui5_key":"administrationTabFilteretmportal.ui.managehandovers.view.DetailExecuteHO"}]}
RESULT: undefined
COMMAND: POST /session/885acd6bfe44f64c6e2485c8ef54779e/element - {"using":"xpath","value":"//*[@id=\"__xmlview59--administrationTabFilter\"]"}
RESULT: {"using":"xpath","value":"//*[@id=\"__xmlview59--administrationTabFilter\"]"}
COMMAND: POST /session/885acd6bfe44f64c6e2485c8ef54779e/element/f.F53CD083946FCE278F3961FDA51ABBA8.d.4F4A28E60AE4244F19D8780A68A8C637.e.14124/click - {}
RESULT: {}
RESULT: undefined
COMMAND: POST /session/885acd6bfe44f64c6e2485c8ef54779e/element - {"using":"xpath","value":"//*[@id=\"__xmlview59--administrationTabFilter\"]"}
COMMAND: GET /session/885acd6bfe44f64c6e2485c8ef54779e/screenshot - {}
RESULT: {"using":"xpath","value":"//*[@id=\"__xmlview59--administrationTabFilter\"]"}
COMMAND: POST /session/885acd6bfe44f64c6e2485c8ef54779e/element/f.F53CD083946FCE278F3961FDA51ABBA8.d.4F4A28E60AE4244F19D8780A68A8C637.e.14124/click - {}
RESULT: {}
RESULT: {}
COMMAND: GET /session/885acd6bfe44f64c6e2485c8ef54779e/screenshot - {}
RESULT: {}
COMMAND: POST /session/885acd6bfe44f64c6e2485c8ef54779e/element - {"using":"xpath","value":"//bdi[(text() = 'Confirm' or . = 'Confirm')]"}
RESULT: {"using":"xpath","value":"//bdi[(text() = 'Confirm' or . = 'Confirm')]"}
COMMAND: POST /session/885acd6bfe44f64c6e2485c8ef54779e/element/f.F53CD083946FCE278F3961FDA51ABBA8.d.4F4A28E60AE4244F19D8780A68A8C637.e.14132/click - {}
RESULT: {}
COMMAND: GET /session/885acd6bfe44f64c6e2485c8ef54779e/screenshot - {}
RESULT: {}
COMMAND: POST /session/885acd6bfe44f64c6e2485c8ef54779e/execute/async - {"script":"<script> [1562 bytes]","args":[{"selector":{"id":"confirmationButton","viewName":"etm.portal.ui.managehandovers.view.DetailExecuteHO","interaction":{"idSuffix":"BDI-content"}},"wdio_ui5_key":"confirmationButtonetmportal.ui.managehandovers.view.DetailExecuteHO"}]}
RESULT: {"script":"<script> [1562 bytes]","args":[{"selector":{"id":"confirmationButton","viewName":"etm.portal.ui.managehandovers.view.DetailExecuteHO","interaction":{"idSuffix":"BDI-content"}},"wdio_ui5_key":"confirmationButtonetmportal.ui.managehandovers.view.DetailExecuteHO"}]}
RESULT: undefined
COMMAND: POST /session/885acd6bfe44f64c6e2485c8ef54779e/element - {"using":"xpath","value":"(//bdi[text()='Receive'])[2]"}
RESULT: {"using":"xpath","value":"(//bdi[text()='Receive'])[2]"}
COMMAND: GET /session/885acd6bfe44f64c6e2485c8ef54779e/element/f.F53CD083946FCE278F3961FDA51ABBA8.d.4F4A28E60AE4244F19D8780A68A8C637.e.14136/enabled - {}
RESULT: {}
COMMAND: POST /session/885acd6bfe44f64c6e2485c8ef54779e/execute/sync - {"script":"<script> [8489 bytes]","args":[{"element-6066-11e4-a52e-4f735466cecf":"f.F53CD083946FCE278F3961FDA51ABBA8.d.4F4A28E60AE4244F19D8780A68A8C637.e.14136","ELEMENT":"f.F53CD083946FCE278F3961FDA51ABBA8.d.4F4A28E60AE4244F19D8780A68A8C637.e.14136"}]}
COMMAND: GET /session/885acd6bfe44f64c6e2485c8ef54779e/screenshot - {}
RESULT: {"script":"<script> [8489 bytes]","args":[{"element-6066-11e4-a52e-4f735466cecf":"f.F53CD083946FCE278F3961FDA51ABBA8.d.4F4A28E60AE4244F19D8780A68A8C637.e.14136","ELEMENT":"f.F53CD083946FCE278F3961FDA51ABBA8.d.4F4A28E60AE4244F19D8780A68A8C637.e.14136"}]}
COMMAND: POST /session/885acd6bfe44f64c6e2485c8ef54779e/execute/sync - {"script":"<script> [5351 bytes]","args":[{"element-6066-11e4-a52e-4f735466cecf":"f.F53CD083946FCE278F3961FDA51ABBA8.d.4F4A28E60AE4244F19D8780A68A8C637.e.14136","ELEMENT":"f.F53CD083946FCE278F3961FDA51ABBA8.d.4F4A28E60AE4244F19D8780A68A8C637.e.14136"}]}
COMMAND: GET /session/885acd6bfe44f64c6e2485c8ef54779e/screenshot - {}
RESULT: {}
RESULT: {"script":"<script> [5351 bytes]","args":[{"element-6066-11e4-a52e-4f735466cecf":"f.F53CD083946FCE278F3961FDA51ABBA8.d.4F4A28E60AE4244F19D8780A68A8C637.e.14136","ELEMENT":"f.F53CD083946FCE278F3961FDA51ABBA8.d.4F4A28E60AE4244F19D8780A68A8C637.e.14136"}]}
COMMAND: POST /session/885acd6bfe44f64c6e2485c8ef54779e/element/f.F53CD083946FCE278F3961FDA51ABBA8.d.4F4A28E60AE4244F19D8780A68A8C637.e.14136/click - {}
COMMAND: GET /session/885acd6bfe44f64c6e2485c8ef54779e/screenshot - {}
RESULT: {}
RESULT: {}
COMMAND: GET /session/885acd6bfe44f64c6e2485c8ef54779e/screenshot - {}
RESULT: {}
RESULT: {}
COMMAND: POST /session/885acd6bfe44f64c6e2485c8ef54779e/element - {"using":"css selector","value":"#shell-header-logo"}
RESULT: {"using":"css selector","value":"#shell-header-logo"}
COMMAND: POST /session/885acd6bfe44f64c6e2485c8ef54779e/element/f.F53CD083946FCE278F3961FDA51ABBA8.d.4F4A28E60AE4244F19D8780A68A8C637.e.13541/click - {}
RESULT: {}
COMMAND: GET /session/885acd6bfe44f64c6e2485c8ef54779e/screenshot - {}
RESULT: {}
]]></system-out>
    </testcase>
    <testcase classname="chrome.135_0_7049_96.windows.Provide_to_Site_w/o_warehouse_management_wo_clarification" name="Should create a new contract" time="50.741">
      <system-out><![CDATA[
COMMAND: POST /session/885acd6bfe44f64c6e2485c8ef54779e/execute/async - {"script":"<script> [1562 bytes]","args":[{"selector":{"controlType":"sap.m.GenericTile","properties":{"header":"Manage Contracts"}},"wdio_ui5_key":"sapm.GenericTile{\"header\":\"Manage Contracts\"}"}]}
RESULT: {"script":"<script> [1562 bytes]","args":[{"selector":{"controlType":"sap.m.GenericTile","properties":{"header":"Manage Contracts"}},"wdio_ui5_key":"sapm.GenericTile{\"header\":\"Manage Contracts\"}"}]}
RESULT: undefined
COMMAND: POST /session/885acd6bfe44f64c6e2485c8ef54779e/element - {"using":"xpath","value":"//*[@id=\"__tile130\"]"}
RESULT: {"using":"xpath","value":"//*[@id=\"__tile130\"]"}
COMMAND: POST /session/885acd6bfe44f64c6e2485c8ef54779e/element/f.F53CD083946FCE278F3961FDA51ABBA8.d.4F4A28E60AE4244F19D8780A68A8C637.e.14370/click - {}
RESULT: {}
COMMAND: GET /session/885acd6bfe44f64c6e2485c8ef54779e/screenshot - {}
COMMAND: POST /session/885acd6bfe44f64c6e2485c8ef54779e/execute/async - {"script":"<script> [1562 bytes]","args":[{"selector":{"controlType":"sap.ui.core.Icon","viewName":"etm.portal.ui.managecontracts.view.Master","properties":{"src":{"regex":{"source":"add"}}}},"wdio_ui5_key":"etmportal.ui.managecontracts.view.Mastersap.ui.core.Icon{\"src\":{\"regex\":{\"source\":\"add\"}}}"}]}
RESULT: {}
RESULT: {"script":"<script> [1562 bytes]","args":[{"selector":{"controlType":"sap.ui.core.Icon","viewName":"etm.portal.ui.managecontracts.view.Master","properties":{"src":{"regex":{"source":"add"}}}},"wdio_ui5_key":"etmportal.ui.managecontracts.view.Mastersap.ui.core.Icon{\"src\":{\"regex\":{\"source\":\"add\"}}}"}]}
RESULT: undefined
COMMAND: POST /session/885acd6bfe44f64c6e2485c8ef54779e/element - {"using":"xpath","value":"//*[@id=\"__button298-img\"]"}
RESULT: {"using":"xpath","value":"//*[@id=\"__button298-img\"]"}
COMMAND: POST /session/885acd6bfe44f64c6e2485c8ef54779e/element/f.F53CD083946FCE278F3961FDA51ABBA8.d.4F4A28E60AE4244F19D8780A68A8C637.e.14450/click - {}
RESULT: {}
COMMAND: POST /session/885acd6bfe44f64c6e2485c8ef54779e/execute/async - {"script":"<script> [1562 bytes]","args":[{"selector":{"id":"application-managecontracts-display-component---AddNewContract--projectDescription","interaction":{"idSuffix":"inner"}},"wdio_ui5_key":"applicationmanagecontracts-display-component---AddNewContract--projectDescription"}]}
COMMAND: GET /session/885acd6bfe44f64c6e2485c8ef54779e/screenshot - {}
RESULT: {"script":"<script> [1562 bytes]","args":[{"selector":{"id":"application-managecontracts-display-component---AddNewContract--projectDescription","interaction":{"idSuffix":"inner"}},"wdio_ui5_key":"applicationmanagecontracts-display-component---AddNewContract--projectDescription"}]}
RESULT: undefined
COMMAND: POST /session/885acd6bfe44f64c6e2485c8ef54779e/execute/async - {"script":"<script> [776 bytes]","args":[{"enterText":"wdi5 contract for billing","selector":{"id":"application-managecontracts-display-component---AddNewContract--projectDescription","interaction":{"idSuffix":"inner"}},"clearTextFirst":true,"interactionType":"ENTER_TEXT"}]}
RESULT: {}
RESULT: {"script":"<script> [776 bytes]","args":[{"enterText":"wdi5 contract for billing","selector":{"id":"application-managecontracts-display-component---AddNewContract--projectDescription","interaction":{"idSuffix":"inner"}},"clearTextFirst":true,"interactionType":"ENTER_TEXT"}]}
COMMAND: POST /session/885acd6bfe44f64c6e2485c8ef54779e/element - {"using":"xpath","value":"//input[@id=\"application-managecontracts-display-component---AddNewContract--customerSelect-inner\"]"}
RESULT: {"using":"xpath","value":"//input[@id=\"application-managecontracts-display-component---AddNewContract--customerSelect-inner\"]"}
COMMAND: POST /session/885acd6bfe44f64c6e2485c8ef54779e/element/f.F53CD083946FCE278F3961FDA51ABBA8.d.4F4A28E60AE4244F19D8780A68A8C637.e.14694/clear - {}
RESULT: {}
COMMAND: POST /session/885acd6bfe44f64c6e2485c8ef54779e/element/f.F53CD083946FCE278F3961FDA51ABBA8.d.4F4A28E60AE4244F19D8780A68A8C637.e.14694/value - {"text":"1357"}
COMMAND: GET /session/885acd6bfe44f64c6e2485c8ef54779e/screenshot - {}
RESULT: {"text":"1357"}
COMMAND: GET /session/885acd6bfe44f64c6e2485c8ef54779e/screenshot - {}
RESULT: {}
RESULT: {}
COMMAND: POST /session/885acd6bfe44f64c6e2485c8ef54779e/actions - {"actions":[{"id":"action50","type":"key","parameters":{},"actions":[{"type":"keyDown","value":"î€‡"},{"type":"pause","duration":10},{"type":"keyUp","value":"î€‡"}]}]}
RESULT: {"actions":[{"id":"action50","type":"key","parameters":{},"actions":[{"type":"keyDown","value":"î€‡"},{"type":"pause","duration":10},{"type":"keyUp","value":"î€‡"}]}]}
COMMAND: POST /session/885acd6bfe44f64c6e2485c8ef54779e/element - {"using":"xpath","value":"//input[@id=\"application-managecontracts-display-component---AddNewContract--site-inner\"]"}
COMMAND: GET /session/885acd6bfe44f64c6e2485c8ef54779e/screenshot - {}
RESULT: {"using":"xpath","value":"//input[@id=\"application-managecontracts-display-component---AddNewContract--site-inner\"]"}
COMMAND: POST /session/885acd6bfe44f64c6e2485c8ef54779e/element/f.F53CD083946FCE278F3961FDA51ABBA8.d.4F4A28E60AE4244F19D8780A68A8C637.e.14695/clear - {}
RESULT: {}
RESULT: {}
COMMAND: POST /session/885acd6bfe44f64c6e2485c8ef54779e/element/f.F53CD083946FCE278F3961FDA51ABBA8.d.4F4A28E60AE4244F19D8780A68A8C637.e.14695/value - {"text":"2322"}
COMMAND: GET /session/885acd6bfe44f64c6e2485c8ef54779e/screenshot - {}
RESULT: {"text":"2322"}
COMMAND: GET /session/885acd6bfe44f64c6e2485c8ef54779e/screenshot - {}
RESULT: {}
RESULT: {}
COMMAND: POST /session/885acd6bfe44f64c6e2485c8ef54779e/actions - {"actions":[{"id":"action51","type":"key","parameters":{},"actions":[{"type":"keyDown","value":"î€‡"},{"type":"pause","duration":10},{"type":"keyUp","value":"î€‡"}]}]}
RESULT: {"actions":[{"id":"action51","type":"key","parameters":{},"actions":[{"type":"keyDown","value":"î€‡"},{"type":"pause","duration":10},{"type":"keyUp","value":"î€‡"}]}]}
COMMAND: POST /session/885acd6bfe44f64c6e2485c8ef54779e/execute/async - {"script":"<script> [1562 bytes]","args":[{"selector":{"id":"application-managecontracts-display-component---AddNewContract--calendarInput","interaction":{"idSuffix":"inner"}},"wdio_ui5_key":"applicationmanagecontracts-display-component---AddNewContract--calendarInput"}]}
COMMAND: GET /session/885acd6bfe44f64c6e2485c8ef54779e/screenshot - {}
RESULT: {"script":"<script> [1562 bytes]","args":[{"selector":{"id":"application-managecontracts-display-component---AddNewContract--calendarInput","interaction":{"idSuffix":"inner"}},"wdio_ui5_key":"applicationmanagecontracts-display-component---AddNewContract--calendarInput"}]}
RESULT: undefined
COMMAND: POST /session/885acd6bfe44f64c6e2485c8ef54779e/execute/async - {"script":"<script> [776 bytes]","args":[{"enterText":"1 - Calendar unit test patch","selector":{"id":"application-managecontracts-display-component---AddNewContract--calendarInput","interaction":{"idSuffix":"inner"}},"clearTextFirst":true,"interactionType":"ENTER_TEXT"}]}
RESULT: {}
RESULT: {"script":"<script> [776 bytes]","args":[{"enterText":"1 - Calendar unit test patch","selector":{"id":"application-managecontracts-display-component---AddNewContract--calendarInput","interaction":{"idSuffix":"inner"}},"clearTextFirst":true,"interactionType":"ENTER_TEXT"}]}
COMMAND: POST /session/885acd6bfe44f64c6e2485c8ef54779e/actions - {"actions":[{"id":"action52","type":"key","parameters":{},"actions":[{"type":"keyDown","value":"î€‡"},{"type":"pause","duration":10},{"type":"keyUp","value":"î€‡"}]}]}
RESULT: {"actions":[{"id":"action52","type":"key","parameters":{},"actions":[{"type":"keyDown","value":"î€‡"},{"type":"pause","duration":10},{"type":"keyUp","value":"î€‡"}]}]}
COMMAND: POST /session/885acd6bfe44f64c6e2485c8ef54779e/execute/async - {"script":"<script> [1562 bytes]","args":[{"selector":{"id":"application-managecontracts-display-component---AddNewContract--languageCB","interaction":{"idSuffix":"inner"}},"wdio_ui5_key":"applicationmanagecontracts-display-component---AddNewContract--languageCB"}]}
COMMAND: GET /session/885acd6bfe44f64c6e2485c8ef54779e/screenshot - {}
RESULT: {"script":"<script> [1562 bytes]","args":[{"selector":{"id":"application-managecontracts-display-component---AddNewContract--languageCB","interaction":{"idSuffix":"inner"}},"wdio_ui5_key":"applicationmanagecontracts-display-component---AddNewContract--languageCB"}]}
RESULT: undefined
COMMAND: POST /session/885acd6bfe44f64c6e2485c8ef54779e/execute/async - {"script":"<script> [776 bytes]","args":[{"enterText":"EN - English","selector":{"id":"application-managecontracts-display-component---AddNewContract--languageCB","interaction":{"idSuffix":"inner"}},"clearTextFirst":true,"interactionType":"ENTER_TEXT"}]}
RESULT: {}
RESULT: {"script":"<script> [776 bytes]","args":[{"enterText":"EN - English","selector":{"id":"application-managecontracts-display-component---AddNewContract--languageCB","interaction":{"idSuffix":"inner"}},"clearTextFirst":true,"interactionType":"ENTER_TEXT"}]}
COMMAND: POST /session/885acd6bfe44f64c6e2485c8ef54779e/actions - {"actions":[{"id":"action53","type":"key","parameters":{},"actions":[{"type":"keyDown","value":"î€‡"},{"type":"pause","duration":10},{"type":"keyUp","value":"î€‡"}]}]}
RESULT: {"actions":[{"id":"action53","type":"key","parameters":{},"actions":[{"type":"keyDown","value":"î€‡"},{"type":"pause","duration":10},{"type":"keyUp","value":"î€‡"}]}]}
COMMAND: POST /session/885acd6bfe44f64c6e2485c8ef54779e/execute/async - {"script":"<script> [1562 bytes]","args":[{"selector":{"id":"application-managecontracts-display-component---AddNewContract--saveBtn","interaction":{"idSuffix":"BDI-content"}},"wdio_ui5_key":"applicationmanagecontracts-display-component---AddNewContract--saveBtn"}]}
COMMAND: GET /session/885acd6bfe44f64c6e2485c8ef54779e/screenshot - {}
RESULT: {"script":"<script> [1562 bytes]","args":[{"selector":{"id":"application-managecontracts-display-component---AddNewContract--saveBtn","interaction":{"idSuffix":"BDI-content"}},"wdio_ui5_key":"applicationmanagecontracts-display-component---AddNewContract--saveBtn"}]}
RESULT: undefined
COMMAND: POST /session/885acd6bfe44f64c6e2485c8ef54779e/element - {"using":"xpath","value":"//*[@id=\"application-managecontracts-display-component---AddNewContract--saveBtn\"]"}
RESULT: {}
RESULT: {"using":"xpath","value":"//*[@id=\"application-managecontracts-display-component---AddNewContract--saveBtn\"]"}
COMMAND: POST /session/885acd6bfe44f64c6e2485c8ef54779e/element/f.F53CD083946FCE278F3961FDA51ABBA8.d.4F4A28E60AE4244F19D8780A68A8C637.e.14714/click - {}
RESULT: {}
COMMAND: GET /session/885acd6bfe44f64c6e2485c8ef54779e/screenshot - {}
RESULT: {}
COMMAND: POST /session/885acd6bfe44f64c6e2485c8ef54779e/execute/async - {"script":"<script> [1562 bytes]","args":[{"selector":{"id":"contractDetailTitleNoExpanded","viewName":"etm.portal.ui.managecontracts.view.Detail"},"wdio_ui5_key":"contractDetailTitleNoExpandedetmportal.ui.managecontracts.view.Detail"}]}
RESULT: {"script":"<script> [1562 bytes]","args":[{"selector":{"id":"contractDetailTitleNoExpanded","viewName":"etm.portal.ui.managecontracts.view.Detail"},"wdio_ui5_key":"contractDetailTitleNoExpandedetmportal.ui.managecontracts.view.Detail"}]}
RESULT: undefined
COMMAND: POST /session/885acd6bfe44f64c6e2485c8ef54779e/execute/async - {"script":"<script> [6424 bytes]","args":[{"element-6066-11e4-a52e-4f735466cecf":"f.F53CD083946FCE278F3961FDA51ABBA8.d.4F4A28E60AE4244F19D8780A68A8C637.e.14734"},"getText",[]]}
RESULT: {"script":"<script> [6424 bytes]","args":[{"element-6066-11e4-a52e-4f735466cecf":"f.F53CD083946FCE278F3961FDA51ABBA8.d.4F4A28E60AE4244F19D8780A68A8C637.e.14734"},"getText",[]]}
]]></system-out>
    </testcase>
    <testcase classname="chrome.135_0_7049_96.windows.Provide_to_Site_w/o_warehouse_management_wo_clarification" name="Should add resource to the contract" time="53.251">
      <system-out><![CDATA[
COMMAND: POST /session/885acd6bfe44f64c6e2485c8ef54779e/execute/async - {"script":"<script> [1562 bytes]","args":[{"selector":{"id":"contractDetailEditBtn","viewName":"etm.portal.ui.managecontracts.view.Detail","interaction":{"idSuffix":"BDI-content"}},"wdio_ui5_key":"contractDetailEditBtnetmportal.ui.managecontracts.view.Detail"}]}
RESULT: {"script":"<script> [1562 bytes]","args":[{"selector":{"id":"contractDetailEditBtn","viewName":"etm.portal.ui.managecontracts.view.Detail","interaction":{"idSuffix":"BDI-content"}},"wdio_ui5_key":"contractDetailEditBtnetmportal.ui.managecontracts.view.Detail"}]}
RESULT: undefined
COMMAND: POST /session/885acd6bfe44f64c6e2485c8ef54779e/element - {"using":"xpath","value":"//*[@id=\"__xmlview61--contractDetailEditBtn\"]"}
RESULT: {"using":"xpath","value":"//*[@id=\"__xmlview61--contractDetailEditBtn\"]"}
COMMAND: POST /session/885acd6bfe44f64c6e2485c8ef54779e/element/f.F53CD083946FCE278F3961FDA51ABBA8.d.4F4A28E60AE4244F19D8780A68A8C637.e.14736/click - {}
RESULT: {}
COMMAND: GET /session/885acd6bfe44f64c6e2485c8ef54779e/screenshot - {}
RESULT: {}
COMMAND: POST /session/885acd6bfe44f64c6e2485c8ef54779e/execute/async - {"script":"<script> [1562 bytes]","args":[{"selector":{"id":"additionalAddressesTabFilter","viewName":"etm.portal.ui.managecontracts.view.EditContract","interaction":{"idSuffix":"text"}},"wdio_ui5_key":"additionalAddressesTabFilteretmportal.ui.managecontracts.view.EditContract"}]}
RESULT: {"script":"<script> [1562 bytes]","args":[{"selector":{"id":"additionalAddressesTabFilter","viewName":"etm.portal.ui.managecontracts.view.EditContract","interaction":{"idSuffix":"text"}},"wdio_ui5_key":"additionalAddressesTabFilteretmportal.ui.managecontracts.view.EditContract"}]}
RESULT: undefined
COMMAND: POST /session/885acd6bfe44f64c6e2485c8ef54779e/element - {"using":"xpath","value":"//*[@id=\"__xmlview62--additionalAddressesTabFilter\"]"}
RESULT: {"using":"xpath","value":"//*[@id=\"__xmlview62--additionalAddressesTabFilter\"]"}
COMMAND: POST /session/885acd6bfe44f64c6e2485c8ef54779e/element/f.F53CD083946FCE278F3961FDA51ABBA8.d.4F4A28E60AE4244F19D8780A68A8C637.e.14796/click - {}
RESULT: {}
RESULT: undefined
COMMAND: POST /session/885acd6bfe44f64c6e2485c8ef54779e/element - {"using":"xpath","value":"//*[@id=\"__xmlview62--additionalAddressesTabFilter\"]"}
COMMAND: GET /session/885acd6bfe44f64c6e2485c8ef54779e/screenshot - {}
RESULT: {"using":"xpath","value":"//*[@id=\"__xmlview62--additionalAddressesTabFilter\"]"}
COMMAND: POST /session/885acd6bfe44f64c6e2485c8ef54779e/element/f.F53CD083946FCE278F3961FDA51ABBA8.d.4F4A28E60AE4244F19D8780A68A8C637.e.14796/click - {}
RESULT: {}
RESULT: {}
COMMAND: POST /session/885acd6bfe44f64c6e2485c8ef54779e/execute/async - {"script":"<script> [1562 bytes]","args":[{"selector":{"controlType":"sap.ui.core.Icon","viewName":"etm.portal.ui.managecontracts.view.EditContract","properties":{"src":{"regex":{"source":"add"}}}},"wdio_ui5_key":"etmportal.ui.managecontracts.view.EditContractsap.ui.core.Icon{\"src\":{\"regex\":{\"source\":\"add\"}}}"}]}
COMMAND: GET /session/885acd6bfe44f64c6e2485c8ef54779e/screenshot - {}
RESULT: {"script":"<script> [1562 bytes]","args":[{"selector":{"controlType":"sap.ui.core.Icon","viewName":"etm.portal.ui.managecontracts.view.EditContract","properties":{"src":{"regex":{"source":"add"}}}},"wdio_ui5_key":"etmportal.ui.managecontracts.view.EditContractsap.ui.core.Icon{\"src\":{\"regex\":{\"source\":\"add\"}}}"}]}
RESULT: undefined
COMMAND: POST /session/885acd6bfe44f64c6e2485c8ef54779e/element - {"using":"xpath","value":"//*[@id=\"__xmlview62--btnAddTableRow-img\"]"}
RESULT: {}
RESULT: {"using":"xpath","value":"//*[@id=\"__xmlview62--btnAddTableRow-img\"]"}
COMMAND: POST /session/885acd6bfe44f64c6e2485c8ef54779e/element/f.F53CD083946FCE278F3961FDA51ABBA8.d.4F4A28E60AE4244F19D8780A68A8C637.e.14799/click - {}
RESULT: {}
COMMAND: POST /session/885acd6bfe44f64c6e2485c8ef54779e/element - {"using":"xpath","value":"//div[(text() = 'Standard Entry' or . = 'Standard Entry')]"}
COMMAND: GET /session/885acd6bfe44f64c6e2485c8ef54779e/screenshot - {}
RESULT: {"using":"xpath","value":"//div[(text() = 'Standard Entry' or . = 'Standard Entry')]"}
COMMAND: POST /session/885acd6bfe44f64c6e2485c8ef54779e/element/f.F53CD083946FCE278F3961FDA51ABBA8.d.4F4A28E60AE4244F19D8780A68A8C637.e.14801/click - {}
RESULT: {}
RESULT: {}
COMMAND: POST /session/885acd6bfe44f64c6e2485c8ef54779e/execute/async - {"script":"<script> [1562 bytes]","args":[{"selector":{"controlType":"sap.ui.core.Icon","viewName":"etm.portal.ui.managecontracts.view.EditContract","properties":{"src":{"regex":{"source":"inspect"}}}},"wdio_ui5_key":"etmportal.ui.managecontracts.view.EditContractsap.ui.core.Icon{\"src\":{\"regex\":{\"source\":\"inspect\"}}}"}]}
COMMAND: GET /session/885acd6bfe44f64c6e2485c8ef54779e/screenshot - {}
RESULT: {"script":"<script> [1562 bytes]","args":[{"selector":{"controlType":"sap.ui.core.Icon","viewName":"etm.portal.ui.managecontracts.view.EditContract","properties":{"src":{"regex":{"source":"inspect"}}}},"wdio_ui5_key":"etmportal.ui.managecontracts.view.EditContractsap.ui.core.Icon{\"src\":{\"regex\":{\"source\":\"inspect\"}}}"}]}
RESULT: undefined
COMMAND: POST /session/885acd6bfe44f64c6e2485c8ef54779e/element - {"using":"xpath","value":"//*[@id=\"__button324-img\"]"}
RESULT: {}
RESULT: {"using":"xpath","value":"//*[@id=\"__button324-img\"]"}
COMMAND: POST /session/885acd6bfe44f64c6e2485c8ef54779e/element/f.F53CD083946FCE278F3961FDA51ABBA8.d.4F4A28E60AE4244F19D8780A68A8C637.e.14813/click - {}
RESULT: {}
COMMAND: GET /session/885acd6bfe44f64c6e2485c8ef54779e/screenshot - {}
RESULT: {}
COMMAND: POST /session/885acd6bfe44f64c6e2485c8ef54779e/element - {"using":"xpath","value":"//td[6]/div/div/input[1]"}
RESULT: {"using":"xpath","value":"//td[6]/div/div/input[1]"}
COMMAND: POST /session/885acd6bfe44f64c6e2485c8ef54779e/element/f.F53CD083946FCE278F3961FDA51ABBA8.d.4F4A28E60AE4244F19D8780A68A8C637.e.14803/clear - {}
RESULT: {}
COMMAND: GET /session/885acd6bfe44f64c6e2485c8ef54779e/screenshot - {}
RESULT: {}
COMMAND: POST /session/885acd6bfe44f64c6e2485c8ef54779e/element - {"using":"xpath","value":"//td[6]/div/div/input[1]"}
RESULT: {"using":"xpath","value":"//td[6]/div/div/input[1]"}
COMMAND: POST /session/885acd6bfe44f64c6e2485c8ef54779e/element/f.F53CD083946FCE278F3961FDA51ABBA8.d.4F4A28E60AE4244F19D8780A68A8C637.e.14829/click - {}
RESULT: {}
COMMAND: POST /session/885acd6bfe44f64c6e2485c8ef54779e/actions - {"actions":[{"id":"action54","type":"key","parameters":{},"actions":[{"type":"keyDown","value":"î€ƒ"},{"type":"pause","duration":10},{"type":"keyUp","value":"î€ƒ"}]}]}
COMMAND: GET /session/885acd6bfe44f64c6e2485c8ef54779e/screenshot - {}
RESULT: {"actions":[{"id":"action54","type":"key","parameters":{},"actions":[{"type":"keyDown","value":"î€ƒ"},{"type":"pause","duration":10},{"type":"keyUp","value":"î€ƒ"}]}]}
COMMAND: POST /session/885acd6bfe44f64c6e2485c8ef54779e/element - {"using":"xpath","value":"//td[6]/div/div/input[1]"}
COMMAND: GET /session/885acd6bfe44f64c6e2485c8ef54779e/screenshot - {}
RESULT: {}
RESULT: {"using":"xpath","value":"//td[6]/div/div/input[1]"}
COMMAND: POST /session/885acd6bfe44f64c6e2485c8ef54779e/element/f.F53CD083946FCE278F3961FDA51ABBA8.d.4F4A28E60AE4244F19D8780A68A8C637.e.14829/clear - {}
RESULT: {}
RESULT: {}
COMMAND: POST /session/885acd6bfe44f64c6e2485c8ef54779e/element/f.F53CD083946FCE278F3961FDA51ABBA8.d.4F4A28E60AE4244F19D8780A68A8C637.e.14829/value - {"text":"Material"}
COMMAND: GET /session/885acd6bfe44f64c6e2485c8ef54779e/screenshot - {}
RESULT: {"text":"Material"}
COMMAND: GET /session/885acd6bfe44f64c6e2485c8ef54779e/screenshot - {}
RESULT: {}
RESULT: {}
COMMAND: POST /session/885acd6bfe44f64c6e2485c8ef54779e/actions - {"actions":[{"id":"action55","type":"key","parameters":{},"actions":[{"type":"keyDown","value":"î€‡"},{"type":"pause","duration":10},{"type":"keyUp","value":"î€‡"}]}]}
RESULT: {"actions":[{"id":"action55","type":"key","parameters":{},"actions":[{"type":"keyDown","value":"î€‡"},{"type":"pause","duration":10},{"type":"keyUp","value":"î€‡"}]}]}
COMMAND: POST /session/885acd6bfe44f64c6e2485c8ef54779e/element - {"using":"xpath","value":"//td[7]/div/div/input[1]"}
COMMAND: GET /session/885acd6bfe44f64c6e2485c8ef54779e/screenshot - {}
RESULT: {"using":"xpath","value":"//td[7]/div/div/input[1]"}
COMMAND: POST /session/885acd6bfe44f64c6e2485c8ef54779e/element/f.F53CD083946FCE278F3961FDA51ABBA8.d.4F4A28E60AE4244F19D8780A68A8C637.e.14851/clear - {}
RESULT: {}
RESULT: {}
COMMAND: POST /session/885acd6bfe44f64c6e2485c8ef54779e/element/f.F53CD083946FCE278F3961FDA51ABBA8.d.4F4A28E60AE4244F19D8780A68A8C637.e.14851/value - {"text":"200262"}
COMMAND: GET /session/885acd6bfe44f64c6e2485c8ef54779e/screenshot - {}
RESULT: {"text":"200262"}
COMMAND: GET /session/885acd6bfe44f64c6e2485c8ef54779e/screenshot - {}
RESULT: {}
RESULT: {}
COMMAND: POST /session/885acd6bfe44f64c6e2485c8ef54779e/actions - {"actions":[{"id":"action56","type":"key","parameters":{},"actions":[{"type":"keyDown","value":"î€‡"},{"type":"pause","duration":10},{"type":"keyUp","value":"î€‡"}]}]}
RESULT: {"actions":[{"id":"action56","type":"key","parameters":{},"actions":[{"type":"keyDown","value":"î€‡"},{"type":"pause","duration":10},{"type":"keyUp","value":"î€‡"}]}]}
COMMAND: POST /session/885acd6bfe44f64c6e2485c8ef54779e/execute/async - {"script":"<script> [1562 bytes]","args":[{"selector":{"controlType":"sap.m.Button","properties":{"text":"OK"},"searchOpenDialogs":true,"interaction":{"idSuffix":"BDI-content"}},"wdio_ui5_key":"sapm.Button{\"text\":\"OK\"}"}]}
COMMAND: GET /session/885acd6bfe44f64c6e2485c8ef54779e/screenshot - {}
RESULT: {"script":"<script> [1562 bytes]","args":[{"selector":{"controlType":"sap.m.Button","properties":{"text":"OK"},"searchOpenDialogs":true,"interaction":{"idSuffix":"BDI-content"}},"wdio_ui5_key":"sapm.Button{\"text\":\"OK\"}"}]}
RESULT: undefined
COMMAND: POST /session/885acd6bfe44f64c6e2485c8ef54779e/element - {"using":"xpath","value":"//*[@id=\"__mbox-btn-1\"]"}
RESULT: {}
RESULT: {"using":"xpath","value":"//*[@id=\"__mbox-btn-1\"]"}
COMMAND: POST /session/885acd6bfe44f64c6e2485c8ef54779e/element/f.F53CD083946FCE278F3961FDA51ABBA8.d.4F4A28E60AE4244F19D8780A68A8C637.e.14872/click - {}
RESULT: {}
COMMAND: POST /session/885acd6bfe44f64c6e2485c8ef54779e/execute/async - {"script":"<script> [1562 bytes]","args":[{"selector":{"id":"saveBtn","viewName":"etm.portal.ui.managecontracts.view.EditContract","interaction":{"idSuffix":"BDI-content"}},"wdio_ui5_key":"saveBtnetmportal.ui.managecontracts.view.EditContract"}]}
COMMAND: GET /session/885acd6bfe44f64c6e2485c8ef54779e/screenshot - {}
RESULT: {"script":"<script> [1562 bytes]","args":[{"selector":{"id":"saveBtn","viewName":"etm.portal.ui.managecontracts.view.EditContract","interaction":{"idSuffix":"BDI-content"}},"wdio_ui5_key":"saveBtnetmportal.ui.managecontracts.view.EditContract"}]}
RESULT: undefined
COMMAND: POST /session/885acd6bfe44f64c6e2485c8ef54779e/element - {"using":"xpath","value":"//*[@id=\"__xmlview62--saveBtn\"]"}
RESULT: {}
RESULT: {"using":"xpath","value":"//*[@id=\"__xmlview62--saveBtn\"]"}
COMMAND: POST /session/885acd6bfe44f64c6e2485c8ef54779e/element/f.F53CD083946FCE278F3961FDA51ABBA8.d.4F4A28E60AE4244F19D8780A68A8C637.e.14898/click - {}
RESULT: {}
COMMAND: GET /session/885acd6bfe44f64c6e2485c8ef54779e/screenshot - {}
RESULT: {}
COMMAND: POST /session/885acd6bfe44f64c6e2485c8ef54779e/execute/async - {"script":"<script> [1562 bytes]","args":[{"selector":{"id":"additionalAddressesTabFilter","viewName":"etm.portal.ui.managecontracts.view.Detail","interaction":{"idSuffix":"text"}},"wdio_ui5_key":"additionalAddressesTabFilteretmportal.ui.managecontracts.view.Detail"}]}
RESULT: {"script":"<script> [1562 bytes]","args":[{"selector":{"id":"additionalAddressesTabFilter","viewName":"etm.portal.ui.managecontracts.view.Detail","interaction":{"idSuffix":"text"}},"wdio_ui5_key":"additionalAddressesTabFilteretmportal.ui.managecontracts.view.Detail"}]}
RESULT: undefined
COMMAND: POST /session/885acd6bfe44f64c6e2485c8ef54779e/element - {"using":"xpath","value":"//*[@id=\"__xmlview61--additionalAddressesTabFilter\"]"}
RESULT: {"using":"xpath","value":"//*[@id=\"__xmlview61--additionalAddressesTabFilter\"]"}
COMMAND: POST /session/885acd6bfe44f64c6e2485c8ef54779e/element/f.F53CD083946FCE278F3961FDA51ABBA8.d.4F4A28E60AE4244F19D8780A68A8C637.e.14902/click - {}
RESULT: {}
COMMAND: POST /session/885acd6bfe44f64c6e2485c8ef54779e/execute/async - {"script":"<script> [1562 bytes]","args":[{"selector":{"id":"contractDetailProvideButton","viewName":"etm.portal.ui.managecontracts.view.Detail","interaction":{"idSuffix":"BDI-content"}},"wdio_ui5_key":"contractDetailProvideButtonetmportal.ui.managecontracts.view.Detail"}]}
COMMAND: GET /session/885acd6bfe44f64c6e2485c8ef54779e/screenshot - {}
RESULT: {"script":"<script> [1562 bytes]","args":[{"selector":{"id":"contractDetailProvideButton","viewName":"etm.portal.ui.managecontracts.view.Detail","interaction":{"idSuffix":"BDI-content"}},"wdio_ui5_key":"contractDetailProvideButtonetmportal.ui.managecontracts.view.Detail"}]}
RESULT: undefined
COMMAND: POST /session/885acd6bfe44f64c6e2485c8ef54779e/element - {"using":"xpath","value":"//*[@id=\"__xmlview61--contractDetailProvideButton\"]"}
RESULT: {}
RESULT: {"using":"xpath","value":"//*[@id=\"__xmlview61--contractDetailProvideButton\"]"}
COMMAND: POST /session/885acd6bfe44f64c6e2485c8ef54779e/element/f.F53CD083946FCE278F3961FDA51ABBA8.d.4F4A28E60AE4244F19D8780A68A8C637.e.14909/click - {}
RESULT: {}
COMMAND: GET /session/885acd6bfe44f64c6e2485c8ef54779e/screenshot - {}
]]></system-out>
    </testcase>
    <testcase classname="chrome.135_0_7049_96.windows.Provide_to_Site_w/o_warehouse_management_wo_clarification" name="Should Create HandOvers provide to site" time="172.285">
      <system-out><![CDATA[
COMMAND: POST /session/885acd6bfe44f64c6e2485c8ef54779e/element - {"using":"css selector","value":"#application-managehandovers-display-component---AddNewHO--dueDate-inner"}
RESULT: {}
RESULT: {"using":"css selector","value":"#application-managehandovers-display-component---AddNewHO--dueDate-inner"}
COMMAND: POST /session/885acd6bfe44f64c6e2485c8ef54779e/element/f.F53CD083946FCE278F3961FDA51ABBA8.d.4F4A28E60AE4244F19D8780A68A8C637.e.14966/clear - {}
RESULT: {}
COMMAND: POST /session/885acd6bfe44f64c6e2485c8ef54779e/element/f.F53CD083946FCE278F3961FDA51ABBA8.d.4F4A28E60AE4244F19D8780A68A8C637.e.14966/value - {"text":"5/1/25"}
COMMAND: GET /session/885acd6bfe44f64c6e2485c8ef54779e/screenshot - {}
RESULT: {"text":"5/1/25"}
COMMAND: POST /session/885acd6bfe44f64c6e2485c8ef54779e/element - {"using":"xpath","value":"//bdi[(text() = 'Items' or . = 'Items')]"}
COMMAND: GET /session/885acd6bfe44f64c6e2485c8ef54779e/screenshot - {}
RESULT: {}
RESULT: {"using":"xpath","value":"//bdi[(text() = 'Items' or . = 'Items')]"}
COMMAND: POST /session/885acd6bfe44f64c6e2485c8ef54779e/element/f.F53CD083946FCE278F3961FDA51ABBA8.d.4F4A28E60AE4244F19D8780A68A8C637.e.15082/click - {}
RESULT: {}
RESULT: {}
COMMAND: POST /session/885acd6bfe44f64c6e2485c8ef54779e/execute/async - {"script":"<script> [1562 bytes]","args":[{"selector":{"controlType":"sap.m.Button","viewName":"etm.portal.ui.managehandovers.view.AddNewHO","viewId":"application-managehandovers-display-component---AddNewHO","i18NText":{"propertyName":"tooltip","key":"addItems"}},"wdio_ui5_key":"etmportal.ui.managehandovers.view.AddNewHOsap.m.Button{\"propertyName\":\"tooltip\",\"key\":\"addItems\"}"}]}
COMMAND: GET /session/885acd6bfe44f64c6e2485c8ef54779e/screenshot - {}
RESULT: {"script":"<script> [1562 bytes]","args":[{"selector":{"controlType":"sap.m.Button","viewName":"etm.portal.ui.managehandovers.view.AddNewHO","viewId":"application-managehandovers-display-component---AddNewHO","i18NText":{"propertyName":"tooltip","key":"addItems"}},"wdio_ui5_key":"etmportal.ui.managehandovers.view.AddNewHOsap.m.Button{\"propertyName\":\"tooltip\",\"key\":\"addItems\"}"}]}
RESULT: undefined
COMMAND: POST /session/885acd6bfe44f64c6e2485c8ef54779e/element - {"using":"xpath","value":"//*[@id=\"__button349\"]"}
RESULT: {}
RESULT: {"using":"xpath","value":"//*[@id=\"__button349\"]"}
COMMAND: POST /session/885acd6bfe44f64c6e2485c8ef54779e/element/f.F53CD083946FCE278F3961FDA51ABBA8.d.4F4A28E60AE4244F19D8780A68A8C637.e.15088/click - {}
RESULT: {}
COMMAND: GET /session/885acd6bfe44f64c6e2485c8ef54779e/screenshot - {}
RESULT: {}
COMMAND: POST /session/885acd6bfe44f64c6e2485c8ef54779e/element - {"using":"css selector","value":"div[id= \"application-managehandovers-display-component---AddNewHO--popup-sa-CbBg\"]"}
RESULT: {"using":"css selector","value":"div[id= \"application-managehandovers-display-component---AddNewHO--popup-sa-CbBg\"]"}
COMMAND: POST /session/885acd6bfe44f64c6e2485c8ef54779e/element/f.F53CD083946FCE278F3961FDA51ABBA8.d.4F4A28E60AE4244F19D8780A68A8C637.e.15096/click - {}
RESULT: {}
COMMAND: GET /session/885acd6bfe44f64c6e2485c8ef54779e/screenshot - {}
RESULT: {}
COMMAND: POST /session/885acd6bfe44f64c6e2485c8ef54779e/element - {"using":"xpath","value":"//bdi[(text() = 'Select' or . = 'Select')]"}
RESULT: {"using":"xpath","value":"//bdi[(text() = 'Select' or . = 'Select')]"}
COMMAND: POST /session/885acd6bfe44f64c6e2485c8ef54779e/element/f.F53CD083946FCE278F3961FDA51ABBA8.d.4F4A28E60AE4244F19D8780A68A8C637.e.15097/click - {}
RESULT: {}
COMMAND: GET /session/885acd6bfe44f64c6e2485c8ef54779e/screenshot - {}
RESULT: {}
COMMAND: POST /session/885acd6bfe44f64c6e2485c8ef54779e/element - {"using":"xpath","value":"//bdi[(text() = 'Save' or . = 'Save')]"}
RESULT: {"using":"xpath","value":"//bdi[(text() = 'Save' or . = 'Save')]"}
COMMAND: POST /session/885acd6bfe44f64c6e2485c8ef54779e/element/f.F53CD083946FCE278F3961FDA51ABBA8.d.4F4A28E60AE4244F19D8780A68A8C637.e.15105/click - {}
RESULT: {}
COMMAND: GET /session/885acd6bfe44f64c6e2485c8ef54779e/screenshot - {}
RESULT: {}
COMMAND: POST /session/885acd6bfe44f64c6e2485c8ef54779e/element - {"using":"xpath","value":"//*[text()='OK']"}
RESULT: {"using":"xpath","value":"//*[text()='OK']"}
COMMAND: POST /session/885acd6bfe44f64c6e2485c8ef54779e/elements - {"using":"xpath","value":"//*[text()='OK']"}
RESULT: {"using":"xpath","value":"//*[text()='OK']"}
COMMAND: POST /session/885acd6bfe44f64c6e2485c8ef54779e/elements - {"using":"xpath","value":"//*[text()='OK']"}
RESULT: {"using":"xpath","value":"//*[text()='OK']"}
COMMAND: POST /session/885acd6bfe44f64c6e2485c8ef54779e/elements - {"using":"xpath","value":"//*[text()='OK']"}
RESULT: {"using":"xpath","value":"//*[text()='OK']"}
COMMAND: POST /session/885acd6bfe44f64c6e2485c8ef54779e/elements - {"using":"xpath","value":"//*[text()='OK']"}
RESULT: {"using":"xpath","value":"//*[text()='OK']"}
COMMAND: POST /session/885acd6bfe44f64c6e2485c8ef54779e/elements - {"using":"xpath","value":"//*[text()='OK']"}
RESULT: {"using":"xpath","value":"//*[text()='OK']"}
COMMAND: POST /session/885acd6bfe44f64c6e2485c8ef54779e/elements - {"using":"xpath","value":"//*[text()='OK']"}
RESULT: {"using":"xpath","value":"//*[text()='OK']"}
COMMAND: POST /session/885acd6bfe44f64c6e2485c8ef54779e/elements - {"using":"xpath","value":"//*[text()='OK']"}
RESULT: {"using":"xpath","value":"//*[text()='OK']"}
COMMAND: POST /session/885acd6bfe44f64c6e2485c8ef54779e/elements - {"using":"xpath","value":"//*[text()='OK']"}
RESULT: {"using":"xpath","value":"//*[text()='OK']"}
COMMAND: POST /session/885acd6bfe44f64c6e2485c8ef54779e/elements - {"using":"xpath","value":"//*[text()='OK']"}
RESULT: {"using":"xpath","value":"//*[text()='OK']"}
COMMAND: POST /session/885acd6bfe44f64c6e2485c8ef54779e/elements - {"using":"xpath","value":"//*[text()='OK']"}
RESULT: {"using":"xpath","value":"//*[text()='OK']"}
COMMAND: POST /session/885acd6bfe44f64c6e2485c8ef54779e/elements - {"using":"xpath","value":"//*[text()='OK']"}
RESULT: {"using":"xpath","value":"//*[text()='OK']"}
COMMAND: POST /session/885acd6bfe44f64c6e2485c8ef54779e/elements - {"using":"xpath","value":"//*[text()='OK']"}
RESULT: {"using":"xpath","value":"//*[text()='OK']"}
COMMAND: POST /session/885acd6bfe44f64c6e2485c8ef54779e/elements - {"using":"xpath","value":"//*[text()='OK']"}
RESULT: {"using":"xpath","value":"//*[text()='OK']"}
COMMAND: POST /session/885acd6bfe44f64c6e2485c8ef54779e/elements - {"using":"xpath","value":"//*[text()='OK']"}
RESULT: {"using":"xpath","value":"//*[text()='OK']"}
COMMAND: POST /session/885acd6bfe44f64c6e2485c8ef54779e/elements - {"using":"xpath","value":"//*[text()='OK']"}
RESULT: {"using":"xpath","value":"//*[text()='OK']"}
COMMAND: POST /session/885acd6bfe44f64c6e2485c8ef54779e/elements - {"using":"xpath","value":"//*[text()='OK']"}
RESULT: {"using":"xpath","value":"//*[text()='OK']"}
COMMAND: POST /session/885acd6bfe44f64c6e2485c8ef54779e/elements - {"using":"xpath","value":"//*[text()='OK']"}
RESULT: {"using":"xpath","value":"//*[text()='OK']"}
COMMAND: POST /session/885acd6bfe44f64c6e2485c8ef54779e/elements - {"using":"xpath","value":"//*[text()='OK']"}
RESULT: {"using":"xpath","value":"//*[text()='OK']"}
COMMAND: POST /session/885acd6bfe44f64c6e2485c8ef54779e/elements - {"using":"xpath","value":"//*[text()='OK']"}
RESULT: {"using":"xpath","value":"//*[text()='OK']"}
COMMAND: POST /session/885acd6bfe44f64c6e2485c8ef54779e/elements - {"using":"xpath","value":"//*[text()='OK']"}
RESULT: {"using":"xpath","value":"//*[text()='OK']"}
COMMAND: POST /session/885acd6bfe44f64c6e2485c8ef54779e/elements - {"using":"xpath","value":"//*[text()='OK']"}
RESULT: {"using":"xpath","value":"//*[text()='OK']"}
COMMAND: POST /session/885acd6bfe44f64c6e2485c8ef54779e/elements - {"using":"xpath","value":"//*[text()='OK']"}
RESULT: {"using":"xpath","value":"//*[text()='OK']"}
COMMAND: POST /session/885acd6bfe44f64c6e2485c8ef54779e/elements - {"using":"xpath","value":"//*[text()='OK']"}
RESULT: {"using":"xpath","value":"//*[text()='OK']"}
COMMAND: POST /session/885acd6bfe44f64c6e2485c8ef54779e/elements - {"using":"xpath","value":"//*[text()='OK']"}
RESULT: {"using":"xpath","value":"//*[text()='OK']"}
COMMAND: POST /session/885acd6bfe44f64c6e2485c8ef54779e/elements - {"using":"xpath","value":"//*[text()='OK']"}
RESULT: {"using":"xpath","value":"//*[text()='OK']"}
COMMAND: POST /session/885acd6bfe44f64c6e2485c8ef54779e/elements - {"using":"xpath","value":"//*[text()='OK']"}
RESULT: {"using":"xpath","value":"//*[text()='OK']"}
COMMAND: POST /session/885acd6bfe44f64c6e2485c8ef54779e/elements - {"using":"xpath","value":"//*[text()='OK']"}
RESULT: {"using":"xpath","value":"//*[text()='OK']"}
COMMAND: POST /session/885acd6bfe44f64c6e2485c8ef54779e/elements - {"using":"xpath","value":"//*[text()='OK']"}
RESULT: {"using":"xpath","value":"//*[text()='OK']"}
COMMAND: POST /session/885acd6bfe44f64c6e2485c8ef54779e/elements - {"using":"xpath","value":"//*[text()='OK']"}
RESULT: {"using":"xpath","value":"//*[text()='OK']"}
COMMAND: POST /session/885acd6bfe44f64c6e2485c8ef54779e/elements - {"using":"xpath","value":"//*[text()='OK']"}
RESULT: {"using":"xpath","value":"//*[text()='OK']"}
COMMAND: POST /session/885acd6bfe44f64c6e2485c8ef54779e/elements - {"using":"xpath","value":"//*[text()='OK']"}
RESULT: {"using":"xpath","value":"//*[text()='OK']"}
COMMAND: POST /session/885acd6bfe44f64c6e2485c8ef54779e/elements - {"using":"xpath","value":"//*[text()='OK']"}
RESULT: {"using":"xpath","value":"//*[text()='OK']"}
COMMAND: POST /session/885acd6bfe44f64c6e2485c8ef54779e/elements - {"using":"xpath","value":"//*[text()='OK']"}
RESULT: {"using":"xpath","value":"//*[text()='OK']"}
COMMAND: POST /session/885acd6bfe44f64c6e2485c8ef54779e/elements - {"using":"xpath","value":"//*[text()='OK']"}
RESULT: {"using":"xpath","value":"//*[text()='OK']"}
COMMAND: POST /session/885acd6bfe44f64c6e2485c8ef54779e/elements - {"using":"xpath","value":"//*[text()='OK']"}
RESULT: {"using":"xpath","value":"//*[text()='OK']"}
COMMAND: POST /session/885acd6bfe44f64c6e2485c8ef54779e/elements - {"using":"xpath","value":"//*[text()='OK']"}
RESULT: {"using":"xpath","value":"//*[text()='OK']"}
COMMAND: POST /session/885acd6bfe44f64c6e2485c8ef54779e/elements - {"using":"xpath","value":"//*[text()='OK']"}
RESULT: {"using":"xpath","value":"//*[text()='OK']"}
COMMAND: POST /session/885acd6bfe44f64c6e2485c8ef54779e/elements - {"using":"xpath","value":"//*[text()='OK']"}
RESULT: {"using":"xpath","value":"//*[text()='OK']"}
COMMAND: POST /session/885acd6bfe44f64c6e2485c8ef54779e/elements - {"using":"xpath","value":"//*[text()='OK']"}
RESULT: {"using":"xpath","value":"//*[text()='OK']"}
COMMAND: POST /session/885acd6bfe44f64c6e2485c8ef54779e/elements - {"using":"xpath","value":"//*[text()='OK']"}
RESULT: {"using":"xpath","value":"//*[text()='OK']"}
COMMAND: POST /session/885acd6bfe44f64c6e2485c8ef54779e/elements - {"using":"xpath","value":"//*[text()='OK']"}
RESULT: {"using":"xpath","value":"//*[text()='OK']"}
COMMAND: POST /session/885acd6bfe44f64c6e2485c8ef54779e/elements - {"using":"xpath","value":"//*[text()='OK']"}
RESULT: {"using":"xpath","value":"//*[text()='OK']"}
COMMAND: POST /session/885acd6bfe44f64c6e2485c8ef54779e/elements - {"using":"xpath","value":"//*[text()='OK']"}
RESULT: {"using":"xpath","value":"//*[text()='OK']"}
COMMAND: POST /session/885acd6bfe44f64c6e2485c8ef54779e/elements - {"using":"xpath","value":"//*[text()='OK']"}
RESULT: {"using":"xpath","value":"//*[text()='OK']"}
COMMAND: POST /session/885acd6bfe44f64c6e2485c8ef54779e/elements - {"using":"xpath","value":"//*[text()='OK']"}
RESULT: {"using":"xpath","value":"//*[text()='OK']"}
COMMAND: POST /session/885acd6bfe44f64c6e2485c8ef54779e/elements - {"using":"xpath","value":"//*[text()='OK']"}
RESULT: {"using":"xpath","value":"//*[text()='OK']"}
COMMAND: POST /session/885acd6bfe44f64c6e2485c8ef54779e/elements - {"using":"xpath","value":"//*[text()='OK']"}
RESULT: {"using":"xpath","value":"//*[text()='OK']"}
COMMAND: POST /session/885acd6bfe44f64c6e2485c8ef54779e/elements - {"using":"xpath","value":"//*[text()='OK']"}
RESULT: {"using":"xpath","value":"//*[text()='OK']"}
COMMAND: POST /session/885acd6bfe44f64c6e2485c8ef54779e/elements - {"using":"xpath","value":"//*[text()='OK']"}
RESULT: {"using":"xpath","value":"//*[text()='OK']"}
COMMAND: POST /session/885acd6bfe44f64c6e2485c8ef54779e/elements - {"using":"xpath","value":"//*[text()='OK']"}
RESULT: {"using":"xpath","value":"//*[text()='OK']"}
COMMAND: POST /session/885acd6bfe44f64c6e2485c8ef54779e/elements - {"using":"xpath","value":"//*[text()='OK']"}
RESULT: {"using":"xpath","value":"//*[text()='OK']"}
COMMAND: POST /session/885acd6bfe44f64c6e2485c8ef54779e/elements - {"using":"xpath","value":"//*[text()='OK']"}
RESULT: {"using":"xpath","value":"//*[text()='OK']"}
COMMAND: POST /session/885acd6bfe44f64c6e2485c8ef54779e/elements - {"using":"xpath","value":"//*[text()='OK']"}
RESULT: {"using":"xpath","value":"//*[text()='OK']"}
COMMAND: POST /session/885acd6bfe44f64c6e2485c8ef54779e/elements - {"using":"xpath","value":"//*[text()='OK']"}
RESULT: {"using":"xpath","value":"//*[text()='OK']"}
COMMAND: POST /session/885acd6bfe44f64c6e2485c8ef54779e/elements - {"using":"xpath","value":"//*[text()='OK']"}
RESULT: {"using":"xpath","value":"//*[text()='OK']"}
COMMAND: POST /session/885acd6bfe44f64c6e2485c8ef54779e/elements - {"using":"xpath","value":"//*[text()='OK']"}
RESULT: {"using":"xpath","value":"//*[text()='OK']"}
COMMAND: POST /session/885acd6bfe44f64c6e2485c8ef54779e/elements - {"using":"xpath","value":"//*[text()='OK']"}
RESULT: {"using":"xpath","value":"//*[text()='OK']"}
COMMAND: POST /session/885acd6bfe44f64c6e2485c8ef54779e/elements - {"using":"xpath","value":"//*[text()='OK']"}
RESULT: {"using":"xpath","value":"//*[text()='OK']"}
COMMAND: POST /session/885acd6bfe44f64c6e2485c8ef54779e/elements - {"using":"xpath","value":"//*[text()='OK']"}
RESULT: {"using":"xpath","value":"//*[text()='OK']"}
COMMAND: POST /session/885acd6bfe44f64c6e2485c8ef54779e/elements - {"using":"xpath","value":"//*[text()='OK']"}
RESULT: {"using":"xpath","value":"//*[text()='OK']"}
COMMAND: POST /session/885acd6bfe44f64c6e2485c8ef54779e/elements - {"using":"xpath","value":"//*[text()='OK']"}
RESULT: {"using":"xpath","value":"//*[text()='OK']"}
COMMAND: POST /session/885acd6bfe44f64c6e2485c8ef54779e/elements - {"using":"xpath","value":"//*[text()='OK']"}
RESULT: {"using":"xpath","value":"//*[text()='OK']"}
COMMAND: POST /session/885acd6bfe44f64c6e2485c8ef54779e/elements - {"using":"xpath","value":"//*[text()='OK']"}
RESULT: {"using":"xpath","value":"//*[text()='OK']"}
COMMAND: POST /session/885acd6bfe44f64c6e2485c8ef54779e/elements - {"using":"xpath","value":"//*[text()='OK']"}
RESULT: {"using":"xpath","value":"//*[text()='OK']"}
COMMAND: POST /session/885acd6bfe44f64c6e2485c8ef54779e/elements - {"using":"xpath","value":"//*[text()='OK']"}
RESULT: {"using":"xpath","value":"//*[text()='OK']"}
COMMAND: POST /session/885acd6bfe44f64c6e2485c8ef54779e/elements - {"using":"xpath","value":"//*[text()='OK']"}
RESULT: {"using":"xpath","value":"//*[text()='OK']"}
COMMAND: POST /session/885acd6bfe44f64c6e2485c8ef54779e/elements - {"using":"xpath","value":"//*[text()='OK']"}
RESULT: {"using":"xpath","value":"//*[text()='OK']"}
COMMAND: POST /session/885acd6bfe44f64c6e2485c8ef54779e/elements - {"using":"xpath","value":"//*[text()='OK']"}
RESULT: {"using":"xpath","value":"//*[text()='OK']"}
COMMAND: POST /session/885acd6bfe44f64c6e2485c8ef54779e/elements - {"using":"xpath","value":"//*[text()='OK']"}
RESULT: {"using":"xpath","value":"//*[text()='OK']"}
COMMAND: POST /session/885acd6bfe44f64c6e2485c8ef54779e/elements - {"using":"xpath","value":"//*[text()='OK']"}
RESULT: {"using":"xpath","value":"//*[text()='OK']"}
COMMAND: POST /session/885acd6bfe44f64c6e2485c8ef54779e/elements - {"using":"xpath","value":"//*[text()='OK']"}
RESULT: {"using":"xpath","value":"//*[text()='OK']"}
COMMAND: POST /session/885acd6bfe44f64c6e2485c8ef54779e/elements - {"using":"xpath","value":"//*[text()='OK']"}
RESULT: {"using":"xpath","value":"//*[text()='OK']"}
COMMAND: POST /session/885acd6bfe44f64c6e2485c8ef54779e/elements - {"using":"xpath","value":"//*[text()='OK']"}
RESULT: {"using":"xpath","value":"//*[text()='OK']"}
COMMAND: POST /session/885acd6bfe44f64c6e2485c8ef54779e/elements - {"using":"xpath","value":"//*[text()='OK']"}
RESULT: {"using":"xpath","value":"//*[text()='OK']"}
COMMAND: POST /session/885acd6bfe44f64c6e2485c8ef54779e/elements - {"using":"xpath","value":"//*[text()='OK']"}
RESULT: {"using":"xpath","value":"//*[text()='OK']"}
COMMAND: POST /session/885acd6bfe44f64c6e2485c8ef54779e/elements - {"using":"xpath","value":"//*[text()='OK']"}
RESULT: {"using":"xpath","value":"//*[text()='OK']"}
COMMAND: POST /session/885acd6bfe44f64c6e2485c8ef54779e/elements - {"using":"xpath","value":"//*[text()='OK']"}
RESULT: {"using":"xpath","value":"//*[text()='OK']"}
COMMAND: POST /session/885acd6bfe44f64c6e2485c8ef54779e/elements - {"using":"xpath","value":"//*[text()='OK']"}
RESULT: {"using":"xpath","value":"//*[text()='OK']"}
COMMAND: POST /session/885acd6bfe44f64c6e2485c8ef54779e/elements - {"using":"xpath","value":"//*[text()='OK']"}
RESULT: {"using":"xpath","value":"//*[text()='OK']"}
COMMAND: POST /session/885acd6bfe44f64c6e2485c8ef54779e/elements - {"using":"xpath","value":"//*[text()='OK']"}
RESULT: {"using":"xpath","value":"//*[text()='OK']"}
COMMAND: POST /session/885acd6bfe44f64c6e2485c8ef54779e/elements - {"using":"xpath","value":"//*[text()='OK']"}
RESULT: {"using":"xpath","value":"//*[text()='OK']"}
COMMAND: POST /session/885acd6bfe44f64c6e2485c8ef54779e/elements - {"using":"xpath","value":"//*[text()='OK']"}
RESULT: {"using":"xpath","value":"//*[text()='OK']"}
COMMAND: POST /session/885acd6bfe44f64c6e2485c8ef54779e/elements - {"using":"xpath","value":"//*[text()='OK']"}
RESULT: {"using":"xpath","value":"//*[text()='OK']"}
COMMAND: POST /session/885acd6bfe44f64c6e2485c8ef54779e/elements - {"using":"xpath","value":"//*[text()='OK']"}
RESULT: {"using":"xpath","value":"//*[text()='OK']"}
COMMAND: POST /session/885acd6bfe44f64c6e2485c8ef54779e/elements - {"using":"xpath","value":"//*[text()='OK']"}
RESULT: {"using":"xpath","value":"//*[text()='OK']"}
COMMAND: POST /session/885acd6bfe44f64c6e2485c8ef54779e/elements - {"using":"xpath","value":"//*[text()='OK']"}
RESULT: {"using":"xpath","value":"//*[text()='OK']"}
COMMAND: POST /session/885acd6bfe44f64c6e2485c8ef54779e/elements - {"using":"xpath","value":"//*[text()='OK']"}
RESULT: {"using":"xpath","value":"//*[text()='OK']"}
COMMAND: POST /session/885acd6bfe44f64c6e2485c8ef54779e/elements - {"using":"xpath","value":"//*[text()='OK']"}
RESULT: {"using":"xpath","value":"//*[text()='OK']"}
COMMAND: POST /session/885acd6bfe44f64c6e2485c8ef54779e/elements - {"using":"xpath","value":"//*[text()='OK']"}
RESULT: {"using":"xpath","value":"//*[text()='OK']"}
COMMAND: POST /session/885acd6bfe44f64c6e2485c8ef54779e/elements - {"using":"xpath","value":"//*[text()='OK']"}
RESULT: {"using":"xpath","value":"//*[text()='OK']"}
COMMAND: POST /session/885acd6bfe44f64c6e2485c8ef54779e/elements - {"using":"xpath","value":"//*[text()='OK']"}
RESULT: {"using":"xpath","value":"//*[text()='OK']"}
COMMAND: POST /session/885acd6bfe44f64c6e2485c8ef54779e/element - {"using":"xpath","value":"//*[text()='provide (prepared)']"}
RESULT: {"using":"xpath","value":"//*[text()='provide (prepared)']"}
COMMAND: GET /session/885acd6bfe44f64c6e2485c8ef54779e/element/f.F53CD083946FCE278F3961FDA51ABBA8.d.4F4A28E60AE4244F19D8780A68A8C637.e.15147/text - {}
RESULT: {}
COMMAND: POST /session/885acd6bfe44f64c6e2485c8ef54779e/element - {"using":"xpath","value":"//*[contains(text(), \"Instructions\")][@class=\"sapMITHTextContent\"]"}
RESULT: {"using":"xpath","value":"//*[contains(text(), \"Instructions\")][@class=\"sapMITHTextContent\"]"}
COMMAND: POST /session/885acd6bfe44f64c6e2485c8ef54779e/execute/sync - {"script":"<script> [8489 bytes]","args":[{"element-6066-11e4-a52e-4f735466cecf":"f.F53CD083946FCE278F3961FDA51ABBA8.d.4F4A28E60AE4244F19D8780A68A8C637.e.15148","ELEMENT":"f.F53CD083946FCE278F3961FDA51ABBA8.d.4F4A28E60AE4244F19D8780A68A8C637.e.15148"}]}
RESULT: {"script":"<script> [8489 bytes]","args":[{"element-6066-11e4-a52e-4f735466cecf":"f.F53CD083946FCE278F3961FDA51ABBA8.d.4F4A28E60AE4244F19D8780A68A8C637.e.15148","ELEMENT":"f.F53CD083946FCE278F3961FDA51ABBA8.d.4F4A28E60AE4244F19D8780A68A8C637.e.15148"}]}
COMMAND: POST /session/885acd6bfe44f64c6e2485c8ef54779e/execute/sync - {"script":"<script> [5351 bytes]","args":[{"element-6066-11e4-a52e-4f735466cecf":"f.F53CD083946FCE278F3961FDA51ABBA8.d.4F4A28E60AE4244F19D8780A68A8C637.e.15148","ELEMENT":"f.F53CD083946FCE278F3961FDA51ABBA8.d.4F4A28E60AE4244F19D8780A68A8C637.e.15148"}]}
COMMAND: GET /session/885acd6bfe44f64c6e2485c8ef54779e/screenshot - {}
RESULT: {"script":"<script> [5351 bytes]","args":[{"element-6066-11e4-a52e-4f735466cecf":"f.F53CD083946FCE278F3961FDA51ABBA8.d.4F4A28E60AE4244F19D8780A68A8C637.e.15148","ELEMENT":"f.F53CD083946FCE278F3961FDA51ABBA8.d.4F4A28E60AE4244F19D8780A68A8C637.e.15148"}]}
COMMAND: POST /session/885acd6bfe44f64c6e2485c8ef54779e/element/f.F53CD083946FCE278F3961FDA51ABBA8.d.4F4A28E60AE4244F19D8780A68A8C637.e.15148/click - {}
COMMAND: GET /session/885acd6bfe44f64c6e2485c8ef54779e/screenshot - {}
RESULT: {}
RESULT: {}
COMMAND: POST /session/885acd6bfe44f64c6e2485c8ef54779e/actions - {"actions":[{"id":"action57","type":"key","parameters":{},"actions":[{"type":"keyDown","value":"î€‡"},{"type":"pause","duration":10},{"type":"keyUp","value":"î€‡"}]}]}
COMMAND: GET /session/885acd6bfe44f64c6e2485c8ef54779e/screenshot - {}
RESULT: {}
RESULT: {"actions":[{"id":"action57","type":"key","parameters":{},"actions":[{"type":"keyDown","value":"î€‡"},{"type":"pause","duration":10},{"type":"keyUp","value":"î€‡"}]}]}
COMMAND: POST /session/885acd6bfe44f64c6e2485c8ef54779e/element - {"using":"css selector","value":"#pickDialog--hoItemsTable-sa-CbBg"}
COMMAND: GET /session/885acd6bfe44f64c6e2485c8ef54779e/screenshot - {}
RESULT: {}
RESULT: {"using":"css selector","value":"#pickDialog--hoItemsTable-sa-CbBg"}
COMMAND: GET /session/885acd6bfe44f64c6e2485c8ef54779e/element/f.F53CD083946FCE278F3961FDA51ABBA8.d.4F4A28E60AE4244F19D8780A68A8C637.e.15154/enabled - {}
RESULT: {}
RESULT: {}
COMMAND: POST /session/885acd6bfe44f64c6e2485c8ef54779e/execute/sync - {"script":"<script> [8489 bytes]","args":[{"element-6066-11e4-a52e-4f735466cecf":"f.F53CD083946FCE278F3961FDA51ABBA8.d.4F4A28E60AE4244F19D8780A68A8C637.e.15154","ELEMENT":"f.F53CD083946FCE278F3961FDA51ABBA8.d.4F4A28E60AE4244F19D8780A68A8C637.e.15154"}]}
COMMAND: GET /session/885acd6bfe44f64c6e2485c8ef54779e/screenshot - {}
RESULT: {"script":"<script> [8489 bytes]","args":[{"element-6066-11e4-a52e-4f735466cecf":"f.F53CD083946FCE278F3961FDA51ABBA8.d.4F4A28E60AE4244F19D8780A68A8C637.e.15154","ELEMENT":"f.F53CD083946FCE278F3961FDA51ABBA8.d.4F4A28E60AE4244F19D8780A68A8C637.e.15154"}]}
COMMAND: POST /session/885acd6bfe44f64c6e2485c8ef54779e/execute/sync - {"script":"<script> [5351 bytes]","args":[{"element-6066-11e4-a52e-4f735466cecf":"f.F53CD083946FCE278F3961FDA51ABBA8.d.4F4A28E60AE4244F19D8780A68A8C637.e.15154","ELEMENT":"f.F53CD083946FCE278F3961FDA51ABBA8.d.4F4A28E60AE4244F19D8780A68A8C637.e.15154"}]}
COMMAND: GET /session/885acd6bfe44f64c6e2485c8ef54779e/screenshot - {}
RESULT: {}
RESULT: {"script":"<script> [5351 bytes]","args":[{"element-6066-11e4-a52e-4f735466cecf":"f.F53CD083946FCE278F3961FDA51ABBA8.d.4F4A28E60AE4244F19D8780A68A8C637.e.15154","ELEMENT":"f.F53CD083946FCE278F3961FDA51ABBA8.d.4F4A28E60AE4244F19D8780A68A8C637.e.15154"}]}
COMMAND: POST /session/885acd6bfe44f64c6e2485c8ef54779e/element/f.F53CD083946FCE278F3961FDA51ABBA8.d.4F4A28E60AE4244F19D8780A68A8C637.e.15154/click - {}
COMMAND: GET /session/885acd6bfe44f64c6e2485c8ef54779e/screenshot - {}
RESULT: {}
RESULT: {}
COMMAND: POST /session/885acd6bfe44f64c6e2485c8ef54779e/element - {"using":"xpath","value":"//bdi[text()='Confirm All']"}
COMMAND: GET /session/885acd6bfe44f64c6e2485c8ef54779e/screenshot - {}
RESULT: {}
RESULT: {"using":"xpath","value":"//bdi[text()='Confirm All']"}
COMMAND: GET /session/885acd6bfe44f64c6e2485c8ef54779e/element/f.F53CD083946FCE278F3961FDA51ABBA8.d.4F4A28E60AE4244F19D8780A68A8C637.e.15157/enabled - {}
RESULT: {}
RESULT: {}
COMMAND: POST /session/885acd6bfe44f64c6e2485c8ef54779e/execute/sync - {"script":"<script> [8489 bytes]","args":[{"element-6066-11e4-a52e-4f735466cecf":"f.F53CD083946FCE278F3961FDA51ABBA8.d.4F4A28E60AE4244F19D8780A68A8C637.e.15157","ELEMENT":"f.F53CD083946FCE278F3961FDA51ABBA8.d.4F4A28E60AE4244F19D8780A68A8C637.e.15157"}]}
COMMAND: GET /session/885acd6bfe44f64c6e2485c8ef54779e/screenshot - {}
RESULT: {"script":"<script> [8489 bytes]","args":[{"element-6066-11e4-a52e-4f735466cecf":"f.F53CD083946FCE278F3961FDA51ABBA8.d.4F4A28E60AE4244F19D8780A68A8C637.e.15157","ELEMENT":"f.F53CD083946FCE278F3961FDA51ABBA8.d.4F4A28E60AE4244F19D8780A68A8C637.e.15157"}]}
COMMAND: POST /session/885acd6bfe44f64c6e2485c8ef54779e/execute/sync - {"script":"<script> [5351 bytes]","args":[{"element-6066-11e4-a52e-4f735466cecf":"f.F53CD083946FCE278F3961FDA51ABBA8.d.4F4A28E60AE4244F19D8780A68A8C637.e.15157","ELEMENT":"f.F53CD083946FCE278F3961FDA51ABBA8.d.4F4A28E60AE4244F19D8780A68A8C637.e.15157"}]}
COMMAND: GET /session/885acd6bfe44f64c6e2485c8ef54779e/screenshot - {}
RESULT: {}
RESULT: {}
RESULT: {"script":"<script> [5351 bytes]","args":[{"element-6066-11e4-a52e-4f735466cecf":"f.F53CD083946FCE278F3961FDA51ABBA8.d.4F4A28E60AE4244F19D8780A68A8C637.e.15157","ELEMENT":"f.F53CD083946FCE278F3961FDA51ABBA8.d.4F4A28E60AE4244F19D8780A68A8C637.e.15157"}]}
COMMAND: POST /session/885acd6bfe44f64c6e2485c8ef54779e/element/f.F53CD083946FCE278F3961FDA51ABBA8.d.4F4A28E60AE4244F19D8780A68A8C637.e.15157/click - {}
COMMAND: GET /session/885acd6bfe44f64c6e2485c8ef54779e/screenshot - {}
RESULT: {}
COMMAND: GET /session/885acd6bfe44f64c6e2485c8ef54779e/screenshot - {}
RESULT: {}
RESULT: {}
COMMAND: POST /session/885acd6bfe44f64c6e2485c8ef54779e/actions - {"actions":[{"id":"action58","type":"key","parameters":{},"actions":[{"type":"keyDown","value":"î€‡"},{"type":"pause","duration":10},{"type":"keyUp","value":"î€‡"}]}]}
RESULT: {"actions":[{"id":"action58","type":"key","parameters":{},"actions":[{"type":"keyDown","value":"î€‡"},{"type":"pause","duration":10},{"type":"keyUp","value":"î€‡"}]}]}
COMMAND: POST /session/885acd6bfe44f64c6e2485c8ef54779e/actions - {"actions":[{"id":"action59","type":"key","parameters":{},"actions":[{"type":"keyDown","value":"î€‡"},{"type":"pause","duration":10},{"type":"keyUp","value":"î€‡"}]}]}
COMMAND: GET /session/885acd6bfe44f64c6e2485c8ef54779e/screenshot - {}
RESULT: {"actions":[{"id":"action59","type":"key","parameters":{},"actions":[{"type":"keyDown","value":"î€‡"},{"type":"pause","duration":10},{"type":"keyUp","value":"î€‡"}]}]}
COMMAND: POST /session/885acd6bfe44f64c6e2485c8ef54779e/execute/async - {"script":"<script> [1562 bytes]","args":[{"selector":{"id":"statesDialog--okBttnStatesDialog","searchOpenDialogs":true,"interaction":{"idSuffix":"BDI-content"}},"wdio_ui5_key":"statesDialogokBttnStatesDialog"}]}
COMMAND: GET /session/885acd6bfe44f64c6e2485c8ef54779e/screenshot - {}
RESULT: {}
RESULT: {"script":"<script> [1562 bytes]","args":[{"selector":{"id":"statesDialog--okBttnStatesDialog","searchOpenDialogs":true,"interaction":{"idSuffix":"BDI-content"}},"wdio_ui5_key":"statesDialogokBttnStatesDialog"}]}
RESULT: undefined
RESULT: {}
RESULT: undefined
RESULT: undefined
COMMAND: POST /session/885acd6bfe44f64c6e2485c8ef54779e/actions - {"actions":[{"id":"action60","type":"key","parameters":{},"actions":[{"type":"keyDown","value":"î€‡"},{"type":"pause","duration":10},{"type":"keyUp","value":"î€‡"}]}]}
RESULT: {"actions":[{"id":"action60","type":"key","parameters":{},"actions":[{"type":"keyDown","value":"î€‡"},{"type":"pause","duration":10},{"type":"keyUp","value":"î€‡"}]}]}
COMMAND: POST /session/885acd6bfe44f64c6e2485c8ef54779e/execute/async - {"script":"<script> [1562 bytes]","args":[{"selector":{"controlType":"sap.m.Text","viewName":"etm.portal.ui.managehandovers.view.DetailExecuteHO","bindingPath":{"propertyPath":"NO","modelName":"catalogModel"}},"wdio_ui5_key":"etmportal.ui.managehandovers.view.DetailExecuteHOsap.m.Text{\"propertyPath\":\"NO\",\"modelName\":\"catalogModel\"}"}]}
COMMAND: GET /session/885acd6bfe44f64c6e2485c8ef54779e/screenshot - {}
RESULT: {"script":"<script> [1562 bytes]","args":[{"selector":{"controlType":"sap.m.Text","viewName":"etm.portal.ui.managehandovers.view.DetailExecuteHO","bindingPath":{"propertyPath":"NO","modelName":"catalogModel"}},"wdio_ui5_key":"etmportal.ui.managehandovers.view.DetailExecuteHOsap.m.Text{\"propertyPath\":\"NO\",\"modelName\":\"catalogModel\"}"}]}
RESULT: undefined
COMMAND: POST /session/885acd6bfe44f64c6e2485c8ef54779e/execute/async - {"script":"<script> [6424 bytes]","args":[{"element-6066-11e4-a52e-4f735466cecf":"f.F53CD083946FCE278F3961FDA51ABBA8.d.4F4A28E60AE4244F19D8780A68A8C637.e.15163"},"getText",[]]}
RESULT: {}
RESULT: {"script":"<script> [6424 bytes]","args":[{"element-6066-11e4-a52e-4f735466cecf":"f.F53CD083946FCE278F3961FDA51ABBA8.d.4F4A28E60AE4244F19D8780A68A8C637.e.15163"},"getText",[]]}
COMMAND: POST /session/885acd6bfe44f64c6e2485c8ef54779e/actions - {"actions":[{"id":"action61","type":"key","parameters":{},"actions":[{"type":"keyDown","value":"î€‡"},{"type":"pause","duration":10},{"type":"keyUp","value":"î€‡"}]}]}
RESULT: {"actions":[{"id":"action61","type":"key","parameters":{},"actions":[{"type":"keyDown","value":"î€‡"},{"type":"pause","duration":10},{"type":"keyUp","value":"î€‡"}]}]}
COMMAND: GET /session/885acd6bfe44f64c6e2485c8ef54779e/screenshot - {}
RESULT: {}
COMMAND: POST /session/885acd6bfe44f64c6e2485c8ef54779e/element - {"using":"xpath","value":"//bdi[text()='OK']"}
RESULT: {"using":"xpath","value":"//bdi[text()='OK']"}
COMMAND: POST /session/885acd6bfe44f64c6e2485c8ef54779e/element - {"using":"xpath","value":"//bdi[text()='OK']"}
RESULT: {"using":"xpath","value":"//bdi[text()='OK']"}
COMMAND: POST /session/885acd6bfe44f64c6e2485c8ef54779e/actions - {"actions":[{"id":"action62","type":"key","parameters":{},"actions":[{"type":"keyDown","value":"î€‡"},{"type":"pause","duration":10},{"type":"keyUp","value":"î€‡"}]}]}
RESULT: {"actions":[{"id":"action62","type":"key","parameters":{},"actions":[{"type":"keyDown","value":"î€‡"},{"type":"pause","duration":10},{"type":"keyUp","value":"î€‡"}]}]}
COMMAND: POST /session/885acd6bfe44f64c6e2485c8ef54779e/element - {"using":"xpath","value":"//bdi[(text() = 'Confirm' or . = 'Confirm')]"}
COMMAND: GET /session/885acd6bfe44f64c6e2485c8ef54779e/screenshot - {}
RESULT: {"using":"xpath","value":"//bdi[(text() = 'Confirm' or . = 'Confirm')]"}
COMMAND: POST /session/885acd6bfe44f64c6e2485c8ef54779e/execute/sync - {"script":"<script> [8489 bytes]","args":[{"element-6066-11e4-a52e-4f735466cecf":"f.F53CD083946FCE278F3961FDA51ABBA8.d.4F4A28E60AE4244F19D8780A68A8C637.e.15167","ELEMENT":"f.F53CD083946FCE278F3961FDA51ABBA8.d.4F4A28E60AE4244F19D8780A68A8C637.e.15167"}]}
RESULT: {}
RESULT: {"script":"<script> [8489 bytes]","args":[{"element-6066-11e4-a52e-4f735466cecf":"f.F53CD083946FCE278F3961FDA51ABBA8.d.4F4A28E60AE4244F19D8780A68A8C637.e.15167","ELEMENT":"f.F53CD083946FCE278F3961FDA51ABBA8.d.4F4A28E60AE4244F19D8780A68A8C637.e.15167"}]}
COMMAND: POST /session/885acd6bfe44f64c6e2485c8ef54779e/execute/sync - {"script":"<script> [8489 bytes]","args":[{"element-6066-11e4-a52e-4f735466cecf":"f.F53CD083946FCE278F3961FDA51ABBA8.d.4F4A28E60AE4244F19D8780A68A8C637.e.15167","ELEMENT":"f.F53CD083946FCE278F3961FDA51ABBA8.d.4F4A28E60AE4244F19D8780A68A8C637.e.15167"}]}
COMMAND: GET /session/885acd6bfe44f64c6e2485c8ef54779e/screenshot - {}
RESULT: {"script":"<script> [8489 bytes]","args":[{"element-6066-11e4-a52e-4f735466cecf":"f.F53CD083946FCE278F3961FDA51ABBA8.d.4F4A28E60AE4244F19D8780A68A8C637.e.15167","ELEMENT":"f.F53CD083946FCE278F3961FDA51ABBA8.d.4F4A28E60AE4244F19D8780A68A8C637.e.15167"}]}
COMMAND: POST /session/885acd6bfe44f64c6e2485c8ef54779e/execute/sync - {"script":"<script> [5351 bytes]","args":[{"element-6066-11e4-a52e-4f735466cecf":"f.F53CD083946FCE278F3961FDA51ABBA8.d.4F4A28E60AE4244F19D8780A68A8C637.e.15167","ELEMENT":"f.F53CD083946FCE278F3961FDA51ABBA8.d.4F4A28E60AE4244F19D8780A68A8C637.e.15167"}]}
COMMAND: GET /session/885acd6bfe44f64c6e2485c8ef54779e/screenshot - {}
RESULT: {}
RESULT: {"script":"<script> [5351 bytes]","args":[{"element-6066-11e4-a52e-4f735466cecf":"f.F53CD083946FCE278F3961FDA51ABBA8.d.4F4A28E60AE4244F19D8780A68A8C637.e.15167","ELEMENT":"f.F53CD083946FCE278F3961FDA51ABBA8.d.4F4A28E60AE4244F19D8780A68A8C637.e.15167"}]}
COMMAND: POST /session/885acd6bfe44f64c6e2485c8ef54779e/actions - {"actions":[{"id":"action63","type":"key","parameters":{},"actions":[{"type":"keyDown","value":"î€‡"},{"type":"pause","duration":10},{"type":"keyUp","value":"î€‡"}]}]}
COMMAND: GET /session/885acd6bfe44f64c6e2485c8ef54779e/screenshot - {}
RESULT: {}
RESULT: {"actions":[{"id":"action63","type":"key","parameters":{},"actions":[{"type":"keyDown","value":"î€‡"},{"type":"pause","duration":10},{"type":"keyUp","value":"î€‡"}]}]}
COMMAND: POST /session/885acd6bfe44f64c6e2485c8ef54779e/element - {"using":"xpath","value":"(//bdi[text()='Pick'])[1]"}
COMMAND: GET /session/885acd6bfe44f64c6e2485c8ef54779e/screenshot - {}
RESULT: {}
RESULT: {"using":"xpath","value":"(//bdi[text()='Pick'])[1]"}
COMMAND: GET /session/885acd6bfe44f64c6e2485c8ef54779e/element/f.F53CD083946FCE278F3961FDA51ABBA8.d.4F4A28E60AE4244F19D8780A68A8C637.e.15168/enabled - {}
RESULT: {}
RESULT: {}
COMMAND: POST /session/885acd6bfe44f64c6e2485c8ef54779e/execute/sync - {"script":"<script> [8489 bytes]","args":[{"element-6066-11e4-a52e-4f735466cecf":"f.F53CD083946FCE278F3961FDA51ABBA8.d.4F4A28E60AE4244F19D8780A68A8C637.e.15168","ELEMENT":"f.F53CD083946FCE278F3961FDA51ABBA8.d.4F4A28E60AE4244F19D8780A68A8C637.e.15168"}]}
COMMAND: GET /session/885acd6bfe44f64c6e2485c8ef54779e/screenshot - {}
RESULT: {"script":"<script> [8489 bytes]","args":[{"element-6066-11e4-a52e-4f735466cecf":"f.F53CD083946FCE278F3961FDA51ABBA8.d.4F4A28E60AE4244F19D8780A68A8C637.e.15168","ELEMENT":"f.F53CD083946FCE278F3961FDA51ABBA8.d.4F4A28E60AE4244F19D8780A68A8C637.e.15168"}]}
COMMAND: POST /session/885acd6bfe44f64c6e2485c8ef54779e/execute/sync - {"script":"<script> [5351 bytes]","args":[{"element-6066-11e4-a52e-4f735466cecf":"f.F53CD083946FCE278F3961FDA51ABBA8.d.4F4A28E60AE4244F19D8780A68A8C637.e.15168","ELEMENT":"f.F53CD083946FCE278F3961FDA51ABBA8.d.4F4A28E60AE4244F19D8780A68A8C637.e.15168"}]}
COMMAND: GET /session/885acd6bfe44f64c6e2485c8ef54779e/screenshot - {}
RESULT: {}
RESULT: {"script":"<script> [5351 bytes]","args":[{"element-6066-11e4-a52e-4f735466cecf":"f.F53CD083946FCE278F3961FDA51ABBA8.d.4F4A28E60AE4244F19D8780A68A8C637.e.15168","ELEMENT":"f.F53CD083946FCE278F3961FDA51ABBA8.d.4F4A28E60AE4244F19D8780A68A8C637.e.15168"}]}
COMMAND: POST /session/885acd6bfe44f64c6e2485c8ef54779e/element/f.F53CD083946FCE278F3961FDA51ABBA8.d.4F4A28E60AE4244F19D8780A68A8C637.e.15168/click - {}
COMMAND: GET /session/885acd6bfe44f64c6e2485c8ef54779e/screenshot - {}
RESULT: {}
RESULT: {}
COMMAND: POST /session/885acd6bfe44f64c6e2485c8ef54779e/actions - {"actions":[{"id":"action64","type":"key","parameters":{},"actions":[{"type":"keyDown","value":"î€‡"},{"type":"pause","duration":10},{"type":"keyUp","value":"î€‡"}]}]}
COMMAND: GET /session/885acd6bfe44f64c6e2485c8ef54779e/screenshot - {}
RESULT: {}
RESULT: {"actions":[{"id":"action64","type":"key","parameters":{},"actions":[{"type":"keyDown","value":"î€‡"},{"type":"pause","duration":10},{"type":"keyUp","value":"î€‡"}]}]}
COMMAND: GET /session/885acd6bfe44f64c6e2485c8ef54779e/screenshot - {}
RESULT: {}
RESULT: {}
COMMAND: POST /session/885acd6bfe44f64c6e2485c8ef54779e/execute/async - {"script":"<script> [1562 bytes]","args":[{"selector":{"controlType":"sap.m.SearchField","viewName":"etm.portal.ui.managehandovers.view.MasterHO","bindingPath":{"path":"","propertyPath":"/_BASIC_SEARCH_FIELD","modelName":"fi1t3rM0d31"},"interaction":{"idSuffix":"I"}},"wdio_ui5_key":"etmportal.ui.managehandovers.view.MasterHOsap.m.SearchField{\"path\":\"\",\"propertyPath\":\"/_BASIC_SEARCH_FIELD\",\"modelName\":\"fi1t3rM0d31\"}"}]}
RESULT: {"script":"<script> [1562 bytes]","args":[{"selector":{"controlType":"sap.m.SearchField","viewName":"etm.portal.ui.managehandovers.view.MasterHO","bindingPath":{"path":"","propertyPath":"/_BASIC_SEARCH_FIELD","modelName":"fi1t3rM0d31"},"interaction":{"idSuffix":"I"}},"wdio_ui5_key":"etmportal.ui.managehandovers.view.MasterHOsap.m.SearchField{\"path\":\"\",\"propertyPath\":\"/_BASIC_SEARCH_FIELD\",\"modelName\":\"fi1t3rM0d31\"}"}]}
RESULT: undefined
COMMAND: POST /session/885acd6bfe44f64c6e2485c8ef54779e/execute/async - {"script":"<script> [776 bytes]","args":[{"enterText":"30622","selector":{"controlType":"sap.m.SearchField","viewName":"etm.portal.ui.managehandovers.view.MasterHO","bindingPath":{"path":"","propertyPath":"/_BASIC_SEARCH_FIELD","modelName":"fi1t3rM0d31"},"interaction":{"idSuffix":"I"}},"clearTextFirst":true,"interactionType":"ENTER_TEXT"}]}
RESULT: {"script":"<script> [776 bytes]","args":[{"enterText":"30622","selector":{"controlType":"sap.m.SearchField","viewName":"etm.portal.ui.managehandovers.view.MasterHO","bindingPath":{"path":"","propertyPath":"/_BASIC_SEARCH_FIELD","modelName":"fi1t3rM0d31"},"interaction":{"idSuffix":"I"}},"clearTextFirst":true,"interactionType":"ENTER_TEXT"}]}
COMMAND: POST /session/885acd6bfe44f64c6e2485c8ef54779e/actions - {"actions":[{"id":"action65","type":"key","parameters":{},"actions":[{"type":"keyDown","value":"î€‡"},{"type":"pause","duration":10},{"type":"keyUp","value":"î€‡"}]}]}
RESULT: {"actions":[{"id":"action65","type":"key","parameters":{},"actions":[{"type":"keyDown","value":"î€‡"},{"type":"pause","duration":10},{"type":"keyUp","value":"î€‡"}]}]}
COMMAND: GET /session/885acd6bfe44f64c6e2485c8ef54779e/screenshot - {}
RESULT: {}
COMMAND: POST /session/885acd6bfe44f64c6e2485c8ef54779e/execute/async - {"script":"<script> [1562 bytes]","args":[{"selector":{"controlType":"sap.ui.core.Icon","viewName":"etm.portal.ui.managehandovers.view.MasterHO","properties":{"src":{"regex":{"source":"slim\\-arrow\\-right"}}}},"wdio_ui5_key":"etmportal.ui.managehandovers.view.MasterHOsap.ui.core.Icon{\"src\":{\"regex\":{\"source\":\"slim\\\\-arrow\\\\-right\"}}}"}]}
RESULT: {"script":"<script> [1562 bytes]","args":[{"selector":{"controlType":"sap.ui.core.Icon","viewName":"etm.portal.ui.managehandovers.view.MasterHO","properties":{"src":{"regex":{"source":"slim\\-arrow\\-right"}}}},"wdio_ui5_key":"etmportal.ui.managehandovers.view.MasterHOsap.ui.core.Icon{\"src\":{\"regex\":{\"source\":\"slim\\\\-arrow\\\\-right\"}}}"}]}
RESULT: undefined
COMMAND: POST /session/885acd6bfe44f64c6e2485c8ef54779e/element - {"using":"xpath","value":"//*[@id=\"__item3191-__clone8586-imgNav\"]"}
RESULT: {"using":"xpath","value":"//*[@id=\"__item3191-__clone8586-imgNav\"]"}
COMMAND: POST /session/885acd6bfe44f64c6e2485c8ef54779e/element/f.F53CD083946FCE278F3961FDA51ABBA8.d.4F4A28E60AE4244F19D8780A68A8C637.e.15444/click - {}
RESULT: {}
COMMAND: POST /session/885acd6bfe44f64c6e2485c8ef54779e/element - {"using":"xpath","value":"(//span[text()='Instructions'])[2]"}
COMMAND: GET /session/885acd6bfe44f64c6e2485c8ef54779e/screenshot - {}
RESULT: {"using":"xpath","value":"(//span[text()='Instructions'])[2]"}
COMMAND: GET /session/885acd6bfe44f64c6e2485c8ef54779e/element/f.F53CD083946FCE278F3961FDA51ABBA8.d.4F4A28E60AE4244F19D8780A68A8C637.e.15148/enabled - {}
RESULT: {}
RESULT: {}
COMMAND: POST /session/885acd6bfe44f64c6e2485c8ef54779e/execute/sync - {"script":"<script> [8489 bytes]","args":[{"element-6066-11e4-a52e-4f735466cecf":"f.F53CD083946FCE278F3961FDA51ABBA8.d.4F4A28E60AE4244F19D8780A68A8C637.e.15148","ELEMENT":"f.F53CD083946FCE278F3961FDA51ABBA8.d.4F4A28E60AE4244F19D8780A68A8C637.e.15148"}]}
COMMAND: GET /session/885acd6bfe44f64c6e2485c8ef54779e/screenshot - {}
RESULT: {"script":"<script> [8489 bytes]","args":[{"element-6066-11e4-a52e-4f735466cecf":"f.F53CD083946FCE278F3961FDA51ABBA8.d.4F4A28E60AE4244F19D8780A68A8C637.e.15148","ELEMENT":"f.F53CD083946FCE278F3961FDA51ABBA8.d.4F4A28E60AE4244F19D8780A68A8C637.e.15148"}]}
COMMAND: POST /session/885acd6bfe44f64c6e2485c8ef54779e/execute/sync - {"script":"<script> [5351 bytes]","args":[{"element-6066-11e4-a52e-4f735466cecf":"f.F53CD083946FCE278F3961FDA51ABBA8.d.4F4A28E60AE4244F19D8780A68A8C637.e.15148","ELEMENT":"f.F53CD083946FCE278F3961FDA51ABBA8.d.4F4A28E60AE4244F19D8780A68A8C637.e.15148"}]}
COMMAND: GET /session/885acd6bfe44f64c6e2485c8ef54779e/screenshot - {}
RESULT: {}
RESULT: {"script":"<script> [5351 bytes]","args":[{"element-6066-11e4-a52e-4f735466cecf":"f.F53CD083946FCE278F3961FDA51ABBA8.d.4F4A28E60AE4244F19D8780A68A8C637.e.15148","ELEMENT":"f.F53CD083946FCE278F3961FDA51ABBA8.d.4F4A28E60AE4244F19D8780A68A8C637.e.15148"}]}
COMMAND: POST /session/885acd6bfe44f64c6e2485c8ef54779e/element/f.F53CD083946FCE278F3961FDA51ABBA8.d.4F4A28E60AE4244F19D8780A68A8C637.e.15148/click - {}
COMMAND: GET /session/885acd6bfe44f64c6e2485c8ef54779e/screenshot - {}
RESULT: {}
RESULT: {}
COMMAND: POST /session/885acd6bfe44f64c6e2485c8ef54779e/element - {"using":"xpath","value":"//bdi[text()='Confirm']"}
COMMAND: GET /session/885acd6bfe44f64c6e2485c8ef54779e/screenshot - {}
RESULT: {}
RESULT: {"using":"xpath","value":"//bdi[text()='Confirm']"}
COMMAND: POST /session/885acd6bfe44f64c6e2485c8ef54779e/elements - {"using":"xpath","value":"//bdi[text()='Confirm']"}
RESULT: {}
RESULT: {"using":"xpath","value":"//bdi[text()='Confirm']"}
COMMAND: POST /session/885acd6bfe44f64c6e2485c8ef54779e/elements - {"using":"xpath","value":"//bdi[text()='Confirm']"}
RESULT: {"using":"xpath","value":"//bdi[text()='Confirm']"}
COMMAND: POST /session/885acd6bfe44f64c6e2485c8ef54779e/element - {"using":"xpath","value":"//bdi[text()='Confirm']"}
RESULT: {"using":"xpath","value":"//bdi[text()='Confirm']"}
COMMAND: GET /session/885acd6bfe44f64c6e2485c8ef54779e/element/f.F53CD083946FCE278F3961FDA51ABBA8.d.4F4A28E60AE4244F19D8780A68A8C637.e.15494/enabled - {}
RESULT: {}
COMMAND: POST /session/885acd6bfe44f64c6e2485c8ef54779e/execute/sync - {"script":"<script> [8489 bytes]","args":[{"element-6066-11e4-a52e-4f735466cecf":"f.F53CD083946FCE278F3961FDA51ABBA8.d.4F4A28E60AE4244F19D8780A68A8C637.e.15494","ELEMENT":"f.F53CD083946FCE278F3961FDA51ABBA8.d.4F4A28E60AE4244F19D8780A68A8C637.e.15494"}]}
COMMAND: GET /session/885acd6bfe44f64c6e2485c8ef54779e/screenshot - {}
RESULT: {"script":"<script> [8489 bytes]","args":[{"element-6066-11e4-a52e-4f735466cecf":"f.F53CD083946FCE278F3961FDA51ABBA8.d.4F4A28E60AE4244F19D8780A68A8C637.e.15494","ELEMENT":"f.F53CD083946FCE278F3961FDA51ABBA8.d.4F4A28E60AE4244F19D8780A68A8C637.e.15494"}]}
COMMAND: POST /session/885acd6bfe44f64c6e2485c8ef54779e/execute/sync - {"script":"<script> [5351 bytes]","args":[{"element-6066-11e4-a52e-4f735466cecf":"f.F53CD083946FCE278F3961FDA51ABBA8.d.4F4A28E60AE4244F19D8780A68A8C637.e.15494","ELEMENT":"f.F53CD083946FCE278F3961FDA51ABBA8.d.4F4A28E60AE4244F19D8780A68A8C637.e.15494"}]}
COMMAND: GET /session/885acd6bfe44f64c6e2485c8ef54779e/screenshot - {}
RESULT: {}
RESULT: {"script":"<script> [5351 bytes]","args":[{"element-6066-11e4-a52e-4f735466cecf":"f.F53CD083946FCE278F3961FDA51ABBA8.d.4F4A28E60AE4244F19D8780A68A8C637.e.15494","ELEMENT":"f.F53CD083946FCE278F3961FDA51ABBA8.d.4F4A28E60AE4244F19D8780A68A8C637.e.15494"}]}
COMMAND: POST /session/885acd6bfe44f64c6e2485c8ef54779e/element/f.F53CD083946FCE278F3961FDA51ABBA8.d.4F4A28E60AE4244F19D8780A68A8C637.e.15494/click - {}
COMMAND: GET /session/885acd6bfe44f64c6e2485c8ef54779e/screenshot - {}
RESULT: {}
RESULT: {}
COMMAND: POST /session/885acd6bfe44f64c6e2485c8ef54779e/actions - {"actions":[{"id":"action66","type":"key","parameters":{},"actions":[{"type":"keyDown","value":"î€‡"},{"type":"pause","duration":10},{"type":"keyUp","value":"î€‡"}]}]}
COMMAND: GET /session/885acd6bfe44f64c6e2485c8ef54779e/screenshot - {}
RESULT: {}
RESULT: {"actions":[{"id":"action66","type":"key","parameters":{},"actions":[{"type":"keyDown","value":"î€‡"},{"type":"pause","duration":10},{"type":"keyUp","value":"î€‡"}]}]}
COMMAND: POST /session/885acd6bfe44f64c6e2485c8ef54779e/element - {"using":"xpath","value":"//bdi[text()='Issue']"}
COMMAND: GET /session/885acd6bfe44f64c6e2485c8ef54779e/screenshot - {}
RESULT: {}
RESULT: {"using":"xpath","value":"//bdi[text()='Issue']"}
COMMAND: GET /session/885acd6bfe44f64c6e2485c8ef54779e/element/f.F53CD083946FCE278F3961FDA51ABBA8.d.4F4A28E60AE4244F19D8780A68A8C637.e.15496/enabled - {}
RESULT: {}
RESULT: {}
COMMAND: POST /session/885acd6bfe44f64c6e2485c8ef54779e/execute/sync - {"script":"<script> [8489 bytes]","args":[{"element-6066-11e4-a52e-4f735466cecf":"f.F53CD083946FCE278F3961FDA51ABBA8.d.4F4A28E60AE4244F19D8780A68A8C637.e.15496","ELEMENT":"f.F53CD083946FCE278F3961FDA51ABBA8.d.4F4A28E60AE4244F19D8780A68A8C637.e.15496"}]}
COMMAND: GET /session/885acd6bfe44f64c6e2485c8ef54779e/screenshot - {}
RESULT: {"script":"<script> [8489 bytes]","args":[{"element-6066-11e4-a52e-4f735466cecf":"f.F53CD083946FCE278F3961FDA51ABBA8.d.4F4A28E60AE4244F19D8780A68A8C637.e.15496","ELEMENT":"f.F53CD083946FCE278F3961FDA51ABBA8.d.4F4A28E60AE4244F19D8780A68A8C637.e.15496"}]}
COMMAND: POST /session/885acd6bfe44f64c6e2485c8ef54779e/execute/sync - {"script":"<script> [5351 bytes]","args":[{"element-6066-11e4-a52e-4f735466cecf":"f.F53CD083946FCE278F3961FDA51ABBA8.d.4F4A28E60AE4244F19D8780A68A8C637.e.15496","ELEMENT":"f.F53CD083946FCE278F3961FDA51ABBA8.d.4F4A28E60AE4244F19D8780A68A8C637.e.15496"}]}
COMMAND: GET /session/885acd6bfe44f64c6e2485c8ef54779e/screenshot - {}
RESULT: {}
RESULT: {"script":"<script> [5351 bytes]","args":[{"element-6066-11e4-a52e-4f735466cecf":"f.F53CD083946FCE278F3961FDA51ABBA8.d.4F4A28E60AE4244F19D8780A68A8C637.e.15496","ELEMENT":"f.F53CD083946FCE278F3961FDA51ABBA8.d.4F4A28E60AE4244F19D8780A68A8C637.e.15496"}]}
COMMAND: POST /session/885acd6bfe44f64c6e2485c8ef54779e/element/f.F53CD083946FCE278F3961FDA51ABBA8.d.4F4A28E60AE4244F19D8780A68A8C637.e.15496/click - {}
COMMAND: GET /session/885acd6bfe44f64c6e2485c8ef54779e/screenshot - {}
RESULT: {}
RESULT: {}
COMMAND: POST /session/885acd6bfe44f64c6e2485c8ef54779e/element - {"using":"xpath","value":"//*[text()='Provide to site']"}
COMMAND: GET /session/885acd6bfe44f64c6e2485c8ef54779e/screenshot - {}
RESULT: {}
RESULT: {"using":"xpath","value":"//*[text()='Provide to site']"}
COMMAND: POST /session/885acd6bfe44f64c6e2485c8ef54779e/elements - {"using":"xpath","value":"//*[text()='Provide to site']"}
RESULT: {}
RESULT: {"using":"xpath","value":"//*[text()='Provide to site']"}
COMMAND: POST /session/885acd6bfe44f64c6e2485c8ef54779e/elements - {"using":"xpath","value":"//*[text()='Provide to site']"}
RESULT: {"using":"xpath","value":"//*[text()='Provide to site']"}
COMMAND: POST /session/885acd6bfe44f64c6e2485c8ef54779e/elements - {"using":"xpath","value":"//*[text()='Provide to site']"}
RESULT: {"using":"xpath","value":"//*[text()='Provide to site']"}
COMMAND: POST /session/885acd6bfe44f64c6e2485c8ef54779e/elements - {"using":"xpath","value":"//*[text()='Provide to site']"}
RESULT: {"using":"xpath","value":"//*[text()='Provide to site']"}
COMMAND: POST /session/885acd6bfe44f64c6e2485c8ef54779e/elements - {"using":"xpath","value":"//*[text()='Provide to site']"}
RESULT: {"using":"xpath","value":"//*[text()='Provide to site']"}
COMMAND: POST /session/885acd6bfe44f64c6e2485c8ef54779e/elements - {"using":"xpath","value":"//*[text()='Provide to site']"}
RESULT: {"using":"xpath","value":"//*[text()='Provide to site']"}
COMMAND: POST /session/885acd6bfe44f64c6e2485c8ef54779e/elements - {"using":"xpath","value":"//*[text()='Provide to site']"}
RESULT: {"using":"xpath","value":"//*[text()='Provide to site']"}
COMMAND: POST /session/885acd6bfe44f64c6e2485c8ef54779e/elements - {"using":"xpath","value":"//*[text()='Provide to site']"}
RESULT: {"using":"xpath","value":"//*[text()='Provide to site']"}
COMMAND: POST /session/885acd6bfe44f64c6e2485c8ef54779e/elements - {"using":"xpath","value":"//*[text()='Provide to site']"}
RESULT: {"using":"xpath","value":"//*[text()='Provide to site']"}
COMMAND: POST /session/885acd6bfe44f64c6e2485c8ef54779e/elements - {"using":"xpath","value":"//*[text()='Provide to site']"}
RESULT: {"using":"xpath","value":"//*[text()='Provide to site']"}
COMMAND: POST /session/885acd6bfe44f64c6e2485c8ef54779e/elements - {"using":"xpath","value":"//*[text()='Provide to site']"}
RESULT: {"using":"xpath","value":"//*[text()='Provide to site']"}
COMMAND: POST /session/885acd6bfe44f64c6e2485c8ef54779e/elements - {"using":"xpath","value":"//*[text()='Provide to site']"}
RESULT: {"using":"xpath","value":"//*[text()='Provide to site']"}
COMMAND: POST /session/885acd6bfe44f64c6e2485c8ef54779e/elements - {"using":"xpath","value":"//*[text()='Provide to site']"}
RESULT: {"using":"xpath","value":"//*[text()='Provide to site']"}
COMMAND: POST /session/885acd6bfe44f64c6e2485c8ef54779e/elements - {"using":"xpath","value":"//*[text()='Provide to site']"}
RESULT: {"using":"xpath","value":"//*[text()='Provide to site']"}
COMMAND: POST /session/885acd6bfe44f64c6e2485c8ef54779e/elements - {"using":"xpath","value":"//*[text()='Provide to site']"}
RESULT: {"using":"xpath","value":"//*[text()='Provide to site']"}
COMMAND: POST /session/885acd6bfe44f64c6e2485c8ef54779e/elements - {"using":"xpath","value":"//*[text()='Provide to site']"}
RESULT: {"using":"xpath","value":"//*[text()='Provide to site']"}
COMMAND: POST /session/885acd6bfe44f64c6e2485c8ef54779e/elements - {"using":"xpath","value":"//*[text()='Provide to site']"}
RESULT: {"using":"xpath","value":"//*[text()='Provide to site']"}
COMMAND: POST /session/885acd6bfe44f64c6e2485c8ef54779e/elements - {"using":"xpath","value":"//*[text()='Provide to site']"}
RESULT: {"using":"xpath","value":"//*[text()='Provide to site']"}
COMMAND: POST /session/885acd6bfe44f64c6e2485c8ef54779e/elements - {"using":"xpath","value":"//*[text()='Provide to site']"}
RESULT: {"using":"xpath","value":"//*[text()='Provide to site']"}
COMMAND: POST /session/885acd6bfe44f64c6e2485c8ef54779e/elements - {"using":"xpath","value":"//*[text()='Provide to site']"}
RESULT: {"using":"xpath","value":"//*[text()='Provide to site']"}
COMMAND: POST /session/885acd6bfe44f64c6e2485c8ef54779e/elements - {"using":"xpath","value":"//*[text()='Provide to site']"}
RESULT: {"using":"xpath","value":"//*[text()='Provide to site']"}
COMMAND: POST /session/885acd6bfe44f64c6e2485c8ef54779e/elements - {"using":"xpath","value":"//*[text()='Provide to site']"}
RESULT: {"using":"xpath","value":"//*[text()='Provide to site']"}
COMMAND: POST /session/885acd6bfe44f64c6e2485c8ef54779e/elements - {"using":"xpath","value":"//*[text()='Provide to site']"}
RESULT: {"using":"xpath","value":"//*[text()='Provide to site']"}
COMMAND: POST /session/885acd6bfe44f64c6e2485c8ef54779e/elements - {"using":"xpath","value":"//*[text()='Provide to site']"}
RESULT: {"using":"xpath","value":"//*[text()='Provide to site']"}
COMMAND: POST /session/885acd6bfe44f64c6e2485c8ef54779e/elements - {"using":"xpath","value":"//*[text()='Provide to site']"}
RESULT: {"using":"xpath","value":"//*[text()='Provide to site']"}
COMMAND: POST /session/885acd6bfe44f64c6e2485c8ef54779e/elements - {"using":"xpath","value":"//*[text()='Provide to site']"}
RESULT: {"using":"xpath","value":"//*[text()='Provide to site']"}
COMMAND: POST /session/885acd6bfe44f64c6e2485c8ef54779e/elements - {"using":"xpath","value":"//*[text()='Provide to site']"}
RESULT: {"using":"xpath","value":"//*[text()='Provide to site']"}
COMMAND: POST /session/885acd6bfe44f64c6e2485c8ef54779e/elements - {"using":"xpath","value":"//*[text()='Provide to site']"}
RESULT: {"using":"xpath","value":"//*[text()='Provide to site']"}
COMMAND: POST /session/885acd6bfe44f64c6e2485c8ef54779e/elements - {"using":"xpath","value":"//*[text()='Provide to site']"}
RESULT: {"using":"xpath","value":"//*[text()='Provide to site']"}
COMMAND: POST /session/885acd6bfe44f64c6e2485c8ef54779e/elements - {"using":"xpath","value":"//*[text()='Provide to site']"}
RESULT: {"using":"xpath","value":"//*[text()='Provide to site']"}
COMMAND: POST /session/885acd6bfe44f64c6e2485c8ef54779e/elements - {"using":"xpath","value":"//*[text()='Provide to site']"}
RESULT: {"using":"xpath","value":"//*[text()='Provide to site']"}
COMMAND: POST /session/885acd6bfe44f64c6e2485c8ef54779e/elements - {"using":"xpath","value":"//*[text()='Provide to site']"}
RESULT: {"using":"xpath","value":"//*[text()='Provide to site']"}
COMMAND: POST /session/885acd6bfe44f64c6e2485c8ef54779e/elements - {"using":"xpath","value":"//*[text()='Provide to site']"}
RESULT: {"using":"xpath","value":"//*[text()='Provide to site']"}
COMMAND: POST /session/885acd6bfe44f64c6e2485c8ef54779e/elements - {"using":"xpath","value":"//*[text()='Provide to site']"}
RESULT: {"using":"xpath","value":"//*[text()='Provide to site']"}
COMMAND: POST /session/885acd6bfe44f64c6e2485c8ef54779e/elements - {"using":"xpath","value":"//*[text()='Provide to site']"}
RESULT: {"using":"xpath","value":"//*[text()='Provide to site']"}
COMMAND: POST /session/885acd6bfe44f64c6e2485c8ef54779e/elements - {"using":"xpath","value":"//*[text()='Provide to site']"}
RESULT: {"using":"xpath","value":"//*[text()='Provide to site']"}
COMMAND: POST /session/885acd6bfe44f64c6e2485c8ef54779e/elements - {"using":"xpath","value":"//*[text()='Provide to site']"}
RESULT: {"using":"xpath","value":"//*[text()='Provide to site']"}
COMMAND: POST /session/885acd6bfe44f64c6e2485c8ef54779e/elements - {"using":"xpath","value":"//*[text()='Provide to site']"}
RESULT: {"using":"xpath","value":"//*[text()='Provide to site']"}
COMMAND: POST /session/885acd6bfe44f64c6e2485c8ef54779e/elements - {"using":"xpath","value":"//*[text()='Provide to site']"}
RESULT: {"using":"xpath","value":"//*[text()='Provide to site']"}
COMMAND: POST /session/885acd6bfe44f64c6e2485c8ef54779e/elements - {"using":"xpath","value":"//*[text()='Provide to site']"}
RESULT: {"using":"xpath","value":"//*[text()='Provide to site']"}
COMMAND: POST /session/885acd6bfe44f64c6e2485c8ef54779e/elements - {"using":"xpath","value":"//*[text()='Provide to site']"}
RESULT: {"using":"xpath","value":"//*[text()='Provide to site']"}
COMMAND: POST /session/885acd6bfe44f64c6e2485c8ef54779e/elements - {"using":"xpath","value":"//*[text()='Provide to site']"}
RESULT: {"using":"xpath","value":"//*[text()='Provide to site']"}
COMMAND: POST /session/885acd6bfe44f64c6e2485c8ef54779e/elements - {"using":"xpath","value":"//*[text()='Provide to site']"}
RESULT: {"using":"xpath","value":"//*[text()='Provide to site']"}
COMMAND: POST /session/885acd6bfe44f64c6e2485c8ef54779e/elements - {"using":"xpath","value":"//*[text()='Provide to site']"}
RESULT: {"using":"xpath","value":"//*[text()='Provide to site']"}
COMMAND: POST /session/885acd6bfe44f64c6e2485c8ef54779e/elements - {"using":"xpath","value":"//*[text()='Provide to site']"}
RESULT: {"using":"xpath","value":"//*[text()='Provide to site']"}
COMMAND: POST /session/885acd6bfe44f64c6e2485c8ef54779e/elements - {"using":"xpath","value":"//*[text()='Provide to site']"}
RESULT: {"using":"xpath","value":"//*[text()='Provide to site']"}
COMMAND: POST /session/885acd6bfe44f64c6e2485c8ef54779e/elements - {"using":"xpath","value":"//*[text()='Provide to site']"}
RESULT: {"using":"xpath","value":"//*[text()='Provide to site']"}
COMMAND: POST /session/885acd6bfe44f64c6e2485c8ef54779e/elements - {"using":"xpath","value":"//*[text()='Provide to site']"}
RESULT: {"using":"xpath","value":"//*[text()='Provide to site']"}
COMMAND: POST /session/885acd6bfe44f64c6e2485c8ef54779e/elements - {"using":"xpath","value":"//*[text()='Provide to site']"}
RESULT: {"using":"xpath","value":"//*[text()='Provide to site']"}
COMMAND: POST /session/885acd6bfe44f64c6e2485c8ef54779e/elements - {"using":"xpath","value":"//*[text()='Provide to site']"}
RESULT: {"using":"xpath","value":"//*[text()='Provide to site']"}
COMMAND: POST /session/885acd6bfe44f64c6e2485c8ef54779e/elements - {"using":"xpath","value":"//*[text()='Provide to site']"}
RESULT: {"using":"xpath","value":"//*[text()='Provide to site']"}
COMMAND: POST /session/885acd6bfe44f64c6e2485c8ef54779e/elements - {"using":"xpath","value":"//*[text()='Provide to site']"}
RESULT: {"using":"xpath","value":"//*[text()='Provide to site']"}
COMMAND: POST /session/885acd6bfe44f64c6e2485c8ef54779e/elements - {"using":"xpath","value":"//*[text()='Provide to site']"}
RESULT: {"using":"xpath","value":"//*[text()='Provide to site']"}
COMMAND: POST /session/885acd6bfe44f64c6e2485c8ef54779e/elements - {"using":"xpath","value":"//*[text()='Provide to site']"}
RESULT: {"using":"xpath","value":"//*[text()='Provide to site']"}
COMMAND: POST /session/885acd6bfe44f64c6e2485c8ef54779e/elements - {"using":"xpath","value":"//*[text()='Provide to site']"}
RESULT: {"using":"xpath","value":"//*[text()='Provide to site']"}
COMMAND: POST /session/885acd6bfe44f64c6e2485c8ef54779e/elements - {"using":"xpath","value":"//*[text()='Provide to site']"}
RESULT: {"using":"xpath","value":"//*[text()='Provide to site']"}
COMMAND: POST /session/885acd6bfe44f64c6e2485c8ef54779e/elements - {"using":"xpath","value":"//*[text()='Provide to site']"}
RESULT: {"using":"xpath","value":"//*[text()='Provide to site']"}
COMMAND: POST /session/885acd6bfe44f64c6e2485c8ef54779e/elements - {"using":"xpath","value":"//*[text()='Provide to site']"}
RESULT: {"using":"xpath","value":"//*[text()='Provide to site']"}
COMMAND: POST /session/885acd6bfe44f64c6e2485c8ef54779e/elements - {"using":"xpath","value":"//*[text()='Provide to site']"}
RESULT: {"using":"xpath","value":"//*[text()='Provide to site']"}
COMMAND: POST /session/885acd6bfe44f64c6e2485c8ef54779e/elements - {"using":"xpath","value":"//*[text()='Provide to site']"}
RESULT: {"using":"xpath","value":"//*[text()='Provide to site']"}
COMMAND: POST /session/885acd6bfe44f64c6e2485c8ef54779e/elements - {"using":"xpath","value":"//*[text()='Provide to site']"}
RESULT: {"using":"xpath","value":"//*[text()='Provide to site']"}
COMMAND: POST /session/885acd6bfe44f64c6e2485c8ef54779e/elements - {"using":"xpath","value":"//*[text()='Provide to site']"}
RESULT: {"using":"xpath","value":"//*[text()='Provide to site']"}
COMMAND: POST /session/885acd6bfe44f64c6e2485c8ef54779e/elements - {"using":"xpath","value":"//*[text()='Provide to site']"}
RESULT: {"using":"xpath","value":"//*[text()='Provide to site']"}
COMMAND: POST /session/885acd6bfe44f64c6e2485c8ef54779e/elements - {"using":"xpath","value":"//*[text()='Provide to site']"}
RESULT: {"using":"xpath","value":"//*[text()='Provide to site']"}
COMMAND: POST /session/885acd6bfe44f64c6e2485c8ef54779e/elements - {"using":"xpath","value":"//*[text()='Provide to site']"}
RESULT: {"using":"xpath","value":"//*[text()='Provide to site']"}
COMMAND: POST /session/885acd6bfe44f64c6e2485c8ef54779e/elements - {"using":"xpath","value":"//*[text()='Provide to site']"}
RESULT: {"using":"xpath","value":"//*[text()='Provide to site']"}
COMMAND: POST /session/885acd6bfe44f64c6e2485c8ef54779e/elements - {"using":"xpath","value":"//*[text()='Provide to site']"}
RESULT: {"using":"xpath","value":"//*[text()='Provide to site']"}
COMMAND: POST /session/885acd6bfe44f64c6e2485c8ef54779e/elements - {"using":"xpath","value":"//*[text()='Provide to site']"}
RESULT: {"using":"xpath","value":"//*[text()='Provide to site']"}
COMMAND: POST /session/885acd6bfe44f64c6e2485c8ef54779e/elements - {"using":"xpath","value":"//*[text()='Provide to site']"}
RESULT: {"using":"xpath","value":"//*[text()='Provide to site']"}
COMMAND: POST /session/885acd6bfe44f64c6e2485c8ef54779e/elements - {"using":"xpath","value":"//*[text()='Provide to site']"}
RESULT: {"using":"xpath","value":"//*[text()='Provide to site']"}
COMMAND: POST /session/885acd6bfe44f64c6e2485c8ef54779e/elements - {"using":"xpath","value":"//*[text()='Provide to site']"}
RESULT: {"using":"xpath","value":"//*[text()='Provide to site']"}
COMMAND: POST /session/885acd6bfe44f64c6e2485c8ef54779e/elements - {"using":"xpath","value":"//*[text()='Provide to site']"}
RESULT: {"using":"xpath","value":"//*[text()='Provide to site']"}
COMMAND: POST /session/885acd6bfe44f64c6e2485c8ef54779e/elements - {"using":"xpath","value":"//*[text()='Provide to site']"}
RESULT: {"using":"xpath","value":"//*[text()='Provide to site']"}
COMMAND: POST /session/885acd6bfe44f64c6e2485c8ef54779e/elements - {"using":"xpath","value":"//*[text()='Provide to site']"}
RESULT: {"using":"xpath","value":"//*[text()='Provide to site']"}
COMMAND: POST /session/885acd6bfe44f64c6e2485c8ef54779e/elements - {"using":"xpath","value":"//*[text()='Provide to site']"}
RESULT: {"using":"xpath","value":"//*[text()='Provide to site']"}
COMMAND: POST /session/885acd6bfe44f64c6e2485c8ef54779e/elements - {"using":"xpath","value":"//*[text()='Provide to site']"}
RESULT: {"using":"xpath","value":"//*[text()='Provide to site']"}
COMMAND: POST /session/885acd6bfe44f64c6e2485c8ef54779e/elements - {"using":"xpath","value":"//*[text()='Provide to site']"}
RESULT: {"using":"xpath","value":"//*[text()='Provide to site']"}
COMMAND: POST /session/885acd6bfe44f64c6e2485c8ef54779e/elements - {"using":"xpath","value":"//*[text()='Provide to site']"}
RESULT: {"using":"xpath","value":"//*[text()='Provide to site']"}
COMMAND: POST /session/885acd6bfe44f64c6e2485c8ef54779e/elements - {"using":"xpath","value":"//*[text()='Provide to site']"}
RESULT: {"using":"xpath","value":"//*[text()='Provide to site']"}
COMMAND: POST /session/885acd6bfe44f64c6e2485c8ef54779e/elements - {"using":"xpath","value":"//*[text()='Provide to site']"}
RESULT: {"using":"xpath","value":"//*[text()='Provide to site']"}
COMMAND: POST /session/885acd6bfe44f64c6e2485c8ef54779e/elements - {"using":"xpath","value":"//*[text()='Provide to site']"}
RESULT: {"using":"xpath","value":"//*[text()='Provide to site']"}
COMMAND: POST /session/885acd6bfe44f64c6e2485c8ef54779e/elements - {"using":"xpath","value":"//*[text()='Provide to site']"}
RESULT: {"using":"xpath","value":"//*[text()='Provide to site']"}
COMMAND: POST /session/885acd6bfe44f64c6e2485c8ef54779e/elements - {"using":"xpath","value":"//*[text()='Provide to site']"}
RESULT: {"using":"xpath","value":"//*[text()='Provide to site']"}
COMMAND: POST /session/885acd6bfe44f64c6e2485c8ef54779e/elements - {"using":"xpath","value":"//*[text()='Provide to site']"}
RESULT: {"using":"xpath","value":"//*[text()='Provide to site']"}
COMMAND: POST /session/885acd6bfe44f64c6e2485c8ef54779e/elements - {"using":"xpath","value":"//*[text()='Provide to site']"}
RESULT: {"using":"xpath","value":"//*[text()='Provide to site']"}
COMMAND: POST /session/885acd6bfe44f64c6e2485c8ef54779e/elements - {"using":"xpath","value":"//*[text()='Provide to site']"}
RESULT: {"using":"xpath","value":"//*[text()='Provide to site']"}
COMMAND: POST /session/885acd6bfe44f64c6e2485c8ef54779e/elements - {"using":"xpath","value":"//*[text()='Provide to site']"}
RESULT: {"using":"xpath","value":"//*[text()='Provide to site']"}
COMMAND: POST /session/885acd6bfe44f64c6e2485c8ef54779e/elements - {"using":"xpath","value":"//*[text()='Provide to site']"}
RESULT: {"using":"xpath","value":"//*[text()='Provide to site']"}
COMMAND: POST /session/885acd6bfe44f64c6e2485c8ef54779e/elements - {"using":"xpath","value":"//*[text()='Provide to site']"}
RESULT: {"using":"xpath","value":"//*[text()='Provide to site']"}
COMMAND: POST /session/885acd6bfe44f64c6e2485c8ef54779e/elements - {"using":"xpath","value":"//*[text()='Provide to site']"}
RESULT: {"using":"xpath","value":"//*[text()='Provide to site']"}
COMMAND: POST /session/885acd6bfe44f64c6e2485c8ef54779e/elements - {"using":"xpath","value":"//*[text()='Provide to site']"}
COMMAND: POST /session/885acd6bfe44f64c6e2485c8ef54779e/elements - {"using":"xpath","value":"//*[text()='provide (received)']"}
RESULT: {"using":"xpath","value":"//*[text()='Provide to site']"}
RESULT: {"using":"xpath","value":"//*[text()='provide (received)']"}
]]></system-out>
    </testcase>
    <testcase classname="chrome.135_0_7049_96.windows.Provide_to_Site_w/o_warehouse_management_wo_clarification" name="Should Test for Handover Execution" time="250.909">
      <system-out><![CDATA[
COMMAND: POST /session/885acd6bfe44f64c6e2485c8ef54779e/element - {"using":"xpath","value":"//*[text()='false']"}
RESULT: {"using":"xpath","value":"//*[text()='false']"}
COMMAND: GET /session/885acd6bfe44f64c6e2485c8ef54779e/element/f.F53CD083946FCE278F3961FDA51ABBA8.d.4F4A28E60AE4244F19D8780A68A8C637.e.15532/enabled - {}
RESULT: {}
COMMAND: POST /session/885acd6bfe44f64c6e2485c8ef54779e/execute/sync - {"script":"<script> [8489 bytes]","args":[{"element-6066-11e4-a52e-4f735466cecf":"f.F53CD083946FCE278F3961FDA51ABBA8.d.4F4A28E60AE4244F19D8780A68A8C637.e.15532","ELEMENT":"f.F53CD083946FCE278F3961FDA51ABBA8.d.4F4A28E60AE4244F19D8780A68A8C637.e.15532"}]}
COMMAND: GET /session/885acd6bfe44f64c6e2485c8ef54779e/screenshot - {}
RESULT: {"script":"<script> [8489 bytes]","args":[{"element-6066-11e4-a52e-4f735466cecf":"f.F53CD083946FCE278F3961FDA51ABBA8.d.4F4A28E60AE4244F19D8780A68A8C637.e.15532","ELEMENT":"f.F53CD083946FCE278F3961FDA51ABBA8.d.4F4A28E60AE4244F19D8780A68A8C637.e.15532"}]}
COMMAND: POST /session/885acd6bfe44f64c6e2485c8ef54779e/execute/sync - {"script":"<script> [5351 bytes]","args":[{"element-6066-11e4-a52e-4f735466cecf":"f.F53CD083946FCE278F3961FDA51ABBA8.d.4F4A28E60AE4244F19D8780A68A8C637.e.15532","ELEMENT":"f.F53CD083946FCE278F3961FDA51ABBA8.d.4F4A28E60AE4244F19D8780A68A8C637.e.15532"}]}
COMMAND: GET /session/885acd6bfe44f64c6e2485c8ef54779e/screenshot - {}
RESULT: {}
RESULT: {"script":"<script> [5351 bytes]","args":[{"element-6066-11e4-a52e-4f735466cecf":"f.F53CD083946FCE278F3961FDA51ABBA8.d.4F4A28E60AE4244F19D8780A68A8C637.e.15532","ELEMENT":"f.F53CD083946FCE278F3961FDA51ABBA8.d.4F4A28E60AE4244F19D8780A68A8C637.e.15532"}]}
COMMAND: POST /session/885acd6bfe44f64c6e2485c8ef54779e/element/f.F53CD083946FCE278F3961FDA51ABBA8.d.4F4A28E60AE4244F19D8780A68A8C637.e.15532/click - {}
COMMAND: GET /session/885acd6bfe44f64c6e2485c8ef54779e/screenshot - {}
RESULT: {}
RESULT: {}
COMMAND: POST /session/885acd6bfe44f64c6e2485c8ef54779e/element - {"using":"xpath","value":"//span[text()='Provide to site - Completed']"}
COMMAND: GET /session/885acd6bfe44f64c6e2485c8ef54779e/screenshot - {}
RESULT: {}
RESULT: {"using":"xpath","value":"//span[text()='Provide to site - Completed']"}
COMMAND: GET /session/885acd6bfe44f64c6e2485c8ef54779e/element/f.F53CD083946FCE278F3961FDA51ABBA8.d.4F4A28E60AE4244F19D8780A68A8C637.e.15569/enabled - {}
RESULT: {}
RESULT: {}
COMMAND: POST /session/885acd6bfe44f64c6e2485c8ef54779e/execute/sync - {"script":"<script> [8489 bytes]","args":[{"element-6066-11e4-a52e-4f735466cecf":"f.F53CD083946FCE278F3961FDA51ABBA8.d.4F4A28E60AE4244F19D8780A68A8C637.e.15569","ELEMENT":"f.F53CD083946FCE278F3961FDA51ABBA8.d.4F4A28E60AE4244F19D8780A68A8C637.e.15569"}]}
COMMAND: GET /session/885acd6bfe44f64c6e2485c8ef54779e/screenshot - {}
RESULT: {"script":"<script> [8489 bytes]","args":[{"element-6066-11e4-a52e-4f735466cecf":"f.F53CD083946FCE278F3961FDA51ABBA8.d.4F4A28E60AE4244F19D8780A68A8C637.e.15569","ELEMENT":"f.F53CD083946FCE278F3961FDA51ABBA8.d.4F4A28E60AE4244F19D8780A68A8C637.e.15569"}]}
COMMAND: GET /session/885acd6bfe44f64c6e2485c8ef54779e/screenshot - {}
RESULT: {}
RESULT: {}
COMMAND: POST /session/885acd6bfe44f64c6e2485c8ef54779e/execute/sync - {"script":"<script> [8489 bytes]","args":[{"element-6066-11e4-a52e-4f735466cecf":"f.F53CD083946FCE278F3961FDA51ABBA8.d.4F4A28E60AE4244F19D8780A68A8C637.e.15569","ELEMENT":"f.F53CD083946FCE278F3961FDA51ABBA8.d.4F4A28E60AE4244F19D8780A68A8C637.e.15569"}]}
RESULT: {"script":"<script> [8489 bytes]","args":[{"element-6066-11e4-a52e-4f735466cecf":"f.F53CD083946FCE278F3961FDA51ABBA8.d.4F4A28E60AE4244F19D8780A68A8C637.e.15569","ELEMENT":"f.F53CD083946FCE278F3961FDA51ABBA8.d.4F4A28E60AE4244F19D8780A68A8C637.e.15569"}]}
COMMAND: GET /session/885acd6bfe44f64c6e2485c8ef54779e/screenshot - {}
RESULT: {}
COMMAND: POST /session/885acd6bfe44f64c6e2485c8ef54779e/execute/sync - {"script":"<script> [8489 bytes]","args":[{"element-6066-11e4-a52e-4f735466cecf":"f.F53CD083946FCE278F3961FDA51ABBA8.d.4F4A28E60AE4244F19D8780A68A8C637.e.15569","ELEMENT":"f.F53CD083946FCE278F3961FDA51ABBA8.d.4F4A28E60AE4244F19D8780A68A8C637.e.15569"}]}
RESULT: {"script":"<script> [8489 bytes]","args":[{"element-6066-11e4-a52e-4f735466cecf":"f.F53CD083946FCE278F3961FDA51ABBA8.d.4F4A28E60AE4244F19D8780A68A8C637.e.15569","ELEMENT":"f.F53CD083946FCE278F3961FDA51ABBA8.d.4F4A28E60AE4244F19D8780A68A8C637.e.15569"}]}
COMMAND: GET /session/885acd6bfe44f64c6e2485c8ef54779e/screenshot - {}
RESULT: {}
COMMAND: POST /session/885acd6bfe44f64c6e2485c8ef54779e/execute/sync - {"script":"<script> [8489 bytes]","args":[{"element-6066-11e4-a52e-4f735466cecf":"f.F53CD083946FCE278F3961FDA51ABBA8.d.4F4A28E60AE4244F19D8780A68A8C637.e.15569","ELEMENT":"f.F53CD083946FCE278F3961FDA51ABBA8.d.4F4A28E60AE4244F19D8780A68A8C637.e.15569"}]}
RESULT: {"script":"<script> [8489 bytes]","args":[{"element-6066-11e4-a52e-4f735466cecf":"f.F53CD083946FCE278F3961FDA51ABBA8.d.4F4A28E60AE4244F19D8780A68A8C637.e.15569","ELEMENT":"f.F53CD083946FCE278F3961FDA51ABBA8.d.4F4A28E60AE4244F19D8780A68A8C637.e.15569"}]}
COMMAND: GET /session/885acd6bfe44f64c6e2485c8ef54779e/screenshot - {}
RESULT: {}
COMMAND: POST /session/885acd6bfe44f64c6e2485c8ef54779e/execute/sync - {"script":"<script> [8489 bytes]","args":[{"element-6066-11e4-a52e-4f735466cecf":"f.F53CD083946FCE278F3961FDA51ABBA8.d.4F4A28E60AE4244F19D8780A68A8C637.e.15569","ELEMENT":"f.F53CD083946FCE278F3961FDA51ABBA8.d.4F4A28E60AE4244F19D8780A68A8C637.e.15569"}]}
RESULT: {"script":"<script> [8489 bytes]","args":[{"element-6066-11e4-a52e-4f735466cecf":"f.F53CD083946FCE278F3961FDA51ABBA8.d.4F4A28E60AE4244F19D8780A68A8C637.e.15569","ELEMENT":"f.F53CD083946FCE278F3961FDA51ABBA8.d.4F4A28E60AE4244F19D8780A68A8C637.e.15569"}]}
COMMAND: GET /session/885acd6bfe44f64c6e2485c8ef54779e/screenshot - {}
RESULT: {}
COMMAND: POST /session/885acd6bfe44f64c6e2485c8ef54779e/execute/sync - {"script":"<script> [8489 bytes]","args":[{"element-6066-11e4-a52e-4f735466cecf":"f.F53CD083946FCE278F3961FDA51ABBA8.d.4F4A28E60AE4244F19D8780A68A8C637.e.15569","ELEMENT":"f.F53CD083946FCE278F3961FDA51ABBA8.d.4F4A28E60AE4244F19D8780A68A8C637.e.15569"}]}
RESULT: {"script":"<script> [8489 bytes]","args":[{"element-6066-11e4-a52e-4f735466cecf":"f.F53CD083946FCE278F3961FDA51ABBA8.d.4F4A28E60AE4244F19D8780A68A8C637.e.15569","ELEMENT":"f.F53CD083946FCE278F3961FDA51ABBA8.d.4F4A28E60AE4244F19D8780A68A8C637.e.15569"}]}
COMMAND: GET /session/885acd6bfe44f64c6e2485c8ef54779e/screenshot - {}
RESULT: {}
COMMAND: POST /session/885acd6bfe44f64c6e2485c8ef54779e/execute/sync - {"script":"<script> [8489 bytes]","args":[{"element-6066-11e4-a52e-4f735466cecf":"f.F53CD083946FCE278F3961FDA51ABBA8.d.4F4A28E60AE4244F19D8780A68A8C637.e.15569","ELEMENT":"f.F53CD083946FCE278F3961FDA51ABBA8.d.4F4A28E60AE4244F19D8780A68A8C637.e.15569"}]}
RESULT: {"script":"<script> [8489 bytes]","args":[{"element-6066-11e4-a52e-4f735466cecf":"f.F53CD083946FCE278F3961FDA51ABBA8.d.4F4A28E60AE4244F19D8780A68A8C637.e.15569","ELEMENT":"f.F53CD083946FCE278F3961FDA51ABBA8.d.4F4A28E60AE4244F19D8780A68A8C637.e.15569"}]}
COMMAND: GET /session/885acd6bfe44f64c6e2485c8ef54779e/screenshot - {}
RESULT: {}
COMMAND: POST /session/885acd6bfe44f64c6e2485c8ef54779e/execute/sync - {"script":"<script> [8489 bytes]","args":[{"element-6066-11e4-a52e-4f735466cecf":"f.F53CD083946FCE278F3961FDA51ABBA8.d.4F4A28E60AE4244F19D8780A68A8C637.e.15569","ELEMENT":"f.F53CD083946FCE278F3961FDA51ABBA8.d.4F4A28E60AE4244F19D8780A68A8C637.e.15569"}]}
RESULT: {"script":"<script> [8489 bytes]","args":[{"element-6066-11e4-a52e-4f735466cecf":"f.F53CD083946FCE278F3961FDA51ABBA8.d.4F4A28E60AE4244F19D8780A68A8C637.e.15569","ELEMENT":"f.F53CD083946FCE278F3961FDA51ABBA8.d.4F4A28E60AE4244F19D8780A68A8C637.e.15569"}]}
COMMAND: GET /session/885acd6bfe44f64c6e2485c8ef54779e/screenshot - {}
RESULT: {}
COMMAND: POST /session/885acd6bfe44f64c6e2485c8ef54779e/execute/sync - {"script":"<script> [8489 bytes]","args":[{"element-6066-11e4-a52e-4f735466cecf":"f.F53CD083946FCE278F3961FDA51ABBA8.d.4F4A28E60AE4244F19D8780A68A8C637.e.15569","ELEMENT":"f.F53CD083946FCE278F3961FDA51ABBA8.d.4F4A28E60AE4244F19D8780A68A8C637.e.15569"}]}
RESULT: {"script":"<script> [8489 bytes]","args":[{"element-6066-11e4-a52e-4f735466cecf":"f.F53CD083946FCE278F3961FDA51ABBA8.d.4F4A28E60AE4244F19D8780A68A8C637.e.15569","ELEMENT":"f.F53CD083946FCE278F3961FDA51ABBA8.d.4F4A28E60AE4244F19D8780A68A8C637.e.15569"}]}
COMMAND: GET /session/885acd6bfe44f64c6e2485c8ef54779e/screenshot - {}
RESULT: {}
COMMAND: POST /session/885acd6bfe44f64c6e2485c8ef54779e/execute/sync - {"script":"<script> [8489 bytes]","args":[{"element-6066-11e4-a52e-4f735466cecf":"f.F53CD083946FCE278F3961FDA51ABBA8.d.4F4A28E60AE4244F19D8780A68A8C637.e.15569","ELEMENT":"f.F53CD083946FCE278F3961FDA51ABBA8.d.4F4A28E60AE4244F19D8780A68A8C637.e.15569"}]}
RESULT: {"script":"<script> [8489 bytes]","args":[{"element-6066-11e4-a52e-4f735466cecf":"f.F53CD083946FCE278F3961FDA51ABBA8.d.4F4A28E60AE4244F19D8780A68A8C637.e.15569","ELEMENT":"f.F53CD083946FCE278F3961FDA51ABBA8.d.4F4A28E60AE4244F19D8780A68A8C637.e.15569"}]}
COMMAND: GET /session/885acd6bfe44f64c6e2485c8ef54779e/screenshot - {}
RESULT: {}
COMMAND: POST /session/885acd6bfe44f64c6e2485c8ef54779e/execute/sync - {"script":"<script> [8489 bytes]","args":[{"element-6066-11e4-a52e-4f735466cecf":"f.F53CD083946FCE278F3961FDA51ABBA8.d.4F4A28E60AE4244F19D8780A68A8C637.e.15569","ELEMENT":"f.F53CD083946FCE278F3961FDA51ABBA8.d.4F4A28E60AE4244F19D8780A68A8C637.e.15569"}]}
RESULT: {"script":"<script> [8489 bytes]","args":[{"element-6066-11e4-a52e-4f735466cecf":"f.F53CD083946FCE278F3961FDA51ABBA8.d.4F4A28E60AE4244F19D8780A68A8C637.e.15569","ELEMENT":"f.F53CD083946FCE278F3961FDA51ABBA8.d.4F4A28E60AE4244F19D8780A68A8C637.e.15569"}]}
COMMAND: GET /session/885acd6bfe44f64c6e2485c8ef54779e/screenshot - {}
RESULT: {}
COMMAND: POST /session/885acd6bfe44f64c6e2485c8ef54779e/execute/sync - {"script":"<script> [8489 bytes]","args":[{"element-6066-11e4-a52e-4f735466cecf":"f.F53CD083946FCE278F3961FDA51ABBA8.d.4F4A28E60AE4244F19D8780A68A8C637.e.15569","ELEMENT":"f.F53CD083946FCE278F3961FDA51ABBA8.d.4F4A28E60AE4244F19D8780A68A8C637.e.15569"}]}
RESULT: {"script":"<script> [8489 bytes]","args":[{"element-6066-11e4-a52e-4f735466cecf":"f.F53CD083946FCE278F3961FDA51ABBA8.d.4F4A28E60AE4244F19D8780A68A8C637.e.15569","ELEMENT":"f.F53CD083946FCE278F3961FDA51ABBA8.d.4F4A28E60AE4244F19D8780A68A8C637.e.15569"}]}
COMMAND: GET /session/885acd6bfe44f64c6e2485c8ef54779e/screenshot - {}
RESULT: {}
COMMAND: POST /session/885acd6bfe44f64c6e2485c8ef54779e/execute/sync - {"script":"<script> [8489 bytes]","args":[{"element-6066-11e4-a52e-4f735466cecf":"f.F53CD083946FCE278F3961FDA51ABBA8.d.4F4A28E60AE4244F19D8780A68A8C637.e.15569","ELEMENT":"f.F53CD083946FCE278F3961FDA51ABBA8.d.4F4A28E60AE4244F19D8780A68A8C637.e.15569"}]}
RESULT: {"script":"<script> [8489 bytes]","args":[{"element-6066-11e4-a52e-4f735466cecf":"f.F53CD083946FCE278F3961FDA51ABBA8.d.4F4A28E60AE4244F19D8780A68A8C637.e.15569","ELEMENT":"f.F53CD083946FCE278F3961FDA51ABBA8.d.4F4A28E60AE4244F19D8780A68A8C637.e.15569"}]}
COMMAND: GET /session/885acd6bfe44f64c6e2485c8ef54779e/screenshot - {}
RESULT: {}
COMMAND: POST /session/885acd6bfe44f64c6e2485c8ef54779e/execute/sync - {"script":"<script> [8489 bytes]","args":[{"element-6066-11e4-a52e-4f735466cecf":"f.F53CD083946FCE278F3961FDA51ABBA8.d.4F4A28E60AE4244F19D8780A68A8C637.e.15569","ELEMENT":"f.F53CD083946FCE278F3961FDA51ABBA8.d.4F4A28E60AE4244F19D8780A68A8C637.e.15569"}]}
RESULT: {"script":"<script> [8489 bytes]","args":[{"element-6066-11e4-a52e-4f735466cecf":"f.F53CD083946FCE278F3961FDA51ABBA8.d.4F4A28E60AE4244F19D8780A68A8C637.e.15569","ELEMENT":"f.F53CD083946FCE278F3961FDA51ABBA8.d.4F4A28E60AE4244F19D8780A68A8C637.e.15569"}]}
COMMAND: GET /session/885acd6bfe44f64c6e2485c8ef54779e/screenshot - {}
RESULT: {}
COMMAND: POST /session/885acd6bfe44f64c6e2485c8ef54779e/execute/sync - {"script":"<script> [8489 bytes]","args":[{"element-6066-11e4-a52e-4f735466cecf":"f.F53CD083946FCE278F3961FDA51ABBA8.d.4F4A28E60AE4244F19D8780A68A8C637.e.15569","ELEMENT":"f.F53CD083946FCE278F3961FDA51ABBA8.d.4F4A28E60AE4244F19D8780A68A8C637.e.15569"}]}
RESULT: {"script":"<script> [8489 bytes]","args":[{"element-6066-11e4-a52e-4f735466cecf":"f.F53CD083946FCE278F3961FDA51ABBA8.d.4F4A28E60AE4244F19D8780A68A8C637.e.15569","ELEMENT":"f.F53CD083946FCE278F3961FDA51ABBA8.d.4F4A28E60AE4244F19D8780A68A8C637.e.15569"}]}
COMMAND: GET /session/885acd6bfe44f64c6e2485c8ef54779e/screenshot - {}
RESULT: {}
COMMAND: POST /session/885acd6bfe44f64c6e2485c8ef54779e/execute/sync - {"script":"<script> [8489 bytes]","args":[{"element-6066-11e4-a52e-4f735466cecf":"f.F53CD083946FCE278F3961FDA51ABBA8.d.4F4A28E60AE4244F19D8780A68A8C637.e.15569","ELEMENT":"f.F53CD083946FCE278F3961FDA51ABBA8.d.4F4A28E60AE4244F19D8780A68A8C637.e.15569"}]}
RESULT: {"script":"<script> [8489 bytes]","args":[{"element-6066-11e4-a52e-4f735466cecf":"f.F53CD083946FCE278F3961FDA51ABBA8.d.4F4A28E60AE4244F19D8780A68A8C637.e.15569","ELEMENT":"f.F53CD083946FCE278F3961FDA51ABBA8.d.4F4A28E60AE4244F19D8780A68A8C637.e.15569"}]}
COMMAND: GET /session/885acd6bfe44f64c6e2485c8ef54779e/screenshot - {}
RESULT: {}
COMMAND: POST /session/885acd6bfe44f64c6e2485c8ef54779e/execute/sync - {"script":"<script> [8489 bytes]","args":[{"element-6066-11e4-a52e-4f735466cecf":"f.F53CD083946FCE278F3961FDA51ABBA8.d.4F4A28E60AE4244F19D8780A68A8C637.e.15569","ELEMENT":"f.F53CD083946FCE278F3961FDA51ABBA8.d.4F4A28E60AE4244F19D8780A68A8C637.e.15569"}]}
RESULT: {"script":"<script> [8489 bytes]","args":[{"element-6066-11e4-a52e-4f735466cecf":"f.F53CD083946FCE278F3961FDA51ABBA8.d.4F4A28E60AE4244F19D8780A68A8C637.e.15569","ELEMENT":"f.F53CD083946FCE278F3961FDA51ABBA8.d.4F4A28E60AE4244F19D8780A68A8C637.e.15569"}]}
COMMAND: GET /session/885acd6bfe44f64c6e2485c8ef54779e/screenshot - {}
RESULT: {}
COMMAND: POST /session/885acd6bfe44f64c6e2485c8ef54779e/execute/sync - {"script":"<script> [8489 bytes]","args":[{"element-6066-11e4-a52e-4f735466cecf":"f.F53CD083946FCE278F3961FDA51ABBA8.d.4F4A28E60AE4244F19D8780A68A8C637.e.15569","ELEMENT":"f.F53CD083946FCE278F3961FDA51ABBA8.d.4F4A28E60AE4244F19D8780A68A8C637.e.15569"}]}
RESULT: {"script":"<script> [8489 bytes]","args":[{"element-6066-11e4-a52e-4f735466cecf":"f.F53CD083946FCE278F3961FDA51ABBA8.d.4F4A28E60AE4244F19D8780A68A8C637.e.15569","ELEMENT":"f.F53CD083946FCE278F3961FDA51ABBA8.d.4F4A28E60AE4244F19D8780A68A8C637.e.15569"}]}
COMMAND: GET /session/885acd6bfe44f64c6e2485c8ef54779e/screenshot - {}
RESULT: {}
COMMAND: POST /session/885acd6bfe44f64c6e2485c8ef54779e/execute/sync - {"script":"<script> [8489 bytes]","args":[{"element-6066-11e4-a52e-4f735466cecf":"f.F53CD083946FCE278F3961FDA51ABBA8.d.4F4A28E60AE4244F19D8780A68A8C637.e.15569","ELEMENT":"f.F53CD083946FCE278F3961FDA51ABBA8.d.4F4A28E60AE4244F19D8780A68A8C637.e.15569"}]}
RESULT: {"script":"<script> [8489 bytes]","args":[{"element-6066-11e4-a52e-4f735466cecf":"f.F53CD083946FCE278F3961FDA51ABBA8.d.4F4A28E60AE4244F19D8780A68A8C637.e.15569","ELEMENT":"f.F53CD083946FCE278F3961FDA51ABBA8.d.4F4A28E60AE4244F19D8780A68A8C637.e.15569"}]}
COMMAND: GET /session/885acd6bfe44f64c6e2485c8ef54779e/screenshot - {}
RESULT: {}
COMMAND: POST /session/885acd6bfe44f64c6e2485c8ef54779e/execute/sync - {"script":"<script> [8489 bytes]","args":[{"element-6066-11e4-a52e-4f735466cecf":"f.F53CD083946FCE278F3961FDA51ABBA8.d.4F4A28E60AE4244F19D8780A68A8C637.e.15569","ELEMENT":"f.F53CD083946FCE278F3961FDA51ABBA8.d.4F4A28E60AE4244F19D8780A68A8C637.e.15569"}]}
RESULT: {"script":"<script> [8489 bytes]","args":[{"element-6066-11e4-a52e-4f735466cecf":"f.F53CD083946FCE278F3961FDA51ABBA8.d.4F4A28E60AE4244F19D8780A68A8C637.e.15569","ELEMENT":"f.F53CD083946FCE278F3961FDA51ABBA8.d.4F4A28E60AE4244F19D8780A68A8C637.e.15569"}]}
COMMAND: GET /session/885acd6bfe44f64c6e2485c8ef54779e/screenshot - {}
RESULT: {}
COMMAND: POST /session/885acd6bfe44f64c6e2485c8ef54779e/execute/sync - {"script":"<script> [8489 bytes]","args":[{"element-6066-11e4-a52e-4f735466cecf":"f.F53CD083946FCE278F3961FDA51ABBA8.d.4F4A28E60AE4244F19D8780A68A8C637.e.15569","ELEMENT":"f.F53CD083946FCE278F3961FDA51ABBA8.d.4F4A28E60AE4244F19D8780A68A8C637.e.15569"}]}
RESULT: {"script":"<script> [8489 bytes]","args":[{"element-6066-11e4-a52e-4f735466cecf":"f.F53CD083946FCE278F3961FDA51ABBA8.d.4F4A28E60AE4244F19D8780A68A8C637.e.15569","ELEMENT":"f.F53CD083946FCE278F3961FDA51ABBA8.d.4F4A28E60AE4244F19D8780A68A8C637.e.15569"}]}
COMMAND: GET /session/885acd6bfe44f64c6e2485c8ef54779e/screenshot - {}
RESULT: {}
COMMAND: POST /session/885acd6bfe44f64c6e2485c8ef54779e/execute/sync - {"script":"<script> [8489 bytes]","args":[{"element-6066-11e4-a52e-4f735466cecf":"f.F53CD083946FCE278F3961FDA51ABBA8.d.4F4A28E60AE4244F19D8780A68A8C637.e.15569","ELEMENT":"f.F53CD083946FCE278F3961FDA51ABBA8.d.4F4A28E60AE4244F19D8780A68A8C637.e.15569"}]}
RESULT: {"script":"<script> [8489 bytes]","args":[{"element-6066-11e4-a52e-4f735466cecf":"f.F53CD083946FCE278F3961FDA51ABBA8.d.4F4A28E60AE4244F19D8780A68A8C637.e.15569","ELEMENT":"f.F53CD083946FCE278F3961FDA51ABBA8.d.4F4A28E60AE4244F19D8780A68A8C637.e.15569"}]}
COMMAND: GET /session/885acd6bfe44f64c6e2485c8ef54779e/screenshot - {}
RESULT: {}
COMMAND: POST /session/885acd6bfe44f64c6e2485c8ef54779e/execute/sync - {"script":"<script> [8489 bytes]","args":[{"element-6066-11e4-a52e-4f735466cecf":"f.F53CD083946FCE278F3961FDA51ABBA8.d.4F4A28E60AE4244F19D8780A68A8C637.e.15569","ELEMENT":"f.F53CD083946FCE278F3961FDA51ABBA8.d.4F4A28E60AE4244F19D8780A68A8C637.e.15569"}]}
RESULT: {"script":"<script> [8489 bytes]","args":[{"element-6066-11e4-a52e-4f735466cecf":"f.F53CD083946FCE278F3961FDA51ABBA8.d.4F4A28E60AE4244F19D8780A68A8C637.e.15569","ELEMENT":"f.F53CD083946FCE278F3961FDA51ABBA8.d.4F4A28E60AE4244F19D8780A68A8C637.e.15569"}]}
COMMAND: GET /session/885acd6bfe44f64c6e2485c8ef54779e/screenshot - {}
RESULT: {}
COMMAND: POST /session/885acd6bfe44f64c6e2485c8ef54779e/execute/sync - {"script":"<script> [8489 bytes]","args":[{"element-6066-11e4-a52e-4f735466cecf":"f.F53CD083946FCE278F3961FDA51ABBA8.d.4F4A28E60AE4244F19D8780A68A8C637.e.15569","ELEMENT":"f.F53CD083946FCE278F3961FDA51ABBA8.d.4F4A28E60AE4244F19D8780A68A8C637.e.15569"}]}
RESULT: {"script":"<script> [8489 bytes]","args":[{"element-6066-11e4-a52e-4f735466cecf":"f.F53CD083946FCE278F3961FDA51ABBA8.d.4F4A28E60AE4244F19D8780A68A8C637.e.15569","ELEMENT":"f.F53CD083946FCE278F3961FDA51ABBA8.d.4F4A28E60AE4244F19D8780A68A8C637.e.15569"}]}
COMMAND: GET /session/885acd6bfe44f64c6e2485c8ef54779e/screenshot - {}
RESULT: {}
COMMAND: POST /session/885acd6bfe44f64c6e2485c8ef54779e/execute/sync - {"script":"<script> [8489 bytes]","args":[{"element-6066-11e4-a52e-4f735466cecf":"f.F53CD083946FCE278F3961FDA51ABBA8.d.4F4A28E60AE4244F19D8780A68A8C637.e.15569","ELEMENT":"f.F53CD083946FCE278F3961FDA51ABBA8.d.4F4A28E60AE4244F19D8780A68A8C637.e.15569"}]}
RESULT: {"script":"<script> [8489 bytes]","args":[{"element-6066-11e4-a52e-4f735466cecf":"f.F53CD083946FCE278F3961FDA51ABBA8.d.4F4A28E60AE4244F19D8780A68A8C637.e.15569","ELEMENT":"f.F53CD083946FCE278F3961FDA51ABBA8.d.4F4A28E60AE4244F19D8780A68A8C637.e.15569"}]}
COMMAND: GET /session/885acd6bfe44f64c6e2485c8ef54779e/screenshot - {}
RESULT: {}
COMMAND: POST /session/885acd6bfe44f64c6e2485c8ef54779e/execute/sync - {"script":"<script> [8489 bytes]","args":[{"element-6066-11e4-a52e-4f735466cecf":"f.F53CD083946FCE278F3961FDA51ABBA8.d.4F4A28E60AE4244F19D8780A68A8C637.e.15569","ELEMENT":"f.F53CD083946FCE278F3961FDA51ABBA8.d.4F4A28E60AE4244F19D8780A68A8C637.e.15569"}]}
RESULT: {"script":"<script> [8489 bytes]","args":[{"element-6066-11e4-a52e-4f735466cecf":"f.F53CD083946FCE278F3961FDA51ABBA8.d.4F4A28E60AE4244F19D8780A68A8C637.e.15569","ELEMENT":"f.F53CD083946FCE278F3961FDA51ABBA8.d.4F4A28E60AE4244F19D8780A68A8C637.e.15569"}]}
COMMAND: GET /session/885acd6bfe44f64c6e2485c8ef54779e/screenshot - {}
RESULT: {}
COMMAND: POST /session/885acd6bfe44f64c6e2485c8ef54779e/execute/sync - {"script":"<script> [8489 bytes]","args":[{"element-6066-11e4-a52e-4f735466cecf":"f.F53CD083946FCE278F3961FDA51ABBA8.d.4F4A28E60AE4244F19D8780A68A8C637.e.15569","ELEMENT":"f.F53CD083946FCE278F3961FDA51ABBA8.d.4F4A28E60AE4244F19D8780A68A8C637.e.15569"}]}
RESULT: {"script":"<script> [8489 bytes]","args":[{"element-6066-11e4-a52e-4f735466cecf":"f.F53CD083946FCE278F3961FDA51ABBA8.d.4F4A28E60AE4244F19D8780A68A8C637.e.15569","ELEMENT":"f.F53CD083946FCE278F3961FDA51ABBA8.d.4F4A28E60AE4244F19D8780A68A8C637.e.15569"}]}
COMMAND: GET /session/885acd6bfe44f64c6e2485c8ef54779e/screenshot - {}
RESULT: {}
COMMAND: POST /session/885acd6bfe44f64c6e2485c8ef54779e/execute/sync - {"script":"<script> [8489 bytes]","args":[{"element-6066-11e4-a52e-4f735466cecf":"f.F53CD083946FCE278F3961FDA51ABBA8.d.4F4A28E60AE4244F19D8780A68A8C637.e.15569","ELEMENT":"f.F53CD083946FCE278F3961FDA51ABBA8.d.4F4A28E60AE4244F19D8780A68A8C637.e.15569"}]}
RESULT: {"script":"<script> [8489 bytes]","args":[{"element-6066-11e4-a52e-4f735466cecf":"f.F53CD083946FCE278F3961FDA51ABBA8.d.4F4A28E60AE4244F19D8780A68A8C637.e.15569","ELEMENT":"f.F53CD083946FCE278F3961FDA51ABBA8.d.4F4A28E60AE4244F19D8780A68A8C637.e.15569"}]}
COMMAND: GET /session/885acd6bfe44f64c6e2485c8ef54779e/screenshot - {}
RESULT: {}
COMMAND: POST /session/885acd6bfe44f64c6e2485c8ef54779e/execute/sync - {"script":"<script> [8489 bytes]","args":[{"element-6066-11e4-a52e-4f735466cecf":"f.F53CD083946FCE278F3961FDA51ABBA8.d.4F4A28E60AE4244F19D8780A68A8C637.e.15569","ELEMENT":"f.F53CD083946FCE278F3961FDA51ABBA8.d.4F4A28E60AE4244F19D8780A68A8C637.e.15569"}]}
RESULT: {"script":"<script> [8489 bytes]","args":[{"element-6066-11e4-a52e-4f735466cecf":"f.F53CD083946FCE278F3961FDA51ABBA8.d.4F4A28E60AE4244F19D8780A68A8C637.e.15569","ELEMENT":"f.F53CD083946FCE278F3961FDA51ABBA8.d.4F4A28E60AE4244F19D8780A68A8C637.e.15569"}]}
COMMAND: GET /session/885acd6bfe44f64c6e2485c8ef54779e/screenshot - {}
RESULT: {}
COMMAND: POST /session/885acd6bfe44f64c6e2485c8ef54779e/execute/sync - {"script":"<script> [8489 bytes]","args":[{"element-6066-11e4-a52e-4f735466cecf":"f.F53CD083946FCE278F3961FDA51ABBA8.d.4F4A28E60AE4244F19D8780A68A8C637.e.15569","ELEMENT":"f.F53CD083946FCE278F3961FDA51ABBA8.d.4F4A28E60AE4244F19D8780A68A8C637.e.15569"}]}
RESULT: {"script":"<script> [8489 bytes]","args":[{"element-6066-11e4-a52e-4f735466cecf":"f.F53CD083946FCE278F3961FDA51ABBA8.d.4F4A28E60AE4244F19D8780A68A8C637.e.15569","ELEMENT":"f.F53CD083946FCE278F3961FDA51ABBA8.d.4F4A28E60AE4244F19D8780A68A8C637.e.15569"}]}
COMMAND: GET /session/885acd6bfe44f64c6e2485c8ef54779e/screenshot - {}
RESULT: {}
COMMAND: POST /session/885acd6bfe44f64c6e2485c8ef54779e/execute/sync - {"script":"<script> [8489 bytes]","args":[{"element-6066-11e4-a52e-4f735466cecf":"f.F53CD083946FCE278F3961FDA51ABBA8.d.4F4A28E60AE4244F19D8780A68A8C637.e.15569","ELEMENT":"f.F53CD083946FCE278F3961FDA51ABBA8.d.4F4A28E60AE4244F19D8780A68A8C637.e.15569"}]}
RESULT: {"script":"<script> [8489 bytes]","args":[{"element-6066-11e4-a52e-4f735466cecf":"f.F53CD083946FCE278F3961FDA51ABBA8.d.4F4A28E60AE4244F19D8780A68A8C637.e.15569","ELEMENT":"f.F53CD083946FCE278F3961FDA51ABBA8.d.4F4A28E60AE4244F19D8780A68A8C637.e.15569"}]}
COMMAND: GET /session/885acd6bfe44f64c6e2485c8ef54779e/screenshot - {}
RESULT: {}
COMMAND: POST /session/885acd6bfe44f64c6e2485c8ef54779e/execute/sync - {"script":"<script> [8489 bytes]","args":[{"element-6066-11e4-a52e-4f735466cecf":"f.F53CD083946FCE278F3961FDA51ABBA8.d.4F4A28E60AE4244F19D8780A68A8C637.e.15569","ELEMENT":"f.F53CD083946FCE278F3961FDA51ABBA8.d.4F4A28E60AE4244F19D8780A68A8C637.e.15569"}]}
RESULT: {"script":"<script> [8489 bytes]","args":[{"element-6066-11e4-a52e-4f735466cecf":"f.F53CD083946FCE278F3961FDA51ABBA8.d.4F4A28E60AE4244F19D8780A68A8C637.e.15569","ELEMENT":"f.F53CD083946FCE278F3961FDA51ABBA8.d.4F4A28E60AE4244F19D8780A68A8C637.e.15569"}]}
COMMAND: GET /session/885acd6bfe44f64c6e2485c8ef54779e/screenshot - {}
RESULT: {}
COMMAND: POST /session/885acd6bfe44f64c6e2485c8ef54779e/execute/sync - {"script":"<script> [8489 bytes]","args":[{"element-6066-11e4-a52e-4f735466cecf":"f.F53CD083946FCE278F3961FDA51ABBA8.d.4F4A28E60AE4244F19D8780A68A8C637.e.15569","ELEMENT":"f.F53CD083946FCE278F3961FDA51ABBA8.d.4F4A28E60AE4244F19D8780A68A8C637.e.15569"}]}
RESULT: {"script":"<script> [8489 bytes]","args":[{"element-6066-11e4-a52e-4f735466cecf":"f.F53CD083946FCE278F3961FDA51ABBA8.d.4F4A28E60AE4244F19D8780A68A8C637.e.15569","ELEMENT":"f.F53CD083946FCE278F3961FDA51ABBA8.d.4F4A28E60AE4244F19D8780A68A8C637.e.15569"}]}
COMMAND: GET /session/885acd6bfe44f64c6e2485c8ef54779e/screenshot - {}
RESULT: {}
COMMAND: POST /session/885acd6bfe44f64c6e2485c8ef54779e/execute/sync - {"script":"<script> [8489 bytes]","args":[{"element-6066-11e4-a52e-4f735466cecf":"f.F53CD083946FCE278F3961FDA51ABBA8.d.4F4A28E60AE4244F19D8780A68A8C637.e.15569","ELEMENT":"f.F53CD083946FCE278F3961FDA51ABBA8.d.4F4A28E60AE4244F19D8780A68A8C637.e.15569"}]}
RESULT: {"script":"<script> [8489 bytes]","args":[{"element-6066-11e4-a52e-4f735466cecf":"f.F53CD083946FCE278F3961FDA51ABBA8.d.4F4A28E60AE4244F19D8780A68A8C637.e.15569","ELEMENT":"f.F53CD083946FCE278F3961FDA51ABBA8.d.4F4A28E60AE4244F19D8780A68A8C637.e.15569"}]}
COMMAND: GET /session/885acd6bfe44f64c6e2485c8ef54779e/screenshot - {}
RESULT: {}
COMMAND: POST /session/885acd6bfe44f64c6e2485c8ef54779e/execute/sync - {"script":"<script> [8489 bytes]","args":[{"element-6066-11e4-a52e-4f735466cecf":"f.F53CD083946FCE278F3961FDA51ABBA8.d.4F4A28E60AE4244F19D8780A68A8C637.e.15569","ELEMENT":"f.F53CD083946FCE278F3961FDA51ABBA8.d.4F4A28E60AE4244F19D8780A68A8C637.e.15569"}]}
RESULT: {"script":"<script> [8489 bytes]","args":[{"element-6066-11e4-a52e-4f735466cecf":"f.F53CD083946FCE278F3961FDA51ABBA8.d.4F4A28E60AE4244F19D8780A68A8C637.e.15569","ELEMENT":"f.F53CD083946FCE278F3961FDA51ABBA8.d.4F4A28E60AE4244F19D8780A68A8C637.e.15569"}]}
COMMAND: GET /session/885acd6bfe44f64c6e2485c8ef54779e/screenshot - {}
RESULT: {}
COMMAND: POST /session/885acd6bfe44f64c6e2485c8ef54779e/execute/sync - {"script":"<script> [8489 bytes]","args":[{"element-6066-11e4-a52e-4f735466cecf":"f.F53CD083946FCE278F3961FDA51ABBA8.d.4F4A28E60AE4244F19D8780A68A8C637.e.15569","ELEMENT":"f.F53CD083946FCE278F3961FDA51ABBA8.d.4F4A28E60AE4244F19D8780A68A8C637.e.15569"}]}
RESULT: {"script":"<script> [8489 bytes]","args":[{"element-6066-11e4-a52e-4f735466cecf":"f.F53CD083946FCE278F3961FDA51ABBA8.d.4F4A28E60AE4244F19D8780A68A8C637.e.15569","ELEMENT":"f.F53CD083946FCE278F3961FDA51ABBA8.d.4F4A28E60AE4244F19D8780A68A8C637.e.15569"}]}
COMMAND: GET /session/885acd6bfe44f64c6e2485c8ef54779e/screenshot - {}
RESULT: {}
COMMAND: POST /session/885acd6bfe44f64c6e2485c8ef54779e/execute/sync - {"script":"<script> [8489 bytes]","args":[{"element-6066-11e4-a52e-4f735466cecf":"f.F53CD083946FCE278F3961FDA51ABBA8.d.4F4A28E60AE4244F19D8780A68A8C637.e.15569","ELEMENT":"f.F53CD083946FCE278F3961FDA51ABBA8.d.4F4A28E60AE4244F19D8780A68A8C637.e.15569"}]}
RESULT: {"script":"<script> [8489 bytes]","args":[{"element-6066-11e4-a52e-4f735466cecf":"f.F53CD083946FCE278F3961FDA51ABBA8.d.4F4A28E60AE4244F19D8780A68A8C637.e.15569","ELEMENT":"f.F53CD083946FCE278F3961FDA51ABBA8.d.4F4A28E60AE4244F19D8780A68A8C637.e.15569"}]}
COMMAND: GET /session/885acd6bfe44f64c6e2485c8ef54779e/screenshot - {}
RESULT: {}
COMMAND: POST /session/885acd6bfe44f64c6e2485c8ef54779e/execute/sync - {"script":"<script> [8489 bytes]","args":[{"element-6066-11e4-a52e-4f735466cecf":"f.F53CD083946FCE278F3961FDA51ABBA8.d.4F4A28E60AE4244F19D8780A68A8C637.e.15569","ELEMENT":"f.F53CD083946FCE278F3961FDA51ABBA8.d.4F4A28E60AE4244F19D8780A68A8C637.e.15569"}]}
RESULT: {"script":"<script> [8489 bytes]","args":[{"element-6066-11e4-a52e-4f735466cecf":"f.F53CD083946FCE278F3961FDA51ABBA8.d.4F4A28E60AE4244F19D8780A68A8C637.e.15569","ELEMENT":"f.F53CD083946FCE278F3961FDA51ABBA8.d.4F4A28E60AE4244F19D8780A68A8C637.e.15569"}]}
COMMAND: GET /session/885acd6bfe44f64c6e2485c8ef54779e/screenshot - {}
RESULT: {}
COMMAND: POST /session/885acd6bfe44f64c6e2485c8ef54779e/execute/sync - {"script":"<script> [8489 bytes]","args":[{"element-6066-11e4-a52e-4f735466cecf":"f.F53CD083946FCE278F3961FDA51ABBA8.d.4F4A28E60AE4244F19D8780A68A8C637.e.15569","ELEMENT":"f.F53CD083946FCE278F3961FDA51ABBA8.d.4F4A28E60AE4244F19D8780A68A8C637.e.15569"}]}
RESULT: {"script":"<script> [8489 bytes]","args":[{"element-6066-11e4-a52e-4f735466cecf":"f.F53CD083946FCE278F3961FDA51ABBA8.d.4F4A28E60AE4244F19D8780A68A8C637.e.15569","ELEMENT":"f.F53CD083946FCE278F3961FDA51ABBA8.d.4F4A28E60AE4244F19D8780A68A8C637.e.15569"}]}
COMMAND: GET /session/885acd6bfe44f64c6e2485c8ef54779e/screenshot - {}
RESULT: {}
COMMAND: POST /session/885acd6bfe44f64c6e2485c8ef54779e/execute/sync - {"script":"<script> [8489 bytes]","args":[{"element-6066-11e4-a52e-4f735466cecf":"f.F53CD083946FCE278F3961FDA51ABBA8.d.4F4A28E60AE4244F19D8780A68A8C637.e.15569","ELEMENT":"f.F53CD083946FCE278F3961FDA51ABBA8.d.4F4A28E60AE4244F19D8780A68A8C637.e.15569"}]}
RESULT: {"script":"<script> [8489 bytes]","args":[{"element-6066-11e4-a52e-4f735466cecf":"f.F53CD083946FCE278F3961FDA51ABBA8.d.4F4A28E60AE4244F19D8780A68A8C637.e.15569","ELEMENT":"f.F53CD083946FCE278F3961FDA51ABBA8.d.4F4A28E60AE4244F19D8780A68A8C637.e.15569"}]}
COMMAND: GET /session/885acd6bfe44f64c6e2485c8ef54779e/screenshot - {}
RESULT: {}
COMMAND: POST /session/885acd6bfe44f64c6e2485c8ef54779e/execute/sync - {"script":"<script> [8489 bytes]","args":[{"element-6066-11e4-a52e-4f735466cecf":"f.F53CD083946FCE278F3961FDA51ABBA8.d.4F4A28E60AE4244F19D8780A68A8C637.e.15569","ELEMENT":"f.F53CD083946FCE278F3961FDA51ABBA8.d.4F4A28E60AE4244F19D8780A68A8C637.e.15569"}]}
RESULT: {"script":"<script> [8489 bytes]","args":[{"element-6066-11e4-a52e-4f735466cecf":"f.F53CD083946FCE278F3961FDA51ABBA8.d.4F4A28E60AE4244F19D8780A68A8C637.e.15569","ELEMENT":"f.F53CD083946FCE278F3961FDA51ABBA8.d.4F4A28E60AE4244F19D8780A68A8C637.e.15569"}]}
COMMAND: GET /session/885acd6bfe44f64c6e2485c8ef54779e/screenshot - {}
RESULT: {}
COMMAND: POST /session/885acd6bfe44f64c6e2485c8ef54779e/execute/sync - {"script":"<script> [8489 bytes]","args":[{"element-6066-11e4-a52e-4f735466cecf":"f.F53CD083946FCE278F3961FDA51ABBA8.d.4F4A28E60AE4244F19D8780A68A8C637.e.15569","ELEMENT":"f.F53CD083946FCE278F3961FDA51ABBA8.d.4F4A28E60AE4244F19D8780A68A8C637.e.15569"}]}
RESULT: {"script":"<script> [8489 bytes]","args":[{"element-6066-11e4-a52e-4f735466cecf":"f.F53CD083946FCE278F3961FDA51ABBA8.d.4F4A28E60AE4244F19D8780A68A8C637.e.15569","ELEMENT":"f.F53CD083946FCE278F3961FDA51ABBA8.d.4F4A28E60AE4244F19D8780A68A8C637.e.15569"}]}
COMMAND: GET /session/885acd6bfe44f64c6e2485c8ef54779e/screenshot - {}
RESULT: {}
COMMAND: POST /session/885acd6bfe44f64c6e2485c8ef54779e/execute/sync - {"script":"<script> [8489 bytes]","args":[{"element-6066-11e4-a52e-4f735466cecf":"f.F53CD083946FCE278F3961FDA51ABBA8.d.4F4A28E60AE4244F19D8780A68A8C637.e.15569","ELEMENT":"f.F53CD083946FCE278F3961FDA51ABBA8.d.4F4A28E60AE4244F19D8780A68A8C637.e.15569"}]}
RESULT: {"script":"<script> [8489 bytes]","args":[{"element-6066-11e4-a52e-4f735466cecf":"f.F53CD083946FCE278F3961FDA51ABBA8.d.4F4A28E60AE4244F19D8780A68A8C637.e.15569","ELEMENT":"f.F53CD083946FCE278F3961FDA51ABBA8.d.4F4A28E60AE4244F19D8780A68A8C637.e.15569"}]}
COMMAND: GET /session/885acd6bfe44f64c6e2485c8ef54779e/screenshot - {}
RESULT: {}
COMMAND: POST /session/885acd6bfe44f64c6e2485c8ef54779e/execute/sync - {"script":"<script> [8489 bytes]","args":[{"element-6066-11e4-a52e-4f735466cecf":"f.F53CD083946FCE278F3961FDA51ABBA8.d.4F4A28E60AE4244F19D8780A68A8C637.e.15569","ELEMENT":"f.F53CD083946FCE278F3961FDA51ABBA8.d.4F4A28E60AE4244F19D8780A68A8C637.e.15569"}]}
RESULT: {"script":"<script> [8489 bytes]","args":[{"element-6066-11e4-a52e-4f735466cecf":"f.F53CD083946FCE278F3961FDA51ABBA8.d.4F4A28E60AE4244F19D8780A68A8C637.e.15569","ELEMENT":"f.F53CD083946FCE278F3961FDA51ABBA8.d.4F4A28E60AE4244F19D8780A68A8C637.e.15569"}]}
COMMAND: GET /session/885acd6bfe44f64c6e2485c8ef54779e/screenshot - {}
RESULT: {}
COMMAND: POST /session/885acd6bfe44f64c6e2485c8ef54779e/execute/sync - {"script":"<script> [8489 bytes]","args":[{"element-6066-11e4-a52e-4f735466cecf":"f.F53CD083946FCE278F3961FDA51ABBA8.d.4F4A28E60AE4244F19D8780A68A8C637.e.15569","ELEMENT":"f.F53CD083946FCE278F3961FDA51ABBA8.d.4F4A28E60AE4244F19D8780A68A8C637.e.15569"}]}
RESULT: {"script":"<script> [8489 bytes]","args":[{"element-6066-11e4-a52e-4f735466cecf":"f.F53CD083946FCE278F3961FDA51ABBA8.d.4F4A28E60AE4244F19D8780A68A8C637.e.15569","ELEMENT":"f.F53CD083946FCE278F3961FDA51ABBA8.d.4F4A28E60AE4244F19D8780A68A8C637.e.15569"}]}
COMMAND: GET /session/885acd6bfe44f64c6e2485c8ef54779e/screenshot - {}
RESULT: {}
COMMAND: POST /session/885acd6bfe44f64c6e2485c8ef54779e/execute/sync - {"script":"<script> [8489 bytes]","args":[{"element-6066-11e4-a52e-4f735466cecf":"f.F53CD083946FCE278F3961FDA51ABBA8.d.4F4A28E60AE4244F19D8780A68A8C637.e.15569","ELEMENT":"f.F53CD083946FCE278F3961FDA51ABBA8.d.4F4A28E60AE4244F19D8780A68A8C637.e.15569"}]}
RESULT: {"script":"<script> [8489 bytes]","args":[{"element-6066-11e4-a52e-4f735466cecf":"f.F53CD083946FCE278F3961FDA51ABBA8.d.4F4A28E60AE4244F19D8780A68A8C637.e.15569","ELEMENT":"f.F53CD083946FCE278F3961FDA51ABBA8.d.4F4A28E60AE4244F19D8780A68A8C637.e.15569"}]}
COMMAND: GET /session/885acd6bfe44f64c6e2485c8ef54779e/screenshot - {}
RESULT: {}
COMMAND: POST /session/885acd6bfe44f64c6e2485c8ef54779e/execute/sync - {"script":"<script> [8489 bytes]","args":[{"element-6066-11e4-a52e-4f735466cecf":"f.F53CD083946FCE278F3961FDA51ABBA8.d.4F4A28E60AE4244F19D8780A68A8C637.e.15569","ELEMENT":"f.F53CD083946FCE278F3961FDA51ABBA8.d.4F4A28E60AE4244F19D8780A68A8C637.e.15569"}]}
RESULT: {"script":"<script> [8489 bytes]","args":[{"element-6066-11e4-a52e-4f735466cecf":"f.F53CD083946FCE278F3961FDA51ABBA8.d.4F4A28E60AE4244F19D8780A68A8C637.e.15569","ELEMENT":"f.F53CD083946FCE278F3961FDA51ABBA8.d.4F4A28E60AE4244F19D8780A68A8C637.e.15569"}]}
COMMAND: GET /session/885acd6bfe44f64c6e2485c8ef54779e/screenshot - {}
RESULT: {}
COMMAND: POST /session/885acd6bfe44f64c6e2485c8ef54779e/execute/sync - {"script":"<script> [8489 bytes]","args":[{"element-6066-11e4-a52e-4f735466cecf":"f.F53CD083946FCE278F3961FDA51ABBA8.d.4F4A28E60AE4244F19D8780A68A8C637.e.15569","ELEMENT":"f.F53CD083946FCE278F3961FDA51ABBA8.d.4F4A28E60AE4244F19D8780A68A8C637.e.15569"}]}
RESULT: {"script":"<script> [8489 bytes]","args":[{"element-6066-11e4-a52e-4f735466cecf":"f.F53CD083946FCE278F3961FDA51ABBA8.d.4F4A28E60AE4244F19D8780A68A8C637.e.15569","ELEMENT":"f.F53CD083946FCE278F3961FDA51ABBA8.d.4F4A28E60AE4244F19D8780A68A8C637.e.15569"}]}
COMMAND: GET /session/885acd6bfe44f64c6e2485c8ef54779e/screenshot - {}
RESULT: {}
COMMAND: POST /session/885acd6bfe44f64c6e2485c8ef54779e/execute/sync - {"script":"<script> [8489 bytes]","args":[{"element-6066-11e4-a52e-4f735466cecf":"f.F53CD083946FCE278F3961FDA51ABBA8.d.4F4A28E60AE4244F19D8780A68A8C637.e.15569","ELEMENT":"f.F53CD083946FCE278F3961FDA51ABBA8.d.4F4A28E60AE4244F19D8780A68A8C637.e.15569"}]}
RESULT: {"script":"<script> [8489 bytes]","args":[{"element-6066-11e4-a52e-4f735466cecf":"f.F53CD083946FCE278F3961FDA51ABBA8.d.4F4A28E60AE4244F19D8780A68A8C637.e.15569","ELEMENT":"f.F53CD083946FCE278F3961FDA51ABBA8.d.4F4A28E60AE4244F19D8780A68A8C637.e.15569"}]}
COMMAND: GET /session/885acd6bfe44f64c6e2485c8ef54779e/screenshot - {}
RESULT: {}
COMMAND: POST /session/885acd6bfe44f64c6e2485c8ef54779e/execute/sync - {"script":"<script> [8489 bytes]","args":[{"element-6066-11e4-a52e-4f735466cecf":"f.F53CD083946FCE278F3961FDA51ABBA8.d.4F4A28E60AE4244F19D8780A68A8C637.e.15569","ELEMENT":"f.F53CD083946FCE278F3961FDA51ABBA8.d.4F4A28E60AE4244F19D8780A68A8C637.e.15569"}]}
RESULT: {"script":"<script> [8489 bytes]","args":[{"element-6066-11e4-a52e-4f735466cecf":"f.F53CD083946FCE278F3961FDA51ABBA8.d.4F4A28E60AE4244F19D8780A68A8C637.e.15569","ELEMENT":"f.F53CD083946FCE278F3961FDA51ABBA8.d.4F4A28E60AE4244F19D8780A68A8C637.e.15569"}]}
COMMAND: GET /session/885acd6bfe44f64c6e2485c8ef54779e/screenshot - {}
RESULT: {}
COMMAND: POST /session/885acd6bfe44f64c6e2485c8ef54779e/execute/sync - {"script":"<script> [8489 bytes]","args":[{"element-6066-11e4-a52e-4f735466cecf":"f.F53CD083946FCE278F3961FDA51ABBA8.d.4F4A28E60AE4244F19D8780A68A8C637.e.15569","ELEMENT":"f.F53CD083946FCE278F3961FDA51ABBA8.d.4F4A28E60AE4244F19D8780A68A8C637.e.15569"}]}
RESULT: {"script":"<script> [8489 bytes]","args":[{"element-6066-11e4-a52e-4f735466cecf":"f.F53CD083946FCE278F3961FDA51ABBA8.d.4F4A28E60AE4244F19D8780A68A8C637.e.15569","ELEMENT":"f.F53CD083946FCE278F3961FDA51ABBA8.d.4F4A28E60AE4244F19D8780A68A8C637.e.15569"}]}
COMMAND: GET /session/885acd6bfe44f64c6e2485c8ef54779e/screenshot - {}
RESULT: {}
COMMAND: POST /session/885acd6bfe44f64c6e2485c8ef54779e/execute/sync - {"script":"<script> [8489 bytes]","args":[{"element-6066-11e4-a52e-4f735466cecf":"f.F53CD083946FCE278F3961FDA51ABBA8.d.4F4A28E60AE4244F19D8780A68A8C637.e.15569","ELEMENT":"f.F53CD083946FCE278F3961FDA51ABBA8.d.4F4A28E60AE4244F19D8780A68A8C637.e.15569"}]}
RESULT: {"script":"<script> [8489 bytes]","args":[{"element-6066-11e4-a52e-4f735466cecf":"f.F53CD083946FCE278F3961FDA51ABBA8.d.4F4A28E60AE4244F19D8780A68A8C637.e.15569","ELEMENT":"f.F53CD083946FCE278F3961FDA51ABBA8.d.4F4A28E60AE4244F19D8780A68A8C637.e.15569"}]}
COMMAND: GET /session/885acd6bfe44f64c6e2485c8ef54779e/screenshot - {}
RESULT: {}
COMMAND: POST /session/885acd6bfe44f64c6e2485c8ef54779e/execute/sync - {"script":"<script> [8489 bytes]","args":[{"element-6066-11e4-a52e-4f735466cecf":"f.F53CD083946FCE278F3961FDA51ABBA8.d.4F4A28E60AE4244F19D8780A68A8C637.e.15569","ELEMENT":"f.F53CD083946FCE278F3961FDA51ABBA8.d.4F4A28E60AE4244F19D8780A68A8C637.e.15569"}]}
RESULT: {"script":"<script> [8489 bytes]","args":[{"element-6066-11e4-a52e-4f735466cecf":"f.F53CD083946FCE278F3961FDA51ABBA8.d.4F4A28E60AE4244F19D8780A68A8C637.e.15569","ELEMENT":"f.F53CD083946FCE278F3961FDA51ABBA8.d.4F4A28E60AE4244F19D8780A68A8C637.e.15569"}]}
COMMAND: GET /session/885acd6bfe44f64c6e2485c8ef54779e/screenshot - {}
RESULT: {}
COMMAND: POST /session/885acd6bfe44f64c6e2485c8ef54779e/execute/sync - {"script":"<script> [8489 bytes]","args":[{"element-6066-11e4-a52e-4f735466cecf":"f.F53CD083946FCE278F3961FDA51ABBA8.d.4F4A28E60AE4244F19D8780A68A8C637.e.15569","ELEMENT":"f.F53CD083946FCE278F3961FDA51ABBA8.d.4F4A28E60AE4244F19D8780A68A8C637.e.15569"}]}
RESULT: {"script":"<script> [8489 bytes]","args":[{"element-6066-11e4-a52e-4f735466cecf":"f.F53CD083946FCE278F3961FDA51ABBA8.d.4F4A28E60AE4244F19D8780A68A8C637.e.15569","ELEMENT":"f.F53CD083946FCE278F3961FDA51ABBA8.d.4F4A28E60AE4244F19D8780A68A8C637.e.15569"}]}
COMMAND: GET /session/885acd6bfe44f64c6e2485c8ef54779e/screenshot - {}
RESULT: {}
COMMAND: POST /session/885acd6bfe44f64c6e2485c8ef54779e/execute/sync - {"script":"<script> [8489 bytes]","args":[{"element-6066-11e4-a52e-4f735466cecf":"f.F53CD083946FCE278F3961FDA51ABBA8.d.4F4A28E60AE4244F19D8780A68A8C637.e.15569","ELEMENT":"f.F53CD083946FCE278F3961FDA51ABBA8.d.4F4A28E60AE4244F19D8780A68A8C637.e.15569"}]}
RESULT: {"script":"<script> [8489 bytes]","args":[{"element-6066-11e4-a52e-4f735466cecf":"f.F53CD083946FCE278F3961FDA51ABBA8.d.4F4A28E60AE4244F19D8780A68A8C637.e.15569","ELEMENT":"f.F53CD083946FCE278F3961FDA51ABBA8.d.4F4A28E60AE4244F19D8780A68A8C637.e.15569"}]}
COMMAND: GET /session/885acd6bfe44f64c6e2485c8ef54779e/screenshot - {}
RESULT: {}
COMMAND: POST /session/885acd6bfe44f64c6e2485c8ef54779e/execute/sync - {"script":"<script> [8489 bytes]","args":[{"element-6066-11e4-a52e-4f735466cecf":"f.F53CD083946FCE278F3961FDA51ABBA8.d.4F4A28E60AE4244F19D8780A68A8C637.e.15569","ELEMENT":"f.F53CD083946FCE278F3961FDA51ABBA8.d.4F4A28E60AE4244F19D8780A68A8C637.e.15569"}]}
RESULT: {"script":"<script> [8489 bytes]","args":[{"element-6066-11e4-a52e-4f735466cecf":"f.F53CD083946FCE278F3961FDA51ABBA8.d.4F4A28E60AE4244F19D8780A68A8C637.e.15569","ELEMENT":"f.F53CD083946FCE278F3961FDA51ABBA8.d.4F4A28E60AE4244F19D8780A68A8C637.e.15569"}]}
COMMAND: GET /session/885acd6bfe44f64c6e2485c8ef54779e/screenshot - {}
RESULT: {}
COMMAND: POST /session/885acd6bfe44f64c6e2485c8ef54779e/execute/sync - {"script":"<script> [8489 bytes]","args":[{"element-6066-11e4-a52e-4f735466cecf":"f.F53CD083946FCE278F3961FDA51ABBA8.d.4F4A28E60AE4244F19D8780A68A8C637.e.15569","ELEMENT":"f.F53CD083946FCE278F3961FDA51ABBA8.d.4F4A28E60AE4244F19D8780A68A8C637.e.15569"}]}
RESULT: {"script":"<script> [8489 bytes]","args":[{"element-6066-11e4-a52e-4f735466cecf":"f.F53CD083946FCE278F3961FDA51ABBA8.d.4F4A28E60AE4244F19D8780A68A8C637.e.15569","ELEMENT":"f.F53CD083946FCE278F3961FDA51ABBA8.d.4F4A28E60AE4244F19D8780A68A8C637.e.15569"}]}
COMMAND: GET /session/885acd6bfe44f64c6e2485c8ef54779e/screenshot - {}
RESULT: {}
COMMAND: POST /session/885acd6bfe44f64c6e2485c8ef54779e/execute/sync - {"script":"<script> [8489 bytes]","args":[{"element-6066-11e4-a52e-4f735466cecf":"f.F53CD083946FCE278F3961FDA51ABBA8.d.4F4A28E60AE4244F19D8780A68A8C637.e.15569","ELEMENT":"f.F53CD083946FCE278F3961FDA51ABBA8.d.4F4A28E60AE4244F19D8780A68A8C637.e.15569"}]}
RESULT: {"script":"<script> [8489 bytes]","args":[{"element-6066-11e4-a52e-4f735466cecf":"f.F53CD083946FCE278F3961FDA51ABBA8.d.4F4A28E60AE4244F19D8780A68A8C637.e.15569","ELEMENT":"f.F53CD083946FCE278F3961FDA51ABBA8.d.4F4A28E60AE4244F19D8780A68A8C637.e.15569"}]}
COMMAND: GET /session/885acd6bfe44f64c6e2485c8ef54779e/screenshot - {}
RESULT: {}
COMMAND: POST /session/885acd6bfe44f64c6e2485c8ef54779e/execute/sync - {"script":"<script> [8489 bytes]","args":[{"element-6066-11e4-a52e-4f735466cecf":"f.F53CD083946FCE278F3961FDA51ABBA8.d.4F4A28E60AE4244F19D8780A68A8C637.e.15569","ELEMENT":"f.F53CD083946FCE278F3961FDA51ABBA8.d.4F4A28E60AE4244F19D8780A68A8C637.e.15569"}]}
RESULT: {"script":"<script> [8489 bytes]","args":[{"element-6066-11e4-a52e-4f735466cecf":"f.F53CD083946FCE278F3961FDA51ABBA8.d.4F4A28E60AE4244F19D8780A68A8C637.e.15569","ELEMENT":"f.F53CD083946FCE278F3961FDA51ABBA8.d.4F4A28E60AE4244F19D8780A68A8C637.e.15569"}]}
COMMAND: GET /session/885acd6bfe44f64c6e2485c8ef54779e/screenshot - {}
RESULT: {}
COMMAND: POST /session/885acd6bfe44f64c6e2485c8ef54779e/execute/sync - {"script":"<script> [8489 bytes]","args":[{"element-6066-11e4-a52e-4f735466cecf":"f.F53CD083946FCE278F3961FDA51ABBA8.d.4F4A28E60AE4244F19D8780A68A8C637.e.15569","ELEMENT":"f.F53CD083946FCE278F3961FDA51ABBA8.d.4F4A28E60AE4244F19D8780A68A8C637.e.15569"}]}
RESULT: {"script":"<script> [8489 bytes]","args":[{"element-6066-11e4-a52e-4f735466cecf":"f.F53CD083946FCE278F3961FDA51ABBA8.d.4F4A28E60AE4244F19D8780A68A8C637.e.15569","ELEMENT":"f.F53CD083946FCE278F3961FDA51ABBA8.d.4F4A28E60AE4244F19D8780A68A8C637.e.15569"}]}
COMMAND: GET /session/885acd6bfe44f64c6e2485c8ef54779e/screenshot - {}
RESULT: {}
COMMAND: POST /session/885acd6bfe44f64c6e2485c8ef54779e/execute/sync - {"script":"<script> [8489 bytes]","args":[{"element-6066-11e4-a52e-4f735466cecf":"f.F53CD083946FCE278F3961FDA51ABBA8.d.4F4A28E60AE4244F19D8780A68A8C637.e.15569","ELEMENT":"f.F53CD083946FCE278F3961FDA51ABBA8.d.4F4A28E60AE4244F19D8780A68A8C637.e.15569"}]}
RESULT: {"script":"<script> [8489 bytes]","args":[{"element-6066-11e4-a52e-4f735466cecf":"f.F53CD083946FCE278F3961FDA51ABBA8.d.4F4A28E60AE4244F19D8780A68A8C637.e.15569","ELEMENT":"f.F53CD083946FCE278F3961FDA51ABBA8.d.4F4A28E60AE4244F19D8780A68A8C637.e.15569"}]}
COMMAND: GET /session/885acd6bfe44f64c6e2485c8ef54779e/screenshot - {}
RESULT: {}
COMMAND: POST /session/885acd6bfe44f64c6e2485c8ef54779e/execute/sync - {"script":"<script> [8489 bytes]","args":[{"element-6066-11e4-a52e-4f735466cecf":"f.F53CD083946FCE278F3961FDA51ABBA8.d.4F4A28E60AE4244F19D8780A68A8C637.e.15569","ELEMENT":"f.F53CD083946FCE278F3961FDA51ABBA8.d.4F4A28E60AE4244F19D8780A68A8C637.e.15569"}]}
RESULT: {"script":"<script> [8489 bytes]","args":[{"element-6066-11e4-a52e-4f735466cecf":"f.F53CD083946FCE278F3961FDA51ABBA8.d.4F4A28E60AE4244F19D8780A68A8C637.e.15569","ELEMENT":"f.F53CD083946FCE278F3961FDA51ABBA8.d.4F4A28E60AE4244F19D8780A68A8C637.e.15569"}]}
COMMAND: GET /session/885acd6bfe44f64c6e2485c8ef54779e/screenshot - {}
RESULT: {}
COMMAND: POST /session/885acd6bfe44f64c6e2485c8ef54779e/execute/sync - {"script":"<script> [8489 bytes]","args":[{"element-6066-11e4-a52e-4f735466cecf":"f.F53CD083946FCE278F3961FDA51ABBA8.d.4F4A28E60AE4244F19D8780A68A8C637.e.15569","ELEMENT":"f.F53CD083946FCE278F3961FDA51ABBA8.d.4F4A28E60AE4244F19D8780A68A8C637.e.15569"}]}
RESULT: {"script":"<script> [8489 bytes]","args":[{"element-6066-11e4-a52e-4f735466cecf":"f.F53CD083946FCE278F3961FDA51ABBA8.d.4F4A28E60AE4244F19D8780A68A8C637.e.15569","ELEMENT":"f.F53CD083946FCE278F3961FDA51ABBA8.d.4F4A28E60AE4244F19D8780A68A8C637.e.15569"}]}
COMMAND: GET /session/885acd6bfe44f64c6e2485c8ef54779e/screenshot - {}
RESULT: {}
COMMAND: POST /session/885acd6bfe44f64c6e2485c8ef54779e/execute/sync - {"script":"<script> [8489 bytes]","args":[{"element-6066-11e4-a52e-4f735466cecf":"f.F53CD083946FCE278F3961FDA51ABBA8.d.4F4A28E60AE4244F19D8780A68A8C637.e.15569","ELEMENT":"f.F53CD083946FCE278F3961FDA51ABBA8.d.4F4A28E60AE4244F19D8780A68A8C637.e.15569"}]}
RESULT: {"script":"<script> [8489 bytes]","args":[{"element-6066-11e4-a52e-4f735466cecf":"f.F53CD083946FCE278F3961FDA51ABBA8.d.4F4A28E60AE4244F19D8780A68A8C637.e.15569","ELEMENT":"f.F53CD083946FCE278F3961FDA51ABBA8.d.4F4A28E60AE4244F19D8780A68A8C637.e.15569"}]}
COMMAND: GET /session/885acd6bfe44f64c6e2485c8ef54779e/screenshot - {}
RESULT: {}
COMMAND: POST /session/885acd6bfe44f64c6e2485c8ef54779e/execute/sync - {"script":"<script> [8489 bytes]","args":[{"element-6066-11e4-a52e-4f735466cecf":"f.F53CD083946FCE278F3961FDA51ABBA8.d.4F4A28E60AE4244F19D8780A68A8C637.e.15569","ELEMENT":"f.F53CD083946FCE278F3961FDA51ABBA8.d.4F4A28E60AE4244F19D8780A68A8C637.e.15569"}]}
RESULT: {"script":"<script> [8489 bytes]","args":[{"element-6066-11e4-a52e-4f735466cecf":"f.F53CD083946FCE278F3961FDA51ABBA8.d.4F4A28E60AE4244F19D8780A68A8C637.e.15569","ELEMENT":"f.F53CD083946FCE278F3961FDA51ABBA8.d.4F4A28E60AE4244F19D8780A68A8C637.e.15569"}]}
COMMAND: GET /session/885acd6bfe44f64c6e2485c8ef54779e/screenshot - {}
RESULT: {}
COMMAND: POST /session/885acd6bfe44f64c6e2485c8ef54779e/execute/sync - {"script":"<script> [8489 bytes]","args":[{"element-6066-11e4-a52e-4f735466cecf":"f.F53CD083946FCE278F3961FDA51ABBA8.d.4F4A28E60AE4244F19D8780A68A8C637.e.15569","ELEMENT":"f.F53CD083946FCE278F3961FDA51ABBA8.d.4F4A28E60AE4244F19D8780A68A8C637.e.15569"}]}
RESULT: {"script":"<script> [8489 bytes]","args":[{"element-6066-11e4-a52e-4f735466cecf":"f.F53CD083946FCE278F3961FDA51ABBA8.d.4F4A28E60AE4244F19D8780A68A8C637.e.15569","ELEMENT":"f.F53CD083946FCE278F3961FDA51ABBA8.d.4F4A28E60AE4244F19D8780A68A8C637.e.15569"}]}
COMMAND: GET /session/885acd6bfe44f64c6e2485c8ef54779e/screenshot - {}
RESULT: {}
COMMAND: POST /session/885acd6bfe44f64c6e2485c8ef54779e/execute/sync - {"script":"<script> [8489 bytes]","args":[{"element-6066-11e4-a52e-4f735466cecf":"f.F53CD083946FCE278F3961FDA51ABBA8.d.4F4A28E60AE4244F19D8780A68A8C637.e.15569","ELEMENT":"f.F53CD083946FCE278F3961FDA51ABBA8.d.4F4A28E60AE4244F19D8780A68A8C637.e.15569"}]}
RESULT: {"script":"<script> [8489 bytes]","args":[{"element-6066-11e4-a52e-4f735466cecf":"f.F53CD083946FCE278F3961FDA51ABBA8.d.4F4A28E60AE4244F19D8780A68A8C637.e.15569","ELEMENT":"f.F53CD083946FCE278F3961FDA51ABBA8.d.4F4A28E60AE4244F19D8780A68A8C637.e.15569"}]}
COMMAND: GET /session/885acd6bfe44f64c6e2485c8ef54779e/screenshot - {}
RESULT: {}
COMMAND: POST /session/885acd6bfe44f64c6e2485c8ef54779e/execute/sync - {"script":"<script> [8489 bytes]","args":[{"element-6066-11e4-a52e-4f735466cecf":"f.F53CD083946FCE278F3961FDA51ABBA8.d.4F4A28E60AE4244F19D8780A68A8C637.e.15569","ELEMENT":"f.F53CD083946FCE278F3961FDA51ABBA8.d.4F4A28E60AE4244F19D8780A68A8C637.e.15569"}]}
RESULT: {"script":"<script> [8489 bytes]","args":[{"element-6066-11e4-a52e-4f735466cecf":"f.F53CD083946FCE278F3961FDA51ABBA8.d.4F4A28E60AE4244F19D8780A68A8C637.e.15569","ELEMENT":"f.F53CD083946FCE278F3961FDA51ABBA8.d.4F4A28E60AE4244F19D8780A68A8C637.e.15569"}]}
COMMAND: GET /session/885acd6bfe44f64c6e2485c8ef54779e/screenshot - {}
RESULT: {}
COMMAND: POST /session/885acd6bfe44f64c6e2485c8ef54779e/execute/sync - {"script":"<script> [8489 bytes]","args":[{"element-6066-11e4-a52e-4f735466cecf":"f.F53CD083946FCE278F3961FDA51ABBA8.d.4F4A28E60AE4244F19D8780A68A8C637.e.15569","ELEMENT":"f.F53CD083946FCE278F3961FDA51ABBA8.d.4F4A28E60AE4244F19D8780A68A8C637.e.15569"}]}
RESULT: {"script":"<script> [8489 bytes]","args":[{"element-6066-11e4-a52e-4f735466cecf":"f.F53CD083946FCE278F3961FDA51ABBA8.d.4F4A28E60AE4244F19D8780A68A8C637.e.15569","ELEMENT":"f.F53CD083946FCE278F3961FDA51ABBA8.d.4F4A28E60AE4244F19D8780A68A8C637.e.15569"}]}
COMMAND: GET /session/885acd6bfe44f64c6e2485c8ef54779e/screenshot - {}
RESULT: {}
COMMAND: POST /session/885acd6bfe44f64c6e2485c8ef54779e/execute/sync - {"script":"<script> [8489 bytes]","args":[{"element-6066-11e4-a52e-4f735466cecf":"f.F53CD083946FCE278F3961FDA51ABBA8.d.4F4A28E60AE4244F19D8780A68A8C637.e.15569","ELEMENT":"f.F53CD083946FCE278F3961FDA51ABBA8.d.4F4A28E60AE4244F19D8780A68A8C637.e.15569"}]}
RESULT: {"script":"<script> [8489 bytes]","args":[{"element-6066-11e4-a52e-4f735466cecf":"f.F53CD083946FCE278F3961FDA51ABBA8.d.4F4A28E60AE4244F19D8780A68A8C637.e.15569","ELEMENT":"f.F53CD083946FCE278F3961FDA51ABBA8.d.4F4A28E60AE4244F19D8780A68A8C637.e.15569"}]}
COMMAND: GET /session/885acd6bfe44f64c6e2485c8ef54779e/screenshot - {}
RESULT: {}
COMMAND: POST /session/885acd6bfe44f64c6e2485c8ef54779e/execute/sync - {"script":"<script> [8489 bytes]","args":[{"element-6066-11e4-a52e-4f735466cecf":"f.F53CD083946FCE278F3961FDA51ABBA8.d.4F4A28E60AE4244F19D8780A68A8C637.e.15569","ELEMENT":"f.F53CD083946FCE278F3961FDA51ABBA8.d.4F4A28E60AE4244F19D8780A68A8C637.e.15569"}]}
RESULT: {"script":"<script> [8489 bytes]","args":[{"element-6066-11e4-a52e-4f735466cecf":"f.F53CD083946FCE278F3961FDA51ABBA8.d.4F4A28E60AE4244F19D8780A68A8C637.e.15569","ELEMENT":"f.F53CD083946FCE278F3961FDA51ABBA8.d.4F4A28E60AE4244F19D8780A68A8C637.e.15569"}]}
COMMAND: GET /session/885acd6bfe44f64c6e2485c8ef54779e/screenshot - {}
RESULT: {}
COMMAND: POST /session/885acd6bfe44f64c6e2485c8ef54779e/execute/sync - {"script":"<script> [8489 bytes]","args":[{"element-6066-11e4-a52e-4f735466cecf":"f.F53CD083946FCE278F3961FDA51ABBA8.d.4F4A28E60AE4244F19D8780A68A8C637.e.15569","ELEMENT":"f.F53CD083946FCE278F3961FDA51ABBA8.d.4F4A28E60AE4244F19D8780A68A8C637.e.15569"}]}
RESULT: {"script":"<script> [8489 bytes]","args":[{"element-6066-11e4-a52e-4f735466cecf":"f.F53CD083946FCE278F3961FDA51ABBA8.d.4F4A28E60AE4244F19D8780A68A8C637.e.15569","ELEMENT":"f.F53CD083946FCE278F3961FDA51ABBA8.d.4F4A28E60AE4244F19D8780A68A8C637.e.15569"}]}
COMMAND: GET /session/885acd6bfe44f64c6e2485c8ef54779e/screenshot - {}
RESULT: {}
COMMAND: POST /session/885acd6bfe44f64c6e2485c8ef54779e/execute/sync - {"script":"<script> [8489 bytes]","args":[{"element-6066-11e4-a52e-4f735466cecf":"f.F53CD083946FCE278F3961FDA51ABBA8.d.4F4A28E60AE4244F19D8780A68A8C637.e.15569","ELEMENT":"f.F53CD083946FCE278F3961FDA51ABBA8.d.4F4A28E60AE4244F19D8780A68A8C637.e.15569"}]}
RESULT: {"script":"<script> [8489 bytes]","args":[{"element-6066-11e4-a52e-4f735466cecf":"f.F53CD083946FCE278F3961FDA51ABBA8.d.4F4A28E60AE4244F19D8780A68A8C637.e.15569","ELEMENT":"f.F53CD083946FCE278F3961FDA51ABBA8.d.4F4A28E60AE4244F19D8780A68A8C637.e.15569"}]}
COMMAND: GET /session/885acd6bfe44f64c6e2485c8ef54779e/screenshot - {}
RESULT: {}
COMMAND: POST /session/885acd6bfe44f64c6e2485c8ef54779e/execute/sync - {"script":"<script> [8489 bytes]","args":[{"element-6066-11e4-a52e-4f735466cecf":"f.F53CD083946FCE278F3961FDA51ABBA8.d.4F4A28E60AE4244F19D8780A68A8C637.e.15569","ELEMENT":"f.F53CD083946FCE278F3961FDA51ABBA8.d.4F4A28E60AE4244F19D8780A68A8C637.e.15569"}]}
RESULT: {"script":"<script> [8489 bytes]","args":[{"element-6066-11e4-a52e-4f735466cecf":"f.F53CD083946FCE278F3961FDA51ABBA8.d.4F4A28E60AE4244F19D8780A68A8C637.e.15569","ELEMENT":"f.F53CD083946FCE278F3961FDA51ABBA8.d.4F4A28E60AE4244F19D8780A68A8C637.e.15569"}]}
COMMAND: GET /session/885acd6bfe44f64c6e2485c8ef54779e/screenshot - {}
RESULT: {}
COMMAND: POST /session/885acd6bfe44f64c6e2485c8ef54779e/execute/sync - {"script":"<script> [8489 bytes]","args":[{"element-6066-11e4-a52e-4f735466cecf":"f.F53CD083946FCE278F3961FDA51ABBA8.d.4F4A28E60AE4244F19D8780A68A8C637.e.15569","ELEMENT":"f.F53CD083946FCE278F3961FDA51ABBA8.d.4F4A28E60AE4244F19D8780A68A8C637.e.15569"}]}
RESULT: {"script":"<script> [8489 bytes]","args":[{"element-6066-11e4-a52e-4f735466cecf":"f.F53CD083946FCE278F3961FDA51ABBA8.d.4F4A28E60AE4244F19D8780A68A8C637.e.15569","ELEMENT":"f.F53CD083946FCE278F3961FDA51ABBA8.d.4F4A28E60AE4244F19D8780A68A8C637.e.15569"}]}
COMMAND: GET /session/885acd6bfe44f64c6e2485c8ef54779e/screenshot - {}
RESULT: {}
COMMAND: POST /session/885acd6bfe44f64c6e2485c8ef54779e/execute/sync - {"script":"<script> [8489 bytes]","args":[{"element-6066-11e4-a52e-4f735466cecf":"f.F53CD083946FCE278F3961FDA51ABBA8.d.4F4A28E60AE4244F19D8780A68A8C637.e.15569","ELEMENT":"f.F53CD083946FCE278F3961FDA51ABBA8.d.4F4A28E60AE4244F19D8780A68A8C637.e.15569"}]}
RESULT: {"script":"<script> [8489 bytes]","args":[{"element-6066-11e4-a52e-4f735466cecf":"f.F53CD083946FCE278F3961FDA51ABBA8.d.4F4A28E60AE4244F19D8780A68A8C637.e.15569","ELEMENT":"f.F53CD083946FCE278F3961FDA51ABBA8.d.4F4A28E60AE4244F19D8780A68A8C637.e.15569"}]}
COMMAND: GET /session/885acd6bfe44f64c6e2485c8ef54779e/screenshot - {}
RESULT: {}
COMMAND: POST /session/885acd6bfe44f64c6e2485c8ef54779e/execute/sync - {"script":"<script> [8489 bytes]","args":[{"element-6066-11e4-a52e-4f735466cecf":"f.F53CD083946FCE278F3961FDA51ABBA8.d.4F4A28E60AE4244F19D8780A68A8C637.e.15569","ELEMENT":"f.F53CD083946FCE278F3961FDA51ABBA8.d.4F4A28E60AE4244F19D8780A68A8C637.e.15569"}]}
RESULT: {"script":"<script> [8489 bytes]","args":[{"element-6066-11e4-a52e-4f735466cecf":"f.F53CD083946FCE278F3961FDA51ABBA8.d.4F4A28E60AE4244F19D8780A68A8C637.e.15569","ELEMENT":"f.F53CD083946FCE278F3961FDA51ABBA8.d.4F4A28E60AE4244F19D8780A68A8C637.e.15569"}]}
COMMAND: GET /session/885acd6bfe44f64c6e2485c8ef54779e/screenshot - {}
RESULT: {}
COMMAND: POST /session/885acd6bfe44f64c6e2485c8ef54779e/execute/sync - {"script":"<script> [8489 bytes]","args":[{"element-6066-11e4-a52e-4f735466cecf":"f.F53CD083946FCE278F3961FDA51ABBA8.d.4F4A28E60AE4244F19D8780A68A8C637.e.15569","ELEMENT":"f.F53CD083946FCE278F3961FDA51ABBA8.d.4F4A28E60AE4244F19D8780A68A8C637.e.15569"}]}
RESULT: {"script":"<script> [8489 bytes]","args":[{"element-6066-11e4-a52e-4f735466cecf":"f.F53CD083946FCE278F3961FDA51ABBA8.d.4F4A28E60AE4244F19D8780A68A8C637.e.15569","ELEMENT":"f.F53CD083946FCE278F3961FDA51ABBA8.d.4F4A28E60AE4244F19D8780A68A8C637.e.15569"}]}
COMMAND: GET /session/885acd6bfe44f64c6e2485c8ef54779e/screenshot - {}
RESULT: {}
COMMAND: POST /session/885acd6bfe44f64c6e2485c8ef54779e/execute/sync - {"script":"<script> [8489 bytes]","args":[{"element-6066-11e4-a52e-4f735466cecf":"f.F53CD083946FCE278F3961FDA51ABBA8.d.4F4A28E60AE4244F19D8780A68A8C637.e.15569","ELEMENT":"f.F53CD083946FCE278F3961FDA51ABBA8.d.4F4A28E60AE4244F19D8780A68A8C637.e.15569"}]}
RESULT: {"script":"<script> [8489 bytes]","args":[{"element-6066-11e4-a52e-4f735466cecf":"f.F53CD083946FCE278F3961FDA51ABBA8.d.4F4A28E60AE4244F19D8780A68A8C637.e.15569","ELEMENT":"f.F53CD083946FCE278F3961FDA51ABBA8.d.4F4A28E60AE4244F19D8780A68A8C637.e.15569"}]}
COMMAND: GET /session/885acd6bfe44f64c6e2485c8ef54779e/screenshot - {}
RESULT: {}
COMMAND: POST /session/885acd6bfe44f64c6e2485c8ef54779e/execute/sync - {"script":"<script> [8489 bytes]","args":[{"element-6066-11e4-a52e-4f735466cecf":"f.F53CD083946FCE278F3961FDA51ABBA8.d.4F4A28E60AE4244F19D8780A68A8C637.e.15569","ELEMENT":"f.F53CD083946FCE278F3961FDA51ABBA8.d.4F4A28E60AE4244F19D8780A68A8C637.e.15569"}]}
RESULT: {"script":"<script> [8489 bytes]","args":[{"element-6066-11e4-a52e-4f735466cecf":"f.F53CD083946FCE278F3961FDA51ABBA8.d.4F4A28E60AE4244F19D8780A68A8C637.e.15569","ELEMENT":"f.F53CD083946FCE278F3961FDA51ABBA8.d.4F4A28E60AE4244F19D8780A68A8C637.e.15569"}]}
COMMAND: GET /session/885acd6bfe44f64c6e2485c8ef54779e/screenshot - {}
RESULT: {}
COMMAND: POST /session/885acd6bfe44f64c6e2485c8ef54779e/execute/sync - {"script":"<script> [8489 bytes]","args":[{"element-6066-11e4-a52e-4f735466cecf":"f.F53CD083946FCE278F3961FDA51ABBA8.d.4F4A28E60AE4244F19D8780A68A8C637.e.15569","ELEMENT":"f.F53CD083946FCE278F3961FDA51ABBA8.d.4F4A28E60AE4244F19D8780A68A8C637.e.15569"}]}
RESULT: {"script":"<script> [8489 bytes]","args":[{"element-6066-11e4-a52e-4f735466cecf":"f.F53CD083946FCE278F3961FDA51ABBA8.d.4F4A28E60AE4244F19D8780A68A8C637.e.15569","ELEMENT":"f.F53CD083946FCE278F3961FDA51ABBA8.d.4F4A28E60AE4244F19D8780A68A8C637.e.15569"}]}
COMMAND: GET /session/885acd6bfe44f64c6e2485c8ef54779e/screenshot - {}
RESULT: {}
COMMAND: POST /session/885acd6bfe44f64c6e2485c8ef54779e/execute/sync - {"script":"<script> [8489 bytes]","args":[{"element-6066-11e4-a52e-4f735466cecf":"f.F53CD083946FCE278F3961FDA51ABBA8.d.4F4A28E60AE4244F19D8780A68A8C637.e.15569","ELEMENT":"f.F53CD083946FCE278F3961FDA51ABBA8.d.4F4A28E60AE4244F19D8780A68A8C637.e.15569"}]}
RESULT: {"script":"<script> [8489 bytes]","args":[{"element-6066-11e4-a52e-4f735466cecf":"f.F53CD083946FCE278F3961FDA51ABBA8.d.4F4A28E60AE4244F19D8780A68A8C637.e.15569","ELEMENT":"f.F53CD083946FCE278F3961FDA51ABBA8.d.4F4A28E60AE4244F19D8780A68A8C637.e.15569"}]}
COMMAND: GET /session/885acd6bfe44f64c6e2485c8ef54779e/screenshot - {}
RESULT: {}
COMMAND: POST /session/885acd6bfe44f64c6e2485c8ef54779e/execute/sync - {"script":"<script> [8489 bytes]","args":[{"element-6066-11e4-a52e-4f735466cecf":"f.F53CD083946FCE278F3961FDA51ABBA8.d.4F4A28E60AE4244F19D8780A68A8C637.e.15569","ELEMENT":"f.F53CD083946FCE278F3961FDA51ABBA8.d.4F4A28E60AE4244F19D8780A68A8C637.e.15569"}]}
RESULT: {"script":"<script> [8489 bytes]","args":[{"element-6066-11e4-a52e-4f735466cecf":"f.F53CD083946FCE278F3961FDA51ABBA8.d.4F4A28E60AE4244F19D8780A68A8C637.e.15569","ELEMENT":"f.F53CD083946FCE278F3961FDA51ABBA8.d.4F4A28E60AE4244F19D8780A68A8C637.e.15569"}]}
COMMAND: GET /session/885acd6bfe44f64c6e2485c8ef54779e/screenshot - {}
RESULT: {}
COMMAND: POST /session/885acd6bfe44f64c6e2485c8ef54779e/execute/sync - {"script":"<script> [8489 bytes]","args":[{"element-6066-11e4-a52e-4f735466cecf":"f.F53CD083946FCE278F3961FDA51ABBA8.d.4F4A28E60AE4244F19D8780A68A8C637.e.15569","ELEMENT":"f.F53CD083946FCE278F3961FDA51ABBA8.d.4F4A28E60AE4244F19D8780A68A8C637.e.15569"}]}
RESULT: {"script":"<script> [8489 bytes]","args":[{"element-6066-11e4-a52e-4f735466cecf":"f.F53CD083946FCE278F3961FDA51ABBA8.d.4F4A28E60AE4244F19D8780A68A8C637.e.15569","ELEMENT":"f.F53CD083946FCE278F3961FDA51ABBA8.d.4F4A28E60AE4244F19D8780A68A8C637.e.15569"}]}
COMMAND: GET /session/885acd6bfe44f64c6e2485c8ef54779e/screenshot - {}
RESULT: {}
COMMAND: POST /session/885acd6bfe44f64c6e2485c8ef54779e/execute/sync - {"script":"<script> [8489 bytes]","args":[{"element-6066-11e4-a52e-4f735466cecf":"f.F53CD083946FCE278F3961FDA51ABBA8.d.4F4A28E60AE4244F19D8780A68A8C637.e.15569","ELEMENT":"f.F53CD083946FCE278F3961FDA51ABBA8.d.4F4A28E60AE4244F19D8780A68A8C637.e.15569"}]}
RESULT: {"script":"<script> [8489 bytes]","args":[{"element-6066-11e4-a52e-4f735466cecf":"f.F53CD083946FCE278F3961FDA51ABBA8.d.4F4A28E60AE4244F19D8780A68A8C637.e.15569","ELEMENT":"f.F53CD083946FCE278F3961FDA51ABBA8.d.4F4A28E60AE4244F19D8780A68A8C637.e.15569"}]}
COMMAND: GET /session/885acd6bfe44f64c6e2485c8ef54779e/screenshot - {}
RESULT: {}
COMMAND: POST /session/885acd6bfe44f64c6e2485c8ef54779e/execute/sync - {"script":"<script> [8489 bytes]","args":[{"element-6066-11e4-a52e-4f735466cecf":"f.F53CD083946FCE278F3961FDA51ABBA8.d.4F4A28E60AE4244F19D8780A68A8C637.e.15569","ELEMENT":"f.F53CD083946FCE278F3961FDA51ABBA8.d.4F4A28E60AE4244F19D8780A68A8C637.e.15569"}]}
RESULT: {"script":"<script> [8489 bytes]","args":[{"element-6066-11e4-a52e-4f735466cecf":"f.F53CD083946FCE278F3961FDA51ABBA8.d.4F4A28E60AE4244F19D8780A68A8C637.e.15569","ELEMENT":"f.F53CD083946FCE278F3961FDA51ABBA8.d.4F4A28E60AE4244F19D8780A68A8C637.e.15569"}]}
COMMAND: GET /session/885acd6bfe44f64c6e2485c8ef54779e/screenshot - {}
RESULT: {}
COMMAND: POST /session/885acd6bfe44f64c6e2485c8ef54779e/execute/sync - {"script":"<script> [8489 bytes]","args":[{"element-6066-11e4-a52e-4f735466cecf":"f.F53CD083946FCE278F3961FDA51ABBA8.d.4F4A28E60AE4244F19D8780A68A8C637.e.15569","ELEMENT":"f.F53CD083946FCE278F3961FDA51ABBA8.d.4F4A28E60AE4244F19D8780A68A8C637.e.15569"}]}
RESULT: {"script":"<script> [8489 bytes]","args":[{"element-6066-11e4-a52e-4f735466cecf":"f.F53CD083946FCE278F3961FDA51ABBA8.d.4F4A28E60AE4244F19D8780A68A8C637.e.15569","ELEMENT":"f.F53CD083946FCE278F3961FDA51ABBA8.d.4F4A28E60AE4244F19D8780A68A8C637.e.15569"}]}
COMMAND: GET /session/885acd6bfe44f64c6e2485c8ef54779e/screenshot - {}
RESULT: {}
COMMAND: POST /session/885acd6bfe44f64c6e2485c8ef54779e/execute/sync - {"script":"<script> [8489 bytes]","args":[{"element-6066-11e4-a52e-4f735466cecf":"f.F53CD083946FCE278F3961FDA51ABBA8.d.4F4A28E60AE4244F19D8780A68A8C637.e.15569","ELEMENT":"f.F53CD083946FCE278F3961FDA51ABBA8.d.4F4A28E60AE4244F19D8780A68A8C637.e.15569"}]}
RESULT: {"script":"<script> [8489 bytes]","args":[{"element-6066-11e4-a52e-4f735466cecf":"f.F53CD083946FCE278F3961FDA51ABBA8.d.4F4A28E60AE4244F19D8780A68A8C637.e.15569","ELEMENT":"f.F53CD083946FCE278F3961FDA51ABBA8.d.4F4A28E60AE4244F19D8780A68A8C637.e.15569"}]}
COMMAND: GET /session/885acd6bfe44f64c6e2485c8ef54779e/screenshot - {}
RESULT: {}
COMMAND: POST /session/885acd6bfe44f64c6e2485c8ef54779e/execute/sync - {"script":"<script> [8489 bytes]","args":[{"element-6066-11e4-a52e-4f735466cecf":"f.F53CD083946FCE278F3961FDA51ABBA8.d.4F4A28E60AE4244F19D8780A68A8C637.e.15569","ELEMENT":"f.F53CD083946FCE278F3961FDA51ABBA8.d.4F4A28E60AE4244F19D8780A68A8C637.e.15569"}]}
RESULT: {"script":"<script> [8489 bytes]","args":[{"element-6066-11e4-a52e-4f735466cecf":"f.F53CD083946FCE278F3961FDA51ABBA8.d.4F4A28E60AE4244F19D8780A68A8C637.e.15569","ELEMENT":"f.F53CD083946FCE278F3961FDA51ABBA8.d.4F4A28E60AE4244F19D8780A68A8C637.e.15569"}]}
COMMAND: GET /session/885acd6bfe44f64c6e2485c8ef54779e/screenshot - {}
RESULT: {}
COMMAND: POST /session/885acd6bfe44f64c6e2485c8ef54779e/execute/sync - {"script":"<script> [8489 bytes]","args":[{"element-6066-11e4-a52e-4f735466cecf":"f.F53CD083946FCE278F3961FDA51ABBA8.d.4F4A28E60AE4244F19D8780A68A8C637.e.15569","ELEMENT":"f.F53CD083946FCE278F3961FDA51ABBA8.d.4F4A28E60AE4244F19D8780A68A8C637.e.15569"}]}
RESULT: {"script":"<script> [8489 bytes]","args":[{"element-6066-11e4-a52e-4f735466cecf":"f.F53CD083946FCE278F3961FDA51ABBA8.d.4F4A28E60AE4244F19D8780A68A8C637.e.15569","ELEMENT":"f.F53CD083946FCE278F3961FDA51ABBA8.d.4F4A28E60AE4244F19D8780A68A8C637.e.15569"}]}
COMMAND: GET /session/885acd6bfe44f64c6e2485c8ef54779e/screenshot - {}
RESULT: {}
COMMAND: POST /session/885acd6bfe44f64c6e2485c8ef54779e/execute/sync - {"script":"<script> [8489 bytes]","args":[{"element-6066-11e4-a52e-4f735466cecf":"f.F53CD083946FCE278F3961FDA51ABBA8.d.4F4A28E60AE4244F19D8780A68A8C637.e.15569","ELEMENT":"f.F53CD083946FCE278F3961FDA51ABBA8.d.4F4A28E60AE4244F19D8780A68A8C637.e.15569"}]}
COMMAND: POST /session/885acd6bfe44f64c6e2485c8ef54779e/execute/async - {"script":"<script> [1562 bytes]","args":[{"selector":{"controlType":"sap.m.Button","viewName":"etm.portal.ui.managehandovers.view.DetailExecuteHO","i18NText":{"propertyName":"text","key":"pickQty"},"interaction":{"idSuffix":"BDI-content"}},"wdio_ui5_key":"etmportal.ui.managehandovers.view.DetailExecuteHOsap.m.Button{\"propertyName\":\"text\",\"key\":\"pickQty\"}"}]}
RESULT: {"script":"<script> [8489 bytes]","args":[{"element-6066-11e4-a52e-4f735466cecf":"f.F53CD083946FCE278F3961FDA51ABBA8.d.4F4A28E60AE4244F19D8780A68A8C637.e.15569","ELEMENT":"f.F53CD083946FCE278F3961FDA51ABBA8.d.4F4A28E60AE4244F19D8780A68A8C637.e.15569"}]}
COMMAND: GET /session/885acd6bfe44f64c6e2485c8ef54779e/screenshot - {}
RESULT: {"script":"<script> [1562 bytes]","args":[{"selector":{"controlType":"sap.m.Button","viewName":"etm.portal.ui.managehandovers.view.DetailExecuteHO","i18NText":{"propertyName":"text","key":"pickQty"},"interaction":{"idSuffix":"BDI-content"}},"wdio_ui5_key":"etmportal.ui.managehandovers.view.DetailExecuteHOsap.m.Button{\"propertyName\":\"text\",\"key\":\"pickQty\"}"}]}
RESULT: undefined
RESULT: {}
COMMAND: POST /session/885acd6bfe44f64c6e2485c8ef54779e/execute/async - {"script":"<script> [1562 bytes]","args":[{"selector":{"controlType":"sap.m.Link","viewName":"etm.portal.ui.managehandovers.view.DetailExecuteHO","bindingPath":{"path":"","propertyPath":"/wmDoc","modelName":"warehouseMovModel"}},"wdio_ui5_key":"etmportal.ui.managehandovers.view.DetailExecuteHOsap.m.Link{\"path\":\"\",\"propertyPath\":\"/wmDoc\",\"modelName\":\"warehouseMovModel\"}"}]}
RESULT: {"script":"<script> [1562 bytes]","args":[{"selector":{"controlType":"sap.m.Link","viewName":"etm.portal.ui.managehandovers.view.DetailExecuteHO","bindingPath":{"path":"","propertyPath":"/wmDoc","modelName":"warehouseMovModel"}},"wdio_ui5_key":"etmportal.ui.managehandovers.view.DetailExecuteHOsap.m.Link{\"path\":\"\",\"propertyPath\":\"/wmDoc\",\"modelName\":\"warehouseMovModel\"}"}]}
RESULT: undefined
COMMAND: POST /session/885acd6bfe44f64c6e2485c8ef54779e/execute/async - {"script":"<script> [1562 bytes]","args":[{"selector":{"controlType":"sap.m.Link","viewName":"etm.portal.ui.managehandovers.view.DetailExecuteHO","properties":{"text":"Warehouse Overview"},"searchOpenDialogs":true},"wdio_ui5_key":"etmportal.ui.managehandovers.view.DetailExecuteHOsap.m.Link{\"text\":\"Warehouse Overview\"}"}]}
RESULT: {"script":"<script> [1562 bytes]","args":[{"selector":{"controlType":"sap.m.Link","viewName":"etm.portal.ui.managehandovers.view.DetailExecuteHO","properties":{"text":"Warehouse Overview"},"searchOpenDialogs":true},"wdio_ui5_key":"etmportal.ui.managehandovers.view.DetailExecuteHOsap.m.Link{\"text\":\"Warehouse Overview\"}"}]}
RESULT: undefined
COMMAND: POST /session/885acd6bfe44f64c6e2485c8ef54779e/execute/async - {"script":"<script> [1562 bytes]","args":[{"selector":{"controlType":"sap.m.Button","viewName":"etm.portal.ui.warehousemovements.view.DisplayMovement","viewId":"application-warehousemovements-display-component---displayMovement","i18NText":{"propertyName":"text","key":"execution"},"interaction":{"idSuffix":"BDI-content"}},"wdio_ui5_key":"etmportal.ui.warehousemovements.view.DisplayMovementsap.m.Button{\"propertyName\":\"text\",\"key\":\"execution\"}"}]}
RESULT: {"script":"<script> [1562 bytes]","args":[{"selector":{"controlType":"sap.m.Button","viewName":"etm.portal.ui.warehousemovements.view.DisplayMovement","viewId":"application-warehousemovements-display-component---displayMovement","i18NText":{"propertyName":"text","key":"execution"},"interaction":{"idSuffix":"BDI-content"}},"wdio_ui5_key":"etmportal.ui.warehousemovements.view.DisplayMovementsap.m.Button{\"propertyName\":\"text\",\"key\":\"execution\"}"}]}
RESULT: undefined
COMMAND: POST /session/885acd6bfe44f64c6e2485c8ef54779e/execute/async - {"script":"<script> [1562 bytes]","args":[{"selector":{"controlType":"sap.m.Button","viewName":"etm.portal.ui.warehousemovements.view.ExecuteMovement","viewId":"application-warehousemovements-display-component---executeMovement","properties":{"text":"Items"},"interaction":{"idSuffix":"BDI-content"}},"wdio_ui5_key":"etmportal.ui.warehousemovements.view.ExecuteMovementsap.m.Button{\"text\":\"Items\"}"}]}
RESULT: {"script":"<script> [1562 bytes]","args":[{"selector":{"controlType":"sap.m.Button","viewName":"etm.portal.ui.warehousemovements.view.ExecuteMovement","viewId":"application-warehousemovements-display-component---executeMovement","properties":{"text":"Items"},"interaction":{"idSuffix":"BDI-content"}},"wdio_ui5_key":"etmportal.ui.warehousemovements.view.ExecuteMovementsap.m.Button{\"text\":\"Items\"}"}]}
RESULT: undefined
COMMAND: POST /session/885acd6bfe44f64c6e2485c8ef54779e/execute/async - {"script":"<script> [1562 bytes]","args":[{"selector":{"controlType":"sap.m.ToggleButton","viewName":"etm.portal.ui.warehousemovements.view.ExecuteMovement","viewId":"application-warehousemovements-display-component---executeMovement","bindingPath":{"propertyPath":"STATUS","modelName":"catalogModel"},"interaction":{"idSuffix":"BDI-content"}},"wdio_ui5_key":"etmportal.ui.warehousemovements.view.ExecuteMovementsap.m.ToggleButton{\"propertyPath\":\"STATUS\",\"modelName\":\"catalogModel\"}"}]}
RESULT: {"script":"<script> [1562 bytes]","args":[{"selector":{"controlType":"sap.m.ToggleButton","viewName":"etm.portal.ui.warehousemovements.view.ExecuteMovement","viewId":"application-warehousemovements-display-component---executeMovement","bindingPath":{"propertyPath":"STATUS","modelName":"catalogModel"},"interaction":{"idSuffix":"BDI-content"}},"wdio_ui5_key":"etmportal.ui.warehousemovements.view.ExecuteMovementsap.m.ToggleButton{\"propertyPath\":\"STATUS\",\"modelName\":\"catalogModel\"}"}]}
RESULT: undefined
RESULT: undefined
RESULT: undefined
COMMAND: POST /session/885acd6bfe44f64c6e2485c8ef54779e/execute/async - {"script":"<script> [1562 bytes]","args":[{"selector":{"id":"application-warehousemovements-display-component---executeMovement--executeId","interaction":{"idSuffix":"BDI-content"}},"wdio_ui5_key":"applicationwarehousemovements-display-component---executeMovement--executeId"}]}
RESULT: {"script":"<script> [1562 bytes]","args":[{"selector":{"id":"application-warehousemovements-display-component---executeMovement--executeId","interaction":{"idSuffix":"BDI-content"}},"wdio_ui5_key":"applicationwarehousemovements-display-component---executeMovement--executeId"}]}
RESULT: undefined
COMMAND: POST /session/885acd6bfe44f64c6e2485c8ef54779e/element - {"using":"css selector","value":"#shell-header-logo"}
RESULT: {"using":"css selector","value":"#shell-header-logo"}
COMMAND: POST /session/885acd6bfe44f64c6e2485c8ef54779e/element/f.F53CD083946FCE278F3961FDA51ABBA8.d.4F4A28E60AE4244F19D8780A68A8C637.e.14373/click - {}
RESULT: {}
COMMAND: GET /session/885acd6bfe44f64c6e2485c8ef54779e/screenshot - {}
RESULT: {}
RESULT: undefined
COMMAND: POST /session/885acd6bfe44f64c6e2485c8ef54779e/element - {"using":"xpath","value":"//*[@id=\"__tile132\"]"}
RESULT: {"using":"xpath","value":"//*[@id=\"__tile132\"]"}
COMMAND: POST /session/885acd6bfe44f64c6e2485c8ef54779e/element/f.F53CD083946FCE278F3961FDA51ABBA8.d.4F4A28E60AE4244F19D8780A68A8C637.e.13539/click - {}
RESULT: {}
COMMAND: GET /session/885acd6bfe44f64c6e2485c8ef54779e/screenshot - {}
RESULT: {}
COMMAND: POST /session/885acd6bfe44f64c6e2485c8ef54779e/execute/async - {"script":"<script> [1562 bytes]","args":[{"selector":{"controlType":"sap.m.SearchField","viewName":"etm.portal.ui.managehandovers.view.MasterHO","bindingPath":{"propertyPath":"/_BASIC_SEARCH_FIELD","modelName":"fi1t3rM0d31"},"interaction":{"idSuffix":"I"}},"wdio_ui5_key":"etmportal.ui.managehandovers.view.MasterHOsap.m.SearchField{\"propertyPath\":\"/_BASIC_SEARCH_FIELD\",\"modelName\":\"fi1t3rM0d31\"}"}]}
RESULT: {"script":"<script> [1562 bytes]","args":[{"selector":{"controlType":"sap.m.SearchField","viewName":"etm.portal.ui.managehandovers.view.MasterHO","bindingPath":{"propertyPath":"/_BASIC_SEARCH_FIELD","modelName":"fi1t3rM0d31"},"interaction":{"idSuffix":"I"}},"wdio_ui5_key":"etmportal.ui.managehandovers.view.MasterHOsap.m.SearchField{\"propertyPath\":\"/_BASIC_SEARCH_FIELD\",\"modelName\":\"fi1t3rM0d31\"}"}]}
RESULT: undefined
COMMAND: POST /session/885acd6bfe44f64c6e2485c8ef54779e/execute/async - {"script":"<script> [776 bytes]","args":[{"enterText":"30622","selector":{"controlType":"sap.m.SearchField","viewName":"etm.portal.ui.managehandovers.view.MasterHO","bindingPath":{"propertyPath":"/_BASIC_SEARCH_FIELD","modelName":"fi1t3rM0d31"},"interaction":{"idSuffix":"I"}},"clearTextFirst":true,"interactionType":"ENTER_TEXT"}]}
RESULT: {"script":"<script> [776 bytes]","args":[{"enterText":"30622","selector":{"controlType":"sap.m.SearchField","viewName":"etm.portal.ui.managehandovers.view.MasterHO","bindingPath":{"propertyPath":"/_BASIC_SEARCH_FIELD","modelName":"fi1t3rM0d31"},"interaction":{"idSuffix":"I"}},"clearTextFirst":true,"interactionType":"ENTER_TEXT"}]}
COMMAND: POST /session/885acd6bfe44f64c6e2485c8ef54779e/actions - {"actions":[{"id":"action67","type":"key","parameters":{},"actions":[{"type":"keyDown","value":"î€‡"},{"type":"pause","duration":10},{"type":"keyUp","value":"î€‡"}]}]}
RESULT: {"actions":[{"id":"action67","type":"key","parameters":{},"actions":[{"type":"keyDown","value":"î€‡"},{"type":"pause","duration":10},{"type":"keyUp","value":"î€‡"}]}]}
COMMAND: GET /session/885acd6bfe44f64c6e2485c8ef54779e/screenshot - {}
RESULT: {}
RESULT: undefined
COMMAND: POST /session/885acd6bfe44f64c6e2485c8ef54779e/element - {"using":"xpath","value":"//*[@id=\"__item3191-__clone8586-imgNav\"]"}
RESULT: {"using":"xpath","value":"//*[@id=\"__item3191-__clone8586-imgNav\"]"}
COMMAND: POST /session/885acd6bfe44f64c6e2485c8ef54779e/elements - {"using":"xpath","value":"//*[@id=\"__item3191-__clone8586-imgNav\"]"}
RESULT: {"using":"xpath","value":"//*[@id=\"__item3191-__clone8586-imgNav\"]"}
COMMAND: POST /session/885acd6bfe44f64c6e2485c8ef54779e/elements - {"using":"xpath","value":"//*[@id=\"__item3191-__clone8586-imgNav\"]"}
RESULT: {"using":"xpath","value":"//*[@id=\"__item3191-__clone8586-imgNav\"]"}
COMMAND: POST /session/885acd6bfe44f64c6e2485c8ef54779e/elements - {"using":"xpath","value":"//*[@id=\"__item3191-__clone8586-imgNav\"]"}
RESULT: {"using":"xpath","value":"//*[@id=\"__item3191-__clone8586-imgNav\"]"}
COMMAND: POST /session/885acd6bfe44f64c6e2485c8ef54779e/elements - {"using":"xpath","value":"//*[@id=\"__item3191-__clone8586-imgNav\"]"}
RESULT: {"using":"xpath","value":"//*[@id=\"__item3191-__clone8586-imgNav\"]"}
COMMAND: POST /session/885acd6bfe44f64c6e2485c8ef54779e/elements - {"using":"xpath","value":"//*[@id=\"__item3191-__clone8586-imgNav\"]"}
RESULT: {"using":"xpath","value":"//*[@id=\"__item3191-__clone8586-imgNav\"]"}
COMMAND: POST /session/885acd6bfe44f64c6e2485c8ef54779e/elements - {"using":"xpath","value":"//*[@id=\"__item3191-__clone8586-imgNav\"]"}
RESULT: {"using":"xpath","value":"//*[@id=\"__item3191-__clone8586-imgNav\"]"}
COMMAND: POST /session/885acd6bfe44f64c6e2485c8ef54779e/elements - {"using":"xpath","value":"//*[@id=\"__item3191-__clone8586-imgNav\"]"}
RESULT: {"using":"xpath","value":"//*[@id=\"__item3191-__clone8586-imgNav\"]"}
COMMAND: POST /session/885acd6bfe44f64c6e2485c8ef54779e/elements - {"using":"xpath","value":"//*[@id=\"__item3191-__clone8586-imgNav\"]"}
RESULT: {"using":"xpath","value":"//*[@id=\"__item3191-__clone8586-imgNav\"]"}
COMMAND: POST /session/885acd6bfe44f64c6e2485c8ef54779e/elements - {"using":"xpath","value":"//*[@id=\"__item3191-__clone8586-imgNav\"]"}
RESULT: {"using":"xpath","value":"//*[@id=\"__item3191-__clone8586-imgNav\"]"}
COMMAND: POST /session/885acd6bfe44f64c6e2485c8ef54779e/elements - {"using":"xpath","value":"//*[@id=\"__item3191-__clone8586-imgNav\"]"}
RESULT: {"using":"xpath","value":"//*[@id=\"__item3191-__clone8586-imgNav\"]"}
COMMAND: POST /session/885acd6bfe44f64c6e2485c8ef54779e/elements - {"using":"xpath","value":"//*[@id=\"__item3191-__clone8586-imgNav\"]"}
RESULT: {"using":"xpath","value":"//*[@id=\"__item3191-__clone8586-imgNav\"]"}
COMMAND: POST /session/885acd6bfe44f64c6e2485c8ef54779e/elements - {"using":"xpath","value":"//*[@id=\"__item3191-__clone8586-imgNav\"]"}
RESULT: {"using":"xpath","value":"//*[@id=\"__item3191-__clone8586-imgNav\"]"}
COMMAND: POST /session/885acd6bfe44f64c6e2485c8ef54779e/elements - {"using":"xpath","value":"//*[@id=\"__item3191-__clone8586-imgNav\"]"}
RESULT: {"using":"xpath","value":"//*[@id=\"__item3191-__clone8586-imgNav\"]"}
COMMAND: POST /session/885acd6bfe44f64c6e2485c8ef54779e/elements - {"using":"xpath","value":"//*[@id=\"__item3191-__clone8586-imgNav\"]"}
RESULT: {"using":"xpath","value":"//*[@id=\"__item3191-__clone8586-imgNav\"]"}
COMMAND: POST /session/885acd6bfe44f64c6e2485c8ef54779e/elements - {"using":"xpath","value":"//*[@id=\"__item3191-__clone8586-imgNav\"]"}
RESULT: {"using":"xpath","value":"//*[@id=\"__item3191-__clone8586-imgNav\"]"}
COMMAND: POST /session/885acd6bfe44f64c6e2485c8ef54779e/elements - {"using":"xpath","value":"//*[@id=\"__item3191-__clone8586-imgNav\"]"}
RESULT: {"using":"xpath","value":"//*[@id=\"__item3191-__clone8586-imgNav\"]"}
COMMAND: POST /session/885acd6bfe44f64c6e2485c8ef54779e/elements - {"using":"xpath","value":"//*[@id=\"__item3191-__clone8586-imgNav\"]"}
RESULT: {"using":"xpath","value":"//*[@id=\"__item3191-__clone8586-imgNav\"]"}
COMMAND: POST /session/885acd6bfe44f64c6e2485c8ef54779e/elements - {"using":"xpath","value":"//*[@id=\"__item3191-__clone8586-imgNav\"]"}
RESULT: {"using":"xpath","value":"//*[@id=\"__item3191-__clone8586-imgNav\"]"}
COMMAND: POST /session/885acd6bfe44f64c6e2485c8ef54779e/elements - {"using":"xpath","value":"//*[@id=\"__item3191-__clone8586-imgNav\"]"}
RESULT: {"using":"xpath","value":"//*[@id=\"__item3191-__clone8586-imgNav\"]"}
COMMAND: POST /session/885acd6bfe44f64c6e2485c8ef54779e/elements - {"using":"xpath","value":"//*[@id=\"__item3191-__clone8586-imgNav\"]"}
RESULT: {"using":"xpath","value":"//*[@id=\"__item3191-__clone8586-imgNav\"]"}
COMMAND: POST /session/885acd6bfe44f64c6e2485c8ef54779e/elements - {"using":"xpath","value":"//*[@id=\"__item3191-__clone8586-imgNav\"]"}
RESULT: {"using":"xpath","value":"//*[@id=\"__item3191-__clone8586-imgNav\"]"}
COMMAND: POST /session/885acd6bfe44f64c6e2485c8ef54779e/elements - {"using":"xpath","value":"//*[@id=\"__item3191-__clone8586-imgNav\"]"}
RESULT: {"using":"xpath","value":"//*[@id=\"__item3191-__clone8586-imgNav\"]"}
COMMAND: POST /session/885acd6bfe44f64c6e2485c8ef54779e/elements - {"using":"xpath","value":"//*[@id=\"__item3191-__clone8586-imgNav\"]"}
RESULT: {"using":"xpath","value":"//*[@id=\"__item3191-__clone8586-imgNav\"]"}
COMMAND: POST /session/885acd6bfe44f64c6e2485c8ef54779e/elements - {"using":"xpath","value":"//*[@id=\"__item3191-__clone8586-imgNav\"]"}
RESULT: {"using":"xpath","value":"//*[@id=\"__item3191-__clone8586-imgNav\"]"}
COMMAND: POST /session/885acd6bfe44f64c6e2485c8ef54779e/elements - {"using":"xpath","value":"//*[@id=\"__item3191-__clone8586-imgNav\"]"}
RESULT: {"using":"xpath","value":"//*[@id=\"__item3191-__clone8586-imgNav\"]"}
COMMAND: POST /session/885acd6bfe44f64c6e2485c8ef54779e/elements - {"using":"xpath","value":"//*[@id=\"__item3191-__clone8586-imgNav\"]"}
RESULT: {"using":"xpath","value":"//*[@id=\"__item3191-__clone8586-imgNav\"]"}
COMMAND: POST /session/885acd6bfe44f64c6e2485c8ef54779e/elements - {"using":"xpath","value":"//*[@id=\"__item3191-__clone8586-imgNav\"]"}
RESULT: {"using":"xpath","value":"//*[@id=\"__item3191-__clone8586-imgNav\"]"}
COMMAND: POST /session/885acd6bfe44f64c6e2485c8ef54779e/elements - {"using":"xpath","value":"//*[@id=\"__item3191-__clone8586-imgNav\"]"}
RESULT: {"using":"xpath","value":"//*[@id=\"__item3191-__clone8586-imgNav\"]"}
COMMAND: POST /session/885acd6bfe44f64c6e2485c8ef54779e/elements - {"using":"xpath","value":"//*[@id=\"__item3191-__clone8586-imgNav\"]"}
RESULT: {"using":"xpath","value":"//*[@id=\"__item3191-__clone8586-imgNav\"]"}
COMMAND: POST /session/885acd6bfe44f64c6e2485c8ef54779e/elements - {"using":"xpath","value":"//*[@id=\"__item3191-__clone8586-imgNav\"]"}
RESULT: {"using":"xpath","value":"//*[@id=\"__item3191-__clone8586-imgNav\"]"}
COMMAND: POST /session/885acd6bfe44f64c6e2485c8ef54779e/elements - {"using":"xpath","value":"//*[@id=\"__item3191-__clone8586-imgNav\"]"}
RESULT: {"using":"xpath","value":"//*[@id=\"__item3191-__clone8586-imgNav\"]"}
COMMAND: POST /session/885acd6bfe44f64c6e2485c8ef54779e/elements - {"using":"xpath","value":"//*[@id=\"__item3191-__clone8586-imgNav\"]"}
RESULT: {"using":"xpath","value":"//*[@id=\"__item3191-__clone8586-imgNav\"]"}
COMMAND: POST /session/885acd6bfe44f64c6e2485c8ef54779e/elements - {"using":"xpath","value":"//*[@id=\"__item3191-__clone8586-imgNav\"]"}
RESULT: {"using":"xpath","value":"//*[@id=\"__item3191-__clone8586-imgNav\"]"}
COMMAND: POST /session/885acd6bfe44f64c6e2485c8ef54779e/elements - {"using":"xpath","value":"//*[@id=\"__item3191-__clone8586-imgNav\"]"}
RESULT: {"using":"xpath","value":"//*[@id=\"__item3191-__clone8586-imgNav\"]"}
COMMAND: POST /session/885acd6bfe44f64c6e2485c8ef54779e/elements - {"using":"xpath","value":"//*[@id=\"__item3191-__clone8586-imgNav\"]"}
RESULT: {"using":"xpath","value":"//*[@id=\"__item3191-__clone8586-imgNav\"]"}
COMMAND: POST /session/885acd6bfe44f64c6e2485c8ef54779e/elements - {"using":"xpath","value":"//*[@id=\"__item3191-__clone8586-imgNav\"]"}
RESULT: {"using":"xpath","value":"//*[@id=\"__item3191-__clone8586-imgNav\"]"}
COMMAND: POST /session/885acd6bfe44f64c6e2485c8ef54779e/elements - {"using":"xpath","value":"//*[@id=\"__item3191-__clone8586-imgNav\"]"}
RESULT: {"using":"xpath","value":"//*[@id=\"__item3191-__clone8586-imgNav\"]"}
COMMAND: POST /session/885acd6bfe44f64c6e2485c8ef54779e/elements - {"using":"xpath","value":"//*[@id=\"__item3191-__clone8586-imgNav\"]"}
RESULT: {"using":"xpath","value":"//*[@id=\"__item3191-__clone8586-imgNav\"]"}
COMMAND: POST /session/885acd6bfe44f64c6e2485c8ef54779e/elements - {"using":"xpath","value":"//*[@id=\"__item3191-__clone8586-imgNav\"]"}
RESULT: {"using":"xpath","value":"//*[@id=\"__item3191-__clone8586-imgNav\"]"}
COMMAND: POST /session/885acd6bfe44f64c6e2485c8ef54779e/elements - {"using":"xpath","value":"//*[@id=\"__item3191-__clone8586-imgNav\"]"}
RESULT: {"using":"xpath","value":"//*[@id=\"__item3191-__clone8586-imgNav\"]"}
COMMAND: POST /session/885acd6bfe44f64c6e2485c8ef54779e/elements - {"using":"xpath","value":"//*[@id=\"__item3191-__clone8586-imgNav\"]"}
RESULT: {"using":"xpath","value":"//*[@id=\"__item3191-__clone8586-imgNav\"]"}
COMMAND: POST /session/885acd6bfe44f64c6e2485c8ef54779e/elements - {"using":"xpath","value":"//*[@id=\"__item3191-__clone8586-imgNav\"]"}
RESULT: {"using":"xpath","value":"//*[@id=\"__item3191-__clone8586-imgNav\"]"}
COMMAND: POST /session/885acd6bfe44f64c6e2485c8ef54779e/elements - {"using":"xpath","value":"//*[@id=\"__item3191-__clone8586-imgNav\"]"}
RESULT: {"using":"xpath","value":"//*[@id=\"__item3191-__clone8586-imgNav\"]"}
COMMAND: POST /session/885acd6bfe44f64c6e2485c8ef54779e/elements - {"using":"xpath","value":"//*[@id=\"__item3191-__clone8586-imgNav\"]"}
RESULT: {"using":"xpath","value":"//*[@id=\"__item3191-__clone8586-imgNav\"]"}
COMMAND: POST /session/885acd6bfe44f64c6e2485c8ef54779e/elements - {"using":"xpath","value":"//*[@id=\"__item3191-__clone8586-imgNav\"]"}
RESULT: {"using":"xpath","value":"//*[@id=\"__item3191-__clone8586-imgNav\"]"}
COMMAND: POST /session/885acd6bfe44f64c6e2485c8ef54779e/elements - {"using":"xpath","value":"//*[@id=\"__item3191-__clone8586-imgNav\"]"}
RESULT: {"using":"xpath","value":"//*[@id=\"__item3191-__clone8586-imgNav\"]"}
COMMAND: POST /session/885acd6bfe44f64c6e2485c8ef54779e/elements - {"using":"xpath","value":"//*[@id=\"__item3191-__clone8586-imgNav\"]"}
RESULT: {"using":"xpath","value":"//*[@id=\"__item3191-__clone8586-imgNav\"]"}
COMMAND: POST /session/885acd6bfe44f64c6e2485c8ef54779e/elements - {"using":"xpath","value":"//*[@id=\"__item3191-__clone8586-imgNav\"]"}
RESULT: {"using":"xpath","value":"//*[@id=\"__item3191-__clone8586-imgNav\"]"}
COMMAND: POST /session/885acd6bfe44f64c6e2485c8ef54779e/elements - {"using":"xpath","value":"//*[@id=\"__item3191-__clone8586-imgNav\"]"}
RESULT: {"using":"xpath","value":"//*[@id=\"__item3191-__clone8586-imgNav\"]"}
COMMAND: POST /session/885acd6bfe44f64c6e2485c8ef54779e/elements - {"using":"xpath","value":"//*[@id=\"__item3191-__clone8586-imgNav\"]"}
RESULT: {"using":"xpath","value":"//*[@id=\"__item3191-__clone8586-imgNav\"]"}
COMMAND: POST /session/885acd6bfe44f64c6e2485c8ef54779e/elements - {"using":"xpath","value":"//*[@id=\"__item3191-__clone8586-imgNav\"]"}
RESULT: {"using":"xpath","value":"//*[@id=\"__item3191-__clone8586-imgNav\"]"}
COMMAND: POST /session/885acd6bfe44f64c6e2485c8ef54779e/elements - {"using":"xpath","value":"//*[@id=\"__item3191-__clone8586-imgNav\"]"}
RESULT: {"using":"xpath","value":"//*[@id=\"__item3191-__clone8586-imgNav\"]"}
COMMAND: POST /session/885acd6bfe44f64c6e2485c8ef54779e/elements - {"using":"xpath","value":"//*[@id=\"__item3191-__clone8586-imgNav\"]"}
RESULT: {"using":"xpath","value":"//*[@id=\"__item3191-__clone8586-imgNav\"]"}
COMMAND: POST /session/885acd6bfe44f64c6e2485c8ef54779e/elements - {"using":"xpath","value":"//*[@id=\"__item3191-__clone8586-imgNav\"]"}
RESULT: {"using":"xpath","value":"//*[@id=\"__item3191-__clone8586-imgNav\"]"}
COMMAND: POST /session/885acd6bfe44f64c6e2485c8ef54779e/elements - {"using":"xpath","value":"//*[@id=\"__item3191-__clone8586-imgNav\"]"}
RESULT: {"using":"xpath","value":"//*[@id=\"__item3191-__clone8586-imgNav\"]"}
COMMAND: POST /session/885acd6bfe44f64c6e2485c8ef54779e/elements - {"using":"xpath","value":"//*[@id=\"__item3191-__clone8586-imgNav\"]"}
RESULT: {"using":"xpath","value":"//*[@id=\"__item3191-__clone8586-imgNav\"]"}
COMMAND: POST /session/885acd6bfe44f64c6e2485c8ef54779e/elements - {"using":"xpath","value":"//*[@id=\"__item3191-__clone8586-imgNav\"]"}
RESULT: {"using":"xpath","value":"//*[@id=\"__item3191-__clone8586-imgNav\"]"}
COMMAND: POST /session/885acd6bfe44f64c6e2485c8ef54779e/elements - {"using":"xpath","value":"//*[@id=\"__item3191-__clone8586-imgNav\"]"}
RESULT: {"using":"xpath","value":"//*[@id=\"__item3191-__clone8586-imgNav\"]"}
COMMAND: POST /session/885acd6bfe44f64c6e2485c8ef54779e/elements - {"using":"xpath","value":"//*[@id=\"__item3191-__clone8586-imgNav\"]"}
RESULT: {"using":"xpath","value":"//*[@id=\"__item3191-__clone8586-imgNav\"]"}
COMMAND: POST /session/885acd6bfe44f64c6e2485c8ef54779e/elements - {"using":"xpath","value":"//*[@id=\"__item3191-__clone8586-imgNav\"]"}
RESULT: {"using":"xpath","value":"//*[@id=\"__item3191-__clone8586-imgNav\"]"}
COMMAND: POST /session/885acd6bfe44f64c6e2485c8ef54779e/elements - {"using":"xpath","value":"//*[@id=\"__item3191-__clone8586-imgNav\"]"}
RESULT: {"using":"xpath","value":"//*[@id=\"__item3191-__clone8586-imgNav\"]"}
COMMAND: POST /session/885acd6bfe44f64c6e2485c8ef54779e/elements - {"using":"xpath","value":"//*[@id=\"__item3191-__clone8586-imgNav\"]"}
RESULT: {"using":"xpath","value":"//*[@id=\"__item3191-__clone8586-imgNav\"]"}
COMMAND: POST /session/885acd6bfe44f64c6e2485c8ef54779e/elements - {"using":"xpath","value":"//*[@id=\"__item3191-__clone8586-imgNav\"]"}
RESULT: {"using":"xpath","value":"//*[@id=\"__item3191-__clone8586-imgNav\"]"}
COMMAND: POST /session/885acd6bfe44f64c6e2485c8ef54779e/elements - {"using":"xpath","value":"//*[@id=\"__item3191-__clone8586-imgNav\"]"}
RESULT: {"using":"xpath","value":"//*[@id=\"__item3191-__clone8586-imgNav\"]"}
COMMAND: POST /session/885acd6bfe44f64c6e2485c8ef54779e/elements - {"using":"xpath","value":"//*[@id=\"__item3191-__clone8586-imgNav\"]"}
RESULT: {"using":"xpath","value":"//*[@id=\"__item3191-__clone8586-imgNav\"]"}
COMMAND: POST /session/885acd6bfe44f64c6e2485c8ef54779e/elements - {"using":"xpath","value":"//*[@id=\"__item3191-__clone8586-imgNav\"]"}
RESULT: {"using":"xpath","value":"//*[@id=\"__item3191-__clone8586-imgNav\"]"}
COMMAND: POST /session/885acd6bfe44f64c6e2485c8ef54779e/elements - {"using":"xpath","value":"//*[@id=\"__item3191-__clone8586-imgNav\"]"}
RESULT: {"using":"xpath","value":"//*[@id=\"__item3191-__clone8586-imgNav\"]"}
COMMAND: POST /session/885acd6bfe44f64c6e2485c8ef54779e/elements - {"using":"xpath","value":"//*[@id=\"__item3191-__clone8586-imgNav\"]"}
RESULT: {"using":"xpath","value":"//*[@id=\"__item3191-__clone8586-imgNav\"]"}
COMMAND: POST /session/885acd6bfe44f64c6e2485c8ef54779e/elements - {"using":"xpath","value":"//*[@id=\"__item3191-__clone8586-imgNav\"]"}
RESULT: {"using":"xpath","value":"//*[@id=\"__item3191-__clone8586-imgNav\"]"}
COMMAND: POST /session/885acd6bfe44f64c6e2485c8ef54779e/elements - {"using":"xpath","value":"//*[@id=\"__item3191-__clone8586-imgNav\"]"}
RESULT: {"using":"xpath","value":"//*[@id=\"__item3191-__clone8586-imgNav\"]"}
COMMAND: POST /session/885acd6bfe44f64c6e2485c8ef54779e/elements - {"using":"xpath","value":"//*[@id=\"__item3191-__clone8586-imgNav\"]"}
RESULT: {"using":"xpath","value":"//*[@id=\"__item3191-__clone8586-imgNav\"]"}
COMMAND: POST /session/885acd6bfe44f64c6e2485c8ef54779e/elements - {"using":"xpath","value":"//*[@id=\"__item3191-__clone8586-imgNav\"]"}
RESULT: {"using":"xpath","value":"//*[@id=\"__item3191-__clone8586-imgNav\"]"}
COMMAND: POST /session/885acd6bfe44f64c6e2485c8ef54779e/elements - {"using":"xpath","value":"//*[@id=\"__item3191-__clone8586-imgNav\"]"}
RESULT: {"using":"xpath","value":"//*[@id=\"__item3191-__clone8586-imgNav\"]"}
COMMAND: POST /session/885acd6bfe44f64c6e2485c8ef54779e/elements - {"using":"xpath","value":"//*[@id=\"__item3191-__clone8586-imgNav\"]"}
RESULT: {"using":"xpath","value":"//*[@id=\"__item3191-__clone8586-imgNav\"]"}
COMMAND: POST /session/885acd6bfe44f64c6e2485c8ef54779e/elements - {"using":"xpath","value":"//*[@id=\"__item3191-__clone8586-imgNav\"]"}
RESULT: {"using":"xpath","value":"//*[@id=\"__item3191-__clone8586-imgNav\"]"}
COMMAND: POST /session/885acd6bfe44f64c6e2485c8ef54779e/elements - {"using":"xpath","value":"//*[@id=\"__item3191-__clone8586-imgNav\"]"}
RESULT: {"using":"xpath","value":"//*[@id=\"__item3191-__clone8586-imgNav\"]"}
COMMAND: POST /session/885acd6bfe44f64c6e2485c8ef54779e/elements - {"using":"xpath","value":"//*[@id=\"__item3191-__clone8586-imgNav\"]"}
RESULT: {"using":"xpath","value":"//*[@id=\"__item3191-__clone8586-imgNav\"]"}
COMMAND: POST /session/885acd6bfe44f64c6e2485c8ef54779e/elements - {"using":"xpath","value":"//*[@id=\"__item3191-__clone8586-imgNav\"]"}
RESULT: {"using":"xpath","value":"//*[@id=\"__item3191-__clone8586-imgNav\"]"}
COMMAND: POST /session/885acd6bfe44f64c6e2485c8ef54779e/elements - {"using":"xpath","value":"//*[@id=\"__item3191-__clone8586-imgNav\"]"}
RESULT: {"using":"xpath","value":"//*[@id=\"__item3191-__clone8586-imgNav\"]"}
COMMAND: POST /session/885acd6bfe44f64c6e2485c8ef54779e/elements - {"using":"xpath","value":"//*[@id=\"__item3191-__clone8586-imgNav\"]"}
RESULT: {"using":"xpath","value":"//*[@id=\"__item3191-__clone8586-imgNav\"]"}
COMMAND: POST /session/885acd6bfe44f64c6e2485c8ef54779e/elements - {"using":"xpath","value":"//*[@id=\"__item3191-__clone8586-imgNav\"]"}
RESULT: {"using":"xpath","value":"//*[@id=\"__item3191-__clone8586-imgNav\"]"}
COMMAND: POST /session/885acd6bfe44f64c6e2485c8ef54779e/elements - {"using":"xpath","value":"//*[@id=\"__item3191-__clone8586-imgNav\"]"}
RESULT: {"using":"xpath","value":"//*[@id=\"__item3191-__clone8586-imgNav\"]"}
COMMAND: POST /session/885acd6bfe44f64c6e2485c8ef54779e/elements - {"using":"xpath","value":"//*[@id=\"__item3191-__clone8586-imgNav\"]"}
RESULT: {"using":"xpath","value":"//*[@id=\"__item3191-__clone8586-imgNav\"]"}
COMMAND: POST /session/885acd6bfe44f64c6e2485c8ef54779e/elements - {"using":"xpath","value":"//*[@id=\"__item3191-__clone8586-imgNav\"]"}
RESULT: {"using":"xpath","value":"//*[@id=\"__item3191-__clone8586-imgNav\"]"}
COMMAND: POST /session/885acd6bfe44f64c6e2485c8ef54779e/elements - {"using":"xpath","value":"//*[@id=\"__item3191-__clone8586-imgNav\"]"}
RESULT: {"using":"xpath","value":"//*[@id=\"__item3191-__clone8586-imgNav\"]"}
COMMAND: POST /session/885acd6bfe44f64c6e2485c8ef54779e/elements - {"using":"xpath","value":"//*[@id=\"__item3191-__clone8586-imgNav\"]"}
RESULT: {"using":"xpath","value":"//*[@id=\"__item3191-__clone8586-imgNav\"]"}
COMMAND: POST /session/885acd6bfe44f64c6e2485c8ef54779e/elements - {"using":"xpath","value":"//*[@id=\"__item3191-__clone8586-imgNav\"]"}
RESULT: {"using":"xpath","value":"//*[@id=\"__item3191-__clone8586-imgNav\"]"}
COMMAND: POST /session/885acd6bfe44f64c6e2485c8ef54779e/elements - {"using":"xpath","value":"//*[@id=\"__item3191-__clone8586-imgNav\"]"}
RESULT: {"using":"xpath","value":"//*[@id=\"__item3191-__clone8586-imgNav\"]"}
COMMAND: POST /session/885acd6bfe44f64c6e2485c8ef54779e/elements - {"using":"xpath","value":"//*[@id=\"__item3191-__clone8586-imgNav\"]"}
RESULT: {"using":"xpath","value":"//*[@id=\"__item3191-__clone8586-imgNav\"]"}
COMMAND: POST /session/885acd6bfe44f64c6e2485c8ef54779e/elements - {"using":"xpath","value":"//*[@id=\"__item3191-__clone8586-imgNav\"]"}
RESULT: {"using":"xpath","value":"//*[@id=\"__item3191-__clone8586-imgNav\"]"}
COMMAND: POST /session/885acd6bfe44f64c6e2485c8ef54779e/elements - {"using":"xpath","value":"//*[@id=\"__item3191-__clone8586-imgNav\"]"}
RESULT: {"using":"xpath","value":"//*[@id=\"__item3191-__clone8586-imgNav\"]"}
COMMAND: POST /session/885acd6bfe44f64c6e2485c8ef54779e/elements - {"using":"xpath","value":"//*[@id=\"__item3191-__clone8586-imgNav\"]"}
RESULT: {"using":"xpath","value":"//*[@id=\"__item3191-__clone8586-imgNav\"]"}
COMMAND: POST /session/885acd6bfe44f64c6e2485c8ef54779e/elements - {"using":"xpath","value":"//*[@id=\"__item3191-__clone8586-imgNav\"]"}
RESULT: {"using":"xpath","value":"//*[@id=\"__item3191-__clone8586-imgNav\"]"}
COMMAND: POST /session/885acd6bfe44f64c6e2485c8ef54779e/elements - {"using":"xpath","value":"//*[@id=\"__item3191-__clone8586-imgNav\"]"}
RESULT: {"using":"xpath","value":"//*[@id=\"__item3191-__clone8586-imgNav\"]"}
COMMAND: POST /session/885acd6bfe44f64c6e2485c8ef54779e/elements - {"using":"xpath","value":"//*[@id=\"__item3191-__clone8586-imgNav\"]"}
RESULT: {"using":"xpath","value":"//*[@id=\"__item3191-__clone8586-imgNav\"]"}
COMMAND: POST /session/885acd6bfe44f64c6e2485c8ef54779e/elements - {"using":"xpath","value":"//*[@id=\"__item3191-__clone8586-imgNav\"]"}
RESULT: {"using":"xpath","value":"//*[@id=\"__item3191-__clone8586-imgNav\"]"}
COMMAND: POST /session/885acd6bfe44f64c6e2485c8ef54779e/elements - {"using":"xpath","value":"//*[@id=\"__item3191-__clone8586-imgNav\"]"}
RESULT: {"using":"xpath","value":"//*[@id=\"__item3191-__clone8586-imgNav\"]"}
COMMAND: POST /session/885acd6bfe44f64c6e2485c8ef54779e/elements - {"using":"xpath","value":"//*[@id=\"__item3191-__clone8586-imgNav\"]"}
RESULT: {"using":"xpath","value":"//*[@id=\"__item3191-__clone8586-imgNav\"]"}
COMMAND: POST /session/885acd6bfe44f64c6e2485c8ef54779e/elements - {"using":"xpath","value":"//*[@id=\"__item3191-__clone8586-imgNav\"]"}
RESULT: {"using":"xpath","value":"//*[@id=\"__item3191-__clone8586-imgNav\"]"}
COMMAND: POST /session/885acd6bfe44f64c6e2485c8ef54779e/elements - {"using":"xpath","value":"//*[@id=\"__item3191-__clone8586-imgNav\"]"}
RESULT: {"using":"xpath","value":"//*[@id=\"__item3191-__clone8586-imgNav\"]"}
COMMAND: POST /session/885acd6bfe44f64c6e2485c8ef54779e/elements - {"using":"xpath","value":"//*[@id=\"__item3191-__clone8586-imgNav\"]"}
RESULT: {"using":"xpath","value":"//*[@id=\"__item3191-__clone8586-imgNav\"]"}
COMMAND: POST /session/885acd6bfe44f64c6e2485c8ef54779e/elements - {"using":"xpath","value":"//*[@id=\"__item3191-__clone8586-imgNav\"]"}
RESULT: {"using":"xpath","value":"//*[@id=\"__item3191-__clone8586-imgNav\"]"}
COMMAND: POST /session/885acd6bfe44f64c6e2485c8ef54779e/elements - {"using":"xpath","value":"//*[@id=\"__item3191-__clone8586-imgNav\"]"}
RESULT: {"using":"xpath","value":"//*[@id=\"__item3191-__clone8586-imgNav\"]"}
COMMAND: POST /session/885acd6bfe44f64c6e2485c8ef54779e/elements - {"using":"xpath","value":"//*[@id=\"__item3191-__clone8586-imgNav\"]"}
RESULT: {"using":"xpath","value":"//*[@id=\"__item3191-__clone8586-imgNav\"]"}
COMMAND: POST /session/885acd6bfe44f64c6e2485c8ef54779e/elements - {"using":"xpath","value":"//*[@id=\"__item3191-__clone8586-imgNav\"]"}
RESULT: {"using":"xpath","value":"//*[@id=\"__item3191-__clone8586-imgNav\"]"}
COMMAND: POST /session/885acd6bfe44f64c6e2485c8ef54779e/elements - {"using":"xpath","value":"//*[@id=\"__item3191-__clone8586-imgNav\"]"}
RESULT: {"using":"xpath","value":"//*[@id=\"__item3191-__clone8586-imgNav\"]"}
COMMAND: POST /session/885acd6bfe44f64c6e2485c8ef54779e/elements - {"using":"xpath","value":"//*[@id=\"__item3191-__clone8586-imgNav\"]"}
RESULT: {"using":"xpath","value":"//*[@id=\"__item3191-__clone8586-imgNav\"]"}
COMMAND: POST /session/885acd6bfe44f64c6e2485c8ef54779e/elements - {"using":"xpath","value":"//*[@id=\"__item3191-__clone8586-imgNav\"]"}
RESULT: {"using":"xpath","value":"//*[@id=\"__item3191-__clone8586-imgNav\"]"}
COMMAND: POST /session/885acd6bfe44f64c6e2485c8ef54779e/elements - {"using":"xpath","value":"//*[@id=\"__item3191-__clone8586-imgNav\"]"}
RESULT: {"using":"xpath","value":"//*[@id=\"__item3191-__clone8586-imgNav\"]"}
COMMAND: POST /session/885acd6bfe44f64c6e2485c8ef54779e/elements - {"using":"xpath","value":"//*[@id=\"__item3191-__clone8586-imgNav\"]"}
RESULT: {"using":"xpath","value":"//*[@id=\"__item3191-__clone8586-imgNav\"]"}
COMMAND: POST /session/885acd6bfe44f64c6e2485c8ef54779e/elements - {"using":"xpath","value":"//*[@id=\"__item3191-__clone8586-imgNav\"]"}
RESULT: {"using":"xpath","value":"//*[@id=\"__item3191-__clone8586-imgNav\"]"}
COMMAND: POST /session/885acd6bfe44f64c6e2485c8ef54779e/elements - {"using":"xpath","value":"//*[@id=\"__item3191-__clone8586-imgNav\"]"}
RESULT: {"using":"xpath","value":"//*[@id=\"__item3191-__clone8586-imgNav\"]"}
COMMAND: POST /session/885acd6bfe44f64c6e2485c8ef54779e/elements - {"using":"xpath","value":"//*[@id=\"__item3191-__clone8586-imgNav\"]"}
RESULT: {"using":"xpath","value":"//*[@id=\"__item3191-__clone8586-imgNav\"]"}
COMMAND: POST /session/885acd6bfe44f64c6e2485c8ef54779e/elements - {"using":"xpath","value":"//*[@id=\"__item3191-__clone8586-imgNav\"]"}
RESULT: {"using":"xpath","value":"//*[@id=\"__item3191-__clone8586-imgNav\"]"}
COMMAND: POST /session/885acd6bfe44f64c6e2485c8ef54779e/elements - {"using":"xpath","value":"//*[@id=\"__item3191-__clone8586-imgNav\"]"}
RESULT: {"using":"xpath","value":"//*[@id=\"__item3191-__clone8586-imgNav\"]"}
COMMAND: POST /session/885acd6bfe44f64c6e2485c8ef54779e/elements - {"using":"xpath","value":"//*[@id=\"__item3191-__clone8586-imgNav\"]"}
RESULT: {"using":"xpath","value":"//*[@id=\"__item3191-__clone8586-imgNav\"]"}
COMMAND: POST /session/885acd6bfe44f64c6e2485c8ef54779e/elements - {"using":"xpath","value":"//*[@id=\"__item3191-__clone8586-imgNav\"]"}
RESULT: {"using":"xpath","value":"//*[@id=\"__item3191-__clone8586-imgNav\"]"}
COMMAND: POST /session/885acd6bfe44f64c6e2485c8ef54779e/elements - {"using":"xpath","value":"//*[@id=\"__item3191-__clone8586-imgNav\"]"}
RESULT: {"using":"xpath","value":"//*[@id=\"__item3191-__clone8586-imgNav\"]"}
COMMAND: POST /session/885acd6bfe44f64c6e2485c8ef54779e/elements - {"using":"xpath","value":"//*[@id=\"__item3191-__clone8586-imgNav\"]"}
RESULT: {"using":"xpath","value":"//*[@id=\"__item3191-__clone8586-imgNav\"]"}
COMMAND: POST /session/885acd6bfe44f64c6e2485c8ef54779e/elements - {"using":"xpath","value":"//*[@id=\"__item3191-__clone8586-imgNav\"]"}
RESULT: {"using":"xpath","value":"//*[@id=\"__item3191-__clone8586-imgNav\"]"}
COMMAND: POST /session/885acd6bfe44f64c6e2485c8ef54779e/elements - {"using":"xpath","value":"//*[@id=\"__item3191-__clone8586-imgNav\"]"}
RESULT: {"using":"xpath","value":"//*[@id=\"__item3191-__clone8586-imgNav\"]"}
COMMAND: POST /session/885acd6bfe44f64c6e2485c8ef54779e/execute/async - {"script":"<script> [1562 bytes]","args":[{"selector":{"controlType":"sap.m.Button","viewName":"etm.portal.ui.managehandovers.view.DetailExecuteHO","i18NText":{"propertyName":"text","key":"confirmAll"},"interaction":{"idSuffix":"BDI-content"}},"wdio_ui5_key":"etmportal.ui.managehandovers.view.DetailExecuteHOsap.m.Button{\"propertyName\":\"text\",\"key\":\"confirmAll\"}"}]}
RESULT: {"script":"<script> [1562 bytes]","args":[{"selector":{"controlType":"sap.m.Button","viewName":"etm.portal.ui.managehandovers.view.DetailExecuteHO","i18NText":{"propertyName":"text","key":"confirmAll"},"interaction":{"idSuffix":"BDI-content"}},"wdio_ui5_key":"etmportal.ui.managehandovers.view.DetailExecuteHOsap.m.Button{\"propertyName\":\"text\",\"key\":\"confirmAll\"}"}]}
RESULT: undefined
COMMAND: POST /session/885acd6bfe44f64c6e2485c8ef54779e/actions - {"actions":[{"id":"action68","type":"key","parameters":{},"actions":[{"type":"keyDown","value":"î€‡"},{"type":"pause","duration":10},{"type":"keyUp","value":"î€‡"}]}]}
RESULT: {"actions":[{"id":"action68","type":"key","parameters":{},"actions":[{"type":"keyDown","value":"î€‡"},{"type":"pause","duration":10},{"type":"keyUp","value":"î€‡"}]}]}
COMMAND: GET /session/885acd6bfe44f64c6e2485c8ef54779e/screenshot - {}
RESULT: {}
COMMAND: POST /session/885acd6bfe44f64c6e2485c8ef54779e/execute/async - {"script":"<script> [1562 bytes]","args":[{"selector":{"id":"confirmationButton","viewName":"etm.portal.ui.managehandovers.view.DetailExecuteHO","properties":{"text":"Issue"},"interaction":{"idSuffix":"BDI-content"}},"wdio_ui5_key":"confirmationButtonetmportal.ui.managehandovers.view.DetailExecuteHO{\"text\":\"Issue\"}"}]}
RESULT: {"script":"<script> [1562 bytes]","args":[{"selector":{"id":"confirmationButton","viewName":"etm.portal.ui.managehandovers.view.DetailExecuteHO","properties":{"text":"Issue"},"interaction":{"idSuffix":"BDI-content"}},"wdio_ui5_key":"confirmationButtonetmportal.ui.managehandovers.view.DetailExecuteHO{\"text\":\"Issue\"}"}]}
RESULT: undefined
RESULT: undefined
COMMAND: POST /session/885acd6bfe44f64c6e2485c8ef54779e/execute/async - {"script":"<script> [776 bytes]","args":[{"enterText":"30622","selector":{"controlType":"sap.m.SearchField","viewName":"etm.portal.ui.managehandovers.view.MasterHO","bindingPath":{"propertyPath":"/_BASIC_SEARCH_FIELD","modelName":"fi1t3rM0d31"},"interaction":{"idSuffix":"I"}},"clearTextFirst":true,"interactionType":"ENTER_TEXT"}]}
RESULT: {"script":"<script> [776 bytes]","args":[{"enterText":"30622","selector":{"controlType":"sap.m.SearchField","viewName":"etm.portal.ui.managehandovers.view.MasterHO","bindingPath":{"propertyPath":"/_BASIC_SEARCH_FIELD","modelName":"fi1t3rM0d31"},"interaction":{"idSuffix":"I"}},"clearTextFirst":true,"interactionType":"ENTER_TEXT"}]}
COMMAND: POST /session/885acd6bfe44f64c6e2485c8ef54779e/actions - {"actions":[{"id":"action69","type":"key","parameters":{},"actions":[{"type":"keyDown","value":"î€‡"},{"type":"pause","duration":10},{"type":"keyUp","value":"î€‡"}]}]}
RESULT: {"actions":[{"id":"action69","type":"key","parameters":{},"actions":[{"type":"keyDown","value":"î€‡"},{"type":"pause","duration":10},{"type":"keyUp","value":"î€‡"}]}]}
COMMAND: GET /session/885acd6bfe44f64c6e2485c8ef54779e/screenshot - {}
RESULT: {}
RESULT: undefined
COMMAND: POST /session/885acd6bfe44f64c6e2485c8ef54779e/element - {"using":"xpath","value":"//*[@id=\"__item3191-__clone8586-imgNav\"]"}
RESULT: {"using":"xpath","value":"//*[@id=\"__item3191-__clone8586-imgNav\"]"}
COMMAND: POST /session/885acd6bfe44f64c6e2485c8ef54779e/elements - {"using":"xpath","value":"//*[@id=\"__item3191-__clone8586-imgNav\"]"}
RESULT: {"using":"xpath","value":"//*[@id=\"__item3191-__clone8586-imgNav\"]"}
COMMAND: POST /session/885acd6bfe44f64c6e2485c8ef54779e/elements - {"using":"xpath","value":"//*[@id=\"__item3191-__clone8586-imgNav\"]"}
RESULT: {"using":"xpath","value":"//*[@id=\"__item3191-__clone8586-imgNav\"]"}
COMMAND: POST /session/885acd6bfe44f64c6e2485c8ef54779e/elements - {"using":"xpath","value":"//*[@id=\"__item3191-__clone8586-imgNav\"]"}
RESULT: {"using":"xpath","value":"//*[@id=\"__item3191-__clone8586-imgNav\"]"}
COMMAND: POST /session/885acd6bfe44f64c6e2485c8ef54779e/elements - {"using":"xpath","value":"//*[@id=\"__item3191-__clone8586-imgNav\"]"}
RESULT: {"using":"xpath","value":"//*[@id=\"__item3191-__clone8586-imgNav\"]"}
COMMAND: POST /session/885acd6bfe44f64c6e2485c8ef54779e/elements - {"using":"xpath","value":"//*[@id=\"__item3191-__clone8586-imgNav\"]"}
RESULT: {"using":"xpath","value":"//*[@id=\"__item3191-__clone8586-imgNav\"]"}
COMMAND: POST /session/885acd6bfe44f64c6e2485c8ef54779e/elements - {"using":"xpath","value":"//*[@id=\"__item3191-__clone8586-imgNav\"]"}
RESULT: {"using":"xpath","value":"//*[@id=\"__item3191-__clone8586-imgNav\"]"}
COMMAND: POST /session/885acd6bfe44f64c6e2485c8ef54779e/elements - {"using":"xpath","value":"//*[@id=\"__item3191-__clone8586-imgNav\"]"}
RESULT: {"using":"xpath","value":"//*[@id=\"__item3191-__clone8586-imgNav\"]"}
COMMAND: POST /session/885acd6bfe44f64c6e2485c8ef54779e/elements - {"using":"xpath","value":"//*[@id=\"__item3191-__clone8586-imgNav\"]"}
RESULT: {"using":"xpath","value":"//*[@id=\"__item3191-__clone8586-imgNav\"]"}
COMMAND: POST /session/885acd6bfe44f64c6e2485c8ef54779e/elements - {"using":"xpath","value":"//*[@id=\"__item3191-__clone8586-imgNav\"]"}
RESULT: {"using":"xpath","value":"//*[@id=\"__item3191-__clone8586-imgNav\"]"}
COMMAND: POST /session/885acd6bfe44f64c6e2485c8ef54779e/elements - {"using":"xpath","value":"//*[@id=\"__item3191-__clone8586-imgNav\"]"}
RESULT: {"using":"xpath","value":"//*[@id=\"__item3191-__clone8586-imgNav\"]"}
COMMAND: POST /session/885acd6bfe44f64c6e2485c8ef54779e/elements - {"using":"xpath","value":"//*[@id=\"__item3191-__clone8586-imgNav\"]"}
RESULT: {"using":"xpath","value":"//*[@id=\"__item3191-__clone8586-imgNav\"]"}
COMMAND: POST /session/885acd6bfe44f64c6e2485c8ef54779e/elements - {"using":"xpath","value":"//*[@id=\"__item3191-__clone8586-imgNav\"]"}
RESULT: {"using":"xpath","value":"//*[@id=\"__item3191-__clone8586-imgNav\"]"}
COMMAND: POST /session/885acd6bfe44f64c6e2485c8ef54779e/elements - {"using":"xpath","value":"//*[@id=\"__item3191-__clone8586-imgNav\"]"}
RESULT: {"using":"xpath","value":"//*[@id=\"__item3191-__clone8586-imgNav\"]"}
COMMAND: POST /session/885acd6bfe44f64c6e2485c8ef54779e/elements - {"using":"xpath","value":"//*[@id=\"__item3191-__clone8586-imgNav\"]"}
RESULT: {"using":"xpath","value":"//*[@id=\"__item3191-__clone8586-imgNav\"]"}
COMMAND: POST /session/885acd6bfe44f64c6e2485c8ef54779e/elements - {"using":"xpath","value":"//*[@id=\"__item3191-__clone8586-imgNav\"]"}
RESULT: {"using":"xpath","value":"//*[@id=\"__item3191-__clone8586-imgNav\"]"}
COMMAND: POST /session/885acd6bfe44f64c6e2485c8ef54779e/elements - {"using":"xpath","value":"//*[@id=\"__item3191-__clone8586-imgNav\"]"}
RESULT: {"using":"xpath","value":"//*[@id=\"__item3191-__clone8586-imgNav\"]"}
COMMAND: POST /session/885acd6bfe44f64c6e2485c8ef54779e/elements - {"using":"xpath","value":"//*[@id=\"__item3191-__clone8586-imgNav\"]"}
RESULT: {"using":"xpath","value":"//*[@id=\"__item3191-__clone8586-imgNav\"]"}
COMMAND: POST /session/885acd6bfe44f64c6e2485c8ef54779e/elements - {"using":"xpath","value":"//*[@id=\"__item3191-__clone8586-imgNav\"]"}
RESULT: {"using":"xpath","value":"//*[@id=\"__item3191-__clone8586-imgNav\"]"}
COMMAND: POST /session/885acd6bfe44f64c6e2485c8ef54779e/elements - {"using":"xpath","value":"//*[@id=\"__item3191-__clone8586-imgNav\"]"}
RESULT: {"using":"xpath","value":"//*[@id=\"__item3191-__clone8586-imgNav\"]"}
COMMAND: POST /session/885acd6bfe44f64c6e2485c8ef54779e/elements - {"using":"xpath","value":"//*[@id=\"__item3191-__clone8586-imgNav\"]"}
RESULT: {"using":"xpath","value":"//*[@id=\"__item3191-__clone8586-imgNav\"]"}
COMMAND: POST /session/885acd6bfe44f64c6e2485c8ef54779e/elements - {"using":"xpath","value":"//*[@id=\"__item3191-__clone8586-imgNav\"]"}
RESULT: {"using":"xpath","value":"//*[@id=\"__item3191-__clone8586-imgNav\"]"}
COMMAND: POST /session/885acd6bfe44f64c6e2485c8ef54779e/elements - {"using":"xpath","value":"//*[@id=\"__item3191-__clone8586-imgNav\"]"}
RESULT: {"using":"xpath","value":"//*[@id=\"__item3191-__clone8586-imgNav\"]"}
COMMAND: POST /session/885acd6bfe44f64c6e2485c8ef54779e/elements - {"using":"xpath","value":"//*[@id=\"__item3191-__clone8586-imgNav\"]"}
RESULT: {"using":"xpath","value":"//*[@id=\"__item3191-__clone8586-imgNav\"]"}
COMMAND: POST /session/885acd6bfe44f64c6e2485c8ef54779e/elements - {"using":"xpath","value":"//*[@id=\"__item3191-__clone8586-imgNav\"]"}
RESULT: {"using":"xpath","value":"//*[@id=\"__item3191-__clone8586-imgNav\"]"}
COMMAND: POST /session/885acd6bfe44f64c6e2485c8ef54779e/elements - {"using":"xpath","value":"//*[@id=\"__item3191-__clone8586-imgNav\"]"}
RESULT: {"using":"xpath","value":"//*[@id=\"__item3191-__clone8586-imgNav\"]"}
COMMAND: POST /session/885acd6bfe44f64c6e2485c8ef54779e/elements - {"using":"xpath","value":"//*[@id=\"__item3191-__clone8586-imgNav\"]"}
RESULT: {"using":"xpath","value":"//*[@id=\"__item3191-__clone8586-imgNav\"]"}
COMMAND: POST /session/885acd6bfe44f64c6e2485c8ef54779e/elements - {"using":"xpath","value":"//*[@id=\"__item3191-__clone8586-imgNav\"]"}
RESULT: {"using":"xpath","value":"//*[@id=\"__item3191-__clone8586-imgNav\"]"}
COMMAND: POST /session/885acd6bfe44f64c6e2485c8ef54779e/elements - {"using":"xpath","value":"//*[@id=\"__item3191-__clone8586-imgNav\"]"}
RESULT: {"using":"xpath","value":"//*[@id=\"__item3191-__clone8586-imgNav\"]"}
COMMAND: POST /session/885acd6bfe44f64c6e2485c8ef54779e/elements - {"using":"xpath","value":"//*[@id=\"__item3191-__clone8586-imgNav\"]"}
RESULT: {"using":"xpath","value":"//*[@id=\"__item3191-__clone8586-imgNav\"]"}
COMMAND: POST /session/885acd6bfe44f64c6e2485c8ef54779e/elements - {"using":"xpath","value":"//*[@id=\"__item3191-__clone8586-imgNav\"]"}
RESULT: {"using":"xpath","value":"//*[@id=\"__item3191-__clone8586-imgNav\"]"}
COMMAND: POST /session/885acd6bfe44f64c6e2485c8ef54779e/elements - {"using":"xpath","value":"//*[@id=\"__item3191-__clone8586-imgNav\"]"}
RESULT: {"using":"xpath","value":"//*[@id=\"__item3191-__clone8586-imgNav\"]"}
COMMAND: POST /session/885acd6bfe44f64c6e2485c8ef54779e/elements - {"using":"xpath","value":"//*[@id=\"__item3191-__clone8586-imgNav\"]"}
RESULT: {"using":"xpath","value":"//*[@id=\"__item3191-__clone8586-imgNav\"]"}
COMMAND: POST /session/885acd6bfe44f64c6e2485c8ef54779e/elements - {"using":"xpath","value":"//*[@id=\"__item3191-__clone8586-imgNav\"]"}
RESULT: {"using":"xpath","value":"//*[@id=\"__item3191-__clone8586-imgNav\"]"}
COMMAND: POST /session/885acd6bfe44f64c6e2485c8ef54779e/elements - {"using":"xpath","value":"//*[@id=\"__item3191-__clone8586-imgNav\"]"}
RESULT: {"using":"xpath","value":"//*[@id=\"__item3191-__clone8586-imgNav\"]"}
COMMAND: POST /session/885acd6bfe44f64c6e2485c8ef54779e/elements - {"using":"xpath","value":"//*[@id=\"__item3191-__clone8586-imgNav\"]"}
RESULT: {"using":"xpath","value":"//*[@id=\"__item3191-__clone8586-imgNav\"]"}
COMMAND: POST /session/885acd6bfe44f64c6e2485c8ef54779e/elements - {"using":"xpath","value":"//*[@id=\"__item3191-__clone8586-imgNav\"]"}
RESULT: {"using":"xpath","value":"//*[@id=\"__item3191-__clone8586-imgNav\"]"}
COMMAND: POST /session/885acd6bfe44f64c6e2485c8ef54779e/elements - {"using":"xpath","value":"//*[@id=\"__item3191-__clone8586-imgNav\"]"}
RESULT: {"using":"xpath","value":"//*[@id=\"__item3191-__clone8586-imgNav\"]"}
COMMAND: POST /session/885acd6bfe44f64c6e2485c8ef54779e/elements - {"using":"xpath","value":"//*[@id=\"__item3191-__clone8586-imgNav\"]"}
RESULT: {"using":"xpath","value":"//*[@id=\"__item3191-__clone8586-imgNav\"]"}
COMMAND: POST /session/885acd6bfe44f64c6e2485c8ef54779e/elements - {"using":"xpath","value":"//*[@id=\"__item3191-__clone8586-imgNav\"]"}
RESULT: {"using":"xpath","value":"//*[@id=\"__item3191-__clone8586-imgNav\"]"}
COMMAND: POST /session/885acd6bfe44f64c6e2485c8ef54779e/elements - {"using":"xpath","value":"//*[@id=\"__item3191-__clone8586-imgNav\"]"}
RESULT: {"using":"xpath","value":"//*[@id=\"__item3191-__clone8586-imgNav\"]"}
COMMAND: POST /session/885acd6bfe44f64c6e2485c8ef54779e/elements - {"using":"xpath","value":"//*[@id=\"__item3191-__clone8586-imgNav\"]"}
RESULT: {"using":"xpath","value":"//*[@id=\"__item3191-__clone8586-imgNav\"]"}
COMMAND: POST /session/885acd6bfe44f64c6e2485c8ef54779e/elements - {"using":"xpath","value":"//*[@id=\"__item3191-__clone8586-imgNav\"]"}
RESULT: {"using":"xpath","value":"//*[@id=\"__item3191-__clone8586-imgNav\"]"}
COMMAND: POST /session/885acd6bfe44f64c6e2485c8ef54779e/elements - {"using":"xpath","value":"//*[@id=\"__item3191-__clone8586-imgNav\"]"}
RESULT: {"using":"xpath","value":"//*[@id=\"__item3191-__clone8586-imgNav\"]"}
COMMAND: POST /session/885acd6bfe44f64c6e2485c8ef54779e/elements - {"using":"xpath","value":"//*[@id=\"__item3191-__clone8586-imgNav\"]"}
RESULT: {"using":"xpath","value":"//*[@id=\"__item3191-__clone8586-imgNav\"]"}
COMMAND: POST /session/885acd6bfe44f64c6e2485c8ef54779e/elements - {"using":"xpath","value":"//*[@id=\"__item3191-__clone8586-imgNav\"]"}
RESULT: {"using":"xpath","value":"//*[@id=\"__item3191-__clone8586-imgNav\"]"}
COMMAND: POST /session/885acd6bfe44f64c6e2485c8ef54779e/elements - {"using":"xpath","value":"//*[@id=\"__item3191-__clone8586-imgNav\"]"}
RESULT: {"using":"xpath","value":"//*[@id=\"__item3191-__clone8586-imgNav\"]"}
COMMAND: POST /session/885acd6bfe44f64c6e2485c8ef54779e/elements - {"using":"xpath","value":"//*[@id=\"__item3191-__clone8586-imgNav\"]"}
RESULT: {"using":"xpath","value":"//*[@id=\"__item3191-__clone8586-imgNav\"]"}
COMMAND: POST /session/885acd6bfe44f64c6e2485c8ef54779e/elements - {"using":"xpath","value":"//*[@id=\"__item3191-__clone8586-imgNav\"]"}
RESULT: {"using":"xpath","value":"//*[@id=\"__item3191-__clone8586-imgNav\"]"}
COMMAND: POST /session/885acd6bfe44f64c6e2485c8ef54779e/elements - {"using":"xpath","value":"//*[@id=\"__item3191-__clone8586-imgNav\"]"}
RESULT: {"using":"xpath","value":"//*[@id=\"__item3191-__clone8586-imgNav\"]"}
COMMAND: POST /session/885acd6bfe44f64c6e2485c8ef54779e/elements - {"using":"xpath","value":"//*[@id=\"__item3191-__clone8586-imgNav\"]"}
RESULT: {"using":"xpath","value":"//*[@id=\"__item3191-__clone8586-imgNav\"]"}
COMMAND: POST /session/885acd6bfe44f64c6e2485c8ef54779e/elements - {"using":"xpath","value":"//*[@id=\"__item3191-__clone8586-imgNav\"]"}
RESULT: {"using":"xpath","value":"//*[@id=\"__item3191-__clone8586-imgNav\"]"}
COMMAND: POST /session/885acd6bfe44f64c6e2485c8ef54779e/elements - {"using":"xpath","value":"//*[@id=\"__item3191-__clone8586-imgNav\"]"}
RESULT: {"using":"xpath","value":"//*[@id=\"__item3191-__clone8586-imgNav\"]"}
COMMAND: POST /session/885acd6bfe44f64c6e2485c8ef54779e/elements - {"using":"xpath","value":"//*[@id=\"__item3191-__clone8586-imgNav\"]"}
RESULT: {"using":"xpath","value":"//*[@id=\"__item3191-__clone8586-imgNav\"]"}
COMMAND: POST /session/885acd6bfe44f64c6e2485c8ef54779e/elements - {"using":"xpath","value":"//*[@id=\"__item3191-__clone8586-imgNav\"]"}
RESULT: {"using":"xpath","value":"//*[@id=\"__item3191-__clone8586-imgNav\"]"}
COMMAND: POST /session/885acd6bfe44f64c6e2485c8ef54779e/elements - {"using":"xpath","value":"//*[@id=\"__item3191-__clone8586-imgNav\"]"}
RESULT: {"using":"xpath","value":"//*[@id=\"__item3191-__clone8586-imgNav\"]"}
COMMAND: POST /session/885acd6bfe44f64c6e2485c8ef54779e/elements - {"using":"xpath","value":"//*[@id=\"__item3191-__clone8586-imgNav\"]"}
RESULT: {"using":"xpath","value":"//*[@id=\"__item3191-__clone8586-imgNav\"]"}
COMMAND: POST /session/885acd6bfe44f64c6e2485c8ef54779e/elements - {"using":"xpath","value":"//*[@id=\"__item3191-__clone8586-imgNav\"]"}
RESULT: {"using":"xpath","value":"//*[@id=\"__item3191-__clone8586-imgNav\"]"}
COMMAND: POST /session/885acd6bfe44f64c6e2485c8ef54779e/elements - {"using":"xpath","value":"//*[@id=\"__item3191-__clone8586-imgNav\"]"}
RESULT: {"using":"xpath","value":"//*[@id=\"__item3191-__clone8586-imgNav\"]"}
COMMAND: POST /session/885acd6bfe44f64c6e2485c8ef54779e/elements - {"using":"xpath","value":"//*[@id=\"__item3191-__clone8586-imgNav\"]"}
RESULT: {"using":"xpath","value":"//*[@id=\"__item3191-__clone8586-imgNav\"]"}
COMMAND: POST /session/885acd6bfe44f64c6e2485c8ef54779e/elements - {"using":"xpath","value":"//*[@id=\"__item3191-__clone8586-imgNav\"]"}
RESULT: {"using":"xpath","value":"//*[@id=\"__item3191-__clone8586-imgNav\"]"}
COMMAND: POST /session/885acd6bfe44f64c6e2485c8ef54779e/elements - {"using":"xpath","value":"//*[@id=\"__item3191-__clone8586-imgNav\"]"}
RESULT: {"using":"xpath","value":"//*[@id=\"__item3191-__clone8586-imgNav\"]"}
COMMAND: POST /session/885acd6bfe44f64c6e2485c8ef54779e/elements - {"using":"xpath","value":"//*[@id=\"__item3191-__clone8586-imgNav\"]"}
RESULT: {"using":"xpath","value":"//*[@id=\"__item3191-__clone8586-imgNav\"]"}
COMMAND: POST /session/885acd6bfe44f64c6e2485c8ef54779e/elements - {"using":"xpath","value":"//*[@id=\"__item3191-__clone8586-imgNav\"]"}
RESULT: {"using":"xpath","value":"//*[@id=\"__item3191-__clone8586-imgNav\"]"}
COMMAND: POST /session/885acd6bfe44f64c6e2485c8ef54779e/elements - {"using":"xpath","value":"//*[@id=\"__item3191-__clone8586-imgNav\"]"}
RESULT: {"using":"xpath","value":"//*[@id=\"__item3191-__clone8586-imgNav\"]"}
COMMAND: POST /session/885acd6bfe44f64c6e2485c8ef54779e/elements - {"using":"xpath","value":"//*[@id=\"__item3191-__clone8586-imgNav\"]"}
RESULT: {"using":"xpath","value":"//*[@id=\"__item3191-__clone8586-imgNav\"]"}
COMMAND: POST /session/885acd6bfe44f64c6e2485c8ef54779e/elements - {"using":"xpath","value":"//*[@id=\"__item3191-__clone8586-imgNav\"]"}
RESULT: {"using":"xpath","value":"//*[@id=\"__item3191-__clone8586-imgNav\"]"}
COMMAND: POST /session/885acd6bfe44f64c6e2485c8ef54779e/elements - {"using":"xpath","value":"//*[@id=\"__item3191-__clone8586-imgNav\"]"}
RESULT: {"using":"xpath","value":"//*[@id=\"__item3191-__clone8586-imgNav\"]"}
COMMAND: POST /session/885acd6bfe44f64c6e2485c8ef54779e/elements - {"using":"xpath","value":"//*[@id=\"__item3191-__clone8586-imgNav\"]"}
RESULT: {"using":"xpath","value":"//*[@id=\"__item3191-__clone8586-imgNav\"]"}
COMMAND: POST /session/885acd6bfe44f64c6e2485c8ef54779e/elements - {"using":"xpath","value":"//*[@id=\"__item3191-__clone8586-imgNav\"]"}
RESULT: {"using":"xpath","value":"//*[@id=\"__item3191-__clone8586-imgNav\"]"}
COMMAND: POST /session/885acd6bfe44f64c6e2485c8ef54779e/elements - {"using":"xpath","value":"//*[@id=\"__item3191-__clone8586-imgNav\"]"}
RESULT: {"using":"xpath","value":"//*[@id=\"__item3191-__clone8586-imgNav\"]"}
COMMAND: POST /session/885acd6bfe44f64c6e2485c8ef54779e/elements - {"using":"xpath","value":"//*[@id=\"__item3191-__clone8586-imgNav\"]"}
RESULT: {"using":"xpath","value":"//*[@id=\"__item3191-__clone8586-imgNav\"]"}
COMMAND: POST /session/885acd6bfe44f64c6e2485c8ef54779e/elements - {"using":"xpath","value":"//*[@id=\"__item3191-__clone8586-imgNav\"]"}
RESULT: {"using":"xpath","value":"//*[@id=\"__item3191-__clone8586-imgNav\"]"}
COMMAND: POST /session/885acd6bfe44f64c6e2485c8ef54779e/elements - {"using":"xpath","value":"//*[@id=\"__item3191-__clone8586-imgNav\"]"}
RESULT: {"using":"xpath","value":"//*[@id=\"__item3191-__clone8586-imgNav\"]"}
COMMAND: POST /session/885acd6bfe44f64c6e2485c8ef54779e/elements - {"using":"xpath","value":"//*[@id=\"__item3191-__clone8586-imgNav\"]"}
RESULT: {"using":"xpath","value":"//*[@id=\"__item3191-__clone8586-imgNav\"]"}
COMMAND: POST /session/885acd6bfe44f64c6e2485c8ef54779e/elements - {"using":"xpath","value":"//*[@id=\"__item3191-__clone8586-imgNav\"]"}
RESULT: {"using":"xpath","value":"//*[@id=\"__item3191-__clone8586-imgNav\"]"}
COMMAND: POST /session/885acd6bfe44f64c6e2485c8ef54779e/elements - {"using":"xpath","value":"//*[@id=\"__item3191-__clone8586-imgNav\"]"}
RESULT: {"using":"xpath","value":"//*[@id=\"__item3191-__clone8586-imgNav\"]"}
COMMAND: POST /session/885acd6bfe44f64c6e2485c8ef54779e/elements - {"using":"xpath","value":"//*[@id=\"__item3191-__clone8586-imgNav\"]"}
RESULT: {"using":"xpath","value":"//*[@id=\"__item3191-__clone8586-imgNav\"]"}
COMMAND: POST /session/885acd6bfe44f64c6e2485c8ef54779e/elements - {"using":"xpath","value":"//*[@id=\"__item3191-__clone8586-imgNav\"]"}
RESULT: {"using":"xpath","value":"//*[@id=\"__item3191-__clone8586-imgNav\"]"}
COMMAND: POST /session/885acd6bfe44f64c6e2485c8ef54779e/elements - {"using":"xpath","value":"//*[@id=\"__item3191-__clone8586-imgNav\"]"}
RESULT: {"using":"xpath","value":"//*[@id=\"__item3191-__clone8586-imgNav\"]"}
COMMAND: POST /session/885acd6bfe44f64c6e2485c8ef54779e/elements - {"using":"xpath","value":"//*[@id=\"__item3191-__clone8586-imgNav\"]"}
RESULT: {"using":"xpath","value":"//*[@id=\"__item3191-__clone8586-imgNav\"]"}
COMMAND: POST /session/885acd6bfe44f64c6e2485c8ef54779e/elements - {"using":"xpath","value":"//*[@id=\"__item3191-__clone8586-imgNav\"]"}
RESULT: {"using":"xpath","value":"//*[@id=\"__item3191-__clone8586-imgNav\"]"}
COMMAND: POST /session/885acd6bfe44f64c6e2485c8ef54779e/elements - {"using":"xpath","value":"//*[@id=\"__item3191-__clone8586-imgNav\"]"}
RESULT: {"using":"xpath","value":"//*[@id=\"__item3191-__clone8586-imgNav\"]"}
COMMAND: POST /session/885acd6bfe44f64c6e2485c8ef54779e/elements - {"using":"xpath","value":"//*[@id=\"__item3191-__clone8586-imgNav\"]"}
RESULT: {"using":"xpath","value":"//*[@id=\"__item3191-__clone8586-imgNav\"]"}
COMMAND: POST /session/885acd6bfe44f64c6e2485c8ef54779e/elements - {"using":"xpath","value":"//*[@id=\"__item3191-__clone8586-imgNav\"]"}
RESULT: {"using":"xpath","value":"//*[@id=\"__item3191-__clone8586-imgNav\"]"}
COMMAND: POST /session/885acd6bfe44f64c6e2485c8ef54779e/elements - {"using":"xpath","value":"//*[@id=\"__item3191-__clone8586-imgNav\"]"}
RESULT: {"using":"xpath","value":"//*[@id=\"__item3191-__clone8586-imgNav\"]"}
COMMAND: POST /session/885acd6bfe44f64c6e2485c8ef54779e/elements - {"using":"xpath","value":"//*[@id=\"__item3191-__clone8586-imgNav\"]"}
RESULT: {"using":"xpath","value":"//*[@id=\"__item3191-__clone8586-imgNav\"]"}
COMMAND: POST /session/885acd6bfe44f64c6e2485c8ef54779e/elements - {"using":"xpath","value":"//*[@id=\"__item3191-__clone8586-imgNav\"]"}
RESULT: {"using":"xpath","value":"//*[@id=\"__item3191-__clone8586-imgNav\"]"}
COMMAND: POST /session/885acd6bfe44f64c6e2485c8ef54779e/elements - {"using":"xpath","value":"//*[@id=\"__item3191-__clone8586-imgNav\"]"}
RESULT: {"using":"xpath","value":"//*[@id=\"__item3191-__clone8586-imgNav\"]"}
COMMAND: POST /session/885acd6bfe44f64c6e2485c8ef54779e/elements - {"using":"xpath","value":"//*[@id=\"__item3191-__clone8586-imgNav\"]"}
RESULT: {"using":"xpath","value":"//*[@id=\"__item3191-__clone8586-imgNav\"]"}
COMMAND: POST /session/885acd6bfe44f64c6e2485c8ef54779e/elements - {"using":"xpath","value":"//*[@id=\"__item3191-__clone8586-imgNav\"]"}
RESULT: {"using":"xpath","value":"//*[@id=\"__item3191-__clone8586-imgNav\"]"}
COMMAND: POST /session/885acd6bfe44f64c6e2485c8ef54779e/elements - {"using":"xpath","value":"//*[@id=\"__item3191-__clone8586-imgNav\"]"}
RESULT: {"using":"xpath","value":"//*[@id=\"__item3191-__clone8586-imgNav\"]"}
COMMAND: POST /session/885acd6bfe44f64c6e2485c8ef54779e/elements - {"using":"xpath","value":"//*[@id=\"__item3191-__clone8586-imgNav\"]"}
RESULT: {"using":"xpath","value":"//*[@id=\"__item3191-__clone8586-imgNav\"]"}
COMMAND: POST /session/885acd6bfe44f64c6e2485c8ef54779e/elements - {"using":"xpath","value":"//*[@id=\"__item3191-__clone8586-imgNav\"]"}
RESULT: {"using":"xpath","value":"//*[@id=\"__item3191-__clone8586-imgNav\"]"}
COMMAND: POST /session/885acd6bfe44f64c6e2485c8ef54779e/elements - {"using":"xpath","value":"//*[@id=\"__item3191-__clone8586-imgNav\"]"}
RESULT: {"using":"xpath","value":"//*[@id=\"__item3191-__clone8586-imgNav\"]"}
COMMAND: POST /session/885acd6bfe44f64c6e2485c8ef54779e/elements - {"using":"xpath","value":"//*[@id=\"__item3191-__clone8586-imgNav\"]"}
RESULT: {"using":"xpath","value":"//*[@id=\"__item3191-__clone8586-imgNav\"]"}
COMMAND: POST /session/885acd6bfe44f64c6e2485c8ef54779e/elements - {"using":"xpath","value":"//*[@id=\"__item3191-__clone8586-imgNav\"]"}
RESULT: {"using":"xpath","value":"//*[@id=\"__item3191-__clone8586-imgNav\"]"}
COMMAND: POST /session/885acd6bfe44f64c6e2485c8ef54779e/elements - {"using":"xpath","value":"//*[@id=\"__item3191-__clone8586-imgNav\"]"}
RESULT: {"using":"xpath","value":"//*[@id=\"__item3191-__clone8586-imgNav\"]"}
COMMAND: POST /session/885acd6bfe44f64c6e2485c8ef54779e/elements - {"using":"xpath","value":"//*[@id=\"__item3191-__clone8586-imgNav\"]"}
RESULT: {"using":"xpath","value":"//*[@id=\"__item3191-__clone8586-imgNav\"]"}
COMMAND: POST /session/885acd6bfe44f64c6e2485c8ef54779e/elements - {"using":"xpath","value":"//*[@id=\"__item3191-__clone8586-imgNav\"]"}
RESULT: {"using":"xpath","value":"//*[@id=\"__item3191-__clone8586-imgNav\"]"}
COMMAND: POST /session/885acd6bfe44f64c6e2485c8ef54779e/elements - {"using":"xpath","value":"//*[@id=\"__item3191-__clone8586-imgNav\"]"}
RESULT: {"using":"xpath","value":"//*[@id=\"__item3191-__clone8586-imgNav\"]"}
COMMAND: POST /session/885acd6bfe44f64c6e2485c8ef54779e/elements - {"using":"xpath","value":"//*[@id=\"__item3191-__clone8586-imgNav\"]"}
RESULT: {"using":"xpath","value":"//*[@id=\"__item3191-__clone8586-imgNav\"]"}
COMMAND: POST /session/885acd6bfe44f64c6e2485c8ef54779e/elements - {"using":"xpath","value":"//*[@id=\"__item3191-__clone8586-imgNav\"]"}
RESULT: {"using":"xpath","value":"//*[@id=\"__item3191-__clone8586-imgNav\"]"}
COMMAND: POST /session/885acd6bfe44f64c6e2485c8ef54779e/elements - {"using":"xpath","value":"//*[@id=\"__item3191-__clone8586-imgNav\"]"}
RESULT: {"using":"xpath","value":"//*[@id=\"__item3191-__clone8586-imgNav\"]"}
COMMAND: POST /session/885acd6bfe44f64c6e2485c8ef54779e/elements - {"using":"xpath","value":"//*[@id=\"__item3191-__clone8586-imgNav\"]"}
RESULT: {"using":"xpath","value":"//*[@id=\"__item3191-__clone8586-imgNav\"]"}
COMMAND: POST /session/885acd6bfe44f64c6e2485c8ef54779e/elements - {"using":"xpath","value":"//*[@id=\"__item3191-__clone8586-imgNav\"]"}
RESULT: {"using":"xpath","value":"//*[@id=\"__item3191-__clone8586-imgNav\"]"}
COMMAND: POST /session/885acd6bfe44f64c6e2485c8ef54779e/elements - {"using":"xpath","value":"//*[@id=\"__item3191-__clone8586-imgNav\"]"}
RESULT: {"using":"xpath","value":"//*[@id=\"__item3191-__clone8586-imgNav\"]"}
COMMAND: POST /session/885acd6bfe44f64c6e2485c8ef54779e/elements - {"using":"xpath","value":"//*[@id=\"__item3191-__clone8586-imgNav\"]"}
RESULT: {"using":"xpath","value":"//*[@id=\"__item3191-__clone8586-imgNav\"]"}
COMMAND: POST /session/885acd6bfe44f64c6e2485c8ef54779e/elements - {"using":"xpath","value":"//*[@id=\"__item3191-__clone8586-imgNav\"]"}
RESULT: {"using":"xpath","value":"//*[@id=\"__item3191-__clone8586-imgNav\"]"}
COMMAND: POST /session/885acd6bfe44f64c6e2485c8ef54779e/elements - {"using":"xpath","value":"//*[@id=\"__item3191-__clone8586-imgNav\"]"}
RESULT: {"using":"xpath","value":"//*[@id=\"__item3191-__clone8586-imgNav\"]"}
COMMAND: POST /session/885acd6bfe44f64c6e2485c8ef54779e/elements - {"using":"xpath","value":"//*[@id=\"__item3191-__clone8586-imgNav\"]"}
RESULT: {"using":"xpath","value":"//*[@id=\"__item3191-__clone8586-imgNav\"]"}
COMMAND: POST /session/885acd6bfe44f64c6e2485c8ef54779e/elements - {"using":"xpath","value":"//*[@id=\"__item3191-__clone8586-imgNav\"]"}
RESULT: {"using":"xpath","value":"//*[@id=\"__item3191-__clone8586-imgNav\"]"}
COMMAND: POST /session/885acd6bfe44f64c6e2485c8ef54779e/elements - {"using":"xpath","value":"//*[@id=\"__item3191-__clone8586-imgNav\"]"}
RESULT: {"using":"xpath","value":"//*[@id=\"__item3191-__clone8586-imgNav\"]"}
COMMAND: POST /session/885acd6bfe44f64c6e2485c8ef54779e/elements - {"using":"xpath","value":"//*[@id=\"__item3191-__clone8586-imgNav\"]"}
RESULT: {"using":"xpath","value":"//*[@id=\"__item3191-__clone8586-imgNav\"]"}
COMMAND: POST /session/885acd6bfe44f64c6e2485c8ef54779e/elements - {"using":"xpath","value":"//*[@id=\"__item3191-__clone8586-imgNav\"]"}
RESULT: {"using":"xpath","value":"//*[@id=\"__item3191-__clone8586-imgNav\"]"}
COMMAND: POST /session/885acd6bfe44f64c6e2485c8ef54779e/elements - {"using":"xpath","value":"//*[@id=\"__item3191-__clone8586-imgNav\"]"}
RESULT: {"using":"xpath","value":"//*[@id=\"__item3191-__clone8586-imgNav\"]"}
COMMAND: POST /session/885acd6bfe44f64c6e2485c8ef54779e/elements - {"using":"xpath","value":"//*[@id=\"__item3191-__clone8586-imgNav\"]"}
RESULT: {"using":"xpath","value":"//*[@id=\"__item3191-__clone8586-imgNav\"]"}
COMMAND: POST /session/885acd6bfe44f64c6e2485c8ef54779e/elements - {"using":"xpath","value":"//*[@id=\"__item3191-__clone8586-imgNav\"]"}
RESULT: {"using":"xpath","value":"//*[@id=\"__item3191-__clone8586-imgNav\"]"}
COMMAND: POST /session/885acd6bfe44f64c6e2485c8ef54779e/elements - {"using":"xpath","value":"//*[@id=\"__item3191-__clone8586-imgNav\"]"}
RESULT: {"using":"xpath","value":"//*[@id=\"__item3191-__clone8586-imgNav\"]"}
COMMAND: POST /session/885acd6bfe44f64c6e2485c8ef54779e/elements - {"using":"xpath","value":"//*[@id=\"__item3191-__clone8586-imgNav\"]"}
RESULT: {"using":"xpath","value":"//*[@id=\"__item3191-__clone8586-imgNav\"]"}
COMMAND: POST /session/885acd6bfe44f64c6e2485c8ef54779e/elements - {"using":"xpath","value":"//*[@id=\"__item3191-__clone8586-imgNav\"]"}
RESULT: {"using":"xpath","value":"//*[@id=\"__item3191-__clone8586-imgNav\"]"}
COMMAND: POST /session/885acd6bfe44f64c6e2485c8ef54779e/elements - {"using":"xpath","value":"//*[@id=\"__item3191-__clone8586-imgNav\"]"}
RESULT: {"using":"xpath","value":"//*[@id=\"__item3191-__clone8586-imgNav\"]"}
COMMAND: POST /session/885acd6bfe44f64c6e2485c8ef54779e/execute/async - {"script":"<script> [1562 bytes]","args":[{"selector":{"id":"instructionsTabFilter","viewName":"etm.portal.ui.managehandovers.view.DetailExecuteHO","interaction":{"idSuffix":"text"}},"wdio_ui5_key":"instructionsTabFilteretmportal.ui.managehandovers.view.DetailExecuteHO"}]}
RESULT: {"script":"<script> [1562 bytes]","args":[{"selector":{"id":"instructionsTabFilter","viewName":"etm.portal.ui.managehandovers.view.DetailExecuteHO","interaction":{"idSuffix":"text"}},"wdio_ui5_key":"instructionsTabFilteretmportal.ui.managehandovers.view.DetailExecuteHO"}]}
RESULT: undefined
RESULT: undefined
COMMAND: POST /session/885acd6bfe44f64c6e2485c8ef54779e/execute/async - {"script":"<script> [1562 bytes]","args":[{"selector":{"controlType":"sap.m.ComboBox","viewName":"etm.portal.ui.managehandovers.view.DetailExecuteHO","bindingPath":{"propertyPath":"RECEIVING_SECTION","modelName":"catalogModel"},"interaction":{"idSuffix":"inner"}},"wdio_ui5_key":"etmportal.ui.managehandovers.view.DetailExecuteHOsap.m.ComboBox{\"propertyPath\":\"RECEIVING_SECTION\",\"modelName\":\"catalogModel\"}"}]}
RESULT: {"script":"<script> [1562 bytes]","args":[{"selector":{"controlType":"sap.m.ComboBox","viewName":"etm.portal.ui.managehandovers.view.DetailExecuteHO","bindingPath":{"propertyPath":"RECEIVING_SECTION","modelName":"catalogModel"},"interaction":{"idSuffix":"inner"}},"wdio_ui5_key":"etmportal.ui.managehandovers.view.DetailExecuteHOsap.m.ComboBox{\"propertyPath\":\"RECEIVING_SECTION\",\"modelName\":\"catalogModel\"}"}]}
RESULT: undefined
COMMAND: POST /session/885acd6bfe44f64c6e2485c8ef54779e/actions - {"actions":[{"id":"action70","type":"key","parameters":{},"actions":[{"type":"keyDown","value":"î€‡"},{"type":"pause","duration":10},{"type":"keyUp","value":"î€‡"}]}]}
RESULT: {"actions":[{"id":"action70","type":"key","parameters":{},"actions":[{"type":"keyDown","value":"î€‡"},{"type":"pause","duration":10},{"type":"keyUp","value":"î€‡"}]}]}
COMMAND: GET /session/885acd6bfe44f64c6e2485c8ef54779e/screenshot - {}
RESULT: {}
COMMAND: POST /session/885acd6bfe44f64c6e2485c8ef54779e/execute/async - {"script":"<script> [1562 bytes]","args":[{"selector":{"id":"confirmationButton","viewName":"etm.portal.ui.managehandovers.view.DetailExecuteHO","properties":{"text":"Receive"},"interaction":{"idSuffix":"BDI-content"}},"wdio_ui5_key":"confirmationButtonetmportal.ui.managehandovers.view.DetailExecuteHO{\"text\":\"Receive\"}"}]}
RESULT: {"script":"<script> [1562 bytes]","args":[{"selector":{"id":"confirmationButton","viewName":"etm.portal.ui.managehandovers.view.DetailExecuteHO","properties":{"text":"Receive"},"interaction":{"idSuffix":"BDI-content"}},"wdio_ui5_key":"confirmationButtonetmportal.ui.managehandovers.view.DetailExecuteHO{\"text\":\"Receive\"}"}]}
RESULT: undefined
COMMAND: POST /session/885acd6bfe44f64c6e2485c8ef54779e/execute/async - {"script":"<script> [1562 bytes]","args":[{"selector":{"controlType":"sap.m.Button","properties":{"text":"Continue"},"searchOpenDialogs":true,"interaction":{"idSuffix":"content"}},"wdio_ui5_key":"sapm.Button{\"text\":\"Continue\"}"}]}
RESULT: {"script":"<script> [1562 bytes]","args":[{"selector":{"controlType":"sap.m.Button","properties":{"text":"Continue"},"searchOpenDialogs":true,"interaction":{"idSuffix":"content"}},"wdio_ui5_key":"sapm.Button{\"text\":\"Continue\"}"}]}
RESULT: undefined
COMMAND: POST /session/885acd6bfe44f64c6e2485c8ef54779e/element - {"using":"css selector","value":"#j_username"}
COMMAND: POST /session/885acd6bfe44f64c6e2485c8ef54779e/url - {"url":"https://qa-testing-00-live-etm-ui.cfapps.eu10-004.hana.ondemand.com/"}
RESULT: {"using":"css selector","value":"#j_username"}
COMMAND: POST /session/885acd6bfe44f64c6e2485c8ef54779e/element - {"using":"css selector","value":"#j_username"}
RESULT: {"url":"https://qa-testing-00-live-etm-ui.cfapps.eu10-004.hana.ondemand.com/"}
RESULT: undefined
COMMAND: GET /session/885acd6bfe44f64c6e2485c8ef54779e/screenshot - {}
RESULT: {"using":"css selector","value":"#j_username"}
COMMAND: POST /session/885acd6bfe44f64c6e2485c8ef54779e/element - {"using":"css selector","value":"#shell-header-logo"}
RESULT: {}
RESULT: {"using":"css selector","value":"#shell-header-logo"}
COMMAND: POST /session/885acd6bfe44f64c6e2485c8ef54779e/execute/sync - {"script":"<script> [8489 bytes]","args":[{"element-6066-11e4-a52e-4f735466cecf":"f.F53CD083946FCE278F3961FDA51ABBA8.d.C14DE5B314C9878FA1A8ED8D7EED058A.e.15707","ELEMENT":"f.F53CD083946FCE278F3961FDA51ABBA8.d.C14DE5B314C9878FA1A8ED8D7EED058A.e.15707"}]}
RESULT: {"script":"<script> [8489 bytes]","args":[{"element-6066-11e4-a52e-4f735466cecf":"f.F53CD083946FCE278F3961FDA51ABBA8.d.C14DE5B314C9878FA1A8ED8D7EED058A.e.15707","ELEMENT":"f.F53CD083946FCE278F3961FDA51ABBA8.d.C14DE5B314C9878FA1A8ED8D7EED058A.e.15707"}]}
COMMAND: POST /session/885acd6bfe44f64c6e2485c8ef54779e/element - {"using":"css selector","value":"#shell-header-logo"}
COMMAND: GET /session/885acd6bfe44f64c6e2485c8ef54779e/screenshot - {}
RESULT: {"using":"css selector","value":"#shell-header-logo"}
COMMAND: POST /session/885acd6bfe44f64c6e2485c8ef54779e/execute/sync - {"script":"<script> [8489 bytes]","args":[{"element-6066-11e4-a52e-4f735466cecf":"f.F53CD083946FCE278F3961FDA51ABBA8.d.C14DE5B314C9878FA1A8ED8D7EED058A.e.15707","ELEMENT":"f.F53CD083946FCE278F3961FDA51ABBA8.d.C14DE5B314C9878FA1A8ED8D7EED058A.e.15707"}]}
RESULT: {}
RESULT: {"script":"<script> [8489 bytes]","args":[{"element-6066-11e4-a52e-4f735466cecf":"f.F53CD083946FCE278F3961FDA51ABBA8.d.C14DE5B314C9878FA1A8ED8D7EED058A.e.15707","ELEMENT":"f.F53CD083946FCE278F3961FDA51ABBA8.d.C14DE5B314C9878FA1A8ED8D7EED058A.e.15707"}]}
COMMAND: POST /session/885acd6bfe44f64c6e2485c8ef54779e/execute/sync - {"script":"<script> [5351 bytes]","args":[{"element-6066-11e4-a52e-4f735466cecf":"f.F53CD083946FCE278F3961FDA51ABBA8.d.C14DE5B314C9878FA1A8ED8D7EED058A.e.15707","ELEMENT":"f.F53CD083946FCE278F3961FDA51ABBA8.d.C14DE5B314C9878FA1A8ED8D7EED058A.e.15707"}]}
COMMAND: GET /session/885acd6bfe44f64c6e2485c8ef54779e/screenshot - {}
RESULT: {"script":"<script> [5351 bytes]","args":[{"element-6066-11e4-a52e-4f735466cecf":"f.F53CD083946FCE278F3961FDA51ABBA8.d.C14DE5B314C9878FA1A8ED8D7EED058A.e.15707","ELEMENT":"f.F53CD083946FCE278F3961FDA51ABBA8.d.C14DE5B314C9878FA1A8ED8D7EED058A.e.15707"}]}
COMMAND: POST /session/885acd6bfe44f64c6e2485c8ef54779e/element - {"using":"css selector","value":"#shell-header-logo"}
RESULT: {}
COMMAND: GET /session/885acd6bfe44f64c6e2485c8ef54779e/screenshot - {}
RESULT: {"using":"css selector","value":"#shell-header-logo"}
COMMAND: POST /session/885acd6bfe44f64c6e2485c8ef54779e/element/f.F53CD083946FCE278F3961FDA51ABBA8.d.C14DE5B314C9878FA1A8ED8D7EED058A.e.15707/click - {}
RESULT: {}
RESULT: {}
COMMAND: GET /session/885acd6bfe44f64c6e2485c8ef54779e/screenshot - {}
RESULT: {}
COMMAND: POST /session/885acd6bfe44f64c6e2485c8ef54779e/execute/async - {"script":"<script> [189 bytes]","args":[]}
RESULT: {"script":"<script> [189 bytes]","args":[]}
COMMAND: POST /session/885acd6bfe44f64c6e2485c8ef54779e/execute/async - {"script":"<script> [123 bytes]","args":[]}
RESULT: {"script":"<script> [123 bytes]","args":[]}
COMMAND: POST /session/885acd6bfe44f64c6e2485c8ef54779e/timeouts - {"script":"<number>"}
RESULT: {"script":"<number>"}
COMMAND: GET /session/885acd6bfe44f64c6e2485c8ef54779e/timeouts - {}
RESULT: {}
RESULT: undefined
COMMAND: POST /session/885acd6bfe44f64c6e2485c8ef54779e/execute/async - {"script":"<script> [2676 bytes]","args":[]}
RESULT: {"script":"<script> [2676 bytes]","args":[]}
COMMAND: POST /session/885acd6bfe44f64c6e2485c8ef54779e/execute/async - {"script":"<script> [2342 bytes]","args":[{"protocol":"http","hostname":"0.0.0.0","path":"/","capabilities":{"browserName":"chrome","goog:chromeOptions":{"binary":"C:\\Program Files\\Google\\Chrome\\Application\\chrome.exe","args":["--start-maximized"]}},"logLevel":"warn","connectionRetryTimeout":120000,"connectionRetryCount":3,"logLevels":{},"enableDirectConnect":true,"strictSSL":true,"_":"65 more keys: [\"cacheDir\",\"port\",\"requestedCapabilities\",\"automationProtocol\",\"baseUrl\",\"waitforInterval\",\"waitforTimeout\",\"onReload\",\"beforeCommand\",\"afterCommand\",\"rootDir\",\"specs\",\"suites\",\"exclude\",\"groupLogsByTestSpec\",\"excludeDriverLogs\",\"bail\",\"framework\",\"reporters\",\"services\",\"maxInstances\",\"maxInstancesPerCapability\",\"injectGlobals\",\"filesToWatch\",\"execArgv\",\"runnerEnv\",\"runner\",\"shard\",\"specFileRetries\",\"specFileRetriesDelay\",\"specFileRetriesDeferred\",\"reporterSyncInterval\",\"reporterSyncTimeout\",\"cucumberFeaturesWithLineNumbers\",\"autoCompileOpts\",\"mochaOpts\",\"jasmineOpts\",\"cucumberOpts\",\"onPrepare\",\"onWorkerStart\",\"onWorkerEnd\",\"before\",\"beforeSession\",\"beforeSuite\",\"beforeHook\",\"beforeTest\",\"afterTest\",\"afterHook\",\"afterSuite\",\"afterSession\",\"after\",\"onComplete\",\"beforeAssertion\",\"afterAssertion\",\"beforeFeature\",\"beforeScenario\",\"beforeStep\",\"afterStep\",\"afterScenario\",\"afterFeature\",\"_\",\"suite\",\"$0\",\"ignoredWorkerServices\",\"wdi5\"]"}]}
RESULT: {"script":"<script> [2342 bytes]","args":[{"protocol":"http","hostname":"0.0.0.0","path":"/","capabilities":{"browserName":"chrome","goog:chromeOptions":{"binary":"C:\\Program Files\\Google\\Chrome\\Application\\chrome.exe","args":["--start-maximized"]}},"logLevel":"warn","connectionRetryTimeout":120000,"connectionRetryCount":3,"logLevels":{},"enableDirectConnect":true,"strictSSL":true,"_":"65 more keys: [\"cacheDir\",\"port\",\"requestedCapabilities\",\"automationProtocol\",\"baseUrl\",\"waitforInterval\",\"waitforTimeout\",\"onReload\",\"beforeCommand\",\"afterCommand\",\"rootDir\",\"specs\",\"suites\",\"exclude\",\"groupLogsByTestSpec\",\"excludeDriverLogs\",\"bail\",\"framework\",\"reporters\",\"services\",\"maxInstances\",\"maxInstancesPerCapability\",\"injectGlobals\",\"filesToWatch\",\"execArgv\",\"runnerEnv\",\"runner\",\"shard\",\"specFileRetries\",\"specFileRetriesDelay\",\"specFileRetriesDeferred\",\"reporterSyncInterval\",\"reporterSyncTimeout\",\"cucumberFeaturesWithLineNumbers\",\"autoCompileOpts\",\"mochaOpts\",\"jasmineOpts\",\"cucumberOpts\",\"onPrepare\",\"onWorkerStart\",\"onWorkerEnd\",\"before\",\"beforeSession\",\"beforeSuite\",\"beforeHook\",\"beforeTest\",\"afterTest\",\"afterHook\",\"afterSuite\",\"afterSession\",\"after\",\"onComplete\",\"beforeAssertion\",\"afterAssertion\",\"beforeFeature\",\"beforeScenario\",\"beforeStep\",\"afterStep\",\"afterScenario\",\"afterFeature\",\"_\",\"suite\",\"$0\",\"ignoredWorkerServices\",\"wdi5\"]"}]}
COMMAND: POST /session/885acd6bfe44f64c6e2485c8ef54779e/execute/async - {"script":"<script> [21126 bytes]","args":[35000]}
RESULT: {"script":"<script> [21126 bytes]","args":[35000]}
COMMAND: POST /session/885acd6bfe44f64c6e2485c8ef54779e/window/maximize - {}
RESULT: {}
COMMAND: POST /session/885acd6bfe44f64c6e2485c8ef54779e/execute/async - {"script":"<script> [1562 bytes]","args":[{"selector":{"id":"shell-header","interaction":{"idSuffix":"icon"}},"wdio_ui5_key":"shellheader"}]}
COMMAND: GET /session/885acd6bfe44f64c6e2485c8ef54779e/screenshot - {}
RESULT: {"script":"<script> [1562 bytes]","args":[{"selector":{"id":"shell-header","interaction":{"idSuffix":"icon"}},"wdio_ui5_key":"shellheader"}]}
RESULT: undefined
]]></system-out>
    </testcase>
  </testsuite>
  <testsuite timestamp="2025-05-01T17:31:52" time="431.745" tests="6" failures="6" errors="6" skipped="0">
    <properties>
      <property name="specId" value="0" />
      <property name="suiteName" value="Return from Site w/ warehouse management w/ clarification US125588" />
      <property name="capabilities" value="chrome.135_0_7049_96.windows" />
      <property name="file" value="file:///D:/a/1/s/test/specs/HTR/return-from-site-w-warehouse-management-w-clarification.spec.js" />
    </properties>
  </testsuite>
  <testsuite timestamp="2025-05-01T17:39:03" time="407.387" tests="7" failures="7" errors="7" skipped="0">
    <properties>
      <property name="specId" value="0" />
      <property name="suiteName" value="Provide to Site w/ warehouse management w clarification" />
      <property name="capabilities" value="chrome.135_0_7049_96.windows" />
      <property name="file" value="file:///D:/a/1/s/test/specs/HTR/return-from-site-w-warehouse-management-w-clarification.spec.js" />
    </properties>
  </testsuite>
  <testsuite timestamp="2025-05-01T17:45:51" time="466.973" tests="9" failures="7" errors="7" skipped="0">
    <properties>
      <property name="specId" value="0" />
      <property name="suiteName" value="Create masterdata for Yard Overview - trigger provide US130988" />
      <property name="capabilities" value="chrome.135_0_7049_96.windows" />
      <property name="file" value="file:///D:/a/1/s/test/specs/HTR/stock-decrease.spec.js" />
    </properties>
    <testcase classname="chrome.135_0_7049_96.windows.Create_masterdata_for_Yard_Overview_-_trigger_provide_US130988" name="create a whm for yard" time="46.146">
      <system-out><![CDATA[
COMMAND: POST /session/885acd6bfe44f64c6e2485c8ef54779e/element - {"using":"css selector","value":"#shell-header-icon"}
COMMAND: GET /session/885acd6bfe44f64c6e2485c8ef54779e/screenshot - {}
RESULT: {"using":"css selector","value":"#shell-header-icon"}
COMMAND: POST /session/885acd6bfe44f64c6e2485c8ef54779e/execute/sync - {"script":"<script> [8489 bytes]","args":[{"element-6066-11e4-a52e-4f735466cecf":"f.F53CD083946FCE278F3961FDA51ABBA8.d.0CDB295881C9AE8737B3C0293D0E1F0C.e.16377","ELEMENT":"f.F53CD083946FCE278F3961FDA51ABBA8.d.0CDB295881C9AE8737B3C0293D0E1F0C.e.16377"}]}
RESULT: {}
RESULT: {"script":"<script> [8489 bytes]","args":[{"element-6066-11e4-a52e-4f735466cecf":"f.F53CD083946FCE278F3961FDA51ABBA8.d.0CDB295881C9AE8737B3C0293D0E1F0C.e.16377","ELEMENT":"f.F53CD083946FCE278F3961FDA51ABBA8.d.0CDB295881C9AE8737B3C0293D0E1F0C.e.16377"}]}
COMMAND: GET /session/885acd6bfe44f64c6e2485c8ef54779e/element/f.F53CD083946FCE278F3961FDA51ABBA8.d.0CDB295881C9AE8737B3C0293D0E1F0C.e.16377/enabled - {}
COMMAND: GET /session/885acd6bfe44f64c6e2485c8ef54779e/screenshot - {}
RESULT: {}
COMMAND: POST /session/885acd6bfe44f64c6e2485c8ef54779e/element/f.F53CD083946FCE278F3961FDA51ABBA8.d.0CDB295881C9AE8737B3C0293D0E1F0C.e.16377/click - {}
COMMAND: GET /session/885acd6bfe44f64c6e2485c8ef54779e/screenshot - {}
RESULT: {}
RESULT: {}
COMMAND: GET /session/885acd6bfe44f64c6e2485c8ef54779e/screenshot - {}
RESULT: {}
RESULT: {}
COMMAND: POST /session/885acd6bfe44f64c6e2485c8ef54779e/element - {"using":"xpath","value":"//div[text()='Warehouse']"}
RESULT: {"using":"xpath","value":"//div[text()='Warehouse']"}
COMMAND: POST /session/885acd6bfe44f64c6e2485c8ef54779e/elements - {"using":"xpath","value":"//div[text()='Warehouse']"}
RESULT: {"using":"xpath","value":"//div[text()='Warehouse']"}
COMMAND: POST /session/885acd6bfe44f64c6e2485c8ef54779e/element/f.F53CD083946FCE278F3961FDA51ABBA8.d.0CDB295881C9AE8737B3C0293D0E1F0C.e.16875/click - {}
RESULT: {}
COMMAND: POST /session/885acd6bfe44f64c6e2485c8ef54779e/element - {"using":"xpath","value":"//span[text()='Manage Warehouse Movements']"}
COMMAND: GET /session/885acd6bfe44f64c6e2485c8ef54779e/screenshot - {}
RESULT: {"using":"xpath","value":"//span[text()='Manage Warehouse Movements']"}
COMMAND: POST /session/885acd6bfe44f64c6e2485c8ef54779e/elements - {"using":"xpath","value":"//span[text()='Manage Warehouse Movements']"}
RESULT: {}
RESULT: {"using":"xpath","value":"//span[text()='Manage Warehouse Movements']"}
COMMAND: POST /session/885acd6bfe44f64c6e2485c8ef54779e/element - {"using":"xpath","value":"//input[@id='application-warehousemovements-display-component---warehouseMovements--smartFilterBar-filterItemControl_BASIC-YARD-inner']"}
RESULT: {"using":"xpath","value":"//input[@id='application-warehousemovements-display-component---warehouseMovements--smartFilterBar-filterItemControl_BASIC-YARD-inner']"}
COMMAND: POST /session/885acd6bfe44f64c6e2485c8ef54779e/element - {"using":"xpath","value":"//input[@id='application-warehousemovements-display-component---warehouseMovements--smartFilterBar-filterItemControl_BASIC-YARD-inner']"}
RESULT: {"using":"xpath","value":"//input[@id='application-warehousemovements-display-component---warehouseMovements--smartFilterBar-filterItemControl_BASIC-YARD-inner']"}
COMMAND: POST /session/885acd6bfe44f64c6e2485c8ef54779e/actions - {"actions":[{"id":"action73","type":"key","parameters":{},"actions":[{"type":"keyDown","value":"î€‡"},{"type":"pause","duration":10},{"type":"keyUp","value":"î€‡"}]}]}
RESULT: {"actions":[{"id":"action73","type":"key","parameters":{},"actions":[{"type":"keyDown","value":"î€‡"},{"type":"pause","duration":10},{"type":"keyUp","value":"î€‡"}]}]}
COMMAND: POST /session/885acd6bfe44f64c6e2485c8ef54779e/element - {"using":"xpath","value":"(//*[@title=\"Add New Movement\"])[1]"}
COMMAND: GET /session/885acd6bfe44f64c6e2485c8ef54779e/screenshot - {}
RESULT: {"using":"xpath","value":"(//*[@title=\"Add New Movement\"])[1]"}
COMMAND: POST /session/885acd6bfe44f64c6e2485c8ef54779e/element - {"using":"xpath","value":"(//*[@title=\"Add New Movement\"])[1]"}
RESULT: {}
RESULT: {"using":"xpath","value":"(//*[@title=\"Add New Movement\"])[1]"}
COMMAND: POST /session/885acd6bfe44f64c6e2485c8ef54779e/element - {"using":"xpath","value":"//*[@id=\"application-warehousemovements-display-component---addMovement--sectionsList-arrow\"]"}
RESULT: {"using":"xpath","value":"//*[@id=\"application-warehousemovements-display-component---addMovement--sectionsList-arrow\"]"}
COMMAND: POST /session/885acd6bfe44f64c6e2485c8ef54779e/element - {"using":"xpath","value":"//*[@id=\"application-warehousemovements-display-component---addMovement--sectionsList-arrow\"]"}
RESULT: {"using":"xpath","value":"//*[@id=\"application-warehousemovements-display-component---addMovement--sectionsList-arrow\"]"}
COMMAND: POST /session/885acd6bfe44f64c6e2485c8ef54779e/element - {"using":"xpath","value":"//*[@id=\"application-warehousemovements-display-component---addMovement--saveMovementBtn-BDI-content\" and text()=\"Save\"]"}
RESULT: {"using":"xpath","value":"//*[@id=\"application-warehousemovements-display-component---addMovement--saveMovementBtn-BDI-content\" and text()=\"Save\"]"}
COMMAND: POST /session/885acd6bfe44f64c6e2485c8ef54779e/element - {"using":"xpath","value":"//*[@id=\"application-warehousemovements-display-component---addMovement--saveMovementBtn-BDI-content\" and text()=\"Save\"]"}
RESULT: {"using":"xpath","value":"//*[@id=\"application-warehousemovements-display-component---addMovement--saveMovementBtn-BDI-content\" and text()=\"Save\"]"}
COMMAND: POST /session/885acd6bfe44f64c6e2485c8ef54779e/execute/sync - {"script":"<script> [8489 bytes]","args":[{"element-6066-11e4-a52e-4f735466cecf":"f.F53CD083946FCE278F3961FDA51ABBA8.d.0CDB295881C9AE8737B3C0293D0E1F0C.e.16377","ELEMENT":"f.F53CD083946FCE278F3961FDA51ABBA8.d.0CDB295881C9AE8737B3C0293D0E1F0C.e.16377"}]}
COMMAND: POST /session/885acd6bfe44f64c6e2485c8ef54779e/element - {"using":"css selector","value":"#shell-header-icon"}
RESULT: {"using":"css selector","value":"#shell-header-icon"}
COMMAND: POST /session/885acd6bfe44f64c6e2485c8ef54779e/execute/sync - {"script":"<script> [8489 bytes]","args":[{"element-6066-11e4-a52e-4f735466cecf":"f.F53CD083946FCE278F3961FDA51ABBA8.d.0CDB295881C9AE8737B3C0293D0E1F0C.e.16876","ELEMENT":"f.F53CD083946FCE278F3961FDA51ABBA8.d.0CDB295881C9AE8737B3C0293D0E1F0C.e.16876"}]}
RESULT: {"script":"<script> [8489 bytes]","args":[{"element-6066-11e4-a52e-4f735466cecf":"f.F53CD083946FCE278F3961FDA51ABBA8.d.0CDB295881C9AE8737B3C0293D0E1F0C.e.16876","ELEMENT":"f.F53CD083946FCE278F3961FDA51ABBA8.d.0CDB295881C9AE8737B3C0293D0E1F0C.e.16876"}]}
COMMAND: GET /session/885acd6bfe44f64c6e2485c8ef54779e/element/f.F53CD083946FCE278F3961FDA51ABBA8.d.0CDB295881C9AE8737B3C0293D0E1F0C.e.16876/enabled - {}
COMMAND: GET /session/885acd6bfe44f64c6e2485c8ef54779e/screenshot - {}
RESULT: {}
COMMAND: POST /session/885acd6bfe44f64c6e2485c8ef54779e/element/f.F53CD083946FCE278F3961FDA51ABBA8.d.0CDB295881C9AE8737B3C0293D0E1F0C.e.16876/click - {}
COMMAND: GET /session/885acd6bfe44f64c6e2485c8ef54779e/screenshot - {}
RESULT: {}
RESULT: {}
COMMAND: GET /session/885acd6bfe44f64c6e2485c8ef54779e/screenshot - {}
RESULT: {}
RESULT: {}
]]></system-out>
    </testcase>
    <testcase classname="chrome.135_0_7049_96.windows.Create_masterdata_for_Yard_Overview_-_trigger_provide_US130988" name="Set status to defect" time="24.423">
      <system-out><![CDATA[
COMMAND: POST /session/885acd6bfe44f64c6e2485c8ef54779e/execute/async - {"script":"<script> [1562 bytes]","args":[{"selector":{"controlType":"sap.ushell.ui.launchpad.AnchorItem","bindingPath":{"path":"/groups/3","propertyPath":"index"},"interaction":{"idSuffix":"inner"}},"wdio_ui5_key":"sapushell.ui.launchpad.AnchorItem{\"path\":\"/groups/3\",\"propertyPath\":\"index\"}"}]}
COMMAND: GET /session/885acd6bfe44f64c6e2485c8ef54779e/screenshot - {}
RESULT: {"script":"<script> [1562 bytes]","args":[{"selector":{"controlType":"sap.ushell.ui.launchpad.AnchorItem","bindingPath":{"path":"/groups/3","propertyPath":"index"},"interaction":{"idSuffix":"inner"}},"wdio_ui5_key":"sapushell.ui.launchpad.AnchorItem{\"path\":\"/groups/3\",\"propertyPath\":\"index\"}"}]}
RESULT: undefined
RESULT: {}
COMMAND: POST /session/885acd6bfe44f64c6e2485c8ef54779e/execute/async - {"script":"<script> [1562 bytes]","args":[{"selector":{"controlType":"sap.m.GenericTile","properties":{"header":"Manage States & Performance"}},"wdio_ui5_key":"sapm.GenericTile{\"header\":\"Manage States & Performance\"}"}]}
RESULT: {"script":"<script> [1562 bytes]","args":[{"selector":{"controlType":"sap.m.GenericTile","properties":{"header":"Manage States & Performance"}},"wdio_ui5_key":"sapm.GenericTile{\"header\":\"Manage States & Performance\"}"}]}
RESULT: undefined
COMMAND: POST /session/885acd6bfe44f64c6e2485c8ef54779e/execute/async - {"script":"<script> [1562 bytes]","args":[{"selector":{"controlType":"sap.ui.core.Icon","viewName":"etm.portal.ui.managestatesandperformance.view.Master","viewId":"application-managestatesandperformance-display-component---stateAndPerform","properties":{"src":{"regex":{"source":"inventory"}}}},"wdio_ui5_key":"etmportal.ui.managestatesandperformance.view.Mastersap.ui.core.Icon{\"src\":{\"regex\":{\"source\":\"inventory\"}}}"}]}
RESULT: {"script":"<script> [1562 bytes]","args":[{"selector":{"controlType":"sap.ui.core.Icon","viewName":"etm.portal.ui.managestatesandperformance.view.Master","viewId":"application-managestatesandperformance-display-component---stateAndPerform","properties":{"src":{"regex":{"source":"inventory"}}}},"wdio_ui5_key":"etmportal.ui.managestatesandperformance.view.Mastersap.ui.core.Icon{\"src\":{\"regex\":{\"source\":\"inventory\"}}}"}]}
RESULT: undefined
COMMAND: POST /session/885acd6bfe44f64c6e2485c8ef54779e/execute/async - {"script":"<script> [1562 bytes]","args":[{"selector":{"id":"application-managestatesandperformance-display-component---stateAndPerform--smartFilterBarYard-btnBasicSearch","interaction":{"idSuffix":"I"}},"wdio_ui5_key":"applicationmanagestatesandperformance-display-component---stateAndPerform--smartFilterBarYard-btnBasicSearch"}]}
RESULT: {"script":"<script> [1562 bytes]","args":[{"selector":{"id":"application-managestatesandperformance-display-component---stateAndPerform--smartFilterBarYard-btnBasicSearch","interaction":{"idSuffix":"I"}},"wdio_ui5_key":"applicationmanagestatesandperformance-display-component---stateAndPerform--smartFilterBarYard-btnBasicSearch"}]}
RESULT: undefined
COMMAND: POST /session/885acd6bfe44f64c6e2485c8ef54779e/execute/async - {"script":"<script> [1562 bytes]","args":[{"selector":{"controlType":"sap.m.ColumnListItem","viewName":"etm.portal.ui.managestatesandperformance.view.Master","viewId":"application-managestatesandperformance-display-component---stateAndPerform","properties":{"type":"Navigation"},"interaction":{"idSuffix":"cell0"}},"wdio_ui5_key":"etmportal.ui.managestatesandperformance.view.Mastersap.m.ColumnListItem{\"type\":\"Navigation\"}"}]}
RESULT: {"script":"<script> [1562 bytes]","args":[{"selector":{"controlType":"sap.m.ColumnListItem","viewName":"etm.portal.ui.managestatesandperformance.view.Master","viewId":"application-managestatesandperformance-display-component---stateAndPerform","properties":{"type":"Navigation"},"interaction":{"idSuffix":"cell0"}},"wdio_ui5_key":"etmportal.ui.managestatesandperformance.view.Mastersap.m.ColumnListItem{\"type\":\"Navigation\"}"}]}
RESULT: undefined
COMMAND: POST /session/885acd6bfe44f64c6e2485c8ef54779e/execute/async - {"script":"<script> [1562 bytes]","args":[{"selector":{"controlType":"sap.m.Button","viewName":"etm.portal.ui.managestatesandperformance.view.Detail","viewId":"application-managestatesandperformance-display-component---detailStateAndPerform","i18NText":{"propertyName":"text","key":"createStateChange"},"interaction":{"idSuffix":"content"}},"wdio_ui5_key":"etmportal.ui.managestatesandperformance.view.Detailsap.m.Button{\"propertyName\":\"text\",\"key\":\"createStateChange\"}"}]}
RESULT: {"script":"<script> [1562 bytes]","args":[{"selector":{"controlType":"sap.m.Button","viewName":"etm.portal.ui.managestatesandperformance.view.Detail","viewId":"application-managestatesandperformance-display-component---detailStateAndPerform","i18NText":{"propertyName":"text","key":"createStateChange"},"interaction":{"idSuffix":"content"}},"wdio_ui5_key":"etmportal.ui.managestatesandperformance.view.Detailsap.m.Button{\"propertyName\":\"text\",\"key\":\"createStateChange\"}"}]}
RESULT: undefined
COMMAND: POST /session/885acd6bfe44f64c6e2485c8ef54779e/execute/async - {"script":"<script> [1562 bytes]","args":[{"selector":{"id":"addStateDialog--stateSelect","searchOpenDialogs":true,"interaction":{"idSuffix":"arrow"}},"wdio_ui5_key":"addStateDialogstateSelect"}]}
RESULT: {"script":"<script> [1562 bytes]","args":[{"selector":{"id":"addStateDialog--stateSelect","searchOpenDialogs":true,"interaction":{"idSuffix":"arrow"}},"wdio_ui5_key":"addStateDialogstateSelect"}]}
RESULT: undefined
COMMAND: POST /session/885acd6bfe44f64c6e2485c8ef54779e/execute/async - {"script":"<script> [1562 bytes]","args":[{"selector":{"controlType":"sap.ui.core.Item","viewName":"etm.portal.ui.managestatesandperformance.view.Detail","viewId":"application-managestatesandperformance-display-component---detailStateAndPerform","bindingPath":{"path":"/StateTypes(70)","propertyPath":"STATE","modelName":"catalogModel"},"searchOpenDialogs":true},"wdio_ui5_key":"etmportal.ui.managestatesandperformance.view.Detailsap.ui.core.Item{\"path\":\"/StateTypes(70)\",\"propertyPath\":\"STATE\",\"modelName\":\"catalogModel\"}"}]}
RESULT: {"script":"<script> [1562 bytes]","args":[{"selector":{"controlType":"sap.ui.core.Item","viewName":"etm.portal.ui.managestatesandperformance.view.Detail","viewId":"application-managestatesandperformance-display-component---detailStateAndPerform","bindingPath":{"path":"/StateTypes(70)","propertyPath":"STATE","modelName":"catalogModel"},"searchOpenDialogs":true},"wdio_ui5_key":"etmportal.ui.managestatesandperformance.view.Detailsap.ui.core.Item{\"path\":\"/StateTypes(70)\",\"propertyPath\":\"STATE\",\"modelName\":\"catalogModel\"}"}]}
RESULT: undefined
COMMAND: POST /session/885acd6bfe44f64c6e2485c8ef54779e/execute/async - {"script":"<script> [1562 bytes]","args":[{"selector":{"controlType":"sap.m.NumericInput","viewName":"etm.portal.ui.managestatesandperformance.view.Detail","viewId":"application-managestatesandperformance-display-component---detailStateAndPerform","properties":{"value":"0"},"searchOpenDialogs":true,"interaction":{"idSuffix":"inner"}},"wdio_ui5_key":"etmportal.ui.managestatesandperformance.view.Detailsap.m.NumericInput{\"value\":\"0\"}"}]}
RESULT: {"script":"<script> [1562 bytes]","args":[{"selector":{"controlType":"sap.m.NumericInput","viewName":"etm.portal.ui.managestatesandperformance.view.Detail","viewId":"application-managestatesandperformance-display-component---detailStateAndPerform","properties":{"value":"0"},"searchOpenDialogs":true,"interaction":{"idSuffix":"inner"}},"wdio_ui5_key":"etmportal.ui.managestatesandperformance.view.Detailsap.m.NumericInput{\"value\":\"0\"}"}]}
RESULT: undefined
COMMAND: POST /session/885acd6bfe44f64c6e2485c8ef54779e/execute/async - {"script":"<script> [1562 bytes]","args":[{"selector":{"controlType":"sap.m.Button","viewName":"etm.portal.ui.managestatesandperformance.view.Detail","viewId":"application-managestatesandperformance-display-component---detailStateAndPerform","i18NText":{"propertyName":"text","key":"save"},"searchOpenDialogs":true,"interaction":{"idSuffix":"BDI-content"}},"wdio_ui5_key":"etmportal.ui.managestatesandperformance.view.Detailsap.m.Button{\"propertyName\":\"text\",\"key\":\"save\"}"}]}
RESULT: {"script":"<script> [1562 bytes]","args":[{"selector":{"controlType":"sap.m.Button","viewName":"etm.portal.ui.managestatesandperformance.view.Detail","viewId":"application-managestatesandperformance-display-component---detailStateAndPerform","i18NText":{"propertyName":"text","key":"save"},"searchOpenDialogs":true,"interaction":{"idSuffix":"BDI-content"}},"wdio_ui5_key":"etmportal.ui.managestatesandperformance.view.Detailsap.m.Button{\"propertyName\":\"text\",\"key\":\"save\"}"}]}
RESULT: undefined
COMMAND: POST /session/885acd6bfe44f64c6e2485c8ef54779e/element - {"using":"css selector","value":"#shell-header-logo"}
RESULT: {"using":"css selector","value":"#shell-header-logo"}
COMMAND: POST /session/885acd6bfe44f64c6e2485c8ef54779e/element/f.F53CD083946FCE278F3961FDA51ABBA8.d.0CDB295881C9AE8737B3C0293D0E1F0C.e.16882/click - {}
RESULT: {}
COMMAND: GET /session/885acd6bfe44f64c6e2485c8ef54779e/screenshot - {}
RESULT: {}
]]></system-out>
    </testcase>
  </testsuite>
  <testsuite timestamp="2025-05-01T17:53:38" time="240.233" tests="3" failures="1" errors="1" skipped="0">
    <properties>
      <property name="specId" value="0" />
      <property name="suiteName" value="Transfer Yard to Yard US131076" />
      <property name="capabilities" value="chrome.135_0_7049_96.windows" />
      <property name="file" value="file:///D:/a/1/s/test/specs/HTR/transfer-yard-to-yard.spec.js" />
    </properties>
    <testcase classname="chrome.135_0_7049_96.windows.Transfer_Yard_to_Yard_US131076" name="Should create one equipment and one multipart" time="142.372">
      <system-out><![CDATA[
COMMAND: POST /session/885acd6bfe44f64c6e2485c8ef54779e/execute/async - {"script":"<script> [1562 bytes]","args":[{"selector":{"controlType":"sap.m.GenericTile","properties":{"header":"Manage Resources"}},"wdio_ui5_key":"sapm.GenericTile{\"header\":\"Manage Resources\"}"}]}
RESULT: {}
RESULT: {"script":"<script> [1562 bytes]","args":[{"selector":{"controlType":"sap.m.GenericTile","properties":{"header":"Manage Resources"}},"wdio_ui5_key":"sapm.GenericTile{\"header\":\"Manage Resources\"}"}]}
RESULT: undefined
COMMAND: POST /session/885acd6bfe44f64c6e2485c8ef54779e/element - {"using":"xpath","value":"//*[@id=\"__tile39\"]"}
RESULT: {"using":"xpath","value":"//*[@id=\"__tile39\"]"}
COMMAND: POST /session/885acd6bfe44f64c6e2485c8ef54779e/element/f.F53CD083946FCE278F3961FDA51ABBA8.d.4B0732980625C496495D783982A252AA.e.17751/click - {}
RESULT: {}
COMMAND: GET /session/885acd6bfe44f64c6e2485c8ef54779e/screenshot - {}
RESULT: {}
COMMAND: POST /session/885acd6bfe44f64c6e2485c8ef54779e/execute/async - {"script":"<script> [1562 bytes]","args":[{"selector":{"controlType":"sap.ui.core.Icon","viewName":"etm.portal.ui.manageresources.view.Master","viewId":"application-manageresources-display-component---masterRU","properties":{"src":{"regex":{"source":"add"}}}},"wdio_ui5_key":"etmportal.ui.manageresources.view.Mastersap.ui.core.Icon{\"src\":{\"regex\":{\"source\":\"add\"}}}"}]}
RESULT: {"script":"<script> [1562 bytes]","args":[{"selector":{"controlType":"sap.ui.core.Icon","viewName":"etm.portal.ui.manageresources.view.Master","viewId":"application-manageresources-display-component---masterRU","properties":{"src":{"regex":{"source":"add"}}}},"wdio_ui5_key":"etmportal.ui.manageresources.view.Mastersap.ui.core.Icon{\"src\":{\"regex\":{\"source\":\"add\"}}}"}]}
RESULT: undefined
COMMAND: POST /session/885acd6bfe44f64c6e2485c8ef54779e/element - {"using":"xpath","value":"//*[@id=\"__button5-img\"]"}
RESULT: {"using":"xpath","value":"//*[@id=\"__button5-img\"]"}
COMMAND: POST /session/885acd6bfe44f64c6e2485c8ef54779e/element/f.F53CD083946FCE278F3961FDA51ABBA8.d.4B0732980625C496495D783982A252AA.e.17795/click - {}
RESULT: {}
COMMAND: GET /session/885acd6bfe44f64c6e2485c8ef54779e/screenshot - {}
COMMAND: POST /session/885acd6bfe44f64c6e2485c8ef54779e/execute/async - {"script":"<script> [1562 bytes]","args":[{"selector":{"id":"application-manageresources-display-component---newResourceUnit--TYPE-arrow"},"wdio_ui5_key":"applicationmanageresources-display-component---newResourceUnit--TYPE-arrow"}]}
RESULT: {}
RESULT: {"script":"<script> [1562 bytes]","args":[{"selector":{"id":"application-manageresources-display-component---newResourceUnit--TYPE-arrow"},"wdio_ui5_key":"applicationmanageresources-display-component---newResourceUnit--TYPE-arrow"}]}
RESULT: undefined
COMMAND: POST /session/885acd6bfe44f64c6e2485c8ef54779e/element - {"using":"xpath","value":"//*[@id=\"application-manageresources-display-component---newResourceUnit--TYPE-arrow\"]"}
RESULT: {"using":"xpath","value":"//*[@id=\"application-manageresources-display-component---newResourceUnit--TYPE-arrow\"]"}
COMMAND: POST /session/885acd6bfe44f64c6e2485c8ef54779e/element/f.F53CD083946FCE278F3961FDA51ABBA8.d.4B0732980625C496495D783982A252AA.e.18118/click - {}
RESULT: {}
COMMAND: POST /session/885acd6bfe44f64c6e2485c8ef54779e/execute/async - {"script":"<script> [1562 bytes]","args":[{"selector":{"controlType":"sap.m.StandardListItem","viewName":"reusables.view.manageresources.NewResourceUnit","viewId":"application-manageresources-display-component---newResourceUnit","properties":{"title":"Equipment"},"searchOpenDialogs":true,"interaction":{"idSuffix":"content"}},"wdio_ui5_key":"reusablesview.manageresources.NewResourceUnitsap.m.StandardListItem{\"title\":\"Equipment\"}"}]}
COMMAND: GET /session/885acd6bfe44f64c6e2485c8ef54779e/screenshot - {}
RESULT: {"script":"<script> [1562 bytes]","args":[{"selector":{"controlType":"sap.m.StandardListItem","viewName":"reusables.view.manageresources.NewResourceUnit","viewId":"application-manageresources-display-component---newResourceUnit","properties":{"title":"Equipment"},"searchOpenDialogs":true,"interaction":{"idSuffix":"content"}},"wdio_ui5_key":"reusablesview.manageresources.NewResourceUnitsap.m.StandardListItem{\"title\":\"Equipment\"}"}]}
RESULT: undefined
COMMAND: POST /session/885acd6bfe44f64c6e2485c8ef54779e/element - {"using":"xpath","value":"//*[@id=\"__item141\"]"}
RESULT: {}
RESULT: {"using":"xpath","value":"//*[@id=\"__item141\"]"}
COMMAND: POST /session/885acd6bfe44f64c6e2485c8ef54779e/element/f.F53CD083946FCE278F3961FDA51ABBA8.d.4B0732980625C496495D783982A252AA.e.18121/click - {}
RESULT: {}
COMMAND: POST /session/885acd6bfe44f64c6e2485c8ef54779e/execute/async - {"script":"<script> [1562 bytes]","args":[{"selector":{"id":"application-manageresources-display-component---newResourceUnit--resourceId","interaction":{"idSuffix":"inner"}},"wdio_ui5_key":"applicationmanageresources-display-component---newResourceUnit--resourceId"}]}
COMMAND: GET /session/885acd6bfe44f64c6e2485c8ef54779e/screenshot - {}
RESULT: {"script":"<script> [1562 bytes]","args":[{"selector":{"id":"application-manageresources-display-component---newResourceUnit--resourceId","interaction":{"idSuffix":"inner"}},"wdio_ui5_key":"applicationmanageresources-display-component---newResourceUnit--resourceId"}]}
RESULT: undefined
COMMAND: POST /session/885acd6bfe44f64c6e2485c8ef54779e/execute/async - {"script":"<script> [776 bytes]","args":[{"enterText":"TransferYardEquip2o474","selector":{"id":"application-manageresources-display-component---newResourceUnit--resourceId","interaction":{"idSuffix":"inner"}},"clearTextFirst":true,"interactionType":"ENTER_TEXT"}]}
RESULT: {}
RESULT: {"script":"<script> [776 bytes]","args":[{"enterText":"TransferYardEquip2o474","selector":{"id":"application-manageresources-display-component---newResourceUnit--resourceId","interaction":{"idSuffix":"inner"}},"clearTextFirst":true,"interactionType":"ENTER_TEXT"}]}
COMMAND: POST /session/885acd6bfe44f64c6e2485c8ef54779e/execute/async - {"script":"<script> [1562 bytes]","args":[{"selector":{"id":"application-manageresources-display-component---newResourceUnit--SHORT_TEXT","interaction":{"idSuffix":"inner"}},"wdio_ui5_key":"applicationmanageresources-display-component---newResourceUnit--SHORT_TEXT"}]}
RESULT: {"script":"<script> [1562 bytes]","args":[{"selector":{"id":"application-manageresources-display-component---newResourceUnit--SHORT_TEXT","interaction":{"idSuffix":"inner"}},"wdio_ui5_key":"applicationmanageresources-display-component---newResourceUnit--SHORT_TEXT"}]}
RESULT: undefined
COMMAND: POST /session/885acd6bfe44f64c6e2485c8ef54779e/execute/async - {"script":"<script> [776 bytes]","args":[{"enterText":"Equip4transfer","selector":{"id":"application-manageresources-display-component---newResourceUnit--SHORT_TEXT","interaction":{"idSuffix":"inner"}},"clearTextFirst":true,"interactionType":"ENTER_TEXT"}]}
RESULT: {"script":"<script> [776 bytes]","args":[{"enterText":"Equip4transfer","selector":{"id":"application-manageresources-display-component---newResourceUnit--SHORT_TEXT","interaction":{"idSuffix":"inner"}},"clearTextFirst":true,"interactionType":"ENTER_TEXT"}]}
COMMAND: POST /session/885acd6bfe44f64c6e2485c8ef54779e/execute/async - {"script":"<script> [1562 bytes]","args":[{"selector":{"id":"application-manageresources-display-component---newResourceUnit--BASE_UNIT_OF_MEASURE","interaction":{"idSuffix":"inner"}},"wdio_ui5_key":"applicationmanageresources-display-component---newResourceUnit--BASE_UNIT_OF_MEASURE"}]}
RESULT: {"script":"<script> [1562 bytes]","args":[{"selector":{"id":"application-manageresources-display-component---newResourceUnit--BASE_UNIT_OF_MEASURE","interaction":{"idSuffix":"inner"}},"wdio_ui5_key":"applicationmanageresources-display-component---newResourceUnit--BASE_UNIT_OF_MEASURE"}]}
RESULT: undefined
COMMAND: POST /session/885acd6bfe44f64c6e2485c8ef54779e/execute/async - {"script":"<script> [776 bytes]","args":[{"enterText":"Piece","selector":{"id":"application-manageresources-display-component---newResourceUnit--BASE_UNIT_OF_MEASURE","interaction":{"idSuffix":"inner"}},"clearTextFirst":true,"interactionType":"ENTER_TEXT"}]}
RESULT: {"script":"<script> [776 bytes]","args":[{"enterText":"Piece","selector":{"id":"application-manageresources-display-component---newResourceUnit--BASE_UNIT_OF_MEASURE","interaction":{"idSuffix":"inner"}},"clearTextFirst":true,"interactionType":"ENTER_TEXT"}]}
COMMAND: POST /session/885acd6bfe44f64c6e2485c8ef54779e/execute/async - {"script":"<script> [1562 bytes]","args":[{"selector":{"id":"application-manageresources-display-component---newResourceUnit--WEIGHT_UNIT","interaction":{"idSuffix":"inner"}},"wdio_ui5_key":"applicationmanageresources-display-component---newResourceUnit--WEIGHT_UNIT"}]}
RESULT: {"script":"<script> [1562 bytes]","args":[{"selector":{"id":"application-manageresources-display-component---newResourceUnit--WEIGHT_UNIT","interaction":{"idSuffix":"inner"}},"wdio_ui5_key":"applicationmanageresources-display-component---newResourceUnit--WEIGHT_UNIT"}]}
RESULT: undefined
COMMAND: POST /session/885acd6bfe44f64c6e2485c8ef54779e/execute/async - {"script":"<script> [776 bytes]","args":[{"enterText":"Gram","selector":{"id":"application-manageresources-display-component---newResourceUnit--WEIGHT_UNIT","interaction":{"idSuffix":"inner"}},"clearTextFirst":true,"interactionType":"ENTER_TEXT"}]}
RESULT: {"script":"<script> [776 bytes]","args":[{"enterText":"Gram","selector":{"id":"application-manageresources-display-component---newResourceUnit--WEIGHT_UNIT","interaction":{"idSuffix":"inner"}},"clearTextFirst":true,"interactionType":"ENTER_TEXT"}]}
COMMAND: POST /session/885acd6bfe44f64c6e2485c8ef54779e/execute/async - {"script":"<script> [1562 bytes]","args":[{"selector":{"id":"application-manageresources-display-component---newResourceUnit--DIMENSION_UNIT","interaction":{"idSuffix":"inner"}},"wdio_ui5_key":"applicationmanageresources-display-component---newResourceUnit--DIMENSION_UNIT"}]}
RESULT: {"script":"<script> [1562 bytes]","args":[{"selector":{"id":"application-manageresources-display-component---newResourceUnit--DIMENSION_UNIT","interaction":{"idSuffix":"inner"}},"wdio_ui5_key":"applicationmanageresources-display-component---newResourceUnit--DIMENSION_UNIT"}]}
RESULT: undefined
COMMAND: POST /session/885acd6bfe44f64c6e2485c8ef54779e/execute/async - {"script":"<script> [776 bytes]","args":[{"enterText":"Meter","selector":{"id":"application-manageresources-display-component---newResourceUnit--DIMENSION_UNIT","interaction":{"idSuffix":"inner"}},"clearTextFirst":true,"interactionType":"ENTER_TEXT"}]}
RESULT: {"script":"<script> [776 bytes]","args":[{"enterText":"Meter","selector":{"id":"application-manageresources-display-component---newResourceUnit--DIMENSION_UNIT","interaction":{"idSuffix":"inner"}},"clearTextFirst":true,"interactionType":"ENTER_TEXT"}]}
COMMAND: POST /session/885acd6bfe44f64c6e2485c8ef54779e/execute/async - {"script":"<script> [1562 bytes]","args":[{"selector":{"id":"application-manageresources-display-component---newResourceUnit--newRRUPage-anchBar-application-manageresources-display-component---newResourceUnit--control-anchor","interaction":{"idSuffix":"BDI-content"}},"wdio_ui5_key":"applicationmanageresources-display-component---newResourceUnit--newRRUPage-anchBar-application-manageresources-display-component---newResourceUnit--control-anchor"}]}
RESULT: {"script":"<script> [1562 bytes]","args":[{"selector":{"id":"application-manageresources-display-component---newResourceUnit--newRRUPage-anchBar-application-manageresources-display-component---newResourceUnit--control-anchor","interaction":{"idSuffix":"BDI-content"}},"wdio_ui5_key":"applicationmanageresources-display-component---newResourceUnit--newRRUPage-anchBar-application-manageresources-display-component---newResourceUnit--control-anchor"}]}
RESULT: undefined
COMMAND: POST /session/885acd6bfe44f64c6e2485c8ef54779e/element - {"using":"xpath","value":"//*[@id=\"application-manageresources-display-component---newResourceUnit--newRRUPage-anchBar-application-manageresources-display-component---newResourceUnit--control-anchor\"]"}
RESULT: {"using":"xpath","value":"//*[@id=\"application-manageresources-display-component---newResourceUnit--newRRUPage-anchBar-application-manageresources-display-component---newResourceUnit--control-anchor\"]"}
COMMAND: POST /session/885acd6bfe44f64c6e2485c8ef54779e/element/f.F53CD083946FCE278F3961FDA51ABBA8.d.4B0732980625C496495D783982A252AA.e.18254/click - {}
RESULT: {}
COMMAND: POST /session/885acd6bfe44f64c6e2485c8ef54779e/execute/async - {"script":"<script> [1562 bytes]","args":[{"selector":{"id":"application-manageresources-display-component---newResourceUnit--PLANNING_GROUP","interaction":{"idSuffix":"inner"}},"wdio_ui5_key":"applicationmanageresources-display-component---newResourceUnit--PLANNING_GROUP"}]}
COMMAND: GET /session/885acd6bfe44f64c6e2485c8ef54779e/screenshot - {}
RESULT: {"script":"<script> [1562 bytes]","args":[{"selector":{"id":"application-manageresources-display-component---newResourceUnit--PLANNING_GROUP","interaction":{"idSuffix":"inner"}},"wdio_ui5_key":"applicationmanageresources-display-component---newResourceUnit--PLANNING_GROUP"}]}
RESULT: undefined
COMMAND: POST /session/885acd6bfe44f64c6e2485c8ef54779e/execute/async - {"script":"<script> [776 bytes]","args":[{"enterText":"Heavy Equi","selector":{"id":"application-manageresources-display-component---newResourceUnit--PLANNING_GROUP","interaction":{"idSuffix":"inner"}},"clearTextFirst":true,"interactionType":"ENTER_TEXT"}]}
RESULT: {}
RESULT: {"script":"<script> [776 bytes]","args":[{"enterText":"Heavy Equi","selector":{"id":"application-manageresources-display-component---newResourceUnit--PLANNING_GROUP","interaction":{"idSuffix":"inner"}},"clearTextFirst":true,"interactionType":"ENTER_TEXT"}]}
COMMAND: POST /session/885acd6bfe44f64c6e2485c8ef54779e/execute/async - {"script":"<script> [1562 bytes]","args":[{"selector":{"id":"application-manageresources-display-component---newResourceUnit--ITEM_TYPE-arrow"},"wdio_ui5_key":"applicationmanageresources-display-component---newResourceUnit--ITEM_TYPE-arrow"}]}
RESULT: {"script":"<script> [1562 bytes]","args":[{"selector":{"id":"application-manageresources-display-component---newResourceUnit--ITEM_TYPE-arrow"},"wdio_ui5_key":"applicationmanageresources-display-component---newResourceUnit--ITEM_TYPE-arrow"}]}
RESULT: undefined
COMMAND: POST /session/885acd6bfe44f64c6e2485c8ef54779e/element - {"using":"xpath","value":"//*[@id=\"application-manageresources-display-component---newResourceUnit--ITEM_TYPE-arrow\"]"}
RESULT: {"using":"xpath","value":"//*[@id=\"application-manageresources-display-component---newResourceUnit--ITEM_TYPE-arrow\"]"}
COMMAND: POST /session/885acd6bfe44f64c6e2485c8ef54779e/element/f.F53CD083946FCE278F3961FDA51ABBA8.d.4B0732980625C496495D783982A252AA.e.18263/click - {}
RESULT: {}
COMMAND: POST /session/885acd6bfe44f64c6e2485c8ef54779e/execute/async - {"script":"<script> [1562 bytes]","args":[{"selector":{"controlType":"sap.m.StandardListItem","viewName":"reusables.view.manageresources.NewResourceUnit","viewId":"application-manageresources-display-component---newResourceUnit","properties":{"title":"Resource Unit"},"searchOpenDialogs":true,"interaction":{"idSuffix":"titleText"}},"wdio_ui5_key":"reusablesview.manageresources.NewResourceUnitsap.m.StandardListItem{\"title\":\"Resource Unit\"}"}]}
COMMAND: GET /session/885acd6bfe44f64c6e2485c8ef54779e/screenshot - {}
RESULT: {"script":"<script> [1562 bytes]","args":[{"selector":{"controlType":"sap.m.StandardListItem","viewName":"reusables.view.manageresources.NewResourceUnit","viewId":"application-manageresources-display-component---newResourceUnit","properties":{"title":"Resource Unit"},"searchOpenDialogs":true,"interaction":{"idSuffix":"titleText"}},"wdio_ui5_key":"reusablesview.manageresources.NewResourceUnitsap.m.StandardListItem{\"title\":\"Resource Unit\"}"}]}
RESULT: undefined
COMMAND: POST /session/885acd6bfe44f64c6e2485c8ef54779e/element - {"using":"xpath","value":"//*[@id=\"__item210\"]"}
RESULT: {}
RESULT: {"using":"xpath","value":"//*[@id=\"__item210\"]"}
COMMAND: POST /session/885acd6bfe44f64c6e2485c8ef54779e/element/f.F53CD083946FCE278F3961FDA51ABBA8.d.4B0732980625C496495D783982A252AA.e.18265/click - {}
RESULT: {}
COMMAND: POST /session/885acd6bfe44f64c6e2485c8ef54779e/execute/async - {"script":"<script> [1562 bytes]","args":[{"selector":{"id":"application-manageresources-display-component---newResourceUnit--btnAddTimeSegment-img"},"wdio_ui5_key":"applicationmanageresources-display-component---newResourceUnit--btnAddTimeSegment-img"}]}
COMMAND: GET /session/885acd6bfe44f64c6e2485c8ef54779e/screenshot - {}
RESULT: {"script":"<script> [1562 bytes]","args":[{"selector":{"id":"application-manageresources-display-component---newResourceUnit--btnAddTimeSegment-img"},"wdio_ui5_key":"applicationmanageresources-display-component---newResourceUnit--btnAddTimeSegment-img"}]}
RESULT: undefined
COMMAND: POST /session/885acd6bfe44f64c6e2485c8ef54779e/element - {"using":"xpath","value":"//*[@id=\"application-manageresources-display-component---newResourceUnit--btnAddTimeSegment-img\"]"}
RESULT: {}
RESULT: {"using":"xpath","value":"//*[@id=\"application-manageresources-display-component---newResourceUnit--btnAddTimeSegment-img\"]"}
COMMAND: POST /session/885acd6bfe44f64c6e2485c8ef54779e/element/f.F53CD083946FCE278F3961FDA51ABBA8.d.4B0732980625C496495D783982A252AA.e.18266/click - {}
RESULT: {}
COMMAND: POST /session/885acd6bfe44f64c6e2485c8ef54779e/element - {"using":"xpath","value":"//input[@id=\"application-manageresources-display-component---newResourceUnit--idRuTSAdmin-application-manageresources-display-component---newResourceUnit--RUTimeSegment-0-inner\"]"}
COMMAND: GET /session/885acd6bfe44f64c6e2485c8ef54779e/screenshot - {}
RESULT: {"using":"xpath","value":"//input[@id=\"application-manageresources-display-component---newResourceUnit--idRuTSAdmin-application-manageresources-display-component---newResourceUnit--RUTimeSegment-0-inner\"]"}
COMMAND: POST /session/885acd6bfe44f64c6e2485c8ef54779e/element/f.F53CD083946FCE278F3961FDA51ABBA8.d.4B0732980625C496495D783982A252AA.e.18269/clear - {}
RESULT: {}
RESULT: {}
COMMAND: POST /session/885acd6bfe44f64c6e2485c8ef54779e/element/f.F53CD083946FCE278F3961FDA51ABBA8.d.4B0732980625C496495D783982A252AA.e.18269/value - {"text":"106"}
COMMAND: GET /session/885acd6bfe44f64c6e2485c8ef54779e/screenshot - {}
RESULT: {"text":"106"}
COMMAND: GET /session/885acd6bfe44f64c6e2485c8ef54779e/screenshot - {}
RESULT: {}
RESULT: {}
COMMAND: POST /session/885acd6bfe44f64c6e2485c8ef54779e/actions - {"actions":[{"id":"action75","type":"key","parameters":{},"actions":[{"type":"keyDown","value":"î€‡"},{"type":"pause","duration":10},{"type":"keyUp","value":"î€‡"}]}]}
RESULT: {"actions":[{"id":"action75","type":"key","parameters":{},"actions":[{"type":"keyDown","value":"î€‡"},{"type":"pause","duration":10},{"type":"keyUp","value":"î€‡"}]}]}
COMMAND: POST /session/885acd6bfe44f64c6e2485c8ef54779e/execute/async - {"script":"<script> [1562 bytes]","args":[{"selector":{"controlType":"sap.ui.core.Icon","viewName":"reusables.view.manageresources.NewResourceUnit","viewId":"application-manageresources-display-component---newResourceUnit","properties":{"src":{"regex":{"source":"slim\\-arrow\\-down"}}},"ancestor":{"controlType":"sap.m.ComboBox","viewName":"reusables.view.manageresources.NewResourceUnit","viewId":"application-manageresources-display-component---newResourceUnit","bindingPath":{"path":"/RESOURCE_UNIT_TIME_SEQUENCES/0","propertyPath":"COST_OBJECT_ADMIN_CST_TYPE","modelName":"oNewRruModel"}}},"wdio_ui5_key":"reusablesview.manageresources.NewResourceUnitsap.ui.core.Icon{\"src\":{\"regex\":{\"source\":\"slim\\\\-arrow\\\\-down\"}}}{\"controlType\":\"sap.m.ComboBox\",\"viewName\":\"reusables.view.manageresources.NewResourceUnit\",\"viewId\":\"application-manageresources-display-component---newResourceUnit\",\"bindingPath\":{\"path\":\"/RESOURCE_UNIT_TIME_SEQUENCES/0\",\"propertyPath\":\"COST_OBJECT_ADMIN_CST_TYPE\",\"modelName\":\"oNewRruModel\"}}"}]}
COMMAND: GET /session/885acd6bfe44f64c6e2485c8ef54779e/screenshot - {}
RESULT: {"script":"<script> [1562 bytes]","args":[{"selector":{"controlType":"sap.ui.core.Icon","viewName":"reusables.view.manageresources.NewResourceUnit","viewId":"application-manageresources-display-component---newResourceUnit","properties":{"src":{"regex":{"source":"slim\\-arrow\\-down"}}},"ancestor":{"controlType":"sap.m.ComboBox","viewName":"reusables.view.manageresources.NewResourceUnit","viewId":"application-manageresources-display-component---newResourceUnit","bindingPath":{"path":"/RESOURCE_UNIT_TIME_SEQUENCES/0","propertyPath":"COST_OBJECT_ADMIN_CST_TYPE","modelName":"oNewRruModel"}}},"wdio_ui5_key":"reusablesview.manageresources.NewResourceUnitsap.ui.core.Icon{\"src\":{\"regex\":{\"source\":\"slim\\\\-arrow\\\\-down\"}}}{\"controlType\":\"sap.m.ComboBox\",\"viewName\":\"reusables.view.manageresources.NewResourceUnit\",\"viewId\":\"application-manageresources-display-component---newResourceUnit\",\"bindingPath\":{\"path\":\"/RESOURCE_UNIT_TIME_SEQUENCES/0\",\"propertyPath\":\"COST_OBJECT_ADMIN_CST_TYPE\",\"modelName\":\"oNewRruModel\"}}"}]}
RESULT: undefined
COMMAND: POST /session/885acd6bfe44f64c6e2485c8ef54779e/element - {"using":"xpath","value":"//*[@id=\"__box5-application-manageresources-display-component---newResourceUnit--RUTimeSegment-0-arrow\"]"}
RESULT: {}
RESULT: {"using":"xpath","value":"//*[@id=\"__box5-application-manageresources-display-component---newResourceUnit--RUTimeSegment-0-arrow\"]"}
COMMAND: POST /session/885acd6bfe44f64c6e2485c8ef54779e/element/f.F53CD083946FCE278F3961FDA51ABBA8.d.4B0732980625C496495D783982A252AA.e.18284/click - {}
RESULT: {}
COMMAND: POST /session/885acd6bfe44f64c6e2485c8ef54779e/execute/async - {"script":"<script> [1562 bytes]","args":[{"selector":{"controlType":"sap.m.StandardListItem","viewName":"reusables.view.manageresources.NewResourceUnit","viewId":"application-manageresources-display-component---newResourceUnit","properties":{"title":"PM Order"},"searchOpenDialogs":true,"interaction":{"idSuffix":"titleText"}},"wdio_ui5_key":"reusablesview.manageresources.NewResourceUnitsap.m.StandardListItem{\"title\":\"PM Order\"}"}]}
COMMAND: GET /session/885acd6bfe44f64c6e2485c8ef54779e/screenshot - {}
RESULT: {"script":"<script> [1562 bytes]","args":[{"selector":{"controlType":"sap.m.StandardListItem","viewName":"reusables.view.manageresources.NewResourceUnit","viewId":"application-manageresources-display-component---newResourceUnit","properties":{"title":"PM Order"},"searchOpenDialogs":true,"interaction":{"idSuffix":"titleText"}},"wdio_ui5_key":"reusablesview.manageresources.NewResourceUnitsap.m.StandardListItem{\"title\":\"PM Order\"}"}]}
RESULT: undefined
COMMAND: POST /session/885acd6bfe44f64c6e2485c8ef54779e/element - {"using":"xpath","value":"//*[@id=\"__item600\"]"}
RESULT: {}
RESULT: {"using":"xpath","value":"//*[@id=\"__item600\"]"}
COMMAND: POST /session/885acd6bfe44f64c6e2485c8ef54779e/element/f.F53CD083946FCE278F3961FDA51ABBA8.d.4B0732980625C496495D783982A252AA.e.18288/click - {}
RESULT: {}
COMMAND: POST /session/885acd6bfe44f64c6e2485c8ef54779e/element - {"using":"xpath","value":"(//input[contains(@id ,\"-application-manageresources-display-component---newResourceUnit--RUTimeSegment-0-inner\")])[8]"}
COMMAND: GET /session/885acd6bfe44f64c6e2485c8ef54779e/screenshot - {}
RESULT: {"using":"xpath","value":"(//input[contains(@id ,\"-application-manageresources-display-component---newResourceUnit--RUTimeSegment-0-inner\")])[8]"}
COMMAND: POST /session/885acd6bfe44f64c6e2485c8ef54779e/element/f.F53CD083946FCE278F3961FDA51ABBA8.d.4B0732980625C496495D783982A252AA.e.18277/clear - {}
RESULT: {}
COMMAND: POST /session/885acd6bfe44f64c6e2485c8ef54779e/element - {"using":"xpath","value":"(//input[contains(@id ,\"-application-manageresources-display-component---newResourceUnit--RUTimeSegment-0-inner\")])[8]"}
RESULT: {"using":"xpath","value":"(//input[contains(@id ,\"-application-manageresources-display-component---newResourceUnit--RUTimeSegment-0-inner\")])[8]"}
COMMAND: POST /session/885acd6bfe44f64c6e2485c8ef54779e/element/f.F53CD083946FCE278F3961FDA51ABBA8.d.4B0732980625C496495D783982A252AA.e.18277/clear - {}
COMMAND: POST /session/885acd6bfe44f64c6e2485c8ef54779e/element - {"using":"xpath","value":"(//input[contains(@id ,\"-application-manageresources-display-component---newResourceUnit--RUTimeSegment-0-inner\")])[8]"}
RESULT: {"using":"xpath","value":"(//input[contains(@id ,\"-application-manageresources-display-component---newResourceUnit--RUTimeSegment-0-inner\")])[8]"}
COMMAND: POST /session/885acd6bfe44f64c6e2485c8ef54779e/element/f.F53CD083946FCE278F3961FDA51ABBA8.d.4B0732980625C496495D783982A252AA.e.18293/clear - {}
RESULT: {}
COMMAND: POST /session/885acd6bfe44f64c6e2485c8ef54779e/element/f.F53CD083946FCE278F3961FDA51ABBA8.d.4B0732980625C496495D783982A252AA.e.18293/value - {"text":"4000360"}
COMMAND: GET /session/885acd6bfe44f64c6e2485c8ef54779e/screenshot - {}
RESULT: {"text":"4000360"}
COMMAND: GET /session/885acd6bfe44f64c6e2485c8ef54779e/screenshot - {}
RESULT: {}
RESULT: {}
COMMAND: POST /session/885acd6bfe44f64c6e2485c8ef54779e/actions - {"actions":[{"id":"action76","type":"key","parameters":{},"actions":[{"type":"keyDown","value":"î€‡"},{"type":"pause","duration":10},{"type":"keyUp","value":"î€‡"}]}]}
RESULT: {"actions":[{"id":"action76","type":"key","parameters":{},"actions":[{"type":"keyDown","value":"î€‡"},{"type":"pause","duration":10},{"type":"keyUp","value":"î€‡"}]}]}
COMMAND: GET /session/885acd6bfe44f64c6e2485c8ef54779e/screenshot - {}
RESULT: {}
COMMAND: POST /session/885acd6bfe44f64c6e2485c8ef54779e/execute/async - {"script":"<script> [1562 bytes]","args":[{"selector":{"id":"application-manageresources-display-component---newResourceUnit--newRRUPage-anchBar-application-manageresources-display-component---newResourceUnit--resource-anchor","interaction":{"idSuffix":"BDI-content"}},"wdio_ui5_key":"applicationmanageresources-display-component---newResourceUnit--newRRUPage-anchBar-application-manageresources-display-component---newResourceUnit--resource-anchor"}]}
RESULT: {"script":"<script> [1562 bytes]","args":[{"selector":{"id":"application-manageresources-display-component---newResourceUnit--newRRUPage-anchBar-application-manageresources-display-component---newResourceUnit--resource-anchor","interaction":{"idSuffix":"BDI-content"}},"wdio_ui5_key":"applicationmanageresources-display-component---newResourceUnit--newRRUPage-anchBar-application-manageresources-display-component---newResourceUnit--resource-anchor"}]}
RESULT: undefined
COMMAND: POST /session/885acd6bfe44f64c6e2485c8ef54779e/element - {"using":"xpath","value":"//*[@id=\"application-manageresources-display-component---newResourceUnit--newRRUPage-anchBar-application-manageresources-display-component---newResourceUnit--resource-anchor\"]"}
RESULT: {"using":"xpath","value":"//*[@id=\"application-manageresources-display-component---newResourceUnit--newRRUPage-anchBar-application-manageresources-display-component---newResourceUnit--resource-anchor\"]"}
COMMAND: POST /session/885acd6bfe44f64c6e2485c8ef54779e/element/f.F53CD083946FCE278F3961FDA51ABBA8.d.4B0732980625C496495D783982A252AA.e.18309/click - {}
RESULT: {}
COMMAND: POST /session/885acd6bfe44f64c6e2485c8ef54779e/execute/async - {"script":"<script> [1562 bytes]","args":[{"selector":{"id":"application-manageresources-display-component---newResourceUnit--PLANNED_DELIVERY_DATE","interaction":{"idSuffix":"inner"}},"wdio_ui5_key":"applicationmanageresources-display-component---newResourceUnit--PLANNED_DELIVERY_DATE"}]}
COMMAND: GET /session/885acd6bfe44f64c6e2485c8ef54779e/screenshot - {}
RESULT: {}
RESULT: {"script":"<script> [1562 bytes]","args":[{"selector":{"id":"application-manageresources-display-component---newResourceUnit--PLANNED_DELIVERY_DATE","interaction":{"idSuffix":"inner"}},"wdio_ui5_key":"applicationmanageresources-display-component---newResourceUnit--PLANNED_DELIVERY_DATE"}]}
RESULT: undefined
COMMAND: POST /session/885acd6bfe44f64c6e2485c8ef54779e/execute/async - {"script":"<script> [6424 bytes]","args":[{"element-6066-11e4-a52e-4f735466cecf":"f.F53CD083946FCE278F3961FDA51ABBA8.d.4B0732980625C496495D783982A252AA.e.18175"},"setValue",["5/1/25"]]}
RESULT: {"script":"<script> [6424 bytes]","args":[{"element-6066-11e4-a52e-4f735466cecf":"f.F53CD083946FCE278F3961FDA51ABBA8.d.4B0732980625C496495D783982A252AA.e.18175"},"setValue",["5/1/25"]]}
COMMAND: POST /session/885acd6bfe44f64c6e2485c8ef54779e/execute/async - {"script":"<script> [1562 bytes]","args":[{"selector":{"controlType":"sap.m.Button","viewName":"reusables.view.manageresources.NewResourceUnit","viewId":"application-manageresources-display-component---newResourceUnit","i18NText":{"propertyName":"tooltip","key":"save"},"interaction":{"idSuffix":"BDI-content"}},"wdio_ui5_key":"reusablesview.manageresources.NewResourceUnitsap.m.Button{\"propertyName\":\"tooltip\",\"key\":\"save\"}"}]}
RESULT: {"script":"<script> [1562 bytes]","args":[{"selector":{"controlType":"sap.m.Button","viewName":"reusables.view.manageresources.NewResourceUnit","viewId":"application-manageresources-display-component---newResourceUnit","i18NText":{"propertyName":"tooltip","key":"save"},"interaction":{"idSuffix":"BDI-content"}},"wdio_ui5_key":"reusablesview.manageresources.NewResourceUnitsap.m.Button{\"propertyName\":\"tooltip\",\"key\":\"save\"}"}]}
RESULT: undefined
COMMAND: POST /session/885acd6bfe44f64c6e2485c8ef54779e/element - {"using":"xpath","value":"//*[@id=\"application-manageresources-display-component---newResourceUnit--createRuButton\"]"}
RESULT: {"using":"xpath","value":"//*[@id=\"application-manageresources-display-component---newResourceUnit--createRuButton\"]"}
COMMAND: POST /session/885acd6bfe44f64c6e2485c8ef54779e/element/f.F53CD083946FCE278F3961FDA51ABBA8.d.4B0732980625C496495D783982A252AA.e.18135/click - {}
RESULT: {}
COMMAND: GET /session/885acd6bfe44f64c6e2485c8ef54779e/screenshot - {}
RESULT: {}
COMMAND: POST /session/885acd6bfe44f64c6e2485c8ef54779e/execute/async - {"script":"<script> [1562 bytes]","args":[{"selector":{"controlType":"sap.m.Button","properties":{"text":"Close"},"searchOpenDialogs":true,"interaction":{"idSuffix":"inner"}},"wdio_ui5_key":"sapm.Button{\"text\":\"Close\"}"}]}
RESULT: {"script":"<script> [1562 bytes]","args":[{"selector":{"controlType":"sap.m.Button","properties":{"text":"Close"},"searchOpenDialogs":true,"interaction":{"idSuffix":"inner"}},"wdio_ui5_key":"sapm.Button{\"text\":\"Close\"}"}]}
RESULT: undefined
COMMAND: POST /session/885acd6bfe44f64c6e2485c8ef54779e/element - {"using":"xpath","value":"//*[@id=\"__mbox-btn-0\"]"}
RESULT: {"using":"xpath","value":"//*[@id=\"__mbox-btn-0\"]"}
COMMAND: POST /session/885acd6bfe44f64c6e2485c8ef54779e/element/f.F53CD083946FCE278F3961FDA51ABBA8.d.4B0732980625C496495D783982A252AA.e.18317/click - {}
RESULT: {}
COMMAND: GET /session/885acd6bfe44f64c6e2485c8ef54779e/screenshot - {}
RESULT: {}
COMMAND: POST /session/885acd6bfe44f64c6e2485c8ef54779e/execute/async - {"script":"<script> [1562 bytes]","args":[{"selector":{"controlType":"sap.m.Text","viewName":"etm.portal.ui.manageresources.view.Detail","viewId":"application-manageresources-display-component---detailRU","bindingPath":{"propertyPath":"ID","modelName":"catalogModel"}},"wdio_ui5_key":"etmportal.ui.manageresources.view.Detailsap.m.Text{\"propertyPath\":\"ID\",\"modelName\":\"catalogModel\"}"}]}
RESULT: {"script":"<script> [1562 bytes]","args":[{"selector":{"controlType":"sap.m.Text","viewName":"etm.portal.ui.manageresources.view.Detail","viewId":"application-manageresources-display-component---detailRU","bindingPath":{"propertyPath":"ID","modelName":"catalogModel"}},"wdio_ui5_key":"etmportal.ui.manageresources.view.Detailsap.m.Text{\"propertyPath\":\"ID\",\"modelName\":\"catalogModel\"}"}]}
RESULT: undefined
COMMAND: POST /session/885acd6bfe44f64c6e2485c8ef54779e/execute/async - {"script":"<script> [6424 bytes]","args":[{"element-6066-11e4-a52e-4f735466cecf":"f.F53CD083946FCE278F3961FDA51ABBA8.d.4B0732980625C496495D783982A252AA.e.18352"},"getText",[]]}
RESULT: {"script":"<script> [6424 bytes]","args":[{"element-6066-11e4-a52e-4f735466cecf":"f.F53CD083946FCE278F3961FDA51ABBA8.d.4B0732980625C496495D783982A252AA.e.18352"},"getText",[]]}
COMMAND: POST /session/885acd6bfe44f64c6e2485c8ef54779e/execute/async - {"script":"<script> [1562 bytes]","args":[{"selector":{"controlType":"sap.m.OverflowToolbarButton","viewName":"etm.portal.ui.manageresources.view.Master","viewId":"application-manageresources-display-component---masterRU","bindingPath":{"path":"","propertyPath":"/isLogbook","modelName":"minimumStockRPGModel"},"interaction":{"idSuffix":"inner"}},"wdio_ui5_key":"etmportal.ui.manageresources.view.Mastersap.m.OverflowToolbarButton{\"path\":\"\",\"propertyPath\":\"/isLogbook\",\"modelName\":\"minimumStockRPGModel\"}"}]}
RESULT: {"script":"<script> [1562 bytes]","args":[{"selector":{"controlType":"sap.m.OverflowToolbarButton","viewName":"etm.portal.ui.manageresources.view.Master","viewId":"application-manageresources-display-component---masterRU","bindingPath":{"path":"","propertyPath":"/isLogbook","modelName":"minimumStockRPGModel"},"interaction":{"idSuffix":"inner"}},"wdio_ui5_key":"etmportal.ui.manageresources.view.Mastersap.m.OverflowToolbarButton{\"path\":\"\",\"propertyPath\":\"/isLogbook\",\"modelName\":\"minimumStockRPGModel\"}"}]}
RESULT: undefined
COMMAND: POST /session/885acd6bfe44f64c6e2485c8ef54779e/element - {"using":"xpath","value":"//*[@id=\"__button5\"]"}
RESULT: {"using":"xpath","value":"//*[@id=\"__button5\"]"}
COMMAND: POST /session/885acd6bfe44f64c6e2485c8ef54779e/element/f.F53CD083946FCE278F3961FDA51ABBA8.d.4B0732980625C496495D783982A252AA.e.17793/click - {}
RESULT: {}
COMMAND: GET /session/885acd6bfe44f64c6e2485c8ef54779e/screenshot - {}
RESULT: undefined
COMMAND: POST /session/885acd6bfe44f64c6e2485c8ef54779e/element - {"using":"xpath","value":"//*[@id=\"application-manageresources-display-component---newResourceUnit--TYPE-arrow\"]"}
RESULT: {}
RESULT: {"using":"xpath","value":"//*[@id=\"application-manageresources-display-component---newResourceUnit--TYPE-arrow\"]"}
COMMAND: POST /session/885acd6bfe44f64c6e2485c8ef54779e/element/f.F53CD083946FCE278F3961FDA51ABBA8.d.4B0732980625C496495D783982A252AA.e.18118/click - {}
RESULT: {}
COMMAND: POST /session/885acd6bfe44f64c6e2485c8ef54779e/execute/async - {"script":"<script> [1562 bytes]","args":[{"selector":{"controlType":"sap.m.StandardListItem","viewName":"reusables.view.manageresources.NewResourceUnit","viewId":"application-manageresources-display-component---newResourceUnit","properties":{"title":"Equi Multipart"},"searchOpenDialogs":true,"interaction":{"idSuffix":"titleText"}},"wdio_ui5_key":"reusablesview.manageresources.NewResourceUnitsap.m.StandardListItem{\"title\":\"Equi Multipart\"}"}]}
COMMAND: GET /session/885acd6bfe44f64c6e2485c8ef54779e/screenshot - {}
RESULT: {"script":"<script> [1562 bytes]","args":[{"selector":{"controlType":"sap.m.StandardListItem","viewName":"reusables.view.manageresources.NewResourceUnit","viewId":"application-manageresources-display-component---newResourceUnit","properties":{"title":"Equi Multipart"},"searchOpenDialogs":true,"interaction":{"idSuffix":"titleText"}},"wdio_ui5_key":"reusablesview.manageresources.NewResourceUnitsap.m.StandardListItem{\"title\":\"Equi Multipart\"}"}]}
RESULT: undefined
COMMAND: POST /session/885acd6bfe44f64c6e2485c8ef54779e/element - {"using":"xpath","value":"//*[@id=\"__item146\"]"}
RESULT: {}
RESULT: {"using":"xpath","value":"//*[@id=\"__item146\"]"}
COMMAND: POST /session/885acd6bfe44f64c6e2485c8ef54779e/element/f.F53CD083946FCE278F3961FDA51ABBA8.d.4B0732980625C496495D783982A252AA.e.18376/click - {}
RESULT: {}
RESULT: undefined
COMMAND: POST /session/885acd6bfe44f64c6e2485c8ef54779e/execute/async - {"script":"<script> [776 bytes]","args":[{"enterText":"TransferYardmultipart2o474","selector":{"id":"application-manageresources-display-component---newResourceUnit--SHORT_TEXT","interaction":{"idSuffix":"inner"}},"clearTextFirst":true,"interactionType":"ENTER_TEXT"}]}
COMMAND: GET /session/885acd6bfe44f64c6e2485c8ef54779e/screenshot - {}
RESULT: {"script":"<script> [776 bytes]","args":[{"enterText":"TransferYardmultipart2o474","selector":{"id":"application-manageresources-display-component---newResourceUnit--SHORT_TEXT","interaction":{"idSuffix":"inner"}},"clearTextFirst":true,"interactionType":"ENTER_TEXT"}]}
RESULT: undefined
COMMAND: POST /session/885acd6bfe44f64c6e2485c8ef54779e/execute/async - {"script":"<script> [776 bytes]","args":[{"enterText":"Piece","selector":{"id":"application-manageresources-display-component---newResourceUnit--BASE_UNIT_OF_MEASURE","interaction":{"idSuffix":"inner"}},"clearTextFirst":true,"interactionType":"ENTER_TEXT"}]}
RESULT: {}
RESULT: {"script":"<script> [776 bytes]","args":[{"enterText":"Piece","selector":{"id":"application-manageresources-display-component---newResourceUnit--BASE_UNIT_OF_MEASURE","interaction":{"idSuffix":"inner"}},"clearTextFirst":true,"interactionType":"ENTER_TEXT"}]}
RESULT: undefined
COMMAND: POST /session/885acd6bfe44f64c6e2485c8ef54779e/execute/async - {"script":"<script> [776 bytes]","args":[{"enterText":"Gram","selector":{"id":"application-manageresources-display-component---newResourceUnit--WEIGHT_UNIT","interaction":{"idSuffix":"inner"}},"clearTextFirst":true,"interactionType":"ENTER_TEXT"}]}
RESULT: {"script":"<script> [776 bytes]","args":[{"enterText":"Gram","selector":{"id":"application-manageresources-display-component---newResourceUnit--WEIGHT_UNIT","interaction":{"idSuffix":"inner"}},"clearTextFirst":true,"interactionType":"ENTER_TEXT"}]}
RESULT: undefined
COMMAND: POST /session/885acd6bfe44f64c6e2485c8ef54779e/execute/async - {"script":"<script> [776 bytes]","args":[{"enterText":"Meter","selector":{"id":"application-manageresources-display-component---newResourceUnit--DIMENSION_UNIT","interaction":{"idSuffix":"inner"}},"clearTextFirst":true,"interactionType":"ENTER_TEXT"}]}
RESULT: {"script":"<script> [776 bytes]","args":[{"enterText":"Meter","selector":{"id":"application-manageresources-display-component---newResourceUnit--DIMENSION_UNIT","interaction":{"idSuffix":"inner"}},"clearTextFirst":true,"interactionType":"ENTER_TEXT"}]}
RESULT: undefined
COMMAND: POST /session/885acd6bfe44f64c6e2485c8ef54779e/execute/async - {"script":"<script> [776 bytes]","args":[{"enterText":"Heavy equip","selector":{"id":"application-manageresources-display-component---newResourceUnit--PLANNING_GROUP","interaction":{"idSuffix":"inner"}},"clearTextFirst":true,"interactionType":"ENTER_TEXT"}]}
RESULT: {"script":"<script> [776 bytes]","args":[{"enterText":"Heavy equip","selector":{"id":"application-manageresources-display-component---newResourceUnit--PLANNING_GROUP","interaction":{"idSuffix":"inner"}},"clearTextFirst":true,"interactionType":"ENTER_TEXT"}]}
RESULT: undefined
COMMAND: POST /session/885acd6bfe44f64c6e2485c8ef54779e/element - {"using":"xpath","value":"//*[@id=\"application-manageresources-display-component---newResourceUnit--ITEM_TYPE-arrow\"]"}
RESULT: {"using":"xpath","value":"//*[@id=\"application-manageresources-display-component---newResourceUnit--ITEM_TYPE-arrow\"]"}
COMMAND: POST /session/885acd6bfe44f64c6e2485c8ef54779e/element/f.F53CD083946FCE278F3961FDA51ABBA8.d.4B0732980625C496495D783982A252AA.e.18439/click - {}
RESULT: {}
COMMAND: POST /session/885acd6bfe44f64c6e2485c8ef54779e/execute/async - {"script":"<script> [1562 bytes]","args":[{"selector":{"controlType":"sap.m.StandardListItem","viewName":"reusables.view.manageresources.NewResourceUnit","viewId":"application-manageresources-display-component---newResourceUnit","properties":{"title":"Pool Equipment"},"searchOpenDialogs":true,"interaction":{"idSuffix":"content"}},"wdio_ui5_key":"reusablesview.manageresources.NewResourceUnitsap.m.StandardListItem{\"title\":\"Pool Equipment\"}"}]}
COMMAND: GET /session/885acd6bfe44f64c6e2485c8ef54779e/screenshot - {}
RESULT: {"script":"<script> [1562 bytes]","args":[{"selector":{"controlType":"sap.m.StandardListItem","viewName":"reusables.view.manageresources.NewResourceUnit","viewId":"application-manageresources-display-component---newResourceUnit","properties":{"title":"Pool Equipment"},"searchOpenDialogs":true,"interaction":{"idSuffix":"content"}},"wdio_ui5_key":"reusablesview.manageresources.NewResourceUnitsap.m.StandardListItem{\"title\":\"Pool Equipment\"}"}]}
RESULT: undefined
COMMAND: POST /session/885acd6bfe44f64c6e2485c8ef54779e/element - {"using":"xpath","value":"//*[@id=\"__item826\"]"}
RESULT: {}
RESULT: {"using":"xpath","value":"//*[@id=\"__item826\"]"}
COMMAND: POST /session/885acd6bfe44f64c6e2485c8ef54779e/element/f.F53CD083946FCE278F3961FDA51ABBA8.d.4B0732980625C496495D783982A252AA.e.18441/click - {}
RESULT: {}
COMMAND: POST /session/885acd6bfe44f64c6e2485c8ef54779e/execute/async - {"script":"<script> [1562 bytes]","args":[{"selector":{"id":"application-manageresources-display-component---newResourceUnit--PLANNING_INDICATOR","interaction":{"idSuffix":"inner"}},"wdio_ui5_key":"applicationmanageresources-display-component---newResourceUnit--PLANNING_INDICATOR"}]}
COMMAND: GET /session/885acd6bfe44f64c6e2485c8ef54779e/screenshot - {}
RESULT: {"script":"<script> [1562 bytes]","args":[{"selector":{"id":"application-manageresources-display-component---newResourceUnit--PLANNING_INDICATOR","interaction":{"idSuffix":"inner"}},"wdio_ui5_key":"applicationmanageresources-display-component---newResourceUnit--PLANNING_INDICATOR"}]}
RESULT: undefined
COMMAND: POST /session/885acd6bfe44f64c6e2485c8ef54779e/execute/async - {"script":"<script> [776 bytes]","args":[{"enterText":"10 - infinite","selector":{"id":"application-manageresources-display-component---newResourceUnit--PLANNING_INDICATOR","interaction":{"idSuffix":"inner"}},"clearTextFirst":true,"interactionType":"ENTER_TEXT"}]}
RESULT: {}
RESULT: {"script":"<script> [776 bytes]","args":[{"enterText":"10 - infinite","selector":{"id":"application-manageresources-display-component---newResourceUnit--PLANNING_INDICATOR","interaction":{"idSuffix":"inner"}},"clearTextFirst":true,"interactionType":"ENTER_TEXT"}]}
COMMAND: POST /session/885acd6bfe44f64c6e2485c8ef54779e/actions - {"actions":[{"id":"action77","type":"key","parameters":{},"actions":[{"type":"keyDown","value":"î€‡"},{"type":"pause","duration":10},{"type":"keyUp","value":"î€‡"}]}]}
RESULT: {"actions":[{"id":"action77","type":"key","parameters":{},"actions":[{"type":"keyDown","value":"î€‡"},{"type":"pause","duration":10},{"type":"keyUp","value":"î€‡"}]}]}
RESULT: undefined
COMMAND: POST /session/885acd6bfe44f64c6e2485c8ef54779e/element - {"using":"xpath","value":"//*[@id=\"application-manageresources-display-component---newResourceUnit--newRRUPage-anchBar-application-manageresources-display-component---newResourceUnit--control-anchor\"]"}
COMMAND: GET /session/885acd6bfe44f64c6e2485c8ef54779e/screenshot - {}
RESULT: {"using":"xpath","value":"//*[@id=\"application-manageresources-display-component---newResourceUnit--newRRUPage-anchBar-application-manageresources-display-component---newResourceUnit--control-anchor\"]"}
COMMAND: POST /session/885acd6bfe44f64c6e2485c8ef54779e/element/f.F53CD083946FCE278F3961FDA51ABBA8.d.4B0732980625C496495D783982A252AA.e.18443/click - {}
RESULT: {}
RESULT: {}
RESULT: undefined
COMMAND: POST /session/885acd6bfe44f64c6e2485c8ef54779e/element - {"using":"xpath","value":"//*[@id=\"application-manageresources-display-component---newResourceUnit--btnAddTimeSegment-img\"]"}
COMMAND: GET /session/885acd6bfe44f64c6e2485c8ef54779e/screenshot - {}
RESULT: {"using":"xpath","value":"//*[@id=\"application-manageresources-display-component---newResourceUnit--btnAddTimeSegment-img\"]"}
COMMAND: POST /session/885acd6bfe44f64c6e2485c8ef54779e/element/f.F53CD083946FCE278F3961FDA51ABBA8.d.4B0732980625C496495D783982A252AA.e.18445/click - {}
RESULT: {}
RESULT: {}
COMMAND: POST /session/885acd6bfe44f64c6e2485c8ef54779e/element - {"using":"xpath","value":"//input[@id=\"application-manageresources-display-component---newResourceUnit--idRuTSAdmin-application-manageresources-display-component---newResourceUnit--RUTimeSegment-0-inner\"]"}
COMMAND: GET /session/885acd6bfe44f64c6e2485c8ef54779e/screenshot - {}
RESULT: {"using":"xpath","value":"//input[@id=\"application-manageresources-display-component---newResourceUnit--idRuTSAdmin-application-manageresources-display-component---newResourceUnit--RUTimeSegment-0-inner\"]"}
COMMAND: POST /session/885acd6bfe44f64c6e2485c8ef54779e/element/f.F53CD083946FCE278F3961FDA51ABBA8.d.4B0732980625C496495D783982A252AA.e.18450/clear - {}
RESULT: {}
RESULT: {}
COMMAND: POST /session/885acd6bfe44f64c6e2485c8ef54779e/element/f.F53CD083946FCE278F3961FDA51ABBA8.d.4B0732980625C496495D783982A252AA.e.18450/value - {"text":"106"}
COMMAND: GET /session/885acd6bfe44f64c6e2485c8ef54779e/screenshot - {}
RESULT: {}
RESULT: {"text":"106"}
COMMAND: GET /session/885acd6bfe44f64c6e2485c8ef54779e/screenshot - {}
RESULT: {}
COMMAND: POST /session/885acd6bfe44f64c6e2485c8ef54779e/actions - {"actions":[{"id":"action78","type":"key","parameters":{},"actions":[{"type":"keyDown","value":"î€‡"},{"type":"pause","duration":10},{"type":"keyUp","value":"î€‡"}]}]}
RESULT: {"actions":[{"id":"action78","type":"key","parameters":{},"actions":[{"type":"keyDown","value":"î€‡"},{"type":"pause","duration":10},{"type":"keyUp","value":"î€‡"}]}]}
COMMAND: GET /session/885acd6bfe44f64c6e2485c8ef54779e/screenshot - {}
RESULT: {}
COMMAND: POST /session/885acd6bfe44f64c6e2485c8ef54779e/element - {"using":"xpath","value":"//*[text()=\"Save\"]"}
RESULT: {"using":"xpath","value":"//*[text()=\"Save\"]"}
COMMAND: POST /session/885acd6bfe44f64c6e2485c8ef54779e/execute/sync - {"script":"<script> [8489 bytes]","args":[{"element-6066-11e4-a52e-4f735466cecf":"f.F53CD083946FCE278F3961FDA51ABBA8.d.4B0732980625C496495D783982A252AA.e.18316","ELEMENT":"f.F53CD083946FCE278F3961FDA51ABBA8.d.4B0732980625C496495D783982A252AA.e.18316"}]}
RESULT: {"script":"<script> [8489 bytes]","args":[{"element-6066-11e4-a52e-4f735466cecf":"f.F53CD083946FCE278F3961FDA51ABBA8.d.4B0732980625C496495D783982A252AA.e.18316","ELEMENT":"f.F53CD083946FCE278F3961FDA51ABBA8.d.4B0732980625C496495D783982A252AA.e.18316"}]}
COMMAND: POST /session/885acd6bfe44f64c6e2485c8ef54779e/execute/sync - {"script":"<script> [5351 bytes]","args":[{"element-6066-11e4-a52e-4f735466cecf":"f.F53CD083946FCE278F3961FDA51ABBA8.d.4B0732980625C496495D783982A252AA.e.18316","ELEMENT":"f.F53CD083946FCE278F3961FDA51ABBA8.d.4B0732980625C496495D783982A252AA.e.18316"}]}
COMMAND: GET /session/885acd6bfe44f64c6e2485c8ef54779e/screenshot - {}
RESULT: {"script":"<script> [5351 bytes]","args":[{"element-6066-11e4-a52e-4f735466cecf":"f.F53CD083946FCE278F3961FDA51ABBA8.d.4B0732980625C496495D783982A252AA.e.18316","ELEMENT":"f.F53CD083946FCE278F3961FDA51ABBA8.d.4B0732980625C496495D783982A252AA.e.18316"}]}
COMMAND: POST /session/885acd6bfe44f64c6e2485c8ef54779e/element/f.F53CD083946FCE278F3961FDA51ABBA8.d.4B0732980625C496495D783982A252AA.e.18316/click - {}
COMMAND: GET /session/885acd6bfe44f64c6e2485c8ef54779e/screenshot - {}
RESULT: {}
RESULT: {}
COMMAND: GET /session/885acd6bfe44f64c6e2485c8ef54779e/screenshot - {}
RESULT: {}
RESULT: {}
COMMAND: POST /session/885acd6bfe44f64c6e2485c8ef54779e/element - {"using":"xpath","value":"//bdi[contains(text(), \"Close\")]"}
RESULT: {"using":"xpath","value":"//bdi[contains(text(), \"Close\")]"}
COMMAND: POST /session/885acd6bfe44f64c6e2485c8ef54779e/element/f.F53CD083946FCE278F3961FDA51ABBA8.d.4B0732980625C496495D783982A252AA.e.18469/click - {}
RESULT: {}
COMMAND: GET /session/885acd6bfe44f64c6e2485c8ef54779e/screenshot - {}
RESULT: {}
RESULT: undefined
COMMAND: POST /session/885acd6bfe44f64c6e2485c8ef54779e/execute/async - {"script":"<script> [6424 bytes]","args":[{"element-6066-11e4-a52e-4f735466cecf":"f.F53CD083946FCE278F3961FDA51ABBA8.d.4B0732980625C496495D783982A252AA.e.18352"},"getText",[]]}
RESULT: {"script":"<script> [6424 bytes]","args":[{"element-6066-11e4-a52e-4f735466cecf":"f.F53CD083946FCE278F3961FDA51ABBA8.d.4B0732980625C496495D783982A252AA.e.18352"},"getText",[]]}
COMMAND: POST /session/885acd6bfe44f64c6e2485c8ef54779e/element - {"using":"css selector","value":"#shell-header-logo"}
RESULT: {"using":"css selector","value":"#shell-header-logo"}
COMMAND: POST /session/885acd6bfe44f64c6e2485c8ef54779e/element/f.F53CD083946FCE278F3961FDA51ABBA8.d.4B0732980625C496495D783982A252AA.e.17740/click - {}
RESULT: {}
COMMAND: GET /session/885acd6bfe44f64c6e2485c8ef54779e/screenshot - {}
RESULT: {}
]]></system-out>
    </testcase>
    <testcase classname="chrome.135_0_7049_96.windows.Transfer_Yard_to_Yard_US131076" name="Should do a stock increase for the equipment and multipart" time="57.334">
      <system-out><![CDATA[
COMMAND: POST /session/885acd6bfe44f64c6e2485c8ef54779e/execute/async - {"script":"<script> [1562 bytes]","args":[{"selector":{"controlType":"sap.m.Text","viewName":"etm.portal.ui.managehandoverstile.view.Master","properties":{"text":"Manage Handovers"},"interaction":{"idSuffix":"inner"}},"wdio_ui5_key":"etmportal.ui.managehandoverstile.view.Mastersap.m.Text{\"text\":\"Manage Handovers\"}"}]}
RESULT: {"script":"<script> [1562 bytes]","args":[{"selector":{"controlType":"sap.m.Text","viewName":"etm.portal.ui.managehandoverstile.view.Master","properties":{"text":"Manage Handovers"},"interaction":{"idSuffix":"inner"}},"wdio_ui5_key":"etmportal.ui.managehandoverstile.view.Mastersap.m.Text{\"text\":\"Manage Handovers\"}"}]}
RESULT: undefined
COMMAND: POST /session/885acd6bfe44f64c6e2485c8ef54779e/element - {"using":"xpath","value":"//*[@id=\"__tile131-title\"]"}
RESULT: {"using":"xpath","value":"//*[@id=\"__tile131-title\"]"}
COMMAND: POST /session/885acd6bfe44f64c6e2485c8ef54779e/element/f.F53CD083946FCE278F3961FDA51ABBA8.d.4B0732980625C496495D783982A252AA.e.18484/click - {}
RESULT: {}
COMMAND: GET /session/885acd6bfe44f64c6e2485c8ef54779e/screenshot - {}
RESULT: {}
COMMAND: POST /session/885acd6bfe44f64c6e2485c8ef54779e/execute/async - {"script":"<script> [1562 bytes]","args":[{"selector":{"controlType":"sap.ui.core.Icon","viewName":"etm.portal.ui.managehandovers.view.MasterHO","properties":{"src":{"regex":{"source":"add"}}}},"wdio_ui5_key":"etmportal.ui.managehandovers.view.MasterHOsap.ui.core.Icon{\"src\":{\"regex\":{\"source\":\"add\"}}}"}]}
RESULT: {"script":"<script> [1562 bytes]","args":[{"selector":{"controlType":"sap.ui.core.Icon","viewName":"etm.portal.ui.managehandovers.view.MasterHO","properties":{"src":{"regex":{"source":"add"}}}},"wdio_ui5_key":"etmportal.ui.managehandovers.view.MasterHOsap.ui.core.Icon{\"src\":{\"regex\":{\"source\":\"add\"}}}"}]}
RESULT: undefined
COMMAND: POST /session/885acd6bfe44f64c6e2485c8ef54779e/element - {"using":"xpath","value":"//*[@id=\"__button85-img\"]"}
RESULT: {"using":"xpath","value":"//*[@id=\"__button85-img\"]"}
COMMAND: POST /session/885acd6bfe44f64c6e2485c8ef54779e/element/f.F53CD083946FCE278F3961FDA51ABBA8.d.4B0732980625C496495D783982A252AA.e.18525/click - {}
RESULT: {}
COMMAND: POST /session/885acd6bfe44f64c6e2485c8ef54779e/execute/async - {"script":"<script> [1562 bytes]","args":[{"selector":{"id":"application-managehandovers-display-component---AddNewHO--typeSelect","interaction":{"idSuffix":"arrow"}},"wdio_ui5_key":"applicationmanagehandovers-display-component---AddNewHO--typeSelect"}]}
COMMAND: GET /session/885acd6bfe44f64c6e2485c8ef54779e/screenshot - {}
RESULT: {"script":"<script> [1562 bytes]","args":[{"selector":{"id":"application-managehandovers-display-component---AddNewHO--typeSelect","interaction":{"idSuffix":"arrow"}},"wdio_ui5_key":"applicationmanagehandovers-display-component---AddNewHO--typeSelect"}]}
RESULT: undefined
COMMAND: POST /session/885acd6bfe44f64c6e2485c8ef54779e/element - {"using":"xpath","value":"//*[@id=\"application-managehandovers-display-component---AddNewHO--typeSelect\"]"}
RESULT: {}
RESULT: {"using":"xpath","value":"//*[@id=\"application-managehandovers-display-component---AddNewHO--typeSelect\"]"}
COMMAND: POST /session/885acd6bfe44f64c6e2485c8ef54779e/element/f.F53CD083946FCE278F3961FDA51ABBA8.d.4B0732980625C496495D783982A252AA.e.18820/click - {}
RESULT: {}
COMMAND: POST /session/885acd6bfe44f64c6e2485c8ef54779e/execute/async - {"script":"<script> [1562 bytes]","args":[{"selector":{"controlType":"sap.ui.core.Item","viewName":"etm.portal.ui.managehandovers.view.AddNewHO","viewId":"application-managehandovers-display-component---AddNewHO","bindingPath":{"path":"/HandOverTypes('100')","propertyPath":"ID","modelName":"catalogModel"},"searchOpenDialogs":true},"wdio_ui5_key":"etmportal.ui.managehandovers.view.AddNewHOsap.ui.core.Item{\"path\":\"/HandOverTypes('100')\",\"propertyPath\":\"ID\",\"modelName\":\"catalogModel\"}"}]}
COMMAND: GET /session/885acd6bfe44f64c6e2485c8ef54779e/screenshot - {}
RESULT: {"script":"<script> [1562 bytes]","args":[{"selector":{"controlType":"sap.ui.core.Item","viewName":"etm.portal.ui.managehandovers.view.AddNewHO","viewId":"application-managehandovers-display-component---AddNewHO","bindingPath":{"path":"/HandOverTypes('100')","propertyPath":"ID","modelName":"catalogModel"},"searchOpenDialogs":true},"wdio_ui5_key":"etmportal.ui.managehandovers.view.AddNewHOsap.ui.core.Item{\"path\":\"/HandOverTypes('100')\",\"propertyPath\":\"ID\",\"modelName\":\"catalogModel\"}"}]}
RESULT: undefined
COMMAND: POST /session/885acd6bfe44f64c6e2485c8ef54779e/element - {"using":"xpath","value":"//*[@id=\"__item1244-application-managehandovers-display-component---AddNewHO--typeSelect-1\"]"}
RESULT: {}
RESULT: {"using":"xpath","value":"//*[@id=\"__item1244-application-managehandovers-display-component---AddNewHO--typeSelect-1\"]"}
COMMAND: POST /session/885acd6bfe44f64c6e2485c8ef54779e/element/f.F53CD083946FCE278F3961FDA51ABBA8.d.4B0732980625C496495D783982A252AA.e.18821/click - {}
RESULT: {}
COMMAND: POST /session/885acd6bfe44f64c6e2485c8ef54779e/execute/async - {"script":"<script> [1562 bytes]","args":[{"selector":{"id":"application-managehandovers-display-component---AddNewHO--dueDate","interaction":{"idSuffix":"inner"}},"wdio_ui5_key":"applicationmanagehandovers-display-component---AddNewHO--dueDate"}]}
COMMAND: GET /session/885acd6bfe44f64c6e2485c8ef54779e/screenshot - {}
RESULT: {"script":"<script> [1562 bytes]","args":[{"selector":{"id":"application-managehandovers-display-component---AddNewHO--dueDate","interaction":{"idSuffix":"inner"}},"wdio_ui5_key":"applicationmanagehandovers-display-component---AddNewHO--dueDate"}]}
RESULT: undefined
COMMAND: POST /session/885acd6bfe44f64c6e2485c8ef54779e/element - {"using":"xpath","value":"//input[@id=\"generalSectionFrg--receiveYard-inner\"]"}
RESULT: {}
RESULT: {"using":"xpath","value":"//input[@id=\"generalSectionFrg--receiveYard-inner\"]"}
COMMAND: POST /session/885acd6bfe44f64c6e2485c8ef54779e/element/f.F53CD083946FCE278F3961FDA51ABBA8.d.4B0732980625C496495D783982A252AA.e.18831/clear - {}
RESULT: {}
COMMAND: POST /session/885acd6bfe44f64c6e2485c8ef54779e/element/f.F53CD083946FCE278F3961FDA51ABBA8.d.4B0732980625C496495D783982A252AA.e.18831/value - {"text":"106"}
COMMAND: GET /session/885acd6bfe44f64c6e2485c8ef54779e/screenshot - {}
RESULT: {"text":"106"}
COMMAND: GET /session/885acd6bfe44f64c6e2485c8ef54779e/screenshot - {}
RESULT: {}
RESULT: {}
COMMAND: POST /session/885acd6bfe44f64c6e2485c8ef54779e/element - {"using":"xpath","value":"//input[@id=\"application-managehandovers-display-component---AddNewHO--dueDate-inner\"]"}
RESULT: {"using":"xpath","value":"//input[@id=\"application-managehandovers-display-component---AddNewHO--dueDate-inner\"]"}
COMMAND: POST /session/885acd6bfe44f64c6e2485c8ef54779e/elements - {"using":"xpath","value":"//input[@id=\"application-managehandovers-display-component---AddNewHO--dueDate-inner\"]"}
RESULT: {"using":"xpath","value":"//input[@id=\"application-managehandovers-display-component---AddNewHO--dueDate-inner\"]"}
COMMAND: POST /session/885acd6bfe44f64c6e2485c8ef54779e/execute/sync - {"script":"<script> [8489 bytes]","args":[{"element-6066-11e4-a52e-4f735466cecf":"f.F53CD083946FCE278F3961FDA51ABBA8.d.4B0732980625C496495D783982A252AA.e.18825","ELEMENT":"f.F53CD083946FCE278F3961FDA51ABBA8.d.4B0732980625C496495D783982A252AA.e.18825"}]}
RESULT: {"script":"<script> [8489 bytes]","args":[{"element-6066-11e4-a52e-4f735466cecf":"f.F53CD083946FCE278F3961FDA51ABBA8.d.4B0732980625C496495D783982A252AA.e.18825","ELEMENT":"f.F53CD083946FCE278F3961FDA51ABBA8.d.4B0732980625C496495D783982A252AA.e.18825"}]}
COMMAND: GET /session/885acd6bfe44f64c6e2485c8ef54779e/element/f.F53CD083946FCE278F3961FDA51ABBA8.d.4B0732980625C496495D783982A252AA.e.18825/enabled - {}
COMMAND: GET /session/885acd6bfe44f64c6e2485c8ef54779e/screenshot - {}
RESULT: {}
COMMAND: POST /session/885acd6bfe44f64c6e2485c8ef54779e/element/f.F53CD083946FCE278F3961FDA51ABBA8.d.4B0732980625C496495D783982A252AA.e.18825/click - {}
COMMAND: GET /session/885acd6bfe44f64c6e2485c8ef54779e/screenshot - {}
RESULT: {}
RESULT: {}
COMMAND: POST /session/885acd6bfe44f64c6e2485c8ef54779e/element/f.F53CD083946FCE278F3961FDA51ABBA8.d.4B0732980625C496495D783982A252AA.e.18825/clear - {}
COMMAND: GET /session/885acd6bfe44f64c6e2485c8ef54779e/screenshot - {}
RESULT: {}
RESULT: {}
COMMAND: POST /session/885acd6bfe44f64c6e2485c8ef54779e/element/f.F53CD083946FCE278F3961FDA51ABBA8.d.4B0732980625C496495D783982A252AA.e.18825/clear - {}
COMMAND: GET /session/885acd6bfe44f64c6e2485c8ef54779e/screenshot - {}
RESULT: {}
RESULT: {}
COMMAND: POST /session/885acd6bfe44f64c6e2485c8ef54779e/element/f.F53CD083946FCE278F3961FDA51ABBA8.d.4B0732980625C496495D783982A252AA.e.18825/value - {"text":"5/1/25"}
COMMAND: GET /session/885acd6bfe44f64c6e2485c8ef54779e/screenshot - {}
RESULT: {}
RESULT: {"text":"5/1/25"}
COMMAND: POST /session/885acd6bfe44f64c6e2485c8ef54779e/execute/async - {"script":"<script> [1562 bytes]","args":[{"selector":{"id":"application-managehandovers-display-component---AddNewHO--ObjectPageLayout-anchBar-application-managehandovers-display-component---AddNewHO--section4-anchor","interaction":{"idSuffix":"BDI-content"}},"wdio_ui5_key":"applicationmanagehandovers-display-component---AddNewHO--ObjectPageLayout-anchBar-application-managehandovers-display-component---AddNewHO--section4-anchor"}]}
COMMAND: GET /session/885acd6bfe44f64c6e2485c8ef54779e/screenshot - {}
RESULT: {}
RESULT: {"script":"<script> [1562 bytes]","args":[{"selector":{"id":"application-managehandovers-display-component---AddNewHO--ObjectPageLayout-anchBar-application-managehandovers-display-component---AddNewHO--section4-anchor","interaction":{"idSuffix":"BDI-content"}},"wdio_ui5_key":"applicationmanagehandovers-display-component---AddNewHO--ObjectPageLayout-anchBar-application-managehandovers-display-component---AddNewHO--section4-anchor"}]}
RESULT: undefined
COMMAND: POST /session/885acd6bfe44f64c6e2485c8ef54779e/element - {"using":"xpath","value":"//*[@id=\"application-managehandovers-display-component---AddNewHO--ObjectPageLayout-anchBar-application-managehandovers-display-component---AddNewHO--section4-anchor\"]"}
RESULT: {}
RESULT: {"using":"xpath","value":"//*[@id=\"application-managehandovers-display-component---AddNewHO--ObjectPageLayout-anchBar-application-managehandovers-display-component---AddNewHO--section4-anchor\"]"}
COMMAND: POST /session/885acd6bfe44f64c6e2485c8ef54779e/element/f.F53CD083946FCE278F3961FDA51ABBA8.d.4B0732980625C496495D783982A252AA.e.18849/click - {}
RESULT: {}
COMMAND: POST /session/885acd6bfe44f64c6e2485c8ef54779e/execute/async - {"script":"<script> [1562 bytes]","args":[{"selector":{"controlType":"sap.ui.core.Icon","viewName":"etm.portal.ui.managehandovers.view.AddNewHO","viewId":"application-managehandovers-display-component---AddNewHO","properties":{"src":{"regex":{"source":"add"}}}},"wdio_ui5_key":"etmportal.ui.managehandovers.view.AddNewHOsap.ui.core.Icon{\"src\":{\"regex\":{\"source\":\"add\"}}}"}]}
COMMAND: GET /session/885acd6bfe44f64c6e2485c8ef54779e/screenshot - {}
RESULT: {"script":"<script> [1562 bytes]","args":[{"selector":{"controlType":"sap.ui.core.Icon","viewName":"etm.portal.ui.managehandovers.view.AddNewHO","viewId":"application-managehandovers-display-component---AddNewHO","properties":{"src":{"regex":{"source":"add"}}}},"wdio_ui5_key":"etmportal.ui.managehandovers.view.AddNewHOsap.ui.core.Icon{\"src\":{\"regex\":{\"source\":\"add\"}}}"}]}
RESULT: undefined
COMMAND: POST /session/885acd6bfe44f64c6e2485c8ef54779e/element - {"using":"xpath","value":"//*[@id=\"__button104-img\"]"}
RESULT: {}
RESULT: {"using":"xpath","value":"//*[@id=\"__button104-img\"]"}
COMMAND: POST /session/885acd6bfe44f64c6e2485c8ef54779e/element/f.F53CD083946FCE278F3961FDA51ABBA8.d.4B0732980625C496495D783982A252AA.e.18853/click - {}
RESULT: {}
COMMAND: POST /session/885acd6bfe44f64c6e2485c8ef54779e/execute/async - {"script":"<script> [1562 bytes]","args":[{"selector":{"id":"application-managehandovers-display-component---AddNewHO--smartFilterBar-btnBasicSearch","searchOpenDialogs":true,"interaction":{"idSuffix":"I"}},"wdio_ui5_key":"applicationmanagehandovers-display-component---AddNewHO--smartFilterBar-btnBasicSearch"}]}
COMMAND: GET /session/885acd6bfe44f64c6e2485c8ef54779e/screenshot - {}
RESULT: {"script":"<script> [1562 bytes]","args":[{"selector":{"id":"application-managehandovers-display-component---AddNewHO--smartFilterBar-btnBasicSearch","searchOpenDialogs":true,"interaction":{"idSuffix":"I"}},"wdio_ui5_key":"applicationmanagehandovers-display-component---AddNewHO--smartFilterBar-btnBasicSearch"}]}
RESULT: undefined
COMMAND: POST /session/885acd6bfe44f64c6e2485c8ef54779e/execute/async - {"script":"<script> [776 bytes]","args":[{"enterText":"TransferYard","selector":{"id":"application-managehandovers-display-component---AddNewHO--smartFilterBar-btnBasicSearch","searchOpenDialogs":true,"interaction":{"idSuffix":"I"}},"clearTextFirst":true,"interactionType":"ENTER_TEXT"}]}
RESULT: {}
RESULT: {"script":"<script> [776 bytes]","args":[{"enterText":"TransferYard","selector":{"id":"application-managehandovers-display-component---AddNewHO--smartFilterBar-btnBasicSearch","searchOpenDialogs":true,"interaction":{"idSuffix":"I"}},"clearTextFirst":true,"interactionType":"ENTER_TEXT"}]}
COMMAND: POST /session/885acd6bfe44f64c6e2485c8ef54779e/actions - {"actions":[{"id":"action79","type":"key","parameters":{},"actions":[{"type":"keyDown","value":"î€‡"},{"type":"pause","duration":10},{"type":"keyUp","value":"î€‡"}]}]}
RESULT: {"actions":[{"id":"action79","type":"key","parameters":{},"actions":[{"type":"keyDown","value":"î€‡"},{"type":"pause","duration":10},{"type":"keyUp","value":"î€‡"}]}]}
COMMAND: POST /session/885acd6bfe44f64c6e2485c8ef54779e/execute/async - {"script":"<script> [1562 bytes]","args":[{"selector":{"id":"application-managehandovers-display-component---AddNewHO--popup-sa","searchOpenDialogs":true,"interaction":{"idSuffix":"CbBg"}},"wdio_ui5_key":"applicationmanagehandovers-display-component---AddNewHO--popup-sa"}]}
COMMAND: GET /session/885acd6bfe44f64c6e2485c8ef54779e/screenshot - {}
RESULT: {"script":"<script> [1562 bytes]","args":[{"selector":{"id":"application-managehandovers-display-component---AddNewHO--popup-sa","searchOpenDialogs":true,"interaction":{"idSuffix":"CbBg"}},"wdio_ui5_key":"applicationmanagehandovers-display-component---AddNewHO--popup-sa"}]}
RESULT: undefined
COMMAND: POST /session/885acd6bfe44f64c6e2485c8ef54779e/element - {"using":"xpath","value":"//*[@id=\"application-managehandovers-display-component---AddNewHO--popup-sa\"]"}
RESULT: {}
RESULT: {"using":"xpath","value":"//*[@id=\"application-managehandovers-display-component---AddNewHO--popup-sa\"]"}
COMMAND: POST /session/885acd6bfe44f64c6e2485c8ef54779e/element/f.F53CD083946FCE278F3961FDA51ABBA8.d.4B0732980625C496495D783982A252AA.e.19018/click - {}
RESULT: {}
COMMAND: POST /session/885acd6bfe44f64c6e2485c8ef54779e/execute/async - {"script":"<script> [1562 bytes]","args":[{"selector":{"controlType":"sap.m.Button","viewName":"etm.portal.ui.managehandovers.view.AddNewHO","viewId":"application-managehandovers-display-component---AddNewHO","i18NText":{"propertyName":"text","key":"select"},"searchOpenDialogs":true,"interaction":{"idSuffix":"BDI-content"}},"wdio_ui5_key":"etmportal.ui.managehandovers.view.AddNewHOsap.m.Button{\"propertyName\":\"text\",\"key\":\"select\"}"}]}
COMMAND: GET /session/885acd6bfe44f64c6e2485c8ef54779e/screenshot - {}
RESULT: {"script":"<script> [1562 bytes]","args":[{"selector":{"controlType":"sap.m.Button","viewName":"etm.portal.ui.managehandovers.view.AddNewHO","viewId":"application-managehandovers-display-component---AddNewHO","i18NText":{"propertyName":"text","key":"select"},"searchOpenDialogs":true,"interaction":{"idSuffix":"BDI-content"}},"wdio_ui5_key":"etmportal.ui.managehandovers.view.AddNewHOsap.m.Button{\"propertyName\":\"text\",\"key\":\"select\"}"}]}
RESULT: undefined
COMMAND: POST /session/885acd6bfe44f64c6e2485c8ef54779e/element - {"using":"xpath","value":"//*[@id=\"__button107\"]"}
RESULT: {}
RESULT: {"using":"xpath","value":"//*[@id=\"__button107\"]"}
COMMAND: POST /session/885acd6bfe44f64c6e2485c8ef54779e/element/f.F53CD083946FCE278F3961FDA51ABBA8.d.4B0732980625C496495D783982A252AA.e.19020/click - {}
RESULT: {}
COMMAND: GET /session/885acd6bfe44f64c6e2485c8ef54779e/screenshot - {}
RESULT: {}
COMMAND: POST /session/885acd6bfe44f64c6e2485c8ef54779e/execute/async - {"script":"<script> [1562 bytes]","args":[{"selector":{"controlType":"sap.m.Input","viewName":"etm.portal.ui.managehandovers.view.AddNewHO","viewId":"application-managehandovers-display-component---AddNewHO","bindingPath":{"path":"/items/0","propertyPath":"TYPE","modelName":"hoItemsModel"},"interaction":{"idSuffix":"inner"}},"wdio_ui5_key":"etmportal.ui.managehandovers.view.AddNewHOsap.m.Input{\"path\":\"/items/0\",\"propertyPath\":\"TYPE\",\"modelName\":\"hoItemsModel\"}"}]}
RESULT: {"script":"<script> [1562 bytes]","args":[{"selector":{"controlType":"sap.m.Input","viewName":"etm.portal.ui.managehandovers.view.AddNewHO","viewId":"application-managehandovers-display-component---AddNewHO","bindingPath":{"path":"/items/0","propertyPath":"TYPE","modelName":"hoItemsModel"},"interaction":{"idSuffix":"inner"}},"wdio_ui5_key":"etmportal.ui.managehandovers.view.AddNewHOsap.m.Input{\"path\":\"/items/0\",\"propertyPath\":\"TYPE\",\"modelName\":\"hoItemsModel\"}"}]}
RESULT: undefined
COMMAND: POST /session/885acd6bfe44f64c6e2485c8ef54779e/execute/async - {"script":"<script> [776 bytes]","args":[{"enterText":"100","selector":{"controlType":"sap.m.Input","viewName":"etm.portal.ui.managehandovers.view.AddNewHO","viewId":"application-managehandovers-display-component---AddNewHO","bindingPath":{"path":"/items/0","propertyPath":"TYPE","modelName":"hoItemsModel"},"interaction":{"idSuffix":"inner"}},"clearTextFirst":true,"interactionType":"ENTER_TEXT"}]}
RESULT: {"script":"<script> [776 bytes]","args":[{"enterText":"100","selector":{"controlType":"sap.m.Input","viewName":"etm.portal.ui.managehandovers.view.AddNewHO","viewId":"application-managehandovers-display-component---AddNewHO","bindingPath":{"path":"/items/0","propertyPath":"TYPE","modelName":"hoItemsModel"},"interaction":{"idSuffix":"inner"}},"clearTextFirst":true,"interactionType":"ENTER_TEXT"}]}
COMMAND: POST /session/885acd6bfe44f64c6e2485c8ef54779e/execute/async - {"script":"<script> [1562 bytes]","args":[{"selector":{"id":"application-managehandovers-display-component---AddNewHO--confirmCreationButton","interaction":{"idSuffix":"BDI-content"}},"wdio_ui5_key":"applicationmanagehandovers-display-component---AddNewHO--confirmCreationButton"}]}
RESULT: {"script":"<script> [1562 bytes]","args":[{"selector":{"id":"application-managehandovers-display-component---AddNewHO--confirmCreationButton","interaction":{"idSuffix":"BDI-content"}},"wdio_ui5_key":"applicationmanagehandovers-display-component---AddNewHO--confirmCreationButton"}]}
RESULT: undefined
COMMAND: POST /session/885acd6bfe44f64c6e2485c8ef54779e/element - {"using":"xpath","value":"//*[@id=\"application-managehandovers-display-component---AddNewHO--confirmCreationButton\"]"}
RESULT: {"using":"xpath","value":"//*[@id=\"application-managehandovers-display-component---AddNewHO--confirmCreationButton\"]"}
COMMAND: POST /session/885acd6bfe44f64c6e2485c8ef54779e/element/f.F53CD083946FCE278F3961FDA51ABBA8.d.4B0732980625C496495D783982A252AA.e.19052/click - {}
RESULT: {}
COMMAND: GET /session/885acd6bfe44f64c6e2485c8ef54779e/screenshot - {}
RESULT: {}
COMMAND: POST /session/885acd6bfe44f64c6e2485c8ef54779e/execute/async - {"script":"<script> [1562 bytes]","args":[{"selector":{"controlType":"sap.m.Button","viewName":"etm.portal.ui.managehandovers.view.DetailExecuteHO","i18NText":{"propertyName":"text","key":"confirmAll"},"interaction":{"idSuffix":"BDI-content"}},"wdio_ui5_key":"etmportal.ui.managehandovers.view.DetailExecuteHOsap.m.Button{\"propertyName\":\"text\",\"key\":\"confirmAll\"}"}]}
RESULT: {"script":"<script> [1562 bytes]","args":[{"selector":{"controlType":"sap.m.Button","viewName":"etm.portal.ui.managehandovers.view.DetailExecuteHO","i18NText":{"propertyName":"text","key":"confirmAll"},"interaction":{"idSuffix":"BDI-content"}},"wdio_ui5_key":"etmportal.ui.managehandovers.view.DetailExecuteHOsap.m.Button{\"propertyName\":\"text\",\"key\":\"confirmAll\"}"}]}
RESULT: undefined
COMMAND: POST /session/885acd6bfe44f64c6e2485c8ef54779e/element - {"using":"xpath","value":"//*[@id=\"__button136\"]"}
RESULT: {"using":"xpath","value":"//*[@id=\"__button136\"]"}
COMMAND: POST /session/885acd6bfe44f64c6e2485c8ef54779e/element/f.F53CD083946FCE278F3961FDA51ABBA8.d.4B0732980625C496495D783982A252AA.e.19143/click - {}
RESULT: {}
COMMAND: POST /session/885acd6bfe44f64c6e2485c8ef54779e/execute/async - {"script":"<script> [1562 bytes]","args":[{"selector":{"controlType":"sap.m.Button","properties":{"text":"OK"},"searchOpenDialogs":true,"interaction":{"idSuffix":"BDI-content"}},"wdio_ui5_key":"sapm.Button{\"text\":\"OK\"}"}]}
COMMAND: GET /session/885acd6bfe44f64c6e2485c8ef54779e/screenshot - {}
RESULT: {"script":"<script> [1562 bytes]","args":[{"selector":{"controlType":"sap.m.Button","properties":{"text":"OK"},"searchOpenDialogs":true,"interaction":{"idSuffix":"BDI-content"}},"wdio_ui5_key":"sapm.Button{\"text\":\"OK\"}"}]}
RESULT: undefined
COMMAND: POST /session/885acd6bfe44f64c6e2485c8ef54779e/element - {"using":"xpath","value":"//*[@id=\"__mbox-btn-2\"]"}
RESULT: {}
RESULT: {"using":"xpath","value":"//*[@id=\"__mbox-btn-2\"]"}
COMMAND: POST /session/885acd6bfe44f64c6e2485c8ef54779e/element/f.F53CD083946FCE278F3961FDA51ABBA8.d.4B0732980625C496495D783982A252AA.e.19144/click - {}
RESULT: {}
COMMAND: GET /session/885acd6bfe44f64c6e2485c8ef54779e/screenshot - {}
RESULT: {}
COMMAND: POST /session/885acd6bfe44f64c6e2485c8ef54779e/element - {"using":"xpath","value":"//input[contains(@id, \"receiptDatePicker-inner\")]"}
RESULT: {"using":"xpath","value":"//input[contains(@id, \"receiptDatePicker-inner\")]"}
COMMAND: POST /session/885acd6bfe44f64c6e2485c8ef54779e/elements - {"using":"xpath","value":"//input[contains(@id, \"receiptDatePicker-inner\")]"}
RESULT: {"using":"xpath","value":"//input[contains(@id, \"receiptDatePicker-inner\")]"}
COMMAND: POST /session/885acd6bfe44f64c6e2485c8ef54779e/execute/sync - {"script":"<script> [8489 bytes]","args":[{"element-6066-11e4-a52e-4f735466cecf":"f.F53CD083946FCE278F3961FDA51ABBA8.d.4B0732980625C496495D783982A252AA.e.19077","ELEMENT":"f.F53CD083946FCE278F3961FDA51ABBA8.d.4B0732980625C496495D783982A252AA.e.19077"}]}
RESULT: {"script":"<script> [8489 bytes]","args":[{"element-6066-11e4-a52e-4f735466cecf":"f.F53CD083946FCE278F3961FDA51ABBA8.d.4B0732980625C496495D783982A252AA.e.19077","ELEMENT":"f.F53CD083946FCE278F3961FDA51ABBA8.d.4B0732980625C496495D783982A252AA.e.19077"}]}
COMMAND: GET /session/885acd6bfe44f64c6e2485c8ef54779e/element/f.F53CD083946FCE278F3961FDA51ABBA8.d.4B0732980625C496495D783982A252AA.e.19077/enabled - {}
COMMAND: GET /session/885acd6bfe44f64c6e2485c8ef54779e/screenshot - {}
RESULT: {}
COMMAND: POST /session/885acd6bfe44f64c6e2485c8ef54779e/element/f.F53CD083946FCE278F3961FDA51ABBA8.d.4B0732980625C496495D783982A252AA.e.19077/click - {}
COMMAND: GET /session/885acd6bfe44f64c6e2485c8ef54779e/screenshot - {}
RESULT: {}
RESULT: {}
COMMAND: POST /session/885acd6bfe44f64c6e2485c8ef54779e/element/f.F53CD083946FCE278F3961FDA51ABBA8.d.4B0732980625C496495D783982A252AA.e.19077/clear - {}
COMMAND: GET /session/885acd6bfe44f64c6e2485c8ef54779e/screenshot - {}
RESULT: {}
RESULT: {}
COMMAND: POST /session/885acd6bfe44f64c6e2485c8ef54779e/element/f.F53CD083946FCE278F3961FDA51ABBA8.d.4B0732980625C496495D783982A252AA.e.19077/clear - {}
COMMAND: GET /session/885acd6bfe44f64c6e2485c8ef54779e/screenshot - {}
RESULT: {}
RESULT: {}
COMMAND: POST /session/885acd6bfe44f64c6e2485c8ef54779e/element/f.F53CD083946FCE278F3961FDA51ABBA8.d.4B0732980625C496495D783982A252AA.e.19077/value - {"text":"5/1/25"}
COMMAND: GET /session/885acd6bfe44f64c6e2485c8ef54779e/screenshot - {}
RESULT: {}
RESULT: {"text":"5/1/25"}
COMMAND: POST /session/885acd6bfe44f64c6e2485c8ef54779e/execute/async - {"script":"<script> [1562 bytes]","args":[{"selector":{"id":"confirmationButton","viewName":"etm.portal.ui.managehandovers.view.DetailExecuteHO","interaction":{"idSuffix":"BDI-content"}},"wdio_ui5_key":"confirmationButtonetmportal.ui.managehandovers.view.DetailExecuteHO"}]}
COMMAND: GET /session/885acd6bfe44f64c6e2485c8ef54779e/screenshot - {}
RESULT: {}
RESULT: {"script":"<script> [1562 bytes]","args":[{"selector":{"id":"confirmationButton","viewName":"etm.portal.ui.managehandovers.view.DetailExecuteHO","interaction":{"idSuffix":"BDI-content"}},"wdio_ui5_key":"confirmationButtonetmportal.ui.managehandovers.view.DetailExecuteHO"}]}
RESULT: undefined
RESULT: {}
]]></system-out>
    </testcase>
  </testsuite>
</testsuites>