<?xml version="1.0" encoding="UTF-8"?>
<testsuites tests="15" failures="0" errors="0" skipped="0">
  <testsuite timestamp="2025-05-17T15:17:46" time="68.875" tests="2" failures="0" errors="0" skipped="0">
    <properties>
      <property name="specId" value="0" />
      <property name="suiteName" value="Assign the user test user id to an address" />
      <property name="capabilities" value="chrome.136_0_7103_93.windows" />
      <property name="file" value="file:///D:/a/1/s/test/specs/R2C/assign-user-id-to-an-address.spec.js" />
    </properties>
    <testcase classname="chrome.136_0_7103_93.windows.Assign_the_user_test_user_id_to_an_address" name="Should search for test1ETM create only if not present" time="9.373">
      <system-out><![CDATA[
COMMAND: POST /session/1b6c7837aabde9e3293127df2ee335cc/execute/async - {"script":"<script> [1562 bytes]","args":[{"selector":{"id":"application-addressmanagement-display-component---masterAdm--smartFilterBar-filterItemControl_BASIC-NAME-vhi"},"wdio_ui5_key":"applicationaddressmanagement-display-component---masterAdm--smartFilterBar-filterItemControl_BASIC-NAME-vhi"}]}
RESULT: {"script":"<script> [1562 bytes]","args":[{"selector":{"id":"application-addressmanagement-display-component---masterAdm--smartFilterBar-filterItemControl_BASIC-NAME-vhi"},"wdio_ui5_key":"applicationaddressmanagement-display-component---masterAdm--smartFilterBar-filterItemControl_BASIC-NAME-vhi"}]}
RESULT: undefined
COMMAND: POST /session/1b6c7837aabde9e3293127df2ee335cc/element - {"using":"xpath","value":"//*[@id=\"application-addressmanagement-display-component---masterAdm--smartFilterBar-filterItemControl_BASIC-NAME-vhi\"]"}
RESULT: {"using":"xpath","value":"//*[@id=\"application-addressmanagement-display-component---masterAdm--smartFilterBar-filterItemControl_BASIC-NAME-vhi\"]"}
COMMAND: POST /session/1b6c7837aabde9e3293127df2ee335cc/element/f.662FC9EC32089450E4582D1FE7DD78D5.d.BEAB9022F51645B3CA130C12B8F055C6.e.294/click - {}
RESULT: {}
COMMAND: POST /session/1b6c7837aabde9e3293127df2ee335cc/execute/async - {"script":"<script> [1562 bytes]","args":[{"selector":{"controlType":"sap.m.Input","viewName":"etm.portal.ui.addressmanagement.view.Master","viewId":"application-addressmanagement-display-component---masterAdm","properties":{"valueState":"None"},"searchOpenDialogs":true,"interaction":{"idSuffix":"inner"}},"wdio_ui5_key":"etmportal.ui.addressmanagement.view.Mastersap.m.Input{\"valueState\":\"None\"}"}]}
COMMAND: GET /session/1b6c7837aabde9e3293127df2ee335cc/screenshot - {}
RESULT: {"script":"<script> [1562 bytes]","args":[{"selector":{"controlType":"sap.m.Input","viewName":"etm.portal.ui.addressmanagement.view.Master","viewId":"application-addressmanagement-display-component---masterAdm","properties":{"valueState":"None"},"searchOpenDialogs":true,"interaction":{"idSuffix":"inner"}},"wdio_ui5_key":"etmportal.ui.addressmanagement.view.Mastersap.m.Input{\"valueState\":\"None\"}"}]}
RESULT: undefined
COMMAND: POST /session/1b6c7837aabde9e3293127df2ee335cc/execute/async - {"script":"<script> [776 bytes]","args":[{"enterText":"Test1ETM","selector":{"controlType":"sap.m.Input","viewName":"etm.portal.ui.addressmanagement.view.Master","viewId":"application-addressmanagement-display-component---masterAdm","properties":{"valueState":"None"},"searchOpenDialogs":true,"interaction":{"idSuffix":"inner"}},"clearTextFirst":true,"interactionType":"ENTER_TEXT"}]}
RESULT: {}
RESULT: {"script":"<script> [776 bytes]","args":[{"enterText":"Test1ETM","selector":{"controlType":"sap.m.Input","viewName":"etm.portal.ui.addressmanagement.view.Master","viewId":"application-addressmanagement-display-component---masterAdm","properties":{"valueState":"None"},"searchOpenDialogs":true,"interaction":{"idSuffix":"inner"}},"clearTextFirst":true,"interactionType":"ENTER_TEXT"}]}
COMMAND: POST /session/1b6c7837aabde9e3293127df2ee335cc/actions - {"actions":[{"id":"action1","type":"key","parameters":{},"actions":[{"type":"keyDown","value":"î€‡"},{"type":"pause","duration":10},{"type":"keyUp","value":"î€‡"}]}]}
RESULT: {"actions":[{"id":"action1","type":"key","parameters":{},"actions":[{"type":"keyDown","value":"î€‡"},{"type":"pause","duration":10},{"type":"keyUp","value":"î€‡"}]}]}
COMMAND: POST /session/1b6c7837aabde9e3293127df2ee335cc/execute/async - {"script":"<script> [1562 bytes]","args":[{"selector":{"id":"application-addressmanagement-display-component---masterAdm--smartFilterBar-filterItemControl_BASIC-NAME-valueHelpDialog-ok","searchOpenDialogs":true,"interaction":{"idSuffix":"BDI-content"}},"wdio_ui5_key":"applicationaddressmanagement-display-component---masterAdm--smartFilterBar-filterItemControl_BASIC-NAME-valueHelpDialog-ok"}]}
COMMAND: GET /session/1b6c7837aabde9e3293127df2ee335cc/screenshot - {}
RESULT: {"script":"<script> [1562 bytes]","args":[{"selector":{"id":"application-addressmanagement-display-component---masterAdm--smartFilterBar-filterItemControl_BASIC-NAME-valueHelpDialog-ok","searchOpenDialogs":true,"interaction":{"idSuffix":"BDI-content"}},"wdio_ui5_key":"applicationaddressmanagement-display-component---masterAdm--smartFilterBar-filterItemControl_BASIC-NAME-valueHelpDialog-ok"}]}
RESULT: undefined
COMMAND: POST /session/1b6c7837aabde9e3293127df2ee335cc/element - {"using":"xpath","value":"//*[@id=\"application-addressmanagement-display-component---masterAdm--smartFilterBar-filterItemControl_BASIC-NAME-valueHelpDialog-ok\"]"}
RESULT: {}
RESULT: {"using":"xpath","value":"//*[@id=\"application-addressmanagement-display-component---masterAdm--smartFilterBar-filterItemControl_BASIC-NAME-valueHelpDialog-ok\"]"}
COMMAND: POST /session/1b6c7837aabde9e3293127df2ee335cc/element/f.662FC9EC32089450E4582D1FE7DD78D5.d.BEAB9022F51645B3CA130C12B8F055C6.e.303/click - {}
RESULT: {}
COMMAND: GET /session/1b6c7837aabde9e3293127df2ee335cc/screenshot - {}
RESULT: {}
COMMAND: POST /session/1b6c7837aabde9e3293127df2ee335cc/element - {"using":"xpath","value":"(//span[text()=\"Active\"])[1]"}
RESULT: {"using":"xpath","value":"(//span[text()=\"Active\"])[1]"}
COMMAND: POST /session/1b6c7837aabde9e3293127df2ee335cc/elements - {"using":"xpath","value":"(//span[text()=\"Active\"])[1]"}
RESULT: {"using":"xpath","value":"(//span[text()=\"Active\"])[1]"}
COMMAND: POST /session/1b6c7837aabde9e3293127df2ee335cc/execute/sync - {"script":"<script> [8489 bytes]","args":[{"element-6066-11e4-a52e-4f735466cecf":"f.662FC9EC32089450E4582D1FE7DD78D5.d.BEAB9022F51645B3CA130C12B8F055C6.e.321","ELEMENT":"f.662FC9EC32089450E4582D1FE7DD78D5.d.BEAB9022F51645B3CA130C12B8F055C6.e.321"}]}
RESULT: {"script":"<script> [8489 bytes]","args":[{"element-6066-11e4-a52e-4f735466cecf":"f.662FC9EC32089450E4582D1FE7DD78D5.d.BEAB9022F51645B3CA130C12B8F055C6.e.321","ELEMENT":"f.662FC9EC32089450E4582D1FE7DD78D5.d.BEAB9022F51645B3CA130C12B8F055C6.e.321"}]}
COMMAND: POST /session/1b6c7837aabde9e3293127df2ee335cc/execute/sync - {"script":"<script> [5351 bytes]","args":[{"element-6066-11e4-a52e-4f735466cecf":"f.662FC9EC32089450E4582D1FE7DD78D5.d.BEAB9022F51645B3CA130C12B8F055C6.e.321","ELEMENT":"f.662FC9EC32089450E4582D1FE7DD78D5.d.BEAB9022F51645B3CA130C12B8F055C6.e.321"}]}
COMMAND: GET /session/1b6c7837aabde9e3293127df2ee335cc/screenshot - {}
RESULT: {"script":"<script> [5351 bytes]","args":[{"element-6066-11e4-a52e-4f735466cecf":"f.662FC9EC32089450E4582D1FE7DD78D5.d.BEAB9022F51645B3CA130C12B8F055C6.e.321","ELEMENT":"f.662FC9EC32089450E4582D1FE7DD78D5.d.BEAB9022F51645B3CA130C12B8F055C6.e.321"}]}
COMMAND: POST /session/1b6c7837aabde9e3293127df2ee335cc/element/f.662FC9EC32089450E4582D1FE7DD78D5.d.BEAB9022F51645B3CA130C12B8F055C6.e.321/click - {}
COMMAND: GET /session/1b6c7837aabde9e3293127df2ee335cc/screenshot - {}
RESULT: {}
RESULT: {}
COMMAND: POST /session/1b6c7837aabde9e3293127df2ee335cc/element - {"using":"xpath","value":"//span[@id=\"application-addressmanagement-display-component---detailAdm--addressDetailDetailsName1\"]"}
COMMAND: GET /session/1b6c7837aabde9e3293127df2ee335cc/screenshot - {}
RESULT: {}
RESULT: {"using":"xpath","value":"//span[@id=\"application-addressmanagement-display-component---detailAdm--addressDetailDetailsName1\"]"}
COMMAND: POST /session/1b6c7837aabde9e3293127df2ee335cc/execute/sync - {"script":"<script> [8489 bytes]","args":[{"element-6066-11e4-a52e-4f735466cecf":"f.662FC9EC32089450E4582D1FE7DD78D5.d.BEAB9022F51645B3CA130C12B8F055C6.e.402","ELEMENT":"f.662FC9EC32089450E4582D1FE7DD78D5.d.BEAB9022F51645B3CA130C12B8F055C6.e.402"}]}
RESULT: {}
RESULT: {"script":"<script> [8489 bytes]","args":[{"element-6066-11e4-a52e-4f735466cecf":"f.662FC9EC32089450E4582D1FE7DD78D5.d.BEAB9022F51645B3CA130C12B8F055C6.e.402","ELEMENT":"f.662FC9EC32089450E4582D1FE7DD78D5.d.BEAB9022F51645B3CA130C12B8F055C6.e.402"}]}
]]></system-out>
    </testcase>
    <testcase classname="chrome.136_0_7103_93.windows.Assign_the_user_test_user_id_to_an_address" name="Should edit the title of the created found address" time="11.587">
      <system-out><![CDATA[
COMMAND: POST /session/1b6c7837aabde9e3293127df2ee335cc/execute/async - {"script":"<script> [1562 bytes]","args":[{"selector":{"controlType":"sap.m.Button","viewName":"etm.portal.ui.addressmanagement.view.Detail","viewId":"application-addressmanagement-display-component---detailAdm","i18NText":{"propertyName":"text","key":"edit"}},"wdio_ui5_key":"etmportal.ui.addressmanagement.view.Detailsap.m.Button{\"propertyName\":\"text\",\"key\":\"edit\"}"}]}
COMMAND: GET /session/1b6c7837aabde9e3293127df2ee335cc/screenshot - {}
RESULT: {"script":"<script> [1562 bytes]","args":[{"selector":{"controlType":"sap.m.Button","viewName":"etm.portal.ui.addressmanagement.view.Detail","viewId":"application-addressmanagement-display-component---detailAdm","i18NText":{"propertyName":"text","key":"edit"}},"wdio_ui5_key":"etmportal.ui.addressmanagement.view.Detailsap.m.Button{\"propertyName\":\"text\",\"key\":\"edit\"}"}]}
RESULT: undefined
COMMAND: POST /session/1b6c7837aabde9e3293127df2ee335cc/element - {"using":"xpath","value":"//*[@id=\"__button16\"]"}
RESULT: {}
RESULT: {"using":"xpath","value":"//*[@id=\"__button16\"]"}
COMMAND: POST /session/1b6c7837aabde9e3293127df2ee335cc/element/f.662FC9EC32089450E4582D1FE7DD78D5.d.BEAB9022F51645B3CA130C12B8F055C6.e.409/click - {}
RESULT: {}
COMMAND: POST /session/1b6c7837aabde9e3293127df2ee335cc/execute/async - {"script":"<script> [1562 bytes]","args":[{"selector":{"controlType":"sap.ui.core.Icon","viewName":"etm.portal.ui.addressmanagement.view.EditDetail","properties":{"src":{"regex":{"source":"slim\\-arrow\\-down"}}},"ancestor":{"id":"addressTitle","viewName":"etm.portal.ui.addressmanagement.view.EditDetail"}},"wdio_ui5_key":"etmportal.ui.addressmanagement.view.EditDetailsap.ui.core.Icon{\"src\":{\"regex\":{\"source\":\"slim\\\\-arrow\\\\-down\"}}}{\"id\":\"addressTitle\",\"viewName\":\"etm.portal.ui.addressmanagement.view.EditDetail\"}"}]}
COMMAND: GET /session/1b6c7837aabde9e3293127df2ee335cc/screenshot - {}
RESULT: {"script":"<script> [1562 bytes]","args":[{"selector":{"controlType":"sap.ui.core.Icon","viewName":"etm.portal.ui.addressmanagement.view.EditDetail","properties":{"src":{"regex":{"source":"slim\\-arrow\\-down"}}},"ancestor":{"id":"addressTitle","viewName":"etm.portal.ui.addressmanagement.view.EditDetail"}},"wdio_ui5_key":"etmportal.ui.addressmanagement.view.EditDetailsap.ui.core.Icon{\"src\":{\"regex\":{\"source\":\"slim\\\\-arrow\\\\-down\"}}}{\"id\":\"addressTitle\",\"viewName\":\"etm.portal.ui.addressmanagement.view.EditDetail\"}"}]}
RESULT: undefined
COMMAND: POST /session/1b6c7837aabde9e3293127df2ee335cc/element - {"using":"xpath","value":"//*[@id=\"__xmlview58--addressTitle-arrow\"]"}
RESULT: {}
RESULT: {"using":"xpath","value":"//*[@id=\"__xmlview58--addressTitle-arrow\"]"}
COMMAND: POST /session/1b6c7837aabde9e3293127df2ee335cc/element/f.662FC9EC32089450E4582D1FE7DD78D5.d.BEAB9022F51645B3CA130C12B8F055C6.e.464/click - {}
RESULT: {}
COMMAND: POST /session/1b6c7837aabde9e3293127df2ee335cc/execute/async - {"script":"<script> [1562 bytes]","args":[{"selector":{"controlType":"sap.m.StandardListItem","viewName":"etm.portal.ui.addressmanagement.view.EditDetail","properties":{"title":"Dr."},"searchOpenDialogs":true},"wdio_ui5_key":"etmportal.ui.addressmanagement.view.EditDetailsap.m.StandardListItem{\"title\":\"Dr.\"}"}]}
COMMAND: GET /session/1b6c7837aabde9e3293127df2ee335cc/screenshot - {}
RESULT: {"script":"<script> [1562 bytes]","args":[{"selector":{"controlType":"sap.m.StandardListItem","viewName":"etm.portal.ui.addressmanagement.view.EditDetail","properties":{"title":"Dr."},"searchOpenDialogs":true},"wdio_ui5_key":"etmportal.ui.addressmanagement.view.EditDetailsap.m.StandardListItem{\"title\":\"Dr.\"}"}]}
RESULT: undefined
COMMAND: POST /session/1b6c7837aabde9e3293127df2ee335cc/element - {"using":"xpath","value":"//*[@id=\"__item219\"]"}
RESULT: {}
RESULT: {"using":"xpath","value":"//*[@id=\"__item219\"]"}
COMMAND: POST /session/1b6c7837aabde9e3293127df2ee335cc/element/f.662FC9EC32089450E4582D1FE7DD78D5.d.BEAB9022F51645B3CA130C12B8F055C6.e.466/click - {}
RESULT: {}
COMMAND: POST /session/1b6c7837aabde9e3293127df2ee335cc/execute/async - {"script":"<script> [1562 bytes]","args":[{"selector":{"controlType":"sap.m.Button","viewName":"etm.portal.ui.addressmanagement.view.EditDetail","i18NText":{"propertyName":"text","key":"save"}},"wdio_ui5_key":"etmportal.ui.addressmanagement.view.EditDetailsap.m.Button{\"propertyName\":\"text\",\"key\":\"save\"}"}]}
COMMAND: GET /session/1b6c7837aabde9e3293127df2ee335cc/screenshot - {}
RESULT: {"script":"<script> [1562 bytes]","args":[{"selector":{"controlType":"sap.m.Button","viewName":"etm.portal.ui.addressmanagement.view.EditDetail","i18NText":{"propertyName":"text","key":"save"}},"wdio_ui5_key":"etmportal.ui.addressmanagement.view.EditDetailsap.m.Button{\"propertyName\":\"text\",\"key\":\"save\"}"}]}
RESULT: undefined
COMMAND: POST /session/1b6c7837aabde9e3293127df2ee335cc/element - {"using":"xpath","value":"//*[@id=\"__button37\"]"}
RESULT: {}
RESULT: {"using":"xpath","value":"//*[@id=\"__button37\"]"}
COMMAND: POST /session/1b6c7837aabde9e3293127df2ee335cc/element/f.662FC9EC32089450E4582D1FE7DD78D5.d.BEAB9022F51645B3CA130C12B8F055C6.e.467/click - {}
RESULT: {}
COMMAND: GET /session/1b6c7837aabde9e3293127df2ee335cc/screenshot - {}
RESULT: {}
COMMAND: POST /session/1b6c7837aabde9e3293127df2ee335cc/element - {"using":"xpath","value":"//span[@id=\"application-addressmanagement-display-component---detailAdm--addressTitle\"]"}
RESULT: {"using":"xpath","value":"//span[@id=\"application-addressmanagement-display-component---detailAdm--addressTitle\"]"}
COMMAND: GET /session/1b6c7837aabde9e3293127df2ee335cc/element/f.662FC9EC32089450E4582D1FE7DD78D5.d.BEAB9022F51645B3CA130C12B8F055C6.e.479/text - {}
RESULT: {}
COMMAND: POST /session/1b6c7837aabde9e3293127df2ee335cc/element - {"using":"xpath","value":"//span[@id=\"application-addressmanagement-display-component---detailAdm--addressDetailDetailsName1\"]"}
RESULT: {"using":"xpath","value":"//span[@id=\"application-addressmanagement-display-component---detailAdm--addressDetailDetailsName1\"]"}
COMMAND: GET /session/1b6c7837aabde9e3293127df2ee335cc/element/f.662FC9EC32089450E4582D1FE7DD78D5.d.BEAB9022F51645B3CA130C12B8F055C6.e.402/text - {}
RESULT: {}
COMMAND: POST /session/1b6c7837aabde9e3293127df2ee335cc/refresh - {}
RESULT: {}
COMMAND: GET /session/1b6c7837aabde9e3293127df2ee335cc/screenshot - {}
RESULT: {}
COMMAND: POST /session/1b6c7837aabde9e3293127df2ee335cc/refresh - {}
RESULT: {}
COMMAND: GET /session/1b6c7837aabde9e3293127df2ee335cc/screenshot - {}
RESULT: {}
COMMAND: POST /session/1b6c7837aabde9e3293127df2ee335cc/window/fullscreen - {}
RESULT: {}
COMMAND: POST /session/1b6c7837aabde9e3293127df2ee335cc/execute/async - {"script":"<script> [189 bytes]","args":[]}
RESULT: {"script":"<script> [189 bytes]","args":[]}
COMMAND: POST /session/1b6c7837aabde9e3293127df2ee335cc/execute/async - {"script":"<script> [123 bytes]","args":[]}
RESULT: {"script":"<script> [123 bytes]","args":[]}
COMMAND: POST /session/1b6c7837aabde9e3293127df2ee335cc/timeouts - {"script":"<number>"}
RESULT: {"script":"<number>"}
COMMAND: GET /session/1b6c7837aabde9e3293127df2ee335cc/timeouts - {}
RESULT: {}
RESULT: undefined
COMMAND: POST /session/1b6c7837aabde9e3293127df2ee335cc/execute/async - {"script":"<script> [2676 bytes]","args":[]}
RESULT: {"script":"<script> [2676 bytes]","args":[]}
COMMAND: POST /session/1b6c7837aabde9e3293127df2ee335cc/execute/async - {"script":"<script> [2342 bytes]","args":[{"protocol":"http","hostname":"0.0.0.0","path":"/","capabilities":{"browserName":"chrome","goog:chromeOptions":{"binary":"C:\\Program Files\\Google\\Chrome\\Application\\chrome.exe","args":["--start-maximized"]}},"logLevel":"warn","connectionRetryTimeout":120000,"connectionRetryCount":3,"logLevels":{},"enableDirectConnect":true,"strictSSL":true,"_":"65 more keys: [\"cacheDir\",\"port\",\"requestedCapabilities\",\"automationProtocol\",\"baseUrl\",\"waitforInterval\",\"waitforTimeout\",\"onReload\",\"beforeCommand\",\"afterCommand\",\"rootDir\",\"specs\",\"suites\",\"exclude\",\"groupLogsByTestSpec\",\"excludeDriverLogs\",\"bail\",\"framework\",\"reporters\",\"services\",\"maxInstances\",\"maxInstancesPerCapability\",\"injectGlobals\",\"filesToWatch\",\"execArgv\",\"runnerEnv\",\"runner\",\"shard\",\"specFileRetries\",\"specFileRetriesDelay\",\"specFileRetriesDeferred\",\"reporterSyncInterval\",\"reporterSyncTimeout\",\"cucumberFeaturesWithLineNumbers\",\"autoCompileOpts\",\"mochaOpts\",\"jasmineOpts\",\"cucumberOpts\",\"onPrepare\",\"onWorkerStart\",\"onWorkerEnd\",\"before\",\"beforeSession\",\"beforeSuite\",\"beforeHook\",\"beforeTest\",\"afterTest\",\"afterHook\",\"afterSuite\",\"afterSession\",\"after\",\"onComplete\",\"beforeAssertion\",\"afterAssertion\",\"beforeFeature\",\"beforeScenario\",\"beforeStep\",\"afterStep\",\"afterScenario\",\"afterFeature\",\"_\",\"suite\",\"$0\",\"ignoredWorkerServices\",\"wdi5\"]"}]}
RESULT: {"script":"<script> [2342 bytes]","args":[{"protocol":"http","hostname":"0.0.0.0","path":"/","capabilities":{"browserName":"chrome","goog:chromeOptions":{"binary":"C:\\Program Files\\Google\\Chrome\\Application\\chrome.exe","args":["--start-maximized"]}},"logLevel":"warn","connectionRetryTimeout":120000,"connectionRetryCount":3,"logLevels":{},"enableDirectConnect":true,"strictSSL":true,"_":"65 more keys: [\"cacheDir\",\"port\",\"requestedCapabilities\",\"automationProtocol\",\"baseUrl\",\"waitforInterval\",\"waitforTimeout\",\"onReload\",\"beforeCommand\",\"afterCommand\",\"rootDir\",\"specs\",\"suites\",\"exclude\",\"groupLogsByTestSpec\",\"excludeDriverLogs\",\"bail\",\"framework\",\"reporters\",\"services\",\"maxInstances\",\"maxInstancesPerCapability\",\"injectGlobals\",\"filesToWatch\",\"execArgv\",\"runnerEnv\",\"runner\",\"shard\",\"specFileRetries\",\"specFileRetriesDelay\",\"specFileRetriesDeferred\",\"reporterSyncInterval\",\"reporterSyncTimeout\",\"cucumberFeaturesWithLineNumbers\",\"autoCompileOpts\",\"mochaOpts\",\"jasmineOpts\",\"cucumberOpts\",\"onPrepare\",\"onWorkerStart\",\"onWorkerEnd\",\"before\",\"beforeSession\",\"beforeSuite\",\"beforeHook\",\"beforeTest\",\"afterTest\",\"afterHook\",\"afterSuite\",\"afterSession\",\"after\",\"onComplete\",\"beforeAssertion\",\"afterAssertion\",\"beforeFeature\",\"beforeScenario\",\"beforeStep\",\"afterStep\",\"afterScenario\",\"afterFeature\",\"_\",\"suite\",\"$0\",\"ignoredWorkerServices\",\"wdi5\"]"}]}
COMMAND: POST /session/1b6c7837aabde9e3293127df2ee335cc/execute/async - {"script":"<script> [21126 bytes]","args":[35000]}
RESULT: {"script":"<script> [21126 bytes]","args":[35000]}
COMMAND: POST /session/1b6c7837aabde9e3293127df2ee335cc/element - {"using":"css selector","value":"#shell-header-logo"}
RESULT: {"using":"css selector","value":"#shell-header-logo"}
COMMAND: POST /session/1b6c7837aabde9e3293127df2ee335cc/element/f.662FC9EC32089450E4582D1FE7DD78D5.d.18EE1C694F1D38D534FF1616913D7656.e.495/click - {}
RESULT: {}
COMMAND: GET /session/1b6c7837aabde9e3293127df2ee335cc/screenshot - {}
RESULT: {}
COMMAND: POST /session/1b6c7837aabde9e3293127df2ee335cc/execute/async - {"script":"<script> [1562 bytes]","args":[{"selector":{"controlType":"sap.m.GenericTile","properties":{"header":"Manage Yards"}},"wdio_ui5_key":"sapm.GenericTile{\"header\":\"Manage Yards\"}"}]}
RESULT: {"script":"<script> [1562 bytes]","args":[{"selector":{"controlType":"sap.m.GenericTile","properties":{"header":"Manage Yards"}},"wdio_ui5_key":"sapm.GenericTile{\"header\":\"Manage Yards\"}"}]}
RESULT: undefined
COMMAND: POST /session/1b6c7837aabde9e3293127df2ee335cc/element - {"using":"xpath","value":"//*[@id=\"__tile52\"]"}
RESULT: {"using":"xpath","value":"//*[@id=\"__tile52\"]"}
COMMAND: POST /session/1b6c7837aabde9e3293127df2ee335cc/element/f.662FC9EC32089450E4582D1FE7DD78D5.d.18EE1C694F1D38D534FF1616913D7656.e.791/click - {}
RESULT: {}
COMMAND: GET /session/1b6c7837aabde9e3293127df2ee335cc/screenshot - {}
RESULT: {}
COMMAND: POST /session/1b6c7837aabde9e3293127df2ee335cc/elements - {"using":"xpath","value":"//span[text()='Error']"}
RESULT: {"using":"xpath","value":"//span[text()='Error']"}
]]></system-out>
    </testcase>
  </testsuite>
  <testsuite timestamp="2025-05-17T15:18:55" time="285.386" tests="2" failures="0" errors="0" skipped="0">
    <properties>
      <property name="specId" value="0" />
      <property name="suiteName" value="Create 2 Yards US112496" />
      <property name="capabilities" value="chrome.136_0_7103_93.windows" />
      <property name="file" value="file:///D:/a/1/s/test/specs/R2C/create-yard.spec.js" />
    </properties>
    <testcase classname="chrome.136_0_7103_93.windows.Create_2_Yards_US112496" name="Should create a new simple yard" time="130.142">
      <system-out><![CDATA[
COMMAND: POST /session/1b6c7837aabde9e3293127df2ee335cc/execute/async - {"script":"<script> [1562 bytes]","args":[{"selector":{"controlType":"sap.ui.core.Icon","viewName":"etm.portal.ui.manageyards.view.Master","viewId":"application-manageyards-display-component---masterYard","properties":{"src":{"regex":{"source":"add"}}}},"wdio_ui5_key":"etmportal.ui.manageyards.view.Mastersap.ui.core.Icon{\"src\":{\"regex\":{\"source\":\"add\"}}}"}]}
RESULT: {"script":"<script> [1562 bytes]","args":[{"selector":{"controlType":"sap.ui.core.Icon","viewName":"etm.portal.ui.manageyards.view.Master","viewId":"application-manageyards-display-component---masterYard","properties":{"src":{"regex":{"source":"add"}}}},"wdio_ui5_key":"etmportal.ui.manageyards.view.Mastersap.ui.core.Icon{\"src\":{\"regex\":{\"source\":\"add\"}}}"}]}
RESULT: undefined
COMMAND: POST /session/1b6c7837aabde9e3293127df2ee335cc/element - {"using":"xpath","value":"//*[@id=\"__button23-img\"]"}
RESULT: {"using":"xpath","value":"//*[@id=\"__button23-img\"]"}
COMMAND: POST /session/1b6c7837aabde9e3293127df2ee335cc/element/f.662FC9EC32089450E4582D1FE7DD78D5.d.18EE1C694F1D38D534FF1616913D7656.e.836/click - {}
RESULT: {}
COMMAND: GET /session/1b6c7837aabde9e3293127df2ee335cc/screenshot - {}
RESULT: {}
COMMAND: POST /session/1b6c7837aabde9e3293127df2ee335cc/execute/async - {"script":"<script> [1562 bytes]","args":[{"selector":{"id":"application-manageyards-display-component---NewYard--yardId","interaction":{"idSuffix":"inner"}},"wdio_ui5_key":"applicationmanageyards-display-component---NewYard--yardId"}]}
RESULT: {"script":"<script> [1562 bytes]","args":[{"selector":{"id":"application-manageyards-display-component---NewYard--yardId","interaction":{"idSuffix":"inner"}},"wdio_ui5_key":"applicationmanageyards-display-component---NewYard--yardId"}]}
RESULT: undefined
COMMAND: POST /session/1b6c7837aabde9e3293127df2ee335cc/element - {"using":"xpath","value":"//*[@id=\"application-manageyards-display-component---NewYard--addressDetailDetailsName1-inner\"]"}
RESULT: {"using":"xpath","value":"//*[@id=\"application-manageyards-display-component---NewYard--addressDetailDetailsName1-inner\"]"}
COMMAND: POST /session/1b6c7837aabde9e3293127df2ee335cc/element/f.662FC9EC32089450E4582D1FE7DD78D5.d.18EE1C694F1D38D534FF1616913D7656.e.995/clear - {}
RESULT: {}
COMMAND: POST /session/1b6c7837aabde9e3293127df2ee335cc/element/f.662FC9EC32089450E4582D1FE7DD78D5.d.18EE1C694F1D38D534FF1616913D7656.e.995/value - {"text":"Webdriver Yard anspn"}
COMMAND: GET /session/1b6c7837aabde9e3293127df2ee335cc/screenshot - {}
RESULT: {"text":"Webdriver Yard anspn"}
COMMAND: POST /session/1b6c7837aabde9e3293127df2ee335cc/element - {"using":"xpath","value":"//*[@id=\"application-manageyards-display-component---NewYard--addressDetailDetailsLanguage-inner\"]"}
COMMAND: GET /session/1b6c7837aabde9e3293127df2ee335cc/screenshot - {}
RESULT: {}
RESULT: {"using":"xpath","value":"//*[@id=\"application-manageyards-display-component---NewYard--addressDetailDetailsLanguage-inner\"]"}
COMMAND: POST /session/1b6c7837aabde9e3293127df2ee335cc/element/f.662FC9EC32089450E4582D1FE7DD78D5.d.18EE1C694F1D38D534FF1616913D7656.e.996/clear - {}
RESULT: {}
RESULT: {}
COMMAND: POST /session/1b6c7837aabde9e3293127df2ee335cc/element/f.662FC9EC32089450E4582D1FE7DD78D5.d.18EE1C694F1D38D534FF1616913D7656.e.996/value - {"text":"Romanian"}
COMMAND: GET /session/1b6c7837aabde9e3293127df2ee335cc/screenshot - {}
RESULT: {"text":"Romanian"}
COMMAND: GET /session/1b6c7837aabde9e3293127df2ee335cc/screenshot - {}
RESULT: {}
RESULT: {}
COMMAND: POST /session/1b6c7837aabde9e3293127df2ee335cc/element - {"using":"xpath","value":"//*[@id=\"application-manageyards-display-component---NewYard--addressDetailDetailsCity1-inner\"]"}
RESULT: {"using":"xpath","value":"//*[@id=\"application-manageyards-display-component---NewYard--addressDetailDetailsCity1-inner\"]"}
COMMAND: POST /session/1b6c7837aabde9e3293127df2ee335cc/element/f.662FC9EC32089450E4582D1FE7DD78D5.d.18EE1C694F1D38D534FF1616913D7656.e.998/clear - {}
RESULT: {}
COMMAND: POST /session/1b6c7837aabde9e3293127df2ee335cc/element/f.662FC9EC32089450E4582D1FE7DD78D5.d.18EE1C694F1D38D534FF1616913D7656.e.998/value - {"text":"Bucuresti"}
COMMAND: GET /session/1b6c7837aabde9e3293127df2ee335cc/screenshot - {}
RESULT: {"text":"Bucuresti"}
COMMAND: GET /session/1b6c7837aabde9e3293127df2ee335cc/screenshot - {}
RESULT: {}
COMMAND: POST /session/1b6c7837aabde9e3293127df2ee335cc/element - {"using":"xpath","value":"//*[@id=\"application-manageyards-display-component---NewYard--addressDetailDetailsCountry-inner\"]"}
RESULT: {}
RESULT: {"using":"xpath","value":"//*[@id=\"application-manageyards-display-component---NewYard--addressDetailDetailsCountry-inner\"]"}
COMMAND: POST /session/1b6c7837aabde9e3293127df2ee335cc/element/f.662FC9EC32089450E4582D1FE7DD78D5.d.18EE1C694F1D38D534FF1616913D7656.e.1002/clear - {}
RESULT: {}
COMMAND: POST /session/1b6c7837aabde9e3293127df2ee335cc/element/f.662FC9EC32089450E4582D1FE7DD78D5.d.18EE1C694F1D38D534FF1616913D7656.e.1002/value - {"text":"Romania"}
COMMAND: GET /session/1b6c7837aabde9e3293127df2ee335cc/screenshot - {}
RESULT: {"text":"Romania"}
COMMAND: GET /session/1b6c7837aabde9e3293127df2ee335cc/screenshot - {}
RESULT: {}
COMMAND: POST /session/1b6c7837aabde9e3293127df2ee335cc/element - {"using":"xpath","value":"//div[contains(text(), \"Commercial\")]"}
RESULT: {}
RESULT: {"using":"xpath","value":"//div[contains(text(), \"Commercial\")]"}
COMMAND: GET /session/1b6c7837aabde9e3293127df2ee335cc/element/f.662FC9EC32089450E4582D1FE7DD78D5.d.18EE1C694F1D38D534FF1616913D7656.e.1264/rect - {}
RESULT: {}
COMMAND: GET /session/1b6c7837aabde9e3293127df2ee335cc/window/rect - {}
RESULT: {}
COMMAND: POST /session/1b6c7837aabde9e3293127df2ee335cc/execute/sync - {"script":"<script> [92 bytes]","args":[]}
RESULT: {"script":"<script> [92 bytes]","args":[]}
COMMAND: POST /session/1b6c7837aabde9e3293127df2ee335cc/actions - {"actions":[{"id":"action2","type":"wheel","parameters":{},"actions":[{"type":"scroll","x":-1825,"y":-44,"deltaX":0,"deltaY":0,"duration":0,"origin":{"element-6066-11e4-a52e-4f735466cecf":"f.662FC9EC32089450E4582D1FE7DD78D5.d.18EE1C694F1D38D534FF1616913D7656.e.1264"}}]}]}
COMMAND: GET /session/1b6c7837aabde9e3293127df2ee335cc/screenshot - {}
RESULT: {}
COMMAND: POST /session/1b6c7837aabde9e3293127df2ee335cc/execute/sync - {"script":"<script> [79 bytes]","args":[{"element-6066-11e4-a52e-4f735466cecf":"f.662FC9EC32089450E4582D1FE7DD78D5.d.18EE1C694F1D38D534FF1616913D7656.e.1264","ELEMENT":"f.662FC9EC32089450E4582D1FE7DD78D5.d.18EE1C694F1D38D534FF1616913D7656.e.1264"},{"block":"start","inline":"nearest"}]}
RESULT: {"script":"<script> [79 bytes]","args":[{"element-6066-11e4-a52e-4f735466cecf":"f.662FC9EC32089450E4582D1FE7DD78D5.d.18EE1C694F1D38D534FF1616913D7656.e.1264","ELEMENT":"f.662FC9EC32089450E4582D1FE7DD78D5.d.18EE1C694F1D38D534FF1616913D7656.e.1264"},{"block":"start","inline":"nearest"}]}
COMMAND: GET /session/1b6c7837aabde9e3293127df2ee335cc/screenshot - {}
RESULT: {}
COMMAND: POST /session/1b6c7837aabde9e3293127df2ee335cc/element - {"using":"xpath","value":"//input[@id='application-manageyards-display-component---NewYard--addressEditDetailsCostObjectCstType-inner']"}
RESULT: {"using":"xpath","value":"//input[@id='application-manageyards-display-component---NewYard--addressEditDetailsCostObjectCstType-inner']"}
COMMAND: POST /session/1b6c7837aabde9e3293127df2ee335cc/execute/sync - {"script":"<script> [8489 bytes]","args":[{"element-6066-11e4-a52e-4f735466cecf":"f.662FC9EC32089450E4582D1FE7DD78D5.d.18EE1C694F1D38D534FF1616913D7656.e.1008","ELEMENT":"f.662FC9EC32089450E4582D1FE7DD78D5.d.18EE1C694F1D38D534FF1616913D7656.e.1008"}]}
RESULT: {"script":"<script> [8489 bytes]","args":[{"element-6066-11e4-a52e-4f735466cecf":"f.662FC9EC32089450E4582D1FE7DD78D5.d.18EE1C694F1D38D534FF1616913D7656.e.1008","ELEMENT":"f.662FC9EC32089450E4582D1FE7DD78D5.d.18EE1C694F1D38D534FF1616913D7656.e.1008"}]}
COMMAND: POST /session/1b6c7837aabde9e3293127df2ee335cc/element/f.662FC9EC32089450E4582D1FE7DD78D5.d.18EE1C694F1D38D534FF1616913D7656.e.1008/clear - {}
COMMAND: GET /session/1b6c7837aabde9e3293127df2ee335cc/screenshot - {}
RESULT: {}
COMMAND: POST /session/1b6c7837aabde9e3293127df2ee335cc/element/f.662FC9EC32089450E4582D1FE7DD78D5.d.18EE1C694F1D38D534FF1616913D7656.e.1008/value - {"text":"Cost"}
COMMAND: GET /session/1b6c7837aabde9e3293127df2ee335cc/screenshot - {}
RESULT: {}
RESULT: {"text":"Cost"}
COMMAND: GET /session/1b6c7837aabde9e3293127df2ee335cc/screenshot - {}
RESULT: {}
RESULT: {}
COMMAND: POST /session/1b6c7837aabde9e3293127df2ee335cc/execute/async - {"script":"<script> [1562 bytes]","args":[{"selector":{"id":"application-manageyards-display-component---NewYard--addressNewCostObjectCstID","interaction":{"idSuffix":"inner"}},"wdio_ui5_key":"applicationmanageyards-display-component---NewYard--addressNewCostObjectCstID"}]}
RESULT: {"script":"<script> [1562 bytes]","args":[{"selector":{"id":"application-manageyards-display-component---NewYard--addressNewCostObjectCstID","interaction":{"idSuffix":"inner"}},"wdio_ui5_key":"applicationmanageyards-display-component---NewYard--addressNewCostObjectCstID"}]}
RESULT: undefined
COMMAND: POST /session/1b6c7837aabde9e3293127df2ee335cc/execute/async - {"script":"<script> [776 bytes]","args":[{"enterText":"10001013","selector":{"id":"application-manageyards-display-component---NewYard--addressNewCostObjectCstID","interaction":{"idSuffix":"inner"}},"clearTextFirst":true,"interactionType":"ENTER_TEXT"}]}
RESULT: {"script":"<script> [776 bytes]","args":[{"enterText":"10001013","selector":{"id":"application-manageyards-display-component---NewYard--addressNewCostObjectCstID","interaction":{"idSuffix":"inner"}},"clearTextFirst":true,"interactionType":"ENTER_TEXT"}]}
COMMAND: POST /session/1b6c7837aabde9e3293127df2ee335cc/actions - {"actions":[{"id":"action3","type":"key","parameters":{},"actions":[{"type":"keyDown","value":"î€‡"},{"type":"pause","duration":10},{"type":"keyUp","value":"î€‡"}]}]}
RESULT: {"actions":[{"id":"action3","type":"key","parameters":{},"actions":[{"type":"keyDown","value":"î€‡"},{"type":"pause","duration":10},{"type":"keyUp","value":"î€‡"}]}]}
COMMAND: GET /session/1b6c7837aabde9e3293127df2ee335cc/screenshot - {}
RESULT: {}
COMMAND: POST /session/1b6c7837aabde9e3293127df2ee335cc/execute/async - {"script":"<script> [1562 bytes]","args":[{"selector":{"controlType":"sap.m.Button","viewName":"etm.portal.ui.manageyards.view.New","viewId":"application-manageyards-display-component---NewYard","i18NText":{"propertyName":"text","key":"save"},"interaction":{"idSuffix":"inner"}},"wdio_ui5_key":"etmportal.ui.manageyards.view.Newsap.m.Button{\"propertyName\":\"text\",\"key\":\"save\"}"}]}
RESULT: {"script":"<script> [1562 bytes]","args":[{"selector":{"controlType":"sap.m.Button","viewName":"etm.portal.ui.manageyards.view.New","viewId":"application-manageyards-display-component---NewYard","i18NText":{"propertyName":"text","key":"save"},"interaction":{"idSuffix":"inner"}},"wdio_ui5_key":"etmportal.ui.manageyards.view.Newsap.m.Button{\"propertyName\":\"text\",\"key\":\"save\"}"}]}
RESULT: undefined
COMMAND: POST /session/1b6c7837aabde9e3293127df2ee335cc/element - {"using":"xpath","value":"//*[@id=\"__button37\"]"}
RESULT: {"using":"xpath","value":"//*[@id=\"__button37\"]"}
COMMAND: POST /session/1b6c7837aabde9e3293127df2ee335cc/element/f.662FC9EC32089450E4582D1FE7DD78D5.d.18EE1C694F1D38D534FF1616913D7656.e.1207/click - {}
RESULT: {}
COMMAND: GET /session/1b6c7837aabde9e3293127df2ee335cc/screenshot - {}
RESULT: {}
COMMAND: POST /session/1b6c7837aabde9e3293127df2ee335cc/element - {"using":"xpath","value":"//header/div/div/div/div/div/div[2]/div/span"}
RESULT: {"using":"xpath","value":"//header/div/div/div/div/div/div[2]/div/span"}
COMMAND: GET /session/1b6c7837aabde9e3293127df2ee335cc/element/f.662FC9EC32089450E4582D1FE7DD78D5.d.18EE1C694F1D38D534FF1616913D7656.e.1493/text - {}
RESULT: {}
COMMAND: POST /session/1b6c7837aabde9e3293127df2ee335cc/element - {"using":"xpath","value":"//header/div/div[2]/div[2]/span"}
RESULT: {"using":"xpath","value":"//header/div/div[2]/div[2]/span"}
COMMAND: GET /session/1b6c7837aabde9e3293127df2ee335cc/element/f.662FC9EC32089450E4582D1FE7DD78D5.d.18EE1C694F1D38D534FF1616913D7656.e.1494/text - {}
RESULT: {}
COMMAND: POST /session/1b6c7837aabde9e3293127df2ee335cc/execute/async - {"script":"<script> [1562 bytes]","args":[{"selector":{"controlType":"sap.m.OverflowToolbarButton","viewName":"etm.portal.ui.manageyards.view.Detail","viewId":"application-manageyards-display-component---detailYard","i18NText":{"propertyName":"tooltip","key":"closeColumn"},"interaction":{"idSuffix":"inner"}},"wdio_ui5_key":"etmportal.ui.manageyards.view.Detailsap.m.OverflowToolbarButton{\"propertyName\":\"tooltip\",\"key\":\"closeColumn\"}"}]}
RESULT: {"script":"<script> [1562 bytes]","args":[{"selector":{"controlType":"sap.m.OverflowToolbarButton","viewName":"etm.portal.ui.manageyards.view.Detail","viewId":"application-manageyards-display-component---detailYard","i18NText":{"propertyName":"tooltip","key":"closeColumn"},"interaction":{"idSuffix":"inner"}},"wdio_ui5_key":"etmportal.ui.manageyards.view.Detailsap.m.OverflowToolbarButton{\"propertyName\":\"tooltip\",\"key\":\"closeColumn\"}"}]}
RESULT: undefined
COMMAND: POST /session/1b6c7837aabde9e3293127df2ee335cc/element - {"using":"xpath","value":"//*[@id=\"__button58\"]"}
RESULT: {"using":"xpath","value":"//*[@id=\"__button58\"]"}
COMMAND: POST /session/1b6c7837aabde9e3293127df2ee335cc/element/f.662FC9EC32089450E4582D1FE7DD78D5.d.18EE1C694F1D38D534FF1616913D7656.e.1497/click - {}
RESULT: {}
COMMAND: POST /session/1b6c7837aabde9e3293127df2ee335cc/refresh - {}
COMMAND: GET /session/1b6c7837aabde9e3293127df2ee335cc/screenshot - {}
RESULT: {}
COMMAND: GET /session/1b6c7837aabde9e3293127df2ee335cc/screenshot - {}
RESULT: {}
RESULT: {}
COMMAND: POST /session/1b6c7837aabde9e3293127df2ee335cc/refresh - {}
RESULT: {}
COMMAND: GET /session/1b6c7837aabde9e3293127df2ee335cc/screenshot - {}
RESULT: {}
COMMAND: POST /session/1b6c7837aabde9e3293127df2ee335cc/window/fullscreen - {}
RESULT: {}
COMMAND: POST /session/1b6c7837aabde9e3293127df2ee335cc/execute/async - {"script":"<script> [189 bytes]","args":[]}
RESULT: {"script":"<script> [189 bytes]","args":[]}
COMMAND: POST /session/1b6c7837aabde9e3293127df2ee335cc/execute/async - {"script":"<script> [123 bytes]","args":[]}
RESULT: {"script":"<script> [123 bytes]","args":[]}
COMMAND: POST /session/1b6c7837aabde9e3293127df2ee335cc/timeouts - {"script":"<number>"}
RESULT: {"script":"<number>"}
COMMAND: GET /session/1b6c7837aabde9e3293127df2ee335cc/timeouts - {}
RESULT: {}
RESULT: undefined
COMMAND: POST /session/1b6c7837aabde9e3293127df2ee335cc/execute/async - {"script":"<script> [2676 bytes]","args":[]}
RESULT: {"script":"<script> [2676 bytes]","args":[]}
COMMAND: POST /session/1b6c7837aabde9e3293127df2ee335cc/execute/async - {"script":"<script> [2342 bytes]","args":[{"protocol":"http","hostname":"0.0.0.0","path":"/","capabilities":{"browserName":"chrome","goog:chromeOptions":{"binary":"C:\\Program Files\\Google\\Chrome\\Application\\chrome.exe","args":["--start-maximized"]}},"logLevel":"warn","connectionRetryTimeout":120000,"connectionRetryCount":3,"logLevels":{},"enableDirectConnect":true,"strictSSL":true,"_":"65 more keys: [\"cacheDir\",\"port\",\"requestedCapabilities\",\"automationProtocol\",\"baseUrl\",\"waitforInterval\",\"waitforTimeout\",\"onReload\",\"beforeCommand\",\"afterCommand\",\"rootDir\",\"specs\",\"suites\",\"exclude\",\"groupLogsByTestSpec\",\"excludeDriverLogs\",\"bail\",\"framework\",\"reporters\",\"services\",\"maxInstances\",\"maxInstancesPerCapability\",\"injectGlobals\",\"filesToWatch\",\"execArgv\",\"runnerEnv\",\"runner\",\"shard\",\"specFileRetries\",\"specFileRetriesDelay\",\"specFileRetriesDeferred\",\"reporterSyncInterval\",\"reporterSyncTimeout\",\"cucumberFeaturesWithLineNumbers\",\"autoCompileOpts\",\"mochaOpts\",\"jasmineOpts\",\"cucumberOpts\",\"onPrepare\",\"onWorkerStart\",\"onWorkerEnd\",\"before\",\"beforeSession\",\"beforeSuite\",\"beforeHook\",\"beforeTest\",\"afterTest\",\"afterHook\",\"afterSuite\",\"afterSession\",\"after\",\"onComplete\",\"beforeAssertion\",\"afterAssertion\",\"beforeFeature\",\"beforeScenario\",\"beforeStep\",\"afterStep\",\"afterScenario\",\"afterFeature\",\"_\",\"suite\",\"$0\",\"ignoredWorkerServices\",\"wdi5\"]"}]}
RESULT: {"script":"<script> [2342 bytes]","args":[{"protocol":"http","hostname":"0.0.0.0","path":"/","capabilities":{"browserName":"chrome","goog:chromeOptions":{"binary":"C:\\Program Files\\Google\\Chrome\\Application\\chrome.exe","args":["--start-maximized"]}},"logLevel":"warn","connectionRetryTimeout":120000,"connectionRetryCount":3,"logLevels":{},"enableDirectConnect":true,"strictSSL":true,"_":"65 more keys: [\"cacheDir\",\"port\",\"requestedCapabilities\",\"automationProtocol\",\"baseUrl\",\"waitforInterval\",\"waitforTimeout\",\"onReload\",\"beforeCommand\",\"afterCommand\",\"rootDir\",\"specs\",\"suites\",\"exclude\",\"groupLogsByTestSpec\",\"excludeDriverLogs\",\"bail\",\"framework\",\"reporters\",\"services\",\"maxInstances\",\"maxInstancesPerCapability\",\"injectGlobals\",\"filesToWatch\",\"execArgv\",\"runnerEnv\",\"runner\",\"shard\",\"specFileRetries\",\"specFileRetriesDelay\",\"specFileRetriesDeferred\",\"reporterSyncInterval\",\"reporterSyncTimeout\",\"cucumberFeaturesWithLineNumbers\",\"autoCompileOpts\",\"mochaOpts\",\"jasmineOpts\",\"cucumberOpts\",\"onPrepare\",\"onWorkerStart\",\"onWorkerEnd\",\"before\",\"beforeSession\",\"beforeSuite\",\"beforeHook\",\"beforeTest\",\"afterTest\",\"afterHook\",\"afterSuite\",\"afterSession\",\"after\",\"onComplete\",\"beforeAssertion\",\"afterAssertion\",\"beforeFeature\",\"beforeScenario\",\"beforeStep\",\"afterStep\",\"afterScenario\",\"afterFeature\",\"_\",\"suite\",\"$0\",\"ignoredWorkerServices\",\"wdi5\"]"}]}
COMMAND: POST /session/1b6c7837aabde9e3293127df2ee335cc/execute/async - {"script":"<script> [21126 bytes]","args":[35000]}
RESULT: {"script":"<script> [21126 bytes]","args":[35000]}
]]></system-out>
    </testcase>
    <testcase classname="chrome.136_0_7103_93.windows.Create_2_Yards_US112496" name="Should create a WHM yard" time="72.734">
      <system-out><![CDATA[
COMMAND: POST /session/1b6c7837aabde9e3293127df2ee335cc/execute/async - {"script":"<script> [1562 bytes]","args":[{"selector":{"controlType":"sap.ui.core.Icon","viewName":"etm.portal.ui.manageyards.view.Master","viewId":"application-manageyards-display-component---masterYard","properties":{"src":{"regex":{"source":"add"}}}},"wdio_ui5_key":"etmportal.ui.manageyards.view.Mastersap.ui.core.Icon{\"src\":{\"regex\":{\"source\":\"add\"}}}"}]}
RESULT: {"script":"<script> [1562 bytes]","args":[{"selector":{"controlType":"sap.ui.core.Icon","viewName":"etm.portal.ui.manageyards.view.Master","viewId":"application-manageyards-display-component---masterYard","properties":{"src":{"regex":{"source":"add"}}}},"wdio_ui5_key":"etmportal.ui.manageyards.view.Mastersap.ui.core.Icon{\"src\":{\"regex\":{\"source\":\"add\"}}}"}]}
RESULT: undefined
COMMAND: POST /session/1b6c7837aabde9e3293127df2ee335cc/element - {"using":"xpath","value":"//*[@id=\"__button9-img\"]"}
RESULT: {"using":"xpath","value":"//*[@id=\"__button9-img\"]"}
COMMAND: POST /session/1b6c7837aabde9e3293127df2ee335cc/element/f.662FC9EC32089450E4582D1FE7DD78D5.d.70402B0CADEE44E50FBF5C0CECCE26C3.e.2499/click - {}
RESULT: {}
COMMAND: GET /session/1b6c7837aabde9e3293127df2ee335cc/screenshot - {}
RESULT: {}
COMMAND: POST /session/1b6c7837aabde9e3293127df2ee335cc/execute/async - {"script":"<script> [1562 bytes]","args":[{"selector":{"id":"application-manageyards-display-component---NewYard--yardId","interaction":{"idSuffix":"inner"}},"wdio_ui5_key":"applicationmanageyards-display-component---NewYard--yardId"}]}
RESULT: {"script":"<script> [1562 bytes]","args":[{"selector":{"id":"application-manageyards-display-component---NewYard--yardId","interaction":{"idSuffix":"inner"}},"wdio_ui5_key":"applicationmanageyards-display-component---NewYard--yardId"}]}
RESULT: undefined
COMMAND: POST /session/1b6c7837aabde9e3293127df2ee335cc/element - {"using":"xpath","value":"//*[@id=\"application-manageyards-display-component---NewYard--addressDetailDetailsName1-inner\"]"}
RESULT: {"using":"xpath","value":"//*[@id=\"application-manageyards-display-component---NewYard--addressDetailDetailsName1-inner\"]"}
COMMAND: POST /session/1b6c7837aabde9e3293127df2ee335cc/element/f.662FC9EC32089450E4582D1FE7DD78D5.d.70402B0CADEE44E50FBF5C0CECCE26C3.e.2581/clear - {}
RESULT: {}
COMMAND: POST /session/1b6c7837aabde9e3293127df2ee335cc/element/f.662FC9EC32089450E4582D1FE7DD78D5.d.70402B0CADEE44E50FBF5C0CECCE26C3.e.2581/value - {"text":"Webdriver WHM Yard 380vy"}
COMMAND: GET /session/1b6c7837aabde9e3293127df2ee335cc/screenshot - {}
RESULT: {"text":"Webdriver WHM Yard 380vy"}
COMMAND: POST /session/1b6c7837aabde9e3293127df2ee335cc/element - {"using":"xpath","value":"//*[@id=\"application-manageyards-display-component---NewYard--addressDetailDetailsLanguage-inner\"]"}
COMMAND: GET /session/1b6c7837aabde9e3293127df2ee335cc/screenshot - {}
RESULT: {}
RESULT: {"using":"xpath","value":"//*[@id=\"application-manageyards-display-component---NewYard--addressDetailDetailsLanguage-inner\"]"}
COMMAND: POST /session/1b6c7837aabde9e3293127df2ee335cc/element/f.662FC9EC32089450E4582D1FE7DD78D5.d.70402B0CADEE44E50FBF5C0CECCE26C3.e.2582/clear - {}
RESULT: {}
RESULT: {}
COMMAND: POST /session/1b6c7837aabde9e3293127df2ee335cc/element/f.662FC9EC32089450E4582D1FE7DD78D5.d.70402B0CADEE44E50FBF5C0CECCE26C3.e.2582/value - {"text":"Romanian"}
COMMAND: GET /session/1b6c7837aabde9e3293127df2ee335cc/screenshot - {}
RESULT: {"text":"Romanian"}
COMMAND: GET /session/1b6c7837aabde9e3293127df2ee335cc/screenshot - {}
RESULT: {}
RESULT: {}
COMMAND: POST /session/1b6c7837aabde9e3293127df2ee335cc/element - {"using":"xpath","value":"//*[@id=\"application-manageyards-display-component---NewYard--addressDetailDetailsCity1-inner\"]"}
RESULT: {"using":"xpath","value":"//*[@id=\"application-manageyards-display-component---NewYard--addressDetailDetailsCity1-inner\"]"}
COMMAND: POST /session/1b6c7837aabde9e3293127df2ee335cc/element/f.662FC9EC32089450E4582D1FE7DD78D5.d.70402B0CADEE44E50FBF5C0CECCE26C3.e.2584/clear - {}
RESULT: {}
COMMAND: POST /session/1b6c7837aabde9e3293127df2ee335cc/element/f.662FC9EC32089450E4582D1FE7DD78D5.d.70402B0CADEE44E50FBF5C0CECCE26C3.e.2584/value - {"text":"Bucuresti"}
COMMAND: GET /session/1b6c7837aabde9e3293127df2ee335cc/screenshot - {}
RESULT: {"text":"Bucuresti"}
COMMAND: GET /session/1b6c7837aabde9e3293127df2ee335cc/screenshot - {}
RESULT: {}
COMMAND: POST /session/1b6c7837aabde9e3293127df2ee335cc/element - {"using":"xpath","value":"//*[@id=\"application-manageyards-display-component---NewYard--addressDetailDetailsCountry-inner\"]"}
RESULT: {}
RESULT: {"using":"xpath","value":"//*[@id=\"application-manageyards-display-component---NewYard--addressDetailDetailsCountry-inner\"]"}
COMMAND: POST /session/1b6c7837aabde9e3293127df2ee335cc/element/f.662FC9EC32089450E4582D1FE7DD78D5.d.70402B0CADEE44E50FBF5C0CECCE26C3.e.2588/clear - {}
RESULT: {}
COMMAND: POST /session/1b6c7837aabde9e3293127df2ee335cc/element/f.662FC9EC32089450E4582D1FE7DD78D5.d.70402B0CADEE44E50FBF5C0CECCE26C3.e.2588/value - {"text":"Romania"}
COMMAND: GET /session/1b6c7837aabde9e3293127df2ee335cc/screenshot - {}
RESULT: {"text":"Romania"}
COMMAND: GET /session/1b6c7837aabde9e3293127df2ee335cc/screenshot - {}
RESULT: {}
COMMAND: POST /session/1b6c7837aabde9e3293127df2ee335cc/execute/async - {"script":"<script> [1562 bytes]","args":[{"selector":{"controlType":"sap.m.Button","viewName":"etm.portal.ui.manageyards.view.New","viewId":"application-manageyards-display-component---NewYard","properties":{"text":"Commercial"},"interaction":{"idSuffix":"BDI-content"}},"wdio_ui5_key":"etmportal.ui.manageyards.view.Newsap.m.Button{\"text\":\"Commercial\"}"}]}
RESULT: {}
RESULT: {"script":"<script> [1562 bytes]","args":[{"selector":{"controlType":"sap.m.Button","viewName":"etm.portal.ui.manageyards.view.New","viewId":"application-manageyards-display-component---NewYard","properties":{"text":"Commercial"},"interaction":{"idSuffix":"BDI-content"}},"wdio_ui5_key":"etmportal.ui.manageyards.view.Newsap.m.Button{\"text\":\"Commercial\"}"}]}
RESULT: undefined
COMMAND: POST /session/1b6c7837aabde9e3293127df2ee335cc/element - {"using":"xpath","value":"//*[@id=\"application-manageyards-display-component---NewYard--ObjectPageLayout-anchBar-__section17-anchor\"]"}
RESULT: {"using":"xpath","value":"//*[@id=\"application-manageyards-display-component---NewYard--ObjectPageLayout-anchBar-__section17-anchor\"]"}
COMMAND: POST /session/1b6c7837aabde9e3293127df2ee335cc/element/f.662FC9EC32089450E4582D1FE7DD78D5.d.70402B0CADEE44E50FBF5C0CECCE26C3.e.2731/click - {}
RESULT: {}
COMMAND: GET /session/1b6c7837aabde9e3293127df2ee335cc/screenshot - {}
RESULT: {}
COMMAND: POST /session/1b6c7837aabde9e3293127df2ee335cc/element - {"using":"xpath","value":"//input[@id='application-manageyards-display-component---NewYard--addressEditDetailsCostObjectCstType-inner']"}
RESULT: {"using":"xpath","value":"//input[@id='application-manageyards-display-component---NewYard--addressEditDetailsCostObjectCstType-inner']"}
COMMAND: POST /session/1b6c7837aabde9e3293127df2ee335cc/execute/sync - {"script":"<script> [8489 bytes]","args":[{"element-6066-11e4-a52e-4f735466cecf":"f.662FC9EC32089450E4582D1FE7DD78D5.d.70402B0CADEE44E50FBF5C0CECCE26C3.e.2594","ELEMENT":"f.662FC9EC32089450E4582D1FE7DD78D5.d.70402B0CADEE44E50FBF5C0CECCE26C3.e.2594"}]}
RESULT: {"script":"<script> [8489 bytes]","args":[{"element-6066-11e4-a52e-4f735466cecf":"f.662FC9EC32089450E4582D1FE7DD78D5.d.70402B0CADEE44E50FBF5C0CECCE26C3.e.2594","ELEMENT":"f.662FC9EC32089450E4582D1FE7DD78D5.d.70402B0CADEE44E50FBF5C0CECCE26C3.e.2594"}]}
COMMAND: POST /session/1b6c7837aabde9e3293127df2ee335cc/element/f.662FC9EC32089450E4582D1FE7DD78D5.d.70402B0CADEE44E50FBF5C0CECCE26C3.e.2594/clear - {}
COMMAND: GET /session/1b6c7837aabde9e3293127df2ee335cc/screenshot - {}
RESULT: {}
COMMAND: POST /session/1b6c7837aabde9e3293127df2ee335cc/element/f.662FC9EC32089450E4582D1FE7DD78D5.d.70402B0CADEE44E50FBF5C0CECCE26C3.e.2594/value - {"text":"Cost"}
COMMAND: GET /session/1b6c7837aabde9e3293127df2ee335cc/screenshot - {}
RESULT: {}
RESULT: {"text":"Cost"}
COMMAND: GET /session/1b6c7837aabde9e3293127df2ee335cc/screenshot - {}
RESULT: {}
RESULT: {}
COMMAND: POST /session/1b6c7837aabde9e3293127df2ee335cc/execute/async - {"script":"<script> [1562 bytes]","args":[{"selector":{"id":"application-manageyards-display-component---NewYard--addressNewCostObjectCstID","interaction":{"idSuffix":"inner"}},"wdio_ui5_key":"applicationmanageyards-display-component---NewYard--addressNewCostObjectCstID"}]}
RESULT: {"script":"<script> [1562 bytes]","args":[{"selector":{"id":"application-manageyards-display-component---NewYard--addressNewCostObjectCstID","interaction":{"idSuffix":"inner"}},"wdio_ui5_key":"applicationmanageyards-display-component---NewYard--addressNewCostObjectCstID"}]}
RESULT: undefined
COMMAND: POST /session/1b6c7837aabde9e3293127df2ee335cc/execute/async - {"script":"<script> [776 bytes]","args":[{"enterText":"10001013","selector":{"id":"application-manageyards-display-component---NewYard--addressNewCostObjectCstID","interaction":{"idSuffix":"inner"}},"clearTextFirst":true,"interactionType":"ENTER_TEXT"}]}
RESULT: {"script":"<script> [776 bytes]","args":[{"enterText":"10001013","selector":{"id":"application-manageyards-display-component---NewYard--addressNewCostObjectCstID","interaction":{"idSuffix":"inner"}},"clearTextFirst":true,"interactionType":"ENTER_TEXT"}]}
COMMAND: POST /session/1b6c7837aabde9e3293127df2ee335cc/actions - {"actions":[{"id":"action4","type":"key","parameters":{},"actions":[{"type":"keyDown","value":"î€‡"},{"type":"pause","duration":10},{"type":"keyUp","value":"î€‡"}]}]}
RESULT: {"actions":[{"id":"action4","type":"key","parameters":{},"actions":[{"type":"keyDown","value":"î€‡"},{"type":"pause","duration":10},{"type":"keyUp","value":"î€‡"}]}]}
COMMAND: POST /session/1b6c7837aabde9e3293127df2ee335cc/execute/async - {"script":"<script> [1562 bytes]","args":[{"selector":{"id":"application-manageyards-display-component---NewYard--addressEditDetailsCurrency","interaction":{"idSuffix":"inner"}},"wdio_ui5_key":"applicationmanageyards-display-component---NewYard--addressEditDetailsCurrency"}]}
COMMAND: GET /session/1b6c7837aabde9e3293127df2ee335cc/screenshot - {}
RESULT: {"script":"<script> [1562 bytes]","args":[{"selector":{"id":"application-manageyards-display-component---NewYard--addressEditDetailsCurrency","interaction":{"idSuffix":"inner"}},"wdio_ui5_key":"applicationmanageyards-display-component---NewYard--addressEditDetailsCurrency"}]}
RESULT: undefined
COMMAND: POST /session/1b6c7837aabde9e3293127df2ee335cc/execute/async - {"script":"<script> [776 bytes]","args":[{"enterText":"Euro","selector":{"id":"application-manageyards-display-component---NewYard--addressEditDetailsCurrency","interaction":{"idSuffix":"inner"}},"clearTextFirst":true,"interactionType":"ENTER_TEXT"}]}
RESULT: {}
RESULT: {"script":"<script> [776 bytes]","args":[{"enterText":"Euro","selector":{"id":"application-manageyards-display-component---NewYard--addressEditDetailsCurrency","interaction":{"idSuffix":"inner"}},"clearTextFirst":true,"interactionType":"ENTER_TEXT"}]}
COMMAND: POST /session/1b6c7837aabde9e3293127df2ee335cc/execute/async - {"script":"<script> [1562 bytes]","args":[{"selector":{"controlType":"sap.m.Input","viewName":"etm.portal.ui.manageyards.view.New","viewId":"application-manageyards-display-component---NewYard","bindingPath":{"path":"","propertyPath":"/CONTROLLING_AREA","modelName":"NewYardModel"},"interaction":{"idSuffix":"inner"}},"wdio_ui5_key":"etmportal.ui.manageyards.view.Newsap.m.Input{\"path\":\"\",\"propertyPath\":\"/CONTROLLING_AREA\",\"modelName\":\"NewYardModel\"}"}]}
RESULT: {"script":"<script> [1562 bytes]","args":[{"selector":{"controlType":"sap.m.Input","viewName":"etm.portal.ui.manageyards.view.New","viewId":"application-manageyards-display-component---NewYard","bindingPath":{"path":"","propertyPath":"/CONTROLLING_AREA","modelName":"NewYardModel"},"interaction":{"idSuffix":"inner"}},"wdio_ui5_key":"etmportal.ui.manageyards.view.Newsap.m.Input{\"path\":\"\",\"propertyPath\":\"/CONTROLLING_AREA\",\"modelName\":\"NewYardModel\"}"}]}
RESULT: undefined
COMMAND: POST /session/1b6c7837aabde9e3293127df2ee335cc/execute/async - {"script":"<script> [776 bytes]","args":[{"enterText":"Z001","selector":{"controlType":"sap.m.Input","viewName":"etm.portal.ui.manageyards.view.New","viewId":"application-manageyards-display-component---NewYard","bindingPath":{"path":"","propertyPath":"/CONTROLLING_AREA","modelName":"NewYardModel"},"interaction":{"idSuffix":"inner"}},"clearTextFirst":true,"interactionType":"ENTER_TEXT"}]}
RESULT: {"script":"<script> [776 bytes]","args":[{"enterText":"Z001","selector":{"controlType":"sap.m.Input","viewName":"etm.portal.ui.manageyards.view.New","viewId":"application-manageyards-display-component---NewYard","bindingPath":{"path":"","propertyPath":"/CONTROLLING_AREA","modelName":"NewYardModel"},"interaction":{"idSuffix":"inner"}},"clearTextFirst":true,"interactionType":"ENTER_TEXT"}]}
COMMAND: POST /session/1b6c7837aabde9e3293127df2ee335cc/execute/async - {"script":"<script> [1562 bytes]","args":[{"selector":{"id":"application-manageyards-display-component---NewYard--companyCodeComboBox","interaction":{"idSuffix":"inner"}},"wdio_ui5_key":"applicationmanageyards-display-component---NewYard--companyCodeComboBox"}]}
RESULT: {"script":"<script> [1562 bytes]","args":[{"selector":{"id":"application-manageyards-display-component---NewYard--companyCodeComboBox","interaction":{"idSuffix":"inner"}},"wdio_ui5_key":"applicationmanageyards-display-component---NewYard--companyCodeComboBox"}]}
RESULT: undefined
COMMAND: POST /session/1b6c7837aabde9e3293127df2ee335cc/execute/async - {"script":"<script> [776 bytes]","args":[{"enterText":"1000","selector":{"id":"application-manageyards-display-component---NewYard--companyCodeComboBox","interaction":{"idSuffix":"inner"}},"clearTextFirst":true,"interactionType":"ENTER_TEXT"}]}
RESULT: {"script":"<script> [776 bytes]","args":[{"enterText":"1000","selector":{"id":"application-manageyards-display-component---NewYard--companyCodeComboBox","interaction":{"idSuffix":"inner"}},"clearTextFirst":true,"interactionType":"ENTER_TEXT"}]}
COMMAND: POST /session/1b6c7837aabde9e3293127df2ee335cc/actions - {"actions":[{"id":"action5","type":"key","parameters":{},"actions":[{"type":"keyDown","value":"î€‡"},{"type":"pause","duration":10},{"type":"keyUp","value":"î€‡"}]}]}
RESULT: {"actions":[{"id":"action5","type":"key","parameters":{},"actions":[{"type":"keyDown","value":"î€‡"},{"type":"pause","duration":10},{"type":"keyUp","value":"î€‡"}]}]}
COMMAND: POST /session/1b6c7837aabde9e3293127df2ee335cc/execute/async - {"script":"<script> [1562 bytes]","args":[{"selector":{"controlType":"sap.m.Input","viewName":"etm.portal.ui.manageyards.view.New","viewId":"application-manageyards-display-component---NewYard","bindingPath":{"path":"","propertyPath":"/PLANT","modelName":"NewYardModel"},"interaction":{"idSuffix":"inner"}},"wdio_ui5_key":"etmportal.ui.manageyards.view.Newsap.m.Input{\"path\":\"\",\"propertyPath\":\"/PLANT\",\"modelName\":\"NewYardModel\"}"}]}
COMMAND: GET /session/1b6c7837aabde9e3293127df2ee335cc/screenshot - {}
RESULT: {"script":"<script> [1562 bytes]","args":[{"selector":{"controlType":"sap.m.Input","viewName":"etm.portal.ui.manageyards.view.New","viewId":"application-manageyards-display-component---NewYard","bindingPath":{"path":"","propertyPath":"/PLANT","modelName":"NewYardModel"},"interaction":{"idSuffix":"inner"}},"wdio_ui5_key":"etmportal.ui.manageyards.view.Newsap.m.Input{\"path\":\"\",\"propertyPath\":\"/PLANT\",\"modelName\":\"NewYardModel\"}"}]}
RESULT: undefined
COMMAND: POST /session/1b6c7837aabde9e3293127df2ee335cc/execute/async - {"script":"<script> [776 bytes]","args":[{"enterText":"1001","selector":{"controlType":"sap.m.Input","viewName":"etm.portal.ui.manageyards.view.New","viewId":"application-manageyards-display-component---NewYard","bindingPath":{"path":"","propertyPath":"/PLANT","modelName":"NewYardModel"},"interaction":{"idSuffix":"inner"}},"clearTextFirst":true,"interactionType":"ENTER_TEXT"}]}
RESULT: {}
RESULT: {"script":"<script> [776 bytes]","args":[{"enterText":"1001","selector":{"controlType":"sap.m.Input","viewName":"etm.portal.ui.manageyards.view.New","viewId":"application-manageyards-display-component---NewYard","bindingPath":{"path":"","propertyPath":"/PLANT","modelName":"NewYardModel"},"interaction":{"idSuffix":"inner"}},"clearTextFirst":true,"interactionType":"ENTER_TEXT"}]}
COMMAND: POST /session/1b6c7837aabde9e3293127df2ee335cc/execute/async - {"script":"<script> [1562 bytes]","args":[{"selector":{"controlType":"sap.m.Input","viewName":"etm.portal.ui.manageyards.view.New","viewId":"application-manageyards-display-component---NewYard","bindingPath":{"path":"","propertyPath":"/SALES_AREA_VKORG","modelName":"NewYardModel"},"interaction":{"idSuffix":"inner"}},"wdio_ui5_key":"etmportal.ui.manageyards.view.Newsap.m.Input{\"path\":\"\",\"propertyPath\":\"/SALES_AREA_VKORG\",\"modelName\":\"NewYardModel\"}"}]}
RESULT: {"script":"<script> [1562 bytes]","args":[{"selector":{"controlType":"sap.m.Input","viewName":"etm.portal.ui.manageyards.view.New","viewId":"application-manageyards-display-component---NewYard","bindingPath":{"path":"","propertyPath":"/SALES_AREA_VKORG","modelName":"NewYardModel"},"interaction":{"idSuffix":"inner"}},"wdio_ui5_key":"etmportal.ui.manageyards.view.Newsap.m.Input{\"path\":\"\",\"propertyPath\":\"/SALES_AREA_VKORG\",\"modelName\":\"NewYardModel\"}"}]}
RESULT: undefined
COMMAND: POST /session/1b6c7837aabde9e3293127df2ee335cc/execute/async - {"script":"<script> [776 bytes]","args":[{"enterText":"C002","selector":{"controlType":"sap.m.Input","viewName":"etm.portal.ui.manageyards.view.New","viewId":"application-manageyards-display-component---NewYard","bindingPath":{"path":"","propertyPath":"/SALES_AREA_VKORG","modelName":"NewYardModel"},"interaction":{"idSuffix":"inner"}},"clearTextFirst":true,"interactionType":"ENTER_TEXT"}]}
RESULT: {"script":"<script> [776 bytes]","args":[{"enterText":"C002","selector":{"controlType":"sap.m.Input","viewName":"etm.portal.ui.manageyards.view.New","viewId":"application-manageyards-display-component---NewYard","bindingPath":{"path":"","propertyPath":"/SALES_AREA_VKORG","modelName":"NewYardModel"},"interaction":{"idSuffix":"inner"}},"clearTextFirst":true,"interactionType":"ENTER_TEXT"}]}
COMMAND: POST /session/1b6c7837aabde9e3293127df2ee335cc/execute/async - {"script":"<script> [1562 bytes]","args":[{"selector":{"controlType":"sap.m.Input","viewName":"etm.portal.ui.manageyards.view.New","viewId":"application-manageyards-display-component---NewYard","bindingPath":{"path":"","propertyPath":"/SALES_AREA_VTWEG","modelName":"NewYardModel"},"interaction":{"idSuffix":"inner"}},"wdio_ui5_key":"etmportal.ui.manageyards.view.Newsap.m.Input{\"path\":\"\",\"propertyPath\":\"/SALES_AREA_VTWEG\",\"modelName\":\"NewYardModel\"}"}]}
RESULT: {"script":"<script> [1562 bytes]","args":[{"selector":{"controlType":"sap.m.Input","viewName":"etm.portal.ui.manageyards.view.New","viewId":"application-manageyards-display-component---NewYard","bindingPath":{"path":"","propertyPath":"/SALES_AREA_VTWEG","modelName":"NewYardModel"},"interaction":{"idSuffix":"inner"}},"wdio_ui5_key":"etmportal.ui.manageyards.view.Newsap.m.Input{\"path\":\"\",\"propertyPath\":\"/SALES_AREA_VTWEG\",\"modelName\":\"NewYardModel\"}"}]}
RESULT: undefined
COMMAND: POST /session/1b6c7837aabde9e3293127df2ee335cc/execute/async - {"script":"<script> [776 bytes]","args":[{"enterText":"C2","selector":{"controlType":"sap.m.Input","viewName":"etm.portal.ui.manageyards.view.New","viewId":"application-manageyards-display-component---NewYard","bindingPath":{"path":"","propertyPath":"/SALES_AREA_VTWEG","modelName":"NewYardModel"},"interaction":{"idSuffix":"inner"}},"clearTextFirst":true,"interactionType":"ENTER_TEXT"}]}
RESULT: {"script":"<script> [776 bytes]","args":[{"enterText":"C2","selector":{"controlType":"sap.m.Input","viewName":"etm.portal.ui.manageyards.view.New","viewId":"application-manageyards-display-component---NewYard","bindingPath":{"path":"","propertyPath":"/SALES_AREA_VTWEG","modelName":"NewYardModel"},"interaction":{"idSuffix":"inner"}},"clearTextFirst":true,"interactionType":"ENTER_TEXT"}]}
COMMAND: POST /session/1b6c7837aabde9e3293127df2ee335cc/execute/async - {"script":"<script> [1562 bytes]","args":[{"selector":{"controlType":"sap.m.Input","viewName":"etm.portal.ui.manageyards.view.New","viewId":"application-manageyards-display-component---NewYard","bindingPath":{"path":"","propertyPath":"/SALES_AREA_SPART","modelName":"NewYardModel"},"interaction":{"idSuffix":"inner"}},"wdio_ui5_key":"etmportal.ui.manageyards.view.Newsap.m.Input{\"path\":\"\",\"propertyPath\":\"/SALES_AREA_SPART\",\"modelName\":\"NewYardModel\"}"}]}
RESULT: {"script":"<script> [1562 bytes]","args":[{"selector":{"controlType":"sap.m.Input","viewName":"etm.portal.ui.manageyards.view.New","viewId":"application-manageyards-display-component---NewYard","bindingPath":{"path":"","propertyPath":"/SALES_AREA_SPART","modelName":"NewYardModel"},"interaction":{"idSuffix":"inner"}},"wdio_ui5_key":"etmportal.ui.manageyards.view.Newsap.m.Input{\"path\":\"\",\"propertyPath\":\"/SALES_AREA_SPART\",\"modelName\":\"NewYardModel\"}"}]}
RESULT: undefined
COMMAND: POST /session/1b6c7837aabde9e3293127df2ee335cc/execute/async - {"script":"<script> [776 bytes]","args":[{"enterText":"C2","selector":{"controlType":"sap.m.Input","viewName":"etm.portal.ui.manageyards.view.New","viewId":"application-manageyards-display-component---NewYard","bindingPath":{"path":"","propertyPath":"/SALES_AREA_SPART","modelName":"NewYardModel"},"interaction":{"idSuffix":"inner"}},"clearTextFirst":true,"interactionType":"ENTER_TEXT"}]}
RESULT: {"script":"<script> [776 bytes]","args":[{"enterText":"C2","selector":{"controlType":"sap.m.Input","viewName":"etm.portal.ui.manageyards.view.New","viewId":"application-manageyards-display-component---NewYard","bindingPath":{"path":"","propertyPath":"/SALES_AREA_SPART","modelName":"NewYardModel"},"interaction":{"idSuffix":"inner"}},"clearTextFirst":true,"interactionType":"ENTER_TEXT"}]}
COMMAND: POST /session/1b6c7837aabde9e3293127df2ee335cc/execute/async - {"script":"<script> [1562 bytes]","args":[{"selector":{"id":"application-manageyards-display-component---NewYard--whmCheckBox","interaction":{"idSuffix":"CbBg"}},"wdio_ui5_key":"applicationmanageyards-display-component---NewYard--whmCheckBox"}]}
RESULT: {"script":"<script> [1562 bytes]","args":[{"selector":{"id":"application-manageyards-display-component---NewYard--whmCheckBox","interaction":{"idSuffix":"CbBg"}},"wdio_ui5_key":"applicationmanageyards-display-component---NewYard--whmCheckBox"}]}
RESULT: undefined
COMMAND: POST /session/1b6c7837aabde9e3293127df2ee335cc/element - {"using":"xpath","value":"//*[@id=\"application-manageyards-display-component---NewYard--whmCheckBox\"]"}
RESULT: {"using":"xpath","value":"//*[@id=\"application-manageyards-display-component---NewYard--whmCheckBox\"]"}
COMMAND: POST /session/1b6c7837aabde9e3293127df2ee335cc/element/f.662FC9EC32089450E4582D1FE7DD78D5.d.70402B0CADEE44E50FBF5C0CECCE26C3.e.2755/click - {}
RESULT: {}
COMMAND: POST /session/1b6c7837aabde9e3293127df2ee335cc/execute/async - {"script":"<script> [1562 bytes]","args":[{"selector":{"controlType":"sap.m.Button","viewName":"etm.portal.ui.manageyards.view.New","viewId":"application-manageyards-display-component---NewYard","i18NText":{"propertyName":"text","key":"save"},"interaction":{"idSuffix":"inner"}},"wdio_ui5_key":"etmportal.ui.manageyards.view.Newsap.m.Button{\"propertyName\":\"text\",\"key\":\"save\"}"}]}
COMMAND: GET /session/1b6c7837aabde9e3293127df2ee335cc/screenshot - {}
RESULT: {"script":"<script> [1562 bytes]","args":[{"selector":{"controlType":"sap.m.Button","viewName":"etm.portal.ui.manageyards.view.New","viewId":"application-manageyards-display-component---NewYard","i18NText":{"propertyName":"text","key":"save"},"interaction":{"idSuffix":"inner"}},"wdio_ui5_key":"etmportal.ui.manageyards.view.Newsap.m.Button{\"propertyName\":\"text\",\"key\":\"save\"}"}]}
RESULT: undefined
COMMAND: POST /session/1b6c7837aabde9e3293127df2ee335cc/element - {"using":"xpath","value":"//*[@id=\"__button41\"]"}
RESULT: {}
RESULT: {"using":"xpath","value":"//*[@id=\"__button41\"]"}
COMMAND: POST /session/1b6c7837aabde9e3293127df2ee335cc/element/f.662FC9EC32089450E4582D1FE7DD78D5.d.70402B0CADEE44E50FBF5C0CECCE26C3.e.2716/click - {}
RESULT: {}
COMMAND: GET /session/1b6c7837aabde9e3293127df2ee335cc/screenshot - {}
RESULT: {}
COMMAND: POST /session/1b6c7837aabde9e3293127df2ee335cc/element - {"using":"xpath","value":"//header/div/div/div/div/div/div[2]/div/span"}
RESULT: {"using":"xpath","value":"//header/div/div/div/div/div/div[2]/div/span"}
COMMAND: GET /session/1b6c7837aabde9e3293127df2ee335cc/element/f.662FC9EC32089450E4582D1FE7DD78D5.d.70402B0CADEE44E50FBF5C0CECCE26C3.e.2962/text - {}
RESULT: {}
COMMAND: POST /session/1b6c7837aabde9e3293127df2ee335cc/element - {"using":"xpath","value":"//header/div/div[2]/div[2]/span"}
RESULT: {"using":"xpath","value":"//header/div/div[2]/div[2]/span"}
COMMAND: GET /session/1b6c7837aabde9e3293127df2ee335cc/element/f.662FC9EC32089450E4582D1FE7DD78D5.d.70402B0CADEE44E50FBF5C0CECCE26C3.e.2963/text - {}
RESULT: {}
COMMAND: POST /session/1b6c7837aabde9e3293127df2ee335cc/element - {"using":"css selector","value":"#j_username"}
COMMAND: POST /session/1b6c7837aabde9e3293127df2ee335cc/url - {"url":"https://qa-testing-00-live-etm-ui.cfapps.eu10-004.hana.ondemand.com/"}
RESULT: {"using":"css selector","value":"#j_username"}
COMMAND: POST /session/1b6c7837aabde9e3293127df2ee335cc/element - {"using":"css selector","value":"#j_username"}
RESULT: {"url":"https://qa-testing-00-live-etm-ui.cfapps.eu10-004.hana.ondemand.com/"}
RESULT: undefined
COMMAND: GET /session/1b6c7837aabde9e3293127df2ee335cc/screenshot - {}
RESULT: {"using":"css selector","value":"#j_username"}
COMMAND: POST /session/1b6c7837aabde9e3293127df2ee335cc/element - {"using":"css selector","value":"#shell-header-logo"}
RESULT: {}
RESULT: {"using":"css selector","value":"#shell-header-logo"}
COMMAND: POST /session/1b6c7837aabde9e3293127df2ee335cc/execute/sync - {"script":"<script> [8489 bytes]","args":[{"element-6066-11e4-a52e-4f735466cecf":"f.662FC9EC32089450E4582D1FE7DD78D5.d.4AA0A2177E5B75CDC92CE00AF9930B07.e.2976","ELEMENT":"f.662FC9EC32089450E4582D1FE7DD78D5.d.4AA0A2177E5B75CDC92CE00AF9930B07.e.2976"}]}
RESULT: {"script":"<script> [8489 bytes]","args":[{"element-6066-11e4-a52e-4f735466cecf":"f.662FC9EC32089450E4582D1FE7DD78D5.d.4AA0A2177E5B75CDC92CE00AF9930B07.e.2976","ELEMENT":"f.662FC9EC32089450E4582D1FE7DD78D5.d.4AA0A2177E5B75CDC92CE00AF9930B07.e.2976"}]}
COMMAND: POST /session/1b6c7837aabde9e3293127df2ee335cc/element - {"using":"css selector","value":"#shell-header-logo"}
COMMAND: GET /session/1b6c7837aabde9e3293127df2ee335cc/screenshot - {}
RESULT: {"using":"css selector","value":"#shell-header-logo"}
COMMAND: POST /session/1b6c7837aabde9e3293127df2ee335cc/execute/sync - {"script":"<script> [8489 bytes]","args":[{"element-6066-11e4-a52e-4f735466cecf":"f.662FC9EC32089450E4582D1FE7DD78D5.d.4AA0A2177E5B75CDC92CE00AF9930B07.e.2976","ELEMENT":"f.662FC9EC32089450E4582D1FE7DD78D5.d.4AA0A2177E5B75CDC92CE00AF9930B07.e.2976"}]}
RESULT: {}
RESULT: {"script":"<script> [8489 bytes]","args":[{"element-6066-11e4-a52e-4f735466cecf":"f.662FC9EC32089450E4582D1FE7DD78D5.d.4AA0A2177E5B75CDC92CE00AF9930B07.e.2976","ELEMENT":"f.662FC9EC32089450E4582D1FE7DD78D5.d.4AA0A2177E5B75CDC92CE00AF9930B07.e.2976"}]}
COMMAND: POST /session/1b6c7837aabde9e3293127df2ee335cc/execute/sync - {"script":"<script> [5351 bytes]","args":[{"element-6066-11e4-a52e-4f735466cecf":"f.662FC9EC32089450E4582D1FE7DD78D5.d.4AA0A2177E5B75CDC92CE00AF9930B07.e.2976","ELEMENT":"f.662FC9EC32089450E4582D1FE7DD78D5.d.4AA0A2177E5B75CDC92CE00AF9930B07.e.2976"}]}
COMMAND: GET /session/1b6c7837aabde9e3293127df2ee335cc/screenshot - {}
RESULT: {"script":"<script> [5351 bytes]","args":[{"element-6066-11e4-a52e-4f735466cecf":"f.662FC9EC32089450E4582D1FE7DD78D5.d.4AA0A2177E5B75CDC92CE00AF9930B07.e.2976","ELEMENT":"f.662FC9EC32089450E4582D1FE7DD78D5.d.4AA0A2177E5B75CDC92CE00AF9930B07.e.2976"}]}
COMMAND: POST /session/1b6c7837aabde9e3293127df2ee335cc/element - {"using":"css selector","value":"#shell-header-logo"}
COMMAND: GET /session/1b6c7837aabde9e3293127df2ee335cc/screenshot - {}
RESULT: {}
RESULT: {"using":"css selector","value":"#shell-header-logo"}
COMMAND: POST /session/1b6c7837aabde9e3293127df2ee335cc/element/f.662FC9EC32089450E4582D1FE7DD78D5.d.4AA0A2177E5B75CDC92CE00AF9930B07.e.2976/click - {}
RESULT: {}
RESULT: {}
COMMAND: GET /session/1b6c7837aabde9e3293127df2ee335cc/screenshot - {}
RESULT: {}
COMMAND: POST /session/1b6c7837aabde9e3293127df2ee335cc/execute/async - {"script":"<script> [189 bytes]","args":[]}
RESULT: {"script":"<script> [189 bytes]","args":[]}
COMMAND: POST /session/1b6c7837aabde9e3293127df2ee335cc/execute/async - {"script":"<script> [123 bytes]","args":[]}
RESULT: {"script":"<script> [123 bytes]","args":[]}
COMMAND: POST /session/1b6c7837aabde9e3293127df2ee335cc/timeouts - {"script":"<number>"}
RESULT: {"script":"<number>"}
COMMAND: GET /session/1b6c7837aabde9e3293127df2ee335cc/timeouts - {}
RESULT: {}
RESULT: undefined
COMMAND: POST /session/1b6c7837aabde9e3293127df2ee335cc/execute/async - {"script":"<script> [2676 bytes]","args":[]}
RESULT: {"script":"<script> [2676 bytes]","args":[]}
COMMAND: POST /session/1b6c7837aabde9e3293127df2ee335cc/execute/async - {"script":"<script> [2342 bytes]","args":[{"protocol":"http","hostname":"0.0.0.0","path":"/","capabilities":{"browserName":"chrome","goog:chromeOptions":{"binary":"C:\\Program Files\\Google\\Chrome\\Application\\chrome.exe","args":["--start-maximized"]}},"logLevel":"warn","connectionRetryTimeout":120000,"connectionRetryCount":3,"logLevels":{},"enableDirectConnect":true,"strictSSL":true,"_":"65 more keys: [\"cacheDir\",\"port\",\"requestedCapabilities\",\"automationProtocol\",\"baseUrl\",\"waitforInterval\",\"waitforTimeout\",\"onReload\",\"beforeCommand\",\"afterCommand\",\"rootDir\",\"specs\",\"suites\",\"exclude\",\"groupLogsByTestSpec\",\"excludeDriverLogs\",\"bail\",\"framework\",\"reporters\",\"services\",\"maxInstances\",\"maxInstancesPerCapability\",\"injectGlobals\",\"filesToWatch\",\"execArgv\",\"runnerEnv\",\"runner\",\"shard\",\"specFileRetries\",\"specFileRetriesDelay\",\"specFileRetriesDeferred\",\"reporterSyncInterval\",\"reporterSyncTimeout\",\"cucumberFeaturesWithLineNumbers\",\"autoCompileOpts\",\"mochaOpts\",\"jasmineOpts\",\"cucumberOpts\",\"onPrepare\",\"onWorkerStart\",\"onWorkerEnd\",\"before\",\"beforeSession\",\"beforeSuite\",\"beforeHook\",\"beforeTest\",\"afterTest\",\"afterHook\",\"afterSuite\",\"afterSession\",\"after\",\"onComplete\",\"beforeAssertion\",\"afterAssertion\",\"beforeFeature\",\"beforeScenario\",\"beforeStep\",\"afterStep\",\"afterScenario\",\"afterFeature\",\"_\",\"suite\",\"$0\",\"ignoredWorkerServices\",\"wdi5\"]"}]}
RESULT: {"script":"<script> [2342 bytes]","args":[{"protocol":"http","hostname":"0.0.0.0","path":"/","capabilities":{"browserName":"chrome","goog:chromeOptions":{"binary":"C:\\Program Files\\Google\\Chrome\\Application\\chrome.exe","args":["--start-maximized"]}},"logLevel":"warn","connectionRetryTimeout":120000,"connectionRetryCount":3,"logLevels":{},"enableDirectConnect":true,"strictSSL":true,"_":"65 more keys: [\"cacheDir\",\"port\",\"requestedCapabilities\",\"automationProtocol\",\"baseUrl\",\"waitforInterval\",\"waitforTimeout\",\"onReload\",\"beforeCommand\",\"afterCommand\",\"rootDir\",\"specs\",\"suites\",\"exclude\",\"groupLogsByTestSpec\",\"excludeDriverLogs\",\"bail\",\"framework\",\"reporters\",\"services\",\"maxInstances\",\"maxInstancesPerCapability\",\"injectGlobals\",\"filesToWatch\",\"execArgv\",\"runnerEnv\",\"runner\",\"shard\",\"specFileRetries\",\"specFileRetriesDelay\",\"specFileRetriesDeferred\",\"reporterSyncInterval\",\"reporterSyncTimeout\",\"cucumberFeaturesWithLineNumbers\",\"autoCompileOpts\",\"mochaOpts\",\"jasmineOpts\",\"cucumberOpts\",\"onPrepare\",\"onWorkerStart\",\"onWorkerEnd\",\"before\",\"beforeSession\",\"beforeSuite\",\"beforeHook\",\"beforeTest\",\"afterTest\",\"afterHook\",\"afterSuite\",\"afterSession\",\"after\",\"onComplete\",\"beforeAssertion\",\"afterAssertion\",\"beforeFeature\",\"beforeScenario\",\"beforeStep\",\"afterStep\",\"afterScenario\",\"afterFeature\",\"_\",\"suite\",\"$0\",\"ignoredWorkerServices\",\"wdi5\"]"}]}
COMMAND: POST /session/1b6c7837aabde9e3293127df2ee335cc/execute/async - {"script":"<script> [21126 bytes]","args":[35000]}
RESULT: {"script":"<script> [21126 bytes]","args":[35000]}
COMMAND: POST /session/1b6c7837aabde9e3293127df2ee335cc/window/maximize - {}
RESULT: {}
COMMAND: POST /session/1b6c7837aabde9e3293127df2ee335cc/execute/async - {"script":"<script> [1562 bytes]","args":[{"selector":{"id":"shell-header","interaction":{"idSuffix":"icon"}},"wdio_ui5_key":"shellheader"}]}
COMMAND: GET /session/1b6c7837aabde9e3293127df2ee335cc/screenshot - {}
RESULT: {"script":"<script> [1562 bytes]","args":[{"selector":{"id":"shell-header","interaction":{"idSuffix":"icon"}},"wdio_ui5_key":"shellheader"}]}
RESULT: undefined
COMMAND: POST /session/1b6c7837aabde9e3293127df2ee335cc/refresh - {}
RESULT: {}
RESULT: {}
COMMAND: GET /session/1b6c7837aabde9e3293127df2ee335cc/screenshot - {}
RESULT: {}
COMMAND: POST /session/1b6c7837aabde9e3293127df2ee335cc/refresh - {}
RESULT: {}
COMMAND: GET /session/1b6c7837aabde9e3293127df2ee335cc/screenshot - {}
RESULT: {}
COMMAND: POST /session/1b6c7837aabde9e3293127df2ee335cc/window/fullscreen - {}
RESULT: {}
COMMAND: POST /session/1b6c7837aabde9e3293127df2ee335cc/execute/async - {"script":"<script> [189 bytes]","args":[]}
RESULT: {"script":"<script> [189 bytes]","args":[]}
COMMAND: POST /session/1b6c7837aabde9e3293127df2ee335cc/execute/async - {"script":"<script> [123 bytes]","args":[]}
RESULT: {"script":"<script> [123 bytes]","args":[]}
COMMAND: POST /session/1b6c7837aabde9e3293127df2ee335cc/timeouts - {"script":"<number>"}
RESULT: {"script":"<number>"}
COMMAND: GET /session/1b6c7837aabde9e3293127df2ee335cc/timeouts - {}
RESULT: {}
RESULT: undefined
COMMAND: POST /session/1b6c7837aabde9e3293127df2ee335cc/execute/async - {"script":"<script> [2676 bytes]","args":[]}
RESULT: {"script":"<script> [2676 bytes]","args":[]}
COMMAND: POST /session/1b6c7837aabde9e3293127df2ee335cc/execute/async - {"script":"<script> [2342 bytes]","args":[{"protocol":"http","hostname":"0.0.0.0","path":"/","capabilities":{"browserName":"chrome","goog:chromeOptions":{"binary":"C:\\Program Files\\Google\\Chrome\\Application\\chrome.exe","args":["--start-maximized"]}},"logLevel":"warn","connectionRetryTimeout":120000,"connectionRetryCount":3,"logLevels":{},"enableDirectConnect":true,"strictSSL":true,"_":"65 more keys: [\"cacheDir\",\"port\",\"requestedCapabilities\",\"automationProtocol\",\"baseUrl\",\"waitforInterval\",\"waitforTimeout\",\"onReload\",\"beforeCommand\",\"afterCommand\",\"rootDir\",\"specs\",\"suites\",\"exclude\",\"groupLogsByTestSpec\",\"excludeDriverLogs\",\"bail\",\"framework\",\"reporters\",\"services\",\"maxInstances\",\"maxInstancesPerCapability\",\"injectGlobals\",\"filesToWatch\",\"execArgv\",\"runnerEnv\",\"runner\",\"shard\",\"specFileRetries\",\"specFileRetriesDelay\",\"specFileRetriesDeferred\",\"reporterSyncInterval\",\"reporterSyncTimeout\",\"cucumberFeaturesWithLineNumbers\",\"autoCompileOpts\",\"mochaOpts\",\"jasmineOpts\",\"cucumberOpts\",\"onPrepare\",\"onWorkerStart\",\"onWorkerEnd\",\"before\",\"beforeSession\",\"beforeSuite\",\"beforeHook\",\"beforeTest\",\"afterTest\",\"afterHook\",\"afterSuite\",\"afterSession\",\"after\",\"onComplete\",\"beforeAssertion\",\"afterAssertion\",\"beforeFeature\",\"beforeScenario\",\"beforeStep\",\"afterStep\",\"afterScenario\",\"afterFeature\",\"_\",\"suite\",\"$0\",\"ignoredWorkerServices\",\"wdi5\"]"}]}
RESULT: {"script":"<script> [2342 bytes]","args":[{"protocol":"http","hostname":"0.0.0.0","path":"/","capabilities":{"browserName":"chrome","goog:chromeOptions":{"binary":"C:\\Program Files\\Google\\Chrome\\Application\\chrome.exe","args":["--start-maximized"]}},"logLevel":"warn","connectionRetryTimeout":120000,"connectionRetryCount":3,"logLevels":{},"enableDirectConnect":true,"strictSSL":true,"_":"65 more keys: [\"cacheDir\",\"port\",\"requestedCapabilities\",\"automationProtocol\",\"baseUrl\",\"waitforInterval\",\"waitforTimeout\",\"onReload\",\"beforeCommand\",\"afterCommand\",\"rootDir\",\"specs\",\"suites\",\"exclude\",\"groupLogsByTestSpec\",\"excludeDriverLogs\",\"bail\",\"framework\",\"reporters\",\"services\",\"maxInstances\",\"maxInstancesPerCapability\",\"injectGlobals\",\"filesToWatch\",\"execArgv\",\"runnerEnv\",\"runner\",\"shard\",\"specFileRetries\",\"specFileRetriesDelay\",\"specFileRetriesDeferred\",\"reporterSyncInterval\",\"reporterSyncTimeout\",\"cucumberFeaturesWithLineNumbers\",\"autoCompileOpts\",\"mochaOpts\",\"jasmineOpts\",\"cucumberOpts\",\"onPrepare\",\"onWorkerStart\",\"onWorkerEnd\",\"before\",\"beforeSession\",\"beforeSuite\",\"beforeHook\",\"beforeTest\",\"afterTest\",\"afterHook\",\"afterSuite\",\"afterSession\",\"after\",\"onComplete\",\"beforeAssertion\",\"afterAssertion\",\"beforeFeature\",\"beforeScenario\",\"beforeStep\",\"afterStep\",\"afterScenario\",\"afterFeature\",\"_\",\"suite\",\"$0\",\"ignoredWorkerServices\",\"wdi5\"]"}]}
COMMAND: POST /session/1b6c7837aabde9e3293127df2ee335cc/execute/async - {"script":"<script> [21126 bytes]","args":[35000]}
RESULT: {"script":"<script> [21126 bytes]","args":[35000]}
]]></system-out>
    </testcase>
  </testsuite>
  <testsuite timestamp="2025-05-17T15:23:41" time="234.559" tests="4" failures="0" errors="0" skipped="0">
    <properties>
      <property name="specId" value="0" />
      <property name="suiteName" value="Create partner US118246" />
      <property name="capabilities" value="chrome.136_0_7103_93.windows" />
      <property name="file" value="file:///D:/a/1/s/test/specs/BTS/create-partner.spec.js" />
    </properties>
    <testcase classname="chrome.136_0_7103_93.windows.Create_partner_US118246" name="Should create a new yard in case create yard failed" time="0.016">
      <system-out><![CDATA[
COMMAND: POST /session/1b6c7837aabde9e3293127df2ee335cc/window/fullscreen - {}
RESULT: {}
]]></system-out>
    </testcase>
    <testcase classname="chrome.136_0_7103_93.windows.Create_partner_US118246" name="Should create new external partner" time="95.973">
      <system-out><![CDATA[
COMMAND: POST /session/1b6c7837aabde9e3293127df2ee335cc/window/fullscreen - {}
RESULT: {}
COMMAND: POST /session/1b6c7837aabde9e3293127df2ee335cc/execute/async - {"script":"<script> [1562 bytes]","args":[{"selector":{"controlType":"sap.m.GenericTile","properties":{"header":"Manage Partners"}},"wdio_ui5_key":"sapm.GenericTile{\"header\":\"Manage Partners\"}"}]}
RESULT: {"script":"<script> [1562 bytes]","args":[{"selector":{"controlType":"sap.m.GenericTile","properties":{"header":"Manage Partners"}},"wdio_ui5_key":"sapm.GenericTile{\"header\":\"Manage Partners\"}"}]}
RESULT: undefined
COMMAND: POST /session/1b6c7837aabde9e3293127df2ee335cc/element - {"using":"xpath","value":"//*[@id=\"__tile38\"]"}
RESULT: {"using":"xpath","value":"//*[@id=\"__tile38\"]"}
COMMAND: POST /session/1b6c7837aabde9e3293127df2ee335cc/element/f.662FC9EC32089450E4582D1FE7DD78D5.d.5D34B2361A7D6F299DFDA297E6447BC6.e.3127/click - {}
RESULT: {}
COMMAND: GET /session/1b6c7837aabde9e3293127df2ee335cc/screenshot - {}
RESULT: {}
COMMAND: POST /session/1b6c7837aabde9e3293127df2ee335cc/elements - {"using":"xpath","value":"//span[text()='Error']"}
RESULT: {"using":"xpath","value":"//span[text()='Error']"}
COMMAND: POST /session/1b6c7837aabde9e3293127df2ee335cc/element - {"using":"xpath","value":"//button[@data-kt=\"addButton\"]"}
RESULT: {"using":"xpath","value":"//button[@data-kt=\"addButton\"]"}
COMMAND: POST /session/1b6c7837aabde9e3293127df2ee335cc/elements - {"using":"xpath","value":"//button[@data-kt=\"addButton\"]"}
RESULT: {"using":"xpath","value":"//button[@data-kt=\"addButton\"]"}
COMMAND: POST /session/1b6c7837aabde9e3293127df2ee335cc/elements - {"using":"xpath","value":"//button[@data-kt=\"addButton\"]"}
RESULT: {"using":"xpath","value":"//button[@data-kt=\"addButton\"]"}
COMMAND: POST /session/1b6c7837aabde9e3293127df2ee335cc/element - {"using":"xpath","value":"//button[@data-kt=\"addButton\"]"}
RESULT: {"using":"xpath","value":"//button[@data-kt=\"addButton\"]"}
COMMAND: POST /session/1b6c7837aabde9e3293127df2ee335cc/execute/sync - {"script":"<script> [8489 bytes]","args":[{"element-6066-11e4-a52e-4f735466cecf":"f.662FC9EC32089450E4582D1FE7DD78D5.d.5D34B2361A7D6F299DFDA297E6447BC6.e.3275","ELEMENT":"f.662FC9EC32089450E4582D1FE7DD78D5.d.5D34B2361A7D6F299DFDA297E6447BC6.e.3275"}]}
RESULT: {"script":"<script> [8489 bytes]","args":[{"element-6066-11e4-a52e-4f735466cecf":"f.662FC9EC32089450E4582D1FE7DD78D5.d.5D34B2361A7D6F299DFDA297E6447BC6.e.3275","ELEMENT":"f.662FC9EC32089450E4582D1FE7DD78D5.d.5D34B2361A7D6F299DFDA297E6447BC6.e.3275"}]}
COMMAND: GET /session/1b6c7837aabde9e3293127df2ee335cc/element/f.662FC9EC32089450E4582D1FE7DD78D5.d.5D34B2361A7D6F299DFDA297E6447BC6.e.3275/enabled - {}
COMMAND: GET /session/1b6c7837aabde9e3293127df2ee335cc/screenshot - {}
RESULT: {}
COMMAND: POST /session/1b6c7837aabde9e3293127df2ee335cc/execute/sync - {"script":"<script> [8489 bytes]","args":[{"element-6066-11e4-a52e-4f735466cecf":"f.662FC9EC32089450E4582D1FE7DD78D5.d.5D34B2361A7D6F299DFDA297E6447BC6.e.3275","ELEMENT":"f.662FC9EC32089450E4582D1FE7DD78D5.d.5D34B2361A7D6F299DFDA297E6447BC6.e.3275"}]}
COMMAND: GET /session/1b6c7837aabde9e3293127df2ee335cc/screenshot - {}
RESULT: {}
RESULT: {"script":"<script> [8489 bytes]","args":[{"element-6066-11e4-a52e-4f735466cecf":"f.662FC9EC32089450E4582D1FE7DD78D5.d.5D34B2361A7D6F299DFDA297E6447BC6.e.3275","ELEMENT":"f.662FC9EC32089450E4582D1FE7DD78D5.d.5D34B2361A7D6F299DFDA297E6447BC6.e.3275"}]}
COMMAND: POST /session/1b6c7837aabde9e3293127df2ee335cc/execute/sync - {"script":"<script> [5351 bytes]","args":[{"element-6066-11e4-a52e-4f735466cecf":"f.662FC9EC32089450E4582D1FE7DD78D5.d.5D34B2361A7D6F299DFDA297E6447BC6.e.3275","ELEMENT":"f.662FC9EC32089450E4582D1FE7DD78D5.d.5D34B2361A7D6F299DFDA297E6447BC6.e.3275"}]}
COMMAND: GET /session/1b6c7837aabde9e3293127df2ee335cc/screenshot - {}
RESULT: {}
RESULT: {"script":"<script> [5351 bytes]","args":[{"element-6066-11e4-a52e-4f735466cecf":"f.662FC9EC32089450E4582D1FE7DD78D5.d.5D34B2361A7D6F299DFDA297E6447BC6.e.3275","ELEMENT":"f.662FC9EC32089450E4582D1FE7DD78D5.d.5D34B2361A7D6F299DFDA297E6447BC6.e.3275"}]}
COMMAND: POST /session/1b6c7837aabde9e3293127df2ee335cc/element/f.662FC9EC32089450E4582D1FE7DD78D5.d.5D34B2361A7D6F299DFDA297E6447BC6.e.3275/click - {}
COMMAND: GET /session/1b6c7837aabde9e3293127df2ee335cc/screenshot - {}
RESULT: {}
RESULT: {}
COMMAND: GET /session/1b6c7837aabde9e3293127df2ee335cc/screenshot - {}
COMMAND: POST /session/1b6c7837aabde9e3293127df2ee335cc/execute/async - {"script":"<script> [1562 bytes]","args":[{"selector":{"id":"application-managepartners-display-component---NewPartner--addressDetailDetailsName1","interaction":{"idSuffix":"inner"}},"wdio_ui5_key":"applicationmanagepartners-display-component---NewPartner--addressDetailDetailsName1"}]}
RESULT: {}
RESULT: {}
RESULT: {"script":"<script> [1562 bytes]","args":[{"selector":{"id":"application-managepartners-display-component---NewPartner--addressDetailDetailsName1","interaction":{"idSuffix":"inner"}},"wdio_ui5_key":"applicationmanagepartners-display-component---NewPartner--addressDetailDetailsName1"}]}
RESULT: undefined
COMMAND: POST /session/1b6c7837aabde9e3293127df2ee335cc/execute/async - {"script":"<script> [776 bytes]","args":[{"enterText":"External Partner WDIO","selector":{"id":"application-managepartners-display-component---NewPartner--addressDetailDetailsName1","interaction":{"idSuffix":"inner"}},"clearTextFirst":true,"interactionType":"ENTER_TEXT"}]}
RESULT: {"script":"<script> [776 bytes]","args":[{"enterText":"External Partner WDIO","selector":{"id":"application-managepartners-display-component---NewPartner--addressDetailDetailsName1","interaction":{"idSuffix":"inner"}},"clearTextFirst":true,"interactionType":"ENTER_TEXT"}]}
COMMAND: POST /session/1b6c7837aabde9e3293127df2ee335cc/execute/async - {"script":"<script> [1562 bytes]","args":[{"selector":{"id":"application-managepartners-display-component---NewPartner--addressDetailDetailsLanguage-arrow"},"wdio_ui5_key":"applicationmanagepartners-display-component---NewPartner--addressDetailDetailsLanguage-arrow"}]}
RESULT: {"script":"<script> [1562 bytes]","args":[{"selector":{"id":"application-managepartners-display-component---NewPartner--addressDetailDetailsLanguage-arrow"},"wdio_ui5_key":"applicationmanagepartners-display-component---NewPartner--addressDetailDetailsLanguage-arrow"}]}
RESULT: undefined
COMMAND: POST /session/1b6c7837aabde9e3293127df2ee335cc/element - {"using":"xpath","value":"//*[@id=\"application-managepartners-display-component---NewPartner--addressDetailDetailsLanguage-arrow\"]"}
RESULT: {"using":"xpath","value":"//*[@id=\"application-managepartners-display-component---NewPartner--addressDetailDetailsLanguage-arrow\"]"}
COMMAND: POST /session/1b6c7837aabde9e3293127df2ee335cc/element/f.662FC9EC32089450E4582D1FE7DD78D5.d.5D34B2361A7D6F299DFDA297E6447BC6.e.3731/click - {}
RESULT: {}
COMMAND: POST /session/1b6c7837aabde9e3293127df2ee335cc/element - {"using":"xpath","value":"//span[contains(text(), \"English\")]"}
COMMAND: GET /session/1b6c7837aabde9e3293127df2ee335cc/screenshot - {}
RESULT: {"using":"xpath","value":"//span[contains(text(), \"English\")]"}
COMMAND: POST /session/1b6c7837aabde9e3293127df2ee335cc/element/f.662FC9EC32089450E4582D1FE7DD78D5.d.5D34B2361A7D6F299DFDA297E6447BC6.e.3732/click - {}
RESULT: {}
RESULT: {}
COMMAND: GET /session/1b6c7837aabde9e3293127df2ee335cc/screenshot - {}
RESULT: {}
COMMAND: POST /session/1b6c7837aabde9e3293127df2ee335cc/execute/async - {"script":"<script> [1562 bytes]","args":[{"selector":{"id":"application-managepartners-display-component---NewPartner--addressDetailDetailsCity1","interaction":{"idSuffix":"inner"}},"wdio_ui5_key":"applicationmanagepartners-display-component---NewPartner--addressDetailDetailsCity1"}]}
RESULT: {"script":"<script> [1562 bytes]","args":[{"selector":{"id":"application-managepartners-display-component---NewPartner--addressDetailDetailsCity1","interaction":{"idSuffix":"inner"}},"wdio_ui5_key":"applicationmanagepartners-display-component---NewPartner--addressDetailDetailsCity1"}]}
RESULT: undefined
COMMAND: POST /session/1b6c7837aabde9e3293127df2ee335cc/execute/async - {"script":"<script> [776 bytes]","args":[{"enterText":"Rosario","selector":{"id":"application-managepartners-display-component---NewPartner--addressDetailDetailsCity1","interaction":{"idSuffix":"inner"}},"clearTextFirst":true,"interactionType":"ENTER_TEXT"}]}
RESULT: {"script":"<script> [776 bytes]","args":[{"enterText":"Rosario","selector":{"id":"application-managepartners-display-component---NewPartner--addressDetailDetailsCity1","interaction":{"idSuffix":"inner"}},"clearTextFirst":true,"interactionType":"ENTER_TEXT"}]}
COMMAND: POST /session/1b6c7837aabde9e3293127df2ee335cc/execute/async - {"script":"<script> [1562 bytes]","args":[{"selector":{"id":"application-managepartners-display-component---NewPartner--addressDetailDetailsCountry-arrow"},"wdio_ui5_key":"applicationmanagepartners-display-component---NewPartner--addressDetailDetailsCountry-arrow"}]}
RESULT: {"script":"<script> [1562 bytes]","args":[{"selector":{"id":"application-managepartners-display-component---NewPartner--addressDetailDetailsCountry-arrow"},"wdio_ui5_key":"applicationmanagepartners-display-component---NewPartner--addressDetailDetailsCountry-arrow"}]}
RESULT: undefined
COMMAND: POST /session/1b6c7837aabde9e3293127df2ee335cc/element - {"using":"xpath","value":"//*[@id=\"application-managepartners-display-component---NewPartner--addressDetailDetailsCountry-arrow\"]"}
RESULT: {"using":"xpath","value":"//*[@id=\"application-managepartners-display-component---NewPartner--addressDetailDetailsCountry-arrow\"]"}
COMMAND: POST /session/1b6c7837aabde9e3293127df2ee335cc/element/f.662FC9EC32089450E4582D1FE7DD78D5.d.5D34B2361A7D6F299DFDA297E6447BC6.e.3718/click - {}
RESULT: {}
COMMAND: POST /session/1b6c7837aabde9e3293127df2ee335cc/element - {"using":"xpath","value":"//span[contains(text(), \"Argentina\")]"}
COMMAND: GET /session/1b6c7837aabde9e3293127df2ee335cc/screenshot - {}
RESULT: {"using":"xpath","value":"//span[contains(text(), \"Argentina\")]"}
COMMAND: POST /session/1b6c7837aabde9e3293127df2ee335cc/element/f.662FC9EC32089450E4582D1FE7DD78D5.d.5D34B2361A7D6F299DFDA297E6447BC6.e.3734/click - {}
RESULT: {}
RESULT: {}
COMMAND: GET /session/1b6c7837aabde9e3293127df2ee335cc/screenshot - {}
RESULT: {}
COMMAND: POST /session/1b6c7837aabde9e3293127df2ee335cc/element - {"using":"xpath","value":"//bdi[contains(text(), \"Commercial\")]"}
RESULT: {"using":"xpath","value":"//bdi[contains(text(), \"Commercial\")]"}
COMMAND: POST /session/1b6c7837aabde9e3293127df2ee335cc/element/f.662FC9EC32089450E4582D1FE7DD78D5.d.5D34B2361A7D6F299DFDA297E6447BC6.e.3735/click - {}
RESULT: {}
COMMAND: GET /session/1b6c7837aabde9e3293127df2ee335cc/screenshot - {}
RESULT: {}
COMMAND: POST /session/1b6c7837aabde9e3293127df2ee335cc/execute/async - {"script":"<script> [1562 bytes]","args":[{"selector":{"id":"application-managepartners-display-component---NewPartner--partnerDetailInternal-arrow"},"wdio_ui5_key":"applicationmanagepartners-display-component---NewPartner--partnerDetailInternal-arrow"}]}
RESULT: {"script":"<script> [1562 bytes]","args":[{"selector":{"id":"application-managepartners-display-component---NewPartner--partnerDetailInternal-arrow"},"wdio_ui5_key":"applicationmanagepartners-display-component---NewPartner--partnerDetailInternal-arrow"}]}
RESULT: undefined
COMMAND: POST /session/1b6c7837aabde9e3293127df2ee335cc/element - {"using":"xpath","value":"//*[@id=\"application-managepartners-display-component---NewPartner--partnerDetailInternal-arrow\"]"}
RESULT: {"using":"xpath","value":"//*[@id=\"application-managepartners-display-component---NewPartner--partnerDetailInternal-arrow\"]"}
COMMAND: POST /session/1b6c7837aabde9e3293127df2ee335cc/element/f.662FC9EC32089450E4582D1FE7DD78D5.d.5D34B2361A7D6F299DFDA297E6447BC6.e.3741/click - {}
RESULT: {}
COMMAND: POST /session/1b6c7837aabde9e3293127df2ee335cc/element - {"using":"xpath","value":"//span[contains(text(), \"External partner\")]"}
COMMAND: GET /session/1b6c7837aabde9e3293127df2ee335cc/screenshot - {}
RESULT: {"using":"xpath","value":"//span[contains(text(), \"External partner\")]"}
COMMAND: POST /session/1b6c7837aabde9e3293127df2ee335cc/element/f.662FC9EC32089450E4582D1FE7DD78D5.d.5D34B2361A7D6F299DFDA297E6447BC6.e.3742/click - {}
RESULT: {}
RESULT: {}
COMMAND: POST /session/1b6c7837aabde9e3293127df2ee335cc/execute/async - {"script":"<script> [1562 bytes]","args":[{"selector":{"id":"application-managepartners-display-component---NewPartner--partnerDetailsCurrency-arrow"},"wdio_ui5_key":"applicationmanagepartners-display-component---NewPartner--partnerDetailsCurrency-arrow"}]}
COMMAND: GET /session/1b6c7837aabde9e3293127df2ee335cc/screenshot - {}
RESULT: {"script":"<script> [1562 bytes]","args":[{"selector":{"id":"application-managepartners-display-component---NewPartner--partnerDetailsCurrency-arrow"},"wdio_ui5_key":"applicationmanagepartners-display-component---NewPartner--partnerDetailsCurrency-arrow"}]}
RESULT: undefined
COMMAND: POST /session/1b6c7837aabde9e3293127df2ee335cc/element - {"using":"xpath","value":"//*[@id=\"application-managepartners-display-component---NewPartner--partnerDetailsCurrency-arrow\"]"}
RESULT: {}
RESULT: {"using":"xpath","value":"//*[@id=\"application-managepartners-display-component---NewPartner--partnerDetailsCurrency-arrow\"]"}
COMMAND: POST /session/1b6c7837aabde9e3293127df2ee335cc/element/f.662FC9EC32089450E4582D1FE7DD78D5.d.5D34B2361A7D6F299DFDA297E6447BC6.e.3747/click - {}
RESULT: {}
COMMAND: POST /session/1b6c7837aabde9e3293127df2ee335cc/element - {"using":"xpath","value":"//span[contains(text(), \"US Dollar\")]"}
COMMAND: GET /session/1b6c7837aabde9e3293127df2ee335cc/screenshot - {}
RESULT: {"using":"xpath","value":"//span[contains(text(), \"US Dollar\")]"}
COMMAND: POST /session/1b6c7837aabde9e3293127df2ee335cc/element/f.662FC9EC32089450E4582D1FE7DD78D5.d.5D34B2361A7D6F299DFDA297E6447BC6.e.3748/click - {}
RESULT: {}
RESULT: {}
COMMAND: GET /session/1b6c7837aabde9e3293127df2ee335cc/screenshot - {}
RESULT: {}
COMMAND: POST /session/1b6c7837aabde9e3293127df2ee335cc/element - {"using":"xpath","value":"//input[@id=\"application-managepartners-display-component---NewPartner--companyCodeComboBox-inner\"]"}
RESULT: {"using":"xpath","value":"//input[@id=\"application-managepartners-display-component---NewPartner--companyCodeComboBox-inner\"]"}
COMMAND: POST /session/1b6c7837aabde9e3293127df2ee335cc/element/f.662FC9EC32089450E4582D1FE7DD78D5.d.5D34B2361A7D6F299DFDA297E6447BC6.e.3597/clear - {}
RESULT: {}
COMMAND: POST /session/1b6c7837aabde9e3293127df2ee335cc/element/f.662FC9EC32089450E4582D1FE7DD78D5.d.5D34B2361A7D6F299DFDA297E6447BC6.e.3597/value - {"text":"C002"}
COMMAND: GET /session/1b6c7837aabde9e3293127df2ee335cc/screenshot - {}
RESULT: {"text":"C002"}
COMMAND: GET /session/1b6c7837aabde9e3293127df2ee335cc/screenshot - {}
RESULT: {}
RESULT: {}
COMMAND: POST /session/1b6c7837aabde9e3293127df2ee335cc/element - {"using":"xpath","value":"//li[.//span[text()= \"C002\"]]"}
RESULT: {"using":"xpath","value":"//li[.//span[text()= \"C002\"]]"}
COMMAND: POST /session/1b6c7837aabde9e3293127df2ee335cc/element/f.662FC9EC32089450E4582D1FE7DD78D5.d.5D34B2361A7D6F299DFDA297E6447BC6.e.3752/click - {}
RESULT: {}
COMMAND: GET /session/1b6c7837aabde9e3293127df2ee335cc/screenshot - {}
RESULT: {}
COMMAND: POST /session/1b6c7837aabde9e3293127df2ee335cc/execute/async - {"script":"<script> [1562 bytes]","args":[{"selector":{"id":"application-managepartners-display-component---NewPartner--btnAddTableRow-img"},"wdio_ui5_key":"applicationmanagepartners-display-component---NewPartner--btnAddTableRow-img"}]}
RESULT: {"script":"<script> [1562 bytes]","args":[{"selector":{"id":"application-managepartners-display-component---NewPartner--btnAddTableRow-img"},"wdio_ui5_key":"applicationmanagepartners-display-component---NewPartner--btnAddTableRow-img"}]}
RESULT: undefined
COMMAND: POST /session/1b6c7837aabde9e3293127df2ee335cc/element - {"using":"xpath","value":"//*[@id=\"application-managepartners-display-component---NewPartner--btnAddTableRow-img\"]"}
RESULT: {"using":"xpath","value":"//*[@id=\"application-managepartners-display-component---NewPartner--btnAddTableRow-img\"]"}
COMMAND: POST /session/1b6c7837aabde9e3293127df2ee335cc/element/f.662FC9EC32089450E4582D1FE7DD78D5.d.5D34B2361A7D6F299DFDA297E6447BC6.e.3753/click - {}
RESULT: {}
COMMAND: GET /session/1b6c7837aabde9e3293127df2ee335cc/screenshot - {}
RESULT: {}
COMMAND: POST /session/1b6c7837aabde9e3293127df2ee335cc/element - {"using":"xpath","value":"//input[@id=\"application-managepartners-display-component---NewPartner--assignmentYard-application-managepartners-display-component---NewPartner--assignmentsTable-0-inner\"]"}
RESULT: {"using":"xpath","value":"//input[@id=\"application-managepartners-display-component---NewPartner--assignmentYard-application-managepartners-display-component---NewPartner--assignmentsTable-0-inner\"]"}
COMMAND: POST /session/1b6c7837aabde9e3293127df2ee335cc/element/f.662FC9EC32089450E4582D1FE7DD78D5.d.5D34B2361A7D6F299DFDA297E6447BC6.e.3756/clear - {}
RESULT: {}
COMMAND: POST /session/1b6c7837aabde9e3293127df2ee335cc/element/f.662FC9EC32089450E4582D1FE7DD78D5.d.5D34B2361A7D6F299DFDA297E6447BC6.e.3756/value - {"text":"489"}
COMMAND: GET /session/1b6c7837aabde9e3293127df2ee335cc/screenshot - {}
RESULT: {"text":"489"}
COMMAND: GET /session/1b6c7837aabde9e3293127df2ee335cc/screenshot - {}
RESULT: {}
RESULT: {}
COMMAND: POST /session/1b6c7837aabde9e3293127df2ee335cc/element - {"using":"xpath","value":"//li[.//span[text()='489']]"}
RESULT: {"using":"xpath","value":"//li[.//span[text()='489']]"}
COMMAND: POST /session/1b6c7837aabde9e3293127df2ee335cc/element/f.662FC9EC32089450E4582D1FE7DD78D5.d.5D34B2361A7D6F299DFDA297E6447BC6.e.3764/click - {}
RESULT: {}
COMMAND: GET /session/1b6c7837aabde9e3293127df2ee335cc/screenshot - {}
RESULT: {}
COMMAND: POST /session/1b6c7837aabde9e3293127df2ee335cc/actions - {"actions":[{"id":"action6","type":"key","parameters":{},"actions":[{"type":"keyDown","value":"î€‡"},{"type":"pause","duration":10},{"type":"keyUp","value":"î€‡"}]}]}
RESULT: {"actions":[{"id":"action6","type":"key","parameters":{},"actions":[{"type":"keyDown","value":"î€‡"},{"type":"pause","duration":10},{"type":"keyUp","value":"î€‡"}]}]}
COMMAND: POST /session/1b6c7837aabde9e3293127df2ee335cc/element - {"using":"xpath","value":"//td[contains(@id, \"assignmentsTable-0-cell2\")]/div/div"}
COMMAND: GET /session/1b6c7837aabde9e3293127df2ee335cc/screenshot - {}
RESULT: {"using":"xpath","value":"//td[contains(@id, \"assignmentsTable-0-cell2\")]/div/div"}
COMMAND: POST /session/1b6c7837aabde9e3293127df2ee335cc/element/f.662FC9EC32089450E4582D1FE7DD78D5.d.5D34B2361A7D6F299DFDA297E6447BC6.e.3767/click - {}
RESULT: {}
RESULT: {}
COMMAND: GET /session/1b6c7837aabde9e3293127df2ee335cc/screenshot - {}
RESULT: {}
COMMAND: POST /session/1b6c7837aabde9e3293127df2ee335cc/element - {"using":"xpath","value":"//button[@data-kt=\"saveButton\"]"}
RESULT: {"using":"xpath","value":"//button[@data-kt=\"saveButton\"]"}
COMMAND: POST /session/1b6c7837aabde9e3293127df2ee335cc/element/f.662FC9EC32089450E4582D1FE7DD78D5.d.5D34B2361A7D6F299DFDA297E6447BC6.e.3631/click - {}
RESULT: {}
COMMAND: GET /session/1b6c7837aabde9e3293127df2ee335cc/screenshot - {}
RESULT: {}
COMMAND: POST /session/1b6c7837aabde9e3293127df2ee335cc/element - {"using":"xpath","value":"//header[contains(@id, 'ObjectPageLayout-headerTitle')]/div[1]/div[2]/div[2]/span[1]"}
RESULT: {"using":"xpath","value":"//header[contains(@id, 'ObjectPageLayout-headerTitle')]/div[1]/div[2]/div[2]/span[1]"}
COMMAND: POST /session/1b6c7837aabde9e3293127df2ee335cc/elements - {"using":"xpath","value":"//header[contains(@id, 'ObjectPageLayout-headerTitle')]/div[1]/div[2]/div[2]/span[1]"}
RESULT: {"using":"xpath","value":"//header[contains(@id, 'ObjectPageLayout-headerTitle')]/div[1]/div[2]/div[2]/span[1]"}
COMMAND: POST /session/1b6c7837aabde9e3293127df2ee335cc/execute/sync - {"script":"<script> [56 bytes]","args":[{"element-6066-11e4-a52e-4f735466cecf":"f.662FC9EC32089450E4582D1FE7DD78D5.d.5D34B2361A7D6F299DFDA297E6447BC6.e.3927","ELEMENT":"f.662FC9EC32089450E4582D1FE7DD78D5.d.5D34B2361A7D6F299DFDA297E6447BC6.e.3927"}]}
RESULT: {"script":"<script> [56 bytes]","args":[{"element-6066-11e4-a52e-4f735466cecf":"f.662FC9EC32089450E4582D1FE7DD78D5.d.5D34B2361A7D6F299DFDA297E6447BC6.e.3927","ELEMENT":"f.662FC9EC32089450E4582D1FE7DD78D5.d.5D34B2361A7D6F299DFDA297E6447BC6.e.3927"}]}
COMMAND: POST /session/1b6c7837aabde9e3293127df2ee335cc/element - {"using":"css selector","value":"#shell-header-logo"}
COMMAND: GET /session/1b6c7837aabde9e3293127df2ee335cc/screenshot - {}
RESULT: {"using":"css selector","value":"#shell-header-logo"}
COMMAND: POST /session/1b6c7837aabde9e3293127df2ee335cc/element/f.662FC9EC32089450E4582D1FE7DD78D5.d.5D34B2361A7D6F299DFDA297E6447BC6.e.3241/click - {}
RESULT: {}
RESULT: {}
COMMAND: GET /session/1b6c7837aabde9e3293127df2ee335cc/screenshot - {}
RESULT: {}
COMMAND: POST /session/1b6c7837aabde9e3293127df2ee335cc/execute/sync - {"script":"<script> [299 bytes]","args":[["getModel","getResource"]]}
RESULT: {"script":"<script> [299 bytes]","args":[["getModel","getResource"]]}
COMMAND: GET /session/1b6c7837aabde9e3293127df2ee335cc/screenshot - {}
]]></system-out>
    </testcase>
    <testcase classname="chrome.136_0_7103_93.windows.Create_partner_US118246" name="Should create a new yard in case create yard failed" time="0.005" />
    <testcase classname="chrome.136_0_7103_93.windows.Create_partner_US118246" name="Should create new external WHM partner" time="86.034">
      <system-out><![CDATA[
COMMAND: POST /session/1b6c7837aabde9e3293127df2ee335cc/window/fullscreen - {}
RESULT: {}
RESULT: {}
RESULT: undefined
COMMAND: POST /session/1b6c7837aabde9e3293127df2ee335cc/element - {"using":"xpath","value":"//*[@id=\"__tile38\"]"}
RESULT: {"using":"xpath","value":"//*[@id=\"__tile38\"]"}
COMMAND: POST /session/1b6c7837aabde9e3293127df2ee335cc/element/f.662FC9EC32089450E4582D1FE7DD78D5.d.5D34B2361A7D6F299DFDA297E6447BC6.e.3127/click - {}
RESULT: {}
COMMAND: GET /session/1b6c7837aabde9e3293127df2ee335cc/screenshot - {}
RESULT: {}
COMMAND: POST /session/1b6c7837aabde9e3293127df2ee335cc/elements - {"using":"xpath","value":"//span[text()='Error']"}
RESULT: {"using":"xpath","value":"//span[text()='Error']"}
COMMAND: POST /session/1b6c7837aabde9e3293127df2ee335cc/element - {"using":"xpath","value":"//button[@data-kt=\"addButton\"]"}
RESULT: {"using":"xpath","value":"//button[@data-kt=\"addButton\"]"}
COMMAND: POST /session/1b6c7837aabde9e3293127df2ee335cc/elements - {"using":"xpath","value":"//button[@data-kt=\"addButton\"]"}
RESULT: {"using":"xpath","value":"//button[@data-kt=\"addButton\"]"}
COMMAND: POST /session/1b6c7837aabde9e3293127df2ee335cc/execute/sync - {"script":"<script> [8489 bytes]","args":[{"element-6066-11e4-a52e-4f735466cecf":"f.662FC9EC32089450E4582D1FE7DD78D5.d.5D34B2361A7D6F299DFDA297E6447BC6.e.3974","ELEMENT":"f.662FC9EC32089450E4582D1FE7DD78D5.d.5D34B2361A7D6F299DFDA297E6447BC6.e.3974"}]}
RESULT: {"script":"<script> [8489 bytes]","args":[{"element-6066-11e4-a52e-4f735466cecf":"f.662FC9EC32089450E4582D1FE7DD78D5.d.5D34B2361A7D6F299DFDA297E6447BC6.e.3974","ELEMENT":"f.662FC9EC32089450E4582D1FE7DD78D5.d.5D34B2361A7D6F299DFDA297E6447BC6.e.3974"}]}
COMMAND: GET /session/1b6c7837aabde9e3293127df2ee335cc/element/f.662FC9EC32089450E4582D1FE7DD78D5.d.5D34B2361A7D6F299DFDA297E6447BC6.e.3974/enabled - {}
COMMAND: GET /session/1b6c7837aabde9e3293127df2ee335cc/screenshot - {}
RESULT: {}
COMMAND: POST /session/1b6c7837aabde9e3293127df2ee335cc/execute/sync - {"script":"<script> [8489 bytes]","args":[{"element-6066-11e4-a52e-4f735466cecf":"f.662FC9EC32089450E4582D1FE7DD78D5.d.5D34B2361A7D6F299DFDA297E6447BC6.e.3974","ELEMENT":"f.662FC9EC32089450E4582D1FE7DD78D5.d.5D34B2361A7D6F299DFDA297E6447BC6.e.3974"}]}
COMMAND: GET /session/1b6c7837aabde9e3293127df2ee335cc/screenshot - {}
RESULT: {}
RESULT: {"script":"<script> [8489 bytes]","args":[{"element-6066-11e4-a52e-4f735466cecf":"f.662FC9EC32089450E4582D1FE7DD78D5.d.5D34B2361A7D6F299DFDA297E6447BC6.e.3974","ELEMENT":"f.662FC9EC32089450E4582D1FE7DD78D5.d.5D34B2361A7D6F299DFDA297E6447BC6.e.3974"}]}
COMMAND: POST /session/1b6c7837aabde9e3293127df2ee335cc/execute/sync - {"script":"<script> [5351 bytes]","args":[{"element-6066-11e4-a52e-4f735466cecf":"f.662FC9EC32089450E4582D1FE7DD78D5.d.5D34B2361A7D6F299DFDA297E6447BC6.e.3974","ELEMENT":"f.662FC9EC32089450E4582D1FE7DD78D5.d.5D34B2361A7D6F299DFDA297E6447BC6.e.3974"}]}
COMMAND: GET /session/1b6c7837aabde9e3293127df2ee335cc/screenshot - {}
RESULT: {}
RESULT: {"script":"<script> [5351 bytes]","args":[{"element-6066-11e4-a52e-4f735466cecf":"f.662FC9EC32089450E4582D1FE7DD78D5.d.5D34B2361A7D6F299DFDA297E6447BC6.e.3974","ELEMENT":"f.662FC9EC32089450E4582D1FE7DD78D5.d.5D34B2361A7D6F299DFDA297E6447BC6.e.3974"}]}
COMMAND: POST /session/1b6c7837aabde9e3293127df2ee335cc/element/f.662FC9EC32089450E4582D1FE7DD78D5.d.5D34B2361A7D6F299DFDA297E6447BC6.e.3974/click - {}
COMMAND: GET /session/1b6c7837aabde9e3293127df2ee335cc/screenshot - {}
RESULT: {}
RESULT: {}
COMMAND: GET /session/1b6c7837aabde9e3293127df2ee335cc/screenshot - {}
RESULT: undefined
COMMAND: POST /session/1b6c7837aabde9e3293127df2ee335cc/execute/async - {"script":"<script> [776 bytes]","args":[{"enterText":"External Partner WDIO","selector":{"id":"application-managepartners-display-component---NewPartner--addressDetailDetailsName1","interaction":{"idSuffix":"inner"}},"clearTextFirst":true,"interactionType":"ENTER_TEXT"}]}
RESULT: {}
RESULT: {}
RESULT: {"script":"<script> [776 bytes]","args":[{"enterText":"External Partner WDIO","selector":{"id":"application-managepartners-display-component---NewPartner--addressDetailDetailsName1","interaction":{"idSuffix":"inner"}},"clearTextFirst":true,"interactionType":"ENTER_TEXT"}]}
RESULT: undefined
COMMAND: POST /session/1b6c7837aabde9e3293127df2ee335cc/element - {"using":"xpath","value":"//*[@id=\"application-managepartners-display-component---NewPartner--addressDetailDetailsLanguage-arrow\"]"}
RESULT: {"using":"xpath","value":"//*[@id=\"application-managepartners-display-component---NewPartner--addressDetailDetailsLanguage-arrow\"]"}
COMMAND: POST /session/1b6c7837aabde9e3293127df2ee335cc/element/f.662FC9EC32089450E4582D1FE7DD78D5.d.5D34B2361A7D6F299DFDA297E6447BC6.e.4420/click - {}
RESULT: {}
COMMAND: POST /session/1b6c7837aabde9e3293127df2ee335cc/element - {"using":"xpath","value":"//span[contains(text(), \"English\")]"}
COMMAND: GET /session/1b6c7837aabde9e3293127df2ee335cc/screenshot - {}
RESULT: {"using":"xpath","value":"//span[contains(text(), \"English\")]"}
COMMAND: POST /session/1b6c7837aabde9e3293127df2ee335cc/element/f.662FC9EC32089450E4582D1FE7DD78D5.d.5D34B2361A7D6F299DFDA297E6447BC6.e.4421/click - {}
RESULT: {}
RESULT: {}
COMMAND: GET /session/1b6c7837aabde9e3293127df2ee335cc/screenshot - {}
RESULT: {}
RESULT: undefined
COMMAND: POST /session/1b6c7837aabde9e3293127df2ee335cc/execute/async - {"script":"<script> [776 bytes]","args":[{"enterText":"Rosario","selector":{"id":"application-managepartners-display-component---NewPartner--addressDetailDetailsCity1","interaction":{"idSuffix":"inner"}},"clearTextFirst":true,"interactionType":"ENTER_TEXT"}]}
RESULT: {"script":"<script> [776 bytes]","args":[{"enterText":"Rosario","selector":{"id":"application-managepartners-display-component---NewPartner--addressDetailDetailsCity1","interaction":{"idSuffix":"inner"}},"clearTextFirst":true,"interactionType":"ENTER_TEXT"}]}
RESULT: undefined
COMMAND: POST /session/1b6c7837aabde9e3293127df2ee335cc/element - {"using":"xpath","value":"//*[@id=\"application-managepartners-display-component---NewPartner--addressDetailDetailsCountry-arrow\"]"}
RESULT: {"using":"xpath","value":"//*[@id=\"application-managepartners-display-component---NewPartner--addressDetailDetailsCountry-arrow\"]"}
COMMAND: POST /session/1b6c7837aabde9e3293127df2ee335cc/element/f.662FC9EC32089450E4582D1FE7DD78D5.d.5D34B2361A7D6F299DFDA297E6447BC6.e.4408/click - {}
RESULT: {}
COMMAND: POST /session/1b6c7837aabde9e3293127df2ee335cc/element - {"using":"xpath","value":"//span[contains(text(), \"Argentina\")]"}
COMMAND: GET /session/1b6c7837aabde9e3293127df2ee335cc/screenshot - {}
RESULT: {"using":"xpath","value":"//span[contains(text(), \"Argentina\")]"}
COMMAND: POST /session/1b6c7837aabde9e3293127df2ee335cc/element/f.662FC9EC32089450E4582D1FE7DD78D5.d.5D34B2361A7D6F299DFDA297E6447BC6.e.4422/click - {}
RESULT: {}
RESULT: {}
COMMAND: GET /session/1b6c7837aabde9e3293127df2ee335cc/screenshot - {}
RESULT: {}
COMMAND: POST /session/1b6c7837aabde9e3293127df2ee335cc/element - {"using":"xpath","value":"//bdi[contains(text(), \"Commercial\")]"}
RESULT: {"using":"xpath","value":"//bdi[contains(text(), \"Commercial\")]"}
COMMAND: POST /session/1b6c7837aabde9e3293127df2ee335cc/element/f.662FC9EC32089450E4582D1FE7DD78D5.d.5D34B2361A7D6F299DFDA297E6447BC6.e.4423/click - {}
RESULT: {}
COMMAND: GET /session/1b6c7837aabde9e3293127df2ee335cc/screenshot - {}
RESULT: {}
RESULT: undefined
COMMAND: POST /session/1b6c7837aabde9e3293127df2ee335cc/element - {"using":"xpath","value":"//*[@id=\"application-managepartners-display-component---NewPartner--partnerDetailInternal-arrow\"]"}
RESULT: {"using":"xpath","value":"//*[@id=\"application-managepartners-display-component---NewPartner--partnerDetailInternal-arrow\"]"}
COMMAND: POST /session/1b6c7837aabde9e3293127df2ee335cc/element/f.662FC9EC32089450E4582D1FE7DD78D5.d.5D34B2361A7D6F299DFDA297E6447BC6.e.4429/click - {}
RESULT: {}
COMMAND: POST /session/1b6c7837aabde9e3293127df2ee335cc/element - {"using":"xpath","value":"//span[contains(text(), \"External partner\")]"}
COMMAND: GET /session/1b6c7837aabde9e3293127df2ee335cc/screenshot - {}
RESULT: {"using":"xpath","value":"//span[contains(text(), \"External partner\")]"}
COMMAND: POST /session/1b6c7837aabde9e3293127df2ee335cc/element/f.662FC9EC32089450E4582D1FE7DD78D5.d.5D34B2361A7D6F299DFDA297E6447BC6.e.4430/click - {}
RESULT: {}
RESULT: {}
RESULT: undefined
COMMAND: POST /session/1b6c7837aabde9e3293127df2ee335cc/element - {"using":"xpath","value":"//*[@id=\"application-managepartners-display-component---NewPartner--partnerDetailsCurrency-arrow\"]"}
COMMAND: GET /session/1b6c7837aabde9e3293127df2ee335cc/screenshot - {}
RESULT: {"using":"xpath","value":"//*[@id=\"application-managepartners-display-component---NewPartner--partnerDetailsCurrency-arrow\"]"}
COMMAND: POST /session/1b6c7837aabde9e3293127df2ee335cc/element/f.662FC9EC32089450E4582D1FE7DD78D5.d.5D34B2361A7D6F299DFDA297E6447BC6.e.4435/click - {}
RESULT: {}
RESULT: {}
COMMAND: POST /session/1b6c7837aabde9e3293127df2ee335cc/element - {"using":"xpath","value":"//span[contains(text(), \"US Dollar\")]"}
COMMAND: GET /session/1b6c7837aabde9e3293127df2ee335cc/screenshot - {}
RESULT: {"using":"xpath","value":"//span[contains(text(), \"US Dollar\")]"}
COMMAND: POST /session/1b6c7837aabde9e3293127df2ee335cc/element/f.662FC9EC32089450E4582D1FE7DD78D5.d.5D34B2361A7D6F299DFDA297E6447BC6.e.4436/click - {}
RESULT: {}
RESULT: {}
COMMAND: GET /session/1b6c7837aabde9e3293127df2ee335cc/screenshot - {}
RESULT: {}
COMMAND: POST /session/1b6c7837aabde9e3293127df2ee335cc/element - {"using":"xpath","value":"//input[@id=\"application-managepartners-display-component---NewPartner--companyCodeComboBox-inner\"]"}
RESULT: {"using":"xpath","value":"//input[@id=\"application-managepartners-display-component---NewPartner--companyCodeComboBox-inner\"]"}
COMMAND: POST /session/1b6c7837aabde9e3293127df2ee335cc/element/f.662FC9EC32089450E4582D1FE7DD78D5.d.5D34B2361A7D6F299DFDA297E6447BC6.e.4287/clear - {}
RESULT: {}
COMMAND: POST /session/1b6c7837aabde9e3293127df2ee335cc/element/f.662FC9EC32089450E4582D1FE7DD78D5.d.5D34B2361A7D6F299DFDA297E6447BC6.e.4287/value - {"text":"C002"}
COMMAND: GET /session/1b6c7837aabde9e3293127df2ee335cc/screenshot - {}
RESULT: {"text":"C002"}
COMMAND: GET /session/1b6c7837aabde9e3293127df2ee335cc/screenshot - {}
RESULT: {}
RESULT: {}
COMMAND: POST /session/1b6c7837aabde9e3293127df2ee335cc/element - {"using":"xpath","value":"//li[.//span[text()= \"C002\"]]"}
RESULT: {"using":"xpath","value":"//li[.//span[text()= \"C002\"]]"}
COMMAND: POST /session/1b6c7837aabde9e3293127df2ee335cc/element/f.662FC9EC32089450E4582D1FE7DD78D5.d.5D34B2361A7D6F299DFDA297E6447BC6.e.4440/click - {}
RESULT: {}
COMMAND: GET /session/1b6c7837aabde9e3293127df2ee335cc/screenshot - {}
RESULT: {}
RESULT: undefined
COMMAND: POST /session/1b6c7837aabde9e3293127df2ee335cc/element - {"using":"xpath","value":"//*[@id=\"application-managepartners-display-component---NewPartner--btnAddTableRow-img\"]"}
RESULT: {"using":"xpath","value":"//*[@id=\"application-managepartners-display-component---NewPartner--btnAddTableRow-img\"]"}
COMMAND: POST /session/1b6c7837aabde9e3293127df2ee335cc/element/f.662FC9EC32089450E4582D1FE7DD78D5.d.5D34B2361A7D6F299DFDA297E6447BC6.e.4441/click - {}
RESULT: {}
COMMAND: GET /session/1b6c7837aabde9e3293127df2ee335cc/screenshot - {}
RESULT: {}
COMMAND: POST /session/1b6c7837aabde9e3293127df2ee335cc/element - {"using":"xpath","value":"//input[@id=\"application-managepartners-display-component---NewPartner--assignmentYard-application-managepartners-display-component---NewPartner--assignmentsTable-0-inner\"]"}
RESULT: {"using":"xpath","value":"//input[@id=\"application-managepartners-display-component---NewPartner--assignmentYard-application-managepartners-display-component---NewPartner--assignmentsTable-0-inner\"]"}
COMMAND: POST /session/1b6c7837aabde9e3293127df2ee335cc/element/f.662FC9EC32089450E4582D1FE7DD78D5.d.5D34B2361A7D6F299DFDA297E6447BC6.e.4444/clear - {}
RESULT: {}
COMMAND: POST /session/1b6c7837aabde9e3293127df2ee335cc/element/f.662FC9EC32089450E4582D1FE7DD78D5.d.5D34B2361A7D6F299DFDA297E6447BC6.e.4444/value - {"text":"490"}
COMMAND: GET /session/1b6c7837aabde9e3293127df2ee335cc/screenshot - {}
RESULT: {"text":"490"}
COMMAND: GET /session/1b6c7837aabde9e3293127df2ee335cc/screenshot - {}
RESULT: {}
RESULT: {}
COMMAND: POST /session/1b6c7837aabde9e3293127df2ee335cc/element - {"using":"xpath","value":"//li[.//span[text()='490']]"}
RESULT: {"using":"xpath","value":"//li[.//span[text()='490']]"}
COMMAND: POST /session/1b6c7837aabde9e3293127df2ee335cc/element/f.662FC9EC32089450E4582D1FE7DD78D5.d.5D34B2361A7D6F299DFDA297E6447BC6.e.4452/click - {}
RESULT: {}
COMMAND: GET /session/1b6c7837aabde9e3293127df2ee335cc/screenshot - {}
RESULT: {}
COMMAND: POST /session/1b6c7837aabde9e3293127df2ee335cc/actions - {"actions":[{"id":"action7","type":"key","parameters":{},"actions":[{"type":"keyDown","value":"î€‡"},{"type":"pause","duration":10},{"type":"keyUp","value":"î€‡"}]}]}
RESULT: {"actions":[{"id":"action7","type":"key","parameters":{},"actions":[{"type":"keyDown","value":"î€‡"},{"type":"pause","duration":10},{"type":"keyUp","value":"î€‡"}]}]}
COMMAND: POST /session/1b6c7837aabde9e3293127df2ee335cc/element - {"using":"xpath","value":"//td[contains(@id, \"assignmentsTable-0-cell2\")]/div/div"}
COMMAND: GET /session/1b6c7837aabde9e3293127df2ee335cc/screenshot - {}
RESULT: {"using":"xpath","value":"//td[contains(@id, \"assignmentsTable-0-cell2\")]/div/div"}
COMMAND: POST /session/1b6c7837aabde9e3293127df2ee335cc/element/f.662FC9EC32089450E4582D1FE7DD78D5.d.5D34B2361A7D6F299DFDA297E6447BC6.e.4455/click - {}
RESULT: {}
RESULT: {}
COMMAND: GET /session/1b6c7837aabde9e3293127df2ee335cc/screenshot - {}
RESULT: {}
COMMAND: POST /session/1b6c7837aabde9e3293127df2ee335cc/element - {"using":"xpath","value":"//button[@data-kt=\"saveButton\"]"}
RESULT: {"using":"xpath","value":"//button[@data-kt=\"saveButton\"]"}
COMMAND: POST /session/1b6c7837aabde9e3293127df2ee335cc/element/f.662FC9EC32089450E4582D1FE7DD78D5.d.5D34B2361A7D6F299DFDA297E6447BC6.e.4296/click - {}
RESULT: {}
COMMAND: GET /session/1b6c7837aabde9e3293127df2ee335cc/screenshot - {}
RESULT: {}
COMMAND: POST /session/1b6c7837aabde9e3293127df2ee335cc/element - {"using":"xpath","value":"//header[contains(@id, 'ObjectPageLayout-headerTitle')]/div[1]/div[2]/div[2]/span[1]"}
RESULT: {"using":"xpath","value":"//header[contains(@id, 'ObjectPageLayout-headerTitle')]/div[1]/div[2]/div[2]/span[1]"}
COMMAND: POST /session/1b6c7837aabde9e3293127df2ee335cc/elements - {"using":"xpath","value":"//header[contains(@id, 'ObjectPageLayout-headerTitle')]/div[1]/div[2]/div[2]/span[1]"}
RESULT: {"using":"xpath","value":"//header[contains(@id, 'ObjectPageLayout-headerTitle')]/div[1]/div[2]/div[2]/span[1]"}
COMMAND: POST /session/1b6c7837aabde9e3293127df2ee335cc/execute/sync - {"script":"<script> [56 bytes]","args":[{"element-6066-11e4-a52e-4f735466cecf":"f.662FC9EC32089450E4582D1FE7DD78D5.d.5D34B2361A7D6F299DFDA297E6447BC6.e.4619","ELEMENT":"f.662FC9EC32089450E4582D1FE7DD78D5.d.5D34B2361A7D6F299DFDA297E6447BC6.e.4619"}]}
RESULT: {"script":"<script> [56 bytes]","args":[{"element-6066-11e4-a52e-4f735466cecf":"f.662FC9EC32089450E4582D1FE7DD78D5.d.5D34B2361A7D6F299DFDA297E6447BC6.e.4619","ELEMENT":"f.662FC9EC32089450E4582D1FE7DD78D5.d.5D34B2361A7D6F299DFDA297E6447BC6.e.4619"}]}
COMMAND: POST /session/1b6c7837aabde9e3293127df2ee335cc/element - {"using":"css selector","value":"#shell-header-logo"}
COMMAND: GET /session/1b6c7837aabde9e3293127df2ee335cc/screenshot - {}
RESULT: {"using":"css selector","value":"#shell-header-logo"}
COMMAND: POST /session/1b6c7837aabde9e3293127df2ee335cc/element/f.662FC9EC32089450E4582D1FE7DD78D5.d.5D34B2361A7D6F299DFDA297E6447BC6.e.3930/click - {}
RESULT: {}
RESULT: {}
COMMAND: GET /session/1b6c7837aabde9e3293127df2ee335cc/screenshot - {}
RESULT: {}
COMMAND: POST /session/1b6c7837aabde9e3293127df2ee335cc/execute/sync - {"script":"<script> [299 bytes]","args":[["getModel","getResource"]]}
RESULT: {"script":"<script> [299 bytes]","args":[["getModel","getResource"]]}
COMMAND: GET /session/1b6c7837aabde9e3293127df2ee335cc/screenshot - {}
COMMAND: POST /session/1b6c7837aabde9e3293127df2ee335cc/refresh - {}
RESULT: {}
RESULT: {}
COMMAND: GET /session/1b6c7837aabde9e3293127df2ee335cc/screenshot - {}
RESULT: {}
COMMAND: POST /session/1b6c7837aabde9e3293127df2ee335cc/refresh - {}
RESULT: {}
COMMAND: GET /session/1b6c7837aabde9e3293127df2ee335cc/screenshot - {}
RESULT: {}
COMMAND: POST /session/1b6c7837aabde9e3293127df2ee335cc/window/fullscreen - {}
RESULT: {}
COMMAND: POST /session/1b6c7837aabde9e3293127df2ee335cc/execute/async - {"script":"<script> [189 bytes]","args":[]}
RESULT: {"script":"<script> [189 bytes]","args":[]}
COMMAND: POST /session/1b6c7837aabde9e3293127df2ee335cc/execute/async - {"script":"<script> [123 bytes]","args":[]}
RESULT: {"script":"<script> [123 bytes]","args":[]}
COMMAND: POST /session/1b6c7837aabde9e3293127df2ee335cc/timeouts - {"script":"<number>"}
RESULT: {"script":"<number>"}
COMMAND: GET /session/1b6c7837aabde9e3293127df2ee335cc/timeouts - {}
RESULT: {}
RESULT: undefined
COMMAND: POST /session/1b6c7837aabde9e3293127df2ee335cc/execute/async - {"script":"<script> [2676 bytes]","args":[]}
RESULT: {"script":"<script> [2676 bytes]","args":[]}
COMMAND: POST /session/1b6c7837aabde9e3293127df2ee335cc/execute/async - {"script":"<script> [2342 bytes]","args":[{"protocol":"http","hostname":"0.0.0.0","path":"/","capabilities":{"browserName":"chrome","goog:chromeOptions":{"binary":"C:\\Program Files\\Google\\Chrome\\Application\\chrome.exe","args":["--start-maximized"]}},"logLevel":"warn","connectionRetryTimeout":120000,"connectionRetryCount":3,"logLevels":{},"enableDirectConnect":true,"strictSSL":true,"_":"65 more keys: [\"cacheDir\",\"port\",\"requestedCapabilities\",\"automationProtocol\",\"baseUrl\",\"waitforInterval\",\"waitforTimeout\",\"onReload\",\"beforeCommand\",\"afterCommand\",\"rootDir\",\"specs\",\"suites\",\"exclude\",\"groupLogsByTestSpec\",\"excludeDriverLogs\",\"bail\",\"framework\",\"reporters\",\"services\",\"maxInstances\",\"maxInstancesPerCapability\",\"injectGlobals\",\"filesToWatch\",\"execArgv\",\"runnerEnv\",\"runner\",\"shard\",\"specFileRetries\",\"specFileRetriesDelay\",\"specFileRetriesDeferred\",\"reporterSyncInterval\",\"reporterSyncTimeout\",\"cucumberFeaturesWithLineNumbers\",\"autoCompileOpts\",\"mochaOpts\",\"jasmineOpts\",\"cucumberOpts\",\"onPrepare\",\"onWorkerStart\",\"onWorkerEnd\",\"before\",\"beforeSession\",\"beforeSuite\",\"beforeHook\",\"beforeTest\",\"afterTest\",\"afterHook\",\"afterSuite\",\"afterSession\",\"after\",\"onComplete\",\"beforeAssertion\",\"afterAssertion\",\"beforeFeature\",\"beforeScenario\",\"beforeStep\",\"afterStep\",\"afterScenario\",\"afterFeature\",\"_\",\"suite\",\"$0\",\"ignoredWorkerServices\",\"wdi5\"]"}]}
RESULT: {"script":"<script> [2342 bytes]","args":[{"protocol":"http","hostname":"0.0.0.0","path":"/","capabilities":{"browserName":"chrome","goog:chromeOptions":{"binary":"C:\\Program Files\\Google\\Chrome\\Application\\chrome.exe","args":["--start-maximized"]}},"logLevel":"warn","connectionRetryTimeout":120000,"connectionRetryCount":3,"logLevels":{},"enableDirectConnect":true,"strictSSL":true,"_":"65 more keys: [\"cacheDir\",\"port\",\"requestedCapabilities\",\"automationProtocol\",\"baseUrl\",\"waitforInterval\",\"waitforTimeout\",\"onReload\",\"beforeCommand\",\"afterCommand\",\"rootDir\",\"specs\",\"suites\",\"exclude\",\"groupLogsByTestSpec\",\"excludeDriverLogs\",\"bail\",\"framework\",\"reporters\",\"services\",\"maxInstances\",\"maxInstancesPerCapability\",\"injectGlobals\",\"filesToWatch\",\"execArgv\",\"runnerEnv\",\"runner\",\"shard\",\"specFileRetries\",\"specFileRetriesDelay\",\"specFileRetriesDeferred\",\"reporterSyncInterval\",\"reporterSyncTimeout\",\"cucumberFeaturesWithLineNumbers\",\"autoCompileOpts\",\"mochaOpts\",\"jasmineOpts\",\"cucumberOpts\",\"onPrepare\",\"onWorkerStart\",\"onWorkerEnd\",\"before\",\"beforeSession\",\"beforeSuite\",\"beforeHook\",\"beforeTest\",\"afterTest\",\"afterHook\",\"afterSuite\",\"afterSession\",\"after\",\"onComplete\",\"beforeAssertion\",\"afterAssertion\",\"beforeFeature\",\"beforeScenario\",\"beforeStep\",\"afterStep\",\"afterScenario\",\"afterFeature\",\"_\",\"suite\",\"$0\",\"ignoredWorkerServices\",\"wdi5\"]"}]}
COMMAND: POST /session/1b6c7837aabde9e3293127df2ee335cc/execute/async - {"script":"<script> [21126 bytes]","args":[35000]}
RESULT: {"script":"<script> [21126 bytes]","args":[35000]}
COMMAND: POST /session/1b6c7837aabde9e3293127df2ee335cc/element - {"using":"css selector","value":"#shell-header-logo"}
RESULT: {"using":"css selector","value":"#shell-header-logo"}
COMMAND: POST /session/1b6c7837aabde9e3293127df2ee335cc/element/f.662FC9EC32089450E4582D1FE7DD78D5.d.888C77DCF9ED8E1646AAD3AF892FB4A6.e.4762/click - {}
RESULT: {}
COMMAND: GET /session/1b6c7837aabde9e3293127df2ee335cc/screenshot - {}
RESULT: {}
COMMAND: POST /session/1b6c7837aabde9e3293127df2ee335cc/execute/async - {"script":"<script> [1562 bytes]","args":[{"selector":{"controlType":"sap.m.GenericTile","properties":{"header":"Manage Sites"}},"wdio_ui5_key":"sapm.GenericTile{\"header\":\"Manage Sites\"}"}]}
RESULT: {"script":"<script> [1562 bytes]","args":[{"selector":{"controlType":"sap.m.GenericTile","properties":{"header":"Manage Sites"}},"wdio_ui5_key":"sapm.GenericTile{\"header\":\"Manage Sites\"}"}]}
RESULT: undefined
COMMAND: POST /session/1b6c7837aabde9e3293127df2ee335cc/element - {"using":"xpath","value":"//*[@id=\"__tile32\"]"}
RESULT: {"using":"xpath","value":"//*[@id=\"__tile32\"]"}
COMMAND: POST /session/1b6c7837aabde9e3293127df2ee335cc/element/f.662FC9EC32089450E4582D1FE7DD78D5.d.888C77DCF9ED8E1646AAD3AF892FB4A6.e.4690/click - {}
RESULT: {}
COMMAND: GET /session/1b6c7837aabde9e3293127df2ee335cc/screenshot - {}
RESULT: {}
COMMAND: POST /session/1b6c7837aabde9e3293127df2ee335cc/elements - {"using":"xpath","value":"//span[text()='Error']"}
RESULT: {"using":"xpath","value":"//span[text()='Error']"}
]]></system-out>
    </testcase>
  </testsuite>
  <testsuite timestamp="2025-05-17T15:27:35" time="206.63" tests="2" failures="0" errors="0" skipped="0">
    <properties>
      <property name="specId" value="0" />
      <property name="suiteName" value="Create 2 sites US118246" />
      <property name="capabilities" value="chrome.136_0_7103_93.windows" />
      <property name="file" value="file:///D:/a/1/s/test/specs/R2C/create-site.spec.js" />
    </properties>
    <testcase classname="chrome.136_0_7103_93.windows.Create_2_sites_US118246" name="Should create new site" time="86.864">
      <system-out><![CDATA[
COMMAND: POST /session/1b6c7837aabde9e3293127df2ee335cc/execute/async - {"script":"<script> [1562 bytes]","args":[{"selector":{"controlType":"sap.m.Title","viewName":"etm.portal.ui.managesites.view.Master","viewId":"application-managesites-display-component---masterSite","i18NText":{"propertyName":"text","key":"sites"}},"wdio_ui5_key":"etmportal.ui.managesites.view.Mastersap.m.Title{\"propertyName\":\"text\",\"key\":\"sites\"}"}]}
RESULT: {"script":"<script> [1562 bytes]","args":[{"selector":{"controlType":"sap.m.Title","viewName":"etm.portal.ui.managesites.view.Master","viewId":"application-managesites-display-component---masterSite","i18NText":{"propertyName":"text","key":"sites"}},"wdio_ui5_key":"etmportal.ui.managesites.view.Mastersap.m.Title{\"propertyName\":\"text\",\"key\":\"sites\"}"}]}
RESULT: undefined
COMMAND: POST /session/1b6c7837aabde9e3293127df2ee335cc/execute/async - {"script":"<script> [6424 bytes]","args":[{"element-6066-11e4-a52e-4f735466cecf":"f.662FC9EC32089450E4582D1FE7DD78D5.d.888C77DCF9ED8E1646AAD3AF892FB4A6.e.4936"},"getText",[]]}
RESULT: {"script":"<script> [6424 bytes]","args":[{"element-6066-11e4-a52e-4f735466cecf":"f.662FC9EC32089450E4582D1FE7DD78D5.d.888C77DCF9ED8E1646AAD3AF892FB4A6.e.4936"},"getText",[]]}
COMMAND: POST /session/1b6c7837aabde9e3293127df2ee335cc/execute/async - {"script":"<script> [1562 bytes]","args":[{"selector":{"controlType":"sap.ui.core.Icon","viewName":"etm.portal.ui.managesites.view.Master","viewId":"application-managesites-display-component---masterSite","properties":{"src":{"regex":{"source":"add"}}}},"wdio_ui5_key":"etmportal.ui.managesites.view.Mastersap.ui.core.Icon{\"src\":{\"regex\":{\"source\":\"add\"}}}"}]}
RESULT: {"script":"<script> [1562 bytes]","args":[{"selector":{"controlType":"sap.ui.core.Icon","viewName":"etm.portal.ui.managesites.view.Master","viewId":"application-managesites-display-component---masterSite","properties":{"src":{"regex":{"source":"add"}}}},"wdio_ui5_key":"etmportal.ui.managesites.view.Mastersap.ui.core.Icon{\"src\":{\"regex\":{\"source\":\"add\"}}}"}]}
RESULT: undefined
COMMAND: POST /session/1b6c7837aabde9e3293127df2ee335cc/element - {"using":"xpath","value":"//*[@id=\"__button4-img\"]"}
RESULT: {"using":"xpath","value":"//*[@id=\"__button4-img\"]"}
COMMAND: POST /session/1b6c7837aabde9e3293127df2ee335cc/element/f.662FC9EC32089450E4582D1FE7DD78D5.d.888C77DCF9ED8E1646AAD3AF892FB4A6.e.4812/click - {}
RESULT: {}
COMMAND: POST /session/1b6c7837aabde9e3293127df2ee335cc/execute/async - {"script":"<script> [1562 bytes]","args":[{"selector":{"id":"application-managesites-display-component---NewSite--siteId","interaction":{"idSuffix":"inner"}},"wdio_ui5_key":"applicationmanagesites-display-component---NewSite--siteId"}]}
COMMAND: GET /session/1b6c7837aabde9e3293127df2ee335cc/screenshot - {}
RESULT: {"script":"<script> [1562 bytes]","args":[{"selector":{"id":"application-managesites-display-component---NewSite--siteId","interaction":{"idSuffix":"inner"}},"wdio_ui5_key":"applicationmanagesites-display-component---NewSite--siteId"}]}
RESULT: undefined
COMMAND: POST /session/1b6c7837aabde9e3293127df2ee335cc/execute/async - {"script":"<script> [1562 bytes]","args":[{"selector":{"id":"application-managesites-display-component---NewSite--addressDetailDetailsName1","interaction":{"idSuffix":"inner"}},"wdio_ui5_key":"applicationmanagesites-display-component---NewSite--addressDetailDetailsName1"}]}
RESULT: {}
RESULT: {"script":"<script> [1562 bytes]","args":[{"selector":{"id":"application-managesites-display-component---NewSite--addressDetailDetailsName1","interaction":{"idSuffix":"inner"}},"wdio_ui5_key":"applicationmanagesites-display-component---NewSite--addressDetailDetailsName1"}]}
RESULT: undefined
COMMAND: POST /session/1b6c7837aabde9e3293127df2ee335cc/execute/async - {"script":"<script> [776 bytes]","args":[{"enterText":"Webdriver Site 9clilh","selector":{"id":"application-managesites-display-component---NewSite--addressDetailDetailsName1","interaction":{"idSuffix":"inner"}},"clearTextFirst":true,"interactionType":"ENTER_TEXT"}]}
RESULT: {"script":"<script> [776 bytes]","args":[{"enterText":"Webdriver Site 9clilh","selector":{"id":"application-managesites-display-component---NewSite--addressDetailDetailsName1","interaction":{"idSuffix":"inner"}},"clearTextFirst":true,"interactionType":"ENTER_TEXT"}]}
COMMAND: POST /session/1b6c7837aabde9e3293127df2ee335cc/execute/async - {"script":"<script> [1562 bytes]","args":[{"selector":{"id":"application-managesites-display-component---NewSite--addressDetailDetailsLanguage","interaction":{"idSuffix":"inner"}},"wdio_ui5_key":"applicationmanagesites-display-component---NewSite--addressDetailDetailsLanguage"}]}
RESULT: {"script":"<script> [1562 bytes]","args":[{"selector":{"id":"application-managesites-display-component---NewSite--addressDetailDetailsLanguage","interaction":{"idSuffix":"inner"}},"wdio_ui5_key":"applicationmanagesites-display-component---NewSite--addressDetailDetailsLanguage"}]}
RESULT: undefined
COMMAND: POST /session/1b6c7837aabde9e3293127df2ee335cc/execute/async - {"script":"<script> [776 bytes]","args":[{"enterText":"Romanian","selector":{"id":"application-managesites-display-component---NewSite--addressDetailDetailsLanguage","interaction":{"idSuffix":"inner"}},"clearTextFirst":true,"interactionType":"ENTER_TEXT"}]}
RESULT: {"script":"<script> [776 bytes]","args":[{"enterText":"Romanian","selector":{"id":"application-managesites-display-component---NewSite--addressDetailDetailsLanguage","interaction":{"idSuffix":"inner"}},"clearTextFirst":true,"interactionType":"ENTER_TEXT"}]}
COMMAND: POST /session/1b6c7837aabde9e3293127df2ee335cc/execute/async - {"script":"<script> [1562 bytes]","args":[{"selector":{"id":"application-managesites-display-component---NewSite--addressDetailDetailsCity1","interaction":{"idSuffix":"inner"}},"wdio_ui5_key":"applicationmanagesites-display-component---NewSite--addressDetailDetailsCity1"}]}
RESULT: {"script":"<script> [1562 bytes]","args":[{"selector":{"id":"application-managesites-display-component---NewSite--addressDetailDetailsCity1","interaction":{"idSuffix":"inner"}},"wdio_ui5_key":"applicationmanagesites-display-component---NewSite--addressDetailDetailsCity1"}]}
RESULT: undefined
COMMAND: POST /session/1b6c7837aabde9e3293127df2ee335cc/execute/async - {"script":"<script> [776 bytes]","args":[{"enterText":"Bucharest","selector":{"id":"application-managesites-display-component---NewSite--addressDetailDetailsCity1","interaction":{"idSuffix":"inner"}},"clearTextFirst":true,"interactionType":"ENTER_TEXT"}]}
RESULT: {"script":"<script> [776 bytes]","args":[{"enterText":"Bucharest","selector":{"id":"application-managesites-display-component---NewSite--addressDetailDetailsCity1","interaction":{"idSuffix":"inner"}},"clearTextFirst":true,"interactionType":"ENTER_TEXT"}]}
COMMAND: POST /session/1b6c7837aabde9e3293127df2ee335cc/execute/async - {"script":"<script> [1562 bytes]","args":[{"selector":{"id":"application-managesites-display-component---NewSite--addressDetailDetailsCountry","interaction":{"idSuffix":"inner"}},"wdio_ui5_key":"applicationmanagesites-display-component---NewSite--addressDetailDetailsCountry"}]}
RESULT: {"script":"<script> [1562 bytes]","args":[{"selector":{"id":"application-managesites-display-component---NewSite--addressDetailDetailsCountry","interaction":{"idSuffix":"inner"}},"wdio_ui5_key":"applicationmanagesites-display-component---NewSite--addressDetailDetailsCountry"}]}
RESULT: undefined
COMMAND: POST /session/1b6c7837aabde9e3293127df2ee335cc/execute/async - {"script":"<script> [776 bytes]","args":[{"enterText":"Romania","selector":{"id":"application-managesites-display-component---NewSite--addressDetailDetailsCountry","interaction":{"idSuffix":"inner"}},"clearTextFirst":true,"interactionType":"ENTER_TEXT"}]}
RESULT: {"script":"<script> [776 bytes]","args":[{"enterText":"Romania","selector":{"id":"application-managesites-display-component---NewSite--addressDetailDetailsCountry","interaction":{"idSuffix":"inner"}},"clearTextFirst":true,"interactionType":"ENTER_TEXT"}]}
COMMAND: POST /session/1b6c7837aabde9e3293127df2ee335cc/execute/async - {"script":"<script> [1562 bytes]","args":[{"selector":{"id":"application-managesites-display-component---NewSite--addressDetailDetailsCalendar","interaction":{"idSuffix":"inner"}},"wdio_ui5_key":"applicationmanagesites-display-component---NewSite--addressDetailDetailsCalendar"}]}
RESULT: {"script":"<script> [1562 bytes]","args":[{"selector":{"id":"application-managesites-display-component---NewSite--addressDetailDetailsCalendar","interaction":{"idSuffix":"inner"}},"wdio_ui5_key":"applicationmanagesites-display-component---NewSite--addressDetailDetailsCalendar"}]}
RESULT: undefined
COMMAND: POST /session/1b6c7837aabde9e3293127df2ee335cc/execute/async - {"script":"<script> [776 bytes]","args":[{"enterText":"Germany","selector":{"id":"application-managesites-display-component---NewSite--addressDetailDetailsCalendar","interaction":{"idSuffix":"inner"}},"clearTextFirst":true,"interactionType":"ENTER_TEXT"}]}
RESULT: {"script":"<script> [776 bytes]","args":[{"enterText":"Germany","selector":{"id":"application-managesites-display-component---NewSite--addressDetailDetailsCalendar","interaction":{"idSuffix":"inner"}},"clearTextFirst":true,"interactionType":"ENTER_TEXT"}]}
COMMAND: POST /session/1b6c7837aabde9e3293127df2ee335cc/execute/async - {"script":"<script> [1562 bytes]","args":[{"selector":{"id":"application-managesites-display-component---NewSite--addressEditDetailsCostObjectCstType-arrow"},"wdio_ui5_key":"applicationmanagesites-display-component---NewSite--addressEditDetailsCostObjectCstType-arrow"}]}
RESULT: {"script":"<script> [1562 bytes]","args":[{"selector":{"id":"application-managesites-display-component---NewSite--addressEditDetailsCostObjectCstType-arrow"},"wdio_ui5_key":"applicationmanagesites-display-component---NewSite--addressEditDetailsCostObjectCstType-arrow"}]}
RESULT: undefined
COMMAND: POST /session/1b6c7837aabde9e3293127df2ee335cc/element - {"using":"xpath","value":"//*[@id=\"application-managesites-display-component---NewSite--addressEditDetailsCostObjectCstType-arrow\"]"}
RESULT: {"using":"xpath","value":"//*[@id=\"application-managesites-display-component---NewSite--addressEditDetailsCostObjectCstType-arrow\"]"}
COMMAND: POST /session/1b6c7837aabde9e3293127df2ee335cc/element/f.662FC9EC32089450E4582D1FE7DD78D5.d.888C77DCF9ED8E1646AAD3AF892FB4A6.e.5209/click - {}
RESULT: {}
COMMAND: POST /session/1b6c7837aabde9e3293127df2ee335cc/element - {"using":"xpath","value":"//span[contains(text(), \"Work Breakdown Structure\")]"}
COMMAND: GET /session/1b6c7837aabde9e3293127df2ee335cc/screenshot - {}
RESULT: {"using":"xpath","value":"//span[contains(text(), \"Work Breakdown Structure\")]"}
COMMAND: POST /session/1b6c7837aabde9e3293127df2ee335cc/element/f.662FC9EC32089450E4582D1FE7DD78D5.d.888C77DCF9ED8E1646AAD3AF892FB4A6.e.5210/click - {}
RESULT: {}
RESULT: {}
COMMAND: GET /session/1b6c7837aabde9e3293127df2ee335cc/screenshot - {}
RESULT: {}
COMMAND: POST /session/1b6c7837aabde9e3293127df2ee335cc/execute/async - {"script":"<script> [1562 bytes]","args":[{"selector":{"id":"application-managesites-display-component---NewSite--addressNewCostObjectCstID-vhi"},"wdio_ui5_key":"applicationmanagesites-display-component---NewSite--addressNewCostObjectCstID-vhi"}]}
RESULT: {"script":"<script> [1562 bytes]","args":[{"selector":{"id":"application-managesites-display-component---NewSite--addressNewCostObjectCstID-vhi"},"wdio_ui5_key":"applicationmanagesites-display-component---NewSite--addressNewCostObjectCstID-vhi"}]}
RESULT: undefined
COMMAND: POST /session/1b6c7837aabde9e3293127df2ee335cc/element - {"using":"xpath","value":"//*[@id=\"application-managesites-display-component---NewSite--addressNewCostObjectCstID-vhi\"]"}
RESULT: {"using":"xpath","value":"//*[@id=\"application-managesites-display-component---NewSite--addressNewCostObjectCstID-vhi\"]"}
COMMAND: POST /session/1b6c7837aabde9e3293127df2ee335cc/element/f.662FC9EC32089450E4582D1FE7DD78D5.d.888C77DCF9ED8E1646AAD3AF892FB4A6.e.5214/click - {}
RESULT: {}
COMMAND: GET /session/1b6c7837aabde9e3293127df2ee335cc/screenshot - {}
RESULT: {}
COMMAND: POST /session/1b6c7837aabde9e3293127df2ee335cc/execute/async - {"script":"<script> [1562 bytes]","args":[{"selector":{"controlType":"sap.m.SearchField","properties":{"placeholder":"Search"},"searchOpenDialogs":true,"interaction":{"idSuffix":"I"}},"wdio_ui5_key":"sapm.SearchField{\"placeholder\":\"Search\"}"}]}
RESULT: {"script":"<script> [1562 bytes]","args":[{"selector":{"controlType":"sap.m.SearchField","properties":{"placeholder":"Search"},"searchOpenDialogs":true,"interaction":{"idSuffix":"I"}},"wdio_ui5_key":"sapm.SearchField{\"placeholder\":\"Search\"}"}]}
RESULT: undefined
COMMAND: POST /session/1b6c7837aabde9e3293127df2ee335cc/execute/async - {"script":"<script> [776 bytes]","args":[{"enterText":"A1-000100-01","selector":{"controlType":"sap.m.SearchField","properties":{"placeholder":"Search"},"searchOpenDialogs":true,"interaction":{"idSuffix":"I"}},"clearTextFirst":true,"interactionType":"ENTER_TEXT"}]}
RESULT: {"script":"<script> [776 bytes]","args":[{"enterText":"A1-000100-01","selector":{"controlType":"sap.m.SearchField","properties":{"placeholder":"Search"},"searchOpenDialogs":true,"interaction":{"idSuffix":"I"}},"clearTextFirst":true,"interactionType":"ENTER_TEXT"}]}
COMMAND: POST /session/1b6c7837aabde9e3293127df2ee335cc/actions - {"actions":[{"id":"action8","type":"key","parameters":{},"actions":[{"type":"keyDown","value":"î€‡"},{"type":"pause","duration":10},{"type":"keyUp","value":"î€‡"}]}]}
RESULT: {"actions":[{"id":"action8","type":"key","parameters":{},"actions":[{"type":"keyDown","value":"î€‡"},{"type":"pause","duration":10},{"type":"keyUp","value":"î€‡"}]}]}
COMMAND: GET /session/1b6c7837aabde9e3293127df2ee335cc/screenshot - {}
RESULT: {}
COMMAND: POST /session/1b6c7837aabde9e3293127df2ee335cc/element - {"using":"xpath","value":"//span[contains(text(), \"Template for ETO-Process\")]"}
RESULT: {"using":"xpath","value":"//span[contains(text(), \"Template for ETO-Process\")]"}
COMMAND: POST /session/1b6c7837aabde9e3293127df2ee335cc/element/f.662FC9EC32089450E4582D1FE7DD78D5.d.888C77DCF9ED8E1646AAD3AF892FB4A6.e.5234/click - {}
RESULT: {}
COMMAND: GET /session/1b6c7837aabde9e3293127df2ee335cc/screenshot - {}
RESULT: {}
COMMAND: POST /session/1b6c7837aabde9e3293127df2ee335cc/element - {"using":"xpath","value":"//bdi[contains(text(), \"OK\")]"}
RESULT: {"using":"xpath","value":"//bdi[contains(text(), \"OK\")]"}
COMMAND: POST /session/1b6c7837aabde9e3293127df2ee335cc/element/f.662FC9EC32089450E4582D1FE7DD78D5.d.888C77DCF9ED8E1646AAD3AF892FB4A6.e.5235/click - {}
RESULT: {}
COMMAND: GET /session/1b6c7837aabde9e3293127df2ee335cc/screenshot - {}
RESULT: {}
COMMAND: POST /session/1b6c7837aabde9e3293127df2ee335cc/element - {"using":"xpath","value":"//input[@id=\"application-managesites-display-component---NewSite--addressDetailDetailsYard-inner\"]"}
RESULT: {"using":"xpath","value":"//input[@id=\"application-managesites-display-component---NewSite--addressDetailDetailsYard-inner\"]"}
COMMAND: POST /session/1b6c7837aabde9e3293127df2ee335cc/element/f.662FC9EC32089450E4582D1FE7DD78D5.d.888C77DCF9ED8E1646AAD3AF892FB4A6.e.5003/value - {"text":"489"}
RESULT: {"text":"489"}
COMMAND: GET /session/1b6c7837aabde9e3293127df2ee335cc/screenshot - {}
RESULT: {}
COMMAND: POST /session/1b6c7837aabde9e3293127df2ee335cc/actions - {"actions":[{"id":"action9","type":"key","parameters":{},"actions":[{"type":"keyDown","value":"î€‡"},{"type":"pause","duration":10},{"type":"keyUp","value":"î€‡"}]}]}
RESULT: {"actions":[{"id":"action9","type":"key","parameters":{},"actions":[{"type":"keyDown","value":"î€‡"},{"type":"pause","duration":10},{"type":"keyUp","value":"î€‡"}]}]}
COMMAND: GET /session/1b6c7837aabde9e3293127df2ee335cc/screenshot - {}
RESULT: {}
COMMAND: POST /session/1b6c7837aabde9e3293127df2ee335cc/element - {"using":"xpath","value":"//input[@id=\"application-managesites-display-component---NewSite--addressDetailDetailsPartner-inner\"]"}
RESULT: {"using":"xpath","value":"//input[@id=\"application-managesites-display-component---NewSite--addressDetailDetailsPartner-inner\"]"}
COMMAND: POST /session/1b6c7837aabde9e3293127df2ee335cc/elements - {"using":"xpath","value":"//input[@id=\"application-managesites-display-component---NewSite--addressDetailDetailsPartner-inner\"]"}
RESULT: {"using":"xpath","value":"//input[@id=\"application-managesites-display-component---NewSite--addressDetailDetailsPartner-inner\"]"}
COMMAND: POST /session/1b6c7837aabde9e3293127df2ee335cc/execute/async - {"script":"<script> [1562 bytes]","args":[{"selector":{"controlType":"sap.m.Button","viewName":"etm.portal.ui.managesites.view.NewSmartSite","viewId":"application-managesites-display-component---NewSite","properties":{"text":"Commercial"},"interaction":{"idSuffix":"BDI-content"}},"wdio_ui5_key":"etmportal.ui.managesites.view.NewSmartSitesap.m.Button{\"text\":\"Commercial\"}"}]}
RESULT: {"script":"<script> [1562 bytes]","args":[{"selector":{"controlType":"sap.m.Button","viewName":"etm.portal.ui.managesites.view.NewSmartSite","viewId":"application-managesites-display-component---NewSite","properties":{"text":"Commercial"},"interaction":{"idSuffix":"BDI-content"}},"wdio_ui5_key":"etmportal.ui.managesites.view.NewSmartSitesap.m.Button{\"text\":\"Commercial\"}"}]}
RESULT: undefined
COMMAND: POST /session/1b6c7837aabde9e3293127df2ee335cc/element - {"using":"xpath","value":"//*[@id=\"application-managesites-display-component---NewSite--ObjectPageLayout-anchBar-__section5-anchor\"]"}
RESULT: {"using":"xpath","value":"//*[@id=\"application-managesites-display-component---NewSite--ObjectPageLayout-anchBar-__section5-anchor\"]"}
COMMAND: POST /session/1b6c7837aabde9e3293127df2ee335cc/element/f.662FC9EC32089450E4582D1FE7DD78D5.d.888C77DCF9ED8E1646AAD3AF892FB4A6.e.5242/click - {}
RESULT: {}
COMMAND: POST /session/1b6c7837aabde9e3293127df2ee335cc/execute/async - {"script":"<script> [1562 bytes]","args":[{"selector":{"controlType":"sap.m.Button","viewName":"etm.portal.ui.managesites.view.NewSmartSite","viewId":"application-managesites-display-component---NewSite","i18NText":{"propertyName":"text","key":"save"},"interaction":{"idSuffix":"BDI-content"}},"wdio_ui5_key":"etmportal.ui.managesites.view.NewSmartSitesap.m.Button{\"propertyName\":\"text\",\"key\":\"save\"}"}]}
COMMAND: GET /session/1b6c7837aabde9e3293127df2ee335cc/screenshot - {}
RESULT: {"script":"<script> [1562 bytes]","args":[{"selector":{"controlType":"sap.m.Button","viewName":"etm.portal.ui.managesites.view.NewSmartSite","viewId":"application-managesites-display-component---NewSite","i18NText":{"propertyName":"text","key":"save"},"interaction":{"idSuffix":"BDI-content"}},"wdio_ui5_key":"etmportal.ui.managesites.view.NewSmartSitesap.m.Button{\"propertyName\":\"text\",\"key\":\"save\"}"}]}
RESULT: undefined
COMMAND: POST /session/1b6c7837aabde9e3293127df2ee335cc/element - {"using":"xpath","value":"//*[@id=\"__button16\"]"}
RESULT: {}
RESULT: {"using":"xpath","value":"//*[@id=\"__button16\"]"}
COMMAND: POST /session/1b6c7837aabde9e3293127df2ee335cc/element/f.662FC9EC32089450E4582D1FE7DD78D5.d.888C77DCF9ED8E1646AAD3AF892FB4A6.e.5141/click - {}
RESULT: {}
COMMAND: GET /session/1b6c7837aabde9e3293127df2ee335cc/screenshot - {}
RESULT: {}
COMMAND: POST /session/1b6c7837aabde9e3293127df2ee335cc/execute/async - {"script":"<script> [1562 bytes]","args":[{"selector":{"id":"application-managesites-display-component---detailSite--addressDetailDetailsYardText"},"wdio_ui5_key":"applicationmanagesites-display-component---detailSite--addressDetailDetailsYardText"}]}
RESULT: {"script":"<script> [1562 bytes]","args":[{"selector":{"id":"application-managesites-display-component---detailSite--addressDetailDetailsYardText"},"wdio_ui5_key":"applicationmanagesites-display-component---detailSite--addressDetailDetailsYardText"}]}
RESULT: undefined
COMMAND: POST /session/1b6c7837aabde9e3293127df2ee335cc/element - {"using":"xpath","value":"//header/div/div[2]/div[2]/span"}
RESULT: {"using":"xpath","value":"//header/div/div[2]/div[2]/span"}
COMMAND: GET /session/1b6c7837aabde9e3293127df2ee335cc/element/f.662FC9EC32089450E4582D1FE7DD78D5.d.888C77DCF9ED8E1646AAD3AF892FB4A6.e.5459/text - {}
RESULT: {}
COMMAND: POST /session/1b6c7837aabde9e3293127df2ee335cc/execute/async - {"script":"<script> [1562 bytes]","args":[{"selector":{"controlType":"sap.m.Label","viewName":"etm.portal.ui.managesites.view.Detail","viewId":"application-managesites-display-component---detailSite","i18NText":{"propertyName":"text","key":"status"}},"wdio_ui5_key":"etmportal.ui.managesites.view.Detailsap.m.Label{\"propertyName\":\"text\",\"key\":\"status\"}"}]}
RESULT: {"script":"<script> [1562 bytes]","args":[{"selector":{"controlType":"sap.m.Label","viewName":"etm.portal.ui.managesites.view.Detail","viewId":"application-managesites-display-component---detailSite","i18NText":{"propertyName":"text","key":"status"}},"wdio_ui5_key":"etmportal.ui.managesites.view.Detailsap.m.Label{\"propertyName\":\"text\",\"key\":\"status\"}"}]}
RESULT: undefined
COMMAND: POST /session/1b6c7837aabde9e3293127df2ee335cc/execute/async - {"script":"<script> [6424 bytes]","args":[{"element-6066-11e4-a52e-4f735466cecf":"f.662FC9EC32089450E4582D1FE7DD78D5.d.888C77DCF9ED8E1646AAD3AF892FB4A6.e.5444"},"getText",[]]}
RESULT: {"script":"<script> [6424 bytes]","args":[{"element-6066-11e4-a52e-4f735466cecf":"f.662FC9EC32089450E4582D1FE7DD78D5.d.888C77DCF9ED8E1646AAD3AF892FB4A6.e.5444"},"getText",[]]}
]]></system-out>
    </testcase>
    <testcase classname="chrome.136_0_7103_93.windows.Create_2_sites_US118246" name="Should create WHM site" time="55.472">
      <system-out><![CDATA[
RESULT: undefined
COMMAND: POST /session/1b6c7837aabde9e3293127df2ee335cc/element - {"using":"xpath","value":"//*[@id=\"__button4-img\"]"}
RESULT: {"using":"xpath","value":"//*[@id=\"__button4-img\"]"}
COMMAND: POST /session/1b6c7837aabde9e3293127df2ee335cc/element/f.662FC9EC32089450E4582D1FE7DD78D5.d.888C77DCF9ED8E1646AAD3AF892FB4A6.e.5460/click - {}
RESULT: {}
COMMAND: GET /session/1b6c7837aabde9e3293127df2ee335cc/screenshot - {}
RESULT: {}
RESULT: undefined
COMMAND: POST /session/1b6c7837aabde9e3293127df2ee335cc/execute/async - {"script":"<script> [1562 bytes]","args":[{"selector":{"controlType":"sap.m.Button","viewName":"etm.portal.ui.managesites.view.NewSmartSite","viewId":"application-managesites-display-component---NewSite","properties":{"text":"General Information"},"interaction":{"idSuffix":"BDI-content"}},"wdio_ui5_key":"etmportal.ui.managesites.view.NewSmartSitesap.m.Button{\"text\":\"General Information\"}"}]}
RESULT: {"script":"<script> [1562 bytes]","args":[{"selector":{"controlType":"sap.m.Button","viewName":"etm.portal.ui.managesites.view.NewSmartSite","viewId":"application-managesites-display-component---NewSite","properties":{"text":"General Information"},"interaction":{"idSuffix":"BDI-content"}},"wdio_ui5_key":"etmportal.ui.managesites.view.NewSmartSitesap.m.Button{\"text\":\"General Information\"}"}]}
RESULT: undefined
COMMAND: POST /session/1b6c7837aabde9e3293127df2ee335cc/element - {"using":"xpath","value":"//*[@id=\"application-managesites-display-component---NewSite--ObjectPageLayout-anchBar-__section3-anchor\"]"}
RESULT: {"using":"xpath","value":"//*[@id=\"application-managesites-display-component---NewSite--ObjectPageLayout-anchBar-__section3-anchor\"]"}
COMMAND: POST /session/1b6c7837aabde9e3293127df2ee335cc/element/f.662FC9EC32089450E4582D1FE7DD78D5.d.888C77DCF9ED8E1646AAD3AF892FB4A6.e.5639/click - {}
RESULT: {}
RESULT: undefined
COMMAND: POST /session/1b6c7837aabde9e3293127df2ee335cc/execute/async - {"script":"<script> [776 bytes]","args":[{"enterText":"Webdriver WHM Site ifyb3","selector":{"id":"application-managesites-display-component---NewSite--addressDetailDetailsName1","interaction":{"idSuffix":"inner"}},"clearTextFirst":true,"interactionType":"ENTER_TEXT"}]}
COMMAND: GET /session/1b6c7837aabde9e3293127df2ee335cc/screenshot - {}
RESULT: {"script":"<script> [776 bytes]","args":[{"enterText":"Webdriver WHM Site ifyb3","selector":{"id":"application-managesites-display-component---NewSite--addressDetailDetailsName1","interaction":{"idSuffix":"inner"}},"clearTextFirst":true,"interactionType":"ENTER_TEXT"}]}
RESULT: {}
RESULT: undefined
COMMAND: POST /session/1b6c7837aabde9e3293127df2ee335cc/execute/async - {"script":"<script> [776 bytes]","args":[{"enterText":"Romanian","selector":{"id":"application-managesites-display-component---NewSite--addressDetailDetailsLanguage","interaction":{"idSuffix":"inner"}},"clearTextFirst":true,"interactionType":"ENTER_TEXT"}]}
RESULT: {"script":"<script> [776 bytes]","args":[{"enterText":"Romanian","selector":{"id":"application-managesites-display-component---NewSite--addressDetailDetailsLanguage","interaction":{"idSuffix":"inner"}},"clearTextFirst":true,"interactionType":"ENTER_TEXT"}]}
COMMAND: POST /session/1b6c7837aabde9e3293127df2ee335cc/actions - {"actions":[{"id":"action10","type":"key","parameters":{},"actions":[{"type":"keyDown","value":"î€‡"},{"type":"pause","duration":10},{"type":"keyUp","value":"î€‡"}]}]}
RESULT: {"actions":[{"id":"action10","type":"key","parameters":{},"actions":[{"type":"keyDown","value":"î€‡"},{"type":"pause","duration":10},{"type":"keyUp","value":"î€‡"}]}]}
RESULT: undefined
COMMAND: POST /session/1b6c7837aabde9e3293127df2ee335cc/execute/async - {"script":"<script> [776 bytes]","args":[{"enterText":"Bucharest","selector":{"id":"application-managesites-display-component---NewSite--addressDetailDetailsCity1","interaction":{"idSuffix":"inner"}},"clearTextFirst":true,"interactionType":"ENTER_TEXT"}]}
COMMAND: GET /session/1b6c7837aabde9e3293127df2ee335cc/screenshot - {}
RESULT: {"script":"<script> [776 bytes]","args":[{"enterText":"Bucharest","selector":{"id":"application-managesites-display-component---NewSite--addressDetailDetailsCity1","interaction":{"idSuffix":"inner"}},"clearTextFirst":true,"interactionType":"ENTER_TEXT"}]}
RESULT: {}
COMMAND: POST /session/1b6c7837aabde9e3293127df2ee335cc/actions - {"actions":[{"id":"action11","type":"key","parameters":{},"actions":[{"type":"keyDown","value":"î€‡"},{"type":"pause","duration":10},{"type":"keyUp","value":"î€‡"}]}]}
RESULT: {"actions":[{"id":"action11","type":"key","parameters":{},"actions":[{"type":"keyDown","value":"î€‡"},{"type":"pause","duration":10},{"type":"keyUp","value":"î€‡"}]}]}
RESULT: undefined
COMMAND: POST /session/1b6c7837aabde9e3293127df2ee335cc/execute/async - {"script":"<script> [6424 bytes]","args":[{"element-6066-11e4-a52e-4f735466cecf":"f.662FC9EC32089450E4582D1FE7DD78D5.d.888C77DCF9ED8E1646AAD3AF892FB4A6.e.4992"},"setValue",["Romania"]]}
COMMAND: GET /session/1b6c7837aabde9e3293127df2ee335cc/screenshot - {}
COMMAND: POST /session/1b6c7837aabde9e3293127df2ee335cc/execute/async - {"script":"<script> [1562 bytes]","args":[{"selector":{"id":"application-managesites-display-component---NewSite--addressDetailDetailsCountry","interaction":{"idSuffix":"inner"}},"wdio_ui5_key":"applicationmanagesites-display-component---NewSite--addressDetailDetailsCountry"}]}
RESULT: {}
RESULT: {"script":"<script> [1562 bytes]","args":[{"selector":{"id":"application-managesites-display-component---NewSite--addressDetailDetailsCountry","interaction":{"idSuffix":"inner"}},"wdio_ui5_key":"applicationmanagesites-display-component---NewSite--addressDetailDetailsCountry"}]}
COMMAND: POST /session/1b6c7837aabde9e3293127df2ee335cc/execute/async - {"script":"<script> [6424 bytes]","args":[{"element-6066-11e4-a52e-4f735466cecf":"f.662FC9EC32089450E4582D1FE7DD78D5.d.888C77DCF9ED8E1646AAD3AF892FB4A6.e.5513"},"setValue",["Romania"]]}
RESULT: {"script":"<script> [6424 bytes]","args":[{"element-6066-11e4-a52e-4f735466cecf":"f.662FC9EC32089450E4582D1FE7DD78D5.d.888C77DCF9ED8E1646AAD3AF892FB4A6.e.5513"},"setValue",["Romania"]]}
COMMAND: POST /session/1b6c7837aabde9e3293127df2ee335cc/actions - {"actions":[{"id":"action12","type":"key","parameters":{},"actions":[{"type":"keyDown","value":"î€‡"},{"type":"pause","duration":10},{"type":"keyUp","value":"î€‡"}]}]}
RESULT: {"actions":[{"id":"action12","type":"key","parameters":{},"actions":[{"type":"keyDown","value":"î€‡"},{"type":"pause","duration":10},{"type":"keyUp","value":"î€‡"}]}]}
RESULT: undefined
COMMAND: POST /session/1b6c7837aabde9e3293127df2ee335cc/execute/async - {"script":"<script> [776 bytes]","args":[{"enterText":"Germany","selector":{"id":"application-managesites-display-component---NewSite--addressDetailDetailsCalendar","interaction":{"idSuffix":"inner"}},"clearTextFirst":true,"interactionType":"ENTER_TEXT"}]}
COMMAND: GET /session/1b6c7837aabde9e3293127df2ee335cc/screenshot - {}
RESULT: {"script":"<script> [776 bytes]","args":[{"enterText":"Germany","selector":{"id":"application-managesites-display-component---NewSite--addressDetailDetailsCalendar","interaction":{"idSuffix":"inner"}},"clearTextFirst":true,"interactionType":"ENTER_TEXT"}]}
RESULT: {}
COMMAND: POST /session/1b6c7837aabde9e3293127df2ee335cc/actions - {"actions":[{"id":"action13","type":"key","parameters":{},"actions":[{"type":"keyDown","value":"î€‡"},{"type":"pause","duration":10},{"type":"keyUp","value":"î€‡"}]}]}
RESULT: {"actions":[{"id":"action13","type":"key","parameters":{},"actions":[{"type":"keyDown","value":"î€‡"},{"type":"pause","duration":10},{"type":"keyUp","value":"î€‡"}]}]}
COMMAND: POST /session/1b6c7837aabde9e3293127df2ee335cc/execute/async - {"script":"<script> [1562 bytes]","args":[{"selector":{"id":"application-managesites-display-component---NewSite--addressEditDetailsCostObjectCstType","interaction":{"idSuffix":"inner"}},"wdio_ui5_key":"applicationmanagesites-display-component---NewSite--addressEditDetailsCostObjectCstType"}]}
COMMAND: GET /session/1b6c7837aabde9e3293127df2ee335cc/screenshot - {}
RESULT: {"script":"<script> [1562 bytes]","args":[{"selector":{"id":"application-managesites-display-component---NewSite--addressEditDetailsCostObjectCstType","interaction":{"idSuffix":"inner"}},"wdio_ui5_key":"applicationmanagesites-display-component---NewSite--addressEditDetailsCostObjectCstType"}]}
RESULT: undefined
COMMAND: POST /session/1b6c7837aabde9e3293127df2ee335cc/execute/async - {"script":"<script> [776 bytes]","args":[{"enterText":"Cost","selector":{"id":"application-managesites-display-component---NewSite--addressEditDetailsCostObjectCstType","interaction":{"idSuffix":"inner"}},"clearTextFirst":true,"interactionType":"ENTER_TEXT"}]}
RESULT: {}
RESULT: {"script":"<script> [776 bytes]","args":[{"enterText":"Cost","selector":{"id":"application-managesites-display-component---NewSite--addressEditDetailsCostObjectCstType","interaction":{"idSuffix":"inner"}},"clearTextFirst":true,"interactionType":"ENTER_TEXT"}]}
COMMAND: POST /session/1b6c7837aabde9e3293127df2ee335cc/actions - {"actions":[{"id":"action14","type":"key","parameters":{},"actions":[{"type":"keyDown","value":"î€‡"},{"type":"pause","duration":10},{"type":"keyUp","value":"î€‡"}]}]}
RESULT: {"actions":[{"id":"action14","type":"key","parameters":{},"actions":[{"type":"keyDown","value":"î€‡"},{"type":"pause","duration":10},{"type":"keyUp","value":"î€‡"}]}]}
COMMAND: POST /session/1b6c7837aabde9e3293127df2ee335cc/execute/async - {"script":"<script> [1562 bytes]","args":[{"selector":{"id":"application-managesites-display-component---NewSite--addressNewCostObjectCstID","interaction":{"idSuffix":"inner"}},"wdio_ui5_key":"applicationmanagesites-display-component---NewSite--addressNewCostObjectCstID"}]}
COMMAND: GET /session/1b6c7837aabde9e3293127df2ee335cc/screenshot - {}
RESULT: {"script":"<script> [1562 bytes]","args":[{"selector":{"id":"application-managesites-display-component---NewSite--addressNewCostObjectCstID","interaction":{"idSuffix":"inner"}},"wdio_ui5_key":"applicationmanagesites-display-component---NewSite--addressNewCostObjectCstID"}]}
RESULT: undefined
COMMAND: POST /session/1b6c7837aabde9e3293127df2ee335cc/execute/async - {"script":"<script> [776 bytes]","args":[{"enterText":"1001","selector":{"id":"application-managesites-display-component---NewSite--addressNewCostObjectCstID","interaction":{"idSuffix":"inner"}},"clearTextFirst":true,"interactionType":"ENTER_TEXT"}]}
RESULT: {}
RESULT: {"script":"<script> [776 bytes]","args":[{"enterText":"1001","selector":{"id":"application-managesites-display-component---NewSite--addressNewCostObjectCstID","interaction":{"idSuffix":"inner"}},"clearTextFirst":true,"interactionType":"ENTER_TEXT"}]}
COMMAND: POST /session/1b6c7837aabde9e3293127df2ee335cc/actions - {"actions":[{"id":"action15","type":"key","parameters":{},"actions":[{"type":"keyDown","value":"î€‡"},{"type":"pause","duration":10},{"type":"keyUp","value":"î€‡"}]}]}
RESULT: {"actions":[{"id":"action15","type":"key","parameters":{},"actions":[{"type":"keyDown","value":"î€‡"},{"type":"pause","duration":10},{"type":"keyUp","value":"î€‡"}]}]}
COMMAND: POST /session/1b6c7837aabde9e3293127df2ee335cc/element - {"using":"xpath","value":"//input[@id=\"application-managesites-display-component---NewSite--addressDetailDetailsYard-inner\"]"}
COMMAND: GET /session/1b6c7837aabde9e3293127df2ee335cc/screenshot - {}
RESULT: {"using":"xpath","value":"//input[@id=\"application-managesites-display-component---NewSite--addressDetailDetailsYard-inner\"]"}
COMMAND: POST /session/1b6c7837aabde9e3293127df2ee335cc/element/f.662FC9EC32089450E4582D1FE7DD78D5.d.888C77DCF9ED8E1646AAD3AF892FB4A6.e.5524/value - {"text":"490"}
RESULT: {}
RESULT: {"text":"490"}
COMMAND: GET /session/1b6c7837aabde9e3293127df2ee335cc/screenshot - {}
RESULT: {}
COMMAND: POST /session/1b6c7837aabde9e3293127df2ee335cc/actions - {"actions":[{"id":"action16","type":"key","parameters":{},"actions":[{"type":"keyDown","value":"î€‡"},{"type":"pause","duration":10},{"type":"keyUp","value":"î€‡"}]}]}
RESULT: {"actions":[{"id":"action16","type":"key","parameters":{},"actions":[{"type":"keyDown","value":"î€‡"},{"type":"pause","duration":10},{"type":"keyUp","value":"î€‡"}]}]}
COMMAND: GET /session/1b6c7837aabde9e3293127df2ee335cc/screenshot - {}
RESULT: {}
COMMAND: POST /session/1b6c7837aabde9e3293127df2ee335cc/element - {"using":"xpath","value":"//input[@id=\"application-managesites-display-component---NewSite--addressDetailDetailsPartner-inner\"]"}
RESULT: {"using":"xpath","value":"//input[@id=\"application-managesites-display-component---NewSite--addressDetailDetailsPartner-inner\"]"}
COMMAND: POST /session/1b6c7837aabde9e3293127df2ee335cc/elements - {"using":"xpath","value":"//input[@id=\"application-managesites-display-component---NewSite--addressDetailDetailsPartner-inner\"]"}
RESULT: {"using":"xpath","value":"//input[@id=\"application-managesites-display-component---NewSite--addressDetailDetailsPartner-inner\"]"}
RESULT: undefined
COMMAND: POST /session/1b6c7837aabde9e3293127df2ee335cc/element - {"using":"xpath","value":"//*[@id=\"application-managesites-display-component---NewSite--ObjectPageLayout-anchBar-__section5-anchor\"]"}
RESULT: {"using":"xpath","value":"//*[@id=\"application-managesites-display-component---NewSite--ObjectPageLayout-anchBar-__section5-anchor\"]"}
COMMAND: POST /session/1b6c7837aabde9e3293127df2ee335cc/element/f.662FC9EC32089450E4582D1FE7DD78D5.d.888C77DCF9ED8E1646AAD3AF892FB4A6.e.5647/click - {}
RESULT: {}
COMMAND: POST /session/1b6c7837aabde9e3293127df2ee335cc/execute/async - {"script":"<script> [1562 bytes]","args":[{"selector":{"id":"application-managesites-display-component---NewSite--siteWhmCheckBox-label","interaction":{"idSuffix":"bdi"}},"wdio_ui5_key":"applicationmanagesites-display-component---NewSite--siteWhmCheckBox-label"}]}
COMMAND: GET /session/1b6c7837aabde9e3293127df2ee335cc/screenshot - {}
RESULT: {"script":"<script> [1562 bytes]","args":[{"selector":{"id":"application-managesites-display-component---NewSite--siteWhmCheckBox-label","interaction":{"idSuffix":"bdi"}},"wdio_ui5_key":"applicationmanagesites-display-component---NewSite--siteWhmCheckBox-label"}]}
RESULT: undefined
COMMAND: POST /session/1b6c7837aabde9e3293127df2ee335cc/element - {"using":"xpath","value":"//*[@id=\"application-managesites-display-component---NewSite--siteWhmCheckBox-label\"]"}
RESULT: {}
RESULT: {"using":"xpath","value":"//*[@id=\"application-managesites-display-component---NewSite--siteWhmCheckBox-label\"]"}
COMMAND: POST /session/1b6c7837aabde9e3293127df2ee335cc/element/f.662FC9EC32089450E4582D1FE7DD78D5.d.888C77DCF9ED8E1646AAD3AF892FB4A6.e.5650/click - {}
RESULT: {}
RESULT: undefined
COMMAND: POST /session/1b6c7837aabde9e3293127df2ee335cc/element - {"using":"xpath","value":"//*[@id=\"__button16\"]"}
COMMAND: GET /session/1b6c7837aabde9e3293127df2ee335cc/screenshot - {}
RESULT: {"using":"xpath","value":"//*[@id=\"__button16\"]"}
COMMAND: POST /session/1b6c7837aabde9e3293127df2ee335cc/element/f.662FC9EC32089450E4582D1FE7DD78D5.d.888C77DCF9ED8E1646AAD3AF892FB4A6.e.5651/click - {}
RESULT: {}
RESULT: {}
COMMAND: GET /session/1b6c7837aabde9e3293127df2ee335cc/screenshot - {}
RESULT: {}
COMMAND: POST /session/1b6c7837aabde9e3293127df2ee335cc/element - {"using":"xpath","value":"//header/div/div[2]/div[2]/span"}
RESULT: {"using":"xpath","value":"//header/div/div[2]/div[2]/span"}
COMMAND: GET /session/1b6c7837aabde9e3293127df2ee335cc/element/f.662FC9EC32089450E4582D1FE7DD78D5.d.888C77DCF9ED8E1646AAD3AF892FB4A6.e.5850/text - {}
RESULT: {}
RESULT: undefined
RESULT: undefined
COMMAND: POST /session/1b6c7837aabde9e3293127df2ee335cc/execute/async - {"script":"<script> [6424 bytes]","args":[{"element-6066-11e4-a52e-4f735466cecf":"f.662FC9EC32089450E4582D1FE7DD78D5.d.888C77DCF9ED8E1646AAD3AF892FB4A6.e.5444"},"getText",[]]}
COMMAND: POST /session/1b6c7837aabde9e3293127df2ee335cc/execute/async - {"script":"<script> [1562 bytes]","args":[{"selector":{"controlType":"sap.m.Label","viewName":"etm.portal.ui.managesites.view.Detail","viewId":"application-managesites-display-component---detailSite","i18NText":{"propertyName":"text","key":"status"}},"wdio_ui5_key":"etmportal.ui.managesites.view.Detailsap.m.Label{\"propertyName\":\"text\",\"key\":\"status\"}"}]}
RESULT: {"script":"<script> [1562 bytes]","args":[{"selector":{"controlType":"sap.m.Label","viewName":"etm.portal.ui.managesites.view.Detail","viewId":"application-managesites-display-component---detailSite","i18NText":{"propertyName":"text","key":"status"}},"wdio_ui5_key":"etmportal.ui.managesites.view.Detailsap.m.Label{\"propertyName\":\"text\",\"key\":\"status\"}"}]}
COMMAND: POST /session/1b6c7837aabde9e3293127df2ee335cc/execute/async - {"script":"<script> [6424 bytes]","args":[{"element-6066-11e4-a52e-4f735466cecf":"f.662FC9EC32089450E4582D1FE7DD78D5.d.888C77DCF9ED8E1646AAD3AF892FB4A6.e.5842"},"getText",[]]}
RESULT: {"script":"<script> [6424 bytes]","args":[{"element-6066-11e4-a52e-4f735466cecf":"f.662FC9EC32089450E4582D1FE7DD78D5.d.888C77DCF9ED8E1646AAD3AF892FB4A6.e.5842"},"getText",[]]}
COMMAND: POST /session/1b6c7837aabde9e3293127df2ee335cc/execute/async - {"script":"<script> [1562 bytes]","args":[{"selector":{"id":"shell-header","interaction":{"idSuffix":"icon"}},"wdio_ui5_key":"shellheader"}]}
RESULT: {"script":"<script> [1562 bytes]","args":[{"selector":{"id":"shell-header","interaction":{"idSuffix":"icon"}},"wdio_ui5_key":"shellheader"}]}
RESULT: undefined
COMMAND: POST /session/1b6c7837aabde9e3293127df2ee335cc/element - {"using":"xpath","value":"//*[@id=\"shell-header\"]"}
RESULT: {"using":"xpath","value":"//*[@id=\"shell-header\"]"}
COMMAND: POST /session/1b6c7837aabde9e3293127df2ee335cc/element/f.662FC9EC32089450E4582D1FE7DD78D5.d.888C77DCF9ED8E1646AAD3AF892FB4A6.e.5857/click - {}
RESULT: {}
COMMAND: POST /session/1b6c7837aabde9e3293127df2ee335cc/refresh - {}
COMMAND: GET /session/1b6c7837aabde9e3293127df2ee335cc/screenshot - {}
RESULT: {}
COMMAND: GET /session/1b6c7837aabde9e3293127df2ee335cc/screenshot - {}
RESULT: {}
RESULT: {}
COMMAND: POST /session/1b6c7837aabde9e3293127df2ee335cc/refresh - {}
RESULT: {}
COMMAND: GET /session/1b6c7837aabde9e3293127df2ee335cc/screenshot - {}
RESULT: {}
COMMAND: POST /session/1b6c7837aabde9e3293127df2ee335cc/window/fullscreen - {}
RESULT: {}
COMMAND: POST /session/1b6c7837aabde9e3293127df2ee335cc/execute/async - {"script":"<script> [189 bytes]","args":[]}
RESULT: {"script":"<script> [189 bytes]","args":[]}
COMMAND: POST /session/1b6c7837aabde9e3293127df2ee335cc/execute/async - {"script":"<script> [123 bytes]","args":[]}
RESULT: {"script":"<script> [123 bytes]","args":[]}
COMMAND: POST /session/1b6c7837aabde9e3293127df2ee335cc/timeouts - {"script":"<number>"}
RESULT: {"script":"<number>"}
COMMAND: GET /session/1b6c7837aabde9e3293127df2ee335cc/timeouts - {}
RESULT: {}
RESULT: undefined
COMMAND: POST /session/1b6c7837aabde9e3293127df2ee335cc/execute/async - {"script":"<script> [2676 bytes]","args":[]}
RESULT: {"script":"<script> [2676 bytes]","args":[]}
COMMAND: POST /session/1b6c7837aabde9e3293127df2ee335cc/execute/async - {"script":"<script> [2342 bytes]","args":[{"protocol":"http","hostname":"0.0.0.0","path":"/","capabilities":{"browserName":"chrome","goog:chromeOptions":{"binary":"C:\\Program Files\\Google\\Chrome\\Application\\chrome.exe","args":["--start-maximized"]}},"logLevel":"warn","connectionRetryTimeout":120000,"connectionRetryCount":3,"logLevels":{},"enableDirectConnect":true,"strictSSL":true,"_":"65 more keys: [\"cacheDir\",\"port\",\"requestedCapabilities\",\"automationProtocol\",\"baseUrl\",\"waitforInterval\",\"waitforTimeout\",\"onReload\",\"beforeCommand\",\"afterCommand\",\"rootDir\",\"specs\",\"suites\",\"exclude\",\"groupLogsByTestSpec\",\"excludeDriverLogs\",\"bail\",\"framework\",\"reporters\",\"services\",\"maxInstances\",\"maxInstancesPerCapability\",\"injectGlobals\",\"filesToWatch\",\"execArgv\",\"runnerEnv\",\"runner\",\"shard\",\"specFileRetries\",\"specFileRetriesDelay\",\"specFileRetriesDeferred\",\"reporterSyncInterval\",\"reporterSyncTimeout\",\"cucumberFeaturesWithLineNumbers\",\"autoCompileOpts\",\"mochaOpts\",\"jasmineOpts\",\"cucumberOpts\",\"onPrepare\",\"onWorkerStart\",\"onWorkerEnd\",\"before\",\"beforeSession\",\"beforeSuite\",\"beforeHook\",\"beforeTest\",\"afterTest\",\"afterHook\",\"afterSuite\",\"afterSession\",\"after\",\"onComplete\",\"beforeAssertion\",\"afterAssertion\",\"beforeFeature\",\"beforeScenario\",\"beforeStep\",\"afterStep\",\"afterScenario\",\"afterFeature\",\"_\",\"suite\",\"$0\",\"ignoredWorkerServices\",\"wdi5\"]"}]}
RESULT: {"script":"<script> [2342 bytes]","args":[{"protocol":"http","hostname":"0.0.0.0","path":"/","capabilities":{"browserName":"chrome","goog:chromeOptions":{"binary":"C:\\Program Files\\Google\\Chrome\\Application\\chrome.exe","args":["--start-maximized"]}},"logLevel":"warn","connectionRetryTimeout":120000,"connectionRetryCount":3,"logLevels":{},"enableDirectConnect":true,"strictSSL":true,"_":"65 more keys: [\"cacheDir\",\"port\",\"requestedCapabilities\",\"automationProtocol\",\"baseUrl\",\"waitforInterval\",\"waitforTimeout\",\"onReload\",\"beforeCommand\",\"afterCommand\",\"rootDir\",\"specs\",\"suites\",\"exclude\",\"groupLogsByTestSpec\",\"excludeDriverLogs\",\"bail\",\"framework\",\"reporters\",\"services\",\"maxInstances\",\"maxInstancesPerCapability\",\"injectGlobals\",\"filesToWatch\",\"execArgv\",\"runnerEnv\",\"runner\",\"shard\",\"specFileRetries\",\"specFileRetriesDelay\",\"specFileRetriesDeferred\",\"reporterSyncInterval\",\"reporterSyncTimeout\",\"cucumberFeaturesWithLineNumbers\",\"autoCompileOpts\",\"mochaOpts\",\"jasmineOpts\",\"cucumberOpts\",\"onPrepare\",\"onWorkerStart\",\"onWorkerEnd\",\"before\",\"beforeSession\",\"beforeSuite\",\"beforeHook\",\"beforeTest\",\"afterTest\",\"afterHook\",\"afterSuite\",\"afterSession\",\"after\",\"onComplete\",\"beforeAssertion\",\"afterAssertion\",\"beforeFeature\",\"beforeScenario\",\"beforeStep\",\"afterStep\",\"afterScenario\",\"afterFeature\",\"_\",\"suite\",\"$0\",\"ignoredWorkerServices\",\"wdi5\"]"}]}
COMMAND: POST /session/1b6c7837aabde9e3293127df2ee335cc/execute/async - {"script":"<script> [21126 bytes]","args":[35000]}
RESULT: {"script":"<script> [21126 bytes]","args":[35000]}
COMMAND: POST /session/1b6c7837aabde9e3293127df2ee335cc/element - {"using":"css selector","value":"#j_username"}
COMMAND: POST /session/1b6c7837aabde9e3293127df2ee335cc/url - {"url":"https://qa-testing-00-live-etm-ui.cfapps.eu10-004.hana.ondemand.com/"}
RESULT: {"url":"https://qa-testing-00-live-etm-ui.cfapps.eu10-004.hana.ondemand.com/"}
RESULT: undefined
COMMAND: GET /session/1b6c7837aabde9e3293127df2ee335cc/screenshot - {}
RESULT: {"using":"css selector","value":"#j_username"}
COMMAND: POST /session/1b6c7837aabde9e3293127df2ee335cc/element - {"using":"css selector","value":"#j_username"}
RESULT: {}
RESULT: {"using":"css selector","value":"#j_username"}
COMMAND: POST /session/1b6c7837aabde9e3293127df2ee335cc/element - {"using":"css selector","value":"#shell-header-logo"}
RESULT: {"using":"css selector","value":"#shell-header-logo"}
COMMAND: POST /session/1b6c7837aabde9e3293127df2ee335cc/execute/sync - {"script":"<script> [8489 bytes]","args":[{"element-6066-11e4-a52e-4f735466cecf":"f.662FC9EC32089450E4582D1FE7DD78D5.d.02CA1E2087F59CFAA25E7A1EC34E3999.e.6118","ELEMENT":"f.662FC9EC32089450E4582D1FE7DD78D5.d.02CA1E2087F59CFAA25E7A1EC34E3999.e.6118"}]}
RESULT: {"script":"<script> [8489 bytes]","args":[{"element-6066-11e4-a52e-4f735466cecf":"f.662FC9EC32089450E4582D1FE7DD78D5.d.02CA1E2087F59CFAA25E7A1EC34E3999.e.6118","ELEMENT":"f.662FC9EC32089450E4582D1FE7DD78D5.d.02CA1E2087F59CFAA25E7A1EC34E3999.e.6118"}]}
COMMAND: POST /session/1b6c7837aabde9e3293127df2ee335cc/element - {"using":"css selector","value":"#shell-header-logo"}
COMMAND: GET /session/1b6c7837aabde9e3293127df2ee335cc/screenshot - {}
RESULT: {"using":"css selector","value":"#shell-header-logo"}
COMMAND: POST /session/1b6c7837aabde9e3293127df2ee335cc/execute/sync - {"script":"<script> [8489 bytes]","args":[{"element-6066-11e4-a52e-4f735466cecf":"f.662FC9EC32089450E4582D1FE7DD78D5.d.02CA1E2087F59CFAA25E7A1EC34E3999.e.6118","ELEMENT":"f.662FC9EC32089450E4582D1FE7DD78D5.d.02CA1E2087F59CFAA25E7A1EC34E3999.e.6118"}]}
RESULT: {}
RESULT: {"script":"<script> [8489 bytes]","args":[{"element-6066-11e4-a52e-4f735466cecf":"f.662FC9EC32089450E4582D1FE7DD78D5.d.02CA1E2087F59CFAA25E7A1EC34E3999.e.6118","ELEMENT":"f.662FC9EC32089450E4582D1FE7DD78D5.d.02CA1E2087F59CFAA25E7A1EC34E3999.e.6118"}]}
COMMAND: POST /session/1b6c7837aabde9e3293127df2ee335cc/execute/sync - {"script":"<script> [5351 bytes]","args":[{"element-6066-11e4-a52e-4f735466cecf":"f.662FC9EC32089450E4582D1FE7DD78D5.d.02CA1E2087F59CFAA25E7A1EC34E3999.e.6118","ELEMENT":"f.662FC9EC32089450E4582D1FE7DD78D5.d.02CA1E2087F59CFAA25E7A1EC34E3999.e.6118"}]}
COMMAND: GET /session/1b6c7837aabde9e3293127df2ee335cc/screenshot - {}
RESULT: {"script":"<script> [5351 bytes]","args":[{"element-6066-11e4-a52e-4f735466cecf":"f.662FC9EC32089450E4582D1FE7DD78D5.d.02CA1E2087F59CFAA25E7A1EC34E3999.e.6118","ELEMENT":"f.662FC9EC32089450E4582D1FE7DD78D5.d.02CA1E2087F59CFAA25E7A1EC34E3999.e.6118"}]}
COMMAND: POST /session/1b6c7837aabde9e3293127df2ee335cc/element - {"using":"css selector","value":"#shell-header-logo"}
COMMAND: GET /session/1b6c7837aabde9e3293127df2ee335cc/screenshot - {}
RESULT: {}
RESULT: {"using":"css selector","value":"#shell-header-logo"}
COMMAND: POST /session/1b6c7837aabde9e3293127df2ee335cc/element/f.662FC9EC32089450E4582D1FE7DD78D5.d.02CA1E2087F59CFAA25E7A1EC34E3999.e.6118/click - {}
RESULT: {}
RESULT: {}
COMMAND: GET /session/1b6c7837aabde9e3293127df2ee335cc/screenshot - {}
RESULT: {}
COMMAND: POST /session/1b6c7837aabde9e3293127df2ee335cc/execute/async - {"script":"<script> [189 bytes]","args":[]}
RESULT: {"script":"<script> [189 bytes]","args":[]}
COMMAND: POST /session/1b6c7837aabde9e3293127df2ee335cc/execute/async - {"script":"<script> [123 bytes]","args":[]}
RESULT: {"script":"<script> [123 bytes]","args":[]}
COMMAND: POST /session/1b6c7837aabde9e3293127df2ee335cc/timeouts - {"script":"<number>"}
RESULT: {"script":"<number>"}
COMMAND: GET /session/1b6c7837aabde9e3293127df2ee335cc/timeouts - {}
RESULT: {}
RESULT: undefined
COMMAND: POST /session/1b6c7837aabde9e3293127df2ee335cc/execute/async - {"script":"<script> [2676 bytes]","args":[]}
RESULT: {"script":"<script> [2676 bytes]","args":[]}
COMMAND: POST /session/1b6c7837aabde9e3293127df2ee335cc/execute/async - {"script":"<script> [2342 bytes]","args":[{"protocol":"http","hostname":"0.0.0.0","path":"/","capabilities":{"browserName":"chrome","goog:chromeOptions":{"binary":"C:\\Program Files\\Google\\Chrome\\Application\\chrome.exe","args":["--start-maximized"]}},"logLevel":"warn","connectionRetryTimeout":120000,"connectionRetryCount":3,"logLevels":{},"enableDirectConnect":true,"strictSSL":true,"_":"65 more keys: [\"cacheDir\",\"port\",\"requestedCapabilities\",\"automationProtocol\",\"baseUrl\",\"waitforInterval\",\"waitforTimeout\",\"onReload\",\"beforeCommand\",\"afterCommand\",\"rootDir\",\"specs\",\"suites\",\"exclude\",\"groupLogsByTestSpec\",\"excludeDriverLogs\",\"bail\",\"framework\",\"reporters\",\"services\",\"maxInstances\",\"maxInstancesPerCapability\",\"injectGlobals\",\"filesToWatch\",\"execArgv\",\"runnerEnv\",\"runner\",\"shard\",\"specFileRetries\",\"specFileRetriesDelay\",\"specFileRetriesDeferred\",\"reporterSyncInterval\",\"reporterSyncTimeout\",\"cucumberFeaturesWithLineNumbers\",\"autoCompileOpts\",\"mochaOpts\",\"jasmineOpts\",\"cucumberOpts\",\"onPrepare\",\"onWorkerStart\",\"onWorkerEnd\",\"before\",\"beforeSession\",\"beforeSuite\",\"beforeHook\",\"beforeTest\",\"afterTest\",\"afterHook\",\"afterSuite\",\"afterSession\",\"after\",\"onComplete\",\"beforeAssertion\",\"afterAssertion\",\"beforeFeature\",\"beforeScenario\",\"beforeStep\",\"afterStep\",\"afterScenario\",\"afterFeature\",\"_\",\"suite\",\"$0\",\"ignoredWorkerServices\",\"wdi5\"]"}]}
RESULT: {"script":"<script> [2342 bytes]","args":[{"protocol":"http","hostname":"0.0.0.0","path":"/","capabilities":{"browserName":"chrome","goog:chromeOptions":{"binary":"C:\\Program Files\\Google\\Chrome\\Application\\chrome.exe","args":["--start-maximized"]}},"logLevel":"warn","connectionRetryTimeout":120000,"connectionRetryCount":3,"logLevels":{},"enableDirectConnect":true,"strictSSL":true,"_":"65 more keys: [\"cacheDir\",\"port\",\"requestedCapabilities\",\"automationProtocol\",\"baseUrl\",\"waitforInterval\",\"waitforTimeout\",\"onReload\",\"beforeCommand\",\"afterCommand\",\"rootDir\",\"specs\",\"suites\",\"exclude\",\"groupLogsByTestSpec\",\"excludeDriverLogs\",\"bail\",\"framework\",\"reporters\",\"services\",\"maxInstances\",\"maxInstancesPerCapability\",\"injectGlobals\",\"filesToWatch\",\"execArgv\",\"runnerEnv\",\"runner\",\"shard\",\"specFileRetries\",\"specFileRetriesDelay\",\"specFileRetriesDeferred\",\"reporterSyncInterval\",\"reporterSyncTimeout\",\"cucumberFeaturesWithLineNumbers\",\"autoCompileOpts\",\"mochaOpts\",\"jasmineOpts\",\"cucumberOpts\",\"onPrepare\",\"onWorkerStart\",\"onWorkerEnd\",\"before\",\"beforeSession\",\"beforeSuite\",\"beforeHook\",\"beforeTest\",\"afterTest\",\"afterHook\",\"afterSuite\",\"afterSession\",\"after\",\"onComplete\",\"beforeAssertion\",\"afterAssertion\",\"beforeFeature\",\"beforeScenario\",\"beforeStep\",\"afterStep\",\"afterScenario\",\"afterFeature\",\"_\",\"suite\",\"$0\",\"ignoredWorkerServices\",\"wdi5\"]"}]}
COMMAND: POST /session/1b6c7837aabde9e3293127df2ee335cc/execute/async - {"script":"<script> [21126 bytes]","args":[35000]}
RESULT: {"script":"<script> [21126 bytes]","args":[35000]}
COMMAND: POST /session/1b6c7837aabde9e3293127df2ee335cc/window/maximize - {}
RESULT: {}
COMMAND: POST /session/1b6c7837aabde9e3293127df2ee335cc/execute/async - {"script":"<script> [1562 bytes]","args":[{"selector":{"id":"shell-header","interaction":{"idSuffix":"icon"}},"wdio_ui5_key":"shellheader"}]}
COMMAND: GET /session/1b6c7837aabde9e3293127df2ee335cc/screenshot - {}
RESULT: {"script":"<script> [1562 bytes]","args":[{"selector":{"id":"shell-header","interaction":{"idSuffix":"icon"}},"wdio_ui5_key":"shellheader"}]}
RESULT: undefined
RESULT: {}
COMMAND: POST /session/1b6c7837aabde9e3293127df2ee335cc/execute/async - {"script":"<script> [1562 bytes]","args":[{"selector":{"controlType":"sap.m.Title","i18NText":{"propertyName":"text","key":"dataCollectionAgreement"},"searchOpenDialogs":true},"wdio_ui5_key":"sapm.Title{\"propertyName\":\"text\",\"key\":\"dataCollectionAgreement\"}"}]}
RESULT: {"script":"<script> [1562 bytes]","args":[{"selector":{"controlType":"sap.m.Title","i18NText":{"propertyName":"text","key":"dataCollectionAgreement"},"searchOpenDialogs":true},"wdio_ui5_key":"sapm.Title{\"propertyName\":\"text\",\"key\":\"dataCollectionAgreement\"}"}]}
RESULT: undefined
COMMAND: POST /session/1b6c7837aabde9e3293127df2ee335cc/execute/async - {"script":"<script> [1562 bytes]","args":[{"selector":{"controlType":"sap.m.GenericTile","properties":{"header":"Manage Resources"}},"wdio_ui5_key":"sapm.GenericTile{\"header\":\"Manage Resources\"}"}]}
RESULT: {"script":"<script> [1562 bytes]","args":[{"selector":{"controlType":"sap.m.GenericTile","properties":{"header":"Manage Resources"}},"wdio_ui5_key":"sapm.GenericTile{\"header\":\"Manage Resources\"}"}]}
RESULT: undefined
COMMAND: POST /session/1b6c7837aabde9e3293127df2ee335cc/element - {"using":"xpath","value":"//*[@id=\"__tile31\"]"}
RESULT: {"using":"xpath","value":"//*[@id=\"__tile31\"]"}
COMMAND: POST /session/1b6c7837aabde9e3293127df2ee335cc/element/f.662FC9EC32089450E4582D1FE7DD78D5.d.02CA1E2087F59CFAA25E7A1EC34E3999.e.6150/click - {}
RESULT: {}
COMMAND: GET /session/1b6c7837aabde9e3293127df2ee335cc/screenshot - {}
RESULT: {}
COMMAND: POST /session/1b6c7837aabde9e3293127df2ee335cc/elements - {"using":"xpath","value":"//span[text()='Error']"}
RESULT: {"using":"xpath","value":"//span[text()='Error']"}
]]></system-out>
    </testcase>
  </testsuite>
  <testsuite timestamp="2025-05-17T15:31:02" time="531.122" tests="2" failures="0" errors="0" skipped="0">
    <properties>
      <property name="specId" value="0" />
      <property name="suiteName" value="Create 2 RU material US118246" />
      <property name="capabilities" value="chrome.136_0_7103_93.windows" />
      <property name="file" value="file:///D:/a/1/s/test/specs/R2C/create-material.spec.js" />
    </properties>
    <testcase classname="chrome.136_0_7103_93.windows.Create_2_RU_material_US118246" name="Create material" time="249.04">
      <system-out><![CDATA[
COMMAND: POST /session/1b6c7837aabde9e3293127df2ee335cc/element - {"using":"xpath","value":"//button[@data-kt=\"addNewRUOverflowToolbarButton\"]"}
RESULT: {"using":"xpath","value":"//button[@data-kt=\"addNewRUOverflowToolbarButton\"]"}
COMMAND: POST /session/1b6c7837aabde9e3293127df2ee335cc/execute/sync - {"script":"<script> [8489 bytes]","args":[{"element-6066-11e4-a52e-4f735466cecf":"f.662FC9EC32089450E4582D1FE7DD78D5.d.02CA1E2087F59CFAA25E7A1EC34E3999.e.6285","ELEMENT":"f.662FC9EC32089450E4582D1FE7DD78D5.d.02CA1E2087F59CFAA25E7A1EC34E3999.e.6285"}]}
RESULT: {"script":"<script> [8489 bytes]","args":[{"element-6066-11e4-a52e-4f735466cecf":"f.662FC9EC32089450E4582D1FE7DD78D5.d.02CA1E2087F59CFAA25E7A1EC34E3999.e.6285","ELEMENT":"f.662FC9EC32089450E4582D1FE7DD78D5.d.02CA1E2087F59CFAA25E7A1EC34E3999.e.6285"}]}
COMMAND: POST /session/1b6c7837aabde9e3293127df2ee335cc/element/f.662FC9EC32089450E4582D1FE7DD78D5.d.02CA1E2087F59CFAA25E7A1EC34E3999.e.6285/click - {}
COMMAND: GET /session/1b6c7837aabde9e3293127df2ee335cc/screenshot - {}
RESULT: {}
COMMAND: GET /session/1b6c7837aabde9e3293127df2ee335cc/screenshot - {}
RESULT: {}
RESULT: {}
COMMAND: POST /session/1b6c7837aabde9e3293127df2ee335cc/execute/async - {"script":"<script> [1562 bytes]","args":[{"selector":{"controlType":"sap.m.ComboBox","viewName":"reusables.view.manageresources.NewResourceUnit","viewId":"application-manageresources-display-component---newResourceUnit","bindingPath":{"path":"","propertyPath":"/RuTypes","modelName":"catalogModel"},"searchOpenDialogs":true},"wdio_ui5_key":"reusablesview.manageresources.NewResourceUnitsap.m.ComboBox{\"path\":\"\",\"propertyPath\":\"/RuTypes\",\"modelName\":\"catalogModel\"}"}]}
RESULT: {"script":"<script> [1562 bytes]","args":[{"selector":{"controlType":"sap.m.ComboBox","viewName":"reusables.view.manageresources.NewResourceUnit","viewId":"application-manageresources-display-component---newResourceUnit","bindingPath":{"path":"","propertyPath":"/RuTypes","modelName":"catalogModel"},"searchOpenDialogs":true},"wdio_ui5_key":"reusablesview.manageresources.NewResourceUnitsap.m.ComboBox{\"path\":\"\",\"propertyPath\":\"/RuTypes\",\"modelName\":\"catalogModel\"}"}]}
RESULT: undefined
COMMAND: POST /session/1b6c7837aabde9e3293127df2ee335cc/execute/async - {"script":"<script> [1562 bytes]","args":[{"selector":{"controlType":"sap.m.ComboBox","viewName":"reusables.view.manageresources.NewResourceUnit","viewId":"application-manageresources-display-component---newResourceUnit","bindingPath":{"path":"","propertyPath":"/Yards","modelName":"catalogModel"},"searchOpenDialogs":true},"wdio_ui5_key":"reusablesview.manageresources.NewResourceUnitsap.m.ComboBox{\"path\":\"\",\"propertyPath\":\"/Yards\",\"modelName\":\"catalogModel\"}"}]}
RESULT: {"script":"<script> [1562 bytes]","args":[{"selector":{"controlType":"sap.m.ComboBox","viewName":"reusables.view.manageresources.NewResourceUnit","viewId":"application-manageresources-display-component---newResourceUnit","bindingPath":{"path":"","propertyPath":"/Yards","modelName":"catalogModel"},"searchOpenDialogs":true},"wdio_ui5_key":"reusablesview.manageresources.NewResourceUnitsap.m.ComboBox{\"path\":\"\",\"propertyPath\":\"/Yards\",\"modelName\":\"catalogModel\"}"}]}
RESULT: undefined
COMMAND: POST /session/1b6c7837aabde9e3293127df2ee335cc/execute/async - {"script":"<script> [1562 bytes]","args":[{"selector":{"controlType":"etm.portal.ui.reusables.customControls.LiveSearchComboBox","viewName":"reusables.view.manageresources.NewResourceUnit","viewId":"application-manageresources-display-component---newResourceUnit","bindingPath":{"path":"","propertyPath":"/CatalogItems","modelName":"catalogModel"},"searchOpenDialogs":true},"wdio_ui5_key":"reusablesview.manageresources.NewResourceUnitetm.portal.ui.reusables.customControls.LiveSearchComboBox{\"path\":\"\",\"propertyPath\":\"/CatalogItems\",\"modelName\":\"catalogModel\"}"}]}
RESULT: {"script":"<script> [1562 bytes]","args":[{"selector":{"controlType":"etm.portal.ui.reusables.customControls.LiveSearchComboBox","viewName":"reusables.view.manageresources.NewResourceUnit","viewId":"application-manageresources-display-component---newResourceUnit","bindingPath":{"path":"","propertyPath":"/CatalogItems","modelName":"catalogModel"},"searchOpenDialogs":true},"wdio_ui5_key":"reusablesview.manageresources.NewResourceUnitetm.portal.ui.reusables.customControls.LiveSearchComboBox{\"path\":\"\",\"propertyPath\":\"/CatalogItems\",\"modelName\":\"catalogModel\"}"}]}
RESULT: undefined
COMMAND: POST /session/1b6c7837aabde9e3293127df2ee335cc/element - {"using":"xpath","value":"//bdi[text()=\"OK\"]"}
RESULT: {"using":"xpath","value":"//bdi[text()=\"OK\"]"}
COMMAND: POST /session/1b6c7837aabde9e3293127df2ee335cc/elements - {"using":"xpath","value":"//bdi[text()=\"OK\"]"}
RESULT: {"using":"xpath","value":"//bdi[text()=\"OK\"]"}
COMMAND: POST /session/1b6c7837aabde9e3293127df2ee335cc/elements - {"using":"xpath","value":"//bdi[text()=\"OK\"]"}
RESULT: {"using":"xpath","value":"//bdi[text()=\"OK\"]"}
COMMAND: POST /session/1b6c7837aabde9e3293127df2ee335cc/elements - {"using":"xpath","value":"//bdi[text()=\"OK\"]"}
RESULT: {"using":"xpath","value":"//bdi[text()=\"OK\"]"}
COMMAND: POST /session/1b6c7837aabde9e3293127df2ee335cc/elements - {"using":"xpath","value":"//bdi[text()=\"OK\"]"}
RESULT: {"using":"xpath","value":"//bdi[text()=\"OK\"]"}
COMMAND: POST /session/1b6c7837aabde9e3293127df2ee335cc/elements - {"using":"xpath","value":"//bdi[text()=\"OK\"]"}
RESULT: {"using":"xpath","value":"//bdi[text()=\"OK\"]"}
COMMAND: POST /session/1b6c7837aabde9e3293127df2ee335cc/elements - {"using":"xpath","value":"//bdi[text()=\"OK\"]"}
RESULT: {"using":"xpath","value":"//bdi[text()=\"OK\"]"}
COMMAND: POST /session/1b6c7837aabde9e3293127df2ee335cc/elements - {"using":"xpath","value":"//bdi[text()=\"OK\"]"}
RESULT: {"using":"xpath","value":"//bdi[text()=\"OK\"]"}
COMMAND: POST /session/1b6c7837aabde9e3293127df2ee335cc/elements - {"using":"xpath","value":"//bdi[text()=\"OK\"]"}
RESULT: {"using":"xpath","value":"//bdi[text()=\"OK\"]"}
COMMAND: POST /session/1b6c7837aabde9e3293127df2ee335cc/elements - {"using":"xpath","value":"//bdi[text()=\"OK\"]"}
RESULT: {"using":"xpath","value":"//bdi[text()=\"OK\"]"}
COMMAND: POST /session/1b6c7837aabde9e3293127df2ee335cc/elements - {"using":"xpath","value":"//bdi[text()=\"OK\"]"}
RESULT: {"using":"xpath","value":"//bdi[text()=\"OK\"]"}
COMMAND: POST /session/1b6c7837aabde9e3293127df2ee335cc/elements - {"using":"xpath","value":"//bdi[text()=\"OK\"]"}
RESULT: {"using":"xpath","value":"//bdi[text()=\"OK\"]"}
COMMAND: POST /session/1b6c7837aabde9e3293127df2ee335cc/elements - {"using":"xpath","value":"//bdi[text()=\"OK\"]"}
RESULT: {"using":"xpath","value":"//bdi[text()=\"OK\"]"}
COMMAND: POST /session/1b6c7837aabde9e3293127df2ee335cc/elements - {"using":"xpath","value":"//bdi[text()=\"OK\"]"}
RESULT: {"using":"xpath","value":"//bdi[text()=\"OK\"]"}
COMMAND: POST /session/1b6c7837aabde9e3293127df2ee335cc/elements - {"using":"xpath","value":"//bdi[text()=\"OK\"]"}
RESULT: {"using":"xpath","value":"//bdi[text()=\"OK\"]"}
COMMAND: POST /session/1b6c7837aabde9e3293127df2ee335cc/elements - {"using":"xpath","value":"//bdi[text()=\"OK\"]"}
RESULT: {"using":"xpath","value":"//bdi[text()=\"OK\"]"}
COMMAND: POST /session/1b6c7837aabde9e3293127df2ee335cc/elements - {"using":"xpath","value":"//bdi[text()=\"OK\"]"}
RESULT: {"using":"xpath","value":"//bdi[text()=\"OK\"]"}
COMMAND: POST /session/1b6c7837aabde9e3293127df2ee335cc/elements - {"using":"xpath","value":"//bdi[text()=\"OK\"]"}
RESULT: {"using":"xpath","value":"//bdi[text()=\"OK\"]"}
COMMAND: POST /session/1b6c7837aabde9e3293127df2ee335cc/elements - {"using":"xpath","value":"//bdi[text()=\"OK\"]"}
RESULT: {"using":"xpath","value":"//bdi[text()=\"OK\"]"}
COMMAND: POST /session/1b6c7837aabde9e3293127df2ee335cc/elements - {"using":"xpath","value":"//bdi[text()=\"OK\"]"}
RESULT: {"using":"xpath","value":"//bdi[text()=\"OK\"]"}
COMMAND: POST /session/1b6c7837aabde9e3293127df2ee335cc/elements - {"using":"xpath","value":"//bdi[text()=\"OK\"]"}
RESULT: {"using":"xpath","value":"//bdi[text()=\"OK\"]"}
COMMAND: POST /session/1b6c7837aabde9e3293127df2ee335cc/elements - {"using":"xpath","value":"//bdi[text()=\"OK\"]"}
RESULT: {"using":"xpath","value":"//bdi[text()=\"OK\"]"}
COMMAND: POST /session/1b6c7837aabde9e3293127df2ee335cc/elements - {"using":"xpath","value":"//bdi[text()=\"OK\"]"}
RESULT: {"using":"xpath","value":"//bdi[text()=\"OK\"]"}
COMMAND: POST /session/1b6c7837aabde9e3293127df2ee335cc/elements - {"using":"xpath","value":"//bdi[text()=\"OK\"]"}
RESULT: {"using":"xpath","value":"//bdi[text()=\"OK\"]"}
COMMAND: POST /session/1b6c7837aabde9e3293127df2ee335cc/elements - {"using":"xpath","value":"//bdi[text()=\"OK\"]"}
RESULT: {"using":"xpath","value":"//bdi[text()=\"OK\"]"}
COMMAND: POST /session/1b6c7837aabde9e3293127df2ee335cc/elements - {"using":"xpath","value":"//bdi[text()=\"OK\"]"}
RESULT: {"using":"xpath","value":"//bdi[text()=\"OK\"]"}
COMMAND: POST /session/1b6c7837aabde9e3293127df2ee335cc/elements - {"using":"xpath","value":"//bdi[text()=\"OK\"]"}
RESULT: {"using":"xpath","value":"//bdi[text()=\"OK\"]"}
COMMAND: POST /session/1b6c7837aabde9e3293127df2ee335cc/elements - {"using":"xpath","value":"//bdi[text()=\"OK\"]"}
RESULT: {"using":"xpath","value":"//bdi[text()=\"OK\"]"}
COMMAND: POST /session/1b6c7837aabde9e3293127df2ee335cc/elements - {"using":"xpath","value":"//bdi[text()=\"OK\"]"}
RESULT: {"using":"xpath","value":"//bdi[text()=\"OK\"]"}
COMMAND: POST /session/1b6c7837aabde9e3293127df2ee335cc/elements - {"using":"xpath","value":"//bdi[text()=\"OK\"]"}
RESULT: {"using":"xpath","value":"//bdi[text()=\"OK\"]"}
COMMAND: POST /session/1b6c7837aabde9e3293127df2ee335cc/elements - {"using":"xpath","value":"//bdi[text()=\"OK\"]"}
RESULT: {"using":"xpath","value":"//bdi[text()=\"OK\"]"}
COMMAND: POST /session/1b6c7837aabde9e3293127df2ee335cc/elements - {"using":"xpath","value":"//bdi[text()=\"OK\"]"}
RESULT: {"using":"xpath","value":"//bdi[text()=\"OK\"]"}
COMMAND: POST /session/1b6c7837aabde9e3293127df2ee335cc/elements - {"using":"xpath","value":"//bdi[text()=\"OK\"]"}
RESULT: {"using":"xpath","value":"//bdi[text()=\"OK\"]"}
COMMAND: POST /session/1b6c7837aabde9e3293127df2ee335cc/elements - {"using":"xpath","value":"//bdi[text()=\"OK\"]"}
RESULT: {"using":"xpath","value":"//bdi[text()=\"OK\"]"}
COMMAND: POST /session/1b6c7837aabde9e3293127df2ee335cc/elements - {"using":"xpath","value":"//bdi[text()=\"OK\"]"}
RESULT: {"using":"xpath","value":"//bdi[text()=\"OK\"]"}
COMMAND: POST /session/1b6c7837aabde9e3293127df2ee335cc/elements - {"using":"xpath","value":"//bdi[text()=\"OK\"]"}
RESULT: {"using":"xpath","value":"//bdi[text()=\"OK\"]"}
COMMAND: POST /session/1b6c7837aabde9e3293127df2ee335cc/elements - {"using":"xpath","value":"//bdi[text()=\"OK\"]"}
RESULT: {"using":"xpath","value":"//bdi[text()=\"OK\"]"}
COMMAND: POST /session/1b6c7837aabde9e3293127df2ee335cc/elements - {"using":"xpath","value":"//bdi[text()=\"OK\"]"}
RESULT: {"using":"xpath","value":"//bdi[text()=\"OK\"]"}
COMMAND: POST /session/1b6c7837aabde9e3293127df2ee335cc/elements - {"using":"xpath","value":"//bdi[text()=\"OK\"]"}
RESULT: {"using":"xpath","value":"//bdi[text()=\"OK\"]"}
COMMAND: POST /session/1b6c7837aabde9e3293127df2ee335cc/elements - {"using":"xpath","value":"//bdi[text()=\"OK\"]"}
RESULT: {"using":"xpath","value":"//bdi[text()=\"OK\"]"}
COMMAND: POST /session/1b6c7837aabde9e3293127df2ee335cc/elements - {"using":"xpath","value":"//bdi[text()=\"OK\"]"}
RESULT: {"using":"xpath","value":"//bdi[text()=\"OK\"]"}
COMMAND: POST /session/1b6c7837aabde9e3293127df2ee335cc/elements - {"using":"xpath","value":"//bdi[text()=\"OK\"]"}
RESULT: {"using":"xpath","value":"//bdi[text()=\"OK\"]"}
COMMAND: POST /session/1b6c7837aabde9e3293127df2ee335cc/elements - {"using":"xpath","value":"//bdi[text()=\"OK\"]"}
RESULT: {"using":"xpath","value":"//bdi[text()=\"OK\"]"}
COMMAND: POST /session/1b6c7837aabde9e3293127df2ee335cc/elements - {"using":"xpath","value":"//bdi[text()=\"OK\"]"}
RESULT: {"using":"xpath","value":"//bdi[text()=\"OK\"]"}
COMMAND: POST /session/1b6c7837aabde9e3293127df2ee335cc/elements - {"using":"xpath","value":"//bdi[text()=\"OK\"]"}
RESULT: {"using":"xpath","value":"//bdi[text()=\"OK\"]"}
COMMAND: POST /session/1b6c7837aabde9e3293127df2ee335cc/elements - {"using":"xpath","value":"//bdi[text()=\"OK\"]"}
RESULT: {"using":"xpath","value":"//bdi[text()=\"OK\"]"}
COMMAND: POST /session/1b6c7837aabde9e3293127df2ee335cc/elements - {"using":"xpath","value":"//bdi[text()=\"OK\"]"}
RESULT: {"using":"xpath","value":"//bdi[text()=\"OK\"]"}
COMMAND: POST /session/1b6c7837aabde9e3293127df2ee335cc/elements - {"using":"xpath","value":"//bdi[text()=\"OK\"]"}
RESULT: {"using":"xpath","value":"//bdi[text()=\"OK\"]"}
COMMAND: POST /session/1b6c7837aabde9e3293127df2ee335cc/elements - {"using":"xpath","value":"//bdi[text()=\"OK\"]"}
RESULT: {"using":"xpath","value":"//bdi[text()=\"OK\"]"}
COMMAND: POST /session/1b6c7837aabde9e3293127df2ee335cc/elements - {"using":"xpath","value":"//bdi[text()=\"OK\"]"}
RESULT: {"using":"xpath","value":"//bdi[text()=\"OK\"]"}
COMMAND: POST /session/1b6c7837aabde9e3293127df2ee335cc/elements - {"using":"xpath","value":"//bdi[text()=\"OK\"]"}
RESULT: {"using":"xpath","value":"//bdi[text()=\"OK\"]"}
COMMAND: POST /session/1b6c7837aabde9e3293127df2ee335cc/elements - {"using":"xpath","value":"//bdi[text()=\"OK\"]"}
RESULT: {"using":"xpath","value":"//bdi[text()=\"OK\"]"}
COMMAND: POST /session/1b6c7837aabde9e3293127df2ee335cc/elements - {"using":"xpath","value":"//bdi[text()=\"OK\"]"}
RESULT: {"using":"xpath","value":"//bdi[text()=\"OK\"]"}
COMMAND: POST /session/1b6c7837aabde9e3293127df2ee335cc/elements - {"using":"xpath","value":"//bdi[text()=\"OK\"]"}
RESULT: {"using":"xpath","value":"//bdi[text()=\"OK\"]"}
COMMAND: POST /session/1b6c7837aabde9e3293127df2ee335cc/elements - {"using":"xpath","value":"//bdi[text()=\"OK\"]"}
RESULT: {"using":"xpath","value":"//bdi[text()=\"OK\"]"}
COMMAND: POST /session/1b6c7837aabde9e3293127df2ee335cc/elements - {"using":"xpath","value":"//bdi[text()=\"OK\"]"}
RESULT: {"using":"xpath","value":"//bdi[text()=\"OK\"]"}
COMMAND: POST /session/1b6c7837aabde9e3293127df2ee335cc/elements - {"using":"xpath","value":"//bdi[text()=\"OK\"]"}
RESULT: {"using":"xpath","value":"//bdi[text()=\"OK\"]"}
COMMAND: POST /session/1b6c7837aabde9e3293127df2ee335cc/elements - {"using":"xpath","value":"//bdi[text()=\"OK\"]"}
RESULT: {"using":"xpath","value":"//bdi[text()=\"OK\"]"}
COMMAND: POST /session/1b6c7837aabde9e3293127df2ee335cc/elements - {"using":"xpath","value":"//bdi[text()=\"OK\"]"}
RESULT: {"using":"xpath","value":"//bdi[text()=\"OK\"]"}
COMMAND: POST /session/1b6c7837aabde9e3293127df2ee335cc/elements - {"using":"xpath","value":"//bdi[text()=\"OK\"]"}
RESULT: {"using":"xpath","value":"//bdi[text()=\"OK\"]"}
COMMAND: POST /session/1b6c7837aabde9e3293127df2ee335cc/elements - {"using":"xpath","value":"//bdi[text()=\"OK\"]"}
RESULT: {"using":"xpath","value":"//bdi[text()=\"OK\"]"}
COMMAND: POST /session/1b6c7837aabde9e3293127df2ee335cc/elements - {"using":"xpath","value":"//bdi[text()=\"OK\"]"}
RESULT: {"using":"xpath","value":"//bdi[text()=\"OK\"]"}
COMMAND: POST /session/1b6c7837aabde9e3293127df2ee335cc/elements - {"using":"xpath","value":"//bdi[text()=\"OK\"]"}
RESULT: {"using":"xpath","value":"//bdi[text()=\"OK\"]"}
COMMAND: POST /session/1b6c7837aabde9e3293127df2ee335cc/elements - {"using":"xpath","value":"//bdi[text()=\"OK\"]"}
RESULT: {"using":"xpath","value":"//bdi[text()=\"OK\"]"}
COMMAND: POST /session/1b6c7837aabde9e3293127df2ee335cc/elements - {"using":"xpath","value":"//bdi[text()=\"OK\"]"}
RESULT: {"using":"xpath","value":"//bdi[text()=\"OK\"]"}
COMMAND: POST /session/1b6c7837aabde9e3293127df2ee335cc/elements - {"using":"xpath","value":"//bdi[text()=\"OK\"]"}
RESULT: {"using":"xpath","value":"//bdi[text()=\"OK\"]"}
COMMAND: POST /session/1b6c7837aabde9e3293127df2ee335cc/elements - {"using":"xpath","value":"//bdi[text()=\"OK\"]"}
RESULT: {"using":"xpath","value":"//bdi[text()=\"OK\"]"}
COMMAND: POST /session/1b6c7837aabde9e3293127df2ee335cc/elements - {"using":"xpath","value":"//bdi[text()=\"OK\"]"}
RESULT: {"using":"xpath","value":"//bdi[text()=\"OK\"]"}
COMMAND: POST /session/1b6c7837aabde9e3293127df2ee335cc/elements - {"using":"xpath","value":"//bdi[text()=\"OK\"]"}
RESULT: {"using":"xpath","value":"//bdi[text()=\"OK\"]"}
COMMAND: POST /session/1b6c7837aabde9e3293127df2ee335cc/elements - {"using":"xpath","value":"//bdi[text()=\"OK\"]"}
RESULT: {"using":"xpath","value":"//bdi[text()=\"OK\"]"}
COMMAND: POST /session/1b6c7837aabde9e3293127df2ee335cc/elements - {"using":"xpath","value":"//bdi[text()=\"OK\"]"}
RESULT: {"using":"xpath","value":"//bdi[text()=\"OK\"]"}
COMMAND: POST /session/1b6c7837aabde9e3293127df2ee335cc/elements - {"using":"xpath","value":"//bdi[text()=\"OK\"]"}
RESULT: {"using":"xpath","value":"//bdi[text()=\"OK\"]"}
COMMAND: POST /session/1b6c7837aabde9e3293127df2ee335cc/elements - {"using":"xpath","value":"//bdi[text()=\"OK\"]"}
RESULT: {"using":"xpath","value":"//bdi[text()=\"OK\"]"}
COMMAND: POST /session/1b6c7837aabde9e3293127df2ee335cc/elements - {"using":"xpath","value":"//bdi[text()=\"OK\"]"}
RESULT: {"using":"xpath","value":"//bdi[text()=\"OK\"]"}
COMMAND: POST /session/1b6c7837aabde9e3293127df2ee335cc/elements - {"using":"xpath","value":"//bdi[text()=\"OK\"]"}
RESULT: {"using":"xpath","value":"//bdi[text()=\"OK\"]"}
COMMAND: POST /session/1b6c7837aabde9e3293127df2ee335cc/elements - {"using":"xpath","value":"//bdi[text()=\"OK\"]"}
RESULT: {"using":"xpath","value":"//bdi[text()=\"OK\"]"}
COMMAND: POST /session/1b6c7837aabde9e3293127df2ee335cc/elements - {"using":"xpath","value":"//bdi[text()=\"OK\"]"}
RESULT: {"using":"xpath","value":"//bdi[text()=\"OK\"]"}
COMMAND: POST /session/1b6c7837aabde9e3293127df2ee335cc/elements - {"using":"xpath","value":"//bdi[text()=\"OK\"]"}
RESULT: {"using":"xpath","value":"//bdi[text()=\"OK\"]"}
COMMAND: POST /session/1b6c7837aabde9e3293127df2ee335cc/elements - {"using":"xpath","value":"//bdi[text()=\"OK\"]"}
RESULT: {"using":"xpath","value":"//bdi[text()=\"OK\"]"}
COMMAND: POST /session/1b6c7837aabde9e3293127df2ee335cc/elements - {"using":"xpath","value":"//bdi[text()=\"OK\"]"}
RESULT: {"using":"xpath","value":"//bdi[text()=\"OK\"]"}
COMMAND: POST /session/1b6c7837aabde9e3293127df2ee335cc/elements - {"using":"xpath","value":"//bdi[text()=\"OK\"]"}
RESULT: {"using":"xpath","value":"//bdi[text()=\"OK\"]"}
COMMAND: POST /session/1b6c7837aabde9e3293127df2ee335cc/elements - {"using":"xpath","value":"//bdi[text()=\"OK\"]"}
RESULT: {"using":"xpath","value":"//bdi[text()=\"OK\"]"}
COMMAND: POST /session/1b6c7837aabde9e3293127df2ee335cc/elements - {"using":"xpath","value":"//bdi[text()=\"OK\"]"}
RESULT: {"using":"xpath","value":"//bdi[text()=\"OK\"]"}
COMMAND: POST /session/1b6c7837aabde9e3293127df2ee335cc/elements - {"using":"xpath","value":"//bdi[text()=\"OK\"]"}
RESULT: {"using":"xpath","value":"//bdi[text()=\"OK\"]"}
COMMAND: POST /session/1b6c7837aabde9e3293127df2ee335cc/elements - {"using":"xpath","value":"//bdi[text()=\"OK\"]"}
RESULT: {"using":"xpath","value":"//bdi[text()=\"OK\"]"}
COMMAND: POST /session/1b6c7837aabde9e3293127df2ee335cc/elements - {"using":"xpath","value":"//bdi[text()=\"OK\"]"}
RESULT: {"using":"xpath","value":"//bdi[text()=\"OK\"]"}
COMMAND: POST /session/1b6c7837aabde9e3293127df2ee335cc/elements - {"using":"xpath","value":"//bdi[text()=\"OK\"]"}
RESULT: {"using":"xpath","value":"//bdi[text()=\"OK\"]"}
COMMAND: POST /session/1b6c7837aabde9e3293127df2ee335cc/elements - {"using":"xpath","value":"//bdi[text()=\"OK\"]"}
RESULT: {"using":"xpath","value":"//bdi[text()=\"OK\"]"}
COMMAND: POST /session/1b6c7837aabde9e3293127df2ee335cc/elements - {"using":"xpath","value":"//bdi[text()=\"OK\"]"}
RESULT: {"using":"xpath","value":"//bdi[text()=\"OK\"]"}
COMMAND: POST /session/1b6c7837aabde9e3293127df2ee335cc/elements - {"using":"xpath","value":"//bdi[text()=\"OK\"]"}
RESULT: {"using":"xpath","value":"//bdi[text()=\"OK\"]"}
COMMAND: POST /session/1b6c7837aabde9e3293127df2ee335cc/elements - {"using":"xpath","value":"//bdi[text()=\"OK\"]"}
RESULT: {"using":"xpath","value":"//bdi[text()=\"OK\"]"}
COMMAND: POST /session/1b6c7837aabde9e3293127df2ee335cc/elements - {"using":"xpath","value":"//bdi[text()=\"OK\"]"}
RESULT: {"using":"xpath","value":"//bdi[text()=\"OK\"]"}
COMMAND: POST /session/1b6c7837aabde9e3293127df2ee335cc/elements - {"using":"xpath","value":"//bdi[text()=\"OK\"]"}
RESULT: {"using":"xpath","value":"//bdi[text()=\"OK\"]"}
COMMAND: POST /session/1b6c7837aabde9e3293127df2ee335cc/elements - {"using":"xpath","value":"//bdi[text()=\"OK\"]"}
RESULT: {"using":"xpath","value":"//bdi[text()=\"OK\"]"}
COMMAND: POST /session/1b6c7837aabde9e3293127df2ee335cc/elements - {"using":"xpath","value":"//bdi[text()=\"OK\"]"}
RESULT: {"using":"xpath","value":"//bdi[text()=\"OK\"]"}
COMMAND: POST /session/1b6c7837aabde9e3293127df2ee335cc/elements - {"using":"xpath","value":"//bdi[text()=\"OK\"]"}
RESULT: {"using":"xpath","value":"//bdi[text()=\"OK\"]"}
COMMAND: POST /session/1b6c7837aabde9e3293127df2ee335cc/elements - {"using":"xpath","value":"//bdi[text()=\"OK\"]"}
RESULT: {"using":"xpath","value":"//bdi[text()=\"OK\"]"}
COMMAND: POST /session/1b6c7837aabde9e3293127df2ee335cc/elements - {"using":"xpath","value":"//bdi[text()=\"OK\"]"}
RESULT: {"using":"xpath","value":"//bdi[text()=\"OK\"]"}
COMMAND: POST /session/1b6c7837aabde9e3293127df2ee335cc/elements - {"using":"xpath","value":"//bdi[text()=\"OK\"]"}
RESULT: {"using":"xpath","value":"//bdi[text()=\"OK\"]"}
COMMAND: POST /session/1b6c7837aabde9e3293127df2ee335cc/elements - {"using":"xpath","value":"//bdi[text()=\"OK\"]"}
RESULT: {"using":"xpath","value":"//bdi[text()=\"OK\"]"}
COMMAND: POST /session/1b6c7837aabde9e3293127df2ee335cc/elements - {"using":"xpath","value":"//bdi[text()=\"OK\"]"}
RESULT: {"using":"xpath","value":"//bdi[text()=\"OK\"]"}
COMMAND: POST /session/1b6c7837aabde9e3293127df2ee335cc/elements - {"using":"xpath","value":"//bdi[text()=\"OK\"]"}
RESULT: {"using":"xpath","value":"//bdi[text()=\"OK\"]"}
COMMAND: POST /session/1b6c7837aabde9e3293127df2ee335cc/elements - {"using":"xpath","value":"//bdi[text()=\"OK\"]"}
RESULT: {"using":"xpath","value":"//bdi[text()=\"OK\"]"}
COMMAND: POST /session/1b6c7837aabde9e3293127df2ee335cc/elements - {"using":"xpath","value":"//bdi[text()=\"OK\"]"}
RESULT: {"using":"xpath","value":"//bdi[text()=\"OK\"]"}
COMMAND: POST /session/1b6c7837aabde9e3293127df2ee335cc/elements - {"using":"xpath","value":"//bdi[text()=\"OK\"]"}
RESULT: {"using":"xpath","value":"//bdi[text()=\"OK\"]"}
COMMAND: POST /session/1b6c7837aabde9e3293127df2ee335cc/elements - {"using":"xpath","value":"//bdi[text()=\"OK\"]"}
RESULT: {"using":"xpath","value":"//bdi[text()=\"OK\"]"}
COMMAND: POST /session/1b6c7837aabde9e3293127df2ee335cc/elements - {"using":"xpath","value":"//bdi[text()=\"OK\"]"}
RESULT: {"using":"xpath","value":"//bdi[text()=\"OK\"]"}
COMMAND: POST /session/1b6c7837aabde9e3293127df2ee335cc/elements - {"using":"xpath","value":"//bdi[text()=\"OK\"]"}
RESULT: {"using":"xpath","value":"//bdi[text()=\"OK\"]"}
COMMAND: POST /session/1b6c7837aabde9e3293127df2ee335cc/elements - {"using":"xpath","value":"//bdi[text()=\"OK\"]"}
RESULT: {"using":"xpath","value":"//bdi[text()=\"OK\"]"}
COMMAND: POST /session/1b6c7837aabde9e3293127df2ee335cc/elements - {"using":"xpath","value":"//bdi[text()=\"OK\"]"}
RESULT: {"using":"xpath","value":"//bdi[text()=\"OK\"]"}
COMMAND: POST /session/1b6c7837aabde9e3293127df2ee335cc/elements - {"using":"xpath","value":"//bdi[text()=\"OK\"]"}
RESULT: {"using":"xpath","value":"//bdi[text()=\"OK\"]"}
COMMAND: POST /session/1b6c7837aabde9e3293127df2ee335cc/elements - {"using":"xpath","value":"//bdi[text()=\"OK\"]"}
RESULT: {"using":"xpath","value":"//bdi[text()=\"OK\"]"}
COMMAND: POST /session/1b6c7837aabde9e3293127df2ee335cc/elements - {"using":"xpath","value":"//bdi[text()=\"OK\"]"}
RESULT: {"using":"xpath","value":"//bdi[text()=\"OK\"]"}
COMMAND: POST /session/1b6c7837aabde9e3293127df2ee335cc/elements - {"using":"xpath","value":"//bdi[text()=\"OK\"]"}
RESULT: {"using":"xpath","value":"//bdi[text()=\"OK\"]"}
COMMAND: POST /session/1b6c7837aabde9e3293127df2ee335cc/elements - {"using":"xpath","value":"//bdi[text()=\"OK\"]"}
RESULT: {"using":"xpath","value":"//bdi[text()=\"OK\"]"}
COMMAND: POST /session/1b6c7837aabde9e3293127df2ee335cc/elements - {"using":"xpath","value":"//bdi[text()=\"OK\"]"}
RESULT: {"using":"xpath","value":"//bdi[text()=\"OK\"]"}
COMMAND: POST /session/1b6c7837aabde9e3293127df2ee335cc/elements - {"using":"xpath","value":"//bdi[text()=\"OK\"]"}
RESULT: {"using":"xpath","value":"//bdi[text()=\"OK\"]"}
COMMAND: POST /session/1b6c7837aabde9e3293127df2ee335cc/elements - {"using":"xpath","value":"//bdi[text()=\"OK\"]"}
RESULT: {"using":"xpath","value":"//bdi[text()=\"OK\"]"}
COMMAND: POST /session/1b6c7837aabde9e3293127df2ee335cc/elements - {"using":"xpath","value":"//bdi[text()=\"OK\"]"}
RESULT: {"using":"xpath","value":"//bdi[text()=\"OK\"]"}
COMMAND: POST /session/1b6c7837aabde9e3293127df2ee335cc/elements - {"using":"xpath","value":"//bdi[text()=\"OK\"]"}
RESULT: {"using":"xpath","value":"//bdi[text()=\"OK\"]"}
COMMAND: POST /session/1b6c7837aabde9e3293127df2ee335cc/elements - {"using":"xpath","value":"//bdi[text()=\"OK\"]"}
RESULT: {"using":"xpath","value":"//bdi[text()=\"OK\"]"}
COMMAND: POST /session/1b6c7837aabde9e3293127df2ee335cc/elements - {"using":"xpath","value":"//bdi[text()=\"OK\"]"}
COMMAND: POST /session/1b6c7837aabde9e3293127df2ee335cc/element - {"using":"xpath","value":"//bdi[text()=\"OK\"]"}
RESULT: {"using":"xpath","value":"//bdi[text()=\"OK\"]"}
RESULT: {"using":"xpath","value":"//bdi[text()=\"OK\"]"}
COMMAND: POST /session/1b6c7837aabde9e3293127df2ee335cc/elements - {"using":"xpath","value":"//bdi[text()=\"OK\"]"}
RESULT: {"using":"xpath","value":"//bdi[text()=\"OK\"]"}
COMMAND: POST /session/1b6c7837aabde9e3293127df2ee335cc/elements - {"using":"xpath","value":"//bdi[text()=\"OK\"]"}
RESULT: {"using":"xpath","value":"//bdi[text()=\"OK\"]"}
COMMAND: POST /session/1b6c7837aabde9e3293127df2ee335cc/elements - {"using":"xpath","value":"//bdi[text()=\"OK\"]"}
RESULT: {"using":"xpath","value":"//bdi[text()=\"OK\"]"}
COMMAND: POST /session/1b6c7837aabde9e3293127df2ee335cc/elements - {"using":"xpath","value":"//bdi[text()=\"OK\"]"}
RESULT: {"using":"xpath","value":"//bdi[text()=\"OK\"]"}
COMMAND: POST /session/1b6c7837aabde9e3293127df2ee335cc/elements - {"using":"xpath","value":"//bdi[text()=\"OK\"]"}
RESULT: {"using":"xpath","value":"//bdi[text()=\"OK\"]"}
COMMAND: POST /session/1b6c7837aabde9e3293127df2ee335cc/elements - {"using":"xpath","value":"//bdi[text()=\"OK\"]"}
RESULT: {"using":"xpath","value":"//bdi[text()=\"OK\"]"}
COMMAND: POST /session/1b6c7837aabde9e3293127df2ee335cc/elements - {"using":"xpath","value":"//bdi[text()=\"OK\"]"}
RESULT: {"using":"xpath","value":"//bdi[text()=\"OK\"]"}
COMMAND: POST /session/1b6c7837aabde9e3293127df2ee335cc/elements - {"using":"xpath","value":"//bdi[text()=\"OK\"]"}
RESULT: {"using":"xpath","value":"//bdi[text()=\"OK\"]"}
COMMAND: POST /session/1b6c7837aabde9e3293127df2ee335cc/elements - {"using":"xpath","value":"//bdi[text()=\"OK\"]"}
RESULT: {"using":"xpath","value":"//bdi[text()=\"OK\"]"}
COMMAND: POST /session/1b6c7837aabde9e3293127df2ee335cc/elements - {"using":"xpath","value":"//bdi[text()=\"OK\"]"}
RESULT: {"using":"xpath","value":"//bdi[text()=\"OK\"]"}
COMMAND: POST /session/1b6c7837aabde9e3293127df2ee335cc/elements - {"using":"xpath","value":"//bdi[text()=\"OK\"]"}
RESULT: {"using":"xpath","value":"//bdi[text()=\"OK\"]"}
COMMAND: POST /session/1b6c7837aabde9e3293127df2ee335cc/elements - {"using":"xpath","value":"//bdi[text()=\"OK\"]"}
RESULT: {"using":"xpath","value":"//bdi[text()=\"OK\"]"}
COMMAND: POST /session/1b6c7837aabde9e3293127df2ee335cc/elements - {"using":"xpath","value":"//bdi[text()=\"OK\"]"}
RESULT: {"using":"xpath","value":"//bdi[text()=\"OK\"]"}
COMMAND: POST /session/1b6c7837aabde9e3293127df2ee335cc/elements - {"using":"xpath","value":"//bdi[text()=\"OK\"]"}
RESULT: {"using":"xpath","value":"//bdi[text()=\"OK\"]"}
COMMAND: POST /session/1b6c7837aabde9e3293127df2ee335cc/elements - {"using":"xpath","value":"//bdi[text()=\"OK\"]"}
RESULT: {"using":"xpath","value":"//bdi[text()=\"OK\"]"}
COMMAND: POST /session/1b6c7837aabde9e3293127df2ee335cc/elements - {"using":"xpath","value":"//bdi[text()=\"OK\"]"}
RESULT: {"using":"xpath","value":"//bdi[text()=\"OK\"]"}
COMMAND: POST /session/1b6c7837aabde9e3293127df2ee335cc/elements - {"using":"xpath","value":"//bdi[text()=\"OK\"]"}
RESULT: {"using":"xpath","value":"//bdi[text()=\"OK\"]"}
COMMAND: POST /session/1b6c7837aabde9e3293127df2ee335cc/elements - {"using":"xpath","value":"//bdi[text()=\"OK\"]"}
RESULT: {"using":"xpath","value":"//bdi[text()=\"OK\"]"}
COMMAND: POST /session/1b6c7837aabde9e3293127df2ee335cc/elements - {"using":"xpath","value":"//bdi[text()=\"OK\"]"}
RESULT: {"using":"xpath","value":"//bdi[text()=\"OK\"]"}
COMMAND: POST /session/1b6c7837aabde9e3293127df2ee335cc/elements - {"using":"xpath","value":"//bdi[text()=\"OK\"]"}
RESULT: {"using":"xpath","value":"//bdi[text()=\"OK\"]"}
COMMAND: POST /session/1b6c7837aabde9e3293127df2ee335cc/elements - {"using":"xpath","value":"//bdi[text()=\"OK\"]"}
RESULT: {"using":"xpath","value":"//bdi[text()=\"OK\"]"}
COMMAND: POST /session/1b6c7837aabde9e3293127df2ee335cc/elements - {"using":"xpath","value":"//bdi[text()=\"OK\"]"}
RESULT: {"using":"xpath","value":"//bdi[text()=\"OK\"]"}
COMMAND: POST /session/1b6c7837aabde9e3293127df2ee335cc/elements - {"using":"xpath","value":"//bdi[text()=\"OK\"]"}
RESULT: {"using":"xpath","value":"//bdi[text()=\"OK\"]"}
COMMAND: POST /session/1b6c7837aabde9e3293127df2ee335cc/elements - {"using":"xpath","value":"//bdi[text()=\"OK\"]"}
RESULT: {"using":"xpath","value":"//bdi[text()=\"OK\"]"}
COMMAND: POST /session/1b6c7837aabde9e3293127df2ee335cc/elements - {"using":"xpath","value":"//bdi[text()=\"OK\"]"}
RESULT: {"using":"xpath","value":"//bdi[text()=\"OK\"]"}
COMMAND: POST /session/1b6c7837aabde9e3293127df2ee335cc/elements - {"using":"xpath","value":"//bdi[text()=\"OK\"]"}
RESULT: {"using":"xpath","value":"//bdi[text()=\"OK\"]"}
COMMAND: POST /session/1b6c7837aabde9e3293127df2ee335cc/elements - {"using":"xpath","value":"//bdi[text()=\"OK\"]"}
RESULT: {"using":"xpath","value":"//bdi[text()=\"OK\"]"}
COMMAND: POST /session/1b6c7837aabde9e3293127df2ee335cc/elements - {"using":"xpath","value":"//bdi[text()=\"OK\"]"}
RESULT: {"using":"xpath","value":"//bdi[text()=\"OK\"]"}
COMMAND: POST /session/1b6c7837aabde9e3293127df2ee335cc/elements - {"using":"xpath","value":"//bdi[text()=\"OK\"]"}
RESULT: {"using":"xpath","value":"//bdi[text()=\"OK\"]"}
COMMAND: POST /session/1b6c7837aabde9e3293127df2ee335cc/elements - {"using":"xpath","value":"//bdi[text()=\"OK\"]"}
RESULT: {"using":"xpath","value":"//bdi[text()=\"OK\"]"}
COMMAND: POST /session/1b6c7837aabde9e3293127df2ee335cc/elements - {"using":"xpath","value":"//bdi[text()=\"OK\"]"}
RESULT: {"using":"xpath","value":"//bdi[text()=\"OK\"]"}
COMMAND: POST /session/1b6c7837aabde9e3293127df2ee335cc/elements - {"using":"xpath","value":"//bdi[text()=\"OK\"]"}
RESULT: {"using":"xpath","value":"//bdi[text()=\"OK\"]"}
COMMAND: POST /session/1b6c7837aabde9e3293127df2ee335cc/elements - {"using":"xpath","value":"//bdi[text()=\"OK\"]"}
RESULT: {"using":"xpath","value":"//bdi[text()=\"OK\"]"}
COMMAND: POST /session/1b6c7837aabde9e3293127df2ee335cc/elements - {"using":"xpath","value":"//bdi[text()=\"OK\"]"}
RESULT: {"using":"xpath","value":"//bdi[text()=\"OK\"]"}
COMMAND: POST /session/1b6c7837aabde9e3293127df2ee335cc/elements - {"using":"xpath","value":"//bdi[text()=\"OK\"]"}
RESULT: {"using":"xpath","value":"//bdi[text()=\"OK\"]"}
COMMAND: POST /session/1b6c7837aabde9e3293127df2ee335cc/elements - {"using":"xpath","value":"//bdi[text()=\"OK\"]"}
RESULT: {"using":"xpath","value":"//bdi[text()=\"OK\"]"}
COMMAND: POST /session/1b6c7837aabde9e3293127df2ee335cc/elements - {"using":"xpath","value":"//bdi[text()=\"OK\"]"}
RESULT: {"using":"xpath","value":"//bdi[text()=\"OK\"]"}
COMMAND: POST /session/1b6c7837aabde9e3293127df2ee335cc/elements - {"using":"xpath","value":"//bdi[text()=\"OK\"]"}
RESULT: {"using":"xpath","value":"//bdi[text()=\"OK\"]"}
COMMAND: POST /session/1b6c7837aabde9e3293127df2ee335cc/elements - {"using":"xpath","value":"//bdi[text()=\"OK\"]"}
RESULT: {"using":"xpath","value":"//bdi[text()=\"OK\"]"}
COMMAND: POST /session/1b6c7837aabde9e3293127df2ee335cc/elements - {"using":"xpath","value":"//bdi[text()=\"OK\"]"}
RESULT: {"using":"xpath","value":"//bdi[text()=\"OK\"]"}
COMMAND: POST /session/1b6c7837aabde9e3293127df2ee335cc/elements - {"using":"xpath","value":"//bdi[text()=\"OK\"]"}
RESULT: {"using":"xpath","value":"//bdi[text()=\"OK\"]"}
COMMAND: POST /session/1b6c7837aabde9e3293127df2ee335cc/elements - {"using":"xpath","value":"//bdi[text()=\"OK\"]"}
RESULT: {"using":"xpath","value":"//bdi[text()=\"OK\"]"}
COMMAND: POST /session/1b6c7837aabde9e3293127df2ee335cc/elements - {"using":"xpath","value":"//bdi[text()=\"OK\"]"}
RESULT: {"using":"xpath","value":"//bdi[text()=\"OK\"]"}
COMMAND: POST /session/1b6c7837aabde9e3293127df2ee335cc/elements - {"using":"xpath","value":"//bdi[text()=\"OK\"]"}
RESULT: {"using":"xpath","value":"//bdi[text()=\"OK\"]"}
COMMAND: POST /session/1b6c7837aabde9e3293127df2ee335cc/elements - {"using":"xpath","value":"//bdi[text()=\"OK\"]"}
RESULT: {"using":"xpath","value":"//bdi[text()=\"OK\"]"}
COMMAND: POST /session/1b6c7837aabde9e3293127df2ee335cc/elements - {"using":"xpath","value":"//bdi[text()=\"OK\"]"}
RESULT: {"using":"xpath","value":"//bdi[text()=\"OK\"]"}
COMMAND: POST /session/1b6c7837aabde9e3293127df2ee335cc/elements - {"using":"xpath","value":"//bdi[text()=\"OK\"]"}
RESULT: {"using":"xpath","value":"//bdi[text()=\"OK\"]"}
COMMAND: POST /session/1b6c7837aabde9e3293127df2ee335cc/elements - {"using":"xpath","value":"//bdi[text()=\"OK\"]"}
RESULT: {"using":"xpath","value":"//bdi[text()=\"OK\"]"}
COMMAND: POST /session/1b6c7837aabde9e3293127df2ee335cc/elements - {"using":"xpath","value":"//bdi[text()=\"OK\"]"}
RESULT: {"using":"xpath","value":"//bdi[text()=\"OK\"]"}
COMMAND: POST /session/1b6c7837aabde9e3293127df2ee335cc/elements - {"using":"xpath","value":"//bdi[text()=\"OK\"]"}
RESULT: {"using":"xpath","value":"//bdi[text()=\"OK\"]"}
COMMAND: POST /session/1b6c7837aabde9e3293127df2ee335cc/elements - {"using":"xpath","value":"//bdi[text()=\"OK\"]"}
RESULT: {"using":"xpath","value":"//bdi[text()=\"OK\"]"}
COMMAND: POST /session/1b6c7837aabde9e3293127df2ee335cc/elements - {"using":"xpath","value":"//bdi[text()=\"OK\"]"}
RESULT: {"using":"xpath","value":"//bdi[text()=\"OK\"]"}
COMMAND: POST /session/1b6c7837aabde9e3293127df2ee335cc/elements - {"using":"xpath","value":"//bdi[text()=\"OK\"]"}
RESULT: {"using":"xpath","value":"//bdi[text()=\"OK\"]"}
COMMAND: POST /session/1b6c7837aabde9e3293127df2ee335cc/elements - {"using":"xpath","value":"//bdi[text()=\"OK\"]"}
RESULT: {"using":"xpath","value":"//bdi[text()=\"OK\"]"}
COMMAND: POST /session/1b6c7837aabde9e3293127df2ee335cc/elements - {"using":"xpath","value":"//bdi[text()=\"OK\"]"}
RESULT: {"using":"xpath","value":"//bdi[text()=\"OK\"]"}
COMMAND: POST /session/1b6c7837aabde9e3293127df2ee335cc/elements - {"using":"xpath","value":"//bdi[text()=\"OK\"]"}
RESULT: {"using":"xpath","value":"//bdi[text()=\"OK\"]"}
COMMAND: POST /session/1b6c7837aabde9e3293127df2ee335cc/elements - {"using":"xpath","value":"//bdi[text()=\"OK\"]"}
RESULT: {"using":"xpath","value":"//bdi[text()=\"OK\"]"}
COMMAND: POST /session/1b6c7837aabde9e3293127df2ee335cc/elements - {"using":"xpath","value":"//bdi[text()=\"OK\"]"}
RESULT: {"using":"xpath","value":"//bdi[text()=\"OK\"]"}
COMMAND: POST /session/1b6c7837aabde9e3293127df2ee335cc/elements - {"using":"xpath","value":"//bdi[text()=\"OK\"]"}
RESULT: {"using":"xpath","value":"//bdi[text()=\"OK\"]"}
COMMAND: POST /session/1b6c7837aabde9e3293127df2ee335cc/elements - {"using":"xpath","value":"//bdi[text()=\"OK\"]"}
RESULT: {"using":"xpath","value":"//bdi[text()=\"OK\"]"}
COMMAND: POST /session/1b6c7837aabde9e3293127df2ee335cc/elements - {"using":"xpath","value":"//bdi[text()=\"OK\"]"}
RESULT: {"using":"xpath","value":"//bdi[text()=\"OK\"]"}
COMMAND: POST /session/1b6c7837aabde9e3293127df2ee335cc/elements - {"using":"xpath","value":"//bdi[text()=\"OK\"]"}
RESULT: {"using":"xpath","value":"//bdi[text()=\"OK\"]"}
COMMAND: POST /session/1b6c7837aabde9e3293127df2ee335cc/elements - {"using":"xpath","value":"//bdi[text()=\"OK\"]"}
RESULT: {"using":"xpath","value":"//bdi[text()=\"OK\"]"}
COMMAND: POST /session/1b6c7837aabde9e3293127df2ee335cc/elements - {"using":"xpath","value":"//bdi[text()=\"OK\"]"}
RESULT: {"using":"xpath","value":"//bdi[text()=\"OK\"]"}
COMMAND: POST /session/1b6c7837aabde9e3293127df2ee335cc/elements - {"using":"xpath","value":"//bdi[text()=\"OK\"]"}
RESULT: {"using":"xpath","value":"//bdi[text()=\"OK\"]"}
COMMAND: POST /session/1b6c7837aabde9e3293127df2ee335cc/elements - {"using":"xpath","value":"//bdi[text()=\"OK\"]"}
RESULT: {"using":"xpath","value":"//bdi[text()=\"OK\"]"}
COMMAND: POST /session/1b6c7837aabde9e3293127df2ee335cc/elements - {"using":"xpath","value":"//bdi[text()=\"OK\"]"}
RESULT: {"using":"xpath","value":"//bdi[text()=\"OK\"]"}
COMMAND: POST /session/1b6c7837aabde9e3293127df2ee335cc/elements - {"using":"xpath","value":"//bdi[text()=\"OK\"]"}
RESULT: {"using":"xpath","value":"//bdi[text()=\"OK\"]"}
COMMAND: POST /session/1b6c7837aabde9e3293127df2ee335cc/elements - {"using":"xpath","value":"//bdi[text()=\"OK\"]"}
RESULT: {"using":"xpath","value":"//bdi[text()=\"OK\"]"}
COMMAND: POST /session/1b6c7837aabde9e3293127df2ee335cc/elements - {"using":"xpath","value":"//bdi[text()=\"OK\"]"}
RESULT: {"using":"xpath","value":"//bdi[text()=\"OK\"]"}
COMMAND: POST /session/1b6c7837aabde9e3293127df2ee335cc/elements - {"using":"xpath","value":"//bdi[text()=\"OK\"]"}
RESULT: {"using":"xpath","value":"//bdi[text()=\"OK\"]"}
COMMAND: POST /session/1b6c7837aabde9e3293127df2ee335cc/elements - {"using":"xpath","value":"//bdi[text()=\"OK\"]"}
RESULT: {"using":"xpath","value":"//bdi[text()=\"OK\"]"}
COMMAND: POST /session/1b6c7837aabde9e3293127df2ee335cc/elements - {"using":"xpath","value":"//bdi[text()=\"OK\"]"}
RESULT: {"using":"xpath","value":"//bdi[text()=\"OK\"]"}
COMMAND: POST /session/1b6c7837aabde9e3293127df2ee335cc/elements - {"using":"xpath","value":"//bdi[text()=\"OK\"]"}
RESULT: {"using":"xpath","value":"//bdi[text()=\"OK\"]"}
COMMAND: POST /session/1b6c7837aabde9e3293127df2ee335cc/elements - {"using":"xpath","value":"//bdi[text()=\"OK\"]"}
RESULT: {"using":"xpath","value":"//bdi[text()=\"OK\"]"}
COMMAND: POST /session/1b6c7837aabde9e3293127df2ee335cc/elements - {"using":"xpath","value":"//bdi[text()=\"OK\"]"}
RESULT: {"using":"xpath","value":"//bdi[text()=\"OK\"]"}
COMMAND: POST /session/1b6c7837aabde9e3293127df2ee335cc/elements - {"using":"xpath","value":"//bdi[text()=\"OK\"]"}
RESULT: {"using":"xpath","value":"//bdi[text()=\"OK\"]"}
COMMAND: POST /session/1b6c7837aabde9e3293127df2ee335cc/elements - {"using":"xpath","value":"//bdi[text()=\"OK\"]"}
RESULT: {"using":"xpath","value":"//bdi[text()=\"OK\"]"}
COMMAND: POST /session/1b6c7837aabde9e3293127df2ee335cc/elements - {"using":"xpath","value":"//bdi[text()=\"OK\"]"}
RESULT: {"using":"xpath","value":"//bdi[text()=\"OK\"]"}
COMMAND: POST /session/1b6c7837aabde9e3293127df2ee335cc/elements - {"using":"xpath","value":"//bdi[text()=\"OK\"]"}
RESULT: {"using":"xpath","value":"//bdi[text()=\"OK\"]"}
COMMAND: POST /session/1b6c7837aabde9e3293127df2ee335cc/elements - {"using":"xpath","value":"//bdi[text()=\"OK\"]"}
RESULT: {"using":"xpath","value":"//bdi[text()=\"OK\"]"}
COMMAND: POST /session/1b6c7837aabde9e3293127df2ee335cc/elements - {"using":"xpath","value":"//bdi[text()=\"OK\"]"}
RESULT: {"using":"xpath","value":"//bdi[text()=\"OK\"]"}
COMMAND: POST /session/1b6c7837aabde9e3293127df2ee335cc/elements - {"using":"xpath","value":"//bdi[text()=\"OK\"]"}
RESULT: {"using":"xpath","value":"//bdi[text()=\"OK\"]"}
COMMAND: POST /session/1b6c7837aabde9e3293127df2ee335cc/elements - {"using":"xpath","value":"//bdi[text()=\"OK\"]"}
RESULT: {"using":"xpath","value":"//bdi[text()=\"OK\"]"}
COMMAND: POST /session/1b6c7837aabde9e3293127df2ee335cc/elements - {"using":"xpath","value":"//bdi[text()=\"OK\"]"}
RESULT: {"using":"xpath","value":"//bdi[text()=\"OK\"]"}
COMMAND: POST /session/1b6c7837aabde9e3293127df2ee335cc/elements - {"using":"xpath","value":"//bdi[text()=\"OK\"]"}
RESULT: {"using":"xpath","value":"//bdi[text()=\"OK\"]"}
COMMAND: POST /session/1b6c7837aabde9e3293127df2ee335cc/elements - {"using":"xpath","value":"//bdi[text()=\"OK\"]"}
RESULT: {"using":"xpath","value":"//bdi[text()=\"OK\"]"}
COMMAND: POST /session/1b6c7837aabde9e3293127df2ee335cc/elements - {"using":"xpath","value":"//bdi[text()=\"OK\"]"}
RESULT: {"using":"xpath","value":"//bdi[text()=\"OK\"]"}
COMMAND: POST /session/1b6c7837aabde9e3293127df2ee335cc/elements - {"using":"xpath","value":"//bdi[text()=\"OK\"]"}
RESULT: {"using":"xpath","value":"//bdi[text()=\"OK\"]"}
COMMAND: POST /session/1b6c7837aabde9e3293127df2ee335cc/elements - {"using":"xpath","value":"//bdi[text()=\"OK\"]"}
RESULT: {"using":"xpath","value":"//bdi[text()=\"OK\"]"}
COMMAND: POST /session/1b6c7837aabde9e3293127df2ee335cc/elements - {"using":"xpath","value":"//bdi[text()=\"OK\"]"}
RESULT: {"using":"xpath","value":"//bdi[text()=\"OK\"]"}
COMMAND: POST /session/1b6c7837aabde9e3293127df2ee335cc/elements - {"using":"xpath","value":"//bdi[text()=\"OK\"]"}
RESULT: {"using":"xpath","value":"//bdi[text()=\"OK\"]"}
COMMAND: POST /session/1b6c7837aabde9e3293127df2ee335cc/elements - {"using":"xpath","value":"//bdi[text()=\"OK\"]"}
RESULT: {"using":"xpath","value":"//bdi[text()=\"OK\"]"}
COMMAND: POST /session/1b6c7837aabde9e3293127df2ee335cc/elements - {"using":"xpath","value":"//bdi[text()=\"OK\"]"}
RESULT: {"using":"xpath","value":"//bdi[text()=\"OK\"]"}
COMMAND: POST /session/1b6c7837aabde9e3293127df2ee335cc/elements - {"using":"xpath","value":"//bdi[text()=\"OK\"]"}
RESULT: {"using":"xpath","value":"//bdi[text()=\"OK\"]"}
COMMAND: POST /session/1b6c7837aabde9e3293127df2ee335cc/elements - {"using":"xpath","value":"//bdi[text()=\"OK\"]"}
RESULT: {"using":"xpath","value":"//bdi[text()=\"OK\"]"}
COMMAND: POST /session/1b6c7837aabde9e3293127df2ee335cc/elements - {"using":"xpath","value":"//bdi[text()=\"OK\"]"}
RESULT: {"using":"xpath","value":"//bdi[text()=\"OK\"]"}
COMMAND: POST /session/1b6c7837aabde9e3293127df2ee335cc/elements - {"using":"xpath","value":"//bdi[text()=\"OK\"]"}
RESULT: {"using":"xpath","value":"//bdi[text()=\"OK\"]"}
COMMAND: POST /session/1b6c7837aabde9e3293127df2ee335cc/elements - {"using":"xpath","value":"//bdi[text()=\"OK\"]"}
RESULT: {"using":"xpath","value":"//bdi[text()=\"OK\"]"}
COMMAND: POST /session/1b6c7837aabde9e3293127df2ee335cc/elements - {"using":"xpath","value":"//bdi[text()=\"OK\"]"}
RESULT: {"using":"xpath","value":"//bdi[text()=\"OK\"]"}
COMMAND: POST /session/1b6c7837aabde9e3293127df2ee335cc/elements - {"using":"xpath","value":"//bdi[text()=\"OK\"]"}
RESULT: {"using":"xpath","value":"//bdi[text()=\"OK\"]"}
COMMAND: POST /session/1b6c7837aabde9e3293127df2ee335cc/elements - {"using":"xpath","value":"//bdi[text()=\"OK\"]"}
RESULT: {"using":"xpath","value":"//bdi[text()=\"OK\"]"}
COMMAND: POST /session/1b6c7837aabde9e3293127df2ee335cc/elements - {"using":"xpath","value":"//bdi[text()=\"OK\"]"}
RESULT: {"using":"xpath","value":"//bdi[text()=\"OK\"]"}
COMMAND: POST /session/1b6c7837aabde9e3293127df2ee335cc/elements - {"using":"xpath","value":"//bdi[text()=\"OK\"]"}
RESULT: {"using":"xpath","value":"//bdi[text()=\"OK\"]"}
COMMAND: POST /session/1b6c7837aabde9e3293127df2ee335cc/elements - {"using":"xpath","value":"//bdi[text()=\"OK\"]"}
RESULT: {"using":"xpath","value":"//bdi[text()=\"OK\"]"}
COMMAND: POST /session/1b6c7837aabde9e3293127df2ee335cc/elements - {"using":"xpath","value":"//bdi[text()=\"OK\"]"}
RESULT: {"using":"xpath","value":"//bdi[text()=\"OK\"]"}
COMMAND: POST /session/1b6c7837aabde9e3293127df2ee335cc/elements - {"using":"xpath","value":"//bdi[text()=\"OK\"]"}
RESULT: {"using":"xpath","value":"//bdi[text()=\"OK\"]"}
COMMAND: POST /session/1b6c7837aabde9e3293127df2ee335cc/elements - {"using":"xpath","value":"//bdi[text()=\"OK\"]"}
RESULT: {"using":"xpath","value":"//bdi[text()=\"OK\"]"}
COMMAND: POST /session/1b6c7837aabde9e3293127df2ee335cc/elements - {"using":"xpath","value":"//bdi[text()=\"OK\"]"}
RESULT: {"using":"xpath","value":"//bdi[text()=\"OK\"]"}
COMMAND: POST /session/1b6c7837aabde9e3293127df2ee335cc/elements - {"using":"xpath","value":"//bdi[text()=\"OK\"]"}
RESULT: {"using":"xpath","value":"//bdi[text()=\"OK\"]"}
COMMAND: POST /session/1b6c7837aabde9e3293127df2ee335cc/elements - {"using":"xpath","value":"//bdi[text()=\"OK\"]"}
RESULT: {"using":"xpath","value":"//bdi[text()=\"OK\"]"}
COMMAND: POST /session/1b6c7837aabde9e3293127df2ee335cc/elements - {"using":"xpath","value":"//bdi[text()=\"OK\"]"}
RESULT: {"using":"xpath","value":"//bdi[text()=\"OK\"]"}
COMMAND: POST /session/1b6c7837aabde9e3293127df2ee335cc/elements - {"using":"xpath","value":"//bdi[text()=\"OK\"]"}
RESULT: {"using":"xpath","value":"//bdi[text()=\"OK\"]"}
COMMAND: POST /session/1b6c7837aabde9e3293127df2ee335cc/elements - {"using":"xpath","value":"//bdi[text()=\"OK\"]"}
RESULT: {"using":"xpath","value":"//bdi[text()=\"OK\"]"}
COMMAND: POST /session/1b6c7837aabde9e3293127df2ee335cc/elements - {"using":"xpath","value":"//bdi[text()=\"OK\"]"}
RESULT: {"using":"xpath","value":"//bdi[text()=\"OK\"]"}
COMMAND: POST /session/1b6c7837aabde9e3293127df2ee335cc/elements - {"using":"xpath","value":"//bdi[text()=\"OK\"]"}
RESULT: {"using":"xpath","value":"//bdi[text()=\"OK\"]"}
COMMAND: POST /session/1b6c7837aabde9e3293127df2ee335cc/elements - {"using":"xpath","value":"//bdi[text()=\"OK\"]"}
RESULT: {"using":"xpath","value":"//bdi[text()=\"OK\"]"}
COMMAND: POST /session/1b6c7837aabde9e3293127df2ee335cc/elements - {"using":"xpath","value":"//bdi[text()=\"OK\"]"}
RESULT: {"using":"xpath","value":"//bdi[text()=\"OK\"]"}
COMMAND: POST /session/1b6c7837aabde9e3293127df2ee335cc/elements - {"using":"xpath","value":"//bdi[text()=\"OK\"]"}
RESULT: {"using":"xpath","value":"//bdi[text()=\"OK\"]"}
COMMAND: POST /session/1b6c7837aabde9e3293127df2ee335cc/elements - {"using":"xpath","value":"//bdi[text()=\"OK\"]"}
RESULT: {"using":"xpath","value":"//bdi[text()=\"OK\"]"}
COMMAND: POST /session/1b6c7837aabde9e3293127df2ee335cc/elements - {"using":"xpath","value":"//bdi[text()=\"OK\"]"}
COMMAND: POST /session/1b6c7837aabde9e3293127df2ee335cc/execute/async - {"script":"<script> [1562 bytes]","args":[{"selector":{"id":"application-manageresources-display-component---newResourceUnit--TYPE-arrow"},"wdio_ui5_key":"applicationmanageresources-display-component---newResourceUnit--TYPE-arrow"}]}
RESULT: {"using":"xpath","value":"//bdi[text()=\"OK\"]"}
RESULT: {"script":"<script> [1562 bytes]","args":[{"selector":{"id":"application-manageresources-display-component---newResourceUnit--TYPE-arrow"},"wdio_ui5_key":"applicationmanageresources-display-component---newResourceUnit--TYPE-arrow"}]}
RESULT: undefined
COMMAND: POST /session/1b6c7837aabde9e3293127df2ee335cc/element - {"using":"xpath","value":"//*[@id=\"application-manageresources-display-component---newResourceUnit--TYPE-arrow\"]"}
RESULT: {"using":"xpath","value":"//*[@id=\"application-manageresources-display-component---newResourceUnit--TYPE-arrow\"]"}
COMMAND: POST /session/1b6c7837aabde9e3293127df2ee335cc/element/f.662FC9EC32089450E4582D1FE7DD78D5.d.02CA1E2087F59CFAA25E7A1EC34E3999.e.6605/click - {}
RESULT: {}
COMMAND: POST /session/1b6c7837aabde9e3293127df2ee335cc/execute/async - {"script":"<script> [1562 bytes]","args":[{"selector":{"controlType":"sap.m.StandardListItem","viewName":"reusables.view.manageresources.NewResourceUnit","viewId":"application-manageresources-display-component---newResourceUnit","properties":{"title":"Material"},"searchOpenDialogs":true,"interaction":{"idSuffix":"titleText"}},"wdio_ui5_key":"reusablesview.manageresources.NewResourceUnitsap.m.StandardListItem{\"title\":\"Material\"}"}]}
COMMAND: GET /session/1b6c7837aabde9e3293127df2ee335cc/screenshot - {}
RESULT: {"script":"<script> [1562 bytes]","args":[{"selector":{"controlType":"sap.m.StandardListItem","viewName":"reusables.view.manageresources.NewResourceUnit","viewId":"application-manageresources-display-component---newResourceUnit","properties":{"title":"Material"},"searchOpenDialogs":true,"interaction":{"idSuffix":"titleText"}},"wdio_ui5_key":"reusablesview.manageresources.NewResourceUnitsap.m.StandardListItem{\"title\":\"Material\"}"}]}
RESULT: undefined
COMMAND: POST /session/1b6c7837aabde9e3293127df2ee335cc/element - {"using":"xpath","value":"//*[@id=\"__item141\"]"}
RESULT: {}
RESULT: {"using":"xpath","value":"//*[@id=\"__item141\"]"}
COMMAND: POST /session/1b6c7837aabde9e3293127df2ee335cc/element/f.662FC9EC32089450E4582D1FE7DD78D5.d.02CA1E2087F59CFAA25E7A1EC34E3999.e.6608/click - {}
RESULT: {}
COMMAND: POST /session/1b6c7837aabde9e3293127df2ee335cc/execute/async - {"script":"<script> [1562 bytes]","args":[{"selector":{"id":"application-manageresources-display-component---newResourceUnit--SHORT_TEXT","interaction":{"idSuffix":"inner"}},"wdio_ui5_key":"applicationmanageresources-display-component---newResourceUnit--SHORT_TEXT"}]}
COMMAND: GET /session/1b6c7837aabde9e3293127df2ee335cc/screenshot - {}
RESULT: {"script":"<script> [1562 bytes]","args":[{"selector":{"id":"application-manageresources-display-component---newResourceUnit--SHORT_TEXT","interaction":{"idSuffix":"inner"}},"wdio_ui5_key":"applicationmanageresources-display-component---newResourceUnit--SHORT_TEXT"}]}
RESULT: undefined
COMMAND: POST /session/1b6c7837aabde9e3293127df2ee335cc/execute/async - {"script":"<script> [776 bytes]","args":[{"enterText":"WebdriverRU R2Cgjfui","selector":{"id":"application-manageresources-display-component---newResourceUnit--SHORT_TEXT","interaction":{"idSuffix":"inner"}},"clearTextFirst":true,"interactionType":"ENTER_TEXT"}]}
RESULT: {}
RESULT: {"script":"<script> [776 bytes]","args":[{"enterText":"WebdriverRU R2Cgjfui","selector":{"id":"application-manageresources-display-component---newResourceUnit--SHORT_TEXT","interaction":{"idSuffix":"inner"}},"clearTextFirst":true,"interactionType":"ENTER_TEXT"}]}
COMMAND: POST /session/1b6c7837aabde9e3293127df2ee335cc/execute/async - {"script":"<script> [1562 bytes]","args":[{"selector":{"id":"application-manageresources-display-component---newResourceUnit--BASE_UNIT_OF_MEASURE-arrow"},"wdio_ui5_key":"applicationmanageresources-display-component---newResourceUnit--BASE_UNIT_OF_MEASURE-arrow"}]}
RESULT: {"script":"<script> [1562 bytes]","args":[{"selector":{"id":"application-manageresources-display-component---newResourceUnit--BASE_UNIT_OF_MEASURE-arrow"},"wdio_ui5_key":"applicationmanageresources-display-component---newResourceUnit--BASE_UNIT_OF_MEASURE-arrow"}]}
RESULT: undefined
COMMAND: POST /session/1b6c7837aabde9e3293127df2ee335cc/element - {"using":"xpath","value":"//*[@id=\"application-manageresources-display-component---newResourceUnit--BASE_UNIT_OF_MEASURE-arrow\"]"}
RESULT: {"using":"xpath","value":"//*[@id=\"application-manageresources-display-component---newResourceUnit--BASE_UNIT_OF_MEASURE-arrow\"]"}
COMMAND: POST /session/1b6c7837aabde9e3293127df2ee335cc/element/f.662FC9EC32089450E4582D1FE7DD78D5.d.02CA1E2087F59CFAA25E7A1EC34E3999.e.6664/click - {}
RESULT: {}
COMMAND: POST /session/1b6c7837aabde9e3293127df2ee335cc/execute/async - {"script":"<script> [1562 bytes]","args":[{"selector":{"controlType":"sap.m.StandardListItem","viewName":"reusables.view.manageresources.NewResourceUnit","viewId":"application-manageresources-display-component---newResourceUnit","properties":{"title":"Piece"},"searchOpenDialogs":true,"interaction":{"idSuffix":"titleText"}},"wdio_ui5_key":"reusablesview.manageresources.NewResourceUnitsap.m.StandardListItem{\"title\":\"Piece\"}"}]}
COMMAND: GET /session/1b6c7837aabde9e3293127df2ee335cc/screenshot - {}
RESULT: {"script":"<script> [1562 bytes]","args":[{"selector":{"controlType":"sap.m.StandardListItem","viewName":"reusables.view.manageresources.NewResourceUnit","viewId":"application-manageresources-display-component---newResourceUnit","properties":{"title":"Piece"},"searchOpenDialogs":true,"interaction":{"idSuffix":"titleText"}},"wdio_ui5_key":"reusablesview.manageresources.NewResourceUnitsap.m.StandardListItem{\"title\":\"Piece\"}"}]}
RESULT: undefined
COMMAND: POST /session/1b6c7837aabde9e3293127df2ee335cc/element - {"using":"xpath","value":"//*[@id=\"__item183\"]"}
RESULT: {}
RESULT: {"using":"xpath","value":"//*[@id=\"__item183\"]"}
COMMAND: POST /session/1b6c7837aabde9e3293127df2ee335cc/element/f.662FC9EC32089450E4582D1FE7DD78D5.d.02CA1E2087F59CFAA25E7A1EC34E3999.e.6666/click - {}
RESULT: {}
COMMAND: POST /session/1b6c7837aabde9e3293127df2ee335cc/execute/async - {"script":"<script> [1562 bytes]","args":[{"selector":{"id":"application-manageresources-display-component---newResourceUnit--WEIGHT_UNIT-arrow"},"wdio_ui5_key":"applicationmanageresources-display-component---newResourceUnit--WEIGHT_UNIT-arrow"}]}
COMMAND: GET /session/1b6c7837aabde9e3293127df2ee335cc/screenshot - {}
RESULT: {"script":"<script> [1562 bytes]","args":[{"selector":{"id":"application-manageresources-display-component---newResourceUnit--WEIGHT_UNIT-arrow"},"wdio_ui5_key":"applicationmanageresources-display-component---newResourceUnit--WEIGHT_UNIT-arrow"}]}
RESULT: undefined
COMMAND: POST /session/1b6c7837aabde9e3293127df2ee335cc/element - {"using":"xpath","value":"//*[@id=\"application-manageresources-display-component---newResourceUnit--WEIGHT_UNIT-arrow\"]"}
RESULT: {}
RESULT: {"using":"xpath","value":"//*[@id=\"application-manageresources-display-component---newResourceUnit--WEIGHT_UNIT-arrow\"]"}
COMMAND: POST /session/1b6c7837aabde9e3293127df2ee335cc/element/f.662FC9EC32089450E4582D1FE7DD78D5.d.02CA1E2087F59CFAA25E7A1EC34E3999.e.6667/click - {}
RESULT: {}
COMMAND: POST /session/1b6c7837aabde9e3293127df2ee335cc/execute/async - {"script":"<script> [1562 bytes]","args":[{"selector":{"controlType":"sap.m.StandardListItem","viewName":"reusables.view.manageresources.NewResourceUnit","viewId":"application-manageresources-display-component---newResourceUnit","properties":{"title":"Gram"},"searchOpenDialogs":true,"interaction":{"idSuffix":"content"}},"wdio_ui5_key":"reusablesview.manageresources.NewResourceUnitsap.m.StandardListItem{\"title\":\"Gram\"}"}]}
COMMAND: GET /session/1b6c7837aabde9e3293127df2ee335cc/screenshot - {}
RESULT: {"script":"<script> [1562 bytes]","args":[{"selector":{"controlType":"sap.m.StandardListItem","viewName":"reusables.view.manageresources.NewResourceUnit","viewId":"application-manageresources-display-component---newResourceUnit","properties":{"title":"Gram"},"searchOpenDialogs":true,"interaction":{"idSuffix":"content"}},"wdio_ui5_key":"reusablesview.manageresources.NewResourceUnitsap.m.StandardListItem{\"title\":\"Gram\"}"}]}
RESULT: undefined
COMMAND: POST /session/1b6c7837aabde9e3293127df2ee335cc/element - {"using":"xpath","value":"//*[@id=\"__item248\"]"}
RESULT: {}
RESULT: {"using":"xpath","value":"//*[@id=\"__item248\"]"}
COMMAND: POST /session/1b6c7837aabde9e3293127df2ee335cc/element/f.662FC9EC32089450E4582D1FE7DD78D5.d.02CA1E2087F59CFAA25E7A1EC34E3999.e.6669/click - {}
RESULT: {}
COMMAND: GET /session/1b6c7837aabde9e3293127df2ee335cc/screenshot - {}
RESULT: {}
COMMAND: POST /session/1b6c7837aabde9e3293127df2ee335cc/execute/async - {"script":"<script> [1562 bytes]","args":[{"selector":{"id":"application-manageresources-display-component---newResourceUnit--newRRUPage-OPHeaderContent-collapseBtn-img"},"wdio_ui5_key":"applicationmanageresources-display-component---newResourceUnit--newRRUPage-OPHeaderContent-collapseBtn-img"}]}
RESULT: {"script":"<script> [1562 bytes]","args":[{"selector":{"id":"application-manageresources-display-component---newResourceUnit--newRRUPage-OPHeaderContent-collapseBtn-img"},"wdio_ui5_key":"applicationmanageresources-display-component---newResourceUnit--newRRUPage-OPHeaderContent-collapseBtn-img"}]}
RESULT: undefined
COMMAND: POST /session/1b6c7837aabde9e3293127df2ee335cc/element - {"using":"xpath","value":"//*[@id=\"application-manageresources-display-component---newResourceUnit--newRRUPage-OPHeaderContent-collapseBtn-img\"]"}
RESULT: {"using":"xpath","value":"//*[@id=\"application-manageresources-display-component---newResourceUnit--newRRUPage-OPHeaderContent-collapseBtn-img\"]"}
COMMAND: POST /session/1b6c7837aabde9e3293127df2ee335cc/element/f.662FC9EC32089450E4582D1FE7DD78D5.d.02CA1E2087F59CFAA25E7A1EC34E3999.e.6616/click - {}
RESULT: {}
COMMAND: GET /session/1b6c7837aabde9e3293127df2ee335cc/screenshot - {}
RESULT: {}
COMMAND: POST /session/1b6c7837aabde9e3293127df2ee335cc/element - {"using":"xpath","value":"(//span[contains(@id ,\"application-manageresources-display-component---newResourceUnit--DIMENSION_UNIT-arrow\")])[1]"}
RESULT: {"using":"xpath","value":"(//span[contains(@id ,\"application-manageresources-display-component---newResourceUnit--DIMENSION_UNIT-arrow\")])[1]"}
COMMAND: POST /session/1b6c7837aabde9e3293127df2ee335cc/element/f.662FC9EC32089450E4582D1FE7DD78D5.d.02CA1E2087F59CFAA25E7A1EC34E3999.e.6673/click - {}
RESULT: {}
COMMAND: GET /session/1b6c7837aabde9e3293127df2ee335cc/screenshot - {}
RESULT: {}
COMMAND: POST /session/1b6c7837aabde9e3293127df2ee335cc/execute/async - {"script":"<script> [1562 bytes]","args":[{"selector":{"controlType":"sap.m.StandardListItem","viewName":"reusables.view.manageresources.NewResourceUnit","viewId":"application-manageresources-display-component---newResourceUnit","properties":{"title":"Centimeter"},"searchOpenDialogs":true,"interaction":{"idSuffix":"titleText"}},"wdio_ui5_key":"reusablesview.manageresources.NewResourceUnitsap.m.StandardListItem{\"title\":\"Centimeter\"}"}]}
RESULT: {"script":"<script> [1562 bytes]","args":[{"selector":{"controlType":"sap.m.StandardListItem","viewName":"reusables.view.manageresources.NewResourceUnit","viewId":"application-manageresources-display-component---newResourceUnit","properties":{"title":"Centimeter"},"searchOpenDialogs":true,"interaction":{"idSuffix":"titleText"}},"wdio_ui5_key":"reusablesview.manageresources.NewResourceUnitsap.m.StandardListItem{\"title\":\"Centimeter\"}"}]}
RESULT: undefined
COMMAND: POST /session/1b6c7837aabde9e3293127df2ee335cc/element - {"using":"xpath","value":"//*[@id=\"__item251\"]"}
RESULT: {"using":"xpath","value":"//*[@id=\"__item251\"]"}
COMMAND: POST /session/1b6c7837aabde9e3293127df2ee335cc/element/f.662FC9EC32089450E4582D1FE7DD78D5.d.02CA1E2087F59CFAA25E7A1EC34E3999.e.6677/click - {}
RESULT: {}
COMMAND: GET /session/1b6c7837aabde9e3293127df2ee335cc/screenshot - {}
RESULT: {}
COMMAND: POST /session/1b6c7837aabde9e3293127df2ee335cc/execute/async - {"script":"<script> [1562 bytes]","args":[{"selector":{"id":"application-manageresources-display-component---newResourceUnit--newRRUPage-anchBar-application-manageresources-display-component---newResourceUnit--reference-anchor","interaction":{"idSuffix":"BDI-content"}},"wdio_ui5_key":"applicationmanageresources-display-component---newResourceUnit--newRRUPage-anchBar-application-manageresources-display-component---newResourceUnit--reference-anchor"}]}
RESULT: {"script":"<script> [1562 bytes]","args":[{"selector":{"id":"application-manageresources-display-component---newResourceUnit--newRRUPage-anchBar-application-manageresources-display-component---newResourceUnit--reference-anchor","interaction":{"idSuffix":"BDI-content"}},"wdio_ui5_key":"applicationmanageresources-display-component---newResourceUnit--newRRUPage-anchBar-application-manageresources-display-component---newResourceUnit--reference-anchor"}]}
RESULT: undefined
COMMAND: POST /session/1b6c7837aabde9e3293127df2ee335cc/element - {"using":"xpath","value":"//*[@id=\"application-manageresources-display-component---newResourceUnit--newRRUPage-anchBar-application-manageresources-display-component---newResourceUnit--reference-anchor\"]"}
RESULT: {"using":"xpath","value":"//*[@id=\"application-manageresources-display-component---newResourceUnit--newRRUPage-anchBar-application-manageresources-display-component---newResourceUnit--reference-anchor\"]"}
COMMAND: POST /session/1b6c7837aabde9e3293127df2ee335cc/element/f.662FC9EC32089450E4582D1FE7DD78D5.d.02CA1E2087F59CFAA25E7A1EC34E3999.e.6679/click - {}
RESULT: {}
COMMAND: POST /session/1b6c7837aabde9e3293127df2ee335cc/execute/async - {"script":"<script> [1562 bytes]","args":[{"selector":{"id":"application-manageresources-display-component---newResourceUnit--PLANNING_GROUP-arrow"},"wdio_ui5_key":"applicationmanageresources-display-component---newResourceUnit--PLANNING_GROUP-arrow"}]}
COMMAND: GET /session/1b6c7837aabde9e3293127df2ee335cc/screenshot - {}
RESULT: {"script":"<script> [1562 bytes]","args":[{"selector":{"id":"application-manageresources-display-component---newResourceUnit--PLANNING_GROUP-arrow"},"wdio_ui5_key":"applicationmanageresources-display-component---newResourceUnit--PLANNING_GROUP-arrow"}]}
RESULT: undefined
COMMAND: POST /session/1b6c7837aabde9e3293127df2ee335cc/element - {"using":"xpath","value":"//*[@id=\"application-manageresources-display-component---newResourceUnit--PLANNING_GROUP-arrow\"]"}
RESULT: {}
RESULT: {"using":"xpath","value":"//*[@id=\"application-manageresources-display-component---newResourceUnit--PLANNING_GROUP-arrow\"]"}
COMMAND: POST /session/1b6c7837aabde9e3293127df2ee335cc/element/f.662FC9EC32089450E4582D1FE7DD78D5.d.02CA1E2087F59CFAA25E7A1EC34E3999.e.6683/click - {}
RESULT: {}
COMMAND: POST /session/1b6c7837aabde9e3293127df2ee335cc/execute/async - {"script":"<script> [1562 bytes]","args":[{"selector":{"controlType":"sap.m.StandardListItem","viewName":"reusables.view.manageresources.NewResourceUnit","viewId":"application-manageresources-display-component---newResourceUnit","properties":{"title":"Heavy Equi"},"searchOpenDialogs":true,"interaction":{"idSuffix":"content"}},"wdio_ui5_key":"reusablesview.manageresources.NewResourceUnitsap.m.StandardListItem{\"title\":\"Heavy Equi\"}"}]}
COMMAND: GET /session/1b6c7837aabde9e3293127df2ee335cc/screenshot - {}
RESULT: {"script":"<script> [1562 bytes]","args":[{"selector":{"controlType":"sap.m.StandardListItem","viewName":"reusables.view.manageresources.NewResourceUnit","viewId":"application-manageresources-display-component---newResourceUnit","properties":{"title":"Heavy Equi"},"searchOpenDialogs":true,"interaction":{"idSuffix":"content"}},"wdio_ui5_key":"reusablesview.manageresources.NewResourceUnitsap.m.StandardListItem{\"title\":\"Heavy Equi\"}"}]}
RESULT: undefined
COMMAND: POST /session/1b6c7837aabde9e3293127df2ee335cc/element - {"using":"xpath","value":"//*[@id=\"__item259\"]"}
RESULT: {}
RESULT: {"using":"xpath","value":"//*[@id=\"__item259\"]"}
COMMAND: POST /session/1b6c7837aabde9e3293127df2ee335cc/element/f.662FC9EC32089450E4582D1FE7DD78D5.d.02CA1E2087F59CFAA25E7A1EC34E3999.e.6687/click - {}
RESULT: {}
COMMAND: GET /session/1b6c7837aabde9e3293127df2ee335cc/screenshot - {}
RESULT: {}
COMMAND: POST /session/1b6c7837aabde9e3293127df2ee335cc/execute/async - {"script":"<script> [1562 bytes]","args":[{"selector":{"id":"application-manageresources-display-component---newResourceUnit--PLANNING_INDICATOR-arrow"},"wdio_ui5_key":"applicationmanageresources-display-component---newResourceUnit--PLANNING_INDICATOR-arrow"}]}
RESULT: {"script":"<script> [1562 bytes]","args":[{"selector":{"id":"application-manageresources-display-component---newResourceUnit--PLANNING_INDICATOR-arrow"},"wdio_ui5_key":"applicationmanageresources-display-component---newResourceUnit--PLANNING_INDICATOR-arrow"}]}
RESULT: undefined
COMMAND: POST /session/1b6c7837aabde9e3293127df2ee335cc/element - {"using":"xpath","value":"//*[@id=\"application-manageresources-display-component---newResourceUnit--PLANNING_INDICATOR-arrow\"]"}
RESULT: {"using":"xpath","value":"//*[@id=\"application-manageresources-display-component---newResourceUnit--PLANNING_INDICATOR-arrow\"]"}
COMMAND: POST /session/1b6c7837aabde9e3293127df2ee335cc/element/f.662FC9EC32089450E4582D1FE7DD78D5.d.02CA1E2087F59CFAA25E7A1EC34E3999.e.6688/click - {}
RESULT: {}
COMMAND: POST /session/1b6c7837aabde9e3293127df2ee335cc/execute/async - {"script":"<script> [1562 bytes]","args":[{"selector":{"controlType":"sap.m.StandardListItem","viewName":"reusables.view.manageresources.NewResourceUnit","viewId":"application-manageresources-display-component---newResourceUnit","properties":{"title":"10 - infinite"},"searchOpenDialogs":true,"interaction":{"idSuffix":"content"}},"wdio_ui5_key":"reusablesview.manageresources.NewResourceUnitsap.m.StandardListItem{\"title\":\"10 - infinite\"}"}]}
COMMAND: GET /session/1b6c7837aabde9e3293127df2ee335cc/screenshot - {}
RESULT: {"script":"<script> [1562 bytes]","args":[{"selector":{"controlType":"sap.m.StandardListItem","viewName":"reusables.view.manageresources.NewResourceUnit","viewId":"application-manageresources-display-component---newResourceUnit","properties":{"title":"10 - infinite"},"searchOpenDialogs":true,"interaction":{"idSuffix":"content"}},"wdio_ui5_key":"reusablesview.manageresources.NewResourceUnitsap.m.StandardListItem{\"title\":\"10 - infinite\"}"}]}
RESULT: undefined
COMMAND: POST /session/1b6c7837aabde9e3293127df2ee335cc/element - {"using":"xpath","value":"//*[@id=\"__item269\"]"}
RESULT: {}
RESULT: {"using":"xpath","value":"//*[@id=\"__item269\"]"}
COMMAND: POST /session/1b6c7837aabde9e3293127df2ee335cc/element/f.662FC9EC32089450E4582D1FE7DD78D5.d.02CA1E2087F59CFAA25E7A1EC34E3999.e.6690/click - {}
RESULT: {}
COMMAND: GET /session/1b6c7837aabde9e3293127df2ee335cc/screenshot - {}
RESULT: {}
COMMAND: POST /session/1b6c7837aabde9e3293127df2ee335cc/element - {"using":"xpath","value":"//bdi[contains(text(), \"Time Segment\")]"}
RESULT: {"using":"xpath","value":"//bdi[contains(text(), \"Time Segment\")]"}
COMMAND: GET /session/1b6c7837aabde9e3293127df2ee335cc/element/f.662FC9EC32089450E4582D1FE7DD78D5.d.02CA1E2087F59CFAA25E7A1EC34E3999.e.6691/rect - {}
RESULT: {}
COMMAND: GET /session/1b6c7837aabde9e3293127df2ee335cc/window/rect - {}
RESULT: {}
COMMAND: POST /session/1b6c7837aabde9e3293127df2ee335cc/execute/sync - {"script":"<script> [92 bytes]","args":[]}
RESULT: {"script":"<script> [92 bytes]","args":[]}
COMMAND: POST /session/1b6c7837aabde9e3293127df2ee335cc/actions - {"actions":[{"id":"action17","type":"wheel","parameters":{},"actions":[{"type":"scroll","x":-1820,"y":-21,"deltaX":0,"deltaY":0,"duration":0,"origin":{"element-6066-11e4-a52e-4f735466cecf":"f.662FC9EC32089450E4582D1FE7DD78D5.d.02CA1E2087F59CFAA25E7A1EC34E3999.e.6691"}}]}]}
COMMAND: GET /session/1b6c7837aabde9e3293127df2ee335cc/screenshot - {}
RESULT: {}
COMMAND: POST /session/1b6c7837aabde9e3293127df2ee335cc/execute/sync - {"script":"<script> [79 bytes]","args":[{"element-6066-11e4-a52e-4f735466cecf":"f.662FC9EC32089450E4582D1FE7DD78D5.d.02CA1E2087F59CFAA25E7A1EC34E3999.e.6691","ELEMENT":"f.662FC9EC32089450E4582D1FE7DD78D5.d.02CA1E2087F59CFAA25E7A1EC34E3999.e.6691"},{"block":"start","inline":"nearest"}]}
RESULT: {"script":"<script> [79 bytes]","args":[{"element-6066-11e4-a52e-4f735466cecf":"f.662FC9EC32089450E4582D1FE7DD78D5.d.02CA1E2087F59CFAA25E7A1EC34E3999.e.6691","ELEMENT":"f.662FC9EC32089450E4582D1FE7DD78D5.d.02CA1E2087F59CFAA25E7A1EC34E3999.e.6691"},{"block":"start","inline":"nearest"}]}
COMMAND: GET /session/1b6c7837aabde9e3293127df2ee335cc/screenshot - {}
RESULT: {}
COMMAND: POST /session/1b6c7837aabde9e3293127df2ee335cc/element - {"using":"xpath","value":"//span[@id=\"application-manageresources-display-component---newResourceUnit--btnAddTimeSegment-img\"]"}
RESULT: {"using":"xpath","value":"//span[@id=\"application-manageresources-display-component---newResourceUnit--btnAddTimeSegment-img\"]"}
COMMAND: POST /session/1b6c7837aabde9e3293127df2ee335cc/execute/sync - {"script":"<script> [8489 bytes]","args":[{"element-6066-11e4-a52e-4f735466cecf":"f.662FC9EC32089450E4582D1FE7DD78D5.d.02CA1E2087F59CFAA25E7A1EC34E3999.e.6694","ELEMENT":"f.662FC9EC32089450E4582D1FE7DD78D5.d.02CA1E2087F59CFAA25E7A1EC34E3999.e.6694"}]}
RESULT: {"script":"<script> [8489 bytes]","args":[{"element-6066-11e4-a52e-4f735466cecf":"f.662FC9EC32089450E4582D1FE7DD78D5.d.02CA1E2087F59CFAA25E7A1EC34E3999.e.6694","ELEMENT":"f.662FC9EC32089450E4582D1FE7DD78D5.d.02CA1E2087F59CFAA25E7A1EC34E3999.e.6694"}]}
COMMAND: POST /session/1b6c7837aabde9e3293127df2ee335cc/element/f.662FC9EC32089450E4582D1FE7DD78D5.d.02CA1E2087F59CFAA25E7A1EC34E3999.e.6694/click - {}
COMMAND: GET /session/1b6c7837aabde9e3293127df2ee335cc/screenshot - {}
RESULT: {}
COMMAND: GET /session/1b6c7837aabde9e3293127df2ee335cc/screenshot - {}
COMMAND: POST /session/1b6c7837aabde9e3293127df2ee335cc/element - {"using":"xpath","value":"//input[@id=\"application-manageresources-display-component---newResourceUnit--idRuTSAdmin-application-manageresources-display-component---newResourceUnit--RUTimeSegment-0-inner\"]"}
RESULT: {}
RESULT: {}
RESULT: {"using":"xpath","value":"//input[@id=\"application-manageresources-display-component---newResourceUnit--idRuTSAdmin-application-manageresources-display-component---newResourceUnit--RUTimeSegment-0-inner\"]"}
COMMAND: POST /session/1b6c7837aabde9e3293127df2ee335cc/element/f.662FC9EC32089450E4582D1FE7DD78D5.d.02CA1E2087F59CFAA25E7A1EC34E3999.e.6697/clear - {}
RESULT: {}
COMMAND: POST /session/1b6c7837aabde9e3293127df2ee335cc/element/f.662FC9EC32089450E4582D1FE7DD78D5.d.02CA1E2087F59CFAA25E7A1EC34E3999.e.6697/value - {"text":"489"}
COMMAND: GET /session/1b6c7837aabde9e3293127df2ee335cc/screenshot - {}
RESULT: {"text":"489"}
COMMAND: GET /session/1b6c7837aabde9e3293127df2ee335cc/screenshot - {}
RESULT: {}
RESULT: {}
COMMAND: POST /session/1b6c7837aabde9e3293127df2ee335cc/actions - {"actions":[{"id":"action18","type":"key","parameters":{},"actions":[{"type":"keyDown","value":"î€‡"},{"type":"pause","duration":10},{"type":"keyUp","value":"î€‡"}]}]}
RESULT: {"actions":[{"id":"action18","type":"key","parameters":{},"actions":[{"type":"keyDown","value":"î€‡"},{"type":"pause","duration":10},{"type":"keyUp","value":"î€‡"}]}]}
COMMAND: GET /session/1b6c7837aabde9e3293127df2ee335cc/screenshot - {}
RESULT: {}
COMMAND: POST /session/1b6c7837aabde9e3293127df2ee335cc/execute/async - {"script":"<script> [1562 bytes]","args":[{"selector":{"controlType":"sap.m.Button","viewName":"reusables.view.manageresources.NewResourceUnit","viewId":"application-manageresources-display-component---newResourceUnit","i18NText":{"propertyName":"tooltip","key":"save"},"interaction":{"idSuffix":"BDI-content"}},"wdio_ui5_key":"reusablesview.manageresources.NewResourceUnitsap.m.Button{\"propertyName\":\"tooltip\",\"key\":\"save\"}"}]}
RESULT: {"script":"<script> [1562 bytes]","args":[{"selector":{"controlType":"sap.m.Button","viewName":"reusables.view.manageresources.NewResourceUnit","viewId":"application-manageresources-display-component---newResourceUnit","i18NText":{"propertyName":"tooltip","key":"save"},"interaction":{"idSuffix":"BDI-content"}},"wdio_ui5_key":"reusablesview.manageresources.NewResourceUnitsap.m.Button{\"propertyName\":\"tooltip\",\"key\":\"save\"}"}]}
RESULT: undefined
COMMAND: POST /session/1b6c7837aabde9e3293127df2ee335cc/element - {"using":"xpath","value":"//*[@id=\"application-manageresources-display-component---newResourceUnit--createRuButton\"]"}
RESULT: {"using":"xpath","value":"//*[@id=\"application-manageresources-display-component---newResourceUnit--createRuButton\"]"}
COMMAND: POST /session/1b6c7837aabde9e3293127df2ee335cc/element/f.662FC9EC32089450E4582D1FE7DD78D5.d.02CA1E2087F59CFAA25E7A1EC34E3999.e.6622/click - {}
RESULT: {}
COMMAND: GET /session/1b6c7837aabde9e3293127df2ee335cc/screenshot - {}
RESULT: {}
COMMAND: POST /session/1b6c7837aabde9e3293127df2ee335cc/execute/async - {"script":"<script> [1562 bytes]","args":[{"selector":{"controlType":"sap.m.Title","properties":{"text":"Success"},"searchOpenDialogs":true},"wdio_ui5_key":"sapm.Title{\"text\":\"Success\"}"}]}
RESULT: {"script":"<script> [1562 bytes]","args":[{"selector":{"controlType":"sap.m.Title","properties":{"text":"Success"},"searchOpenDialogs":true},"wdio_ui5_key":"sapm.Title{\"text\":\"Success\"}"}]}
RESULT: undefined
COMMAND: POST /session/1b6c7837aabde9e3293127df2ee335cc/execute/async - {"script":"<script> [6424 bytes]","args":[{"element-6066-11e4-a52e-4f735466cecf":"f.662FC9EC32089450E4582D1FE7DD78D5.d.02CA1E2087F59CFAA25E7A1EC34E3999.e.6711"},"getText",[]]}
RESULT: {"script":"<script> [6424 bytes]","args":[{"element-6066-11e4-a52e-4f735466cecf":"f.662FC9EC32089450E4582D1FE7DD78D5.d.02CA1E2087F59CFAA25E7A1EC34E3999.e.6711"},"getText",[]]}
COMMAND: POST /session/1b6c7837aabde9e3293127df2ee335cc/element - {"using":"xpath","value":"//*[contains(@id, '__text') and (contains(text(), 'successfully created') or contains(., 'successfully created'))]"}
RESULT: {"using":"xpath","value":"//*[contains(@id, '__text') and (contains(text(), 'successfully created') or contains(., 'successfully created'))]"}
COMMAND: GET /session/1b6c7837aabde9e3293127df2ee335cc/element/f.662FC9EC32089450E4582D1FE7DD78D5.d.02CA1E2087F59CFAA25E7A1EC34E3999.e.6709/text - {}
RESULT: {}
COMMAND: POST /session/1b6c7837aabde9e3293127df2ee335cc/execute/async - {"script":"<script> [1562 bytes]","args":[{"selector":{"controlType":"sap.m.Button","properties":{"text":"Close"},"searchOpenDialogs":true,"interaction":{"idSuffix":"BDI-content"}},"wdio_ui5_key":"sapm.Button{\"text\":\"Close\"}"}]}
RESULT: {"script":"<script> [1562 bytes]","args":[{"selector":{"controlType":"sap.m.Button","properties":{"text":"Close"},"searchOpenDialogs":true,"interaction":{"idSuffix":"BDI-content"}},"wdio_ui5_key":"sapm.Button{\"text\":\"Close\"}"}]}
RESULT: undefined
COMMAND: POST /session/1b6c7837aabde9e3293127df2ee335cc/element - {"using":"xpath","value":"//*[@id=\"__mbox-btn-0\"]"}
RESULT: {"using":"xpath","value":"//*[@id=\"__mbox-btn-0\"]"}
COMMAND: POST /session/1b6c7837aabde9e3293127df2ee335cc/element/f.662FC9EC32089450E4582D1FE7DD78D5.d.02CA1E2087F59CFAA25E7A1EC34E3999.e.6707/click - {}
RESULT: {}
COMMAND: GET /session/1b6c7837aabde9e3293127df2ee335cc/screenshot - {}
RESULT: {}
COMMAND: POST /session/1b6c7837aabde9e3293127df2ee335cc/execute/async - {"script":"<script> [1562 bytes]","args":[{"selector":{"controlType":"sap.ui.core.Icon","viewName":"etm.portal.ui.manageresources.view.Detail","viewId":"application-manageresources-display-component---detailRU","properties":{"src":{"regex":{"source":"overflow"}}}},"wdio_ui5_key":"etmportal.ui.manageresources.view.Detailsap.ui.core.Icon{\"src\":{\"regex\":{\"source\":\"overflow\"}}}"}]}
RESULT: {"script":"<script> [1562 bytes]","args":[{"selector":{"controlType":"sap.ui.core.Icon","viewName":"etm.portal.ui.manageresources.view.Detail","viewId":"application-manageresources-display-component---detailRU","properties":{"src":{"regex":{"source":"overflow"}}}},"wdio_ui5_key":"etmportal.ui.manageresources.view.Detailsap.ui.core.Icon{\"src\":{\"regex\":{\"source\":\"overflow\"}}}"}]}
RESULT: undefined
COMMAND: POST /session/1b6c7837aabde9e3293127df2ee335cc/element - {"using":"xpath","value":"//*[@id=\"__title14-_actionsToolbar-overflowButton-img\"]"}
RESULT: {"using":"xpath","value":"//*[@id=\"__title14-_actionsToolbar-overflowButton-img\"]"}
COMMAND: POST /session/1b6c7837aabde9e3293127df2ee335cc/element/f.662FC9EC32089450E4582D1FE7DD78D5.d.02CA1E2087F59CFAA25E7A1EC34E3999.e.6739/click - {}
RESULT: {}
COMMAND: POST /session/1b6c7837aabde9e3293127df2ee335cc/execute/async - {"script":"<script> [1562 bytes]","args":[{"selector":{"controlType":"sap.m.Button","viewName":"etm.portal.ui.manageresources.view.Detail","viewId":"application-manageresources-display-component---detailRU","i18NText":{"propertyName":"tooltip","key":"closeColumn"},"searchOpenDialogs":true,"interaction":{"idSuffix":"inner"}},"wdio_ui5_key":"etmportal.ui.manageresources.view.Detailsap.m.Button{\"propertyName\":\"tooltip\",\"key\":\"closeColumn\"}"}]}
COMMAND: GET /session/1b6c7837aabde9e3293127df2ee335cc/screenshot - {}
RESULT: {"script":"<script> [1562 bytes]","args":[{"selector":{"controlType":"sap.m.Button","viewName":"etm.portal.ui.manageresources.view.Detail","viewId":"application-manageresources-display-component---detailRU","i18NText":{"propertyName":"tooltip","key":"closeColumn"},"searchOpenDialogs":true,"interaction":{"idSuffix":"inner"}},"wdio_ui5_key":"etmportal.ui.manageresources.view.Detailsap.m.Button{\"propertyName\":\"tooltip\",\"key\":\"closeColumn\"}"}]}
RESULT: undefined
COMMAND: POST /session/1b6c7837aabde9e3293127df2ee335cc/element - {"using":"xpath","value":"//*[@id=\"__button41\"]"}
RESULT: {}
RESULT: {"using":"xpath","value":"//*[@id=\"__button41\"]"}
COMMAND: POST /session/1b6c7837aabde9e3293127df2ee335cc/element/f.662FC9EC32089450E4582D1FE7DD78D5.d.02CA1E2087F59CFAA25E7A1EC34E3999.e.6743/click - {}
RESULT: {}
COMMAND: GET /session/1b6c7837aabde9e3293127df2ee335cc/screenshot - {}
RESULT: {}
COMMAND: POST /session/1b6c7837aabde9e3293127df2ee335cc/refresh - {}
RESULT: {}
COMMAND: GET /session/1b6c7837aabde9e3293127df2ee335cc/screenshot - {}
RESULT: {}
COMMAND: POST /session/1b6c7837aabde9e3293127df2ee335cc/refresh - {}
RESULT: {}
COMMAND: GET /session/1b6c7837aabde9e3293127df2ee335cc/screenshot - {}
RESULT: {}
COMMAND: POST /session/1b6c7837aabde9e3293127df2ee335cc/window/fullscreen - {}
RESULT: {}
COMMAND: POST /session/1b6c7837aabde9e3293127df2ee335cc/execute/async - {"script":"<script> [189 bytes]","args":[]}
RESULT: {"script":"<script> [189 bytes]","args":[]}
COMMAND: POST /session/1b6c7837aabde9e3293127df2ee335cc/execute/async - {"script":"<script> [123 bytes]","args":[]}
RESULT: {"script":"<script> [123 bytes]","args":[]}
COMMAND: POST /session/1b6c7837aabde9e3293127df2ee335cc/timeouts - {"script":"<number>"}
RESULT: {"script":"<number>"}
COMMAND: GET /session/1b6c7837aabde9e3293127df2ee335cc/timeouts - {}
RESULT: {}
RESULT: undefined
COMMAND: POST /session/1b6c7837aabde9e3293127df2ee335cc/execute/async - {"script":"<script> [2676 bytes]","args":[]}
RESULT: {"script":"<script> [2676 bytes]","args":[]}
COMMAND: POST /session/1b6c7837aabde9e3293127df2ee335cc/execute/async - {"script":"<script> [2342 bytes]","args":[{"protocol":"http","hostname":"0.0.0.0","path":"/","capabilities":{"browserName":"chrome","goog:chromeOptions":{"binary":"C:\\Program Files\\Google\\Chrome\\Application\\chrome.exe","args":["--start-maximized"]}},"logLevel":"warn","connectionRetryTimeout":120000,"connectionRetryCount":3,"logLevels":{},"enableDirectConnect":true,"strictSSL":true,"_":"65 more keys: [\"cacheDir\",\"port\",\"requestedCapabilities\",\"automationProtocol\",\"baseUrl\",\"waitforInterval\",\"waitforTimeout\",\"onReload\",\"beforeCommand\",\"afterCommand\",\"rootDir\",\"specs\",\"suites\",\"exclude\",\"groupLogsByTestSpec\",\"excludeDriverLogs\",\"bail\",\"framework\",\"reporters\",\"services\",\"maxInstances\",\"maxInstancesPerCapability\",\"injectGlobals\",\"filesToWatch\",\"execArgv\",\"runnerEnv\",\"runner\",\"shard\",\"specFileRetries\",\"specFileRetriesDelay\",\"specFileRetriesDeferred\",\"reporterSyncInterval\",\"reporterSyncTimeout\",\"cucumberFeaturesWithLineNumbers\",\"autoCompileOpts\",\"mochaOpts\",\"jasmineOpts\",\"cucumberOpts\",\"onPrepare\",\"onWorkerStart\",\"onWorkerEnd\",\"before\",\"beforeSession\",\"beforeSuite\",\"beforeHook\",\"beforeTest\",\"afterTest\",\"afterHook\",\"afterSuite\",\"afterSession\",\"after\",\"onComplete\",\"beforeAssertion\",\"afterAssertion\",\"beforeFeature\",\"beforeScenario\",\"beforeStep\",\"afterStep\",\"afterScenario\",\"afterFeature\",\"_\",\"suite\",\"$0\",\"ignoredWorkerServices\",\"wdi5\"]"}]}
RESULT: {"script":"<script> [2342 bytes]","args":[{"protocol":"http","hostname":"0.0.0.0","path":"/","capabilities":{"browserName":"chrome","goog:chromeOptions":{"binary":"C:\\Program Files\\Google\\Chrome\\Application\\chrome.exe","args":["--start-maximized"]}},"logLevel":"warn","connectionRetryTimeout":120000,"connectionRetryCount":3,"logLevels":{},"enableDirectConnect":true,"strictSSL":true,"_":"65 more keys: [\"cacheDir\",\"port\",\"requestedCapabilities\",\"automationProtocol\",\"baseUrl\",\"waitforInterval\",\"waitforTimeout\",\"onReload\",\"beforeCommand\",\"afterCommand\",\"rootDir\",\"specs\",\"suites\",\"exclude\",\"groupLogsByTestSpec\",\"excludeDriverLogs\",\"bail\",\"framework\",\"reporters\",\"services\",\"maxInstances\",\"maxInstancesPerCapability\",\"injectGlobals\",\"filesToWatch\",\"execArgv\",\"runnerEnv\",\"runner\",\"shard\",\"specFileRetries\",\"specFileRetriesDelay\",\"specFileRetriesDeferred\",\"reporterSyncInterval\",\"reporterSyncTimeout\",\"cucumberFeaturesWithLineNumbers\",\"autoCompileOpts\",\"mochaOpts\",\"jasmineOpts\",\"cucumberOpts\",\"onPrepare\",\"onWorkerStart\",\"onWorkerEnd\",\"before\",\"beforeSession\",\"beforeSuite\",\"beforeHook\",\"beforeTest\",\"afterTest\",\"afterHook\",\"afterSuite\",\"afterSession\",\"after\",\"onComplete\",\"beforeAssertion\",\"afterAssertion\",\"beforeFeature\",\"beforeScenario\",\"beforeStep\",\"afterStep\",\"afterScenario\",\"afterFeature\",\"_\",\"suite\",\"$0\",\"ignoredWorkerServices\",\"wdi5\"]"}]}
COMMAND: POST /session/1b6c7837aabde9e3293127df2ee335cc/execute/async - {"script":"<script> [21126 bytes]","args":[35000]}
RESULT: {"script":"<script> [21126 bytes]","args":[35000]}
]]></system-out>
    </testcase>
    <testcase classname="chrome.136_0_7103_93.windows.Create_2_RU_material_US118246" name="Create WHM material" time="187.329">
      <system-out><![CDATA[
COMMAND: POST /session/1b6c7837aabde9e3293127df2ee335cc/element - {"using":"xpath","value":"//button[@data-kt=\"addNewRUOverflowToolbarButton\"]"}
RESULT: {"using":"xpath","value":"//button[@data-kt=\"addNewRUOverflowToolbarButton\"]"}
COMMAND: POST /session/1b6c7837aabde9e3293127df2ee335cc/execute/sync - {"script":"<script> [8489 bytes]","args":[{"element-6066-11e4-a52e-4f735466cecf":"f.662FC9EC32089450E4582D1FE7DD78D5.d.CE51663C39BD209602F208F3AD3904F5.e.6843","ELEMENT":"f.662FC9EC32089450E4582D1FE7DD78D5.d.CE51663C39BD209602F208F3AD3904F5.e.6843"}]}
RESULT: {"script":"<script> [8489 bytes]","args":[{"element-6066-11e4-a52e-4f735466cecf":"f.662FC9EC32089450E4582D1FE7DD78D5.d.CE51663C39BD209602F208F3AD3904F5.e.6843","ELEMENT":"f.662FC9EC32089450E4582D1FE7DD78D5.d.CE51663C39BD209602F208F3AD3904F5.e.6843"}]}
COMMAND: POST /session/1b6c7837aabde9e3293127df2ee335cc/element/f.662FC9EC32089450E4582D1FE7DD78D5.d.CE51663C39BD209602F208F3AD3904F5.e.6843/click - {}
COMMAND: GET /session/1b6c7837aabde9e3293127df2ee335cc/screenshot - {}
RESULT: {}
COMMAND: GET /session/1b6c7837aabde9e3293127df2ee335cc/screenshot - {}
RESULT: {}
RESULT: {}
COMMAND: POST /session/1b6c7837aabde9e3293127df2ee335cc/execute/async - {"script":"<script> [1562 bytes]","args":[{"selector":{"controlType":"sap.m.ComboBox","viewName":"reusables.view.manageresources.NewResourceUnit","viewId":"application-manageresources-display-component---newResourceUnit","bindingPath":{"path":"","propertyPath":"/RuTypes","modelName":"catalogModel"},"searchOpenDialogs":true},"wdio_ui5_key":"reusablesview.manageresources.NewResourceUnitsap.m.ComboBox{\"path\":\"\",\"propertyPath\":\"/RuTypes\",\"modelName\":\"catalogModel\"}"}]}
RESULT: {"script":"<script> [1562 bytes]","args":[{"selector":{"controlType":"sap.m.ComboBox","viewName":"reusables.view.manageresources.NewResourceUnit","viewId":"application-manageresources-display-component---newResourceUnit","bindingPath":{"path":"","propertyPath":"/RuTypes","modelName":"catalogModel"},"searchOpenDialogs":true},"wdio_ui5_key":"reusablesview.manageresources.NewResourceUnitsap.m.ComboBox{\"path\":\"\",\"propertyPath\":\"/RuTypes\",\"modelName\":\"catalogModel\"}"}]}
RESULT: undefined
COMMAND: POST /session/1b6c7837aabde9e3293127df2ee335cc/execute/async - {"script":"<script> [1562 bytes]","args":[{"selector":{"controlType":"sap.m.ComboBox","viewName":"reusables.view.manageresources.NewResourceUnit","viewId":"application-manageresources-display-component---newResourceUnit","bindingPath":{"path":"","propertyPath":"/Yards","modelName":"catalogModel"},"searchOpenDialogs":true},"wdio_ui5_key":"reusablesview.manageresources.NewResourceUnitsap.m.ComboBox{\"path\":\"\",\"propertyPath\":\"/Yards\",\"modelName\":\"catalogModel\"}"}]}
RESULT: {"script":"<script> [1562 bytes]","args":[{"selector":{"controlType":"sap.m.ComboBox","viewName":"reusables.view.manageresources.NewResourceUnit","viewId":"application-manageresources-display-component---newResourceUnit","bindingPath":{"path":"","propertyPath":"/Yards","modelName":"catalogModel"},"searchOpenDialogs":true},"wdio_ui5_key":"reusablesview.manageresources.NewResourceUnitsap.m.ComboBox{\"path\":\"\",\"propertyPath\":\"/Yards\",\"modelName\":\"catalogModel\"}"}]}
RESULT: undefined
COMMAND: POST /session/1b6c7837aabde9e3293127df2ee335cc/execute/async - {"script":"<script> [1562 bytes]","args":[{"selector":{"controlType":"etm.portal.ui.reusables.customControls.LiveSearchComboBox","viewName":"reusables.view.manageresources.NewResourceUnit","viewId":"application-manageresources-display-component---newResourceUnit","bindingPath":{"path":"","propertyPath":"/CatalogItems","modelName":"catalogModel"},"searchOpenDialogs":true},"wdio_ui5_key":"reusablesview.manageresources.NewResourceUnitetm.portal.ui.reusables.customControls.LiveSearchComboBox{\"path\":\"\",\"propertyPath\":\"/CatalogItems\",\"modelName\":\"catalogModel\"}"}]}
RESULT: {"script":"<script> [1562 bytes]","args":[{"selector":{"controlType":"etm.portal.ui.reusables.customControls.LiveSearchComboBox","viewName":"reusables.view.manageresources.NewResourceUnit","viewId":"application-manageresources-display-component---newResourceUnit","bindingPath":{"path":"","propertyPath":"/CatalogItems","modelName":"catalogModel"},"searchOpenDialogs":true},"wdio_ui5_key":"reusablesview.manageresources.NewResourceUnitetm.portal.ui.reusables.customControls.LiveSearchComboBox{\"path\":\"\",\"propertyPath\":\"/CatalogItems\",\"modelName\":\"catalogModel\"}"}]}
RESULT: undefined
COMMAND: POST /session/1b6c7837aabde9e3293127df2ee335cc/element - {"using":"xpath","value":"//bdi[text()=\"OK\"]"}
RESULT: {"using":"xpath","value":"//bdi[text()=\"OK\"]"}
COMMAND: POST /session/1b6c7837aabde9e3293127df2ee335cc/elements - {"using":"xpath","value":"//bdi[text()=\"OK\"]"}
RESULT: {"using":"xpath","value":"//bdi[text()=\"OK\"]"}
COMMAND: POST /session/1b6c7837aabde9e3293127df2ee335cc/elements - {"using":"xpath","value":"//bdi[text()=\"OK\"]"}
RESULT: {"using":"xpath","value":"//bdi[text()=\"OK\"]"}
COMMAND: POST /session/1b6c7837aabde9e3293127df2ee335cc/elements - {"using":"xpath","value":"//bdi[text()=\"OK\"]"}
RESULT: {"using":"xpath","value":"//bdi[text()=\"OK\"]"}
COMMAND: POST /session/1b6c7837aabde9e3293127df2ee335cc/elements - {"using":"xpath","value":"//bdi[text()=\"OK\"]"}
RESULT: {"using":"xpath","value":"//bdi[text()=\"OK\"]"}
COMMAND: POST /session/1b6c7837aabde9e3293127df2ee335cc/elements - {"using":"xpath","value":"//bdi[text()=\"OK\"]"}
RESULT: {"using":"xpath","value":"//bdi[text()=\"OK\"]"}
COMMAND: POST /session/1b6c7837aabde9e3293127df2ee335cc/elements - {"using":"xpath","value":"//bdi[text()=\"OK\"]"}
RESULT: {"using":"xpath","value":"//bdi[text()=\"OK\"]"}
COMMAND: POST /session/1b6c7837aabde9e3293127df2ee335cc/elements - {"using":"xpath","value":"//bdi[text()=\"OK\"]"}
RESULT: {"using":"xpath","value":"//bdi[text()=\"OK\"]"}
COMMAND: POST /session/1b6c7837aabde9e3293127df2ee335cc/elements - {"using":"xpath","value":"//bdi[text()=\"OK\"]"}
RESULT: {"using":"xpath","value":"//bdi[text()=\"OK\"]"}
COMMAND: POST /session/1b6c7837aabde9e3293127df2ee335cc/elements - {"using":"xpath","value":"//bdi[text()=\"OK\"]"}
RESULT: {"using":"xpath","value":"//bdi[text()=\"OK\"]"}
COMMAND: POST /session/1b6c7837aabde9e3293127df2ee335cc/elements - {"using":"xpath","value":"//bdi[text()=\"OK\"]"}
RESULT: {"using":"xpath","value":"//bdi[text()=\"OK\"]"}
COMMAND: POST /session/1b6c7837aabde9e3293127df2ee335cc/elements - {"using":"xpath","value":"//bdi[text()=\"OK\"]"}
RESULT: {"using":"xpath","value":"//bdi[text()=\"OK\"]"}
COMMAND: POST /session/1b6c7837aabde9e3293127df2ee335cc/elements - {"using":"xpath","value":"//bdi[text()=\"OK\"]"}
RESULT: {"using":"xpath","value":"//bdi[text()=\"OK\"]"}
COMMAND: POST /session/1b6c7837aabde9e3293127df2ee335cc/elements - {"using":"xpath","value":"//bdi[text()=\"OK\"]"}
RESULT: {"using":"xpath","value":"//bdi[text()=\"OK\"]"}
COMMAND: POST /session/1b6c7837aabde9e3293127df2ee335cc/elements - {"using":"xpath","value":"//bdi[text()=\"OK\"]"}
RESULT: {"using":"xpath","value":"//bdi[text()=\"OK\"]"}
COMMAND: POST /session/1b6c7837aabde9e3293127df2ee335cc/elements - {"using":"xpath","value":"//bdi[text()=\"OK\"]"}
RESULT: {"using":"xpath","value":"//bdi[text()=\"OK\"]"}
COMMAND: POST /session/1b6c7837aabde9e3293127df2ee335cc/elements - {"using":"xpath","value":"//bdi[text()=\"OK\"]"}
RESULT: {"using":"xpath","value":"//bdi[text()=\"OK\"]"}
COMMAND: POST /session/1b6c7837aabde9e3293127df2ee335cc/elements - {"using":"xpath","value":"//bdi[text()=\"OK\"]"}
RESULT: {"using":"xpath","value":"//bdi[text()=\"OK\"]"}
COMMAND: POST /session/1b6c7837aabde9e3293127df2ee335cc/elements - {"using":"xpath","value":"//bdi[text()=\"OK\"]"}
RESULT: {"using":"xpath","value":"//bdi[text()=\"OK\"]"}
COMMAND: POST /session/1b6c7837aabde9e3293127df2ee335cc/elements - {"using":"xpath","value":"//bdi[text()=\"OK\"]"}
RESULT: {"using":"xpath","value":"//bdi[text()=\"OK\"]"}
COMMAND: POST /session/1b6c7837aabde9e3293127df2ee335cc/elements - {"using":"xpath","value":"//bdi[text()=\"OK\"]"}
RESULT: {"using":"xpath","value":"//bdi[text()=\"OK\"]"}
COMMAND: POST /session/1b6c7837aabde9e3293127df2ee335cc/elements - {"using":"xpath","value":"//bdi[text()=\"OK\"]"}
RESULT: {"using":"xpath","value":"//bdi[text()=\"OK\"]"}
COMMAND: POST /session/1b6c7837aabde9e3293127df2ee335cc/elements - {"using":"xpath","value":"//bdi[text()=\"OK\"]"}
RESULT: {"using":"xpath","value":"//bdi[text()=\"OK\"]"}
COMMAND: POST /session/1b6c7837aabde9e3293127df2ee335cc/elements - {"using":"xpath","value":"//bdi[text()=\"OK\"]"}
RESULT: {"using":"xpath","value":"//bdi[text()=\"OK\"]"}
COMMAND: POST /session/1b6c7837aabde9e3293127df2ee335cc/elements - {"using":"xpath","value":"//bdi[text()=\"OK\"]"}
RESULT: {"using":"xpath","value":"//bdi[text()=\"OK\"]"}
COMMAND: POST /session/1b6c7837aabde9e3293127df2ee335cc/elements - {"using":"xpath","value":"//bdi[text()=\"OK\"]"}
RESULT: {"using":"xpath","value":"//bdi[text()=\"OK\"]"}
COMMAND: POST /session/1b6c7837aabde9e3293127df2ee335cc/elements - {"using":"xpath","value":"//bdi[text()=\"OK\"]"}
RESULT: {"using":"xpath","value":"//bdi[text()=\"OK\"]"}
COMMAND: POST /session/1b6c7837aabde9e3293127df2ee335cc/elements - {"using":"xpath","value":"//bdi[text()=\"OK\"]"}
RESULT: {"using":"xpath","value":"//bdi[text()=\"OK\"]"}
COMMAND: POST /session/1b6c7837aabde9e3293127df2ee335cc/elements - {"using":"xpath","value":"//bdi[text()=\"OK\"]"}
RESULT: {"using":"xpath","value":"//bdi[text()=\"OK\"]"}
COMMAND: POST /session/1b6c7837aabde9e3293127df2ee335cc/elements - {"using":"xpath","value":"//bdi[text()=\"OK\"]"}
RESULT: {"using":"xpath","value":"//bdi[text()=\"OK\"]"}
COMMAND: POST /session/1b6c7837aabde9e3293127df2ee335cc/elements - {"using":"xpath","value":"//bdi[text()=\"OK\"]"}
RESULT: {"using":"xpath","value":"//bdi[text()=\"OK\"]"}
COMMAND: POST /session/1b6c7837aabde9e3293127df2ee335cc/elements - {"using":"xpath","value":"//bdi[text()=\"OK\"]"}
RESULT: {"using":"xpath","value":"//bdi[text()=\"OK\"]"}
COMMAND: POST /session/1b6c7837aabde9e3293127df2ee335cc/elements - {"using":"xpath","value":"//bdi[text()=\"OK\"]"}
RESULT: {"using":"xpath","value":"//bdi[text()=\"OK\"]"}
COMMAND: POST /session/1b6c7837aabde9e3293127df2ee335cc/elements - {"using":"xpath","value":"//bdi[text()=\"OK\"]"}
RESULT: {"using":"xpath","value":"//bdi[text()=\"OK\"]"}
COMMAND: POST /session/1b6c7837aabde9e3293127df2ee335cc/elements - {"using":"xpath","value":"//bdi[text()=\"OK\"]"}
RESULT: {"using":"xpath","value":"//bdi[text()=\"OK\"]"}
COMMAND: POST /session/1b6c7837aabde9e3293127df2ee335cc/elements - {"using":"xpath","value":"//bdi[text()=\"OK\"]"}
RESULT: {"using":"xpath","value":"//bdi[text()=\"OK\"]"}
COMMAND: POST /session/1b6c7837aabde9e3293127df2ee335cc/elements - {"using":"xpath","value":"//bdi[text()=\"OK\"]"}
RESULT: {"using":"xpath","value":"//bdi[text()=\"OK\"]"}
COMMAND: POST /session/1b6c7837aabde9e3293127df2ee335cc/elements - {"using":"xpath","value":"//bdi[text()=\"OK\"]"}
RESULT: {"using":"xpath","value":"//bdi[text()=\"OK\"]"}
COMMAND: POST /session/1b6c7837aabde9e3293127df2ee335cc/elements - {"using":"xpath","value":"//bdi[text()=\"OK\"]"}
RESULT: {"using":"xpath","value":"//bdi[text()=\"OK\"]"}
COMMAND: POST /session/1b6c7837aabde9e3293127df2ee335cc/elements - {"using":"xpath","value":"//bdi[text()=\"OK\"]"}
RESULT: {"using":"xpath","value":"//bdi[text()=\"OK\"]"}
COMMAND: POST /session/1b6c7837aabde9e3293127df2ee335cc/elements - {"using":"xpath","value":"//bdi[text()=\"OK\"]"}
RESULT: {"using":"xpath","value":"//bdi[text()=\"OK\"]"}
COMMAND: POST /session/1b6c7837aabde9e3293127df2ee335cc/elements - {"using":"xpath","value":"//bdi[text()=\"OK\"]"}
RESULT: {"using":"xpath","value":"//bdi[text()=\"OK\"]"}
COMMAND: POST /session/1b6c7837aabde9e3293127df2ee335cc/elements - {"using":"xpath","value":"//bdi[text()=\"OK\"]"}
RESULT: {"using":"xpath","value":"//bdi[text()=\"OK\"]"}
COMMAND: POST /session/1b6c7837aabde9e3293127df2ee335cc/elements - {"using":"xpath","value":"//bdi[text()=\"OK\"]"}
RESULT: {"using":"xpath","value":"//bdi[text()=\"OK\"]"}
COMMAND: POST /session/1b6c7837aabde9e3293127df2ee335cc/elements - {"using":"xpath","value":"//bdi[text()=\"OK\"]"}
RESULT: {"using":"xpath","value":"//bdi[text()=\"OK\"]"}
COMMAND: POST /session/1b6c7837aabde9e3293127df2ee335cc/elements - {"using":"xpath","value":"//bdi[text()=\"OK\"]"}
RESULT: {"using":"xpath","value":"//bdi[text()=\"OK\"]"}
COMMAND: POST /session/1b6c7837aabde9e3293127df2ee335cc/elements - {"using":"xpath","value":"//bdi[text()=\"OK\"]"}
RESULT: {"using":"xpath","value":"//bdi[text()=\"OK\"]"}
COMMAND: POST /session/1b6c7837aabde9e3293127df2ee335cc/elements - {"using":"xpath","value":"//bdi[text()=\"OK\"]"}
RESULT: {"using":"xpath","value":"//bdi[text()=\"OK\"]"}
COMMAND: POST /session/1b6c7837aabde9e3293127df2ee335cc/elements - {"using":"xpath","value":"//bdi[text()=\"OK\"]"}
RESULT: {"using":"xpath","value":"//bdi[text()=\"OK\"]"}
COMMAND: POST /session/1b6c7837aabde9e3293127df2ee335cc/elements - {"using":"xpath","value":"//bdi[text()=\"OK\"]"}
RESULT: {"using":"xpath","value":"//bdi[text()=\"OK\"]"}
COMMAND: POST /session/1b6c7837aabde9e3293127df2ee335cc/elements - {"using":"xpath","value":"//bdi[text()=\"OK\"]"}
RESULT: {"using":"xpath","value":"//bdi[text()=\"OK\"]"}
COMMAND: POST /session/1b6c7837aabde9e3293127df2ee335cc/elements - {"using":"xpath","value":"//bdi[text()=\"OK\"]"}
RESULT: {"using":"xpath","value":"//bdi[text()=\"OK\"]"}
COMMAND: POST /session/1b6c7837aabde9e3293127df2ee335cc/elements - {"using":"xpath","value":"//bdi[text()=\"OK\"]"}
RESULT: {"using":"xpath","value":"//bdi[text()=\"OK\"]"}
COMMAND: POST /session/1b6c7837aabde9e3293127df2ee335cc/elements - {"using":"xpath","value":"//bdi[text()=\"OK\"]"}
RESULT: {"using":"xpath","value":"//bdi[text()=\"OK\"]"}
COMMAND: POST /session/1b6c7837aabde9e3293127df2ee335cc/elements - {"using":"xpath","value":"//bdi[text()=\"OK\"]"}
RESULT: {"using":"xpath","value":"//bdi[text()=\"OK\"]"}
COMMAND: POST /session/1b6c7837aabde9e3293127df2ee335cc/elements - {"using":"xpath","value":"//bdi[text()=\"OK\"]"}
RESULT: {"using":"xpath","value":"//bdi[text()=\"OK\"]"}
COMMAND: POST /session/1b6c7837aabde9e3293127df2ee335cc/elements - {"using":"xpath","value":"//bdi[text()=\"OK\"]"}
RESULT: {"using":"xpath","value":"//bdi[text()=\"OK\"]"}
COMMAND: POST /session/1b6c7837aabde9e3293127df2ee335cc/elements - {"using":"xpath","value":"//bdi[text()=\"OK\"]"}
RESULT: {"using":"xpath","value":"//bdi[text()=\"OK\"]"}
COMMAND: POST /session/1b6c7837aabde9e3293127df2ee335cc/elements - {"using":"xpath","value":"//bdi[text()=\"OK\"]"}
RESULT: {"using":"xpath","value":"//bdi[text()=\"OK\"]"}
COMMAND: POST /session/1b6c7837aabde9e3293127df2ee335cc/elements - {"using":"xpath","value":"//bdi[text()=\"OK\"]"}
RESULT: {"using":"xpath","value":"//bdi[text()=\"OK\"]"}
COMMAND: POST /session/1b6c7837aabde9e3293127df2ee335cc/elements - {"using":"xpath","value":"//bdi[text()=\"OK\"]"}
RESULT: {"using":"xpath","value":"//bdi[text()=\"OK\"]"}
COMMAND: POST /session/1b6c7837aabde9e3293127df2ee335cc/elements - {"using":"xpath","value":"//bdi[text()=\"OK\"]"}
RESULT: {"using":"xpath","value":"//bdi[text()=\"OK\"]"}
COMMAND: POST /session/1b6c7837aabde9e3293127df2ee335cc/elements - {"using":"xpath","value":"//bdi[text()=\"OK\"]"}
RESULT: {"using":"xpath","value":"//bdi[text()=\"OK\"]"}
COMMAND: POST /session/1b6c7837aabde9e3293127df2ee335cc/elements - {"using":"xpath","value":"//bdi[text()=\"OK\"]"}
RESULT: {"using":"xpath","value":"//bdi[text()=\"OK\"]"}
COMMAND: POST /session/1b6c7837aabde9e3293127df2ee335cc/elements - {"using":"xpath","value":"//bdi[text()=\"OK\"]"}
RESULT: {"using":"xpath","value":"//bdi[text()=\"OK\"]"}
COMMAND: POST /session/1b6c7837aabde9e3293127df2ee335cc/elements - {"using":"xpath","value":"//bdi[text()=\"OK\"]"}
RESULT: {"using":"xpath","value":"//bdi[text()=\"OK\"]"}
COMMAND: POST /session/1b6c7837aabde9e3293127df2ee335cc/elements - {"using":"xpath","value":"//bdi[text()=\"OK\"]"}
RESULT: {"using":"xpath","value":"//bdi[text()=\"OK\"]"}
COMMAND: POST /session/1b6c7837aabde9e3293127df2ee335cc/elements - {"using":"xpath","value":"//bdi[text()=\"OK\"]"}
RESULT: {"using":"xpath","value":"//bdi[text()=\"OK\"]"}
COMMAND: POST /session/1b6c7837aabde9e3293127df2ee335cc/elements - {"using":"xpath","value":"//bdi[text()=\"OK\"]"}
RESULT: {"using":"xpath","value":"//bdi[text()=\"OK\"]"}
COMMAND: POST /session/1b6c7837aabde9e3293127df2ee335cc/elements - {"using":"xpath","value":"//bdi[text()=\"OK\"]"}
RESULT: {"using":"xpath","value":"//bdi[text()=\"OK\"]"}
COMMAND: POST /session/1b6c7837aabde9e3293127df2ee335cc/elements - {"using":"xpath","value":"//bdi[text()=\"OK\"]"}
RESULT: {"using":"xpath","value":"//bdi[text()=\"OK\"]"}
COMMAND: POST /session/1b6c7837aabde9e3293127df2ee335cc/elements - {"using":"xpath","value":"//bdi[text()=\"OK\"]"}
RESULT: {"using":"xpath","value":"//bdi[text()=\"OK\"]"}
COMMAND: POST /session/1b6c7837aabde9e3293127df2ee335cc/elements - {"using":"xpath","value":"//bdi[text()=\"OK\"]"}
RESULT: {"using":"xpath","value":"//bdi[text()=\"OK\"]"}
COMMAND: POST /session/1b6c7837aabde9e3293127df2ee335cc/elements - {"using":"xpath","value":"//bdi[text()=\"OK\"]"}
RESULT: {"using":"xpath","value":"//bdi[text()=\"OK\"]"}
COMMAND: POST /session/1b6c7837aabde9e3293127df2ee335cc/elements - {"using":"xpath","value":"//bdi[text()=\"OK\"]"}
RESULT: {"using":"xpath","value":"//bdi[text()=\"OK\"]"}
COMMAND: POST /session/1b6c7837aabde9e3293127df2ee335cc/elements - {"using":"xpath","value":"//bdi[text()=\"OK\"]"}
RESULT: {"using":"xpath","value":"//bdi[text()=\"OK\"]"}
COMMAND: POST /session/1b6c7837aabde9e3293127df2ee335cc/elements - {"using":"xpath","value":"//bdi[text()=\"OK\"]"}
RESULT: {"using":"xpath","value":"//bdi[text()=\"OK\"]"}
COMMAND: POST /session/1b6c7837aabde9e3293127df2ee335cc/elements - {"using":"xpath","value":"//bdi[text()=\"OK\"]"}
RESULT: {"using":"xpath","value":"//bdi[text()=\"OK\"]"}
COMMAND: POST /session/1b6c7837aabde9e3293127df2ee335cc/elements - {"using":"xpath","value":"//bdi[text()=\"OK\"]"}
RESULT: {"using":"xpath","value":"//bdi[text()=\"OK\"]"}
COMMAND: POST /session/1b6c7837aabde9e3293127df2ee335cc/elements - {"using":"xpath","value":"//bdi[text()=\"OK\"]"}
RESULT: {"using":"xpath","value":"//bdi[text()=\"OK\"]"}
COMMAND: POST /session/1b6c7837aabde9e3293127df2ee335cc/elements - {"using":"xpath","value":"//bdi[text()=\"OK\"]"}
RESULT: {"using":"xpath","value":"//bdi[text()=\"OK\"]"}
COMMAND: POST /session/1b6c7837aabde9e3293127df2ee335cc/elements - {"using":"xpath","value":"//bdi[text()=\"OK\"]"}
RESULT: {"using":"xpath","value":"//bdi[text()=\"OK\"]"}
COMMAND: POST /session/1b6c7837aabde9e3293127df2ee335cc/elements - {"using":"xpath","value":"//bdi[text()=\"OK\"]"}
RESULT: {"using":"xpath","value":"//bdi[text()=\"OK\"]"}
COMMAND: POST /session/1b6c7837aabde9e3293127df2ee335cc/elements - {"using":"xpath","value":"//bdi[text()=\"OK\"]"}
RESULT: {"using":"xpath","value":"//bdi[text()=\"OK\"]"}
COMMAND: POST /session/1b6c7837aabde9e3293127df2ee335cc/elements - {"using":"xpath","value":"//bdi[text()=\"OK\"]"}
RESULT: {"using":"xpath","value":"//bdi[text()=\"OK\"]"}
COMMAND: POST /session/1b6c7837aabde9e3293127df2ee335cc/elements - {"using":"xpath","value":"//bdi[text()=\"OK\"]"}
RESULT: {"using":"xpath","value":"//bdi[text()=\"OK\"]"}
COMMAND: POST /session/1b6c7837aabde9e3293127df2ee335cc/elements - {"using":"xpath","value":"//bdi[text()=\"OK\"]"}
RESULT: {"using":"xpath","value":"//bdi[text()=\"OK\"]"}
COMMAND: POST /session/1b6c7837aabde9e3293127df2ee335cc/elements - {"using":"xpath","value":"//bdi[text()=\"OK\"]"}
RESULT: {"using":"xpath","value":"//bdi[text()=\"OK\"]"}
COMMAND: POST /session/1b6c7837aabde9e3293127df2ee335cc/elements - {"using":"xpath","value":"//bdi[text()=\"OK\"]"}
RESULT: {"using":"xpath","value":"//bdi[text()=\"OK\"]"}
COMMAND: POST /session/1b6c7837aabde9e3293127df2ee335cc/elements - {"using":"xpath","value":"//bdi[text()=\"OK\"]"}
RESULT: {"using":"xpath","value":"//bdi[text()=\"OK\"]"}
COMMAND: POST /session/1b6c7837aabde9e3293127df2ee335cc/elements - {"using":"xpath","value":"//bdi[text()=\"OK\"]"}
RESULT: {"using":"xpath","value":"//bdi[text()=\"OK\"]"}
COMMAND: POST /session/1b6c7837aabde9e3293127df2ee335cc/elements - {"using":"xpath","value":"//bdi[text()=\"OK\"]"}
RESULT: {"using":"xpath","value":"//bdi[text()=\"OK\"]"}
COMMAND: POST /session/1b6c7837aabde9e3293127df2ee335cc/elements - {"using":"xpath","value":"//bdi[text()=\"OK\"]"}
RESULT: {"using":"xpath","value":"//bdi[text()=\"OK\"]"}
COMMAND: POST /session/1b6c7837aabde9e3293127df2ee335cc/elements - {"using":"xpath","value":"//bdi[text()=\"OK\"]"}
RESULT: {"using":"xpath","value":"//bdi[text()=\"OK\"]"}
COMMAND: POST /session/1b6c7837aabde9e3293127df2ee335cc/elements - {"using":"xpath","value":"//bdi[text()=\"OK\"]"}
RESULT: {"using":"xpath","value":"//bdi[text()=\"OK\"]"}
COMMAND: POST /session/1b6c7837aabde9e3293127df2ee335cc/elements - {"using":"xpath","value":"//bdi[text()=\"OK\"]"}
RESULT: {"using":"xpath","value":"//bdi[text()=\"OK\"]"}
COMMAND: POST /session/1b6c7837aabde9e3293127df2ee335cc/elements - {"using":"xpath","value":"//bdi[text()=\"OK\"]"}
RESULT: {"using":"xpath","value":"//bdi[text()=\"OK\"]"}
COMMAND: POST /session/1b6c7837aabde9e3293127df2ee335cc/elements - {"using":"xpath","value":"//bdi[text()=\"OK\"]"}
RESULT: {"using":"xpath","value":"//bdi[text()=\"OK\"]"}
COMMAND: POST /session/1b6c7837aabde9e3293127df2ee335cc/elements - {"using":"xpath","value":"//bdi[text()=\"OK\"]"}
RESULT: {"using":"xpath","value":"//bdi[text()=\"OK\"]"}
COMMAND: POST /session/1b6c7837aabde9e3293127df2ee335cc/elements - {"using":"xpath","value":"//bdi[text()=\"OK\"]"}
RESULT: {"using":"xpath","value":"//bdi[text()=\"OK\"]"}
COMMAND: POST /session/1b6c7837aabde9e3293127df2ee335cc/elements - {"using":"xpath","value":"//bdi[text()=\"OK\"]"}
RESULT: {"using":"xpath","value":"//bdi[text()=\"OK\"]"}
COMMAND: POST /session/1b6c7837aabde9e3293127df2ee335cc/elements - {"using":"xpath","value":"//bdi[text()=\"OK\"]"}
RESULT: {"using":"xpath","value":"//bdi[text()=\"OK\"]"}
COMMAND: POST /session/1b6c7837aabde9e3293127df2ee335cc/elements - {"using":"xpath","value":"//bdi[text()=\"OK\"]"}
RESULT: {"using":"xpath","value":"//bdi[text()=\"OK\"]"}
COMMAND: POST /session/1b6c7837aabde9e3293127df2ee335cc/elements - {"using":"xpath","value":"//bdi[text()=\"OK\"]"}
RESULT: {"using":"xpath","value":"//bdi[text()=\"OK\"]"}
COMMAND: POST /session/1b6c7837aabde9e3293127df2ee335cc/elements - {"using":"xpath","value":"//bdi[text()=\"OK\"]"}
RESULT: {"using":"xpath","value":"//bdi[text()=\"OK\"]"}
COMMAND: POST /session/1b6c7837aabde9e3293127df2ee335cc/elements - {"using":"xpath","value":"//bdi[text()=\"OK\"]"}
RESULT: {"using":"xpath","value":"//bdi[text()=\"OK\"]"}
COMMAND: POST /session/1b6c7837aabde9e3293127df2ee335cc/elements - {"using":"xpath","value":"//bdi[text()=\"OK\"]"}
RESULT: {"using":"xpath","value":"//bdi[text()=\"OK\"]"}
COMMAND: POST /session/1b6c7837aabde9e3293127df2ee335cc/elements - {"using":"xpath","value":"//bdi[text()=\"OK\"]"}
RESULT: {"using":"xpath","value":"//bdi[text()=\"OK\"]"}
COMMAND: POST /session/1b6c7837aabde9e3293127df2ee335cc/elements - {"using":"xpath","value":"//bdi[text()=\"OK\"]"}
RESULT: {"using":"xpath","value":"//bdi[text()=\"OK\"]"}
COMMAND: POST /session/1b6c7837aabde9e3293127df2ee335cc/elements - {"using":"xpath","value":"//bdi[text()=\"OK\"]"}
RESULT: {"using":"xpath","value":"//bdi[text()=\"OK\"]"}
COMMAND: POST /session/1b6c7837aabde9e3293127df2ee335cc/elements - {"using":"xpath","value":"//bdi[text()=\"OK\"]"}
RESULT: {"using":"xpath","value":"//bdi[text()=\"OK\"]"}
COMMAND: POST /session/1b6c7837aabde9e3293127df2ee335cc/elements - {"using":"xpath","value":"//bdi[text()=\"OK\"]"}
RESULT: {"using":"xpath","value":"//bdi[text()=\"OK\"]"}
COMMAND: POST /session/1b6c7837aabde9e3293127df2ee335cc/elements - {"using":"xpath","value":"//bdi[text()=\"OK\"]"}
RESULT: {"using":"xpath","value":"//bdi[text()=\"OK\"]"}
COMMAND: POST /session/1b6c7837aabde9e3293127df2ee335cc/elements - {"using":"xpath","value":"//bdi[text()=\"OK\"]"}
RESULT: {"using":"xpath","value":"//bdi[text()=\"OK\"]"}
COMMAND: POST /session/1b6c7837aabde9e3293127df2ee335cc/elements - {"using":"xpath","value":"//bdi[text()=\"OK\"]"}
RESULT: {"using":"xpath","value":"//bdi[text()=\"OK\"]"}
COMMAND: POST /session/1b6c7837aabde9e3293127df2ee335cc/elements - {"using":"xpath","value":"//bdi[text()=\"OK\"]"}
RESULT: {"using":"xpath","value":"//bdi[text()=\"OK\"]"}
COMMAND: POST /session/1b6c7837aabde9e3293127df2ee335cc/elements - {"using":"xpath","value":"//bdi[text()=\"OK\"]"}
RESULT: {"using":"xpath","value":"//bdi[text()=\"OK\"]"}
COMMAND: POST /session/1b6c7837aabde9e3293127df2ee335cc/elements - {"using":"xpath","value":"//bdi[text()=\"OK\"]"}
RESULT: {"using":"xpath","value":"//bdi[text()=\"OK\"]"}
COMMAND: POST /session/1b6c7837aabde9e3293127df2ee335cc/elements - {"using":"xpath","value":"//bdi[text()=\"OK\"]"}
RESULT: {"using":"xpath","value":"//bdi[text()=\"OK\"]"}
COMMAND: POST /session/1b6c7837aabde9e3293127df2ee335cc/elements - {"using":"xpath","value":"//bdi[text()=\"OK\"]"}
RESULT: {"using":"xpath","value":"//bdi[text()=\"OK\"]"}
COMMAND: POST /session/1b6c7837aabde9e3293127df2ee335cc/elements - {"using":"xpath","value":"//bdi[text()=\"OK\"]"}
RESULT: {"using":"xpath","value":"//bdi[text()=\"OK\"]"}
COMMAND: POST /session/1b6c7837aabde9e3293127df2ee335cc/elements - {"using":"xpath","value":"//bdi[text()=\"OK\"]"}
RESULT: {"using":"xpath","value":"//bdi[text()=\"OK\"]"}
COMMAND: POST /session/1b6c7837aabde9e3293127df2ee335cc/element - {"using":"xpath","value":"//bdi[text()=\"OK\"]"}
RESULT: {"using":"xpath","value":"//bdi[text()=\"OK\"]"}
COMMAND: POST /session/1b6c7837aabde9e3293127df2ee335cc/elements - {"using":"xpath","value":"//bdi[text()=\"OK\"]"}
RESULT: {"using":"xpath","value":"//bdi[text()=\"OK\"]"}
COMMAND: POST /session/1b6c7837aabde9e3293127df2ee335cc/elements - {"using":"xpath","value":"//bdi[text()=\"OK\"]"}
RESULT: {"using":"xpath","value":"//bdi[text()=\"OK\"]"}
COMMAND: POST /session/1b6c7837aabde9e3293127df2ee335cc/elements - {"using":"xpath","value":"//bdi[text()=\"OK\"]"}
RESULT: {"using":"xpath","value":"//bdi[text()=\"OK\"]"}
COMMAND: POST /session/1b6c7837aabde9e3293127df2ee335cc/elements - {"using":"xpath","value":"//bdi[text()=\"OK\"]"}
RESULT: {"using":"xpath","value":"//bdi[text()=\"OK\"]"}
COMMAND: POST /session/1b6c7837aabde9e3293127df2ee335cc/elements - {"using":"xpath","value":"//bdi[text()=\"OK\"]"}
RESULT: {"using":"xpath","value":"//bdi[text()=\"OK\"]"}
COMMAND: POST /session/1b6c7837aabde9e3293127df2ee335cc/elements - {"using":"xpath","value":"//bdi[text()=\"OK\"]"}
RESULT: {"using":"xpath","value":"//bdi[text()=\"OK\"]"}
COMMAND: POST /session/1b6c7837aabde9e3293127df2ee335cc/elements - {"using":"xpath","value":"//bdi[text()=\"OK\"]"}
RESULT: {"using":"xpath","value":"//bdi[text()=\"OK\"]"}
COMMAND: POST /session/1b6c7837aabde9e3293127df2ee335cc/elements - {"using":"xpath","value":"//bdi[text()=\"OK\"]"}
RESULT: {"using":"xpath","value":"//bdi[text()=\"OK\"]"}
COMMAND: POST /session/1b6c7837aabde9e3293127df2ee335cc/elements - {"using":"xpath","value":"//bdi[text()=\"OK\"]"}
RESULT: {"using":"xpath","value":"//bdi[text()=\"OK\"]"}
COMMAND: POST /session/1b6c7837aabde9e3293127df2ee335cc/elements - {"using":"xpath","value":"//bdi[text()=\"OK\"]"}
RESULT: {"using":"xpath","value":"//bdi[text()=\"OK\"]"}
COMMAND: POST /session/1b6c7837aabde9e3293127df2ee335cc/elements - {"using":"xpath","value":"//bdi[text()=\"OK\"]"}
RESULT: {"using":"xpath","value":"//bdi[text()=\"OK\"]"}
COMMAND: POST /session/1b6c7837aabde9e3293127df2ee335cc/elements - {"using":"xpath","value":"//bdi[text()=\"OK\"]"}
RESULT: {"using":"xpath","value":"//bdi[text()=\"OK\"]"}
COMMAND: POST /session/1b6c7837aabde9e3293127df2ee335cc/elements - {"using":"xpath","value":"//bdi[text()=\"OK\"]"}
RESULT: {"using":"xpath","value":"//bdi[text()=\"OK\"]"}
COMMAND: POST /session/1b6c7837aabde9e3293127df2ee335cc/elements - {"using":"xpath","value":"//bdi[text()=\"OK\"]"}
RESULT: {"using":"xpath","value":"//bdi[text()=\"OK\"]"}
COMMAND: POST /session/1b6c7837aabde9e3293127df2ee335cc/elements - {"using":"xpath","value":"//bdi[text()=\"OK\"]"}
RESULT: {"using":"xpath","value":"//bdi[text()=\"OK\"]"}
COMMAND: POST /session/1b6c7837aabde9e3293127df2ee335cc/elements - {"using":"xpath","value":"//bdi[text()=\"OK\"]"}
RESULT: {"using":"xpath","value":"//bdi[text()=\"OK\"]"}
COMMAND: POST /session/1b6c7837aabde9e3293127df2ee335cc/elements - {"using":"xpath","value":"//bdi[text()=\"OK\"]"}
RESULT: {"using":"xpath","value":"//bdi[text()=\"OK\"]"}
COMMAND: POST /session/1b6c7837aabde9e3293127df2ee335cc/elements - {"using":"xpath","value":"//bdi[text()=\"OK\"]"}
RESULT: {"using":"xpath","value":"//bdi[text()=\"OK\"]"}
COMMAND: POST /session/1b6c7837aabde9e3293127df2ee335cc/elements - {"using":"xpath","value":"//bdi[text()=\"OK\"]"}
RESULT: {"using":"xpath","value":"//bdi[text()=\"OK\"]"}
COMMAND: POST /session/1b6c7837aabde9e3293127df2ee335cc/elements - {"using":"xpath","value":"//bdi[text()=\"OK\"]"}
RESULT: {"using":"xpath","value":"//bdi[text()=\"OK\"]"}
COMMAND: POST /session/1b6c7837aabde9e3293127df2ee335cc/elements - {"using":"xpath","value":"//bdi[text()=\"OK\"]"}
RESULT: {"using":"xpath","value":"//bdi[text()=\"OK\"]"}
COMMAND: POST /session/1b6c7837aabde9e3293127df2ee335cc/elements - {"using":"xpath","value":"//bdi[text()=\"OK\"]"}
RESULT: {"using":"xpath","value":"//bdi[text()=\"OK\"]"}
COMMAND: POST /session/1b6c7837aabde9e3293127df2ee335cc/elements - {"using":"xpath","value":"//bdi[text()=\"OK\"]"}
RESULT: {"using":"xpath","value":"//bdi[text()=\"OK\"]"}
COMMAND: POST /session/1b6c7837aabde9e3293127df2ee335cc/elements - {"using":"xpath","value":"//bdi[text()=\"OK\"]"}
RESULT: {"using":"xpath","value":"//bdi[text()=\"OK\"]"}
COMMAND: POST /session/1b6c7837aabde9e3293127df2ee335cc/elements - {"using":"xpath","value":"//bdi[text()=\"OK\"]"}
RESULT: {"using":"xpath","value":"//bdi[text()=\"OK\"]"}
COMMAND: POST /session/1b6c7837aabde9e3293127df2ee335cc/elements - {"using":"xpath","value":"//bdi[text()=\"OK\"]"}
RESULT: {"using":"xpath","value":"//bdi[text()=\"OK\"]"}
COMMAND: POST /session/1b6c7837aabde9e3293127df2ee335cc/elements - {"using":"xpath","value":"//bdi[text()=\"OK\"]"}
RESULT: {"using":"xpath","value":"//bdi[text()=\"OK\"]"}
COMMAND: POST /session/1b6c7837aabde9e3293127df2ee335cc/elements - {"using":"xpath","value":"//bdi[text()=\"OK\"]"}
RESULT: {"using":"xpath","value":"//bdi[text()=\"OK\"]"}
COMMAND: POST /session/1b6c7837aabde9e3293127df2ee335cc/elements - {"using":"xpath","value":"//bdi[text()=\"OK\"]"}
RESULT: {"using":"xpath","value":"//bdi[text()=\"OK\"]"}
COMMAND: POST /session/1b6c7837aabde9e3293127df2ee335cc/elements - {"using":"xpath","value":"//bdi[text()=\"OK\"]"}
RESULT: {"using":"xpath","value":"//bdi[text()=\"OK\"]"}
COMMAND: POST /session/1b6c7837aabde9e3293127df2ee335cc/elements - {"using":"xpath","value":"//bdi[text()=\"OK\"]"}
RESULT: {"using":"xpath","value":"//bdi[text()=\"OK\"]"}
COMMAND: POST /session/1b6c7837aabde9e3293127df2ee335cc/elements - {"using":"xpath","value":"//bdi[text()=\"OK\"]"}
RESULT: {"using":"xpath","value":"//bdi[text()=\"OK\"]"}
COMMAND: POST /session/1b6c7837aabde9e3293127df2ee335cc/elements - {"using":"xpath","value":"//bdi[text()=\"OK\"]"}
RESULT: {"using":"xpath","value":"//bdi[text()=\"OK\"]"}
COMMAND: POST /session/1b6c7837aabde9e3293127df2ee335cc/elements - {"using":"xpath","value":"//bdi[text()=\"OK\"]"}
RESULT: {"using":"xpath","value":"//bdi[text()=\"OK\"]"}
COMMAND: POST /session/1b6c7837aabde9e3293127df2ee335cc/elements - {"using":"xpath","value":"//bdi[text()=\"OK\"]"}
RESULT: {"using":"xpath","value":"//bdi[text()=\"OK\"]"}
COMMAND: POST /session/1b6c7837aabde9e3293127df2ee335cc/elements - {"using":"xpath","value":"//bdi[text()=\"OK\"]"}
RESULT: {"using":"xpath","value":"//bdi[text()=\"OK\"]"}
COMMAND: POST /session/1b6c7837aabde9e3293127df2ee335cc/elements - {"using":"xpath","value":"//bdi[text()=\"OK\"]"}
RESULT: {"using":"xpath","value":"//bdi[text()=\"OK\"]"}
COMMAND: POST /session/1b6c7837aabde9e3293127df2ee335cc/elements - {"using":"xpath","value":"//bdi[text()=\"OK\"]"}
RESULT: {"using":"xpath","value":"//bdi[text()=\"OK\"]"}
COMMAND: POST /session/1b6c7837aabde9e3293127df2ee335cc/elements - {"using":"xpath","value":"//bdi[text()=\"OK\"]"}
RESULT: {"using":"xpath","value":"//bdi[text()=\"OK\"]"}
COMMAND: POST /session/1b6c7837aabde9e3293127df2ee335cc/elements - {"using":"xpath","value":"//bdi[text()=\"OK\"]"}
RESULT: {"using":"xpath","value":"//bdi[text()=\"OK\"]"}
COMMAND: POST /session/1b6c7837aabde9e3293127df2ee335cc/elements - {"using":"xpath","value":"//bdi[text()=\"OK\"]"}
RESULT: {"using":"xpath","value":"//bdi[text()=\"OK\"]"}
COMMAND: POST /session/1b6c7837aabde9e3293127df2ee335cc/elements - {"using":"xpath","value":"//bdi[text()=\"OK\"]"}
RESULT: {"using":"xpath","value":"//bdi[text()=\"OK\"]"}
COMMAND: POST /session/1b6c7837aabde9e3293127df2ee335cc/elements - {"using":"xpath","value":"//bdi[text()=\"OK\"]"}
RESULT: {"using":"xpath","value":"//bdi[text()=\"OK\"]"}
COMMAND: POST /session/1b6c7837aabde9e3293127df2ee335cc/elements - {"using":"xpath","value":"//bdi[text()=\"OK\"]"}
RESULT: {"using":"xpath","value":"//bdi[text()=\"OK\"]"}
COMMAND: POST /session/1b6c7837aabde9e3293127df2ee335cc/elements - {"using":"xpath","value":"//bdi[text()=\"OK\"]"}
RESULT: {"using":"xpath","value":"//bdi[text()=\"OK\"]"}
COMMAND: POST /session/1b6c7837aabde9e3293127df2ee335cc/elements - {"using":"xpath","value":"//bdi[text()=\"OK\"]"}
RESULT: {"using":"xpath","value":"//bdi[text()=\"OK\"]"}
COMMAND: POST /session/1b6c7837aabde9e3293127df2ee335cc/elements - {"using":"xpath","value":"//bdi[text()=\"OK\"]"}
RESULT: {"using":"xpath","value":"//bdi[text()=\"OK\"]"}
COMMAND: POST /session/1b6c7837aabde9e3293127df2ee335cc/elements - {"using":"xpath","value":"//bdi[text()=\"OK\"]"}
RESULT: {"using":"xpath","value":"//bdi[text()=\"OK\"]"}
COMMAND: POST /session/1b6c7837aabde9e3293127df2ee335cc/elements - {"using":"xpath","value":"//bdi[text()=\"OK\"]"}
RESULT: {"using":"xpath","value":"//bdi[text()=\"OK\"]"}
COMMAND: POST /session/1b6c7837aabde9e3293127df2ee335cc/elements - {"using":"xpath","value":"//bdi[text()=\"OK\"]"}
RESULT: {"using":"xpath","value":"//bdi[text()=\"OK\"]"}
COMMAND: POST /session/1b6c7837aabde9e3293127df2ee335cc/elements - {"using":"xpath","value":"//bdi[text()=\"OK\"]"}
RESULT: {"using":"xpath","value":"//bdi[text()=\"OK\"]"}
COMMAND: POST /session/1b6c7837aabde9e3293127df2ee335cc/elements - {"using":"xpath","value":"//bdi[text()=\"OK\"]"}
RESULT: {"using":"xpath","value":"//bdi[text()=\"OK\"]"}
COMMAND: POST /session/1b6c7837aabde9e3293127df2ee335cc/elements - {"using":"xpath","value":"//bdi[text()=\"OK\"]"}
RESULT: {"using":"xpath","value":"//bdi[text()=\"OK\"]"}
COMMAND: POST /session/1b6c7837aabde9e3293127df2ee335cc/elements - {"using":"xpath","value":"//bdi[text()=\"OK\"]"}
RESULT: {"using":"xpath","value":"//bdi[text()=\"OK\"]"}
COMMAND: POST /session/1b6c7837aabde9e3293127df2ee335cc/elements - {"using":"xpath","value":"//bdi[text()=\"OK\"]"}
RESULT: {"using":"xpath","value":"//bdi[text()=\"OK\"]"}
COMMAND: POST /session/1b6c7837aabde9e3293127df2ee335cc/elements - {"using":"xpath","value":"//bdi[text()=\"OK\"]"}
RESULT: {"using":"xpath","value":"//bdi[text()=\"OK\"]"}
COMMAND: POST /session/1b6c7837aabde9e3293127df2ee335cc/elements - {"using":"xpath","value":"//bdi[text()=\"OK\"]"}
RESULT: {"using":"xpath","value":"//bdi[text()=\"OK\"]"}
COMMAND: POST /session/1b6c7837aabde9e3293127df2ee335cc/elements - {"using":"xpath","value":"//bdi[text()=\"OK\"]"}
RESULT: {"using":"xpath","value":"//bdi[text()=\"OK\"]"}
COMMAND: POST /session/1b6c7837aabde9e3293127df2ee335cc/elements - {"using":"xpath","value":"//bdi[text()=\"OK\"]"}
RESULT: {"using":"xpath","value":"//bdi[text()=\"OK\"]"}
COMMAND: POST /session/1b6c7837aabde9e3293127df2ee335cc/elements - {"using":"xpath","value":"//bdi[text()=\"OK\"]"}
RESULT: {"using":"xpath","value":"//bdi[text()=\"OK\"]"}
COMMAND: POST /session/1b6c7837aabde9e3293127df2ee335cc/elements - {"using":"xpath","value":"//bdi[text()=\"OK\"]"}
RESULT: {"using":"xpath","value":"//bdi[text()=\"OK\"]"}
COMMAND: POST /session/1b6c7837aabde9e3293127df2ee335cc/elements - {"using":"xpath","value":"//bdi[text()=\"OK\"]"}
RESULT: {"using":"xpath","value":"//bdi[text()=\"OK\"]"}
COMMAND: POST /session/1b6c7837aabde9e3293127df2ee335cc/elements - {"using":"xpath","value":"//bdi[text()=\"OK\"]"}
RESULT: {"using":"xpath","value":"//bdi[text()=\"OK\"]"}
COMMAND: POST /session/1b6c7837aabde9e3293127df2ee335cc/elements - {"using":"xpath","value":"//bdi[text()=\"OK\"]"}
RESULT: {"using":"xpath","value":"//bdi[text()=\"OK\"]"}
COMMAND: POST /session/1b6c7837aabde9e3293127df2ee335cc/elements - {"using":"xpath","value":"//bdi[text()=\"OK\"]"}
RESULT: {"using":"xpath","value":"//bdi[text()=\"OK\"]"}
COMMAND: POST /session/1b6c7837aabde9e3293127df2ee335cc/elements - {"using":"xpath","value":"//bdi[text()=\"OK\"]"}
RESULT: {"using":"xpath","value":"//bdi[text()=\"OK\"]"}
COMMAND: POST /session/1b6c7837aabde9e3293127df2ee335cc/elements - {"using":"xpath","value":"//bdi[text()=\"OK\"]"}
RESULT: {"using":"xpath","value":"//bdi[text()=\"OK\"]"}
COMMAND: POST /session/1b6c7837aabde9e3293127df2ee335cc/elements - {"using":"xpath","value":"//bdi[text()=\"OK\"]"}
RESULT: {"using":"xpath","value":"//bdi[text()=\"OK\"]"}
COMMAND: POST /session/1b6c7837aabde9e3293127df2ee335cc/elements - {"using":"xpath","value":"//bdi[text()=\"OK\"]"}
RESULT: {"using":"xpath","value":"//bdi[text()=\"OK\"]"}
COMMAND: POST /session/1b6c7837aabde9e3293127df2ee335cc/elements - {"using":"xpath","value":"//bdi[text()=\"OK\"]"}
RESULT: {"using":"xpath","value":"//bdi[text()=\"OK\"]"}
COMMAND: POST /session/1b6c7837aabde9e3293127df2ee335cc/elements - {"using":"xpath","value":"//bdi[text()=\"OK\"]"}
RESULT: {"using":"xpath","value":"//bdi[text()=\"OK\"]"}
COMMAND: POST /session/1b6c7837aabde9e3293127df2ee335cc/elements - {"using":"xpath","value":"//bdi[text()=\"OK\"]"}
RESULT: {"using":"xpath","value":"//bdi[text()=\"OK\"]"}
COMMAND: POST /session/1b6c7837aabde9e3293127df2ee335cc/elements - {"using":"xpath","value":"//bdi[text()=\"OK\"]"}
RESULT: {"using":"xpath","value":"//bdi[text()=\"OK\"]"}
COMMAND: POST /session/1b6c7837aabde9e3293127df2ee335cc/elements - {"using":"xpath","value":"//bdi[text()=\"OK\"]"}
RESULT: {"using":"xpath","value":"//bdi[text()=\"OK\"]"}
COMMAND: POST /session/1b6c7837aabde9e3293127df2ee335cc/elements - {"using":"xpath","value":"//bdi[text()=\"OK\"]"}
RESULT: {"using":"xpath","value":"//bdi[text()=\"OK\"]"}
COMMAND: POST /session/1b6c7837aabde9e3293127df2ee335cc/elements - {"using":"xpath","value":"//bdi[text()=\"OK\"]"}
RESULT: {"using":"xpath","value":"//bdi[text()=\"OK\"]"}
COMMAND: POST /session/1b6c7837aabde9e3293127df2ee335cc/elements - {"using":"xpath","value":"//bdi[text()=\"OK\"]"}
RESULT: {"using":"xpath","value":"//bdi[text()=\"OK\"]"}
COMMAND: POST /session/1b6c7837aabde9e3293127df2ee335cc/elements - {"using":"xpath","value":"//bdi[text()=\"OK\"]"}
RESULT: {"using":"xpath","value":"//bdi[text()=\"OK\"]"}
COMMAND: POST /session/1b6c7837aabde9e3293127df2ee335cc/elements - {"using":"xpath","value":"//bdi[text()=\"OK\"]"}
RESULT: {"using":"xpath","value":"//bdi[text()=\"OK\"]"}
COMMAND: POST /session/1b6c7837aabde9e3293127df2ee335cc/elements - {"using":"xpath","value":"//bdi[text()=\"OK\"]"}
RESULT: {"using":"xpath","value":"//bdi[text()=\"OK\"]"}
COMMAND: POST /session/1b6c7837aabde9e3293127df2ee335cc/elements - {"using":"xpath","value":"//bdi[text()=\"OK\"]"}
RESULT: {"using":"xpath","value":"//bdi[text()=\"OK\"]"}
COMMAND: POST /session/1b6c7837aabde9e3293127df2ee335cc/elements - {"using":"xpath","value":"//bdi[text()=\"OK\"]"}
RESULT: {"using":"xpath","value":"//bdi[text()=\"OK\"]"}
COMMAND: POST /session/1b6c7837aabde9e3293127df2ee335cc/elements - {"using":"xpath","value":"//bdi[text()=\"OK\"]"}
RESULT: {"using":"xpath","value":"//bdi[text()=\"OK\"]"}
COMMAND: POST /session/1b6c7837aabde9e3293127df2ee335cc/elements - {"using":"xpath","value":"//bdi[text()=\"OK\"]"}
RESULT: {"using":"xpath","value":"//bdi[text()=\"OK\"]"}
COMMAND: POST /session/1b6c7837aabde9e3293127df2ee335cc/elements - {"using":"xpath","value":"//bdi[text()=\"OK\"]"}
RESULT: {"using":"xpath","value":"//bdi[text()=\"OK\"]"}
COMMAND: POST /session/1b6c7837aabde9e3293127df2ee335cc/elements - {"using":"xpath","value":"//bdi[text()=\"OK\"]"}
RESULT: {"using":"xpath","value":"//bdi[text()=\"OK\"]"}
COMMAND: POST /session/1b6c7837aabde9e3293127df2ee335cc/elements - {"using":"xpath","value":"//bdi[text()=\"OK\"]"}
RESULT: {"using":"xpath","value":"//bdi[text()=\"OK\"]"}
COMMAND: POST /session/1b6c7837aabde9e3293127df2ee335cc/elements - {"using":"xpath","value":"//bdi[text()=\"OK\"]"}
RESULT: {"using":"xpath","value":"//bdi[text()=\"OK\"]"}
COMMAND: POST /session/1b6c7837aabde9e3293127df2ee335cc/elements - {"using":"xpath","value":"//bdi[text()=\"OK\"]"}
RESULT: {"using":"xpath","value":"//bdi[text()=\"OK\"]"}
COMMAND: POST /session/1b6c7837aabde9e3293127df2ee335cc/elements - {"using":"xpath","value":"//bdi[text()=\"OK\"]"}
RESULT: {"using":"xpath","value":"//bdi[text()=\"OK\"]"}
COMMAND: POST /session/1b6c7837aabde9e3293127df2ee335cc/elements - {"using":"xpath","value":"//bdi[text()=\"OK\"]"}
RESULT: {"using":"xpath","value":"//bdi[text()=\"OK\"]"}
COMMAND: POST /session/1b6c7837aabde9e3293127df2ee335cc/elements - {"using":"xpath","value":"//bdi[text()=\"OK\"]"}
RESULT: {"using":"xpath","value":"//bdi[text()=\"OK\"]"}
COMMAND: POST /session/1b6c7837aabde9e3293127df2ee335cc/elements - {"using":"xpath","value":"//bdi[text()=\"OK\"]"}
RESULT: {"using":"xpath","value":"//bdi[text()=\"OK\"]"}
COMMAND: POST /session/1b6c7837aabde9e3293127df2ee335cc/elements - {"using":"xpath","value":"//bdi[text()=\"OK\"]"}
RESULT: {"using":"xpath","value":"//bdi[text()=\"OK\"]"}
COMMAND: POST /session/1b6c7837aabde9e3293127df2ee335cc/elements - {"using":"xpath","value":"//bdi[text()=\"OK\"]"}
RESULT: {"using":"xpath","value":"//bdi[text()=\"OK\"]"}
COMMAND: POST /session/1b6c7837aabde9e3293127df2ee335cc/elements - {"using":"xpath","value":"//bdi[text()=\"OK\"]"}
RESULT: {"using":"xpath","value":"//bdi[text()=\"OK\"]"}
COMMAND: POST /session/1b6c7837aabde9e3293127df2ee335cc/elements - {"using":"xpath","value":"//bdi[text()=\"OK\"]"}
RESULT: {"using":"xpath","value":"//bdi[text()=\"OK\"]"}
COMMAND: POST /session/1b6c7837aabde9e3293127df2ee335cc/elements - {"using":"xpath","value":"//bdi[text()=\"OK\"]"}
RESULT: {"using":"xpath","value":"//bdi[text()=\"OK\"]"}
COMMAND: POST /session/1b6c7837aabde9e3293127df2ee335cc/elements - {"using":"xpath","value":"//bdi[text()=\"OK\"]"}
RESULT: {"using":"xpath","value":"//bdi[text()=\"OK\"]"}
COMMAND: POST /session/1b6c7837aabde9e3293127df2ee335cc/elements - {"using":"xpath","value":"//bdi[text()=\"OK\"]"}
RESULT: {"using":"xpath","value":"//bdi[text()=\"OK\"]"}
COMMAND: POST /session/1b6c7837aabde9e3293127df2ee335cc/elements - {"using":"xpath","value":"//bdi[text()=\"OK\"]"}
RESULT: {"using":"xpath","value":"//bdi[text()=\"OK\"]"}
COMMAND: POST /session/1b6c7837aabde9e3293127df2ee335cc/elements - {"using":"xpath","value":"//bdi[text()=\"OK\"]"}
RESULT: {"using":"xpath","value":"//bdi[text()=\"OK\"]"}
COMMAND: POST /session/1b6c7837aabde9e3293127df2ee335cc/elements - {"using":"xpath","value":"//bdi[text()=\"OK\"]"}
RESULT: {"using":"xpath","value":"//bdi[text()=\"OK\"]"}
COMMAND: POST /session/1b6c7837aabde9e3293127df2ee335cc/elements - {"using":"xpath","value":"//bdi[text()=\"OK\"]"}
RESULT: {"using":"xpath","value":"//bdi[text()=\"OK\"]"}
COMMAND: POST /session/1b6c7837aabde9e3293127df2ee335cc/elements - {"using":"xpath","value":"//bdi[text()=\"OK\"]"}
RESULT: {"using":"xpath","value":"//bdi[text()=\"OK\"]"}
COMMAND: POST /session/1b6c7837aabde9e3293127df2ee335cc/elements - {"using":"xpath","value":"//bdi[text()=\"OK\"]"}
RESULT: {"using":"xpath","value":"//bdi[text()=\"OK\"]"}
COMMAND: POST /session/1b6c7837aabde9e3293127df2ee335cc/elements - {"using":"xpath","value":"//bdi[text()=\"OK\"]"}
RESULT: {"using":"xpath","value":"//bdi[text()=\"OK\"]"}
COMMAND: POST /session/1b6c7837aabde9e3293127df2ee335cc/elements - {"using":"xpath","value":"//bdi[text()=\"OK\"]"}
RESULT: {"using":"xpath","value":"//bdi[text()=\"OK\"]"}
COMMAND: POST /session/1b6c7837aabde9e3293127df2ee335cc/elements - {"using":"xpath","value":"//bdi[text()=\"OK\"]"}
RESULT: {"using":"xpath","value":"//bdi[text()=\"OK\"]"}
COMMAND: POST /session/1b6c7837aabde9e3293127df2ee335cc/elements - {"using":"xpath","value":"//bdi[text()=\"OK\"]"}
RESULT: {"using":"xpath","value":"//bdi[text()=\"OK\"]"}
COMMAND: POST /session/1b6c7837aabde9e3293127df2ee335cc/elements - {"using":"xpath","value":"//bdi[text()=\"OK\"]"}
RESULT: {"using":"xpath","value":"//bdi[text()=\"OK\"]"}
COMMAND: POST /session/1b6c7837aabde9e3293127df2ee335cc/elements - {"using":"xpath","value":"//bdi[text()=\"OK\"]"}
RESULT: {"using":"xpath","value":"//bdi[text()=\"OK\"]"}
COMMAND: POST /session/1b6c7837aabde9e3293127df2ee335cc/elements - {"using":"xpath","value":"//bdi[text()=\"OK\"]"}
RESULT: {"using":"xpath","value":"//bdi[text()=\"OK\"]"}
COMMAND: POST /session/1b6c7837aabde9e3293127df2ee335cc/elements - {"using":"xpath","value":"//bdi[text()=\"OK\"]"}
RESULT: {"using":"xpath","value":"//bdi[text()=\"OK\"]"}
COMMAND: POST /session/1b6c7837aabde9e3293127df2ee335cc/elements - {"using":"xpath","value":"//bdi[text()=\"OK\"]"}
RESULT: {"using":"xpath","value":"//bdi[text()=\"OK\"]"}
COMMAND: POST /session/1b6c7837aabde9e3293127df2ee335cc/elements - {"using":"xpath","value":"//bdi[text()=\"OK\"]"}
RESULT: {"using":"xpath","value":"//bdi[text()=\"OK\"]"}
COMMAND: POST /session/1b6c7837aabde9e3293127df2ee335cc/elements - {"using":"xpath","value":"//bdi[text()=\"OK\"]"}
RESULT: {"using":"xpath","value":"//bdi[text()=\"OK\"]"}
COMMAND: POST /session/1b6c7837aabde9e3293127df2ee335cc/elements - {"using":"xpath","value":"//bdi[text()=\"OK\"]"}
RESULT: {"using":"xpath","value":"//bdi[text()=\"OK\"]"}
COMMAND: POST /session/1b6c7837aabde9e3293127df2ee335cc/elements - {"using":"xpath","value":"//bdi[text()=\"OK\"]"}
RESULT: {"using":"xpath","value":"//bdi[text()=\"OK\"]"}
COMMAND: POST /session/1b6c7837aabde9e3293127df2ee335cc/elements - {"using":"xpath","value":"//bdi[text()=\"OK\"]"}
RESULT: {"using":"xpath","value":"//bdi[text()=\"OK\"]"}
COMMAND: POST /session/1b6c7837aabde9e3293127df2ee335cc/execute/async - {"script":"<script> [1562 bytes]","args":[{"selector":{"id":"application-manageresources-display-component---newResourceUnit--TYPE-arrow"},"wdio_ui5_key":"applicationmanageresources-display-component---newResourceUnit--TYPE-arrow"}]}
RESULT: {"script":"<script> [1562 bytes]","args":[{"selector":{"id":"application-manageresources-display-component---newResourceUnit--TYPE-arrow"},"wdio_ui5_key":"applicationmanageresources-display-component---newResourceUnit--TYPE-arrow"}]}
RESULT: undefined
COMMAND: POST /session/1b6c7837aabde9e3293127df2ee335cc/element - {"using":"xpath","value":"//*[@id=\"application-manageresources-display-component---newResourceUnit--TYPE-arrow\"]"}
RESULT: {"using":"xpath","value":"//*[@id=\"application-manageresources-display-component---newResourceUnit--TYPE-arrow\"]"}
COMMAND: POST /session/1b6c7837aabde9e3293127df2ee335cc/element/f.662FC9EC32089450E4582D1FE7DD78D5.d.CE51663C39BD209602F208F3AD3904F5.e.7347/click - {}
RESULT: {}
COMMAND: POST /session/1b6c7837aabde9e3293127df2ee335cc/execute/async - {"script":"<script> [1562 bytes]","args":[{"selector":{"controlType":"sap.m.StandardListItem","viewName":"reusables.view.manageresources.NewResourceUnit","viewId":"application-manageresources-display-component---newResourceUnit","properties":{"title":"Material"},"searchOpenDialogs":true,"interaction":{"idSuffix":"titleText"}},"wdio_ui5_key":"reusablesview.manageresources.NewResourceUnitsap.m.StandardListItem{\"title\":\"Material\"}"}]}
COMMAND: GET /session/1b6c7837aabde9e3293127df2ee335cc/screenshot - {}
RESULT: {"script":"<script> [1562 bytes]","args":[{"selector":{"controlType":"sap.m.StandardListItem","viewName":"reusables.view.manageresources.NewResourceUnit","viewId":"application-manageresources-display-component---newResourceUnit","properties":{"title":"Material"},"searchOpenDialogs":true,"interaction":{"idSuffix":"titleText"}},"wdio_ui5_key":"reusablesview.manageresources.NewResourceUnitsap.m.StandardListItem{\"title\":\"Material\"}"}]}
RESULT: undefined
COMMAND: POST /session/1b6c7837aabde9e3293127df2ee335cc/element - {"using":"xpath","value":"//*[@id=\"__item142\"]"}
RESULT: {}
RESULT: {"using":"xpath","value":"//*[@id=\"__item142\"]"}
COMMAND: POST /session/1b6c7837aabde9e3293127df2ee335cc/element/f.662FC9EC32089450E4582D1FE7DD78D5.d.CE51663C39BD209602F208F3AD3904F5.e.7350/click - {}
RESULT: {}
COMMAND: POST /session/1b6c7837aabde9e3293127df2ee335cc/execute/async - {"script":"<script> [1562 bytes]","args":[{"selector":{"id":"application-manageresources-display-component---newResourceUnit--SHORT_TEXT","interaction":{"idSuffix":"inner"}},"wdio_ui5_key":"applicationmanageresources-display-component---newResourceUnit--SHORT_TEXT"}]}
COMMAND: GET /session/1b6c7837aabde9e3293127df2ee335cc/screenshot - {}
RESULT: {"script":"<script> [1562 bytes]","args":[{"selector":{"id":"application-manageresources-display-component---newResourceUnit--SHORT_TEXT","interaction":{"idSuffix":"inner"}},"wdio_ui5_key":"applicationmanageresources-display-component---newResourceUnit--SHORT_TEXT"}]}
RESULT: undefined
COMMAND: POST /session/1b6c7837aabde9e3293127df2ee335cc/execute/async - {"script":"<script> [776 bytes]","args":[{"enterText":"WebdriverWHM_RU R2Ch5su5","selector":{"id":"application-manageresources-display-component---newResourceUnit--SHORT_TEXT","interaction":{"idSuffix":"inner"}},"clearTextFirst":true,"interactionType":"ENTER_TEXT"}]}
RESULT: {}
RESULT: {"script":"<script> [776 bytes]","args":[{"enterText":"WebdriverWHM_RU R2Ch5su5","selector":{"id":"application-manageresources-display-component---newResourceUnit--SHORT_TEXT","interaction":{"idSuffix":"inner"}},"clearTextFirst":true,"interactionType":"ENTER_TEXT"}]}
COMMAND: POST /session/1b6c7837aabde9e3293127df2ee335cc/execute/async - {"script":"<script> [1562 bytes]","args":[{"selector":{"id":"application-manageresources-display-component---newResourceUnit--BASE_UNIT_OF_MEASURE-arrow"},"wdio_ui5_key":"applicationmanageresources-display-component---newResourceUnit--BASE_UNIT_OF_MEASURE-arrow"}]}
RESULT: {"script":"<script> [1562 bytes]","args":[{"selector":{"id":"application-manageresources-display-component---newResourceUnit--BASE_UNIT_OF_MEASURE-arrow"},"wdio_ui5_key":"applicationmanageresources-display-component---newResourceUnit--BASE_UNIT_OF_MEASURE-arrow"}]}
RESULT: undefined
COMMAND: POST /session/1b6c7837aabde9e3293127df2ee335cc/element - {"using":"xpath","value":"//*[@id=\"application-manageresources-display-component---newResourceUnit--BASE_UNIT_OF_MEASURE-arrow\"]"}
RESULT: {"using":"xpath","value":"//*[@id=\"application-manageresources-display-component---newResourceUnit--BASE_UNIT_OF_MEASURE-arrow\"]"}
COMMAND: POST /session/1b6c7837aabde9e3293127df2ee335cc/element/f.662FC9EC32089450E4582D1FE7DD78D5.d.CE51663C39BD209602F208F3AD3904F5.e.7406/click - {}
RESULT: {}
COMMAND: POST /session/1b6c7837aabde9e3293127df2ee335cc/execute/async - {"script":"<script> [1562 bytes]","args":[{"selector":{"controlType":"sap.m.StandardListItem","viewName":"reusables.view.manageresources.NewResourceUnit","viewId":"application-manageresources-display-component---newResourceUnit","properties":{"title":"Piece"},"searchOpenDialogs":true,"interaction":{"idSuffix":"content"}},"wdio_ui5_key":"reusablesview.manageresources.NewResourceUnitsap.m.StandardListItem{\"title\":\"Piece\"}"}]}
COMMAND: GET /session/1b6c7837aabde9e3293127df2ee335cc/screenshot - {}
RESULT: {"script":"<script> [1562 bytes]","args":[{"selector":{"controlType":"sap.m.StandardListItem","viewName":"reusables.view.manageresources.NewResourceUnit","viewId":"application-manageresources-display-component---newResourceUnit","properties":{"title":"Piece"},"searchOpenDialogs":true,"interaction":{"idSuffix":"content"}},"wdio_ui5_key":"reusablesview.manageresources.NewResourceUnitsap.m.StandardListItem{\"title\":\"Piece\"}"}]}
RESULT: undefined
COMMAND: POST /session/1b6c7837aabde9e3293127df2ee335cc/element - {"using":"xpath","value":"//*[@id=\"__item184\"]"}
RESULT: {}
RESULT: {"using":"xpath","value":"//*[@id=\"__item184\"]"}
COMMAND: POST /session/1b6c7837aabde9e3293127df2ee335cc/element/f.662FC9EC32089450E4582D1FE7DD78D5.d.CE51663C39BD209602F208F3AD3904F5.e.7408/click - {}
RESULT: {}
COMMAND: POST /session/1b6c7837aabde9e3293127df2ee335cc/execute/async - {"script":"<script> [1562 bytes]","args":[{"selector":{"id":"application-manageresources-display-component---newResourceUnit--WEIGHT_UNIT-arrow"},"wdio_ui5_key":"applicationmanageresources-display-component---newResourceUnit--WEIGHT_UNIT-arrow"}]}
COMMAND: GET /session/1b6c7837aabde9e3293127df2ee335cc/screenshot - {}
RESULT: {"script":"<script> [1562 bytes]","args":[{"selector":{"id":"application-manageresources-display-component---newResourceUnit--WEIGHT_UNIT-arrow"},"wdio_ui5_key":"applicationmanageresources-display-component---newResourceUnit--WEIGHT_UNIT-arrow"}]}
RESULT: undefined
COMMAND: POST /session/1b6c7837aabde9e3293127df2ee335cc/element - {"using":"xpath","value":"//*[@id=\"application-manageresources-display-component---newResourceUnit--WEIGHT_UNIT-arrow\"]"}
RESULT: {}
RESULT: {"using":"xpath","value":"//*[@id=\"application-manageresources-display-component---newResourceUnit--WEIGHT_UNIT-arrow\"]"}
COMMAND: POST /session/1b6c7837aabde9e3293127df2ee335cc/element/f.662FC9EC32089450E4582D1FE7DD78D5.d.CE51663C39BD209602F208F3AD3904F5.e.7409/click - {}
RESULT: {}
COMMAND: POST /session/1b6c7837aabde9e3293127df2ee335cc/execute/async - {"script":"<script> [1562 bytes]","args":[{"selector":{"controlType":"sap.m.StandardListItem","viewName":"reusables.view.manageresources.NewResourceUnit","viewId":"application-manageresources-display-component---newResourceUnit","properties":{"title":"Gram"},"searchOpenDialogs":true,"interaction":{"idSuffix":"content"}},"wdio_ui5_key":"reusablesview.manageresources.NewResourceUnitsap.m.StandardListItem{\"title\":\"Gram\"}"}]}
COMMAND: GET /session/1b6c7837aabde9e3293127df2ee335cc/screenshot - {}
RESULT: {"script":"<script> [1562 bytes]","args":[{"selector":{"controlType":"sap.m.StandardListItem","viewName":"reusables.view.manageresources.NewResourceUnit","viewId":"application-manageresources-display-component---newResourceUnit","properties":{"title":"Gram"},"searchOpenDialogs":true,"interaction":{"idSuffix":"content"}},"wdio_ui5_key":"reusablesview.manageresources.NewResourceUnitsap.m.StandardListItem{\"title\":\"Gram\"}"}]}
RESULT: undefined
COMMAND: POST /session/1b6c7837aabde9e3293127df2ee335cc/element - {"using":"xpath","value":"//*[@id=\"__item249\"]"}
RESULT: {}
RESULT: {"using":"xpath","value":"//*[@id=\"__item249\"]"}
COMMAND: POST /session/1b6c7837aabde9e3293127df2ee335cc/element/f.662FC9EC32089450E4582D1FE7DD78D5.d.CE51663C39BD209602F208F3AD3904F5.e.7411/click - {}
RESULT: {}
COMMAND: GET /session/1b6c7837aabde9e3293127df2ee335cc/screenshot - {}
RESULT: {}
COMMAND: POST /session/1b6c7837aabde9e3293127df2ee335cc/execute/async - {"script":"<script> [1562 bytes]","args":[{"selector":{"id":"application-manageresources-display-component---newResourceUnit--newRRUPage-OPHeaderContent-collapseBtn-img"},"wdio_ui5_key":"applicationmanageresources-display-component---newResourceUnit--newRRUPage-OPHeaderContent-collapseBtn-img"}]}
RESULT: {"script":"<script> [1562 bytes]","args":[{"selector":{"id":"application-manageresources-display-component---newResourceUnit--newRRUPage-OPHeaderContent-collapseBtn-img"},"wdio_ui5_key":"applicationmanageresources-display-component---newResourceUnit--newRRUPage-OPHeaderContent-collapseBtn-img"}]}
RESULT: undefined
COMMAND: POST /session/1b6c7837aabde9e3293127df2ee335cc/element - {"using":"xpath","value":"//*[@id=\"application-manageresources-display-component---newResourceUnit--newRRUPage-OPHeaderContent-collapseBtn-img\"]"}
RESULT: {"using":"xpath","value":"//*[@id=\"application-manageresources-display-component---newResourceUnit--newRRUPage-OPHeaderContent-collapseBtn-img\"]"}
COMMAND: POST /session/1b6c7837aabde9e3293127df2ee335cc/element/f.662FC9EC32089450E4582D1FE7DD78D5.d.CE51663C39BD209602F208F3AD3904F5.e.7359/click - {}
RESULT: {}
COMMAND: GET /session/1b6c7837aabde9e3293127df2ee335cc/screenshot - {}
RESULT: {}
COMMAND: POST /session/1b6c7837aabde9e3293127df2ee335cc/element - {"using":"xpath","value":"(//span[contains(@id ,\"application-manageresources-display-component---newResourceUnit--DIMENSION_UNIT-arrow\")])[1]"}
RESULT: {"using":"xpath","value":"(//span[contains(@id ,\"application-manageresources-display-component---newResourceUnit--DIMENSION_UNIT-arrow\")])[1]"}
COMMAND: POST /session/1b6c7837aabde9e3293127df2ee335cc/element/f.662FC9EC32089450E4582D1FE7DD78D5.d.CE51663C39BD209602F208F3AD3904F5.e.7415/click - {}
RESULT: {}
COMMAND: GET /session/1b6c7837aabde9e3293127df2ee335cc/screenshot - {}
RESULT: {}
COMMAND: POST /session/1b6c7837aabde9e3293127df2ee335cc/execute/async - {"script":"<script> [1562 bytes]","args":[{"selector":{"controlType":"sap.m.StandardListItem","viewName":"reusables.view.manageresources.NewResourceUnit","viewId":"application-manageresources-display-component---newResourceUnit","properties":{"title":"Centimeter"},"searchOpenDialogs":true,"interaction":{"idSuffix":"titleText"}},"wdio_ui5_key":"reusablesview.manageresources.NewResourceUnitsap.m.StandardListItem{\"title\":\"Centimeter\"}"}]}
RESULT: {"script":"<script> [1562 bytes]","args":[{"selector":{"controlType":"sap.m.StandardListItem","viewName":"reusables.view.manageresources.NewResourceUnit","viewId":"application-manageresources-display-component---newResourceUnit","properties":{"title":"Centimeter"},"searchOpenDialogs":true,"interaction":{"idSuffix":"titleText"}},"wdio_ui5_key":"reusablesview.manageresources.NewResourceUnitsap.m.StandardListItem{\"title\":\"Centimeter\"}"}]}
RESULT: undefined
COMMAND: POST /session/1b6c7837aabde9e3293127df2ee335cc/element - {"using":"xpath","value":"//*[@id=\"__item252\"]"}
RESULT: {"using":"xpath","value":"//*[@id=\"__item252\"]"}
COMMAND: POST /session/1b6c7837aabde9e3293127df2ee335cc/element/f.662FC9EC32089450E4582D1FE7DD78D5.d.CE51663C39BD209602F208F3AD3904F5.e.7419/click - {}
RESULT: {}
COMMAND: GET /session/1b6c7837aabde9e3293127df2ee335cc/screenshot - {}
RESULT: {}
COMMAND: POST /session/1b6c7837aabde9e3293127df2ee335cc/execute/async - {"script":"<script> [1562 bytes]","args":[{"selector":{"id":"application-manageresources-display-component---newResourceUnit--newRRUPage-anchBar-application-manageresources-display-component---newResourceUnit--reference-anchor","interaction":{"idSuffix":"BDI-content"}},"wdio_ui5_key":"applicationmanageresources-display-component---newResourceUnit--newRRUPage-anchBar-application-manageresources-display-component---newResourceUnit--reference-anchor"}]}
RESULT: {"script":"<script> [1562 bytes]","args":[{"selector":{"id":"application-manageresources-display-component---newResourceUnit--newRRUPage-anchBar-application-manageresources-display-component---newResourceUnit--reference-anchor","interaction":{"idSuffix":"BDI-content"}},"wdio_ui5_key":"applicationmanageresources-display-component---newResourceUnit--newRRUPage-anchBar-application-manageresources-display-component---newResourceUnit--reference-anchor"}]}
RESULT: undefined
COMMAND: POST /session/1b6c7837aabde9e3293127df2ee335cc/element - {"using":"xpath","value":"//*[@id=\"application-manageresources-display-component---newResourceUnit--newRRUPage-anchBar-application-manageresources-display-component---newResourceUnit--reference-anchor\"]"}
RESULT: {"using":"xpath","value":"//*[@id=\"application-manageresources-display-component---newResourceUnit--newRRUPage-anchBar-application-manageresources-display-component---newResourceUnit--reference-anchor\"]"}
COMMAND: POST /session/1b6c7837aabde9e3293127df2ee335cc/element/f.662FC9EC32089450E4582D1FE7DD78D5.d.CE51663C39BD209602F208F3AD3904F5.e.7421/click - {}
RESULT: {}
COMMAND: POST /session/1b6c7837aabde9e3293127df2ee335cc/execute/async - {"script":"<script> [1562 bytes]","args":[{"selector":{"id":"application-manageresources-display-component---newResourceUnit--PLANNING_GROUP-arrow"},"wdio_ui5_key":"applicationmanageresources-display-component---newResourceUnit--PLANNING_GROUP-arrow"}]}
COMMAND: GET /session/1b6c7837aabde9e3293127df2ee335cc/screenshot - {}
RESULT: {"script":"<script> [1562 bytes]","args":[{"selector":{"id":"application-manageresources-display-component---newResourceUnit--PLANNING_GROUP-arrow"},"wdio_ui5_key":"applicationmanageresources-display-component---newResourceUnit--PLANNING_GROUP-arrow"}]}
RESULT: undefined
COMMAND: POST /session/1b6c7837aabde9e3293127df2ee335cc/element - {"using":"xpath","value":"//*[@id=\"application-manageresources-display-component---newResourceUnit--PLANNING_GROUP-arrow\"]"}
RESULT: {}
RESULT: {"using":"xpath","value":"//*[@id=\"application-manageresources-display-component---newResourceUnit--PLANNING_GROUP-arrow\"]"}
COMMAND: POST /session/1b6c7837aabde9e3293127df2ee335cc/element/f.662FC9EC32089450E4582D1FE7DD78D5.d.CE51663C39BD209602F208F3AD3904F5.e.7425/click - {}
RESULT: {}
COMMAND: POST /session/1b6c7837aabde9e3293127df2ee335cc/execute/async - {"script":"<script> [1562 bytes]","args":[{"selector":{"controlType":"sap.m.StandardListItem","viewName":"reusables.view.manageresources.NewResourceUnit","viewId":"application-manageresources-display-component---newResourceUnit","properties":{"title":"Heavy Equi"},"searchOpenDialogs":true,"interaction":{"idSuffix":"content"}},"wdio_ui5_key":"reusablesview.manageresources.NewResourceUnitsap.m.StandardListItem{\"title\":\"Heavy Equi\"}"}]}
COMMAND: GET /session/1b6c7837aabde9e3293127df2ee335cc/screenshot - {}
RESULT: {"script":"<script> [1562 bytes]","args":[{"selector":{"controlType":"sap.m.StandardListItem","viewName":"reusables.view.manageresources.NewResourceUnit","viewId":"application-manageresources-display-component---newResourceUnit","properties":{"title":"Heavy Equi"},"searchOpenDialogs":true,"interaction":{"idSuffix":"content"}},"wdio_ui5_key":"reusablesview.manageresources.NewResourceUnitsap.m.StandardListItem{\"title\":\"Heavy Equi\"}"}]}
RESULT: undefined
COMMAND: POST /session/1b6c7837aabde9e3293127df2ee335cc/element - {"using":"xpath","value":"//*[@id=\"__item260\"]"}
RESULT: {}
RESULT: {"using":"xpath","value":"//*[@id=\"__item260\"]"}
COMMAND: POST /session/1b6c7837aabde9e3293127df2ee335cc/element/f.662FC9EC32089450E4582D1FE7DD78D5.d.CE51663C39BD209602F208F3AD3904F5.e.7427/click - {}
RESULT: {}
COMMAND: GET /session/1b6c7837aabde9e3293127df2ee335cc/screenshot - {}
RESULT: {}
COMMAND: POST /session/1b6c7837aabde9e3293127df2ee335cc/execute/async - {"script":"<script> [1562 bytes]","args":[{"selector":{"id":"application-manageresources-display-component---newResourceUnit--PLANNING_INDICATOR-arrow"},"wdio_ui5_key":"applicationmanageresources-display-component---newResourceUnit--PLANNING_INDICATOR-arrow"}]}
RESULT: {"script":"<script> [1562 bytes]","args":[{"selector":{"id":"application-manageresources-display-component---newResourceUnit--PLANNING_INDICATOR-arrow"},"wdio_ui5_key":"applicationmanageresources-display-component---newResourceUnit--PLANNING_INDICATOR-arrow"}]}
RESULT: undefined
COMMAND: POST /session/1b6c7837aabde9e3293127df2ee335cc/element - {"using":"xpath","value":"//*[@id=\"application-manageresources-display-component---newResourceUnit--PLANNING_INDICATOR-arrow\"]"}
RESULT: {"using":"xpath","value":"//*[@id=\"application-manageresources-display-component---newResourceUnit--PLANNING_INDICATOR-arrow\"]"}
COMMAND: POST /session/1b6c7837aabde9e3293127df2ee335cc/element/f.662FC9EC32089450E4582D1FE7DD78D5.d.CE51663C39BD209602F208F3AD3904F5.e.7428/click - {}
RESULT: {}
COMMAND: POST /session/1b6c7837aabde9e3293127df2ee335cc/execute/async - {"script":"<script> [1562 bytes]","args":[{"selector":{"controlType":"sap.m.StandardListItem","viewName":"reusables.view.manageresources.NewResourceUnit","viewId":"application-manageresources-display-component---newResourceUnit","properties":{"title":"10 - infinite"},"searchOpenDialogs":true,"interaction":{"idSuffix":"content"}},"wdio_ui5_key":"reusablesview.manageresources.NewResourceUnitsap.m.StandardListItem{\"title\":\"10 - infinite\"}"}]}
COMMAND: GET /session/1b6c7837aabde9e3293127df2ee335cc/screenshot - {}
RESULT: {"script":"<script> [1562 bytes]","args":[{"selector":{"controlType":"sap.m.StandardListItem","viewName":"reusables.view.manageresources.NewResourceUnit","viewId":"application-manageresources-display-component---newResourceUnit","properties":{"title":"10 - infinite"},"searchOpenDialogs":true,"interaction":{"idSuffix":"content"}},"wdio_ui5_key":"reusablesview.manageresources.NewResourceUnitsap.m.StandardListItem{\"title\":\"10 - infinite\"}"}]}
RESULT: undefined
COMMAND: POST /session/1b6c7837aabde9e3293127df2ee335cc/element - {"using":"xpath","value":"//*[@id=\"__item270\"]"}
RESULT: {}
RESULT: {"using":"xpath","value":"//*[@id=\"__item270\"]"}
COMMAND: POST /session/1b6c7837aabde9e3293127df2ee335cc/element/f.662FC9EC32089450E4582D1FE7DD78D5.d.CE51663C39BD209602F208F3AD3904F5.e.7430/click - {}
RESULT: {}
COMMAND: GET /session/1b6c7837aabde9e3293127df2ee335cc/screenshot - {}
RESULT: {}
COMMAND: POST /session/1b6c7837aabde9e3293127df2ee335cc/element - {"using":"xpath","value":"//bdi[contains(text(), \"Time Segment\")]"}
RESULT: {"using":"xpath","value":"//bdi[contains(text(), \"Time Segment\")]"}
COMMAND: GET /session/1b6c7837aabde9e3293127df2ee335cc/element/f.662FC9EC32089450E4582D1FE7DD78D5.d.CE51663C39BD209602F208F3AD3904F5.e.7431/rect - {}
RESULT: {}
COMMAND: GET /session/1b6c7837aabde9e3293127df2ee335cc/window/rect - {}
RESULT: {}
COMMAND: POST /session/1b6c7837aabde9e3293127df2ee335cc/execute/sync - {"script":"<script> [92 bytes]","args":[]}
RESULT: {"script":"<script> [92 bytes]","args":[]}
COMMAND: POST /session/1b6c7837aabde9e3293127df2ee335cc/actions - {"actions":[{"id":"action19","type":"wheel","parameters":{},"actions":[{"type":"scroll","x":-1804,"y":-21,"deltaX":0,"deltaY":0,"duration":0,"origin":{"element-6066-11e4-a52e-4f735466cecf":"f.662FC9EC32089450E4582D1FE7DD78D5.d.CE51663C39BD209602F208F3AD3904F5.e.7431"}}]}]}
COMMAND: GET /session/1b6c7837aabde9e3293127df2ee335cc/screenshot - {}
RESULT: {}
COMMAND: POST /session/1b6c7837aabde9e3293127df2ee335cc/execute/sync - {"script":"<script> [79 bytes]","args":[{"element-6066-11e4-a52e-4f735466cecf":"f.662FC9EC32089450E4582D1FE7DD78D5.d.CE51663C39BD209602F208F3AD3904F5.e.7431","ELEMENT":"f.662FC9EC32089450E4582D1FE7DD78D5.d.CE51663C39BD209602F208F3AD3904F5.e.7431"},{"block":"start","inline":"nearest"}]}
RESULT: {"script":"<script> [79 bytes]","args":[{"element-6066-11e4-a52e-4f735466cecf":"f.662FC9EC32089450E4582D1FE7DD78D5.d.CE51663C39BD209602F208F3AD3904F5.e.7431","ELEMENT":"f.662FC9EC32089450E4582D1FE7DD78D5.d.CE51663C39BD209602F208F3AD3904F5.e.7431"},{"block":"start","inline":"nearest"}]}
COMMAND: GET /session/1b6c7837aabde9e3293127df2ee335cc/screenshot - {}
RESULT: {}
COMMAND: POST /session/1b6c7837aabde9e3293127df2ee335cc/element - {"using":"xpath","value":"//span[@id=\"application-manageresources-display-component---newResourceUnit--btnAddTimeSegment-img\"]"}
RESULT: {"using":"xpath","value":"//span[@id=\"application-manageresources-display-component---newResourceUnit--btnAddTimeSegment-img\"]"}
COMMAND: POST /session/1b6c7837aabde9e3293127df2ee335cc/execute/sync - {"script":"<script> [8489 bytes]","args":[{"element-6066-11e4-a52e-4f735466cecf":"f.662FC9EC32089450E4582D1FE7DD78D5.d.CE51663C39BD209602F208F3AD3904F5.e.7434","ELEMENT":"f.662FC9EC32089450E4582D1FE7DD78D5.d.CE51663C39BD209602F208F3AD3904F5.e.7434"}]}
RESULT: {"script":"<script> [8489 bytes]","args":[{"element-6066-11e4-a52e-4f735466cecf":"f.662FC9EC32089450E4582D1FE7DD78D5.d.CE51663C39BD209602F208F3AD3904F5.e.7434","ELEMENT":"f.662FC9EC32089450E4582D1FE7DD78D5.d.CE51663C39BD209602F208F3AD3904F5.e.7434"}]}
COMMAND: POST /session/1b6c7837aabde9e3293127df2ee335cc/element/f.662FC9EC32089450E4582D1FE7DD78D5.d.CE51663C39BD209602F208F3AD3904F5.e.7434/click - {}
COMMAND: GET /session/1b6c7837aabde9e3293127df2ee335cc/screenshot - {}
RESULT: {}
COMMAND: GET /session/1b6c7837aabde9e3293127df2ee335cc/screenshot - {}
COMMAND: POST /session/1b6c7837aabde9e3293127df2ee335cc/element - {"using":"xpath","value":"//input[@id=\"application-manageresources-display-component---newResourceUnit--idRuTSAdmin-application-manageresources-display-component---newResourceUnit--RUTimeSegment-0-inner\"]"}
RESULT: {}
RESULT: {}
RESULT: {"using":"xpath","value":"//input[@id=\"application-manageresources-display-component---newResourceUnit--idRuTSAdmin-application-manageresources-display-component---newResourceUnit--RUTimeSegment-0-inner\"]"}
COMMAND: POST /session/1b6c7837aabde9e3293127df2ee335cc/element/f.662FC9EC32089450E4582D1FE7DD78D5.d.CE51663C39BD209602F208F3AD3904F5.e.7437/clear - {}
RESULT: {}
COMMAND: POST /session/1b6c7837aabde9e3293127df2ee335cc/element/f.662FC9EC32089450E4582D1FE7DD78D5.d.CE51663C39BD209602F208F3AD3904F5.e.7437/value - {"text":"490"}
COMMAND: GET /session/1b6c7837aabde9e3293127df2ee335cc/screenshot - {}
RESULT: {"text":"490"}
COMMAND: GET /session/1b6c7837aabde9e3293127df2ee335cc/screenshot - {}
RESULT: {}
RESULT: {}
COMMAND: POST /session/1b6c7837aabde9e3293127df2ee335cc/actions - {"actions":[{"id":"action20","type":"key","parameters":{},"actions":[{"type":"keyDown","value":"î€‡"},{"type":"pause","duration":10},{"type":"keyUp","value":"î€‡"}]}]}
RESULT: {"actions":[{"id":"action20","type":"key","parameters":{},"actions":[{"type":"keyDown","value":"î€‡"},{"type":"pause","duration":10},{"type":"keyUp","value":"î€‡"}]}]}
COMMAND: POST /session/1b6c7837aabde9e3293127df2ee335cc/execute/async - {"script":"<script> [1562 bytes]","args":[{"selector":{"controlType":"sap.m.Button","viewName":"reusables.view.manageresources.NewResourceUnit","viewId":"application-manageresources-display-component---newResourceUnit","i18NText":{"propertyName":"tooltip","key":"save"},"interaction":{"idSuffix":"BDI-content"}},"wdio_ui5_key":"reusablesview.manageresources.NewResourceUnitsap.m.Button{\"propertyName\":\"tooltip\",\"key\":\"save\"}"}]}
COMMAND: GET /session/1b6c7837aabde9e3293127df2ee335cc/screenshot - {}
RESULT: {"script":"<script> [1562 bytes]","args":[{"selector":{"controlType":"sap.m.Button","viewName":"reusables.view.manageresources.NewResourceUnit","viewId":"application-manageresources-display-component---newResourceUnit","i18NText":{"propertyName":"tooltip","key":"save"},"interaction":{"idSuffix":"BDI-content"}},"wdio_ui5_key":"reusablesview.manageresources.NewResourceUnitsap.m.Button{\"propertyName\":\"tooltip\",\"key\":\"save\"}"}]}
RESULT: undefined
COMMAND: POST /session/1b6c7837aabde9e3293127df2ee335cc/element - {"using":"xpath","value":"//*[@id=\"application-manageresources-display-component---newResourceUnit--createRuButton\"]"}
RESULT: {}
RESULT: {"using":"xpath","value":"//*[@id=\"application-manageresources-display-component---newResourceUnit--createRuButton\"]"}
COMMAND: POST /session/1b6c7837aabde9e3293127df2ee335cc/element/f.662FC9EC32089450E4582D1FE7DD78D5.d.CE51663C39BD209602F208F3AD3904F5.e.7365/click - {}
RESULT: {}
COMMAND: GET /session/1b6c7837aabde9e3293127df2ee335cc/screenshot - {}
RESULT: {}
COMMAND: POST /session/1b6c7837aabde9e3293127df2ee335cc/execute/async - {"script":"<script> [1562 bytes]","args":[{"selector":{"controlType":"sap.m.Title","properties":{"text":"Success"},"searchOpenDialogs":true},"wdio_ui5_key":"sapm.Title{\"text\":\"Success\"}"}]}
RESULT: {"script":"<script> [1562 bytes]","args":[{"selector":{"controlType":"sap.m.Title","properties":{"text":"Success"},"searchOpenDialogs":true},"wdio_ui5_key":"sapm.Title{\"text\":\"Success\"}"}]}
RESULT: undefined
COMMAND: POST /session/1b6c7837aabde9e3293127df2ee335cc/execute/async - {"script":"<script> [6424 bytes]","args":[{"element-6066-11e4-a52e-4f735466cecf":"f.662FC9EC32089450E4582D1FE7DD78D5.d.CE51663C39BD209602F208F3AD3904F5.e.7451"},"getText",[]]}
RESULT: {"script":"<script> [6424 bytes]","args":[{"element-6066-11e4-a52e-4f735466cecf":"f.662FC9EC32089450E4582D1FE7DD78D5.d.CE51663C39BD209602F208F3AD3904F5.e.7451"},"getText",[]]}
COMMAND: POST /session/1b6c7837aabde9e3293127df2ee335cc/element - {"using":"xpath","value":"//*[contains(@id, '__text') and (contains(text(), 'successfully created') or contains(., 'successfully created'))]"}
RESULT: {"using":"xpath","value":"//*[contains(@id, '__text') and (contains(text(), 'successfully created') or contains(., 'successfully created'))]"}
COMMAND: GET /session/1b6c7837aabde9e3293127df2ee335cc/element/f.662FC9EC32089450E4582D1FE7DD78D5.d.CE51663C39BD209602F208F3AD3904F5.e.7449/text - {}
RESULT: {}
COMMAND: POST /session/1b6c7837aabde9e3293127df2ee335cc/execute/async - {"script":"<script> [1562 bytes]","args":[{"selector":{"controlType":"sap.m.Button","properties":{"text":"Close"},"searchOpenDialogs":true,"interaction":{"idSuffix":"BDI-content"}},"wdio_ui5_key":"sapm.Button{\"text\":\"Close\"}"}]}
RESULT: {"script":"<script> [1562 bytes]","args":[{"selector":{"controlType":"sap.m.Button","properties":{"text":"Close"},"searchOpenDialogs":true,"interaction":{"idSuffix":"BDI-content"}},"wdio_ui5_key":"sapm.Button{\"text\":\"Close\"}"}]}
RESULT: undefined
COMMAND: POST /session/1b6c7837aabde9e3293127df2ee335cc/element - {"using":"xpath","value":"//*[@id=\"__mbox-btn-0\"]"}
RESULT: {"using":"xpath","value":"//*[@id=\"__mbox-btn-0\"]"}
COMMAND: POST /session/1b6c7837aabde9e3293127df2ee335cc/element/f.662FC9EC32089450E4582D1FE7DD78D5.d.CE51663C39BD209602F208F3AD3904F5.e.7447/click - {}
RESULT: {}
COMMAND: GET /session/1b6c7837aabde9e3293127df2ee335cc/screenshot - {}
RESULT: {}
COMMAND: POST /session/1b6c7837aabde9e3293127df2ee335cc/execute/async - {"script":"<script> [1562 bytes]","args":[{"selector":{"controlType":"sap.ui.core.Icon","viewName":"etm.portal.ui.manageresources.view.Detail","viewId":"application-manageresources-display-component---detailRU","properties":{"src":{"regex":{"source":"overflow"}}}},"wdio_ui5_key":"etmportal.ui.manageresources.view.Detailsap.ui.core.Icon{\"src\":{\"regex\":{\"source\":\"overflow\"}}}"}]}
RESULT: {"script":"<script> [1562 bytes]","args":[{"selector":{"controlType":"sap.ui.core.Icon","viewName":"etm.portal.ui.manageresources.view.Detail","viewId":"application-manageresources-display-component---detailRU","properties":{"src":{"regex":{"source":"overflow"}}}},"wdio_ui5_key":"etmportal.ui.manageresources.view.Detailsap.ui.core.Icon{\"src\":{\"regex\":{\"source\":\"overflow\"}}}"}]}
RESULT: undefined
COMMAND: POST /session/1b6c7837aabde9e3293127df2ee335cc/element - {"using":"xpath","value":"//*[@id=\"__title14-_actionsToolbar-overflowButton-img\"]"}
RESULT: {"using":"xpath","value":"//*[@id=\"__title14-_actionsToolbar-overflowButton-img\"]"}
COMMAND: POST /session/1b6c7837aabde9e3293127df2ee335cc/element/f.662FC9EC32089450E4582D1FE7DD78D5.d.CE51663C39BD209602F208F3AD3904F5.e.7479/click - {}
RESULT: {}
COMMAND: POST /session/1b6c7837aabde9e3293127df2ee335cc/execute/async - {"script":"<script> [1562 bytes]","args":[{"selector":{"controlType":"sap.m.Button","viewName":"etm.portal.ui.manageresources.view.Detail","viewId":"application-manageresources-display-component---detailRU","i18NText":{"propertyName":"tooltip","key":"closeColumn"},"searchOpenDialogs":true,"interaction":{"idSuffix":"inner"}},"wdio_ui5_key":"etmportal.ui.manageresources.view.Detailsap.m.Button{\"propertyName\":\"tooltip\",\"key\":\"closeColumn\"}"}]}
COMMAND: GET /session/1b6c7837aabde9e3293127df2ee335cc/screenshot - {}
RESULT: {"script":"<script> [1562 bytes]","args":[{"selector":{"controlType":"sap.m.Button","viewName":"etm.portal.ui.manageresources.view.Detail","viewId":"application-manageresources-display-component---detailRU","i18NText":{"propertyName":"tooltip","key":"closeColumn"},"searchOpenDialogs":true,"interaction":{"idSuffix":"inner"}},"wdio_ui5_key":"etmportal.ui.manageresources.view.Detailsap.m.Button{\"propertyName\":\"tooltip\",\"key\":\"closeColumn\"}"}]}
RESULT: undefined
COMMAND: POST /session/1b6c7837aabde9e3293127df2ee335cc/element - {"using":"xpath","value":"//*[@id=\"__button39\"]"}
RESULT: {}
RESULT: {"using":"xpath","value":"//*[@id=\"__button39\"]"}
COMMAND: POST /session/1b6c7837aabde9e3293127df2ee335cc/element/f.662FC9EC32089450E4582D1FE7DD78D5.d.CE51663C39BD209602F208F3AD3904F5.e.7481/click - {}
RESULT: {}
COMMAND: POST /session/1b6c7837aabde9e3293127df2ee335cc/element - {"using":"css selector","value":"#j_username"}
COMMAND: POST /session/1b6c7837aabde9e3293127df2ee335cc/url - {"url":"https://qa-testing-00-live-etm-ui.cfapps.eu10-004.hana.ondemand.com/"}
COMMAND: GET /session/1b6c7837aabde9e3293127df2ee335cc/screenshot - {}
RESULT: {"using":"css selector","value":"#j_username"}
COMMAND: POST /session/1b6c7837aabde9e3293127df2ee335cc/element - {"using":"css selector","value":"#j_username"}
RESULT: {"url":"https://qa-testing-00-live-etm-ui.cfapps.eu10-004.hana.ondemand.com/"}
RESULT: undefined
COMMAND: GET /session/1b6c7837aabde9e3293127df2ee335cc/screenshot - {}
RESULT: {}
RESULT: {"using":"css selector","value":"#j_username"}
COMMAND: POST /session/1b6c7837aabde9e3293127df2ee335cc/element - {"using":"css selector","value":"#shell-header-logo"}
RESULT: {}
RESULT: {"using":"css selector","value":"#shell-header-logo"}
COMMAND: POST /session/1b6c7837aabde9e3293127df2ee335cc/execute/sync - {"script":"<script> [8489 bytes]","args":[{"element-6066-11e4-a52e-4f735466cecf":"f.662FC9EC32089450E4582D1FE7DD78D5.d.AB8F50C3C62AE1923FE10E63BB7BAEAC.e.7621","ELEMENT":"f.662FC9EC32089450E4582D1FE7DD78D5.d.AB8F50C3C62AE1923FE10E63BB7BAEAC.e.7621"}]}
RESULT: {"script":"<script> [8489 bytes]","args":[{"element-6066-11e4-a52e-4f735466cecf":"f.662FC9EC32089450E4582D1FE7DD78D5.d.AB8F50C3C62AE1923FE10E63BB7BAEAC.e.7621","ELEMENT":"f.662FC9EC32089450E4582D1FE7DD78D5.d.AB8F50C3C62AE1923FE10E63BB7BAEAC.e.7621"}]}
COMMAND: POST /session/1b6c7837aabde9e3293127df2ee335cc/element - {"using":"css selector","value":"#shell-header-logo"}
COMMAND: GET /session/1b6c7837aabde9e3293127df2ee335cc/screenshot - {}
RESULT: {"using":"css selector","value":"#shell-header-logo"}
COMMAND: POST /session/1b6c7837aabde9e3293127df2ee335cc/execute/sync - {"script":"<script> [8489 bytes]","args":[{"element-6066-11e4-a52e-4f735466cecf":"f.662FC9EC32089450E4582D1FE7DD78D5.d.AB8F50C3C62AE1923FE10E63BB7BAEAC.e.7621","ELEMENT":"f.662FC9EC32089450E4582D1FE7DD78D5.d.AB8F50C3C62AE1923FE10E63BB7BAEAC.e.7621"}]}
RESULT: {}
RESULT: {"script":"<script> [8489 bytes]","args":[{"element-6066-11e4-a52e-4f735466cecf":"f.662FC9EC32089450E4582D1FE7DD78D5.d.AB8F50C3C62AE1923FE10E63BB7BAEAC.e.7621","ELEMENT":"f.662FC9EC32089450E4582D1FE7DD78D5.d.AB8F50C3C62AE1923FE10E63BB7BAEAC.e.7621"}]}
COMMAND: POST /session/1b6c7837aabde9e3293127df2ee335cc/execute/sync - {"script":"<script> [5351 bytes]","args":[{"element-6066-11e4-a52e-4f735466cecf":"f.662FC9EC32089450E4582D1FE7DD78D5.d.AB8F50C3C62AE1923FE10E63BB7BAEAC.e.7621","ELEMENT":"f.662FC9EC32089450E4582D1FE7DD78D5.d.AB8F50C3C62AE1923FE10E63BB7BAEAC.e.7621"}]}
COMMAND: GET /session/1b6c7837aabde9e3293127df2ee335cc/screenshot - {}
RESULT: {"script":"<script> [5351 bytes]","args":[{"element-6066-11e4-a52e-4f735466cecf":"f.662FC9EC32089450E4582D1FE7DD78D5.d.AB8F50C3C62AE1923FE10E63BB7BAEAC.e.7621","ELEMENT":"f.662FC9EC32089450E4582D1FE7DD78D5.d.AB8F50C3C62AE1923FE10E63BB7BAEAC.e.7621"}]}
COMMAND: POST /session/1b6c7837aabde9e3293127df2ee335cc/element - {"using":"css selector","value":"#shell-header-logo"}
COMMAND: GET /session/1b6c7837aabde9e3293127df2ee335cc/screenshot - {}
RESULT: {}
RESULT: {"using":"css selector","value":"#shell-header-logo"}
COMMAND: POST /session/1b6c7837aabde9e3293127df2ee335cc/element/f.662FC9EC32089450E4582D1FE7DD78D5.d.AB8F50C3C62AE1923FE10E63BB7BAEAC.e.7621/click - {}
RESULT: {}
RESULT: {}
COMMAND: GET /session/1b6c7837aabde9e3293127df2ee335cc/screenshot - {}
RESULT: {}
COMMAND: POST /session/1b6c7837aabde9e3293127df2ee335cc/execute/async - {"script":"<script> [189 bytes]","args":[]}
RESULT: {"script":"<script> [189 bytes]","args":[]}
COMMAND: POST /session/1b6c7837aabde9e3293127df2ee335cc/execute/async - {"script":"<script> [123 bytes]","args":[]}
RESULT: {"script":"<script> [123 bytes]","args":[]}
COMMAND: POST /session/1b6c7837aabde9e3293127df2ee335cc/timeouts - {"script":"<number>"}
RESULT: {"script":"<number>"}
COMMAND: GET /session/1b6c7837aabde9e3293127df2ee335cc/timeouts - {}
RESULT: {}
RESULT: undefined
COMMAND: POST /session/1b6c7837aabde9e3293127df2ee335cc/execute/async - {"script":"<script> [2676 bytes]","args":[]}
RESULT: {"script":"<script> [2676 bytes]","args":[]}
COMMAND: POST /session/1b6c7837aabde9e3293127df2ee335cc/execute/async - {"script":"<script> [2342 bytes]","args":[{"protocol":"http","hostname":"0.0.0.0","path":"/","capabilities":{"browserName":"chrome","goog:chromeOptions":{"binary":"C:\\Program Files\\Google\\Chrome\\Application\\chrome.exe","args":["--start-maximized"]}},"logLevel":"warn","connectionRetryTimeout":120000,"connectionRetryCount":3,"logLevels":{},"enableDirectConnect":true,"strictSSL":true,"_":"65 more keys: [\"cacheDir\",\"port\",\"requestedCapabilities\",\"automationProtocol\",\"baseUrl\",\"waitforInterval\",\"waitforTimeout\",\"onReload\",\"beforeCommand\",\"afterCommand\",\"rootDir\",\"specs\",\"suites\",\"exclude\",\"groupLogsByTestSpec\",\"excludeDriverLogs\",\"bail\",\"framework\",\"reporters\",\"services\",\"maxInstances\",\"maxInstancesPerCapability\",\"injectGlobals\",\"filesToWatch\",\"execArgv\",\"runnerEnv\",\"runner\",\"shard\",\"specFileRetries\",\"specFileRetriesDelay\",\"specFileRetriesDeferred\",\"reporterSyncInterval\",\"reporterSyncTimeout\",\"cucumberFeaturesWithLineNumbers\",\"autoCompileOpts\",\"mochaOpts\",\"jasmineOpts\",\"cucumberOpts\",\"onPrepare\",\"onWorkerStart\",\"onWorkerEnd\",\"before\",\"beforeSession\",\"beforeSuite\",\"beforeHook\",\"beforeTest\",\"afterTest\",\"afterHook\",\"afterSuite\",\"afterSession\",\"after\",\"onComplete\",\"beforeAssertion\",\"afterAssertion\",\"beforeFeature\",\"beforeScenario\",\"beforeStep\",\"afterStep\",\"afterScenario\",\"afterFeature\",\"_\",\"suite\",\"$0\",\"ignoredWorkerServices\",\"wdi5\"]"}]}
RESULT: {"script":"<script> [2342 bytes]","args":[{"protocol":"http","hostname":"0.0.0.0","path":"/","capabilities":{"browserName":"chrome","goog:chromeOptions":{"binary":"C:\\Program Files\\Google\\Chrome\\Application\\chrome.exe","args":["--start-maximized"]}},"logLevel":"warn","connectionRetryTimeout":120000,"connectionRetryCount":3,"logLevels":{},"enableDirectConnect":true,"strictSSL":true,"_":"65 more keys: [\"cacheDir\",\"port\",\"requestedCapabilities\",\"automationProtocol\",\"baseUrl\",\"waitforInterval\",\"waitforTimeout\",\"onReload\",\"beforeCommand\",\"afterCommand\",\"rootDir\",\"specs\",\"suites\",\"exclude\",\"groupLogsByTestSpec\",\"excludeDriverLogs\",\"bail\",\"framework\",\"reporters\",\"services\",\"maxInstances\",\"maxInstancesPerCapability\",\"injectGlobals\",\"filesToWatch\",\"execArgv\",\"runnerEnv\",\"runner\",\"shard\",\"specFileRetries\",\"specFileRetriesDelay\",\"specFileRetriesDeferred\",\"reporterSyncInterval\",\"reporterSyncTimeout\",\"cucumberFeaturesWithLineNumbers\",\"autoCompileOpts\",\"mochaOpts\",\"jasmineOpts\",\"cucumberOpts\",\"onPrepare\",\"onWorkerStart\",\"onWorkerEnd\",\"before\",\"beforeSession\",\"beforeSuite\",\"beforeHook\",\"beforeTest\",\"afterTest\",\"afterHook\",\"afterSuite\",\"afterSession\",\"after\",\"onComplete\",\"beforeAssertion\",\"afterAssertion\",\"beforeFeature\",\"beforeScenario\",\"beforeStep\",\"afterStep\",\"afterScenario\",\"afterFeature\",\"_\",\"suite\",\"$0\",\"ignoredWorkerServices\",\"wdi5\"]"}]}
COMMAND: POST /session/1b6c7837aabde9e3293127df2ee335cc/execute/async - {"script":"<script> [21126 bytes]","args":[35000]}
RESULT: {"script":"<script> [21126 bytes]","args":[35000]}
COMMAND: POST /session/1b6c7837aabde9e3293127df2ee335cc/window/maximize - {}
RESULT: {}
COMMAND: POST /session/1b6c7837aabde9e3293127df2ee335cc/execute/async - {"script":"<script> [1562 bytes]","args":[{"selector":{"id":"shell-header","interaction":{"idSuffix":"icon"}},"wdio_ui5_key":"shellheader"}]}
COMMAND: GET /session/1b6c7837aabde9e3293127df2ee335cc/screenshot - {}
RESULT: {"script":"<script> [1562 bytes]","args":[{"selector":{"id":"shell-header","interaction":{"idSuffix":"icon"}},"wdio_ui5_key":"shellheader"}]}
RESULT: undefined
]]></system-out>
    </testcase>
  </testsuite>
  <testsuite timestamp="2025-05-17T15:39:53" time="295.351" tests="1" failures="0" errors="0" skipped="0">
    <properties>
      <property name="specId" value="0" />
      <property name="suiteName" value="create-equipment" />
      <property name="capabilities" value="chrome.136_0_7103_93.windows" />
      <property name="file" value="file:///D:/a/1/s/test/specs/R2C/create-equipment.spec.js" />
    </properties>
    <testcase classname="chrome.136_0_7103_93.windows.create-equipment" name="create equipment" time="276.428">
      <system-out><![CDATA[
COMMAND: POST /session/1b6c7837aabde9e3293127df2ee335cc/execute/async - {"script":"<script> [1562 bytes]","args":[{"selector":{"controlType":"sap.m.GenericTile","properties":{"header":"Manage Resources"}},"wdio_ui5_key":"sapm.GenericTile{\"header\":\"Manage Resources\"}"}]}
RESULT: {}
RESULT: {"script":"<script> [1562 bytes]","args":[{"selector":{"controlType":"sap.m.GenericTile","properties":{"header":"Manage Resources"}},"wdio_ui5_key":"sapm.GenericTile{\"header\":\"Manage Resources\"}"}]}
RESULT: undefined
COMMAND: POST /session/1b6c7837aabde9e3293127df2ee335cc/element - {"using":"xpath","value":"//*[@id=\"__tile31\"]"}
RESULT: {"using":"xpath","value":"//*[@id=\"__tile31\"]"}
COMMAND: POST /session/1b6c7837aabde9e3293127df2ee335cc/element/f.662FC9EC32089450E4582D1FE7DD78D5.d.AB8F50C3C62AE1923FE10E63BB7BAEAC.e.7640/click - {}
RESULT: {}
COMMAND: GET /session/1b6c7837aabde9e3293127df2ee335cc/screenshot - {}
RESULT: {}
COMMAND: POST /session/1b6c7837aabde9e3293127df2ee335cc/elements - {"using":"xpath","value":"//span[text()='Error']"}
RESULT: {"using":"xpath","value":"//span[text()='Error']"}
COMMAND: POST /session/1b6c7837aabde9e3293127df2ee335cc/element - {"using":"xpath","value":"//button[@data-kt=\"addNewRUOverflowToolbarButton\"]"}
RESULT: {"using":"xpath","value":"//button[@data-kt=\"addNewRUOverflowToolbarButton\"]"}
COMMAND: POST /session/1b6c7837aabde9e3293127df2ee335cc/execute/sync - {"script":"<script> [8489 bytes]","args":[{"element-6066-11e4-a52e-4f735466cecf":"f.662FC9EC32089450E4582D1FE7DD78D5.d.AB8F50C3C62AE1923FE10E63BB7BAEAC.e.7761","ELEMENT":"f.662FC9EC32089450E4582D1FE7DD78D5.d.AB8F50C3C62AE1923FE10E63BB7BAEAC.e.7761"}]}
RESULT: {"script":"<script> [8489 bytes]","args":[{"element-6066-11e4-a52e-4f735466cecf":"f.662FC9EC32089450E4582D1FE7DD78D5.d.AB8F50C3C62AE1923FE10E63BB7BAEAC.e.7761","ELEMENT":"f.662FC9EC32089450E4582D1FE7DD78D5.d.AB8F50C3C62AE1923FE10E63BB7BAEAC.e.7761"}]}
COMMAND: POST /session/1b6c7837aabde9e3293127df2ee335cc/element/f.662FC9EC32089450E4582D1FE7DD78D5.d.AB8F50C3C62AE1923FE10E63BB7BAEAC.e.7761/click - {}
COMMAND: GET /session/1b6c7837aabde9e3293127df2ee335cc/screenshot - {}
RESULT: {}
COMMAND: GET /session/1b6c7837aabde9e3293127df2ee335cc/screenshot - {}
RESULT: {}
RESULT: {}
COMMAND: POST /session/1b6c7837aabde9e3293127df2ee335cc/execute/async - {"script":"<script> [1562 bytes]","args":[{"selector":{"controlType":"sap.m.ComboBox","viewName":"reusables.view.manageresources.NewResourceUnit","viewId":"application-manageresources-display-component---newResourceUnit","bindingPath":{"path":"","propertyPath":"/RuTypes","modelName":"catalogModel"},"searchOpenDialogs":true},"wdio_ui5_key":"reusablesview.manageresources.NewResourceUnitsap.m.ComboBox{\"path\":\"\",\"propertyPath\":\"/RuTypes\",\"modelName\":\"catalogModel\"}"}]}
RESULT: {"script":"<script> [1562 bytes]","args":[{"selector":{"controlType":"sap.m.ComboBox","viewName":"reusables.view.manageresources.NewResourceUnit","viewId":"application-manageresources-display-component---newResourceUnit","bindingPath":{"path":"","propertyPath":"/RuTypes","modelName":"catalogModel"},"searchOpenDialogs":true},"wdio_ui5_key":"reusablesview.manageresources.NewResourceUnitsap.m.ComboBox{\"path\":\"\",\"propertyPath\":\"/RuTypes\",\"modelName\":\"catalogModel\"}"}]}
RESULT: undefined
COMMAND: POST /session/1b6c7837aabde9e3293127df2ee335cc/execute/async - {"script":"<script> [1562 bytes]","args":[{"selector":{"controlType":"sap.m.ComboBox","viewName":"reusables.view.manageresources.NewResourceUnit","viewId":"application-manageresources-display-component---newResourceUnit","bindingPath":{"path":"","propertyPath":"/Yards","modelName":"catalogModel"},"searchOpenDialogs":true},"wdio_ui5_key":"reusablesview.manageresources.NewResourceUnitsap.m.ComboBox{\"path\":\"\",\"propertyPath\":\"/Yards\",\"modelName\":\"catalogModel\"}"}]}
RESULT: {"script":"<script> [1562 bytes]","args":[{"selector":{"controlType":"sap.m.ComboBox","viewName":"reusables.view.manageresources.NewResourceUnit","viewId":"application-manageresources-display-component---newResourceUnit","bindingPath":{"path":"","propertyPath":"/Yards","modelName":"catalogModel"},"searchOpenDialogs":true},"wdio_ui5_key":"reusablesview.manageresources.NewResourceUnitsap.m.ComboBox{\"path\":\"\",\"propertyPath\":\"/Yards\",\"modelName\":\"catalogModel\"}"}]}
RESULT: undefined
COMMAND: POST /session/1b6c7837aabde9e3293127df2ee335cc/execute/async - {"script":"<script> [1562 bytes]","args":[{"selector":{"controlType":"etm.portal.ui.reusables.customControls.LiveSearchComboBox","viewName":"reusables.view.manageresources.NewResourceUnit","viewId":"application-manageresources-display-component---newResourceUnit","bindingPath":{"path":"","propertyPath":"/CatalogItems","modelName":"catalogModel"},"searchOpenDialogs":true},"wdio_ui5_key":"reusablesview.manageresources.NewResourceUnitetm.portal.ui.reusables.customControls.LiveSearchComboBox{\"path\":\"\",\"propertyPath\":\"/CatalogItems\",\"modelName\":\"catalogModel\"}"}]}
RESULT: {"script":"<script> [1562 bytes]","args":[{"selector":{"controlType":"etm.portal.ui.reusables.customControls.LiveSearchComboBox","viewName":"reusables.view.manageresources.NewResourceUnit","viewId":"application-manageresources-display-component---newResourceUnit","bindingPath":{"path":"","propertyPath":"/CatalogItems","modelName":"catalogModel"},"searchOpenDialogs":true},"wdio_ui5_key":"reusablesview.manageresources.NewResourceUnitetm.portal.ui.reusables.customControls.LiveSearchComboBox{\"path\":\"\",\"propertyPath\":\"/CatalogItems\",\"modelName\":\"catalogModel\"}"}]}
RESULT: undefined
COMMAND: POST /session/1b6c7837aabde9e3293127df2ee335cc/element - {"using":"xpath","value":"//bdi[text()=\"OK\"]"}
RESULT: {"using":"xpath","value":"//bdi[text()=\"OK\"]"}
COMMAND: POST /session/1b6c7837aabde9e3293127df2ee335cc/elements - {"using":"xpath","value":"//bdi[text()=\"OK\"]"}
RESULT: {"using":"xpath","value":"//bdi[text()=\"OK\"]"}
COMMAND: POST /session/1b6c7837aabde9e3293127df2ee335cc/elements - {"using":"xpath","value":"//bdi[text()=\"OK\"]"}
RESULT: {"using":"xpath","value":"//bdi[text()=\"OK\"]"}
COMMAND: POST /session/1b6c7837aabde9e3293127df2ee335cc/elements - {"using":"xpath","value":"//bdi[text()=\"OK\"]"}
RESULT: {"using":"xpath","value":"//bdi[text()=\"OK\"]"}
COMMAND: POST /session/1b6c7837aabde9e3293127df2ee335cc/elements - {"using":"xpath","value":"//bdi[text()=\"OK\"]"}
RESULT: {"using":"xpath","value":"//bdi[text()=\"OK\"]"}
COMMAND: POST /session/1b6c7837aabde9e3293127df2ee335cc/elements - {"using":"xpath","value":"//bdi[text()=\"OK\"]"}
RESULT: {"using":"xpath","value":"//bdi[text()=\"OK\"]"}
COMMAND: POST /session/1b6c7837aabde9e3293127df2ee335cc/elements - {"using":"xpath","value":"//bdi[text()=\"OK\"]"}
RESULT: {"using":"xpath","value":"//bdi[text()=\"OK\"]"}
COMMAND: POST /session/1b6c7837aabde9e3293127df2ee335cc/elements - {"using":"xpath","value":"//bdi[text()=\"OK\"]"}
RESULT: {"using":"xpath","value":"//bdi[text()=\"OK\"]"}
COMMAND: POST /session/1b6c7837aabde9e3293127df2ee335cc/elements - {"using":"xpath","value":"//bdi[text()=\"OK\"]"}
RESULT: {"using":"xpath","value":"//bdi[text()=\"OK\"]"}
COMMAND: POST /session/1b6c7837aabde9e3293127df2ee335cc/elements - {"using":"xpath","value":"//bdi[text()=\"OK\"]"}
RESULT: {"using":"xpath","value":"//bdi[text()=\"OK\"]"}
COMMAND: POST /session/1b6c7837aabde9e3293127df2ee335cc/elements - {"using":"xpath","value":"//bdi[text()=\"OK\"]"}
RESULT: {"using":"xpath","value":"//bdi[text()=\"OK\"]"}
COMMAND: POST /session/1b6c7837aabde9e3293127df2ee335cc/elements - {"using":"xpath","value":"//bdi[text()=\"OK\"]"}
RESULT: {"using":"xpath","value":"//bdi[text()=\"OK\"]"}
COMMAND: POST /session/1b6c7837aabde9e3293127df2ee335cc/elements - {"using":"xpath","value":"//bdi[text()=\"OK\"]"}
RESULT: {"using":"xpath","value":"//bdi[text()=\"OK\"]"}
COMMAND: POST /session/1b6c7837aabde9e3293127df2ee335cc/elements - {"using":"xpath","value":"//bdi[text()=\"OK\"]"}
RESULT: {"using":"xpath","value":"//bdi[text()=\"OK\"]"}
COMMAND: POST /session/1b6c7837aabde9e3293127df2ee335cc/elements - {"using":"xpath","value":"//bdi[text()=\"OK\"]"}
RESULT: {"using":"xpath","value":"//bdi[text()=\"OK\"]"}
COMMAND: POST /session/1b6c7837aabde9e3293127df2ee335cc/elements - {"using":"xpath","value":"//bdi[text()=\"OK\"]"}
RESULT: {"using":"xpath","value":"//bdi[text()=\"OK\"]"}
COMMAND: POST /session/1b6c7837aabde9e3293127df2ee335cc/elements - {"using":"xpath","value":"//bdi[text()=\"OK\"]"}
RESULT: {"using":"xpath","value":"//bdi[text()=\"OK\"]"}
COMMAND: POST /session/1b6c7837aabde9e3293127df2ee335cc/elements - {"using":"xpath","value":"//bdi[text()=\"OK\"]"}
RESULT: {"using":"xpath","value":"//bdi[text()=\"OK\"]"}
COMMAND: POST /session/1b6c7837aabde9e3293127df2ee335cc/elements - {"using":"xpath","value":"//bdi[text()=\"OK\"]"}
RESULT: {"using":"xpath","value":"//bdi[text()=\"OK\"]"}
COMMAND: POST /session/1b6c7837aabde9e3293127df2ee335cc/elements - {"using":"xpath","value":"//bdi[text()=\"OK\"]"}
RESULT: {"using":"xpath","value":"//bdi[text()=\"OK\"]"}
COMMAND: POST /session/1b6c7837aabde9e3293127df2ee335cc/elements - {"using":"xpath","value":"//bdi[text()=\"OK\"]"}
RESULT: {"using":"xpath","value":"//bdi[text()=\"OK\"]"}
COMMAND: POST /session/1b6c7837aabde9e3293127df2ee335cc/elements - {"using":"xpath","value":"//bdi[text()=\"OK\"]"}
RESULT: {"using":"xpath","value":"//bdi[text()=\"OK\"]"}
COMMAND: POST /session/1b6c7837aabde9e3293127df2ee335cc/elements - {"using":"xpath","value":"//bdi[text()=\"OK\"]"}
RESULT: {"using":"xpath","value":"//bdi[text()=\"OK\"]"}
COMMAND: POST /session/1b6c7837aabde9e3293127df2ee335cc/elements - {"using":"xpath","value":"//bdi[text()=\"OK\"]"}
RESULT: {"using":"xpath","value":"//bdi[text()=\"OK\"]"}
COMMAND: POST /session/1b6c7837aabde9e3293127df2ee335cc/elements - {"using":"xpath","value":"//bdi[text()=\"OK\"]"}
RESULT: {"using":"xpath","value":"//bdi[text()=\"OK\"]"}
COMMAND: POST /session/1b6c7837aabde9e3293127df2ee335cc/elements - {"using":"xpath","value":"//bdi[text()=\"OK\"]"}
RESULT: {"using":"xpath","value":"//bdi[text()=\"OK\"]"}
COMMAND: POST /session/1b6c7837aabde9e3293127df2ee335cc/elements - {"using":"xpath","value":"//bdi[text()=\"OK\"]"}
RESULT: {"using":"xpath","value":"//bdi[text()=\"OK\"]"}
COMMAND: POST /session/1b6c7837aabde9e3293127df2ee335cc/elements - {"using":"xpath","value":"//bdi[text()=\"OK\"]"}
RESULT: {"using":"xpath","value":"//bdi[text()=\"OK\"]"}
COMMAND: POST /session/1b6c7837aabde9e3293127df2ee335cc/elements - {"using":"xpath","value":"//bdi[text()=\"OK\"]"}
RESULT: {"using":"xpath","value":"//bdi[text()=\"OK\"]"}
COMMAND: POST /session/1b6c7837aabde9e3293127df2ee335cc/elements - {"using":"xpath","value":"//bdi[text()=\"OK\"]"}
RESULT: {"using":"xpath","value":"//bdi[text()=\"OK\"]"}
COMMAND: POST /session/1b6c7837aabde9e3293127df2ee335cc/elements - {"using":"xpath","value":"//bdi[text()=\"OK\"]"}
RESULT: {"using":"xpath","value":"//bdi[text()=\"OK\"]"}
COMMAND: POST /session/1b6c7837aabde9e3293127df2ee335cc/elements - {"using":"xpath","value":"//bdi[text()=\"OK\"]"}
RESULT: {"using":"xpath","value":"//bdi[text()=\"OK\"]"}
COMMAND: POST /session/1b6c7837aabde9e3293127df2ee335cc/elements - {"using":"xpath","value":"//bdi[text()=\"OK\"]"}
RESULT: {"using":"xpath","value":"//bdi[text()=\"OK\"]"}
COMMAND: POST /session/1b6c7837aabde9e3293127df2ee335cc/elements - {"using":"xpath","value":"//bdi[text()=\"OK\"]"}
RESULT: {"using":"xpath","value":"//bdi[text()=\"OK\"]"}
COMMAND: POST /session/1b6c7837aabde9e3293127df2ee335cc/elements - {"using":"xpath","value":"//bdi[text()=\"OK\"]"}
RESULT: {"using":"xpath","value":"//bdi[text()=\"OK\"]"}
COMMAND: POST /session/1b6c7837aabde9e3293127df2ee335cc/elements - {"using":"xpath","value":"//bdi[text()=\"OK\"]"}
RESULT: {"using":"xpath","value":"//bdi[text()=\"OK\"]"}
COMMAND: POST /session/1b6c7837aabde9e3293127df2ee335cc/elements - {"using":"xpath","value":"//bdi[text()=\"OK\"]"}
RESULT: {"using":"xpath","value":"//bdi[text()=\"OK\"]"}
COMMAND: POST /session/1b6c7837aabde9e3293127df2ee335cc/elements - {"using":"xpath","value":"//bdi[text()=\"OK\"]"}
RESULT: {"using":"xpath","value":"//bdi[text()=\"OK\"]"}
COMMAND: POST /session/1b6c7837aabde9e3293127df2ee335cc/elements - {"using":"xpath","value":"//bdi[text()=\"OK\"]"}
RESULT: {"using":"xpath","value":"//bdi[text()=\"OK\"]"}
COMMAND: POST /session/1b6c7837aabde9e3293127df2ee335cc/elements - {"using":"xpath","value":"//bdi[text()=\"OK\"]"}
RESULT: {"using":"xpath","value":"//bdi[text()=\"OK\"]"}
COMMAND: POST /session/1b6c7837aabde9e3293127df2ee335cc/elements - {"using":"xpath","value":"//bdi[text()=\"OK\"]"}
RESULT: {"using":"xpath","value":"//bdi[text()=\"OK\"]"}
COMMAND: POST /session/1b6c7837aabde9e3293127df2ee335cc/elements - {"using":"xpath","value":"//bdi[text()=\"OK\"]"}
RESULT: {"using":"xpath","value":"//bdi[text()=\"OK\"]"}
COMMAND: POST /session/1b6c7837aabde9e3293127df2ee335cc/elements - {"using":"xpath","value":"//bdi[text()=\"OK\"]"}
RESULT: {"using":"xpath","value":"//bdi[text()=\"OK\"]"}
COMMAND: POST /session/1b6c7837aabde9e3293127df2ee335cc/elements - {"using":"xpath","value":"//bdi[text()=\"OK\"]"}
RESULT: {"using":"xpath","value":"//bdi[text()=\"OK\"]"}
COMMAND: POST /session/1b6c7837aabde9e3293127df2ee335cc/elements - {"using":"xpath","value":"//bdi[text()=\"OK\"]"}
RESULT: {"using":"xpath","value":"//bdi[text()=\"OK\"]"}
COMMAND: POST /session/1b6c7837aabde9e3293127df2ee335cc/elements - {"using":"xpath","value":"//bdi[text()=\"OK\"]"}
RESULT: {"using":"xpath","value":"//bdi[text()=\"OK\"]"}
COMMAND: POST /session/1b6c7837aabde9e3293127df2ee335cc/elements - {"using":"xpath","value":"//bdi[text()=\"OK\"]"}
RESULT: {"using":"xpath","value":"//bdi[text()=\"OK\"]"}
COMMAND: POST /session/1b6c7837aabde9e3293127df2ee335cc/elements - {"using":"xpath","value":"//bdi[text()=\"OK\"]"}
RESULT: {"using":"xpath","value":"//bdi[text()=\"OK\"]"}
COMMAND: POST /session/1b6c7837aabde9e3293127df2ee335cc/elements - {"using":"xpath","value":"//bdi[text()=\"OK\"]"}
RESULT: {"using":"xpath","value":"//bdi[text()=\"OK\"]"}
COMMAND: POST /session/1b6c7837aabde9e3293127df2ee335cc/elements - {"using":"xpath","value":"//bdi[text()=\"OK\"]"}
RESULT: {"using":"xpath","value":"//bdi[text()=\"OK\"]"}
COMMAND: POST /session/1b6c7837aabde9e3293127df2ee335cc/elements - {"using":"xpath","value":"//bdi[text()=\"OK\"]"}
RESULT: {"using":"xpath","value":"//bdi[text()=\"OK\"]"}
COMMAND: POST /session/1b6c7837aabde9e3293127df2ee335cc/elements - {"using":"xpath","value":"//bdi[text()=\"OK\"]"}
RESULT: {"using":"xpath","value":"//bdi[text()=\"OK\"]"}
COMMAND: POST /session/1b6c7837aabde9e3293127df2ee335cc/elements - {"using":"xpath","value":"//bdi[text()=\"OK\"]"}
RESULT: {"using":"xpath","value":"//bdi[text()=\"OK\"]"}
COMMAND: POST /session/1b6c7837aabde9e3293127df2ee335cc/elements - {"using":"xpath","value":"//bdi[text()=\"OK\"]"}
RESULT: {"using":"xpath","value":"//bdi[text()=\"OK\"]"}
COMMAND: POST /session/1b6c7837aabde9e3293127df2ee335cc/elements - {"using":"xpath","value":"//bdi[text()=\"OK\"]"}
RESULT: {"using":"xpath","value":"//bdi[text()=\"OK\"]"}
COMMAND: POST /session/1b6c7837aabde9e3293127df2ee335cc/elements - {"using":"xpath","value":"//bdi[text()=\"OK\"]"}
RESULT: {"using":"xpath","value":"//bdi[text()=\"OK\"]"}
COMMAND: POST /session/1b6c7837aabde9e3293127df2ee335cc/elements - {"using":"xpath","value":"//bdi[text()=\"OK\"]"}
RESULT: {"using":"xpath","value":"//bdi[text()=\"OK\"]"}
COMMAND: POST /session/1b6c7837aabde9e3293127df2ee335cc/elements - {"using":"xpath","value":"//bdi[text()=\"OK\"]"}
RESULT: {"using":"xpath","value":"//bdi[text()=\"OK\"]"}
COMMAND: POST /session/1b6c7837aabde9e3293127df2ee335cc/elements - {"using":"xpath","value":"//bdi[text()=\"OK\"]"}
RESULT: {"using":"xpath","value":"//bdi[text()=\"OK\"]"}
COMMAND: POST /session/1b6c7837aabde9e3293127df2ee335cc/elements - {"using":"xpath","value":"//bdi[text()=\"OK\"]"}
RESULT: {"using":"xpath","value":"//bdi[text()=\"OK\"]"}
COMMAND: POST /session/1b6c7837aabde9e3293127df2ee335cc/elements - {"using":"xpath","value":"//bdi[text()=\"OK\"]"}
RESULT: {"using":"xpath","value":"//bdi[text()=\"OK\"]"}
COMMAND: POST /session/1b6c7837aabde9e3293127df2ee335cc/elements - {"using":"xpath","value":"//bdi[text()=\"OK\"]"}
RESULT: {"using":"xpath","value":"//bdi[text()=\"OK\"]"}
COMMAND: POST /session/1b6c7837aabde9e3293127df2ee335cc/elements - {"using":"xpath","value":"//bdi[text()=\"OK\"]"}
RESULT: {"using":"xpath","value":"//bdi[text()=\"OK\"]"}
COMMAND: POST /session/1b6c7837aabde9e3293127df2ee335cc/elements - {"using":"xpath","value":"//bdi[text()=\"OK\"]"}
RESULT: {"using":"xpath","value":"//bdi[text()=\"OK\"]"}
COMMAND: POST /session/1b6c7837aabde9e3293127df2ee335cc/elements - {"using":"xpath","value":"//bdi[text()=\"OK\"]"}
RESULT: {"using":"xpath","value":"//bdi[text()=\"OK\"]"}
COMMAND: POST /session/1b6c7837aabde9e3293127df2ee335cc/elements - {"using":"xpath","value":"//bdi[text()=\"OK\"]"}
RESULT: {"using":"xpath","value":"//bdi[text()=\"OK\"]"}
COMMAND: POST /session/1b6c7837aabde9e3293127df2ee335cc/elements - {"using":"xpath","value":"//bdi[text()=\"OK\"]"}
RESULT: {"using":"xpath","value":"//bdi[text()=\"OK\"]"}
COMMAND: POST /session/1b6c7837aabde9e3293127df2ee335cc/elements - {"using":"xpath","value":"//bdi[text()=\"OK\"]"}
RESULT: {"using":"xpath","value":"//bdi[text()=\"OK\"]"}
COMMAND: POST /session/1b6c7837aabde9e3293127df2ee335cc/elements - {"using":"xpath","value":"//bdi[text()=\"OK\"]"}
RESULT: {"using":"xpath","value":"//bdi[text()=\"OK\"]"}
COMMAND: POST /session/1b6c7837aabde9e3293127df2ee335cc/elements - {"using":"xpath","value":"//bdi[text()=\"OK\"]"}
RESULT: {"using":"xpath","value":"//bdi[text()=\"OK\"]"}
COMMAND: POST /session/1b6c7837aabde9e3293127df2ee335cc/elements - {"using":"xpath","value":"//bdi[text()=\"OK\"]"}
RESULT: {"using":"xpath","value":"//bdi[text()=\"OK\"]"}
COMMAND: POST /session/1b6c7837aabde9e3293127df2ee335cc/elements - {"using":"xpath","value":"//bdi[text()=\"OK\"]"}
RESULT: {"using":"xpath","value":"//bdi[text()=\"OK\"]"}
COMMAND: POST /session/1b6c7837aabde9e3293127df2ee335cc/elements - {"using":"xpath","value":"//bdi[text()=\"OK\"]"}
RESULT: {"using":"xpath","value":"//bdi[text()=\"OK\"]"}
COMMAND: POST /session/1b6c7837aabde9e3293127df2ee335cc/elements - {"using":"xpath","value":"//bdi[text()=\"OK\"]"}
RESULT: {"using":"xpath","value":"//bdi[text()=\"OK\"]"}
COMMAND: POST /session/1b6c7837aabde9e3293127df2ee335cc/elements - {"using":"xpath","value":"//bdi[text()=\"OK\"]"}
RESULT: {"using":"xpath","value":"//bdi[text()=\"OK\"]"}
COMMAND: POST /session/1b6c7837aabde9e3293127df2ee335cc/elements - {"using":"xpath","value":"//bdi[text()=\"OK\"]"}
RESULT: {"using":"xpath","value":"//bdi[text()=\"OK\"]"}
COMMAND: POST /session/1b6c7837aabde9e3293127df2ee335cc/elements - {"using":"xpath","value":"//bdi[text()=\"OK\"]"}
RESULT: {"using":"xpath","value":"//bdi[text()=\"OK\"]"}
COMMAND: POST /session/1b6c7837aabde9e3293127df2ee335cc/elements - {"using":"xpath","value":"//bdi[text()=\"OK\"]"}
RESULT: {"using":"xpath","value":"//bdi[text()=\"OK\"]"}
COMMAND: POST /session/1b6c7837aabde9e3293127df2ee335cc/elements - {"using":"xpath","value":"//bdi[text()=\"OK\"]"}
RESULT: {"using":"xpath","value":"//bdi[text()=\"OK\"]"}
COMMAND: POST /session/1b6c7837aabde9e3293127df2ee335cc/elements - {"using":"xpath","value":"//bdi[text()=\"OK\"]"}
RESULT: {"using":"xpath","value":"//bdi[text()=\"OK\"]"}
COMMAND: POST /session/1b6c7837aabde9e3293127df2ee335cc/elements - {"using":"xpath","value":"//bdi[text()=\"OK\"]"}
RESULT: {"using":"xpath","value":"//bdi[text()=\"OK\"]"}
COMMAND: POST /session/1b6c7837aabde9e3293127df2ee335cc/elements - {"using":"xpath","value":"//bdi[text()=\"OK\"]"}
RESULT: {"using":"xpath","value":"//bdi[text()=\"OK\"]"}
COMMAND: POST /session/1b6c7837aabde9e3293127df2ee335cc/elements - {"using":"xpath","value":"//bdi[text()=\"OK\"]"}
RESULT: {"using":"xpath","value":"//bdi[text()=\"OK\"]"}
COMMAND: POST /session/1b6c7837aabde9e3293127df2ee335cc/elements - {"using":"xpath","value":"//bdi[text()=\"OK\"]"}
RESULT: {"using":"xpath","value":"//bdi[text()=\"OK\"]"}
COMMAND: POST /session/1b6c7837aabde9e3293127df2ee335cc/elements - {"using":"xpath","value":"//bdi[text()=\"OK\"]"}
RESULT: {"using":"xpath","value":"//bdi[text()=\"OK\"]"}
COMMAND: POST /session/1b6c7837aabde9e3293127df2ee335cc/elements - {"using":"xpath","value":"//bdi[text()=\"OK\"]"}
RESULT: {"using":"xpath","value":"//bdi[text()=\"OK\"]"}
COMMAND: POST /session/1b6c7837aabde9e3293127df2ee335cc/elements - {"using":"xpath","value":"//bdi[text()=\"OK\"]"}
RESULT: {"using":"xpath","value":"//bdi[text()=\"OK\"]"}
COMMAND: POST /session/1b6c7837aabde9e3293127df2ee335cc/elements - {"using":"xpath","value":"//bdi[text()=\"OK\"]"}
RESULT: {"using":"xpath","value":"//bdi[text()=\"OK\"]"}
COMMAND: POST /session/1b6c7837aabde9e3293127df2ee335cc/elements - {"using":"xpath","value":"//bdi[text()=\"OK\"]"}
RESULT: {"using":"xpath","value":"//bdi[text()=\"OK\"]"}
COMMAND: POST /session/1b6c7837aabde9e3293127df2ee335cc/elements - {"using":"xpath","value":"//bdi[text()=\"OK\"]"}
RESULT: {"using":"xpath","value":"//bdi[text()=\"OK\"]"}
COMMAND: POST /session/1b6c7837aabde9e3293127df2ee335cc/elements - {"using":"xpath","value":"//bdi[text()=\"OK\"]"}
RESULT: {"using":"xpath","value":"//bdi[text()=\"OK\"]"}
COMMAND: POST /session/1b6c7837aabde9e3293127df2ee335cc/elements - {"using":"xpath","value":"//bdi[text()=\"OK\"]"}
RESULT: {"using":"xpath","value":"//bdi[text()=\"OK\"]"}
COMMAND: POST /session/1b6c7837aabde9e3293127df2ee335cc/elements - {"using":"xpath","value":"//bdi[text()=\"OK\"]"}
RESULT: {"using":"xpath","value":"//bdi[text()=\"OK\"]"}
COMMAND: POST /session/1b6c7837aabde9e3293127df2ee335cc/elements - {"using":"xpath","value":"//bdi[text()=\"OK\"]"}
RESULT: {"using":"xpath","value":"//bdi[text()=\"OK\"]"}
COMMAND: POST /session/1b6c7837aabde9e3293127df2ee335cc/elements - {"using":"xpath","value":"//bdi[text()=\"OK\"]"}
RESULT: {"using":"xpath","value":"//bdi[text()=\"OK\"]"}
COMMAND: POST /session/1b6c7837aabde9e3293127df2ee335cc/elements - {"using":"xpath","value":"//bdi[text()=\"OK\"]"}
RESULT: {"using":"xpath","value":"//bdi[text()=\"OK\"]"}
COMMAND: POST /session/1b6c7837aabde9e3293127df2ee335cc/elements - {"using":"xpath","value":"//bdi[text()=\"OK\"]"}
RESULT: {"using":"xpath","value":"//bdi[text()=\"OK\"]"}
COMMAND: POST /session/1b6c7837aabde9e3293127df2ee335cc/elements - {"using":"xpath","value":"//bdi[text()=\"OK\"]"}
RESULT: {"using":"xpath","value":"//bdi[text()=\"OK\"]"}
COMMAND: POST /session/1b6c7837aabde9e3293127df2ee335cc/elements - {"using":"xpath","value":"//bdi[text()=\"OK\"]"}
RESULT: {"using":"xpath","value":"//bdi[text()=\"OK\"]"}
COMMAND: POST /session/1b6c7837aabde9e3293127df2ee335cc/elements - {"using":"xpath","value":"//bdi[text()=\"OK\"]"}
RESULT: {"using":"xpath","value":"//bdi[text()=\"OK\"]"}
COMMAND: POST /session/1b6c7837aabde9e3293127df2ee335cc/elements - {"using":"xpath","value":"//bdi[text()=\"OK\"]"}
RESULT: {"using":"xpath","value":"//bdi[text()=\"OK\"]"}
COMMAND: POST /session/1b6c7837aabde9e3293127df2ee335cc/elements - {"using":"xpath","value":"//bdi[text()=\"OK\"]"}
RESULT: {"using":"xpath","value":"//bdi[text()=\"OK\"]"}
COMMAND: POST /session/1b6c7837aabde9e3293127df2ee335cc/elements - {"using":"xpath","value":"//bdi[text()=\"OK\"]"}
RESULT: {"using":"xpath","value":"//bdi[text()=\"OK\"]"}
COMMAND: POST /session/1b6c7837aabde9e3293127df2ee335cc/elements - {"using":"xpath","value":"//bdi[text()=\"OK\"]"}
RESULT: {"using":"xpath","value":"//bdi[text()=\"OK\"]"}
COMMAND: POST /session/1b6c7837aabde9e3293127df2ee335cc/elements - {"using":"xpath","value":"//bdi[text()=\"OK\"]"}
RESULT: {"using":"xpath","value":"//bdi[text()=\"OK\"]"}
COMMAND: POST /session/1b6c7837aabde9e3293127df2ee335cc/elements - {"using":"xpath","value":"//bdi[text()=\"OK\"]"}
RESULT: {"using":"xpath","value":"//bdi[text()=\"OK\"]"}
COMMAND: POST /session/1b6c7837aabde9e3293127df2ee335cc/elements - {"using":"xpath","value":"//bdi[text()=\"OK\"]"}
RESULT: {"using":"xpath","value":"//bdi[text()=\"OK\"]"}
COMMAND: POST /session/1b6c7837aabde9e3293127df2ee335cc/elements - {"using":"xpath","value":"//bdi[text()=\"OK\"]"}
RESULT: {"using":"xpath","value":"//bdi[text()=\"OK\"]"}
COMMAND: POST /session/1b6c7837aabde9e3293127df2ee335cc/elements - {"using":"xpath","value":"//bdi[text()=\"OK\"]"}
RESULT: {"using":"xpath","value":"//bdi[text()=\"OK\"]"}
COMMAND: POST /session/1b6c7837aabde9e3293127df2ee335cc/elements - {"using":"xpath","value":"//bdi[text()=\"OK\"]"}
RESULT: {"using":"xpath","value":"//bdi[text()=\"OK\"]"}
COMMAND: POST /session/1b6c7837aabde9e3293127df2ee335cc/elements - {"using":"xpath","value":"//bdi[text()=\"OK\"]"}
RESULT: {"using":"xpath","value":"//bdi[text()=\"OK\"]"}
COMMAND: POST /session/1b6c7837aabde9e3293127df2ee335cc/elements - {"using":"xpath","value":"//bdi[text()=\"OK\"]"}
RESULT: {"using":"xpath","value":"//bdi[text()=\"OK\"]"}
COMMAND: POST /session/1b6c7837aabde9e3293127df2ee335cc/elements - {"using":"xpath","value":"//bdi[text()=\"OK\"]"}
RESULT: {"using":"xpath","value":"//bdi[text()=\"OK\"]"}
COMMAND: POST /session/1b6c7837aabde9e3293127df2ee335cc/elements - {"using":"xpath","value":"//bdi[text()=\"OK\"]"}
RESULT: {"using":"xpath","value":"//bdi[text()=\"OK\"]"}
COMMAND: POST /session/1b6c7837aabde9e3293127df2ee335cc/elements - {"using":"xpath","value":"//bdi[text()=\"OK\"]"}
RESULT: {"using":"xpath","value":"//bdi[text()=\"OK\"]"}
COMMAND: POST /session/1b6c7837aabde9e3293127df2ee335cc/elements - {"using":"xpath","value":"//bdi[text()=\"OK\"]"}
RESULT: {"using":"xpath","value":"//bdi[text()=\"OK\"]"}
COMMAND: POST /session/1b6c7837aabde9e3293127df2ee335cc/elements - {"using":"xpath","value":"//bdi[text()=\"OK\"]"}
RESULT: {"using":"xpath","value":"//bdi[text()=\"OK\"]"}
COMMAND: POST /session/1b6c7837aabde9e3293127df2ee335cc/elements - {"using":"xpath","value":"//bdi[text()=\"OK\"]"}
RESULT: {"using":"xpath","value":"//bdi[text()=\"OK\"]"}
COMMAND: POST /session/1b6c7837aabde9e3293127df2ee335cc/elements - {"using":"xpath","value":"//bdi[text()=\"OK\"]"}
RESULT: {"using":"xpath","value":"//bdi[text()=\"OK\"]"}
COMMAND: POST /session/1b6c7837aabde9e3293127df2ee335cc/elements - {"using":"xpath","value":"//bdi[text()=\"OK\"]"}
RESULT: {"using":"xpath","value":"//bdi[text()=\"OK\"]"}
COMMAND: POST /session/1b6c7837aabde9e3293127df2ee335cc/elements - {"using":"xpath","value":"//bdi[text()=\"OK\"]"}
RESULT: {"using":"xpath","value":"//bdi[text()=\"OK\"]"}
COMMAND: POST /session/1b6c7837aabde9e3293127df2ee335cc/elements - {"using":"xpath","value":"//bdi[text()=\"OK\"]"}
RESULT: {"using":"xpath","value":"//bdi[text()=\"OK\"]"}
COMMAND: POST /session/1b6c7837aabde9e3293127df2ee335cc/element - {"using":"xpath","value":"//bdi[text()=\"OK\"]"}
RESULT: {"using":"xpath","value":"//bdi[text()=\"OK\"]"}
COMMAND: POST /session/1b6c7837aabde9e3293127df2ee335cc/elements - {"using":"xpath","value":"//bdi[text()=\"OK\"]"}
RESULT: {"using":"xpath","value":"//bdi[text()=\"OK\"]"}
COMMAND: POST /session/1b6c7837aabde9e3293127df2ee335cc/elements - {"using":"xpath","value":"//bdi[text()=\"OK\"]"}
RESULT: {"using":"xpath","value":"//bdi[text()=\"OK\"]"}
COMMAND: POST /session/1b6c7837aabde9e3293127df2ee335cc/elements - {"using":"xpath","value":"//bdi[text()=\"OK\"]"}
RESULT: {"using":"xpath","value":"//bdi[text()=\"OK\"]"}
COMMAND: POST /session/1b6c7837aabde9e3293127df2ee335cc/elements - {"using":"xpath","value":"//bdi[text()=\"OK\"]"}
RESULT: {"using":"xpath","value":"//bdi[text()=\"OK\"]"}
COMMAND: POST /session/1b6c7837aabde9e3293127df2ee335cc/elements - {"using":"xpath","value":"//bdi[text()=\"OK\"]"}
RESULT: {"using":"xpath","value":"//bdi[text()=\"OK\"]"}
COMMAND: POST /session/1b6c7837aabde9e3293127df2ee335cc/elements - {"using":"xpath","value":"//bdi[text()=\"OK\"]"}
RESULT: {"using":"xpath","value":"//bdi[text()=\"OK\"]"}
COMMAND: POST /session/1b6c7837aabde9e3293127df2ee335cc/elements - {"using":"xpath","value":"//bdi[text()=\"OK\"]"}
RESULT: {"using":"xpath","value":"//bdi[text()=\"OK\"]"}
COMMAND: POST /session/1b6c7837aabde9e3293127df2ee335cc/elements - {"using":"xpath","value":"//bdi[text()=\"OK\"]"}
RESULT: {"using":"xpath","value":"//bdi[text()=\"OK\"]"}
COMMAND: POST /session/1b6c7837aabde9e3293127df2ee335cc/elements - {"using":"xpath","value":"//bdi[text()=\"OK\"]"}
RESULT: {"using":"xpath","value":"//bdi[text()=\"OK\"]"}
COMMAND: POST /session/1b6c7837aabde9e3293127df2ee335cc/elements - {"using":"xpath","value":"//bdi[text()=\"OK\"]"}
RESULT: {"using":"xpath","value":"//bdi[text()=\"OK\"]"}
COMMAND: POST /session/1b6c7837aabde9e3293127df2ee335cc/elements - {"using":"xpath","value":"//bdi[text()=\"OK\"]"}
RESULT: {"using":"xpath","value":"//bdi[text()=\"OK\"]"}
COMMAND: POST /session/1b6c7837aabde9e3293127df2ee335cc/elements - {"using":"xpath","value":"//bdi[text()=\"OK\"]"}
RESULT: {"using":"xpath","value":"//bdi[text()=\"OK\"]"}
COMMAND: POST /session/1b6c7837aabde9e3293127df2ee335cc/elements - {"using":"xpath","value":"//bdi[text()=\"OK\"]"}
RESULT: {"using":"xpath","value":"//bdi[text()=\"OK\"]"}
COMMAND: POST /session/1b6c7837aabde9e3293127df2ee335cc/elements - {"using":"xpath","value":"//bdi[text()=\"OK\"]"}
RESULT: {"using":"xpath","value":"//bdi[text()=\"OK\"]"}
COMMAND: POST /session/1b6c7837aabde9e3293127df2ee335cc/elements - {"using":"xpath","value":"//bdi[text()=\"OK\"]"}
RESULT: {"using":"xpath","value":"//bdi[text()=\"OK\"]"}
COMMAND: POST /session/1b6c7837aabde9e3293127df2ee335cc/elements - {"using":"xpath","value":"//bdi[text()=\"OK\"]"}
RESULT: {"using":"xpath","value":"//bdi[text()=\"OK\"]"}
COMMAND: POST /session/1b6c7837aabde9e3293127df2ee335cc/elements - {"using":"xpath","value":"//bdi[text()=\"OK\"]"}
RESULT: {"using":"xpath","value":"//bdi[text()=\"OK\"]"}
COMMAND: POST /session/1b6c7837aabde9e3293127df2ee335cc/elements - {"using":"xpath","value":"//bdi[text()=\"OK\"]"}
RESULT: {"using":"xpath","value":"//bdi[text()=\"OK\"]"}
COMMAND: POST /session/1b6c7837aabde9e3293127df2ee335cc/elements - {"using":"xpath","value":"//bdi[text()=\"OK\"]"}
RESULT: {"using":"xpath","value":"//bdi[text()=\"OK\"]"}
COMMAND: POST /session/1b6c7837aabde9e3293127df2ee335cc/elements - {"using":"xpath","value":"//bdi[text()=\"OK\"]"}
RESULT: {"using":"xpath","value":"//bdi[text()=\"OK\"]"}
COMMAND: POST /session/1b6c7837aabde9e3293127df2ee335cc/elements - {"using":"xpath","value":"//bdi[text()=\"OK\"]"}
RESULT: {"using":"xpath","value":"//bdi[text()=\"OK\"]"}
COMMAND: POST /session/1b6c7837aabde9e3293127df2ee335cc/elements - {"using":"xpath","value":"//bdi[text()=\"OK\"]"}
RESULT: {"using":"xpath","value":"//bdi[text()=\"OK\"]"}
COMMAND: POST /session/1b6c7837aabde9e3293127df2ee335cc/elements - {"using":"xpath","value":"//bdi[text()=\"OK\"]"}
RESULT: {"using":"xpath","value":"//bdi[text()=\"OK\"]"}
COMMAND: POST /session/1b6c7837aabde9e3293127df2ee335cc/elements - {"using":"xpath","value":"//bdi[text()=\"OK\"]"}
RESULT: {"using":"xpath","value":"//bdi[text()=\"OK\"]"}
COMMAND: POST /session/1b6c7837aabde9e3293127df2ee335cc/elements - {"using":"xpath","value":"//bdi[text()=\"OK\"]"}
RESULT: {"using":"xpath","value":"//bdi[text()=\"OK\"]"}
COMMAND: POST /session/1b6c7837aabde9e3293127df2ee335cc/elements - {"using":"xpath","value":"//bdi[text()=\"OK\"]"}
RESULT: {"using":"xpath","value":"//bdi[text()=\"OK\"]"}
COMMAND: POST /session/1b6c7837aabde9e3293127df2ee335cc/elements - {"using":"xpath","value":"//bdi[text()=\"OK\"]"}
RESULT: {"using":"xpath","value":"//bdi[text()=\"OK\"]"}
COMMAND: POST /session/1b6c7837aabde9e3293127df2ee335cc/elements - {"using":"xpath","value":"//bdi[text()=\"OK\"]"}
RESULT: {"using":"xpath","value":"//bdi[text()=\"OK\"]"}
COMMAND: POST /session/1b6c7837aabde9e3293127df2ee335cc/elements - {"using":"xpath","value":"//bdi[text()=\"OK\"]"}
RESULT: {"using":"xpath","value":"//bdi[text()=\"OK\"]"}
COMMAND: POST /session/1b6c7837aabde9e3293127df2ee335cc/elements - {"using":"xpath","value":"//bdi[text()=\"OK\"]"}
RESULT: {"using":"xpath","value":"//bdi[text()=\"OK\"]"}
COMMAND: POST /session/1b6c7837aabde9e3293127df2ee335cc/elements - {"using":"xpath","value":"//bdi[text()=\"OK\"]"}
RESULT: {"using":"xpath","value":"//bdi[text()=\"OK\"]"}
COMMAND: POST /session/1b6c7837aabde9e3293127df2ee335cc/elements - {"using":"xpath","value":"//bdi[text()=\"OK\"]"}
RESULT: {"using":"xpath","value":"//bdi[text()=\"OK\"]"}
COMMAND: POST /session/1b6c7837aabde9e3293127df2ee335cc/elements - {"using":"xpath","value":"//bdi[text()=\"OK\"]"}
RESULT: {"using":"xpath","value":"//bdi[text()=\"OK\"]"}
COMMAND: POST /session/1b6c7837aabde9e3293127df2ee335cc/elements - {"using":"xpath","value":"//bdi[text()=\"OK\"]"}
RESULT: {"using":"xpath","value":"//bdi[text()=\"OK\"]"}
COMMAND: POST /session/1b6c7837aabde9e3293127df2ee335cc/elements - {"using":"xpath","value":"//bdi[text()=\"OK\"]"}
RESULT: {"using":"xpath","value":"//bdi[text()=\"OK\"]"}
COMMAND: POST /session/1b6c7837aabde9e3293127df2ee335cc/elements - {"using":"xpath","value":"//bdi[text()=\"OK\"]"}
RESULT: {"using":"xpath","value":"//bdi[text()=\"OK\"]"}
COMMAND: POST /session/1b6c7837aabde9e3293127df2ee335cc/elements - {"using":"xpath","value":"//bdi[text()=\"OK\"]"}
RESULT: {"using":"xpath","value":"//bdi[text()=\"OK\"]"}
COMMAND: POST /session/1b6c7837aabde9e3293127df2ee335cc/elements - {"using":"xpath","value":"//bdi[text()=\"OK\"]"}
RESULT: {"using":"xpath","value":"//bdi[text()=\"OK\"]"}
COMMAND: POST /session/1b6c7837aabde9e3293127df2ee335cc/elements - {"using":"xpath","value":"//bdi[text()=\"OK\"]"}
RESULT: {"using":"xpath","value":"//bdi[text()=\"OK\"]"}
COMMAND: POST /session/1b6c7837aabde9e3293127df2ee335cc/elements - {"using":"xpath","value":"//bdi[text()=\"OK\"]"}
RESULT: {"using":"xpath","value":"//bdi[text()=\"OK\"]"}
COMMAND: POST /session/1b6c7837aabde9e3293127df2ee335cc/elements - {"using":"xpath","value":"//bdi[text()=\"OK\"]"}
RESULT: {"using":"xpath","value":"//bdi[text()=\"OK\"]"}
COMMAND: POST /session/1b6c7837aabde9e3293127df2ee335cc/elements - {"using":"xpath","value":"//bdi[text()=\"OK\"]"}
RESULT: {"using":"xpath","value":"//bdi[text()=\"OK\"]"}
COMMAND: POST /session/1b6c7837aabde9e3293127df2ee335cc/elements - {"using":"xpath","value":"//bdi[text()=\"OK\"]"}
RESULT: {"using":"xpath","value":"//bdi[text()=\"OK\"]"}
COMMAND: POST /session/1b6c7837aabde9e3293127df2ee335cc/elements - {"using":"xpath","value":"//bdi[text()=\"OK\"]"}
RESULT: {"using":"xpath","value":"//bdi[text()=\"OK\"]"}
COMMAND: POST /session/1b6c7837aabde9e3293127df2ee335cc/elements - {"using":"xpath","value":"//bdi[text()=\"OK\"]"}
RESULT: {"using":"xpath","value":"//bdi[text()=\"OK\"]"}
COMMAND: POST /session/1b6c7837aabde9e3293127df2ee335cc/elements - {"using":"xpath","value":"//bdi[text()=\"OK\"]"}
RESULT: {"using":"xpath","value":"//bdi[text()=\"OK\"]"}
COMMAND: POST /session/1b6c7837aabde9e3293127df2ee335cc/elements - {"using":"xpath","value":"//bdi[text()=\"OK\"]"}
RESULT: {"using":"xpath","value":"//bdi[text()=\"OK\"]"}
COMMAND: POST /session/1b6c7837aabde9e3293127df2ee335cc/elements - {"using":"xpath","value":"//bdi[text()=\"OK\"]"}
RESULT: {"using":"xpath","value":"//bdi[text()=\"OK\"]"}
COMMAND: POST /session/1b6c7837aabde9e3293127df2ee335cc/elements - {"using":"xpath","value":"//bdi[text()=\"OK\"]"}
RESULT: {"using":"xpath","value":"//bdi[text()=\"OK\"]"}
COMMAND: POST /session/1b6c7837aabde9e3293127df2ee335cc/elements - {"using":"xpath","value":"//bdi[text()=\"OK\"]"}
RESULT: {"using":"xpath","value":"//bdi[text()=\"OK\"]"}
COMMAND: POST /session/1b6c7837aabde9e3293127df2ee335cc/elements - {"using":"xpath","value":"//bdi[text()=\"OK\"]"}
RESULT: {"using":"xpath","value":"//bdi[text()=\"OK\"]"}
COMMAND: POST /session/1b6c7837aabde9e3293127df2ee335cc/elements - {"using":"xpath","value":"//bdi[text()=\"OK\"]"}
RESULT: {"using":"xpath","value":"//bdi[text()=\"OK\"]"}
COMMAND: POST /session/1b6c7837aabde9e3293127df2ee335cc/elements - {"using":"xpath","value":"//bdi[text()=\"OK\"]"}
RESULT: {"using":"xpath","value":"//bdi[text()=\"OK\"]"}
COMMAND: POST /session/1b6c7837aabde9e3293127df2ee335cc/elements - {"using":"xpath","value":"//bdi[text()=\"OK\"]"}
RESULT: {"using":"xpath","value":"//bdi[text()=\"OK\"]"}
COMMAND: POST /session/1b6c7837aabde9e3293127df2ee335cc/elements - {"using":"xpath","value":"//bdi[text()=\"OK\"]"}
RESULT: {"using":"xpath","value":"//bdi[text()=\"OK\"]"}
COMMAND: POST /session/1b6c7837aabde9e3293127df2ee335cc/elements - {"using":"xpath","value":"//bdi[text()=\"OK\"]"}
RESULT: {"using":"xpath","value":"//bdi[text()=\"OK\"]"}
COMMAND: POST /session/1b6c7837aabde9e3293127df2ee335cc/elements - {"using":"xpath","value":"//bdi[text()=\"OK\"]"}
RESULT: {"using":"xpath","value":"//bdi[text()=\"OK\"]"}
COMMAND: POST /session/1b6c7837aabde9e3293127df2ee335cc/elements - {"using":"xpath","value":"//bdi[text()=\"OK\"]"}
RESULT: {"using":"xpath","value":"//bdi[text()=\"OK\"]"}
COMMAND: POST /session/1b6c7837aabde9e3293127df2ee335cc/elements - {"using":"xpath","value":"//bdi[text()=\"OK\"]"}
RESULT: {"using":"xpath","value":"//bdi[text()=\"OK\"]"}
COMMAND: POST /session/1b6c7837aabde9e3293127df2ee335cc/elements - {"using":"xpath","value":"//bdi[text()=\"OK\"]"}
RESULT: {"using":"xpath","value":"//bdi[text()=\"OK\"]"}
COMMAND: POST /session/1b6c7837aabde9e3293127df2ee335cc/elements - {"using":"xpath","value":"//bdi[text()=\"OK\"]"}
RESULT: {"using":"xpath","value":"//bdi[text()=\"OK\"]"}
COMMAND: POST /session/1b6c7837aabde9e3293127df2ee335cc/elements - {"using":"xpath","value":"//bdi[text()=\"OK\"]"}
RESULT: {"using":"xpath","value":"//bdi[text()=\"OK\"]"}
COMMAND: POST /session/1b6c7837aabde9e3293127df2ee335cc/elements - {"using":"xpath","value":"//bdi[text()=\"OK\"]"}
RESULT: {"using":"xpath","value":"//bdi[text()=\"OK\"]"}
COMMAND: POST /session/1b6c7837aabde9e3293127df2ee335cc/elements - {"using":"xpath","value":"//bdi[text()=\"OK\"]"}
RESULT: {"using":"xpath","value":"//bdi[text()=\"OK\"]"}
COMMAND: POST /session/1b6c7837aabde9e3293127df2ee335cc/elements - {"using":"xpath","value":"//bdi[text()=\"OK\"]"}
RESULT: {"using":"xpath","value":"//bdi[text()=\"OK\"]"}
COMMAND: POST /session/1b6c7837aabde9e3293127df2ee335cc/elements - {"using":"xpath","value":"//bdi[text()=\"OK\"]"}
RESULT: {"using":"xpath","value":"//bdi[text()=\"OK\"]"}
COMMAND: POST /session/1b6c7837aabde9e3293127df2ee335cc/elements - {"using":"xpath","value":"//bdi[text()=\"OK\"]"}
RESULT: {"using":"xpath","value":"//bdi[text()=\"OK\"]"}
COMMAND: POST /session/1b6c7837aabde9e3293127df2ee335cc/elements - {"using":"xpath","value":"//bdi[text()=\"OK\"]"}
RESULT: {"using":"xpath","value":"//bdi[text()=\"OK\"]"}
COMMAND: POST /session/1b6c7837aabde9e3293127df2ee335cc/elements - {"using":"xpath","value":"//bdi[text()=\"OK\"]"}
RESULT: {"using":"xpath","value":"//bdi[text()=\"OK\"]"}
COMMAND: POST /session/1b6c7837aabde9e3293127df2ee335cc/elements - {"using":"xpath","value":"//bdi[text()=\"OK\"]"}
RESULT: {"using":"xpath","value":"//bdi[text()=\"OK\"]"}
COMMAND: POST /session/1b6c7837aabde9e3293127df2ee335cc/elements - {"using":"xpath","value":"//bdi[text()=\"OK\"]"}
RESULT: {"using":"xpath","value":"//bdi[text()=\"OK\"]"}
COMMAND: POST /session/1b6c7837aabde9e3293127df2ee335cc/elements - {"using":"xpath","value":"//bdi[text()=\"OK\"]"}
RESULT: {"using":"xpath","value":"//bdi[text()=\"OK\"]"}
COMMAND: POST /session/1b6c7837aabde9e3293127df2ee335cc/elements - {"using":"xpath","value":"//bdi[text()=\"OK\"]"}
RESULT: {"using":"xpath","value":"//bdi[text()=\"OK\"]"}
COMMAND: POST /session/1b6c7837aabde9e3293127df2ee335cc/elements - {"using":"xpath","value":"//bdi[text()=\"OK\"]"}
RESULT: {"using":"xpath","value":"//bdi[text()=\"OK\"]"}
COMMAND: POST /session/1b6c7837aabde9e3293127df2ee335cc/elements - {"using":"xpath","value":"//bdi[text()=\"OK\"]"}
RESULT: {"using":"xpath","value":"//bdi[text()=\"OK\"]"}
COMMAND: POST /session/1b6c7837aabde9e3293127df2ee335cc/elements - {"using":"xpath","value":"//bdi[text()=\"OK\"]"}
RESULT: {"using":"xpath","value":"//bdi[text()=\"OK\"]"}
COMMAND: POST /session/1b6c7837aabde9e3293127df2ee335cc/elements - {"using":"xpath","value":"//bdi[text()=\"OK\"]"}
RESULT: {"using":"xpath","value":"//bdi[text()=\"OK\"]"}
COMMAND: POST /session/1b6c7837aabde9e3293127df2ee335cc/elements - {"using":"xpath","value":"//bdi[text()=\"OK\"]"}
RESULT: {"using":"xpath","value":"//bdi[text()=\"OK\"]"}
COMMAND: POST /session/1b6c7837aabde9e3293127df2ee335cc/elements - {"using":"xpath","value":"//bdi[text()=\"OK\"]"}
RESULT: {"using":"xpath","value":"//bdi[text()=\"OK\"]"}
COMMAND: POST /session/1b6c7837aabde9e3293127df2ee335cc/elements - {"using":"xpath","value":"//bdi[text()=\"OK\"]"}
RESULT: {"using":"xpath","value":"//bdi[text()=\"OK\"]"}
COMMAND: POST /session/1b6c7837aabde9e3293127df2ee335cc/elements - {"using":"xpath","value":"//bdi[text()=\"OK\"]"}
RESULT: {"using":"xpath","value":"//bdi[text()=\"OK\"]"}
COMMAND: POST /session/1b6c7837aabde9e3293127df2ee335cc/elements - {"using":"xpath","value":"//bdi[text()=\"OK\"]"}
RESULT: {"using":"xpath","value":"//bdi[text()=\"OK\"]"}
COMMAND: POST /session/1b6c7837aabde9e3293127df2ee335cc/elements - {"using":"xpath","value":"//bdi[text()=\"OK\"]"}
RESULT: {"using":"xpath","value":"//bdi[text()=\"OK\"]"}
COMMAND: POST /session/1b6c7837aabde9e3293127df2ee335cc/elements - {"using":"xpath","value":"//bdi[text()=\"OK\"]"}
RESULT: {"using":"xpath","value":"//bdi[text()=\"OK\"]"}
COMMAND: POST /session/1b6c7837aabde9e3293127df2ee335cc/elements - {"using":"xpath","value":"//bdi[text()=\"OK\"]"}
RESULT: {"using":"xpath","value":"//bdi[text()=\"OK\"]"}
COMMAND: POST /session/1b6c7837aabde9e3293127df2ee335cc/elements - {"using":"xpath","value":"//bdi[text()=\"OK\"]"}
RESULT: {"using":"xpath","value":"//bdi[text()=\"OK\"]"}
COMMAND: POST /session/1b6c7837aabde9e3293127df2ee335cc/elements - {"using":"xpath","value":"//bdi[text()=\"OK\"]"}
RESULT: {"using":"xpath","value":"//bdi[text()=\"OK\"]"}
COMMAND: POST /session/1b6c7837aabde9e3293127df2ee335cc/elements - {"using":"xpath","value":"//bdi[text()=\"OK\"]"}
RESULT: {"using":"xpath","value":"//bdi[text()=\"OK\"]"}
COMMAND: POST /session/1b6c7837aabde9e3293127df2ee335cc/elements - {"using":"xpath","value":"//bdi[text()=\"OK\"]"}
RESULT: {"using":"xpath","value":"//bdi[text()=\"OK\"]"}
COMMAND: POST /session/1b6c7837aabde9e3293127df2ee335cc/elements - {"using":"xpath","value":"//bdi[text()=\"OK\"]"}
RESULT: {"using":"xpath","value":"//bdi[text()=\"OK\"]"}
COMMAND: POST /session/1b6c7837aabde9e3293127df2ee335cc/elements - {"using":"xpath","value":"//bdi[text()=\"OK\"]"}
RESULT: {"using":"xpath","value":"//bdi[text()=\"OK\"]"}
COMMAND: POST /session/1b6c7837aabde9e3293127df2ee335cc/elements - {"using":"xpath","value":"//bdi[text()=\"OK\"]"}
RESULT: {"using":"xpath","value":"//bdi[text()=\"OK\"]"}
COMMAND: POST /session/1b6c7837aabde9e3293127df2ee335cc/elements - {"using":"xpath","value":"//bdi[text()=\"OK\"]"}
RESULT: {"using":"xpath","value":"//bdi[text()=\"OK\"]"}
COMMAND: POST /session/1b6c7837aabde9e3293127df2ee335cc/elements - {"using":"xpath","value":"//bdi[text()=\"OK\"]"}
RESULT: {"using":"xpath","value":"//bdi[text()=\"OK\"]"}
COMMAND: POST /session/1b6c7837aabde9e3293127df2ee335cc/elements - {"using":"xpath","value":"//bdi[text()=\"OK\"]"}
RESULT: {"using":"xpath","value":"//bdi[text()=\"OK\"]"}
COMMAND: POST /session/1b6c7837aabde9e3293127df2ee335cc/elements - {"using":"xpath","value":"//bdi[text()=\"OK\"]"}
RESULT: {"using":"xpath","value":"//bdi[text()=\"OK\"]"}
COMMAND: POST /session/1b6c7837aabde9e3293127df2ee335cc/elements - {"using":"xpath","value":"//bdi[text()=\"OK\"]"}
RESULT: {"using":"xpath","value":"//bdi[text()=\"OK\"]"}
COMMAND: POST /session/1b6c7837aabde9e3293127df2ee335cc/elements - {"using":"xpath","value":"//bdi[text()=\"OK\"]"}
RESULT: {"using":"xpath","value":"//bdi[text()=\"OK\"]"}
COMMAND: POST /session/1b6c7837aabde9e3293127df2ee335cc/elements - {"using":"xpath","value":"//bdi[text()=\"OK\"]"}
RESULT: {"using":"xpath","value":"//bdi[text()=\"OK\"]"}
COMMAND: POST /session/1b6c7837aabde9e3293127df2ee335cc/elements - {"using":"xpath","value":"//bdi[text()=\"OK\"]"}
RESULT: {"using":"xpath","value":"//bdi[text()=\"OK\"]"}
COMMAND: POST /session/1b6c7837aabde9e3293127df2ee335cc/elements - {"using":"xpath","value":"//bdi[text()=\"OK\"]"}
RESULT: {"using":"xpath","value":"//bdi[text()=\"OK\"]"}
COMMAND: POST /session/1b6c7837aabde9e3293127df2ee335cc/elements - {"using":"xpath","value":"//bdi[text()=\"OK\"]"}
RESULT: {"using":"xpath","value":"//bdi[text()=\"OK\"]"}
COMMAND: POST /session/1b6c7837aabde9e3293127df2ee335cc/elements - {"using":"xpath","value":"//bdi[text()=\"OK\"]"}
RESULT: {"using":"xpath","value":"//bdi[text()=\"OK\"]"}
COMMAND: POST /session/1b6c7837aabde9e3293127df2ee335cc/elements - {"using":"xpath","value":"//bdi[text()=\"OK\"]"}
RESULT: {"using":"xpath","value":"//bdi[text()=\"OK\"]"}
COMMAND: POST /session/1b6c7837aabde9e3293127df2ee335cc/elements - {"using":"xpath","value":"//bdi[text()=\"OK\"]"}
RESULT: {"using":"xpath","value":"//bdi[text()=\"OK\"]"}
COMMAND: POST /session/1b6c7837aabde9e3293127df2ee335cc/elements - {"using":"xpath","value":"//bdi[text()=\"OK\"]"}
RESULT: {"using":"xpath","value":"//bdi[text()=\"OK\"]"}
COMMAND: POST /session/1b6c7837aabde9e3293127df2ee335cc/elements - {"using":"xpath","value":"//bdi[text()=\"OK\"]"}
RESULT: {"using":"xpath","value":"//bdi[text()=\"OK\"]"}
COMMAND: POST /session/1b6c7837aabde9e3293127df2ee335cc/elements - {"using":"xpath","value":"//bdi[text()=\"OK\"]"}
RESULT: {"using":"xpath","value":"//bdi[text()=\"OK\"]"}
COMMAND: POST /session/1b6c7837aabde9e3293127df2ee335cc/elements - {"using":"xpath","value":"//bdi[text()=\"OK\"]"}
RESULT: {"using":"xpath","value":"//bdi[text()=\"OK\"]"}
COMMAND: POST /session/1b6c7837aabde9e3293127df2ee335cc/elements - {"using":"xpath","value":"//bdi[text()=\"OK\"]"}
RESULT: {"using":"xpath","value":"//bdi[text()=\"OK\"]"}
COMMAND: POST /session/1b6c7837aabde9e3293127df2ee335cc/elements - {"using":"xpath","value":"//bdi[text()=\"OK\"]"}
RESULT: {"using":"xpath","value":"//bdi[text()=\"OK\"]"}
COMMAND: POST /session/1b6c7837aabde9e3293127df2ee335cc/elements - {"using":"xpath","value":"//bdi[text()=\"OK\"]"}
RESULT: {"using":"xpath","value":"//bdi[text()=\"OK\"]"}
COMMAND: POST /session/1b6c7837aabde9e3293127df2ee335cc/elements - {"using":"xpath","value":"//bdi[text()=\"OK\"]"}
RESULT: {"using":"xpath","value":"//bdi[text()=\"OK\"]"}
COMMAND: POST /session/1b6c7837aabde9e3293127df2ee335cc/elements - {"using":"xpath","value":"//bdi[text()=\"OK\"]"}
RESULT: {"using":"xpath","value":"//bdi[text()=\"OK\"]"}
COMMAND: POST /session/1b6c7837aabde9e3293127df2ee335cc/elements - {"using":"xpath","value":"//bdi[text()=\"OK\"]"}
RESULT: {"using":"xpath","value":"//bdi[text()=\"OK\"]"}
COMMAND: POST /session/1b6c7837aabde9e3293127df2ee335cc/elements - {"using":"xpath","value":"//bdi[text()=\"OK\"]"}
RESULT: {"using":"xpath","value":"//bdi[text()=\"OK\"]"}
COMMAND: POST /session/1b6c7837aabde9e3293127df2ee335cc/elements - {"using":"xpath","value":"//bdi[text()=\"OK\"]"}
RESULT: {"using":"xpath","value":"//bdi[text()=\"OK\"]"}
COMMAND: POST /session/1b6c7837aabde9e3293127df2ee335cc/elements - {"using":"xpath","value":"//bdi[text()=\"OK\"]"}
RESULT: {"using":"xpath","value":"//bdi[text()=\"OK\"]"}
COMMAND: POST /session/1b6c7837aabde9e3293127df2ee335cc/elements - {"using":"xpath","value":"//bdi[text()=\"OK\"]"}
RESULT: {"using":"xpath","value":"//bdi[text()=\"OK\"]"}
COMMAND: POST /session/1b6c7837aabde9e3293127df2ee335cc/elements - {"using":"xpath","value":"//bdi[text()=\"OK\"]"}
RESULT: {"using":"xpath","value":"//bdi[text()=\"OK\"]"}
COMMAND: POST /session/1b6c7837aabde9e3293127df2ee335cc/elements - {"using":"xpath","value":"//bdi[text()=\"OK\"]"}
RESULT: {"using":"xpath","value":"//bdi[text()=\"OK\"]"}
COMMAND: POST /session/1b6c7837aabde9e3293127df2ee335cc/execute/async - {"script":"<script> [1562 bytes]","args":[{"selector":{"id":"application-manageresources-display-component---newResourceUnit--TYPE-arrow"},"wdio_ui5_key":"applicationmanageresources-display-component---newResourceUnit--TYPE-arrow"}]}
RESULT: {"script":"<script> [1562 bytes]","args":[{"selector":{"id":"application-manageresources-display-component---newResourceUnit--TYPE-arrow"},"wdio_ui5_key":"applicationmanageresources-display-component---newResourceUnit--TYPE-arrow"}]}
RESULT: undefined
COMMAND: POST /session/1b6c7837aabde9e3293127df2ee335cc/element - {"using":"xpath","value":"//*[@id=\"application-manageresources-display-component---newResourceUnit--TYPE-arrow\"]"}
RESULT: {"using":"xpath","value":"//*[@id=\"application-manageresources-display-component---newResourceUnit--TYPE-arrow\"]"}
COMMAND: POST /session/1b6c7837aabde9e3293127df2ee335cc/element/f.662FC9EC32089450E4582D1FE7DD78D5.d.AB8F50C3C62AE1923FE10E63BB7BAEAC.e.7936/click - {}
RESULT: {}
COMMAND: POST /session/1b6c7837aabde9e3293127df2ee335cc/execute/async - {"script":"<script> [1562 bytes]","args":[{"selector":{"controlType":"sap.m.StandardListItem","viewName":"reusables.view.manageresources.NewResourceUnit","viewId":"application-manageresources-display-component---newResourceUnit","properties":{"title":"Equipment"},"searchOpenDialogs":true,"interaction":{"idSuffix":"content"}},"wdio_ui5_key":"reusablesview.manageresources.NewResourceUnitsap.m.StandardListItem{\"title\":\"Equipment\"}"}]}
COMMAND: GET /session/1b6c7837aabde9e3293127df2ee335cc/screenshot - {}
RESULT: {"script":"<script> [1562 bytes]","args":[{"selector":{"controlType":"sap.m.StandardListItem","viewName":"reusables.view.manageresources.NewResourceUnit","viewId":"application-manageresources-display-component---newResourceUnit","properties":{"title":"Equipment"},"searchOpenDialogs":true,"interaction":{"idSuffix":"content"}},"wdio_ui5_key":"reusablesview.manageresources.NewResourceUnitsap.m.StandardListItem{\"title\":\"Equipment\"}"}]}
RESULT: undefined
COMMAND: POST /session/1b6c7837aabde9e3293127df2ee335cc/element - {"using":"xpath","value":"//*[@id=\"__item138\"]"}
RESULT: {}
RESULT: {"using":"xpath","value":"//*[@id=\"__item138\"]"}
COMMAND: POST /session/1b6c7837aabde9e3293127df2ee335cc/element/f.662FC9EC32089450E4582D1FE7DD78D5.d.AB8F50C3C62AE1923FE10E63BB7BAEAC.e.7939/click - {}
RESULT: {}
COMMAND: POST /session/1b6c7837aabde9e3293127df2ee335cc/execute/async - {"script":"<script> [1562 bytes]","args":[{"selector":{"id":"application-manageresources-display-component---newResourceUnit--resourceId","interaction":{"idSuffix":"inner"}},"wdio_ui5_key":"applicationmanageresources-display-component---newResourceUnit--resourceId"}]}
COMMAND: GET /session/1b6c7837aabde9e3293127df2ee335cc/screenshot - {}
RESULT: {"script":"<script> [1562 bytes]","args":[{"selector":{"id":"application-manageresources-display-component---newResourceUnit--resourceId","interaction":{"idSuffix":"inner"}},"wdio_ui5_key":"applicationmanageresources-display-component---newResourceUnit--resourceId"}]}
RESULT: undefined
COMMAND: POST /session/1b6c7837aabde9e3293127df2ee335cc/execute/async - {"script":"<script> [776 bytes]","args":[{"enterText":"EquipmentCounter kh6t9","selector":{"id":"application-manageresources-display-component---newResourceUnit--resourceId","interaction":{"idSuffix":"inner"}},"clearTextFirst":true,"interactionType":"ENTER_TEXT"}]}
RESULT: {}
RESULT: {"script":"<script> [776 bytes]","args":[{"enterText":"EquipmentCounter kh6t9","selector":{"id":"application-manageresources-display-component---newResourceUnit--resourceId","interaction":{"idSuffix":"inner"}},"clearTextFirst":true,"interactionType":"ENTER_TEXT"}]}
COMMAND: POST /session/1b6c7837aabde9e3293127df2ee335cc/execute/async - {"script":"<script> [1562 bytes]","args":[{"selector":{"id":"application-manageresources-display-component---newResourceUnit--SHORT_TEXT","interaction":{"idSuffix":"inner"}},"wdio_ui5_key":"applicationmanageresources-display-component---newResourceUnit--SHORT_TEXT"}]}
RESULT: {"script":"<script> [1562 bytes]","args":[{"selector":{"id":"application-manageresources-display-component---newResourceUnit--SHORT_TEXT","interaction":{"idSuffix":"inner"}},"wdio_ui5_key":"applicationmanageresources-display-component---newResourceUnit--SHORT_TEXT"}]}
RESULT: undefined
COMMAND: POST /session/1b6c7837aabde9e3293127df2ee335cc/execute/async - {"script":"<script> [776 bytes]","args":[{"enterText":"EquipmentCounter kh6t9","selector":{"id":"application-manageresources-display-component---newResourceUnit--SHORT_TEXT","interaction":{"idSuffix":"inner"}},"clearTextFirst":true,"interactionType":"ENTER_TEXT"}]}
RESULT: {"script":"<script> [776 bytes]","args":[{"enterText":"EquipmentCounter kh6t9","selector":{"id":"application-manageresources-display-component---newResourceUnit--SHORT_TEXT","interaction":{"idSuffix":"inner"}},"clearTextFirst":true,"interactionType":"ENTER_TEXT"}]}
COMMAND: POST /session/1b6c7837aabde9e3293127df2ee335cc/execute/async - {"script":"<script> [1562 bytes]","args":[{"selector":{"id":"application-manageresources-display-component---newResourceUnit--BASE_UNIT_OF_MEASURE","interaction":{"idSuffix":"inner"}},"wdio_ui5_key":"applicationmanageresources-display-component---newResourceUnit--BASE_UNIT_OF_MEASURE"}]}
RESULT: {"script":"<script> [1562 bytes]","args":[{"selector":{"id":"application-manageresources-display-component---newResourceUnit--BASE_UNIT_OF_MEASURE","interaction":{"idSuffix":"inner"}},"wdio_ui5_key":"applicationmanageresources-display-component---newResourceUnit--BASE_UNIT_OF_MEASURE"}]}
RESULT: undefined
COMMAND: POST /session/1b6c7837aabde9e3293127df2ee335cc/execute/async - {"script":"<script> [776 bytes]","args":[{"enterText":"Piece","selector":{"id":"application-manageresources-display-component---newResourceUnit--BASE_UNIT_OF_MEASURE","interaction":{"idSuffix":"inner"}},"clearTextFirst":true,"interactionType":"ENTER_TEXT"}]}
RESULT: {"script":"<script> [776 bytes]","args":[{"enterText":"Piece","selector":{"id":"application-manageresources-display-component---newResourceUnit--BASE_UNIT_OF_MEASURE","interaction":{"idSuffix":"inner"}},"clearTextFirst":true,"interactionType":"ENTER_TEXT"}]}
COMMAND: POST /session/1b6c7837aabde9e3293127df2ee335cc/execute/async - {"script":"<script> [1562 bytes]","args":[{"selector":{"id":"application-manageresources-display-component---newResourceUnit--WEIGHT_UNIT","interaction":{"idSuffix":"inner"}},"wdio_ui5_key":"applicationmanageresources-display-component---newResourceUnit--WEIGHT_UNIT"}]}
RESULT: {"script":"<script> [1562 bytes]","args":[{"selector":{"id":"application-manageresources-display-component---newResourceUnit--WEIGHT_UNIT","interaction":{"idSuffix":"inner"}},"wdio_ui5_key":"applicationmanageresources-display-component---newResourceUnit--WEIGHT_UNIT"}]}
RESULT: undefined
COMMAND: POST /session/1b6c7837aabde9e3293127df2ee335cc/execute/async - {"script":"<script> [776 bytes]","args":[{"enterText":"Gram","selector":{"id":"application-manageresources-display-component---newResourceUnit--WEIGHT_UNIT","interaction":{"idSuffix":"inner"}},"clearTextFirst":true,"interactionType":"ENTER_TEXT"}]}
RESULT: {"script":"<script> [776 bytes]","args":[{"enterText":"Gram","selector":{"id":"application-manageresources-display-component---newResourceUnit--WEIGHT_UNIT","interaction":{"idSuffix":"inner"}},"clearTextFirst":true,"interactionType":"ENTER_TEXT"}]}
COMMAND: POST /session/1b6c7837aabde9e3293127df2ee335cc/execute/async - {"script":"<script> [1562 bytes]","args":[{"selector":{"id":"application-manageresources-display-component---newResourceUnit--newRRUPage-OPHeaderContent-collapseBtn-img"},"wdio_ui5_key":"applicationmanageresources-display-component---newResourceUnit--newRRUPage-OPHeaderContent-collapseBtn-img"}]}
RESULT: {"script":"<script> [1562 bytes]","args":[{"selector":{"id":"application-manageresources-display-component---newResourceUnit--newRRUPage-OPHeaderContent-collapseBtn-img"},"wdio_ui5_key":"applicationmanageresources-display-component---newResourceUnit--newRRUPage-OPHeaderContent-collapseBtn-img"}]}
RESULT: undefined
COMMAND: POST /session/1b6c7837aabde9e3293127df2ee335cc/element - {"using":"xpath","value":"//*[@id=\"application-manageresources-display-component---newResourceUnit--newRRUPage-OPHeaderContent-collapseBtn-img\"]"}
RESULT: {"using":"xpath","value":"//*[@id=\"application-manageresources-display-component---newResourceUnit--newRRUPage-OPHeaderContent-collapseBtn-img\"]"}
COMMAND: POST /session/1b6c7837aabde9e3293127df2ee335cc/element/f.662FC9EC32089450E4582D1FE7DD78D5.d.AB8F50C3C62AE1923FE10E63BB7BAEAC.e.7947/click - {}
RESULT: {}
COMMAND: GET /session/1b6c7837aabde9e3293127df2ee335cc/screenshot - {}
RESULT: {}
COMMAND: POST /session/1b6c7837aabde9e3293127df2ee335cc/element - {"using":"xpath","value":"(//span[contains(@id ,\"application-manageresources-display-component---newResourceUnit--DIMENSION_UNIT-arrow\")])[1]"}
RESULT: {"using":"xpath","value":"(//span[contains(@id ,\"application-manageresources-display-component---newResourceUnit--DIMENSION_UNIT-arrow\")])[1]"}
COMMAND: POST /session/1b6c7837aabde9e3293127df2ee335cc/element/f.662FC9EC32089450E4582D1FE7DD78D5.d.AB8F50C3C62AE1923FE10E63BB7BAEAC.e.8070/click - {}
RESULT: {}
COMMAND: GET /session/1b6c7837aabde9e3293127df2ee335cc/screenshot - {}
RESULT: {}
COMMAND: POST /session/1b6c7837aabde9e3293127df2ee335cc/execute/async - {"script":"<script> [1562 bytes]","args":[{"selector":{"controlType":"sap.m.StandardListItem","viewName":"reusables.view.manageresources.NewResourceUnit","viewId":"application-manageresources-display-component---newResourceUnit","properties":{"title":"Centimeter"},"searchOpenDialogs":true,"interaction":{"idSuffix":"titleText"}},"wdio_ui5_key":"reusablesview.manageresources.NewResourceUnitsap.m.StandardListItem{\"title\":\"Centimeter\"}"}]}
RESULT: {"script":"<script> [1562 bytes]","args":[{"selector":{"controlType":"sap.m.StandardListItem","viewName":"reusables.view.manageresources.NewResourceUnit","viewId":"application-manageresources-display-component---newResourceUnit","properties":{"title":"Centimeter"},"searchOpenDialogs":true,"interaction":{"idSuffix":"titleText"}},"wdio_ui5_key":"reusablesview.manageresources.NewResourceUnitsap.m.StandardListItem{\"title\":\"Centimeter\"}"}]}
RESULT: undefined
COMMAND: POST /session/1b6c7837aabde9e3293127df2ee335cc/element - {"using":"xpath","value":"//*[@id=\"__item179\"]"}
RESULT: {"using":"xpath","value":"//*[@id=\"__item179\"]"}
COMMAND: POST /session/1b6c7837aabde9e3293127df2ee335cc/element/f.662FC9EC32089450E4582D1FE7DD78D5.d.AB8F50C3C62AE1923FE10E63BB7BAEAC.e.8072/click - {}
RESULT: {}
COMMAND: GET /session/1b6c7837aabde9e3293127df2ee335cc/screenshot - {}
RESULT: {}
COMMAND: POST /session/1b6c7837aabde9e3293127df2ee335cc/execute/async - {"script":"<script> [1562 bytes]","args":[{"selector":{"id":"application-manageresources-display-component---newResourceUnit--newRRUPage-anchBar-application-manageresources-display-component---newResourceUnit--control-anchor","interaction":{"idSuffix":"BDI-content"}},"wdio_ui5_key":"applicationmanageresources-display-component---newResourceUnit--newRRUPage-anchBar-application-manageresources-display-component---newResourceUnit--control-anchor"}]}
RESULT: {"script":"<script> [1562 bytes]","args":[{"selector":{"id":"application-manageresources-display-component---newResourceUnit--newRRUPage-anchBar-application-manageresources-display-component---newResourceUnit--control-anchor","interaction":{"idSuffix":"BDI-content"}},"wdio_ui5_key":"applicationmanageresources-display-component---newResourceUnit--newRRUPage-anchBar-application-manageresources-display-component---newResourceUnit--control-anchor"}]}
RESULT: undefined
COMMAND: POST /session/1b6c7837aabde9e3293127df2ee335cc/element - {"using":"xpath","value":"//*[@id=\"application-manageresources-display-component---newResourceUnit--newRRUPage-anchBar-application-manageresources-display-component---newResourceUnit--control-anchor\"]"}
RESULT: {"using":"xpath","value":"//*[@id=\"application-manageresources-display-component---newResourceUnit--newRRUPage-anchBar-application-manageresources-display-component---newResourceUnit--control-anchor\"]"}
COMMAND: POST /session/1b6c7837aabde9e3293127df2ee335cc/element/f.662FC9EC32089450E4582D1FE7DD78D5.d.AB8F50C3C62AE1923FE10E63BB7BAEAC.e.8074/click - {}
RESULT: {}
COMMAND: POST /session/1b6c7837aabde9e3293127df2ee335cc/execute/async - {"script":"<script> [1562 bytes]","args":[{"selector":{"id":"application-manageresources-display-component---newResourceUnit--PLANNING_GROUP","interaction":{"idSuffix":"inner"}},"wdio_ui5_key":"applicationmanageresources-display-component---newResourceUnit--PLANNING_GROUP"}]}
COMMAND: GET /session/1b6c7837aabde9e3293127df2ee335cc/screenshot - {}
RESULT: {"script":"<script> [1562 bytes]","args":[{"selector":{"id":"application-manageresources-display-component---newResourceUnit--PLANNING_GROUP","interaction":{"idSuffix":"inner"}},"wdio_ui5_key":"applicationmanageresources-display-component---newResourceUnit--PLANNING_GROUP"}]}
RESULT: undefined
COMMAND: POST /session/1b6c7837aabde9e3293127df2ee335cc/execute/async - {"script":"<script> [776 bytes]","args":[{"enterText":"Heavy Equi","selector":{"id":"application-manageresources-display-component---newResourceUnit--PLANNING_GROUP","interaction":{"idSuffix":"inner"}},"clearTextFirst":true,"interactionType":"ENTER_TEXT"}]}
RESULT: {}
RESULT: {"script":"<script> [776 bytes]","args":[{"enterText":"Heavy Equi","selector":{"id":"application-manageresources-display-component---newResourceUnit--PLANNING_GROUP","interaction":{"idSuffix":"inner"}},"clearTextFirst":true,"interactionType":"ENTER_TEXT"}]}
COMMAND: POST /session/1b6c7837aabde9e3293127df2ee335cc/execute/async - {"script":"<script> [1562 bytes]","args":[{"selector":{"id":"application-manageresources-display-component---newResourceUnit--ITEM_TYPE-arrow"},"wdio_ui5_key":"applicationmanageresources-display-component---newResourceUnit--ITEM_TYPE-arrow"}]}
RESULT: {"script":"<script> [1562 bytes]","args":[{"selector":{"id":"application-manageresources-display-component---newResourceUnit--ITEM_TYPE-arrow"},"wdio_ui5_key":"applicationmanageresources-display-component---newResourceUnit--ITEM_TYPE-arrow"}]}
RESULT: undefined
COMMAND: POST /session/1b6c7837aabde9e3293127df2ee335cc/element - {"using":"xpath","value":"//*[@id=\"application-manageresources-display-component---newResourceUnit--ITEM_TYPE-arrow\"]"}
RESULT: {"using":"xpath","value":"//*[@id=\"application-manageresources-display-component---newResourceUnit--ITEM_TYPE-arrow\"]"}
COMMAND: POST /session/1b6c7837aabde9e3293127df2ee335cc/element/f.662FC9EC32089450E4582D1FE7DD78D5.d.AB8F50C3C62AE1923FE10E63BB7BAEAC.e.8079/click - {}
RESULT: {}
COMMAND: POST /session/1b6c7837aabde9e3293127df2ee335cc/execute/async - {"script":"<script> [1562 bytes]","args":[{"selector":{"controlType":"sap.m.StandardListItem","viewName":"reusables.view.manageresources.NewResourceUnit","viewId":"application-manageresources-display-component---newResourceUnit","properties":{"title":"Resource Unit"},"searchOpenDialogs":true,"interaction":{"idSuffix":"titleText"}},"wdio_ui5_key":"reusablesview.manageresources.NewResourceUnitsap.m.StandardListItem{\"title\":\"Resource Unit\"}"}]}
COMMAND: GET /session/1b6c7837aabde9e3293127df2ee335cc/screenshot - {}
RESULT: {"script":"<script> [1562 bytes]","args":[{"selector":{"controlType":"sap.m.StandardListItem","viewName":"reusables.view.manageresources.NewResourceUnit","viewId":"application-manageresources-display-component---newResourceUnit","properties":{"title":"Resource Unit"},"searchOpenDialogs":true,"interaction":{"idSuffix":"titleText"}},"wdio_ui5_key":"reusablesview.manageresources.NewResourceUnitsap.m.StandardListItem{\"title\":\"Resource Unit\"}"}]}
RESULT: undefined
COMMAND: POST /session/1b6c7837aabde9e3293127df2ee335cc/element - {"using":"xpath","value":"//*[@id=\"__item201\"]"}
RESULT: {}
RESULT: {"using":"xpath","value":"//*[@id=\"__item201\"]"}
COMMAND: POST /session/1b6c7837aabde9e3293127df2ee335cc/element/f.662FC9EC32089450E4582D1FE7DD78D5.d.AB8F50C3C62AE1923FE10E63BB7BAEAC.e.8081/click - {}
RESULT: {}
COMMAND: POST /session/1b6c7837aabde9e3293127df2ee335cc/element - {"using":"xpath","value":"//bdi[contains(text(), \"Time Segment\")]"}
COMMAND: GET /session/1b6c7837aabde9e3293127df2ee335cc/screenshot - {}
RESULT: {"using":"xpath","value":"//bdi[contains(text(), \"Time Segment\")]"}
COMMAND: GET /session/1b6c7837aabde9e3293127df2ee335cc/element/f.662FC9EC32089450E4582D1FE7DD78D5.d.AB8F50C3C62AE1923FE10E63BB7BAEAC.e.8082/rect - {}
RESULT: {}
RESULT: {}
COMMAND: GET /session/1b6c7837aabde9e3293127df2ee335cc/window/rect - {}
RESULT: {}
COMMAND: POST /session/1b6c7837aabde9e3293127df2ee335cc/execute/sync - {"script":"<script> [92 bytes]","args":[]}
RESULT: {"script":"<script> [92 bytes]","args":[]}
COMMAND: POST /session/1b6c7837aabde9e3293127df2ee335cc/actions - {"actions":[{"id":"action21","type":"wheel","parameters":{},"actions":[{"type":"scroll","x":-1820,"y":-21,"deltaX":0,"deltaY":0,"duration":0,"origin":{"element-6066-11e4-a52e-4f735466cecf":"f.662FC9EC32089450E4582D1FE7DD78D5.d.AB8F50C3C62AE1923FE10E63BB7BAEAC.e.8082"}}]}]}
COMMAND: GET /session/1b6c7837aabde9e3293127df2ee335cc/screenshot - {}
RESULT: {}
COMMAND: POST /session/1b6c7837aabde9e3293127df2ee335cc/execute/sync - {"script":"<script> [79 bytes]","args":[{"element-6066-11e4-a52e-4f735466cecf":"f.662FC9EC32089450E4582D1FE7DD78D5.d.AB8F50C3C62AE1923FE10E63BB7BAEAC.e.8082","ELEMENT":"f.662FC9EC32089450E4582D1FE7DD78D5.d.AB8F50C3C62AE1923FE10E63BB7BAEAC.e.8082"},{"block":"start","inline":"nearest"}]}
RESULT: {"script":"<script> [79 bytes]","args":[{"element-6066-11e4-a52e-4f735466cecf":"f.662FC9EC32089450E4582D1FE7DD78D5.d.AB8F50C3C62AE1923FE10E63BB7BAEAC.e.8082","ELEMENT":"f.662FC9EC32089450E4582D1FE7DD78D5.d.AB8F50C3C62AE1923FE10E63BB7BAEAC.e.8082"},{"block":"start","inline":"nearest"}]}
COMMAND: POST /session/1b6c7837aabde9e3293127df2ee335cc/execute/async - {"script":"<script> [1562 bytes]","args":[{"selector":{"id":"application-manageresources-display-component---newResourceUnit--btnAddTimeSegment-img"},"wdio_ui5_key":"applicationmanageresources-display-component---newResourceUnit--btnAddTimeSegment-img"}]}
COMMAND: GET /session/1b6c7837aabde9e3293127df2ee335cc/screenshot - {}
RESULT: {"script":"<script> [1562 bytes]","args":[{"selector":{"id":"application-manageresources-display-component---newResourceUnit--btnAddTimeSegment-img"},"wdio_ui5_key":"applicationmanageresources-display-component---newResourceUnit--btnAddTimeSegment-img"}]}
RESULT: undefined
COMMAND: POST /session/1b6c7837aabde9e3293127df2ee335cc/element - {"using":"xpath","value":"//*[@id=\"application-manageresources-display-component---newResourceUnit--btnAddTimeSegment-img\"]"}
RESULT: {}
RESULT: {"using":"xpath","value":"//*[@id=\"application-manageresources-display-component---newResourceUnit--btnAddTimeSegment-img\"]"}
COMMAND: POST /session/1b6c7837aabde9e3293127df2ee335cc/element/f.662FC9EC32089450E4582D1FE7DD78D5.d.AB8F50C3C62AE1923FE10E63BB7BAEAC.e.8083/click - {}
RESULT: {}
COMMAND: POST /session/1b6c7837aabde9e3293127df2ee335cc/element - {"using":"xpath","value":"//input[@id=\"application-manageresources-display-component---newResourceUnit--idRuTSAdmin-application-manageresources-display-component---newResourceUnit--RUTimeSegment-0-inner\"]"}
COMMAND: GET /session/1b6c7837aabde9e3293127df2ee335cc/screenshot - {}
RESULT: {"using":"xpath","value":"//input[@id=\"application-manageresources-display-component---newResourceUnit--idRuTSAdmin-application-manageresources-display-component---newResourceUnit--RUTimeSegment-0-inner\"]"}
COMMAND: POST /session/1b6c7837aabde9e3293127df2ee335cc/element/f.662FC9EC32089450E4582D1FE7DD78D5.d.AB8F50C3C62AE1923FE10E63BB7BAEAC.e.8088/clear - {}
RESULT: {}
RESULT: {}
COMMAND: POST /session/1b6c7837aabde9e3293127df2ee335cc/element/f.662FC9EC32089450E4582D1FE7DD78D5.d.AB8F50C3C62AE1923FE10E63BB7BAEAC.e.8088/value - {"text":"Webdriver Yard"}
COMMAND: GET /session/1b6c7837aabde9e3293127df2ee335cc/screenshot - {}
RESULT: {"text":"Webdriver Yard"}
COMMAND: GET /session/1b6c7837aabde9e3293127df2ee335cc/screenshot - {}
RESULT: {}
RESULT: {}
COMMAND: POST /session/1b6c7837aabde9e3293127df2ee335cc/actions - {"actions":[{"id":"action22","type":"key","parameters":{},"actions":[{"type":"keyDown","value":"î€‡"},{"type":"pause","duration":10},{"type":"keyUp","value":"î€‡"}]}]}
RESULT: {"actions":[{"id":"action22","type":"key","parameters":{},"actions":[{"type":"keyDown","value":"î€‡"},{"type":"pause","duration":10},{"type":"keyUp","value":"î€‡"}]}]}
COMMAND: POST /session/1b6c7837aabde9e3293127df2ee335cc/execute/async - {"script":"<script> [1562 bytes]","args":[{"selector":{"controlType":"sap.ui.core.Icon","viewName":"reusables.view.manageresources.NewResourceUnit","viewId":"application-manageresources-display-component---newResourceUnit","properties":{"src":{"regex":{"source":"slim\\-arrow\\-down"}}},"ancestor":{"controlType":"sap.m.ComboBox","viewName":"reusables.view.manageresources.NewResourceUnit","viewId":"application-manageresources-display-component---newResourceUnit","bindingPath":{"path":"/RESOURCE_UNIT_TIME_SEQUENCES/0","propertyPath":"COST_OBJECT_ADMIN_CST_TYPE","modelName":"oNewRruModel"}}},"wdio_ui5_key":"reusablesview.manageresources.NewResourceUnitsap.ui.core.Icon{\"src\":{\"regex\":{\"source\":\"slim\\\\-arrow\\\\-down\"}}}{\"controlType\":\"sap.m.ComboBox\",\"viewName\":\"reusables.view.manageresources.NewResourceUnit\",\"viewId\":\"application-manageresources-display-component---newResourceUnit\",\"bindingPath\":{\"path\":\"/RESOURCE_UNIT_TIME_SEQUENCES/0\",\"propertyPath\":\"COST_OBJECT_ADMIN_CST_TYPE\",\"modelName\":\"oNewRruModel\"}}"}]}
COMMAND: GET /session/1b6c7837aabde9e3293127df2ee335cc/screenshot - {}
RESULT: {"script":"<script> [1562 bytes]","args":[{"selector":{"controlType":"sap.ui.core.Icon","viewName":"reusables.view.manageresources.NewResourceUnit","viewId":"application-manageresources-display-component---newResourceUnit","properties":{"src":{"regex":{"source":"slim\\-arrow\\-down"}}},"ancestor":{"controlType":"sap.m.ComboBox","viewName":"reusables.view.manageresources.NewResourceUnit","viewId":"application-manageresources-display-component---newResourceUnit","bindingPath":{"path":"/RESOURCE_UNIT_TIME_SEQUENCES/0","propertyPath":"COST_OBJECT_ADMIN_CST_TYPE","modelName":"oNewRruModel"}}},"wdio_ui5_key":"reusablesview.manageresources.NewResourceUnitsap.ui.core.Icon{\"src\":{\"regex\":{\"source\":\"slim\\\\-arrow\\\\-down\"}}}{\"controlType\":\"sap.m.ComboBox\",\"viewName\":\"reusables.view.manageresources.NewResourceUnit\",\"viewId\":\"application-manageresources-display-component---newResourceUnit\",\"bindingPath\":{\"path\":\"/RESOURCE_UNIT_TIME_SEQUENCES/0\",\"propertyPath\":\"COST_OBJECT_ADMIN_CST_TYPE\",\"modelName\":\"oNewRruModel\"}}"}]}
RESULT: undefined
COMMAND: POST /session/1b6c7837aabde9e3293127df2ee335cc/element - {"using":"xpath","value":"//*[@id=\"__box4-application-manageresources-display-component---newResourceUnit--RUTimeSegment-0-arrow\"]"}
RESULT: {}
RESULT: {"using":"xpath","value":"//*[@id=\"__box4-application-manageresources-display-component---newResourceUnit--RUTimeSegment-0-arrow\"]"}
COMMAND: POST /session/1b6c7837aabde9e3293127df2ee335cc/element/f.662FC9EC32089450E4582D1FE7DD78D5.d.AB8F50C3C62AE1923FE10E63BB7BAEAC.e.8102/click - {}
RESULT: {}
COMMAND: POST /session/1b6c7837aabde9e3293127df2ee335cc/execute/async - {"script":"<script> [1562 bytes]","args":[{"selector":{"controlType":"sap.m.StandardListItem","viewName":"reusables.view.manageresources.NewResourceUnit","viewId":"application-manageresources-display-component---newResourceUnit","properties":{"title":"PM Order"},"searchOpenDialogs":true,"interaction":{"idSuffix":"titleText"}},"wdio_ui5_key":"reusablesview.manageresources.NewResourceUnitsap.m.StandardListItem{\"title\":\"PM Order\"}"}]}
COMMAND: GET /session/1b6c7837aabde9e3293127df2ee335cc/screenshot - {}
RESULT: {"script":"<script> [1562 bytes]","args":[{"selector":{"controlType":"sap.m.StandardListItem","viewName":"reusables.view.manageresources.NewResourceUnit","viewId":"application-manageresources-display-component---newResourceUnit","properties":{"title":"PM Order"},"searchOpenDialogs":true,"interaction":{"idSuffix":"titleText"}},"wdio_ui5_key":"reusablesview.manageresources.NewResourceUnitsap.m.StandardListItem{\"title\":\"PM Order\"}"}]}
RESULT: undefined
COMMAND: POST /session/1b6c7837aabde9e3293127df2ee335cc/element - {"using":"xpath","value":"//*[@id=\"__item601\"]"}
RESULT: {}
RESULT: {"using":"xpath","value":"//*[@id=\"__item601\"]"}
COMMAND: POST /session/1b6c7837aabde9e3293127df2ee335cc/element/f.662FC9EC32089450E4582D1FE7DD78D5.d.AB8F50C3C62AE1923FE10E63BB7BAEAC.e.8106/click - {}
RESULT: {}
COMMAND: GET /session/1b6c7837aabde9e3293127df2ee335cc/screenshot - {}
RESULT: {}
COMMAND: POST /session/1b6c7837aabde9e3293127df2ee335cc/element - {"using":"xpath","value":"(//input[contains(@id ,\"-application-manageresources-display-component---newResourceUnit--RUTimeSegment-0-inner\")])[8]"}
RESULT: {"using":"xpath","value":"(//input[contains(@id ,\"-application-manageresources-display-component---newResourceUnit--RUTimeSegment-0-inner\")])[8]"}
COMMAND: POST /session/1b6c7837aabde9e3293127df2ee335cc/element/f.662FC9EC32089450E4582D1FE7DD78D5.d.AB8F50C3C62AE1923FE10E63BB7BAEAC.e.8109/clear - {}
RESULT: {}
COMMAND: POST /session/1b6c7837aabde9e3293127df2ee335cc/element/f.662FC9EC32089450E4582D1FE7DD78D5.d.AB8F50C3C62AE1923FE10E63BB7BAEAC.e.8109/value - {"text":"4000360"}
COMMAND: GET /session/1b6c7837aabde9e3293127df2ee335cc/screenshot - {}
RESULT: {"text":"4000360"}
COMMAND: GET /session/1b6c7837aabde9e3293127df2ee335cc/screenshot - {}
RESULT: {}
RESULT: {}
COMMAND: POST /session/1b6c7837aabde9e3293127df2ee335cc/actions - {"actions":[{"id":"action23","type":"key","parameters":{},"actions":[{"type":"keyDown","value":"î€‡"},{"type":"pause","duration":10},{"type":"keyUp","value":"î€‡"}]}]}
RESULT: {"actions":[{"id":"action23","type":"key","parameters":{},"actions":[{"type":"keyDown","value":"î€‡"},{"type":"pause","duration":10},{"type":"keyUp","value":"î€‡"}]}]}
COMMAND: GET /session/1b6c7837aabde9e3293127df2ee335cc/screenshot - {}
RESULT: {}
COMMAND: POST /session/1b6c7837aabde9e3293127df2ee335cc/execute/async - {"script":"<script> [1562 bytes]","args":[{"selector":{"id":"application-manageresources-display-component---newResourceUnit--newTimeSegmentDateRangePicker-application-manageresources-display-component---newResourceUnit--RUTimeSegment-0","interaction":{"idSuffix":"inner"}},"wdio_ui5_key":"applicationmanageresources-display-component---newResourceUnit--newTimeSegmentDateRangePicker-application-manageresources-display-component---newResourceUnit--RUTimeSegment-0"}]}
RESULT: {"script":"<script> [1562 bytes]","args":[{"selector":{"id":"application-manageresources-display-component---newResourceUnit--newTimeSegmentDateRangePicker-application-manageresources-display-component---newResourceUnit--RUTimeSegment-0","interaction":{"idSuffix":"inner"}},"wdio_ui5_key":"applicationmanageresources-display-component---newResourceUnit--newTimeSegmentDateRangePicker-application-manageresources-display-component---newResourceUnit--RUTimeSegment-0"}]}
RESULT: undefined
COMMAND: POST /session/1b6c7837aabde9e3293127df2ee335cc/execute/async - {"script":"<script> [1562 bytes]","args":[{"selector":{"id":"application-manageresources-display-component---newResourceUnit--newRRUPage-anchBar-application-manageresources-display-component---newResourceUnit--resource-anchor","interaction":{"idSuffix":"BDI-content"}},"wdio_ui5_key":"applicationmanageresources-display-component---newResourceUnit--newRRUPage-anchBar-application-manageresources-display-component---newResourceUnit--resource-anchor"}]}
RESULT: {"script":"<script> [1562 bytes]","args":[{"selector":{"id":"application-manageresources-display-component---newResourceUnit--newRRUPage-anchBar-application-manageresources-display-component---newResourceUnit--resource-anchor","interaction":{"idSuffix":"BDI-content"}},"wdio_ui5_key":"applicationmanageresources-display-component---newResourceUnit--newRRUPage-anchBar-application-manageresources-display-component---newResourceUnit--resource-anchor"}]}
RESULT: undefined
COMMAND: POST /session/1b6c7837aabde9e3293127df2ee335cc/element - {"using":"xpath","value":"//*[@id=\"application-manageresources-display-component---newResourceUnit--newRRUPage-anchBar-application-manageresources-display-component---newResourceUnit--resource-anchor\"]"}
RESULT: {"using":"xpath","value":"//*[@id=\"application-manageresources-display-component---newResourceUnit--newRRUPage-anchBar-application-manageresources-display-component---newResourceUnit--resource-anchor\"]"}
COMMAND: POST /session/1b6c7837aabde9e3293127df2ee335cc/element/f.662FC9EC32089450E4582D1FE7DD78D5.d.AB8F50C3C62AE1923FE10E63BB7BAEAC.e.8128/click - {}
RESULT: {}
COMMAND: POST /session/1b6c7837aabde9e3293127df2ee335cc/execute/async - {"script":"<script> [1562 bytes]","args":[{"selector":{"id":"application-manageresources-display-component---newResourceUnit--PLANNED_DELIVERY_DATE","interaction":{"idSuffix":"inner"}},"wdio_ui5_key":"applicationmanageresources-display-component---newResourceUnit--PLANNED_DELIVERY_DATE"}]}
COMMAND: GET /session/1b6c7837aabde9e3293127df2ee335cc/screenshot - {}
RESULT: {"script":"<script> [1562 bytes]","args":[{"selector":{"id":"application-manageresources-display-component---newResourceUnit--PLANNED_DELIVERY_DATE","interaction":{"idSuffix":"inner"}},"wdio_ui5_key":"applicationmanageresources-display-component---newResourceUnit--PLANNED_DELIVERY_DATE"}]}
RESULT: undefined
COMMAND: POST /session/1b6c7837aabde9e3293127df2ee335cc/execute/async - {"script":"<script> [6424 bytes]","args":[{"element-6066-11e4-a52e-4f735466cecf":"f.662FC9EC32089450E4582D1FE7DD78D5.d.AB8F50C3C62AE1923FE10E63BB7BAEAC.e.7993"},"setValue",["06/17/24"]]}
RESULT: {}
RESULT: {"script":"<script> [6424 bytes]","args":[{"element-6066-11e4-a52e-4f735466cecf":"f.662FC9EC32089450E4582D1FE7DD78D5.d.AB8F50C3C62AE1923FE10E63BB7BAEAC.e.7993"},"setValue",["06/17/24"]]}
COMMAND: POST /session/1b6c7837aabde9e3293127df2ee335cc/execute/async - {"script":"<script> [1562 bytes]","args":[{"selector":{"controlType":"sap.m.Button","viewName":"reusables.view.manageresources.NewResourceUnit","viewId":"application-manageresources-display-component---newResourceUnit","i18NText":{"propertyName":"tooltip","key":"save"},"interaction":{"idSuffix":"BDI-content"}},"wdio_ui5_key":"reusablesview.manageresources.NewResourceUnitsap.m.Button{\"propertyName\":\"tooltip\",\"key\":\"save\"}"}]}
RESULT: {"script":"<script> [1562 bytes]","args":[{"selector":{"controlType":"sap.m.Button","viewName":"reusables.view.manageresources.NewResourceUnit","viewId":"application-manageresources-display-component---newResourceUnit","i18NText":{"propertyName":"tooltip","key":"save"},"interaction":{"idSuffix":"BDI-content"}},"wdio_ui5_key":"reusablesview.manageresources.NewResourceUnitsap.m.Button{\"propertyName\":\"tooltip\",\"key\":\"save\"}"}]}
RESULT: undefined
COMMAND: POST /session/1b6c7837aabde9e3293127df2ee335cc/element - {"using":"xpath","value":"//*[@id=\"application-manageresources-display-component---newResourceUnit--createRuButton\"]"}
RESULT: {"using":"xpath","value":"//*[@id=\"application-manageresources-display-component---newResourceUnit--createRuButton\"]"}
COMMAND: POST /session/1b6c7837aabde9e3293127df2ee335cc/element/f.662FC9EC32089450E4582D1FE7DD78D5.d.AB8F50C3C62AE1923FE10E63BB7BAEAC.e.7953/click - {}
RESULT: {}
COMMAND: GET /session/1b6c7837aabde9e3293127df2ee335cc/screenshot - {}
RESULT: {}
COMMAND: POST /session/1b6c7837aabde9e3293127df2ee335cc/execute/async - {"script":"<script> [1562 bytes]","args":[{"selector":{"controlType":"sap.m.Button","properties":{"text":"Close"},"searchOpenDialogs":true,"interaction":{"idSuffix":"inner"}},"wdio_ui5_key":"sapm.Button{\"text\":\"Close\"}"}]}
RESULT: {"script":"<script> [1562 bytes]","args":[{"selector":{"controlType":"sap.m.Button","properties":{"text":"Close"},"searchOpenDialogs":true,"interaction":{"idSuffix":"inner"}},"wdio_ui5_key":"sapm.Button{\"text\":\"Close\"}"}]}
RESULT: undefined
COMMAND: POST /session/1b6c7837aabde9e3293127df2ee335cc/element - {"using":"xpath","value":"//*[@id=\"__mbox-btn-0\"]"}
RESULT: {"using":"xpath","value":"//*[@id=\"__mbox-btn-0\"]"}
COMMAND: POST /session/1b6c7837aabde9e3293127df2ee335cc/element/f.662FC9EC32089450E4582D1FE7DD78D5.d.AB8F50C3C62AE1923FE10E63BB7BAEAC.e.8134/click - {}
RESULT: {}
COMMAND: GET /session/1b6c7837aabde9e3293127df2ee335cc/screenshot - {}
RESULT: {}
COMMAND: POST /session/1b6c7837aabde9e3293127df2ee335cc/execute/async - {"script":"<script> [1562 bytes]","args":[{"selector":{"controlType":"sap.m.Text","viewName":"etm.portal.ui.manageresources.view.Detail","viewId":"application-manageresources-display-component---detailRU","bindingPath":{"propertyPath":"ID","modelName":"catalogModel"}},"wdio_ui5_key":"etmportal.ui.manageresources.view.Detailsap.m.Text{\"propertyPath\":\"ID\",\"modelName\":\"catalogModel\"}"}]}
RESULT: {"script":"<script> [1562 bytes]","args":[{"selector":{"controlType":"sap.m.Text","viewName":"etm.portal.ui.manageresources.view.Detail","viewId":"application-manageresources-display-component---detailRU","bindingPath":{"propertyPath":"ID","modelName":"catalogModel"}},"wdio_ui5_key":"etmportal.ui.manageresources.view.Detailsap.m.Text{\"propertyPath\":\"ID\",\"modelName\":\"catalogModel\"}"}]}
RESULT: undefined
COMMAND: POST /session/1b6c7837aabde9e3293127df2ee335cc/execute/async - {"script":"<script> [6424 bytes]","args":[{"element-6066-11e4-a52e-4f735466cecf":"f.662FC9EC32089450E4582D1FE7DD78D5.d.AB8F50C3C62AE1923FE10E63BB7BAEAC.e.8193"},"getText",[]]}
RESULT: {"script":"<script> [6424 bytes]","args":[{"element-6066-11e4-a52e-4f735466cecf":"f.662FC9EC32089450E4582D1FE7DD78D5.d.AB8F50C3C62AE1923FE10E63BB7BAEAC.e.8193"},"getText",[]]}
COMMAND: POST /session/1b6c7837aabde9e3293127df2ee335cc/element - {"using":"xpath","value":"//bdi[text()=\"Edit\"]"}
RESULT: {"using":"xpath","value":"//bdi[text()=\"Edit\"]"}
COMMAND: GET /session/1b6c7837aabde9e3293127df2ee335cc/element/f.662FC9EC32089450E4582D1FE7DD78D5.d.AB8F50C3C62AE1923FE10E63BB7BAEAC.e.8194/enabled - {}
RESULT: {}
COMMAND: POST /session/1b6c7837aabde9e3293127df2ee335cc/execute/sync - {"script":"<script> [8489 bytes]","args":[{"element-6066-11e4-a52e-4f735466cecf":"f.662FC9EC32089450E4582D1FE7DD78D5.d.AB8F50C3C62AE1923FE10E63BB7BAEAC.e.8194","ELEMENT":"f.662FC9EC32089450E4582D1FE7DD78D5.d.AB8F50C3C62AE1923FE10E63BB7BAEAC.e.8194"}]}
COMMAND: GET /session/1b6c7837aabde9e3293127df2ee335cc/screenshot - {}
RESULT: {"script":"<script> [8489 bytes]","args":[{"element-6066-11e4-a52e-4f735466cecf":"f.662FC9EC32089450E4582D1FE7DD78D5.d.AB8F50C3C62AE1923FE10E63BB7BAEAC.e.8194","ELEMENT":"f.662FC9EC32089450E4582D1FE7DD78D5.d.AB8F50C3C62AE1923FE10E63BB7BAEAC.e.8194"}]}
COMMAND: POST /session/1b6c7837aabde9e3293127df2ee335cc/execute/sync - {"script":"<script> [5351 bytes]","args":[{"element-6066-11e4-a52e-4f735466cecf":"f.662FC9EC32089450E4582D1FE7DD78D5.d.AB8F50C3C62AE1923FE10E63BB7BAEAC.e.8194","ELEMENT":"f.662FC9EC32089450E4582D1FE7DD78D5.d.AB8F50C3C62AE1923FE10E63BB7BAEAC.e.8194"}]}
COMMAND: GET /session/1b6c7837aabde9e3293127df2ee335cc/screenshot - {}
RESULT: {}
RESULT: {"script":"<script> [5351 bytes]","args":[{"element-6066-11e4-a52e-4f735466cecf":"f.662FC9EC32089450E4582D1FE7DD78D5.d.AB8F50C3C62AE1923FE10E63BB7BAEAC.e.8194","ELEMENT":"f.662FC9EC32089450E4582D1FE7DD78D5.d.AB8F50C3C62AE1923FE10E63BB7BAEAC.e.8194"}]}
COMMAND: POST /session/1b6c7837aabde9e3293127df2ee335cc/element/f.662FC9EC32089450E4582D1FE7DD78D5.d.AB8F50C3C62AE1923FE10E63BB7BAEAC.e.8194/click - {}
COMMAND: GET /session/1b6c7837aabde9e3293127df2ee335cc/screenshot - {}
RESULT: {}
RESULT: {}
COMMAND: GET /session/1b6c7837aabde9e3293127df2ee335cc/screenshot - {}
RESULT: {}
RESULT: {}
COMMAND: POST /session/1b6c7837aabde9e3293127df2ee335cc/element - {"using":"xpath","value":"//bdi[@id=\"application-manageresources-display-component---editResource--editRruPage-anchBar-application-manageresources-display-component---editResource--counters-anchor-BDI-content\"]"}
RESULT: {"using":"xpath","value":"//bdi[@id=\"application-manageresources-display-component---editResource--editRruPage-anchBar-application-manageresources-display-component---editResource--counters-anchor-BDI-content\"]"}
COMMAND: POST /session/1b6c7837aabde9e3293127df2ee335cc/execute/sync - {"script":"<script> [8489 bytes]","args":[{"element-6066-11e4-a52e-4f735466cecf":"f.662FC9EC32089450E4582D1FE7DD78D5.d.AB8F50C3C62AE1923FE10E63BB7BAEAC.e.8301","ELEMENT":"f.662FC9EC32089450E4582D1FE7DD78D5.d.AB8F50C3C62AE1923FE10E63BB7BAEAC.e.8301"}]}
RESULT: {"script":"<script> [8489 bytes]","args":[{"element-6066-11e4-a52e-4f735466cecf":"f.662FC9EC32089450E4582D1FE7DD78D5.d.AB8F50C3C62AE1923FE10E63BB7BAEAC.e.8301","ELEMENT":"f.662FC9EC32089450E4582D1FE7DD78D5.d.AB8F50C3C62AE1923FE10E63BB7BAEAC.e.8301"}]}
COMMAND: POST /session/1b6c7837aabde9e3293127df2ee335cc/element/f.662FC9EC32089450E4582D1FE7DD78D5.d.AB8F50C3C62AE1923FE10E63BB7BAEAC.e.8301/click - {}
COMMAND: GET /session/1b6c7837aabde9e3293127df2ee335cc/screenshot - {}
RESULT: {}
COMMAND: GET /session/1b6c7837aabde9e3293127df2ee335cc/screenshot - {}
RESULT: {}
RESULT: {}
COMMAND: POST /session/1b6c7837aabde9e3293127df2ee335cc/execute/async - {"script":"<script> [1562 bytes]","args":[{"selector":{"id":"application-manageresources-display-component---editResource--btnAddCounter-img"},"wdio_ui5_key":"applicationmanageresources-display-component---editResource--btnAddCounter-img"}]}
RESULT: {"script":"<script> [1562 bytes]","args":[{"selector":{"id":"application-manageresources-display-component---editResource--btnAddCounter-img"},"wdio_ui5_key":"applicationmanageresources-display-component---editResource--btnAddCounter-img"}]}
RESULT: undefined
COMMAND: POST /session/1b6c7837aabde9e3293127df2ee335cc/element - {"using":"xpath","value":"//*[@id=\"application-manageresources-display-component---editResource--btnAddCounter-img\"]"}
RESULT: {"using":"xpath","value":"//*[@id=\"application-manageresources-display-component---editResource--btnAddCounter-img\"]"}
COMMAND: POST /session/1b6c7837aabde9e3293127df2ee335cc/element/f.662FC9EC32089450E4582D1FE7DD78D5.d.AB8F50C3C62AE1923FE10E63BB7BAEAC.e.8339/click - {}
RESULT: {}
COMMAND: GET /session/1b6c7837aabde9e3293127df2ee335cc/screenshot - {}
RESULT: {}
COMMAND: POST /session/1b6c7837aabde9e3293127df2ee335cc/execute/async - {"script":"<script> [1562 bytes]","args":[{"selector":{"id":"application-manageresources-display-component---editResource--HAND_OVER_TYPE-application-manageresources-display-component---editResource--RUCounters-0","interaction":{"idSuffix":"CbBg"}},"wdio_ui5_key":"applicationmanageresources-display-component---editResource--HAND_OVER_TYPE-application-manageresources-display-component---editResource--RUCounters-0"}]}
RESULT: {"script":"<script> [1562 bytes]","args":[{"selector":{"id":"application-manageresources-display-component---editResource--HAND_OVER_TYPE-application-manageresources-display-component---editResource--RUCounters-0","interaction":{"idSuffix":"CbBg"}},"wdio_ui5_key":"applicationmanageresources-display-component---editResource--HAND_OVER_TYPE-application-manageresources-display-component---editResource--RUCounters-0"}]}
RESULT: undefined
COMMAND: POST /session/1b6c7837aabde9e3293127df2ee335cc/element - {"using":"xpath","value":"//*[@id=\"application-manageresources-display-component---editResource--HAND_OVER_TYPE-application-manageresources-display-component---editResource--RUCounters-0\"]"}
RESULT: {"using":"xpath","value":"//*[@id=\"application-manageresources-display-component---editResource--HAND_OVER_TYPE-application-manageresources-display-component---editResource--RUCounters-0\"]"}
COMMAND: POST /session/1b6c7837aabde9e3293127df2ee335cc/element/f.662FC9EC32089450E4582D1FE7DD78D5.d.AB8F50C3C62AE1923FE10E63BB7BAEAC.e.8345/click - {}
RESULT: {}
COMMAND: POST /session/1b6c7837aabde9e3293127df2ee335cc/execute/async - {"script":"<script> [1562 bytes]","args":[{"selector":{"controlType":"sap.m.Button","viewName":"etm.portal.ui.manageresources.view.EditResource","viewId":"application-manageresources-display-component---editResource","i18NText":{"propertyName":"text","key":"save"},"interaction":{"idSuffix":"BDI-content"}},"wdio_ui5_key":"etmportal.ui.manageresources.view.EditResourcesap.m.Button{\"propertyName\":\"text\",\"key\":\"save\"}"}]}
COMMAND: GET /session/1b6c7837aabde9e3293127df2ee335cc/screenshot - {}
RESULT: {"script":"<script> [1562 bytes]","args":[{"selector":{"controlType":"sap.m.Button","viewName":"etm.portal.ui.manageresources.view.EditResource","viewId":"application-manageresources-display-component---editResource","i18NText":{"propertyName":"text","key":"save"},"interaction":{"idSuffix":"BDI-content"}},"wdio_ui5_key":"etmportal.ui.manageresources.view.EditResourcesap.m.Button{\"propertyName\":\"text\",\"key\":\"save\"}"}]}
RESULT: undefined
COMMAND: POST /session/1b6c7837aabde9e3293127df2ee335cc/element - {"using":"xpath","value":"//*[@id=\"__button86\"]"}
RESULT: {}
RESULT: {"using":"xpath","value":"//*[@id=\"__button86\"]"}
COMMAND: POST /session/1b6c7837aabde9e3293127df2ee335cc/element/f.662FC9EC32089450E4582D1FE7DD78D5.d.AB8F50C3C62AE1923FE10E63BB7BAEAC.e.8347/click - {}
RESULT: {}
COMMAND: GET /session/1b6c7837aabde9e3293127df2ee335cc/screenshot - {}
RESULT: {}
COMMAND: POST /session/1b6c7837aabde9e3293127df2ee335cc/element - {"using":"css selector","value":"#shell-header-logo"}
RESULT: {"using":"css selector","value":"#shell-header-logo"}
COMMAND: POST /session/1b6c7837aabde9e3293127df2ee335cc/elements - {"using":"css selector","value":"#shell-header-logo"}
RESULT: {"using":"css selector","value":"#shell-header-logo"}
COMMAND: POST /session/1b6c7837aabde9e3293127df2ee335cc/execute/sync - {"script":"<script> [8489 bytes]","args":[{"element-6066-11e4-a52e-4f735466cecf":"f.662FC9EC32089450E4582D1FE7DD78D5.d.AB8F50C3C62AE1923FE10E63BB7BAEAC.e.7621","ELEMENT":"f.662FC9EC32089450E4582D1FE7DD78D5.d.AB8F50C3C62AE1923FE10E63BB7BAEAC.e.7621"}]}
RESULT: {"script":"<script> [8489 bytes]","args":[{"element-6066-11e4-a52e-4f735466cecf":"f.662FC9EC32089450E4582D1FE7DD78D5.d.AB8F50C3C62AE1923FE10E63BB7BAEAC.e.7621","ELEMENT":"f.662FC9EC32089450E4582D1FE7DD78D5.d.AB8F50C3C62AE1923FE10E63BB7BAEAC.e.7621"}]}
COMMAND: POST /session/1b6c7837aabde9e3293127df2ee335cc/execute/sync - {"script":"<script> [5351 bytes]","args":[{"element-6066-11e4-a52e-4f735466cecf":"f.662FC9EC32089450E4582D1FE7DD78D5.d.AB8F50C3C62AE1923FE10E63BB7BAEAC.e.7621","ELEMENT":"f.662FC9EC32089450E4582D1FE7DD78D5.d.AB8F50C3C62AE1923FE10E63BB7BAEAC.e.7621"}]}
COMMAND: GET /session/1b6c7837aabde9e3293127df2ee335cc/screenshot - {}
RESULT: {"script":"<script> [5351 bytes]","args":[{"element-6066-11e4-a52e-4f735466cecf":"f.662FC9EC32089450E4582D1FE7DD78D5.d.AB8F50C3C62AE1923FE10E63BB7BAEAC.e.7621","ELEMENT":"f.662FC9EC32089450E4582D1FE7DD78D5.d.AB8F50C3C62AE1923FE10E63BB7BAEAC.e.7621"}]}
COMMAND: POST /session/1b6c7837aabde9e3293127df2ee335cc/element/f.662FC9EC32089450E4582D1FE7DD78D5.d.AB8F50C3C62AE1923FE10E63BB7BAEAC.e.7621/click - {}
COMMAND: GET /session/1b6c7837aabde9e3293127df2ee335cc/screenshot - {}
RESULT: {}
RESULT: {}
COMMAND: GET /session/1b6c7837aabde9e3293127df2ee335cc/screenshot - {}
RESULT: {}
RESULT: {}
COMMAND: POST /session/1b6c7837aabde9e3293127df2ee335cc/element - {"using":"css selector","value":"#shell-header-logo"}
RESULT: {"using":"css selector","value":"#shell-header-logo"}
COMMAND: POST /session/1b6c7837aabde9e3293127df2ee335cc/element/f.662FC9EC32089450E4582D1FE7DD78D5.d.AB8F50C3C62AE1923FE10E63BB7BAEAC.e.8359/click - {}
RESULT: {}
COMMAND: GET /session/1b6c7837aabde9e3293127df2ee335cc/screenshot - {}
RESULT: {}
]]></system-out>
    </testcase>
  </testsuite>
  <testsuite timestamp="2025-05-17T15:44:48" time="88.735" tests="2" failures="0" errors="0" skipped="0">
    <properties>
      <property name="specId" value="0" />
      <property name="suiteName" value="Personnel creation and reference material verification  US120163" />
      <property name="capabilities" value="chrome.136_0_7103_93.windows" />
      <property name="file" value="file:///D:/a/1/s/test/specs/R2C/create-personnel-no-material-reference.spec.js" />
    </properties>
    <testcase classname="chrome.136_0_7103_93.windows.Personnel_creation_and_reference_material_verification__US120163" name="Should create a new personnel and verify if the material reference is visible" time="69.954">
      <system-out><![CDATA[
RESULT: undefined
COMMAND: POST /session/1b6c7837aabde9e3293127df2ee335cc/element - {"using":"xpath","value":"//*[@id=\"__tile31\"]"}
RESULT: {"using":"xpath","value":"//*[@id=\"__tile31\"]"}
COMMAND: POST /session/1b6c7837aabde9e3293127df2ee335cc/element/f.662FC9EC32089450E4582D1FE7DD78D5.d.AB8F50C3C62AE1923FE10E63BB7BAEAC.e.7640/click - {}
RESULT: {}
COMMAND: GET /session/1b6c7837aabde9e3293127df2ee335cc/screenshot - {}
RESULT: {}
COMMAND: POST /session/1b6c7837aabde9e3293127df2ee335cc/elements - {"using":"xpath","value":"//span[text()='Error']"}
RESULT: {"using":"xpath","value":"//span[text()='Error']"}
COMMAND: POST /session/1b6c7837aabde9e3293127df2ee335cc/element - {"using":"xpath","value":"//button[@data-kt=\"addNewRUOverflowToolbarButton\"]"}
RESULT: {"using":"xpath","value":"//button[@data-kt=\"addNewRUOverflowToolbarButton\"]"}
COMMAND: POST /session/1b6c7837aabde9e3293127df2ee335cc/execute/sync - {"script":"<script> [8489 bytes]","args":[{"element-6066-11e4-a52e-4f735466cecf":"f.662FC9EC32089450E4582D1FE7DD78D5.d.AB8F50C3C62AE1923FE10E63BB7BAEAC.e.8399","ELEMENT":"f.662FC9EC32089450E4582D1FE7DD78D5.d.AB8F50C3C62AE1923FE10E63BB7BAEAC.e.8399"}]}
RESULT: {"script":"<script> [8489 bytes]","args":[{"element-6066-11e4-a52e-4f735466cecf":"f.662FC9EC32089450E4582D1FE7DD78D5.d.AB8F50C3C62AE1923FE10E63BB7BAEAC.e.8399","ELEMENT":"f.662FC9EC32089450E4582D1FE7DD78D5.d.AB8F50C3C62AE1923FE10E63BB7BAEAC.e.8399"}]}
COMMAND: POST /session/1b6c7837aabde9e3293127df2ee335cc/element/f.662FC9EC32089450E4582D1FE7DD78D5.d.AB8F50C3C62AE1923FE10E63BB7BAEAC.e.8399/click - {}
COMMAND: GET /session/1b6c7837aabde9e3293127df2ee335cc/screenshot - {}
RESULT: {}
RESULT: undefined
COMMAND: POST /session/1b6c7837aabde9e3293127df2ee335cc/element - {"using":"xpath","value":"//*[@id=\"application-manageresources-display-component---newResourceUnit--TYPE-arrow\"]"}
COMMAND: GET /session/1b6c7837aabde9e3293127df2ee335cc/screenshot - {}
RESULT: {}
RESULT: {"using":"xpath","value":"//*[@id=\"application-manageresources-display-component---newResourceUnit--TYPE-arrow\"]"}
COMMAND: POST /session/1b6c7837aabde9e3293127df2ee335cc/element/f.662FC9EC32089450E4582D1FE7DD78D5.d.AB8F50C3C62AE1923FE10E63BB7BAEAC.e.8718/click - {}
RESULT: {}
RESULT: {}
COMMAND: POST /session/1b6c7837aabde9e3293127df2ee335cc/execute/async - {"script":"<script> [1562 bytes]","args":[{"selector":{"controlType":"sap.m.StandardListItem","viewName":"reusables.view.manageresources.NewResourceUnit","viewId":"application-manageresources-display-component---newResourceUnit","properties":{"title":"Personnel"},"searchOpenDialogs":true,"interaction":{"idSuffix":"titleText"}},"wdio_ui5_key":"reusablesview.manageresources.NewResourceUnitsap.m.StandardListItem{\"title\":\"Personnel\"}"}]}
COMMAND: GET /session/1b6c7837aabde9e3293127df2ee335cc/screenshot - {}
RESULT: {"script":"<script> [1562 bytes]","args":[{"selector":{"controlType":"sap.m.StandardListItem","viewName":"reusables.view.manageresources.NewResourceUnit","viewId":"application-manageresources-display-component---newResourceUnit","properties":{"title":"Personnel"},"searchOpenDialogs":true,"interaction":{"idSuffix":"titleText"}},"wdio_ui5_key":"reusablesview.manageresources.NewResourceUnitsap.m.StandardListItem{\"title\":\"Personnel\"}"}]}
RESULT: undefined
COMMAND: POST /session/1b6c7837aabde9e3293127df2ee335cc/element - {"using":"xpath","value":"//*[@id=\"__item1160\"]"}
RESULT: {}
RESULT: {"using":"xpath","value":"//*[@id=\"__item1160\"]"}
COMMAND: POST /session/1b6c7837aabde9e3293127df2ee335cc/element/f.662FC9EC32089450E4582D1FE7DD78D5.d.AB8F50C3C62AE1923FE10E63BB7BAEAC.e.8722/click - {}
RESULT: {}
RESULT: undefined
COMMAND: POST /session/1b6c7837aabde9e3293127df2ee335cc/execute/async - {"script":"<script> [776 bytes]","args":[{"enterText":"WdIOPersonnelw4w3m","selector":{"id":"application-manageresources-display-component---newResourceUnit--SHORT_TEXT","interaction":{"idSuffix":"inner"}},"clearTextFirst":true,"interactionType":"ENTER_TEXT"}]}
COMMAND: GET /session/1b6c7837aabde9e3293127df2ee335cc/screenshot - {}
RESULT: {"script":"<script> [776 bytes]","args":[{"enterText":"WdIOPersonnelw4w3m","selector":{"id":"application-manageresources-display-component---newResourceUnit--SHORT_TEXT","interaction":{"idSuffix":"inner"}},"clearTextFirst":true,"interactionType":"ENTER_TEXT"}]}
COMMAND: POST /session/1b6c7837aabde9e3293127df2ee335cc/element - {"using":"xpath","value":"//bdi[contains(text(), \"Material\")]"}
RESULT: {}
RESULT: {"using":"xpath","value":"//bdi[contains(text(), \"Material\")]"}
COMMAND: POST /session/1b6c7837aabde9e3293127df2ee335cc/element - {"using":"xpath","value":"//bdi[contains(text(), \"Material\")]"}
RESULT: {"using":"xpath","value":"//bdi[contains(text(), \"Material\")]"}
COMMAND: POST /session/1b6c7837aabde9e3293127df2ee335cc/execute/async - {"script":"<script> [1562 bytes]","args":[{"selector":{"id":"application-manageresources-display-component---newResourceUnit--BASE_UNIT_OF_MEASURE-arrow"},"wdio_ui5_key":"applicationmanageresources-display-component---newResourceUnit--BASE_UNIT_OF_MEASURE-arrow"}]}
RESULT: {"script":"<script> [1562 bytes]","args":[{"selector":{"id":"application-manageresources-display-component---newResourceUnit--BASE_UNIT_OF_MEASURE-arrow"},"wdio_ui5_key":"applicationmanageresources-display-component---newResourceUnit--BASE_UNIT_OF_MEASURE-arrow"}]}
RESULT: undefined
COMMAND: POST /session/1b6c7837aabde9e3293127df2ee335cc/element - {"using":"xpath","value":"//*[@id=\"application-manageresources-display-component---newResourceUnit--BASE_UNIT_OF_MEASURE-arrow\"]"}
RESULT: {"using":"xpath","value":"//*[@id=\"application-manageresources-display-component---newResourceUnit--BASE_UNIT_OF_MEASURE-arrow\"]"}
COMMAND: POST /session/1b6c7837aabde9e3293127df2ee335cc/element/f.662FC9EC32089450E4582D1FE7DD78D5.d.AB8F50C3C62AE1923FE10E63BB7BAEAC.e.8762/click - {}
RESULT: {}
COMMAND: POST /session/1b6c7837aabde9e3293127df2ee335cc/execute/async - {"script":"<script> [1562 bytes]","args":[{"selector":{"controlType":"sap.m.StandardListItem","viewName":"reusables.view.manageresources.NewResourceUnit","viewId":"application-manageresources-display-component---newResourceUnit","properties":{"title":"Percent"},"searchOpenDialogs":true,"interaction":{"idSuffix":"titleText"}},"wdio_ui5_key":"reusablesview.manageresources.NewResourceUnitsap.m.StandardListItem{\"title\":\"Percent\"}"}]}
COMMAND: GET /session/1b6c7837aabde9e3293127df2ee335cc/screenshot - {}
RESULT: {"script":"<script> [1562 bytes]","args":[{"selector":{"controlType":"sap.m.StandardListItem","viewName":"reusables.view.manageresources.NewResourceUnit","viewId":"application-manageresources-display-component---newResourceUnit","properties":{"title":"Percent"},"searchOpenDialogs":true,"interaction":{"idSuffix":"titleText"}},"wdio_ui5_key":"reusablesview.manageresources.NewResourceUnitsap.m.StandardListItem{\"title\":\"Percent\"}"}]}
RESULT: undefined
COMMAND: POST /session/1b6c7837aabde9e3293127df2ee335cc/element - {"using":"xpath","value":"//*[@id=\"__item1180\"]"}
RESULT: {}
RESULT: {"using":"xpath","value":"//*[@id=\"__item1180\"]"}
COMMAND: POST /session/1b6c7837aabde9e3293127df2ee335cc/element/f.662FC9EC32089450E4582D1FE7DD78D5.d.AB8F50C3C62AE1923FE10E63BB7BAEAC.e.8764/click - {}
RESULT: {}
COMMAND: POST /session/1b6c7837aabde9e3293127df2ee335cc/execute/async - {"script":"<script> [1562 bytes]","args":[{"selector":{"id":"application-manageresources-display-component---newResourceUnit--PLANNING_GROUP-arrow"},"wdio_ui5_key":"applicationmanageresources-display-component---newResourceUnit--PLANNING_GROUP-arrow"}]}
COMMAND: GET /session/1b6c7837aabde9e3293127df2ee335cc/screenshot - {}
RESULT: {"script":"<script> [1562 bytes]","args":[{"selector":{"id":"application-manageresources-display-component---newResourceUnit--PLANNING_GROUP-arrow"},"wdio_ui5_key":"applicationmanageresources-display-component---newResourceUnit--PLANNING_GROUP-arrow"}]}
RESULT: undefined
COMMAND: POST /session/1b6c7837aabde9e3293127df2ee335cc/element - {"using":"xpath","value":"//*[@id=\"application-manageresources-display-component---newResourceUnit--PLANNING_GROUP-arrow\"]"}
RESULT: {}
RESULT: {"using":"xpath","value":"//*[@id=\"application-manageresources-display-component---newResourceUnit--PLANNING_GROUP-arrow\"]"}
COMMAND: POST /session/1b6c7837aabde9e3293127df2ee335cc/element/f.662FC9EC32089450E4582D1FE7DD78D5.d.AB8F50C3C62AE1923FE10E63BB7BAEAC.e.8765/click - {}
RESULT: {}
COMMAND: GET /session/1b6c7837aabde9e3293127df2ee335cc/screenshot - {}
RESULT: {}
COMMAND: POST /session/1b6c7837aabde9e3293127df2ee335cc/execute/async - {"script":"<script> [1562 bytes]","args":[{"selector":{"controlType":"sap.m.StandardListItem","viewName":"reusables.view.manageresources.NewResourceUnit","viewId":"application-manageresources-display-component---newResourceUnit","properties":{"title":"Operating personnel"},"searchOpenDialogs":true,"interaction":{"idSuffix":"titleText"}},"wdio_ui5_key":"reusablesview.manageresources.NewResourceUnitsap.m.StandardListItem{\"title\":\"Operating personnel\"}"}]}
RESULT: {"script":"<script> [1562 bytes]","args":[{"selector":{"controlType":"sap.m.StandardListItem","viewName":"reusables.view.manageresources.NewResourceUnit","viewId":"application-manageresources-display-component---newResourceUnit","properties":{"title":"Operating personnel"},"searchOpenDialogs":true,"interaction":{"idSuffix":"titleText"}},"wdio_ui5_key":"reusablesview.manageresources.NewResourceUnitsap.m.StandardListItem{\"title\":\"Operating personnel\"}"}]}
RESULT: undefined
COMMAND: POST /session/1b6c7837aabde9e3293127df2ee335cc/element - {"using":"xpath","value":"//*[@id=\"__item1189\"]"}
RESULT: {"using":"xpath","value":"//*[@id=\"__item1189\"]"}
COMMAND: POST /session/1b6c7837aabde9e3293127df2ee335cc/element/f.662FC9EC32089450E4582D1FE7DD78D5.d.AB8F50C3C62AE1923FE10E63BB7BAEAC.e.8767/click - {}
RESULT: {}
COMMAND: GET /session/1b6c7837aabde9e3293127df2ee335cc/screenshot - {}
RESULT: {}
COMMAND: POST /session/1b6c7837aabde9e3293127df2ee335cc/element - {"using":"xpath","value":"//bdi[contains(text(), \"Time Segment\")]"}
RESULT: {"using":"xpath","value":"//bdi[contains(text(), \"Time Segment\")]"}
COMMAND: GET /session/1b6c7837aabde9e3293127df2ee335cc/element/f.662FC9EC32089450E4582D1FE7DD78D5.d.AB8F50C3C62AE1923FE10E63BB7BAEAC.e.8768/rect - {}
RESULT: {}
COMMAND: GET /session/1b6c7837aabde9e3293127df2ee335cc/window/rect - {}
RESULT: {}
COMMAND: POST /session/1b6c7837aabde9e3293127df2ee335cc/execute/sync - {"script":"<script> [92 bytes]","args":[]}
RESULT: {"script":"<script> [92 bytes]","args":[]}
COMMAND: POST /session/1b6c7837aabde9e3293127df2ee335cc/actions - {"actions":[{"id":"action24","type":"wheel","parameters":{},"actions":[{"type":"scroll","x":-1820,"y":804,"deltaX":0,"deltaY":0,"duration":0,"origin":{"element-6066-11e4-a52e-4f735466cecf":"f.662FC9EC32089450E4582D1FE7DD78D5.d.AB8F50C3C62AE1923FE10E63BB7BAEAC.e.8768"}}]}]}
COMMAND: GET /session/1b6c7837aabde9e3293127df2ee335cc/screenshot - {}
RESULT: {}
COMMAND: POST /session/1b6c7837aabde9e3293127df2ee335cc/execute/sync - {"script":"<script> [79 bytes]","args":[{"element-6066-11e4-a52e-4f735466cecf":"f.662FC9EC32089450E4582D1FE7DD78D5.d.AB8F50C3C62AE1923FE10E63BB7BAEAC.e.8768","ELEMENT":"f.662FC9EC32089450E4582D1FE7DD78D5.d.AB8F50C3C62AE1923FE10E63BB7BAEAC.e.8768"},{"block":"start","inline":"nearest"}]}
RESULT: {"script":"<script> [79 bytes]","args":[{"element-6066-11e4-a52e-4f735466cecf":"f.662FC9EC32089450E4582D1FE7DD78D5.d.AB8F50C3C62AE1923FE10E63BB7BAEAC.e.8768","ELEMENT":"f.662FC9EC32089450E4582D1FE7DD78D5.d.AB8F50C3C62AE1923FE10E63BB7BAEAC.e.8768"},{"block":"start","inline":"nearest"}]}
COMMAND: GET /session/1b6c7837aabde9e3293127df2ee335cc/screenshot - {}
RESULT: {}
COMMAND: POST /session/1b6c7837aabde9e3293127df2ee335cc/element - {"using":"xpath","value":"//span[@id=\"application-manageresources-display-component---newResourceUnit--btnAddTimeSegment-img\"]"}
RESULT: {"using":"xpath","value":"//span[@id=\"application-manageresources-display-component---newResourceUnit--btnAddTimeSegment-img\"]"}
COMMAND: POST /session/1b6c7837aabde9e3293127df2ee335cc/execute/sync - {"script":"<script> [8489 bytes]","args":[{"element-6066-11e4-a52e-4f735466cecf":"f.662FC9EC32089450E4582D1FE7DD78D5.d.AB8F50C3C62AE1923FE10E63BB7BAEAC.e.8775","ELEMENT":"f.662FC9EC32089450E4582D1FE7DD78D5.d.AB8F50C3C62AE1923FE10E63BB7BAEAC.e.8775"}]}
RESULT: {"script":"<script> [8489 bytes]","args":[{"element-6066-11e4-a52e-4f735466cecf":"f.662FC9EC32089450E4582D1FE7DD78D5.d.AB8F50C3C62AE1923FE10E63BB7BAEAC.e.8775","ELEMENT":"f.662FC9EC32089450E4582D1FE7DD78D5.d.AB8F50C3C62AE1923FE10E63BB7BAEAC.e.8775"}]}
COMMAND: POST /session/1b6c7837aabde9e3293127df2ee335cc/element/f.662FC9EC32089450E4582D1FE7DD78D5.d.AB8F50C3C62AE1923FE10E63BB7BAEAC.e.8775/click - {}
COMMAND: GET /session/1b6c7837aabde9e3293127df2ee335cc/screenshot - {}
RESULT: {}
COMMAND: GET /session/1b6c7837aabde9e3293127df2ee335cc/screenshot - {}
COMMAND: POST /session/1b6c7837aabde9e3293127df2ee335cc/element - {"using":"xpath","value":"//input[@id=\"application-manageresources-display-component---newResourceUnit--idRuTSAdmin-application-manageresources-display-component---newResourceUnit--RUTimeSegment-0-inner\"]"}
RESULT: {}
RESULT: {}
RESULT: {"using":"xpath","value":"//input[@id=\"application-manageresources-display-component---newResourceUnit--idRuTSAdmin-application-manageresources-display-component---newResourceUnit--RUTimeSegment-0-inner\"]"}
COMMAND: POST /session/1b6c7837aabde9e3293127df2ee335cc/element/f.662FC9EC32089450E4582D1FE7DD78D5.d.AB8F50C3C62AE1923FE10E63BB7BAEAC.e.8778/clear - {}
RESULT: {}
COMMAND: POST /session/1b6c7837aabde9e3293127df2ee335cc/element/f.662FC9EC32089450E4582D1FE7DD78D5.d.AB8F50C3C62AE1923FE10E63BB7BAEAC.e.8778/value - {"text":"webdriveryard"}
COMMAND: GET /session/1b6c7837aabde9e3293127df2ee335cc/screenshot - {}
RESULT: {"text":"webdriveryard"}
COMMAND: GET /session/1b6c7837aabde9e3293127df2ee335cc/screenshot - {}
RESULT: {}
RESULT: {}
COMMAND: POST /session/1b6c7837aabde9e3293127df2ee335cc/actions - {"actions":[{"id":"action25","type":"key","parameters":{},"actions":[{"type":"keyDown","value":"î€‡"},{"type":"pause","duration":10},{"type":"keyUp","value":"î€‡"}]}]}
RESULT: {"actions":[{"id":"action25","type":"key","parameters":{},"actions":[{"type":"keyDown","value":"î€‡"},{"type":"pause","duration":10},{"type":"keyUp","value":"î€‡"}]}]}
COMMAND: GET /session/1b6c7837aabde9e3293127df2ee335cc/screenshot - {}
RESULT: {}
COMMAND: POST /session/1b6c7837aabde9e3293127df2ee335cc/element - {"using":"xpath","value":"//input[contains(@id, \"application-manageresources-display-component---newResourceUnit--newControlDataDateRangePicker-inner\")]"}
RESULT: {"using":"xpath","value":"//input[contains(@id, \"application-manageresources-display-component---newResourceUnit--newControlDataDateRangePicker-inner\")]"}
COMMAND: POST /session/1b6c7837aabde9e3293127df2ee335cc/element/f.662FC9EC32089450E4582D1FE7DD78D5.d.AB8F50C3C62AE1923FE10E63BB7BAEAC.e.8752/clear - {}
RESULT: {}
COMMAND: POST /session/1b6c7837aabde9e3293127df2ee335cc/element/f.662FC9EC32089450E4582D1FE7DD78D5.d.AB8F50C3C62AE1923FE10E63BB7BAEAC.e.8752/value - {"text":"12/17/26 - 2/18/27"}
COMMAND: GET /session/1b6c7837aabde9e3293127df2ee335cc/screenshot - {}
RESULT: {"text":"12/17/26 - 2/18/27"}
COMMAND: POST /session/1b6c7837aabde9e3293127df2ee335cc/element - {"using":"xpath","value":"//bdi[contains(@id, \"application-manageresources-display-component---newResourceUnit--createRuButton-BDI-content\")]"}
COMMAND: GET /session/1b6c7837aabde9e3293127df2ee335cc/screenshot - {}
RESULT: {}
RESULT: {"using":"xpath","value":"//bdi[contains(@id, \"application-manageresources-display-component---newResourceUnit--createRuButton-BDI-content\")]"}
COMMAND: POST /session/1b6c7837aabde9e3293127df2ee335cc/element/f.662FC9EC32089450E4582D1FE7DD78D5.d.AB8F50C3C62AE1923FE10E63BB7BAEAC.e.8792/click - {}
RESULT: {}
RESULT: {}
COMMAND: GET /session/1b6c7837aabde9e3293127df2ee335cc/screenshot - {}
RESULT: {}
COMMAND: POST /session/1b6c7837aabde9e3293127df2ee335cc/actions - {"actions":[{"id":"action26","type":"key","parameters":{},"actions":[{"type":"keyDown","value":"î€‡"},{"type":"pause","duration":10},{"type":"keyUp","value":"î€‡"}]}]}
RESULT: {"actions":[{"id":"action26","type":"key","parameters":{},"actions":[{"type":"keyDown","value":"î€‡"},{"type":"pause","duration":10},{"type":"keyUp","value":"î€‡"}]}]}
COMMAND: GET /session/1b6c7837aabde9e3293127df2ee335cc/screenshot - {}
RESULT: {}
]]></system-out>
    </testcase>
    <testcase classname="chrome.136_0_7103_93.windows.Personnel_creation_and_reference_material_verification__US120163" name="Should verify if the reference material is visible in edit and detail mode" time="15.619">
      <system-out><![CDATA[
COMMAND: POST /session/1b6c7837aabde9e3293127df2ee335cc/element - {"using":"xpath","value":"//bdi[contains(text(), \"Edit\")]"}
RESULT: {"using":"xpath","value":"//bdi[contains(text(), \"Edit\")]"}
COMMAND: POST /session/1b6c7837aabde9e3293127df2ee335cc/element/f.662FC9EC32089450E4582D1FE7DD78D5.d.AB8F50C3C62AE1923FE10E63BB7BAEAC.e.8816/click - {}
RESULT: {}
COMMAND: GET /session/1b6c7837aabde9e3293127df2ee335cc/screenshot - {}
RESULT: {}
COMMAND: POST /session/1b6c7837aabde9e3293127df2ee335cc/element - {"using":"xpath","value":"//bdi[contains(text(), \"Material\")]"}
RESULT: {"using":"xpath","value":"//bdi[contains(text(), \"Material\")]"}
COMMAND: POST /session/1b6c7837aabde9e3293127df2ee335cc/element - {"using":"xpath","value":"//bdi[contains(text(), \"Material\")]"}
RESULT: {"using":"xpath","value":"//bdi[contains(text(), \"Material\")]"}
COMMAND: POST /session/1b6c7837aabde9e3293127df2ee335cc/element - {"using":"xpath","value":"(//bdi[contains(text(), \"Save\")])[2]"}
RESULT: {"using":"xpath","value":"(//bdi[contains(text(), \"Save\")])[2]"}
COMMAND: POST /session/1b6c7837aabde9e3293127df2ee335cc/element/f.662FC9EC32089450E4582D1FE7DD78D5.d.AB8F50C3C62AE1923FE10E63BB7BAEAC.e.8866/click - {}
RESULT: {}
COMMAND: GET /session/1b6c7837aabde9e3293127df2ee335cc/screenshot - {}
RESULT: {}
COMMAND: DELETE /session/1b6c7837aabde9e3293127df2ee335cc - {}
RESULT: {}
]]></system-out>
    </testcase>
  </testsuite>
</testsuites>