<?xml version="1.0" encoding="UTF-8"?>
<testsuites tests="15" failures="1" errors="1" skipped="0">
  <testsuite timestamp="2025-05-28T15:17:30" time="53.522" tests="2" failures="0" errors="0" skipped="0">
    <properties>
      <property name="specId" value="0"/>
      <property name="suiteName" value="Assign the user test user id to an address"/>
      <property name="capabilities" value="chrome.136_0_7103_93.windows"/>
      <property name="file" value="file:///D:/a/1/s/test/specs/R2C/assign-user-id-to-an-address.spec.js"/>
    </properties>
    <testcase classname="chrome.136_0_7103_93.windows.Assign_the_user_test_user_id_to_an_address" name="Should search for test1ETM create only if not present" time="8.774">
      <system-out><![CDATA[
COMMAND: POST /session/f66dc8af89e796c2a1bae8c13753431d/execute/async - {"script":"<script> [1562 bytes]","args":[{"selector":{"id":"application-addressmanagement-display-component---masterAdm--smartFilterBar-filterItemControl_BASIC-NAME-vhi"},"wdio_ui5_key":"applicationaddressmanagement-display-component---masterAdm--smartFilterBar-filterItemControl_BASIC-NAME-vhi"}]}
RESULT: {"script":"<script> [1562 bytes]","args":[{"selector":{"id":"application-addressmanagement-display-component---masterAdm--smartFilterBar-filterItemControl_BASIC-NAME-vhi"},"wdio_ui5_key":"applicationaddressmanagement-display-component---masterAdm--smartFilterBar-filterItemControl_BASIC-NAME-vhi"}]}
RESULT: undefined
COMMAND: POST /session/f66dc8af89e796c2a1bae8c13753431d/element - {"using":"xpath","value":"//*[@id=\"application-addressmanagement-display-component---masterAdm--smartFilterBar-filterItemControl_BASIC-NAME-vhi\"]"}
RESULT: {"using":"xpath","value":"//*[@id=\"application-addressmanagement-display-component---masterAdm--smartFilterBar-filterItemControl_BASIC-NAME-vhi\"]"}
COMMAND: POST /session/f66dc8af89e796c2a1bae8c13753431d/element/f.84C8CB8F07A11D6CD1349F372DFB42D6.d.E54DCC1B9770562D53A68AF714D3D440.e.292/click - {}
RESULT: {}
COMMAND: POST /session/f66dc8af89e796c2a1bae8c13753431d/execute/async - {"script":"<script> [1562 bytes]","args":[{"selector":{"controlType":"sap.m.Input","viewName":"etm.portal.ui.addressmanagement.view.Master","viewId":"application-addressmanagement-display-component---masterAdm","properties":{"valueState":"None"},"searchOpenDialogs":true,"interaction":{"idSuffix":"inner"}},"wdio_ui5_key":"etmportal.ui.addressmanagement.view.Mastersap.m.Input{\"valueState\":\"None\"}"}]}
COMMAND: GET /session/f66dc8af89e796c2a1bae8c13753431d/screenshot - {}
RESULT: {"script":"<script> [1562 bytes]","args":[{"selector":{"controlType":"sap.m.Input","viewName":"etm.portal.ui.addressmanagement.view.Master","viewId":"application-addressmanagement-display-component---masterAdm","properties":{"valueState":"None"},"searchOpenDialogs":true,"interaction":{"idSuffix":"inner"}},"wdio_ui5_key":"etmportal.ui.addressmanagement.view.Mastersap.m.Input{\"valueState\":\"None\"}"}]}
RESULT: undefined
COMMAND: POST /session/f66dc8af89e796c2a1bae8c13753431d/execute/async - {"script":"<script> [776 bytes]","args":[{"enterText":"Test1ETM","selector":{"controlType":"sap.m.Input","viewName":"etm.portal.ui.addressmanagement.view.Master","viewId":"application-addressmanagement-display-component---masterAdm","properties":{"valueState":"None"},"searchOpenDialogs":true,"interaction":{"idSuffix":"inner"}},"clearTextFirst":true,"interactionType":"ENTER_TEXT"}]}
RESULT: {}
RESULT: {"script":"<script> [776 bytes]","args":[{"enterText":"Test1ETM","selector":{"controlType":"sap.m.Input","viewName":"etm.portal.ui.addressmanagement.view.Master","viewId":"application-addressmanagement-display-component---masterAdm","properties":{"valueState":"None"},"searchOpenDialogs":true,"interaction":{"idSuffix":"inner"}},"clearTextFirst":true,"interactionType":"ENTER_TEXT"}]}
COMMAND: POST /session/f66dc8af89e796c2a1bae8c13753431d/actions - {"actions":[{"id":"action1","type":"key","parameters":{},"actions":[{"type":"keyDown","value":""},{"type":"pause","duration":10},{"type":"keyUp","value":""}]}]}
RESULT: {"actions":[{"id":"action1","type":"key","parameters":{},"actions":[{"type":"keyDown","value":""},{"type":"pause","duration":10},{"type":"keyUp","value":""}]}]}
COMMAND: POST /session/f66dc8af89e796c2a1bae8c13753431d/execute/async - {"script":"<script> [1562 bytes]","args":[{"selector":{"id":"application-addressmanagement-display-component---masterAdm--smartFilterBar-filterItemControl_BASIC-NAME-valueHelpDialog-ok","searchOpenDialogs":true,"interaction":{"idSuffix":"BDI-content"}},"wdio_ui5_key":"applicationaddressmanagement-display-component---masterAdm--smartFilterBar-filterItemControl_BASIC-NAME-valueHelpDialog-ok"}]}
COMMAND: GET /session/f66dc8af89e796c2a1bae8c13753431d/screenshot - {}
RESULT: {"script":"<script> [1562 bytes]","args":[{"selector":{"id":"application-addressmanagement-display-component---masterAdm--smartFilterBar-filterItemControl_BASIC-NAME-valueHelpDialog-ok","searchOpenDialogs":true,"interaction":{"idSuffix":"BDI-content"}},"wdio_ui5_key":"applicationaddressmanagement-display-component---masterAdm--smartFilterBar-filterItemControl_BASIC-NAME-valueHelpDialog-ok"}]}
RESULT: undefined
COMMAND: POST /session/f66dc8af89e796c2a1bae8c13753431d/element - {"using":"xpath","value":"//*[@id=\"application-addressmanagement-display-component---masterAdm--smartFilterBar-filterItemControl_BASIC-NAME-valueHelpDialog-ok\"]"}
RESULT: {}
RESULT: {"using":"xpath","value":"//*[@id=\"application-addressmanagement-display-component---masterAdm--smartFilterBar-filterItemControl_BASIC-NAME-valueHelpDialog-ok\"]"}
COMMAND: POST /session/f66dc8af89e796c2a1bae8c13753431d/element/f.84C8CB8F07A11D6CD1349F372DFB42D6.d.E54DCC1B9770562D53A68AF714D3D440.e.301/click - {}
RESULT: {}
COMMAND: GET /session/f66dc8af89e796c2a1bae8c13753431d/screenshot - {}
RESULT: {}
COMMAND: POST /session/f66dc8af89e796c2a1bae8c13753431d/element - {"using":"xpath","value":"(//span[text()=\"Active\"])[1]"}
RESULT: {"using":"xpath","value":"(//span[text()=\"Active\"])[1]"}
COMMAND: POST /session/f66dc8af89e796c2a1bae8c13753431d/elements - {"using":"xpath","value":"(//span[text()=\"Active\"])[1]"}
RESULT: {"using":"xpath","value":"(//span[text()=\"Active\"])[1]"}
COMMAND: POST /session/f66dc8af89e796c2a1bae8c13753431d/execute/sync - {"script":"<script> [8489 bytes]","args":[{"element-6066-11e4-a52e-4f735466cecf":"f.84C8CB8F07A11D6CD1349F372DFB42D6.d.E54DCC1B9770562D53A68AF714D3D440.e.319","ELEMENT":"f.84C8CB8F07A11D6CD1349F372DFB42D6.d.E54DCC1B9770562D53A68AF714D3D440.e.319"}]}
RESULT: {"script":"<script> [8489 bytes]","args":[{"element-6066-11e4-a52e-4f735466cecf":"f.84C8CB8F07A11D6CD1349F372DFB42D6.d.E54DCC1B9770562D53A68AF714D3D440.e.319","ELEMENT":"f.84C8CB8F07A11D6CD1349F372DFB42D6.d.E54DCC1B9770562D53A68AF714D3D440.e.319"}]}
COMMAND: POST /session/f66dc8af89e796c2a1bae8c13753431d/execute/sync - {"script":"<script> [5351 bytes]","args":[{"element-6066-11e4-a52e-4f735466cecf":"f.84C8CB8F07A11D6CD1349F372DFB42D6.d.E54DCC1B9770562D53A68AF714D3D440.e.319","ELEMENT":"f.84C8CB8F07A11D6CD1349F372DFB42D6.d.E54DCC1B9770562D53A68AF714D3D440.e.319"}]}
COMMAND: GET /session/f66dc8af89e796c2a1bae8c13753431d/screenshot - {}
RESULT: {"script":"<script> [5351 bytes]","args":[{"element-6066-11e4-a52e-4f735466cecf":"f.84C8CB8F07A11D6CD1349F372DFB42D6.d.E54DCC1B9770562D53A68AF714D3D440.e.319","ELEMENT":"f.84C8CB8F07A11D6CD1349F372DFB42D6.d.E54DCC1B9770562D53A68AF714D3D440.e.319"}]}
COMMAND: POST /session/f66dc8af89e796c2a1bae8c13753431d/element/f.84C8CB8F07A11D6CD1349F372DFB42D6.d.E54DCC1B9770562D53A68AF714D3D440.e.319/click - {}
COMMAND: GET /session/f66dc8af89e796c2a1bae8c13753431d/screenshot - {}
RESULT: {}
RESULT: {}
COMMAND: POST /session/f66dc8af89e796c2a1bae8c13753431d/element - {"using":"xpath","value":"//span[@id=\"application-addressmanagement-display-component---detailAdm--addressDetailDetailsName1\"]"}
COMMAND: GET /session/f66dc8af89e796c2a1bae8c13753431d/screenshot - {}
RESULT: {}
RESULT: {"using":"xpath","value":"//span[@id=\"application-addressmanagement-display-component---detailAdm--addressDetailDetailsName1\"]"}
COMMAND: POST /session/f66dc8af89e796c2a1bae8c13753431d/execute/sync - {"script":"<script> [8489 bytes]","args":[{"element-6066-11e4-a52e-4f735466cecf":"f.84C8CB8F07A11D6CD1349F372DFB42D6.d.E54DCC1B9770562D53A68AF714D3D440.e.388","ELEMENT":"f.84C8CB8F07A11D6CD1349F372DFB42D6.d.E54DCC1B9770562D53A68AF714D3D440.e.388"}]}
RESULT: {}
RESULT: {"script":"<script> [8489 bytes]","args":[{"element-6066-11e4-a52e-4f735466cecf":"f.84C8CB8F07A11D6CD1349F372DFB42D6.d.E54DCC1B9770562D53A68AF714D3D440.e.388","ELEMENT":"f.84C8CB8F07A11D6CD1349F372DFB42D6.d.E54DCC1B9770562D53A68AF714D3D440.e.388"}]}
]]></system-out>
    </testcase>
    <testcase classname="chrome.136_0_7103_93.windows.Assign_the_user_test_user_id_to_an_address" name="Should edit the title of the created found address" time="10.121">
      <system-out><![CDATA[
COMMAND: POST /session/f66dc8af89e796c2a1bae8c13753431d/execute/async - {"script":"<script> [1562 bytes]","args":[{"selector":{"controlType":"sap.m.Button","viewName":"etm.portal.ui.addressmanagement.view.Detail","viewId":"application-addressmanagement-display-component---detailAdm","i18NText":{"propertyName":"text","key":"edit"}},"wdio_ui5_key":"etmportal.ui.addressmanagement.view.Detailsap.m.Button{\"propertyName\":\"text\",\"key\":\"edit\"}"}]}
COMMAND: GET /session/f66dc8af89e796c2a1bae8c13753431d/screenshot - {}
RESULT: {"script":"<script> [1562 bytes]","args":[{"selector":{"controlType":"sap.m.Button","viewName":"etm.portal.ui.addressmanagement.view.Detail","viewId":"application-addressmanagement-display-component---detailAdm","i18NText":{"propertyName":"text","key":"edit"}},"wdio_ui5_key":"etmportal.ui.addressmanagement.view.Detailsap.m.Button{\"propertyName\":\"text\",\"key\":\"edit\"}"}]}
RESULT: undefined
COMMAND: POST /session/f66dc8af89e796c2a1bae8c13753431d/element - {"using":"xpath","value":"//*[@id=\"__button16\"]"}
RESULT: {}
RESULT: {"using":"xpath","value":"//*[@id=\"__button16\"]"}
COMMAND: POST /session/f66dc8af89e796c2a1bae8c13753431d/element/f.84C8CB8F07A11D6CD1349F372DFB42D6.d.E54DCC1B9770562D53A68AF714D3D440.e.394/click - {}
RESULT: {}
COMMAND: POST /session/f66dc8af89e796c2a1bae8c13753431d/execute/async - {"script":"<script> [1562 bytes]","args":[{"selector":{"controlType":"sap.ui.core.Icon","viewName":"etm.portal.ui.addressmanagement.view.EditDetail","properties":{"src":{"regex":{"source":"slim\\-arrow\\-down"}}},"ancestor":{"id":"addressTitle","viewName":"etm.portal.ui.addressmanagement.view.EditDetail"}},"wdio_ui5_key":"etmportal.ui.addressmanagement.view.EditDetailsap.ui.core.Icon{\"src\":{\"regex\":{\"source\":\"slim\\\\-arrow\\\\-down\"}}}{\"id\":\"addressTitle\",\"viewName\":\"etm.portal.ui.addressmanagement.view.EditDetail\"}"}]}
COMMAND: GET /session/f66dc8af89e796c2a1bae8c13753431d/screenshot - {}
RESULT: {"script":"<script> [1562 bytes]","args":[{"selector":{"controlType":"sap.ui.core.Icon","viewName":"etm.portal.ui.addressmanagement.view.EditDetail","properties":{"src":{"regex":{"source":"slim\\-arrow\\-down"}}},"ancestor":{"id":"addressTitle","viewName":"etm.portal.ui.addressmanagement.view.EditDetail"}},"wdio_ui5_key":"etmportal.ui.addressmanagement.view.EditDetailsap.ui.core.Icon{\"src\":{\"regex\":{\"source\":\"slim\\\\-arrow\\\\-down\"}}}{\"id\":\"addressTitle\",\"viewName\":\"etm.portal.ui.addressmanagement.view.EditDetail\"}"}]}
RESULT: undefined
COMMAND: POST /session/f66dc8af89e796c2a1bae8c13753431d/element - {"using":"xpath","value":"//*[@id=\"__xmlview58--addressTitle-arrow\"]"}
RESULT: {}
RESULT: {"using":"xpath","value":"//*[@id=\"__xmlview58--addressTitle-arrow\"]"}
COMMAND: POST /session/f66dc8af89e796c2a1bae8c13753431d/element/f.84C8CB8F07A11D6CD1349F372DFB42D6.d.E54DCC1B9770562D53A68AF714D3D440.e.435/click - {}
RESULT: {}
COMMAND: POST /session/f66dc8af89e796c2a1bae8c13753431d/execute/async - {"script":"<script> [1562 bytes]","args":[{"selector":{"controlType":"sap.m.StandardListItem","viewName":"etm.portal.ui.addressmanagement.view.EditDetail","properties":{"title":"Dr."},"searchOpenDialogs":true},"wdio_ui5_key":"etmportal.ui.addressmanagement.view.EditDetailsap.m.StandardListItem{\"title\":\"Dr.\"}"}]}
COMMAND: GET /session/f66dc8af89e796c2a1bae8c13753431d/screenshot - {}
RESULT: {}
RESULT: {"script":"<script> [1562 bytes]","args":[{"selector":{"controlType":"sap.m.StandardListItem","viewName":"etm.portal.ui.addressmanagement.view.EditDetail","properties":{"title":"Dr."},"searchOpenDialogs":true},"wdio_ui5_key":"etmportal.ui.addressmanagement.view.EditDetailsap.m.StandardListItem{\"title\":\"Dr.\"}"}]}
RESULT: undefined
COMMAND: POST /session/f66dc8af89e796c2a1bae8c13753431d/element - {"using":"xpath","value":"//*[@id=\"__item225\"]"}
RESULT: {"using":"xpath","value":"//*[@id=\"__item225\"]"}
COMMAND: POST /session/f66dc8af89e796c2a1bae8c13753431d/element/f.84C8CB8F07A11D6CD1349F372DFB42D6.d.E54DCC1B9770562D53A68AF714D3D440.e.436/click - {}
RESULT: {}
COMMAND: POST /session/f66dc8af89e796c2a1bae8c13753431d/execute/async - {"script":"<script> [1562 bytes]","args":[{"selector":{"controlType":"sap.m.Button","viewName":"etm.portal.ui.addressmanagement.view.EditDetail","i18NText":{"propertyName":"text","key":"save"}},"wdio_ui5_key":"etmportal.ui.addressmanagement.view.EditDetailsap.m.Button{\"propertyName\":\"text\",\"key\":\"save\"}"}]}
COMMAND: GET /session/f66dc8af89e796c2a1bae8c13753431d/screenshot - {}
RESULT: {"script":"<script> [1562 bytes]","args":[{"selector":{"controlType":"sap.m.Button","viewName":"etm.portal.ui.addressmanagement.view.EditDetail","i18NText":{"propertyName":"text","key":"save"}},"wdio_ui5_key":"etmportal.ui.addressmanagement.view.EditDetailsap.m.Button{\"propertyName\":\"text\",\"key\":\"save\"}"}]}
RESULT: undefined
COMMAND: POST /session/f66dc8af89e796c2a1bae8c13753431d/element - {"using":"xpath","value":"//*[@id=\"__button39\"]"}
RESULT: {}
RESULT: {"using":"xpath","value":"//*[@id=\"__button39\"]"}
COMMAND: POST /session/f66dc8af89e796c2a1bae8c13753431d/element/f.84C8CB8F07A11D6CD1349F372DFB42D6.d.E54DCC1B9770562D53A68AF714D3D440.e.437/click - {}
RESULT: {}
COMMAND: GET /session/f66dc8af89e796c2a1bae8c13753431d/screenshot - {}
RESULT: {}
COMMAND: POST /session/f66dc8af89e796c2a1bae8c13753431d/element - {"using":"xpath","value":"//span[@id=\"application-addressmanagement-display-component---detailAdm--addressTitle\"]"}
RESULT: {"using":"xpath","value":"//span[@id=\"application-addressmanagement-display-component---detailAdm--addressTitle\"]"}
COMMAND: GET /session/f66dc8af89e796c2a1bae8c13753431d/element/f.84C8CB8F07A11D6CD1349F372DFB42D6.d.E54DCC1B9770562D53A68AF714D3D440.e.449/text - {}
RESULT: {}
COMMAND: POST /session/f66dc8af89e796c2a1bae8c13753431d/element - {"using":"xpath","value":"//span[@id=\"application-addressmanagement-display-component---detailAdm--addressDetailDetailsName1\"]"}
RESULT: {"using":"xpath","value":"//span[@id=\"application-addressmanagement-display-component---detailAdm--addressDetailDetailsName1\"]"}
COMMAND: GET /session/f66dc8af89e796c2a1bae8c13753431d/element/f.84C8CB8F07A11D6CD1349F372DFB42D6.d.E54DCC1B9770562D53A68AF714D3D440.e.388/text - {}
RESULT: {}
COMMAND: POST /session/f66dc8af89e796c2a1bae8c13753431d/refresh - {}
RESULT: {}
COMMAND: GET /session/f66dc8af89e796c2a1bae8c13753431d/screenshot - {}
RESULT: {}
COMMAND: POST /session/f66dc8af89e796c2a1bae8c13753431d/refresh - {}
RESULT: {}
COMMAND: GET /session/f66dc8af89e796c2a1bae8c13753431d/screenshot - {}
RESULT: {}
COMMAND: POST /session/f66dc8af89e796c2a1bae8c13753431d/window/fullscreen - {}
RESULT: {}
COMMAND: POST /session/f66dc8af89e796c2a1bae8c13753431d/execute/async - {"script":"<script> [189 bytes]","args":[]}
RESULT: {"script":"<script> [189 bytes]","args":[]}
COMMAND: POST /session/f66dc8af89e796c2a1bae8c13753431d/execute/async - {"script":"<script> [123 bytes]","args":[]}
RESULT: {"script":"<script> [123 bytes]","args":[]}
COMMAND: POST /session/f66dc8af89e796c2a1bae8c13753431d/timeouts - {"script":"<number>"}
RESULT: {"script":"<number>"}
COMMAND: GET /session/f66dc8af89e796c2a1bae8c13753431d/timeouts - {}
RESULT: {}
RESULT: undefined
COMMAND: POST /session/f66dc8af89e796c2a1bae8c13753431d/execute/async - {"script":"<script> [2676 bytes]","args":[]}
RESULT: {"script":"<script> [2676 bytes]","args":[]}
COMMAND: POST /session/f66dc8af89e796c2a1bae8c13753431d/execute/async - {"script":"<script> [2342 bytes]","args":[{"protocol":"http","hostname":"0.0.0.0","path":"/","capabilities":{"browserName":"chrome","goog:chromeOptions":{"binary":"C:\\Program Files\\Google\\Chrome\\Application\\chrome.exe","args":["--start-maximized"]}},"logLevel":"warn","connectionRetryTimeout":120000,"connectionRetryCount":3,"logLevels":{},"enableDirectConnect":true,"strictSSL":true,"_":"65 more keys: [\"cacheDir\",\"port\",\"requestedCapabilities\",\"automationProtocol\",\"baseUrl\",\"waitforInterval\",\"waitforTimeout\",\"onReload\",\"beforeCommand\",\"afterCommand\",\"rootDir\",\"specs\",\"suites\",\"exclude\",\"groupLogsByTestSpec\",\"excludeDriverLogs\",\"bail\",\"framework\",\"reporters\",\"services\",\"maxInstances\",\"maxInstancesPerCapability\",\"injectGlobals\",\"filesToWatch\",\"execArgv\",\"runnerEnv\",\"runner\",\"shard\",\"specFileRetries\",\"specFileRetriesDelay\",\"specFileRetriesDeferred\",\"reporterSyncInterval\",\"reporterSyncTimeout\",\"cucumberFeaturesWithLineNumbers\",\"autoCompileOpts\",\"mochaOpts\",\"jasmineOpts\",\"cucumberOpts\",\"onPrepare\",\"onWorkerStart\",\"onWorkerEnd\",\"before\",\"beforeSession\",\"beforeSuite\",\"beforeHook\",\"beforeTest\",\"afterTest\",\"afterHook\",\"afterSuite\",\"afterSession\",\"after\",\"onComplete\",\"beforeAssertion\",\"afterAssertion\",\"beforeFeature\",\"beforeScenario\",\"beforeStep\",\"afterStep\",\"afterScenario\",\"afterFeature\",\"_\",\"suite\",\"$0\",\"ignoredWorkerServices\",\"wdi5\"]"}]}
RESULT: {"script":"<script> [2342 bytes]","args":[{"protocol":"http","hostname":"0.0.0.0","path":"/","capabilities":{"browserName":"chrome","goog:chromeOptions":{"binary":"C:\\Program Files\\Google\\Chrome\\Application\\chrome.exe","args":["--start-maximized"]}},"logLevel":"warn","connectionRetryTimeout":120000,"connectionRetryCount":3,"logLevels":{},"enableDirectConnect":true,"strictSSL":true,"_":"65 more keys: [\"cacheDir\",\"port\",\"requestedCapabilities\",\"automationProtocol\",\"baseUrl\",\"waitforInterval\",\"waitforTimeout\",\"onReload\",\"beforeCommand\",\"afterCommand\",\"rootDir\",\"specs\",\"suites\",\"exclude\",\"groupLogsByTestSpec\",\"excludeDriverLogs\",\"bail\",\"framework\",\"reporters\",\"services\",\"maxInstances\",\"maxInstancesPerCapability\",\"injectGlobals\",\"filesToWatch\",\"execArgv\",\"runnerEnv\",\"runner\",\"shard\",\"specFileRetries\",\"specFileRetriesDelay\",\"specFileRetriesDeferred\",\"reporterSyncInterval\",\"reporterSyncTimeout\",\"cucumberFeaturesWithLineNumbers\",\"autoCompileOpts\",\"mochaOpts\",\"jasmineOpts\",\"cucumberOpts\",\"onPrepare\",\"onWorkerStart\",\"onWorkerEnd\",\"before\",\"beforeSession\",\"beforeSuite\",\"beforeHook\",\"beforeTest\",\"afterTest\",\"afterHook\",\"afterSuite\",\"afterSession\",\"after\",\"onComplete\",\"beforeAssertion\",\"afterAssertion\",\"beforeFeature\",\"beforeScenario\",\"beforeStep\",\"afterStep\",\"afterScenario\",\"afterFeature\",\"_\",\"suite\",\"$0\",\"ignoredWorkerServices\",\"wdi5\"]"}]}
COMMAND: POST /session/f66dc8af89e796c2a1bae8c13753431d/execute/async - {"script":"<script> [21126 bytes]","args":[35000]}
RESULT: {"script":"<script> [21126 bytes]","args":[35000]}
COMMAND: POST /session/f66dc8af89e796c2a1bae8c13753431d/element - {"using":"css selector","value":"#shell-header-logo"}
RESULT: {"using":"css selector","value":"#shell-header-logo"}
COMMAND: POST /session/f66dc8af89e796c2a1bae8c13753431d/element/f.84C8CB8F07A11D6CD1349F372DFB42D6.d.B5273F7D2548E9F728D0128201135424.e.672/click - {}
RESULT: {}
COMMAND: GET /session/f66dc8af89e796c2a1bae8c13753431d/screenshot - {}
RESULT: {}
COMMAND: POST /session/f66dc8af89e796c2a1bae8c13753431d/execute/async - {"script":"<script> [1562 bytes]","args":[{"selector":{"controlType":"sap.m.GenericTile","properties":{"header":"Manage Yards"}},"wdio_ui5_key":"sapm.GenericTile{\"header\":\"Manage Yards\"}"}]}
RESULT: {"script":"<script> [1562 bytes]","args":[{"selector":{"controlType":"sap.m.GenericTile","properties":{"header":"Manage Yards"}},"wdio_ui5_key":"sapm.GenericTile{\"header\":\"Manage Yards\"}"}]}
RESULT: undefined
COMMAND: POST /session/f66dc8af89e796c2a1bae8c13753431d/element - {"using":"xpath","value":"//*[@id=\"__tile52\"]"}
RESULT: {"using":"xpath","value":"//*[@id=\"__tile52\"]"}
COMMAND: POST /session/f66dc8af89e796c2a1bae8c13753431d/element/f.84C8CB8F07A11D6CD1349F372DFB42D6.d.B5273F7D2548E9F728D0128201135424.e.925/click - {}
RESULT: {}
COMMAND: GET /session/f66dc8af89e796c2a1bae8c13753431d/screenshot - {}
RESULT: {}
COMMAND: POST /session/f66dc8af89e796c2a1bae8c13753431d/elements - {"using":"xpath","value":"//span[text()='Error']"}
RESULT: {"using":"xpath","value":"//span[text()='Error']"}
]]></system-out>
    </testcase>
  </testsuite>
  <testsuite timestamp="2025-05-28T15:18:23" time="241.621" tests="2" failures="0" errors="0" skipped="0">
    <properties>
      <property name="specId" value="0"/>
      <property name="suiteName" value="Create 2 Yards US112496"/>
      <property name="capabilities" value="chrome.136_0_7103_93.windows"/>
      <property name="file" value="file:///D:/a/1/s/test/specs/R2C/create-yard.spec.js"/>
    </properties>
    <testcase classname="chrome.136_0_7103_93.windows.Create_2_Yards_US112496" name="Should create a new simple yard" time="115.326">
      <system-out><![CDATA[
COMMAND: POST /session/f66dc8af89e796c2a1bae8c13753431d/execute/async - {"script":"<script> [1562 bytes]","args":[{"selector":{"controlType":"sap.ui.core.Icon","viewName":"etm.portal.ui.manageyards.view.Master","viewId":"application-manageyards-display-component---masterYard","properties":{"src":{"regex":{"source":"add"}}}},"wdio_ui5_key":"etmportal.ui.manageyards.view.Mastersap.ui.core.Icon{\"src\":{\"regex\":{\"source\":\"add\"}}}"}]}
RESULT: {"script":"<script> [1562 bytes]","args":[{"selector":{"controlType":"sap.ui.core.Icon","viewName":"etm.portal.ui.manageyards.view.Master","viewId":"application-manageyards-display-component---masterYard","properties":{"src":{"regex":{"source":"add"}}}},"wdio_ui5_key":"etmportal.ui.manageyards.view.Mastersap.ui.core.Icon{\"src\":{\"regex\":{\"source\":\"add\"}}}"}]}
RESULT: undefined
COMMAND: POST /session/f66dc8af89e796c2a1bae8c13753431d/element - {"using":"xpath","value":"//*[@id=\"__button25-img\"]"}
RESULT: {"using":"xpath","value":"//*[@id=\"__button25-img\"]"}
COMMAND: POST /session/f66dc8af89e796c2a1bae8c13753431d/element/f.84C8CB8F07A11D6CD1349F372DFB42D6.d.B5273F7D2548E9F728D0128201135424.e.969/click - {}
RESULT: {}
COMMAND: GET /session/f66dc8af89e796c2a1bae8c13753431d/screenshot - {}
RESULT: {}
COMMAND: POST /session/f66dc8af89e796c2a1bae8c13753431d/execute/async - {"script":"<script> [1562 bytes]","args":[{"selector":{"id":"application-manageyards-display-component---NewYard--yardId","interaction":{"idSuffix":"inner"}},"wdio_ui5_key":"applicationmanageyards-display-component---NewYard--yardId"}]}
RESULT: {"script":"<script> [1562 bytes]","args":[{"selector":{"id":"application-manageyards-display-component---NewYard--yardId","interaction":{"idSuffix":"inner"}},"wdio_ui5_key":"applicationmanageyards-display-component---NewYard--yardId"}]}
RESULT: undefined
COMMAND: POST /session/f66dc8af89e796c2a1bae8c13753431d/element - {"using":"xpath","value":"//*[@id=\"application-manageyards-display-component---NewYard--addressDetailDetailsName1-inner\"]"}
RESULT: {"using":"xpath","value":"//*[@id=\"application-manageyards-display-component---NewYard--addressDetailDetailsName1-inner\"]"}
COMMAND: POST /session/f66dc8af89e796c2a1bae8c13753431d/element/f.84C8CB8F07A11D6CD1349F372DFB42D6.d.B5273F7D2548E9F728D0128201135424.e.1203/clear - {}
RESULT: {}
COMMAND: POST /session/f66dc8af89e796c2a1bae8c13753431d/element/f.84C8CB8F07A11D6CD1349F372DFB42D6.d.B5273F7D2548E9F728D0128201135424.e.1203/value - {"text":"Webdriver Yard yfgbjl"}
COMMAND: GET /session/f66dc8af89e796c2a1bae8c13753431d/screenshot - {}
RESULT: {"text":"Webdriver Yard yfgbjl"}
COMMAND: POST /session/f66dc8af89e796c2a1bae8c13753431d/element - {"using":"xpath","value":"//*[@id=\"application-manageyards-display-component---NewYard--addressDetailDetailsLanguage-inner\"]"}
COMMAND: GET /session/f66dc8af89e796c2a1bae8c13753431d/screenshot - {}
RESULT: {}
RESULT: {"using":"xpath","value":"//*[@id=\"application-manageyards-display-component---NewYard--addressDetailDetailsLanguage-inner\"]"}
COMMAND: POST /session/f66dc8af89e796c2a1bae8c13753431d/element/f.84C8CB8F07A11D6CD1349F372DFB42D6.d.B5273F7D2548E9F728D0128201135424.e.1204/clear - {}
RESULT: {}
RESULT: {}
COMMAND: POST /session/f66dc8af89e796c2a1bae8c13753431d/element/f.84C8CB8F07A11D6CD1349F372DFB42D6.d.B5273F7D2548E9F728D0128201135424.e.1204/value - {"text":"Romanian"}
COMMAND: GET /session/f66dc8af89e796c2a1bae8c13753431d/screenshot - {}
RESULT: {"text":"Romanian"}
COMMAND: GET /session/f66dc8af89e796c2a1bae8c13753431d/screenshot - {}
RESULT: {}
RESULT: {}
COMMAND: POST /session/f66dc8af89e796c2a1bae8c13753431d/element - {"using":"xpath","value":"//*[@id=\"application-manageyards-display-component---NewYard--addressDetailDetailsCity1-inner\"]"}
RESULT: {"using":"xpath","value":"//*[@id=\"application-manageyards-display-component---NewYard--addressDetailDetailsCity1-inner\"]"}
COMMAND: POST /session/f66dc8af89e796c2a1bae8c13753431d/element/f.84C8CB8F07A11D6CD1349F372DFB42D6.d.B5273F7D2548E9F728D0128201135424.e.1206/clear - {}
RESULT: {}
COMMAND: POST /session/f66dc8af89e796c2a1bae8c13753431d/element/f.84C8CB8F07A11D6CD1349F372DFB42D6.d.B5273F7D2548E9F728D0128201135424.e.1206/value - {"text":"Bucuresti"}
COMMAND: GET /session/f66dc8af89e796c2a1bae8c13753431d/screenshot - {}
RESULT: {"text":"Bucuresti"}
COMMAND: GET /session/f66dc8af89e796c2a1bae8c13753431d/screenshot - {}
RESULT: {}
RESULT: {}
COMMAND: POST /session/f66dc8af89e796c2a1bae8c13753431d/element - {"using":"xpath","value":"//*[@id=\"application-manageyards-display-component---NewYard--addressDetailDetailsCountry-inner\"]"}
RESULT: {"using":"xpath","value":"//*[@id=\"application-manageyards-display-component---NewYard--addressDetailDetailsCountry-inner\"]"}
COMMAND: POST /session/f66dc8af89e796c2a1bae8c13753431d/element/f.84C8CB8F07A11D6CD1349F372DFB42D6.d.B5273F7D2548E9F728D0128201135424.e.1210/clear - {}
RESULT: {}
COMMAND: POST /session/f66dc8af89e796c2a1bae8c13753431d/element/f.84C8CB8F07A11D6CD1349F372DFB42D6.d.B5273F7D2548E9F728D0128201135424.e.1210/value - {"text":"Romania"}
COMMAND: GET /session/f66dc8af89e796c2a1bae8c13753431d/screenshot - {}
RESULT: {"text":"Romania"}
COMMAND: GET /session/f66dc8af89e796c2a1bae8c13753431d/screenshot - {}
RESULT: {}
RESULT: {}
COMMAND: POST /session/f66dc8af89e796c2a1bae8c13753431d/element - {"using":"xpath","value":"//div[contains(text(), \"Commercial\")]"}
RESULT: {"using":"xpath","value":"//div[contains(text(), \"Commercial\")]"}
COMMAND: GET /session/f66dc8af89e796c2a1bae8c13753431d/element/f.84C8CB8F07A11D6CD1349F372DFB42D6.d.B5273F7D2548E9F728D0128201135424.e.1399/rect - {}
RESULT: {}
COMMAND: GET /session/f66dc8af89e796c2a1bae8c13753431d/window/rect - {}
RESULT: {}
COMMAND: POST /session/f66dc8af89e796c2a1bae8c13753431d/execute/sync - {"script":"<script> [92 bytes]","args":[]}
RESULT: {"script":"<script> [92 bytes]","args":[]}
COMMAND: POST /session/f66dc8af89e796c2a1bae8c13753431d/actions - {"actions":[{"id":"action2","type":"wheel","parameters":{},"actions":[{"type":"scroll","x":-1825,"y":-44,"deltaX":0,"deltaY":0,"duration":0,"origin":{"element-6066-11e4-a52e-4f735466cecf":"f.84C8CB8F07A11D6CD1349F372DFB42D6.d.B5273F7D2548E9F728D0128201135424.e.1399"}}]}]}
COMMAND: GET /session/f66dc8af89e796c2a1bae8c13753431d/screenshot - {}
RESULT: {}
COMMAND: POST /session/f66dc8af89e796c2a1bae8c13753431d/execute/sync - {"script":"<script> [79 bytes]","args":[{"element-6066-11e4-a52e-4f735466cecf":"f.84C8CB8F07A11D6CD1349F372DFB42D6.d.B5273F7D2548E9F728D0128201135424.e.1399","ELEMENT":"f.84C8CB8F07A11D6CD1349F372DFB42D6.d.B5273F7D2548E9F728D0128201135424.e.1399"},{"block":"start","inline":"nearest"}]}
RESULT: {"script":"<script> [79 bytes]","args":[{"element-6066-11e4-a52e-4f735466cecf":"f.84C8CB8F07A11D6CD1349F372DFB42D6.d.B5273F7D2548E9F728D0128201135424.e.1399","ELEMENT":"f.84C8CB8F07A11D6CD1349F372DFB42D6.d.B5273F7D2548E9F728D0128201135424.e.1399"},{"block":"start","inline":"nearest"}]}
COMMAND: GET /session/f66dc8af89e796c2a1bae8c13753431d/screenshot - {}
RESULT: {}
COMMAND: POST /session/f66dc8af89e796c2a1bae8c13753431d/element - {"using":"xpath","value":"//input[@id='application-manageyards-display-component---NewYard--addressEditDetailsCostObjectCstType-inner']"}
RESULT: {"using":"xpath","value":"//input[@id='application-manageyards-display-component---NewYard--addressEditDetailsCostObjectCstType-inner']"}
COMMAND: POST /session/f66dc8af89e796c2a1bae8c13753431d/execute/sync - {"script":"<script> [8489 bytes]","args":[{"element-6066-11e4-a52e-4f735466cecf":"f.84C8CB8F07A11D6CD1349F372DFB42D6.d.B5273F7D2548E9F728D0128201135424.e.1216","ELEMENT":"f.84C8CB8F07A11D6CD1349F372DFB42D6.d.B5273F7D2548E9F728D0128201135424.e.1216"}]}
RESULT: {"script":"<script> [8489 bytes]","args":[{"element-6066-11e4-a52e-4f735466cecf":"f.84C8CB8F07A11D6CD1349F372DFB42D6.d.B5273F7D2548E9F728D0128201135424.e.1216","ELEMENT":"f.84C8CB8F07A11D6CD1349F372DFB42D6.d.B5273F7D2548E9F728D0128201135424.e.1216"}]}
COMMAND: POST /session/f66dc8af89e796c2a1bae8c13753431d/element/f.84C8CB8F07A11D6CD1349F372DFB42D6.d.B5273F7D2548E9F728D0128201135424.e.1216/clear - {}
COMMAND: GET /session/f66dc8af89e796c2a1bae8c13753431d/screenshot - {}
RESULT: {}
COMMAND: POST /session/f66dc8af89e796c2a1bae8c13753431d/element/f.84C8CB8F07A11D6CD1349F372DFB42D6.d.B5273F7D2548E9F728D0128201135424.e.1216/value - {"text":"Cost"}
COMMAND: GET /session/f66dc8af89e796c2a1bae8c13753431d/screenshot - {}
RESULT: {}
RESULT: {"text":"Cost"}
COMMAND: GET /session/f66dc8af89e796c2a1bae8c13753431d/screenshot - {}
RESULT: {}
RESULT: {}
COMMAND: POST /session/f66dc8af89e796c2a1bae8c13753431d/execute/async - {"script":"<script> [1562 bytes]","args":[{"selector":{"id":"application-manageyards-display-component---NewYard--addressNewCostObjectCstID","interaction":{"idSuffix":"inner"}},"wdio_ui5_key":"applicationmanageyards-display-component---NewYard--addressNewCostObjectCstID"}]}
RESULT: {"script":"<script> [1562 bytes]","args":[{"selector":{"id":"application-manageyards-display-component---NewYard--addressNewCostObjectCstID","interaction":{"idSuffix":"inner"}},"wdio_ui5_key":"applicationmanageyards-display-component---NewYard--addressNewCostObjectCstID"}]}
RESULT: undefined
COMMAND: POST /session/f66dc8af89e796c2a1bae8c13753431d/execute/async - {"script":"<script> [776 bytes]","args":[{"enterText":"10001013","selector":{"id":"application-manageyards-display-component---NewYard--addressNewCostObjectCstID","interaction":{"idSuffix":"inner"}},"clearTextFirst":true,"interactionType":"ENTER_TEXT"}]}
RESULT: {"script":"<script> [776 bytes]","args":[{"enterText":"10001013","selector":{"id":"application-manageyards-display-component---NewYard--addressNewCostObjectCstID","interaction":{"idSuffix":"inner"}},"clearTextFirst":true,"interactionType":"ENTER_TEXT"}]}
COMMAND: POST /session/f66dc8af89e796c2a1bae8c13753431d/actions - {"actions":[{"id":"action3","type":"key","parameters":{},"actions":[{"type":"keyDown","value":""},{"type":"pause","duration":10},{"type":"keyUp","value":""}]}]}
RESULT: {"actions":[{"id":"action3","type":"key","parameters":{},"actions":[{"type":"keyDown","value":""},{"type":"pause","duration":10},{"type":"keyUp","value":""}]}]}
COMMAND: GET /session/f66dc8af89e796c2a1bae8c13753431d/screenshot - {}
RESULT: {}
COMMAND: POST /session/f66dc8af89e796c2a1bae8c13753431d/execute/async - {"script":"<script> [1562 bytes]","args":[{"selector":{"controlType":"sap.m.Button","viewName":"etm.portal.ui.manageyards.view.New","viewId":"application-manageyards-display-component---NewYard","i18NText":{"propertyName":"text","key":"save"},"interaction":{"idSuffix":"inner"}},"wdio_ui5_key":"etmportal.ui.manageyards.view.Newsap.m.Button{\"propertyName\":\"text\",\"key\":\"save\"}"}]}
RESULT: {"script":"<script> [1562 bytes]","args":[{"selector":{"controlType":"sap.m.Button","viewName":"etm.portal.ui.manageyards.view.New","viewId":"application-manageyards-display-component---NewYard","i18NText":{"propertyName":"text","key":"save"},"interaction":{"idSuffix":"inner"}},"wdio_ui5_key":"etmportal.ui.manageyards.view.Newsap.m.Button{\"propertyName\":\"text\",\"key\":\"save\"}"}]}
RESULT: undefined
COMMAND: POST /session/f66dc8af89e796c2a1bae8c13753431d/element - {"using":"xpath","value":"//*[@id=\"__button39\"]"}
RESULT: {"using":"xpath","value":"//*[@id=\"__button39\"]"}
COMMAND: POST /session/f66dc8af89e796c2a1bae8c13753431d/element/f.84C8CB8F07A11D6CD1349F372DFB42D6.d.B5273F7D2548E9F728D0128201135424.e.1380/click - {}
RESULT: {}
COMMAND: GET /session/f66dc8af89e796c2a1bae8c13753431d/screenshot - {}
RESULT: {}
COMMAND: POST /session/f66dc8af89e796c2a1bae8c13753431d/element - {"using":"xpath","value":"//header/div/div/div/div/div/div[2]/div/span"}
RESULT: {"using":"xpath","value":"//header/div/div/div/div/div/div[2]/div/span"}
COMMAND: GET /session/f66dc8af89e796c2a1bae8c13753431d/element/f.84C8CB8F07A11D6CD1349F372DFB42D6.d.B5273F7D2548E9F728D0128201135424.e.1618/text - {}
RESULT: {}
COMMAND: POST /session/f66dc8af89e796c2a1bae8c13753431d/element - {"using":"xpath","value":"//header/div/div[2]/div[2]/span"}
RESULT: {"using":"xpath","value":"//header/div/div[2]/div[2]/span"}
COMMAND: GET /session/f66dc8af89e796c2a1bae8c13753431d/element/f.84C8CB8F07A11D6CD1349F372DFB42D6.d.B5273F7D2548E9F728D0128201135424.e.1619/text - {}
RESULT: {}
COMMAND: POST /session/f66dc8af89e796c2a1bae8c13753431d/execute/async - {"script":"<script> [1562 bytes]","args":[{"selector":{"controlType":"sap.m.OverflowToolbarButton","viewName":"etm.portal.ui.manageyards.view.Detail","viewId":"application-manageyards-display-component---detailYard","i18NText":{"propertyName":"tooltip","key":"closeColumn"},"interaction":{"idSuffix":"inner"}},"wdio_ui5_key":"etmportal.ui.manageyards.view.Detailsap.m.OverflowToolbarButton{\"propertyName\":\"tooltip\",\"key\":\"closeColumn\"}"}]}
RESULT: {"script":"<script> [1562 bytes]","args":[{"selector":{"controlType":"sap.m.OverflowToolbarButton","viewName":"etm.portal.ui.manageyards.view.Detail","viewId":"application-manageyards-display-component---detailYard","i18NText":{"propertyName":"tooltip","key":"closeColumn"},"interaction":{"idSuffix":"inner"}},"wdio_ui5_key":"etmportal.ui.manageyards.view.Detailsap.m.OverflowToolbarButton{\"propertyName\":\"tooltip\",\"key\":\"closeColumn\"}"}]}
RESULT: undefined
COMMAND: POST /session/f66dc8af89e796c2a1bae8c13753431d/element - {"using":"xpath","value":"//*[@id=\"__button62\"]"}
RESULT: {"using":"xpath","value":"//*[@id=\"__button62\"]"}
COMMAND: POST /session/f66dc8af89e796c2a1bae8c13753431d/element/f.84C8CB8F07A11D6CD1349F372DFB42D6.d.B5273F7D2548E9F728D0128201135424.e.1621/click - {}
RESULT: {}
COMMAND: POST /session/f66dc8af89e796c2a1bae8c13753431d/refresh - {}
COMMAND: GET /session/f66dc8af89e796c2a1bae8c13753431d/screenshot - {}
RESULT: {}
COMMAND: GET /session/f66dc8af89e796c2a1bae8c13753431d/screenshot - {}
RESULT: {}
RESULT: {}
COMMAND: POST /session/f66dc8af89e796c2a1bae8c13753431d/refresh - {}
RESULT: {}
COMMAND: GET /session/f66dc8af89e796c2a1bae8c13753431d/screenshot - {}
RESULT: {}
COMMAND: POST /session/f66dc8af89e796c2a1bae8c13753431d/window/fullscreen - {}
RESULT: {}
COMMAND: POST /session/f66dc8af89e796c2a1bae8c13753431d/execute/async - {"script":"<script> [189 bytes]","args":[]}
RESULT: {"script":"<script> [189 bytes]","args":[]}
COMMAND: POST /session/f66dc8af89e796c2a1bae8c13753431d/execute/async - {"script":"<script> [123 bytes]","args":[]}
RESULT: {"script":"<script> [123 bytes]","args":[]}
COMMAND: POST /session/f66dc8af89e796c2a1bae8c13753431d/timeouts - {"script":"<number>"}
RESULT: {"script":"<number>"}
COMMAND: GET /session/f66dc8af89e796c2a1bae8c13753431d/timeouts - {}
RESULT: {}
RESULT: undefined
COMMAND: POST /session/f66dc8af89e796c2a1bae8c13753431d/execute/async - {"script":"<script> [2676 bytes]","args":[]}
RESULT: {"script":"<script> [2676 bytes]","args":[]}
COMMAND: POST /session/f66dc8af89e796c2a1bae8c13753431d/execute/async - {"script":"<script> [2342 bytes]","args":[{"protocol":"http","hostname":"0.0.0.0","path":"/","capabilities":{"browserName":"chrome","goog:chromeOptions":{"binary":"C:\\Program Files\\Google\\Chrome\\Application\\chrome.exe","args":["--start-maximized"]}},"logLevel":"warn","connectionRetryTimeout":120000,"connectionRetryCount":3,"logLevels":{},"enableDirectConnect":true,"strictSSL":true,"_":"65 more keys: [\"cacheDir\",\"port\",\"requestedCapabilities\",\"automationProtocol\",\"baseUrl\",\"waitforInterval\",\"waitforTimeout\",\"onReload\",\"beforeCommand\",\"afterCommand\",\"rootDir\",\"specs\",\"suites\",\"exclude\",\"groupLogsByTestSpec\",\"excludeDriverLogs\",\"bail\",\"framework\",\"reporters\",\"services\",\"maxInstances\",\"maxInstancesPerCapability\",\"injectGlobals\",\"filesToWatch\",\"execArgv\",\"runnerEnv\",\"runner\",\"shard\",\"specFileRetries\",\"specFileRetriesDelay\",\"specFileRetriesDeferred\",\"reporterSyncInterval\",\"reporterSyncTimeout\",\"cucumberFeaturesWithLineNumbers\",\"autoCompileOpts\",\"mochaOpts\",\"jasmineOpts\",\"cucumberOpts\",\"onPrepare\",\"onWorkerStart\",\"onWorkerEnd\",\"before\",\"beforeSession\",\"beforeSuite\",\"beforeHook\",\"beforeTest\",\"afterTest\",\"afterHook\",\"afterSuite\",\"afterSession\",\"after\",\"onComplete\",\"beforeAssertion\",\"afterAssertion\",\"beforeFeature\",\"beforeScenario\",\"beforeStep\",\"afterStep\",\"afterScenario\",\"afterFeature\",\"_\",\"suite\",\"$0\",\"ignoredWorkerServices\",\"wdi5\"]"}]}
RESULT: {"script":"<script> [2342 bytes]","args":[{"protocol":"http","hostname":"0.0.0.0","path":"/","capabilities":{"browserName":"chrome","goog:chromeOptions":{"binary":"C:\\Program Files\\Google\\Chrome\\Application\\chrome.exe","args":["--start-maximized"]}},"logLevel":"warn","connectionRetryTimeout":120000,"connectionRetryCount":3,"logLevels":{},"enableDirectConnect":true,"strictSSL":true,"_":"65 more keys: [\"cacheDir\",\"port\",\"requestedCapabilities\",\"automationProtocol\",\"baseUrl\",\"waitforInterval\",\"waitforTimeout\",\"onReload\",\"beforeCommand\",\"afterCommand\",\"rootDir\",\"specs\",\"suites\",\"exclude\",\"groupLogsByTestSpec\",\"excludeDriverLogs\",\"bail\",\"framework\",\"reporters\",\"services\",\"maxInstances\",\"maxInstancesPerCapability\",\"injectGlobals\",\"filesToWatch\",\"execArgv\",\"runnerEnv\",\"runner\",\"shard\",\"specFileRetries\",\"specFileRetriesDelay\",\"specFileRetriesDeferred\",\"reporterSyncInterval\",\"reporterSyncTimeout\",\"cucumberFeaturesWithLineNumbers\",\"autoCompileOpts\",\"mochaOpts\",\"jasmineOpts\",\"cucumberOpts\",\"onPrepare\",\"onWorkerStart\",\"onWorkerEnd\",\"before\",\"beforeSession\",\"beforeSuite\",\"beforeHook\",\"beforeTest\",\"afterTest\",\"afterHook\",\"afterSuite\",\"afterSession\",\"after\",\"onComplete\",\"beforeAssertion\",\"afterAssertion\",\"beforeFeature\",\"beforeScenario\",\"beforeStep\",\"afterStep\",\"afterScenario\",\"afterFeature\",\"_\",\"suite\",\"$0\",\"ignoredWorkerServices\",\"wdi5\"]"}]}
COMMAND: POST /session/f66dc8af89e796c2a1bae8c13753431d/execute/async - {"script":"<script> [21126 bytes]","args":[35000]}
RESULT: {"script":"<script> [21126 bytes]","args":[35000]}
]]></system-out>
    </testcase>
    <testcase classname="chrome.136_0_7103_93.windows.Create_2_Yards_US112496" name="Should create a WHM yard" time="66.342">
      <system-out><![CDATA[
COMMAND: POST /session/f66dc8af89e796c2a1bae8c13753431d/execute/async - {"script":"<script> [1562 bytes]","args":[{"selector":{"controlType":"sap.ui.core.Icon","viewName":"etm.portal.ui.manageyards.view.Master","viewId":"application-manageyards-display-component---masterYard","properties":{"src":{"regex":{"source":"add"}}}},"wdio_ui5_key":"etmportal.ui.manageyards.view.Mastersap.ui.core.Icon{\"src\":{\"regex\":{\"source\":\"add\"}}}"}]}
RESULT: {"script":"<script> [1562 bytes]","args":[{"selector":{"controlType":"sap.ui.core.Icon","viewName":"etm.portal.ui.manageyards.view.Master","viewId":"application-manageyards-display-component---masterYard","properties":{"src":{"regex":{"source":"add"}}}},"wdio_ui5_key":"etmportal.ui.manageyards.view.Mastersap.ui.core.Icon{\"src\":{\"regex\":{\"source\":\"add\"}}}"}]}
RESULT: undefined
COMMAND: POST /session/f66dc8af89e796c2a1bae8c13753431d/element - {"using":"xpath","value":"//*[@id=\"__button9-img\"]"}
RESULT: {"using":"xpath","value":"//*[@id=\"__button9-img\"]"}
COMMAND: POST /session/f66dc8af89e796c2a1bae8c13753431d/element/f.84C8CB8F07A11D6CD1349F372DFB42D6.d.25D90769A166A2E5734BF84E2988D074.e.2455/click - {}
RESULT: {}
COMMAND: GET /session/f66dc8af89e796c2a1bae8c13753431d/screenshot - {}
RESULT: {}
COMMAND: POST /session/f66dc8af89e796c2a1bae8c13753431d/execute/async - {"script":"<script> [1562 bytes]","args":[{"selector":{"id":"application-manageyards-display-component---NewYard--yardId","interaction":{"idSuffix":"inner"}},"wdio_ui5_key":"applicationmanageyards-display-component---NewYard--yardId"}]}
RESULT: {"script":"<script> [1562 bytes]","args":[{"selector":{"id":"application-manageyards-display-component---NewYard--yardId","interaction":{"idSuffix":"inner"}},"wdio_ui5_key":"applicationmanageyards-display-component---NewYard--yardId"}]}
RESULT: undefined
COMMAND: POST /session/f66dc8af89e796c2a1bae8c13753431d/element - {"using":"xpath","value":"//*[@id=\"application-manageyards-display-component---NewYard--addressDetailDetailsName1-inner\"]"}
RESULT: {"using":"xpath","value":"//*[@id=\"application-manageyards-display-component---NewYard--addressDetailDetailsName1-inner\"]"}
COMMAND: POST /session/f66dc8af89e796c2a1bae8c13753431d/element/f.84C8CB8F07A11D6CD1349F372DFB42D6.d.25D90769A166A2E5734BF84E2988D074.e.2626/clear - {}
RESULT: {}
COMMAND: POST /session/f66dc8af89e796c2a1bae8c13753431d/element/f.84C8CB8F07A11D6CD1349F372DFB42D6.d.25D90769A166A2E5734BF84E2988D074.e.2626/value - {"text":"Webdriver WHM Yard ndvb5"}
COMMAND: GET /session/f66dc8af89e796c2a1bae8c13753431d/screenshot - {}
RESULT: {"text":"Webdriver WHM Yard ndvb5"}
COMMAND: POST /session/f66dc8af89e796c2a1bae8c13753431d/element - {"using":"xpath","value":"//*[@id=\"application-manageyards-display-component---NewYard--addressDetailDetailsLanguage-inner\"]"}
COMMAND: GET /session/f66dc8af89e796c2a1bae8c13753431d/screenshot - {}
RESULT: {}
RESULT: {"using":"xpath","value":"//*[@id=\"application-manageyards-display-component---NewYard--addressDetailDetailsLanguage-inner\"]"}
COMMAND: POST /session/f66dc8af89e796c2a1bae8c13753431d/element/f.84C8CB8F07A11D6CD1349F372DFB42D6.d.25D90769A166A2E5734BF84E2988D074.e.2627/clear - {}
RESULT: {}
RESULT: {}
COMMAND: POST /session/f66dc8af89e796c2a1bae8c13753431d/element/f.84C8CB8F07A11D6CD1349F372DFB42D6.d.25D90769A166A2E5734BF84E2988D074.e.2627/value - {"text":"Romanian"}
COMMAND: GET /session/f66dc8af89e796c2a1bae8c13753431d/screenshot - {}
RESULT: {"text":"Romanian"}
COMMAND: GET /session/f66dc8af89e796c2a1bae8c13753431d/screenshot - {}
RESULT: {}
RESULT: {}
COMMAND: POST /session/f66dc8af89e796c2a1bae8c13753431d/element - {"using":"xpath","value":"//*[@id=\"application-manageyards-display-component---NewYard--addressDetailDetailsCity1-inner\"]"}
RESULT: {"using":"xpath","value":"//*[@id=\"application-manageyards-display-component---NewYard--addressDetailDetailsCity1-inner\"]"}
COMMAND: POST /session/f66dc8af89e796c2a1bae8c13753431d/element/f.84C8CB8F07A11D6CD1349F372DFB42D6.d.25D90769A166A2E5734BF84E2988D074.e.2629/clear - {}
RESULT: {}
COMMAND: POST /session/f66dc8af89e796c2a1bae8c13753431d/element/f.84C8CB8F07A11D6CD1349F372DFB42D6.d.25D90769A166A2E5734BF84E2988D074.e.2629/value - {"text":"Bucuresti"}
COMMAND: GET /session/f66dc8af89e796c2a1bae8c13753431d/screenshot - {}
RESULT: {"text":"Bucuresti"}
COMMAND: GET /session/f66dc8af89e796c2a1bae8c13753431d/screenshot - {}
RESULT: {}
RESULT: {}
COMMAND: POST /session/f66dc8af89e796c2a1bae8c13753431d/element - {"using":"xpath","value":"//*[@id=\"application-manageyards-display-component---NewYard--addressDetailDetailsCountry-inner\"]"}
RESULT: {"using":"xpath","value":"//*[@id=\"application-manageyards-display-component---NewYard--addressDetailDetailsCountry-inner\"]"}
COMMAND: POST /session/f66dc8af89e796c2a1bae8c13753431d/element/f.84C8CB8F07A11D6CD1349F372DFB42D6.d.25D90769A166A2E5734BF84E2988D074.e.2633/clear - {}
RESULT: {}
COMMAND: POST /session/f66dc8af89e796c2a1bae8c13753431d/element/f.84C8CB8F07A11D6CD1349F372DFB42D6.d.25D90769A166A2E5734BF84E2988D074.e.2633/value - {"text":"Romania"}
COMMAND: GET /session/f66dc8af89e796c2a1bae8c13753431d/screenshot - {}
RESULT: {"text":"Romania"}
COMMAND: GET /session/f66dc8af89e796c2a1bae8c13753431d/screenshot - {}
RESULT: {}
RESULT: {}
COMMAND: POST /session/f66dc8af89e796c2a1bae8c13753431d/execute/async - {"script":"<script> [1562 bytes]","args":[{"selector":{"controlType":"sap.m.Button","viewName":"etm.portal.ui.manageyards.view.New","viewId":"application-manageyards-display-component---NewYard","properties":{"text":"Commercial"},"interaction":{"idSuffix":"BDI-content"}},"wdio_ui5_key":"etmportal.ui.manageyards.view.Newsap.m.Button{\"text\":\"Commercial\"}"}]}
RESULT: {"script":"<script> [1562 bytes]","args":[{"selector":{"controlType":"sap.m.Button","viewName":"etm.portal.ui.manageyards.view.New","viewId":"application-manageyards-display-component---NewYard","properties":{"text":"Commercial"},"interaction":{"idSuffix":"BDI-content"}},"wdio_ui5_key":"etmportal.ui.manageyards.view.Newsap.m.Button{\"text\":\"Commercial\"}"}]}
RESULT: undefined
COMMAND: POST /session/f66dc8af89e796c2a1bae8c13753431d/element - {"using":"xpath","value":"//*[@id=\"application-manageyards-display-component---NewYard--ObjectPageLayout-anchBar-__section18-anchor\"]"}
RESULT: {"using":"xpath","value":"//*[@id=\"application-manageyards-display-component---NewYard--ObjectPageLayout-anchBar-__section18-anchor\"]"}
COMMAND: POST /session/f66dc8af89e796c2a1bae8c13753431d/element/f.84C8CB8F07A11D6CD1349F372DFB42D6.d.25D90769A166A2E5734BF84E2988D074.e.2778/click - {}
RESULT: {}
COMMAND: GET /session/f66dc8af89e796c2a1bae8c13753431d/screenshot - {}
RESULT: {}
COMMAND: POST /session/f66dc8af89e796c2a1bae8c13753431d/element - {"using":"xpath","value":"//input[@id='application-manageyards-display-component---NewYard--addressEditDetailsCostObjectCstType-inner']"}
RESULT: {"using":"xpath","value":"//input[@id='application-manageyards-display-component---NewYard--addressEditDetailsCostObjectCstType-inner']"}
COMMAND: POST /session/f66dc8af89e796c2a1bae8c13753431d/execute/sync - {"script":"<script> [8489 bytes]","args":[{"element-6066-11e4-a52e-4f735466cecf":"f.84C8CB8F07A11D6CD1349F372DFB42D6.d.25D90769A166A2E5734BF84E2988D074.e.2639","ELEMENT":"f.84C8CB8F07A11D6CD1349F372DFB42D6.d.25D90769A166A2E5734BF84E2988D074.e.2639"}]}
RESULT: {"script":"<script> [8489 bytes]","args":[{"element-6066-11e4-a52e-4f735466cecf":"f.84C8CB8F07A11D6CD1349F372DFB42D6.d.25D90769A166A2E5734BF84E2988D074.e.2639","ELEMENT":"f.84C8CB8F07A11D6CD1349F372DFB42D6.d.25D90769A166A2E5734BF84E2988D074.e.2639"}]}
COMMAND: POST /session/f66dc8af89e796c2a1bae8c13753431d/element/f.84C8CB8F07A11D6CD1349F372DFB42D6.d.25D90769A166A2E5734BF84E2988D074.e.2639/clear - {}
COMMAND: GET /session/f66dc8af89e796c2a1bae8c13753431d/screenshot - {}
RESULT: {}
COMMAND: POST /session/f66dc8af89e796c2a1bae8c13753431d/element/f.84C8CB8F07A11D6CD1349F372DFB42D6.d.25D90769A166A2E5734BF84E2988D074.e.2639/value - {"text":"Cost"}
COMMAND: GET /session/f66dc8af89e796c2a1bae8c13753431d/screenshot - {}
RESULT: {}
RESULT: {"text":"Cost"}
COMMAND: GET /session/f66dc8af89e796c2a1bae8c13753431d/screenshot - {}
RESULT: {}
RESULT: {}
COMMAND: POST /session/f66dc8af89e796c2a1bae8c13753431d/execute/async - {"script":"<script> [1562 bytes]","args":[{"selector":{"id":"application-manageyards-display-component---NewYard--addressNewCostObjectCstID","interaction":{"idSuffix":"inner"}},"wdio_ui5_key":"applicationmanageyards-display-component---NewYard--addressNewCostObjectCstID"}]}
RESULT: {"script":"<script> [1562 bytes]","args":[{"selector":{"id":"application-manageyards-display-component---NewYard--addressNewCostObjectCstID","interaction":{"idSuffix":"inner"}},"wdio_ui5_key":"applicationmanageyards-display-component---NewYard--addressNewCostObjectCstID"}]}
RESULT: undefined
COMMAND: POST /session/f66dc8af89e796c2a1bae8c13753431d/execute/async - {"script":"<script> [776 bytes]","args":[{"enterText":"10001013","selector":{"id":"application-manageyards-display-component---NewYard--addressNewCostObjectCstID","interaction":{"idSuffix":"inner"}},"clearTextFirst":true,"interactionType":"ENTER_TEXT"}]}
RESULT: {"script":"<script> [776 bytes]","args":[{"enterText":"10001013","selector":{"id":"application-manageyards-display-component---NewYard--addressNewCostObjectCstID","interaction":{"idSuffix":"inner"}},"clearTextFirst":true,"interactionType":"ENTER_TEXT"}]}
COMMAND: POST /session/f66dc8af89e796c2a1bae8c13753431d/actions - {"actions":[{"id":"action4","type":"key","parameters":{},"actions":[{"type":"keyDown","value":""},{"type":"pause","duration":10},{"type":"keyUp","value":""}]}]}
RESULT: {"actions":[{"id":"action4","type":"key","parameters":{},"actions":[{"type":"keyDown","value":""},{"type":"pause","duration":10},{"type":"keyUp","value":""}]}]}
COMMAND: POST /session/f66dc8af89e796c2a1bae8c13753431d/execute/async - {"script":"<script> [1562 bytes]","args":[{"selector":{"id":"application-manageyards-display-component---NewYard--addressEditDetailsCurrency","interaction":{"idSuffix":"inner"}},"wdio_ui5_key":"applicationmanageyards-display-component---NewYard--addressEditDetailsCurrency"}]}
COMMAND: GET /session/f66dc8af89e796c2a1bae8c13753431d/screenshot - {}
RESULT: {"script":"<script> [1562 bytes]","args":[{"selector":{"id":"application-manageyards-display-component---NewYard--addressEditDetailsCurrency","interaction":{"idSuffix":"inner"}},"wdio_ui5_key":"applicationmanageyards-display-component---NewYard--addressEditDetailsCurrency"}]}
RESULT: undefined
COMMAND: POST /session/f66dc8af89e796c2a1bae8c13753431d/execute/async - {"script":"<script> [776 bytes]","args":[{"enterText":"Euro","selector":{"id":"application-manageyards-display-component---NewYard--addressEditDetailsCurrency","interaction":{"idSuffix":"inner"}},"clearTextFirst":true,"interactionType":"ENTER_TEXT"}]}
RESULT: {}
RESULT: {"script":"<script> [776 bytes]","args":[{"enterText":"Euro","selector":{"id":"application-manageyards-display-component---NewYard--addressEditDetailsCurrency","interaction":{"idSuffix":"inner"}},"clearTextFirst":true,"interactionType":"ENTER_TEXT"}]}
COMMAND: POST /session/f66dc8af89e796c2a1bae8c13753431d/execute/async - {"script":"<script> [1562 bytes]","args":[{"selector":{"controlType":"sap.m.Input","viewName":"etm.portal.ui.manageyards.view.New","viewId":"application-manageyards-display-component---NewYard","bindingPath":{"path":"","propertyPath":"/CONTROLLING_AREA","modelName":"NewYardModel"},"interaction":{"idSuffix":"inner"}},"wdio_ui5_key":"etmportal.ui.manageyards.view.Newsap.m.Input{\"path\":\"\",\"propertyPath\":\"/CONTROLLING_AREA\",\"modelName\":\"NewYardModel\"}"}]}
RESULT: {"script":"<script> [1562 bytes]","args":[{"selector":{"controlType":"sap.m.Input","viewName":"etm.portal.ui.manageyards.view.New","viewId":"application-manageyards-display-component---NewYard","bindingPath":{"path":"","propertyPath":"/CONTROLLING_AREA","modelName":"NewYardModel"},"interaction":{"idSuffix":"inner"}},"wdio_ui5_key":"etmportal.ui.manageyards.view.Newsap.m.Input{\"path\":\"\",\"propertyPath\":\"/CONTROLLING_AREA\",\"modelName\":\"NewYardModel\"}"}]}
RESULT: undefined
COMMAND: POST /session/f66dc8af89e796c2a1bae8c13753431d/execute/async - {"script":"<script> [776 bytes]","args":[{"enterText":"Z001","selector":{"controlType":"sap.m.Input","viewName":"etm.portal.ui.manageyards.view.New","viewId":"application-manageyards-display-component---NewYard","bindingPath":{"path":"","propertyPath":"/CONTROLLING_AREA","modelName":"NewYardModel"},"interaction":{"idSuffix":"inner"}},"clearTextFirst":true,"interactionType":"ENTER_TEXT"}]}
RESULT: {"script":"<script> [776 bytes]","args":[{"enterText":"Z001","selector":{"controlType":"sap.m.Input","viewName":"etm.portal.ui.manageyards.view.New","viewId":"application-manageyards-display-component---NewYard","bindingPath":{"path":"","propertyPath":"/CONTROLLING_AREA","modelName":"NewYardModel"},"interaction":{"idSuffix":"inner"}},"clearTextFirst":true,"interactionType":"ENTER_TEXT"}]}
COMMAND: POST /session/f66dc8af89e796c2a1bae8c13753431d/execute/async - {"script":"<script> [1562 bytes]","args":[{"selector":{"id":"application-manageyards-display-component---NewYard--companyCodeComboBox","interaction":{"idSuffix":"inner"}},"wdio_ui5_key":"applicationmanageyards-display-component---NewYard--companyCodeComboBox"}]}
RESULT: {"script":"<script> [1562 bytes]","args":[{"selector":{"id":"application-manageyards-display-component---NewYard--companyCodeComboBox","interaction":{"idSuffix":"inner"}},"wdio_ui5_key":"applicationmanageyards-display-component---NewYard--companyCodeComboBox"}]}
RESULT: undefined
COMMAND: POST /session/f66dc8af89e796c2a1bae8c13753431d/execute/async - {"script":"<script> [776 bytes]","args":[{"enterText":"1000","selector":{"id":"application-manageyards-display-component---NewYard--companyCodeComboBox","interaction":{"idSuffix":"inner"}},"clearTextFirst":true,"interactionType":"ENTER_TEXT"}]}
RESULT: {"script":"<script> [776 bytes]","args":[{"enterText":"1000","selector":{"id":"application-manageyards-display-component---NewYard--companyCodeComboBox","interaction":{"idSuffix":"inner"}},"clearTextFirst":true,"interactionType":"ENTER_TEXT"}]}
COMMAND: POST /session/f66dc8af89e796c2a1bae8c13753431d/actions - {"actions":[{"id":"action5","type":"key","parameters":{},"actions":[{"type":"keyDown","value":""},{"type":"pause","duration":10},{"type":"keyUp","value":""}]}]}
RESULT: {"actions":[{"id":"action5","type":"key","parameters":{},"actions":[{"type":"keyDown","value":""},{"type":"pause","duration":10},{"type":"keyUp","value":""}]}]}
COMMAND: POST /session/f66dc8af89e796c2a1bae8c13753431d/execute/async - {"script":"<script> [1562 bytes]","args":[{"selector":{"controlType":"sap.m.Input","viewName":"etm.portal.ui.manageyards.view.New","viewId":"application-manageyards-display-component---NewYard","bindingPath":{"path":"","propertyPath":"/PLANT","modelName":"NewYardModel"},"interaction":{"idSuffix":"inner"}},"wdio_ui5_key":"etmportal.ui.manageyards.view.Newsap.m.Input{\"path\":\"\",\"propertyPath\":\"/PLANT\",\"modelName\":\"NewYardModel\"}"}]}
COMMAND: GET /session/f66dc8af89e796c2a1bae8c13753431d/screenshot - {}
RESULT: {"script":"<script> [1562 bytes]","args":[{"selector":{"controlType":"sap.m.Input","viewName":"etm.portal.ui.manageyards.view.New","viewId":"application-manageyards-display-component---NewYard","bindingPath":{"path":"","propertyPath":"/PLANT","modelName":"NewYardModel"},"interaction":{"idSuffix":"inner"}},"wdio_ui5_key":"etmportal.ui.manageyards.view.Newsap.m.Input{\"path\":\"\",\"propertyPath\":\"/PLANT\",\"modelName\":\"NewYardModel\"}"}]}
RESULT: undefined
COMMAND: POST /session/f66dc8af89e796c2a1bae8c13753431d/execute/async - {"script":"<script> [776 bytes]","args":[{"enterText":"1001","selector":{"controlType":"sap.m.Input","viewName":"etm.portal.ui.manageyards.view.New","viewId":"application-manageyards-display-component---NewYard","bindingPath":{"path":"","propertyPath":"/PLANT","modelName":"NewYardModel"},"interaction":{"idSuffix":"inner"}},"clearTextFirst":true,"interactionType":"ENTER_TEXT"}]}
RESULT: {}
RESULT: {"script":"<script> [776 bytes]","args":[{"enterText":"1001","selector":{"controlType":"sap.m.Input","viewName":"etm.portal.ui.manageyards.view.New","viewId":"application-manageyards-display-component---NewYard","bindingPath":{"path":"","propertyPath":"/PLANT","modelName":"NewYardModel"},"interaction":{"idSuffix":"inner"}},"clearTextFirst":true,"interactionType":"ENTER_TEXT"}]}
COMMAND: POST /session/f66dc8af89e796c2a1bae8c13753431d/execute/async - {"script":"<script> [1562 bytes]","args":[{"selector":{"controlType":"sap.m.Input","viewName":"etm.portal.ui.manageyards.view.New","viewId":"application-manageyards-display-component---NewYard","bindingPath":{"path":"","propertyPath":"/SALES_AREA_VKORG","modelName":"NewYardModel"},"interaction":{"idSuffix":"inner"}},"wdio_ui5_key":"etmportal.ui.manageyards.view.Newsap.m.Input{\"path\":\"\",\"propertyPath\":\"/SALES_AREA_VKORG\",\"modelName\":\"NewYardModel\"}"}]}
RESULT: {"script":"<script> [1562 bytes]","args":[{"selector":{"controlType":"sap.m.Input","viewName":"etm.portal.ui.manageyards.view.New","viewId":"application-manageyards-display-component---NewYard","bindingPath":{"path":"","propertyPath":"/SALES_AREA_VKORG","modelName":"NewYardModel"},"interaction":{"idSuffix":"inner"}},"wdio_ui5_key":"etmportal.ui.manageyards.view.Newsap.m.Input{\"path\":\"\",\"propertyPath\":\"/SALES_AREA_VKORG\",\"modelName\":\"NewYardModel\"}"}]}
RESULT: undefined
COMMAND: POST /session/f66dc8af89e796c2a1bae8c13753431d/execute/async - {"script":"<script> [776 bytes]","args":[{"enterText":"C002","selector":{"controlType":"sap.m.Input","viewName":"etm.portal.ui.manageyards.view.New","viewId":"application-manageyards-display-component---NewYard","bindingPath":{"path":"","propertyPath":"/SALES_AREA_VKORG","modelName":"NewYardModel"},"interaction":{"idSuffix":"inner"}},"clearTextFirst":true,"interactionType":"ENTER_TEXT"}]}
RESULT: {"script":"<script> [776 bytes]","args":[{"enterText":"C002","selector":{"controlType":"sap.m.Input","viewName":"etm.portal.ui.manageyards.view.New","viewId":"application-manageyards-display-component---NewYard","bindingPath":{"path":"","propertyPath":"/SALES_AREA_VKORG","modelName":"NewYardModel"},"interaction":{"idSuffix":"inner"}},"clearTextFirst":true,"interactionType":"ENTER_TEXT"}]}
COMMAND: POST /session/f66dc8af89e796c2a1bae8c13753431d/execute/async - {"script":"<script> [1562 bytes]","args":[{"selector":{"controlType":"sap.m.Input","viewName":"etm.portal.ui.manageyards.view.New","viewId":"application-manageyards-display-component---NewYard","bindingPath":{"path":"","propertyPath":"/SALES_AREA_VTWEG","modelName":"NewYardModel"},"interaction":{"idSuffix":"inner"}},"wdio_ui5_key":"etmportal.ui.manageyards.view.Newsap.m.Input{\"path\":\"\",\"propertyPath\":\"/SALES_AREA_VTWEG\",\"modelName\":\"NewYardModel\"}"}]}
RESULT: {"script":"<script> [1562 bytes]","args":[{"selector":{"controlType":"sap.m.Input","viewName":"etm.portal.ui.manageyards.view.New","viewId":"application-manageyards-display-component---NewYard","bindingPath":{"path":"","propertyPath":"/SALES_AREA_VTWEG","modelName":"NewYardModel"},"interaction":{"idSuffix":"inner"}},"wdio_ui5_key":"etmportal.ui.manageyards.view.Newsap.m.Input{\"path\":\"\",\"propertyPath\":\"/SALES_AREA_VTWEG\",\"modelName\":\"NewYardModel\"}"}]}
RESULT: undefined
COMMAND: POST /session/f66dc8af89e796c2a1bae8c13753431d/execute/async - {"script":"<script> [776 bytes]","args":[{"enterText":"C2","selector":{"controlType":"sap.m.Input","viewName":"etm.portal.ui.manageyards.view.New","viewId":"application-manageyards-display-component---NewYard","bindingPath":{"path":"","propertyPath":"/SALES_AREA_VTWEG","modelName":"NewYardModel"},"interaction":{"idSuffix":"inner"}},"clearTextFirst":true,"interactionType":"ENTER_TEXT"}]}
RESULT: {"script":"<script> [776 bytes]","args":[{"enterText":"C2","selector":{"controlType":"sap.m.Input","viewName":"etm.portal.ui.manageyards.view.New","viewId":"application-manageyards-display-component---NewYard","bindingPath":{"path":"","propertyPath":"/SALES_AREA_VTWEG","modelName":"NewYardModel"},"interaction":{"idSuffix":"inner"}},"clearTextFirst":true,"interactionType":"ENTER_TEXT"}]}
COMMAND: POST /session/f66dc8af89e796c2a1bae8c13753431d/execute/async - {"script":"<script> [1562 bytes]","args":[{"selector":{"controlType":"sap.m.Input","viewName":"etm.portal.ui.manageyards.view.New","viewId":"application-manageyards-display-component---NewYard","bindingPath":{"path":"","propertyPath":"/SALES_AREA_SPART","modelName":"NewYardModel"},"interaction":{"idSuffix":"inner"}},"wdio_ui5_key":"etmportal.ui.manageyards.view.Newsap.m.Input{\"path\":\"\",\"propertyPath\":\"/SALES_AREA_SPART\",\"modelName\":\"NewYardModel\"}"}]}
RESULT: {"script":"<script> [1562 bytes]","args":[{"selector":{"controlType":"sap.m.Input","viewName":"etm.portal.ui.manageyards.view.New","viewId":"application-manageyards-display-component---NewYard","bindingPath":{"path":"","propertyPath":"/SALES_AREA_SPART","modelName":"NewYardModel"},"interaction":{"idSuffix":"inner"}},"wdio_ui5_key":"etmportal.ui.manageyards.view.Newsap.m.Input{\"path\":\"\",\"propertyPath\":\"/SALES_AREA_SPART\",\"modelName\":\"NewYardModel\"}"}]}
RESULT: undefined
COMMAND: POST /session/f66dc8af89e796c2a1bae8c13753431d/execute/async - {"script":"<script> [776 bytes]","args":[{"enterText":"C2","selector":{"controlType":"sap.m.Input","viewName":"etm.portal.ui.manageyards.view.New","viewId":"application-manageyards-display-component---NewYard","bindingPath":{"path":"","propertyPath":"/SALES_AREA_SPART","modelName":"NewYardModel"},"interaction":{"idSuffix":"inner"}},"clearTextFirst":true,"interactionType":"ENTER_TEXT"}]}
RESULT: {"script":"<script> [776 bytes]","args":[{"enterText":"C2","selector":{"controlType":"sap.m.Input","viewName":"etm.portal.ui.manageyards.view.New","viewId":"application-manageyards-display-component---NewYard","bindingPath":{"path":"","propertyPath":"/SALES_AREA_SPART","modelName":"NewYardModel"},"interaction":{"idSuffix":"inner"}},"clearTextFirst":true,"interactionType":"ENTER_TEXT"}]}
COMMAND: POST /session/f66dc8af89e796c2a1bae8c13753431d/execute/async - {"script":"<script> [1562 bytes]","args":[{"selector":{"id":"application-manageyards-display-component---NewYard--whmCheckBox","interaction":{"idSuffix":"CbBg"}},"wdio_ui5_key":"applicationmanageyards-display-component---NewYard--whmCheckBox"}]}
RESULT: {"script":"<script> [1562 bytes]","args":[{"selector":{"id":"application-manageyards-display-component---NewYard--whmCheckBox","interaction":{"idSuffix":"CbBg"}},"wdio_ui5_key":"applicationmanageyards-display-component---NewYard--whmCheckBox"}]}
RESULT: undefined
COMMAND: POST /session/f66dc8af89e796c2a1bae8c13753431d/element - {"using":"xpath","value":"//*[@id=\"application-manageyards-display-component---NewYard--whmCheckBox\"]"}
RESULT: {"using":"xpath","value":"//*[@id=\"application-manageyards-display-component---NewYard--whmCheckBox\"]"}
COMMAND: POST /session/f66dc8af89e796c2a1bae8c13753431d/element/f.84C8CB8F07A11D6CD1349F372DFB42D6.d.25D90769A166A2E5734BF84E2988D074.e.2803/click - {}
RESULT: {}
COMMAND: POST /session/f66dc8af89e796c2a1bae8c13753431d/execute/async - {"script":"<script> [1562 bytes]","args":[{"selector":{"controlType":"sap.m.Button","viewName":"etm.portal.ui.manageyards.view.New","viewId":"application-manageyards-display-component---NewYard","i18NText":{"propertyName":"text","key":"save"},"interaction":{"idSuffix":"inner"}},"wdio_ui5_key":"etmportal.ui.manageyards.view.Newsap.m.Button{\"propertyName\":\"text\",\"key\":\"save\"}"}]}
COMMAND: GET /session/f66dc8af89e796c2a1bae8c13753431d/screenshot - {}
RESULT: {"script":"<script> [1562 bytes]","args":[{"selector":{"controlType":"sap.m.Button","viewName":"etm.portal.ui.manageyards.view.New","viewId":"application-manageyards-display-component---NewYard","i18NText":{"propertyName":"text","key":"save"},"interaction":{"idSuffix":"inner"}},"wdio_ui5_key":"etmportal.ui.manageyards.view.Newsap.m.Button{\"propertyName\":\"text\",\"key\":\"save\"}"}]}
RESULT: undefined
COMMAND: POST /session/f66dc8af89e796c2a1bae8c13753431d/element - {"using":"xpath","value":"//*[@id=\"__button43\"]"}
RESULT: {}
RESULT: {"using":"xpath","value":"//*[@id=\"__button43\"]"}
COMMAND: POST /session/f66dc8af89e796c2a1bae8c13753431d/element/f.84C8CB8F07A11D6CD1349F372DFB42D6.d.25D90769A166A2E5734BF84E2988D074.e.2763/click - {}
RESULT: {}
COMMAND: GET /session/f66dc8af89e796c2a1bae8c13753431d/screenshot - {}
RESULT: {}
COMMAND: POST /session/f66dc8af89e796c2a1bae8c13753431d/element - {"using":"xpath","value":"//header/div/div/div/div/div/div[2]/div/span"}
RESULT: {"using":"xpath","value":"//header/div/div/div/div/div/div[2]/div/span"}
COMMAND: GET /session/f66dc8af89e796c2a1bae8c13753431d/element/f.84C8CB8F07A11D6CD1349F372DFB42D6.d.25D90769A166A2E5734BF84E2988D074.e.3003/text - {}
RESULT: {}
COMMAND: POST /session/f66dc8af89e796c2a1bae8c13753431d/element - {"using":"xpath","value":"//header/div/div[2]/div[2]/span"}
RESULT: {"using":"xpath","value":"//header/div/div[2]/div[2]/span"}
COMMAND: GET /session/f66dc8af89e796c2a1bae8c13753431d/element/f.84C8CB8F07A11D6CD1349F372DFB42D6.d.25D90769A166A2E5734BF84E2988D074.e.3004/text - {}
RESULT: {}
COMMAND: POST /session/f66dc8af89e796c2a1bae8c13753431d/element - {"using":"css selector","value":"#j_username"}
COMMAND: POST /session/f66dc8af89e796c2a1bae8c13753431d/url - {"url":"https://qa-testing-00-live-etm-ui.cfapps.eu10-004.hana.ondemand.com/"}
RESULT: {"using":"css selector","value":"#j_username"}
COMMAND: POST /session/f66dc8af89e796c2a1bae8c13753431d/element - {"using":"css selector","value":"#j_username"}
RESULT: {"url":"https://qa-testing-00-live-etm-ui.cfapps.eu10-004.hana.ondemand.com/"}
RESULT: undefined
COMMAND: GET /session/f66dc8af89e796c2a1bae8c13753431d/screenshot - {}
RESULT: {"using":"css selector","value":"#j_username"}
COMMAND: POST /session/f66dc8af89e796c2a1bae8c13753431d/element - {"using":"css selector","value":"#shell-header-logo"}
RESULT: {}
RESULT: {"using":"css selector","value":"#shell-header-logo"}
COMMAND: POST /session/f66dc8af89e796c2a1bae8c13753431d/execute/sync - {"script":"<script> [8489 bytes]","args":[{"element-6066-11e4-a52e-4f735466cecf":"f.84C8CB8F07A11D6CD1349F372DFB42D6.d.92C047BE488C9B645E6826C238076984.e.3014","ELEMENT":"f.84C8CB8F07A11D6CD1349F372DFB42D6.d.92C047BE488C9B645E6826C238076984.e.3014"}]}
RESULT: {"script":"<script> [8489 bytes]","args":[{"element-6066-11e4-a52e-4f735466cecf":"f.84C8CB8F07A11D6CD1349F372DFB42D6.d.92C047BE488C9B645E6826C238076984.e.3014","ELEMENT":"f.84C8CB8F07A11D6CD1349F372DFB42D6.d.92C047BE488C9B645E6826C238076984.e.3014"}]}
COMMAND: POST /session/f66dc8af89e796c2a1bae8c13753431d/element - {"using":"css selector","value":"#shell-header-logo"}
COMMAND: GET /session/f66dc8af89e796c2a1bae8c13753431d/screenshot - {}
RESULT: {"using":"css selector","value":"#shell-header-logo"}
COMMAND: POST /session/f66dc8af89e796c2a1bae8c13753431d/execute/sync - {"script":"<script> [8489 bytes]","args":[{"element-6066-11e4-a52e-4f735466cecf":"f.84C8CB8F07A11D6CD1349F372DFB42D6.d.92C047BE488C9B645E6826C238076984.e.3014","ELEMENT":"f.84C8CB8F07A11D6CD1349F372DFB42D6.d.92C047BE488C9B645E6826C238076984.e.3014"}]}
RESULT: {}
RESULT: {"script":"<script> [8489 bytes]","args":[{"element-6066-11e4-a52e-4f735466cecf":"f.84C8CB8F07A11D6CD1349F372DFB42D6.d.92C047BE488C9B645E6826C238076984.e.3014","ELEMENT":"f.84C8CB8F07A11D6CD1349F372DFB42D6.d.92C047BE488C9B645E6826C238076984.e.3014"}]}
COMMAND: POST /session/f66dc8af89e796c2a1bae8c13753431d/execute/sync - {"script":"<script> [5351 bytes]","args":[{"element-6066-11e4-a52e-4f735466cecf":"f.84C8CB8F07A11D6CD1349F372DFB42D6.d.92C047BE488C9B645E6826C238076984.e.3014","ELEMENT":"f.84C8CB8F07A11D6CD1349F372DFB42D6.d.92C047BE488C9B645E6826C238076984.e.3014"}]}
COMMAND: GET /session/f66dc8af89e796c2a1bae8c13753431d/screenshot - {}
RESULT: {"script":"<script> [5351 bytes]","args":[{"element-6066-11e4-a52e-4f735466cecf":"f.84C8CB8F07A11D6CD1349F372DFB42D6.d.92C047BE488C9B645E6826C238076984.e.3014","ELEMENT":"f.84C8CB8F07A11D6CD1349F372DFB42D6.d.92C047BE488C9B645E6826C238076984.e.3014"}]}
COMMAND: POST /session/f66dc8af89e796c2a1bae8c13753431d/element - {"using":"css selector","value":"#shell-header-logo"}
COMMAND: GET /session/f66dc8af89e796c2a1bae8c13753431d/screenshot - {}
RESULT: {}
RESULT: {"using":"css selector","value":"#shell-header-logo"}
COMMAND: POST /session/f66dc8af89e796c2a1bae8c13753431d/element/f.84C8CB8F07A11D6CD1349F372DFB42D6.d.92C047BE488C9B645E6826C238076984.e.3014/click - {}
RESULT: {}
RESULT: {}
COMMAND: GET /session/f66dc8af89e796c2a1bae8c13753431d/screenshot - {}
RESULT: {}
COMMAND: POST /session/f66dc8af89e796c2a1bae8c13753431d/execute/async - {"script":"<script> [189 bytes]","args":[]}
RESULT: {"script":"<script> [189 bytes]","args":[]}
COMMAND: POST /session/f66dc8af89e796c2a1bae8c13753431d/execute/async - {"script":"<script> [123 bytes]","args":[]}
RESULT: {"script":"<script> [123 bytes]","args":[]}
COMMAND: POST /session/f66dc8af89e796c2a1bae8c13753431d/timeouts - {"script":"<number>"}
RESULT: {"script":"<number>"}
COMMAND: GET /session/f66dc8af89e796c2a1bae8c13753431d/timeouts - {}
RESULT: {}
RESULT: undefined
COMMAND: POST /session/f66dc8af89e796c2a1bae8c13753431d/execute/async - {"script":"<script> [2676 bytes]","args":[]}
RESULT: {"script":"<script> [2676 bytes]","args":[]}
COMMAND: POST /session/f66dc8af89e796c2a1bae8c13753431d/execute/async - {"script":"<script> [2342 bytes]","args":[{"protocol":"http","hostname":"0.0.0.0","path":"/","capabilities":{"browserName":"chrome","goog:chromeOptions":{"binary":"C:\\Program Files\\Google\\Chrome\\Application\\chrome.exe","args":["--start-maximized"]}},"logLevel":"warn","connectionRetryTimeout":120000,"connectionRetryCount":3,"logLevels":{},"enableDirectConnect":true,"strictSSL":true,"_":"65 more keys: [\"cacheDir\",\"port\",\"requestedCapabilities\",\"automationProtocol\",\"baseUrl\",\"waitforInterval\",\"waitforTimeout\",\"onReload\",\"beforeCommand\",\"afterCommand\",\"rootDir\",\"specs\",\"suites\",\"exclude\",\"groupLogsByTestSpec\",\"excludeDriverLogs\",\"bail\",\"framework\",\"reporters\",\"services\",\"maxInstances\",\"maxInstancesPerCapability\",\"injectGlobals\",\"filesToWatch\",\"execArgv\",\"runnerEnv\",\"runner\",\"shard\",\"specFileRetries\",\"specFileRetriesDelay\",\"specFileRetriesDeferred\",\"reporterSyncInterval\",\"reporterSyncTimeout\",\"cucumberFeaturesWithLineNumbers\",\"autoCompileOpts\",\"mochaOpts\",\"jasmineOpts\",\"cucumberOpts\",\"onPrepare\",\"onWorkerStart\",\"onWorkerEnd\",\"before\",\"beforeSession\",\"beforeSuite\",\"beforeHook\",\"beforeTest\",\"afterTest\",\"afterHook\",\"afterSuite\",\"afterSession\",\"after\",\"onComplete\",\"beforeAssertion\",\"afterAssertion\",\"beforeFeature\",\"beforeScenario\",\"beforeStep\",\"afterStep\",\"afterScenario\",\"afterFeature\",\"_\",\"suite\",\"$0\",\"ignoredWorkerServices\",\"wdi5\"]"}]}
RESULT: {"script":"<script> [2342 bytes]","args":[{"protocol":"http","hostname":"0.0.0.0","path":"/","capabilities":{"browserName":"chrome","goog:chromeOptions":{"binary":"C:\\Program Files\\Google\\Chrome\\Application\\chrome.exe","args":["--start-maximized"]}},"logLevel":"warn","connectionRetryTimeout":120000,"connectionRetryCount":3,"logLevels":{},"enableDirectConnect":true,"strictSSL":true,"_":"65 more keys: [\"cacheDir\",\"port\",\"requestedCapabilities\",\"automationProtocol\",\"baseUrl\",\"waitforInterval\",\"waitforTimeout\",\"onReload\",\"beforeCommand\",\"afterCommand\",\"rootDir\",\"specs\",\"suites\",\"exclude\",\"groupLogsByTestSpec\",\"excludeDriverLogs\",\"bail\",\"framework\",\"reporters\",\"services\",\"maxInstances\",\"maxInstancesPerCapability\",\"injectGlobals\",\"filesToWatch\",\"execArgv\",\"runnerEnv\",\"runner\",\"shard\",\"specFileRetries\",\"specFileRetriesDelay\",\"specFileRetriesDeferred\",\"reporterSyncInterval\",\"reporterSyncTimeout\",\"cucumberFeaturesWithLineNumbers\",\"autoCompileOpts\",\"mochaOpts\",\"jasmineOpts\",\"cucumberOpts\",\"onPrepare\",\"onWorkerStart\",\"onWorkerEnd\",\"before\",\"beforeSession\",\"beforeSuite\",\"beforeHook\",\"beforeTest\",\"afterTest\",\"afterHook\",\"afterSuite\",\"afterSession\",\"after\",\"onComplete\",\"beforeAssertion\",\"afterAssertion\",\"beforeFeature\",\"beforeScenario\",\"beforeStep\",\"afterStep\",\"afterScenario\",\"afterFeature\",\"_\",\"suite\",\"$0\",\"ignoredWorkerServices\",\"wdi5\"]"}]}
COMMAND: POST /session/f66dc8af89e796c2a1bae8c13753431d/execute/async - {"script":"<script> [21126 bytes]","args":[35000]}
RESULT: {"script":"<script> [21126 bytes]","args":[35000]}
COMMAND: POST /session/f66dc8af89e796c2a1bae8c13753431d/window/maximize - {}
RESULT: {}
COMMAND: POST /session/f66dc8af89e796c2a1bae8c13753431d/execute/async - {"script":"<script> [1562 bytes]","args":[{"selector":{"id":"shell-header","interaction":{"idSuffix":"icon"}},"wdio_ui5_key":"shellheader"}]}
COMMAND: GET /session/f66dc8af89e796c2a1bae8c13753431d/screenshot - {}
RESULT: {"script":"<script> [1562 bytes]","args":[{"selector":{"id":"shell-header","interaction":{"idSuffix":"icon"}},"wdio_ui5_key":"shellheader"}]}
RESULT: undefined
COMMAND: POST /session/f66dc8af89e796c2a1bae8c13753431d/refresh - {}
RESULT: {}
RESULT: {}
COMMAND: GET /session/f66dc8af89e796c2a1bae8c13753431d/screenshot - {}
RESULT: {}
COMMAND: POST /session/f66dc8af89e796c2a1bae8c13753431d/refresh - {}
RESULT: {}
COMMAND: GET /session/f66dc8af89e796c2a1bae8c13753431d/screenshot - {}
RESULT: {}
COMMAND: POST /session/f66dc8af89e796c2a1bae8c13753431d/window/fullscreen - {}
RESULT: {}
COMMAND: POST /session/f66dc8af89e796c2a1bae8c13753431d/execute/async - {"script":"<script> [189 bytes]","args":[]}
RESULT: {"script":"<script> [189 bytes]","args":[]}
COMMAND: POST /session/f66dc8af89e796c2a1bae8c13753431d/execute/async - {"script":"<script> [123 bytes]","args":[]}
RESULT: {"script":"<script> [123 bytes]","args":[]}
COMMAND: POST /session/f66dc8af89e796c2a1bae8c13753431d/timeouts - {"script":"<number>"}
RESULT: {"script":"<number>"}
COMMAND: GET /session/f66dc8af89e796c2a1bae8c13753431d/timeouts - {}
RESULT: {}
RESULT: undefined
COMMAND: POST /session/f66dc8af89e796c2a1bae8c13753431d/execute/async - {"script":"<script> [2676 bytes]","args":[]}
RESULT: {"script":"<script> [2676 bytes]","args":[]}
COMMAND: POST /session/f66dc8af89e796c2a1bae8c13753431d/execute/async - {"script":"<script> [2342 bytes]","args":[{"protocol":"http","hostname":"0.0.0.0","path":"/","capabilities":{"browserName":"chrome","goog:chromeOptions":{"binary":"C:\\Program Files\\Google\\Chrome\\Application\\chrome.exe","args":["--start-maximized"]}},"logLevel":"warn","connectionRetryTimeout":120000,"connectionRetryCount":3,"logLevels":{},"enableDirectConnect":true,"strictSSL":true,"_":"65 more keys: [\"cacheDir\",\"port\",\"requestedCapabilities\",\"automationProtocol\",\"baseUrl\",\"waitforInterval\",\"waitforTimeout\",\"onReload\",\"beforeCommand\",\"afterCommand\",\"rootDir\",\"specs\",\"suites\",\"exclude\",\"groupLogsByTestSpec\",\"excludeDriverLogs\",\"bail\",\"framework\",\"reporters\",\"services\",\"maxInstances\",\"maxInstancesPerCapability\",\"injectGlobals\",\"filesToWatch\",\"execArgv\",\"runnerEnv\",\"runner\",\"shard\",\"specFileRetries\",\"specFileRetriesDelay\",\"specFileRetriesDeferred\",\"reporterSyncInterval\",\"reporterSyncTimeout\",\"cucumberFeaturesWithLineNumbers\",\"autoCompileOpts\",\"mochaOpts\",\"jasmineOpts\",\"cucumberOpts\",\"onPrepare\",\"onWorkerStart\",\"onWorkerEnd\",\"before\",\"beforeSession\",\"beforeSuite\",\"beforeHook\",\"beforeTest\",\"afterTest\",\"afterHook\",\"afterSuite\",\"afterSession\",\"after\",\"onComplete\",\"beforeAssertion\",\"afterAssertion\",\"beforeFeature\",\"beforeScenario\",\"beforeStep\",\"afterStep\",\"afterScenario\",\"afterFeature\",\"_\",\"suite\",\"$0\",\"ignoredWorkerServices\",\"wdi5\"]"}]}
RESULT: {"script":"<script> [2342 bytes]","args":[{"protocol":"http","hostname":"0.0.0.0","path":"/","capabilities":{"browserName":"chrome","goog:chromeOptions":{"binary":"C:\\Program Files\\Google\\Chrome\\Application\\chrome.exe","args":["--start-maximized"]}},"logLevel":"warn","connectionRetryTimeout":120000,"connectionRetryCount":3,"logLevels":{},"enableDirectConnect":true,"strictSSL":true,"_":"65 more keys: [\"cacheDir\",\"port\",\"requestedCapabilities\",\"automationProtocol\",\"baseUrl\",\"waitforInterval\",\"waitforTimeout\",\"onReload\",\"beforeCommand\",\"afterCommand\",\"rootDir\",\"specs\",\"suites\",\"exclude\",\"groupLogsByTestSpec\",\"excludeDriverLogs\",\"bail\",\"framework\",\"reporters\",\"services\",\"maxInstances\",\"maxInstancesPerCapability\",\"injectGlobals\",\"filesToWatch\",\"execArgv\",\"runnerEnv\",\"runner\",\"shard\",\"specFileRetries\",\"specFileRetriesDelay\",\"specFileRetriesDeferred\",\"reporterSyncInterval\",\"reporterSyncTimeout\",\"cucumberFeaturesWithLineNumbers\",\"autoCompileOpts\",\"mochaOpts\",\"jasmineOpts\",\"cucumberOpts\",\"onPrepare\",\"onWorkerStart\",\"onWorkerEnd\",\"before\",\"beforeSession\",\"beforeSuite\",\"beforeHook\",\"beforeTest\",\"afterTest\",\"afterHook\",\"afterSuite\",\"afterSession\",\"after\",\"onComplete\",\"beforeAssertion\",\"afterAssertion\",\"beforeFeature\",\"beforeScenario\",\"beforeStep\",\"afterStep\",\"afterScenario\",\"afterFeature\",\"_\",\"suite\",\"$0\",\"ignoredWorkerServices\",\"wdi5\"]"}]}
COMMAND: POST /session/f66dc8af89e796c2a1bae8c13753431d/execute/async - {"script":"<script> [21126 bytes]","args":[35000]}
RESULT: {"script":"<script> [21126 bytes]","args":[35000]}
]]></system-out>
    </testcase>
  </testsuite>
  <testsuite timestamp="2025-05-28T15:22:25" time="299.115" tests="4" failures="1" errors="1" skipped="0">
    <properties>
      <property name="specId" value="0"/>
      <property name="suiteName" value="Create partner US118246"/>
      <property name="capabilities" value="chrome.136_0_7103_93.windows"/>
      <property name="file" value="file:///D:/a/1/s/test/specs/BTS/create-partner.spec.js"/>
    </properties>
    <testcase classname="chrome.136_0_7103_93.windows.Create_partner_US118246" name="Should create a new yard in case create yard failed" time="0.013">
      <system-out><![CDATA[
COMMAND: POST /session/f66dc8af89e796c2a1bae8c13753431d/window/fullscreen - {}
RESULT: {}
]]></system-out>
    </testcase>
    <testcase classname="chrome.136_0_7103_93.windows.Create_partner_US118246" name="Should create new external partner" time="94.583">
      <system-out><![CDATA[
COMMAND: POST /session/f66dc8af89e796c2a1bae8c13753431d/window/fullscreen - {}
RESULT: {}
COMMAND: POST /session/f66dc8af89e796c2a1bae8c13753431d/execute/async - {"script":"<script> [1562 bytes]","args":[{"selector":{"controlType":"sap.m.GenericTile","properties":{"header":"Manage Partners"}},"wdio_ui5_key":"sapm.GenericTile{\"header\":\"Manage Partners\"}"}]}
RESULT: {"script":"<script> [1562 bytes]","args":[{"selector":{"controlType":"sap.m.GenericTile","properties":{"header":"Manage Partners"}},"wdio_ui5_key":"sapm.GenericTile{\"header\":\"Manage Partners\"}"}]}
RESULT: undefined
COMMAND: POST /session/f66dc8af89e796c2a1bae8c13753431d/element - {"using":"xpath","value":"//*[@id=\"__tile38\"]"}
RESULT: {"using":"xpath","value":"//*[@id=\"__tile38\"]"}
COMMAND: POST /session/f66dc8af89e796c2a1bae8c13753431d/element/f.84C8CB8F07A11D6CD1349F372DFB42D6.d.1A84FF73898CF7EBC32B81F53F52018B.e.3180/click - {}
RESULT: {}
COMMAND: GET /session/f66dc8af89e796c2a1bae8c13753431d/screenshot - {}
RESULT: {}
COMMAND: POST /session/f66dc8af89e796c2a1bae8c13753431d/elements - {"using":"xpath","value":"//span[text()='Error']"}
RESULT: {"using":"xpath","value":"//span[text()='Error']"}
COMMAND: POST /session/f66dc8af89e796c2a1bae8c13753431d/element - {"using":"xpath","value":"//button[@data-kt=\"addButton\"]"}
RESULT: {"using":"xpath","value":"//button[@data-kt=\"addButton\"]"}
COMMAND: POST /session/f66dc8af89e796c2a1bae8c13753431d/elements - {"using":"xpath","value":"//button[@data-kt=\"addButton\"]"}
RESULT: {"using":"xpath","value":"//button[@data-kt=\"addButton\"]"}
COMMAND: POST /session/f66dc8af89e796c2a1bae8c13753431d/execute/sync - {"script":"<script> [8489 bytes]","args":[{"element-6066-11e4-a52e-4f735466cecf":"f.84C8CB8F07A11D6CD1349F372DFB42D6.d.1A84FF73898CF7EBC32B81F53F52018B.e.3327","ELEMENT":"f.84C8CB8F07A11D6CD1349F372DFB42D6.d.1A84FF73898CF7EBC32B81F53F52018B.e.3327"}]}
RESULT: {"script":"<script> [8489 bytes]","args":[{"element-6066-11e4-a52e-4f735466cecf":"f.84C8CB8F07A11D6CD1349F372DFB42D6.d.1A84FF73898CF7EBC32B81F53F52018B.e.3327","ELEMENT":"f.84C8CB8F07A11D6CD1349F372DFB42D6.d.1A84FF73898CF7EBC32B81F53F52018B.e.3327"}]}
COMMAND: GET /session/f66dc8af89e796c2a1bae8c13753431d/element/f.84C8CB8F07A11D6CD1349F372DFB42D6.d.1A84FF73898CF7EBC32B81F53F52018B.e.3327/enabled - {}
COMMAND: GET /session/f66dc8af89e796c2a1bae8c13753431d/screenshot - {}
RESULT: {}
COMMAND: POST /session/f66dc8af89e796c2a1bae8c13753431d/execute/sync - {"script":"<script> [8489 bytes]","args":[{"element-6066-11e4-a52e-4f735466cecf":"f.84C8CB8F07A11D6CD1349F372DFB42D6.d.1A84FF73898CF7EBC32B81F53F52018B.e.3327","ELEMENT":"f.84C8CB8F07A11D6CD1349F372DFB42D6.d.1A84FF73898CF7EBC32B81F53F52018B.e.3327"}]}
COMMAND: GET /session/f66dc8af89e796c2a1bae8c13753431d/screenshot - {}
RESULT: {}
RESULT: {"script":"<script> [8489 bytes]","args":[{"element-6066-11e4-a52e-4f735466cecf":"f.84C8CB8F07A11D6CD1349F372DFB42D6.d.1A84FF73898CF7EBC32B81F53F52018B.e.3327","ELEMENT":"f.84C8CB8F07A11D6CD1349F372DFB42D6.d.1A84FF73898CF7EBC32B81F53F52018B.e.3327"}]}
COMMAND: POST /session/f66dc8af89e796c2a1bae8c13753431d/execute/sync - {"script":"<script> [5351 bytes]","args":[{"element-6066-11e4-a52e-4f735466cecf":"f.84C8CB8F07A11D6CD1349F372DFB42D6.d.1A84FF73898CF7EBC32B81F53F52018B.e.3327","ELEMENT":"f.84C8CB8F07A11D6CD1349F372DFB42D6.d.1A84FF73898CF7EBC32B81F53F52018B.e.3327"}]}
COMMAND: GET /session/f66dc8af89e796c2a1bae8c13753431d/screenshot - {}
RESULT: {}
RESULT: {"script":"<script> [5351 bytes]","args":[{"element-6066-11e4-a52e-4f735466cecf":"f.84C8CB8F07A11D6CD1349F372DFB42D6.d.1A84FF73898CF7EBC32B81F53F52018B.e.3327","ELEMENT":"f.84C8CB8F07A11D6CD1349F372DFB42D6.d.1A84FF73898CF7EBC32B81F53F52018B.e.3327"}]}
COMMAND: POST /session/f66dc8af89e796c2a1bae8c13753431d/element/f.84C8CB8F07A11D6CD1349F372DFB42D6.d.1A84FF73898CF7EBC32B81F53F52018B.e.3327/click - {}
COMMAND: GET /session/f66dc8af89e796c2a1bae8c13753431d/screenshot - {}
RESULT: {}
RESULT: {}
COMMAND: GET /session/f66dc8af89e796c2a1bae8c13753431d/screenshot - {}
RESULT: {}
COMMAND: POST /session/f66dc8af89e796c2a1bae8c13753431d/execute/async - {"script":"<script> [1562 bytes]","args":[{"selector":{"id":"application-managepartners-display-component---NewPartner--addressDetailDetailsName1","interaction":{"idSuffix":"inner"}},"wdio_ui5_key":"applicationmanagepartners-display-component---NewPartner--addressDetailDetailsName1"}]}
RESULT: {}
RESULT: {"script":"<script> [1562 bytes]","args":[{"selector":{"id":"application-managepartners-display-component---NewPartner--addressDetailDetailsName1","interaction":{"idSuffix":"inner"}},"wdio_ui5_key":"applicationmanagepartners-display-component---NewPartner--addressDetailDetailsName1"}]}
RESULT: undefined
COMMAND: POST /session/f66dc8af89e796c2a1bae8c13753431d/execute/async - {"script":"<script> [776 bytes]","args":[{"enterText":"External Partner WDIO","selector":{"id":"application-managepartners-display-component---NewPartner--addressDetailDetailsName1","interaction":{"idSuffix":"inner"}},"clearTextFirst":true,"interactionType":"ENTER_TEXT"}]}
RESULT: {"script":"<script> [776 bytes]","args":[{"enterText":"External Partner WDIO","selector":{"id":"application-managepartners-display-component---NewPartner--addressDetailDetailsName1","interaction":{"idSuffix":"inner"}},"clearTextFirst":true,"interactionType":"ENTER_TEXT"}]}
COMMAND: POST /session/f66dc8af89e796c2a1bae8c13753431d/execute/async - {"script":"<script> [1562 bytes]","args":[{"selector":{"id":"application-managepartners-display-component---NewPartner--addressDetailDetailsLanguage-arrow"},"wdio_ui5_key":"applicationmanagepartners-display-component---NewPartner--addressDetailDetailsLanguage-arrow"}]}
RESULT: {"script":"<script> [1562 bytes]","args":[{"selector":{"id":"application-managepartners-display-component---NewPartner--addressDetailDetailsLanguage-arrow"},"wdio_ui5_key":"applicationmanagepartners-display-component---NewPartner--addressDetailDetailsLanguage-arrow"}]}
RESULT: undefined
COMMAND: POST /session/f66dc8af89e796c2a1bae8c13753431d/element - {"using":"xpath","value":"//*[@id=\"application-managepartners-display-component---NewPartner--addressDetailDetailsLanguage-arrow\"]"}
RESULT: {"using":"xpath","value":"//*[@id=\"application-managepartners-display-component---NewPartner--addressDetailDetailsLanguage-arrow\"]"}
COMMAND: POST /session/f66dc8af89e796c2a1bae8c13753431d/element/f.84C8CB8F07A11D6CD1349F372DFB42D6.d.1A84FF73898CF7EBC32B81F53F52018B.e.3783/click - {}
RESULT: {}
COMMAND: POST /session/f66dc8af89e796c2a1bae8c13753431d/element - {"using":"xpath","value":"//span[contains(text(), \"English\")]"}
COMMAND: GET /session/f66dc8af89e796c2a1bae8c13753431d/screenshot - {}
RESULT: {"using":"xpath","value":"//span[contains(text(), \"English\")]"}
COMMAND: POST /session/f66dc8af89e796c2a1bae8c13753431d/element/f.84C8CB8F07A11D6CD1349F372DFB42D6.d.1A84FF73898CF7EBC32B81F53F52018B.e.3784/click - {}
RESULT: {}
RESULT: {}
COMMAND: GET /session/f66dc8af89e796c2a1bae8c13753431d/screenshot - {}
RESULT: {}
COMMAND: POST /session/f66dc8af89e796c2a1bae8c13753431d/execute/async - {"script":"<script> [1562 bytes]","args":[{"selector":{"id":"application-managepartners-display-component---NewPartner--addressDetailDetailsCity1","interaction":{"idSuffix":"inner"}},"wdio_ui5_key":"applicationmanagepartners-display-component---NewPartner--addressDetailDetailsCity1"}]}
RESULT: {"script":"<script> [1562 bytes]","args":[{"selector":{"id":"application-managepartners-display-component---NewPartner--addressDetailDetailsCity1","interaction":{"idSuffix":"inner"}},"wdio_ui5_key":"applicationmanagepartners-display-component---NewPartner--addressDetailDetailsCity1"}]}
RESULT: undefined
COMMAND: POST /session/f66dc8af89e796c2a1bae8c13753431d/execute/async - {"script":"<script> [776 bytes]","args":[{"enterText":"Rosario","selector":{"id":"application-managepartners-display-component---NewPartner--addressDetailDetailsCity1","interaction":{"idSuffix":"inner"}},"clearTextFirst":true,"interactionType":"ENTER_TEXT"}]}
RESULT: {"script":"<script> [776 bytes]","args":[{"enterText":"Rosario","selector":{"id":"application-managepartners-display-component---NewPartner--addressDetailDetailsCity1","interaction":{"idSuffix":"inner"}},"clearTextFirst":true,"interactionType":"ENTER_TEXT"}]}
COMMAND: POST /session/f66dc8af89e796c2a1bae8c13753431d/execute/async - {"script":"<script> [1562 bytes]","args":[{"selector":{"id":"application-managepartners-display-component---NewPartner--addressDetailDetailsCountry-arrow"},"wdio_ui5_key":"applicationmanagepartners-display-component---NewPartner--addressDetailDetailsCountry-arrow"}]}
RESULT: {"script":"<script> [1562 bytes]","args":[{"selector":{"id":"application-managepartners-display-component---NewPartner--addressDetailDetailsCountry-arrow"},"wdio_ui5_key":"applicationmanagepartners-display-component---NewPartner--addressDetailDetailsCountry-arrow"}]}
RESULT: undefined
COMMAND: POST /session/f66dc8af89e796c2a1bae8c13753431d/element - {"using":"xpath","value":"//*[@id=\"application-managepartners-display-component---NewPartner--addressDetailDetailsCountry-arrow\"]"}
RESULT: {"using":"xpath","value":"//*[@id=\"application-managepartners-display-component---NewPartner--addressDetailDetailsCountry-arrow\"]"}
COMMAND: POST /session/f66dc8af89e796c2a1bae8c13753431d/element/f.84C8CB8F07A11D6CD1349F372DFB42D6.d.1A84FF73898CF7EBC32B81F53F52018B.e.3770/click - {}
RESULT: {}
COMMAND: POST /session/f66dc8af89e796c2a1bae8c13753431d/element - {"using":"xpath","value":"//span[contains(text(), \"Argentina\")]"}
COMMAND: GET /session/f66dc8af89e796c2a1bae8c13753431d/screenshot - {}
RESULT: {"using":"xpath","value":"//span[contains(text(), \"Argentina\")]"}
COMMAND: POST /session/f66dc8af89e796c2a1bae8c13753431d/element/f.84C8CB8F07A11D6CD1349F372DFB42D6.d.1A84FF73898CF7EBC32B81F53F52018B.e.3786/click - {}
RESULT: {}
RESULT: {}
COMMAND: GET /session/f66dc8af89e796c2a1bae8c13753431d/screenshot - {}
RESULT: {}
COMMAND: POST /session/f66dc8af89e796c2a1bae8c13753431d/element - {"using":"xpath","value":"//bdi[contains(text(), \"Commercial\")]"}
RESULT: {"using":"xpath","value":"//bdi[contains(text(), \"Commercial\")]"}
COMMAND: POST /session/f66dc8af89e796c2a1bae8c13753431d/element/f.84C8CB8F07A11D6CD1349F372DFB42D6.d.1A84FF73898CF7EBC32B81F53F52018B.e.3787/click - {}
RESULT: {}
COMMAND: GET /session/f66dc8af89e796c2a1bae8c13753431d/screenshot - {}
RESULT: {}
COMMAND: POST /session/f66dc8af89e796c2a1bae8c13753431d/execute/async - {"script":"<script> [1562 bytes]","args":[{"selector":{"id":"application-managepartners-display-component---NewPartner--partnerDetailInternal-arrow"},"wdio_ui5_key":"applicationmanagepartners-display-component---NewPartner--partnerDetailInternal-arrow"}]}
RESULT: {"script":"<script> [1562 bytes]","args":[{"selector":{"id":"application-managepartners-display-component---NewPartner--partnerDetailInternal-arrow"},"wdio_ui5_key":"applicationmanagepartners-display-component---NewPartner--partnerDetailInternal-arrow"}]}
RESULT: undefined
COMMAND: POST /session/f66dc8af89e796c2a1bae8c13753431d/element - {"using":"xpath","value":"//*[@id=\"application-managepartners-display-component---NewPartner--partnerDetailInternal-arrow\"]"}
RESULT: {"using":"xpath","value":"//*[@id=\"application-managepartners-display-component---NewPartner--partnerDetailInternal-arrow\"]"}
COMMAND: POST /session/f66dc8af89e796c2a1bae8c13753431d/element/f.84C8CB8F07A11D6CD1349F372DFB42D6.d.1A84FF73898CF7EBC32B81F53F52018B.e.3793/click - {}
RESULT: {}
COMMAND: POST /session/f66dc8af89e796c2a1bae8c13753431d/element - {"using":"xpath","value":"//span[contains(text(), \"External partner\")]"}
COMMAND: GET /session/f66dc8af89e796c2a1bae8c13753431d/screenshot - {}
RESULT: {"using":"xpath","value":"//span[contains(text(), \"External partner\")]"}
COMMAND: POST /session/f66dc8af89e796c2a1bae8c13753431d/element/f.84C8CB8F07A11D6CD1349F372DFB42D6.d.1A84FF73898CF7EBC32B81F53F52018B.e.3794/click - {}
RESULT: {}
RESULT: {}
COMMAND: POST /session/f66dc8af89e796c2a1bae8c13753431d/execute/async - {"script":"<script> [1562 bytes]","args":[{"selector":{"id":"application-managepartners-display-component---NewPartner--partnerDetailsCurrency-arrow"},"wdio_ui5_key":"applicationmanagepartners-display-component---NewPartner--partnerDetailsCurrency-arrow"}]}
COMMAND: GET /session/f66dc8af89e796c2a1bae8c13753431d/screenshot - {}
RESULT: {"script":"<script> [1562 bytes]","args":[{"selector":{"id":"application-managepartners-display-component---NewPartner--partnerDetailsCurrency-arrow"},"wdio_ui5_key":"applicationmanagepartners-display-component---NewPartner--partnerDetailsCurrency-arrow"}]}
RESULT: undefined
COMMAND: POST /session/f66dc8af89e796c2a1bae8c13753431d/element - {"using":"xpath","value":"//*[@id=\"application-managepartners-display-component---NewPartner--partnerDetailsCurrency-arrow\"]"}
RESULT: {}
RESULT: {"using":"xpath","value":"//*[@id=\"application-managepartners-display-component---NewPartner--partnerDetailsCurrency-arrow\"]"}
COMMAND: POST /session/f66dc8af89e796c2a1bae8c13753431d/element/f.84C8CB8F07A11D6CD1349F372DFB42D6.d.1A84FF73898CF7EBC32B81F53F52018B.e.3799/click - {}
RESULT: {}
COMMAND: POST /session/f66dc8af89e796c2a1bae8c13753431d/element - {"using":"xpath","value":"//span[contains(text(), \"US Dollar\")]"}
COMMAND: GET /session/f66dc8af89e796c2a1bae8c13753431d/screenshot - {}
RESULT: {"using":"xpath","value":"//span[contains(text(), \"US Dollar\")]"}
COMMAND: POST /session/f66dc8af89e796c2a1bae8c13753431d/element/f.84C8CB8F07A11D6CD1349F372DFB42D6.d.1A84FF73898CF7EBC32B81F53F52018B.e.3800/click - {}
RESULT: {}
RESULT: {}
COMMAND: GET /session/f66dc8af89e796c2a1bae8c13753431d/screenshot - {}
RESULT: {}
COMMAND: POST /session/f66dc8af89e796c2a1bae8c13753431d/element - {"using":"xpath","value":"//input[@id=\"application-managepartners-display-component---NewPartner--companyCodeComboBox-inner\"]"}
RESULT: {"using":"xpath","value":"//input[@id=\"application-managepartners-display-component---NewPartner--companyCodeComboBox-inner\"]"}
COMMAND: POST /session/f66dc8af89e796c2a1bae8c13753431d/element/f.84C8CB8F07A11D6CD1349F372DFB42D6.d.1A84FF73898CF7EBC32B81F53F52018B.e.3649/clear - {}
RESULT: {}
COMMAND: POST /session/f66dc8af89e796c2a1bae8c13753431d/element/f.84C8CB8F07A11D6CD1349F372DFB42D6.d.1A84FF73898CF7EBC32B81F53F52018B.e.3649/value - {"text":"C002"}
COMMAND: GET /session/f66dc8af89e796c2a1bae8c13753431d/screenshot - {}
RESULT: {"text":"C002"}
COMMAND: GET /session/f66dc8af89e796c2a1bae8c13753431d/screenshot - {}
RESULT: {}
RESULT: {}
COMMAND: POST /session/f66dc8af89e796c2a1bae8c13753431d/element - {"using":"xpath","value":"//li[.//span[text()= \"C002\"]]"}
RESULT: {"using":"xpath","value":"//li[.//span[text()= \"C002\"]]"}
COMMAND: POST /session/f66dc8af89e796c2a1bae8c13753431d/element/f.84C8CB8F07A11D6CD1349F372DFB42D6.d.1A84FF73898CF7EBC32B81F53F52018B.e.3804/click - {}
RESULT: {}
COMMAND: GET /session/f66dc8af89e796c2a1bae8c13753431d/screenshot - {}
RESULT: {}
COMMAND: POST /session/f66dc8af89e796c2a1bae8c13753431d/execute/async - {"script":"<script> [1562 bytes]","args":[{"selector":{"controlType":"sap.ui.core.Icon","viewName":"etm.portal.ui.managepartners.view.NewPartner","viewId":"application-managepartners-display-component---NewPartner","properties":{"src":{"regex":{"source":"slim\\-arrow\\-down"}}},"ancestor":{"controlType":"sap.m.ComboBox","viewName":"etm.portal.ui.managepartners.view.NewPartner","viewId":"application-managepartners-display-component---NewPartner","bindingPath":{"path":"","propertyPath":"/CATALOG","modelName":"oNewPartnerModel"}}},"wdio_ui5_key":"etmportal.ui.managepartners.view.NewPartnersap.ui.core.Icon{\"src\":{\"regex\":{\"source\":\"slim\\\\-arrow\\\\-down\"}}}{\"controlType\":\"sap.m.ComboBox\",\"viewName\":\"etm.portal.ui.managepartners.view.NewPartner\",\"viewId\":\"application-managepartners-display-component---NewPartner\",\"bindingPath\":{\"path\":\"\",\"propertyPath\":\"/CATALOG\",\"modelName\":\"oNewPartnerModel\"}}"}]}
RESULT: {"script":"<script> [1562 bytes]","args":[{"selector":{"controlType":"sap.ui.core.Icon","viewName":"etm.portal.ui.managepartners.view.NewPartner","viewId":"application-managepartners-display-component---NewPartner","properties":{"src":{"regex":{"source":"slim\\-arrow\\-down"}}},"ancestor":{"controlType":"sap.m.ComboBox","viewName":"etm.portal.ui.managepartners.view.NewPartner","viewId":"application-managepartners-display-component---NewPartner","bindingPath":{"path":"","propertyPath":"/CATALOG","modelName":"oNewPartnerModel"}}},"wdio_ui5_key":"etmportal.ui.managepartners.view.NewPartnersap.ui.core.Icon{\"src\":{\"regex\":{\"source\":\"slim\\\\-arrow\\\\-down\"}}}{\"controlType\":\"sap.m.ComboBox\",\"viewName\":\"etm.portal.ui.managepartners.view.NewPartner\",\"viewId\":\"application-managepartners-display-component---NewPartner\",\"bindingPath\":{\"path\":\"\",\"propertyPath\":\"/CATALOG\",\"modelName\":\"oNewPartnerModel\"}}"}]}
RESULT: undefined
COMMAND: POST /session/f66dc8af89e796c2a1bae8c13753431d/element - {"using":"xpath","value":"//*[@id=\"__box7-arrow\"]"}
RESULT: {"using":"xpath","value":"//*[@id=\"__box7-arrow\"]"}
COMMAND: POST /session/f66dc8af89e796c2a1bae8c13753431d/element/f.84C8CB8F07A11D6CD1349F372DFB42D6.d.1A84FF73898CF7EBC32B81F53F52018B.e.3771/click - {}
RESULT: {}
COMMAND: GET /session/f66dc8af89e796c2a1bae8c13753431d/screenshot - {}
RESULT: {}
COMMAND: POST /session/f66dc8af89e796c2a1bae8c13753431d/element - {"using":"xpath","value":"//li[.//span[text()= \"Webshop Catalog\"]]"}
RESULT: {"using":"xpath","value":"//li[.//span[text()= \"Webshop Catalog\"]]"}
COMMAND: POST /session/f66dc8af89e796c2a1bae8c13753431d/element/f.84C8CB8F07A11D6CD1349F372DFB42D6.d.1A84FF73898CF7EBC32B81F53F52018B.e.3806/click - {}
RESULT: {}
COMMAND: GET /session/f66dc8af89e796c2a1bae8c13753431d/screenshot - {}
RESULT: {}
COMMAND: POST /session/f66dc8af89e796c2a1bae8c13753431d/execute/async - {"script":"<script> [1562 bytes]","args":[{"selector":{"id":"application-managepartners-display-component---NewPartner--btnAddTableRow-img"},"wdio_ui5_key":"applicationmanagepartners-display-component---NewPartner--btnAddTableRow-img"}]}
RESULT: {"script":"<script> [1562 bytes]","args":[{"selector":{"id":"application-managepartners-display-component---NewPartner--btnAddTableRow-img"},"wdio_ui5_key":"applicationmanagepartners-display-component---NewPartner--btnAddTableRow-img"}]}
RESULT: undefined
COMMAND: POST /session/f66dc8af89e796c2a1bae8c13753431d/element - {"using":"xpath","value":"//*[@id=\"application-managepartners-display-component---NewPartner--btnAddTableRow-img\"]"}
RESULT: {"using":"xpath","value":"//*[@id=\"application-managepartners-display-component---NewPartner--btnAddTableRow-img\"]"}
COMMAND: POST /session/f66dc8af89e796c2a1bae8c13753431d/element/f.84C8CB8F07A11D6CD1349F372DFB42D6.d.1A84FF73898CF7EBC32B81F53F52018B.e.3807/click - {}
RESULT: {}
COMMAND: GET /session/f66dc8af89e796c2a1bae8c13753431d/screenshot - {}
RESULT: {}
COMMAND: POST /session/f66dc8af89e796c2a1bae8c13753431d/element - {"using":"xpath","value":"//input[@id=\"application-managepartners-display-component---NewPartner--assignmentYard-application-managepartners-display-component---NewPartner--assignmentsTable-0-inner\"]"}
RESULT: {"using":"xpath","value":"//input[@id=\"application-managepartners-display-component---NewPartner--assignmentYard-application-managepartners-display-component---NewPartner--assignmentsTable-0-inner\"]"}
COMMAND: POST /session/f66dc8af89e796c2a1bae8c13753431d/element/f.84C8CB8F07A11D6CD1349F372DFB42D6.d.1A84FF73898CF7EBC32B81F53F52018B.e.3810/clear - {}
RESULT: {}
COMMAND: POST /session/f66dc8af89e796c2a1bae8c13753431d/element/f.84C8CB8F07A11D6CD1349F372DFB42D6.d.1A84FF73898CF7EBC32B81F53F52018B.e.3810/value - {"text":"416"}
COMMAND: GET /session/f66dc8af89e796c2a1bae8c13753431d/screenshot - {}
RESULT: {"text":"416"}
COMMAND: GET /session/f66dc8af89e796c2a1bae8c13753431d/screenshot - {}
RESULT: {}
RESULT: {}
COMMAND: POST /session/f66dc8af89e796c2a1bae8c13753431d/element - {"using":"xpath","value":"//li[.//span[text()='416']]"}
RESULT: {"using":"xpath","value":"//li[.//span[text()='416']]"}
COMMAND: POST /session/f66dc8af89e796c2a1bae8c13753431d/element/f.84C8CB8F07A11D6CD1349F372DFB42D6.d.1A84FF73898CF7EBC32B81F53F52018B.e.3818/click - {}
RESULT: {}
COMMAND: GET /session/f66dc8af89e796c2a1bae8c13753431d/screenshot - {}
RESULT: {}
COMMAND: POST /session/f66dc8af89e796c2a1bae8c13753431d/actions - {"actions":[{"id":"action6","type":"key","parameters":{},"actions":[{"type":"keyDown","value":""},{"type":"pause","duration":10},{"type":"keyUp","value":""}]}]}
RESULT: {"actions":[{"id":"action6","type":"key","parameters":{},"actions":[{"type":"keyDown","value":""},{"type":"pause","duration":10},{"type":"keyUp","value":""}]}]}
COMMAND: POST /session/f66dc8af89e796c2a1bae8c13753431d/element - {"using":"xpath","value":"//td[contains(@id, \"assignmentsTable-0-cell2\")]/div/div"}
COMMAND: GET /session/f66dc8af89e796c2a1bae8c13753431d/screenshot - {}
RESULT: {"using":"xpath","value":"//td[contains(@id, \"assignmentsTable-0-cell2\")]/div/div"}
COMMAND: POST /session/f66dc8af89e796c2a1bae8c13753431d/element/f.84C8CB8F07A11D6CD1349F372DFB42D6.d.1A84FF73898CF7EBC32B81F53F52018B.e.3821/click - {}
RESULT: {}
RESULT: {}
COMMAND: GET /session/f66dc8af89e796c2a1bae8c13753431d/screenshot - {}
RESULT: {}
COMMAND: POST /session/f66dc8af89e796c2a1bae8c13753431d/element - {"using":"xpath","value":"//button[@data-kt=\"saveButton\"]"}
RESULT: {"using":"xpath","value":"//button[@data-kt=\"saveButton\"]"}
COMMAND: POST /session/f66dc8af89e796c2a1bae8c13753431d/element/f.84C8CB8F07A11D6CD1349F372DFB42D6.d.1A84FF73898CF7EBC32B81F53F52018B.e.3720/click - {}
RESULT: {}
COMMAND: GET /session/f66dc8af89e796c2a1bae8c13753431d/screenshot - {}
RESULT: {}
COMMAND: POST /session/f66dc8af89e796c2a1bae8c13753431d/element - {"using":"xpath","value":"//header[contains(@id, 'ObjectPageLayout-headerTitle')]/div[1]/div[2]/div[2]/span[1]"}
RESULT: {"using":"xpath","value":"//header[contains(@id, 'ObjectPageLayout-headerTitle')]/div[1]/div[2]/div[2]/span[1]"}
COMMAND: POST /session/f66dc8af89e796c2a1bae8c13753431d/elements - {"using":"xpath","value":"//header[contains(@id, 'ObjectPageLayout-headerTitle')]/div[1]/div[2]/div[2]/span[1]"}
RESULT: {"using":"xpath","value":"//header[contains(@id, 'ObjectPageLayout-headerTitle')]/div[1]/div[2]/div[2]/span[1]"}
COMMAND: POST /session/f66dc8af89e796c2a1bae8c13753431d/execute/sync - {"script":"<script> [56 bytes]","args":[{"element-6066-11e4-a52e-4f735466cecf":"f.84C8CB8F07A11D6CD1349F372DFB42D6.d.1A84FF73898CF7EBC32B81F53F52018B.e.3984","ELEMENT":"f.84C8CB8F07A11D6CD1349F372DFB42D6.d.1A84FF73898CF7EBC32B81F53F52018B.e.3984"}]}
RESULT: {"script":"<script> [56 bytes]","args":[{"element-6066-11e4-a52e-4f735466cecf":"f.84C8CB8F07A11D6CD1349F372DFB42D6.d.1A84FF73898CF7EBC32B81F53F52018B.e.3984","ELEMENT":"f.84C8CB8F07A11D6CD1349F372DFB42D6.d.1A84FF73898CF7EBC32B81F53F52018B.e.3984"}]}
COMMAND: POST /session/f66dc8af89e796c2a1bae8c13753431d/element - {"using":"css selector","value":"#shell-header-logo"}
COMMAND: GET /session/f66dc8af89e796c2a1bae8c13753431d/screenshot - {}
RESULT: {"using":"css selector","value":"#shell-header-logo"}
COMMAND: POST /session/f66dc8af89e796c2a1bae8c13753431d/element/f.84C8CB8F07A11D6CD1349F372DFB42D6.d.1A84FF73898CF7EBC32B81F53F52018B.e.3292/click - {}
RESULT: {}
RESULT: {}
COMMAND: GET /session/f66dc8af89e796c2a1bae8c13753431d/screenshot - {}
RESULT: {}
COMMAND: POST /session/f66dc8af89e796c2a1bae8c13753431d/execute/sync - {"script":"<script> [299 bytes]","args":[["getModel","getResource"]]}
RESULT: {"script":"<script> [299 bytes]","args":[["getModel","getResource"]]}
COMMAND: GET /session/f66dc8af89e796c2a1bae8c13753431d/screenshot - {}
]]></system-out>
    </testcase>
    <testcase classname="chrome.136_0_7103_93.windows.Create_partner_US118246" name="Should create a new yard in case create yard failed" time="0.003"/>
    <testcase classname="chrome.136_0_7103_93.windows.Create_partner_US118246" name="Should create new external WHM partner" time="160.17">
      <failure/>
      <error message="Can't call click on element with selector &quot;//li[.//span[text()= &quot;Webshop Catalog&quot;]]&quot; because element wasn't found"/>
      <system-out><![CDATA[
COMMAND: POST /session/f66dc8af89e796c2a1bae8c13753431d/window/fullscreen - {}
RESULT: {}
RESULT: {}
RESULT: undefined
COMMAND: POST /session/f66dc8af89e796c2a1bae8c13753431d/element - {"using":"xpath","value":"//*[@id=\"__tile38\"]"}
RESULT: {"using":"xpath","value":"//*[@id=\"__tile38\"]"}
COMMAND: POST /session/f66dc8af89e796c2a1bae8c13753431d/element/f.84C8CB8F07A11D6CD1349F372DFB42D6.d.1A84FF73898CF7EBC32B81F53F52018B.e.3180/click - {}
RESULT: {}
COMMAND: GET /session/f66dc8af89e796c2a1bae8c13753431d/screenshot - {}
RESULT: {}
COMMAND: POST /session/f66dc8af89e796c2a1bae8c13753431d/elements - {"using":"xpath","value":"//span[text()='Error']"}
RESULT: {"using":"xpath","value":"//span[text()='Error']"}
COMMAND: POST /session/f66dc8af89e796c2a1bae8c13753431d/element - {"using":"xpath","value":"//button[@data-kt=\"addButton\"]"}
RESULT: {"using":"xpath","value":"//button[@data-kt=\"addButton\"]"}
COMMAND: POST /session/f66dc8af89e796c2a1bae8c13753431d/elements - {"using":"xpath","value":"//button[@data-kt=\"addButton\"]"}
RESULT: {"using":"xpath","value":"//button[@data-kt=\"addButton\"]"}
COMMAND: POST /session/f66dc8af89e796c2a1bae8c13753431d/execute/sync - {"script":"<script> [8489 bytes]","args":[{"element-6066-11e4-a52e-4f735466cecf":"f.84C8CB8F07A11D6CD1349F372DFB42D6.d.1A84FF73898CF7EBC32B81F53F52018B.e.4031","ELEMENT":"f.84C8CB8F07A11D6CD1349F372DFB42D6.d.1A84FF73898CF7EBC32B81F53F52018B.e.4031"}]}
RESULT: {"script":"<script> [8489 bytes]","args":[{"element-6066-11e4-a52e-4f735466cecf":"f.84C8CB8F07A11D6CD1349F372DFB42D6.d.1A84FF73898CF7EBC32B81F53F52018B.e.4031","ELEMENT":"f.84C8CB8F07A11D6CD1349F372DFB42D6.d.1A84FF73898CF7EBC32B81F53F52018B.e.4031"}]}
COMMAND: GET /session/f66dc8af89e796c2a1bae8c13753431d/element/f.84C8CB8F07A11D6CD1349F372DFB42D6.d.1A84FF73898CF7EBC32B81F53F52018B.e.4031/enabled - {}
COMMAND: GET /session/f66dc8af89e796c2a1bae8c13753431d/screenshot - {}
RESULT: {}
COMMAND: POST /session/f66dc8af89e796c2a1bae8c13753431d/execute/sync - {"script":"<script> [8489 bytes]","args":[{"element-6066-11e4-a52e-4f735466cecf":"f.84C8CB8F07A11D6CD1349F372DFB42D6.d.1A84FF73898CF7EBC32B81F53F52018B.e.4031","ELEMENT":"f.84C8CB8F07A11D6CD1349F372DFB42D6.d.1A84FF73898CF7EBC32B81F53F52018B.e.4031"}]}
COMMAND: GET /session/f66dc8af89e796c2a1bae8c13753431d/screenshot - {}
RESULT: {}
RESULT: {"script":"<script> [8489 bytes]","args":[{"element-6066-11e4-a52e-4f735466cecf":"f.84C8CB8F07A11D6CD1349F372DFB42D6.d.1A84FF73898CF7EBC32B81F53F52018B.e.4031","ELEMENT":"f.84C8CB8F07A11D6CD1349F372DFB42D6.d.1A84FF73898CF7EBC32B81F53F52018B.e.4031"}]}
COMMAND: POST /session/f66dc8af89e796c2a1bae8c13753431d/execute/sync - {"script":"<script> [5351 bytes]","args":[{"element-6066-11e4-a52e-4f735466cecf":"f.84C8CB8F07A11D6CD1349F372DFB42D6.d.1A84FF73898CF7EBC32B81F53F52018B.e.4031","ELEMENT":"f.84C8CB8F07A11D6CD1349F372DFB42D6.d.1A84FF73898CF7EBC32B81F53F52018B.e.4031"}]}
COMMAND: GET /session/f66dc8af89e796c2a1bae8c13753431d/screenshot - {}
RESULT: {}
RESULT: {"script":"<script> [5351 bytes]","args":[{"element-6066-11e4-a52e-4f735466cecf":"f.84C8CB8F07A11D6CD1349F372DFB42D6.d.1A84FF73898CF7EBC32B81F53F52018B.e.4031","ELEMENT":"f.84C8CB8F07A11D6CD1349F372DFB42D6.d.1A84FF73898CF7EBC32B81F53F52018B.e.4031"}]}
COMMAND: POST /session/f66dc8af89e796c2a1bae8c13753431d/element/f.84C8CB8F07A11D6CD1349F372DFB42D6.d.1A84FF73898CF7EBC32B81F53F52018B.e.4031/click - {}
COMMAND: GET /session/f66dc8af89e796c2a1bae8c13753431d/screenshot - {}
RESULT: {}
RESULT: {}
COMMAND: GET /session/f66dc8af89e796c2a1bae8c13753431d/screenshot - {}
RESULT: undefined
COMMAND: POST /session/f66dc8af89e796c2a1bae8c13753431d/execute/async - {"script":"<script> [776 bytes]","args":[{"enterText":"External Partner WDIO","selector":{"id":"application-managepartners-display-component---NewPartner--addressDetailDetailsName1","interaction":{"idSuffix":"inner"}},"clearTextFirst":true,"interactionType":"ENTER_TEXT"}]}
RESULT: {}
RESULT: {}
RESULT: {"script":"<script> [776 bytes]","args":[{"enterText":"External Partner WDIO","selector":{"id":"application-managepartners-display-component---NewPartner--addressDetailDetailsName1","interaction":{"idSuffix":"inner"}},"clearTextFirst":true,"interactionType":"ENTER_TEXT"}]}
RESULT: undefined
COMMAND: POST /session/f66dc8af89e796c2a1bae8c13753431d/element - {"using":"xpath","value":"//*[@id=\"application-managepartners-display-component---NewPartner--addressDetailDetailsLanguage-arrow\"]"}
RESULT: {"using":"xpath","value":"//*[@id=\"application-managepartners-display-component---NewPartner--addressDetailDetailsLanguage-arrow\"]"}
COMMAND: POST /session/f66dc8af89e796c2a1bae8c13753431d/element/f.84C8CB8F07A11D6CD1349F372DFB42D6.d.1A84FF73898CF7EBC32B81F53F52018B.e.4464/click - {}
RESULT: {}
COMMAND: POST /session/f66dc8af89e796c2a1bae8c13753431d/element - {"using":"xpath","value":"//span[contains(text(), \"English\")]"}
COMMAND: GET /session/f66dc8af89e796c2a1bae8c13753431d/screenshot - {}
RESULT: {"using":"xpath","value":"//span[contains(text(), \"English\")]"}
COMMAND: POST /session/f66dc8af89e796c2a1bae8c13753431d/element/f.84C8CB8F07A11D6CD1349F372DFB42D6.d.1A84FF73898CF7EBC32B81F53F52018B.e.4465/click - {}
RESULT: {}
RESULT: {}
COMMAND: GET /session/f66dc8af89e796c2a1bae8c13753431d/screenshot - {}
RESULT: {}
RESULT: undefined
COMMAND: POST /session/f66dc8af89e796c2a1bae8c13753431d/execute/async - {"script":"<script> [776 bytes]","args":[{"enterText":"Rosario","selector":{"id":"application-managepartners-display-component---NewPartner--addressDetailDetailsCity1","interaction":{"idSuffix":"inner"}},"clearTextFirst":true,"interactionType":"ENTER_TEXT"}]}
RESULT: {"script":"<script> [776 bytes]","args":[{"enterText":"Rosario","selector":{"id":"application-managepartners-display-component---NewPartner--addressDetailDetailsCity1","interaction":{"idSuffix":"inner"}},"clearTextFirst":true,"interactionType":"ENTER_TEXT"}]}
RESULT: undefined
COMMAND: POST /session/f66dc8af89e796c2a1bae8c13753431d/element - {"using":"xpath","value":"//*[@id=\"application-managepartners-display-component---NewPartner--addressDetailDetailsCountry-arrow\"]"}
RESULT: {"using":"xpath","value":"//*[@id=\"application-managepartners-display-component---NewPartner--addressDetailDetailsCountry-arrow\"]"}
COMMAND: POST /session/f66dc8af89e796c2a1bae8c13753431d/element/f.84C8CB8F07A11D6CD1349F372DFB42D6.d.1A84FF73898CF7EBC32B81F53F52018B.e.4452/click - {}
RESULT: {}
COMMAND: POST /session/f66dc8af89e796c2a1bae8c13753431d/element - {"using":"xpath","value":"//span[contains(text(), \"Argentina\")]"}
COMMAND: GET /session/f66dc8af89e796c2a1bae8c13753431d/screenshot - {}
RESULT: {"using":"xpath","value":"//span[contains(text(), \"Argentina\")]"}
COMMAND: POST /session/f66dc8af89e796c2a1bae8c13753431d/element/f.84C8CB8F07A11D6CD1349F372DFB42D6.d.1A84FF73898CF7EBC32B81F53F52018B.e.4466/click - {}
RESULT: {}
RESULT: {}
COMMAND: GET /session/f66dc8af89e796c2a1bae8c13753431d/screenshot - {}
RESULT: {}
COMMAND: POST /session/f66dc8af89e796c2a1bae8c13753431d/element - {"using":"xpath","value":"//bdi[contains(text(), \"Commercial\")]"}
RESULT: {"using":"xpath","value":"//bdi[contains(text(), \"Commercial\")]"}
COMMAND: POST /session/f66dc8af89e796c2a1bae8c13753431d/element/f.84C8CB8F07A11D6CD1349F372DFB42D6.d.1A84FF73898CF7EBC32B81F53F52018B.e.4467/click - {}
RESULT: {}
COMMAND: GET /session/f66dc8af89e796c2a1bae8c13753431d/screenshot - {}
RESULT: {}
RESULT: undefined
COMMAND: POST /session/f66dc8af89e796c2a1bae8c13753431d/element - {"using":"xpath","value":"//*[@id=\"application-managepartners-display-component---NewPartner--partnerDetailInternal-arrow\"]"}
RESULT: {"using":"xpath","value":"//*[@id=\"application-managepartners-display-component---NewPartner--partnerDetailInternal-arrow\"]"}
COMMAND: POST /session/f66dc8af89e796c2a1bae8c13753431d/element/f.84C8CB8F07A11D6CD1349F372DFB42D6.d.1A84FF73898CF7EBC32B81F53F52018B.e.4473/click - {}
RESULT: {}
COMMAND: POST /session/f66dc8af89e796c2a1bae8c13753431d/element - {"using":"xpath","value":"//span[contains(text(), \"External partner\")]"}
COMMAND: GET /session/f66dc8af89e796c2a1bae8c13753431d/screenshot - {}
RESULT: {"using":"xpath","value":"//span[contains(text(), \"External partner\")]"}
COMMAND: POST /session/f66dc8af89e796c2a1bae8c13753431d/element/f.84C8CB8F07A11D6CD1349F372DFB42D6.d.1A84FF73898CF7EBC32B81F53F52018B.e.4474/click - {}
RESULT: {}
RESULT: {}
RESULT: undefined
COMMAND: POST /session/f66dc8af89e796c2a1bae8c13753431d/element - {"using":"xpath","value":"//*[@id=\"application-managepartners-display-component---NewPartner--partnerDetailsCurrency-arrow\"]"}
COMMAND: GET /session/f66dc8af89e796c2a1bae8c13753431d/screenshot - {}
RESULT: {"using":"xpath","value":"//*[@id=\"application-managepartners-display-component---NewPartner--partnerDetailsCurrency-arrow\"]"}
COMMAND: POST /session/f66dc8af89e796c2a1bae8c13753431d/element/f.84C8CB8F07A11D6CD1349F372DFB42D6.d.1A84FF73898CF7EBC32B81F53F52018B.e.4479/click - {}
RESULT: {}
RESULT: {}
COMMAND: POST /session/f66dc8af89e796c2a1bae8c13753431d/element - {"using":"xpath","value":"//span[contains(text(), \"US Dollar\")]"}
COMMAND: GET /session/f66dc8af89e796c2a1bae8c13753431d/screenshot - {}
RESULT: {"using":"xpath","value":"//span[contains(text(), \"US Dollar\")]"}
COMMAND: POST /session/f66dc8af89e796c2a1bae8c13753431d/element/f.84C8CB8F07A11D6CD1349F372DFB42D6.d.1A84FF73898CF7EBC32B81F53F52018B.e.4480/click - {}
RESULT: {}
RESULT: {}
COMMAND: GET /session/f66dc8af89e796c2a1bae8c13753431d/screenshot - {}
RESULT: {}
COMMAND: POST /session/f66dc8af89e796c2a1bae8c13753431d/element - {"using":"xpath","value":"//input[@id=\"application-managepartners-display-component---NewPartner--companyCodeComboBox-inner\"]"}
RESULT: {"using":"xpath","value":"//input[@id=\"application-managepartners-display-component---NewPartner--companyCodeComboBox-inner\"]"}
COMMAND: POST /session/f66dc8af89e796c2a1bae8c13753431d/element/f.84C8CB8F07A11D6CD1349F372DFB42D6.d.1A84FF73898CF7EBC32B81F53F52018B.e.4331/clear - {}
RESULT: {}
COMMAND: POST /session/f66dc8af89e796c2a1bae8c13753431d/element/f.84C8CB8F07A11D6CD1349F372DFB42D6.d.1A84FF73898CF7EBC32B81F53F52018B.e.4331/value - {"text":"C002"}
COMMAND: GET /session/f66dc8af89e796c2a1bae8c13753431d/screenshot - {}
RESULT: {"text":"C002"}
COMMAND: GET /session/f66dc8af89e796c2a1bae8c13753431d/screenshot - {}
RESULT: {}
RESULT: {}
COMMAND: POST /session/f66dc8af89e796c2a1bae8c13753431d/element - {"using":"xpath","value":"//li[.//span[text()= \"C002\"]]"}
RESULT: {"using":"xpath","value":"//li[.//span[text()= \"C002\"]]"}
COMMAND: POST /session/f66dc8af89e796c2a1bae8c13753431d/element/f.84C8CB8F07A11D6CD1349F372DFB42D6.d.1A84FF73898CF7EBC32B81F53F52018B.e.4484/click - {}
RESULT: {}
COMMAND: GET /session/f66dc8af89e796c2a1bae8c13753431d/screenshot - {}
RESULT: {}
RESULT: undefined
COMMAND: POST /session/f66dc8af89e796c2a1bae8c13753431d/element - {"using":"xpath","value":"//*[@id=\"__box7-arrow\"]"}
RESULT: {"using":"xpath","value":"//*[@id=\"__box7-arrow\"]"}
COMMAND: POST /session/f66dc8af89e796c2a1bae8c13753431d/elements - {"using":"xpath","value":"//*[@id=\"__box7-arrow\"]"}
RESULT: {"using":"xpath","value":"//*[@id=\"__box7-arrow\"]"}
COMMAND: POST /session/f66dc8af89e796c2a1bae8c13753431d/elements - {"using":"xpath","value":"//*[@id=\"__box7-arrow\"]"}
RESULT: {"using":"xpath","value":"//*[@id=\"__box7-arrow\"]"}
COMMAND: POST /session/f66dc8af89e796c2a1bae8c13753431d/elements - {"using":"xpath","value":"//*[@id=\"__box7-arrow\"]"}
RESULT: {"using":"xpath","value":"//*[@id=\"__box7-arrow\"]"}
COMMAND: POST /session/f66dc8af89e796c2a1bae8c13753431d/elements - {"using":"xpath","value":"//*[@id=\"__box7-arrow\"]"}
RESULT: {"using":"xpath","value":"//*[@id=\"__box7-arrow\"]"}
COMMAND: POST /session/f66dc8af89e796c2a1bae8c13753431d/elements - {"using":"xpath","value":"//*[@id=\"__box7-arrow\"]"}
RESULT: {"using":"xpath","value":"//*[@id=\"__box7-arrow\"]"}
COMMAND: POST /session/f66dc8af89e796c2a1bae8c13753431d/elements - {"using":"xpath","value":"//*[@id=\"__box7-arrow\"]"}
RESULT: {"using":"xpath","value":"//*[@id=\"__box7-arrow\"]"}
COMMAND: POST /session/f66dc8af89e796c2a1bae8c13753431d/elements - {"using":"xpath","value":"//*[@id=\"__box7-arrow\"]"}
RESULT: {"using":"xpath","value":"//*[@id=\"__box7-arrow\"]"}
COMMAND: POST /session/f66dc8af89e796c2a1bae8c13753431d/elements - {"using":"xpath","value":"//*[@id=\"__box7-arrow\"]"}
RESULT: {"using":"xpath","value":"//*[@id=\"__box7-arrow\"]"}
COMMAND: POST /session/f66dc8af89e796c2a1bae8c13753431d/elements - {"using":"xpath","value":"//*[@id=\"__box7-arrow\"]"}
RESULT: {"using":"xpath","value":"//*[@id=\"__box7-arrow\"]"}
COMMAND: POST /session/f66dc8af89e796c2a1bae8c13753431d/elements - {"using":"xpath","value":"//*[@id=\"__box7-arrow\"]"}
RESULT: {"using":"xpath","value":"//*[@id=\"__box7-arrow\"]"}
COMMAND: POST /session/f66dc8af89e796c2a1bae8c13753431d/elements - {"using":"xpath","value":"//*[@id=\"__box7-arrow\"]"}
RESULT: {"using":"xpath","value":"//*[@id=\"__box7-arrow\"]"}
COMMAND: POST /session/f66dc8af89e796c2a1bae8c13753431d/elements - {"using":"xpath","value":"//*[@id=\"__box7-arrow\"]"}
RESULT: {"using":"xpath","value":"//*[@id=\"__box7-arrow\"]"}
COMMAND: POST /session/f66dc8af89e796c2a1bae8c13753431d/elements - {"using":"xpath","value":"//*[@id=\"__box7-arrow\"]"}
RESULT: {"using":"xpath","value":"//*[@id=\"__box7-arrow\"]"}
COMMAND: POST /session/f66dc8af89e796c2a1bae8c13753431d/elements - {"using":"xpath","value":"//*[@id=\"__box7-arrow\"]"}
RESULT: {"using":"xpath","value":"//*[@id=\"__box7-arrow\"]"}
COMMAND: POST /session/f66dc8af89e796c2a1bae8c13753431d/elements - {"using":"xpath","value":"//*[@id=\"__box7-arrow\"]"}
RESULT: {"using":"xpath","value":"//*[@id=\"__box7-arrow\"]"}
COMMAND: POST /session/f66dc8af89e796c2a1bae8c13753431d/elements - {"using":"xpath","value":"//*[@id=\"__box7-arrow\"]"}
RESULT: {"using":"xpath","value":"//*[@id=\"__box7-arrow\"]"}
COMMAND: POST /session/f66dc8af89e796c2a1bae8c13753431d/elements - {"using":"xpath","value":"//*[@id=\"__box7-arrow\"]"}
RESULT: {"using":"xpath","value":"//*[@id=\"__box7-arrow\"]"}
COMMAND: POST /session/f66dc8af89e796c2a1bae8c13753431d/elements - {"using":"xpath","value":"//*[@id=\"__box7-arrow\"]"}
RESULT: {"using":"xpath","value":"//*[@id=\"__box7-arrow\"]"}
COMMAND: POST /session/f66dc8af89e796c2a1bae8c13753431d/elements - {"using":"xpath","value":"//*[@id=\"__box7-arrow\"]"}
RESULT: {"using":"xpath","value":"//*[@id=\"__box7-arrow\"]"}
COMMAND: POST /session/f66dc8af89e796c2a1bae8c13753431d/elements - {"using":"xpath","value":"//*[@id=\"__box7-arrow\"]"}
RESULT: {"using":"xpath","value":"//*[@id=\"__box7-arrow\"]"}
COMMAND: POST /session/f66dc8af89e796c2a1bae8c13753431d/elements - {"using":"xpath","value":"//*[@id=\"__box7-arrow\"]"}
RESULT: {"using":"xpath","value":"//*[@id=\"__box7-arrow\"]"}
COMMAND: POST /session/f66dc8af89e796c2a1bae8c13753431d/elements - {"using":"xpath","value":"//*[@id=\"__box7-arrow\"]"}
RESULT: {"using":"xpath","value":"//*[@id=\"__box7-arrow\"]"}
COMMAND: POST /session/f66dc8af89e796c2a1bae8c13753431d/elements - {"using":"xpath","value":"//*[@id=\"__box7-arrow\"]"}
RESULT: {"using":"xpath","value":"//*[@id=\"__box7-arrow\"]"}
COMMAND: POST /session/f66dc8af89e796c2a1bae8c13753431d/elements - {"using":"xpath","value":"//*[@id=\"__box7-arrow\"]"}
RESULT: {"using":"xpath","value":"//*[@id=\"__box7-arrow\"]"}
COMMAND: POST /session/f66dc8af89e796c2a1bae8c13753431d/elements - {"using":"xpath","value":"//*[@id=\"__box7-arrow\"]"}
RESULT: {"using":"xpath","value":"//*[@id=\"__box7-arrow\"]"}
COMMAND: POST /session/f66dc8af89e796c2a1bae8c13753431d/elements - {"using":"xpath","value":"//*[@id=\"__box7-arrow\"]"}
RESULT: {"using":"xpath","value":"//*[@id=\"__box7-arrow\"]"}
COMMAND: POST /session/f66dc8af89e796c2a1bae8c13753431d/elements - {"using":"xpath","value":"//*[@id=\"__box7-arrow\"]"}
RESULT: {"using":"xpath","value":"//*[@id=\"__box7-arrow\"]"}
COMMAND: POST /session/f66dc8af89e796c2a1bae8c13753431d/elements - {"using":"xpath","value":"//*[@id=\"__box7-arrow\"]"}
RESULT: {"using":"xpath","value":"//*[@id=\"__box7-arrow\"]"}
COMMAND: POST /session/f66dc8af89e796c2a1bae8c13753431d/elements - {"using":"xpath","value":"//*[@id=\"__box7-arrow\"]"}
RESULT: {"using":"xpath","value":"//*[@id=\"__box7-arrow\"]"}
COMMAND: POST /session/f66dc8af89e796c2a1bae8c13753431d/elements - {"using":"xpath","value":"//*[@id=\"__box7-arrow\"]"}
RESULT: {"using":"xpath","value":"//*[@id=\"__box7-arrow\"]"}
COMMAND: POST /session/f66dc8af89e796c2a1bae8c13753431d/elements - {"using":"xpath","value":"//*[@id=\"__box7-arrow\"]"}
RESULT: {"using":"xpath","value":"//*[@id=\"__box7-arrow\"]"}
COMMAND: POST /session/f66dc8af89e796c2a1bae8c13753431d/elements - {"using":"xpath","value":"//*[@id=\"__box7-arrow\"]"}
RESULT: {"using":"xpath","value":"//*[@id=\"__box7-arrow\"]"}
COMMAND: POST /session/f66dc8af89e796c2a1bae8c13753431d/elements - {"using":"xpath","value":"//*[@id=\"__box7-arrow\"]"}
RESULT: {"using":"xpath","value":"//*[@id=\"__box7-arrow\"]"}
COMMAND: POST /session/f66dc8af89e796c2a1bae8c13753431d/elements - {"using":"xpath","value":"//*[@id=\"__box7-arrow\"]"}
RESULT: {"using":"xpath","value":"//*[@id=\"__box7-arrow\"]"}
COMMAND: POST /session/f66dc8af89e796c2a1bae8c13753431d/elements - {"using":"xpath","value":"//*[@id=\"__box7-arrow\"]"}
RESULT: {"using":"xpath","value":"//*[@id=\"__box7-arrow\"]"}
COMMAND: POST /session/f66dc8af89e796c2a1bae8c13753431d/elements - {"using":"xpath","value":"//*[@id=\"__box7-arrow\"]"}
RESULT: {"using":"xpath","value":"//*[@id=\"__box7-arrow\"]"}
COMMAND: POST /session/f66dc8af89e796c2a1bae8c13753431d/elements - {"using":"xpath","value":"//*[@id=\"__box7-arrow\"]"}
RESULT: {"using":"xpath","value":"//*[@id=\"__box7-arrow\"]"}
COMMAND: POST /session/f66dc8af89e796c2a1bae8c13753431d/elements - {"using":"xpath","value":"//*[@id=\"__box7-arrow\"]"}
RESULT: {"using":"xpath","value":"//*[@id=\"__box7-arrow\"]"}
COMMAND: POST /session/f66dc8af89e796c2a1bae8c13753431d/elements - {"using":"xpath","value":"//*[@id=\"__box7-arrow\"]"}
RESULT: {"using":"xpath","value":"//*[@id=\"__box7-arrow\"]"}
COMMAND: POST /session/f66dc8af89e796c2a1bae8c13753431d/elements - {"using":"xpath","value":"//*[@id=\"__box7-arrow\"]"}
RESULT: {"using":"xpath","value":"//*[@id=\"__box7-arrow\"]"}
COMMAND: POST /session/f66dc8af89e796c2a1bae8c13753431d/elements - {"using":"xpath","value":"//*[@id=\"__box7-arrow\"]"}
RESULT: {"using":"xpath","value":"//*[@id=\"__box7-arrow\"]"}
COMMAND: POST /session/f66dc8af89e796c2a1bae8c13753431d/elements - {"using":"xpath","value":"//*[@id=\"__box7-arrow\"]"}
RESULT: {"using":"xpath","value":"//*[@id=\"__box7-arrow\"]"}
COMMAND: POST /session/f66dc8af89e796c2a1bae8c13753431d/elements - {"using":"xpath","value":"//*[@id=\"__box7-arrow\"]"}
RESULT: {"using":"xpath","value":"//*[@id=\"__box7-arrow\"]"}
COMMAND: POST /session/f66dc8af89e796c2a1bae8c13753431d/elements - {"using":"xpath","value":"//*[@id=\"__box7-arrow\"]"}
RESULT: {"using":"xpath","value":"//*[@id=\"__box7-arrow\"]"}
COMMAND: POST /session/f66dc8af89e796c2a1bae8c13753431d/elements - {"using":"xpath","value":"//*[@id=\"__box7-arrow\"]"}
RESULT: {"using":"xpath","value":"//*[@id=\"__box7-arrow\"]"}
COMMAND: POST /session/f66dc8af89e796c2a1bae8c13753431d/elements - {"using":"xpath","value":"//*[@id=\"__box7-arrow\"]"}
RESULT: {"using":"xpath","value":"//*[@id=\"__box7-arrow\"]"}
COMMAND: POST /session/f66dc8af89e796c2a1bae8c13753431d/elements - {"using":"xpath","value":"//*[@id=\"__box7-arrow\"]"}
RESULT: {"using":"xpath","value":"//*[@id=\"__box7-arrow\"]"}
COMMAND: POST /session/f66dc8af89e796c2a1bae8c13753431d/elements - {"using":"xpath","value":"//*[@id=\"__box7-arrow\"]"}
RESULT: {"using":"xpath","value":"//*[@id=\"__box7-arrow\"]"}
COMMAND: POST /session/f66dc8af89e796c2a1bae8c13753431d/elements - {"using":"xpath","value":"//*[@id=\"__box7-arrow\"]"}
RESULT: {"using":"xpath","value":"//*[@id=\"__box7-arrow\"]"}
COMMAND: POST /session/f66dc8af89e796c2a1bae8c13753431d/elements - {"using":"xpath","value":"//*[@id=\"__box7-arrow\"]"}
RESULT: {"using":"xpath","value":"//*[@id=\"__box7-arrow\"]"}
COMMAND: POST /session/f66dc8af89e796c2a1bae8c13753431d/elements - {"using":"xpath","value":"//*[@id=\"__box7-arrow\"]"}
RESULT: {"using":"xpath","value":"//*[@id=\"__box7-arrow\"]"}
COMMAND: POST /session/f66dc8af89e796c2a1bae8c13753431d/elements - {"using":"xpath","value":"//*[@id=\"__box7-arrow\"]"}
RESULT: {"using":"xpath","value":"//*[@id=\"__box7-arrow\"]"}
COMMAND: POST /session/f66dc8af89e796c2a1bae8c13753431d/elements - {"using":"xpath","value":"//*[@id=\"__box7-arrow\"]"}
RESULT: {"using":"xpath","value":"//*[@id=\"__box7-arrow\"]"}
COMMAND: POST /session/f66dc8af89e796c2a1bae8c13753431d/elements - {"using":"xpath","value":"//*[@id=\"__box7-arrow\"]"}
RESULT: {"using":"xpath","value":"//*[@id=\"__box7-arrow\"]"}
COMMAND: POST /session/f66dc8af89e796c2a1bae8c13753431d/elements - {"using":"xpath","value":"//*[@id=\"__box7-arrow\"]"}
RESULT: {"using":"xpath","value":"//*[@id=\"__box7-arrow\"]"}
COMMAND: POST /session/f66dc8af89e796c2a1bae8c13753431d/elements - {"using":"xpath","value":"//*[@id=\"__box7-arrow\"]"}
RESULT: {"using":"xpath","value":"//*[@id=\"__box7-arrow\"]"}
COMMAND: POST /session/f66dc8af89e796c2a1bae8c13753431d/elements - {"using":"xpath","value":"//*[@id=\"__box7-arrow\"]"}
RESULT: {"using":"xpath","value":"//*[@id=\"__box7-arrow\"]"}
COMMAND: POST /session/f66dc8af89e796c2a1bae8c13753431d/elements - {"using":"xpath","value":"//*[@id=\"__box7-arrow\"]"}
RESULT: {"using":"xpath","value":"//*[@id=\"__box7-arrow\"]"}
COMMAND: POST /session/f66dc8af89e796c2a1bae8c13753431d/elements - {"using":"xpath","value":"//*[@id=\"__box7-arrow\"]"}
RESULT: {"using":"xpath","value":"//*[@id=\"__box7-arrow\"]"}
COMMAND: POST /session/f66dc8af89e796c2a1bae8c13753431d/elements - {"using":"xpath","value":"//*[@id=\"__box7-arrow\"]"}
RESULT: {"using":"xpath","value":"//*[@id=\"__box7-arrow\"]"}
COMMAND: POST /session/f66dc8af89e796c2a1bae8c13753431d/elements - {"using":"xpath","value":"//*[@id=\"__box7-arrow\"]"}
RESULT: {"using":"xpath","value":"//*[@id=\"__box7-arrow\"]"}
COMMAND: POST /session/f66dc8af89e796c2a1bae8c13753431d/elements - {"using":"xpath","value":"//*[@id=\"__box7-arrow\"]"}
RESULT: {"using":"xpath","value":"//*[@id=\"__box7-arrow\"]"}
COMMAND: POST /session/f66dc8af89e796c2a1bae8c13753431d/elements - {"using":"xpath","value":"//*[@id=\"__box7-arrow\"]"}
RESULT: {"using":"xpath","value":"//*[@id=\"__box7-arrow\"]"}
COMMAND: POST /session/f66dc8af89e796c2a1bae8c13753431d/elements - {"using":"xpath","value":"//*[@id=\"__box7-arrow\"]"}
RESULT: {"using":"xpath","value":"//*[@id=\"__box7-arrow\"]"}
COMMAND: POST /session/f66dc8af89e796c2a1bae8c13753431d/elements - {"using":"xpath","value":"//*[@id=\"__box7-arrow\"]"}
RESULT: {"using":"xpath","value":"//*[@id=\"__box7-arrow\"]"}
COMMAND: POST /session/f66dc8af89e796c2a1bae8c13753431d/elements - {"using":"xpath","value":"//*[@id=\"__box7-arrow\"]"}
RESULT: {"using":"xpath","value":"//*[@id=\"__box7-arrow\"]"}
COMMAND: POST /session/f66dc8af89e796c2a1bae8c13753431d/elements - {"using":"xpath","value":"//*[@id=\"__box7-arrow\"]"}
RESULT: {"using":"xpath","value":"//*[@id=\"__box7-arrow\"]"}
COMMAND: POST /session/f66dc8af89e796c2a1bae8c13753431d/elements - {"using":"xpath","value":"//*[@id=\"__box7-arrow\"]"}
RESULT: {"using":"xpath","value":"//*[@id=\"__box7-arrow\"]"}
COMMAND: POST /session/f66dc8af89e796c2a1bae8c13753431d/elements - {"using":"xpath","value":"//*[@id=\"__box7-arrow\"]"}
RESULT: {"using":"xpath","value":"//*[@id=\"__box7-arrow\"]"}
COMMAND: POST /session/f66dc8af89e796c2a1bae8c13753431d/elements - {"using":"xpath","value":"//*[@id=\"__box7-arrow\"]"}
RESULT: {"using":"xpath","value":"//*[@id=\"__box7-arrow\"]"}
COMMAND: POST /session/f66dc8af89e796c2a1bae8c13753431d/elements - {"using":"xpath","value":"//*[@id=\"__box7-arrow\"]"}
RESULT: {"using":"xpath","value":"//*[@id=\"__box7-arrow\"]"}
COMMAND: POST /session/f66dc8af89e796c2a1bae8c13753431d/elements - {"using":"xpath","value":"//*[@id=\"__box7-arrow\"]"}
RESULT: {"using":"xpath","value":"//*[@id=\"__box7-arrow\"]"}
COMMAND: POST /session/f66dc8af89e796c2a1bae8c13753431d/elements - {"using":"xpath","value":"//*[@id=\"__box7-arrow\"]"}
RESULT: {"using":"xpath","value":"//*[@id=\"__box7-arrow\"]"}
COMMAND: POST /session/f66dc8af89e796c2a1bae8c13753431d/elements - {"using":"xpath","value":"//*[@id=\"__box7-arrow\"]"}
RESULT: {"using":"xpath","value":"//*[@id=\"__box7-arrow\"]"}
COMMAND: POST /session/f66dc8af89e796c2a1bae8c13753431d/elements - {"using":"xpath","value":"//*[@id=\"__box7-arrow\"]"}
RESULT: {"using":"xpath","value":"//*[@id=\"__box7-arrow\"]"}
COMMAND: POST /session/f66dc8af89e796c2a1bae8c13753431d/elements - {"using":"xpath","value":"//*[@id=\"__box7-arrow\"]"}
RESULT: {"using":"xpath","value":"//*[@id=\"__box7-arrow\"]"}
COMMAND: POST /session/f66dc8af89e796c2a1bae8c13753431d/elements - {"using":"xpath","value":"//*[@id=\"__box7-arrow\"]"}
RESULT: {"using":"xpath","value":"//*[@id=\"__box7-arrow\"]"}
COMMAND: POST /session/f66dc8af89e796c2a1bae8c13753431d/elements - {"using":"xpath","value":"//*[@id=\"__box7-arrow\"]"}
RESULT: {"using":"xpath","value":"//*[@id=\"__box7-arrow\"]"}
COMMAND: POST /session/f66dc8af89e796c2a1bae8c13753431d/elements - {"using":"xpath","value":"//*[@id=\"__box7-arrow\"]"}
RESULT: {"using":"xpath","value":"//*[@id=\"__box7-arrow\"]"}
COMMAND: POST /session/f66dc8af89e796c2a1bae8c13753431d/elements - {"using":"xpath","value":"//*[@id=\"__box7-arrow\"]"}
RESULT: {"using":"xpath","value":"//*[@id=\"__box7-arrow\"]"}
COMMAND: POST /session/f66dc8af89e796c2a1bae8c13753431d/elements - {"using":"xpath","value":"//*[@id=\"__box7-arrow\"]"}
RESULT: {"using":"xpath","value":"//*[@id=\"__box7-arrow\"]"}
COMMAND: POST /session/f66dc8af89e796c2a1bae8c13753431d/elements - {"using":"xpath","value":"//*[@id=\"__box7-arrow\"]"}
RESULT: {"using":"xpath","value":"//*[@id=\"__box7-arrow\"]"}
COMMAND: POST /session/f66dc8af89e796c2a1bae8c13753431d/elements - {"using":"xpath","value":"//*[@id=\"__box7-arrow\"]"}
RESULT: {"using":"xpath","value":"//*[@id=\"__box7-arrow\"]"}
COMMAND: POST /session/f66dc8af89e796c2a1bae8c13753431d/elements - {"using":"xpath","value":"//*[@id=\"__box7-arrow\"]"}
RESULT: {"using":"xpath","value":"//*[@id=\"__box7-arrow\"]"}
COMMAND: POST /session/f66dc8af89e796c2a1bae8c13753431d/elements - {"using":"xpath","value":"//*[@id=\"__box7-arrow\"]"}
RESULT: {"using":"xpath","value":"//*[@id=\"__box7-arrow\"]"}
COMMAND: POST /session/f66dc8af89e796c2a1bae8c13753431d/elements - {"using":"xpath","value":"//*[@id=\"__box7-arrow\"]"}
RESULT: {"using":"xpath","value":"//*[@id=\"__box7-arrow\"]"}
COMMAND: POST /session/f66dc8af89e796c2a1bae8c13753431d/elements - {"using":"xpath","value":"//*[@id=\"__box7-arrow\"]"}
RESULT: {"using":"xpath","value":"//*[@id=\"__box7-arrow\"]"}
COMMAND: POST /session/f66dc8af89e796c2a1bae8c13753431d/elements - {"using":"xpath","value":"//*[@id=\"__box7-arrow\"]"}
RESULT: {"using":"xpath","value":"//*[@id=\"__box7-arrow\"]"}
COMMAND: POST /session/f66dc8af89e796c2a1bae8c13753431d/elements - {"using":"xpath","value":"//*[@id=\"__box7-arrow\"]"}
RESULT: {"using":"xpath","value":"//*[@id=\"__box7-arrow\"]"}
COMMAND: POST /session/f66dc8af89e796c2a1bae8c13753431d/elements - {"using":"xpath","value":"//*[@id=\"__box7-arrow\"]"}
RESULT: {"using":"xpath","value":"//*[@id=\"__box7-arrow\"]"}
COMMAND: POST /session/f66dc8af89e796c2a1bae8c13753431d/elements - {"using":"xpath","value":"//*[@id=\"__box7-arrow\"]"}
RESULT: {"using":"xpath","value":"//*[@id=\"__box7-arrow\"]"}
COMMAND: POST /session/f66dc8af89e796c2a1bae8c13753431d/elements - {"using":"xpath","value":"//*[@id=\"__box7-arrow\"]"}
RESULT: {"using":"xpath","value":"//*[@id=\"__box7-arrow\"]"}
COMMAND: POST /session/f66dc8af89e796c2a1bae8c13753431d/elements - {"using":"xpath","value":"//*[@id=\"__box7-arrow\"]"}
RESULT: {"using":"xpath","value":"//*[@id=\"__box7-arrow\"]"}
COMMAND: POST /session/f66dc8af89e796c2a1bae8c13753431d/elements - {"using":"xpath","value":"//*[@id=\"__box7-arrow\"]"}
RESULT: {"using":"xpath","value":"//*[@id=\"__box7-arrow\"]"}
COMMAND: POST /session/f66dc8af89e796c2a1bae8c13753431d/elements - {"using":"xpath","value":"//*[@id=\"__box7-arrow\"]"}
RESULT: {"using":"xpath","value":"//*[@id=\"__box7-arrow\"]"}
COMMAND: POST /session/f66dc8af89e796c2a1bae8c13753431d/elements - {"using":"xpath","value":"//*[@id=\"__box7-arrow\"]"}
RESULT: {"using":"xpath","value":"//*[@id=\"__box7-arrow\"]"}
COMMAND: POST /session/f66dc8af89e796c2a1bae8c13753431d/elements - {"using":"xpath","value":"//*[@id=\"__box7-arrow\"]"}
RESULT: {"using":"xpath","value":"//*[@id=\"__box7-arrow\"]"}
COMMAND: POST /session/f66dc8af89e796c2a1bae8c13753431d/elements - {"using":"xpath","value":"//*[@id=\"__box7-arrow\"]"}
RESULT: {"using":"xpath","value":"//*[@id=\"__box7-arrow\"]"}
COMMAND: POST /session/f66dc8af89e796c2a1bae8c13753431d/elements - {"using":"xpath","value":"//*[@id=\"__box7-arrow\"]"}
RESULT: {"using":"xpath","value":"//*[@id=\"__box7-arrow\"]"}
COMMAND: POST /session/f66dc8af89e796c2a1bae8c13753431d/elements - {"using":"xpath","value":"//*[@id=\"__box7-arrow\"]"}
RESULT: {"using":"xpath","value":"//*[@id=\"__box7-arrow\"]"}
COMMAND: POST /session/f66dc8af89e796c2a1bae8c13753431d/elements - {"using":"xpath","value":"//*[@id=\"__box7-arrow\"]"}
RESULT: {"using":"xpath","value":"//*[@id=\"__box7-arrow\"]"}
COMMAND: POST /session/f66dc8af89e796c2a1bae8c13753431d/elements - {"using":"xpath","value":"//*[@id=\"__box7-arrow\"]"}
RESULT: {"using":"xpath","value":"//*[@id=\"__box7-arrow\"]"}
COMMAND: POST /session/f66dc8af89e796c2a1bae8c13753431d/elements - {"using":"xpath","value":"//*[@id=\"__box7-arrow\"]"}
RESULT: {"using":"xpath","value":"//*[@id=\"__box7-arrow\"]"}
COMMAND: POST /session/f66dc8af89e796c2a1bae8c13753431d/elements - {"using":"xpath","value":"//*[@id=\"__box7-arrow\"]"}
RESULT: {"using":"xpath","value":"//*[@id=\"__box7-arrow\"]"}
COMMAND: POST /session/f66dc8af89e796c2a1bae8c13753431d/elements - {"using":"xpath","value":"//*[@id=\"__box7-arrow\"]"}
RESULT: {"using":"xpath","value":"//*[@id=\"__box7-arrow\"]"}
COMMAND: POST /session/f66dc8af89e796c2a1bae8c13753431d/elements - {"using":"xpath","value":"//*[@id=\"__box7-arrow\"]"}
RESULT: {"using":"xpath","value":"//*[@id=\"__box7-arrow\"]"}
COMMAND: POST /session/f66dc8af89e796c2a1bae8c13753431d/elements - {"using":"xpath","value":"//*[@id=\"__box7-arrow\"]"}
RESULT: {"using":"xpath","value":"//*[@id=\"__box7-arrow\"]"}
COMMAND: POST /session/f66dc8af89e796c2a1bae8c13753431d/elements - {"using":"xpath","value":"//*[@id=\"__box7-arrow\"]"}
RESULT: {"using":"xpath","value":"//*[@id=\"__box7-arrow\"]"}
COMMAND: POST /session/f66dc8af89e796c2a1bae8c13753431d/elements - {"using":"xpath","value":"//*[@id=\"__box7-arrow\"]"}
RESULT: {"using":"xpath","value":"//*[@id=\"__box7-arrow\"]"}
COMMAND: POST /session/f66dc8af89e796c2a1bae8c13753431d/elements - {"using":"xpath","value":"//*[@id=\"__box7-arrow\"]"}
RESULT: {"using":"xpath","value":"//*[@id=\"__box7-arrow\"]"}
COMMAND: POST /session/f66dc8af89e796c2a1bae8c13753431d/elements - {"using":"xpath","value":"//*[@id=\"__box7-arrow\"]"}
RESULT: {"using":"xpath","value":"//*[@id=\"__box7-arrow\"]"}
COMMAND: POST /session/f66dc8af89e796c2a1bae8c13753431d/elements - {"using":"xpath","value":"//*[@id=\"__box7-arrow\"]"}
RESULT: {"using":"xpath","value":"//*[@id=\"__box7-arrow\"]"}
COMMAND: POST /session/f66dc8af89e796c2a1bae8c13753431d/elements - {"using":"xpath","value":"//*[@id=\"__box7-arrow\"]"}
RESULT: {"using":"xpath","value":"//*[@id=\"__box7-arrow\"]"}
COMMAND: POST /session/f66dc8af89e796c2a1bae8c13753431d/elements - {"using":"xpath","value":"//*[@id=\"__box7-arrow\"]"}
RESULT: {"using":"xpath","value":"//*[@id=\"__box7-arrow\"]"}
COMMAND: POST /session/f66dc8af89e796c2a1bae8c13753431d/elements - {"using":"xpath","value":"//*[@id=\"__box7-arrow\"]"}
RESULT: {"using":"xpath","value":"//*[@id=\"__box7-arrow\"]"}
COMMAND: POST /session/f66dc8af89e796c2a1bae8c13753431d/elements - {"using":"xpath","value":"//*[@id=\"__box7-arrow\"]"}
RESULT: {"using":"xpath","value":"//*[@id=\"__box7-arrow\"]"}
COMMAND: POST /session/f66dc8af89e796c2a1bae8c13753431d/elements - {"using":"xpath","value":"//*[@id=\"__box7-arrow\"]"}
RESULT: {"using":"xpath","value":"//*[@id=\"__box7-arrow\"]"}
COMMAND: POST /session/f66dc8af89e796c2a1bae8c13753431d/elements - {"using":"xpath","value":"//*[@id=\"__box7-arrow\"]"}
RESULT: {"using":"xpath","value":"//*[@id=\"__box7-arrow\"]"}
COMMAND: POST /session/f66dc8af89e796c2a1bae8c13753431d/elements - {"using":"xpath","value":"//*[@id=\"__box7-arrow\"]"}
RESULT: {"using":"xpath","value":"//*[@id=\"__box7-arrow\"]"}
COMMAND: POST /session/f66dc8af89e796c2a1bae8c13753431d/elements - {"using":"xpath","value":"//*[@id=\"__box7-arrow\"]"}
RESULT: {"using":"xpath","value":"//*[@id=\"__box7-arrow\"]"}
COMMAND: POST /session/f66dc8af89e796c2a1bae8c13753431d/elements - {"using":"xpath","value":"//*[@id=\"__box7-arrow\"]"}
RESULT: {"using":"xpath","value":"//*[@id=\"__box7-arrow\"]"}
COMMAND: POST /session/f66dc8af89e796c2a1bae8c13753431d/element - {"using":"xpath","value":"//li[.//span[text()= \"Webshop Catalog\"]]"}
RESULT: {"using":"xpath","value":"//li[.//span[text()= \"Webshop Catalog\"]]"}
COMMAND: POST /session/f66dc8af89e796c2a1bae8c13753431d/elements - {"using":"xpath","value":"//li[.//span[text()= \"Webshop Catalog\"]]"}
RESULT: {"using":"xpath","value":"//li[.//span[text()= \"Webshop Catalog\"]]"}
COMMAND: POST /session/f66dc8af89e796c2a1bae8c13753431d/elements - {"using":"xpath","value":"//li[.//span[text()= \"Webshop Catalog\"]]"}
RESULT: {"using":"xpath","value":"//li[.//span[text()= \"Webshop Catalog\"]]"}
COMMAND: POST /session/f66dc8af89e796c2a1bae8c13753431d/elements - {"using":"xpath","value":"//li[.//span[text()= \"Webshop Catalog\"]]"}
RESULT: {"using":"xpath","value":"//li[.//span[text()= \"Webshop Catalog\"]]"}
COMMAND: POST /session/f66dc8af89e796c2a1bae8c13753431d/elements - {"using":"xpath","value":"//li[.//span[text()= \"Webshop Catalog\"]]"}
RESULT: {"using":"xpath","value":"//li[.//span[text()= \"Webshop Catalog\"]]"}
COMMAND: POST /session/f66dc8af89e796c2a1bae8c13753431d/elements - {"using":"xpath","value":"//li[.//span[text()= \"Webshop Catalog\"]]"}
RESULT: {"using":"xpath","value":"//li[.//span[text()= \"Webshop Catalog\"]]"}
COMMAND: POST /session/f66dc8af89e796c2a1bae8c13753431d/elements - {"using":"xpath","value":"//li[.//span[text()= \"Webshop Catalog\"]]"}
RESULT: {"using":"xpath","value":"//li[.//span[text()= \"Webshop Catalog\"]]"}
COMMAND: POST /session/f66dc8af89e796c2a1bae8c13753431d/elements - {"using":"xpath","value":"//li[.//span[text()= \"Webshop Catalog\"]]"}
RESULT: {"using":"xpath","value":"//li[.//span[text()= \"Webshop Catalog\"]]"}
COMMAND: POST /session/f66dc8af89e796c2a1bae8c13753431d/elements - {"using":"xpath","value":"//li[.//span[text()= \"Webshop Catalog\"]]"}
RESULT: {"using":"xpath","value":"//li[.//span[text()= \"Webshop Catalog\"]]"}
COMMAND: POST /session/f66dc8af89e796c2a1bae8c13753431d/elements - {"using":"xpath","value":"//li[.//span[text()= \"Webshop Catalog\"]]"}
RESULT: {"using":"xpath","value":"//li[.//span[text()= \"Webshop Catalog\"]]"}
COMMAND: POST /session/f66dc8af89e796c2a1bae8c13753431d/elements - {"using":"xpath","value":"//li[.//span[text()= \"Webshop Catalog\"]]"}
RESULT: {"using":"xpath","value":"//li[.//span[text()= \"Webshop Catalog\"]]"}
COMMAND: POST /session/f66dc8af89e796c2a1bae8c13753431d/elements - {"using":"xpath","value":"//li[.//span[text()= \"Webshop Catalog\"]]"}
RESULT: {"using":"xpath","value":"//li[.//span[text()= \"Webshop Catalog\"]]"}
COMMAND: POST /session/f66dc8af89e796c2a1bae8c13753431d/elements - {"using":"xpath","value":"//li[.//span[text()= \"Webshop Catalog\"]]"}
RESULT: {"using":"xpath","value":"//li[.//span[text()= \"Webshop Catalog\"]]"}
COMMAND: POST /session/f66dc8af89e796c2a1bae8c13753431d/elements - {"using":"xpath","value":"//li[.//span[text()= \"Webshop Catalog\"]]"}
RESULT: {"using":"xpath","value":"//li[.//span[text()= \"Webshop Catalog\"]]"}
COMMAND: POST /session/f66dc8af89e796c2a1bae8c13753431d/elements - {"using":"xpath","value":"//li[.//span[text()= \"Webshop Catalog\"]]"}
RESULT: {"using":"xpath","value":"//li[.//span[text()= \"Webshop Catalog\"]]"}
COMMAND: POST /session/f66dc8af89e796c2a1bae8c13753431d/elements - {"using":"xpath","value":"//li[.//span[text()= \"Webshop Catalog\"]]"}
RESULT: {"using":"xpath","value":"//li[.//span[text()= \"Webshop Catalog\"]]"}
COMMAND: POST /session/f66dc8af89e796c2a1bae8c13753431d/elements - {"using":"xpath","value":"//li[.//span[text()= \"Webshop Catalog\"]]"}
RESULT: {"using":"xpath","value":"//li[.//span[text()= \"Webshop Catalog\"]]"}
COMMAND: POST /session/f66dc8af89e796c2a1bae8c13753431d/elements - {"using":"xpath","value":"//li[.//span[text()= \"Webshop Catalog\"]]"}
RESULT: {"using":"xpath","value":"//li[.//span[text()= \"Webshop Catalog\"]]"}
COMMAND: POST /session/f66dc8af89e796c2a1bae8c13753431d/elements - {"using":"xpath","value":"//li[.//span[text()= \"Webshop Catalog\"]]"}
RESULT: {"using":"xpath","value":"//li[.//span[text()= \"Webshop Catalog\"]]"}
COMMAND: POST /session/f66dc8af89e796c2a1bae8c13753431d/elements - {"using":"xpath","value":"//li[.//span[text()= \"Webshop Catalog\"]]"}
RESULT: {"using":"xpath","value":"//li[.//span[text()= \"Webshop Catalog\"]]"}
COMMAND: POST /session/f66dc8af89e796c2a1bae8c13753431d/elements - {"using":"xpath","value":"//li[.//span[text()= \"Webshop Catalog\"]]"}
RESULT: {"using":"xpath","value":"//li[.//span[text()= \"Webshop Catalog\"]]"}
COMMAND: POST /session/f66dc8af89e796c2a1bae8c13753431d/elements - {"using":"xpath","value":"//li[.//span[text()= \"Webshop Catalog\"]]"}
RESULT: {"using":"xpath","value":"//li[.//span[text()= \"Webshop Catalog\"]]"}
COMMAND: POST /session/f66dc8af89e796c2a1bae8c13753431d/elements - {"using":"xpath","value":"//li[.//span[text()= \"Webshop Catalog\"]]"}
RESULT: {"using":"xpath","value":"//li[.//span[text()= \"Webshop Catalog\"]]"}
COMMAND: POST /session/f66dc8af89e796c2a1bae8c13753431d/elements - {"using":"xpath","value":"//li[.//span[text()= \"Webshop Catalog\"]]"}
RESULT: {"using":"xpath","value":"//li[.//span[text()= \"Webshop Catalog\"]]"}
COMMAND: POST /session/f66dc8af89e796c2a1bae8c13753431d/elements - {"using":"xpath","value":"//li[.//span[text()= \"Webshop Catalog\"]]"}
RESULT: {"using":"xpath","value":"//li[.//span[text()= \"Webshop Catalog\"]]"}
COMMAND: POST /session/f66dc8af89e796c2a1bae8c13753431d/elements - {"using":"xpath","value":"//li[.//span[text()= \"Webshop Catalog\"]]"}
RESULT: {"using":"xpath","value":"//li[.//span[text()= \"Webshop Catalog\"]]"}
COMMAND: POST /session/f66dc8af89e796c2a1bae8c13753431d/elements - {"using":"xpath","value":"//li[.//span[text()= \"Webshop Catalog\"]]"}
RESULT: {"using":"xpath","value":"//li[.//span[text()= \"Webshop Catalog\"]]"}
COMMAND: POST /session/f66dc8af89e796c2a1bae8c13753431d/elements - {"using":"xpath","value":"//li[.//span[text()= \"Webshop Catalog\"]]"}
RESULT: {"using":"xpath","value":"//li[.//span[text()= \"Webshop Catalog\"]]"}
COMMAND: POST /session/f66dc8af89e796c2a1bae8c13753431d/elements - {"using":"xpath","value":"//li[.//span[text()= \"Webshop Catalog\"]]"}
RESULT: {"using":"xpath","value":"//li[.//span[text()= \"Webshop Catalog\"]]"}
COMMAND: POST /session/f66dc8af89e796c2a1bae8c13753431d/elements - {"using":"xpath","value":"//li[.//span[text()= \"Webshop Catalog\"]]"}
RESULT: {"using":"xpath","value":"//li[.//span[text()= \"Webshop Catalog\"]]"}
COMMAND: POST /session/f66dc8af89e796c2a1bae8c13753431d/elements - {"using":"xpath","value":"//li[.//span[text()= \"Webshop Catalog\"]]"}
RESULT: {"using":"xpath","value":"//li[.//span[text()= \"Webshop Catalog\"]]"}
COMMAND: POST /session/f66dc8af89e796c2a1bae8c13753431d/elements - {"using":"xpath","value":"//li[.//span[text()= \"Webshop Catalog\"]]"}
RESULT: {"using":"xpath","value":"//li[.//span[text()= \"Webshop Catalog\"]]"}
COMMAND: POST /session/f66dc8af89e796c2a1bae8c13753431d/elements - {"using":"xpath","value":"//li[.//span[text()= \"Webshop Catalog\"]]"}
RESULT: {"using":"xpath","value":"//li[.//span[text()= \"Webshop Catalog\"]]"}
COMMAND: POST /session/f66dc8af89e796c2a1bae8c13753431d/elements - {"using":"xpath","value":"//li[.//span[text()= \"Webshop Catalog\"]]"}
RESULT: {"using":"xpath","value":"//li[.//span[text()= \"Webshop Catalog\"]]"}
COMMAND: POST /session/f66dc8af89e796c2a1bae8c13753431d/elements - {"using":"xpath","value":"//li[.//span[text()= \"Webshop Catalog\"]]"}
RESULT: {"using":"xpath","value":"//li[.//span[text()= \"Webshop Catalog\"]]"}
COMMAND: POST /session/f66dc8af89e796c2a1bae8c13753431d/elements - {"using":"xpath","value":"//li[.//span[text()= \"Webshop Catalog\"]]"}
RESULT: {"using":"xpath","value":"//li[.//span[text()= \"Webshop Catalog\"]]"}
COMMAND: POST /session/f66dc8af89e796c2a1bae8c13753431d/elements - {"using":"xpath","value":"//li[.//span[text()= \"Webshop Catalog\"]]"}
RESULT: {"using":"xpath","value":"//li[.//span[text()= \"Webshop Catalog\"]]"}
COMMAND: POST /session/f66dc8af89e796c2a1bae8c13753431d/elements - {"using":"xpath","value":"//li[.//span[text()= \"Webshop Catalog\"]]"}
RESULT: {"using":"xpath","value":"//li[.//span[text()= \"Webshop Catalog\"]]"}
COMMAND: POST /session/f66dc8af89e796c2a1bae8c13753431d/elements - {"using":"xpath","value":"//li[.//span[text()= \"Webshop Catalog\"]]"}
RESULT: {"using":"xpath","value":"//li[.//span[text()= \"Webshop Catalog\"]]"}
COMMAND: POST /session/f66dc8af89e796c2a1bae8c13753431d/elements - {"using":"xpath","value":"//li[.//span[text()= \"Webshop Catalog\"]]"}
RESULT: {"using":"xpath","value":"//li[.//span[text()= \"Webshop Catalog\"]]"}
COMMAND: POST /session/f66dc8af89e796c2a1bae8c13753431d/elements - {"using":"xpath","value":"//li[.//span[text()= \"Webshop Catalog\"]]"}
RESULT: {"using":"xpath","value":"//li[.//span[text()= \"Webshop Catalog\"]]"}
COMMAND: POST /session/f66dc8af89e796c2a1bae8c13753431d/elements - {"using":"xpath","value":"//li[.//span[text()= \"Webshop Catalog\"]]"}
RESULT: {"using":"xpath","value":"//li[.//span[text()= \"Webshop Catalog\"]]"}
COMMAND: POST /session/f66dc8af89e796c2a1bae8c13753431d/elements - {"using":"xpath","value":"//li[.//span[text()= \"Webshop Catalog\"]]"}
RESULT: {"using":"xpath","value":"//li[.//span[text()= \"Webshop Catalog\"]]"}
COMMAND: POST /session/f66dc8af89e796c2a1bae8c13753431d/elements - {"using":"xpath","value":"//li[.//span[text()= \"Webshop Catalog\"]]"}
RESULT: {"using":"xpath","value":"//li[.//span[text()= \"Webshop Catalog\"]]"}
COMMAND: POST /session/f66dc8af89e796c2a1bae8c13753431d/elements - {"using":"xpath","value":"//li[.//span[text()= \"Webshop Catalog\"]]"}
RESULT: {"using":"xpath","value":"//li[.//span[text()= \"Webshop Catalog\"]]"}
COMMAND: POST /session/f66dc8af89e796c2a1bae8c13753431d/elements - {"using":"xpath","value":"//li[.//span[text()= \"Webshop Catalog\"]]"}
RESULT: {"using":"xpath","value":"//li[.//span[text()= \"Webshop Catalog\"]]"}
COMMAND: POST /session/f66dc8af89e796c2a1bae8c13753431d/elements - {"using":"xpath","value":"//li[.//span[text()= \"Webshop Catalog\"]]"}
RESULT: {"using":"xpath","value":"//li[.//span[text()= \"Webshop Catalog\"]]"}
COMMAND: POST /session/f66dc8af89e796c2a1bae8c13753431d/elements - {"using":"xpath","value":"//li[.//span[text()= \"Webshop Catalog\"]]"}
RESULT: {"using":"xpath","value":"//li[.//span[text()= \"Webshop Catalog\"]]"}
COMMAND: POST /session/f66dc8af89e796c2a1bae8c13753431d/elements - {"using":"xpath","value":"//li[.//span[text()= \"Webshop Catalog\"]]"}
RESULT: {"using":"xpath","value":"//li[.//span[text()= \"Webshop Catalog\"]]"}
COMMAND: POST /session/f66dc8af89e796c2a1bae8c13753431d/elements - {"using":"xpath","value":"//li[.//span[text()= \"Webshop Catalog\"]]"}
RESULT: {"using":"xpath","value":"//li[.//span[text()= \"Webshop Catalog\"]]"}
COMMAND: POST /session/f66dc8af89e796c2a1bae8c13753431d/elements - {"using":"xpath","value":"//li[.//span[text()= \"Webshop Catalog\"]]"}
RESULT: {"using":"xpath","value":"//li[.//span[text()= \"Webshop Catalog\"]]"}
COMMAND: POST /session/f66dc8af89e796c2a1bae8c13753431d/elements - {"using":"xpath","value":"//li[.//span[text()= \"Webshop Catalog\"]]"}
RESULT: {"using":"xpath","value":"//li[.//span[text()= \"Webshop Catalog\"]]"}
COMMAND: POST /session/f66dc8af89e796c2a1bae8c13753431d/elements - {"using":"xpath","value":"//li[.//span[text()= \"Webshop Catalog\"]]"}
RESULT: {"using":"xpath","value":"//li[.//span[text()= \"Webshop Catalog\"]]"}
COMMAND: POST /session/f66dc8af89e796c2a1bae8c13753431d/elements - {"using":"xpath","value":"//li[.//span[text()= \"Webshop Catalog\"]]"}
RESULT: {"using":"xpath","value":"//li[.//span[text()= \"Webshop Catalog\"]]"}
COMMAND: POST /session/f66dc8af89e796c2a1bae8c13753431d/elements - {"using":"xpath","value":"//li[.//span[text()= \"Webshop Catalog\"]]"}
RESULT: {"using":"xpath","value":"//li[.//span[text()= \"Webshop Catalog\"]]"}
COMMAND: POST /session/f66dc8af89e796c2a1bae8c13753431d/elements - {"using":"xpath","value":"//li[.//span[text()= \"Webshop Catalog\"]]"}
RESULT: {"using":"xpath","value":"//li[.//span[text()= \"Webshop Catalog\"]]"}
COMMAND: POST /session/f66dc8af89e796c2a1bae8c13753431d/elements - {"using":"xpath","value":"//li[.//span[text()= \"Webshop Catalog\"]]"}
RESULT: {"using":"xpath","value":"//li[.//span[text()= \"Webshop Catalog\"]]"}
COMMAND: POST /session/f66dc8af89e796c2a1bae8c13753431d/elements - {"using":"xpath","value":"//li[.//span[text()= \"Webshop Catalog\"]]"}
RESULT: {"using":"xpath","value":"//li[.//span[text()= \"Webshop Catalog\"]]"}
COMMAND: POST /session/f66dc8af89e796c2a1bae8c13753431d/elements - {"using":"xpath","value":"//li[.//span[text()= \"Webshop Catalog\"]]"}
RESULT: {"using":"xpath","value":"//li[.//span[text()= \"Webshop Catalog\"]]"}
COMMAND: POST /session/f66dc8af89e796c2a1bae8c13753431d/elements - {"using":"xpath","value":"//li[.//span[text()= \"Webshop Catalog\"]]"}
RESULT: {"using":"xpath","value":"//li[.//span[text()= \"Webshop Catalog\"]]"}
COMMAND: POST /session/f66dc8af89e796c2a1bae8c13753431d/elements - {"using":"xpath","value":"//li[.//span[text()= \"Webshop Catalog\"]]"}
RESULT: {"using":"xpath","value":"//li[.//span[text()= \"Webshop Catalog\"]]"}
COMMAND: POST /session/f66dc8af89e796c2a1bae8c13753431d/elements - {"using":"xpath","value":"//li[.//span[text()= \"Webshop Catalog\"]]"}
RESULT: {"using":"xpath","value":"//li[.//span[text()= \"Webshop Catalog\"]]"}
COMMAND: POST /session/f66dc8af89e796c2a1bae8c13753431d/elements - {"using":"xpath","value":"//li[.//span[text()= \"Webshop Catalog\"]]"}
RESULT: {"using":"xpath","value":"//li[.//span[text()= \"Webshop Catalog\"]]"}
COMMAND: POST /session/f66dc8af89e796c2a1bae8c13753431d/elements - {"using":"xpath","value":"//li[.//span[text()= \"Webshop Catalog\"]]"}
RESULT: {"using":"xpath","value":"//li[.//span[text()= \"Webshop Catalog\"]]"}
COMMAND: POST /session/f66dc8af89e796c2a1bae8c13753431d/elements - {"using":"xpath","value":"//li[.//span[text()= \"Webshop Catalog\"]]"}
RESULT: {"using":"xpath","value":"//li[.//span[text()= \"Webshop Catalog\"]]"}
COMMAND: POST /session/f66dc8af89e796c2a1bae8c13753431d/elements - {"using":"xpath","value":"//li[.//span[text()= \"Webshop Catalog\"]]"}
RESULT: {"using":"xpath","value":"//li[.//span[text()= \"Webshop Catalog\"]]"}
COMMAND: POST /session/f66dc8af89e796c2a1bae8c13753431d/elements - {"using":"xpath","value":"//li[.//span[text()= \"Webshop Catalog\"]]"}
RESULT: {"using":"xpath","value":"//li[.//span[text()= \"Webshop Catalog\"]]"}
COMMAND: POST /session/f66dc8af89e796c2a1bae8c13753431d/elements - {"using":"xpath","value":"//li[.//span[text()= \"Webshop Catalog\"]]"}
RESULT: {"using":"xpath","value":"//li[.//span[text()= \"Webshop Catalog\"]]"}
COMMAND: POST /session/f66dc8af89e796c2a1bae8c13753431d/elements - {"using":"xpath","value":"//li[.//span[text()= \"Webshop Catalog\"]]"}
RESULT: {"using":"xpath","value":"//li[.//span[text()= \"Webshop Catalog\"]]"}
COMMAND: POST /session/f66dc8af89e796c2a1bae8c13753431d/elements - {"using":"xpath","value":"//li[.//span[text()= \"Webshop Catalog\"]]"}
RESULT: {"using":"xpath","value":"//li[.//span[text()= \"Webshop Catalog\"]]"}
COMMAND: POST /session/f66dc8af89e796c2a1bae8c13753431d/elements - {"using":"xpath","value":"//li[.//span[text()= \"Webshop Catalog\"]]"}
RESULT: {"using":"xpath","value":"//li[.//span[text()= \"Webshop Catalog\"]]"}
COMMAND: POST /session/f66dc8af89e796c2a1bae8c13753431d/elements - {"using":"xpath","value":"//li[.//span[text()= \"Webshop Catalog\"]]"}
RESULT: {"using":"xpath","value":"//li[.//span[text()= \"Webshop Catalog\"]]"}
COMMAND: POST /session/f66dc8af89e796c2a1bae8c13753431d/elements - {"using":"xpath","value":"//li[.//span[text()= \"Webshop Catalog\"]]"}
RESULT: {"using":"xpath","value":"//li[.//span[text()= \"Webshop Catalog\"]]"}
COMMAND: POST /session/f66dc8af89e796c2a1bae8c13753431d/elements - {"using":"xpath","value":"//li[.//span[text()= \"Webshop Catalog\"]]"}
RESULT: {"using":"xpath","value":"//li[.//span[text()= \"Webshop Catalog\"]]"}
COMMAND: POST /session/f66dc8af89e796c2a1bae8c13753431d/elements - {"using":"xpath","value":"//li[.//span[text()= \"Webshop Catalog\"]]"}
RESULT: {"using":"xpath","value":"//li[.//span[text()= \"Webshop Catalog\"]]"}
COMMAND: POST /session/f66dc8af89e796c2a1bae8c13753431d/elements - {"using":"xpath","value":"//li[.//span[text()= \"Webshop Catalog\"]]"}
RESULT: {"using":"xpath","value":"//li[.//span[text()= \"Webshop Catalog\"]]"}
COMMAND: POST /session/f66dc8af89e796c2a1bae8c13753431d/elements - {"using":"xpath","value":"//li[.//span[text()= \"Webshop Catalog\"]]"}
RESULT: {"using":"xpath","value":"//li[.//span[text()= \"Webshop Catalog\"]]"}
COMMAND: POST /session/f66dc8af89e796c2a1bae8c13753431d/elements - {"using":"xpath","value":"//li[.//span[text()= \"Webshop Catalog\"]]"}
RESULT: {"using":"xpath","value":"//li[.//span[text()= \"Webshop Catalog\"]]"}
COMMAND: POST /session/f66dc8af89e796c2a1bae8c13753431d/elements - {"using":"xpath","value":"//li[.//span[text()= \"Webshop Catalog\"]]"}
RESULT: {"using":"xpath","value":"//li[.//span[text()= \"Webshop Catalog\"]]"}
COMMAND: POST /session/f66dc8af89e796c2a1bae8c13753431d/elements - {"using":"xpath","value":"//li[.//span[text()= \"Webshop Catalog\"]]"}
RESULT: {"using":"xpath","value":"//li[.//span[text()= \"Webshop Catalog\"]]"}
COMMAND: POST /session/f66dc8af89e796c2a1bae8c13753431d/elements - {"using":"xpath","value":"//li[.//span[text()= \"Webshop Catalog\"]]"}
RESULT: {"using":"xpath","value":"//li[.//span[text()= \"Webshop Catalog\"]]"}
COMMAND: POST /session/f66dc8af89e796c2a1bae8c13753431d/elements - {"using":"xpath","value":"//li[.//span[text()= \"Webshop Catalog\"]]"}
RESULT: {"using":"xpath","value":"//li[.//span[text()= \"Webshop Catalog\"]]"}
COMMAND: POST /session/f66dc8af89e796c2a1bae8c13753431d/elements - {"using":"xpath","value":"//li[.//span[text()= \"Webshop Catalog\"]]"}
RESULT: {"using":"xpath","value":"//li[.//span[text()= \"Webshop Catalog\"]]"}
COMMAND: POST /session/f66dc8af89e796c2a1bae8c13753431d/elements - {"using":"xpath","value":"//li[.//span[text()= \"Webshop Catalog\"]]"}
RESULT: {"using":"xpath","value":"//li[.//span[text()= \"Webshop Catalog\"]]"}
COMMAND: POST /session/f66dc8af89e796c2a1bae8c13753431d/elements - {"using":"xpath","value":"//li[.//span[text()= \"Webshop Catalog\"]]"}
RESULT: {"using":"xpath","value":"//li[.//span[text()= \"Webshop Catalog\"]]"}
COMMAND: POST /session/f66dc8af89e796c2a1bae8c13753431d/elements - {"using":"xpath","value":"//li[.//span[text()= \"Webshop Catalog\"]]"}
RESULT: {"using":"xpath","value":"//li[.//span[text()= \"Webshop Catalog\"]]"}
COMMAND: POST /session/f66dc8af89e796c2a1bae8c13753431d/elements - {"using":"xpath","value":"//li[.//span[text()= \"Webshop Catalog\"]]"}
RESULT: {"using":"xpath","value":"//li[.//span[text()= \"Webshop Catalog\"]]"}
COMMAND: POST /session/f66dc8af89e796c2a1bae8c13753431d/elements - {"using":"xpath","value":"//li[.//span[text()= \"Webshop Catalog\"]]"}
RESULT: {"using":"xpath","value":"//li[.//span[text()= \"Webshop Catalog\"]]"}
COMMAND: POST /session/f66dc8af89e796c2a1bae8c13753431d/elements - {"using":"xpath","value":"//li[.//span[text()= \"Webshop Catalog\"]]"}
RESULT: {"using":"xpath","value":"//li[.//span[text()= \"Webshop Catalog\"]]"}
COMMAND: POST /session/f66dc8af89e796c2a1bae8c13753431d/elements - {"using":"xpath","value":"//li[.//span[text()= \"Webshop Catalog\"]]"}
RESULT: {"using":"xpath","value":"//li[.//span[text()= \"Webshop Catalog\"]]"}
COMMAND: POST /session/f66dc8af89e796c2a1bae8c13753431d/elements - {"using":"xpath","value":"//li[.//span[text()= \"Webshop Catalog\"]]"}
RESULT: {"using":"xpath","value":"//li[.//span[text()= \"Webshop Catalog\"]]"}
COMMAND: POST /session/f66dc8af89e796c2a1bae8c13753431d/elements - {"using":"xpath","value":"//li[.//span[text()= \"Webshop Catalog\"]]"}
RESULT: {"using":"xpath","value":"//li[.//span[text()= \"Webshop Catalog\"]]"}
COMMAND: POST /session/f66dc8af89e796c2a1bae8c13753431d/elements - {"using":"xpath","value":"//li[.//span[text()= \"Webshop Catalog\"]]"}
RESULT: {"using":"xpath","value":"//li[.//span[text()= \"Webshop Catalog\"]]"}
COMMAND: POST /session/f66dc8af89e796c2a1bae8c13753431d/elements - {"using":"xpath","value":"//li[.//span[text()= \"Webshop Catalog\"]]"}
RESULT: {"using":"xpath","value":"//li[.//span[text()= \"Webshop Catalog\"]]"}
COMMAND: POST /session/f66dc8af89e796c2a1bae8c13753431d/elements - {"using":"xpath","value":"//li[.//span[text()= \"Webshop Catalog\"]]"}
RESULT: {"using":"xpath","value":"//li[.//span[text()= \"Webshop Catalog\"]]"}
COMMAND: POST /session/f66dc8af89e796c2a1bae8c13753431d/elements - {"using":"xpath","value":"//li[.//span[text()= \"Webshop Catalog\"]]"}
RESULT: {"using":"xpath","value":"//li[.//span[text()= \"Webshop Catalog\"]]"}
COMMAND: POST /session/f66dc8af89e796c2a1bae8c13753431d/elements - {"using":"xpath","value":"//li[.//span[text()= \"Webshop Catalog\"]]"}
RESULT: {"using":"xpath","value":"//li[.//span[text()= \"Webshop Catalog\"]]"}
COMMAND: POST /session/f66dc8af89e796c2a1bae8c13753431d/elements - {"using":"xpath","value":"//li[.//span[text()= \"Webshop Catalog\"]]"}
RESULT: {"using":"xpath","value":"//li[.//span[text()= \"Webshop Catalog\"]]"}
COMMAND: POST /session/f66dc8af89e796c2a1bae8c13753431d/elements - {"using":"xpath","value":"//li[.//span[text()= \"Webshop Catalog\"]]"}
RESULT: {"using":"xpath","value":"//li[.//span[text()= \"Webshop Catalog\"]]"}
COMMAND: POST /session/f66dc8af89e796c2a1bae8c13753431d/elements - {"using":"xpath","value":"//li[.//span[text()= \"Webshop Catalog\"]]"}
RESULT: {"using":"xpath","value":"//li[.//span[text()= \"Webshop Catalog\"]]"}
COMMAND: POST /session/f66dc8af89e796c2a1bae8c13753431d/elements - {"using":"xpath","value":"//li[.//span[text()= \"Webshop Catalog\"]]"}
RESULT: {"using":"xpath","value":"//li[.//span[text()= \"Webshop Catalog\"]]"}
COMMAND: POST /session/f66dc8af89e796c2a1bae8c13753431d/elements - {"using":"xpath","value":"//li[.//span[text()= \"Webshop Catalog\"]]"}
RESULT: {"using":"xpath","value":"//li[.//span[text()= \"Webshop Catalog\"]]"}
COMMAND: POST /session/f66dc8af89e796c2a1bae8c13753431d/elements - {"using":"xpath","value":"//li[.//span[text()= \"Webshop Catalog\"]]"}
RESULT: {"using":"xpath","value":"//li[.//span[text()= \"Webshop Catalog\"]]"}
COMMAND: POST /session/f66dc8af89e796c2a1bae8c13753431d/elements - {"using":"xpath","value":"//li[.//span[text()= \"Webshop Catalog\"]]"}
RESULT: {"using":"xpath","value":"//li[.//span[text()= \"Webshop Catalog\"]]"}
COMMAND: POST /session/f66dc8af89e796c2a1bae8c13753431d/elements - {"using":"xpath","value":"//li[.//span[text()= \"Webshop Catalog\"]]"}
RESULT: {"using":"xpath","value":"//li[.//span[text()= \"Webshop Catalog\"]]"}
COMMAND: POST /session/f66dc8af89e796c2a1bae8c13753431d/elements - {"using":"xpath","value":"//li[.//span[text()= \"Webshop Catalog\"]]"}
RESULT: {"using":"xpath","value":"//li[.//span[text()= \"Webshop Catalog\"]]"}
COMMAND: POST /session/f66dc8af89e796c2a1bae8c13753431d/elements - {"using":"xpath","value":"//li[.//span[text()= \"Webshop Catalog\"]]"}
RESULT: {"using":"xpath","value":"//li[.//span[text()= \"Webshop Catalog\"]]"}
COMMAND: POST /session/f66dc8af89e796c2a1bae8c13753431d/elements - {"using":"xpath","value":"//li[.//span[text()= \"Webshop Catalog\"]]"}
RESULT: {"using":"xpath","value":"//li[.//span[text()= \"Webshop Catalog\"]]"}
COMMAND: POST /session/f66dc8af89e796c2a1bae8c13753431d/elements - {"using":"xpath","value":"//li[.//span[text()= \"Webshop Catalog\"]]"}
RESULT: {"using":"xpath","value":"//li[.//span[text()= \"Webshop Catalog\"]]"}
COMMAND: POST /session/f66dc8af89e796c2a1bae8c13753431d/elements - {"using":"xpath","value":"//li[.//span[text()= \"Webshop Catalog\"]]"}
RESULT: {"using":"xpath","value":"//li[.//span[text()= \"Webshop Catalog\"]]"}
COMMAND: POST /session/f66dc8af89e796c2a1bae8c13753431d/elements - {"using":"xpath","value":"//li[.//span[text()= \"Webshop Catalog\"]]"}
RESULT: {"using":"xpath","value":"//li[.//span[text()= \"Webshop Catalog\"]]"}
COMMAND: POST /session/f66dc8af89e796c2a1bae8c13753431d/elements - {"using":"xpath","value":"//li[.//span[text()= \"Webshop Catalog\"]]"}
RESULT: {"using":"xpath","value":"//li[.//span[text()= \"Webshop Catalog\"]]"}
COMMAND: POST /session/f66dc8af89e796c2a1bae8c13753431d/elements - {"using":"xpath","value":"//li[.//span[text()= \"Webshop Catalog\"]]"}
RESULT: {"using":"xpath","value":"//li[.//span[text()= \"Webshop Catalog\"]]"}
COMMAND: POST /session/f66dc8af89e796c2a1bae8c13753431d/elements - {"using":"xpath","value":"//li[.//span[text()= \"Webshop Catalog\"]]"}
RESULT: {"using":"xpath","value":"//li[.//span[text()= \"Webshop Catalog\"]]"}
COMMAND: POST /session/f66dc8af89e796c2a1bae8c13753431d/elements - {"using":"xpath","value":"//li[.//span[text()= \"Webshop Catalog\"]]"}
RESULT: {"using":"xpath","value":"//li[.//span[text()= \"Webshop Catalog\"]]"}
COMMAND: POST /session/f66dc8af89e796c2a1bae8c13753431d/elements - {"using":"xpath","value":"//li[.//span[text()= \"Webshop Catalog\"]]"}
RESULT: {"using":"xpath","value":"//li[.//span[text()= \"Webshop Catalog\"]]"}
COMMAND: POST /session/f66dc8af89e796c2a1bae8c13753431d/elements - {"using":"xpath","value":"//li[.//span[text()= \"Webshop Catalog\"]]"}
RESULT: {"using":"xpath","value":"//li[.//span[text()= \"Webshop Catalog\"]]"}
COMMAND: POST /session/f66dc8af89e796c2a1bae8c13753431d/elements - {"using":"xpath","value":"//li[.//span[text()= \"Webshop Catalog\"]]"}
RESULT: {"using":"xpath","value":"//li[.//span[text()= \"Webshop Catalog\"]]"}
COMMAND: POST /session/f66dc8af89e796c2a1bae8c13753431d/elements - {"using":"xpath","value":"//li[.//span[text()= \"Webshop Catalog\"]]"}
RESULT: {"using":"xpath","value":"//li[.//span[text()= \"Webshop Catalog\"]]"}
COMMAND: POST /session/f66dc8af89e796c2a1bae8c13753431d/elements - {"using":"xpath","value":"//li[.//span[text()= \"Webshop Catalog\"]]"}
RESULT: {"using":"xpath","value":"//li[.//span[text()= \"Webshop Catalog\"]]"}
COMMAND: POST /session/f66dc8af89e796c2a1bae8c13753431d/elements - {"using":"xpath","value":"//li[.//span[text()= \"Webshop Catalog\"]]"}
RESULT: {"using":"xpath","value":"//li[.//span[text()= \"Webshop Catalog\"]]"}
COMMAND: POST /session/f66dc8af89e796c2a1bae8c13753431d/elements - {"using":"xpath","value":"//li[.//span[text()= \"Webshop Catalog\"]]"}
RESULT: {"using":"xpath","value":"//li[.//span[text()= \"Webshop Catalog\"]]"}
COMMAND: GET /session/f66dc8af89e796c2a1bae8c13753431d/screenshot - {}
RESULT: {}
COMMAND: POST /session/f66dc8af89e796c2a1bae8c13753431d/refresh - {}
COMMAND: GET /session/f66dc8af89e796c2a1bae8c13753431d/screenshot - {}
COMMAND: GET /session/f66dc8af89e796c2a1bae8c13753431d/screenshot - {}
RESULT: {}
COMMAND: GET /session/f66dc8af89e796c2a1bae8c13753431d/screenshot - {}
RESULT: {}
RESULT: {}
RESULT: {}
COMMAND: POST /session/f66dc8af89e796c2a1bae8c13753431d/refresh - {}
RESULT: {}
COMMAND: GET /session/f66dc8af89e796c2a1bae8c13753431d/screenshot - {}
RESULT: {}
COMMAND: POST /session/f66dc8af89e796c2a1bae8c13753431d/window/fullscreen - {}
RESULT: {}
COMMAND: POST /session/f66dc8af89e796c2a1bae8c13753431d/execute/async - {"script":"<script> [189 bytes]","args":[]}
RESULT: {"script":"<script> [189 bytes]","args":[]}
COMMAND: POST /session/f66dc8af89e796c2a1bae8c13753431d/execute/async - {"script":"<script> [123 bytes]","args":[]}
RESULT: {"script":"<script> [123 bytes]","args":[]}
COMMAND: POST /session/f66dc8af89e796c2a1bae8c13753431d/timeouts - {"script":"<number>"}
RESULT: {"script":"<number>"}
COMMAND: GET /session/f66dc8af89e796c2a1bae8c13753431d/timeouts - {}
RESULT: {}
RESULT: undefined
COMMAND: POST /session/f66dc8af89e796c2a1bae8c13753431d/execute/async - {"script":"<script> [2676 bytes]","args":[]}
RESULT: {"script":"<script> [2676 bytes]","args":[]}
COMMAND: POST /session/f66dc8af89e796c2a1bae8c13753431d/execute/async - {"script":"<script> [2342 bytes]","args":[{"protocol":"http","hostname":"0.0.0.0","path":"/","capabilities":{"browserName":"chrome","goog:chromeOptions":{"binary":"C:\\Program Files\\Google\\Chrome\\Application\\chrome.exe","args":["--start-maximized"]}},"logLevel":"warn","connectionRetryTimeout":120000,"connectionRetryCount":3,"logLevels":{},"enableDirectConnect":true,"strictSSL":true,"_":"65 more keys: [\"cacheDir\",\"port\",\"requestedCapabilities\",\"automationProtocol\",\"baseUrl\",\"waitforInterval\",\"waitforTimeout\",\"onReload\",\"beforeCommand\",\"afterCommand\",\"rootDir\",\"specs\",\"suites\",\"exclude\",\"groupLogsByTestSpec\",\"excludeDriverLogs\",\"bail\",\"framework\",\"reporters\",\"services\",\"maxInstances\",\"maxInstancesPerCapability\",\"injectGlobals\",\"filesToWatch\",\"execArgv\",\"runnerEnv\",\"runner\",\"shard\",\"specFileRetries\",\"specFileRetriesDelay\",\"specFileRetriesDeferred\",\"reporterSyncInterval\",\"reporterSyncTimeout\",\"cucumberFeaturesWithLineNumbers\",\"autoCompileOpts\",\"mochaOpts\",\"jasmineOpts\",\"cucumberOpts\",\"onPrepare\",\"onWorkerStart\",\"onWorkerEnd\",\"before\",\"beforeSession\",\"beforeSuite\",\"beforeHook\",\"beforeTest\",\"afterTest\",\"afterHook\",\"afterSuite\",\"afterSession\",\"after\",\"onComplete\",\"beforeAssertion\",\"afterAssertion\",\"beforeFeature\",\"beforeScenario\",\"beforeStep\",\"afterStep\",\"afterScenario\",\"afterFeature\",\"_\",\"suite\",\"$0\",\"ignoredWorkerServices\",\"wdi5\"]"}]}
RESULT: {"script":"<script> [2342 bytes]","args":[{"protocol":"http","hostname":"0.0.0.0","path":"/","capabilities":{"browserName":"chrome","goog:chromeOptions":{"binary":"C:\\Program Files\\Google\\Chrome\\Application\\chrome.exe","args":["--start-maximized"]}},"logLevel":"warn","connectionRetryTimeout":120000,"connectionRetryCount":3,"logLevels":{},"enableDirectConnect":true,"strictSSL":true,"_":"65 more keys: [\"cacheDir\",\"port\",\"requestedCapabilities\",\"automationProtocol\",\"baseUrl\",\"waitforInterval\",\"waitforTimeout\",\"onReload\",\"beforeCommand\",\"afterCommand\",\"rootDir\",\"specs\",\"suites\",\"exclude\",\"groupLogsByTestSpec\",\"excludeDriverLogs\",\"bail\",\"framework\",\"reporters\",\"services\",\"maxInstances\",\"maxInstancesPerCapability\",\"injectGlobals\",\"filesToWatch\",\"execArgv\",\"runnerEnv\",\"runner\",\"shard\",\"specFileRetries\",\"specFileRetriesDelay\",\"specFileRetriesDeferred\",\"reporterSyncInterval\",\"reporterSyncTimeout\",\"cucumberFeaturesWithLineNumbers\",\"autoCompileOpts\",\"mochaOpts\",\"jasmineOpts\",\"cucumberOpts\",\"onPrepare\",\"onWorkerStart\",\"onWorkerEnd\",\"before\",\"beforeSession\",\"beforeSuite\",\"beforeHook\",\"beforeTest\",\"afterTest\",\"afterHook\",\"afterSuite\",\"afterSession\",\"after\",\"onComplete\",\"beforeAssertion\",\"afterAssertion\",\"beforeFeature\",\"beforeScenario\",\"beforeStep\",\"afterStep\",\"afterScenario\",\"afterFeature\",\"_\",\"suite\",\"$0\",\"ignoredWorkerServices\",\"wdi5\"]"}]}
COMMAND: POST /session/f66dc8af89e796c2a1bae8c13753431d/execute/async - {"script":"<script> [21126 bytes]","args":[35000]}
RESULT: {"script":"<script> [21126 bytes]","args":[35000]}
COMMAND: POST /session/f66dc8af89e796c2a1bae8c13753431d/element - {"using":"css selector","value":"#shell-header-logo"}
RESULT: {"using":"css selector","value":"#shell-header-logo"}
COMMAND: POST /session/f66dc8af89e796c2a1bae8c13753431d/element/f.84C8CB8F07A11D6CD1349F372DFB42D6.d.B27DC0858787F0AFC7D49390B48FC8BE.e.4501/click - {}
RESULT: {}
COMMAND: GET /session/f66dc8af89e796c2a1bae8c13753431d/screenshot - {}
RESULT: {}
COMMAND: POST /session/f66dc8af89e796c2a1bae8c13753431d/execute/async - {"script":"<script> [1562 bytes]","args":[{"selector":{"controlType":"sap.m.GenericTile","properties":{"header":"Manage Sites"}},"wdio_ui5_key":"sapm.GenericTile{\"header\":\"Manage Sites\"}"}]}
RESULT: {"script":"<script> [1562 bytes]","args":[{"selector":{"controlType":"sap.m.GenericTile","properties":{"header":"Manage Sites"}},"wdio_ui5_key":"sapm.GenericTile{\"header\":\"Manage Sites\"}"}]}
RESULT: undefined
COMMAND: POST /session/f66dc8af89e796c2a1bae8c13753431d/element - {"using":"xpath","value":"//*[@id=\"__tile51\"]"}
RESULT: {"using":"xpath","value":"//*[@id=\"__tile51\"]"}
COMMAND: POST /session/f66dc8af89e796c2a1bae8c13753431d/element/f.84C8CB8F07A11D6CD1349F372DFB42D6.d.B27DC0858787F0AFC7D49390B48FC8BE.e.4820/click - {}
RESULT: {}
COMMAND: GET /session/f66dc8af89e796c2a1bae8c13753431d/screenshot - {}
RESULT: {}
COMMAND: POST /session/f66dc8af89e796c2a1bae8c13753431d/elements - {"using":"xpath","value":"//span[text()='Error']"}
RESULT: {"using":"xpath","value":"//span[text()='Error']"}
]]></system-out>
      <system-err><![CDATA[
Error: Can't call click on element with selector "//li[.//span[text()= "Webshop Catalog"]]" because element wasn't found
    at async UtilsPrerequisites.partnerCreation (D:\a\1\s\test\specs\BTS\prerequisites-and-utils-functions.js:518:13)
    at async Context.<anonymous> (D:\a\1\s\test\specs\BTS\create-partner.spec.js:43:47)
]]></system-err>
    </testcase>
  </testsuite>
  <testsuite timestamp="2025-05-28T15:27:24" time="167.77" tests="2" failures="0" errors="0" skipped="0">
    <properties>
      <property name="specId" value="0"/>
      <property name="suiteName" value="Create 2 sites US118246"/>
      <property name="capabilities" value="chrome.136_0_7103_93.windows"/>
      <property name="file" value="file:///D:/a/1/s/test/specs/R2C/create-site.spec.js"/>
    </properties>
    <testcase classname="chrome.136_0_7103_93.windows.Create_2_sites_US118246" name="Should create new site" time="59.886">
      <system-out><![CDATA[
COMMAND: POST /session/f66dc8af89e796c2a1bae8c13753431d/execute/async - {"script":"<script> [1562 bytes]","args":[{"selector":{"controlType":"sap.m.Title","viewName":"etm.portal.ui.managesites.view.Master","viewId":"application-managesites-display-component---masterSite","i18NText":{"propertyName":"text","key":"sites"}},"wdio_ui5_key":"etmportal.ui.managesites.view.Mastersap.m.Title{\"propertyName\":\"text\",\"key\":\"sites\"}"}]}
RESULT: {"script":"<script> [1562 bytes]","args":[{"selector":{"controlType":"sap.m.Title","viewName":"etm.portal.ui.managesites.view.Master","viewId":"application-managesites-display-component---masterSite","i18NText":{"propertyName":"text","key":"sites"}},"wdio_ui5_key":"etmportal.ui.managesites.view.Mastersap.m.Title{\"propertyName\":\"text\",\"key\":\"sites\"}"}]}
RESULT: undefined
COMMAND: POST /session/f66dc8af89e796c2a1bae8c13753431d/execute/async - {"script":"<script> [6424 bytes]","args":[{"element-6066-11e4-a52e-4f735466cecf":"f.84C8CB8F07A11D6CD1349F372DFB42D6.d.B27DC0858787F0AFC7D49390B48FC8BE.e.4895"},"getText",[]]}
RESULT: {"script":"<script> [6424 bytes]","args":[{"element-6066-11e4-a52e-4f735466cecf":"f.84C8CB8F07A11D6CD1349F372DFB42D6.d.B27DC0858787F0AFC7D49390B48FC8BE.e.4895"},"getText",[]]}
COMMAND: POST /session/f66dc8af89e796c2a1bae8c13753431d/execute/async - {"script":"<script> [1562 bytes]","args":[{"selector":{"controlType":"sap.ui.core.Icon","viewName":"etm.portal.ui.managesites.view.Master","viewId":"application-managesites-display-component---masterSite","properties":{"src":{"regex":{"source":"add"}}}},"wdio_ui5_key":"etmportal.ui.managesites.view.Mastersap.ui.core.Icon{\"src\":{\"regex\":{\"source\":\"add\"}}}"}]}
RESULT: {"script":"<script> [1562 bytes]","args":[{"selector":{"controlType":"sap.ui.core.Icon","viewName":"etm.portal.ui.managesites.view.Master","viewId":"application-managesites-display-component---masterSite","properties":{"src":{"regex":{"source":"add"}}}},"wdio_ui5_key":"etmportal.ui.managesites.view.Mastersap.ui.core.Icon{\"src\":{\"regex\":{\"source\":\"add\"}}}"}]}
RESULT: undefined
COMMAND: POST /session/f66dc8af89e796c2a1bae8c13753431d/element - {"using":"xpath","value":"//*[@id=\"__button29-img\"]"}
RESULT: {"using":"xpath","value":"//*[@id=\"__button29-img\"]"}
COMMAND: POST /session/f66dc8af89e796c2a1bae8c13753431d/element/f.84C8CB8F07A11D6CD1349F372DFB42D6.d.B27DC0858787F0AFC7D49390B48FC8BE.e.4867/click - {}
RESULT: {}
COMMAND: POST /session/f66dc8af89e796c2a1bae8c13753431d/execute/async - {"script":"<script> [1562 bytes]","args":[{"selector":{"id":"application-managesites-display-component---NewSite--siteId","interaction":{"idSuffix":"inner"}},"wdio_ui5_key":"applicationmanagesites-display-component---NewSite--siteId"}]}
COMMAND: GET /session/f66dc8af89e796c2a1bae8c13753431d/screenshot - {}
RESULT: {"script":"<script> [1562 bytes]","args":[{"selector":{"id":"application-managesites-display-component---NewSite--siteId","interaction":{"idSuffix":"inner"}},"wdio_ui5_key":"applicationmanagesites-display-component---NewSite--siteId"}]}
RESULT: undefined
COMMAND: POST /session/f66dc8af89e796c2a1bae8c13753431d/execute/async - {"script":"<script> [1562 bytes]","args":[{"selector":{"id":"application-managesites-display-component---NewSite--addressDetailDetailsName1","interaction":{"idSuffix":"inner"}},"wdio_ui5_key":"applicationmanagesites-display-component---NewSite--addressDetailDetailsName1"}]}
RESULT: {}
RESULT: {"script":"<script> [1562 bytes]","args":[{"selector":{"id":"application-managesites-display-component---NewSite--addressDetailDetailsName1","interaction":{"idSuffix":"inner"}},"wdio_ui5_key":"applicationmanagesites-display-component---NewSite--addressDetailDetailsName1"}]}
RESULT: undefined
COMMAND: POST /session/f66dc8af89e796c2a1bae8c13753431d/execute/async - {"script":"<script> [776 bytes]","args":[{"enterText":"Webdriver Site wfpd7","selector":{"id":"application-managesites-display-component---NewSite--addressDetailDetailsName1","interaction":{"idSuffix":"inner"}},"clearTextFirst":true,"interactionType":"ENTER_TEXT"}]}
RESULT: {"script":"<script> [776 bytes]","args":[{"enterText":"Webdriver Site wfpd7","selector":{"id":"application-managesites-display-component---NewSite--addressDetailDetailsName1","interaction":{"idSuffix":"inner"}},"clearTextFirst":true,"interactionType":"ENTER_TEXT"}]}
COMMAND: POST /session/f66dc8af89e796c2a1bae8c13753431d/execute/async - {"script":"<script> [1562 bytes]","args":[{"selector":{"id":"application-managesites-display-component---NewSite--addressDetailDetailsLanguage","interaction":{"idSuffix":"inner"}},"wdio_ui5_key":"applicationmanagesites-display-component---NewSite--addressDetailDetailsLanguage"}]}
RESULT: {"script":"<script> [1562 bytes]","args":[{"selector":{"id":"application-managesites-display-component---NewSite--addressDetailDetailsLanguage","interaction":{"idSuffix":"inner"}},"wdio_ui5_key":"applicationmanagesites-display-component---NewSite--addressDetailDetailsLanguage"}]}
RESULT: undefined
COMMAND: POST /session/f66dc8af89e796c2a1bae8c13753431d/execute/async - {"script":"<script> [776 bytes]","args":[{"enterText":"Romanian","selector":{"id":"application-managesites-display-component---NewSite--addressDetailDetailsLanguage","interaction":{"idSuffix":"inner"}},"clearTextFirst":true,"interactionType":"ENTER_TEXT"}]}
RESULT: {"script":"<script> [776 bytes]","args":[{"enterText":"Romanian","selector":{"id":"application-managesites-display-component---NewSite--addressDetailDetailsLanguage","interaction":{"idSuffix":"inner"}},"clearTextFirst":true,"interactionType":"ENTER_TEXT"}]}
COMMAND: POST /session/f66dc8af89e796c2a1bae8c13753431d/execute/async - {"script":"<script> [1562 bytes]","args":[{"selector":{"id":"application-managesites-display-component---NewSite--addressDetailDetailsCity1","interaction":{"idSuffix":"inner"}},"wdio_ui5_key":"applicationmanagesites-display-component---NewSite--addressDetailDetailsCity1"}]}
RESULT: {"script":"<script> [1562 bytes]","args":[{"selector":{"id":"application-managesites-display-component---NewSite--addressDetailDetailsCity1","interaction":{"idSuffix":"inner"}},"wdio_ui5_key":"applicationmanagesites-display-component---NewSite--addressDetailDetailsCity1"}]}
RESULT: undefined
COMMAND: POST /session/f66dc8af89e796c2a1bae8c13753431d/execute/async - {"script":"<script> [776 bytes]","args":[{"enterText":"Bucharest","selector":{"id":"application-managesites-display-component---NewSite--addressDetailDetailsCity1","interaction":{"idSuffix":"inner"}},"clearTextFirst":true,"interactionType":"ENTER_TEXT"}]}
RESULT: {"script":"<script> [776 bytes]","args":[{"enterText":"Bucharest","selector":{"id":"application-managesites-display-component---NewSite--addressDetailDetailsCity1","interaction":{"idSuffix":"inner"}},"clearTextFirst":true,"interactionType":"ENTER_TEXT"}]}
COMMAND: POST /session/f66dc8af89e796c2a1bae8c13753431d/execute/async - {"script":"<script> [1562 bytes]","args":[{"selector":{"id":"application-managesites-display-component---NewSite--addressDetailDetailsCountry","interaction":{"idSuffix":"inner"}},"wdio_ui5_key":"applicationmanagesites-display-component---NewSite--addressDetailDetailsCountry"}]}
RESULT: {"script":"<script> [1562 bytes]","args":[{"selector":{"id":"application-managesites-display-component---NewSite--addressDetailDetailsCountry","interaction":{"idSuffix":"inner"}},"wdio_ui5_key":"applicationmanagesites-display-component---NewSite--addressDetailDetailsCountry"}]}
RESULT: undefined
COMMAND: POST /session/f66dc8af89e796c2a1bae8c13753431d/execute/async - {"script":"<script> [776 bytes]","args":[{"enterText":"Romania","selector":{"id":"application-managesites-display-component---NewSite--addressDetailDetailsCountry","interaction":{"idSuffix":"inner"}},"clearTextFirst":true,"interactionType":"ENTER_TEXT"}]}
RESULT: {"script":"<script> [776 bytes]","args":[{"enterText":"Romania","selector":{"id":"application-managesites-display-component---NewSite--addressDetailDetailsCountry","interaction":{"idSuffix":"inner"}},"clearTextFirst":true,"interactionType":"ENTER_TEXT"}]}
COMMAND: POST /session/f66dc8af89e796c2a1bae8c13753431d/execute/async - {"script":"<script> [1562 bytes]","args":[{"selector":{"id":"application-managesites-display-component---NewSite--addressDetailDetailsCalendar","interaction":{"idSuffix":"inner"}},"wdio_ui5_key":"applicationmanagesites-display-component---NewSite--addressDetailDetailsCalendar"}]}
RESULT: {"script":"<script> [1562 bytes]","args":[{"selector":{"id":"application-managesites-display-component---NewSite--addressDetailDetailsCalendar","interaction":{"idSuffix":"inner"}},"wdio_ui5_key":"applicationmanagesites-display-component---NewSite--addressDetailDetailsCalendar"}]}
RESULT: undefined
COMMAND: POST /session/f66dc8af89e796c2a1bae8c13753431d/execute/async - {"script":"<script> [776 bytes]","args":[{"enterText":"Germany","selector":{"id":"application-managesites-display-component---NewSite--addressDetailDetailsCalendar","interaction":{"idSuffix":"inner"}},"clearTextFirst":true,"interactionType":"ENTER_TEXT"}]}
RESULT: {"script":"<script> [776 bytes]","args":[{"enterText":"Germany","selector":{"id":"application-managesites-display-component---NewSite--addressDetailDetailsCalendar","interaction":{"idSuffix":"inner"}},"clearTextFirst":true,"interactionType":"ENTER_TEXT"}]}
COMMAND: POST /session/f66dc8af89e796c2a1bae8c13753431d/execute/async - {"script":"<script> [1562 bytes]","args":[{"selector":{"id":"application-managesites-display-component---NewSite--addressEditDetailsCostObjectCstType-arrow"},"wdio_ui5_key":"applicationmanagesites-display-component---NewSite--addressEditDetailsCostObjectCstType-arrow"}]}
RESULT: {"script":"<script> [1562 bytes]","args":[{"selector":{"id":"application-managesites-display-component---NewSite--addressEditDetailsCostObjectCstType-arrow"},"wdio_ui5_key":"applicationmanagesites-display-component---NewSite--addressEditDetailsCostObjectCstType-arrow"}]}
RESULT: undefined
COMMAND: POST /session/f66dc8af89e796c2a1bae8c13753431d/element - {"using":"xpath","value":"//*[@id=\"application-managesites-display-component---NewSite--addressEditDetailsCostObjectCstType-arrow\"]"}
RESULT: {"using":"xpath","value":"//*[@id=\"application-managesites-display-component---NewSite--addressEditDetailsCostObjectCstType-arrow\"]"}
COMMAND: POST /session/f66dc8af89e796c2a1bae8c13753431d/element/f.84C8CB8F07A11D6CD1349F372DFB42D6.d.B27DC0858787F0AFC7D49390B48FC8BE.e.5291/click - {}
RESULT: {}
COMMAND: POST /session/f66dc8af89e796c2a1bae8c13753431d/element - {"using":"xpath","value":"//span[contains(text(), \"Work Breakdown Structure\")]"}
COMMAND: GET /session/f66dc8af89e796c2a1bae8c13753431d/screenshot - {}
RESULT: {"using":"xpath","value":"//span[contains(text(), \"Work Breakdown Structure\")]"}
COMMAND: POST /session/f66dc8af89e796c2a1bae8c13753431d/element/f.84C8CB8F07A11D6CD1349F372DFB42D6.d.B27DC0858787F0AFC7D49390B48FC8BE.e.5292/click - {}
RESULT: {}
RESULT: {}
COMMAND: GET /session/f66dc8af89e796c2a1bae8c13753431d/screenshot - {}
RESULT: {}
COMMAND: POST /session/f66dc8af89e796c2a1bae8c13753431d/execute/async - {"script":"<script> [1562 bytes]","args":[{"selector":{"id":"application-managesites-display-component---NewSite--addressNewCostObjectCstID-vhi"},"wdio_ui5_key":"applicationmanagesites-display-component---NewSite--addressNewCostObjectCstID-vhi"}]}
RESULT: {"script":"<script> [1562 bytes]","args":[{"selector":{"id":"application-managesites-display-component---NewSite--addressNewCostObjectCstID-vhi"},"wdio_ui5_key":"applicationmanagesites-display-component---NewSite--addressNewCostObjectCstID-vhi"}]}
RESULT: undefined
COMMAND: POST /session/f66dc8af89e796c2a1bae8c13753431d/element - {"using":"xpath","value":"//*[@id=\"application-managesites-display-component---NewSite--addressNewCostObjectCstID-vhi\"]"}
RESULT: {"using":"xpath","value":"//*[@id=\"application-managesites-display-component---NewSite--addressNewCostObjectCstID-vhi\"]"}
COMMAND: POST /session/f66dc8af89e796c2a1bae8c13753431d/element/f.84C8CB8F07A11D6CD1349F372DFB42D6.d.B27DC0858787F0AFC7D49390B48FC8BE.e.5296/click - {}
RESULT: {}
COMMAND: GET /session/f66dc8af89e796c2a1bae8c13753431d/screenshot - {}
RESULT: {}
COMMAND: POST /session/f66dc8af89e796c2a1bae8c13753431d/execute/async - {"script":"<script> [1562 bytes]","args":[{"selector":{"controlType":"sap.m.SearchField","properties":{"placeholder":"Search"},"searchOpenDialogs":true,"interaction":{"idSuffix":"I"}},"wdio_ui5_key":"sapm.SearchField{\"placeholder\":\"Search\"}"}]}
RESULT: {"script":"<script> [1562 bytes]","args":[{"selector":{"controlType":"sap.m.SearchField","properties":{"placeholder":"Search"},"searchOpenDialogs":true,"interaction":{"idSuffix":"I"}},"wdio_ui5_key":"sapm.SearchField{\"placeholder\":\"Search\"}"}]}
RESULT: undefined
COMMAND: POST /session/f66dc8af89e796c2a1bae8c13753431d/execute/async - {"script":"<script> [776 bytes]","args":[{"enterText":"A1-000100-01","selector":{"controlType":"sap.m.SearchField","properties":{"placeholder":"Search"},"searchOpenDialogs":true,"interaction":{"idSuffix":"I"}},"clearTextFirst":true,"interactionType":"ENTER_TEXT"}]}
RESULT: {"script":"<script> [776 bytes]","args":[{"enterText":"A1-000100-01","selector":{"controlType":"sap.m.SearchField","properties":{"placeholder":"Search"},"searchOpenDialogs":true,"interaction":{"idSuffix":"I"}},"clearTextFirst":true,"interactionType":"ENTER_TEXT"}]}
COMMAND: POST /session/f66dc8af89e796c2a1bae8c13753431d/actions - {"actions":[{"id":"action7","type":"key","parameters":{},"actions":[{"type":"keyDown","value":""},{"type":"pause","duration":10},{"type":"keyUp","value":""}]}]}
RESULT: {"actions":[{"id":"action7","type":"key","parameters":{},"actions":[{"type":"keyDown","value":""},{"type":"pause","duration":10},{"type":"keyUp","value":""}]}]}
COMMAND: GET /session/f66dc8af89e796c2a1bae8c13753431d/screenshot - {}
RESULT: {}
COMMAND: POST /session/f66dc8af89e796c2a1bae8c13753431d/element - {"using":"xpath","value":"//span[contains(text(), \"Template for ETO-Process\")]"}
RESULT: {"using":"xpath","value":"//span[contains(text(), \"Template for ETO-Process\")]"}
COMMAND: POST /session/f66dc8af89e796c2a1bae8c13753431d/element/f.84C8CB8F07A11D6CD1349F372DFB42D6.d.B27DC0858787F0AFC7D49390B48FC8BE.e.5317/click - {}
RESULT: {}
COMMAND: GET /session/f66dc8af89e796c2a1bae8c13753431d/screenshot - {}
RESULT: {}
COMMAND: POST /session/f66dc8af89e796c2a1bae8c13753431d/element - {"using":"xpath","value":"//bdi[contains(text(), \"OK\")]"}
RESULT: {"using":"xpath","value":"//bdi[contains(text(), \"OK\")]"}
COMMAND: POST /session/f66dc8af89e796c2a1bae8c13753431d/element/f.84C8CB8F07A11D6CD1349F372DFB42D6.d.B27DC0858787F0AFC7D49390B48FC8BE.e.5318/click - {}
RESULT: {}
COMMAND: GET /session/f66dc8af89e796c2a1bae8c13753431d/screenshot - {}
RESULT: {}
COMMAND: POST /session/f66dc8af89e796c2a1bae8c13753431d/element - {"using":"xpath","value":"//input[@id=\"application-managesites-display-component---NewSite--addressDetailDetailsYard-inner\"]"}
RESULT: {"using":"xpath","value":"//input[@id=\"application-managesites-display-component---NewSite--addressDetailDetailsYard-inner\"]"}
COMMAND: POST /session/f66dc8af89e796c2a1bae8c13753431d/element/f.84C8CB8F07A11D6CD1349F372DFB42D6.d.B27DC0858787F0AFC7D49390B48FC8BE.e.5073/value - {"text":"416"}
RESULT: {"text":"416"}
COMMAND: GET /session/f66dc8af89e796c2a1bae8c13753431d/screenshot - {}
RESULT: {}
COMMAND: POST /session/f66dc8af89e796c2a1bae8c13753431d/actions - {"actions":[{"id":"action8","type":"key","parameters":{},"actions":[{"type":"keyDown","value":""},{"type":"pause","duration":10},{"type":"keyUp","value":""}]}]}
RESULT: {"actions":[{"id":"action8","type":"key","parameters":{},"actions":[{"type":"keyDown","value":""},{"type":"pause","duration":10},{"type":"keyUp","value":""}]}]}
COMMAND: GET /session/f66dc8af89e796c2a1bae8c13753431d/screenshot - {}
RESULT: {}
COMMAND: POST /session/f66dc8af89e796c2a1bae8c13753431d/element - {"using":"xpath","value":"//input[@id=\"application-managesites-display-component---NewSite--addressDetailDetailsPartner-inner\"]"}
RESULT: {"using":"xpath","value":"//input[@id=\"application-managesites-display-component---NewSite--addressDetailDetailsPartner-inner\"]"}
COMMAND: POST /session/f66dc8af89e796c2a1bae8c13753431d/elements - {"using":"xpath","value":"//input[@id=\"application-managesites-display-component---NewSite--addressDetailDetailsPartner-inner\"]"}
RESULT: {"using":"xpath","value":"//input[@id=\"application-managesites-display-component---NewSite--addressDetailDetailsPartner-inner\"]"}
COMMAND: POST /session/f66dc8af89e796c2a1bae8c13753431d/execute/async - {"script":"<script> [1562 bytes]","args":[{"selector":{"controlType":"sap.m.Button","viewName":"etm.portal.ui.managesites.view.NewSmartSite","viewId":"application-managesites-display-component---NewSite","properties":{"text":"Commercial"},"interaction":{"idSuffix":"BDI-content"}},"wdio_ui5_key":"etmportal.ui.managesites.view.NewSmartSitesap.m.Button{\"text\":\"Commercial\"}"}]}
RESULT: {"script":"<script> [1562 bytes]","args":[{"selector":{"controlType":"sap.m.Button","viewName":"etm.portal.ui.managesites.view.NewSmartSite","viewId":"application-managesites-display-component---NewSite","properties":{"text":"Commercial"},"interaction":{"idSuffix":"BDI-content"}},"wdio_ui5_key":"etmportal.ui.managesites.view.NewSmartSitesap.m.Button{\"text\":\"Commercial\"}"}]}
RESULT: undefined
COMMAND: POST /session/f66dc8af89e796c2a1bae8c13753431d/element - {"using":"xpath","value":"//*[@id=\"application-managesites-display-component---NewSite--ObjectPageLayout-anchBar-__section18-anchor\"]"}
RESULT: {"using":"xpath","value":"//*[@id=\"application-managesites-display-component---NewSite--ObjectPageLayout-anchBar-__section18-anchor\"]"}
COMMAND: POST /session/f66dc8af89e796c2a1bae8c13753431d/element/f.84C8CB8F07A11D6CD1349F372DFB42D6.d.B27DC0858787F0AFC7D49390B48FC8BE.e.5325/click - {}
RESULT: {}
COMMAND: POST /session/f66dc8af89e796c2a1bae8c13753431d/execute/async - {"script":"<script> [1562 bytes]","args":[{"selector":{"controlType":"sap.m.Button","viewName":"etm.portal.ui.managesites.view.NewSmartSite","viewId":"application-managesites-display-component---NewSite","i18NText":{"propertyName":"text","key":"save"},"interaction":{"idSuffix":"BDI-content"}},"wdio_ui5_key":"etmportal.ui.managesites.view.NewSmartSitesap.m.Button{\"propertyName\":\"text\",\"key\":\"save\"}"}]}
COMMAND: GET /session/f66dc8af89e796c2a1bae8c13753431d/screenshot - {}
RESULT: {"script":"<script> [1562 bytes]","args":[{"selector":{"controlType":"sap.m.Button","viewName":"etm.portal.ui.managesites.view.NewSmartSite","viewId":"application-managesites-display-component---NewSite","i18NText":{"propertyName":"text","key":"save"},"interaction":{"idSuffix":"BDI-content"}},"wdio_ui5_key":"etmportal.ui.managesites.view.NewSmartSitesap.m.Button{\"propertyName\":\"text\",\"key\":\"save\"}"}]}
RESULT: undefined
COMMAND: POST /session/f66dc8af89e796c2a1bae8c13753431d/element - {"using":"xpath","value":"//*[@id=\"__button41\"]"}
RESULT: {}
RESULT: {"using":"xpath","value":"//*[@id=\"__button41\"]"}
COMMAND: POST /session/f66dc8af89e796c2a1bae8c13753431d/element/f.84C8CB8F07A11D6CD1349F372DFB42D6.d.B27DC0858787F0AFC7D49390B48FC8BE.e.5236/click - {}
RESULT: {}
COMMAND: GET /session/f66dc8af89e796c2a1bae8c13753431d/screenshot - {}
RESULT: {}
COMMAND: POST /session/f66dc8af89e796c2a1bae8c13753431d/execute/async - {"script":"<script> [1562 bytes]","args":[{"selector":{"id":"application-managesites-display-component---detailSite--addressDetailDetailsYardText"},"wdio_ui5_key":"applicationmanagesites-display-component---detailSite--addressDetailDetailsYardText"}]}
RESULT: {"script":"<script> [1562 bytes]","args":[{"selector":{"id":"application-managesites-display-component---detailSite--addressDetailDetailsYardText"},"wdio_ui5_key":"applicationmanagesites-display-component---detailSite--addressDetailDetailsYardText"}]}
RESULT: undefined
COMMAND: POST /session/f66dc8af89e796c2a1bae8c13753431d/element - {"using":"xpath","value":"//header/div/div[2]/div[2]/span"}
RESULT: {"using":"xpath","value":"//header/div/div[2]/div[2]/span"}
COMMAND: GET /session/f66dc8af89e796c2a1bae8c13753431d/element/f.84C8CB8F07A11D6CD1349F372DFB42D6.d.B27DC0858787F0AFC7D49390B48FC8BE.e.5553/text - {}
RESULT: {}
COMMAND: POST /session/f66dc8af89e796c2a1bae8c13753431d/execute/async - {"script":"<script> [1562 bytes]","args":[{"selector":{"controlType":"sap.m.Label","viewName":"etm.portal.ui.managesites.view.Detail","viewId":"application-managesites-display-component---detailSite","i18NText":{"propertyName":"text","key":"status"}},"wdio_ui5_key":"etmportal.ui.managesites.view.Detailsap.m.Label{\"propertyName\":\"text\",\"key\":\"status\"}"}]}
RESULT: {"script":"<script> [1562 bytes]","args":[{"selector":{"controlType":"sap.m.Label","viewName":"etm.portal.ui.managesites.view.Detail","viewId":"application-managesites-display-component---detailSite","i18NText":{"propertyName":"text","key":"status"}},"wdio_ui5_key":"etmportal.ui.managesites.view.Detailsap.m.Label{\"propertyName\":\"text\",\"key\":\"status\"}"}]}
RESULT: undefined
COMMAND: POST /session/f66dc8af89e796c2a1bae8c13753431d/execute/async - {"script":"<script> [6424 bytes]","args":[{"element-6066-11e4-a52e-4f735466cecf":"f.84C8CB8F07A11D6CD1349F372DFB42D6.d.B27DC0858787F0AFC7D49390B48FC8BE.e.5541"},"getText",[]]}
RESULT: {"script":"<script> [6424 bytes]","args":[{"element-6066-11e4-a52e-4f735466cecf":"f.84C8CB8F07A11D6CD1349F372DFB42D6.d.B27DC0858787F0AFC7D49390B48FC8BE.e.5541"},"getText",[]]}
]]></system-out>
    </testcase>
    <testcase classname="chrome.136_0_7103_93.windows.Create_2_sites_US118246" name="Should create WHM site" time="50.611">
      <system-out><![CDATA[
RESULT: undefined
COMMAND: POST /session/f66dc8af89e796c2a1bae8c13753431d/element - {"using":"xpath","value":"//*[@id=\"__button29-img\"]"}
RESULT: {"using":"xpath","value":"//*[@id=\"__button29-img\"]"}
COMMAND: POST /session/f66dc8af89e796c2a1bae8c13753431d/element/f.84C8CB8F07A11D6CD1349F372DFB42D6.d.B27DC0858787F0AFC7D49390B48FC8BE.e.5554/click - {}
RESULT: {}
COMMAND: GET /session/f66dc8af89e796c2a1bae8c13753431d/screenshot - {}
RESULT: {}
RESULT: undefined
COMMAND: POST /session/f66dc8af89e796c2a1bae8c13753431d/execute/async - {"script":"<script> [1562 bytes]","args":[{"selector":{"controlType":"sap.m.Button","viewName":"etm.portal.ui.managesites.view.NewSmartSite","viewId":"application-managesites-display-component---NewSite","properties":{"text":"General Information"},"interaction":{"idSuffix":"BDI-content"}},"wdio_ui5_key":"etmportal.ui.managesites.view.NewSmartSitesap.m.Button{\"text\":\"General Information\"}"}]}
RESULT: {"script":"<script> [1562 bytes]","args":[{"selector":{"controlType":"sap.m.Button","viewName":"etm.portal.ui.managesites.view.NewSmartSite","viewId":"application-managesites-display-component---NewSite","properties":{"text":"General Information"},"interaction":{"idSuffix":"BDI-content"}},"wdio_ui5_key":"etmportal.ui.managesites.view.NewSmartSitesap.m.Button{\"text\":\"General Information\"}"}]}
RESULT: undefined
COMMAND: POST /session/f66dc8af89e796c2a1bae8c13753431d/element - {"using":"xpath","value":"//*[@id=\"application-managesites-display-component---NewSite--ObjectPageLayout-anchBar-__section16-anchor\"]"}
RESULT: {"using":"xpath","value":"//*[@id=\"application-managesites-display-component---NewSite--ObjectPageLayout-anchBar-__section16-anchor\"]"}
COMMAND: POST /session/f66dc8af89e796c2a1bae8c13753431d/element/f.84C8CB8F07A11D6CD1349F372DFB42D6.d.B27DC0858787F0AFC7D49390B48FC8BE.e.5737/click - {}
RESULT: {}
RESULT: undefined
COMMAND: POST /session/f66dc8af89e796c2a1bae8c13753431d/execute/async - {"script":"<script> [776 bytes]","args":[{"enterText":"Webdriver WHM Site 4hz7f","selector":{"id":"application-managesites-display-component---NewSite--addressDetailDetailsName1","interaction":{"idSuffix":"inner"}},"clearTextFirst":true,"interactionType":"ENTER_TEXT"}]}
COMMAND: GET /session/f66dc8af89e796c2a1bae8c13753431d/screenshot - {}
RESULT: {"script":"<script> [776 bytes]","args":[{"enterText":"Webdriver WHM Site 4hz7f","selector":{"id":"application-managesites-display-component---NewSite--addressDetailDetailsName1","interaction":{"idSuffix":"inner"}},"clearTextFirst":true,"interactionType":"ENTER_TEXT"}]}
RESULT: {}
RESULT: undefined
COMMAND: POST /session/f66dc8af89e796c2a1bae8c13753431d/execute/async - {"script":"<script> [776 bytes]","args":[{"enterText":"Romanian","selector":{"id":"application-managesites-display-component---NewSite--addressDetailDetailsLanguage","interaction":{"idSuffix":"inner"}},"clearTextFirst":true,"interactionType":"ENTER_TEXT"}]}
RESULT: {"script":"<script> [776 bytes]","args":[{"enterText":"Romanian","selector":{"id":"application-managesites-display-component---NewSite--addressDetailDetailsLanguage","interaction":{"idSuffix":"inner"}},"clearTextFirst":true,"interactionType":"ENTER_TEXT"}]}
COMMAND: POST /session/f66dc8af89e796c2a1bae8c13753431d/actions - {"actions":[{"id":"action9","type":"key","parameters":{},"actions":[{"type":"keyDown","value":""},{"type":"pause","duration":10},{"type":"keyUp","value":""}]}]}
RESULT: {"actions":[{"id":"action9","type":"key","parameters":{},"actions":[{"type":"keyDown","value":""},{"type":"pause","duration":10},{"type":"keyUp","value":""}]}]}
RESULT: undefined
COMMAND: POST /session/f66dc8af89e796c2a1bae8c13753431d/execute/async - {"script":"<script> [776 bytes]","args":[{"enterText":"Bucharest","selector":{"id":"application-managesites-display-component---NewSite--addressDetailDetailsCity1","interaction":{"idSuffix":"inner"}},"clearTextFirst":true,"interactionType":"ENTER_TEXT"}]}
COMMAND: GET /session/f66dc8af89e796c2a1bae8c13753431d/screenshot - {}
RESULT: {"script":"<script> [776 bytes]","args":[{"enterText":"Bucharest","selector":{"id":"application-managesites-display-component---NewSite--addressDetailDetailsCity1","interaction":{"idSuffix":"inner"}},"clearTextFirst":true,"interactionType":"ENTER_TEXT"}]}
RESULT: {}
COMMAND: POST /session/f66dc8af89e796c2a1bae8c13753431d/actions - {"actions":[{"id":"action10","type":"key","parameters":{},"actions":[{"type":"keyDown","value":""},{"type":"pause","duration":10},{"type":"keyUp","value":""}]}]}
RESULT: {"actions":[{"id":"action10","type":"key","parameters":{},"actions":[{"type":"keyDown","value":""},{"type":"pause","duration":10},{"type":"keyUp","value":""}]}]}
RESULT: undefined
COMMAND: POST /session/f66dc8af89e796c2a1bae8c13753431d/execute/async - {"script":"<script> [6424 bytes]","args":[{"element-6066-11e4-a52e-4f735466cecf":"f.84C8CB8F07A11D6CD1349F372DFB42D6.d.B27DC0858787F0AFC7D49390B48FC8BE.e.5062"},"setValue",["Romania"]]}
COMMAND: GET /session/f66dc8af89e796c2a1bae8c13753431d/screenshot - {}
COMMAND: POST /session/f66dc8af89e796c2a1bae8c13753431d/execute/async - {"script":"<script> [1562 bytes]","args":[{"selector":{"id":"application-managesites-display-component---NewSite--addressDetailDetailsCountry","interaction":{"idSuffix":"inner"}},"wdio_ui5_key":"applicationmanagesites-display-component---NewSite--addressDetailDetailsCountry"}]}
RESULT: {}
RESULT: {"script":"<script> [1562 bytes]","args":[{"selector":{"id":"application-managesites-display-component---NewSite--addressDetailDetailsCountry","interaction":{"idSuffix":"inner"}},"wdio_ui5_key":"applicationmanagesites-display-component---NewSite--addressDetailDetailsCountry"}]}
COMMAND: POST /session/f66dc8af89e796c2a1bae8c13753431d/execute/async - {"script":"<script> [6424 bytes]","args":[{"element-6066-11e4-a52e-4f735466cecf":"f.84C8CB8F07A11D6CD1349F372DFB42D6.d.B27DC0858787F0AFC7D49390B48FC8BE.e.5609"},"setValue",["Romania"]]}
RESULT: {"script":"<script> [6424 bytes]","args":[{"element-6066-11e4-a52e-4f735466cecf":"f.84C8CB8F07A11D6CD1349F372DFB42D6.d.B27DC0858787F0AFC7D49390B48FC8BE.e.5609"},"setValue",["Romania"]]}
COMMAND: POST /session/f66dc8af89e796c2a1bae8c13753431d/actions - {"actions":[{"id":"action11","type":"key","parameters":{},"actions":[{"type":"keyDown","value":""},{"type":"pause","duration":10},{"type":"keyUp","value":""}]}]}
RESULT: {"actions":[{"id":"action11","type":"key","parameters":{},"actions":[{"type":"keyDown","value":""},{"type":"pause","duration":10},{"type":"keyUp","value":""}]}]}
RESULT: undefined
COMMAND: POST /session/f66dc8af89e796c2a1bae8c13753431d/execute/async - {"script":"<script> [776 bytes]","args":[{"enterText":"Germany","selector":{"id":"application-managesites-display-component---NewSite--addressDetailDetailsCalendar","interaction":{"idSuffix":"inner"}},"clearTextFirst":true,"interactionType":"ENTER_TEXT"}]}
COMMAND: GET /session/f66dc8af89e796c2a1bae8c13753431d/screenshot - {}
RESULT: {"script":"<script> [776 bytes]","args":[{"enterText":"Germany","selector":{"id":"application-managesites-display-component---NewSite--addressDetailDetailsCalendar","interaction":{"idSuffix":"inner"}},"clearTextFirst":true,"interactionType":"ENTER_TEXT"}]}
RESULT: {}
COMMAND: POST /session/f66dc8af89e796c2a1bae8c13753431d/actions - {"actions":[{"id":"action12","type":"key","parameters":{},"actions":[{"type":"keyDown","value":""},{"type":"pause","duration":10},{"type":"keyUp","value":""}]}]}
RESULT: {"actions":[{"id":"action12","type":"key","parameters":{},"actions":[{"type":"keyDown","value":""},{"type":"pause","duration":10},{"type":"keyUp","value":""}]}]}
COMMAND: POST /session/f66dc8af89e796c2a1bae8c13753431d/execute/async - {"script":"<script> [1562 bytes]","args":[{"selector":{"id":"application-managesites-display-component---NewSite--addressEditDetailsCostObjectCstType","interaction":{"idSuffix":"inner"}},"wdio_ui5_key":"applicationmanagesites-display-component---NewSite--addressEditDetailsCostObjectCstType"}]}
COMMAND: GET /session/f66dc8af89e796c2a1bae8c13753431d/screenshot - {}
RESULT: {"script":"<script> [1562 bytes]","args":[{"selector":{"id":"application-managesites-display-component---NewSite--addressEditDetailsCostObjectCstType","interaction":{"idSuffix":"inner"}},"wdio_ui5_key":"applicationmanagesites-display-component---NewSite--addressEditDetailsCostObjectCstType"}]}
RESULT: undefined
COMMAND: POST /session/f66dc8af89e796c2a1bae8c13753431d/execute/async - {"script":"<script> [776 bytes]","args":[{"enterText":"Cost","selector":{"id":"application-managesites-display-component---NewSite--addressEditDetailsCostObjectCstType","interaction":{"idSuffix":"inner"}},"clearTextFirst":true,"interactionType":"ENTER_TEXT"}]}
RESULT: {}
RESULT: {"script":"<script> [776 bytes]","args":[{"enterText":"Cost","selector":{"id":"application-managesites-display-component---NewSite--addressEditDetailsCostObjectCstType","interaction":{"idSuffix":"inner"}},"clearTextFirst":true,"interactionType":"ENTER_TEXT"}]}
COMMAND: POST /session/f66dc8af89e796c2a1bae8c13753431d/actions - {"actions":[{"id":"action13","type":"key","parameters":{},"actions":[{"type":"keyDown","value":""},{"type":"pause","duration":10},{"type":"keyUp","value":""}]}]}
RESULT: {"actions":[{"id":"action13","type":"key","parameters":{},"actions":[{"type":"keyDown","value":""},{"type":"pause","duration":10},{"type":"keyUp","value":""}]}]}
COMMAND: POST /session/f66dc8af89e796c2a1bae8c13753431d/execute/async - {"script":"<script> [1562 bytes]","args":[{"selector":{"id":"application-managesites-display-component---NewSite--addressNewCostObjectCstID","interaction":{"idSuffix":"inner"}},"wdio_ui5_key":"applicationmanagesites-display-component---NewSite--addressNewCostObjectCstID"}]}
COMMAND: GET /session/f66dc8af89e796c2a1bae8c13753431d/screenshot - {}
RESULT: {"script":"<script> [1562 bytes]","args":[{"selector":{"id":"application-managesites-display-component---NewSite--addressNewCostObjectCstID","interaction":{"idSuffix":"inner"}},"wdio_ui5_key":"applicationmanagesites-display-component---NewSite--addressNewCostObjectCstID"}]}
RESULT: undefined
COMMAND: POST /session/f66dc8af89e796c2a1bae8c13753431d/execute/async - {"script":"<script> [776 bytes]","args":[{"enterText":"1001","selector":{"id":"application-managesites-display-component---NewSite--addressNewCostObjectCstID","interaction":{"idSuffix":"inner"}},"clearTextFirst":true,"interactionType":"ENTER_TEXT"}]}
RESULT: {}
RESULT: {"script":"<script> [776 bytes]","args":[{"enterText":"1001","selector":{"id":"application-managesites-display-component---NewSite--addressNewCostObjectCstID","interaction":{"idSuffix":"inner"}},"clearTextFirst":true,"interactionType":"ENTER_TEXT"}]}
COMMAND: POST /session/f66dc8af89e796c2a1bae8c13753431d/actions - {"actions":[{"id":"action14","type":"key","parameters":{},"actions":[{"type":"keyDown","value":""},{"type":"pause","duration":10},{"type":"keyUp","value":""}]}]}
RESULT: {"actions":[{"id":"action14","type":"key","parameters":{},"actions":[{"type":"keyDown","value":""},{"type":"pause","duration":10},{"type":"keyUp","value":""}]}]}
COMMAND: POST /session/f66dc8af89e796c2a1bae8c13753431d/element - {"using":"xpath","value":"//input[@id=\"application-managesites-display-component---NewSite--addressDetailDetailsYard-inner\"]"}
COMMAND: GET /session/f66dc8af89e796c2a1bae8c13753431d/screenshot - {}
RESULT: {"using":"xpath","value":"//input[@id=\"application-managesites-display-component---NewSite--addressDetailDetailsYard-inner\"]"}
COMMAND: POST /session/f66dc8af89e796c2a1bae8c13753431d/element/f.84C8CB8F07A11D6CD1349F372DFB42D6.d.B27DC0858787F0AFC7D49390B48FC8BE.e.5620/value - {"text":"417"}
RESULT: {}
RESULT: {"text":"417"}
COMMAND: GET /session/f66dc8af89e796c2a1bae8c13753431d/screenshot - {}
RESULT: {}
COMMAND: POST /session/f66dc8af89e796c2a1bae8c13753431d/actions - {"actions":[{"id":"action15","type":"key","parameters":{},"actions":[{"type":"keyDown","value":""},{"type":"pause","duration":10},{"type":"keyUp","value":""}]}]}
RESULT: {"actions":[{"id":"action15","type":"key","parameters":{},"actions":[{"type":"keyDown","value":""},{"type":"pause","duration":10},{"type":"keyUp","value":""}]}]}
COMMAND: GET /session/f66dc8af89e796c2a1bae8c13753431d/screenshot - {}
RESULT: {}
COMMAND: POST /session/f66dc8af89e796c2a1bae8c13753431d/element - {"using":"xpath","value":"//input[@id=\"application-managesites-display-component---NewSite--addressDetailDetailsPartner-inner\"]"}
RESULT: {"using":"xpath","value":"//input[@id=\"application-managesites-display-component---NewSite--addressDetailDetailsPartner-inner\"]"}
COMMAND: POST /session/f66dc8af89e796c2a1bae8c13753431d/elements - {"using":"xpath","value":"//input[@id=\"application-managesites-display-component---NewSite--addressDetailDetailsPartner-inner\"]"}
RESULT: {"using":"xpath","value":"//input[@id=\"application-managesites-display-component---NewSite--addressDetailDetailsPartner-inner\"]"}
RESULT: undefined
COMMAND: POST /session/f66dc8af89e796c2a1bae8c13753431d/element - {"using":"xpath","value":"//*[@id=\"application-managesites-display-component---NewSite--ObjectPageLayout-anchBar-__section18-anchor\"]"}
RESULT: {"using":"xpath","value":"//*[@id=\"application-managesites-display-component---NewSite--ObjectPageLayout-anchBar-__section18-anchor\"]"}
COMMAND: POST /session/f66dc8af89e796c2a1bae8c13753431d/element/f.84C8CB8F07A11D6CD1349F372DFB42D6.d.B27DC0858787F0AFC7D49390B48FC8BE.e.5744/click - {}
RESULT: {}
COMMAND: POST /session/f66dc8af89e796c2a1bae8c13753431d/execute/async - {"script":"<script> [1562 bytes]","args":[{"selector":{"id":"application-managesites-display-component---NewSite--siteWhmCheckBox-label","interaction":{"idSuffix":"bdi"}},"wdio_ui5_key":"applicationmanagesites-display-component---NewSite--siteWhmCheckBox-label"}]}
COMMAND: GET /session/f66dc8af89e796c2a1bae8c13753431d/screenshot - {}
RESULT: {"script":"<script> [1562 bytes]","args":[{"selector":{"id":"application-managesites-display-component---NewSite--siteWhmCheckBox-label","interaction":{"idSuffix":"bdi"}},"wdio_ui5_key":"applicationmanagesites-display-component---NewSite--siteWhmCheckBox-label"}]}
RESULT: undefined
COMMAND: POST /session/f66dc8af89e796c2a1bae8c13753431d/element - {"using":"xpath","value":"//*[@id=\"application-managesites-display-component---NewSite--siteWhmCheckBox-label\"]"}
RESULT: {}
RESULT: {"using":"xpath","value":"//*[@id=\"application-managesites-display-component---NewSite--siteWhmCheckBox-label\"]"}
COMMAND: POST /session/f66dc8af89e796c2a1bae8c13753431d/element/f.84C8CB8F07A11D6CD1349F372DFB42D6.d.B27DC0858787F0AFC7D49390B48FC8BE.e.5748/click - {}
RESULT: {}
RESULT: undefined
COMMAND: POST /session/f66dc8af89e796c2a1bae8c13753431d/element - {"using":"xpath","value":"//*[@id=\"__button41\"]"}
COMMAND: GET /session/f66dc8af89e796c2a1bae8c13753431d/screenshot - {}
RESULT: {"using":"xpath","value":"//*[@id=\"__button41\"]"}
COMMAND: POST /session/f66dc8af89e796c2a1bae8c13753431d/element/f.84C8CB8F07A11D6CD1349F372DFB42D6.d.B27DC0858787F0AFC7D49390B48FC8BE.e.5749/click - {}
RESULT: {}
RESULT: {}
COMMAND: GET /session/f66dc8af89e796c2a1bae8c13753431d/screenshot - {}
RESULT: {}
COMMAND: POST /session/f66dc8af89e796c2a1bae8c13753431d/element - {"using":"xpath","value":"//header/div/div[2]/div[2]/span"}
RESULT: {"using":"xpath","value":"//header/div/div[2]/div[2]/span"}
COMMAND: GET /session/f66dc8af89e796c2a1bae8c13753431d/element/f.84C8CB8F07A11D6CD1349F372DFB42D6.d.B27DC0858787F0AFC7D49390B48FC8BE.e.5954/text - {}
RESULT: {}
RESULT: undefined
RESULT: undefined
COMMAND: POST /session/f66dc8af89e796c2a1bae8c13753431d/execute/async - {"script":"<script> [6424 bytes]","args":[{"element-6066-11e4-a52e-4f735466cecf":"f.84C8CB8F07A11D6CD1349F372DFB42D6.d.B27DC0858787F0AFC7D49390B48FC8BE.e.5541"},"getText",[]]}
COMMAND: POST /session/f66dc8af89e796c2a1bae8c13753431d/execute/async - {"script":"<script> [1562 bytes]","args":[{"selector":{"controlType":"sap.m.Label","viewName":"etm.portal.ui.managesites.view.Detail","viewId":"application-managesites-display-component---detailSite","i18NText":{"propertyName":"text","key":"status"}},"wdio_ui5_key":"etmportal.ui.managesites.view.Detailsap.m.Label{\"propertyName\":\"text\",\"key\":\"status\"}"}]}
RESULT: {"script":"<script> [1562 bytes]","args":[{"selector":{"controlType":"sap.m.Label","viewName":"etm.portal.ui.managesites.view.Detail","viewId":"application-managesites-display-component---detailSite","i18NText":{"propertyName":"text","key":"status"}},"wdio_ui5_key":"etmportal.ui.managesites.view.Detailsap.m.Label{\"propertyName\":\"text\",\"key\":\"status\"}"}]}
COMMAND: POST /session/f66dc8af89e796c2a1bae8c13753431d/execute/async - {"script":"<script> [6424 bytes]","args":[{"element-6066-11e4-a52e-4f735466cecf":"f.84C8CB8F07A11D6CD1349F372DFB42D6.d.B27DC0858787F0AFC7D49390B48FC8BE.e.5942"},"getText",[]]}
RESULT: {"script":"<script> [6424 bytes]","args":[{"element-6066-11e4-a52e-4f735466cecf":"f.84C8CB8F07A11D6CD1349F372DFB42D6.d.B27DC0858787F0AFC7D49390B48FC8BE.e.5942"},"getText",[]]}
COMMAND: POST /session/f66dc8af89e796c2a1bae8c13753431d/execute/async - {"script":"<script> [1562 bytes]","args":[{"selector":{"id":"shell-header","interaction":{"idSuffix":"icon"}},"wdio_ui5_key":"shellheader"}]}
RESULT: {"script":"<script> [1562 bytes]","args":[{"selector":{"id":"shell-header","interaction":{"idSuffix":"icon"}},"wdio_ui5_key":"shellheader"}]}
RESULT: undefined
COMMAND: POST /session/f66dc8af89e796c2a1bae8c13753431d/element - {"using":"xpath","value":"//*[@id=\"shell-header\"]"}
RESULT: {"using":"xpath","value":"//*[@id=\"shell-header\"]"}
COMMAND: POST /session/f66dc8af89e796c2a1bae8c13753431d/element/f.84C8CB8F07A11D6CD1349F372DFB42D6.d.B27DC0858787F0AFC7D49390B48FC8BE.e.5955/click - {}
RESULT: {}
COMMAND: POST /session/f66dc8af89e796c2a1bae8c13753431d/refresh - {}
COMMAND: GET /session/f66dc8af89e796c2a1bae8c13753431d/screenshot - {}
RESULT: {}
COMMAND: GET /session/f66dc8af89e796c2a1bae8c13753431d/screenshot - {}
RESULT: {}
RESULT: {}
COMMAND: POST /session/f66dc8af89e796c2a1bae8c13753431d/refresh - {}
RESULT: {}
COMMAND: GET /session/f66dc8af89e796c2a1bae8c13753431d/screenshot - {}
RESULT: {}
COMMAND: POST /session/f66dc8af89e796c2a1bae8c13753431d/window/fullscreen - {}
RESULT: {}
COMMAND: POST /session/f66dc8af89e796c2a1bae8c13753431d/execute/async - {"script":"<script> [189 bytes]","args":[]}
RESULT: {"script":"<script> [189 bytes]","args":[]}
COMMAND: POST /session/f66dc8af89e796c2a1bae8c13753431d/execute/async - {"script":"<script> [123 bytes]","args":[]}
RESULT: {"script":"<script> [123 bytes]","args":[]}
COMMAND: POST /session/f66dc8af89e796c2a1bae8c13753431d/timeouts - {"script":"<number>"}
RESULT: {"script":"<number>"}
COMMAND: GET /session/f66dc8af89e796c2a1bae8c13753431d/timeouts - {}
RESULT: {}
RESULT: undefined
COMMAND: POST /session/f66dc8af89e796c2a1bae8c13753431d/execute/async - {"script":"<script> [2676 bytes]","args":[]}
RESULT: {"script":"<script> [2676 bytes]","args":[]}
COMMAND: POST /session/f66dc8af89e796c2a1bae8c13753431d/execute/async - {"script":"<script> [2342 bytes]","args":[{"protocol":"http","hostname":"0.0.0.0","path":"/","capabilities":{"browserName":"chrome","goog:chromeOptions":{"binary":"C:\\Program Files\\Google\\Chrome\\Application\\chrome.exe","args":["--start-maximized"]}},"logLevel":"warn","connectionRetryTimeout":120000,"connectionRetryCount":3,"logLevels":{},"enableDirectConnect":true,"strictSSL":true,"_":"65 more keys: [\"cacheDir\",\"port\",\"requestedCapabilities\",\"automationProtocol\",\"baseUrl\",\"waitforInterval\",\"waitforTimeout\",\"onReload\",\"beforeCommand\",\"afterCommand\",\"rootDir\",\"specs\",\"suites\",\"exclude\",\"groupLogsByTestSpec\",\"excludeDriverLogs\",\"bail\",\"framework\",\"reporters\",\"services\",\"maxInstances\",\"maxInstancesPerCapability\",\"injectGlobals\",\"filesToWatch\",\"execArgv\",\"runnerEnv\",\"runner\",\"shard\",\"specFileRetries\",\"specFileRetriesDelay\",\"specFileRetriesDeferred\",\"reporterSyncInterval\",\"reporterSyncTimeout\",\"cucumberFeaturesWithLineNumbers\",\"autoCompileOpts\",\"mochaOpts\",\"jasmineOpts\",\"cucumberOpts\",\"onPrepare\",\"onWorkerStart\",\"onWorkerEnd\",\"before\",\"beforeSession\",\"beforeSuite\",\"beforeHook\",\"beforeTest\",\"afterTest\",\"afterHook\",\"afterSuite\",\"afterSession\",\"after\",\"onComplete\",\"beforeAssertion\",\"afterAssertion\",\"beforeFeature\",\"beforeScenario\",\"beforeStep\",\"afterStep\",\"afterScenario\",\"afterFeature\",\"_\",\"suite\",\"$0\",\"ignoredWorkerServices\",\"wdi5\"]"}]}
RESULT: {"script":"<script> [2342 bytes]","args":[{"protocol":"http","hostname":"0.0.0.0","path":"/","capabilities":{"browserName":"chrome","goog:chromeOptions":{"binary":"C:\\Program Files\\Google\\Chrome\\Application\\chrome.exe","args":["--start-maximized"]}},"logLevel":"warn","connectionRetryTimeout":120000,"connectionRetryCount":3,"logLevels":{},"enableDirectConnect":true,"strictSSL":true,"_":"65 more keys: [\"cacheDir\",\"port\",\"requestedCapabilities\",\"automationProtocol\",\"baseUrl\",\"waitforInterval\",\"waitforTimeout\",\"onReload\",\"beforeCommand\",\"afterCommand\",\"rootDir\",\"specs\",\"suites\",\"exclude\",\"groupLogsByTestSpec\",\"excludeDriverLogs\",\"bail\",\"framework\",\"reporters\",\"services\",\"maxInstances\",\"maxInstancesPerCapability\",\"injectGlobals\",\"filesToWatch\",\"execArgv\",\"runnerEnv\",\"runner\",\"shard\",\"specFileRetries\",\"specFileRetriesDelay\",\"specFileRetriesDeferred\",\"reporterSyncInterval\",\"reporterSyncTimeout\",\"cucumberFeaturesWithLineNumbers\",\"autoCompileOpts\",\"mochaOpts\",\"jasmineOpts\",\"cucumberOpts\",\"onPrepare\",\"onWorkerStart\",\"onWorkerEnd\",\"before\",\"beforeSession\",\"beforeSuite\",\"beforeHook\",\"beforeTest\",\"afterTest\",\"afterHook\",\"afterSuite\",\"afterSession\",\"after\",\"onComplete\",\"beforeAssertion\",\"afterAssertion\",\"beforeFeature\",\"beforeScenario\",\"beforeStep\",\"afterStep\",\"afterScenario\",\"afterFeature\",\"_\",\"suite\",\"$0\",\"ignoredWorkerServices\",\"wdi5\"]"}]}
COMMAND: POST /session/f66dc8af89e796c2a1bae8c13753431d/execute/async - {"script":"<script> [21126 bytes]","args":[35000]}
RESULT: {"script":"<script> [21126 bytes]","args":[35000]}
COMMAND: POST /session/f66dc8af89e796c2a1bae8c13753431d/element - {"using":"css selector","value":"#j_username"}
COMMAND: POST /session/f66dc8af89e796c2a1bae8c13753431d/url - {"url":"https://qa-testing-00-live-etm-ui.cfapps.eu10-004.hana.ondemand.com/"}
RESULT: {"using":"css selector","value":"#j_username"}
COMMAND: POST /session/f66dc8af89e796c2a1bae8c13753431d/element - {"using":"css selector","value":"#j_username"}
RESULT: {"url":"https://qa-testing-00-live-etm-ui.cfapps.eu10-004.hana.ondemand.com/"}
RESULT: undefined
COMMAND: GET /session/f66dc8af89e796c2a1bae8c13753431d/screenshot - {}
RESULT: {"using":"css selector","value":"#j_username"}
COMMAND: POST /session/f66dc8af89e796c2a1bae8c13753431d/element - {"using":"css selector","value":"#shell-header-logo"}
RESULT: {}
RESULT: {"using":"css selector","value":"#shell-header-logo"}
COMMAND: POST /session/f66dc8af89e796c2a1bae8c13753431d/execute/sync - {"script":"<script> [8489 bytes]","args":[{"element-6066-11e4-a52e-4f735466cecf":"f.84C8CB8F07A11D6CD1349F372DFB42D6.d.9EE059A4174417A5D001F4F958025093.e.6571","ELEMENT":"f.84C8CB8F07A11D6CD1349F372DFB42D6.d.9EE059A4174417A5D001F4F958025093.e.6571"}]}
RESULT: {"script":"<script> [8489 bytes]","args":[{"element-6066-11e4-a52e-4f735466cecf":"f.84C8CB8F07A11D6CD1349F372DFB42D6.d.9EE059A4174417A5D001F4F958025093.e.6571","ELEMENT":"f.84C8CB8F07A11D6CD1349F372DFB42D6.d.9EE059A4174417A5D001F4F958025093.e.6571"}]}
COMMAND: POST /session/f66dc8af89e796c2a1bae8c13753431d/element - {"using":"css selector","value":"#shell-header-logo"}
COMMAND: GET /session/f66dc8af89e796c2a1bae8c13753431d/screenshot - {}
RESULT: {"using":"css selector","value":"#shell-header-logo"}
COMMAND: POST /session/f66dc8af89e796c2a1bae8c13753431d/execute/sync - {"script":"<script> [8489 bytes]","args":[{"element-6066-11e4-a52e-4f735466cecf":"f.84C8CB8F07A11D6CD1349F372DFB42D6.d.9EE059A4174417A5D001F4F958025093.e.6571","ELEMENT":"f.84C8CB8F07A11D6CD1349F372DFB42D6.d.9EE059A4174417A5D001F4F958025093.e.6571"}]}
RESULT: {}
RESULT: {"script":"<script> [8489 bytes]","args":[{"element-6066-11e4-a52e-4f735466cecf":"f.84C8CB8F07A11D6CD1349F372DFB42D6.d.9EE059A4174417A5D001F4F958025093.e.6571","ELEMENT":"f.84C8CB8F07A11D6CD1349F372DFB42D6.d.9EE059A4174417A5D001F4F958025093.e.6571"}]}
COMMAND: POST /session/f66dc8af89e796c2a1bae8c13753431d/execute/sync - {"script":"<script> [5351 bytes]","args":[{"element-6066-11e4-a52e-4f735466cecf":"f.84C8CB8F07A11D6CD1349F372DFB42D6.d.9EE059A4174417A5D001F4F958025093.e.6571","ELEMENT":"f.84C8CB8F07A11D6CD1349F372DFB42D6.d.9EE059A4174417A5D001F4F958025093.e.6571"}]}
COMMAND: GET /session/f66dc8af89e796c2a1bae8c13753431d/screenshot - {}
RESULT: {"script":"<script> [5351 bytes]","args":[{"element-6066-11e4-a52e-4f735466cecf":"f.84C8CB8F07A11D6CD1349F372DFB42D6.d.9EE059A4174417A5D001F4F958025093.e.6571","ELEMENT":"f.84C8CB8F07A11D6CD1349F372DFB42D6.d.9EE059A4174417A5D001F4F958025093.e.6571"}]}
COMMAND: POST /session/f66dc8af89e796c2a1bae8c13753431d/element - {"using":"css selector","value":"#shell-header-logo"}
COMMAND: GET /session/f66dc8af89e796c2a1bae8c13753431d/screenshot - {}
RESULT: {}
RESULT: {"using":"css selector","value":"#shell-header-logo"}
COMMAND: POST /session/f66dc8af89e796c2a1bae8c13753431d/element/f.84C8CB8F07A11D6CD1349F372DFB42D6.d.9EE059A4174417A5D001F4F958025093.e.6571/click - {}
RESULT: {}
RESULT: {}
COMMAND: GET /session/f66dc8af89e796c2a1bae8c13753431d/screenshot - {}
RESULT: {}
COMMAND: POST /session/f66dc8af89e796c2a1bae8c13753431d/execute/async - {"script":"<script> [189 bytes]","args":[]}
RESULT: {"script":"<script> [189 bytes]","args":[]}
COMMAND: POST /session/f66dc8af89e796c2a1bae8c13753431d/execute/async - {"script":"<script> [123 bytes]","args":[]}
RESULT: {"script":"<script> [123 bytes]","args":[]}
COMMAND: POST /session/f66dc8af89e796c2a1bae8c13753431d/timeouts - {"script":"<number>"}
RESULT: {"script":"<number>"}
COMMAND: GET /session/f66dc8af89e796c2a1bae8c13753431d/timeouts - {}
RESULT: {}
RESULT: undefined
COMMAND: POST /session/f66dc8af89e796c2a1bae8c13753431d/execute/async - {"script":"<script> [2676 bytes]","args":[]}
RESULT: {"script":"<script> [2676 bytes]","args":[]}
COMMAND: POST /session/f66dc8af89e796c2a1bae8c13753431d/execute/async - {"script":"<script> [2342 bytes]","args":[{"protocol":"http","hostname":"0.0.0.0","path":"/","capabilities":{"browserName":"chrome","goog:chromeOptions":{"binary":"C:\\Program Files\\Google\\Chrome\\Application\\chrome.exe","args":["--start-maximized"]}},"logLevel":"warn","connectionRetryTimeout":120000,"connectionRetryCount":3,"logLevels":{},"enableDirectConnect":true,"strictSSL":true,"_":"65 more keys: [\"cacheDir\",\"port\",\"requestedCapabilities\",\"automationProtocol\",\"baseUrl\",\"waitforInterval\",\"waitforTimeout\",\"onReload\",\"beforeCommand\",\"afterCommand\",\"rootDir\",\"specs\",\"suites\",\"exclude\",\"groupLogsByTestSpec\",\"excludeDriverLogs\",\"bail\",\"framework\",\"reporters\",\"services\",\"maxInstances\",\"maxInstancesPerCapability\",\"injectGlobals\",\"filesToWatch\",\"execArgv\",\"runnerEnv\",\"runner\",\"shard\",\"specFileRetries\",\"specFileRetriesDelay\",\"specFileRetriesDeferred\",\"reporterSyncInterval\",\"reporterSyncTimeout\",\"cucumberFeaturesWithLineNumbers\",\"autoCompileOpts\",\"mochaOpts\",\"jasmineOpts\",\"cucumberOpts\",\"onPrepare\",\"onWorkerStart\",\"onWorkerEnd\",\"before\",\"beforeSession\",\"beforeSuite\",\"beforeHook\",\"beforeTest\",\"afterTest\",\"afterHook\",\"afterSuite\",\"afterSession\",\"after\",\"onComplete\",\"beforeAssertion\",\"afterAssertion\",\"beforeFeature\",\"beforeScenario\",\"beforeStep\",\"afterStep\",\"afterScenario\",\"afterFeature\",\"_\",\"suite\",\"$0\",\"ignoredWorkerServices\",\"wdi5\"]"}]}
RESULT: {"script":"<script> [2342 bytes]","args":[{"protocol":"http","hostname":"0.0.0.0","path":"/","capabilities":{"browserName":"chrome","goog:chromeOptions":{"binary":"C:\\Program Files\\Google\\Chrome\\Application\\chrome.exe","args":["--start-maximized"]}},"logLevel":"warn","connectionRetryTimeout":120000,"connectionRetryCount":3,"logLevels":{},"enableDirectConnect":true,"strictSSL":true,"_":"65 more keys: [\"cacheDir\",\"port\",\"requestedCapabilities\",\"automationProtocol\",\"baseUrl\",\"waitforInterval\",\"waitforTimeout\",\"onReload\",\"beforeCommand\",\"afterCommand\",\"rootDir\",\"specs\",\"suites\",\"exclude\",\"groupLogsByTestSpec\",\"excludeDriverLogs\",\"bail\",\"framework\",\"reporters\",\"services\",\"maxInstances\",\"maxInstancesPerCapability\",\"injectGlobals\",\"filesToWatch\",\"execArgv\",\"runnerEnv\",\"runner\",\"shard\",\"specFileRetries\",\"specFileRetriesDelay\",\"specFileRetriesDeferred\",\"reporterSyncInterval\",\"reporterSyncTimeout\",\"cucumberFeaturesWithLineNumbers\",\"autoCompileOpts\",\"mochaOpts\",\"jasmineOpts\",\"cucumberOpts\",\"onPrepare\",\"onWorkerStart\",\"onWorkerEnd\",\"before\",\"beforeSession\",\"beforeSuite\",\"beforeHook\",\"beforeTest\",\"afterTest\",\"afterHook\",\"afterSuite\",\"afterSession\",\"after\",\"onComplete\",\"beforeAssertion\",\"afterAssertion\",\"beforeFeature\",\"beforeScenario\",\"beforeStep\",\"afterStep\",\"afterScenario\",\"afterFeature\",\"_\",\"suite\",\"$0\",\"ignoredWorkerServices\",\"wdi5\"]"}]}
COMMAND: POST /session/f66dc8af89e796c2a1bae8c13753431d/execute/async - {"script":"<script> [21126 bytes]","args":[35000]}
RESULT: {"script":"<script> [21126 bytes]","args":[35000]}
COMMAND: POST /session/f66dc8af89e796c2a1bae8c13753431d/window/maximize - {}
RESULT: {}
COMMAND: POST /session/f66dc8af89e796c2a1bae8c13753431d/execute/async - {"script":"<script> [1562 bytes]","args":[{"selector":{"id":"shell-header","interaction":{"idSuffix":"icon"}},"wdio_ui5_key":"shellheader"}]}
COMMAND: GET /session/f66dc8af89e796c2a1bae8c13753431d/screenshot - {}
RESULT: {"script":"<script> [1562 bytes]","args":[{"selector":{"id":"shell-header","interaction":{"idSuffix":"icon"}},"wdio_ui5_key":"shellheader"}]}
RESULT: undefined
RESULT: {}
COMMAND: POST /session/f66dc8af89e796c2a1bae8c13753431d/execute/async - {"script":"<script> [1562 bytes]","args":[{"selector":{"controlType":"sap.m.Title","i18NText":{"propertyName":"text","key":"dataCollectionAgreement"},"searchOpenDialogs":true},"wdio_ui5_key":"sapm.Title{\"propertyName\":\"text\",\"key\":\"dataCollectionAgreement\"}"}]}
RESULT: {"script":"<script> [1562 bytes]","args":[{"selector":{"controlType":"sap.m.Title","i18NText":{"propertyName":"text","key":"dataCollectionAgreement"},"searchOpenDialogs":true},"wdio_ui5_key":"sapm.Title{\"propertyName\":\"text\",\"key\":\"dataCollectionAgreement\"}"}]}
RESULT: undefined
COMMAND: POST /session/f66dc8af89e796c2a1bae8c13753431d/execute/async - {"script":"<script> [1562 bytes]","args":[{"selector":{"controlType":"sap.m.GenericTile","properties":{"header":"Manage Resources"}},"wdio_ui5_key":"sapm.GenericTile{\"header\":\"Manage Resources\"}"}]}
RESULT: {"script":"<script> [1562 bytes]","args":[{"selector":{"controlType":"sap.m.GenericTile","properties":{"header":"Manage Resources"}},"wdio_ui5_key":"sapm.GenericTile{\"header\":\"Manage Resources\"}"}]}
RESULT: undefined
COMMAND: POST /session/f66dc8af89e796c2a1bae8c13753431d/element - {"using":"xpath","value":"//*[@id=\"__tile31\"]"}
RESULT: {"using":"xpath","value":"//*[@id=\"__tile31\"]"}
COMMAND: POST /session/f66dc8af89e796c2a1bae8c13753431d/element/f.84C8CB8F07A11D6CD1349F372DFB42D6.d.9EE059A4174417A5D001F4F958025093.e.6590/click - {}
RESULT: {}
COMMAND: GET /session/f66dc8af89e796c2a1bae8c13753431d/screenshot - {}
RESULT: {}
COMMAND: POST /session/f66dc8af89e796c2a1bae8c13753431d/elements - {"using":"xpath","value":"//span[text()='Error']"}
RESULT: {"using":"xpath","value":"//span[text()='Error']"}
]]></system-out>
    </testcase>
  </testsuite>
  <testsuite timestamp="2025-05-28T15:30:12" time="506.319" tests="2" failures="0" errors="0" skipped="0">
    <properties>
      <property name="specId" value="0"/>
      <property name="suiteName" value="Create 2 RU material US118246"/>
      <property name="capabilities" value="chrome.136_0_7103_93.windows"/>
      <property name="file" value="file:///D:/a/1/s/test/specs/R2C/create-material.spec.js"/>
    </properties>
    <testcase classname="chrome.136_0_7103_93.windows.Create_2_RU_material_US118246" name="Create material" time="231.225">
      <system-out><![CDATA[
COMMAND: POST /session/f66dc8af89e796c2a1bae8c13753431d/element - {"using":"xpath","value":"//button[@data-kt=\"addNewRUOverflowToolbarButton\"]"}
RESULT: {"using":"xpath","value":"//button[@data-kt=\"addNewRUOverflowToolbarButton\"]"}
COMMAND: POST /session/f66dc8af89e796c2a1bae8c13753431d/execute/sync - {"script":"<script> [8489 bytes]","args":[{"element-6066-11e4-a52e-4f735466cecf":"f.84C8CB8F07A11D6CD1349F372DFB42D6.d.9EE059A4174417A5D001F4F958025093.e.6727","ELEMENT":"f.84C8CB8F07A11D6CD1349F372DFB42D6.d.9EE059A4174417A5D001F4F958025093.e.6727"}]}
RESULT: {"script":"<script> [8489 bytes]","args":[{"element-6066-11e4-a52e-4f735466cecf":"f.84C8CB8F07A11D6CD1349F372DFB42D6.d.9EE059A4174417A5D001F4F958025093.e.6727","ELEMENT":"f.84C8CB8F07A11D6CD1349F372DFB42D6.d.9EE059A4174417A5D001F4F958025093.e.6727"}]}
COMMAND: POST /session/f66dc8af89e796c2a1bae8c13753431d/element/f.84C8CB8F07A11D6CD1349F372DFB42D6.d.9EE059A4174417A5D001F4F958025093.e.6727/click - {}
COMMAND: GET /session/f66dc8af89e796c2a1bae8c13753431d/screenshot - {}
RESULT: {}
COMMAND: GET /session/f66dc8af89e796c2a1bae8c13753431d/screenshot - {}
RESULT: {}
RESULT: {}
COMMAND: POST /session/f66dc8af89e796c2a1bae8c13753431d/execute/async - {"script":"<script> [1562 bytes]","args":[{"selector":{"controlType":"sap.m.ComboBox","viewName":"reusables.view.manageresources.NewResourceUnit","viewId":"application-manageresources-display-component---newResourceUnit","bindingPath":{"path":"","propertyPath":"/RuTypes","modelName":"catalogModel"},"searchOpenDialogs":true},"wdio_ui5_key":"reusablesview.manageresources.NewResourceUnitsap.m.ComboBox{\"path\":\"\",\"propertyPath\":\"/RuTypes\",\"modelName\":\"catalogModel\"}"}]}
RESULT: {"script":"<script> [1562 bytes]","args":[{"selector":{"controlType":"sap.m.ComboBox","viewName":"reusables.view.manageresources.NewResourceUnit","viewId":"application-manageresources-display-component---newResourceUnit","bindingPath":{"path":"","propertyPath":"/RuTypes","modelName":"catalogModel"},"searchOpenDialogs":true},"wdio_ui5_key":"reusablesview.manageresources.NewResourceUnitsap.m.ComboBox{\"path\":\"\",\"propertyPath\":\"/RuTypes\",\"modelName\":\"catalogModel\"}"}]}
RESULT: undefined
COMMAND: POST /session/f66dc8af89e796c2a1bae8c13753431d/execute/async - {"script":"<script> [1562 bytes]","args":[{"selector":{"controlType":"sap.m.ComboBox","viewName":"reusables.view.manageresources.NewResourceUnit","viewId":"application-manageresources-display-component---newResourceUnit","bindingPath":{"path":"","propertyPath":"/Yards","modelName":"catalogModel"},"searchOpenDialogs":true},"wdio_ui5_key":"reusablesview.manageresources.NewResourceUnitsap.m.ComboBox{\"path\":\"\",\"propertyPath\":\"/Yards\",\"modelName\":\"catalogModel\"}"}]}
RESULT: {"script":"<script> [1562 bytes]","args":[{"selector":{"controlType":"sap.m.ComboBox","viewName":"reusables.view.manageresources.NewResourceUnit","viewId":"application-manageresources-display-component---newResourceUnit","bindingPath":{"path":"","propertyPath":"/Yards","modelName":"catalogModel"},"searchOpenDialogs":true},"wdio_ui5_key":"reusablesview.manageresources.NewResourceUnitsap.m.ComboBox{\"path\":\"\",\"propertyPath\":\"/Yards\",\"modelName\":\"catalogModel\"}"}]}
RESULT: undefined
COMMAND: POST /session/f66dc8af89e796c2a1bae8c13753431d/execute/async - {"script":"<script> [1562 bytes]","args":[{"selector":{"controlType":"etm.portal.ui.reusables.customControls.LiveSearchComboBox","viewName":"reusables.view.manageresources.NewResourceUnit","viewId":"application-manageresources-display-component---newResourceUnit","bindingPath":{"path":"","propertyPath":"/CatalogItems","modelName":"catalogModel"},"searchOpenDialogs":true},"wdio_ui5_key":"reusablesview.manageresources.NewResourceUnitetm.portal.ui.reusables.customControls.LiveSearchComboBox{\"path\":\"\",\"propertyPath\":\"/CatalogItems\",\"modelName\":\"catalogModel\"}"}]}
RESULT: {"script":"<script> [1562 bytes]","args":[{"selector":{"controlType":"etm.portal.ui.reusables.customControls.LiveSearchComboBox","viewName":"reusables.view.manageresources.NewResourceUnit","viewId":"application-manageresources-display-component---newResourceUnit","bindingPath":{"path":"","propertyPath":"/CatalogItems","modelName":"catalogModel"},"searchOpenDialogs":true},"wdio_ui5_key":"reusablesview.manageresources.NewResourceUnitetm.portal.ui.reusables.customControls.LiveSearchComboBox{\"path\":\"\",\"propertyPath\":\"/CatalogItems\",\"modelName\":\"catalogModel\"}"}]}
RESULT: undefined
COMMAND: POST /session/f66dc8af89e796c2a1bae8c13753431d/element - {"using":"xpath","value":"//bdi[text()=\"OK\"]"}
RESULT: {"using":"xpath","value":"//bdi[text()=\"OK\"]"}
COMMAND: POST /session/f66dc8af89e796c2a1bae8c13753431d/elements - {"using":"xpath","value":"//bdi[text()=\"OK\"]"}
RESULT: {"using":"xpath","value":"//bdi[text()=\"OK\"]"}
COMMAND: POST /session/f66dc8af89e796c2a1bae8c13753431d/elements - {"using":"xpath","value":"//bdi[text()=\"OK\"]"}
RESULT: {"using":"xpath","value":"//bdi[text()=\"OK\"]"}
COMMAND: POST /session/f66dc8af89e796c2a1bae8c13753431d/elements - {"using":"xpath","value":"//bdi[text()=\"OK\"]"}
RESULT: {"using":"xpath","value":"//bdi[text()=\"OK\"]"}
COMMAND: POST /session/f66dc8af89e796c2a1bae8c13753431d/elements - {"using":"xpath","value":"//bdi[text()=\"OK\"]"}
RESULT: {"using":"xpath","value":"//bdi[text()=\"OK\"]"}
COMMAND: POST /session/f66dc8af89e796c2a1bae8c13753431d/elements - {"using":"xpath","value":"//bdi[text()=\"OK\"]"}
RESULT: {"using":"xpath","value":"//bdi[text()=\"OK\"]"}
COMMAND: POST /session/f66dc8af89e796c2a1bae8c13753431d/elements - {"using":"xpath","value":"//bdi[text()=\"OK\"]"}
RESULT: {"using":"xpath","value":"//bdi[text()=\"OK\"]"}
COMMAND: POST /session/f66dc8af89e796c2a1bae8c13753431d/elements - {"using":"xpath","value":"//bdi[text()=\"OK\"]"}
RESULT: {"using":"xpath","value":"//bdi[text()=\"OK\"]"}
COMMAND: POST /session/f66dc8af89e796c2a1bae8c13753431d/elements - {"using":"xpath","value":"//bdi[text()=\"OK\"]"}
RESULT: {"using":"xpath","value":"//bdi[text()=\"OK\"]"}
COMMAND: POST /session/f66dc8af89e796c2a1bae8c13753431d/elements - {"using":"xpath","value":"//bdi[text()=\"OK\"]"}
RESULT: {"using":"xpath","value":"//bdi[text()=\"OK\"]"}
COMMAND: POST /session/f66dc8af89e796c2a1bae8c13753431d/elements - {"using":"xpath","value":"//bdi[text()=\"OK\"]"}
RESULT: {"using":"xpath","value":"//bdi[text()=\"OK\"]"}
COMMAND: POST /session/f66dc8af89e796c2a1bae8c13753431d/elements - {"using":"xpath","value":"//bdi[text()=\"OK\"]"}
RESULT: {"using":"xpath","value":"//bdi[text()=\"OK\"]"}
COMMAND: POST /session/f66dc8af89e796c2a1bae8c13753431d/elements - {"using":"xpath","value":"//bdi[text()=\"OK\"]"}
RESULT: {"using":"xpath","value":"//bdi[text()=\"OK\"]"}
COMMAND: POST /session/f66dc8af89e796c2a1bae8c13753431d/elements - {"using":"xpath","value":"//bdi[text()=\"OK\"]"}
RESULT: {"using":"xpath","value":"//bdi[text()=\"OK\"]"}
COMMAND: POST /session/f66dc8af89e796c2a1bae8c13753431d/elements - {"using":"xpath","value":"//bdi[text()=\"OK\"]"}
RESULT: {"using":"xpath","value":"//bdi[text()=\"OK\"]"}
COMMAND: POST /session/f66dc8af89e796c2a1bae8c13753431d/elements - {"using":"xpath","value":"//bdi[text()=\"OK\"]"}
RESULT: {"using":"xpath","value":"//bdi[text()=\"OK\"]"}
COMMAND: POST /session/f66dc8af89e796c2a1bae8c13753431d/elements - {"using":"xpath","value":"//bdi[text()=\"OK\"]"}
RESULT: {"using":"xpath","value":"//bdi[text()=\"OK\"]"}
COMMAND: POST /session/f66dc8af89e796c2a1bae8c13753431d/elements - {"using":"xpath","value":"//bdi[text()=\"OK\"]"}
RESULT: {"using":"xpath","value":"//bdi[text()=\"OK\"]"}
COMMAND: POST /session/f66dc8af89e796c2a1bae8c13753431d/elements - {"using":"xpath","value":"//bdi[text()=\"OK\"]"}
RESULT: {"using":"xpath","value":"//bdi[text()=\"OK\"]"}
COMMAND: POST /session/f66dc8af89e796c2a1bae8c13753431d/elements - {"using":"xpath","value":"//bdi[text()=\"OK\"]"}
RESULT: {"using":"xpath","value":"//bdi[text()=\"OK\"]"}
COMMAND: POST /session/f66dc8af89e796c2a1bae8c13753431d/elements - {"using":"xpath","value":"//bdi[text()=\"OK\"]"}
RESULT: {"using":"xpath","value":"//bdi[text()=\"OK\"]"}
COMMAND: POST /session/f66dc8af89e796c2a1bae8c13753431d/elements - {"using":"xpath","value":"//bdi[text()=\"OK\"]"}
RESULT: {"using":"xpath","value":"//bdi[text()=\"OK\"]"}
COMMAND: POST /session/f66dc8af89e796c2a1bae8c13753431d/elements - {"using":"xpath","value":"//bdi[text()=\"OK\"]"}
RESULT: {"using":"xpath","value":"//bdi[text()=\"OK\"]"}
COMMAND: POST /session/f66dc8af89e796c2a1bae8c13753431d/elements - {"using":"xpath","value":"//bdi[text()=\"OK\"]"}
RESULT: {"using":"xpath","value":"//bdi[text()=\"OK\"]"}
COMMAND: POST /session/f66dc8af89e796c2a1bae8c13753431d/elements - {"using":"xpath","value":"//bdi[text()=\"OK\"]"}
RESULT: {"using":"xpath","value":"//bdi[text()=\"OK\"]"}
COMMAND: POST /session/f66dc8af89e796c2a1bae8c13753431d/elements - {"using":"xpath","value":"//bdi[text()=\"OK\"]"}
RESULT: {"using":"xpath","value":"//bdi[text()=\"OK\"]"}
COMMAND: POST /session/f66dc8af89e796c2a1bae8c13753431d/elements - {"using":"xpath","value":"//bdi[text()=\"OK\"]"}
RESULT: {"using":"xpath","value":"//bdi[text()=\"OK\"]"}
COMMAND: POST /session/f66dc8af89e796c2a1bae8c13753431d/elements - {"using":"xpath","value":"//bdi[text()=\"OK\"]"}
RESULT: {"using":"xpath","value":"//bdi[text()=\"OK\"]"}
COMMAND: POST /session/f66dc8af89e796c2a1bae8c13753431d/elements - {"using":"xpath","value":"//bdi[text()=\"OK\"]"}
RESULT: {"using":"xpath","value":"//bdi[text()=\"OK\"]"}
COMMAND: POST /session/f66dc8af89e796c2a1bae8c13753431d/elements - {"using":"xpath","value":"//bdi[text()=\"OK\"]"}
RESULT: {"using":"xpath","value":"//bdi[text()=\"OK\"]"}
COMMAND: POST /session/f66dc8af89e796c2a1bae8c13753431d/elements - {"using":"xpath","value":"//bdi[text()=\"OK\"]"}
RESULT: {"using":"xpath","value":"//bdi[text()=\"OK\"]"}
COMMAND: POST /session/f66dc8af89e796c2a1bae8c13753431d/elements - {"using":"xpath","value":"//bdi[text()=\"OK\"]"}
RESULT: {"using":"xpath","value":"//bdi[text()=\"OK\"]"}
COMMAND: POST /session/f66dc8af89e796c2a1bae8c13753431d/elements - {"using":"xpath","value":"//bdi[text()=\"OK\"]"}
RESULT: {"using":"xpath","value":"//bdi[text()=\"OK\"]"}
COMMAND: POST /session/f66dc8af89e796c2a1bae8c13753431d/elements - {"using":"xpath","value":"//bdi[text()=\"OK\"]"}
RESULT: {"using":"xpath","value":"//bdi[text()=\"OK\"]"}
COMMAND: POST /session/f66dc8af89e796c2a1bae8c13753431d/elements - {"using":"xpath","value":"//bdi[text()=\"OK\"]"}
RESULT: {"using":"xpath","value":"//bdi[text()=\"OK\"]"}
COMMAND: POST /session/f66dc8af89e796c2a1bae8c13753431d/elements - {"using":"xpath","value":"//bdi[text()=\"OK\"]"}
RESULT: {"using":"xpath","value":"//bdi[text()=\"OK\"]"}
COMMAND: POST /session/f66dc8af89e796c2a1bae8c13753431d/elements - {"using":"xpath","value":"//bdi[text()=\"OK\"]"}
RESULT: {"using":"xpath","value":"//bdi[text()=\"OK\"]"}
COMMAND: POST /session/f66dc8af89e796c2a1bae8c13753431d/elements - {"using":"xpath","value":"//bdi[text()=\"OK\"]"}
RESULT: {"using":"xpath","value":"//bdi[text()=\"OK\"]"}
COMMAND: POST /session/f66dc8af89e796c2a1bae8c13753431d/elements - {"using":"xpath","value":"//bdi[text()=\"OK\"]"}
RESULT: {"using":"xpath","value":"//bdi[text()=\"OK\"]"}
COMMAND: POST /session/f66dc8af89e796c2a1bae8c13753431d/elements - {"using":"xpath","value":"//bdi[text()=\"OK\"]"}
RESULT: {"using":"xpath","value":"//bdi[text()=\"OK\"]"}
COMMAND: POST /session/f66dc8af89e796c2a1bae8c13753431d/elements - {"using":"xpath","value":"//bdi[text()=\"OK\"]"}
RESULT: {"using":"xpath","value":"//bdi[text()=\"OK\"]"}
COMMAND: POST /session/f66dc8af89e796c2a1bae8c13753431d/elements - {"using":"xpath","value":"//bdi[text()=\"OK\"]"}
RESULT: {"using":"xpath","value":"//bdi[text()=\"OK\"]"}
COMMAND: POST /session/f66dc8af89e796c2a1bae8c13753431d/elements - {"using":"xpath","value":"//bdi[text()=\"OK\"]"}
RESULT: {"using":"xpath","value":"//bdi[text()=\"OK\"]"}
COMMAND: POST /session/f66dc8af89e796c2a1bae8c13753431d/elements - {"using":"xpath","value":"//bdi[text()=\"OK\"]"}
RESULT: {"using":"xpath","value":"//bdi[text()=\"OK\"]"}
COMMAND: POST /session/f66dc8af89e796c2a1bae8c13753431d/elements - {"using":"xpath","value":"//bdi[text()=\"OK\"]"}
RESULT: {"using":"xpath","value":"//bdi[text()=\"OK\"]"}
COMMAND: POST /session/f66dc8af89e796c2a1bae8c13753431d/elements - {"using":"xpath","value":"//bdi[text()=\"OK\"]"}
RESULT: {"using":"xpath","value":"//bdi[text()=\"OK\"]"}
COMMAND: POST /session/f66dc8af89e796c2a1bae8c13753431d/elements - {"using":"xpath","value":"//bdi[text()=\"OK\"]"}
RESULT: {"using":"xpath","value":"//bdi[text()=\"OK\"]"}
COMMAND: POST /session/f66dc8af89e796c2a1bae8c13753431d/elements - {"using":"xpath","value":"//bdi[text()=\"OK\"]"}
RESULT: {"using":"xpath","value":"//bdi[text()=\"OK\"]"}
COMMAND: POST /session/f66dc8af89e796c2a1bae8c13753431d/elements - {"using":"xpath","value":"//bdi[text()=\"OK\"]"}
RESULT: {"using":"xpath","value":"//bdi[text()=\"OK\"]"}
COMMAND: POST /session/f66dc8af89e796c2a1bae8c13753431d/elements - {"using":"xpath","value":"//bdi[text()=\"OK\"]"}
RESULT: {"using":"xpath","value":"//bdi[text()=\"OK\"]"}
COMMAND: POST /session/f66dc8af89e796c2a1bae8c13753431d/elements - {"using":"xpath","value":"//bdi[text()=\"OK\"]"}
RESULT: {"using":"xpath","value":"//bdi[text()=\"OK\"]"}
COMMAND: POST /session/f66dc8af89e796c2a1bae8c13753431d/elements - {"using":"xpath","value":"//bdi[text()=\"OK\"]"}
RESULT: {"using":"xpath","value":"//bdi[text()=\"OK\"]"}
COMMAND: POST /session/f66dc8af89e796c2a1bae8c13753431d/elements - {"using":"xpath","value":"//bdi[text()=\"OK\"]"}
RESULT: {"using":"xpath","value":"//bdi[text()=\"OK\"]"}
COMMAND: POST /session/f66dc8af89e796c2a1bae8c13753431d/elements - {"using":"xpath","value":"//bdi[text()=\"OK\"]"}
RESULT: {"using":"xpath","value":"//bdi[text()=\"OK\"]"}
COMMAND: POST /session/f66dc8af89e796c2a1bae8c13753431d/elements - {"using":"xpath","value":"//bdi[text()=\"OK\"]"}
RESULT: {"using":"xpath","value":"//bdi[text()=\"OK\"]"}
COMMAND: POST /session/f66dc8af89e796c2a1bae8c13753431d/elements - {"using":"xpath","value":"//bdi[text()=\"OK\"]"}
RESULT: {"using":"xpath","value":"//bdi[text()=\"OK\"]"}
COMMAND: POST /session/f66dc8af89e796c2a1bae8c13753431d/elements - {"using":"xpath","value":"//bdi[text()=\"OK\"]"}
RESULT: {"using":"xpath","value":"//bdi[text()=\"OK\"]"}
COMMAND: POST /session/f66dc8af89e796c2a1bae8c13753431d/elements - {"using":"xpath","value":"//bdi[text()=\"OK\"]"}
RESULT: {"using":"xpath","value":"//bdi[text()=\"OK\"]"}
COMMAND: POST /session/f66dc8af89e796c2a1bae8c13753431d/elements - {"using":"xpath","value":"//bdi[text()=\"OK\"]"}
RESULT: {"using":"xpath","value":"//bdi[text()=\"OK\"]"}
COMMAND: POST /session/f66dc8af89e796c2a1bae8c13753431d/elements - {"using":"xpath","value":"//bdi[text()=\"OK\"]"}
RESULT: {"using":"xpath","value":"//bdi[text()=\"OK\"]"}
COMMAND: POST /session/f66dc8af89e796c2a1bae8c13753431d/elements - {"using":"xpath","value":"//bdi[text()=\"OK\"]"}
RESULT: {"using":"xpath","value":"//bdi[text()=\"OK\"]"}
COMMAND: POST /session/f66dc8af89e796c2a1bae8c13753431d/elements - {"using":"xpath","value":"//bdi[text()=\"OK\"]"}
RESULT: {"using":"xpath","value":"//bdi[text()=\"OK\"]"}
COMMAND: POST /session/f66dc8af89e796c2a1bae8c13753431d/elements - {"using":"xpath","value":"//bdi[text()=\"OK\"]"}
RESULT: {"using":"xpath","value":"//bdi[text()=\"OK\"]"}
COMMAND: POST /session/f66dc8af89e796c2a1bae8c13753431d/elements - {"using":"xpath","value":"//bdi[text()=\"OK\"]"}
RESULT: {"using":"xpath","value":"//bdi[text()=\"OK\"]"}
COMMAND: POST /session/f66dc8af89e796c2a1bae8c13753431d/elements - {"using":"xpath","value":"//bdi[text()=\"OK\"]"}
RESULT: {"using":"xpath","value":"//bdi[text()=\"OK\"]"}
COMMAND: POST /session/f66dc8af89e796c2a1bae8c13753431d/elements - {"using":"xpath","value":"//bdi[text()=\"OK\"]"}
RESULT: {"using":"xpath","value":"//bdi[text()=\"OK\"]"}
COMMAND: POST /session/f66dc8af89e796c2a1bae8c13753431d/elements - {"using":"xpath","value":"//bdi[text()=\"OK\"]"}
RESULT: {"using":"xpath","value":"//bdi[text()=\"OK\"]"}
COMMAND: POST /session/f66dc8af89e796c2a1bae8c13753431d/elements - {"using":"xpath","value":"//bdi[text()=\"OK\"]"}
RESULT: {"using":"xpath","value":"//bdi[text()=\"OK\"]"}
COMMAND: POST /session/f66dc8af89e796c2a1bae8c13753431d/elements - {"using":"xpath","value":"//bdi[text()=\"OK\"]"}
RESULT: {"using":"xpath","value":"//bdi[text()=\"OK\"]"}
COMMAND: POST /session/f66dc8af89e796c2a1bae8c13753431d/elements - {"using":"xpath","value":"//bdi[text()=\"OK\"]"}
RESULT: {"using":"xpath","value":"//bdi[text()=\"OK\"]"}
COMMAND: POST /session/f66dc8af89e796c2a1bae8c13753431d/elements - {"using":"xpath","value":"//bdi[text()=\"OK\"]"}
RESULT: {"using":"xpath","value":"//bdi[text()=\"OK\"]"}
COMMAND: POST /session/f66dc8af89e796c2a1bae8c13753431d/elements - {"using":"xpath","value":"//bdi[text()=\"OK\"]"}
RESULT: {"using":"xpath","value":"//bdi[text()=\"OK\"]"}
COMMAND: POST /session/f66dc8af89e796c2a1bae8c13753431d/elements - {"using":"xpath","value":"//bdi[text()=\"OK\"]"}
RESULT: {"using":"xpath","value":"//bdi[text()=\"OK\"]"}
COMMAND: POST /session/f66dc8af89e796c2a1bae8c13753431d/elements - {"using":"xpath","value":"//bdi[text()=\"OK\"]"}
RESULT: {"using":"xpath","value":"//bdi[text()=\"OK\"]"}
COMMAND: POST /session/f66dc8af89e796c2a1bae8c13753431d/elements - {"using":"xpath","value":"//bdi[text()=\"OK\"]"}
RESULT: {"using":"xpath","value":"//bdi[text()=\"OK\"]"}
COMMAND: POST /session/f66dc8af89e796c2a1bae8c13753431d/elements - {"using":"xpath","value":"//bdi[text()=\"OK\"]"}
RESULT: {"using":"xpath","value":"//bdi[text()=\"OK\"]"}
COMMAND: POST /session/f66dc8af89e796c2a1bae8c13753431d/elements - {"using":"xpath","value":"//bdi[text()=\"OK\"]"}
RESULT: {"using":"xpath","value":"//bdi[text()=\"OK\"]"}
COMMAND: POST /session/f66dc8af89e796c2a1bae8c13753431d/elements - {"using":"xpath","value":"//bdi[text()=\"OK\"]"}
RESULT: {"using":"xpath","value":"//bdi[text()=\"OK\"]"}
COMMAND: POST /session/f66dc8af89e796c2a1bae8c13753431d/elements - {"using":"xpath","value":"//bdi[text()=\"OK\"]"}
RESULT: {"using":"xpath","value":"//bdi[text()=\"OK\"]"}
COMMAND: POST /session/f66dc8af89e796c2a1bae8c13753431d/elements - {"using":"xpath","value":"//bdi[text()=\"OK\"]"}
RESULT: {"using":"xpath","value":"//bdi[text()=\"OK\"]"}
COMMAND: POST /session/f66dc8af89e796c2a1bae8c13753431d/elements - {"using":"xpath","value":"//bdi[text()=\"OK\"]"}
RESULT: {"using":"xpath","value":"//bdi[text()=\"OK\"]"}
COMMAND: POST /session/f66dc8af89e796c2a1bae8c13753431d/elements - {"using":"xpath","value":"//bdi[text()=\"OK\"]"}
RESULT: {"using":"xpath","value":"//bdi[text()=\"OK\"]"}
COMMAND: POST /session/f66dc8af89e796c2a1bae8c13753431d/elements - {"using":"xpath","value":"//bdi[text()=\"OK\"]"}
RESULT: {"using":"xpath","value":"//bdi[text()=\"OK\"]"}
COMMAND: POST /session/f66dc8af89e796c2a1bae8c13753431d/elements - {"using":"xpath","value":"//bdi[text()=\"OK\"]"}
RESULT: {"using":"xpath","value":"//bdi[text()=\"OK\"]"}
COMMAND: POST /session/f66dc8af89e796c2a1bae8c13753431d/elements - {"using":"xpath","value":"//bdi[text()=\"OK\"]"}
RESULT: {"using":"xpath","value":"//bdi[text()=\"OK\"]"}
COMMAND: POST /session/f66dc8af89e796c2a1bae8c13753431d/elements - {"using":"xpath","value":"//bdi[text()=\"OK\"]"}
RESULT: {"using":"xpath","value":"//bdi[text()=\"OK\"]"}
COMMAND: POST /session/f66dc8af89e796c2a1bae8c13753431d/elements - {"using":"xpath","value":"//bdi[text()=\"OK\"]"}
RESULT: {"using":"xpath","value":"//bdi[text()=\"OK\"]"}
COMMAND: POST /session/f66dc8af89e796c2a1bae8c13753431d/elements - {"using":"xpath","value":"//bdi[text()=\"OK\"]"}
RESULT: {"using":"xpath","value":"//bdi[text()=\"OK\"]"}
COMMAND: POST /session/f66dc8af89e796c2a1bae8c13753431d/elements - {"using":"xpath","value":"//bdi[text()=\"OK\"]"}
RESULT: {"using":"xpath","value":"//bdi[text()=\"OK\"]"}
COMMAND: POST /session/f66dc8af89e796c2a1bae8c13753431d/elements - {"using":"xpath","value":"//bdi[text()=\"OK\"]"}
RESULT: {"using":"xpath","value":"//bdi[text()=\"OK\"]"}
COMMAND: POST /session/f66dc8af89e796c2a1bae8c13753431d/elements - {"using":"xpath","value":"//bdi[text()=\"OK\"]"}
RESULT: {"using":"xpath","value":"//bdi[text()=\"OK\"]"}
COMMAND: POST /session/f66dc8af89e796c2a1bae8c13753431d/elements - {"using":"xpath","value":"//bdi[text()=\"OK\"]"}
RESULT: {"using":"xpath","value":"//bdi[text()=\"OK\"]"}
COMMAND: POST /session/f66dc8af89e796c2a1bae8c13753431d/elements - {"using":"xpath","value":"//bdi[text()=\"OK\"]"}
RESULT: {"using":"xpath","value":"//bdi[text()=\"OK\"]"}
COMMAND: POST /session/f66dc8af89e796c2a1bae8c13753431d/elements - {"using":"xpath","value":"//bdi[text()=\"OK\"]"}
RESULT: {"using":"xpath","value":"//bdi[text()=\"OK\"]"}
COMMAND: POST /session/f66dc8af89e796c2a1bae8c13753431d/elements - {"using":"xpath","value":"//bdi[text()=\"OK\"]"}
RESULT: {"using":"xpath","value":"//bdi[text()=\"OK\"]"}
COMMAND: POST /session/f66dc8af89e796c2a1bae8c13753431d/elements - {"using":"xpath","value":"//bdi[text()=\"OK\"]"}
RESULT: {"using":"xpath","value":"//bdi[text()=\"OK\"]"}
COMMAND: POST /session/f66dc8af89e796c2a1bae8c13753431d/elements - {"using":"xpath","value":"//bdi[text()=\"OK\"]"}
RESULT: {"using":"xpath","value":"//bdi[text()=\"OK\"]"}
COMMAND: POST /session/f66dc8af89e796c2a1bae8c13753431d/elements - {"using":"xpath","value":"//bdi[text()=\"OK\"]"}
RESULT: {"using":"xpath","value":"//bdi[text()=\"OK\"]"}
COMMAND: POST /session/f66dc8af89e796c2a1bae8c13753431d/elements - {"using":"xpath","value":"//bdi[text()=\"OK\"]"}
RESULT: {"using":"xpath","value":"//bdi[text()=\"OK\"]"}
COMMAND: POST /session/f66dc8af89e796c2a1bae8c13753431d/elements - {"using":"xpath","value":"//bdi[text()=\"OK\"]"}
RESULT: {"using":"xpath","value":"//bdi[text()=\"OK\"]"}
COMMAND: POST /session/f66dc8af89e796c2a1bae8c13753431d/elements - {"using":"xpath","value":"//bdi[text()=\"OK\"]"}
RESULT: {"using":"xpath","value":"//bdi[text()=\"OK\"]"}
COMMAND: POST /session/f66dc8af89e796c2a1bae8c13753431d/elements - {"using":"xpath","value":"//bdi[text()=\"OK\"]"}
RESULT: {"using":"xpath","value":"//bdi[text()=\"OK\"]"}
COMMAND: POST /session/f66dc8af89e796c2a1bae8c13753431d/elements - {"using":"xpath","value":"//bdi[text()=\"OK\"]"}
RESULT: {"using":"xpath","value":"//bdi[text()=\"OK\"]"}
COMMAND: POST /session/f66dc8af89e796c2a1bae8c13753431d/elements - {"using":"xpath","value":"//bdi[text()=\"OK\"]"}
RESULT: {"using":"xpath","value":"//bdi[text()=\"OK\"]"}
COMMAND: POST /session/f66dc8af89e796c2a1bae8c13753431d/elements - {"using":"xpath","value":"//bdi[text()=\"OK\"]"}
RESULT: {"using":"xpath","value":"//bdi[text()=\"OK\"]"}
COMMAND: POST /session/f66dc8af89e796c2a1bae8c13753431d/elements - {"using":"xpath","value":"//bdi[text()=\"OK\"]"}
RESULT: {"using":"xpath","value":"//bdi[text()=\"OK\"]"}
COMMAND: POST /session/f66dc8af89e796c2a1bae8c13753431d/elements - {"using":"xpath","value":"//bdi[text()=\"OK\"]"}
RESULT: {"using":"xpath","value":"//bdi[text()=\"OK\"]"}
COMMAND: POST /session/f66dc8af89e796c2a1bae8c13753431d/elements - {"using":"xpath","value":"//bdi[text()=\"OK\"]"}
RESULT: {"using":"xpath","value":"//bdi[text()=\"OK\"]"}
COMMAND: POST /session/f66dc8af89e796c2a1bae8c13753431d/elements - {"using":"xpath","value":"//bdi[text()=\"OK\"]"}
RESULT: {"using":"xpath","value":"//bdi[text()=\"OK\"]"}
COMMAND: POST /session/f66dc8af89e796c2a1bae8c13753431d/elements - {"using":"xpath","value":"//bdi[text()=\"OK\"]"}
RESULT: {"using":"xpath","value":"//bdi[text()=\"OK\"]"}
COMMAND: POST /session/f66dc8af89e796c2a1bae8c13753431d/elements - {"using":"xpath","value":"//bdi[text()=\"OK\"]"}
RESULT: {"using":"xpath","value":"//bdi[text()=\"OK\"]"}
COMMAND: POST /session/f66dc8af89e796c2a1bae8c13753431d/elements - {"using":"xpath","value":"//bdi[text()=\"OK\"]"}
RESULT: {"using":"xpath","value":"//bdi[text()=\"OK\"]"}
COMMAND: POST /session/f66dc8af89e796c2a1bae8c13753431d/elements - {"using":"xpath","value":"//bdi[text()=\"OK\"]"}
RESULT: {"using":"xpath","value":"//bdi[text()=\"OK\"]"}
COMMAND: POST /session/f66dc8af89e796c2a1bae8c13753431d/elements - {"using":"xpath","value":"//bdi[text()=\"OK\"]"}
RESULT: {"using":"xpath","value":"//bdi[text()=\"OK\"]"}
COMMAND: POST /session/f66dc8af89e796c2a1bae8c13753431d/elements - {"using":"xpath","value":"//bdi[text()=\"OK\"]"}
RESULT: {"using":"xpath","value":"//bdi[text()=\"OK\"]"}
COMMAND: POST /session/f66dc8af89e796c2a1bae8c13753431d/elements - {"using":"xpath","value":"//bdi[text()=\"OK\"]"}
RESULT: {"using":"xpath","value":"//bdi[text()=\"OK\"]"}
COMMAND: POST /session/f66dc8af89e796c2a1bae8c13753431d/elements - {"using":"xpath","value":"//bdi[text()=\"OK\"]"}
RESULT: {"using":"xpath","value":"//bdi[text()=\"OK\"]"}
COMMAND: POST /session/f66dc8af89e796c2a1bae8c13753431d/elements - {"using":"xpath","value":"//bdi[text()=\"OK\"]"}
RESULT: {"using":"xpath","value":"//bdi[text()=\"OK\"]"}
COMMAND: POST /session/f66dc8af89e796c2a1bae8c13753431d/elements - {"using":"xpath","value":"//bdi[text()=\"OK\"]"}
RESULT: {"using":"xpath","value":"//bdi[text()=\"OK\"]"}
COMMAND: POST /session/f66dc8af89e796c2a1bae8c13753431d/elements - {"using":"xpath","value":"//bdi[text()=\"OK\"]"}
RESULT: {"using":"xpath","value":"//bdi[text()=\"OK\"]"}
COMMAND: POST /session/f66dc8af89e796c2a1bae8c13753431d/elements - {"using":"xpath","value":"//bdi[text()=\"OK\"]"}
RESULT: {"using":"xpath","value":"//bdi[text()=\"OK\"]"}
COMMAND: POST /session/f66dc8af89e796c2a1bae8c13753431d/element - {"using":"xpath","value":"//bdi[text()=\"OK\"]"}
RESULT: {"using":"xpath","value":"//bdi[text()=\"OK\"]"}
COMMAND: POST /session/f66dc8af89e796c2a1bae8c13753431d/elements - {"using":"xpath","value":"//bdi[text()=\"OK\"]"}
RESULT: {"using":"xpath","value":"//bdi[text()=\"OK\"]"}
COMMAND: POST /session/f66dc8af89e796c2a1bae8c13753431d/elements - {"using":"xpath","value":"//bdi[text()=\"OK\"]"}
RESULT: {"using":"xpath","value":"//bdi[text()=\"OK\"]"}
COMMAND: POST /session/f66dc8af89e796c2a1bae8c13753431d/elements - {"using":"xpath","value":"//bdi[text()=\"OK\"]"}
RESULT: {"using":"xpath","value":"//bdi[text()=\"OK\"]"}
COMMAND: POST /session/f66dc8af89e796c2a1bae8c13753431d/elements - {"using":"xpath","value":"//bdi[text()=\"OK\"]"}
RESULT: {"using":"xpath","value":"//bdi[text()=\"OK\"]"}
COMMAND: POST /session/f66dc8af89e796c2a1bae8c13753431d/elements - {"using":"xpath","value":"//bdi[text()=\"OK\"]"}
RESULT: {"using":"xpath","value":"//bdi[text()=\"OK\"]"}
COMMAND: POST /session/f66dc8af89e796c2a1bae8c13753431d/elements - {"using":"xpath","value":"//bdi[text()=\"OK\"]"}
RESULT: {"using":"xpath","value":"//bdi[text()=\"OK\"]"}
COMMAND: POST /session/f66dc8af89e796c2a1bae8c13753431d/elements - {"using":"xpath","value":"//bdi[text()=\"OK\"]"}
RESULT: {"using":"xpath","value":"//bdi[text()=\"OK\"]"}
COMMAND: POST /session/f66dc8af89e796c2a1bae8c13753431d/elements - {"using":"xpath","value":"//bdi[text()=\"OK\"]"}
RESULT: {"using":"xpath","value":"//bdi[text()=\"OK\"]"}
COMMAND: POST /session/f66dc8af89e796c2a1bae8c13753431d/elements - {"using":"xpath","value":"//bdi[text()=\"OK\"]"}
RESULT: {"using":"xpath","value":"//bdi[text()=\"OK\"]"}
COMMAND: POST /session/f66dc8af89e796c2a1bae8c13753431d/elements - {"using":"xpath","value":"//bdi[text()=\"OK\"]"}
RESULT: {"using":"xpath","value":"//bdi[text()=\"OK\"]"}
COMMAND: POST /session/f66dc8af89e796c2a1bae8c13753431d/elements - {"using":"xpath","value":"//bdi[text()=\"OK\"]"}
RESULT: {"using":"xpath","value":"//bdi[text()=\"OK\"]"}
COMMAND: POST /session/f66dc8af89e796c2a1bae8c13753431d/elements - {"using":"xpath","value":"//bdi[text()=\"OK\"]"}
RESULT: {"using":"xpath","value":"//bdi[text()=\"OK\"]"}
COMMAND: POST /session/f66dc8af89e796c2a1bae8c13753431d/elements - {"using":"xpath","value":"//bdi[text()=\"OK\"]"}
RESULT: {"using":"xpath","value":"//bdi[text()=\"OK\"]"}
COMMAND: POST /session/f66dc8af89e796c2a1bae8c13753431d/elements - {"using":"xpath","value":"//bdi[text()=\"OK\"]"}
RESULT: {"using":"xpath","value":"//bdi[text()=\"OK\"]"}
COMMAND: POST /session/f66dc8af89e796c2a1bae8c13753431d/elements - {"using":"xpath","value":"//bdi[text()=\"OK\"]"}
RESULT: {"using":"xpath","value":"//bdi[text()=\"OK\"]"}
COMMAND: POST /session/f66dc8af89e796c2a1bae8c13753431d/elements - {"using":"xpath","value":"//bdi[text()=\"OK\"]"}
RESULT: {"using":"xpath","value":"//bdi[text()=\"OK\"]"}
COMMAND: POST /session/f66dc8af89e796c2a1bae8c13753431d/elements - {"using":"xpath","value":"//bdi[text()=\"OK\"]"}
RESULT: {"using":"xpath","value":"//bdi[text()=\"OK\"]"}
COMMAND: POST /session/f66dc8af89e796c2a1bae8c13753431d/elements - {"using":"xpath","value":"//bdi[text()=\"OK\"]"}
RESULT: {"using":"xpath","value":"//bdi[text()=\"OK\"]"}
COMMAND: POST /session/f66dc8af89e796c2a1bae8c13753431d/elements - {"using":"xpath","value":"//bdi[text()=\"OK\"]"}
RESULT: {"using":"xpath","value":"//bdi[text()=\"OK\"]"}
COMMAND: POST /session/f66dc8af89e796c2a1bae8c13753431d/elements - {"using":"xpath","value":"//bdi[text()=\"OK\"]"}
RESULT: {"using":"xpath","value":"//bdi[text()=\"OK\"]"}
COMMAND: POST /session/f66dc8af89e796c2a1bae8c13753431d/elements - {"using":"xpath","value":"//bdi[text()=\"OK\"]"}
RESULT: {"using":"xpath","value":"//bdi[text()=\"OK\"]"}
COMMAND: POST /session/f66dc8af89e796c2a1bae8c13753431d/elements - {"using":"xpath","value":"//bdi[text()=\"OK\"]"}
RESULT: {"using":"xpath","value":"//bdi[text()=\"OK\"]"}
COMMAND: POST /session/f66dc8af89e796c2a1bae8c13753431d/elements - {"using":"xpath","value":"//bdi[text()=\"OK\"]"}
RESULT: {"using":"xpath","value":"//bdi[text()=\"OK\"]"}
COMMAND: POST /session/f66dc8af89e796c2a1bae8c13753431d/elements - {"using":"xpath","value":"//bdi[text()=\"OK\"]"}
RESULT: {"using":"xpath","value":"//bdi[text()=\"OK\"]"}
COMMAND: POST /session/f66dc8af89e796c2a1bae8c13753431d/elements - {"using":"xpath","value":"//bdi[text()=\"OK\"]"}
RESULT: {"using":"xpath","value":"//bdi[text()=\"OK\"]"}
COMMAND: POST /session/f66dc8af89e796c2a1bae8c13753431d/elements - {"using":"xpath","value":"//bdi[text()=\"OK\"]"}
RESULT: {"using":"xpath","value":"//bdi[text()=\"OK\"]"}
COMMAND: POST /session/f66dc8af89e796c2a1bae8c13753431d/elements - {"using":"xpath","value":"//bdi[text()=\"OK\"]"}
RESULT: {"using":"xpath","value":"//bdi[text()=\"OK\"]"}
COMMAND: POST /session/f66dc8af89e796c2a1bae8c13753431d/elements - {"using":"xpath","value":"//bdi[text()=\"OK\"]"}
RESULT: {"using":"xpath","value":"//bdi[text()=\"OK\"]"}
COMMAND: POST /session/f66dc8af89e796c2a1bae8c13753431d/elements - {"using":"xpath","value":"//bdi[text()=\"OK\"]"}
RESULT: {"using":"xpath","value":"//bdi[text()=\"OK\"]"}
COMMAND: POST /session/f66dc8af89e796c2a1bae8c13753431d/elements - {"using":"xpath","value":"//bdi[text()=\"OK\"]"}
RESULT: {"using":"xpath","value":"//bdi[text()=\"OK\"]"}
COMMAND: POST /session/f66dc8af89e796c2a1bae8c13753431d/elements - {"using":"xpath","value":"//bdi[text()=\"OK\"]"}
RESULT: {"using":"xpath","value":"//bdi[text()=\"OK\"]"}
COMMAND: POST /session/f66dc8af89e796c2a1bae8c13753431d/elements - {"using":"xpath","value":"//bdi[text()=\"OK\"]"}
RESULT: {"using":"xpath","value":"//bdi[text()=\"OK\"]"}
COMMAND: POST /session/f66dc8af89e796c2a1bae8c13753431d/elements - {"using":"xpath","value":"//bdi[text()=\"OK\"]"}
RESULT: {"using":"xpath","value":"//bdi[text()=\"OK\"]"}
COMMAND: POST /session/f66dc8af89e796c2a1bae8c13753431d/elements - {"using":"xpath","value":"//bdi[text()=\"OK\"]"}
RESULT: {"using":"xpath","value":"//bdi[text()=\"OK\"]"}
COMMAND: POST /session/f66dc8af89e796c2a1bae8c13753431d/elements - {"using":"xpath","value":"//bdi[text()=\"OK\"]"}
RESULT: {"using":"xpath","value":"//bdi[text()=\"OK\"]"}
COMMAND: POST /session/f66dc8af89e796c2a1bae8c13753431d/elements - {"using":"xpath","value":"//bdi[text()=\"OK\"]"}
RESULT: {"using":"xpath","value":"//bdi[text()=\"OK\"]"}
COMMAND: POST /session/f66dc8af89e796c2a1bae8c13753431d/elements - {"using":"xpath","value":"//bdi[text()=\"OK\"]"}
RESULT: {"using":"xpath","value":"//bdi[text()=\"OK\"]"}
COMMAND: POST /session/f66dc8af89e796c2a1bae8c13753431d/elements - {"using":"xpath","value":"//bdi[text()=\"OK\"]"}
RESULT: {"using":"xpath","value":"//bdi[text()=\"OK\"]"}
COMMAND: POST /session/f66dc8af89e796c2a1bae8c13753431d/elements - {"using":"xpath","value":"//bdi[text()=\"OK\"]"}
RESULT: {"using":"xpath","value":"//bdi[text()=\"OK\"]"}
COMMAND: POST /session/f66dc8af89e796c2a1bae8c13753431d/elements - {"using":"xpath","value":"//bdi[text()=\"OK\"]"}
RESULT: {"using":"xpath","value":"//bdi[text()=\"OK\"]"}
COMMAND: POST /session/f66dc8af89e796c2a1bae8c13753431d/elements - {"using":"xpath","value":"//bdi[text()=\"OK\"]"}
RESULT: {"using":"xpath","value":"//bdi[text()=\"OK\"]"}
COMMAND: POST /session/f66dc8af89e796c2a1bae8c13753431d/elements - {"using":"xpath","value":"//bdi[text()=\"OK\"]"}
RESULT: {"using":"xpath","value":"//bdi[text()=\"OK\"]"}
COMMAND: POST /session/f66dc8af89e796c2a1bae8c13753431d/elements - {"using":"xpath","value":"//bdi[text()=\"OK\"]"}
RESULT: {"using":"xpath","value":"//bdi[text()=\"OK\"]"}
COMMAND: POST /session/f66dc8af89e796c2a1bae8c13753431d/elements - {"using":"xpath","value":"//bdi[text()=\"OK\"]"}
RESULT: {"using":"xpath","value":"//bdi[text()=\"OK\"]"}
COMMAND: POST /session/f66dc8af89e796c2a1bae8c13753431d/elements - {"using":"xpath","value":"//bdi[text()=\"OK\"]"}
RESULT: {"using":"xpath","value":"//bdi[text()=\"OK\"]"}
COMMAND: POST /session/f66dc8af89e796c2a1bae8c13753431d/elements - {"using":"xpath","value":"//bdi[text()=\"OK\"]"}
RESULT: {"using":"xpath","value":"//bdi[text()=\"OK\"]"}
COMMAND: POST /session/f66dc8af89e796c2a1bae8c13753431d/elements - {"using":"xpath","value":"//bdi[text()=\"OK\"]"}
RESULT: {"using":"xpath","value":"//bdi[text()=\"OK\"]"}
COMMAND: POST /session/f66dc8af89e796c2a1bae8c13753431d/elements - {"using":"xpath","value":"//bdi[text()=\"OK\"]"}
RESULT: {"using":"xpath","value":"//bdi[text()=\"OK\"]"}
COMMAND: POST /session/f66dc8af89e796c2a1bae8c13753431d/elements - {"using":"xpath","value":"//bdi[text()=\"OK\"]"}
RESULT: {"using":"xpath","value":"//bdi[text()=\"OK\"]"}
COMMAND: POST /session/f66dc8af89e796c2a1bae8c13753431d/elements - {"using":"xpath","value":"//bdi[text()=\"OK\"]"}
RESULT: {"using":"xpath","value":"//bdi[text()=\"OK\"]"}
COMMAND: POST /session/f66dc8af89e796c2a1bae8c13753431d/elements - {"using":"xpath","value":"//bdi[text()=\"OK\"]"}
RESULT: {"using":"xpath","value":"//bdi[text()=\"OK\"]"}
COMMAND: POST /session/f66dc8af89e796c2a1bae8c13753431d/elements - {"using":"xpath","value":"//bdi[text()=\"OK\"]"}
RESULT: {"using":"xpath","value":"//bdi[text()=\"OK\"]"}
COMMAND: POST /session/f66dc8af89e796c2a1bae8c13753431d/elements - {"using":"xpath","value":"//bdi[text()=\"OK\"]"}
RESULT: {"using":"xpath","value":"//bdi[text()=\"OK\"]"}
COMMAND: POST /session/f66dc8af89e796c2a1bae8c13753431d/elements - {"using":"xpath","value":"//bdi[text()=\"OK\"]"}
RESULT: {"using":"xpath","value":"//bdi[text()=\"OK\"]"}
COMMAND: POST /session/f66dc8af89e796c2a1bae8c13753431d/elements - {"using":"xpath","value":"//bdi[text()=\"OK\"]"}
RESULT: {"using":"xpath","value":"//bdi[text()=\"OK\"]"}
COMMAND: POST /session/f66dc8af89e796c2a1bae8c13753431d/elements - {"using":"xpath","value":"//bdi[text()=\"OK\"]"}
RESULT: {"using":"xpath","value":"//bdi[text()=\"OK\"]"}
COMMAND: POST /session/f66dc8af89e796c2a1bae8c13753431d/elements - {"using":"xpath","value":"//bdi[text()=\"OK\"]"}
RESULT: {"using":"xpath","value":"//bdi[text()=\"OK\"]"}
COMMAND: POST /session/f66dc8af89e796c2a1bae8c13753431d/elements - {"using":"xpath","value":"//bdi[text()=\"OK\"]"}
RESULT: {"using":"xpath","value":"//bdi[text()=\"OK\"]"}
COMMAND: POST /session/f66dc8af89e796c2a1bae8c13753431d/elements - {"using":"xpath","value":"//bdi[text()=\"OK\"]"}
RESULT: {"using":"xpath","value":"//bdi[text()=\"OK\"]"}
COMMAND: POST /session/f66dc8af89e796c2a1bae8c13753431d/elements - {"using":"xpath","value":"//bdi[text()=\"OK\"]"}
RESULT: {"using":"xpath","value":"//bdi[text()=\"OK\"]"}
COMMAND: POST /session/f66dc8af89e796c2a1bae8c13753431d/elements - {"using":"xpath","value":"//bdi[text()=\"OK\"]"}
RESULT: {"using":"xpath","value":"//bdi[text()=\"OK\"]"}
COMMAND: POST /session/f66dc8af89e796c2a1bae8c13753431d/elements - {"using":"xpath","value":"//bdi[text()=\"OK\"]"}
RESULT: {"using":"xpath","value":"//bdi[text()=\"OK\"]"}
COMMAND: POST /session/f66dc8af89e796c2a1bae8c13753431d/elements - {"using":"xpath","value":"//bdi[text()=\"OK\"]"}
RESULT: {"using":"xpath","value":"//bdi[text()=\"OK\"]"}
COMMAND: POST /session/f66dc8af89e796c2a1bae8c13753431d/elements - {"using":"xpath","value":"//bdi[text()=\"OK\"]"}
RESULT: {"using":"xpath","value":"//bdi[text()=\"OK\"]"}
COMMAND: POST /session/f66dc8af89e796c2a1bae8c13753431d/elements - {"using":"xpath","value":"//bdi[text()=\"OK\"]"}
RESULT: {"using":"xpath","value":"//bdi[text()=\"OK\"]"}
COMMAND: POST /session/f66dc8af89e796c2a1bae8c13753431d/elements - {"using":"xpath","value":"//bdi[text()=\"OK\"]"}
RESULT: {"using":"xpath","value":"//bdi[text()=\"OK\"]"}
COMMAND: POST /session/f66dc8af89e796c2a1bae8c13753431d/elements - {"using":"xpath","value":"//bdi[text()=\"OK\"]"}
RESULT: {"using":"xpath","value":"//bdi[text()=\"OK\"]"}
COMMAND: POST /session/f66dc8af89e796c2a1bae8c13753431d/elements - {"using":"xpath","value":"//bdi[text()=\"OK\"]"}
RESULT: {"using":"xpath","value":"//bdi[text()=\"OK\"]"}
COMMAND: POST /session/f66dc8af89e796c2a1bae8c13753431d/elements - {"using":"xpath","value":"//bdi[text()=\"OK\"]"}
RESULT: {"using":"xpath","value":"//bdi[text()=\"OK\"]"}
COMMAND: POST /session/f66dc8af89e796c2a1bae8c13753431d/elements - {"using":"xpath","value":"//bdi[text()=\"OK\"]"}
RESULT: {"using":"xpath","value":"//bdi[text()=\"OK\"]"}
COMMAND: POST /session/f66dc8af89e796c2a1bae8c13753431d/elements - {"using":"xpath","value":"//bdi[text()=\"OK\"]"}
RESULT: {"using":"xpath","value":"//bdi[text()=\"OK\"]"}
COMMAND: POST /session/f66dc8af89e796c2a1bae8c13753431d/elements - {"using":"xpath","value":"//bdi[text()=\"OK\"]"}
RESULT: {"using":"xpath","value":"//bdi[text()=\"OK\"]"}
COMMAND: POST /session/f66dc8af89e796c2a1bae8c13753431d/elements - {"using":"xpath","value":"//bdi[text()=\"OK\"]"}
RESULT: {"using":"xpath","value":"//bdi[text()=\"OK\"]"}
COMMAND: POST /session/f66dc8af89e796c2a1bae8c13753431d/elements - {"using":"xpath","value":"//bdi[text()=\"OK\"]"}
RESULT: {"using":"xpath","value":"//bdi[text()=\"OK\"]"}
COMMAND: POST /session/f66dc8af89e796c2a1bae8c13753431d/elements - {"using":"xpath","value":"//bdi[text()=\"OK\"]"}
RESULT: {"using":"xpath","value":"//bdi[text()=\"OK\"]"}
COMMAND: POST /session/f66dc8af89e796c2a1bae8c13753431d/elements - {"using":"xpath","value":"//bdi[text()=\"OK\"]"}
RESULT: {"using":"xpath","value":"//bdi[text()=\"OK\"]"}
COMMAND: POST /session/f66dc8af89e796c2a1bae8c13753431d/elements - {"using":"xpath","value":"//bdi[text()=\"OK\"]"}
RESULT: {"using":"xpath","value":"//bdi[text()=\"OK\"]"}
COMMAND: POST /session/f66dc8af89e796c2a1bae8c13753431d/elements - {"using":"xpath","value":"//bdi[text()=\"OK\"]"}
RESULT: {"using":"xpath","value":"//bdi[text()=\"OK\"]"}
COMMAND: POST /session/f66dc8af89e796c2a1bae8c13753431d/elements - {"using":"xpath","value":"//bdi[text()=\"OK\"]"}
RESULT: {"using":"xpath","value":"//bdi[text()=\"OK\"]"}
COMMAND: POST /session/f66dc8af89e796c2a1bae8c13753431d/elements - {"using":"xpath","value":"//bdi[text()=\"OK\"]"}
RESULT: {"using":"xpath","value":"//bdi[text()=\"OK\"]"}
COMMAND: POST /session/f66dc8af89e796c2a1bae8c13753431d/elements - {"using":"xpath","value":"//bdi[text()=\"OK\"]"}
RESULT: {"using":"xpath","value":"//bdi[text()=\"OK\"]"}
COMMAND: POST /session/f66dc8af89e796c2a1bae8c13753431d/elements - {"using":"xpath","value":"//bdi[text()=\"OK\"]"}
RESULT: {"using":"xpath","value":"//bdi[text()=\"OK\"]"}
COMMAND: POST /session/f66dc8af89e796c2a1bae8c13753431d/elements - {"using":"xpath","value":"//bdi[text()=\"OK\"]"}
RESULT: {"using":"xpath","value":"//bdi[text()=\"OK\"]"}
COMMAND: POST /session/f66dc8af89e796c2a1bae8c13753431d/elements - {"using":"xpath","value":"//bdi[text()=\"OK\"]"}
RESULT: {"using":"xpath","value":"//bdi[text()=\"OK\"]"}
COMMAND: POST /session/f66dc8af89e796c2a1bae8c13753431d/elements - {"using":"xpath","value":"//bdi[text()=\"OK\"]"}
RESULT: {"using":"xpath","value":"//bdi[text()=\"OK\"]"}
COMMAND: POST /session/f66dc8af89e796c2a1bae8c13753431d/elements - {"using":"xpath","value":"//bdi[text()=\"OK\"]"}
RESULT: {"using":"xpath","value":"//bdi[text()=\"OK\"]"}
COMMAND: POST /session/f66dc8af89e796c2a1bae8c13753431d/elements - {"using":"xpath","value":"//bdi[text()=\"OK\"]"}
RESULT: {"using":"xpath","value":"//bdi[text()=\"OK\"]"}
COMMAND: POST /session/f66dc8af89e796c2a1bae8c13753431d/elements - {"using":"xpath","value":"//bdi[text()=\"OK\"]"}
RESULT: {"using":"xpath","value":"//bdi[text()=\"OK\"]"}
COMMAND: POST /session/f66dc8af89e796c2a1bae8c13753431d/elements - {"using":"xpath","value":"//bdi[text()=\"OK\"]"}
RESULT: {"using":"xpath","value":"//bdi[text()=\"OK\"]"}
COMMAND: POST /session/f66dc8af89e796c2a1bae8c13753431d/elements - {"using":"xpath","value":"//bdi[text()=\"OK\"]"}
RESULT: {"using":"xpath","value":"//bdi[text()=\"OK\"]"}
COMMAND: POST /session/f66dc8af89e796c2a1bae8c13753431d/elements - {"using":"xpath","value":"//bdi[text()=\"OK\"]"}
RESULT: {"using":"xpath","value":"//bdi[text()=\"OK\"]"}
COMMAND: POST /session/f66dc8af89e796c2a1bae8c13753431d/elements - {"using":"xpath","value":"//bdi[text()=\"OK\"]"}
RESULT: {"using":"xpath","value":"//bdi[text()=\"OK\"]"}
COMMAND: POST /session/f66dc8af89e796c2a1bae8c13753431d/elements - {"using":"xpath","value":"//bdi[text()=\"OK\"]"}
RESULT: {"using":"xpath","value":"//bdi[text()=\"OK\"]"}
COMMAND: POST /session/f66dc8af89e796c2a1bae8c13753431d/elements - {"using":"xpath","value":"//bdi[text()=\"OK\"]"}
RESULT: {"using":"xpath","value":"//bdi[text()=\"OK\"]"}
COMMAND: POST /session/f66dc8af89e796c2a1bae8c13753431d/elements - {"using":"xpath","value":"//bdi[text()=\"OK\"]"}
RESULT: {"using":"xpath","value":"//bdi[text()=\"OK\"]"}
COMMAND: POST /session/f66dc8af89e796c2a1bae8c13753431d/elements - {"using":"xpath","value":"//bdi[text()=\"OK\"]"}
RESULT: {"using":"xpath","value":"//bdi[text()=\"OK\"]"}
COMMAND: POST /session/f66dc8af89e796c2a1bae8c13753431d/elements - {"using":"xpath","value":"//bdi[text()=\"OK\"]"}
RESULT: {"using":"xpath","value":"//bdi[text()=\"OK\"]"}
COMMAND: POST /session/f66dc8af89e796c2a1bae8c13753431d/elements - {"using":"xpath","value":"//bdi[text()=\"OK\"]"}
RESULT: {"using":"xpath","value":"//bdi[text()=\"OK\"]"}
COMMAND: POST /session/f66dc8af89e796c2a1bae8c13753431d/elements - {"using":"xpath","value":"//bdi[text()=\"OK\"]"}
RESULT: {"using":"xpath","value":"//bdi[text()=\"OK\"]"}
COMMAND: POST /session/f66dc8af89e796c2a1bae8c13753431d/elements - {"using":"xpath","value":"//bdi[text()=\"OK\"]"}
RESULT: {"using":"xpath","value":"//bdi[text()=\"OK\"]"}
COMMAND: POST /session/f66dc8af89e796c2a1bae8c13753431d/elements - {"using":"xpath","value":"//bdi[text()=\"OK\"]"}
RESULT: {"using":"xpath","value":"//bdi[text()=\"OK\"]"}
COMMAND: POST /session/f66dc8af89e796c2a1bae8c13753431d/elements - {"using":"xpath","value":"//bdi[text()=\"OK\"]"}
RESULT: {"using":"xpath","value":"//bdi[text()=\"OK\"]"}
COMMAND: POST /session/f66dc8af89e796c2a1bae8c13753431d/elements - {"using":"xpath","value":"//bdi[text()=\"OK\"]"}
RESULT: {"using":"xpath","value":"//bdi[text()=\"OK\"]"}
COMMAND: POST /session/f66dc8af89e796c2a1bae8c13753431d/elements - {"using":"xpath","value":"//bdi[text()=\"OK\"]"}
RESULT: {"using":"xpath","value":"//bdi[text()=\"OK\"]"}
COMMAND: POST /session/f66dc8af89e796c2a1bae8c13753431d/elements - {"using":"xpath","value":"//bdi[text()=\"OK\"]"}
RESULT: {"using":"xpath","value":"//bdi[text()=\"OK\"]"}
COMMAND: POST /session/f66dc8af89e796c2a1bae8c13753431d/elements - {"using":"xpath","value":"//bdi[text()=\"OK\"]"}
RESULT: {"using":"xpath","value":"//bdi[text()=\"OK\"]"}
COMMAND: POST /session/f66dc8af89e796c2a1bae8c13753431d/elements - {"using":"xpath","value":"//bdi[text()=\"OK\"]"}
RESULT: {"using":"xpath","value":"//bdi[text()=\"OK\"]"}
COMMAND: POST /session/f66dc8af89e796c2a1bae8c13753431d/elements - {"using":"xpath","value":"//bdi[text()=\"OK\"]"}
RESULT: {"using":"xpath","value":"//bdi[text()=\"OK\"]"}
COMMAND: POST /session/f66dc8af89e796c2a1bae8c13753431d/elements - {"using":"xpath","value":"//bdi[text()=\"OK\"]"}
RESULT: {"using":"xpath","value":"//bdi[text()=\"OK\"]"}
COMMAND: POST /session/f66dc8af89e796c2a1bae8c13753431d/elements - {"using":"xpath","value":"//bdi[text()=\"OK\"]"}
RESULT: {"using":"xpath","value":"//bdi[text()=\"OK\"]"}
COMMAND: POST /session/f66dc8af89e796c2a1bae8c13753431d/elements - {"using":"xpath","value":"//bdi[text()=\"OK\"]"}
RESULT: {"using":"xpath","value":"//bdi[text()=\"OK\"]"}
COMMAND: POST /session/f66dc8af89e796c2a1bae8c13753431d/elements - {"using":"xpath","value":"//bdi[text()=\"OK\"]"}
RESULT: {"using":"xpath","value":"//bdi[text()=\"OK\"]"}
COMMAND: POST /session/f66dc8af89e796c2a1bae8c13753431d/elements - {"using":"xpath","value":"//bdi[text()=\"OK\"]"}
RESULT: {"using":"xpath","value":"//bdi[text()=\"OK\"]"}
COMMAND: POST /session/f66dc8af89e796c2a1bae8c13753431d/elements - {"using":"xpath","value":"//bdi[text()=\"OK\"]"}
RESULT: {"using":"xpath","value":"//bdi[text()=\"OK\"]"}
COMMAND: POST /session/f66dc8af89e796c2a1bae8c13753431d/elements - {"using":"xpath","value":"//bdi[text()=\"OK\"]"}
RESULT: {"using":"xpath","value":"//bdi[text()=\"OK\"]"}
COMMAND: POST /session/f66dc8af89e796c2a1bae8c13753431d/elements - {"using":"xpath","value":"//bdi[text()=\"OK\"]"}
RESULT: {"using":"xpath","value":"//bdi[text()=\"OK\"]"}
COMMAND: POST /session/f66dc8af89e796c2a1bae8c13753431d/elements - {"using":"xpath","value":"//bdi[text()=\"OK\"]"}
RESULT: {"using":"xpath","value":"//bdi[text()=\"OK\"]"}
COMMAND: POST /session/f66dc8af89e796c2a1bae8c13753431d/elements - {"using":"xpath","value":"//bdi[text()=\"OK\"]"}
RESULT: {"using":"xpath","value":"//bdi[text()=\"OK\"]"}
COMMAND: POST /session/f66dc8af89e796c2a1bae8c13753431d/elements - {"using":"xpath","value":"//bdi[text()=\"OK\"]"}
RESULT: {"using":"xpath","value":"//bdi[text()=\"OK\"]"}
COMMAND: POST /session/f66dc8af89e796c2a1bae8c13753431d/elements - {"using":"xpath","value":"//bdi[text()=\"OK\"]"}
RESULT: {"using":"xpath","value":"//bdi[text()=\"OK\"]"}
COMMAND: POST /session/f66dc8af89e796c2a1bae8c13753431d/elements - {"using":"xpath","value":"//bdi[text()=\"OK\"]"}
COMMAND: POST /session/f66dc8af89e796c2a1bae8c13753431d/execute/async - {"script":"<script> [1562 bytes]","args":[{"selector":{"id":"application-manageresources-display-component---newResourceUnit--TYPE-arrow"},"wdio_ui5_key":"applicationmanageresources-display-component---newResourceUnit--TYPE-arrow"}]}
RESULT: {"using":"xpath","value":"//bdi[text()=\"OK\"]"}
RESULT: {"script":"<script> [1562 bytes]","args":[{"selector":{"id":"application-manageresources-display-component---newResourceUnit--TYPE-arrow"},"wdio_ui5_key":"applicationmanageresources-display-component---newResourceUnit--TYPE-arrow"}]}
RESULT: undefined
COMMAND: POST /session/f66dc8af89e796c2a1bae8c13753431d/element - {"using":"xpath","value":"//*[@id=\"application-manageresources-display-component---newResourceUnit--TYPE-arrow\"]"}
RESULT: {"using":"xpath","value":"//*[@id=\"application-manageresources-display-component---newResourceUnit--TYPE-arrow\"]"}
COMMAND: POST /session/f66dc8af89e796c2a1bae8c13753431d/element/f.84C8CB8F07A11D6CD1349F372DFB42D6.d.9EE059A4174417A5D001F4F958025093.e.7058/click - {}
RESULT: {}
COMMAND: POST /session/f66dc8af89e796c2a1bae8c13753431d/execute/async - {"script":"<script> [1562 bytes]","args":[{"selector":{"controlType":"sap.m.StandardListItem","viewName":"reusables.view.manageresources.NewResourceUnit","viewId":"application-manageresources-display-component---newResourceUnit","properties":{"title":"Material"},"searchOpenDialogs":true,"interaction":{"idSuffix":"titleText"}},"wdio_ui5_key":"reusablesview.manageresources.NewResourceUnitsap.m.StandardListItem{\"title\":\"Material\"}"}]}
COMMAND: GET /session/f66dc8af89e796c2a1bae8c13753431d/screenshot - {}
RESULT: {"script":"<script> [1562 bytes]","args":[{"selector":{"controlType":"sap.m.StandardListItem","viewName":"reusables.view.manageresources.NewResourceUnit","viewId":"application-manageresources-display-component---newResourceUnit","properties":{"title":"Material"},"searchOpenDialogs":true,"interaction":{"idSuffix":"titleText"}},"wdio_ui5_key":"reusablesview.manageresources.NewResourceUnitsap.m.StandardListItem{\"title\":\"Material\"}"}]}
RESULT: undefined
COMMAND: POST /session/f66dc8af89e796c2a1bae8c13753431d/element - {"using":"xpath","value":"//*[@id=\"__item146\"]"}
RESULT: {}
RESULT: {"using":"xpath","value":"//*[@id=\"__item146\"]"}
COMMAND: POST /session/f66dc8af89e796c2a1bae8c13753431d/element/f.84C8CB8F07A11D6CD1349F372DFB42D6.d.9EE059A4174417A5D001F4F958025093.e.7061/click - {}
RESULT: {}
COMMAND: POST /session/f66dc8af89e796c2a1bae8c13753431d/execute/async - {"script":"<script> [1562 bytes]","args":[{"selector":{"id":"application-manageresources-display-component---newResourceUnit--SHORT_TEXT","interaction":{"idSuffix":"inner"}},"wdio_ui5_key":"applicationmanageresources-display-component---newResourceUnit--SHORT_TEXT"}]}
COMMAND: GET /session/f66dc8af89e796c2a1bae8c13753431d/screenshot - {}
RESULT: {"script":"<script> [1562 bytes]","args":[{"selector":{"id":"application-manageresources-display-component---newResourceUnit--SHORT_TEXT","interaction":{"idSuffix":"inner"}},"wdio_ui5_key":"applicationmanageresources-display-component---newResourceUnit--SHORT_TEXT"}]}
RESULT: undefined
COMMAND: POST /session/f66dc8af89e796c2a1bae8c13753431d/execute/async - {"script":"<script> [776 bytes]","args":[{"enterText":"WebdriverRU R2Cw8t81","selector":{"id":"application-manageresources-display-component---newResourceUnit--SHORT_TEXT","interaction":{"idSuffix":"inner"}},"clearTextFirst":true,"interactionType":"ENTER_TEXT"}]}
RESULT: {}
RESULT: {"script":"<script> [776 bytes]","args":[{"enterText":"WebdriverRU R2Cw8t81","selector":{"id":"application-manageresources-display-component---newResourceUnit--SHORT_TEXT","interaction":{"idSuffix":"inner"}},"clearTextFirst":true,"interactionType":"ENTER_TEXT"}]}
COMMAND: POST /session/f66dc8af89e796c2a1bae8c13753431d/execute/async - {"script":"<script> [1562 bytes]","args":[{"selector":{"id":"application-manageresources-display-component---newResourceUnit--BASE_UNIT_OF_MEASURE-arrow"},"wdio_ui5_key":"applicationmanageresources-display-component---newResourceUnit--BASE_UNIT_OF_MEASURE-arrow"}]}
RESULT: {"script":"<script> [1562 bytes]","args":[{"selector":{"id":"application-manageresources-display-component---newResourceUnit--BASE_UNIT_OF_MEASURE-arrow"},"wdio_ui5_key":"applicationmanageresources-display-component---newResourceUnit--BASE_UNIT_OF_MEASURE-arrow"}]}
RESULT: undefined
COMMAND: POST /session/f66dc8af89e796c2a1bae8c13753431d/element - {"using":"xpath","value":"//*[@id=\"application-manageresources-display-component---newResourceUnit--BASE_UNIT_OF_MEASURE-arrow\"]"}
RESULT: {"using":"xpath","value":"//*[@id=\"application-manageresources-display-component---newResourceUnit--BASE_UNIT_OF_MEASURE-arrow\"]"}
COMMAND: POST /session/f66dc8af89e796c2a1bae8c13753431d/element/f.84C8CB8F07A11D6CD1349F372DFB42D6.d.9EE059A4174417A5D001F4F958025093.e.7183/click - {}
RESULT: {}
COMMAND: POST /session/f66dc8af89e796c2a1bae8c13753431d/execute/async - {"script":"<script> [1562 bytes]","args":[{"selector":{"controlType":"sap.m.StandardListItem","viewName":"reusables.view.manageresources.NewResourceUnit","viewId":"application-manageresources-display-component---newResourceUnit","properties":{"title":"Piece"},"searchOpenDialogs":true,"interaction":{"idSuffix":"titleText"}},"wdio_ui5_key":"reusablesview.manageresources.NewResourceUnitsap.m.StandardListItem{\"title\":\"Piece\"}"}]}
COMMAND: GET /session/f66dc8af89e796c2a1bae8c13753431d/screenshot - {}
RESULT: {"script":"<script> [1562 bytes]","args":[{"selector":{"controlType":"sap.m.StandardListItem","viewName":"reusables.view.manageresources.NewResourceUnit","viewId":"application-manageresources-display-component---newResourceUnit","properties":{"title":"Piece"},"searchOpenDialogs":true,"interaction":{"idSuffix":"titleText"}},"wdio_ui5_key":"reusablesview.manageresources.NewResourceUnitsap.m.StandardListItem{\"title\":\"Piece\"}"}]}
RESULT: undefined
COMMAND: POST /session/f66dc8af89e796c2a1bae8c13753431d/element - {"using":"xpath","value":"//*[@id=\"__item199\"]"}
RESULT: {}
RESULT: {"using":"xpath","value":"//*[@id=\"__item199\"]"}
COMMAND: POST /session/f66dc8af89e796c2a1bae8c13753431d/element/f.84C8CB8F07A11D6CD1349F372DFB42D6.d.9EE059A4174417A5D001F4F958025093.e.7185/click - {}
RESULT: {}
COMMAND: POST /session/f66dc8af89e796c2a1bae8c13753431d/execute/async - {"script":"<script> [1562 bytes]","args":[{"selector":{"id":"application-manageresources-display-component---newResourceUnit--WEIGHT_UNIT-arrow"},"wdio_ui5_key":"applicationmanageresources-display-component---newResourceUnit--WEIGHT_UNIT-arrow"}]}
COMMAND: GET /session/f66dc8af89e796c2a1bae8c13753431d/screenshot - {}
RESULT: {"script":"<script> [1562 bytes]","args":[{"selector":{"id":"application-manageresources-display-component---newResourceUnit--WEIGHT_UNIT-arrow"},"wdio_ui5_key":"applicationmanageresources-display-component---newResourceUnit--WEIGHT_UNIT-arrow"}]}
RESULT: undefined
COMMAND: POST /session/f66dc8af89e796c2a1bae8c13753431d/element - {"using":"xpath","value":"//*[@id=\"application-manageresources-display-component---newResourceUnit--WEIGHT_UNIT-arrow\"]"}
RESULT: {}
RESULT: {"using":"xpath","value":"//*[@id=\"application-manageresources-display-component---newResourceUnit--WEIGHT_UNIT-arrow\"]"}
COMMAND: POST /session/f66dc8af89e796c2a1bae8c13753431d/element/f.84C8CB8F07A11D6CD1349F372DFB42D6.d.9EE059A4174417A5D001F4F958025093.e.7186/click - {}
RESULT: {}
COMMAND: POST /session/f66dc8af89e796c2a1bae8c13753431d/execute/async - {"script":"<script> [1562 bytes]","args":[{"selector":{"controlType":"sap.m.StandardListItem","viewName":"reusables.view.manageresources.NewResourceUnit","viewId":"application-manageresources-display-component---newResourceUnit","properties":{"title":"Gram"},"searchOpenDialogs":true,"interaction":{"idSuffix":"content"}},"wdio_ui5_key":"reusablesview.manageresources.NewResourceUnitsap.m.StandardListItem{\"title\":\"Gram\"}"}]}
COMMAND: GET /session/f66dc8af89e796c2a1bae8c13753431d/screenshot - {}
RESULT: {"script":"<script> [1562 bytes]","args":[{"selector":{"controlType":"sap.m.StandardListItem","viewName":"reusables.view.manageresources.NewResourceUnit","viewId":"application-manageresources-display-component---newResourceUnit","properties":{"title":"Gram"},"searchOpenDialogs":true,"interaction":{"idSuffix":"content"}},"wdio_ui5_key":"reusablesview.manageresources.NewResourceUnitsap.m.StandardListItem{\"title\":\"Gram\"}"}]}
RESULT: undefined
COMMAND: POST /session/f66dc8af89e796c2a1bae8c13753431d/element - {"using":"xpath","value":"//*[@id=\"__item264\"]"}
RESULT: {}
RESULT: {"using":"xpath","value":"//*[@id=\"__item264\"]"}
COMMAND: POST /session/f66dc8af89e796c2a1bae8c13753431d/element/f.84C8CB8F07A11D6CD1349F372DFB42D6.d.9EE059A4174417A5D001F4F958025093.e.7188/click - {}
RESULT: {}
COMMAND: GET /session/f66dc8af89e796c2a1bae8c13753431d/screenshot - {}
RESULT: {}
COMMAND: POST /session/f66dc8af89e796c2a1bae8c13753431d/execute/async - {"script":"<script> [1562 bytes]","args":[{"selector":{"id":"application-manageresources-display-component---newResourceUnit--newRRUPage-OPHeaderContent-collapseBtn-img"},"wdio_ui5_key":"applicationmanageresources-display-component---newResourceUnit--newRRUPage-OPHeaderContent-collapseBtn-img"}]}
RESULT: {"script":"<script> [1562 bytes]","args":[{"selector":{"id":"application-manageresources-display-component---newResourceUnit--newRRUPage-OPHeaderContent-collapseBtn-img"},"wdio_ui5_key":"applicationmanageresources-display-component---newResourceUnit--newRRUPage-OPHeaderContent-collapseBtn-img"}]}
RESULT: undefined
COMMAND: POST /session/f66dc8af89e796c2a1bae8c13753431d/element - {"using":"xpath","value":"//*[@id=\"application-manageresources-display-component---newResourceUnit--newRRUPage-OPHeaderContent-collapseBtn-img\"]"}
RESULT: {"using":"xpath","value":"//*[@id=\"application-manageresources-display-component---newResourceUnit--newRRUPage-OPHeaderContent-collapseBtn-img\"]"}
COMMAND: POST /session/f66dc8af89e796c2a1bae8c13753431d/element/f.84C8CB8F07A11D6CD1349F372DFB42D6.d.9EE059A4174417A5D001F4F958025093.e.7069/click - {}
RESULT: {}
COMMAND: GET /session/f66dc8af89e796c2a1bae8c13753431d/screenshot - {}
RESULT: {}
COMMAND: POST /session/f66dc8af89e796c2a1bae8c13753431d/element - {"using":"xpath","value":"(//span[contains(@id ,\"application-manageresources-display-component---newResourceUnit--DIMENSION_UNIT-arrow\")])[1]"}
RESULT: {"using":"xpath","value":"(//span[contains(@id ,\"application-manageresources-display-component---newResourceUnit--DIMENSION_UNIT-arrow\")])[1]"}
COMMAND: POST /session/f66dc8af89e796c2a1bae8c13753431d/element/f.84C8CB8F07A11D6CD1349F372DFB42D6.d.9EE059A4174417A5D001F4F958025093.e.7194/click - {}
RESULT: {}
COMMAND: GET /session/f66dc8af89e796c2a1bae8c13753431d/screenshot - {}
RESULT: {}
COMMAND: POST /session/f66dc8af89e796c2a1bae8c13753431d/execute/async - {"script":"<script> [1562 bytes]","args":[{"selector":{"controlType":"sap.m.StandardListItem","viewName":"reusables.view.manageresources.NewResourceUnit","viewId":"application-manageresources-display-component---newResourceUnit","properties":{"title":"Centimeter"},"searchOpenDialogs":true,"interaction":{"idSuffix":"titleText"}},"wdio_ui5_key":"reusablesview.manageresources.NewResourceUnitsap.m.StandardListItem{\"title\":\"Centimeter\"}"}]}
RESULT: {"script":"<script> [1562 bytes]","args":[{"selector":{"controlType":"sap.m.StandardListItem","viewName":"reusables.view.manageresources.NewResourceUnit","viewId":"application-manageresources-display-component---newResourceUnit","properties":{"title":"Centimeter"},"searchOpenDialogs":true,"interaction":{"idSuffix":"titleText"}},"wdio_ui5_key":"reusablesview.manageresources.NewResourceUnitsap.m.StandardListItem{\"title\":\"Centimeter\"}"}]}
RESULT: undefined
COMMAND: POST /session/f66dc8af89e796c2a1bae8c13753431d/element - {"using":"xpath","value":"//*[@id=\"__item267\"]"}
RESULT: {"using":"xpath","value":"//*[@id=\"__item267\"]"}
COMMAND: POST /session/f66dc8af89e796c2a1bae8c13753431d/element/f.84C8CB8F07A11D6CD1349F372DFB42D6.d.9EE059A4174417A5D001F4F958025093.e.7196/click - {}
RESULT: {}
COMMAND: GET /session/f66dc8af89e796c2a1bae8c13753431d/screenshot - {}
RESULT: {}
COMMAND: POST /session/f66dc8af89e796c2a1bae8c13753431d/execute/async - {"script":"<script> [1562 bytes]","args":[{"selector":{"id":"application-manageresources-display-component---newResourceUnit--newRRUPage-anchBar-application-manageresources-display-component---newResourceUnit--reference-anchor","interaction":{"idSuffix":"BDI-content"}},"wdio_ui5_key":"applicationmanageresources-display-component---newResourceUnit--newRRUPage-anchBar-application-manageresources-display-component---newResourceUnit--reference-anchor"}]}
RESULT: {"script":"<script> [1562 bytes]","args":[{"selector":{"id":"application-manageresources-display-component---newResourceUnit--newRRUPage-anchBar-application-manageresources-display-component---newResourceUnit--reference-anchor","interaction":{"idSuffix":"BDI-content"}},"wdio_ui5_key":"applicationmanageresources-display-component---newResourceUnit--newRRUPage-anchBar-application-manageresources-display-component---newResourceUnit--reference-anchor"}]}
RESULT: undefined
COMMAND: POST /session/f66dc8af89e796c2a1bae8c13753431d/element - {"using":"xpath","value":"//*[@id=\"application-manageresources-display-component---newResourceUnit--newRRUPage-anchBar-application-manageresources-display-component---newResourceUnit--reference-anchor\"]"}
RESULT: {"using":"xpath","value":"//*[@id=\"application-manageresources-display-component---newResourceUnit--newRRUPage-anchBar-application-manageresources-display-component---newResourceUnit--reference-anchor\"]"}
COMMAND: POST /session/f66dc8af89e796c2a1bae8c13753431d/element/f.84C8CB8F07A11D6CD1349F372DFB42D6.d.9EE059A4174417A5D001F4F958025093.e.7198/click - {}
RESULT: {}
COMMAND: POST /session/f66dc8af89e796c2a1bae8c13753431d/execute/async - {"script":"<script> [1562 bytes]","args":[{"selector":{"id":"application-manageresources-display-component---newResourceUnit--PLANNING_GROUP-arrow"},"wdio_ui5_key":"applicationmanageresources-display-component---newResourceUnit--PLANNING_GROUP-arrow"}]}
COMMAND: GET /session/f66dc8af89e796c2a1bae8c13753431d/screenshot - {}
RESULT: {"script":"<script> [1562 bytes]","args":[{"selector":{"id":"application-manageresources-display-component---newResourceUnit--PLANNING_GROUP-arrow"},"wdio_ui5_key":"applicationmanageresources-display-component---newResourceUnit--PLANNING_GROUP-arrow"}]}
RESULT: undefined
COMMAND: POST /session/f66dc8af89e796c2a1bae8c13753431d/element - {"using":"xpath","value":"//*[@id=\"application-manageresources-display-component---newResourceUnit--PLANNING_GROUP-arrow\"]"}
RESULT: {}
RESULT: {"using":"xpath","value":"//*[@id=\"application-manageresources-display-component---newResourceUnit--PLANNING_GROUP-arrow\"]"}
COMMAND: POST /session/f66dc8af89e796c2a1bae8c13753431d/element/f.84C8CB8F07A11D6CD1349F372DFB42D6.d.9EE059A4174417A5D001F4F958025093.e.7202/click - {}
RESULT: {}
COMMAND: POST /session/f66dc8af89e796c2a1bae8c13753431d/execute/async - {"script":"<script> [1562 bytes]","args":[{"selector":{"controlType":"sap.m.StandardListItem","viewName":"reusables.view.manageresources.NewResourceUnit","viewId":"application-manageresources-display-component---newResourceUnit","properties":{"title":"Heavy Equi"},"searchOpenDialogs":true,"interaction":{"idSuffix":"content"}},"wdio_ui5_key":"reusablesview.manageresources.NewResourceUnitsap.m.StandardListItem{\"title\":\"Heavy Equi\"}"}]}
COMMAND: GET /session/f66dc8af89e796c2a1bae8c13753431d/screenshot - {}
RESULT: {"script":"<script> [1562 bytes]","args":[{"selector":{"controlType":"sap.m.StandardListItem","viewName":"reusables.view.manageresources.NewResourceUnit","viewId":"application-manageresources-display-component---newResourceUnit","properties":{"title":"Heavy Equi"},"searchOpenDialogs":true,"interaction":{"idSuffix":"content"}},"wdio_ui5_key":"reusablesview.manageresources.NewResourceUnitsap.m.StandardListItem{\"title\":\"Heavy Equi\"}"}]}
RESULT: undefined
COMMAND: POST /session/f66dc8af89e796c2a1bae8c13753431d/element - {"using":"xpath","value":"//*[@id=\"__item275\"]"}
RESULT: {}
RESULT: {"using":"xpath","value":"//*[@id=\"__item275\"]"}
COMMAND: POST /session/f66dc8af89e796c2a1bae8c13753431d/element/f.84C8CB8F07A11D6CD1349F372DFB42D6.d.9EE059A4174417A5D001F4F958025093.e.7204/click - {}
RESULT: {}
COMMAND: GET /session/f66dc8af89e796c2a1bae8c13753431d/screenshot - {}
RESULT: {}
COMMAND: POST /session/f66dc8af89e796c2a1bae8c13753431d/execute/async - {"script":"<script> [1562 bytes]","args":[{"selector":{"id":"application-manageresources-display-component---newResourceUnit--PLANNING_INDICATOR-arrow"},"wdio_ui5_key":"applicationmanageresources-display-component---newResourceUnit--PLANNING_INDICATOR-arrow"}]}
RESULT: {"script":"<script> [1562 bytes]","args":[{"selector":{"id":"application-manageresources-display-component---newResourceUnit--PLANNING_INDICATOR-arrow"},"wdio_ui5_key":"applicationmanageresources-display-component---newResourceUnit--PLANNING_INDICATOR-arrow"}]}
RESULT: undefined
COMMAND: POST /session/f66dc8af89e796c2a1bae8c13753431d/element - {"using":"xpath","value":"//*[@id=\"application-manageresources-display-component---newResourceUnit--PLANNING_INDICATOR-arrow\"]"}
RESULT: {"using":"xpath","value":"//*[@id=\"application-manageresources-display-component---newResourceUnit--PLANNING_INDICATOR-arrow\"]"}
COMMAND: POST /session/f66dc8af89e796c2a1bae8c13753431d/element/f.84C8CB8F07A11D6CD1349F372DFB42D6.d.9EE059A4174417A5D001F4F958025093.e.7205/click - {}
RESULT: {}
COMMAND: POST /session/f66dc8af89e796c2a1bae8c13753431d/execute/async - {"script":"<script> [1562 bytes]","args":[{"selector":{"controlType":"sap.m.StandardListItem","viewName":"reusables.view.manageresources.NewResourceUnit","viewId":"application-manageresources-display-component---newResourceUnit","properties":{"title":"10 - infinite"},"searchOpenDialogs":true,"interaction":{"idSuffix":"content"}},"wdio_ui5_key":"reusablesview.manageresources.NewResourceUnitsap.m.StandardListItem{\"title\":\"10 - infinite\"}"}]}
COMMAND: GET /session/f66dc8af89e796c2a1bae8c13753431d/screenshot - {}
RESULT: {"script":"<script> [1562 bytes]","args":[{"selector":{"controlType":"sap.m.StandardListItem","viewName":"reusables.view.manageresources.NewResourceUnit","viewId":"application-manageresources-display-component---newResourceUnit","properties":{"title":"10 - infinite"},"searchOpenDialogs":true,"interaction":{"idSuffix":"content"}},"wdio_ui5_key":"reusablesview.manageresources.NewResourceUnitsap.m.StandardListItem{\"title\":\"10 - infinite\"}"}]}
RESULT: undefined
COMMAND: POST /session/f66dc8af89e796c2a1bae8c13753431d/element - {"using":"xpath","value":"//*[@id=\"__item285\"]"}
RESULT: {}
RESULT: {"using":"xpath","value":"//*[@id=\"__item285\"]"}
COMMAND: POST /session/f66dc8af89e796c2a1bae8c13753431d/element/f.84C8CB8F07A11D6CD1349F372DFB42D6.d.9EE059A4174417A5D001F4F958025093.e.7207/click - {}
RESULT: {}
COMMAND: GET /session/f66dc8af89e796c2a1bae8c13753431d/screenshot - {}
RESULT: {}
COMMAND: POST /session/f66dc8af89e796c2a1bae8c13753431d/element - {"using":"xpath","value":"//bdi[contains(text(), \"Time Segment\")]"}
RESULT: {"using":"xpath","value":"//bdi[contains(text(), \"Time Segment\")]"}
COMMAND: GET /session/f66dc8af89e796c2a1bae8c13753431d/element/f.84C8CB8F07A11D6CD1349F372DFB42D6.d.9EE059A4174417A5D001F4F958025093.e.7208/rect - {}
RESULT: {}
COMMAND: GET /session/f66dc8af89e796c2a1bae8c13753431d/window/rect - {}
RESULT: {}
COMMAND: POST /session/f66dc8af89e796c2a1bae8c13753431d/execute/sync - {"script":"<script> [92 bytes]","args":[]}
RESULT: {"script":"<script> [92 bytes]","args":[]}
COMMAND: POST /session/f66dc8af89e796c2a1bae8c13753431d/actions - {"actions":[{"id":"action16","type":"wheel","parameters":{},"actions":[{"type":"scroll","x":-1820,"y":-21,"deltaX":0,"deltaY":0,"duration":0,"origin":{"element-6066-11e4-a52e-4f735466cecf":"f.84C8CB8F07A11D6CD1349F372DFB42D6.d.9EE059A4174417A5D001F4F958025093.e.7208"}}]}]}
COMMAND: GET /session/f66dc8af89e796c2a1bae8c13753431d/screenshot - {}
RESULT: {}
COMMAND: POST /session/f66dc8af89e796c2a1bae8c13753431d/execute/sync - {"script":"<script> [79 bytes]","args":[{"element-6066-11e4-a52e-4f735466cecf":"f.84C8CB8F07A11D6CD1349F372DFB42D6.d.9EE059A4174417A5D001F4F958025093.e.7208","ELEMENT":"f.84C8CB8F07A11D6CD1349F372DFB42D6.d.9EE059A4174417A5D001F4F958025093.e.7208"},{"block":"start","inline":"nearest"}]}
RESULT: {"script":"<script> [79 bytes]","args":[{"element-6066-11e4-a52e-4f735466cecf":"f.84C8CB8F07A11D6CD1349F372DFB42D6.d.9EE059A4174417A5D001F4F958025093.e.7208","ELEMENT":"f.84C8CB8F07A11D6CD1349F372DFB42D6.d.9EE059A4174417A5D001F4F958025093.e.7208"},{"block":"start","inline":"nearest"}]}
COMMAND: GET /session/f66dc8af89e796c2a1bae8c13753431d/screenshot - {}
RESULT: {}
COMMAND: POST /session/f66dc8af89e796c2a1bae8c13753431d/element - {"using":"xpath","value":"//span[@id=\"application-manageresources-display-component---newResourceUnit--btnAddTimeSegment-img\"]"}
RESULT: {"using":"xpath","value":"//span[@id=\"application-manageresources-display-component---newResourceUnit--btnAddTimeSegment-img\"]"}
COMMAND: POST /session/f66dc8af89e796c2a1bae8c13753431d/execute/sync - {"script":"<script> [8489 bytes]","args":[{"element-6066-11e4-a52e-4f735466cecf":"f.84C8CB8F07A11D6CD1349F372DFB42D6.d.9EE059A4174417A5D001F4F958025093.e.7211","ELEMENT":"f.84C8CB8F07A11D6CD1349F372DFB42D6.d.9EE059A4174417A5D001F4F958025093.e.7211"}]}
RESULT: {"script":"<script> [8489 bytes]","args":[{"element-6066-11e4-a52e-4f735466cecf":"f.84C8CB8F07A11D6CD1349F372DFB42D6.d.9EE059A4174417A5D001F4F958025093.e.7211","ELEMENT":"f.84C8CB8F07A11D6CD1349F372DFB42D6.d.9EE059A4174417A5D001F4F958025093.e.7211"}]}
COMMAND: POST /session/f66dc8af89e796c2a1bae8c13753431d/element/f.84C8CB8F07A11D6CD1349F372DFB42D6.d.9EE059A4174417A5D001F4F958025093.e.7211/click - {}
COMMAND: GET /session/f66dc8af89e796c2a1bae8c13753431d/screenshot - {}
RESULT: {}
COMMAND: GET /session/f66dc8af89e796c2a1bae8c13753431d/screenshot - {}
COMMAND: POST /session/f66dc8af89e796c2a1bae8c13753431d/element - {"using":"xpath","value":"//input[@id=\"application-manageresources-display-component---newResourceUnit--idRuTSAdmin-application-manageresources-display-component---newResourceUnit--RUTimeSegment-0-inner\"]"}
RESULT: {}
RESULT: {}
RESULT: {"using":"xpath","value":"//input[@id=\"application-manageresources-display-component---newResourceUnit--idRuTSAdmin-application-manageresources-display-component---newResourceUnit--RUTimeSegment-0-inner\"]"}
COMMAND: POST /session/f66dc8af89e796c2a1bae8c13753431d/element/f.84C8CB8F07A11D6CD1349F372DFB42D6.d.9EE059A4174417A5D001F4F958025093.e.7214/clear - {}
RESULT: {}
COMMAND: POST /session/f66dc8af89e796c2a1bae8c13753431d/element/f.84C8CB8F07A11D6CD1349F372DFB42D6.d.9EE059A4174417A5D001F4F958025093.e.7214/value - {"text":"416"}
COMMAND: GET /session/f66dc8af89e796c2a1bae8c13753431d/screenshot - {}
RESULT: {"text":"416"}
COMMAND: GET /session/f66dc8af89e796c2a1bae8c13753431d/screenshot - {}
RESULT: {}
RESULT: {}
COMMAND: POST /session/f66dc8af89e796c2a1bae8c13753431d/actions - {"actions":[{"id":"action17","type":"key","parameters":{},"actions":[{"type":"keyDown","value":""},{"type":"pause","duration":10},{"type":"keyUp","value":""}]}]}
RESULT: {"actions":[{"id":"action17","type":"key","parameters":{},"actions":[{"type":"keyDown","value":""},{"type":"pause","duration":10},{"type":"keyUp","value":""}]}]}
COMMAND: GET /session/f66dc8af89e796c2a1bae8c13753431d/screenshot - {}
RESULT: {}
COMMAND: POST /session/f66dc8af89e796c2a1bae8c13753431d/execute/async - {"script":"<script> [1562 bytes]","args":[{"selector":{"controlType":"sap.m.Button","viewName":"reusables.view.manageresources.NewResourceUnit","viewId":"application-manageresources-display-component---newResourceUnit","i18NText":{"propertyName":"tooltip","key":"save"},"interaction":{"idSuffix":"BDI-content"}},"wdio_ui5_key":"reusablesview.manageresources.NewResourceUnitsap.m.Button{\"propertyName\":\"tooltip\",\"key\":\"save\"}"}]}
RESULT: {"script":"<script> [1562 bytes]","args":[{"selector":{"controlType":"sap.m.Button","viewName":"reusables.view.manageresources.NewResourceUnit","viewId":"application-manageresources-display-component---newResourceUnit","i18NText":{"propertyName":"tooltip","key":"save"},"interaction":{"idSuffix":"BDI-content"}},"wdio_ui5_key":"reusablesview.manageresources.NewResourceUnitsap.m.Button{\"propertyName\":\"tooltip\",\"key\":\"save\"}"}]}
RESULT: undefined
COMMAND: POST /session/f66dc8af89e796c2a1bae8c13753431d/element - {"using":"xpath","value":"//*[@id=\"application-manageresources-display-component---newResourceUnit--createRuButton\"]"}
RESULT: {"using":"xpath","value":"//*[@id=\"application-manageresources-display-component---newResourceUnit--createRuButton\"]"}
COMMAND: POST /session/f66dc8af89e796c2a1bae8c13753431d/element/f.84C8CB8F07A11D6CD1349F372DFB42D6.d.9EE059A4174417A5D001F4F958025093.e.7075/click - {}
RESULT: {}
COMMAND: GET /session/f66dc8af89e796c2a1bae8c13753431d/screenshot - {}
RESULT: {}
COMMAND: POST /session/f66dc8af89e796c2a1bae8c13753431d/execute/async - {"script":"<script> [1562 bytes]","args":[{"selector":{"controlType":"sap.m.Title","properties":{"text":"Success"},"searchOpenDialogs":true},"wdio_ui5_key":"sapm.Title{\"text\":\"Success\"}"}]}
RESULT: {"script":"<script> [1562 bytes]","args":[{"selector":{"controlType":"sap.m.Title","properties":{"text":"Success"},"searchOpenDialogs":true},"wdio_ui5_key":"sapm.Title{\"text\":\"Success\"}"}]}
RESULT: undefined
COMMAND: POST /session/f66dc8af89e796c2a1bae8c13753431d/execute/async - {"script":"<script> [6424 bytes]","args":[{"element-6066-11e4-a52e-4f735466cecf":"f.84C8CB8F07A11D6CD1349F372DFB42D6.d.9EE059A4174417A5D001F4F958025093.e.7228"},"getText",[]]}
RESULT: {"script":"<script> [6424 bytes]","args":[{"element-6066-11e4-a52e-4f735466cecf":"f.84C8CB8F07A11D6CD1349F372DFB42D6.d.9EE059A4174417A5D001F4F958025093.e.7228"},"getText",[]]}
COMMAND: POST /session/f66dc8af89e796c2a1bae8c13753431d/element - {"using":"xpath","value":"//*[contains(@id, '__text') and (contains(text(), 'successfully created') or contains(., 'successfully created'))]"}
RESULT: {"using":"xpath","value":"//*[contains(@id, '__text') and (contains(text(), 'successfully created') or contains(., 'successfully created'))]"}
COMMAND: GET /session/f66dc8af89e796c2a1bae8c13753431d/element/f.84C8CB8F07A11D6CD1349F372DFB42D6.d.9EE059A4174417A5D001F4F958025093.e.7226/text - {}
RESULT: {}
COMMAND: POST /session/f66dc8af89e796c2a1bae8c13753431d/execute/async - {"script":"<script> [1562 bytes]","args":[{"selector":{"controlType":"sap.m.Button","properties":{"text":"Close"},"searchOpenDialogs":true,"interaction":{"idSuffix":"BDI-content"}},"wdio_ui5_key":"sapm.Button{\"text\":\"Close\"}"}]}
RESULT: {"script":"<script> [1562 bytes]","args":[{"selector":{"controlType":"sap.m.Button","properties":{"text":"Close"},"searchOpenDialogs":true,"interaction":{"idSuffix":"BDI-content"}},"wdio_ui5_key":"sapm.Button{\"text\":\"Close\"}"}]}
RESULT: undefined
COMMAND: POST /session/f66dc8af89e796c2a1bae8c13753431d/element - {"using":"xpath","value":"//*[@id=\"__mbox-btn-0\"]"}
RESULT: {"using":"xpath","value":"//*[@id=\"__mbox-btn-0\"]"}
COMMAND: POST /session/f66dc8af89e796c2a1bae8c13753431d/element/f.84C8CB8F07A11D6CD1349F372DFB42D6.d.9EE059A4174417A5D001F4F958025093.e.7224/click - {}
RESULT: {}
COMMAND: GET /session/f66dc8af89e796c2a1bae8c13753431d/screenshot - {}
RESULT: {}
COMMAND: POST /session/f66dc8af89e796c2a1bae8c13753431d/execute/async - {"script":"<script> [1562 bytes]","args":[{"selector":{"controlType":"sap.ui.core.Icon","viewName":"etm.portal.ui.manageresources.view.Detail","viewId":"application-manageresources-display-component---detailRU","properties":{"src":{"regex":{"source":"overflow"}}}},"wdio_ui5_key":"etmportal.ui.manageresources.view.Detailsap.ui.core.Icon{\"src\":{\"regex\":{\"source\":\"overflow\"}}}"}]}
RESULT: {"script":"<script> [1562 bytes]","args":[{"selector":{"controlType":"sap.ui.core.Icon","viewName":"etm.portal.ui.manageresources.view.Detail","viewId":"application-manageresources-display-component---detailRU","properties":{"src":{"regex":{"source":"overflow"}}}},"wdio_ui5_key":"etmportal.ui.manageresources.view.Detailsap.ui.core.Icon{\"src\":{\"regex\":{\"source\":\"overflow\"}}}"}]}
RESULT: undefined
COMMAND: POST /session/f66dc8af89e796c2a1bae8c13753431d/element - {"using":"xpath","value":"//*[@id=\"__title15-_actionsToolbar-overflowButton-img\"]"}
RESULT: {"using":"xpath","value":"//*[@id=\"__title15-_actionsToolbar-overflowButton-img\"]"}
COMMAND: POST /session/f66dc8af89e796c2a1bae8c13753431d/element/f.84C8CB8F07A11D6CD1349F372DFB42D6.d.9EE059A4174417A5D001F4F958025093.e.7257/click - {}
RESULT: {}
COMMAND: POST /session/f66dc8af89e796c2a1bae8c13753431d/execute/async - {"script":"<script> [1562 bytes]","args":[{"selector":{"controlType":"sap.m.Button","viewName":"etm.portal.ui.manageresources.view.Detail","viewId":"application-manageresources-display-component---detailRU","i18NText":{"propertyName":"tooltip","key":"closeColumn"},"searchOpenDialogs":true,"interaction":{"idSuffix":"inner"}},"wdio_ui5_key":"etmportal.ui.manageresources.view.Detailsap.m.Button{\"propertyName\":\"tooltip\",\"key\":\"closeColumn\"}"}]}
COMMAND: GET /session/f66dc8af89e796c2a1bae8c13753431d/screenshot - {}
RESULT: {"script":"<script> [1562 bytes]","args":[{"selector":{"controlType":"sap.m.Button","viewName":"etm.portal.ui.manageresources.view.Detail","viewId":"application-manageresources-display-component---detailRU","i18NText":{"propertyName":"tooltip","key":"closeColumn"},"searchOpenDialogs":true,"interaction":{"idSuffix":"inner"}},"wdio_ui5_key":"etmportal.ui.manageresources.view.Detailsap.m.Button{\"propertyName\":\"tooltip\",\"key\":\"closeColumn\"}"}]}
RESULT: undefined
COMMAND: POST /session/f66dc8af89e796c2a1bae8c13753431d/element - {"using":"xpath","value":"//*[@id=\"__button47\"]"}
RESULT: {}
RESULT: {"using":"xpath","value":"//*[@id=\"__button47\"]"}
COMMAND: POST /session/f66dc8af89e796c2a1bae8c13753431d/element/f.84C8CB8F07A11D6CD1349F372DFB42D6.d.9EE059A4174417A5D001F4F958025093.e.7259/click - {}
RESULT: {}
COMMAND: GET /session/f66dc8af89e796c2a1bae8c13753431d/screenshot - {}
RESULT: {}
COMMAND: POST /session/f66dc8af89e796c2a1bae8c13753431d/refresh - {}
RESULT: {}
COMMAND: GET /session/f66dc8af89e796c2a1bae8c13753431d/screenshot - {}
RESULT: {}
COMMAND: POST /session/f66dc8af89e796c2a1bae8c13753431d/refresh - {}
RESULT: {}
COMMAND: GET /session/f66dc8af89e796c2a1bae8c13753431d/screenshot - {}
RESULT: {}
COMMAND: POST /session/f66dc8af89e796c2a1bae8c13753431d/window/fullscreen - {}
RESULT: {}
COMMAND: POST /session/f66dc8af89e796c2a1bae8c13753431d/execute/async - {"script":"<script> [189 bytes]","args":[]}
RESULT: {"script":"<script> [189 bytes]","args":[]}
COMMAND: POST /session/f66dc8af89e796c2a1bae8c13753431d/execute/async - {"script":"<script> [123 bytes]","args":[]}
RESULT: {"script":"<script> [123 bytes]","args":[]}
COMMAND: POST /session/f66dc8af89e796c2a1bae8c13753431d/timeouts - {"script":"<number>"}
RESULT: {"script":"<number>"}
COMMAND: GET /session/f66dc8af89e796c2a1bae8c13753431d/timeouts - {}
RESULT: {}
RESULT: undefined
COMMAND: POST /session/f66dc8af89e796c2a1bae8c13753431d/execute/async - {"script":"<script> [2676 bytes]","args":[]}
RESULT: {"script":"<script> [2676 bytes]","args":[]}
COMMAND: POST /session/f66dc8af89e796c2a1bae8c13753431d/execute/async - {"script":"<script> [2342 bytes]","args":[{"protocol":"http","hostname":"0.0.0.0","path":"/","capabilities":{"browserName":"chrome","goog:chromeOptions":{"binary":"C:\\Program Files\\Google\\Chrome\\Application\\chrome.exe","args":["--start-maximized"]}},"logLevel":"warn","connectionRetryTimeout":120000,"connectionRetryCount":3,"logLevels":{},"enableDirectConnect":true,"strictSSL":true,"_":"65 more keys: [\"cacheDir\",\"port\",\"requestedCapabilities\",\"automationProtocol\",\"baseUrl\",\"waitforInterval\",\"waitforTimeout\",\"onReload\",\"beforeCommand\",\"afterCommand\",\"rootDir\",\"specs\",\"suites\",\"exclude\",\"groupLogsByTestSpec\",\"excludeDriverLogs\",\"bail\",\"framework\",\"reporters\",\"services\",\"maxInstances\",\"maxInstancesPerCapability\",\"injectGlobals\",\"filesToWatch\",\"execArgv\",\"runnerEnv\",\"runner\",\"shard\",\"specFileRetries\",\"specFileRetriesDelay\",\"specFileRetriesDeferred\",\"reporterSyncInterval\",\"reporterSyncTimeout\",\"cucumberFeaturesWithLineNumbers\",\"autoCompileOpts\",\"mochaOpts\",\"jasmineOpts\",\"cucumberOpts\",\"onPrepare\",\"onWorkerStart\",\"onWorkerEnd\",\"before\",\"beforeSession\",\"beforeSuite\",\"beforeHook\",\"beforeTest\",\"afterTest\",\"afterHook\",\"afterSuite\",\"afterSession\",\"after\",\"onComplete\",\"beforeAssertion\",\"afterAssertion\",\"beforeFeature\",\"beforeScenario\",\"beforeStep\",\"afterStep\",\"afterScenario\",\"afterFeature\",\"_\",\"suite\",\"$0\",\"ignoredWorkerServices\",\"wdi5\"]"}]}
RESULT: {"script":"<script> [2342 bytes]","args":[{"protocol":"http","hostname":"0.0.0.0","path":"/","capabilities":{"browserName":"chrome","goog:chromeOptions":{"binary":"C:\\Program Files\\Google\\Chrome\\Application\\chrome.exe","args":["--start-maximized"]}},"logLevel":"warn","connectionRetryTimeout":120000,"connectionRetryCount":3,"logLevels":{},"enableDirectConnect":true,"strictSSL":true,"_":"65 more keys: [\"cacheDir\",\"port\",\"requestedCapabilities\",\"automationProtocol\",\"baseUrl\",\"waitforInterval\",\"waitforTimeout\",\"onReload\",\"beforeCommand\",\"afterCommand\",\"rootDir\",\"specs\",\"suites\",\"exclude\",\"groupLogsByTestSpec\",\"excludeDriverLogs\",\"bail\",\"framework\",\"reporters\",\"services\",\"maxInstances\",\"maxInstancesPerCapability\",\"injectGlobals\",\"filesToWatch\",\"execArgv\",\"runnerEnv\",\"runner\",\"shard\",\"specFileRetries\",\"specFileRetriesDelay\",\"specFileRetriesDeferred\",\"reporterSyncInterval\",\"reporterSyncTimeout\",\"cucumberFeaturesWithLineNumbers\",\"autoCompileOpts\",\"mochaOpts\",\"jasmineOpts\",\"cucumberOpts\",\"onPrepare\",\"onWorkerStart\",\"onWorkerEnd\",\"before\",\"beforeSession\",\"beforeSuite\",\"beforeHook\",\"beforeTest\",\"afterTest\",\"afterHook\",\"afterSuite\",\"afterSession\",\"after\",\"onComplete\",\"beforeAssertion\",\"afterAssertion\",\"beforeFeature\",\"beforeScenario\",\"beforeStep\",\"afterStep\",\"afterScenario\",\"afterFeature\",\"_\",\"suite\",\"$0\",\"ignoredWorkerServices\",\"wdi5\"]"}]}
COMMAND: POST /session/f66dc8af89e796c2a1bae8c13753431d/execute/async - {"script":"<script> [21126 bytes]","args":[35000]}
RESULT: {"script":"<script> [21126 bytes]","args":[35000]}
]]></system-out>
    </testcase>
    <testcase classname="chrome.136_0_7103_93.windows.Create_2_RU_material_US118246" name="Create WHM material" time="182.479">
      <system-out><![CDATA[
COMMAND: POST /session/f66dc8af89e796c2a1bae8c13753431d/element - {"using":"xpath","value":"//button[@data-kt=\"addNewRUOverflowToolbarButton\"]"}
RESULT: {"using":"xpath","value":"//button[@data-kt=\"addNewRUOverflowToolbarButton\"]"}
COMMAND: POST /session/f66dc8af89e796c2a1bae8c13753431d/execute/sync - {"script":"<script> [8489 bytes]","args":[{"element-6066-11e4-a52e-4f735466cecf":"f.84C8CB8F07A11D6CD1349F372DFB42D6.d.D2CB2A3D52276CE02296C9190FF7A14D.e.7467","ELEMENT":"f.84C8CB8F07A11D6CD1349F372DFB42D6.d.D2CB2A3D52276CE02296C9190FF7A14D.e.7467"}]}
RESULT: {"script":"<script> [8489 bytes]","args":[{"element-6066-11e4-a52e-4f735466cecf":"f.84C8CB8F07A11D6CD1349F372DFB42D6.d.D2CB2A3D52276CE02296C9190FF7A14D.e.7467","ELEMENT":"f.84C8CB8F07A11D6CD1349F372DFB42D6.d.D2CB2A3D52276CE02296C9190FF7A14D.e.7467"}]}
COMMAND: POST /session/f66dc8af89e796c2a1bae8c13753431d/element/f.84C8CB8F07A11D6CD1349F372DFB42D6.d.D2CB2A3D52276CE02296C9190FF7A14D.e.7467/click - {}
COMMAND: GET /session/f66dc8af89e796c2a1bae8c13753431d/screenshot - {}
RESULT: {}
COMMAND: GET /session/f66dc8af89e796c2a1bae8c13753431d/screenshot - {}
RESULT: {}
RESULT: {}
COMMAND: POST /session/f66dc8af89e796c2a1bae8c13753431d/execute/async - {"script":"<script> [1562 bytes]","args":[{"selector":{"controlType":"sap.m.ComboBox","viewName":"reusables.view.manageresources.NewResourceUnit","viewId":"application-manageresources-display-component---newResourceUnit","bindingPath":{"path":"","propertyPath":"/RuTypes","modelName":"catalogModel"},"searchOpenDialogs":true},"wdio_ui5_key":"reusablesview.manageresources.NewResourceUnitsap.m.ComboBox{\"path\":\"\",\"propertyPath\":\"/RuTypes\",\"modelName\":\"catalogModel\"}"}]}
RESULT: {"script":"<script> [1562 bytes]","args":[{"selector":{"controlType":"sap.m.ComboBox","viewName":"reusables.view.manageresources.NewResourceUnit","viewId":"application-manageresources-display-component---newResourceUnit","bindingPath":{"path":"","propertyPath":"/RuTypes","modelName":"catalogModel"},"searchOpenDialogs":true},"wdio_ui5_key":"reusablesview.manageresources.NewResourceUnitsap.m.ComboBox{\"path\":\"\",\"propertyPath\":\"/RuTypes\",\"modelName\":\"catalogModel\"}"}]}
RESULT: undefined
COMMAND: POST /session/f66dc8af89e796c2a1bae8c13753431d/execute/async - {"script":"<script> [1562 bytes]","args":[{"selector":{"controlType":"sap.m.ComboBox","viewName":"reusables.view.manageresources.NewResourceUnit","viewId":"application-manageresources-display-component---newResourceUnit","bindingPath":{"path":"","propertyPath":"/Yards","modelName":"catalogModel"},"searchOpenDialogs":true},"wdio_ui5_key":"reusablesview.manageresources.NewResourceUnitsap.m.ComboBox{\"path\":\"\",\"propertyPath\":\"/Yards\",\"modelName\":\"catalogModel\"}"}]}
RESULT: {"script":"<script> [1562 bytes]","args":[{"selector":{"controlType":"sap.m.ComboBox","viewName":"reusables.view.manageresources.NewResourceUnit","viewId":"application-manageresources-display-component---newResourceUnit","bindingPath":{"path":"","propertyPath":"/Yards","modelName":"catalogModel"},"searchOpenDialogs":true},"wdio_ui5_key":"reusablesview.manageresources.NewResourceUnitsap.m.ComboBox{\"path\":\"\",\"propertyPath\":\"/Yards\",\"modelName\":\"catalogModel\"}"}]}
RESULT: undefined
COMMAND: POST /session/f66dc8af89e796c2a1bae8c13753431d/execute/async - {"script":"<script> [1562 bytes]","args":[{"selector":{"controlType":"etm.portal.ui.reusables.customControls.LiveSearchComboBox","viewName":"reusables.view.manageresources.NewResourceUnit","viewId":"application-manageresources-display-component---newResourceUnit","bindingPath":{"path":"","propertyPath":"/CatalogItems","modelName":"catalogModel"},"searchOpenDialogs":true},"wdio_ui5_key":"reusablesview.manageresources.NewResourceUnitetm.portal.ui.reusables.customControls.LiveSearchComboBox{\"path\":\"\",\"propertyPath\":\"/CatalogItems\",\"modelName\":\"catalogModel\"}"}]}
RESULT: {"script":"<script> [1562 bytes]","args":[{"selector":{"controlType":"etm.portal.ui.reusables.customControls.LiveSearchComboBox","viewName":"reusables.view.manageresources.NewResourceUnit","viewId":"application-manageresources-display-component---newResourceUnit","bindingPath":{"path":"","propertyPath":"/CatalogItems","modelName":"catalogModel"},"searchOpenDialogs":true},"wdio_ui5_key":"reusablesview.manageresources.NewResourceUnitetm.portal.ui.reusables.customControls.LiveSearchComboBox{\"path\":\"\",\"propertyPath\":\"/CatalogItems\",\"modelName\":\"catalogModel\"}"}]}
RESULT: undefined
COMMAND: POST /session/f66dc8af89e796c2a1bae8c13753431d/element - {"using":"xpath","value":"//bdi[text()=\"OK\"]"}
RESULT: {"using":"xpath","value":"//bdi[text()=\"OK\"]"}
COMMAND: POST /session/f66dc8af89e796c2a1bae8c13753431d/elements - {"using":"xpath","value":"//bdi[text()=\"OK\"]"}
RESULT: {"using":"xpath","value":"//bdi[text()=\"OK\"]"}
COMMAND: POST /session/f66dc8af89e796c2a1bae8c13753431d/elements - {"using":"xpath","value":"//bdi[text()=\"OK\"]"}
RESULT: {"using":"xpath","value":"//bdi[text()=\"OK\"]"}
COMMAND: POST /session/f66dc8af89e796c2a1bae8c13753431d/elements - {"using":"xpath","value":"//bdi[text()=\"OK\"]"}
RESULT: {"using":"xpath","value":"//bdi[text()=\"OK\"]"}
COMMAND: POST /session/f66dc8af89e796c2a1bae8c13753431d/elements - {"using":"xpath","value":"//bdi[text()=\"OK\"]"}
RESULT: {"using":"xpath","value":"//bdi[text()=\"OK\"]"}
COMMAND: POST /session/f66dc8af89e796c2a1bae8c13753431d/elements - {"using":"xpath","value":"//bdi[text()=\"OK\"]"}
RESULT: {"using":"xpath","value":"//bdi[text()=\"OK\"]"}
COMMAND: POST /session/f66dc8af89e796c2a1bae8c13753431d/elements - {"using":"xpath","value":"//bdi[text()=\"OK\"]"}
RESULT: {"using":"xpath","value":"//bdi[text()=\"OK\"]"}
COMMAND: POST /session/f66dc8af89e796c2a1bae8c13753431d/elements - {"using":"xpath","value":"//bdi[text()=\"OK\"]"}
RESULT: {"using":"xpath","value":"//bdi[text()=\"OK\"]"}
COMMAND: POST /session/f66dc8af89e796c2a1bae8c13753431d/elements - {"using":"xpath","value":"//bdi[text()=\"OK\"]"}
RESULT: {"using":"xpath","value":"//bdi[text()=\"OK\"]"}
COMMAND: POST /session/f66dc8af89e796c2a1bae8c13753431d/elements - {"using":"xpath","value":"//bdi[text()=\"OK\"]"}
RESULT: {"using":"xpath","value":"//bdi[text()=\"OK\"]"}
COMMAND: POST /session/f66dc8af89e796c2a1bae8c13753431d/elements - {"using":"xpath","value":"//bdi[text()=\"OK\"]"}
RESULT: {"using":"xpath","value":"//bdi[text()=\"OK\"]"}
COMMAND: POST /session/f66dc8af89e796c2a1bae8c13753431d/elements - {"using":"xpath","value":"//bdi[text()=\"OK\"]"}
RESULT: {"using":"xpath","value":"//bdi[text()=\"OK\"]"}
COMMAND: POST /session/f66dc8af89e796c2a1bae8c13753431d/elements - {"using":"xpath","value":"//bdi[text()=\"OK\"]"}
RESULT: {"using":"xpath","value":"//bdi[text()=\"OK\"]"}
COMMAND: POST /session/f66dc8af89e796c2a1bae8c13753431d/elements - {"using":"xpath","value":"//bdi[text()=\"OK\"]"}
RESULT: {"using":"xpath","value":"//bdi[text()=\"OK\"]"}
COMMAND: POST /session/f66dc8af89e796c2a1bae8c13753431d/elements - {"using":"xpath","value":"//bdi[text()=\"OK\"]"}
RESULT: {"using":"xpath","value":"//bdi[text()=\"OK\"]"}
COMMAND: POST /session/f66dc8af89e796c2a1bae8c13753431d/elements - {"using":"xpath","value":"//bdi[text()=\"OK\"]"}
RESULT: {"using":"xpath","value":"//bdi[text()=\"OK\"]"}
COMMAND: POST /session/f66dc8af89e796c2a1bae8c13753431d/elements - {"using":"xpath","value":"//bdi[text()=\"OK\"]"}
RESULT: {"using":"xpath","value":"//bdi[text()=\"OK\"]"}
COMMAND: POST /session/f66dc8af89e796c2a1bae8c13753431d/elements - {"using":"xpath","value":"//bdi[text()=\"OK\"]"}
RESULT: {"using":"xpath","value":"//bdi[text()=\"OK\"]"}
COMMAND: POST /session/f66dc8af89e796c2a1bae8c13753431d/elements - {"using":"xpath","value":"//bdi[text()=\"OK\"]"}
RESULT: {"using":"xpath","value":"//bdi[text()=\"OK\"]"}
COMMAND: POST /session/f66dc8af89e796c2a1bae8c13753431d/elements - {"using":"xpath","value":"//bdi[text()=\"OK\"]"}
RESULT: {"using":"xpath","value":"//bdi[text()=\"OK\"]"}
COMMAND: POST /session/f66dc8af89e796c2a1bae8c13753431d/elements - {"using":"xpath","value":"//bdi[text()=\"OK\"]"}
RESULT: {"using":"xpath","value":"//bdi[text()=\"OK\"]"}
COMMAND: POST /session/f66dc8af89e796c2a1bae8c13753431d/elements - {"using":"xpath","value":"//bdi[text()=\"OK\"]"}
RESULT: {"using":"xpath","value":"//bdi[text()=\"OK\"]"}
COMMAND: POST /session/f66dc8af89e796c2a1bae8c13753431d/elements - {"using":"xpath","value":"//bdi[text()=\"OK\"]"}
RESULT: {"using":"xpath","value":"//bdi[text()=\"OK\"]"}
COMMAND: POST /session/f66dc8af89e796c2a1bae8c13753431d/elements - {"using":"xpath","value":"//bdi[text()=\"OK\"]"}
RESULT: {"using":"xpath","value":"//bdi[text()=\"OK\"]"}
COMMAND: POST /session/f66dc8af89e796c2a1bae8c13753431d/elements - {"using":"xpath","value":"//bdi[text()=\"OK\"]"}
RESULT: {"using":"xpath","value":"//bdi[text()=\"OK\"]"}
COMMAND: POST /session/f66dc8af89e796c2a1bae8c13753431d/elements - {"using":"xpath","value":"//bdi[text()=\"OK\"]"}
RESULT: {"using":"xpath","value":"//bdi[text()=\"OK\"]"}
COMMAND: POST /session/f66dc8af89e796c2a1bae8c13753431d/elements - {"using":"xpath","value":"//bdi[text()=\"OK\"]"}
RESULT: {"using":"xpath","value":"//bdi[text()=\"OK\"]"}
COMMAND: POST /session/f66dc8af89e796c2a1bae8c13753431d/elements - {"using":"xpath","value":"//bdi[text()=\"OK\"]"}
RESULT: {"using":"xpath","value":"//bdi[text()=\"OK\"]"}
COMMAND: POST /session/f66dc8af89e796c2a1bae8c13753431d/elements - {"using":"xpath","value":"//bdi[text()=\"OK\"]"}
RESULT: {"using":"xpath","value":"//bdi[text()=\"OK\"]"}
COMMAND: POST /session/f66dc8af89e796c2a1bae8c13753431d/elements - {"using":"xpath","value":"//bdi[text()=\"OK\"]"}
RESULT: {"using":"xpath","value":"//bdi[text()=\"OK\"]"}
COMMAND: POST /session/f66dc8af89e796c2a1bae8c13753431d/elements - {"using":"xpath","value":"//bdi[text()=\"OK\"]"}
RESULT: {"using":"xpath","value":"//bdi[text()=\"OK\"]"}
COMMAND: POST /session/f66dc8af89e796c2a1bae8c13753431d/elements - {"using":"xpath","value":"//bdi[text()=\"OK\"]"}
RESULT: {"using":"xpath","value":"//bdi[text()=\"OK\"]"}
COMMAND: POST /session/f66dc8af89e796c2a1bae8c13753431d/elements - {"using":"xpath","value":"//bdi[text()=\"OK\"]"}
RESULT: {"using":"xpath","value":"//bdi[text()=\"OK\"]"}
COMMAND: POST /session/f66dc8af89e796c2a1bae8c13753431d/elements - {"using":"xpath","value":"//bdi[text()=\"OK\"]"}
RESULT: {"using":"xpath","value":"//bdi[text()=\"OK\"]"}
COMMAND: POST /session/f66dc8af89e796c2a1bae8c13753431d/elements - {"using":"xpath","value":"//bdi[text()=\"OK\"]"}
RESULT: {"using":"xpath","value":"//bdi[text()=\"OK\"]"}
COMMAND: POST /session/f66dc8af89e796c2a1bae8c13753431d/elements - {"using":"xpath","value":"//bdi[text()=\"OK\"]"}
RESULT: {"using":"xpath","value":"//bdi[text()=\"OK\"]"}
COMMAND: POST /session/f66dc8af89e796c2a1bae8c13753431d/elements - {"using":"xpath","value":"//bdi[text()=\"OK\"]"}
RESULT: {"using":"xpath","value":"//bdi[text()=\"OK\"]"}
COMMAND: POST /session/f66dc8af89e796c2a1bae8c13753431d/elements - {"using":"xpath","value":"//bdi[text()=\"OK\"]"}
RESULT: {"using":"xpath","value":"//bdi[text()=\"OK\"]"}
COMMAND: POST /session/f66dc8af89e796c2a1bae8c13753431d/elements - {"using":"xpath","value":"//bdi[text()=\"OK\"]"}
RESULT: {"using":"xpath","value":"//bdi[text()=\"OK\"]"}
COMMAND: POST /session/f66dc8af89e796c2a1bae8c13753431d/elements - {"using":"xpath","value":"//bdi[text()=\"OK\"]"}
RESULT: {"using":"xpath","value":"//bdi[text()=\"OK\"]"}
COMMAND: POST /session/f66dc8af89e796c2a1bae8c13753431d/elements - {"using":"xpath","value":"//bdi[text()=\"OK\"]"}
RESULT: {"using":"xpath","value":"//bdi[text()=\"OK\"]"}
COMMAND: POST /session/f66dc8af89e796c2a1bae8c13753431d/elements - {"using":"xpath","value":"//bdi[text()=\"OK\"]"}
RESULT: {"using":"xpath","value":"//bdi[text()=\"OK\"]"}
COMMAND: POST /session/f66dc8af89e796c2a1bae8c13753431d/elements - {"using":"xpath","value":"//bdi[text()=\"OK\"]"}
RESULT: {"using":"xpath","value":"//bdi[text()=\"OK\"]"}
COMMAND: POST /session/f66dc8af89e796c2a1bae8c13753431d/elements - {"using":"xpath","value":"//bdi[text()=\"OK\"]"}
RESULT: {"using":"xpath","value":"//bdi[text()=\"OK\"]"}
COMMAND: POST /session/f66dc8af89e796c2a1bae8c13753431d/elements - {"using":"xpath","value":"//bdi[text()=\"OK\"]"}
RESULT: {"using":"xpath","value":"//bdi[text()=\"OK\"]"}
COMMAND: POST /session/f66dc8af89e796c2a1bae8c13753431d/elements - {"using":"xpath","value":"//bdi[text()=\"OK\"]"}
RESULT: {"using":"xpath","value":"//bdi[text()=\"OK\"]"}
COMMAND: POST /session/f66dc8af89e796c2a1bae8c13753431d/elements - {"using":"xpath","value":"//bdi[text()=\"OK\"]"}
RESULT: {"using":"xpath","value":"//bdi[text()=\"OK\"]"}
COMMAND: POST /session/f66dc8af89e796c2a1bae8c13753431d/elements - {"using":"xpath","value":"//bdi[text()=\"OK\"]"}
RESULT: {"using":"xpath","value":"//bdi[text()=\"OK\"]"}
COMMAND: POST /session/f66dc8af89e796c2a1bae8c13753431d/elements - {"using":"xpath","value":"//bdi[text()=\"OK\"]"}
RESULT: {"using":"xpath","value":"//bdi[text()=\"OK\"]"}
COMMAND: POST /session/f66dc8af89e796c2a1bae8c13753431d/elements - {"using":"xpath","value":"//bdi[text()=\"OK\"]"}
RESULT: {"using":"xpath","value":"//bdi[text()=\"OK\"]"}
COMMAND: POST /session/f66dc8af89e796c2a1bae8c13753431d/elements - {"using":"xpath","value":"//bdi[text()=\"OK\"]"}
RESULT: {"using":"xpath","value":"//bdi[text()=\"OK\"]"}
COMMAND: POST /session/f66dc8af89e796c2a1bae8c13753431d/elements - {"using":"xpath","value":"//bdi[text()=\"OK\"]"}
RESULT: {"using":"xpath","value":"//bdi[text()=\"OK\"]"}
COMMAND: POST /session/f66dc8af89e796c2a1bae8c13753431d/elements - {"using":"xpath","value":"//bdi[text()=\"OK\"]"}
RESULT: {"using":"xpath","value":"//bdi[text()=\"OK\"]"}
COMMAND: POST /session/f66dc8af89e796c2a1bae8c13753431d/elements - {"using":"xpath","value":"//bdi[text()=\"OK\"]"}
RESULT: {"using":"xpath","value":"//bdi[text()=\"OK\"]"}
COMMAND: POST /session/f66dc8af89e796c2a1bae8c13753431d/elements - {"using":"xpath","value":"//bdi[text()=\"OK\"]"}
RESULT: {"using":"xpath","value":"//bdi[text()=\"OK\"]"}
COMMAND: POST /session/f66dc8af89e796c2a1bae8c13753431d/elements - {"using":"xpath","value":"//bdi[text()=\"OK\"]"}
RESULT: {"using":"xpath","value":"//bdi[text()=\"OK\"]"}
COMMAND: POST /session/f66dc8af89e796c2a1bae8c13753431d/elements - {"using":"xpath","value":"//bdi[text()=\"OK\"]"}
RESULT: {"using":"xpath","value":"//bdi[text()=\"OK\"]"}
COMMAND: POST /session/f66dc8af89e796c2a1bae8c13753431d/elements - {"using":"xpath","value":"//bdi[text()=\"OK\"]"}
RESULT: {"using":"xpath","value":"//bdi[text()=\"OK\"]"}
COMMAND: POST /session/f66dc8af89e796c2a1bae8c13753431d/elements - {"using":"xpath","value":"//bdi[text()=\"OK\"]"}
RESULT: {"using":"xpath","value":"//bdi[text()=\"OK\"]"}
COMMAND: POST /session/f66dc8af89e796c2a1bae8c13753431d/elements - {"using":"xpath","value":"//bdi[text()=\"OK\"]"}
RESULT: {"using":"xpath","value":"//bdi[text()=\"OK\"]"}
COMMAND: POST /session/f66dc8af89e796c2a1bae8c13753431d/elements - {"using":"xpath","value":"//bdi[text()=\"OK\"]"}
RESULT: {"using":"xpath","value":"//bdi[text()=\"OK\"]"}
COMMAND: POST /session/f66dc8af89e796c2a1bae8c13753431d/elements - {"using":"xpath","value":"//bdi[text()=\"OK\"]"}
RESULT: {"using":"xpath","value":"//bdi[text()=\"OK\"]"}
COMMAND: POST /session/f66dc8af89e796c2a1bae8c13753431d/elements - {"using":"xpath","value":"//bdi[text()=\"OK\"]"}
RESULT: {"using":"xpath","value":"//bdi[text()=\"OK\"]"}
COMMAND: POST /session/f66dc8af89e796c2a1bae8c13753431d/elements - {"using":"xpath","value":"//bdi[text()=\"OK\"]"}
RESULT: {"using":"xpath","value":"//bdi[text()=\"OK\"]"}
COMMAND: POST /session/f66dc8af89e796c2a1bae8c13753431d/elements - {"using":"xpath","value":"//bdi[text()=\"OK\"]"}
RESULT: {"using":"xpath","value":"//bdi[text()=\"OK\"]"}
COMMAND: POST /session/f66dc8af89e796c2a1bae8c13753431d/elements - {"using":"xpath","value":"//bdi[text()=\"OK\"]"}
RESULT: {"using":"xpath","value":"//bdi[text()=\"OK\"]"}
COMMAND: POST /session/f66dc8af89e796c2a1bae8c13753431d/elements - {"using":"xpath","value":"//bdi[text()=\"OK\"]"}
RESULT: {"using":"xpath","value":"//bdi[text()=\"OK\"]"}
COMMAND: POST /session/f66dc8af89e796c2a1bae8c13753431d/elements - {"using":"xpath","value":"//bdi[text()=\"OK\"]"}
RESULT: {"using":"xpath","value":"//bdi[text()=\"OK\"]"}
COMMAND: POST /session/f66dc8af89e796c2a1bae8c13753431d/elements - {"using":"xpath","value":"//bdi[text()=\"OK\"]"}
RESULT: {"using":"xpath","value":"//bdi[text()=\"OK\"]"}
COMMAND: POST /session/f66dc8af89e796c2a1bae8c13753431d/elements - {"using":"xpath","value":"//bdi[text()=\"OK\"]"}
RESULT: {"using":"xpath","value":"//bdi[text()=\"OK\"]"}
COMMAND: POST /session/f66dc8af89e796c2a1bae8c13753431d/elements - {"using":"xpath","value":"//bdi[text()=\"OK\"]"}
RESULT: {"using":"xpath","value":"//bdi[text()=\"OK\"]"}
COMMAND: POST /session/f66dc8af89e796c2a1bae8c13753431d/elements - {"using":"xpath","value":"//bdi[text()=\"OK\"]"}
RESULT: {"using":"xpath","value":"//bdi[text()=\"OK\"]"}
COMMAND: POST /session/f66dc8af89e796c2a1bae8c13753431d/elements - {"using":"xpath","value":"//bdi[text()=\"OK\"]"}
RESULT: {"using":"xpath","value":"//bdi[text()=\"OK\"]"}
COMMAND: POST /session/f66dc8af89e796c2a1bae8c13753431d/elements - {"using":"xpath","value":"//bdi[text()=\"OK\"]"}
RESULT: {"using":"xpath","value":"//bdi[text()=\"OK\"]"}
COMMAND: POST /session/f66dc8af89e796c2a1bae8c13753431d/elements - {"using":"xpath","value":"//bdi[text()=\"OK\"]"}
RESULT: {"using":"xpath","value":"//bdi[text()=\"OK\"]"}
COMMAND: POST /session/f66dc8af89e796c2a1bae8c13753431d/elements - {"using":"xpath","value":"//bdi[text()=\"OK\"]"}
RESULT: {"using":"xpath","value":"//bdi[text()=\"OK\"]"}
COMMAND: POST /session/f66dc8af89e796c2a1bae8c13753431d/elements - {"using":"xpath","value":"//bdi[text()=\"OK\"]"}
RESULT: {"using":"xpath","value":"//bdi[text()=\"OK\"]"}
COMMAND: POST /session/f66dc8af89e796c2a1bae8c13753431d/elements - {"using":"xpath","value":"//bdi[text()=\"OK\"]"}
RESULT: {"using":"xpath","value":"//bdi[text()=\"OK\"]"}
COMMAND: POST /session/f66dc8af89e796c2a1bae8c13753431d/elements - {"using":"xpath","value":"//bdi[text()=\"OK\"]"}
RESULT: {"using":"xpath","value":"//bdi[text()=\"OK\"]"}
COMMAND: POST /session/f66dc8af89e796c2a1bae8c13753431d/elements - {"using":"xpath","value":"//bdi[text()=\"OK\"]"}
RESULT: {"using":"xpath","value":"//bdi[text()=\"OK\"]"}
COMMAND: POST /session/f66dc8af89e796c2a1bae8c13753431d/elements - {"using":"xpath","value":"//bdi[text()=\"OK\"]"}
RESULT: {"using":"xpath","value":"//bdi[text()=\"OK\"]"}
COMMAND: POST /session/f66dc8af89e796c2a1bae8c13753431d/elements - {"using":"xpath","value":"//bdi[text()=\"OK\"]"}
RESULT: {"using":"xpath","value":"//bdi[text()=\"OK\"]"}
COMMAND: POST /session/f66dc8af89e796c2a1bae8c13753431d/elements - {"using":"xpath","value":"//bdi[text()=\"OK\"]"}
RESULT: {"using":"xpath","value":"//bdi[text()=\"OK\"]"}
COMMAND: POST /session/f66dc8af89e796c2a1bae8c13753431d/elements - {"using":"xpath","value":"//bdi[text()=\"OK\"]"}
RESULT: {"using":"xpath","value":"//bdi[text()=\"OK\"]"}
COMMAND: POST /session/f66dc8af89e796c2a1bae8c13753431d/elements - {"using":"xpath","value":"//bdi[text()=\"OK\"]"}
RESULT: {"using":"xpath","value":"//bdi[text()=\"OK\"]"}
COMMAND: POST /session/f66dc8af89e796c2a1bae8c13753431d/elements - {"using":"xpath","value":"//bdi[text()=\"OK\"]"}
RESULT: {"using":"xpath","value":"//bdi[text()=\"OK\"]"}
COMMAND: POST /session/f66dc8af89e796c2a1bae8c13753431d/elements - {"using":"xpath","value":"//bdi[text()=\"OK\"]"}
RESULT: {"using":"xpath","value":"//bdi[text()=\"OK\"]"}
COMMAND: POST /session/f66dc8af89e796c2a1bae8c13753431d/elements - {"using":"xpath","value":"//bdi[text()=\"OK\"]"}
RESULT: {"using":"xpath","value":"//bdi[text()=\"OK\"]"}
COMMAND: POST /session/f66dc8af89e796c2a1bae8c13753431d/elements - {"using":"xpath","value":"//bdi[text()=\"OK\"]"}
RESULT: {"using":"xpath","value":"//bdi[text()=\"OK\"]"}
COMMAND: POST /session/f66dc8af89e796c2a1bae8c13753431d/elements - {"using":"xpath","value":"//bdi[text()=\"OK\"]"}
RESULT: {"using":"xpath","value":"//bdi[text()=\"OK\"]"}
COMMAND: POST /session/f66dc8af89e796c2a1bae8c13753431d/elements - {"using":"xpath","value":"//bdi[text()=\"OK\"]"}
RESULT: {"using":"xpath","value":"//bdi[text()=\"OK\"]"}
COMMAND: POST /session/f66dc8af89e796c2a1bae8c13753431d/elements - {"using":"xpath","value":"//bdi[text()=\"OK\"]"}
RESULT: {"using":"xpath","value":"//bdi[text()=\"OK\"]"}
COMMAND: POST /session/f66dc8af89e796c2a1bae8c13753431d/elements - {"using":"xpath","value":"//bdi[text()=\"OK\"]"}
RESULT: {"using":"xpath","value":"//bdi[text()=\"OK\"]"}
COMMAND: POST /session/f66dc8af89e796c2a1bae8c13753431d/elements - {"using":"xpath","value":"//bdi[text()=\"OK\"]"}
RESULT: {"using":"xpath","value":"//bdi[text()=\"OK\"]"}
COMMAND: POST /session/f66dc8af89e796c2a1bae8c13753431d/elements - {"using":"xpath","value":"//bdi[text()=\"OK\"]"}
RESULT: {"using":"xpath","value":"//bdi[text()=\"OK\"]"}
COMMAND: POST /session/f66dc8af89e796c2a1bae8c13753431d/elements - {"using":"xpath","value":"//bdi[text()=\"OK\"]"}
RESULT: {"using":"xpath","value":"//bdi[text()=\"OK\"]"}
COMMAND: POST /session/f66dc8af89e796c2a1bae8c13753431d/elements - {"using":"xpath","value":"//bdi[text()=\"OK\"]"}
RESULT: {"using":"xpath","value":"//bdi[text()=\"OK\"]"}
COMMAND: POST /session/f66dc8af89e796c2a1bae8c13753431d/elements - {"using":"xpath","value":"//bdi[text()=\"OK\"]"}
RESULT: {"using":"xpath","value":"//bdi[text()=\"OK\"]"}
COMMAND: POST /session/f66dc8af89e796c2a1bae8c13753431d/elements - {"using":"xpath","value":"//bdi[text()=\"OK\"]"}
RESULT: {"using":"xpath","value":"//bdi[text()=\"OK\"]"}
COMMAND: POST /session/f66dc8af89e796c2a1bae8c13753431d/elements - {"using":"xpath","value":"//bdi[text()=\"OK\"]"}
RESULT: {"using":"xpath","value":"//bdi[text()=\"OK\"]"}
COMMAND: POST /session/f66dc8af89e796c2a1bae8c13753431d/elements - {"using":"xpath","value":"//bdi[text()=\"OK\"]"}
RESULT: {"using":"xpath","value":"//bdi[text()=\"OK\"]"}
COMMAND: POST /session/f66dc8af89e796c2a1bae8c13753431d/elements - {"using":"xpath","value":"//bdi[text()=\"OK\"]"}
RESULT: {"using":"xpath","value":"//bdi[text()=\"OK\"]"}
COMMAND: POST /session/f66dc8af89e796c2a1bae8c13753431d/elements - {"using":"xpath","value":"//bdi[text()=\"OK\"]"}
RESULT: {"using":"xpath","value":"//bdi[text()=\"OK\"]"}
COMMAND: POST /session/f66dc8af89e796c2a1bae8c13753431d/elements - {"using":"xpath","value":"//bdi[text()=\"OK\"]"}
RESULT: {"using":"xpath","value":"//bdi[text()=\"OK\"]"}
COMMAND: POST /session/f66dc8af89e796c2a1bae8c13753431d/elements - {"using":"xpath","value":"//bdi[text()=\"OK\"]"}
RESULT: {"using":"xpath","value":"//bdi[text()=\"OK\"]"}
COMMAND: POST /session/f66dc8af89e796c2a1bae8c13753431d/elements - {"using":"xpath","value":"//bdi[text()=\"OK\"]"}
RESULT: {"using":"xpath","value":"//bdi[text()=\"OK\"]"}
COMMAND: POST /session/f66dc8af89e796c2a1bae8c13753431d/elements - {"using":"xpath","value":"//bdi[text()=\"OK\"]"}
RESULT: {"using":"xpath","value":"//bdi[text()=\"OK\"]"}
COMMAND: POST /session/f66dc8af89e796c2a1bae8c13753431d/elements - {"using":"xpath","value":"//bdi[text()=\"OK\"]"}
RESULT: {"using":"xpath","value":"//bdi[text()=\"OK\"]"}
COMMAND: POST /session/f66dc8af89e796c2a1bae8c13753431d/elements - {"using":"xpath","value":"//bdi[text()=\"OK\"]"}
RESULT: {"using":"xpath","value":"//bdi[text()=\"OK\"]"}
COMMAND: POST /session/f66dc8af89e796c2a1bae8c13753431d/elements - {"using":"xpath","value":"//bdi[text()=\"OK\"]"}
RESULT: {"using":"xpath","value":"//bdi[text()=\"OK\"]"}
COMMAND: POST /session/f66dc8af89e796c2a1bae8c13753431d/elements - {"using":"xpath","value":"//bdi[text()=\"OK\"]"}
RESULT: {"using":"xpath","value":"//bdi[text()=\"OK\"]"}
COMMAND: POST /session/f66dc8af89e796c2a1bae8c13753431d/elements - {"using":"xpath","value":"//bdi[text()=\"OK\"]"}
RESULT: {"using":"xpath","value":"//bdi[text()=\"OK\"]"}
COMMAND: POST /session/f66dc8af89e796c2a1bae8c13753431d/elements - {"using":"xpath","value":"//bdi[text()=\"OK\"]"}
RESULT: {"using":"xpath","value":"//bdi[text()=\"OK\"]"}
COMMAND: POST /session/f66dc8af89e796c2a1bae8c13753431d/elements - {"using":"xpath","value":"//bdi[text()=\"OK\"]"}
RESULT: {"using":"xpath","value":"//bdi[text()=\"OK\"]"}
COMMAND: POST /session/f66dc8af89e796c2a1bae8c13753431d/elements - {"using":"xpath","value":"//bdi[text()=\"OK\"]"}
RESULT: {"using":"xpath","value":"//bdi[text()=\"OK\"]"}
COMMAND: POST /session/f66dc8af89e796c2a1bae8c13753431d/elements - {"using":"xpath","value":"//bdi[text()=\"OK\"]"}
RESULT: {"using":"xpath","value":"//bdi[text()=\"OK\"]"}
COMMAND: POST /session/f66dc8af89e796c2a1bae8c13753431d/elements - {"using":"xpath","value":"//bdi[text()=\"OK\"]"}
RESULT: {"using":"xpath","value":"//bdi[text()=\"OK\"]"}
COMMAND: POST /session/f66dc8af89e796c2a1bae8c13753431d/elements - {"using":"xpath","value":"//bdi[text()=\"OK\"]"}
RESULT: {"using":"xpath","value":"//bdi[text()=\"OK\"]"}
COMMAND: POST /session/f66dc8af89e796c2a1bae8c13753431d/elements - {"using":"xpath","value":"//bdi[text()=\"OK\"]"}
RESULT: {"using":"xpath","value":"//bdi[text()=\"OK\"]"}
COMMAND: POST /session/f66dc8af89e796c2a1bae8c13753431d/elements - {"using":"xpath","value":"//bdi[text()=\"OK\"]"}
RESULT: {"using":"xpath","value":"//bdi[text()=\"OK\"]"}
COMMAND: POST /session/f66dc8af89e796c2a1bae8c13753431d/elements - {"using":"xpath","value":"//bdi[text()=\"OK\"]"}
RESULT: {"using":"xpath","value":"//bdi[text()=\"OK\"]"}
COMMAND: POST /session/f66dc8af89e796c2a1bae8c13753431d/element - {"using":"xpath","value":"//bdi[text()=\"OK\"]"}
RESULT: {"using":"xpath","value":"//bdi[text()=\"OK\"]"}
COMMAND: POST /session/f66dc8af89e796c2a1bae8c13753431d/elements - {"using":"xpath","value":"//bdi[text()=\"OK\"]"}
RESULT: {"using":"xpath","value":"//bdi[text()=\"OK\"]"}
COMMAND: POST /session/f66dc8af89e796c2a1bae8c13753431d/elements - {"using":"xpath","value":"//bdi[text()=\"OK\"]"}
RESULT: {"using":"xpath","value":"//bdi[text()=\"OK\"]"}
COMMAND: POST /session/f66dc8af89e796c2a1bae8c13753431d/elements - {"using":"xpath","value":"//bdi[text()=\"OK\"]"}
RESULT: {"using":"xpath","value":"//bdi[text()=\"OK\"]"}
COMMAND: POST /session/f66dc8af89e796c2a1bae8c13753431d/elements - {"using":"xpath","value":"//bdi[text()=\"OK\"]"}
RESULT: {"using":"xpath","value":"//bdi[text()=\"OK\"]"}
COMMAND: POST /session/f66dc8af89e796c2a1bae8c13753431d/elements - {"using":"xpath","value":"//bdi[text()=\"OK\"]"}
RESULT: {"using":"xpath","value":"//bdi[text()=\"OK\"]"}
COMMAND: POST /session/f66dc8af89e796c2a1bae8c13753431d/elements - {"using":"xpath","value":"//bdi[text()=\"OK\"]"}
RESULT: {"using":"xpath","value":"//bdi[text()=\"OK\"]"}
COMMAND: POST /session/f66dc8af89e796c2a1bae8c13753431d/elements - {"using":"xpath","value":"//bdi[text()=\"OK\"]"}
RESULT: {"using":"xpath","value":"//bdi[text()=\"OK\"]"}
COMMAND: POST /session/f66dc8af89e796c2a1bae8c13753431d/elements - {"using":"xpath","value":"//bdi[text()=\"OK\"]"}
RESULT: {"using":"xpath","value":"//bdi[text()=\"OK\"]"}
COMMAND: POST /session/f66dc8af89e796c2a1bae8c13753431d/elements - {"using":"xpath","value":"//bdi[text()=\"OK\"]"}
RESULT: {"using":"xpath","value":"//bdi[text()=\"OK\"]"}
COMMAND: POST /session/f66dc8af89e796c2a1bae8c13753431d/elements - {"using":"xpath","value":"//bdi[text()=\"OK\"]"}
RESULT: {"using":"xpath","value":"//bdi[text()=\"OK\"]"}
COMMAND: POST /session/f66dc8af89e796c2a1bae8c13753431d/elements - {"using":"xpath","value":"//bdi[text()=\"OK\"]"}
RESULT: {"using":"xpath","value":"//bdi[text()=\"OK\"]"}
COMMAND: POST /session/f66dc8af89e796c2a1bae8c13753431d/elements - {"using":"xpath","value":"//bdi[text()=\"OK\"]"}
RESULT: {"using":"xpath","value":"//bdi[text()=\"OK\"]"}
COMMAND: POST /session/f66dc8af89e796c2a1bae8c13753431d/elements - {"using":"xpath","value":"//bdi[text()=\"OK\"]"}
RESULT: {"using":"xpath","value":"//bdi[text()=\"OK\"]"}
COMMAND: POST /session/f66dc8af89e796c2a1bae8c13753431d/elements - {"using":"xpath","value":"//bdi[text()=\"OK\"]"}
RESULT: {"using":"xpath","value":"//bdi[text()=\"OK\"]"}
COMMAND: POST /session/f66dc8af89e796c2a1bae8c13753431d/elements - {"using":"xpath","value":"//bdi[text()=\"OK\"]"}
RESULT: {"using":"xpath","value":"//bdi[text()=\"OK\"]"}
COMMAND: POST /session/f66dc8af89e796c2a1bae8c13753431d/elements - {"using":"xpath","value":"//bdi[text()=\"OK\"]"}
RESULT: {"using":"xpath","value":"//bdi[text()=\"OK\"]"}
COMMAND: POST /session/f66dc8af89e796c2a1bae8c13753431d/elements - {"using":"xpath","value":"//bdi[text()=\"OK\"]"}
RESULT: {"using":"xpath","value":"//bdi[text()=\"OK\"]"}
COMMAND: POST /session/f66dc8af89e796c2a1bae8c13753431d/elements - {"using":"xpath","value":"//bdi[text()=\"OK\"]"}
RESULT: {"using":"xpath","value":"//bdi[text()=\"OK\"]"}
COMMAND: POST /session/f66dc8af89e796c2a1bae8c13753431d/elements - {"using":"xpath","value":"//bdi[text()=\"OK\"]"}
RESULT: {"using":"xpath","value":"//bdi[text()=\"OK\"]"}
COMMAND: POST /session/f66dc8af89e796c2a1bae8c13753431d/elements - {"using":"xpath","value":"//bdi[text()=\"OK\"]"}
RESULT: {"using":"xpath","value":"//bdi[text()=\"OK\"]"}
COMMAND: POST /session/f66dc8af89e796c2a1bae8c13753431d/elements - {"using":"xpath","value":"//bdi[text()=\"OK\"]"}
RESULT: {"using":"xpath","value":"//bdi[text()=\"OK\"]"}
COMMAND: POST /session/f66dc8af89e796c2a1bae8c13753431d/elements - {"using":"xpath","value":"//bdi[text()=\"OK\"]"}
RESULT: {"using":"xpath","value":"//bdi[text()=\"OK\"]"}
COMMAND: POST /session/f66dc8af89e796c2a1bae8c13753431d/elements - {"using":"xpath","value":"//bdi[text()=\"OK\"]"}
RESULT: {"using":"xpath","value":"//bdi[text()=\"OK\"]"}
COMMAND: POST /session/f66dc8af89e796c2a1bae8c13753431d/elements - {"using":"xpath","value":"//bdi[text()=\"OK\"]"}
RESULT: {"using":"xpath","value":"//bdi[text()=\"OK\"]"}
COMMAND: POST /session/f66dc8af89e796c2a1bae8c13753431d/elements - {"using":"xpath","value":"//bdi[text()=\"OK\"]"}
RESULT: {"using":"xpath","value":"//bdi[text()=\"OK\"]"}
COMMAND: POST /session/f66dc8af89e796c2a1bae8c13753431d/elements - {"using":"xpath","value":"//bdi[text()=\"OK\"]"}
RESULT: {"using":"xpath","value":"//bdi[text()=\"OK\"]"}
COMMAND: POST /session/f66dc8af89e796c2a1bae8c13753431d/elements - {"using":"xpath","value":"//bdi[text()=\"OK\"]"}
RESULT: {"using":"xpath","value":"//bdi[text()=\"OK\"]"}
COMMAND: POST /session/f66dc8af89e796c2a1bae8c13753431d/elements - {"using":"xpath","value":"//bdi[text()=\"OK\"]"}
RESULT: {"using":"xpath","value":"//bdi[text()=\"OK\"]"}
COMMAND: POST /session/f66dc8af89e796c2a1bae8c13753431d/elements - {"using":"xpath","value":"//bdi[text()=\"OK\"]"}
RESULT: {"using":"xpath","value":"//bdi[text()=\"OK\"]"}
COMMAND: POST /session/f66dc8af89e796c2a1bae8c13753431d/elements - {"using":"xpath","value":"//bdi[text()=\"OK\"]"}
RESULT: {"using":"xpath","value":"//bdi[text()=\"OK\"]"}
COMMAND: POST /session/f66dc8af89e796c2a1bae8c13753431d/elements - {"using":"xpath","value":"//bdi[text()=\"OK\"]"}
RESULT: {"using":"xpath","value":"//bdi[text()=\"OK\"]"}
COMMAND: POST /session/f66dc8af89e796c2a1bae8c13753431d/elements - {"using":"xpath","value":"//bdi[text()=\"OK\"]"}
RESULT: {"using":"xpath","value":"//bdi[text()=\"OK\"]"}
COMMAND: POST /session/f66dc8af89e796c2a1bae8c13753431d/elements - {"using":"xpath","value":"//bdi[text()=\"OK\"]"}
RESULT: {"using":"xpath","value":"//bdi[text()=\"OK\"]"}
COMMAND: POST /session/f66dc8af89e796c2a1bae8c13753431d/elements - {"using":"xpath","value":"//bdi[text()=\"OK\"]"}
RESULT: {"using":"xpath","value":"//bdi[text()=\"OK\"]"}
COMMAND: POST /session/f66dc8af89e796c2a1bae8c13753431d/elements - {"using":"xpath","value":"//bdi[text()=\"OK\"]"}
RESULT: {"using":"xpath","value":"//bdi[text()=\"OK\"]"}
COMMAND: POST /session/f66dc8af89e796c2a1bae8c13753431d/elements - {"using":"xpath","value":"//bdi[text()=\"OK\"]"}
RESULT: {"using":"xpath","value":"//bdi[text()=\"OK\"]"}
COMMAND: POST /session/f66dc8af89e796c2a1bae8c13753431d/elements - {"using":"xpath","value":"//bdi[text()=\"OK\"]"}
RESULT: {"using":"xpath","value":"//bdi[text()=\"OK\"]"}
COMMAND: POST /session/f66dc8af89e796c2a1bae8c13753431d/elements - {"using":"xpath","value":"//bdi[text()=\"OK\"]"}
RESULT: {"using":"xpath","value":"//bdi[text()=\"OK\"]"}
COMMAND: POST /session/f66dc8af89e796c2a1bae8c13753431d/elements - {"using":"xpath","value":"//bdi[text()=\"OK\"]"}
RESULT: {"using":"xpath","value":"//bdi[text()=\"OK\"]"}
COMMAND: POST /session/f66dc8af89e796c2a1bae8c13753431d/elements - {"using":"xpath","value":"//bdi[text()=\"OK\"]"}
RESULT: {"using":"xpath","value":"//bdi[text()=\"OK\"]"}
COMMAND: POST /session/f66dc8af89e796c2a1bae8c13753431d/elements - {"using":"xpath","value":"//bdi[text()=\"OK\"]"}
RESULT: {"using":"xpath","value":"//bdi[text()=\"OK\"]"}
COMMAND: POST /session/f66dc8af89e796c2a1bae8c13753431d/elements - {"using":"xpath","value":"//bdi[text()=\"OK\"]"}
RESULT: {"using":"xpath","value":"//bdi[text()=\"OK\"]"}
COMMAND: POST /session/f66dc8af89e796c2a1bae8c13753431d/elements - {"using":"xpath","value":"//bdi[text()=\"OK\"]"}
RESULT: {"using":"xpath","value":"//bdi[text()=\"OK\"]"}
COMMAND: POST /session/f66dc8af89e796c2a1bae8c13753431d/elements - {"using":"xpath","value":"//bdi[text()=\"OK\"]"}
RESULT: {"using":"xpath","value":"//bdi[text()=\"OK\"]"}
COMMAND: POST /session/f66dc8af89e796c2a1bae8c13753431d/elements - {"using":"xpath","value":"//bdi[text()=\"OK\"]"}
RESULT: {"using":"xpath","value":"//bdi[text()=\"OK\"]"}
COMMAND: POST /session/f66dc8af89e796c2a1bae8c13753431d/elements - {"using":"xpath","value":"//bdi[text()=\"OK\"]"}
RESULT: {"using":"xpath","value":"//bdi[text()=\"OK\"]"}
COMMAND: POST /session/f66dc8af89e796c2a1bae8c13753431d/elements - {"using":"xpath","value":"//bdi[text()=\"OK\"]"}
RESULT: {"using":"xpath","value":"//bdi[text()=\"OK\"]"}
COMMAND: POST /session/f66dc8af89e796c2a1bae8c13753431d/elements - {"using":"xpath","value":"//bdi[text()=\"OK\"]"}
RESULT: {"using":"xpath","value":"//bdi[text()=\"OK\"]"}
COMMAND: POST /session/f66dc8af89e796c2a1bae8c13753431d/elements - {"using":"xpath","value":"//bdi[text()=\"OK\"]"}
RESULT: {"using":"xpath","value":"//bdi[text()=\"OK\"]"}
COMMAND: POST /session/f66dc8af89e796c2a1bae8c13753431d/elements - {"using":"xpath","value":"//bdi[text()=\"OK\"]"}
RESULT: {"using":"xpath","value":"//bdi[text()=\"OK\"]"}
COMMAND: POST /session/f66dc8af89e796c2a1bae8c13753431d/elements - {"using":"xpath","value":"//bdi[text()=\"OK\"]"}
RESULT: {"using":"xpath","value":"//bdi[text()=\"OK\"]"}
COMMAND: POST /session/f66dc8af89e796c2a1bae8c13753431d/elements - {"using":"xpath","value":"//bdi[text()=\"OK\"]"}
RESULT: {"using":"xpath","value":"//bdi[text()=\"OK\"]"}
COMMAND: POST /session/f66dc8af89e796c2a1bae8c13753431d/elements - {"using":"xpath","value":"//bdi[text()=\"OK\"]"}
RESULT: {"using":"xpath","value":"//bdi[text()=\"OK\"]"}
COMMAND: POST /session/f66dc8af89e796c2a1bae8c13753431d/elements - {"using":"xpath","value":"//bdi[text()=\"OK\"]"}
RESULT: {"using":"xpath","value":"//bdi[text()=\"OK\"]"}
COMMAND: POST /session/f66dc8af89e796c2a1bae8c13753431d/elements - {"using":"xpath","value":"//bdi[text()=\"OK\"]"}
RESULT: {"using":"xpath","value":"//bdi[text()=\"OK\"]"}
COMMAND: POST /session/f66dc8af89e796c2a1bae8c13753431d/elements - {"using":"xpath","value":"//bdi[text()=\"OK\"]"}
RESULT: {"using":"xpath","value":"//bdi[text()=\"OK\"]"}
COMMAND: POST /session/f66dc8af89e796c2a1bae8c13753431d/elements - {"using":"xpath","value":"//bdi[text()=\"OK\"]"}
RESULT: {"using":"xpath","value":"//bdi[text()=\"OK\"]"}
COMMAND: POST /session/f66dc8af89e796c2a1bae8c13753431d/elements - {"using":"xpath","value":"//bdi[text()=\"OK\"]"}
RESULT: {"using":"xpath","value":"//bdi[text()=\"OK\"]"}
COMMAND: POST /session/f66dc8af89e796c2a1bae8c13753431d/elements - {"using":"xpath","value":"//bdi[text()=\"OK\"]"}
RESULT: {"using":"xpath","value":"//bdi[text()=\"OK\"]"}
COMMAND: POST /session/f66dc8af89e796c2a1bae8c13753431d/elements - {"using":"xpath","value":"//bdi[text()=\"OK\"]"}
RESULT: {"using":"xpath","value":"//bdi[text()=\"OK\"]"}
COMMAND: POST /session/f66dc8af89e796c2a1bae8c13753431d/elements - {"using":"xpath","value":"//bdi[text()=\"OK\"]"}
RESULT: {"using":"xpath","value":"//bdi[text()=\"OK\"]"}
COMMAND: POST /session/f66dc8af89e796c2a1bae8c13753431d/elements - {"using":"xpath","value":"//bdi[text()=\"OK\"]"}
RESULT: {"using":"xpath","value":"//bdi[text()=\"OK\"]"}
COMMAND: POST /session/f66dc8af89e796c2a1bae8c13753431d/elements - {"using":"xpath","value":"//bdi[text()=\"OK\"]"}
RESULT: {"using":"xpath","value":"//bdi[text()=\"OK\"]"}
COMMAND: POST /session/f66dc8af89e796c2a1bae8c13753431d/elements - {"using":"xpath","value":"//bdi[text()=\"OK\"]"}
RESULT: {"using":"xpath","value":"//bdi[text()=\"OK\"]"}
COMMAND: POST /session/f66dc8af89e796c2a1bae8c13753431d/elements - {"using":"xpath","value":"//bdi[text()=\"OK\"]"}
RESULT: {"using":"xpath","value":"//bdi[text()=\"OK\"]"}
COMMAND: POST /session/f66dc8af89e796c2a1bae8c13753431d/elements - {"using":"xpath","value":"//bdi[text()=\"OK\"]"}
RESULT: {"using":"xpath","value":"//bdi[text()=\"OK\"]"}
COMMAND: POST /session/f66dc8af89e796c2a1bae8c13753431d/elements - {"using":"xpath","value":"//bdi[text()=\"OK\"]"}
RESULT: {"using":"xpath","value":"//bdi[text()=\"OK\"]"}
COMMAND: POST /session/f66dc8af89e796c2a1bae8c13753431d/elements - {"using":"xpath","value":"//bdi[text()=\"OK\"]"}
RESULT: {"using":"xpath","value":"//bdi[text()=\"OK\"]"}
COMMAND: POST /session/f66dc8af89e796c2a1bae8c13753431d/elements - {"using":"xpath","value":"//bdi[text()=\"OK\"]"}
RESULT: {"using":"xpath","value":"//bdi[text()=\"OK\"]"}
COMMAND: POST /session/f66dc8af89e796c2a1bae8c13753431d/elements - {"using":"xpath","value":"//bdi[text()=\"OK\"]"}
RESULT: {"using":"xpath","value":"//bdi[text()=\"OK\"]"}
COMMAND: POST /session/f66dc8af89e796c2a1bae8c13753431d/elements - {"using":"xpath","value":"//bdi[text()=\"OK\"]"}
RESULT: {"using":"xpath","value":"//bdi[text()=\"OK\"]"}
COMMAND: POST /session/f66dc8af89e796c2a1bae8c13753431d/elements - {"using":"xpath","value":"//bdi[text()=\"OK\"]"}
RESULT: {"using":"xpath","value":"//bdi[text()=\"OK\"]"}
COMMAND: POST /session/f66dc8af89e796c2a1bae8c13753431d/elements - {"using":"xpath","value":"//bdi[text()=\"OK\"]"}
RESULT: {"using":"xpath","value":"//bdi[text()=\"OK\"]"}
COMMAND: POST /session/f66dc8af89e796c2a1bae8c13753431d/elements - {"using":"xpath","value":"//bdi[text()=\"OK\"]"}
RESULT: {"using":"xpath","value":"//bdi[text()=\"OK\"]"}
COMMAND: POST /session/f66dc8af89e796c2a1bae8c13753431d/elements - {"using":"xpath","value":"//bdi[text()=\"OK\"]"}
RESULT: {"using":"xpath","value":"//bdi[text()=\"OK\"]"}
COMMAND: POST /session/f66dc8af89e796c2a1bae8c13753431d/elements - {"using":"xpath","value":"//bdi[text()=\"OK\"]"}
RESULT: {"using":"xpath","value":"//bdi[text()=\"OK\"]"}
COMMAND: POST /session/f66dc8af89e796c2a1bae8c13753431d/elements - {"using":"xpath","value":"//bdi[text()=\"OK\"]"}
RESULT: {"using":"xpath","value":"//bdi[text()=\"OK\"]"}
COMMAND: POST /session/f66dc8af89e796c2a1bae8c13753431d/elements - {"using":"xpath","value":"//bdi[text()=\"OK\"]"}
RESULT: {"using":"xpath","value":"//bdi[text()=\"OK\"]"}
COMMAND: POST /session/f66dc8af89e796c2a1bae8c13753431d/elements - {"using":"xpath","value":"//bdi[text()=\"OK\"]"}
RESULT: {"using":"xpath","value":"//bdi[text()=\"OK\"]"}
COMMAND: POST /session/f66dc8af89e796c2a1bae8c13753431d/elements - {"using":"xpath","value":"//bdi[text()=\"OK\"]"}
RESULT: {"using":"xpath","value":"//bdi[text()=\"OK\"]"}
COMMAND: POST /session/f66dc8af89e796c2a1bae8c13753431d/elements - {"using":"xpath","value":"//bdi[text()=\"OK\"]"}
RESULT: {"using":"xpath","value":"//bdi[text()=\"OK\"]"}
COMMAND: POST /session/f66dc8af89e796c2a1bae8c13753431d/elements - {"using":"xpath","value":"//bdi[text()=\"OK\"]"}
RESULT: {"using":"xpath","value":"//bdi[text()=\"OK\"]"}
COMMAND: POST /session/f66dc8af89e796c2a1bae8c13753431d/elements - {"using":"xpath","value":"//bdi[text()=\"OK\"]"}
RESULT: {"using":"xpath","value":"//bdi[text()=\"OK\"]"}
COMMAND: POST /session/f66dc8af89e796c2a1bae8c13753431d/elements - {"using":"xpath","value":"//bdi[text()=\"OK\"]"}
RESULT: {"using":"xpath","value":"//bdi[text()=\"OK\"]"}
COMMAND: POST /session/f66dc8af89e796c2a1bae8c13753431d/elements - {"using":"xpath","value":"//bdi[text()=\"OK\"]"}
RESULT: {"using":"xpath","value":"//bdi[text()=\"OK\"]"}
COMMAND: POST /session/f66dc8af89e796c2a1bae8c13753431d/elements - {"using":"xpath","value":"//bdi[text()=\"OK\"]"}
RESULT: {"using":"xpath","value":"//bdi[text()=\"OK\"]"}
COMMAND: POST /session/f66dc8af89e796c2a1bae8c13753431d/elements - {"using":"xpath","value":"//bdi[text()=\"OK\"]"}
RESULT: {"using":"xpath","value":"//bdi[text()=\"OK\"]"}
COMMAND: POST /session/f66dc8af89e796c2a1bae8c13753431d/elements - {"using":"xpath","value":"//bdi[text()=\"OK\"]"}
RESULT: {"using":"xpath","value":"//bdi[text()=\"OK\"]"}
COMMAND: POST /session/f66dc8af89e796c2a1bae8c13753431d/elements - {"using":"xpath","value":"//bdi[text()=\"OK\"]"}
RESULT: {"using":"xpath","value":"//bdi[text()=\"OK\"]"}
COMMAND: POST /session/f66dc8af89e796c2a1bae8c13753431d/elements - {"using":"xpath","value":"//bdi[text()=\"OK\"]"}
RESULT: {"using":"xpath","value":"//bdi[text()=\"OK\"]"}
COMMAND: POST /session/f66dc8af89e796c2a1bae8c13753431d/elements - {"using":"xpath","value":"//bdi[text()=\"OK\"]"}
RESULT: {"using":"xpath","value":"//bdi[text()=\"OK\"]"}
COMMAND: POST /session/f66dc8af89e796c2a1bae8c13753431d/elements - {"using":"xpath","value":"//bdi[text()=\"OK\"]"}
RESULT: {"using":"xpath","value":"//bdi[text()=\"OK\"]"}
COMMAND: POST /session/f66dc8af89e796c2a1bae8c13753431d/elements - {"using":"xpath","value":"//bdi[text()=\"OK\"]"}
RESULT: {"using":"xpath","value":"//bdi[text()=\"OK\"]"}
COMMAND: POST /session/f66dc8af89e796c2a1bae8c13753431d/elements - {"using":"xpath","value":"//bdi[text()=\"OK\"]"}
RESULT: {"using":"xpath","value":"//bdi[text()=\"OK\"]"}
COMMAND: POST /session/f66dc8af89e796c2a1bae8c13753431d/elements - {"using":"xpath","value":"//bdi[text()=\"OK\"]"}
RESULT: {"using":"xpath","value":"//bdi[text()=\"OK\"]"}
COMMAND: POST /session/f66dc8af89e796c2a1bae8c13753431d/elements - {"using":"xpath","value":"//bdi[text()=\"OK\"]"}
RESULT: {"using":"xpath","value":"//bdi[text()=\"OK\"]"}
COMMAND: POST /session/f66dc8af89e796c2a1bae8c13753431d/elements - {"using":"xpath","value":"//bdi[text()=\"OK\"]"}
RESULT: {"using":"xpath","value":"//bdi[text()=\"OK\"]"}
COMMAND: POST /session/f66dc8af89e796c2a1bae8c13753431d/elements - {"using":"xpath","value":"//bdi[text()=\"OK\"]"}
RESULT: {"using":"xpath","value":"//bdi[text()=\"OK\"]"}
COMMAND: POST /session/f66dc8af89e796c2a1bae8c13753431d/elements - {"using":"xpath","value":"//bdi[text()=\"OK\"]"}
RESULT: {"using":"xpath","value":"//bdi[text()=\"OK\"]"}
COMMAND: POST /session/f66dc8af89e796c2a1bae8c13753431d/elements - {"using":"xpath","value":"//bdi[text()=\"OK\"]"}
RESULT: {"using":"xpath","value":"//bdi[text()=\"OK\"]"}
COMMAND: POST /session/f66dc8af89e796c2a1bae8c13753431d/elements - {"using":"xpath","value":"//bdi[text()=\"OK\"]"}
RESULT: {"using":"xpath","value":"//bdi[text()=\"OK\"]"}
COMMAND: POST /session/f66dc8af89e796c2a1bae8c13753431d/elements - {"using":"xpath","value":"//bdi[text()=\"OK\"]"}
RESULT: {"using":"xpath","value":"//bdi[text()=\"OK\"]"}
COMMAND: POST /session/f66dc8af89e796c2a1bae8c13753431d/elements - {"using":"xpath","value":"//bdi[text()=\"OK\"]"}
RESULT: {"using":"xpath","value":"//bdi[text()=\"OK\"]"}
COMMAND: POST /session/f66dc8af89e796c2a1bae8c13753431d/elements - {"using":"xpath","value":"//bdi[text()=\"OK\"]"}
RESULT: {"using":"xpath","value":"//bdi[text()=\"OK\"]"}
COMMAND: POST /session/f66dc8af89e796c2a1bae8c13753431d/elements - {"using":"xpath","value":"//bdi[text()=\"OK\"]"}
RESULT: {"using":"xpath","value":"//bdi[text()=\"OK\"]"}
COMMAND: POST /session/f66dc8af89e796c2a1bae8c13753431d/elements - {"using":"xpath","value":"//bdi[text()=\"OK\"]"}
RESULT: {"using":"xpath","value":"//bdi[text()=\"OK\"]"}
COMMAND: POST /session/f66dc8af89e796c2a1bae8c13753431d/elements - {"using":"xpath","value":"//bdi[text()=\"OK\"]"}
RESULT: {"using":"xpath","value":"//bdi[text()=\"OK\"]"}
COMMAND: POST /session/f66dc8af89e796c2a1bae8c13753431d/elements - {"using":"xpath","value":"//bdi[text()=\"OK\"]"}
RESULT: {"using":"xpath","value":"//bdi[text()=\"OK\"]"}
COMMAND: POST /session/f66dc8af89e796c2a1bae8c13753431d/elements - {"using":"xpath","value":"//bdi[text()=\"OK\"]"}
RESULT: {"using":"xpath","value":"//bdi[text()=\"OK\"]"}
COMMAND: POST /session/f66dc8af89e796c2a1bae8c13753431d/elements - {"using":"xpath","value":"//bdi[text()=\"OK\"]"}
RESULT: {"using":"xpath","value":"//bdi[text()=\"OK\"]"}
COMMAND: POST /session/f66dc8af89e796c2a1bae8c13753431d/elements - {"using":"xpath","value":"//bdi[text()=\"OK\"]"}
RESULT: {"using":"xpath","value":"//bdi[text()=\"OK\"]"}
COMMAND: POST /session/f66dc8af89e796c2a1bae8c13753431d/elements - {"using":"xpath","value":"//bdi[text()=\"OK\"]"}
RESULT: {"using":"xpath","value":"//bdi[text()=\"OK\"]"}
COMMAND: POST /session/f66dc8af89e796c2a1bae8c13753431d/elements - {"using":"xpath","value":"//bdi[text()=\"OK\"]"}
RESULT: {"using":"xpath","value":"//bdi[text()=\"OK\"]"}
COMMAND: POST /session/f66dc8af89e796c2a1bae8c13753431d/elements - {"using":"xpath","value":"//bdi[text()=\"OK\"]"}
RESULT: {"using":"xpath","value":"//bdi[text()=\"OK\"]"}
COMMAND: POST /session/f66dc8af89e796c2a1bae8c13753431d/elements - {"using":"xpath","value":"//bdi[text()=\"OK\"]"}
RESULT: {"using":"xpath","value":"//bdi[text()=\"OK\"]"}
COMMAND: POST /session/f66dc8af89e796c2a1bae8c13753431d/elements - {"using":"xpath","value":"//bdi[text()=\"OK\"]"}
RESULT: {"using":"xpath","value":"//bdi[text()=\"OK\"]"}
COMMAND: POST /session/f66dc8af89e796c2a1bae8c13753431d/elements - {"using":"xpath","value":"//bdi[text()=\"OK\"]"}
RESULT: {"using":"xpath","value":"//bdi[text()=\"OK\"]"}
COMMAND: POST /session/f66dc8af89e796c2a1bae8c13753431d/elements - {"using":"xpath","value":"//bdi[text()=\"OK\"]"}
RESULT: {"using":"xpath","value":"//bdi[text()=\"OK\"]"}
COMMAND: POST /session/f66dc8af89e796c2a1bae8c13753431d/elements - {"using":"xpath","value":"//bdi[text()=\"OK\"]"}
RESULT: {"using":"xpath","value":"//bdi[text()=\"OK\"]"}
COMMAND: POST /session/f66dc8af89e796c2a1bae8c13753431d/elements - {"using":"xpath","value":"//bdi[text()=\"OK\"]"}
RESULT: {"using":"xpath","value":"//bdi[text()=\"OK\"]"}
COMMAND: POST /session/f66dc8af89e796c2a1bae8c13753431d/execute/async - {"script":"<script> [1562 bytes]","args":[{"selector":{"id":"application-manageresources-display-component---newResourceUnit--TYPE-arrow"},"wdio_ui5_key":"applicationmanageresources-display-component---newResourceUnit--TYPE-arrow"}]}
RESULT: {"script":"<script> [1562 bytes]","args":[{"selector":{"id":"application-manageresources-display-component---newResourceUnit--TYPE-arrow"},"wdio_ui5_key":"applicationmanageresources-display-component---newResourceUnit--TYPE-arrow"}]}
RESULT: undefined
COMMAND: POST /session/f66dc8af89e796c2a1bae8c13753431d/element - {"using":"xpath","value":"//*[@id=\"application-manageresources-display-component---newResourceUnit--TYPE-arrow\"]"}
RESULT: {"using":"xpath","value":"//*[@id=\"application-manageresources-display-component---newResourceUnit--TYPE-arrow\"]"}
COMMAND: POST /session/f66dc8af89e796c2a1bae8c13753431d/element/f.84C8CB8F07A11D6CD1349F372DFB42D6.d.D2CB2A3D52276CE02296C9190FF7A14D.e.7837/click - {}
RESULT: {}
COMMAND: POST /session/f66dc8af89e796c2a1bae8c13753431d/execute/async - {"script":"<script> [1562 bytes]","args":[{"selector":{"controlType":"sap.m.StandardListItem","viewName":"reusables.view.manageresources.NewResourceUnit","viewId":"application-manageresources-display-component---newResourceUnit","properties":{"title":"Material"},"searchOpenDialogs":true,"interaction":{"idSuffix":"titleText"}},"wdio_ui5_key":"reusablesview.manageresources.NewResourceUnitsap.m.StandardListItem{\"title\":\"Material\"}"}]}
COMMAND: GET /session/f66dc8af89e796c2a1bae8c13753431d/screenshot - {}
RESULT: {"script":"<script> [1562 bytes]","args":[{"selector":{"controlType":"sap.m.StandardListItem","viewName":"reusables.view.manageresources.NewResourceUnit","viewId":"application-manageresources-display-component---newResourceUnit","properties":{"title":"Material"},"searchOpenDialogs":true,"interaction":{"idSuffix":"titleText"}},"wdio_ui5_key":"reusablesview.manageresources.NewResourceUnitsap.m.StandardListItem{\"title\":\"Material\"}"}]}
RESULT: undefined
COMMAND: POST /session/f66dc8af89e796c2a1bae8c13753431d/element - {"using":"xpath","value":"//*[@id=\"__item147\"]"}
RESULT: {}
RESULT: {"using":"xpath","value":"//*[@id=\"__item147\"]"}
COMMAND: POST /session/f66dc8af89e796c2a1bae8c13753431d/element/f.84C8CB8F07A11D6CD1349F372DFB42D6.d.D2CB2A3D52276CE02296C9190FF7A14D.e.7840/click - {}
RESULT: {}
COMMAND: POST /session/f66dc8af89e796c2a1bae8c13753431d/execute/async - {"script":"<script> [1562 bytes]","args":[{"selector":{"id":"application-manageresources-display-component---newResourceUnit--SHORT_TEXT","interaction":{"idSuffix":"inner"}},"wdio_ui5_key":"applicationmanageresources-display-component---newResourceUnit--SHORT_TEXT"}]}
COMMAND: GET /session/f66dc8af89e796c2a1bae8c13753431d/screenshot - {}
RESULT: {"script":"<script> [1562 bytes]","args":[{"selector":{"id":"application-manageresources-display-component---newResourceUnit--SHORT_TEXT","interaction":{"idSuffix":"inner"}},"wdio_ui5_key":"applicationmanageresources-display-component---newResourceUnit--SHORT_TEXT"}]}
RESULT: undefined
COMMAND: POST /session/f66dc8af89e796c2a1bae8c13753431d/execute/async - {"script":"<script> [776 bytes]","args":[{"enterText":"WebdriverWHM_RU R2C2f7gd","selector":{"id":"application-manageresources-display-component---newResourceUnit--SHORT_TEXT","interaction":{"idSuffix":"inner"}},"clearTextFirst":true,"interactionType":"ENTER_TEXT"}]}
RESULT: {}
RESULT: {"script":"<script> [776 bytes]","args":[{"enterText":"WebdriverWHM_RU R2C2f7gd","selector":{"id":"application-manageresources-display-component---newResourceUnit--SHORT_TEXT","interaction":{"idSuffix":"inner"}},"clearTextFirst":true,"interactionType":"ENTER_TEXT"}]}
COMMAND: POST /session/f66dc8af89e796c2a1bae8c13753431d/execute/async - {"script":"<script> [1562 bytes]","args":[{"selector":{"id":"application-manageresources-display-component---newResourceUnit--BASE_UNIT_OF_MEASURE-arrow"},"wdio_ui5_key":"applicationmanageresources-display-component---newResourceUnit--BASE_UNIT_OF_MEASURE-arrow"}]}
RESULT: {"script":"<script> [1562 bytes]","args":[{"selector":{"id":"application-manageresources-display-component---newResourceUnit--BASE_UNIT_OF_MEASURE-arrow"},"wdio_ui5_key":"applicationmanageresources-display-component---newResourceUnit--BASE_UNIT_OF_MEASURE-arrow"}]}
RESULT: undefined
COMMAND: POST /session/f66dc8af89e796c2a1bae8c13753431d/element - {"using":"xpath","value":"//*[@id=\"application-manageresources-display-component---newResourceUnit--BASE_UNIT_OF_MEASURE-arrow\"]"}
RESULT: {"using":"xpath","value":"//*[@id=\"application-manageresources-display-component---newResourceUnit--BASE_UNIT_OF_MEASURE-arrow\"]"}
COMMAND: POST /session/f66dc8af89e796c2a1bae8c13753431d/element/f.84C8CB8F07A11D6CD1349F372DFB42D6.d.D2CB2A3D52276CE02296C9190FF7A14D.e.7961/click - {}
RESULT: {}
COMMAND: POST /session/f66dc8af89e796c2a1bae8c13753431d/execute/async - {"script":"<script> [1562 bytes]","args":[{"selector":{"controlType":"sap.m.StandardListItem","viewName":"reusables.view.manageresources.NewResourceUnit","viewId":"application-manageresources-display-component---newResourceUnit","properties":{"title":"Piece"},"searchOpenDialogs":true,"interaction":{"idSuffix":"content"}},"wdio_ui5_key":"reusablesview.manageresources.NewResourceUnitsap.m.StandardListItem{\"title\":\"Piece\"}"}]}
COMMAND: GET /session/f66dc8af89e796c2a1bae8c13753431d/screenshot - {}
RESULT: {"script":"<script> [1562 bytes]","args":[{"selector":{"controlType":"sap.m.StandardListItem","viewName":"reusables.view.manageresources.NewResourceUnit","viewId":"application-manageresources-display-component---newResourceUnit","properties":{"title":"Piece"},"searchOpenDialogs":true,"interaction":{"idSuffix":"content"}},"wdio_ui5_key":"reusablesview.manageresources.NewResourceUnitsap.m.StandardListItem{\"title\":\"Piece\"}"}]}
RESULT: undefined
COMMAND: POST /session/f66dc8af89e796c2a1bae8c13753431d/element - {"using":"xpath","value":"//*[@id=\"__item200\"]"}
RESULT: {}
RESULT: {"using":"xpath","value":"//*[@id=\"__item200\"]"}
COMMAND: POST /session/f66dc8af89e796c2a1bae8c13753431d/element/f.84C8CB8F07A11D6CD1349F372DFB42D6.d.D2CB2A3D52276CE02296C9190FF7A14D.e.7963/click - {}
RESULT: {}
COMMAND: POST /session/f66dc8af89e796c2a1bae8c13753431d/execute/async - {"script":"<script> [1562 bytes]","args":[{"selector":{"id":"application-manageresources-display-component---newResourceUnit--WEIGHT_UNIT-arrow"},"wdio_ui5_key":"applicationmanageresources-display-component---newResourceUnit--WEIGHT_UNIT-arrow"}]}
COMMAND: GET /session/f66dc8af89e796c2a1bae8c13753431d/screenshot - {}
RESULT: {"script":"<script> [1562 bytes]","args":[{"selector":{"id":"application-manageresources-display-component---newResourceUnit--WEIGHT_UNIT-arrow"},"wdio_ui5_key":"applicationmanageresources-display-component---newResourceUnit--WEIGHT_UNIT-arrow"}]}
RESULT: undefined
COMMAND: POST /session/f66dc8af89e796c2a1bae8c13753431d/element - {"using":"xpath","value":"//*[@id=\"application-manageresources-display-component---newResourceUnit--WEIGHT_UNIT-arrow\"]"}
RESULT: {}
RESULT: {"using":"xpath","value":"//*[@id=\"application-manageresources-display-component---newResourceUnit--WEIGHT_UNIT-arrow\"]"}
COMMAND: POST /session/f66dc8af89e796c2a1bae8c13753431d/element/f.84C8CB8F07A11D6CD1349F372DFB42D6.d.D2CB2A3D52276CE02296C9190FF7A14D.e.7964/click - {}
RESULT: {}
COMMAND: POST /session/f66dc8af89e796c2a1bae8c13753431d/execute/async - {"script":"<script> [1562 bytes]","args":[{"selector":{"controlType":"sap.m.StandardListItem","viewName":"reusables.view.manageresources.NewResourceUnit","viewId":"application-manageresources-display-component---newResourceUnit","properties":{"title":"Gram"},"searchOpenDialogs":true,"interaction":{"idSuffix":"content"}},"wdio_ui5_key":"reusablesview.manageresources.NewResourceUnitsap.m.StandardListItem{\"title\":\"Gram\"}"}]}
COMMAND: GET /session/f66dc8af89e796c2a1bae8c13753431d/screenshot - {}
RESULT: {"script":"<script> [1562 bytes]","args":[{"selector":{"controlType":"sap.m.StandardListItem","viewName":"reusables.view.manageresources.NewResourceUnit","viewId":"application-manageresources-display-component---newResourceUnit","properties":{"title":"Gram"},"searchOpenDialogs":true,"interaction":{"idSuffix":"content"}},"wdio_ui5_key":"reusablesview.manageresources.NewResourceUnitsap.m.StandardListItem{\"title\":\"Gram\"}"}]}
RESULT: undefined
COMMAND: POST /session/f66dc8af89e796c2a1bae8c13753431d/element - {"using":"xpath","value":"//*[@id=\"__item265\"]"}
RESULT: {}
RESULT: {"using":"xpath","value":"//*[@id=\"__item265\"]"}
COMMAND: POST /session/f66dc8af89e796c2a1bae8c13753431d/element/f.84C8CB8F07A11D6CD1349F372DFB42D6.d.D2CB2A3D52276CE02296C9190FF7A14D.e.7966/click - {}
RESULT: {}
COMMAND: GET /session/f66dc8af89e796c2a1bae8c13753431d/screenshot - {}
RESULT: {}
COMMAND: POST /session/f66dc8af89e796c2a1bae8c13753431d/execute/async - {"script":"<script> [1562 bytes]","args":[{"selector":{"id":"application-manageresources-display-component---newResourceUnit--newRRUPage-OPHeaderContent-collapseBtn-img"},"wdio_ui5_key":"applicationmanageresources-display-component---newResourceUnit--newRRUPage-OPHeaderContent-collapseBtn-img"}]}
RESULT: {"script":"<script> [1562 bytes]","args":[{"selector":{"id":"application-manageresources-display-component---newResourceUnit--newRRUPage-OPHeaderContent-collapseBtn-img"},"wdio_ui5_key":"applicationmanageresources-display-component---newResourceUnit--newRRUPage-OPHeaderContent-collapseBtn-img"}]}
RESULT: undefined
COMMAND: POST /session/f66dc8af89e796c2a1bae8c13753431d/element - {"using":"xpath","value":"//*[@id=\"application-manageresources-display-component---newResourceUnit--newRRUPage-OPHeaderContent-collapseBtn-img\"]"}
RESULT: {"using":"xpath","value":"//*[@id=\"application-manageresources-display-component---newResourceUnit--newRRUPage-OPHeaderContent-collapseBtn-img\"]"}
COMMAND: POST /session/f66dc8af89e796c2a1bae8c13753431d/element/f.84C8CB8F07A11D6CD1349F372DFB42D6.d.D2CB2A3D52276CE02296C9190FF7A14D.e.7848/click - {}
RESULT: {}
COMMAND: GET /session/f66dc8af89e796c2a1bae8c13753431d/screenshot - {}
RESULT: {}
COMMAND: POST /session/f66dc8af89e796c2a1bae8c13753431d/element - {"using":"xpath","value":"(//span[contains(@id ,\"application-manageresources-display-component---newResourceUnit--DIMENSION_UNIT-arrow\")])[1]"}
RESULT: {"using":"xpath","value":"(//span[contains(@id ,\"application-manageresources-display-component---newResourceUnit--DIMENSION_UNIT-arrow\")])[1]"}
COMMAND: POST /session/f66dc8af89e796c2a1bae8c13753431d/element/f.84C8CB8F07A11D6CD1349F372DFB42D6.d.D2CB2A3D52276CE02296C9190FF7A14D.e.7972/click - {}
RESULT: {}
COMMAND: GET /session/f66dc8af89e796c2a1bae8c13753431d/screenshot - {}
RESULT: {}
COMMAND: POST /session/f66dc8af89e796c2a1bae8c13753431d/execute/async - {"script":"<script> [1562 bytes]","args":[{"selector":{"controlType":"sap.m.StandardListItem","viewName":"reusables.view.manageresources.NewResourceUnit","viewId":"application-manageresources-display-component---newResourceUnit","properties":{"title":"Centimeter"},"searchOpenDialogs":true,"interaction":{"idSuffix":"titleText"}},"wdio_ui5_key":"reusablesview.manageresources.NewResourceUnitsap.m.StandardListItem{\"title\":\"Centimeter\"}"}]}
RESULT: {"script":"<script> [1562 bytes]","args":[{"selector":{"controlType":"sap.m.StandardListItem","viewName":"reusables.view.manageresources.NewResourceUnit","viewId":"application-manageresources-display-component---newResourceUnit","properties":{"title":"Centimeter"},"searchOpenDialogs":true,"interaction":{"idSuffix":"titleText"}},"wdio_ui5_key":"reusablesview.manageresources.NewResourceUnitsap.m.StandardListItem{\"title\":\"Centimeter\"}"}]}
RESULT: undefined
COMMAND: POST /session/f66dc8af89e796c2a1bae8c13753431d/element - {"using":"xpath","value":"//*[@id=\"__item268\"]"}
RESULT: {"using":"xpath","value":"//*[@id=\"__item268\"]"}
COMMAND: POST /session/f66dc8af89e796c2a1bae8c13753431d/element/f.84C8CB8F07A11D6CD1349F372DFB42D6.d.D2CB2A3D52276CE02296C9190FF7A14D.e.7974/click - {}
RESULT: {}
COMMAND: GET /session/f66dc8af89e796c2a1bae8c13753431d/screenshot - {}
RESULT: {}
COMMAND: POST /session/f66dc8af89e796c2a1bae8c13753431d/execute/async - {"script":"<script> [1562 bytes]","args":[{"selector":{"id":"application-manageresources-display-component---newResourceUnit--newRRUPage-anchBar-application-manageresources-display-component---newResourceUnit--reference-anchor","interaction":{"idSuffix":"BDI-content"}},"wdio_ui5_key":"applicationmanageresources-display-component---newResourceUnit--newRRUPage-anchBar-application-manageresources-display-component---newResourceUnit--reference-anchor"}]}
RESULT: {"script":"<script> [1562 bytes]","args":[{"selector":{"id":"application-manageresources-display-component---newResourceUnit--newRRUPage-anchBar-application-manageresources-display-component---newResourceUnit--reference-anchor","interaction":{"idSuffix":"BDI-content"}},"wdio_ui5_key":"applicationmanageresources-display-component---newResourceUnit--newRRUPage-anchBar-application-manageresources-display-component---newResourceUnit--reference-anchor"}]}
RESULT: undefined
COMMAND: POST /session/f66dc8af89e796c2a1bae8c13753431d/element - {"using":"xpath","value":"//*[@id=\"application-manageresources-display-component---newResourceUnit--newRRUPage-anchBar-application-manageresources-display-component---newResourceUnit--reference-anchor\"]"}
RESULT: {"using":"xpath","value":"//*[@id=\"application-manageresources-display-component---newResourceUnit--newRRUPage-anchBar-application-manageresources-display-component---newResourceUnit--reference-anchor\"]"}
COMMAND: POST /session/f66dc8af89e796c2a1bae8c13753431d/element/f.84C8CB8F07A11D6CD1349F372DFB42D6.d.D2CB2A3D52276CE02296C9190FF7A14D.e.7976/click - {}
RESULT: {}
COMMAND: POST /session/f66dc8af89e796c2a1bae8c13753431d/execute/async - {"script":"<script> [1562 bytes]","args":[{"selector":{"id":"application-manageresources-display-component---newResourceUnit--PLANNING_GROUP-arrow"},"wdio_ui5_key":"applicationmanageresources-display-component---newResourceUnit--PLANNING_GROUP-arrow"}]}
COMMAND: GET /session/f66dc8af89e796c2a1bae8c13753431d/screenshot - {}
RESULT: {"script":"<script> [1562 bytes]","args":[{"selector":{"id":"application-manageresources-display-component---newResourceUnit--PLANNING_GROUP-arrow"},"wdio_ui5_key":"applicationmanageresources-display-component---newResourceUnit--PLANNING_GROUP-arrow"}]}
RESULT: undefined
COMMAND: POST /session/f66dc8af89e796c2a1bae8c13753431d/element - {"using":"xpath","value":"//*[@id=\"application-manageresources-display-component---newResourceUnit--PLANNING_GROUP-arrow\"]"}
RESULT: {}
RESULT: {"using":"xpath","value":"//*[@id=\"application-manageresources-display-component---newResourceUnit--PLANNING_GROUP-arrow\"]"}
COMMAND: POST /session/f66dc8af89e796c2a1bae8c13753431d/element/f.84C8CB8F07A11D6CD1349F372DFB42D6.d.D2CB2A3D52276CE02296C9190FF7A14D.e.7980/click - {}
RESULT: {}
COMMAND: POST /session/f66dc8af89e796c2a1bae8c13753431d/execute/async - {"script":"<script> [1562 bytes]","args":[{"selector":{"controlType":"sap.m.StandardListItem","viewName":"reusables.view.manageresources.NewResourceUnit","viewId":"application-manageresources-display-component---newResourceUnit","properties":{"title":"Heavy Equi"},"searchOpenDialogs":true,"interaction":{"idSuffix":"content"}},"wdio_ui5_key":"reusablesview.manageresources.NewResourceUnitsap.m.StandardListItem{\"title\":\"Heavy Equi\"}"}]}
COMMAND: GET /session/f66dc8af89e796c2a1bae8c13753431d/screenshot - {}
RESULT: {"script":"<script> [1562 bytes]","args":[{"selector":{"controlType":"sap.m.StandardListItem","viewName":"reusables.view.manageresources.NewResourceUnit","viewId":"application-manageresources-display-component---newResourceUnit","properties":{"title":"Heavy Equi"},"searchOpenDialogs":true,"interaction":{"idSuffix":"content"}},"wdio_ui5_key":"reusablesview.manageresources.NewResourceUnitsap.m.StandardListItem{\"title\":\"Heavy Equi\"}"}]}
RESULT: undefined
COMMAND: POST /session/f66dc8af89e796c2a1bae8c13753431d/element - {"using":"xpath","value":"//*[@id=\"__item276\"]"}
RESULT: {}
RESULT: {"using":"xpath","value":"//*[@id=\"__item276\"]"}
COMMAND: POST /session/f66dc8af89e796c2a1bae8c13753431d/element/f.84C8CB8F07A11D6CD1349F372DFB42D6.d.D2CB2A3D52276CE02296C9190FF7A14D.e.7982/click - {}
RESULT: {}
COMMAND: GET /session/f66dc8af89e796c2a1bae8c13753431d/screenshot - {}
RESULT: {}
COMMAND: POST /session/f66dc8af89e796c2a1bae8c13753431d/execute/async - {"script":"<script> [1562 bytes]","args":[{"selector":{"id":"application-manageresources-display-component---newResourceUnit--PLANNING_INDICATOR-arrow"},"wdio_ui5_key":"applicationmanageresources-display-component---newResourceUnit--PLANNING_INDICATOR-arrow"}]}
RESULT: {"script":"<script> [1562 bytes]","args":[{"selector":{"id":"application-manageresources-display-component---newResourceUnit--PLANNING_INDICATOR-arrow"},"wdio_ui5_key":"applicationmanageresources-display-component---newResourceUnit--PLANNING_INDICATOR-arrow"}]}
RESULT: undefined
COMMAND: POST /session/f66dc8af89e796c2a1bae8c13753431d/element - {"using":"xpath","value":"//*[@id=\"application-manageresources-display-component---newResourceUnit--PLANNING_INDICATOR-arrow\"]"}
RESULT: {"using":"xpath","value":"//*[@id=\"application-manageresources-display-component---newResourceUnit--PLANNING_INDICATOR-arrow\"]"}
COMMAND: POST /session/f66dc8af89e796c2a1bae8c13753431d/element/f.84C8CB8F07A11D6CD1349F372DFB42D6.d.D2CB2A3D52276CE02296C9190FF7A14D.e.7983/click - {}
RESULT: {}
COMMAND: POST /session/f66dc8af89e796c2a1bae8c13753431d/execute/async - {"script":"<script> [1562 bytes]","args":[{"selector":{"controlType":"sap.m.StandardListItem","viewName":"reusables.view.manageresources.NewResourceUnit","viewId":"application-manageresources-display-component---newResourceUnit","properties":{"title":"10 - infinite"},"searchOpenDialogs":true,"interaction":{"idSuffix":"content"}},"wdio_ui5_key":"reusablesview.manageresources.NewResourceUnitsap.m.StandardListItem{\"title\":\"10 - infinite\"}"}]}
COMMAND: GET /session/f66dc8af89e796c2a1bae8c13753431d/screenshot - {}
RESULT: {"script":"<script> [1562 bytes]","args":[{"selector":{"controlType":"sap.m.StandardListItem","viewName":"reusables.view.manageresources.NewResourceUnit","viewId":"application-manageresources-display-component---newResourceUnit","properties":{"title":"10 - infinite"},"searchOpenDialogs":true,"interaction":{"idSuffix":"content"}},"wdio_ui5_key":"reusablesview.manageresources.NewResourceUnitsap.m.StandardListItem{\"title\":\"10 - infinite\"}"}]}
RESULT: undefined
COMMAND: POST /session/f66dc8af89e796c2a1bae8c13753431d/element - {"using":"xpath","value":"//*[@id=\"__item286\"]"}
RESULT: {}
RESULT: {"using":"xpath","value":"//*[@id=\"__item286\"]"}
COMMAND: POST /session/f66dc8af89e796c2a1bae8c13753431d/element/f.84C8CB8F07A11D6CD1349F372DFB42D6.d.D2CB2A3D52276CE02296C9190FF7A14D.e.7985/click - {}
RESULT: {}
COMMAND: GET /session/f66dc8af89e796c2a1bae8c13753431d/screenshot - {}
RESULT: {}
COMMAND: POST /session/f66dc8af89e796c2a1bae8c13753431d/element - {"using":"xpath","value":"//bdi[contains(text(), \"Time Segment\")]"}
RESULT: {"using":"xpath","value":"//bdi[contains(text(), \"Time Segment\")]"}
COMMAND: GET /session/f66dc8af89e796c2a1bae8c13753431d/element/f.84C8CB8F07A11D6CD1349F372DFB42D6.d.D2CB2A3D52276CE02296C9190FF7A14D.e.7986/rect - {}
RESULT: {}
COMMAND: GET /session/f66dc8af89e796c2a1bae8c13753431d/window/rect - {}
RESULT: {}
COMMAND: POST /session/f66dc8af89e796c2a1bae8c13753431d/execute/sync - {"script":"<script> [92 bytes]","args":[]}
RESULT: {"script":"<script> [92 bytes]","args":[]}
COMMAND: POST /session/f66dc8af89e796c2a1bae8c13753431d/actions - {"actions":[{"id":"action18","type":"wheel","parameters":{},"actions":[{"type":"scroll","x":-1804,"y":-21,"deltaX":0,"deltaY":0,"duration":0,"origin":{"element-6066-11e4-a52e-4f735466cecf":"f.84C8CB8F07A11D6CD1349F372DFB42D6.d.D2CB2A3D52276CE02296C9190FF7A14D.e.7986"}}]}]}
COMMAND: GET /session/f66dc8af89e796c2a1bae8c13753431d/screenshot - {}
RESULT: {}
COMMAND: POST /session/f66dc8af89e796c2a1bae8c13753431d/execute/sync - {"script":"<script> [79 bytes]","args":[{"element-6066-11e4-a52e-4f735466cecf":"f.84C8CB8F07A11D6CD1349F372DFB42D6.d.D2CB2A3D52276CE02296C9190FF7A14D.e.7986","ELEMENT":"f.84C8CB8F07A11D6CD1349F372DFB42D6.d.D2CB2A3D52276CE02296C9190FF7A14D.e.7986"},{"block":"start","inline":"nearest"}]}
RESULT: {"script":"<script> [79 bytes]","args":[{"element-6066-11e4-a52e-4f735466cecf":"f.84C8CB8F07A11D6CD1349F372DFB42D6.d.D2CB2A3D52276CE02296C9190FF7A14D.e.7986","ELEMENT":"f.84C8CB8F07A11D6CD1349F372DFB42D6.d.D2CB2A3D52276CE02296C9190FF7A14D.e.7986"},{"block":"start","inline":"nearest"}]}
COMMAND: GET /session/f66dc8af89e796c2a1bae8c13753431d/screenshot - {}
RESULT: {}
COMMAND: POST /session/f66dc8af89e796c2a1bae8c13753431d/element - {"using":"xpath","value":"//span[@id=\"application-manageresources-display-component---newResourceUnit--btnAddTimeSegment-img\"]"}
RESULT: {"using":"xpath","value":"//span[@id=\"application-manageresources-display-component---newResourceUnit--btnAddTimeSegment-img\"]"}
COMMAND: POST /session/f66dc8af89e796c2a1bae8c13753431d/execute/sync - {"script":"<script> [8489 bytes]","args":[{"element-6066-11e4-a52e-4f735466cecf":"f.84C8CB8F07A11D6CD1349F372DFB42D6.d.D2CB2A3D52276CE02296C9190FF7A14D.e.7989","ELEMENT":"f.84C8CB8F07A11D6CD1349F372DFB42D6.d.D2CB2A3D52276CE02296C9190FF7A14D.e.7989"}]}
RESULT: {"script":"<script> [8489 bytes]","args":[{"element-6066-11e4-a52e-4f735466cecf":"f.84C8CB8F07A11D6CD1349F372DFB42D6.d.D2CB2A3D52276CE02296C9190FF7A14D.e.7989","ELEMENT":"f.84C8CB8F07A11D6CD1349F372DFB42D6.d.D2CB2A3D52276CE02296C9190FF7A14D.e.7989"}]}
COMMAND: POST /session/f66dc8af89e796c2a1bae8c13753431d/element/f.84C8CB8F07A11D6CD1349F372DFB42D6.d.D2CB2A3D52276CE02296C9190FF7A14D.e.7989/click - {}
COMMAND: GET /session/f66dc8af89e796c2a1bae8c13753431d/screenshot - {}
RESULT: {}
COMMAND: GET /session/f66dc8af89e796c2a1bae8c13753431d/screenshot - {}
RESULT: {}
COMMAND: POST /session/f66dc8af89e796c2a1bae8c13753431d/element - {"using":"xpath","value":"//input[@id=\"application-manageresources-display-component---newResourceUnit--idRuTSAdmin-application-manageresources-display-component---newResourceUnit--RUTimeSegment-0-inner\"]"}
RESULT: {}
RESULT: {"using":"xpath","value":"//input[@id=\"application-manageresources-display-component---newResourceUnit--idRuTSAdmin-application-manageresources-display-component---newResourceUnit--RUTimeSegment-0-inner\"]"}
COMMAND: POST /session/f66dc8af89e796c2a1bae8c13753431d/element/f.84C8CB8F07A11D6CD1349F372DFB42D6.d.D2CB2A3D52276CE02296C9190FF7A14D.e.7992/clear - {}
RESULT: {}
COMMAND: POST /session/f66dc8af89e796c2a1bae8c13753431d/element/f.84C8CB8F07A11D6CD1349F372DFB42D6.d.D2CB2A3D52276CE02296C9190FF7A14D.e.7992/value - {"text":"417"}
COMMAND: GET /session/f66dc8af89e796c2a1bae8c13753431d/screenshot - {}
RESULT: {"text":"417"}
COMMAND: GET /session/f66dc8af89e796c2a1bae8c13753431d/screenshot - {}
RESULT: {}
RESULT: {}
COMMAND: POST /session/f66dc8af89e796c2a1bae8c13753431d/actions - {"actions":[{"id":"action19","type":"key","parameters":{},"actions":[{"type":"keyDown","value":""},{"type":"pause","duration":10},{"type":"keyUp","value":""}]}]}
RESULT: {"actions":[{"id":"action19","type":"key","parameters":{},"actions":[{"type":"keyDown","value":""},{"type":"pause","duration":10},{"type":"keyUp","value":""}]}]}
COMMAND: POST /session/f66dc8af89e796c2a1bae8c13753431d/execute/async - {"script":"<script> [1562 bytes]","args":[{"selector":{"controlType":"sap.m.Button","viewName":"reusables.view.manageresources.NewResourceUnit","viewId":"application-manageresources-display-component---newResourceUnit","i18NText":{"propertyName":"tooltip","key":"save"},"interaction":{"idSuffix":"BDI-content"}},"wdio_ui5_key":"reusablesview.manageresources.NewResourceUnitsap.m.Button{\"propertyName\":\"tooltip\",\"key\":\"save\"}"}]}
COMMAND: GET /session/f66dc8af89e796c2a1bae8c13753431d/screenshot - {}
RESULT: {"script":"<script> [1562 bytes]","args":[{"selector":{"controlType":"sap.m.Button","viewName":"reusables.view.manageresources.NewResourceUnit","viewId":"application-manageresources-display-component---newResourceUnit","i18NText":{"propertyName":"tooltip","key":"save"},"interaction":{"idSuffix":"BDI-content"}},"wdio_ui5_key":"reusablesview.manageresources.NewResourceUnitsap.m.Button{\"propertyName\":\"tooltip\",\"key\":\"save\"}"}]}
RESULT: undefined
COMMAND: POST /session/f66dc8af89e796c2a1bae8c13753431d/element - {"using":"xpath","value":"//*[@id=\"application-manageresources-display-component---newResourceUnit--createRuButton\"]"}
RESULT: {}
RESULT: {"using":"xpath","value":"//*[@id=\"application-manageresources-display-component---newResourceUnit--createRuButton\"]"}
COMMAND: POST /session/f66dc8af89e796c2a1bae8c13753431d/element/f.84C8CB8F07A11D6CD1349F372DFB42D6.d.D2CB2A3D52276CE02296C9190FF7A14D.e.7854/click - {}
RESULT: {}
COMMAND: GET /session/f66dc8af89e796c2a1bae8c13753431d/screenshot - {}
RESULT: {}
COMMAND: POST /session/f66dc8af89e796c2a1bae8c13753431d/execute/async - {"script":"<script> [1562 bytes]","args":[{"selector":{"controlType":"sap.m.Title","properties":{"text":"Success"},"searchOpenDialogs":true},"wdio_ui5_key":"sapm.Title{\"text\":\"Success\"}"}]}
RESULT: {"script":"<script> [1562 bytes]","args":[{"selector":{"controlType":"sap.m.Title","properties":{"text":"Success"},"searchOpenDialogs":true},"wdio_ui5_key":"sapm.Title{\"text\":\"Success\"}"}]}
RESULT: undefined
COMMAND: POST /session/f66dc8af89e796c2a1bae8c13753431d/execute/async - {"script":"<script> [6424 bytes]","args":[{"element-6066-11e4-a52e-4f735466cecf":"f.84C8CB8F07A11D6CD1349F372DFB42D6.d.D2CB2A3D52276CE02296C9190FF7A14D.e.8007"},"getText",[]]}
RESULT: {"script":"<script> [6424 bytes]","args":[{"element-6066-11e4-a52e-4f735466cecf":"f.84C8CB8F07A11D6CD1349F372DFB42D6.d.D2CB2A3D52276CE02296C9190FF7A14D.e.8007"},"getText",[]]}
COMMAND: POST /session/f66dc8af89e796c2a1bae8c13753431d/element - {"using":"xpath","value":"//*[contains(@id, '__text') and (contains(text(), 'successfully created') or contains(., 'successfully created'))]"}
RESULT: {"using":"xpath","value":"//*[contains(@id, '__text') and (contains(text(), 'successfully created') or contains(., 'successfully created'))]"}
COMMAND: GET /session/f66dc8af89e796c2a1bae8c13753431d/element/f.84C8CB8F07A11D6CD1349F372DFB42D6.d.D2CB2A3D52276CE02296C9190FF7A14D.e.8006/text - {}
RESULT: {}
COMMAND: POST /session/f66dc8af89e796c2a1bae8c13753431d/execute/async - {"script":"<script> [1562 bytes]","args":[{"selector":{"controlType":"sap.m.Button","properties":{"text":"Close"},"searchOpenDialogs":true,"interaction":{"idSuffix":"BDI-content"}},"wdio_ui5_key":"sapm.Button{\"text\":\"Close\"}"}]}
RESULT: {"script":"<script> [1562 bytes]","args":[{"selector":{"controlType":"sap.m.Button","properties":{"text":"Close"},"searchOpenDialogs":true,"interaction":{"idSuffix":"BDI-content"}},"wdio_ui5_key":"sapm.Button{\"text\":\"Close\"}"}]}
RESULT: undefined
COMMAND: POST /session/f66dc8af89e796c2a1bae8c13753431d/element - {"using":"xpath","value":"//*[@id=\"__mbox-btn-0\"]"}
RESULT: {"using":"xpath","value":"//*[@id=\"__mbox-btn-0\"]"}
COMMAND: POST /session/f66dc8af89e796c2a1bae8c13753431d/element/f.84C8CB8F07A11D6CD1349F372DFB42D6.d.D2CB2A3D52276CE02296C9190FF7A14D.e.8003/click - {}
RESULT: {}
COMMAND: GET /session/f66dc8af89e796c2a1bae8c13753431d/screenshot - {}
RESULT: {}
COMMAND: POST /session/f66dc8af89e796c2a1bae8c13753431d/execute/async - {"script":"<script> [1562 bytes]","args":[{"selector":{"controlType":"sap.ui.core.Icon","viewName":"etm.portal.ui.manageresources.view.Detail","viewId":"application-manageresources-display-component---detailRU","properties":{"src":{"regex":{"source":"overflow"}}}},"wdio_ui5_key":"etmportal.ui.manageresources.view.Detailsap.ui.core.Icon{\"src\":{\"regex\":{\"source\":\"overflow\"}}}"}]}
RESULT: {"script":"<script> [1562 bytes]","args":[{"selector":{"controlType":"sap.ui.core.Icon","viewName":"etm.portal.ui.manageresources.view.Detail","viewId":"application-manageresources-display-component---detailRU","properties":{"src":{"regex":{"source":"overflow"}}}},"wdio_ui5_key":"etmportal.ui.manageresources.view.Detailsap.ui.core.Icon{\"src\":{\"regex\":{\"source\":\"overflow\"}}}"}]}
RESULT: undefined
COMMAND: POST /session/f66dc8af89e796c2a1bae8c13753431d/element - {"using":"xpath","value":"//*[@id=\"__title15-_actionsToolbar-overflowButton-img\"]"}
RESULT: {"using":"xpath","value":"//*[@id=\"__title15-_actionsToolbar-overflowButton-img\"]"}
COMMAND: POST /session/f66dc8af89e796c2a1bae8c13753431d/element/f.84C8CB8F07A11D6CD1349F372DFB42D6.d.D2CB2A3D52276CE02296C9190FF7A14D.e.8034/click - {}
RESULT: {}
COMMAND: POST /session/f66dc8af89e796c2a1bae8c13753431d/execute/async - {"script":"<script> [1562 bytes]","args":[{"selector":{"controlType":"sap.m.Button","viewName":"etm.portal.ui.manageresources.view.Detail","viewId":"application-manageresources-display-component---detailRU","i18NText":{"propertyName":"tooltip","key":"closeColumn"},"searchOpenDialogs":true,"interaction":{"idSuffix":"inner"}},"wdio_ui5_key":"etmportal.ui.manageresources.view.Detailsap.m.Button{\"propertyName\":\"tooltip\",\"key\":\"closeColumn\"}"}]}
COMMAND: GET /session/f66dc8af89e796c2a1bae8c13753431d/screenshot - {}
RESULT: {"script":"<script> [1562 bytes]","args":[{"selector":{"controlType":"sap.m.Button","viewName":"etm.portal.ui.manageresources.view.Detail","viewId":"application-manageresources-display-component---detailRU","i18NText":{"propertyName":"tooltip","key":"closeColumn"},"searchOpenDialogs":true,"interaction":{"idSuffix":"inner"}},"wdio_ui5_key":"etmportal.ui.manageresources.view.Detailsap.m.Button{\"propertyName\":\"tooltip\",\"key\":\"closeColumn\"}"}]}
RESULT: undefined
COMMAND: POST /session/f66dc8af89e796c2a1bae8c13753431d/element - {"using":"xpath","value":"//*[@id=\"__button45\"]"}
RESULT: {}
RESULT: {"using":"xpath","value":"//*[@id=\"__button45\"]"}
COMMAND: POST /session/f66dc8af89e796c2a1bae8c13753431d/element/f.84C8CB8F07A11D6CD1349F372DFB42D6.d.D2CB2A3D52276CE02296C9190FF7A14D.e.8036/click - {}
RESULT: {}
COMMAND: GET /session/f66dc8af89e796c2a1bae8c13753431d/screenshot - {}
COMMAND: POST /session/f66dc8af89e796c2a1bae8c13753431d/element - {"using":"css selector","value":"#j_username"}
COMMAND: POST /session/f66dc8af89e796c2a1bae8c13753431d/url - {"url":"https://qa-testing-00-live-etm-ui.cfapps.eu10-004.hana.ondemand.com/"}
RESULT: {}
RESULT: {"url":"https://qa-testing-00-live-etm-ui.cfapps.eu10-004.hana.ondemand.com/"}
RESULT: undefined
COMMAND: GET /session/f66dc8af89e796c2a1bae8c13753431d/screenshot - {}
RESULT: {"using":"css selector","value":"#j_username"}
COMMAND: POST /session/f66dc8af89e796c2a1bae8c13753431d/element - {"using":"css selector","value":"#j_username"}
RESULT: {}
RESULT: {"using":"css selector","value":"#j_username"}
COMMAND: POST /session/f66dc8af89e796c2a1bae8c13753431d/element - {"using":"css selector","value":"#shell-header-logo"}
RESULT: {"using":"css selector","value":"#shell-header-logo"}
COMMAND: POST /session/f66dc8af89e796c2a1bae8c13753431d/execute/sync - {"script":"<script> [8489 bytes]","args":[{"element-6066-11e4-a52e-4f735466cecf":"f.84C8CB8F07A11D6CD1349F372DFB42D6.d.EADB5A38A9519A26C0C70239A09B3A09.e.8175","ELEMENT":"f.84C8CB8F07A11D6CD1349F372DFB42D6.d.EADB5A38A9519A26C0C70239A09B3A09.e.8175"}]}
RESULT: {"script":"<script> [8489 bytes]","args":[{"element-6066-11e4-a52e-4f735466cecf":"f.84C8CB8F07A11D6CD1349F372DFB42D6.d.EADB5A38A9519A26C0C70239A09B3A09.e.8175","ELEMENT":"f.84C8CB8F07A11D6CD1349F372DFB42D6.d.EADB5A38A9519A26C0C70239A09B3A09.e.8175"}]}
COMMAND: POST /session/f66dc8af89e796c2a1bae8c13753431d/element - {"using":"css selector","value":"#shell-header-logo"}
COMMAND: GET /session/f66dc8af89e796c2a1bae8c13753431d/screenshot - {}
RESULT: {"using":"css selector","value":"#shell-header-logo"}
COMMAND: POST /session/f66dc8af89e796c2a1bae8c13753431d/execute/sync - {"script":"<script> [8489 bytes]","args":[{"element-6066-11e4-a52e-4f735466cecf":"f.84C8CB8F07A11D6CD1349F372DFB42D6.d.EADB5A38A9519A26C0C70239A09B3A09.e.8175","ELEMENT":"f.84C8CB8F07A11D6CD1349F372DFB42D6.d.EADB5A38A9519A26C0C70239A09B3A09.e.8175"}]}
RESULT: {}
RESULT: {"script":"<script> [8489 bytes]","args":[{"element-6066-11e4-a52e-4f735466cecf":"f.84C8CB8F07A11D6CD1349F372DFB42D6.d.EADB5A38A9519A26C0C70239A09B3A09.e.8175","ELEMENT":"f.84C8CB8F07A11D6CD1349F372DFB42D6.d.EADB5A38A9519A26C0C70239A09B3A09.e.8175"}]}
COMMAND: POST /session/f66dc8af89e796c2a1bae8c13753431d/execute/sync - {"script":"<script> [5351 bytes]","args":[{"element-6066-11e4-a52e-4f735466cecf":"f.84C8CB8F07A11D6CD1349F372DFB42D6.d.EADB5A38A9519A26C0C70239A09B3A09.e.8175","ELEMENT":"f.84C8CB8F07A11D6CD1349F372DFB42D6.d.EADB5A38A9519A26C0C70239A09B3A09.e.8175"}]}
COMMAND: GET /session/f66dc8af89e796c2a1bae8c13753431d/screenshot - {}
RESULT: {"script":"<script> [5351 bytes]","args":[{"element-6066-11e4-a52e-4f735466cecf":"f.84C8CB8F07A11D6CD1349F372DFB42D6.d.EADB5A38A9519A26C0C70239A09B3A09.e.8175","ELEMENT":"f.84C8CB8F07A11D6CD1349F372DFB42D6.d.EADB5A38A9519A26C0C70239A09B3A09.e.8175"}]}
COMMAND: POST /session/f66dc8af89e796c2a1bae8c13753431d/element - {"using":"css selector","value":"#shell-header-logo"}
COMMAND: GET /session/f66dc8af89e796c2a1bae8c13753431d/screenshot - {}
RESULT: {}
RESULT: {"using":"css selector","value":"#shell-header-logo"}
COMMAND: POST /session/f66dc8af89e796c2a1bae8c13753431d/element/f.84C8CB8F07A11D6CD1349F372DFB42D6.d.EADB5A38A9519A26C0C70239A09B3A09.e.8175/click - {}
RESULT: {}
RESULT: {}
COMMAND: GET /session/f66dc8af89e796c2a1bae8c13753431d/screenshot - {}
RESULT: {}
COMMAND: POST /session/f66dc8af89e796c2a1bae8c13753431d/execute/async - {"script":"<script> [189 bytes]","args":[]}
RESULT: {"script":"<script> [189 bytes]","args":[]}
COMMAND: POST /session/f66dc8af89e796c2a1bae8c13753431d/execute/async - {"script":"<script> [123 bytes]","args":[]}
RESULT: {"script":"<script> [123 bytes]","args":[]}
COMMAND: POST /session/f66dc8af89e796c2a1bae8c13753431d/timeouts - {"script":"<number>"}
RESULT: {"script":"<number>"}
COMMAND: GET /session/f66dc8af89e796c2a1bae8c13753431d/timeouts - {}
RESULT: {}
RESULT: undefined
COMMAND: POST /session/f66dc8af89e796c2a1bae8c13753431d/execute/async - {"script":"<script> [2676 bytes]","args":[]}
RESULT: {"script":"<script> [2676 bytes]","args":[]}
COMMAND: POST /session/f66dc8af89e796c2a1bae8c13753431d/execute/async - {"script":"<script> [2342 bytes]","args":[{"protocol":"http","hostname":"0.0.0.0","path":"/","capabilities":{"browserName":"chrome","goog:chromeOptions":{"binary":"C:\\Program Files\\Google\\Chrome\\Application\\chrome.exe","args":["--start-maximized"]}},"logLevel":"warn","connectionRetryTimeout":120000,"connectionRetryCount":3,"logLevels":{},"enableDirectConnect":true,"strictSSL":true,"_":"65 more keys: [\"cacheDir\",\"port\",\"requestedCapabilities\",\"automationProtocol\",\"baseUrl\",\"waitforInterval\",\"waitforTimeout\",\"onReload\",\"beforeCommand\",\"afterCommand\",\"rootDir\",\"specs\",\"suites\",\"exclude\",\"groupLogsByTestSpec\",\"excludeDriverLogs\",\"bail\",\"framework\",\"reporters\",\"services\",\"maxInstances\",\"maxInstancesPerCapability\",\"injectGlobals\",\"filesToWatch\",\"execArgv\",\"runnerEnv\",\"runner\",\"shard\",\"specFileRetries\",\"specFileRetriesDelay\",\"specFileRetriesDeferred\",\"reporterSyncInterval\",\"reporterSyncTimeout\",\"cucumberFeaturesWithLineNumbers\",\"autoCompileOpts\",\"mochaOpts\",\"jasmineOpts\",\"cucumberOpts\",\"onPrepare\",\"onWorkerStart\",\"onWorkerEnd\",\"before\",\"beforeSession\",\"beforeSuite\",\"beforeHook\",\"beforeTest\",\"afterTest\",\"afterHook\",\"afterSuite\",\"afterSession\",\"after\",\"onComplete\",\"beforeAssertion\",\"afterAssertion\",\"beforeFeature\",\"beforeScenario\",\"beforeStep\",\"afterStep\",\"afterScenario\",\"afterFeature\",\"_\",\"suite\",\"$0\",\"ignoredWorkerServices\",\"wdi5\"]"}]}
RESULT: {"script":"<script> [2342 bytes]","args":[{"protocol":"http","hostname":"0.0.0.0","path":"/","capabilities":{"browserName":"chrome","goog:chromeOptions":{"binary":"C:\\Program Files\\Google\\Chrome\\Application\\chrome.exe","args":["--start-maximized"]}},"logLevel":"warn","connectionRetryTimeout":120000,"connectionRetryCount":3,"logLevels":{},"enableDirectConnect":true,"strictSSL":true,"_":"65 more keys: [\"cacheDir\",\"port\",\"requestedCapabilities\",\"automationProtocol\",\"baseUrl\",\"waitforInterval\",\"waitforTimeout\",\"onReload\",\"beforeCommand\",\"afterCommand\",\"rootDir\",\"specs\",\"suites\",\"exclude\",\"groupLogsByTestSpec\",\"excludeDriverLogs\",\"bail\",\"framework\",\"reporters\",\"services\",\"maxInstances\",\"maxInstancesPerCapability\",\"injectGlobals\",\"filesToWatch\",\"execArgv\",\"runnerEnv\",\"runner\",\"shard\",\"specFileRetries\",\"specFileRetriesDelay\",\"specFileRetriesDeferred\",\"reporterSyncInterval\",\"reporterSyncTimeout\",\"cucumberFeaturesWithLineNumbers\",\"autoCompileOpts\",\"mochaOpts\",\"jasmineOpts\",\"cucumberOpts\",\"onPrepare\",\"onWorkerStart\",\"onWorkerEnd\",\"before\",\"beforeSession\",\"beforeSuite\",\"beforeHook\",\"beforeTest\",\"afterTest\",\"afterHook\",\"afterSuite\",\"afterSession\",\"after\",\"onComplete\",\"beforeAssertion\",\"afterAssertion\",\"beforeFeature\",\"beforeScenario\",\"beforeStep\",\"afterStep\",\"afterScenario\",\"afterFeature\",\"_\",\"suite\",\"$0\",\"ignoredWorkerServices\",\"wdi5\"]"}]}
COMMAND: POST /session/f66dc8af89e796c2a1bae8c13753431d/execute/async - {"script":"<script> [21126 bytes]","args":[35000]}
RESULT: {"script":"<script> [21126 bytes]","args":[35000]}
COMMAND: POST /session/f66dc8af89e796c2a1bae8c13753431d/window/maximize - {}
RESULT: {}
COMMAND: POST /session/f66dc8af89e796c2a1bae8c13753431d/execute/async - {"script":"<script> [1562 bytes]","args":[{"selector":{"id":"shell-header","interaction":{"idSuffix":"icon"}},"wdio_ui5_key":"shellheader"}]}
COMMAND: GET /session/f66dc8af89e796c2a1bae8c13753431d/screenshot - {}
RESULT: {"script":"<script> [1562 bytes]","args":[{"selector":{"id":"shell-header","interaction":{"idSuffix":"icon"}},"wdio_ui5_key":"shellheader"}]}
RESULT: undefined
]]></system-out>
    </testcase>
  </testsuite>
  <testsuite timestamp="2025-05-28T15:38:38" time="266.338" tests="1" failures="0" errors="0" skipped="0">
    <properties>
      <property name="specId" value="0"/>
      <property name="suiteName" value="create-equipment"/>
      <property name="capabilities" value="chrome.136_0_7103_93.windows"/>
      <property name="file" value="file:///D:/a/1/s/test/specs/R2C/create-equipment.spec.js"/>
    </properties>
    <testcase classname="chrome.136_0_7103_93.windows.create-equipment" name="create equipment" time="251.571">
      <system-out><![CDATA[
COMMAND: POST /session/f66dc8af89e796c2a1bae8c13753431d/execute/async - {"script":"<script> [1562 bytes]","args":[{"selector":{"controlType":"sap.m.GenericTile","properties":{"header":"Manage Resources"}},"wdio_ui5_key":"sapm.GenericTile{\"header\":\"Manage Resources\"}"}]}
RESULT: {}
RESULT: {"script":"<script> [1562 bytes]","args":[{"selector":{"controlType":"sap.m.GenericTile","properties":{"header":"Manage Resources"}},"wdio_ui5_key":"sapm.GenericTile{\"header\":\"Manage Resources\"}"}]}
RESULT: undefined
COMMAND: POST /session/f66dc8af89e796c2a1bae8c13753431d/element - {"using":"xpath","value":"//*[@id=\"__tile31\"]"}
RESULT: {"using":"xpath","value":"//*[@id=\"__tile31\"]"}
COMMAND: POST /session/f66dc8af89e796c2a1bae8c13753431d/element/f.84C8CB8F07A11D6CD1349F372DFB42D6.d.EADB5A38A9519A26C0C70239A09B3A09.e.8198/click - {}
RESULT: {}
COMMAND: GET /session/f66dc8af89e796c2a1bae8c13753431d/screenshot - {}
RESULT: {}
COMMAND: POST /session/f66dc8af89e796c2a1bae8c13753431d/elements - {"using":"xpath","value":"//span[text()='Error']"}
RESULT: {"using":"xpath","value":"//span[text()='Error']"}
COMMAND: POST /session/f66dc8af89e796c2a1bae8c13753431d/element - {"using":"xpath","value":"//button[@data-kt=\"addNewRUOverflowToolbarButton\"]"}
RESULT: {"using":"xpath","value":"//button[@data-kt=\"addNewRUOverflowToolbarButton\"]"}
COMMAND: POST /session/f66dc8af89e796c2a1bae8c13753431d/execute/sync - {"script":"<script> [8489 bytes]","args":[{"element-6066-11e4-a52e-4f735466cecf":"f.84C8CB8F07A11D6CD1349F372DFB42D6.d.EADB5A38A9519A26C0C70239A09B3A09.e.8334","ELEMENT":"f.84C8CB8F07A11D6CD1349F372DFB42D6.d.EADB5A38A9519A26C0C70239A09B3A09.e.8334"}]}
RESULT: {"script":"<script> [8489 bytes]","args":[{"element-6066-11e4-a52e-4f735466cecf":"f.84C8CB8F07A11D6CD1349F372DFB42D6.d.EADB5A38A9519A26C0C70239A09B3A09.e.8334","ELEMENT":"f.84C8CB8F07A11D6CD1349F372DFB42D6.d.EADB5A38A9519A26C0C70239A09B3A09.e.8334"}]}
COMMAND: POST /session/f66dc8af89e796c2a1bae8c13753431d/element/f.84C8CB8F07A11D6CD1349F372DFB42D6.d.EADB5A38A9519A26C0C70239A09B3A09.e.8334/click - {}
COMMAND: GET /session/f66dc8af89e796c2a1bae8c13753431d/screenshot - {}
RESULT: {}
COMMAND: GET /session/f66dc8af89e796c2a1bae8c13753431d/screenshot - {}
RESULT: {}
RESULT: {}
COMMAND: POST /session/f66dc8af89e796c2a1bae8c13753431d/execute/async - {"script":"<script> [1562 bytes]","args":[{"selector":{"controlType":"sap.m.ComboBox","viewName":"reusables.view.manageresources.NewResourceUnit","viewId":"application-manageresources-display-component---newResourceUnit","bindingPath":{"path":"","propertyPath":"/RuTypes","modelName":"catalogModel"},"searchOpenDialogs":true},"wdio_ui5_key":"reusablesview.manageresources.NewResourceUnitsap.m.ComboBox{\"path\":\"\",\"propertyPath\":\"/RuTypes\",\"modelName\":\"catalogModel\"}"}]}
RESULT: {"script":"<script> [1562 bytes]","args":[{"selector":{"controlType":"sap.m.ComboBox","viewName":"reusables.view.manageresources.NewResourceUnit","viewId":"application-manageresources-display-component---newResourceUnit","bindingPath":{"path":"","propertyPath":"/RuTypes","modelName":"catalogModel"},"searchOpenDialogs":true},"wdio_ui5_key":"reusablesview.manageresources.NewResourceUnitsap.m.ComboBox{\"path\":\"\",\"propertyPath\":\"/RuTypes\",\"modelName\":\"catalogModel\"}"}]}
RESULT: undefined
COMMAND: POST /session/f66dc8af89e796c2a1bae8c13753431d/execute/async - {"script":"<script> [1562 bytes]","args":[{"selector":{"controlType":"sap.m.ComboBox","viewName":"reusables.view.manageresources.NewResourceUnit","viewId":"application-manageresources-display-component---newResourceUnit","bindingPath":{"path":"","propertyPath":"/Yards","modelName":"catalogModel"},"searchOpenDialogs":true},"wdio_ui5_key":"reusablesview.manageresources.NewResourceUnitsap.m.ComboBox{\"path\":\"\",\"propertyPath\":\"/Yards\",\"modelName\":\"catalogModel\"}"}]}
RESULT: {"script":"<script> [1562 bytes]","args":[{"selector":{"controlType":"sap.m.ComboBox","viewName":"reusables.view.manageresources.NewResourceUnit","viewId":"application-manageresources-display-component---newResourceUnit","bindingPath":{"path":"","propertyPath":"/Yards","modelName":"catalogModel"},"searchOpenDialogs":true},"wdio_ui5_key":"reusablesview.manageresources.NewResourceUnitsap.m.ComboBox{\"path\":\"\",\"propertyPath\":\"/Yards\",\"modelName\":\"catalogModel\"}"}]}
RESULT: undefined
COMMAND: POST /session/f66dc8af89e796c2a1bae8c13753431d/execute/async - {"script":"<script> [1562 bytes]","args":[{"selector":{"controlType":"etm.portal.ui.reusables.customControls.LiveSearchComboBox","viewName":"reusables.view.manageresources.NewResourceUnit","viewId":"application-manageresources-display-component---newResourceUnit","bindingPath":{"path":"","propertyPath":"/CatalogItems","modelName":"catalogModel"},"searchOpenDialogs":true},"wdio_ui5_key":"reusablesview.manageresources.NewResourceUnitetm.portal.ui.reusables.customControls.LiveSearchComboBox{\"path\":\"\",\"propertyPath\":\"/CatalogItems\",\"modelName\":\"catalogModel\"}"}]}
RESULT: {"script":"<script> [1562 bytes]","args":[{"selector":{"controlType":"etm.portal.ui.reusables.customControls.LiveSearchComboBox","viewName":"reusables.view.manageresources.NewResourceUnit","viewId":"application-manageresources-display-component---newResourceUnit","bindingPath":{"path":"","propertyPath":"/CatalogItems","modelName":"catalogModel"},"searchOpenDialogs":true},"wdio_ui5_key":"reusablesview.manageresources.NewResourceUnitetm.portal.ui.reusables.customControls.LiveSearchComboBox{\"path\":\"\",\"propertyPath\":\"/CatalogItems\",\"modelName\":\"catalogModel\"}"}]}
RESULT: undefined
COMMAND: POST /session/f66dc8af89e796c2a1bae8c13753431d/element - {"using":"xpath","value":"//bdi[text()=\"OK\"]"}
RESULT: {"using":"xpath","value":"//bdi[text()=\"OK\"]"}
COMMAND: POST /session/f66dc8af89e796c2a1bae8c13753431d/elements - {"using":"xpath","value":"//bdi[text()=\"OK\"]"}
RESULT: {"using":"xpath","value":"//bdi[text()=\"OK\"]"}
COMMAND: POST /session/f66dc8af89e796c2a1bae8c13753431d/elements - {"using":"xpath","value":"//bdi[text()=\"OK\"]"}
RESULT: {"using":"xpath","value":"//bdi[text()=\"OK\"]"}
COMMAND: POST /session/f66dc8af89e796c2a1bae8c13753431d/elements - {"using":"xpath","value":"//bdi[text()=\"OK\"]"}
RESULT: {"using":"xpath","value":"//bdi[text()=\"OK\"]"}
COMMAND: POST /session/f66dc8af89e796c2a1bae8c13753431d/elements - {"using":"xpath","value":"//bdi[text()=\"OK\"]"}
RESULT: {"using":"xpath","value":"//bdi[text()=\"OK\"]"}
COMMAND: POST /session/f66dc8af89e796c2a1bae8c13753431d/elements - {"using":"xpath","value":"//bdi[text()=\"OK\"]"}
RESULT: {"using":"xpath","value":"//bdi[text()=\"OK\"]"}
COMMAND: POST /session/f66dc8af89e796c2a1bae8c13753431d/elements - {"using":"xpath","value":"//bdi[text()=\"OK\"]"}
RESULT: {"using":"xpath","value":"//bdi[text()=\"OK\"]"}
COMMAND: POST /session/f66dc8af89e796c2a1bae8c13753431d/elements - {"using":"xpath","value":"//bdi[text()=\"OK\"]"}
RESULT: {"using":"xpath","value":"//bdi[text()=\"OK\"]"}
COMMAND: POST /session/f66dc8af89e796c2a1bae8c13753431d/elements - {"using":"xpath","value":"//bdi[text()=\"OK\"]"}
RESULT: {"using":"xpath","value":"//bdi[text()=\"OK\"]"}
COMMAND: POST /session/f66dc8af89e796c2a1bae8c13753431d/elements - {"using":"xpath","value":"//bdi[text()=\"OK\"]"}
RESULT: {"using":"xpath","value":"//bdi[text()=\"OK\"]"}
COMMAND: POST /session/f66dc8af89e796c2a1bae8c13753431d/elements - {"using":"xpath","value":"//bdi[text()=\"OK\"]"}
RESULT: {"using":"xpath","value":"//bdi[text()=\"OK\"]"}
COMMAND: POST /session/f66dc8af89e796c2a1bae8c13753431d/elements - {"using":"xpath","value":"//bdi[text()=\"OK\"]"}
RESULT: {"using":"xpath","value":"//bdi[text()=\"OK\"]"}
COMMAND: POST /session/f66dc8af89e796c2a1bae8c13753431d/elements - {"using":"xpath","value":"//bdi[text()=\"OK\"]"}
RESULT: {"using":"xpath","value":"//bdi[text()=\"OK\"]"}
COMMAND: POST /session/f66dc8af89e796c2a1bae8c13753431d/elements - {"using":"xpath","value":"//bdi[text()=\"OK\"]"}
RESULT: {"using":"xpath","value":"//bdi[text()=\"OK\"]"}
COMMAND: POST /session/f66dc8af89e796c2a1bae8c13753431d/elements - {"using":"xpath","value":"//bdi[text()=\"OK\"]"}
RESULT: {"using":"xpath","value":"//bdi[text()=\"OK\"]"}
COMMAND: POST /session/f66dc8af89e796c2a1bae8c13753431d/elements - {"using":"xpath","value":"//bdi[text()=\"OK\"]"}
RESULT: {"using":"xpath","value":"//bdi[text()=\"OK\"]"}
COMMAND: POST /session/f66dc8af89e796c2a1bae8c13753431d/elements - {"using":"xpath","value":"//bdi[text()=\"OK\"]"}
RESULT: {"using":"xpath","value":"//bdi[text()=\"OK\"]"}
COMMAND: POST /session/f66dc8af89e796c2a1bae8c13753431d/elements - {"using":"xpath","value":"//bdi[text()=\"OK\"]"}
RESULT: {"using":"xpath","value":"//bdi[text()=\"OK\"]"}
COMMAND: POST /session/f66dc8af89e796c2a1bae8c13753431d/elements - {"using":"xpath","value":"//bdi[text()=\"OK\"]"}
RESULT: {"using":"xpath","value":"//bdi[text()=\"OK\"]"}
COMMAND: POST /session/f66dc8af89e796c2a1bae8c13753431d/elements - {"using":"xpath","value":"//bdi[text()=\"OK\"]"}
RESULT: {"using":"xpath","value":"//bdi[text()=\"OK\"]"}
COMMAND: POST /session/f66dc8af89e796c2a1bae8c13753431d/elements - {"using":"xpath","value":"//bdi[text()=\"OK\"]"}
RESULT: {"using":"xpath","value":"//bdi[text()=\"OK\"]"}
COMMAND: POST /session/f66dc8af89e796c2a1bae8c13753431d/elements - {"using":"xpath","value":"//bdi[text()=\"OK\"]"}
RESULT: {"using":"xpath","value":"//bdi[text()=\"OK\"]"}
COMMAND: POST /session/f66dc8af89e796c2a1bae8c13753431d/elements - {"using":"xpath","value":"//bdi[text()=\"OK\"]"}
RESULT: {"using":"xpath","value":"//bdi[text()=\"OK\"]"}
COMMAND: POST /session/f66dc8af89e796c2a1bae8c13753431d/elements - {"using":"xpath","value":"//bdi[text()=\"OK\"]"}
RESULT: {"using":"xpath","value":"//bdi[text()=\"OK\"]"}
COMMAND: POST /session/f66dc8af89e796c2a1bae8c13753431d/elements - {"using":"xpath","value":"//bdi[text()=\"OK\"]"}
RESULT: {"using":"xpath","value":"//bdi[text()=\"OK\"]"}
COMMAND: POST /session/f66dc8af89e796c2a1bae8c13753431d/elements - {"using":"xpath","value":"//bdi[text()=\"OK\"]"}
RESULT: {"using":"xpath","value":"//bdi[text()=\"OK\"]"}
COMMAND: POST /session/f66dc8af89e796c2a1bae8c13753431d/elements - {"using":"xpath","value":"//bdi[text()=\"OK\"]"}
RESULT: {"using":"xpath","value":"//bdi[text()=\"OK\"]"}
COMMAND: POST /session/f66dc8af89e796c2a1bae8c13753431d/elements - {"using":"xpath","value":"//bdi[text()=\"OK\"]"}
RESULT: {"using":"xpath","value":"//bdi[text()=\"OK\"]"}
COMMAND: POST /session/f66dc8af89e796c2a1bae8c13753431d/elements - {"using":"xpath","value":"//bdi[text()=\"OK\"]"}
RESULT: {"using":"xpath","value":"//bdi[text()=\"OK\"]"}
COMMAND: POST /session/f66dc8af89e796c2a1bae8c13753431d/elements - {"using":"xpath","value":"//bdi[text()=\"OK\"]"}
RESULT: {"using":"xpath","value":"//bdi[text()=\"OK\"]"}
COMMAND: POST /session/f66dc8af89e796c2a1bae8c13753431d/elements - {"using":"xpath","value":"//bdi[text()=\"OK\"]"}
RESULT: {"using":"xpath","value":"//bdi[text()=\"OK\"]"}
COMMAND: POST /session/f66dc8af89e796c2a1bae8c13753431d/elements - {"using":"xpath","value":"//bdi[text()=\"OK\"]"}
RESULT: {"using":"xpath","value":"//bdi[text()=\"OK\"]"}
COMMAND: POST /session/f66dc8af89e796c2a1bae8c13753431d/elements - {"using":"xpath","value":"//bdi[text()=\"OK\"]"}
RESULT: {"using":"xpath","value":"//bdi[text()=\"OK\"]"}
COMMAND: POST /session/f66dc8af89e796c2a1bae8c13753431d/elements - {"using":"xpath","value":"//bdi[text()=\"OK\"]"}
RESULT: {"using":"xpath","value":"//bdi[text()=\"OK\"]"}
COMMAND: POST /session/f66dc8af89e796c2a1bae8c13753431d/elements - {"using":"xpath","value":"//bdi[text()=\"OK\"]"}
RESULT: {"using":"xpath","value":"//bdi[text()=\"OK\"]"}
COMMAND: POST /session/f66dc8af89e796c2a1bae8c13753431d/elements - {"using":"xpath","value":"//bdi[text()=\"OK\"]"}
RESULT: {"using":"xpath","value":"//bdi[text()=\"OK\"]"}
COMMAND: POST /session/f66dc8af89e796c2a1bae8c13753431d/elements - {"using":"xpath","value":"//bdi[text()=\"OK\"]"}
RESULT: {"using":"xpath","value":"//bdi[text()=\"OK\"]"}
COMMAND: POST /session/f66dc8af89e796c2a1bae8c13753431d/elements - {"using":"xpath","value":"//bdi[text()=\"OK\"]"}
RESULT: {"using":"xpath","value":"//bdi[text()=\"OK\"]"}
COMMAND: POST /session/f66dc8af89e796c2a1bae8c13753431d/elements - {"using":"xpath","value":"//bdi[text()=\"OK\"]"}
RESULT: {"using":"xpath","value":"//bdi[text()=\"OK\"]"}
COMMAND: POST /session/f66dc8af89e796c2a1bae8c13753431d/elements - {"using":"xpath","value":"//bdi[text()=\"OK\"]"}
RESULT: {"using":"xpath","value":"//bdi[text()=\"OK\"]"}
COMMAND: POST /session/f66dc8af89e796c2a1bae8c13753431d/elements - {"using":"xpath","value":"//bdi[text()=\"OK\"]"}
RESULT: {"using":"xpath","value":"//bdi[text()=\"OK\"]"}
COMMAND: POST /session/f66dc8af89e796c2a1bae8c13753431d/elements - {"using":"xpath","value":"//bdi[text()=\"OK\"]"}
RESULT: {"using":"xpath","value":"//bdi[text()=\"OK\"]"}
COMMAND: POST /session/f66dc8af89e796c2a1bae8c13753431d/elements - {"using":"xpath","value":"//bdi[text()=\"OK\"]"}
RESULT: {"using":"xpath","value":"//bdi[text()=\"OK\"]"}
COMMAND: POST /session/f66dc8af89e796c2a1bae8c13753431d/elements - {"using":"xpath","value":"//bdi[text()=\"OK\"]"}
RESULT: {"using":"xpath","value":"//bdi[text()=\"OK\"]"}
COMMAND: POST /session/f66dc8af89e796c2a1bae8c13753431d/elements - {"using":"xpath","value":"//bdi[text()=\"OK\"]"}
RESULT: {"using":"xpath","value":"//bdi[text()=\"OK\"]"}
COMMAND: POST /session/f66dc8af89e796c2a1bae8c13753431d/elements - {"using":"xpath","value":"//bdi[text()=\"OK\"]"}
RESULT: {"using":"xpath","value":"//bdi[text()=\"OK\"]"}
COMMAND: POST /session/f66dc8af89e796c2a1bae8c13753431d/elements - {"using":"xpath","value":"//bdi[text()=\"OK\"]"}
RESULT: {"using":"xpath","value":"//bdi[text()=\"OK\"]"}
COMMAND: POST /session/f66dc8af89e796c2a1bae8c13753431d/elements - {"using":"xpath","value":"//bdi[text()=\"OK\"]"}
RESULT: {"using":"xpath","value":"//bdi[text()=\"OK\"]"}
COMMAND: POST /session/f66dc8af89e796c2a1bae8c13753431d/elements - {"using":"xpath","value":"//bdi[text()=\"OK\"]"}
RESULT: {"using":"xpath","value":"//bdi[text()=\"OK\"]"}
COMMAND: POST /session/f66dc8af89e796c2a1bae8c13753431d/elements - {"using":"xpath","value":"//bdi[text()=\"OK\"]"}
RESULT: {"using":"xpath","value":"//bdi[text()=\"OK\"]"}
COMMAND: POST /session/f66dc8af89e796c2a1bae8c13753431d/elements - {"using":"xpath","value":"//bdi[text()=\"OK\"]"}
RESULT: {"using":"xpath","value":"//bdi[text()=\"OK\"]"}
COMMAND: POST /session/f66dc8af89e796c2a1bae8c13753431d/elements - {"using":"xpath","value":"//bdi[text()=\"OK\"]"}
RESULT: {"using":"xpath","value":"//bdi[text()=\"OK\"]"}
COMMAND: POST /session/f66dc8af89e796c2a1bae8c13753431d/elements - {"using":"xpath","value":"//bdi[text()=\"OK\"]"}
RESULT: {"using":"xpath","value":"//bdi[text()=\"OK\"]"}
COMMAND: POST /session/f66dc8af89e796c2a1bae8c13753431d/elements - {"using":"xpath","value":"//bdi[text()=\"OK\"]"}
RESULT: {"using":"xpath","value":"//bdi[text()=\"OK\"]"}
COMMAND: POST /session/f66dc8af89e796c2a1bae8c13753431d/elements - {"using":"xpath","value":"//bdi[text()=\"OK\"]"}
RESULT: {"using":"xpath","value":"//bdi[text()=\"OK\"]"}
COMMAND: POST /session/f66dc8af89e796c2a1bae8c13753431d/elements - {"using":"xpath","value":"//bdi[text()=\"OK\"]"}
RESULT: {"using":"xpath","value":"//bdi[text()=\"OK\"]"}
COMMAND: POST /session/f66dc8af89e796c2a1bae8c13753431d/elements - {"using":"xpath","value":"//bdi[text()=\"OK\"]"}
RESULT: {"using":"xpath","value":"//bdi[text()=\"OK\"]"}
COMMAND: POST /session/f66dc8af89e796c2a1bae8c13753431d/elements - {"using":"xpath","value":"//bdi[text()=\"OK\"]"}
RESULT: {"using":"xpath","value":"//bdi[text()=\"OK\"]"}
COMMAND: POST /session/f66dc8af89e796c2a1bae8c13753431d/elements - {"using":"xpath","value":"//bdi[text()=\"OK\"]"}
RESULT: {"using":"xpath","value":"//bdi[text()=\"OK\"]"}
COMMAND: POST /session/f66dc8af89e796c2a1bae8c13753431d/elements - {"using":"xpath","value":"//bdi[text()=\"OK\"]"}
RESULT: {"using":"xpath","value":"//bdi[text()=\"OK\"]"}
COMMAND: POST /session/f66dc8af89e796c2a1bae8c13753431d/elements - {"using":"xpath","value":"//bdi[text()=\"OK\"]"}
RESULT: {"using":"xpath","value":"//bdi[text()=\"OK\"]"}
COMMAND: POST /session/f66dc8af89e796c2a1bae8c13753431d/elements - {"using":"xpath","value":"//bdi[text()=\"OK\"]"}
RESULT: {"using":"xpath","value":"//bdi[text()=\"OK\"]"}
COMMAND: POST /session/f66dc8af89e796c2a1bae8c13753431d/elements - {"using":"xpath","value":"//bdi[text()=\"OK\"]"}
RESULT: {"using":"xpath","value":"//bdi[text()=\"OK\"]"}
COMMAND: POST /session/f66dc8af89e796c2a1bae8c13753431d/elements - {"using":"xpath","value":"//bdi[text()=\"OK\"]"}
RESULT: {"using":"xpath","value":"//bdi[text()=\"OK\"]"}
COMMAND: POST /session/f66dc8af89e796c2a1bae8c13753431d/elements - {"using":"xpath","value":"//bdi[text()=\"OK\"]"}
RESULT: {"using":"xpath","value":"//bdi[text()=\"OK\"]"}
COMMAND: POST /session/f66dc8af89e796c2a1bae8c13753431d/elements - {"using":"xpath","value":"//bdi[text()=\"OK\"]"}
RESULT: {"using":"xpath","value":"//bdi[text()=\"OK\"]"}
COMMAND: POST /session/f66dc8af89e796c2a1bae8c13753431d/elements - {"using":"xpath","value":"//bdi[text()=\"OK\"]"}
RESULT: {"using":"xpath","value":"//bdi[text()=\"OK\"]"}
COMMAND: POST /session/f66dc8af89e796c2a1bae8c13753431d/elements - {"using":"xpath","value":"//bdi[text()=\"OK\"]"}
RESULT: {"using":"xpath","value":"//bdi[text()=\"OK\"]"}
COMMAND: POST /session/f66dc8af89e796c2a1bae8c13753431d/elements - {"using":"xpath","value":"//bdi[text()=\"OK\"]"}
RESULT: {"using":"xpath","value":"//bdi[text()=\"OK\"]"}
COMMAND: POST /session/f66dc8af89e796c2a1bae8c13753431d/elements - {"using":"xpath","value":"//bdi[text()=\"OK\"]"}
RESULT: {"using":"xpath","value":"//bdi[text()=\"OK\"]"}
COMMAND: POST /session/f66dc8af89e796c2a1bae8c13753431d/elements - {"using":"xpath","value":"//bdi[text()=\"OK\"]"}
RESULT: {"using":"xpath","value":"//bdi[text()=\"OK\"]"}
COMMAND: POST /session/f66dc8af89e796c2a1bae8c13753431d/elements - {"using":"xpath","value":"//bdi[text()=\"OK\"]"}
RESULT: {"using":"xpath","value":"//bdi[text()=\"OK\"]"}
COMMAND: POST /session/f66dc8af89e796c2a1bae8c13753431d/elements - {"using":"xpath","value":"//bdi[text()=\"OK\"]"}
RESULT: {"using":"xpath","value":"//bdi[text()=\"OK\"]"}
COMMAND: POST /session/f66dc8af89e796c2a1bae8c13753431d/elements - {"using":"xpath","value":"//bdi[text()=\"OK\"]"}
RESULT: {"using":"xpath","value":"//bdi[text()=\"OK\"]"}
COMMAND: POST /session/f66dc8af89e796c2a1bae8c13753431d/elements - {"using":"xpath","value":"//bdi[text()=\"OK\"]"}
RESULT: {"using":"xpath","value":"//bdi[text()=\"OK\"]"}
COMMAND: POST /session/f66dc8af89e796c2a1bae8c13753431d/elements - {"using":"xpath","value":"//bdi[text()=\"OK\"]"}
RESULT: {"using":"xpath","value":"//bdi[text()=\"OK\"]"}
COMMAND: POST /session/f66dc8af89e796c2a1bae8c13753431d/elements - {"using":"xpath","value":"//bdi[text()=\"OK\"]"}
RESULT: {"using":"xpath","value":"//bdi[text()=\"OK\"]"}
COMMAND: POST /session/f66dc8af89e796c2a1bae8c13753431d/elements - {"using":"xpath","value":"//bdi[text()=\"OK\"]"}
RESULT: {"using":"xpath","value":"//bdi[text()=\"OK\"]"}
COMMAND: POST /session/f66dc8af89e796c2a1bae8c13753431d/elements - {"using":"xpath","value":"//bdi[text()=\"OK\"]"}
RESULT: {"using":"xpath","value":"//bdi[text()=\"OK\"]"}
COMMAND: POST /session/f66dc8af89e796c2a1bae8c13753431d/elements - {"using":"xpath","value":"//bdi[text()=\"OK\"]"}
RESULT: {"using":"xpath","value":"//bdi[text()=\"OK\"]"}
COMMAND: POST /session/f66dc8af89e796c2a1bae8c13753431d/elements - {"using":"xpath","value":"//bdi[text()=\"OK\"]"}
RESULT: {"using":"xpath","value":"//bdi[text()=\"OK\"]"}
COMMAND: POST /session/f66dc8af89e796c2a1bae8c13753431d/elements - {"using":"xpath","value":"//bdi[text()=\"OK\"]"}
RESULT: {"using":"xpath","value":"//bdi[text()=\"OK\"]"}
COMMAND: POST /session/f66dc8af89e796c2a1bae8c13753431d/elements - {"using":"xpath","value":"//bdi[text()=\"OK\"]"}
RESULT: {"using":"xpath","value":"//bdi[text()=\"OK\"]"}
COMMAND: POST /session/f66dc8af89e796c2a1bae8c13753431d/elements - {"using":"xpath","value":"//bdi[text()=\"OK\"]"}
RESULT: {"using":"xpath","value":"//bdi[text()=\"OK\"]"}
COMMAND: POST /session/f66dc8af89e796c2a1bae8c13753431d/elements - {"using":"xpath","value":"//bdi[text()=\"OK\"]"}
RESULT: {"using":"xpath","value":"//bdi[text()=\"OK\"]"}
COMMAND: POST /session/f66dc8af89e796c2a1bae8c13753431d/elements - {"using":"xpath","value":"//bdi[text()=\"OK\"]"}
RESULT: {"using":"xpath","value":"//bdi[text()=\"OK\"]"}
COMMAND: POST /session/f66dc8af89e796c2a1bae8c13753431d/elements - {"using":"xpath","value":"//bdi[text()=\"OK\"]"}
RESULT: {"using":"xpath","value":"//bdi[text()=\"OK\"]"}
COMMAND: POST /session/f66dc8af89e796c2a1bae8c13753431d/elements - {"using":"xpath","value":"//bdi[text()=\"OK\"]"}
RESULT: {"using":"xpath","value":"//bdi[text()=\"OK\"]"}
COMMAND: POST /session/f66dc8af89e796c2a1bae8c13753431d/elements - {"using":"xpath","value":"//bdi[text()=\"OK\"]"}
RESULT: {"using":"xpath","value":"//bdi[text()=\"OK\"]"}
COMMAND: POST /session/f66dc8af89e796c2a1bae8c13753431d/elements - {"using":"xpath","value":"//bdi[text()=\"OK\"]"}
RESULT: {"using":"xpath","value":"//bdi[text()=\"OK\"]"}
COMMAND: POST /session/f66dc8af89e796c2a1bae8c13753431d/elements - {"using":"xpath","value":"//bdi[text()=\"OK\"]"}
RESULT: {"using":"xpath","value":"//bdi[text()=\"OK\"]"}
COMMAND: POST /session/f66dc8af89e796c2a1bae8c13753431d/elements - {"using":"xpath","value":"//bdi[text()=\"OK\"]"}
RESULT: {"using":"xpath","value":"//bdi[text()=\"OK\"]"}
COMMAND: POST /session/f66dc8af89e796c2a1bae8c13753431d/elements - {"using":"xpath","value":"//bdi[text()=\"OK\"]"}
RESULT: {"using":"xpath","value":"//bdi[text()=\"OK\"]"}
COMMAND: POST /session/f66dc8af89e796c2a1bae8c13753431d/elements - {"using":"xpath","value":"//bdi[text()=\"OK\"]"}
RESULT: {"using":"xpath","value":"//bdi[text()=\"OK\"]"}
COMMAND: POST /session/f66dc8af89e796c2a1bae8c13753431d/elements - {"using":"xpath","value":"//bdi[text()=\"OK\"]"}
RESULT: {"using":"xpath","value":"//bdi[text()=\"OK\"]"}
COMMAND: POST /session/f66dc8af89e796c2a1bae8c13753431d/elements - {"using":"xpath","value":"//bdi[text()=\"OK\"]"}
RESULT: {"using":"xpath","value":"//bdi[text()=\"OK\"]"}
COMMAND: POST /session/f66dc8af89e796c2a1bae8c13753431d/elements - {"using":"xpath","value":"//bdi[text()=\"OK\"]"}
RESULT: {"using":"xpath","value":"//bdi[text()=\"OK\"]"}
COMMAND: POST /session/f66dc8af89e796c2a1bae8c13753431d/elements - {"using":"xpath","value":"//bdi[text()=\"OK\"]"}
RESULT: {"using":"xpath","value":"//bdi[text()=\"OK\"]"}
COMMAND: POST /session/f66dc8af89e796c2a1bae8c13753431d/elements - {"using":"xpath","value":"//bdi[text()=\"OK\"]"}
RESULT: {"using":"xpath","value":"//bdi[text()=\"OK\"]"}
COMMAND: POST /session/f66dc8af89e796c2a1bae8c13753431d/elements - {"using":"xpath","value":"//bdi[text()=\"OK\"]"}
RESULT: {"using":"xpath","value":"//bdi[text()=\"OK\"]"}
COMMAND: POST /session/f66dc8af89e796c2a1bae8c13753431d/elements - {"using":"xpath","value":"//bdi[text()=\"OK\"]"}
RESULT: {"using":"xpath","value":"//bdi[text()=\"OK\"]"}
COMMAND: POST /session/f66dc8af89e796c2a1bae8c13753431d/elements - {"using":"xpath","value":"//bdi[text()=\"OK\"]"}
RESULT: {"using":"xpath","value":"//bdi[text()=\"OK\"]"}
COMMAND: POST /session/f66dc8af89e796c2a1bae8c13753431d/elements - {"using":"xpath","value":"//bdi[text()=\"OK\"]"}
RESULT: {"using":"xpath","value":"//bdi[text()=\"OK\"]"}
COMMAND: POST /session/f66dc8af89e796c2a1bae8c13753431d/elements - {"using":"xpath","value":"//bdi[text()=\"OK\"]"}
RESULT: {"using":"xpath","value":"//bdi[text()=\"OK\"]"}
COMMAND: POST /session/f66dc8af89e796c2a1bae8c13753431d/elements - {"using":"xpath","value":"//bdi[text()=\"OK\"]"}
RESULT: {"using":"xpath","value":"//bdi[text()=\"OK\"]"}
COMMAND: POST /session/f66dc8af89e796c2a1bae8c13753431d/elements - {"using":"xpath","value":"//bdi[text()=\"OK\"]"}
RESULT: {"using":"xpath","value":"//bdi[text()=\"OK\"]"}
COMMAND: POST /session/f66dc8af89e796c2a1bae8c13753431d/elements - {"using":"xpath","value":"//bdi[text()=\"OK\"]"}
RESULT: {"using":"xpath","value":"//bdi[text()=\"OK\"]"}
COMMAND: POST /session/f66dc8af89e796c2a1bae8c13753431d/elements - {"using":"xpath","value":"//bdi[text()=\"OK\"]"}
RESULT: {"using":"xpath","value":"//bdi[text()=\"OK\"]"}
COMMAND: POST /session/f66dc8af89e796c2a1bae8c13753431d/elements - {"using":"xpath","value":"//bdi[text()=\"OK\"]"}
RESULT: {"using":"xpath","value":"//bdi[text()=\"OK\"]"}
COMMAND: POST /session/f66dc8af89e796c2a1bae8c13753431d/elements - {"using":"xpath","value":"//bdi[text()=\"OK\"]"}
RESULT: {"using":"xpath","value":"//bdi[text()=\"OK\"]"}
COMMAND: POST /session/f66dc8af89e796c2a1bae8c13753431d/elements - {"using":"xpath","value":"//bdi[text()=\"OK\"]"}
RESULT: {"using":"xpath","value":"//bdi[text()=\"OK\"]"}
COMMAND: POST /session/f66dc8af89e796c2a1bae8c13753431d/elements - {"using":"xpath","value":"//bdi[text()=\"OK\"]"}
RESULT: {"using":"xpath","value":"//bdi[text()=\"OK\"]"}
COMMAND: POST /session/f66dc8af89e796c2a1bae8c13753431d/elements - {"using":"xpath","value":"//bdi[text()=\"OK\"]"}
RESULT: {"using":"xpath","value":"//bdi[text()=\"OK\"]"}
COMMAND: POST /session/f66dc8af89e796c2a1bae8c13753431d/elements - {"using":"xpath","value":"//bdi[text()=\"OK\"]"}
RESULT: {"using":"xpath","value":"//bdi[text()=\"OK\"]"}
COMMAND: POST /session/f66dc8af89e796c2a1bae8c13753431d/elements - {"using":"xpath","value":"//bdi[text()=\"OK\"]"}
RESULT: {"using":"xpath","value":"//bdi[text()=\"OK\"]"}
COMMAND: POST /session/f66dc8af89e796c2a1bae8c13753431d/elements - {"using":"xpath","value":"//bdi[text()=\"OK\"]"}
RESULT: {"using":"xpath","value":"//bdi[text()=\"OK\"]"}
COMMAND: POST /session/f66dc8af89e796c2a1bae8c13753431d/elements - {"using":"xpath","value":"//bdi[text()=\"OK\"]"}
RESULT: {"using":"xpath","value":"//bdi[text()=\"OK\"]"}
COMMAND: POST /session/f66dc8af89e796c2a1bae8c13753431d/elements - {"using":"xpath","value":"//bdi[text()=\"OK\"]"}
RESULT: {"using":"xpath","value":"//bdi[text()=\"OK\"]"}
COMMAND: POST /session/f66dc8af89e796c2a1bae8c13753431d/elements - {"using":"xpath","value":"//bdi[text()=\"OK\"]"}
RESULT: {"using":"xpath","value":"//bdi[text()=\"OK\"]"}
COMMAND: POST /session/f66dc8af89e796c2a1bae8c13753431d/elements - {"using":"xpath","value":"//bdi[text()=\"OK\"]"}
RESULT: {"using":"xpath","value":"//bdi[text()=\"OK\"]"}
COMMAND: POST /session/f66dc8af89e796c2a1bae8c13753431d/elements - {"using":"xpath","value":"//bdi[text()=\"OK\"]"}
RESULT: {"using":"xpath","value":"//bdi[text()=\"OK\"]"}
COMMAND: POST /session/f66dc8af89e796c2a1bae8c13753431d/elements - {"using":"xpath","value":"//bdi[text()=\"OK\"]"}
COMMAND: POST /session/f66dc8af89e796c2a1bae8c13753431d/element - {"using":"xpath","value":"//bdi[text()=\"OK\"]"}
RESULT: {"using":"xpath","value":"//bdi[text()=\"OK\"]"}
RESULT: {"using":"xpath","value":"//bdi[text()=\"OK\"]"}
COMMAND: POST /session/f66dc8af89e796c2a1bae8c13753431d/elements - {"using":"xpath","value":"//bdi[text()=\"OK\"]"}
RESULT: {"using":"xpath","value":"//bdi[text()=\"OK\"]"}
COMMAND: POST /session/f66dc8af89e796c2a1bae8c13753431d/elements - {"using":"xpath","value":"//bdi[text()=\"OK\"]"}
RESULT: {"using":"xpath","value":"//bdi[text()=\"OK\"]"}
COMMAND: POST /session/f66dc8af89e796c2a1bae8c13753431d/elements - {"using":"xpath","value":"//bdi[text()=\"OK\"]"}
RESULT: {"using":"xpath","value":"//bdi[text()=\"OK\"]"}
COMMAND: POST /session/f66dc8af89e796c2a1bae8c13753431d/elements - {"using":"xpath","value":"//bdi[text()=\"OK\"]"}
RESULT: {"using":"xpath","value":"//bdi[text()=\"OK\"]"}
COMMAND: POST /session/f66dc8af89e796c2a1bae8c13753431d/elements - {"using":"xpath","value":"//bdi[text()=\"OK\"]"}
RESULT: {"using":"xpath","value":"//bdi[text()=\"OK\"]"}
COMMAND: POST /session/f66dc8af89e796c2a1bae8c13753431d/elements - {"using":"xpath","value":"//bdi[text()=\"OK\"]"}
RESULT: {"using":"xpath","value":"//bdi[text()=\"OK\"]"}
COMMAND: POST /session/f66dc8af89e796c2a1bae8c13753431d/elements - {"using":"xpath","value":"//bdi[text()=\"OK\"]"}
RESULT: {"using":"xpath","value":"//bdi[text()=\"OK\"]"}
COMMAND: POST /session/f66dc8af89e796c2a1bae8c13753431d/elements - {"using":"xpath","value":"//bdi[text()=\"OK\"]"}
RESULT: {"using":"xpath","value":"//bdi[text()=\"OK\"]"}
COMMAND: POST /session/f66dc8af89e796c2a1bae8c13753431d/elements - {"using":"xpath","value":"//bdi[text()=\"OK\"]"}
RESULT: {"using":"xpath","value":"//bdi[text()=\"OK\"]"}
COMMAND: POST /session/f66dc8af89e796c2a1bae8c13753431d/elements - {"using":"xpath","value":"//bdi[text()=\"OK\"]"}
RESULT: {"using":"xpath","value":"//bdi[text()=\"OK\"]"}
COMMAND: POST /session/f66dc8af89e796c2a1bae8c13753431d/elements - {"using":"xpath","value":"//bdi[text()=\"OK\"]"}
RESULT: {"using":"xpath","value":"//bdi[text()=\"OK\"]"}
COMMAND: POST /session/f66dc8af89e796c2a1bae8c13753431d/elements - {"using":"xpath","value":"//bdi[text()=\"OK\"]"}
RESULT: {"using":"xpath","value":"//bdi[text()=\"OK\"]"}
COMMAND: POST /session/f66dc8af89e796c2a1bae8c13753431d/elements - {"using":"xpath","value":"//bdi[text()=\"OK\"]"}
RESULT: {"using":"xpath","value":"//bdi[text()=\"OK\"]"}
COMMAND: POST /session/f66dc8af89e796c2a1bae8c13753431d/elements - {"using":"xpath","value":"//bdi[text()=\"OK\"]"}
RESULT: {"using":"xpath","value":"//bdi[text()=\"OK\"]"}
COMMAND: POST /session/f66dc8af89e796c2a1bae8c13753431d/elements - {"using":"xpath","value":"//bdi[text()=\"OK\"]"}
RESULT: {"using":"xpath","value":"//bdi[text()=\"OK\"]"}
COMMAND: POST /session/f66dc8af89e796c2a1bae8c13753431d/elements - {"using":"xpath","value":"//bdi[text()=\"OK\"]"}
RESULT: {"using":"xpath","value":"//bdi[text()=\"OK\"]"}
COMMAND: POST /session/f66dc8af89e796c2a1bae8c13753431d/elements - {"using":"xpath","value":"//bdi[text()=\"OK\"]"}
RESULT: {"using":"xpath","value":"//bdi[text()=\"OK\"]"}
COMMAND: POST /session/f66dc8af89e796c2a1bae8c13753431d/elements - {"using":"xpath","value":"//bdi[text()=\"OK\"]"}
RESULT: {"using":"xpath","value":"//bdi[text()=\"OK\"]"}
COMMAND: POST /session/f66dc8af89e796c2a1bae8c13753431d/elements - {"using":"xpath","value":"//bdi[text()=\"OK\"]"}
RESULT: {"using":"xpath","value":"//bdi[text()=\"OK\"]"}
COMMAND: POST /session/f66dc8af89e796c2a1bae8c13753431d/elements - {"using":"xpath","value":"//bdi[text()=\"OK\"]"}
RESULT: {"using":"xpath","value":"//bdi[text()=\"OK\"]"}
COMMAND: POST /session/f66dc8af89e796c2a1bae8c13753431d/elements - {"using":"xpath","value":"//bdi[text()=\"OK\"]"}
RESULT: {"using":"xpath","value":"//bdi[text()=\"OK\"]"}
COMMAND: POST /session/f66dc8af89e796c2a1bae8c13753431d/elements - {"using":"xpath","value":"//bdi[text()=\"OK\"]"}
RESULT: {"using":"xpath","value":"//bdi[text()=\"OK\"]"}
COMMAND: POST /session/f66dc8af89e796c2a1bae8c13753431d/elements - {"using":"xpath","value":"//bdi[text()=\"OK\"]"}
RESULT: {"using":"xpath","value":"//bdi[text()=\"OK\"]"}
COMMAND: POST /session/f66dc8af89e796c2a1bae8c13753431d/elements - {"using":"xpath","value":"//bdi[text()=\"OK\"]"}
RESULT: {"using":"xpath","value":"//bdi[text()=\"OK\"]"}
COMMAND: POST /session/f66dc8af89e796c2a1bae8c13753431d/elements - {"using":"xpath","value":"//bdi[text()=\"OK\"]"}
RESULT: {"using":"xpath","value":"//bdi[text()=\"OK\"]"}
COMMAND: POST /session/f66dc8af89e796c2a1bae8c13753431d/elements - {"using":"xpath","value":"//bdi[text()=\"OK\"]"}
RESULT: {"using":"xpath","value":"//bdi[text()=\"OK\"]"}
COMMAND: POST /session/f66dc8af89e796c2a1bae8c13753431d/elements - {"using":"xpath","value":"//bdi[text()=\"OK\"]"}
RESULT: {"using":"xpath","value":"//bdi[text()=\"OK\"]"}
COMMAND: POST /session/f66dc8af89e796c2a1bae8c13753431d/elements - {"using":"xpath","value":"//bdi[text()=\"OK\"]"}
RESULT: {"using":"xpath","value":"//bdi[text()=\"OK\"]"}
COMMAND: POST /session/f66dc8af89e796c2a1bae8c13753431d/elements - {"using":"xpath","value":"//bdi[text()=\"OK\"]"}
RESULT: {"using":"xpath","value":"//bdi[text()=\"OK\"]"}
COMMAND: POST /session/f66dc8af89e796c2a1bae8c13753431d/elements - {"using":"xpath","value":"//bdi[text()=\"OK\"]"}
RESULT: {"using":"xpath","value":"//bdi[text()=\"OK\"]"}
COMMAND: POST /session/f66dc8af89e796c2a1bae8c13753431d/elements - {"using":"xpath","value":"//bdi[text()=\"OK\"]"}
RESULT: {"using":"xpath","value":"//bdi[text()=\"OK\"]"}
COMMAND: POST /session/f66dc8af89e796c2a1bae8c13753431d/elements - {"using":"xpath","value":"//bdi[text()=\"OK\"]"}
RESULT: {"using":"xpath","value":"//bdi[text()=\"OK\"]"}
COMMAND: POST /session/f66dc8af89e796c2a1bae8c13753431d/elements - {"using":"xpath","value":"//bdi[text()=\"OK\"]"}
RESULT: {"using":"xpath","value":"//bdi[text()=\"OK\"]"}
COMMAND: POST /session/f66dc8af89e796c2a1bae8c13753431d/elements - {"using":"xpath","value":"//bdi[text()=\"OK\"]"}
RESULT: {"using":"xpath","value":"//bdi[text()=\"OK\"]"}
COMMAND: POST /session/f66dc8af89e796c2a1bae8c13753431d/elements - {"using":"xpath","value":"//bdi[text()=\"OK\"]"}
RESULT: {"using":"xpath","value":"//bdi[text()=\"OK\"]"}
COMMAND: POST /session/f66dc8af89e796c2a1bae8c13753431d/elements - {"using":"xpath","value":"//bdi[text()=\"OK\"]"}
RESULT: {"using":"xpath","value":"//bdi[text()=\"OK\"]"}
COMMAND: POST /session/f66dc8af89e796c2a1bae8c13753431d/elements - {"using":"xpath","value":"//bdi[text()=\"OK\"]"}
RESULT: {"using":"xpath","value":"//bdi[text()=\"OK\"]"}
COMMAND: POST /session/f66dc8af89e796c2a1bae8c13753431d/elements - {"using":"xpath","value":"//bdi[text()=\"OK\"]"}
RESULT: {"using":"xpath","value":"//bdi[text()=\"OK\"]"}
COMMAND: POST /session/f66dc8af89e796c2a1bae8c13753431d/elements - {"using":"xpath","value":"//bdi[text()=\"OK\"]"}
RESULT: {"using":"xpath","value":"//bdi[text()=\"OK\"]"}
COMMAND: POST /session/f66dc8af89e796c2a1bae8c13753431d/elements - {"using":"xpath","value":"//bdi[text()=\"OK\"]"}
RESULT: {"using":"xpath","value":"//bdi[text()=\"OK\"]"}
COMMAND: POST /session/f66dc8af89e796c2a1bae8c13753431d/elements - {"using":"xpath","value":"//bdi[text()=\"OK\"]"}
RESULT: {"using":"xpath","value":"//bdi[text()=\"OK\"]"}
COMMAND: POST /session/f66dc8af89e796c2a1bae8c13753431d/elements - {"using":"xpath","value":"//bdi[text()=\"OK\"]"}
RESULT: {"using":"xpath","value":"//bdi[text()=\"OK\"]"}
COMMAND: POST /session/f66dc8af89e796c2a1bae8c13753431d/elements - {"using":"xpath","value":"//bdi[text()=\"OK\"]"}
RESULT: {"using":"xpath","value":"//bdi[text()=\"OK\"]"}
COMMAND: POST /session/f66dc8af89e796c2a1bae8c13753431d/elements - {"using":"xpath","value":"//bdi[text()=\"OK\"]"}
RESULT: {"using":"xpath","value":"//bdi[text()=\"OK\"]"}
COMMAND: POST /session/f66dc8af89e796c2a1bae8c13753431d/elements - {"using":"xpath","value":"//bdi[text()=\"OK\"]"}
RESULT: {"using":"xpath","value":"//bdi[text()=\"OK\"]"}
COMMAND: POST /session/f66dc8af89e796c2a1bae8c13753431d/elements - {"using":"xpath","value":"//bdi[text()=\"OK\"]"}
RESULT: {"using":"xpath","value":"//bdi[text()=\"OK\"]"}
COMMAND: POST /session/f66dc8af89e796c2a1bae8c13753431d/elements - {"using":"xpath","value":"//bdi[text()=\"OK\"]"}
RESULT: {"using":"xpath","value":"//bdi[text()=\"OK\"]"}
COMMAND: POST /session/f66dc8af89e796c2a1bae8c13753431d/elements - {"using":"xpath","value":"//bdi[text()=\"OK\"]"}
RESULT: {"using":"xpath","value":"//bdi[text()=\"OK\"]"}
COMMAND: POST /session/f66dc8af89e796c2a1bae8c13753431d/elements - {"using":"xpath","value":"//bdi[text()=\"OK\"]"}
RESULT: {"using":"xpath","value":"//bdi[text()=\"OK\"]"}
COMMAND: POST /session/f66dc8af89e796c2a1bae8c13753431d/elements - {"using":"xpath","value":"//bdi[text()=\"OK\"]"}
RESULT: {"using":"xpath","value":"//bdi[text()=\"OK\"]"}
COMMAND: POST /session/f66dc8af89e796c2a1bae8c13753431d/elements - {"using":"xpath","value":"//bdi[text()=\"OK\"]"}
RESULT: {"using":"xpath","value":"//bdi[text()=\"OK\"]"}
COMMAND: POST /session/f66dc8af89e796c2a1bae8c13753431d/elements - {"using":"xpath","value":"//bdi[text()=\"OK\"]"}
RESULT: {"using":"xpath","value":"//bdi[text()=\"OK\"]"}
COMMAND: POST /session/f66dc8af89e796c2a1bae8c13753431d/elements - {"using":"xpath","value":"//bdi[text()=\"OK\"]"}
RESULT: {"using":"xpath","value":"//bdi[text()=\"OK\"]"}
COMMAND: POST /session/f66dc8af89e796c2a1bae8c13753431d/elements - {"using":"xpath","value":"//bdi[text()=\"OK\"]"}
RESULT: {"using":"xpath","value":"//bdi[text()=\"OK\"]"}
COMMAND: POST /session/f66dc8af89e796c2a1bae8c13753431d/elements - {"using":"xpath","value":"//bdi[text()=\"OK\"]"}
RESULT: {"using":"xpath","value":"//bdi[text()=\"OK\"]"}
COMMAND: POST /session/f66dc8af89e796c2a1bae8c13753431d/elements - {"using":"xpath","value":"//bdi[text()=\"OK\"]"}
RESULT: {"using":"xpath","value":"//bdi[text()=\"OK\"]"}
COMMAND: POST /session/f66dc8af89e796c2a1bae8c13753431d/elements - {"using":"xpath","value":"//bdi[text()=\"OK\"]"}
RESULT: {"using":"xpath","value":"//bdi[text()=\"OK\"]"}
COMMAND: POST /session/f66dc8af89e796c2a1bae8c13753431d/elements - {"using":"xpath","value":"//bdi[text()=\"OK\"]"}
RESULT: {"using":"xpath","value":"//bdi[text()=\"OK\"]"}
COMMAND: POST /session/f66dc8af89e796c2a1bae8c13753431d/elements - {"using":"xpath","value":"//bdi[text()=\"OK\"]"}
RESULT: {"using":"xpath","value":"//bdi[text()=\"OK\"]"}
COMMAND: POST /session/f66dc8af89e796c2a1bae8c13753431d/elements - {"using":"xpath","value":"//bdi[text()=\"OK\"]"}
RESULT: {"using":"xpath","value":"//bdi[text()=\"OK\"]"}
COMMAND: POST /session/f66dc8af89e796c2a1bae8c13753431d/elements - {"using":"xpath","value":"//bdi[text()=\"OK\"]"}
RESULT: {"using":"xpath","value":"//bdi[text()=\"OK\"]"}
COMMAND: POST /session/f66dc8af89e796c2a1bae8c13753431d/elements - {"using":"xpath","value":"//bdi[text()=\"OK\"]"}
RESULT: {"using":"xpath","value":"//bdi[text()=\"OK\"]"}
COMMAND: POST /session/f66dc8af89e796c2a1bae8c13753431d/elements - {"using":"xpath","value":"//bdi[text()=\"OK\"]"}
RESULT: {"using":"xpath","value":"//bdi[text()=\"OK\"]"}
COMMAND: POST /session/f66dc8af89e796c2a1bae8c13753431d/elements - {"using":"xpath","value":"//bdi[text()=\"OK\"]"}
RESULT: {"using":"xpath","value":"//bdi[text()=\"OK\"]"}
COMMAND: POST /session/f66dc8af89e796c2a1bae8c13753431d/elements - {"using":"xpath","value":"//bdi[text()=\"OK\"]"}
RESULT: {"using":"xpath","value":"//bdi[text()=\"OK\"]"}
COMMAND: POST /session/f66dc8af89e796c2a1bae8c13753431d/elements - {"using":"xpath","value":"//bdi[text()=\"OK\"]"}
RESULT: {"using":"xpath","value":"//bdi[text()=\"OK\"]"}
COMMAND: POST /session/f66dc8af89e796c2a1bae8c13753431d/elements - {"using":"xpath","value":"//bdi[text()=\"OK\"]"}
RESULT: {"using":"xpath","value":"//bdi[text()=\"OK\"]"}
COMMAND: POST /session/f66dc8af89e796c2a1bae8c13753431d/elements - {"using":"xpath","value":"//bdi[text()=\"OK\"]"}
RESULT: {"using":"xpath","value":"//bdi[text()=\"OK\"]"}
COMMAND: POST /session/f66dc8af89e796c2a1bae8c13753431d/elements - {"using":"xpath","value":"//bdi[text()=\"OK\"]"}
RESULT: {"using":"xpath","value":"//bdi[text()=\"OK\"]"}
COMMAND: POST /session/f66dc8af89e796c2a1bae8c13753431d/elements - {"using":"xpath","value":"//bdi[text()=\"OK\"]"}
RESULT: {"using":"xpath","value":"//bdi[text()=\"OK\"]"}
COMMAND: POST /session/f66dc8af89e796c2a1bae8c13753431d/elements - {"using":"xpath","value":"//bdi[text()=\"OK\"]"}
RESULT: {"using":"xpath","value":"//bdi[text()=\"OK\"]"}
COMMAND: POST /session/f66dc8af89e796c2a1bae8c13753431d/elements - {"using":"xpath","value":"//bdi[text()=\"OK\"]"}
RESULT: {"using":"xpath","value":"//bdi[text()=\"OK\"]"}
COMMAND: POST /session/f66dc8af89e796c2a1bae8c13753431d/elements - {"using":"xpath","value":"//bdi[text()=\"OK\"]"}
RESULT: {"using":"xpath","value":"//bdi[text()=\"OK\"]"}
COMMAND: POST /session/f66dc8af89e796c2a1bae8c13753431d/elements - {"using":"xpath","value":"//bdi[text()=\"OK\"]"}
RESULT: {"using":"xpath","value":"//bdi[text()=\"OK\"]"}
COMMAND: POST /session/f66dc8af89e796c2a1bae8c13753431d/elements - {"using":"xpath","value":"//bdi[text()=\"OK\"]"}
RESULT: {"using":"xpath","value":"//bdi[text()=\"OK\"]"}
COMMAND: POST /session/f66dc8af89e796c2a1bae8c13753431d/elements - {"using":"xpath","value":"//bdi[text()=\"OK\"]"}
RESULT: {"using":"xpath","value":"//bdi[text()=\"OK\"]"}
COMMAND: POST /session/f66dc8af89e796c2a1bae8c13753431d/elements - {"using":"xpath","value":"//bdi[text()=\"OK\"]"}
RESULT: {"using":"xpath","value":"//bdi[text()=\"OK\"]"}
COMMAND: POST /session/f66dc8af89e796c2a1bae8c13753431d/elements - {"using":"xpath","value":"//bdi[text()=\"OK\"]"}
RESULT: {"using":"xpath","value":"//bdi[text()=\"OK\"]"}
COMMAND: POST /session/f66dc8af89e796c2a1bae8c13753431d/elements - {"using":"xpath","value":"//bdi[text()=\"OK\"]"}
RESULT: {"using":"xpath","value":"//bdi[text()=\"OK\"]"}
COMMAND: POST /session/f66dc8af89e796c2a1bae8c13753431d/elements - {"using":"xpath","value":"//bdi[text()=\"OK\"]"}
RESULT: {"using":"xpath","value":"//bdi[text()=\"OK\"]"}
COMMAND: POST /session/f66dc8af89e796c2a1bae8c13753431d/elements - {"using":"xpath","value":"//bdi[text()=\"OK\"]"}
RESULT: {"using":"xpath","value":"//bdi[text()=\"OK\"]"}
COMMAND: POST /session/f66dc8af89e796c2a1bae8c13753431d/elements - {"using":"xpath","value":"//bdi[text()=\"OK\"]"}
RESULT: {"using":"xpath","value":"//bdi[text()=\"OK\"]"}
COMMAND: POST /session/f66dc8af89e796c2a1bae8c13753431d/elements - {"using":"xpath","value":"//bdi[text()=\"OK\"]"}
RESULT: {"using":"xpath","value":"//bdi[text()=\"OK\"]"}
COMMAND: POST /session/f66dc8af89e796c2a1bae8c13753431d/elements - {"using":"xpath","value":"//bdi[text()=\"OK\"]"}
RESULT: {"using":"xpath","value":"//bdi[text()=\"OK\"]"}
COMMAND: POST /session/f66dc8af89e796c2a1bae8c13753431d/elements - {"using":"xpath","value":"//bdi[text()=\"OK\"]"}
RESULT: {"using":"xpath","value":"//bdi[text()=\"OK\"]"}
COMMAND: POST /session/f66dc8af89e796c2a1bae8c13753431d/elements - {"using":"xpath","value":"//bdi[text()=\"OK\"]"}
RESULT: {"using":"xpath","value":"//bdi[text()=\"OK\"]"}
COMMAND: POST /session/f66dc8af89e796c2a1bae8c13753431d/elements - {"using":"xpath","value":"//bdi[text()=\"OK\"]"}
RESULT: {"using":"xpath","value":"//bdi[text()=\"OK\"]"}
COMMAND: POST /session/f66dc8af89e796c2a1bae8c13753431d/elements - {"using":"xpath","value":"//bdi[text()=\"OK\"]"}
RESULT: {"using":"xpath","value":"//bdi[text()=\"OK\"]"}
COMMAND: POST /session/f66dc8af89e796c2a1bae8c13753431d/elements - {"using":"xpath","value":"//bdi[text()=\"OK\"]"}
RESULT: {"using":"xpath","value":"//bdi[text()=\"OK\"]"}
COMMAND: POST /session/f66dc8af89e796c2a1bae8c13753431d/elements - {"using":"xpath","value":"//bdi[text()=\"OK\"]"}
RESULT: {"using":"xpath","value":"//bdi[text()=\"OK\"]"}
COMMAND: POST /session/f66dc8af89e796c2a1bae8c13753431d/elements - {"using":"xpath","value":"//bdi[text()=\"OK\"]"}
RESULT: {"using":"xpath","value":"//bdi[text()=\"OK\"]"}
COMMAND: POST /session/f66dc8af89e796c2a1bae8c13753431d/elements - {"using":"xpath","value":"//bdi[text()=\"OK\"]"}
RESULT: {"using":"xpath","value":"//bdi[text()=\"OK\"]"}
COMMAND: POST /session/f66dc8af89e796c2a1bae8c13753431d/elements - {"using":"xpath","value":"//bdi[text()=\"OK\"]"}
RESULT: {"using":"xpath","value":"//bdi[text()=\"OK\"]"}
COMMAND: POST /session/f66dc8af89e796c2a1bae8c13753431d/elements - {"using":"xpath","value":"//bdi[text()=\"OK\"]"}
RESULT: {"using":"xpath","value":"//bdi[text()=\"OK\"]"}
COMMAND: POST /session/f66dc8af89e796c2a1bae8c13753431d/elements - {"using":"xpath","value":"//bdi[text()=\"OK\"]"}
RESULT: {"using":"xpath","value":"//bdi[text()=\"OK\"]"}
COMMAND: POST /session/f66dc8af89e796c2a1bae8c13753431d/elements - {"using":"xpath","value":"//bdi[text()=\"OK\"]"}
RESULT: {"using":"xpath","value":"//bdi[text()=\"OK\"]"}
COMMAND: POST /session/f66dc8af89e796c2a1bae8c13753431d/elements - {"using":"xpath","value":"//bdi[text()=\"OK\"]"}
RESULT: {"using":"xpath","value":"//bdi[text()=\"OK\"]"}
COMMAND: POST /session/f66dc8af89e796c2a1bae8c13753431d/elements - {"using":"xpath","value":"//bdi[text()=\"OK\"]"}
RESULT: {"using":"xpath","value":"//bdi[text()=\"OK\"]"}
COMMAND: POST /session/f66dc8af89e796c2a1bae8c13753431d/elements - {"using":"xpath","value":"//bdi[text()=\"OK\"]"}
RESULT: {"using":"xpath","value":"//bdi[text()=\"OK\"]"}
COMMAND: POST /session/f66dc8af89e796c2a1bae8c13753431d/elements - {"using":"xpath","value":"//bdi[text()=\"OK\"]"}
RESULT: {"using":"xpath","value":"//bdi[text()=\"OK\"]"}
COMMAND: POST /session/f66dc8af89e796c2a1bae8c13753431d/elements - {"using":"xpath","value":"//bdi[text()=\"OK\"]"}
RESULT: {"using":"xpath","value":"//bdi[text()=\"OK\"]"}
COMMAND: POST /session/f66dc8af89e796c2a1bae8c13753431d/elements - {"using":"xpath","value":"//bdi[text()=\"OK\"]"}
RESULT: {"using":"xpath","value":"//bdi[text()=\"OK\"]"}
COMMAND: POST /session/f66dc8af89e796c2a1bae8c13753431d/elements - {"using":"xpath","value":"//bdi[text()=\"OK\"]"}
RESULT: {"using":"xpath","value":"//bdi[text()=\"OK\"]"}
COMMAND: POST /session/f66dc8af89e796c2a1bae8c13753431d/elements - {"using":"xpath","value":"//bdi[text()=\"OK\"]"}
RESULT: {"using":"xpath","value":"//bdi[text()=\"OK\"]"}
COMMAND: POST /session/f66dc8af89e796c2a1bae8c13753431d/elements - {"using":"xpath","value":"//bdi[text()=\"OK\"]"}
RESULT: {"using":"xpath","value":"//bdi[text()=\"OK\"]"}
COMMAND: POST /session/f66dc8af89e796c2a1bae8c13753431d/elements - {"using":"xpath","value":"//bdi[text()=\"OK\"]"}
RESULT: {"using":"xpath","value":"//bdi[text()=\"OK\"]"}
COMMAND: POST /session/f66dc8af89e796c2a1bae8c13753431d/elements - {"using":"xpath","value":"//bdi[text()=\"OK\"]"}
RESULT: {"using":"xpath","value":"//bdi[text()=\"OK\"]"}
COMMAND: POST /session/f66dc8af89e796c2a1bae8c13753431d/elements - {"using":"xpath","value":"//bdi[text()=\"OK\"]"}
RESULT: {"using":"xpath","value":"//bdi[text()=\"OK\"]"}
COMMAND: POST /session/f66dc8af89e796c2a1bae8c13753431d/elements - {"using":"xpath","value":"//bdi[text()=\"OK\"]"}
RESULT: {"using":"xpath","value":"//bdi[text()=\"OK\"]"}
COMMAND: POST /session/f66dc8af89e796c2a1bae8c13753431d/elements - {"using":"xpath","value":"//bdi[text()=\"OK\"]"}
RESULT: {"using":"xpath","value":"//bdi[text()=\"OK\"]"}
COMMAND: POST /session/f66dc8af89e796c2a1bae8c13753431d/elements - {"using":"xpath","value":"//bdi[text()=\"OK\"]"}
RESULT: {"using":"xpath","value":"//bdi[text()=\"OK\"]"}
COMMAND: POST /session/f66dc8af89e796c2a1bae8c13753431d/elements - {"using":"xpath","value":"//bdi[text()=\"OK\"]"}
RESULT: {"using":"xpath","value":"//bdi[text()=\"OK\"]"}
COMMAND: POST /session/f66dc8af89e796c2a1bae8c13753431d/elements - {"using":"xpath","value":"//bdi[text()=\"OK\"]"}
RESULT: {"using":"xpath","value":"//bdi[text()=\"OK\"]"}
COMMAND: POST /session/f66dc8af89e796c2a1bae8c13753431d/elements - {"using":"xpath","value":"//bdi[text()=\"OK\"]"}
RESULT: {"using":"xpath","value":"//bdi[text()=\"OK\"]"}
COMMAND: POST /session/f66dc8af89e796c2a1bae8c13753431d/elements - {"using":"xpath","value":"//bdi[text()=\"OK\"]"}
RESULT: {"using":"xpath","value":"//bdi[text()=\"OK\"]"}
COMMAND: POST /session/f66dc8af89e796c2a1bae8c13753431d/elements - {"using":"xpath","value":"//bdi[text()=\"OK\"]"}
RESULT: {"using":"xpath","value":"//bdi[text()=\"OK\"]"}
COMMAND: POST /session/f66dc8af89e796c2a1bae8c13753431d/elements - {"using":"xpath","value":"//bdi[text()=\"OK\"]"}
RESULT: {"using":"xpath","value":"//bdi[text()=\"OK\"]"}
COMMAND: POST /session/f66dc8af89e796c2a1bae8c13753431d/elements - {"using":"xpath","value":"//bdi[text()=\"OK\"]"}
RESULT: {"using":"xpath","value":"//bdi[text()=\"OK\"]"}
COMMAND: POST /session/f66dc8af89e796c2a1bae8c13753431d/elements - {"using":"xpath","value":"//bdi[text()=\"OK\"]"}
RESULT: {"using":"xpath","value":"//bdi[text()=\"OK\"]"}
COMMAND: POST /session/f66dc8af89e796c2a1bae8c13753431d/elements - {"using":"xpath","value":"//bdi[text()=\"OK\"]"}
RESULT: {"using":"xpath","value":"//bdi[text()=\"OK\"]"}
COMMAND: POST /session/f66dc8af89e796c2a1bae8c13753431d/elements - {"using":"xpath","value":"//bdi[text()=\"OK\"]"}
RESULT: {"using":"xpath","value":"//bdi[text()=\"OK\"]"}
COMMAND: POST /session/f66dc8af89e796c2a1bae8c13753431d/execute/async - {"script":"<script> [1562 bytes]","args":[{"selector":{"id":"application-manageresources-display-component---newResourceUnit--TYPE-arrow"},"wdio_ui5_key":"applicationmanageresources-display-component---newResourceUnit--TYPE-arrow"}]}
RESULT: {"script":"<script> [1562 bytes]","args":[{"selector":{"id":"application-manageresources-display-component---newResourceUnit--TYPE-arrow"},"wdio_ui5_key":"applicationmanageresources-display-component---newResourceUnit--TYPE-arrow"}]}
RESULT: undefined
COMMAND: POST /session/f66dc8af89e796c2a1bae8c13753431d/element - {"using":"xpath","value":"//*[@id=\"application-manageresources-display-component---newResourceUnit--TYPE-arrow\"]"}
RESULT: {"using":"xpath","value":"//*[@id=\"application-manageresources-display-component---newResourceUnit--TYPE-arrow\"]"}
COMMAND: POST /session/f66dc8af89e796c2a1bae8c13753431d/element/f.84C8CB8F07A11D6CD1349F372DFB42D6.d.EADB5A38A9519A26C0C70239A09B3A09.e.8665/click - {}
RESULT: {}
COMMAND: POST /session/f66dc8af89e796c2a1bae8c13753431d/execute/async - {"script":"<script> [1562 bytes]","args":[{"selector":{"controlType":"sap.m.StandardListItem","viewName":"reusables.view.manageresources.NewResourceUnit","viewId":"application-manageresources-display-component---newResourceUnit","properties":{"title":"Equipment"},"searchOpenDialogs":true,"interaction":{"idSuffix":"content"}},"wdio_ui5_key":"reusablesview.manageresources.NewResourceUnitsap.m.StandardListItem{\"title\":\"Equipment\"}"}]}
COMMAND: GET /session/f66dc8af89e796c2a1bae8c13753431d/screenshot - {}
RESULT: {"script":"<script> [1562 bytes]","args":[{"selector":{"controlType":"sap.m.StandardListItem","viewName":"reusables.view.manageresources.NewResourceUnit","viewId":"application-manageresources-display-component---newResourceUnit","properties":{"title":"Equipment"},"searchOpenDialogs":true,"interaction":{"idSuffix":"content"}},"wdio_ui5_key":"reusablesview.manageresources.NewResourceUnitsap.m.StandardListItem{\"title\":\"Equipment\"}"}]}
RESULT: undefined
COMMAND: POST /session/f66dc8af89e796c2a1bae8c13753431d/element - {"using":"xpath","value":"//*[@id=\"__item143\"]"}
RESULT: {}
RESULT: {"using":"xpath","value":"//*[@id=\"__item143\"]"}
COMMAND: POST /session/f66dc8af89e796c2a1bae8c13753431d/element/f.84C8CB8F07A11D6CD1349F372DFB42D6.d.EADB5A38A9519A26C0C70239A09B3A09.e.8668/click - {}
RESULT: {}
COMMAND: POST /session/f66dc8af89e796c2a1bae8c13753431d/execute/async - {"script":"<script> [1562 bytes]","args":[{"selector":{"id":"application-manageresources-display-component---newResourceUnit--resourceId","interaction":{"idSuffix":"inner"}},"wdio_ui5_key":"applicationmanageresources-display-component---newResourceUnit--resourceId"}]}
COMMAND: GET /session/f66dc8af89e796c2a1bae8c13753431d/screenshot - {}
RESULT: {"script":"<script> [1562 bytes]","args":[{"selector":{"id":"application-manageresources-display-component---newResourceUnit--resourceId","interaction":{"idSuffix":"inner"}},"wdio_ui5_key":"applicationmanageresources-display-component---newResourceUnit--resourceId"}]}
RESULT: undefined
COMMAND: POST /session/f66dc8af89e796c2a1bae8c13753431d/execute/async - {"script":"<script> [776 bytes]","args":[{"enterText":"EquipmentCounter wc3vv","selector":{"id":"application-manageresources-display-component---newResourceUnit--resourceId","interaction":{"idSuffix":"inner"}},"clearTextFirst":true,"interactionType":"ENTER_TEXT"}]}
RESULT: {}
RESULT: {"script":"<script> [776 bytes]","args":[{"enterText":"EquipmentCounter wc3vv","selector":{"id":"application-manageresources-display-component---newResourceUnit--resourceId","interaction":{"idSuffix":"inner"}},"clearTextFirst":true,"interactionType":"ENTER_TEXT"}]}
COMMAND: POST /session/f66dc8af89e796c2a1bae8c13753431d/execute/async - {"script":"<script> [1562 bytes]","args":[{"selector":{"id":"application-manageresources-display-component---newResourceUnit--SHORT_TEXT","interaction":{"idSuffix":"inner"}},"wdio_ui5_key":"applicationmanageresources-display-component---newResourceUnit--SHORT_TEXT"}]}
RESULT: {"script":"<script> [1562 bytes]","args":[{"selector":{"id":"application-manageresources-display-component---newResourceUnit--SHORT_TEXT","interaction":{"idSuffix":"inner"}},"wdio_ui5_key":"applicationmanageresources-display-component---newResourceUnit--SHORT_TEXT"}]}
RESULT: undefined
COMMAND: POST /session/f66dc8af89e796c2a1bae8c13753431d/execute/async - {"script":"<script> [776 bytes]","args":[{"enterText":"EquipmentCounter wc3vv","selector":{"id":"application-manageresources-display-component---newResourceUnit--SHORT_TEXT","interaction":{"idSuffix":"inner"}},"clearTextFirst":true,"interactionType":"ENTER_TEXT"}]}
RESULT: {"script":"<script> [776 bytes]","args":[{"enterText":"EquipmentCounter wc3vv","selector":{"id":"application-manageresources-display-component---newResourceUnit--SHORT_TEXT","interaction":{"idSuffix":"inner"}},"clearTextFirst":true,"interactionType":"ENTER_TEXT"}]}
COMMAND: POST /session/f66dc8af89e796c2a1bae8c13753431d/execute/async - {"script":"<script> [1562 bytes]","args":[{"selector":{"id":"application-manageresources-display-component---newResourceUnit--BASE_UNIT_OF_MEASURE","interaction":{"idSuffix":"inner"}},"wdio_ui5_key":"applicationmanageresources-display-component---newResourceUnit--BASE_UNIT_OF_MEASURE"}]}
RESULT: {"script":"<script> [1562 bytes]","args":[{"selector":{"id":"application-manageresources-display-component---newResourceUnit--BASE_UNIT_OF_MEASURE","interaction":{"idSuffix":"inner"}},"wdio_ui5_key":"applicationmanageresources-display-component---newResourceUnit--BASE_UNIT_OF_MEASURE"}]}
RESULT: undefined
COMMAND: POST /session/f66dc8af89e796c2a1bae8c13753431d/execute/async - {"script":"<script> [776 bytes]","args":[{"enterText":"Piece","selector":{"id":"application-manageresources-display-component---newResourceUnit--BASE_UNIT_OF_MEASURE","interaction":{"idSuffix":"inner"}},"clearTextFirst":true,"interactionType":"ENTER_TEXT"}]}
RESULT: {"script":"<script> [776 bytes]","args":[{"enterText":"Piece","selector":{"id":"application-manageresources-display-component---newResourceUnit--BASE_UNIT_OF_MEASURE","interaction":{"idSuffix":"inner"}},"clearTextFirst":true,"interactionType":"ENTER_TEXT"}]}
COMMAND: POST /session/f66dc8af89e796c2a1bae8c13753431d/execute/async - {"script":"<script> [1562 bytes]","args":[{"selector":{"id":"application-manageresources-display-component---newResourceUnit--WEIGHT_UNIT","interaction":{"idSuffix":"inner"}},"wdio_ui5_key":"applicationmanageresources-display-component---newResourceUnit--WEIGHT_UNIT"}]}
RESULT: {"script":"<script> [1562 bytes]","args":[{"selector":{"id":"application-manageresources-display-component---newResourceUnit--WEIGHT_UNIT","interaction":{"idSuffix":"inner"}},"wdio_ui5_key":"applicationmanageresources-display-component---newResourceUnit--WEIGHT_UNIT"}]}
RESULT: undefined
COMMAND: POST /session/f66dc8af89e796c2a1bae8c13753431d/execute/async - {"script":"<script> [776 bytes]","args":[{"enterText":"Gram","selector":{"id":"application-manageresources-display-component---newResourceUnit--WEIGHT_UNIT","interaction":{"idSuffix":"inner"}},"clearTextFirst":true,"interactionType":"ENTER_TEXT"}]}
RESULT: {"script":"<script> [776 bytes]","args":[{"enterText":"Gram","selector":{"id":"application-manageresources-display-component---newResourceUnit--WEIGHT_UNIT","interaction":{"idSuffix":"inner"}},"clearTextFirst":true,"interactionType":"ENTER_TEXT"}]}
COMMAND: POST /session/f66dc8af89e796c2a1bae8c13753431d/execute/async - {"script":"<script> [1562 bytes]","args":[{"selector":{"id":"application-manageresources-display-component---newResourceUnit--newRRUPage-OPHeaderContent-collapseBtn-img"},"wdio_ui5_key":"applicationmanageresources-display-component---newResourceUnit--newRRUPage-OPHeaderContent-collapseBtn-img"}]}
RESULT: {"script":"<script> [1562 bytes]","args":[{"selector":{"id":"application-manageresources-display-component---newResourceUnit--newRRUPage-OPHeaderContent-collapseBtn-img"},"wdio_ui5_key":"applicationmanageresources-display-component---newResourceUnit--newRRUPage-OPHeaderContent-collapseBtn-img"}]}
RESULT: undefined
COMMAND: POST /session/f66dc8af89e796c2a1bae8c13753431d/element - {"using":"xpath","value":"//*[@id=\"application-manageresources-display-component---newResourceUnit--newRRUPage-OPHeaderContent-collapseBtn-img\"]"}
RESULT: {"using":"xpath","value":"//*[@id=\"application-manageresources-display-component---newResourceUnit--newRRUPage-OPHeaderContent-collapseBtn-img\"]"}
COMMAND: POST /session/f66dc8af89e796c2a1bae8c13753431d/element/f.84C8CB8F07A11D6CD1349F372DFB42D6.d.EADB5A38A9519A26C0C70239A09B3A09.e.8676/click - {}
RESULT: {}
COMMAND: GET /session/f66dc8af89e796c2a1bae8c13753431d/screenshot - {}
RESULT: {}
COMMAND: POST /session/f66dc8af89e796c2a1bae8c13753431d/element - {"using":"xpath","value":"(//span[contains(@id ,\"application-manageresources-display-component---newResourceUnit--DIMENSION_UNIT-arrow\")])[1]"}
RESULT: {"using":"xpath","value":"(//span[contains(@id ,\"application-manageresources-display-component---newResourceUnit--DIMENSION_UNIT-arrow\")])[1]"}
COMMAND: POST /session/f66dc8af89e796c2a1bae8c13753431d/element/f.84C8CB8F07A11D6CD1349F372DFB42D6.d.EADB5A38A9519A26C0C70239A09B3A09.e.8827/click - {}
RESULT: {}
COMMAND: GET /session/f66dc8af89e796c2a1bae8c13753431d/screenshot - {}
RESULT: {}
COMMAND: POST /session/f66dc8af89e796c2a1bae8c13753431d/execute/async - {"script":"<script> [1562 bytes]","args":[{"selector":{"controlType":"sap.m.StandardListItem","viewName":"reusables.view.manageresources.NewResourceUnit","viewId":"application-manageresources-display-component---newResourceUnit","properties":{"title":"Centimeter"},"searchOpenDialogs":true,"interaction":{"idSuffix":"titleText"}},"wdio_ui5_key":"reusablesview.manageresources.NewResourceUnitsap.m.StandardListItem{\"title\":\"Centimeter\"}"}]}
RESULT: {"script":"<script> [1562 bytes]","args":[{"selector":{"controlType":"sap.m.StandardListItem","viewName":"reusables.view.manageresources.NewResourceUnit","viewId":"application-manageresources-display-component---newResourceUnit","properties":{"title":"Centimeter"},"searchOpenDialogs":true,"interaction":{"idSuffix":"titleText"}},"wdio_ui5_key":"reusablesview.manageresources.NewResourceUnitsap.m.StandardListItem{\"title\":\"Centimeter\"}"}]}
RESULT: undefined
COMMAND: POST /session/f66dc8af89e796c2a1bae8c13753431d/element - {"using":"xpath","value":"//*[@id=\"__item203\"]"}
RESULT: {"using":"xpath","value":"//*[@id=\"__item203\"]"}
COMMAND: POST /session/f66dc8af89e796c2a1bae8c13753431d/element/f.84C8CB8F07A11D6CD1349F372DFB42D6.d.EADB5A38A9519A26C0C70239A09B3A09.e.8829/click - {}
RESULT: {}
COMMAND: GET /session/f66dc8af89e796c2a1bae8c13753431d/screenshot - {}
RESULT: {}
COMMAND: POST /session/f66dc8af89e796c2a1bae8c13753431d/execute/async - {"script":"<script> [1562 bytes]","args":[{"selector":{"id":"application-manageresources-display-component---newResourceUnit--newRRUPage-anchBar-application-manageresources-display-component---newResourceUnit--control-anchor","interaction":{"idSuffix":"BDI-content"}},"wdio_ui5_key":"applicationmanageresources-display-component---newResourceUnit--newRRUPage-anchBar-application-manageresources-display-component---newResourceUnit--control-anchor"}]}
RESULT: {"script":"<script> [1562 bytes]","args":[{"selector":{"id":"application-manageresources-display-component---newResourceUnit--newRRUPage-anchBar-application-manageresources-display-component---newResourceUnit--control-anchor","interaction":{"idSuffix":"BDI-content"}},"wdio_ui5_key":"applicationmanageresources-display-component---newResourceUnit--newRRUPage-anchBar-application-manageresources-display-component---newResourceUnit--control-anchor"}]}
RESULT: undefined
COMMAND: POST /session/f66dc8af89e796c2a1bae8c13753431d/element - {"using":"xpath","value":"//*[@id=\"application-manageresources-display-component---newResourceUnit--newRRUPage-anchBar-application-manageresources-display-component---newResourceUnit--control-anchor\"]"}
RESULT: {"using":"xpath","value":"//*[@id=\"application-manageresources-display-component---newResourceUnit--newRRUPage-anchBar-application-manageresources-display-component---newResourceUnit--control-anchor\"]"}
COMMAND: POST /session/f66dc8af89e796c2a1bae8c13753431d/element/f.84C8CB8F07A11D6CD1349F372DFB42D6.d.EADB5A38A9519A26C0C70239A09B3A09.e.8831/click - {}
RESULT: {}
COMMAND: POST /session/f66dc8af89e796c2a1bae8c13753431d/execute/async - {"script":"<script> [1562 bytes]","args":[{"selector":{"id":"application-manageresources-display-component---newResourceUnit--PLANNING_GROUP","interaction":{"idSuffix":"inner"}},"wdio_ui5_key":"applicationmanageresources-display-component---newResourceUnit--PLANNING_GROUP"}]}
COMMAND: GET /session/f66dc8af89e796c2a1bae8c13753431d/screenshot - {}
RESULT: {"script":"<script> [1562 bytes]","args":[{"selector":{"id":"application-manageresources-display-component---newResourceUnit--PLANNING_GROUP","interaction":{"idSuffix":"inner"}},"wdio_ui5_key":"applicationmanageresources-display-component---newResourceUnit--PLANNING_GROUP"}]}
RESULT: undefined
COMMAND: POST /session/f66dc8af89e796c2a1bae8c13753431d/execute/async - {"script":"<script> [776 bytes]","args":[{"enterText":"Heavy Equi","selector":{"id":"application-manageresources-display-component---newResourceUnit--PLANNING_GROUP","interaction":{"idSuffix":"inner"}},"clearTextFirst":true,"interactionType":"ENTER_TEXT"}]}
RESULT: {}
RESULT: {"script":"<script> [776 bytes]","args":[{"enterText":"Heavy Equi","selector":{"id":"application-manageresources-display-component---newResourceUnit--PLANNING_GROUP","interaction":{"idSuffix":"inner"}},"clearTextFirst":true,"interactionType":"ENTER_TEXT"}]}
COMMAND: POST /session/f66dc8af89e796c2a1bae8c13753431d/execute/async - {"script":"<script> [1562 bytes]","args":[{"selector":{"id":"application-manageresources-display-component---newResourceUnit--ITEM_TYPE-arrow"},"wdio_ui5_key":"applicationmanageresources-display-component---newResourceUnit--ITEM_TYPE-arrow"}]}
RESULT: {"script":"<script> [1562 bytes]","args":[{"selector":{"id":"application-manageresources-display-component---newResourceUnit--ITEM_TYPE-arrow"},"wdio_ui5_key":"applicationmanageresources-display-component---newResourceUnit--ITEM_TYPE-arrow"}]}
RESULT: undefined
COMMAND: POST /session/f66dc8af89e796c2a1bae8c13753431d/element - {"using":"xpath","value":"//*[@id=\"application-manageresources-display-component---newResourceUnit--ITEM_TYPE-arrow\"]"}
RESULT: {"using":"xpath","value":"//*[@id=\"application-manageresources-display-component---newResourceUnit--ITEM_TYPE-arrow\"]"}
COMMAND: POST /session/f66dc8af89e796c2a1bae8c13753431d/element/f.84C8CB8F07A11D6CD1349F372DFB42D6.d.EADB5A38A9519A26C0C70239A09B3A09.e.8836/click - {}
RESULT: {}
COMMAND: POST /session/f66dc8af89e796c2a1bae8c13753431d/execute/async - {"script":"<script> [1562 bytes]","args":[{"selector":{"controlType":"sap.m.StandardListItem","viewName":"reusables.view.manageresources.NewResourceUnit","viewId":"application-manageresources-display-component---newResourceUnit","properties":{"title":"Resource Unit"},"searchOpenDialogs":true,"interaction":{"idSuffix":"titleText"}},"wdio_ui5_key":"reusablesview.manageresources.NewResourceUnitsap.m.StandardListItem{\"title\":\"Resource Unit\"}"}]}
COMMAND: GET /session/f66dc8af89e796c2a1bae8c13753431d/screenshot - {}
RESULT: {"script":"<script> [1562 bytes]","args":[{"selector":{"controlType":"sap.m.StandardListItem","viewName":"reusables.view.manageresources.NewResourceUnit","viewId":"application-manageresources-display-component---newResourceUnit","properties":{"title":"Resource Unit"},"searchOpenDialogs":true,"interaction":{"idSuffix":"titleText"}},"wdio_ui5_key":"reusablesview.manageresources.NewResourceUnitsap.m.StandardListItem{\"title\":\"Resource Unit\"}"}]}
RESULT: undefined
COMMAND: POST /session/f66dc8af89e796c2a1bae8c13753431d/element - {"using":"xpath","value":"//*[@id=\"__item225\"]"}
RESULT: {}
RESULT: {"using":"xpath","value":"//*[@id=\"__item225\"]"}
COMMAND: POST /session/f66dc8af89e796c2a1bae8c13753431d/element/f.84C8CB8F07A11D6CD1349F372DFB42D6.d.EADB5A38A9519A26C0C70239A09B3A09.e.8838/click - {}
RESULT: {}
COMMAND: POST /session/f66dc8af89e796c2a1bae8c13753431d/element - {"using":"xpath","value":"//bdi[contains(text(), \"Time Segment\")]"}
COMMAND: GET /session/f66dc8af89e796c2a1bae8c13753431d/screenshot - {}
RESULT: {"using":"xpath","value":"//bdi[contains(text(), \"Time Segment\")]"}
COMMAND: GET /session/f66dc8af89e796c2a1bae8c13753431d/element/f.84C8CB8F07A11D6CD1349F372DFB42D6.d.EADB5A38A9519A26C0C70239A09B3A09.e.8846/rect - {}
RESULT: {}
RESULT: {}
COMMAND: GET /session/f66dc8af89e796c2a1bae8c13753431d/window/rect - {}
RESULT: {}
COMMAND: POST /session/f66dc8af89e796c2a1bae8c13753431d/execute/sync - {"script":"<script> [92 bytes]","args":[]}
RESULT: {"script":"<script> [92 bytes]","args":[]}
COMMAND: POST /session/f66dc8af89e796c2a1bae8c13753431d/actions - {"actions":[{"id":"action20","type":"wheel","parameters":{},"actions":[{"type":"scroll","x":-1820,"y":-21,"deltaX":0,"deltaY":0,"duration":0,"origin":{"element-6066-11e4-a52e-4f735466cecf":"f.84C8CB8F07A11D6CD1349F372DFB42D6.d.EADB5A38A9519A26C0C70239A09B3A09.e.8846"}}]}]}
COMMAND: GET /session/f66dc8af89e796c2a1bae8c13753431d/screenshot - {}
RESULT: {}
COMMAND: POST /session/f66dc8af89e796c2a1bae8c13753431d/execute/sync - {"script":"<script> [79 bytes]","args":[{"element-6066-11e4-a52e-4f735466cecf":"f.84C8CB8F07A11D6CD1349F372DFB42D6.d.EADB5A38A9519A26C0C70239A09B3A09.e.8846","ELEMENT":"f.84C8CB8F07A11D6CD1349F372DFB42D6.d.EADB5A38A9519A26C0C70239A09B3A09.e.8846"},{"block":"start","inline":"nearest"}]}
RESULT: {"script":"<script> [79 bytes]","args":[{"element-6066-11e4-a52e-4f735466cecf":"f.84C8CB8F07A11D6CD1349F372DFB42D6.d.EADB5A38A9519A26C0C70239A09B3A09.e.8846","ELEMENT":"f.84C8CB8F07A11D6CD1349F372DFB42D6.d.EADB5A38A9519A26C0C70239A09B3A09.e.8846"},{"block":"start","inline":"nearest"}]}
COMMAND: POST /session/f66dc8af89e796c2a1bae8c13753431d/execute/async - {"script":"<script> [1562 bytes]","args":[{"selector":{"id":"application-manageresources-display-component---newResourceUnit--btnAddTimeSegment-img"},"wdio_ui5_key":"applicationmanageresources-display-component---newResourceUnit--btnAddTimeSegment-img"}]}
COMMAND: GET /session/f66dc8af89e796c2a1bae8c13753431d/screenshot - {}
RESULT: {"script":"<script> [1562 bytes]","args":[{"selector":{"id":"application-manageresources-display-component---newResourceUnit--btnAddTimeSegment-img"},"wdio_ui5_key":"applicationmanageresources-display-component---newResourceUnit--btnAddTimeSegment-img"}]}
RESULT: undefined
COMMAND: POST /session/f66dc8af89e796c2a1bae8c13753431d/element - {"using":"xpath","value":"//*[@id=\"application-manageresources-display-component---newResourceUnit--btnAddTimeSegment-img\"]"}
RESULT: {}
RESULT: {"using":"xpath","value":"//*[@id=\"application-manageresources-display-component---newResourceUnit--btnAddTimeSegment-img\"]"}
COMMAND: POST /session/f66dc8af89e796c2a1bae8c13753431d/element/f.84C8CB8F07A11D6CD1349F372DFB42D6.d.EADB5A38A9519A26C0C70239A09B3A09.e.8847/click - {}
RESULT: {}
COMMAND: POST /session/f66dc8af89e796c2a1bae8c13753431d/element - {"using":"xpath","value":"//input[@id=\"application-manageresources-display-component---newResourceUnit--idRuTSAdmin-application-manageresources-display-component---newResourceUnit--RUTimeSegment-0-inner\"]"}
COMMAND: GET /session/f66dc8af89e796c2a1bae8c13753431d/screenshot - {}
RESULT: {"using":"xpath","value":"//input[@id=\"application-manageresources-display-component---newResourceUnit--idRuTSAdmin-application-manageresources-display-component---newResourceUnit--RUTimeSegment-0-inner\"]"}
COMMAND: POST /session/f66dc8af89e796c2a1bae8c13753431d/element/f.84C8CB8F07A11D6CD1349F372DFB42D6.d.EADB5A38A9519A26C0C70239A09B3A09.e.8852/clear - {}
RESULT: {}
RESULT: {}
COMMAND: POST /session/f66dc8af89e796c2a1bae8c13753431d/element/f.84C8CB8F07A11D6CD1349F372DFB42D6.d.EADB5A38A9519A26C0C70239A09B3A09.e.8852/value - {"text":"Webdriver Yard"}
COMMAND: GET /session/f66dc8af89e796c2a1bae8c13753431d/screenshot - {}
RESULT: {"text":"Webdriver Yard"}
COMMAND: GET /session/f66dc8af89e796c2a1bae8c13753431d/screenshot - {}
RESULT: {}
RESULT: {}
COMMAND: POST /session/f66dc8af89e796c2a1bae8c13753431d/actions - {"actions":[{"id":"action21","type":"key","parameters":{},"actions":[{"type":"keyDown","value":""},{"type":"pause","duration":10},{"type":"keyUp","value":""}]}]}
RESULT: {"actions":[{"id":"action21","type":"key","parameters":{},"actions":[{"type":"keyDown","value":""},{"type":"pause","duration":10},{"type":"keyUp","value":""}]}]}
COMMAND: POST /session/f66dc8af89e796c2a1bae8c13753431d/execute/async - {"script":"<script> [1562 bytes]","args":[{"selector":{"controlType":"sap.ui.core.Icon","viewName":"reusables.view.manageresources.NewResourceUnit","viewId":"application-manageresources-display-component---newResourceUnit","properties":{"src":{"regex":{"source":"slim\\-arrow\\-down"}}},"ancestor":{"controlType":"sap.m.ComboBox","viewName":"reusables.view.manageresources.NewResourceUnit","viewId":"application-manageresources-display-component---newResourceUnit","bindingPath":{"path":"/RESOURCE_UNIT_TIME_SEQUENCES/0","propertyPath":"COST_OBJECT_ADMIN_CST_TYPE","modelName":"oNewRruModel"}}},"wdio_ui5_key":"reusablesview.manageresources.NewResourceUnitsap.ui.core.Icon{\"src\":{\"regex\":{\"source\":\"slim\\\\-arrow\\\\-down\"}}}{\"controlType\":\"sap.m.ComboBox\",\"viewName\":\"reusables.view.manageresources.NewResourceUnit\",\"viewId\":\"application-manageresources-display-component---newResourceUnit\",\"bindingPath\":{\"path\":\"/RESOURCE_UNIT_TIME_SEQUENCES/0\",\"propertyPath\":\"COST_OBJECT_ADMIN_CST_TYPE\",\"modelName\":\"oNewRruModel\"}}"}]}
COMMAND: GET /session/f66dc8af89e796c2a1bae8c13753431d/screenshot - {}
RESULT: {"script":"<script> [1562 bytes]","args":[{"selector":{"controlType":"sap.ui.core.Icon","viewName":"reusables.view.manageresources.NewResourceUnit","viewId":"application-manageresources-display-component---newResourceUnit","properties":{"src":{"regex":{"source":"slim\\-arrow\\-down"}}},"ancestor":{"controlType":"sap.m.ComboBox","viewName":"reusables.view.manageresources.NewResourceUnit","viewId":"application-manageresources-display-component---newResourceUnit","bindingPath":{"path":"/RESOURCE_UNIT_TIME_SEQUENCES/0","propertyPath":"COST_OBJECT_ADMIN_CST_TYPE","modelName":"oNewRruModel"}}},"wdio_ui5_key":"reusablesview.manageresources.NewResourceUnitsap.ui.core.Icon{\"src\":{\"regex\":{\"source\":\"slim\\\\-arrow\\\\-down\"}}}{\"controlType\":\"sap.m.ComboBox\",\"viewName\":\"reusables.view.manageresources.NewResourceUnit\",\"viewId\":\"application-manageresources-display-component---newResourceUnit\",\"bindingPath\":{\"path\":\"/RESOURCE_UNIT_TIME_SEQUENCES/0\",\"propertyPath\":\"COST_OBJECT_ADMIN_CST_TYPE\",\"modelName\":\"oNewRruModel\"}}"}]}
RESULT: undefined
COMMAND: POST /session/f66dc8af89e796c2a1bae8c13753431d/element - {"using":"xpath","value":"//*[@id=\"__box4-application-manageresources-display-component---newResourceUnit--RUTimeSegment-0-arrow\"]"}
RESULT: {}
RESULT: {"using":"xpath","value":"//*[@id=\"__box4-application-manageresources-display-component---newResourceUnit--RUTimeSegment-0-arrow\"]"}
COMMAND: POST /session/f66dc8af89e796c2a1bae8c13753431d/element/f.84C8CB8F07A11D6CD1349F372DFB42D6.d.EADB5A38A9519A26C0C70239A09B3A09.e.8866/click - {}
RESULT: {}
COMMAND: POST /session/f66dc8af89e796c2a1bae8c13753431d/execute/async - {"script":"<script> [1562 bytes]","args":[{"selector":{"controlType":"sap.m.StandardListItem","viewName":"reusables.view.manageresources.NewResourceUnit","viewId":"application-manageresources-display-component---newResourceUnit","properties":{"title":"PM Order"},"searchOpenDialogs":true,"interaction":{"idSuffix":"titleText"}},"wdio_ui5_key":"reusablesview.manageresources.NewResourceUnitsap.m.StandardListItem{\"title\":\"PM Order\"}"}]}
COMMAND: GET /session/f66dc8af89e796c2a1bae8c13753431d/screenshot - {}
RESULT: {"script":"<script> [1562 bytes]","args":[{"selector":{"controlType":"sap.m.StandardListItem","viewName":"reusables.view.manageresources.NewResourceUnit","viewId":"application-manageresources-display-component---newResourceUnit","properties":{"title":"PM Order"},"searchOpenDialogs":true,"interaction":{"idSuffix":"titleText"}},"wdio_ui5_key":"reusablesview.manageresources.NewResourceUnitsap.m.StandardListItem{\"title\":\"PM Order\"}"}]}
RESULT: undefined
COMMAND: POST /session/f66dc8af89e796c2a1bae8c13753431d/element - {"using":"xpath","value":"//*[@id=\"__item565\"]"}
RESULT: {}
RESULT: {"using":"xpath","value":"//*[@id=\"__item565\"]"}
COMMAND: POST /session/f66dc8af89e796c2a1bae8c13753431d/element/f.84C8CB8F07A11D6CD1349F372DFB42D6.d.EADB5A38A9519A26C0C70239A09B3A09.e.8870/click - {}
RESULT: {}
COMMAND: GET /session/f66dc8af89e796c2a1bae8c13753431d/screenshot - {}
RESULT: {}
COMMAND: POST /session/f66dc8af89e796c2a1bae8c13753431d/element - {"using":"xpath","value":"(//input[contains(@id ,\"-application-manageresources-display-component---newResourceUnit--RUTimeSegment-0-inner\")])[8]"}
RESULT: {"using":"xpath","value":"(//input[contains(@id ,\"-application-manageresources-display-component---newResourceUnit--RUTimeSegment-0-inner\")])[8]"}
COMMAND: POST /session/f66dc8af89e796c2a1bae8c13753431d/element/f.84C8CB8F07A11D6CD1349F372DFB42D6.d.EADB5A38A9519A26C0C70239A09B3A09.e.8873/clear - {}
RESULT: {}
COMMAND: POST /session/f66dc8af89e796c2a1bae8c13753431d/element/f.84C8CB8F07A11D6CD1349F372DFB42D6.d.EADB5A38A9519A26C0C70239A09B3A09.e.8873/value - {"text":"4000360"}
COMMAND: GET /session/f66dc8af89e796c2a1bae8c13753431d/screenshot - {}
RESULT: {"text":"4000360"}
COMMAND: GET /session/f66dc8af89e796c2a1bae8c13753431d/screenshot - {}
RESULT: {}
RESULT: {}
COMMAND: POST /session/f66dc8af89e796c2a1bae8c13753431d/actions - {"actions":[{"id":"action22","type":"key","parameters":{},"actions":[{"type":"keyDown","value":""},{"type":"pause","duration":10},{"type":"keyUp","value":""}]}]}
RESULT: {"actions":[{"id":"action22","type":"key","parameters":{},"actions":[{"type":"keyDown","value":""},{"type":"pause","duration":10},{"type":"keyUp","value":""}]}]}
COMMAND: GET /session/f66dc8af89e796c2a1bae8c13753431d/screenshot - {}
RESULT: {}
COMMAND: POST /session/f66dc8af89e796c2a1bae8c13753431d/execute/async - {"script":"<script> [1562 bytes]","args":[{"selector":{"id":"application-manageresources-display-component---newResourceUnit--newTimeSegmentDateRangePicker-application-manageresources-display-component---newResourceUnit--RUTimeSegment-0","interaction":{"idSuffix":"inner"}},"wdio_ui5_key":"applicationmanageresources-display-component---newResourceUnit--newTimeSegmentDateRangePicker-application-manageresources-display-component---newResourceUnit--RUTimeSegment-0"}]}
RESULT: {"script":"<script> [1562 bytes]","args":[{"selector":{"id":"application-manageresources-display-component---newResourceUnit--newTimeSegmentDateRangePicker-application-manageresources-display-component---newResourceUnit--RUTimeSegment-0","interaction":{"idSuffix":"inner"}},"wdio_ui5_key":"applicationmanageresources-display-component---newResourceUnit--newTimeSegmentDateRangePicker-application-manageresources-display-component---newResourceUnit--RUTimeSegment-0"}]}
RESULT: undefined
COMMAND: POST /session/f66dc8af89e796c2a1bae8c13753431d/execute/async - {"script":"<script> [1562 bytes]","args":[{"selector":{"id":"application-manageresources-display-component---newResourceUnit--newRRUPage-anchBar-application-manageresources-display-component---newResourceUnit--resource-anchor","interaction":{"idSuffix":"BDI-content"}},"wdio_ui5_key":"applicationmanageresources-display-component---newResourceUnit--newRRUPage-anchBar-application-manageresources-display-component---newResourceUnit--resource-anchor"}]}
RESULT: {"script":"<script> [1562 bytes]","args":[{"selector":{"id":"application-manageresources-display-component---newResourceUnit--newRRUPage-anchBar-application-manageresources-display-component---newResourceUnit--resource-anchor","interaction":{"idSuffix":"BDI-content"}},"wdio_ui5_key":"applicationmanageresources-display-component---newResourceUnit--newRRUPage-anchBar-application-manageresources-display-component---newResourceUnit--resource-anchor"}]}
RESULT: undefined
COMMAND: POST /session/f66dc8af89e796c2a1bae8c13753431d/element - {"using":"xpath","value":"//*[@id=\"application-manageresources-display-component---newResourceUnit--newRRUPage-anchBar-application-manageresources-display-component---newResourceUnit--resource-anchor\"]"}
RESULT: {"using":"xpath","value":"//*[@id=\"application-manageresources-display-component---newResourceUnit--newRRUPage-anchBar-application-manageresources-display-component---newResourceUnit--resource-anchor\"]"}
COMMAND: POST /session/f66dc8af89e796c2a1bae8c13753431d/element/f.84C8CB8F07A11D6CD1349F372DFB42D6.d.EADB5A38A9519A26C0C70239A09B3A09.e.8892/click - {}
RESULT: {}
COMMAND: POST /session/f66dc8af89e796c2a1bae8c13753431d/execute/async - {"script":"<script> [1562 bytes]","args":[{"selector":{"id":"application-manageresources-display-component---newResourceUnit--PLANNED_DELIVERY_DATE","interaction":{"idSuffix":"inner"}},"wdio_ui5_key":"applicationmanageresources-display-component---newResourceUnit--PLANNED_DELIVERY_DATE"}]}
COMMAND: GET /session/f66dc8af89e796c2a1bae8c13753431d/screenshot - {}
RESULT: {"script":"<script> [1562 bytes]","args":[{"selector":{"id":"application-manageresources-display-component---newResourceUnit--PLANNED_DELIVERY_DATE","interaction":{"idSuffix":"inner"}},"wdio_ui5_key":"applicationmanageresources-display-component---newResourceUnit--PLANNED_DELIVERY_DATE"}]}
RESULT: undefined
COMMAND: POST /session/f66dc8af89e796c2a1bae8c13753431d/execute/async - {"script":"<script> [6424 bytes]","args":[{"element-6066-11e4-a52e-4f735466cecf":"f.84C8CB8F07A11D6CD1349F372DFB42D6.d.EADB5A38A9519A26C0C70239A09B3A09.e.8723"},"setValue",["06/28/24"]]}
RESULT: {}
RESULT: {"script":"<script> [6424 bytes]","args":[{"element-6066-11e4-a52e-4f735466cecf":"f.84C8CB8F07A11D6CD1349F372DFB42D6.d.EADB5A38A9519A26C0C70239A09B3A09.e.8723"},"setValue",["06/28/24"]]}
COMMAND: POST /session/f66dc8af89e796c2a1bae8c13753431d/execute/async - {"script":"<script> [1562 bytes]","args":[{"selector":{"controlType":"sap.m.Button","viewName":"reusables.view.manageresources.NewResourceUnit","viewId":"application-manageresources-display-component---newResourceUnit","i18NText":{"propertyName":"tooltip","key":"save"},"interaction":{"idSuffix":"BDI-content"}},"wdio_ui5_key":"reusablesview.manageresources.NewResourceUnitsap.m.Button{\"propertyName\":\"tooltip\",\"key\":\"save\"}"}]}
RESULT: {"script":"<script> [1562 bytes]","args":[{"selector":{"controlType":"sap.m.Button","viewName":"reusables.view.manageresources.NewResourceUnit","viewId":"application-manageresources-display-component---newResourceUnit","i18NText":{"propertyName":"tooltip","key":"save"},"interaction":{"idSuffix":"BDI-content"}},"wdio_ui5_key":"reusablesview.manageresources.NewResourceUnitsap.m.Button{\"propertyName\":\"tooltip\",\"key\":\"save\"}"}]}
RESULT: undefined
COMMAND: POST /session/f66dc8af89e796c2a1bae8c13753431d/element - {"using":"xpath","value":"//*[@id=\"application-manageresources-display-component---newResourceUnit--createRuButton\"]"}
RESULT: {"using":"xpath","value":"//*[@id=\"application-manageresources-display-component---newResourceUnit--createRuButton\"]"}
COMMAND: POST /session/f66dc8af89e796c2a1bae8c13753431d/element/f.84C8CB8F07A11D6CD1349F372DFB42D6.d.EADB5A38A9519A26C0C70239A09B3A09.e.8682/click - {}
RESULT: {}
COMMAND: GET /session/f66dc8af89e796c2a1bae8c13753431d/screenshot - {}
RESULT: {}
COMMAND: POST /session/f66dc8af89e796c2a1bae8c13753431d/execute/async - {"script":"<script> [1562 bytes]","args":[{"selector":{"controlType":"sap.m.Button","properties":{"text":"Close"},"searchOpenDialogs":true,"interaction":{"idSuffix":"inner"}},"wdio_ui5_key":"sapm.Button{\"text\":\"Close\"}"}]}
RESULT: {"script":"<script> [1562 bytes]","args":[{"selector":{"controlType":"sap.m.Button","properties":{"text":"Close"},"searchOpenDialogs":true,"interaction":{"idSuffix":"inner"}},"wdio_ui5_key":"sapm.Button{\"text\":\"Close\"}"}]}
RESULT: undefined
COMMAND: POST /session/f66dc8af89e796c2a1bae8c13753431d/element - {"using":"xpath","value":"//*[@id=\"__mbox-btn-0\"]"}
RESULT: {"using":"xpath","value":"//*[@id=\"__mbox-btn-0\"]"}
COMMAND: POST /session/f66dc8af89e796c2a1bae8c13753431d/element/f.84C8CB8F07A11D6CD1349F372DFB42D6.d.EADB5A38A9519A26C0C70239A09B3A09.e.8900/click - {}
RESULT: {}
COMMAND: GET /session/f66dc8af89e796c2a1bae8c13753431d/screenshot - {}
RESULT: {}
COMMAND: POST /session/f66dc8af89e796c2a1bae8c13753431d/execute/async - {"script":"<script> [1562 bytes]","args":[{"selector":{"controlType":"sap.m.Text","viewName":"etm.portal.ui.manageresources.view.Detail","viewId":"application-manageresources-display-component---detailRU","bindingPath":{"propertyPath":"ID","modelName":"catalogModel"}},"wdio_ui5_key":"etmportal.ui.manageresources.view.Detailsap.m.Text{\"propertyPath\":\"ID\",\"modelName\":\"catalogModel\"}"}]}
RESULT: {"script":"<script> [1562 bytes]","args":[{"selector":{"controlType":"sap.m.Text","viewName":"etm.portal.ui.manageresources.view.Detail","viewId":"application-manageresources-display-component---detailRU","bindingPath":{"propertyPath":"ID","modelName":"catalogModel"}},"wdio_ui5_key":"etmportal.ui.manageresources.view.Detailsap.m.Text{\"propertyPath\":\"ID\",\"modelName\":\"catalogModel\"}"}]}
RESULT: undefined
COMMAND: POST /session/f66dc8af89e796c2a1bae8c13753431d/execute/async - {"script":"<script> [6424 bytes]","args":[{"element-6066-11e4-a52e-4f735466cecf":"f.84C8CB8F07A11D6CD1349F372DFB42D6.d.EADB5A38A9519A26C0C70239A09B3A09.e.8936"},"getText",[]]}
RESULT: {"script":"<script> [6424 bytes]","args":[{"element-6066-11e4-a52e-4f735466cecf":"f.84C8CB8F07A11D6CD1349F372DFB42D6.d.EADB5A38A9519A26C0C70239A09B3A09.e.8936"},"getText",[]]}
COMMAND: POST /session/f66dc8af89e796c2a1bae8c13753431d/element - {"using":"xpath","value":"//bdi[text()=\"Edit\"]"}
RESULT: {"using":"xpath","value":"//bdi[text()=\"Edit\"]"}
COMMAND: GET /session/f66dc8af89e796c2a1bae8c13753431d/element/f.84C8CB8F07A11D6CD1349F372DFB42D6.d.EADB5A38A9519A26C0C70239A09B3A09.e.8937/enabled - {}
RESULT: {}
COMMAND: POST /session/f66dc8af89e796c2a1bae8c13753431d/execute/sync - {"script":"<script> [8489 bytes]","args":[{"element-6066-11e4-a52e-4f735466cecf":"f.84C8CB8F07A11D6CD1349F372DFB42D6.d.EADB5A38A9519A26C0C70239A09B3A09.e.8937","ELEMENT":"f.84C8CB8F07A11D6CD1349F372DFB42D6.d.EADB5A38A9519A26C0C70239A09B3A09.e.8937"}]}
COMMAND: GET /session/f66dc8af89e796c2a1bae8c13753431d/screenshot - {}
RESULT: {"script":"<script> [8489 bytes]","args":[{"element-6066-11e4-a52e-4f735466cecf":"f.84C8CB8F07A11D6CD1349F372DFB42D6.d.EADB5A38A9519A26C0C70239A09B3A09.e.8937","ELEMENT":"f.84C8CB8F07A11D6CD1349F372DFB42D6.d.EADB5A38A9519A26C0C70239A09B3A09.e.8937"}]}
COMMAND: POST /session/f66dc8af89e796c2a1bae8c13753431d/execute/sync - {"script":"<script> [5351 bytes]","args":[{"element-6066-11e4-a52e-4f735466cecf":"f.84C8CB8F07A11D6CD1349F372DFB42D6.d.EADB5A38A9519A26C0C70239A09B3A09.e.8937","ELEMENT":"f.84C8CB8F07A11D6CD1349F372DFB42D6.d.EADB5A38A9519A26C0C70239A09B3A09.e.8937"}]}
COMMAND: GET /session/f66dc8af89e796c2a1bae8c13753431d/screenshot - {}
RESULT: {}
RESULT: {"script":"<script> [5351 bytes]","args":[{"element-6066-11e4-a52e-4f735466cecf":"f.84C8CB8F07A11D6CD1349F372DFB42D6.d.EADB5A38A9519A26C0C70239A09B3A09.e.8937","ELEMENT":"f.84C8CB8F07A11D6CD1349F372DFB42D6.d.EADB5A38A9519A26C0C70239A09B3A09.e.8937"}]}
COMMAND: POST /session/f66dc8af89e796c2a1bae8c13753431d/element/f.84C8CB8F07A11D6CD1349F372DFB42D6.d.EADB5A38A9519A26C0C70239A09B3A09.e.8937/click - {}
COMMAND: GET /session/f66dc8af89e796c2a1bae8c13753431d/screenshot - {}
RESULT: {}
RESULT: {}
COMMAND: GET /session/f66dc8af89e796c2a1bae8c13753431d/screenshot - {}
RESULT: {}
RESULT: {}
COMMAND: POST /session/f66dc8af89e796c2a1bae8c13753431d/element - {"using":"xpath","value":"//bdi[@id=\"application-manageresources-display-component---editResource--editRruPage-anchBar-application-manageresources-display-component---editResource--counters-anchor-BDI-content\"]"}
RESULT: {"using":"xpath","value":"//bdi[@id=\"application-manageresources-display-component---editResource--editRruPage-anchBar-application-manageresources-display-component---editResource--counters-anchor-BDI-content\"]"}
COMMAND: POST /session/f66dc8af89e796c2a1bae8c13753431d/execute/sync - {"script":"<script> [8489 bytes]","args":[{"element-6066-11e4-a52e-4f735466cecf":"f.84C8CB8F07A11D6CD1349F372DFB42D6.d.EADB5A38A9519A26C0C70239A09B3A09.e.9080","ELEMENT":"f.84C8CB8F07A11D6CD1349F372DFB42D6.d.EADB5A38A9519A26C0C70239A09B3A09.e.9080"}]}
RESULT: {"script":"<script> [8489 bytes]","args":[{"element-6066-11e4-a52e-4f735466cecf":"f.84C8CB8F07A11D6CD1349F372DFB42D6.d.EADB5A38A9519A26C0C70239A09B3A09.e.9080","ELEMENT":"f.84C8CB8F07A11D6CD1349F372DFB42D6.d.EADB5A38A9519A26C0C70239A09B3A09.e.9080"}]}
COMMAND: POST /session/f66dc8af89e796c2a1bae8c13753431d/element/f.84C8CB8F07A11D6CD1349F372DFB42D6.d.EADB5A38A9519A26C0C70239A09B3A09.e.9080/click - {}
COMMAND: GET /session/f66dc8af89e796c2a1bae8c13753431d/screenshot - {}
RESULT: {}
COMMAND: GET /session/f66dc8af89e796c2a1bae8c13753431d/screenshot - {}
RESULT: {}
RESULT: {}
COMMAND: POST /session/f66dc8af89e796c2a1bae8c13753431d/execute/async - {"script":"<script> [1562 bytes]","args":[{"selector":{"id":"application-manageresources-display-component---editResource--btnAddCounter-img"},"wdio_ui5_key":"applicationmanageresources-display-component---editResource--btnAddCounter-img"}]}
RESULT: {"script":"<script> [1562 bytes]","args":[{"selector":{"id":"application-manageresources-display-component---editResource--btnAddCounter-img"},"wdio_ui5_key":"applicationmanageresources-display-component---editResource--btnAddCounter-img"}]}
RESULT: undefined
COMMAND: POST /session/f66dc8af89e796c2a1bae8c13753431d/element - {"using":"xpath","value":"//*[@id=\"application-manageresources-display-component---editResource--btnAddCounter-img\"]"}
RESULT: {"using":"xpath","value":"//*[@id=\"application-manageresources-display-component---editResource--btnAddCounter-img\"]"}
COMMAND: POST /session/f66dc8af89e796c2a1bae8c13753431d/element/f.84C8CB8F07A11D6CD1349F372DFB42D6.d.EADB5A38A9519A26C0C70239A09B3A09.e.9086/click - {}
RESULT: {}
COMMAND: GET /session/f66dc8af89e796c2a1bae8c13753431d/screenshot - {}
RESULT: {}
COMMAND: POST /session/f66dc8af89e796c2a1bae8c13753431d/execute/async - {"script":"<script> [1562 bytes]","args":[{"selector":{"id":"application-manageresources-display-component---editResource--HAND_OVER_TYPE-application-manageresources-display-component---editResource--RUCounters-0","interaction":{"idSuffix":"CbBg"}},"wdio_ui5_key":"applicationmanageresources-display-component---editResource--HAND_OVER_TYPE-application-manageresources-display-component---editResource--RUCounters-0"}]}
RESULT: {"script":"<script> [1562 bytes]","args":[{"selector":{"id":"application-manageresources-display-component---editResource--HAND_OVER_TYPE-application-manageresources-display-component---editResource--RUCounters-0","interaction":{"idSuffix":"CbBg"}},"wdio_ui5_key":"applicationmanageresources-display-component---editResource--HAND_OVER_TYPE-application-manageresources-display-component---editResource--RUCounters-0"}]}
RESULT: undefined
COMMAND: POST /session/f66dc8af89e796c2a1bae8c13753431d/element - {"using":"xpath","value":"//*[@id=\"application-manageresources-display-component---editResource--HAND_OVER_TYPE-application-manageresources-display-component---editResource--RUCounters-0\"]"}
RESULT: {"using":"xpath","value":"//*[@id=\"application-manageresources-display-component---editResource--HAND_OVER_TYPE-application-manageresources-display-component---editResource--RUCounters-0\"]"}
COMMAND: POST /session/f66dc8af89e796c2a1bae8c13753431d/element/f.84C8CB8F07A11D6CD1349F372DFB42D6.d.EADB5A38A9519A26C0C70239A09B3A09.e.9091/click - {}
RESULT: {}
COMMAND: POST /session/f66dc8af89e796c2a1bae8c13753431d/execute/async - {"script":"<script> [1562 bytes]","args":[{"selector":{"controlType":"sap.m.Button","viewName":"etm.portal.ui.manageresources.view.EditResource","viewId":"application-manageresources-display-component---editResource","i18NText":{"propertyName":"text","key":"save"},"interaction":{"idSuffix":"BDI-content"}},"wdio_ui5_key":"etmportal.ui.manageresources.view.EditResourcesap.m.Button{\"propertyName\":\"text\",\"key\":\"save\"}"}]}
COMMAND: GET /session/f66dc8af89e796c2a1bae8c13753431d/screenshot - {}
RESULT: {"script":"<script> [1562 bytes]","args":[{"selector":{"controlType":"sap.m.Button","viewName":"etm.portal.ui.manageresources.view.EditResource","viewId":"application-manageresources-display-component---editResource","i18NText":{"propertyName":"text","key":"save"},"interaction":{"idSuffix":"BDI-content"}},"wdio_ui5_key":"etmportal.ui.manageresources.view.EditResourcesap.m.Button{\"propertyName\":\"text\",\"key\":\"save\"}"}]}
RESULT: undefined
COMMAND: POST /session/f66dc8af89e796c2a1bae8c13753431d/element - {"using":"xpath","value":"//*[@id=\"__button102\"]"}
RESULT: {}
RESULT: {"using":"xpath","value":"//*[@id=\"__button102\"]"}
COMMAND: POST /session/f66dc8af89e796c2a1bae8c13753431d/element/f.84C8CB8F07A11D6CD1349F372DFB42D6.d.EADB5A38A9519A26C0C70239A09B3A09.e.9093/click - {}
RESULT: {}
COMMAND: GET /session/f66dc8af89e796c2a1bae8c13753431d/screenshot - {}
RESULT: {}
COMMAND: POST /session/f66dc8af89e796c2a1bae8c13753431d/element - {"using":"css selector","value":"#shell-header-logo"}
RESULT: {"using":"css selector","value":"#shell-header-logo"}
COMMAND: POST /session/f66dc8af89e796c2a1bae8c13753431d/elements - {"using":"css selector","value":"#shell-header-logo"}
RESULT: {"using":"css selector","value":"#shell-header-logo"}
COMMAND: POST /session/f66dc8af89e796c2a1bae8c13753431d/execute/sync - {"script":"<script> [8489 bytes]","args":[{"element-6066-11e4-a52e-4f735466cecf":"f.84C8CB8F07A11D6CD1349F372DFB42D6.d.EADB5A38A9519A26C0C70239A09B3A09.e.8175","ELEMENT":"f.84C8CB8F07A11D6CD1349F372DFB42D6.d.EADB5A38A9519A26C0C70239A09B3A09.e.8175"}]}
RESULT: {"script":"<script> [8489 bytes]","args":[{"element-6066-11e4-a52e-4f735466cecf":"f.84C8CB8F07A11D6CD1349F372DFB42D6.d.EADB5A38A9519A26C0C70239A09B3A09.e.8175","ELEMENT":"f.84C8CB8F07A11D6CD1349F372DFB42D6.d.EADB5A38A9519A26C0C70239A09B3A09.e.8175"}]}
COMMAND: POST /session/f66dc8af89e796c2a1bae8c13753431d/execute/sync - {"script":"<script> [5351 bytes]","args":[{"element-6066-11e4-a52e-4f735466cecf":"f.84C8CB8F07A11D6CD1349F372DFB42D6.d.EADB5A38A9519A26C0C70239A09B3A09.e.8175","ELEMENT":"f.84C8CB8F07A11D6CD1349F372DFB42D6.d.EADB5A38A9519A26C0C70239A09B3A09.e.8175"}]}
COMMAND: GET /session/f66dc8af89e796c2a1bae8c13753431d/screenshot - {}
RESULT: {"script":"<script> [5351 bytes]","args":[{"element-6066-11e4-a52e-4f735466cecf":"f.84C8CB8F07A11D6CD1349F372DFB42D6.d.EADB5A38A9519A26C0C70239A09B3A09.e.8175","ELEMENT":"f.84C8CB8F07A11D6CD1349F372DFB42D6.d.EADB5A38A9519A26C0C70239A09B3A09.e.8175"}]}
COMMAND: POST /session/f66dc8af89e796c2a1bae8c13753431d/element/f.84C8CB8F07A11D6CD1349F372DFB42D6.d.EADB5A38A9519A26C0C70239A09B3A09.e.8175/click - {}
COMMAND: GET /session/f66dc8af89e796c2a1bae8c13753431d/screenshot - {}
RESULT: {}
RESULT: {}
COMMAND: GET /session/f66dc8af89e796c2a1bae8c13753431d/screenshot - {}
RESULT: {}
RESULT: {}
COMMAND: POST /session/f66dc8af89e796c2a1bae8c13753431d/element - {"using":"css selector","value":"#shell-header-logo"}
RESULT: {"using":"css selector","value":"#shell-header-logo"}
COMMAND: POST /session/f66dc8af89e796c2a1bae8c13753431d/element/f.84C8CB8F07A11D6CD1349F372DFB42D6.d.EADB5A38A9519A26C0C70239A09B3A09.e.9105/click - {}
RESULT: {}
COMMAND: GET /session/f66dc8af89e796c2a1bae8c13753431d/screenshot - {}
RESULT: {}
]]></system-out>
    </testcase>
  </testsuite>
  <testsuite timestamp="2025-05-28T15:43:04" time="79.801" tests="2" failures="0" errors="0" skipped="0">
    <properties>
      <property name="specId" value="0"/>
      <property name="suiteName" value="Personnel creation and reference material verification  US120163"/>
      <property name="capabilities" value="chrome.136_0_7103_93.windows"/>
      <property name="file" value="file:///D:/a/1/s/test/specs/R2C/create-personnel-no-material-reference.spec.js"/>
    </properties>
    <testcase classname="chrome.136_0_7103_93.windows.Personnel_creation_and_reference_material_verification__US120163" name="Should create a new personnel and verify if the material reference is visible" time="61.183">
      <system-out><![CDATA[
RESULT: undefined
COMMAND: POST /session/f66dc8af89e796c2a1bae8c13753431d/element - {"using":"xpath","value":"//*[@id=\"__tile31\"]"}
RESULT: {"using":"xpath","value":"//*[@id=\"__tile31\"]"}
COMMAND: POST /session/f66dc8af89e796c2a1bae8c13753431d/element/f.84C8CB8F07A11D6CD1349F372DFB42D6.d.EADB5A38A9519A26C0C70239A09B3A09.e.8198/click - {}
RESULT: {}
COMMAND: GET /session/f66dc8af89e796c2a1bae8c13753431d/screenshot - {}
RESULT: {}
COMMAND: POST /session/f66dc8af89e796c2a1bae8c13753431d/elements - {"using":"xpath","value":"//span[text()='Error']"}
RESULT: {"using":"xpath","value":"//span[text()='Error']"}
COMMAND: POST /session/f66dc8af89e796c2a1bae8c13753431d/element - {"using":"xpath","value":"//button[@data-kt=\"addNewRUOverflowToolbarButton\"]"}
RESULT: {"using":"xpath","value":"//button[@data-kt=\"addNewRUOverflowToolbarButton\"]"}
COMMAND: POST /session/f66dc8af89e796c2a1bae8c13753431d/execute/sync - {"script":"<script> [8489 bytes]","args":[{"element-6066-11e4-a52e-4f735466cecf":"f.84C8CB8F07A11D6CD1349F372DFB42D6.d.EADB5A38A9519A26C0C70239A09B3A09.e.9146","ELEMENT":"f.84C8CB8F07A11D6CD1349F372DFB42D6.d.EADB5A38A9519A26C0C70239A09B3A09.e.9146"}]}
RESULT: {"script":"<script> [8489 bytes]","args":[{"element-6066-11e4-a52e-4f735466cecf":"f.84C8CB8F07A11D6CD1349F372DFB42D6.d.EADB5A38A9519A26C0C70239A09B3A09.e.9146","ELEMENT":"f.84C8CB8F07A11D6CD1349F372DFB42D6.d.EADB5A38A9519A26C0C70239A09B3A09.e.9146"}]}
COMMAND: POST /session/f66dc8af89e796c2a1bae8c13753431d/element/f.84C8CB8F07A11D6CD1349F372DFB42D6.d.EADB5A38A9519A26C0C70239A09B3A09.e.9146/click - {}
COMMAND: GET /session/f66dc8af89e796c2a1bae8c13753431d/screenshot - {}
RESULT: {}
RESULT: undefined
COMMAND: POST /session/f66dc8af89e796c2a1bae8c13753431d/element - {"using":"xpath","value":"//*[@id=\"application-manageresources-display-component---newResourceUnit--TYPE-arrow\"]"}
COMMAND: GET /session/f66dc8af89e796c2a1bae8c13753431d/screenshot - {}
RESULT: {}
RESULT: {"using":"xpath","value":"//*[@id=\"application-manageresources-display-component---newResourceUnit--TYPE-arrow\"]"}
COMMAND: POST /session/f66dc8af89e796c2a1bae8c13753431d/element/f.84C8CB8F07A11D6CD1349F372DFB42D6.d.EADB5A38A9519A26C0C70239A09B3A09.e.9473/click - {}
RESULT: {}
RESULT: {}
COMMAND: POST /session/f66dc8af89e796c2a1bae8c13753431d/execute/async - {"script":"<script> [1562 bytes]","args":[{"selector":{"controlType":"sap.m.StandardListItem","viewName":"reusables.view.manageresources.NewResourceUnit","viewId":"application-manageresources-display-component---newResourceUnit","properties":{"title":"Personnel"},"searchOpenDialogs":true,"interaction":{"idSuffix":"titleText"}},"wdio_ui5_key":"reusablesview.manageresources.NewResourceUnitsap.m.StandardListItem{\"title\":\"Personnel\"}"}]}
COMMAND: GET /session/f66dc8af89e796c2a1bae8c13753431d/screenshot - {}
RESULT: {"script":"<script> [1562 bytes]","args":[{"selector":{"controlType":"sap.m.StandardListItem","viewName":"reusables.view.manageresources.NewResourceUnit","viewId":"application-manageresources-display-component---newResourceUnit","properties":{"title":"Personnel"},"searchOpenDialogs":true,"interaction":{"idSuffix":"titleText"}},"wdio_ui5_key":"reusablesview.manageresources.NewResourceUnitsap.m.StandardListItem{\"title\":\"Personnel\"}"}]}
RESULT: undefined
COMMAND: POST /session/f66dc8af89e796c2a1bae8c13753431d/element - {"using":"xpath","value":"//*[@id=\"__item1207\"]"}
RESULT: {}
RESULT: {"using":"xpath","value":"//*[@id=\"__item1207\"]"}
COMMAND: POST /session/f66dc8af89e796c2a1bae8c13753431d/element/f.84C8CB8F07A11D6CD1349F372DFB42D6.d.EADB5A38A9519A26C0C70239A09B3A09.e.9480/click - {}
RESULT: {}
RESULT: undefined
COMMAND: POST /session/f66dc8af89e796c2a1bae8c13753431d/execute/async - {"script":"<script> [776 bytes]","args":[{"enterText":"WdIOPersonnelcabwgk","selector":{"id":"application-manageresources-display-component---newResourceUnit--SHORT_TEXT","interaction":{"idSuffix":"inner"}},"clearTextFirst":true,"interactionType":"ENTER_TEXT"}]}
COMMAND: GET /session/f66dc8af89e796c2a1bae8c13753431d/screenshot - {}
RESULT: {"script":"<script> [776 bytes]","args":[{"enterText":"WdIOPersonnelcabwgk","selector":{"id":"application-manageresources-display-component---newResourceUnit--SHORT_TEXT","interaction":{"idSuffix":"inner"}},"clearTextFirst":true,"interactionType":"ENTER_TEXT"}]}
COMMAND: POST /session/f66dc8af89e796c2a1bae8c13753431d/element - {"using":"xpath","value":"//bdi[contains(text(), \"Material\")]"}
RESULT: {}
RESULT: {"using":"xpath","value":"//bdi[contains(text(), \"Material\")]"}
COMMAND: POST /session/f66dc8af89e796c2a1bae8c13753431d/element - {"using":"xpath","value":"//bdi[contains(text(), \"Material\")]"}
RESULT: {"using":"xpath","value":"//bdi[contains(text(), \"Material\")]"}
COMMAND: POST /session/f66dc8af89e796c2a1bae8c13753431d/execute/async - {"script":"<script> [1562 bytes]","args":[{"selector":{"id":"application-manageresources-display-component---newResourceUnit--BASE_UNIT_OF_MEASURE-arrow"},"wdio_ui5_key":"applicationmanageresources-display-component---newResourceUnit--BASE_UNIT_OF_MEASURE-arrow"}]}
RESULT: {"script":"<script> [1562 bytes]","args":[{"selector":{"id":"application-manageresources-display-component---newResourceUnit--BASE_UNIT_OF_MEASURE-arrow"},"wdio_ui5_key":"applicationmanageresources-display-component---newResourceUnit--BASE_UNIT_OF_MEASURE-arrow"}]}
RESULT: undefined
COMMAND: POST /session/f66dc8af89e796c2a1bae8c13753431d/element - {"using":"xpath","value":"//*[@id=\"application-manageresources-display-component---newResourceUnit--BASE_UNIT_OF_MEASURE-arrow\"]"}
RESULT: {"using":"xpath","value":"//*[@id=\"application-manageresources-display-component---newResourceUnit--BASE_UNIT_OF_MEASURE-arrow\"]"}
COMMAND: POST /session/f66dc8af89e796c2a1bae8c13753431d/element/f.84C8CB8F07A11D6CD1349F372DFB42D6.d.EADB5A38A9519A26C0C70239A09B3A09.e.9585/click - {}
RESULT: {}
COMMAND: POST /session/f66dc8af89e796c2a1bae8c13753431d/execute/async - {"script":"<script> [1562 bytes]","args":[{"selector":{"controlType":"sap.m.StandardListItem","viewName":"reusables.view.manageresources.NewResourceUnit","viewId":"application-manageresources-display-component---newResourceUnit","properties":{"title":"Percent"},"searchOpenDialogs":true,"interaction":{"idSuffix":"titleText"}},"wdio_ui5_key":"reusablesview.manageresources.NewResourceUnitsap.m.StandardListItem{\"title\":\"Percent\"}"}]}
COMMAND: GET /session/f66dc8af89e796c2a1bae8c13753431d/screenshot - {}
RESULT: {"script":"<script> [1562 bytes]","args":[{"selector":{"controlType":"sap.m.StandardListItem","viewName":"reusables.view.manageresources.NewResourceUnit","viewId":"application-manageresources-display-component---newResourceUnit","properties":{"title":"Percent"},"searchOpenDialogs":true,"interaction":{"idSuffix":"titleText"}},"wdio_ui5_key":"reusablesview.manageresources.NewResourceUnitsap.m.StandardListItem{\"title\":\"Percent\"}"}]}
RESULT: undefined
COMMAND: POST /session/f66dc8af89e796c2a1bae8c13753431d/element - {"using":"xpath","value":"//*[@id=\"__item1237\"]"}
RESULT: {}
RESULT: {"using":"xpath","value":"//*[@id=\"__item1237\"]"}
COMMAND: POST /session/f66dc8af89e796c2a1bae8c13753431d/element/f.84C8CB8F07A11D6CD1349F372DFB42D6.d.EADB5A38A9519A26C0C70239A09B3A09.e.9587/click - {}
RESULT: {}
COMMAND: POST /session/f66dc8af89e796c2a1bae8c13753431d/execute/async - {"script":"<script> [1562 bytes]","args":[{"selector":{"id":"application-manageresources-display-component---newResourceUnit--PLANNING_GROUP-arrow"},"wdio_ui5_key":"applicationmanageresources-display-component---newResourceUnit--PLANNING_GROUP-arrow"}]}
COMMAND: GET /session/f66dc8af89e796c2a1bae8c13753431d/screenshot - {}
RESULT: {"script":"<script> [1562 bytes]","args":[{"selector":{"id":"application-manageresources-display-component---newResourceUnit--PLANNING_GROUP-arrow"},"wdio_ui5_key":"applicationmanageresources-display-component---newResourceUnit--PLANNING_GROUP-arrow"}]}
RESULT: undefined
COMMAND: POST /session/f66dc8af89e796c2a1bae8c13753431d/element - {"using":"xpath","value":"//*[@id=\"application-manageresources-display-component---newResourceUnit--PLANNING_GROUP-arrow\"]"}
RESULT: {}
RESULT: {"using":"xpath","value":"//*[@id=\"application-manageresources-display-component---newResourceUnit--PLANNING_GROUP-arrow\"]"}
COMMAND: POST /session/f66dc8af89e796c2a1bae8c13753431d/element/f.84C8CB8F07A11D6CD1349F372DFB42D6.d.EADB5A38A9519A26C0C70239A09B3A09.e.9588/click - {}
RESULT: {}
COMMAND: GET /session/f66dc8af89e796c2a1bae8c13753431d/screenshot - {}
RESULT: {}
COMMAND: POST /session/f66dc8af89e796c2a1bae8c13753431d/execute/async - {"script":"<script> [1562 bytes]","args":[{"selector":{"controlType":"sap.m.StandardListItem","viewName":"reusables.view.manageresources.NewResourceUnit","viewId":"application-manageresources-display-component---newResourceUnit","properties":{"title":"Operating personnel"},"searchOpenDialogs":true,"interaction":{"idSuffix":"titleText"}},"wdio_ui5_key":"reusablesview.manageresources.NewResourceUnitsap.m.StandardListItem{\"title\":\"Operating personnel\"}"}]}
RESULT: {"script":"<script> [1562 bytes]","args":[{"selector":{"controlType":"sap.m.StandardListItem","viewName":"reusables.view.manageresources.NewResourceUnit","viewId":"application-manageresources-display-component---newResourceUnit","properties":{"title":"Operating personnel"},"searchOpenDialogs":true,"interaction":{"idSuffix":"titleText"}},"wdio_ui5_key":"reusablesview.manageresources.NewResourceUnitsap.m.StandardListItem{\"title\":\"Operating personnel\"}"}]}
RESULT: undefined
COMMAND: POST /session/f66dc8af89e796c2a1bae8c13753431d/element - {"using":"xpath","value":"//*[@id=\"__item1246\"]"}
RESULT: {"using":"xpath","value":"//*[@id=\"__item1246\"]"}
COMMAND: POST /session/f66dc8af89e796c2a1bae8c13753431d/element/f.84C8CB8F07A11D6CD1349F372DFB42D6.d.EADB5A38A9519A26C0C70239A09B3A09.e.9590/click - {}
RESULT: {}
COMMAND: GET /session/f66dc8af89e796c2a1bae8c13753431d/screenshot - {}
RESULT: {}
COMMAND: POST /session/f66dc8af89e796c2a1bae8c13753431d/element - {"using":"xpath","value":"//bdi[contains(text(), \"Time Segment\")]"}
RESULT: {"using":"xpath","value":"//bdi[contains(text(), \"Time Segment\")]"}
COMMAND: GET /session/f66dc8af89e796c2a1bae8c13753431d/element/f.84C8CB8F07A11D6CD1349F372DFB42D6.d.EADB5A38A9519A26C0C70239A09B3A09.e.9591/rect - {}
RESULT: {}
COMMAND: GET /session/f66dc8af89e796c2a1bae8c13753431d/window/rect - {}
RESULT: {}
COMMAND: POST /session/f66dc8af89e796c2a1bae8c13753431d/execute/sync - {"script":"<script> [92 bytes]","args":[]}
RESULT: {"script":"<script> [92 bytes]","args":[]}
COMMAND: POST /session/f66dc8af89e796c2a1bae8c13753431d/actions - {"actions":[{"id":"action23","type":"wheel","parameters":{},"actions":[{"type":"scroll","x":-1820,"y":804,"deltaX":0,"deltaY":0,"duration":0,"origin":{"element-6066-11e4-a52e-4f735466cecf":"f.84C8CB8F07A11D6CD1349F372DFB42D6.d.EADB5A38A9519A26C0C70239A09B3A09.e.9591"}}]}]}
COMMAND: GET /session/f66dc8af89e796c2a1bae8c13753431d/screenshot - {}
RESULT: {}
COMMAND: POST /session/f66dc8af89e796c2a1bae8c13753431d/execute/sync - {"script":"<script> [79 bytes]","args":[{"element-6066-11e4-a52e-4f735466cecf":"f.84C8CB8F07A11D6CD1349F372DFB42D6.d.EADB5A38A9519A26C0C70239A09B3A09.e.9591","ELEMENT":"f.84C8CB8F07A11D6CD1349F372DFB42D6.d.EADB5A38A9519A26C0C70239A09B3A09.e.9591"},{"block":"start","inline":"nearest"}]}
RESULT: {"script":"<script> [79 bytes]","args":[{"element-6066-11e4-a52e-4f735466cecf":"f.84C8CB8F07A11D6CD1349F372DFB42D6.d.EADB5A38A9519A26C0C70239A09B3A09.e.9591","ELEMENT":"f.84C8CB8F07A11D6CD1349F372DFB42D6.d.EADB5A38A9519A26C0C70239A09B3A09.e.9591"},{"block":"start","inline":"nearest"}]}
COMMAND: GET /session/f66dc8af89e796c2a1bae8c13753431d/screenshot - {}
RESULT: {}
COMMAND: POST /session/f66dc8af89e796c2a1bae8c13753431d/element - {"using":"xpath","value":"//span[@id=\"application-manageresources-display-component---newResourceUnit--btnAddTimeSegment-img\"]"}
RESULT: {"using":"xpath","value":"//span[@id=\"application-manageresources-display-component---newResourceUnit--btnAddTimeSegment-img\"]"}
COMMAND: POST /session/f66dc8af89e796c2a1bae8c13753431d/execute/sync - {"script":"<script> [8489 bytes]","args":[{"element-6066-11e4-a52e-4f735466cecf":"f.84C8CB8F07A11D6CD1349F372DFB42D6.d.EADB5A38A9519A26C0C70239A09B3A09.e.9598","ELEMENT":"f.84C8CB8F07A11D6CD1349F372DFB42D6.d.EADB5A38A9519A26C0C70239A09B3A09.e.9598"}]}
RESULT: {"script":"<script> [8489 bytes]","args":[{"element-6066-11e4-a52e-4f735466cecf":"f.84C8CB8F07A11D6CD1349F372DFB42D6.d.EADB5A38A9519A26C0C70239A09B3A09.e.9598","ELEMENT":"f.84C8CB8F07A11D6CD1349F372DFB42D6.d.EADB5A38A9519A26C0C70239A09B3A09.e.9598"}]}
COMMAND: POST /session/f66dc8af89e796c2a1bae8c13753431d/element/f.84C8CB8F07A11D6CD1349F372DFB42D6.d.EADB5A38A9519A26C0C70239A09B3A09.e.9598/click - {}
COMMAND: GET /session/f66dc8af89e796c2a1bae8c13753431d/screenshot - {}
RESULT: {}
COMMAND: GET /session/f66dc8af89e796c2a1bae8c13753431d/screenshot - {}
RESULT: {}
COMMAND: POST /session/f66dc8af89e796c2a1bae8c13753431d/element - {"using":"xpath","value":"//input[@id=\"application-manageresources-display-component---newResourceUnit--idRuTSAdmin-application-manageresources-display-component---newResourceUnit--RUTimeSegment-0-inner\"]"}
RESULT: {}
RESULT: {"using":"xpath","value":"//input[@id=\"application-manageresources-display-component---newResourceUnit--idRuTSAdmin-application-manageresources-display-component---newResourceUnit--RUTimeSegment-0-inner\"]"}
COMMAND: POST /session/f66dc8af89e796c2a1bae8c13753431d/element/f.84C8CB8F07A11D6CD1349F372DFB42D6.d.EADB5A38A9519A26C0C70239A09B3A09.e.9601/clear - {}
RESULT: {}
COMMAND: POST /session/f66dc8af89e796c2a1bae8c13753431d/element/f.84C8CB8F07A11D6CD1349F372DFB42D6.d.EADB5A38A9519A26C0C70239A09B3A09.e.9601/value - {"text":"webdriveryard"}
COMMAND: GET /session/f66dc8af89e796c2a1bae8c13753431d/screenshot - {}
RESULT: {"text":"webdriveryard"}
COMMAND: GET /session/f66dc8af89e796c2a1bae8c13753431d/screenshot - {}
RESULT: {}
RESULT: {}
COMMAND: POST /session/f66dc8af89e796c2a1bae8c13753431d/actions - {"actions":[{"id":"action24","type":"key","parameters":{},"actions":[{"type":"keyDown","value":""},{"type":"pause","duration":10},{"type":"keyUp","value":""}]}]}
RESULT: {"actions":[{"id":"action24","type":"key","parameters":{},"actions":[{"type":"keyDown","value":""},{"type":"pause","duration":10},{"type":"keyUp","value":""}]}]}
COMMAND: GET /session/f66dc8af89e796c2a1bae8c13753431d/screenshot - {}
RESULT: {}
COMMAND: POST /session/f66dc8af89e796c2a1bae8c13753431d/element - {"using":"xpath","value":"//input[contains(@id, \"application-manageresources-display-component---newResourceUnit--newControlDataDateRangePicker-inner\")]"}
RESULT: {"using":"xpath","value":"//input[contains(@id, \"application-manageresources-display-component---newResourceUnit--newControlDataDateRangePicker-inner\")]"}
COMMAND: POST /session/f66dc8af89e796c2a1bae8c13753431d/element/f.84C8CB8F07A11D6CD1349F372DFB42D6.d.EADB5A38A9519A26C0C70239A09B3A09.e.9509/clear - {}
RESULT: {}
COMMAND: POST /session/f66dc8af89e796c2a1bae8c13753431d/element/f.84C8CB8F07A11D6CD1349F372DFB42D6.d.EADB5A38A9519A26C0C70239A09B3A09.e.9509/value - {"text":"12/17/26 - 2/18/27"}
COMMAND: GET /session/f66dc8af89e796c2a1bae8c13753431d/screenshot - {}
RESULT: {"text":"12/17/26 - 2/18/27"}
COMMAND: POST /session/f66dc8af89e796c2a1bae8c13753431d/element - {"using":"xpath","value":"//bdi[contains(@id, \"application-manageresources-display-component---newResourceUnit--createRuButton-BDI-content\")]"}
COMMAND: GET /session/f66dc8af89e796c2a1bae8c13753431d/screenshot - {}
RESULT: {}
RESULT: {}
RESULT: {"using":"xpath","value":"//bdi[contains(@id, \"application-manageresources-display-component---newResourceUnit--createRuButton-BDI-content\")]"}
COMMAND: POST /session/f66dc8af89e796c2a1bae8c13753431d/element/f.84C8CB8F07A11D6CD1349F372DFB42D6.d.EADB5A38A9519A26C0C70239A09B3A09.e.9615/click - {}
RESULT: {}
COMMAND: GET /session/f66dc8af89e796c2a1bae8c13753431d/screenshot - {}
RESULT: {}
COMMAND: POST /session/f66dc8af89e796c2a1bae8c13753431d/actions - {"actions":[{"id":"action25","type":"key","parameters":{},"actions":[{"type":"keyDown","value":""},{"type":"pause","duration":10},{"type":"keyUp","value":""}]}]}
RESULT: {"actions":[{"id":"action25","type":"key","parameters":{},"actions":[{"type":"keyDown","value":""},{"type":"pause","duration":10},{"type":"keyUp","value":""}]}]}
COMMAND: GET /session/f66dc8af89e796c2a1bae8c13753431d/screenshot - {}
RESULT: {}
]]></system-out>
    </testcase>
    <testcase classname="chrome.136_0_7103_93.windows.Personnel_creation_and_reference_material_verification__US120163" name="Should verify if the reference material is visible in edit and detail mode" time="15.487">
      <system-out><![CDATA[
COMMAND: POST /session/f66dc8af89e796c2a1bae8c13753431d/element - {"using":"xpath","value":"//bdi[contains(text(), \"Edit\")]"}
RESULT: {"using":"xpath","value":"//bdi[contains(text(), \"Edit\")]"}
COMMAND: POST /session/f66dc8af89e796c2a1bae8c13753431d/element/f.84C8CB8F07A11D6CD1349F372DFB42D6.d.EADB5A38A9519A26C0C70239A09B3A09.e.9649/click - {}
RESULT: {}
COMMAND: GET /session/f66dc8af89e796c2a1bae8c13753431d/screenshot - {}
RESULT: {}
COMMAND: POST /session/f66dc8af89e796c2a1bae8c13753431d/element - {"using":"xpath","value":"//bdi[contains(text(), \"Material\")]"}
RESULT: {"using":"xpath","value":"//bdi[contains(text(), \"Material\")]"}
COMMAND: POST /session/f66dc8af89e796c2a1bae8c13753431d/element - {"using":"xpath","value":"//bdi[contains(text(), \"Material\")]"}
RESULT: {"using":"xpath","value":"//bdi[contains(text(), \"Material\")]"}
COMMAND: POST /session/f66dc8af89e796c2a1bae8c13753431d/element - {"using":"xpath","value":"(//bdi[contains(text(), \"Save\")])[2]"}
RESULT: {"using":"xpath","value":"(//bdi[contains(text(), \"Save\")])[2]"}
COMMAND: POST /session/f66dc8af89e796c2a1bae8c13753431d/element/f.84C8CB8F07A11D6CD1349F372DFB42D6.d.EADB5A38A9519A26C0C70239A09B3A09.e.9699/click - {}
RESULT: {}
COMMAND: GET /session/f66dc8af89e796c2a1bae8c13753431d/screenshot - {}
RESULT: {}
COMMAND: DELETE /session/f66dc8af89e796c2a1bae8c13753431d - {}
RESULT: {}
]]></system-out>
    </testcase>
  </testsuite>
</testsuites>