<?xml version="1.0" encoding="UTF-8"?>
<testsuites tests="49" failures="0" errors="0" skipped="0">
  <testsuite timestamp="2025-06-14T15:07:17" time="1940.713" tests="49" failures="0" errors="0" skipped="0">
    <properties>
      <property name="specId" value="0"/>
      <property name="suiteName" value="Sanity Tests US104253"/>
      <property name="capabilities" value="chrome.137_0_7151_69.windows"/>
      <property name="file" value="file:///D:/a/1/s/test/specs/General/sanity.spec.js"/>
    </properties>
    <testcase classname="chrome.137_0_7151_69.windows.Sanity_Tests_US104253" name="Should open Manage Partners page" time="37.783">
      <system-out><![CDATA[
COMMAND: POST /session/0710d204f59bc7c8bafa9dd32e268d75/execute/async - {"script":"<script> [1562 bytes]","args":[{"selector":{"controlType":"sap.m.GenericTile","properties":{"header":"Manage Partners"}},"wdio_ui5_key":"sapm.GenericTile{\"header\":\"Manage Partners\"}"}]}
RESULT: {"script":"<script> [1562 bytes]","args":[{"selector":{"controlType":"sap.m.GenericTile","properties":{"header":"Manage Partners"}},"wdio_ui5_key":"sapm.GenericTile{\"header\":\"Manage Partners\"}"}]}
RESULT: undefined
COMMAND: POST /session/0710d204f59bc7c8bafa9dd32e268d75/element - {"using":"xpath","value":"//*[@id=\"__tile39\"]"}
RESULT: {"using":"xpath","value":"//*[@id=\"__tile39\"]"}
COMMAND: POST /session/0710d204f59bc7c8bafa9dd32e268d75/element/f.5D2050798C0F4018B6E223C2FB1C8E29.d.1DD3B9C22C8E97535E46346A9AAB3C9B.e.131/click - {}
RESULT: {}
COMMAND: GET /session/0710d204f59bc7c8bafa9dd32e268d75/screenshot - {}
RESULT: {}
COMMAND: POST /session/0710d204f59bc7c8bafa9dd32e268d75/elements - {"using":"xpath","value":"//span[text()='Error']"}
RESULT: {"using":"xpath","value":"//span[text()='Error']"}
RESULT: undefined
COMMAND: POST /session/0710d204f59bc7c8bafa9dd32e268d75/element - {"using":"xpath","value":"//*[@id=\"__tile39\"]"}
RESULT: {"using":"xpath","value":"//*[@id=\"__tile39\"]"}
COMMAND: POST /session/0710d204f59bc7c8bafa9dd32e268d75/element/f.5D2050798C0F4018B6E223C2FB1C8E29.d.1DD3B9C22C8E97535E46346A9AAB3C9B.e.131/click - {}
RESULT: undefined
COMMAND: POST /session/0710d204f59bc7c8bafa9dd32e268d75/element - {"using":"xpath","value":"//*[@id=\"__tile39\"]"}
RESULT: {"using":"xpath","value":"//*[@id=\"__tile39\"]"}
COMMAND: POST /session/0710d204f59bc7c8bafa9dd32e268d75/element/f.5D2050798C0F4018B6E223C2FB1C8E29.d.1DD3B9C22C8E97535E46346A9AAB3C9B.e.131/click - {}
COMMAND: POST /session/0710d204f59bc7c8bafa9dd32e268d75/execute/async - {"script":"<script> [1562 bytes]","args":[{"selector":{"id":"shellAppTitle"},"wdio_ui5_key":"shellAppTitle"}]}
RESULT: {"script":"<script> [1562 bytes]","args":[{"selector":{"id":"shellAppTitle"},"wdio_ui5_key":"shellAppTitle"}]}
RESULT: undefined
COMMAND: POST /session/0710d204f59bc7c8bafa9dd32e268d75/execute/async - {"script":"<script> [6424 bytes]","args":[{"element-6066-11e4-a52e-4f735466cecf":"f.5D2050798C0F4018B6E223C2FB1C8E29.d.1DD3B9C22C8E97535E46346A9AAB3C9B.e.308"},"getTitle",[]]}
RESULT: {"script":"<script> [6424 bytes]","args":[{"element-6066-11e4-a52e-4f735466cecf":"f.5D2050798C0F4018B6E223C2FB1C8E29.d.1DD3B9C22C8E97535E46346A9AAB3C9B.e.308"},"getTitle",[]]}
COMMAND: POST /session/0710d204f59bc7c8bafa9dd32e268d75/execute/async - {"script":"<script> [1562 bytes]","args":[{"selector":{"id":"backBtn"},"wdio_ui5_key":"backBtn"}]}
RESULT: {"script":"<script> [1562 bytes]","args":[{"selector":{"id":"backBtn"},"wdio_ui5_key":"backBtn"}]}
RESULT: undefined
COMMAND: POST /session/0710d204f59bc7c8bafa9dd32e268d75/element - {"using":"xpath","value":"//*[@id=\"backBtn\"]"}
RESULT: {"using":"xpath","value":"//*[@id=\"backBtn\"]"}
COMMAND: POST /session/0710d204f59bc7c8bafa9dd32e268d75/element/f.5D2050798C0F4018B6E223C2FB1C8E29.d.1DD3B9C22C8E97535E46346A9AAB3C9B.e.309/click - {}
RESULT: {}
COMMAND: GET /session/0710d204f59bc7c8bafa9dd32e268d75/screenshot - {}
RESULT: {}
]]></system-out>
    </testcase>
    <testcase classname="chrome.137_0_7151_69.windows.Sanity_Tests_US104253" name="Should open Manage Sites page" time="37.355">
      <system-out><![CDATA[
COMMAND: POST /session/0710d204f59bc7c8bafa9dd32e268d75/execute/async - {"script":"<script> [1562 bytes]","args":[{"selector":{"controlType":"sap.m.GenericTile","properties":{"header":"Manage Sites"}},"wdio_ui5_key":"sapm.GenericTile{\"header\":\"Manage Sites\"}"}]}
RESULT: {"script":"<script> [1562 bytes]","args":[{"selector":{"controlType":"sap.m.GenericTile","properties":{"header":"Manage Sites"}},"wdio_ui5_key":"sapm.GenericTile{\"header\":\"Manage Sites\"}"}]}
RESULT: undefined
COMMAND: POST /session/0710d204f59bc7c8bafa9dd32e268d75/element - {"using":"xpath","value":"//*[@id=\"__tile41\"]"}
RESULT: {"using":"xpath","value":"//*[@id=\"__tile41\"]"}
COMMAND: POST /session/0710d204f59bc7c8bafa9dd32e268d75/element/f.5D2050798C0F4018B6E223C2FB1C8E29.d.1DD3B9C22C8E97535E46346A9AAB3C9B.e.311/click - {}
RESULT: {}
COMMAND: GET /session/0710d204f59bc7c8bafa9dd32e268d75/screenshot - {}
RESULT: {}
COMMAND: POST /session/0710d204f59bc7c8bafa9dd32e268d75/elements - {"using":"xpath","value":"//span[text()='Error']"}
RESULT: {"using":"xpath","value":"//span[text()='Error']"}
RESULT: undefined
COMMAND: POST /session/0710d204f59bc7c8bafa9dd32e268d75/element - {"using":"xpath","value":"//*[@id=\"__tile41\"]"}
RESULT: {"using":"xpath","value":"//*[@id=\"__tile41\"]"}
COMMAND: POST /session/0710d204f59bc7c8bafa9dd32e268d75/element/f.5D2050798C0F4018B6E223C2FB1C8E29.d.1DD3B9C22C8E97535E46346A9AAB3C9B.e.311/click - {}
RESULT: undefined
COMMAND: POST /session/0710d204f59bc7c8bafa9dd32e268d75/element - {"using":"xpath","value":"//*[@id=\"__tile41\"]"}
RESULT: {"using":"xpath","value":"//*[@id=\"__tile41\"]"}
COMMAND: POST /session/0710d204f59bc7c8bafa9dd32e268d75/element/f.5D2050798C0F4018B6E223C2FB1C8E29.d.1DD3B9C22C8E97535E46346A9AAB3C9B.e.311/click - {}
RESULT: undefined
COMMAND: POST /session/0710d204f59bc7c8bafa9dd32e268d75/execute/async - {"script":"<script> [6424 bytes]","args":[{"element-6066-11e4-a52e-4f735466cecf":"f.5D2050798C0F4018B6E223C2FB1C8E29.d.1DD3B9C22C8E97535E46346A9AAB3C9B.e.308"},"getTitle",[]]}
COMMAND: POST /session/0710d204f59bc7c8bafa9dd32e268d75/execute/async - {"script":"<script> [1562 bytes]","args":[{"selector":{"id":"shellAppTitle"},"wdio_ui5_key":"shellAppTitle"}]}
RESULT: {"script":"<script> [1562 bytes]","args":[{"selector":{"id":"shellAppTitle"},"wdio_ui5_key":"shellAppTitle"}]}
COMMAND: POST /session/0710d204f59bc7c8bafa9dd32e268d75/execute/async - {"script":"<script> [6424 bytes]","args":[{"element-6066-11e4-a52e-4f735466cecf":"f.5D2050798C0F4018B6E223C2FB1C8E29.d.1DD3B9C22C8E97535E46346A9AAB3C9B.e.503"},"getTitle",[]]}
RESULT: {"script":"<script> [6424 bytes]","args":[{"element-6066-11e4-a52e-4f735466cecf":"f.5D2050798C0F4018B6E223C2FB1C8E29.d.1DD3B9C22C8E97535E46346A9AAB3C9B.e.503"},"getTitle",[]]}
RESULT: undefined
COMMAND: POST /session/0710d204f59bc7c8bafa9dd32e268d75/element/f.5D2050798C0F4018B6E223C2FB1C8E29.d.1DD3B9C22C8E97535E46346A9AAB3C9B.e.309/click - {}
RESULT: {}
COMMAND: GET /session/0710d204f59bc7c8bafa9dd32e268d75/screenshot - {}
RESULT: {}
]]></system-out>
    </testcase>
    <testcase classname="chrome.137_0_7151_69.windows.Sanity_Tests_US104253" name="Should open Manage Resources page" time="37.057">
      <system-out><![CDATA[
COMMAND: POST /session/0710d204f59bc7c8bafa9dd32e268d75/execute/async - {"script":"<script> [1562 bytes]","args":[{"selector":{"controlType":"sap.m.GenericTile","properties":{"header":"Manage Resources"}},"wdio_ui5_key":"sapm.GenericTile{\"header\":\"Manage Resources\"}"}]}
RESULT: {"script":"<script> [1562 bytes]","args":[{"selector":{"controlType":"sap.m.GenericTile","properties":{"header":"Manage Resources"}},"wdio_ui5_key":"sapm.GenericTile{\"header\":\"Manage Resources\"}"}]}
RESULT: undefined
COMMAND: POST /session/0710d204f59bc7c8bafa9dd32e268d75/element - {"using":"xpath","value":"//*[@id=\"__tile40\"]"}
RESULT: {"using":"xpath","value":"//*[@id=\"__tile40\"]"}
COMMAND: POST /session/0710d204f59bc7c8bafa9dd32e268d75/element/f.5D2050798C0F4018B6E223C2FB1C8E29.d.1DD3B9C22C8E97535E46346A9AAB3C9B.e.505/click - {}
RESULT: {}
COMMAND: GET /session/0710d204f59bc7c8bafa9dd32e268d75/screenshot - {}
RESULT: {}
COMMAND: POST /session/0710d204f59bc7c8bafa9dd32e268d75/elements - {"using":"xpath","value":"//span[text()='Error']"}
RESULT: {"using":"xpath","value":"//span[text()='Error']"}
RESULT: undefined
COMMAND: POST /session/0710d204f59bc7c8bafa9dd32e268d75/element - {"using":"xpath","value":"//*[@id=\"__tile40\"]"}
RESULT: {"using":"xpath","value":"//*[@id=\"__tile40\"]"}
COMMAND: POST /session/0710d204f59bc7c8bafa9dd32e268d75/element/f.5D2050798C0F4018B6E223C2FB1C8E29.d.1DD3B9C22C8E97535E46346A9AAB3C9B.e.505/click - {}
RESULT: undefined
COMMAND: POST /session/0710d204f59bc7c8bafa9dd32e268d75/element - {"using":"xpath","value":"//*[@id=\"__tile40\"]"}
RESULT: {"using":"xpath","value":"//*[@id=\"__tile40\"]"}
COMMAND: POST /session/0710d204f59bc7c8bafa9dd32e268d75/element/f.5D2050798C0F4018B6E223C2FB1C8E29.d.1DD3B9C22C8E97535E46346A9AAB3C9B.e.505/click - {}
RESULT: undefined
COMMAND: POST /session/0710d204f59bc7c8bafa9dd32e268d75/execute/async - {"script":"<script> [6424 bytes]","args":[{"element-6066-11e4-a52e-4f735466cecf":"f.5D2050798C0F4018B6E223C2FB1C8E29.d.1DD3B9C22C8E97535E46346A9AAB3C9B.e.308"},"getTitle",[]]}
COMMAND: POST /session/0710d204f59bc7c8bafa9dd32e268d75/execute/async - {"script":"<script> [1562 bytes]","args":[{"selector":{"id":"shellAppTitle"},"wdio_ui5_key":"shellAppTitle"}]}
RESULT: {"script":"<script> [1562 bytes]","args":[{"selector":{"id":"shellAppTitle"},"wdio_ui5_key":"shellAppTitle"}]}
COMMAND: POST /session/0710d204f59bc7c8bafa9dd32e268d75/execute/async - {"script":"<script> [6424 bytes]","args":[{"element-6066-11e4-a52e-4f735466cecf":"f.5D2050798C0F4018B6E223C2FB1C8E29.d.1DD3B9C22C8E97535E46346A9AAB3C9B.e.676"},"getTitle",[]]}
RESULT: {"script":"<script> [6424 bytes]","args":[{"element-6066-11e4-a52e-4f735466cecf":"f.5D2050798C0F4018B6E223C2FB1C8E29.d.1DD3B9C22C8E97535E46346A9AAB3C9B.e.676"},"getTitle",[]]}
RESULT: undefined
COMMAND: POST /session/0710d204f59bc7c8bafa9dd32e268d75/element/f.5D2050798C0F4018B6E223C2FB1C8E29.d.1DD3B9C22C8E97535E46346A9AAB3C9B.e.309/click - {}
COMMAND: POST /session/0710d204f59bc7c8bafa9dd32e268d75/element - {"using":"xpath","value":"//*[@id=\"backBtn\"]"}
RESULT: {"using":"xpath","value":"//*[@id=\"backBtn\"]"}
COMMAND: POST /session/0710d204f59bc7c8bafa9dd32e268d75/element/f.5D2050798C0F4018B6E223C2FB1C8E29.d.1DD3B9C22C8E97535E46346A9AAB3C9B.e.309/click - {}
COMMAND: POST /session/0710d204f59bc7c8bafa9dd32e268d75/element - {"using":"xpath","value":"//*[@id=\"backBtn\"]"}
RESULT: {"using":"xpath","value":"//*[@id=\"backBtn\"]"}
COMMAND: POST /session/0710d204f59bc7c8bafa9dd32e268d75/element/f.5D2050798C0F4018B6E223C2FB1C8E29.d.1DD3B9C22C8E97535E46346A9AAB3C9B.e.677/click - {}
RESULT: {}
COMMAND: GET /session/0710d204f59bc7c8bafa9dd32e268d75/screenshot - {}
RESULT: {}
]]></system-out>
    </testcase>
    <testcase classname="chrome.137_0_7151_69.windows.Sanity_Tests_US104253" name="Should open Manage Catalogs page" time="36.771">
      <system-out><![CDATA[
COMMAND: POST /session/0710d204f59bc7c8bafa9dd32e268d75/execute/async - {"script":"<script> [1562 bytes]","args":[{"selector":{"controlType":"sap.m.GenericTile","properties":{"header":"Manage Catalogs"}},"wdio_ui5_key":"sapm.GenericTile{\"header\":\"Manage Catalogs\"}"}]}
RESULT: {"script":"<script> [1562 bytes]","args":[{"selector":{"controlType":"sap.m.GenericTile","properties":{"header":"Manage Catalogs"}},"wdio_ui5_key":"sapm.GenericTile{\"header\":\"Manage Catalogs\"}"}]}
RESULT: undefined
COMMAND: POST /session/0710d204f59bc7c8bafa9dd32e268d75/element - {"using":"xpath","value":"//*[@id=\"__tile38\"]"}
RESULT: {"using":"xpath","value":"//*[@id=\"__tile38\"]"}
COMMAND: POST /session/0710d204f59bc7c8bafa9dd32e268d75/element/f.5D2050798C0F4018B6E223C2FB1C8E29.d.1DD3B9C22C8E97535E46346A9AAB3C9B.e.679/click - {}
RESULT: {}
COMMAND: GET /session/0710d204f59bc7c8bafa9dd32e268d75/screenshot - {}
RESULT: {}
COMMAND: POST /session/0710d204f59bc7c8bafa9dd32e268d75/elements - {"using":"xpath","value":"//span[text()='Error']"}
RESULT: {"using":"xpath","value":"//span[text()='Error']"}
RESULT: undefined
COMMAND: POST /session/0710d204f59bc7c8bafa9dd32e268d75/element - {"using":"xpath","value":"//*[@id=\"__tile38\"]"}
RESULT: {"using":"xpath","value":"//*[@id=\"__tile38\"]"}
COMMAND: POST /session/0710d204f59bc7c8bafa9dd32e268d75/element/f.5D2050798C0F4018B6E223C2FB1C8E29.d.1DD3B9C22C8E97535E46346A9AAB3C9B.e.679/click - {}
RESULT: undefined
COMMAND: POST /session/0710d204f59bc7c8bafa9dd32e268d75/element - {"using":"xpath","value":"//*[@id=\"__tile38\"]"}
RESULT: {"using":"xpath","value":"//*[@id=\"__tile38\"]"}
COMMAND: POST /session/0710d204f59bc7c8bafa9dd32e268d75/element/f.5D2050798C0F4018B6E223C2FB1C8E29.d.1DD3B9C22C8E97535E46346A9AAB3C9B.e.679/click - {}
RESULT: undefined
COMMAND: POST /session/0710d204f59bc7c8bafa9dd32e268d75/execute/async - {"script":"<script> [6424 bytes]","args":[{"element-6066-11e4-a52e-4f735466cecf":"f.5D2050798C0F4018B6E223C2FB1C8E29.d.1DD3B9C22C8E97535E46346A9AAB3C9B.e.308"},"getTitle",[]]}
COMMAND: POST /session/0710d204f59bc7c8bafa9dd32e268d75/execute/async - {"script":"<script> [1562 bytes]","args":[{"selector":{"id":"shellAppTitle"},"wdio_ui5_key":"shellAppTitle"}]}
RESULT: {"script":"<script> [1562 bytes]","args":[{"selector":{"id":"shellAppTitle"},"wdio_ui5_key":"shellAppTitle"}]}
COMMAND: POST /session/0710d204f59bc7c8bafa9dd32e268d75/execute/async - {"script":"<script> [6424 bytes]","args":[{"element-6066-11e4-a52e-4f735466cecf":"f.5D2050798C0F4018B6E223C2FB1C8E29.d.1DD3B9C22C8E97535E46346A9AAB3C9B.e.748"},"getTitle",[]]}
RESULT: {"script":"<script> [6424 bytes]","args":[{"element-6066-11e4-a52e-4f735466cecf":"f.5D2050798C0F4018B6E223C2FB1C8E29.d.1DD3B9C22C8E97535E46346A9AAB3C9B.e.748"},"getTitle",[]]}
RESULT: undefined
COMMAND: POST /session/0710d204f59bc7c8bafa9dd32e268d75/element/f.5D2050798C0F4018B6E223C2FB1C8E29.d.1DD3B9C22C8E97535E46346A9AAB3C9B.e.677/click - {}
RESULT: {}
COMMAND: GET /session/0710d204f59bc7c8bafa9dd32e268d75/screenshot - {}
RESULT: {}
]]></system-out>
    </testcase>
    <testcase classname="chrome.137_0_7151_69.windows.Sanity_Tests_US104253" name="Should open Manage Calendars page" time="37.528">
      <system-out><![CDATA[
COMMAND: POST /session/0710d204f59bc7c8bafa9dd32e268d75/execute/async - {"script":"<script> [1562 bytes]","args":[{"selector":{"controlType":"sap.m.GenericTile","properties":{"header":"Manage Calendars"}},"wdio_ui5_key":"sapm.GenericTile{\"header\":\"Manage Calendars\"}"}]}
RESULT: {"script":"<script> [1562 bytes]","args":[{"selector":{"controlType":"sap.m.GenericTile","properties":{"header":"Manage Calendars"}},"wdio_ui5_key":"sapm.GenericTile{\"header\":\"Manage Calendars\"}"}]}
RESULT: undefined
COMMAND: POST /session/0710d204f59bc7c8bafa9dd32e268d75/element - {"using":"xpath","value":"//*[@id=\"__tile37\"]"}
RESULT: {"using":"xpath","value":"//*[@id=\"__tile37\"]"}
COMMAND: POST /session/0710d204f59bc7c8bafa9dd32e268d75/element/f.5D2050798C0F4018B6E223C2FB1C8E29.d.1DD3B9C22C8E97535E46346A9AAB3C9B.e.750/click - {}
RESULT: {}
COMMAND: GET /session/0710d204f59bc7c8bafa9dd32e268d75/screenshot - {}
RESULT: {}
COMMAND: POST /session/0710d204f59bc7c8bafa9dd32e268d75/elements - {"using":"xpath","value":"//span[text()='Error']"}
RESULT: {"using":"xpath","value":"//span[text()='Error']"}
RESULT: undefined
COMMAND: POST /session/0710d204f59bc7c8bafa9dd32e268d75/element - {"using":"xpath","value":"//*[@id=\"__tile37\"]"}
RESULT: {"using":"xpath","value":"//*[@id=\"__tile37\"]"}
COMMAND: POST /session/0710d204f59bc7c8bafa9dd32e268d75/element/f.5D2050798C0F4018B6E223C2FB1C8E29.d.1DD3B9C22C8E97535E46346A9AAB3C9B.e.750/click - {}
RESULT: undefined
COMMAND: POST /session/0710d204f59bc7c8bafa9dd32e268d75/element - {"using":"xpath","value":"//*[@id=\"__tile37\"]"}
RESULT: {"using":"xpath","value":"//*[@id=\"__tile37\"]"}
COMMAND: POST /session/0710d204f59bc7c8bafa9dd32e268d75/element/f.5D2050798C0F4018B6E223C2FB1C8E29.d.1DD3B9C22C8E97535E46346A9AAB3C9B.e.750/click - {}
RESULT: undefined
COMMAND: POST /session/0710d204f59bc7c8bafa9dd32e268d75/execute/async - {"script":"<script> [6424 bytes]","args":[{"element-6066-11e4-a52e-4f735466cecf":"f.5D2050798C0F4018B6E223C2FB1C8E29.d.1DD3B9C22C8E97535E46346A9AAB3C9B.e.308"},"getTitle",[]]}
COMMAND: POST /session/0710d204f59bc7c8bafa9dd32e268d75/execute/async - {"script":"<script> [1562 bytes]","args":[{"selector":{"id":"shellAppTitle"},"wdio_ui5_key":"shellAppTitle"}]}
RESULT: {"script":"<script> [1562 bytes]","args":[{"selector":{"id":"shellAppTitle"},"wdio_ui5_key":"shellAppTitle"}]}
COMMAND: POST /session/0710d204f59bc7c8bafa9dd32e268d75/execute/async - {"script":"<script> [6424 bytes]","args":[{"element-6066-11e4-a52e-4f735466cecf":"f.5D2050798C0F4018B6E223C2FB1C8E29.d.1DD3B9C22C8E97535E46346A9AAB3C9B.e.819"},"getTitle",[]]}
RESULT: {"script":"<script> [6424 bytes]","args":[{"element-6066-11e4-a52e-4f735466cecf":"f.5D2050798C0F4018B6E223C2FB1C8E29.d.1DD3B9C22C8E97535E46346A9AAB3C9B.e.819"},"getTitle",[]]}
RESULT: undefined
COMMAND: POST /session/0710d204f59bc7c8bafa9dd32e268d75/element/f.5D2050798C0F4018B6E223C2FB1C8E29.d.1DD3B9C22C8E97535E46346A9AAB3C9B.e.677/click - {}
COMMAND: POST /session/0710d204f59bc7c8bafa9dd32e268d75/element - {"using":"xpath","value":"//*[@id=\"backBtn\"]"}
RESULT: {"using":"xpath","value":"//*[@id=\"backBtn\"]"}
COMMAND: POST /session/0710d204f59bc7c8bafa9dd32e268d75/element/f.5D2050798C0F4018B6E223C2FB1C8E29.d.1DD3B9C22C8E97535E46346A9AAB3C9B.e.677/click - {}
COMMAND: POST /session/0710d204f59bc7c8bafa9dd32e268d75/element - {"using":"xpath","value":"//*[@id=\"backBtn\"]"}
RESULT: {"using":"xpath","value":"//*[@id=\"backBtn\"]"}
COMMAND: POST /session/0710d204f59bc7c8bafa9dd32e268d75/element/f.5D2050798C0F4018B6E223C2FB1C8E29.d.1DD3B9C22C8E97535E46346A9AAB3C9B.e.820/click - {}
RESULT: {}
COMMAND: GET /session/0710d204f59bc7c8bafa9dd32e268d75/screenshot - {}
RESULT: {}
]]></system-out>
    </testcase>
    <testcase classname="chrome.137_0_7151_69.windows.Sanity_Tests_US104253" name="Should open Address Management page" time="37.899">
      <system-out><![CDATA[
COMMAND: POST /session/0710d204f59bc7c8bafa9dd32e268d75/execute/async - {"script":"<script> [1562 bytes]","args":[{"selector":{"controlType":"sap.m.GenericTile","properties":{"header":"Address Management"}},"wdio_ui5_key":"sapm.GenericTile{\"header\":\"Address Management\"}"}]}
RESULT: {"script":"<script> [1562 bytes]","args":[{"selector":{"controlType":"sap.m.GenericTile","properties":{"header":"Address Management"}},"wdio_ui5_key":"sapm.GenericTile{\"header\":\"Address Management\"}"}]}
RESULT: undefined
COMMAND: POST /session/0710d204f59bc7c8bafa9dd32e268d75/element - {"using":"xpath","value":"//*[@id=\"__tile34\"]"}
RESULT: {"using":"xpath","value":"//*[@id=\"__tile34\"]"}
COMMAND: POST /session/0710d204f59bc7c8bafa9dd32e268d75/element/f.5D2050798C0F4018B6E223C2FB1C8E29.d.1DD3B9C22C8E97535E46346A9AAB3C9B.e.822/click - {}
RESULT: {}
COMMAND: GET /session/0710d204f59bc7c8bafa9dd32e268d75/screenshot - {}
RESULT: {}
COMMAND: POST /session/0710d204f59bc7c8bafa9dd32e268d75/elements - {"using":"xpath","value":"//span[text()='Error']"}
RESULT: {"using":"xpath","value":"//span[text()='Error']"}
RESULT: undefined
COMMAND: POST /session/0710d204f59bc7c8bafa9dd32e268d75/element - {"using":"xpath","value":"//*[@id=\"__tile34\"]"}
RESULT: {"using":"xpath","value":"//*[@id=\"__tile34\"]"}
COMMAND: POST /session/0710d204f59bc7c8bafa9dd32e268d75/element/f.5D2050798C0F4018B6E223C2FB1C8E29.d.1DD3B9C22C8E97535E46346A9AAB3C9B.e.822/click - {}
RESULT: undefined
COMMAND: POST /session/0710d204f59bc7c8bafa9dd32e268d75/element - {"using":"xpath","value":"//*[@id=\"__tile34\"]"}
RESULT: {"using":"xpath","value":"//*[@id=\"__tile34\"]"}
COMMAND: POST /session/0710d204f59bc7c8bafa9dd32e268d75/element/f.5D2050798C0F4018B6E223C2FB1C8E29.d.1DD3B9C22C8E97535E46346A9AAB3C9B.e.822/click - {}
RESULT: undefined
COMMAND: POST /session/0710d204f59bc7c8bafa9dd32e268d75/execute/async - {"script":"<script> [6424 bytes]","args":[{"element-6066-11e4-a52e-4f735466cecf":"f.5D2050798C0F4018B6E223C2FB1C8E29.d.1DD3B9C22C8E97535E46346A9AAB3C9B.e.308"},"getTitle",[]]}
COMMAND: POST /session/0710d204f59bc7c8bafa9dd32e268d75/execute/async - {"script":"<script> [1562 bytes]","args":[{"selector":{"id":"shellAppTitle"},"wdio_ui5_key":"shellAppTitle"}]}
RESULT: {"script":"<script> [1562 bytes]","args":[{"selector":{"id":"shellAppTitle"},"wdio_ui5_key":"shellAppTitle"}]}
COMMAND: POST /session/0710d204f59bc7c8bafa9dd32e268d75/execute/async - {"script":"<script> [6424 bytes]","args":[{"element-6066-11e4-a52e-4f735466cecf":"f.5D2050798C0F4018B6E223C2FB1C8E29.d.1DD3B9C22C8E97535E46346A9AAB3C9B.e.1005"},"getTitle",[]]}
RESULT: {"script":"<script> [6424 bytes]","args":[{"element-6066-11e4-a52e-4f735466cecf":"f.5D2050798C0F4018B6E223C2FB1C8E29.d.1DD3B9C22C8E97535E46346A9AAB3C9B.e.1005"},"getTitle",[]]}
RESULT: undefined
COMMAND: POST /session/0710d204f59bc7c8bafa9dd32e268d75/element/f.5D2050798C0F4018B6E223C2FB1C8E29.d.1DD3B9C22C8E97535E46346A9AAB3C9B.e.820/click - {}
RESULT: {}
COMMAND: GET /session/0710d204f59bc7c8bafa9dd32e268d75/screenshot - {}
RESULT: {}
]]></system-out>
    </testcase>
    <testcase classname="chrome.137_0_7151_69.windows.Sanity_Tests_US104253" name="Should open Bill Of Resources page" time="37.253">
      <system-out><![CDATA[
COMMAND: POST /session/0710d204f59bc7c8bafa9dd32e268d75/execute/async - {"script":"<script> [1562 bytes]","args":[{"selector":{"controlType":"sap.m.GenericTile","properties":{"header":"Bill Of Resources"}},"wdio_ui5_key":"sapm.GenericTile{\"header\":\"Bill Of Resources\"}"}]}
RESULT: {"script":"<script> [1562 bytes]","args":[{"selector":{"controlType":"sap.m.GenericTile","properties":{"header":"Bill Of Resources"}},"wdio_ui5_key":"sapm.GenericTile{\"header\":\"Bill Of Resources\"}"}]}
RESULT: undefined
COMMAND: POST /session/0710d204f59bc7c8bafa9dd32e268d75/element - {"using":"xpath","value":"//*[@id=\"__tile35\"]"}
RESULT: {"using":"xpath","value":"//*[@id=\"__tile35\"]"}
COMMAND: POST /session/0710d204f59bc7c8bafa9dd32e268d75/element/f.5D2050798C0F4018B6E223C2FB1C8E29.d.1DD3B9C22C8E97535E46346A9AAB3C9B.e.1007/click - {}
RESULT: {}
COMMAND: GET /session/0710d204f59bc7c8bafa9dd32e268d75/screenshot - {}
RESULT: {}
COMMAND: POST /session/0710d204f59bc7c8bafa9dd32e268d75/elements - {"using":"xpath","value":"//span[text()='Error']"}
RESULT: {"using":"xpath","value":"//span[text()='Error']"}
RESULT: undefined
COMMAND: POST /session/0710d204f59bc7c8bafa9dd32e268d75/element - {"using":"xpath","value":"//*[@id=\"__tile35\"]"}
RESULT: {"using":"xpath","value":"//*[@id=\"__tile35\"]"}
COMMAND: POST /session/0710d204f59bc7c8bafa9dd32e268d75/element/f.5D2050798C0F4018B6E223C2FB1C8E29.d.1DD3B9C22C8E97535E46346A9AAB3C9B.e.1007/click - {}
RESULT: undefined
COMMAND: POST /session/0710d204f59bc7c8bafa9dd32e268d75/element - {"using":"xpath","value":"//*[@id=\"__tile35\"]"}
RESULT: {"using":"xpath","value":"//*[@id=\"__tile35\"]"}
COMMAND: POST /session/0710d204f59bc7c8bafa9dd32e268d75/element/f.5D2050798C0F4018B6E223C2FB1C8E29.d.1DD3B9C22C8E97535E46346A9AAB3C9B.e.1007/click - {}
RESULT: undefined
COMMAND: POST /session/0710d204f59bc7c8bafa9dd32e268d75/execute/async - {"script":"<script> [6424 bytes]","args":[{"element-6066-11e4-a52e-4f735466cecf":"f.5D2050798C0F4018B6E223C2FB1C8E29.d.1DD3B9C22C8E97535E46346A9AAB3C9B.e.308"},"getTitle",[]]}
COMMAND: POST /session/0710d204f59bc7c8bafa9dd32e268d75/execute/async - {"script":"<script> [1562 bytes]","args":[{"selector":{"id":"shellAppTitle"},"wdio_ui5_key":"shellAppTitle"}]}
RESULT: {"script":"<script> [1562 bytes]","args":[{"selector":{"id":"shellAppTitle"},"wdio_ui5_key":"shellAppTitle"}]}
COMMAND: POST /session/0710d204f59bc7c8bafa9dd32e268d75/execute/async - {"script":"<script> [6424 bytes]","args":[{"element-6066-11e4-a52e-4f735466cecf":"f.5D2050798C0F4018B6E223C2FB1C8E29.d.1DD3B9C22C8E97535E46346A9AAB3C9B.e.1084"},"getTitle",[]]}
RESULT: {"script":"<script> [6424 bytes]","args":[{"element-6066-11e4-a52e-4f735466cecf":"f.5D2050798C0F4018B6E223C2FB1C8E29.d.1DD3B9C22C8E97535E46346A9AAB3C9B.e.1084"},"getTitle",[]]}
RESULT: undefined
COMMAND: POST /session/0710d204f59bc7c8bafa9dd32e268d75/element/f.5D2050798C0F4018B6E223C2FB1C8E29.d.1DD3B9C22C8E97535E46346A9AAB3C9B.e.820/click - {}
COMMAND: POST /session/0710d204f59bc7c8bafa9dd32e268d75/element - {"using":"xpath","value":"//*[@id=\"backBtn\"]"}
RESULT: {"using":"xpath","value":"//*[@id=\"backBtn\"]"}
COMMAND: POST /session/0710d204f59bc7c8bafa9dd32e268d75/element/f.5D2050798C0F4018B6E223C2FB1C8E29.d.1DD3B9C22C8E97535E46346A9AAB3C9B.e.820/click - {}
COMMAND: POST /session/0710d204f59bc7c8bafa9dd32e268d75/element - {"using":"xpath","value":"//*[@id=\"backBtn\"]"}
RESULT: {"using":"xpath","value":"//*[@id=\"backBtn\"]"}
COMMAND: POST /session/0710d204f59bc7c8bafa9dd32e268d75/element/f.5D2050798C0F4018B6E223C2FB1C8E29.d.1DD3B9C22C8E97535E46346A9AAB3C9B.e.1085/click - {}
RESULT: {}
COMMAND: GET /session/0710d204f59bc7c8bafa9dd32e268d75/screenshot - {}
RESULT: {}
]]></system-out>
    </testcase>
    <testcase classname="chrome.137_0_7151_69.windows.Sanity_Tests_US104253" name="Should open Manage Yards page" time="37.366">
      <system-out><![CDATA[
COMMAND: POST /session/0710d204f59bc7c8bafa9dd32e268d75/execute/async - {"script":"<script> [1562 bytes]","args":[{"selector":{"controlType":"sap.m.GenericTile","properties":{"header":"Manage Yards"}},"wdio_ui5_key":"sapm.GenericTile{\"header\":\"Manage Yards\"}"}]}
RESULT: {"script":"<script> [1562 bytes]","args":[{"selector":{"controlType":"sap.m.GenericTile","properties":{"header":"Manage Yards"}},"wdio_ui5_key":"sapm.GenericTile{\"header\":\"Manage Yards\"}"}]}
RESULT: undefined
COMMAND: POST /session/0710d204f59bc7c8bafa9dd32e268d75/element - {"using":"xpath","value":"//*[@id=\"__tile42\"]"}
RESULT: {"using":"xpath","value":"//*[@id=\"__tile42\"]"}
COMMAND: POST /session/0710d204f59bc7c8bafa9dd32e268d75/element/f.5D2050798C0F4018B6E223C2FB1C8E29.d.1DD3B9C22C8E97535E46346A9AAB3C9B.e.1087/click - {}
RESULT: {}
COMMAND: GET /session/0710d204f59bc7c8bafa9dd32e268d75/screenshot - {}
RESULT: {}
COMMAND: POST /session/0710d204f59bc7c8bafa9dd32e268d75/elements - {"using":"xpath","value":"//span[text()='Error']"}
RESULT: {"using":"xpath","value":"//span[text()='Error']"}
RESULT: undefined
COMMAND: POST /session/0710d204f59bc7c8bafa9dd32e268d75/element - {"using":"xpath","value":"//*[@id=\"__tile42\"]"}
RESULT: {"using":"xpath","value":"//*[@id=\"__tile42\"]"}
COMMAND: POST /session/0710d204f59bc7c8bafa9dd32e268d75/element/f.5D2050798C0F4018B6E223C2FB1C8E29.d.1DD3B9C22C8E97535E46346A9AAB3C9B.e.1087/click - {}
RESULT: undefined
COMMAND: POST /session/0710d204f59bc7c8bafa9dd32e268d75/element - {"using":"xpath","value":"//*[@id=\"__tile42\"]"}
RESULT: {"using":"xpath","value":"//*[@id=\"__tile42\"]"}
COMMAND: POST /session/0710d204f59bc7c8bafa9dd32e268d75/element/f.5D2050798C0F4018B6E223C2FB1C8E29.d.1DD3B9C22C8E97535E46346A9AAB3C9B.e.1087/click - {}
RESULT: undefined
COMMAND: POST /session/0710d204f59bc7c8bafa9dd32e268d75/execute/async - {"script":"<script> [6424 bytes]","args":[{"element-6066-11e4-a52e-4f735466cecf":"f.5D2050798C0F4018B6E223C2FB1C8E29.d.1DD3B9C22C8E97535E46346A9AAB3C9B.e.308"},"getTitle",[]]}
COMMAND: POST /session/0710d204f59bc7c8bafa9dd32e268d75/execute/async - {"script":"<script> [1562 bytes]","args":[{"selector":{"id":"shellAppTitle"},"wdio_ui5_key":"shellAppTitle"}]}
RESULT: {"script":"<script> [1562 bytes]","args":[{"selector":{"id":"shellAppTitle"},"wdio_ui5_key":"shellAppTitle"}]}
COMMAND: POST /session/0710d204f59bc7c8bafa9dd32e268d75/execute/async - {"script":"<script> [6424 bytes]","args":[{"element-6066-11e4-a52e-4f735466cecf":"f.5D2050798C0F4018B6E223C2FB1C8E29.d.1DD3B9C22C8E97535E46346A9AAB3C9B.e.1266"},"getTitle",[]]}
RESULT: {"script":"<script> [6424 bytes]","args":[{"element-6066-11e4-a52e-4f735466cecf":"f.5D2050798C0F4018B6E223C2FB1C8E29.d.1DD3B9C22C8E97535E46346A9AAB3C9B.e.1266"},"getTitle",[]]}
RESULT: undefined
COMMAND: POST /session/0710d204f59bc7c8bafa9dd32e268d75/element/f.5D2050798C0F4018B6E223C2FB1C8E29.d.1DD3B9C22C8E97535E46346A9AAB3C9B.e.1085/click - {}
RESULT: {}
COMMAND: GET /session/0710d204f59bc7c8bafa9dd32e268d75/screenshot - {}
RESULT: {}
]]></system-out>
    </testcase>
    <testcase classname="chrome.137_0_7151_69.windows.Sanity_Tests_US104253" name="Should open Manage Requests page" time="36.812">
      <system-out><![CDATA[
COMMAND: POST /session/0710d204f59bc7c8bafa9dd32e268d75/execute/async - {"script":"<script> [1562 bytes]","args":[{"selector":{"controlType":"sap.m.GenericTile","properties":{"header":"Manage Requests"}},"wdio_ui5_key":"sapm.GenericTile{\"header\":\"Manage Requests\"}"}]}
RESULT: {"script":"<script> [1562 bytes]","args":[{"selector":{"controlType":"sap.m.GenericTile","properties":{"header":"Manage Requests"}},"wdio_ui5_key":"sapm.GenericTile{\"header\":\"Manage Requests\"}"}]}
RESULT: undefined
COMMAND: POST /session/0710d204f59bc7c8bafa9dd32e268d75/element - {"using":"xpath","value":"//*[@id=\"__tile48\"]"}
RESULT: {"using":"xpath","value":"//*[@id=\"__tile48\"]"}
COMMAND: POST /session/0710d204f59bc7c8bafa9dd32e268d75/element/f.5D2050798C0F4018B6E223C2FB1C8E29.d.1DD3B9C22C8E97535E46346A9AAB3C9B.e.1268/click - {}
RESULT: {}
COMMAND: GET /session/0710d204f59bc7c8bafa9dd32e268d75/screenshot - {}
RESULT: {}
COMMAND: POST /session/0710d204f59bc7c8bafa9dd32e268d75/elements - {"using":"xpath","value":"//span[text()='Error']"}
RESULT: {"using":"xpath","value":"//span[text()='Error']"}
RESULT: undefined
COMMAND: POST /session/0710d204f59bc7c8bafa9dd32e268d75/element - {"using":"xpath","value":"//*[@id=\"__tile48\"]"}
RESULT: {"using":"xpath","value":"//*[@id=\"__tile48\"]"}
COMMAND: POST /session/0710d204f59bc7c8bafa9dd32e268d75/element/f.5D2050798C0F4018B6E223C2FB1C8E29.d.1DD3B9C22C8E97535E46346A9AAB3C9B.e.1268/click - {}
RESULT: undefined
COMMAND: POST /session/0710d204f59bc7c8bafa9dd32e268d75/element - {"using":"xpath","value":"//*[@id=\"__tile48\"]"}
RESULT: {"using":"xpath","value":"//*[@id=\"__tile48\"]"}
COMMAND: POST /session/0710d204f59bc7c8bafa9dd32e268d75/element/f.5D2050798C0F4018B6E223C2FB1C8E29.d.1DD3B9C22C8E97535E46346A9AAB3C9B.e.1268/click - {}
RESULT: undefined
COMMAND: POST /session/0710d204f59bc7c8bafa9dd32e268d75/execute/async - {"script":"<script> [6424 bytes]","args":[{"element-6066-11e4-a52e-4f735466cecf":"f.5D2050798C0F4018B6E223C2FB1C8E29.d.1DD3B9C22C8E97535E46346A9AAB3C9B.e.308"},"getTitle",[]]}
COMMAND: POST /session/0710d204f59bc7c8bafa9dd32e268d75/execute/async - {"script":"<script> [1562 bytes]","args":[{"selector":{"id":"shellAppTitle"},"wdio_ui5_key":"shellAppTitle"}]}
RESULT: {"script":"<script> [1562 bytes]","args":[{"selector":{"id":"shellAppTitle"},"wdio_ui5_key":"shellAppTitle"}]}
COMMAND: POST /session/0710d204f59bc7c8bafa9dd32e268d75/execute/async - {"script":"<script> [6424 bytes]","args":[{"element-6066-11e4-a52e-4f735466cecf":"f.5D2050798C0F4018B6E223C2FB1C8E29.d.1DD3B9C22C8E97535E46346A9AAB3C9B.e.1365"},"getTitle",[]]}
RESULT: {"script":"<script> [6424 bytes]","args":[{"element-6066-11e4-a52e-4f735466cecf":"f.5D2050798C0F4018B6E223C2FB1C8E29.d.1DD3B9C22C8E97535E46346A9AAB3C9B.e.1365"},"getTitle",[]]}
RESULT: undefined
COMMAND: POST /session/0710d204f59bc7c8bafa9dd32e268d75/element/f.5D2050798C0F4018B6E223C2FB1C8E29.d.1DD3B9C22C8E97535E46346A9AAB3C9B.e.1085/click - {}
COMMAND: POST /session/0710d204f59bc7c8bafa9dd32e268d75/element - {"using":"xpath","value":"//*[@id=\"backBtn\"]"}
RESULT: {"using":"xpath","value":"//*[@id=\"backBtn\"]"}
COMMAND: POST /session/0710d204f59bc7c8bafa9dd32e268d75/element/f.5D2050798C0F4018B6E223C2FB1C8E29.d.1DD3B9C22C8E97535E46346A9AAB3C9B.e.1085/click - {}
COMMAND: POST /session/0710d204f59bc7c8bafa9dd32e268d75/element - {"using":"xpath","value":"//*[@id=\"backBtn\"]"}
RESULT: {"using":"xpath","value":"//*[@id=\"backBtn\"]"}
COMMAND: POST /session/0710d204f59bc7c8bafa9dd32e268d75/element/f.5D2050798C0F4018B6E223C2FB1C8E29.d.1DD3B9C22C8E97535E46346A9AAB3C9B.e.1366/click - {}
RESULT: {}
COMMAND: GET /session/0710d204f59bc7c8bafa9dd32e268d75/screenshot - {}
RESULT: {}
]]></system-out>
    </testcase>
    <testcase classname="chrome.137_0_7151_69.windows.Sanity_Tests_US104253" name="Should open Manage Purchasing page" time="37.937">
      <system-out><![CDATA[
COMMAND: POST /session/0710d204f59bc7c8bafa9dd32e268d75/execute/async - {"script":"<script> [1562 bytes]","args":[{"selector":{"controlType":"sap.m.GenericTile","properties":{"header":"Manage Purchasing"}},"wdio_ui5_key":"sapm.GenericTile{\"header\":\"Manage Purchasing\"}"}]}
RESULT: {"script":"<script> [1562 bytes]","args":[{"selector":{"controlType":"sap.m.GenericTile","properties":{"header":"Manage Purchasing"}},"wdio_ui5_key":"sapm.GenericTile{\"header\":\"Manage Purchasing\"}"}]}
RESULT: undefined
COMMAND: POST /session/0710d204f59bc7c8bafa9dd32e268d75/element - {"using":"xpath","value":"//*[@id=\"__tile47\"]"}
RESULT: {"using":"xpath","value":"//*[@id=\"__tile47\"]"}
COMMAND: POST /session/0710d204f59bc7c8bafa9dd32e268d75/element/f.5D2050798C0F4018B6E223C2FB1C8E29.d.1DD3B9C22C8E97535E46346A9AAB3C9B.e.1369/click - {}
RESULT: {}
COMMAND: GET /session/0710d204f59bc7c8bafa9dd32e268d75/screenshot - {}
RESULT: {}
COMMAND: POST /session/0710d204f59bc7c8bafa9dd32e268d75/elements - {"using":"xpath","value":"//span[text()='Error']"}
RESULT: {"using":"xpath","value":"//span[text()='Error']"}
RESULT: undefined
COMMAND: POST /session/0710d204f59bc7c8bafa9dd32e268d75/element - {"using":"xpath","value":"//*[@id=\"__tile47\"]"}
RESULT: {"using":"xpath","value":"//*[@id=\"__tile47\"]"}
COMMAND: POST /session/0710d204f59bc7c8bafa9dd32e268d75/element/f.5D2050798C0F4018B6E223C2FB1C8E29.d.1DD3B9C22C8E97535E46346A9AAB3C9B.e.1369/click - {}
RESULT: undefined
COMMAND: POST /session/0710d204f59bc7c8bafa9dd32e268d75/element - {"using":"xpath","value":"//*[@id=\"__tile47\"]"}
RESULT: {"using":"xpath","value":"//*[@id=\"__tile47\"]"}
COMMAND: POST /session/0710d204f59bc7c8bafa9dd32e268d75/element/f.5D2050798C0F4018B6E223C2FB1C8E29.d.1DD3B9C22C8E97535E46346A9AAB3C9B.e.1369/click - {}
RESULT: undefined
COMMAND: POST /session/0710d204f59bc7c8bafa9dd32e268d75/execute/async - {"script":"<script> [6424 bytes]","args":[{"element-6066-11e4-a52e-4f735466cecf":"f.5D2050798C0F4018B6E223C2FB1C8E29.d.1DD3B9C22C8E97535E46346A9AAB3C9B.e.308"},"getTitle",[]]}
COMMAND: POST /session/0710d204f59bc7c8bafa9dd32e268d75/execute/async - {"script":"<script> [1562 bytes]","args":[{"selector":{"id":"shellAppTitle"},"wdio_ui5_key":"shellAppTitle"}]}
RESULT: {"script":"<script> [1562 bytes]","args":[{"selector":{"id":"shellAppTitle"},"wdio_ui5_key":"shellAppTitle"}]}
COMMAND: POST /session/0710d204f59bc7c8bafa9dd32e268d75/execute/async - {"script":"<script> [6424 bytes]","args":[{"element-6066-11e4-a52e-4f735466cecf":"f.5D2050798C0F4018B6E223C2FB1C8E29.d.1DD3B9C22C8E97535E46346A9AAB3C9B.e.1446"},"getTitle",[]]}
RESULT: {"script":"<script> [6424 bytes]","args":[{"element-6066-11e4-a52e-4f735466cecf":"f.5D2050798C0F4018B6E223C2FB1C8E29.d.1DD3B9C22C8E97535E46346A9AAB3C9B.e.1446"},"getTitle",[]]}
RESULT: undefined
COMMAND: POST /session/0710d204f59bc7c8bafa9dd32e268d75/element/f.5D2050798C0F4018B6E223C2FB1C8E29.d.1DD3B9C22C8E97535E46346A9AAB3C9B.e.1366/click - {}
RESULT: {}
COMMAND: GET /session/0710d204f59bc7c8bafa9dd32e268d75/screenshot - {}
RESULT: {}
]]></system-out>
    </testcase>
    <testcase classname="chrome.137_0_7151_69.windows.Sanity_Tests_US104253" name="Should open Planning Board page" time="37.951">
      <system-out><![CDATA[
COMMAND: POST /session/0710d204f59bc7c8bafa9dd32e268d75/execute/async - {"script":"<script> [1562 bytes]","args":[{"selector":{"controlType":"sap.m.GenericTile","properties":{"header":"Planning Board"}},"wdio_ui5_key":"sapm.GenericTile{\"header\":\"Planning Board\"}"}]}
RESULT: {"script":"<script> [1562 bytes]","args":[{"selector":{"controlType":"sap.m.GenericTile","properties":{"header":"Planning Board"}},"wdio_ui5_key":"sapm.GenericTile{\"header\":\"Planning Board\"}"}]}
RESULT: undefined
COMMAND: POST /session/0710d204f59bc7c8bafa9dd32e268d75/element - {"using":"xpath","value":"//*[@id=\"__tile134\"]"}
RESULT: {"using":"xpath","value":"//*[@id=\"__tile134\"]"}
COMMAND: POST /session/0710d204f59bc7c8bafa9dd32e268d75/element/f.5D2050798C0F4018B6E223C2FB1C8E29.d.1DD3B9C22C8E97535E46346A9AAB3C9B.e.1448/click - {}
RESULT: {}
COMMAND: GET /session/0710d204f59bc7c8bafa9dd32e268d75/screenshot - {}
RESULT: {}
COMMAND: POST /session/0710d204f59bc7c8bafa9dd32e268d75/elements - {"using":"xpath","value":"//span[text()='Error']"}
RESULT: {"using":"xpath","value":"//span[text()='Error']"}
RESULT: undefined
COMMAND: POST /session/0710d204f59bc7c8bafa9dd32e268d75/element - {"using":"xpath","value":"//*[@id=\"__tile134\"]"}
RESULT: {"using":"xpath","value":"//*[@id=\"__tile134\"]"}
COMMAND: POST /session/0710d204f59bc7c8bafa9dd32e268d75/element/f.5D2050798C0F4018B6E223C2FB1C8E29.d.1DD3B9C22C8E97535E46346A9AAB3C9B.e.1448/click - {}
RESULT: undefined
COMMAND: POST /session/0710d204f59bc7c8bafa9dd32e268d75/element - {"using":"xpath","value":"//*[@id=\"__tile134\"]"}
RESULT: {"using":"xpath","value":"//*[@id=\"__tile134\"]"}
COMMAND: POST /session/0710d204f59bc7c8bafa9dd32e268d75/element/f.5D2050798C0F4018B6E223C2FB1C8E29.d.1DD3B9C22C8E97535E46346A9AAB3C9B.e.1448/click - {}
RESULT: undefined
COMMAND: POST /session/0710d204f59bc7c8bafa9dd32e268d75/execute/async - {"script":"<script> [6424 bytes]","args":[{"element-6066-11e4-a52e-4f735466cecf":"f.5D2050798C0F4018B6E223C2FB1C8E29.d.1DD3B9C22C8E97535E46346A9AAB3C9B.e.308"},"getTitle",[]]}
COMMAND: POST /session/0710d204f59bc7c8bafa9dd32e268d75/execute/async - {"script":"<script> [1562 bytes]","args":[{"selector":{"id":"shellAppTitle"},"wdio_ui5_key":"shellAppTitle"}]}
RESULT: {"script":"<script> [1562 bytes]","args":[{"selector":{"id":"shellAppTitle"},"wdio_ui5_key":"shellAppTitle"}]}
COMMAND: POST /session/0710d204f59bc7c8bafa9dd32e268d75/execute/async - {"script":"<script> [6424 bytes]","args":[{"element-6066-11e4-a52e-4f735466cecf":"f.5D2050798C0F4018B6E223C2FB1C8E29.d.1DD3B9C22C8E97535E46346A9AAB3C9B.e.1503"},"getTitle",[]]}
RESULT: {"script":"<script> [6424 bytes]","args":[{"element-6066-11e4-a52e-4f735466cecf":"f.5D2050798C0F4018B6E223C2FB1C8E29.d.1DD3B9C22C8E97535E46346A9AAB3C9B.e.1503"},"getTitle",[]]}
RESULT: undefined
COMMAND: POST /session/0710d204f59bc7c8bafa9dd32e268d75/element/f.5D2050798C0F4018B6E223C2FB1C8E29.d.1DD3B9C22C8E97535E46346A9AAB3C9B.e.1366/click - {}
COMMAND: POST /session/0710d204f59bc7c8bafa9dd32e268d75/element/f.5D2050798C0F4018B6E223C2FB1C8E29.d.1DD3B9C22C8E97535E46346A9AAB3C9B.e.1366/click - {}
COMMAND: POST /session/0710d204f59bc7c8bafa9dd32e268d75/element - {"using":"xpath","value":"//*[@id=\"backBtn\"]"}
COMMAND: POST /session/0710d204f59bc7c8bafa9dd32e268d75/element - {"using":"xpath","value":"//*[@id=\"backBtn\"]"}
RESULT: {"using":"xpath","value":"//*[@id=\"backBtn\"]"}
COMMAND: POST /session/0710d204f59bc7c8bafa9dd32e268d75/element/f.5D2050798C0F4018B6E223C2FB1C8E29.d.1DD3B9C22C8E97535E46346A9AAB3C9B.e.1366/click - {}
RESULT: {"using":"xpath","value":"//*[@id=\"backBtn\"]"}
COMMAND: POST /session/0710d204f59bc7c8bafa9dd32e268d75/element/f.5D2050798C0F4018B6E223C2FB1C8E29.d.1DD3B9C22C8E97535E46346A9AAB3C9B.e.1366/click - {}
COMMAND: POST /session/0710d204f59bc7c8bafa9dd32e268d75/element - {"using":"xpath","value":"//*[@id=\"backBtn\"]"}
COMMAND: POST /session/0710d204f59bc7c8bafa9dd32e268d75/element - {"using":"xpath","value":"//*[@id=\"backBtn\"]"}
RESULT: {"using":"xpath","value":"//*[@id=\"backBtn\"]"}
COMMAND: POST /session/0710d204f59bc7c8bafa9dd32e268d75/element/f.5D2050798C0F4018B6E223C2FB1C8E29.d.1DD3B9C22C8E97535E46346A9AAB3C9B.e.1504/click - {}
RESULT: {"using":"xpath","value":"//*[@id=\"backBtn\"]"}
COMMAND: POST /session/0710d204f59bc7c8bafa9dd32e268d75/element/f.5D2050798C0F4018B6E223C2FB1C8E29.d.1DD3B9C22C8E97535E46346A9AAB3C9B.e.1504/click - {}
RESULT: {}
COMMAND: GET /session/0710d204f59bc7c8bafa9dd32e268d75/screenshot - {}
RESULT: {}
COMMAND: GET /session/0710d204f59bc7c8bafa9dd32e268d75/screenshot - {}
RESULT: {}
RESULT: {}
]]></system-out>
    </testcase>
    <testcase classname="chrome.137_0_7151_69.windows.Sanity_Tests_US104253" name="Should open Manage Contracts page" time="36.862">
      <system-out><![CDATA[
COMMAND: POST /session/0710d204f59bc7c8bafa9dd32e268d75/execute/async - {"script":"<script> [1562 bytes]","args":[{"selector":{"controlType":"sap.m.GenericTile","properties":{"header":"Manage Contracts"}},"wdio_ui5_key":"sapm.GenericTile{\"header\":\"Manage Contracts\"}"}]}
RESULT: {"script":"<script> [1562 bytes]","args":[{"selector":{"controlType":"sap.m.GenericTile","properties":{"header":"Manage Contracts"}},"wdio_ui5_key":"sapm.GenericTile{\"header\":\"Manage Contracts\"}"}]}
RESULT: undefined
COMMAND: POST /session/0710d204f59bc7c8bafa9dd32e268d75/element - {"using":"xpath","value":"//*[@id=\"__tile135\"]"}
RESULT: {"using":"xpath","value":"//*[@id=\"__tile135\"]"}
COMMAND: POST /session/0710d204f59bc7c8bafa9dd32e268d75/element/f.5D2050798C0F4018B6E223C2FB1C8E29.d.1DD3B9C22C8E97535E46346A9AAB3C9B.e.1506/click - {}
RESULT: {}
COMMAND: GET /session/0710d204f59bc7c8bafa9dd32e268d75/screenshot - {}
RESULT: {}
COMMAND: POST /session/0710d204f59bc7c8bafa9dd32e268d75/elements - {"using":"xpath","value":"//span[text()='Error']"}
RESULT: {"using":"xpath","value":"//span[text()='Error']"}
RESULT: undefined
COMMAND: POST /session/0710d204f59bc7c8bafa9dd32e268d75/element - {"using":"xpath","value":"//*[@id=\"__tile135\"]"}
RESULT: {"using":"xpath","value":"//*[@id=\"__tile135\"]"}
COMMAND: POST /session/0710d204f59bc7c8bafa9dd32e268d75/element/f.5D2050798C0F4018B6E223C2FB1C8E29.d.1DD3B9C22C8E97535E46346A9AAB3C9B.e.1506/click - {}
RESULT: undefined
COMMAND: POST /session/0710d204f59bc7c8bafa9dd32e268d75/element - {"using":"xpath","value":"//*[@id=\"__tile135\"]"}
RESULT: {"using":"xpath","value":"//*[@id=\"__tile135\"]"}
COMMAND: POST /session/0710d204f59bc7c8bafa9dd32e268d75/element/f.5D2050798C0F4018B6E223C2FB1C8E29.d.1DD3B9C22C8E97535E46346A9AAB3C9B.e.1506/click - {}
RESULT: undefined
COMMAND: POST /session/0710d204f59bc7c8bafa9dd32e268d75/execute/async - {"script":"<script> [6424 bytes]","args":[{"element-6066-11e4-a52e-4f735466cecf":"f.5D2050798C0F4018B6E223C2FB1C8E29.d.1DD3B9C22C8E97535E46346A9AAB3C9B.e.308"},"getTitle",[]]}
COMMAND: POST /session/0710d204f59bc7c8bafa9dd32e268d75/execute/async - {"script":"<script> [1562 bytes]","args":[{"selector":{"id":"shellAppTitle"},"wdio_ui5_key":"shellAppTitle"}]}
RESULT: {"script":"<script> [1562 bytes]","args":[{"selector":{"id":"shellAppTitle"},"wdio_ui5_key":"shellAppTitle"}]}
COMMAND: POST /session/0710d204f59bc7c8bafa9dd32e268d75/execute/async - {"script":"<script> [6424 bytes]","args":[{"element-6066-11e4-a52e-4f735466cecf":"f.5D2050798C0F4018B6E223C2FB1C8E29.d.1DD3B9C22C8E97535E46346A9AAB3C9B.e.1570"},"getTitle",[]]}
RESULT: {"script":"<script> [6424 bytes]","args":[{"element-6066-11e4-a52e-4f735466cecf":"f.5D2050798C0F4018B6E223C2FB1C8E29.d.1DD3B9C22C8E97535E46346A9AAB3C9B.e.1570"},"getTitle",[]]}
RESULT: undefined
COMMAND: POST /session/0710d204f59bc7c8bafa9dd32e268d75/element/f.5D2050798C0F4018B6E223C2FB1C8E29.d.1DD3B9C22C8E97535E46346A9AAB3C9B.e.1504/click - {}
RESULT: {}
COMMAND: GET /session/0710d204f59bc7c8bafa9dd32e268d75/screenshot - {}
RESULT: {}
]]></system-out>
    </testcase>
    <testcase classname="chrome.137_0_7151_69.windows.Sanity_Tests_US104253" name="Should open Manage Quotations page" time="45.757">
      <system-out><![CDATA[
COMMAND: POST /session/0710d204f59bc7c8bafa9dd32e268d75/execute/async - {"script":"<script> [1562 bytes]","args":[{"selector":{"controlType":"sap.m.GenericTile","properties":{"header":"Manage Quotations"}},"wdio_ui5_key":"sapm.GenericTile{\"header\":\"Manage Quotations\"}"}]}
RESULT: {"script":"<script> [1562 bytes]","args":[{"selector":{"controlType":"sap.m.GenericTile","properties":{"header":"Manage Quotations"}},"wdio_ui5_key":"sapm.GenericTile{\"header\":\"Manage Quotations\"}"}]}
RESULT: undefined
COMMAND: POST /session/0710d204f59bc7c8bafa9dd32e268d75/element - {"using":"xpath","value":"//*[@id=\"__tile133\"]"}
RESULT: {"using":"xpath","value":"//*[@id=\"__tile133\"]"}
COMMAND: POST /session/0710d204f59bc7c8bafa9dd32e268d75/element/f.5D2050798C0F4018B6E223C2FB1C8E29.d.1DD3B9C22C8E97535E46346A9AAB3C9B.e.1572/click - {}
RESULT: {}
COMMAND: GET /session/0710d204f59bc7c8bafa9dd32e268d75/screenshot - {}
RESULT: {}
COMMAND: POST /session/0710d204f59bc7c8bafa9dd32e268d75/elements - {"using":"xpath","value":"//span[text()='Error']"}
RESULT: {"using":"xpath","value":"//span[text()='Error']"}
RESULT: undefined
COMMAND: POST /session/0710d204f59bc7c8bafa9dd32e268d75/element - {"using":"xpath","value":"//*[@id=\"__tile133\"]"}
RESULT: {"using":"xpath","value":"//*[@id=\"__tile133\"]"}
COMMAND: POST /session/0710d204f59bc7c8bafa9dd32e268d75/element/f.5D2050798C0F4018B6E223C2FB1C8E29.d.1DD3B9C22C8E97535E46346A9AAB3C9B.e.1572/click - {}
RESULT: undefined
COMMAND: POST /session/0710d204f59bc7c8bafa9dd32e268d75/element - {"using":"xpath","value":"//*[@id=\"__tile133\"]"}
RESULT: {"using":"xpath","value":"//*[@id=\"__tile133\"]"}
COMMAND: POST /session/0710d204f59bc7c8bafa9dd32e268d75/element/f.5D2050798C0F4018B6E223C2FB1C8E29.d.1DD3B9C22C8E97535E46346A9AAB3C9B.e.1572/click - {}
RESULT: undefined
COMMAND: POST /session/0710d204f59bc7c8bafa9dd32e268d75/execute/async - {"script":"<script> [6424 bytes]","args":[{"element-6066-11e4-a52e-4f735466cecf":"f.5D2050798C0F4018B6E223C2FB1C8E29.d.1DD3B9C22C8E97535E46346A9AAB3C9B.e.308"},"getTitle",[]]}
COMMAND: POST /session/0710d204f59bc7c8bafa9dd32e268d75/execute/async - {"script":"<script> [1562 bytes]","args":[{"selector":{"id":"shellAppTitle"},"wdio_ui5_key":"shellAppTitle"}]}
RESULT: {"script":"<script> [1562 bytes]","args":[{"selector":{"id":"shellAppTitle"},"wdio_ui5_key":"shellAppTitle"}]}
COMMAND: POST /session/0710d204f59bc7c8bafa9dd32e268d75/execute/async - {"script":"<script> [6424 bytes]","args":[{"element-6066-11e4-a52e-4f735466cecf":"f.5D2050798C0F4018B6E223C2FB1C8E29.d.1DD3B9C22C8E97535E46346A9AAB3C9B.e.1647"},"getTitle",[]]}
RESULT: {"script":"<script> [6424 bytes]","args":[{"element-6066-11e4-a52e-4f735466cecf":"f.5D2050798C0F4018B6E223C2FB1C8E29.d.1DD3B9C22C8E97535E46346A9AAB3C9B.e.1647"},"getTitle",[]]}
RESULT: undefined
COMMAND: POST /session/0710d204f59bc7c8bafa9dd32e268d75/element/f.5D2050798C0F4018B6E223C2FB1C8E29.d.1DD3B9C22C8E97535E46346A9AAB3C9B.e.1504/click - {}
COMMAND: POST /session/0710d204f59bc7c8bafa9dd32e268d75/element - {"using":"xpath","value":"//*[@id=\"backBtn\"]"}
RESULT: {"using":"xpath","value":"//*[@id=\"backBtn\"]"}
COMMAND: POST /session/0710d204f59bc7c8bafa9dd32e268d75/element/f.5D2050798C0F4018B6E223C2FB1C8E29.d.1DD3B9C22C8E97535E46346A9AAB3C9B.e.1504/click - {}
COMMAND: POST /session/0710d204f59bc7c8bafa9dd32e268d75/element - {"using":"xpath","value":"//*[@id=\"backBtn\"]"}
RESULT: {"using":"xpath","value":"//*[@id=\"backBtn\"]"}
COMMAND: POST /session/0710d204f59bc7c8bafa9dd32e268d75/element/f.5D2050798C0F4018B6E223C2FB1C8E29.d.1DD3B9C22C8E97535E46346A9AAB3C9B.e.1648/click - {}
RESULT: {}
COMMAND: GET /session/0710d204f59bc7c8bafa9dd32e268d75/screenshot - {}
RESULT: {}
]]></system-out>
    </testcase>
    <testcase classname="chrome.137_0_7151_69.windows.Sanity_Tests_US104253" name="Should open Manage Handovers page" time="45.38">
      <system-out><![CDATA[
COMMAND: POST /session/0710d204f59bc7c8bafa9dd32e268d75/execute/async - {"script":"<script> [1562 bytes]","args":[{"selector":{"controlType":"sap.m.GenericTile","properties":{"header":"Manage Handovers"}},"wdio_ui5_key":"sapm.GenericTile{\"header\":\"Manage Handovers\"}"}]}
RESULT: {"script":"<script> [1562 bytes]","args":[{"selector":{"controlType":"sap.m.GenericTile","properties":{"header":"Manage Handovers"}},"wdio_ui5_key":"sapm.GenericTile{\"header\":\"Manage Handovers\"}"}]}
RESULT: undefined
COMMAND: POST /session/0710d204f59bc7c8bafa9dd32e268d75/element - {"using":"xpath","value":"//*[@id=\"__tile132\"]"}
RESULT: {"using":"xpath","value":"//*[@id=\"__tile132\"]"}
COMMAND: POST /session/0710d204f59bc7c8bafa9dd32e268d75/element/f.5D2050798C0F4018B6E223C2FB1C8E29.d.1DD3B9C22C8E97535E46346A9AAB3C9B.e.1650/click - {}
RESULT: {}
COMMAND: GET /session/0710d204f59bc7c8bafa9dd32e268d75/screenshot - {}
RESULT: {}
COMMAND: POST /session/0710d204f59bc7c8bafa9dd32e268d75/elements - {"using":"xpath","value":"//span[text()='Error']"}
RESULT: {"using":"xpath","value":"//span[text()='Error']"}
RESULT: undefined
COMMAND: POST /session/0710d204f59bc7c8bafa9dd32e268d75/element - {"using":"xpath","value":"//*[@id=\"__tile132\"]"}
RESULT: {"using":"xpath","value":"//*[@id=\"__tile132\"]"}
COMMAND: POST /session/0710d204f59bc7c8bafa9dd32e268d75/element/f.5D2050798C0F4018B6E223C2FB1C8E29.d.1DD3B9C22C8E97535E46346A9AAB3C9B.e.1650/click - {}
RESULT: undefined
COMMAND: POST /session/0710d204f59bc7c8bafa9dd32e268d75/element - {"using":"xpath","value":"//*[@id=\"__tile132\"]"}
RESULT: {"using":"xpath","value":"//*[@id=\"__tile132\"]"}
COMMAND: POST /session/0710d204f59bc7c8bafa9dd32e268d75/element/f.5D2050798C0F4018B6E223C2FB1C8E29.d.1DD3B9C22C8E97535E46346A9AAB3C9B.e.1650/click - {}
RESULT: undefined
COMMAND: POST /session/0710d204f59bc7c8bafa9dd32e268d75/execute/async - {"script":"<script> [6424 bytes]","args":[{"element-6066-11e4-a52e-4f735466cecf":"f.5D2050798C0F4018B6E223C2FB1C8E29.d.1DD3B9C22C8E97535E46346A9AAB3C9B.e.308"},"getTitle",[]]}
COMMAND: POST /session/0710d204f59bc7c8bafa9dd32e268d75/execute/async - {"script":"<script> [1562 bytes]","args":[{"selector":{"id":"shellAppTitle"},"wdio_ui5_key":"shellAppTitle"}]}
RESULT: {"script":"<script> [1562 bytes]","args":[{"selector":{"id":"shellAppTitle"},"wdio_ui5_key":"shellAppTitle"}]}
COMMAND: POST /session/0710d204f59bc7c8bafa9dd32e268d75/execute/async - {"script":"<script> [6424 bytes]","args":[{"element-6066-11e4-a52e-4f735466cecf":"f.5D2050798C0F4018B6E223C2FB1C8E29.d.1DD3B9C22C8E97535E46346A9AAB3C9B.e.1756"},"getTitle",[]]}
RESULT: {"script":"<script> [6424 bytes]","args":[{"element-6066-11e4-a52e-4f735466cecf":"f.5D2050798C0F4018B6E223C2FB1C8E29.d.1DD3B9C22C8E97535E46346A9AAB3C9B.e.1756"},"getTitle",[]]}
RESULT: undefined
COMMAND: POST /session/0710d204f59bc7c8bafa9dd32e268d75/element/f.5D2050798C0F4018B6E223C2FB1C8E29.d.1DD3B9C22C8E97535E46346A9AAB3C9B.e.1648/click - {}
RESULT: {}
COMMAND: GET /session/0710d204f59bc7c8bafa9dd32e268d75/screenshot - {}
RESULT: {}
]]></system-out>
    </testcase>
    <testcase classname="chrome.137_0_7151_69.windows.Sanity_Tests_US104253" name="Should open Delivery Monitor page" time="39.348">
      <system-out><![CDATA[
COMMAND: POST /session/0710d204f59bc7c8bafa9dd32e268d75/execute/async - {"script":"<script> [1562 bytes]","args":[{"selector":{"controlType":"sap.m.GenericTile","properties":{"header":"Delivery Monitor"}},"wdio_ui5_key":"sapm.GenericTile{\"header\":\"Delivery Monitor\"}"}]}
RESULT: {"script":"<script> [1562 bytes]","args":[{"selector":{"controlType":"sap.m.GenericTile","properties":{"header":"Delivery Monitor"}},"wdio_ui5_key":"sapm.GenericTile{\"header\":\"Delivery Monitor\"}"}]}
RESULT: undefined
COMMAND: POST /session/0710d204f59bc7c8bafa9dd32e268d75/element - {"using":"xpath","value":"//*[@id=\"__tile44\"]"}
RESULT: {"using":"xpath","value":"//*[@id=\"__tile44\"]"}
COMMAND: POST /session/0710d204f59bc7c8bafa9dd32e268d75/element/f.5D2050798C0F4018B6E223C2FB1C8E29.d.1DD3B9C22C8E97535E46346A9AAB3C9B.e.1758/click - {}
RESULT: {}
COMMAND: GET /session/0710d204f59bc7c8bafa9dd32e268d75/screenshot - {}
RESULT: {}
COMMAND: POST /session/0710d204f59bc7c8bafa9dd32e268d75/elements - {"using":"xpath","value":"//span[text()='Error']"}
RESULT: {"using":"xpath","value":"//span[text()='Error']"}
RESULT: undefined
COMMAND: POST /session/0710d204f59bc7c8bafa9dd32e268d75/element - {"using":"xpath","value":"//*[@id=\"__tile44\"]"}
RESULT: {"using":"xpath","value":"//*[@id=\"__tile44\"]"}
COMMAND: POST /session/0710d204f59bc7c8bafa9dd32e268d75/element/f.5D2050798C0F4018B6E223C2FB1C8E29.d.1DD3B9C22C8E97535E46346A9AAB3C9B.e.1758/click - {}
RESULT: undefined
COMMAND: POST /session/0710d204f59bc7c8bafa9dd32e268d75/element - {"using":"xpath","value":"//*[@id=\"__tile44\"]"}
RESULT: {"using":"xpath","value":"//*[@id=\"__tile44\"]"}
COMMAND: POST /session/0710d204f59bc7c8bafa9dd32e268d75/element/f.5D2050798C0F4018B6E223C2FB1C8E29.d.1DD3B9C22C8E97535E46346A9AAB3C9B.e.1758/click - {}
RESULT: undefined
COMMAND: POST /session/0710d204f59bc7c8bafa9dd32e268d75/execute/async - {"script":"<script> [6424 bytes]","args":[{"element-6066-11e4-a52e-4f735466cecf":"f.5D2050798C0F4018B6E223C2FB1C8E29.d.1DD3B9C22C8E97535E46346A9AAB3C9B.e.308"},"getTitle",[]]}
COMMAND: POST /session/0710d204f59bc7c8bafa9dd32e268d75/execute/async - {"script":"<script> [1562 bytes]","args":[{"selector":{"id":"shellAppTitle"},"wdio_ui5_key":"shellAppTitle"}]}
RESULT: {"script":"<script> [1562 bytes]","args":[{"selector":{"id":"shellAppTitle"},"wdio_ui5_key":"shellAppTitle"}]}
COMMAND: POST /session/0710d204f59bc7c8bafa9dd32e268d75/execute/async - {"script":"<script> [6424 bytes]","args":[{"element-6066-11e4-a52e-4f735466cecf":"f.5D2050798C0F4018B6E223C2FB1C8E29.d.1DD3B9C22C8E97535E46346A9AAB3C9B.e.1859"},"getTitle",[]]}
RESULT: {"script":"<script> [6424 bytes]","args":[{"element-6066-11e4-a52e-4f735466cecf":"f.5D2050798C0F4018B6E223C2FB1C8E29.d.1DD3B9C22C8E97535E46346A9AAB3C9B.e.1859"},"getTitle",[]]}
RESULT: undefined
COMMAND: POST /session/0710d204f59bc7c8bafa9dd32e268d75/element/f.5D2050798C0F4018B6E223C2FB1C8E29.d.1DD3B9C22C8E97535E46346A9AAB3C9B.e.1648/click - {}
COMMAND: POST /session/0710d204f59bc7c8bafa9dd32e268d75/element - {"using":"xpath","value":"//*[@id=\"backBtn\"]"}
RESULT: {"using":"xpath","value":"//*[@id=\"backBtn\"]"}
COMMAND: POST /session/0710d204f59bc7c8bafa9dd32e268d75/element/f.5D2050798C0F4018B6E223C2FB1C8E29.d.1DD3B9C22C8E97535E46346A9AAB3C9B.e.1648/click - {}
COMMAND: POST /session/0710d204f59bc7c8bafa9dd32e268d75/element - {"using":"xpath","value":"//*[@id=\"backBtn\"]"}
RESULT: {"using":"xpath","value":"//*[@id=\"backBtn\"]"}
COMMAND: POST /session/0710d204f59bc7c8bafa9dd32e268d75/element/f.5D2050798C0F4018B6E223C2FB1C8E29.d.1DD3B9C22C8E97535E46346A9AAB3C9B.e.1860/click - {}
RESULT: {}
COMMAND: GET /session/0710d204f59bc7c8bafa9dd32e268d75/screenshot - {}
RESULT: {}
]]></system-out>
    </testcase>
    <testcase classname="chrome.137_0_7151_69.windows.Sanity_Tests_US104253" name="Should open Manage Calendar Exceptions page" time="37.865">
      <system-out><![CDATA[
COMMAND: POST /session/0710d204f59bc7c8bafa9dd32e268d75/execute/async - {"script":"<script> [1562 bytes]","args":[{"selector":{"controlType":"sap.m.GenericTile","properties":{"header":"Manage Calendar Exceptions"}},"wdio_ui5_key":"sapm.GenericTile{\"header\":\"Manage Calendar Exceptions\"}"}]}
RESULT: {"script":"<script> [1562 bytes]","args":[{"selector":{"controlType":"sap.m.GenericTile","properties":{"header":"Manage Calendar Exceptions"}},"wdio_ui5_key":"sapm.GenericTile{\"header\":\"Manage Calendar Exceptions\"}"}]}
RESULT: undefined
COMMAND: POST /session/0710d204f59bc7c8bafa9dd32e268d75/element - {"using":"xpath","value":"//*[@id=\"__tile54\"]"}
RESULT: {"using":"xpath","value":"//*[@id=\"__tile54\"]"}
COMMAND: POST /session/0710d204f59bc7c8bafa9dd32e268d75/element/f.5D2050798C0F4018B6E223C2FB1C8E29.d.1DD3B9C22C8E97535E46346A9AAB3C9B.e.1862/click - {}
RESULT: {}
COMMAND: GET /session/0710d204f59bc7c8bafa9dd32e268d75/screenshot - {}
RESULT: {}
COMMAND: POST /session/0710d204f59bc7c8bafa9dd32e268d75/elements - {"using":"xpath","value":"//span[text()='Error']"}
RESULT: {"using":"xpath","value":"//span[text()='Error']"}
RESULT: undefined
COMMAND: POST /session/0710d204f59bc7c8bafa9dd32e268d75/element - {"using":"xpath","value":"//*[@id=\"__tile54\"]"}
RESULT: {"using":"xpath","value":"//*[@id=\"__tile54\"]"}
COMMAND: POST /session/0710d204f59bc7c8bafa9dd32e268d75/element/f.5D2050798C0F4018B6E223C2FB1C8E29.d.1DD3B9C22C8E97535E46346A9AAB3C9B.e.1862/click - {}
RESULT: undefined
COMMAND: POST /session/0710d204f59bc7c8bafa9dd32e268d75/element - {"using":"xpath","value":"//*[@id=\"__tile54\"]"}
RESULT: {"using":"xpath","value":"//*[@id=\"__tile54\"]"}
COMMAND: POST /session/0710d204f59bc7c8bafa9dd32e268d75/element/f.5D2050798C0F4018B6E223C2FB1C8E29.d.1DD3B9C22C8E97535E46346A9AAB3C9B.e.1862/click - {}
RESULT: undefined
COMMAND: POST /session/0710d204f59bc7c8bafa9dd32e268d75/execute/async - {"script":"<script> [6424 bytes]","args":[{"element-6066-11e4-a52e-4f735466cecf":"f.5D2050798C0F4018B6E223C2FB1C8E29.d.1DD3B9C22C8E97535E46346A9AAB3C9B.e.308"},"getTitle",[]]}
COMMAND: POST /session/0710d204f59bc7c8bafa9dd32e268d75/execute/async - {"script":"<script> [1562 bytes]","args":[{"selector":{"id":"shellAppTitle"},"wdio_ui5_key":"shellAppTitle"}]}
RESULT: {"script":"<script> [1562 bytes]","args":[{"selector":{"id":"shellAppTitle"},"wdio_ui5_key":"shellAppTitle"}]}
COMMAND: POST /session/0710d204f59bc7c8bafa9dd32e268d75/execute/async - {"script":"<script> [6424 bytes]","args":[{"element-6066-11e4-a52e-4f735466cecf":"f.5D2050798C0F4018B6E223C2FB1C8E29.d.1DD3B9C22C8E97535E46346A9AAB3C9B.e.1921"},"getTitle",[]]}
RESULT: {"script":"<script> [6424 bytes]","args":[{"element-6066-11e4-a52e-4f735466cecf":"f.5D2050798C0F4018B6E223C2FB1C8E29.d.1DD3B9C22C8E97535E46346A9AAB3C9B.e.1921"},"getTitle",[]]}
RESULT: undefined
COMMAND: POST /session/0710d204f59bc7c8bafa9dd32e268d75/element/f.5D2050798C0F4018B6E223C2FB1C8E29.d.1DD3B9C22C8E97535E46346A9AAB3C9B.e.1860/click - {}
RESULT: {}
COMMAND: GET /session/0710d204f59bc7c8bafa9dd32e268d75/screenshot - {}
RESULT: {}
]]></system-out>
    </testcase>
    <testcase classname="chrome.137_0_7151_69.windows.Sanity_Tests_US104253" name="Should open Manage States Performance page" time="37.699">
      <system-out><![CDATA[
COMMAND: POST /session/0710d204f59bc7c8bafa9dd32e268d75/execute/async - {"script":"<script> [1562 bytes]","args":[{"selector":{"controlType":"sap.m.GenericTile","properties":{"header":"Manage States & Performance"}},"wdio_ui5_key":"sapm.GenericTile{\"header\":\"Manage States & Performance\"}"}]}
RESULT: {"script":"<script> [1562 bytes]","args":[{"selector":{"controlType":"sap.m.GenericTile","properties":{"header":"Manage States & Performance"}},"wdio_ui5_key":"sapm.GenericTile{\"header\":\"Manage States & Performance\"}"}]}
RESULT: undefined
COMMAND: POST /session/0710d204f59bc7c8bafa9dd32e268d75/element - {"using":"xpath","value":"//*[@id=\"__tile58\"]"}
RESULT: {"using":"xpath","value":"//*[@id=\"__tile58\"]"}
COMMAND: POST /session/0710d204f59bc7c8bafa9dd32e268d75/element/f.5D2050798C0F4018B6E223C2FB1C8E29.d.1DD3B9C22C8E97535E46346A9AAB3C9B.e.1925/click - {}
RESULT: {}
COMMAND: GET /session/0710d204f59bc7c8bafa9dd32e268d75/screenshot - {}
RESULT: {}
COMMAND: POST /session/0710d204f59bc7c8bafa9dd32e268d75/elements - {"using":"xpath","value":"//span[text()='Error']"}
RESULT: {"using":"xpath","value":"//span[text()='Error']"}
RESULT: undefined
COMMAND: POST /session/0710d204f59bc7c8bafa9dd32e268d75/element - {"using":"xpath","value":"//*[@id=\"__tile58\"]"}
RESULT: {"using":"xpath","value":"//*[@id=\"__tile58\"]"}
COMMAND: POST /session/0710d204f59bc7c8bafa9dd32e268d75/element/f.5D2050798C0F4018B6E223C2FB1C8E29.d.1DD3B9C22C8E97535E46346A9AAB3C9B.e.1925/click - {}
RESULT: undefined
COMMAND: POST /session/0710d204f59bc7c8bafa9dd32e268d75/element - {"using":"xpath","value":"//*[@id=\"__tile58\"]"}
RESULT: {"using":"xpath","value":"//*[@id=\"__tile58\"]"}
COMMAND: POST /session/0710d204f59bc7c8bafa9dd32e268d75/element/f.5D2050798C0F4018B6E223C2FB1C8E29.d.1DD3B9C22C8E97535E46346A9AAB3C9B.e.1925/click - {}
RESULT: undefined
COMMAND: POST /session/0710d204f59bc7c8bafa9dd32e268d75/execute/async - {"script":"<script> [6424 bytes]","args":[{"element-6066-11e4-a52e-4f735466cecf":"f.5D2050798C0F4018B6E223C2FB1C8E29.d.1DD3B9C22C8E97535E46346A9AAB3C9B.e.308"},"getTitle",[]]}
COMMAND: POST /session/0710d204f59bc7c8bafa9dd32e268d75/execute/async - {"script":"<script> [1562 bytes]","args":[{"selector":{"id":"shellAppTitle"},"wdio_ui5_key":"shellAppTitle"}]}
RESULT: {"script":"<script> [1562 bytes]","args":[{"selector":{"id":"shellAppTitle"},"wdio_ui5_key":"shellAppTitle"}]}
COMMAND: POST /session/0710d204f59bc7c8bafa9dd32e268d75/execute/async - {"script":"<script> [6424 bytes]","args":[{"element-6066-11e4-a52e-4f735466cecf":"f.5D2050798C0F4018B6E223C2FB1C8E29.d.1DD3B9C22C8E97535E46346A9AAB3C9B.e.2018"},"getTitle",[]]}
RESULT: {"script":"<script> [6424 bytes]","args":[{"element-6066-11e4-a52e-4f735466cecf":"f.5D2050798C0F4018B6E223C2FB1C8E29.d.1DD3B9C22C8E97535E46346A9AAB3C9B.e.2018"},"getTitle",[]]}
RESULT: undefined
COMMAND: POST /session/0710d204f59bc7c8bafa9dd32e268d75/element/f.5D2050798C0F4018B6E223C2FB1C8E29.d.1DD3B9C22C8E97535E46346A9AAB3C9B.e.1860/click - {}
COMMAND: POST /session/0710d204f59bc7c8bafa9dd32e268d75/element - {"using":"xpath","value":"//*[@id=\"backBtn\"]"}
RESULT: {"using":"xpath","value":"//*[@id=\"backBtn\"]"}
COMMAND: POST /session/0710d204f59bc7c8bafa9dd32e268d75/element/f.5D2050798C0F4018B6E223C2FB1C8E29.d.1DD3B9C22C8E97535E46346A9AAB3C9B.e.1860/click - {}
COMMAND: POST /session/0710d204f59bc7c8bafa9dd32e268d75/element - {"using":"xpath","value":"//*[@id=\"backBtn\"]"}
RESULT: {"using":"xpath","value":"//*[@id=\"backBtn\"]"}
COMMAND: POST /session/0710d204f59bc7c8bafa9dd32e268d75/element/f.5D2050798C0F4018B6E223C2FB1C8E29.d.1DD3B9C22C8E97535E46346A9AAB3C9B.e.2019/click - {}
RESULT: {}
COMMAND: GET /session/0710d204f59bc7c8bafa9dd32e268d75/screenshot - {}
RESULT: {}
]]></system-out>
    </testcase>
    <testcase classname="chrome.137_0_7151_69.windows.Sanity_Tests_US104253" name="Should open Manage Billings page" time="38.494">
      <system-out><![CDATA[
COMMAND: POST /session/0710d204f59bc7c8bafa9dd32e268d75/execute/async - {"script":"<script> [1562 bytes]","args":[{"selector":{"controlType":"sap.m.GenericTile","properties":{"header":"Manage Billings"}},"wdio_ui5_key":"sapm.GenericTile{\"header\":\"Manage Billings\"}"}]}
RESULT: {"script":"<script> [1562 bytes]","args":[{"selector":{"controlType":"sap.m.GenericTile","properties":{"header":"Manage Billings"}},"wdio_ui5_key":"sapm.GenericTile{\"header\":\"Manage Billings\"}"}]}
RESULT: undefined
COMMAND: POST /session/0710d204f59bc7c8bafa9dd32e268d75/element - {"using":"xpath","value":"//*[@id=\"__tile53\"]"}
RESULT: {"using":"xpath","value":"//*[@id=\"__tile53\"]"}
COMMAND: POST /session/0710d204f59bc7c8bafa9dd32e268d75/element/f.5D2050798C0F4018B6E223C2FB1C8E29.d.1DD3B9C22C8E97535E46346A9AAB3C9B.e.2021/click - {}
RESULT: {}
COMMAND: GET /session/0710d204f59bc7c8bafa9dd32e268d75/screenshot - {}
RESULT: {}
COMMAND: POST /session/0710d204f59bc7c8bafa9dd32e268d75/elements - {"using":"xpath","value":"//span[text()='Error']"}
RESULT: {"using":"xpath","value":"//span[text()='Error']"}
RESULT: undefined
COMMAND: POST /session/0710d204f59bc7c8bafa9dd32e268d75/element - {"using":"xpath","value":"//*[@id=\"__tile53\"]"}
RESULT: {"using":"xpath","value":"//*[@id=\"__tile53\"]"}
COMMAND: POST /session/0710d204f59bc7c8bafa9dd32e268d75/element/f.5D2050798C0F4018B6E223C2FB1C8E29.d.1DD3B9C22C8E97535E46346A9AAB3C9B.e.2021/click - {}
RESULT: undefined
COMMAND: POST /session/0710d204f59bc7c8bafa9dd32e268d75/element - {"using":"xpath","value":"//*[@id=\"__tile53\"]"}
RESULT: {"using":"xpath","value":"//*[@id=\"__tile53\"]"}
COMMAND: POST /session/0710d204f59bc7c8bafa9dd32e268d75/element/f.5D2050798C0F4018B6E223C2FB1C8E29.d.1DD3B9C22C8E97535E46346A9AAB3C9B.e.2021/click - {}
RESULT: undefined
COMMAND: POST /session/0710d204f59bc7c8bafa9dd32e268d75/execute/async - {"script":"<script> [6424 bytes]","args":[{"element-6066-11e4-a52e-4f735466cecf":"f.5D2050798C0F4018B6E223C2FB1C8E29.d.1DD3B9C22C8E97535E46346A9AAB3C9B.e.308"},"getTitle",[]]}
COMMAND: POST /session/0710d204f59bc7c8bafa9dd32e268d75/execute/async - {"script":"<script> [1562 bytes]","args":[{"selector":{"id":"shellAppTitle"},"wdio_ui5_key":"shellAppTitle"}]}
RESULT: {"script":"<script> [1562 bytes]","args":[{"selector":{"id":"shellAppTitle"},"wdio_ui5_key":"shellAppTitle"}]}
COMMAND: POST /session/0710d204f59bc7c8bafa9dd32e268d75/execute/async - {"script":"<script> [6424 bytes]","args":[{"element-6066-11e4-a52e-4f735466cecf":"f.5D2050798C0F4018B6E223C2FB1C8E29.d.1DD3B9C22C8E97535E46346A9AAB3C9B.e.2240"},"getTitle",[]]}
RESULT: {"script":"<script> [6424 bytes]","args":[{"element-6066-11e4-a52e-4f735466cecf":"f.5D2050798C0F4018B6E223C2FB1C8E29.d.1DD3B9C22C8E97535E46346A9AAB3C9B.e.2240"},"getTitle",[]]}
RESULT: undefined
COMMAND: POST /session/0710d204f59bc7c8bafa9dd32e268d75/element/f.5D2050798C0F4018B6E223C2FB1C8E29.d.1DD3B9C22C8E97535E46346A9AAB3C9B.e.2019/click - {}
COMMAND: POST /session/0710d204f59bc7c8bafa9dd32e268d75/element/f.5D2050798C0F4018B6E223C2FB1C8E29.d.1DD3B9C22C8E97535E46346A9AAB3C9B.e.2019/click - {}
RESULT: {}
COMMAND: GET /session/0710d204f59bc7c8bafa9dd32e268d75/screenshot - {}
COMMAND: POST /session/0710d204f59bc7c8bafa9dd32e268d75/element - {"using":"xpath","value":"//*[@id=\"backBtn\"]"}
RESULT: {}
RESULT: {"using":"xpath","value":"//*[@id=\"backBtn\"]"}
COMMAND: POST /session/0710d204f59bc7c8bafa9dd32e268d75/elements - {"using":"xpath","value":"//*[@id=\"backBtn\"]"}
RESULT: {"using":"xpath","value":"//*[@id=\"backBtn\"]"}
COMMAND: POST /session/0710d204f59bc7c8bafa9dd32e268d75/elements - {"using":"xpath","value":"//*[@id=\"backBtn\"]"}
RESULT: {"using":"xpath","value":"//*[@id=\"backBtn\"]"}
COMMAND: POST /session/0710d204f59bc7c8bafa9dd32e268d75/elements - {"using":"xpath","value":"//*[@id=\"backBtn\"]"}
RESULT: {"using":"xpath","value":"//*[@id=\"backBtn\"]"}
COMMAND: POST /session/0710d204f59bc7c8bafa9dd32e268d75/elements - {"using":"xpath","value":"//*[@id=\"backBtn\"]"}
RESULT: {"using":"xpath","value":"//*[@id=\"backBtn\"]"}
COMMAND: POST /session/0710d204f59bc7c8bafa9dd32e268d75/elements - {"using":"xpath","value":"//*[@id=\"backBtn\"]"}
RESULT: {"using":"xpath","value":"//*[@id=\"backBtn\"]"}
COMMAND: POST /session/0710d204f59bc7c8bafa9dd32e268d75/elements - {"using":"xpath","value":"//*[@id=\"backBtn\"]"}
RESULT: {"using":"xpath","value":"//*[@id=\"backBtn\"]"}
COMMAND: POST /session/0710d204f59bc7c8bafa9dd32e268d75/elements - {"using":"xpath","value":"//*[@id=\"backBtn\"]"}
RESULT: {"using":"xpath","value":"//*[@id=\"backBtn\"]"}
COMMAND: POST /session/0710d204f59bc7c8bafa9dd32e268d75/elements - {"using":"xpath","value":"//*[@id=\"backBtn\"]"}
RESULT: {"using":"xpath","value":"//*[@id=\"backBtn\"]"}
COMMAND: POST /session/0710d204f59bc7c8bafa9dd32e268d75/elements - {"using":"xpath","value":"//*[@id=\"backBtn\"]"}
RESULT: {"using":"xpath","value":"//*[@id=\"backBtn\"]"}
COMMAND: POST /session/0710d204f59bc7c8bafa9dd32e268d75/elements - {"using":"xpath","value":"//*[@id=\"backBtn\"]"}
RESULT: {"using":"xpath","value":"//*[@id=\"backBtn\"]"}
COMMAND: POST /session/0710d204f59bc7c8bafa9dd32e268d75/elements - {"using":"xpath","value":"//*[@id=\"backBtn\"]"}
RESULT: {"using":"xpath","value":"//*[@id=\"backBtn\"]"}
COMMAND: POST /session/0710d204f59bc7c8bafa9dd32e268d75/elements - {"using":"xpath","value":"//*[@id=\"backBtn\"]"}
RESULT: {"using":"xpath","value":"//*[@id=\"backBtn\"]"}
COMMAND: POST /session/0710d204f59bc7c8bafa9dd32e268d75/elements - {"using":"xpath","value":"//*[@id=\"backBtn\"]"}
RESULT: {"using":"xpath","value":"//*[@id=\"backBtn\"]"}
COMMAND: POST /session/0710d204f59bc7c8bafa9dd32e268d75/elements - {"using":"xpath","value":"//*[@id=\"backBtn\"]"}
RESULT: {"using":"xpath","value":"//*[@id=\"backBtn\"]"}
COMMAND: POST /session/0710d204f59bc7c8bafa9dd32e268d75/elements - {"using":"xpath","value":"//*[@id=\"backBtn\"]"}
RESULT: {"using":"xpath","value":"//*[@id=\"backBtn\"]"}
COMMAND: POST /session/0710d204f59bc7c8bafa9dd32e268d75/elements - {"using":"xpath","value":"//*[@id=\"backBtn\"]"}
RESULT: {"using":"xpath","value":"//*[@id=\"backBtn\"]"}
COMMAND: POST /session/0710d204f59bc7c8bafa9dd32e268d75/elements - {"using":"xpath","value":"//*[@id=\"backBtn\"]"}
RESULT: {"using":"xpath","value":"//*[@id=\"backBtn\"]"}
COMMAND: POST /session/0710d204f59bc7c8bafa9dd32e268d75/elements - {"using":"xpath","value":"//*[@id=\"backBtn\"]"}
RESULT: {"using":"xpath","value":"//*[@id=\"backBtn\"]"}
]]></system-out>
    </testcase>
    <testcase classname="chrome.137_0_7151_69.windows.Sanity_Tests_US104253" name="Should open Manage Conditions Prices page" time="47.394">
      <system-out><![CDATA[
COMMAND: POST /session/0710d204f59bc7c8bafa9dd32e268d75/execute/async - {"script":"<script> [1562 bytes]","args":[{"selector":{"controlType":"sap.m.GenericTile","properties":{"header":"Manage Conditions & Prices"}},"wdio_ui5_key":"sapm.GenericTile{\"header\":\"Manage Conditions & Prices\"}"}]}
COMMAND: POST /session/0710d204f59bc7c8bafa9dd32e268d75/elements - {"using":"xpath","value":"//*[@id=\"backBtn\"]"}
RESULT: {"script":"<script> [1562 bytes]","args":[{"selector":{"controlType":"sap.m.GenericTile","properties":{"header":"Manage Conditions & Prices"}},"wdio_ui5_key":"sapm.GenericTile{\"header\":\"Manage Conditions & Prices\"}"}]}
RESULT: undefined
COMMAND: POST /session/0710d204f59bc7c8bafa9dd32e268d75/element - {"using":"xpath","value":"//*[@id=\"__tile55\"]"}
RESULT: {"using":"xpath","value":"//*[@id=\"backBtn\"]"}
RESULT: {"using":"xpath","value":"//*[@id=\"__tile55\"]"}
COMMAND: POST /session/0710d204f59bc7c8bafa9dd32e268d75/element/f.5D2050798C0F4018B6E223C2FB1C8E29.d.1DD3B9C22C8E97535E46346A9AAB3C9B.e.2242/click - {}
RESULT: {}
COMMAND: POST /session/0710d204f59bc7c8bafa9dd32e268d75/elements - {"using":"xpath","value":"//*[@id=\"backBtn\"]"}
COMMAND: GET /session/0710d204f59bc7c8bafa9dd32e268d75/screenshot - {}
RESULT: {"using":"xpath","value":"//*[@id=\"backBtn\"]"}
RESULT: {}
COMMAND: POST /session/0710d204f59bc7c8bafa9dd32e268d75/elements - {"using":"xpath","value":"//*[@id=\"backBtn\"]"}
RESULT: {"using":"xpath","value":"//*[@id=\"backBtn\"]"}
COMMAND: POST /session/0710d204f59bc7c8bafa9dd32e268d75/elements - {"using":"xpath","value":"//*[@id=\"backBtn\"]"}
RESULT: {"using":"xpath","value":"//*[@id=\"backBtn\"]"}
COMMAND: POST /session/0710d204f59bc7c8bafa9dd32e268d75/element - {"using":"xpath","value":"//*[@id=\"backBtn\"]"}
RESULT: {"using":"xpath","value":"//*[@id=\"backBtn\"]"}
COMMAND: POST /session/0710d204f59bc7c8bafa9dd32e268d75/element/f.5D2050798C0F4018B6E223C2FB1C8E29.d.1DD3B9C22C8E97535E46346A9AAB3C9B.e.2019/click - {}
COMMAND: POST /session/0710d204f59bc7c8bafa9dd32e268d75/element - {"using":"xpath","value":"//*[@id=\"backBtn\"]"}
RESULT: {"using":"xpath","value":"//*[@id=\"backBtn\"]"}
COMMAND: POST /session/0710d204f59bc7c8bafa9dd32e268d75/element/f.5D2050798C0F4018B6E223C2FB1C8E29.d.1DD3B9C22C8E97535E46346A9AAB3C9B.e.2246/click - {}
RESULT: {}
COMMAND: GET /session/0710d204f59bc7c8bafa9dd32e268d75/screenshot - {}
COMMAND: POST /session/0710d204f59bc7c8bafa9dd32e268d75/elements - {"using":"xpath","value":"//span[text()='Error']"}
RESULT: {}
RESULT: {"using":"xpath","value":"//span[text()='Error']"}
RESULT: undefined
COMMAND: POST /session/0710d204f59bc7c8bafa9dd32e268d75/element - {"using":"xpath","value":"//*[@id=\"__tile55\"]"}
RESULT: {"using":"xpath","value":"//*[@id=\"__tile55\"]"}
COMMAND: POST /session/0710d204f59bc7c8bafa9dd32e268d75/element/f.5D2050798C0F4018B6E223C2FB1C8E29.d.1DD3B9C22C8E97535E46346A9AAB3C9B.e.2242/click - {}
RESULT: {}
RESULT: undefined
COMMAND: POST /session/0710d204f59bc7c8bafa9dd32e268d75/element - {"using":"xpath","value":"//*[@id=\"__tile55\"]"}
COMMAND: GET /session/0710d204f59bc7c8bafa9dd32e268d75/screenshot - {}
RESULT: {"using":"xpath","value":"//*[@id=\"__tile55\"]"}
COMMAND: POST /session/0710d204f59bc7c8bafa9dd32e268d75/element/f.5D2050798C0F4018B6E223C2FB1C8E29.d.1DD3B9C22C8E97535E46346A9AAB3C9B.e.2242/click - {}
RESULT: {}
RESULT: undefined
COMMAND: POST /session/0710d204f59bc7c8bafa9dd32e268d75/execute/async - {"script":"<script> [6424 bytes]","args":[{"element-6066-11e4-a52e-4f735466cecf":"f.5D2050798C0F4018B6E223C2FB1C8E29.d.1DD3B9C22C8E97535E46346A9AAB3C9B.e.308"},"getTitle",[]]}
COMMAND: POST /session/0710d204f59bc7c8bafa9dd32e268d75/execute/async - {"script":"<script> [1562 bytes]","args":[{"selector":{"id":"shellAppTitle"},"wdio_ui5_key":"shellAppTitle"}]}
RESULT: {"script":"<script> [1562 bytes]","args":[{"selector":{"id":"shellAppTitle"},"wdio_ui5_key":"shellAppTitle"}]}
COMMAND: POST /session/0710d204f59bc7c8bafa9dd32e268d75/execute/async - {"script":"<script> [6424 bytes]","args":[{"element-6066-11e4-a52e-4f735466cecf":"f.5D2050798C0F4018B6E223C2FB1C8E29.d.1DD3B9C22C8E97535E46346A9AAB3C9B.e.2392"},"getTitle",[]]}
RESULT: {"script":"<script> [6424 bytes]","args":[{"element-6066-11e4-a52e-4f735466cecf":"f.5D2050798C0F4018B6E223C2FB1C8E29.d.1DD3B9C22C8E97535E46346A9AAB3C9B.e.2392"},"getTitle",[]]}
RESULT: undefined
COMMAND: POST /session/0710d204f59bc7c8bafa9dd32e268d75/element/f.5D2050798C0F4018B6E223C2FB1C8E29.d.1DD3B9C22C8E97535E46346A9AAB3C9B.e.2246/click - {}
RESULT: {}
COMMAND: GET /session/0710d204f59bc7c8bafa9dd32e268d75/screenshot - {}
RESULT: {}
]]></system-out>
    </testcase>
    <testcase classname="chrome.137_0_7151_69.windows.Sanity_Tests_US104253" name="Should open Billing Transfer page" time="39.003">
      <system-out><![CDATA[
COMMAND: POST /session/0710d204f59bc7c8bafa9dd32e268d75/execute/async - {"script":"<script> [1562 bytes]","args":[{"selector":{"controlType":"sap.m.GenericTile","properties":{"header":"Billing Transfer"}},"wdio_ui5_key":"sapm.GenericTile{\"header\":\"Billing Transfer\"}"}]}
RESULT: {"script":"<script> [1562 bytes]","args":[{"selector":{"controlType":"sap.m.GenericTile","properties":{"header":"Billing Transfer"}},"wdio_ui5_key":"sapm.GenericTile{\"header\":\"Billing Transfer\"}"}]}
RESULT: undefined
COMMAND: POST /session/0710d204f59bc7c8bafa9dd32e268d75/element - {"using":"xpath","value":"//*[@id=\"__tile52\"]"}
RESULT: {"using":"xpath","value":"//*[@id=\"__tile52\"]"}
COMMAND: POST /session/0710d204f59bc7c8bafa9dd32e268d75/element/f.5D2050798C0F4018B6E223C2FB1C8E29.d.1DD3B9C22C8E97535E46346A9AAB3C9B.e.2394/click - {}
RESULT: {}
COMMAND: GET /session/0710d204f59bc7c8bafa9dd32e268d75/screenshot - {}
RESULT: {}
COMMAND: POST /session/0710d204f59bc7c8bafa9dd32e268d75/elements - {"using":"xpath","value":"//span[text()='Error']"}
RESULT: {"using":"xpath","value":"//span[text()='Error']"}
RESULT: undefined
COMMAND: POST /session/0710d204f59bc7c8bafa9dd32e268d75/element - {"using":"xpath","value":"//*[@id=\"__tile52\"]"}
RESULT: {"using":"xpath","value":"//*[@id=\"__tile52\"]"}
COMMAND: POST /session/0710d204f59bc7c8bafa9dd32e268d75/element/f.5D2050798C0F4018B6E223C2FB1C8E29.d.1DD3B9C22C8E97535E46346A9AAB3C9B.e.2394/click - {}
RESULT: undefined
COMMAND: POST /session/0710d204f59bc7c8bafa9dd32e268d75/element - {"using":"xpath","value":"//*[@id=\"__tile52\"]"}
RESULT: {"using":"xpath","value":"//*[@id=\"__tile52\"]"}
COMMAND: POST /session/0710d204f59bc7c8bafa9dd32e268d75/element/f.5D2050798C0F4018B6E223C2FB1C8E29.d.1DD3B9C22C8E97535E46346A9AAB3C9B.e.2394/click - {}
RESULT: undefined
COMMAND: POST /session/0710d204f59bc7c8bafa9dd32e268d75/execute/async - {"script":"<script> [6424 bytes]","args":[{"element-6066-11e4-a52e-4f735466cecf":"f.5D2050798C0F4018B6E223C2FB1C8E29.d.1DD3B9C22C8E97535E46346A9AAB3C9B.e.308"},"getTitle",[]]}
COMMAND: POST /session/0710d204f59bc7c8bafa9dd32e268d75/execute/async - {"script":"<script> [1562 bytes]","args":[{"selector":{"id":"shellAppTitle"},"wdio_ui5_key":"shellAppTitle"}]}
RESULT: {"script":"<script> [1562 bytes]","args":[{"selector":{"id":"shellAppTitle"},"wdio_ui5_key":"shellAppTitle"}]}
COMMAND: POST /session/0710d204f59bc7c8bafa9dd32e268d75/execute/async - {"script":"<script> [6424 bytes]","args":[{"element-6066-11e4-a52e-4f735466cecf":"f.5D2050798C0F4018B6E223C2FB1C8E29.d.1DD3B9C22C8E97535E46346A9AAB3C9B.e.2504"},"getTitle",[]]}
RESULT: {"script":"<script> [6424 bytes]","args":[{"element-6066-11e4-a52e-4f735466cecf":"f.5D2050798C0F4018B6E223C2FB1C8E29.d.1DD3B9C22C8E97535E46346A9AAB3C9B.e.2504"},"getTitle",[]]}
RESULT: undefined
COMMAND: POST /session/0710d204f59bc7c8bafa9dd32e268d75/element/f.5D2050798C0F4018B6E223C2FB1C8E29.d.1DD3B9C22C8E97535E46346A9AAB3C9B.e.2246/click - {}
COMMAND: POST /session/0710d204f59bc7c8bafa9dd32e268d75/element - {"using":"xpath","value":"//*[@id=\"backBtn\"]"}
RESULT: {"using":"xpath","value":"//*[@id=\"backBtn\"]"}
COMMAND: POST /session/0710d204f59bc7c8bafa9dd32e268d75/element/f.5D2050798C0F4018B6E223C2FB1C8E29.d.1DD3B9C22C8E97535E46346A9AAB3C9B.e.2246/click - {}
COMMAND: POST /session/0710d204f59bc7c8bafa9dd32e268d75/element - {"using":"xpath","value":"//*[@id=\"backBtn\"]"}
RESULT: {"using":"xpath","value":"//*[@id=\"backBtn\"]"}
COMMAND: POST /session/0710d204f59bc7c8bafa9dd32e268d75/element/f.5D2050798C0F4018B6E223C2FB1C8E29.d.1DD3B9C22C8E97535E46346A9AAB3C9B.e.2505/click - {}
RESULT: {}
COMMAND: GET /session/0710d204f59bc7c8bafa9dd32e268d75/screenshot - {}
RESULT: {}
]]></system-out>
    </testcase>
    <testcase classname="chrome.137_0_7151_69.windows.Sanity_Tests_US104253" name="Should open Manage Pricing Rules page" time="37.195">
      <system-out><![CDATA[
COMMAND: POST /session/0710d204f59bc7c8bafa9dd32e268d75/execute/async - {"script":"<script> [1562 bytes]","args":[{"selector":{"controlType":"sap.m.GenericTile","properties":{"header":"Manage Pricing Rules"}},"wdio_ui5_key":"sapm.GenericTile{\"header\":\"Manage Pricing Rules\"}"}]}
RESULT: {"script":"<script> [1562 bytes]","args":[{"selector":{"controlType":"sap.m.GenericTile","properties":{"header":"Manage Pricing Rules"}},"wdio_ui5_key":"sapm.GenericTile{\"header\":\"Manage Pricing Rules\"}"}]}
RESULT: undefined
COMMAND: POST /session/0710d204f59bc7c8bafa9dd32e268d75/element - {"using":"xpath","value":"//*[@id=\"__tile57\"]"}
RESULT: {"using":"xpath","value":"//*[@id=\"__tile57\"]"}
COMMAND: POST /session/0710d204f59bc7c8bafa9dd32e268d75/element/f.5D2050798C0F4018B6E223C2FB1C8E29.d.1DD3B9C22C8E97535E46346A9AAB3C9B.e.2507/click - {}
RESULT: {}
COMMAND: GET /session/0710d204f59bc7c8bafa9dd32e268d75/screenshot - {}
RESULT: {}
COMMAND: POST /session/0710d204f59bc7c8bafa9dd32e268d75/elements - {"using":"xpath","value":"//span[text()='Error']"}
RESULT: {"using":"xpath","value":"//span[text()='Error']"}
RESULT: undefined
COMMAND: POST /session/0710d204f59bc7c8bafa9dd32e268d75/element - {"using":"xpath","value":"//*[@id=\"__tile57\"]"}
RESULT: {"using":"xpath","value":"//*[@id=\"__tile57\"]"}
COMMAND: POST /session/0710d204f59bc7c8bafa9dd32e268d75/element/f.5D2050798C0F4018B6E223C2FB1C8E29.d.1DD3B9C22C8E97535E46346A9AAB3C9B.e.2507/click - {}
RESULT: undefined
COMMAND: POST /session/0710d204f59bc7c8bafa9dd32e268d75/element - {"using":"xpath","value":"//*[@id=\"__tile57\"]"}
RESULT: {"using":"xpath","value":"//*[@id=\"__tile57\"]"}
COMMAND: POST /session/0710d204f59bc7c8bafa9dd32e268d75/element/f.5D2050798C0F4018B6E223C2FB1C8E29.d.1DD3B9C22C8E97535E46346A9AAB3C9B.e.2507/click - {}
RESULT: undefined
COMMAND: POST /session/0710d204f59bc7c8bafa9dd32e268d75/execute/async - {"script":"<script> [6424 bytes]","args":[{"element-6066-11e4-a52e-4f735466cecf":"f.5D2050798C0F4018B6E223C2FB1C8E29.d.1DD3B9C22C8E97535E46346A9AAB3C9B.e.308"},"getTitle",[]]}
COMMAND: POST /session/0710d204f59bc7c8bafa9dd32e268d75/execute/async - {"script":"<script> [1562 bytes]","args":[{"selector":{"id":"shellAppTitle"},"wdio_ui5_key":"shellAppTitle"}]}
RESULT: {"script":"<script> [1562 bytes]","args":[{"selector":{"id":"shellAppTitle"},"wdio_ui5_key":"shellAppTitle"}]}
COMMAND: POST /session/0710d204f59bc7c8bafa9dd32e268d75/execute/async - {"script":"<script> [6424 bytes]","args":[{"element-6066-11e4-a52e-4f735466cecf":"f.5D2050798C0F4018B6E223C2FB1C8E29.d.1DD3B9C22C8E97535E46346A9AAB3C9B.e.2558"},"getTitle",[]]}
RESULT: {"script":"<script> [6424 bytes]","args":[{"element-6066-11e4-a52e-4f735466cecf":"f.5D2050798C0F4018B6E223C2FB1C8E29.d.1DD3B9C22C8E97535E46346A9AAB3C9B.e.2558"},"getTitle",[]]}
RESULT: undefined
COMMAND: POST /session/0710d204f59bc7c8bafa9dd32e268d75/element/f.5D2050798C0F4018B6E223C2FB1C8E29.d.1DD3B9C22C8E97535E46346A9AAB3C9B.e.2505/click - {}
RESULT: {}
COMMAND: GET /session/0710d204f59bc7c8bafa9dd32e268d75/screenshot - {}
RESULT: {}
]]></system-out>
    </testcase>
    <testcase classname="chrome.137_0_7151_69.windows.Sanity_Tests_US104253" name="Should open Manage Price Determination Matrices page" time="38.815">
      <system-out><![CDATA[
COMMAND: POST /session/0710d204f59bc7c8bafa9dd32e268d75/execute/async - {"script":"<script> [1562 bytes]","args":[{"selector":{"controlType":"sap.m.GenericTile","properties":{"header":"Manage Price Determination Matrices"}},"wdio_ui5_key":"sapm.GenericTile{\"header\":\"Manage Price Determination Matrices\"}"}]}
RESULT: {"script":"<script> [1562 bytes]","args":[{"selector":{"controlType":"sap.m.GenericTile","properties":{"header":"Manage Price Determination Matrices"}},"wdio_ui5_key":"sapm.GenericTile{\"header\":\"Manage Price Determination Matrices\"}"}]}
RESULT: undefined
COMMAND: POST /session/0710d204f59bc7c8bafa9dd32e268d75/element - {"using":"xpath","value":"//*[@id=\"__tile56\"]"}
RESULT: {"using":"xpath","value":"//*[@id=\"__tile56\"]"}
COMMAND: POST /session/0710d204f59bc7c8bafa9dd32e268d75/element/f.5D2050798C0F4018B6E223C2FB1C8E29.d.1DD3B9C22C8E97535E46346A9AAB3C9B.e.2560/click - {}
RESULT: {}
COMMAND: GET /session/0710d204f59bc7c8bafa9dd32e268d75/screenshot - {}
RESULT: {}
COMMAND: POST /session/0710d204f59bc7c8bafa9dd32e268d75/elements - {"using":"xpath","value":"//span[text()='Error']"}
RESULT: {"using":"xpath","value":"//span[text()='Error']"}
RESULT: undefined
COMMAND: POST /session/0710d204f59bc7c8bafa9dd32e268d75/element - {"using":"xpath","value":"//*[@id=\"__tile56\"]"}
RESULT: {"using":"xpath","value":"//*[@id=\"__tile56\"]"}
COMMAND: POST /session/0710d204f59bc7c8bafa9dd32e268d75/element/f.5D2050798C0F4018B6E223C2FB1C8E29.d.1DD3B9C22C8E97535E46346A9AAB3C9B.e.2560/click - {}
RESULT: undefined
COMMAND: POST /session/0710d204f59bc7c8bafa9dd32e268d75/element - {"using":"xpath","value":"//*[@id=\"__tile56\"]"}
RESULT: {"using":"xpath","value":"//*[@id=\"__tile56\"]"}
COMMAND: POST /session/0710d204f59bc7c8bafa9dd32e268d75/element/f.5D2050798C0F4018B6E223C2FB1C8E29.d.1DD3B9C22C8E97535E46346A9AAB3C9B.e.2560/click - {}
RESULT: undefined
COMMAND: POST /session/0710d204f59bc7c8bafa9dd32e268d75/execute/async - {"script":"<script> [6424 bytes]","args":[{"element-6066-11e4-a52e-4f735466cecf":"f.5D2050798C0F4018B6E223C2FB1C8E29.d.1DD3B9C22C8E97535E46346A9AAB3C9B.e.308"},"getTitle",[]]}
COMMAND: POST /session/0710d204f59bc7c8bafa9dd32e268d75/execute/async - {"script":"<script> [1562 bytes]","args":[{"selector":{"id":"shellAppTitle"},"wdio_ui5_key":"shellAppTitle"}]}
RESULT: {"script":"<script> [1562 bytes]","args":[{"selector":{"id":"shellAppTitle"},"wdio_ui5_key":"shellAppTitle"}]}
COMMAND: POST /session/0710d204f59bc7c8bafa9dd32e268d75/execute/async - {"script":"<script> [6424 bytes]","args":[{"element-6066-11e4-a52e-4f735466cecf":"f.5D2050798C0F4018B6E223C2FB1C8E29.d.1DD3B9C22C8E97535E46346A9AAB3C9B.e.2660"},"getTitle",[]]}
RESULT: {"script":"<script> [6424 bytes]","args":[{"element-6066-11e4-a52e-4f735466cecf":"f.5D2050798C0F4018B6E223C2FB1C8E29.d.1DD3B9C22C8E97535E46346A9AAB3C9B.e.2660"},"getTitle",[]]}
RESULT: undefined
COMMAND: POST /session/0710d204f59bc7c8bafa9dd32e268d75/element/f.5D2050798C0F4018B6E223C2FB1C8E29.d.1DD3B9C22C8E97535E46346A9AAB3C9B.e.2505/click - {}
COMMAND: POST /session/0710d204f59bc7c8bafa9dd32e268d75/element - {"using":"xpath","value":"//*[@id=\"backBtn\"]"}
RESULT: {"using":"xpath","value":"//*[@id=\"backBtn\"]"}
COMMAND: POST /session/0710d204f59bc7c8bafa9dd32e268d75/element/f.5D2050798C0F4018B6E223C2FB1C8E29.d.1DD3B9C22C8E97535E46346A9AAB3C9B.e.2505/click - {}
COMMAND: POST /session/0710d204f59bc7c8bafa9dd32e268d75/element - {"using":"xpath","value":"//*[@id=\"backBtn\"]"}
RESULT: {"using":"xpath","value":"//*[@id=\"backBtn\"]"}
COMMAND: POST /session/0710d204f59bc7c8bafa9dd32e268d75/element/f.5D2050798C0F4018B6E223C2FB1C8E29.d.1DD3B9C22C8E97535E46346A9AAB3C9B.e.2661/click - {}
RESULT: {}
COMMAND: GET /session/0710d204f59bc7c8bafa9dd32e268d75/screenshot - {}
RESULT: {}
]]></system-out>
    </testcase>
    <testcase classname="chrome.137_0_7151_69.windows.Sanity_Tests_US104253" name="Should open Yard Overview page" time="38.576">
      <system-out><![CDATA[
COMMAND: POST /session/0710d204f59bc7c8bafa9dd32e268d75/execute/async - {"script":"<script> [1562 bytes]","args":[{"selector":{"controlType":"sap.m.GenericTile","properties":{"header":"Yard Overview"}},"wdio_ui5_key":"sapm.GenericTile{\"header\":\"Yard Overview\"}"}]}
RESULT: {"script":"<script> [1562 bytes]","args":[{"selector":{"controlType":"sap.m.GenericTile","properties":{"header":"Yard Overview"}},"wdio_ui5_key":"sapm.GenericTile{\"header\":\"Yard Overview\"}"}]}
RESULT: undefined
COMMAND: POST /session/0710d204f59bc7c8bafa9dd32e268d75/element - {"using":"xpath","value":"//*[@id=\"__tile104\"]"}
RESULT: {"using":"xpath","value":"//*[@id=\"__tile104\"]"}
COMMAND: POST /session/0710d204f59bc7c8bafa9dd32e268d75/element/f.5D2050798C0F4018B6E223C2FB1C8E29.d.1DD3B9C22C8E97535E46346A9AAB3C9B.e.2663/click - {}
RESULT: {}
COMMAND: GET /session/0710d204f59bc7c8bafa9dd32e268d75/screenshot - {}
RESULT: {}
COMMAND: POST /session/0710d204f59bc7c8bafa9dd32e268d75/elements - {"using":"xpath","value":"//span[text()='Error']"}
RESULT: {"using":"xpath","value":"//span[text()='Error']"}
RESULT: undefined
COMMAND: POST /session/0710d204f59bc7c8bafa9dd32e268d75/element - {"using":"xpath","value":"//*[@id=\"__tile104\"]"}
RESULT: {"using":"xpath","value":"//*[@id=\"__tile104\"]"}
COMMAND: POST /session/0710d204f59bc7c8bafa9dd32e268d75/element/f.5D2050798C0F4018B6E223C2FB1C8E29.d.1DD3B9C22C8E97535E46346A9AAB3C9B.e.2663/click - {}
RESULT: undefined
COMMAND: POST /session/0710d204f59bc7c8bafa9dd32e268d75/element - {"using":"xpath","value":"//*[@id=\"__tile104\"]"}
RESULT: {"using":"xpath","value":"//*[@id=\"__tile104\"]"}
COMMAND: POST /session/0710d204f59bc7c8bafa9dd32e268d75/element/f.5D2050798C0F4018B6E223C2FB1C8E29.d.1DD3B9C22C8E97535E46346A9AAB3C9B.e.2663/click - {}
RESULT: undefined
COMMAND: POST /session/0710d204f59bc7c8bafa9dd32e268d75/execute/async - {"script":"<script> [6424 bytes]","args":[{"element-6066-11e4-a52e-4f735466cecf":"f.5D2050798C0F4018B6E223C2FB1C8E29.d.1DD3B9C22C8E97535E46346A9AAB3C9B.e.308"},"getTitle",[]]}
COMMAND: POST /session/0710d204f59bc7c8bafa9dd32e268d75/execute/async - {"script":"<script> [1562 bytes]","args":[{"selector":{"id":"shellAppTitle"},"wdio_ui5_key":"shellAppTitle"}]}
RESULT: {"script":"<script> [1562 bytes]","args":[{"selector":{"id":"shellAppTitle"},"wdio_ui5_key":"shellAppTitle"}]}
COMMAND: POST /session/0710d204f59bc7c8bafa9dd32e268d75/execute/async - {"script":"<script> [6424 bytes]","args":[{"element-6066-11e4-a52e-4f735466cecf":"f.5D2050798C0F4018B6E223C2FB1C8E29.d.1DD3B9C22C8E97535E46346A9AAB3C9B.e.2721"},"getTitle",[]]}
RESULT: {"script":"<script> [6424 bytes]","args":[{"element-6066-11e4-a52e-4f735466cecf":"f.5D2050798C0F4018B6E223C2FB1C8E29.d.1DD3B9C22C8E97535E46346A9AAB3C9B.e.2721"},"getTitle",[]]}
RESULT: undefined
COMMAND: POST /session/0710d204f59bc7c8bafa9dd32e268d75/element/f.5D2050798C0F4018B6E223C2FB1C8E29.d.1DD3B9C22C8E97535E46346A9AAB3C9B.e.2661/click - {}
RESULT: {}
COMMAND: GET /session/0710d204f59bc7c8bafa9dd32e268d75/screenshot - {}
RESULT: {}
]]></system-out>
    </testcase>
    <testcase classname="chrome.137_0_7151_69.windows.Sanity_Tests_US104253" name="Should open Site Overview page" time="37.811">
      <system-out><![CDATA[
COMMAND: POST /session/0710d204f59bc7c8bafa9dd32e268d75/execute/async - {"script":"<script> [1562 bytes]","args":[{"selector":{"controlType":"sap.m.GenericTile","properties":{"header":"Site Overview"}},"wdio_ui5_key":"sapm.GenericTile{\"header\":\"Site Overview\"}"}]}
RESULT: {"script":"<script> [1562 bytes]","args":[{"selector":{"controlType":"sap.m.GenericTile","properties":{"header":"Site Overview"}},"wdio_ui5_key":"sapm.GenericTile{\"header\":\"Site Overview\"}"}]}
RESULT: undefined
COMMAND: POST /session/0710d204f59bc7c8bafa9dd32e268d75/element - {"using":"xpath","value":"//*[@id=\"__tile102\"]"}
RESULT: {"using":"xpath","value":"//*[@id=\"__tile102\"]"}
COMMAND: POST /session/0710d204f59bc7c8bafa9dd32e268d75/element/f.5D2050798C0F4018B6E223C2FB1C8E29.d.1DD3B9C22C8E97535E46346A9AAB3C9B.e.2724/click - {}
RESULT: {}
COMMAND: GET /session/0710d204f59bc7c8bafa9dd32e268d75/screenshot - {}
RESULT: {}
COMMAND: POST /session/0710d204f59bc7c8bafa9dd32e268d75/elements - {"using":"xpath","value":"//span[text()='Error']"}
RESULT: {"using":"xpath","value":"//span[text()='Error']"}
RESULT: undefined
COMMAND: POST /session/0710d204f59bc7c8bafa9dd32e268d75/element - {"using":"xpath","value":"//*[@id=\"__tile102\"]"}
RESULT: {"using":"xpath","value":"//*[@id=\"__tile102\"]"}
COMMAND: POST /session/0710d204f59bc7c8bafa9dd32e268d75/element/f.5D2050798C0F4018B6E223C2FB1C8E29.d.1DD3B9C22C8E97535E46346A9AAB3C9B.e.2724/click - {}
RESULT: undefined
COMMAND: POST /session/0710d204f59bc7c8bafa9dd32e268d75/element - {"using":"xpath","value":"//*[@id=\"__tile102\"]"}
RESULT: {"using":"xpath","value":"//*[@id=\"__tile102\"]"}
COMMAND: POST /session/0710d204f59bc7c8bafa9dd32e268d75/element/f.5D2050798C0F4018B6E223C2FB1C8E29.d.1DD3B9C22C8E97535E46346A9AAB3C9B.e.2724/click - {}
RESULT: undefined
COMMAND: POST /session/0710d204f59bc7c8bafa9dd32e268d75/execute/async - {"script":"<script> [6424 bytes]","args":[{"element-6066-11e4-a52e-4f735466cecf":"f.5D2050798C0F4018B6E223C2FB1C8E29.d.1DD3B9C22C8E97535E46346A9AAB3C9B.e.308"},"getTitle",[]]}
COMMAND: POST /session/0710d204f59bc7c8bafa9dd32e268d75/execute/async - {"script":"<script> [1562 bytes]","args":[{"selector":{"id":"shellAppTitle"},"wdio_ui5_key":"shellAppTitle"}]}
RESULT: {"script":"<script> [1562 bytes]","args":[{"selector":{"id":"shellAppTitle"},"wdio_ui5_key":"shellAppTitle"}]}
COMMAND: POST /session/0710d204f59bc7c8bafa9dd32e268d75/execute/async - {"script":"<script> [6424 bytes]","args":[{"element-6066-11e4-a52e-4f735466cecf":"f.5D2050798C0F4018B6E223C2FB1C8E29.d.1DD3B9C22C8E97535E46346A9AAB3C9B.e.2843"},"getTitle",[]]}
RESULT: {"script":"<script> [6424 bytes]","args":[{"element-6066-11e4-a52e-4f735466cecf":"f.5D2050798C0F4018B6E223C2FB1C8E29.d.1DD3B9C22C8E97535E46346A9AAB3C9B.e.2843"},"getTitle",[]]}
RESULT: undefined
COMMAND: POST /session/0710d204f59bc7c8bafa9dd32e268d75/element/f.5D2050798C0F4018B6E223C2FB1C8E29.d.1DD3B9C22C8E97535E46346A9AAB3C9B.e.2661/click - {}
COMMAND: POST /session/0710d204f59bc7c8bafa9dd32e268d75/element - {"using":"xpath","value":"//*[@id=\"backBtn\"]"}
RESULT: {"using":"xpath","value":"//*[@id=\"backBtn\"]"}
COMMAND: POST /session/0710d204f59bc7c8bafa9dd32e268d75/element/f.5D2050798C0F4018B6E223C2FB1C8E29.d.1DD3B9C22C8E97535E46346A9AAB3C9B.e.2661/click - {}
COMMAND: POST /session/0710d204f59bc7c8bafa9dd32e268d75/element - {"using":"xpath","value":"//*[@id=\"backBtn\"]"}
RESULT: {"using":"xpath","value":"//*[@id=\"backBtn\"]"}
COMMAND: POST /session/0710d204f59bc7c8bafa9dd32e268d75/element/f.5D2050798C0F4018B6E223C2FB1C8E29.d.1DD3B9C22C8E97535E46346A9AAB3C9B.e.2844/click - {}
RESULT: {}
COMMAND: GET /session/0710d204f59bc7c8bafa9dd32e268d75/screenshot - {}
RESULT: {}
]]></system-out>
    </testcase>
    <testcase classname="chrome.137_0_7151_69.windows.Sanity_Tests_US104253" name="Should open Trace Track Resources page" time="39.203">
      <system-out><![CDATA[
COMMAND: POST /session/0710d204f59bc7c8bafa9dd32e268d75/execute/async - {"script":"<script> [1562 bytes]","args":[{"selector":{"controlType":"sap.m.GenericTile","properties":{"header":"Trace & Track Resources"}},"wdio_ui5_key":"sapm.GenericTile{\"header\":\"Trace & Track Resources\"}"}]}
RESULT: {"script":"<script> [1562 bytes]","args":[{"selector":{"controlType":"sap.m.GenericTile","properties":{"header":"Trace & Track Resources"}},"wdio_ui5_key":"sapm.GenericTile{\"header\":\"Trace & Track Resources\"}"}]}
RESULT: undefined
COMMAND: POST /session/0710d204f59bc7c8bafa9dd32e268d75/element - {"using":"xpath","value":"//*[@id=\"__tile103\"]"}
RESULT: {"using":"xpath","value":"//*[@id=\"__tile103\"]"}
COMMAND: POST /session/0710d204f59bc7c8bafa9dd32e268d75/element/f.5D2050798C0F4018B6E223C2FB1C8E29.d.1DD3B9C22C8E97535E46346A9AAB3C9B.e.2846/click - {}
RESULT: {}
COMMAND: GET /session/0710d204f59bc7c8bafa9dd32e268d75/screenshot - {}
RESULT: {}
COMMAND: POST /session/0710d204f59bc7c8bafa9dd32e268d75/elements - {"using":"xpath","value":"//span[text()='Error']"}
RESULT: {"using":"xpath","value":"//span[text()='Error']"}
RESULT: undefined
COMMAND: POST /session/0710d204f59bc7c8bafa9dd32e268d75/element - {"using":"xpath","value":"//*[@id=\"__tile103\"]"}
RESULT: {"using":"xpath","value":"//*[@id=\"__tile103\"]"}
COMMAND: POST /session/0710d204f59bc7c8bafa9dd32e268d75/element/f.5D2050798C0F4018B6E223C2FB1C8E29.d.1DD3B9C22C8E97535E46346A9AAB3C9B.e.2846/click - {}
RESULT: undefined
COMMAND: POST /session/0710d204f59bc7c8bafa9dd32e268d75/element - {"using":"xpath","value":"//*[@id=\"__tile103\"]"}
RESULT: {"using":"xpath","value":"//*[@id=\"__tile103\"]"}
COMMAND: POST /session/0710d204f59bc7c8bafa9dd32e268d75/element/f.5D2050798C0F4018B6E223C2FB1C8E29.d.1DD3B9C22C8E97535E46346A9AAB3C9B.e.2846/click - {}
RESULT: undefined
COMMAND: POST /session/0710d204f59bc7c8bafa9dd32e268d75/execute/async - {"script":"<script> [6424 bytes]","args":[{"element-6066-11e4-a52e-4f735466cecf":"f.5D2050798C0F4018B6E223C2FB1C8E29.d.1DD3B9C22C8E97535E46346A9AAB3C9B.e.308"},"getTitle",[]]}
COMMAND: POST /session/0710d204f59bc7c8bafa9dd32e268d75/execute/async - {"script":"<script> [1562 bytes]","args":[{"selector":{"id":"shellAppTitle"},"wdio_ui5_key":"shellAppTitle"}]}
RESULT: {"script":"<script> [1562 bytes]","args":[{"selector":{"id":"shellAppTitle"},"wdio_ui5_key":"shellAppTitle"}]}
COMMAND: POST /session/0710d204f59bc7c8bafa9dd32e268d75/execute/async - {"script":"<script> [6424 bytes]","args":[{"element-6066-11e4-a52e-4f735466cecf":"f.5D2050798C0F4018B6E223C2FB1C8E29.d.1DD3B9C22C8E97535E46346A9AAB3C9B.e.2880"},"getTitle",[]]}
RESULT: {"script":"<script> [6424 bytes]","args":[{"element-6066-11e4-a52e-4f735466cecf":"f.5D2050798C0F4018B6E223C2FB1C8E29.d.1DD3B9C22C8E97535E46346A9AAB3C9B.e.2880"},"getTitle",[]]}
RESULT: undefined
COMMAND: POST /session/0710d204f59bc7c8bafa9dd32e268d75/element/f.5D2050798C0F4018B6E223C2FB1C8E29.d.1DD3B9C22C8E97535E46346A9AAB3C9B.e.2844/click - {}
RESULT: {}
COMMAND: GET /session/0710d204f59bc7c8bafa9dd32e268d75/screenshot - {}
RESULT: {}
]]></system-out>
    </testcase>
    <testcase classname="chrome.137_0_7151_69.windows.Sanity_Tests_US104253" name="Should open RU Inventory List page" time="43.812">
      <system-out><![CDATA[
COMMAND: POST /session/0710d204f59bc7c8bafa9dd32e268d75/execute/async - {"script":"<script> [1562 bytes]","args":[{"selector":{"controlType":"sap.m.GenericTile","properties":{"header":"RU Inventory List"}},"wdio_ui5_key":"sapm.GenericTile{\"header\":\"RU Inventory List\"}"}]}
RESULT: {"script":"<script> [1562 bytes]","args":[{"selector":{"controlType":"sap.m.GenericTile","properties":{"header":"RU Inventory List"}},"wdio_ui5_key":"sapm.GenericTile{\"header\":\"RU Inventory List\"}"}]}
RESULT: undefined
COMMAND: POST /session/0710d204f59bc7c8bafa9dd32e268d75/element - {"using":"xpath","value":"//*[@id=\"__tile101\"]"}
RESULT: {"using":"xpath","value":"//*[@id=\"__tile101\"]"}
COMMAND: POST /session/0710d204f59bc7c8bafa9dd32e268d75/element/f.5D2050798C0F4018B6E223C2FB1C8E29.d.1DD3B9C22C8E97535E46346A9AAB3C9B.e.2882/click - {}
RESULT: {}
COMMAND: GET /session/0710d204f59bc7c8bafa9dd32e268d75/screenshot - {}
RESULT: {}
COMMAND: POST /session/0710d204f59bc7c8bafa9dd32e268d75/elements - {"using":"xpath","value":"//span[text()='Error']"}
RESULT: {"using":"xpath","value":"//span[text()='Error']"}
RESULT: undefined
COMMAND: POST /session/0710d204f59bc7c8bafa9dd32e268d75/element - {"using":"xpath","value":"//*[@id=\"__tile101\"]"}
RESULT: {"using":"xpath","value":"//*[@id=\"__tile101\"]"}
COMMAND: POST /session/0710d204f59bc7c8bafa9dd32e268d75/element/f.5D2050798C0F4018B6E223C2FB1C8E29.d.1DD3B9C22C8E97535E46346A9AAB3C9B.e.2882/click - {}
RESULT: undefined
COMMAND: POST /session/0710d204f59bc7c8bafa9dd32e268d75/element - {"using":"xpath","value":"//*[@id=\"__tile101\"]"}
RESULT: {"using":"xpath","value":"//*[@id=\"__tile101\"]"}
COMMAND: POST /session/0710d204f59bc7c8bafa9dd32e268d75/element/f.5D2050798C0F4018B6E223C2FB1C8E29.d.1DD3B9C22C8E97535E46346A9AAB3C9B.e.2882/click - {}
RESULT: undefined
COMMAND: POST /session/0710d204f59bc7c8bafa9dd32e268d75/execute/async - {"script":"<script> [6424 bytes]","args":[{"element-6066-11e4-a52e-4f735466cecf":"f.5D2050798C0F4018B6E223C2FB1C8E29.d.1DD3B9C22C8E97535E46346A9AAB3C9B.e.308"},"getTitle",[]]}
COMMAND: POST /session/0710d204f59bc7c8bafa9dd32e268d75/execute/async - {"script":"<script> [1562 bytes]","args":[{"selector":{"id":"shellAppTitle"},"wdio_ui5_key":"shellAppTitle"}]}
RESULT: {"script":"<script> [1562 bytes]","args":[{"selector":{"id":"shellAppTitle"},"wdio_ui5_key":"shellAppTitle"}]}
COMMAND: POST /session/0710d204f59bc7c8bafa9dd32e268d75/execute/async - {"script":"<script> [6424 bytes]","args":[{"element-6066-11e4-a52e-4f735466cecf":"f.5D2050798C0F4018B6E223C2FB1C8E29.d.1DD3B9C22C8E97535E46346A9AAB3C9B.e.3076"},"getTitle",[]]}
RESULT: {"script":"<script> [6424 bytes]","args":[{"element-6066-11e4-a52e-4f735466cecf":"f.5D2050798C0F4018B6E223C2FB1C8E29.d.1DD3B9C22C8E97535E46346A9AAB3C9B.e.3076"},"getTitle",[]]}
RESULT: undefined
COMMAND: POST /session/0710d204f59bc7c8bafa9dd32e268d75/element/f.5D2050798C0F4018B6E223C2FB1C8E29.d.1DD3B9C22C8E97535E46346A9AAB3C9B.e.2844/click - {}
COMMAND: POST /session/0710d204f59bc7c8bafa9dd32e268d75/element - {"using":"xpath","value":"//*[@id=\"backBtn\"]"}
RESULT: {"using":"xpath","value":"//*[@id=\"backBtn\"]"}
COMMAND: POST /session/0710d204f59bc7c8bafa9dd32e268d75/element/f.5D2050798C0F4018B6E223C2FB1C8E29.d.1DD3B9C22C8E97535E46346A9AAB3C9B.e.2844/click - {}
COMMAND: POST /session/0710d204f59bc7c8bafa9dd32e268d75/element - {"using":"xpath","value":"//*[@id=\"backBtn\"]"}
RESULT: {"using":"xpath","value":"//*[@id=\"backBtn\"]"}
COMMAND: POST /session/0710d204f59bc7c8bafa9dd32e268d75/element/f.5D2050798C0F4018B6E223C2FB1C8E29.d.1DD3B9C22C8E97535E46346A9AAB3C9B.e.3077/click - {}
RESULT: {}
COMMAND: GET /session/0710d204f59bc7c8bafa9dd32e268d75/screenshot - {}
RESULT: {}
]]></system-out>
    </testcase>
    <testcase classname="chrome.137_0_7151_69.windows.Sanity_Tests_US104253" name="Should open Contracts Dashboard page" time="40.484">
      <system-out><![CDATA[
COMMAND: POST /session/0710d204f59bc7c8bafa9dd32e268d75/execute/async - {"script":"<script> [1562 bytes]","args":[{"selector":{"controlType":"sap.m.GenericTile","properties":{"header":"Contracts Dashboard"}},"wdio_ui5_key":"sapm.GenericTile{\"header\":\"Contracts Dashboard\"}"}]}
RESULT: {"script":"<script> [1562 bytes]","args":[{"selector":{"controlType":"sap.m.GenericTile","properties":{"header":"Contracts Dashboard"}},"wdio_ui5_key":"sapm.GenericTile{\"header\":\"Contracts Dashboard\"}"}]}
RESULT: undefined
COMMAND: POST /session/0710d204f59bc7c8bafa9dd32e268d75/element - {"using":"xpath","value":"//*[@id=\"__tile99\"]"}
RESULT: {"using":"xpath","value":"//*[@id=\"__tile99\"]"}
COMMAND: POST /session/0710d204f59bc7c8bafa9dd32e268d75/element/f.5D2050798C0F4018B6E223C2FB1C8E29.d.1DD3B9C22C8E97535E46346A9AAB3C9B.e.3079/click - {}
RESULT: {}
COMMAND: GET /session/0710d204f59bc7c8bafa9dd32e268d75/screenshot - {}
RESULT: {}
COMMAND: POST /session/0710d204f59bc7c8bafa9dd32e268d75/elements - {"using":"xpath","value":"//span[text()='Error']"}
RESULT: {"using":"xpath","value":"//span[text()='Error']"}
RESULT: undefined
COMMAND: POST /session/0710d204f59bc7c8bafa9dd32e268d75/element - {"using":"xpath","value":"//*[@id=\"__tile99\"]"}
RESULT: {"using":"xpath","value":"//*[@id=\"__tile99\"]"}
COMMAND: POST /session/0710d204f59bc7c8bafa9dd32e268d75/element/f.5D2050798C0F4018B6E223C2FB1C8E29.d.1DD3B9C22C8E97535E46346A9AAB3C9B.e.3079/click - {}
RESULT: undefined
COMMAND: POST /session/0710d204f59bc7c8bafa9dd32e268d75/element - {"using":"xpath","value":"//*[@id=\"__tile99\"]"}
RESULT: {"using":"xpath","value":"//*[@id=\"__tile99\"]"}
COMMAND: POST /session/0710d204f59bc7c8bafa9dd32e268d75/element/f.5D2050798C0F4018B6E223C2FB1C8E29.d.1DD3B9C22C8E97535E46346A9AAB3C9B.e.3079/click - {}
RESULT: undefined
COMMAND: POST /session/0710d204f59bc7c8bafa9dd32e268d75/execute/async - {"script":"<script> [6424 bytes]","args":[{"element-6066-11e4-a52e-4f735466cecf":"f.5D2050798C0F4018B6E223C2FB1C8E29.d.1DD3B9C22C8E97535E46346A9AAB3C9B.e.308"},"getTitle",[]]}
COMMAND: POST /session/0710d204f59bc7c8bafa9dd32e268d75/execute/async - {"script":"<script> [1562 bytes]","args":[{"selector":{"id":"shellAppTitle"},"wdio_ui5_key":"shellAppTitle"}]}
RESULT: {"script":"<script> [1562 bytes]","args":[{"selector":{"id":"shellAppTitle"},"wdio_ui5_key":"shellAppTitle"}]}
COMMAND: POST /session/0710d204f59bc7c8bafa9dd32e268d75/execute/async - {"script":"<script> [6424 bytes]","args":[{"element-6066-11e4-a52e-4f735466cecf":"f.5D2050798C0F4018B6E223C2FB1C8E29.d.1DD3B9C22C8E97535E46346A9AAB3C9B.e.3099"},"getTitle",[]]}
RESULT: {"script":"<script> [6424 bytes]","args":[{"element-6066-11e4-a52e-4f735466cecf":"f.5D2050798C0F4018B6E223C2FB1C8E29.d.1DD3B9C22C8E97535E46346A9AAB3C9B.e.3099"},"getTitle",[]]}
RESULT: undefined
COMMAND: POST /session/0710d204f59bc7c8bafa9dd32e268d75/element/f.5D2050798C0F4018B6E223C2FB1C8E29.d.1DD3B9C22C8E97535E46346A9AAB3C9B.e.3077/click - {}
RESULT: {}
COMMAND: GET /session/0710d204f59bc7c8bafa9dd32e268d75/screenshot - {}
RESULT: {}
]]></system-out>
    </testcase>
    <testcase classname="chrome.137_0_7151_69.windows.Sanity_Tests_US104253" name="Should open Bin Status Report page" time="39.043">
      <system-out><![CDATA[
COMMAND: POST /session/0710d204f59bc7c8bafa9dd32e268d75/execute/async - {"script":"<script> [1562 bytes]","args":[{"selector":{"controlType":"sap.m.GenericTile","properties":{"header":"Bin Status Report"}},"wdio_ui5_key":"sapm.GenericTile{\"header\":\"Bin Status Report\"}"}]}
RESULT: {"script":"<script> [1562 bytes]","args":[{"selector":{"controlType":"sap.m.GenericTile","properties":{"header":"Bin Status Report"}},"wdio_ui5_key":"sapm.GenericTile{\"header\":\"Bin Status Report\"}"}]}
RESULT: undefined
COMMAND: POST /session/0710d204f59bc7c8bafa9dd32e268d75/element - {"using":"xpath","value":"//*[@id=\"__tile106\"]"}
RESULT: {"using":"xpath","value":"//*[@id=\"__tile106\"]"}
COMMAND: POST /session/0710d204f59bc7c8bafa9dd32e268d75/element/f.5D2050798C0F4018B6E223C2FB1C8E29.d.1DD3B9C22C8E97535E46346A9AAB3C9B.e.3101/click - {}
RESULT: {}
COMMAND: GET /session/0710d204f59bc7c8bafa9dd32e268d75/screenshot - {}
RESULT: {}
COMMAND: POST /session/0710d204f59bc7c8bafa9dd32e268d75/elements - {"using":"xpath","value":"//span[text()='Error']"}
RESULT: {"using":"xpath","value":"//span[text()='Error']"}
RESULT: undefined
COMMAND: POST /session/0710d204f59bc7c8bafa9dd32e268d75/element - {"using":"xpath","value":"//*[@id=\"__tile106\"]"}
RESULT: {"using":"xpath","value":"//*[@id=\"__tile106\"]"}
COMMAND: POST /session/0710d204f59bc7c8bafa9dd32e268d75/element/f.5D2050798C0F4018B6E223C2FB1C8E29.d.1DD3B9C22C8E97535E46346A9AAB3C9B.e.3101/click - {}
RESULT: undefined
COMMAND: POST /session/0710d204f59bc7c8bafa9dd32e268d75/element - {"using":"xpath","value":"//*[@id=\"__tile106\"]"}
RESULT: {"using":"xpath","value":"//*[@id=\"__tile106\"]"}
COMMAND: POST /session/0710d204f59bc7c8bafa9dd32e268d75/element/f.5D2050798C0F4018B6E223C2FB1C8E29.d.1DD3B9C22C8E97535E46346A9AAB3C9B.e.3101/click - {}
RESULT: undefined
COMMAND: POST /session/0710d204f59bc7c8bafa9dd32e268d75/execute/async - {"script":"<script> [6424 bytes]","args":[{"element-6066-11e4-a52e-4f735466cecf":"f.5D2050798C0F4018B6E223C2FB1C8E29.d.1DD3B9C22C8E97535E46346A9AAB3C9B.e.308"},"getTitle",[]]}
COMMAND: POST /session/0710d204f59bc7c8bafa9dd32e268d75/execute/async - {"script":"<script> [1562 bytes]","args":[{"selector":{"id":"shellAppTitle"},"wdio_ui5_key":"shellAppTitle"}]}
RESULT: {"script":"<script> [1562 bytes]","args":[{"selector":{"id":"shellAppTitle"},"wdio_ui5_key":"shellAppTitle"}]}
COMMAND: POST /session/0710d204f59bc7c8bafa9dd32e268d75/execute/async - {"script":"<script> [6424 bytes]","args":[{"element-6066-11e4-a52e-4f735466cecf":"f.5D2050798C0F4018B6E223C2FB1C8E29.d.1DD3B9C22C8E97535E46346A9AAB3C9B.e.3200"},"getTitle",[]]}
RESULT: {"script":"<script> [6424 bytes]","args":[{"element-6066-11e4-a52e-4f735466cecf":"f.5D2050798C0F4018B6E223C2FB1C8E29.d.1DD3B9C22C8E97535E46346A9AAB3C9B.e.3200"},"getTitle",[]]}
RESULT: undefined
COMMAND: POST /session/0710d204f59bc7c8bafa9dd32e268d75/element/f.5D2050798C0F4018B6E223C2FB1C8E29.d.1DD3B9C22C8E97535E46346A9AAB3C9B.e.3077/click - {}
COMMAND: POST /session/0710d204f59bc7c8bafa9dd32e268d75/element - {"using":"xpath","value":"//*[@id=\"backBtn\"]"}
RESULT: {"using":"xpath","value":"//*[@id=\"backBtn\"]"}
COMMAND: POST /session/0710d204f59bc7c8bafa9dd32e268d75/element/f.5D2050798C0F4018B6E223C2FB1C8E29.d.1DD3B9C22C8E97535E46346A9AAB3C9B.e.3077/click - {}
COMMAND: POST /session/0710d204f59bc7c8bafa9dd32e268d75/element - {"using":"xpath","value":"//*[@id=\"backBtn\"]"}
RESULT: {"using":"xpath","value":"//*[@id=\"backBtn\"]"}
COMMAND: POST /session/0710d204f59bc7c8bafa9dd32e268d75/element/f.5D2050798C0F4018B6E223C2FB1C8E29.d.1DD3B9C22C8E97535E46346A9AAB3C9B.e.3201/click - {}
RESULT: {}
COMMAND: GET /session/0710d204f59bc7c8bafa9dd32e268d75/screenshot - {}
RESULT: {}
]]></system-out>
    </testcase>
    <testcase classname="chrome.137_0_7151_69.windows.Sanity_Tests_US104253" name="Should open Manage Warehouse Movements page" time="43.281">
      <system-out><![CDATA[
COMMAND: POST /session/0710d204f59bc7c8bafa9dd32e268d75/execute/async - {"script":"<script> [1562 bytes]","args":[{"selector":{"controlType":"sap.m.GenericTile","properties":{"header":"Manage Warehouse Movements"}},"wdio_ui5_key":"sapm.GenericTile{\"header\":\"Manage Warehouse Movements\"}"}]}
RESULT: {"script":"<script> [1562 bytes]","args":[{"selector":{"controlType":"sap.m.GenericTile","properties":{"header":"Manage Warehouse Movements"}},"wdio_ui5_key":"sapm.GenericTile{\"header\":\"Manage Warehouse Movements\"}"}]}
RESULT: undefined
COMMAND: POST /session/0710d204f59bc7c8bafa9dd32e268d75/element - {"using":"xpath","value":"//*[@id=\"__tile107\"]"}
RESULT: {"using":"xpath","value":"//*[@id=\"__tile107\"]"}
COMMAND: POST /session/0710d204f59bc7c8bafa9dd32e268d75/element/f.5D2050798C0F4018B6E223C2FB1C8E29.d.1DD3B9C22C8E97535E46346A9AAB3C9B.e.3205/click - {}
RESULT: {}
COMMAND: GET /session/0710d204f59bc7c8bafa9dd32e268d75/screenshot - {}
RESULT: {}
COMMAND: POST /session/0710d204f59bc7c8bafa9dd32e268d75/elements - {"using":"xpath","value":"//span[text()='Error']"}
RESULT: {"using":"xpath","value":"//span[text()='Error']"}
RESULT: undefined
COMMAND: POST /session/0710d204f59bc7c8bafa9dd32e268d75/element - {"using":"xpath","value":"//*[@id=\"__tile107\"]"}
RESULT: {"using":"xpath","value":"//*[@id=\"__tile107\"]"}
COMMAND: POST /session/0710d204f59bc7c8bafa9dd32e268d75/element/f.5D2050798C0F4018B6E223C2FB1C8E29.d.1DD3B9C22C8E97535E46346A9AAB3C9B.e.3205/click - {}
RESULT: undefined
COMMAND: POST /session/0710d204f59bc7c8bafa9dd32e268d75/element - {"using":"xpath","value":"//*[@id=\"__tile107\"]"}
RESULT: {"using":"xpath","value":"//*[@id=\"__tile107\"]"}
COMMAND: POST /session/0710d204f59bc7c8bafa9dd32e268d75/element/f.5D2050798C0F4018B6E223C2FB1C8E29.d.1DD3B9C22C8E97535E46346A9AAB3C9B.e.3205/click - {}
RESULT: undefined
COMMAND: POST /session/0710d204f59bc7c8bafa9dd32e268d75/execute/async - {"script":"<script> [6424 bytes]","args":[{"element-6066-11e4-a52e-4f735466cecf":"f.5D2050798C0F4018B6E223C2FB1C8E29.d.1DD3B9C22C8E97535E46346A9AAB3C9B.e.308"},"getTitle",[]]}
COMMAND: POST /session/0710d204f59bc7c8bafa9dd32e268d75/execute/async - {"script":"<script> [1562 bytes]","args":[{"selector":{"id":"shellAppTitle"},"wdio_ui5_key":"shellAppTitle"}]}
RESULT: {"script":"<script> [1562 bytes]","args":[{"selector":{"id":"shellAppTitle"},"wdio_ui5_key":"shellAppTitle"}]}
COMMAND: POST /session/0710d204f59bc7c8bafa9dd32e268d75/execute/async - {"script":"<script> [6424 bytes]","args":[{"element-6066-11e4-a52e-4f735466cecf":"f.5D2050798C0F4018B6E223C2FB1C8E29.d.1DD3B9C22C8E97535E46346A9AAB3C9B.e.3291"},"getTitle",[]]}
RESULT: {"script":"<script> [6424 bytes]","args":[{"element-6066-11e4-a52e-4f735466cecf":"f.5D2050798C0F4018B6E223C2FB1C8E29.d.1DD3B9C22C8E97535E46346A9AAB3C9B.e.3291"},"getTitle",[]]}
RESULT: undefined
COMMAND: POST /session/0710d204f59bc7c8bafa9dd32e268d75/element/f.5D2050798C0F4018B6E223C2FB1C8E29.d.1DD3B9C22C8E97535E46346A9AAB3C9B.e.3201/click - {}
RESULT: {}
COMMAND: GET /session/0710d204f59bc7c8bafa9dd32e268d75/screenshot - {}
RESULT: {}
]]></system-out>
    </testcase>
    <testcase classname="chrome.137_0_7151_69.windows.Sanity_Tests_US104253" name="Should open Bin Inventory List page" time="38.476">
      <system-out><![CDATA[
COMMAND: POST /session/0710d204f59bc7c8bafa9dd32e268d75/execute/async - {"script":"<script> [1562 bytes]","args":[{"selector":{"controlType":"sap.m.GenericTile","properties":{"header":"Bin Inventory List"}},"wdio_ui5_key":"sapm.GenericTile{\"header\":\"Bin Inventory List\"}"}]}
RESULT: {"script":"<script> [1562 bytes]","args":[{"selector":{"controlType":"sap.m.GenericTile","properties":{"header":"Bin Inventory List"}},"wdio_ui5_key":"sapm.GenericTile{\"header\":\"Bin Inventory List\"}"}]}
RESULT: undefined
COMMAND: POST /session/0710d204f59bc7c8bafa9dd32e268d75/element - {"using":"xpath","value":"//*[@id=\"__tile105\"]"}
RESULT: {"using":"xpath","value":"//*[@id=\"__tile105\"]"}
COMMAND: POST /session/0710d204f59bc7c8bafa9dd32e268d75/element/f.5D2050798C0F4018B6E223C2FB1C8E29.d.1DD3B9C22C8E97535E46346A9AAB3C9B.e.3293/click - {}
RESULT: {}
COMMAND: GET /session/0710d204f59bc7c8bafa9dd32e268d75/screenshot - {}
RESULT: {}
COMMAND: POST /session/0710d204f59bc7c8bafa9dd32e268d75/elements - {"using":"xpath","value":"//span[text()='Error']"}
RESULT: {"using":"xpath","value":"//span[text()='Error']"}
RESULT: undefined
COMMAND: POST /session/0710d204f59bc7c8bafa9dd32e268d75/element - {"using":"xpath","value":"//*[@id=\"__tile105\"]"}
RESULT: {"using":"xpath","value":"//*[@id=\"__tile105\"]"}
COMMAND: POST /session/0710d204f59bc7c8bafa9dd32e268d75/element/f.5D2050798C0F4018B6E223C2FB1C8E29.d.1DD3B9C22C8E97535E46346A9AAB3C9B.e.3293/click - {}
RESULT: undefined
COMMAND: POST /session/0710d204f59bc7c8bafa9dd32e268d75/element - {"using":"xpath","value":"//*[@id=\"__tile105\"]"}
RESULT: {"using":"xpath","value":"//*[@id=\"__tile105\"]"}
COMMAND: POST /session/0710d204f59bc7c8bafa9dd32e268d75/element/f.5D2050798C0F4018B6E223C2FB1C8E29.d.1DD3B9C22C8E97535E46346A9AAB3C9B.e.3293/click - {}
RESULT: undefined
COMMAND: POST /session/0710d204f59bc7c8bafa9dd32e268d75/execute/async - {"script":"<script> [6424 bytes]","args":[{"element-6066-11e4-a52e-4f735466cecf":"f.5D2050798C0F4018B6E223C2FB1C8E29.d.1DD3B9C22C8E97535E46346A9AAB3C9B.e.308"},"getTitle",[]]}
COMMAND: POST /session/0710d204f59bc7c8bafa9dd32e268d75/execute/async - {"script":"<script> [1562 bytes]","args":[{"selector":{"id":"shellAppTitle"},"wdio_ui5_key":"shellAppTitle"}]}
RESULT: {"script":"<script> [1562 bytes]","args":[{"selector":{"id":"shellAppTitle"},"wdio_ui5_key":"shellAppTitle"}]}
COMMAND: POST /session/0710d204f59bc7c8bafa9dd32e268d75/execute/async - {"script":"<script> [6424 bytes]","args":[{"element-6066-11e4-a52e-4f735466cecf":"f.5D2050798C0F4018B6E223C2FB1C8E29.d.1DD3B9C22C8E97535E46346A9AAB3C9B.e.3380"},"getTitle",[]]}
RESULT: {"script":"<script> [6424 bytes]","args":[{"element-6066-11e4-a52e-4f735466cecf":"f.5D2050798C0F4018B6E223C2FB1C8E29.d.1DD3B9C22C8E97535E46346A9AAB3C9B.e.3380"},"getTitle",[]]}
RESULT: undefined
COMMAND: POST /session/0710d204f59bc7c8bafa9dd32e268d75/element/f.5D2050798C0F4018B6E223C2FB1C8E29.d.1DD3B9C22C8E97535E46346A9AAB3C9B.e.3201/click - {}
COMMAND: POST /session/0710d204f59bc7c8bafa9dd32e268d75/element - {"using":"xpath","value":"//*[@id=\"backBtn\"]"}
RESULT: {"using":"xpath","value":"//*[@id=\"backBtn\"]"}
COMMAND: POST /session/0710d204f59bc7c8bafa9dd32e268d75/element/f.5D2050798C0F4018B6E223C2FB1C8E29.d.1DD3B9C22C8E97535E46346A9AAB3C9B.e.3201/click - {}
COMMAND: POST /session/0710d204f59bc7c8bafa9dd32e268d75/element - {"using":"xpath","value":"//*[@id=\"backBtn\"]"}
RESULT: {"using":"xpath","value":"//*[@id=\"backBtn\"]"}
COMMAND: POST /session/0710d204f59bc7c8bafa9dd32e268d75/element/f.5D2050798C0F4018B6E223C2FB1C8E29.d.1DD3B9C22C8E97535E46346A9AAB3C9B.e.3381/click - {}
RESULT: {}
COMMAND: GET /session/0710d204f59bc7c8bafa9dd32e268d75/screenshot - {}
RESULT: {}
]]></system-out>
    </testcase>
    <testcase classname="chrome.137_0_7151_69.windows.Sanity_Tests_US104253" name="Should open ISC Templates page" time="41.883">
      <system-out><![CDATA[
COMMAND: POST /session/0710d204f59bc7c8bafa9dd32e268d75/execute/async - {"script":"<script> [1562 bytes]","args":[{"selector":{"controlType":"sap.m.GenericTile","properties":{"header":"ISC Templates"}},"wdio_ui5_key":"sapm.GenericTile{\"header\":\"ISC Templates\"}"}]}
RESULT: {"script":"<script> [1562 bytes]","args":[{"selector":{"controlType":"sap.m.GenericTile","properties":{"header":"ISC Templates"}},"wdio_ui5_key":"sapm.GenericTile{\"header\":\"ISC Templates\"}"}]}
RESULT: undefined
COMMAND: POST /session/0710d204f59bc7c8bafa9dd32e268d75/element - {"using":"xpath","value":"//*[@id=\"__tile112\"]"}
RESULT: {"using":"xpath","value":"//*[@id=\"__tile112\"]"}
COMMAND: POST /session/0710d204f59bc7c8bafa9dd32e268d75/element/f.5D2050798C0F4018B6E223C2FB1C8E29.d.1DD3B9C22C8E97535E46346A9AAB3C9B.e.3383/click - {}
RESULT: {}
COMMAND: GET /session/0710d204f59bc7c8bafa9dd32e268d75/screenshot - {}
RESULT: {}
COMMAND: POST /session/0710d204f59bc7c8bafa9dd32e268d75/elements - {"using":"xpath","value":"//span[text()='Error']"}
RESULT: {"using":"xpath","value":"//span[text()='Error']"}
RESULT: undefined
COMMAND: POST /session/0710d204f59bc7c8bafa9dd32e268d75/element - {"using":"xpath","value":"//*[@id=\"__tile112\"]"}
RESULT: {"using":"xpath","value":"//*[@id=\"__tile112\"]"}
COMMAND: POST /session/0710d204f59bc7c8bafa9dd32e268d75/element/f.5D2050798C0F4018B6E223C2FB1C8E29.d.1DD3B9C22C8E97535E46346A9AAB3C9B.e.3383/click - {}
RESULT: undefined
COMMAND: POST /session/0710d204f59bc7c8bafa9dd32e268d75/element - {"using":"xpath","value":"//*[@id=\"__tile112\"]"}
RESULT: {"using":"xpath","value":"//*[@id=\"__tile112\"]"}
COMMAND: POST /session/0710d204f59bc7c8bafa9dd32e268d75/element/f.5D2050798C0F4018B6E223C2FB1C8E29.d.1DD3B9C22C8E97535E46346A9AAB3C9B.e.3383/click - {}
RESULT: undefined
COMMAND: POST /session/0710d204f59bc7c8bafa9dd32e268d75/execute/async - {"script":"<script> [6424 bytes]","args":[{"element-6066-11e4-a52e-4f735466cecf":"f.5D2050798C0F4018B6E223C2FB1C8E29.d.1DD3B9C22C8E97535E46346A9AAB3C9B.e.308"},"getTitle",[]]}
COMMAND: POST /session/0710d204f59bc7c8bafa9dd32e268d75/execute/async - {"script":"<script> [1562 bytes]","args":[{"selector":{"id":"shellAppTitle"},"wdio_ui5_key":"shellAppTitle"}]}
RESULT: {"script":"<script> [1562 bytes]","args":[{"selector":{"id":"shellAppTitle"},"wdio_ui5_key":"shellAppTitle"}]}
COMMAND: POST /session/0710d204f59bc7c8bafa9dd32e268d75/execute/async - {"script":"<script> [6424 bytes]","args":[{"element-6066-11e4-a52e-4f735466cecf":"f.5D2050798C0F4018B6E223C2FB1C8E29.d.1DD3B9C22C8E97535E46346A9AAB3C9B.e.3452"},"getTitle",[]]}
RESULT: {"script":"<script> [6424 bytes]","args":[{"element-6066-11e4-a52e-4f735466cecf":"f.5D2050798C0F4018B6E223C2FB1C8E29.d.1DD3B9C22C8E97535E46346A9AAB3C9B.e.3452"},"getTitle",[]]}
RESULT: undefined
COMMAND: POST /session/0710d204f59bc7c8bafa9dd32e268d75/element/f.5D2050798C0F4018B6E223C2FB1C8E29.d.1DD3B9C22C8E97535E46346A9AAB3C9B.e.3381/click - {}
RESULT: {}
COMMAND: GET /session/0710d204f59bc7c8bafa9dd32e268d75/screenshot - {}
RESULT: {}
]]></system-out>
    </testcase>
    <testcase classname="chrome.137_0_7151_69.windows.Sanity_Tests_US104253" name="Should open ISC Schedules page" time="39.031">
      <system-out><![CDATA[
COMMAND: POST /session/0710d204f59bc7c8bafa9dd32e268d75/execute/async - {"script":"<script> [1562 bytes]","args":[{"selector":{"controlType":"sap.m.GenericTile","properties":{"header":"ISC Schedules"}},"wdio_ui5_key":"sapm.GenericTile{\"header\":\"ISC Schedules\"}"}]}
RESULT: {"script":"<script> [1562 bytes]","args":[{"selector":{"controlType":"sap.m.GenericTile","properties":{"header":"ISC Schedules"}},"wdio_ui5_key":"sapm.GenericTile{\"header\":\"ISC Schedules\"}"}]}
RESULT: undefined
COMMAND: POST /session/0710d204f59bc7c8bafa9dd32e268d75/element - {"using":"xpath","value":"//*[@id=\"__tile110\"]"}
RESULT: {"using":"xpath","value":"//*[@id=\"__tile110\"]"}
COMMAND: POST /session/0710d204f59bc7c8bafa9dd32e268d75/element/f.5D2050798C0F4018B6E223C2FB1C8E29.d.1DD3B9C22C8E97535E46346A9AAB3C9B.e.3455/click - {}
RESULT: {}
COMMAND: GET /session/0710d204f59bc7c8bafa9dd32e268d75/screenshot - {}
RESULT: {}
COMMAND: POST /session/0710d204f59bc7c8bafa9dd32e268d75/elements - {"using":"xpath","value":"//span[text()='Error']"}
RESULT: {"using":"xpath","value":"//span[text()='Error']"}
RESULT: undefined
COMMAND: POST /session/0710d204f59bc7c8bafa9dd32e268d75/element - {"using":"xpath","value":"//*[@id=\"__tile110\"]"}
RESULT: {"using":"xpath","value":"//*[@id=\"__tile110\"]"}
COMMAND: POST /session/0710d204f59bc7c8bafa9dd32e268d75/element/f.5D2050798C0F4018B6E223C2FB1C8E29.d.1DD3B9C22C8E97535E46346A9AAB3C9B.e.3455/click - {}
RESULT: undefined
COMMAND: POST /session/0710d204f59bc7c8bafa9dd32e268d75/element - {"using":"xpath","value":"//*[@id=\"__tile110\"]"}
RESULT: {"using":"xpath","value":"//*[@id=\"__tile110\"]"}
COMMAND: POST /session/0710d204f59bc7c8bafa9dd32e268d75/element/f.5D2050798C0F4018B6E223C2FB1C8E29.d.1DD3B9C22C8E97535E46346A9AAB3C9B.e.3455/click - {}
RESULT: undefined
COMMAND: POST /session/0710d204f59bc7c8bafa9dd32e268d75/execute/async - {"script":"<script> [6424 bytes]","args":[{"element-6066-11e4-a52e-4f735466cecf":"f.5D2050798C0F4018B6E223C2FB1C8E29.d.1DD3B9C22C8E97535E46346A9AAB3C9B.e.308"},"getTitle",[]]}
COMMAND: POST /session/0710d204f59bc7c8bafa9dd32e268d75/execute/async - {"script":"<script> [1562 bytes]","args":[{"selector":{"id":"shellAppTitle"},"wdio_ui5_key":"shellAppTitle"}]}
RESULT: {"script":"<script> [1562 bytes]","args":[{"selector":{"id":"shellAppTitle"},"wdio_ui5_key":"shellAppTitle"}]}
COMMAND: POST /session/0710d204f59bc7c8bafa9dd32e268d75/execute/async - {"script":"<script> [6424 bytes]","args":[{"element-6066-11e4-a52e-4f735466cecf":"f.5D2050798C0F4018B6E223C2FB1C8E29.d.1DD3B9C22C8E97535E46346A9AAB3C9B.e.3535"},"getTitle",[]]}
RESULT: {"script":"<script> [6424 bytes]","args":[{"element-6066-11e4-a52e-4f735466cecf":"f.5D2050798C0F4018B6E223C2FB1C8E29.d.1DD3B9C22C8E97535E46346A9AAB3C9B.e.3535"},"getTitle",[]]}
RESULT: undefined
COMMAND: POST /session/0710d204f59bc7c8bafa9dd32e268d75/element/f.5D2050798C0F4018B6E223C2FB1C8E29.d.1DD3B9C22C8E97535E46346A9AAB3C9B.e.3381/click - {}
COMMAND: POST /session/0710d204f59bc7c8bafa9dd32e268d75/element - {"using":"xpath","value":"//*[@id=\"backBtn\"]"}
RESULT: {"using":"xpath","value":"//*[@id=\"backBtn\"]"}
COMMAND: POST /session/0710d204f59bc7c8bafa9dd32e268d75/element/f.5D2050798C0F4018B6E223C2FB1C8E29.d.1DD3B9C22C8E97535E46346A9AAB3C9B.e.3381/click - {}
COMMAND: POST /session/0710d204f59bc7c8bafa9dd32e268d75/element - {"using":"xpath","value":"//*[@id=\"backBtn\"]"}
RESULT: {"using":"xpath","value":"//*[@id=\"backBtn\"]"}
COMMAND: POST /session/0710d204f59bc7c8bafa9dd32e268d75/element/f.5D2050798C0F4018B6E223C2FB1C8E29.d.1DD3B9C22C8E97535E46346A9AAB3C9B.e.3536/click - {}
RESULT: {}
COMMAND: GET /session/0710d204f59bc7c8bafa9dd32e268d75/screenshot - {}
RESULT: {}
]]></system-out>
    </testcase>
    <testcase classname="chrome.137_0_7151_69.windows.Sanity_Tests_US104253" name="Should open ISC Dashboard page" time="39.735">
      <system-out><![CDATA[
COMMAND: POST /session/0710d204f59bc7c8bafa9dd32e268d75/execute/async - {"script":"<script> [1562 bytes]","args":[{"selector":{"controlType":"sap.m.GenericTile","properties":{"header":"ISC Dashboard"}},"wdio_ui5_key":"sapm.GenericTile{\"header\":\"ISC Dashboard\"}"}]}
RESULT: {"script":"<script> [1562 bytes]","args":[{"selector":{"controlType":"sap.m.GenericTile","properties":{"header":"ISC Dashboard"}},"wdio_ui5_key":"sapm.GenericTile{\"header\":\"ISC Dashboard\"}"}]}
RESULT: undefined
COMMAND: POST /session/0710d204f59bc7c8bafa9dd32e268d75/element - {"using":"xpath","value":"//*[@id=\"__tile115\"]"}
RESULT: {"using":"xpath","value":"//*[@id=\"__tile115\"]"}
COMMAND: POST /session/0710d204f59bc7c8bafa9dd32e268d75/element/f.5D2050798C0F4018B6E223C2FB1C8E29.d.1DD3B9C22C8E97535E46346A9AAB3C9B.e.3538/click - {}
RESULT: {}
COMMAND: GET /session/0710d204f59bc7c8bafa9dd32e268d75/screenshot - {}
RESULT: {}
COMMAND: POST /session/0710d204f59bc7c8bafa9dd32e268d75/elements - {"using":"xpath","value":"//span[text()='Error']"}
RESULT: {"using":"xpath","value":"//span[text()='Error']"}
RESULT: undefined
COMMAND: POST /session/0710d204f59bc7c8bafa9dd32e268d75/element - {"using":"xpath","value":"//*[@id=\"__tile115\"]"}
RESULT: {"using":"xpath","value":"//*[@id=\"__tile115\"]"}
COMMAND: POST /session/0710d204f59bc7c8bafa9dd32e268d75/element/f.5D2050798C0F4018B6E223C2FB1C8E29.d.1DD3B9C22C8E97535E46346A9AAB3C9B.e.3538/click - {}
RESULT: undefined
COMMAND: POST /session/0710d204f59bc7c8bafa9dd32e268d75/element - {"using":"xpath","value":"//*[@id=\"__tile115\"]"}
RESULT: {"using":"xpath","value":"//*[@id=\"__tile115\"]"}
COMMAND: POST /session/0710d204f59bc7c8bafa9dd32e268d75/element/f.5D2050798C0F4018B6E223C2FB1C8E29.d.1DD3B9C22C8E97535E46346A9AAB3C9B.e.3538/click - {}
RESULT: undefined
COMMAND: POST /session/0710d204f59bc7c8bafa9dd32e268d75/execute/async - {"script":"<script> [6424 bytes]","args":[{"element-6066-11e4-a52e-4f735466cecf":"f.5D2050798C0F4018B6E223C2FB1C8E29.d.1DD3B9C22C8E97535E46346A9AAB3C9B.e.308"},"getTitle",[]]}
COMMAND: POST /session/0710d204f59bc7c8bafa9dd32e268d75/execute/async - {"script":"<script> [1562 bytes]","args":[{"selector":{"id":"shellAppTitle"},"wdio_ui5_key":"shellAppTitle"}]}
RESULT: {"script":"<script> [1562 bytes]","args":[{"selector":{"id":"shellAppTitle"},"wdio_ui5_key":"shellAppTitle"}]}
COMMAND: POST /session/0710d204f59bc7c8bafa9dd32e268d75/execute/async - {"script":"<script> [6424 bytes]","args":[{"element-6066-11e4-a52e-4f735466cecf":"f.5D2050798C0F4018B6E223C2FB1C8E29.d.1DD3B9C22C8E97535E46346A9AAB3C9B.e.3653"},"getTitle",[]]}
RESULT: {"script":"<script> [6424 bytes]","args":[{"element-6066-11e4-a52e-4f735466cecf":"f.5D2050798C0F4018B6E223C2FB1C8E29.d.1DD3B9C22C8E97535E46346A9AAB3C9B.e.3653"},"getTitle",[]]}
RESULT: undefined
COMMAND: POST /session/0710d204f59bc7c8bafa9dd32e268d75/element/f.5D2050798C0F4018B6E223C2FB1C8E29.d.1DD3B9C22C8E97535E46346A9AAB3C9B.e.3536/click - {}
RESULT: {}
COMMAND: GET /session/0710d204f59bc7c8bafa9dd32e268d75/screenshot - {}
RESULT: {}
]]></system-out>
    </testcase>
    <testcase classname="chrome.137_0_7151_69.windows.Sanity_Tests_US104253" name="Should open ISC Orders page" time="37.182">
      <system-out><![CDATA[
COMMAND: POST /session/0710d204f59bc7c8bafa9dd32e268d75/execute/async - {"script":"<script> [1562 bytes]","args":[{"selector":{"controlType":"sap.m.GenericTile","properties":{"header":"ISC Orders"}},"wdio_ui5_key":"sapm.GenericTile{\"header\":\"ISC Orders\"}"}]}
RESULT: {"script":"<script> [1562 bytes]","args":[{"selector":{"controlType":"sap.m.GenericTile","properties":{"header":"ISC Orders"}},"wdio_ui5_key":"sapm.GenericTile{\"header\":\"ISC Orders\"}"}]}
RESULT: undefined
COMMAND: POST /session/0710d204f59bc7c8bafa9dd32e268d75/element - {"using":"xpath","value":"//*[@id=\"__tile109\"]"}
RESULT: {"using":"xpath","value":"//*[@id=\"__tile109\"]"}
COMMAND: POST /session/0710d204f59bc7c8bafa9dd32e268d75/element/f.5D2050798C0F4018B6E223C2FB1C8E29.d.1DD3B9C22C8E97535E46346A9AAB3C9B.e.3655/click - {}
RESULT: {}
COMMAND: GET /session/0710d204f59bc7c8bafa9dd32e268d75/screenshot - {}
RESULT: {}
COMMAND: POST /session/0710d204f59bc7c8bafa9dd32e268d75/elements - {"using":"xpath","value":"//span[text()='Error']"}
RESULT: {"using":"xpath","value":"//span[text()='Error']"}
RESULT: undefined
COMMAND: POST /session/0710d204f59bc7c8bafa9dd32e268d75/element - {"using":"xpath","value":"//*[@id=\"__tile109\"]"}
RESULT: {"using":"xpath","value":"//*[@id=\"__tile109\"]"}
COMMAND: POST /session/0710d204f59bc7c8bafa9dd32e268d75/element/f.5D2050798C0F4018B6E223C2FB1C8E29.d.1DD3B9C22C8E97535E46346A9AAB3C9B.e.3655/click - {}
RESULT: undefined
COMMAND: POST /session/0710d204f59bc7c8bafa9dd32e268d75/element - {"using":"xpath","value":"//*[@id=\"__tile109\"]"}
RESULT: {"using":"xpath","value":"//*[@id=\"__tile109\"]"}
COMMAND: POST /session/0710d204f59bc7c8bafa9dd32e268d75/element/f.5D2050798C0F4018B6E223C2FB1C8E29.d.1DD3B9C22C8E97535E46346A9AAB3C9B.e.3655/click - {}
RESULT: undefined
COMMAND: POST /session/0710d204f59bc7c8bafa9dd32e268d75/execute/async - {"script":"<script> [6424 bytes]","args":[{"element-6066-11e4-a52e-4f735466cecf":"f.5D2050798C0F4018B6E223C2FB1C8E29.d.1DD3B9C22C8E97535E46346A9AAB3C9B.e.308"},"getTitle",[]]}
COMMAND: POST /session/0710d204f59bc7c8bafa9dd32e268d75/execute/async - {"script":"<script> [1562 bytes]","args":[{"selector":{"id":"shellAppTitle"},"wdio_ui5_key":"shellAppTitle"}]}
RESULT: {"script":"<script> [1562 bytes]","args":[{"selector":{"id":"shellAppTitle"},"wdio_ui5_key":"shellAppTitle"}]}
COMMAND: POST /session/0710d204f59bc7c8bafa9dd32e268d75/execute/async - {"script":"<script> [6424 bytes]","args":[{"element-6066-11e4-a52e-4f735466cecf":"f.5D2050798C0F4018B6E223C2FB1C8E29.d.1DD3B9C22C8E97535E46346A9AAB3C9B.e.3773"},"getTitle",[]]}
RESULT: {"script":"<script> [6424 bytes]","args":[{"element-6066-11e4-a52e-4f735466cecf":"f.5D2050798C0F4018B6E223C2FB1C8E29.d.1DD3B9C22C8E97535E46346A9AAB3C9B.e.3773"},"getTitle",[]]}
RESULT: undefined
COMMAND: POST /session/0710d204f59bc7c8bafa9dd32e268d75/element/f.5D2050798C0F4018B6E223C2FB1C8E29.d.1DD3B9C22C8E97535E46346A9AAB3C9B.e.3536/click - {}
COMMAND: POST /session/0710d204f59bc7c8bafa9dd32e268d75/element - {"using":"xpath","value":"//*[@id=\"backBtn\"]"}
RESULT: {"using":"xpath","value":"//*[@id=\"backBtn\"]"}
COMMAND: POST /session/0710d204f59bc7c8bafa9dd32e268d75/element/f.5D2050798C0F4018B6E223C2FB1C8E29.d.1DD3B9C22C8E97535E46346A9AAB3C9B.e.3536/click - {}
COMMAND: POST /session/0710d204f59bc7c8bafa9dd32e268d75/element - {"using":"xpath","value":"//*[@id=\"backBtn\"]"}
RESULT: {"using":"xpath","value":"//*[@id=\"backBtn\"]"}
COMMAND: POST /session/0710d204f59bc7c8bafa9dd32e268d75/element/f.5D2050798C0F4018B6E223C2FB1C8E29.d.1DD3B9C22C8E97535E46346A9AAB3C9B.e.3774/click - {}
RESULT: {}
COMMAND: GET /session/0710d204f59bc7c8bafa9dd32e268d75/screenshot - {}
RESULT: {}
]]></system-out>
    </testcase>
    <testcase classname="chrome.137_0_7151_69.windows.Sanity_Tests_US104253" name="Should open ISC Tasks page" time="39.815">
      <system-out><![CDATA[
COMMAND: POST /session/0710d204f59bc7c8bafa9dd32e268d75/execute/async - {"script":"<script> [1562 bytes]","args":[{"selector":{"controlType":"sap.m.GenericTile","properties":{"header":"ISC Tasks"}},"wdio_ui5_key":"sapm.GenericTile{\"header\":\"ISC Tasks\"}"}]}
RESULT: {"script":"<script> [1562 bytes]","args":[{"selector":{"controlType":"sap.m.GenericTile","properties":{"header":"ISC Tasks"}},"wdio_ui5_key":"sapm.GenericTile{\"header\":\"ISC Tasks\"}"}]}
RESULT: undefined
COMMAND: POST /session/0710d204f59bc7c8bafa9dd32e268d75/element - {"using":"xpath","value":"//*[@id=\"__tile111\"]"}
RESULT: {"using":"xpath","value":"//*[@id=\"__tile111\"]"}
COMMAND: POST /session/0710d204f59bc7c8bafa9dd32e268d75/element/f.5D2050798C0F4018B6E223C2FB1C8E29.d.1DD3B9C22C8E97535E46346A9AAB3C9B.e.3776/click - {}
RESULT: {}
COMMAND: GET /session/0710d204f59bc7c8bafa9dd32e268d75/screenshot - {}
RESULT: {}
COMMAND: POST /session/0710d204f59bc7c8bafa9dd32e268d75/elements - {"using":"xpath","value":"//span[text()='Error']"}
RESULT: {"using":"xpath","value":"//span[text()='Error']"}
RESULT: undefined
COMMAND: POST /session/0710d204f59bc7c8bafa9dd32e268d75/element - {"using":"xpath","value":"//*[@id=\"__tile111\"]"}
RESULT: {"using":"xpath","value":"//*[@id=\"__tile111\"]"}
COMMAND: POST /session/0710d204f59bc7c8bafa9dd32e268d75/element/f.5D2050798C0F4018B6E223C2FB1C8E29.d.1DD3B9C22C8E97535E46346A9AAB3C9B.e.3776/click - {}
RESULT: undefined
COMMAND: POST /session/0710d204f59bc7c8bafa9dd32e268d75/element - {"using":"xpath","value":"//*[@id=\"__tile111\"]"}
RESULT: {"using":"xpath","value":"//*[@id=\"__tile111\"]"}
COMMAND: POST /session/0710d204f59bc7c8bafa9dd32e268d75/element/f.5D2050798C0F4018B6E223C2FB1C8E29.d.1DD3B9C22C8E97535E46346A9AAB3C9B.e.3776/click - {}
RESULT: undefined
COMMAND: POST /session/0710d204f59bc7c8bafa9dd32e268d75/execute/async - {"script":"<script> [6424 bytes]","args":[{"element-6066-11e4-a52e-4f735466cecf":"f.5D2050798C0F4018B6E223C2FB1C8E29.d.1DD3B9C22C8E97535E46346A9AAB3C9B.e.308"},"getTitle",[]]}
COMMAND: POST /session/0710d204f59bc7c8bafa9dd32e268d75/execute/async - {"script":"<script> [1562 bytes]","args":[{"selector":{"id":"shellAppTitle"},"wdio_ui5_key":"shellAppTitle"}]}
RESULT: {"script":"<script> [1562 bytes]","args":[{"selector":{"id":"shellAppTitle"},"wdio_ui5_key":"shellAppTitle"}]}
COMMAND: POST /session/0710d204f59bc7c8bafa9dd32e268d75/execute/async - {"script":"<script> [6424 bytes]","args":[{"element-6066-11e4-a52e-4f735466cecf":"f.5D2050798C0F4018B6E223C2FB1C8E29.d.1DD3B9C22C8E97535E46346A9AAB3C9B.e.3858"},"getTitle",[]]}
RESULT: {"script":"<script> [6424 bytes]","args":[{"element-6066-11e4-a52e-4f735466cecf":"f.5D2050798C0F4018B6E223C2FB1C8E29.d.1DD3B9C22C8E97535E46346A9AAB3C9B.e.3858"},"getTitle",[]]}
RESULT: undefined
COMMAND: POST /session/0710d204f59bc7c8bafa9dd32e268d75/element/f.5D2050798C0F4018B6E223C2FB1C8E29.d.1DD3B9C22C8E97535E46346A9AAB3C9B.e.3774/click - {}
RESULT: {}
COMMAND: GET /session/0710d204f59bc7c8bafa9dd32e268d75/screenshot - {}
RESULT: {}
]]></system-out>
    </testcase>
    <testcase classname="chrome.137_0_7151_69.windows.Sanity_Tests_US104253" name="Should open Manage Resource Logbook page" time="38.28">
      <system-out><![CDATA[
COMMAND: POST /session/0710d204f59bc7c8bafa9dd32e268d75/execute/async - {"script":"<script> [1562 bytes]","args":[{"selector":{"controlType":"sap.m.GenericTile","properties":{"header":"Manage Resource Logbook"}},"wdio_ui5_key":"sapm.GenericTile{\"header\":\"Manage Resource Logbook\"}"}]}
RESULT: {"script":"<script> [1562 bytes]","args":[{"selector":{"controlType":"sap.m.GenericTile","properties":{"header":"Manage Resource Logbook"}},"wdio_ui5_key":"sapm.GenericTile{\"header\":\"Manage Resource Logbook\"}"}]}
RESULT: undefined
COMMAND: POST /session/0710d204f59bc7c8bafa9dd32e268d75/element - {"using":"xpath","value":"//*[@id=\"__tile114\"]"}
RESULT: {"using":"xpath","value":"//*[@id=\"__tile114\"]"}
COMMAND: POST /session/0710d204f59bc7c8bafa9dd32e268d75/element/f.5D2050798C0F4018B6E223C2FB1C8E29.d.1DD3B9C22C8E97535E46346A9AAB3C9B.e.3860/click - {}
RESULT: {}
COMMAND: GET /session/0710d204f59bc7c8bafa9dd32e268d75/screenshot - {}
RESULT: {}
COMMAND: POST /session/0710d204f59bc7c8bafa9dd32e268d75/elements - {"using":"xpath","value":"//span[text()='Error']"}
RESULT: {"using":"xpath","value":"//span[text()='Error']"}
RESULT: undefined
COMMAND: POST /session/0710d204f59bc7c8bafa9dd32e268d75/element - {"using":"xpath","value":"//*[@id=\"__tile114\"]"}
RESULT: {"using":"xpath","value":"//*[@id=\"__tile114\"]"}
COMMAND: POST /session/0710d204f59bc7c8bafa9dd32e268d75/element/f.5D2050798C0F4018B6E223C2FB1C8E29.d.1DD3B9C22C8E97535E46346A9AAB3C9B.e.3860/click - {}
RESULT: undefined
COMMAND: POST /session/0710d204f59bc7c8bafa9dd32e268d75/element - {"using":"xpath","value":"//*[@id=\"__tile114\"]"}
RESULT: {"using":"xpath","value":"//*[@id=\"__tile114\"]"}
COMMAND: POST /session/0710d204f59bc7c8bafa9dd32e268d75/element/f.5D2050798C0F4018B6E223C2FB1C8E29.d.1DD3B9C22C8E97535E46346A9AAB3C9B.e.3860/click - {}
RESULT: undefined
COMMAND: POST /session/0710d204f59bc7c8bafa9dd32e268d75/execute/async - {"script":"<script> [6424 bytes]","args":[{"element-6066-11e4-a52e-4f735466cecf":"f.5D2050798C0F4018B6E223C2FB1C8E29.d.1DD3B9C22C8E97535E46346A9AAB3C9B.e.308"},"getTitle",[]]}
COMMAND: POST /session/0710d204f59bc7c8bafa9dd32e268d75/execute/async - {"script":"<script> [1562 bytes]","args":[{"selector":{"id":"shellAppTitle"},"wdio_ui5_key":"shellAppTitle"}]}
RESULT: {"script":"<script> [1562 bytes]","args":[{"selector":{"id":"shellAppTitle"},"wdio_ui5_key":"shellAppTitle"}]}
COMMAND: POST /session/0710d204f59bc7c8bafa9dd32e268d75/execute/async - {"script":"<script> [6424 bytes]","args":[{"element-6066-11e4-a52e-4f735466cecf":"f.5D2050798C0F4018B6E223C2FB1C8E29.d.1DD3B9C22C8E97535E46346A9AAB3C9B.e.3961"},"getTitle",[]]}
RESULT: {"script":"<script> [6424 bytes]","args":[{"element-6066-11e4-a52e-4f735466cecf":"f.5D2050798C0F4018B6E223C2FB1C8E29.d.1DD3B9C22C8E97535E46346A9AAB3C9B.e.3961"},"getTitle",[]]}
RESULT: undefined
COMMAND: POST /session/0710d204f59bc7c8bafa9dd32e268d75/element/f.5D2050798C0F4018B6E223C2FB1C8E29.d.1DD3B9C22C8E97535E46346A9AAB3C9B.e.3774/click - {}
COMMAND: POST /session/0710d204f59bc7c8bafa9dd32e268d75/element - {"using":"xpath","value":"//*[@id=\"backBtn\"]"}
RESULT: {"using":"xpath","value":"//*[@id=\"backBtn\"]"}
COMMAND: POST /session/0710d204f59bc7c8bafa9dd32e268d75/element/f.5D2050798C0F4018B6E223C2FB1C8E29.d.1DD3B9C22C8E97535E46346A9AAB3C9B.e.3774/click - {}
COMMAND: POST /session/0710d204f59bc7c8bafa9dd32e268d75/element - {"using":"xpath","value":"//*[@id=\"backBtn\"]"}
RESULT: {"using":"xpath","value":"//*[@id=\"backBtn\"]"}
COMMAND: POST /session/0710d204f59bc7c8bafa9dd32e268d75/element/f.5D2050798C0F4018B6E223C2FB1C8E29.d.1DD3B9C22C8E97535E46346A9AAB3C9B.e.3962/click - {}
RESULT: {}
COMMAND: GET /session/0710d204f59bc7c8bafa9dd32e268d75/screenshot - {}
RESULT: {}
]]></system-out>
    </testcase>
    <testcase classname="chrome.137_0_7151_69.windows.Sanity_Tests_US104253" name="Should open Manage Logbook page" time="38.915">
      <system-out><![CDATA[
COMMAND: POST /session/0710d204f59bc7c8bafa9dd32e268d75/execute/async - {"script":"<script> [1562 bytes]","args":[{"selector":{"controlType":"sap.m.GenericTile","properties":{"header":"Manage Logbook"}},"wdio_ui5_key":"sapm.GenericTile{\"header\":\"Manage Logbook\"}"}]}
RESULT: {"script":"<script> [1562 bytes]","args":[{"selector":{"controlType":"sap.m.GenericTile","properties":{"header":"Manage Logbook"}},"wdio_ui5_key":"sapm.GenericTile{\"header\":\"Manage Logbook\"}"}]}
RESULT: undefined
COMMAND: POST /session/0710d204f59bc7c8bafa9dd32e268d75/element - {"using":"xpath","value":"//*[@id=\"__tile113\"]"}
RESULT: {"using":"xpath","value":"//*[@id=\"__tile113\"]"}
COMMAND: POST /session/0710d204f59bc7c8bafa9dd32e268d75/element/f.5D2050798C0F4018B6E223C2FB1C8E29.d.1DD3B9C22C8E97535E46346A9AAB3C9B.e.3964/click - {}
RESULT: {}
COMMAND: GET /session/0710d204f59bc7c8bafa9dd32e268d75/screenshot - {}
RESULT: {}
COMMAND: POST /session/0710d204f59bc7c8bafa9dd32e268d75/elements - {"using":"xpath","value":"//span[text()='Error']"}
RESULT: {"using":"xpath","value":"//span[text()='Error']"}
RESULT: undefined
COMMAND: POST /session/0710d204f59bc7c8bafa9dd32e268d75/element - {"using":"xpath","value":"//*[@id=\"__tile113\"]"}
RESULT: {"using":"xpath","value":"//*[@id=\"__tile113\"]"}
COMMAND: POST /session/0710d204f59bc7c8bafa9dd32e268d75/element/f.5D2050798C0F4018B6E223C2FB1C8E29.d.1DD3B9C22C8E97535E46346A9AAB3C9B.e.3964/click - {}
RESULT: undefined
COMMAND: POST /session/0710d204f59bc7c8bafa9dd32e268d75/element - {"using":"xpath","value":"//*[@id=\"__tile113\"]"}
RESULT: {"using":"xpath","value":"//*[@id=\"__tile113\"]"}
COMMAND: POST /session/0710d204f59bc7c8bafa9dd32e268d75/element/f.5D2050798C0F4018B6E223C2FB1C8E29.d.1DD3B9C22C8E97535E46346A9AAB3C9B.e.3964/click - {}
RESULT: undefined
COMMAND: POST /session/0710d204f59bc7c8bafa9dd32e268d75/execute/async - {"script":"<script> [6424 bytes]","args":[{"element-6066-11e4-a52e-4f735466cecf":"f.5D2050798C0F4018B6E223C2FB1C8E29.d.1DD3B9C22C8E97535E46346A9AAB3C9B.e.308"},"getTitle",[]]}
COMMAND: POST /session/0710d204f59bc7c8bafa9dd32e268d75/execute/async - {"script":"<script> [1562 bytes]","args":[{"selector":{"id":"shellAppTitle"},"wdio_ui5_key":"shellAppTitle"}]}
RESULT: {"script":"<script> [1562 bytes]","args":[{"selector":{"id":"shellAppTitle"},"wdio_ui5_key":"shellAppTitle"}]}
COMMAND: POST /session/0710d204f59bc7c8bafa9dd32e268d75/execute/async - {"script":"<script> [6424 bytes]","args":[{"element-6066-11e4-a52e-4f735466cecf":"f.5D2050798C0F4018B6E223C2FB1C8E29.d.1DD3B9C22C8E97535E46346A9AAB3C9B.e.4048"},"getTitle",[]]}
RESULT: {"script":"<script> [6424 bytes]","args":[{"element-6066-11e4-a52e-4f735466cecf":"f.5D2050798C0F4018B6E223C2FB1C8E29.d.1DD3B9C22C8E97535E46346A9AAB3C9B.e.4048"},"getTitle",[]]}
RESULT: undefined
COMMAND: POST /session/0710d204f59bc7c8bafa9dd32e268d75/element/f.5D2050798C0F4018B6E223C2FB1C8E29.d.1DD3B9C22C8E97535E46346A9AAB3C9B.e.3962/click - {}
RESULT: {}
COMMAND: GET /session/0710d204f59bc7c8bafa9dd32e268d75/screenshot - {}
RESULT: {}
]]></system-out>
    </testcase>
    <testcase classname="chrome.137_0_7151_69.windows.Sanity_Tests_US104253" name="Should open ISC Orders Calendar page" time="40.191">
      <system-out><![CDATA[
COMMAND: POST /session/0710d204f59bc7c8bafa9dd32e268d75/execute/async - {"script":"<script> [1562 bytes]","args":[{"selector":{"controlType":"sap.m.GenericTile","properties":{"header":"ISC Orders Calendar"}},"wdio_ui5_key":"sapm.GenericTile{\"header\":\"ISC Orders Calendar\"}"}]}
RESULT: {"script":"<script> [1562 bytes]","args":[{"selector":{"controlType":"sap.m.GenericTile","properties":{"header":"ISC Orders Calendar"}},"wdio_ui5_key":"sapm.GenericTile{\"header\":\"ISC Orders Calendar\"}"}]}
RESULT: undefined
COMMAND: POST /session/0710d204f59bc7c8bafa9dd32e268d75/element - {"using":"xpath","value":"//*[@id=\"__tile108\"]"}
RESULT: {"using":"xpath","value":"//*[@id=\"__tile108\"]"}
COMMAND: POST /session/0710d204f59bc7c8bafa9dd32e268d75/element/f.5D2050798C0F4018B6E223C2FB1C8E29.d.1DD3B9C22C8E97535E46346A9AAB3C9B.e.4050/click - {}
RESULT: {}
COMMAND: GET /session/0710d204f59bc7c8bafa9dd32e268d75/screenshot - {}
RESULT: {}
COMMAND: POST /session/0710d204f59bc7c8bafa9dd32e268d75/elements - {"using":"xpath","value":"//span[text()='Error']"}
RESULT: {"using":"xpath","value":"//span[text()='Error']"}
RESULT: undefined
COMMAND: POST /session/0710d204f59bc7c8bafa9dd32e268d75/element - {"using":"xpath","value":"//*[@id=\"__tile108\"]"}
RESULT: {"using":"xpath","value":"//*[@id=\"__tile108\"]"}
COMMAND: POST /session/0710d204f59bc7c8bafa9dd32e268d75/element/f.5D2050798C0F4018B6E223C2FB1C8E29.d.1DD3B9C22C8E97535E46346A9AAB3C9B.e.4050/click - {}
RESULT: undefined
COMMAND: POST /session/0710d204f59bc7c8bafa9dd32e268d75/element - {"using":"xpath","value":"//*[@id=\"__tile108\"]"}
RESULT: {"using":"xpath","value":"//*[@id=\"__tile108\"]"}
COMMAND: POST /session/0710d204f59bc7c8bafa9dd32e268d75/element/f.5D2050798C0F4018B6E223C2FB1C8E29.d.1DD3B9C22C8E97535E46346A9AAB3C9B.e.4050/click - {}
RESULT: undefined
COMMAND: POST /session/0710d204f59bc7c8bafa9dd32e268d75/execute/async - {"script":"<script> [6424 bytes]","args":[{"element-6066-11e4-a52e-4f735466cecf":"f.5D2050798C0F4018B6E223C2FB1C8E29.d.1DD3B9C22C8E97535E46346A9AAB3C9B.e.308"},"getTitle",[]]}
COMMAND: POST /session/0710d204f59bc7c8bafa9dd32e268d75/execute/async - {"script":"<script> [1562 bytes]","args":[{"selector":{"id":"shellAppTitle"},"wdio_ui5_key":"shellAppTitle"}]}
RESULT: {"script":"<script> [1562 bytes]","args":[{"selector":{"id":"shellAppTitle"},"wdio_ui5_key":"shellAppTitle"}]}
COMMAND: POST /session/0710d204f59bc7c8bafa9dd32e268d75/execute/async - {"script":"<script> [6424 bytes]","args":[{"element-6066-11e4-a52e-4f735466cecf":"f.5D2050798C0F4018B6E223C2FB1C8E29.d.1DD3B9C22C8E97535E46346A9AAB3C9B.e.4255"},"getTitle",[]]}
RESULT: {"script":"<script> [6424 bytes]","args":[{"element-6066-11e4-a52e-4f735466cecf":"f.5D2050798C0F4018B6E223C2FB1C8E29.d.1DD3B9C22C8E97535E46346A9AAB3C9B.e.4255"},"getTitle",[]]}
RESULT: undefined
COMMAND: POST /session/0710d204f59bc7c8bafa9dd32e268d75/element/f.5D2050798C0F4018B6E223C2FB1C8E29.d.1DD3B9C22C8E97535E46346A9AAB3C9B.e.3962/click - {}
COMMAND: POST /session/0710d204f59bc7c8bafa9dd32e268d75/element - {"using":"xpath","value":"//*[@id=\"backBtn\"]"}
RESULT: {"using":"xpath","value":"//*[@id=\"backBtn\"]"}
COMMAND: POST /session/0710d204f59bc7c8bafa9dd32e268d75/element/f.5D2050798C0F4018B6E223C2FB1C8E29.d.1DD3B9C22C8E97535E46346A9AAB3C9B.e.3962/click - {}
COMMAND: POST /session/0710d204f59bc7c8bafa9dd32e268d75/element - {"using":"xpath","value":"//*[@id=\"backBtn\"]"}
RESULT: {"using":"xpath","value":"//*[@id=\"backBtn\"]"}
COMMAND: POST /session/0710d204f59bc7c8bafa9dd32e268d75/element/f.5D2050798C0F4018B6E223C2FB1C8E29.d.1DD3B9C22C8E97535E46346A9AAB3C9B.e.4256/click - {}
RESULT: {}
COMMAND: GET /session/0710d204f59bc7c8bafa9dd32e268d75/screenshot - {}
RESULT: {}
]]></system-out>
    </testcase>
    <testcase classname="chrome.137_0_7151_69.windows.Sanity_Tests_US104253" name="Should open Configure System page" time="40.906">
      <system-out><![CDATA[
COMMAND: POST /session/0710d204f59bc7c8bafa9dd32e268d75/execute/async - {"script":"<script> [1562 bytes]","args":[{"selector":{"controlType":"sap.m.GenericTile","properties":{"header":"Configure System"}},"wdio_ui5_key":"sapm.GenericTile{\"header\":\"Configure System\"}"}]}
RESULT: {"script":"<script> [1562 bytes]","args":[{"selector":{"controlType":"sap.m.GenericTile","properties":{"header":"Configure System"}},"wdio_ui5_key":"sapm.GenericTile{\"header\":\"Configure System\"}"}]}
RESULT: undefined
COMMAND: POST /session/0710d204f59bc7c8bafa9dd32e268d75/element - {"using":"xpath","value":"//*[@id=\"__tile116\"]"}
RESULT: {"using":"xpath","value":"//*[@id=\"__tile116\"]"}
COMMAND: POST /session/0710d204f59bc7c8bafa9dd32e268d75/element/f.5D2050798C0F4018B6E223C2FB1C8E29.d.1DD3B9C22C8E97535E46346A9AAB3C9B.e.4258/click - {}
RESULT: {}
COMMAND: GET /session/0710d204f59bc7c8bafa9dd32e268d75/screenshot - {}
RESULT: {}
COMMAND: POST /session/0710d204f59bc7c8bafa9dd32e268d75/elements - {"using":"xpath","value":"//span[text()='Error']"}
RESULT: {"using":"xpath","value":"//span[text()='Error']"}
RESULT: undefined
COMMAND: POST /session/0710d204f59bc7c8bafa9dd32e268d75/element - {"using":"xpath","value":"//*[@id=\"__tile116\"]"}
RESULT: {"using":"xpath","value":"//*[@id=\"__tile116\"]"}
COMMAND: POST /session/0710d204f59bc7c8bafa9dd32e268d75/element/f.5D2050798C0F4018B6E223C2FB1C8E29.d.1DD3B9C22C8E97535E46346A9AAB3C9B.e.4258/click - {}
RESULT: undefined
COMMAND: POST /session/0710d204f59bc7c8bafa9dd32e268d75/element - {"using":"xpath","value":"//*[@id=\"__tile116\"]"}
RESULT: {"using":"xpath","value":"//*[@id=\"__tile116\"]"}
COMMAND: POST /session/0710d204f59bc7c8bafa9dd32e268d75/element/f.5D2050798C0F4018B6E223C2FB1C8E29.d.1DD3B9C22C8E97535E46346A9AAB3C9B.e.4258/click - {}
RESULT: undefined
COMMAND: POST /session/0710d204f59bc7c8bafa9dd32e268d75/execute/async - {"script":"<script> [6424 bytes]","args":[{"element-6066-11e4-a52e-4f735466cecf":"f.5D2050798C0F4018B6E223C2FB1C8E29.d.1DD3B9C22C8E97535E46346A9AAB3C9B.e.308"},"getTitle",[]]}
COMMAND: POST /session/0710d204f59bc7c8bafa9dd32e268d75/execute/async - {"script":"<script> [1562 bytes]","args":[{"selector":{"id":"shellAppTitle"},"wdio_ui5_key":"shellAppTitle"}]}
RESULT: {"script":"<script> [1562 bytes]","args":[{"selector":{"id":"shellAppTitle"},"wdio_ui5_key":"shellAppTitle"}]}
COMMAND: POST /session/0710d204f59bc7c8bafa9dd32e268d75/execute/async - {"script":"<script> [6424 bytes]","args":[{"element-6066-11e4-a52e-4f735466cecf":"f.5D2050798C0F4018B6E223C2FB1C8E29.d.1DD3B9C22C8E97535E46346A9AAB3C9B.e.4297"},"getTitle",[]]}
RESULT: {"script":"<script> [6424 bytes]","args":[{"element-6066-11e4-a52e-4f735466cecf":"f.5D2050798C0F4018B6E223C2FB1C8E29.d.1DD3B9C22C8E97535E46346A9AAB3C9B.e.4297"},"getTitle",[]]}
RESULT: undefined
COMMAND: POST /session/0710d204f59bc7c8bafa9dd32e268d75/element/f.5D2050798C0F4018B6E223C2FB1C8E29.d.1DD3B9C22C8E97535E46346A9AAB3C9B.e.4256/click - {}
RESULT: {}
COMMAND: GET /session/0710d204f59bc7c8bafa9dd32e268d75/screenshot - {}
RESULT: {}
]]></system-out>
    </testcase>
    <testcase classname="chrome.137_0_7151_69.windows.Sanity_Tests_US104253" name="Should open Manage Classifications page" time="38.085">
      <system-out><![CDATA[
COMMAND: POST /session/0710d204f59bc7c8bafa9dd32e268d75/execute/async - {"script":"<script> [1562 bytes]","args":[{"selector":{"controlType":"sap.m.GenericTile","properties":{"header":"Manage Classifications"}},"wdio_ui5_key":"sapm.GenericTile{\"header\":\"Manage Classifications\"}"}]}
RESULT: {"script":"<script> [1562 bytes]","args":[{"selector":{"controlType":"sap.m.GenericTile","properties":{"header":"Manage Classifications"}},"wdio_ui5_key":"sapm.GenericTile{\"header\":\"Manage Classifications\"}"}]}
RESULT: undefined
COMMAND: POST /session/0710d204f59bc7c8bafa9dd32e268d75/element - {"using":"xpath","value":"//*[@id=\"__tile117\"]"}
RESULT: {"using":"xpath","value":"//*[@id=\"__tile117\"]"}
COMMAND: POST /session/0710d204f59bc7c8bafa9dd32e268d75/element/f.5D2050798C0F4018B6E223C2FB1C8E29.d.1DD3B9C22C8E97535E46346A9AAB3C9B.e.4300/click - {}
RESULT: {}
COMMAND: GET /session/0710d204f59bc7c8bafa9dd32e268d75/screenshot - {}
RESULT: {}
COMMAND: POST /session/0710d204f59bc7c8bafa9dd32e268d75/elements - {"using":"xpath","value":"//span[text()='Error']"}
RESULT: {"using":"xpath","value":"//span[text()='Error']"}
RESULT: undefined
COMMAND: POST /session/0710d204f59bc7c8bafa9dd32e268d75/element - {"using":"xpath","value":"//*[@id=\"__tile117\"]"}
RESULT: {"using":"xpath","value":"//*[@id=\"__tile117\"]"}
COMMAND: POST /session/0710d204f59bc7c8bafa9dd32e268d75/element/f.5D2050798C0F4018B6E223C2FB1C8E29.d.1DD3B9C22C8E97535E46346A9AAB3C9B.e.4300/click - {}
RESULT: undefined
COMMAND: POST /session/0710d204f59bc7c8bafa9dd32e268d75/element - {"using":"xpath","value":"//*[@id=\"__tile117\"]"}
RESULT: {"using":"xpath","value":"//*[@id=\"__tile117\"]"}
COMMAND: POST /session/0710d204f59bc7c8bafa9dd32e268d75/element/f.5D2050798C0F4018B6E223C2FB1C8E29.d.1DD3B9C22C8E97535E46346A9AAB3C9B.e.4300/click - {}
RESULT: undefined
COMMAND: POST /session/0710d204f59bc7c8bafa9dd32e268d75/execute/async - {"script":"<script> [6424 bytes]","args":[{"element-6066-11e4-a52e-4f735466cecf":"f.5D2050798C0F4018B6E223C2FB1C8E29.d.1DD3B9C22C8E97535E46346A9AAB3C9B.e.308"},"getTitle",[]]}
COMMAND: POST /session/0710d204f59bc7c8bafa9dd32e268d75/execute/async - {"script":"<script> [1562 bytes]","args":[{"selector":{"id":"shellAppTitle"},"wdio_ui5_key":"shellAppTitle"}]}
RESULT: {"script":"<script> [1562 bytes]","args":[{"selector":{"id":"shellAppTitle"},"wdio_ui5_key":"shellAppTitle"}]}
COMMAND: POST /session/0710d204f59bc7c8bafa9dd32e268d75/execute/async - {"script":"<script> [6424 bytes]","args":[{"element-6066-11e4-a52e-4f735466cecf":"f.5D2050798C0F4018B6E223C2FB1C8E29.d.1DD3B9C22C8E97535E46346A9AAB3C9B.e.4387"},"getTitle",[]]}
RESULT: {"script":"<script> [6424 bytes]","args":[{"element-6066-11e4-a52e-4f735466cecf":"f.5D2050798C0F4018B6E223C2FB1C8E29.d.1DD3B9C22C8E97535E46346A9AAB3C9B.e.4387"},"getTitle",[]]}
RESULT: undefined
COMMAND: POST /session/0710d204f59bc7c8bafa9dd32e268d75/element/f.5D2050798C0F4018B6E223C2FB1C8E29.d.1DD3B9C22C8E97535E46346A9AAB3C9B.e.4256/click - {}
COMMAND: POST /session/0710d204f59bc7c8bafa9dd32e268d75/element - {"using":"xpath","value":"//*[@id=\"backBtn\"]"}
RESULT: {"using":"xpath","value":"//*[@id=\"backBtn\"]"}
COMMAND: POST /session/0710d204f59bc7c8bafa9dd32e268d75/element/f.5D2050798C0F4018B6E223C2FB1C8E29.d.1DD3B9C22C8E97535E46346A9AAB3C9B.e.4256/click - {}
COMMAND: POST /session/0710d204f59bc7c8bafa9dd32e268d75/element - {"using":"xpath","value":"//*[@id=\"backBtn\"]"}
RESULT: {"using":"xpath","value":"//*[@id=\"backBtn\"]"}
COMMAND: POST /session/0710d204f59bc7c8bafa9dd32e268d75/element/f.5D2050798C0F4018B6E223C2FB1C8E29.d.1DD3B9C22C8E97535E46346A9AAB3C9B.e.4388/click - {}
RESULT: {}
COMMAND: GET /session/0710d204f59bc7c8bafa9dd32e268d75/screenshot - {}
RESULT: {}
]]></system-out>
    </testcase>
    <testcase classname="chrome.137_0_7151_69.windows.Sanity_Tests_US104253" name="Should open Data Explorer page" time="36.868">
      <system-out><![CDATA[
COMMAND: POST /session/0710d204f59bc7c8bafa9dd32e268d75/execute/async - {"script":"<script> [1562 bytes]","args":[{"selector":{"controlType":"sap.m.GenericTile","properties":{"header":"Data Explorer"}},"wdio_ui5_key":"sapm.GenericTile{\"header\":\"Data Explorer\"}"}]}
RESULT: {"script":"<script> [1562 bytes]","args":[{"selector":{"controlType":"sap.m.GenericTile","properties":{"header":"Data Explorer"}},"wdio_ui5_key":"sapm.GenericTile{\"header\":\"Data Explorer\"}"}]}
RESULT: undefined
COMMAND: POST /session/0710d204f59bc7c8bafa9dd32e268d75/element - {"using":"xpath","value":"//*[@id=\"__tile119\"]"}
RESULT: {"using":"xpath","value":"//*[@id=\"__tile119\"]"}
COMMAND: POST /session/0710d204f59bc7c8bafa9dd32e268d75/element/f.5D2050798C0F4018B6E223C2FB1C8E29.d.1DD3B9C22C8E97535E46346A9AAB3C9B.e.4390/click - {}
RESULT: {}
COMMAND: GET /session/0710d204f59bc7c8bafa9dd32e268d75/screenshot - {}
RESULT: {}
COMMAND: POST /session/0710d204f59bc7c8bafa9dd32e268d75/elements - {"using":"xpath","value":"//span[text()='Error']"}
RESULT: {"using":"xpath","value":"//span[text()='Error']"}
RESULT: undefined
COMMAND: POST /session/0710d204f59bc7c8bafa9dd32e268d75/element - {"using":"xpath","value":"//*[@id=\"__tile119\"]"}
RESULT: {"using":"xpath","value":"//*[@id=\"__tile119\"]"}
COMMAND: POST /session/0710d204f59bc7c8bafa9dd32e268d75/element/f.5D2050798C0F4018B6E223C2FB1C8E29.d.1DD3B9C22C8E97535E46346A9AAB3C9B.e.4390/click - {}
RESULT: undefined
COMMAND: POST /session/0710d204f59bc7c8bafa9dd32e268d75/element - {"using":"xpath","value":"//*[@id=\"__tile119\"]"}
RESULT: {"using":"xpath","value":"//*[@id=\"__tile119\"]"}
COMMAND: POST /session/0710d204f59bc7c8bafa9dd32e268d75/element/f.5D2050798C0F4018B6E223C2FB1C8E29.d.1DD3B9C22C8E97535E46346A9AAB3C9B.e.4390/click - {}
RESULT: undefined
COMMAND: POST /session/0710d204f59bc7c8bafa9dd32e268d75/execute/async - {"script":"<script> [6424 bytes]","args":[{"element-6066-11e4-a52e-4f735466cecf":"f.5D2050798C0F4018B6E223C2FB1C8E29.d.1DD3B9C22C8E97535E46346A9AAB3C9B.e.308"},"getTitle",[]]}
COMMAND: POST /session/0710d204f59bc7c8bafa9dd32e268d75/execute/async - {"script":"<script> [1562 bytes]","args":[{"selector":{"id":"shellAppTitle"},"wdio_ui5_key":"shellAppTitle"}]}
RESULT: {"script":"<script> [1562 bytes]","args":[{"selector":{"id":"shellAppTitle"},"wdio_ui5_key":"shellAppTitle"}]}
COMMAND: POST /session/0710d204f59bc7c8bafa9dd32e268d75/execute/async - {"script":"<script> [6424 bytes]","args":[{"element-6066-11e4-a52e-4f735466cecf":"f.5D2050798C0F4018B6E223C2FB1C8E29.d.1DD3B9C22C8E97535E46346A9AAB3C9B.e.4571"},"getTitle",[]]}
RESULT: {"script":"<script> [6424 bytes]","args":[{"element-6066-11e4-a52e-4f735466cecf":"f.5D2050798C0F4018B6E223C2FB1C8E29.d.1DD3B9C22C8E97535E46346A9AAB3C9B.e.4571"},"getTitle",[]]}
RESULT: undefined
COMMAND: POST /session/0710d204f59bc7c8bafa9dd32e268d75/element/f.5D2050798C0F4018B6E223C2FB1C8E29.d.1DD3B9C22C8E97535E46346A9AAB3C9B.e.4388/click - {}
RESULT: {}
COMMAND: GET /session/0710d204f59bc7c8bafa9dd32e268d75/screenshot - {}
RESULT: {}
]]></system-out>
    </testcase>
    <testcase classname="chrome.137_0_7151_69.windows.Sanity_Tests_US104253" name="Should open Performance Monitor page" time="38.184">
      <system-out><![CDATA[
COMMAND: POST /session/0710d204f59bc7c8bafa9dd32e268d75/execute/async - {"script":"<script> [1562 bytes]","args":[{"selector":{"controlType":"sap.m.GenericTile","properties":{"header":"Performance Monitor"}},"wdio_ui5_key":"sapm.GenericTile{\"header\":\"Performance Monitor\"}"}]}
RESULT: {"script":"<script> [1562 bytes]","args":[{"selector":{"controlType":"sap.m.GenericTile","properties":{"header":"Performance Monitor"}},"wdio_ui5_key":"sapm.GenericTile{\"header\":\"Performance Monitor\"}"}]}
RESULT: undefined
COMMAND: POST /session/0710d204f59bc7c8bafa9dd32e268d75/element - {"using":"xpath","value":"//*[@id=\"__tile118\"]"}
RESULT: {"using":"xpath","value":"//*[@id=\"__tile118\"]"}
COMMAND: POST /session/0710d204f59bc7c8bafa9dd32e268d75/element/f.5D2050798C0F4018B6E223C2FB1C8E29.d.1DD3B9C22C8E97535E46346A9AAB3C9B.e.4573/click - {}
RESULT: {}
COMMAND: GET /session/0710d204f59bc7c8bafa9dd32e268d75/screenshot - {}
RESULT: {}
COMMAND: POST /session/0710d204f59bc7c8bafa9dd32e268d75/elements - {"using":"xpath","value":"//span[text()='Error']"}
RESULT: {"using":"xpath","value":"//span[text()='Error']"}
RESULT: undefined
COMMAND: POST /session/0710d204f59bc7c8bafa9dd32e268d75/element - {"using":"xpath","value":"//*[@id=\"__tile118\"]"}
RESULT: {"using":"xpath","value":"//*[@id=\"__tile118\"]"}
COMMAND: POST /session/0710d204f59bc7c8bafa9dd32e268d75/element/f.5D2050798C0F4018B6E223C2FB1C8E29.d.1DD3B9C22C8E97535E46346A9AAB3C9B.e.4573/click - {}
RESULT: undefined
COMMAND: POST /session/0710d204f59bc7c8bafa9dd32e268d75/element - {"using":"xpath","value":"//*[@id=\"__tile118\"]"}
RESULT: {"using":"xpath","value":"//*[@id=\"__tile118\"]"}
COMMAND: POST /session/0710d204f59bc7c8bafa9dd32e268d75/element/f.5D2050798C0F4018B6E223C2FB1C8E29.d.1DD3B9C22C8E97535E46346A9AAB3C9B.e.4573/click - {}
RESULT: undefined
COMMAND: POST /session/0710d204f59bc7c8bafa9dd32e268d75/execute/async - {"script":"<script> [6424 bytes]","args":[{"element-6066-11e4-a52e-4f735466cecf":"f.5D2050798C0F4018B6E223C2FB1C8E29.d.1DD3B9C22C8E97535E46346A9AAB3C9B.e.308"},"getTitle",[]]}
COMMAND: POST /session/0710d204f59bc7c8bafa9dd32e268d75/execute/async - {"script":"<script> [1562 bytes]","args":[{"selector":{"id":"shellAppTitle"},"wdio_ui5_key":"shellAppTitle"}]}
RESULT: {"script":"<script> [1562 bytes]","args":[{"selector":{"id":"shellAppTitle"},"wdio_ui5_key":"shellAppTitle"}]}
COMMAND: POST /session/0710d204f59bc7c8bafa9dd32e268d75/execute/async - {"script":"<script> [6424 bytes]","args":[{"element-6066-11e4-a52e-4f735466cecf":"f.5D2050798C0F4018B6E223C2FB1C8E29.d.1DD3B9C22C8E97535E46346A9AAB3C9B.e.4614"},"getTitle",[]]}
RESULT: {"script":"<script> [6424 bytes]","args":[{"element-6066-11e4-a52e-4f735466cecf":"f.5D2050798C0F4018B6E223C2FB1C8E29.d.1DD3B9C22C8E97535E46346A9AAB3C9B.e.4614"},"getTitle",[]]}
RESULT: undefined
COMMAND: POST /session/0710d204f59bc7c8bafa9dd32e268d75/element/f.5D2050798C0F4018B6E223C2FB1C8E29.d.1DD3B9C22C8E97535E46346A9AAB3C9B.e.4388/click - {}
COMMAND: POST /session/0710d204f59bc7c8bafa9dd32e268d75/element - {"using":"xpath","value":"//*[@id=\"backBtn\"]"}
RESULT: {"using":"xpath","value":"//*[@id=\"backBtn\"]"}
COMMAND: POST /session/0710d204f59bc7c8bafa9dd32e268d75/element/f.5D2050798C0F4018B6E223C2FB1C8E29.d.1DD3B9C22C8E97535E46346A9AAB3C9B.e.4388/click - {}
COMMAND: POST /session/0710d204f59bc7c8bafa9dd32e268d75/element - {"using":"xpath","value":"//*[@id=\"backBtn\"]"}
RESULT: {"using":"xpath","value":"//*[@id=\"backBtn\"]"}
COMMAND: POST /session/0710d204f59bc7c8bafa9dd32e268d75/element/f.5D2050798C0F4018B6E223C2FB1C8E29.d.1DD3B9C22C8E97535E46346A9AAB3C9B.e.4615/click - {}
RESULT: {}
COMMAND: GET /session/0710d204f59bc7c8bafa9dd32e268d75/screenshot - {}
RESULT: {}
]]></system-out>
    </testcase>
    <testcase classname="chrome.137_0_7151_69.windows.Sanity_Tests_US104253" name="Should open Organizational Model page" time="37.714">
      <system-out><![CDATA[
COMMAND: POST /session/0710d204f59bc7c8bafa9dd32e268d75/execute/async - {"script":"<script> [1562 bytes]","args":[{"selector":{"controlType":"sap.m.GenericTile","properties":{"header":"Organizational Model"}},"wdio_ui5_key":"sapm.GenericTile{\"header\":\"Organizational Model\"}"}]}
RESULT: {"script":"<script> [1562 bytes]","args":[{"selector":{"controlType":"sap.m.GenericTile","properties":{"header":"Organizational Model"}},"wdio_ui5_key":"sapm.GenericTile{\"header\":\"Organizational Model\"}"}]}
RESULT: undefined
COMMAND: POST /session/0710d204f59bc7c8bafa9dd32e268d75/element - {"using":"xpath","value":"//*[@id=\"__tile122\"]"}
RESULT: {"using":"xpath","value":"//*[@id=\"__tile122\"]"}
COMMAND: POST /session/0710d204f59bc7c8bafa9dd32e268d75/element/f.5D2050798C0F4018B6E223C2FB1C8E29.d.1DD3B9C22C8E97535E46346A9AAB3C9B.e.4618/click - {}
RESULT: {}
COMMAND: GET /session/0710d204f59bc7c8bafa9dd32e268d75/screenshot - {}
RESULT: {}
COMMAND: POST /session/0710d204f59bc7c8bafa9dd32e268d75/elements - {"using":"xpath","value":"//span[text()='Error']"}
RESULT: {"using":"xpath","value":"//span[text()='Error']"}
RESULT: undefined
COMMAND: POST /session/0710d204f59bc7c8bafa9dd32e268d75/element - {"using":"xpath","value":"//*[@id=\"__tile122\"]"}
RESULT: {"using":"xpath","value":"//*[@id=\"__tile122\"]"}
COMMAND: POST /session/0710d204f59bc7c8bafa9dd32e268d75/element/f.5D2050798C0F4018B6E223C2FB1C8E29.d.1DD3B9C22C8E97535E46346A9AAB3C9B.e.4618/click - {}
RESULT: undefined
COMMAND: POST /session/0710d204f59bc7c8bafa9dd32e268d75/element - {"using":"xpath","value":"//*[@id=\"__tile122\"]"}
RESULT: {"using":"xpath","value":"//*[@id=\"__tile122\"]"}
COMMAND: POST /session/0710d204f59bc7c8bafa9dd32e268d75/element/f.5D2050798C0F4018B6E223C2FB1C8E29.d.1DD3B9C22C8E97535E46346A9AAB3C9B.e.4618/click - {}
RESULT: undefined
COMMAND: POST /session/0710d204f59bc7c8bafa9dd32e268d75/execute/async - {"script":"<script> [6424 bytes]","args":[{"element-6066-11e4-a52e-4f735466cecf":"f.5D2050798C0F4018B6E223C2FB1C8E29.d.1DD3B9C22C8E97535E46346A9AAB3C9B.e.308"},"getTitle",[]]}
COMMAND: POST /session/0710d204f59bc7c8bafa9dd32e268d75/execute/async - {"script":"<script> [1562 bytes]","args":[{"selector":{"id":"shellAppTitle"},"wdio_ui5_key":"shellAppTitle"}]}
RESULT: {"script":"<script> [1562 bytes]","args":[{"selector":{"id":"shellAppTitle"},"wdio_ui5_key":"shellAppTitle"}]}
COMMAND: POST /session/0710d204f59bc7c8bafa9dd32e268d75/execute/async - {"script":"<script> [6424 bytes]","args":[{"element-6066-11e4-a52e-4f735466cecf":"f.5D2050798C0F4018B6E223C2FB1C8E29.d.1DD3B9C22C8E97535E46346A9AAB3C9B.e.4636"},"getTitle",[]]}
RESULT: {"script":"<script> [6424 bytes]","args":[{"element-6066-11e4-a52e-4f735466cecf":"f.5D2050798C0F4018B6E223C2FB1C8E29.d.1DD3B9C22C8E97535E46346A9AAB3C9B.e.4636"},"getTitle",[]]}
RESULT: undefined
COMMAND: POST /session/0710d204f59bc7c8bafa9dd32e268d75/element/f.5D2050798C0F4018B6E223C2FB1C8E29.d.1DD3B9C22C8E97535E46346A9AAB3C9B.e.4615/click - {}
RESULT: {}
COMMAND: GET /session/0710d204f59bc7c8bafa9dd32e268d75/screenshot - {}
RESULT: {}
]]></system-out>
    </testcase>
    <testcase classname="chrome.137_0_7151_69.windows.Sanity_Tests_US104253" name="Should open Manage Roles page" time="37.217">
      <system-out><![CDATA[
COMMAND: POST /session/0710d204f59bc7c8bafa9dd32e268d75/execute/async - {"script":"<script> [1562 bytes]","args":[{"selector":{"controlType":"sap.m.GenericTile","properties":{"header":"Manage Roles"}},"wdio_ui5_key":"sapm.GenericTile{\"header\":\"Manage Roles\"}"}]}
RESULT: {"script":"<script> [1562 bytes]","args":[{"selector":{"controlType":"sap.m.GenericTile","properties":{"header":"Manage Roles"}},"wdio_ui5_key":"sapm.GenericTile{\"header\":\"Manage Roles\"}"}]}
RESULT: undefined
COMMAND: POST /session/0710d204f59bc7c8bafa9dd32e268d75/element - {"using":"xpath","value":"//*[@id=\"__tile121\"]"}
RESULT: {"using":"xpath","value":"//*[@id=\"__tile121\"]"}
COMMAND: POST /session/0710d204f59bc7c8bafa9dd32e268d75/element/f.5D2050798C0F4018B6E223C2FB1C8E29.d.1DD3B9C22C8E97535E46346A9AAB3C9B.e.121/click - {}
RESULT: {}
COMMAND: GET /session/0710d204f59bc7c8bafa9dd32e268d75/screenshot - {}
RESULT: {}
COMMAND: POST /session/0710d204f59bc7c8bafa9dd32e268d75/elements - {"using":"xpath","value":"//span[text()='Error']"}
RESULT: {"using":"xpath","value":"//span[text()='Error']"}
RESULT: undefined
COMMAND: POST /session/0710d204f59bc7c8bafa9dd32e268d75/element - {"using":"xpath","value":"//*[@id=\"__tile121\"]"}
RESULT: {"using":"xpath","value":"//*[@id=\"__tile121\"]"}
COMMAND: POST /session/0710d204f59bc7c8bafa9dd32e268d75/element/f.5D2050798C0F4018B6E223C2FB1C8E29.d.1DD3B9C22C8E97535E46346A9AAB3C9B.e.121/click - {}
RESULT: undefined
COMMAND: POST /session/0710d204f59bc7c8bafa9dd32e268d75/element - {"using":"xpath","value":"//*[@id=\"__tile121\"]"}
RESULT: {"using":"xpath","value":"//*[@id=\"__tile121\"]"}
COMMAND: POST /session/0710d204f59bc7c8bafa9dd32e268d75/element/f.5D2050798C0F4018B6E223C2FB1C8E29.d.1DD3B9C22C8E97535E46346A9AAB3C9B.e.121/click - {}
RESULT: undefined
COMMAND: POST /session/0710d204f59bc7c8bafa9dd32e268d75/execute/async - {"script":"<script> [6424 bytes]","args":[{"element-6066-11e4-a52e-4f735466cecf":"f.5D2050798C0F4018B6E223C2FB1C8E29.d.1DD3B9C22C8E97535E46346A9AAB3C9B.e.308"},"getTitle",[]]}
COMMAND: POST /session/0710d204f59bc7c8bafa9dd32e268d75/execute/async - {"script":"<script> [1562 bytes]","args":[{"selector":{"id":"shellAppTitle"},"wdio_ui5_key":"shellAppTitle"}]}
RESULT: {"script":"<script> [1562 bytes]","args":[{"selector":{"id":"shellAppTitle"},"wdio_ui5_key":"shellAppTitle"}]}
COMMAND: POST /session/0710d204f59bc7c8bafa9dd32e268d75/execute/async - {"script":"<script> [6424 bytes]","args":[{"element-6066-11e4-a52e-4f735466cecf":"f.5D2050798C0F4018B6E223C2FB1C8E29.d.1DD3B9C22C8E97535E46346A9AAB3C9B.e.4684"},"getTitle",[]]}
RESULT: {"script":"<script> [6424 bytes]","args":[{"element-6066-11e4-a52e-4f735466cecf":"f.5D2050798C0F4018B6E223C2FB1C8E29.d.1DD3B9C22C8E97535E46346A9AAB3C9B.e.4684"},"getTitle",[]]}
RESULT: undefined
COMMAND: POST /session/0710d204f59bc7c8bafa9dd32e268d75/element/f.5D2050798C0F4018B6E223C2FB1C8E29.d.1DD3B9C22C8E97535E46346A9AAB3C9B.e.4615/click - {}
COMMAND: POST /session/0710d204f59bc7c8bafa9dd32e268d75/element - {"using":"xpath","value":"//*[@id=\"backBtn\"]"}
RESULT: {"using":"xpath","value":"//*[@id=\"backBtn\"]"}
COMMAND: POST /session/0710d204f59bc7c8bafa9dd32e268d75/element/f.5D2050798C0F4018B6E223C2FB1C8E29.d.1DD3B9C22C8E97535E46346A9AAB3C9B.e.4615/click - {}
COMMAND: POST /session/0710d204f59bc7c8bafa9dd32e268d75/element - {"using":"xpath","value":"//*[@id=\"backBtn\"]"}
RESULT: {"using":"xpath","value":"//*[@id=\"backBtn\"]"}
COMMAND: POST /session/0710d204f59bc7c8bafa9dd32e268d75/element/f.5D2050798C0F4018B6E223C2FB1C8E29.d.1DD3B9C22C8E97535E46346A9AAB3C9B.e.4685/click - {}
RESULT: {}
COMMAND: GET /session/0710d204f59bc7c8bafa9dd32e268d75/screenshot - {}
RESULT: {}
]]></system-out>
    </testcase>
    <testcase classname="chrome.137_0_7151_69.windows.Sanity_Tests_US104253" name="Should open Authorization Tables page" time="37.828">
      <system-out><![CDATA[
COMMAND: POST /session/0710d204f59bc7c8bafa9dd32e268d75/execute/async - {"script":"<script> [1562 bytes]","args":[{"selector":{"controlType":"sap.m.GenericTile","properties":{"header":"Authorization Tables"}},"wdio_ui5_key":"sapm.GenericTile{\"header\":\"Authorization Tables\"}"}]}
RESULT: {"script":"<script> [1562 bytes]","args":[{"selector":{"controlType":"sap.m.GenericTile","properties":{"header":"Authorization Tables"}},"wdio_ui5_key":"sapm.GenericTile{\"header\":\"Authorization Tables\"}"}]}
RESULT: undefined
COMMAND: POST /session/0710d204f59bc7c8bafa9dd32e268d75/element - {"using":"xpath","value":"//*[@id=\"__tile120\"]"}
RESULT: {"using":"xpath","value":"//*[@id=\"__tile120\"]"}
COMMAND: POST /session/0710d204f59bc7c8bafa9dd32e268d75/element/f.5D2050798C0F4018B6E223C2FB1C8E29.d.1DD3B9C22C8E97535E46346A9AAB3C9B.e.4687/click - {}
RESULT: {}
COMMAND: GET /session/0710d204f59bc7c8bafa9dd32e268d75/screenshot - {}
RESULT: {}
COMMAND: POST /session/0710d204f59bc7c8bafa9dd32e268d75/elements - {"using":"xpath","value":"//span[text()='Error']"}
RESULT: {"using":"xpath","value":"//span[text()='Error']"}
RESULT: undefined
COMMAND: POST /session/0710d204f59bc7c8bafa9dd32e268d75/element - {"using":"xpath","value":"//*[@id=\"__tile120\"]"}
RESULT: {"using":"xpath","value":"//*[@id=\"__tile120\"]"}
COMMAND: POST /session/0710d204f59bc7c8bafa9dd32e268d75/element/f.5D2050798C0F4018B6E223C2FB1C8E29.d.1DD3B9C22C8E97535E46346A9AAB3C9B.e.4687/click - {}
RESULT: undefined
COMMAND: POST /session/0710d204f59bc7c8bafa9dd32e268d75/element - {"using":"xpath","value":"//*[@id=\"__tile120\"]"}
RESULT: {"using":"xpath","value":"//*[@id=\"__tile120\"]"}
COMMAND: POST /session/0710d204f59bc7c8bafa9dd32e268d75/element/f.5D2050798C0F4018B6E223C2FB1C8E29.d.1DD3B9C22C8E97535E46346A9AAB3C9B.e.4687/click - {}
RESULT: undefined
COMMAND: POST /session/0710d204f59bc7c8bafa9dd32e268d75/execute/async - {"script":"<script> [6424 bytes]","args":[{"element-6066-11e4-a52e-4f735466cecf":"f.5D2050798C0F4018B6E223C2FB1C8E29.d.1DD3B9C22C8E97535E46346A9AAB3C9B.e.308"},"getTitle",[]]}
COMMAND: POST /session/0710d204f59bc7c8bafa9dd32e268d75/execute/async - {"script":"<script> [1562 bytes]","args":[{"selector":{"id":"shellAppTitle"},"wdio_ui5_key":"shellAppTitle"}]}
RESULT: {"script":"<script> [1562 bytes]","args":[{"selector":{"id":"shellAppTitle"},"wdio_ui5_key":"shellAppTitle"}]}
COMMAND: POST /session/0710d204f59bc7c8bafa9dd32e268d75/execute/async - {"script":"<script> [6424 bytes]","args":[{"element-6066-11e4-a52e-4f735466cecf":"f.5D2050798C0F4018B6E223C2FB1C8E29.d.1DD3B9C22C8E97535E46346A9AAB3C9B.e.4771"},"getTitle",[]]}
RESULT: {"script":"<script> [6424 bytes]","args":[{"element-6066-11e4-a52e-4f735466cecf":"f.5D2050798C0F4018B6E223C2FB1C8E29.d.1DD3B9C22C8E97535E46346A9AAB3C9B.e.4771"},"getTitle",[]]}
RESULT: undefined
COMMAND: POST /session/0710d204f59bc7c8bafa9dd32e268d75/element/f.5D2050798C0F4018B6E223C2FB1C8E29.d.1DD3B9C22C8E97535E46346A9AAB3C9B.e.4685/click - {}
RESULT: {}
COMMAND: GET /session/0710d204f59bc7c8bafa9dd32e268d75/screenshot - {}
RESULT: {}
]]></system-out>
    </testcase>
    <testcase classname="chrome.137_0_7151_69.windows.Sanity_Tests_US104253" name="Should open User Maintenance page" time="37.186">
      <system-out><![CDATA[
COMMAND: POST /session/0710d204f59bc7c8bafa9dd32e268d75/execute/async - {"script":"<script> [1562 bytes]","args":[{"selector":{"controlType":"sap.m.GenericTile","properties":{"header":"User Maintenance"}},"wdio_ui5_key":"sapm.GenericTile{\"header\":\"User Maintenance\"}"}]}
RESULT: {"script":"<script> [1562 bytes]","args":[{"selector":{"controlType":"sap.m.GenericTile","properties":{"header":"User Maintenance"}},"wdio_ui5_key":"sapm.GenericTile{\"header\":\"User Maintenance\"}"}]}
RESULT: undefined
COMMAND: POST /session/0710d204f59bc7c8bafa9dd32e268d75/element - {"using":"xpath","value":"//*[@id=\"__tile123\"]"}
RESULT: {"using":"xpath","value":"//*[@id=\"__tile123\"]"}
COMMAND: POST /session/0710d204f59bc7c8bafa9dd32e268d75/element/f.5D2050798C0F4018B6E223C2FB1C8E29.d.1DD3B9C22C8E97535E46346A9AAB3C9B.e.4773/click - {}
RESULT: {}
COMMAND: GET /session/0710d204f59bc7c8bafa9dd32e268d75/screenshot - {}
RESULT: {}
COMMAND: POST /session/0710d204f59bc7c8bafa9dd32e268d75/elements - {"using":"xpath","value":"//span[text()='Error']"}
RESULT: {"using":"xpath","value":"//span[text()='Error']"}
RESULT: undefined
COMMAND: POST /session/0710d204f59bc7c8bafa9dd32e268d75/element - {"using":"xpath","value":"//*[@id=\"__tile123\"]"}
RESULT: {"using":"xpath","value":"//*[@id=\"__tile123\"]"}
COMMAND: POST /session/0710d204f59bc7c8bafa9dd32e268d75/element/f.5D2050798C0F4018B6E223C2FB1C8E29.d.1DD3B9C22C8E97535E46346A9AAB3C9B.e.4773/click - {}
RESULT: undefined
COMMAND: POST /session/0710d204f59bc7c8bafa9dd32e268d75/element - {"using":"xpath","value":"//*[@id=\"__tile123\"]"}
RESULT: {"using":"xpath","value":"//*[@id=\"__tile123\"]"}
COMMAND: POST /session/0710d204f59bc7c8bafa9dd32e268d75/element/f.5D2050798C0F4018B6E223C2FB1C8E29.d.1DD3B9C22C8E97535E46346A9AAB3C9B.e.4773/click - {}
RESULT: undefined
COMMAND: POST /session/0710d204f59bc7c8bafa9dd32e268d75/execute/async - {"script":"<script> [6424 bytes]","args":[{"element-6066-11e4-a52e-4f735466cecf":"f.5D2050798C0F4018B6E223C2FB1C8E29.d.1DD3B9C22C8E97535E46346A9AAB3C9B.e.308"},"getTitle",[]]}
COMMAND: POST /session/0710d204f59bc7c8bafa9dd32e268d75/execute/async - {"script":"<script> [1562 bytes]","args":[{"selector":{"id":"shellAppTitle"},"wdio_ui5_key":"shellAppTitle"}]}
RESULT: {"script":"<script> [1562 bytes]","args":[{"selector":{"id":"shellAppTitle"},"wdio_ui5_key":"shellAppTitle"}]}
COMMAND: POST /session/0710d204f59bc7c8bafa9dd32e268d75/execute/async - {"script":"<script> [6424 bytes]","args":[{"element-6066-11e4-a52e-4f735466cecf":"f.5D2050798C0F4018B6E223C2FB1C8E29.d.1DD3B9C22C8E97535E46346A9AAB3C9B.e.4866"},"getTitle",[]]}
RESULT: {"script":"<script> [6424 bytes]","args":[{"element-6066-11e4-a52e-4f735466cecf":"f.5D2050798C0F4018B6E223C2FB1C8E29.d.1DD3B9C22C8E97535E46346A9AAB3C9B.e.4866"},"getTitle",[]]}
RESULT: undefined
COMMAND: POST /session/0710d204f59bc7c8bafa9dd32e268d75/element/f.5D2050798C0F4018B6E223C2FB1C8E29.d.1DD3B9C22C8E97535E46346A9AAB3C9B.e.4685/click - {}
COMMAND: POST /session/0710d204f59bc7c8bafa9dd32e268d75/element - {"using":"xpath","value":"//*[@id=\"backBtn\"]"}
RESULT: {"using":"xpath","value":"//*[@id=\"backBtn\"]"}
COMMAND: POST /session/0710d204f59bc7c8bafa9dd32e268d75/element/f.5D2050798C0F4018B6E223C2FB1C8E29.d.1DD3B9C22C8E97535E46346A9AAB3C9B.e.4685/click - {}
COMMAND: POST /session/0710d204f59bc7c8bafa9dd32e268d75/element - {"using":"xpath","value":"//*[@id=\"backBtn\"]"}
RESULT: {"using":"xpath","value":"//*[@id=\"backBtn\"]"}
COMMAND: POST /session/0710d204f59bc7c8bafa9dd32e268d75/element/f.5D2050798C0F4018B6E223C2FB1C8E29.d.1DD3B9C22C8E97535E46346A9AAB3C9B.e.4867/click - {}
RESULT: {}
COMMAND: GET /session/0710d204f59bc7c8bafa9dd32e268d75/screenshot - {}
RESULT: {}
]]></system-out>
    </testcase>
    <testcase classname="chrome.137_0_7151_69.windows.Sanity_Tests_US104253" name="Should open Schedule Jobs page" time="36.958">
      <system-out><![CDATA[
COMMAND: POST /session/0710d204f59bc7c8bafa9dd32e268d75/execute/async - {"script":"<script> [1562 bytes]","args":[{"selector":{"controlType":"sap.m.GenericTile","properties":{"header":"Schedule Jobs"}},"wdio_ui5_key":"sapm.GenericTile{\"header\":\"Schedule Jobs\"}"}]}
RESULT: {"script":"<script> [1562 bytes]","args":[{"selector":{"controlType":"sap.m.GenericTile","properties":{"header":"Schedule Jobs"}},"wdio_ui5_key":"sapm.GenericTile{\"header\":\"Schedule Jobs\"}"}]}
RESULT: undefined
COMMAND: POST /session/0710d204f59bc7c8bafa9dd32e268d75/element - {"using":"xpath","value":"//*[@id=\"__tile129\"]"}
RESULT: {"using":"xpath","value":"//*[@id=\"__tile129\"]"}
COMMAND: POST /session/0710d204f59bc7c8bafa9dd32e268d75/element/f.5D2050798C0F4018B6E223C2FB1C8E29.d.1DD3B9C22C8E97535E46346A9AAB3C9B.e.4871/click - {}
RESULT: {}
COMMAND: GET /session/0710d204f59bc7c8bafa9dd32e268d75/screenshot - {}
RESULT: {}
COMMAND: POST /session/0710d204f59bc7c8bafa9dd32e268d75/elements - {"using":"xpath","value":"//span[text()='Error']"}
RESULT: {"using":"xpath","value":"//span[text()='Error']"}
RESULT: undefined
COMMAND: POST /session/0710d204f59bc7c8bafa9dd32e268d75/element - {"using":"xpath","value":"//*[@id=\"__tile129\"]"}
RESULT: {"using":"xpath","value":"//*[@id=\"__tile129\"]"}
COMMAND: POST /session/0710d204f59bc7c8bafa9dd32e268d75/element/f.5D2050798C0F4018B6E223C2FB1C8E29.d.1DD3B9C22C8E97535E46346A9AAB3C9B.e.4871/click - {}
RESULT: undefined
COMMAND: POST /session/0710d204f59bc7c8bafa9dd32e268d75/element - {"using":"xpath","value":"//*[@id=\"__tile129\"]"}
RESULT: {"using":"xpath","value":"//*[@id=\"__tile129\"]"}
COMMAND: POST /session/0710d204f59bc7c8bafa9dd32e268d75/element/f.5D2050798C0F4018B6E223C2FB1C8E29.d.1DD3B9C22C8E97535E46346A9AAB3C9B.e.4871/click - {}
RESULT: undefined
COMMAND: POST /session/0710d204f59bc7c8bafa9dd32e268d75/execute/async - {"script":"<script> [6424 bytes]","args":[{"element-6066-11e4-a52e-4f735466cecf":"f.5D2050798C0F4018B6E223C2FB1C8E29.d.1DD3B9C22C8E97535E46346A9AAB3C9B.e.308"},"getTitle",[]]}
COMMAND: POST /session/0710d204f59bc7c8bafa9dd32e268d75/execute/async - {"script":"<script> [1562 bytes]","args":[{"selector":{"id":"shellAppTitle"},"wdio_ui5_key":"shellAppTitle"}]}
RESULT: {"script":"<script> [1562 bytes]","args":[{"selector":{"id":"shellAppTitle"},"wdio_ui5_key":"shellAppTitle"}]}
COMMAND: POST /session/0710d204f59bc7c8bafa9dd32e268d75/execute/async - {"script":"<script> [6424 bytes]","args":[{"element-6066-11e4-a52e-4f735466cecf":"f.5D2050798C0F4018B6E223C2FB1C8E29.d.1DD3B9C22C8E97535E46346A9AAB3C9B.e.4940"},"getTitle",[]]}
RESULT: {"script":"<script> [6424 bytes]","args":[{"element-6066-11e4-a52e-4f735466cecf":"f.5D2050798C0F4018B6E223C2FB1C8E29.d.1DD3B9C22C8E97535E46346A9AAB3C9B.e.4940"},"getTitle",[]]}
RESULT: undefined
COMMAND: POST /session/0710d204f59bc7c8bafa9dd32e268d75/element/f.5D2050798C0F4018B6E223C2FB1C8E29.d.1DD3B9C22C8E97535E46346A9AAB3C9B.e.4867/click - {}
COMMAND: POST /session/0710d204f59bc7c8bafa9dd32e268d75/element/f.5D2050798C0F4018B6E223C2FB1C8E29.d.1DD3B9C22C8E97535E46346A9AAB3C9B.e.4867/click - {}
RESULT: {}
COMMAND: GET /session/0710d204f59bc7c8bafa9dd32e268d75/screenshot - {}
COMMAND: POST /session/0710d204f59bc7c8bafa9dd32e268d75/element - {"using":"xpath","value":"//*[@id=\"backBtn\"]"}
RESULT: {}
RESULT: {"using":"xpath","value":"//*[@id=\"backBtn\"]"}
COMMAND: POST /session/0710d204f59bc7c8bafa9dd32e268d75/elements - {"using":"xpath","value":"//*[@id=\"backBtn\"]"}
RESULT: {"using":"xpath","value":"//*[@id=\"backBtn\"]"}
COMMAND: POST /session/0710d204f59bc7c8bafa9dd32e268d75/elements - {"using":"xpath","value":"//*[@id=\"backBtn\"]"}
RESULT: {"using":"xpath","value":"//*[@id=\"backBtn\"]"}
COMMAND: POST /session/0710d204f59bc7c8bafa9dd32e268d75/elements - {"using":"xpath","value":"//*[@id=\"backBtn\"]"}
RESULT: {"using":"xpath","value":"//*[@id=\"backBtn\"]"}
COMMAND: POST /session/0710d204f59bc7c8bafa9dd32e268d75/elements - {"using":"xpath","value":"//*[@id=\"backBtn\"]"}
RESULT: {"using":"xpath","value":"//*[@id=\"backBtn\"]"}
COMMAND: POST /session/0710d204f59bc7c8bafa9dd32e268d75/elements - {"using":"xpath","value":"//*[@id=\"backBtn\"]"}
RESULT: {"using":"xpath","value":"//*[@id=\"backBtn\"]"}
COMMAND: POST /session/0710d204f59bc7c8bafa9dd32e268d75/elements - {"using":"xpath","value":"//*[@id=\"backBtn\"]"}
RESULT: {"using":"xpath","value":"//*[@id=\"backBtn\"]"}
COMMAND: POST /session/0710d204f59bc7c8bafa9dd32e268d75/elements - {"using":"xpath","value":"//*[@id=\"backBtn\"]"}
RESULT: {"using":"xpath","value":"//*[@id=\"backBtn\"]"}
COMMAND: POST /session/0710d204f59bc7c8bafa9dd32e268d75/elements - {"using":"xpath","value":"//*[@id=\"backBtn\"]"}
RESULT: {"using":"xpath","value":"//*[@id=\"backBtn\"]"}
COMMAND: POST /session/0710d204f59bc7c8bafa9dd32e268d75/elements - {"using":"xpath","value":"//*[@id=\"backBtn\"]"}
RESULT: {"using":"xpath","value":"//*[@id=\"backBtn\"]"}
COMMAND: POST /session/0710d204f59bc7c8bafa9dd32e268d75/elements - {"using":"xpath","value":"//*[@id=\"backBtn\"]"}
RESULT: {"using":"xpath","value":"//*[@id=\"backBtn\"]"}
COMMAND: POST /session/0710d204f59bc7c8bafa9dd32e268d75/elements - {"using":"xpath","value":"//*[@id=\"backBtn\"]"}
RESULT: {"using":"xpath","value":"//*[@id=\"backBtn\"]"}
COMMAND: POST /session/0710d204f59bc7c8bafa9dd32e268d75/elements - {"using":"xpath","value":"//*[@id=\"backBtn\"]"}
RESULT: {"using":"xpath","value":"//*[@id=\"backBtn\"]"}
COMMAND: POST /session/0710d204f59bc7c8bafa9dd32e268d75/elements - {"using":"xpath","value":"//*[@id=\"backBtn\"]"}
RESULT: {"using":"xpath","value":"//*[@id=\"backBtn\"]"}
COMMAND: POST /session/0710d204f59bc7c8bafa9dd32e268d75/elements - {"using":"xpath","value":"//*[@id=\"backBtn\"]"}
RESULT: {"using":"xpath","value":"//*[@id=\"backBtn\"]"}
COMMAND: POST /session/0710d204f59bc7c8bafa9dd32e268d75/elements - {"using":"xpath","value":"//*[@id=\"backBtn\"]"}
RESULT: {"using":"xpath","value":"//*[@id=\"backBtn\"]"}
COMMAND: POST /session/0710d204f59bc7c8bafa9dd32e268d75/elements - {"using":"xpath","value":"//*[@id=\"backBtn\"]"}
RESULT: {"using":"xpath","value":"//*[@id=\"backBtn\"]"}
COMMAND: POST /session/0710d204f59bc7c8bafa9dd32e268d75/elements - {"using":"xpath","value":"//*[@id=\"backBtn\"]"}
RESULT: {"using":"xpath","value":"//*[@id=\"backBtn\"]"}
COMMAND: POST /session/0710d204f59bc7c8bafa9dd32e268d75/elements - {"using":"xpath","value":"//*[@id=\"backBtn\"]"}
RESULT: {"using":"xpath","value":"//*[@id=\"backBtn\"]"}
COMMAND: POST /session/0710d204f59bc7c8bafa9dd32e268d75/elements - {"using":"xpath","value":"//*[@id=\"backBtn\"]"}
RESULT: {"using":"xpath","value":"//*[@id=\"backBtn\"]"}
]]></system-out>
    </testcase>
    <testcase classname="chrome.137_0_7151_69.windows.Sanity_Tests_US104253" name="Should open Jobs Setup page" time="36.063">
      <system-out><![CDATA[
COMMAND: POST /session/0710d204f59bc7c8bafa9dd32e268d75/execute/async - {"script":"<script> [1562 bytes]","args":[{"selector":{"controlType":"sap.m.GenericTile","properties":{"header":"Jobs Setup"}},"wdio_ui5_key":"sapm.GenericTile{\"header\":\"Jobs Setup\"}"}]}
COMMAND: POST /session/0710d204f59bc7c8bafa9dd32e268d75/elements - {"using":"xpath","value":"//*[@id=\"backBtn\"]"}
RESULT: {"script":"<script> [1562 bytes]","args":[{"selector":{"controlType":"sap.m.GenericTile","properties":{"header":"Jobs Setup"}},"wdio_ui5_key":"sapm.GenericTile{\"header\":\"Jobs Setup\"}"}]}
RESULT: undefined
COMMAND: POST /session/0710d204f59bc7c8bafa9dd32e268d75/element - {"using":"xpath","value":"//*[@id=\"__tile130\"]"}
RESULT: {"using":"xpath","value":"//*[@id=\"backBtn\"]"}
RESULT: {"using":"xpath","value":"//*[@id=\"__tile130\"]"}
COMMAND: POST /session/0710d204f59bc7c8bafa9dd32e268d75/element/f.5D2050798C0F4018B6E223C2FB1C8E29.d.1DD3B9C22C8E97535E46346A9AAB3C9B.e.4942/click - {}
COMMAND: POST /session/0710d204f59bc7c8bafa9dd32e268d75/elements - {"using":"xpath","value":"//*[@id=\"backBtn\"]"}
RESULT: {}
COMMAND: GET /session/0710d204f59bc7c8bafa9dd32e268d75/screenshot - {}
RESULT: {"using":"xpath","value":"//*[@id=\"backBtn\"]"}
RESULT: {}
COMMAND: POST /session/0710d204f59bc7c8bafa9dd32e268d75/elements - {"using":"xpath","value":"//*[@id=\"backBtn\"]"}
RESULT: {"using":"xpath","value":"//*[@id=\"backBtn\"]"}
COMMAND: POST /session/0710d204f59bc7c8bafa9dd32e268d75/element - {"using":"xpath","value":"//*[@id=\"backBtn\"]"}
RESULT: {"using":"xpath","value":"//*[@id=\"backBtn\"]"}
COMMAND: POST /session/0710d204f59bc7c8bafa9dd32e268d75/element/f.5D2050798C0F4018B6E223C2FB1C8E29.d.1DD3B9C22C8E97535E46346A9AAB3C9B.e.4867/click - {}
COMMAND: POST /session/0710d204f59bc7c8bafa9dd32e268d75/element - {"using":"xpath","value":"//*[@id=\"backBtn\"]"}
RESULT: {"using":"xpath","value":"//*[@id=\"backBtn\"]"}
COMMAND: POST /session/0710d204f59bc7c8bafa9dd32e268d75/element/f.5D2050798C0F4018B6E223C2FB1C8E29.d.1DD3B9C22C8E97535E46346A9AAB3C9B.e.4998/click - {}
RESULT: {}
COMMAND: GET /session/0710d204f59bc7c8bafa9dd32e268d75/screenshot - {}
RESULT: {}
COMMAND: POST /session/0710d204f59bc7c8bafa9dd32e268d75/elements - {"using":"xpath","value":"//span[text()='Error']"}
RESULT: {"using":"xpath","value":"//span[text()='Error']"}
RESULT: undefined
COMMAND: POST /session/0710d204f59bc7c8bafa9dd32e268d75/element - {"using":"xpath","value":"//*[@id=\"__tile130\"]"}
RESULT: {"using":"xpath","value":"//*[@id=\"__tile130\"]"}
COMMAND: POST /session/0710d204f59bc7c8bafa9dd32e268d75/element/f.5D2050798C0F4018B6E223C2FB1C8E29.d.1DD3B9C22C8E97535E46346A9AAB3C9B.e.4942/click - {}
RESULT: undefined
COMMAND: POST /session/0710d204f59bc7c8bafa9dd32e268d75/element - {"using":"xpath","value":"//*[@id=\"__tile130\"]"}
RESULT: {"using":"xpath","value":"//*[@id=\"__tile130\"]"}
COMMAND: POST /session/0710d204f59bc7c8bafa9dd32e268d75/element/f.5D2050798C0F4018B6E223C2FB1C8E29.d.1DD3B9C22C8E97535E46346A9AAB3C9B.e.4942/click - {}
RESULT: undefined
COMMAND: POST /session/0710d204f59bc7c8bafa9dd32e268d75/execute/async - {"script":"<script> [6424 bytes]","args":[{"element-6066-11e4-a52e-4f735466cecf":"f.5D2050798C0F4018B6E223C2FB1C8E29.d.1DD3B9C22C8E97535E46346A9AAB3C9B.e.308"},"getTitle",[]]}
COMMAND: POST /session/0710d204f59bc7c8bafa9dd32e268d75/execute/async - {"script":"<script> [1562 bytes]","args":[{"selector":{"id":"shellAppTitle"},"wdio_ui5_key":"shellAppTitle"}]}
RESULT: {"script":"<script> [1562 bytes]","args":[{"selector":{"id":"shellAppTitle"},"wdio_ui5_key":"shellAppTitle"}]}
COMMAND: POST /session/0710d204f59bc7c8bafa9dd32e268d75/execute/async - {"script":"<script> [6424 bytes]","args":[{"element-6066-11e4-a52e-4f735466cecf":"f.5D2050798C0F4018B6E223C2FB1C8E29.d.1DD3B9C22C8E97535E46346A9AAB3C9B.e.5030"},"getTitle",[]]}
RESULT: {"script":"<script> [6424 bytes]","args":[{"element-6066-11e4-a52e-4f735466cecf":"f.5D2050798C0F4018B6E223C2FB1C8E29.d.1DD3B9C22C8E97535E46346A9AAB3C9B.e.5030"},"getTitle",[]]}
RESULT: undefined
COMMAND: POST /session/0710d204f59bc7c8bafa9dd32e268d75/element/f.5D2050798C0F4018B6E223C2FB1C8E29.d.1DD3B9C22C8E97535E46346A9AAB3C9B.e.4998/click - {}
COMMAND: POST /session/0710d204f59bc7c8bafa9dd32e268d75/element/f.5D2050798C0F4018B6E223C2FB1C8E29.d.1DD3B9C22C8E97535E46346A9AAB3C9B.e.4998/click - {}
RESULT: {}
COMMAND: GET /session/0710d204f59bc7c8bafa9dd32e268d75/screenshot - {}
RESULT: {}
COMMAND: GET /session/0710d204f59bc7c8bafa9dd32e268d75/screenshot - {}
RESULT: {}
RESULT: {}
]]></system-out>
    </testcase>
    <testcase classname="chrome.137_0_7151_69.windows.Sanity_Tests_US104253" name="Should open Target Systems Configuration page" time="36.995">
      <system-out><![CDATA[
COMMAND: POST /session/0710d204f59bc7c8bafa9dd32e268d75/execute/async - {"script":"<script> [1562 bytes]","args":[{"selector":{"controlType":"sap.m.GenericTile","properties":{"header":"Target Systems Configuration"}},"wdio_ui5_key":"sapm.GenericTile{\"header\":\"Target Systems Configuration\"}"}]}
RESULT: {"script":"<script> [1562 bytes]","args":[{"selector":{"controlType":"sap.m.GenericTile","properties":{"header":"Target Systems Configuration"}},"wdio_ui5_key":"sapm.GenericTile{\"header\":\"Target Systems Configuration\"}"}]}
RESULT: undefined
COMMAND: POST /session/0710d204f59bc7c8bafa9dd32e268d75/element - {"using":"xpath","value":"//*[@id=\"__tile131\"]"}
RESULT: {"using":"xpath","value":"//*[@id=\"__tile131\"]"}
COMMAND: POST /session/0710d204f59bc7c8bafa9dd32e268d75/element/f.5D2050798C0F4018B6E223C2FB1C8E29.d.1DD3B9C22C8E97535E46346A9AAB3C9B.e.5032/click - {}
RESULT: {}
COMMAND: GET /session/0710d204f59bc7c8bafa9dd32e268d75/screenshot - {}
RESULT: {}
COMMAND: POST /session/0710d204f59bc7c8bafa9dd32e268d75/elements - {"using":"xpath","value":"//span[text()='Error']"}
RESULT: {"using":"xpath","value":"//span[text()='Error']"}
RESULT: undefined
COMMAND: POST /session/0710d204f59bc7c8bafa9dd32e268d75/element - {"using":"xpath","value":"//*[@id=\"__tile131\"]"}
RESULT: {"using":"xpath","value":"//*[@id=\"__tile131\"]"}
COMMAND: POST /session/0710d204f59bc7c8bafa9dd32e268d75/element/f.5D2050798C0F4018B6E223C2FB1C8E29.d.1DD3B9C22C8E97535E46346A9AAB3C9B.e.5032/click - {}
RESULT: undefined
COMMAND: POST /session/0710d204f59bc7c8bafa9dd32e268d75/element - {"using":"xpath","value":"//*[@id=\"__tile131\"]"}
RESULT: {"using":"xpath","value":"//*[@id=\"__tile131\"]"}
COMMAND: POST /session/0710d204f59bc7c8bafa9dd32e268d75/element/f.5D2050798C0F4018B6E223C2FB1C8E29.d.1DD3B9C22C8E97535E46346A9AAB3C9B.e.5032/click - {}
RESULT: undefined
COMMAND: POST /session/0710d204f59bc7c8bafa9dd32e268d75/execute/async - {"script":"<script> [6424 bytes]","args":[{"element-6066-11e4-a52e-4f735466cecf":"f.5D2050798C0F4018B6E223C2FB1C8E29.d.1DD3B9C22C8E97535E46346A9AAB3C9B.e.308"},"getTitle",[]]}
COMMAND: POST /session/0710d204f59bc7c8bafa9dd32e268d75/execute/async - {"script":"<script> [1562 bytes]","args":[{"selector":{"id":"shellAppTitle"},"wdio_ui5_key":"shellAppTitle"}]}
RESULT: {"script":"<script> [1562 bytes]","args":[{"selector":{"id":"shellAppTitle"},"wdio_ui5_key":"shellAppTitle"}]}
COMMAND: POST /session/0710d204f59bc7c8bafa9dd32e268d75/execute/async - {"script":"<script> [6424 bytes]","args":[{"element-6066-11e4-a52e-4f735466cecf":"f.5D2050798C0F4018B6E223C2FB1C8E29.d.1DD3B9C22C8E97535E46346A9AAB3C9B.e.5085"},"getTitle",[]]}
RESULT: {"script":"<script> [6424 bytes]","args":[{"element-6066-11e4-a52e-4f735466cecf":"f.5D2050798C0F4018B6E223C2FB1C8E29.d.1DD3B9C22C8E97535E46346A9AAB3C9B.e.5085"},"getTitle",[]]}
RESULT: undefined
COMMAND: POST /session/0710d204f59bc7c8bafa9dd32e268d75/element/f.5D2050798C0F4018B6E223C2FB1C8E29.d.1DD3B9C22C8E97535E46346A9AAB3C9B.e.4998/click - {}
COMMAND: POST /session/0710d204f59bc7c8bafa9dd32e268d75/element/f.5D2050798C0F4018B6E223C2FB1C8E29.d.1DD3B9C22C8E97535E46346A9AAB3C9B.e.4998/click - {}
RESULT: {}
COMMAND: GET /session/0710d204f59bc7c8bafa9dd32e268d75/screenshot - {}
COMMAND: POST /session/0710d204f59bc7c8bafa9dd32e268d75/element - {"using":"xpath","value":"//*[@id=\"backBtn\"]"}
RESULT: {}
RESULT: {"using":"xpath","value":"//*[@id=\"backBtn\"]"}
COMMAND: POST /session/0710d204f59bc7c8bafa9dd32e268d75/elements - {"using":"xpath","value":"//*[@id=\"backBtn\"]"}
RESULT: {"using":"xpath","value":"//*[@id=\"backBtn\"]"}
COMMAND: POST /session/0710d204f59bc7c8bafa9dd32e268d75/elements - {"using":"xpath","value":"//*[@id=\"backBtn\"]"}
RESULT: {"using":"xpath","value":"//*[@id=\"backBtn\"]"}
COMMAND: POST /session/0710d204f59bc7c8bafa9dd32e268d75/elements - {"using":"xpath","value":"//*[@id=\"backBtn\"]"}
RESULT: {"using":"xpath","value":"//*[@id=\"backBtn\"]"}
COMMAND: POST /session/0710d204f59bc7c8bafa9dd32e268d75/elements - {"using":"xpath","value":"//*[@id=\"backBtn\"]"}
RESULT: {"using":"xpath","value":"//*[@id=\"backBtn\"]"}
COMMAND: POST /session/0710d204f59bc7c8bafa9dd32e268d75/elements - {"using":"xpath","value":"//*[@id=\"backBtn\"]"}
RESULT: {"using":"xpath","value":"//*[@id=\"backBtn\"]"}
COMMAND: POST /session/0710d204f59bc7c8bafa9dd32e268d75/elements - {"using":"xpath","value":"//*[@id=\"backBtn\"]"}
RESULT: {"using":"xpath","value":"//*[@id=\"backBtn\"]"}
COMMAND: POST /session/0710d204f59bc7c8bafa9dd32e268d75/elements - {"using":"xpath","value":"//*[@id=\"backBtn\"]"}
RESULT: {"using":"xpath","value":"//*[@id=\"backBtn\"]"}
COMMAND: POST /session/0710d204f59bc7c8bafa9dd32e268d75/elements - {"using":"xpath","value":"//*[@id=\"backBtn\"]"}
RESULT: {"using":"xpath","value":"//*[@id=\"backBtn\"]"}
COMMAND: POST /session/0710d204f59bc7c8bafa9dd32e268d75/elements - {"using":"xpath","value":"//*[@id=\"backBtn\"]"}
RESULT: {"using":"xpath","value":"//*[@id=\"backBtn\"]"}
COMMAND: POST /session/0710d204f59bc7c8bafa9dd32e268d75/elements - {"using":"xpath","value":"//*[@id=\"backBtn\"]"}
RESULT: {"using":"xpath","value":"//*[@id=\"backBtn\"]"}
COMMAND: POST /session/0710d204f59bc7c8bafa9dd32e268d75/elements - {"using":"xpath","value":"//*[@id=\"backBtn\"]"}
RESULT: {"using":"xpath","value":"//*[@id=\"backBtn\"]"}
COMMAND: POST /session/0710d204f59bc7c8bafa9dd32e268d75/elements - {"using":"xpath","value":"//*[@id=\"backBtn\"]"}
RESULT: {"using":"xpath","value":"//*[@id=\"backBtn\"]"}
COMMAND: POST /session/0710d204f59bc7c8bafa9dd32e268d75/elements - {"using":"xpath","value":"//*[@id=\"backBtn\"]"}
RESULT: {"using":"xpath","value":"//*[@id=\"backBtn\"]"}
COMMAND: POST /session/0710d204f59bc7c8bafa9dd32e268d75/elements - {"using":"xpath","value":"//*[@id=\"backBtn\"]"}
RESULT: {"using":"xpath","value":"//*[@id=\"backBtn\"]"}
COMMAND: POST /session/0710d204f59bc7c8bafa9dd32e268d75/elements - {"using":"xpath","value":"//*[@id=\"backBtn\"]"}
RESULT: {"using":"xpath","value":"//*[@id=\"backBtn\"]"}
COMMAND: POST /session/0710d204f59bc7c8bafa9dd32e268d75/elements - {"using":"xpath","value":"//*[@id=\"backBtn\"]"}
RESULT: {"using":"xpath","value":"//*[@id=\"backBtn\"]"}
COMMAND: POST /session/0710d204f59bc7c8bafa9dd32e268d75/elements - {"using":"xpath","value":"//*[@id=\"backBtn\"]"}
RESULT: {"using":"xpath","value":"//*[@id=\"backBtn\"]"}
COMMAND: POST /session/0710d204f59bc7c8bafa9dd32e268d75/elements - {"using":"xpath","value":"//*[@id=\"backBtn\"]"}
RESULT: {"using":"xpath","value":"//*[@id=\"backBtn\"]"}
COMMAND: POST /session/0710d204f59bc7c8bafa9dd32e268d75/elements - {"using":"xpath","value":"//*[@id=\"backBtn\"]"}
RESULT: {"using":"xpath","value":"//*[@id=\"backBtn\"]"}
COMMAND: POST /session/0710d204f59bc7c8bafa9dd32e268d75/elements - {"using":"xpath","value":"//*[@id=\"backBtn\"]"}
RESULT: {"using":"xpath","value":"//*[@id=\"backBtn\"]"}
COMMAND: POST /session/0710d204f59bc7c8bafa9dd32e268d75/elements - {"using":"xpath","value":"//*[@id=\"backBtn\"]"}
RESULT: {"using":"xpath","value":"//*[@id=\"backBtn\"]"}
COMMAND: POST /session/0710d204f59bc7c8bafa9dd32e268d75/elements - {"using":"xpath","value":"//*[@id=\"backBtn\"]"}
RESULT: {"using":"xpath","value":"//*[@id=\"backBtn\"]"}
COMMAND: POST /session/0710d204f59bc7c8bafa9dd32e268d75/elements - {"using":"xpath","value":"//*[@id=\"backBtn\"]"}
RESULT: {"using":"xpath","value":"//*[@id=\"backBtn\"]"}
COMMAND: POST /session/0710d204f59bc7c8bafa9dd32e268d75/elements - {"using":"xpath","value":"//*[@id=\"backBtn\"]"}
RESULT: {"using":"xpath","value":"//*[@id=\"backBtn\"]"}
COMMAND: POST /session/0710d204f59bc7c8bafa9dd32e268d75/elements - {"using":"xpath","value":"//*[@id=\"backBtn\"]"}
RESULT: {"using":"xpath","value":"//*[@id=\"backBtn\"]"}
COMMAND: POST /session/0710d204f59bc7c8bafa9dd32e268d75/elements - {"using":"xpath","value":"//*[@id=\"backBtn\"]"}
RESULT: {"using":"xpath","value":"//*[@id=\"backBtn\"]"}
COMMAND: POST /session/0710d204f59bc7c8bafa9dd32e268d75/elements - {"using":"xpath","value":"//*[@id=\"backBtn\"]"}
RESULT: {"using":"xpath","value":"//*[@id=\"backBtn\"]"}
COMMAND: POST /session/0710d204f59bc7c8bafa9dd32e268d75/elements - {"using":"xpath","value":"//*[@id=\"backBtn\"]"}
RESULT: {"using":"xpath","value":"//*[@id=\"backBtn\"]"}
COMMAND: POST /session/0710d204f59bc7c8bafa9dd32e268d75/elements - {"using":"xpath","value":"//*[@id=\"backBtn\"]"}
RESULT: {"using":"xpath","value":"//*[@id=\"backBtn\"]"}
COMMAND: POST /session/0710d204f59bc7c8bafa9dd32e268d75/elements - {"using":"xpath","value":"//*[@id=\"backBtn\"]"}
RESULT: {"using":"xpath","value":"//*[@id=\"backBtn\"]"}
COMMAND: POST /session/0710d204f59bc7c8bafa9dd32e268d75/elements - {"using":"xpath","value":"//*[@id=\"backBtn\"]"}
RESULT: {"using":"xpath","value":"//*[@id=\"backBtn\"]"}
COMMAND: POST /session/0710d204f59bc7c8bafa9dd32e268d75/elements - {"using":"xpath","value":"//*[@id=\"backBtn\"]"}
RESULT: {"using":"xpath","value":"//*[@id=\"backBtn\"]"}
COMMAND: POST /session/0710d204f59bc7c8bafa9dd32e268d75/elements - {"using":"xpath","value":"//*[@id=\"backBtn\"]"}
RESULT: {"using":"xpath","value":"//*[@id=\"backBtn\"]"}
COMMAND: POST /session/0710d204f59bc7c8bafa9dd32e268d75/elements - {"using":"xpath","value":"//*[@id=\"backBtn\"]"}
RESULT: {"using":"xpath","value":"//*[@id=\"backBtn\"]"}
COMMAND: POST /session/0710d204f59bc7c8bafa9dd32e268d75/elements - {"using":"xpath","value":"//*[@id=\"backBtn\"]"}
RESULT: {"using":"xpath","value":"//*[@id=\"backBtn\"]"}
COMMAND: POST /session/0710d204f59bc7c8bafa9dd32e268d75/elements - {"using":"xpath","value":"//*[@id=\"backBtn\"]"}
RESULT: {"using":"xpath","value":"//*[@id=\"backBtn\"]"}
COMMAND: POST /session/0710d204f59bc7c8bafa9dd32e268d75/elements - {"using":"xpath","value":"//*[@id=\"backBtn\"]"}
RESULT: {"using":"xpath","value":"//*[@id=\"backBtn\"]"}
COMMAND: DELETE /session/0710d204f59bc7c8bafa9dd32e268d75 - {}
COMMAND: POST /session/0710d204f59bc7c8bafa9dd32e268d75/elements - {"using":"xpath","value":"//*[@id=\"backBtn\"]"}
RESULT: {}
]]></system-out>
    </testcase>
  </testsuite>
</testsuites>