<?xml version="1.0" encoding="UTF-8"?>
<testsuites tests="9" failures="0" errors="0" skipped="0">
  <testsuite timestamp="2025-05-24T15:47:48" time="112.436" tests="1" failures="0" errors="0" skipped="0">
    <properties>
      <property name="specId" value="0"/>
      <property name="suiteName" value="Create a new catalogs section"/>
      <property name="capabilities" value="chrome.136_0_7103_93.windows"/>
      <property name="file" value="file:///D:/a/1/s/test/specs/R2C/create-new-webshop-catalog-section.spec.js"/>
    </properties>
    <testcase classname="chrome.136_0_7103_93.windows.Create_a_new_catalogs_section" name="Should navigate to manage catalogs and add a new section on webshop catalog" time="84.118">
      <system-out><![CDATA[
COMMAND: POST /session/4014c46da53de9d919a43de616e31eed/execute/async - {"script":"<script> [1562 bytes]","args":[{"selector":{"controlType":"sap.m.GenericTile","properties":{"header":"Manage Catalogs"}},"wdio_ui5_key":"sapm.GenericTile{\"header\":\"Manage Catalogs\"}"}]}
RESULT: {"script":"<script> [1562 bytes]","args":[{"selector":{"controlType":"sap.m.GenericTile","properties":{"header":"Manage Catalogs"}},"wdio_ui5_key":"sapm.GenericTile{\"header\":\"Manage Catalogs\"}"}]}
RESULT: undefined
COMMAND: POST /session/4014c46da53de9d919a43de616e31eed/element - {"using":"xpath","value":"//*[@id=\"__tile37\"]"}
RESULT: {"using":"xpath","value":"//*[@id=\"__tile37\"]"}
COMMAND: POST /session/4014c46da53de9d919a43de616e31eed/element/f.936893D81E2E9803B5A63DB714104460.d.108935A952C60DF8AF4C35F857F91A15.e.116/click - {}
RESULT: {}
COMMAND: GET /session/4014c46da53de9d919a43de616e31eed/screenshot - {}
RESULT: {}
COMMAND: POST /session/4014c46da53de9d919a43de616e31eed/elements - {"using":"xpath","value":"//span[text()='Error']"}
RESULT: {"using":"xpath","value":"//span[text()='Error']"}
COMMAND: POST /session/4014c46da53de9d919a43de616e31eed/execute/async - {"script":"<script> [1562 bytes]","args":[{"selector":{"controlType":"sap.m.Text","viewName":"etm.portal.ui.managecatalogs.view.MasterCatalogs","viewId":"application-managecatalogs-display-component---masterCatalogs","bindingPath":{"path":"/Catalogs('0D7502D073D53A0F1700BE067B89AFF9')","propertyPath":"DESCRIPTION","modelName":"catalogModel"}},"wdio_ui5_key":"etmportal.ui.managecatalogs.view.MasterCatalogssap.m.Text{\"path\":\"/Catalogs('0D7502D073D53A0F1700BE067B89AFF9')\",\"propertyPath\":\"DESCRIPTION\",\"modelName\":\"catalogModel\"}"}]}
RESULT: {"script":"<script> [1562 bytes]","args":[{"selector":{"controlType":"sap.m.Text","viewName":"etm.portal.ui.managecatalogs.view.MasterCatalogs","viewId":"application-managecatalogs-display-component---masterCatalogs","bindingPath":{"path":"/Catalogs('0D7502D073D53A0F1700BE067B89AFF9')","propertyPath":"DESCRIPTION","modelName":"catalogModel"}},"wdio_ui5_key":"etmportal.ui.managecatalogs.view.MasterCatalogssap.m.Text{\"path\":\"/Catalogs('0D7502D073D53A0F1700BE067B89AFF9')\",\"propertyPath\":\"DESCRIPTION\",\"modelName\":\"catalogModel\"}"}]}
RESULT: undefined
COMMAND: POST /session/4014c46da53de9d919a43de616e31eed/element - {"using":"xpath","value":"//*[@id=\"__text39-application-managecatalogs-display-component---masterCatalogs--CatalogsTable-11\"]"}
RESULT: {"using":"xpath","value":"//*[@id=\"__text39-application-managecatalogs-display-component---masterCatalogs--CatalogsTable-11\"]"}
COMMAND: POST /session/4014c46da53de9d919a43de616e31eed/element/f.936893D81E2E9803B5A63DB714104460.d.108935A952C60DF8AF4C35F857F91A15.e.146/click - {}
RESULT: {}
COMMAND: POST /session/4014c46da53de9d919a43de616e31eed/execute/async - {"script":"<script> [1562 bytes]","args":[{"selector":{"controlType":"sap.ui.layout.HorizontalLayout","viewName":"etm.portal.ui.managecatalogs.view.MasterItems","viewId":"application-managecatalogs-display-component---masterCatalogItems","ancestor":{"id":"application-managecatalogs-display-component---masterCatalogItems--idCatalogItemsTree-rows-row0"}},"wdio_ui5_key":"etmportal.ui.managecatalogs.view.MasterItemssap.ui.layout.HorizontalLayout{\"id\":\"application-managecatalogs-display-component---masterCatalogItems--idCatalogItemsTree-rows-row0\"}"}]}
COMMAND: GET /session/4014c46da53de9d919a43de616e31eed/screenshot - {}
RESULT: {"script":"<script> [1562 bytes]","args":[{"selector":{"controlType":"sap.ui.layout.HorizontalLayout","viewName":"etm.portal.ui.managecatalogs.view.MasterItems","viewId":"application-managecatalogs-display-component---masterCatalogItems","ancestor":{"id":"application-managecatalogs-display-component---masterCatalogItems--idCatalogItemsTree-rows-row0"}},"wdio_ui5_key":"etmportal.ui.managecatalogs.view.MasterItemssap.ui.layout.HorizontalLayout{\"id\":\"application-managecatalogs-display-component---masterCatalogItems--idCatalogItemsTree-rows-row0\"}"}]}
RESULT: undefined
COMMAND: POST /session/4014c46da53de9d919a43de616e31eed/element - {"using":"xpath","value":"//*[@id=\"__layout3-__clone11\"]"}
RESULT: {}
RESULT: {"using":"xpath","value":"//*[@id=\"__layout3-__clone11\"]"}
COMMAND: POST /session/4014c46da53de9d919a43de616e31eed/element/f.936893D81E2E9803B5A63DB714104460.d.108935A952C60DF8AF4C35F857F91A15.e.156/click - {}
RESULT: {}
COMMAND: GET /session/4014c46da53de9d919a43de616e31eed/screenshot - {}
COMMAND: POST /session/4014c46da53de9d919a43de616e31eed/execute/async - {"script":"<script> [1562 bytes]","args":[{"selector":{"controlType":"sap.m.Button","viewName":"etm.portal.ui.managecatalogs.view.Detail","viewId":"application-managecatalogs-display-component---detailCatalog","i18NText":{"propertyName":"text","key":"edit"},"interaction":{"idSuffix":"BDI-content"}},"wdio_ui5_key":"etmportal.ui.managecatalogs.view.Detailsap.m.Button{\"propertyName\":\"text\",\"key\":\"edit\"}"}]}
RESULT: {}
RESULT: {"script":"<script> [1562 bytes]","args":[{"selector":{"controlType":"sap.m.Button","viewName":"etm.portal.ui.managecatalogs.view.Detail","viewId":"application-managecatalogs-display-component---detailCatalog","i18NText":{"propertyName":"text","key":"edit"},"interaction":{"idSuffix":"BDI-content"}},"wdio_ui5_key":"etmportal.ui.managecatalogs.view.Detailsap.m.Button{\"propertyName\":\"text\",\"key\":\"edit\"}"}]}
RESULT: undefined
COMMAND: POST /session/4014c46da53de9d919a43de616e31eed/element - {"using":"xpath","value":"//*[@id=\"__button35\"]"}
RESULT: {"using":"xpath","value":"//*[@id=\"__button35\"]"}
COMMAND: POST /session/4014c46da53de9d919a43de616e31eed/element/f.936893D81E2E9803B5A63DB714104460.d.108935A952C60DF8AF4C35F857F91A15.e.256/click - {}
RESULT: {}
COMMAND: GET /session/4014c46da53de9d919a43de616e31eed/screenshot - {}
RESULT: {}
COMMAND: POST /session/4014c46da53de9d919a43de616e31eed/element - {"using":"xpath","value":"//bdi[contains(text(), \"Unlock\")]"}
RESULT: {"using":"xpath","value":"//bdi[contains(text(), \"Unlock\")]"}
COMMAND: POST /session/4014c46da53de9d919a43de616e31eed/elements - {"using":"xpath","value":"//bdi[contains(text(), \"Unlock\")]"}
RESULT: {"using":"xpath","value":"//bdi[contains(text(), \"Unlock\")]"}
COMMAND: POST /session/4014c46da53de9d919a43de616e31eed/execute/async - {"script":"<script> [1562 bytes]","args":[{"selector":{"controlType":"sap.ui.core.Icon","viewName":"etm.portal.ui.managecatalogs.view.Detail","viewId":"application-managecatalogs-display-component---detailCatalog","properties":{"src":{"regex":{"source":"add\\-folder"}}}},"wdio_ui5_key":"etmportal.ui.managecatalogs.view.Detailsap.ui.core.Icon{\"src\":{\"regex\":{\"source\":\"add\\\\-folder\"}}}"}]}
RESULT: {"script":"<script> [1562 bytes]","args":[{"selector":{"controlType":"sap.ui.core.Icon","viewName":"etm.portal.ui.managecatalogs.view.Detail","viewId":"application-managecatalogs-display-component---detailCatalog","properties":{"src":{"regex":{"source":"add\\-folder"}}}},"wdio_ui5_key":"etmportal.ui.managecatalogs.view.Detailsap.ui.core.Icon{\"src\":{\"regex\":{\"source\":\"add\\\\-folder\"}}}"}]}
RESULT: undefined
COMMAND: POST /session/4014c46da53de9d919a43de616e31eed/element - {"using":"xpath","value":"//*[@id=\"__button43-img\"]"}
RESULT: {"using":"xpath","value":"//*[@id=\"__button43-img\"]"}
COMMAND: POST /session/4014c46da53de9d919a43de616e31eed/element/f.936893D81E2E9803B5A63DB714104460.d.108935A952C60DF8AF4C35F857F91A15.e.265/click - {}
RESULT: {}
COMMAND: GET /session/4014c46da53de9d919a43de616e31eed/screenshot - {}
RESULT: {}
COMMAND: POST /session/4014c46da53de9d919a43de616e31eed/execute/async - {"script":"<script> [1562 bytes]","args":[{"selector":{"id":"application-managecatalogs-display-component---detailCatalog--numberInput","searchOpenDialogs":true,"interaction":{"idSuffix":"inner"}},"wdio_ui5_key":"applicationmanagecatalogs-display-component---detailCatalog--numberInput"}]}
RESULT: {"script":"<script> [1562 bytes]","args":[{"selector":{"id":"application-managecatalogs-display-component---detailCatalog--numberInput","searchOpenDialogs":true,"interaction":{"idSuffix":"inner"}},"wdio_ui5_key":"applicationmanagecatalogs-display-component---detailCatalog--numberInput"}]}
RESULT: undefined
COMMAND: POST /session/4014c46da53de9d919a43de616e31eed/execute/async - {"script":"<script> [776 bytes]","args":[{"enterText":"Sectionv9euu","selector":{"id":"application-managecatalogs-display-component---detailCatalog--numberInput","searchOpenDialogs":true,"interaction":{"idSuffix":"inner"}},"clearTextFirst":true,"interactionType":"ENTER_TEXT"}]}
RESULT: {"script":"<script> [776 bytes]","args":[{"enterText":"Sectionv9euu","selector":{"id":"application-managecatalogs-display-component---detailCatalog--numberInput","searchOpenDialogs":true,"interaction":{"idSuffix":"inner"}},"clearTextFirst":true,"interactionType":"ENTER_TEXT"}]}
COMMAND: POST /session/4014c46da53de9d919a43de616e31eed/element - {"using":"css selector","value":"#application-managecatalogs-display-component---detailCatalog--nameInput-inner"}
RESULT: {"using":"css selector","value":"#application-managecatalogs-display-component---detailCatalog--nameInput-inner"}
COMMAND: POST /session/4014c46da53de9d919a43de616e31eed/elements - {"using":"css selector","value":"#application-managecatalogs-display-component---detailCatalog--nameInput-inner"}
RESULT: {"using":"css selector","value":"#application-managecatalogs-display-component---detailCatalog--nameInput-inner"}
COMMAND: POST /session/4014c46da53de9d919a43de616e31eed/element/f.936893D81E2E9803B5A63DB714104460.d.108935A952C60DF8AF4C35F857F91A15.e.269/clear - {}
RESULT: {}
COMMAND: POST /session/4014c46da53de9d919a43de616e31eed/element/f.936893D81E2E9803B5A63DB714104460.d.108935A952C60DF8AF4C35F857F91A15.e.269/value - {"text":"Webdriverpytqp"}
COMMAND: GET /session/4014c46da53de9d919a43de616e31eed/screenshot - {}
RESULT: {"text":"Webdriverpytqp"}
COMMAND: POST /session/4014c46da53de9d919a43de616e31eed/execute/async - {"script":"<script> [1562 bytes]","args":[{"selector":{"controlType":"sap.m.Button","viewName":"etm.portal.ui.managecatalogs.view.Detail","viewId":"application-managecatalogs-display-component---detailCatalog","i18NText":{"propertyName":"text","key":"create"},"searchOpenDialogs":true,"interaction":{"idSuffix":"BDI-content"}},"wdio_ui5_key":"etmportal.ui.managecatalogs.view.Detailsap.m.Button{\"propertyName\":\"text\",\"key\":\"create\"}"}]}
COMMAND: GET /session/4014c46da53de9d919a43de616e31eed/screenshot - {}
RESULT: {}
RESULT: {"script":"<script> [1562 bytes]","args":[{"selector":{"controlType":"sap.m.Button","viewName":"etm.portal.ui.managecatalogs.view.Detail","viewId":"application-managecatalogs-display-component---detailCatalog","i18NText":{"propertyName":"text","key":"create"},"searchOpenDialogs":true,"interaction":{"idSuffix":"BDI-content"}},"wdio_ui5_key":"etmportal.ui.managecatalogs.view.Detailsap.m.Button{\"propertyName\":\"text\",\"key\":\"create\"}"}]}
RESULT: undefined
COMMAND: POST /session/4014c46da53de9d919a43de616e31eed/element - {"using":"xpath","value":"//*[@id=\"__button13\"]"}
RESULT: {}
RESULT: {"using":"xpath","value":"//*[@id=\"__button13\"]"}
COMMAND: POST /session/4014c46da53de9d919a43de616e31eed/element/f.936893D81E2E9803B5A63DB714104460.d.108935A952C60DF8AF4C35F857F91A15.e.275/click - {}
RESULT: {}
COMMAND: GET /session/4014c46da53de9d919a43de616e31eed/screenshot - {}
RESULT: {}
COMMAND: POST /session/4014c46da53de9d919a43de616e31eed/element - {"using":"xpath","value":"//button[@title=\"Save\"]"}
RESULT: {"using":"xpath","value":"//button[@title=\"Save\"]"}
COMMAND: POST /session/4014c46da53de9d919a43de616e31eed/element/f.936893D81E2E9803B5A63DB714104460.d.108935A952C60DF8AF4C35F857F91A15.e.276/click - {}
RESULT: {}
COMMAND: POST /session/4014c46da53de9d919a43de616e31eed/execute/async - {"script":"<script> [1562 bytes]","args":[{"selector":{"controlType":"sap.ui.core.Icon","viewName":"etm.portal.ui.managecatalogs.view.Detail","viewId":"application-managecatalogs-display-component---detailCatalog","properties":{"src":{"regex":{"source":"decline"}}}},"wdio_ui5_key":"etmportal.ui.managecatalogs.view.Detailsap.ui.core.Icon{\"src\":{\"regex\":{\"source\":\"decline\"}}}"}]}
COMMAND: GET /session/4014c46da53de9d919a43de616e31eed/screenshot - {}
RESULT: {"script":"<script> [1562 bytes]","args":[{"selector":{"controlType":"sap.ui.core.Icon","viewName":"etm.portal.ui.managecatalogs.view.Detail","viewId":"application-managecatalogs-display-component---detailCatalog","properties":{"src":{"regex":{"source":"decline"}}}},"wdio_ui5_key":"etmportal.ui.managecatalogs.view.Detailsap.ui.core.Icon{\"src\":{\"regex\":{\"source\":\"decline\"}}}"}]}
RESULT: undefined
COMMAND: POST /session/4014c46da53de9d919a43de616e31eed/element - {"using":"xpath","value":"//*[@id=\"__button38-img\"]"}
RESULT: {}
RESULT: {"using":"xpath","value":"//*[@id=\"__button38-img\"]"}
COMMAND: POST /session/4014c46da53de9d919a43de616e31eed/element/f.936893D81E2E9803B5A63DB714104460.d.108935A952C60DF8AF4C35F857F91A15.e.282/click - {}
RESULT: {}
COMMAND: GET /session/4014c46da53de9d919a43de616e31eed/screenshot - {}
RESULT: {}
COMMAND: POST /session/4014c46da53de9d919a43de616e31eed/execute/async - {"script":"<script> [1562 bytes]","args":[{"selector":{"controlType":"sap.ui.core.Icon","viewName":"etm.portal.ui.managecatalogs.view.MasterItems","viewId":"application-managecatalogs-display-component---masterCatalogItems","properties":{"src":{"regex":{"source":"refresh"}}}},"wdio_ui5_key":"etmportal.ui.managecatalogs.view.MasterItemssap.ui.core.Icon{\"src\":{\"regex\":{\"source\":\"refresh\"}}}"}]}
RESULT: {"script":"<script> [1562 bytes]","args":[{"selector":{"controlType":"sap.ui.core.Icon","viewName":"etm.portal.ui.managecatalogs.view.MasterItems","viewId":"application-managecatalogs-display-component---masterCatalogItems","properties":{"src":{"regex":{"source":"refresh"}}}},"wdio_ui5_key":"etmportal.ui.managecatalogs.view.MasterItemssap.ui.core.Icon{\"src\":{\"regex\":{\"source\":\"refresh\"}}}"}]}
RESULT: undefined
COMMAND: POST /session/4014c46da53de9d919a43de616e31eed/element - {"using":"xpath","value":"//*[@id=\"__button11-img\"]"}
RESULT: {"using":"xpath","value":"//*[@id=\"__button11-img\"]"}
COMMAND: POST /session/4014c46da53de9d919a43de616e31eed/element/f.936893D81E2E9803B5A63DB714104460.d.108935A952C60DF8AF4C35F857F91A15.e.315/click - {}
RESULT: {}
COMMAND: POST /session/4014c46da53de9d919a43de616e31eed/execute/async - {"script":"<script> [1562 bytes]","args":[{"selector":{"id":"application-managecatalogs-display-component---masterCatalogItems--searchItemsField","interaction":{"idSuffix":"I"}},"wdio_ui5_key":"applicationmanagecatalogs-display-component---masterCatalogItems--searchItemsField"}]}
COMMAND: GET /session/4014c46da53de9d919a43de616e31eed/screenshot - {}
RESULT: {"script":"<script> [1562 bytes]","args":[{"selector":{"id":"application-managecatalogs-display-component---masterCatalogItems--searchItemsField","interaction":{"idSuffix":"I"}},"wdio_ui5_key":"applicationmanagecatalogs-display-component---masterCatalogItems--searchItemsField"}]}
RESULT: undefined
COMMAND: POST /session/4014c46da53de9d919a43de616e31eed/execute/async - {"script":"<script> [776 bytes]","args":[{"enterText":"Webdriverpytqp","selector":{"id":"application-managecatalogs-display-component---masterCatalogItems--searchItemsField","interaction":{"idSuffix":"I"}},"clearTextFirst":true,"interactionType":"ENTER_TEXT"}]}
RESULT: {}
RESULT: {"script":"<script> [776 bytes]","args":[{"enterText":"Webdriverpytqp","selector":{"id":"application-managecatalogs-display-component---masterCatalogItems--searchItemsField","interaction":{"idSuffix":"I"}},"clearTextFirst":true,"interactionType":"ENTER_TEXT"}]}
COMMAND: POST /session/4014c46da53de9d919a43de616e31eed/actions - {"actions":[{"id":"action1","type":"key","parameters":{},"actions":[{"type":"keyDown","value":""},{"type":"pause","duration":10},{"type":"keyUp","value":""}]}]}
RESULT: {"actions":[{"id":"action1","type":"key","parameters":{},"actions":[{"type":"keyDown","value":""},{"type":"pause","duration":10},{"type":"keyUp","value":""}]}]}
COMMAND: POST /session/4014c46da53de9d919a43de616e31eed/element - {"using":"xpath","value":"(//span[contains(text(), \"Webdriverpytqp\")])[1]"}
COMMAND: GET /session/4014c46da53de9d919a43de616e31eed/screenshot - {}
RESULT: {"using":"xpath","value":"(//span[contains(text(), \"Webdriverpytqp\")])[1]"}
COMMAND: POST /session/4014c46da53de9d919a43de616e31eed/element/f.936893D81E2E9803B5A63DB714104460.d.108935A952C60DF8AF4C35F857F91A15.e.318/click - {}
RESULT: {}
RESULT: {}
COMMAND: GET /session/4014c46da53de9d919a43de616e31eed/screenshot - {}
RESULT: {}
RESULT: undefined
COMMAND: POST /session/4014c46da53de9d919a43de616e31eed/element - {"using":"xpath","value":"//*[@id=\"__button35\"]"}
RESULT: {"using":"xpath","value":"//*[@id=\"__button35\"]"}
COMMAND: POST /session/4014c46da53de9d919a43de616e31eed/element/f.936893D81E2E9803B5A63DB714104460.d.108935A952C60DF8AF4C35F857F91A15.e.351/click - {}
RESULT: {}
COMMAND: GET /session/4014c46da53de9d919a43de616e31eed/screenshot - {}
RESULT: {}
RESULT: undefined
COMMAND: POST /session/4014c46da53de9d919a43de616e31eed/element - {"using":"xpath","value":"//*[@id=\"__button43-img\"]"}
RESULT: {"using":"xpath","value":"//*[@id=\"__button43-img\"]"}
COMMAND: POST /session/4014c46da53de9d919a43de616e31eed/element/f.936893D81E2E9803B5A63DB714104460.d.108935A952C60DF8AF4C35F857F91A15.e.404/click - {}
RESULT: {}
COMMAND: GET /session/4014c46da53de9d919a43de616e31eed/screenshot - {}
RESULT: {}
RESULT: undefined
COMMAND: POST /session/4014c46da53de9d919a43de616e31eed/execute/async - {"script":"<script> [776 bytes]","args":[{"enterText":"SecondSectionafz5e","selector":{"id":"application-managecatalogs-display-component---detailCatalog--numberInput","searchOpenDialogs":true,"interaction":{"idSuffix":"inner"}},"clearTextFirst":true,"interactionType":"ENTER_TEXT"}]}
RESULT: {"script":"<script> [776 bytes]","args":[{"enterText":"SecondSectionafz5e","selector":{"id":"application-managecatalogs-display-component---detailCatalog--numberInput","searchOpenDialogs":true,"interaction":{"idSuffix":"inner"}},"clearTextFirst":true,"interactionType":"ENTER_TEXT"}]}
COMMAND: POST /session/4014c46da53de9d919a43de616e31eed/element - {"using":"xpath","value":"//input[contains(@id ,\"application-managecatalogs-display-component---detailCatalog--nameInput-inner\")]"}
RESULT: {"using":"xpath","value":"//input[contains(@id ,\"application-managecatalogs-display-component---detailCatalog--nameInput-inner\")]"}
COMMAND: POST /session/4014c46da53de9d919a43de616e31eed/elements - {"using":"xpath","value":"//input[contains(@id ,\"application-managecatalogs-display-component---detailCatalog--nameInput-inner\")]"}
RESULT: {"using":"xpath","value":"//input[contains(@id ,\"application-managecatalogs-display-component---detailCatalog--nameInput-inner\")]"}
COMMAND: POST /session/4014c46da53de9d919a43de616e31eed/element/f.936893D81E2E9803B5A63DB714104460.d.108935A952C60DF8AF4C35F857F91A15.e.408/clear - {}
RESULT: {}
COMMAND: POST /session/4014c46da53de9d919a43de616e31eed/element/f.936893D81E2E9803B5A63DB714104460.d.108935A952C60DF8AF4C35F857F91A15.e.408/value - {"text":"webdriversecondh6hfsh"}
COMMAND: GET /session/4014c46da53de9d919a43de616e31eed/screenshot - {}
RESULT: {"text":"webdriversecondh6hfsh"}
COMMAND: POST /session/4014c46da53de9d919a43de616e31eed/execute/async - {"script":"<script> [1562 bytes]","args":[{"selector":{"id":"application-managecatalogs-display-component---detailCatalog--nameInput","searchOpenDialogs":true,"interaction":{"idSuffix":"inner"}},"wdio_ui5_key":"applicationmanagecatalogs-display-component---detailCatalog--nameInput"}]}
COMMAND: GET /session/4014c46da53de9d919a43de616e31eed/screenshot - {}
RESULT: {}
RESULT: {"script":"<script> [1562 bytes]","args":[{"selector":{"id":"application-managecatalogs-display-component---detailCatalog--nameInput","searchOpenDialogs":true,"interaction":{"idSuffix":"inner"}},"wdio_ui5_key":"applicationmanagecatalogs-display-component---detailCatalog--nameInput"}]}
RESULT: undefined
COMMAND: POST /session/4014c46da53de9d919a43de616e31eed/execute/async - {"script":"<script> [776 bytes]","args":[{"enterText":"webdriversecondh6hfsh","selector":{"id":"application-managecatalogs-display-component---detailCatalog--nameInput","searchOpenDialogs":true,"interaction":{"idSuffix":"inner"}},"clearTextFirst":true,"interactionType":"ENTER_TEXT"}]}
RESULT: {}
RESULT: {"script":"<script> [776 bytes]","args":[{"enterText":"webdriversecondh6hfsh","selector":{"id":"application-managecatalogs-display-component---detailCatalog--nameInput","searchOpenDialogs":true,"interaction":{"idSuffix":"inner"}},"clearTextFirst":true,"interactionType":"ENTER_TEXT"}]}
RESULT: undefined
COMMAND: POST /session/4014c46da53de9d919a43de616e31eed/element - {"using":"xpath","value":"//*[@id=\"__button13\"]"}
RESULT: {"using":"xpath","value":"//*[@id=\"__button13\"]"}
COMMAND: POST /session/4014c46da53de9d919a43de616e31eed/element/f.936893D81E2E9803B5A63DB714104460.d.108935A952C60DF8AF4C35F857F91A15.e.412/click - {}
RESULT: {}
COMMAND: GET /session/4014c46da53de9d919a43de616e31eed/screenshot - {}
RESULT: {}
COMMAND: POST /session/4014c46da53de9d919a43de616e31eed/element - {"using":"xpath","value":"//button[@title=\"Save\"]"}
RESULT: {"using":"xpath","value":"//button[@title=\"Save\"]"}
COMMAND: POST /session/4014c46da53de9d919a43de616e31eed/element/f.936893D81E2E9803B5A63DB714104460.d.108935A952C60DF8AF4C35F857F91A15.e.390/click - {}
RESULT: {}
COMMAND: GET /session/4014c46da53de9d919a43de616e31eed/screenshot - {}
RESULT: {}
RESULT: undefined
COMMAND: POST /session/4014c46da53de9d919a43de616e31eed/element - {"using":"xpath","value":"//*[@id=\"__button38-img\"]"}
RESULT: {"using":"xpath","value":"//*[@id=\"__button38-img\"]"}
COMMAND: POST /session/4014c46da53de9d919a43de616e31eed/element/f.936893D81E2E9803B5A63DB714104460.d.108935A952C60DF8AF4C35F857F91A15.e.358/click - {}
RESULT: {}
COMMAND: GET /session/4014c46da53de9d919a43de616e31eed/screenshot - {}
RESULT: {}
RESULT: undefined
COMMAND: POST /session/4014c46da53de9d919a43de616e31eed/element - {"using":"xpath","value":"//*[@id=\"__button11-img\"]"}
RESULT: {"using":"xpath","value":"//*[@id=\"__button11-img\"]"}
COMMAND: POST /session/4014c46da53de9d919a43de616e31eed/element/f.936893D81E2E9803B5A63DB714104460.d.108935A952C60DF8AF4C35F857F91A15.e.449/click - {}
RESULT: {}
COMMAND: GET /session/4014c46da53de9d919a43de616e31eed/screenshot - {}
RESULT: {}
RESULT: undefined
COMMAND: POST /session/4014c46da53de9d919a43de616e31eed/execute/async - {"script":"<script> [776 bytes]","args":[{"enterText":"SecondSectionafz5e","selector":{"id":"application-managecatalogs-display-component---masterCatalogItems--searchItemsField","interaction":{"idSuffix":"I"}},"clearTextFirst":true,"interactionType":"ENTER_TEXT"}]}
RESULT: {"script":"<script> [776 bytes]","args":[{"enterText":"SecondSectionafz5e","selector":{"id":"application-managecatalogs-display-component---masterCatalogItems--searchItemsField","interaction":{"idSuffix":"I"}},"clearTextFirst":true,"interactionType":"ENTER_TEXT"}]}
COMMAND: POST /session/4014c46da53de9d919a43de616e31eed/actions - {"actions":[{"id":"action2","type":"key","parameters":{},"actions":[{"type":"keyDown","value":""},{"type":"pause","duration":10},{"type":"keyUp","value":""}]}]}
RESULT: {"actions":[{"id":"action2","type":"key","parameters":{},"actions":[{"type":"keyDown","value":""},{"type":"pause","duration":10},{"type":"keyUp","value":""}]}]}
COMMAND: POST /session/4014c46da53de9d919a43de616e31eed/element - {"using":"xpath","value":"(//span[contains(text(), \"SecondSectionafz5e\")])[1]"}
COMMAND: GET /session/4014c46da53de9d919a43de616e31eed/screenshot - {}
RESULT: {"using":"xpath","value":"(//span[contains(text(), \"SecondSectionafz5e\")])[1]"}
COMMAND: POST /session/4014c46da53de9d919a43de616e31eed/element/f.936893D81E2E9803B5A63DB714104460.d.108935A952C60DF8AF4C35F857F91A15.e.452/click - {}
RESULT: {}
RESULT: {}
COMMAND: POST /session/4014c46da53de9d919a43de616e31eed/element - {"using":"xpath","value":"(//span[contains(text(), \"SecondSectionafz5e\")])[1]"}
COMMAND: GET /session/4014c46da53de9d919a43de616e31eed/screenshot - {}
RESULT: {"using":"xpath","value":"(//span[contains(text(), \"SecondSectionafz5e\")])[1]"}
COMMAND: GET /session/4014c46da53de9d919a43de616e31eed/element/f.936893D81E2E9803B5A63DB714104460.d.108935A952C60DF8AF4C35F857F91A15.e.452/text - {}
RESULT: {}
COMMAND: POST /session/4014c46da53de9d919a43de616e31eed/element - {"using":"xpath","value":"(//span[contains(text(), \"SecondSectionafz5e\")])[1]"}
RESULT: {"using":"xpath","value":"(//span[contains(text(), \"SecondSectionafz5e\")])[1]"}
COMMAND: GET /session/4014c46da53de9d919a43de616e31eed/element/f.936893D81E2E9803B5A63DB714104460.d.108935A952C60DF8AF4C35F857F91A15.e.452/text - {}
COMMAND: POST /session/4014c46da53de9d919a43de616e31eed/element - {"using":"xpath","value":"(//span[contains(text(), \"SecondSectionafz5e\")])[1]"}
RESULT: {"using":"xpath","value":"(//span[contains(text(), \"SecondSectionafz5e\")])[1]"}
COMMAND: GET /session/4014c46da53de9d919a43de616e31eed/element/f.936893D81E2E9803B5A63DB714104460.d.108935A952C60DF8AF4C35F857F91A15.e.504/text - {}
RESULT: {}
COMMAND: POST /session/4014c46da53de9d919a43de616e31eed/element - {"using":"css selector","value":"#shell-header-logo"}
RESULT: {"using":"css selector","value":"#shell-header-logo"}
COMMAND: POST /session/4014c46da53de9d919a43de616e31eed/element/f.936893D81E2E9803B5A63DB714104460.d.108935A952C60DF8AF4C35F857F91A15.e.119/click - {}
RESULT: {}
COMMAND: GET /session/4014c46da53de9d919a43de616e31eed/screenshot - {}
RESULT: {}
COMMAND: POST /session/4014c46da53de9d919a43de616e31eed/execute/async - {"script":"<script> [1562 bytes]","args":[{"selector":{"controlType":"sap.m.GenericTile","properties":{"header":"Manage Classifications"}},"wdio_ui5_key":"sapm.GenericTile{\"header\":\"Manage Classifications\"}"}]}
RESULT: {"script":"<script> [1562 bytes]","args":[{"selector":{"controlType":"sap.m.GenericTile","properties":{"header":"Manage Classifications"}},"wdio_ui5_key":"sapm.GenericTile{\"header\":\"Manage Classifications\"}"}]}
RESULT: undefined
COMMAND: POST /session/4014c46da53de9d919a43de616e31eed/element - {"using":"xpath","value":"//*[@id=\"__tile115\"]"}
RESULT: {"using":"xpath","value":"//*[@id=\"__tile115\"]"}
COMMAND: POST /session/4014c46da53de9d919a43de616e31eed/element/f.936893D81E2E9803B5A63DB714104460.d.108935A952C60DF8AF4C35F857F91A15.e.509/click - {}
RESULT: {}
COMMAND: GET /session/4014c46da53de9d919a43de616e31eed/screenshot - {}
RESULT: {}
COMMAND: POST /session/4014c46da53de9d919a43de616e31eed/elements - {"using":"xpath","value":"//span[text()='Error']"}
RESULT: {"using":"xpath","value":"//span[text()='Error']"}
]]></system-out>
    </testcase>
  </testsuite>
  <testsuite timestamp="2025-05-24T15:49:40" time="262.751" tests="3" failures="0" errors="0" skipped="0">
    <properties>
      <property name="specId" value="0"/>
      <property name="suiteName" value="Manage catalogs - yard assignment classification US138930"/>
      <property name="capabilities" value="chrome.136_0_7103_93.windows"/>
      <property name="file" value="file:///D:/a/1/s/test/specs/R2C/manage-catalogs-yard-assignment-classification.spec.js"/>
    </properties>
    <testcase classname="chrome.136_0_7103_93.windows.Manage_catalogs_-_yard_assignment_classification_US138930" name="Should create a new classification of type yard assignment" time="34.811">
      <system-out><![CDATA[
COMMAND: POST /session/4014c46da53de9d919a43de616e31eed/execute/async - {"script":"<script> [1562 bytes]","args":[{"selector":{"controlType":"sap.ui.core.Icon","viewName":"etm.portal.ui.manageclassifications.view.Master","viewId":"application-manageclassifications-display-component---classificationMaster","properties":{"src":{"regex":{"source":"add"}}}},"wdio_ui5_key":"etmportal.ui.manageclassifications.view.Mastersap.ui.core.Icon{\"src\":{\"regex\":{\"source\":\"add\"}}}"}]}
RESULT: {"script":"<script> [1562 bytes]","args":[{"selector":{"controlType":"sap.ui.core.Icon","viewName":"etm.portal.ui.manageclassifications.view.Master","viewId":"application-manageclassifications-display-component---classificationMaster","properties":{"src":{"regex":{"source":"add"}}}},"wdio_ui5_key":"etmportal.ui.manageclassifications.view.Mastersap.ui.core.Icon{\"src\":{\"regex\":{\"source\":\"add\"}}}"}]}
RESULT: undefined
COMMAND: POST /session/4014c46da53de9d919a43de616e31eed/element - {"using":"xpath","value":"//*[@id=\"__button77-img\"]"}
RESULT: {"using":"xpath","value":"//*[@id=\"__button77-img\"]"}
COMMAND: POST /session/4014c46da53de9d919a43de616e31eed/element/f.936893D81E2E9803B5A63DB714104460.d.108935A952C60DF8AF4C35F857F91A15.e.541/click - {}
RESULT: {}
COMMAND: POST /session/4014c46da53de9d919a43de616e31eed/execute/async - {"script":"<script> [1562 bytes]","args":[{"selector":{"id":"application-manageclassifications-display-component---classificationCreate--classHeaderName","interaction":{"idSuffix":"inner"}},"wdio_ui5_key":"applicationmanageclassifications-display-component---classificationCreate--classHeaderName"}]}
COMMAND: GET /session/4014c46da53de9d919a43de616e31eed/screenshot - {}
RESULT: {"script":"<script> [1562 bytes]","args":[{"selector":{"id":"application-manageclassifications-display-component---classificationCreate--classHeaderName","interaction":{"idSuffix":"inner"}},"wdio_ui5_key":"applicationmanageclassifications-display-component---classificationCreate--classHeaderName"}]}
RESULT: undefined
COMMAND: POST /session/4014c46da53de9d919a43de616e31eed/execute/async - {"script":"<script> [776 bytes]","args":[{"enterText":"WebdriverYardClassevr6dl","selector":{"id":"application-manageclassifications-display-component---classificationCreate--classHeaderName","interaction":{"idSuffix":"inner"}},"clearTextFirst":true,"interactionType":"ENTER_TEXT"}]}
RESULT: {}
RESULT: {"script":"<script> [776 bytes]","args":[{"enterText":"WebdriverYardClassevr6dl","selector":{"id":"application-manageclassifications-display-component---classificationCreate--classHeaderName","interaction":{"idSuffix":"inner"}},"clearTextFirst":true,"interactionType":"ENTER_TEXT"}]}
COMMAND: POST /session/4014c46da53de9d919a43de616e31eed/execute/async - {"script":"<script> [1562 bytes]","args":[{"selector":{"controlType":"sap.ui.core.Icon","viewName":"etm.portal.ui.manageclassifications.view.Create","viewId":"application-manageclassifications-display-component---classificationCreate","properties":{"src":{"regex":{"source":"slim\\-arrow\\-down"}}}},"wdio_ui5_key":"etmportal.ui.manageclassifications.view.Createsap.ui.core.Icon{\"src\":{\"regex\":{\"source\":\"slim\\\\-arrow\\\\-down\"}}}"}]}
RESULT: {"script":"<script> [1562 bytes]","args":[{"selector":{"controlType":"sap.ui.core.Icon","viewName":"etm.portal.ui.manageclassifications.view.Create","viewId":"application-manageclassifications-display-component---classificationCreate","properties":{"src":{"regex":{"source":"slim\\-arrow\\-down"}}}},"wdio_ui5_key":"etmportal.ui.manageclassifications.view.Createsap.ui.core.Icon{\"src\":{\"regex\":{\"source\":\"slim\\\\-arrow\\\\-down\"}}}"}]}
RESULT: undefined
COMMAND: POST /session/4014c46da53de9d919a43de616e31eed/element - {"using":"xpath","value":"//*[@id=\"__box48-arrow\"]"}
RESULT: {"using":"xpath","value":"//*[@id=\"__box48-arrow\"]"}
COMMAND: POST /session/4014c46da53de9d919a43de616e31eed/element/f.936893D81E2E9803B5A63DB714104460.d.108935A952C60DF8AF4C35F857F91A15.e.929/click - {}
RESULT: {}
COMMAND: POST /session/4014c46da53de9d919a43de616e31eed/execute/async - {"script":"<script> [1562 bytes]","args":[{"selector":{"controlType":"sap.m.StandardListItem","viewName":"etm.portal.ui.manageclassifications.view.Create","viewId":"application-manageclassifications-display-component---classificationCreate","properties":{"title":"Yard assignment"},"searchOpenDialogs":true,"interaction":{"idSuffix":"titleText"}},"wdio_ui5_key":"etmportal.ui.manageclassifications.view.Createsap.m.StandardListItem{\"title\":\"Yard assignment\"}"}]}
COMMAND: GET /session/4014c46da53de9d919a43de616e31eed/screenshot - {}
RESULT: {"script":"<script> [1562 bytes]","args":[{"selector":{"controlType":"sap.m.StandardListItem","viewName":"etm.portal.ui.manageclassifications.view.Create","viewId":"application-manageclassifications-display-component---classificationCreate","properties":{"title":"Yard assignment"},"searchOpenDialogs":true,"interaction":{"idSuffix":"titleText"}},"wdio_ui5_key":"etmportal.ui.manageclassifications.view.Createsap.m.StandardListItem{\"title\":\"Yard assignment\"}"}]}
RESULT: undefined
COMMAND: POST /session/4014c46da53de9d919a43de616e31eed/element - {"using":"xpath","value":"//*[@id=\"__item304\"]"}
RESULT: {}
RESULT: {"using":"xpath","value":"//*[@id=\"__item304\"]"}
COMMAND: POST /session/4014c46da53de9d919a43de616e31eed/element/f.936893D81E2E9803B5A63DB714104460.d.108935A952C60DF8AF4C35F857F91A15.e.979/click - {}
RESULT: {}
COMMAND: POST /session/4014c46da53de9d919a43de616e31eed/execute/async - {"script":"<script> [1562 bytes]","args":[{"selector":{"controlType":"sap.ui.core.Icon","viewName":"etm.portal.ui.manageclassifications.view.Create","viewId":"application-manageclassifications-display-component---classificationCreate","properties":{"src":{"regex":{"source":"add"}}}},"wdio_ui5_key":"etmportal.ui.manageclassifications.view.Createsap.ui.core.Icon{\"src\":{\"regex\":{\"source\":\"add\"}}}"}]}
COMMAND: GET /session/4014c46da53de9d919a43de616e31eed/screenshot - {}
RESULT: {"script":"<script> [1562 bytes]","args":[{"selector":{"controlType":"sap.ui.core.Icon","viewName":"etm.portal.ui.manageclassifications.view.Create","viewId":"application-manageclassifications-display-component---classificationCreate","properties":{"src":{"regex":{"source":"add"}}}},"wdio_ui5_key":"etmportal.ui.manageclassifications.view.Createsap.ui.core.Icon{\"src\":{\"regex\":{\"source\":\"add\"}}}"}]}
RESULT: undefined
COMMAND: POST /session/4014c46da53de9d919a43de616e31eed/element - {"using":"xpath","value":"//*[@id=\"__button82-img\"]"}
RESULT: {}
RESULT: {"using":"xpath","value":"//*[@id=\"__button82-img\"]"}
COMMAND: POST /session/4014c46da53de9d919a43de616e31eed/element/f.936893D81E2E9803B5A63DB714104460.d.108935A952C60DF8AF4C35F857F91A15.e.932/click - {}
RESULT: {}
COMMAND: POST /session/4014c46da53de9d919a43de616e31eed/execute/async - {"script":"<script> [1562 bytes]","args":[{"selector":{"controlType":"sap.m.Input","viewName":"etm.portal.ui.manageclassifications.view.Create","viewId":"application-manageclassifications-display-component---classificationCreate","bindingPath":{"path":"/0","propertyPath":"PROPERTY","modelName":"newConfigModel"},"interaction":{"idSuffix":"inner"}},"wdio_ui5_key":"etmportal.ui.manageclassifications.view.Createsap.m.Input{\"path\":\"/0\",\"propertyPath\":\"PROPERTY\",\"modelName\":\"newConfigModel\"}"}]}
COMMAND: GET /session/4014c46da53de9d919a43de616e31eed/screenshot - {}
RESULT: {"script":"<script> [1562 bytes]","args":[{"selector":{"controlType":"sap.m.Input","viewName":"etm.portal.ui.manageclassifications.view.Create","viewId":"application-manageclassifications-display-component---classificationCreate","bindingPath":{"path":"/0","propertyPath":"PROPERTY","modelName":"newConfigModel"},"interaction":{"idSuffix":"inner"}},"wdio_ui5_key":"etmportal.ui.manageclassifications.view.Createsap.m.Input{\"path\":\"/0\",\"propertyPath\":\"PROPERTY\",\"modelName\":\"newConfigModel\"}"}]}
RESULT: undefined
COMMAND: POST /session/4014c46da53de9d919a43de616e31eed/execute/async - {"script":"<script> [776 bytes]","args":[{"enterText":"101","selector":{"controlType":"sap.m.Input","viewName":"etm.portal.ui.manageclassifications.view.Create","viewId":"application-manageclassifications-display-component---classificationCreate","bindingPath":{"path":"/0","propertyPath":"PROPERTY","modelName":"newConfigModel"},"interaction":{"idSuffix":"inner"}},"clearTextFirst":true,"interactionType":"ENTER_TEXT"}]}
RESULT: {}
RESULT: {"script":"<script> [776 bytes]","args":[{"enterText":"101","selector":{"controlType":"sap.m.Input","viewName":"etm.portal.ui.manageclassifications.view.Create","viewId":"application-manageclassifications-display-component---classificationCreate","bindingPath":{"path":"/0","propertyPath":"PROPERTY","modelName":"newConfigModel"},"interaction":{"idSuffix":"inner"}},"clearTextFirst":true,"interactionType":"ENTER_TEXT"}]}
COMMAND: POST /session/4014c46da53de9d919a43de616e31eed/execute/async - {"script":"<script> [1562 bytes]","args":[{"selector":{"controlType":"sap.m.Input","viewName":"etm.portal.ui.manageclassifications.view.Create","viewId":"application-manageclassifications-display-component---classificationCreate","bindingPath":{"path":"/0","propertyPath":"DESCRIPTION","modelName":"newConfigModel"},"interaction":{"idSuffix":"inner"}},"wdio_ui5_key":"etmportal.ui.manageclassifications.view.Createsap.m.Input{\"path\":\"/0\",\"propertyPath\":\"DESCRIPTION\",\"modelName\":\"newConfigModel\"}"}]}
RESULT: {"script":"<script> [1562 bytes]","args":[{"selector":{"controlType":"sap.m.Input","viewName":"etm.portal.ui.manageclassifications.view.Create","viewId":"application-manageclassifications-display-component---classificationCreate","bindingPath":{"path":"/0","propertyPath":"DESCRIPTION","modelName":"newConfigModel"},"interaction":{"idSuffix":"inner"}},"wdio_ui5_key":"etmportal.ui.manageclassifications.view.Createsap.m.Input{\"path\":\"/0\",\"propertyPath\":\"DESCRIPTION\",\"modelName\":\"newConfigModel\"}"}]}
RESULT: undefined
COMMAND: POST /session/4014c46da53de9d919a43de616e31eed/execute/async - {"script":"<script> [776 bytes]","args":[{"enterText":"yard1","selector":{"controlType":"sap.m.Input","viewName":"etm.portal.ui.manageclassifications.view.Create","viewId":"application-manageclassifications-display-component---classificationCreate","bindingPath":{"path":"/0","propertyPath":"DESCRIPTION","modelName":"newConfigModel"},"interaction":{"idSuffix":"inner"}},"clearTextFirst":true,"interactionType":"ENTER_TEXT"}]}
RESULT: {"script":"<script> [776 bytes]","args":[{"enterText":"yard1","selector":{"controlType":"sap.m.Input","viewName":"etm.portal.ui.manageclassifications.view.Create","viewId":"application-manageclassifications-display-component---classificationCreate","bindingPath":{"path":"/0","propertyPath":"DESCRIPTION","modelName":"newConfigModel"},"interaction":{"idSuffix":"inner"}},"clearTextFirst":true,"interactionType":"ENTER_TEXT"}]}
COMMAND: POST /session/4014c46da53de9d919a43de616e31eed/execute/async - {"script":"<script> [1562 bytes]","args":[{"selector":{"controlType":"sap.ui.core.Icon","viewName":"etm.portal.ui.manageclassifications.view.Create","viewId":"application-manageclassifications-display-component---classificationCreate","properties":{"src":{"regex":{"source":"slim\\-arrow\\-down"}}},"ancestor":{"controlType":"sap.m.ComboBox","viewName":"etm.portal.ui.manageclassifications.view.Create","viewId":"application-manageclassifications-display-component---classificationCreate","bindingPath":{"path":"/0","propertyPath":"VALUE_TYPE","modelName":"newConfigModel"}}},"wdio_ui5_key":"etmportal.ui.manageclassifications.view.Createsap.ui.core.Icon{\"src\":{\"regex\":{\"source\":\"slim\\\\-arrow\\\\-down\"}}}{\"controlType\":\"sap.m.ComboBox\",\"viewName\":\"etm.portal.ui.manageclassifications.view.Create\",\"viewId\":\"application-manageclassifications-display-component---classificationCreate\",\"bindingPath\":{\"path\":\"/0\",\"propertyPath\":\"VALUE_TYPE\",\"modelName\":\"newConfigModel\"}}"}]}
RESULT: {"script":"<script> [1562 bytes]","args":[{"selector":{"controlType":"sap.ui.core.Icon","viewName":"etm.portal.ui.manageclassifications.view.Create","viewId":"application-manageclassifications-display-component---classificationCreate","properties":{"src":{"regex":{"source":"slim\\-arrow\\-down"}}},"ancestor":{"controlType":"sap.m.ComboBox","viewName":"etm.portal.ui.manageclassifications.view.Create","viewId":"application-manageclassifications-display-component---classificationCreate","bindingPath":{"path":"/0","propertyPath":"VALUE_TYPE","modelName":"newConfigModel"}}},"wdio_ui5_key":"etmportal.ui.manageclassifications.view.Createsap.ui.core.Icon{\"src\":{\"regex\":{\"source\":\"slim\\\\-arrow\\\\-down\"}}}{\"controlType\":\"sap.m.ComboBox\",\"viewName\":\"etm.portal.ui.manageclassifications.view.Create\",\"viewId\":\"application-manageclassifications-display-component---classificationCreate\",\"bindingPath\":{\"path\":\"/0\",\"propertyPath\":\"VALUE_TYPE\",\"modelName\":\"newConfigModel\"}}"}]}
RESULT: undefined
COMMAND: POST /session/4014c46da53de9d919a43de616e31eed/element - {"using":"xpath","value":"//*[@id=\"__box49-application-manageclassifications-display-component---classificationCreate--configurationList-0-arrow\"]"}
RESULT: {"using":"xpath","value":"//*[@id=\"__box49-application-manageclassifications-display-component---classificationCreate--configurationList-0-arrow\"]"}
COMMAND: POST /session/4014c46da53de9d919a43de616e31eed/element/f.936893D81E2E9803B5A63DB714104460.d.108935A952C60DF8AF4C35F857F91A15.e.988/click - {}
RESULT: {}
COMMAND: POST /session/4014c46da53de9d919a43de616e31eed/execute/async - {"script":"<script> [1562 bytes]","args":[{"selector":{"controlType":"sap.m.StandardListItem","viewName":"etm.portal.ui.manageclassifications.view.Create","viewId":"application-manageclassifications-display-component---classificationCreate","properties":{"title":"Boolean"},"searchOpenDialogs":true,"interaction":{"idSuffix":"content"}},"wdio_ui5_key":"etmportal.ui.manageclassifications.view.Createsap.m.StandardListItem{\"title\":\"Boolean\"}"}]}
COMMAND: GET /session/4014c46da53de9d919a43de616e31eed/screenshot - {}
RESULT: {"script":"<script> [1562 bytes]","args":[{"selector":{"controlType":"sap.m.StandardListItem","viewName":"etm.portal.ui.manageclassifications.view.Create","viewId":"application-manageclassifications-display-component---classificationCreate","properties":{"title":"Boolean"},"searchOpenDialogs":true,"interaction":{"idSuffix":"content"}},"wdio_ui5_key":"etmportal.ui.manageclassifications.view.Createsap.m.StandardListItem{\"title\":\"Boolean\"}"}]}
RESULT: undefined
COMMAND: POST /session/4014c46da53de9d919a43de616e31eed/element - {"using":"xpath","value":"//*[@id=\"__item307\"]"}
RESULT: {}
RESULT: {"using":"xpath","value":"//*[@id=\"__item307\"]"}
COMMAND: POST /session/4014c46da53de9d919a43de616e31eed/element/f.936893D81E2E9803B5A63DB714104460.d.108935A952C60DF8AF4C35F857F91A15.e.990/click - {}
RESULT: {}
COMMAND: POST /session/4014c46da53de9d919a43de616e31eed/element - {"using":"xpath","value":"//input[contains(@id ,\"application-manageclassifications-display-component---classificationCreate--classHeaderName-inner\")]"}
COMMAND: GET /session/4014c46da53de9d919a43de616e31eed/screenshot - {}
RESULT: {"using":"xpath","value":"//input[contains(@id ,\"application-manageclassifications-display-component---classificationCreate--classHeaderName-inner\")]"}
COMMAND: GET /session/4014c46da53de9d919a43de616e31eed/element/f.936893D81E2E9803B5A63DB714104460.d.108935A952C60DF8AF4C35F857F91A15.e.852/property/value - {}
RESULT: {}
RESULT: {}
COMMAND: GET /session/4014c46da53de9d919a43de616e31eed/screenshot - {}
RESULT: {}
COMMAND: POST /session/4014c46da53de9d919a43de616e31eed/element - {"using":"xpath","value":"//button[@title=\"Save\"]"}
RESULT: {"using":"xpath","value":"//button[@title=\"Save\"]"}
COMMAND: POST /session/4014c46da53de9d919a43de616e31eed/element/f.936893D81E2E9803B5A63DB714104460.d.108935A952C60DF8AF4C35F857F91A15.e.940/click - {}
RESULT: {}
COMMAND: GET /session/4014c46da53de9d919a43de616e31eed/screenshot - {}
RESULT: {}
COMMAND: POST /session/4014c46da53de9d919a43de616e31eed/execute/async - {"script":"<script> [1562 bytes]","args":[{"selector":{"id":"application-manageclassifications-display-component---classificationMaster--smartFilterBar-btnBasicSearch","interaction":{"idSuffix":"I"}},"wdio_ui5_key":"applicationmanageclassifications-display-component---classificationMaster--smartFilterBar-btnBasicSearch"}]}
RESULT: {"script":"<script> [1562 bytes]","args":[{"selector":{"id":"application-manageclassifications-display-component---classificationMaster--smartFilterBar-btnBasicSearch","interaction":{"idSuffix":"I"}},"wdio_ui5_key":"applicationmanageclassifications-display-component---classificationMaster--smartFilterBar-btnBasicSearch"}]}
RESULT: undefined
COMMAND: POST /session/4014c46da53de9d919a43de616e31eed/execute/async - {"script":"<script> [776 bytes]","args":[{"enterText":"WebdriverYardClassevr6dl","selector":{"id":"application-manageclassifications-display-component---classificationMaster--smartFilterBar-btnBasicSearch","interaction":{"idSuffix":"I"}},"clearTextFirst":true,"interactionType":"ENTER_TEXT"}]}
RESULT: {"script":"<script> [776 bytes]","args":[{"enterText":"WebdriverYardClassevr6dl","selector":{"id":"application-manageclassifications-display-component---classificationMaster--smartFilterBar-btnBasicSearch","interaction":{"idSuffix":"I"}},"clearTextFirst":true,"interactionType":"ENTER_TEXT"}]}
COMMAND: POST /session/4014c46da53de9d919a43de616e31eed/actions - {"actions":[{"id":"action3","type":"key","parameters":{},"actions":[{"type":"keyDown","value":""},{"type":"pause","duration":10},{"type":"keyUp","value":""}]}]}
RESULT: {"actions":[{"id":"action3","type":"key","parameters":{},"actions":[{"type":"keyDown","value":""},{"type":"pause","duration":10},{"type":"keyUp","value":""}]}]}
COMMAND: POST /session/4014c46da53de9d919a43de616e31eed/execute/async - {"script":"<script> [1562 bytes]","args":[{"selector":{"id":"application-manageclassifications-display-component---classificationMaster--smartTable-header"},"wdio_ui5_key":"applicationmanageclassifications-display-component---classificationMaster--smartTable-header"}]}
COMMAND: GET /session/4014c46da53de9d919a43de616e31eed/screenshot - {}
RESULT: {"script":"<script> [1562 bytes]","args":[{"selector":{"id":"application-manageclassifications-display-component---classificationMaster--smartTable-header"},"wdio_ui5_key":"applicationmanageclassifications-display-component---classificationMaster--smartTable-header"}]}
RESULT: undefined
COMMAND: POST /session/4014c46da53de9d919a43de616e31eed/execute/async - {"script":"<script> [6424 bytes]","args":[{"element-6066-11e4-a52e-4f735466cecf":"f.936893D81E2E9803B5A63DB714104460.d.108935A952C60DF8AF4C35F857F91A15.e.1161"},"getText",[]]}
RESULT: {}
RESULT: {"script":"<script> [6424 bytes]","args":[{"element-6066-11e4-a52e-4f735466cecf":"f.936893D81E2E9803B5A63DB714104460.d.108935A952C60DF8AF4C35F857F91A15.e.1161"},"getText",[]]}
COMMAND: POST /session/4014c46da53de9d919a43de616e31eed/element - {"using":"css selector","value":"#shell-header-logo"}
RESULT: {"using":"css selector","value":"#shell-header-logo"}
COMMAND: POST /session/4014c46da53de9d919a43de616e31eed/element/f.936893D81E2E9803B5A63DB714104460.d.108935A952C60DF8AF4C35F857F91A15.e.514/click - {}
RESULT: {}
COMMAND: GET /session/4014c46da53de9d919a43de616e31eed/screenshot - {}
RESULT: {}
]]></system-out>
    </testcase>
    <testcase classname="chrome.136_0_7103_93.windows.Manage_catalogs_-_yard_assignment_classification_US138930" name="Should add the yard classification to a catalog item" time="148.743">
      <system-out><![CDATA[
RESULT: undefined
COMMAND: POST /session/4014c46da53de9d919a43de616e31eed/element - {"using":"xpath","value":"//*[@id=\"__tile37\"]"}
RESULT: {"using":"xpath","value":"//*[@id=\"__tile37\"]"}
COMMAND: POST /session/4014c46da53de9d919a43de616e31eed/element/f.936893D81E2E9803B5A63DB714104460.d.108935A952C60DF8AF4C35F857F91A15.e.116/click - {}
RESULT: {}
COMMAND: GET /session/4014c46da53de9d919a43de616e31eed/screenshot - {}
RESULT: {}
COMMAND: POST /session/4014c46da53de9d919a43de616e31eed/elements - {"using":"xpath","value":"//span[text()='Error']"}
RESULT: {"using":"xpath","value":"//span[text()='Error']"}
COMMAND: POST /session/4014c46da53de9d919a43de616e31eed/refresh - {}
RESULT: {}
COMMAND: GET /session/4014c46da53de9d919a43de616e31eed/screenshot - {}
RESULT: {}
COMMAND: POST /session/4014c46da53de9d919a43de616e31eed/execute/async - {"script":"<script> [189 bytes]","args":[]}
RESULT: {"script":"<script> [189 bytes]","args":[]}
COMMAND: POST /session/4014c46da53de9d919a43de616e31eed/execute/async - {"script":"<script> [123 bytes]","args":[]}
RESULT: {"script":"<script> [123 bytes]","args":[]}
COMMAND: POST /session/4014c46da53de9d919a43de616e31eed/timeouts - {"script":"<number>"}
RESULT: {"script":"<number>"}
COMMAND: GET /session/4014c46da53de9d919a43de616e31eed/timeouts - {}
RESULT: {}
RESULT: undefined
COMMAND: POST /session/4014c46da53de9d919a43de616e31eed/execute/async - {"script":"<script> [2676 bytes]","args":[]}
RESULT: {"script":"<script> [2676 bytes]","args":[]}
COMMAND: POST /session/4014c46da53de9d919a43de616e31eed/execute/async - {"script":"<script> [2342 bytes]","args":[{"protocol":"http","hostname":"0.0.0.0","path":"/","capabilities":{"browserName":"chrome","goog:chromeOptions":{"binary":"C:\\Program Files\\Google\\Chrome\\Application\\chrome.exe","args":["--start-maximized"]}},"logLevel":"warn","connectionRetryTimeout":120000,"connectionRetryCount":3,"logLevels":{},"enableDirectConnect":true,"strictSSL":true,"_":"65 more keys: [\"cacheDir\",\"port\",\"requestedCapabilities\",\"automationProtocol\",\"baseUrl\",\"waitforInterval\",\"waitforTimeout\",\"onReload\",\"beforeCommand\",\"afterCommand\",\"rootDir\",\"specs\",\"suites\",\"exclude\",\"groupLogsByTestSpec\",\"excludeDriverLogs\",\"bail\",\"framework\",\"reporters\",\"services\",\"maxInstances\",\"maxInstancesPerCapability\",\"injectGlobals\",\"filesToWatch\",\"execArgv\",\"runnerEnv\",\"runner\",\"shard\",\"specFileRetries\",\"specFileRetriesDelay\",\"specFileRetriesDeferred\",\"reporterSyncInterval\",\"reporterSyncTimeout\",\"cucumberFeaturesWithLineNumbers\",\"autoCompileOpts\",\"mochaOpts\",\"jasmineOpts\",\"cucumberOpts\",\"onPrepare\",\"onWorkerStart\",\"onWorkerEnd\",\"before\",\"beforeSession\",\"beforeSuite\",\"beforeHook\",\"beforeTest\",\"afterTest\",\"afterHook\",\"afterSuite\",\"afterSession\",\"after\",\"onComplete\",\"beforeAssertion\",\"afterAssertion\",\"beforeFeature\",\"beforeScenario\",\"beforeStep\",\"afterStep\",\"afterScenario\",\"afterFeature\",\"_\",\"suite\",\"$0\",\"ignoredWorkerServices\",\"wdi5\"]"}]}
RESULT: {"script":"<script> [2342 bytes]","args":[{"protocol":"http","hostname":"0.0.0.0","path":"/","capabilities":{"browserName":"chrome","goog:chromeOptions":{"binary":"C:\\Program Files\\Google\\Chrome\\Application\\chrome.exe","args":["--start-maximized"]}},"logLevel":"warn","connectionRetryTimeout":120000,"connectionRetryCount":3,"logLevels":{},"enableDirectConnect":true,"strictSSL":true,"_":"65 more keys: [\"cacheDir\",\"port\",\"requestedCapabilities\",\"automationProtocol\",\"baseUrl\",\"waitforInterval\",\"waitforTimeout\",\"onReload\",\"beforeCommand\",\"afterCommand\",\"rootDir\",\"specs\",\"suites\",\"exclude\",\"groupLogsByTestSpec\",\"excludeDriverLogs\",\"bail\",\"framework\",\"reporters\",\"services\",\"maxInstances\",\"maxInstancesPerCapability\",\"injectGlobals\",\"filesToWatch\",\"execArgv\",\"runnerEnv\",\"runner\",\"shard\",\"specFileRetries\",\"specFileRetriesDelay\",\"specFileRetriesDeferred\",\"reporterSyncInterval\",\"reporterSyncTimeout\",\"cucumberFeaturesWithLineNumbers\",\"autoCompileOpts\",\"mochaOpts\",\"jasmineOpts\",\"cucumberOpts\",\"onPrepare\",\"onWorkerStart\",\"onWorkerEnd\",\"before\",\"beforeSession\",\"beforeSuite\",\"beforeHook\",\"beforeTest\",\"afterTest\",\"afterHook\",\"afterSuite\",\"afterSession\",\"after\",\"onComplete\",\"beforeAssertion\",\"afterAssertion\",\"beforeFeature\",\"beforeScenario\",\"beforeStep\",\"afterStep\",\"afterScenario\",\"afterFeature\",\"_\",\"suite\",\"$0\",\"ignoredWorkerServices\",\"wdi5\"]"}]}
COMMAND: POST /session/4014c46da53de9d919a43de616e31eed/execute/async - {"script":"<script> [21126 bytes]","args":[35000]}
RESULT: {"script":"<script> [21126 bytes]","args":[35000]}
COMMAND: POST /session/4014c46da53de9d919a43de616e31eed/element - {"using":"xpath","value":"//span[contains(text(), \"Webshop Catalog\")][contains(@id ,\"masterCatalogs\")]"}
RESULT: {"using":"xpath","value":"//span[contains(text(), \"Webshop Catalog\")][contains(@id ,\"masterCatalogs\")]"}
COMMAND: POST /session/4014c46da53de9d919a43de616e31eed/element/f.936893D81E2E9803B5A63DB714104460.d.139D12242C79BACE64D3328A2DD91C57.e.1264/click - {}
RESULT: {}
COMMAND: GET /session/4014c46da53de9d919a43de616e31eed/screenshot - {}
RESULT: {}
COMMAND: POST /session/4014c46da53de9d919a43de616e31eed/element - {"using":"xpath","value":"//input[contains(@id ,\"application-managecatalogs-display-component---masterCatalogItems--searchItemsField-I\")]"}
RESULT: {"using":"xpath","value":"//input[contains(@id ,\"application-managecatalogs-display-component---masterCatalogItems--searchItemsField-I\")]"}
COMMAND: POST /session/4014c46da53de9d919a43de616e31eed/element/f.936893D81E2E9803B5A63DB714104460.d.139D12242C79BACE64D3328A2DD91C57.e.1273/value - {"text":"SecondSectionafz5e"}
RESULT: {"text":"SecondSectionafz5e"}
COMMAND: POST /session/4014c46da53de9d919a43de616e31eed/actions - {"actions":[{"id":"action4","type":"key","parameters":{},"actions":[{"type":"keyDown","value":""},{"type":"pause","duration":10},{"type":"keyUp","value":""}]}]}
COMMAND: GET /session/4014c46da53de9d919a43de616e31eed/screenshot - {}
RESULT: {"actions":[{"id":"action4","type":"key","parameters":{},"actions":[{"type":"keyDown","value":""},{"type":"pause","duration":10},{"type":"keyUp","value":""}]}]}
COMMAND: GET /session/4014c46da53de9d919a43de616e31eed/screenshot - {}
RESULT: {}
RESULT: {}
COMMAND: POST /session/4014c46da53de9d919a43de616e31eed/element - {"using":"xpath","value":"(//span[contains(text(), \"SecondSectionafz5e\")])[1]"}
RESULT: {"using":"xpath","value":"(//span[contains(text(), \"SecondSectionafz5e\")])[1]"}
COMMAND: POST /session/4014c46da53de9d919a43de616e31eed/element/f.936893D81E2E9803B5A63DB714104460.d.139D12242C79BACE64D3328A2DD91C57.e.1279/click - {}
RESULT: {}
COMMAND: POST /session/4014c46da53de9d919a43de616e31eed/execute/async - {"script":"<script> [1562 bytes]","args":[{"selector":{"controlType":"sap.m.Button","viewName":"etm.portal.ui.managecatalogs.view.Detail","viewId":"application-managecatalogs-display-component---detailCatalog","i18NText":{"propertyName":"text","key":"edit"},"interaction":{"idSuffix":"BDI-content"}},"wdio_ui5_key":"etmportal.ui.managecatalogs.view.Detailsap.m.Button{\"propertyName\":\"text\",\"key\":\"edit\"}"}]}
COMMAND: GET /session/4014c46da53de9d919a43de616e31eed/screenshot - {}
RESULT: {"script":"<script> [1562 bytes]","args":[{"selector":{"controlType":"sap.m.Button","viewName":"etm.portal.ui.managecatalogs.view.Detail","viewId":"application-managecatalogs-display-component---detailCatalog","i18NText":{"propertyName":"text","key":"edit"},"interaction":{"idSuffix":"BDI-content"}},"wdio_ui5_key":"etmportal.ui.managecatalogs.view.Detailsap.m.Button{\"propertyName\":\"text\",\"key\":\"edit\"}"}]}
RESULT: undefined
COMMAND: POST /session/4014c46da53de9d919a43de616e31eed/element - {"using":"xpath","value":"//*[@id=\"__button33\"]"}
RESULT: {}
RESULT: {"using":"xpath","value":"//*[@id=\"__button33\"]"}
COMMAND: POST /session/4014c46da53de9d919a43de616e31eed/element/f.936893D81E2E9803B5A63DB714104460.d.139D12242C79BACE64D3328A2DD91C57.e.1348/click - {}
RESULT: {}
COMMAND: POST /session/4014c46da53de9d919a43de616e31eed/execute/async - {"script":"<script> [1562 bytes]","args":[{"selector":{"controlType":"sap.ui.core.Icon","viewName":"etm.portal.ui.managecatalogs.view.Detail","viewId":"application-managecatalogs-display-component---detailCatalog","properties":{"src":{"regex":{"source":"add\\-document"}}}},"wdio_ui5_key":"etmportal.ui.managecatalogs.view.Detailsap.ui.core.Icon{\"src\":{\"regex\":{\"source\":\"add\\\\-document\"}}}"}]}
COMMAND: GET /session/4014c46da53de9d919a43de616e31eed/screenshot - {}
RESULT: {"script":"<script> [1562 bytes]","args":[{"selector":{"controlType":"sap.ui.core.Icon","viewName":"etm.portal.ui.managecatalogs.view.Detail","viewId":"application-managecatalogs-display-component---detailCatalog","properties":{"src":{"regex":{"source":"add\\-document"}}}},"wdio_ui5_key":"etmportal.ui.managecatalogs.view.Detailsap.ui.core.Icon{\"src\":{\"regex\":{\"source\":\"add\\\\-document\"}}}"}]}
RESULT: undefined
COMMAND: POST /session/4014c46da53de9d919a43de616e31eed/element - {"using":"xpath","value":"//*[@id=\"__button42-img\"]"}
RESULT: {}
RESULT: {"using":"xpath","value":"//*[@id=\"__button42-img\"]"}
COMMAND: POST /session/4014c46da53de9d919a43de616e31eed/element/f.936893D81E2E9803B5A63DB714104460.d.139D12242C79BACE64D3328A2DD91C57.e.1355/click - {}
RESULT: {}
COMMAND: POST /session/4014c46da53de9d919a43de616e31eed/execute/async - {"script":"<script> [1562 bytes]","args":[{"selector":{"id":"application-managecatalogs-display-component---detailCatalog--newItemNumberInput","searchOpenDialogs":true,"interaction":{"idSuffix":"inner"}},"wdio_ui5_key":"applicationmanagecatalogs-display-component---detailCatalog--newItemNumberInput"}]}
COMMAND: GET /session/4014c46da53de9d919a43de616e31eed/screenshot - {}
RESULT: {"script":"<script> [1562 bytes]","args":[{"selector":{"id":"application-managecatalogs-display-component---detailCatalog--newItemNumberInput","searchOpenDialogs":true,"interaction":{"idSuffix":"inner"}},"wdio_ui5_key":"applicationmanagecatalogs-display-component---detailCatalog--newItemNumberInput"}]}
RESULT: undefined
COMMAND: POST /session/4014c46da53de9d919a43de616e31eed/execute/async - {"script":"<script> [776 bytes]","args":[{"enterText":"catalogItemthe02k","selector":{"id":"application-managecatalogs-display-component---detailCatalog--newItemNumberInput","searchOpenDialogs":true,"interaction":{"idSuffix":"inner"}},"clearTextFirst":true,"interactionType":"ENTER_TEXT"}]}
RESULT: {}
RESULT: {"script":"<script> [776 bytes]","args":[{"enterText":"catalogItemthe02k","selector":{"id":"application-managecatalogs-display-component---detailCatalog--newItemNumberInput","searchOpenDialogs":true,"interaction":{"idSuffix":"inner"}},"clearTextFirst":true,"interactionType":"ENTER_TEXT"}]}
COMMAND: POST /session/4014c46da53de9d919a43de616e31eed/execute/async - {"script":"<script> [1562 bytes]","args":[{"selector":{"controlType":"sap.m.Input","viewName":"etm.portal.ui.managecatalogs.view.Detail","viewId":"application-managecatalogs-display-component---detailCatalog","bindingPath":{"path":"","propertyPath":"/DESCRIPTION"},"searchOpenDialogs":true,"interaction":{"idSuffix":"inner"}},"wdio_ui5_key":"etmportal.ui.managecatalogs.view.Detailsap.m.Input{\"path\":\"\",\"propertyPath\":\"/DESCRIPTION\"}"}]}
RESULT: {"script":"<script> [1562 bytes]","args":[{"selector":{"controlType":"sap.m.Input","viewName":"etm.portal.ui.managecatalogs.view.Detail","viewId":"application-managecatalogs-display-component---detailCatalog","bindingPath":{"path":"","propertyPath":"/DESCRIPTION"},"searchOpenDialogs":true,"interaction":{"idSuffix":"inner"}},"wdio_ui5_key":"etmportal.ui.managecatalogs.view.Detailsap.m.Input{\"path\":\"\",\"propertyPath\":\"/DESCRIPTION\"}"}]}
RESULT: undefined
COMMAND: POST /session/4014c46da53de9d919a43de616e31eed/execute/async - {"script":"<script> [776 bytes]","args":[{"enterText":"catalogItemName8jjw7","selector":{"controlType":"sap.m.Input","viewName":"etm.portal.ui.managecatalogs.view.Detail","viewId":"application-managecatalogs-display-component---detailCatalog","bindingPath":{"path":"","propertyPath":"/DESCRIPTION"},"searchOpenDialogs":true,"interaction":{"idSuffix":"inner"}},"clearTextFirst":true,"interactionType":"ENTER_TEXT"}]}
RESULT: {"script":"<script> [776 bytes]","args":[{"enterText":"catalogItemName8jjw7","selector":{"controlType":"sap.m.Input","viewName":"etm.portal.ui.managecatalogs.view.Detail","viewId":"application-managecatalogs-display-component---detailCatalog","bindingPath":{"path":"","propertyPath":"/DESCRIPTION"},"searchOpenDialogs":true,"interaction":{"idSuffix":"inner"}},"clearTextFirst":true,"interactionType":"ENTER_TEXT"}]}
COMMAND: POST /session/4014c46da53de9d919a43de616e31eed/execute/async - {"script":"<script> [1562 bytes]","args":[{"selector":{"controlType":"sap.m.Button","viewName":"etm.portal.ui.managecatalogs.view.Detail","viewId":"application-managecatalogs-display-component---detailCatalog","i18NText":{"propertyName":"text","key":"create"},"searchOpenDialogs":true,"interaction":{"idSuffix":"BDI-content"}},"wdio_ui5_key":"etmportal.ui.managecatalogs.view.Detailsap.m.Button{\"propertyName\":\"text\",\"key\":\"create\"}"}]}
RESULT: {"script":"<script> [1562 bytes]","args":[{"selector":{"controlType":"sap.m.Button","viewName":"etm.portal.ui.managecatalogs.view.Detail","viewId":"application-managecatalogs-display-component---detailCatalog","i18NText":{"propertyName":"text","key":"create"},"searchOpenDialogs":true,"interaction":{"idSuffix":"BDI-content"}},"wdio_ui5_key":"etmportal.ui.managecatalogs.view.Detailsap.m.Button{\"propertyName\":\"text\",\"key\":\"create\"}"}]}
RESULT: undefined
COMMAND: POST /session/4014c46da53de9d919a43de616e31eed/element - {"using":"xpath","value":"//*[@id=\"__button17\"]"}
RESULT: {"using":"xpath","value":"//*[@id=\"__button17\"]"}
COMMAND: POST /session/4014c46da53de9d919a43de616e31eed/element/f.936893D81E2E9803B5A63DB714104460.d.139D12242C79BACE64D3328A2DD91C57.e.1365/click - {}
RESULT: {}
COMMAND: GET /session/4014c46da53de9d919a43de616e31eed/screenshot - {}
RESULT: {}
COMMAND: POST /session/4014c46da53de9d919a43de616e31eed/element - {"using":"xpath","value":"//button[@title=\"Save\"]"}
RESULT: {"using":"xpath","value":"//button[@title=\"Save\"]"}
COMMAND: POST /session/4014c46da53de9d919a43de616e31eed/element/f.936893D81E2E9803B5A63DB714104460.d.139D12242C79BACE64D3328A2DD91C57.e.1366/click - {}
RESULT: {}
COMMAND: GET /session/4014c46da53de9d919a43de616e31eed/screenshot - {}
RESULT: {}
COMMAND: POST /session/4014c46da53de9d919a43de616e31eed/execute/async - {"script":"<script> [1562 bytes]","args":[{"selector":{"controlType":"sap.ui.core.Icon","viewName":"etm.portal.ui.managecatalogs.view.Detail","viewId":"application-managecatalogs-display-component---detailCatalog","properties":{"src":{"regex":{"source":"decline"}}}},"wdio_ui5_key":"etmportal.ui.managecatalogs.view.Detailsap.ui.core.Icon{\"src\":{\"regex\":{\"source\":\"decline\"}}}"}]}
RESULT: {"script":"<script> [1562 bytes]","args":[{"selector":{"controlType":"sap.ui.core.Icon","viewName":"etm.portal.ui.managecatalogs.view.Detail","viewId":"application-managecatalogs-display-component---detailCatalog","properties":{"src":{"regex":{"source":"decline"}}}},"wdio_ui5_key":"etmportal.ui.managecatalogs.view.Detailsap.ui.core.Icon{\"src\":{\"regex\":{\"source\":\"decline\"}}}"}]}
RESULT: undefined
COMMAND: POST /session/4014c46da53de9d919a43de616e31eed/element - {"using":"xpath","value":"//*[@id=\"__button36-img\"]"}
RESULT: {"using":"xpath","value":"//*[@id=\"__button36-img\"]"}
COMMAND: POST /session/4014c46da53de9d919a43de616e31eed/element/f.936893D81E2E9803B5A63DB714104460.d.139D12242C79BACE64D3328A2DD91C57.e.1372/click - {}
RESULT: {}
COMMAND: GET /session/4014c46da53de9d919a43de616e31eed/screenshot - {}
RESULT: {}
COMMAND: POST /session/4014c46da53de9d919a43de616e31eed/execute/async - {"script":"<script> [1562 bytes]","args":[{"selector":{"controlType":"sap.ui.core.Icon","viewName":"etm.portal.ui.managecatalogs.view.MasterItems","viewId":"application-managecatalogs-display-component---masterCatalogItems","properties":{"src":{"regex":{"source":"refresh"}}}},"wdio_ui5_key":"etmportal.ui.managecatalogs.view.MasterItemssap.ui.core.Icon{\"src\":{\"regex\":{\"source\":\"refresh\"}}}"}]}
RESULT: {"script":"<script> [1562 bytes]","args":[{"selector":{"controlType":"sap.ui.core.Icon","viewName":"etm.portal.ui.managecatalogs.view.MasterItems","viewId":"application-managecatalogs-display-component---masterCatalogItems","properties":{"src":{"regex":{"source":"refresh"}}}},"wdio_ui5_key":"etmportal.ui.managecatalogs.view.MasterItemssap.ui.core.Icon{\"src\":{\"regex\":{\"source\":\"refresh\"}}}"}]}
RESULT: undefined
COMMAND: POST /session/4014c46da53de9d919a43de616e31eed/element - {"using":"xpath","value":"//*[@id=\"__button9-img\"]"}
RESULT: {"using":"xpath","value":"//*[@id=\"__button9-img\"]"}
COMMAND: POST /session/4014c46da53de9d919a43de616e31eed/element/f.936893D81E2E9803B5A63DB714104460.d.139D12242C79BACE64D3328A2DD91C57.e.1406/click - {}
RESULT: {}
COMMAND: GET /session/4014c46da53de9d919a43de616e31eed/screenshot - {}
RESULT: {}
COMMAND: POST /session/4014c46da53de9d919a43de616e31eed/execute/async - {"script":"<script> [1562 bytes]","args":[{"selector":{"id":"application-managecatalogs-display-component---masterCatalogItems--searchItemsField","interaction":{"idSuffix":"I"}},"wdio_ui5_key":"applicationmanagecatalogs-display-component---masterCatalogItems--searchItemsField"}]}
RESULT: {"script":"<script> [1562 bytes]","args":[{"selector":{"id":"application-managecatalogs-display-component---masterCatalogItems--searchItemsField","interaction":{"idSuffix":"I"}},"wdio_ui5_key":"applicationmanagecatalogs-display-component---masterCatalogItems--searchItemsField"}]}
RESULT: undefined
COMMAND: POST /session/4014c46da53de9d919a43de616e31eed/execute/async - {"script":"<script> [776 bytes]","args":[{"enterText":"catalogItemName8jjw7","selector":{"id":"application-managecatalogs-display-component---masterCatalogItems--searchItemsField","interaction":{"idSuffix":"I"}},"clearTextFirst":true,"interactionType":"ENTER_TEXT"}]}
RESULT: {"script":"<script> [776 bytes]","args":[{"enterText":"catalogItemName8jjw7","selector":{"id":"application-managecatalogs-display-component---masterCatalogItems--searchItemsField","interaction":{"idSuffix":"I"}},"clearTextFirst":true,"interactionType":"ENTER_TEXT"}]}
COMMAND: POST /session/4014c46da53de9d919a43de616e31eed/actions - {"actions":[{"id":"action5","type":"key","parameters":{},"actions":[{"type":"keyDown","value":""},{"type":"pause","duration":10},{"type":"keyUp","value":""}]}]}
RESULT: {"actions":[{"id":"action5","type":"key","parameters":{},"actions":[{"type":"keyDown","value":""},{"type":"pause","duration":10},{"type":"keyUp","value":""}]}]}
COMMAND: POST /session/4014c46da53de9d919a43de616e31eed/element - {"using":"xpath","value":"(//span[contains(text(), \"catalogItemName8jjw7\")])[1]"}
COMMAND: GET /session/4014c46da53de9d919a43de616e31eed/screenshot - {}
RESULT: {}
RESULT: {"using":"xpath","value":"(//span[contains(text(), \"catalogItemName8jjw7\")])[1]"}
COMMAND: POST /session/4014c46da53de9d919a43de616e31eed/element/f.936893D81E2E9803B5A63DB714104460.d.139D12242C79BACE64D3328A2DD91C57.e.1413/click - {}
RESULT: {}
COMMAND: GET /session/4014c46da53de9d919a43de616e31eed/screenshot - {}
RESULT: {}
COMMAND: POST /session/4014c46da53de9d919a43de616e31eed/element - {"using":"xpath","value":"//span[contains(text(), \"catalogItemthe02k\")]"}
RESULT: {"using":"xpath","value":"//span[contains(text(), \"catalogItemthe02k\")]"}
COMMAND: GET /session/4014c46da53de9d919a43de616e31eed/element/f.936893D81E2E9803B5A63DB714104460.d.139D12242C79BACE64D3328A2DD91C57.e.1467/text - {}
RESULT: {}
RESULT: undefined
COMMAND: POST /session/4014c46da53de9d919a43de616e31eed/element - {"using":"xpath","value":"//*[@id=\"__button33\"]"}
RESULT: {"using":"xpath","value":"//*[@id=\"__button33\"]"}
COMMAND: POST /session/4014c46da53de9d919a43de616e31eed/element/f.936893D81E2E9803B5A63DB714104460.d.139D12242C79BACE64D3328A2DD91C57.e.1476/click - {}
RESULT: {}
COMMAND: GET /session/4014c46da53de9d919a43de616e31eed/screenshot - {}
RESULT: {}
COMMAND: POST /session/4014c46da53de9d919a43de616e31eed/execute/async - {"script":"<script> [1562 bytes]","args":[{"selector":{"id":"application-managecatalogs-display-component---detailCatalog--BASE_UNIT_OF_MEASURE-arrow"},"wdio_ui5_key":"applicationmanagecatalogs-display-component---detailCatalog--BASE_UNIT_OF_MEASURE-arrow"}]}
RESULT: {"script":"<script> [1562 bytes]","args":[{"selector":{"id":"application-managecatalogs-display-component---detailCatalog--BASE_UNIT_OF_MEASURE-arrow"},"wdio_ui5_key":"applicationmanagecatalogs-display-component---detailCatalog--BASE_UNIT_OF_MEASURE-arrow"}]}
RESULT: undefined
COMMAND: POST /session/4014c46da53de9d919a43de616e31eed/element - {"using":"xpath","value":"//*[@id=\"application-managecatalogs-display-component---detailCatalog--BASE_UNIT_OF_MEASURE-arrow\"]"}
RESULT: {"using":"xpath","value":"//*[@id=\"application-managecatalogs-display-component---detailCatalog--BASE_UNIT_OF_MEASURE-arrow\"]"}
COMMAND: POST /session/4014c46da53de9d919a43de616e31eed/element/f.936893D81E2E9803B5A63DB714104460.d.139D12242C79BACE64D3328A2DD91C57.e.1504/click - {}
RESULT: {}
COMMAND: GET /session/4014c46da53de9d919a43de616e31eed/screenshot - {}
RESULT: {}
COMMAND: POST /session/4014c46da53de9d919a43de616e31eed/execute/async - {"script":"<script> [1562 bytes]","args":[{"selector":{"controlType":"sap.m.StandardListItem","viewName":"etm.portal.ui.managecatalogs.view.Detail","viewId":"application-managecatalogs-display-component---detailCatalog","properties":{"title":"Piece"},"searchOpenDialogs":true,"interaction":{"idSuffix":"titleText"}},"wdio_ui5_key":"etmportal.ui.managecatalogs.view.Detailsap.m.StandardListItem{\"title\":\"Piece\"}"}]}
RESULT: {"script":"<script> [1562 bytes]","args":[{"selector":{"controlType":"sap.m.StandardListItem","viewName":"etm.portal.ui.managecatalogs.view.Detail","viewId":"application-managecatalogs-display-component---detailCatalog","properties":{"title":"Piece"},"searchOpenDialogs":true,"interaction":{"idSuffix":"titleText"}},"wdio_ui5_key":"etmportal.ui.managecatalogs.view.Detailsap.m.StandardListItem{\"title\":\"Piece\"}"}]}
RESULT: undefined
COMMAND: POST /session/4014c46da53de9d919a43de616e31eed/element - {"using":"xpath","value":"//*[@id=\"__item220\"]"}
RESULT: {"using":"xpath","value":"//*[@id=\"__item220\"]"}
COMMAND: POST /session/4014c46da53de9d919a43de616e31eed/element/f.936893D81E2E9803B5A63DB714104460.d.139D12242C79BACE64D3328A2DD91C57.e.1508/click - {}
RESULT: {}
COMMAND: POST /session/4014c46da53de9d919a43de616e31eed/execute/async - {"script":"<script> [1562 bytes]","args":[{"selector":{"controlType":"sap.ui.core.Icon","viewName":"etm.portal.ui.managecatalogs.view.Detail","viewId":"application-managecatalogs-display-component---detailCatalog","properties":{"src":{"regex":{"source":"add"}}},"ancestor":{"controlType":"sap.m.Button","viewName":"etm.portal.ui.managecatalogs.view.Detail","viewId":"application-managecatalogs-display-component---detailCatalog","i18NText":{"propertyName":"tooltip","key":"addClass"}}},"wdio_ui5_key":"etmportal.ui.managecatalogs.view.Detailsap.ui.core.Icon{\"src\":{\"regex\":{\"source\":\"add\"}}}{\"controlType\":\"sap.m.Button\",\"viewName\":\"etm.portal.ui.managecatalogs.view.Detail\",\"viewId\":\"application-managecatalogs-display-component---detailCatalog\",\"i18NText\":{\"propertyName\":\"tooltip\",\"key\":\"addClass\"}}"}]}
COMMAND: GET /session/4014c46da53de9d919a43de616e31eed/screenshot - {}
RESULT: {"script":"<script> [1562 bytes]","args":[{"selector":{"controlType":"sap.ui.core.Icon","viewName":"etm.portal.ui.managecatalogs.view.Detail","viewId":"application-managecatalogs-display-component---detailCatalog","properties":{"src":{"regex":{"source":"add"}}},"ancestor":{"controlType":"sap.m.Button","viewName":"etm.portal.ui.managecatalogs.view.Detail","viewId":"application-managecatalogs-display-component---detailCatalog","i18NText":{"propertyName":"tooltip","key":"addClass"}}},"wdio_ui5_key":"etmportal.ui.managecatalogs.view.Detailsap.ui.core.Icon{\"src\":{\"regex\":{\"source\":\"add\"}}}{\"controlType\":\"sap.m.Button\",\"viewName\":\"etm.portal.ui.managecatalogs.view.Detail\",\"viewId\":\"application-managecatalogs-display-component---detailCatalog\",\"i18NText\":{\"propertyName\":\"tooltip\",\"key\":\"addClass\"}}"}]}
RESULT: undefined
COMMAND: POST /session/4014c46da53de9d919a43de616e31eed/element - {"using":"xpath","value":"//*[@id=\"__button39-img\"]"}
RESULT: {}
RESULT: {"using":"xpath","value":"//*[@id=\"__button39-img\"]"}
COMMAND: POST /session/4014c46da53de9d919a43de616e31eed/element/f.936893D81E2E9803B5A63DB714104460.d.139D12242C79BACE64D3328A2DD91C57.e.1509/click - {}
RESULT: {}
COMMAND: GET /session/4014c46da53de9d919a43de616e31eed/screenshot - {}
RESULT: {}
COMMAND: POST /session/4014c46da53de9d919a43de616e31eed/element - {"using":"xpath","value":"//input[contains(@id ,\"searchField-I\")]"}
RESULT: {"using":"xpath","value":"//input[contains(@id ,\"searchField-I\")]"}
COMMAND: POST /session/4014c46da53de9d919a43de616e31eed/element/f.936893D81E2E9803B5A63DB714104460.d.139D12242C79BACE64D3328A2DD91C57.e.1513/value - {"text":"WebdriverYardClassevr6dl"}
RESULT: {"text":"WebdriverYardClassevr6dl"}
COMMAND: POST /session/4014c46da53de9d919a43de616e31eed/actions - {"actions":[{"id":"action6","type":"key","parameters":{},"actions":[{"type":"keyDown","value":""},{"type":"pause","duration":10},{"type":"keyUp","value":""}]}]}
COMMAND: GET /session/4014c46da53de9d919a43de616e31eed/screenshot - {}
RESULT: {"actions":[{"id":"action6","type":"key","parameters":{},"actions":[{"type":"keyDown","value":""},{"type":"pause","duration":10},{"type":"keyUp","value":""}]}]}
COMMAND: GET /session/4014c46da53de9d919a43de616e31eed/screenshot - {}
RESULT: {}
RESULT: {}
COMMAND: POST /session/4014c46da53de9d919a43de616e31eed/element - {"using":"xpath","value":"//span[contains(text(), \"WebdriverYardClassevr6dl\")]"}
RESULT: {"using":"xpath","value":"//span[contains(text(), \"WebdriverYardClassevr6dl\")]"}
COMMAND: POST /session/4014c46da53de9d919a43de616e31eed/element/f.936893D81E2E9803B5A63DB714104460.d.139D12242C79BACE64D3328A2DD91C57.e.1546/click - {}
RESULT: {}
COMMAND: GET /session/4014c46da53de9d919a43de616e31eed/screenshot - {}
RESULT: {}
COMMAND: POST /session/4014c46da53de9d919a43de616e31eed/execute/async - {"script":"<script> [1562 bytes]","args":[{"selector":{"controlType":"sap.m.Button","viewName":"etm.portal.ui.managecatalogs.view.Detail","viewId":"application-managecatalogs-display-component---detailCatalog","properties":{"text":"Classification"},"interaction":{"idSuffix":"BDI-content"}},"wdio_ui5_key":"etmportal.ui.managecatalogs.view.Detailsap.m.Button{\"text\":\"Classification\"}"}]}
RESULT: {"script":"<script> [1562 bytes]","args":[{"selector":{"controlType":"sap.m.Button","viewName":"etm.portal.ui.managecatalogs.view.Detail","viewId":"application-managecatalogs-display-component---detailCatalog","properties":{"text":"Classification"},"interaction":{"idSuffix":"BDI-content"}},"wdio_ui5_key":"etmportal.ui.managecatalogs.view.Detailsap.m.Button{\"text\":\"Classification\"}"}]}
RESULT: undefined
COMMAND: POST /session/4014c46da53de9d919a43de616e31eed/element - {"using":"xpath","value":"//*[@id=\"application-managecatalogs-display-component---detailCatalog--ObjectPageLayout-anchBar-__section3-anchor\"]"}
RESULT: {"using":"xpath","value":"//*[@id=\"application-managecatalogs-display-component---detailCatalog--ObjectPageLayout-anchBar-__section3-anchor\"]"}
COMMAND: POST /session/4014c46da53de9d919a43de616e31eed/element/f.936893D81E2E9803B5A63DB714104460.d.139D12242C79BACE64D3328A2DD91C57.e.1551/click - {}
RESULT: {}
COMMAND: GET /session/4014c46da53de9d919a43de616e31eed/screenshot - {}
RESULT: {}
COMMAND: POST /session/4014c46da53de9d919a43de616e31eed/element - {"using":"xpath","value":"//span[contains(@id ,\"expandButton-img\")]"}
RESULT: {"using":"xpath","value":"//span[contains(@id ,\"expandButton-img\")]"}
COMMAND: POST /session/4014c46da53de9d919a43de616e31eed/element/f.936893D81E2E9803B5A63DB714104460.d.139D12242C79BACE64D3328A2DD91C57.e.1557/click - {}
RESULT: {}
COMMAND: POST /session/4014c46da53de9d919a43de616e31eed/execute/async - {"script":"<script> [1562 bytes]","args":[{"selector":{"controlType":"sap.m.CheckBox","viewName":"etm.portal.ui.managecatalogs.view.Detail","viewId":"application-managecatalogs-display-component---detailCatalog","bindingPath":{"path":"/data/0/PROPERTIES/0","propertyPath":"SELECTED","modelName":"classModel"},"interaction":{"idSuffix":"CbBg"}},"wdio_ui5_key":"etmportal.ui.managecatalogs.view.Detailsap.m.CheckBox{\"path\":\"/data/0/PROPERTIES/0\",\"propertyPath\":\"SELECTED\",\"modelName\":\"classModel\"}"}]}
COMMAND: GET /session/4014c46da53de9d919a43de616e31eed/screenshot - {}
RESULT: {"script":"<script> [1562 bytes]","args":[{"selector":{"controlType":"sap.m.CheckBox","viewName":"etm.portal.ui.managecatalogs.view.Detail","viewId":"application-managecatalogs-display-component---detailCatalog","bindingPath":{"path":"/data/0/PROPERTIES/0","propertyPath":"SELECTED","modelName":"classModel"},"interaction":{"idSuffix":"CbBg"}},"wdio_ui5_key":"etmportal.ui.managecatalogs.view.Detailsap.m.CheckBox{\"path\":\"/data/0/PROPERTIES/0\",\"propertyPath\":\"SELECTED\",\"modelName\":\"classModel\"}"}]}
RESULT: undefined
COMMAND: POST /session/4014c46da53de9d919a43de616e31eed/element - {"using":"xpath","value":"//*[@id=\"__box32\"]"}
RESULT: {}
RESULT: {"using":"xpath","value":"//*[@id=\"__box32\"]"}
COMMAND: POST /session/4014c46da53de9d919a43de616e31eed/element/f.936893D81E2E9803B5A63DB714104460.d.139D12242C79BACE64D3328A2DD91C57.e.1572/click - {}
RESULT: {}
RESULT: undefined
COMMAND: POST /session/4014c46da53de9d919a43de616e31eed/execute/async - {"script":"<script> [6424 bytes]","args":[{"element-6066-11e4-a52e-4f735466cecf":"f.936893D81E2E9803B5A63DB714104460.d.139D12242C79BACE64D3328A2DD91C57.e.1570"},"getSelected",[]]}
COMMAND: GET /session/4014c46da53de9d919a43de616e31eed/screenshot - {}
RESULT: {"script":"<script> [6424 bytes]","args":[{"element-6066-11e4-a52e-4f735466cecf":"f.936893D81E2E9803B5A63DB714104460.d.139D12242C79BACE64D3328A2DD91C57.e.1570"},"getSelected",[]]}
COMMAND: POST /session/4014c46da53de9d919a43de616e31eed/execute/async - {"script":"<script> [1562 bytes]","args":[{"selector":{"controlType":"sap.m.Button","viewName":"etm.portal.ui.managecatalogs.view.Detail","viewId":"application-managecatalogs-display-component---detailCatalog","i18NText":{"propertyName":"text","key":"save"},"interaction":{"idSuffix":"BDI-content"}},"wdio_ui5_key":"etmportal.ui.managecatalogs.view.Detailsap.m.Button{\"propertyName\":\"text\",\"key\":\"save\"}"}]}
RESULT: {}
RESULT: {"script":"<script> [1562 bytes]","args":[{"selector":{"controlType":"sap.m.Button","viewName":"etm.portal.ui.managecatalogs.view.Detail","viewId":"application-managecatalogs-display-component---detailCatalog","i18NText":{"propertyName":"text","key":"save"},"interaction":{"idSuffix":"BDI-content"}},"wdio_ui5_key":"etmportal.ui.managecatalogs.view.Detailsap.m.Button{\"propertyName\":\"text\",\"key\":\"save\"}"}]}
RESULT: undefined
COMMAND: POST /session/4014c46da53de9d919a43de616e31eed/element - {"using":"xpath","value":"//*[@id=\"__button51\"]"}
RESULT: {"using":"xpath","value":"//*[@id=\"__button51\"]"}
COMMAND: POST /session/4014c46da53de9d919a43de616e31eed/element/f.936893D81E2E9803B5A63DB714104460.d.139D12242C79BACE64D3328A2DD91C57.e.1478/click - {}
RESULT: {}
COMMAND: GET /session/4014c46da53de9d919a43de616e31eed/screenshot - {}
RESULT: {}
COMMAND: POST /session/4014c46da53de9d919a43de616e31eed/element - {"using":"css selector","value":"#shell-header-logo"}
RESULT: {"using":"css selector","value":"#shell-header-logo"}
COMMAND: POST /session/4014c46da53de9d919a43de616e31eed/element/f.936893D81E2E9803B5A63DB714104460.d.139D12242C79BACE64D3328A2DD91C57.e.1262/click - {}
RESULT: {}
COMMAND: GET /session/4014c46da53de9d919a43de616e31eed/screenshot - {}
RESULT: {}
]]></system-out>
    </testcase>
    <testcase classname="chrome.136_0_7103_93.windows.Manage_catalogs_-_yard_assignment_classification_US138930" name="Should verify if the catalog item is visible after selecting the yard" time="49.174">
      <system-out><![CDATA[
COMMAND: POST /session/4014c46da53de9d919a43de616e31eed/execute/async - {"script":"<script> [1562 bytes]","args":[{"selector":{"controlType":"sap.m.Text","properties":{"text":"Webshop"},"interaction":{"idSuffix":"inner"}},"wdio_ui5_key":"sapm.Text{\"text\":\"Webshop\"}"}]}
RESULT: {"script":"<script> [1562 bytes]","args":[{"selector":{"controlType":"sap.m.Text","properties":{"text":"Webshop"},"interaction":{"idSuffix":"inner"}},"wdio_ui5_key":"sapm.Text{\"text\":\"Webshop\"}"}]}
RESULT: undefined
COMMAND: POST /session/4014c46da53de9d919a43de616e31eed/element - {"using":"xpath","value":"//*[@id=\"__tile49-title\"]"}
RESULT: {"using":"xpath","value":"//*[@id=\"__tile49-title\"]"}
COMMAND: POST /session/4014c46da53de9d919a43de616e31eed/element/f.936893D81E2E9803B5A63DB714104460.d.139D12242C79BACE64D3328A2DD91C57.e.1605/click - {}
RESULT: {}
COMMAND: GET /session/4014c46da53de9d919a43de616e31eed/screenshot - {}
RESULT: {}
COMMAND: POST /session/4014c46da53de9d919a43de616e31eed/element - {"using":"css selector","value":"#requestCreationDialog--createRequestPopUp-title-inner"}
RESULT: {"using":"css selector","value":"#requestCreationDialog--createRequestPopUp-title-inner"}
COMMAND: POST /session/4014c46da53de9d919a43de616e31eed/execute/sync - {"script":"<script> [8489 bytes]","args":[{"element-6066-11e4-a52e-4f735466cecf":"f.936893D81E2E9803B5A63DB714104460.d.139D12242C79BACE64D3328A2DD91C57.e.1634","ELEMENT":"f.936893D81E2E9803B5A63DB714104460.d.139D12242C79BACE64D3328A2DD91C57.e.1634"}]}
RESULT: {"script":"<script> [8489 bytes]","args":[{"element-6066-11e4-a52e-4f735466cecf":"f.936893D81E2E9803B5A63DB714104460.d.139D12242C79BACE64D3328A2DD91C57.e.1634","ELEMENT":"f.936893D81E2E9803B5A63DB714104460.d.139D12242C79BACE64D3328A2DD91C57.e.1634"}]}
COMMAND: GET /session/4014c46da53de9d919a43de616e31eed/element/f.936893D81E2E9803B5A63DB714104460.d.139D12242C79BACE64D3328A2DD91C57.e.1634/enabled - {}
COMMAND: GET /session/4014c46da53de9d919a43de616e31eed/screenshot - {}
RESULT: {}
COMMAND: POST /session/4014c46da53de9d919a43de616e31eed/elements - {"using":"css selector","value":"#requestCreationDialog--createRequestPopUp-title-inner"}
COMMAND: GET /session/4014c46da53de9d919a43de616e31eed/screenshot - {}
RESULT: {}
RESULT: {"using":"css selector","value":"#requestCreationDialog--createRequestPopUp-title-inner"}
COMMAND: POST /session/4014c46da53de9d919a43de616e31eed/execute/async - {"script":"<script> [1562 bytes]","args":[{"selector":{"id":"requestCreationDialog--requestName","searchOpenDialogs":true,"interaction":{"idSuffix":"inner"}},"wdio_ui5_key":"requestCreationDialogrequestName"}]}
RESULT: {}
RESULT: {"script":"<script> [1562 bytes]","args":[{"selector":{"id":"requestCreationDialog--requestName","searchOpenDialogs":true,"interaction":{"idSuffix":"inner"}},"wdio_ui5_key":"requestCreationDialogrequestName"}]}
RESULT: undefined
COMMAND: POST /session/4014c46da53de9d919a43de616e31eed/execute/async - {"script":"<script> [776 bytes]","args":[{"enterText":"WebdriverTest","selector":{"id":"requestCreationDialog--requestName","searchOpenDialogs":true,"interaction":{"idSuffix":"inner"}},"clearTextFirst":true,"interactionType":"ENTER_TEXT"}]}
RESULT: {"script":"<script> [776 bytes]","args":[{"enterText":"WebdriverTest","selector":{"id":"requestCreationDialog--requestName","searchOpenDialogs":true,"interaction":{"idSuffix":"inner"}},"clearTextFirst":true,"interactionType":"ENTER_TEXT"}]}
COMMAND: POST /session/4014c46da53de9d919a43de616e31eed/element - {"using":"xpath","value":"//input[contains(@id ,\"requestCreationDialog--yardId-inner\")]"}
RESULT: {"using":"xpath","value":"//input[contains(@id ,\"requestCreationDialog--yardId-inner\")]"}
COMMAND: POST /session/4014c46da53de9d919a43de616e31eed/element/f.936893D81E2E9803B5A63DB714104460.d.139D12242C79BACE64D3328A2DD91C57.e.1623/clear - {}
RESULT: {}
COMMAND: POST /session/4014c46da53de9d919a43de616e31eed/element/f.936893D81E2E9803B5A63DB714104460.d.139D12242C79BACE64D3328A2DD91C57.e.1623/value - {"text":"101"}
COMMAND: GET /session/4014c46da53de9d919a43de616e31eed/screenshot - {}
RESULT: {"text":"101"}
COMMAND: GET /session/4014c46da53de9d919a43de616e31eed/screenshot - {}
RESULT: {}
RESULT: {}
COMMAND: POST /session/4014c46da53de9d919a43de616e31eed/execute/async - {"script":"<script> [1562 bytes]","args":[{"selector":{"id":"requestCreationDialog--okButton","searchOpenDialogs":true,"interaction":{"idSuffix":"BDI-content"}},"wdio_ui5_key":"requestCreationDialogokButton"}]}
RESULT: {"script":"<script> [1562 bytes]","args":[{"selector":{"id":"requestCreationDialog--okButton","searchOpenDialogs":true,"interaction":{"idSuffix":"BDI-content"}},"wdio_ui5_key":"requestCreationDialogokButton"}]}
RESULT: undefined
COMMAND: POST /session/4014c46da53de9d919a43de616e31eed/element - {"using":"xpath","value":"//*[@id=\"requestCreationDialog--okButton\"]"}
RESULT: {"using":"xpath","value":"//*[@id=\"requestCreationDialog--okButton\"]"}
COMMAND: POST /session/4014c46da53de9d919a43de616e31eed/element/f.936893D81E2E9803B5A63DB714104460.d.139D12242C79BACE64D3328A2DD91C57.e.1639/click - {}
RESULT: {}
COMMAND: GET /session/4014c46da53de9d919a43de616e31eed/screenshot - {}
RESULT: {}
COMMAND: POST /session/4014c46da53de9d919a43de616e31eed/element - {"using":"xpath","value":"//input[contains(@id ,\"searchFiledId-I\")]"}
RESULT: {"using":"xpath","value":"//input[contains(@id ,\"searchFiledId-I\")]"}
COMMAND: POST /session/4014c46da53de9d919a43de616e31eed/element/f.936893D81E2E9803B5A63DB714104460.d.139D12242C79BACE64D3328A2DD91C57.e.1611/value - {"text":"catalogItemthe02k"}
RESULT: {"text":"catalogItemthe02k"}
COMMAND: POST /session/4014c46da53de9d919a43de616e31eed/actions - {"actions":[{"id":"action7","type":"key","parameters":{},"actions":[{"type":"keyDown","value":""},{"type":"pause","duration":10},{"type":"keyUp","value":""}]}]}
COMMAND: GET /session/4014c46da53de9d919a43de616e31eed/screenshot - {}
RESULT: {"actions":[{"id":"action7","type":"key","parameters":{},"actions":[{"type":"keyDown","value":""},{"type":"pause","duration":10},{"type":"keyUp","value":""}]}]}
COMMAND: GET /session/4014c46da53de9d919a43de616e31eed/screenshot - {}
RESULT: {}
RESULT: {}
COMMAND: POST /session/4014c46da53de9d919a43de616e31eed/element - {"using":"xpath","value":"//span[contains(@id ,\"subTitle\")][contains(text(), \"catalogItemthe02k\")]"}
RESULT: {"using":"xpath","value":"//span[contains(@id ,\"subTitle\")][contains(text(), \"catalogItemthe02k\")]"}
COMMAND: POST /session/4014c46da53de9d919a43de616e31eed/element - {"using":"xpath","value":"//span[contains(@id ,\"subTitle\")][contains(text(), \"catalogItemthe02k\")]"}
RESULT: {"using":"xpath","value":"//span[contains(@id ,\"subTitle\")][contains(text(), \"catalogItemthe02k\")]"}
COMMAND: POST /session/4014c46da53de9d919a43de616e31eed/execute/async - {"script":"<script> [1562 bytes]","args":[{"selector":{"controlType":"sap.tnt.NavigationListItem","viewName":"etm.portal.ui.webshop.view.Homepage","i18NText":{"propertyName":"text","key":"exit"},"interaction":{"idSuffix":"a"}},"wdio_ui5_key":"etmportal.ui.webshop.view.Homepagesap.tnt.NavigationListItem{\"propertyName\":\"text\",\"key\":\"exit\"}"}]}
RESULT: {"script":"<script> [1562 bytes]","args":[{"selector":{"controlType":"sap.tnt.NavigationListItem","viewName":"etm.portal.ui.webshop.view.Homepage","i18NText":{"propertyName":"text","key":"exit"},"interaction":{"idSuffix":"a"}},"wdio_ui5_key":"etmportal.ui.webshop.view.Homepagesap.tnt.NavigationListItem{\"propertyName\":\"text\",\"key\":\"exit\"}"}]}
RESULT: undefined
COMMAND: POST /session/4014c46da53de9d919a43de616e31eed/element - {"using":"xpath","value":"//*[@id=\"__item280\"]"}
RESULT: {"using":"xpath","value":"//*[@id=\"__item280\"]"}
COMMAND: POST /session/4014c46da53de9d919a43de616e31eed/element/f.936893D81E2E9803B5A63DB714104460.d.139D12242C79BACE64D3328A2DD91C57.e.1647/click - {}
RESULT: {}
]]></system-out>
    </testcase>
  </testsuite>
  <testsuite timestamp="2025-05-24T15:54:03" time="297.537" tests="1" failures="0" errors="0" skipped="0">
    <properties>
      <property name="specId" value="0"/>
      <property name="suiteName" value="Catalogs section"/>
      <property name="capabilities" value="chrome.136_0_7103_93.windows"/>
      <property name="file" value="file:///D:/a/1/s/test/specs/R2C/manage-catalogs-values-section.spec.js"/>
    </properties>
    <testcase classname="chrome.136_0_7103_93.windows.Catalogs_section" name="Should add values to a catalog item" time="297.532">
      <system-out><![CDATA[
COMMAND: POST /session/4014c46da53de9d919a43de616e31eed/element - {"using":"xpath","value":"//span[contains(@id ,\"requestCreationDialog--createRequestPopUp-title-inner\")]"}
COMMAND: GET /session/4014c46da53de9d919a43de616e31eed/screenshot - {}
RESULT: {"using":"xpath","value":"//span[contains(@id ,\"requestCreationDialog--createRequestPopUp-title-inner\")]"}
COMMAND: POST /session/4014c46da53de9d919a43de616e31eed/elements - {"using":"xpath","value":"//span[contains(@id ,\"requestCreationDialog--createRequestPopUp-title-inner\")]"}
RESULT: {}
RESULT: {"using":"xpath","value":"//span[contains(@id ,\"requestCreationDialog--createRequestPopUp-title-inner\")]"}
COMMAND: POST /session/4014c46da53de9d919a43de616e31eed/execute/async - {"script":"<script> [1562 bytes]","args":[{"selector":{"controlType":"sap.m.GenericTile","properties":{"header":"Manage Catalogs"}},"wdio_ui5_key":"sapm.GenericTile{\"header\":\"Manage Catalogs\"}"}]}
RESULT: {"script":"<script> [1562 bytes]","args":[{"selector":{"controlType":"sap.m.GenericTile","properties":{"header":"Manage Catalogs"}},"wdio_ui5_key":"sapm.GenericTile{\"header\":\"Manage Catalogs\"}"}]}
RESULT: undefined
COMMAND: POST /session/4014c46da53de9d919a43de616e31eed/element - {"using":"xpath","value":"//*[@id=\"__tile37\"]"}
RESULT: {"using":"xpath","value":"//*[@id=\"__tile37\"]"}
COMMAND: POST /session/4014c46da53de9d919a43de616e31eed/element/f.936893D81E2E9803B5A63DB714104460.d.139D12242C79BACE64D3328A2DD91C57.e.1652/click - {}
RESULT: {}
COMMAND: GET /session/4014c46da53de9d919a43de616e31eed/screenshot - {}
RESULT: {}
COMMAND: POST /session/4014c46da53de9d919a43de616e31eed/elements - {"using":"xpath","value":"//span[text()='Error']"}
RESULT: {"using":"xpath","value":"//span[text()='Error']"}
COMMAND: POST /session/4014c46da53de9d919a43de616e31eed/refresh - {}
RESULT: {}
COMMAND: GET /session/4014c46da53de9d919a43de616e31eed/screenshot - {}
RESULT: {}
COMMAND: POST /session/4014c46da53de9d919a43de616e31eed/execute/async - {"script":"<script> [189 bytes]","args":[]}
RESULT: {"script":"<script> [189 bytes]","args":[]}
COMMAND: POST /session/4014c46da53de9d919a43de616e31eed/execute/async - {"script":"<script> [123 bytes]","args":[]}
RESULT: {"script":"<script> [123 bytes]","args":[]}
COMMAND: POST /session/4014c46da53de9d919a43de616e31eed/timeouts - {"script":"<number>"}
RESULT: {"script":"<number>"}
COMMAND: GET /session/4014c46da53de9d919a43de616e31eed/timeouts - {}
RESULT: {}
RESULT: undefined
COMMAND: POST /session/4014c46da53de9d919a43de616e31eed/execute/async - {"script":"<script> [2676 bytes]","args":[]}
RESULT: {"script":"<script> [2676 bytes]","args":[]}
COMMAND: POST /session/4014c46da53de9d919a43de616e31eed/execute/async - {"script":"<script> [2342 bytes]","args":[{"protocol":"http","hostname":"0.0.0.0","path":"/","capabilities":{"browserName":"chrome","goog:chromeOptions":{"binary":"C:\\Program Files\\Google\\Chrome\\Application\\chrome.exe","args":["--start-maximized"]}},"logLevel":"warn","connectionRetryTimeout":120000,"connectionRetryCount":3,"logLevels":{},"enableDirectConnect":true,"strictSSL":true,"_":"65 more keys: [\"cacheDir\",\"port\",\"requestedCapabilities\",\"automationProtocol\",\"baseUrl\",\"waitforInterval\",\"waitforTimeout\",\"onReload\",\"beforeCommand\",\"afterCommand\",\"rootDir\",\"specs\",\"suites\",\"exclude\",\"groupLogsByTestSpec\",\"excludeDriverLogs\",\"bail\",\"framework\",\"reporters\",\"services\",\"maxInstances\",\"maxInstancesPerCapability\",\"injectGlobals\",\"filesToWatch\",\"execArgv\",\"runnerEnv\",\"runner\",\"shard\",\"specFileRetries\",\"specFileRetriesDelay\",\"specFileRetriesDeferred\",\"reporterSyncInterval\",\"reporterSyncTimeout\",\"cucumberFeaturesWithLineNumbers\",\"autoCompileOpts\",\"mochaOpts\",\"jasmineOpts\",\"cucumberOpts\",\"onPrepare\",\"onWorkerStart\",\"onWorkerEnd\",\"before\",\"beforeSession\",\"beforeSuite\",\"beforeHook\",\"beforeTest\",\"afterTest\",\"afterHook\",\"afterSuite\",\"afterSession\",\"after\",\"onComplete\",\"beforeAssertion\",\"afterAssertion\",\"beforeFeature\",\"beforeScenario\",\"beforeStep\",\"afterStep\",\"afterScenario\",\"afterFeature\",\"_\",\"suite\",\"$0\",\"ignoredWorkerServices\",\"wdi5\"]"}]}
RESULT: {"script":"<script> [2342 bytes]","args":[{"protocol":"http","hostname":"0.0.0.0","path":"/","capabilities":{"browserName":"chrome","goog:chromeOptions":{"binary":"C:\\Program Files\\Google\\Chrome\\Application\\chrome.exe","args":["--start-maximized"]}},"logLevel":"warn","connectionRetryTimeout":120000,"connectionRetryCount":3,"logLevels":{},"enableDirectConnect":true,"strictSSL":true,"_":"65 more keys: [\"cacheDir\",\"port\",\"requestedCapabilities\",\"automationProtocol\",\"baseUrl\",\"waitforInterval\",\"waitforTimeout\",\"onReload\",\"beforeCommand\",\"afterCommand\",\"rootDir\",\"specs\",\"suites\",\"exclude\",\"groupLogsByTestSpec\",\"excludeDriverLogs\",\"bail\",\"framework\",\"reporters\",\"services\",\"maxInstances\",\"maxInstancesPerCapability\",\"injectGlobals\",\"filesToWatch\",\"execArgv\",\"runnerEnv\",\"runner\",\"shard\",\"specFileRetries\",\"specFileRetriesDelay\",\"specFileRetriesDeferred\",\"reporterSyncInterval\",\"reporterSyncTimeout\",\"cucumberFeaturesWithLineNumbers\",\"autoCompileOpts\",\"mochaOpts\",\"jasmineOpts\",\"cucumberOpts\",\"onPrepare\",\"onWorkerStart\",\"onWorkerEnd\",\"before\",\"beforeSession\",\"beforeSuite\",\"beforeHook\",\"beforeTest\",\"afterTest\",\"afterHook\",\"afterSuite\",\"afterSession\",\"after\",\"onComplete\",\"beforeAssertion\",\"afterAssertion\",\"beforeFeature\",\"beforeScenario\",\"beforeStep\",\"afterStep\",\"afterScenario\",\"afterFeature\",\"_\",\"suite\",\"$0\",\"ignoredWorkerServices\",\"wdi5\"]"}]}
COMMAND: POST /session/4014c46da53de9d919a43de616e31eed/execute/async - {"script":"<script> [21126 bytes]","args":[35000]}
RESULT: {"script":"<script> [21126 bytes]","args":[35000]}
COMMAND: POST /session/4014c46da53de9d919a43de616e31eed/element - {"using":"xpath","value":"//span[contains(text(), \"Webshop Catalog\")][contains(@id ,\"masterCatalogs\")]"}
RESULT: {"using":"xpath","value":"//span[contains(text(), \"Webshop Catalog\")][contains(@id ,\"masterCatalogs\")]"}
COMMAND: POST /session/4014c46da53de9d919a43de616e31eed/element/f.936893D81E2E9803B5A63DB714104460.d.654C85476660B6D6CD84F78B8E91969B.e.1752/click - {}
RESULT: {}
COMMAND: GET /session/4014c46da53de9d919a43de616e31eed/screenshot - {}
RESULT: {}
COMMAND: POST /session/4014c46da53de9d919a43de616e31eed/element - {"using":"xpath","value":"//input[contains(@id ,\"application-managecatalogs-display-component---masterCatalogItems--searchItemsField-I\")]"}
RESULT: {"using":"xpath","value":"//input[contains(@id ,\"application-managecatalogs-display-component---masterCatalogItems--searchItemsField-I\")]"}
COMMAND: POST /session/4014c46da53de9d919a43de616e31eed/element/f.936893D81E2E9803B5A63DB714104460.d.654C85476660B6D6CD84F78B8E91969B.e.1761/value - {"text":"SecondSectionafz5e"}
RESULT: {"text":"SecondSectionafz5e"}
COMMAND: POST /session/4014c46da53de9d919a43de616e31eed/actions - {"actions":[{"id":"action8","type":"key","parameters":{},"actions":[{"type":"keyDown","value":""},{"type":"pause","duration":10},{"type":"keyUp","value":""}]}]}
COMMAND: GET /session/4014c46da53de9d919a43de616e31eed/screenshot - {}
RESULT: {"actions":[{"id":"action8","type":"key","parameters":{},"actions":[{"type":"keyDown","value":""},{"type":"pause","duration":10},{"type":"keyUp","value":""}]}]}
COMMAND: GET /session/4014c46da53de9d919a43de616e31eed/screenshot - {}
RESULT: {}
RESULT: {}
COMMAND: POST /session/4014c46da53de9d919a43de616e31eed/element - {"using":"xpath","value":"(//span[contains(text(), \"SecondSectionafz5e\")])[1]"}
RESULT: {"using":"xpath","value":"(//span[contains(text(), \"SecondSectionafz5e\")])[1]"}
COMMAND: POST /session/4014c46da53de9d919a43de616e31eed/element/f.936893D81E2E9803B5A63DB714104460.d.654C85476660B6D6CD84F78B8E91969B.e.1767/click - {}
RESULT: {}
COMMAND: POST /session/4014c46da53de9d919a43de616e31eed/execute/async - {"script":"<script> [1562 bytes]","args":[{"selector":{"controlType":"sap.m.Button","viewName":"etm.portal.ui.managecatalogs.view.Detail","viewId":"application-managecatalogs-display-component---detailCatalog","i18NText":{"propertyName":"text","key":"edit"},"interaction":{"idSuffix":"BDI-content"}},"wdio_ui5_key":"etmportal.ui.managecatalogs.view.Detailsap.m.Button{\"propertyName\":\"text\",\"key\":\"edit\"}"}]}
COMMAND: GET /session/4014c46da53de9d919a43de616e31eed/screenshot - {}
RESULT: {"script":"<script> [1562 bytes]","args":[{"selector":{"controlType":"sap.m.Button","viewName":"etm.portal.ui.managecatalogs.view.Detail","viewId":"application-managecatalogs-display-component---detailCatalog","i18NText":{"propertyName":"text","key":"edit"},"interaction":{"idSuffix":"BDI-content"}},"wdio_ui5_key":"etmportal.ui.managecatalogs.view.Detailsap.m.Button{\"propertyName\":\"text\",\"key\":\"edit\"}"}]}
RESULT: undefined
COMMAND: POST /session/4014c46da53de9d919a43de616e31eed/element - {"using":"xpath","value":"//*[@id=\"__button33\"]"}
RESULT: {}
RESULT: {"using":"xpath","value":"//*[@id=\"__button33\"]"}
COMMAND: POST /session/4014c46da53de9d919a43de616e31eed/element/f.936893D81E2E9803B5A63DB714104460.d.654C85476660B6D6CD84F78B8E91969B.e.1830/click - {}
RESULT: {}
COMMAND: POST /session/4014c46da53de9d919a43de616e31eed/execute/async - {"script":"<script> [1562 bytes]","args":[{"selector":{"controlType":"sap.ui.core.Icon","viewName":"etm.portal.ui.managecatalogs.view.Detail","viewId":"application-managecatalogs-display-component---detailCatalog","properties":{"src":{"regex":{"source":"add\\-document"}}}},"wdio_ui5_key":"etmportal.ui.managecatalogs.view.Detailsap.ui.core.Icon{\"src\":{\"regex\":{\"source\":\"add\\\\-document\"}}}"}]}
COMMAND: GET /session/4014c46da53de9d919a43de616e31eed/screenshot - {}
RESULT: {"script":"<script> [1562 bytes]","args":[{"selector":{"controlType":"sap.ui.core.Icon","viewName":"etm.portal.ui.managecatalogs.view.Detail","viewId":"application-managecatalogs-display-component---detailCatalog","properties":{"src":{"regex":{"source":"add\\-document"}}}},"wdio_ui5_key":"etmportal.ui.managecatalogs.view.Detailsap.ui.core.Icon{\"src\":{\"regex\":{\"source\":\"add\\\\-document\"}}}"}]}
RESULT: undefined
COMMAND: POST /session/4014c46da53de9d919a43de616e31eed/element - {"using":"xpath","value":"//*[@id=\"__button42-img\"]"}
RESULT: {}
RESULT: {"using":"xpath","value":"//*[@id=\"__button42-img\"]"}
COMMAND: POST /session/4014c46da53de9d919a43de616e31eed/element/f.936893D81E2E9803B5A63DB714104460.d.654C85476660B6D6CD84F78B8E91969B.e.1838/click - {}
RESULT: {}
COMMAND: POST /session/4014c46da53de9d919a43de616e31eed/execute/async - {"script":"<script> [1562 bytes]","args":[{"selector":{"id":"application-managecatalogs-display-component---detailCatalog--newItemNumberInput","searchOpenDialogs":true,"interaction":{"idSuffix":"inner"}},"wdio_ui5_key":"applicationmanagecatalogs-display-component---detailCatalog--newItemNumberInput"}]}
COMMAND: GET /session/4014c46da53de9d919a43de616e31eed/screenshot - {}
RESULT: {"script":"<script> [1562 bytes]","args":[{"selector":{"id":"application-managecatalogs-display-component---detailCatalog--newItemNumberInput","searchOpenDialogs":true,"interaction":{"idSuffix":"inner"}},"wdio_ui5_key":"applicationmanagecatalogs-display-component---detailCatalog--newItemNumberInput"}]}
RESULT: undefined
COMMAND: POST /session/4014c46da53de9d919a43de616e31eed/execute/async - {"script":"<script> [776 bytes]","args":[{"enterText":"catalogItem1xwg1","selector":{"id":"application-managecatalogs-display-component---detailCatalog--newItemNumberInput","searchOpenDialogs":true,"interaction":{"idSuffix":"inner"}},"clearTextFirst":true,"interactionType":"ENTER_TEXT"}]}
RESULT: {}
RESULT: {"script":"<script> [776 bytes]","args":[{"enterText":"catalogItem1xwg1","selector":{"id":"application-managecatalogs-display-component---detailCatalog--newItemNumberInput","searchOpenDialogs":true,"interaction":{"idSuffix":"inner"}},"clearTextFirst":true,"interactionType":"ENTER_TEXT"}]}
COMMAND: POST /session/4014c46da53de9d919a43de616e31eed/execute/async - {"script":"<script> [1562 bytes]","args":[{"selector":{"controlType":"sap.m.Input","viewName":"etm.portal.ui.managecatalogs.view.Detail","viewId":"application-managecatalogs-display-component---detailCatalog","bindingPath":{"path":"","propertyPath":"/DESCRIPTION"},"searchOpenDialogs":true,"interaction":{"idSuffix":"inner"}},"wdio_ui5_key":"etmportal.ui.managecatalogs.view.Detailsap.m.Input{\"path\":\"\",\"propertyPath\":\"/DESCRIPTION\"}"}]}
RESULT: {"script":"<script> [1562 bytes]","args":[{"selector":{"controlType":"sap.m.Input","viewName":"etm.portal.ui.managecatalogs.view.Detail","viewId":"application-managecatalogs-display-component---detailCatalog","bindingPath":{"path":"","propertyPath":"/DESCRIPTION"},"searchOpenDialogs":true,"interaction":{"idSuffix":"inner"}},"wdio_ui5_key":"etmportal.ui.managecatalogs.view.Detailsap.m.Input{\"path\":\"\",\"propertyPath\":\"/DESCRIPTION\"}"}]}
RESULT: undefined
COMMAND: POST /session/4014c46da53de9d919a43de616e31eed/execute/async - {"script":"<script> [776 bytes]","args":[{"enterText":"catalogItemName7p3o2","selector":{"controlType":"sap.m.Input","viewName":"etm.portal.ui.managecatalogs.view.Detail","viewId":"application-managecatalogs-display-component---detailCatalog","bindingPath":{"path":"","propertyPath":"/DESCRIPTION"},"searchOpenDialogs":true,"interaction":{"idSuffix":"inner"}},"clearTextFirst":true,"interactionType":"ENTER_TEXT"}]}
RESULT: {"script":"<script> [776 bytes]","args":[{"enterText":"catalogItemName7p3o2","selector":{"controlType":"sap.m.Input","viewName":"etm.portal.ui.managecatalogs.view.Detail","viewId":"application-managecatalogs-display-component---detailCatalog","bindingPath":{"path":"","propertyPath":"/DESCRIPTION"},"searchOpenDialogs":true,"interaction":{"idSuffix":"inner"}},"clearTextFirst":true,"interactionType":"ENTER_TEXT"}]}
COMMAND: POST /session/4014c46da53de9d919a43de616e31eed/execute/async - {"script":"<script> [1562 bytes]","args":[{"selector":{"controlType":"sap.m.Button","viewName":"etm.portal.ui.managecatalogs.view.Detail","viewId":"application-managecatalogs-display-component---detailCatalog","i18NText":{"propertyName":"text","key":"create"},"searchOpenDialogs":true,"interaction":{"idSuffix":"BDI-content"}},"wdio_ui5_key":"etmportal.ui.managecatalogs.view.Detailsap.m.Button{\"propertyName\":\"text\",\"key\":\"create\"}"}]}
RESULT: {"script":"<script> [1562 bytes]","args":[{"selector":{"controlType":"sap.m.Button","viewName":"etm.portal.ui.managecatalogs.view.Detail","viewId":"application-managecatalogs-display-component---detailCatalog","i18NText":{"propertyName":"text","key":"create"},"searchOpenDialogs":true,"interaction":{"idSuffix":"BDI-content"}},"wdio_ui5_key":"etmportal.ui.managecatalogs.view.Detailsap.m.Button{\"propertyName\":\"text\",\"key\":\"create\"}"}]}
RESULT: undefined
COMMAND: POST /session/4014c46da53de9d919a43de616e31eed/element - {"using":"xpath","value":"//*[@id=\"__button17\"]"}
RESULT: {"using":"xpath","value":"//*[@id=\"__button17\"]"}
COMMAND: POST /session/4014c46da53de9d919a43de616e31eed/element/f.936893D81E2E9803B5A63DB714104460.d.654C85476660B6D6CD84F78B8E91969B.e.1849/click - {}
RESULT: {}
COMMAND: GET /session/4014c46da53de9d919a43de616e31eed/screenshot - {}
RESULT: {}
COMMAND: POST /session/4014c46da53de9d919a43de616e31eed/element - {"using":"xpath","value":"//button[@title=\"Save\"]"}
RESULT: {"using":"xpath","value":"//button[@title=\"Save\"]"}
COMMAND: POST /session/4014c46da53de9d919a43de616e31eed/element/f.936893D81E2E9803B5A63DB714104460.d.654C85476660B6D6CD84F78B8E91969B.e.1850/click - {}
RESULT: {}
COMMAND: GET /session/4014c46da53de9d919a43de616e31eed/screenshot - {}
RESULT: {}
COMMAND: POST /session/4014c46da53de9d919a43de616e31eed/execute/async - {"script":"<script> [1562 bytes]","args":[{"selector":{"controlType":"sap.ui.core.Icon","viewName":"etm.portal.ui.managecatalogs.view.Detail","viewId":"application-managecatalogs-display-component---detailCatalog","properties":{"src":{"regex":{"source":"decline"}}}},"wdio_ui5_key":"etmportal.ui.managecatalogs.view.Detailsap.ui.core.Icon{\"src\":{\"regex\":{\"source\":\"decline\"}}}"}]}
RESULT: {"script":"<script> [1562 bytes]","args":[{"selector":{"controlType":"sap.ui.core.Icon","viewName":"etm.portal.ui.managecatalogs.view.Detail","viewId":"application-managecatalogs-display-component---detailCatalog","properties":{"src":{"regex":{"source":"decline"}}}},"wdio_ui5_key":"etmportal.ui.managecatalogs.view.Detailsap.ui.core.Icon{\"src\":{\"regex\":{\"source\":\"decline\"}}}"}]}
RESULT: undefined
COMMAND: POST /session/4014c46da53de9d919a43de616e31eed/element - {"using":"xpath","value":"//*[@id=\"__button36-img\"]"}
RESULT: {"using":"xpath","value":"//*[@id=\"__button36-img\"]"}
COMMAND: POST /session/4014c46da53de9d919a43de616e31eed/element/f.936893D81E2E9803B5A63DB714104460.d.654C85476660B6D6CD84F78B8E91969B.e.1856/click - {}
RESULT: {}
COMMAND: GET /session/4014c46da53de9d919a43de616e31eed/screenshot - {}
RESULT: {}
COMMAND: POST /session/4014c46da53de9d919a43de616e31eed/execute/async - {"script":"<script> [1562 bytes]","args":[{"selector":{"controlType":"sap.ui.core.Icon","viewName":"etm.portal.ui.managecatalogs.view.MasterItems","viewId":"application-managecatalogs-display-component---masterCatalogItems","properties":{"src":{"regex":{"source":"refresh"}}}},"wdio_ui5_key":"etmportal.ui.managecatalogs.view.MasterItemssap.ui.core.Icon{\"src\":{\"regex\":{\"source\":\"refresh\"}}}"}]}
RESULT: {"script":"<script> [1562 bytes]","args":[{"selector":{"controlType":"sap.ui.core.Icon","viewName":"etm.portal.ui.managecatalogs.view.MasterItems","viewId":"application-managecatalogs-display-component---masterCatalogItems","properties":{"src":{"regex":{"source":"refresh"}}}},"wdio_ui5_key":"etmportal.ui.managecatalogs.view.MasterItemssap.ui.core.Icon{\"src\":{\"regex\":{\"source\":\"refresh\"}}}"}]}
RESULT: undefined
COMMAND: POST /session/4014c46da53de9d919a43de616e31eed/element - {"using":"xpath","value":"//*[@id=\"__button9-img\"]"}
RESULT: {"using":"xpath","value":"//*[@id=\"__button9-img\"]"}
COMMAND: POST /session/4014c46da53de9d919a43de616e31eed/element/f.936893D81E2E9803B5A63DB714104460.d.654C85476660B6D6CD84F78B8E91969B.e.1890/click - {}
RESULT: {}
COMMAND: GET /session/4014c46da53de9d919a43de616e31eed/screenshot - {}
RESULT: {}
COMMAND: POST /session/4014c46da53de9d919a43de616e31eed/execute/async - {"script":"<script> [1562 bytes]","args":[{"selector":{"id":"application-managecatalogs-display-component---masterCatalogItems--searchItemsField","interaction":{"idSuffix":"I"}},"wdio_ui5_key":"applicationmanagecatalogs-display-component---masterCatalogItems--searchItemsField"}]}
RESULT: {"script":"<script> [1562 bytes]","args":[{"selector":{"id":"application-managecatalogs-display-component---masterCatalogItems--searchItemsField","interaction":{"idSuffix":"I"}},"wdio_ui5_key":"applicationmanagecatalogs-display-component---masterCatalogItems--searchItemsField"}]}
RESULT: undefined
COMMAND: POST /session/4014c46da53de9d919a43de616e31eed/execute/async - {"script":"<script> [776 bytes]","args":[{"enterText":"catalogItemName7p3o2","selector":{"id":"application-managecatalogs-display-component---masterCatalogItems--searchItemsField","interaction":{"idSuffix":"I"}},"clearTextFirst":true,"interactionType":"ENTER_TEXT"}]}
RESULT: {"script":"<script> [776 bytes]","args":[{"enterText":"catalogItemName7p3o2","selector":{"id":"application-managecatalogs-display-component---masterCatalogItems--searchItemsField","interaction":{"idSuffix":"I"}},"clearTextFirst":true,"interactionType":"ENTER_TEXT"}]}
COMMAND: POST /session/4014c46da53de9d919a43de616e31eed/actions - {"actions":[{"id":"action9","type":"key","parameters":{},"actions":[{"type":"keyDown","value":""},{"type":"pause","duration":10},{"type":"keyUp","value":""}]}]}
RESULT: {"actions":[{"id":"action9","type":"key","parameters":{},"actions":[{"type":"keyDown","value":""},{"type":"pause","duration":10},{"type":"keyUp","value":""}]}]}
COMMAND: POST /session/4014c46da53de9d919a43de616e31eed/element - {"using":"xpath","value":"(//span[contains(text(), \"catalogItemName7p3o2\")])[1]"}
COMMAND: GET /session/4014c46da53de9d919a43de616e31eed/screenshot - {}
RESULT: {"using":"xpath","value":"(//span[contains(text(), \"catalogItemName7p3o2\")])[1]"}
COMMAND: POST /session/4014c46da53de9d919a43de616e31eed/element/f.936893D81E2E9803B5A63DB714104460.d.654C85476660B6D6CD84F78B8E91969B.e.1897/click - {}
RESULT: {}
RESULT: {}
COMMAND: GET /session/4014c46da53de9d919a43de616e31eed/screenshot - {}
RESULT: {}
COMMAND: POST /session/4014c46da53de9d919a43de616e31eed/element - {"using":"xpath","value":"//span[contains(text(), \"catalogItem1xwg1\")]"}
RESULT: {"using":"xpath","value":"//span[contains(text(), \"catalogItem1xwg1\")]"}
COMMAND: GET /session/4014c46da53de9d919a43de616e31eed/element/f.936893D81E2E9803B5A63DB714104460.d.654C85476660B6D6CD84F78B8E91969B.e.1950/text - {}
RESULT: {}
RESULT: undefined
COMMAND: POST /session/4014c46da53de9d919a43de616e31eed/element - {"using":"xpath","value":"//*[@id=\"__button33\"]"}
RESULT: {"using":"xpath","value":"//*[@id=\"__button33\"]"}
COMMAND: POST /session/4014c46da53de9d919a43de616e31eed/element/f.936893D81E2E9803B5A63DB714104460.d.654C85476660B6D6CD84F78B8E91969B.e.1960/click - {}
RESULT: {}
COMMAND: GET /session/4014c46da53de9d919a43de616e31eed/screenshot - {}
RESULT: {}
COMMAND: POST /session/4014c46da53de9d919a43de616e31eed/execute/async - {"script":"<script> [1562 bytes]","args":[{"selector":{"id":"application-managecatalogs-display-component---detailCatalog--BASE_UNIT_OF_MEASURE-arrow"},"wdio_ui5_key":"applicationmanagecatalogs-display-component---detailCatalog--BASE_UNIT_OF_MEASURE-arrow"}]}
RESULT: {"script":"<script> [1562 bytes]","args":[{"selector":{"id":"application-managecatalogs-display-component---detailCatalog--BASE_UNIT_OF_MEASURE-arrow"},"wdio_ui5_key":"applicationmanagecatalogs-display-component---detailCatalog--BASE_UNIT_OF_MEASURE-arrow"}]}
RESULT: undefined
COMMAND: POST /session/4014c46da53de9d919a43de616e31eed/element - {"using":"xpath","value":"//*[@id=\"application-managecatalogs-display-component---detailCatalog--BASE_UNIT_OF_MEASURE-arrow\"]"}
RESULT: {"using":"xpath","value":"//*[@id=\"application-managecatalogs-display-component---detailCatalog--BASE_UNIT_OF_MEASURE-arrow\"]"}
COMMAND: POST /session/4014c46da53de9d919a43de616e31eed/element/f.936893D81E2E9803B5A63DB714104460.d.654C85476660B6D6CD84F78B8E91969B.e.1988/click - {}
RESULT: {}
COMMAND: GET /session/4014c46da53de9d919a43de616e31eed/screenshot - {}
RESULT: {}
COMMAND: POST /session/4014c46da53de9d919a43de616e31eed/execute/async - {"script":"<script> [1562 bytes]","args":[{"selector":{"controlType":"sap.m.StandardListItem","viewName":"etm.portal.ui.managecatalogs.view.Detail","viewId":"application-managecatalogs-display-component---detailCatalog","properties":{"title":"Piece"},"searchOpenDialogs":true,"interaction":{"idSuffix":"titleText"}},"wdio_ui5_key":"etmportal.ui.managecatalogs.view.Detailsap.m.StandardListItem{\"title\":\"Piece\"}"}]}
RESULT: {"script":"<script> [1562 bytes]","args":[{"selector":{"controlType":"sap.m.StandardListItem","viewName":"etm.portal.ui.managecatalogs.view.Detail","viewId":"application-managecatalogs-display-component---detailCatalog","properties":{"title":"Piece"},"searchOpenDialogs":true,"interaction":{"idSuffix":"titleText"}},"wdio_ui5_key":"etmportal.ui.managecatalogs.view.Detailsap.m.StandardListItem{\"title\":\"Piece\"}"}]}
RESULT: undefined
COMMAND: POST /session/4014c46da53de9d919a43de616e31eed/element - {"using":"xpath","value":"//*[@id=\"__item231\"]"}
RESULT: {"using":"xpath","value":"//*[@id=\"__item231\"]"}
COMMAND: POST /session/4014c46da53de9d919a43de616e31eed/element/f.936893D81E2E9803B5A63DB714104460.d.654C85476660B6D6CD84F78B8E91969B.e.1992/click - {}
RESULT: {}
COMMAND: POST /session/4014c46da53de9d919a43de616e31eed/execute/async - {"script":"<script> [1562 bytes]","args":[{"selector":{"id":"application-managecatalogs-display-component---detailCatalog--ObjectPageLayout-anchBar-application-managecatalogs-display-component---detailCatalog--sectionValues-anchor","interaction":{"idSuffix":"BDI-content"}},"wdio_ui5_key":"applicationmanagecatalogs-display-component---detailCatalog--ObjectPageLayout-anchBar-application-managecatalogs-display-component---detailCatalog--sectionValues-anchor"}]}
COMMAND: GET /session/4014c46da53de9d919a43de616e31eed/screenshot - {}
RESULT: {"script":"<script> [1562 bytes]","args":[{"selector":{"id":"application-managecatalogs-display-component---detailCatalog--ObjectPageLayout-anchBar-application-managecatalogs-display-component---detailCatalog--sectionValues-anchor","interaction":{"idSuffix":"BDI-content"}},"wdio_ui5_key":"applicationmanagecatalogs-display-component---detailCatalog--ObjectPageLayout-anchBar-application-managecatalogs-display-component---detailCatalog--sectionValues-anchor"}]}
RESULT: undefined
COMMAND: POST /session/4014c46da53de9d919a43de616e31eed/element - {"using":"xpath","value":"//*[@id=\"application-managecatalogs-display-component---detailCatalog--ObjectPageLayout-anchBar-application-managecatalogs-display-component---detailCatalog--sectionValues-anchor\"]"}
RESULT: {}
RESULT: {"using":"xpath","value":"//*[@id=\"application-managecatalogs-display-component---detailCatalog--ObjectPageLayout-anchBar-application-managecatalogs-display-component---detailCatalog--sectionValues-anchor\"]"}
COMMAND: POST /session/4014c46da53de9d919a43de616e31eed/element/f.936893D81E2E9803B5A63DB714104460.d.654C85476660B6D6CD84F78B8E91969B.e.1994/click - {}
RESULT: {}
COMMAND: GET /session/4014c46da53de9d919a43de616e31eed/screenshot - {}
RESULT: {}
COMMAND: POST /session/4014c46da53de9d919a43de616e31eed/execute/async - {"script":"<script> [1562 bytes]","args":[{"selector":{"controlType":"sap.ui.core.Icon","viewName":"etm.portal.ui.managecatalogs.view.Detail","viewId":"application-managecatalogs-display-component---detailCatalog","properties":{"src":{"regex":{"source":"add"}}},"ancestor":{"id":"application-managecatalogs-display-component---detailCatalog--ValuesTable"}},"wdio_ui5_key":"etmportal.ui.managecatalogs.view.Detailsap.ui.core.Icon{\"src\":{\"regex\":{\"source\":\"add\"}}}{\"id\":\"application-managecatalogs-display-component---detailCatalog--ValuesTable\"}"}]}
RESULT: {"script":"<script> [1562 bytes]","args":[{"selector":{"controlType":"sap.ui.core.Icon","viewName":"etm.portal.ui.managecatalogs.view.Detail","viewId":"application-managecatalogs-display-component---detailCatalog","properties":{"src":{"regex":{"source":"add"}}},"ancestor":{"id":"application-managecatalogs-display-component---detailCatalog--ValuesTable"}},"wdio_ui5_key":"etmportal.ui.managecatalogs.view.Detailsap.ui.core.Icon{\"src\":{\"regex\":{\"source\":\"add\"}}}{\"id\":\"application-managecatalogs-display-component---detailCatalog--ValuesTable\"}"}]}
RESULT: undefined
COMMAND: POST /session/4014c46da53de9d919a43de616e31eed/element - {"using":"xpath","value":"//*[@id=\"__button45-img\"]"}
RESULT: {"using":"xpath","value":"//*[@id=\"__button45-img\"]"}
COMMAND: POST /session/4014c46da53de9d919a43de616e31eed/element/f.936893D81E2E9803B5A63DB714104460.d.654C85476660B6D6CD84F78B8E91969B.e.1999/click - {}
RESULT: {}
RESULT: undefined
COMMAND: POST /session/4014c46da53de9d919a43de616e31eed/element - {"using":"xpath","value":"//*[@id=\"__button45-img\"]"}
COMMAND: GET /session/4014c46da53de9d919a43de616e31eed/screenshot - {}
RESULT: {"using":"xpath","value":"//*[@id=\"__button45-img\"]"}
COMMAND: POST /session/4014c46da53de9d919a43de616e31eed/element/f.936893D81E2E9803B5A63DB714104460.d.654C85476660B6D6CD84F78B8E91969B.e.1999/click - {}
RESULT: {}
RESULT: {}
COMMAND: POST /session/4014c46da53de9d919a43de616e31eed/element - {"using":"xpath","value":"(//input[contains(@id ,\"application-managecatalogs-display-component---detailCatalog--ValuesTable-0-inner\")])[1]"}
COMMAND: GET /session/4014c46da53de9d919a43de616e31eed/screenshot - {}
RESULT: {"using":"xpath","value":"(//input[contains(@id ,\"application-managecatalogs-display-component---detailCatalog--ValuesTable-0-inner\")])[1]"}
COMMAND: POST /session/4014c46da53de9d919a43de616e31eed/element/f.936893D81E2E9803B5A63DB714104460.d.654C85476660B6D6CD84F78B8E91969B.e.2004/clear - {}
RESULT: {}
RESULT: {}
COMMAND: POST /session/4014c46da53de9d919a43de616e31eed/element/f.936893D81E2E9803B5A63DB714104460.d.654C85476660B6D6CD84F78B8E91969B.e.2004/value - {"text":"D&I catalog price"}
COMMAND: GET /session/4014c46da53de9d919a43de616e31eed/screenshot - {}
RESULT: {"text":"D&I catalog price"}
COMMAND: GET /session/4014c46da53de9d919a43de616e31eed/screenshot - {}
RESULT: {}
RESULT: {}
COMMAND: POST /session/4014c46da53de9d919a43de616e31eed/actions - {"actions":[{"id":"action10","type":"key","parameters":{},"actions":[{"type":"keyDown","value":""},{"type":"pause","duration":10},{"type":"keyUp","value":""}]}]}
RESULT: {"actions":[{"id":"action10","type":"key","parameters":{},"actions":[{"type":"keyDown","value":""},{"type":"pause","duration":10},{"type":"keyUp","value":""}]}]}
COMMAND: POST /session/4014c46da53de9d919a43de616e31eed/element - {"using":"xpath","value":"(//input[contains(@id ,\"application-managecatalogs-display-component---detailCatalog--ValuesTable-1-inner\")])[1]"}
COMMAND: GET /session/4014c46da53de9d919a43de616e31eed/screenshot - {}
RESULT: {"using":"xpath","value":"(//input[contains(@id ,\"application-managecatalogs-display-component---detailCatalog--ValuesTable-1-inner\")])[1]"}
COMMAND: POST /session/4014c46da53de9d919a43de616e31eed/element/f.936893D81E2E9803B5A63DB714104460.d.654C85476660B6D6CD84F78B8E91969B.e.2027/clear - {}
RESULT: {}
RESULT: {}
COMMAND: POST /session/4014c46da53de9d919a43de616e31eed/element/f.936893D81E2E9803B5A63DB714104460.d.654C85476660B6D6CD84F78B8E91969B.e.2027/value - {"text":"D&I catalog price"}
COMMAND: GET /session/4014c46da53de9d919a43de616e31eed/screenshot - {}
RESULT: {"text":"D&I catalog price"}
COMMAND: GET /session/4014c46da53de9d919a43de616e31eed/screenshot - {}
RESULT: {}
RESULT: {}
COMMAND: POST /session/4014c46da53de9d919a43de616e31eed/actions - {"actions":[{"id":"action11","type":"key","parameters":{},"actions":[{"type":"keyDown","value":""},{"type":"pause","duration":10},{"type":"keyUp","value":""}]}]}
RESULT: {"actions":[{"id":"action11","type":"key","parameters":{},"actions":[{"type":"keyDown","value":""},{"type":"pause","duration":10},{"type":"keyUp","value":""}]}]}
COMMAND: POST /session/4014c46da53de9d919a43de616e31eed/execute/async - {"script":"<script> [1562 bytes]","args":[{"selector":{"controlType":"sap.m.Button","viewName":"etm.portal.ui.managecatalogs.view.Detail","viewId":"application-managecatalogs-display-component---detailCatalog","i18NText":{"propertyName":"text","key":"save"},"interaction":{"idSuffix":"BDI-content"}},"wdio_ui5_key":"etmportal.ui.managecatalogs.view.Detailsap.m.Button{\"propertyName\":\"text\",\"key\":\"save\"}"}]}
COMMAND: GET /session/4014c46da53de9d919a43de616e31eed/screenshot - {}
RESULT: {"script":"<script> [1562 bytes]","args":[{"selector":{"controlType":"sap.m.Button","viewName":"etm.portal.ui.managecatalogs.view.Detail","viewId":"application-managecatalogs-display-component---detailCatalog","i18NText":{"propertyName":"text","key":"save"},"interaction":{"idSuffix":"BDI-content"}},"wdio_ui5_key":"etmportal.ui.managecatalogs.view.Detailsap.m.Button{\"propertyName\":\"text\",\"key\":\"save\"}"}]}
RESULT: undefined
COMMAND: POST /session/4014c46da53de9d919a43de616e31eed/element - {"using":"xpath","value":"//*[@id=\"__button51\"]"}
RESULT: {}
RESULT: {"using":"xpath","value":"//*[@id=\"__button51\"]"}
COMMAND: POST /session/4014c46da53de9d919a43de616e31eed/element/f.936893D81E2E9803B5A63DB714104460.d.654C85476660B6D6CD84F78B8E91969B.e.1962/click - {}
RESULT: {}
COMMAND: GET /session/4014c46da53de9d919a43de616e31eed/screenshot - {}
RESULT: {}
COMMAND: POST /session/4014c46da53de9d919a43de616e31eed/execute/async - {"script":"<script> [1562 bytes]","args":[{"selector":{"controlType":"sap.m.Text","properties":{"text":"Existing values with the same start date!"},"searchOpenDialogs":true},"wdio_ui5_key":"sapm.Text{\"text\":\"Existing values with the same start date!\"}"}]}
RESULT: {"script":"<script> [1562 bytes]","args":[{"selector":{"controlType":"sap.m.Text","properties":{"text":"Existing values with the same start date!"},"searchOpenDialogs":true},"wdio_ui5_key":"sapm.Text{\"text\":\"Existing values with the same start date!\"}"}]}
RESULT: undefined
COMMAND: POST /session/4014c46da53de9d919a43de616e31eed/execute/async - {"script":"<script> [6424 bytes]","args":[{"element-6066-11e4-a52e-4f735466cecf":"f.936893D81E2E9803B5A63DB714104460.d.654C85476660B6D6CD84F78B8E91969B.e.2043"},"getText",[]]}
RESULT: {"script":"<script> [6424 bytes]","args":[{"element-6066-11e4-a52e-4f735466cecf":"f.936893D81E2E9803B5A63DB714104460.d.654C85476660B6D6CD84F78B8E91969B.e.2043"},"getText",[]]}
COMMAND: POST /session/4014c46da53de9d919a43de616e31eed/execute/async - {"script":"<script> [1562 bytes]","args":[{"selector":{"controlType":"sap.m.Button","properties":{"text":"OK"},"searchOpenDialogs":true,"interaction":{"idSuffix":"BDI-content"}},"wdio_ui5_key":"sapm.Button{\"text\":\"OK\"}"}]}
RESULT: {"script":"<script> [1562 bytes]","args":[{"selector":{"controlType":"sap.m.Button","properties":{"text":"OK"},"searchOpenDialogs":true,"interaction":{"idSuffix":"BDI-content"}},"wdio_ui5_key":"sapm.Button{\"text\":\"OK\"}"}]}
RESULT: undefined
COMMAND: POST /session/4014c46da53de9d919a43de616e31eed/element - {"using":"xpath","value":"//*[@id=\"__mbox-btn-0\"]"}
RESULT: {"using":"xpath","value":"//*[@id=\"__mbox-btn-0\"]"}
COMMAND: POST /session/4014c46da53de9d919a43de616e31eed/element/f.936893D81E2E9803B5A63DB714104460.d.654C85476660B6D6CD84F78B8E91969B.e.2039/click - {}
RESULT: {}
COMMAND: POST /session/4014c46da53de9d919a43de616e31eed/execute/async - {"script":"<script> [1562 bytes]","args":[{"selector":{"controlType":"sap.m.DatePicker","viewName":"etm.portal.ui.managecatalogs.view.Detail","viewId":"application-managecatalogs-display-component---detailCatalog","bindingPath":{"propertyPath":"VALID_TO","modelName":"catalogModel"},"interaction":{"idSuffix":"inner"}},"wdio_ui5_key":"etmportal.ui.managecatalogs.view.Detailsap.m.DatePicker{\"propertyPath\":\"VALID_TO\",\"modelName\":\"catalogModel\"}"}]}
COMMAND: GET /session/4014c46da53de9d919a43de616e31eed/screenshot - {}
RESULT: {"script":"<script> [1562 bytes]","args":[{"selector":{"controlType":"sap.m.DatePicker","viewName":"etm.portal.ui.managecatalogs.view.Detail","viewId":"application-managecatalogs-display-component---detailCatalog","bindingPath":{"propertyPath":"VALID_TO","modelName":"catalogModel"},"interaction":{"idSuffix":"inner"}},"wdio_ui5_key":"etmportal.ui.managecatalogs.view.Detailsap.m.DatePicker{\"propertyPath\":\"VALID_TO\",\"modelName\":\"catalogModel\"}"}]}
RESULT: undefined
COMMAND: POST /session/4014c46da53de9d919a43de616e31eed/execute/async - {"script":"<script> [776 bytes]","args":[{"enterText":"05/25/25","selector":{"controlType":"sap.m.DatePicker","viewName":"etm.portal.ui.managecatalogs.view.Detail","viewId":"application-managecatalogs-display-component---detailCatalog","bindingPath":{"propertyPath":"VALID_TO","modelName":"catalogModel"},"interaction":{"idSuffix":"inner"}},"clearTextFirst":true,"interactionType":"ENTER_TEXT"}]}
RESULT: {}
RESULT: {"script":"<script> [776 bytes]","args":[{"enterText":"05/25/25","selector":{"controlType":"sap.m.DatePicker","viewName":"etm.portal.ui.managecatalogs.view.Detail","viewId":"application-managecatalogs-display-component---detailCatalog","bindingPath":{"propertyPath":"VALID_TO","modelName":"catalogModel"},"interaction":{"idSuffix":"inner"}},"clearTextFirst":true,"interactionType":"ENTER_TEXT"}]}
COMMAND: POST /session/4014c46da53de9d919a43de616e31eed/element - {"using":"xpath","value":"(//input[contains(@id ,\"-application-managecatalogs-display-component---detailCatalog--ValuesTable-0-inner\")])[7]"}
RESULT: {"using":"xpath","value":"(//input[contains(@id ,\"-application-managecatalogs-display-component---detailCatalog--ValuesTable-0-inner\")])[7]"}
COMMAND: POST /session/4014c46da53de9d919a43de616e31eed/element/f.936893D81E2E9803B5A63DB714104460.d.654C85476660B6D6CD84F78B8E91969B.e.2010/clear - {}
RESULT: {}
COMMAND: POST /session/4014c46da53de9d919a43de616e31eed/element/f.936893D81E2E9803B5A63DB714104460.d.654C85476660B6D6CD84F78B8E91969B.e.2010/value - {"text":"05/25/25"}
COMMAND: GET /session/4014c46da53de9d919a43de616e31eed/screenshot - {}
RESULT: {"text":"05/25/25"}
COMMAND: POST /session/4014c46da53de9d919a43de616e31eed/element - {"using":"xpath","value":"(//input[contains(@id ,\"application-managecatalogs-display-component---detailCatalog--ValuesTable-1-inner\")])[6]"}
COMMAND: GET /session/4014c46da53de9d919a43de616e31eed/screenshot - {}
RESULT: {}
RESULT: {"using":"xpath","value":"(//input[contains(@id ,\"application-managecatalogs-display-component---detailCatalog--ValuesTable-1-inner\")])[6]"}
COMMAND: POST /session/4014c46da53de9d919a43de616e31eed/element/f.936893D81E2E9803B5A63DB714104460.d.654C85476660B6D6CD84F78B8E91969B.e.2032/clear - {}
RESULT: {}
RESULT: {}
COMMAND: POST /session/4014c46da53de9d919a43de616e31eed/element/f.936893D81E2E9803B5A63DB714104460.d.654C85476660B6D6CD84F78B8E91969B.e.2032/value - {"text":"05/26/25"}
COMMAND: GET /session/4014c46da53de9d919a43de616e31eed/screenshot - {}
RESULT: {"text":"05/26/25"}
COMMAND: POST /session/4014c46da53de9d919a43de616e31eed/element - {"using":"xpath","value":"//bdi[contains(text(), \"Save\")]"}
COMMAND: GET /session/4014c46da53de9d919a43de616e31eed/screenshot - {}
RESULT: {}
RESULT: {"using":"xpath","value":"//bdi[contains(text(), \"Save\")]"}
COMMAND: POST /session/4014c46da53de9d919a43de616e31eed/element/f.936893D81E2E9803B5A63DB714104460.d.654C85476660B6D6CD84F78B8E91969B.e.2038/click - {}
RESULT: {}
RESULT: {}
COMMAND: POST /session/4014c46da53de9d919a43de616e31eed/execute/async - {"script":"<script> [1562 bytes]","args":[{"selector":{"controlType":"sap.m.Title","properties":{"text":"Warning"},"searchOpenDialogs":true},"wdio_ui5_key":"sapm.Title{\"text\":\"Warning\"}"}]}
COMMAND: GET /session/4014c46da53de9d919a43de616e31eed/screenshot - {}
RESULT: {"script":"<script> [1562 bytes]","args":[{"selector":{"controlType":"sap.m.Title","properties":{"text":"Warning"},"searchOpenDialogs":true},"wdio_ui5_key":"sapm.Title{\"text\":\"Warning\"}"}]}
RESULT: undefined
COMMAND: POST /session/4014c46da53de9d919a43de616e31eed/execute/async - {"script":"<script> [6424 bytes]","args":[{"element-6066-11e4-a52e-4f735466cecf":"f.936893D81E2E9803B5A63DB714104460.d.654C85476660B6D6CD84F78B8E91969B.e.2049"},"getText",[]]}
RESULT: {}
RESULT: {"script":"<script> [6424 bytes]","args":[{"element-6066-11e4-a52e-4f735466cecf":"f.936893D81E2E9803B5A63DB714104460.d.654C85476660B6D6CD84F78B8E91969B.e.2049"},"getText",[]]}
COMMAND: POST /session/4014c46da53de9d919a43de616e31eed/execute/async - {"script":"<script> [1562 bytes]","args":[{"selector":{"controlType":"sap.m.Button","properties":{"text":"Yes"},"searchOpenDialogs":true,"interaction":{"idSuffix":"BDI-content"}},"wdio_ui5_key":"sapm.Button{\"text\":\"Yes\"}"}]}
RESULT: {"script":"<script> [1562 bytes]","args":[{"selector":{"controlType":"sap.m.Button","properties":{"text":"Yes"},"searchOpenDialogs":true,"interaction":{"idSuffix":"BDI-content"}},"wdio_ui5_key":"sapm.Button{\"text\":\"Yes\"}"}]}
RESULT: undefined
COMMAND: POST /session/4014c46da53de9d919a43de616e31eed/element - {"using":"xpath","value":"//*[@id=\"__mbox-btn-1\"]"}
RESULT: {"using":"xpath","value":"//*[@id=\"__mbox-btn-1\"]"}
COMMAND: POST /session/4014c46da53de9d919a43de616e31eed/element/f.936893D81E2E9803B5A63DB714104460.d.654C85476660B6D6CD84F78B8E91969B.e.2047/click - {}
RESULT: {}
COMMAND: GET /session/4014c46da53de9d919a43de616e31eed/screenshot - {}
RESULT: {}
COMMAND: POST /session/4014c46da53de9d919a43de616e31eed/refresh - {}
RESULT: {}
COMMAND: GET /session/4014c46da53de9d919a43de616e31eed/screenshot - {}
RESULT: {}
COMMAND: POST /session/4014c46da53de9d919a43de616e31eed/execute/async - {"script":"<script> [189 bytes]","args":[]}
RESULT: {"script":"<script> [189 bytes]","args":[]}
COMMAND: POST /session/4014c46da53de9d919a43de616e31eed/execute/async - {"script":"<script> [123 bytes]","args":[]}
RESULT: {"script":"<script> [123 bytes]","args":[]}
COMMAND: POST /session/4014c46da53de9d919a43de616e31eed/timeouts - {"script":"<number>"}
RESULT: {"script":"<number>"}
COMMAND: GET /session/4014c46da53de9d919a43de616e31eed/timeouts - {}
RESULT: {}
RESULT: undefined
COMMAND: POST /session/4014c46da53de9d919a43de616e31eed/execute/async - {"script":"<script> [2676 bytes]","args":[]}
RESULT: {"script":"<script> [2676 bytes]","args":[]}
COMMAND: POST /session/4014c46da53de9d919a43de616e31eed/execute/async - {"script":"<script> [2342 bytes]","args":[{"protocol":"http","hostname":"0.0.0.0","path":"/","capabilities":{"browserName":"chrome","goog:chromeOptions":{"binary":"C:\\Program Files\\Google\\Chrome\\Application\\chrome.exe","args":["--start-maximized"]}},"logLevel":"warn","connectionRetryTimeout":120000,"connectionRetryCount":3,"logLevels":{},"enableDirectConnect":true,"strictSSL":true,"_":"65 more keys: [\"cacheDir\",\"port\",\"requestedCapabilities\",\"automationProtocol\",\"baseUrl\",\"waitforInterval\",\"waitforTimeout\",\"onReload\",\"beforeCommand\",\"afterCommand\",\"rootDir\",\"specs\",\"suites\",\"exclude\",\"groupLogsByTestSpec\",\"excludeDriverLogs\",\"bail\",\"framework\",\"reporters\",\"services\",\"maxInstances\",\"maxInstancesPerCapability\",\"injectGlobals\",\"filesToWatch\",\"execArgv\",\"runnerEnv\",\"runner\",\"shard\",\"specFileRetries\",\"specFileRetriesDelay\",\"specFileRetriesDeferred\",\"reporterSyncInterval\",\"reporterSyncTimeout\",\"cucumberFeaturesWithLineNumbers\",\"autoCompileOpts\",\"mochaOpts\",\"jasmineOpts\",\"cucumberOpts\",\"onPrepare\",\"onWorkerStart\",\"onWorkerEnd\",\"before\",\"beforeSession\",\"beforeSuite\",\"beforeHook\",\"beforeTest\",\"afterTest\",\"afterHook\",\"afterSuite\",\"afterSession\",\"after\",\"onComplete\",\"beforeAssertion\",\"afterAssertion\",\"beforeFeature\",\"beforeScenario\",\"beforeStep\",\"afterStep\",\"afterScenario\",\"afterFeature\",\"_\",\"suite\",\"$0\",\"ignoredWorkerServices\",\"wdi5\"]"}]}
RESULT: {"script":"<script> [2342 bytes]","args":[{"protocol":"http","hostname":"0.0.0.0","path":"/","capabilities":{"browserName":"chrome","goog:chromeOptions":{"binary":"C:\\Program Files\\Google\\Chrome\\Application\\chrome.exe","args":["--start-maximized"]}},"logLevel":"warn","connectionRetryTimeout":120000,"connectionRetryCount":3,"logLevels":{},"enableDirectConnect":true,"strictSSL":true,"_":"65 more keys: [\"cacheDir\",\"port\",\"requestedCapabilities\",\"automationProtocol\",\"baseUrl\",\"waitforInterval\",\"waitforTimeout\",\"onReload\",\"beforeCommand\",\"afterCommand\",\"rootDir\",\"specs\",\"suites\",\"exclude\",\"groupLogsByTestSpec\",\"excludeDriverLogs\",\"bail\",\"framework\",\"reporters\",\"services\",\"maxInstances\",\"maxInstancesPerCapability\",\"injectGlobals\",\"filesToWatch\",\"execArgv\",\"runnerEnv\",\"runner\",\"shard\",\"specFileRetries\",\"specFileRetriesDelay\",\"specFileRetriesDeferred\",\"reporterSyncInterval\",\"reporterSyncTimeout\",\"cucumberFeaturesWithLineNumbers\",\"autoCompileOpts\",\"mochaOpts\",\"jasmineOpts\",\"cucumberOpts\",\"onPrepare\",\"onWorkerStart\",\"onWorkerEnd\",\"before\",\"beforeSession\",\"beforeSuite\",\"beforeHook\",\"beforeTest\",\"afterTest\",\"afterHook\",\"afterSuite\",\"afterSession\",\"after\",\"onComplete\",\"beforeAssertion\",\"afterAssertion\",\"beforeFeature\",\"beforeScenario\",\"beforeStep\",\"afterStep\",\"afterScenario\",\"afterFeature\",\"_\",\"suite\",\"$0\",\"ignoredWorkerServices\",\"wdi5\"]"}]}
COMMAND: POST /session/4014c46da53de9d919a43de616e31eed/execute/async - {"script":"<script> [21126 bytes]","args":[35000]}
RESULT: {"script":"<script> [21126 bytes]","args":[35000]}
COMMAND: POST /session/4014c46da53de9d919a43de616e31eed/execute/async - {"script":"<script> [1562 bytes]","args":[{"selector":{"id":"application-managecatalogs-display-component---detailCatalog--ValuesSmartTable-header"},"wdio_ui5_key":"applicationmanagecatalogs-display-component---detailCatalog--ValuesSmartTable-header"}]}
RESULT: {"script":"<script> [1562 bytes]","args":[{"selector":{"id":"application-managecatalogs-display-component---detailCatalog--ValuesSmartTable-header"},"wdio_ui5_key":"applicationmanagecatalogs-display-component---detailCatalog--ValuesSmartTable-header"}]}
RESULT: undefined
COMMAND: POST /session/4014c46da53de9d919a43de616e31eed/execute/async - {"script":"<script> [6424 bytes]","args":[{"element-6066-11e4-a52e-4f735466cecf":"f.936893D81E2E9803B5A63DB714104460.d.13E0DD34E33057A794EA83EDEEB22135.e.2130"},"getText",[]]}
RESULT: {"script":"<script> [6424 bytes]","args":[{"element-6066-11e4-a52e-4f735466cecf":"f.936893D81E2E9803B5A63DB714104460.d.13E0DD34E33057A794EA83EDEEB22135.e.2130"},"getText",[]]}
COMMAND: POST /session/4014c46da53de9d919a43de616e31eed/execute/async - {"script":"<script> [1562 bytes]","args":[{"selector":{"controlType":"sap.m.Button","viewName":"etm.portal.ui.managecatalogs.view.Detail","viewId":"application-managecatalogs-display-component---detailCatalog","i18NText":{"propertyName":"text","key":"edit"},"interaction":{"idSuffix":"BDI-content"}},"wdio_ui5_key":"etmportal.ui.managecatalogs.view.Detailsap.m.Button{\"propertyName\":\"text\",\"key\":\"edit\"}"}]}
RESULT: {"script":"<script> [1562 bytes]","args":[{"selector":{"controlType":"sap.m.Button","viewName":"etm.portal.ui.managecatalogs.view.Detail","viewId":"application-managecatalogs-display-component---detailCatalog","i18NText":{"propertyName":"text","key":"edit"},"interaction":{"idSuffix":"BDI-content"}},"wdio_ui5_key":"etmportal.ui.managecatalogs.view.Detailsap.m.Button{\"propertyName\":\"text\",\"key\":\"edit\"}"}]}
RESULT: undefined
COMMAND: POST /session/4014c46da53de9d919a43de616e31eed/element - {"using":"xpath","value":"//*[@id=\"__button25\"]"}
RESULT: {"using":"xpath","value":"//*[@id=\"__button25\"]"}
COMMAND: POST /session/4014c46da53de9d919a43de616e31eed/element/f.936893D81E2E9803B5A63DB714104460.d.13E0DD34E33057A794EA83EDEEB22135.e.2132/click - {}
RESULT: {}
COMMAND: POST /session/4014c46da53de9d919a43de616e31eed/execute/async - {"script":"<script> [1562 bytes]","args":[{"selector":{"id":"application-managecatalogs-display-component---detailCatalog--ObjectPageLayout-anchBar-application-managecatalogs-display-component---detailCatalog--sectionValues-anchor","interaction":{"idSuffix":"BDI-content"}},"wdio_ui5_key":"applicationmanagecatalogs-display-component---detailCatalog--ObjectPageLayout-anchBar-application-managecatalogs-display-component---detailCatalog--sectionValues-anchor"}]}
COMMAND: GET /session/4014c46da53de9d919a43de616e31eed/screenshot - {}
RESULT: {"script":"<script> [1562 bytes]","args":[{"selector":{"id":"application-managecatalogs-display-component---detailCatalog--ObjectPageLayout-anchBar-application-managecatalogs-display-component---detailCatalog--sectionValues-anchor","interaction":{"idSuffix":"BDI-content"}},"wdio_ui5_key":"applicationmanagecatalogs-display-component---detailCatalog--ObjectPageLayout-anchBar-application-managecatalogs-display-component---detailCatalog--sectionValues-anchor"}]}
RESULT: undefined
COMMAND: POST /session/4014c46da53de9d919a43de616e31eed/element - {"using":"xpath","value":"//*[@id=\"application-managecatalogs-display-component---detailCatalog--ObjectPageLayout-anchBar-application-managecatalogs-display-component---detailCatalog--sectionValues-anchor\"]"}
RESULT: {}
RESULT: {"using":"xpath","value":"//*[@id=\"application-managecatalogs-display-component---detailCatalog--ObjectPageLayout-anchBar-application-managecatalogs-display-component---detailCatalog--sectionValues-anchor\"]"}
COMMAND: POST /session/4014c46da53de9d919a43de616e31eed/element/f.936893D81E2E9803B5A63DB714104460.d.13E0DD34E33057A794EA83EDEEB22135.e.2174/click - {}
RESULT: {}
COMMAND: GET /session/4014c46da53de9d919a43de616e31eed/screenshot - {}
RESULT: {}
COMMAND: POST /session/4014c46da53de9d919a43de616e31eed/execute/async - {"script":"<script> [1562 bytes]","args":[{"selector":{"id":"application-managecatalogs-display-component---detailCatalog--ValuesTable-sa","interaction":{"idSuffix":"CbBg"}},"wdio_ui5_key":"applicationmanagecatalogs-display-component---detailCatalog--ValuesTable-sa"}]}
RESULT: {"script":"<script> [1562 bytes]","args":[{"selector":{"id":"application-managecatalogs-display-component---detailCatalog--ValuesTable-sa","interaction":{"idSuffix":"CbBg"}},"wdio_ui5_key":"applicationmanagecatalogs-display-component---detailCatalog--ValuesTable-sa"}]}
RESULT: undefined
COMMAND: POST /session/4014c46da53de9d919a43de616e31eed/element - {"using":"xpath","value":"//*[@id=\"application-managecatalogs-display-component---detailCatalog--ValuesTable-sa\"]"}
RESULT: {"using":"xpath","value":"//*[@id=\"application-managecatalogs-display-component---detailCatalog--ValuesTable-sa\"]"}
COMMAND: POST /session/4014c46da53de9d919a43de616e31eed/element/f.936893D81E2E9803B5A63DB714104460.d.13E0DD34E33057A794EA83EDEEB22135.e.2180/click - {}
RESULT: {}
COMMAND: POST /session/4014c46da53de9d919a43de616e31eed/execute/async - {"script":"<script> [1562 bytes]","args":[{"selector":{"controlType":"sap.ui.core.Icon","viewName":"etm.portal.ui.managecatalogs.view.Detail","viewId":"application-managecatalogs-display-component---detailCatalog","properties":{"src":{"regex":{"source":"delete"}}},"ancestor":{"id":"application-managecatalogs-display-component---detailCatalog--ValuesTable"}},"wdio_ui5_key":"etmportal.ui.managecatalogs.view.Detailsap.ui.core.Icon{\"src\":{\"regex\":{\"source\":\"delete\"}}}{\"id\":\"application-managecatalogs-display-component---detailCatalog--ValuesTable\"}"}]}
COMMAND: GET /session/4014c46da53de9d919a43de616e31eed/screenshot - {}
RESULT: {"script":"<script> [1562 bytes]","args":[{"selector":{"controlType":"sap.ui.core.Icon","viewName":"etm.portal.ui.managecatalogs.view.Detail","viewId":"application-managecatalogs-display-component---detailCatalog","properties":{"src":{"regex":{"source":"delete"}}},"ancestor":{"id":"application-managecatalogs-display-component---detailCatalog--ValuesTable"}},"wdio_ui5_key":"etmportal.ui.managecatalogs.view.Detailsap.ui.core.Icon{\"src\":{\"regex\":{\"source\":\"delete\"}}}{\"id\":\"application-managecatalogs-display-component---detailCatalog--ValuesTable\"}"}]}
RESULT: undefined
COMMAND: POST /session/4014c46da53de9d919a43de616e31eed/element - {"using":"xpath","value":"//*[@id=\"__button36-img\"]"}
RESULT: {}
RESULT: {"using":"xpath","value":"//*[@id=\"__button36-img\"]"}
COMMAND: POST /session/4014c46da53de9d919a43de616e31eed/element/f.936893D81E2E9803B5A63DB714104460.d.13E0DD34E33057A794EA83EDEEB22135.e.2183/click - {}
RESULT: {}
COMMAND: POST /session/4014c46da53de9d919a43de616e31eed/execute/async - {"script":"<script> [1562 bytes]","args":[{"selector":{"controlType":"sap.m.Button","properties":{"text":"Yes"},"searchOpenDialogs":true,"interaction":{"idSuffix":"BDI-content"}},"wdio_ui5_key":"sapm.Button{\"text\":\"Yes\"}"}]}
COMMAND: GET /session/4014c46da53de9d919a43de616e31eed/screenshot - {}
RESULT: {"script":"<script> [1562 bytes]","args":[{"selector":{"controlType":"sap.m.Button","properties":{"text":"Yes"},"searchOpenDialogs":true,"interaction":{"idSuffix":"BDI-content"}},"wdio_ui5_key":"sapm.Button{\"text\":\"Yes\"}"}]}
RESULT: undefined
COMMAND: POST /session/4014c46da53de9d919a43de616e31eed/element - {"using":"xpath","value":"//*[@id=\"__mbox-btn-0\"]"}
RESULT: {}
RESULT: {"using":"xpath","value":"//*[@id=\"__mbox-btn-0\"]"}
COMMAND: POST /session/4014c46da53de9d919a43de616e31eed/element/f.936893D81E2E9803B5A63DB714104460.d.13E0DD34E33057A794EA83EDEEB22135.e.2185/click - {}
RESULT: {}
COMMAND: GET /session/4014c46da53de9d919a43de616e31eed/screenshot - {}
RESULT: {}
COMMAND: POST /session/4014c46da53de9d919a43de616e31eed/execute/async - {"script":"<script> [1562 bytes]","args":[{"selector":{"controlType":"sap.m.Button","viewName":"etm.portal.ui.managecatalogs.view.Detail","viewId":"application-managecatalogs-display-component---detailCatalog","i18NText":{"propertyName":"text","key":"save"},"interaction":{"idSuffix":"BDI-content"}},"wdio_ui5_key":"etmportal.ui.managecatalogs.view.Detailsap.m.Button{\"propertyName\":\"text\",\"key\":\"save\"}"}]}
RESULT: {"script":"<script> [1562 bytes]","args":[{"selector":{"controlType":"sap.m.Button","viewName":"etm.portal.ui.managecatalogs.view.Detail","viewId":"application-managecatalogs-display-component---detailCatalog","i18NText":{"propertyName":"text","key":"save"},"interaction":{"idSuffix":"BDI-content"}},"wdio_ui5_key":"etmportal.ui.managecatalogs.view.Detailsap.m.Button{\"propertyName\":\"text\",\"key\":\"save\"}"}]}
RESULT: undefined
COMMAND: POST /session/4014c46da53de9d919a43de616e31eed/element - {"using":"xpath","value":"//*[@id=\"__button43\"]"}
RESULT: {"using":"xpath","value":"//*[@id=\"__button43\"]"}
COMMAND: POST /session/4014c46da53de9d919a43de616e31eed/element/f.936893D81E2E9803B5A63DB714104460.d.13E0DD34E33057A794EA83EDEEB22135.e.2190/click - {}
RESULT: {}
COMMAND: GET /session/4014c46da53de9d919a43de616e31eed/screenshot - {}
RESULT: {}
RESULT: undefined
COMMAND: POST /session/4014c46da53de9d919a43de616e31eed/element - {"using":"xpath","value":"//*[@id=\"__button25\"]"}
RESULT: {"using":"xpath","value":"//*[@id=\"__button25\"]"}
COMMAND: POST /session/4014c46da53de9d919a43de616e31eed/element/f.936893D81E2E9803B5A63DB714104460.d.13E0DD34E33057A794EA83EDEEB22135.e.2192/click - {}
RESULT: {}
COMMAND: GET /session/4014c46da53de9d919a43de616e31eed/screenshot - {}
RESULT: {}
RESULT: undefined
COMMAND: POST /session/4014c46da53de9d919a43de616e31eed/element - {"using":"xpath","value":"//*[@id=\"application-managecatalogs-display-component---detailCatalog--ObjectPageLayout-anchBar-application-managecatalogs-display-component---detailCatalog--sectionValues-anchor\"]"}
RESULT: {"using":"xpath","value":"//*[@id=\"application-managecatalogs-display-component---detailCatalog--ObjectPageLayout-anchBar-application-managecatalogs-display-component---detailCatalog--sectionValues-anchor\"]"}
COMMAND: POST /session/4014c46da53de9d919a43de616e31eed/element/f.936893D81E2E9803B5A63DB714104460.d.13E0DD34E33057A794EA83EDEEB22135.e.2221/click - {}
RESULT: {}
COMMAND: GET /session/4014c46da53de9d919a43de616e31eed/screenshot - {}
RESULT: {}
COMMAND: POST /session/4014c46da53de9d919a43de616e31eed/execute/async - {"script":"<script> [1562 bytes]","args":[{"selector":{"controlType":"sap.ui.core.Icon","viewName":"etm.portal.ui.managecatalogs.view.Detail","viewId":"application-managecatalogs-display-component---detailCatalog","properties":{"src":{"regex":{"source":"add"}}},"ancestor":{"id":"application-managecatalogs-display-component---detailCatalog--ValuesTable"}},"wdio_ui5_key":"etmportal.ui.managecatalogs.view.Detailsap.ui.core.Icon{\"src\":{\"regex\":{\"source\":\"add\"}}}{\"id\":\"application-managecatalogs-display-component---detailCatalog--ValuesTable\"}"}]}
RESULT: {"script":"<script> [1562 bytes]","args":[{"selector":{"controlType":"sap.ui.core.Icon","viewName":"etm.portal.ui.managecatalogs.view.Detail","viewId":"application-managecatalogs-display-component---detailCatalog","properties":{"src":{"regex":{"source":"add"}}},"ancestor":{"id":"application-managecatalogs-display-component---detailCatalog--ValuesTable"}},"wdio_ui5_key":"etmportal.ui.managecatalogs.view.Detailsap.ui.core.Icon{\"src\":{\"regex\":{\"source\":\"add\"}}}{\"id\":\"application-managecatalogs-display-component---detailCatalog--ValuesTable\"}"}]}
RESULT: undefined
COMMAND: POST /session/4014c46da53de9d919a43de616e31eed/element - {"using":"xpath","value":"//*[@id=\"__button37-img\"]"}
RESULT: {"using":"xpath","value":"//*[@id=\"__button37-img\"]"}
COMMAND: POST /session/4014c46da53de9d919a43de616e31eed/element/f.936893D81E2E9803B5A63DB714104460.d.13E0DD34E33057A794EA83EDEEB22135.e.2222/click - {}
RESULT: {}
RESULT: undefined
COMMAND: POST /session/4014c46da53de9d919a43de616e31eed/element - {"using":"xpath","value":"//*[@id=\"__button37-img\"]"}
COMMAND: GET /session/4014c46da53de9d919a43de616e31eed/screenshot - {}
RESULT: {"using":"xpath","value":"//*[@id=\"__button37-img\"]"}
COMMAND: POST /session/4014c46da53de9d919a43de616e31eed/element/f.936893D81E2E9803B5A63DB714104460.d.13E0DD34E33057A794EA83EDEEB22135.e.2222/click - {}
RESULT: {}
RESULT: {}
COMMAND: POST /session/4014c46da53de9d919a43de616e31eed/element - {"using":"xpath","value":"(//input[contains(@id ,\"application-managecatalogs-display-component---detailCatalog--ValuesTable-0-inner\")])[1]"}
COMMAND: GET /session/4014c46da53de9d919a43de616e31eed/screenshot - {}
RESULT: {"using":"xpath","value":"(//input[contains(@id ,\"application-managecatalogs-display-component---detailCatalog--ValuesTable-0-inner\")])[1]"}
COMMAND: POST /session/4014c46da53de9d919a43de616e31eed/element/f.936893D81E2E9803B5A63DB714104460.d.13E0DD34E33057A794EA83EDEEB22135.e.2225/clear - {}
RESULT: {}
RESULT: {}
COMMAND: POST /session/4014c46da53de9d919a43de616e31eed/element/f.936893D81E2E9803B5A63DB714104460.d.13E0DD34E33057A794EA83EDEEB22135.e.2225/value - {"text":"D&I catalog price"}
COMMAND: GET /session/4014c46da53de9d919a43de616e31eed/screenshot - {}
RESULT: {"text":"D&I catalog price"}
COMMAND: GET /session/4014c46da53de9d919a43de616e31eed/screenshot - {}
RESULT: {}
RESULT: {}
COMMAND: POST /session/4014c46da53de9d919a43de616e31eed/actions - {"actions":[{"id":"action12","type":"key","parameters":{},"actions":[{"type":"keyDown","value":""},{"type":"pause","duration":10},{"type":"keyUp","value":""}]}]}
RESULT: {"actions":[{"id":"action12","type":"key","parameters":{},"actions":[{"type":"keyDown","value":""},{"type":"pause","duration":10},{"type":"keyUp","value":""}]}]}
COMMAND: POST /session/4014c46da53de9d919a43de616e31eed/element - {"using":"xpath","value":"(//input[contains(@id ,\"application-managecatalogs-display-component---detailCatalog--ValuesTable-1-inner\")])[1]"}
COMMAND: GET /session/4014c46da53de9d919a43de616e31eed/screenshot - {}
RESULT: {"using":"xpath","value":"(//input[contains(@id ,\"application-managecatalogs-display-component---detailCatalog--ValuesTable-1-inner\")])[1]"}
COMMAND: POST /session/4014c46da53de9d919a43de616e31eed/element/f.936893D81E2E9803B5A63DB714104460.d.13E0DD34E33057A794EA83EDEEB22135.e.2238/clear - {}
RESULT: {}
RESULT: {}
COMMAND: POST /session/4014c46da53de9d919a43de616e31eed/element/f.936893D81E2E9803B5A63DB714104460.d.13E0DD34E33057A794EA83EDEEB22135.e.2238/value - {"text":"D&I catalog price"}
COMMAND: GET /session/4014c46da53de9d919a43de616e31eed/screenshot - {}
RESULT: {"text":"D&I catalog price"}
COMMAND: GET /session/4014c46da53de9d919a43de616e31eed/screenshot - {}
RESULT: {}
RESULT: {}
COMMAND: POST /session/4014c46da53de9d919a43de616e31eed/actions - {"actions":[{"id":"action13","type":"key","parameters":{},"actions":[{"type":"keyDown","value":""},{"type":"pause","duration":10},{"type":"keyUp","value":""}]}]}
RESULT: {"actions":[{"id":"action13","type":"key","parameters":{},"actions":[{"type":"keyDown","value":""},{"type":"pause","duration":10},{"type":"keyUp","value":""}]}]}
COMMAND: POST /session/4014c46da53de9d919a43de616e31eed/element - {"using":"xpath","value":"(//input[contains(@id ,\"application-managecatalogs-display-component---detailCatalog--ValuesTable-0-inner\")])[8]"}
COMMAND: GET /session/4014c46da53de9d919a43de616e31eed/screenshot - {}
RESULT: {"using":"xpath","value":"(//input[contains(@id ,\"application-managecatalogs-display-component---detailCatalog--ValuesTable-0-inner\")])[8]"}
COMMAND: POST /session/4014c46da53de9d919a43de616e31eed/element/f.936893D81E2E9803B5A63DB714104460.d.13E0DD34E33057A794EA83EDEEB22135.e.2232/clear - {}
RESULT: {}
RESULT: {}
COMMAND: POST /session/4014c46da53de9d919a43de616e31eed/element/f.936893D81E2E9803B5A63DB714104460.d.13E0DD34E33057A794EA83EDEEB22135.e.2232/value - {"text":"101"}
COMMAND: GET /session/4014c46da53de9d919a43de616e31eed/screenshot - {}
RESULT: {"text":"101"}
COMMAND: GET /session/4014c46da53de9d919a43de616e31eed/screenshot - {}
RESULT: {}
RESULT: {}
COMMAND: POST /session/4014c46da53de9d919a43de616e31eed/actions - {"actions":[{"id":"action14","type":"key","parameters":{},"actions":[{"type":"keyDown","value":""},{"type":"pause","duration":10},{"type":"keyUp","value":""}]}]}
RESULT: {"actions":[{"id":"action14","type":"key","parameters":{},"actions":[{"type":"keyDown","value":""},{"type":"pause","duration":10},{"type":"keyUp","value":""}]}]}
COMMAND: POST /session/4014c46da53de9d919a43de616e31eed/element - {"using":"xpath","value":"(//input[contains(@id ,\"application-managecatalogs-display-component---detailCatalog--ValuesTable-1-inner\")])[8]"}
COMMAND: GET /session/4014c46da53de9d919a43de616e31eed/screenshot - {}
RESULT: {"using":"xpath","value":"(//input[contains(@id ,\"application-managecatalogs-display-component---detailCatalog--ValuesTable-1-inner\")])[8]"}
COMMAND: POST /session/4014c46da53de9d919a43de616e31eed/element/f.936893D81E2E9803B5A63DB714104460.d.13E0DD34E33057A794EA83EDEEB22135.e.2245/clear - {}
RESULT: {}
RESULT: {}
COMMAND: POST /session/4014c46da53de9d919a43de616e31eed/element/f.936893D81E2E9803B5A63DB714104460.d.13E0DD34E33057A794EA83EDEEB22135.e.2245/value - {"text":"101"}
COMMAND: GET /session/4014c46da53de9d919a43de616e31eed/screenshot - {}
RESULT: {"text":"101"}
COMMAND: GET /session/4014c46da53de9d919a43de616e31eed/screenshot - {}
COMMAND: POST /session/4014c46da53de9d919a43de616e31eed/actions - {"actions":[{"id":"action15","type":"key","parameters":{},"actions":[{"type":"keyDown","value":""},{"type":"pause","duration":10},{"type":"keyUp","value":""}]}]}
RESULT: {}
RESULT: {}
RESULT: {"actions":[{"id":"action15","type":"key","parameters":{},"actions":[{"type":"keyDown","value":""},{"type":"pause","duration":10},{"type":"keyUp","value":""}]}]}
RESULT: undefined
COMMAND: POST /session/4014c46da53de9d919a43de616e31eed/element - {"using":"xpath","value":"//*[@id=\"__button43\"]"}
RESULT: {"using":"xpath","value":"//*[@id=\"__button43\"]"}
COMMAND: POST /session/4014c46da53de9d919a43de616e31eed/element/f.936893D81E2E9803B5A63DB714104460.d.13E0DD34E33057A794EA83EDEEB22135.e.2212/click - {}
RESULT: {}
COMMAND: GET /session/4014c46da53de9d919a43de616e31eed/screenshot - {}
COMMAND: GET /session/4014c46da53de9d919a43de616e31eed/screenshot - {}
RESULT: {}
RESULT: {}
COMMAND: POST /session/4014c46da53de9d919a43de616e31eed/execute/async - {"script":"<script> [1562 bytes]","args":[{"selector":{"controlType":"sap.m.Text","properties":{"text":"Existing values with the same start date!"},"searchOpenDialogs":true},"wdio_ui5_key":"sapm.Text{\"text\":\"Existing values with the same start date!\"}"}]}
RESULT: {"script":"<script> [1562 bytes]","args":[{"selector":{"controlType":"sap.m.Text","properties":{"text":"Existing values with the same start date!"},"searchOpenDialogs":true},"wdio_ui5_key":"sapm.Text{\"text\":\"Existing values with the same start date!\"}"}]}
RESULT: undefined
COMMAND: POST /session/4014c46da53de9d919a43de616e31eed/execute/async - {"script":"<script> [6424 bytes]","args":[{"element-6066-11e4-a52e-4f735466cecf":"f.936893D81E2E9803B5A63DB714104460.d.13E0DD34E33057A794EA83EDEEB22135.e.2292"},"getText",[]]}
RESULT: {"script":"<script> [6424 bytes]","args":[{"element-6066-11e4-a52e-4f735466cecf":"f.936893D81E2E9803B5A63DB714104460.d.13E0DD34E33057A794EA83EDEEB22135.e.2292"},"getText",[]]}
COMMAND: POST /session/4014c46da53de9d919a43de616e31eed/execute/async - {"script":"<script> [1562 bytes]","args":[{"selector":{"controlType":"sap.m.Button","properties":{"text":"OK"},"searchOpenDialogs":true,"interaction":{"idSuffix":"BDI-content"}},"wdio_ui5_key":"sapm.Button{\"text\":\"OK\"}"}]}
RESULT: {"script":"<script> [1562 bytes]","args":[{"selector":{"controlType":"sap.m.Button","properties":{"text":"OK"},"searchOpenDialogs":true,"interaction":{"idSuffix":"BDI-content"}},"wdio_ui5_key":"sapm.Button{\"text\":\"OK\"}"}]}
RESULT: undefined
COMMAND: POST /session/4014c46da53de9d919a43de616e31eed/element - {"using":"xpath","value":"//*[@id=\"__mbox-btn-2\"]"}
RESULT: {"using":"xpath","value":"//*[@id=\"__mbox-btn-2\"]"}
COMMAND: POST /session/4014c46da53de9d919a43de616e31eed/element/f.936893D81E2E9803B5A63DB714104460.d.13E0DD34E33057A794EA83EDEEB22135.e.2290/click - {}
RESULT: {}
COMMAND: POST /session/4014c46da53de9d919a43de616e31eed/element - {"using":"xpath","value":"(//input[contains(@id ,\"application-managecatalogs-display-component---detailCatalog--ValuesTable-0-inner\")])[8]"}
COMMAND: GET /session/4014c46da53de9d919a43de616e31eed/screenshot - {}
RESULT: {"using":"xpath","value":"(//input[contains(@id ,\"application-managecatalogs-display-component---detailCatalog--ValuesTable-0-inner\")])[8]"}
COMMAND: POST /session/4014c46da53de9d919a43de616e31eed/element/f.936893D81E2E9803B5A63DB714104460.d.13E0DD34E33057A794EA83EDEEB22135.e.2232/clear - {}
RESULT: {}
RESULT: {}
COMMAND: POST /session/4014c46da53de9d919a43de616e31eed/element/f.936893D81E2E9803B5A63DB714104460.d.13E0DD34E33057A794EA83EDEEB22135.e.2232/value - {"text":"102"}
COMMAND: GET /session/4014c46da53de9d919a43de616e31eed/screenshot - {}
RESULT: {"text":"102"}
COMMAND: GET /session/4014c46da53de9d919a43de616e31eed/screenshot - {}
RESULT: {}
RESULT: {}
COMMAND: POST /session/4014c46da53de9d919a43de616e31eed/actions - {"actions":[{"id":"action16","type":"key","parameters":{},"actions":[{"type":"keyDown","value":""},{"type":"pause","duration":10},{"type":"keyUp","value":""}]}]}
RESULT: {"actions":[{"id":"action16","type":"key","parameters":{},"actions":[{"type":"keyDown","value":""},{"type":"pause","duration":10},{"type":"keyUp","value":""}]}]}
COMMAND: GET /session/4014c46da53de9d919a43de616e31eed/screenshot - {}
RESULT: {}
RESULT: undefined
COMMAND: POST /session/4014c46da53de9d919a43de616e31eed/element - {"using":"xpath","value":"//*[@id=\"__button43\"]"}
RESULT: {"using":"xpath","value":"//*[@id=\"__button43\"]"}
COMMAND: POST /session/4014c46da53de9d919a43de616e31eed/element/f.936893D81E2E9803B5A63DB714104460.d.13E0DD34E33057A794EA83EDEEB22135.e.2212/click - {}
RESULT: {}
COMMAND: GET /session/4014c46da53de9d919a43de616e31eed/screenshot - {}
RESULT: {}
COMMAND: POST /session/4014c46da53de9d919a43de616e31eed/refresh - {}
RESULT: {}
COMMAND: GET /session/4014c46da53de9d919a43de616e31eed/screenshot - {}
RESULT: {}
COMMAND: POST /session/4014c46da53de9d919a43de616e31eed/execute/async - {"script":"<script> [189 bytes]","args":[]}
RESULT: {"script":"<script> [189 bytes]","args":[]}
COMMAND: POST /session/4014c46da53de9d919a43de616e31eed/execute/async - {"script":"<script> [123 bytes]","args":[]}
RESULT: {"script":"<script> [123 bytes]","args":[]}
COMMAND: POST /session/4014c46da53de9d919a43de616e31eed/timeouts - {"script":"<number>"}
RESULT: {"script":"<number>"}
COMMAND: GET /session/4014c46da53de9d919a43de616e31eed/timeouts - {}
RESULT: {}
RESULT: undefined
COMMAND: POST /session/4014c46da53de9d919a43de616e31eed/execute/async - {"script":"<script> [2676 bytes]","args":[]}
RESULT: {"script":"<script> [2676 bytes]","args":[]}
COMMAND: POST /session/4014c46da53de9d919a43de616e31eed/execute/async - {"script":"<script> [2342 bytes]","args":[{"protocol":"http","hostname":"0.0.0.0","path":"/","capabilities":{"browserName":"chrome","goog:chromeOptions":{"binary":"C:\\Program Files\\Google\\Chrome\\Application\\chrome.exe","args":["--start-maximized"]}},"logLevel":"warn","connectionRetryTimeout":120000,"connectionRetryCount":3,"logLevels":{},"enableDirectConnect":true,"strictSSL":true,"_":"65 more keys: [\"cacheDir\",\"port\",\"requestedCapabilities\",\"automationProtocol\",\"baseUrl\",\"waitforInterval\",\"waitforTimeout\",\"onReload\",\"beforeCommand\",\"afterCommand\",\"rootDir\",\"specs\",\"suites\",\"exclude\",\"groupLogsByTestSpec\",\"excludeDriverLogs\",\"bail\",\"framework\",\"reporters\",\"services\",\"maxInstances\",\"maxInstancesPerCapability\",\"injectGlobals\",\"filesToWatch\",\"execArgv\",\"runnerEnv\",\"runner\",\"shard\",\"specFileRetries\",\"specFileRetriesDelay\",\"specFileRetriesDeferred\",\"reporterSyncInterval\",\"reporterSyncTimeout\",\"cucumberFeaturesWithLineNumbers\",\"autoCompileOpts\",\"mochaOpts\",\"jasmineOpts\",\"cucumberOpts\",\"onPrepare\",\"onWorkerStart\",\"onWorkerEnd\",\"before\",\"beforeSession\",\"beforeSuite\",\"beforeHook\",\"beforeTest\",\"afterTest\",\"afterHook\",\"afterSuite\",\"afterSession\",\"after\",\"onComplete\",\"beforeAssertion\",\"afterAssertion\",\"beforeFeature\",\"beforeScenario\",\"beforeStep\",\"afterStep\",\"afterScenario\",\"afterFeature\",\"_\",\"suite\",\"$0\",\"ignoredWorkerServices\",\"wdi5\"]"}]}
RESULT: {"script":"<script> [2342 bytes]","args":[{"protocol":"http","hostname":"0.0.0.0","path":"/","capabilities":{"browserName":"chrome","goog:chromeOptions":{"binary":"C:\\Program Files\\Google\\Chrome\\Application\\chrome.exe","args":["--start-maximized"]}},"logLevel":"warn","connectionRetryTimeout":120000,"connectionRetryCount":3,"logLevels":{},"enableDirectConnect":true,"strictSSL":true,"_":"65 more keys: [\"cacheDir\",\"port\",\"requestedCapabilities\",\"automationProtocol\",\"baseUrl\",\"waitforInterval\",\"waitforTimeout\",\"onReload\",\"beforeCommand\",\"afterCommand\",\"rootDir\",\"specs\",\"suites\",\"exclude\",\"groupLogsByTestSpec\",\"excludeDriverLogs\",\"bail\",\"framework\",\"reporters\",\"services\",\"maxInstances\",\"maxInstancesPerCapability\",\"injectGlobals\",\"filesToWatch\",\"execArgv\",\"runnerEnv\",\"runner\",\"shard\",\"specFileRetries\",\"specFileRetriesDelay\",\"specFileRetriesDeferred\",\"reporterSyncInterval\",\"reporterSyncTimeout\",\"cucumberFeaturesWithLineNumbers\",\"autoCompileOpts\",\"mochaOpts\",\"jasmineOpts\",\"cucumberOpts\",\"onPrepare\",\"onWorkerStart\",\"onWorkerEnd\",\"before\",\"beforeSession\",\"beforeSuite\",\"beforeHook\",\"beforeTest\",\"afterTest\",\"afterHook\",\"afterSuite\",\"afterSession\",\"after\",\"onComplete\",\"beforeAssertion\",\"afterAssertion\",\"beforeFeature\",\"beforeScenario\",\"beforeStep\",\"afterStep\",\"afterScenario\",\"afterFeature\",\"_\",\"suite\",\"$0\",\"ignoredWorkerServices\",\"wdi5\"]"}]}
COMMAND: POST /session/4014c46da53de9d919a43de616e31eed/execute/async - {"script":"<script> [21126 bytes]","args":[35000]}
RESULT: {"script":"<script> [21126 bytes]","args":[35000]}
COMMAND: POST /session/4014c46da53de9d919a43de616e31eed/execute/async - {"script":"<script> [1562 bytes]","args":[{"selector":{"id":"application-managecatalogs-display-component---detailCatalog--ValuesSmartTable-header"},"wdio_ui5_key":"applicationmanagecatalogs-display-component---detailCatalog--ValuesSmartTable-header"}]}
RESULT: {"script":"<script> [1562 bytes]","args":[{"selector":{"id":"application-managecatalogs-display-component---detailCatalog--ValuesSmartTable-header"},"wdio_ui5_key":"applicationmanagecatalogs-display-component---detailCatalog--ValuesSmartTable-header"}]}
RESULT: undefined
COMMAND: POST /session/4014c46da53de9d919a43de616e31eed/execute/async - {"script":"<script> [6424 bytes]","args":[{"element-6066-11e4-a52e-4f735466cecf":"f.936893D81E2E9803B5A63DB714104460.d.737F096E43925C2C112B7307F738A636.e.2373"},"getText",[]]}
RESULT: {"script":"<script> [6424 bytes]","args":[{"element-6066-11e4-a52e-4f735466cecf":"f.936893D81E2E9803B5A63DB714104460.d.737F096E43925C2C112B7307F738A636.e.2373"},"getText",[]]}
COMMAND: POST /session/4014c46da53de9d919a43de616e31eed/element - {"using":"css selector","value":"#shell-header-logo"}
RESULT: {"using":"css selector","value":"#shell-header-logo"}
COMMAND: POST /session/4014c46da53de9d919a43de616e31eed/element/f.936893D81E2E9803B5A63DB714104460.d.737F096E43925C2C112B7307F738A636.e.2309/click - {}
RESULT: {}
COMMAND: GET /session/4014c46da53de9d919a43de616e31eed/screenshot - {}
RESULT: {}
]]></system-out>
    </testcase>
  </testsuite>
  <testsuite timestamp="2025-05-24T15:59:00" time="419.308" tests="4" failures="0" errors="0" skipped="0">
    <properties>
      <property name="specId" value="0"/>
      <property name="suiteName" value="Verify RU inventory split cost information US139363"/>
      <property name="capabilities" value="chrome.136_0_7103_93.windows"/>
      <property name="file" value="file:///D:/a/1/s/test/specs/R2C/verify-ru-inventory-split-cost-information.spec.js"/>
    </properties>
    <testcase classname="chrome.136_0_7103_93.windows.Verify_RU_inventory_split_cost_information_US139363" name="Should create a new contract" time="98.262">
      <system-out><![CDATA[
COMMAND: POST /session/4014c46da53de9d919a43de616e31eed/execute/async - {"script":"<script> [1562 bytes]","args":[{"selector":{"controlType":"sap.m.GenericTile","properties":{"header":"Manage Contracts"}},"wdio_ui5_key":"sapm.GenericTile{\"header\":\"Manage Contracts\"}"}]}
RESULT: {"script":"<script> [1562 bytes]","args":[{"selector":{"controlType":"sap.m.GenericTile","properties":{"header":"Manage Contracts"}},"wdio_ui5_key":"sapm.GenericTile{\"header\":\"Manage Contracts\"}"}]}
RESULT: undefined
COMMAND: POST /session/4014c46da53de9d919a43de616e31eed/element - {"using":"xpath","value":"//*[@id=\"__tile130\"]"}
RESULT: {"using":"xpath","value":"//*[@id=\"__tile130\"]"}
COMMAND: POST /session/4014c46da53de9d919a43de616e31eed/element/f.936893D81E2E9803B5A63DB714104460.d.737F096E43925C2C112B7307F738A636.e.2378/click - {}
RESULT: {}
COMMAND: GET /session/4014c46da53de9d919a43de616e31eed/screenshot - {}
RESULT: {}
COMMAND: POST /session/4014c46da53de9d919a43de616e31eed/elements - {"using":"xpath","value":"//span[text()='Error']"}
RESULT: {"using":"xpath","value":"//span[text()='Error']"}
COMMAND: POST /session/4014c46da53de9d919a43de616e31eed/element - {"using":"xpath","value":"//button[@data-kt=\"addButton\"]"}
RESULT: {"using":"xpath","value":"//button[@data-kt=\"addButton\"]"}
COMMAND: POST /session/4014c46da53de9d919a43de616e31eed/element/f.936893D81E2E9803B5A63DB714104460.d.737F096E43925C2C112B7307F738A636.e.2430/click - {}
RESULT: {}
COMMAND: GET /session/4014c46da53de9d919a43de616e31eed/screenshot - {}
RESULT: {}
COMMAND: POST /session/4014c46da53de9d919a43de616e31eed/execute/async - {"script":"<script> [1562 bytes]","args":[{"selector":{"id":"application-managecontracts-display-component---AddNewContract--projectDescription","interaction":{"idSuffix":"inner"}},"wdio_ui5_key":"applicationmanagecontracts-display-component---AddNewContract--projectDescription"}]}
RESULT: {"script":"<script> [1562 bytes]","args":[{"selector":{"id":"application-managecontracts-display-component---AddNewContract--projectDescription","interaction":{"idSuffix":"inner"}},"wdio_ui5_key":"applicationmanagecontracts-display-component---AddNewContract--projectDescription"}]}
RESULT: undefined
COMMAND: POST /session/4014c46da53de9d919a43de616e31eed/execute/async - {"script":"<script> [776 bytes]","args":[{"enterText":"WdIOR2cnc4b1h","selector":{"id":"application-managecontracts-display-component---AddNewContract--projectDescription","interaction":{"idSuffix":"inner"}},"clearTextFirst":true,"interactionType":"ENTER_TEXT"}]}
RESULT: {"script":"<script> [776 bytes]","args":[{"enterText":"WdIOR2cnc4b1h","selector":{"id":"application-managecontracts-display-component---AddNewContract--projectDescription","interaction":{"idSuffix":"inner"}},"clearTextFirst":true,"interactionType":"ENTER_TEXT"}]}
COMMAND: POST /session/4014c46da53de9d919a43de616e31eed/element - {"using":"xpath","value":"//input[@id=\"application-managecontracts-display-component---AddNewContract--yardId-inner\"]"}
RESULT: {"using":"xpath","value":"//input[@id=\"application-managecontracts-display-component---AddNewContract--yardId-inner\"]"}
COMMAND: POST /session/4014c46da53de9d919a43de616e31eed/element/f.936893D81E2E9803B5A63DB714104460.d.737F096E43925C2C112B7307F738A636.e.2697/clear - {}
RESULT: {}
COMMAND: POST /session/4014c46da53de9d919a43de616e31eed/element/f.936893D81E2E9803B5A63DB714104460.d.737F096E43925C2C112B7307F738A636.e.2697/value - {"text":"webdriveryard"}
COMMAND: GET /session/4014c46da53de9d919a43de616e31eed/screenshot - {}
RESULT: {"text":"webdriveryard"}
COMMAND: GET /session/4014c46da53de9d919a43de616e31eed/screenshot - {}
RESULT: {}
RESULT: {}
COMMAND: POST /session/4014c46da53de9d919a43de616e31eed/actions - {"actions":[{"id":"action17","type":"key","parameters":{},"actions":[{"type":"keyDown","value":""},{"type":"pause","duration":10},{"type":"keyUp","value":""}]}]}
RESULT: {"actions":[{"id":"action17","type":"key","parameters":{},"actions":[{"type":"keyDown","value":""},{"type":"pause","duration":10},{"type":"keyUp","value":""}]}]}
COMMAND: GET /session/4014c46da53de9d919a43de616e31eed/screenshot - {}
RESULT: {}
COMMAND: POST /session/4014c46da53de9d919a43de616e31eed/element - {"using":"xpath","value":"//input[@id=\"application-managecontracts-display-component---AddNewContract--customerSelect-inner\"]"}
RESULT: {"using":"xpath","value":"//input[@id=\"application-managecontracts-display-component---AddNewContract--customerSelect-inner\"]"}
COMMAND: POST /session/4014c46da53de9d919a43de616e31eed/element/f.936893D81E2E9803B5A63DB714104460.d.737F096E43925C2C112B7307F738A636.e.2695/clear - {}
RESULT: {}
COMMAND: POST /session/4014c46da53de9d919a43de616e31eed/element/f.936893D81E2E9803B5A63DB714104460.d.737F096E43925C2C112B7307F738A636.e.2695/value - {"text":"webdriverpartner"}
COMMAND: GET /session/4014c46da53de9d919a43de616e31eed/screenshot - {}
RESULT: {"text":"webdriverpartner"}
COMMAND: GET /session/4014c46da53de9d919a43de616e31eed/screenshot - {}
RESULT: {}
RESULT: {}
COMMAND: POST /session/4014c46da53de9d919a43de616e31eed/actions - {"actions":[{"id":"action18","type":"key","parameters":{},"actions":[{"type":"keyDown","value":""},{"type":"pause","duration":10},{"type":"keyUp","value":""}]}]}
RESULT: {"actions":[{"id":"action18","type":"key","parameters":{},"actions":[{"type":"keyDown","value":""},{"type":"pause","duration":10},{"type":"keyUp","value":""}]}]}
COMMAND: GET /session/4014c46da53de9d919a43de616e31eed/screenshot - {}
RESULT: {}
COMMAND: POST /session/4014c46da53de9d919a43de616e31eed/element - {"using":"xpath","value":"//input[@id=\"application-managecontracts-display-component---AddNewContract--site-inner\"]"}
RESULT: {"using":"xpath","value":"//input[@id=\"application-managecontracts-display-component---AddNewContract--site-inner\"]"}
COMMAND: POST /session/4014c46da53de9d919a43de616e31eed/element/f.936893D81E2E9803B5A63DB714104460.d.737F096E43925C2C112B7307F738A636.e.2696/clear - {}
RESULT: {}
COMMAND: POST /session/4014c46da53de9d919a43de616e31eed/element/f.936893D81E2E9803B5A63DB714104460.d.737F096E43925C2C112B7307F738A636.e.2696/value - {"text":"Webdriversite"}
COMMAND: GET /session/4014c46da53de9d919a43de616e31eed/screenshot - {}
RESULT: {"text":"Webdriversite"}
COMMAND: GET /session/4014c46da53de9d919a43de616e31eed/screenshot - {}
RESULT: {}
RESULT: {}
COMMAND: POST /session/4014c46da53de9d919a43de616e31eed/actions - {"actions":[{"id":"action19","type":"key","parameters":{},"actions":[{"type":"keyDown","value":""},{"type":"pause","duration":10},{"type":"keyUp","value":""}]}]}
RESULT: {"actions":[{"id":"action19","type":"key","parameters":{},"actions":[{"type":"keyDown","value":""},{"type":"pause","duration":10},{"type":"keyUp","value":""}]}]}
COMMAND: GET /session/4014c46da53de9d919a43de616e31eed/screenshot - {}
RESULT: {}
COMMAND: POST /session/4014c46da53de9d919a43de616e31eed/element - {"using":"xpath","value":"//button[@data-kt=\"saveButton\"]"}
RESULT: {"using":"xpath","value":"//button[@data-kt=\"saveButton\"]"}
COMMAND: POST /session/4014c46da53de9d919a43de616e31eed/element/f.936893D81E2E9803B5A63DB714104460.d.737F096E43925C2C112B7307F738A636.e.2771/click - {}
RESULT: {}
COMMAND: GET /session/4014c46da53de9d919a43de616e31eed/screenshot - {}
RESULT: {}
COMMAND: POST /session/4014c46da53de9d919a43de616e31eed/execute/async - {"script":"<script> [1562 bytes]","args":[{"selector":{"id":"contractDetailTitleNoExpanded","viewName":"etm.portal.ui.managecontracts.view.Detail"},"wdio_ui5_key":"contractDetailTitleNoExpandedetmportal.ui.managecontracts.view.Detail"}]}
RESULT: {"script":"<script> [1562 bytes]","args":[{"selector":{"id":"contractDetailTitleNoExpanded","viewName":"etm.portal.ui.managecontracts.view.Detail"},"wdio_ui5_key":"contractDetailTitleNoExpandedetmportal.ui.managecontracts.view.Detail"}]}
RESULT: undefined
COMMAND: POST /session/4014c46da53de9d919a43de616e31eed/execute/async - {"script":"<script> [6424 bytes]","args":[{"element-6066-11e4-a52e-4f735466cecf":"f.936893D81E2E9803B5A63DB714104460.d.737F096E43925C2C112B7307F738A636.e.2853"},"getText",[]]}
RESULT: {"script":"<script> [6424 bytes]","args":[{"element-6066-11e4-a52e-4f735466cecf":"f.936893D81E2E9803B5A63DB714104460.d.737F096E43925C2C112B7307F738A636.e.2853"},"getText",[]]}
COMMAND: POST /session/4014c46da53de9d919a43de616e31eed/element - {"using":"css selector","value":"#shell-header-logo"}
RESULT: {"using":"css selector","value":"#shell-header-logo"}
COMMAND: POST /session/4014c46da53de9d919a43de616e31eed/element/f.936893D81E2E9803B5A63DB714104460.d.737F096E43925C2C112B7307F738A636.e.2380/click - {}
RESULT: {}
COMMAND: GET /session/4014c46da53de9d919a43de616e31eed/screenshot - {}
RESULT: {}
]]></system-out>
    </testcase>
    <testcase classname="chrome.136_0_7103_93.windows.Verify_RU_inventory_split_cost_information_US139363" name="Should create a new equipment" time="126.95">
      <system-out><![CDATA[
COMMAND: POST /session/4014c46da53de9d919a43de616e31eed/execute/async - {"script":"<script> [1562 bytes]","args":[{"selector":{"controlType":"sap.m.GenericTile","properties":{"header":"Manage Resources"}},"wdio_ui5_key":"sapm.GenericTile{\"header\":\"Manage Resources\"}"}]}
RESULT: {"script":"<script> [1562 bytes]","args":[{"selector":{"controlType":"sap.m.GenericTile","properties":{"header":"Manage Resources"}},"wdio_ui5_key":"sapm.GenericTile{\"header\":\"Manage Resources\"}"}]}
RESULT: undefined
COMMAND: POST /session/4014c46da53de9d919a43de616e31eed/element - {"using":"xpath","value":"//*[@id=\"__tile39\"]"}
RESULT: {"using":"xpath","value":"//*[@id=\"__tile39\"]"}
COMMAND: POST /session/4014c46da53de9d919a43de616e31eed/element/f.936893D81E2E9803B5A63DB714104460.d.737F096E43925C2C112B7307F738A636.e.2856/click - {}
RESULT: {}
COMMAND: GET /session/4014c46da53de9d919a43de616e31eed/screenshot - {}
RESULT: {}
COMMAND: POST /session/4014c46da53de9d919a43de616e31eed/elements - {"using":"xpath","value":"//span[text()='Error']"}
RESULT: {"using":"xpath","value":"//span[text()='Error']"}
COMMAND: POST /session/4014c46da53de9d919a43de616e31eed/element - {"using":"xpath","value":"//button[@data-kt=\"addNewRUOverflowToolbarButton\"]"}
RESULT: {"using":"xpath","value":"//button[@data-kt=\"addNewRUOverflowToolbarButton\"]"}
COMMAND: POST /session/4014c46da53de9d919a43de616e31eed/execute/sync - {"script":"<script> [8489 bytes]","args":[{"element-6066-11e4-a52e-4f735466cecf":"f.936893D81E2E9803B5A63DB714104460.d.737F096E43925C2C112B7307F738A636.e.2898","ELEMENT":"f.936893D81E2E9803B5A63DB714104460.d.737F096E43925C2C112B7307F738A636.e.2898"}]}
RESULT: {"script":"<script> [8489 bytes]","args":[{"element-6066-11e4-a52e-4f735466cecf":"f.936893D81E2E9803B5A63DB714104460.d.737F096E43925C2C112B7307F738A636.e.2898","ELEMENT":"f.936893D81E2E9803B5A63DB714104460.d.737F096E43925C2C112B7307F738A636.e.2898"}]}
COMMAND: POST /session/4014c46da53de9d919a43de616e31eed/element/f.936893D81E2E9803B5A63DB714104460.d.737F096E43925C2C112B7307F738A636.e.2898/click - {}
COMMAND: GET /session/4014c46da53de9d919a43de616e31eed/screenshot - {}
RESULT: {}
COMMAND: GET /session/4014c46da53de9d919a43de616e31eed/screenshot - {}
COMMAND: POST /session/4014c46da53de9d919a43de616e31eed/execute/async - {"script":"<script> [1562 bytes]","args":[{"selector":{"id":"application-manageresources-display-component---newResourceUnit--TYPE-arrow"},"wdio_ui5_key":"applicationmanageresources-display-component---newResourceUnit--TYPE-arrow"}]}
RESULT: {}
RESULT: {}
RESULT: {"script":"<script> [1562 bytes]","args":[{"selector":{"id":"application-manageresources-display-component---newResourceUnit--TYPE-arrow"},"wdio_ui5_key":"applicationmanageresources-display-component---newResourceUnit--TYPE-arrow"}]}
RESULT: undefined
COMMAND: POST /session/4014c46da53de9d919a43de616e31eed/element - {"using":"xpath","value":"//*[@id=\"application-manageresources-display-component---newResourceUnit--TYPE-arrow\"]"}
RESULT: {"using":"xpath","value":"//*[@id=\"application-manageresources-display-component---newResourceUnit--TYPE-arrow\"]"}
COMMAND: POST /session/4014c46da53de9d919a43de616e31eed/element/f.936893D81E2E9803B5A63DB714104460.d.737F096E43925C2C112B7307F738A636.e.3214/click - {}
RESULT: {}
COMMAND: POST /session/4014c46da53de9d919a43de616e31eed/execute/async - {"script":"<script> [1562 bytes]","args":[{"selector":{"controlType":"sap.m.StandardListItem","viewName":"reusables.view.manageresources.NewResourceUnit","viewId":"application-manageresources-display-component---newResourceUnit","properties":{"title":"Equipment"},"searchOpenDialogs":true,"interaction":{"idSuffix":"content"}},"wdio_ui5_key":"reusablesview.manageresources.NewResourceUnitsap.m.StandardListItem{\"title\":\"Equipment\"}"}]}
COMMAND: GET /session/4014c46da53de9d919a43de616e31eed/screenshot - {}
RESULT: {"script":"<script> [1562 bytes]","args":[{"selector":{"controlType":"sap.m.StandardListItem","viewName":"reusables.view.manageresources.NewResourceUnit","viewId":"application-manageresources-display-component---newResourceUnit","properties":{"title":"Equipment"},"searchOpenDialogs":true,"interaction":{"idSuffix":"content"}},"wdio_ui5_key":"reusablesview.manageresources.NewResourceUnitsap.m.StandardListItem{\"title\":\"Equipment\"}"}]}
RESULT: undefined
COMMAND: POST /session/4014c46da53de9d919a43de616e31eed/element - {"using":"xpath","value":"//*[@id=\"__item859\"]"}
RESULT: {}
RESULT: {"using":"xpath","value":"//*[@id=\"__item859\"]"}
COMMAND: POST /session/4014c46da53de9d919a43de616e31eed/element/f.936893D81E2E9803B5A63DB714104460.d.737F096E43925C2C112B7307F738A636.e.3217/click - {}
RESULT: {}
COMMAND: POST /session/4014c46da53de9d919a43de616e31eed/execute/async - {"script":"<script> [1562 bytes]","args":[{"selector":{"id":"application-manageresources-display-component---newResourceUnit--resourceId","interaction":{"idSuffix":"inner"}},"wdio_ui5_key":"applicationmanageresources-display-component---newResourceUnit--resourceId"}]}
COMMAND: GET /session/4014c46da53de9d919a43de616e31eed/screenshot - {}
RESULT: {"script":"<script> [1562 bytes]","args":[{"selector":{"id":"application-manageresources-display-component---newResourceUnit--resourceId","interaction":{"idSuffix":"inner"}},"wdio_ui5_key":"applicationmanageresources-display-component---newResourceUnit--resourceId"}]}
RESULT: undefined
COMMAND: POST /session/4014c46da53de9d919a43de616e31eed/execute/async - {"script":"<script> [776 bytes]","args":[{"enterText":"WdIOR2cEquipb3oroj","selector":{"id":"application-manageresources-display-component---newResourceUnit--resourceId","interaction":{"idSuffix":"inner"}},"clearTextFirst":true,"interactionType":"ENTER_TEXT"}]}
RESULT: {}
RESULT: {"script":"<script> [776 bytes]","args":[{"enterText":"WdIOR2cEquipb3oroj","selector":{"id":"application-manageresources-display-component---newResourceUnit--resourceId","interaction":{"idSuffix":"inner"}},"clearTextFirst":true,"interactionType":"ENTER_TEXT"}]}
COMMAND: POST /session/4014c46da53de9d919a43de616e31eed/execute/async - {"script":"<script> [1562 bytes]","args":[{"selector":{"id":"application-manageresources-display-component---newResourceUnit--SHORT_TEXT","interaction":{"idSuffix":"inner"}},"wdio_ui5_key":"applicationmanageresources-display-component---newResourceUnit--SHORT_TEXT"}]}
RESULT: {"script":"<script> [1562 bytes]","args":[{"selector":{"id":"application-manageresources-display-component---newResourceUnit--SHORT_TEXT","interaction":{"idSuffix":"inner"}},"wdio_ui5_key":"applicationmanageresources-display-component---newResourceUnit--SHORT_TEXT"}]}
RESULT: undefined
COMMAND: POST /session/4014c46da53de9d919a43de616e31eed/execute/async - {"script":"<script> [776 bytes]","args":[{"enterText":"WdIOR2cEquipb3oroj","selector":{"id":"application-manageresources-display-component---newResourceUnit--SHORT_TEXT","interaction":{"idSuffix":"inner"}},"clearTextFirst":true,"interactionType":"ENTER_TEXT"}]}
RESULT: {"script":"<script> [776 bytes]","args":[{"enterText":"WdIOR2cEquipb3oroj","selector":{"id":"application-manageresources-display-component---newResourceUnit--SHORT_TEXT","interaction":{"idSuffix":"inner"}},"clearTextFirst":true,"interactionType":"ENTER_TEXT"}]}
COMMAND: POST /session/4014c46da53de9d919a43de616e31eed/execute/async - {"script":"<script> [1562 bytes]","args":[{"selector":{"id":"application-manageresources-display-component---newResourceUnit--BASE_UNIT_OF_MEASURE","interaction":{"idSuffix":"inner"}},"wdio_ui5_key":"applicationmanageresources-display-component---newResourceUnit--BASE_UNIT_OF_MEASURE"}]}
RESULT: {"script":"<script> [1562 bytes]","args":[{"selector":{"id":"application-manageresources-display-component---newResourceUnit--BASE_UNIT_OF_MEASURE","interaction":{"idSuffix":"inner"}},"wdio_ui5_key":"applicationmanageresources-display-component---newResourceUnit--BASE_UNIT_OF_MEASURE"}]}
RESULT: undefined
COMMAND: POST /session/4014c46da53de9d919a43de616e31eed/execute/async - {"script":"<script> [776 bytes]","args":[{"enterText":"Piece","selector":{"id":"application-manageresources-display-component---newResourceUnit--BASE_UNIT_OF_MEASURE","interaction":{"idSuffix":"inner"}},"clearTextFirst":true,"interactionType":"ENTER_TEXT"}]}
RESULT: {"script":"<script> [776 bytes]","args":[{"enterText":"Piece","selector":{"id":"application-manageresources-display-component---newResourceUnit--BASE_UNIT_OF_MEASURE","interaction":{"idSuffix":"inner"}},"clearTextFirst":true,"interactionType":"ENTER_TEXT"}]}
COMMAND: POST /session/4014c46da53de9d919a43de616e31eed/execute/async - {"script":"<script> [1562 bytes]","args":[{"selector":{"id":"application-manageresources-display-component---newResourceUnit--WEIGHT_UNIT","interaction":{"idSuffix":"inner"}},"wdio_ui5_key":"applicationmanageresources-display-component---newResourceUnit--WEIGHT_UNIT"}]}
RESULT: {"script":"<script> [1562 bytes]","args":[{"selector":{"id":"application-manageresources-display-component---newResourceUnit--WEIGHT_UNIT","interaction":{"idSuffix":"inner"}},"wdio_ui5_key":"applicationmanageresources-display-component---newResourceUnit--WEIGHT_UNIT"}]}
RESULT: undefined
COMMAND: POST /session/4014c46da53de9d919a43de616e31eed/execute/async - {"script":"<script> [776 bytes]","args":[{"enterText":"Gram","selector":{"id":"application-manageresources-display-component---newResourceUnit--WEIGHT_UNIT","interaction":{"idSuffix":"inner"}},"clearTextFirst":true,"interactionType":"ENTER_TEXT"}]}
RESULT: {"script":"<script> [776 bytes]","args":[{"enterText":"Gram","selector":{"id":"application-manageresources-display-component---newResourceUnit--WEIGHT_UNIT","interaction":{"idSuffix":"inner"}},"clearTextFirst":true,"interactionType":"ENTER_TEXT"}]}
COMMAND: POST /session/4014c46da53de9d919a43de616e31eed/execute/async - {"script":"<script> [1562 bytes]","args":[{"selector":{"id":"application-manageresources-display-component---newResourceUnit--newRRUPage-OPHeaderContent-collapseBtn-img"},"wdio_ui5_key":"applicationmanageresources-display-component---newResourceUnit--newRRUPage-OPHeaderContent-collapseBtn-img"}]}
RESULT: {"script":"<script> [1562 bytes]","args":[{"selector":{"id":"application-manageresources-display-component---newResourceUnit--newRRUPage-OPHeaderContent-collapseBtn-img"},"wdio_ui5_key":"applicationmanageresources-display-component---newResourceUnit--newRRUPage-OPHeaderContent-collapseBtn-img"}]}
RESULT: undefined
COMMAND: POST /session/4014c46da53de9d919a43de616e31eed/element - {"using":"xpath","value":"//*[@id=\"application-manageresources-display-component---newResourceUnit--newRRUPage-OPHeaderContent-collapseBtn-img\"]"}
RESULT: {"using":"xpath","value":"//*[@id=\"application-manageresources-display-component---newResourceUnit--newRRUPage-OPHeaderContent-collapseBtn-img\"]"}
COMMAND: POST /session/4014c46da53de9d919a43de616e31eed/element/f.936893D81E2E9803B5A63DB714104460.d.737F096E43925C2C112B7307F738A636.e.3225/click - {}
RESULT: {}
COMMAND: GET /session/4014c46da53de9d919a43de616e31eed/screenshot - {}
RESULT: {}
COMMAND: POST /session/4014c46da53de9d919a43de616e31eed/element - {"using":"xpath","value":"(//span[contains(@id ,\"application-manageresources-display-component---newResourceUnit--DIMENSION_UNIT-arrow\")])[1]"}
RESULT: {"using":"xpath","value":"(//span[contains(@id ,\"application-manageresources-display-component---newResourceUnit--DIMENSION_UNIT-arrow\")])[1]"}
COMMAND: POST /session/4014c46da53de9d919a43de616e31eed/element/f.936893D81E2E9803B5A63DB714104460.d.737F096E43925C2C112B7307F738A636.e.3375/click - {}
RESULT: {}
COMMAND: GET /session/4014c46da53de9d919a43de616e31eed/screenshot - {}
RESULT: {}
COMMAND: POST /session/4014c46da53de9d919a43de616e31eed/execute/async - {"script":"<script> [1562 bytes]","args":[{"selector":{"controlType":"sap.m.StandardListItem","viewName":"reusables.view.manageresources.NewResourceUnit","viewId":"application-manageresources-display-component---newResourceUnit","properties":{"title":"Centimeter"},"searchOpenDialogs":true,"interaction":{"idSuffix":"titleText"}},"wdio_ui5_key":"reusablesview.manageresources.NewResourceUnitsap.m.StandardListItem{\"title\":\"Centimeter\"}"}]}
RESULT: {"script":"<script> [1562 bytes]","args":[{"selector":{"controlType":"sap.m.StandardListItem","viewName":"reusables.view.manageresources.NewResourceUnit","viewId":"application-manageresources-display-component---newResourceUnit","properties":{"title":"Centimeter"},"searchOpenDialogs":true,"interaction":{"idSuffix":"titleText"}},"wdio_ui5_key":"reusablesview.manageresources.NewResourceUnitsap.m.StandardListItem{\"title\":\"Centimeter\"}"}]}
RESULT: undefined
COMMAND: POST /session/4014c46da53de9d919a43de616e31eed/element - {"using":"xpath","value":"//*[@id=\"__item919\"]"}
RESULT: {"using":"xpath","value":"//*[@id=\"__item919\"]"}
COMMAND: POST /session/4014c46da53de9d919a43de616e31eed/element/f.936893D81E2E9803B5A63DB714104460.d.737F096E43925C2C112B7307F738A636.e.3377/click - {}
RESULT: {}
COMMAND: GET /session/4014c46da53de9d919a43de616e31eed/screenshot - {}
RESULT: {}
COMMAND: POST /session/4014c46da53de9d919a43de616e31eed/execute/async - {"script":"<script> [1562 bytes]","args":[{"selector":{"id":"application-manageresources-display-component---newResourceUnit--newRRUPage-anchBar-application-manageresources-display-component---newResourceUnit--control-anchor","interaction":{"idSuffix":"BDI-content"}},"wdio_ui5_key":"applicationmanageresources-display-component---newResourceUnit--newRRUPage-anchBar-application-manageresources-display-component---newResourceUnit--control-anchor"}]}
RESULT: {"script":"<script> [1562 bytes]","args":[{"selector":{"id":"application-manageresources-display-component---newResourceUnit--newRRUPage-anchBar-application-manageresources-display-component---newResourceUnit--control-anchor","interaction":{"idSuffix":"BDI-content"}},"wdio_ui5_key":"applicationmanageresources-display-component---newResourceUnit--newRRUPage-anchBar-application-manageresources-display-component---newResourceUnit--control-anchor"}]}
RESULT: undefined
COMMAND: POST /session/4014c46da53de9d919a43de616e31eed/element - {"using":"xpath","value":"//*[@id=\"application-manageresources-display-component---newResourceUnit--newRRUPage-anchBar-application-manageresources-display-component---newResourceUnit--control-anchor\"]"}
RESULT: {"using":"xpath","value":"//*[@id=\"application-manageresources-display-component---newResourceUnit--newRRUPage-anchBar-application-manageresources-display-component---newResourceUnit--control-anchor\"]"}
COMMAND: POST /session/4014c46da53de9d919a43de616e31eed/element/f.936893D81E2E9803B5A63DB714104460.d.737F096E43925C2C112B7307F738A636.e.3379/click - {}
RESULT: {}
COMMAND: POST /session/4014c46da53de9d919a43de616e31eed/execute/async - {"script":"<script> [1562 bytes]","args":[{"selector":{"id":"application-manageresources-display-component---newResourceUnit--PLANNING_GROUP","interaction":{"idSuffix":"inner"}},"wdio_ui5_key":"applicationmanageresources-display-component---newResourceUnit--PLANNING_GROUP"}]}
COMMAND: GET /session/4014c46da53de9d919a43de616e31eed/screenshot - {}
RESULT: {"script":"<script> [1562 bytes]","args":[{"selector":{"id":"application-manageresources-display-component---newResourceUnit--PLANNING_GROUP","interaction":{"idSuffix":"inner"}},"wdio_ui5_key":"applicationmanageresources-display-component---newResourceUnit--PLANNING_GROUP"}]}
RESULT: undefined
COMMAND: POST /session/4014c46da53de9d919a43de616e31eed/execute/async - {"script":"<script> [776 bytes]","args":[{"enterText":"Heavy Equi","selector":{"id":"application-manageresources-display-component---newResourceUnit--PLANNING_GROUP","interaction":{"idSuffix":"inner"}},"clearTextFirst":true,"interactionType":"ENTER_TEXT"}]}
RESULT: {}
RESULT: {"script":"<script> [776 bytes]","args":[{"enterText":"Heavy Equi","selector":{"id":"application-manageresources-display-component---newResourceUnit--PLANNING_GROUP","interaction":{"idSuffix":"inner"}},"clearTextFirst":true,"interactionType":"ENTER_TEXT"}]}
COMMAND: POST /session/4014c46da53de9d919a43de616e31eed/execute/async - {"script":"<script> [1562 bytes]","args":[{"selector":{"id":"application-manageresources-display-component---newResourceUnit--ITEM_TYPE-arrow"},"wdio_ui5_key":"applicationmanageresources-display-component---newResourceUnit--ITEM_TYPE-arrow"}]}
RESULT: {"script":"<script> [1562 bytes]","args":[{"selector":{"id":"application-manageresources-display-component---newResourceUnit--ITEM_TYPE-arrow"},"wdio_ui5_key":"applicationmanageresources-display-component---newResourceUnit--ITEM_TYPE-arrow"}]}
RESULT: undefined
COMMAND: POST /session/4014c46da53de9d919a43de616e31eed/element - {"using":"xpath","value":"//*[@id=\"application-manageresources-display-component---newResourceUnit--ITEM_TYPE-arrow\"]"}
RESULT: {"using":"xpath","value":"//*[@id=\"application-manageresources-display-component---newResourceUnit--ITEM_TYPE-arrow\"]"}
COMMAND: POST /session/4014c46da53de9d919a43de616e31eed/element/f.936893D81E2E9803B5A63DB714104460.d.737F096E43925C2C112B7307F738A636.e.3386/click - {}
RESULT: {}
COMMAND: POST /session/4014c46da53de9d919a43de616e31eed/execute/async - {"script":"<script> [1562 bytes]","args":[{"selector":{"controlType":"sap.m.StandardListItem","viewName":"reusables.view.manageresources.NewResourceUnit","viewId":"application-manageresources-display-component---newResourceUnit","properties":{"title":"Resource Unit"},"searchOpenDialogs":true,"interaction":{"idSuffix":"titleText"}},"wdio_ui5_key":"reusablesview.manageresources.NewResourceUnitsap.m.StandardListItem{\"title\":\"Resource Unit\"}"}]}
COMMAND: GET /session/4014c46da53de9d919a43de616e31eed/screenshot - {}
RESULT: {"script":"<script> [1562 bytes]","args":[{"selector":{"controlType":"sap.m.StandardListItem","viewName":"reusables.view.manageresources.NewResourceUnit","viewId":"application-manageresources-display-component---newResourceUnit","properties":{"title":"Resource Unit"},"searchOpenDialogs":true,"interaction":{"idSuffix":"titleText"}},"wdio_ui5_key":"reusablesview.manageresources.NewResourceUnitsap.m.StandardListItem{\"title\":\"Resource Unit\"}"}]}
RESULT: undefined
COMMAND: POST /session/4014c46da53de9d919a43de616e31eed/element - {"using":"xpath","value":"//*[@id=\"__item941\"]"}
RESULT: {}
RESULT: {"using":"xpath","value":"//*[@id=\"__item941\"]"}
COMMAND: POST /session/4014c46da53de9d919a43de616e31eed/element/f.936893D81E2E9803B5A63DB714104460.d.737F096E43925C2C112B7307F738A636.e.3388/click - {}
RESULT: {}
COMMAND: POST /session/4014c46da53de9d919a43de616e31eed/element - {"using":"xpath","value":"//bdi[contains(text(), \"Time Segment\")]"}
COMMAND: GET /session/4014c46da53de9d919a43de616e31eed/screenshot - {}
RESULT: {"using":"xpath","value":"//bdi[contains(text(), \"Time Segment\")]"}
COMMAND: GET /session/4014c46da53de9d919a43de616e31eed/element/f.936893D81E2E9803B5A63DB714104460.d.737F096E43925C2C112B7307F738A636.e.3395/rect - {}
RESULT: {}
RESULT: {}
COMMAND: GET /session/4014c46da53de9d919a43de616e31eed/window/rect - {}
RESULT: {}
COMMAND: POST /session/4014c46da53de9d919a43de616e31eed/execute/sync - {"script":"<script> [92 bytes]","args":[]}
RESULT: {"script":"<script> [92 bytes]","args":[]}
COMMAND: POST /session/4014c46da53de9d919a43de616e31eed/actions - {"actions":[{"id":"action20","type":"wheel","parameters":{},"actions":[{"type":"scroll","x":-1820,"y":-21,"deltaX":0,"deltaY":0,"duration":0,"origin":{"element-6066-11e4-a52e-4f735466cecf":"f.936893D81E2E9803B5A63DB714104460.d.737F096E43925C2C112B7307F738A636.e.3395"}}]}]}
COMMAND: GET /session/4014c46da53de9d919a43de616e31eed/screenshot - {}
RESULT: {}
COMMAND: POST /session/4014c46da53de9d919a43de616e31eed/execute/sync - {"script":"<script> [79 bytes]","args":[{"element-6066-11e4-a52e-4f735466cecf":"f.936893D81E2E9803B5A63DB714104460.d.737F096E43925C2C112B7307F738A636.e.3395","ELEMENT":"f.936893D81E2E9803B5A63DB714104460.d.737F096E43925C2C112B7307F738A636.e.3395"},{"block":"start","inline":"nearest"}]}
RESULT: {"script":"<script> [79 bytes]","args":[{"element-6066-11e4-a52e-4f735466cecf":"f.936893D81E2E9803B5A63DB714104460.d.737F096E43925C2C112B7307F738A636.e.3395","ELEMENT":"f.936893D81E2E9803B5A63DB714104460.d.737F096E43925C2C112B7307F738A636.e.3395"},{"block":"start","inline":"nearest"}]}
COMMAND: POST /session/4014c46da53de9d919a43de616e31eed/execute/async - {"script":"<script> [1562 bytes]","args":[{"selector":{"id":"application-manageresources-display-component---newResourceUnit--btnAddTimeSegment-img"},"wdio_ui5_key":"applicationmanageresources-display-component---newResourceUnit--btnAddTimeSegment-img"}]}
COMMAND: GET /session/4014c46da53de9d919a43de616e31eed/screenshot - {}
RESULT: {"script":"<script> [1562 bytes]","args":[{"selector":{"id":"application-manageresources-display-component---newResourceUnit--btnAddTimeSegment-img"},"wdio_ui5_key":"applicationmanageresources-display-component---newResourceUnit--btnAddTimeSegment-img"}]}
RESULT: undefined
COMMAND: POST /session/4014c46da53de9d919a43de616e31eed/element - {"using":"xpath","value":"//*[@id=\"application-manageresources-display-component---newResourceUnit--btnAddTimeSegment-img\"]"}
RESULT: {}
RESULT: {"using":"xpath","value":"//*[@id=\"application-manageresources-display-component---newResourceUnit--btnAddTimeSegment-img\"]"}
COMMAND: POST /session/4014c46da53de9d919a43de616e31eed/element/f.936893D81E2E9803B5A63DB714104460.d.737F096E43925C2C112B7307F738A636.e.3398/click - {}
RESULT: {}
COMMAND: GET /session/4014c46da53de9d919a43de616e31eed/screenshot - {}
RESULT: {}
COMMAND: POST /session/4014c46da53de9d919a43de616e31eed/element - {"using":"xpath","value":"//input[@id=\"application-manageresources-display-component---newResourceUnit--idRuTSAdmin-application-manageresources-display-component---newResourceUnit--RUTimeSegment-0-inner\"]"}
RESULT: {"using":"xpath","value":"//input[@id=\"application-manageresources-display-component---newResourceUnit--idRuTSAdmin-application-manageresources-display-component---newResourceUnit--RUTimeSegment-0-inner\"]"}
COMMAND: POST /session/4014c46da53de9d919a43de616e31eed/element/f.936893D81E2E9803B5A63DB714104460.d.737F096E43925C2C112B7307F738A636.e.3402/clear - {}
RESULT: {}
COMMAND: POST /session/4014c46da53de9d919a43de616e31eed/element/f.936893D81E2E9803B5A63DB714104460.d.737F096E43925C2C112B7307F738A636.e.3402/value - {"text":"webdriveryard"}
COMMAND: GET /session/4014c46da53de9d919a43de616e31eed/screenshot - {}
RESULT: {"text":"webdriveryard"}
COMMAND: GET /session/4014c46da53de9d919a43de616e31eed/screenshot - {}
RESULT: {}
RESULT: {}
COMMAND: POST /session/4014c46da53de9d919a43de616e31eed/actions - {"actions":[{"id":"action21","type":"key","parameters":{},"actions":[{"type":"keyDown","value":""},{"type":"pause","duration":10},{"type":"keyUp","value":""}]}]}
RESULT: {"actions":[{"id":"action21","type":"key","parameters":{},"actions":[{"type":"keyDown","value":""},{"type":"pause","duration":10},{"type":"keyUp","value":""}]}]}
COMMAND: POST /session/4014c46da53de9d919a43de616e31eed/execute/async - {"script":"<script> [1562 bytes]","args":[{"selector":{"controlType":"sap.ui.core.Icon","viewName":"reusables.view.manageresources.NewResourceUnit","viewId":"application-manageresources-display-component---newResourceUnit","properties":{"src":{"regex":{"source":"slim\\-arrow\\-down"}}},"ancestor":{"controlType":"sap.m.ComboBox","viewName":"reusables.view.manageresources.NewResourceUnit","viewId":"application-manageresources-display-component---newResourceUnit","bindingPath":{"path":"/RESOURCE_UNIT_TIME_SEQUENCES/0","propertyPath":"COST_OBJECT_ADMIN_CST_TYPE","modelName":"oNewRruModel"}}},"wdio_ui5_key":"reusablesview.manageresources.NewResourceUnitsap.ui.core.Icon{\"src\":{\"regex\":{\"source\":\"slim\\\\-arrow\\\\-down\"}}}{\"controlType\":\"sap.m.ComboBox\",\"viewName\":\"reusables.view.manageresources.NewResourceUnit\",\"viewId\":\"application-manageresources-display-component---newResourceUnit\",\"bindingPath\":{\"path\":\"/RESOURCE_UNIT_TIME_SEQUENCES/0\",\"propertyPath\":\"COST_OBJECT_ADMIN_CST_TYPE\",\"modelName\":\"oNewRruModel\"}}"}]}
COMMAND: GET /session/4014c46da53de9d919a43de616e31eed/screenshot - {}
RESULT: {"script":"<script> [1562 bytes]","args":[{"selector":{"controlType":"sap.ui.core.Icon","viewName":"reusables.view.manageresources.NewResourceUnit","viewId":"application-manageresources-display-component---newResourceUnit","properties":{"src":{"regex":{"source":"slim\\-arrow\\-down"}}},"ancestor":{"controlType":"sap.m.ComboBox","viewName":"reusables.view.manageresources.NewResourceUnit","viewId":"application-manageresources-display-component---newResourceUnit","bindingPath":{"path":"/RESOURCE_UNIT_TIME_SEQUENCES/0","propertyPath":"COST_OBJECT_ADMIN_CST_TYPE","modelName":"oNewRruModel"}}},"wdio_ui5_key":"reusablesview.manageresources.NewResourceUnitsap.ui.core.Icon{\"src\":{\"regex\":{\"source\":\"slim\\\\-arrow\\\\-down\"}}}{\"controlType\":\"sap.m.ComboBox\",\"viewName\":\"reusables.view.manageresources.NewResourceUnit\",\"viewId\":\"application-manageresources-display-component---newResourceUnit\",\"bindingPath\":{\"path\":\"/RESOURCE_UNIT_TIME_SEQUENCES/0\",\"propertyPath\":\"COST_OBJECT_ADMIN_CST_TYPE\",\"modelName\":\"oNewRruModel\"}}"}]}
RESULT: undefined
COMMAND: POST /session/4014c46da53de9d919a43de616e31eed/element - {"using":"xpath","value":"//*[@id=\"__box16-application-manageresources-display-component---newResourceUnit--RUTimeSegment-0-arrow\"]"}
RESULT: {}
RESULT: {"using":"xpath","value":"//*[@id=\"__box16-application-manageresources-display-component---newResourceUnit--RUTimeSegment-0-arrow\"]"}
COMMAND: POST /session/4014c46da53de9d919a43de616e31eed/element/f.936893D81E2E9803B5A63DB714104460.d.737F096E43925C2C112B7307F738A636.e.3415/click - {}
RESULT: {}
COMMAND: POST /session/4014c46da53de9d919a43de616e31eed/execute/async - {"script":"<script> [1562 bytes]","args":[{"selector":{"controlType":"sap.m.StandardListItem","viewName":"reusables.view.manageresources.NewResourceUnit","viewId":"application-manageresources-display-component---newResourceUnit","properties":{"title":"PM Order"},"searchOpenDialogs":true,"interaction":{"idSuffix":"titleText"}},"wdio_ui5_key":"reusablesview.manageresources.NewResourceUnitsap.m.StandardListItem{\"title\":\"PM Order\"}"}]}
COMMAND: GET /session/4014c46da53de9d919a43de616e31eed/screenshot - {}
RESULT: {"script":"<script> [1562 bytes]","args":[{"selector":{"controlType":"sap.m.StandardListItem","viewName":"reusables.view.manageresources.NewResourceUnit","viewId":"application-manageresources-display-component---newResourceUnit","properties":{"title":"PM Order"},"searchOpenDialogs":true,"interaction":{"idSuffix":"titleText"}},"wdio_ui5_key":"reusablesview.manageresources.NewResourceUnitsap.m.StandardListItem{\"title\":\"PM Order\"}"}]}
RESULT: undefined
COMMAND: POST /session/4014c46da53de9d919a43de616e31eed/element - {"using":"xpath","value":"//*[@id=\"__item1108\"]"}
RESULT: {}
RESULT: {"using":"xpath","value":"//*[@id=\"__item1108\"]"}
COMMAND: POST /session/4014c46da53de9d919a43de616e31eed/element/f.936893D81E2E9803B5A63DB714104460.d.737F096E43925C2C112B7307F738A636.e.3419/click - {}
RESULT: {}
COMMAND: GET /session/4014c46da53de9d919a43de616e31eed/screenshot - {}
RESULT: {}
COMMAND: POST /session/4014c46da53de9d919a43de616e31eed/element - {"using":"xpath","value":"(//input[contains(@id ,\"-application-manageresources-display-component---newResourceUnit--RUTimeSegment-0-inner\")])[8]"}
RESULT: {"using":"xpath","value":"(//input[contains(@id ,\"-application-manageresources-display-component---newResourceUnit--RUTimeSegment-0-inner\")])[8]"}
COMMAND: POST /session/4014c46da53de9d919a43de616e31eed/element/f.936893D81E2E9803B5A63DB714104460.d.737F096E43925C2C112B7307F738A636.e.3422/clear - {}
RESULT: {}
COMMAND: POST /session/4014c46da53de9d919a43de616e31eed/element/f.936893D81E2E9803B5A63DB714104460.d.737F096E43925C2C112B7307F738A636.e.3422/value - {"text":"4000360"}
COMMAND: GET /session/4014c46da53de9d919a43de616e31eed/screenshot - {}
RESULT: {"text":"4000360"}
COMMAND: GET /session/4014c46da53de9d919a43de616e31eed/screenshot - {}
RESULT: {}
RESULT: {}
COMMAND: POST /session/4014c46da53de9d919a43de616e31eed/actions - {"actions":[{"id":"action22","type":"key","parameters":{},"actions":[{"type":"keyDown","value":""},{"type":"pause","duration":10},{"type":"keyUp","value":""}]}]}
RESULT: {"actions":[{"id":"action22","type":"key","parameters":{},"actions":[{"type":"keyDown","value":""},{"type":"pause","duration":10},{"type":"keyUp","value":""}]}]}
COMMAND: GET /session/4014c46da53de9d919a43de616e31eed/screenshot - {}
RESULT: {}
COMMAND: POST /session/4014c46da53de9d919a43de616e31eed/element - {"using":"xpath","value":"//input[contains(@id ,\"application-manageresources-display-component---newResourceUnit--newTimeSegmentFromDatePicker-application-manageresources-display-component---newResourceUnit--RUTimeSegment-0-inner\")]"}
RESULT: {"using":"xpath","value":"//input[contains(@id ,\"application-manageresources-display-component---newResourceUnit--newTimeSegmentFromDatePicker-application-manageresources-display-component---newResourceUnit--RUTimeSegment-0-inner\")]"}
COMMAND: POST /session/4014c46da53de9d919a43de616e31eed/element/f.936893D81E2E9803B5A63DB714104460.d.737F096E43925C2C112B7307F738A636.e.3409/clear - {}
RESULT: {}
COMMAND: POST /session/4014c46da53de9d919a43de616e31eed/element/f.936893D81E2E9803B5A63DB714104460.d.737F096E43925C2C112B7307F738A636.e.3409/clear - {}
COMMAND: GET /session/4014c46da53de9d919a43de616e31eed/screenshot - {}
RESULT: {}
COMMAND: POST /session/4014c46da53de9d919a43de616e31eed/element/f.936893D81E2E9803B5A63DB714104460.d.737F096E43925C2C112B7307F738A636.e.3409/value - {"text":"06/24/24"}
COMMAND: GET /session/4014c46da53de9d919a43de616e31eed/screenshot - {}
RESULT: {}
RESULT: {"text":"06/24/24"}
COMMAND: POST /session/4014c46da53de9d919a43de616e31eed/execute/async - {"script":"<script> [1562 bytes]","args":[{"selector":{"id":"application-manageresources-display-component---newResourceUnit--newRRUPage-anchBar-application-manageresources-display-component---newResourceUnit--resource-anchor","interaction":{"idSuffix":"BDI-content"}},"wdio_ui5_key":"applicationmanageresources-display-component---newResourceUnit--newRRUPage-anchBar-application-manageresources-display-component---newResourceUnit--resource-anchor"}]}
COMMAND: GET /session/4014c46da53de9d919a43de616e31eed/screenshot - {}
RESULT: {}
RESULT: {"script":"<script> [1562 bytes]","args":[{"selector":{"id":"application-manageresources-display-component---newResourceUnit--newRRUPage-anchBar-application-manageresources-display-component---newResourceUnit--resource-anchor","interaction":{"idSuffix":"BDI-content"}},"wdio_ui5_key":"applicationmanageresources-display-component---newResourceUnit--newRRUPage-anchBar-application-manageresources-display-component---newResourceUnit--resource-anchor"}]}
RESULT: undefined
COMMAND: POST /session/4014c46da53de9d919a43de616e31eed/element - {"using":"xpath","value":"//*[@id=\"application-manageresources-display-component---newResourceUnit--newRRUPage-anchBar-application-manageresources-display-component---newResourceUnit--resource-anchor\"]"}
RESULT: {}
RESULT: {"using":"xpath","value":"//*[@id=\"application-manageresources-display-component---newResourceUnit--newRRUPage-anchBar-application-manageresources-display-component---newResourceUnit--resource-anchor\"]"}
COMMAND: POST /session/4014c46da53de9d919a43de616e31eed/element/f.936893D81E2E9803B5A63DB714104460.d.737F096E43925C2C112B7307F738A636.e.3444/click - {}
RESULT: {}
COMMAND: POST /session/4014c46da53de9d919a43de616e31eed/execute/async - {"script":"<script> [1562 bytes]","args":[{"selector":{"id":"application-manageresources-display-component---newResourceUnit--PLANNED_DELIVERY_DATE","interaction":{"idSuffix":"inner"}},"wdio_ui5_key":"applicationmanageresources-display-component---newResourceUnit--PLANNED_DELIVERY_DATE"}]}
COMMAND: GET /session/4014c46da53de9d919a43de616e31eed/screenshot - {}
RESULT: {"script":"<script> [1562 bytes]","args":[{"selector":{"id":"application-manageresources-display-component---newResourceUnit--PLANNED_DELIVERY_DATE","interaction":{"idSuffix":"inner"}},"wdio_ui5_key":"applicationmanageresources-display-component---newResourceUnit--PLANNED_DELIVERY_DATE"}]}
RESULT: undefined
COMMAND: POST /session/4014c46da53de9d919a43de616e31eed/execute/async - {"script":"<script> [6424 bytes]","args":[{"element-6066-11e4-a52e-4f735466cecf":"f.936893D81E2E9803B5A63DB714104460.d.737F096E43925C2C112B7307F738A636.e.3272"},"setValue",["06/24/24"]]}
RESULT: {}
RESULT: {"script":"<script> [6424 bytes]","args":[{"element-6066-11e4-a52e-4f735466cecf":"f.936893D81E2E9803B5A63DB714104460.d.737F096E43925C2C112B7307F738A636.e.3272"},"setValue",["06/24/24"]]}
COMMAND: POST /session/4014c46da53de9d919a43de616e31eed/execute/async - {"script":"<script> [1562 bytes]","args":[{"selector":{"id":"application-manageresources-display-component---newResourceUnit--RETIRE_PLANNED_DATE","interaction":{"idSuffix":"inner"}},"wdio_ui5_key":"applicationmanageresources-display-component---newResourceUnit--RETIRE_PLANNED_DATE"}]}
RESULT: {"script":"<script> [1562 bytes]","args":[{"selector":{"id":"application-manageresources-display-component---newResourceUnit--RETIRE_PLANNED_DATE","interaction":{"idSuffix":"inner"}},"wdio_ui5_key":"applicationmanageresources-display-component---newResourceUnit--RETIRE_PLANNED_DATE"}]}
RESULT: undefined
COMMAND: POST /session/4014c46da53de9d919a43de616e31eed/execute/async - {"script":"<script> [776 bytes]","args":[{"enterText":"3/14/29","selector":{"id":"application-manageresources-display-component---newResourceUnit--RETIRE_PLANNED_DATE","interaction":{"idSuffix":"inner"}},"clearTextFirst":true,"interactionType":"ENTER_TEXT"}]}
RESULT: {"script":"<script> [776 bytes]","args":[{"enterText":"3/14/29","selector":{"id":"application-manageresources-display-component---newResourceUnit--RETIRE_PLANNED_DATE","interaction":{"idSuffix":"inner"}},"clearTextFirst":true,"interactionType":"ENTER_TEXT"}]}
COMMAND: POST /session/4014c46da53de9d919a43de616e31eed/execute/async - {"script":"<script> [1562 bytes]","args":[{"selector":{"controlType":"sap.m.Button","viewName":"reusables.view.manageresources.NewResourceUnit","viewId":"application-manageresources-display-component---newResourceUnit","i18NText":{"propertyName":"tooltip","key":"save"},"interaction":{"idSuffix":"BDI-content"}},"wdio_ui5_key":"reusablesview.manageresources.NewResourceUnitsap.m.Button{\"propertyName\":\"tooltip\",\"key\":\"save\"}"}]}
RESULT: {"script":"<script> [1562 bytes]","args":[{"selector":{"controlType":"sap.m.Button","viewName":"reusables.view.manageresources.NewResourceUnit","viewId":"application-manageresources-display-component---newResourceUnit","i18NText":{"propertyName":"tooltip","key":"save"},"interaction":{"idSuffix":"BDI-content"}},"wdio_ui5_key":"reusablesview.manageresources.NewResourceUnitsap.m.Button{\"propertyName\":\"tooltip\",\"key\":\"save\"}"}]}
RESULT: undefined
COMMAND: POST /session/4014c46da53de9d919a43de616e31eed/element - {"using":"xpath","value":"//*[@id=\"application-manageresources-display-component---newResourceUnit--createRuButton\"]"}
RESULT: {"using":"xpath","value":"//*[@id=\"application-manageresources-display-component---newResourceUnit--createRuButton\"]"}
COMMAND: POST /session/4014c46da53de9d919a43de616e31eed/element/f.936893D81E2E9803B5A63DB714104460.d.737F096E43925C2C112B7307F738A636.e.3231/click - {}
RESULT: {}
COMMAND: GET /session/4014c46da53de9d919a43de616e31eed/screenshot - {}
RESULT: {}
COMMAND: POST /session/4014c46da53de9d919a43de616e31eed/execute/async - {"script":"<script> [1562 bytes]","args":[{"selector":{"controlType":"sap.m.Button","properties":{"text":"Close"},"searchOpenDialogs":true,"interaction":{"idSuffix":"inner"}},"wdio_ui5_key":"sapm.Button{\"text\":\"Close\"}"}]}
RESULT: {"script":"<script> [1562 bytes]","args":[{"selector":{"controlType":"sap.m.Button","properties":{"text":"Close"},"searchOpenDialogs":true,"interaction":{"idSuffix":"inner"}},"wdio_ui5_key":"sapm.Button{\"text\":\"Close\"}"}]}
RESULT: undefined
COMMAND: POST /session/4014c46da53de9d919a43de616e31eed/element - {"using":"xpath","value":"//*[@id=\"__mbox-btn-0\"]"}
RESULT: {"using":"xpath","value":"//*[@id=\"__mbox-btn-0\"]"}
COMMAND: POST /session/4014c46da53de9d919a43de616e31eed/element/f.936893D81E2E9803B5A63DB714104460.d.737F096E43925C2C112B7307F738A636.e.3452/click - {}
RESULT: {}
COMMAND: GET /session/4014c46da53de9d919a43de616e31eed/screenshot - {}
COMMAND: POST /session/4014c46da53de9d919a43de616e31eed/execute/async - {"script":"<script> [1562 bytes]","args":[{"selector":{"controlType":"sap.m.Text","viewName":"etm.portal.ui.manageresources.view.Detail","viewId":"application-manageresources-display-component---detailRU","bindingPath":{"propertyPath":"ID","modelName":"catalogModel"}},"wdio_ui5_key":"etmportal.ui.manageresources.view.Detailsap.m.Text{\"propertyPath\":\"ID\",\"modelName\":\"catalogModel\"}"}]}
RESULT: {}
RESULT: {"script":"<script> [1562 bytes]","args":[{"selector":{"controlType":"sap.m.Text","viewName":"etm.portal.ui.manageresources.view.Detail","viewId":"application-manageresources-display-component---detailRU","bindingPath":{"propertyPath":"ID","modelName":"catalogModel"}},"wdio_ui5_key":"etmportal.ui.manageresources.view.Detailsap.m.Text{\"propertyPath\":\"ID\",\"modelName\":\"catalogModel\"}"}]}
RESULT: undefined
COMMAND: POST /session/4014c46da53de9d919a43de616e31eed/execute/async - {"script":"<script> [6424 bytes]","args":[{"element-6066-11e4-a52e-4f735466cecf":"f.936893D81E2E9803B5A63DB714104460.d.737F096E43925C2C112B7307F738A636.e.3487"},"getText",[]]}
RESULT: {"script":"<script> [6424 bytes]","args":[{"element-6066-11e4-a52e-4f735466cecf":"f.936893D81E2E9803B5A63DB714104460.d.737F096E43925C2C112B7307F738A636.e.3487"},"getText",[]]}
COMMAND: POST /session/4014c46da53de9d919a43de616e31eed/element - {"using":"css selector","value":"#shell-header-logo"}
RESULT: {"using":"css selector","value":"#shell-header-logo"}
COMMAND: POST /session/4014c46da53de9d919a43de616e31eed/element/f.936893D81E2E9803B5A63DB714104460.d.737F096E43925C2C112B7307F738A636.e.2858/click - {}
RESULT: {}
COMMAND: GET /session/4014c46da53de9d919a43de616e31eed/screenshot - {}
RESULT: {}
]]></system-out>
    </testcase>
    <testcase classname="chrome.136_0_7103_93.windows.Verify_RU_inventory_split_cost_information_US139363" name="Should do a stock increase for the equipment" time="87.186">
      <system-out><![CDATA[
COMMAND: POST /session/4014c46da53de9d919a43de616e31eed/execute/async - {"script":"<script> [1562 bytes]","args":[{"selector":{"controlType":"sap.m.GenericTile","properties":{"header":"Manage Handovers"}},"wdio_ui5_key":"sapm.GenericTile{\"header\":\"Manage Handovers\"}"}]}
RESULT: {"script":"<script> [1562 bytes]","args":[{"selector":{"controlType":"sap.m.GenericTile","properties":{"header":"Manage Handovers"}},"wdio_ui5_key":"sapm.GenericTile{\"header\":\"Manage Handovers\"}"}]}
RESULT: undefined
COMMAND: POST /session/4014c46da53de9d919a43de616e31eed/element - {"using":"xpath","value":"//*[@id=\"__tile131\"]"}
RESULT: {"using":"xpath","value":"//*[@id=\"__tile131\"]"}
COMMAND: POST /session/4014c46da53de9d919a43de616e31eed/element/f.936893D81E2E9803B5A63DB714104460.d.737F096E43925C2C112B7307F738A636.e.3489/click - {}
RESULT: {}
COMMAND: GET /session/4014c46da53de9d919a43de616e31eed/screenshot - {}
RESULT: {}
COMMAND: POST /session/4014c46da53de9d919a43de616e31eed/elements - {"using":"xpath","value":"//span[text()='Error']"}
RESULT: {"using":"xpath","value":"//span[text()='Error']"}
COMMAND: POST /session/4014c46da53de9d919a43de616e31eed/element - {"using":"xpath","value":"//button[@data-kt=\"masterHOAddButton\"]"}
RESULT: {"using":"xpath","value":"//button[@data-kt=\"masterHOAddButton\"]"}
COMMAND: POST /session/4014c46da53de9d919a43de616e31eed/execute/sync - {"script":"<script> [8489 bytes]","args":[{"element-6066-11e4-a52e-4f735466cecf":"f.936893D81E2E9803B5A63DB714104460.d.737F096E43925C2C112B7307F738A636.e.3547","ELEMENT":"f.936893D81E2E9803B5A63DB714104460.d.737F096E43925C2C112B7307F738A636.e.3547"}]}
RESULT: {"script":"<script> [8489 bytes]","args":[{"element-6066-11e4-a52e-4f735466cecf":"f.936893D81E2E9803B5A63DB714104460.d.737F096E43925C2C112B7307F738A636.e.3547","ELEMENT":"f.936893D81E2E9803B5A63DB714104460.d.737F096E43925C2C112B7307F738A636.e.3547"}]}
COMMAND: POST /session/4014c46da53de9d919a43de616e31eed/element/f.936893D81E2E9803B5A63DB714104460.d.737F096E43925C2C112B7307F738A636.e.3547/click - {}
COMMAND: GET /session/4014c46da53de9d919a43de616e31eed/screenshot - {}
RESULT: {}
COMMAND: GET /session/4014c46da53de9d919a43de616e31eed/screenshot - {}
RESULT: {}
COMMAND: POST /session/4014c46da53de9d919a43de616e31eed/element - {"using":"xpath","value":"//span[contains(@id ,\"AddNewHO--typeSelect-arrow\")]"}
RESULT: {}
RESULT: {"using":"xpath","value":"//span[contains(@id ,\"AddNewHO--typeSelect-arrow\")]"}
COMMAND: POST /session/4014c46da53de9d919a43de616e31eed/element/f.936893D81E2E9803B5A63DB714104460.d.737F096E43925C2C112B7307F738A636.e.3891/click - {}
RESULT: {}
COMMAND: GET /session/4014c46da53de9d919a43de616e31eed/screenshot - {}
RESULT: {}
COMMAND: POST /session/4014c46da53de9d919a43de616e31eed/element - {"using":"xpath","value":"(//li[contains(text(), \"stock increase yard\")])[1]"}
RESULT: {"using":"xpath","value":"(//li[contains(text(), \"stock increase yard\")])[1]"}
COMMAND: POST /session/4014c46da53de9d919a43de616e31eed/element/f.936893D81E2E9803B5A63DB714104460.d.737F096E43925C2C112B7307F738A636.e.3892/click - {}
RESULT: {}
COMMAND: GET /session/4014c46da53de9d919a43de616e31eed/screenshot - {}
RESULT: {}
COMMAND: POST /session/4014c46da53de9d919a43de616e31eed/execute/async - {"script":"<script> [1562 bytes]","args":[{"selector":{"id":"application-managehandovers-display-component---AddNewHO--dueDate","interaction":{"idSuffix":"inner"}},"wdio_ui5_key":"applicationmanagehandovers-display-component---AddNewHO--dueDate"}]}
RESULT: {"script":"<script> [1562 bytes]","args":[{"selector":{"id":"application-managehandovers-display-component---AddNewHO--dueDate","interaction":{"idSuffix":"inner"}},"wdio_ui5_key":"applicationmanagehandovers-display-component---AddNewHO--dueDate"}]}
RESULT: undefined
COMMAND: POST /session/4014c46da53de9d919a43de616e31eed/execute/async - {"script":"<script> [6424 bytes]","args":[{"element-6066-11e4-a52e-4f735466cecf":"f.936893D81E2E9803B5A63DB714104460.d.737F096E43925C2C112B7307F738A636.e.3896"},"setValue",["5/24/25"]]}
RESULT: {"script":"<script> [6424 bytes]","args":[{"element-6066-11e4-a52e-4f735466cecf":"f.936893D81E2E9803B5A63DB714104460.d.737F096E43925C2C112B7307F738A636.e.3896"},"setValue",["5/24/25"]]}
COMMAND: POST /session/4014c46da53de9d919a43de616e31eed/element - {"using":"xpath","value":"//input[@id=\"generalSectionFrg--receiveYard-inner\"]"}
RESULT: {"using":"xpath","value":"//input[@id=\"generalSectionFrg--receiveYard-inner\"]"}
COMMAND: POST /session/4014c46da53de9d919a43de616e31eed/element/f.936893D81E2E9803B5A63DB714104460.d.737F096E43925C2C112B7307F738A636.e.3902/clear - {}
RESULT: {}
COMMAND: POST /session/4014c46da53de9d919a43de616e31eed/element/f.936893D81E2E9803B5A63DB714104460.d.737F096E43925C2C112B7307F738A636.e.3902/value - {"text":"webdriveryard"}
COMMAND: GET /session/4014c46da53de9d919a43de616e31eed/screenshot - {}
RESULT: {"text":"webdriveryard"}
COMMAND: GET /session/4014c46da53de9d919a43de616e31eed/screenshot - {}
RESULT: {}
RESULT: {}
COMMAND: POST /session/4014c46da53de9d919a43de616e31eed/execute/async - {"script":"<script> [1562 bytes]","args":[{"selector":{"id":"application-managehandovers-display-component---AddNewHO--ObjectPageLayout-anchBar-application-managehandovers-display-component---AddNewHO--section4-anchor","interaction":{"idSuffix":"BDI-content"}},"wdio_ui5_key":"applicationmanagehandovers-display-component---AddNewHO--ObjectPageLayout-anchBar-application-managehandovers-display-component---AddNewHO--section4-anchor"}]}
RESULT: {"script":"<script> [1562 bytes]","args":[{"selector":{"id":"application-managehandovers-display-component---AddNewHO--ObjectPageLayout-anchBar-application-managehandovers-display-component---AddNewHO--section4-anchor","interaction":{"idSuffix":"BDI-content"}},"wdio_ui5_key":"applicationmanagehandovers-display-component---AddNewHO--ObjectPageLayout-anchBar-application-managehandovers-display-component---AddNewHO--section4-anchor"}]}
RESULT: undefined
COMMAND: POST /session/4014c46da53de9d919a43de616e31eed/element - {"using":"xpath","value":"//*[@id=\"application-managehandovers-display-component---AddNewHO--ObjectPageLayout-anchBar-application-managehandovers-display-component---AddNewHO--section4-anchor\"]"}
RESULT: {"using":"xpath","value":"//*[@id=\"application-managehandovers-display-component---AddNewHO--ObjectPageLayout-anchBar-application-managehandovers-display-component---AddNewHO--section4-anchor\"]"}
COMMAND: POST /session/4014c46da53de9d919a43de616e31eed/element/f.936893D81E2E9803B5A63DB714104460.d.737F096E43925C2C112B7307F738A636.e.3920/click - {}
RESULT: {}
COMMAND: GET /session/4014c46da53de9d919a43de616e31eed/screenshot - {}
RESULT: {}
COMMAND: POST /session/4014c46da53de9d919a43de616e31eed/element - {"using":"xpath","value":"//button[@aria-label=\"Add\"]"}
RESULT: {"using":"xpath","value":"//button[@aria-label=\"Add\"]"}
COMMAND: POST /session/4014c46da53de9d919a43de616e31eed/element/f.936893D81E2E9803B5A63DB714104460.d.737F096E43925C2C112B7307F738A636.e.3923/click - {}
RESULT: {}
COMMAND: GET /session/4014c46da53de9d919a43de616e31eed/screenshot - {}
RESULT: {}
COMMAND: POST /session/4014c46da53de9d919a43de616e31eed/execute/async - {"script":"<script> [1562 bytes]","args":[{"selector":{"id":"application-managehandovers-display-component---AddNewHO--smartFilterBar-btnBasicSearch","searchOpenDialogs":true,"interaction":{"idSuffix":"I"}},"wdio_ui5_key":"applicationmanagehandovers-display-component---AddNewHO--smartFilterBar-btnBasicSearch"}]}
RESULT: {"script":"<script> [1562 bytes]","args":[{"selector":{"id":"application-managehandovers-display-component---AddNewHO--smartFilterBar-btnBasicSearch","searchOpenDialogs":true,"interaction":{"idSuffix":"I"}},"wdio_ui5_key":"applicationmanagehandovers-display-component---AddNewHO--smartFilterBar-btnBasicSearch"}]}
RESULT: undefined
COMMAND: POST /session/4014c46da53de9d919a43de616e31eed/execute/async - {"script":"<script> [776 bytes]","args":[{"enterText":"WdIOR2cEquipb3oroj","selector":{"id":"application-managehandovers-display-component---AddNewHO--smartFilterBar-btnBasicSearch","searchOpenDialogs":true,"interaction":{"idSuffix":"I"}},"clearTextFirst":true,"interactionType":"ENTER_TEXT"}]}
RESULT: {"script":"<script> [776 bytes]","args":[{"enterText":"WdIOR2cEquipb3oroj","selector":{"id":"application-managehandovers-display-component---AddNewHO--smartFilterBar-btnBasicSearch","searchOpenDialogs":true,"interaction":{"idSuffix":"I"}},"clearTextFirst":true,"interactionType":"ENTER_TEXT"}]}
COMMAND: POST /session/4014c46da53de9d919a43de616e31eed/actions - {"actions":[{"id":"action23","type":"key","parameters":{},"actions":[{"type":"keyDown","value":""},{"type":"pause","duration":10},{"type":"keyUp","value":""}]}]}
RESULT: {"actions":[{"id":"action23","type":"key","parameters":{},"actions":[{"type":"keyDown","value":""},{"type":"pause","duration":10},{"type":"keyUp","value":""}]}]}
COMMAND: POST /session/4014c46da53de9d919a43de616e31eed/execute/async - {"script":"<script> [1562 bytes]","args":[{"selector":{"id":"application-managehandovers-display-component---AddNewHO--popup-sa","searchOpenDialogs":true,"interaction":{"idSuffix":"CbBg"}},"wdio_ui5_key":"applicationmanagehandovers-display-component---AddNewHO--popup-sa"}]}
COMMAND: GET /session/4014c46da53de9d919a43de616e31eed/screenshot - {}
RESULT: {"script":"<script> [1562 bytes]","args":[{"selector":{"id":"application-managehandovers-display-component---AddNewHO--popup-sa","searchOpenDialogs":true,"interaction":{"idSuffix":"CbBg"}},"wdio_ui5_key":"applicationmanagehandovers-display-component---AddNewHO--popup-sa"}]}
RESULT: undefined
COMMAND: POST /session/4014c46da53de9d919a43de616e31eed/element - {"using":"xpath","value":"//*[@id=\"application-managehandovers-display-component---AddNewHO--popup-sa\"]"}
RESULT: {}
RESULT: {"using":"xpath","value":"//*[@id=\"application-managehandovers-display-component---AddNewHO--popup-sa\"]"}
COMMAND: POST /session/4014c46da53de9d919a43de616e31eed/element/f.936893D81E2E9803B5A63DB714104460.d.737F096E43925C2C112B7307F738A636.e.4011/click - {}
RESULT: {}
COMMAND: GET /session/4014c46da53de9d919a43de616e31eed/screenshot - {}
RESULT: {}
COMMAND: POST /session/4014c46da53de9d919a43de616e31eed/element - {"using":"xpath","value":"//bdi[contains(text(), \"Select\")]"}
RESULT: {"using":"xpath","value":"//bdi[contains(text(), \"Select\")]"}
COMMAND: POST /session/4014c46da53de9d919a43de616e31eed/element/f.936893D81E2E9803B5A63DB714104460.d.737F096E43925C2C112B7307F738A636.e.4012/click - {}
RESULT: {}
COMMAND: GET /session/4014c46da53de9d919a43de616e31eed/screenshot - {}
RESULT: {}
COMMAND: POST /session/4014c46da53de9d919a43de616e31eed/element - {"using":"xpath","value":"//button[@data-kt=\"AddNewHOSaveButton\"]"}
RESULT: {"using":"xpath","value":"//button[@data-kt=\"AddNewHOSaveButton\"]"}
COMMAND: POST /session/4014c46da53de9d919a43de616e31eed/element/f.936893D81E2E9803B5A63DB714104460.d.737F096E43925C2C112B7307F738A636.e.4016/click - {}
RESULT: {}
COMMAND: GET /session/4014c46da53de9d919a43de616e31eed/screenshot - {}
RESULT: {}
COMMAND: POST /session/4014c46da53de9d919a43de616e31eed/execute/async - {"script":"<script> [1562 bytes]","args":[{"selector":{"id":"receiptDatePicker","viewName":"etm.portal.ui.managehandovers.view.DetailExecuteHO","interaction":{"idSuffix":"inner"}},"wdio_ui5_key":"receiptDatePickeretmportal.ui.managehandovers.view.DetailExecuteHO"}]}
RESULT: {"script":"<script> [1562 bytes]","args":[{"selector":{"id":"receiptDatePicker","viewName":"etm.portal.ui.managehandovers.view.DetailExecuteHO","interaction":{"idSuffix":"inner"}},"wdio_ui5_key":"receiptDatePickeretmportal.ui.managehandovers.view.DetailExecuteHO"}]}
RESULT: undefined
COMMAND: POST /session/4014c46da53de9d919a43de616e31eed/execute/async - {"script":"<script> [6424 bytes]","args":[{"element-6066-11e4-a52e-4f735466cecf":"f.936893D81E2E9803B5A63DB714104460.d.737F096E43925C2C112B7307F738A636.e.4046"},"setValue",["5/24/25"]]}
RESULT: {"script":"<script> [6424 bytes]","args":[{"element-6066-11e4-a52e-4f735466cecf":"f.936893D81E2E9803B5A63DB714104460.d.737F096E43925C2C112B7307F738A636.e.4046"},"setValue",["5/24/25"]]}
COMMAND: POST /session/4014c46da53de9d919a43de616e31eed/actions - {"actions":[{"id":"action24","type":"key","parameters":{},"actions":[{"type":"keyDown","value":""},{"type":"pause","duration":10},{"type":"keyUp","value":""}]}]}
RESULT: {"actions":[{"id":"action24","type":"key","parameters":{},"actions":[{"type":"keyDown","value":""},{"type":"pause","duration":10},{"type":"keyUp","value":""}]}]}
COMMAND: POST /session/4014c46da53de9d919a43de616e31eed/actions - {"actions":[{"id":"action25","type":"key","parameters":{},"actions":[{"type":"keyDown","value":""},{"type":"pause","duration":10},{"type":"keyUp","value":""}]}]}
COMMAND: GET /session/4014c46da53de9d919a43de616e31eed/screenshot - {}
RESULT: {"actions":[{"id":"action25","type":"key","parameters":{},"actions":[{"type":"keyDown","value":""},{"type":"pause","duration":10},{"type":"keyUp","value":""}]}]}
COMMAND: POST /session/4014c46da53de9d919a43de616e31eed/element - {"using":"xpath","value":"//button[@data-kt=\"ReceivingTableConfirmAllButton\"]"}
COMMAND: GET /session/4014c46da53de9d919a43de616e31eed/screenshot - {}
RESULT: {}
RESULT: {"using":"xpath","value":"//button[@data-kt=\"ReceivingTableConfirmAllButton\"]"}
COMMAND: POST /session/4014c46da53de9d919a43de616e31eed/element/f.936893D81E2E9803B5A63DB714104460.d.737F096E43925C2C112B7307F738A636.e.4063/click - {}
RESULT: {}
RESULT: {}
COMMAND: GET /session/4014c46da53de9d919a43de616e31eed/screenshot - {}
RESULT: {}
COMMAND: POST /session/4014c46da53de9d919a43de616e31eed/element - {"using":"xpath","value":"//bdi[contains(text(), \"OK\")]"}
RESULT: {"using":"xpath","value":"//bdi[contains(text(), \"OK\")]"}
COMMAND: POST /session/4014c46da53de9d919a43de616e31eed/element/f.936893D81E2E9803B5A63DB714104460.d.737F096E43925C2C112B7307F738A636.e.4066/click - {}
RESULT: {}
COMMAND: GET /session/4014c46da53de9d919a43de616e31eed/screenshot - {}
RESULT: {}
COMMAND: POST /session/4014c46da53de9d919a43de616e31eed/element - {"using":"xpath","value":"(//bdi[contains(text(), \"Receive\")])[2]"}
RESULT: {"using":"xpath","value":"(//bdi[contains(text(), \"Receive\")])[2]"}
COMMAND: POST /session/4014c46da53de9d919a43de616e31eed/element/f.936893D81E2E9803B5A63DB714104460.d.737F096E43925C2C112B7307F738A636.e.4067/click - {}
RESULT: {}
COMMAND: GET /session/4014c46da53de9d919a43de616e31eed/screenshot - {}
RESULT: {}
COMMAND: POST /session/4014c46da53de9d919a43de616e31eed/element - {"using":"css selector","value":"#shell-header-logo"}
RESULT: {"using":"css selector","value":"#shell-header-logo"}
COMMAND: POST /session/4014c46da53de9d919a43de616e31eed/element/f.936893D81E2E9803B5A63DB714104460.d.737F096E43925C2C112B7307F738A636.e.3507/click - {}
RESULT: {}
]]></system-out>
    </testcase>
    <testcase classname="chrome.136_0_7103_93.windows.Verify_RU_inventory_split_cost_information_US139363" name="Should navigate to RU inventory and add the resource to the contract" time="100.221">
      <system-out><![CDATA[
COMMAND: GET /session/4014c46da53de9d919a43de616e31eed/screenshot - {}
COMMAND: POST /session/4014c46da53de9d919a43de616e31eed/execute/async - {"script":"<script> [1562 bytes]","args":[{"selector":{"controlType":"sap.m.GenericTile","properties":{"header":"RU Inventory List"}},"wdio_ui5_key":"sapm.GenericTile{\"header\":\"RU Inventory List\"}"}]}
RESULT: {}
RESULT: {"script":"<script> [1562 bytes]","args":[{"selector":{"controlType":"sap.m.GenericTile","properties":{"header":"RU Inventory List"}},"wdio_ui5_key":"sapm.GenericTile{\"header\":\"RU Inventory List\"}"}]}
RESULT: undefined
COMMAND: POST /session/4014c46da53de9d919a43de616e31eed/element - {"using":"xpath","value":"//*[@id=\"__tile99\"]"}
RESULT: {"using":"xpath","value":"//*[@id=\"__tile99\"]"}
COMMAND: POST /session/4014c46da53de9d919a43de616e31eed/element/f.936893D81E2E9803B5A63DB714104460.d.737F096E43925C2C112B7307F738A636.e.4289/click - {}
RESULT: {}
COMMAND: GET /session/4014c46da53de9d919a43de616e31eed/screenshot - {}
RESULT: {}
COMMAND: POST /session/4014c46da53de9d919a43de616e31eed/elements - {"using":"xpath","value":"//span[text()='Error']"}
RESULT: {"using":"xpath","value":"//span[text()='Error']"}
COMMAND: POST /session/4014c46da53de9d919a43de616e31eed/execute/async - {"script":"<script> [1562 bytes]","args":[{"selector":{"id":"application-ruinventorylist-display-component---Master--smartFilterBar-btnBasicSearch","interaction":{"idSuffix":"I"}},"wdio_ui5_key":"applicationruinventorylist-display-component---Master--smartFilterBar-btnBasicSearch"}]}
RESULT: {"script":"<script> [1562 bytes]","args":[{"selector":{"id":"application-ruinventorylist-display-component---Master--smartFilterBar-btnBasicSearch","interaction":{"idSuffix":"I"}},"wdio_ui5_key":"applicationruinventorylist-display-component---Master--smartFilterBar-btnBasicSearch"}]}
RESULT: undefined
COMMAND: POST /session/4014c46da53de9d919a43de616e31eed/execute/async - {"script":"<script> [776 bytes]","args":[{"enterText":"WdIOR2cEquipb3oroj","selector":{"id":"application-ruinventorylist-display-component---Master--smartFilterBar-btnBasicSearch","interaction":{"idSuffix":"I"}},"clearTextFirst":true,"interactionType":"ENTER_TEXT"}]}
RESULT: {"script":"<script> [776 bytes]","args":[{"enterText":"WdIOR2cEquipb3oroj","selector":{"id":"application-ruinventorylist-display-component---Master--smartFilterBar-btnBasicSearch","interaction":{"idSuffix":"I"}},"clearTextFirst":true,"interactionType":"ENTER_TEXT"}]}
COMMAND: POST /session/4014c46da53de9d919a43de616e31eed/actions - {"actions":[{"id":"action26","type":"key","parameters":{},"actions":[{"type":"keyDown","value":""},{"type":"pause","duration":10},{"type":"keyUp","value":""}]}]}
RESULT: {"actions":[{"id":"action26","type":"key","parameters":{},"actions":[{"type":"keyDown","value":""},{"type":"pause","duration":10},{"type":"keyUp","value":""}]}]}
COMMAND: GET /session/4014c46da53de9d919a43de616e31eed/screenshot - {}
RESULT: {}
COMMAND: POST /session/4014c46da53de9d919a43de616e31eed/execute/async - {"script":"<script> [1562 bytes]","args":[{"selector":{"id":"application-ruinventorylist-display-component---Master--smartTableRuInventoryList-header"},"wdio_ui5_key":"applicationruinventorylist-display-component---Master--smartTableRuInventoryList-header"}]}
RESULT: {"script":"<script> [1562 bytes]","args":[{"selector":{"id":"application-ruinventorylist-display-component---Master--smartTableRuInventoryList-header"},"wdio_ui5_key":"applicationruinventorylist-display-component---Master--smartTableRuInventoryList-header"}]}
RESULT: undefined
COMMAND: POST /session/4014c46da53de9d919a43de616e31eed/execute/async - {"script":"<script> [6424 bytes]","args":[{"element-6066-11e4-a52e-4f735466cecf":"f.936893D81E2E9803B5A63DB714104460.d.737F096E43925C2C112B7307F738A636.e.4505"},"getText",[]]}
RESULT: {"script":"<script> [6424 bytes]","args":[{"element-6066-11e4-a52e-4f735466cecf":"f.936893D81E2E9803B5A63DB714104460.d.737F096E43925C2C112B7307F738A636.e.4505"},"getText",[]]}
COMMAND: POST /session/4014c46da53de9d919a43de616e31eed/execute/async - {"script":"<script> [1562 bytes]","args":[{"selector":{"id":"application-ruinventorylist-display-component---Master--createContractItemsBtn-img"},"wdio_ui5_key":"applicationruinventorylist-display-component---Master--createContractItemsBtn-img"}]}
RESULT: {"script":"<script> [1562 bytes]","args":[{"selector":{"id":"application-ruinventorylist-display-component---Master--createContractItemsBtn-img"},"wdio_ui5_key":"applicationruinventorylist-display-component---Master--createContractItemsBtn-img"}]}
RESULT: undefined
COMMAND: POST /session/4014c46da53de9d919a43de616e31eed/element - {"using":"xpath","value":"//*[@id=\"application-ruinventorylist-display-component---Master--createContractItemsBtn-img\"]"}
RESULT: {"using":"xpath","value":"//*[@id=\"application-ruinventorylist-display-component---Master--createContractItemsBtn-img\"]"}
COMMAND: POST /session/4014c46da53de9d919a43de616e31eed/element/f.936893D81E2E9803B5A63DB714104460.d.737F096E43925C2C112B7307F738A636.e.4366/click - {}
RESULT: {}
COMMAND: GET /session/4014c46da53de9d919a43de616e31eed/screenshot - {}
RESULT: {}
COMMAND: POST /session/4014c46da53de9d919a43de616e31eed/element - {"using":"xpath","value":"//div[contains(@id ,\"application-ruinventorylist-display-component---Master--tableRuInventoryList-sa-CbBg\")]"}
RESULT: {"using":"xpath","value":"//div[contains(@id ,\"application-ruinventorylist-display-component---Master--tableRuInventoryList-sa-CbBg\")]"}
COMMAND: POST /session/4014c46da53de9d919a43de616e31eed/element/f.936893D81E2E9803B5A63DB714104460.d.737F096E43925C2C112B7307F738A636.e.4514/click - {}
RESULT: {}
RESULT: undefined
COMMAND: POST /session/4014c46da53de9d919a43de616e31eed/element - {"using":"xpath","value":"//*[@id=\"application-ruinventorylist-display-component---Master--createContractItemsBtn-img\"]"}
COMMAND: GET /session/4014c46da53de9d919a43de616e31eed/screenshot - {}
RESULT: {"using":"xpath","value":"//*[@id=\"application-ruinventorylist-display-component---Master--createContractItemsBtn-img\"]"}
COMMAND: POST /session/4014c46da53de9d919a43de616e31eed/element/f.936893D81E2E9803B5A63DB714104460.d.737F096E43925C2C112B7307F738A636.e.4366/click - {}
RESULT: {}
RESULT: {}
COMMAND: GET /session/4014c46da53de9d919a43de616e31eed/screenshot - {}
RESULT: {}
COMMAND: POST /session/4014c46da53de9d919a43de616e31eed/element - {"using":"xpath","value":"//div[contains(@class ,\"sapMObjStatus sapMObjStatusError sapMObjStatusActive\")]"}
RESULT: {"using":"xpath","value":"//div[contains(@class ,\"sapMObjStatus sapMObjStatusError sapMObjStatusActive\")]"}
COMMAND: POST /session/4014c46da53de9d919a43de616e31eed/elements - {"using":"xpath","value":"//div[contains(@class ,\"sapMObjStatus sapMObjStatusError sapMObjStatusActive\")]"}
RESULT: {"using":"xpath","value":"//div[contains(@class ,\"sapMObjStatus sapMObjStatusError sapMObjStatusActive\")]"}
COMMAND: POST /session/4014c46da53de9d919a43de616e31eed/element - {"using":"xpath","value":"//input[contains(@id, \"application-ruinventorylist-display-component---Master--contractCb-inner\")]"}
RESULT: {"using":"xpath","value":"//input[contains(@id, \"application-ruinventorylist-display-component---Master--contractCb-inner\")]"}
COMMAND: POST /session/4014c46da53de9d919a43de616e31eed/element/f.936893D81E2E9803B5A63DB714104460.d.737F096E43925C2C112B7307F738A636.e.4517/clear - {}
RESULT: {}
COMMAND: POST /session/4014c46da53de9d919a43de616e31eed/element/f.936893D81E2E9803B5A63DB714104460.d.737F096E43925C2C112B7307F738A636.e.4517/value - {"text":"10181"}
COMMAND: GET /session/4014c46da53de9d919a43de616e31eed/screenshot - {}
RESULT: {"text":"10181"}
COMMAND: GET /session/4014c46da53de9d919a43de616e31eed/screenshot - {}
RESULT: {}
RESULT: {}
COMMAND: POST /session/4014c46da53de9d919a43de616e31eed/actions - {"actions":[{"id":"action27","type":"key","parameters":{},"actions":[{"type":"keyDown","value":""},{"type":"pause","duration":10},{"type":"keyUp","value":""}]}]}
RESULT: {"actions":[{"id":"action27","type":"key","parameters":{},"actions":[{"type":"keyDown","value":""},{"type":"pause","duration":10},{"type":"keyUp","value":""}]}]}
COMMAND: GET /session/4014c46da53de9d919a43de616e31eed/screenshot - {}
RESULT: {}
COMMAND: POST /session/4014c46da53de9d919a43de616e31eed/actions - {"actions":[{"id":"action28","type":"key","parameters":{},"actions":[{"type":"keyDown","value":""},{"type":"pause","duration":10},{"type":"keyUp","value":""}]}]}
RESULT: {"actions":[{"id":"action28","type":"key","parameters":{},"actions":[{"type":"keyDown","value":""},{"type":"pause","duration":10},{"type":"keyUp","value":""}]}]}
COMMAND: GET /session/4014c46da53de9d919a43de616e31eed/screenshot - {}
RESULT: {}
COMMAND: POST /session/4014c46da53de9d919a43de616e31eed/element - {"using":"xpath","value":"//input[contains(@id, \"application-ruinventorylist-display-component---Master--endDate-inner\")]"}
RESULT: {"using":"xpath","value":"//input[contains(@id, \"application-ruinventorylist-display-component---Master--endDate-inner\")]"}
COMMAND: POST /session/4014c46da53de9d919a43de616e31eed/element/f.936893D81E2E9803B5A63DB714104460.d.737F096E43925C2C112B7307F738A636.e.4520/clear - {}
RESULT: {}
COMMAND: POST /session/4014c46da53de9d919a43de616e31eed/element/f.936893D81E2E9803B5A63DB714104460.d.737F096E43925C2C112B7307F738A636.e.4520/value - {"text":"05/25/25"}
COMMAND: GET /session/4014c46da53de9d919a43de616e31eed/screenshot - {}
RESULT: {"text":"05/25/25"}
COMMAND: POST /session/4014c46da53de9d919a43de616e31eed/element - {"using":"xpath","value":"(//div[contains(@data-kt ,\"characteristicsObjectStatus\")])[2]"}
COMMAND: GET /session/4014c46da53de9d919a43de616e31eed/screenshot - {}
RESULT: {}
RESULT: {"using":"xpath","value":"(//div[contains(@data-kt ,\"characteristicsObjectStatus\")])[2]"}
COMMAND: POST /session/4014c46da53de9d919a43de616e31eed/element/f.936893D81E2E9803B5A63DB714104460.d.737F096E43925C2C112B7307F738A636.e.4534/click - {}
RESULT: {}
RESULT: {}
COMMAND: GET /session/4014c46da53de9d919a43de616e31eed/screenshot - {}
RESULT: {}
COMMAND: POST /session/4014c46da53de9d919a43de616e31eed/element - {"using":"xpath","value":"//span[contains(@id ,\"application-ruinventorylist-display-component---Master--addSplitCharacteristicsRowButton-img\")]"}
RESULT: {"using":"xpath","value":"//span[contains(@id ,\"application-ruinventorylist-display-component---Master--addSplitCharacteristicsRowButton-img\")]"}
COMMAND: POST /session/4014c46da53de9d919a43de616e31eed/element/f.936893D81E2E9803B5A63DB714104460.d.737F096E43925C2C112B7307F738A636.e.4538/click - {}
RESULT: {}
COMMAND: POST /session/4014c46da53de9d919a43de616e31eed/element - {"using":"xpath","value":"(//input[contains(@id ,\"application-ruinventorylist-display-component---Master--splitCharacteristicsTable-0-inner\")])[1]"}
COMMAND: GET /session/4014c46da53de9d919a43de616e31eed/screenshot - {}
RESULT: {"using":"xpath","value":"(//input[contains(@id ,\"application-ruinventorylist-display-component---Master--splitCharacteristicsTable-0-inner\")])[1]"}
COMMAND: POST /session/4014c46da53de9d919a43de616e31eed/element/f.936893D81E2E9803B5A63DB714104460.d.737F096E43925C2C112B7307F738A636.e.4540/clear - {}
RESULT: {}
RESULT: {}
COMMAND: POST /session/4014c46da53de9d919a43de616e31eed/element/f.936893D81E2E9803B5A63DB714104460.d.737F096E43925C2C112B7307F738A636.e.4540/value - {"text":"Cost Center"}
COMMAND: GET /session/4014c46da53de9d919a43de616e31eed/screenshot - {}
RESULT: {"text":"Cost Center"}
COMMAND: GET /session/4014c46da53de9d919a43de616e31eed/screenshot - {}
RESULT: {}
RESULT: {}
COMMAND: POST /session/4014c46da53de9d919a43de616e31eed/actions - {"actions":[{"id":"action29","type":"key","parameters":{},"actions":[{"type":"keyDown","value":""},{"type":"pause","duration":10},{"type":"keyUp","value":""}]}]}
RESULT: {"actions":[{"id":"action29","type":"key","parameters":{},"actions":[{"type":"keyDown","value":""},{"type":"pause","duration":10},{"type":"keyUp","value":""}]}]}
COMMAND: POST /session/4014c46da53de9d919a43de616e31eed/execute/async - {"script":"<script> [1562 bytes]","args":[{"selector":{"controlType":"sap.ui.core.Icon","viewName":"etm.portal.ui.ruinventorylist.view.Master","viewId":"application-ruinventorylist-display-component---Master","properties":{"src":{"regex":{"source":"value\\-help"}}},"searchOpenDialogs":true,"ancestor":{"controlType":"sap.m.ColumnListItem","viewName":"etm.portal.ui.ruinventorylist.view.Master","viewId":"application-ruinventorylist-display-component---Master","bindingPath":{"modelName":"additionalRequiredFields","path":"/currentCharacteristics/0"},"ancestor":{"id":"application-ruinventorylist-display-component---Master--splitCharacteristicsTable","searchOpenDialogs":true}}},"wdio_ui5_key":"etmportal.ui.ruinventorylist.view.Mastersap.ui.core.Icon{\"src\":{\"regex\":{\"source\":\"value\\\\-help\"}}}{\"controlType\":\"sap.m.ColumnListItem\",\"viewName\":\"etm.portal.ui.ruinventorylist.view.Master\",\"viewId\":\"application-ruinventorylist-display-component---Master\",\"bindingPath\":{\"modelName\":\"additionalRequiredFields\",\"path\":\"/currentCharacteristics/0\"},\"ancestor\":{\"id\":\"application-ruinventorylist-display-component---Master--splitCharacteristicsTable\",\"searchOpenDialogs\":true}}"}]}
COMMAND: GET /session/4014c46da53de9d919a43de616e31eed/screenshot - {}
RESULT: {"script":"<script> [1562 bytes]","args":[{"selector":{"controlType":"sap.ui.core.Icon","viewName":"etm.portal.ui.ruinventorylist.view.Master","viewId":"application-ruinventorylist-display-component---Master","properties":{"src":{"regex":{"source":"value\\-help"}}},"searchOpenDialogs":true,"ancestor":{"controlType":"sap.m.ColumnListItem","viewName":"etm.portal.ui.ruinventorylist.view.Master","viewId":"application-ruinventorylist-display-component---Master","bindingPath":{"modelName":"additionalRequiredFields","path":"/currentCharacteristics/0"},"ancestor":{"id":"application-ruinventorylist-display-component---Master--splitCharacteristicsTable","searchOpenDialogs":true}}},"wdio_ui5_key":"etmportal.ui.ruinventorylist.view.Mastersap.ui.core.Icon{\"src\":{\"regex\":{\"source\":\"value\\\\-help\"}}}{\"controlType\":\"sap.m.ColumnListItem\",\"viewName\":\"etm.portal.ui.ruinventorylist.view.Master\",\"viewId\":\"application-ruinventorylist-display-component---Master\",\"bindingPath\":{\"modelName\":\"additionalRequiredFields\",\"path\":\"/currentCharacteristics/0\"},\"ancestor\":{\"id\":\"application-ruinventorylist-display-component---Master--splitCharacteristicsTable\",\"searchOpenDialogs\":true}}"}]}
RESULT: undefined
COMMAND: POST /session/4014c46da53de9d919a43de616e31eed/element - {"using":"xpath","value":"//*[@id=\"__help4-application-ruinventorylist-display-component---Master--splitCharacteristicsTable-0-vhi\"]"}
RESULT: {}
RESULT: {"using":"xpath","value":"//*[@id=\"__help4-application-ruinventorylist-display-component---Master--splitCharacteristicsTable-0-vhi\"]"}
COMMAND: POST /session/4014c46da53de9d919a43de616e31eed/element/f.936893D81E2E9803B5A63DB714104460.d.737F096E43925C2C112B7307F738A636.e.4548/click - {}
RESULT: {}
COMMAND: POST /session/4014c46da53de9d919a43de616e31eed/element - {"using":"xpath","value":"(//input[contains(@aria-label ,\"Search\")])[1]"}
COMMAND: GET /session/4014c46da53de9d919a43de616e31eed/screenshot - {}
RESULT: {"using":"xpath","value":"(//input[contains(@aria-label ,\"Search\")])[1]"}
COMMAND: POST /session/4014c46da53de9d919a43de616e31eed/element/f.936893D81E2E9803B5A63DB714104460.d.737F096E43925C2C112B7307F738A636.e.4550/clear - {}
RESULT: {}
RESULT: {}
COMMAND: POST /session/4014c46da53de9d919a43de616e31eed/element/f.936893D81E2E9803B5A63DB714104460.d.737F096E43925C2C112B7307F738A636.e.4550/value - {"text":"10001010"}
COMMAND: GET /session/4014c46da53de9d919a43de616e31eed/screenshot - {}
RESULT: {"text":"10001010"}
COMMAND: POST /session/4014c46da53de9d919a43de616e31eed/actions - {"actions":[{"id":"action30","type":"key","parameters":{},"actions":[{"type":"keyDown","value":""},{"type":"pause","duration":10},{"type":"keyUp","value":""}]}]}
COMMAND: GET /session/4014c46da53de9d919a43de616e31eed/screenshot - {}
RESULT: {}
RESULT: {"actions":[{"id":"action30","type":"key","parameters":{},"actions":[{"type":"keyDown","value":""},{"type":"pause","duration":10},{"type":"keyUp","value":""}]}]}
COMMAND: GET /session/4014c46da53de9d919a43de616e31eed/screenshot - {}
RESULT: {}
RESULT: {}
COMMAND: POST /session/4014c46da53de9d919a43de616e31eed/element - {"using":"xpath","value":"(//span[contains(text(), \"Purchasing\")])[1]"}
RESULT: {"using":"xpath","value":"(//span[contains(text(), \"Purchasing\")])[1]"}
COMMAND: POST /session/4014c46da53de9d919a43de616e31eed/element/f.936893D81E2E9803B5A63DB714104460.d.737F096E43925C2C112B7307F738A636.e.4587/click - {}
RESULT: {}
COMMAND: GET /session/4014c46da53de9d919a43de616e31eed/screenshot - {}
RESULT: {}
COMMAND: POST /session/4014c46da53de9d919a43de616e31eed/element - {"using":"xpath","value":"//span[contains(@id ,\"ok-content\")]"}
RESULT: {"using":"xpath","value":"//span[contains(@id ,\"ok-content\")]"}
COMMAND: POST /session/4014c46da53de9d919a43de616e31eed/element/f.936893D81E2E9803B5A63DB714104460.d.737F096E43925C2C112B7307F738A636.e.4588/click - {}
RESULT: {}
COMMAND: GET /session/4014c46da53de9d919a43de616e31eed/screenshot - {}
RESULT: {}
COMMAND: POST /session/4014c46da53de9d919a43de616e31eed/element - {"using":"xpath","value":"//bdi[contains(text(), \"Save\")]"}
RESULT: {"using":"xpath","value":"//bdi[contains(text(), \"Save\")]"}
COMMAND: POST /session/4014c46da53de9d919a43de616e31eed/element/f.936893D81E2E9803B5A63DB714104460.d.737F096E43925C2C112B7307F738A636.e.4591/click - {}
RESULT: {}
COMMAND: GET /session/4014c46da53de9d919a43de616e31eed/screenshot - {}
RESULT: {}
COMMAND: POST /session/4014c46da53de9d919a43de616e31eed/element - {"using":"xpath","value":"//bdi[contains(text(), \"OK\")]"}
RESULT: {"using":"xpath","value":"//bdi[contains(text(), \"OK\")]"}
COMMAND: POST /session/4014c46da53de9d919a43de616e31eed/element/f.936893D81E2E9803B5A63DB714104460.d.737F096E43925C2C112B7307F738A636.e.4593/click - {}
RESULT: {}
COMMAND: GET /session/4014c46da53de9d919a43de616e31eed/screenshot - {}
RESULT: {}
COMMAND: POST /session/4014c46da53de9d919a43de616e31eed/actions - {"actions":[{"id":"action31","type":"key","parameters":{},"actions":[{"type":"keyDown","value":""},{"type":"pause","duration":10},{"type":"keyUp","value":""}]}]}
RESULT: {"actions":[{"id":"action31","type":"key","parameters":{},"actions":[{"type":"keyDown","value":""},{"type":"pause","duration":10},{"type":"keyUp","value":""}]}]}
COMMAND: GET /session/4014c46da53de9d919a43de616e31eed/screenshot - {}
RESULT: {}
COMMAND: POST /session/4014c46da53de9d919a43de616e31eed/execute/async - {"script":"<script> [1562 bytes]","args":[{"selector":{"controlType":"sap.m.Title","viewName":"etm.portal.ui.managecontracts.view.Detail","properties":{"text":"Contract Items (1)"}},"wdio_ui5_key":"etmportal.ui.managecontracts.view.Detailsap.m.Title{\"text\":\"Contract Items (1)\"}"}]}
RESULT: {"script":"<script> [1562 bytes]","args":[{"selector":{"controlType":"sap.m.Title","viewName":"etm.portal.ui.managecontracts.view.Detail","properties":{"text":"Contract Items (1)"}},"wdio_ui5_key":"etmportal.ui.managecontracts.view.Detailsap.m.Title{\"text\":\"Contract Items (1)\"}"}]}
RESULT: undefined
COMMAND: POST /session/4014c46da53de9d919a43de616e31eed/execute/async - {"script":"<script> [6424 bytes]","args":[{"element-6066-11e4-a52e-4f735466cecf":"f.936893D81E2E9803B5A63DB714104460.d.737F096E43925C2C112B7307F738A636.e.4816"},"getText",[]]}
RESULT: {"script":"<script> [6424 bytes]","args":[{"element-6066-11e4-a52e-4f735466cecf":"f.936893D81E2E9803B5A63DB714104460.d.737F096E43925C2C112B7307F738A636.e.4816"},"getText",[]]}
COMMAND: POST /session/4014c46da53de9d919a43de616e31eed/element - {"using":"xpath","value":"//div[contains(@data-kt ,\"characteristicsObjectStatus\")]"}
RESULT: {"using":"xpath","value":"//div[contains(@data-kt ,\"characteristicsObjectStatus\")]"}
COMMAND: POST /session/4014c46da53de9d919a43de616e31eed/element/f.936893D81E2E9803B5A63DB714104460.d.737F096E43925C2C112B7307F738A636.e.4817/click - {}
RESULT: {}
COMMAND: GET /session/4014c46da53de9d919a43de616e31eed/screenshot - {}
RESULT: {}
COMMAND: POST /session/4014c46da53de9d919a43de616e31eed/element - {"using":"xpath","value":"(//input[contains(@class ,\"sapMInputBaseInner sapMComboBoxInner\")])[2]"}
RESULT: {"using":"xpath","value":"(//input[contains(@class ,\"sapMInputBaseInner sapMComboBoxInner\")])[2]"}
COMMAND: GET /session/4014c46da53de9d919a43de616e31eed/element/f.936893D81E2E9803B5A63DB714104460.d.737F096E43925C2C112B7307F738A636.e.4823/property/value - {}
RESULT: {}
COMMAND: POST /session/4014c46da53de9d919a43de616e31eed/element - {"using":"xpath","value":"//span[contains(text(), \"Input (10001010) 10001010 - Purchasing\")]"}
COMMAND: GET /session/4014c46da53de9d919a43de616e31eed/screenshot - {}
RESULT: {"using":"xpath","value":"//span[contains(text(), \"Input (10001010) 10001010 - Purchasing\")]"}
COMMAND: POST /session/4014c46da53de9d919a43de616e31eed/elements - {"using":"xpath","value":"//span[contains(text(), \"Input (10001010) 10001010 - Purchasing\")]"}
RESULT: {}
RESULT: {"using":"xpath","value":"//span[contains(text(), \"Input (10001010) 10001010 - Purchasing\")]"}
COMMAND: POST /session/4014c46da53de9d919a43de616e31eed/elements - {"using":"xpath","value":"//span[contains(text(), \"Input (10001010) 10001010 - Purchasing\")]"}
RESULT: {"using":"xpath","value":"//span[contains(text(), \"Input (10001010) 10001010 - Purchasing\")]"}
COMMAND: POST /session/4014c46da53de9d919a43de616e31eed/elements - {"using":"xpath","value":"//span[contains(text(), \"Input (10001010) 10001010 - Purchasing\")]"}
RESULT: {"using":"xpath","value":"//span[contains(text(), \"Input (10001010) 10001010 - Purchasing\")]"}
COMMAND: POST /session/4014c46da53de9d919a43de616e31eed/elements - {"using":"xpath","value":"//span[contains(text(), \"Input (10001010) 10001010 - Purchasing\")]"}
RESULT: {"using":"xpath","value":"//span[contains(text(), \"Input (10001010) 10001010 - Purchasing\")]"}
COMMAND: POST /session/4014c46da53de9d919a43de616e31eed/elements - {"using":"xpath","value":"//span[contains(text(), \"Input (10001010) 10001010 - Purchasing\")]"}
RESULT: {"using":"xpath","value":"//span[contains(text(), \"Input (10001010) 10001010 - Purchasing\")]"}
COMMAND: POST /session/4014c46da53de9d919a43de616e31eed/elements - {"using":"xpath","value":"//span[contains(text(), \"Input (10001010) 10001010 - Purchasing\")]"}
RESULT: {"using":"xpath","value":"//span[contains(text(), \"Input (10001010) 10001010 - Purchasing\")]"}
COMMAND: POST /session/4014c46da53de9d919a43de616e31eed/elements - {"using":"xpath","value":"//span[contains(text(), \"Input (10001010) 10001010 - Purchasing\")]"}
RESULT: {"using":"xpath","value":"//span[contains(text(), \"Input (10001010) 10001010 - Purchasing\")]"}
COMMAND: POST /session/4014c46da53de9d919a43de616e31eed/elements - {"using":"xpath","value":"//span[contains(text(), \"Input (10001010) 10001010 - Purchasing\")]"}
RESULT: {"using":"xpath","value":"//span[contains(text(), \"Input (10001010) 10001010 - Purchasing\")]"}
COMMAND: POST /session/4014c46da53de9d919a43de616e31eed/elements - {"using":"xpath","value":"//span[contains(text(), \"Input (10001010) 10001010 - Purchasing\")]"}
RESULT: {"using":"xpath","value":"//span[contains(text(), \"Input (10001010) 10001010 - Purchasing\")]"}
COMMAND: POST /session/4014c46da53de9d919a43de616e31eed/elements - {"using":"xpath","value":"//span[contains(text(), \"Input (10001010) 10001010 - Purchasing\")]"}
RESULT: {"using":"xpath","value":"//span[contains(text(), \"Input (10001010) 10001010 - Purchasing\")]"}
COMMAND: POST /session/4014c46da53de9d919a43de616e31eed/elements - {"using":"xpath","value":"//span[contains(text(), \"Input (10001010) 10001010 - Purchasing\")]"}
RESULT: {"using":"xpath","value":"//span[contains(text(), \"Input (10001010) 10001010 - Purchasing\")]"}
COMMAND: POST /session/4014c46da53de9d919a43de616e31eed/elements - {"using":"xpath","value":"//span[contains(text(), \"Input (10001010) 10001010 - Purchasing\")]"}
RESULT: {"using":"xpath","value":"//span[contains(text(), \"Input (10001010) 10001010 - Purchasing\")]"}
COMMAND: POST /session/4014c46da53de9d919a43de616e31eed/elements - {"using":"xpath","value":"//span[contains(text(), \"Input (10001010) 10001010 - Purchasing\")]"}
RESULT: {"using":"xpath","value":"//span[contains(text(), \"Input (10001010) 10001010 - Purchasing\")]"}
COMMAND: POST /session/4014c46da53de9d919a43de616e31eed/elements - {"using":"xpath","value":"//span[contains(text(), \"Input (10001010) 10001010 - Purchasing\")]"}
RESULT: {"using":"xpath","value":"//span[contains(text(), \"Input (10001010) 10001010 - Purchasing\")]"}
COMMAND: POST /session/4014c46da53de9d919a43de616e31eed/elements - {"using":"xpath","value":"//span[contains(text(), \"Input (10001010) 10001010 - Purchasing\")]"}
RESULT: {"using":"xpath","value":"//span[contains(text(), \"Input (10001010) 10001010 - Purchasing\")]"}
COMMAND: POST /session/4014c46da53de9d919a43de616e31eed/elements - {"using":"xpath","value":"//span[contains(text(), \"Input (10001010) 10001010 - Purchasing\")]"}
RESULT: {"using":"xpath","value":"//span[contains(text(), \"Input (10001010) 10001010 - Purchasing\")]"}
COMMAND: POST /session/4014c46da53de9d919a43de616e31eed/elements - {"using":"xpath","value":"//span[contains(text(), \"Input (10001010) 10001010 - Purchasing\")]"}
RESULT: {"using":"xpath","value":"//span[contains(text(), \"Input (10001010) 10001010 - Purchasing\")]"}
COMMAND: POST /session/4014c46da53de9d919a43de616e31eed/elements - {"using":"xpath","value":"//span[contains(text(), \"Input (10001010) 10001010 - Purchasing\")]"}
RESULT: {"using":"xpath","value":"//span[contains(text(), \"Input (10001010) 10001010 - Purchasing\")]"}
COMMAND: DELETE /session/4014c46da53de9d919a43de616e31eed - {}
COMMAND: POST /session/4014c46da53de9d919a43de616e31eed/elements - {"using":"xpath","value":"//span[contains(text(), \"Input (10001010) 10001010 - Purchasing\")]"}
RESULT: {}
]]></system-out>
    </testcase>
  </testsuite>
</testsuites>