<?xml version="1.0" encoding="UTF-8"?>
<testsuites tests="15" failures="0" errors="0" skipped="0">
  <testsuite timestamp="2025-05-02T05:34:40" time="956.845" tests="9" failures="0" errors="0" skipped="0">
    <properties>
      <property name="specId" value="0" />
      <property name="suiteName" value="Prerequisites &amp; test for yard mass return on Yard Overview US131057" />
      <property name="capabilities" value="chrome.135_0_7049_96.windows" />
      <property name="file" value="file:///D:/a/1/s/test/specs/HTR/yard-mass-return.spec.js" />
    </properties>
    <testcase classname="chrome.135_0_7049_96.windows.Prerequisites_&amp;_test_for_yard_mass_return_on_Yard_Overview_US131057" name="Prereq Should create a new yard used for all following tests" time="130.858">
      <system-out><![CDATA[
COMMAND: POST /session/2ede4c5ecc824f8ada8cef8d592e3e00/window/fullscreen - {}
RESULT: {}
COMMAND: POST /session/2ede4c5ecc824f8ada8cef8d592e3e00/execute/async - {"script":"<script> [1562 bytes]","args":[{"selector":{"controlType":"sap.m.GenericTile","properties":{"header":"Manage Yards"}},"wdio_ui5_key":"sapm.GenericTile{\"header\":\"Manage Yards\"}"}]}
RESULT: {"script":"<script> [1562 bytes]","args":[{"selector":{"controlType":"sap.m.GenericTile","properties":{"header":"Manage Yards"}},"wdio_ui5_key":"sapm.GenericTile{\"header\":\"Manage Yards\"}"}]}
RESULT: undefined
COMMAND: POST /session/2ede4c5ecc824f8ada8cef8d592e3e00/element - {"using":"xpath","value":"//*[@id=\"__tile41\"]"}
RESULT: {"using":"xpath","value":"//*[@id=\"__tile41\"]"}
COMMAND: POST /session/2ede4c5ecc824f8ada8cef8d592e3e00/element/f.DC8B541A7C98CD2E2FC15C3F0919C967.d.828BAF004F790D91B7E97E1437B03ABF.e.156/click - {}
RESULT: {}
COMMAND: POST /session/2ede4c5ecc824f8ada8cef8d592e3e00/element - {"using":"xpath","value":"//button[@data-kt=\"addNewYardOverflowToolbarButton\"]"}
COMMAND: GET /session/2ede4c5ecc824f8ada8cef8d592e3e00/screenshot - {}
RESULT: {"using":"xpath","value":"//button[@data-kt=\"addNewYardOverflowToolbarButton\"]"}
COMMAND: POST /session/2ede4c5ecc824f8ada8cef8d592e3e00/elements - {"using":"xpath","value":"//button[@data-kt=\"addNewYardOverflowToolbarButton\"]"}
RESULT: {}
RESULT: {"using":"xpath","value":"//button[@data-kt=\"addNewYardOverflowToolbarButton\"]"}
COMMAND: POST /session/2ede4c5ecc824f8ada8cef8d592e3e00/elements - {"using":"xpath","value":"//button[@data-kt=\"addNewYardOverflowToolbarButton\"]"}
RESULT: {"using":"xpath","value":"//button[@data-kt=\"addNewYardOverflowToolbarButton\"]"}
COMMAND: POST /session/2ede4c5ecc824f8ada8cef8d592e3e00/elements - {"using":"xpath","value":"//button[@data-kt=\"addNewYardOverflowToolbarButton\"]"}
RESULT: {"using":"xpath","value":"//button[@data-kt=\"addNewYardOverflowToolbarButton\"]"}
COMMAND: POST /session/2ede4c5ecc824f8ada8cef8d592e3e00/elements - {"using":"xpath","value":"//button[@data-kt=\"addNewYardOverflowToolbarButton\"]"}
RESULT: {"using":"xpath","value":"//button[@data-kt=\"addNewYardOverflowToolbarButton\"]"}
COMMAND: POST /session/2ede4c5ecc824f8ada8cef8d592e3e00/elements - {"using":"xpath","value":"//button[@data-kt=\"addNewYardOverflowToolbarButton\"]"}
RESULT: {"using":"xpath","value":"//button[@data-kt=\"addNewYardOverflowToolbarButton\"]"}
COMMAND: POST /session/2ede4c5ecc824f8ada8cef8d592e3e00/elements - {"using":"xpath","value":"//button[@data-kt=\"addNewYardOverflowToolbarButton\"]"}
RESULT: {"using":"xpath","value":"//button[@data-kt=\"addNewYardOverflowToolbarButton\"]"}
COMMAND: POST /session/2ede4c5ecc824f8ada8cef8d592e3e00/elements - {"using":"xpath","value":"//button[@data-kt=\"addNewYardOverflowToolbarButton\"]"}
RESULT: {"using":"xpath","value":"//button[@data-kt=\"addNewYardOverflowToolbarButton\"]"}
COMMAND: POST /session/2ede4c5ecc824f8ada8cef8d592e3e00/elements - {"using":"xpath","value":"//button[@data-kt=\"addNewYardOverflowToolbarButton\"]"}
RESULT: {"using":"xpath","value":"//button[@data-kt=\"addNewYardOverflowToolbarButton\"]"}
COMMAND: POST /session/2ede4c5ecc824f8ada8cef8d592e3e00/elements - {"using":"xpath","value":"//button[@data-kt=\"addNewYardOverflowToolbarButton\"]"}
RESULT: {"using":"xpath","value":"//button[@data-kt=\"addNewYardOverflowToolbarButton\"]"}
COMMAND: POST /session/2ede4c5ecc824f8ada8cef8d592e3e00/elements - {"using":"xpath","value":"//button[@data-kt=\"addNewYardOverflowToolbarButton\"]"}
RESULT: {"using":"xpath","value":"//button[@data-kt=\"addNewYardOverflowToolbarButton\"]"}
COMMAND: POST /session/2ede4c5ecc824f8ada8cef8d592e3e00/elements - {"using":"xpath","value":"//button[@data-kt=\"addNewYardOverflowToolbarButton\"]"}
RESULT: {"using":"xpath","value":"//button[@data-kt=\"addNewYardOverflowToolbarButton\"]"}
COMMAND: POST /session/2ede4c5ecc824f8ada8cef8d592e3e00/elements - {"using":"xpath","value":"//button[@data-kt=\"addNewYardOverflowToolbarButton\"]"}
RESULT: {"using":"xpath","value":"//button[@data-kt=\"addNewYardOverflowToolbarButton\"]"}
COMMAND: POST /session/2ede4c5ecc824f8ada8cef8d592e3e00/elements - {"using":"xpath","value":"//button[@data-kt=\"addNewYardOverflowToolbarButton\"]"}
RESULT: {"using":"xpath","value":"//button[@data-kt=\"addNewYardOverflowToolbarButton\"]"}
COMMAND: POST /session/2ede4c5ecc824f8ada8cef8d592e3e00/elements - {"using":"xpath","value":"//button[@data-kt=\"addNewYardOverflowToolbarButton\"]"}
RESULT: {"using":"xpath","value":"//button[@data-kt=\"addNewYardOverflowToolbarButton\"]"}
COMMAND: POST /session/2ede4c5ecc824f8ada8cef8d592e3e00/elements - {"using":"xpath","value":"//button[@data-kt=\"addNewYardOverflowToolbarButton\"]"}
RESULT: {"using":"xpath","value":"//button[@data-kt=\"addNewYardOverflowToolbarButton\"]"}
COMMAND: POST /session/2ede4c5ecc824f8ada8cef8d592e3e00/elements - {"using":"xpath","value":"//button[@data-kt=\"addNewYardOverflowToolbarButton\"]"}
RESULT: {"using":"xpath","value":"//button[@data-kt=\"addNewYardOverflowToolbarButton\"]"}
COMMAND: POST /session/2ede4c5ecc824f8ada8cef8d592e3e00/elements - {"using":"xpath","value":"//button[@data-kt=\"addNewYardOverflowToolbarButton\"]"}
RESULT: {"using":"xpath","value":"//button[@data-kt=\"addNewYardOverflowToolbarButton\"]"}
COMMAND: POST /session/2ede4c5ecc824f8ada8cef8d592e3e00/elements - {"using":"xpath","value":"//button[@data-kt=\"addNewYardOverflowToolbarButton\"]"}
RESULT: {"using":"xpath","value":"//button[@data-kt=\"addNewYardOverflowToolbarButton\"]"}
COMMAND: POST /session/2ede4c5ecc824f8ada8cef8d592e3e00/elements - {"using":"xpath","value":"//button[@data-kt=\"addNewYardOverflowToolbarButton\"]"}
RESULT: {"using":"xpath","value":"//button[@data-kt=\"addNewYardOverflowToolbarButton\"]"}
COMMAND: POST /session/2ede4c5ecc824f8ada8cef8d592e3e00/elements - {"using":"xpath","value":"//button[@data-kt=\"addNewYardOverflowToolbarButton\"]"}
RESULT: {"using":"xpath","value":"//button[@data-kt=\"addNewYardOverflowToolbarButton\"]"}
COMMAND: POST /session/2ede4c5ecc824f8ada8cef8d592e3e00/elements - {"using":"xpath","value":"//button[@data-kt=\"addNewYardOverflowToolbarButton\"]"}
RESULT: {"using":"xpath","value":"//button[@data-kt=\"addNewYardOverflowToolbarButton\"]"}
COMMAND: POST /session/2ede4c5ecc824f8ada8cef8d592e3e00/elements - {"using":"xpath","value":"//button[@data-kt=\"addNewYardOverflowToolbarButton\"]"}
RESULT: {"using":"xpath","value":"//button[@data-kt=\"addNewYardOverflowToolbarButton\"]"}
COMMAND: POST /session/2ede4c5ecc824f8ada8cef8d592e3e00/elements - {"using":"xpath","value":"//button[@data-kt=\"addNewYardOverflowToolbarButton\"]"}
RESULT: {"using":"xpath","value":"//button[@data-kt=\"addNewYardOverflowToolbarButton\"]"}
COMMAND: POST /session/2ede4c5ecc824f8ada8cef8d592e3e00/elements - {"using":"xpath","value":"//button[@data-kt=\"addNewYardOverflowToolbarButton\"]"}
RESULT: {"using":"xpath","value":"//button[@data-kt=\"addNewYardOverflowToolbarButton\"]"}
COMMAND: POST /session/2ede4c5ecc824f8ada8cef8d592e3e00/elements - {"using":"xpath","value":"//button[@data-kt=\"addNewYardOverflowToolbarButton\"]"}
RESULT: {"using":"xpath","value":"//button[@data-kt=\"addNewYardOverflowToolbarButton\"]"}
COMMAND: POST /session/2ede4c5ecc824f8ada8cef8d592e3e00/elements - {"using":"xpath","value":"//button[@data-kt=\"addNewYardOverflowToolbarButton\"]"}
RESULT: {"using":"xpath","value":"//button[@data-kt=\"addNewYardOverflowToolbarButton\"]"}
COMMAND: POST /session/2ede4c5ecc824f8ada8cef8d592e3e00/elements - {"using":"xpath","value":"//button[@data-kt=\"addNewYardOverflowToolbarButton\"]"}
RESULT: {"using":"xpath","value":"//button[@data-kt=\"addNewYardOverflowToolbarButton\"]"}
COMMAND: POST /session/2ede4c5ecc824f8ada8cef8d592e3e00/elements - {"using":"xpath","value":"//button[@data-kt=\"addNewYardOverflowToolbarButton\"]"}
RESULT: {"using":"xpath","value":"//button[@data-kt=\"addNewYardOverflowToolbarButton\"]"}
COMMAND: POST /session/2ede4c5ecc824f8ada8cef8d592e3e00/elements - {"using":"xpath","value":"//button[@data-kt=\"addNewYardOverflowToolbarButton\"]"}
RESULT: {"using":"xpath","value":"//button[@data-kt=\"addNewYardOverflowToolbarButton\"]"}
COMMAND: POST /session/2ede4c5ecc824f8ada8cef8d592e3e00/elements - {"using":"xpath","value":"//button[@data-kt=\"addNewYardOverflowToolbarButton\"]"}
RESULT: {"using":"xpath","value":"//button[@data-kt=\"addNewYardOverflowToolbarButton\"]"}
COMMAND: POST /session/2ede4c5ecc824f8ada8cef8d592e3e00/elements - {"using":"xpath","value":"//button[@data-kt=\"addNewYardOverflowToolbarButton\"]"}
RESULT: {"using":"xpath","value":"//button[@data-kt=\"addNewYardOverflowToolbarButton\"]"}
COMMAND: POST /session/2ede4c5ecc824f8ada8cef8d592e3e00/elements - {"using":"xpath","value":"//button[@data-kt=\"addNewYardOverflowToolbarButton\"]"}
RESULT: {"using":"xpath","value":"//button[@data-kt=\"addNewYardOverflowToolbarButton\"]"}
COMMAND: POST /session/2ede4c5ecc824f8ada8cef8d592e3e00/elements - {"using":"xpath","value":"//button[@data-kt=\"addNewYardOverflowToolbarButton\"]"}
RESULT: {"using":"xpath","value":"//button[@data-kt=\"addNewYardOverflowToolbarButton\"]"}
COMMAND: POST /session/2ede4c5ecc824f8ada8cef8d592e3e00/elements - {"using":"xpath","value":"//button[@data-kt=\"addNewYardOverflowToolbarButton\"]"}
RESULT: {"using":"xpath","value":"//button[@data-kt=\"addNewYardOverflowToolbarButton\"]"}
COMMAND: POST /session/2ede4c5ecc824f8ada8cef8d592e3e00/elements - {"using":"xpath","value":"//button[@data-kt=\"addNewYardOverflowToolbarButton\"]"}
RESULT: {"using":"xpath","value":"//button[@data-kt=\"addNewYardOverflowToolbarButton\"]"}
COMMAND: POST /session/2ede4c5ecc824f8ada8cef8d592e3e00/elements - {"using":"xpath","value":"//button[@data-kt=\"addNewYardOverflowToolbarButton\"]"}
RESULT: {"using":"xpath","value":"//button[@data-kt=\"addNewYardOverflowToolbarButton\"]"}
COMMAND: POST /session/2ede4c5ecc824f8ada8cef8d592e3e00/elements - {"using":"xpath","value":"//button[@data-kt=\"addNewYardOverflowToolbarButton\"]"}
RESULT: {"using":"xpath","value":"//button[@data-kt=\"addNewYardOverflowToolbarButton\"]"}
COMMAND: POST /session/2ede4c5ecc824f8ada8cef8d592e3e00/elements - {"using":"xpath","value":"//button[@data-kt=\"addNewYardOverflowToolbarButton\"]"}
RESULT: {"using":"xpath","value":"//button[@data-kt=\"addNewYardOverflowToolbarButton\"]"}
COMMAND: POST /session/2ede4c5ecc824f8ada8cef8d592e3e00/elements - {"using":"xpath","value":"//button[@data-kt=\"addNewYardOverflowToolbarButton\"]"}
RESULT: {"using":"xpath","value":"//button[@data-kt=\"addNewYardOverflowToolbarButton\"]"}
COMMAND: POST /session/2ede4c5ecc824f8ada8cef8d592e3e00/elements - {"using":"xpath","value":"//button[@data-kt=\"addNewYardOverflowToolbarButton\"]"}
RESULT: {"using":"xpath","value":"//button[@data-kt=\"addNewYardOverflowToolbarButton\"]"}
COMMAND: POST /session/2ede4c5ecc824f8ada8cef8d592e3e00/elements - {"using":"xpath","value":"//button[@data-kt=\"addNewYardOverflowToolbarButton\"]"}
RESULT: {"using":"xpath","value":"//button[@data-kt=\"addNewYardOverflowToolbarButton\"]"}
COMMAND: POST /session/2ede4c5ecc824f8ada8cef8d592e3e00/elements - {"using":"xpath","value":"//button[@data-kt=\"addNewYardOverflowToolbarButton\"]"}
RESULT: {"using":"xpath","value":"//button[@data-kt=\"addNewYardOverflowToolbarButton\"]"}
COMMAND: POST /session/2ede4c5ecc824f8ada8cef8d592e3e00/elements - {"using":"xpath","value":"//button[@data-kt=\"addNewYardOverflowToolbarButton\"]"}
RESULT: {"using":"xpath","value":"//button[@data-kt=\"addNewYardOverflowToolbarButton\"]"}
COMMAND: POST /session/2ede4c5ecc824f8ada8cef8d592e3e00/elements - {"using":"xpath","value":"//button[@data-kt=\"addNewYardOverflowToolbarButton\"]"}
RESULT: {"using":"xpath","value":"//button[@data-kt=\"addNewYardOverflowToolbarButton\"]"}
COMMAND: POST /session/2ede4c5ecc824f8ada8cef8d592e3e00/elements - {"using":"xpath","value":"//button[@data-kt=\"addNewYardOverflowToolbarButton\"]"}
RESULT: {"using":"xpath","value":"//button[@data-kt=\"addNewYardOverflowToolbarButton\"]"}
COMMAND: POST /session/2ede4c5ecc824f8ada8cef8d592e3e00/elements - {"using":"xpath","value":"//button[@data-kt=\"addNewYardOverflowToolbarButton\"]"}
RESULT: {"using":"xpath","value":"//button[@data-kt=\"addNewYardOverflowToolbarButton\"]"}
COMMAND: POST /session/2ede4c5ecc824f8ada8cef8d592e3e00/elements - {"using":"xpath","value":"//button[@data-kt=\"addNewYardOverflowToolbarButton\"]"}
RESULT: {"using":"xpath","value":"//button[@data-kt=\"addNewYardOverflowToolbarButton\"]"}
COMMAND: POST /session/2ede4c5ecc824f8ada8cef8d592e3e00/elements - {"using":"xpath","value":"//button[@data-kt=\"addNewYardOverflowToolbarButton\"]"}
RESULT: {"using":"xpath","value":"//button[@data-kt=\"addNewYardOverflowToolbarButton\"]"}
COMMAND: POST /session/2ede4c5ecc824f8ada8cef8d592e3e00/elements - {"using":"xpath","value":"//button[@data-kt=\"addNewYardOverflowToolbarButton\"]"}
RESULT: {"using":"xpath","value":"//button[@data-kt=\"addNewYardOverflowToolbarButton\"]"}
COMMAND: POST /session/2ede4c5ecc824f8ada8cef8d592e3e00/elements - {"using":"xpath","value":"//button[@data-kt=\"addNewYardOverflowToolbarButton\"]"}
RESULT: {"using":"xpath","value":"//button[@data-kt=\"addNewYardOverflowToolbarButton\"]"}
COMMAND: POST /session/2ede4c5ecc824f8ada8cef8d592e3e00/elements - {"using":"xpath","value":"//button[@data-kt=\"addNewYardOverflowToolbarButton\"]"}
RESULT: {"using":"xpath","value":"//button[@data-kt=\"addNewYardOverflowToolbarButton\"]"}
COMMAND: POST /session/2ede4c5ecc824f8ada8cef8d592e3e00/elements - {"using":"xpath","value":"//button[@data-kt=\"addNewYardOverflowToolbarButton\"]"}
RESULT: {"using":"xpath","value":"//button[@data-kt=\"addNewYardOverflowToolbarButton\"]"}
COMMAND: POST /session/2ede4c5ecc824f8ada8cef8d592e3e00/elements - {"using":"xpath","value":"//button[@data-kt=\"addNewYardOverflowToolbarButton\"]"}
RESULT: {"using":"xpath","value":"//button[@data-kt=\"addNewYardOverflowToolbarButton\"]"}
COMMAND: POST /session/2ede4c5ecc824f8ada8cef8d592e3e00/elements - {"using":"xpath","value":"//button[@data-kt=\"addNewYardOverflowToolbarButton\"]"}
RESULT: {"using":"xpath","value":"//button[@data-kt=\"addNewYardOverflowToolbarButton\"]"}
COMMAND: POST /session/2ede4c5ecc824f8ada8cef8d592e3e00/elements - {"using":"xpath","value":"//button[@data-kt=\"addNewYardOverflowToolbarButton\"]"}
RESULT: {"using":"xpath","value":"//button[@data-kt=\"addNewYardOverflowToolbarButton\"]"}
COMMAND: POST /session/2ede4c5ecc824f8ada8cef8d592e3e00/elements - {"using":"xpath","value":"//button[@data-kt=\"addNewYardOverflowToolbarButton\"]"}
RESULT: {"using":"xpath","value":"//button[@data-kt=\"addNewYardOverflowToolbarButton\"]"}
COMMAND: POST /session/2ede4c5ecc824f8ada8cef8d592e3e00/elements - {"using":"xpath","value":"//button[@data-kt=\"addNewYardOverflowToolbarButton\"]"}
RESULT: {"using":"xpath","value":"//button[@data-kt=\"addNewYardOverflowToolbarButton\"]"}
COMMAND: POST /session/2ede4c5ecc824f8ada8cef8d592e3e00/elements - {"using":"xpath","value":"//button[@data-kt=\"addNewYardOverflowToolbarButton\"]"}
RESULT: {"using":"xpath","value":"//button[@data-kt=\"addNewYardOverflowToolbarButton\"]"}
COMMAND: POST /session/2ede4c5ecc824f8ada8cef8d592e3e00/elements - {"using":"xpath","value":"//button[@data-kt=\"addNewYardOverflowToolbarButton\"]"}
RESULT: {"using":"xpath","value":"//button[@data-kt=\"addNewYardOverflowToolbarButton\"]"}
COMMAND: POST /session/2ede4c5ecc824f8ada8cef8d592e3e00/elements - {"using":"xpath","value":"//button[@data-kt=\"addNewYardOverflowToolbarButton\"]"}
RESULT: {"using":"xpath","value":"//button[@data-kt=\"addNewYardOverflowToolbarButton\"]"}
COMMAND: POST /session/2ede4c5ecc824f8ada8cef8d592e3e00/elements - {"using":"xpath","value":"//button[@data-kt=\"addNewYardOverflowToolbarButton\"]"}
RESULT: {"using":"xpath","value":"//button[@data-kt=\"addNewYardOverflowToolbarButton\"]"}
COMMAND: POST /session/2ede4c5ecc824f8ada8cef8d592e3e00/elements - {"using":"xpath","value":"//button[@data-kt=\"addNewYardOverflowToolbarButton\"]"}
RESULT: {"using":"xpath","value":"//button[@data-kt=\"addNewYardOverflowToolbarButton\"]"}
COMMAND: POST /session/2ede4c5ecc824f8ada8cef8d592e3e00/elements - {"using":"xpath","value":"//button[@data-kt=\"addNewYardOverflowToolbarButton\"]"}
RESULT: {"using":"xpath","value":"//button[@data-kt=\"addNewYardOverflowToolbarButton\"]"}
COMMAND: POST /session/2ede4c5ecc824f8ada8cef8d592e3e00/elements - {"using":"xpath","value":"//button[@data-kt=\"addNewYardOverflowToolbarButton\"]"}
RESULT: {"using":"xpath","value":"//button[@data-kt=\"addNewYardOverflowToolbarButton\"]"}
COMMAND: POST /session/2ede4c5ecc824f8ada8cef8d592e3e00/element - {"using":"xpath","value":"//button[@data-kt=\"addNewYardOverflowToolbarButton\"]"}
RESULT: {"using":"xpath","value":"//button[@data-kt=\"addNewYardOverflowToolbarButton\"]"}
COMMAND: POST /session/2ede4c5ecc824f8ada8cef8d592e3e00/execute/sync - {"script":"<script> [8489 bytes]","args":[{"element-6066-11e4-a52e-4f735466cecf":"f.DC8B541A7C98CD2E2FC15C3F0919C967.d.828BAF004F790D91B7E97E1437B03ABF.e.292","ELEMENT":"f.DC8B541A7C98CD2E2FC15C3F0919C967.d.828BAF004F790D91B7E97E1437B03ABF.e.292"}]}
RESULT: {"script":"<script> [8489 bytes]","args":[{"element-6066-11e4-a52e-4f735466cecf":"f.DC8B541A7C98CD2E2FC15C3F0919C967.d.828BAF004F790D91B7E97E1437B03ABF.e.292","ELEMENT":"f.DC8B541A7C98CD2E2FC15C3F0919C967.d.828BAF004F790D91B7E97E1437B03ABF.e.292"}]}
COMMAND: GET /session/2ede4c5ecc824f8ada8cef8d592e3e00/element/f.DC8B541A7C98CD2E2FC15C3F0919C967.d.828BAF004F790D91B7E97E1437B03ABF.e.292/enabled - {}
COMMAND: GET /session/2ede4c5ecc824f8ada8cef8d592e3e00/screenshot - {}
RESULT: {}
COMMAND: POST /session/2ede4c5ecc824f8ada8cef8d592e3e00/execute/sync - {"script":"<script> [8489 bytes]","args":[{"element-6066-11e4-a52e-4f735466cecf":"f.DC8B541A7C98CD2E2FC15C3F0919C967.d.828BAF004F790D91B7E97E1437B03ABF.e.292","ELEMENT":"f.DC8B541A7C98CD2E2FC15C3F0919C967.d.828BAF004F790D91B7E97E1437B03ABF.e.292"}]}
COMMAND: GET /session/2ede4c5ecc824f8ada8cef8d592e3e00/screenshot - {}
RESULT: {}
RESULT: {"script":"<script> [8489 bytes]","args":[{"element-6066-11e4-a52e-4f735466cecf":"f.DC8B541A7C98CD2E2FC15C3F0919C967.d.828BAF004F790D91B7E97E1437B03ABF.e.292","ELEMENT":"f.DC8B541A7C98CD2E2FC15C3F0919C967.d.828BAF004F790D91B7E97E1437B03ABF.e.292"}]}
COMMAND: POST /session/2ede4c5ecc824f8ada8cef8d592e3e00/execute/sync - {"script":"<script> [5351 bytes]","args":[{"element-6066-11e4-a52e-4f735466cecf":"f.DC8B541A7C98CD2E2FC15C3F0919C967.d.828BAF004F790D91B7E97E1437B03ABF.e.292","ELEMENT":"f.DC8B541A7C98CD2E2FC15C3F0919C967.d.828BAF004F790D91B7E97E1437B03ABF.e.292"}]}
COMMAND: GET /session/2ede4c5ecc824f8ada8cef8d592e3e00/screenshot - {}
RESULT: {}
RESULT: {"script":"<script> [5351 bytes]","args":[{"element-6066-11e4-a52e-4f735466cecf":"f.DC8B541A7C98CD2E2FC15C3F0919C967.d.828BAF004F790D91B7E97E1437B03ABF.e.292","ELEMENT":"f.DC8B541A7C98CD2E2FC15C3F0919C967.d.828BAF004F790D91B7E97E1437B03ABF.e.292"}]}
COMMAND: POST /session/2ede4c5ecc824f8ada8cef8d592e3e00/element/f.DC8B541A7C98CD2E2FC15C3F0919C967.d.828BAF004F790D91B7E97E1437B03ABF.e.292/click - {}
COMMAND: GET /session/2ede4c5ecc824f8ada8cef8d592e3e00/screenshot - {}
RESULT: {}
RESULT: {}
COMMAND: GET /session/2ede4c5ecc824f8ada8cef8d592e3e00/screenshot - {}
RESULT: {}
RESULT: {}
COMMAND: POST /session/2ede4c5ecc824f8ada8cef8d592e3e00/element - {"using":"xpath","value":"//input[@id=\"application-manageyards-display-component---NewYard--yardId-inner\"]"}
RESULT: {"using":"xpath","value":"//input[@id=\"application-manageyards-display-component---NewYard--yardId-inner\"]"}
COMMAND: POST /session/2ede4c5ecc824f8ada8cef8d592e3e00/element - {"using":"xpath","value":"//input[@id=\"application-manageyards-display-component---NewYard--yardId-inner\"]"}
RESULT: {"using":"xpath","value":"//input[@id=\"application-manageyards-display-component---NewYard--yardId-inner\"]"}
COMMAND: POST /session/2ede4c5ecc824f8ada8cef8d592e3e00/execute/async - {"script":"<script> [1562 bytes]","args":[{"selector":{"id":"application-manageyards-display-component---NewYard--addressDetailDetailsName1","interaction":{"idSuffix":"inner"}},"wdio_ui5_key":"applicationmanageyards-display-component---NewYard--addressDetailDetailsName1"}]}
RESULT: {"script":"<script> [1562 bytes]","args":[{"selector":{"id":"application-manageyards-display-component---NewYard--addressDetailDetailsName1","interaction":{"idSuffix":"inner"}},"wdio_ui5_key":"applicationmanageyards-display-component---NewYard--addressDetailDetailsName1"}]}
RESULT: undefined
COMMAND: POST /session/2ede4c5ecc824f8ada8cef8d592e3e00/execute/async - {"script":"<script> [776 bytes]","args":[{"enterText":"Other Yard WDIO","selector":{"id":"application-manageyards-display-component---NewYard--addressDetailDetailsName1","interaction":{"idSuffix":"inner"}},"clearTextFirst":true,"interactionType":"ENTER_TEXT"}]}
RESULT: {"script":"<script> [776 bytes]","args":[{"enterText":"Other Yard WDIO","selector":{"id":"application-manageyards-display-component---NewYard--addressDetailDetailsName1","interaction":{"idSuffix":"inner"}},"clearTextFirst":true,"interactionType":"ENTER_TEXT"}]}
COMMAND: POST /session/2ede4c5ecc824f8ada8cef8d592e3e00/execute/async - {"script":"<script> [1562 bytes]","args":[{"selector":{"id":"application-manageyards-display-component---NewYard--addressDetailDetailsLanguage-arrow"},"wdio_ui5_key":"applicationmanageyards-display-component---NewYard--addressDetailDetailsLanguage-arrow"}]}
RESULT: {"script":"<script> [1562 bytes]","args":[{"selector":{"id":"application-manageyards-display-component---NewYard--addressDetailDetailsLanguage-arrow"},"wdio_ui5_key":"applicationmanageyards-display-component---NewYard--addressDetailDetailsLanguage-arrow"}]}
RESULT: undefined
COMMAND: POST /session/2ede4c5ecc824f8ada8cef8d592e3e00/element - {"using":"xpath","value":"//*[@id=\"application-manageyards-display-component---NewYard--addressDetailDetailsLanguage-arrow\"]"}
RESULT: {"using":"xpath","value":"//*[@id=\"application-manageyards-display-component---NewYard--addressDetailDetailsLanguage-arrow\"]"}
COMMAND: POST /session/2ede4c5ecc824f8ada8cef8d592e3e00/element/f.DC8B541A7C98CD2E2FC15C3F0919C967.d.828BAF004F790D91B7E97E1437B03ABF.e.723/click - {}
RESULT: {}
COMMAND: POST /session/2ede4c5ecc824f8ada8cef8d592e3e00/element - {"using":"xpath","value":"//span[contains(text(), \"English\")]"}
COMMAND: GET /session/2ede4c5ecc824f8ada8cef8d592e3e00/screenshot - {}
RESULT: {"using":"xpath","value":"//span[contains(text(), \"English\")]"}
COMMAND: POST /session/2ede4c5ecc824f8ada8cef8d592e3e00/element/f.DC8B541A7C98CD2E2FC15C3F0919C967.d.828BAF004F790D91B7E97E1437B03ABF.e.724/click - {}
RESULT: {}
RESULT: {}
COMMAND: POST /session/2ede4c5ecc824f8ada8cef8d592e3e00/execute/async - {"script":"<script> [1562 bytes]","args":[{"selector":{"id":"application-manageyards-display-component---NewYard--addressDetailDetailsCity1","interaction":{"idSuffix":"inner"}},"wdio_ui5_key":"applicationmanageyards-display-component---NewYard--addressDetailDetailsCity1"}]}
COMMAND: GET /session/2ede4c5ecc824f8ada8cef8d592e3e00/screenshot - {}
RESULT: {"script":"<script> [1562 bytes]","args":[{"selector":{"id":"application-manageyards-display-component---NewYard--addressDetailDetailsCity1","interaction":{"idSuffix":"inner"}},"wdio_ui5_key":"applicationmanageyards-display-component---NewYard--addressDetailDetailsCity1"}]}
RESULT: undefined
COMMAND: POST /session/2ede4c5ecc824f8ada8cef8d592e3e00/execute/async - {"script":"<script> [776 bytes]","args":[{"enterText":"Rosario","selector":{"id":"application-manageyards-display-component---NewYard--addressDetailDetailsCity1","interaction":{"idSuffix":"inner"}},"clearTextFirst":true,"interactionType":"ENTER_TEXT"}]}
RESULT: {}
RESULT: {"script":"<script> [776 bytes]","args":[{"enterText":"Rosario","selector":{"id":"application-manageyards-display-component---NewYard--addressDetailDetailsCity1","interaction":{"idSuffix":"inner"}},"clearTextFirst":true,"interactionType":"ENTER_TEXT"}]}
COMMAND: POST /session/2ede4c5ecc824f8ada8cef8d592e3e00/execute/async - {"script":"<script> [1562 bytes]","args":[{"selector":{"id":"application-manageyards-display-component---NewYard--addressDetailDetailsCountry-arrow"},"wdio_ui5_key":"applicationmanageyards-display-component---NewYard--addressDetailDetailsCountry-arrow"}]}
RESULT: {"script":"<script> [1562 bytes]","args":[{"selector":{"id":"application-manageyards-display-component---NewYard--addressDetailDetailsCountry-arrow"},"wdio_ui5_key":"applicationmanageyards-display-component---NewYard--addressDetailDetailsCountry-arrow"}]}
RESULT: undefined
COMMAND: POST /session/2ede4c5ecc824f8ada8cef8d592e3e00/element - {"using":"xpath","value":"//*[@id=\"application-manageyards-display-component---NewYard--addressDetailDetailsCountry-arrow\"]"}
RESULT: {"using":"xpath","value":"//*[@id=\"application-manageyards-display-component---NewYard--addressDetailDetailsCountry-arrow\"]"}
COMMAND: POST /session/2ede4c5ecc824f8ada8cef8d592e3e00/element/f.DC8B541A7C98CD2E2FC15C3F0919C967.d.828BAF004F790D91B7E97E1437B03ABF.e.726/click - {}
RESULT: {}
COMMAND: POST /session/2ede4c5ecc824f8ada8cef8d592e3e00/element - {"using":"xpath","value":"//span[contains(text(), \"Argentina\")]"}
COMMAND: GET /session/2ede4c5ecc824f8ada8cef8d592e3e00/screenshot - {}
RESULT: {"using":"xpath","value":"//span[contains(text(), \"Argentina\")]"}
COMMAND: POST /session/2ede4c5ecc824f8ada8cef8d592e3e00/element/f.DC8B541A7C98CD2E2FC15C3F0919C967.d.828BAF004F790D91B7E97E1437B03ABF.e.727/click - {}
RESULT: {}
RESULT: {}
COMMAND: POST /session/2ede4c5ecc824f8ada8cef8d592e3e00/execute/async - {"script":"<script> [1562 bytes]","args":[{"selector":{"id":"application-manageyards-display-component---NewYard--addressEditDetailsCostObjectCstType-arrow"},"wdio_ui5_key":"applicationmanageyards-display-component---NewYard--addressEditDetailsCostObjectCstType-arrow"}]}
COMMAND: GET /session/2ede4c5ecc824f8ada8cef8d592e3e00/screenshot - {}
RESULT: {"script":"<script> [1562 bytes]","args":[{"selector":{"id":"application-manageyards-display-component---NewYard--addressEditDetailsCostObjectCstType-arrow"},"wdio_ui5_key":"applicationmanageyards-display-component---NewYard--addressEditDetailsCostObjectCstType-arrow"}]}
RESULT: undefined
COMMAND: POST /session/2ede4c5ecc824f8ada8cef8d592e3e00/element - {"using":"xpath","value":"//*[@id=\"application-manageyards-display-component---NewYard--addressEditDetailsCostObjectCstType-arrow\"]"}
RESULT: {}
RESULT: {"using":"xpath","value":"//*[@id=\"application-manageyards-display-component---NewYard--addressEditDetailsCostObjectCstType-arrow\"]"}
COMMAND: POST /session/2ede4c5ecc824f8ada8cef8d592e3e00/element/f.DC8B541A7C98CD2E2FC15C3F0919C967.d.828BAF004F790D91B7E97E1437B03ABF.e.729/click - {}
RESULT: {}
COMMAND: POST /session/2ede4c5ecc824f8ada8cef8d592e3e00/element - {"using":"xpath","value":"//span[contains(text(), \"Cost Center\")]"}
COMMAND: GET /session/2ede4c5ecc824f8ada8cef8d592e3e00/screenshot - {}
RESULT: {"using":"xpath","value":"//span[contains(text(), \"Cost Center\")]"}
COMMAND: POST /session/2ede4c5ecc824f8ada8cef8d592e3e00/element/f.DC8B541A7C98CD2E2FC15C3F0919C967.d.828BAF004F790D91B7E97E1437B03ABF.e.730/click - {}
RESULT: {}
RESULT: {}
COMMAND: GET /session/2ede4c5ecc824f8ada8cef8d592e3e00/screenshot - {}
RESULT: {}
COMMAND: POST /session/2ede4c5ecc824f8ada8cef8d592e3e00/element - {"using":"xpath","value":"//span[@id=\"application-manageyards-display-component---NewYard--addressNewCostObjectCstID-vhi\"]"}
RESULT: {"using":"xpath","value":"//span[@id=\"application-manageyards-display-component---NewYard--addressNewCostObjectCstID-vhi\"]"}
COMMAND: POST /session/2ede4c5ecc824f8ada8cef8d592e3e00/execute/sync - {"script":"<script> [8489 bytes]","args":[{"element-6066-11e4-a52e-4f735466cecf":"f.DC8B541A7C98CD2E2FC15C3F0919C967.d.828BAF004F790D91B7E97E1437B03ABF.e.734","ELEMENT":"f.DC8B541A7C98CD2E2FC15C3F0919C967.d.828BAF004F790D91B7E97E1437B03ABF.e.734"}]}
RESULT: {"script":"<script> [8489 bytes]","args":[{"element-6066-11e4-a52e-4f735466cecf":"f.DC8B541A7C98CD2E2FC15C3F0919C967.d.828BAF004F790D91B7E97E1437B03ABF.e.734","ELEMENT":"f.DC8B541A7C98CD2E2FC15C3F0919C967.d.828BAF004F790D91B7E97E1437B03ABF.e.734"}]}
COMMAND: POST /session/2ede4c5ecc824f8ada8cef8d592e3e00/execute/async - {"script":"<script> [1562 bytes]","args":[{"selector":{"id":"application-manageyards-display-component---NewYard--addressNewCostObjectCstID-vhi"},"wdio_ui5_key":"applicationmanageyards-display-component---NewYard--addressNewCostObjectCstID-vhi"}]}
COMMAND: GET /session/2ede4c5ecc824f8ada8cef8d592e3e00/screenshot - {}
RESULT: {"script":"<script> [1562 bytes]","args":[{"selector":{"id":"application-manageyards-display-component---NewYard--addressNewCostObjectCstID-vhi"},"wdio_ui5_key":"applicationmanageyards-display-component---NewYard--addressNewCostObjectCstID-vhi"}]}
RESULT: undefined
COMMAND: POST /session/2ede4c5ecc824f8ada8cef8d592e3e00/element - {"using":"xpath","value":"//*[@id=\"application-manageyards-display-component---NewYard--addressNewCostObjectCstID-vhi\"]"}
RESULT: {}
RESULT: {"using":"xpath","value":"//*[@id=\"application-manageyards-display-component---NewYard--addressNewCostObjectCstID-vhi\"]"}
COMMAND: POST /session/2ede4c5ecc824f8ada8cef8d592e3e00/element/f.DC8B541A7C98CD2E2FC15C3F0919C967.d.828BAF004F790D91B7E97E1437B03ABF.e.734/click - {}
RESULT: {}
COMMAND: GET /session/2ede4c5ecc824f8ada8cef8d592e3e00/screenshot - {}
RESULT: {}
COMMAND: POST /session/2ede4c5ecc824f8ada8cef8d592e3e00/execute/async - {"script":"<script> [1562 bytes]","args":[{"selector":{"controlType":"sap.m.SearchField","properties":{"placeholder":"Search"},"searchOpenDialogs":true,"interaction":{"idSuffix":"I"}},"wdio_ui5_key":"sapm.SearchField{\"placeholder\":\"Search\"}"}]}
RESULT: {"script":"<script> [1562 bytes]","args":[{"selector":{"controlType":"sap.m.SearchField","properties":{"placeholder":"Search"},"searchOpenDialogs":true,"interaction":{"idSuffix":"I"}},"wdio_ui5_key":"sapm.SearchField{\"placeholder\":\"Search\"}"}]}
RESULT: undefined
COMMAND: POST /session/2ede4c5ecc824f8ada8cef8d592e3e00/execute/async - {"script":"<script> [776 bytes]","args":[{"enterText":"10001013","selector":{"controlType":"sap.m.SearchField","properties":{"placeholder":"Search"},"searchOpenDialogs":true,"interaction":{"idSuffix":"I"}},"clearTextFirst":true,"interactionType":"ENTER_TEXT"}]}
RESULT: {"script":"<script> [776 bytes]","args":[{"enterText":"10001013","selector":{"controlType":"sap.m.SearchField","properties":{"placeholder":"Search"},"searchOpenDialogs":true,"interaction":{"idSuffix":"I"}},"clearTextFirst":true,"interactionType":"ENTER_TEXT"}]}
COMMAND: POST /session/2ede4c5ecc824f8ada8cef8d592e3e00/actions - {"actions":[{"id":"action1","type":"key","parameters":{},"actions":[{"type":"keyDown","value":"î€‡"},{"type":"pause","duration":10},{"type":"keyUp","value":"î€‡"}]}]}
RESULT: {"actions":[{"id":"action1","type":"key","parameters":{},"actions":[{"type":"keyDown","value":"î€‡"},{"type":"pause","duration":10},{"type":"keyUp","value":"î€‡"}]}]}
COMMAND: GET /session/2ede4c5ecc824f8ada8cef8d592e3e00/screenshot - {}
RESULT: {}
COMMAND: POST /session/2ede4c5ecc824f8ada8cef8d592e3e00/element - {"using":"xpath","value":"//span[contains(text(), \"General Management\")]"}
RESULT: {"using":"xpath","value":"//span[contains(text(), \"General Management\")]"}
COMMAND: POST /session/2ede4c5ecc824f8ada8cef8d592e3e00/element/f.DC8B541A7C98CD2E2FC15C3F0919C967.d.828BAF004F790D91B7E97E1437B03ABF.e.776/click - {}
RESULT: {}
COMMAND: GET /session/2ede4c5ecc824f8ada8cef8d592e3e00/screenshot - {}
RESULT: {}
COMMAND: POST /session/2ede4c5ecc824f8ada8cef8d592e3e00/element - {"using":"xpath","value":"//bdi[contains(text(), \"OK\")]"}
RESULT: {"using":"xpath","value":"//bdi[contains(text(), \"OK\")]"}
COMMAND: POST /session/2ede4c5ecc824f8ada8cef8d592e3e00/element/f.DC8B541A7C98CD2E2FC15C3F0919C967.d.828BAF004F790D91B7E97E1437B03ABF.e.777/click - {}
RESULT: {}
COMMAND: GET /session/2ede4c5ecc824f8ada8cef8d592e3e00/screenshot - {}
RESULT: {}
COMMAND: POST /session/2ede4c5ecc824f8ada8cef8d592e3e00/execute/async - {"script":"<script> [1562 bytes]","args":[{"selector":{"id":"application-manageyards-display-component---NewYard--addressEditDetailsCurrency-arrow"},"wdio_ui5_key":"applicationmanageyards-display-component---NewYard--addressEditDetailsCurrency-arrow"}]}
RESULT: {"script":"<script> [1562 bytes]","args":[{"selector":{"id":"application-manageyards-display-component---NewYard--addressEditDetailsCurrency-arrow"},"wdio_ui5_key":"applicationmanageyards-display-component---NewYard--addressEditDetailsCurrency-arrow"}]}
RESULT: undefined
COMMAND: POST /session/2ede4c5ecc824f8ada8cef8d592e3e00/element - {"using":"xpath","value":"//*[@id=\"application-manageyards-display-component---NewYard--addressEditDetailsCurrency-arrow\"]"}
RESULT: {"using":"xpath","value":"//*[@id=\"application-manageyards-display-component---NewYard--addressEditDetailsCurrency-arrow\"]"}
COMMAND: POST /session/2ede4c5ecc824f8ada8cef8d592e3e00/element/f.DC8B541A7C98CD2E2FC15C3F0919C967.d.828BAF004F790D91B7E97E1437B03ABF.e.780/click - {}
RESULT: {}
COMMAND: POST /session/2ede4c5ecc824f8ada8cef8d592e3e00/element - {"using":"xpath","value":"//span[contains(text(), \"Euro\")]"}
COMMAND: GET /session/2ede4c5ecc824f8ada8cef8d592e3e00/screenshot - {}
RESULT: {"using":"xpath","value":"//span[contains(text(), \"Euro\")]"}
COMMAND: POST /session/2ede4c5ecc824f8ada8cef8d592e3e00/element/f.DC8B541A7C98CD2E2FC15C3F0919C967.d.828BAF004F790D91B7E97E1437B03ABF.e.781/click - {}
RESULT: {}
RESULT: {}
COMMAND: POST /session/2ede4c5ecc824f8ada8cef8d592e3e00/execute/async - {"script":"<script> [1562 bytes]","args":[{"selector":{"controlType":"sap.m.Input","viewName":"etm.portal.ui.manageyards.view.New","viewId":"application-manageyards-display-component---NewYard","bindingPath":{"path":"","propertyPath":"/CONTROLLING_AREA","modelName":"NewYardModel"},"interaction":{"idSuffix":"inner"}},"wdio_ui5_key":"etmportal.ui.manageyards.view.Newsap.m.Input{\"path\":\"\",\"propertyPath\":\"/CONTROLLING_AREA\",\"modelName\":\"NewYardModel\"}"}]}
COMMAND: GET /session/2ede4c5ecc824f8ada8cef8d592e3e00/screenshot - {}
RESULT: {"script":"<script> [1562 bytes]","args":[{"selector":{"controlType":"sap.m.Input","viewName":"etm.portal.ui.manageyards.view.New","viewId":"application-manageyards-display-component---NewYard","bindingPath":{"path":"","propertyPath":"/CONTROLLING_AREA","modelName":"NewYardModel"},"interaction":{"idSuffix":"inner"}},"wdio_ui5_key":"etmportal.ui.manageyards.view.Newsap.m.Input{\"path\":\"\",\"propertyPath\":\"/CONTROLLING_AREA\",\"modelName\":\"NewYardModel\"}"}]}
RESULT: undefined
COMMAND: POST /session/2ede4c5ecc824f8ada8cef8d592e3e00/execute/async - {"script":"<script> [776 bytes]","args":[{"enterText":"Z001","selector":{"controlType":"sap.m.Input","viewName":"etm.portal.ui.manageyards.view.New","viewId":"application-manageyards-display-component---NewYard","bindingPath":{"path":"","propertyPath":"/CONTROLLING_AREA","modelName":"NewYardModel"},"interaction":{"idSuffix":"inner"}},"clearTextFirst":true,"interactionType":"ENTER_TEXT"}]}
RESULT: {}
RESULT: {"script":"<script> [776 bytes]","args":[{"enterText":"Z001","selector":{"controlType":"sap.m.Input","viewName":"etm.portal.ui.manageyards.view.New","viewId":"application-manageyards-display-component---NewYard","bindingPath":{"path":"","propertyPath":"/CONTROLLING_AREA","modelName":"NewYardModel"},"interaction":{"idSuffix":"inner"}},"clearTextFirst":true,"interactionType":"ENTER_TEXT"}]}
COMMAND: POST /session/2ede4c5ecc824f8ada8cef8d592e3e00/execute/async - {"script":"<script> [1562 bytes]","args":[{"selector":{"id":"application-manageyards-display-component---NewYard--companyCodeComboBox","interaction":{"idSuffix":"inner"}},"wdio_ui5_key":"applicationmanageyards-display-component---NewYard--companyCodeComboBox"}]}
RESULT: {"script":"<script> [1562 bytes]","args":[{"selector":{"id":"application-manageyards-display-component---NewYard--companyCodeComboBox","interaction":{"idSuffix":"inner"}},"wdio_ui5_key":"applicationmanageyards-display-component---NewYard--companyCodeComboBox"}]}
RESULT: undefined
COMMAND: POST /session/2ede4c5ecc824f8ada8cef8d592e3e00/execute/async - {"script":"<script> [776 bytes]","args":[{"enterText":"1000","selector":{"id":"application-manageyards-display-component---NewYard--companyCodeComboBox","interaction":{"idSuffix":"inner"}},"clearTextFirst":true,"interactionType":"ENTER_TEXT"}]}
RESULT: {"script":"<script> [776 bytes]","args":[{"enterText":"1000","selector":{"id":"application-manageyards-display-component---NewYard--companyCodeComboBox","interaction":{"idSuffix":"inner"}},"clearTextFirst":true,"interactionType":"ENTER_TEXT"}]}
COMMAND: POST /session/2ede4c5ecc824f8ada8cef8d592e3e00/execute/async - {"script":"<script> [1562 bytes]","args":[{"selector":{"controlType":"sap.m.Input","viewName":"etm.portal.ui.manageyards.view.New","viewId":"application-manageyards-display-component---NewYard","bindingPath":{"path":"","propertyPath":"/PLANT","modelName":"NewYardModel"},"interaction":{"idSuffix":"inner"}},"wdio_ui5_key":"etmportal.ui.manageyards.view.Newsap.m.Input{\"path\":\"\",\"propertyPath\":\"/PLANT\",\"modelName\":\"NewYardModel\"}"}]}
RESULT: {"script":"<script> [1562 bytes]","args":[{"selector":{"controlType":"sap.m.Input","viewName":"etm.portal.ui.manageyards.view.New","viewId":"application-manageyards-display-component---NewYard","bindingPath":{"path":"","propertyPath":"/PLANT","modelName":"NewYardModel"},"interaction":{"idSuffix":"inner"}},"wdio_ui5_key":"etmportal.ui.manageyards.view.Newsap.m.Input{\"path\":\"\",\"propertyPath\":\"/PLANT\",\"modelName\":\"NewYardModel\"}"}]}
RESULT: undefined
COMMAND: POST /session/2ede4c5ecc824f8ada8cef8d592e3e00/execute/async - {"script":"<script> [776 bytes]","args":[{"enterText":"1001","selector":{"controlType":"sap.m.Input","viewName":"etm.portal.ui.manageyards.view.New","viewId":"application-manageyards-display-component---NewYard","bindingPath":{"path":"","propertyPath":"/PLANT","modelName":"NewYardModel"},"interaction":{"idSuffix":"inner"}},"clearTextFirst":true,"interactionType":"ENTER_TEXT"}]}
RESULT: {"script":"<script> [776 bytes]","args":[{"enterText":"1001","selector":{"controlType":"sap.m.Input","viewName":"etm.portal.ui.manageyards.view.New","viewId":"application-manageyards-display-component---NewYard","bindingPath":{"path":"","propertyPath":"/PLANT","modelName":"NewYardModel"},"interaction":{"idSuffix":"inner"}},"clearTextFirst":true,"interactionType":"ENTER_TEXT"}]}
COMMAND: POST /session/2ede4c5ecc824f8ada8cef8d592e3e00/execute/async - {"script":"<script> [1562 bytes]","args":[{"selector":{"controlType":"sap.m.Input","viewName":"etm.portal.ui.manageyards.view.New","viewId":"application-manageyards-display-component---NewYard","bindingPath":{"path":"","propertyPath":"/SALES_AREA_VKORG","modelName":"NewYardModel"},"interaction":{"idSuffix":"inner"}},"wdio_ui5_key":"etmportal.ui.manageyards.view.Newsap.m.Input{\"path\":\"\",\"propertyPath\":\"/SALES_AREA_VKORG\",\"modelName\":\"NewYardModel\"}"}]}
RESULT: {"script":"<script> [1562 bytes]","args":[{"selector":{"controlType":"sap.m.Input","viewName":"etm.portal.ui.manageyards.view.New","viewId":"application-manageyards-display-component---NewYard","bindingPath":{"path":"","propertyPath":"/SALES_AREA_VKORG","modelName":"NewYardModel"},"interaction":{"idSuffix":"inner"}},"wdio_ui5_key":"etmportal.ui.manageyards.view.Newsap.m.Input{\"path\":\"\",\"propertyPath\":\"/SALES_AREA_VKORG\",\"modelName\":\"NewYardModel\"}"}]}
RESULT: undefined
COMMAND: POST /session/2ede4c5ecc824f8ada8cef8d592e3e00/execute/async - {"script":"<script> [776 bytes]","args":[{"enterText":"C002","selector":{"controlType":"sap.m.Input","viewName":"etm.portal.ui.manageyards.view.New","viewId":"application-manageyards-display-component---NewYard","bindingPath":{"path":"","propertyPath":"/SALES_AREA_VKORG","modelName":"NewYardModel"},"interaction":{"idSuffix":"inner"}},"clearTextFirst":true,"interactionType":"ENTER_TEXT"}]}
RESULT: {"script":"<script> [776 bytes]","args":[{"enterText":"C002","selector":{"controlType":"sap.m.Input","viewName":"etm.portal.ui.manageyards.view.New","viewId":"application-manageyards-display-component---NewYard","bindingPath":{"path":"","propertyPath":"/SALES_AREA_VKORG","modelName":"NewYardModel"},"interaction":{"idSuffix":"inner"}},"clearTextFirst":true,"interactionType":"ENTER_TEXT"}]}
COMMAND: POST /session/2ede4c5ecc824f8ada8cef8d592e3e00/execute/async - {"script":"<script> [1562 bytes]","args":[{"selector":{"controlType":"sap.m.Input","viewName":"etm.portal.ui.manageyards.view.New","viewId":"application-manageyards-display-component---NewYard","bindingPath":{"path":"","propertyPath":"/SALES_AREA_VTWEG","modelName":"NewYardModel"},"interaction":{"idSuffix":"inner"}},"wdio_ui5_key":"etmportal.ui.manageyards.view.Newsap.m.Input{\"path\":\"\",\"propertyPath\":\"/SALES_AREA_VTWEG\",\"modelName\":\"NewYardModel\"}"}]}
RESULT: {"script":"<script> [1562 bytes]","args":[{"selector":{"controlType":"sap.m.Input","viewName":"etm.portal.ui.manageyards.view.New","viewId":"application-manageyards-display-component---NewYard","bindingPath":{"path":"","propertyPath":"/SALES_AREA_VTWEG","modelName":"NewYardModel"},"interaction":{"idSuffix":"inner"}},"wdio_ui5_key":"etmportal.ui.manageyards.view.Newsap.m.Input{\"path\":\"\",\"propertyPath\":\"/SALES_AREA_VTWEG\",\"modelName\":\"NewYardModel\"}"}]}
RESULT: undefined
COMMAND: POST /session/2ede4c5ecc824f8ada8cef8d592e3e00/execute/async - {"script":"<script> [776 bytes]","args":[{"enterText":"C2","selector":{"controlType":"sap.m.Input","viewName":"etm.portal.ui.manageyards.view.New","viewId":"application-manageyards-display-component---NewYard","bindingPath":{"path":"","propertyPath":"/SALES_AREA_VTWEG","modelName":"NewYardModel"},"interaction":{"idSuffix":"inner"}},"clearTextFirst":true,"interactionType":"ENTER_TEXT"}]}
RESULT: {"script":"<script> [776 bytes]","args":[{"enterText":"C2","selector":{"controlType":"sap.m.Input","viewName":"etm.portal.ui.manageyards.view.New","viewId":"application-manageyards-display-component---NewYard","bindingPath":{"path":"","propertyPath":"/SALES_AREA_VTWEG","modelName":"NewYardModel"},"interaction":{"idSuffix":"inner"}},"clearTextFirst":true,"interactionType":"ENTER_TEXT"}]}
COMMAND: POST /session/2ede4c5ecc824f8ada8cef8d592e3e00/execute/async - {"script":"<script> [1562 bytes]","args":[{"selector":{"controlType":"sap.m.Input","viewName":"etm.portal.ui.manageyards.view.New","viewId":"application-manageyards-display-component---NewYard","bindingPath":{"path":"","propertyPath":"/SALES_AREA_SPART","modelName":"NewYardModel"},"interaction":{"idSuffix":"inner"}},"wdio_ui5_key":"etmportal.ui.manageyards.view.Newsap.m.Input{\"path\":\"\",\"propertyPath\":\"/SALES_AREA_SPART\",\"modelName\":\"NewYardModel\"}"}]}
RESULT: {"script":"<script> [1562 bytes]","args":[{"selector":{"controlType":"sap.m.Input","viewName":"etm.portal.ui.manageyards.view.New","viewId":"application-manageyards-display-component---NewYard","bindingPath":{"path":"","propertyPath":"/SALES_AREA_SPART","modelName":"NewYardModel"},"interaction":{"idSuffix":"inner"}},"wdio_ui5_key":"etmportal.ui.manageyards.view.Newsap.m.Input{\"path\":\"\",\"propertyPath\":\"/SALES_AREA_SPART\",\"modelName\":\"NewYardModel\"}"}]}
RESULT: undefined
COMMAND: POST /session/2ede4c5ecc824f8ada8cef8d592e3e00/execute/async - {"script":"<script> [776 bytes]","args":[{"enterText":"C2","selector":{"controlType":"sap.m.Input","viewName":"etm.portal.ui.manageyards.view.New","viewId":"application-manageyards-display-component---NewYard","bindingPath":{"path":"","propertyPath":"/SALES_AREA_SPART","modelName":"NewYardModel"},"interaction":{"idSuffix":"inner"}},"clearTextFirst":true,"interactionType":"ENTER_TEXT"}]}
RESULT: {"script":"<script> [776 bytes]","args":[{"enterText":"C2","selector":{"controlType":"sap.m.Input","viewName":"etm.portal.ui.manageyards.view.New","viewId":"application-manageyards-display-component---NewYard","bindingPath":{"path":"","propertyPath":"/SALES_AREA_SPART","modelName":"NewYardModel"},"interaction":{"idSuffix":"inner"}},"clearTextFirst":true,"interactionType":"ENTER_TEXT"}]}
COMMAND: POST /session/2ede4c5ecc824f8ada8cef8d592e3e00/execute/async - {"script":"<script> [1562 bytes]","args":[{"selector":{"controlType":"sap.m.Input","viewName":"etm.portal.ui.manageyards.view.New","viewId":"application-manageyards-display-component---NewYard","bindingPath":{"path":"","propertyPath":"/SHIP_POINT","modelName":"NewYardModel"},"interaction":{"idSuffix":"inner"}},"wdio_ui5_key":"etmportal.ui.manageyards.view.Newsap.m.Input{\"path\":\"\",\"propertyPath\":\"/SHIP_POINT\",\"modelName\":\"NewYardModel\"}"}]}
RESULT: {"script":"<script> [1562 bytes]","args":[{"selector":{"controlType":"sap.m.Input","viewName":"etm.portal.ui.manageyards.view.New","viewId":"application-manageyards-display-component---NewYard","bindingPath":{"path":"","propertyPath":"/SHIP_POINT","modelName":"NewYardModel"},"interaction":{"idSuffix":"inner"}},"wdio_ui5_key":"etmportal.ui.manageyards.view.Newsap.m.Input{\"path\":\"\",\"propertyPath\":\"/SHIP_POINT\",\"modelName\":\"NewYardModel\"}"}]}
RESULT: undefined
COMMAND: POST /session/2ede4c5ecc824f8ada8cef8d592e3e00/execute/async - {"script":"<script> [776 bytes]","args":[{"enterText":"1710","selector":{"controlType":"sap.m.Input","viewName":"etm.portal.ui.manageyards.view.New","viewId":"application-manageyards-display-component---NewYard","bindingPath":{"path":"","propertyPath":"/SHIP_POINT","modelName":"NewYardModel"},"interaction":{"idSuffix":"inner"}},"clearTextFirst":true,"interactionType":"ENTER_TEXT"}]}
RESULT: {"script":"<script> [776 bytes]","args":[{"enterText":"1710","selector":{"controlType":"sap.m.Input","viewName":"etm.portal.ui.manageyards.view.New","viewId":"application-manageyards-display-component---NewYard","bindingPath":{"path":"","propertyPath":"/SHIP_POINT","modelName":"NewYardModel"},"interaction":{"idSuffix":"inner"}},"clearTextFirst":true,"interactionType":"ENTER_TEXT"}]}
COMMAND: POST /session/2ede4c5ecc824f8ada8cef8d592e3e00/execute/async - {"script":"<script> [1562 bytes]","args":[{"selector":{"controlType":"sap.m.Input","viewName":"etm.portal.ui.manageyards.view.New","viewId":"application-manageyards-display-component---NewYard","bindingPath":{"path":"","propertyPath":"/DELIVERY_TYPE","modelName":"NewYardModel"},"interaction":{"idSuffix":"inner"}},"wdio_ui5_key":"etmportal.ui.manageyards.view.Newsap.m.Input{\"path\":\"\",\"propertyPath\":\"/DELIVERY_TYPE\",\"modelName\":\"NewYardModel\"}"}]}
RESULT: {"script":"<script> [1562 bytes]","args":[{"selector":{"controlType":"sap.m.Input","viewName":"etm.portal.ui.manageyards.view.New","viewId":"application-manageyards-display-component---NewYard","bindingPath":{"path":"","propertyPath":"/DELIVERY_TYPE","modelName":"NewYardModel"},"interaction":{"idSuffix":"inner"}},"wdio_ui5_key":"etmportal.ui.manageyards.view.Newsap.m.Input{\"path\":\"\",\"propertyPath\":\"/DELIVERY_TYPE\",\"modelName\":\"NewYardModel\"}"}]}
RESULT: undefined
COMMAND: POST /session/2ede4c5ecc824f8ada8cef8d592e3e00/execute/async - {"script":"<script> [776 bytes]","args":[{"enterText":"ZL01","selector":{"controlType":"sap.m.Input","viewName":"etm.portal.ui.manageyards.view.New","viewId":"application-manageyards-display-component---NewYard","bindingPath":{"path":"","propertyPath":"/DELIVERY_TYPE","modelName":"NewYardModel"},"interaction":{"idSuffix":"inner"}},"clearTextFirst":true,"interactionType":"ENTER_TEXT"}]}
RESULT: {"script":"<script> [776 bytes]","args":[{"enterText":"ZL01","selector":{"controlType":"sap.m.Input","viewName":"etm.portal.ui.manageyards.view.New","viewId":"application-manageyards-display-component---NewYard","bindingPath":{"path":"","propertyPath":"/DELIVERY_TYPE","modelName":"NewYardModel"},"interaction":{"idSuffix":"inner"}},"clearTextFirst":true,"interactionType":"ENTER_TEXT"}]}
COMMAND: POST /session/2ede4c5ecc824f8ada8cef8d592e3e00/execute/async - {"script":"<script> [1562 bytes]","args":[{"selector":{"controlType":"sap.m.Input","viewName":"etm.portal.ui.manageyards.view.New","viewId":"application-manageyards-display-component---NewYard","bindingPath":{"path":"","propertyPath":"/AUART","modelName":"NewYardModel"},"interaction":{"idSuffix":"inner"}},"wdio_ui5_key":"etmportal.ui.manageyards.view.Newsap.m.Input{\"path\":\"\",\"propertyPath\":\"/AUART\",\"modelName\":\"NewYardModel\"}"}]}
RESULT: {"script":"<script> [1562 bytes]","args":[{"selector":{"controlType":"sap.m.Input","viewName":"etm.portal.ui.manageyards.view.New","viewId":"application-manageyards-display-component---NewYard","bindingPath":{"path":"","propertyPath":"/AUART","modelName":"NewYardModel"},"interaction":{"idSuffix":"inner"}},"wdio_ui5_key":"etmportal.ui.manageyards.view.Newsap.m.Input{\"path\":\"\",\"propertyPath\":\"/AUART\",\"modelName\":\"NewYardModel\"}"}]}
RESULT: undefined
COMMAND: POST /session/2ede4c5ecc824f8ada8cef8d592e3e00/execute/async - {"script":"<script> [776 bytes]","args":[{"enterText":"TA","selector":{"controlType":"sap.m.Input","viewName":"etm.portal.ui.manageyards.view.New","viewId":"application-manageyards-display-component---NewYard","bindingPath":{"path":"","propertyPath":"/AUART","modelName":"NewYardModel"},"interaction":{"idSuffix":"inner"}},"clearTextFirst":true,"interactionType":"ENTER_TEXT"}]}
RESULT: {"script":"<script> [776 bytes]","args":[{"enterText":"TA","selector":{"controlType":"sap.m.Input","viewName":"etm.portal.ui.manageyards.view.New","viewId":"application-manageyards-display-component---NewYard","bindingPath":{"path":"","propertyPath":"/AUART","modelName":"NewYardModel"},"interaction":{"idSuffix":"inner"}},"clearTextFirst":true,"interactionType":"ENTER_TEXT"}]}
COMMAND: POST /session/2ede4c5ecc824f8ada8cef8d592e3e00/element - {"using":"xpath","value":"//button[@data-kt=\"newYardSaveButton\"]"}
RESULT: {"using":"xpath","value":"//button[@data-kt=\"newYardSaveButton\"]"}
COMMAND: POST /session/2ede4c5ecc824f8ada8cef8d592e3e00/element/f.DC8B541A7C98CD2E2FC15C3F0919C967.d.828BAF004F790D91B7E97E1437B03ABF.e.716/click - {}
RESULT: {}
COMMAND: GET /session/2ede4c5ecc824f8ada8cef8d592e3e00/screenshot - {}
RESULT: {}
COMMAND: POST /session/2ede4c5ecc824f8ada8cef8d592e3e00/element - {"using":"xpath","value":"//header[contains(@id, 'ObjectPageLayout-headerTitle')]/div[1]/div[2]/div[1]/span[1]"}
RESULT: {"using":"xpath","value":"//header[contains(@id, 'ObjectPageLayout-headerTitle')]/div[1]/div[2]/div[1]/span[1]"}
COMMAND: POST /session/2ede4c5ecc824f8ada8cef8d592e3e00/elements - {"using":"xpath","value":"//header[contains(@id, 'ObjectPageLayout-headerTitle')]/div[1]/div[2]/div[1]/span[1]"}
RESULT: {"using":"xpath","value":"//header[contains(@id, 'ObjectPageLayout-headerTitle')]/div[1]/div[2]/div[1]/span[1]"}
COMMAND: POST /session/2ede4c5ecc824f8ada8cef8d592e3e00/execute/sync - {"script":"<script> [56 bytes]","args":[{"element-6066-11e4-a52e-4f735466cecf":"f.DC8B541A7C98CD2E2FC15C3F0919C967.d.828BAF004F790D91B7E97E1437B03ABF.e.1008","ELEMENT":"f.DC8B541A7C98CD2E2FC15C3F0919C967.d.828BAF004F790D91B7E97E1437B03ABF.e.1008"}]}
RESULT: {"script":"<script> [56 bytes]","args":[{"element-6066-11e4-a52e-4f735466cecf":"f.DC8B541A7C98CD2E2FC15C3F0919C967.d.828BAF004F790D91B7E97E1437B03ABF.e.1008","ELEMENT":"f.DC8B541A7C98CD2E2FC15C3F0919C967.d.828BAF004F790D91B7E97E1437B03ABF.e.1008"}]}
COMMAND: GET /session/2ede4c5ecc824f8ada8cef8d592e3e00/screenshot - {}
RESULT: {}
COMMAND: POST /session/2ede4c5ecc824f8ada8cef8d592e3e00/element - {"using":"css selector","value":"#shell-header-logo"}
RESULT: {"using":"css selector","value":"#shell-header-logo"}
COMMAND: POST /session/2ede4c5ecc824f8ada8cef8d592e3e00/element/f.DC8B541A7C98CD2E2FC15C3F0919C967.d.828BAF004F790D91B7E97E1437B03ABF.e.261/click - {}
RESULT: {}
COMMAND: GET /session/2ede4c5ecc824f8ada8cef8d592e3e00/screenshot - {}
RESULT: {}
COMMAND: POST /session/2ede4c5ecc824f8ada8cef8d592e3e00/execute/sync - {"script":"<script> [299 bytes]","args":[["getModel","getResource"]]}
RESULT: {"script":"<script> [299 bytes]","args":[["getModel","getResource"]]}
]]></system-out>
    </testcase>
    <testcase classname="chrome.135_0_7049_96.windows.Prerequisites_&amp;_test_for_yard_mass_return_on_Yard_Overview_US131057" name="Prereq Should create a new partner" time="135.508">
      <system-out><![CDATA[
COMMAND: POST /session/2ede4c5ecc824f8ada8cef8d592e3e00/window/fullscreen - {}
COMMAND: GET /session/2ede4c5ecc824f8ada8cef8d592e3e00/screenshot - {}
RESULT: {}
COMMAND: POST /session/2ede4c5ecc824f8ada8cef8d592e3e00/execute/async - {"script":"<script> [1562 bytes]","args":[{"selector":{"controlType":"sap.m.GenericTile","properties":{"header":"Manage Partners"}},"wdio_ui5_key":"sapm.GenericTile{\"header\":\"Manage Partners\"}"}]}
RESULT: {}
RESULT: {"script":"<script> [1562 bytes]","args":[{"selector":{"controlType":"sap.m.GenericTile","properties":{"header":"Manage Partners"}},"wdio_ui5_key":"sapm.GenericTile{\"header\":\"Manage Partners\"}"}]}
RESULT: undefined
COMMAND: POST /session/2ede4c5ecc824f8ada8cef8d592e3e00/element - {"using":"xpath","value":"//*[@id=\"__tile38\"]"}
RESULT: {"using":"xpath","value":"//*[@id=\"__tile38\"]"}
COMMAND: POST /session/2ede4c5ecc824f8ada8cef8d592e3e00/element/f.DC8B541A7C98CD2E2FC15C3F0919C967.d.828BAF004F790D91B7E97E1437B03ABF.e.147/click - {}
RESULT: {}
COMMAND: POST /session/2ede4c5ecc824f8ada8cef8d592e3e00/element - {"using":"xpath","value":"//button[@data-kt=\"addButton\"]"}
COMMAND: GET /session/2ede4c5ecc824f8ada8cef8d592e3e00/screenshot - {}
RESULT: {"using":"xpath","value":"//button[@data-kt=\"addButton\"]"}
COMMAND: POST /session/2ede4c5ecc824f8ada8cef8d592e3e00/elements - {"using":"xpath","value":"//button[@data-kt=\"addButton\"]"}
RESULT: {}
RESULT: {"using":"xpath","value":"//button[@data-kt=\"addButton\"]"}
COMMAND: POST /session/2ede4c5ecc824f8ada8cef8d592e3e00/elements - {"using":"xpath","value":"//button[@data-kt=\"addButton\"]"}
RESULT: {"using":"xpath","value":"//button[@data-kt=\"addButton\"]"}
COMMAND: POST /session/2ede4c5ecc824f8ada8cef8d592e3e00/elements - {"using":"xpath","value":"//button[@data-kt=\"addButton\"]"}
RESULT: {"using":"xpath","value":"//button[@data-kt=\"addButton\"]"}
COMMAND: POST /session/2ede4c5ecc824f8ada8cef8d592e3e00/elements - {"using":"xpath","value":"//button[@data-kt=\"addButton\"]"}
RESULT: {"using":"xpath","value":"//button[@data-kt=\"addButton\"]"}
COMMAND: POST /session/2ede4c5ecc824f8ada8cef8d592e3e00/elements - {"using":"xpath","value":"//button[@data-kt=\"addButton\"]"}
RESULT: {"using":"xpath","value":"//button[@data-kt=\"addButton\"]"}
COMMAND: POST /session/2ede4c5ecc824f8ada8cef8d592e3e00/elements - {"using":"xpath","value":"//button[@data-kt=\"addButton\"]"}
RESULT: {"using":"xpath","value":"//button[@data-kt=\"addButton\"]"}
COMMAND: POST /session/2ede4c5ecc824f8ada8cef8d592e3e00/elements - {"using":"xpath","value":"//button[@data-kt=\"addButton\"]"}
RESULT: {"using":"xpath","value":"//button[@data-kt=\"addButton\"]"}
COMMAND: POST /session/2ede4c5ecc824f8ada8cef8d592e3e00/elements - {"using":"xpath","value":"//button[@data-kt=\"addButton\"]"}
RESULT: {"using":"xpath","value":"//button[@data-kt=\"addButton\"]"}
COMMAND: POST /session/2ede4c5ecc824f8ada8cef8d592e3e00/elements - {"using":"xpath","value":"//button[@data-kt=\"addButton\"]"}
RESULT: {"using":"xpath","value":"//button[@data-kt=\"addButton\"]"}
COMMAND: POST /session/2ede4c5ecc824f8ada8cef8d592e3e00/elements - {"using":"xpath","value":"//button[@data-kt=\"addButton\"]"}
RESULT: {"using":"xpath","value":"//button[@data-kt=\"addButton\"]"}
COMMAND: POST /session/2ede4c5ecc824f8ada8cef8d592e3e00/elements - {"using":"xpath","value":"//button[@data-kt=\"addButton\"]"}
RESULT: {"using":"xpath","value":"//button[@data-kt=\"addButton\"]"}
COMMAND: POST /session/2ede4c5ecc824f8ada8cef8d592e3e00/elements - {"using":"xpath","value":"//button[@data-kt=\"addButton\"]"}
RESULT: {"using":"xpath","value":"//button[@data-kt=\"addButton\"]"}
COMMAND: POST /session/2ede4c5ecc824f8ada8cef8d592e3e00/elements - {"using":"xpath","value":"//button[@data-kt=\"addButton\"]"}
RESULT: {"using":"xpath","value":"//button[@data-kt=\"addButton\"]"}
COMMAND: POST /session/2ede4c5ecc824f8ada8cef8d592e3e00/elements - {"using":"xpath","value":"//button[@data-kt=\"addButton\"]"}
RESULT: {"using":"xpath","value":"//button[@data-kt=\"addButton\"]"}
COMMAND: POST /session/2ede4c5ecc824f8ada8cef8d592e3e00/elements - {"using":"xpath","value":"//button[@data-kt=\"addButton\"]"}
RESULT: {"using":"xpath","value":"//button[@data-kt=\"addButton\"]"}
COMMAND: POST /session/2ede4c5ecc824f8ada8cef8d592e3e00/elements - {"using":"xpath","value":"//button[@data-kt=\"addButton\"]"}
RESULT: {"using":"xpath","value":"//button[@data-kt=\"addButton\"]"}
COMMAND: POST /session/2ede4c5ecc824f8ada8cef8d592e3e00/elements - {"using":"xpath","value":"//button[@data-kt=\"addButton\"]"}
RESULT: {"using":"xpath","value":"//button[@data-kt=\"addButton\"]"}
COMMAND: POST /session/2ede4c5ecc824f8ada8cef8d592e3e00/elements - {"using":"xpath","value":"//button[@data-kt=\"addButton\"]"}
RESULT: {"using":"xpath","value":"//button[@data-kt=\"addButton\"]"}
COMMAND: POST /session/2ede4c5ecc824f8ada8cef8d592e3e00/elements - {"using":"xpath","value":"//button[@data-kt=\"addButton\"]"}
RESULT: {"using":"xpath","value":"//button[@data-kt=\"addButton\"]"}
COMMAND: POST /session/2ede4c5ecc824f8ada8cef8d592e3e00/elements - {"using":"xpath","value":"//button[@data-kt=\"addButton\"]"}
RESULT: {"using":"xpath","value":"//button[@data-kt=\"addButton\"]"}
COMMAND: POST /session/2ede4c5ecc824f8ada8cef8d592e3e00/elements - {"using":"xpath","value":"//button[@data-kt=\"addButton\"]"}
RESULT: {"using":"xpath","value":"//button[@data-kt=\"addButton\"]"}
COMMAND: POST /session/2ede4c5ecc824f8ada8cef8d592e3e00/elements - {"using":"xpath","value":"//button[@data-kt=\"addButton\"]"}
RESULT: {"using":"xpath","value":"//button[@data-kt=\"addButton\"]"}
COMMAND: POST /session/2ede4c5ecc824f8ada8cef8d592e3e00/elements - {"using":"xpath","value":"//button[@data-kt=\"addButton\"]"}
RESULT: {"using":"xpath","value":"//button[@data-kt=\"addButton\"]"}
COMMAND: POST /session/2ede4c5ecc824f8ada8cef8d592e3e00/elements - {"using":"xpath","value":"//button[@data-kt=\"addButton\"]"}
RESULT: {"using":"xpath","value":"//button[@data-kt=\"addButton\"]"}
COMMAND: POST /session/2ede4c5ecc824f8ada8cef8d592e3e00/elements - {"using":"xpath","value":"//button[@data-kt=\"addButton\"]"}
RESULT: {"using":"xpath","value":"//button[@data-kt=\"addButton\"]"}
COMMAND: POST /session/2ede4c5ecc824f8ada8cef8d592e3e00/elements - {"using":"xpath","value":"//button[@data-kt=\"addButton\"]"}
RESULT: {"using":"xpath","value":"//button[@data-kt=\"addButton\"]"}
COMMAND: POST /session/2ede4c5ecc824f8ada8cef8d592e3e00/elements - {"using":"xpath","value":"//button[@data-kt=\"addButton\"]"}
RESULT: {"using":"xpath","value":"//button[@data-kt=\"addButton\"]"}
COMMAND: POST /session/2ede4c5ecc824f8ada8cef8d592e3e00/elements - {"using":"xpath","value":"//button[@data-kt=\"addButton\"]"}
RESULT: {"using":"xpath","value":"//button[@data-kt=\"addButton\"]"}
COMMAND: POST /session/2ede4c5ecc824f8ada8cef8d592e3e00/element - {"using":"xpath","value":"//button[@data-kt=\"addButton\"]"}
RESULT: {"using":"xpath","value":"//button[@data-kt=\"addButton\"]"}
COMMAND: POST /session/2ede4c5ecc824f8ada8cef8d592e3e00/execute/sync - {"script":"<script> [8489 bytes]","args":[{"element-6066-11e4-a52e-4f735466cecf":"f.DC8B541A7C98CD2E2FC15C3F0919C967.d.828BAF004F790D91B7E97E1437B03ABF.e.1045","ELEMENT":"f.DC8B541A7C98CD2E2FC15C3F0919C967.d.828BAF004F790D91B7E97E1437B03ABF.e.1045"}]}
RESULT: {"script":"<script> [8489 bytes]","args":[{"element-6066-11e4-a52e-4f735466cecf":"f.DC8B541A7C98CD2E2FC15C3F0919C967.d.828BAF004F790D91B7E97E1437B03ABF.e.1045","ELEMENT":"f.DC8B541A7C98CD2E2FC15C3F0919C967.d.828BAF004F790D91B7E97E1437B03ABF.e.1045"}]}
COMMAND: GET /session/2ede4c5ecc824f8ada8cef8d592e3e00/element/f.DC8B541A7C98CD2E2FC15C3F0919C967.d.828BAF004F790D91B7E97E1437B03ABF.e.1045/enabled - {}
COMMAND: GET /session/2ede4c5ecc824f8ada8cef8d592e3e00/screenshot - {}
RESULT: {}
COMMAND: POST /session/2ede4c5ecc824f8ada8cef8d592e3e00/execute/sync - {"script":"<script> [8489 bytes]","args":[{"element-6066-11e4-a52e-4f735466cecf":"f.DC8B541A7C98CD2E2FC15C3F0919C967.d.828BAF004F790D91B7E97E1437B03ABF.e.1045","ELEMENT":"f.DC8B541A7C98CD2E2FC15C3F0919C967.d.828BAF004F790D91B7E97E1437B03ABF.e.1045"}]}
COMMAND: GET /session/2ede4c5ecc824f8ada8cef8d592e3e00/screenshot - {}
RESULT: {}
RESULT: {"script":"<script> [8489 bytes]","args":[{"element-6066-11e4-a52e-4f735466cecf":"f.DC8B541A7C98CD2E2FC15C3F0919C967.d.828BAF004F790D91B7E97E1437B03ABF.e.1045","ELEMENT":"f.DC8B541A7C98CD2E2FC15C3F0919C967.d.828BAF004F790D91B7E97E1437B03ABF.e.1045"}]}
COMMAND: POST /session/2ede4c5ecc824f8ada8cef8d592e3e00/execute/sync - {"script":"<script> [5351 bytes]","args":[{"element-6066-11e4-a52e-4f735466cecf":"f.DC8B541A7C98CD2E2FC15C3F0919C967.d.828BAF004F790D91B7E97E1437B03ABF.e.1045","ELEMENT":"f.DC8B541A7C98CD2E2FC15C3F0919C967.d.828BAF004F790D91B7E97E1437B03ABF.e.1045"}]}
COMMAND: GET /session/2ede4c5ecc824f8ada8cef8d592e3e00/screenshot - {}
RESULT: {}
RESULT: {"script":"<script> [5351 bytes]","args":[{"element-6066-11e4-a52e-4f735466cecf":"f.DC8B541A7C98CD2E2FC15C3F0919C967.d.828BAF004F790D91B7E97E1437B03ABF.e.1045","ELEMENT":"f.DC8B541A7C98CD2E2FC15C3F0919C967.d.828BAF004F790D91B7E97E1437B03ABF.e.1045"}]}
COMMAND: POST /session/2ede4c5ecc824f8ada8cef8d592e3e00/element/f.DC8B541A7C98CD2E2FC15C3F0919C967.d.828BAF004F790D91B7E97E1437B03ABF.e.1045/click - {}
COMMAND: GET /session/2ede4c5ecc824f8ada8cef8d592e3e00/screenshot - {}
RESULT: {}
RESULT: {}
COMMAND: GET /session/2ede4c5ecc824f8ada8cef8d592e3e00/screenshot - {}
COMMAND: POST /session/2ede4c5ecc824f8ada8cef8d592e3e00/execute/async - {"script":"<script> [1562 bytes]","args":[{"selector":{"id":"application-managepartners-display-component---NewPartner--addressDetailDetailsName1","interaction":{"idSuffix":"inner"}},"wdio_ui5_key":"applicationmanagepartners-display-component---NewPartner--addressDetailDetailsName1"}]}
RESULT: {}
RESULT: {}
RESULT: {"script":"<script> [1562 bytes]","args":[{"selector":{"id":"application-managepartners-display-component---NewPartner--addressDetailDetailsName1","interaction":{"idSuffix":"inner"}},"wdio_ui5_key":"applicationmanagepartners-display-component---NewPartner--addressDetailDetailsName1"}]}
RESULT: undefined
COMMAND: POST /session/2ede4c5ecc824f8ada8cef8d592e3e00/execute/async - {"script":"<script> [776 bytes]","args":[{"enterText":"Intracompany Partner WDIO","selector":{"id":"application-managepartners-display-component---NewPartner--addressDetailDetailsName1","interaction":{"idSuffix":"inner"}},"clearTextFirst":true,"interactionType":"ENTER_TEXT"}]}
RESULT: {"script":"<script> [776 bytes]","args":[{"enterText":"Intracompany Partner WDIO","selector":{"id":"application-managepartners-display-component---NewPartner--addressDetailDetailsName1","interaction":{"idSuffix":"inner"}},"clearTextFirst":true,"interactionType":"ENTER_TEXT"}]}
COMMAND: POST /session/2ede4c5ecc824f8ada8cef8d592e3e00/execute/async - {"script":"<script> [1562 bytes]","args":[{"selector":{"id":"application-managepartners-display-component---NewPartner--addressDetailDetailsLanguage-arrow"},"wdio_ui5_key":"applicationmanagepartners-display-component---NewPartner--addressDetailDetailsLanguage-arrow"}]}
RESULT: {"script":"<script> [1562 bytes]","args":[{"selector":{"id":"application-managepartners-display-component---NewPartner--addressDetailDetailsLanguage-arrow"},"wdio_ui5_key":"applicationmanagepartners-display-component---NewPartner--addressDetailDetailsLanguage-arrow"}]}
RESULT: undefined
COMMAND: POST /session/2ede4c5ecc824f8ada8cef8d592e3e00/element - {"using":"xpath","value":"//*[@id=\"application-managepartners-display-component---NewPartner--addressDetailDetailsLanguage-arrow\"]"}
RESULT: {"using":"xpath","value":"//*[@id=\"application-managepartners-display-component---NewPartner--addressDetailDetailsLanguage-arrow\"]"}
COMMAND: POST /session/2ede4c5ecc824f8ada8cef8d592e3e00/element/f.DC8B541A7C98CD2E2FC15C3F0919C967.d.828BAF004F790D91B7E97E1437B03ABF.e.1499/click - {}
RESULT: {}
COMMAND: POST /session/2ede4c5ecc824f8ada8cef8d592e3e00/element - {"using":"xpath","value":"//span[contains(text(), \"English\")]"}
COMMAND: GET /session/2ede4c5ecc824f8ada8cef8d592e3e00/screenshot - {}
RESULT: {"using":"xpath","value":"//span[contains(text(), \"English\")]"}
COMMAND: POST /session/2ede4c5ecc824f8ada8cef8d592e3e00/element/f.DC8B541A7C98CD2E2FC15C3F0919C967.d.828BAF004F790D91B7E97E1437B03ABF.e.1500/click - {}
RESULT: {}
RESULT: {}
COMMAND: GET /session/2ede4c5ecc824f8ada8cef8d592e3e00/screenshot - {}
RESULT: {}
COMMAND: POST /session/2ede4c5ecc824f8ada8cef8d592e3e00/execute/async - {"script":"<script> [1562 bytes]","args":[{"selector":{"id":"application-managepartners-display-component---NewPartner--addressDetailDetailsCity1","interaction":{"idSuffix":"inner"}},"wdio_ui5_key":"applicationmanagepartners-display-component---NewPartner--addressDetailDetailsCity1"}]}
RESULT: {"script":"<script> [1562 bytes]","args":[{"selector":{"id":"application-managepartners-display-component---NewPartner--addressDetailDetailsCity1","interaction":{"idSuffix":"inner"}},"wdio_ui5_key":"applicationmanagepartners-display-component---NewPartner--addressDetailDetailsCity1"}]}
RESULT: undefined
COMMAND: POST /session/2ede4c5ecc824f8ada8cef8d592e3e00/execute/async - {"script":"<script> [776 bytes]","args":[{"enterText":"Rosario","selector":{"id":"application-managepartners-display-component---NewPartner--addressDetailDetailsCity1","interaction":{"idSuffix":"inner"}},"clearTextFirst":true,"interactionType":"ENTER_TEXT"}]}
RESULT: {"script":"<script> [776 bytes]","args":[{"enterText":"Rosario","selector":{"id":"application-managepartners-display-component---NewPartner--addressDetailDetailsCity1","interaction":{"idSuffix":"inner"}},"clearTextFirst":true,"interactionType":"ENTER_TEXT"}]}
COMMAND: POST /session/2ede4c5ecc824f8ada8cef8d592e3e00/execute/async - {"script":"<script> [1562 bytes]","args":[{"selector":{"id":"application-managepartners-display-component---NewPartner--addressDetailDetailsCountry-arrow"},"wdio_ui5_key":"applicationmanagepartners-display-component---NewPartner--addressDetailDetailsCountry-arrow"}]}
RESULT: {"script":"<script> [1562 bytes]","args":[{"selector":{"id":"application-managepartners-display-component---NewPartner--addressDetailDetailsCountry-arrow"},"wdio_ui5_key":"applicationmanagepartners-display-component---NewPartner--addressDetailDetailsCountry-arrow"}]}
RESULT: undefined
COMMAND: POST /session/2ede4c5ecc824f8ada8cef8d592e3e00/element - {"using":"xpath","value":"//*[@id=\"application-managepartners-display-component---NewPartner--addressDetailDetailsCountry-arrow\"]"}
RESULT: {"using":"xpath","value":"//*[@id=\"application-managepartners-display-component---NewPartner--addressDetailDetailsCountry-arrow\"]"}
COMMAND: POST /session/2ede4c5ecc824f8ada8cef8d592e3e00/element/f.DC8B541A7C98CD2E2FC15C3F0919C967.d.828BAF004F790D91B7E97E1437B03ABF.e.1485/click - {}
RESULT: {}
COMMAND: POST /session/2ede4c5ecc824f8ada8cef8d592e3e00/element - {"using":"xpath","value":"//span[contains(text(), \"Argentina\")]"}
COMMAND: GET /session/2ede4c5ecc824f8ada8cef8d592e3e00/screenshot - {}
RESULT: {"using":"xpath","value":"//span[contains(text(), \"Argentina\")]"}
COMMAND: POST /session/2ede4c5ecc824f8ada8cef8d592e3e00/element/f.DC8B541A7C98CD2E2FC15C3F0919C967.d.828BAF004F790D91B7E97E1437B03ABF.e.1502/click - {}
RESULT: {}
RESULT: {}
COMMAND: GET /session/2ede4c5ecc824f8ada8cef8d592e3e00/screenshot - {}
RESULT: {}
COMMAND: POST /session/2ede4c5ecc824f8ada8cef8d592e3e00/element - {"using":"xpath","value":"//bdi[contains(text(), \"Commercial\")]"}
RESULT: {"using":"xpath","value":"//bdi[contains(text(), \"Commercial\")]"}
COMMAND: POST /session/2ede4c5ecc824f8ada8cef8d592e3e00/element/f.DC8B541A7C98CD2E2FC15C3F0919C967.d.828BAF004F790D91B7E97E1437B03ABF.e.1503/click - {}
RESULT: {}
COMMAND: GET /session/2ede4c5ecc824f8ada8cef8d592e3e00/screenshot - {}
RESULT: {}
COMMAND: POST /session/2ede4c5ecc824f8ada8cef8d592e3e00/execute/async - {"script":"<script> [1562 bytes]","args":[{"selector":{"id":"application-managepartners-display-component---NewPartner--partnerDetailInternal-arrow"},"wdio_ui5_key":"applicationmanagepartners-display-component---NewPartner--partnerDetailInternal-arrow"}]}
RESULT: {"script":"<script> [1562 bytes]","args":[{"selector":{"id":"application-managepartners-display-component---NewPartner--partnerDetailInternal-arrow"},"wdio_ui5_key":"applicationmanagepartners-display-component---NewPartner--partnerDetailInternal-arrow"}]}
RESULT: undefined
COMMAND: POST /session/2ede4c5ecc824f8ada8cef8d592e3e00/element - {"using":"xpath","value":"//*[@id=\"application-managepartners-display-component---NewPartner--partnerDetailInternal-arrow\"]"}
RESULT: {"using":"xpath","value":"//*[@id=\"application-managepartners-display-component---NewPartner--partnerDetailInternal-arrow\"]"}
COMMAND: POST /session/2ede4c5ecc824f8ada8cef8d592e3e00/element/f.DC8B541A7C98CD2E2FC15C3F0919C967.d.828BAF004F790D91B7E97E1437B03ABF.e.1509/click - {}
RESULT: {}
COMMAND: POST /session/2ede4c5ecc824f8ada8cef8d592e3e00/element - {"using":"xpath","value":"//span[contains(text(), \"Affiliated company\")]"}
COMMAND: GET /session/2ede4c5ecc824f8ada8cef8d592e3e00/screenshot - {}
RESULT: {"using":"xpath","value":"//span[contains(text(), \"Affiliated company\")]"}
COMMAND: POST /session/2ede4c5ecc824f8ada8cef8d592e3e00/element/f.DC8B541A7C98CD2E2FC15C3F0919C967.d.828BAF004F790D91B7E97E1437B03ABF.e.1510/click - {}
RESULT: {}
RESULT: {}
COMMAND: POST /session/2ede4c5ecc824f8ada8cef8d592e3e00/execute/async - {"script":"<script> [1562 bytes]","args":[{"selector":{"id":"application-managepartners-display-component---NewPartner--partnerDetailsCurrency-arrow"},"wdio_ui5_key":"applicationmanagepartners-display-component---NewPartner--partnerDetailsCurrency-arrow"}]}
COMMAND: GET /session/2ede4c5ecc824f8ada8cef8d592e3e00/screenshot - {}
RESULT: {"script":"<script> [1562 bytes]","args":[{"selector":{"id":"application-managepartners-display-component---NewPartner--partnerDetailsCurrency-arrow"},"wdio_ui5_key":"applicationmanagepartners-display-component---NewPartner--partnerDetailsCurrency-arrow"}]}
RESULT: undefined
COMMAND: POST /session/2ede4c5ecc824f8ada8cef8d592e3e00/element - {"using":"xpath","value":"//*[@id=\"application-managepartners-display-component---NewPartner--partnerDetailsCurrency-arrow\"]"}
RESULT: {}
RESULT: {"using":"xpath","value":"//*[@id=\"application-managepartners-display-component---NewPartner--partnerDetailsCurrency-arrow\"]"}
COMMAND: POST /session/2ede4c5ecc824f8ada8cef8d592e3e00/element/f.DC8B541A7C98CD2E2FC15C3F0919C967.d.828BAF004F790D91B7E97E1437B03ABF.e.1517/click - {}
RESULT: {}
COMMAND: POST /session/2ede4c5ecc824f8ada8cef8d592e3e00/element - {"using":"xpath","value":"//span[contains(text(), \"Euro\")]"}
COMMAND: GET /session/2ede4c5ecc824f8ada8cef8d592e3e00/screenshot - {}
RESULT: {"using":"xpath","value":"//span[contains(text(), \"Euro\")]"}
COMMAND: POST /session/2ede4c5ecc824f8ada8cef8d592e3e00/element/f.DC8B541A7C98CD2E2FC15C3F0919C967.d.828BAF004F790D91B7E97E1437B03ABF.e.1518/click - {}
RESULT: {}
RESULT: {}
COMMAND: POST /session/2ede4c5ecc824f8ada8cef8d592e3e00/execute/async - {"script":"<script> [1562 bytes]","args":[{"selector":{"id":"application-managepartners-display-component---NewPartner--addressEditDetailsCostObjectCstType-arrow"},"wdio_ui5_key":"applicationmanagepartners-display-component---NewPartner--addressEditDetailsCostObjectCstType-arrow"}]}
COMMAND: GET /session/2ede4c5ecc824f8ada8cef8d592e3e00/screenshot - {}
RESULT: {"script":"<script> [1562 bytes]","args":[{"selector":{"id":"application-managepartners-display-component---NewPartner--addressEditDetailsCostObjectCstType-arrow"},"wdio_ui5_key":"applicationmanagepartners-display-component---NewPartner--addressEditDetailsCostObjectCstType-arrow"}]}
RESULT: undefined
COMMAND: POST /session/2ede4c5ecc824f8ada8cef8d592e3e00/element - {"using":"xpath","value":"//*[@id=\"application-managepartners-display-component---NewPartner--addressEditDetailsCostObjectCstType-arrow\"]"}
RESULT: {}
RESULT: {"using":"xpath","value":"//*[@id=\"application-managepartners-display-component---NewPartner--addressEditDetailsCostObjectCstType-arrow\"]"}
COMMAND: POST /session/2ede4c5ecc824f8ada8cef8d592e3e00/element/f.DC8B541A7C98CD2E2FC15C3F0919C967.d.828BAF004F790D91B7E97E1437B03ABF.e.1519/click - {}
RESULT: {}
COMMAND: POST /session/2ede4c5ecc824f8ada8cef8d592e3e00/element - {"using":"xpath","value":"//span[contains(text(), \"Cost Center\")]"}
COMMAND: GET /session/2ede4c5ecc824f8ada8cef8d592e3e00/screenshot - {}
RESULT: {"using":"xpath","value":"//span[contains(text(), \"Cost Center\")]"}
COMMAND: POST /session/2ede4c5ecc824f8ada8cef8d592e3e00/element/f.DC8B541A7C98CD2E2FC15C3F0919C967.d.828BAF004F790D91B7E97E1437B03ABF.e.1520/click - {}
RESULT: {}
RESULT: {}
COMMAND: GET /session/2ede4c5ecc824f8ada8cef8d592e3e00/screenshot - {}
RESULT: {}
COMMAND: POST /session/2ede4c5ecc824f8ada8cef8d592e3e00/element - {"using":"xpath","value":"//span[@id=\"application-managepartners-display-component---NewPartner--addressNewCostObjectCstID-vhi\"]"}
RESULT: {"using":"xpath","value":"//span[@id=\"application-managepartners-display-component---NewPartner--addressNewCostObjectCstID-vhi\"]"}
COMMAND: POST /session/2ede4c5ecc824f8ada8cef8d592e3e00/execute/sync - {"script":"<script> [8489 bytes]","args":[{"element-6066-11e4-a52e-4f735466cecf":"f.DC8B541A7C98CD2E2FC15C3F0919C967.d.828BAF004F790D91B7E97E1437B03ABF.e.1524","ELEMENT":"f.DC8B541A7C98CD2E2FC15C3F0919C967.d.828BAF004F790D91B7E97E1437B03ABF.e.1524"}]}
RESULT: {"script":"<script> [8489 bytes]","args":[{"element-6066-11e4-a52e-4f735466cecf":"f.DC8B541A7C98CD2E2FC15C3F0919C967.d.828BAF004F790D91B7E97E1437B03ABF.e.1524","ELEMENT":"f.DC8B541A7C98CD2E2FC15C3F0919C967.d.828BAF004F790D91B7E97E1437B03ABF.e.1524"}]}
COMMAND: POST /session/2ede4c5ecc824f8ada8cef8d592e3e00/execute/async - {"script":"<script> [1562 bytes]","args":[{"selector":{"id":"application-managepartners-display-component---NewPartner--addressNewCostObjectCstID-vhi"},"wdio_ui5_key":"applicationmanagepartners-display-component---NewPartner--addressNewCostObjectCstID-vhi"}]}
COMMAND: GET /session/2ede4c5ecc824f8ada8cef8d592e3e00/screenshot - {}
RESULT: {"script":"<script> [1562 bytes]","args":[{"selector":{"id":"application-managepartners-display-component---NewPartner--addressNewCostObjectCstID-vhi"},"wdio_ui5_key":"applicationmanagepartners-display-component---NewPartner--addressNewCostObjectCstID-vhi"}]}
RESULT: undefined
COMMAND: POST /session/2ede4c5ecc824f8ada8cef8d592e3e00/element - {"using":"xpath","value":"//*[@id=\"application-managepartners-display-component---NewPartner--addressNewCostObjectCstID-vhi\"]"}
RESULT: {}
RESULT: {"using":"xpath","value":"//*[@id=\"application-managepartners-display-component---NewPartner--addressNewCostObjectCstID-vhi\"]"}
COMMAND: POST /session/2ede4c5ecc824f8ada8cef8d592e3e00/element/f.DC8B541A7C98CD2E2FC15C3F0919C967.d.828BAF004F790D91B7E97E1437B03ABF.e.1524/click - {}
RESULT: {}
COMMAND: GET /session/2ede4c5ecc824f8ada8cef8d592e3e00/screenshot - {}
RESULT: {}
RESULT: undefined
COMMAND: POST /session/2ede4c5ecc824f8ada8cef8d592e3e00/execute/async - {"script":"<script> [776 bytes]","args":[{"enterText":"10001013","selector":{"controlType":"sap.m.SearchField","properties":{"placeholder":"Search"},"searchOpenDialogs":true,"interaction":{"idSuffix":"I"}},"clearTextFirst":true,"interactionType":"ENTER_TEXT"}]}
RESULT: {"script":"<script> [776 bytes]","args":[{"enterText":"10001013","selector":{"controlType":"sap.m.SearchField","properties":{"placeholder":"Search"},"searchOpenDialogs":true,"interaction":{"idSuffix":"I"}},"clearTextFirst":true,"interactionType":"ENTER_TEXT"}]}
COMMAND: POST /session/2ede4c5ecc824f8ada8cef8d592e3e00/actions - {"actions":[{"id":"action2","type":"key","parameters":{},"actions":[{"type":"keyDown","value":"î€‡"},{"type":"pause","duration":10},{"type":"keyUp","value":"î€‡"}]}]}
RESULT: {"actions":[{"id":"action2","type":"key","parameters":{},"actions":[{"type":"keyDown","value":"î€‡"},{"type":"pause","duration":10},{"type":"keyUp","value":"î€‡"}]}]}
COMMAND: GET /session/2ede4c5ecc824f8ada8cef8d592e3e00/screenshot - {}
RESULT: {}
COMMAND: POST /session/2ede4c5ecc824f8ada8cef8d592e3e00/element - {"using":"xpath","value":"//span[contains(text(), \"General Management\")]"}
RESULT: {"using":"xpath","value":"//span[contains(text(), \"General Management\")]"}
COMMAND: POST /session/2ede4c5ecc824f8ada8cef8d592e3e00/element/f.DC8B541A7C98CD2E2FC15C3F0919C967.d.828BAF004F790D91B7E97E1437B03ABF.e.1563/click - {}
RESULT: {}
COMMAND: GET /session/2ede4c5ecc824f8ada8cef8d592e3e00/screenshot - {}
RESULT: {}
COMMAND: POST /session/2ede4c5ecc824f8ada8cef8d592e3e00/element - {"using":"xpath","value":"//bdi[contains(text(), \"OK\")]"}
RESULT: {"using":"xpath","value":"//bdi[contains(text(), \"OK\")]"}
COMMAND: POST /session/2ede4c5ecc824f8ada8cef8d592e3e00/element/f.DC8B541A7C98CD2E2FC15C3F0919C967.d.828BAF004F790D91B7E97E1437B03ABF.e.1564/click - {}
RESULT: {}
COMMAND: GET /session/2ede4c5ecc824f8ada8cef8d592e3e00/screenshot - {}
RESULT: {}
COMMAND: POST /session/2ede4c5ecc824f8ada8cef8d592e3e00/element - {"using":"xpath","value":"//input[@id=\"application-managepartners-display-component---NewPartner--companyCodeComboBox-inner\"]"}
RESULT: {"using":"xpath","value":"//input[@id=\"application-managepartners-display-component---NewPartner--companyCodeComboBox-inner\"]"}
COMMAND: POST /session/2ede4c5ecc824f8ada8cef8d592e3e00/element/f.DC8B541A7C98CD2E2FC15C3F0919C967.d.828BAF004F790D91B7E97E1437B03ABF.e.1361/clear - {}
RESULT: {}
COMMAND: POST /session/2ede4c5ecc824f8ada8cef8d592e3e00/element/f.DC8B541A7C98CD2E2FC15C3F0919C967.d.828BAF004F790D91B7E97E1437B03ABF.e.1361/value - {"text":"1000"}
COMMAND: GET /session/2ede4c5ecc824f8ada8cef8d592e3e00/screenshot - {}
RESULT: {"text":"1000"}
COMMAND: GET /session/2ede4c5ecc824f8ada8cef8d592e3e00/screenshot - {}
RESULT: {}
RESULT: {}
COMMAND: POST /session/2ede4c5ecc824f8ada8cef8d592e3e00/element - {"using":"xpath","value":"//span[contains(text(), \"1000\")]"}
RESULT: {"using":"xpath","value":"//span[contains(text(), \"1000\")]"}
COMMAND: POST /session/2ede4c5ecc824f8ada8cef8d592e3e00/element/f.DC8B541A7C98CD2E2FC15C3F0919C967.d.828BAF004F790D91B7E97E1437B03ABF.e.1570/click - {}
RESULT: {}
COMMAND: GET /session/2ede4c5ecc824f8ada8cef8d592e3e00/screenshot - {}
RESULT: {}
COMMAND: POST /session/2ede4c5ecc824f8ada8cef8d592e3e00/execute/async - {"script":"<script> [1562 bytes]","args":[{"selector":{"id":"application-managepartners-display-component---NewPartner--btnAddTableRow-img"},"wdio_ui5_key":"applicationmanagepartners-display-component---NewPartner--btnAddTableRow-img"}]}
RESULT: {"script":"<script> [1562 bytes]","args":[{"selector":{"id":"application-managepartners-display-component---NewPartner--btnAddTableRow-img"},"wdio_ui5_key":"applicationmanagepartners-display-component---NewPartner--btnAddTableRow-img"}]}
RESULT: undefined
COMMAND: POST /session/2ede4c5ecc824f8ada8cef8d592e3e00/element - {"using":"xpath","value":"//*[@id=\"application-managepartners-display-component---NewPartner--btnAddTableRow-img\"]"}
RESULT: {"using":"xpath","value":"//*[@id=\"application-managepartners-display-component---NewPartner--btnAddTableRow-img\"]"}
COMMAND: POST /session/2ede4c5ecc824f8ada8cef8d592e3e00/element/f.DC8B541A7C98CD2E2FC15C3F0919C967.d.828BAF004F790D91B7E97E1437B03ABF.e.1571/click - {}
RESULT: {}
COMMAND: GET /session/2ede4c5ecc824f8ada8cef8d592e3e00/screenshot - {}
RESULT: {}
COMMAND: POST /session/2ede4c5ecc824f8ada8cef8d592e3e00/element - {"using":"xpath","value":"//input[@id=\"application-managepartners-display-component---NewPartner--assignmentYard-application-managepartners-display-component---NewPartner--assignmentsTable-0-inner\"]"}
RESULT: {"using":"xpath","value":"//input[@id=\"application-managepartners-display-component---NewPartner--assignmentYard-application-managepartners-display-component---NewPartner--assignmentsTable-0-inner\"]"}
COMMAND: POST /session/2ede4c5ecc824f8ada8cef8d592e3e00/element/f.DC8B541A7C98CD2E2FC15C3F0919C967.d.828BAF004F790D91B7E97E1437B03ABF.e.1574/clear - {}
RESULT: {}
COMMAND: POST /session/2ede4c5ecc824f8ada8cef8d592e3e00/element/f.DC8B541A7C98CD2E2FC15C3F0919C967.d.828BAF004F790D91B7E97E1437B03ABF.e.1574/value - {"text":"494"}
COMMAND: GET /session/2ede4c5ecc824f8ada8cef8d592e3e00/screenshot - {}
RESULT: {"text":"494"}
COMMAND: GET /session/2ede4c5ecc824f8ada8cef8d592e3e00/screenshot - {}
RESULT: {}
RESULT: {}
COMMAND: POST /session/2ede4c5ecc824f8ada8cef8d592e3e00/element - {"using":"xpath","value":"//li[.//span[text()='494']]"}
RESULT: {"using":"xpath","value":"//li[.//span[text()='494']]"}
COMMAND: POST /session/2ede4c5ecc824f8ada8cef8d592e3e00/element/f.DC8B541A7C98CD2E2FC15C3F0919C967.d.828BAF004F790D91B7E97E1437B03ABF.e.1583/click - {}
RESULT: {}
COMMAND: GET /session/2ede4c5ecc824f8ada8cef8d592e3e00/screenshot - {}
RESULT: {}
COMMAND: POST /session/2ede4c5ecc824f8ada8cef8d592e3e00/actions - {"actions":[{"id":"action3","type":"key","parameters":{},"actions":[{"type":"keyDown","value":"î€‡"},{"type":"pause","duration":10},{"type":"keyUp","value":"î€‡"}]}]}
RESULT: {"actions":[{"id":"action3","type":"key","parameters":{},"actions":[{"type":"keyDown","value":"î€‡"},{"type":"pause","duration":10},{"type":"keyUp","value":"î€‡"}]}]}
COMMAND: POST /session/2ede4c5ecc824f8ada8cef8d592e3e00/execute/async - {"script":"<script> [1562 bytes]","args":[{"selector":{"id":"application-managepartners-display-component---NewPartner--externalCustomerComboBox-application-managepartners-display-component---NewPartner--assignmentsTable-0-vhi"},"wdio_ui5_key":"applicationmanagepartners-display-component---NewPartner--externalCustomerComboBox-application-managepartners-display-component---NewPartner--assignmentsTable-0-vhi"}]}
COMMAND: GET /session/2ede4c5ecc824f8ada8cef8d592e3e00/screenshot - {}
RESULT: {"script":"<script> [1562 bytes]","args":[{"selector":{"id":"application-managepartners-display-component---NewPartner--externalCustomerComboBox-application-managepartners-display-component---NewPartner--assignmentsTable-0-vhi"},"wdio_ui5_key":"applicationmanagepartners-display-component---NewPartner--externalCustomerComboBox-application-managepartners-display-component---NewPartner--assignmentsTable-0-vhi"}]}
RESULT: undefined
COMMAND: POST /session/2ede4c5ecc824f8ada8cef8d592e3e00/element - {"using":"xpath","value":"//*[@id=\"application-managepartners-display-component---NewPartner--externalCustomerComboBox-application-managepartners-display-component---NewPartner--assignmentsTable-0-vhi\"]"}
RESULT: {}
RESULT: {"using":"xpath","value":"//*[@id=\"application-managepartners-display-component---NewPartner--externalCustomerComboBox-application-managepartners-display-component---NewPartner--assignmentsTable-0-vhi\"]"}
COMMAND: POST /session/2ede4c5ecc824f8ada8cef8d592e3e00/element/f.DC8B541A7C98CD2E2FC15C3F0919C967.d.828BAF004F790D91B7E97E1437B03ABF.e.1587/click - {}
RESULT: {}
RESULT: undefined
COMMAND: POST /session/2ede4c5ecc824f8ada8cef8d592e3e00/execute/async - {"script":"<script> [776 bytes]","args":[{"enterText":"300003","selector":{"controlType":"sap.m.SearchField","properties":{"placeholder":"Search"},"searchOpenDialogs":true,"interaction":{"idSuffix":"I"}},"clearTextFirst":true,"interactionType":"ENTER_TEXT"}]}
COMMAND: GET /session/2ede4c5ecc824f8ada8cef8d592e3e00/screenshot - {}
RESULT: {"script":"<script> [776 bytes]","args":[{"enterText":"300003","selector":{"controlType":"sap.m.SearchField","properties":{"placeholder":"Search"},"searchOpenDialogs":true,"interaction":{"idSuffix":"I"}},"clearTextFirst":true,"interactionType":"ENTER_TEXT"}]}
COMMAND: POST /session/2ede4c5ecc824f8ada8cef8d592e3e00/actions - {"actions":[{"id":"action4","type":"key","parameters":{},"actions":[{"type":"keyDown","value":"î€‡"},{"type":"pause","duration":10},{"type":"keyUp","value":"î€‡"}]}]}
RESULT: {}
RESULT: {"actions":[{"id":"action4","type":"key","parameters":{},"actions":[{"type":"keyDown","value":"î€‡"},{"type":"pause","duration":10},{"type":"keyUp","value":"î€‡"}]}]}
COMMAND: GET /session/2ede4c5ecc824f8ada8cef8d592e3e00/screenshot - {}
RESULT: {}
COMMAND: POST /session/2ede4c5ecc824f8ada8cef8d592e3e00/element - {"using":"xpath","value":"//span[contains(text(), \"300003\")]"}
RESULT: {"using":"xpath","value":"//span[contains(text(), \"300003\")]"}
COMMAND: POST /session/2ede4c5ecc824f8ada8cef8d592e3e00/element/f.DC8B541A7C98CD2E2FC15C3F0919C967.d.828BAF004F790D91B7E97E1437B03ABF.e.1605/click - {}
RESULT: {}
COMMAND: GET /session/2ede4c5ecc824f8ada8cef8d592e3e00/screenshot - {}
RESULT: {}
COMMAND: POST /session/2ede4c5ecc824f8ada8cef8d592e3e00/element - {"using":"xpath","value":"//bdi[contains(text(), \"OK\")]"}
RESULT: {"using":"xpath","value":"//bdi[contains(text(), \"OK\")]"}
COMMAND: POST /session/2ede4c5ecc824f8ada8cef8d592e3e00/element/f.DC8B541A7C98CD2E2FC15C3F0919C967.d.828BAF004F790D91B7E97E1437B03ABF.e.1607/click - {}
RESULT: {}
COMMAND: GET /session/2ede4c5ecc824f8ada8cef8d592e3e00/screenshot - {}
RESULT: {}
COMMAND: POST /session/2ede4c5ecc824f8ada8cef8d592e3e00/execute/async - {"script":"<script> [1562 bytes]","args":[{"selector":{"id":"application-managepartners-display-component---NewPartner--intercompVendorComboBox-application-managepartners-display-component---NewPartner--assignmentsTable-0-vhi"},"wdio_ui5_key":"applicationmanagepartners-display-component---NewPartner--intercompVendorComboBox-application-managepartners-display-component---NewPartner--assignmentsTable-0-vhi"}]}
RESULT: {"script":"<script> [1562 bytes]","args":[{"selector":{"id":"application-managepartners-display-component---NewPartner--intercompVendorComboBox-application-managepartners-display-component---NewPartner--assignmentsTable-0-vhi"},"wdio_ui5_key":"applicationmanagepartners-display-component---NewPartner--intercompVendorComboBox-application-managepartners-display-component---NewPartner--assignmentsTable-0-vhi"}]}
RESULT: undefined
COMMAND: POST /session/2ede4c5ecc824f8ada8cef8d592e3e00/element - {"using":"xpath","value":"//*[@id=\"application-managepartners-display-component---NewPartner--intercompVendorComboBox-application-managepartners-display-component---NewPartner--assignmentsTable-0-vhi\"]"}
RESULT: {"using":"xpath","value":"//*[@id=\"application-managepartners-display-component---NewPartner--intercompVendorComboBox-application-managepartners-display-component---NewPartner--assignmentsTable-0-vhi\"]"}
COMMAND: POST /session/2ede4c5ecc824f8ada8cef8d592e3e00/element/f.DC8B541A7C98CD2E2FC15C3F0919C967.d.828BAF004F790D91B7E97E1437B03ABF.e.1610/click - {}
RESULT: {}
RESULT: undefined
COMMAND: POST /session/2ede4c5ecc824f8ada8cef8d592e3e00/execute/async - {"script":"<script> [776 bytes]","args":[{"enterText":"100005","selector":{"controlType":"sap.m.SearchField","properties":{"placeholder":"Search"},"searchOpenDialogs":true,"interaction":{"idSuffix":"I"}},"clearTextFirst":true,"interactionType":"ENTER_TEXT"}]}
COMMAND: GET /session/2ede4c5ecc824f8ada8cef8d592e3e00/screenshot - {}
RESULT: {"script":"<script> [776 bytes]","args":[{"enterText":"100005","selector":{"controlType":"sap.m.SearchField","properties":{"placeholder":"Search"},"searchOpenDialogs":true,"interaction":{"idSuffix":"I"}},"clearTextFirst":true,"interactionType":"ENTER_TEXT"}]}
COMMAND: POST /session/2ede4c5ecc824f8ada8cef8d592e3e00/actions - {"actions":[{"id":"action5","type":"key","parameters":{},"actions":[{"type":"keyDown","value":"î€‡"},{"type":"pause","duration":10},{"type":"keyUp","value":"î€‡"}]}]}
RESULT: {}
RESULT: {"actions":[{"id":"action5","type":"key","parameters":{},"actions":[{"type":"keyDown","value":"î€‡"},{"type":"pause","duration":10},{"type":"keyUp","value":"î€‡"}]}]}
COMMAND: GET /session/2ede4c5ecc824f8ada8cef8d592e3e00/screenshot - {}
RESULT: {}
COMMAND: POST /session/2ede4c5ecc824f8ada8cef8d592e3e00/element - {"using":"xpath","value":"//span[contains(text(), \"Penguins - Field/12345 Berlin\")]"}
RESULT: {"using":"xpath","value":"//span[contains(text(), \"Penguins - Field/12345 Berlin\")]"}
COMMAND: POST /session/2ede4c5ecc824f8ada8cef8d592e3e00/element/f.DC8B541A7C98CD2E2FC15C3F0919C967.d.828BAF004F790D91B7E97E1437B03ABF.e.1628/click - {}
RESULT: {}
COMMAND: GET /session/2ede4c5ecc824f8ada8cef8d592e3e00/screenshot - {}
RESULT: {}
COMMAND: POST /session/2ede4c5ecc824f8ada8cef8d592e3e00/element - {"using":"xpath","value":"//bdi[contains(text(), \"OK\")]"}
RESULT: {"using":"xpath","value":"//bdi[contains(text(), \"OK\")]"}
COMMAND: POST /session/2ede4c5ecc824f8ada8cef8d592e3e00/element/f.DC8B541A7C98CD2E2FC15C3F0919C967.d.828BAF004F790D91B7E97E1437B03ABF.e.1629/click - {}
RESULT: {}
COMMAND: GET /session/2ede4c5ecc824f8ada8cef8d592e3e00/screenshot - {}
RESULT: {}
COMMAND: POST /session/2ede4c5ecc824f8ada8cef8d592e3e00/element - {"using":"xpath","value":"//button[@data-kt=\"saveButton\"]"}
RESULT: {"using":"xpath","value":"//button[@data-kt=\"saveButton\"]"}
COMMAND: POST /session/2ede4c5ecc824f8ada8cef8d592e3e00/element/f.DC8B541A7C98CD2E2FC15C3F0919C967.d.828BAF004F790D91B7E97E1437B03ABF.e.1481/click - {}
RESULT: {}
COMMAND: GET /session/2ede4c5ecc824f8ada8cef8d592e3e00/screenshot - {}
RESULT: {}
COMMAND: POST /session/2ede4c5ecc824f8ada8cef8d592e3e00/element - {"using":"xpath","value":"//header[contains(@id, 'ObjectPageLayout-headerTitle')]/div[1]/div[2]/div[2]/span[1]"}
RESULT: {"using":"xpath","value":"//header[contains(@id, 'ObjectPageLayout-headerTitle')]/div[1]/div[2]/div[2]/span[1]"}
COMMAND: POST /session/2ede4c5ecc824f8ada8cef8d592e3e00/elements - {"using":"xpath","value":"//header[contains(@id, 'ObjectPageLayout-headerTitle')]/div[1]/div[2]/div[2]/span[1]"}
RESULT: {"using":"xpath","value":"//header[contains(@id, 'ObjectPageLayout-headerTitle')]/div[1]/div[2]/div[2]/span[1]"}
COMMAND: POST /session/2ede4c5ecc824f8ada8cef8d592e3e00/execute/sync - {"script":"<script> [56 bytes]","args":[{"element-6066-11e4-a52e-4f735466cecf":"f.DC8B541A7C98CD2E2FC15C3F0919C967.d.828BAF004F790D91B7E97E1437B03ABF.e.1795","ELEMENT":"f.DC8B541A7C98CD2E2FC15C3F0919C967.d.828BAF004F790D91B7E97E1437B03ABF.e.1795"}]}
RESULT: {"script":"<script> [56 bytes]","args":[{"element-6066-11e4-a52e-4f735466cecf":"f.DC8B541A7C98CD2E2FC15C3F0919C967.d.828BAF004F790D91B7E97E1437B03ABF.e.1795","ELEMENT":"f.DC8B541A7C98CD2E2FC15C3F0919C967.d.828BAF004F790D91B7E97E1437B03ABF.e.1795"}]}
COMMAND: POST /session/2ede4c5ecc824f8ada8cef8d592e3e00/element - {"using":"css selector","value":"#shell-header-logo"}
COMMAND: GET /session/2ede4c5ecc824f8ada8cef8d592e3e00/screenshot - {}
RESULT: {"using":"css selector","value":"#shell-header-logo"}
COMMAND: POST /session/2ede4c5ecc824f8ada8cef8d592e3e00/element/f.DC8B541A7C98CD2E2FC15C3F0919C967.d.828BAF004F790D91B7E97E1437B03ABF.e.1011/click - {}
RESULT: {}
RESULT: {}
COMMAND: GET /session/2ede4c5ecc824f8ada8cef8d592e3e00/screenshot - {}
RESULT: {}
COMMAND: POST /session/2ede4c5ecc824f8ada8cef8d592e3e00/execute/sync - {"script":"<script> [299 bytes]","args":[["getModel","getResource"]]}
RESULT: {"script":"<script> [299 bytes]","args":[["getModel","getResource"]]}
COMMAND: GET /session/2ede4c5ecc824f8ada8cef8d592e3e00/screenshot - {}
]]></system-out>
    </testcase>
    <testcase classname="chrome.135_0_7049_96.windows.Prerequisites_&amp;_test_for_yard_mass_return_on_Yard_Overview_US131057" name="Prereq Should create a new site" time="156.315">
      <system-out><![CDATA[
COMMAND: POST /session/2ede4c5ecc824f8ada8cef8d592e3e00/execute/async - {"script":"<script> [1562 bytes]","args":[{"selector":{"controlType":"sap.m.TileContent","bindingPath":{"path":"","propertyPath":"/properties/info"},"ancestor":{"controlType":"sap.m.GenericTile","properties":{"header":"Manage Sites"}}},"wdio_ui5_key":"sapm.TileContent{\"path\":\"\",\"propertyPath\":\"/properties/info\"}{\"controlType\":\"sap.m.GenericTile\",\"properties\":{\"header\":\"Manage Sites\"}}"}]}
RESULT: {}
RESULT: {"script":"<script> [1562 bytes]","args":[{"selector":{"controlType":"sap.m.TileContent","bindingPath":{"path":"","propertyPath":"/properties/info"},"ancestor":{"controlType":"sap.m.GenericTile","properties":{"header":"Manage Sites"}}},"wdio_ui5_key":"sapm.TileContent{\"path\":\"\",\"propertyPath\":\"/properties/info\"}{\"controlType\":\"sap.m.GenericTile\",\"properties\":{\"header\":\"Manage Sites\"}}"}]}
RESULT: undefined
COMMAND: POST /session/2ede4c5ecc824f8ada8cef8d592e3e00/element - {"using":"xpath","value":"//*[@id=\"__xmlview7--numericTileContent\"]"}
RESULT: {"using":"xpath","value":"//*[@id=\"__xmlview7--numericTileContent\"]"}
COMMAND: POST /session/2ede4c5ecc824f8ada8cef8d592e3e00/element/f.DC8B541A7C98CD2E2FC15C3F0919C967.d.828BAF004F790D91B7E97E1437B03ABF.e.1797/click - {}
RESULT: {}
COMMAND: POST /session/2ede4c5ecc824f8ada8cef8d592e3e00/element - {"using":"xpath","value":"//button[@data-kt=\"addOverflowToolbarButton\"]"}
COMMAND: GET /session/2ede4c5ecc824f8ada8cef8d592e3e00/screenshot - {}
RESULT: {"using":"xpath","value":"//button[@data-kt=\"addOverflowToolbarButton\"]"}
COMMAND: POST /session/2ede4c5ecc824f8ada8cef8d592e3e00/elements - {"using":"xpath","value":"//button[@data-kt=\"addOverflowToolbarButton\"]"}
RESULT: {}
RESULT: {"using":"xpath","value":"//button[@data-kt=\"addOverflowToolbarButton\"]"}
COMMAND: POST /session/2ede4c5ecc824f8ada8cef8d592e3e00/elements - {"using":"xpath","value":"//button[@data-kt=\"addOverflowToolbarButton\"]"}
RESULT: {"using":"xpath","value":"//button[@data-kt=\"addOverflowToolbarButton\"]"}
COMMAND: POST /session/2ede4c5ecc824f8ada8cef8d592e3e00/elements - {"using":"xpath","value":"//button[@data-kt=\"addOverflowToolbarButton\"]"}
RESULT: {"using":"xpath","value":"//button[@data-kt=\"addOverflowToolbarButton\"]"}
COMMAND: POST /session/2ede4c5ecc824f8ada8cef8d592e3e00/elements - {"using":"xpath","value":"//button[@data-kt=\"addOverflowToolbarButton\"]"}
RESULT: {"using":"xpath","value":"//button[@data-kt=\"addOverflowToolbarButton\"]"}
COMMAND: POST /session/2ede4c5ecc824f8ada8cef8d592e3e00/element - {"using":"xpath","value":"//button[@data-kt=\"addOverflowToolbarButton\"]"}
RESULT: {"using":"xpath","value":"//button[@data-kt=\"addOverflowToolbarButton\"]"}
COMMAND: POST /session/2ede4c5ecc824f8ada8cef8d592e3e00/execute/sync - {"script":"<script> [8489 bytes]","args":[{"element-6066-11e4-a52e-4f735466cecf":"f.DC8B541A7C98CD2E2FC15C3F0919C967.d.828BAF004F790D91B7E97E1437B03ABF.e.1843","ELEMENT":"f.DC8B541A7C98CD2E2FC15C3F0919C967.d.828BAF004F790D91B7E97E1437B03ABF.e.1843"}]}
RESULT: {"script":"<script> [8489 bytes]","args":[{"element-6066-11e4-a52e-4f735466cecf":"f.DC8B541A7C98CD2E2FC15C3F0919C967.d.828BAF004F790D91B7E97E1437B03ABF.e.1843","ELEMENT":"f.DC8B541A7C98CD2E2FC15C3F0919C967.d.828BAF004F790D91B7E97E1437B03ABF.e.1843"}]}
COMMAND: GET /session/2ede4c5ecc824f8ada8cef8d592e3e00/element/f.DC8B541A7C98CD2E2FC15C3F0919C967.d.828BAF004F790D91B7E97E1437B03ABF.e.1843/enabled - {}
COMMAND: GET /session/2ede4c5ecc824f8ada8cef8d592e3e00/screenshot - {}
RESULT: {}
COMMAND: POST /session/2ede4c5ecc824f8ada8cef8d592e3e00/execute/sync - {"script":"<script> [8489 bytes]","args":[{"element-6066-11e4-a52e-4f735466cecf":"f.DC8B541A7C98CD2E2FC15C3F0919C967.d.828BAF004F790D91B7E97E1437B03ABF.e.1843","ELEMENT":"f.DC8B541A7C98CD2E2FC15C3F0919C967.d.828BAF004F790D91B7E97E1437B03ABF.e.1843"}]}
COMMAND: GET /session/2ede4c5ecc824f8ada8cef8d592e3e00/screenshot - {}
RESULT: {}
RESULT: {"script":"<script> [8489 bytes]","args":[{"element-6066-11e4-a52e-4f735466cecf":"f.DC8B541A7C98CD2E2FC15C3F0919C967.d.828BAF004F790D91B7E97E1437B03ABF.e.1843","ELEMENT":"f.DC8B541A7C98CD2E2FC15C3F0919C967.d.828BAF004F790D91B7E97E1437B03ABF.e.1843"}]}
COMMAND: POST /session/2ede4c5ecc824f8ada8cef8d592e3e00/execute/sync - {"script":"<script> [5351 bytes]","args":[{"element-6066-11e4-a52e-4f735466cecf":"f.DC8B541A7C98CD2E2FC15C3F0919C967.d.828BAF004F790D91B7E97E1437B03ABF.e.1843","ELEMENT":"f.DC8B541A7C98CD2E2FC15C3F0919C967.d.828BAF004F790D91B7E97E1437B03ABF.e.1843"}]}
COMMAND: GET /session/2ede4c5ecc824f8ada8cef8d592e3e00/screenshot - {}
RESULT: {}
RESULT: {"script":"<script> [5351 bytes]","args":[{"element-6066-11e4-a52e-4f735466cecf":"f.DC8B541A7C98CD2E2FC15C3F0919C967.d.828BAF004F790D91B7E97E1437B03ABF.e.1843","ELEMENT":"f.DC8B541A7C98CD2E2FC15C3F0919C967.d.828BAF004F790D91B7E97E1437B03ABF.e.1843"}]}
COMMAND: POST /session/2ede4c5ecc824f8ada8cef8d592e3e00/element/f.DC8B541A7C98CD2E2FC15C3F0919C967.d.828BAF004F790D91B7E97E1437B03ABF.e.1843/click - {}
COMMAND: GET /session/2ede4c5ecc824f8ada8cef8d592e3e00/screenshot - {}
RESULT: {}
RESULT: {}
COMMAND: GET /session/2ede4c5ecc824f8ada8cef8d592e3e00/screenshot - {}
COMMAND: POST /session/2ede4c5ecc824f8ada8cef8d592e3e00/execute/async - {"script":"<script> [1562 bytes]","args":[{"selector":{"id":"application-managesites-display-component---NewSite--addressDetailDetailsName1","interaction":{"idSuffix":"inner"}},"wdio_ui5_key":"applicationmanagesites-display-component---NewSite--addressDetailDetailsName1"}]}
RESULT: {}
RESULT: {}
RESULT: {"script":"<script> [1562 bytes]","args":[{"selector":{"id":"application-managesites-display-component---NewSite--addressDetailDetailsName1","interaction":{"idSuffix":"inner"}},"wdio_ui5_key":"applicationmanagesites-display-component---NewSite--addressDetailDetailsName1"}]}
RESULT: undefined
COMMAND: POST /session/2ede4c5ecc824f8ada8cef8d592e3e00/execute/async - {"script":"<script> [776 bytes]","args":[{"enterText":"Intracompany Site wdIO","selector":{"id":"application-managesites-display-component---NewSite--addressDetailDetailsName1","interaction":{"idSuffix":"inner"}},"clearTextFirst":true,"interactionType":"ENTER_TEXT"}]}
RESULT: {"script":"<script> [776 bytes]","args":[{"enterText":"Intracompany Site wdIO","selector":{"id":"application-managesites-display-component---NewSite--addressDetailDetailsName1","interaction":{"idSuffix":"inner"}},"clearTextFirst":true,"interactionType":"ENTER_TEXT"}]}
COMMAND: POST /session/2ede4c5ecc824f8ada8cef8d592e3e00/execute/async - {"script":"<script> [1562 bytes]","args":[{"selector":{"id":"application-managesites-display-component---NewSite--addressDetailDetailsLanguage-arrow"},"wdio_ui5_key":"applicationmanagesites-display-component---NewSite--addressDetailDetailsLanguage-arrow"}]}
RESULT: {"script":"<script> [1562 bytes]","args":[{"selector":{"id":"application-managesites-display-component---NewSite--addressDetailDetailsLanguage-arrow"},"wdio_ui5_key":"applicationmanagesites-display-component---NewSite--addressDetailDetailsLanguage-arrow"}]}
RESULT: undefined
COMMAND: POST /session/2ede4c5ecc824f8ada8cef8d592e3e00/element - {"using":"xpath","value":"//*[@id=\"application-managesites-display-component---NewSite--addressDetailDetailsLanguage-arrow\"]"}
RESULT: {"using":"xpath","value":"//*[@id=\"application-managesites-display-component---NewSite--addressDetailDetailsLanguage-arrow\"]"}
COMMAND: POST /session/2ede4c5ecc824f8ada8cef8d592e3e00/element/f.DC8B541A7C98CD2E2FC15C3F0919C967.d.828BAF004F790D91B7E97E1437B03ABF.e.2240/click - {}
RESULT: {}
COMMAND: POST /session/2ede4c5ecc824f8ada8cef8d592e3e00/element - {"using":"xpath","value":"//span[contains(text(), \"English\")]"}
COMMAND: GET /session/2ede4c5ecc824f8ada8cef8d592e3e00/screenshot - {}
RESULT: {"using":"xpath","value":"//span[contains(text(), \"English\")]"}
COMMAND: POST /session/2ede4c5ecc824f8ada8cef8d592e3e00/element/f.DC8B541A7C98CD2E2FC15C3F0919C967.d.828BAF004F790D91B7E97E1437B03ABF.e.2241/click - {}
RESULT: {}
RESULT: {}
COMMAND: POST /session/2ede4c5ecc824f8ada8cef8d592e3e00/execute/async - {"script":"<script> [1562 bytes]","args":[{"selector":{"id":"application-managesites-display-component---NewSite--addressDetailDetailsCity1","interaction":{"idSuffix":"inner"}},"wdio_ui5_key":"applicationmanagesites-display-component---NewSite--addressDetailDetailsCity1"}]}
COMMAND: GET /session/2ede4c5ecc824f8ada8cef8d592e3e00/screenshot - {}
RESULT: {"script":"<script> [1562 bytes]","args":[{"selector":{"id":"application-managesites-display-component---NewSite--addressDetailDetailsCity1","interaction":{"idSuffix":"inner"}},"wdio_ui5_key":"applicationmanagesites-display-component---NewSite--addressDetailDetailsCity1"}]}
RESULT: undefined
COMMAND: POST /session/2ede4c5ecc824f8ada8cef8d592e3e00/execute/async - {"script":"<script> [776 bytes]","args":[{"enterText":"Rosario","selector":{"id":"application-managesites-display-component---NewSite--addressDetailDetailsCity1","interaction":{"idSuffix":"inner"}},"clearTextFirst":true,"interactionType":"ENTER_TEXT"}]}
RESULT: {}
RESULT: {"script":"<script> [776 bytes]","args":[{"enterText":"Rosario","selector":{"id":"application-managesites-display-component---NewSite--addressDetailDetailsCity1","interaction":{"idSuffix":"inner"}},"clearTextFirst":true,"interactionType":"ENTER_TEXT"}]}
COMMAND: POST /session/2ede4c5ecc824f8ada8cef8d592e3e00/execute/async - {"script":"<script> [1562 bytes]","args":[{"selector":{"id":"application-managesites-display-component---NewSite--addressDetailDetailsCountry-arrow"},"wdio_ui5_key":"applicationmanagesites-display-component---NewSite--addressDetailDetailsCountry-arrow"}]}
RESULT: {"script":"<script> [1562 bytes]","args":[{"selector":{"id":"application-managesites-display-component---NewSite--addressDetailDetailsCountry-arrow"},"wdio_ui5_key":"applicationmanagesites-display-component---NewSite--addressDetailDetailsCountry-arrow"}]}
RESULT: undefined
COMMAND: POST /session/2ede4c5ecc824f8ada8cef8d592e3e00/element - {"using":"xpath","value":"//*[@id=\"application-managesites-display-component---NewSite--addressDetailDetailsCountry-arrow\"]"}
RESULT: {"using":"xpath","value":"//*[@id=\"application-managesites-display-component---NewSite--addressDetailDetailsCountry-arrow\"]"}
COMMAND: POST /session/2ede4c5ecc824f8ada8cef8d592e3e00/element/f.DC8B541A7C98CD2E2FC15C3F0919C967.d.828BAF004F790D91B7E97E1437B03ABF.e.2243/click - {}
RESULT: {}
COMMAND: POST /session/2ede4c5ecc824f8ada8cef8d592e3e00/element - {"using":"xpath","value":"//span[contains(text(), \"Argentina\")]"}
COMMAND: GET /session/2ede4c5ecc824f8ada8cef8d592e3e00/screenshot - {}
RESULT: {"using":"xpath","value":"//span[contains(text(), \"Argentina\")]"}
COMMAND: POST /session/2ede4c5ecc824f8ada8cef8d592e3e00/element/f.DC8B541A7C98CD2E2FC15C3F0919C967.d.828BAF004F790D91B7E97E1437B03ABF.e.2245/click - {}
RESULT: {}
RESULT: {}
COMMAND: GET /session/2ede4c5ecc824f8ada8cef8d592e3e00/screenshot - {}
RESULT: {}
COMMAND: POST /session/2ede4c5ecc824f8ada8cef8d592e3e00/execute/async - {"script":"<script> [1562 bytes]","args":[{"selector":{"id":"application-managesites-display-component---NewSite--addressEditDetailsCostObjectCstType-arrow"},"wdio_ui5_key":"applicationmanagesites-display-component---NewSite--addressEditDetailsCostObjectCstType-arrow"}]}
RESULT: {"script":"<script> [1562 bytes]","args":[{"selector":{"id":"application-managesites-display-component---NewSite--addressEditDetailsCostObjectCstType-arrow"},"wdio_ui5_key":"applicationmanagesites-display-component---NewSite--addressEditDetailsCostObjectCstType-arrow"}]}
RESULT: undefined
COMMAND: POST /session/2ede4c5ecc824f8ada8cef8d592e3e00/element - {"using":"xpath","value":"//*[@id=\"application-managesites-display-component---NewSite--addressEditDetailsCostObjectCstType-arrow\"]"}
RESULT: {"using":"xpath","value":"//*[@id=\"application-managesites-display-component---NewSite--addressEditDetailsCostObjectCstType-arrow\"]"}
COMMAND: POST /session/2ede4c5ecc824f8ada8cef8d592e3e00/element/f.DC8B541A7C98CD2E2FC15C3F0919C967.d.828BAF004F790D91B7E97E1437B03ABF.e.2246/click - {}
RESULT: {}
COMMAND: POST /session/2ede4c5ecc824f8ada8cef8d592e3e00/element - {"using":"xpath","value":"//span[contains(text(), \"Cost Center\")]"}
COMMAND: GET /session/2ede4c5ecc824f8ada8cef8d592e3e00/screenshot - {}
RESULT: {"using":"xpath","value":"//span[contains(text(), \"Cost Center\")]"}
COMMAND: POST /session/2ede4c5ecc824f8ada8cef8d592e3e00/element/f.DC8B541A7C98CD2E2FC15C3F0919C967.d.828BAF004F790D91B7E97E1437B03ABF.e.2247/click - {}
RESULT: {}
RESULT: {}
COMMAND: GET /session/2ede4c5ecc824f8ada8cef8d592e3e00/screenshot - {}
RESULT: {}
COMMAND: POST /session/2ede4c5ecc824f8ada8cef8d592e3e00/element - {"using":"xpath","value":"//span[@id=\"application-managesites-display-component---NewSite--addressNewCostObjectCstID-vhi\"]"}
RESULT: {"using":"xpath","value":"//span[@id=\"application-managesites-display-component---NewSite--addressNewCostObjectCstID-vhi\"]"}
COMMAND: POST /session/2ede4c5ecc824f8ada8cef8d592e3e00/execute/sync - {"script":"<script> [8489 bytes]","args":[{"element-6066-11e4-a52e-4f735466cecf":"f.DC8B541A7C98CD2E2FC15C3F0919C967.d.828BAF004F790D91B7E97E1437B03ABF.e.2252","ELEMENT":"f.DC8B541A7C98CD2E2FC15C3F0919C967.d.828BAF004F790D91B7E97E1437B03ABF.e.2252"}]}
RESULT: {"script":"<script> [8489 bytes]","args":[{"element-6066-11e4-a52e-4f735466cecf":"f.DC8B541A7C98CD2E2FC15C3F0919C967.d.828BAF004F790D91B7E97E1437B03ABF.e.2252","ELEMENT":"f.DC8B541A7C98CD2E2FC15C3F0919C967.d.828BAF004F790D91B7E97E1437B03ABF.e.2252"}]}
COMMAND: POST /session/2ede4c5ecc824f8ada8cef8d592e3e00/execute/async - {"script":"<script> [1562 bytes]","args":[{"selector":{"id":"application-managesites-display-component---NewSite--addressNewCostObjectCstID-vhi"},"wdio_ui5_key":"applicationmanagesites-display-component---NewSite--addressNewCostObjectCstID-vhi"}]}
COMMAND: GET /session/2ede4c5ecc824f8ada8cef8d592e3e00/screenshot - {}
RESULT: {"script":"<script> [1562 bytes]","args":[{"selector":{"id":"application-managesites-display-component---NewSite--addressNewCostObjectCstID-vhi"},"wdio_ui5_key":"applicationmanagesites-display-component---NewSite--addressNewCostObjectCstID-vhi"}]}
RESULT: undefined
COMMAND: POST /session/2ede4c5ecc824f8ada8cef8d592e3e00/element - {"using":"xpath","value":"//*[@id=\"application-managesites-display-component---NewSite--addressNewCostObjectCstID-vhi\"]"}
RESULT: {}
RESULT: {"using":"xpath","value":"//*[@id=\"application-managesites-display-component---NewSite--addressNewCostObjectCstID-vhi\"]"}
COMMAND: POST /session/2ede4c5ecc824f8ada8cef8d592e3e00/element/f.DC8B541A7C98CD2E2FC15C3F0919C967.d.828BAF004F790D91B7E97E1437B03ABF.e.2252/click - {}
RESULT: {}
COMMAND: GET /session/2ede4c5ecc824f8ada8cef8d592e3e00/screenshot - {}
RESULT: {}
RESULT: undefined
COMMAND: POST /session/2ede4c5ecc824f8ada8cef8d592e3e00/execute/async - {"script":"<script> [776 bytes]","args":[{"enterText":"10001013","selector":{"controlType":"sap.m.SearchField","properties":{"placeholder":"Search"},"searchOpenDialogs":true,"interaction":{"idSuffix":"I"}},"clearTextFirst":true,"interactionType":"ENTER_TEXT"}]}
RESULT: {"script":"<script> [776 bytes]","args":[{"enterText":"10001013","selector":{"controlType":"sap.m.SearchField","properties":{"placeholder":"Search"},"searchOpenDialogs":true,"interaction":{"idSuffix":"I"}},"clearTextFirst":true,"interactionType":"ENTER_TEXT"}]}
COMMAND: POST /session/2ede4c5ecc824f8ada8cef8d592e3e00/actions - {"actions":[{"id":"action6","type":"key","parameters":{},"actions":[{"type":"keyDown","value":"î€‡"},{"type":"pause","duration":10},{"type":"keyUp","value":"î€‡"}]}]}
RESULT: {"actions":[{"id":"action6","type":"key","parameters":{},"actions":[{"type":"keyDown","value":"î€‡"},{"type":"pause","duration":10},{"type":"keyUp","value":"î€‡"}]}]}
COMMAND: GET /session/2ede4c5ecc824f8ada8cef8d592e3e00/screenshot - {}
COMMAND: POST /session/2ede4c5ecc824f8ada8cef8d592e3e00/element - {"using":"xpath","value":"//span[contains(text(), \"General Management\")]"}
RESULT: {}
RESULT: {"using":"xpath","value":"//span[contains(text(), \"General Management\")]"}
COMMAND: POST /session/2ede4c5ecc824f8ada8cef8d592e3e00/element/f.DC8B541A7C98CD2E2FC15C3F0919C967.d.828BAF004F790D91B7E97E1437B03ABF.e.2292/click - {}
RESULT: {}
COMMAND: GET /session/2ede4c5ecc824f8ada8cef8d592e3e00/screenshot - {}
RESULT: {}
COMMAND: POST /session/2ede4c5ecc824f8ada8cef8d592e3e00/element - {"using":"xpath","value":"//bdi[contains(text(), \"OK\")]"}
RESULT: {"using":"xpath","value":"//bdi[contains(text(), \"OK\")]"}
COMMAND: POST /session/2ede4c5ecc824f8ada8cef8d592e3e00/element/f.DC8B541A7C98CD2E2FC15C3F0919C967.d.828BAF004F790D91B7E97E1437B03ABF.e.2293/click - {}
RESULT: {}
COMMAND: GET /session/2ede4c5ecc824f8ada8cef8d592e3e00/screenshot - {}
RESULT: {}
COMMAND: POST /session/2ede4c5ecc824f8ada8cef8d592e3e00/element - {"using":"xpath","value":"//input[@id=\"application-managesites-display-component---NewSite--addressDetailDetailsCalendar-inner\"]"}
RESULT: {"using":"xpath","value":"//input[@id=\"application-managesites-display-component---NewSite--addressDetailDetailsCalendar-inner\"]"}
COMMAND: POST /session/2ede4c5ecc824f8ada8cef8d592e3e00/element/f.DC8B541A7C98CD2E2FC15C3F0919C967.d.828BAF004F790D91B7E97E1437B03ABF.e.2040/clear - {}
RESULT: {}
COMMAND: POST /session/2ede4c5ecc824f8ada8cef8d592e3e00/element/f.DC8B541A7C98CD2E2FC15C3F0919C967.d.828BAF004F790D91B7E97E1437B03ABF.e.2040/value - {"text":"Unit"}
COMMAND: GET /session/2ede4c5ecc824f8ada8cef8d592e3e00/screenshot - {}
RESULT: {"text":"Unit"}
COMMAND: GET /session/2ede4c5ecc824f8ada8cef8d592e3e00/screenshot - {}
RESULT: {}
RESULT: {}
COMMAND: POST /session/2ede4c5ecc824f8ada8cef8d592e3e00/actions - {"actions":[{"id":"action7","type":"key","parameters":{},"actions":[{"type":"keyDown","value":"î€‡"},{"type":"pause","duration":10},{"type":"keyUp","value":"î€‡"}]}]}
RESULT: {"actions":[{"id":"action7","type":"key","parameters":{},"actions":[{"type":"keyDown","value":"î€‡"},{"type":"pause","duration":10},{"type":"keyUp","value":"î€‡"}]}]}
COMMAND: POST /session/2ede4c5ecc824f8ada8cef8d592e3e00/element - {"using":"xpath","value":"//input[@id=\"application-managesites-display-component---NewSite--addressDetailDetailsYard-inner\"]"}
COMMAND: GET /session/2ede4c5ecc824f8ada8cef8d592e3e00/screenshot - {}
RESULT: {"using":"xpath","value":"//input[@id=\"application-managesites-display-component---NewSite--addressDetailDetailsYard-inner\"]"}
COMMAND: POST /session/2ede4c5ecc824f8ada8cef8d592e3e00/element/f.DC8B541A7C98CD2E2FC15C3F0919C967.d.828BAF004F790D91B7E97E1437B03ABF.e.2041/clear - {}
RESULT: {}
RESULT: {}
COMMAND: POST /session/2ede4c5ecc824f8ada8cef8d592e3e00/element/f.DC8B541A7C98CD2E2FC15C3F0919C967.d.828BAF004F790D91B7E97E1437B03ABF.e.2041/value - {"text":"494"}
COMMAND: GET /session/2ede4c5ecc824f8ada8cef8d592e3e00/screenshot - {}
RESULT: {"text":"494"}
COMMAND: GET /session/2ede4c5ecc824f8ada8cef8d592e3e00/screenshot - {}
RESULT: {}
RESULT: {}
COMMAND: POST /session/2ede4c5ecc824f8ada8cef8d592e3e00/element - {"using":"xpath","value":"//li[.//span[text()='494']]"}
RESULT: {"using":"xpath","value":"//li[.//span[text()='494']]"}
COMMAND: POST /session/2ede4c5ecc824f8ada8cef8d592e3e00/element/f.DC8B541A7C98CD2E2FC15C3F0919C967.d.828BAF004F790D91B7E97E1437B03ABF.e.2301/click - {}
RESULT: {}
COMMAND: GET /session/2ede4c5ecc824f8ada8cef8d592e3e00/screenshot - {}
RESULT: {}
COMMAND: POST /session/2ede4c5ecc824f8ada8cef8d592e3e00/element - {"using":"xpath","value":"//input[@id=\"application-managesites-display-component---NewSite--addressDetailDetailsPartner-inner\"]"}
RESULT: {"using":"xpath","value":"//input[@id=\"application-managesites-display-component---NewSite--addressDetailDetailsPartner-inner\"]"}
COMMAND: POST /session/2ede4c5ecc824f8ada8cef8d592e3e00/element - {"using":"xpath","value":"//input[@id=\"application-managesites-display-component---NewSite--addressDetailDetailsPartner-inner\"]"}
RESULT: {"using":"xpath","value":"//input[@id=\"application-managesites-display-component---NewSite--addressDetailDetailsPartner-inner\"]"}
COMMAND: POST /session/2ede4c5ecc824f8ada8cef8d592e3e00/element - {"using":"xpath","value":"//button[@data-kt=\"saveButton\"]"}
RESULT: {"using":"xpath","value":"//button[@data-kt=\"saveButton\"]"}
COMMAND: POST /session/2ede4c5ecc824f8ada8cef8d592e3e00/element/f.DC8B541A7C98CD2E2FC15C3F0919C967.d.828BAF004F790D91B7E97E1437B03ABF.e.2233/click - {}
RESULT: {}
COMMAND: GET /session/2ede4c5ecc824f8ada8cef8d592e3e00/screenshot - {}
RESULT: {}
COMMAND: POST /session/2ede4c5ecc824f8ada8cef8d592e3e00/element - {"using":"xpath","value":"//header[contains(@id, 'ObjectPageLayout-headerTitle')]/div[1]/div[2]/div[2]/span[1]"}
RESULT: {"using":"xpath","value":"//header[contains(@id, 'ObjectPageLayout-headerTitle')]/div[1]/div[2]/div[2]/span[1]"}
COMMAND: POST /session/2ede4c5ecc824f8ada8cef8d592e3e00/elements - {"using":"xpath","value":"//header[contains(@id, 'ObjectPageLayout-headerTitle')]/div[1]/div[2]/div[2]/span[1]"}
RESULT: {"using":"xpath","value":"//header[contains(@id, 'ObjectPageLayout-headerTitle')]/div[1]/div[2]/div[2]/span[1]"}
COMMAND: POST /session/2ede4c5ecc824f8ada8cef8d592e3e00/execute/sync - {"script":"<script> [56 bytes]","args":[{"element-6066-11e4-a52e-4f735466cecf":"f.DC8B541A7C98CD2E2FC15C3F0919C967.d.828BAF004F790D91B7E97E1437B03ABF.e.2503","ELEMENT":"f.DC8B541A7C98CD2E2FC15C3F0919C967.d.828BAF004F790D91B7E97E1437B03ABF.e.2503"}]}
RESULT: {"script":"<script> [56 bytes]","args":[{"element-6066-11e4-a52e-4f735466cecf":"f.DC8B541A7C98CD2E2FC15C3F0919C967.d.828BAF004F790D91B7E97E1437B03ABF.e.2503","ELEMENT":"f.DC8B541A7C98CD2E2FC15C3F0919C967.d.828BAF004F790D91B7E97E1437B03ABF.e.2503"}]}
COMMAND: POST /session/2ede4c5ecc824f8ada8cef8d592e3e00/element - {"using":"css selector","value":"#shell-header-logo"}
COMMAND: GET /session/2ede4c5ecc824f8ada8cef8d592e3e00/screenshot - {}
RESULT: {"using":"css selector","value":"#shell-header-logo"}
COMMAND: POST /session/2ede4c5ecc824f8ada8cef8d592e3e00/element/f.DC8B541A7C98CD2E2FC15C3F0919C967.d.828BAF004F790D91B7E97E1437B03ABF.e.1801/click - {}
RESULT: {}
RESULT: {}
COMMAND: GET /session/2ede4c5ecc824f8ada8cef8d592e3e00/screenshot - {}
RESULT: {}
COMMAND: POST /session/2ede4c5ecc824f8ada8cef8d592e3e00/execute/sync - {"script":"<script> [299 bytes]","args":[["getModel","getResource"]]}
RESULT: {"script":"<script> [299 bytes]","args":[["getModel","getResource"]]}
COMMAND: POST /session/2ede4c5ecc824f8ada8cef8d592e3e00/element - {"using":"xpath","value":"//button[.//bdi[contains(text(), \"Close\")]]"}
COMMAND: GET /session/2ede4c5ecc824f8ada8cef8d592e3e00/screenshot - {}
RESULT: {"using":"xpath","value":"//button[.//bdi[contains(text(), \"Close\")]]"}
COMMAND: POST /session/2ede4c5ecc824f8ada8cef8d592e3e00/element/f.DC8B541A7C98CD2E2FC15C3F0919C967.d.828BAF004F790D91B7E97E1437B03ABF.e.2506/click - {}
RESULT: {}
RESULT: {}
COMMAND: GET /session/2ede4c5ecc824f8ada8cef8d592e3e00/screenshot - {}
RESULT: {}
COMMAND: POST /session/2ede4c5ecc824f8ada8cef8d592e3e00/refresh - {}
RESULT: {}
COMMAND: GET /session/2ede4c5ecc824f8ada8cef8d592e3e00/screenshot - {}
RESULT: {}
COMMAND: POST /session/2ede4c5ecc824f8ada8cef8d592e3e00/refresh - {}
RESULT: {}
COMMAND: GET /session/2ede4c5ecc824f8ada8cef8d592e3e00/screenshot - {}
RESULT: {}
COMMAND: POST /session/2ede4c5ecc824f8ada8cef8d592e3e00/window/fullscreen - {}
RESULT: {}
COMMAND: POST /session/2ede4c5ecc824f8ada8cef8d592e3e00/execute/async - {"script":"<script> [189 bytes]","args":[]}
RESULT: {"script":"<script> [189 bytes]","args":[]}
COMMAND: POST /session/2ede4c5ecc824f8ada8cef8d592e3e00/execute/async - {"script":"<script> [123 bytes]","args":[]}
RESULT: {"script":"<script> [123 bytes]","args":[]}
COMMAND: POST /session/2ede4c5ecc824f8ada8cef8d592e3e00/timeouts - {"script":"<number>"}
RESULT: {"script":"<number>"}
COMMAND: GET /session/2ede4c5ecc824f8ada8cef8d592e3e00/timeouts - {}
RESULT: {}
RESULT: undefined
COMMAND: POST /session/2ede4c5ecc824f8ada8cef8d592e3e00/execute/async - {"script":"<script> [2676 bytes]","args":[]}
RESULT: {"script":"<script> [2676 bytes]","args":[]}
COMMAND: POST /session/2ede4c5ecc824f8ada8cef8d592e3e00/execute/async - {"script":"<script> [2342 bytes]","args":[{"protocol":"http","hostname":"0.0.0.0","path":"/","capabilities":{"browserName":"chrome","goog:chromeOptions":{"binary":"C:\\Program Files\\Google\\Chrome\\Application\\chrome.exe","args":["--start-maximized"]}},"logLevel":"warn","connectionRetryTimeout":120000,"connectionRetryCount":3,"logLevels":{},"enableDirectConnect":true,"strictSSL":true,"_":"65 more keys: [\"cacheDir\",\"port\",\"requestedCapabilities\",\"automationProtocol\",\"baseUrl\",\"waitforInterval\",\"waitforTimeout\",\"onReload\",\"beforeCommand\",\"afterCommand\",\"rootDir\",\"specs\",\"suites\",\"exclude\",\"groupLogsByTestSpec\",\"excludeDriverLogs\",\"bail\",\"framework\",\"reporters\",\"services\",\"maxInstances\",\"maxInstancesPerCapability\",\"injectGlobals\",\"filesToWatch\",\"execArgv\",\"runnerEnv\",\"runner\",\"shard\",\"specFileRetries\",\"specFileRetriesDelay\",\"specFileRetriesDeferred\",\"reporterSyncInterval\",\"reporterSyncTimeout\",\"cucumberFeaturesWithLineNumbers\",\"autoCompileOpts\",\"mochaOpts\",\"jasmineOpts\",\"cucumberOpts\",\"onPrepare\",\"onWorkerStart\",\"onWorkerEnd\",\"before\",\"beforeSession\",\"beforeSuite\",\"beforeHook\",\"beforeTest\",\"afterTest\",\"afterHook\",\"afterSuite\",\"afterSession\",\"after\",\"onComplete\",\"beforeAssertion\",\"afterAssertion\",\"beforeFeature\",\"beforeScenario\",\"beforeStep\",\"afterStep\",\"afterScenario\",\"afterFeature\",\"_\",\"suite\",\"$0\",\"ignoredWorkerServices\",\"wdi5\"]"}]}
RESULT: {"script":"<script> [2342 bytes]","args":[{"protocol":"http","hostname":"0.0.0.0","path":"/","capabilities":{"browserName":"chrome","goog:chromeOptions":{"binary":"C:\\Program Files\\Google\\Chrome\\Application\\chrome.exe","args":["--start-maximized"]}},"logLevel":"warn","connectionRetryTimeout":120000,"connectionRetryCount":3,"logLevels":{},"enableDirectConnect":true,"strictSSL":true,"_":"65 more keys: [\"cacheDir\",\"port\",\"requestedCapabilities\",\"automationProtocol\",\"baseUrl\",\"waitforInterval\",\"waitforTimeout\",\"onReload\",\"beforeCommand\",\"afterCommand\",\"rootDir\",\"specs\",\"suites\",\"exclude\",\"groupLogsByTestSpec\",\"excludeDriverLogs\",\"bail\",\"framework\",\"reporters\",\"services\",\"maxInstances\",\"maxInstancesPerCapability\",\"injectGlobals\",\"filesToWatch\",\"execArgv\",\"runnerEnv\",\"runner\",\"shard\",\"specFileRetries\",\"specFileRetriesDelay\",\"specFileRetriesDeferred\",\"reporterSyncInterval\",\"reporterSyncTimeout\",\"cucumberFeaturesWithLineNumbers\",\"autoCompileOpts\",\"mochaOpts\",\"jasmineOpts\",\"cucumberOpts\",\"onPrepare\",\"onWorkerStart\",\"onWorkerEnd\",\"before\",\"beforeSession\",\"beforeSuite\",\"beforeHook\",\"beforeTest\",\"afterTest\",\"afterHook\",\"afterSuite\",\"afterSession\",\"after\",\"onComplete\",\"beforeAssertion\",\"afterAssertion\",\"beforeFeature\",\"beforeScenario\",\"beforeStep\",\"afterStep\",\"afterScenario\",\"afterFeature\",\"_\",\"suite\",\"$0\",\"ignoredWorkerServices\",\"wdi5\"]"}]}
COMMAND: POST /session/2ede4c5ecc824f8ada8cef8d592e3e00/execute/async - {"script":"<script> [21126 bytes]","args":[35000]}
RESULT: {"script":"<script> [21126 bytes]","args":[35000]}
COMMAND: POST /session/2ede4c5ecc824f8ada8cef8d592e3e00/window/fullscreen - {}
RESULT: {}
]]></system-out>
    </testcase>
    <testcase classname="chrome.135_0_7049_96.windows.Prerequisites_&amp;_test_for_yard_mass_return_on_Yard_Overview_US131057" name="Prereq Should create a new material" time="128.817">
      <system-out><![CDATA[
COMMAND: POST /session/2ede4c5ecc824f8ada8cef8d592e3e00/execute/async - {"script":"<script> [1562 bytes]","args":[{"selector":{"controlType":"sap.m.GenericTile","properties":{"header":"Manage Resources"}},"wdio_ui5_key":"sapm.GenericTile{\"header\":\"Manage Resources\"}"}]}
RESULT: {"script":"<script> [1562 bytes]","args":[{"selector":{"controlType":"sap.m.GenericTile","properties":{"header":"Manage Resources"}},"wdio_ui5_key":"sapm.GenericTile{\"header\":\"Manage Resources\"}"}]}
RESULT: undefined
COMMAND: POST /session/2ede4c5ecc824f8ada8cef8d592e3e00/element - {"using":"xpath","value":"//*[@id=\"__tile31\"]"}
RESULT: {"using":"xpath","value":"//*[@id=\"__tile31\"]"}
COMMAND: POST /session/2ede4c5ecc824f8ada8cef8d592e3e00/element/f.DC8B541A7C98CD2E2FC15C3F0919C967.d.00F18E7AF813C50FB9F3A5120028F29D.e.2577/click - {}
RESULT: {}
COMMAND: POST /session/2ede4c5ecc824f8ada8cef8d592e3e00/element - {"using":"xpath","value":"//button[@data-kt=\"addNewRUOverflowToolbarButton\"]"}
COMMAND: GET /session/2ede4c5ecc824f8ada8cef8d592e3e00/screenshot - {}
RESULT: {"using":"xpath","value":"//button[@data-kt=\"addNewRUOverflowToolbarButton\"]"}
COMMAND: POST /session/2ede4c5ecc824f8ada8cef8d592e3e00/elements - {"using":"xpath","value":"//button[@data-kt=\"addNewRUOverflowToolbarButton\"]"}
RESULT: {}
RESULT: {"using":"xpath","value":"//button[@data-kt=\"addNewRUOverflowToolbarButton\"]"}
COMMAND: POST /session/2ede4c5ecc824f8ada8cef8d592e3e00/elements - {"using":"xpath","value":"//button[@data-kt=\"addNewRUOverflowToolbarButton\"]"}
RESULT: {"using":"xpath","value":"//button[@data-kt=\"addNewRUOverflowToolbarButton\"]"}
COMMAND: POST /session/2ede4c5ecc824f8ada8cef8d592e3e00/elements - {"using":"xpath","value":"//button[@data-kt=\"addNewRUOverflowToolbarButton\"]"}
RESULT: {"using":"xpath","value":"//button[@data-kt=\"addNewRUOverflowToolbarButton\"]"}
COMMAND: POST /session/2ede4c5ecc824f8ada8cef8d592e3e00/elements - {"using":"xpath","value":"//button[@data-kt=\"addNewRUOverflowToolbarButton\"]"}
RESULT: {"using":"xpath","value":"//button[@data-kt=\"addNewRUOverflowToolbarButton\"]"}
COMMAND: POST /session/2ede4c5ecc824f8ada8cef8d592e3e00/elements - {"using":"xpath","value":"//button[@data-kt=\"addNewRUOverflowToolbarButton\"]"}
RESULT: {"using":"xpath","value":"//button[@data-kt=\"addNewRUOverflowToolbarButton\"]"}
COMMAND: POST /session/2ede4c5ecc824f8ada8cef8d592e3e00/elements - {"using":"xpath","value":"//button[@data-kt=\"addNewRUOverflowToolbarButton\"]"}
RESULT: {"using":"xpath","value":"//button[@data-kt=\"addNewRUOverflowToolbarButton\"]"}
COMMAND: POST /session/2ede4c5ecc824f8ada8cef8d592e3e00/elements - {"using":"xpath","value":"//button[@data-kt=\"addNewRUOverflowToolbarButton\"]"}
RESULT: {"using":"xpath","value":"//button[@data-kt=\"addNewRUOverflowToolbarButton\"]"}
COMMAND: POST /session/2ede4c5ecc824f8ada8cef8d592e3e00/elements - {"using":"xpath","value":"//button[@data-kt=\"addNewRUOverflowToolbarButton\"]"}
RESULT: {"using":"xpath","value":"//button[@data-kt=\"addNewRUOverflowToolbarButton\"]"}
COMMAND: POST /session/2ede4c5ecc824f8ada8cef8d592e3e00/elements - {"using":"xpath","value":"//button[@data-kt=\"addNewRUOverflowToolbarButton\"]"}
RESULT: {"using":"xpath","value":"//button[@data-kt=\"addNewRUOverflowToolbarButton\"]"}
COMMAND: POST /session/2ede4c5ecc824f8ada8cef8d592e3e00/elements - {"using":"xpath","value":"//button[@data-kt=\"addNewRUOverflowToolbarButton\"]"}
RESULT: {"using":"xpath","value":"//button[@data-kt=\"addNewRUOverflowToolbarButton\"]"}
COMMAND: POST /session/2ede4c5ecc824f8ada8cef8d592e3e00/elements - {"using":"xpath","value":"//button[@data-kt=\"addNewRUOverflowToolbarButton\"]"}
RESULT: {"using":"xpath","value":"//button[@data-kt=\"addNewRUOverflowToolbarButton\"]"}
COMMAND: POST /session/2ede4c5ecc824f8ada8cef8d592e3e00/elements - {"using":"xpath","value":"//button[@data-kt=\"addNewRUOverflowToolbarButton\"]"}
RESULT: {"using":"xpath","value":"//button[@data-kt=\"addNewRUOverflowToolbarButton\"]"}
COMMAND: POST /session/2ede4c5ecc824f8ada8cef8d592e3e00/elements - {"using":"xpath","value":"//button[@data-kt=\"addNewRUOverflowToolbarButton\"]"}
RESULT: {"using":"xpath","value":"//button[@data-kt=\"addNewRUOverflowToolbarButton\"]"}
COMMAND: POST /session/2ede4c5ecc824f8ada8cef8d592e3e00/elements - {"using":"xpath","value":"//button[@data-kt=\"addNewRUOverflowToolbarButton\"]"}
RESULT: {"using":"xpath","value":"//button[@data-kt=\"addNewRUOverflowToolbarButton\"]"}
COMMAND: POST /session/2ede4c5ecc824f8ada8cef8d592e3e00/elements - {"using":"xpath","value":"//button[@data-kt=\"addNewRUOverflowToolbarButton\"]"}
RESULT: {"using":"xpath","value":"//button[@data-kt=\"addNewRUOverflowToolbarButton\"]"}
COMMAND: POST /session/2ede4c5ecc824f8ada8cef8d592e3e00/elements - {"using":"xpath","value":"//button[@data-kt=\"addNewRUOverflowToolbarButton\"]"}
RESULT: {"using":"xpath","value":"//button[@data-kt=\"addNewRUOverflowToolbarButton\"]"}
COMMAND: POST /session/2ede4c5ecc824f8ada8cef8d592e3e00/elements - {"using":"xpath","value":"//button[@data-kt=\"addNewRUOverflowToolbarButton\"]"}
RESULT: {"using":"xpath","value":"//button[@data-kt=\"addNewRUOverflowToolbarButton\"]"}
COMMAND: POST /session/2ede4c5ecc824f8ada8cef8d592e3e00/elements - {"using":"xpath","value":"//button[@data-kt=\"addNewRUOverflowToolbarButton\"]"}
RESULT: {"using":"xpath","value":"//button[@data-kt=\"addNewRUOverflowToolbarButton\"]"}
COMMAND: POST /session/2ede4c5ecc824f8ada8cef8d592e3e00/elements - {"using":"xpath","value":"//button[@data-kt=\"addNewRUOverflowToolbarButton\"]"}
RESULT: {"using":"xpath","value":"//button[@data-kt=\"addNewRUOverflowToolbarButton\"]"}
COMMAND: POST /session/2ede4c5ecc824f8ada8cef8d592e3e00/elements - {"using":"xpath","value":"//button[@data-kt=\"addNewRUOverflowToolbarButton\"]"}
RESULT: {"using":"xpath","value":"//button[@data-kt=\"addNewRUOverflowToolbarButton\"]"}
COMMAND: POST /session/2ede4c5ecc824f8ada8cef8d592e3e00/elements - {"using":"xpath","value":"//button[@data-kt=\"addNewRUOverflowToolbarButton\"]"}
RESULT: {"using":"xpath","value":"//button[@data-kt=\"addNewRUOverflowToolbarButton\"]"}
COMMAND: POST /session/2ede4c5ecc824f8ada8cef8d592e3e00/elements - {"using":"xpath","value":"//button[@data-kt=\"addNewRUOverflowToolbarButton\"]"}
RESULT: {"using":"xpath","value":"//button[@data-kt=\"addNewRUOverflowToolbarButton\"]"}
COMMAND: POST /session/2ede4c5ecc824f8ada8cef8d592e3e00/elements - {"using":"xpath","value":"//button[@data-kt=\"addNewRUOverflowToolbarButton\"]"}
RESULT: {"using":"xpath","value":"//button[@data-kt=\"addNewRUOverflowToolbarButton\"]"}
COMMAND: POST /session/2ede4c5ecc824f8ada8cef8d592e3e00/elements - {"using":"xpath","value":"//button[@data-kt=\"addNewRUOverflowToolbarButton\"]"}
RESULT: {"using":"xpath","value":"//button[@data-kt=\"addNewRUOverflowToolbarButton\"]"}
COMMAND: POST /session/2ede4c5ecc824f8ada8cef8d592e3e00/elements - {"using":"xpath","value":"//button[@data-kt=\"addNewRUOverflowToolbarButton\"]"}
RESULT: {"using":"xpath","value":"//button[@data-kt=\"addNewRUOverflowToolbarButton\"]"}
COMMAND: POST /session/2ede4c5ecc824f8ada8cef8d592e3e00/elements - {"using":"xpath","value":"//button[@data-kt=\"addNewRUOverflowToolbarButton\"]"}
RESULT: {"using":"xpath","value":"//button[@data-kt=\"addNewRUOverflowToolbarButton\"]"}
COMMAND: POST /session/2ede4c5ecc824f8ada8cef8d592e3e00/elements - {"using":"xpath","value":"//button[@data-kt=\"addNewRUOverflowToolbarButton\"]"}
RESULT: {"using":"xpath","value":"//button[@data-kt=\"addNewRUOverflowToolbarButton\"]"}
COMMAND: POST /session/2ede4c5ecc824f8ada8cef8d592e3e00/elements - {"using":"xpath","value":"//button[@data-kt=\"addNewRUOverflowToolbarButton\"]"}
RESULT: {"using":"xpath","value":"//button[@data-kt=\"addNewRUOverflowToolbarButton\"]"}
COMMAND: POST /session/2ede4c5ecc824f8ada8cef8d592e3e00/elements - {"using":"xpath","value":"//button[@data-kt=\"addNewRUOverflowToolbarButton\"]"}
RESULT: {"using":"xpath","value":"//button[@data-kt=\"addNewRUOverflowToolbarButton\"]"}
COMMAND: POST /session/2ede4c5ecc824f8ada8cef8d592e3e00/elements - {"using":"xpath","value":"//button[@data-kt=\"addNewRUOverflowToolbarButton\"]"}
RESULT: {"using":"xpath","value":"//button[@data-kt=\"addNewRUOverflowToolbarButton\"]"}
COMMAND: POST /session/2ede4c5ecc824f8ada8cef8d592e3e00/elements - {"using":"xpath","value":"//button[@data-kt=\"addNewRUOverflowToolbarButton\"]"}
RESULT: {"using":"xpath","value":"//button[@data-kt=\"addNewRUOverflowToolbarButton\"]"}
COMMAND: POST /session/2ede4c5ecc824f8ada8cef8d592e3e00/elements - {"using":"xpath","value":"//button[@data-kt=\"addNewRUOverflowToolbarButton\"]"}
RESULT: {"using":"xpath","value":"//button[@data-kt=\"addNewRUOverflowToolbarButton\"]"}
COMMAND: POST /session/2ede4c5ecc824f8ada8cef8d592e3e00/elements - {"using":"xpath","value":"//button[@data-kt=\"addNewRUOverflowToolbarButton\"]"}
RESULT: {"using":"xpath","value":"//button[@data-kt=\"addNewRUOverflowToolbarButton\"]"}
COMMAND: POST /session/2ede4c5ecc824f8ada8cef8d592e3e00/elements - {"using":"xpath","value":"//button[@data-kt=\"addNewRUOverflowToolbarButton\"]"}
RESULT: {"using":"xpath","value":"//button[@data-kt=\"addNewRUOverflowToolbarButton\"]"}
COMMAND: POST /session/2ede4c5ecc824f8ada8cef8d592e3e00/elements - {"using":"xpath","value":"//button[@data-kt=\"addNewRUOverflowToolbarButton\"]"}
RESULT: {"using":"xpath","value":"//button[@data-kt=\"addNewRUOverflowToolbarButton\"]"}
COMMAND: POST /session/2ede4c5ecc824f8ada8cef8d592e3e00/elements - {"using":"xpath","value":"//button[@data-kt=\"addNewRUOverflowToolbarButton\"]"}
RESULT: {"using":"xpath","value":"//button[@data-kt=\"addNewRUOverflowToolbarButton\"]"}
COMMAND: POST /session/2ede4c5ecc824f8ada8cef8d592e3e00/elements - {"using":"xpath","value":"//button[@data-kt=\"addNewRUOverflowToolbarButton\"]"}
RESULT: {"using":"xpath","value":"//button[@data-kt=\"addNewRUOverflowToolbarButton\"]"}
COMMAND: POST /session/2ede4c5ecc824f8ada8cef8d592e3e00/elements - {"using":"xpath","value":"//button[@data-kt=\"addNewRUOverflowToolbarButton\"]"}
RESULT: {"using":"xpath","value":"//button[@data-kt=\"addNewRUOverflowToolbarButton\"]"}
COMMAND: POST /session/2ede4c5ecc824f8ada8cef8d592e3e00/elements - {"using":"xpath","value":"//button[@data-kt=\"addNewRUOverflowToolbarButton\"]"}
RESULT: {"using":"xpath","value":"//button[@data-kt=\"addNewRUOverflowToolbarButton\"]"}
COMMAND: POST /session/2ede4c5ecc824f8ada8cef8d592e3e00/elements - {"using":"xpath","value":"//button[@data-kt=\"addNewRUOverflowToolbarButton\"]"}
RESULT: {"using":"xpath","value":"//button[@data-kt=\"addNewRUOverflowToolbarButton\"]"}
COMMAND: POST /session/2ede4c5ecc824f8ada8cef8d592e3e00/elements - {"using":"xpath","value":"//button[@data-kt=\"addNewRUOverflowToolbarButton\"]"}
RESULT: {"using":"xpath","value":"//button[@data-kt=\"addNewRUOverflowToolbarButton\"]"}
COMMAND: POST /session/2ede4c5ecc824f8ada8cef8d592e3e00/elements - {"using":"xpath","value":"//button[@data-kt=\"addNewRUOverflowToolbarButton\"]"}
RESULT: {"using":"xpath","value":"//button[@data-kt=\"addNewRUOverflowToolbarButton\"]"}
COMMAND: POST /session/2ede4c5ecc824f8ada8cef8d592e3e00/elements - {"using":"xpath","value":"//button[@data-kt=\"addNewRUOverflowToolbarButton\"]"}
RESULT: {"using":"xpath","value":"//button[@data-kt=\"addNewRUOverflowToolbarButton\"]"}
COMMAND: POST /session/2ede4c5ecc824f8ada8cef8d592e3e00/elements - {"using":"xpath","value":"//button[@data-kt=\"addNewRUOverflowToolbarButton\"]"}
RESULT: {"using":"xpath","value":"//button[@data-kt=\"addNewRUOverflowToolbarButton\"]"}
COMMAND: POST /session/2ede4c5ecc824f8ada8cef8d592e3e00/elements - {"using":"xpath","value":"//button[@data-kt=\"addNewRUOverflowToolbarButton\"]"}
RESULT: {"using":"xpath","value":"//button[@data-kt=\"addNewRUOverflowToolbarButton\"]"}
COMMAND: POST /session/2ede4c5ecc824f8ada8cef8d592e3e00/element - {"using":"xpath","value":"//button[@data-kt=\"addNewRUOverflowToolbarButton\"]"}
RESULT: {"using":"xpath","value":"//button[@data-kt=\"addNewRUOverflowToolbarButton\"]"}
COMMAND: POST /session/2ede4c5ecc824f8ada8cef8d592e3e00/execute/sync - {"script":"<script> [8489 bytes]","args":[{"element-6066-11e4-a52e-4f735466cecf":"f.DC8B541A7C98CD2E2FC15C3F0919C967.d.00F18E7AF813C50FB9F3A5120028F29D.e.2685","ELEMENT":"f.DC8B541A7C98CD2E2FC15C3F0919C967.d.00F18E7AF813C50FB9F3A5120028F29D.e.2685"}]}
RESULT: {"script":"<script> [8489 bytes]","args":[{"element-6066-11e4-a52e-4f735466cecf":"f.DC8B541A7C98CD2E2FC15C3F0919C967.d.00F18E7AF813C50FB9F3A5120028F29D.e.2685","ELEMENT":"f.DC8B541A7C98CD2E2FC15C3F0919C967.d.00F18E7AF813C50FB9F3A5120028F29D.e.2685"}]}
COMMAND: GET /session/2ede4c5ecc824f8ada8cef8d592e3e00/element/f.DC8B541A7C98CD2E2FC15C3F0919C967.d.00F18E7AF813C50FB9F3A5120028F29D.e.2685/enabled - {}
COMMAND: GET /session/2ede4c5ecc824f8ada8cef8d592e3e00/screenshot - {}
RESULT: {}
COMMAND: POST /session/2ede4c5ecc824f8ada8cef8d592e3e00/execute/sync - {"script":"<script> [8489 bytes]","args":[{"element-6066-11e4-a52e-4f735466cecf":"f.DC8B541A7C98CD2E2FC15C3F0919C967.d.00F18E7AF813C50FB9F3A5120028F29D.e.2685","ELEMENT":"f.DC8B541A7C98CD2E2FC15C3F0919C967.d.00F18E7AF813C50FB9F3A5120028F29D.e.2685"}]}
COMMAND: GET /session/2ede4c5ecc824f8ada8cef8d592e3e00/screenshot - {}
RESULT: {}
RESULT: {"script":"<script> [8489 bytes]","args":[{"element-6066-11e4-a52e-4f735466cecf":"f.DC8B541A7C98CD2E2FC15C3F0919C967.d.00F18E7AF813C50FB9F3A5120028F29D.e.2685","ELEMENT":"f.DC8B541A7C98CD2E2FC15C3F0919C967.d.00F18E7AF813C50FB9F3A5120028F29D.e.2685"}]}
COMMAND: POST /session/2ede4c5ecc824f8ada8cef8d592e3e00/execute/sync - {"script":"<script> [5351 bytes]","args":[{"element-6066-11e4-a52e-4f735466cecf":"f.DC8B541A7C98CD2E2FC15C3F0919C967.d.00F18E7AF813C50FB9F3A5120028F29D.e.2685","ELEMENT":"f.DC8B541A7C98CD2E2FC15C3F0919C967.d.00F18E7AF813C50FB9F3A5120028F29D.e.2685"}]}
COMMAND: GET /session/2ede4c5ecc824f8ada8cef8d592e3e00/screenshot - {}
RESULT: {}
RESULT: {"script":"<script> [5351 bytes]","args":[{"element-6066-11e4-a52e-4f735466cecf":"f.DC8B541A7C98CD2E2FC15C3F0919C967.d.00F18E7AF813C50FB9F3A5120028F29D.e.2685","ELEMENT":"f.DC8B541A7C98CD2E2FC15C3F0919C967.d.00F18E7AF813C50FB9F3A5120028F29D.e.2685"}]}
COMMAND: POST /session/2ede4c5ecc824f8ada8cef8d592e3e00/element/f.DC8B541A7C98CD2E2FC15C3F0919C967.d.00F18E7AF813C50FB9F3A5120028F29D.e.2685/click - {}
COMMAND: GET /session/2ede4c5ecc824f8ada8cef8d592e3e00/screenshot - {}
RESULT: {}
RESULT: {}
COMMAND: GET /session/2ede4c5ecc824f8ada8cef8d592e3e00/screenshot - {}
RESULT: {}
RESULT: {}
COMMAND: POST /session/2ede4c5ecc824f8ada8cef8d592e3e00/execute/async - {"script":"<script> [1562 bytes]","args":[{"selector":{"id":"application-manageresources-display-component---newResourceUnit--TYPE-arrow"},"wdio_ui5_key":"applicationmanageresources-display-component---newResourceUnit--TYPE-arrow"}]}
RESULT: {"script":"<script> [1562 bytes]","args":[{"selector":{"id":"application-manageresources-display-component---newResourceUnit--TYPE-arrow"},"wdio_ui5_key":"applicationmanageresources-display-component---newResourceUnit--TYPE-arrow"}]}
RESULT: undefined
COMMAND: POST /session/2ede4c5ecc824f8ada8cef8d592e3e00/element - {"using":"xpath","value":"//*[@id=\"application-manageresources-display-component---newResourceUnit--TYPE-arrow\"]"}
RESULT: {"using":"xpath","value":"//*[@id=\"application-manageresources-display-component---newResourceUnit--TYPE-arrow\"]"}
COMMAND: POST /session/2ede4c5ecc824f8ada8cef8d592e3e00/element/f.DC8B541A7C98CD2E2FC15C3F0919C967.d.00F18E7AF813C50FB9F3A5120028F29D.e.3046/click - {}
RESULT: {}
COMMAND: POST /session/2ede4c5ecc824f8ada8cef8d592e3e00/element - {"using":"xpath","value":"//input[@id=\"application-manageresources-display-component---newResourceUnit--TYPE-inner\"]"}
COMMAND: GET /session/2ede4c5ecc824f8ada8cef8d592e3e00/screenshot - {}
RESULT: {"using":"xpath","value":"//input[@id=\"application-manageresources-display-component---newResourceUnit--TYPE-inner\"]"}
COMMAND: POST /session/2ede4c5ecc824f8ada8cef8d592e3e00/element/f.DC8B541A7C98CD2E2FC15C3F0919C967.d.00F18E7AF813C50FB9F3A5120028F29D.e.3042/clear - {}
RESULT: {}
RESULT: {}
COMMAND: POST /session/2ede4c5ecc824f8ada8cef8d592e3e00/element/f.DC8B541A7C98CD2E2FC15C3F0919C967.d.00F18E7AF813C50FB9F3A5120028F29D.e.3042/value - {"text":"Material"}
COMMAND: GET /session/2ede4c5ecc824f8ada8cef8d592e3e00/screenshot - {}
RESULT: {"text":"Material"}
COMMAND: GET /session/2ede4c5ecc824f8ada8cef8d592e3e00/screenshot - {}
RESULT: {}
RESULT: {}
COMMAND: POST /session/2ede4c5ecc824f8ada8cef8d592e3e00/actions - {"actions":[{"id":"action8","type":"key","parameters":{},"actions":[{"type":"keyDown","value":"î€‡"},{"type":"pause","duration":10},{"type":"keyUp","value":"î€‡"}]}]}
RESULT: {"actions":[{"id":"action8","type":"key","parameters":{},"actions":[{"type":"keyDown","value":"î€‡"},{"type":"pause","duration":10},{"type":"keyUp","value":"î€‡"}]}]}
COMMAND: POST /session/2ede4c5ecc824f8ada8cef8d592e3e00/execute/async - {"script":"<script> [1562 bytes]","args":[{"selector":{"id":"application-manageresources-display-component---newResourceUnit--SHORT_TEXT","interaction":{"idSuffix":"inner"}},"wdio_ui5_key":"applicationmanageresources-display-component---newResourceUnit--SHORT_TEXT"}]}
COMMAND: GET /session/2ede4c5ecc824f8ada8cef8d592e3e00/screenshot - {}
RESULT: {"script":"<script> [1562 bytes]","args":[{"selector":{"id":"application-manageresources-display-component---newResourceUnit--SHORT_TEXT","interaction":{"idSuffix":"inner"}},"wdio_ui5_key":"applicationmanageresources-display-component---newResourceUnit--SHORT_TEXT"}]}
RESULT: undefined
COMMAND: POST /session/2ede4c5ecc824f8ada8cef8d592e3e00/execute/async - {"script":"<script> [776 bytes]","args":[{"enterText":"Cement WDIO","selector":{"id":"application-manageresources-display-component---newResourceUnit--SHORT_TEXT","interaction":{"idSuffix":"inner"}},"clearTextFirst":true,"interactionType":"ENTER_TEXT"}]}
RESULT: {}
RESULT: {"script":"<script> [776 bytes]","args":[{"enterText":"Cement WDIO","selector":{"id":"application-manageresources-display-component---newResourceUnit--SHORT_TEXT","interaction":{"idSuffix":"inner"}},"clearTextFirst":true,"interactionType":"ENTER_TEXT"}]}
COMMAND: POST /session/2ede4c5ecc824f8ada8cef8d592e3e00/execute/async - {"script":"<script> [1562 bytes]","args":[{"selector":{"id":"application-manageresources-display-component---newResourceUnit--BASE_UNIT_OF_MEASURE","interaction":{"idSuffix":"inner"}},"wdio_ui5_key":"applicationmanageresources-display-component---newResourceUnit--BASE_UNIT_OF_MEASURE"}]}
RESULT: {"script":"<script> [1562 bytes]","args":[{"selector":{"id":"application-manageresources-display-component---newResourceUnit--BASE_UNIT_OF_MEASURE","interaction":{"idSuffix":"inner"}},"wdio_ui5_key":"applicationmanageresources-display-component---newResourceUnit--BASE_UNIT_OF_MEASURE"}]}
RESULT: undefined
COMMAND: POST /session/2ede4c5ecc824f8ada8cef8d592e3e00/execute/async - {"script":"<script> [776 bytes]","args":[{"enterText":"Piece","selector":{"id":"application-manageresources-display-component---newResourceUnit--BASE_UNIT_OF_MEASURE","interaction":{"idSuffix":"inner"}},"clearTextFirst":true,"interactionType":"ENTER_TEXT"}]}
RESULT: {"script":"<script> [776 bytes]","args":[{"enterText":"Piece","selector":{"id":"application-manageresources-display-component---newResourceUnit--BASE_UNIT_OF_MEASURE","interaction":{"idSuffix":"inner"}},"clearTextFirst":true,"interactionType":"ENTER_TEXT"}]}
COMMAND: POST /session/2ede4c5ecc824f8ada8cef8d592e3e00/execute/async - {"script":"<script> [1562 bytes]","args":[{"selector":{"id":"application-manageresources-display-component---newResourceUnit--WEIGHT_UNIT","interaction":{"idSuffix":"inner"}},"wdio_ui5_key":"applicationmanageresources-display-component---newResourceUnit--WEIGHT_UNIT"}]}
RESULT: {"script":"<script> [1562 bytes]","args":[{"selector":{"id":"application-manageresources-display-component---newResourceUnit--WEIGHT_UNIT","interaction":{"idSuffix":"inner"}},"wdio_ui5_key":"applicationmanageresources-display-component---newResourceUnit--WEIGHT_UNIT"}]}
RESULT: undefined
COMMAND: POST /session/2ede4c5ecc824f8ada8cef8d592e3e00/execute/async - {"script":"<script> [776 bytes]","args":[{"enterText":"Gram","selector":{"id":"application-manageresources-display-component---newResourceUnit--WEIGHT_UNIT","interaction":{"idSuffix":"inner"}},"clearTextFirst":true,"interactionType":"ENTER_TEXT"}]}
RESULT: {"script":"<script> [776 bytes]","args":[{"enterText":"Gram","selector":{"id":"application-manageresources-display-component---newResourceUnit--WEIGHT_UNIT","interaction":{"idSuffix":"inner"}},"clearTextFirst":true,"interactionType":"ENTER_TEXT"}]}
COMMAND: POST /session/2ede4c5ecc824f8ada8cef8d592e3e00/execute/async - {"script":"<script> [1562 bytes]","args":[{"selector":{"id":"application-manageresources-display-component---newResourceUnit--DIMENSION_UNIT","interaction":{"idSuffix":"inner"}},"wdio_ui5_key":"applicationmanageresources-display-component---newResourceUnit--DIMENSION_UNIT"}]}
RESULT: {"script":"<script> [1562 bytes]","args":[{"selector":{"id":"application-manageresources-display-component---newResourceUnit--DIMENSION_UNIT","interaction":{"idSuffix":"inner"}},"wdio_ui5_key":"applicationmanageresources-display-component---newResourceUnit--DIMENSION_UNIT"}]}
RESULT: undefined
COMMAND: POST /session/2ede4c5ecc824f8ada8cef8d592e3e00/execute/async - {"script":"<script> [776 bytes]","args":[{"enterText":"Meter","selector":{"id":"application-manageresources-display-component---newResourceUnit--DIMENSION_UNIT","interaction":{"idSuffix":"inner"}},"clearTextFirst":true,"interactionType":"ENTER_TEXT"}]}
RESULT: {"script":"<script> [776 bytes]","args":[{"enterText":"Meter","selector":{"id":"application-manageresources-display-component---newResourceUnit--DIMENSION_UNIT","interaction":{"idSuffix":"inner"}},"clearTextFirst":true,"interactionType":"ENTER_TEXT"}]}
COMMAND: POST /session/2ede4c5ecc824f8ada8cef8d592e3e00/execute/async - {"script":"<script> [1562 bytes]","args":[{"selector":{"id":"application-manageresources-display-component---newResourceUnit--newRRUPage-anchBar-application-manageresources-display-component---newResourceUnit--control-anchor","interaction":{"idSuffix":"BDI-content"}},"wdio_ui5_key":"applicationmanageresources-display-component---newResourceUnit--newRRUPage-anchBar-application-manageresources-display-component---newResourceUnit--control-anchor"}]}
RESULT: {"script":"<script> [1562 bytes]","args":[{"selector":{"id":"application-manageresources-display-component---newResourceUnit--newRRUPage-anchBar-application-manageresources-display-component---newResourceUnit--control-anchor","interaction":{"idSuffix":"BDI-content"}},"wdio_ui5_key":"applicationmanageresources-display-component---newResourceUnit--newRRUPage-anchBar-application-manageresources-display-component---newResourceUnit--control-anchor"}]}
RESULT: undefined
COMMAND: POST /session/2ede4c5ecc824f8ada8cef8d592e3e00/element - {"using":"xpath","value":"//*[@id=\"application-manageresources-display-component---newResourceUnit--newRRUPage-anchBar-application-manageresources-display-component---newResourceUnit--control-anchor\"]"}
RESULT: {"using":"xpath","value":"//*[@id=\"application-manageresources-display-component---newResourceUnit--newRRUPage-anchBar-application-manageresources-display-component---newResourceUnit--control-anchor\"]"}
COMMAND: POST /session/2ede4c5ecc824f8ada8cef8d592e3e00/element/f.DC8B541A7C98CD2E2FC15C3F0919C967.d.00F18E7AF813C50FB9F3A5120028F29D.e.3114/click - {}
RESULT: {}
COMMAND: POST /session/2ede4c5ecc824f8ada8cef8d592e3e00/execute/async - {"script":"<script> [1562 bytes]","args":[{"selector":{"id":"application-manageresources-display-component---newResourceUnit--PLANNING_GROUP","interaction":{"idSuffix":"inner"}},"wdio_ui5_key":"applicationmanageresources-display-component---newResourceUnit--PLANNING_GROUP"}]}
COMMAND: GET /session/2ede4c5ecc824f8ada8cef8d592e3e00/screenshot - {}
RESULT: {"script":"<script> [1562 bytes]","args":[{"selector":{"id":"application-manageresources-display-component---newResourceUnit--PLANNING_GROUP","interaction":{"idSuffix":"inner"}},"wdio_ui5_key":"applicationmanageresources-display-component---newResourceUnit--PLANNING_GROUP"}]}
RESULT: undefined
COMMAND: POST /session/2ede4c5ecc824f8ada8cef8d592e3e00/execute/async - {"script":"<script> [776 bytes]","args":[{"enterText":"Material","selector":{"id":"application-manageresources-display-component---newResourceUnit--PLANNING_GROUP","interaction":{"idSuffix":"inner"}},"clearTextFirst":true,"interactionType":"ENTER_TEXT"}]}
RESULT: {}
RESULT: {"script":"<script> [776 bytes]","args":[{"enterText":"Material","selector":{"id":"application-manageresources-display-component---newResourceUnit--PLANNING_GROUP","interaction":{"idSuffix":"inner"}},"clearTextFirst":true,"interactionType":"ENTER_TEXT"}]}
COMMAND: POST /session/2ede4c5ecc824f8ada8cef8d592e3e00/execute/async - {"script":"<script> [1562 bytes]","args":[{"selector":{"id":"application-manageresources-display-component---newResourceUnit--PLANNING_INDICATOR","interaction":{"idSuffix":"inner"}},"wdio_ui5_key":"applicationmanageresources-display-component---newResourceUnit--PLANNING_INDICATOR"}]}
RESULT: {"script":"<script> [1562 bytes]","args":[{"selector":{"id":"application-manageresources-display-component---newResourceUnit--PLANNING_INDICATOR","interaction":{"idSuffix":"inner"}},"wdio_ui5_key":"applicationmanageresources-display-component---newResourceUnit--PLANNING_INDICATOR"}]}
RESULT: undefined
COMMAND: POST /session/2ede4c5ecc824f8ada8cef8d592e3e00/execute/async - {"script":"<script> [776 bytes]","args":[{"enterText":"10 - infinite","selector":{"id":"application-manageresources-display-component---newResourceUnit--PLANNING_INDICATOR","interaction":{"idSuffix":"inner"}},"clearTextFirst":true,"interactionType":"ENTER_TEXT"}]}
RESULT: {"script":"<script> [776 bytes]","args":[{"enterText":"10 - infinite","selector":{"id":"application-manageresources-display-component---newResourceUnit--PLANNING_INDICATOR","interaction":{"idSuffix":"inner"}},"clearTextFirst":true,"interactionType":"ENTER_TEXT"}]}
COMMAND: POST /session/2ede4c5ecc824f8ada8cef8d592e3e00/element - {"using":"css selector","value":"#application-manageresources-display-component---newResourceUnit--btnAddTimeSegment"}
RESULT: {"using":"css selector","value":"#application-manageresources-display-component---newResourceUnit--btnAddTimeSegment"}
COMMAND: GET /session/2ede4c5ecc824f8ada8cef8d592e3e00/element/f.DC8B541A7C98CD2E2FC15C3F0919C967.d.00F18E7AF813C50FB9F3A5120028F29D.e.3124/rect - {}
RESULT: {}
COMMAND: GET /session/2ede4c5ecc824f8ada8cef8d592e3e00/window/rect - {}
RESULT: {}
COMMAND: POST /session/2ede4c5ecc824f8ada8cef8d592e3e00/execute/sync - {"script":"<script> [92 bytes]","args":[]}
RESULT: {"script":"<script> [92 bytes]","args":[]}
COMMAND: POST /session/2ede4c5ecc824f8ada8cef8d592e3e00/actions - {"actions":[{"id":"action9","type":"wheel","parameters":{},"actions":[{"type":"scroll","x":-1888,"y":-32,"deltaX":0,"deltaY":0,"duration":0,"origin":{"element-6066-11e4-a52e-4f735466cecf":"f.DC8B541A7C98CD2E2FC15C3F0919C967.d.00F18E7AF813C50FB9F3A5120028F29D.e.3124"}}]}]}
COMMAND: GET /session/2ede4c5ecc824f8ada8cef8d592e3e00/screenshot - {}
RESULT: {}
COMMAND: POST /session/2ede4c5ecc824f8ada8cef8d592e3e00/execute/sync - {"script":"<script> [79 bytes]","args":[{"element-6066-11e4-a52e-4f735466cecf":"f.DC8B541A7C98CD2E2FC15C3F0919C967.d.00F18E7AF813C50FB9F3A5120028F29D.e.3124","ELEMENT":"f.DC8B541A7C98CD2E2FC15C3F0919C967.d.00F18E7AF813C50FB9F3A5120028F29D.e.3124"},{"block":"start","inline":"nearest"}]}
RESULT: {"script":"<script> [79 bytes]","args":[{"element-6066-11e4-a52e-4f735466cecf":"f.DC8B541A7C98CD2E2FC15C3F0919C967.d.00F18E7AF813C50FB9F3A5120028F29D.e.3124","ELEMENT":"f.DC8B541A7C98CD2E2FC15C3F0919C967.d.00F18E7AF813C50FB9F3A5120028F29D.e.3124"},{"block":"start","inline":"nearest"}]}
COMMAND: POST /session/2ede4c5ecc824f8ada8cef8d592e3e00/execute/async - {"script":"<script> [1562 bytes]","args":[{"selector":{"id":"application-manageresources-display-component---newResourceUnit--btnAddTimeSegment","interaction":{"idSuffix":"inner"}},"wdio_ui5_key":"applicationmanageresources-display-component---newResourceUnit--btnAddTimeSegment"}]}
COMMAND: GET /session/2ede4c5ecc824f8ada8cef8d592e3e00/screenshot - {}
RESULT: {"script":"<script> [1562 bytes]","args":[{"selector":{"id":"application-manageresources-display-component---newResourceUnit--btnAddTimeSegment","interaction":{"idSuffix":"inner"}},"wdio_ui5_key":"applicationmanageresources-display-component---newResourceUnit--btnAddTimeSegment"}]}
RESULT: undefined
COMMAND: POST /session/2ede4c5ecc824f8ada8cef8d592e3e00/element - {"using":"xpath","value":"//*[@id=\"application-manageresources-display-component---newResourceUnit--btnAddTimeSegment\"]"}
RESULT: {}
RESULT: {"using":"xpath","value":"//*[@id=\"application-manageresources-display-component---newResourceUnit--btnAddTimeSegment\"]"}
COMMAND: POST /session/2ede4c5ecc824f8ada8cef8d592e3e00/element/f.DC8B541A7C98CD2E2FC15C3F0919C967.d.00F18E7AF813C50FB9F3A5120028F29D.e.3124/click - {}
RESULT: {}
COMMAND: GET /session/2ede4c5ecc824f8ada8cef8d592e3e00/screenshot - {}
RESULT: {}
COMMAND: POST /session/2ede4c5ecc824f8ada8cef8d592e3e00/element - {"using":"xpath","value":"//input[@id=\"application-manageresources-display-component---newResourceUnit--idRuTSAdmin-application-manageresources-display-component---newResourceUnit--RUTimeSegment-0-inner\"]"}
RESULT: {"using":"xpath","value":"//input[@id=\"application-manageresources-display-component---newResourceUnit--idRuTSAdmin-application-manageresources-display-component---newResourceUnit--RUTimeSegment-0-inner\"]"}
COMMAND: POST /session/2ede4c5ecc824f8ada8cef8d592e3e00/element/f.DC8B541A7C98CD2E2FC15C3F0919C967.d.00F18E7AF813C50FB9F3A5120028F29D.e.3129/clear - {}
RESULT: {}
COMMAND: POST /session/2ede4c5ecc824f8ada8cef8d592e3e00/element/f.DC8B541A7C98CD2E2FC15C3F0919C967.d.00F18E7AF813C50FB9F3A5120028F29D.e.3129/value - {"text":"494"}
COMMAND: GET /session/2ede4c5ecc824f8ada8cef8d592e3e00/screenshot - {}
RESULT: {"text":"494"}
COMMAND: GET /session/2ede4c5ecc824f8ada8cef8d592e3e00/screenshot - {}
RESULT: {}
RESULT: {}
COMMAND: POST /session/2ede4c5ecc824f8ada8cef8d592e3e00/element - {"using":"xpath","value":"//li[.//span[text()='494']]"}
RESULT: {"using":"xpath","value":"//li[.//span[text()='494']]"}
COMMAND: POST /session/2ede4c5ecc824f8ada8cef8d592e3e00/element/f.DC8B541A7C98CD2E2FC15C3F0919C967.d.00F18E7AF813C50FB9F3A5120028F29D.e.3138/click - {}
RESULT: {}
COMMAND: GET /session/2ede4c5ecc824f8ada8cef8d592e3e00/screenshot - {}
RESULT: {}
COMMAND: POST /session/2ede4c5ecc824f8ada8cef8d592e3e00/element - {"using":"xpath","value":"(//span[contains(@id, \"-application-manageresources-display-component---newResourceUnit--RUTimeSegment-0-arrow\")])[2]"}
RESULT: {"using":"xpath","value":"(//span[contains(@id, \"-application-manageresources-display-component---newResourceUnit--RUTimeSegment-0-arrow\")])[2]"}
COMMAND: POST /session/2ede4c5ecc824f8ada8cef8d592e3e00/element/f.DC8B541A7C98CD2E2FC15C3F0919C967.d.00F18E7AF813C50FB9F3A5120028F29D.e.3139/click - {}
RESULT: {}
COMMAND: POST /session/2ede4c5ecc824f8ada8cef8d592e3e00/element - {"using":"xpath","value":"//span[contains(text(), \"PM Order\")]"}
COMMAND: GET /session/2ede4c5ecc824f8ada8cef8d592e3e00/screenshot - {}
RESULT: {"using":"xpath","value":"//span[contains(text(), \"PM Order\")]"}
COMMAND: POST /session/2ede4c5ecc824f8ada8cef8d592e3e00/element/f.DC8B541A7C98CD2E2FC15C3F0919C967.d.00F18E7AF813C50FB9F3A5120028F29D.e.3140/click - {}
RESULT: {}
RESULT: {}
COMMAND: GET /session/2ede4c5ecc824f8ada8cef8d592e3e00/screenshot - {}
RESULT: {}
COMMAND: POST /session/2ede4c5ecc824f8ada8cef8d592e3e00/element - {"using":"xpath","value":"//td/div/div/div/span[contains(@id, \"newResourceUnit--RUTimeSegment-0-vhi\")][1]"}
RESULT: {"using":"xpath","value":"//td/div/div/div/span[contains(@id, \"newResourceUnit--RUTimeSegment-0-vhi\")][1]"}
COMMAND: GET /session/2ede4c5ecc824f8ada8cef8d592e3e00/element/f.DC8B541A7C98CD2E2FC15C3F0919C967.d.00F18E7AF813C50FB9F3A5120028F29D.e.3144/rect - {}
RESULT: {}
COMMAND: GET /session/2ede4c5ecc824f8ada8cef8d592e3e00/window/rect - {}
RESULT: {}
COMMAND: POST /session/2ede4c5ecc824f8ada8cef8d592e3e00/execute/sync - {"script":"<script> [92 bytes]","args":[]}
RESULT: {"script":"<script> [92 bytes]","args":[]}
COMMAND: POST /session/2ede4c5ecc824f8ada8cef8d592e3e00/actions - {"actions":[{"id":"action10","type":"wheel","parameters":{},"actions":[{"type":"scroll","x":-1888,"y":-24,"deltaX":0,"deltaY":0,"duration":0,"origin":{"element-6066-11e4-a52e-4f735466cecf":"f.DC8B541A7C98CD2E2FC15C3F0919C967.d.00F18E7AF813C50FB9F3A5120028F29D.e.3144"}}]}]}
COMMAND: GET /session/2ede4c5ecc824f8ada8cef8d592e3e00/screenshot - {}
RESULT: {}
COMMAND: POST /session/2ede4c5ecc824f8ada8cef8d592e3e00/execute/sync - {"script":"<script> [79 bytes]","args":[{"element-6066-11e4-a52e-4f735466cecf":"f.DC8B541A7C98CD2E2FC15C3F0919C967.d.00F18E7AF813C50FB9F3A5120028F29D.e.3144","ELEMENT":"f.DC8B541A7C98CD2E2FC15C3F0919C967.d.00F18E7AF813C50FB9F3A5120028F29D.e.3144"},{"block":"start","inline":"nearest"}]}
RESULT: {"script":"<script> [79 bytes]","args":[{"element-6066-11e4-a52e-4f735466cecf":"f.DC8B541A7C98CD2E2FC15C3F0919C967.d.00F18E7AF813C50FB9F3A5120028F29D.e.3144","ELEMENT":"f.DC8B541A7C98CD2E2FC15C3F0919C967.d.00F18E7AF813C50FB9F3A5120028F29D.e.3144"},{"block":"start","inline":"nearest"}]}
COMMAND: GET /session/2ede4c5ecc824f8ada8cef8d592e3e00/screenshot - {}
RESULT: {}
COMMAND: POST /session/2ede4c5ecc824f8ada8cef8d592e3e00/element/f.DC8B541A7C98CD2E2FC15C3F0919C967.d.00F18E7AF813C50FB9F3A5120028F29D.e.3144/click - {}
RESULT: {}
COMMAND: GET /session/2ede4c5ecc824f8ada8cef8d592e3e00/screenshot - {}
RESULT: {}
COMMAND: POST /session/2ede4c5ecc824f8ada8cef8d592e3e00/execute/async - {"script":"<script> [1562 bytes]","args":[{"selector":{"controlType":"sap.m.SearchField","properties":{"placeholder":"Search"},"searchOpenDialogs":true,"interaction":{"idSuffix":"I"}},"wdio_ui5_key":"sapm.SearchField{\"placeholder\":\"Search\"}"}]}
RESULT: {"script":"<script> [1562 bytes]","args":[{"selector":{"controlType":"sap.m.SearchField","properties":{"placeholder":"Search"},"searchOpenDialogs":true,"interaction":{"idSuffix":"I"}},"wdio_ui5_key":"sapm.SearchField{\"placeholder\":\"Search\"}"}]}
RESULT: undefined
COMMAND: POST /session/2ede4c5ecc824f8ada8cef8d592e3e00/execute/async - {"script":"<script> [776 bytes]","args":[{"enterText":"4000360","selector":{"controlType":"sap.m.SearchField","properties":{"placeholder":"Search"},"searchOpenDialogs":true,"interaction":{"idSuffix":"I"}},"clearTextFirst":true,"interactionType":"ENTER_TEXT"}]}
RESULT: {"script":"<script> [776 bytes]","args":[{"enterText":"4000360","selector":{"controlType":"sap.m.SearchField","properties":{"placeholder":"Search"},"searchOpenDialogs":true,"interaction":{"idSuffix":"I"}},"clearTextFirst":true,"interactionType":"ENTER_TEXT"}]}
COMMAND: POST /session/2ede4c5ecc824f8ada8cef8d592e3e00/actions - {"actions":[{"id":"action11","type":"key","parameters":{},"actions":[{"type":"keyDown","value":"î€‡"},{"type":"pause","duration":10},{"type":"keyUp","value":"î€‡"}]}]}
RESULT: {"actions":[{"id":"action11","type":"key","parameters":{},"actions":[{"type":"keyDown","value":"î€‡"},{"type":"pause","duration":10},{"type":"keyUp","value":"î€‡"}]}]}
COMMAND: GET /session/2ede4c5ecc824f8ada8cef8d592e3e00/screenshot - {}
RESULT: {}
COMMAND: POST /session/2ede4c5ecc824f8ada8cef8d592e3e00/element - {"using":"xpath","value":"//td/div/span[contains(text(), \"BGL Vehicles\")]"}
RESULT: {"using":"xpath","value":"//td/div/span[contains(text(), \"BGL Vehicles\")]"}
COMMAND: POST /session/2ede4c5ecc824f8ada8cef8d592e3e00/element/f.DC8B541A7C98CD2E2FC15C3F0919C967.d.00F18E7AF813C50FB9F3A5120028F29D.e.3166/click - {}
RESULT: {}
COMMAND: GET /session/2ede4c5ecc824f8ada8cef8d592e3e00/screenshot - {}
RESULT: {}
COMMAND: POST /session/2ede4c5ecc824f8ada8cef8d592e3e00/element - {"using":"xpath","value":"//bdi[contains(text(), \"OK\")]"}
RESULT: {"using":"xpath","value":"//bdi[contains(text(), \"OK\")]"}
COMMAND: POST /session/2ede4c5ecc824f8ada8cef8d592e3e00/element/f.DC8B541A7C98CD2E2FC15C3F0919C967.d.00F18E7AF813C50FB9F3A5120028F29D.e.3167/click - {}
RESULT: {}
COMMAND: GET /session/2ede4c5ecc824f8ada8cef8d592e3e00/screenshot - {}
RESULT: {}
COMMAND: POST /session/2ede4c5ecc824f8ada8cef8d592e3e00/element - {"using":"xpath","value":"//button[@data-kt=\"resourceUnitSaveButton\"]"}
RESULT: {"using":"xpath","value":"//button[@data-kt=\"resourceUnitSaveButton\"]"}
COMMAND: POST /session/2ede4c5ecc824f8ada8cef8d592e3e00/element/f.DC8B541A7C98CD2E2FC15C3F0919C967.d.00F18E7AF813C50FB9F3A5120028F29D.e.3064/click - {}
RESULT: {}
COMMAND: GET /session/2ede4c5ecc824f8ada8cef8d592e3e00/screenshot - {}
RESULT: {}
COMMAND: POST /session/2ede4c5ecc824f8ada8cef8d592e3e00/element - {"using":"xpath","value":"//bdi[contains(text(), \"Close\")]"}
RESULT: {"using":"xpath","value":"//bdi[contains(text(), \"Close\")]"}
COMMAND: POST /session/2ede4c5ecc824f8ada8cef8d592e3e00/element/f.DC8B541A7C98CD2E2FC15C3F0919C967.d.00F18E7AF813C50FB9F3A5120028F29D.e.3174/click - {}
RESULT: {}
COMMAND: GET /session/2ede4c5ecc824f8ada8cef8d592e3e00/screenshot - {}
RESULT: {}
COMMAND: POST /session/2ede4c5ecc824f8ada8cef8d592e3e00/element - {"using":"xpath","value":"//header[contains(@id, 'detailRruPage-headerTitle')]/div[1]/div[2]/div[2]/span[1]"}
RESULT: {"using":"xpath","value":"//header[contains(@id, 'detailRruPage-headerTitle')]/div[1]/div[2]/div[2]/span[1]"}
COMMAND: POST /session/2ede4c5ecc824f8ada8cef8d592e3e00/elements - {"using":"xpath","value":"//header[contains(@id, 'detailRruPage-headerTitle')]/div[1]/div[2]/div[2]/span[1]"}
RESULT: {"using":"xpath","value":"//header[contains(@id, 'detailRruPage-headerTitle')]/div[1]/div[2]/div[2]/span[1]"}
COMMAND: POST /session/2ede4c5ecc824f8ada8cef8d592e3e00/execute/sync - {"script":"<script> [56 bytes]","args":[{"element-6066-11e4-a52e-4f735466cecf":"f.DC8B541A7C98CD2E2FC15C3F0919C967.d.00F18E7AF813C50FB9F3A5120028F29D.e.3208","ELEMENT":"f.DC8B541A7C98CD2E2FC15C3F0919C967.d.00F18E7AF813C50FB9F3A5120028F29D.e.3208"}]}
RESULT: {"script":"<script> [56 bytes]","args":[{"element-6066-11e4-a52e-4f735466cecf":"f.DC8B541A7C98CD2E2FC15C3F0919C967.d.00F18E7AF813C50FB9F3A5120028F29D.e.3208","ELEMENT":"f.DC8B541A7C98CD2E2FC15C3F0919C967.d.00F18E7AF813C50FB9F3A5120028F29D.e.3208"}]}
COMMAND: POST /session/2ede4c5ecc824f8ada8cef8d592e3e00/element - {"using":"css selector","value":"#shell-header-logo"}
COMMAND: GET /session/2ede4c5ecc824f8ada8cef8d592e3e00/screenshot - {}
RESULT: {"using":"css selector","value":"#shell-header-logo"}
COMMAND: POST /session/2ede4c5ecc824f8ada8cef8d592e3e00/element/f.DC8B541A7C98CD2E2FC15C3F0919C967.d.00F18E7AF813C50FB9F3A5120028F29D.e.2655/click - {}
RESULT: {}
RESULT: {}
COMMAND: GET /session/2ede4c5ecc824f8ada8cef8d592e3e00/screenshot - {}
RESULT: {}
]]></system-out>
    </testcase>
    <testcase classname="chrome.135_0_7049_96.windows.Prerequisites_&amp;_test_for_yard_mass_return_on_Yard_Overview_US131057" name="Prereq Should do stock increase" time="95.146">
      <system-out><![CDATA[
COMMAND: POST /session/2ede4c5ecc824f8ada8cef8d592e3e00/execute/async - {"script":"<script> [1562 bytes]","args":[{"selector":{"controlType":"sap.m.Text","viewName":"etm.portal.ui.managehandoverstile.view.Master","properties":{"text":"Manage Handovers"},"interaction":{"idSuffix":"inner"}},"wdio_ui5_key":"etmportal.ui.managehandoverstile.view.Mastersap.m.Text{\"text\":\"Manage Handovers\"}"}]}
RESULT: {"script":"<script> [1562 bytes]","args":[{"selector":{"controlType":"sap.m.Text","viewName":"etm.portal.ui.managehandoverstile.view.Master","properties":{"text":"Manage Handovers"},"interaction":{"idSuffix":"inner"}},"wdio_ui5_key":"etmportal.ui.managehandoverstile.view.Mastersap.m.Text{\"text\":\"Manage Handovers\"}"}]}
RESULT: undefined
COMMAND: POST /session/2ede4c5ecc824f8ada8cef8d592e3e00/element - {"using":"xpath","value":"//*[@id=\"__tile133-title\"]"}
RESULT: {"using":"xpath","value":"//*[@id=\"__tile133-title\"]"}
COMMAND: POST /session/2ede4c5ecc824f8ada8cef8d592e3e00/element/f.DC8B541A7C98CD2E2FC15C3F0919C967.d.00F18E7AF813C50FB9F3A5120028F29D.e.3211/click - {}
RESULT: {}
COMMAND: POST /session/2ede4c5ecc824f8ada8cef8d592e3e00/element - {"using":"xpath","value":"//button[@data-kt=\"masterHOAddButton\"]"}
COMMAND: GET /session/2ede4c5ecc824f8ada8cef8d592e3e00/screenshot - {}
RESULT: {"using":"xpath","value":"//button[@data-kt=\"masterHOAddButton\"]"}
COMMAND: POST /session/2ede4c5ecc824f8ada8cef8d592e3e00/elements - {"using":"xpath","value":"//button[@data-kt=\"masterHOAddButton\"]"}
RESULT: {}
RESULT: {"using":"xpath","value":"//button[@data-kt=\"masterHOAddButton\"]"}
COMMAND: POST /session/2ede4c5ecc824f8ada8cef8d592e3e00/elements - {"using":"xpath","value":"//button[@data-kt=\"masterHOAddButton\"]"}
RESULT: {"using":"xpath","value":"//button[@data-kt=\"masterHOAddButton\"]"}
COMMAND: POST /session/2ede4c5ecc824f8ada8cef8d592e3e00/elements - {"using":"xpath","value":"//button[@data-kt=\"masterHOAddButton\"]"}
RESULT: {"using":"xpath","value":"//button[@data-kt=\"masterHOAddButton\"]"}
COMMAND: POST /session/2ede4c5ecc824f8ada8cef8d592e3e00/elements - {"using":"xpath","value":"//button[@data-kt=\"masterHOAddButton\"]"}
RESULT: {"using":"xpath","value":"//button[@data-kt=\"masterHOAddButton\"]"}
COMMAND: POST /session/2ede4c5ecc824f8ada8cef8d592e3e00/elements - {"using":"xpath","value":"//button[@data-kt=\"masterHOAddButton\"]"}
RESULT: {"using":"xpath","value":"//button[@data-kt=\"masterHOAddButton\"]"}
COMMAND: POST /session/2ede4c5ecc824f8ada8cef8d592e3e00/elements - {"using":"xpath","value":"//button[@data-kt=\"masterHOAddButton\"]"}
RESULT: {"using":"xpath","value":"//button[@data-kt=\"masterHOAddButton\"]"}
COMMAND: POST /session/2ede4c5ecc824f8ada8cef8d592e3e00/elements - {"using":"xpath","value":"//button[@data-kt=\"masterHOAddButton\"]"}
RESULT: {"using":"xpath","value":"//button[@data-kt=\"masterHOAddButton\"]"}
COMMAND: POST /session/2ede4c5ecc824f8ada8cef8d592e3e00/elements - {"using":"xpath","value":"//button[@data-kt=\"masterHOAddButton\"]"}
RESULT: {"using":"xpath","value":"//button[@data-kt=\"masterHOAddButton\"]"}
COMMAND: POST /session/2ede4c5ecc824f8ada8cef8d592e3e00/elements - {"using":"xpath","value":"//button[@data-kt=\"masterHOAddButton\"]"}
RESULT: {"using":"xpath","value":"//button[@data-kt=\"masterHOAddButton\"]"}
COMMAND: POST /session/2ede4c5ecc824f8ada8cef8d592e3e00/elements - {"using":"xpath","value":"//button[@data-kt=\"masterHOAddButton\"]"}
RESULT: {"using":"xpath","value":"//button[@data-kt=\"masterHOAddButton\"]"}
COMMAND: POST /session/2ede4c5ecc824f8ada8cef8d592e3e00/elements - {"using":"xpath","value":"//button[@data-kt=\"masterHOAddButton\"]"}
RESULT: {"using":"xpath","value":"//button[@data-kt=\"masterHOAddButton\"]"}
COMMAND: POST /session/2ede4c5ecc824f8ada8cef8d592e3e00/elements - {"using":"xpath","value":"//button[@data-kt=\"masterHOAddButton\"]"}
RESULT: {"using":"xpath","value":"//button[@data-kt=\"masterHOAddButton\"]"}
COMMAND: POST /session/2ede4c5ecc824f8ada8cef8d592e3e00/element - {"using":"xpath","value":"//button[@data-kt=\"masterHOAddButton\"]"}
RESULT: {"using":"xpath","value":"//button[@data-kt=\"masterHOAddButton\"]"}
COMMAND: POST /session/2ede4c5ecc824f8ada8cef8d592e3e00/execute/sync - {"script":"<script> [8489 bytes]","args":[{"element-6066-11e4-a52e-4f735466cecf":"f.DC8B541A7C98CD2E2FC15C3F0919C967.d.00F18E7AF813C50FB9F3A5120028F29D.e.3252","ELEMENT":"f.DC8B541A7C98CD2E2FC15C3F0919C967.d.00F18E7AF813C50FB9F3A5120028F29D.e.3252"}]}
RESULT: {"script":"<script> [8489 bytes]","args":[{"element-6066-11e4-a52e-4f735466cecf":"f.DC8B541A7C98CD2E2FC15C3F0919C967.d.00F18E7AF813C50FB9F3A5120028F29D.e.3252","ELEMENT":"f.DC8B541A7C98CD2E2FC15C3F0919C967.d.00F18E7AF813C50FB9F3A5120028F29D.e.3252"}]}
COMMAND: GET /session/2ede4c5ecc824f8ada8cef8d592e3e00/element/f.DC8B541A7C98CD2E2FC15C3F0919C967.d.00F18E7AF813C50FB9F3A5120028F29D.e.3252/enabled - {}
COMMAND: GET /session/2ede4c5ecc824f8ada8cef8d592e3e00/screenshot - {}
RESULT: {}
COMMAND: POST /session/2ede4c5ecc824f8ada8cef8d592e3e00/execute/sync - {"script":"<script> [8489 bytes]","args":[{"element-6066-11e4-a52e-4f735466cecf":"f.DC8B541A7C98CD2E2FC15C3F0919C967.d.00F18E7AF813C50FB9F3A5120028F29D.e.3252","ELEMENT":"f.DC8B541A7C98CD2E2FC15C3F0919C967.d.00F18E7AF813C50FB9F3A5120028F29D.e.3252"}]}
COMMAND: GET /session/2ede4c5ecc824f8ada8cef8d592e3e00/screenshot - {}
RESULT: {}
RESULT: {"script":"<script> [8489 bytes]","args":[{"element-6066-11e4-a52e-4f735466cecf":"f.DC8B541A7C98CD2E2FC15C3F0919C967.d.00F18E7AF813C50FB9F3A5120028F29D.e.3252","ELEMENT":"f.DC8B541A7C98CD2E2FC15C3F0919C967.d.00F18E7AF813C50FB9F3A5120028F29D.e.3252"}]}
COMMAND: POST /session/2ede4c5ecc824f8ada8cef8d592e3e00/execute/sync - {"script":"<script> [5351 bytes]","args":[{"element-6066-11e4-a52e-4f735466cecf":"f.DC8B541A7C98CD2E2FC15C3F0919C967.d.00F18E7AF813C50FB9F3A5120028F29D.e.3252","ELEMENT":"f.DC8B541A7C98CD2E2FC15C3F0919C967.d.00F18E7AF813C50FB9F3A5120028F29D.e.3252"}]}
COMMAND: GET /session/2ede4c5ecc824f8ada8cef8d592e3e00/screenshot - {}
RESULT: {}
RESULT: {"script":"<script> [5351 bytes]","args":[{"element-6066-11e4-a52e-4f735466cecf":"f.DC8B541A7C98CD2E2FC15C3F0919C967.d.00F18E7AF813C50FB9F3A5120028F29D.e.3252","ELEMENT":"f.DC8B541A7C98CD2E2FC15C3F0919C967.d.00F18E7AF813C50FB9F3A5120028F29D.e.3252"}]}
COMMAND: POST /session/2ede4c5ecc824f8ada8cef8d592e3e00/element/f.DC8B541A7C98CD2E2FC15C3F0919C967.d.00F18E7AF813C50FB9F3A5120028F29D.e.3252/click - {}
COMMAND: GET /session/2ede4c5ecc824f8ada8cef8d592e3e00/screenshot - {}
RESULT: {}
RESULT: {}
COMMAND: GET /session/2ede4c5ecc824f8ada8cef8d592e3e00/screenshot - {}
RESULT: {}
COMMAND: POST /session/2ede4c5ecc824f8ada8cef8d592e3e00/element - {"using":"xpath","value":"//span[contains(@id ,\"AddNewHO--typeSelect-arrow\")]"}
RESULT: {}
RESULT: {"using":"xpath","value":"//span[contains(@id ,\"AddNewHO--typeSelect-arrow\")]"}
COMMAND: POST /session/2ede4c5ecc824f8ada8cef8d592e3e00/element/f.DC8B541A7C98CD2E2FC15C3F0919C967.d.00F18E7AF813C50FB9F3A5120028F29D.e.3605/click - {}
RESULT: {}
COMMAND: GET /session/2ede4c5ecc824f8ada8cef8d592e3e00/screenshot - {}
RESULT: {}
COMMAND: POST /session/2ede4c5ecc824f8ada8cef8d592e3e00/element - {"using":"xpath","value":"(//li[contains(text(), \"stock increase yard\")])[1]"}
RESULT: {"using":"xpath","value":"(//li[contains(text(), \"stock increase yard\")])[1]"}
COMMAND: POST /session/2ede4c5ecc824f8ada8cef8d592e3e00/element/f.DC8B541A7C98CD2E2FC15C3F0919C967.d.00F18E7AF813C50FB9F3A5120028F29D.e.3606/click - {}
RESULT: {}
COMMAND: GET /session/2ede4c5ecc824f8ada8cef8d592e3e00/screenshot - {}
RESULT: {}
COMMAND: POST /session/2ede4c5ecc824f8ada8cef8d592e3e00/execute/async - {"script":"<script> [1562 bytes]","args":[{"selector":{"id":"application-managehandovers-display-component---AddNewHO--dueDate","interaction":{"idSuffix":"inner"}},"wdio_ui5_key":"applicationmanagehandovers-display-component---AddNewHO--dueDate"}]}
RESULT: {"script":"<script> [1562 bytes]","args":[{"selector":{"id":"application-managehandovers-display-component---AddNewHO--dueDate","interaction":{"idSuffix":"inner"}},"wdio_ui5_key":"applicationmanagehandovers-display-component---AddNewHO--dueDate"}]}
RESULT: undefined
COMMAND: POST /session/2ede4c5ecc824f8ada8cef8d592e3e00/execute/async - {"script":"<script> [6424 bytes]","args":[{"element-6066-11e4-a52e-4f735466cecf":"f.DC8B541A7C98CD2E2FC15C3F0919C967.d.00F18E7AF813C50FB9F3A5120028F29D.e.3608"},"setValue",["05/02/2025"]]}
RESULT: {"script":"<script> [6424 bytes]","args":[{"element-6066-11e4-a52e-4f735466cecf":"f.DC8B541A7C98CD2E2FC15C3F0919C967.d.00F18E7AF813C50FB9F3A5120028F29D.e.3608"},"setValue",["05/02/2025"]]}
COMMAND: POST /session/2ede4c5ecc824f8ada8cef8d592e3e00/element - {"using":"xpath","value":"//input[@id=\"generalSectionFrg--receiveYard-inner\"]"}
RESULT: {"using":"xpath","value":"//input[@id=\"generalSectionFrg--receiveYard-inner\"]"}
COMMAND: POST /session/2ede4c5ecc824f8ada8cef8d592e3e00/element/f.DC8B541A7C98CD2E2FC15C3F0919C967.d.00F18E7AF813C50FB9F3A5120028F29D.e.3614/clear - {}
RESULT: {}
COMMAND: POST /session/2ede4c5ecc824f8ada8cef8d592e3e00/element/f.DC8B541A7C98CD2E2FC15C3F0919C967.d.00F18E7AF813C50FB9F3A5120028F29D.e.3614/value - {"text":"494"}
COMMAND: GET /session/2ede4c5ecc824f8ada8cef8d592e3e00/screenshot - {}
RESULT: {"text":"494"}
COMMAND: GET /session/2ede4c5ecc824f8ada8cef8d592e3e00/screenshot - {}
RESULT: {}
RESULT: {}
COMMAND: POST /session/2ede4c5ecc824f8ada8cef8d592e3e00/element - {"using":"xpath","value":"//li[.//span[text()='494']]"}
RESULT: {"using":"xpath","value":"//li[.//span[text()='494']]"}
COMMAND: POST /session/2ede4c5ecc824f8ada8cef8d592e3e00/element/f.DC8B541A7C98CD2E2FC15C3F0919C967.d.00F18E7AF813C50FB9F3A5120028F29D.e.3632/click - {}
RESULT: {}
COMMAND: GET /session/2ede4c5ecc824f8ada8cef8d592e3e00/screenshot - {}
RESULT: {}
COMMAND: POST /session/2ede4c5ecc824f8ada8cef8d592e3e00/execute/async - {"script":"<script> [1562 bytes]","args":[{"selector":{"id":"application-managehandovers-display-component---AddNewHO--ObjectPageLayout-anchBar-application-managehandovers-display-component---AddNewHO--section4-anchor","interaction":{"idSuffix":"BDI-content"}},"wdio_ui5_key":"applicationmanagehandovers-display-component---AddNewHO--ObjectPageLayout-anchBar-application-managehandovers-display-component---AddNewHO--section4-anchor"}]}
RESULT: {"script":"<script> [1562 bytes]","args":[{"selector":{"id":"application-managehandovers-display-component---AddNewHO--ObjectPageLayout-anchBar-application-managehandovers-display-component---AddNewHO--section4-anchor","interaction":{"idSuffix":"BDI-content"}},"wdio_ui5_key":"applicationmanagehandovers-display-component---AddNewHO--ObjectPageLayout-anchBar-application-managehandovers-display-component---AddNewHO--section4-anchor"}]}
RESULT: undefined
COMMAND: POST /session/2ede4c5ecc824f8ada8cef8d592e3e00/element - {"using":"xpath","value":"//*[@id=\"application-managehandovers-display-component---AddNewHO--ObjectPageLayout-anchBar-application-managehandovers-display-component---AddNewHO--section4-anchor\"]"}
RESULT: {"using":"xpath","value":"//*[@id=\"application-managehandovers-display-component---AddNewHO--ObjectPageLayout-anchBar-application-managehandovers-display-component---AddNewHO--section4-anchor\"]"}
COMMAND: POST /session/2ede4c5ecc824f8ada8cef8d592e3e00/element/f.DC8B541A7C98CD2E2FC15C3F0919C967.d.00F18E7AF813C50FB9F3A5120028F29D.e.3634/click - {}
RESULT: {}
COMMAND: POST /session/2ede4c5ecc824f8ada8cef8d592e3e00/element - {"using":"xpath","value":"//button[@aria-label=\"Add\"]"}
COMMAND: GET /session/2ede4c5ecc824f8ada8cef8d592e3e00/screenshot - {}
RESULT: {"using":"xpath","value":"//button[@aria-label=\"Add\"]"}
COMMAND: POST /session/2ede4c5ecc824f8ada8cef8d592e3e00/element/f.DC8B541A7C98CD2E2FC15C3F0919C967.d.00F18E7AF813C50FB9F3A5120028F29D.e.3638/click - {}
RESULT: {}
RESULT: {}
COMMAND: GET /session/2ede4c5ecc824f8ada8cef8d592e3e00/screenshot - {}
RESULT: {}
COMMAND: POST /session/2ede4c5ecc824f8ada8cef8d592e3e00/execute/async - {"script":"<script> [1562 bytes]","args":[{"selector":{"id":"application-managehandovers-display-component---AddNewHO--smartFilterBar-btnBasicSearch","searchOpenDialogs":true,"interaction":{"idSuffix":"I"}},"wdio_ui5_key":"applicationmanagehandovers-display-component---AddNewHO--smartFilterBar-btnBasicSearch"}]}
RESULT: {"script":"<script> [1562 bytes]","args":[{"selector":{"id":"application-managehandovers-display-component---AddNewHO--smartFilterBar-btnBasicSearch","searchOpenDialogs":true,"interaction":{"idSuffix":"I"}},"wdio_ui5_key":"applicationmanagehandovers-display-component---AddNewHO--smartFilterBar-btnBasicSearch"}]}
RESULT: undefined
COMMAND: POST /session/2ede4c5ecc824f8ada8cef8d592e3e00/execute/async - {"script":"<script> [776 bytes]","args":[{"enterText":"200265","selector":{"id":"application-managehandovers-display-component---AddNewHO--smartFilterBar-btnBasicSearch","searchOpenDialogs":true,"interaction":{"idSuffix":"I"}},"clearTextFirst":true,"interactionType":"ENTER_TEXT"}]}
RESULT: {"script":"<script> [776 bytes]","args":[{"enterText":"200265","selector":{"id":"application-managehandovers-display-component---AddNewHO--smartFilterBar-btnBasicSearch","searchOpenDialogs":true,"interaction":{"idSuffix":"I"}},"clearTextFirst":true,"interactionType":"ENTER_TEXT"}]}
COMMAND: POST /session/2ede4c5ecc824f8ada8cef8d592e3e00/actions - {"actions":[{"id":"action12","type":"key","parameters":{},"actions":[{"type":"keyDown","value":"î€‡"},{"type":"pause","duration":10},{"type":"keyUp","value":"î€‡"}]}]}
RESULT: {"actions":[{"id":"action12","type":"key","parameters":{},"actions":[{"type":"keyDown","value":"î€‡"},{"type":"pause","duration":10},{"type":"keyUp","value":"î€‡"}]}]}
COMMAND: GET /session/2ede4c5ecc824f8ada8cef8d592e3e00/screenshot - {}
RESULT: {}
COMMAND: POST /session/2ede4c5ecc824f8ada8cef8d592e3e00/execute/async - {"script":"<script> [1562 bytes]","args":[{"selector":{"id":"application-managehandovers-display-component---AddNewHO--popup-sa","searchOpenDialogs":true,"interaction":{"idSuffix":"CbBg"}},"wdio_ui5_key":"applicationmanagehandovers-display-component---AddNewHO--popup-sa"}]}
RESULT: {"script":"<script> [1562 bytes]","args":[{"selector":{"id":"application-managehandovers-display-component---AddNewHO--popup-sa","searchOpenDialogs":true,"interaction":{"idSuffix":"CbBg"}},"wdio_ui5_key":"applicationmanagehandovers-display-component---AddNewHO--popup-sa"}]}
RESULT: undefined
COMMAND: POST /session/2ede4c5ecc824f8ada8cef8d592e3e00/element - {"using":"xpath","value":"//*[@id=\"application-managehandovers-display-component---AddNewHO--popup-sa\"]"}
RESULT: {"using":"xpath","value":"//*[@id=\"application-managehandovers-display-component---AddNewHO--popup-sa\"]"}
COMMAND: POST /session/2ede4c5ecc824f8ada8cef8d592e3e00/element/f.DC8B541A7C98CD2E2FC15C3F0919C967.d.00F18E7AF813C50FB9F3A5120028F29D.e.3793/click - {}
RESULT: {}
COMMAND: GET /session/2ede4c5ecc824f8ada8cef8d592e3e00/screenshot - {}
RESULT: {}
COMMAND: POST /session/2ede4c5ecc824f8ada8cef8d592e3e00/element - {"using":"xpath","value":"//bdi[contains(text(), \"Select\")]"}
RESULT: {"using":"xpath","value":"//bdi[contains(text(), \"Select\")]"}
COMMAND: POST /session/2ede4c5ecc824f8ada8cef8d592e3e00/element/f.DC8B541A7C98CD2E2FC15C3F0919C967.d.00F18E7AF813C50FB9F3A5120028F29D.e.3794/click - {}
RESULT: {}
COMMAND: GET /session/2ede4c5ecc824f8ada8cef8d592e3e00/screenshot - {}
RESULT: {}
COMMAND: POST /session/2ede4c5ecc824f8ada8cef8d592e3e00/element - {"using":"xpath","value":"//button[@data-kt=\"AddNewHOSaveButton\"]"}
RESULT: {"using":"xpath","value":"//button[@data-kt=\"AddNewHOSaveButton\"]"}
COMMAND: POST /session/2ede4c5ecc824f8ada8cef8d592e3e00/element/f.DC8B541A7C98CD2E2FC15C3F0919C967.d.00F18E7AF813C50FB9F3A5120028F29D.e.3798/click - {}
RESULT: {}
COMMAND: GET /session/2ede4c5ecc824f8ada8cef8d592e3e00/screenshot - {}
RESULT: {}
COMMAND: POST /session/2ede4c5ecc824f8ada8cef8d592e3e00/execute/async - {"script":"<script> [1562 bytes]","args":[{"selector":{"id":"receiptDatePicker","viewName":"etm.portal.ui.managehandovers.view.DetailExecuteHO","interaction":{"idSuffix":"inner"}},"wdio_ui5_key":"receiptDatePickeretmportal.ui.managehandovers.view.DetailExecuteHO"}]}
RESULT: {"script":"<script> [1562 bytes]","args":[{"selector":{"id":"receiptDatePicker","viewName":"etm.portal.ui.managehandovers.view.DetailExecuteHO","interaction":{"idSuffix":"inner"}},"wdio_ui5_key":"receiptDatePickeretmportal.ui.managehandovers.view.DetailExecuteHO"}]}
RESULT: undefined
COMMAND: POST /session/2ede4c5ecc824f8ada8cef8d592e3e00/execute/async - {"script":"<script> [6424 bytes]","args":[{"element-6066-11e4-a52e-4f735466cecf":"f.DC8B541A7C98CD2E2FC15C3F0919C967.d.00F18E7AF813C50FB9F3A5120028F29D.e.3828"},"setValue",["05/02/2025"]]}
RESULT: {"script":"<script> [6424 bytes]","args":[{"element-6066-11e4-a52e-4f735466cecf":"f.DC8B541A7C98CD2E2FC15C3F0919C967.d.00F18E7AF813C50FB9F3A5120028F29D.e.3828"},"setValue",["05/02/2025"]]}
COMMAND: POST /session/2ede4c5ecc824f8ada8cef8d592e3e00/element - {"using":"xpath","value":"//button[@data-kt=\"PickingTableConfirmAllButton\"]"}
RESULT: {"using":"xpath","value":"//button[@data-kt=\"PickingTableConfirmAllButton\"]"}
COMMAND: POST /session/2ede4c5ecc824f8ada8cef8d592e3e00/element/f.DC8B541A7C98CD2E2FC15C3F0919C967.d.00F18E7AF813C50FB9F3A5120028F29D.e.3843/click - {}
RESULT: {}
COMMAND: GET /session/2ede4c5ecc824f8ada8cef8d592e3e00/screenshot - {}
RESULT: {}
COMMAND: POST /session/2ede4c5ecc824f8ada8cef8d592e3e00/element - {"using":"xpath","value":"//bdi[contains(text(), \"OK\")]"}
RESULT: {"using":"xpath","value":"//bdi[contains(text(), \"OK\")]"}
COMMAND: POST /session/2ede4c5ecc824f8ada8cef8d592e3e00/element/f.DC8B541A7C98CD2E2FC15C3F0919C967.d.00F18E7AF813C50FB9F3A5120028F29D.e.3845/click - {}
RESULT: {}
COMMAND: GET /session/2ede4c5ecc824f8ada8cef8d592e3e00/screenshot - {}
RESULT: {}
COMMAND: POST /session/2ede4c5ecc824f8ada8cef8d592e3e00/element - {"using":"xpath","value":"(//bdi[contains(text(), \"Receive\")])[2]"}
RESULT: {"using":"xpath","value":"(//bdi[contains(text(), \"Receive\")])[2]"}
COMMAND: POST /session/2ede4c5ecc824f8ada8cef8d592e3e00/element/f.DC8B541A7C98CD2E2FC15C3F0919C967.d.00F18E7AF813C50FB9F3A5120028F29D.e.3847/click - {}
RESULT: {}
COMMAND: GET /session/2ede4c5ecc824f8ada8cef8d592e3e00/screenshot - {}
RESULT: {}
COMMAND: POST /session/2ede4c5ecc824f8ada8cef8d592e3e00/element - {"using":"css selector","value":"#shell-header-logo"}
RESULT: {"using":"css selector","value":"#shell-header-logo"}
COMMAND: POST /session/2ede4c5ecc824f8ada8cef8d592e3e00/element/f.DC8B541A7C98CD2E2FC15C3F0919C967.d.00F18E7AF813C50FB9F3A5120028F29D.e.3214/click - {}
RESULT: {}
COMMAND: GET /session/2ede4c5ecc824f8ada8cef8d592e3e00/screenshot - {}
RESULT: {}
]]></system-out>
    </testcase>
    <testcase classname="chrome.135_0_7049_96.windows.Prerequisites_&amp;_test_for_yard_mass_return_on_Yard_Overview_US131057" name="Prereq Should create a new contract" time="63.72">
      <system-out><![CDATA[
COMMAND: POST /session/2ede4c5ecc824f8ada8cef8d592e3e00/execute/async - {"script":"<script> [1562 bytes]","args":[{"selector":{"controlType":"sap.m.Text","viewName":"etm.portal.ui.managecontractstile.view.Master","properties":{"text":"Manage Contracts"},"interaction":{"idSuffix":"inner"}},"wdio_ui5_key":"etmportal.ui.managecontractstile.view.Mastersap.m.Text{\"text\":\"Manage Contracts\"}"}]}
RESULT: {"script":"<script> [1562 bytes]","args":[{"selector":{"controlType":"sap.m.Text","viewName":"etm.portal.ui.managecontractstile.view.Master","properties":{"text":"Manage Contracts"},"interaction":{"idSuffix":"inner"}},"wdio_ui5_key":"etmportal.ui.managecontractstile.view.Mastersap.m.Text{\"text\":\"Manage Contracts\"}"}]}
RESULT: undefined
COMMAND: POST /session/2ede4c5ecc824f8ada8cef8d592e3e00/element - {"using":"xpath","value":"//*[@id=\"__tile130-title\"]"}
RESULT: {"using":"xpath","value":"//*[@id=\"__tile130-title\"]"}
COMMAND: POST /session/2ede4c5ecc824f8ada8cef8d592e3e00/element/f.DC8B541A7C98CD2E2FC15C3F0919C967.d.00F18E7AF813C50FB9F3A5120028F29D.e.4020/click - {}
RESULT: {}
COMMAND: GET /session/2ede4c5ecc824f8ada8cef8d592e3e00/screenshot - {}
RESULT: {}
COMMAND: POST /session/2ede4c5ecc824f8ada8cef8d592e3e00/element - {"using":"xpath","value":"//button[@data-kt=\"addButton\"]"}
RESULT: {"using":"xpath","value":"//button[@data-kt=\"addButton\"]"}
COMMAND: POST /session/2ede4c5ecc824f8ada8cef8d592e3e00/elements - {"using":"xpath","value":"//button[@data-kt=\"addButton\"]"}
RESULT: {"using":"xpath","value":"//button[@data-kt=\"addButton\"]"}
COMMAND: POST /session/2ede4c5ecc824f8ada8cef8d592e3e00/execute/sync - {"script":"<script> [8489 bytes]","args":[{"element-6066-11e4-a52e-4f735466cecf":"f.DC8B541A7C98CD2E2FC15C3F0919C967.d.00F18E7AF813C50FB9F3A5120028F29D.e.4091","ELEMENT":"f.DC8B541A7C98CD2E2FC15C3F0919C967.d.00F18E7AF813C50FB9F3A5120028F29D.e.4091"}]}
RESULT: {"script":"<script> [8489 bytes]","args":[{"element-6066-11e4-a52e-4f735466cecf":"f.DC8B541A7C98CD2E2FC15C3F0919C967.d.00F18E7AF813C50FB9F3A5120028F29D.e.4091","ELEMENT":"f.DC8B541A7C98CD2E2FC15C3F0919C967.d.00F18E7AF813C50FB9F3A5120028F29D.e.4091"}]}
COMMAND: GET /session/2ede4c5ecc824f8ada8cef8d592e3e00/element/f.DC8B541A7C98CD2E2FC15C3F0919C967.d.00F18E7AF813C50FB9F3A5120028F29D.e.4091/enabled - {}
COMMAND: GET /session/2ede4c5ecc824f8ada8cef8d592e3e00/screenshot - {}
RESULT: {}
COMMAND: POST /session/2ede4c5ecc824f8ada8cef8d592e3e00/execute/sync - {"script":"<script> [8489 bytes]","args":[{"element-6066-11e4-a52e-4f735466cecf":"f.DC8B541A7C98CD2E2FC15C3F0919C967.d.00F18E7AF813C50FB9F3A5120028F29D.e.4091","ELEMENT":"f.DC8B541A7C98CD2E2FC15C3F0919C967.d.00F18E7AF813C50FB9F3A5120028F29D.e.4091"}]}
COMMAND: GET /session/2ede4c5ecc824f8ada8cef8d592e3e00/screenshot - {}
RESULT: {}
RESULT: {"script":"<script> [8489 bytes]","args":[{"element-6066-11e4-a52e-4f735466cecf":"f.DC8B541A7C98CD2E2FC15C3F0919C967.d.00F18E7AF813C50FB9F3A5120028F29D.e.4091","ELEMENT":"f.DC8B541A7C98CD2E2FC15C3F0919C967.d.00F18E7AF813C50FB9F3A5120028F29D.e.4091"}]}
COMMAND: POST /session/2ede4c5ecc824f8ada8cef8d592e3e00/execute/sync - {"script":"<script> [5351 bytes]","args":[{"element-6066-11e4-a52e-4f735466cecf":"f.DC8B541A7C98CD2E2FC15C3F0919C967.d.00F18E7AF813C50FB9F3A5120028F29D.e.4091","ELEMENT":"f.DC8B541A7C98CD2E2FC15C3F0919C967.d.00F18E7AF813C50FB9F3A5120028F29D.e.4091"}]}
COMMAND: GET /session/2ede4c5ecc824f8ada8cef8d592e3e00/screenshot - {}
RESULT: {}
RESULT: {"script":"<script> [5351 bytes]","args":[{"element-6066-11e4-a52e-4f735466cecf":"f.DC8B541A7C98CD2E2FC15C3F0919C967.d.00F18E7AF813C50FB9F3A5120028F29D.e.4091","ELEMENT":"f.DC8B541A7C98CD2E2FC15C3F0919C967.d.00F18E7AF813C50FB9F3A5120028F29D.e.4091"}]}
COMMAND: GET /session/2ede4c5ecc824f8ada8cef8d592e3e00/screenshot - {}
RESULT: {}
RESULT: {}
COMMAND: POST /session/2ede4c5ecc824f8ada8cef8d592e3e00/element/f.DC8B541A7C98CD2E2FC15C3F0919C967.d.00F18E7AF813C50FB9F3A5120028F29D.e.4091/click - {}
RESULT: {}
COMMAND: GET /session/2ede4c5ecc824f8ada8cef8d592e3e00/screenshot - {}
COMMAND: POST /session/2ede4c5ecc824f8ada8cef8d592e3e00/execute/async - {"script":"<script> [1562 bytes]","args":[{"selector":{"id":"application-managecontracts-display-component---AddNewContract--projectDescription","interaction":{"idSuffix":"inner"}},"wdio_ui5_key":"applicationmanagecontracts-display-component---AddNewContract--projectDescription"}]}
RESULT: {}
RESULT: {"script":"<script> [1562 bytes]","args":[{"selector":{"id":"application-managecontracts-display-component---AddNewContract--projectDescription","interaction":{"idSuffix":"inner"}},"wdio_ui5_key":"applicationmanagecontracts-display-component---AddNewContract--projectDescription"}]}
RESULT: undefined
COMMAND: POST /session/2ede4c5ecc824f8ada8cef8d592e3e00/execute/async - {"script":"<script> [776 bytes]","args":[{"enterText":"Contract WDIO","selector":{"id":"application-managecontracts-display-component---AddNewContract--projectDescription","interaction":{"idSuffix":"inner"}},"clearTextFirst":true,"interactionType":"ENTER_TEXT"}]}
RESULT: {"script":"<script> [776 bytes]","args":[{"enterText":"Contract WDIO","selector":{"id":"application-managecontracts-display-component---AddNewContract--projectDescription","interaction":{"idSuffix":"inner"}},"clearTextFirst":true,"interactionType":"ENTER_TEXT"}]}
COMMAND: POST /session/2ede4c5ecc824f8ada8cef8d592e3e00/element - {"using":"xpath","value":"//input[@id=\"application-managecontracts-display-component---AddNewContract--site-inner\"]"}
RESULT: {"using":"xpath","value":"//input[@id=\"application-managecontracts-display-component---AddNewContract--site-inner\"]"}
COMMAND: POST /session/2ede4c5ecc824f8ada8cef8d592e3e00/element/f.DC8B541A7C98CD2E2FC15C3F0919C967.d.00F18E7AF813C50FB9F3A5120028F29D.e.4555/clear - {}
RESULT: {}
COMMAND: POST /session/2ede4c5ecc824f8ada8cef8d592e3e00/element/f.DC8B541A7C98CD2E2FC15C3F0919C967.d.00F18E7AF813C50FB9F3A5120028F29D.e.4555/value - {"text":"2329"}
COMMAND: GET /session/2ede4c5ecc824f8ada8cef8d592e3e00/screenshot - {}
RESULT: {"text":"2329"}
COMMAND: GET /session/2ede4c5ecc824f8ada8cef8d592e3e00/screenshot - {}
RESULT: {}
RESULT: {}
COMMAND: POST /session/2ede4c5ecc824f8ada8cef8d592e3e00/element - {"using":"xpath","value":"//li[.//span[text()='2329']]"}
RESULT: {"using":"xpath","value":"//li[.//span[text()='2329']]"}
COMMAND: POST /session/2ede4c5ecc824f8ada8cef8d592e3e00/element/f.DC8B541A7C98CD2E2FC15C3F0919C967.d.00F18E7AF813C50FB9F3A5120028F29D.e.4578/click - {}
RESULT: {}
COMMAND: GET /session/2ede4c5ecc824f8ada8cef8d592e3e00/screenshot - {}
RESULT: {}
COMMAND: POST /session/2ede4c5ecc824f8ada8cef8d592e3e00/element - {"using":"xpath","value":"//input[@id=\"application-managecontracts-display-component---AddNewContract--yardId-inner\"]"}
RESULT: {"using":"xpath","value":"//input[@id=\"application-managecontracts-display-component---AddNewContract--yardId-inner\"]"}
COMMAND: GET /session/2ede4c5ecc824f8ada8cef8d592e3e00/element/f.DC8B541A7C98CD2E2FC15C3F0919C967.d.00F18E7AF813C50FB9F3A5120028F29D.e.4556/property/value - {}
RESULT: {}
COMMAND: POST /session/2ede4c5ecc824f8ada8cef8d592e3e00/element - {"using":"xpath","value":"//input[@id=\"application-managecontracts-display-component---AddNewContract--customerSelect-inner\"]"}
COMMAND: GET /session/2ede4c5ecc824f8ada8cef8d592e3e00/screenshot - {}
RESULT: {"using":"xpath","value":"//input[@id=\"application-managecontracts-display-component---AddNewContract--customerSelect-inner\"]"}
COMMAND: POST /session/2ede4c5ecc824f8ada8cef8d592e3e00/element/f.DC8B541A7C98CD2E2FC15C3F0919C967.d.00F18E7AF813C50FB9F3A5120028F29D.e.4554/clear - {}
RESULT: {}
RESULT: {}
COMMAND: POST /session/2ede4c5ecc824f8ada8cef8d592e3e00/element/f.DC8B541A7C98CD2E2FC15C3F0919C967.d.00F18E7AF813C50FB9F3A5120028F29D.e.4554/value - {"text":"1368"}
COMMAND: GET /session/2ede4c5ecc824f8ada8cef8d592e3e00/screenshot - {}
RESULT: {"text":"1368"}
COMMAND: GET /session/2ede4c5ecc824f8ada8cef8d592e3e00/screenshot - {}
RESULT: {}
RESULT: {}
COMMAND: POST /session/2ede4c5ecc824f8ada8cef8d592e3e00/element - {"using":"xpath","value":"//li[.//span[text()='1368']]"}
RESULT: {"using":"xpath","value":"//li[.//span[text()='1368']]"}
COMMAND: POST /session/2ede4c5ecc824f8ada8cef8d592e3e00/element/f.DC8B541A7C98CD2E2FC15C3F0919C967.d.00F18E7AF813C50FB9F3A5120028F29D.e.4581/click - {}
RESULT: {}
COMMAND: GET /session/2ede4c5ecc824f8ada8cef8d592e3e00/screenshot - {}
RESULT: {}
COMMAND: POST /session/2ede4c5ecc824f8ada8cef8d592e3e00/element - {"using":"xpath","value":"//button[@data-kt=\"saveButton\"]"}
RESULT: {"using":"xpath","value":"//button[@data-kt=\"saveButton\"]"}
COMMAND: POST /session/2ede4c5ecc824f8ada8cef8d592e3e00/element/f.DC8B541A7C98CD2E2FC15C3F0919C967.d.00F18E7AF813C50FB9F3A5120028F29D.e.4568/click - {}
RESULT: {}
COMMAND: GET /session/2ede4c5ecc824f8ada8cef8d592e3e00/screenshot - {}
RESULT: {}
COMMAND: POST /session/2ede4c5ecc824f8ada8cef8d592e3e00/element - {"using":"xpath","value":"//span[contains(@id ,\"contractDetailTitleNoExpanded\")]"}
RESULT: {"using":"xpath","value":"//span[contains(@id ,\"contractDetailTitleNoExpanded\")]"}
COMMAND: POST /session/2ede4c5ecc824f8ada8cef8d592e3e00/elements - {"using":"xpath","value":"//span[contains(@id ,\"contractDetailTitleNoExpanded\")]"}
RESULT: {"using":"xpath","value":"//span[contains(@id ,\"contractDetailTitleNoExpanded\")]"}
COMMAND: POST /session/2ede4c5ecc824f8ada8cef8d592e3e00/execute/sync - {"script":"<script> [56 bytes]","args":[{"element-6066-11e4-a52e-4f735466cecf":"f.DC8B541A7C98CD2E2FC15C3F0919C967.d.00F18E7AF813C50FB9F3A5120028F29D.e.4652","ELEMENT":"f.DC8B541A7C98CD2E2FC15C3F0919C967.d.00F18E7AF813C50FB9F3A5120028F29D.e.4652"}]}
RESULT: {"script":"<script> [56 bytes]","args":[{"element-6066-11e4-a52e-4f735466cecf":"f.DC8B541A7C98CD2E2FC15C3F0919C967.d.00F18E7AF813C50FB9F3A5120028F29D.e.4652","ELEMENT":"f.DC8B541A7C98CD2E2FC15C3F0919C967.d.00F18E7AF813C50FB9F3A5120028F29D.e.4652"}]}
COMMAND: GET /session/2ede4c5ecc824f8ada8cef8d592e3e00/screenshot - {}
RESULT: {}
]]></system-out>
    </testcase>
    <testcase classname="chrome.135_0_7049_96.windows.Prerequisites_&amp;_test_for_yard_mass_return_on_Yard_Overview_US131057" name="Prereq Should add created material to contract" time="58.117">
      <system-out><![CDATA[
COMMAND: POST /session/2ede4c5ecc824f8ada8cef8d592e3e00/element - {"using":"xpath","value":"//button[@data-kt=\"contractDetailEditBtnButton\"]"}
RESULT: {"using":"xpath","value":"//button[@data-kt=\"contractDetailEditBtnButton\"]"}
COMMAND: POST /session/2ede4c5ecc824f8ada8cef8d592e3e00/element/f.DC8B541A7C98CD2E2FC15C3F0919C967.d.00F18E7AF813C50FB9F3A5120028F29D.e.4655/click - {}
RESULT: {}
COMMAND: GET /session/2ede4c5ecc824f8ada8cef8d592e3e00/screenshot - {}
RESULT: {}
COMMAND: POST /session/2ede4c5ecc824f8ada8cef8d592e3e00/element - {"using":"xpath","value":"(//span[contains(text(), \"Additional Addresses\")])[2]"}
RESULT: {"using":"xpath","value":"(//span[contains(text(), \"Additional Addresses\")])[2]"}
COMMAND: POST /session/2ede4c5ecc824f8ada8cef8d592e3e00/element/f.DC8B541A7C98CD2E2FC15C3F0919C967.d.00F18E7AF813C50FB9F3A5120028F29D.e.4710/click - {}
RESULT: {}
COMMAND: GET /session/2ede4c5ecc824f8ada8cef8d592e3e00/screenshot - {}
RESULT: {}
COMMAND: POST /session/2ede4c5ecc824f8ada8cef8d592e3e00/element - {"using":"xpath","value":"//button[@data-kt=\"btnAddTableRowOverflowToolbarButton\"]"}
RESULT: {"using":"xpath","value":"//button[@data-kt=\"btnAddTableRowOverflowToolbarButton\"]"}
COMMAND: POST /session/2ede4c5ecc824f8ada8cef8d592e3e00/element/f.DC8B541A7C98CD2E2FC15C3F0919C967.d.00F18E7AF813C50FB9F3A5120028F29D.e.4713/click - {}
RESULT: {}
COMMAND: GET /session/2ede4c5ecc824f8ada8cef8d592e3e00/screenshot - {}
RESULT: {}
COMMAND: POST /session/2ede4c5ecc824f8ada8cef8d592e3e00/element - {"using":"xpath","value":"//div[(text() = 'Standard Entry' or . = 'Standard Entry')]"}
RESULT: {"using":"xpath","value":"//div[(text() = 'Standard Entry' or . = 'Standard Entry')]"}
COMMAND: POST /session/2ede4c5ecc824f8ada8cef8d592e3e00/element/f.DC8B541A7C98CD2E2FC15C3F0919C967.d.00F18E7AF813C50FB9F3A5120028F29D.e.4715/click - {}
RESULT: {}
COMMAND: GET /session/2ede4c5ecc824f8ada8cef8d592e3e00/screenshot - {}
RESULT: {}
COMMAND: POST /session/2ede4c5ecc824f8ada8cef8d592e3e00/element - {"using":"xpath","value":"//td[6]/div/div/div/span"}
RESULT: {"using":"xpath","value":"//td[6]/div/div/div/span"}
COMMAND: POST /session/2ede4c5ecc824f8ada8cef8d592e3e00/element/f.DC8B541A7C98CD2E2FC15C3F0919C967.d.00F18E7AF813C50FB9F3A5120028F29D.e.4727/click - {}
RESULT: {}
COMMAND: GET /session/2ede4c5ecc824f8ada8cef8d592e3e00/screenshot - {}
RESULT: {}
COMMAND: POST /session/2ede4c5ecc824f8ada8cef8d592e3e00/element - {"using":"xpath","value":"(//span[contains(text(), \"Material\")])"}
RESULT: {"using":"xpath","value":"(//span[contains(text(), \"Material\")])"}
COMMAND: POST /session/2ede4c5ecc824f8ada8cef8d592e3e00/element/f.DC8B541A7C98CD2E2FC15C3F0919C967.d.00F18E7AF813C50FB9F3A5120028F29D.e.4728/click - {}
RESULT: {}
COMMAND: GET /session/2ede4c5ecc824f8ada8cef8d592e3e00/screenshot - {}
RESULT: {}
COMMAND: POST /session/2ede4c5ecc824f8ada8cef8d592e3e00/element - {"using":"xpath","value":"//td[7]/div/div/input"}
RESULT: {"using":"xpath","value":"//td[7]/div/div/input"}
COMMAND: POST /session/2ede4c5ecc824f8ada8cef8d592e3e00/element/f.DC8B541A7C98CD2E2FC15C3F0919C967.d.00F18E7AF813C50FB9F3A5120028F29D.e.4731/clear - {}
RESULT: {}
COMMAND: POST /session/2ede4c5ecc824f8ada8cef8d592e3e00/element/f.DC8B541A7C98CD2E2FC15C3F0919C967.d.00F18E7AF813C50FB9F3A5120028F29D.e.4731/value - {"text":"200265"}
COMMAND: GET /session/2ede4c5ecc824f8ada8cef8d592e3e00/screenshot - {}
RESULT: {"text":"200265"}
COMMAND: GET /session/2ede4c5ecc824f8ada8cef8d592e3e00/screenshot - {}
RESULT: {}
RESULT: {}
COMMAND: POST /session/2ede4c5ecc824f8ada8cef8d592e3e00/actions - {"actions":[{"id":"action13","type":"key","parameters":{},"actions":[{"type":"keyDown","value":"î€‡"},{"type":"pause","duration":10},{"type":"keyUp","value":"î€‡"}]}]}
RESULT: {"actions":[{"id":"action13","type":"key","parameters":{},"actions":[{"type":"keyDown","value":"î€‡"},{"type":"pause","duration":10},{"type":"keyUp","value":"î€‡"}]}]}
COMMAND: GET /session/2ede4c5ecc824f8ada8cef8d592e3e00/screenshot - {}
RESULT: {}
COMMAND: POST /session/2ede4c5ecc824f8ada8cef8d592e3e00/execute/sync - {"script":"<script> [276 bytes]","args":["No pricing information was found"]}
RESULT: {"script":"<script> [276 bytes]","args":["No pricing information was found"]}
COMMAND: POST /session/2ede4c5ecc824f8ada8cef8d592e3e00/element - {"using":"xpath","value":"//bdi[contains(text(), \"OK\")]"}
COMMAND: GET /session/2ede4c5ecc824f8ada8cef8d592e3e00/screenshot - {}
RESULT: {"using":"xpath","value":"//bdi[contains(text(), \"OK\")]"}
COMMAND: POST /session/2ede4c5ecc824f8ada8cef8d592e3e00/element/f.DC8B541A7C98CD2E2FC15C3F0919C967.d.00F18E7AF813C50FB9F3A5120028F29D.e.4757/click - {}
RESULT: {}
RESULT: {}
COMMAND: GET /session/2ede4c5ecc824f8ada8cef8d592e3e00/screenshot - {}
RESULT: {}
COMMAND: POST /session/2ede4c5ecc824f8ada8cef8d592e3e00/element - {"using":"xpath","value":"(//button[@data-kt=\"saveButton\"])[2]"}
RESULT: {"using":"xpath","value":"(//button[@data-kt=\"saveButton\"])[2]"}
COMMAND: POST /session/2ede4c5ecc824f8ada8cef8d592e3e00/element/f.DC8B541A7C98CD2E2FC15C3F0919C967.d.00F18E7AF813C50FB9F3A5120028F29D.e.4758/click - {}
RESULT: {}
COMMAND: GET /session/2ede4c5ecc824f8ada8cef8d592e3e00/screenshot - {}
RESULT: {}
COMMAND: POST /session/2ede4c5ecc824f8ada8cef8d592e3e00/execute/sync - {"script":"<script> [276 bytes]","args":["Some contract items are having rental validity exceeding header rental validity"]}
RESULT: {"script":"<script> [276 bytes]","args":["Some contract items are having rental validity exceeding header rental validity"]}
COMMAND: GET /session/2ede4c5ecc824f8ada8cef8d592e3e00/screenshot - {}
RESULT: {}
COMMAND: POST /session/2ede4c5ecc824f8ada8cef8d592e3e00/element - {"using":"xpath","value":"//span[contains(@id ,\"contractItemsSmartTable-header-inner\")]"}
RESULT: {"using":"xpath","value":"//span[contains(@id ,\"contractItemsSmartTable-header-inner\")]"}
COMMAND: POST /session/2ede4c5ecc824f8ada8cef8d592e3e00/elements - {"using":"xpath","value":"//span[contains(@id ,\"contractItemsSmartTable-header-inner\")]"}
RESULT: {"using":"xpath","value":"//span[contains(@id ,\"contractItemsSmartTable-header-inner\")]"}
COMMAND: POST /session/2ede4c5ecc824f8ada8cef8d592e3e00/execute/sync - {"script":"<script> [56 bytes]","args":[{"element-6066-11e4-a52e-4f735466cecf":"f.DC8B541A7C98CD2E2FC15C3F0919C967.d.00F18E7AF813C50FB9F3A5120028F29D.e.4762","ELEMENT":"f.DC8B541A7C98CD2E2FC15C3F0919C967.d.00F18E7AF813C50FB9F3A5120028F29D.e.4762"}]}
RESULT: {"script":"<script> [56 bytes]","args":[{"element-6066-11e4-a52e-4f735466cecf":"f.DC8B541A7C98CD2E2FC15C3F0919C967.d.00F18E7AF813C50FB9F3A5120028F29D.e.4762","ELEMENT":"f.DC8B541A7C98CD2E2FC15C3F0919C967.d.00F18E7AF813C50FB9F3A5120028F29D.e.4762"}]}
COMMAND: GET /session/2ede4c5ecc824f8ada8cef8d592e3e00/screenshot - {}
]]></system-out>
    </testcase>
    <testcase classname="chrome.135_0_7049_96.windows.Prerequisites_&amp;_test_for_yard_mass_return_on_Yard_Overview_US131057" name="Prerq Should do a provide to site handover" time="66.314">
      <system-out><![CDATA[
COMMAND: POST /session/2ede4c5ecc824f8ada8cef8d592e3e00/element - {"using":"xpath","value":"//button[@data-kt=\"provideButton\"]"}
RESULT: {}
RESULT: {"using":"xpath","value":"//button[@data-kt=\"provideButton\"]"}
COMMAND: POST /session/2ede4c5ecc824f8ada8cef8d592e3e00/element/f.DC8B541A7C98CD2E2FC15C3F0919C967.d.00F18E7AF813C50FB9F3A5120028F29D.e.4763/click - {}
RESULT: {}
COMMAND: GET /session/2ede4c5ecc824f8ada8cef8d592e3e00/screenshot - {}
RESULT: {}
RESULT: undefined
COMMAND: POST /session/2ede4c5ecc824f8ada8cef8d592e3e00/execute/async - {"script":"<script> [6424 bytes]","args":[{"element-6066-11e4-a52e-4f735466cecf":"f.DC8B541A7C98CD2E2FC15C3F0919C967.d.00F18E7AF813C50FB9F3A5120028F29D.e.3608"},"setValue",["05/02/2025"]]}
COMMAND: POST /session/2ede4c5ecc824f8ada8cef8d592e3e00/execute/async - {"script":"<script> [1562 bytes]","args":[{"selector":{"id":"application-managehandovers-display-component---AddNewHO--dueDate","interaction":{"idSuffix":"inner"}},"wdio_ui5_key":"applicationmanagehandovers-display-component---AddNewHO--dueDate"}]}
RESULT: {"script":"<script> [1562 bytes]","args":[{"selector":{"id":"application-managehandovers-display-component---AddNewHO--dueDate","interaction":{"idSuffix":"inner"}},"wdio_ui5_key":"applicationmanagehandovers-display-component---AddNewHO--dueDate"}]}
COMMAND: POST /session/2ede4c5ecc824f8ada8cef8d592e3e00/execute/async - {"script":"<script> [6424 bytes]","args":[{"element-6066-11e4-a52e-4f735466cecf":"f.DC8B541A7C98CD2E2FC15C3F0919C967.d.00F18E7AF813C50FB9F3A5120028F29D.e.4839"},"setValue",["05/02/2025"]]}
RESULT: {"script":"<script> [6424 bytes]","args":[{"element-6066-11e4-a52e-4f735466cecf":"f.DC8B541A7C98CD2E2FC15C3F0919C967.d.00F18E7AF813C50FB9F3A5120028F29D.e.4839"},"setValue",["05/02/2025"]]}
COMMAND: POST /session/2ede4c5ecc824f8ada8cef8d592e3e00/element - {"using":"xpath","value":"//bdi[contains(text(), \"Instructions\")]"}
RESULT: {"using":"xpath","value":"//bdi[contains(text(), \"Instructions\")]"}
COMMAND: POST /session/2ede4c5ecc824f8ada8cef8d592e3e00/element/f.DC8B541A7C98CD2E2FC15C3F0919C967.d.00F18E7AF813C50FB9F3A5120028F29D.e.5101/click - {}
RESULT: {}
COMMAND: GET /session/2ede4c5ecc824f8ada8cef8d592e3e00/screenshot - {}
RESULT: {}
COMMAND: POST /session/2ede4c5ecc824f8ada8cef8d592e3e00/element - {"using":"xpath","value":"//button[@data-kt=\"AddNewHOProvideAddItemsButton\"]"}
RESULT: {"using":"xpath","value":"//button[@data-kt=\"AddNewHOProvideAddItemsButton\"]"}
COMMAND: POST /session/2ede4c5ecc824f8ada8cef8d592e3e00/element/f.DC8B541A7C98CD2E2FC15C3F0919C967.d.00F18E7AF813C50FB9F3A5120028F29D.e.5105/click - {}
RESULT: {}
COMMAND: GET /session/2ede4c5ecc824f8ada8cef8d592e3e00/screenshot - {}
RESULT: {}
RESULT: undefined
COMMAND: POST /session/2ede4c5ecc824f8ada8cef8d592e3e00/element - {"using":"xpath","value":"//*[@id=\"application-managehandovers-display-component---AddNewHO--popup-sa\"]"}
RESULT: {"using":"xpath","value":"//*[@id=\"application-managehandovers-display-component---AddNewHO--popup-sa\"]"}
COMMAND: POST /session/2ede4c5ecc824f8ada8cef8d592e3e00/element/f.DC8B541A7C98CD2E2FC15C3F0919C967.d.00F18E7AF813C50FB9F3A5120028F29D.e.5115/click - {}
RESULT: {}
COMMAND: GET /session/2ede4c5ecc824f8ada8cef8d592e3e00/screenshot - {}
RESULT: {}
COMMAND: POST /session/2ede4c5ecc824f8ada8cef8d592e3e00/element - {"using":"xpath","value":"//*[contains(@id ,\"BDI-content\")][contains(text(), \"Select\")]"}
RESULT: {"using":"xpath","value":"//*[contains(@id ,\"BDI-content\")][contains(text(), \"Select\")]"}
COMMAND: POST /session/2ede4c5ecc824f8ada8cef8d592e3e00/element/f.DC8B541A7C98CD2E2FC15C3F0919C967.d.00F18E7AF813C50FB9F3A5120028F29D.e.5116/click - {}
RESULT: {}
COMMAND: GET /session/2ede4c5ecc824f8ada8cef8d592e3e00/screenshot - {}
RESULT: {}
COMMAND: POST /session/2ede4c5ecc824f8ada8cef8d592e3e00/execute/async - {"script":"<script> [1562 bytes]","args":[{"selector":{"id":"application-managehandovers-display-component---AddNewHO--confirmCreationButton","interaction":{"idSuffix":"BDI-content"}},"wdio_ui5_key":"applicationmanagehandovers-display-component---AddNewHO--confirmCreationButton"}]}
RESULT: {"script":"<script> [1562 bytes]","args":[{"selector":{"id":"application-managehandovers-display-component---AddNewHO--confirmCreationButton","interaction":{"idSuffix":"BDI-content"}},"wdio_ui5_key":"applicationmanagehandovers-display-component---AddNewHO--confirmCreationButton"}]}
RESULT: undefined
COMMAND: POST /session/2ede4c5ecc824f8ada8cef8d592e3e00/element - {"using":"xpath","value":"//*[@id=\"application-managehandovers-display-component---AddNewHO--confirmCreationButton\"]"}
RESULT: {"using":"xpath","value":"//*[@id=\"application-managehandovers-display-component---AddNewHO--confirmCreationButton\"]"}
COMMAND: POST /session/2ede4c5ecc824f8ada8cef8d592e3e00/element/f.DC8B541A7C98CD2E2FC15C3F0919C967.d.00F18E7AF813C50FB9F3A5120028F29D.e.4886/click - {}
RESULT: {}
COMMAND: GET /session/2ede4c5ecc824f8ada8cef8d592e3e00/screenshot - {}
RESULT: {}
COMMAND: POST /session/2ede4c5ecc824f8ada8cef8d592e3e00/element - {"using":"xpath","value":"//button[@data-kt=\"PickingTableConfirmAllButton\"]"}
RESULT: {"using":"xpath","value":"//button[@data-kt=\"PickingTableConfirmAllButton\"]"}
COMMAND: POST /session/2ede4c5ecc824f8ada8cef8d592e3e00/element/f.DC8B541A7C98CD2E2FC15C3F0919C967.d.00F18E7AF813C50FB9F3A5120028F29D.e.5154/click - {}
COMMAND: POST /session/2ede4c5ecc824f8ada8cef8d592e3e00/element - {"using":"xpath","value":"//button[@data-kt=\"PickingTableConfirmAllButton\"]"}
RESULT: {"using":"xpath","value":"//button[@data-kt=\"PickingTableConfirmAllButton\"]"}
COMMAND: POST /session/2ede4c5ecc824f8ada8cef8d592e3e00/element/f.DC8B541A7C98CD2E2FC15C3F0919C967.d.00F18E7AF813C50FB9F3A5120028F29D.e.5154/click - {}
COMMAND: POST /session/2ede4c5ecc824f8ada8cef8d592e3e00/element - {"using":"xpath","value":"//button[@data-kt=\"PickingTableConfirmAllButton\"]"}
RESULT: {"using":"xpath","value":"//button[@data-kt=\"PickingTableConfirmAllButton\"]"}
COMMAND: POST /session/2ede4c5ecc824f8ada8cef8d592e3e00/element/f.DC8B541A7C98CD2E2FC15C3F0919C967.d.00F18E7AF813C50FB9F3A5120028F29D.e.5173/click - {}
RESULT: {}
COMMAND: GET /session/2ede4c5ecc824f8ada8cef8d592e3e00/screenshot - {}
RESULT: {}
COMMAND: POST /session/2ede4c5ecc824f8ada8cef8d592e3e00/element - {"using":"xpath","value":"//bdi[contains(text(), \"OK\")]"}
RESULT: {"using":"xpath","value":"//bdi[contains(text(), \"OK\")]"}
COMMAND: POST /session/2ede4c5ecc824f8ada8cef8d592e3e00/element/f.DC8B541A7C98CD2E2FC15C3F0919C967.d.00F18E7AF813C50FB9F3A5120028F29D.e.5176/click - {}
RESULT: {}
COMMAND: GET /session/2ede4c5ecc824f8ada8cef8d592e3e00/screenshot - {}
RESULT: {}
COMMAND: POST /session/2ede4c5ecc824f8ada8cef8d592e3e00/element - {"using":"xpath","value":"//bdi[contains(text(), \"Issue\")]"}
RESULT: {"using":"xpath","value":"//bdi[contains(text(), \"Issue\")]"}
COMMAND: POST /session/2ede4c5ecc824f8ada8cef8d592e3e00/element/f.DC8B541A7C98CD2E2FC15C3F0919C967.d.00F18E7AF813C50FB9F3A5120028F29D.e.5178/click - {}
RESULT: {}
COMMAND: GET /session/2ede4c5ecc824f8ada8cef8d592e3e00/screenshot - {}
RESULT: {}
COMMAND: POST /session/2ede4c5ecc824f8ada8cef8d592e3e00/element - {"using":"css selector","value":"#shell-header-logo"}
RESULT: {"using":"css selector","value":"#shell-header-logo"}
COMMAND: POST /session/2ede4c5ecc824f8ada8cef8d592e3e00/element/f.DC8B541A7C98CD2E2FC15C3F0919C967.d.00F18E7AF813C50FB9F3A5120028F29D.e.4023/click - {}
RESULT: {}
COMMAND: GET /session/2ede4c5ecc824f8ada8cef8d592e3e00/screenshot - {}
RESULT: {}
]]></system-out>
    </testcase>
    <testcase classname="chrome.135_0_7049_96.windows.Prerequisites_&amp;_test_for_yard_mass_return_on_Yard_Overview_US131057" name="Should do mass return on Yard Overview US131057" time="60.972">
      <system-out><![CDATA[
COMMAND: POST /session/2ede4c5ecc824f8ada8cef8d592e3e00/execute/async - {"script":"<script> [1562 bytes]","args":[{"selector":{"controlType":"sap.m.GenericTile","properties":{"header":"Yard Overview"}},"wdio_ui5_key":"sapm.GenericTile{\"header\":\"Yard Overview\"}"}]}
RESULT: {"script":"<script> [1562 bytes]","args":[{"selector":{"controlType":"sap.m.GenericTile","properties":{"header":"Yard Overview"}},"wdio_ui5_key":"sapm.GenericTile{\"header\":\"Yard Overview\"}"}]}
RESULT: undefined
COMMAND: POST /session/2ede4c5ecc824f8ada8cef8d592e3e00/element - {"using":"xpath","value":"//*[@id=\"__tile102\"]"}
RESULT: {"using":"xpath","value":"//*[@id=\"__tile102\"]"}
COMMAND: POST /session/2ede4c5ecc824f8ada8cef8d592e3e00/element/f.DC8B541A7C98CD2E2FC15C3F0919C967.d.00F18E7AF813C50FB9F3A5120028F29D.e.5357/click - {}
RESULT: {}
COMMAND: GET /session/2ede4c5ecc824f8ada8cef8d592e3e00/screenshot - {}
RESULT: {}
COMMAND: POST /session/2ede4c5ecc824f8ada8cef8d592e3e00/element - {"using":"xpath","value":"//input[contains(@id,\"application-yardoverview-display-component---masterYardInventory--smartFilterBar-btnBasicSearch-I\")]"}
RESULT: {"using":"xpath","value":"//input[contains(@id,\"application-yardoverview-display-component---masterYardInventory--smartFilterBar-btnBasicSearch-I\")]"}
COMMAND: POST /session/2ede4c5ecc824f8ada8cef8d592e3e00/elements - {"using":"xpath","value":"//input[contains(@id,\"application-yardoverview-display-component---masterYardInventory--smartFilterBar-btnBasicSearch-I\")]"}
RESULT: {"using":"xpath","value":"//input[contains(@id,\"application-yardoverview-display-component---masterYardInventory--smartFilterBar-btnBasicSearch-I\")]"}
COMMAND: POST /session/2ede4c5ecc824f8ada8cef8d592e3e00/elements - {"using":"xpath","value":"//input[contains(@id,\"application-yardoverview-display-component---masterYardInventory--smartFilterBar-btnBasicSearch-I\")]"}
RESULT: {"using":"xpath","value":"//input[contains(@id,\"application-yardoverview-display-component---masterYardInventory--smartFilterBar-btnBasicSearch-I\")]"}
COMMAND: POST /session/2ede4c5ecc824f8ada8cef8d592e3e00/element - {"using":"xpath","value":"//input[contains(@id,\"application-yardoverview-display-component---masterYardInventory--smartFilterBar-btnBasicSearch-I\")]"}
RESULT: {"using":"xpath","value":"//input[contains(@id,\"application-yardoverview-display-component---masterYardInventory--smartFilterBar-btnBasicSearch-I\")]"}
COMMAND: POST /session/2ede4c5ecc824f8ada8cef8d592e3e00/execute/sync - {"script":"<script> [8489 bytes]","args":[{"element-6066-11e4-a52e-4f735466cecf":"f.DC8B541A7C98CD2E2FC15C3F0919C967.d.00F18E7AF813C50FB9F3A5120028F29D.e.5364","ELEMENT":"f.DC8B541A7C98CD2E2FC15C3F0919C967.d.00F18E7AF813C50FB9F3A5120028F29D.e.5364"}]}
RESULT: {"script":"<script> [8489 bytes]","args":[{"element-6066-11e4-a52e-4f735466cecf":"f.DC8B541A7C98CD2E2FC15C3F0919C967.d.00F18E7AF813C50FB9F3A5120028F29D.e.5364","ELEMENT":"f.DC8B541A7C98CD2E2FC15C3F0919C967.d.00F18E7AF813C50FB9F3A5120028F29D.e.5364"}]}
COMMAND: GET /session/2ede4c5ecc824f8ada8cef8d592e3e00/element/f.DC8B541A7C98CD2E2FC15C3F0919C967.d.00F18E7AF813C50FB9F3A5120028F29D.e.5364/enabled - {}
COMMAND: GET /session/2ede4c5ecc824f8ada8cef8d592e3e00/screenshot - {}
RESULT: {}
COMMAND: POST /session/2ede4c5ecc824f8ada8cef8d592e3e00/execute/sync - {"script":"<script> [8489 bytes]","args":[{"element-6066-11e4-a52e-4f735466cecf":"f.DC8B541A7C98CD2E2FC15C3F0919C967.d.00F18E7AF813C50FB9F3A5120028F29D.e.5364","ELEMENT":"f.DC8B541A7C98CD2E2FC15C3F0919C967.d.00F18E7AF813C50FB9F3A5120028F29D.e.5364"}]}
COMMAND: GET /session/2ede4c5ecc824f8ada8cef8d592e3e00/screenshot - {}
RESULT: {}
RESULT: {"script":"<script> [8489 bytes]","args":[{"element-6066-11e4-a52e-4f735466cecf":"f.DC8B541A7C98CD2E2FC15C3F0919C967.d.00F18E7AF813C50FB9F3A5120028F29D.e.5364","ELEMENT":"f.DC8B541A7C98CD2E2FC15C3F0919C967.d.00F18E7AF813C50FB9F3A5120028F29D.e.5364"}]}
COMMAND: POST /session/2ede4c5ecc824f8ada8cef8d592e3e00/execute/sync - {"script":"<script> [5351 bytes]","args":[{"element-6066-11e4-a52e-4f735466cecf":"f.DC8B541A7C98CD2E2FC15C3F0919C967.d.00F18E7AF813C50FB9F3A5120028F29D.e.5364","ELEMENT":"f.DC8B541A7C98CD2E2FC15C3F0919C967.d.00F18E7AF813C50FB9F3A5120028F29D.e.5364"}]}
COMMAND: GET /session/2ede4c5ecc824f8ada8cef8d592e3e00/screenshot - {}
RESULT: {}
RESULT: {"script":"<script> [5351 bytes]","args":[{"element-6066-11e4-a52e-4f735466cecf":"f.DC8B541A7C98CD2E2FC15C3F0919C967.d.00F18E7AF813C50FB9F3A5120028F29D.e.5364","ELEMENT":"f.DC8B541A7C98CD2E2FC15C3F0919C967.d.00F18E7AF813C50FB9F3A5120028F29D.e.5364"}]}
COMMAND: GET /session/2ede4c5ecc824f8ada8cef8d592e3e00/screenshot - {}
RESULT: {}
RESULT: {}
COMMAND: POST /session/2ede4c5ecc824f8ada8cef8d592e3e00/execute/async - {"script":"<script> [1562 bytes]","args":[{"selector":{"id":"application-yardoverview-display-component---masterYardInventory--smartFilterBar-btnBasicSearch","interaction":{"idSuffix":"I"}},"wdio_ui5_key":"applicationyardoverview-display-component---masterYardInventory--smartFilterBar-btnBasicSearch"}]}
RESULT: {"script":"<script> [1562 bytes]","args":[{"selector":{"id":"application-yardoverview-display-component---masterYardInventory--smartFilterBar-btnBasicSearch","interaction":{"idSuffix":"I"}},"wdio_ui5_key":"applicationyardoverview-display-component---masterYardInventory--smartFilterBar-btnBasicSearch"}]}
RESULT: undefined
COMMAND: POST /session/2ede4c5ecc824f8ada8cef8d592e3e00/execute/async - {"script":"<script> [776 bytes]","args":[{"enterText":"494","selector":{"id":"application-yardoverview-display-component---masterYardInventory--smartFilterBar-btnBasicSearch","interaction":{"idSuffix":"I"}},"clearTextFirst":true,"interactionType":"ENTER_TEXT"}]}
RESULT: {"script":"<script> [776 bytes]","args":[{"enterText":"494","selector":{"id":"application-yardoverview-display-component---masterYardInventory--smartFilterBar-btnBasicSearch","interaction":{"idSuffix":"I"}},"clearTextFirst":true,"interactionType":"ENTER_TEXT"}]}
COMMAND: POST /session/2ede4c5ecc824f8ada8cef8d592e3e00/actions - {"actions":[{"id":"action14","type":"key","parameters":{},"actions":[{"type":"keyDown","value":"î€‡"},{"type":"pause","duration":10},{"type":"keyUp","value":"î€‡"}]}]}
RESULT: {"actions":[{"id":"action14","type":"key","parameters":{},"actions":[{"type":"keyDown","value":"î€‡"},{"type":"pause","duration":10},{"type":"keyUp","value":"î€‡"}]}]}
COMMAND: GET /session/2ede4c5ecc824f8ada8cef8d592e3e00/screenshot - {}
RESULT: {}
COMMAND: POST /session/2ede4c5ecc824f8ada8cef8d592e3e00/element - {"using":"xpath","value":"(//span[contains(@id, \"imgNav\")])[1]"}
RESULT: {"using":"xpath","value":"(//span[contains(@id, \"imgNav\")])[1]"}
COMMAND: POST /session/2ede4c5ecc824f8ada8cef8d592e3e00/element/f.DC8B541A7C98CD2E2FC15C3F0919C967.d.00F18E7AF813C50FB9F3A5120028F29D.e.5428/click - {}
RESULT: {}
COMMAND: GET /session/2ede4c5ecc824f8ada8cef8d592e3e00/screenshot - {}
RESULT: {}
COMMAND: POST /session/2ede4c5ecc824f8ada8cef8d592e3e00/execute/async - {"script":"<script> [1562 bytes]","args":[{"selector":{"id":"application-yardoverview-display-component---detailYardInventory--ObjectPageLayout-anchBar-application-yardoverview-display-component---detailYardInventory--openReturnsSection-anchor","interaction":{"idSuffix":"BDI-content"}},"wdio_ui5_key":"applicationyardoverview-display-component---detailYardInventory--ObjectPageLayout-anchBar-application-yardoverview-display-component---detailYardInventory--openReturnsSection-anchor"}]}
RESULT: {"script":"<script> [1562 bytes]","args":[{"selector":{"id":"application-yardoverview-display-component---detailYardInventory--ObjectPageLayout-anchBar-application-yardoverview-display-component---detailYardInventory--openReturnsSection-anchor","interaction":{"idSuffix":"BDI-content"}},"wdio_ui5_key":"applicationyardoverview-display-component---detailYardInventory--ObjectPageLayout-anchBar-application-yardoverview-display-component---detailYardInventory--openReturnsSection-anchor"}]}
RESULT: undefined
COMMAND: POST /session/2ede4c5ecc824f8ada8cef8d592e3e00/element - {"using":"xpath","value":"//*[@id=\"application-yardoverview-display-component---detailYardInventory--ObjectPageLayout-anchBar-application-yardoverview-display-component---detailYardInventory--openReturnsSection-anchor\"]"}
RESULT: {"using":"xpath","value":"//*[@id=\"application-yardoverview-display-component---detailYardInventory--ObjectPageLayout-anchBar-application-yardoverview-display-component---detailYardInventory--openReturnsSection-anchor\"]"}
COMMAND: POST /session/2ede4c5ecc824f8ada8cef8d592e3e00/element/f.DC8B541A7C98CD2E2FC15C3F0919C967.d.00F18E7AF813C50FB9F3A5120028F29D.e.5519/click - {}
RESULT: {}
COMMAND: GET /session/2ede4c5ecc824f8ada8cef8d592e3e00/screenshot - {}
RESULT: {}
COMMAND: POST /session/2ede4c5ecc824f8ada8cef8d592e3e00/execute/async - {"script":"<script> [1562 bytes]","args":[{"selector":{"id":"application-yardoverview-display-component---detailYardInventory--openReturns-triggerAction-returnBtn","interaction":{"idSuffix":"BDI-content"}},"wdio_ui5_key":"applicationyardoverview-display-component---detailYardInventory--openReturns-triggerAction-returnBtn"}]}
RESULT: {"script":"<script> [1562 bytes]","args":[{"selector":{"id":"application-yardoverview-display-component---detailYardInventory--openReturns-triggerAction-returnBtn","interaction":{"idSuffix":"BDI-content"}},"wdio_ui5_key":"applicationyardoverview-display-component---detailYardInventory--openReturns-triggerAction-returnBtn"}]}
RESULT: undefined
COMMAND: POST /session/2ede4c5ecc824f8ada8cef8d592e3e00/element - {"using":"xpath","value":"//*[@id=\"application-yardoverview-display-component---detailYardInventory--openReturns-triggerAction-returnBtn\"]"}
RESULT: {"using":"xpath","value":"//*[@id=\"application-yardoverview-display-component---detailYardInventory--openReturns-triggerAction-returnBtn\"]"}
COMMAND: POST /session/2ede4c5ecc824f8ada8cef8d592e3e00/element/f.DC8B541A7C98CD2E2FC15C3F0919C967.d.00F18E7AF813C50FB9F3A5120028F29D.e.5542/click - {}
RESULT: {}
COMMAND: GET /session/2ede4c5ecc824f8ada8cef8d592e3e00/screenshot - {}
RESULT: {}
COMMAND: POST /session/2ede4c5ecc824f8ada8cef8d592e3e00/element - {"using":"xpath","value":"//div[@id=\"application-yardoverview-display-component---detailYardInventory--customReturnsTable-sa-CbBg\"]"}
RESULT: {"using":"xpath","value":"//div[@id=\"application-yardoverview-display-component---detailYardInventory--customReturnsTable-sa-CbBg\"]"}
COMMAND: POST /session/2ede4c5ecc824f8ada8cef8d592e3e00/execute/sync - {"script":"<script> [8489 bytes]","args":[{"element-6066-11e4-a52e-4f735466cecf":"f.DC8B541A7C98CD2E2FC15C3F0919C967.d.00F18E7AF813C50FB9F3A5120028F29D.e.5560","ELEMENT":"f.DC8B541A7C98CD2E2FC15C3F0919C967.d.00F18E7AF813C50FB9F3A5120028F29D.e.5560"}]}
RESULT: {"script":"<script> [8489 bytes]","args":[{"element-6066-11e4-a52e-4f735466cecf":"f.DC8B541A7C98CD2E2FC15C3F0919C967.d.00F18E7AF813C50FB9F3A5120028F29D.e.5560","ELEMENT":"f.DC8B541A7C98CD2E2FC15C3F0919C967.d.00F18E7AF813C50FB9F3A5120028F29D.e.5560"}]}
COMMAND: POST /session/2ede4c5ecc824f8ada8cef8d592e3e00/execute/sync - {"script":"<script> [5351 bytes]","args":[{"element-6066-11e4-a52e-4f735466cecf":"f.DC8B541A7C98CD2E2FC15C3F0919C967.d.00F18E7AF813C50FB9F3A5120028F29D.e.5560","ELEMENT":"f.DC8B541A7C98CD2E2FC15C3F0919C967.d.00F18E7AF813C50FB9F3A5120028F29D.e.5560"}]}
COMMAND: GET /session/2ede4c5ecc824f8ada8cef8d592e3e00/screenshot - {}
RESULT: {"script":"<script> [5351 bytes]","args":[{"element-6066-11e4-a52e-4f735466cecf":"f.DC8B541A7C98CD2E2FC15C3F0919C967.d.00F18E7AF813C50FB9F3A5120028F29D.e.5560","ELEMENT":"f.DC8B541A7C98CD2E2FC15C3F0919C967.d.00F18E7AF813C50FB9F3A5120028F29D.e.5560"}]}
COMMAND: POST /session/2ede4c5ecc824f8ada8cef8d592e3e00/element/f.DC8B541A7C98CD2E2FC15C3F0919C967.d.00F18E7AF813C50FB9F3A5120028F29D.e.5560/click - {}
COMMAND: GET /session/2ede4c5ecc824f8ada8cef8d592e3e00/screenshot - {}
RESULT: {}
RESULT: {}
COMMAND: GET /session/2ede4c5ecc824f8ada8cef8d592e3e00/screenshot - {}
RESULT: {}
RESULT: {}
COMMAND: POST /session/2ede4c5ecc824f8ada8cef8d592e3e00/actions - {"actions":[{"id":"action15","type":"key","parameters":{},"actions":[{"type":"keyDown","value":"î€‡"},{"type":"pause","duration":10},{"type":"keyUp","value":"î€‡"}]}]}
RESULT: {"actions":[{"id":"action15","type":"key","parameters":{},"actions":[{"type":"keyDown","value":"î€‡"},{"type":"pause","duration":10},{"type":"keyUp","value":"î€‡"}]}]}
COMMAND: POST /session/2ede4c5ecc824f8ada8cef8d592e3e00/element - {"using":"xpath","value":"//bdi[text()=\"Return\"]"}
COMMAND: GET /session/2ede4c5ecc824f8ada8cef8d592e3e00/screenshot - {}
RESULT: {"using":"xpath","value":"//bdi[text()=\"Return\"]"}
COMMAND: POST /session/2ede4c5ecc824f8ada8cef8d592e3e00/execute/sync - {"script":"<script> [8489 bytes]","args":[{"element-6066-11e4-a52e-4f735466cecf":"f.DC8B541A7C98CD2E2FC15C3F0919C967.d.00F18E7AF813C50FB9F3A5120028F29D.e.5541","ELEMENT":"f.DC8B541A7C98CD2E2FC15C3F0919C967.d.00F18E7AF813C50FB9F3A5120028F29D.e.5541"}]}
RESULT: {}
RESULT: {"script":"<script> [8489 bytes]","args":[{"element-6066-11e4-a52e-4f735466cecf":"f.DC8B541A7C98CD2E2FC15C3F0919C967.d.00F18E7AF813C50FB9F3A5120028F29D.e.5541","ELEMENT":"f.DC8B541A7C98CD2E2FC15C3F0919C967.d.00F18E7AF813C50FB9F3A5120028F29D.e.5541"}]}
COMMAND: POST /session/2ede4c5ecc824f8ada8cef8d592e3e00/execute/sync - {"script":"<script> [5351 bytes]","args":[{"element-6066-11e4-a52e-4f735466cecf":"f.DC8B541A7C98CD2E2FC15C3F0919C967.d.00F18E7AF813C50FB9F3A5120028F29D.e.5541","ELEMENT":"f.DC8B541A7C98CD2E2FC15C3F0919C967.d.00F18E7AF813C50FB9F3A5120028F29D.e.5541"}]}
COMMAND: GET /session/2ede4c5ecc824f8ada8cef8d592e3e00/screenshot - {}
RESULT: {"script":"<script> [5351 bytes]","args":[{"element-6066-11e4-a52e-4f735466cecf":"f.DC8B541A7C98CD2E2FC15C3F0919C967.d.00F18E7AF813C50FB9F3A5120028F29D.e.5541","ELEMENT":"f.DC8B541A7C98CD2E2FC15C3F0919C967.d.00F18E7AF813C50FB9F3A5120028F29D.e.5541"}]}
COMMAND: POST /session/2ede4c5ecc824f8ada8cef8d592e3e00/element/f.DC8B541A7C98CD2E2FC15C3F0919C967.d.00F18E7AF813C50FB9F3A5120028F29D.e.5541/click - {}
COMMAND: GET /session/2ede4c5ecc824f8ada8cef8d592e3e00/screenshot - {}
RESULT: {}
RESULT: {}
COMMAND: POST /session/2ede4c5ecc824f8ada8cef8d592e3e00/execute/async - {"script":"<script> [1562 bytes]","args":[{"selector":{"controlType":"sap.m.Text","properties":{"text":"Mass Create Handovers process was executed with success!"},"searchOpenDialogs":true},"wdio_ui5_key":"sapm.Text{\"text\":\"Mass Create Handovers process was executed with success!\"}"}]}
COMMAND: GET /session/2ede4c5ecc824f8ada8cef8d592e3e00/screenshot - {}
RESULT: {}
RESULT: {"script":"<script> [1562 bytes]","args":[{"selector":{"controlType":"sap.m.Text","properties":{"text":"Mass Create Handovers process was executed with success!"},"searchOpenDialogs":true},"wdio_ui5_key":"sapm.Text{\"text\":\"Mass Create Handovers process was executed with success!\"}"}]}
RESULT: undefined
COMMAND: POST /session/2ede4c5ecc824f8ada8cef8d592e3e00/execute/async - {"script":"<script> [6424 bytes]","args":[{"element-6066-11e4-a52e-4f735466cecf":"f.DC8B541A7C98CD2E2FC15C3F0919C967.d.00F18E7AF813C50FB9F3A5120028F29D.e.5563"},"getText",[]]}
RESULT: {}
RESULT: {"script":"<script> [6424 bytes]","args":[{"element-6066-11e4-a52e-4f735466cecf":"f.DC8B541A7C98CD2E2FC15C3F0919C967.d.00F18E7AF813C50FB9F3A5120028F29D.e.5563"},"getText",[]]}
COMMAND: POST /session/2ede4c5ecc824f8ada8cef8d592e3e00/execute/async - {"script":"<script> [1562 bytes]","args":[{"selector":{"controlType":"sap.m.Button","properties":{"text":"OK"},"searchOpenDialogs":true,"interaction":{"idSuffix":"BDI-content"}},"wdio_ui5_key":"sapm.Button{\"text\":\"OK\"}"}]}
RESULT: {"script":"<script> [1562 bytes]","args":[{"selector":{"controlType":"sap.m.Button","properties":{"text":"OK"},"searchOpenDialogs":true,"interaction":{"idSuffix":"BDI-content"}},"wdio_ui5_key":"sapm.Button{\"text\":\"OK\"}"}]}
RESULT: undefined
COMMAND: POST /session/2ede4c5ecc824f8ada8cef8d592e3e00/element - {"using":"xpath","value":"//*[@id=\"__mbox-btn-6\"]"}
RESULT: {"using":"xpath","value":"//*[@id=\"__mbox-btn-6\"]"}
COMMAND: POST /session/2ede4c5ecc824f8ada8cef8d592e3e00/element/f.DC8B541A7C98CD2E2FC15C3F0919C967.d.00F18E7AF813C50FB9F3A5120028F29D.e.5562/click - {}
RESULT: {}
COMMAND: GET /session/2ede4c5ecc824f8ada8cef8d592e3e00/screenshot - {}
RESULT: {}
COMMAND: POST /session/2ede4c5ecc824f8ada8cef8d592e3e00/execute/async - {"script":"<script> [1562 bytes]","args":[{"selector":{"controlType":"sap.m.Text","viewName":"etm.portal.ui.yardoverview.view.Detail","viewId":"application-yardoverview-display-component---detailYardInventory","bindingPath":{"path":"","propertyPath":"STATUS_DESC"}},"wdio_ui5_key":"etmportal.ui.yardoverview.view.Detailsap.m.Text{\"path\":\"\",\"propertyPath\":\"STATUS_DESC\"}"}]}
RESULT: {"script":"<script> [1562 bytes]","args":[{"selector":{"controlType":"sap.m.Text","viewName":"etm.portal.ui.yardoverview.view.Detail","viewId":"application-yardoverview-display-component---detailYardInventory","bindingPath":{"path":"","propertyPath":"STATUS_DESC"}},"wdio_ui5_key":"etmportal.ui.yardoverview.view.Detailsap.m.Text{\"path\":\"\",\"propertyPath\":\"STATUS_DESC\"}"}]}
RESULT: undefined
COMMAND: POST /session/2ede4c5ecc824f8ada8cef8d592e3e00/execute/async - {"script":"<script> [6424 bytes]","args":[{"element-6066-11e4-a52e-4f735466cecf":"f.DC8B541A7C98CD2E2FC15C3F0919C967.d.00F18E7AF813C50FB9F3A5120028F29D.e.5565"},"getText",[]]}
RESULT: {"script":"<script> [6424 bytes]","args":[{"element-6066-11e4-a52e-4f735466cecf":"f.DC8B541A7C98CD2E2FC15C3F0919C967.d.00F18E7AF813C50FB9F3A5120028F29D.e.5565"},"getText",[]]}
COMMAND: POST /session/2ede4c5ecc824f8ada8cef8d592e3e00/element - {"using":"css selector","value":"#shell-header-logo"}
RESULT: {"using":"css selector","value":"#shell-header-logo"}
COMMAND: POST /session/2ede4c5ecc824f8ada8cef8d592e3e00/element/f.DC8B541A7C98CD2E2FC15C3F0919C967.d.00F18E7AF813C50FB9F3A5120028F29D.e.5360/click - {}
RESULT: {}
COMMAND: GET /session/2ede4c5ecc824f8ada8cef8d592e3e00/screenshot - {}
RESULT: {}
COMMAND: POST /session/2ede4c5ecc824f8ada8cef8d592e3e00/element - {"using":"css selector","value":"#j_username"}
COMMAND: POST /session/2ede4c5ecc824f8ada8cef8d592e3e00/url - {"url":"https://qa-testing-00-live-etm-ui.cfapps.eu10-004.hana.ondemand.com/"}
RESULT: {"using":"css selector","value":"#j_username"}
COMMAND: POST /session/2ede4c5ecc824f8ada8cef8d592e3e00/element - {"using":"css selector","value":"#j_username"}
RESULT: {"url":"https://qa-testing-00-live-etm-ui.cfapps.eu10-004.hana.ondemand.com/"}
RESULT: undefined
COMMAND: GET /session/2ede4c5ecc824f8ada8cef8d592e3e00/screenshot - {}
RESULT: {"using":"css selector","value":"#j_username"}
COMMAND: POST /session/2ede4c5ecc824f8ada8cef8d592e3e00/element - {"using":"css selector","value":"#shell-header-logo"}
RESULT: {}
RESULT: {"using":"css selector","value":"#shell-header-logo"}
COMMAND: POST /session/2ede4c5ecc824f8ada8cef8d592e3e00/execute/sync - {"script":"<script> [8489 bytes]","args":[{"element-6066-11e4-a52e-4f735466cecf":"f.DC8B541A7C98CD2E2FC15C3F0919C967.d.87602EA3BA88E992EC1C5571B9A59719.e.5582","ELEMENT":"f.DC8B541A7C98CD2E2FC15C3F0919C967.d.87602EA3BA88E992EC1C5571B9A59719.e.5582"}]}
RESULT: {"script":"<script> [8489 bytes]","args":[{"element-6066-11e4-a52e-4f735466cecf":"f.DC8B541A7C98CD2E2FC15C3F0919C967.d.87602EA3BA88E992EC1C5571B9A59719.e.5582","ELEMENT":"f.DC8B541A7C98CD2E2FC15C3F0919C967.d.87602EA3BA88E992EC1C5571B9A59719.e.5582"}]}
COMMAND: POST /session/2ede4c5ecc824f8ada8cef8d592e3e00/element - {"using":"css selector","value":"#shell-header-logo"}
COMMAND: GET /session/2ede4c5ecc824f8ada8cef8d592e3e00/screenshot - {}
RESULT: {"using":"css selector","value":"#shell-header-logo"}
COMMAND: POST /session/2ede4c5ecc824f8ada8cef8d592e3e00/execute/sync - {"script":"<script> [8489 bytes]","args":[{"element-6066-11e4-a52e-4f735466cecf":"f.DC8B541A7C98CD2E2FC15C3F0919C967.d.87602EA3BA88E992EC1C5571B9A59719.e.5582","ELEMENT":"f.DC8B541A7C98CD2E2FC15C3F0919C967.d.87602EA3BA88E992EC1C5571B9A59719.e.5582"}]}
RESULT: {}
RESULT: {"script":"<script> [8489 bytes]","args":[{"element-6066-11e4-a52e-4f735466cecf":"f.DC8B541A7C98CD2E2FC15C3F0919C967.d.87602EA3BA88E992EC1C5571B9A59719.e.5582","ELEMENT":"f.DC8B541A7C98CD2E2FC15C3F0919C967.d.87602EA3BA88E992EC1C5571B9A59719.e.5582"}]}
COMMAND: POST /session/2ede4c5ecc824f8ada8cef8d592e3e00/execute/sync - {"script":"<script> [5351 bytes]","args":[{"element-6066-11e4-a52e-4f735466cecf":"f.DC8B541A7C98CD2E2FC15C3F0919C967.d.87602EA3BA88E992EC1C5571B9A59719.e.5582","ELEMENT":"f.DC8B541A7C98CD2E2FC15C3F0919C967.d.87602EA3BA88E992EC1C5571B9A59719.e.5582"}]}
COMMAND: GET /session/2ede4c5ecc824f8ada8cef8d592e3e00/screenshot - {}
RESULT: {"script":"<script> [5351 bytes]","args":[{"element-6066-11e4-a52e-4f735466cecf":"f.DC8B541A7C98CD2E2FC15C3F0919C967.d.87602EA3BA88E992EC1C5571B9A59719.e.5582","ELEMENT":"f.DC8B541A7C98CD2E2FC15C3F0919C967.d.87602EA3BA88E992EC1C5571B9A59719.e.5582"}]}
COMMAND: POST /session/2ede4c5ecc824f8ada8cef8d592e3e00/element - {"using":"css selector","value":"#shell-header-logo"}
COMMAND: GET /session/2ede4c5ecc824f8ada8cef8d592e3e00/screenshot - {}
RESULT: {}
RESULT: {"using":"css selector","value":"#shell-header-logo"}
COMMAND: POST /session/2ede4c5ecc824f8ada8cef8d592e3e00/element/f.DC8B541A7C98CD2E2FC15C3F0919C967.d.87602EA3BA88E992EC1C5571B9A59719.e.5582/click - {}
RESULT: {}
RESULT: {}
COMMAND: GET /session/2ede4c5ecc824f8ada8cef8d592e3e00/screenshot - {}
RESULT: {}
COMMAND: POST /session/2ede4c5ecc824f8ada8cef8d592e3e00/execute/async - {"script":"<script> [189 bytes]","args":[]}
RESULT: {"script":"<script> [189 bytes]","args":[]}
COMMAND: POST /session/2ede4c5ecc824f8ada8cef8d592e3e00/execute/async - {"script":"<script> [123 bytes]","args":[]}
RESULT: {"script":"<script> [123 bytes]","args":[]}
COMMAND: POST /session/2ede4c5ecc824f8ada8cef8d592e3e00/timeouts - {"script":"<number>"}
RESULT: {"script":"<number>"}
COMMAND: GET /session/2ede4c5ecc824f8ada8cef8d592e3e00/timeouts - {}
RESULT: {}
RESULT: undefined
COMMAND: POST /session/2ede4c5ecc824f8ada8cef8d592e3e00/execute/async - {"script":"<script> [2676 bytes]","args":[]}
RESULT: {"script":"<script> [2676 bytes]","args":[]}
COMMAND: POST /session/2ede4c5ecc824f8ada8cef8d592e3e00/execute/async - {"script":"<script> [2342 bytes]","args":[{"protocol":"http","hostname":"0.0.0.0","path":"/","capabilities":{"browserName":"chrome","goog:chromeOptions":{"binary":"C:\\Program Files\\Google\\Chrome\\Application\\chrome.exe","args":["--start-maximized"]}},"logLevel":"warn","connectionRetryTimeout":120000,"connectionRetryCount":3,"logLevels":{},"enableDirectConnect":true,"strictSSL":true,"_":"65 more keys: [\"cacheDir\",\"port\",\"requestedCapabilities\",\"automationProtocol\",\"baseUrl\",\"waitforInterval\",\"waitforTimeout\",\"onReload\",\"beforeCommand\",\"afterCommand\",\"rootDir\",\"specs\",\"suites\",\"exclude\",\"groupLogsByTestSpec\",\"excludeDriverLogs\",\"bail\",\"framework\",\"reporters\",\"services\",\"maxInstances\",\"maxInstancesPerCapability\",\"injectGlobals\",\"filesToWatch\",\"execArgv\",\"runnerEnv\",\"runner\",\"shard\",\"specFileRetries\",\"specFileRetriesDelay\",\"specFileRetriesDeferred\",\"reporterSyncInterval\",\"reporterSyncTimeout\",\"cucumberFeaturesWithLineNumbers\",\"autoCompileOpts\",\"mochaOpts\",\"jasmineOpts\",\"cucumberOpts\",\"onPrepare\",\"onWorkerStart\",\"onWorkerEnd\",\"before\",\"beforeSession\",\"beforeSuite\",\"beforeHook\",\"beforeTest\",\"afterTest\",\"afterHook\",\"afterSuite\",\"afterSession\",\"after\",\"onComplete\",\"beforeAssertion\",\"afterAssertion\",\"beforeFeature\",\"beforeScenario\",\"beforeStep\",\"afterStep\",\"afterScenario\",\"afterFeature\",\"_\",\"suite\",\"$0\",\"ignoredWorkerServices\",\"wdi5\"]"}]}
RESULT: {"script":"<script> [2342 bytes]","args":[{"protocol":"http","hostname":"0.0.0.0","path":"/","capabilities":{"browserName":"chrome","goog:chromeOptions":{"binary":"C:\\Program Files\\Google\\Chrome\\Application\\chrome.exe","args":["--start-maximized"]}},"logLevel":"warn","connectionRetryTimeout":120000,"connectionRetryCount":3,"logLevels":{},"enableDirectConnect":true,"strictSSL":true,"_":"65 more keys: [\"cacheDir\",\"port\",\"requestedCapabilities\",\"automationProtocol\",\"baseUrl\",\"waitforInterval\",\"waitforTimeout\",\"onReload\",\"beforeCommand\",\"afterCommand\",\"rootDir\",\"specs\",\"suites\",\"exclude\",\"groupLogsByTestSpec\",\"excludeDriverLogs\",\"bail\",\"framework\",\"reporters\",\"services\",\"maxInstances\",\"maxInstancesPerCapability\",\"injectGlobals\",\"filesToWatch\",\"execArgv\",\"runnerEnv\",\"runner\",\"shard\",\"specFileRetries\",\"specFileRetriesDelay\",\"specFileRetriesDeferred\",\"reporterSyncInterval\",\"reporterSyncTimeout\",\"cucumberFeaturesWithLineNumbers\",\"autoCompileOpts\",\"mochaOpts\",\"jasmineOpts\",\"cucumberOpts\",\"onPrepare\",\"onWorkerStart\",\"onWorkerEnd\",\"before\",\"beforeSession\",\"beforeSuite\",\"beforeHook\",\"beforeTest\",\"afterTest\",\"afterHook\",\"afterSuite\",\"afterSession\",\"after\",\"onComplete\",\"beforeAssertion\",\"afterAssertion\",\"beforeFeature\",\"beforeScenario\",\"beforeStep\",\"afterStep\",\"afterScenario\",\"afterFeature\",\"_\",\"suite\",\"$0\",\"ignoredWorkerServices\",\"wdi5\"]"}]}
COMMAND: POST /session/2ede4c5ecc824f8ada8cef8d592e3e00/execute/async - {"script":"<script> [21126 bytes]","args":[35000]}
RESULT: {"script":"<script> [21126 bytes]","args":[35000]}
COMMAND: POST /session/2ede4c5ecc824f8ada8cef8d592e3e00/window/maximize - {}
RESULT: {}
COMMAND: POST /session/2ede4c5ecc824f8ada8cef8d592e3e00/execute/async - {"script":"<script> [1562 bytes]","args":[{"selector":{"id":"shell-header","interaction":{"idSuffix":"icon"}},"wdio_ui5_key":"shellheader"}]}
COMMAND: GET /session/2ede4c5ecc824f8ada8cef8d592e3e00/screenshot - {}
RESULT: {"script":"<script> [1562 bytes]","args":[{"selector":{"id":"shell-header","interaction":{"idSuffix":"icon"}},"wdio_ui5_key":"shellheader"}]}
RESULT: undefined
COMMAND: POST /session/2ede4c5ecc824f8ada8cef8d592e3e00/refresh - {}
RESULT: {}
RESULT: {}
COMMAND: GET /session/2ede4c5ecc824f8ada8cef8d592e3e00/screenshot - {}
RESULT: {}
COMMAND: POST /session/2ede4c5ecc824f8ada8cef8d592e3e00/refresh - {}
RESULT: {}
COMMAND: GET /session/2ede4c5ecc824f8ada8cef8d592e3e00/screenshot - {}
RESULT: {}
COMMAND: POST /session/2ede4c5ecc824f8ada8cef8d592e3e00/window/fullscreen - {}
RESULT: {}
COMMAND: POST /session/2ede4c5ecc824f8ada8cef8d592e3e00/execute/async - {"script":"<script> [189 bytes]","args":[]}
RESULT: {"script":"<script> [189 bytes]","args":[]}
COMMAND: POST /session/2ede4c5ecc824f8ada8cef8d592e3e00/execute/async - {"script":"<script> [123 bytes]","args":[]}
RESULT: {"script":"<script> [123 bytes]","args":[]}
COMMAND: POST /session/2ede4c5ecc824f8ada8cef8d592e3e00/timeouts - {"script":"<number>"}
RESULT: {"script":"<number>"}
COMMAND: GET /session/2ede4c5ecc824f8ada8cef8d592e3e00/timeouts - {}
RESULT: {}
RESULT: undefined
COMMAND: POST /session/2ede4c5ecc824f8ada8cef8d592e3e00/execute/async - {"script":"<script> [2676 bytes]","args":[]}
RESULT: {"script":"<script> [2676 bytes]","args":[]}
COMMAND: POST /session/2ede4c5ecc824f8ada8cef8d592e3e00/execute/async - {"script":"<script> [2342 bytes]","args":[{"protocol":"http","hostname":"0.0.0.0","path":"/","capabilities":{"browserName":"chrome","goog:chromeOptions":{"binary":"C:\\Program Files\\Google\\Chrome\\Application\\chrome.exe","args":["--start-maximized"]}},"logLevel":"warn","connectionRetryTimeout":120000,"connectionRetryCount":3,"logLevels":{},"enableDirectConnect":true,"strictSSL":true,"_":"65 more keys: [\"cacheDir\",\"port\",\"requestedCapabilities\",\"automationProtocol\",\"baseUrl\",\"waitforInterval\",\"waitforTimeout\",\"onReload\",\"beforeCommand\",\"afterCommand\",\"rootDir\",\"specs\",\"suites\",\"exclude\",\"groupLogsByTestSpec\",\"excludeDriverLogs\",\"bail\",\"framework\",\"reporters\",\"services\",\"maxInstances\",\"maxInstancesPerCapability\",\"injectGlobals\",\"filesToWatch\",\"execArgv\",\"runnerEnv\",\"runner\",\"shard\",\"specFileRetries\",\"specFileRetriesDelay\",\"specFileRetriesDeferred\",\"reporterSyncInterval\",\"reporterSyncTimeout\",\"cucumberFeaturesWithLineNumbers\",\"autoCompileOpts\",\"mochaOpts\",\"jasmineOpts\",\"cucumberOpts\",\"onPrepare\",\"onWorkerStart\",\"onWorkerEnd\",\"before\",\"beforeSession\",\"beforeSuite\",\"beforeHook\",\"beforeTest\",\"afterTest\",\"afterHook\",\"afterSuite\",\"afterSession\",\"after\",\"onComplete\",\"beforeAssertion\",\"afterAssertion\",\"beforeFeature\",\"beforeScenario\",\"beforeStep\",\"afterStep\",\"afterScenario\",\"afterFeature\",\"_\",\"suite\",\"$0\",\"ignoredWorkerServices\",\"wdi5\"]"}]}
RESULT: {"script":"<script> [2342 bytes]","args":[{"protocol":"http","hostname":"0.0.0.0","path":"/","capabilities":{"browserName":"chrome","goog:chromeOptions":{"binary":"C:\\Program Files\\Google\\Chrome\\Application\\chrome.exe","args":["--start-maximized"]}},"logLevel":"warn","connectionRetryTimeout":120000,"connectionRetryCount":3,"logLevels":{},"enableDirectConnect":true,"strictSSL":true,"_":"65 more keys: [\"cacheDir\",\"port\",\"requestedCapabilities\",\"automationProtocol\",\"baseUrl\",\"waitforInterval\",\"waitforTimeout\",\"onReload\",\"beforeCommand\",\"afterCommand\",\"rootDir\",\"specs\",\"suites\",\"exclude\",\"groupLogsByTestSpec\",\"excludeDriverLogs\",\"bail\",\"framework\",\"reporters\",\"services\",\"maxInstances\",\"maxInstancesPerCapability\",\"injectGlobals\",\"filesToWatch\",\"execArgv\",\"runnerEnv\",\"runner\",\"shard\",\"specFileRetries\",\"specFileRetriesDelay\",\"specFileRetriesDeferred\",\"reporterSyncInterval\",\"reporterSyncTimeout\",\"cucumberFeaturesWithLineNumbers\",\"autoCompileOpts\",\"mochaOpts\",\"jasmineOpts\",\"cucumberOpts\",\"onPrepare\",\"onWorkerStart\",\"onWorkerEnd\",\"before\",\"beforeSession\",\"beforeSuite\",\"beforeHook\",\"beforeTest\",\"afterTest\",\"afterHook\",\"afterSuite\",\"afterSession\",\"after\",\"onComplete\",\"beforeAssertion\",\"afterAssertion\",\"beforeFeature\",\"beforeScenario\",\"beforeStep\",\"afterStep\",\"afterScenario\",\"afterFeature\",\"_\",\"suite\",\"$0\",\"ignoredWorkerServices\",\"wdi5\"]"}]}
COMMAND: POST /session/2ede4c5ecc824f8ada8cef8d592e3e00/execute/async - {"script":"<script> [21126 bytes]","args":[35000]}
RESULT: {"script":"<script> [21126 bytes]","args":[35000]}
COMMAND: POST /session/2ede4c5ecc824f8ada8cef8d592e3e00/window/fullscreen - {}
RESULT: {}
]]></system-out>
    </testcase>
  </testsuite>
  <testsuite timestamp="2025-05-02T05:50:37" time="395.899" tests="6" failures="0" errors="0" skipped="0">
    <properties>
      <property name="specId" value="0" />
      <property name="suiteName" value="Yard Overview Autoplanning US130989" />
      <property name="capabilities" value="chrome.135_0_7049_96.windows" />
      <property name="file" value="file:///D:/a/1/s/test/specs/HTR/yard-overview-autoplanning.spec.js" />
    </properties>
    <testcase classname="chrome.135_0_7049_96.windows.Yard_Overview_Autoplanning_US130989" name="Prereq Should create a new yard used for all following tests" time="0.019">
      <system-out><![CDATA[
COMMAND: POST /session/2ede4c5ecc824f8ada8cef8d592e3e00/window/fullscreen - {}
RESULT: {}
]]></system-out>
    </testcase>
    <testcase classname="chrome.135_0_7049_96.windows.Yard_Overview_Autoplanning_US130989" name="Prereq Should create a new partner" time="0.004" />
    <testcase classname="chrome.135_0_7049_96.windows.Yard_Overview_Autoplanning_US130989" name="Prereq Should create a new site" time="0.005" />
    <testcase classname="chrome.135_0_7049_96.windows.Yard_Overview_Autoplanning_US130989" name="Prereq Should create a new material with catalog selection" time="130.905">
      <system-out><![CDATA[
COMMAND: POST /session/2ede4c5ecc824f8ada8cef8d592e3e00/execute/async - {"script":"<script> [1562 bytes]","args":[{"selector":{"controlType":"sap.m.GenericTile","properties":{"header":"Manage Resources"}},"wdio_ui5_key":"sapm.GenericTile{\"header\":\"Manage Resources\"}"}]}
RESULT: {"script":"<script> [1562 bytes]","args":[{"selector":{"controlType":"sap.m.GenericTile","properties":{"header":"Manage Resources"}},"wdio_ui5_key":"sapm.GenericTile{\"header\":\"Manage Resources\"}"}]}
RESULT: undefined
COMMAND: POST /session/2ede4c5ecc824f8ada8cef8d592e3e00/element - {"using":"xpath","value":"//*[@id=\"__tile39\"]"}
RESULT: {"using":"xpath","value":"//*[@id=\"__tile39\"]"}
COMMAND: POST /session/2ede4c5ecc824f8ada8cef8d592e3e00/element/f.DC8B541A7C98CD2E2FC15C3F0919C967.d.75D1CB36B6AF3B89BF513976483C2E92.e.5726/click - {}
RESULT: {}
COMMAND: POST /session/2ede4c5ecc824f8ada8cef8d592e3e00/element - {"using":"xpath","value":"//button[@data-kt=\"addNewRUOverflowToolbarButton\"]"}
COMMAND: GET /session/2ede4c5ecc824f8ada8cef8d592e3e00/screenshot - {}
RESULT: {"using":"xpath","value":"//button[@data-kt=\"addNewRUOverflowToolbarButton\"]"}
COMMAND: POST /session/2ede4c5ecc824f8ada8cef8d592e3e00/elements - {"using":"xpath","value":"//button[@data-kt=\"addNewRUOverflowToolbarButton\"]"}
RESULT: {}
RESULT: {"using":"xpath","value":"//button[@data-kt=\"addNewRUOverflowToolbarButton\"]"}
COMMAND: POST /session/2ede4c5ecc824f8ada8cef8d592e3e00/elements - {"using":"xpath","value":"//button[@data-kt=\"addNewRUOverflowToolbarButton\"]"}
RESULT: {"using":"xpath","value":"//button[@data-kt=\"addNewRUOverflowToolbarButton\"]"}
COMMAND: POST /session/2ede4c5ecc824f8ada8cef8d592e3e00/elements - {"using":"xpath","value":"//button[@data-kt=\"addNewRUOverflowToolbarButton\"]"}
RESULT: {"using":"xpath","value":"//button[@data-kt=\"addNewRUOverflowToolbarButton\"]"}
COMMAND: POST /session/2ede4c5ecc824f8ada8cef8d592e3e00/elements - {"using":"xpath","value":"//button[@data-kt=\"addNewRUOverflowToolbarButton\"]"}
RESULT: {"using":"xpath","value":"//button[@data-kt=\"addNewRUOverflowToolbarButton\"]"}
COMMAND: POST /session/2ede4c5ecc824f8ada8cef8d592e3e00/elements - {"using":"xpath","value":"//button[@data-kt=\"addNewRUOverflowToolbarButton\"]"}
RESULT: {"using":"xpath","value":"//button[@data-kt=\"addNewRUOverflowToolbarButton\"]"}
COMMAND: POST /session/2ede4c5ecc824f8ada8cef8d592e3e00/elements - {"using":"xpath","value":"//button[@data-kt=\"addNewRUOverflowToolbarButton\"]"}
RESULT: {"using":"xpath","value":"//button[@data-kt=\"addNewRUOverflowToolbarButton\"]"}
COMMAND: POST /session/2ede4c5ecc824f8ada8cef8d592e3e00/elements - {"using":"xpath","value":"//button[@data-kt=\"addNewRUOverflowToolbarButton\"]"}
RESULT: {"using":"xpath","value":"//button[@data-kt=\"addNewRUOverflowToolbarButton\"]"}
COMMAND: POST /session/2ede4c5ecc824f8ada8cef8d592e3e00/elements - {"using":"xpath","value":"//button[@data-kt=\"addNewRUOverflowToolbarButton\"]"}
RESULT: {"using":"xpath","value":"//button[@data-kt=\"addNewRUOverflowToolbarButton\"]"}
COMMAND: POST /session/2ede4c5ecc824f8ada8cef8d592e3e00/elements - {"using":"xpath","value":"//button[@data-kt=\"addNewRUOverflowToolbarButton\"]"}
RESULT: {"using":"xpath","value":"//button[@data-kt=\"addNewRUOverflowToolbarButton\"]"}
COMMAND: POST /session/2ede4c5ecc824f8ada8cef8d592e3e00/elements - {"using":"xpath","value":"//button[@data-kt=\"addNewRUOverflowToolbarButton\"]"}
RESULT: {"using":"xpath","value":"//button[@data-kt=\"addNewRUOverflowToolbarButton\"]"}
COMMAND: POST /session/2ede4c5ecc824f8ada8cef8d592e3e00/elements - {"using":"xpath","value":"//button[@data-kt=\"addNewRUOverflowToolbarButton\"]"}
RESULT: {"using":"xpath","value":"//button[@data-kt=\"addNewRUOverflowToolbarButton\"]"}
COMMAND: POST /session/2ede4c5ecc824f8ada8cef8d592e3e00/elements - {"using":"xpath","value":"//button[@data-kt=\"addNewRUOverflowToolbarButton\"]"}
RESULT: {"using":"xpath","value":"//button[@data-kt=\"addNewRUOverflowToolbarButton\"]"}
COMMAND: POST /session/2ede4c5ecc824f8ada8cef8d592e3e00/elements - {"using":"xpath","value":"//button[@data-kt=\"addNewRUOverflowToolbarButton\"]"}
RESULT: {"using":"xpath","value":"//button[@data-kt=\"addNewRUOverflowToolbarButton\"]"}
COMMAND: POST /session/2ede4c5ecc824f8ada8cef8d592e3e00/elements - {"using":"xpath","value":"//button[@data-kt=\"addNewRUOverflowToolbarButton\"]"}
RESULT: {"using":"xpath","value":"//button[@data-kt=\"addNewRUOverflowToolbarButton\"]"}
COMMAND: POST /session/2ede4c5ecc824f8ada8cef8d592e3e00/elements - {"using":"xpath","value":"//button[@data-kt=\"addNewRUOverflowToolbarButton\"]"}
RESULT: {"using":"xpath","value":"//button[@data-kt=\"addNewRUOverflowToolbarButton\"]"}
COMMAND: POST /session/2ede4c5ecc824f8ada8cef8d592e3e00/element - {"using":"xpath","value":"//button[@data-kt=\"addNewRUOverflowToolbarButton\"]"}
RESULT: {"using":"xpath","value":"//button[@data-kt=\"addNewRUOverflowToolbarButton\"]"}
COMMAND: POST /session/2ede4c5ecc824f8ada8cef8d592e3e00/execute/sync - {"script":"<script> [8489 bytes]","args":[{"element-6066-11e4-a52e-4f735466cecf":"f.DC8B541A7C98CD2E2FC15C3F0919C967.d.75D1CB36B6AF3B89BF513976483C2E92.e.5858","ELEMENT":"f.DC8B541A7C98CD2E2FC15C3F0919C967.d.75D1CB36B6AF3B89BF513976483C2E92.e.5858"}]}
RESULT: {"script":"<script> [8489 bytes]","args":[{"element-6066-11e4-a52e-4f735466cecf":"f.DC8B541A7C98CD2E2FC15C3F0919C967.d.75D1CB36B6AF3B89BF513976483C2E92.e.5858","ELEMENT":"f.DC8B541A7C98CD2E2FC15C3F0919C967.d.75D1CB36B6AF3B89BF513976483C2E92.e.5858"}]}
COMMAND: GET /session/2ede4c5ecc824f8ada8cef8d592e3e00/element/f.DC8B541A7C98CD2E2FC15C3F0919C967.d.75D1CB36B6AF3B89BF513976483C2E92.e.5858/enabled - {}
COMMAND: GET /session/2ede4c5ecc824f8ada8cef8d592e3e00/screenshot - {}
RESULT: {}
COMMAND: POST /session/2ede4c5ecc824f8ada8cef8d592e3e00/execute/sync - {"script":"<script> [8489 bytes]","args":[{"element-6066-11e4-a52e-4f735466cecf":"f.DC8B541A7C98CD2E2FC15C3F0919C967.d.75D1CB36B6AF3B89BF513976483C2E92.e.5858","ELEMENT":"f.DC8B541A7C98CD2E2FC15C3F0919C967.d.75D1CB36B6AF3B89BF513976483C2E92.e.5858"}]}
COMMAND: GET /session/2ede4c5ecc824f8ada8cef8d592e3e00/screenshot - {}
RESULT: {}
RESULT: {"script":"<script> [8489 bytes]","args":[{"element-6066-11e4-a52e-4f735466cecf":"f.DC8B541A7C98CD2E2FC15C3F0919C967.d.75D1CB36B6AF3B89BF513976483C2E92.e.5858","ELEMENT":"f.DC8B541A7C98CD2E2FC15C3F0919C967.d.75D1CB36B6AF3B89BF513976483C2E92.e.5858"}]}
COMMAND: POST /session/2ede4c5ecc824f8ada8cef8d592e3e00/execute/sync - {"script":"<script> [5351 bytes]","args":[{"element-6066-11e4-a52e-4f735466cecf":"f.DC8B541A7C98CD2E2FC15C3F0919C967.d.75D1CB36B6AF3B89BF513976483C2E92.e.5858","ELEMENT":"f.DC8B541A7C98CD2E2FC15C3F0919C967.d.75D1CB36B6AF3B89BF513976483C2E92.e.5858"}]}
COMMAND: GET /session/2ede4c5ecc824f8ada8cef8d592e3e00/screenshot - {}
RESULT: {}
RESULT: {"script":"<script> [5351 bytes]","args":[{"element-6066-11e4-a52e-4f735466cecf":"f.DC8B541A7C98CD2E2FC15C3F0919C967.d.75D1CB36B6AF3B89BF513976483C2E92.e.5858","ELEMENT":"f.DC8B541A7C98CD2E2FC15C3F0919C967.d.75D1CB36B6AF3B89BF513976483C2E92.e.5858"}]}
COMMAND: POST /session/2ede4c5ecc824f8ada8cef8d592e3e00/element/f.DC8B541A7C98CD2E2FC15C3F0919C967.d.75D1CB36B6AF3B89BF513976483C2E92.e.5858/click - {}
COMMAND: GET /session/2ede4c5ecc824f8ada8cef8d592e3e00/screenshot - {}
RESULT: {}
RESULT: {}
COMMAND: GET /session/2ede4c5ecc824f8ada8cef8d592e3e00/screenshot - {}
COMMAND: POST /session/2ede4c5ecc824f8ada8cef8d592e3e00/execute/async - {"script":"<script> [1562 bytes]","args":[{"selector":{"id":"application-manageresources-display-component---newResourceUnit--TYPE-arrow"},"wdio_ui5_key":"applicationmanageresources-display-component---newResourceUnit--TYPE-arrow"}]}
RESULT: {}
RESULT: {}
RESULT: {"script":"<script> [1562 bytes]","args":[{"selector":{"id":"application-manageresources-display-component---newResourceUnit--TYPE-arrow"},"wdio_ui5_key":"applicationmanageresources-display-component---newResourceUnit--TYPE-arrow"}]}
RESULT: undefined
COMMAND: POST /session/2ede4c5ecc824f8ada8cef8d592e3e00/element - {"using":"xpath","value":"//*[@id=\"application-manageresources-display-component---newResourceUnit--TYPE-arrow\"]"}
RESULT: {"using":"xpath","value":"//*[@id=\"application-manageresources-display-component---newResourceUnit--TYPE-arrow\"]"}
COMMAND: POST /session/2ede4c5ecc824f8ada8cef8d592e3e00/element/f.DC8B541A7C98CD2E2FC15C3F0919C967.d.75D1CB36B6AF3B89BF513976483C2E92.e.6025/click - {}
RESULT: {}
COMMAND: POST /session/2ede4c5ecc824f8ada8cef8d592e3e00/element - {"using":"xpath","value":"//input[@id=\"application-manageresources-display-component---newResourceUnit--TYPE-inner\"]"}
COMMAND: GET /session/2ede4c5ecc824f8ada8cef8d592e3e00/screenshot - {}
RESULT: {"using":"xpath","value":"//input[@id=\"application-manageresources-display-component---newResourceUnit--TYPE-inner\"]"}
COMMAND: POST /session/2ede4c5ecc824f8ada8cef8d592e3e00/element/f.DC8B541A7C98CD2E2FC15C3F0919C967.d.75D1CB36B6AF3B89BF513976483C2E92.e.5912/clear - {}
RESULT: {}
RESULT: {}
COMMAND: POST /session/2ede4c5ecc824f8ada8cef8d592e3e00/element/f.DC8B541A7C98CD2E2FC15C3F0919C967.d.75D1CB36B6AF3B89BF513976483C2E92.e.5912/value - {"text":"Material"}
COMMAND: GET /session/2ede4c5ecc824f8ada8cef8d592e3e00/screenshot - {}
RESULT: {"text":"Material"}
COMMAND: GET /session/2ede4c5ecc824f8ada8cef8d592e3e00/screenshot - {}
RESULT: {}
RESULT: {}
COMMAND: POST /session/2ede4c5ecc824f8ada8cef8d592e3e00/actions - {"actions":[{"id":"action16","type":"key","parameters":{},"actions":[{"type":"keyDown","value":"î€‡"},{"type":"pause","duration":10},{"type":"keyUp","value":"î€‡"}]}]}
RESULT: {"actions":[{"id":"action16","type":"key","parameters":{},"actions":[{"type":"keyDown","value":"î€‡"},{"type":"pause","duration":10},{"type":"keyUp","value":"î€‡"}]}]}
COMMAND: POST /session/2ede4c5ecc824f8ada8cef8d592e3e00/execute/async - {"script":"<script> [1562 bytes]","args":[{"selector":{"id":"application-manageresources-display-component---newResourceUnit--SHORT_TEXT","interaction":{"idSuffix":"inner"}},"wdio_ui5_key":"applicationmanageresources-display-component---newResourceUnit--SHORT_TEXT"}]}
COMMAND: GET /session/2ede4c5ecc824f8ada8cef8d592e3e00/screenshot - {}
RESULT: {"script":"<script> [1562 bytes]","args":[{"selector":{"id":"application-manageresources-display-component---newResourceUnit--SHORT_TEXT","interaction":{"idSuffix":"inner"}},"wdio_ui5_key":"applicationmanageresources-display-component---newResourceUnit--SHORT_TEXT"}]}
RESULT: undefined
COMMAND: POST /session/2ede4c5ecc824f8ada8cef8d592e3e00/execute/async - {"script":"<script> [776 bytes]","args":[{"enterText":"Cement WDIO","selector":{"id":"application-manageresources-display-component---newResourceUnit--SHORT_TEXT","interaction":{"idSuffix":"inner"}},"clearTextFirst":true,"interactionType":"ENTER_TEXT"}]}
RESULT: {}
RESULT: {"script":"<script> [776 bytes]","args":[{"enterText":"Cement WDIO","selector":{"id":"application-manageresources-display-component---newResourceUnit--SHORT_TEXT","interaction":{"idSuffix":"inner"}},"clearTextFirst":true,"interactionType":"ENTER_TEXT"}]}
COMMAND: POST /session/2ede4c5ecc824f8ada8cef8d592e3e00/execute/async - {"script":"<script> [1562 bytes]","args":[{"selector":{"id":"application-manageresources-display-component---newResourceUnit--BASE_UNIT_OF_MEASURE","interaction":{"idSuffix":"inner"}},"wdio_ui5_key":"applicationmanageresources-display-component---newResourceUnit--BASE_UNIT_OF_MEASURE"}]}
RESULT: {"script":"<script> [1562 bytes]","args":[{"selector":{"id":"application-manageresources-display-component---newResourceUnit--BASE_UNIT_OF_MEASURE","interaction":{"idSuffix":"inner"}},"wdio_ui5_key":"applicationmanageresources-display-component---newResourceUnit--BASE_UNIT_OF_MEASURE"}]}
RESULT: undefined
COMMAND: POST /session/2ede4c5ecc824f8ada8cef8d592e3e00/execute/async - {"script":"<script> [776 bytes]","args":[{"enterText":"Piece","selector":{"id":"application-manageresources-display-component---newResourceUnit--BASE_UNIT_OF_MEASURE","interaction":{"idSuffix":"inner"}},"clearTextFirst":true,"interactionType":"ENTER_TEXT"}]}
RESULT: {"script":"<script> [776 bytes]","args":[{"enterText":"Piece","selector":{"id":"application-manageresources-display-component---newResourceUnit--BASE_UNIT_OF_MEASURE","interaction":{"idSuffix":"inner"}},"clearTextFirst":true,"interactionType":"ENTER_TEXT"}]}
COMMAND: POST /session/2ede4c5ecc824f8ada8cef8d592e3e00/execute/async - {"script":"<script> [1562 bytes]","args":[{"selector":{"id":"application-manageresources-display-component---newResourceUnit--WEIGHT_UNIT","interaction":{"idSuffix":"inner"}},"wdio_ui5_key":"applicationmanageresources-display-component---newResourceUnit--WEIGHT_UNIT"}]}
RESULT: {"script":"<script> [1562 bytes]","args":[{"selector":{"id":"application-manageresources-display-component---newResourceUnit--WEIGHT_UNIT","interaction":{"idSuffix":"inner"}},"wdio_ui5_key":"applicationmanageresources-display-component---newResourceUnit--WEIGHT_UNIT"}]}
RESULT: undefined
COMMAND: POST /session/2ede4c5ecc824f8ada8cef8d592e3e00/execute/async - {"script":"<script> [776 bytes]","args":[{"enterText":"Gram","selector":{"id":"application-manageresources-display-component---newResourceUnit--WEIGHT_UNIT","interaction":{"idSuffix":"inner"}},"clearTextFirst":true,"interactionType":"ENTER_TEXT"}]}
RESULT: {"script":"<script> [776 bytes]","args":[{"enterText":"Gram","selector":{"id":"application-manageresources-display-component---newResourceUnit--WEIGHT_UNIT","interaction":{"idSuffix":"inner"}},"clearTextFirst":true,"interactionType":"ENTER_TEXT"}]}
COMMAND: POST /session/2ede4c5ecc824f8ada8cef8d592e3e00/execute/async - {"script":"<script> [1562 bytes]","args":[{"selector":{"id":"application-manageresources-display-component---newResourceUnit--DIMENSION_UNIT","interaction":{"idSuffix":"inner"}},"wdio_ui5_key":"applicationmanageresources-display-component---newResourceUnit--DIMENSION_UNIT"}]}
RESULT: {"script":"<script> [1562 bytes]","args":[{"selector":{"id":"application-manageresources-display-component---newResourceUnit--DIMENSION_UNIT","interaction":{"idSuffix":"inner"}},"wdio_ui5_key":"applicationmanageresources-display-component---newResourceUnit--DIMENSION_UNIT"}]}
RESULT: undefined
COMMAND: POST /session/2ede4c5ecc824f8ada8cef8d592e3e00/execute/async - {"script":"<script> [776 bytes]","args":[{"enterText":"Meter","selector":{"id":"application-manageresources-display-component---newResourceUnit--DIMENSION_UNIT","interaction":{"idSuffix":"inner"}},"clearTextFirst":true,"interactionType":"ENTER_TEXT"}]}
RESULT: {"script":"<script> [776 bytes]","args":[{"enterText":"Meter","selector":{"id":"application-manageresources-display-component---newResourceUnit--DIMENSION_UNIT","interaction":{"idSuffix":"inner"}},"clearTextFirst":true,"interactionType":"ENTER_TEXT"}]}
COMMAND: POST /session/2ede4c5ecc824f8ada8cef8d592e3e00/execute/async - {"script":"<script> [1562 bytes]","args":[{"selector":{"id":"application-manageresources-display-component---newResourceUnit--newRRUPage-anchBar-application-manageresources-display-component---newResourceUnit--control-anchor","interaction":{"idSuffix":"BDI-content"}},"wdio_ui5_key":"applicationmanageresources-display-component---newResourceUnit--newRRUPage-anchBar-application-manageresources-display-component---newResourceUnit--control-anchor"}]}
RESULT: {"script":"<script> [1562 bytes]","args":[{"selector":{"id":"application-manageresources-display-component---newResourceUnit--newRRUPage-anchBar-application-manageresources-display-component---newResourceUnit--control-anchor","interaction":{"idSuffix":"BDI-content"}},"wdio_ui5_key":"applicationmanageresources-display-component---newResourceUnit--newRRUPage-anchBar-application-manageresources-display-component---newResourceUnit--control-anchor"}]}
RESULT: undefined
COMMAND: POST /session/2ede4c5ecc824f8ada8cef8d592e3e00/element - {"using":"xpath","value":"//*[@id=\"application-manageresources-display-component---newResourceUnit--newRRUPage-anchBar-application-manageresources-display-component---newResourceUnit--control-anchor\"]"}
RESULT: {"using":"xpath","value":"//*[@id=\"application-manageresources-display-component---newResourceUnit--newRRUPage-anchBar-application-manageresources-display-component---newResourceUnit--control-anchor\"]"}
COMMAND: POST /session/2ede4c5ecc824f8ada8cef8d592e3e00/element/f.DC8B541A7C98CD2E2FC15C3F0919C967.d.75D1CB36B6AF3B89BF513976483C2E92.e.6094/click - {}
RESULT: {}
COMMAND: POST /session/2ede4c5ecc824f8ada8cef8d592e3e00/execute/async - {"script":"<script> [1562 bytes]","args":[{"selector":{"id":"application-manageresources-display-component---newResourceUnit--PLANNING_GROUP","interaction":{"idSuffix":"inner"}},"wdio_ui5_key":"applicationmanageresources-display-component---newResourceUnit--PLANNING_GROUP"}]}
COMMAND: GET /session/2ede4c5ecc824f8ada8cef8d592e3e00/screenshot - {}
RESULT: {"script":"<script> [1562 bytes]","args":[{"selector":{"id":"application-manageresources-display-component---newResourceUnit--PLANNING_GROUP","interaction":{"idSuffix":"inner"}},"wdio_ui5_key":"applicationmanageresources-display-component---newResourceUnit--PLANNING_GROUP"}]}
RESULT: undefined
COMMAND: POST /session/2ede4c5ecc824f8ada8cef8d592e3e00/execute/async - {"script":"<script> [776 bytes]","args":[{"enterText":"Material","selector":{"id":"application-manageresources-display-component---newResourceUnit--PLANNING_GROUP","interaction":{"idSuffix":"inner"}},"clearTextFirst":true,"interactionType":"ENTER_TEXT"}]}
RESULT: {}
RESULT: {"script":"<script> [776 bytes]","args":[{"enterText":"Material","selector":{"id":"application-manageresources-display-component---newResourceUnit--PLANNING_GROUP","interaction":{"idSuffix":"inner"}},"clearTextFirst":true,"interactionType":"ENTER_TEXT"}]}
COMMAND: POST /session/2ede4c5ecc824f8ada8cef8d592e3e00/execute/async - {"script":"<script> [1562 bytes]","args":[{"selector":{"id":"application-manageresources-display-component---newResourceUnit--PLANNING_INDICATOR","interaction":{"idSuffix":"inner"}},"wdio_ui5_key":"applicationmanageresources-display-component---newResourceUnit--PLANNING_INDICATOR"}]}
RESULT: {"script":"<script> [1562 bytes]","args":[{"selector":{"id":"application-manageresources-display-component---newResourceUnit--PLANNING_INDICATOR","interaction":{"idSuffix":"inner"}},"wdio_ui5_key":"applicationmanageresources-display-component---newResourceUnit--PLANNING_INDICATOR"}]}
RESULT: undefined
COMMAND: POST /session/2ede4c5ecc824f8ada8cef8d592e3e00/execute/async - {"script":"<script> [776 bytes]","args":[{"enterText":"10 - infinite","selector":{"id":"application-manageresources-display-component---newResourceUnit--PLANNING_INDICATOR","interaction":{"idSuffix":"inner"}},"clearTextFirst":true,"interactionType":"ENTER_TEXT"}]}
RESULT: {"script":"<script> [776 bytes]","args":[{"enterText":"10 - infinite","selector":{"id":"application-manageresources-display-component---newResourceUnit--PLANNING_INDICATOR","interaction":{"idSuffix":"inner"}},"clearTextFirst":true,"interactionType":"ENTER_TEXT"}]}
COMMAND: POST /session/2ede4c5ecc824f8ada8cef8d592e3e00/element - {"using":"css selector","value":"#application-manageresources-display-component---newResourceUnit--btnAddTimeSegment"}
RESULT: {"using":"css selector","value":"#application-manageresources-display-component---newResourceUnit--btnAddTimeSegment"}
COMMAND: GET /session/2ede4c5ecc824f8ada8cef8d592e3e00/element/f.DC8B541A7C98CD2E2FC15C3F0919C967.d.75D1CB36B6AF3B89BF513976483C2E92.e.6102/rect - {}
RESULT: {}
COMMAND: GET /session/2ede4c5ecc824f8ada8cef8d592e3e00/window/rect - {}
RESULT: {}
COMMAND: POST /session/2ede4c5ecc824f8ada8cef8d592e3e00/execute/sync - {"script":"<script> [92 bytes]","args":[]}
RESULT: {"script":"<script> [92 bytes]","args":[]}
COMMAND: POST /session/2ede4c5ecc824f8ada8cef8d592e3e00/actions - {"actions":[{"id":"action17","type":"wheel","parameters":{},"actions":[{"type":"scroll","x":-1888,"y":-32,"deltaX":0,"deltaY":0,"duration":0,"origin":{"element-6066-11e4-a52e-4f735466cecf":"f.DC8B541A7C98CD2E2FC15C3F0919C967.d.75D1CB36B6AF3B89BF513976483C2E92.e.6102"}}]}]}
COMMAND: GET /session/2ede4c5ecc824f8ada8cef8d592e3e00/screenshot - {}
RESULT: {}
COMMAND: POST /session/2ede4c5ecc824f8ada8cef8d592e3e00/execute/sync - {"script":"<script> [79 bytes]","args":[{"element-6066-11e4-a52e-4f735466cecf":"f.DC8B541A7C98CD2E2FC15C3F0919C967.d.75D1CB36B6AF3B89BF513976483C2E92.e.6102","ELEMENT":"f.DC8B541A7C98CD2E2FC15C3F0919C967.d.75D1CB36B6AF3B89BF513976483C2E92.e.6102"},{"block":"start","inline":"nearest"}]}
RESULT: {"script":"<script> [79 bytes]","args":[{"element-6066-11e4-a52e-4f735466cecf":"f.DC8B541A7C98CD2E2FC15C3F0919C967.d.75D1CB36B6AF3B89BF513976483C2E92.e.6102","ELEMENT":"f.DC8B541A7C98CD2E2FC15C3F0919C967.d.75D1CB36B6AF3B89BF513976483C2E92.e.6102"},{"block":"start","inline":"nearest"}]}
COMMAND: POST /session/2ede4c5ecc824f8ada8cef8d592e3e00/execute/async - {"script":"<script> [1562 bytes]","args":[{"selector":{"id":"application-manageresources-display-component---newResourceUnit--btnAddTimeSegment","interaction":{"idSuffix":"inner"}},"wdio_ui5_key":"applicationmanageresources-display-component---newResourceUnit--btnAddTimeSegment"}]}
COMMAND: GET /session/2ede4c5ecc824f8ada8cef8d592e3e00/screenshot - {}
RESULT: {"script":"<script> [1562 bytes]","args":[{"selector":{"id":"application-manageresources-display-component---newResourceUnit--btnAddTimeSegment","interaction":{"idSuffix":"inner"}},"wdio_ui5_key":"applicationmanageresources-display-component---newResourceUnit--btnAddTimeSegment"}]}
RESULT: undefined
COMMAND: POST /session/2ede4c5ecc824f8ada8cef8d592e3e00/element - {"using":"xpath","value":"//*[@id=\"application-manageresources-display-component---newResourceUnit--btnAddTimeSegment\"]"}
RESULT: {}
RESULT: {"using":"xpath","value":"//*[@id=\"application-manageresources-display-component---newResourceUnit--btnAddTimeSegment\"]"}
COMMAND: POST /session/2ede4c5ecc824f8ada8cef8d592e3e00/element/f.DC8B541A7C98CD2E2FC15C3F0919C967.d.75D1CB36B6AF3B89BF513976483C2E92.e.6102/click - {}
RESULT: {}
COMMAND: GET /session/2ede4c5ecc824f8ada8cef8d592e3e00/screenshot - {}
RESULT: {}
COMMAND: POST /session/2ede4c5ecc824f8ada8cef8d592e3e00/element - {"using":"xpath","value":"//input[@id=\"application-manageresources-display-component---newResourceUnit--idRuTSAdmin-application-manageresources-display-component---newResourceUnit--RUTimeSegment-0-inner\"]"}
RESULT: {"using":"xpath","value":"//input[@id=\"application-manageresources-display-component---newResourceUnit--idRuTSAdmin-application-manageresources-display-component---newResourceUnit--RUTimeSegment-0-inner\"]"}
COMMAND: POST /session/2ede4c5ecc824f8ada8cef8d592e3e00/element/f.DC8B541A7C98CD2E2FC15C3F0919C967.d.75D1CB36B6AF3B89BF513976483C2E92.e.6107/clear - {}
RESULT: {}
COMMAND: POST /session/2ede4c5ecc824f8ada8cef8d592e3e00/element/f.DC8B541A7C98CD2E2FC15C3F0919C967.d.75D1CB36B6AF3B89BF513976483C2E92.e.6107/value - {"text":"494"}
COMMAND: GET /session/2ede4c5ecc824f8ada8cef8d592e3e00/screenshot - {}
RESULT: {"text":"494"}
COMMAND: GET /session/2ede4c5ecc824f8ada8cef8d592e3e00/screenshot - {}
RESULT: {}
RESULT: {}
COMMAND: POST /session/2ede4c5ecc824f8ada8cef8d592e3e00/element - {"using":"xpath","value":"//li[.//span[text()='494']]"}
RESULT: {"using":"xpath","value":"//li[.//span[text()='494']]"}
COMMAND: POST /session/2ede4c5ecc824f8ada8cef8d592e3e00/element/f.DC8B541A7C98CD2E2FC15C3F0919C967.d.75D1CB36B6AF3B89BF513976483C2E92.e.6119/click - {}
RESULT: {}
COMMAND: GET /session/2ede4c5ecc824f8ada8cef8d592e3e00/screenshot - {}
RESULT: {}
COMMAND: POST /session/2ede4c5ecc824f8ada8cef8d592e3e00/element - {"using":"xpath","value":"//*[contains(text(), \"Catalogs\")][contains(@id ,\"application-manageresources-display-component---newResourceUnit--newRRUPage-anchBar\")]"}
RESULT: {"using":"xpath","value":"//*[contains(text(), \"Catalogs\")][contains(@id ,\"application-manageresources-display-component---newResourceUnit--newRRUPage-anchBar\")]"}
COMMAND: POST /session/2ede4c5ecc824f8ada8cef8d592e3e00/element/f.DC8B541A7C98CD2E2FC15C3F0919C967.d.75D1CB36B6AF3B89BF513976483C2E92.e.6120/click - {}
RESULT: {}
COMMAND: GET /session/2ede4c5ecc824f8ada8cef8d592e3e00/screenshot - {}
RESULT: {}
COMMAND: POST /session/2ede4c5ecc824f8ada8cef8d592e3e00/element - {"using":"xpath","value":"//*[contains(text(), \"Assign\")][contains(@id ,\"button\")]"}
RESULT: {"using":"xpath","value":"//*[contains(text(), \"Assign\")][contains(@id ,\"button\")]"}
COMMAND: POST /session/2ede4c5ecc824f8ada8cef8d592e3e00/element/f.DC8B541A7C98CD2E2FC15C3F0919C967.d.75D1CB36B6AF3B89BF513976483C2E92.e.6124/click - {}
RESULT: {}
COMMAND: GET /session/2ede4c5ecc824f8ada8cef8d592e3e00/screenshot - {}
RESULT: {}
COMMAND: POST /session/2ede4c5ecc824f8ada8cef8d592e3e00/element - {"using":"xpath","value":"//span[@id = \"application-manageresources-display-component---newResourceUnit--catalogSelect-arrow\"]"}
RESULT: {"using":"xpath","value":"//span[@id = \"application-manageresources-display-component---newResourceUnit--catalogSelect-arrow\"]"}
COMMAND: POST /session/2ede4c5ecc824f8ada8cef8d592e3e00/element/f.DC8B541A7C98CD2E2FC15C3F0919C967.d.75D1CB36B6AF3B89BF513976483C2E92.e.6133/click - {}
RESULT: {}
COMMAND: GET /session/2ede4c5ecc824f8ada8cef8d592e3e00/screenshot - {}
RESULT: {}
COMMAND: POST /session/2ede4c5ecc824f8ada8cef8d592e3e00/element - {"using":"xpath","value":"//li[.//span[text()=\"Webshop Catalog\"]]"}
RESULT: {"using":"xpath","value":"//li[.//span[text()=\"Webshop Catalog\"]]"}
COMMAND: POST /session/2ede4c5ecc824f8ada8cef8d592e3e00/element/f.DC8B541A7C98CD2E2FC15C3F0919C967.d.75D1CB36B6AF3B89BF513976483C2E92.e.6134/click - {}
RESULT: {}
COMMAND: GET /session/2ede4c5ecc824f8ada8cef8d592e3e00/screenshot - {}
RESULT: {}
COMMAND: POST /session/2ede4c5ecc824f8ada8cef8d592e3e00/element - {"using":"xpath","value":"//span[@id = \"application-manageresources-display-component---newResourceUnit--catalogItemSelect-arrow\"]"}
RESULT: {"using":"xpath","value":"//span[@id = \"application-manageresources-display-component---newResourceUnit--catalogItemSelect-arrow\"]"}
COMMAND: POST /session/2ede4c5ecc824f8ada8cef8d592e3e00/element/f.DC8B541A7C98CD2E2FC15C3F0919C967.d.75D1CB36B6AF3B89BF513976483C2E92.e.6135/click - {}
RESULT: {}
COMMAND: GET /session/2ede4c5ecc824f8ada8cef8d592e3e00/screenshot - {}
RESULT: {}
COMMAND: POST /session/2ede4c5ecc824f8ada8cef8d592e3e00/element - {"using":"xpath","value":"//li[.//span[text()=\"Concert - Concert \"]]"}
RESULT: {"using":"xpath","value":"//li[.//span[text()=\"Concert - Concert \"]]"}
COMMAND: POST /session/2ede4c5ecc824f8ada8cef8d592e3e00/element/f.DC8B541A7C98CD2E2FC15C3F0919C967.d.75D1CB36B6AF3B89BF513976483C2E92.e.6136/click - {}
RESULT: {}
COMMAND: GET /session/2ede4c5ecc824f8ada8cef8d592e3e00/screenshot - {}
RESULT: {}
COMMAND: POST /session/2ede4c5ecc824f8ada8cef8d592e3e00/execute/async - {"script":"<script> [1562 bytes]","args":[{"selector":{"id":"application-manageresources-display-component---newResourceUnit--RUAssignmentSaveButton","searchOpenDialogs":true,"interaction":{"idSuffix":"BDI-content"}},"wdio_ui5_key":"applicationmanageresources-display-component---newResourceUnit--RUAssignmentSaveButton"}]}
RESULT: {"script":"<script> [1562 bytes]","args":[{"selector":{"id":"application-manageresources-display-component---newResourceUnit--RUAssignmentSaveButton","searchOpenDialogs":true,"interaction":{"idSuffix":"BDI-content"}},"wdio_ui5_key":"applicationmanageresources-display-component---newResourceUnit--RUAssignmentSaveButton"}]}
RESULT: undefined
COMMAND: POST /session/2ede4c5ecc824f8ada8cef8d592e3e00/element - {"using":"xpath","value":"//*[@id=\"application-manageresources-display-component---newResourceUnit--RUAssignmentSaveButton\"]"}
RESULT: {"using":"xpath","value":"//*[@id=\"application-manageresources-display-component---newResourceUnit--RUAssignmentSaveButton\"]"}
COMMAND: POST /session/2ede4c5ecc824f8ada8cef8d592e3e00/element/f.DC8B541A7C98CD2E2FC15C3F0919C967.d.75D1CB36B6AF3B89BF513976483C2E92.e.6154/click - {}
RESULT: {}
COMMAND: GET /session/2ede4c5ecc824f8ada8cef8d592e3e00/screenshot - {}
RESULT: {}
COMMAND: POST /session/2ede4c5ecc824f8ada8cef8d592e3e00/element - {"using":"xpath","value":"//button[@data-kt=\"resourceUnitSaveButton\"]"}
RESULT: {"using":"xpath","value":"//button[@data-kt=\"resourceUnitSaveButton\"]"}
COMMAND: POST /session/2ede4c5ecc824f8ada8cef8d592e3e00/element/f.DC8B541A7C98CD2E2FC15C3F0919C967.d.75D1CB36B6AF3B89BF513976483C2E92.e.6044/click - {}
RESULT: {}
COMMAND: GET /session/2ede4c5ecc824f8ada8cef8d592e3e00/screenshot - {}
RESULT: {}
COMMAND: POST /session/2ede4c5ecc824f8ada8cef8d592e3e00/element - {"using":"xpath","value":"//bdi[contains(text(), \"Close\")]"}
RESULT: {"using":"xpath","value":"//bdi[contains(text(), \"Close\")]"}
COMMAND: POST /session/2ede4c5ecc824f8ada8cef8d592e3e00/element/f.DC8B541A7C98CD2E2FC15C3F0919C967.d.75D1CB36B6AF3B89BF513976483C2E92.e.6166/click - {}
RESULT: {}
COMMAND: GET /session/2ede4c5ecc824f8ada8cef8d592e3e00/screenshot - {}
RESULT: {}
COMMAND: POST /session/2ede4c5ecc824f8ada8cef8d592e3e00/element - {"using":"xpath","value":"//header[contains(@id, 'detailRruPage-headerTitle')]/div[1]/div[2]/div[2]/span[1]"}
RESULT: {"using":"xpath","value":"//header[contains(@id, 'detailRruPage-headerTitle')]/div[1]/div[2]/div[2]/span[1]"}
COMMAND: POST /session/2ede4c5ecc824f8ada8cef8d592e3e00/elements - {"using":"xpath","value":"//header[contains(@id, 'detailRruPage-headerTitle')]/div[1]/div[2]/div[2]/span[1]"}
RESULT: {"using":"xpath","value":"//header[contains(@id, 'detailRruPage-headerTitle')]/div[1]/div[2]/div[2]/span[1]"}
COMMAND: POST /session/2ede4c5ecc824f8ada8cef8d592e3e00/execute/sync - {"script":"<script> [56 bytes]","args":[{"element-6066-11e4-a52e-4f735466cecf":"f.DC8B541A7C98CD2E2FC15C3F0919C967.d.75D1CB36B6AF3B89BF513976483C2E92.e.6194","ELEMENT":"f.DC8B541A7C98CD2E2FC15C3F0919C967.d.75D1CB36B6AF3B89BF513976483C2E92.e.6194"}]}
RESULT: {"script":"<script> [56 bytes]","args":[{"element-6066-11e4-a52e-4f735466cecf":"f.DC8B541A7C98CD2E2FC15C3F0919C967.d.75D1CB36B6AF3B89BF513976483C2E92.e.6194","ELEMENT":"f.DC8B541A7C98CD2E2FC15C3F0919C967.d.75D1CB36B6AF3B89BF513976483C2E92.e.6194"}]}
COMMAND: POST /session/2ede4c5ecc824f8ada8cef8d592e3e00/element - {"using":"css selector","value":"#shell-header-logo"}
COMMAND: GET /session/2ede4c5ecc824f8ada8cef8d592e3e00/screenshot - {}
RESULT: {"using":"css selector","value":"#shell-header-logo"}
COMMAND: POST /session/2ede4c5ecc824f8ada8cef8d592e3e00/element/f.DC8B541A7C98CD2E2FC15C3F0919C967.d.75D1CB36B6AF3B89BF513976483C2E92.e.5828/click - {}
RESULT: {}
RESULT: {}
COMMAND: GET /session/2ede4c5ecc824f8ada8cef8d592e3e00/screenshot - {}
RESULT: {}
]]></system-out>
    </testcase>
    <testcase classname="chrome.135_0_7049_96.windows.Yard_Overview_Autoplanning_US130989" name="Should create a new request and add the material" time="93.408">
      <system-out><![CDATA[
COMMAND: POST /session/2ede4c5ecc824f8ada8cef8d592e3e00/execute/async - {"script":"<script> [1562 bytes]","args":[{"selector":{"controlType":"sap.m.Text","properties":{"text":"Manage Requests"},"interaction":{"idSuffix":"inner"}},"wdio_ui5_key":"sapm.Text{\"text\":\"Manage Requests\"}"}]}
RESULT: {"script":"<script> [1562 bytes]","args":[{"selector":{"controlType":"sap.m.Text","properties":{"text":"Manage Requests"},"interaction":{"idSuffix":"inner"}},"wdio_ui5_key":"sapm.Text{\"text\":\"Manage Requests\"}"}]}
RESULT: undefined
COMMAND: POST /session/2ede4c5ecc824f8ada8cef8d592e3e00/element - {"using":"xpath","value":"//*[@id=\"__tile47-title\"]"}
RESULT: {"using":"xpath","value":"//*[@id=\"__tile47-title\"]"}
COMMAND: POST /session/2ede4c5ecc824f8ada8cef8d592e3e00/element/f.DC8B541A7C98CD2E2FC15C3F0919C967.d.75D1CB36B6AF3B89BF513976483C2E92.e.6197/click - {}
RESULT: {}
COMMAND: GET /session/2ede4c5ecc824f8ada8cef8d592e3e00/screenshot - {}
RESULT: {}
COMMAND: POST /session/2ede4c5ecc824f8ada8cef8d592e3e00/execute/async - {"script":"<script> [1562 bytes]","args":[{"selector":{"id":"btnCreateNew","viewName":"etm.portal.ui.managerequests.view.Master","interaction":{"idSuffix":"inner"}},"wdio_ui5_key":"btnCreateNewetmportal.ui.managerequests.view.Master"}]}
RESULT: {"script":"<script> [1562 bytes]","args":[{"selector":{"id":"btnCreateNew","viewName":"etm.portal.ui.managerequests.view.Master","interaction":{"idSuffix":"inner"}},"wdio_ui5_key":"btnCreateNewetmportal.ui.managerequests.view.Master"}]}
RESULT: undefined
COMMAND: POST /session/2ede4c5ecc824f8ada8cef8d592e3e00/element - {"using":"xpath","value":"//*[@id=\"__xmlview58--btnCreateNew\"]"}
RESULT: {"using":"xpath","value":"//*[@id=\"__xmlview58--btnCreateNew\"]"}
COMMAND: POST /session/2ede4c5ecc824f8ada8cef8d592e3e00/element/f.DC8B541A7C98CD2E2FC15C3F0919C967.d.75D1CB36B6AF3B89BF513976483C2E92.e.6253/click - {}
RESULT: {}
COMMAND: GET /session/2ede4c5ecc824f8ada8cef8d592e3e00/screenshot - {}
RESULT: {}
COMMAND: POST /session/2ede4c5ecc824f8ada8cef8d592e3e00/execute/async - {"script":"<script> [1562 bytes]","args":[{"selector":{"controlType":"sap.ui.core.Icon","viewName":"etm.portal.ui.managerequests.view.NewRequest","properties":{"src":{"regex":{"source":"full\\-screen"}}}},"wdio_ui5_key":"etmportal.ui.managerequests.view.NewRequestsap.ui.core.Icon{\"src\":{\"regex\":{\"source\":\"full\\\\-screen\"}}}"}]}
RESULT: {"script":"<script> [1562 bytes]","args":[{"selector":{"controlType":"sap.ui.core.Icon","viewName":"etm.portal.ui.managerequests.view.NewRequest","properties":{"src":{"regex":{"source":"full\\-screen"}}}},"wdio_ui5_key":"etmportal.ui.managerequests.view.NewRequestsap.ui.core.Icon{\"src\":{\"regex\":{\"source\":\"full\\\\-screen\"}}}"}]}
RESULT: undefined
COMMAND: POST /session/2ede4c5ecc824f8ada8cef8d592e3e00/element - {"using":"xpath","value":"//*[@id=\"__button75-img\"]"}
RESULT: {"using":"xpath","value":"//*[@id=\"__button75-img\"]"}
COMMAND: POST /session/2ede4c5ecc824f8ada8cef8d592e3e00/element/f.DC8B541A7C98CD2E2FC15C3F0919C967.d.75D1CB36B6AF3B89BF513976483C2E92.e.6661/click - {}
RESULT: {}
COMMAND: GET /session/2ede4c5ecc824f8ada8cef8d592e3e00/screenshot - {}
RESULT: {}
COMMAND: POST /session/2ede4c5ecc824f8ada8cef8d592e3e00/element - {"using":"xpath","value":"//input[contains(@id ,\"yardId-inner\")]"}
RESULT: {"using":"xpath","value":"//input[contains(@id ,\"yardId-inner\")]"}
COMMAND: POST /session/2ede4c5ecc824f8ada8cef8d592e3e00/element/f.DC8B541A7C98CD2E2FC15C3F0919C967.d.75D1CB36B6AF3B89BF513976483C2E92.e.6531/value - {"text":"494"}
RESULT: {"text":"494"}
COMMAND: GET /session/2ede4c5ecc824f8ada8cef8d592e3e00/screenshot - {}
RESULT: {}
COMMAND: POST /session/2ede4c5ecc824f8ada8cef8d592e3e00/element - {"using":"xpath","value":"//li[.//span[text()='494']]"}
RESULT: {"using":"xpath","value":"//li[.//span[text()='494']]"}
COMMAND: POST /session/2ede4c5ecc824f8ada8cef8d592e3e00/element/f.DC8B541A7C98CD2E2FC15C3F0919C967.d.75D1CB36B6AF3B89BF513976483C2E92.e.6705/click - {}
RESULT: {}
COMMAND: GET /session/2ede4c5ecc824f8ada8cef8d592e3e00/screenshot - {}
RESULT: {}
COMMAND: POST /session/2ede4c5ecc824f8ada8cef8d592e3e00/element - {"using":"xpath","value":"//input[contains(@id ,\"customerNumber-inner\")]"}
RESULT: {"using":"xpath","value":"//input[contains(@id ,\"customerNumber-inner\")]"}
COMMAND: POST /session/2ede4c5ecc824f8ada8cef8d592e3e00/element/f.DC8B541A7C98CD2E2FC15C3F0919C967.d.75D1CB36B6AF3B89BF513976483C2E92.e.6525/clear - {}
RESULT: {}
COMMAND: POST /session/2ede4c5ecc824f8ada8cef8d592e3e00/element/f.DC8B541A7C98CD2E2FC15C3F0919C967.d.75D1CB36B6AF3B89BF513976483C2E92.e.6525/value - {"text":"1368"}
COMMAND: GET /session/2ede4c5ecc824f8ada8cef8d592e3e00/screenshot - {}
RESULT: {"text":"1368"}
COMMAND: GET /session/2ede4c5ecc824f8ada8cef8d592e3e00/screenshot - {}
RESULT: {}
RESULT: {}
COMMAND: POST /session/2ede4c5ecc824f8ada8cef8d592e3e00/element - {"using":"xpath","value":"//li[.//span[text()='1368']]"}
RESULT: {"using":"xpath","value":"//li[.//span[text()='1368']]"}
COMMAND: POST /session/2ede4c5ecc824f8ada8cef8d592e3e00/element/f.DC8B541A7C98CD2E2FC15C3F0919C967.d.75D1CB36B6AF3B89BF513976483C2E92.e.6707/click - {}
RESULT: {}
COMMAND: GET /session/2ede4c5ecc824f8ada8cef8d592e3e00/screenshot - {}
RESULT: {}
COMMAND: POST /session/2ede4c5ecc824f8ada8cef8d592e3e00/element - {"using":"xpath","value":"//button[contains(@id ,\"btnAddTableRow\")]"}
RESULT: {"using":"xpath","value":"//button[contains(@id ,\"btnAddTableRow\")]"}
COMMAND: POST /session/2ede4c5ecc824f8ada8cef8d592e3e00/element/f.DC8B541A7C98CD2E2FC15C3F0919C967.d.75D1CB36B6AF3B89BF513976483C2E92.e.6503/click - {}
RESULT: {}
COMMAND: GET /session/2ede4c5ecc824f8ada8cef8d592e3e00/screenshot - {}
RESULT: {}
COMMAND: POST /session/2ede4c5ecc824f8ada8cef8d592e3e00/actions - {"actions":[{"id":"action18","type":"key","parameters":{},"actions":[{"type":"keyDown","value":"î€•"},{"type":"pause","duration":10},{"type":"keyUp","value":"î€•"}]}]}
RESULT: {"actions":[{"id":"action18","type":"key","parameters":{},"actions":[{"type":"keyDown","value":"î€•"},{"type":"pause","duration":10},{"type":"keyUp","value":"î€•"}]}]}
COMMAND: POST /session/2ede4c5ecc824f8ada8cef8d592e3e00/actions - {"actions":[{"id":"action19","type":"key","parameters":{},"actions":[{"type":"keyDown","value":"î€‡"},{"type":"pause","duration":10},{"type":"keyUp","value":"î€‡"}]}]}
COMMAND: GET /session/2ede4c5ecc824f8ada8cef8d592e3e00/screenshot - {}
RESULT: {"actions":[{"id":"action19","type":"key","parameters":{},"actions":[{"type":"keyDown","value":"î€‡"},{"type":"pause","duration":10},{"type":"keyUp","value":"î€‡"}]}]}
COMMAND: GET /session/2ede4c5ecc824f8ada8cef8d592e3e00/screenshot - {}
RESULT: {}
RESULT: {}
COMMAND: POST /session/2ede4c5ecc824f8ada8cef8d592e3e00/element - {"using":"xpath","value":"//table[contains(@id, \"requestItemsTable-listUl\")]//tbody/tr[1]/td[3]/div/div/input"}
RESULT: {"using":"xpath","value":"//table[contains(@id, \"requestItemsTable-listUl\")]//tbody/tr[1]/td[3]/div/div/input"}
COMMAND: POST /session/2ede4c5ecc824f8ada8cef8d592e3e00/element/f.DC8B541A7C98CD2E2FC15C3F0919C967.d.75D1CB36B6AF3B89BF513976483C2E92.e.6711/clear - {}
RESULT: {}
COMMAND: POST /session/2ede4c5ecc824f8ada8cef8d592e3e00/element/f.DC8B541A7C98CD2E2FC15C3F0919C967.d.75D1CB36B6AF3B89BF513976483C2E92.e.6711/value - {"text":"Concert"}
COMMAND: GET /session/2ede4c5ecc824f8ada8cef8d592e3e00/screenshot - {}
RESULT: {"text":"Concert"}
COMMAND: GET /session/2ede4c5ecc824f8ada8cef8d592e3e00/screenshot - {}
RESULT: {}
RESULT: {}
COMMAND: POST /session/2ede4c5ecc824f8ada8cef8d592e3e00/element - {"using":"xpath","value":"//li[.//span[contains(text(), \"Concert\")]]"}
RESULT: {"using":"xpath","value":"//li[.//span[contains(text(), \"Concert\")]]"}
COMMAND: POST /session/2ede4c5ecc824f8ada8cef8d592e3e00/element/f.DC8B541A7C98CD2E2FC15C3F0919C967.d.75D1CB36B6AF3B89BF513976483C2E92.e.6723/click - {}
RESULT: {}
COMMAND: GET /session/2ede4c5ecc824f8ada8cef8d592e3e00/screenshot - {}
RESULT: {}
COMMAND: POST /session/2ede4c5ecc824f8ada8cef8d592e3e00/execute/async - {"script":"<script> [1562 bytes]","args":[{"selector":{"controlType":"sap.ui.core.Icon","viewName":"etm.portal.ui.managerequests.view.NewRequest","properties":{"src":{"regex":{"source":"message\\-error"}}},"ancestor":{"controlType":"sap.m.ColumnListItem","viewName":"etm.portal.ui.managerequests.view.NewRequest","bindingPath":{"modelName":"newRequestItems","path":"/RequestItems/0"},"ancestor":{"id":"requestItemsTable","viewName":"etm.portal.ui.managerequests.view.NewRequest"}}},"wdio_ui5_key":"etmportal.ui.managerequests.view.NewRequestsap.ui.core.Icon{\"src\":{\"regex\":{\"source\":\"message\\\\-error\"}}}{\"controlType\":\"sap.m.ColumnListItem\",\"viewName\":\"etm.portal.ui.managerequests.view.NewRequest\",\"bindingPath\":{\"modelName\":\"newRequestItems\",\"path\":\"/RequestItems/0\"},\"ancestor\":{\"id\":\"requestItemsTable\",\"viewName\":\"etm.portal.ui.managerequests.view.NewRequest\"}}"}]}
RESULT: {"script":"<script> [1562 bytes]","args":[{"selector":{"controlType":"sap.ui.core.Icon","viewName":"etm.portal.ui.managerequests.view.NewRequest","properties":{"src":{"regex":{"source":"message\\-error"}}},"ancestor":{"controlType":"sap.m.ColumnListItem","viewName":"etm.portal.ui.managerequests.view.NewRequest","bindingPath":{"modelName":"newRequestItems","path":"/RequestItems/0"},"ancestor":{"id":"requestItemsTable","viewName":"etm.portal.ui.managerequests.view.NewRequest"}}},"wdio_ui5_key":"etmportal.ui.managerequests.view.NewRequestsap.ui.core.Icon{\"src\":{\"regex\":{\"source\":\"message\\\\-error\"}}}{\"controlType\":\"sap.m.ColumnListItem\",\"viewName\":\"etm.portal.ui.managerequests.view.NewRequest\",\"bindingPath\":{\"modelName\":\"newRequestItems\",\"path\":\"/RequestItems/0\"},\"ancestor\":{\"id\":\"requestItemsTable\",\"viewName\":\"etm.portal.ui.managerequests.view.NewRequest\"}}"}]}
RESULT: undefined
COMMAND: POST /session/2ede4c5ecc824f8ada8cef8d592e3e00/element - {"using":"xpath","value":"//*[@id=\"__status10-__xmlview59--requestItemsTable-0-icon\"]"}
RESULT: {"using":"xpath","value":"//*[@id=\"__status10-__xmlview59--requestItemsTable-0-icon\"]"}
COMMAND: POST /session/2ede4c5ecc824f8ada8cef8d592e3e00/element/f.DC8B541A7C98CD2E2FC15C3F0919C967.d.75D1CB36B6AF3B89BF513976483C2E92.e.6724/click - {}
RESULT: {}
COMMAND: POST /session/2ede4c5ecc824f8ada8cef8d592e3e00/execute/async - {"script":"<script> [1562 bytes]","args":[{"selector":{"controlType":"sap.ui.core.Icon","viewName":"etm.portal.ui.managerequests.view.NewRequest","properties":{"src":{"regex":{"source":"slim\\-arrow\\-down"}}},"searchOpenDialogs":true,"ancestor":{"id":"costObjectAdminTypeComboBox","viewName":"etm.portal.ui.managerequests.view.NewRequest","searchOpenDialogs":true}},"wdio_ui5_key":"etmportal.ui.managerequests.view.NewRequestsap.ui.core.Icon{\"src\":{\"regex\":{\"source\":\"slim\\\\-arrow\\\\-down\"}}}{\"id\":\"costObjectAdminTypeComboBox\",\"viewName\":\"etm.portal.ui.managerequests.view.NewRequest\",\"searchOpenDialogs\":true}"}]}
COMMAND: GET /session/2ede4c5ecc824f8ada8cef8d592e3e00/screenshot - {}
RESULT: {"script":"<script> [1562 bytes]","args":[{"selector":{"controlType":"sap.ui.core.Icon","viewName":"etm.portal.ui.managerequests.view.NewRequest","properties":{"src":{"regex":{"source":"slim\\-arrow\\-down"}}},"searchOpenDialogs":true,"ancestor":{"id":"costObjectAdminTypeComboBox","viewName":"etm.portal.ui.managerequests.view.NewRequest","searchOpenDialogs":true}},"wdio_ui5_key":"etmportal.ui.managerequests.view.NewRequestsap.ui.core.Icon{\"src\":{\"regex\":{\"source\":\"slim\\\\-arrow\\\\-down\"}}}{\"id\":\"costObjectAdminTypeComboBox\",\"viewName\":\"etm.portal.ui.managerequests.view.NewRequest\",\"searchOpenDialogs\":true}"}]}
RESULT: undefined
COMMAND: POST /session/2ede4c5ecc824f8ada8cef8d592e3e00/element - {"using":"xpath","value":"//*[@id=\"__xmlview59--costObjectAdminTypeComboBox-arrow\"]"}
RESULT: {}
RESULT: {"using":"xpath","value":"//*[@id=\"__xmlview59--costObjectAdminTypeComboBox-arrow\"]"}
COMMAND: POST /session/2ede4c5ecc824f8ada8cef8d592e3e00/element/f.DC8B541A7C98CD2E2FC15C3F0919C967.d.75D1CB36B6AF3B89BF513976483C2E92.e.6729/click - {}
RESULT: {}
COMMAND: GET /session/2ede4c5ecc824f8ada8cef8d592e3e00/screenshot - {}
RESULT: {}
COMMAND: POST /session/2ede4c5ecc824f8ada8cef8d592e3e00/execute/async - {"script":"<script> [1562 bytes]","args":[{"selector":{"controlType":"sap.m.StandardListItem","viewName":"etm.portal.ui.managerequests.view.NewRequest","properties":{"title":"Cost Center"},"searchOpenDialogs":true,"interaction":{"idSuffix":"content"}},"wdio_ui5_key":"etmportal.ui.managerequests.view.NewRequestsap.m.StandardListItem{\"title\":\"Cost Center\"}"}]}
RESULT: {"script":"<script> [1562 bytes]","args":[{"selector":{"controlType":"sap.m.StandardListItem","viewName":"etm.portal.ui.managerequests.view.NewRequest","properties":{"title":"Cost Center"},"searchOpenDialogs":true,"interaction":{"idSuffix":"content"}},"wdio_ui5_key":"etmportal.ui.managerequests.view.NewRequestsap.m.StandardListItem{\"title\":\"Cost Center\"}"}]}
RESULT: undefined
COMMAND: POST /session/2ede4c5ecc824f8ada8cef8d592e3e00/element - {"using":"xpath","value":"//*[@id=\"__item1628\"]"}
RESULT: {"using":"xpath","value":"//*[@id=\"__item1628\"]"}
COMMAND: POST /session/2ede4c5ecc824f8ada8cef8d592e3e00/element/f.DC8B541A7C98CD2E2FC15C3F0919C967.d.75D1CB36B6AF3B89BF513976483C2E92.e.6732/click - {}
RESULT: {}
COMMAND: GET /session/2ede4c5ecc824f8ada8cef8d592e3e00/screenshot - {}
RESULT: {}
COMMAND: POST /session/2ede4c5ecc824f8ada8cef8d592e3e00/execute/async - {"script":"<script> [1562 bytes]","args":[{"selector":{"controlType":"sap.m.Button","viewName":"etm.portal.ui.managerequests.view.NewRequest","i18NText":{"propertyName":"text","key":"save"},"searchOpenDialogs":true,"interaction":{"idSuffix":"inner"}},"wdio_ui5_key":"etmportal.ui.managerequests.view.NewRequestsap.m.Button{\"propertyName\":\"text\",\"key\":\"save\"}"}]}
RESULT: {"script":"<script> [1562 bytes]","args":[{"selector":{"controlType":"sap.m.Button","viewName":"etm.portal.ui.managerequests.view.NewRequest","i18NText":{"propertyName":"text","key":"save"},"searchOpenDialogs":true,"interaction":{"idSuffix":"inner"}},"wdio_ui5_key":"etmportal.ui.managerequests.view.NewRequestsap.m.Button{\"propertyName\":\"text\",\"key\":\"save\"}"}]}
RESULT: undefined
COMMAND: POST /session/2ede4c5ecc824f8ada8cef8d592e3e00/element - {"using":"xpath","value":"//*[@id=\"__button93\"]"}
RESULT: {"using":"xpath","value":"//*[@id=\"__button93\"]"}
COMMAND: POST /session/2ede4c5ecc824f8ada8cef8d592e3e00/element/f.DC8B541A7C98CD2E2FC15C3F0919C967.d.75D1CB36B6AF3B89BF513976483C2E92.e.6740/click - {}
RESULT: {}
COMMAND: GET /session/2ede4c5ecc824f8ada8cef8d592e3e00/screenshot - {}
RESULT: {}
COMMAND: POST /session/2ede4c5ecc824f8ada8cef8d592e3e00/execute/async - {"script":"<script> [1562 bytes]","args":[{"selector":{"controlType":"sap.m.Button","viewName":"etm.portal.ui.managerequests.view.NewRequest","i18NText":{"propertyName":"tooltip","key":"save"},"interaction":{"idSuffix":"BDI-content"}},"wdio_ui5_key":"etmportal.ui.managerequests.view.NewRequestsap.m.Button{\"propertyName\":\"tooltip\",\"key\":\"save\"}"}]}
RESULT: {"script":"<script> [1562 bytes]","args":[{"selector":{"controlType":"sap.m.Button","viewName":"etm.portal.ui.managerequests.view.NewRequest","i18NText":{"propertyName":"tooltip","key":"save"},"interaction":{"idSuffix":"BDI-content"}},"wdio_ui5_key":"etmportal.ui.managerequests.view.NewRequestsap.m.Button{\"propertyName\":\"tooltip\",\"key\":\"save\"}"}]}
RESULT: undefined
COMMAND: POST /session/2ede4c5ecc824f8ada8cef8d592e3e00/element - {"using":"xpath","value":"//*[@id=\"__button82\"]"}
RESULT: {"using":"xpath","value":"//*[@id=\"__button82\"]"}
COMMAND: POST /session/2ede4c5ecc824f8ada8cef8d592e3e00/element/f.DC8B541A7C98CD2E2FC15C3F0919C967.d.75D1CB36B6AF3B89BF513976483C2E92.e.6591/click - {}
RESULT: {}
COMMAND: POST /session/2ede4c5ecc824f8ada8cef8d592e3e00/execute/async - {"script":"<script> [1562 bytes]","args":[{"selector":{"controlType":"sap.m.Button","properties":{"text":"Close"},"searchOpenDialogs":true,"interaction":{"idSuffix":"inner"}},"wdio_ui5_key":"sapm.Button{\"text\":\"Close\"}"}]}
COMMAND: GET /session/2ede4c5ecc824f8ada8cef8d592e3e00/screenshot - {}
RESULT: {"script":"<script> [1562 bytes]","args":[{"selector":{"controlType":"sap.m.Button","properties":{"text":"Close"},"searchOpenDialogs":true,"interaction":{"idSuffix":"inner"}},"wdio_ui5_key":"sapm.Button{\"text\":\"Close\"}"}]}
RESULT: undefined
COMMAND: POST /session/2ede4c5ecc824f8ada8cef8d592e3e00/element - {"using":"xpath","value":"//*[@id=\"__mbox-btn-1\"]"}
RESULT: {}
RESULT: {"using":"xpath","value":"//*[@id=\"__mbox-btn-1\"]"}
COMMAND: POST /session/2ede4c5ecc824f8ada8cef8d592e3e00/element/f.DC8B541A7C98CD2E2FC15C3F0919C967.d.75D1CB36B6AF3B89BF513976483C2E92.e.6744/click - {}
RESULT: {}
COMMAND: GET /session/2ede4c5ecc824f8ada8cef8d592e3e00/screenshot - {}
RESULT: {}
COMMAND: POST /session/2ede4c5ecc824f8ada8cef8d592e3e00/execute/async - {"script":"<script> [1562 bytes]","args":[{"selector":{"controlType":"sap.m.Text","viewName":"etm.portal.ui.managerequests.view.Detail","bindingPath":{"propertyPath":"NO","modelName":"catalogModel"}},"wdio_ui5_key":"etmportal.ui.managerequests.view.Detailsap.m.Text{\"propertyPath\":\"NO\",\"modelName\":\"catalogModel\"}"}]}
RESULT: {"script":"<script> [1562 bytes]","args":[{"selector":{"controlType":"sap.m.Text","viewName":"etm.portal.ui.managerequests.view.Detail","bindingPath":{"propertyPath":"NO","modelName":"catalogModel"}},"wdio_ui5_key":"etmportal.ui.managerequests.view.Detailsap.m.Text{\"propertyPath\":\"NO\",\"modelName\":\"catalogModel\"}"}]}
RESULT: undefined
COMMAND: POST /session/2ede4c5ecc824f8ada8cef8d592e3e00/execute/async - {"script":"<script> [6424 bytes]","args":[{"element-6066-11e4-a52e-4f735466cecf":"f.DC8B541A7C98CD2E2FC15C3F0919C967.d.75D1CB36B6AF3B89BF513976483C2E92.e.6998"},"getText",[]]}
RESULT: {"script":"<script> [6424 bytes]","args":[{"element-6066-11e4-a52e-4f735466cecf":"f.DC8B541A7C98CD2E2FC15C3F0919C967.d.75D1CB36B6AF3B89BF513976483C2E92.e.6998"},"getText",[]]}
COMMAND: POST /session/2ede4c5ecc824f8ada8cef8d592e3e00/element - {"using":"css selector","value":"#shell-header-logo"}
RESULT: {"using":"css selector","value":"#shell-header-logo"}
COMMAND: POST /session/2ede4c5ecc824f8ada8cef8d592e3e00/element/f.DC8B541A7C98CD2E2FC15C3F0919C967.d.75D1CB36B6AF3B89BF513976483C2E92.e.6200/click - {}
RESULT: {}
COMMAND: GET /session/2ede4c5ecc824f8ada8cef8d592e3e00/screenshot - {}
RESULT: {}
]]></system-out>
    </testcase>
    <testcase classname="chrome.135_0_7049_96.windows.Yard_Overview_Autoplanning_US130989" name="Should navigate to Yard overview and plan the request" time="115.612">
      <system-out><![CDATA[
COMMAND: POST /session/2ede4c5ecc824f8ada8cef8d592e3e00/execute/async - {"script":"<script> [1562 bytes]","args":[{"selector":{"controlType":"sap.m.GenericTile","properties":{"header":"Yard Overview"}},"wdio_ui5_key":"sapm.GenericTile{\"header\":\"Yard Overview\"}"}]}
RESULT: {"script":"<script> [1562 bytes]","args":[{"selector":{"controlType":"sap.m.GenericTile","properties":{"header":"Yard Overview"}},"wdio_ui5_key":"sapm.GenericTile{\"header\":\"Yard Overview\"}"}]}
RESULT: undefined
COMMAND: POST /session/2ede4c5ecc824f8ada8cef8d592e3e00/element - {"using":"xpath","value":"//*[@id=\"__tile102\"]"}
RESULT: {"using":"xpath","value":"//*[@id=\"__tile102\"]"}
COMMAND: POST /session/2ede4c5ecc824f8ada8cef8d592e3e00/element/f.DC8B541A7C98CD2E2FC15C3F0919C967.d.75D1CB36B6AF3B89BF513976483C2E92.e.7003/click - {}
RESULT: {}
COMMAND: GET /session/2ede4c5ecc824f8ada8cef8d592e3e00/screenshot - {}
RESULT: {}
COMMAND: POST /session/2ede4c5ecc824f8ada8cef8d592e3e00/execute/async - {"script":"<script> [1562 bytes]","args":[{"selector":{"id":"application-yardoverview-display-component---masterYardInventory--smartFilterBar-btnBasicSearch","interaction":{"idSuffix":"I"}},"wdio_ui5_key":"applicationyardoverview-display-component---masterYardInventory--smartFilterBar-btnBasicSearch"}]}
RESULT: {"script":"<script> [1562 bytes]","args":[{"selector":{"id":"application-yardoverview-display-component---masterYardInventory--smartFilterBar-btnBasicSearch","interaction":{"idSuffix":"I"}},"wdio_ui5_key":"applicationyardoverview-display-component---masterYardInventory--smartFilterBar-btnBasicSearch"}]}
RESULT: undefined
COMMAND: POST /session/2ede4c5ecc824f8ada8cef8d592e3e00/execute/async - {"script":"<script> [776 bytes]","args":[{"enterText":"494","selector":{"id":"application-yardoverview-display-component---masterYardInventory--smartFilterBar-btnBasicSearch","interaction":{"idSuffix":"I"}},"clearTextFirst":true,"interactionType":"ENTER_TEXT"}]}
RESULT: {"script":"<script> [776 bytes]","args":[{"enterText":"494","selector":{"id":"application-yardoverview-display-component---masterYardInventory--smartFilterBar-btnBasicSearch","interaction":{"idSuffix":"I"}},"clearTextFirst":true,"interactionType":"ENTER_TEXT"}]}
COMMAND: POST /session/2ede4c5ecc824f8ada8cef8d592e3e00/actions - {"actions":[{"id":"action20","type":"key","parameters":{},"actions":[{"type":"keyDown","value":"î€‡"},{"type":"pause","duration":10},{"type":"keyUp","value":"î€‡"}]}]}
RESULT: {"actions":[{"id":"action20","type":"key","parameters":{},"actions":[{"type":"keyDown","value":"î€‡"},{"type":"pause","duration":10},{"type":"keyUp","value":"î€‡"}]}]}
COMMAND: GET /session/2ede4c5ecc824f8ada8cef8d592e3e00/screenshot - {}
RESULT: {}
COMMAND: POST /session/2ede4c5ecc824f8ada8cef8d592e3e00/execute/async - {"script":"<script> [1562 bytes]","args":[{"selector":{"controlType":"sap.m.Text","viewName":"etm.portal.ui.yardoverview.view.Master","viewId":"application-yardoverview-display-component---masterYardInventory","bindingPath":{"propertyPath":"ID"}},"wdio_ui5_key":"etmportal.ui.yardoverview.view.Mastersap.m.Text{\"propertyPath\":\"ID\"}"}]}
RESULT: {"script":"<script> [1562 bytes]","args":[{"selector":{"controlType":"sap.m.Text","viewName":"etm.portal.ui.yardoverview.view.Master","viewId":"application-yardoverview-display-component---masterYardInventory","bindingPath":{"propertyPath":"ID"}},"wdio_ui5_key":"etmportal.ui.yardoverview.view.Mastersap.m.Text{\"propertyPath\":\"ID\"}"}]}
RESULT: undefined
COMMAND: POST /session/2ede4c5ecc824f8ada8cef8d592e3e00/element - {"using":"xpath","value":"//*[@id=\"__text906-__clone3178\"]"}
RESULT: {"using":"xpath","value":"//*[@id=\"__text906-__clone3178\"]"}
COMMAND: POST /session/2ede4c5ecc824f8ada8cef8d592e3e00/element/f.DC8B541A7C98CD2E2FC15C3F0919C967.d.75D1CB36B6AF3B89BF513976483C2E92.e.7073/click - {}
RESULT: {}
COMMAND: GET /session/2ede4c5ecc824f8ada8cef8d592e3e00/screenshot - {}
RESULT: {}
COMMAND: POST /session/2ede4c5ecc824f8ada8cef8d592e3e00/execute/async - {"script":"<script> [1562 bytes]","args":[{"selector":{"id":"application-yardoverview-display-component---detailYardInventory--ObjectPageLayout-anchBar-application-yardoverview-display-component---detailYardInventory--openRequestsSection-anchor","interaction":{"idSuffix":"BDI-content"}},"wdio_ui5_key":"applicationyardoverview-display-component---detailYardInventory--ObjectPageLayout-anchBar-application-yardoverview-display-component---detailYardInventory--openRequestsSection-anchor"}]}
RESULT: {"script":"<script> [1562 bytes]","args":[{"selector":{"id":"application-yardoverview-display-component---detailYardInventory--ObjectPageLayout-anchBar-application-yardoverview-display-component---detailYardInventory--openRequestsSection-anchor","interaction":{"idSuffix":"BDI-content"}},"wdio_ui5_key":"applicationyardoverview-display-component---detailYardInventory--ObjectPageLayout-anchBar-application-yardoverview-display-component---detailYardInventory--openRequestsSection-anchor"}]}
RESULT: undefined
COMMAND: POST /session/2ede4c5ecc824f8ada8cef8d592e3e00/element - {"using":"xpath","value":"//*[@id=\"application-yardoverview-display-component---detailYardInventory--ObjectPageLayout-anchBar-application-yardoverview-display-component---detailYardInventory--openRequestsSection-anchor\"]"}
RESULT: {"using":"xpath","value":"//*[@id=\"application-yardoverview-display-component---detailYardInventory--ObjectPageLayout-anchBar-application-yardoverview-display-component---detailYardInventory--openRequestsSection-anchor\"]"}
COMMAND: POST /session/2ede4c5ecc824f8ada8cef8d592e3e00/element/f.DC8B541A7C98CD2E2FC15C3F0919C967.d.75D1CB36B6AF3B89BF513976483C2E92.e.7151/click - {}
RESULT: {}
COMMAND: GET /session/2ede4c5ecc824f8ada8cef8d592e3e00/screenshot - {}
RESULT: {}
COMMAND: POST /session/2ede4c5ecc824f8ada8cef8d592e3e00/element - {"using":"xpath","value":"//input[contains(@aria-labelledby ,\"INTERNAL_GROUP-request\")]"}
RESULT: {"using":"xpath","value":"//input[contains(@aria-labelledby ,\"INTERNAL_GROUP-request\")]"}
COMMAND: POST /session/2ede4c5ecc824f8ada8cef8d592e3e00/element/f.DC8B541A7C98CD2E2FC15C3F0919C967.d.75D1CB36B6AF3B89BF513976483C2E92.e.7162/clear - {}
RESULT: {}
COMMAND: POST /session/2ede4c5ecc824f8ada8cef8d592e3e00/element/f.DC8B541A7C98CD2E2FC15C3F0919C967.d.75D1CB36B6AF3B89BF513976483C2E92.e.7162/value - {"text":"20314"}
COMMAND: GET /session/2ede4c5ecc824f8ada8cef8d592e3e00/screenshot - {}
RESULT: {"text":"20314"}
COMMAND: GET /session/2ede4c5ecc824f8ada8cef8d592e3e00/screenshot - {}
RESULT: {}
RESULT: {}
COMMAND: POST /session/2ede4c5ecc824f8ada8cef8d592e3e00/actions - {"actions":[{"id":"action21","type":"key","parameters":{},"actions":[{"type":"keyDown","value":"î€‡"},{"type":"pause","duration":10},{"type":"keyUp","value":"î€‡"}]}]}
RESULT: {"actions":[{"id":"action21","type":"key","parameters":{},"actions":[{"type":"keyDown","value":"î€‡"},{"type":"pause","duration":10},{"type":"keyUp","value":"î€‡"}]}]}
COMMAND: POST /session/2ede4c5ecc824f8ada8cef8d592e3e00/element - {"using":"xpath","value":"//button[contains(@id,\"openRequests-triggerAction-autoplanBtn\")]"}
COMMAND: GET /session/2ede4c5ecc824f8ada8cef8d592e3e00/screenshot - {}
RESULT: {"using":"xpath","value":"//button[contains(@id,\"openRequests-triggerAction-autoplanBtn\")]"}
COMMAND: POST /session/2ede4c5ecc824f8ada8cef8d592e3e00/element/f.DC8B541A7C98CD2E2FC15C3F0919C967.d.75D1CB36B6AF3B89BF513976483C2E92.e.7182/click - {}
RESULT: {}
RESULT: {}
COMMAND: GET /session/2ede4c5ecc824f8ada8cef8d592e3e00/screenshot - {}
RESULT: {}
COMMAND: POST /session/2ede4c5ecc824f8ada8cef8d592e3e00/execute/async - {"script":"<script> [1562 bytes]","args":[{"selector":{"id":"application-yardoverview-display-component---detailYardInventory--customRequestsTable-sa","interaction":{"idSuffix":"CbBg"}},"wdio_ui5_key":"applicationyardoverview-display-component---detailYardInventory--customRequestsTable-sa"}]}
RESULT: {"script":"<script> [1562 bytes]","args":[{"selector":{"id":"application-yardoverview-display-component---detailYardInventory--customRequestsTable-sa","interaction":{"idSuffix":"CbBg"}},"wdio_ui5_key":"applicationyardoverview-display-component---detailYardInventory--customRequestsTable-sa"}]}
RESULT: undefined
COMMAND: POST /session/2ede4c5ecc824f8ada8cef8d592e3e00/element - {"using":"xpath","value":"//*[@id=\"application-yardoverview-display-component---detailYardInventory--customRequestsTable-sa\"]"}
RESULT: {"using":"xpath","value":"//*[@id=\"application-yardoverview-display-component---detailYardInventory--customRequestsTable-sa\"]"}
COMMAND: POST /session/2ede4c5ecc824f8ada8cef8d592e3e00/element/f.DC8B541A7C98CD2E2FC15C3F0919C967.d.75D1CB36B6AF3B89BF513976483C2E92.e.7205/click - {}
RESULT: {}
COMMAND: GET /session/2ede4c5ecc824f8ada8cef8d592e3e00/screenshot - {}
RESULT: {}
COMMAND: POST /session/2ede4c5ecc824f8ada8cef8d592e3e00/element - {"using":"xpath","value":"//button[contains(@id,\"openRequests-triggerAction-autoplanBtn\")]"}
RESULT: {"using":"xpath","value":"//button[contains(@id,\"openRequests-triggerAction-autoplanBtn\")]"}
COMMAND: POST /session/2ede4c5ecc824f8ada8cef8d592e3e00/element/f.DC8B541A7C98CD2E2FC15C3F0919C967.d.75D1CB36B6AF3B89BF513976483C2E92.e.7182/click - {}
RESULT: {}
COMMAND: GET /session/2ede4c5ecc824f8ada8cef8d592e3e00/screenshot - {}
RESULT: {}
COMMAND: POST /session/2ede4c5ecc824f8ada8cef8d592e3e00/element - {"using":"xpath","value":"//button[.//bdi[contains(text(),\"OK\")]]"}
RESULT: {"using":"xpath","value":"//button[.//bdi[contains(text(),\"OK\")]]"}
COMMAND: POST /session/2ede4c5ecc824f8ada8cef8d592e3e00/element/f.DC8B541A7C98CD2E2FC15C3F0919C967.d.75D1CB36B6AF3B89BF513976483C2E92.e.7206/click - {}
RESULT: {}
COMMAND: GET /session/2ede4c5ecc824f8ada8cef8d592e3e00/screenshot - {}
RESULT: {}
COMMAND: POST /session/2ede4c5ecc824f8ada8cef8d592e3e00/execute/async - {"script":"<script> [1562 bytes]","args":[{"selector":{"id":"application-yardoverview-display-component---detailYardInventory--refreshOpenRequests-img"},"wdio_ui5_key":"applicationyardoverview-display-component---detailYardInventory--refreshOpenRequests-img"}]}
RESULT: {"script":"<script> [1562 bytes]","args":[{"selector":{"id":"application-yardoverview-display-component---detailYardInventory--refreshOpenRequests-img"},"wdio_ui5_key":"applicationyardoverview-display-component---detailYardInventory--refreshOpenRequests-img"}]}
RESULT: undefined
COMMAND: POST /session/2ede4c5ecc824f8ada8cef8d592e3e00/element - {"using":"xpath","value":"//*[@id=\"application-yardoverview-display-component---detailYardInventory--refreshOpenRequests-img\"]"}
RESULT: {"using":"xpath","value":"//*[@id=\"application-yardoverview-display-component---detailYardInventory--refreshOpenRequests-img\"]"}
COMMAND: POST /session/2ede4c5ecc824f8ada8cef8d592e3e00/element/f.DC8B541A7C98CD2E2FC15C3F0919C967.d.75D1CB36B6AF3B89BF513976483C2E92.e.7208/click - {}
RESULT: {}
COMMAND: GET /session/2ede4c5ecc824f8ada8cef8d592e3e00/screenshot - {}
RESULT: {}
COMMAND: POST /session/2ede4c5ecc824f8ada8cef8d592e3e00/execute/async - {"script":"<script> [1562 bytes]","args":[{"selector":{"id":"application-yardoverview-display-component---detailYardInventory--ObjectPageLayout-anchBar-application-yardoverview-display-component---detailYardInventory--openProvidesSection-anchor","interaction":{"idSuffix":"BDI-content"}},"wdio_ui5_key":"applicationyardoverview-display-component---detailYardInventory--ObjectPageLayout-anchBar-application-yardoverview-display-component---detailYardInventory--openProvidesSection-anchor"}]}
RESULT: {"script":"<script> [1562 bytes]","args":[{"selector":{"id":"application-yardoverview-display-component---detailYardInventory--ObjectPageLayout-anchBar-application-yardoverview-display-component---detailYardInventory--openProvidesSection-anchor","interaction":{"idSuffix":"BDI-content"}},"wdio_ui5_key":"applicationyardoverview-display-component---detailYardInventory--ObjectPageLayout-anchBar-application-yardoverview-display-component---detailYardInventory--openProvidesSection-anchor"}]}
RESULT: undefined
COMMAND: POST /session/2ede4c5ecc824f8ada8cef8d592e3e00/element - {"using":"xpath","value":"//*[@id=\"application-yardoverview-display-component---detailYardInventory--ObjectPageLayout-anchBar-application-yardoverview-display-component---detailYardInventory--openProvidesSection-anchor\"]"}
RESULT: {"using":"xpath","value":"//*[@id=\"application-yardoverview-display-component---detailYardInventory--ObjectPageLayout-anchBar-application-yardoverview-display-component---detailYardInventory--openProvidesSection-anchor\"]"}
COMMAND: POST /session/2ede4c5ecc824f8ada8cef8d592e3e00/element/f.DC8B541A7C98CD2E2FC15C3F0919C967.d.75D1CB36B6AF3B89BF513976483C2E92.e.7212/click - {}
RESULT: {}
COMMAND: GET /session/2ede4c5ecc824f8ada8cef8d592e3e00/screenshot - {}
RESULT: {}
COMMAND: POST /session/2ede4c5ecc824f8ada8cef8d592e3e00/element - {"using":"css selector","value":"#shell-header-logo"}
RESULT: {"using":"css selector","value":"#shell-header-logo"}
COMMAND: POST /session/2ede4c5ecc824f8ada8cef8d592e3e00/element/f.DC8B541A7C98CD2E2FC15C3F0919C967.d.75D1CB36B6AF3B89BF513976483C2E92.e.7005/click - {}
RESULT: {}
COMMAND: GET /session/2ede4c5ecc824f8ada8cef8d592e3e00/screenshot - {}
RESULT: {}
RESULT: undefined
COMMAND: POST /session/2ede4c5ecc824f8ada8cef8d592e3e00/element - {"using":"xpath","value":"//*[@id=\"__tile47-title\"]"}
RESULT: {"using":"xpath","value":"//*[@id=\"__tile47-title\"]"}
COMMAND: POST /session/2ede4c5ecc824f8ada8cef8d592e3e00/element/f.DC8B541A7C98CD2E2FC15C3F0919C967.d.75D1CB36B6AF3B89BF513976483C2E92.e.6197/click - {}
RESULT: {}
COMMAND: GET /session/2ede4c5ecc824f8ada8cef8d592e3e00/screenshot - {}
COMMAND: POST /session/2ede4c5ecc824f8ada8cef8d592e3e00/execute/async - {"script":"<script> [1562 bytes]","args":[{"selector":{"controlType":"sap.m.SearchField","viewName":"etm.portal.ui.managerequests.view.Master","bindingPath":{"path":"","propertyPath":"/_BASIC_SEARCH_FIELD","modelName":"fi1t3rM0d31"},"interaction":{"idSuffix":"I"}},"wdio_ui5_key":"etmportal.ui.managerequests.view.Mastersap.m.SearchField{\"path\":\"\",\"propertyPath\":\"/_BASIC_SEARCH_FIELD\",\"modelName\":\"fi1t3rM0d31\"}"}]}
RESULT: {}
RESULT: {"script":"<script> [1562 bytes]","args":[{"selector":{"controlType":"sap.m.SearchField","viewName":"etm.portal.ui.managerequests.view.Master","bindingPath":{"path":"","propertyPath":"/_BASIC_SEARCH_FIELD","modelName":"fi1t3rM0d31"},"interaction":{"idSuffix":"I"}},"wdio_ui5_key":"etmportal.ui.managerequests.view.Mastersap.m.SearchField{\"path\":\"\",\"propertyPath\":\"/_BASIC_SEARCH_FIELD\",\"modelName\":\"fi1t3rM0d31\"}"}]}
RESULT: undefined
COMMAND: POST /session/2ede4c5ecc824f8ada8cef8d592e3e00/execute/async - {"script":"<script> [776 bytes]","args":[{"enterText":"20314","selector":{"controlType":"sap.m.SearchField","viewName":"etm.portal.ui.managerequests.view.Master","bindingPath":{"path":"","propertyPath":"/_BASIC_SEARCH_FIELD","modelName":"fi1t3rM0d31"},"interaction":{"idSuffix":"I"}},"clearTextFirst":true,"interactionType":"ENTER_TEXT"}]}
RESULT: {"script":"<script> [776 bytes]","args":[{"enterText":"20314","selector":{"controlType":"sap.m.SearchField","viewName":"etm.portal.ui.managerequests.view.Master","bindingPath":{"path":"","propertyPath":"/_BASIC_SEARCH_FIELD","modelName":"fi1t3rM0d31"},"interaction":{"idSuffix":"I"}},"clearTextFirst":true,"interactionType":"ENTER_TEXT"}]}
COMMAND: POST /session/2ede4c5ecc824f8ada8cef8d592e3e00/actions - {"actions":[{"id":"action22","type":"key","parameters":{},"actions":[{"type":"keyDown","value":"î€‡"},{"type":"pause","duration":10},{"type":"keyUp","value":"î€‡"}]}]}
RESULT: {"actions":[{"id":"action22","type":"key","parameters":{},"actions":[{"type":"keyDown","value":"î€‡"},{"type":"pause","duration":10},{"type":"keyUp","value":"î€‡"}]}]}
COMMAND: GET /session/2ede4c5ecc824f8ada8cef8d592e3e00/screenshot - {}
RESULT: {}
COMMAND: POST /session/2ede4c5ecc824f8ada8cef8d592e3e00/execute/async - {"script":"<script> [1562 bytes]","args":[{"selector":{"controlType":"sap.m.ObjectNumber","viewName":"etm.portal.ui.managerequests.view.Master","bindingPath":{"propertyPath":"IN_USE_FOR"},"interaction":{"idSuffix":"number"}},"wdio_ui5_key":"etmportal.ui.managerequests.view.Mastersap.m.ObjectNumber{\"propertyPath\":\"IN_USE_FOR\"}"}]}
RESULT: {"script":"<script> [1562 bytes]","args":[{"selector":{"controlType":"sap.m.ObjectNumber","viewName":"etm.portal.ui.managerequests.view.Master","bindingPath":{"propertyPath":"IN_USE_FOR"},"interaction":{"idSuffix":"number"}},"wdio_ui5_key":"etmportal.ui.managerequests.view.Mastersap.m.ObjectNumber{\"propertyPath\":\"IN_USE_FOR\"}"}]}
RESULT: undefined
COMMAND: POST /session/2ede4c5ecc824f8ada8cef8d592e3e00/element - {"using":"xpath","value":"//*[@id=\"__number8-__clone3319\"]"}
RESULT: {"using":"xpath","value":"//*[@id=\"__number8-__clone3319\"]"}
COMMAND: POST /session/2ede4c5ecc824f8ada8cef8d592e3e00/element/f.DC8B541A7C98CD2E2FC15C3F0919C967.d.75D1CB36B6AF3B89BF513976483C2E92.e.7344/click - {}
RESULT: {}
COMMAND: POST /session/2ede4c5ecc824f8ada8cef8d592e3e00/execute/async - {"script":"<script> [1562 bytes]","args":[{"selector":{"controlType":"sap.m.ObjectStatus","viewName":"etm.portal.ui.managerequests.view.Detail","bindingPath":{"propertyPath":"LINK_TO_STATUS/DESCRIPTION","modelName":"catalogModel"}},"wdio_ui5_key":"etmportal.ui.managerequests.view.Detailsap.m.ObjectStatus{\"propertyPath\":\"LINK_TO_STATUS/DESCRIPTION\",\"modelName\":\"catalogModel\"}"}]}
COMMAND: GET /session/2ede4c5ecc824f8ada8cef8d592e3e00/screenshot - {}
RESULT: {"script":"<script> [1562 bytes]","args":[{"selector":{"controlType":"sap.m.ObjectStatus","viewName":"etm.portal.ui.managerequests.view.Detail","bindingPath":{"propertyPath":"LINK_TO_STATUS/DESCRIPTION","modelName":"catalogModel"}},"wdio_ui5_key":"etmportal.ui.managerequests.view.Detailsap.m.ObjectStatus{\"propertyPath\":\"LINK_TO_STATUS/DESCRIPTION\",\"modelName\":\"catalogModel\"}"}]}
RESULT: undefined
COMMAND: POST /session/2ede4c5ecc824f8ada8cef8d592e3e00/execute/async - {"script":"<script> [6424 bytes]","args":[{"element-6066-11e4-a52e-4f735466cecf":"f.DC8B541A7C98CD2E2FC15C3F0919C967.d.75D1CB36B6AF3B89BF513976483C2E92.e.7548"},"getText",[]]}
RESULT: {}
RESULT: {"script":"<script> [6424 bytes]","args":[{"element-6066-11e4-a52e-4f735466cecf":"f.DC8B541A7C98CD2E2FC15C3F0919C967.d.75D1CB36B6AF3B89BF513976483C2E92.e.7548"},"getText",[]]}
COMMAND: POST /session/2ede4c5ecc824f8ada8cef8d592e3e00/element - {"using":"css selector","value":"#shell-header-logo"}
RESULT: {"using":"css selector","value":"#shell-header-logo"}
COMMAND: POST /session/2ede4c5ecc824f8ada8cef8d592e3e00/element/f.DC8B541A7C98CD2E2FC15C3F0919C967.d.75D1CB36B6AF3B89BF513976483C2E92.e.7240/click - {}
RESULT: {}
COMMAND: GET /session/2ede4c5ecc824f8ada8cef8d592e3e00/screenshot - {}
RESULT: {}
COMMAND: DELETE /session/2ede4c5ecc824f8ada8cef8d592e3e00 - {}
RESULT: {}
]]></system-out>
    </testcase>
  </testsuite>
</testsuites>