<?xml version="1.0" encoding="UTF-8"?>
<testsuites tests="2" failures="0" errors="0" skipped="0">
  <testsuite timestamp="2025-05-15T15:46:18" time="18.897" tests="2" failures="0" errors="0" skipped="0">
    <properties>
      <property name="specId" value="0" />
      <property name="suiteName" value="Check QaLive System is up, or stop pipeline" />
      <property name="capabilities" value="chrome.136_0_7103_93.windows" />
      <property name="file" value="file:///D:/a/1/s/test/specs/TECH/check-QaLive-up.spec.js" />
    </properties>
    <testcase classname="chrome.136_0_7103_93.windows.Check_QaLive_System_is_up,_or_stop_pipeline" name="should check for errors on the home page and stop pipeline if found" time="2.592">
      <system-out><![CDATA[
COMMAND: GET /session/61f781d5c4e84fbbe4285cc027b624fa/source - {}
RESULT: {}
]]></system-out>
    </testcase>
    <testcase classname="chrome.136_0_7103_93.windows.Check_QaLive_System_is_up,_or_stop_pipeline" name="should check if the number in the specified element is greater than 0" time="3.016">
      <system-out><![CDATA[
COMMAND: POST /session/61f781d5c4e84fbbe4285cc027b624fa/element - {"using":"css selector","value":"div.sapSuiteStackedMCBarLabel"}
RESULT: {"using":"css selector","value":"div.sapSuiteStackedMCBarLabel"}
COMMAND: POST /session/61f781d5c4e84fbbe4285cc027b624fa/elements - {"using":"css selector","value":"div.sapSuiteStackedMCBarLabel"}
RESULT: undefined
RESULT: undefined
RESULT: undefined
RESULT: undefined
RESULT: {"using":"css selector","value":"div.sapSuiteStackedMCBarLabel"}
COMMAND: POST /session/61f781d5c4e84fbbe4285cc027b624fa/element - {"using":"css selector","value":"div.sapSuiteStackedMCBarLabel"}
RESULT: {"using":"css selector","value":"div.sapSuiteStackedMCBarLabel"}
COMMAND: GET /session/61f781d5c4e84fbbe4285cc027b624fa/element/f.0F2EB50AAAACD1A49E0E3F4347462465.d.EC05ACE3D1F7F0C58459255064634A30.e.114/text - {}
RESULT: {}
COMMAND: DELETE /session/61f781d5c4e84fbbe4285cc027b624fa - {}
RESULT: {}
]]></system-out>
    </testcase>
  </testsuite>
</testsuites>