<?xml version="1.0" encoding="UTF-8"?>
<testsuites tests="23" failures="0" errors="0" skipped="0">
  <testsuite timestamp="2025-05-24T17:47:49" time="1254.338" tests="6" failures="0" errors="0" skipped="0">
    <properties>
      <property name="specId" value="0"/>
      <property name="suiteName" value="Standard contract - add contract items by Insert Request US118222"/>
      <property name="capabilities" value="chrome.136_0_7103_93.windows"/>
      <property name="file" value="file:///D:/a/1/s/test/specs/R2C/standard-contract-add-contract-items-by-insert-request.spec.js"/>
    </properties>
    <testcase classname="chrome.136_0_7103_93.windows.Standard_contract_-_add_contract_items_by_Insert_Request_US118222" name="Should create prerequisites yard partner site material and equipment" time="340.595">
      <system-out><![CDATA[
COMMAND: POST /session/eb79c257209da8ba08c59be1d775ff21/execute/async - {"script":"<script> [1562 bytes]","args":[{"selector":{"controlType":"sap.m.GenericTile","properties":{"header":"Manage Yards"}},"wdio_ui5_key":"sapm.GenericTile{\"header\":\"Manage Yards\"}"}]}
RESULT: {"script":"<script> [1562 bytes]","args":[{"selector":{"controlType":"sap.m.GenericTile","properties":{"header":"Manage Yards"}},"wdio_ui5_key":"sapm.GenericTile{\"header\":\"Manage Yards\"}"}]}
RESULT: undefined
COMMAND: POST /session/eb79c257209da8ba08c59be1d775ff21/element - {"using":"xpath","value":"//*[@id=\"__tile41\"]"}
RESULT: {"using":"xpath","value":"//*[@id=\"__tile41\"]"}
COMMAND: POST /session/eb79c257209da8ba08c59be1d775ff21/element/f.9FA5373B3500B72DA4049E533E67ABAF.d.ADF25066EA8F15F876F38B4B24FCF8D9.e.125/click - {}
RESULT: {}
COMMAND: GET /session/eb79c257209da8ba08c59be1d775ff21/screenshot - {}
RESULT: {}
COMMAND: POST /session/eb79c257209da8ba08c59be1d775ff21/elements - {"using":"xpath","value":"//span[text()='Error']"}
RESULT: {"using":"xpath","value":"//span[text()='Error']"}
COMMAND: POST /session/eb79c257209da8ba08c59be1d775ff21/execute/async - {"script":"<script> [1562 bytes]","args":[{"selector":{"controlType":"sap.ui.core.Icon","viewName":"etm.portal.ui.manageyards.view.Master","viewId":"application-manageyards-display-component---masterYard","properties":{"src":{"regex":{"source":"add"}}}},"wdio_ui5_key":"etmportal.ui.manageyards.view.Mastersap.ui.core.Icon{\"src\":{\"regex\":{\"source\":\"add\"}}}"}]}
RESULT: {"script":"<script> [1562 bytes]","args":[{"selector":{"controlType":"sap.ui.core.Icon","viewName":"etm.portal.ui.manageyards.view.Master","viewId":"application-manageyards-display-component---masterYard","properties":{"src":{"regex":{"source":"add"}}}},"wdio_ui5_key":"etmportal.ui.manageyards.view.Mastersap.ui.core.Icon{\"src\":{\"regex\":{\"source\":\"add\"}}}"}]}
RESULT: undefined
COMMAND: POST /session/eb79c257209da8ba08c59be1d775ff21/element - {"using":"xpath","value":"//*[@id=\"__button4-img\"]"}
RESULT: {"using":"xpath","value":"//*[@id=\"__button4-img\"]"}
COMMAND: POST /session/eb79c257209da8ba08c59be1d775ff21/element/f.9FA5373B3500B72DA4049E533E67ABAF.d.ADF25066EA8F15F876F38B4B24FCF8D9.e.172/click - {}
RESULT: {}
COMMAND: GET /session/eb79c257209da8ba08c59be1d775ff21/screenshot - {}
RESULT: {}
COMMAND: POST /session/eb79c257209da8ba08c59be1d775ff21/execute/async - {"script":"<script> [1562 bytes]","args":[{"selector":{"id":"application-manageyards-display-component---NewYard--yardId","interaction":{"idSuffix":"inner"}},"wdio_ui5_key":"applicationmanageyards-display-component---NewYard--yardId"}]}
RESULT: {"script":"<script> [1562 bytes]","args":[{"selector":{"id":"application-manageyards-display-component---NewYard--yardId","interaction":{"idSuffix":"inner"}},"wdio_ui5_key":"applicationmanageyards-display-component---NewYard--yardId"}]}
RESULT: undefined
COMMAND: POST /session/eb79c257209da8ba08c59be1d775ff21/element - {"using":"xpath","value":"//*[@id=\"application-manageyards-display-component---NewYard--addressDetailDetailsName1-inner\"]"}
RESULT: {"using":"xpath","value":"//*[@id=\"application-manageyards-display-component---NewYard--addressDetailDetailsName1-inner\"]"}
COMMAND: POST /session/eb79c257209da8ba08c59be1d775ff21/element/f.9FA5373B3500B72DA4049E533E67ABAF.d.ADF25066EA8F15F876F38B4B24FCF8D9.e.387/clear - {}
RESULT: {}
COMMAND: POST /session/eb79c257209da8ba08c59be1d775ff21/element/f.9FA5373B3500B72DA4049E533E67ABAF.d.ADF25066EA8F15F876F38B4B24FCF8D9.e.387/value - {"text":"WebdriverYardd0gb7"}
COMMAND: GET /session/eb79c257209da8ba08c59be1d775ff21/screenshot - {}
RESULT: {"text":"WebdriverYardd0gb7"}
COMMAND: POST /session/eb79c257209da8ba08c59be1d775ff21/element - {"using":"xpath","value":"//*[@id=\"application-manageyards-display-component---NewYard--addressDetailDetailsLanguage-inner\"]"}
COMMAND: GET /session/eb79c257209da8ba08c59be1d775ff21/screenshot - {}
RESULT: {}
RESULT: {"using":"xpath","value":"//*[@id=\"application-manageyards-display-component---NewYard--addressDetailDetailsLanguage-inner\"]"}
COMMAND: POST /session/eb79c257209da8ba08c59be1d775ff21/element/f.9FA5373B3500B72DA4049E533E67ABAF.d.ADF25066EA8F15F876F38B4B24FCF8D9.e.388/clear - {}
RESULT: {}
RESULT: {}
COMMAND: POST /session/eb79c257209da8ba08c59be1d775ff21/element/f.9FA5373B3500B72DA4049E533E67ABAF.d.ADF25066EA8F15F876F38B4B24FCF8D9.e.388/value - {"text":"Romanian"}
COMMAND: GET /session/eb79c257209da8ba08c59be1d775ff21/screenshot - {}
RESULT: {"text":"Romanian"}
COMMAND: POST /session/eb79c257209da8ba08c59be1d775ff21/element - {"using":"xpath","value":"//input[contains(@id ,\"application-manageyards-display-component---NewYard--addressDetailDetailsName1-inner\")]"}
COMMAND: GET /session/eb79c257209da8ba08c59be1d775ff21/screenshot - {}
RESULT: {}
RESULT: {"using":"xpath","value":"//input[contains(@id ,\"application-manageyards-display-component---NewYard--addressDetailDetailsName1-inner\")]"}
COMMAND: GET /session/eb79c257209da8ba08c59be1d775ff21/element/f.9FA5373B3500B72DA4049E533E67ABAF.d.ADF25066EA8F15F876F38B4B24FCF8D9.e.387/property/value - {}
RESULT: {}
RESULT: {}
COMMAND: GET /session/eb79c257209da8ba08c59be1d775ff21/screenshot - {}
RESULT: {}
COMMAND: POST /session/eb79c257209da8ba08c59be1d775ff21/element - {"using":"xpath","value":"//*[@id=\"application-manageyards-display-component---NewYard--addressDetailDetailsCity1-inner\"]"}
RESULT: {"using":"xpath","value":"//*[@id=\"application-manageyards-display-component---NewYard--addressDetailDetailsCity1-inner\"]"}
COMMAND: POST /session/eb79c257209da8ba08c59be1d775ff21/element/f.9FA5373B3500B72DA4049E533E67ABAF.d.ADF25066EA8F15F876F38B4B24FCF8D9.e.390/clear - {}
RESULT: {}
COMMAND: POST /session/eb79c257209da8ba08c59be1d775ff21/element/f.9FA5373B3500B72DA4049E533E67ABAF.d.ADF25066EA8F15F876F38B4B24FCF8D9.e.390/value - {"text":"Bucuresti"}
COMMAND: GET /session/eb79c257209da8ba08c59be1d775ff21/screenshot - {}
RESULT: {"text":"Bucuresti"}
COMMAND: GET /session/eb79c257209da8ba08c59be1d775ff21/screenshot - {}
RESULT: {}
RESULT: {}
COMMAND: POST /session/eb79c257209da8ba08c59be1d775ff21/element - {"using":"xpath","value":"//*[@id=\"application-manageyards-display-component---NewYard--addressDetailDetailsCountry-inner\"]"}
RESULT: {"using":"xpath","value":"//*[@id=\"application-manageyards-display-component---NewYard--addressDetailDetailsCountry-inner\"]"}
COMMAND: POST /session/eb79c257209da8ba08c59be1d775ff21/element/f.9FA5373B3500B72DA4049E533E67ABAF.d.ADF25066EA8F15F876F38B4B24FCF8D9.e.394/clear - {}
RESULT: {}
COMMAND: POST /session/eb79c257209da8ba08c59be1d775ff21/element/f.9FA5373B3500B72DA4049E533E67ABAF.d.ADF25066EA8F15F876F38B4B24FCF8D9.e.394/value - {"text":"Romania"}
COMMAND: GET /session/eb79c257209da8ba08c59be1d775ff21/screenshot - {}
RESULT: {"text":"Romania"}
COMMAND: GET /session/eb79c257209da8ba08c59be1d775ff21/screenshot - {}
COMMAND: POST /session/eb79c257209da8ba08c59be1d775ff21/element - {"using":"xpath","value":"//div[contains(text(), \"Commercial\")]"}
RESULT: {}
RESULT: {}
RESULT: {"using":"xpath","value":"//div[contains(text(), \"Commercial\")]"}
COMMAND: GET /session/eb79c257209da8ba08c59be1d775ff21/element/f.9FA5373B3500B72DA4049E533E67ABAF.d.ADF25066EA8F15F876F38B4B24FCF8D9.e.581/rect - {}
RESULT: {}
COMMAND: GET /session/eb79c257209da8ba08c59be1d775ff21/window/rect - {}
RESULT: {}
COMMAND: POST /session/eb79c257209da8ba08c59be1d775ff21/execute/sync - {"script":"<script> [92 bytes]","args":[]}
RESULT: {"script":"<script> [92 bytes]","args":[]}
COMMAND: POST /session/eb79c257209da8ba08c59be1d775ff21/actions - {"actions":[{"id":"action1","type":"wheel","parameters":{},"actions":[{"type":"scroll","x":-1841,"y":-44,"deltaX":0,"deltaY":0,"duration":0,"origin":{"element-6066-11e4-a52e-4f735466cecf":"f.9FA5373B3500B72DA4049E533E67ABAF.d.ADF25066EA8F15F876F38B4B24FCF8D9.e.581"}}]}]}
COMMAND: GET /session/eb79c257209da8ba08c59be1d775ff21/screenshot - {}
RESULT: {}
COMMAND: POST /session/eb79c257209da8ba08c59be1d775ff21/execute/sync - {"script":"<script> [79 bytes]","args":[{"element-6066-11e4-a52e-4f735466cecf":"f.9FA5373B3500B72DA4049E533E67ABAF.d.ADF25066EA8F15F876F38B4B24FCF8D9.e.581","ELEMENT":"f.9FA5373B3500B72DA4049E533E67ABAF.d.ADF25066EA8F15F876F38B4B24FCF8D9.e.581"},{"block":"start","inline":"nearest"}]}
RESULT: {"script":"<script> [79 bytes]","args":[{"element-6066-11e4-a52e-4f735466cecf":"f.9FA5373B3500B72DA4049E533E67ABAF.d.ADF25066EA8F15F876F38B4B24FCF8D9.e.581","ELEMENT":"f.9FA5373B3500B72DA4049E533E67ABAF.d.ADF25066EA8F15F876F38B4B24FCF8D9.e.581"},{"block":"start","inline":"nearest"}]}
COMMAND: GET /session/eb79c257209da8ba08c59be1d775ff21/screenshot - {}
COMMAND: POST /session/eb79c257209da8ba08c59be1d775ff21/execute/async - {"script":"<script> [1562 bytes]","args":[{"selector":{"id":"application-manageyards-display-component---NewYard--addressEditDetailsCostObjectCstType-arrow"},"wdio_ui5_key":"applicationmanageyards-display-component---NewYard--addressEditDetailsCostObjectCstType-arrow"}]}
RESULT: {}
RESULT: {"script":"<script> [1562 bytes]","args":[{"selector":{"id":"application-manageyards-display-component---NewYard--addressEditDetailsCostObjectCstType-arrow"},"wdio_ui5_key":"applicationmanageyards-display-component---NewYard--addressEditDetailsCostObjectCstType-arrow"}]}
RESULT: undefined
COMMAND: POST /session/eb79c257209da8ba08c59be1d775ff21/element - {"using":"xpath","value":"//*[@id=\"application-manageyards-display-component---NewYard--addressEditDetailsCostObjectCstType-arrow\"]"}
RESULT: {"using":"xpath","value":"//*[@id=\"application-manageyards-display-component---NewYard--addressEditDetailsCostObjectCstType-arrow\"]"}
COMMAND: POST /session/eb79c257209da8ba08c59be1d775ff21/element/f.9FA5373B3500B72DA4049E533E67ABAF.d.ADF25066EA8F15F876F38B4B24FCF8D9.e.589/click - {}
RESULT: {}
COMMAND: POST /session/eb79c257209da8ba08c59be1d775ff21/element - {"using":"xpath","value":"//span[contains(text(), \"Cost Center\")]"}
COMMAND: GET /session/eb79c257209da8ba08c59be1d775ff21/screenshot - {}
RESULT: {"using":"xpath","value":"//span[contains(text(), \"Cost Center\")]"}
COMMAND: POST /session/eb79c257209da8ba08c59be1d775ff21/element/f.9FA5373B3500B72DA4049E533E67ABAF.d.ADF25066EA8F15F876F38B4B24FCF8D9.e.590/click - {}
RESULT: {}
RESULT: {}
COMMAND: GET /session/eb79c257209da8ba08c59be1d775ff21/screenshot - {}
RESULT: {}
COMMAND: POST /session/eb79c257209da8ba08c59be1d775ff21/execute/async - {"script":"<script> [1562 bytes]","args":[{"selector":{"id":"application-manageyards-display-component---NewYard--addressNewCostObjectCstID-vhi"},"wdio_ui5_key":"applicationmanageyards-display-component---NewYard--addressNewCostObjectCstID-vhi"}]}
RESULT: {"script":"<script> [1562 bytes]","args":[{"selector":{"id":"application-manageyards-display-component---NewYard--addressNewCostObjectCstID-vhi"},"wdio_ui5_key":"applicationmanageyards-display-component---NewYard--addressNewCostObjectCstID-vhi"}]}
RESULT: undefined
COMMAND: POST /session/eb79c257209da8ba08c59be1d775ff21/element - {"using":"xpath","value":"//*[@id=\"application-manageyards-display-component---NewYard--addressNewCostObjectCstID-vhi\"]"}
RESULT: {"using":"xpath","value":"//*[@id=\"application-manageyards-display-component---NewYard--addressNewCostObjectCstID-vhi\"]"}
COMMAND: POST /session/eb79c257209da8ba08c59be1d775ff21/element/f.9FA5373B3500B72DA4049E533E67ABAF.d.ADF25066EA8F15F876F38B4B24FCF8D9.e.594/click - {}
RESULT: {}
COMMAND: GET /session/eb79c257209da8ba08c59be1d775ff21/screenshot - {}
RESULT: {}
COMMAND: POST /session/eb79c257209da8ba08c59be1d775ff21/execute/async - {"script":"<script> [1562 bytes]","args":[{"selector":{"controlType":"sap.m.SearchField","properties":{"placeholder":"Search"},"searchOpenDialogs":true,"interaction":{"idSuffix":"I"}},"wdio_ui5_key":"sapm.SearchField{\"placeholder\":\"Search\"}"}]}
RESULT: {"script":"<script> [1562 bytes]","args":[{"selector":{"controlType":"sap.m.SearchField","properties":{"placeholder":"Search"},"searchOpenDialogs":true,"interaction":{"idSuffix":"I"}},"wdio_ui5_key":"sapm.SearchField{\"placeholder\":\"Search\"}"}]}
RESULT: undefined
COMMAND: POST /session/eb79c257209da8ba08c59be1d775ff21/execute/async - {"script":"<script> [776 bytes]","args":[{"enterText":"10001013","selector":{"controlType":"sap.m.SearchField","properties":{"placeholder":"Search"},"searchOpenDialogs":true,"interaction":{"idSuffix":"I"}},"clearTextFirst":true,"interactionType":"ENTER_TEXT"}]}
RESULT: {"script":"<script> [776 bytes]","args":[{"enterText":"10001013","selector":{"controlType":"sap.m.SearchField","properties":{"placeholder":"Search"},"searchOpenDialogs":true,"interaction":{"idSuffix":"I"}},"clearTextFirst":true,"interactionType":"ENTER_TEXT"}]}
COMMAND: POST /session/eb79c257209da8ba08c59be1d775ff21/actions - {"actions":[{"id":"action2","type":"key","parameters":{},"actions":[{"type":"keyDown","value":""},{"type":"pause","duration":10},{"type":"keyUp","value":""}]}]}
RESULT: {"actions":[{"id":"action2","type":"key","parameters":{},"actions":[{"type":"keyDown","value":""},{"type":"pause","duration":10},{"type":"keyUp","value":""}]}]}
COMMAND: GET /session/eb79c257209da8ba08c59be1d775ff21/screenshot - {}
RESULT: {}
COMMAND: POST /session/eb79c257209da8ba08c59be1d775ff21/element - {"using":"xpath","value":"//span[contains(text(), \"General Management\")]"}
RESULT: {"using":"xpath","value":"//span[contains(text(), \"General Management\")]"}
COMMAND: POST /session/eb79c257209da8ba08c59be1d775ff21/element/f.9FA5373B3500B72DA4049E533E67ABAF.d.ADF25066EA8F15F876F38B4B24FCF8D9.e.635/click - {}
RESULT: {}
COMMAND: GET /session/eb79c257209da8ba08c59be1d775ff21/screenshot - {}
RESULT: {}
COMMAND: POST /session/eb79c257209da8ba08c59be1d775ff21/element - {"using":"xpath","value":"//bdi[contains(text(), \"OK\")]"}
RESULT: {"using":"xpath","value":"//bdi[contains(text(), \"OK\")]"}
COMMAND: POST /session/eb79c257209da8ba08c59be1d775ff21/element/f.9FA5373B3500B72DA4049E533E67ABAF.d.ADF25066EA8F15F876F38B4B24FCF8D9.e.636/click - {}
RESULT: {}
COMMAND: GET /session/eb79c257209da8ba08c59be1d775ff21/screenshot - {}
RESULT: {}
COMMAND: POST /session/eb79c257209da8ba08c59be1d775ff21/execute/async - {"script":"<script> [1562 bytes]","args":[{"selector":{"controlType":"sap.m.Button","viewName":"etm.portal.ui.manageyards.view.New","viewId":"application-manageyards-display-component---NewYard","i18NText":{"propertyName":"text","key":"save"},"interaction":{"idSuffix":"inner"}},"wdio_ui5_key":"etmportal.ui.manageyards.view.Newsap.m.Button{\"propertyName\":\"text\",\"key\":\"save\"}"}]}
RESULT: {"script":"<script> [1562 bytes]","args":[{"selector":{"controlType":"sap.m.Button","viewName":"etm.portal.ui.manageyards.view.New","viewId":"application-manageyards-display-component---NewYard","i18NText":{"propertyName":"text","key":"save"},"interaction":{"idSuffix":"inner"}},"wdio_ui5_key":"etmportal.ui.manageyards.view.Newsap.m.Button{\"propertyName\":\"text\",\"key\":\"save\"}"}]}
RESULT: undefined
COMMAND: POST /session/eb79c257209da8ba08c59be1d775ff21/element - {"using":"xpath","value":"//*[@id=\"__button18\"]"}
RESULT: {"using":"xpath","value":"//*[@id=\"__button18\"]"}
COMMAND: POST /session/eb79c257209da8ba08c59be1d775ff21/element/f.9FA5373B3500B72DA4049E533E67ABAF.d.ADF25066EA8F15F876F38B4B24FCF8D9.e.561/click - {}
RESULT: {}
COMMAND: GET /session/eb79c257209da8ba08c59be1d775ff21/screenshot - {}
RESULT: {}
COMMAND: POST /session/eb79c257209da8ba08c59be1d775ff21/element - {"using":"xpath","value":"//header/div/div[2]/div[2]/span"}
RESULT: {"using":"xpath","value":"//header/div/div[2]/div[2]/span"}
COMMAND: GET /session/eb79c257209da8ba08c59be1d775ff21/element/f.9FA5373B3500B72DA4049E533E67ABAF.d.ADF25066EA8F15F876F38B4B24FCF8D9.e.833/text - {}
RESULT: {}
COMMAND: POST /session/eb79c257209da8ba08c59be1d775ff21/execute/async - {"script":"<script> [1562 bytes]","args":[{"selector":{"controlType":"sap.m.OverflowToolbarButton","viewName":"etm.portal.ui.manageyards.view.Detail","viewId":"application-manageyards-display-component---detailYard","i18NText":{"propertyName":"tooltip","key":"closeColumn"},"interaction":{"idSuffix":"inner"}},"wdio_ui5_key":"etmportal.ui.manageyards.view.Detailsap.m.OverflowToolbarButton{\"propertyName\":\"tooltip\",\"key\":\"closeColumn\"}"}]}
RESULT: {"script":"<script> [1562 bytes]","args":[{"selector":{"controlType":"sap.m.OverflowToolbarButton","viewName":"etm.portal.ui.manageyards.view.Detail","viewId":"application-manageyards-display-component---detailYard","i18NText":{"propertyName":"tooltip","key":"closeColumn"},"interaction":{"idSuffix":"inner"}},"wdio_ui5_key":"etmportal.ui.manageyards.view.Detailsap.m.OverflowToolbarButton{\"propertyName\":\"tooltip\",\"key\":\"closeColumn\"}"}]}
RESULT: undefined
COMMAND: POST /session/eb79c257209da8ba08c59be1d775ff21/element - {"using":"xpath","value":"//*[@id=\"__button42\"]"}
RESULT: {"using":"xpath","value":"//*[@id=\"__button42\"]"}
COMMAND: POST /session/eb79c257209da8ba08c59be1d775ff21/element/f.9FA5373B3500B72DA4049E533E67ABAF.d.ADF25066EA8F15F876F38B4B24FCF8D9.e.835/click - {}
RESULT: {}
COMMAND: GET /session/eb79c257209da8ba08c59be1d775ff21/screenshot - {}
RESULT: {}
COMMAND: POST /session/eb79c257209da8ba08c59be1d775ff21/element - {"using":"css selector","value":"#shell-header-logo"}
RESULT: {"using":"css selector","value":"#shell-header-logo"}
COMMAND: POST /session/eb79c257209da8ba08c59be1d775ff21/element/f.9FA5373B3500B72DA4049E533E67ABAF.d.ADF25066EA8F15F876F38B4B24FCF8D9.e.100/click - {}
RESULT: {}
COMMAND: GET /session/eb79c257209da8ba08c59be1d775ff21/screenshot - {}
RESULT: {}
COMMAND: POST /session/eb79c257209da8ba08c59be1d775ff21/refresh - {}
RESULT: {}
COMMAND: GET /session/eb79c257209da8ba08c59be1d775ff21/screenshot - {}
RESULT: {}
COMMAND: POST /session/eb79c257209da8ba08c59be1d775ff21/execute/async - {"script":"<script> [189 bytes]","args":[]}
RESULT: {"script":"<script> [189 bytes]","args":[]}
COMMAND: POST /session/eb79c257209da8ba08c59be1d775ff21/execute/async - {"script":"<script> [123 bytes]","args":[]}
RESULT: {"script":"<script> [123 bytes]","args":[]}
COMMAND: POST /session/eb79c257209da8ba08c59be1d775ff21/timeouts - {"script":"<number>"}
RESULT: {"script":"<number>"}
COMMAND: GET /session/eb79c257209da8ba08c59be1d775ff21/timeouts - {}
RESULT: {}
RESULT: undefined
COMMAND: POST /session/eb79c257209da8ba08c59be1d775ff21/execute/async - {"script":"<script> [2676 bytes]","args":[]}
RESULT: {"script":"<script> [2676 bytes]","args":[]}
COMMAND: POST /session/eb79c257209da8ba08c59be1d775ff21/execute/async - {"script":"<script> [2342 bytes]","args":[{"protocol":"http","hostname":"0.0.0.0","path":"/","capabilities":{"browserName":"chrome","goog:chromeOptions":{"binary":"C:\\Program Files\\Google\\Chrome\\Application\\chrome.exe","args":["--start-maximized"]}},"logLevel":"warn","connectionRetryTimeout":120000,"connectionRetryCount":3,"logLevels":{},"enableDirectConnect":true,"strictSSL":true,"_":"65 more keys: [\"cacheDir\",\"port\",\"requestedCapabilities\",\"automationProtocol\",\"baseUrl\",\"waitforInterval\",\"waitforTimeout\",\"onReload\",\"beforeCommand\",\"afterCommand\",\"rootDir\",\"specs\",\"suites\",\"exclude\",\"groupLogsByTestSpec\",\"excludeDriverLogs\",\"bail\",\"framework\",\"reporters\",\"services\",\"maxInstances\",\"maxInstancesPerCapability\",\"injectGlobals\",\"filesToWatch\",\"execArgv\",\"runnerEnv\",\"runner\",\"shard\",\"specFileRetries\",\"specFileRetriesDelay\",\"specFileRetriesDeferred\",\"reporterSyncInterval\",\"reporterSyncTimeout\",\"cucumberFeaturesWithLineNumbers\",\"autoCompileOpts\",\"mochaOpts\",\"jasmineOpts\",\"cucumberOpts\",\"onPrepare\",\"onWorkerStart\",\"onWorkerEnd\",\"before\",\"beforeSession\",\"beforeSuite\",\"beforeHook\",\"beforeTest\",\"afterTest\",\"afterHook\",\"afterSuite\",\"afterSession\",\"after\",\"onComplete\",\"beforeAssertion\",\"afterAssertion\",\"beforeFeature\",\"beforeScenario\",\"beforeStep\",\"afterStep\",\"afterScenario\",\"afterFeature\",\"_\",\"suite\",\"$0\",\"ignoredWorkerServices\",\"wdi5\"]"}]}
RESULT: {"script":"<script> [2342 bytes]","args":[{"protocol":"http","hostname":"0.0.0.0","path":"/","capabilities":{"browserName":"chrome","goog:chromeOptions":{"binary":"C:\\Program Files\\Google\\Chrome\\Application\\chrome.exe","args":["--start-maximized"]}},"logLevel":"warn","connectionRetryTimeout":120000,"connectionRetryCount":3,"logLevels":{},"enableDirectConnect":true,"strictSSL":true,"_":"65 more keys: [\"cacheDir\",\"port\",\"requestedCapabilities\",\"automationProtocol\",\"baseUrl\",\"waitforInterval\",\"waitforTimeout\",\"onReload\",\"beforeCommand\",\"afterCommand\",\"rootDir\",\"specs\",\"suites\",\"exclude\",\"groupLogsByTestSpec\",\"excludeDriverLogs\",\"bail\",\"framework\",\"reporters\",\"services\",\"maxInstances\",\"maxInstancesPerCapability\",\"injectGlobals\",\"filesToWatch\",\"execArgv\",\"runnerEnv\",\"runner\",\"shard\",\"specFileRetries\",\"specFileRetriesDelay\",\"specFileRetriesDeferred\",\"reporterSyncInterval\",\"reporterSyncTimeout\",\"cucumberFeaturesWithLineNumbers\",\"autoCompileOpts\",\"mochaOpts\",\"jasmineOpts\",\"cucumberOpts\",\"onPrepare\",\"onWorkerStart\",\"onWorkerEnd\",\"before\",\"beforeSession\",\"beforeSuite\",\"beforeHook\",\"beforeTest\",\"afterTest\",\"afterHook\",\"afterSuite\",\"afterSession\",\"after\",\"onComplete\",\"beforeAssertion\",\"afterAssertion\",\"beforeFeature\",\"beforeScenario\",\"beforeStep\",\"afterStep\",\"afterScenario\",\"afterFeature\",\"_\",\"suite\",\"$0\",\"ignoredWorkerServices\",\"wdi5\"]"}]}
COMMAND: POST /session/eb79c257209da8ba08c59be1d775ff21/execute/async - {"script":"<script> [21126 bytes]","args":[35000]}
RESULT: {"script":"<script> [21126 bytes]","args":[35000]}
COMMAND: POST /session/eb79c257209da8ba08c59be1d775ff21/execute/async - {"script":"<script> [1562 bytes]","args":[{"selector":{"controlType":"sap.m.GenericTile","properties":{"header":"Manage Partners"}},"wdio_ui5_key":"sapm.GenericTile{\"header\":\"Manage Partners\"}"}]}
RESULT: {"script":"<script> [1562 bytes]","args":[{"selector":{"controlType":"sap.m.GenericTile","properties":{"header":"Manage Partners"}},"wdio_ui5_key":"sapm.GenericTile{\"header\":\"Manage Partners\"}"}]}
RESULT: undefined
COMMAND: POST /session/eb79c257209da8ba08c59be1d775ff21/element - {"using":"xpath","value":"//*[@id=\"__tile38\"]"}
RESULT: {"using":"xpath","value":"//*[@id=\"__tile38\"]"}
COMMAND: POST /session/eb79c257209da8ba08c59be1d775ff21/element/f.9FA5373B3500B72DA4049E533E67ABAF.d.B3BA915ADDAB9168F1D1967023E86281.e.1191/click - {}
RESULT: {}
COMMAND: GET /session/eb79c257209da8ba08c59be1d775ff21/screenshot - {}
RESULT: {}
COMMAND: POST /session/eb79c257209da8ba08c59be1d775ff21/elements - {"using":"xpath","value":"//span[text()='Error']"}
RESULT: {"using":"xpath","value":"//span[text()='Error']"}
COMMAND: POST /session/eb79c257209da8ba08c59be1d775ff21/execute/async - {"script":"<script> [1562 bytes]","args":[{"selector":{"controlType":"sap.ui.core.Icon","viewName":"etm.portal.ui.managepartners.view.Master","viewId":"application-managepartners-display-component---masterPtm","properties":{"src":{"regex":{"source":"add"}}}},"wdio_ui5_key":"etmportal.ui.managepartners.view.Mastersap.ui.core.Icon{\"src\":{\"regex\":{\"source\":\"add\"}}}"}]}
RESULT: {"script":"<script> [1562 bytes]","args":[{"selector":{"controlType":"sap.ui.core.Icon","viewName":"etm.portal.ui.managepartners.view.Master","viewId":"application-managepartners-display-component---masterPtm","properties":{"src":{"regex":{"source":"add"}}}},"wdio_ui5_key":"etmportal.ui.managepartners.view.Mastersap.ui.core.Icon{\"src\":{\"regex\":{\"source\":\"add\"}}}"}]}
RESULT: undefined
COMMAND: POST /session/eb79c257209da8ba08c59be1d775ff21/element - {"using":"xpath","value":"//*[@id=\"__button4-img\"]"}
RESULT: {"using":"xpath","value":"//*[@id=\"__button4-img\"]"}
COMMAND: POST /session/eb79c257209da8ba08c59be1d775ff21/element/f.9FA5373B3500B72DA4049E533E67ABAF.d.B3BA915ADDAB9168F1D1967023E86281.e.1243/click - {}
RESULT: {}
COMMAND: GET /session/eb79c257209da8ba08c59be1d775ff21/screenshot - {}
RESULT: {}
COMMAND: POST /session/eb79c257209da8ba08c59be1d775ff21/execute/async - {"script":"<script> [1562 bytes]","args":[{"selector":{"id":"application-managepartners-display-component---NewPartner--partnerId","interaction":{"idSuffix":"inner"}},"wdio_ui5_key":"applicationmanagepartners-display-component---NewPartner--partnerId"}]}
RESULT: {"script":"<script> [1562 bytes]","args":[{"selector":{"id":"application-managepartners-display-component---NewPartner--partnerId","interaction":{"idSuffix":"inner"}},"wdio_ui5_key":"applicationmanagepartners-display-component---NewPartner--partnerId"}]}
RESULT: undefined
COMMAND: POST /session/eb79c257209da8ba08c59be1d775ff21/execute/async - {"script":"<script> [1562 bytes]","args":[{"selector":{"id":"application-managepartners-display-component---NewPartner--addressDetailDetailsName1","interaction":{"idSuffix":"inner"}},"wdio_ui5_key":"applicationmanagepartners-display-component---NewPartner--addressDetailDetailsName1"}]}
RESULT: {"script":"<script> [1562 bytes]","args":[{"selector":{"id":"application-managepartners-display-component---NewPartner--addressDetailDetailsName1","interaction":{"idSuffix":"inner"}},"wdio_ui5_key":"applicationmanagepartners-display-component---NewPartner--addressDetailDetailsName1"}]}
RESULT: undefined
COMMAND: POST /session/eb79c257209da8ba08c59be1d775ff21/execute/async - {"script":"<script> [776 bytes]","args":[{"enterText":"WebdriverPartnerj2b72i","selector":{"id":"application-managepartners-display-component---NewPartner--addressDetailDetailsName1","interaction":{"idSuffix":"inner"}},"clearTextFirst":true,"interactionType":"ENTER_TEXT"}]}
RESULT: {"script":"<script> [776 bytes]","args":[{"enterText":"WebdriverPartnerj2b72i","selector":{"id":"application-managepartners-display-component---NewPartner--addressDetailDetailsName1","interaction":{"idSuffix":"inner"}},"clearTextFirst":true,"interactionType":"ENTER_TEXT"}]}
COMMAND: POST /session/eb79c257209da8ba08c59be1d775ff21/execute/async - {"script":"<script> [1562 bytes]","args":[{"selector":{"id":"application-managepartners-display-component---NewPartner--addressDetailDetailsLanguage","interaction":{"idSuffix":"inner"}},"wdio_ui5_key":"applicationmanagepartners-display-component---NewPartner--addressDetailDetailsLanguage"}]}
RESULT: {"script":"<script> [1562 bytes]","args":[{"selector":{"id":"application-managepartners-display-component---NewPartner--addressDetailDetailsLanguage","interaction":{"idSuffix":"inner"}},"wdio_ui5_key":"applicationmanagepartners-display-component---NewPartner--addressDetailDetailsLanguage"}]}
RESULT: undefined
COMMAND: POST /session/eb79c257209da8ba08c59be1d775ff21/execute/async - {"script":"<script> [776 bytes]","args":[{"enterText":"Romanian","selector":{"id":"application-managepartners-display-component---NewPartner--addressDetailDetailsLanguage","interaction":{"idSuffix":"inner"}},"clearTextFirst":true,"interactionType":"ENTER_TEXT"}]}
RESULT: {"script":"<script> [776 bytes]","args":[{"enterText":"Romanian","selector":{"id":"application-managepartners-display-component---NewPartner--addressDetailDetailsLanguage","interaction":{"idSuffix":"inner"}},"clearTextFirst":true,"interactionType":"ENTER_TEXT"}]}
COMMAND: POST /session/eb79c257209da8ba08c59be1d775ff21/element - {"using":"xpath","value":"//input[contains(@id ,\"application-managepartners-display-component---NewPartner--addressDetailDetailsName1-inner\")]"}
RESULT: {"using":"xpath","value":"//input[contains(@id ,\"application-managepartners-display-component---NewPartner--addressDetailDetailsName1-inner\")]"}
COMMAND: GET /session/eb79c257209da8ba08c59be1d775ff21/element/f.9FA5373B3500B72DA4049E533E67ABAF.d.B3BA915ADDAB9168F1D1967023E86281.e.1502/property/value - {}
RESULT: {}
COMMAND: POST /session/eb79c257209da8ba08c59be1d775ff21/execute/async - {"script":"<script> [1562 bytes]","args":[{"selector":{"id":"application-managepartners-display-component---NewPartner--addressDetailDetailsCity1","interaction":{"idSuffix":"inner"}},"wdio_ui5_key":"applicationmanagepartners-display-component---NewPartner--addressDetailDetailsCity1"}]}
COMMAND: GET /session/eb79c257209da8ba08c59be1d775ff21/screenshot - {}
RESULT: {"script":"<script> [1562 bytes]","args":[{"selector":{"id":"application-managepartners-display-component---NewPartner--addressDetailDetailsCity1","interaction":{"idSuffix":"inner"}},"wdio_ui5_key":"applicationmanagepartners-display-component---NewPartner--addressDetailDetailsCity1"}]}
RESULT: undefined
COMMAND: POST /session/eb79c257209da8ba08c59be1d775ff21/execute/async - {"script":"<script> [776 bytes]","args":[{"enterText":"Bucharest","selector":{"id":"application-managepartners-display-component---NewPartner--addressDetailDetailsCity1","interaction":{"idSuffix":"inner"}},"clearTextFirst":true,"interactionType":"ENTER_TEXT"}]}
RESULT: {}
RESULT: {"script":"<script> [776 bytes]","args":[{"enterText":"Bucharest","selector":{"id":"application-managepartners-display-component---NewPartner--addressDetailDetailsCity1","interaction":{"idSuffix":"inner"}},"clearTextFirst":true,"interactionType":"ENTER_TEXT"}]}
COMMAND: POST /session/eb79c257209da8ba08c59be1d775ff21/execute/async - {"script":"<script> [1562 bytes]","args":[{"selector":{"id":"application-managepartners-display-component---NewPartner--addressDetailDetailsCountry","interaction":{"idSuffix":"inner"}},"wdio_ui5_key":"applicationmanagepartners-display-component---NewPartner--addressDetailDetailsCountry"}]}
RESULT: {"script":"<script> [1562 bytes]","args":[{"selector":{"id":"application-managepartners-display-component---NewPartner--addressDetailDetailsCountry","interaction":{"idSuffix":"inner"}},"wdio_ui5_key":"applicationmanagepartners-display-component---NewPartner--addressDetailDetailsCountry"}]}
RESULT: undefined
COMMAND: POST /session/eb79c257209da8ba08c59be1d775ff21/execute/async - {"script":"<script> [6424 bytes]","args":[{"element-6066-11e4-a52e-4f735466cecf":"f.9FA5373B3500B72DA4049E533E67ABAF.d.B3BA915ADDAB9168F1D1967023E86281.e.1509"},"setValue",["Romania"]]}
RESULT: {"script":"<script> [6424 bytes]","args":[{"element-6066-11e4-a52e-4f735466cecf":"f.9FA5373B3500B72DA4049E533E67ABAF.d.B3BA915ADDAB9168F1D1967023E86281.e.1509"},"setValue",["Romania"]]}
COMMAND: POST /session/eb79c257209da8ba08c59be1d775ff21/execute/async - {"script":"<script> [1562 bytes]","args":[{"selector":{"id":"application-managepartners-display-component---NewPartner--partnerDetailInternal","interaction":{"idSuffix":"inner"}},"wdio_ui5_key":"applicationmanagepartners-display-component---NewPartner--partnerDetailInternal"}]}
RESULT: {"script":"<script> [1562 bytes]","args":[{"selector":{"id":"application-managepartners-display-component---NewPartner--partnerDetailInternal","interaction":{"idSuffix":"inner"}},"wdio_ui5_key":"applicationmanagepartners-display-component---NewPartner--partnerDetailInternal"}]}
RESULT: undefined
COMMAND: POST /session/eb79c257209da8ba08c59be1d775ff21/execute/async - {"script":"<script> [776 bytes]","args":[{"enterText":"External partner","selector":{"id":"application-managepartners-display-component---NewPartner--partnerDetailInternal","interaction":{"idSuffix":"inner"}},"clearTextFirst":true,"interactionType":"ENTER_TEXT"}]}
RESULT: {"script":"<script> [776 bytes]","args":[{"enterText":"External partner","selector":{"id":"application-managepartners-display-component---NewPartner--partnerDetailInternal","interaction":{"idSuffix":"inner"}},"clearTextFirst":true,"interactionType":"ENTER_TEXT"}]}
COMMAND: POST /session/eb79c257209da8ba08c59be1d775ff21/execute/async - {"script":"<script> [1562 bytes]","args":[{"selector":{"id":"application-managepartners-display-component---NewPartner--partnerDetailsCurrency","interaction":{"idSuffix":"inner"}},"wdio_ui5_key":"applicationmanagepartners-display-component---NewPartner--partnerDetailsCurrency"}]}
RESULT: {"script":"<script> [1562 bytes]","args":[{"selector":{"id":"application-managepartners-display-component---NewPartner--partnerDetailsCurrency","interaction":{"idSuffix":"inner"}},"wdio_ui5_key":"applicationmanagepartners-display-component---NewPartner--partnerDetailsCurrency"}]}
RESULT: undefined
COMMAND: POST /session/eb79c257209da8ba08c59be1d775ff21/execute/async - {"script":"<script> [776 bytes]","args":[{"enterText":"Euro","selector":{"id":"application-managepartners-display-component---NewPartner--partnerDetailsCurrency","interaction":{"idSuffix":"inner"}},"clearTextFirst":true,"interactionType":"ENTER_TEXT"}]}
RESULT: {"script":"<script> [776 bytes]","args":[{"enterText":"Euro","selector":{"id":"application-managepartners-display-component---NewPartner--partnerDetailsCurrency","interaction":{"idSuffix":"inner"}},"clearTextFirst":true,"interactionType":"ENTER_TEXT"}]}
COMMAND: POST /session/eb79c257209da8ba08c59be1d775ff21/execute/async - {"script":"<script> [1562 bytes]","args":[{"selector":{"controlType":"sap.m.Button","viewName":"etm.portal.ui.managepartners.view.NewPartner","viewId":"application-managepartners-display-component---NewPartner","properties":{"text":"Commercial"},"interaction":{"idSuffix":"BDI-content"}},"wdio_ui5_key":"etmportal.ui.managepartners.view.NewPartnersap.m.Button{\"text\":\"Commercial\"}"}]}
RESULT: {"script":"<script> [1562 bytes]","args":[{"selector":{"controlType":"sap.m.Button","viewName":"etm.portal.ui.managepartners.view.NewPartner","viewId":"application-managepartners-display-component---NewPartner","properties":{"text":"Commercial"},"interaction":{"idSuffix":"BDI-content"}},"wdio_ui5_key":"etmportal.ui.managepartners.view.NewPartnersap.m.Button{\"text\":\"Commercial\"}"}]}
RESULT: undefined
COMMAND: POST /session/eb79c257209da8ba08c59be1d775ff21/element - {"using":"xpath","value":"//*[@id=\"application-managepartners-display-component---NewPartner--ObjectPageLayout-anchBar-__section5-anchor\"]"}
RESULT: {"using":"xpath","value":"//*[@id=\"application-managepartners-display-component---NewPartner--ObjectPageLayout-anchBar-__section5-anchor\"]"}
COMMAND: POST /session/eb79c257209da8ba08c59be1d775ff21/element/f.9FA5373B3500B72DA4049E533E67ABAF.d.B3BA915ADDAB9168F1D1967023E86281.e.1668/click - {}
RESULT: {}
COMMAND: GET /session/eb79c257209da8ba08c59be1d775ff21/screenshot - {}
RESULT: {}
COMMAND: POST /session/eb79c257209da8ba08c59be1d775ff21/execute/async - {"script":"<script> [1562 bytes]","args":[{"selector":{"id":"application-managepartners-display-component---NewPartner--btnAddTableRow-img"},"wdio_ui5_key":"applicationmanagepartners-display-component---NewPartner--btnAddTableRow-img"}]}
RESULT: {"script":"<script> [1562 bytes]","args":[{"selector":{"id":"application-managepartners-display-component---NewPartner--btnAddTableRow-img"},"wdio_ui5_key":"applicationmanagepartners-display-component---NewPartner--btnAddTableRow-img"}]}
RESULT: undefined
COMMAND: POST /session/eb79c257209da8ba08c59be1d775ff21/element - {"using":"xpath","value":"//*[@id=\"application-managepartners-display-component---NewPartner--btnAddTableRow-img\"]"}
RESULT: {"using":"xpath","value":"//*[@id=\"application-managepartners-display-component---NewPartner--btnAddTableRow-img\"]"}
COMMAND: POST /session/eb79c257209da8ba08c59be1d775ff21/element/f.9FA5373B3500B72DA4049E533E67ABAF.d.B3BA915ADDAB9168F1D1967023E86281.e.1674/click - {}
RESULT: {}
COMMAND: POST /session/eb79c257209da8ba08c59be1d775ff21/element - {"using":"xpath","value":"//input[contains(@id ,\"application-managepartners-display-component---NewPartner--assignmentYard-application-managepartners-display-component---NewPartner\")]"}
COMMAND: GET /session/eb79c257209da8ba08c59be1d775ff21/screenshot - {}
RESULT: {"using":"xpath","value":"//input[contains(@id ,\"application-managepartners-display-component---NewPartner--assignmentYard-application-managepartners-display-component---NewPartner\")]"}
COMMAND: POST /session/eb79c257209da8ba08c59be1d775ff21/element/f.9FA5373B3500B72DA4049E533E67ABAF.d.B3BA915ADDAB9168F1D1967023E86281.e.1677/clear - {}
RESULT: {}
RESULT: {}
COMMAND: POST /session/eb79c257209da8ba08c59be1d775ff21/element/f.9FA5373B3500B72DA4049E533E67ABAF.d.B3BA915ADDAB9168F1D1967023E86281.e.1677/value - {"text":"WebdriverYardd0gb7"}
COMMAND: GET /session/eb79c257209da8ba08c59be1d775ff21/screenshot - {}
RESULT: {"text":"WebdriverYardd0gb7"}
COMMAND: GET /session/eb79c257209da8ba08c59be1d775ff21/screenshot - {}
RESULT: {}
RESULT: {}
COMMAND: POST /session/eb79c257209da8ba08c59be1d775ff21/execute/async - {"script":"<script> [1562 bytes]","args":[{"selector":{"controlType":"sap.m.Button","viewName":"etm.portal.ui.managepartners.view.NewPartner","viewId":"application-managepartners-display-component---NewPartner","i18NText":{"propertyName":"text","key":"save"},"interaction":{"idSuffix":"BDI-content"}},"wdio_ui5_key":"etmportal.ui.managepartners.view.NewPartnersap.m.Button{\"propertyName\":\"text\",\"key\":\"save\"}"}]}
RESULT: {"script":"<script> [1562 bytes]","args":[{"selector":{"controlType":"sap.m.Button","viewName":"etm.portal.ui.managepartners.view.NewPartner","viewId":"application-managepartners-display-component---NewPartner","i18NText":{"propertyName":"text","key":"save"},"interaction":{"idSuffix":"BDI-content"}},"wdio_ui5_key":"etmportal.ui.managepartners.view.NewPartnersap.m.Button{\"propertyName\":\"text\",\"key\":\"save\"}"}]}
RESULT: undefined
COMMAND: POST /session/eb79c257209da8ba08c59be1d775ff21/element - {"using":"xpath","value":"//*[@id=\"__button12\"]"}
RESULT: {"using":"xpath","value":"//*[@id=\"__button12\"]"}
COMMAND: POST /session/eb79c257209da8ba08c59be1d775ff21/element/f.9FA5373B3500B72DA4049E533E67ABAF.d.B3BA915ADDAB9168F1D1967023E86281.e.1647/click - {}
RESULT: {}
COMMAND: GET /session/eb79c257209da8ba08c59be1d775ff21/screenshot - {}
RESULT: {}
COMMAND: POST /session/eb79c257209da8ba08c59be1d775ff21/element - {"using":"xpath","value":"//header/div/div[2]/div[2]/span"}
RESULT: {"using":"xpath","value":"//header/div/div[2]/div[2]/span"}
COMMAND: GET /session/eb79c257209da8ba08c59be1d775ff21/element/f.9FA5373B3500B72DA4049E533E67ABAF.d.B3BA915ADDAB9168F1D1967023E86281.e.1853/text - {}
RESULT: {}
COMMAND: POST /session/eb79c257209da8ba08c59be1d775ff21/element - {"using":"xpath","value":"//header/div/div/div/div/div/div[2]/div/span"}
RESULT: {"using":"xpath","value":"//header/div/div/div/div/div/div[2]/div/span"}
COMMAND: GET /session/eb79c257209da8ba08c59be1d775ff21/element/f.9FA5373B3500B72DA4049E533E67ABAF.d.B3BA915ADDAB9168F1D1967023E86281.e.1854/text - {}
RESULT: {}
COMMAND: POST /session/eb79c257209da8ba08c59be1d775ff21/execute/async - {"script":"<script> [1562 bytes]","args":[{"selector":{"id":"application-managepartners-display-component---detailPtm--partnerType"},"wdio_ui5_key":"applicationmanagepartners-display-component---detailPtm--partnerType"}]}
RESULT: {"script":"<script> [1562 bytes]","args":[{"selector":{"id":"application-managepartners-display-component---detailPtm--partnerType"},"wdio_ui5_key":"applicationmanagepartners-display-component---detailPtm--partnerType"}]}
RESULT: undefined
COMMAND: POST /session/eb79c257209da8ba08c59be1d775ff21/execute/async - {"script":"<script> [6424 bytes]","args":[{"element-6066-11e4-a52e-4f735466cecf":"f.9FA5373B3500B72DA4049E533E67ABAF.d.B3BA915ADDAB9168F1D1967023E86281.e.1855"},"getText",[]]}
RESULT: {"script":"<script> [6424 bytes]","args":[{"element-6066-11e4-a52e-4f735466cecf":"f.9FA5373B3500B72DA4049E533E67ABAF.d.B3BA915ADDAB9168F1D1967023E86281.e.1855"},"getText",[]]}
COMMAND: POST /session/eb79c257209da8ba08c59be1d775ff21/element - {"using":"css selector","value":"#shell-header-logo"}
RESULT: {"using":"css selector","value":"#shell-header-logo"}
COMMAND: POST /session/eb79c257209da8ba08c59be1d775ff21/element/f.9FA5373B3500B72DA4049E533E67ABAF.d.B3BA915ADDAB9168F1D1967023E86281.e.1194/click - {}
RESULT: {}
COMMAND: GET /session/eb79c257209da8ba08c59be1d775ff21/screenshot - {}
RESULT: {}
COMMAND: POST /session/eb79c257209da8ba08c59be1d775ff21/execute/async - {"script":"<script> [1562 bytes]","args":[{"selector":{"controlType":"sap.m.GenericTile","properties":{"header":"Manage Sites"}},"wdio_ui5_key":"sapm.GenericTile{\"header\":\"Manage Sites\"}"}]}
RESULT: {"script":"<script> [1562 bytes]","args":[{"selector":{"controlType":"sap.m.GenericTile","properties":{"header":"Manage Sites"}},"wdio_ui5_key":"sapm.GenericTile{\"header\":\"Manage Sites\"}"}]}
RESULT: undefined
COMMAND: POST /session/eb79c257209da8ba08c59be1d775ff21/element - {"using":"xpath","value":"//*[@id=\"__tile40\"]"}
RESULT: {"using":"xpath","value":"//*[@id=\"__tile40\"]"}
COMMAND: POST /session/eb79c257209da8ba08c59be1d775ff21/element/f.9FA5373B3500B72DA4049E533E67ABAF.d.B3BA915ADDAB9168F1D1967023E86281.e.1857/click - {}
RESULT: {}
COMMAND: GET /session/eb79c257209da8ba08c59be1d775ff21/screenshot - {}
RESULT: {}
COMMAND: POST /session/eb79c257209da8ba08c59be1d775ff21/elements - {"using":"xpath","value":"//span[text()='Error']"}
RESULT: {"using":"xpath","value":"//span[text()='Error']"}
COMMAND: POST /session/eb79c257209da8ba08c59be1d775ff21/execute/async - {"script":"<script> [1562 bytes]","args":[{"selector":{"controlType":"sap.ui.core.Icon","viewName":"etm.portal.ui.managesites.view.Master","viewId":"application-managesites-display-component---masterSite","properties":{"src":{"regex":{"source":"add"}}}},"wdio_ui5_key":"etmportal.ui.managesites.view.Mastersap.ui.core.Icon{\"src\":{\"regex\":{\"source\":\"add\"}}}"}]}
RESULT: {"script":"<script> [1562 bytes]","args":[{"selector":{"controlType":"sap.ui.core.Icon","viewName":"etm.portal.ui.managesites.view.Master","viewId":"application-managesites-display-component---masterSite","properties":{"src":{"regex":{"source":"add"}}}},"wdio_ui5_key":"etmportal.ui.managesites.view.Mastersap.ui.core.Icon{\"src\":{\"regex\":{\"source\":\"add\"}}}"}]}
RESULT: undefined
COMMAND: POST /session/eb79c257209da8ba08c59be1d775ff21/element - {"using":"xpath","value":"//*[@id=\"__button52-img\"]"}
RESULT: {"using":"xpath","value":"//*[@id=\"__button52-img\"]"}
COMMAND: POST /session/eb79c257209da8ba08c59be1d775ff21/element/f.9FA5373B3500B72DA4049E533E67ABAF.d.B3BA915ADDAB9168F1D1967023E86281.e.1907/click - {}
RESULT: {}
COMMAND: POST /session/eb79c257209da8ba08c59be1d775ff21/execute/async - {"script":"<script> [1562 bytes]","args":[{"selector":{"id":"application-managesites-display-component---NewSite--siteId","interaction":{"idSuffix":"inner"}},"wdio_ui5_key":"applicationmanagesites-display-component---NewSite--siteId"}]}
COMMAND: GET /session/eb79c257209da8ba08c59be1d775ff21/screenshot - {}
RESULT: {"script":"<script> [1562 bytes]","args":[{"selector":{"id":"application-managesites-display-component---NewSite--siteId","interaction":{"idSuffix":"inner"}},"wdio_ui5_key":"applicationmanagesites-display-component---NewSite--siteId"}]}
RESULT: undefined
COMMAND: POST /session/eb79c257209da8ba08c59be1d775ff21/execute/async - {"script":"<script> [1562 bytes]","args":[{"selector":{"id":"application-managesites-display-component---NewSite--addressDetailDetailsName1","interaction":{"idSuffix":"inner"}},"wdio_ui5_key":"applicationmanagesites-display-component---NewSite--addressDetailDetailsName1"}]}
RESULT: {}
RESULT: {"script":"<script> [1562 bytes]","args":[{"selector":{"id":"application-managesites-display-component---NewSite--addressDetailDetailsName1","interaction":{"idSuffix":"inner"}},"wdio_ui5_key":"applicationmanagesites-display-component---NewSite--addressDetailDetailsName1"}]}
RESULT: undefined
COMMAND: POST /session/eb79c257209da8ba08c59be1d775ff21/execute/async - {"script":"<script> [776 bytes]","args":[{"enterText":"WebdriverSitey2x3t","selector":{"id":"application-managesites-display-component---NewSite--addressDetailDetailsName1","interaction":{"idSuffix":"inner"}},"clearTextFirst":true,"interactionType":"ENTER_TEXT"}]}
RESULT: {"script":"<script> [776 bytes]","args":[{"enterText":"WebdriverSitey2x3t","selector":{"id":"application-managesites-display-component---NewSite--addressDetailDetailsName1","interaction":{"idSuffix":"inner"}},"clearTextFirst":true,"interactionType":"ENTER_TEXT"}]}
COMMAND: POST /session/eb79c257209da8ba08c59be1d775ff21/execute/async - {"script":"<script> [1562 bytes]","args":[{"selector":{"id":"application-managesites-display-component---NewSite--addressDetailDetailsLanguage","interaction":{"idSuffix":"inner"}},"wdio_ui5_key":"applicationmanagesites-display-component---NewSite--addressDetailDetailsLanguage"}]}
RESULT: {"script":"<script> [1562 bytes]","args":[{"selector":{"id":"application-managesites-display-component---NewSite--addressDetailDetailsLanguage","interaction":{"idSuffix":"inner"}},"wdio_ui5_key":"applicationmanagesites-display-component---NewSite--addressDetailDetailsLanguage"}]}
RESULT: undefined
COMMAND: POST /session/eb79c257209da8ba08c59be1d775ff21/execute/async - {"script":"<script> [776 bytes]","args":[{"enterText":"Romanian","selector":{"id":"application-managesites-display-component---NewSite--addressDetailDetailsLanguage","interaction":{"idSuffix":"inner"}},"clearTextFirst":true,"interactionType":"ENTER_TEXT"}]}
RESULT: {"script":"<script> [776 bytes]","args":[{"enterText":"Romanian","selector":{"id":"application-managesites-display-component---NewSite--addressDetailDetailsLanguage","interaction":{"idSuffix":"inner"}},"clearTextFirst":true,"interactionType":"ENTER_TEXT"}]}
COMMAND: POST /session/eb79c257209da8ba08c59be1d775ff21/execute/async - {"script":"<script> [1562 bytes]","args":[{"selector":{"id":"application-managesites-display-component---NewSite--addressDetailDetailsCity1","interaction":{"idSuffix":"inner"}},"wdio_ui5_key":"applicationmanagesites-display-component---NewSite--addressDetailDetailsCity1"}]}
RESULT: {"script":"<script> [1562 bytes]","args":[{"selector":{"id":"application-managesites-display-component---NewSite--addressDetailDetailsCity1","interaction":{"idSuffix":"inner"}},"wdio_ui5_key":"applicationmanagesites-display-component---NewSite--addressDetailDetailsCity1"}]}
RESULT: undefined
COMMAND: POST /session/eb79c257209da8ba08c59be1d775ff21/execute/async - {"script":"<script> [776 bytes]","args":[{"enterText":"Bucharest","selector":{"id":"application-managesites-display-component---NewSite--addressDetailDetailsCity1","interaction":{"idSuffix":"inner"}},"clearTextFirst":true,"interactionType":"ENTER_TEXT"}]}
RESULT: {"script":"<script> [776 bytes]","args":[{"enterText":"Bucharest","selector":{"id":"application-managesites-display-component---NewSite--addressDetailDetailsCity1","interaction":{"idSuffix":"inner"}},"clearTextFirst":true,"interactionType":"ENTER_TEXT"}]}
COMMAND: POST /session/eb79c257209da8ba08c59be1d775ff21/execute/async - {"script":"<script> [1562 bytes]","args":[{"selector":{"id":"application-managesites-display-component---NewSite--addressDetailDetailsCountry","interaction":{"idSuffix":"inner"}},"wdio_ui5_key":"applicationmanagesites-display-component---NewSite--addressDetailDetailsCountry"}]}
RESULT: {"script":"<script> [1562 bytes]","args":[{"selector":{"id":"application-managesites-display-component---NewSite--addressDetailDetailsCountry","interaction":{"idSuffix":"inner"}},"wdio_ui5_key":"applicationmanagesites-display-component---NewSite--addressDetailDetailsCountry"}]}
RESULT: undefined
COMMAND: POST /session/eb79c257209da8ba08c59be1d775ff21/execute/async - {"script":"<script> [776 bytes]","args":[{"enterText":"Romania","selector":{"id":"application-managesites-display-component---NewSite--addressDetailDetailsCountry","interaction":{"idSuffix":"inner"}},"clearTextFirst":true,"interactionType":"ENTER_TEXT"}]}
RESULT: {"script":"<script> [776 bytes]","args":[{"enterText":"Romania","selector":{"id":"application-managesites-display-component---NewSite--addressDetailDetailsCountry","interaction":{"idSuffix":"inner"}},"clearTextFirst":true,"interactionType":"ENTER_TEXT"}]}
COMMAND: POST /session/eb79c257209da8ba08c59be1d775ff21/element - {"using":"css selector","value":"#application-managesites-display-component---NewSite--addressDetailDetailsCalendar-inner"}
RESULT: {"using":"css selector","value":"#application-managesites-display-component---NewSite--addressDetailDetailsCalendar-inner"}
COMMAND: POST /session/eb79c257209da8ba08c59be1d775ff21/element/f.9FA5373B3500B72DA4049E533E67ABAF.d.B3BA915ADDAB9168F1D1967023E86281.e.2166/clear - {}
RESULT: {}
COMMAND: POST /session/eb79c257209da8ba08c59be1d775ff21/element/f.9FA5373B3500B72DA4049E533E67ABAF.d.B3BA915ADDAB9168F1D1967023E86281.e.2166/value - {"text":"Germany"}
COMMAND: GET /session/eb79c257209da8ba08c59be1d775ff21/screenshot - {}
RESULT: {"text":"Germany"}
COMMAND: POST /session/eb79c257209da8ba08c59be1d775ff21/execute/async - {"script":"<script> [1562 bytes]","args":[{"selector":{"id":"application-managesites-display-component---NewSite--addressEditDetailsCostObjectCstType-arrow"},"wdio_ui5_key":"applicationmanagesites-display-component---NewSite--addressEditDetailsCostObjectCstType-arrow"}]}
COMMAND: GET /session/eb79c257209da8ba08c59be1d775ff21/screenshot - {}
RESULT: {}
RESULT: {"script":"<script> [1562 bytes]","args":[{"selector":{"id":"application-managesites-display-component---NewSite--addressEditDetailsCostObjectCstType-arrow"},"wdio_ui5_key":"applicationmanagesites-display-component---NewSite--addressEditDetailsCostObjectCstType-arrow"}]}
RESULT: undefined
COMMAND: POST /session/eb79c257209da8ba08c59be1d775ff21/element - {"using":"xpath","value":"//*[@id=\"application-managesites-display-component---NewSite--addressEditDetailsCostObjectCstType-arrow\"]"}
RESULT: {}
RESULT: {"using":"xpath","value":"//*[@id=\"application-managesites-display-component---NewSite--addressEditDetailsCostObjectCstType-arrow\"]"}
COMMAND: POST /session/eb79c257209da8ba08c59be1d775ff21/element/f.9FA5373B3500B72DA4049E533E67ABAF.d.B3BA915ADDAB9168F1D1967023E86281.e.2326/click - {}
RESULT: {}
COMMAND: POST /session/eb79c257209da8ba08c59be1d775ff21/element - {"using":"xpath","value":"//span[contains(text(), \"Work Breakdown Structure\")]"}
COMMAND: GET /session/eb79c257209da8ba08c59be1d775ff21/screenshot - {}
RESULT: {"using":"xpath","value":"//span[contains(text(), \"Work Breakdown Structure\")]"}
COMMAND: POST /session/eb79c257209da8ba08c59be1d775ff21/element/f.9FA5373B3500B72DA4049E533E67ABAF.d.B3BA915ADDAB9168F1D1967023E86281.e.2327/click - {}
RESULT: {}
RESULT: {}
COMMAND: GET /session/eb79c257209da8ba08c59be1d775ff21/screenshot - {}
RESULT: {}
COMMAND: POST /session/eb79c257209da8ba08c59be1d775ff21/execute/async - {"script":"<script> [1562 bytes]","args":[{"selector":{"id":"application-managesites-display-component---NewSite--addressNewCostObjectCstID-vhi"},"wdio_ui5_key":"applicationmanagesites-display-component---NewSite--addressNewCostObjectCstID-vhi"}]}
RESULT: {"script":"<script> [1562 bytes]","args":[{"selector":{"id":"application-managesites-display-component---NewSite--addressNewCostObjectCstID-vhi"},"wdio_ui5_key":"applicationmanagesites-display-component---NewSite--addressNewCostObjectCstID-vhi"}]}
RESULT: undefined
COMMAND: POST /session/eb79c257209da8ba08c59be1d775ff21/element - {"using":"xpath","value":"//*[@id=\"application-managesites-display-component---NewSite--addressNewCostObjectCstID-vhi\"]"}
RESULT: {"using":"xpath","value":"//*[@id=\"application-managesites-display-component---NewSite--addressNewCostObjectCstID-vhi\"]"}
COMMAND: POST /session/eb79c257209da8ba08c59be1d775ff21/element/f.9FA5373B3500B72DA4049E533E67ABAF.d.B3BA915ADDAB9168F1D1967023E86281.e.2332/click - {}
RESULT: {}
COMMAND: GET /session/eb79c257209da8ba08c59be1d775ff21/screenshot - {}
RESULT: {}
COMMAND: POST /session/eb79c257209da8ba08c59be1d775ff21/execute/async - {"script":"<script> [1562 bytes]","args":[{"selector":{"controlType":"sap.m.SearchField","properties":{"placeholder":"Search"},"searchOpenDialogs":true,"interaction":{"idSuffix":"I"}},"wdio_ui5_key":"sapm.SearchField{\"placeholder\":\"Search\"}"}]}
RESULT: {"script":"<script> [1562 bytes]","args":[{"selector":{"controlType":"sap.m.SearchField","properties":{"placeholder":"Search"},"searchOpenDialogs":true,"interaction":{"idSuffix":"I"}},"wdio_ui5_key":"sapm.SearchField{\"placeholder\":\"Search\"}"}]}
RESULT: undefined
COMMAND: POST /session/eb79c257209da8ba08c59be1d775ff21/execute/async - {"script":"<script> [776 bytes]","args":[{"enterText":"A1-000100-01","selector":{"controlType":"sap.m.SearchField","properties":{"placeholder":"Search"},"searchOpenDialogs":true,"interaction":{"idSuffix":"I"}},"clearTextFirst":true,"interactionType":"ENTER_TEXT"}]}
RESULT: {"script":"<script> [776 bytes]","args":[{"enterText":"A1-000100-01","selector":{"controlType":"sap.m.SearchField","properties":{"placeholder":"Search"},"searchOpenDialogs":true,"interaction":{"idSuffix":"I"}},"clearTextFirst":true,"interactionType":"ENTER_TEXT"}]}
COMMAND: POST /session/eb79c257209da8ba08c59be1d775ff21/actions - {"actions":[{"id":"action3","type":"key","parameters":{},"actions":[{"type":"keyDown","value":""},{"type":"pause","duration":10},{"type":"keyUp","value":""}]}]}
RESULT: {"actions":[{"id":"action3","type":"key","parameters":{},"actions":[{"type":"keyDown","value":""},{"type":"pause","duration":10},{"type":"keyUp","value":""}]}]}
COMMAND: GET /session/eb79c257209da8ba08c59be1d775ff21/screenshot - {}
RESULT: {}
COMMAND: POST /session/eb79c257209da8ba08c59be1d775ff21/element - {"using":"xpath","value":"//span[contains(text(), \"Template for ETO-Process\")]"}
RESULT: {"using":"xpath","value":"//span[contains(text(), \"Template for ETO-Process\")]"}
COMMAND: POST /session/eb79c257209da8ba08c59be1d775ff21/element/f.9FA5373B3500B72DA4049E533E67ABAF.d.B3BA915ADDAB9168F1D1967023E86281.e.2352/click - {}
RESULT: {}
COMMAND: GET /session/eb79c257209da8ba08c59be1d775ff21/screenshot - {}
RESULT: {}
COMMAND: POST /session/eb79c257209da8ba08c59be1d775ff21/element - {"using":"xpath","value":"//bdi[contains(text(), \"OK\")]"}
RESULT: {"using":"xpath","value":"//bdi[contains(text(), \"OK\")]"}
COMMAND: POST /session/eb79c257209da8ba08c59be1d775ff21/element/f.9FA5373B3500B72DA4049E533E67ABAF.d.B3BA915ADDAB9168F1D1967023E86281.e.2353/click - {}
RESULT: {}
COMMAND: GET /session/eb79c257209da8ba08c59be1d775ff21/screenshot - {}
RESULT: {}
COMMAND: POST /session/eb79c257209da8ba08c59be1d775ff21/element - {"using":"xpath","value":"//input[@id=\"application-managesites-display-component---NewSite--addressDetailDetailsYard-inner\"]"}
RESULT: {"using":"xpath","value":"//input[@id=\"application-managesites-display-component---NewSite--addressDetailDetailsYard-inner\"]"}
COMMAND: POST /session/eb79c257209da8ba08c59be1d775ff21/element/f.9FA5373B3500B72DA4049E533E67ABAF.d.B3BA915ADDAB9168F1D1967023E86281.e.2167/value - {"text":"WebdriverYardd0gb7"}
RESULT: {"text":"WebdriverYardd0gb7"}
COMMAND: GET /session/eb79c257209da8ba08c59be1d775ff21/screenshot - {}
RESULT: {}
COMMAND: POST /session/eb79c257209da8ba08c59be1d775ff21/actions - {"actions":[{"id":"action4","type":"key","parameters":{},"actions":[{"type":"keyDown","value":""},{"type":"pause","duration":10},{"type":"keyUp","value":""}]}]}
RESULT: {"actions":[{"id":"action4","type":"key","parameters":{},"actions":[{"type":"keyDown","value":""},{"type":"pause","duration":10},{"type":"keyUp","value":""}]}]}
COMMAND: GET /session/eb79c257209da8ba08c59be1d775ff21/screenshot - {}
RESULT: {}
COMMAND: POST /session/eb79c257209da8ba08c59be1d775ff21/element - {"using":"xpath","value":"//input[@id=\"application-managesites-display-component---NewSite--addressDetailDetailsPartner-inner\"]"}
RESULT: {"using":"xpath","value":"//input[@id=\"application-managesites-display-component---NewSite--addressDetailDetailsPartner-inner\"]"}
COMMAND: POST /session/eb79c257209da8ba08c59be1d775ff21/elements - {"using":"xpath","value":"//input[@id=\"application-managesites-display-component---NewSite--addressDetailDetailsPartner-inner\"]"}
RESULT: {"using":"xpath","value":"//input[@id=\"application-managesites-display-component---NewSite--addressDetailDetailsPartner-inner\"]"}
COMMAND: POST /session/eb79c257209da8ba08c59be1d775ff21/execute/async - {"script":"<script> [1562 bytes]","args":[{"selector":{"controlType":"sap.m.Button","viewName":"etm.portal.ui.managesites.view.NewSmartSite","viewId":"application-managesites-display-component---NewSite","properties":{"text":"Commercial"},"interaction":{"idSuffix":"BDI-content"}},"wdio_ui5_key":"etmportal.ui.managesites.view.NewSmartSitesap.m.Button{\"text\":\"Commercial\"}"}]}
RESULT: {"script":"<script> [1562 bytes]","args":[{"selector":{"controlType":"sap.m.Button","viewName":"etm.portal.ui.managesites.view.NewSmartSite","viewId":"application-managesites-display-component---NewSite","properties":{"text":"Commercial"},"interaction":{"idSuffix":"BDI-content"}},"wdio_ui5_key":"etmportal.ui.managesites.view.NewSmartSitesap.m.Button{\"text\":\"Commercial\"}"}]}
RESULT: undefined
COMMAND: POST /session/eb79c257209da8ba08c59be1d775ff21/element - {"using":"xpath","value":"//*[@id=\"application-managesites-display-component---NewSite--ObjectPageLayout-anchBar-__section31-anchor\"]"}
RESULT: {"using":"xpath","value":"//*[@id=\"application-managesites-display-component---NewSite--ObjectPageLayout-anchBar-__section31-anchor\"]"}
COMMAND: POST /session/eb79c257209da8ba08c59be1d775ff21/element/f.9FA5373B3500B72DA4049E533E67ABAF.d.B3BA915ADDAB9168F1D1967023E86281.e.2381/click - {}
RESULT: {}
COMMAND: POST /session/eb79c257209da8ba08c59be1d775ff21/execute/async - {"script":"<script> [1562 bytes]","args":[{"selector":{"controlType":"sap.m.Button","viewName":"etm.portal.ui.managesites.view.NewSmartSite","viewId":"application-managesites-display-component---NewSite","i18NText":{"propertyName":"text","key":"save"},"interaction":{"idSuffix":"BDI-content"}},"wdio_ui5_key":"etmportal.ui.managesites.view.NewSmartSitesap.m.Button{\"propertyName\":\"text\",\"key\":\"save\"}"}]}
COMMAND: GET /session/eb79c257209da8ba08c59be1d775ff21/screenshot - {}
RESULT: {"script":"<script> [1562 bytes]","args":[{"selector":{"controlType":"sap.m.Button","viewName":"etm.portal.ui.managesites.view.NewSmartSite","viewId":"application-managesites-display-component---NewSite","i18NText":{"propertyName":"text","key":"save"},"interaction":{"idSuffix":"BDI-content"}},"wdio_ui5_key":"etmportal.ui.managesites.view.NewSmartSitesap.m.Button{\"propertyName\":\"text\",\"key\":\"save\"}"}]}
RESULT: undefined
COMMAND: POST /session/eb79c257209da8ba08c59be1d775ff21/element - {"using":"xpath","value":"//*[@id=\"__button64\"]"}
RESULT: {}
RESULT: {"using":"xpath","value":"//*[@id=\"__button64\"]"}
COMMAND: POST /session/eb79c257209da8ba08c59be1d775ff21/element/f.9FA5373B3500B72DA4049E533E67ABAF.d.B3BA915ADDAB9168F1D1967023E86281.e.2302/click - {}
RESULT: {}
COMMAND: GET /session/eb79c257209da8ba08c59be1d775ff21/screenshot - {}
RESULT: {}
COMMAND: POST /session/eb79c257209da8ba08c59be1d775ff21/execute/async - {"script":"<script> [1562 bytes]","args":[{"selector":{"id":"application-managesites-display-component---detailSite--addressDetailDetailsYardText"},"wdio_ui5_key":"applicationmanagesites-display-component---detailSite--addressDetailDetailsYardText"}]}
RESULT: {"script":"<script> [1562 bytes]","args":[{"selector":{"id":"application-managesites-display-component---detailSite--addressDetailDetailsYardText"},"wdio_ui5_key":"applicationmanagesites-display-component---detailSite--addressDetailDetailsYardText"}]}
RESULT: undefined
COMMAND: POST /session/eb79c257209da8ba08c59be1d775ff21/element - {"using":"xpath","value":"//header/div/div[2]/div[2]/span"}
RESULT: {"using":"xpath","value":"//header/div/div[2]/div[2]/span"}
COMMAND: GET /session/eb79c257209da8ba08c59be1d775ff21/element/f.9FA5373B3500B72DA4049E533E67ABAF.d.B3BA915ADDAB9168F1D1967023E86281.e.2587/text - {}
RESULT: {}
COMMAND: POST /session/eb79c257209da8ba08c59be1d775ff21/element - {"using":"xpath","value":"//header/div/div/div/div/div/div[2]/div/span"}
RESULT: {"using":"xpath","value":"//header/div/div/div/div/div/div[2]/div/span"}
COMMAND: GET /session/eb79c257209da8ba08c59be1d775ff21/element/f.9FA5373B3500B72DA4049E533E67ABAF.d.B3BA915ADDAB9168F1D1967023E86281.e.2588/text - {}
RESULT: {}
COMMAND: POST /session/eb79c257209da8ba08c59be1d775ff21/element - {"using":"css selector","value":"#shell-header-logo"}
RESULT: {"using":"css selector","value":"#shell-header-logo"}
COMMAND: POST /session/eb79c257209da8ba08c59be1d775ff21/element/f.9FA5373B3500B72DA4049E533E67ABAF.d.B3BA915ADDAB9168F1D1967023E86281.e.1862/click - {}
RESULT: {}
COMMAND: GET /session/eb79c257209da8ba08c59be1d775ff21/screenshot - {}
RESULT: {}
]]></system-out>
    </testcase>
    <testcase classname="chrome.136_0_7103_93.windows.Standard_contract_-_add_contract_items_by_Insert_Request_US118222" name="Should create 2 new resources and a catalog item" time="446.241">
      <system-out><![CDATA[
COMMAND: POST /session/eb79c257209da8ba08c59be1d775ff21/execute/async - {"script":"<script> [1562 bytes]","args":[{"selector":{"controlType":"sap.m.GenericTile","properties":{"header":"Manage Resources"}},"wdio_ui5_key":"sapm.GenericTile{\"header\":\"Manage Resources\"}"}]}
RESULT: {"script":"<script> [1562 bytes]","args":[{"selector":{"controlType":"sap.m.GenericTile","properties":{"header":"Manage Resources"}},"wdio_ui5_key":"sapm.GenericTile{\"header\":\"Manage Resources\"}"}]}
RESULT: undefined
COMMAND: POST /session/eb79c257209da8ba08c59be1d775ff21/element - {"using":"xpath","value":"//*[@id=\"__tile39\"]"}
RESULT: {"using":"xpath","value":"//*[@id=\"__tile39\"]"}
COMMAND: POST /session/eb79c257209da8ba08c59be1d775ff21/element/f.9FA5373B3500B72DA4049E533E67ABAF.d.B3BA915ADDAB9168F1D1967023E86281.e.2590/click - {}
RESULT: {}
COMMAND: GET /session/eb79c257209da8ba08c59be1d775ff21/screenshot - {}
RESULT: {}
COMMAND: POST /session/eb79c257209da8ba08c59be1d775ff21/elements - {"using":"xpath","value":"//span[text()='Error']"}
RESULT: {"using":"xpath","value":"//span[text()='Error']"}
COMMAND: POST /session/eb79c257209da8ba08c59be1d775ff21/element - {"using":"xpath","value":"//button[@data-kt=\"addNewRUOverflowToolbarButton\"]"}
RESULT: {"using":"xpath","value":"//button[@data-kt=\"addNewRUOverflowToolbarButton\"]"}
COMMAND: POST /session/eb79c257209da8ba08c59be1d775ff21/execute/sync - {"script":"<script> [8489 bytes]","args":[{"element-6066-11e4-a52e-4f735466cecf":"f.9FA5373B3500B72DA4049E533E67ABAF.d.B3BA915ADDAB9168F1D1967023E86281.e.2631","ELEMENT":"f.9FA5373B3500B72DA4049E533E67ABAF.d.B3BA915ADDAB9168F1D1967023E86281.e.2631"}]}
RESULT: {"script":"<script> [8489 bytes]","args":[{"element-6066-11e4-a52e-4f735466cecf":"f.9FA5373B3500B72DA4049E533E67ABAF.d.B3BA915ADDAB9168F1D1967023E86281.e.2631","ELEMENT":"f.9FA5373B3500B72DA4049E533E67ABAF.d.B3BA915ADDAB9168F1D1967023E86281.e.2631"}]}
COMMAND: POST /session/eb79c257209da8ba08c59be1d775ff21/element/f.9FA5373B3500B72DA4049E533E67ABAF.d.B3BA915ADDAB9168F1D1967023E86281.e.2631/click - {}
COMMAND: GET /session/eb79c257209da8ba08c59be1d775ff21/screenshot - {}
RESULT: {}
COMMAND: POST /session/eb79c257209da8ba08c59be1d775ff21/execute/async - {"script":"<script> [1562 bytes]","args":[{"selector":{"id":"application-manageresources-display-component---newResourceUnit--TYPE-arrow"},"wdio_ui5_key":"applicationmanageresources-display-component---newResourceUnit--TYPE-arrow"}]}
COMMAND: GET /session/eb79c257209da8ba08c59be1d775ff21/screenshot - {}
RESULT: {}
RESULT: {"script":"<script> [1562 bytes]","args":[{"selector":{"id":"application-manageresources-display-component---newResourceUnit--TYPE-arrow"},"wdio_ui5_key":"applicationmanageresources-display-component---newResourceUnit--TYPE-arrow"}]}
RESULT: undefined
COMMAND: POST /session/eb79c257209da8ba08c59be1d775ff21/element - {"using":"xpath","value":"//*[@id=\"application-manageresources-display-component---newResourceUnit--TYPE-arrow\"]"}
RESULT: {}
RESULT: {"using":"xpath","value":"//*[@id=\"application-manageresources-display-component---newResourceUnit--TYPE-arrow\"]"}
COMMAND: POST /session/eb79c257209da8ba08c59be1d775ff21/element/f.9FA5373B3500B72DA4049E533E67ABAF.d.B3BA915ADDAB9168F1D1967023E86281.e.2946/click - {}
RESULT: {}
COMMAND: POST /session/eb79c257209da8ba08c59be1d775ff21/execute/async - {"script":"<script> [1562 bytes]","args":[{"selector":{"controlType":"sap.m.StandardListItem","viewName":"reusables.view.manageresources.NewResourceUnit","viewId":"application-manageresources-display-component---newResourceUnit","properties":{"title":"Material"},"searchOpenDialogs":true,"interaction":{"idSuffix":"titleText"}},"wdio_ui5_key":"reusablesview.manageresources.NewResourceUnitsap.m.StandardListItem{\"title\":\"Material\"}"}]}
COMMAND: GET /session/eb79c257209da8ba08c59be1d775ff21/screenshot - {}
RESULT: {"script":"<script> [1562 bytes]","args":[{"selector":{"controlType":"sap.m.StandardListItem","viewName":"reusables.view.manageresources.NewResourceUnit","viewId":"application-manageresources-display-component---newResourceUnit","properties":{"title":"Material"},"searchOpenDialogs":true,"interaction":{"idSuffix":"titleText"}},"wdio_ui5_key":"reusablesview.manageresources.NewResourceUnitsap.m.StandardListItem{\"title\":\"Material\"}"}]}
RESULT: undefined
COMMAND: POST /session/eb79c257209da8ba08c59be1d775ff21/element - {"using":"xpath","value":"//*[@id=\"__item947\"]"}
RESULT: {}
RESULT: {"using":"xpath","value":"//*[@id=\"__item947\"]"}
COMMAND: POST /session/eb79c257209da8ba08c59be1d775ff21/element/f.9FA5373B3500B72DA4049E533E67ABAF.d.B3BA915ADDAB9168F1D1967023E86281.e.2949/click - {}
RESULT: {}
COMMAND: POST /session/eb79c257209da8ba08c59be1d775ff21/execute/async - {"script":"<script> [1562 bytes]","args":[{"selector":{"id":"application-manageresources-display-component---newResourceUnit--SHORT_TEXT","interaction":{"idSuffix":"inner"}},"wdio_ui5_key":"applicationmanageresources-display-component---newResourceUnit--SHORT_TEXT"}]}
COMMAND: GET /session/eb79c257209da8ba08c59be1d775ff21/screenshot - {}
RESULT: {"script":"<script> [1562 bytes]","args":[{"selector":{"id":"application-manageresources-display-component---newResourceUnit--SHORT_TEXT","interaction":{"idSuffix":"inner"}},"wdio_ui5_key":"applicationmanageresources-display-component---newResourceUnit--SHORT_TEXT"}]}
RESULT: undefined
COMMAND: POST /session/eb79c257209da8ba08c59be1d775ff21/execute/async - {"script":"<script> [776 bytes]","args":[{"enterText":"WebdriverRUR2Cdx30a","selector":{"id":"application-manageresources-display-component---newResourceUnit--SHORT_TEXT","interaction":{"idSuffix":"inner"}},"clearTextFirst":true,"interactionType":"ENTER_TEXT"}]}
RESULT: {}
RESULT: {"script":"<script> [776 bytes]","args":[{"enterText":"WebdriverRUR2Cdx30a","selector":{"id":"application-manageresources-display-component---newResourceUnit--SHORT_TEXT","interaction":{"idSuffix":"inner"}},"clearTextFirst":true,"interactionType":"ENTER_TEXT"}]}
COMMAND: POST /session/eb79c257209da8ba08c59be1d775ff21/execute/async - {"script":"<script> [1562 bytes]","args":[{"selector":{"id":"application-manageresources-display-component---newResourceUnit--BASE_UNIT_OF_MEASURE-arrow"},"wdio_ui5_key":"applicationmanageresources-display-component---newResourceUnit--BASE_UNIT_OF_MEASURE-arrow"}]}
RESULT: {"script":"<script> [1562 bytes]","args":[{"selector":{"id":"application-manageresources-display-component---newResourceUnit--BASE_UNIT_OF_MEASURE-arrow"},"wdio_ui5_key":"applicationmanageresources-display-component---newResourceUnit--BASE_UNIT_OF_MEASURE-arrow"}]}
RESULT: undefined
COMMAND: POST /session/eb79c257209da8ba08c59be1d775ff21/element - {"using":"xpath","value":"//*[@id=\"application-manageresources-display-component---newResourceUnit--BASE_UNIT_OF_MEASURE-arrow\"]"}
RESULT: {"using":"xpath","value":"//*[@id=\"application-manageresources-display-component---newResourceUnit--BASE_UNIT_OF_MEASURE-arrow\"]"}
COMMAND: POST /session/eb79c257209da8ba08c59be1d775ff21/element/f.9FA5373B3500B72DA4049E533E67ABAF.d.B3BA915ADDAB9168F1D1967023E86281.e.3069/click - {}
RESULT: {}
COMMAND: POST /session/eb79c257209da8ba08c59be1d775ff21/execute/async - {"script":"<script> [1562 bytes]","args":[{"selector":{"controlType":"sap.m.StandardListItem","viewName":"reusables.view.manageresources.NewResourceUnit","viewId":"application-manageresources-display-component---newResourceUnit","properties":{"title":"Piece"},"searchOpenDialogs":true,"interaction":{"idSuffix":"titleText"}},"wdio_ui5_key":"reusablesview.manageresources.NewResourceUnitsap.m.StandardListItem{\"title\":\"Piece\"}"}]}
COMMAND: GET /session/eb79c257209da8ba08c59be1d775ff21/screenshot - {}
RESULT: {"script":"<script> [1562 bytes]","args":[{"selector":{"controlType":"sap.m.StandardListItem","viewName":"reusables.view.manageresources.NewResourceUnit","viewId":"application-manageresources-display-component---newResourceUnit","properties":{"title":"Piece"},"searchOpenDialogs":true,"interaction":{"idSuffix":"titleText"}},"wdio_ui5_key":"reusablesview.manageresources.NewResourceUnitsap.m.StandardListItem{\"title\":\"Piece\"}"}]}
RESULT: undefined
COMMAND: POST /session/eb79c257209da8ba08c59be1d775ff21/element - {"using":"xpath","value":"//*[@id=\"__item1000\"]"}
RESULT: {}
RESULT: {"using":"xpath","value":"//*[@id=\"__item1000\"]"}
COMMAND: POST /session/eb79c257209da8ba08c59be1d775ff21/element/f.9FA5373B3500B72DA4049E533E67ABAF.d.B3BA915ADDAB9168F1D1967023E86281.e.3071/click - {}
RESULT: {}
COMMAND: POST /session/eb79c257209da8ba08c59be1d775ff21/element - {"using":"xpath","value":"//input[contains(@id ,\"application-manageresources-display-component---newResourceUnit--SHORT_TEXT-inner\")]"}
COMMAND: GET /session/eb79c257209da8ba08c59be1d775ff21/screenshot - {}
RESULT: {"using":"xpath","value":"//input[contains(@id ,\"application-manageresources-display-component---newResourceUnit--SHORT_TEXT-inner\")]"}
COMMAND: GET /session/eb79c257209da8ba08c59be1d775ff21/element/f.9FA5373B3500B72DA4049E533E67ABAF.d.B3BA915ADDAB9168F1D1967023E86281.e.2966/property/value - {}
RESULT: {}
RESULT: {}
COMMAND: POST /session/eb79c257209da8ba08c59be1d775ff21/execute/async - {"script":"<script> [1562 bytes]","args":[{"selector":{"id":"application-manageresources-display-component---newResourceUnit--WEIGHT_UNIT-arrow"},"wdio_ui5_key":"applicationmanageresources-display-component---newResourceUnit--WEIGHT_UNIT-arrow"}]}
COMMAND: GET /session/eb79c257209da8ba08c59be1d775ff21/screenshot - {}
RESULT: {"script":"<script> [1562 bytes]","args":[{"selector":{"id":"application-manageresources-display-component---newResourceUnit--WEIGHT_UNIT-arrow"},"wdio_ui5_key":"applicationmanageresources-display-component---newResourceUnit--WEIGHT_UNIT-arrow"}]}
RESULT: undefined
COMMAND: POST /session/eb79c257209da8ba08c59be1d775ff21/element - {"using":"xpath","value":"//*[@id=\"application-manageresources-display-component---newResourceUnit--WEIGHT_UNIT-arrow\"]"}
RESULT: {}
RESULT: {"using":"xpath","value":"//*[@id=\"application-manageresources-display-component---newResourceUnit--WEIGHT_UNIT-arrow\"]"}
COMMAND: POST /session/eb79c257209da8ba08c59be1d775ff21/element/f.9FA5373B3500B72DA4049E533E67ABAF.d.B3BA915ADDAB9168F1D1967023E86281.e.3072/click - {}
RESULT: {}
COMMAND: POST /session/eb79c257209da8ba08c59be1d775ff21/execute/async - {"script":"<script> [1562 bytes]","args":[{"selector":{"controlType":"sap.m.StandardListItem","viewName":"reusables.view.manageresources.NewResourceUnit","viewId":"application-manageresources-display-component---newResourceUnit","properties":{"title":"Gram"},"searchOpenDialogs":true,"interaction":{"idSuffix":"content"}},"wdio_ui5_key":"reusablesview.manageresources.NewResourceUnitsap.m.StandardListItem{\"title\":\"Gram\"}"}]}
COMMAND: GET /session/eb79c257209da8ba08c59be1d775ff21/screenshot - {}
RESULT: {"script":"<script> [1562 bytes]","args":[{"selector":{"controlType":"sap.m.StandardListItem","viewName":"reusables.view.manageresources.NewResourceUnit","viewId":"application-manageresources-display-component---newResourceUnit","properties":{"title":"Gram"},"searchOpenDialogs":true,"interaction":{"idSuffix":"content"}},"wdio_ui5_key":"reusablesview.manageresources.NewResourceUnitsap.m.StandardListItem{\"title\":\"Gram\"}"}]}
RESULT: undefined
COMMAND: POST /session/eb79c257209da8ba08c59be1d775ff21/element - {"using":"xpath","value":"//*[@id=\"__item1065\"]"}
RESULT: {}
RESULT: {"using":"xpath","value":"//*[@id=\"__item1065\"]"}
COMMAND: POST /session/eb79c257209da8ba08c59be1d775ff21/element/f.9FA5373B3500B72DA4049E533E67ABAF.d.B3BA915ADDAB9168F1D1967023E86281.e.3074/click - {}
RESULT: {}
COMMAND: POST /session/eb79c257209da8ba08c59be1d775ff21/execute/async - {"script":"<script> [1562 bytes]","args":[{"selector":{"id":"application-manageresources-display-component---newResourceUnit--newRRUPage-OPHeaderContent-collapseBtn-img"},"wdio_ui5_key":"applicationmanageresources-display-component---newResourceUnit--newRRUPage-OPHeaderContent-collapseBtn-img"}]}
COMMAND: GET /session/eb79c257209da8ba08c59be1d775ff21/screenshot - {}
RESULT: {"script":"<script> [1562 bytes]","args":[{"selector":{"id":"application-manageresources-display-component---newResourceUnit--newRRUPage-OPHeaderContent-collapseBtn-img"},"wdio_ui5_key":"applicationmanageresources-display-component---newResourceUnit--newRRUPage-OPHeaderContent-collapseBtn-img"}]}
RESULT: undefined
COMMAND: POST /session/eb79c257209da8ba08c59be1d775ff21/element - {"using":"xpath","value":"//*[@id=\"application-manageresources-display-component---newResourceUnit--newRRUPage-OPHeaderContent-collapseBtn-img\"]"}
RESULT: {}
RESULT: {"using":"xpath","value":"//*[@id=\"application-manageresources-display-component---newResourceUnit--newRRUPage-OPHeaderContent-collapseBtn-img\"]"}
COMMAND: POST /session/eb79c257209da8ba08c59be1d775ff21/element/f.9FA5373B3500B72DA4049E533E67ABAF.d.B3BA915ADDAB9168F1D1967023E86281.e.2956/click - {}
RESULT: {}
COMMAND: GET /session/eb79c257209da8ba08c59be1d775ff21/screenshot - {}
RESULT: {}
COMMAND: POST /session/eb79c257209da8ba08c59be1d775ff21/element - {"using":"xpath","value":"(//span[contains(@id ,\"application-manageresources-display-component---newResourceUnit--DIMENSION_UNIT-arrow\")])[1]"}
RESULT: {"using":"xpath","value":"(//span[contains(@id ,\"application-manageresources-display-component---newResourceUnit--DIMENSION_UNIT-arrow\")])[1]"}
COMMAND: POST /session/eb79c257209da8ba08c59be1d775ff21/element/f.9FA5373B3500B72DA4049E533E67ABAF.d.B3BA915ADDAB9168F1D1967023E86281.e.3078/click - {}
RESULT: {}
COMMAND: GET /session/eb79c257209da8ba08c59be1d775ff21/screenshot - {}
RESULT: {}
COMMAND: POST /session/eb79c257209da8ba08c59be1d775ff21/execute/async - {"script":"<script> [1562 bytes]","args":[{"selector":{"controlType":"sap.m.StandardListItem","viewName":"reusables.view.manageresources.NewResourceUnit","viewId":"application-manageresources-display-component---newResourceUnit","properties":{"title":"Centimeter"},"searchOpenDialogs":true,"interaction":{"idSuffix":"titleText"}},"wdio_ui5_key":"reusablesview.manageresources.NewResourceUnitsap.m.StandardListItem{\"title\":\"Centimeter\"}"}]}
RESULT: {"script":"<script> [1562 bytes]","args":[{"selector":{"controlType":"sap.m.StandardListItem","viewName":"reusables.view.manageresources.NewResourceUnit","viewId":"application-manageresources-display-component---newResourceUnit","properties":{"title":"Centimeter"},"searchOpenDialogs":true,"interaction":{"idSuffix":"titleText"}},"wdio_ui5_key":"reusablesview.manageresources.NewResourceUnitsap.m.StandardListItem{\"title\":\"Centimeter\"}"}]}
RESULT: undefined
COMMAND: POST /session/eb79c257209da8ba08c59be1d775ff21/element - {"using":"xpath","value":"//*[@id=\"__item1068\"]"}
RESULT: {"using":"xpath","value":"//*[@id=\"__item1068\"]"}
COMMAND: POST /session/eb79c257209da8ba08c59be1d775ff21/element/f.9FA5373B3500B72DA4049E533E67ABAF.d.B3BA915ADDAB9168F1D1967023E86281.e.3082/click - {}
RESULT: {}
COMMAND: POST /session/eb79c257209da8ba08c59be1d775ff21/execute/async - {"script":"<script> [1562 bytes]","args":[{"selector":{"id":"application-manageresources-display-component---newResourceUnit--newRRUPage-anchBar-application-manageresources-display-component---newResourceUnit--reference-anchor","interaction":{"idSuffix":"BDI-content"}},"wdio_ui5_key":"applicationmanageresources-display-component---newResourceUnit--newRRUPage-anchBar-application-manageresources-display-component---newResourceUnit--reference-anchor"}]}
COMMAND: GET /session/eb79c257209da8ba08c59be1d775ff21/screenshot - {}
RESULT: {"script":"<script> [1562 bytes]","args":[{"selector":{"id":"application-manageresources-display-component---newResourceUnit--newRRUPage-anchBar-application-manageresources-display-component---newResourceUnit--reference-anchor","interaction":{"idSuffix":"BDI-content"}},"wdio_ui5_key":"applicationmanageresources-display-component---newResourceUnit--newRRUPage-anchBar-application-manageresources-display-component---newResourceUnit--reference-anchor"}]}
RESULT: undefined
COMMAND: POST /session/eb79c257209da8ba08c59be1d775ff21/element - {"using":"xpath","value":"//*[@id=\"application-manageresources-display-component---newResourceUnit--newRRUPage-anchBar-application-manageresources-display-component---newResourceUnit--reference-anchor\"]"}
RESULT: {}
RESULT: {"using":"xpath","value":"//*[@id=\"application-manageresources-display-component---newResourceUnit--newRRUPage-anchBar-application-manageresources-display-component---newResourceUnit--reference-anchor\"]"}
COMMAND: POST /session/eb79c257209da8ba08c59be1d775ff21/element/f.9FA5373B3500B72DA4049E533E67ABAF.d.B3BA915ADDAB9168F1D1967023E86281.e.3084/click - {}
RESULT: {}
COMMAND: POST /session/eb79c257209da8ba08c59be1d775ff21/execute/async - {"script":"<script> [1562 bytes]","args":[{"selector":{"id":"application-manageresources-display-component---newResourceUnit--PLANNING_GROUP-arrow"},"wdio_ui5_key":"applicationmanageresources-display-component---newResourceUnit--PLANNING_GROUP-arrow"}]}
COMMAND: GET /session/eb79c257209da8ba08c59be1d775ff21/screenshot - {}
RESULT: {"script":"<script> [1562 bytes]","args":[{"selector":{"id":"application-manageresources-display-component---newResourceUnit--PLANNING_GROUP-arrow"},"wdio_ui5_key":"applicationmanageresources-display-component---newResourceUnit--PLANNING_GROUP-arrow"}]}
RESULT: undefined
COMMAND: POST /session/eb79c257209da8ba08c59be1d775ff21/element - {"using":"xpath","value":"//*[@id=\"application-manageresources-display-component---newResourceUnit--PLANNING_GROUP-arrow\"]"}
RESULT: {}
RESULT: {"using":"xpath","value":"//*[@id=\"application-manageresources-display-component---newResourceUnit--PLANNING_GROUP-arrow\"]"}
COMMAND: POST /session/eb79c257209da8ba08c59be1d775ff21/element/f.9FA5373B3500B72DA4049E533E67ABAF.d.B3BA915ADDAB9168F1D1967023E86281.e.3088/click - {}
RESULT: {}
COMMAND: POST /session/eb79c257209da8ba08c59be1d775ff21/execute/async - {"script":"<script> [1562 bytes]","args":[{"selector":{"controlType":"sap.m.StandardListItem","viewName":"reusables.view.manageresources.NewResourceUnit","viewId":"application-manageresources-display-component---newResourceUnit","properties":{"title":"Heavy Equi"},"searchOpenDialogs":true,"interaction":{"idSuffix":"content"}},"wdio_ui5_key":"reusablesview.manageresources.NewResourceUnitsap.m.StandardListItem{\"title\":\"Heavy Equi\"}"}]}
COMMAND: GET /session/eb79c257209da8ba08c59be1d775ff21/screenshot - {}
RESULT: {"script":"<script> [1562 bytes]","args":[{"selector":{"controlType":"sap.m.StandardListItem","viewName":"reusables.view.manageresources.NewResourceUnit","viewId":"application-manageresources-display-component---newResourceUnit","properties":{"title":"Heavy Equi"},"searchOpenDialogs":true,"interaction":{"idSuffix":"content"}},"wdio_ui5_key":"reusablesview.manageresources.NewResourceUnitsap.m.StandardListItem{\"title\":\"Heavy Equi\"}"}]}
RESULT: undefined
COMMAND: POST /session/eb79c257209da8ba08c59be1d775ff21/element - {"using":"xpath","value":"//*[@id=\"__item1076\"]"}
RESULT: {}
RESULT: {"using":"xpath","value":"//*[@id=\"__item1076\"]"}
COMMAND: POST /session/eb79c257209da8ba08c59be1d775ff21/element/f.9FA5373B3500B72DA4049E533E67ABAF.d.B3BA915ADDAB9168F1D1967023E86281.e.3090/click - {}
RESULT: {}
COMMAND: GET /session/eb79c257209da8ba08c59be1d775ff21/screenshot - {}
RESULT: {}
COMMAND: POST /session/eb79c257209da8ba08c59be1d775ff21/execute/async - {"script":"<script> [1562 bytes]","args":[{"selector":{"id":"application-manageresources-display-component---newResourceUnit--PLANNING_INDICATOR-arrow"},"wdio_ui5_key":"applicationmanageresources-display-component---newResourceUnit--PLANNING_INDICATOR-arrow"}]}
RESULT: {"script":"<script> [1562 bytes]","args":[{"selector":{"id":"application-manageresources-display-component---newResourceUnit--PLANNING_INDICATOR-arrow"},"wdio_ui5_key":"applicationmanageresources-display-component---newResourceUnit--PLANNING_INDICATOR-arrow"}]}
RESULT: undefined
COMMAND: POST /session/eb79c257209da8ba08c59be1d775ff21/element - {"using":"xpath","value":"//*[@id=\"application-manageresources-display-component---newResourceUnit--PLANNING_INDICATOR-arrow\"]"}
RESULT: {"using":"xpath","value":"//*[@id=\"application-manageresources-display-component---newResourceUnit--PLANNING_INDICATOR-arrow\"]"}
COMMAND: POST /session/eb79c257209da8ba08c59be1d775ff21/element/f.9FA5373B3500B72DA4049E533E67ABAF.d.B3BA915ADDAB9168F1D1967023E86281.e.3091/click - {}
RESULT: {}
COMMAND: POST /session/eb79c257209da8ba08c59be1d775ff21/execute/async - {"script":"<script> [1562 bytes]","args":[{"selector":{"controlType":"sap.m.StandardListItem","viewName":"reusables.view.manageresources.NewResourceUnit","viewId":"application-manageresources-display-component---newResourceUnit","properties":{"title":"10 - infinite"},"searchOpenDialogs":true,"interaction":{"idSuffix":"content"}},"wdio_ui5_key":"reusablesview.manageresources.NewResourceUnitsap.m.StandardListItem{\"title\":\"10 - infinite\"}"}]}
COMMAND: GET /session/eb79c257209da8ba08c59be1d775ff21/screenshot - {}
RESULT: {"script":"<script> [1562 bytes]","args":[{"selector":{"controlType":"sap.m.StandardListItem","viewName":"reusables.view.manageresources.NewResourceUnit","viewId":"application-manageresources-display-component---newResourceUnit","properties":{"title":"10 - infinite"},"searchOpenDialogs":true,"interaction":{"idSuffix":"content"}},"wdio_ui5_key":"reusablesview.manageresources.NewResourceUnitsap.m.StandardListItem{\"title\":\"10 - infinite\"}"}]}
RESULT: undefined
COMMAND: POST /session/eb79c257209da8ba08c59be1d775ff21/element - {"using":"xpath","value":"//*[@id=\"__item1086\"]"}
RESULT: {}
RESULT: {"using":"xpath","value":"//*[@id=\"__item1086\"]"}
COMMAND: POST /session/eb79c257209da8ba08c59be1d775ff21/element/f.9FA5373B3500B72DA4049E533E67ABAF.d.B3BA915ADDAB9168F1D1967023E86281.e.3093/click - {}
RESULT: {}
COMMAND: GET /session/eb79c257209da8ba08c59be1d775ff21/screenshot - {}
RESULT: {}
COMMAND: POST /session/eb79c257209da8ba08c59be1d775ff21/element - {"using":"xpath","value":"//bdi[contains(text(), \"Time Segment\")]"}
RESULT: {"using":"xpath","value":"//bdi[contains(text(), \"Time Segment\")]"}
COMMAND: GET /session/eb79c257209da8ba08c59be1d775ff21/element/f.9FA5373B3500B72DA4049E533E67ABAF.d.B3BA915ADDAB9168F1D1967023E86281.e.3094/rect - {}
RESULT: {}
COMMAND: GET /session/eb79c257209da8ba08c59be1d775ff21/window/rect - {}
RESULT: {}
COMMAND: POST /session/eb79c257209da8ba08c59be1d775ff21/execute/sync - {"script":"<script> [92 bytes]","args":[]}
RESULT: {"script":"<script> [92 bytes]","args":[]}
COMMAND: POST /session/eb79c257209da8ba08c59be1d775ff21/actions - {"actions":[{"id":"action5","type":"wheel","parameters":{},"actions":[{"type":"scroll","x":-1820,"y":-21,"deltaX":0,"deltaY":0,"duration":0,"origin":{"element-6066-11e4-a52e-4f735466cecf":"f.9FA5373B3500B72DA4049E533E67ABAF.d.B3BA915ADDAB9168F1D1967023E86281.e.3094"}}]}]}
COMMAND: GET /session/eb79c257209da8ba08c59be1d775ff21/screenshot - {}
RESULT: {}
COMMAND: POST /session/eb79c257209da8ba08c59be1d775ff21/execute/sync - {"script":"<script> [79 bytes]","args":[{"element-6066-11e4-a52e-4f735466cecf":"f.9FA5373B3500B72DA4049E533E67ABAF.d.B3BA915ADDAB9168F1D1967023E86281.e.3094","ELEMENT":"f.9FA5373B3500B72DA4049E533E67ABAF.d.B3BA915ADDAB9168F1D1967023E86281.e.3094"},{"block":"start","inline":"nearest"}]}
RESULT: {"script":"<script> [79 bytes]","args":[{"element-6066-11e4-a52e-4f735466cecf":"f.9FA5373B3500B72DA4049E533E67ABAF.d.B3BA915ADDAB9168F1D1967023E86281.e.3094","ELEMENT":"f.9FA5373B3500B72DA4049E533E67ABAF.d.B3BA915ADDAB9168F1D1967023E86281.e.3094"},{"block":"start","inline":"nearest"}]}
COMMAND: GET /session/eb79c257209da8ba08c59be1d775ff21/screenshot - {}
RESULT: {}
COMMAND: POST /session/eb79c257209da8ba08c59be1d775ff21/element - {"using":"xpath","value":"//span[@id=\"application-manageresources-display-component---newResourceUnit--btnAddTimeSegment-img\"]"}
RESULT: {"using":"xpath","value":"//span[@id=\"application-manageresources-display-component---newResourceUnit--btnAddTimeSegment-img\"]"}
COMMAND: POST /session/eb79c257209da8ba08c59be1d775ff21/execute/sync - {"script":"<script> [8489 bytes]","args":[{"element-6066-11e4-a52e-4f735466cecf":"f.9FA5373B3500B72DA4049E533E67ABAF.d.B3BA915ADDAB9168F1D1967023E86281.e.3097","ELEMENT":"f.9FA5373B3500B72DA4049E533E67ABAF.d.B3BA915ADDAB9168F1D1967023E86281.e.3097"}]}
RESULT: {"script":"<script> [8489 bytes]","args":[{"element-6066-11e4-a52e-4f735466cecf":"f.9FA5373B3500B72DA4049E533E67ABAF.d.B3BA915ADDAB9168F1D1967023E86281.e.3097","ELEMENT":"f.9FA5373B3500B72DA4049E533E67ABAF.d.B3BA915ADDAB9168F1D1967023E86281.e.3097"}]}
COMMAND: POST /session/eb79c257209da8ba08c59be1d775ff21/element/f.9FA5373B3500B72DA4049E533E67ABAF.d.B3BA915ADDAB9168F1D1967023E86281.e.3097/click - {}
COMMAND: GET /session/eb79c257209da8ba08c59be1d775ff21/screenshot - {}
RESULT: {}
COMMAND: GET /session/eb79c257209da8ba08c59be1d775ff21/screenshot - {}
COMMAND: POST /session/eb79c257209da8ba08c59be1d775ff21/element - {"using":"xpath","value":"//input[@id=\"application-manageresources-display-component---newResourceUnit--idRuTSAdmin-application-manageresources-display-component---newResourceUnit--RUTimeSegment-0-inner\"]"}
RESULT: {}
RESULT: {}
RESULT: {"using":"xpath","value":"//input[@id=\"application-manageresources-display-component---newResourceUnit--idRuTSAdmin-application-manageresources-display-component---newResourceUnit--RUTimeSegment-0-inner\"]"}
COMMAND: POST /session/eb79c257209da8ba08c59be1d775ff21/element/f.9FA5373B3500B72DA4049E533E67ABAF.d.B3BA915ADDAB9168F1D1967023E86281.e.3100/clear - {}
RESULT: {}
COMMAND: POST /session/eb79c257209da8ba08c59be1d775ff21/element/f.9FA5373B3500B72DA4049E533E67ABAF.d.B3BA915ADDAB9168F1D1967023E86281.e.3100/value - {"text":"WebdriverYardd0gb7"}
COMMAND: GET /session/eb79c257209da8ba08c59be1d775ff21/screenshot - {}
RESULT: {"text":"WebdriverYardd0gb7"}
COMMAND: GET /session/eb79c257209da8ba08c59be1d775ff21/screenshot - {}
RESULT: {}
RESULT: {}
COMMAND: POST /session/eb79c257209da8ba08c59be1d775ff21/actions - {"actions":[{"id":"action6","type":"key","parameters":{},"actions":[{"type":"keyDown","value":""},{"type":"pause","duration":10},{"type":"keyUp","value":""}]}]}
RESULT: {"actions":[{"id":"action6","type":"key","parameters":{},"actions":[{"type":"keyDown","value":""},{"type":"pause","duration":10},{"type":"keyUp","value":""}]}]}
COMMAND: GET /session/eb79c257209da8ba08c59be1d775ff21/screenshot - {}
RESULT: {}
COMMAND: POST /session/eb79c257209da8ba08c59be1d775ff21/execute/async - {"script":"<script> [1562 bytes]","args":[{"selector":{"controlType":"sap.m.Button","viewName":"reusables.view.manageresources.NewResourceUnit","viewId":"application-manageresources-display-component---newResourceUnit","i18NText":{"propertyName":"tooltip","key":"save"},"interaction":{"idSuffix":"BDI-content"}},"wdio_ui5_key":"reusablesview.manageresources.NewResourceUnitsap.m.Button{\"propertyName\":\"tooltip\",\"key\":\"save\"}"}]}
RESULT: {"script":"<script> [1562 bytes]","args":[{"selector":{"controlType":"sap.m.Button","viewName":"reusables.view.manageresources.NewResourceUnit","viewId":"application-manageresources-display-component---newResourceUnit","i18NText":{"propertyName":"tooltip","key":"save"},"interaction":{"idSuffix":"BDI-content"}},"wdio_ui5_key":"reusablesview.manageresources.NewResourceUnitsap.m.Button{\"propertyName\":\"tooltip\",\"key\":\"save\"}"}]}
RESULT: undefined
COMMAND: POST /session/eb79c257209da8ba08c59be1d775ff21/element - {"using":"xpath","value":"//*[@id=\"application-manageresources-display-component---newResourceUnit--createRuButton\"]"}
RESULT: {"using":"xpath","value":"//*[@id=\"application-manageresources-display-component---newResourceUnit--createRuButton\"]"}
COMMAND: POST /session/eb79c257209da8ba08c59be1d775ff21/element/f.9FA5373B3500B72DA4049E533E67ABAF.d.B3BA915ADDAB9168F1D1967023E86281.e.2962/click - {}
RESULT: {}
COMMAND: GET /session/eb79c257209da8ba08c59be1d775ff21/screenshot - {}
RESULT: {}
COMMAND: POST /session/eb79c257209da8ba08c59be1d775ff21/execute/async - {"script":"<script> [1562 bytes]","args":[{"selector":{"controlType":"sap.m.Title","properties":{"text":"Success"},"searchOpenDialogs":true},"wdio_ui5_key":"sapm.Title{\"text\":\"Success\"}"}]}
RESULT: {"script":"<script> [1562 bytes]","args":[{"selector":{"controlType":"sap.m.Title","properties":{"text":"Success"},"searchOpenDialogs":true},"wdio_ui5_key":"sapm.Title{\"text\":\"Success\"}"}]}
RESULT: undefined
COMMAND: POST /session/eb79c257209da8ba08c59be1d775ff21/execute/async - {"script":"<script> [6424 bytes]","args":[{"element-6066-11e4-a52e-4f735466cecf":"f.9FA5373B3500B72DA4049E533E67ABAF.d.B3BA915ADDAB9168F1D1967023E86281.e.3115"},"getText",[]]}
RESULT: {"script":"<script> [6424 bytes]","args":[{"element-6066-11e4-a52e-4f735466cecf":"f.9FA5373B3500B72DA4049E533E67ABAF.d.B3BA915ADDAB9168F1D1967023E86281.e.3115"},"getText",[]]}
COMMAND: POST /session/eb79c257209da8ba08c59be1d775ff21/element - {"using":"xpath","value":"//*[contains(@id, '__text') and (contains(text(), 'successfully created') or contains(., 'successfully created'))]"}
RESULT: {"using":"xpath","value":"//*[contains(@id, '__text') and (contains(text(), 'successfully created') or contains(., 'successfully created'))]"}
COMMAND: GET /session/eb79c257209da8ba08c59be1d775ff21/element/f.9FA5373B3500B72DA4049E533E67ABAF.d.B3BA915ADDAB9168F1D1967023E86281.e.3114/text - {}
RESULT: {}
COMMAND: POST /session/eb79c257209da8ba08c59be1d775ff21/execute/async - {"script":"<script> [1562 bytes]","args":[{"selector":{"controlType":"sap.m.Button","properties":{"text":"Close"},"searchOpenDialogs":true,"interaction":{"idSuffix":"BDI-content"}},"wdio_ui5_key":"sapm.Button{\"text\":\"Close\"}"}]}
RESULT: {"script":"<script> [1562 bytes]","args":[{"selector":{"controlType":"sap.m.Button","properties":{"text":"Close"},"searchOpenDialogs":true,"interaction":{"idSuffix":"BDI-content"}},"wdio_ui5_key":"sapm.Button{\"text\":\"Close\"}"}]}
RESULT: undefined
COMMAND: POST /session/eb79c257209da8ba08c59be1d775ff21/element - {"using":"xpath","value":"//*[@id=\"__mbox-btn-0\"]"}
RESULT: {"using":"xpath","value":"//*[@id=\"__mbox-btn-0\"]"}
COMMAND: POST /session/eb79c257209da8ba08c59be1d775ff21/element/f.9FA5373B3500B72DA4049E533E67ABAF.d.B3BA915ADDAB9168F1D1967023E86281.e.3112/click - {}
RESULT: {}
COMMAND: GET /session/eb79c257209da8ba08c59be1d775ff21/screenshot - {}
RESULT: {}
COMMAND: POST /session/eb79c257209da8ba08c59be1d775ff21/execute/async - {"script":"<script> [1562 bytes]","args":[{"selector":{"controlType":"sap.ui.core.Icon","viewName":"etm.portal.ui.manageresources.view.Detail","viewId":"application-manageresources-display-component---detailRU","properties":{"src":{"regex":{"source":"overflow"}}}},"wdio_ui5_key":"etmportal.ui.manageresources.view.Detailsap.ui.core.Icon{\"src\":{\"regex\":{\"source\":\"overflow\"}}}"}]}
RESULT: {"script":"<script> [1562 bytes]","args":[{"selector":{"controlType":"sap.ui.core.Icon","viewName":"etm.portal.ui.manageresources.view.Detail","viewId":"application-manageresources-display-component---detailRU","properties":{"src":{"regex":{"source":"overflow"}}}},"wdio_ui5_key":"etmportal.ui.manageresources.view.Detailsap.ui.core.Icon{\"src\":{\"regex\":{\"source\":\"overflow\"}}}"}]}
RESULT: undefined
COMMAND: POST /session/eb79c257209da8ba08c59be1d775ff21/element - {"using":"xpath","value":"//*[@id=\"__title36-_actionsToolbar-overflowButton-img\"]"}
RESULT: {"using":"xpath","value":"//*[@id=\"__title36-_actionsToolbar-overflowButton-img\"]"}
COMMAND: POST /session/eb79c257209da8ba08c59be1d775ff21/element/f.9FA5373B3500B72DA4049E533E67ABAF.d.B3BA915ADDAB9168F1D1967023E86281.e.3152/click - {}
RESULT: {}
COMMAND: POST /session/eb79c257209da8ba08c59be1d775ff21/execute/async - {"script":"<script> [1562 bytes]","args":[{"selector":{"controlType":"sap.m.Button","viewName":"etm.portal.ui.manageresources.view.Detail","viewId":"application-manageresources-display-component---detailRU","i18NText":{"propertyName":"tooltip","key":"closeColumn"},"searchOpenDialogs":true,"interaction":{"idSuffix":"inner"}},"wdio_ui5_key":"etmportal.ui.manageresources.view.Detailsap.m.Button{\"propertyName\":\"tooltip\",\"key\":\"closeColumn\"}"}]}
COMMAND: GET /session/eb79c257209da8ba08c59be1d775ff21/screenshot - {}
RESULT: {"script":"<script> [1562 bytes]","args":[{"selector":{"controlType":"sap.m.Button","viewName":"etm.portal.ui.manageresources.view.Detail","viewId":"application-manageresources-display-component---detailRU","i18NText":{"propertyName":"tooltip","key":"closeColumn"},"searchOpenDialogs":true,"interaction":{"idSuffix":"inner"}},"wdio_ui5_key":"etmportal.ui.manageresources.view.Detailsap.m.Button{\"propertyName\":\"tooltip\",\"key\":\"closeColumn\"}"}]}
RESULT: undefined
COMMAND: POST /session/eb79c257209da8ba08c59be1d775ff21/element - {"using":"xpath","value":"//*[@id=\"__button151\"]"}
RESULT: {}
RESULT: {"using":"xpath","value":"//*[@id=\"__button151\"]"}
COMMAND: POST /session/eb79c257209da8ba08c59be1d775ff21/element/f.9FA5373B3500B72DA4049E533E67ABAF.d.B3BA915ADDAB9168F1D1967023E86281.e.3154/click - {}
RESULT: {}
COMMAND: GET /session/eb79c257209da8ba08c59be1d775ff21/screenshot - {}
RESULT: {}
COMMAND: POST /session/eb79c257209da8ba08c59be1d775ff21/refresh - {}
RESULT: {}
COMMAND: GET /session/eb79c257209da8ba08c59be1d775ff21/screenshot - {}
RESULT: {}
COMMAND: POST /session/eb79c257209da8ba08c59be1d775ff21/execute/async - {"script":"<script> [189 bytes]","args":[]}
RESULT: {"script":"<script> [189 bytes]","args":[]}
COMMAND: POST /session/eb79c257209da8ba08c59be1d775ff21/execute/async - {"script":"<script> [123 bytes]","args":[]}
RESULT: {"script":"<script> [123 bytes]","args":[]}
COMMAND: POST /session/eb79c257209da8ba08c59be1d775ff21/timeouts - {"script":"<number>"}
RESULT: {"script":"<number>"}
COMMAND: GET /session/eb79c257209da8ba08c59be1d775ff21/timeouts - {}
RESULT: {}
RESULT: undefined
COMMAND: POST /session/eb79c257209da8ba08c59be1d775ff21/execute/async - {"script":"<script> [2676 bytes]","args":[]}
RESULT: {"script":"<script> [2676 bytes]","args":[]}
COMMAND: POST /session/eb79c257209da8ba08c59be1d775ff21/execute/async - {"script":"<script> [2342 bytes]","args":[{"protocol":"http","hostname":"0.0.0.0","path":"/","capabilities":{"browserName":"chrome","goog:chromeOptions":{"binary":"C:\\Program Files\\Google\\Chrome\\Application\\chrome.exe","args":["--start-maximized"]}},"logLevel":"warn","connectionRetryTimeout":120000,"connectionRetryCount":3,"logLevels":{},"enableDirectConnect":true,"strictSSL":true,"_":"65 more keys: [\"cacheDir\",\"port\",\"requestedCapabilities\",\"automationProtocol\",\"baseUrl\",\"waitforInterval\",\"waitforTimeout\",\"onReload\",\"beforeCommand\",\"afterCommand\",\"rootDir\",\"specs\",\"suites\",\"exclude\",\"groupLogsByTestSpec\",\"excludeDriverLogs\",\"bail\",\"framework\",\"reporters\",\"services\",\"maxInstances\",\"maxInstancesPerCapability\",\"injectGlobals\",\"filesToWatch\",\"execArgv\",\"runnerEnv\",\"runner\",\"shard\",\"specFileRetries\",\"specFileRetriesDelay\",\"specFileRetriesDeferred\",\"reporterSyncInterval\",\"reporterSyncTimeout\",\"cucumberFeaturesWithLineNumbers\",\"autoCompileOpts\",\"mochaOpts\",\"jasmineOpts\",\"cucumberOpts\",\"onPrepare\",\"onWorkerStart\",\"onWorkerEnd\",\"before\",\"beforeSession\",\"beforeSuite\",\"beforeHook\",\"beforeTest\",\"afterTest\",\"afterHook\",\"afterSuite\",\"afterSession\",\"after\",\"onComplete\",\"beforeAssertion\",\"afterAssertion\",\"beforeFeature\",\"beforeScenario\",\"beforeStep\",\"afterStep\",\"afterScenario\",\"afterFeature\",\"_\",\"suite\",\"$0\",\"ignoredWorkerServices\",\"wdi5\"]"}]}
RESULT: {"script":"<script> [2342 bytes]","args":[{"protocol":"http","hostname":"0.0.0.0","path":"/","capabilities":{"browserName":"chrome","goog:chromeOptions":{"binary":"C:\\Program Files\\Google\\Chrome\\Application\\chrome.exe","args":["--start-maximized"]}},"logLevel":"warn","connectionRetryTimeout":120000,"connectionRetryCount":3,"logLevels":{},"enableDirectConnect":true,"strictSSL":true,"_":"65 more keys: [\"cacheDir\",\"port\",\"requestedCapabilities\",\"automationProtocol\",\"baseUrl\",\"waitforInterval\",\"waitforTimeout\",\"onReload\",\"beforeCommand\",\"afterCommand\",\"rootDir\",\"specs\",\"suites\",\"exclude\",\"groupLogsByTestSpec\",\"excludeDriverLogs\",\"bail\",\"framework\",\"reporters\",\"services\",\"maxInstances\",\"maxInstancesPerCapability\",\"injectGlobals\",\"filesToWatch\",\"execArgv\",\"runnerEnv\",\"runner\",\"shard\",\"specFileRetries\",\"specFileRetriesDelay\",\"specFileRetriesDeferred\",\"reporterSyncInterval\",\"reporterSyncTimeout\",\"cucumberFeaturesWithLineNumbers\",\"autoCompileOpts\",\"mochaOpts\",\"jasmineOpts\",\"cucumberOpts\",\"onPrepare\",\"onWorkerStart\",\"onWorkerEnd\",\"before\",\"beforeSession\",\"beforeSuite\",\"beforeHook\",\"beforeTest\",\"afterTest\",\"afterHook\",\"afterSuite\",\"afterSession\",\"after\",\"onComplete\",\"beforeAssertion\",\"afterAssertion\",\"beforeFeature\",\"beforeScenario\",\"beforeStep\",\"afterStep\",\"afterScenario\",\"afterFeature\",\"_\",\"suite\",\"$0\",\"ignoredWorkerServices\",\"wdi5\"]"}]}
COMMAND: POST /session/eb79c257209da8ba08c59be1d775ff21/execute/async - {"script":"<script> [21126 bytes]","args":[35000]}
RESULT: {"script":"<script> [21126 bytes]","args":[35000]}
COMMAND: POST /session/eb79c257209da8ba08c59be1d775ff21/element - {"using":"css selector","value":"#shell-header-logo"}
RESULT: {"using":"css selector","value":"#shell-header-logo"}
COMMAND: POST /session/eb79c257209da8ba08c59be1d775ff21/element/f.9FA5373B3500B72DA4049E533E67ABAF.d.7E04D921D2172679577EABAC7D277B97.e.3256/click - {}
RESULT: {}
COMMAND: GET /session/eb79c257209da8ba08c59be1d775ff21/screenshot - {}
COMMAND: POST /session/eb79c257209da8ba08c59be1d775ff21/execute/async - {"script":"<script> [1562 bytes]","args":[{"selector":{"controlType":"sap.m.GenericTile","properties":{"header":"Manage Resources"}},"wdio_ui5_key":"sapm.GenericTile{\"header\":\"Manage Resources\"}"}]}
RESULT: {}
RESULT: {"script":"<script> [1562 bytes]","args":[{"selector":{"controlType":"sap.m.GenericTile","properties":{"header":"Manage Resources"}},"wdio_ui5_key":"sapm.GenericTile{\"header\":\"Manage Resources\"}"}]}
RESULT: undefined
COMMAND: POST /session/eb79c257209da8ba08c59be1d775ff21/element - {"using":"xpath","value":"//*[@id=\"__tile39\"]"}
RESULT: {"using":"xpath","value":"//*[@id=\"__tile39\"]"}
COMMAND: POST /session/eb79c257209da8ba08c59be1d775ff21/element/f.9FA5373B3500B72DA4049E533E67ABAF.d.7E04D921D2172679577EABAC7D277B97.e.3445/click - {}
RESULT: {}
COMMAND: GET /session/eb79c257209da8ba08c59be1d775ff21/screenshot - {}
RESULT: {}
COMMAND: POST /session/eb79c257209da8ba08c59be1d775ff21/elements - {"using":"xpath","value":"//span[text()='Error']"}
RESULT: {"using":"xpath","value":"//span[text()='Error']"}
COMMAND: POST /session/eb79c257209da8ba08c59be1d775ff21/element - {"using":"xpath","value":"//button[@data-kt=\"addNewRUOverflowToolbarButton\"]"}
RESULT: {"using":"xpath","value":"//button[@data-kt=\"addNewRUOverflowToolbarButton\"]"}
COMMAND: POST /session/eb79c257209da8ba08c59be1d775ff21/execute/sync - {"script":"<script> [8489 bytes]","args":[{"element-6066-11e4-a52e-4f735466cecf":"f.9FA5373B3500B72DA4049E533E67ABAF.d.7E04D921D2172679577EABAC7D277B97.e.3590","ELEMENT":"f.9FA5373B3500B72DA4049E533E67ABAF.d.7E04D921D2172679577EABAC7D277B97.e.3590"}]}
RESULT: {"script":"<script> [8489 bytes]","args":[{"element-6066-11e4-a52e-4f735466cecf":"f.9FA5373B3500B72DA4049E533E67ABAF.d.7E04D921D2172679577EABAC7D277B97.e.3590","ELEMENT":"f.9FA5373B3500B72DA4049E533E67ABAF.d.7E04D921D2172679577EABAC7D277B97.e.3590"}]}
COMMAND: POST /session/eb79c257209da8ba08c59be1d775ff21/element/f.9FA5373B3500B72DA4049E533E67ABAF.d.7E04D921D2172679577EABAC7D277B97.e.3590/click - {}
COMMAND: GET /session/eb79c257209da8ba08c59be1d775ff21/screenshot - {}
RESULT: {}
COMMAND: GET /session/eb79c257209da8ba08c59be1d775ff21/screenshot - {}
COMMAND: POST /session/eb79c257209da8ba08c59be1d775ff21/execute/async - {"script":"<script> [1562 bytes]","args":[{"selector":{"id":"application-manageresources-display-component---newResourceUnit--TYPE-arrow"},"wdio_ui5_key":"applicationmanageresources-display-component---newResourceUnit--TYPE-arrow"}]}
RESULT: {}
RESULT: {}
RESULT: {"script":"<script> [1562 bytes]","args":[{"selector":{"id":"application-manageresources-display-component---newResourceUnit--TYPE-arrow"},"wdio_ui5_key":"applicationmanageresources-display-component---newResourceUnit--TYPE-arrow"}]}
RESULT: undefined
COMMAND: POST /session/eb79c257209da8ba08c59be1d775ff21/element - {"using":"xpath","value":"//*[@id=\"application-manageresources-display-component---newResourceUnit--TYPE-arrow\"]"}
RESULT: {"using":"xpath","value":"//*[@id=\"application-manageresources-display-component---newResourceUnit--TYPE-arrow\"]"}
COMMAND: POST /session/eb79c257209da8ba08c59be1d775ff21/element/f.9FA5373B3500B72DA4049E533E67ABAF.d.7E04D921D2172679577EABAC7D277B97.e.3803/click - {}
RESULT: {}
COMMAND: POST /session/eb79c257209da8ba08c59be1d775ff21/execute/async - {"script":"<script> [1562 bytes]","args":[{"selector":{"controlType":"sap.m.StandardListItem","viewName":"reusables.view.manageresources.NewResourceUnit","viewId":"application-manageresources-display-component---newResourceUnit","properties":{"title":"Equipment"},"searchOpenDialogs":true,"interaction":{"idSuffix":"content"}},"wdio_ui5_key":"reusablesview.manageresources.NewResourceUnitsap.m.StandardListItem{\"title\":\"Equipment\"}"}]}
COMMAND: GET /session/eb79c257209da8ba08c59be1d775ff21/screenshot - {}
RESULT: {"script":"<script> [1562 bytes]","args":[{"selector":{"controlType":"sap.m.StandardListItem","viewName":"reusables.view.manageresources.NewResourceUnit","viewId":"application-manageresources-display-component---newResourceUnit","properties":{"title":"Equipment"},"searchOpenDialogs":true,"interaction":{"idSuffix":"content"}},"wdio_ui5_key":"reusablesview.manageresources.NewResourceUnitsap.m.StandardListItem{\"title\":\"Equipment\"}"}]}
RESULT: undefined
COMMAND: POST /session/eb79c257209da8ba08c59be1d775ff21/element - {"using":"xpath","value":"//*[@id=\"__item185\"]"}
RESULT: {}
RESULT: {"using":"xpath","value":"//*[@id=\"__item185\"]"}
COMMAND: POST /session/eb79c257209da8ba08c59be1d775ff21/element/f.9FA5373B3500B72DA4049E533E67ABAF.d.7E04D921D2172679577EABAC7D277B97.e.3806/click - {}
RESULT: {}
COMMAND: POST /session/eb79c257209da8ba08c59be1d775ff21/execute/async - {"script":"<script> [1562 bytes]","args":[{"selector":{"id":"application-manageresources-display-component---newResourceUnit--resourceId","interaction":{"idSuffix":"inner"}},"wdio_ui5_key":"applicationmanageresources-display-component---newResourceUnit--resourceId"}]}
COMMAND: GET /session/eb79c257209da8ba08c59be1d775ff21/screenshot - {}
RESULT: {"script":"<script> [1562 bytes]","args":[{"selector":{"id":"application-manageresources-display-component---newResourceUnit--resourceId","interaction":{"idSuffix":"inner"}},"wdio_ui5_key":"applicationmanageresources-display-component---newResourceUnit--resourceId"}]}
RESULT: undefined
COMMAND: POST /session/eb79c257209da8ba08c59be1d775ff21/execute/async - {"script":"<script> [776 bytes]","args":[{"enterText":"WdIOR2cEquipfrqfxk","selector":{"id":"application-manageresources-display-component---newResourceUnit--resourceId","interaction":{"idSuffix":"inner"}},"clearTextFirst":true,"interactionType":"ENTER_TEXT"}]}
RESULT: {}
RESULT: {"script":"<script> [776 bytes]","args":[{"enterText":"WdIOR2cEquipfrqfxk","selector":{"id":"application-manageresources-display-component---newResourceUnit--resourceId","interaction":{"idSuffix":"inner"}},"clearTextFirst":true,"interactionType":"ENTER_TEXT"}]}
COMMAND: POST /session/eb79c257209da8ba08c59be1d775ff21/execute/async - {"script":"<script> [1562 bytes]","args":[{"selector":{"id":"application-manageresources-display-component---newResourceUnit--SHORT_TEXT","interaction":{"idSuffix":"inner"}},"wdio_ui5_key":"applicationmanageresources-display-component---newResourceUnit--SHORT_TEXT"}]}
RESULT: {"script":"<script> [1562 bytes]","args":[{"selector":{"id":"application-manageresources-display-component---newResourceUnit--SHORT_TEXT","interaction":{"idSuffix":"inner"}},"wdio_ui5_key":"applicationmanageresources-display-component---newResourceUnit--SHORT_TEXT"}]}
RESULT: undefined
COMMAND: POST /session/eb79c257209da8ba08c59be1d775ff21/execute/async - {"script":"<script> [776 bytes]","args":[{"enterText":"WdIOR2cEquipfrqfxk","selector":{"id":"application-manageresources-display-component---newResourceUnit--SHORT_TEXT","interaction":{"idSuffix":"inner"}},"clearTextFirst":true,"interactionType":"ENTER_TEXT"}]}
RESULT: {"script":"<script> [776 bytes]","args":[{"enterText":"WdIOR2cEquipfrqfxk","selector":{"id":"application-manageresources-display-component---newResourceUnit--SHORT_TEXT","interaction":{"idSuffix":"inner"}},"clearTextFirst":true,"interactionType":"ENTER_TEXT"}]}
COMMAND: POST /session/eb79c257209da8ba08c59be1d775ff21/execute/async - {"script":"<script> [1562 bytes]","args":[{"selector":{"id":"application-manageresources-display-component---newResourceUnit--BASE_UNIT_OF_MEASURE","interaction":{"idSuffix":"inner"}},"wdio_ui5_key":"applicationmanageresources-display-component---newResourceUnit--BASE_UNIT_OF_MEASURE"}]}
RESULT: {"script":"<script> [1562 bytes]","args":[{"selector":{"id":"application-manageresources-display-component---newResourceUnit--BASE_UNIT_OF_MEASURE","interaction":{"idSuffix":"inner"}},"wdio_ui5_key":"applicationmanageresources-display-component---newResourceUnit--BASE_UNIT_OF_MEASURE"}]}
RESULT: undefined
COMMAND: POST /session/eb79c257209da8ba08c59be1d775ff21/execute/async - {"script":"<script> [776 bytes]","args":[{"enterText":"Piece","selector":{"id":"application-manageresources-display-component---newResourceUnit--BASE_UNIT_OF_MEASURE","interaction":{"idSuffix":"inner"}},"clearTextFirst":true,"interactionType":"ENTER_TEXT"}]}
RESULT: {"script":"<script> [776 bytes]","args":[{"enterText":"Piece","selector":{"id":"application-manageresources-display-component---newResourceUnit--BASE_UNIT_OF_MEASURE","interaction":{"idSuffix":"inner"}},"clearTextFirst":true,"interactionType":"ENTER_TEXT"}]}
COMMAND: POST /session/eb79c257209da8ba08c59be1d775ff21/execute/async - {"script":"<script> [1562 bytes]","args":[{"selector":{"id":"application-manageresources-display-component---newResourceUnit--WEIGHT_UNIT","interaction":{"idSuffix":"inner"}},"wdio_ui5_key":"applicationmanageresources-display-component---newResourceUnit--WEIGHT_UNIT"}]}
RESULT: {"script":"<script> [1562 bytes]","args":[{"selector":{"id":"application-manageresources-display-component---newResourceUnit--WEIGHT_UNIT","interaction":{"idSuffix":"inner"}},"wdio_ui5_key":"applicationmanageresources-display-component---newResourceUnit--WEIGHT_UNIT"}]}
RESULT: undefined
COMMAND: POST /session/eb79c257209da8ba08c59be1d775ff21/execute/async - {"script":"<script> [776 bytes]","args":[{"enterText":"Gram","selector":{"id":"application-manageresources-display-component---newResourceUnit--WEIGHT_UNIT","interaction":{"idSuffix":"inner"}},"clearTextFirst":true,"interactionType":"ENTER_TEXT"}]}
RESULT: {"script":"<script> [776 bytes]","args":[{"enterText":"Gram","selector":{"id":"application-manageresources-display-component---newResourceUnit--WEIGHT_UNIT","interaction":{"idSuffix":"inner"}},"clearTextFirst":true,"interactionType":"ENTER_TEXT"}]}
COMMAND: POST /session/eb79c257209da8ba08c59be1d775ff21/execute/async - {"script":"<script> [1562 bytes]","args":[{"selector":{"id":"application-manageresources-display-component---newResourceUnit--newRRUPage-OPHeaderContent-collapseBtn-img"},"wdio_ui5_key":"applicationmanageresources-display-component---newResourceUnit--newRRUPage-OPHeaderContent-collapseBtn-img"}]}
RESULT: {"script":"<script> [1562 bytes]","args":[{"selector":{"id":"application-manageresources-display-component---newResourceUnit--newRRUPage-OPHeaderContent-collapseBtn-img"},"wdio_ui5_key":"applicationmanageresources-display-component---newResourceUnit--newRRUPage-OPHeaderContent-collapseBtn-img"}]}
RESULT: undefined
COMMAND: POST /session/eb79c257209da8ba08c59be1d775ff21/element - {"using":"xpath","value":"//*[@id=\"application-manageresources-display-component---newResourceUnit--newRRUPage-OPHeaderContent-collapseBtn-img\"]"}
RESULT: {"using":"xpath","value":"//*[@id=\"application-manageresources-display-component---newResourceUnit--newRRUPage-OPHeaderContent-collapseBtn-img\"]"}
COMMAND: POST /session/eb79c257209da8ba08c59be1d775ff21/element/f.9FA5373B3500B72DA4049E533E67ABAF.d.7E04D921D2172679577EABAC7D277B97.e.3814/click - {}
RESULT: {}
COMMAND: GET /session/eb79c257209da8ba08c59be1d775ff21/screenshot - {}
RESULT: {}
COMMAND: POST /session/eb79c257209da8ba08c59be1d775ff21/element - {"using":"xpath","value":"(//span[contains(@id ,\"application-manageresources-display-component---newResourceUnit--DIMENSION_UNIT-arrow\")])[1]"}
RESULT: {"using":"xpath","value":"(//span[contains(@id ,\"application-manageresources-display-component---newResourceUnit--DIMENSION_UNIT-arrow\")])[1]"}
COMMAND: POST /session/eb79c257209da8ba08c59be1d775ff21/element/f.9FA5373B3500B72DA4049E533E67ABAF.d.7E04D921D2172679577EABAC7D277B97.e.3962/click - {}
RESULT: {}
COMMAND: GET /session/eb79c257209da8ba08c59be1d775ff21/screenshot - {}
RESULT: {}
COMMAND: POST /session/eb79c257209da8ba08c59be1d775ff21/execute/async - {"script":"<script> [1562 bytes]","args":[{"selector":{"controlType":"sap.m.StandardListItem","viewName":"reusables.view.manageresources.NewResourceUnit","viewId":"application-manageresources-display-component---newResourceUnit","properties":{"title":"Centimeter"},"searchOpenDialogs":true,"interaction":{"idSuffix":"titleText"}},"wdio_ui5_key":"reusablesview.manageresources.NewResourceUnitsap.m.StandardListItem{\"title\":\"Centimeter\"}"}]}
RESULT: {"script":"<script> [1562 bytes]","args":[{"selector":{"controlType":"sap.m.StandardListItem","viewName":"reusables.view.manageresources.NewResourceUnit","viewId":"application-manageresources-display-component---newResourceUnit","properties":{"title":"Centimeter"},"searchOpenDialogs":true,"interaction":{"idSuffix":"titleText"}},"wdio_ui5_key":"reusablesview.manageresources.NewResourceUnitsap.m.StandardListItem{\"title\":\"Centimeter\"}"}]}
RESULT: undefined
COMMAND: POST /session/eb79c257209da8ba08c59be1d775ff21/element - {"using":"xpath","value":"//*[@id=\"__item245\"]"}
RESULT: {"using":"xpath","value":"//*[@id=\"__item245\"]"}
COMMAND: POST /session/eb79c257209da8ba08c59be1d775ff21/element/f.9FA5373B3500B72DA4049E533E67ABAF.d.7E04D921D2172679577EABAC7D277B97.e.3966/click - {}
RESULT: {}
COMMAND: GET /session/eb79c257209da8ba08c59be1d775ff21/screenshot - {}
RESULT: {}
COMMAND: POST /session/eb79c257209da8ba08c59be1d775ff21/execute/async - {"script":"<script> [1562 bytes]","args":[{"selector":{"id":"application-manageresources-display-component---newResourceUnit--newRRUPage-anchBar-application-manageresources-display-component---newResourceUnit--control-anchor","interaction":{"idSuffix":"BDI-content"}},"wdio_ui5_key":"applicationmanageresources-display-component---newResourceUnit--newRRUPage-anchBar-application-manageresources-display-component---newResourceUnit--control-anchor"}]}
RESULT: {"script":"<script> [1562 bytes]","args":[{"selector":{"id":"application-manageresources-display-component---newResourceUnit--newRRUPage-anchBar-application-manageresources-display-component---newResourceUnit--control-anchor","interaction":{"idSuffix":"BDI-content"}},"wdio_ui5_key":"applicationmanageresources-display-component---newResourceUnit--newRRUPage-anchBar-application-manageresources-display-component---newResourceUnit--control-anchor"}]}
RESULT: undefined
COMMAND: POST /session/eb79c257209da8ba08c59be1d775ff21/element - {"using":"xpath","value":"//*[@id=\"application-manageresources-display-component---newResourceUnit--newRRUPage-anchBar-application-manageresources-display-component---newResourceUnit--control-anchor\"]"}
RESULT: {"using":"xpath","value":"//*[@id=\"application-manageresources-display-component---newResourceUnit--newRRUPage-anchBar-application-manageresources-display-component---newResourceUnit--control-anchor\"]"}
COMMAND: POST /session/eb79c257209da8ba08c59be1d775ff21/element/f.9FA5373B3500B72DA4049E533E67ABAF.d.7E04D921D2172679577EABAC7D277B97.e.3968/click - {}
RESULT: {}
COMMAND: POST /session/eb79c257209da8ba08c59be1d775ff21/execute/async - {"script":"<script> [1562 bytes]","args":[{"selector":{"id":"application-manageresources-display-component---newResourceUnit--PLANNING_GROUP","interaction":{"idSuffix":"inner"}},"wdio_ui5_key":"applicationmanageresources-display-component---newResourceUnit--PLANNING_GROUP"}]}
COMMAND: GET /session/eb79c257209da8ba08c59be1d775ff21/screenshot - {}
RESULT: {"script":"<script> [1562 bytes]","args":[{"selector":{"id":"application-manageresources-display-component---newResourceUnit--PLANNING_GROUP","interaction":{"idSuffix":"inner"}},"wdio_ui5_key":"applicationmanageresources-display-component---newResourceUnit--PLANNING_GROUP"}]}
RESULT: undefined
COMMAND: POST /session/eb79c257209da8ba08c59be1d775ff21/execute/async - {"script":"<script> [776 bytes]","args":[{"enterText":"Heavy Equi","selector":{"id":"application-manageresources-display-component---newResourceUnit--PLANNING_GROUP","interaction":{"idSuffix":"inner"}},"clearTextFirst":true,"interactionType":"ENTER_TEXT"}]}
RESULT: {}
RESULT: {"script":"<script> [776 bytes]","args":[{"enterText":"Heavy Equi","selector":{"id":"application-manageresources-display-component---newResourceUnit--PLANNING_GROUP","interaction":{"idSuffix":"inner"}},"clearTextFirst":true,"interactionType":"ENTER_TEXT"}]}
COMMAND: POST /session/eb79c257209da8ba08c59be1d775ff21/execute/async - {"script":"<script> [1562 bytes]","args":[{"selector":{"id":"application-manageresources-display-component---newResourceUnit--ITEM_TYPE-arrow"},"wdio_ui5_key":"applicationmanageresources-display-component---newResourceUnit--ITEM_TYPE-arrow"}]}
RESULT: {"script":"<script> [1562 bytes]","args":[{"selector":{"id":"application-manageresources-display-component---newResourceUnit--ITEM_TYPE-arrow"},"wdio_ui5_key":"applicationmanageresources-display-component---newResourceUnit--ITEM_TYPE-arrow"}]}
RESULT: undefined
COMMAND: POST /session/eb79c257209da8ba08c59be1d775ff21/element - {"using":"xpath","value":"//*[@id=\"application-manageresources-display-component---newResourceUnit--ITEM_TYPE-arrow\"]"}
RESULT: {"using":"xpath","value":"//*[@id=\"application-manageresources-display-component---newResourceUnit--ITEM_TYPE-arrow\"]"}
COMMAND: POST /session/eb79c257209da8ba08c59be1d775ff21/element/f.9FA5373B3500B72DA4049E533E67ABAF.d.7E04D921D2172679577EABAC7D277B97.e.3974/click - {}
RESULT: {}
COMMAND: POST /session/eb79c257209da8ba08c59be1d775ff21/execute/async - {"script":"<script> [1562 bytes]","args":[{"selector":{"controlType":"sap.m.StandardListItem","viewName":"reusables.view.manageresources.NewResourceUnit","viewId":"application-manageresources-display-component---newResourceUnit","properties":{"title":"Resource Unit"},"searchOpenDialogs":true,"interaction":{"idSuffix":"titleText"}},"wdio_ui5_key":"reusablesview.manageresources.NewResourceUnitsap.m.StandardListItem{\"title\":\"Resource Unit\"}"}]}
COMMAND: GET /session/eb79c257209da8ba08c59be1d775ff21/screenshot - {}
RESULT: {"script":"<script> [1562 bytes]","args":[{"selector":{"controlType":"sap.m.StandardListItem","viewName":"reusables.view.manageresources.NewResourceUnit","viewId":"application-manageresources-display-component---newResourceUnit","properties":{"title":"Resource Unit"},"searchOpenDialogs":true,"interaction":{"idSuffix":"titleText"}},"wdio_ui5_key":"reusablesview.manageresources.NewResourceUnitsap.m.StandardListItem{\"title\":\"Resource Unit\"}"}]}
RESULT: undefined
COMMAND: POST /session/eb79c257209da8ba08c59be1d775ff21/element - {"using":"xpath","value":"//*[@id=\"__item267\"]"}
RESULT: {}
RESULT: {"using":"xpath","value":"//*[@id=\"__item267\"]"}
COMMAND: POST /session/eb79c257209da8ba08c59be1d775ff21/element/f.9FA5373B3500B72DA4049E533E67ABAF.d.7E04D921D2172679577EABAC7D277B97.e.3976/click - {}
RESULT: {}
COMMAND: POST /session/eb79c257209da8ba08c59be1d775ff21/element - {"using":"xpath","value":"//bdi[contains(text(), \"Time Segment\")]"}
COMMAND: GET /session/eb79c257209da8ba08c59be1d775ff21/screenshot - {}
RESULT: {"using":"xpath","value":"//bdi[contains(text(), \"Time Segment\")]"}
COMMAND: GET /session/eb79c257209da8ba08c59be1d775ff21/element/f.9FA5373B3500B72DA4049E533E67ABAF.d.7E04D921D2172679577EABAC7D277B97.e.3983/rect - {}
RESULT: {}
RESULT: {}
COMMAND: GET /session/eb79c257209da8ba08c59be1d775ff21/window/rect - {}
RESULT: {}
COMMAND: POST /session/eb79c257209da8ba08c59be1d775ff21/execute/sync - {"script":"<script> [92 bytes]","args":[]}
RESULT: {"script":"<script> [92 bytes]","args":[]}
COMMAND: POST /session/eb79c257209da8ba08c59be1d775ff21/actions - {"actions":[{"id":"action7","type":"wheel","parameters":{},"actions":[{"type":"scroll","x":-1820,"y":-21,"deltaX":0,"deltaY":0,"duration":0,"origin":{"element-6066-11e4-a52e-4f735466cecf":"f.9FA5373B3500B72DA4049E533E67ABAF.d.7E04D921D2172679577EABAC7D277B97.e.3983"}}]}]}
COMMAND: GET /session/eb79c257209da8ba08c59be1d775ff21/screenshot - {}
RESULT: {}
COMMAND: POST /session/eb79c257209da8ba08c59be1d775ff21/execute/sync - {"script":"<script> [79 bytes]","args":[{"element-6066-11e4-a52e-4f735466cecf":"f.9FA5373B3500B72DA4049E533E67ABAF.d.7E04D921D2172679577EABAC7D277B97.e.3983","ELEMENT":"f.9FA5373B3500B72DA4049E533E67ABAF.d.7E04D921D2172679577EABAC7D277B97.e.3983"},{"block":"start","inline":"nearest"}]}
RESULT: {"script":"<script> [79 bytes]","args":[{"element-6066-11e4-a52e-4f735466cecf":"f.9FA5373B3500B72DA4049E533E67ABAF.d.7E04D921D2172679577EABAC7D277B97.e.3983","ELEMENT":"f.9FA5373B3500B72DA4049E533E67ABAF.d.7E04D921D2172679577EABAC7D277B97.e.3983"},{"block":"start","inline":"nearest"}]}
COMMAND: POST /session/eb79c257209da8ba08c59be1d775ff21/execute/async - {"script":"<script> [1562 bytes]","args":[{"selector":{"id":"application-manageresources-display-component---newResourceUnit--btnAddTimeSegment-img"},"wdio_ui5_key":"applicationmanageresources-display-component---newResourceUnit--btnAddTimeSegment-img"}]}
COMMAND: GET /session/eb79c257209da8ba08c59be1d775ff21/screenshot - {}
RESULT: {"script":"<script> [1562 bytes]","args":[{"selector":{"id":"application-manageresources-display-component---newResourceUnit--btnAddTimeSegment-img"},"wdio_ui5_key":"applicationmanageresources-display-component---newResourceUnit--btnAddTimeSegment-img"}]}
RESULT: undefined
COMMAND: POST /session/eb79c257209da8ba08c59be1d775ff21/element - {"using":"xpath","value":"//*[@id=\"application-manageresources-display-component---newResourceUnit--btnAddTimeSegment-img\"]"}
RESULT: {}
RESULT: {"using":"xpath","value":"//*[@id=\"application-manageresources-display-component---newResourceUnit--btnAddTimeSegment-img\"]"}
COMMAND: POST /session/eb79c257209da8ba08c59be1d775ff21/element/f.9FA5373B3500B72DA4049E533E67ABAF.d.7E04D921D2172679577EABAC7D277B97.e.3984/click - {}
RESULT: {}
COMMAND: GET /session/eb79c257209da8ba08c59be1d775ff21/screenshot - {}
RESULT: {}
COMMAND: POST /session/eb79c257209da8ba08c59be1d775ff21/element - {"using":"xpath","value":"//input[@id=\"application-manageresources-display-component---newResourceUnit--idRuTSAdmin-application-manageresources-display-component---newResourceUnit--RUTimeSegment-0-inner\"]"}
RESULT: {"using":"xpath","value":"//input[@id=\"application-manageresources-display-component---newResourceUnit--idRuTSAdmin-application-manageresources-display-component---newResourceUnit--RUTimeSegment-0-inner\"]"}
COMMAND: POST /session/eb79c257209da8ba08c59be1d775ff21/element/f.9FA5373B3500B72DA4049E533E67ABAF.d.7E04D921D2172679577EABAC7D277B97.e.3990/clear - {}
RESULT: {}
COMMAND: POST /session/eb79c257209da8ba08c59be1d775ff21/element/f.9FA5373B3500B72DA4049E533E67ABAF.d.7E04D921D2172679577EABAC7D277B97.e.3990/value - {"text":"WebdriverYardd0gb7"}
COMMAND: GET /session/eb79c257209da8ba08c59be1d775ff21/screenshot - {}
RESULT: {"text":"WebdriverYardd0gb7"}
COMMAND: GET /session/eb79c257209da8ba08c59be1d775ff21/screenshot - {}
RESULT: {}
RESULT: {}
COMMAND: POST /session/eb79c257209da8ba08c59be1d775ff21/actions - {"actions":[{"id":"action8","type":"key","parameters":{},"actions":[{"type":"keyDown","value":""},{"type":"pause","duration":10},{"type":"keyUp","value":""}]}]}
RESULT: {"actions":[{"id":"action8","type":"key","parameters":{},"actions":[{"type":"keyDown","value":""},{"type":"pause","duration":10},{"type":"keyUp","value":""}]}]}
COMMAND: POST /session/eb79c257209da8ba08c59be1d775ff21/execute/async - {"script":"<script> [1562 bytes]","args":[{"selector":{"controlType":"sap.ui.core.Icon","viewName":"reusables.view.manageresources.NewResourceUnit","viewId":"application-manageresources-display-component---newResourceUnit","properties":{"src":{"regex":{"source":"slim\\-arrow\\-down"}}},"ancestor":{"controlType":"sap.m.ComboBox","viewName":"reusables.view.manageresources.NewResourceUnit","viewId":"application-manageresources-display-component---newResourceUnit","bindingPath":{"path":"/RESOURCE_UNIT_TIME_SEQUENCES/0","propertyPath":"COST_OBJECT_ADMIN_CST_TYPE","modelName":"oNewRruModel"}}},"wdio_ui5_key":"reusablesview.manageresources.NewResourceUnitsap.ui.core.Icon{\"src\":{\"regex\":{\"source\":\"slim\\\\-arrow\\\\-down\"}}}{\"controlType\":\"sap.m.ComboBox\",\"viewName\":\"reusables.view.manageresources.NewResourceUnit\",\"viewId\":\"application-manageresources-display-component---newResourceUnit\",\"bindingPath\":{\"path\":\"/RESOURCE_UNIT_TIME_SEQUENCES/0\",\"propertyPath\":\"COST_OBJECT_ADMIN_CST_TYPE\",\"modelName\":\"oNewRruModel\"}}"}]}
COMMAND: GET /session/eb79c257209da8ba08c59be1d775ff21/screenshot - {}
RESULT: {"script":"<script> [1562 bytes]","args":[{"selector":{"controlType":"sap.ui.core.Icon","viewName":"reusables.view.manageresources.NewResourceUnit","viewId":"application-manageresources-display-component---newResourceUnit","properties":{"src":{"regex":{"source":"slim\\-arrow\\-down"}}},"ancestor":{"controlType":"sap.m.ComboBox","viewName":"reusables.view.manageresources.NewResourceUnit","viewId":"application-manageresources-display-component---newResourceUnit","bindingPath":{"path":"/RESOURCE_UNIT_TIME_SEQUENCES/0","propertyPath":"COST_OBJECT_ADMIN_CST_TYPE","modelName":"oNewRruModel"}}},"wdio_ui5_key":"reusablesview.manageresources.NewResourceUnitsap.ui.core.Icon{\"src\":{\"regex\":{\"source\":\"slim\\\\-arrow\\\\-down\"}}}{\"controlType\":\"sap.m.ComboBox\",\"viewName\":\"reusables.view.manageresources.NewResourceUnit\",\"viewId\":\"application-manageresources-display-component---newResourceUnit\",\"bindingPath\":{\"path\":\"/RESOURCE_UNIT_TIME_SEQUENCES/0\",\"propertyPath\":\"COST_OBJECT_ADMIN_CST_TYPE\",\"modelName\":\"oNewRruModel\"}}"}]}
RESULT: undefined
COMMAND: POST /session/eb79c257209da8ba08c59be1d775ff21/element - {"using":"xpath","value":"//*[@id=\"__box7-application-manageresources-display-component---newResourceUnit--RUTimeSegment-0-arrow\"]"}
RESULT: {}
RESULT: {"using":"xpath","value":"//*[@id=\"__box7-application-manageresources-display-component---newResourceUnit--RUTimeSegment-0-arrow\"]"}
COMMAND: POST /session/eb79c257209da8ba08c59be1d775ff21/element/f.9FA5373B3500B72DA4049E533E67ABAF.d.7E04D921D2172679577EABAC7D277B97.e.4002/click - {}
RESULT: {}
COMMAND: POST /session/eb79c257209da8ba08c59be1d775ff21/execute/async - {"script":"<script> [1562 bytes]","args":[{"selector":{"controlType":"sap.m.StandardListItem","viewName":"reusables.view.manageresources.NewResourceUnit","viewId":"application-manageresources-display-component---newResourceUnit","properties":{"title":"PM Order"},"searchOpenDialogs":true,"interaction":{"idSuffix":"titleText"}},"wdio_ui5_key":"reusablesview.manageresources.NewResourceUnitsap.m.StandardListItem{\"title\":\"PM Order\"}"}]}
COMMAND: GET /session/eb79c257209da8ba08c59be1d775ff21/screenshot - {}
RESULT: {"script":"<script> [1562 bytes]","args":[{"selector":{"controlType":"sap.m.StandardListItem","viewName":"reusables.view.manageresources.NewResourceUnit","viewId":"application-manageresources-display-component---newResourceUnit","properties":{"title":"PM Order"},"searchOpenDialogs":true,"interaction":{"idSuffix":"titleText"}},"wdio_ui5_key":"reusablesview.manageresources.NewResourceUnitsap.m.StandardListItem{\"title\":\"PM Order\"}"}]}
RESULT: undefined
COMMAND: POST /session/eb79c257209da8ba08c59be1d775ff21/element - {"using":"xpath","value":"//*[@id=\"__item436\"]"}
RESULT: {}
RESULT: {"using":"xpath","value":"//*[@id=\"__item436\"]"}
COMMAND: POST /session/eb79c257209da8ba08c59be1d775ff21/element/f.9FA5373B3500B72DA4049E533E67ABAF.d.7E04D921D2172679577EABAC7D277B97.e.4006/click - {}
RESULT: {}
COMMAND: GET /session/eb79c257209da8ba08c59be1d775ff21/screenshot - {}
RESULT: {}
COMMAND: POST /session/eb79c257209da8ba08c59be1d775ff21/element - {"using":"xpath","value":"(//input[contains(@id ,\"-application-manageresources-display-component---newResourceUnit--RUTimeSegment-0-inner\")])[8]"}
RESULT: {"using":"xpath","value":"(//input[contains(@id ,\"-application-manageresources-display-component---newResourceUnit--RUTimeSegment-0-inner\")])[8]"}
COMMAND: POST /session/eb79c257209da8ba08c59be1d775ff21/element/f.9FA5373B3500B72DA4049E533E67ABAF.d.7E04D921D2172679577EABAC7D277B97.e.4009/clear - {}
RESULT: {}
COMMAND: POST /session/eb79c257209da8ba08c59be1d775ff21/element/f.9FA5373B3500B72DA4049E533E67ABAF.d.7E04D921D2172679577EABAC7D277B97.e.4009/value - {"text":"4000360"}
COMMAND: GET /session/eb79c257209da8ba08c59be1d775ff21/screenshot - {}
RESULT: {"text":"4000360"}
COMMAND: GET /session/eb79c257209da8ba08c59be1d775ff21/screenshot - {}
RESULT: {}
COMMAND: POST /session/eb79c257209da8ba08c59be1d775ff21/actions - {"actions":[{"id":"action9","type":"key","parameters":{},"actions":[{"type":"keyDown","value":""},{"type":"pause","duration":10},{"type":"keyUp","value":""}]}]}
RESULT: {}
RESULT: {"actions":[{"id":"action9","type":"key","parameters":{},"actions":[{"type":"keyDown","value":""},{"type":"pause","duration":10},{"type":"keyUp","value":""}]}]}
COMMAND: GET /session/eb79c257209da8ba08c59be1d775ff21/screenshot - {}
RESULT: {}
COMMAND: POST /session/eb79c257209da8ba08c59be1d775ff21/element - {"using":"xpath","value":"//input[contains(@id ,\"application-manageresources-display-component---newResourceUnit--newTimeSegmentFromDatePicker-application-manageresources-display-component---newResourceUnit--RUTimeSegment-0-inner\")]"}
RESULT: {"using":"xpath","value":"//input[contains(@id ,\"application-manageresources-display-component---newResourceUnit--newTimeSegmentFromDatePicker-application-manageresources-display-component---newResourceUnit--RUTimeSegment-0-inner\")]"}
COMMAND: POST /session/eb79c257209da8ba08c59be1d775ff21/element/f.9FA5373B3500B72DA4049E533E67ABAF.d.7E04D921D2172679577EABAC7D277B97.e.3997/clear - {}
RESULT: {}
COMMAND: POST /session/eb79c257209da8ba08c59be1d775ff21/element/f.9FA5373B3500B72DA4049E533E67ABAF.d.7E04D921D2172679577EABAC7D277B97.e.3997/clear - {}
COMMAND: GET /session/eb79c257209da8ba08c59be1d775ff21/screenshot - {}
RESULT: {}
COMMAND: POST /session/eb79c257209da8ba08c59be1d775ff21/element/f.9FA5373B3500B72DA4049E533E67ABAF.d.7E04D921D2172679577EABAC7D277B97.e.3997/value - {"text":"06/24/24"}
COMMAND: GET /session/eb79c257209da8ba08c59be1d775ff21/screenshot - {}
RESULT: {}
RESULT: {"text":"06/24/24"}
COMMAND: POST /session/eb79c257209da8ba08c59be1d775ff21/execute/async - {"script":"<script> [1562 bytes]","args":[{"selector":{"id":"application-manageresources-display-component---newResourceUnit--newRRUPage-anchBar-application-manageresources-display-component---newResourceUnit--resource-anchor","interaction":{"idSuffix":"BDI-content"}},"wdio_ui5_key":"applicationmanageresources-display-component---newResourceUnit--newRRUPage-anchBar-application-manageresources-display-component---newResourceUnit--resource-anchor"}]}
COMMAND: GET /session/eb79c257209da8ba08c59be1d775ff21/screenshot - {}
RESULT: {}
RESULT: {"script":"<script> [1562 bytes]","args":[{"selector":{"id":"application-manageresources-display-component---newResourceUnit--newRRUPage-anchBar-application-manageresources-display-component---newResourceUnit--resource-anchor","interaction":{"idSuffix":"BDI-content"}},"wdio_ui5_key":"applicationmanageresources-display-component---newResourceUnit--newRRUPage-anchBar-application-manageresources-display-component---newResourceUnit--resource-anchor"}]}
RESULT: undefined
COMMAND: POST /session/eb79c257209da8ba08c59be1d775ff21/element - {"using":"xpath","value":"//*[@id=\"application-manageresources-display-component---newResourceUnit--newRRUPage-anchBar-application-manageresources-display-component---newResourceUnit--resource-anchor\"]"}
RESULT: {}
RESULT: {"using":"xpath","value":"//*[@id=\"application-manageresources-display-component---newResourceUnit--newRRUPage-anchBar-application-manageresources-display-component---newResourceUnit--resource-anchor\"]"}
COMMAND: POST /session/eb79c257209da8ba08c59be1d775ff21/element/f.9FA5373B3500B72DA4049E533E67ABAF.d.7E04D921D2172679577EABAC7D277B97.e.4030/click - {}
RESULT: {}
COMMAND: POST /session/eb79c257209da8ba08c59be1d775ff21/execute/async - {"script":"<script> [1562 bytes]","args":[{"selector":{"id":"application-manageresources-display-component---newResourceUnit--PLANNED_DELIVERY_DATE","interaction":{"idSuffix":"inner"}},"wdio_ui5_key":"applicationmanageresources-display-component---newResourceUnit--PLANNED_DELIVERY_DATE"}]}
COMMAND: GET /session/eb79c257209da8ba08c59be1d775ff21/screenshot - {}
RESULT: {"script":"<script> [1562 bytes]","args":[{"selector":{"id":"application-manageresources-display-component---newResourceUnit--PLANNED_DELIVERY_DATE","interaction":{"idSuffix":"inner"}},"wdio_ui5_key":"applicationmanageresources-display-component---newResourceUnit--PLANNED_DELIVERY_DATE"}]}
RESULT: undefined
COMMAND: POST /session/eb79c257209da8ba08c59be1d775ff21/execute/async - {"script":"<script> [6424 bytes]","args":[{"element-6066-11e4-a52e-4f735466cecf":"f.9FA5373B3500B72DA4049E533E67ABAF.d.7E04D921D2172679577EABAC7D277B97.e.3861"},"setValue",["06/24/24"]]}
RESULT: {}
RESULT: {"script":"<script> [6424 bytes]","args":[{"element-6066-11e4-a52e-4f735466cecf":"f.9FA5373B3500B72DA4049E533E67ABAF.d.7E04D921D2172679577EABAC7D277B97.e.3861"},"setValue",["06/24/24"]]}
COMMAND: POST /session/eb79c257209da8ba08c59be1d775ff21/execute/async - {"script":"<script> [1562 bytes]","args":[{"selector":{"id":"application-manageresources-display-component---newResourceUnit--RETIRE_PLANNED_DATE","interaction":{"idSuffix":"inner"}},"wdio_ui5_key":"applicationmanageresources-display-component---newResourceUnit--RETIRE_PLANNED_DATE"}]}
RESULT: {"script":"<script> [1562 bytes]","args":[{"selector":{"id":"application-manageresources-display-component---newResourceUnit--RETIRE_PLANNED_DATE","interaction":{"idSuffix":"inner"}},"wdio_ui5_key":"applicationmanageresources-display-component---newResourceUnit--RETIRE_PLANNED_DATE"}]}
RESULT: undefined
COMMAND: POST /session/eb79c257209da8ba08c59be1d775ff21/execute/async - {"script":"<script> [776 bytes]","args":[{"enterText":"3/14/29","selector":{"id":"application-manageresources-display-component---newResourceUnit--RETIRE_PLANNED_DATE","interaction":{"idSuffix":"inner"}},"clearTextFirst":true,"interactionType":"ENTER_TEXT"}]}
RESULT: {"script":"<script> [776 bytes]","args":[{"enterText":"3/14/29","selector":{"id":"application-manageresources-display-component---newResourceUnit--RETIRE_PLANNED_DATE","interaction":{"idSuffix":"inner"}},"clearTextFirst":true,"interactionType":"ENTER_TEXT"}]}
COMMAND: POST /session/eb79c257209da8ba08c59be1d775ff21/execute/async - {"script":"<script> [1562 bytes]","args":[{"selector":{"controlType":"sap.m.Button","viewName":"reusables.view.manageresources.NewResourceUnit","viewId":"application-manageresources-display-component---newResourceUnit","i18NText":{"propertyName":"tooltip","key":"save"},"interaction":{"idSuffix":"BDI-content"}},"wdio_ui5_key":"reusablesview.manageresources.NewResourceUnitsap.m.Button{\"propertyName\":\"tooltip\",\"key\":\"save\"}"}]}
RESULT: {"script":"<script> [1562 bytes]","args":[{"selector":{"controlType":"sap.m.Button","viewName":"reusables.view.manageresources.NewResourceUnit","viewId":"application-manageresources-display-component---newResourceUnit","i18NText":{"propertyName":"tooltip","key":"save"},"interaction":{"idSuffix":"BDI-content"}},"wdio_ui5_key":"reusablesview.manageresources.NewResourceUnitsap.m.Button{\"propertyName\":\"tooltip\",\"key\":\"save\"}"}]}
RESULT: undefined
COMMAND: POST /session/eb79c257209da8ba08c59be1d775ff21/element - {"using":"xpath","value":"//*[@id=\"application-manageresources-display-component---newResourceUnit--createRuButton\"]"}
RESULT: {"using":"xpath","value":"//*[@id=\"application-manageresources-display-component---newResourceUnit--createRuButton\"]"}
COMMAND: POST /session/eb79c257209da8ba08c59be1d775ff21/element/f.9FA5373B3500B72DA4049E533E67ABAF.d.7E04D921D2172679577EABAC7D277B97.e.3820/click - {}
RESULT: {}
COMMAND: GET /session/eb79c257209da8ba08c59be1d775ff21/screenshot - {}
RESULT: {}
COMMAND: POST /session/eb79c257209da8ba08c59be1d775ff21/execute/async - {"script":"<script> [1562 bytes]","args":[{"selector":{"controlType":"sap.m.Button","properties":{"text":"Close"},"searchOpenDialogs":true,"interaction":{"idSuffix":"inner"}},"wdio_ui5_key":"sapm.Button{\"text\":\"Close\"}"}]}
RESULT: {"script":"<script> [1562 bytes]","args":[{"selector":{"controlType":"sap.m.Button","properties":{"text":"Close"},"searchOpenDialogs":true,"interaction":{"idSuffix":"inner"}},"wdio_ui5_key":"sapm.Button{\"text\":\"Close\"}"}]}
RESULT: undefined
COMMAND: POST /session/eb79c257209da8ba08c59be1d775ff21/element - {"using":"xpath","value":"//*[@id=\"__mbox-btn-0\"]"}
RESULT: {"using":"xpath","value":"//*[@id=\"__mbox-btn-0\"]"}
COMMAND: POST /session/eb79c257209da8ba08c59be1d775ff21/element/f.9FA5373B3500B72DA4049E533E67ABAF.d.7E04D921D2172679577EABAC7D277B97.e.4038/click - {}
RESULT: {}
COMMAND: GET /session/eb79c257209da8ba08c59be1d775ff21/screenshot - {}
COMMAND: POST /session/eb79c257209da8ba08c59be1d775ff21/execute/async - {"script":"<script> [1562 bytes]","args":[{"selector":{"controlType":"sap.m.Text","viewName":"etm.portal.ui.manageresources.view.Detail","viewId":"application-manageresources-display-component---detailRU","bindingPath":{"propertyPath":"ID","modelName":"catalogModel"}},"wdio_ui5_key":"etmportal.ui.manageresources.view.Detailsap.m.Text{\"propertyPath\":\"ID\",\"modelName\":\"catalogModel\"}"}]}
RESULT: {}
RESULT: {"script":"<script> [1562 bytes]","args":[{"selector":{"controlType":"sap.m.Text","viewName":"etm.portal.ui.manageresources.view.Detail","viewId":"application-manageresources-display-component---detailRU","bindingPath":{"propertyPath":"ID","modelName":"catalogModel"}},"wdio_ui5_key":"etmportal.ui.manageresources.view.Detailsap.m.Text{\"propertyPath\":\"ID\",\"modelName\":\"catalogModel\"}"}]}
RESULT: undefined
COMMAND: POST /session/eb79c257209da8ba08c59be1d775ff21/execute/async - {"script":"<script> [6424 bytes]","args":[{"element-6066-11e4-a52e-4f735466cecf":"f.9FA5373B3500B72DA4049E533E67ABAF.d.7E04D921D2172679577EABAC7D277B97.e.4098"},"getText",[]]}
RESULT: {"script":"<script> [6424 bytes]","args":[{"element-6066-11e4-a52e-4f735466cecf":"f.9FA5373B3500B72DA4049E533E67ABAF.d.7E04D921D2172679577EABAC7D277B97.e.4098"},"getText",[]]}
COMMAND: POST /session/eb79c257209da8ba08c59be1d775ff21/element - {"using":"css selector","value":"#shell-header-logo"}
RESULT: {"using":"css selector","value":"#shell-header-logo"}
COMMAND: POST /session/eb79c257209da8ba08c59be1d775ff21/element/f.9FA5373B3500B72DA4049E533E67ABAF.d.7E04D921D2172679577EABAC7D277B97.e.3448/click - {}
RESULT: {}
COMMAND: GET /session/eb79c257209da8ba08c59be1d775ff21/screenshot - {}
RESULT: {}
COMMAND: POST /session/eb79c257209da8ba08c59be1d775ff21/execute/async - {"script":"<script> [1562 bytes]","args":[{"selector":{"controlType":"sap.m.GenericTile","properties":{"header":"Manage Catalogs"}},"wdio_ui5_key":"sapm.GenericTile{\"header\":\"Manage Catalogs\"}"}]}
RESULT: {"script":"<script> [1562 bytes]","args":[{"selector":{"controlType":"sap.m.GenericTile","properties":{"header":"Manage Catalogs"}},"wdio_ui5_key":"sapm.GenericTile{\"header\":\"Manage Catalogs\"}"}]}
RESULT: undefined
COMMAND: POST /session/eb79c257209da8ba08c59be1d775ff21/element - {"using":"xpath","value":"//*[@id=\"__tile37\"]"}
RESULT: {"using":"xpath","value":"//*[@id=\"__tile37\"]"}
COMMAND: POST /session/eb79c257209da8ba08c59be1d775ff21/element/f.9FA5373B3500B72DA4049E533E67ABAF.d.7E04D921D2172679577EABAC7D277B97.e.4100/click - {}
RESULT: {}
COMMAND: GET /session/eb79c257209da8ba08c59be1d775ff21/screenshot - {}
RESULT: {}
COMMAND: POST /session/eb79c257209da8ba08c59be1d775ff21/elements - {"using":"xpath","value":"//span[text()='Error']"}
RESULT: {"using":"xpath","value":"//span[text()='Error']"}
COMMAND: POST /session/eb79c257209da8ba08c59be1d775ff21/execute/async - {"script":"<script> [1562 bytes]","args":[{"selector":{"controlType":"sap.m.Text","viewName":"etm.portal.ui.managecatalogs.view.MasterCatalogs","viewId":"application-managecatalogs-display-component---masterCatalogs","bindingPath":{"path":"/Catalogs('0D7502D073D53A0F1700BE067B89AFF9')","propertyPath":"DESCRIPTION","modelName":"catalogModel"}},"wdio_ui5_key":"etmportal.ui.managecatalogs.view.MasterCatalogssap.m.Text{\"path\":\"/Catalogs('0D7502D073D53A0F1700BE067B89AFF9')\",\"propertyPath\":\"DESCRIPTION\",\"modelName\":\"catalogModel\"}"}]}
RESULT: {"script":"<script> [1562 bytes]","args":[{"selector":{"controlType":"sap.m.Text","viewName":"etm.portal.ui.managecatalogs.view.MasterCatalogs","viewId":"application-managecatalogs-display-component---masterCatalogs","bindingPath":{"path":"/Catalogs('0D7502D073D53A0F1700BE067B89AFF9')","propertyPath":"DESCRIPTION","modelName":"catalogModel"}},"wdio_ui5_key":"etmportal.ui.managecatalogs.view.MasterCatalogssap.m.Text{\"path\":\"/Catalogs('0D7502D073D53A0F1700BE067B89AFF9')\",\"propertyPath\":\"DESCRIPTION\",\"modelName\":\"catalogModel\"}"}]}
RESULT: undefined
COMMAND: POST /session/eb79c257209da8ba08c59be1d775ff21/element - {"using":"xpath","value":"//*[@id=\"__text1058-application-managecatalogs-display-component---masterCatalogs--CatalogsTable-11\"]"}
RESULT: {"using":"xpath","value":"//*[@id=\"__text1058-application-managecatalogs-display-component---masterCatalogs--CatalogsTable-11\"]"}
COMMAND: POST /session/eb79c257209da8ba08c59be1d775ff21/element/f.9FA5373B3500B72DA4049E533E67ABAF.d.7E04D921D2172679577EABAC7D277B97.e.4168/click - {}
RESULT: {}
COMMAND: POST /session/eb79c257209da8ba08c59be1d775ff21/execute/async - {"script":"<script> [1562 bytes]","args":[{"selector":{"controlType":"sap.ui.layout.HorizontalLayout","viewName":"etm.portal.ui.managecatalogs.view.MasterItems","viewId":"application-managecatalogs-display-component---masterCatalogItems","ancestor":{"id":"application-managecatalogs-display-component---masterCatalogItems--idCatalogItemsTree-rows-row0"}},"wdio_ui5_key":"etmportal.ui.managecatalogs.view.MasterItemssap.ui.layout.HorizontalLayout{\"id\":\"application-managecatalogs-display-component---masterCatalogItems--idCatalogItemsTree-rows-row0\"}"}]}
COMMAND: GET /session/eb79c257209da8ba08c59be1d775ff21/screenshot - {}
RESULT: {"script":"<script> [1562 bytes]","args":[{"selector":{"controlType":"sap.ui.layout.HorizontalLayout","viewName":"etm.portal.ui.managecatalogs.view.MasterItems","viewId":"application-managecatalogs-display-component---masterCatalogItems","ancestor":{"id":"application-managecatalogs-display-component---masterCatalogItems--idCatalogItemsTree-rows-row0"}},"wdio_ui5_key":"etmportal.ui.managecatalogs.view.MasterItemssap.ui.layout.HorizontalLayout{\"id\":\"application-managecatalogs-display-component---masterCatalogItems--idCatalogItemsTree-rows-row0\"}"}]}
RESULT: undefined
COMMAND: POST /session/eb79c257209da8ba08c59be1d775ff21/element - {"using":"xpath","value":"//*[@id=\"__layout302-__clone1278\"]"}
RESULT: {}
RESULT: {"using":"xpath","value":"//*[@id=\"__layout302-__clone1278\"]"}
COMMAND: POST /session/eb79c257209da8ba08c59be1d775ff21/element/f.9FA5373B3500B72DA4049E533E67ABAF.d.7E04D921D2172679577EABAC7D277B97.e.4180/click - {}
RESULT: {}
COMMAND: GET /session/eb79c257209da8ba08c59be1d775ff21/screenshot - {}
RESULT: {}
COMMAND: POST /session/eb79c257209da8ba08c59be1d775ff21/execute/async - {"script":"<script> [1562 bytes]","args":[{"selector":{"controlType":"sap.m.Button","viewName":"etm.portal.ui.managecatalogs.view.Detail","viewId":"application-managecatalogs-display-component---detailCatalog","i18NText":{"propertyName":"text","key":"edit"},"interaction":{"idSuffix":"BDI-content"}},"wdio_ui5_key":"etmportal.ui.managecatalogs.view.Detailsap.m.Button{\"propertyName\":\"text\",\"key\":\"edit\"}"}]}
RESULT: {"script":"<script> [1562 bytes]","args":[{"selector":{"controlType":"sap.m.Button","viewName":"etm.portal.ui.managecatalogs.view.Detail","viewId":"application-managecatalogs-display-component---detailCatalog","i18NText":{"propertyName":"text","key":"edit"},"interaction":{"idSuffix":"BDI-content"}},"wdio_ui5_key":"etmportal.ui.managecatalogs.view.Detailsap.m.Button{\"propertyName\":\"text\",\"key\":\"edit\"}"}]}
RESULT: undefined
COMMAND: POST /session/eb79c257209da8ba08c59be1d775ff21/element - {"using":"xpath","value":"//*[@id=\"__button134\"]"}
RESULT: {"using":"xpath","value":"//*[@id=\"__button134\"]"}
COMMAND: POST /session/eb79c257209da8ba08c59be1d775ff21/element/f.9FA5373B3500B72DA4049E533E67ABAF.d.7E04D921D2172679577EABAC7D277B97.e.4295/click - {}
RESULT: {}
COMMAND: GET /session/eb79c257209da8ba08c59be1d775ff21/screenshot - {}
RESULT: {}
COMMAND: POST /session/eb79c257209da8ba08c59be1d775ff21/element - {"using":"xpath","value":"//bdi[contains(text(), \"Unlock\")]"}
RESULT: {"using":"xpath","value":"//bdi[contains(text(), \"Unlock\")]"}
COMMAND: POST /session/eb79c257209da8ba08c59be1d775ff21/elements - {"using":"xpath","value":"//bdi[contains(text(), \"Unlock\")]"}
RESULT: {"using":"xpath","value":"//bdi[contains(text(), \"Unlock\")]"}
COMMAND: POST /session/eb79c257209da8ba08c59be1d775ff21/execute/async - {"script":"<script> [1562 bytes]","args":[{"selector":{"controlType":"sap.ui.core.Icon","viewName":"etm.portal.ui.managecatalogs.view.Detail","viewId":"application-managecatalogs-display-component---detailCatalog","properties":{"src":{"regex":{"source":"add\\-folder"}}}},"wdio_ui5_key":"etmportal.ui.managecatalogs.view.Detailsap.ui.core.Icon{\"src\":{\"regex\":{\"source\":\"add\\\\-folder\"}}}"}]}
RESULT: {"script":"<script> [1562 bytes]","args":[{"selector":{"controlType":"sap.ui.core.Icon","viewName":"etm.portal.ui.managecatalogs.view.Detail","viewId":"application-managecatalogs-display-component---detailCatalog","properties":{"src":{"regex":{"source":"add\\-folder"}}}},"wdio_ui5_key":"etmportal.ui.managecatalogs.view.Detailsap.ui.core.Icon{\"src\":{\"regex\":{\"source\":\"add\\\\-folder\"}}}"}]}
RESULT: undefined
COMMAND: POST /session/eb79c257209da8ba08c59be1d775ff21/element - {"using":"xpath","value":"//*[@id=\"__button142-img\"]"}
RESULT: {"using":"xpath","value":"//*[@id=\"__button142-img\"]"}
COMMAND: POST /session/eb79c257209da8ba08c59be1d775ff21/element/f.9FA5373B3500B72DA4049E533E67ABAF.d.7E04D921D2172679577EABAC7D277B97.e.4304/click - {}
RESULT: {}
COMMAND: GET /session/eb79c257209da8ba08c59be1d775ff21/screenshot - {}
RESULT: {}
COMMAND: POST /session/eb79c257209da8ba08c59be1d775ff21/execute/async - {"script":"<script> [1562 bytes]","args":[{"selector":{"id":"application-managecatalogs-display-component---detailCatalog--numberInput","searchOpenDialogs":true,"interaction":{"idSuffix":"inner"}},"wdio_ui5_key":"applicationmanagecatalogs-display-component---detailCatalog--numberInput"}]}
RESULT: {"script":"<script> [1562 bytes]","args":[{"selector":{"id":"application-managecatalogs-display-component---detailCatalog--numberInput","searchOpenDialogs":true,"interaction":{"idSuffix":"inner"}},"wdio_ui5_key":"applicationmanagecatalogs-display-component---detailCatalog--numberInput"}]}
RESULT: undefined
COMMAND: POST /session/eb79c257209da8ba08c59be1d775ff21/execute/async - {"script":"<script> [776 bytes]","args":[{"enterText":"Sectioncrc59","selector":{"id":"application-managecatalogs-display-component---detailCatalog--numberInput","searchOpenDialogs":true,"interaction":{"idSuffix":"inner"}},"clearTextFirst":true,"interactionType":"ENTER_TEXT"}]}
RESULT: {"script":"<script> [776 bytes]","args":[{"enterText":"Sectioncrc59","selector":{"id":"application-managecatalogs-display-component---detailCatalog--numberInput","searchOpenDialogs":true,"interaction":{"idSuffix":"inner"}},"clearTextFirst":true,"interactionType":"ENTER_TEXT"}]}
COMMAND: POST /session/eb79c257209da8ba08c59be1d775ff21/element - {"using":"css selector","value":"#application-managecatalogs-display-component---detailCatalog--nameInput-inner"}
RESULT: {"using":"css selector","value":"#application-managecatalogs-display-component---detailCatalog--nameInput-inner"}
COMMAND: POST /session/eb79c257209da8ba08c59be1d775ff21/elements - {"using":"css selector","value":"#application-managecatalogs-display-component---detailCatalog--nameInput-inner"}
RESULT: {"using":"css selector","value":"#application-managecatalogs-display-component---detailCatalog--nameInput-inner"}
COMMAND: POST /session/eb79c257209da8ba08c59be1d775ff21/element/f.9FA5373B3500B72DA4049E533E67ABAF.d.7E04D921D2172679577EABAC7D277B97.e.4307/clear - {}
RESULT: {}
COMMAND: POST /session/eb79c257209da8ba08c59be1d775ff21/element/f.9FA5373B3500B72DA4049E533E67ABAF.d.7E04D921D2172679577EABAC7D277B97.e.4307/value - {"text":"Webdriveralqwo"}
COMMAND: GET /session/eb79c257209da8ba08c59be1d775ff21/screenshot - {}
RESULT: {"text":"Webdriveralqwo"}
COMMAND: POST /session/eb79c257209da8ba08c59be1d775ff21/execute/async - {"script":"<script> [1562 bytes]","args":[{"selector":{"controlType":"sap.m.Button","viewName":"etm.portal.ui.managecatalogs.view.Detail","viewId":"application-managecatalogs-display-component---detailCatalog","i18NText":{"propertyName":"text","key":"create"},"searchOpenDialogs":true,"interaction":{"idSuffix":"BDI-content"}},"wdio_ui5_key":"etmportal.ui.managecatalogs.view.Detailsap.m.Button{\"propertyName\":\"text\",\"key\":\"create\"}"}]}
COMMAND: GET /session/eb79c257209da8ba08c59be1d775ff21/screenshot - {}
RESULT: {}
RESULT: {"script":"<script> [1562 bytes]","args":[{"selector":{"controlType":"sap.m.Button","viewName":"etm.portal.ui.managecatalogs.view.Detail","viewId":"application-managecatalogs-display-component---detailCatalog","i18NText":{"propertyName":"text","key":"create"},"searchOpenDialogs":true,"interaction":{"idSuffix":"BDI-content"}},"wdio_ui5_key":"etmportal.ui.managecatalogs.view.Detailsap.m.Button{\"propertyName\":\"text\",\"key\":\"create\"}"}]}
RESULT: undefined
COMMAND: POST /session/eb79c257209da8ba08c59be1d775ff21/element - {"using":"xpath","value":"//*[@id=\"__button112\"]"}
RESULT: {}
RESULT: {"using":"xpath","value":"//*[@id=\"__button112\"]"}
COMMAND: POST /session/eb79c257209da8ba08c59be1d775ff21/element/f.9FA5373B3500B72DA4049E533E67ABAF.d.7E04D921D2172679577EABAC7D277B97.e.4312/click - {}
RESULT: {}
COMMAND: GET /session/eb79c257209da8ba08c59be1d775ff21/screenshot - {}
RESULT: {}
COMMAND: POST /session/eb79c257209da8ba08c59be1d775ff21/element - {"using":"xpath","value":"//button[@title=\"Save\"]"}
RESULT: {"using":"xpath","value":"//button[@title=\"Save\"]"}
COMMAND: POST /session/eb79c257209da8ba08c59be1d775ff21/element/f.9FA5373B3500B72DA4049E533E67ABAF.d.7E04D921D2172679577EABAC7D277B97.e.4313/click - {}
RESULT: {}
COMMAND: POST /session/eb79c257209da8ba08c59be1d775ff21/execute/async - {"script":"<script> [1562 bytes]","args":[{"selector":{"controlType":"sap.ui.core.Icon","viewName":"etm.portal.ui.managecatalogs.view.Detail","viewId":"application-managecatalogs-display-component---detailCatalog","properties":{"src":{"regex":{"source":"decline"}}}},"wdio_ui5_key":"etmportal.ui.managecatalogs.view.Detailsap.ui.core.Icon{\"src\":{\"regex\":{\"source\":\"decline\"}}}"}]}
COMMAND: GET /session/eb79c257209da8ba08c59be1d775ff21/screenshot - {}
RESULT: {"script":"<script> [1562 bytes]","args":[{"selector":{"controlType":"sap.ui.core.Icon","viewName":"etm.portal.ui.managecatalogs.view.Detail","viewId":"application-managecatalogs-display-component---detailCatalog","properties":{"src":{"regex":{"source":"decline"}}}},"wdio_ui5_key":"etmportal.ui.managecatalogs.view.Detailsap.ui.core.Icon{\"src\":{\"regex\":{\"source\":\"decline\"}}}"}]}
RESULT: undefined
COMMAND: POST /session/eb79c257209da8ba08c59be1d775ff21/element - {"using":"xpath","value":"//*[@id=\"__button137-img\"]"}
RESULT: {}
RESULT: {"using":"xpath","value":"//*[@id=\"__button137-img\"]"}
COMMAND: POST /session/eb79c257209da8ba08c59be1d775ff21/element/f.9FA5373B3500B72DA4049E533E67ABAF.d.7E04D921D2172679577EABAC7D277B97.e.4319/click - {}
RESULT: {}
COMMAND: GET /session/eb79c257209da8ba08c59be1d775ff21/screenshot - {}
RESULT: {}
COMMAND: POST /session/eb79c257209da8ba08c59be1d775ff21/execute/async - {"script":"<script> [1562 bytes]","args":[{"selector":{"controlType":"sap.ui.core.Icon","viewName":"etm.portal.ui.managecatalogs.view.MasterItems","viewId":"application-managecatalogs-display-component---masterCatalogItems","properties":{"src":{"regex":{"source":"refresh"}}}},"wdio_ui5_key":"etmportal.ui.managecatalogs.view.MasterItemssap.ui.core.Icon{\"src\":{\"regex\":{\"source\":\"refresh\"}}}"}]}
RESULT: {"script":"<script> [1562 bytes]","args":[{"selector":{"controlType":"sap.ui.core.Icon","viewName":"etm.portal.ui.managecatalogs.view.MasterItems","viewId":"application-managecatalogs-display-component---masterCatalogItems","properties":{"src":{"regex":{"source":"refresh"}}}},"wdio_ui5_key":"etmportal.ui.managecatalogs.view.MasterItemssap.ui.core.Icon{\"src\":{\"regex\":{\"source\":\"refresh\"}}}"}]}
RESULT: undefined
COMMAND: POST /session/eb79c257209da8ba08c59be1d775ff21/element - {"using":"xpath","value":"//*[@id=\"__button110-img\"]"}
RESULT: {"using":"xpath","value":"//*[@id=\"__button110-img\"]"}
COMMAND: POST /session/eb79c257209da8ba08c59be1d775ff21/element/f.9FA5373B3500B72DA4049E533E67ABAF.d.7E04D921D2172679577EABAC7D277B97.e.4352/click - {}
RESULT: {}
COMMAND: POST /session/eb79c257209da8ba08c59be1d775ff21/execute/async - {"script":"<script> [1562 bytes]","args":[{"selector":{"id":"application-managecatalogs-display-component---masterCatalogItems--searchItemsField","interaction":{"idSuffix":"I"}},"wdio_ui5_key":"applicationmanagecatalogs-display-component---masterCatalogItems--searchItemsField"}]}
COMMAND: GET /session/eb79c257209da8ba08c59be1d775ff21/screenshot - {}
RESULT: {"script":"<script> [1562 bytes]","args":[{"selector":{"id":"application-managecatalogs-display-component---masterCatalogItems--searchItemsField","interaction":{"idSuffix":"I"}},"wdio_ui5_key":"applicationmanagecatalogs-display-component---masterCatalogItems--searchItemsField"}]}
RESULT: undefined
COMMAND: POST /session/eb79c257209da8ba08c59be1d775ff21/execute/async - {"script":"<script> [776 bytes]","args":[{"enterText":"Webdriveralqwo","selector":{"id":"application-managecatalogs-display-component---masterCatalogItems--searchItemsField","interaction":{"idSuffix":"I"}},"clearTextFirst":true,"interactionType":"ENTER_TEXT"}]}
RESULT: {}
RESULT: {"script":"<script> [776 bytes]","args":[{"enterText":"Webdriveralqwo","selector":{"id":"application-managecatalogs-display-component---masterCatalogItems--searchItemsField","interaction":{"idSuffix":"I"}},"clearTextFirst":true,"interactionType":"ENTER_TEXT"}]}
COMMAND: POST /session/eb79c257209da8ba08c59be1d775ff21/actions - {"actions":[{"id":"action10","type":"key","parameters":{},"actions":[{"type":"keyDown","value":""},{"type":"pause","duration":10},{"type":"keyUp","value":""}]}]}
RESULT: {"actions":[{"id":"action10","type":"key","parameters":{},"actions":[{"type":"keyDown","value":""},{"type":"pause","duration":10},{"type":"keyUp","value":""}]}]}
COMMAND: POST /session/eb79c257209da8ba08c59be1d775ff21/element - {"using":"xpath","value":"(//span[contains(text(), \"Webdriveralqwo\")])[1]"}
COMMAND: GET /session/eb79c257209da8ba08c59be1d775ff21/screenshot - {}
RESULT: {"using":"xpath","value":"(//span[contains(text(), \"Webdriveralqwo\")])[1]"}
COMMAND: POST /session/eb79c257209da8ba08c59be1d775ff21/element/f.9FA5373B3500B72DA4049E533E67ABAF.d.7E04D921D2172679577EABAC7D277B97.e.4355/click - {}
RESULT: {}
RESULT: {}
COMMAND: GET /session/eb79c257209da8ba08c59be1d775ff21/screenshot - {}
RESULT: {}
RESULT: undefined
COMMAND: POST /session/eb79c257209da8ba08c59be1d775ff21/element - {"using":"xpath","value":"//*[@id=\"__button134\"]"}
RESULT: {"using":"xpath","value":"//*[@id=\"__button134\"]"}
COMMAND: POST /session/eb79c257209da8ba08c59be1d775ff21/element/f.9FA5373B3500B72DA4049E533E67ABAF.d.7E04D921D2172679577EABAC7D277B97.e.4388/click - {}
RESULT: {}
COMMAND: GET /session/eb79c257209da8ba08c59be1d775ff21/screenshot - {}
RESULT: {}
RESULT: undefined
COMMAND: POST /session/eb79c257209da8ba08c59be1d775ff21/element - {"using":"xpath","value":"//*[@id=\"__button142-img\"]"}
RESULT: {"using":"xpath","value":"//*[@id=\"__button142-img\"]"}
COMMAND: POST /session/eb79c257209da8ba08c59be1d775ff21/element/f.9FA5373B3500B72DA4049E533E67ABAF.d.7E04D921D2172679577EABAC7D277B97.e.4442/click - {}
RESULT: {}
COMMAND: GET /session/eb79c257209da8ba08c59be1d775ff21/screenshot - {}
RESULT: {}
RESULT: undefined
COMMAND: POST /session/eb79c257209da8ba08c59be1d775ff21/execute/async - {"script":"<script> [776 bytes]","args":[{"enterText":"SecondSectionfekc6","selector":{"id":"application-managecatalogs-display-component---detailCatalog--numberInput","searchOpenDialogs":true,"interaction":{"idSuffix":"inner"}},"clearTextFirst":true,"interactionType":"ENTER_TEXT"}]}
RESULT: {"script":"<script> [776 bytes]","args":[{"enterText":"SecondSectionfekc6","selector":{"id":"application-managecatalogs-display-component---detailCatalog--numberInput","searchOpenDialogs":true,"interaction":{"idSuffix":"inner"}},"clearTextFirst":true,"interactionType":"ENTER_TEXT"}]}
COMMAND: POST /session/eb79c257209da8ba08c59be1d775ff21/element - {"using":"xpath","value":"//input[contains(@id ,\"application-managecatalogs-display-component---detailCatalog--nameInput-inner\")]"}
RESULT: {"using":"xpath","value":"//input[contains(@id ,\"application-managecatalogs-display-component---detailCatalog--nameInput-inner\")]"}
COMMAND: POST /session/eb79c257209da8ba08c59be1d775ff21/elements - {"using":"xpath","value":"//input[contains(@id ,\"application-managecatalogs-display-component---detailCatalog--nameInput-inner\")]"}
RESULT: {"using":"xpath","value":"//input[contains(@id ,\"application-managecatalogs-display-component---detailCatalog--nameInput-inner\")]"}
COMMAND: POST /session/eb79c257209da8ba08c59be1d775ff21/element/f.9FA5373B3500B72DA4049E533E67ABAF.d.7E04D921D2172679577EABAC7D277B97.e.4446/clear - {}
RESULT: {}
COMMAND: POST /session/eb79c257209da8ba08c59be1d775ff21/element/f.9FA5373B3500B72DA4049E533E67ABAF.d.7E04D921D2172679577EABAC7D277B97.e.4446/value - {"text":"webdriversecond3sm9sj"}
COMMAND: GET /session/eb79c257209da8ba08c59be1d775ff21/screenshot - {}
RESULT: {"text":"webdriversecond3sm9sj"}
RESULT: undefined
COMMAND: POST /session/eb79c257209da8ba08c59be1d775ff21/element - {"using":"xpath","value":"//*[@id=\"__button112\"]"}
COMMAND: GET /session/eb79c257209da8ba08c59be1d775ff21/screenshot - {}
RESULT: {}
RESULT: {"using":"xpath","value":"//*[@id=\"__button112\"]"}
COMMAND: POST /session/eb79c257209da8ba08c59be1d775ff21/element/f.9FA5373B3500B72DA4049E533E67ABAF.d.7E04D921D2172679577EABAC7D277B97.e.4450/click - {}
RESULT: {}
RESULT: {}
COMMAND: GET /session/eb79c257209da8ba08c59be1d775ff21/screenshot - {}
RESULT: {}
COMMAND: POST /session/eb79c257209da8ba08c59be1d775ff21/element - {"using":"xpath","value":"//button[@title=\"Save\"]"}
RESULT: {"using":"xpath","value":"//button[@title=\"Save\"]"}
COMMAND: POST /session/eb79c257209da8ba08c59be1d775ff21/element/f.9FA5373B3500B72DA4049E533E67ABAF.d.7E04D921D2172679577EABAC7D277B97.e.4427/click - {}
RESULT: {}
COMMAND: GET /session/eb79c257209da8ba08c59be1d775ff21/screenshot - {}
RESULT: {}
RESULT: undefined
COMMAND: POST /session/eb79c257209da8ba08c59be1d775ff21/element - {"using":"xpath","value":"//*[@id=\"__button137-img\"]"}
RESULT: {"using":"xpath","value":"//*[@id=\"__button137-img\"]"}
COMMAND: POST /session/eb79c257209da8ba08c59be1d775ff21/element/f.9FA5373B3500B72DA4049E533E67ABAF.d.7E04D921D2172679577EABAC7D277B97.e.4395/click - {}
RESULT: {}
COMMAND: GET /session/eb79c257209da8ba08c59be1d775ff21/screenshot - {}
RESULT: {}
RESULT: undefined
COMMAND: POST /session/eb79c257209da8ba08c59be1d775ff21/element - {"using":"xpath","value":"//*[@id=\"__button110-img\"]"}
RESULT: {"using":"xpath","value":"//*[@id=\"__button110-img\"]"}
COMMAND: POST /session/eb79c257209da8ba08c59be1d775ff21/element/f.9FA5373B3500B72DA4049E533E67ABAF.d.7E04D921D2172679577EABAC7D277B97.e.4487/click - {}
RESULT: {}
COMMAND: GET /session/eb79c257209da8ba08c59be1d775ff21/screenshot - {}
RESULT: {}
RESULT: undefined
COMMAND: POST /session/eb79c257209da8ba08c59be1d775ff21/execute/async - {"script":"<script> [776 bytes]","args":[{"enterText":"SecondSectionfekc6","selector":{"id":"application-managecatalogs-display-component---masterCatalogItems--searchItemsField","interaction":{"idSuffix":"I"}},"clearTextFirst":true,"interactionType":"ENTER_TEXT"}]}
RESULT: {"script":"<script> [776 bytes]","args":[{"enterText":"SecondSectionfekc6","selector":{"id":"application-managecatalogs-display-component---masterCatalogItems--searchItemsField","interaction":{"idSuffix":"I"}},"clearTextFirst":true,"interactionType":"ENTER_TEXT"}]}
COMMAND: POST /session/eb79c257209da8ba08c59be1d775ff21/actions - {"actions":[{"id":"action11","type":"key","parameters":{},"actions":[{"type":"keyDown","value":""},{"type":"pause","duration":10},{"type":"keyUp","value":""}]}]}
RESULT: {"actions":[{"id":"action11","type":"key","parameters":{},"actions":[{"type":"keyDown","value":""},{"type":"pause","duration":10},{"type":"keyUp","value":""}]}]}
COMMAND: POST /session/eb79c257209da8ba08c59be1d775ff21/element - {"using":"xpath","value":"(//span[contains(text(), \"SecondSectionfekc6\")])[1]"}
COMMAND: GET /session/eb79c257209da8ba08c59be1d775ff21/screenshot - {}
RESULT: {"using":"xpath","value":"(//span[contains(text(), \"SecondSectionfekc6\")])[1]"}
COMMAND: POST /session/eb79c257209da8ba08c59be1d775ff21/element/f.9FA5373B3500B72DA4049E533E67ABAF.d.7E04D921D2172679577EABAC7D277B97.e.4490/click - {}
RESULT: {}
RESULT: {}
COMMAND: POST /session/eb79c257209da8ba08c59be1d775ff21/element - {"using":"xpath","value":"(//span[contains(text(), \"SecondSectionfekc6\")])[1]"}
COMMAND: GET /session/eb79c257209da8ba08c59be1d775ff21/screenshot - {}
RESULT: {"using":"xpath","value":"(//span[contains(text(), \"SecondSectionfekc6\")])[1]"}
COMMAND: GET /session/eb79c257209da8ba08c59be1d775ff21/element/f.9FA5373B3500B72DA4049E533E67ABAF.d.7E04D921D2172679577EABAC7D277B97.e.4490/text - {}
RESULT: {}
COMMAND: POST /session/eb79c257209da8ba08c59be1d775ff21/element - {"using":"xpath","value":"(//span[contains(text(), \"SecondSectionfekc6\")])[1]"}
RESULT: {"using":"xpath","value":"(//span[contains(text(), \"SecondSectionfekc6\")])[1]"}
COMMAND: GET /session/eb79c257209da8ba08c59be1d775ff21/element/f.9FA5373B3500B72DA4049E533E67ABAF.d.7E04D921D2172679577EABAC7D277B97.e.4490/text - {}
COMMAND: POST /session/eb79c257209da8ba08c59be1d775ff21/element - {"using":"xpath","value":"(//span[contains(text(), \"SecondSectionfekc6\")])[1]"}
RESULT: {"using":"xpath","value":"(//span[contains(text(), \"SecondSectionfekc6\")])[1]"}
COMMAND: GET /session/eb79c257209da8ba08c59be1d775ff21/element/f.9FA5373B3500B72DA4049E533E67ABAF.d.7E04D921D2172679577EABAC7D277B97.e.4543/text - {}
RESULT: {}
COMMAND: POST /session/eb79c257209da8ba08c59be1d775ff21/refresh - {}
RESULT: {}
COMMAND: GET /session/eb79c257209da8ba08c59be1d775ff21/screenshot - {}
RESULT: {}
COMMAND: POST /session/eb79c257209da8ba08c59be1d775ff21/execute/async - {"script":"<script> [189 bytes]","args":[]}
RESULT: {"script":"<script> [189 bytes]","args":[]}
COMMAND: POST /session/eb79c257209da8ba08c59be1d775ff21/execute/async - {"script":"<script> [123 bytes]","args":[]}
RESULT: {"script":"<script> [123 bytes]","args":[]}
COMMAND: POST /session/eb79c257209da8ba08c59be1d775ff21/timeouts - {"script":"<number>"}
RESULT: {"script":"<number>"}
COMMAND: GET /session/eb79c257209da8ba08c59be1d775ff21/timeouts - {}
RESULT: {}
RESULT: undefined
COMMAND: POST /session/eb79c257209da8ba08c59be1d775ff21/execute/async - {"script":"<script> [2676 bytes]","args":[]}
RESULT: {"script":"<script> [2676 bytes]","args":[]}
COMMAND: POST /session/eb79c257209da8ba08c59be1d775ff21/execute/async - {"script":"<script> [2342 bytes]","args":[{"protocol":"http","hostname":"0.0.0.0","path":"/","capabilities":{"browserName":"chrome","goog:chromeOptions":{"binary":"C:\\Program Files\\Google\\Chrome\\Application\\chrome.exe","args":["--start-maximized"]}},"logLevel":"warn","connectionRetryTimeout":120000,"connectionRetryCount":3,"logLevels":{},"enableDirectConnect":true,"strictSSL":true,"_":"65 more keys: [\"cacheDir\",\"port\",\"requestedCapabilities\",\"automationProtocol\",\"baseUrl\",\"waitforInterval\",\"waitforTimeout\",\"onReload\",\"beforeCommand\",\"afterCommand\",\"rootDir\",\"specs\",\"suites\",\"exclude\",\"groupLogsByTestSpec\",\"excludeDriverLogs\",\"bail\",\"framework\",\"reporters\",\"services\",\"maxInstances\",\"maxInstancesPerCapability\",\"injectGlobals\",\"filesToWatch\",\"execArgv\",\"runnerEnv\",\"runner\",\"shard\",\"specFileRetries\",\"specFileRetriesDelay\",\"specFileRetriesDeferred\",\"reporterSyncInterval\",\"reporterSyncTimeout\",\"cucumberFeaturesWithLineNumbers\",\"autoCompileOpts\",\"mochaOpts\",\"jasmineOpts\",\"cucumberOpts\",\"onPrepare\",\"onWorkerStart\",\"onWorkerEnd\",\"before\",\"beforeSession\",\"beforeSuite\",\"beforeHook\",\"beforeTest\",\"afterTest\",\"afterHook\",\"afterSuite\",\"afterSession\",\"after\",\"onComplete\",\"beforeAssertion\",\"afterAssertion\",\"beforeFeature\",\"beforeScenario\",\"beforeStep\",\"afterStep\",\"afterScenario\",\"afterFeature\",\"_\",\"suite\",\"$0\",\"ignoredWorkerServices\",\"wdi5\"]"}]}
RESULT: {"script":"<script> [2342 bytes]","args":[{"protocol":"http","hostname":"0.0.0.0","path":"/","capabilities":{"browserName":"chrome","goog:chromeOptions":{"binary":"C:\\Program Files\\Google\\Chrome\\Application\\chrome.exe","args":["--start-maximized"]}},"logLevel":"warn","connectionRetryTimeout":120000,"connectionRetryCount":3,"logLevels":{},"enableDirectConnect":true,"strictSSL":true,"_":"65 more keys: [\"cacheDir\",\"port\",\"requestedCapabilities\",\"automationProtocol\",\"baseUrl\",\"waitforInterval\",\"waitforTimeout\",\"onReload\",\"beforeCommand\",\"afterCommand\",\"rootDir\",\"specs\",\"suites\",\"exclude\",\"groupLogsByTestSpec\",\"excludeDriverLogs\",\"bail\",\"framework\",\"reporters\",\"services\",\"maxInstances\",\"maxInstancesPerCapability\",\"injectGlobals\",\"filesToWatch\",\"execArgv\",\"runnerEnv\",\"runner\",\"shard\",\"specFileRetries\",\"specFileRetriesDelay\",\"specFileRetriesDeferred\",\"reporterSyncInterval\",\"reporterSyncTimeout\",\"cucumberFeaturesWithLineNumbers\",\"autoCompileOpts\",\"mochaOpts\",\"jasmineOpts\",\"cucumberOpts\",\"onPrepare\",\"onWorkerStart\",\"onWorkerEnd\",\"before\",\"beforeSession\",\"beforeSuite\",\"beforeHook\",\"beforeTest\",\"afterTest\",\"afterHook\",\"afterSuite\",\"afterSession\",\"after\",\"onComplete\",\"beforeAssertion\",\"afterAssertion\",\"beforeFeature\",\"beforeScenario\",\"beforeStep\",\"afterStep\",\"afterScenario\",\"afterFeature\",\"_\",\"suite\",\"$0\",\"ignoredWorkerServices\",\"wdi5\"]"}]}
COMMAND: POST /session/eb79c257209da8ba08c59be1d775ff21/execute/async - {"script":"<script> [21126 bytes]","args":[35000]}
RESULT: {"script":"<script> [21126 bytes]","args":[35000]}
COMMAND: POST /session/eb79c257209da8ba08c59be1d775ff21/execute/async - {"script":"<script> [1562 bytes]","args":[{"selector":{"controlType":"sap.m.Button","viewName":"etm.portal.ui.managecatalogs.view.Detail","viewId":"application-managecatalogs-display-component---detailCatalog","i18NText":{"propertyName":"text","key":"edit"},"interaction":{"idSuffix":"BDI-content"}},"wdio_ui5_key":"etmportal.ui.managecatalogs.view.Detailsap.m.Button{\"propertyName\":\"text\",\"key\":\"edit\"}"}]}
RESULT: {"script":"<script> [1562 bytes]","args":[{"selector":{"controlType":"sap.m.Button","viewName":"etm.portal.ui.managecatalogs.view.Detail","viewId":"application-managecatalogs-display-component---detailCatalog","i18NText":{"propertyName":"text","key":"edit"},"interaction":{"idSuffix":"BDI-content"}},"wdio_ui5_key":"etmportal.ui.managecatalogs.view.Detailsap.m.Button{\"propertyName\":\"text\",\"key\":\"edit\"}"}]}
RESULT: undefined
COMMAND: POST /session/eb79c257209da8ba08c59be1d775ff21/element - {"using":"xpath","value":"//*[@id=\"__button25\"]"}
RESULT: {"using":"xpath","value":"//*[@id=\"__button25\"]"}
COMMAND: POST /session/eb79c257209da8ba08c59be1d775ff21/element/f.9FA5373B3500B72DA4049E533E67ABAF.d.AD9BBA01C12CAD6DC8B17F9AE82BC18E.e.4600/click - {}
RESULT: {}
COMMAND: GET /session/eb79c257209da8ba08c59be1d775ff21/screenshot - {}
RESULT: {}
COMMAND: POST /session/eb79c257209da8ba08c59be1d775ff21/element - {"using":"xpath","value":"//button[contains(@title ,\"Create Catalog Item\")]"}
RESULT: {"using":"xpath","value":"//button[contains(@title ,\"Create Catalog Item\")]"}
COMMAND: POST /session/eb79c257209da8ba08c59be1d775ff21/element/f.9FA5373B3500B72DA4049E533E67ABAF.d.AD9BBA01C12CAD6DC8B17F9AE82BC18E.e.4607/click - {}
RESULT: {}
COMMAND: POST /session/eb79c257209da8ba08c59be1d775ff21/execute/async - {"script":"<script> [1562 bytes]","args":[{"selector":{"id":"application-managecatalogs-display-component---detailCatalog--newItemNumberInput","searchOpenDialogs":true,"interaction":{"idSuffix":"inner"}},"wdio_ui5_key":"applicationmanagecatalogs-display-component---detailCatalog--newItemNumberInput"}]}
COMMAND: GET /session/eb79c257209da8ba08c59be1d775ff21/screenshot - {}
RESULT: {"script":"<script> [1562 bytes]","args":[{"selector":{"id":"application-managecatalogs-display-component---detailCatalog--newItemNumberInput","searchOpenDialogs":true,"interaction":{"idSuffix":"inner"}},"wdio_ui5_key":"applicationmanagecatalogs-display-component---detailCatalog--newItemNumberInput"}]}
RESULT: undefined
COMMAND: POST /session/eb79c257209da8ba08c59be1d775ff21/execute/async - {"script":"<script> [776 bytes]","args":[{"enterText":"catalogItem1gbv6","selector":{"id":"application-managecatalogs-display-component---detailCatalog--newItemNumberInput","searchOpenDialogs":true,"interaction":{"idSuffix":"inner"}},"clearTextFirst":true,"interactionType":"ENTER_TEXT"}]}
RESULT: {}
RESULT: {"script":"<script> [776 bytes]","args":[{"enterText":"catalogItem1gbv6","selector":{"id":"application-managecatalogs-display-component---detailCatalog--newItemNumberInput","searchOpenDialogs":true,"interaction":{"idSuffix":"inner"}},"clearTextFirst":true,"interactionType":"ENTER_TEXT"}]}
COMMAND: POST /session/eb79c257209da8ba08c59be1d775ff21/execute/async - {"script":"<script> [1562 bytes]","args":[{"selector":{"controlType":"sap.m.Input","viewName":"etm.portal.ui.managecatalogs.view.Detail","viewId":"application-managecatalogs-display-component---detailCatalog","bindingPath":{"path":"","propertyPath":"/DESCRIPTION"},"searchOpenDialogs":true,"interaction":{"idSuffix":"inner"}},"wdio_ui5_key":"etmportal.ui.managecatalogs.view.Detailsap.m.Input{\"path\":\"\",\"propertyPath\":\"/DESCRIPTION\"}"}]}
RESULT: {"script":"<script> [1562 bytes]","args":[{"selector":{"controlType":"sap.m.Input","viewName":"etm.portal.ui.managecatalogs.view.Detail","viewId":"application-managecatalogs-display-component---detailCatalog","bindingPath":{"path":"","propertyPath":"/DESCRIPTION"},"searchOpenDialogs":true,"interaction":{"idSuffix":"inner"}},"wdio_ui5_key":"etmportal.ui.managecatalogs.view.Detailsap.m.Input{\"path\":\"\",\"propertyPath\":\"/DESCRIPTION\"}"}]}
RESULT: undefined
COMMAND: POST /session/eb79c257209da8ba08c59be1d775ff21/execute/async - {"script":"<script> [776 bytes]","args":[{"enterText":"catalogItemNamehlw4o","selector":{"controlType":"sap.m.Input","viewName":"etm.portal.ui.managecatalogs.view.Detail","viewId":"application-managecatalogs-display-component---detailCatalog","bindingPath":{"path":"","propertyPath":"/DESCRIPTION"},"searchOpenDialogs":true,"interaction":{"idSuffix":"inner"}},"clearTextFirst":true,"interactionType":"ENTER_TEXT"}]}
RESULT: {"script":"<script> [776 bytes]","args":[{"enterText":"catalogItemNamehlw4o","selector":{"controlType":"sap.m.Input","viewName":"etm.portal.ui.managecatalogs.view.Detail","viewId":"application-managecatalogs-display-component---detailCatalog","bindingPath":{"path":"","propertyPath":"/DESCRIPTION"},"searchOpenDialogs":true,"interaction":{"idSuffix":"inner"}},"clearTextFirst":true,"interactionType":"ENTER_TEXT"}]}
COMMAND: POST /session/eb79c257209da8ba08c59be1d775ff21/actions - {"actions":[{"id":"action12","type":"key","parameters":{},"actions":[{"type":"keyDown","value":""},{"type":"pause","duration":10},{"type":"keyUp","value":""}]}]}
RESULT: {"actions":[{"id":"action12","type":"key","parameters":{},"actions":[{"type":"keyDown","value":""},{"type":"pause","duration":10},{"type":"keyUp","value":""}]}]}
COMMAND: GET /session/eb79c257209da8ba08c59be1d775ff21/screenshot - {}
RESULT: {}
COMMAND: POST /session/eb79c257209da8ba08c59be1d775ff21/actions - {"actions":[{"id":"action13","type":"key","parameters":{},"actions":[{"type":"keyDown","value":""},{"type":"pause","duration":10},{"type":"keyUp","value":""}]}]}
RESULT: {"actions":[{"id":"action13","type":"key","parameters":{},"actions":[{"type":"keyDown","value":""},{"type":"pause","duration":10},{"type":"keyUp","value":""}]}]}
COMMAND: GET /session/eb79c257209da8ba08c59be1d775ff21/screenshot - {}
RESULT: {}
COMMAND: POST /session/eb79c257209da8ba08c59be1d775ff21/element - {"using":"xpath","value":"//button[@title=\"Save\"]"}
RESULT: {"using":"xpath","value":"//button[@title=\"Save\"]"}
COMMAND: POST /session/eb79c257209da8ba08c59be1d775ff21/element/f.9FA5373B3500B72DA4049E533E67ABAF.d.AD9BBA01C12CAD6DC8B17F9AE82BC18E.e.4616/click - {}
RESULT: {}
COMMAND: GET /session/eb79c257209da8ba08c59be1d775ff21/screenshot - {}
RESULT: {}
COMMAND: POST /session/eb79c257209da8ba08c59be1d775ff21/execute/async - {"script":"<script> [1562 bytes]","args":[{"selector":{"controlType":"sap.ui.core.Icon","viewName":"etm.portal.ui.managecatalogs.view.Detail","viewId":"application-managecatalogs-display-component---detailCatalog","properties":{"src":{"regex":{"source":"decline"}}}},"wdio_ui5_key":"etmportal.ui.managecatalogs.view.Detailsap.ui.core.Icon{\"src\":{\"regex\":{\"source\":\"decline\"}}}"}]}
RESULT: {"script":"<script> [1562 bytes]","args":[{"selector":{"controlType":"sap.ui.core.Icon","viewName":"etm.portal.ui.managecatalogs.view.Detail","viewId":"application-managecatalogs-display-component---detailCatalog","properties":{"src":{"regex":{"source":"decline"}}}},"wdio_ui5_key":"etmportal.ui.managecatalogs.view.Detailsap.ui.core.Icon{\"src\":{\"regex\":{\"source\":\"decline\"}}}"}]}
RESULT: undefined
COMMAND: POST /session/eb79c257209da8ba08c59be1d775ff21/element - {"using":"xpath","value":"//*[@id=\"__button28-img\"]"}
RESULT: {"using":"xpath","value":"//*[@id=\"__button28-img\"]"}
COMMAND: POST /session/eb79c257209da8ba08c59be1d775ff21/element/f.9FA5373B3500B72DA4049E533E67ABAF.d.AD9BBA01C12CAD6DC8B17F9AE82BC18E.e.4622/click - {}
RESULT: {}
COMMAND: GET /session/eb79c257209da8ba08c59be1d775ff21/screenshot - {}
RESULT: {}
COMMAND: POST /session/eb79c257209da8ba08c59be1d775ff21/execute/async - {"script":"<script> [1562 bytes]","args":[{"selector":{"controlType":"sap.ui.core.Icon","viewName":"etm.portal.ui.managecatalogs.view.MasterItems","viewId":"application-managecatalogs-display-component---masterCatalogItems","properties":{"src":{"regex":{"source":"refresh"}}}},"wdio_ui5_key":"etmportal.ui.managecatalogs.view.MasterItemssap.ui.core.Icon{\"src\":{\"regex\":{\"source\":\"refresh\"}}}"}]}
RESULT: {"script":"<script> [1562 bytes]","args":[{"selector":{"controlType":"sap.ui.core.Icon","viewName":"etm.portal.ui.managecatalogs.view.MasterItems","viewId":"application-managecatalogs-display-component---masterCatalogItems","properties":{"src":{"regex":{"source":"refresh"}}}},"wdio_ui5_key":"etmportal.ui.managecatalogs.view.MasterItemssap.ui.core.Icon{\"src\":{\"regex\":{\"source\":\"refresh\"}}}"}]}
RESULT: undefined
COMMAND: POST /session/eb79c257209da8ba08c59be1d775ff21/element - {"using":"xpath","value":"//*[@id=\"__button1-img\"]"}
RESULT: {"using":"xpath","value":"//*[@id=\"__button1-img\"]"}
COMMAND: POST /session/eb79c257209da8ba08c59be1d775ff21/element/f.9FA5373B3500B72DA4049E533E67ABAF.d.AD9BBA01C12CAD6DC8B17F9AE82BC18E.e.4628/click - {}
RESULT: {}
COMMAND: GET /session/eb79c257209da8ba08c59be1d775ff21/screenshot - {}
RESULT: {}
COMMAND: POST /session/eb79c257209da8ba08c59be1d775ff21/execute/async - {"script":"<script> [1562 bytes]","args":[{"selector":{"id":"application-managecatalogs-display-component---masterCatalogItems--searchItemsField","interaction":{"idSuffix":"I"}},"wdio_ui5_key":"applicationmanagecatalogs-display-component---masterCatalogItems--searchItemsField"}]}
RESULT: {"script":"<script> [1562 bytes]","args":[{"selector":{"id":"application-managecatalogs-display-component---masterCatalogItems--searchItemsField","interaction":{"idSuffix":"I"}},"wdio_ui5_key":"applicationmanagecatalogs-display-component---masterCatalogItems--searchItemsField"}]}
RESULT: undefined
COMMAND: POST /session/eb79c257209da8ba08c59be1d775ff21/execute/async - {"script":"<script> [776 bytes]","args":[{"enterText":"catalogItemNamehlw4o","selector":{"id":"application-managecatalogs-display-component---masterCatalogItems--searchItemsField","interaction":{"idSuffix":"I"}},"clearTextFirst":true,"interactionType":"ENTER_TEXT"}]}
RESULT: {"script":"<script> [776 bytes]","args":[{"enterText":"catalogItemNamehlw4o","selector":{"id":"application-managecatalogs-display-component---masterCatalogItems--searchItemsField","interaction":{"idSuffix":"I"}},"clearTextFirst":true,"interactionType":"ENTER_TEXT"}]}
COMMAND: POST /session/eb79c257209da8ba08c59be1d775ff21/actions - {"actions":[{"id":"action14","type":"key","parameters":{},"actions":[{"type":"keyDown","value":""},{"type":"pause","duration":10},{"type":"keyUp","value":""}]}]}
RESULT: {"actions":[{"id":"action14","type":"key","parameters":{},"actions":[{"type":"keyDown","value":""},{"type":"pause","duration":10},{"type":"keyUp","value":""}]}]}
COMMAND: POST /session/eb79c257209da8ba08c59be1d775ff21/element - {"using":"xpath","value":"(//span[contains(text(), \"catalogItemNamehlw4o\")])[1]"}
COMMAND: GET /session/eb79c257209da8ba08c59be1d775ff21/screenshot - {}
RESULT: {"using":"xpath","value":"(//span[contains(text(), \"catalogItemNamehlw4o\")])[1]"}
COMMAND: POST /session/eb79c257209da8ba08c59be1d775ff21/element/f.9FA5373B3500B72DA4049E533E67ABAF.d.AD9BBA01C12CAD6DC8B17F9AE82BC18E.e.4664/click - {}
RESULT: {}
RESULT: {}
COMMAND: GET /session/eb79c257209da8ba08c59be1d775ff21/screenshot - {}
RESULT: {}
COMMAND: POST /session/eb79c257209da8ba08c59be1d775ff21/element - {"using":"xpath","value":"//span[contains(text(), \"catalogItem1gbv6\")]"}
RESULT: {"using":"xpath","value":"//span[contains(text(), \"catalogItem1gbv6\")]"}
COMMAND: GET /session/eb79c257209da8ba08c59be1d775ff21/element/f.9FA5373B3500B72DA4049E533E67ABAF.d.AD9BBA01C12CAD6DC8B17F9AE82BC18E.e.4727/text - {}
RESULT: {}
]]></system-out>
    </testcase>
    <testcase classname="chrome.136_0_7103_93.windows.Standard_contract_-_add_contract_items_by_Insert_Request_US118222" name="Should assign resources to the catalog item" time="62.458">
      <system-out><![CDATA[
RESULT: undefined
COMMAND: POST /session/eb79c257209da8ba08c59be1d775ff21/element - {"using":"xpath","value":"//*[@id=\"__button25\"]"}
RESULT: {"using":"xpath","value":"//*[@id=\"__button25\"]"}
COMMAND: POST /session/eb79c257209da8ba08c59be1d775ff21/element/f.9FA5373B3500B72DA4049E533E67ABAF.d.AD9BBA01C12CAD6DC8B17F9AE82BC18E.e.4728/click - {}
RESULT: {}
COMMAND: GET /session/eb79c257209da8ba08c59be1d775ff21/screenshot - {}
RESULT: {}
COMMAND: POST /session/eb79c257209da8ba08c59be1d775ff21/execute/async - {"script":"<script> [1562 bytes]","args":[{"selector":{"id":"application-managecatalogs-display-component---detailCatalog--BASE_UNIT_OF_MEASURE-arrow"},"wdio_ui5_key":"applicationmanagecatalogs-display-component---detailCatalog--BASE_UNIT_OF_MEASURE-arrow"}]}
RESULT: {"script":"<script> [1562 bytes]","args":[{"selector":{"id":"application-managecatalogs-display-component---detailCatalog--BASE_UNIT_OF_MEASURE-arrow"},"wdio_ui5_key":"applicationmanagecatalogs-display-component---detailCatalog--BASE_UNIT_OF_MEASURE-arrow"}]}
RESULT: undefined
COMMAND: POST /session/eb79c257209da8ba08c59be1d775ff21/element - {"using":"xpath","value":"//*[@id=\"application-managecatalogs-display-component---detailCatalog--BASE_UNIT_OF_MEASURE-arrow\"]"}
RESULT: {"using":"xpath","value":"//*[@id=\"application-managecatalogs-display-component---detailCatalog--BASE_UNIT_OF_MEASURE-arrow\"]"}
COMMAND: POST /session/eb79c257209da8ba08c59be1d775ff21/element/f.9FA5373B3500B72DA4049E533E67ABAF.d.AD9BBA01C12CAD6DC8B17F9AE82BC18E.e.4757/click - {}
RESULT: {}
COMMAND: POST /session/eb79c257209da8ba08c59be1d775ff21/execute/async - {"script":"<script> [1562 bytes]","args":[{"selector":{"controlType":"sap.m.StandardListItem","viewName":"etm.portal.ui.managecatalogs.view.Detail","viewId":"application-managecatalogs-display-component---detailCatalog","properties":{"title":"Piece"},"searchOpenDialogs":true,"interaction":{"idSuffix":"titleText"}},"wdio_ui5_key":"etmportal.ui.managecatalogs.view.Detailsap.m.StandardListItem{\"title\":\"Piece\"}"}]}
COMMAND: GET /session/eb79c257209da8ba08c59be1d775ff21/screenshot - {}
RESULT: {}
RESULT: {"script":"<script> [1562 bytes]","args":[{"selector":{"controlType":"sap.m.StandardListItem","viewName":"etm.portal.ui.managecatalogs.view.Detail","viewId":"application-managecatalogs-display-component---detailCatalog","properties":{"title":"Piece"},"searchOpenDialogs":true,"interaction":{"idSuffix":"titleText"}},"wdio_ui5_key":"etmportal.ui.managecatalogs.view.Detailsap.m.StandardListItem{\"title\":\"Piece\"}"}]}
RESULT: undefined
COMMAND: POST /session/eb79c257209da8ba08c59be1d775ff21/element - {"using":"xpath","value":"//*[@id=\"__item223\"]"}
RESULT: {"using":"xpath","value":"//*[@id=\"__item223\"]"}
COMMAND: POST /session/eb79c257209da8ba08c59be1d775ff21/element/f.9FA5373B3500B72DA4049E533E67ABAF.d.AD9BBA01C12CAD6DC8B17F9AE82BC18E.e.4759/click - {}
RESULT: {}
COMMAND: POST /session/eb79c257209da8ba08c59be1d775ff21/execute/async - {"script":"<script> [1562 bytes]","args":[{"selector":{"id":"application-managecatalogs-display-component---detailCatalog--ObjectPageLayout-anchBar-application-managecatalogs-display-component---detailCatalog--sectionRUs-anchor","interaction":{"idSuffix":"BDI-content"}},"wdio_ui5_key":"applicationmanagecatalogs-display-component---detailCatalog--ObjectPageLayout-anchBar-application-managecatalogs-display-component---detailCatalog--sectionRUs-anchor"}]}
COMMAND: GET /session/eb79c257209da8ba08c59be1d775ff21/screenshot - {}
RESULT: {"script":"<script> [1562 bytes]","args":[{"selector":{"id":"application-managecatalogs-display-component---detailCatalog--ObjectPageLayout-anchBar-application-managecatalogs-display-component---detailCatalog--sectionRUs-anchor","interaction":{"idSuffix":"BDI-content"}},"wdio_ui5_key":"applicationmanagecatalogs-display-component---detailCatalog--ObjectPageLayout-anchBar-application-managecatalogs-display-component---detailCatalog--sectionRUs-anchor"}]}
RESULT: undefined
COMMAND: POST /session/eb79c257209da8ba08c59be1d775ff21/element - {"using":"xpath","value":"//*[@id=\"application-managecatalogs-display-component---detailCatalog--ObjectPageLayout-anchBar-application-managecatalogs-display-component---detailCatalog--sectionRUs-anchor\"]"}
RESULT: {}
RESULT: {"using":"xpath","value":"//*[@id=\"application-managecatalogs-display-component---detailCatalog--ObjectPageLayout-anchBar-application-managecatalogs-display-component---detailCatalog--sectionRUs-anchor\"]"}
COMMAND: POST /session/eb79c257209da8ba08c59be1d775ff21/element/f.9FA5373B3500B72DA4049E533E67ABAF.d.AD9BBA01C12CAD6DC8B17F9AE82BC18E.e.4761/click - {}
RESULT: {}
COMMAND: POST /session/eb79c257209da8ba08c59be1d775ff21/element - {"using":"xpath","value":"//button[contains(@data-kt ,\"catalogItemAssignRuButton\")]"}
COMMAND: GET /session/eb79c257209da8ba08c59be1d775ff21/screenshot - {}
RESULT: {"using":"xpath","value":"//button[contains(@data-kt ,\"catalogItemAssignRuButton\")]"}
COMMAND: POST /session/eb79c257209da8ba08c59be1d775ff21/element/f.9FA5373B3500B72DA4049E533E67ABAF.d.AD9BBA01C12CAD6DC8B17F9AE82BC18E.e.4767/click - {}
RESULT: {}
RESULT: {}
COMMAND: GET /session/eb79c257209da8ba08c59be1d775ff21/screenshot - {}
RESULT: {}
COMMAND: POST /session/eb79c257209da8ba08c59be1d775ff21/actions - {"actions":[{"id":"action15","type":"key","parameters":{},"actions":[{"type":"keyDown","value":""},{"type":"pause","duration":10},{"type":"keyUp","value":""}]}]}
RESULT: {"actions":[{"id":"action15","type":"key","parameters":{},"actions":[{"type":"keyDown","value":""},{"type":"pause","duration":10},{"type":"keyUp","value":""}]}]}
COMMAND: POST /session/eb79c257209da8ba08c59be1d775ff21/execute/async - {"script":"<script> [1562 bytes]","args":[{"selector":{"id":"application-managecatalogs-display-component---detailCatalog--assignRUSearchField-vhi","searchOpenDialogs":true},"wdio_ui5_key":"applicationmanagecatalogs-display-component---detailCatalog--assignRUSearchField-vhi"}]}
COMMAND: GET /session/eb79c257209da8ba08c59be1d775ff21/screenshot - {}
RESULT: {"script":"<script> [1562 bytes]","args":[{"selector":{"id":"application-managecatalogs-display-component---detailCatalog--assignRUSearchField-vhi","searchOpenDialogs":true},"wdio_ui5_key":"applicationmanagecatalogs-display-component---detailCatalog--assignRUSearchField-vhi"}]}
RESULT: undefined
COMMAND: POST /session/eb79c257209da8ba08c59be1d775ff21/element - {"using":"xpath","value":"//*[@id=\"application-managecatalogs-display-component---detailCatalog--assignRUSearchField-vhi\"]"}
RESULT: {}
RESULT: {"using":"xpath","value":"//*[@id=\"application-managecatalogs-display-component---detailCatalog--assignRUSearchField-vhi\"]"}
COMMAND: POST /session/eb79c257209da8ba08c59be1d775ff21/element/f.9FA5373B3500B72DA4049E533E67ABAF.d.AD9BBA01C12CAD6DC8B17F9AE82BC18E.e.4788/click - {}
RESULT: {}
COMMAND: GET /session/eb79c257209da8ba08c59be1d775ff21/screenshot - {}
RESULT: {}
COMMAND: POST /session/eb79c257209da8ba08c59be1d775ff21/element - {"using":"xpath","value":"//input[contains(@id ,\"searchField-I\")]"}
RESULT: {"using":"xpath","value":"//input[contains(@id ,\"searchField-I\")]"}
COMMAND: POST /session/eb79c257209da8ba08c59be1d775ff21/element/f.9FA5373B3500B72DA4049E533E67ABAF.d.AD9BBA01C12CAD6DC8B17F9AE82BC18E.e.4791/clear - {}
RESULT: {}
COMMAND: POST /session/eb79c257209da8ba08c59be1d775ff21/element/f.9FA5373B3500B72DA4049E533E67ABAF.d.AD9BBA01C12CAD6DC8B17F9AE82BC18E.e.4791/value - {"text":"WdIOR2cEquipfrqfxk"}
COMMAND: GET /session/eb79c257209da8ba08c59be1d775ff21/screenshot - {}
RESULT: {"text":"WdIOR2cEquipfrqfxk"}
COMMAND: GET /session/eb79c257209da8ba08c59be1d775ff21/screenshot - {}
RESULT: {}
RESULT: {}
COMMAND: POST /session/eb79c257209da8ba08c59be1d775ff21/actions - {"actions":[{"id":"action16","type":"key","parameters":{},"actions":[{"type":"keyDown","value":""},{"type":"pause","duration":10},{"type":"keyUp","value":""}]}]}
RESULT: {"actions":[{"id":"action16","type":"key","parameters":{},"actions":[{"type":"keyDown","value":""},{"type":"pause","duration":10},{"type":"keyUp","value":""}]}]}
COMMAND: GET /session/eb79c257209da8ba08c59be1d775ff21/screenshot - {}
RESULT: {}
COMMAND: POST /session/eb79c257209da8ba08c59be1d775ff21/actions - {"actions":[{"id":"action17","type":"key","parameters":{},"actions":[{"type":"keyDown","value":""},{"type":"pause","duration":10},{"type":"keyUp","value":""}]}]}
RESULT: {"actions":[{"id":"action17","type":"key","parameters":{},"actions":[{"type":"keyDown","value":""},{"type":"pause","duration":10},{"type":"keyUp","value":""}]}]}
COMMAND: GET /session/eb79c257209da8ba08c59be1d775ff21/screenshot - {}
RESULT: {}
COMMAND: POST /session/eb79c257209da8ba08c59be1d775ff21/actions - {"actions":[{"id":"action18","type":"key","parameters":{},"actions":[{"type":"keyDown","value":""},{"type":"pause","duration":10},{"type":"keyUp","value":""}]}]}
RESULT: {"actions":[{"id":"action18","type":"key","parameters":{},"actions":[{"type":"keyDown","value":""},{"type":"pause","duration":10},{"type":"keyUp","value":""}]}]}
COMMAND: GET /session/eb79c257209da8ba08c59be1d775ff21/screenshot - {}
RESULT: {}
COMMAND: POST /session/eb79c257209da8ba08c59be1d775ff21/element - {"using":"xpath","value":"//bdi[contains(@id ,\"application-managecatalogs-display-component---detailCatalog--RUAssignmentSaveButton-BDI-content\")]"}
RESULT: {"using":"xpath","value":"//bdi[contains(@id ,\"application-managecatalogs-display-component---detailCatalog--RUAssignmentSaveButton-BDI-content\")]"}
COMMAND: POST /session/eb79c257209da8ba08c59be1d775ff21/element/f.9FA5373B3500B72DA4049E533E67ABAF.d.AD9BBA01C12CAD6DC8B17F9AE82BC18E.e.4809/click - {}
RESULT: {}
COMMAND: GET /session/eb79c257209da8ba08c59be1d775ff21/screenshot - {}
RESULT: {}
COMMAND: POST /session/eb79c257209da8ba08c59be1d775ff21/element - {"using":"xpath","value":"//bdi[contains(@id ,\"application-managecatalogs-display-component---detailCatalog--ObjectPageLayout-anchBar-application-managecatalogs-display-component---detailCatalog--sectionRUs-anchor-BDI-content\")]"}
RESULT: {"using":"xpath","value":"//bdi[contains(@id ,\"application-managecatalogs-display-component---detailCatalog--ObjectPageLayout-anchBar-application-managecatalogs-display-component---detailCatalog--sectionRUs-anchor-BDI-content\")]"}
COMMAND: POST /session/eb79c257209da8ba08c59be1d775ff21/element/f.9FA5373B3500B72DA4049E533E67ABAF.d.AD9BBA01C12CAD6DC8B17F9AE82BC18E.e.4831/click - {}
RESULT: {}
COMMAND: GET /session/eb79c257209da8ba08c59be1d775ff21/screenshot - {}
RESULT: {}
COMMAND: POST /session/eb79c257209da8ba08c59be1d775ff21/element - {"using":"xpath","value":"//button[contains(@data-kt ,\"catalogItemAssignRuButton\")]"}
RESULT: {"using":"xpath","value":"//button[contains(@data-kt ,\"catalogItemAssignRuButton\")]"}
COMMAND: POST /session/eb79c257209da8ba08c59be1d775ff21/element/f.9FA5373B3500B72DA4049E533E67ABAF.d.AD9BBA01C12CAD6DC8B17F9AE82BC18E.e.4767/click - {}
RESULT: {}
COMMAND: GET /session/eb79c257209da8ba08c59be1d775ff21/screenshot - {}
RESULT: {}
COMMAND: POST /session/eb79c257209da8ba08c59be1d775ff21/actions - {"actions":[{"id":"action19","type":"key","parameters":{},"actions":[{"type":"keyDown","value":""},{"type":"pause","duration":10},{"type":"keyUp","value":""}]}]}
RESULT: {"actions":[{"id":"action19","type":"key","parameters":{},"actions":[{"type":"keyDown","value":""},{"type":"pause","duration":10},{"type":"keyUp","value":""}]}]}
RESULT: undefined
COMMAND: POST /session/eb79c257209da8ba08c59be1d775ff21/element - {"using":"xpath","value":"//*[@id=\"application-managecatalogs-display-component---detailCatalog--assignRUSearchField-vhi\"]"}
COMMAND: GET /session/eb79c257209da8ba08c59be1d775ff21/screenshot - {}
RESULT: {"using":"xpath","value":"//*[@id=\"application-managecatalogs-display-component---detailCatalog--assignRUSearchField-vhi\"]"}
COMMAND: POST /session/eb79c257209da8ba08c59be1d775ff21/elements - {"using":"xpath","value":"//*[@id=\"application-managecatalogs-display-component---detailCatalog--assignRUSearchField-vhi\"]"}
RESULT: {}
RESULT: {"using":"xpath","value":"//*[@id=\"application-managecatalogs-display-component---detailCatalog--assignRUSearchField-vhi\"]"}
COMMAND: POST /session/eb79c257209da8ba08c59be1d775ff21/element - {"using":"xpath","value":"//*[@id=\"application-managecatalogs-display-component---detailCatalog--assignRUSearchField-vhi\"]"}
RESULT: {"using":"xpath","value":"//*[@id=\"application-managecatalogs-display-component---detailCatalog--assignRUSearchField-vhi\"]"}
COMMAND: POST /session/eb79c257209da8ba08c59be1d775ff21/element/f.9FA5373B3500B72DA4049E533E67ABAF.d.AD9BBA01C12CAD6DC8B17F9AE82BC18E.e.4852/click - {}
RESULT: {}
COMMAND: POST /session/eb79c257209da8ba08c59be1d775ff21/execute/async - {"script":"<script> [1562 bytes]","args":[{"selector":{"controlType":"sap.m.SearchField","viewName":"etm.portal.ui.managecatalogs.view.Detail","viewId":"application-managecatalogs-display-component---detailCatalog","searchOpenDialogs":true,"interaction":{"idSuffix":"I"}},"wdio_ui5_key":"etmportal.ui.managecatalogs.view.Detailsap.m.SearchField"}]}
COMMAND: GET /session/eb79c257209da8ba08c59be1d775ff21/screenshot - {}
RESULT: {"script":"<script> [1562 bytes]","args":[{"selector":{"controlType":"sap.m.SearchField","viewName":"etm.portal.ui.managecatalogs.view.Detail","viewId":"application-managecatalogs-display-component---detailCatalog","searchOpenDialogs":true,"interaction":{"idSuffix":"I"}},"wdio_ui5_key":"etmportal.ui.managecatalogs.view.Detailsap.m.SearchField"}]}
RESULT: undefined
COMMAND: POST /session/eb79c257209da8ba08c59be1d775ff21/execute/async - {"script":"<script> [776 bytes]","args":[{"enterText":"WebdriverRUR2Cdx30a","selector":{"controlType":"sap.m.SearchField","viewName":"etm.portal.ui.managecatalogs.view.Detail","viewId":"application-managecatalogs-display-component---detailCatalog","searchOpenDialogs":true,"interaction":{"idSuffix":"I"}},"clearTextFirst":true,"interactionType":"ENTER_TEXT"}]}
RESULT: {}
RESULT: {"script":"<script> [776 bytes]","args":[{"enterText":"WebdriverRUR2Cdx30a","selector":{"controlType":"sap.m.SearchField","viewName":"etm.portal.ui.managecatalogs.view.Detail","viewId":"application-managecatalogs-display-component---detailCatalog","searchOpenDialogs":true,"interaction":{"idSuffix":"I"}},"clearTextFirst":true,"interactionType":"ENTER_TEXT"}]}
COMMAND: POST /session/eb79c257209da8ba08c59be1d775ff21/actions - {"actions":[{"id":"action20","type":"key","parameters":{},"actions":[{"type":"keyDown","value":""},{"type":"pause","duration":10},{"type":"keyUp","value":""}]}]}
RESULT: {"actions":[{"id":"action20","type":"key","parameters":{},"actions":[{"type":"keyDown","value":""},{"type":"pause","duration":10},{"type":"keyUp","value":""}]}]}
COMMAND: GET /session/eb79c257209da8ba08c59be1d775ff21/screenshot - {}
RESULT: {}
COMMAND: POST /session/eb79c257209da8ba08c59be1d775ff21/element - {"using":"xpath","value":"(//span[contains(text(), \"WebdriverRUR2Cdx30a\")])[1]"}
RESULT: {"using":"xpath","value":"(//span[contains(text(), \"WebdriverRUR2Cdx30a\")])[1]"}
COMMAND: POST /session/eb79c257209da8ba08c59be1d775ff21/element/f.9FA5373B3500B72DA4049E533E67ABAF.d.AD9BBA01C12CAD6DC8B17F9AE82BC18E.e.4870/click - {}
RESULT: {}
COMMAND: POST /session/eb79c257209da8ba08c59be1d775ff21/execute/async - {"script":"<script> [1562 bytes]","args":[{"selector":{"id":"application-managecatalogs-display-component---detailCatalog--RUAssignmentSaveButton","searchOpenDialogs":true,"interaction":{"idSuffix":"BDI-content"}},"wdio_ui5_key":"applicationmanagecatalogs-display-component---detailCatalog--RUAssignmentSaveButton"}]}
COMMAND: GET /session/eb79c257209da8ba08c59be1d775ff21/screenshot - {}
RESULT: {"script":"<script> [1562 bytes]","args":[{"selector":{"id":"application-managecatalogs-display-component---detailCatalog--RUAssignmentSaveButton","searchOpenDialogs":true,"interaction":{"idSuffix":"BDI-content"}},"wdio_ui5_key":"applicationmanagecatalogs-display-component---detailCatalog--RUAssignmentSaveButton"}]}
RESULT: undefined
COMMAND: POST /session/eb79c257209da8ba08c59be1d775ff21/element - {"using":"xpath","value":"//*[@id=\"application-managecatalogs-display-component---detailCatalog--RUAssignmentSaveButton\"]"}
RESULT: {}
RESULT: {"using":"xpath","value":"//*[@id=\"application-managecatalogs-display-component---detailCatalog--RUAssignmentSaveButton\"]"}
COMMAND: POST /session/eb79c257209da8ba08c59be1d775ff21/element/f.9FA5373B3500B72DA4049E533E67ABAF.d.AD9BBA01C12CAD6DC8B17F9AE82BC18E.e.4873/click - {}
RESULT: {}
COMMAND: GET /session/eb79c257209da8ba08c59be1d775ff21/screenshot - {}
RESULT: {}
COMMAND: POST /session/eb79c257209da8ba08c59be1d775ff21/element - {"using":"xpath","value":"//bdi[contains(text(), \"Save\")]"}
RESULT: {"using":"xpath","value":"//bdi[contains(text(), \"Save\")]"}
COMMAND: POST /session/eb79c257209da8ba08c59be1d775ff21/element/f.9FA5373B3500B72DA4049E533E67ABAF.d.AD9BBA01C12CAD6DC8B17F9AE82BC18E.e.4897/click - {}
RESULT: {}
COMMAND: GET /session/eb79c257209da8ba08c59be1d775ff21/screenshot - {}
RESULT: {}
COMMAND: POST /session/eb79c257209da8ba08c59be1d775ff21/element - {"using":"css selector","value":"#shell-header-logo"}
RESULT: {"using":"css selector","value":"#shell-header-logo"}
COMMAND: POST /session/eb79c257209da8ba08c59be1d775ff21/element/f.9FA5373B3500B72DA4049E533E67ABAF.d.AD9BBA01C12CAD6DC8B17F9AE82BC18E.e.4565/click - {}
RESULT: {}
COMMAND: GET /session/eb79c257209da8ba08c59be1d775ff21/screenshot - {}
RESULT: {}
]]></system-out>
    </testcase>
    <testcase classname="chrome.136_0_7103_93.windows.Standard_contract_-_add_contract_items_by_Insert_Request_US118222" name="Should create a new contract" time="93.862">
      <system-out><![CDATA[
COMMAND: POST /session/eb79c257209da8ba08c59be1d775ff21/execute/async - {"script":"<script> [1562 bytes]","args":[{"selector":{"controlType":"sap.m.GenericTile","properties":{"header":"Manage Contracts"}},"wdio_ui5_key":"sapm.GenericTile{\"header\":\"Manage Contracts\"}"}]}
RESULT: {"script":"<script> [1562 bytes]","args":[{"selector":{"controlType":"sap.m.GenericTile","properties":{"header":"Manage Contracts"}},"wdio_ui5_key":"sapm.GenericTile{\"header\":\"Manage Contracts\"}"}]}
RESULT: undefined
COMMAND: POST /session/eb79c257209da8ba08c59be1d775ff21/element - {"using":"xpath","value":"//*[@id=\"__tile130\"]"}
RESULT: {"using":"xpath","value":"//*[@id=\"__tile130\"]"}
COMMAND: POST /session/eb79c257209da8ba08c59be1d775ff21/element/f.9FA5373B3500B72DA4049E533E67ABAF.d.AD9BBA01C12CAD6DC8B17F9AE82BC18E.e.4931/click - {}
RESULT: {}
COMMAND: GET /session/eb79c257209da8ba08c59be1d775ff21/screenshot - {}
RESULT: {}
COMMAND: POST /session/eb79c257209da8ba08c59be1d775ff21/elements - {"using":"xpath","value":"//span[text()='Error']"}
RESULT: {"using":"xpath","value":"//span[text()='Error']"}
COMMAND: POST /session/eb79c257209da8ba08c59be1d775ff21/element - {"using":"xpath","value":"//button[@data-kt=\"addButton\"]"}
RESULT: {"using":"xpath","value":"//button[@data-kt=\"addButton\"]"}
COMMAND: POST /session/eb79c257209da8ba08c59be1d775ff21/element/f.9FA5373B3500B72DA4049E533E67ABAF.d.AD9BBA01C12CAD6DC8B17F9AE82BC18E.e.4984/click - {}
RESULT: {}
COMMAND: GET /session/eb79c257209da8ba08c59be1d775ff21/screenshot - {}
RESULT: {}
COMMAND: POST /session/eb79c257209da8ba08c59be1d775ff21/execute/async - {"script":"<script> [1562 bytes]","args":[{"selector":{"id":"application-managecontracts-display-component---AddNewContract--projectDescription","interaction":{"idSuffix":"inner"}},"wdio_ui5_key":"applicationmanagecontracts-display-component---AddNewContract--projectDescription"}]}
RESULT: {"script":"<script> [1562 bytes]","args":[{"selector":{"id":"application-managecontracts-display-component---AddNewContract--projectDescription","interaction":{"idSuffix":"inner"}},"wdio_ui5_key":"applicationmanagecontracts-display-component---AddNewContract--projectDescription"}]}
RESULT: undefined
COMMAND: POST /session/eb79c257209da8ba08c59be1d775ff21/execute/async - {"script":"<script> [776 bytes]","args":[{"enterText":"WdIOR2crhkd9","selector":{"id":"application-managecontracts-display-component---AddNewContract--projectDescription","interaction":{"idSuffix":"inner"}},"clearTextFirst":true,"interactionType":"ENTER_TEXT"}]}
RESULT: {"script":"<script> [776 bytes]","args":[{"enterText":"WdIOR2crhkd9","selector":{"id":"application-managecontracts-display-component---AddNewContract--projectDescription","interaction":{"idSuffix":"inner"}},"clearTextFirst":true,"interactionType":"ENTER_TEXT"}]}
COMMAND: POST /session/eb79c257209da8ba08c59be1d775ff21/element - {"using":"xpath","value":"//input[@id=\"application-managecontracts-display-component---AddNewContract--yardId-inner\"]"}
RESULT: {"using":"xpath","value":"//input[@id=\"application-managecontracts-display-component---AddNewContract--yardId-inner\"]"}
COMMAND: POST /session/eb79c257209da8ba08c59be1d775ff21/element/f.9FA5373B3500B72DA4049E533E67ABAF.d.AD9BBA01C12CAD6DC8B17F9AE82BC18E.e.5252/clear - {}
RESULT: {}
COMMAND: POST /session/eb79c257209da8ba08c59be1d775ff21/element/f.9FA5373B3500B72DA4049E533E67ABAF.d.AD9BBA01C12CAD6DC8B17F9AE82BC18E.e.5252/value - {"text":"WebdriverYardd0gb7"}
COMMAND: GET /session/eb79c257209da8ba08c59be1d775ff21/screenshot - {}
RESULT: {"text":"WebdriverYardd0gb7"}
COMMAND: GET /session/eb79c257209da8ba08c59be1d775ff21/screenshot - {}
RESULT: {}
RESULT: {}
COMMAND: POST /session/eb79c257209da8ba08c59be1d775ff21/actions - {"actions":[{"id":"action21","type":"key","parameters":{},"actions":[{"type":"keyDown","value":""},{"type":"pause","duration":10},{"type":"keyUp","value":""}]}]}
RESULT: {"actions":[{"id":"action21","type":"key","parameters":{},"actions":[{"type":"keyDown","value":""},{"type":"pause","duration":10},{"type":"keyUp","value":""}]}]}
COMMAND: GET /session/eb79c257209da8ba08c59be1d775ff21/screenshot - {}
RESULT: {}
COMMAND: POST /session/eb79c257209da8ba08c59be1d775ff21/element - {"using":"xpath","value":"//input[@id=\"application-managecontracts-display-component---AddNewContract--customerSelect-inner\"]"}
RESULT: {"using":"xpath","value":"//input[@id=\"application-managecontracts-display-component---AddNewContract--customerSelect-inner\"]"}
COMMAND: POST /session/eb79c257209da8ba08c59be1d775ff21/element/f.9FA5373B3500B72DA4049E533E67ABAF.d.AD9BBA01C12CAD6DC8B17F9AE82BC18E.e.5250/clear - {}
RESULT: {}
COMMAND: POST /session/eb79c257209da8ba08c59be1d775ff21/element/f.9FA5373B3500B72DA4049E533E67ABAF.d.AD9BBA01C12CAD6DC8B17F9AE82BC18E.e.5250/value - {"text":"WebdriverPartnerj2b72i"}
COMMAND: GET /session/eb79c257209da8ba08c59be1d775ff21/screenshot - {}
RESULT: {"text":"WebdriverPartnerj2b72i"}
COMMAND: GET /session/eb79c257209da8ba08c59be1d775ff21/screenshot - {}
RESULT: {}
RESULT: {}
COMMAND: POST /session/eb79c257209da8ba08c59be1d775ff21/actions - {"actions":[{"id":"action22","type":"key","parameters":{},"actions":[{"type":"keyDown","value":""},{"type":"pause","duration":10},{"type":"keyUp","value":""}]}]}
RESULT: {"actions":[{"id":"action22","type":"key","parameters":{},"actions":[{"type":"keyDown","value":""},{"type":"pause","duration":10},{"type":"keyUp","value":""}]}]}
COMMAND: GET /session/eb79c257209da8ba08c59be1d775ff21/screenshot - {}
RESULT: {}
COMMAND: POST /session/eb79c257209da8ba08c59be1d775ff21/element - {"using":"xpath","value":"//input[@id=\"application-managecontracts-display-component---AddNewContract--site-inner\"]"}
RESULT: {"using":"xpath","value":"//input[@id=\"application-managecontracts-display-component---AddNewContract--site-inner\"]"}
COMMAND: POST /session/eb79c257209da8ba08c59be1d775ff21/element/f.9FA5373B3500B72DA4049E533E67ABAF.d.AD9BBA01C12CAD6DC8B17F9AE82BC18E.e.5251/clear - {}
RESULT: {}
COMMAND: POST /session/eb79c257209da8ba08c59be1d775ff21/element/f.9FA5373B3500B72DA4049E533E67ABAF.d.AD9BBA01C12CAD6DC8B17F9AE82BC18E.e.5251/value - {"text":"WebdriverSitey2x3t"}
COMMAND: GET /session/eb79c257209da8ba08c59be1d775ff21/screenshot - {}
RESULT: {"text":"WebdriverSitey2x3t"}
COMMAND: GET /session/eb79c257209da8ba08c59be1d775ff21/screenshot - {}
RESULT: {}
RESULT: {}
COMMAND: POST /session/eb79c257209da8ba08c59be1d775ff21/actions - {"actions":[{"id":"action23","type":"key","parameters":{},"actions":[{"type":"keyDown","value":""},{"type":"pause","duration":10},{"type":"keyUp","value":""}]}]}
RESULT: {"actions":[{"id":"action23","type":"key","parameters":{},"actions":[{"type":"keyDown","value":""},{"type":"pause","duration":10},{"type":"keyUp","value":""}]}]}
COMMAND: GET /session/eb79c257209da8ba08c59be1d775ff21/screenshot - {}
RESULT: {}
COMMAND: POST /session/eb79c257209da8ba08c59be1d775ff21/element - {"using":"xpath","value":"//button[@data-kt=\"saveButton\"]"}
RESULT: {"using":"xpath","value":"//button[@data-kt=\"saveButton\"]"}
COMMAND: POST /session/eb79c257209da8ba08c59be1d775ff21/element/f.9FA5373B3500B72DA4049E533E67ABAF.d.AD9BBA01C12CAD6DC8B17F9AE82BC18E.e.5326/click - {}
RESULT: {}
COMMAND: GET /session/eb79c257209da8ba08c59be1d775ff21/screenshot - {}
RESULT: {}
COMMAND: POST /session/eb79c257209da8ba08c59be1d775ff21/execute/async - {"script":"<script> [1562 bytes]","args":[{"selector":{"id":"contractDetailTitleNoExpanded","viewName":"etm.portal.ui.managecontracts.view.Detail"},"wdio_ui5_key":"contractDetailTitleNoExpandedetmportal.ui.managecontracts.view.Detail"}]}
RESULT: {"script":"<script> [1562 bytes]","args":[{"selector":{"id":"contractDetailTitleNoExpanded","viewName":"etm.portal.ui.managecontracts.view.Detail"},"wdio_ui5_key":"contractDetailTitleNoExpandedetmportal.ui.managecontracts.view.Detail"}]}
RESULT: undefined
COMMAND: POST /session/eb79c257209da8ba08c59be1d775ff21/execute/async - {"script":"<script> [6424 bytes]","args":[{"element-6066-11e4-a52e-4f735466cecf":"f.9FA5373B3500B72DA4049E533E67ABAF.d.AD9BBA01C12CAD6DC8B17F9AE82BC18E.e.5407"},"getText",[]]}
RESULT: {"script":"<script> [6424 bytes]","args":[{"element-6066-11e4-a52e-4f735466cecf":"f.9FA5373B3500B72DA4049E533E67ABAF.d.AD9BBA01C12CAD6DC8B17F9AE82BC18E.e.5407"},"getText",[]]}
]]></system-out>
    </testcase>
    <testcase classname="chrome.136_0_7103_93.windows.Standard_contract_-_add_contract_items_by_Insert_Request_US118222" name="Should create a new request and plan it" time="202.437">
      <system-out><![CDATA[
COMMAND: POST /session/eb79c257209da8ba08c59be1d775ff21/element - {"using":"css selector","value":"#shell-header-logo"}
RESULT: {"using":"css selector","value":"#shell-header-logo"}
COMMAND: POST /session/eb79c257209da8ba08c59be1d775ff21/element/f.9FA5373B3500B72DA4049E533E67ABAF.d.AD9BBA01C12CAD6DC8B17F9AE82BC18E.e.4934/click - {}
RESULT: {}
COMMAND: GET /session/eb79c257209da8ba08c59be1d775ff21/screenshot - {}
RESULT: {}
COMMAND: POST /session/eb79c257209da8ba08c59be1d775ff21/execute/async - {"script":"<script> [1562 bytes]","args":[{"selector":{"controlType":"sap.m.GenericTile","properties":{"header":"Manage Requests"}},"wdio_ui5_key":"sapm.GenericTile{\"header\":\"Manage Requests\"}"}]}
RESULT: {"script":"<script> [1562 bytes]","args":[{"selector":{"controlType":"sap.m.GenericTile","properties":{"header":"Manage Requests"}},"wdio_ui5_key":"sapm.GenericTile{\"header\":\"Manage Requests\"}"}]}
RESULT: undefined
COMMAND: POST /session/eb79c257209da8ba08c59be1d775ff21/element - {"using":"xpath","value":"//*[@id=\"__tile47\"]"}
RESULT: {"using":"xpath","value":"//*[@id=\"__tile47\"]"}
COMMAND: POST /session/eb79c257209da8ba08c59be1d775ff21/element/f.9FA5373B3500B72DA4049E533E67ABAF.d.AD9BBA01C12CAD6DC8B17F9AE82BC18E.e.5410/click - {}
RESULT: {}
COMMAND: GET /session/eb79c257209da8ba08c59be1d775ff21/screenshot - {}
RESULT: {}
COMMAND: POST /session/eb79c257209da8ba08c59be1d775ff21/elements - {"using":"xpath","value":"//span[text()='Error']"}
RESULT: {"using":"xpath","value":"//span[text()='Error']"}
COMMAND: POST /session/eb79c257209da8ba08c59be1d775ff21/element - {"using":"xpath","value":"//button[contains(@data-kt ,\"btnCreateNewOverflowToolbarButton\")]"}
COMMAND: POST /session/eb79c257209da8ba08c59be1d775ff21/element - {"using":"xpath","value":"(//span[contains(@class ,\"sapMObjStatusText\")])[1]"}
RESULT: {"using":"xpath","value":"//button[contains(@data-kt ,\"btnCreateNewOverflowToolbarButton\")]"}
COMMAND: POST /session/eb79c257209da8ba08c59be1d775ff21/element/f.9FA5373B3500B72DA4049E533E67ABAF.d.AD9BBA01C12CAD6DC8B17F9AE82BC18E.e.5448/click - {}
RESULT: {"using":"xpath","value":"(//span[contains(@class ,\"sapMObjStatusText\")])[1]"}
COMMAND: POST /session/eb79c257209da8ba08c59be1d775ff21/execute/sync - {"script":"<script> [8489 bytes]","args":[{"element-6066-11e4-a52e-4f735466cecf":"f.9FA5373B3500B72DA4049E533E67ABAF.d.AD9BBA01C12CAD6DC8B17F9AE82BC18E.e.5512","ELEMENT":"f.9FA5373B3500B72DA4049E533E67ABAF.d.AD9BBA01C12CAD6DC8B17F9AE82BC18E.e.5512"}]}
RESULT: {}
COMMAND: GET /session/eb79c257209da8ba08c59be1d775ff21/screenshot - {}
RESULT: {"script":"<script> [8489 bytes]","args":[{"element-6066-11e4-a52e-4f735466cecf":"f.9FA5373B3500B72DA4049E533E67ABAF.d.AD9BBA01C12CAD6DC8B17F9AE82BC18E.e.5512","ELEMENT":"f.9FA5373B3500B72DA4049E533E67ABAF.d.AD9BBA01C12CAD6DC8B17F9AE82BC18E.e.5512"}]}
COMMAND: GET /session/eb79c257209da8ba08c59be1d775ff21/screenshot - {}
RESULT: {}
RESULT: {}
COMMAND: POST /session/eb79c257209da8ba08c59be1d775ff21/element - {"using":"xpath","value":"//input[contains(@id ,\"yardId-inner\")]"}
RESULT: {"using":"xpath","value":"//input[contains(@id ,\"yardId-inner\")]"}
COMMAND: POST /session/eb79c257209da8ba08c59be1d775ff21/execute/sync - {"script":"<script> [8489 bytes]","args":[{"element-6066-11e4-a52e-4f735466cecf":"f.9FA5373B3500B72DA4049E533E67ABAF.d.AD9BBA01C12CAD6DC8B17F9AE82BC18E.e.5604","ELEMENT":"f.9FA5373B3500B72DA4049E533E67ABAF.d.AD9BBA01C12CAD6DC8B17F9AE82BC18E.e.5604"}]}
RESULT: {"script":"<script> [8489 bytes]","args":[{"element-6066-11e4-a52e-4f735466cecf":"f.9FA5373B3500B72DA4049E533E67ABAF.d.AD9BBA01C12CAD6DC8B17F9AE82BC18E.e.5604","ELEMENT":"f.9FA5373B3500B72DA4049E533E67ABAF.d.AD9BBA01C12CAD6DC8B17F9AE82BC18E.e.5604"}]}
COMMAND: POST /session/eb79c257209da8ba08c59be1d775ff21/element - {"using":"xpath","value":"//input[contains(@id ,\"requestContractNo-inner\")]"}
COMMAND: POST /session/eb79c257209da8ba08c59be1d775ff21/element - {"using":"xpath","value":"//input[contains(@id ,\"requestContractNo-inner\")]"}
COMMAND: GET /session/eb79c257209da8ba08c59be1d775ff21/screenshot - {}
RESULT: {"using":"xpath","value":"//input[contains(@id ,\"requestContractNo-inner\")]"}
COMMAND: POST /session/eb79c257209da8ba08c59be1d775ff21/element/f.9FA5373B3500B72DA4049E533E67ABAF.d.AD9BBA01C12CAD6DC8B17F9AE82BC18E.e.5599/value - {"text":"10194"}
RESULT: {"using":"xpath","value":"//input[contains(@id ,\"requestContractNo-inner\")]"}
COMMAND: GET /session/eb79c257209da8ba08c59be1d775ff21/element/f.9FA5373B3500B72DA4049E533E67ABAF.d.AD9BBA01C12CAD6DC8B17F9AE82BC18E.e.5599/enabled - {}
RESULT: {}
RESULT: {"text":"10194"}
COMMAND: GET /session/eb79c257209da8ba08c59be1d775ff21/screenshot - {}
RESULT: {}
COMMAND: GET /session/eb79c257209da8ba08c59be1d775ff21/screenshot - {}
RESULT: {}
RESULT: {}
COMMAND: POST /session/eb79c257209da8ba08c59be1d775ff21/actions - {"actions":[{"id":"action24","type":"key","parameters":{},"actions":[{"type":"keyDown","value":""},{"type":"pause","duration":10},{"type":"keyUp","value":""}]}]}
RESULT: {"actions":[{"id":"action24","type":"key","parameters":{},"actions":[{"type":"keyDown","value":""},{"type":"pause","duration":10},{"type":"keyUp","value":""}]}]}
COMMAND: GET /session/eb79c257209da8ba08c59be1d775ff21/screenshot - {}
RESULT: {}
COMMAND: POST /session/eb79c257209da8ba08c59be1d775ff21/execute/async - {"script":"<script> [1562 bytes]","args":[{"selector":{"controlType":"sap.ui.core.Icon","viewName":"etm.portal.ui.managerequests.view.NewRequest","properties":{"src":{"regex":{"source":"add"}}}},"wdio_ui5_key":"etmportal.ui.managerequests.view.NewRequestsap.ui.core.Icon{\"src\":{\"regex\":{\"source\":\"add\"}}}"}]}
RESULT: {"script":"<script> [1562 bytes]","args":[{"selector":{"controlType":"sap.ui.core.Icon","viewName":"etm.portal.ui.managerequests.view.NewRequest","properties":{"src":{"regex":{"source":"add"}}}},"wdio_ui5_key":"etmportal.ui.managerequests.view.NewRequestsap.ui.core.Icon{\"src\":{\"regex\":{\"source\":\"add\"}}}"}]}
RESULT: undefined
COMMAND: POST /session/eb79c257209da8ba08c59be1d775ff21/element - {"using":"xpath","value":"//*[@id=\"__xmlview61--btnAddTableRow-img\"]"}
RESULT: {"using":"xpath","value":"//*[@id=\"__xmlview61--btnAddTableRow-img\"]"}
COMMAND: POST /session/eb79c257209da8ba08c59be1d775ff21/element/f.9FA5373B3500B72DA4049E533E67ABAF.d.AD9BBA01C12CAD6DC8B17F9AE82BC18E.e.5762/click - {}
RESULT: {}
COMMAND: GET /session/eb79c257209da8ba08c59be1d775ff21/screenshot - {}
RESULT: {}
COMMAND: POST /session/eb79c257209da8ba08c59be1d775ff21/execute/async - {"script":"<script> [1562 bytes]","args":[{"selector":{"controlType":"sap.ui.unified.MenuItem","viewName":"etm.portal.ui.managerequests.view.NewRequest","i18NText":{"propertyName":"text","key":"standardEntry"},"searchOpenDialogs":true,"interaction":{"idSuffix":"txt"}},"wdio_ui5_key":"etmportal.ui.managerequests.view.NewRequestsap.ui.unified.MenuItem{\"propertyName\":\"text\",\"key\":\"standardEntry\"}"}]}
RESULT: {"script":"<script> [1562 bytes]","args":[{"selector":{"controlType":"sap.ui.unified.MenuItem","viewName":"etm.portal.ui.managerequests.view.NewRequest","i18NText":{"propertyName":"text","key":"standardEntry"},"searchOpenDialogs":true,"interaction":{"idSuffix":"txt"}},"wdio_ui5_key":"etmportal.ui.managerequests.view.NewRequestsap.ui.unified.MenuItem{\"propertyName\":\"text\",\"key\":\"standardEntry\"}"}]}
RESULT: undefined
COMMAND: POST /session/eb79c257209da8ba08c59be1d775ff21/element - {"using":"xpath","value":"//*[@id=\"__item1085\"]"}
RESULT: {"using":"xpath","value":"//*[@id=\"__item1085\"]"}
COMMAND: POST /session/eb79c257209da8ba08c59be1d775ff21/element/f.9FA5373B3500B72DA4049E533E67ABAF.d.AD9BBA01C12CAD6DC8B17F9AE82BC18E.e.5766/click - {}
RESULT: {}
COMMAND: GET /session/eb79c257209da8ba08c59be1d775ff21/screenshot - {}
RESULT: {}
RESULT: undefined
COMMAND: POST /session/eb79c257209da8ba08c59be1d775ff21/element - {"using":"xpath","value":"//*[@id=\"__xmlview61--btnAddTableRow-img\"]"}
RESULT: {"using":"xpath","value":"//*[@id=\"__xmlview61--btnAddTableRow-img\"]"}
COMMAND: POST /session/eb79c257209da8ba08c59be1d775ff21/element/f.9FA5373B3500B72DA4049E533E67ABAF.d.AD9BBA01C12CAD6DC8B17F9AE82BC18E.e.5762/click - {}
RESULT: {}
COMMAND: GET /session/eb79c257209da8ba08c59be1d775ff21/screenshot - {}
RESULT: {}
RESULT: undefined
COMMAND: POST /session/eb79c257209da8ba08c59be1d775ff21/element - {"using":"xpath","value":"//*[@id=\"__item1085\"]"}
RESULT: {"using":"xpath","value":"//*[@id=\"__item1085\"]"}
COMMAND: POST /session/eb79c257209da8ba08c59be1d775ff21/element/f.9FA5373B3500B72DA4049E533E67ABAF.d.AD9BBA01C12CAD6DC8B17F9AE82BC18E.e.5778/click - {}
RESULT: {}
COMMAND: GET /session/eb79c257209da8ba08c59be1d775ff21/screenshot - {}
RESULT: {}
COMMAND: POST /session/eb79c257209da8ba08c59be1d775ff21/element - {"using":"xpath","value":"(//input[contains(@id ,\"requestItemsTable-0-inner\")])[1]"}
RESULT: {"using":"xpath","value":"(//input[contains(@id ,\"requestItemsTable-0-inner\")])[1]"}
COMMAND: POST /session/eb79c257209da8ba08c59be1d775ff21/element/f.9FA5373B3500B72DA4049E533E67ABAF.d.AD9BBA01C12CAD6DC8B17F9AE82BC18E.e.5768/clear - {}
RESULT: {}
COMMAND: POST /session/eb79c257209da8ba08c59be1d775ff21/element/f.9FA5373B3500B72DA4049E533E67ABAF.d.AD9BBA01C12CAD6DC8B17F9AE82BC18E.e.5768/value - {"text":"catalogItem1gbv6"}
COMMAND: GET /session/eb79c257209da8ba08c59be1d775ff21/screenshot - {}
RESULT: {"text":"catalogItem1gbv6"}
COMMAND: GET /session/eb79c257209da8ba08c59be1d775ff21/screenshot - {}
RESULT: {}
RESULT: {}
COMMAND: POST /session/eb79c257209da8ba08c59be1d775ff21/actions - {"actions":[{"id":"action25","type":"key","parameters":{},"actions":[{"type":"keyDown","value":""},{"type":"pause","duration":10},{"type":"keyUp","value":""}]}]}
RESULT: {"actions":[{"id":"action25","type":"key","parameters":{},"actions":[{"type":"keyDown","value":""},{"type":"pause","duration":10},{"type":"keyUp","value":""}]}]}
COMMAND: POST /session/eb79c257209da8ba08c59be1d775ff21/element - {"using":"xpath","value":"(//input[contains(@id ,\"requestItemsTable-1-inner\")])[1]"}
COMMAND: GET /session/eb79c257209da8ba08c59be1d775ff21/screenshot - {}
RESULT: {"using":"xpath","value":"(//input[contains(@id ,\"requestItemsTable-1-inner\")])[1]"}
COMMAND: POST /session/eb79c257209da8ba08c59be1d775ff21/element/f.9FA5373B3500B72DA4049E533E67ABAF.d.AD9BBA01C12CAD6DC8B17F9AE82BC18E.e.5780/clear - {}
RESULT: {}
RESULT: {}
COMMAND: POST /session/eb79c257209da8ba08c59be1d775ff21/element/f.9FA5373B3500B72DA4049E533E67ABAF.d.AD9BBA01C12CAD6DC8B17F9AE82BC18E.e.5780/value - {"text":"catalogItem1gbv6"}
COMMAND: GET /session/eb79c257209da8ba08c59be1d775ff21/screenshot - {}
RESULT: {"text":"catalogItem1gbv6"}
COMMAND: GET /session/eb79c257209da8ba08c59be1d775ff21/screenshot - {}
RESULT: {}
RESULT: {}
COMMAND: POST /session/eb79c257209da8ba08c59be1d775ff21/actions - {"actions":[{"id":"action26","type":"key","parameters":{},"actions":[{"type":"keyDown","value":""},{"type":"pause","duration":10},{"type":"keyUp","value":""}]}]}
RESULT: {"actions":[{"id":"action26","type":"key","parameters":{},"actions":[{"type":"keyDown","value":""},{"type":"pause","duration":10},{"type":"keyUp","value":""}]}]}
COMMAND: GET /session/eb79c257209da8ba08c59be1d775ff21/screenshot - {}
RESULT: {}
COMMAND: POST /session/eb79c257209da8ba08c59be1d775ff21/execute/async - {"script":"<script> [1562 bytes]","args":[{"selector":{"controlType":"sap.ui.core.Icon","viewName":"etm.portal.ui.managerequests.view.NewRequest","properties":{"src":{"regex":{"source":"slim\\-arrow\\-down"}}},"ancestor":{"controlType":"sap.m.Button","viewName":"etm.portal.ui.managerequests.view.NewRequest","properties":{"icon":"sap-icon://slim-arrow-down"}}},"wdio_ui5_key":"etmportal.ui.managerequests.view.NewRequestsap.ui.core.Icon{\"src\":{\"regex\":{\"source\":\"slim\\\\-arrow\\\\-down\"}}}{\"controlType\":\"sap.m.Button\",\"viewName\":\"etm.portal.ui.managerequests.view.NewRequest\",\"properties\":{\"icon\":\"sap-icon://slim-arrow-down\"}}"}]}
RESULT: {"script":"<script> [1562 bytes]","args":[{"selector":{"controlType":"sap.ui.core.Icon","viewName":"etm.portal.ui.managerequests.view.NewRequest","properties":{"src":{"regex":{"source":"slim\\-arrow\\-down"}}},"ancestor":{"controlType":"sap.m.Button","viewName":"etm.portal.ui.managerequests.view.NewRequest","properties":{"icon":"sap-icon://slim-arrow-down"}}},"wdio_ui5_key":"etmportal.ui.managerequests.view.NewRequestsap.ui.core.Icon{\"src\":{\"regex\":{\"source\":\"slim\\\\-arrow\\\\-down\"}}}{\"controlType\":\"sap.m.Button\",\"viewName\":\"etm.portal.ui.managerequests.view.NewRequest\",\"properties\":{\"icon\":\"sap-icon://slim-arrow-down\"}}"}]}
RESULT: undefined
COMMAND: POST /session/eb79c257209da8ba08c59be1d775ff21/element - {"using":"xpath","value":"//*[@id=\"__title47-expandBtn-img\"]"}
RESULT: {"using":"xpath","value":"//*[@id=\"__title47-expandBtn-img\"]"}
COMMAND: POST /session/eb79c257209da8ba08c59be1d775ff21/element/f.9FA5373B3500B72DA4049E533E67ABAF.d.AD9BBA01C12CAD6DC8B17F9AE82BC18E.e.5800/click - {}
RESULT: {}
COMMAND: POST /session/eb79c257209da8ba08c59be1d775ff21/element - {"using":"xpath","value":"//div[contains(@data-kt ,\"splitAllocationObjectStatus\")]"}
COMMAND: GET /session/eb79c257209da8ba08c59be1d775ff21/screenshot - {}
RESULT: {"using":"xpath","value":"//div[contains(@data-kt ,\"splitAllocationObjectStatus\")]"}
COMMAND: POST /session/eb79c257209da8ba08c59be1d775ff21/elements - {"using":"xpath","value":"//div[contains(@data-kt ,\"splitAllocationObjectStatus\")]"}
RESULT: {}
RESULT: {"using":"xpath","value":"//div[contains(@data-kt ,\"splitAllocationObjectStatus\")]"}
COMMAND: POST /session/eb79c257209da8ba08c59be1d775ff21/execute/async - {"script":"<script> [1562 bytes]","args":[{"selector":{"controlType":"sap.ui.core.Icon","viewName":"etm.portal.ui.managerequests.view.NewRequest","properties":{"src":{"regex":{"source":"message\\-error"}}},"ancestor":{"controlType":"sap.m.ColumnListItem","viewName":"etm.portal.ui.managerequests.view.NewRequest","bindingPath":{"modelName":"newRequestItems","path":"/RequestItems/0"},"ancestor":{"id":"requestItemsTable","viewName":"etm.portal.ui.managerequests.view.NewRequest"}}},"wdio_ui5_key":"etmportal.ui.managerequests.view.NewRequestsap.ui.core.Icon{\"src\":{\"regex\":{\"source\":\"message\\\\-error\"}}}{\"controlType\":\"sap.m.ColumnListItem\",\"viewName\":\"etm.portal.ui.managerequests.view.NewRequest\",\"bindingPath\":{\"modelName\":\"newRequestItems\",\"path\":\"/RequestItems/0\"},\"ancestor\":{\"id\":\"requestItemsTable\",\"viewName\":\"etm.portal.ui.managerequests.view.NewRequest\"}}"}]}
RESULT: {"script":"<script> [1562 bytes]","args":[{"selector":{"controlType":"sap.ui.core.Icon","viewName":"etm.portal.ui.managerequests.view.NewRequest","properties":{"src":{"regex":{"source":"message\\-error"}}},"ancestor":{"controlType":"sap.m.ColumnListItem","viewName":"etm.portal.ui.managerequests.view.NewRequest","bindingPath":{"modelName":"newRequestItems","path":"/RequestItems/0"},"ancestor":{"id":"requestItemsTable","viewName":"etm.portal.ui.managerequests.view.NewRequest"}}},"wdio_ui5_key":"etmportal.ui.managerequests.view.NewRequestsap.ui.core.Icon{\"src\":{\"regex\":{\"source\":\"message\\\\-error\"}}}{\"controlType\":\"sap.m.ColumnListItem\",\"viewName\":\"etm.portal.ui.managerequests.view.NewRequest\",\"bindingPath\":{\"modelName\":\"newRequestItems\",\"path\":\"/RequestItems/0\"},\"ancestor\":{\"id\":\"requestItemsTable\",\"viewName\":\"etm.portal.ui.managerequests.view.NewRequest\"}}"}]}
RESULT: undefined
COMMAND: POST /session/eb79c257209da8ba08c59be1d775ff21/element - {"using":"xpath","value":"//*[@id=\"__status15-__xmlview61--requestItemsTable-0-icon\"]"}
RESULT: {"using":"xpath","value":"//*[@id=\"__status15-__xmlview61--requestItemsTable-0-icon\"]"}
COMMAND: POST /session/eb79c257209da8ba08c59be1d775ff21/element/f.9FA5373B3500B72DA4049E533E67ABAF.d.AD9BBA01C12CAD6DC8B17F9AE82BC18E.e.5805/click - {}
RESULT: {}
COMMAND: GET /session/eb79c257209da8ba08c59be1d775ff21/screenshot - {}
RESULT: {}
COMMAND: POST /session/eb79c257209da8ba08c59be1d775ff21/execute/async - {"script":"<script> [1562 bytes]","args":[{"selector":{"id":"costObjectAdminTypeComboBox","viewName":"etm.portal.ui.managerequests.view.NewRequest","searchOpenDialogs":true,"interaction":{"idSuffix":"inner"}},"wdio_ui5_key":"costObjectAdminTypeComboBoxetmportal.ui.managerequests.view.NewRequest"}]}
RESULT: {"script":"<script> [1562 bytes]","args":[{"selector":{"id":"costObjectAdminTypeComboBox","viewName":"etm.portal.ui.managerequests.view.NewRequest","searchOpenDialogs":true,"interaction":{"idSuffix":"inner"}},"wdio_ui5_key":"costObjectAdminTypeComboBoxetmportal.ui.managerequests.view.NewRequest"}]}
RESULT: undefined
COMMAND: POST /session/eb79c257209da8ba08c59be1d775ff21/execute/async - {"script":"<script> [776 bytes]","args":[{"enterText":"Cost Center","selector":{"id":"costObjectAdminTypeComboBox","viewName":"etm.portal.ui.managerequests.view.NewRequest","searchOpenDialogs":true,"interaction":{"idSuffix":"inner"}},"clearTextFirst":true,"interactionType":"ENTER_TEXT"}]}
RESULT: {"script":"<script> [776 bytes]","args":[{"enterText":"Cost Center","selector":{"id":"costObjectAdminTypeComboBox","viewName":"etm.portal.ui.managerequests.view.NewRequest","searchOpenDialogs":true,"interaction":{"idSuffix":"inner"}},"clearTextFirst":true,"interactionType":"ENTER_TEXT"}]}
COMMAND: POST /session/eb79c257209da8ba08c59be1d775ff21/actions - {"actions":[{"id":"action27","type":"key","parameters":{},"actions":[{"type":"keyDown","value":""},{"type":"pause","duration":10},{"type":"keyUp","value":""}]}]}
RESULT: {"actions":[{"id":"action27","type":"key","parameters":{},"actions":[{"type":"keyDown","value":""},{"type":"pause","duration":10},{"type":"keyUp","value":""}]}]}
COMMAND: GET /session/eb79c257209da8ba08c59be1d775ff21/screenshot - {}
RESULT: {}
COMMAND: POST /session/eb79c257209da8ba08c59be1d775ff21/execute/async - {"script":"<script> [1562 bytes]","args":[{"selector":{"controlType":"sap.ui.core.Icon","viewName":"etm.portal.ui.managerequests.view.NewRequest","properties":{"src":{"regex":{"source":"value\\-help"}}},"searchOpenDialogs":true},"wdio_ui5_key":"etmportal.ui.managerequests.view.NewRequestsap.ui.core.Icon{\"src\":{\"regex\":{\"source\":\"value\\\\-help\"}}}"}]}
RESULT: {"script":"<script> [1562 bytes]","args":[{"selector":{"controlType":"sap.ui.core.Icon","viewName":"etm.portal.ui.managerequests.view.NewRequest","properties":{"src":{"regex":{"source":"value\\-help"}}},"searchOpenDialogs":true},"wdio_ui5_key":"etmportal.ui.managerequests.view.NewRequestsap.ui.core.Icon{\"src\":{\"regex\":{\"source\":\"value\\\\-help\"}}}"}]}
RESULT: undefined
COMMAND: POST /session/eb79c257209da8ba08c59be1d775ff21/element - {"using":"xpath","value":"//*[@id=\"__xmlview61--costObjectIdComboBox-vhi\"]"}
RESULT: {"using":"xpath","value":"//*[@id=\"__xmlview61--costObjectIdComboBox-vhi\"]"}
COMMAND: POST /session/eb79c257209da8ba08c59be1d775ff21/element/f.9FA5373B3500B72DA4049E533E67ABAF.d.AD9BBA01C12CAD6DC8B17F9AE82BC18E.e.5819/click - {}
RESULT: {}
COMMAND: POST /session/eb79c257209da8ba08c59be1d775ff21/execute/async - {"script":"<script> [1562 bytes]","args":[{"selector":{"controlType":"sap.m.SearchField","properties":{"placeholder":"Search"},"searchOpenDialogs":true,"interaction":{"idSuffix":"I"}},"wdio_ui5_key":"sapm.SearchField{\"placeholder\":\"Search\"}"}]}
COMMAND: GET /session/eb79c257209da8ba08c59be1d775ff21/screenshot - {}
RESULT: {"script":"<script> [1562 bytes]","args":[{"selector":{"controlType":"sap.m.SearchField","properties":{"placeholder":"Search"},"searchOpenDialogs":true,"interaction":{"idSuffix":"I"}},"wdio_ui5_key":"sapm.SearchField{\"placeholder\":\"Search\"}"}]}
RESULT: undefined
COMMAND: POST /session/eb79c257209da8ba08c59be1d775ff21/execute/async - {"script":"<script> [776 bytes]","args":[{"enterText":"10001013","selector":{"controlType":"sap.m.SearchField","properties":{"placeholder":"Search"},"searchOpenDialogs":true,"interaction":{"idSuffix":"I"}},"clearTextFirst":true,"interactionType":"ENTER_TEXT"}]}
RESULT: {}
RESULT: {"script":"<script> [776 bytes]","args":[{"enterText":"10001013","selector":{"controlType":"sap.m.SearchField","properties":{"placeholder":"Search"},"searchOpenDialogs":true,"interaction":{"idSuffix":"I"}},"clearTextFirst":true,"interactionType":"ENTER_TEXT"}]}
COMMAND: POST /session/eb79c257209da8ba08c59be1d775ff21/actions - {"actions":[{"id":"action28","type":"key","parameters":{},"actions":[{"type":"keyDown","value":""},{"type":"pause","duration":10},{"type":"keyUp","value":""}]}]}
RESULT: {"actions":[{"id":"action28","type":"key","parameters":{},"actions":[{"type":"keyDown","value":""},{"type":"pause","duration":10},{"type":"keyUp","value":""}]}]}
COMMAND: GET /session/eb79c257209da8ba08c59be1d775ff21/screenshot - {}
RESULT: {}
COMMAND: POST /session/eb79c257209da8ba08c59be1d775ff21/element - {"using":"xpath","value":"//span[contains(text(), \"General Management\")]"}
RESULT: {"using":"xpath","value":"//span[contains(text(), \"General Management\")]"}
COMMAND: POST /session/eb79c257209da8ba08c59be1d775ff21/element/f.9FA5373B3500B72DA4049E533E67ABAF.d.AD9BBA01C12CAD6DC8B17F9AE82BC18E.e.5860/click - {}
RESULT: {}
COMMAND: GET /session/eb79c257209da8ba08c59be1d775ff21/screenshot - {}
RESULT: {}
COMMAND: POST /session/eb79c257209da8ba08c59be1d775ff21/element - {"using":"xpath","value":"//bdi[contains(text(), \"OK\")]"}
RESULT: {"using":"xpath","value":"//bdi[contains(text(), \"OK\")]"}
COMMAND: POST /session/eb79c257209da8ba08c59be1d775ff21/element/f.9FA5373B3500B72DA4049E533E67ABAF.d.AD9BBA01C12CAD6DC8B17F9AE82BC18E.e.5861/click - {}
RESULT: {}
COMMAND: GET /session/eb79c257209da8ba08c59be1d775ff21/screenshot - {}
RESULT: {}
COMMAND: POST /session/eb79c257209da8ba08c59be1d775ff21/element - {"using":"xpath","value":"(//bdi[contains(@id ,\"BDI-content\")][contains(text(), \"Save\")])[1]"}
RESULT: {"using":"xpath","value":"(//bdi[contains(@id ,\"BDI-content\")][contains(text(), \"Save\")])[1]"}
COMMAND: POST /session/eb79c257209da8ba08c59be1d775ff21/element/f.9FA5373B3500B72DA4049E533E67ABAF.d.AD9BBA01C12CAD6DC8B17F9AE82BC18E.e.5865/click - {}
RESULT: {}
COMMAND: GET /session/eb79c257209da8ba08c59be1d775ff21/screenshot - {}
RESULT: {}
COMMAND: POST /session/eb79c257209da8ba08c59be1d775ff21/execute/async - {"script":"<script> [1562 bytes]","args":[{"selector":{"controlType":"sap.ui.core.Icon","viewName":"etm.portal.ui.managerequests.view.NewRequest","properties":{"src":{"regex":{"source":"message\\-error"}}},"ancestor":{"controlType":"sap.m.ColumnListItem","viewName":"etm.portal.ui.managerequests.view.NewRequest","bindingPath":{"modelName":"newRequestItems","path":"/RequestItems/1"},"ancestor":{"id":"requestItemsTable","viewName":"etm.portal.ui.managerequests.view.NewRequest"}}},"wdio_ui5_key":"etmportal.ui.managerequests.view.NewRequestsap.ui.core.Icon{\"src\":{\"regex\":{\"source\":\"message\\\\-error\"}}}{\"controlType\":\"sap.m.ColumnListItem\",\"viewName\":\"etm.portal.ui.managerequests.view.NewRequest\",\"bindingPath\":{\"modelName\":\"newRequestItems\",\"path\":\"/RequestItems/1\"},\"ancestor\":{\"id\":\"requestItemsTable\",\"viewName\":\"etm.portal.ui.managerequests.view.NewRequest\"}}"}]}
RESULT: {"script":"<script> [1562 bytes]","args":[{"selector":{"controlType":"sap.ui.core.Icon","viewName":"etm.portal.ui.managerequests.view.NewRequest","properties":{"src":{"regex":{"source":"message\\-error"}}},"ancestor":{"controlType":"sap.m.ColumnListItem","viewName":"etm.portal.ui.managerequests.view.NewRequest","bindingPath":{"modelName":"newRequestItems","path":"/RequestItems/1"},"ancestor":{"id":"requestItemsTable","viewName":"etm.portal.ui.managerequests.view.NewRequest"}}},"wdio_ui5_key":"etmportal.ui.managerequests.view.NewRequestsap.ui.core.Icon{\"src\":{\"regex\":{\"source\":\"message\\\\-error\"}}}{\"controlType\":\"sap.m.ColumnListItem\",\"viewName\":\"etm.portal.ui.managerequests.view.NewRequest\",\"bindingPath\":{\"modelName\":\"newRequestItems\",\"path\":\"/RequestItems/1\"},\"ancestor\":{\"id\":\"requestItemsTable\",\"viewName\":\"etm.portal.ui.managerequests.view.NewRequest\"}}"}]}
RESULT: undefined
COMMAND: POST /session/eb79c257209da8ba08c59be1d775ff21/element - {"using":"xpath","value":"//*[@id=\"__status15-__xmlview61--requestItemsTable-1-icon\"]"}
RESULT: {"using":"xpath","value":"//*[@id=\"__status15-__xmlview61--requestItemsTable-1-icon\"]"}
COMMAND: POST /session/eb79c257209da8ba08c59be1d775ff21/element/f.9FA5373B3500B72DA4049E533E67ABAF.d.AD9BBA01C12CAD6DC8B17F9AE82BC18E.e.5868/click - {}
RESULT: {}
COMMAND: GET /session/eb79c257209da8ba08c59be1d775ff21/screenshot - {}
RESULT: {}
RESULT: undefined
COMMAND: POST /session/eb79c257209da8ba08c59be1d775ff21/execute/async - {"script":"<script> [776 bytes]","args":[{"enterText":"Cost Center","selector":{"id":"costObjectAdminTypeComboBox","viewName":"etm.portal.ui.managerequests.view.NewRequest","searchOpenDialogs":true,"interaction":{"idSuffix":"inner"}},"clearTextFirst":true,"interactionType":"ENTER_TEXT"}]}
RESULT: {"script":"<script> [776 bytes]","args":[{"enterText":"Cost Center","selector":{"id":"costObjectAdminTypeComboBox","viewName":"etm.portal.ui.managerequests.view.NewRequest","searchOpenDialogs":true,"interaction":{"idSuffix":"inner"}},"clearTextFirst":true,"interactionType":"ENTER_TEXT"}]}
COMMAND: POST /session/eb79c257209da8ba08c59be1d775ff21/actions - {"actions":[{"id":"action29","type":"key","parameters":{},"actions":[{"type":"keyDown","value":""},{"type":"pause","duration":10},{"type":"keyUp","value":""}]}]}
RESULT: {"actions":[{"id":"action29","type":"key","parameters":{},"actions":[{"type":"keyDown","value":""},{"type":"pause","duration":10},{"type":"keyUp","value":""}]}]}
COMMAND: GET /session/eb79c257209da8ba08c59be1d775ff21/screenshot - {}
RESULT: {}
RESULT: undefined
COMMAND: POST /session/eb79c257209da8ba08c59be1d775ff21/element - {"using":"xpath","value":"//*[@id=\"__xmlview61--costObjectIdComboBox-vhi\"]"}
RESULT: {"using":"xpath","value":"//*[@id=\"__xmlview61--costObjectIdComboBox-vhi\"]"}
COMMAND: POST /session/eb79c257209da8ba08c59be1d775ff21/element/f.9FA5373B3500B72DA4049E533E67ABAF.d.AD9BBA01C12CAD6DC8B17F9AE82BC18E.e.5878/click - {}
RESULT: {}
RESULT: undefined
COMMAND: POST /session/eb79c257209da8ba08c59be1d775ff21/execute/async - {"script":"<script> [776 bytes]","args":[{"enterText":"10001013","selector":{"controlType":"sap.m.SearchField","properties":{"placeholder":"Search"},"searchOpenDialogs":true,"interaction":{"idSuffix":"I"}},"clearTextFirst":true,"interactionType":"ENTER_TEXT"}]}
COMMAND: GET /session/eb79c257209da8ba08c59be1d775ff21/screenshot - {}
RESULT: {"script":"<script> [776 bytes]","args":[{"enterText":"10001013","selector":{"controlType":"sap.m.SearchField","properties":{"placeholder":"Search"},"searchOpenDialogs":true,"interaction":{"idSuffix":"I"}},"clearTextFirst":true,"interactionType":"ENTER_TEXT"}]}
COMMAND: POST /session/eb79c257209da8ba08c59be1d775ff21/actions - {"actions":[{"id":"action30","type":"key","parameters":{},"actions":[{"type":"keyDown","value":""},{"type":"pause","duration":10},{"type":"keyUp","value":""}]}]}
RESULT: {}
RESULT: {"actions":[{"id":"action30","type":"key","parameters":{},"actions":[{"type":"keyDown","value":""},{"type":"pause","duration":10},{"type":"keyUp","value":""}]}]}
COMMAND: GET /session/eb79c257209da8ba08c59be1d775ff21/screenshot - {}
RESULT: {}
COMMAND: POST /session/eb79c257209da8ba08c59be1d775ff21/element - {"using":"xpath","value":"//span[contains(text(), \"General Management\")]"}
RESULT: {"using":"xpath","value":"//span[contains(text(), \"General Management\")]"}
COMMAND: POST /session/eb79c257209da8ba08c59be1d775ff21/element/f.9FA5373B3500B72DA4049E533E67ABAF.d.AD9BBA01C12CAD6DC8B17F9AE82BC18E.e.5917/click - {}
RESULT: {}
COMMAND: GET /session/eb79c257209da8ba08c59be1d775ff21/screenshot - {}
RESULT: {}
COMMAND: POST /session/eb79c257209da8ba08c59be1d775ff21/element - {"using":"xpath","value":"//bdi[contains(text(), \"OK\")]"}
RESULT: {"using":"xpath","value":"//bdi[contains(text(), \"OK\")]"}
COMMAND: POST /session/eb79c257209da8ba08c59be1d775ff21/element/f.9FA5373B3500B72DA4049E533E67ABAF.d.AD9BBA01C12CAD6DC8B17F9AE82BC18E.e.5918/click - {}
RESULT: {}
COMMAND: GET /session/eb79c257209da8ba08c59be1d775ff21/screenshot - {}
RESULT: {}
COMMAND: POST /session/eb79c257209da8ba08c59be1d775ff21/element - {"using":"xpath","value":"(//bdi[contains(@id ,\"BDI-content\")][contains(text(), \"Save\")])[1]"}
RESULT: {"using":"xpath","value":"(//bdi[contains(@id ,\"BDI-content\")][contains(text(), \"Save\")])[1]"}
COMMAND: POST /session/eb79c257209da8ba08c59be1d775ff21/element/f.9FA5373B3500B72DA4049E533E67ABAF.d.AD9BBA01C12CAD6DC8B17F9AE82BC18E.e.5922/click - {}
RESULT: {}
COMMAND: GET /session/eb79c257209da8ba08c59be1d775ff21/screenshot - {}
RESULT: {}
COMMAND: POST /session/eb79c257209da8ba08c59be1d775ff21/execute/async - {"script":"<script> [1562 bytes]","args":[{"selector":{"controlType":"sap.m.Button","viewName":"etm.portal.ui.managerequests.view.NewRequest","i18NText":{"propertyName":"tooltip","key":"save"},"interaction":{"idSuffix":"content"}},"wdio_ui5_key":"etmportal.ui.managerequests.view.NewRequestsap.m.Button{\"propertyName\":\"tooltip\",\"key\":\"save\"}"}]}
RESULT: {"script":"<script> [1562 bytes]","args":[{"selector":{"controlType":"sap.m.Button","viewName":"etm.portal.ui.managerequests.view.NewRequest","i18NText":{"propertyName":"tooltip","key":"save"},"interaction":{"idSuffix":"content"}},"wdio_ui5_key":"etmportal.ui.managerequests.view.NewRequestsap.m.Button{\"propertyName\":\"tooltip\",\"key\":\"save\"}"}]}
RESULT: undefined
COMMAND: POST /session/eb79c257209da8ba08c59be1d775ff21/element - {"using":"xpath","value":"//*[@id=\"__button107\"]"}
RESULT: {"using":"xpath","value":"//*[@id=\"__button107\"]"}
COMMAND: POST /session/eb79c257209da8ba08c59be1d775ff21/element/f.9FA5373B3500B72DA4049E533E67ABAF.d.AD9BBA01C12CAD6DC8B17F9AE82BC18E.e.5740/click - {}
RESULT: {}
COMMAND: GET /session/eb79c257209da8ba08c59be1d775ff21/screenshot - {}
RESULT: {}
COMMAND: POST /session/eb79c257209da8ba08c59be1d775ff21/execute/async - {"script":"<script> [1562 bytes]","args":[{"selector":{"controlType":"sap.m.Title","properties":{"text":"Success"},"searchOpenDialogs":true},"wdio_ui5_key":"sapm.Title{\"text\":\"Success\"}"}]}
RESULT: {"script":"<script> [1562 bytes]","args":[{"selector":{"controlType":"sap.m.Title","properties":{"text":"Success"},"searchOpenDialogs":true},"wdio_ui5_key":"sapm.Title{\"text\":\"Success\"}"}]}
RESULT: undefined
COMMAND: POST /session/eb79c257209da8ba08c59be1d775ff21/execute/async - {"script":"<script> [6424 bytes]","args":[{"element-6066-11e4-a52e-4f735466cecf":"f.9FA5373B3500B72DA4049E533E67ABAF.d.AD9BBA01C12CAD6DC8B17F9AE82BC18E.e.5928"},"getText",[]]}
RESULT: {"script":"<script> [6424 bytes]","args":[{"element-6066-11e4-a52e-4f735466cecf":"f.9FA5373B3500B72DA4049E533E67ABAF.d.AD9BBA01C12CAD6DC8B17F9AE82BC18E.e.5928"},"getText",[]]}
COMMAND: POST /session/eb79c257209da8ba08c59be1d775ff21/execute/async - {"script":"<script> [1562 bytes]","args":[{"selector":{"controlType":"sap.m.Button","properties":{"text":"Close"},"searchOpenDialogs":true,"interaction":{"idSuffix":"BDI-content"}},"wdio_ui5_key":"sapm.Button{\"text\":\"Close\"}"}]}
RESULT: {"script":"<script> [1562 bytes]","args":[{"selector":{"controlType":"sap.m.Button","properties":{"text":"Close"},"searchOpenDialogs":true,"interaction":{"idSuffix":"BDI-content"}},"wdio_ui5_key":"sapm.Button{\"text\":\"Close\"}"}]}
RESULT: undefined
COMMAND: POST /session/eb79c257209da8ba08c59be1d775ff21/element - {"using":"xpath","value":"//*[@id=\"__mbox-btn-4\"]"}
RESULT: {"using":"xpath","value":"//*[@id=\"__mbox-btn-4\"]"}
COMMAND: POST /session/eb79c257209da8ba08c59be1d775ff21/element/f.9FA5373B3500B72DA4049E533E67ABAF.d.AD9BBA01C12CAD6DC8B17F9AE82BC18E.e.5927/click - {}
RESULT: {}
COMMAND: GET /session/eb79c257209da8ba08c59be1d775ff21/screenshot - {}
RESULT: {}
COMMAND: POST /session/eb79c257209da8ba08c59be1d775ff21/execute/async - {"script":"<script> [1562 bytes]","args":[{"selector":{"controlType":"sap.m.Text","viewName":"etm.portal.ui.managerequests.view.Detail","bindingPath":{"propertyPath":"NO","modelName":"catalogModel"}},"wdio_ui5_key":"etmportal.ui.managerequests.view.Detailsap.m.Text{\"propertyPath\":\"NO\",\"modelName\":\"catalogModel\"}"}]}
RESULT: {"script":"<script> [1562 bytes]","args":[{"selector":{"controlType":"sap.m.Text","viewName":"etm.portal.ui.managerequests.view.Detail","bindingPath":{"propertyPath":"NO","modelName":"catalogModel"}},"wdio_ui5_key":"etmportal.ui.managerequests.view.Detailsap.m.Text{\"propertyPath\":\"NO\",\"modelName\":\"catalogModel\"}"}]}
RESULT: undefined
COMMAND: POST /session/eb79c257209da8ba08c59be1d775ff21/execute/async - {"script":"<script> [6424 bytes]","args":[{"element-6066-11e4-a52e-4f735466cecf":"f.9FA5373B3500B72DA4049E533E67ABAF.d.AD9BBA01C12CAD6DC8B17F9AE82BC18E.e.6064"},"getText",[]]}
RESULT: {"script":"<script> [6424 bytes]","args":[{"element-6066-11e4-a52e-4f735466cecf":"f.9FA5373B3500B72DA4049E533E67ABAF.d.AD9BBA01C12CAD6DC8B17F9AE82BC18E.e.6064"},"getText",[]]}
COMMAND: POST /session/eb79c257209da8ba08c59be1d775ff21/execute/async - {"script":"<script> [1562 bytes]","args":[{"selector":{"controlType":"sap.ui.core.Icon","viewName":"etm.portal.ui.managerequests.view.Detail","properties":{"src":{"regex":{"source":"date\\-time"}}},"ancestor":{"controlType":"sap.m.ColumnListItem","viewName":"etm.portal.ui.managerequests.view.Detail","bindingPath":{"path":"/SmartRequestItemsPlanningBoard(ITEM=10m,REQUEST='20100')"},"ancestor":{"id":"requestItemsTable","viewName":"etm.portal.ui.managerequests.view.Detail"}}},"wdio_ui5_key":"etmportal.ui.managerequests.view.Detailsap.ui.core.Icon{\"src\":{\"regex\":{\"source\":\"date\\\\-time\"}}}{\"controlType\":\"sap.m.ColumnListItem\",\"viewName\":\"etm.portal.ui.managerequests.view.Detail\",\"bindingPath\":{\"path\":\"/SmartRequestItemsPlanningBoard(ITEM=10m,REQUEST='20100')\"},\"ancestor\":{\"id\":\"requestItemsTable\",\"viewName\":\"etm.portal.ui.managerequests.view.Detail\"}}"}]}
RESULT: {"script":"<script> [1562 bytes]","args":[{"selector":{"controlType":"sap.ui.core.Icon","viewName":"etm.portal.ui.managerequests.view.Detail","properties":{"src":{"regex":{"source":"date\\-time"}}},"ancestor":{"controlType":"sap.m.ColumnListItem","viewName":"etm.portal.ui.managerequests.view.Detail","bindingPath":{"path":"/SmartRequestItemsPlanningBoard(ITEM=10m,REQUEST='20100')"},"ancestor":{"id":"requestItemsTable","viewName":"etm.portal.ui.managerequests.view.Detail"}}},"wdio_ui5_key":"etmportal.ui.managerequests.view.Detailsap.ui.core.Icon{\"src\":{\"regex\":{\"source\":\"date\\\\-time\"}}}{\"controlType\":\"sap.m.ColumnListItem\",\"viewName\":\"etm.portal.ui.managerequests.view.Detail\",\"bindingPath\":{\"path\":\"/SmartRequestItemsPlanningBoard(ITEM=10m,REQUEST='20100')\"},\"ancestor\":{\"id\":\"requestItemsTable\",\"viewName\":\"etm.portal.ui.managerequests.view.Detail\"}}"}]}
RESULT: undefined
COMMAND: POST /session/eb79c257209da8ba08c59be1d775ff21/element - {"using":"xpath","value":"//*[@id=\"__button137-__clone4578-img\"]"}
RESULT: {"using":"xpath","value":"//*[@id=\"__button137-__clone4578-img\"]"}
COMMAND: POST /session/eb79c257209da8ba08c59be1d775ff21/element/f.9FA5373B3500B72DA4049E533E67ABAF.d.AD9BBA01C12CAD6DC8B17F9AE82BC18E.e.6065/click - {}
RESULT: {}
COMMAND: POST /session/eb79c257209da8ba08c59be1d775ff21/execute/async - {"script":"<script> [1562 bytes]","args":[{"selector":{"controlType":"sap.m.Button","viewName":"etm.portal.ui.managerequests.view.Detail","properties":{"text":"Close"},"searchOpenDialogs":true,"interaction":{"idSuffix":"BDI-content"}},"wdio_ui5_key":"etmportal.ui.managerequests.view.Detailsap.m.Button{\"text\":\"Close\"}"}]}
COMMAND: GET /session/eb79c257209da8ba08c59be1d775ff21/screenshot - {}
RESULT: {"script":"<script> [1562 bytes]","args":[{"selector":{"controlType":"sap.m.Button","viewName":"etm.portal.ui.managerequests.view.Detail","properties":{"text":"Close"},"searchOpenDialogs":true,"interaction":{"idSuffix":"BDI-content"}},"wdio_ui5_key":"etmportal.ui.managerequests.view.Detailsap.m.Button{\"text\":\"Close\"}"}]}
RESULT: undefined
COMMAND: POST /session/eb79c257209da8ba08c59be1d775ff21/element - {"using":"xpath","value":"//*[@id=\"__button147\"]"}
RESULT: {}
RESULT: {"using":"xpath","value":"//*[@id=\"__button147\"]"}
COMMAND: POST /session/eb79c257209da8ba08c59be1d775ff21/element/f.9FA5373B3500B72DA4049E533E67ABAF.d.AD9BBA01C12CAD6DC8B17F9AE82BC18E.e.6068/click - {}
RESULT: {}
COMMAND: POST /session/eb79c257209da8ba08c59be1d775ff21/execute/async - {"script":"<script> [1562 bytes]","args":[{"selector":{"controlType":"sap.ui.core.Icon","viewName":"etm.portal.ui.managerequests.view.Detail","properties":{"src":{"regex":{"source":"date\\-time"}}},"ancestor":{"controlType":"sap.m.ColumnListItem","viewName":"etm.portal.ui.managerequests.view.Detail","bindingPath":{"path":"/SmartRequestItemsPlanningBoard(ITEM=20m,REQUEST='20100')"},"ancestor":{"id":"requestItemsTable","viewName":"etm.portal.ui.managerequests.view.Detail"}}},"wdio_ui5_key":"etmportal.ui.managerequests.view.Detailsap.ui.core.Icon{\"src\":{\"regex\":{\"source\":\"date\\\\-time\"}}}{\"controlType\":\"sap.m.ColumnListItem\",\"viewName\":\"etm.portal.ui.managerequests.view.Detail\",\"bindingPath\":{\"path\":\"/SmartRequestItemsPlanningBoard(ITEM=20m,REQUEST='20100')\"},\"ancestor\":{\"id\":\"requestItemsTable\",\"viewName\":\"etm.portal.ui.managerequests.view.Detail\"}}"}]}
COMMAND: GET /session/eb79c257209da8ba08c59be1d775ff21/screenshot - {}
RESULT: {"script":"<script> [1562 bytes]","args":[{"selector":{"controlType":"sap.ui.core.Icon","viewName":"etm.portal.ui.managerequests.view.Detail","properties":{"src":{"regex":{"source":"date\\-time"}}},"ancestor":{"controlType":"sap.m.ColumnListItem","viewName":"etm.portal.ui.managerequests.view.Detail","bindingPath":{"path":"/SmartRequestItemsPlanningBoard(ITEM=20m,REQUEST='20100')"},"ancestor":{"id":"requestItemsTable","viewName":"etm.portal.ui.managerequests.view.Detail"}}},"wdio_ui5_key":"etmportal.ui.managerequests.view.Detailsap.ui.core.Icon{\"src\":{\"regex\":{\"source\":\"date\\\\-time\"}}}{\"controlType\":\"sap.m.ColumnListItem\",\"viewName\":\"etm.portal.ui.managerequests.view.Detail\",\"bindingPath\":{\"path\":\"/SmartRequestItemsPlanningBoard(ITEM=20m,REQUEST='20100')\"},\"ancestor\":{\"id\":\"requestItemsTable\",\"viewName\":\"etm.portal.ui.managerequests.view.Detail\"}}"}]}
RESULT: undefined
COMMAND: POST /session/eb79c257209da8ba08c59be1d775ff21/element - {"using":"xpath","value":"//*[@id=\"__button137-__clone4579-img\"]"}
RESULT: {}
RESULT: {"using":"xpath","value":"//*[@id=\"__button137-__clone4579-img\"]"}
COMMAND: POST /session/eb79c257209da8ba08c59be1d775ff21/element/f.9FA5373B3500B72DA4049E533E67ABAF.d.AD9BBA01C12CAD6DC8B17F9AE82BC18E.e.6075/click - {}
RESULT: {}
RESULT: undefined
COMMAND: POST /session/eb79c257209da8ba08c59be1d775ff21/element - {"using":"xpath","value":"//*[@id=\"__button147\"]"}
COMMAND: GET /session/eb79c257209da8ba08c59be1d775ff21/screenshot - {}
RESULT: {"using":"xpath","value":"//*[@id=\"__button147\"]"}
COMMAND: POST /session/eb79c257209da8ba08c59be1d775ff21/elements - {"using":"xpath","value":"//*[@id=\"__button147\"]"}
RESULT: {}
RESULT: {"using":"xpath","value":"//*[@id=\"__button147\"]"}
COMMAND: POST /session/eb79c257209da8ba08c59be1d775ff21/element - {"using":"xpath","value":"//*[@id=\"__button147\"]"}
RESULT: {"using":"xpath","value":"//*[@id=\"__button147\"]"}
COMMAND: POST /session/eb79c257209da8ba08c59be1d775ff21/element/f.9FA5373B3500B72DA4049E533E67ABAF.d.AD9BBA01C12CAD6DC8B17F9AE82BC18E.e.6079/click - {}
RESULT: {}
COMMAND: POST /session/eb79c257209da8ba08c59be1d775ff21/element - {"using":"css selector","value":"#shell-header-logo"}
COMMAND: GET /session/eb79c257209da8ba08c59be1d775ff21/screenshot - {}
RESULT: {"using":"css selector","value":"#shell-header-logo"}
COMMAND: POST /session/eb79c257209da8ba08c59be1d775ff21/element/f.9FA5373B3500B72DA4049E533E67ABAF.d.AD9BBA01C12CAD6DC8B17F9AE82BC18E.e.5415/click - {}
RESULT: {}
RESULT: {}
COMMAND: GET /session/eb79c257209da8ba08c59be1d775ff21/screenshot - {}
RESULT: {}
]]></system-out>
    </testcase>
    <testcase classname="chrome.136_0_7103_93.windows.Standard_contract_-_add_contract_items_by_Insert_Request_US118222" name="Should insert the request into the contract" time="66.849">
      <system-out><![CDATA[
RESULT: undefined
COMMAND: POST /session/eb79c257209da8ba08c59be1d775ff21/element - {"using":"xpath","value":"//*[@id=\"__tile130\"]"}
RESULT: {"using":"xpath","value":"//*[@id=\"__tile130\"]"}
COMMAND: POST /session/eb79c257209da8ba08c59be1d775ff21/element/f.9FA5373B3500B72DA4049E533E67ABAF.d.AD9BBA01C12CAD6DC8B17F9AE82BC18E.e.4931/click - {}
RESULT: {}
COMMAND: GET /session/eb79c257209da8ba08c59be1d775ff21/screenshot - {}
RESULT: {}
COMMAND: POST /session/eb79c257209da8ba08c59be1d775ff21/elements - {"using":"xpath","value":"//span[text()='Error']"}
RESULT: {"using":"xpath","value":"//span[text()='Error']"}
COMMAND: POST /session/eb79c257209da8ba08c59be1d775ff21/execute/async - {"script":"<script> [1562 bytes]","args":[{"selector":{"controlType":"sap.m.SearchField","viewName":"etm.portal.ui.managecontracts.view.Master","bindingPath":{"path":"","propertyPath":"/_BASIC_SEARCH_FIELD","modelName":"fi1t3rM0d31"},"interaction":{"idSuffix":"I"}},"wdio_ui5_key":"etmportal.ui.managecontracts.view.Mastersap.m.SearchField{\"path\":\"\",\"propertyPath\":\"/_BASIC_SEARCH_FIELD\",\"modelName\":\"fi1t3rM0d31\"}"}]}
RESULT: {"script":"<script> [1562 bytes]","args":[{"selector":{"controlType":"sap.m.SearchField","viewName":"etm.portal.ui.managecontracts.view.Master","bindingPath":{"path":"","propertyPath":"/_BASIC_SEARCH_FIELD","modelName":"fi1t3rM0d31"},"interaction":{"idSuffix":"I"}},"wdio_ui5_key":"etmportal.ui.managecontracts.view.Mastersap.m.SearchField{\"path\":\"\",\"propertyPath\":\"/_BASIC_SEARCH_FIELD\",\"modelName\":\"fi1t3rM0d31\"}"}]}
RESULT: undefined
COMMAND: POST /session/eb79c257209da8ba08c59be1d775ff21/execute/async - {"script":"<script> [776 bytes]","args":[{"enterText":"10194","selector":{"controlType":"sap.m.SearchField","viewName":"etm.portal.ui.managecontracts.view.Master","bindingPath":{"path":"","propertyPath":"/_BASIC_SEARCH_FIELD","modelName":"fi1t3rM0d31"},"interaction":{"idSuffix":"I"}},"clearTextFirst":true,"interactionType":"ENTER_TEXT"}]}
RESULT: {"script":"<script> [776 bytes]","args":[{"enterText":"10194","selector":{"controlType":"sap.m.SearchField","viewName":"etm.portal.ui.managecontracts.view.Master","bindingPath":{"path":"","propertyPath":"/_BASIC_SEARCH_FIELD","modelName":"fi1t3rM0d31"},"interaction":{"idSuffix":"I"}},"clearTextFirst":true,"interactionType":"ENTER_TEXT"}]}
COMMAND: POST /session/eb79c257209da8ba08c59be1d775ff21/actions - {"actions":[{"id":"action31","type":"key","parameters":{},"actions":[{"type":"keyDown","value":""},{"type":"pause","duration":10},{"type":"keyUp","value":""}]}]}
RESULT: {"actions":[{"id":"action31","type":"key","parameters":{},"actions":[{"type":"keyDown","value":""},{"type":"pause","duration":10},{"type":"keyUp","value":""}]}]}
COMMAND: GET /session/eb79c257209da8ba08c59be1d775ff21/screenshot - {}
RESULT: {}
COMMAND: POST /session/eb79c257209da8ba08c59be1d775ff21/execute/async - {"script":"<script> [1562 bytes]","args":[{"selector":{"controlType":"sap.ui.core.Icon","viewName":"etm.portal.ui.managecontracts.view.Master","properties":{"src":{"regex":{"source":"slim\\-arrow\\-right"}}}},"wdio_ui5_key":"etmportal.ui.managecontracts.view.Mastersap.ui.core.Icon{\"src\":{\"regex\":{\"source\":\"slim\\\\-arrow\\\\-right\"}}}"}]}
RESULT: {"script":"<script> [1562 bytes]","args":[{"selector":{"controlType":"sap.ui.core.Icon","viewName":"etm.portal.ui.managecontracts.view.Master","properties":{"src":{"regex":{"source":"slim\\-arrow\\-right"}}}},"wdio_ui5_key":"etmportal.ui.managecontracts.view.Mastersap.ui.core.Icon{\"src\":{\"regex\":{\"source\":\"slim\\\\-arrow\\\\-right\"}}}"}]}
RESULT: undefined
COMMAND: POST /session/eb79c257209da8ba08c59be1d775ff21/element - {"using":"xpath","value":"//*[@id=\"__item1375-__clone4682-imgNav\"]"}
RESULT: {"using":"xpath","value":"//*[@id=\"__item1375-__clone4682-imgNav\"]"}
COMMAND: POST /session/eb79c257209da8ba08c59be1d775ff21/element/f.9FA5373B3500B72DA4049E533E67ABAF.d.AD9BBA01C12CAD6DC8B17F9AE82BC18E.e.6193/click - {}
RESULT: {}
COMMAND: POST /session/eb79c257209da8ba08c59be1d775ff21/execute/async - {"script":"<script> [1562 bytes]","args":[{"selector":{"id":"addRequestItemBtn","viewName":"etm.portal.ui.managecontracts.view.Detail","interaction":{"idSuffix":"BDI-content"}},"wdio_ui5_key":"addRequestItemBtnetmportal.ui.managecontracts.view.Detail"}]}
COMMAND: GET /session/eb79c257209da8ba08c59be1d775ff21/screenshot - {}
RESULT: {"script":"<script> [1562 bytes]","args":[{"selector":{"id":"addRequestItemBtn","viewName":"etm.portal.ui.managecontracts.view.Detail","interaction":{"idSuffix":"BDI-content"}},"wdio_ui5_key":"addRequestItemBtnetmportal.ui.managecontracts.view.Detail"}]}
RESULT: undefined
COMMAND: POST /session/eb79c257209da8ba08c59be1d775ff21/element - {"using":"xpath","value":"//*[@id=\"__xmlview64--addRequestItemBtn\"]"}
RESULT: {}
RESULT: {"using":"xpath","value":"//*[@id=\"__xmlview64--addRequestItemBtn\"]"}
COMMAND: POST /session/eb79c257209da8ba08c59be1d775ff21/element/f.9FA5373B3500B72DA4049E533E67ABAF.d.AD9BBA01C12CAD6DC8B17F9AE82BC18E.e.6308/click - {}
RESULT: {}
COMMAND: GET /session/eb79c257209da8ba08c59be1d775ff21/screenshot - {}
RESULT: {}
COMMAND: POST /session/eb79c257209da8ba08c59be1d775ff21/element - {"using":"xpath","value":"//div[contains(@id ,\"popupRequestTable-sa-CbBg\")]"}
RESULT: {"using":"xpath","value":"//div[contains(@id ,\"popupRequestTable-sa-CbBg\")]"}
COMMAND: POST /session/eb79c257209da8ba08c59be1d775ff21/element/f.9FA5373B3500B72DA4049E533E67ABAF.d.AD9BBA01C12CAD6DC8B17F9AE82BC18E.e.6342/click - {}
RESULT: {}
COMMAND: GET /session/eb79c257209da8ba08c59be1d775ff21/screenshot - {}
RESULT: {}
COMMAND: POST /session/eb79c257209da8ba08c59be1d775ff21/execute/async - {"script":"<script> [1562 bytes]","args":[{"selector":{"controlType":"sap.m.Button","viewName":"etm.portal.ui.managecontracts.view.Detail","i18NText":{"propertyName":"text","key":"selectionDone"},"searchOpenDialogs":true,"interaction":{"idSuffix":"BDI-content"}},"wdio_ui5_key":"etmportal.ui.managecontracts.view.Detailsap.m.Button{\"propertyName\":\"text\",\"key\":\"selectionDone\"}"}]}
RESULT: {"script":"<script> [1562 bytes]","args":[{"selector":{"controlType":"sap.m.Button","viewName":"etm.portal.ui.managecontracts.view.Detail","i18NText":{"propertyName":"text","key":"selectionDone"},"searchOpenDialogs":true,"interaction":{"idSuffix":"BDI-content"}},"wdio_ui5_key":"etmportal.ui.managecontracts.view.Detailsap.m.Button{\"propertyName\":\"text\",\"key\":\"selectionDone\"}"}]}
RESULT: undefined
COMMAND: POST /session/eb79c257209da8ba08c59be1d775ff21/element - {"using":"xpath","value":"//*[@id=\"__button158\"]"}
RESULT: {"using":"xpath","value":"//*[@id=\"__button158\"]"}
COMMAND: POST /session/eb79c257209da8ba08c59be1d775ff21/element/f.9FA5373B3500B72DA4049E533E67ABAF.d.AD9BBA01C12CAD6DC8B17F9AE82BC18E.e.6345/click - {}
RESULT: {}
COMMAND: POST /session/eb79c257209da8ba08c59be1d775ff21/execute/async - {"script":"<script> [1562 bytes]","args":[{"selector":{"controlType":"sap.m.Text","properties":{"text":"Started processing request items into the contract."},"searchOpenDialogs":true},"wdio_ui5_key":"sapm.Text{\"text\":\"Started processing request items into the contract.\"}"}]}
COMMAND: GET /session/eb79c257209da8ba08c59be1d775ff21/screenshot - {}
RESULT: {"script":"<script> [1562 bytes]","args":[{"selector":{"controlType":"sap.m.Text","properties":{"text":"Started processing request items into the contract."},"searchOpenDialogs":true},"wdio_ui5_key":"sapm.Text{\"text\":\"Started processing request items into the contract.\"}"}]}
RESULT: undefined
COMMAND: POST /session/eb79c257209da8ba08c59be1d775ff21/execute/async - {"script":"<script> [6424 bytes]","args":[{"element-6066-11e4-a52e-4f735466cecf":"f.9FA5373B3500B72DA4049E533E67ABAF.d.AD9BBA01C12CAD6DC8B17F9AE82BC18E.e.6347"},"getText",[]]}
RESULT: {}
RESULT: {"script":"<script> [6424 bytes]","args":[{"element-6066-11e4-a52e-4f735466cecf":"f.9FA5373B3500B72DA4049E533E67ABAF.d.AD9BBA01C12CAD6DC8B17F9AE82BC18E.e.6347"},"getText",[]]}
COMMAND: POST /session/eb79c257209da8ba08c59be1d775ff21/execute/async - {"script":"<script> [1562 bytes]","args":[{"selector":{"controlType":"sap.m.Button","properties":{"text":"OK"},"searchOpenDialogs":true,"interaction":{"idSuffix":"inner"}},"wdio_ui5_key":"sapm.Button{\"text\":\"OK\"}"}]}
RESULT: {"script":"<script> [1562 bytes]","args":[{"selector":{"controlType":"sap.m.Button","properties":{"text":"OK"},"searchOpenDialogs":true,"interaction":{"idSuffix":"inner"}},"wdio_ui5_key":"sapm.Button{\"text\":\"OK\"}"}]}
RESULT: undefined
COMMAND: POST /session/eb79c257209da8ba08c59be1d775ff21/element - {"using":"xpath","value":"//*[@id=\"__mbox-btn-5\"]"}
RESULT: {"using":"xpath","value":"//*[@id=\"__mbox-btn-5\"]"}
COMMAND: POST /session/eb79c257209da8ba08c59be1d775ff21/element/f.9FA5373B3500B72DA4049E533E67ABAF.d.AD9BBA01C12CAD6DC8B17F9AE82BC18E.e.6346/click - {}
RESULT: {}
COMMAND: POST /session/eb79c257209da8ba08c59be1d775ff21/execute/async - {"script":"<script> [1562 bytes]","args":[{"selector":{"id":"headerBillingItemsTabFilter","viewName":"etm.portal.ui.managecontracts.view.Detail","interaction":{"idSuffix":"text"}},"wdio_ui5_key":"headerBillingItemsTabFilteretmportal.ui.managecontracts.view.Detail"}]}
COMMAND: GET /session/eb79c257209da8ba08c59be1d775ff21/screenshot - {}
RESULT: {"script":"<script> [1562 bytes]","args":[{"selector":{"id":"headerBillingItemsTabFilter","viewName":"etm.portal.ui.managecontracts.view.Detail","interaction":{"idSuffix":"text"}},"wdio_ui5_key":"headerBillingItemsTabFilteretmportal.ui.managecontracts.view.Detail"}]}
RESULT: undefined
COMMAND: POST /session/eb79c257209da8ba08c59be1d775ff21/element - {"using":"xpath","value":"//*[@id=\"__xmlview64--headerBillingItemsTabFilter\"]"}
RESULT: {}
RESULT: {"using":"xpath","value":"//*[@id=\"__xmlview64--headerBillingItemsTabFilter\"]"}
COMMAND: POST /session/eb79c257209da8ba08c59be1d775ff21/element/f.9FA5373B3500B72DA4049E533E67ABAF.d.AD9BBA01C12CAD6DC8B17F9AE82BC18E.e.6357/click - {}
RESULT: {}
COMMAND: GET /session/eb79c257209da8ba08c59be1d775ff21/screenshot - {}
RESULT: {}
COMMAND: POST /session/eb79c257209da8ba08c59be1d775ff21/execute/async - {"script":"<script> [1562 bytes]","args":[{"selector":{"controlType":"sap.ui.core.Icon","viewName":"etm.portal.ui.managecontracts.view.Detail","properties":{"src":{"regex":{"source":"synchronize"}}}},"wdio_ui5_key":"etmportal.ui.managecontracts.view.Detailsap.ui.core.Icon{\"src\":{\"regex\":{\"source\":\"synchronize\"}}}"}]}
RESULT: {"script":"<script> [1562 bytes]","args":[{"selector":{"controlType":"sap.ui.core.Icon","viewName":"etm.portal.ui.managecontracts.view.Detail","properties":{"src":{"regex":{"source":"synchronize"}}}},"wdio_ui5_key":"etmportal.ui.managecontracts.view.Detailsap.ui.core.Icon{\"src\":{\"regex\":{\"source\":\"synchronize\"}}}"}]}
RESULT: undefined
COMMAND: POST /session/eb79c257209da8ba08c59be1d775ff21/element - {"using":"xpath","value":"//*[@id=\"__xmlview64--btnToggleUpdate-img\"]"}
RESULT: {"using":"xpath","value":"//*[@id=\"__xmlview64--btnToggleUpdate-img\"]"}
COMMAND: POST /session/eb79c257209da8ba08c59be1d775ff21/element/f.9FA5373B3500B72DA4049E533E67ABAF.d.AD9BBA01C12CAD6DC8B17F9AE82BC18E.e.6361/click - {}
RESULT: {}
COMMAND: GET /session/eb79c257209da8ba08c59be1d775ff21/screenshot - {}
RESULT: {}
RESULT: undefined
COMMAND: POST /session/eb79c257209da8ba08c59be1d775ff21/element - {"using":"xpath","value":"//*[@id=\"__xmlview64--headerBillingItemsTabFilter\"]"}
RESULT: {"using":"xpath","value":"//*[@id=\"__xmlview64--headerBillingItemsTabFilter\"]"}
COMMAND: POST /session/eb79c257209da8ba08c59be1d775ff21/element/f.9FA5373B3500B72DA4049E533E67ABAF.d.AD9BBA01C12CAD6DC8B17F9AE82BC18E.e.6357/click - {}
RESULT: {}
COMMAND: POST /session/eb79c257209da8ba08c59be1d775ff21/execute/async - {"script":"<script> [1562 bytes]","args":[{"selector":{"controlType":"sap.m.Title","viewName":"etm.portal.ui.managecontracts.view.Detail","properties":{"text":"Contract Items (2)"}},"wdio_ui5_key":"etmportal.ui.managecontracts.view.Detailsap.m.Title{\"text\":\"Contract Items (2)\"}"}]}
COMMAND: GET /session/eb79c257209da8ba08c59be1d775ff21/screenshot - {}
RESULT: {"script":"<script> [1562 bytes]","args":[{"selector":{"controlType":"sap.m.Title","viewName":"etm.portal.ui.managecontracts.view.Detail","properties":{"text":"Contract Items (2)"}},"wdio_ui5_key":"etmportal.ui.managecontracts.view.Detailsap.m.Title{\"text\":\"Contract Items (2)\"}"}]}
RESULT: undefined
COMMAND: POST /session/eb79c257209da8ba08c59be1d775ff21/execute/async - {"script":"<script> [6424 bytes]","args":[{"element-6066-11e4-a52e-4f735466cecf":"f.9FA5373B3500B72DA4049E533E67ABAF.d.AD9BBA01C12CAD6DC8B17F9AE82BC18E.e.6367"},"getText",[]]}
RESULT: {}
RESULT: {"script":"<script> [6424 bytes]","args":[{"element-6066-11e4-a52e-4f735466cecf":"f.9FA5373B3500B72DA4049E533E67ABAF.d.AD9BBA01C12CAD6DC8B17F9AE82BC18E.e.6367"},"getText",[]]}
COMMAND: POST /session/eb79c257209da8ba08c59be1d775ff21/execute/async - {"script":"<script> [1562 bytes]","args":[{"selector":{"controlType":"sap.m.ObjectStatus","viewName":"etm.portal.ui.managecontracts.view.Detail","bindingPath":{"path":"/SmartContractItems(CONTRACT='10194',ITEM=10m,SUB_ITEM=0m)","propertyPath":"STATUS"}},"wdio_ui5_key":"etmportal.ui.managecontracts.view.Detailsap.m.ObjectStatus{\"path\":\"/SmartContractItems(CONTRACT='10194',ITEM=10m,SUB_ITEM=0m)\",\"propertyPath\":\"STATUS\"}"}]}
RESULT: {"script":"<script> [1562 bytes]","args":[{"selector":{"controlType":"sap.m.ObjectStatus","viewName":"etm.portal.ui.managecontracts.view.Detail","bindingPath":{"path":"/SmartContractItems(CONTRACT='10194',ITEM=10m,SUB_ITEM=0m)","propertyPath":"STATUS"}},"wdio_ui5_key":"etmportal.ui.managecontracts.view.Detailsap.m.ObjectStatus{\"path\":\"/SmartContractItems(CONTRACT='10194',ITEM=10m,SUB_ITEM=0m)\",\"propertyPath\":\"STATUS\"}"}]}
RESULT: undefined
COMMAND: POST /session/eb79c257209da8ba08c59be1d775ff21/execute/async - {"script":"<script> [6424 bytes]","args":[{"element-6066-11e4-a52e-4f735466cecf":"f.9FA5373B3500B72DA4049E533E67ABAF.d.AD9BBA01C12CAD6DC8B17F9AE82BC18E.e.6369"},"getText",[]]}
RESULT: {"script":"<script> [6424 bytes]","args":[{"element-6066-11e4-a52e-4f735466cecf":"f.9FA5373B3500B72DA4049E533E67ABAF.d.AD9BBA01C12CAD6DC8B17F9AE82BC18E.e.6369"},"getText",[]]}
COMMAND: POST /session/eb79c257209da8ba08c59be1d775ff21/execute/async - {"script":"<script> [1562 bytes]","args":[{"selector":{"controlType":"sap.m.ObjectStatus","viewName":"etm.portal.ui.managecontracts.view.Detail","bindingPath":{"path":"/SmartContractItems(CONTRACT='10194',ITEM=20m,SUB_ITEM=0m)","propertyPath":"STATUS"}},"wdio_ui5_key":"etmportal.ui.managecontracts.view.Detailsap.m.ObjectStatus{\"path\":\"/SmartContractItems(CONTRACT='10194',ITEM=20m,SUB_ITEM=0m)\",\"propertyPath\":\"STATUS\"}"}]}
RESULT: {"script":"<script> [1562 bytes]","args":[{"selector":{"controlType":"sap.m.ObjectStatus","viewName":"etm.portal.ui.managecontracts.view.Detail","bindingPath":{"path":"/SmartContractItems(CONTRACT='10194',ITEM=20m,SUB_ITEM=0m)","propertyPath":"STATUS"}},"wdio_ui5_key":"etmportal.ui.managecontracts.view.Detailsap.m.ObjectStatus{\"path\":\"/SmartContractItems(CONTRACT='10194',ITEM=20m,SUB_ITEM=0m)\",\"propertyPath\":\"STATUS\"}"}]}
RESULT: undefined
COMMAND: POST /session/eb79c257209da8ba08c59be1d775ff21/execute/async - {"script":"<script> [6424 bytes]","args":[{"element-6066-11e4-a52e-4f735466cecf":"f.9FA5373B3500B72DA4049E533E67ABAF.d.AD9BBA01C12CAD6DC8B17F9AE82BC18E.e.6370"},"getText",[]]}
RESULT: {"script":"<script> [6424 bytes]","args":[{"element-6066-11e4-a52e-4f735466cecf":"f.9FA5373B3500B72DA4049E533E67ABAF.d.AD9BBA01C12CAD6DC8B17F9AE82BC18E.e.6370"},"getText",[]]}
]]></system-out>
    </testcase>
  </testsuite>
  <testsuite timestamp="2025-05-24T18:08:43" time="103.81" tests="1" failures="0" errors="0" skipped="0">
    <properties>
      <property name="specId" value="0"/>
      <property name="suiteName" value="Manage contracts - revert request US152962"/>
      <property name="capabilities" value="chrome.136_0_7103_93.windows"/>
      <property name="file" value="file:///D:/a/1/s/test/specs/R2C/manage-contracts-revert-request.spec.js"/>
    </properties>
    <testcase classname="chrome.136_0_7103_93.windows.Manage_contracts_-_revert_request_US152962" name="Should revert the request" time="103.808">
      <system-out><![CDATA[
COMMAND: POST /session/eb79c257209da8ba08c59be1d775ff21/execute/async - {"script":"<script> [1562 bytes]","args":[{"selector":{"id":"revertPlanningBtn","viewName":"etm.portal.ui.managecontracts.view.Detail","interaction":{"idSuffix":"BDI-content"}},"wdio_ui5_key":"revertPlanningBtnetmportal.ui.managecontracts.view.Detail"}]}
RESULT: {"script":"<script> [1562 bytes]","args":[{"selector":{"id":"revertPlanningBtn","viewName":"etm.portal.ui.managecontracts.view.Detail","interaction":{"idSuffix":"BDI-content"}},"wdio_ui5_key":"revertPlanningBtnetmportal.ui.managecontracts.view.Detail"}]}
RESULT: undefined
COMMAND: POST /session/eb79c257209da8ba08c59be1d775ff21/element - {"using":"xpath","value":"//*[@id=\"__xmlview64--revertPlanningBtn\"]"}
RESULT: {"using":"xpath","value":"//*[@id=\"__xmlview64--revertPlanningBtn\"]"}
COMMAND: POST /session/eb79c257209da8ba08c59be1d775ff21/element/f.9FA5373B3500B72DA4049E533E67ABAF.d.AD9BBA01C12CAD6DC8B17F9AE82BC18E.e.6372/click - {}
RESULT: {}
COMMAND: POST /session/eb79c257209da8ba08c59be1d775ff21/element - {"using":"xpath","value":"(//div[contains(@id ,\"selectMulti-CbBg\")])[2]"}
COMMAND: GET /session/eb79c257209da8ba08c59be1d775ff21/screenshot - {}
RESULT: {"using":"xpath","value":"(//div[contains(@id ,\"selectMulti-CbBg\")])[2]"}
COMMAND: POST /session/eb79c257209da8ba08c59be1d775ff21/element/f.9FA5373B3500B72DA4049E533E67ABAF.d.AD9BBA01C12CAD6DC8B17F9AE82BC18E.e.6420/click - {}
RESULT: {}
RESULT: {}
COMMAND: GET /session/eb79c257209da8ba08c59be1d775ff21/screenshot - {}
RESULT: {}
COMMAND: POST /session/eb79c257209da8ba08c59be1d775ff21/element - {"using":"xpath","value":"//span[contains(@id ,\"executeRevertPlanningBtn-content\")]"}
RESULT: {"using":"xpath","value":"//span[contains(@id ,\"executeRevertPlanningBtn-content\")]"}
COMMAND: POST /session/eb79c257209da8ba08c59be1d775ff21/element/f.9FA5373B3500B72DA4049E533E67ABAF.d.AD9BBA01C12CAD6DC8B17F9AE82BC18E.e.6421/click - {}
RESULT: {}
COMMAND: GET /session/eb79c257209da8ba08c59be1d775ff21/screenshot - {}
RESULT: {}
COMMAND: POST /session/eb79c257209da8ba08c59be1d775ff21/actions - {"actions":[{"id":"action32","type":"key","parameters":{},"actions":[{"type":"keyDown","value":""},{"type":"pause","duration":10},{"type":"keyUp","value":""}]}]}
RESULT: {"actions":[{"id":"action32","type":"key","parameters":{},"actions":[{"type":"keyDown","value":""},{"type":"pause","duration":10},{"type":"keyUp","value":""}]}]}
COMMAND: GET /session/eb79c257209da8ba08c59be1d775ff21/screenshot - {}
RESULT: {}
COMMAND: POST /session/eb79c257209da8ba08c59be1d775ff21/refresh - {}
RESULT: {}
COMMAND: GET /session/eb79c257209da8ba08c59be1d775ff21/screenshot - {}
RESULT: {}
COMMAND: POST /session/eb79c257209da8ba08c59be1d775ff21/execute/async - {"script":"<script> [189 bytes]","args":[]}
RESULT: {"script":"<script> [189 bytes]","args":[]}
COMMAND: POST /session/eb79c257209da8ba08c59be1d775ff21/execute/async - {"script":"<script> [123 bytes]","args":[]}
RESULT: {"script":"<script> [123 bytes]","args":[]}
COMMAND: POST /session/eb79c257209da8ba08c59be1d775ff21/timeouts - {"script":"<number>"}
RESULT: {"script":"<number>"}
COMMAND: GET /session/eb79c257209da8ba08c59be1d775ff21/timeouts - {}
RESULT: {}
RESULT: undefined
COMMAND: POST /session/eb79c257209da8ba08c59be1d775ff21/execute/async - {"script":"<script> [2676 bytes]","args":[]}
RESULT: {"script":"<script> [2676 bytes]","args":[]}
COMMAND: POST /session/eb79c257209da8ba08c59be1d775ff21/execute/async - {"script":"<script> [2342 bytes]","args":[{"protocol":"http","hostname":"0.0.0.0","path":"/","capabilities":{"browserName":"chrome","goog:chromeOptions":{"binary":"C:\\Program Files\\Google\\Chrome\\Application\\chrome.exe","args":["--start-maximized"]}},"logLevel":"warn","connectionRetryTimeout":120000,"connectionRetryCount":3,"logLevels":{},"enableDirectConnect":true,"strictSSL":true,"_":"65 more keys: [\"cacheDir\",\"port\",\"requestedCapabilities\",\"automationProtocol\",\"baseUrl\",\"waitforInterval\",\"waitforTimeout\",\"onReload\",\"beforeCommand\",\"afterCommand\",\"rootDir\",\"specs\",\"suites\",\"exclude\",\"groupLogsByTestSpec\",\"excludeDriverLogs\",\"bail\",\"framework\",\"reporters\",\"services\",\"maxInstances\",\"maxInstancesPerCapability\",\"injectGlobals\",\"filesToWatch\",\"execArgv\",\"runnerEnv\",\"runner\",\"shard\",\"specFileRetries\",\"specFileRetriesDelay\",\"specFileRetriesDeferred\",\"reporterSyncInterval\",\"reporterSyncTimeout\",\"cucumberFeaturesWithLineNumbers\",\"autoCompileOpts\",\"mochaOpts\",\"jasmineOpts\",\"cucumberOpts\",\"onPrepare\",\"onWorkerStart\",\"onWorkerEnd\",\"before\",\"beforeSession\",\"beforeSuite\",\"beforeHook\",\"beforeTest\",\"afterTest\",\"afterHook\",\"afterSuite\",\"afterSession\",\"after\",\"onComplete\",\"beforeAssertion\",\"afterAssertion\",\"beforeFeature\",\"beforeScenario\",\"beforeStep\",\"afterStep\",\"afterScenario\",\"afterFeature\",\"_\",\"suite\",\"$0\",\"ignoredWorkerServices\",\"wdi5\"]"}]}
RESULT: {"script":"<script> [2342 bytes]","args":[{"protocol":"http","hostname":"0.0.0.0","path":"/","capabilities":{"browserName":"chrome","goog:chromeOptions":{"binary":"C:\\Program Files\\Google\\Chrome\\Application\\chrome.exe","args":["--start-maximized"]}},"logLevel":"warn","connectionRetryTimeout":120000,"connectionRetryCount":3,"logLevels":{},"enableDirectConnect":true,"strictSSL":true,"_":"65 more keys: [\"cacheDir\",\"port\",\"requestedCapabilities\",\"automationProtocol\",\"baseUrl\",\"waitforInterval\",\"waitforTimeout\",\"onReload\",\"beforeCommand\",\"afterCommand\",\"rootDir\",\"specs\",\"suites\",\"exclude\",\"groupLogsByTestSpec\",\"excludeDriverLogs\",\"bail\",\"framework\",\"reporters\",\"services\",\"maxInstances\",\"maxInstancesPerCapability\",\"injectGlobals\",\"filesToWatch\",\"execArgv\",\"runnerEnv\",\"runner\",\"shard\",\"specFileRetries\",\"specFileRetriesDelay\",\"specFileRetriesDeferred\",\"reporterSyncInterval\",\"reporterSyncTimeout\",\"cucumberFeaturesWithLineNumbers\",\"autoCompileOpts\",\"mochaOpts\",\"jasmineOpts\",\"cucumberOpts\",\"onPrepare\",\"onWorkerStart\",\"onWorkerEnd\",\"before\",\"beforeSession\",\"beforeSuite\",\"beforeHook\",\"beforeTest\",\"afterTest\",\"afterHook\",\"afterSuite\",\"afterSession\",\"after\",\"onComplete\",\"beforeAssertion\",\"afterAssertion\",\"beforeFeature\",\"beforeScenario\",\"beforeStep\",\"afterStep\",\"afterScenario\",\"afterFeature\",\"_\",\"suite\",\"$0\",\"ignoredWorkerServices\",\"wdi5\"]"}]}
COMMAND: POST /session/eb79c257209da8ba08c59be1d775ff21/execute/async - {"script":"<script> [21126 bytes]","args":[35000]}
RESULT: {"script":"<script> [21126 bytes]","args":[35000]}
COMMAND: POST /session/eb79c257209da8ba08c59be1d775ff21/execute/async - {"script":"<script> [1562 bytes]","args":[{"selector":{"controlType":"sap.m.Title","viewName":"etm.portal.ui.managecontracts.view.Detail","properties":{"text":"Contract Items (1)"}},"wdio_ui5_key":"etmportal.ui.managecontracts.view.Detailsap.m.Title{\"text\":\"Contract Items (1)\"}"}]}
RESULT: {"script":"<script> [1562 bytes]","args":[{"selector":{"controlType":"sap.m.Title","viewName":"etm.portal.ui.managecontracts.view.Detail","properties":{"text":"Contract Items (1)"}},"wdio_ui5_key":"etmportal.ui.managecontracts.view.Detailsap.m.Title{\"text\":\"Contract Items (1)\"}"}]}
RESULT: undefined
COMMAND: POST /session/eb79c257209da8ba08c59be1d775ff21/execute/async - {"script":"<script> [6424 bytes]","args":[{"element-6066-11e4-a52e-4f735466cecf":"f.9FA5373B3500B72DA4049E533E67ABAF.d.8F936ECF1C0AA735A2D49FE0F0989456.e.6655"},"getText",[]]}
RESULT: {"script":"<script> [6424 bytes]","args":[{"element-6066-11e4-a52e-4f735466cecf":"f.9FA5373B3500B72DA4049E533E67ABAF.d.8F936ECF1C0AA735A2D49FE0F0989456.e.6655"},"getText",[]]}
COMMAND: POST /session/eb79c257209da8ba08c59be1d775ff21/execute/async - {"script":"<script> [1562 bytes]","args":[{"selector":{"id":"contractDetailEditBtn","viewName":"etm.portal.ui.managecontracts.view.Detail","interaction":{"idSuffix":"inner"}},"wdio_ui5_key":"contractDetailEditBtnetmportal.ui.managecontracts.view.Detail"}]}
RESULT: {"script":"<script> [1562 bytes]","args":[{"selector":{"id":"contractDetailEditBtn","viewName":"etm.portal.ui.managecontracts.view.Detail","interaction":{"idSuffix":"inner"}},"wdio_ui5_key":"contractDetailEditBtnetmportal.ui.managecontracts.view.Detail"}]}
RESULT: undefined
COMMAND: POST /session/eb79c257209da8ba08c59be1d775ff21/element - {"using":"xpath","value":"//*[@id=\"__xmlview1--contractDetailEditBtn\"]"}
RESULT: {"using":"xpath","value":"//*[@id=\"__xmlview1--contractDetailEditBtn\"]"}
COMMAND: POST /session/eb79c257209da8ba08c59be1d775ff21/element/f.9FA5373B3500B72DA4049E533E67ABAF.d.8F936ECF1C0AA735A2D49FE0F0989456.e.6496/click - {}
RESULT: {}
COMMAND: GET /session/eb79c257209da8ba08c59be1d775ff21/screenshot - {}
RESULT: {}
COMMAND: POST /session/eb79c257209da8ba08c59be1d775ff21/element - {"using":"xpath","value":"(//span[contains(text(), \"Header Billing Items\")])[2]"}
RESULT: {"using":"xpath","value":"(//span[contains(text(), \"Header Billing Items\")])[2]"}
COMMAND: POST /session/eb79c257209da8ba08c59be1d775ff21/element/f.9FA5373B3500B72DA4049E533E67ABAF.d.8F936ECF1C0AA735A2D49FE0F0989456.e.6711/click - {}
RESULT: {}
COMMAND: GET /session/eb79c257209da8ba08c59be1d775ff21/screenshot - {}
RESULT: {}
COMMAND: POST /session/eb79c257209da8ba08c59be1d775ff21/element - {"using":"xpath","value":"//div[contains(@id ,\"ProductsTable-sa-CbBg\")]"}
RESULT: {"using":"xpath","value":"//div[contains(@id ,\"ProductsTable-sa-CbBg\")]"}
COMMAND: POST /session/eb79c257209da8ba08c59be1d775ff21/element/f.9FA5373B3500B72DA4049E533E67ABAF.d.8F936ECF1C0AA735A2D49FE0F0989456.e.6725/click - {}
RESULT: {}
COMMAND: GET /session/eb79c257209da8ba08c59be1d775ff21/screenshot - {}
RESULT: {}
COMMAND: POST /session/eb79c257209da8ba08c59be1d775ff21/execute/async - {"script":"<script> [1562 bytes]","args":[{"selector":{"id":"deleteBtn","viewName":"etm.portal.ui.managecontracts.view.EditContract","interaction":{"idSuffix":"BDI-content"}},"wdio_ui5_key":"deleteBtnetmportal.ui.managecontracts.view.EditContract"}]}
RESULT: {"script":"<script> [1562 bytes]","args":[{"selector":{"id":"deleteBtn","viewName":"etm.portal.ui.managecontracts.view.EditContract","interaction":{"idSuffix":"BDI-content"}},"wdio_ui5_key":"deleteBtnetmportal.ui.managecontracts.view.EditContract"}]}
RESULT: undefined
COMMAND: POST /session/eb79c257209da8ba08c59be1d775ff21/element - {"using":"xpath","value":"//*[@id=\"__xmlview2--deleteBtn\"]"}
RESULT: {"using":"xpath","value":"//*[@id=\"__xmlview2--deleteBtn\"]"}
COMMAND: POST /session/eb79c257209da8ba08c59be1d775ff21/element/f.9FA5373B3500B72DA4049E533E67ABAF.d.8F936ECF1C0AA735A2D49FE0F0989456.e.6727/click - {}
RESULT: {}
COMMAND: POST /session/eb79c257209da8ba08c59be1d775ff21/element - {"using":"xpath","value":"//bdi[contains(@id ,\"BDI-content\")][contains(text(), \"OK\")]"}
COMMAND: GET /session/eb79c257209da8ba08c59be1d775ff21/screenshot - {}
RESULT: {"using":"xpath","value":"//bdi[contains(@id ,\"BDI-content\")][contains(text(), \"OK\")]"}
COMMAND: POST /session/eb79c257209da8ba08c59be1d775ff21/element/f.9FA5373B3500B72DA4049E533E67ABAF.d.8F936ECF1C0AA735A2D49FE0F0989456.e.6729/click - {}
RESULT: {}
RESULT: {}
COMMAND: GET /session/eb79c257209da8ba08c59be1d775ff21/screenshot - {}
RESULT: {}
COMMAND: POST /session/eb79c257209da8ba08c59be1d775ff21/element - {"using":"xpath","value":"//bdi[contains(@id ,\"BDI-content\")][contains(text(), \"Save\")]"}
RESULT: {"using":"xpath","value":"//bdi[contains(@id ,\"BDI-content\")][contains(text(), \"Save\")]"}
COMMAND: POST /session/eb79c257209da8ba08c59be1d775ff21/element/f.9FA5373B3500B72DA4049E533E67ABAF.d.8F936ECF1C0AA735A2D49FE0F0989456.e.6731/click - {}
RESULT: {}
COMMAND: GET /session/eb79c257209da8ba08c59be1d775ff21/screenshot - {}
RESULT: {}
COMMAND: POST /session/eb79c257209da8ba08c59be1d775ff21/element - {"using":"xpath","value":"(//span[contains(text(), \"Header Billing Items\")])[1]"}
RESULT: {"using":"xpath","value":"(//span[contains(text(), \"Header Billing Items\")])[1]"}
COMMAND: POST /session/eb79c257209da8ba08c59be1d775ff21/element/f.9FA5373B3500B72DA4049E533E67ABAF.d.8F936ECF1C0AA735A2D49FE0F0989456.e.6734/click - {}
RESULT: {}
COMMAND: GET /session/eb79c257209da8ba08c59be1d775ff21/screenshot - {}
RESULT: {}
COMMAND: POST /session/eb79c257209da8ba08c59be1d775ff21/execute/async - {"script":"<script> [1562 bytes]","args":[{"selector":{"controlType":"sap.m.ObjectStatus","viewName":"etm.portal.ui.managecontracts.view.Detail","bindingPath":{"path":"/SmartContractItems(CONTRACT='10194',ITEM=10m,SUB_ITEM=0m)","propertyPath":"STATUS"}},"wdio_ui5_key":"etmportal.ui.managecontracts.view.Detailsap.m.ObjectStatus{\"path\":\"/SmartContractItems(CONTRACT='10194',ITEM=10m,SUB_ITEM=0m)\",\"propertyPath\":\"STATUS\"}"}]}
RESULT: {"script":"<script> [1562 bytes]","args":[{"selector":{"controlType":"sap.m.ObjectStatus","viewName":"etm.portal.ui.managecontracts.view.Detail","bindingPath":{"path":"/SmartContractItems(CONTRACT='10194',ITEM=10m,SUB_ITEM=0m)","propertyPath":"STATUS"}},"wdio_ui5_key":"etmportal.ui.managecontracts.view.Detailsap.m.ObjectStatus{\"path\":\"/SmartContractItems(CONTRACT='10194',ITEM=10m,SUB_ITEM=0m)\",\"propertyPath\":\"STATUS\"}"}]}
RESULT: undefined
COMMAND: POST /session/eb79c257209da8ba08c59be1d775ff21/execute/async - {"script":"<script> [6424 bytes]","args":[{"element-6066-11e4-a52e-4f735466cecf":"f.9FA5373B3500B72DA4049E533E67ABAF.d.8F936ECF1C0AA735A2D49FE0F0989456.e.6736"},"getText",[]]}
RESULT: {"script":"<script> [6424 bytes]","args":[{"element-6066-11e4-a52e-4f735466cecf":"f.9FA5373B3500B72DA4049E533E67ABAF.d.8F936ECF1C0AA735A2D49FE0F0989456.e.6736"},"getText",[]]}
COMMAND: POST /session/eb79c257209da8ba08c59be1d775ff21/element - {"using":"css selector","value":"#shell-header-logo"}
RESULT: {"using":"css selector","value":"#shell-header-logo"}
COMMAND: POST /session/eb79c257209da8ba08c59be1d775ff21/element/f.9FA5373B3500B72DA4049E533E67ABAF.d.8F936ECF1C0AA735A2D49FE0F0989456.e.6437/click - {}
RESULT: {}
COMMAND: GET /session/eb79c257209da8ba08c59be1d775ff21/screenshot - {}
RESULT: {}
COMMAND: POST /session/eb79c257209da8ba08c59be1d775ff21/execute/async - {"script":"<script> [1562 bytes]","args":[{"selector":{"controlType":"sap.m.GenericTile","properties":{"header":"Manage Requests"}},"wdio_ui5_key":"sapm.GenericTile{\"header\":\"Manage Requests\"}"}]}
RESULT: {"script":"<script> [1562 bytes]","args":[{"selector":{"controlType":"sap.m.GenericTile","properties":{"header":"Manage Requests"}},"wdio_ui5_key":"sapm.GenericTile{\"header\":\"Manage Requests\"}"}]}
RESULT: undefined
COMMAND: POST /session/eb79c257209da8ba08c59be1d775ff21/element - {"using":"xpath","value":"//*[@id=\"__tile47\"]"}
RESULT: {"using":"xpath","value":"//*[@id=\"__tile47\"]"}
COMMAND: POST /session/eb79c257209da8ba08c59be1d775ff21/element/f.9FA5373B3500B72DA4049E533E67ABAF.d.8F936ECF1C0AA735A2D49FE0F0989456.e.6752/click - {}
RESULT: {}
COMMAND: GET /session/eb79c257209da8ba08c59be1d775ff21/screenshot - {}
RESULT: {}
COMMAND: POST /session/eb79c257209da8ba08c59be1d775ff21/elements - {"using":"xpath","value":"//span[text()='Error']"}
COMMAND: POST /session/eb79c257209da8ba08c59be1d775ff21/execute/async - {"script":"<script> [1562 bytes]","args":[{"selector":{"controlType":"sap.m.SearchField","viewName":"etm.portal.ui.managerequests.view.Master","bindingPath":{"path":"","propertyPath":"/_BASIC_SEARCH_FIELD","modelName":"fi1t3rM0d31"},"interaction":{"idSuffix":"I"}},"wdio_ui5_key":"etmportal.ui.managerequests.view.Mastersap.m.SearchField{\"path\":\"\",\"propertyPath\":\"/_BASIC_SEARCH_FIELD\",\"modelName\":\"fi1t3rM0d31\"}"}]}
RESULT: {"using":"xpath","value":"//span[text()='Error']"}
RESULT: {"script":"<script> [1562 bytes]","args":[{"selector":{"controlType":"sap.m.SearchField","viewName":"etm.portal.ui.managerequests.view.Master","bindingPath":{"path":"","propertyPath":"/_BASIC_SEARCH_FIELD","modelName":"fi1t3rM0d31"},"interaction":{"idSuffix":"I"}},"wdio_ui5_key":"etmportal.ui.managerequests.view.Mastersap.m.SearchField{\"path\":\"\",\"propertyPath\":\"/_BASIC_SEARCH_FIELD\",\"modelName\":\"fi1t3rM0d31\"}"}]}
RESULT: undefined
COMMAND: POST /session/eb79c257209da8ba08c59be1d775ff21/execute/async - {"script":"<script> [776 bytes]","args":[{"enterText":"20100","selector":{"controlType":"sap.m.SearchField","viewName":"etm.portal.ui.managerequests.view.Master","bindingPath":{"path":"","propertyPath":"/_BASIC_SEARCH_FIELD","modelName":"fi1t3rM0d31"},"interaction":{"idSuffix":"I"}},"clearTextFirst":true,"interactionType":"ENTER_TEXT"}]}
RESULT: {"script":"<script> [776 bytes]","args":[{"enterText":"20100","selector":{"controlType":"sap.m.SearchField","viewName":"etm.portal.ui.managerequests.view.Master","bindingPath":{"path":"","propertyPath":"/_BASIC_SEARCH_FIELD","modelName":"fi1t3rM0d31"},"interaction":{"idSuffix":"I"}},"clearTextFirst":true,"interactionType":"ENTER_TEXT"}]}
COMMAND: POST /session/eb79c257209da8ba08c59be1d775ff21/actions - {"actions":[{"id":"action33","type":"key","parameters":{},"actions":[{"type":"keyDown","value":""},{"type":"pause","duration":10},{"type":"keyUp","value":""}]}]}
RESULT: {"actions":[{"id":"action33","type":"key","parameters":{},"actions":[{"type":"keyDown","value":""},{"type":"pause","duration":10},{"type":"keyUp","value":""}]}]}
COMMAND: GET /session/eb79c257209da8ba08c59be1d775ff21/screenshot - {}
RESULT: {}
COMMAND: POST /session/eb79c257209da8ba08c59be1d775ff21/execute/async - {"script":"<script> [1562 bytes]","args":[{"selector":{"controlType":"sap.m.Text","viewName":"etm.portal.ui.managerequests.view.Master","bindingPath":{"path":"/SmartManageRequests('20100')","propertyPath":"NO"}},"wdio_ui5_key":"etmportal.ui.managerequests.view.Mastersap.m.Text{\"path\":\"/SmartManageRequests('20100')\",\"propertyPath\":\"NO\"}"}]}
RESULT: {"script":"<script> [1562 bytes]","args":[{"selector":{"controlType":"sap.m.Text","viewName":"etm.portal.ui.managerequests.view.Master","bindingPath":{"path":"/SmartManageRequests('20100')","propertyPath":"NO"}},"wdio_ui5_key":"etmportal.ui.managerequests.view.Mastersap.m.Text{\"path\":\"/SmartManageRequests('20100')\",\"propertyPath\":\"NO\"}"}]}
RESULT: undefined
COMMAND: POST /session/eb79c257209da8ba08c59be1d775ff21/element - {"using":"xpath","value":"//*[@id=\"__text463-__clone238\"]"}
RESULT: {"using":"xpath","value":"//*[@id=\"__text463-__clone238\"]"}
COMMAND: POST /session/eb79c257209da8ba08c59be1d775ff21/element/f.9FA5373B3500B72DA4049E533E67ABAF.d.8F936ECF1C0AA735A2D49FE0F0989456.e.6875/click - {}
RESULT: {}
COMMAND: GET /session/eb79c257209da8ba08c59be1d775ff21/screenshot - {}
RESULT: {}
COMMAND: POST /session/eb79c257209da8ba08c59be1d775ff21/execute/async - {"script":"<script> [1562 bytes]","args":[{"selector":{"controlType":"sap.ui.core.Icon","viewName":"etm.portal.ui.managerequests.view.Detail","properties":{"src":{"regex":{"source":"slim\\-arrow\\-up"}}}},"wdio_ui5_key":"etmportal.ui.managerequests.view.Detailsap.ui.core.Icon{\"src\":{\"regex\":{\"source\":\"slim\\\\-arrow\\\\-up\"}}}"}]}
RESULT: {"script":"<script> [1562 bytes]","args":[{"selector":{"controlType":"sap.ui.core.Icon","viewName":"etm.portal.ui.managerequests.view.Detail","properties":{"src":{"regex":{"source":"slim\\-arrow\\-up"}}}},"wdio_ui5_key":"etmportal.ui.managerequests.view.Detailsap.ui.core.Icon{\"src\":{\"regex\":{\"source\":\"slim\\\\-arrow\\\\-up\"}}}"}]}
RESULT: undefined
COMMAND: POST /session/eb79c257209da8ba08c59be1d775ff21/element - {"using":"xpath","value":"//*[@id=\"__xmlview62--detailRequestPage-OPHeaderContent-collapseBtn-img\"]"}
RESULT: {"using":"xpath","value":"//*[@id=\"__xmlview62--detailRequestPage-OPHeaderContent-collapseBtn-img\"]"}
COMMAND: POST /session/eb79c257209da8ba08c59be1d775ff21/element/f.9FA5373B3500B72DA4049E533E67ABAF.d.8F936ECF1C0AA735A2D49FE0F0989456.e.7025/click - {}
RESULT: {}
COMMAND: GET /session/eb79c257209da8ba08c59be1d775ff21/screenshot - {}
RESULT: {}
COMMAND: POST /session/eb79c257209da8ba08c59be1d775ff21/execute/async - {"script":"<script> [1562 bytes]","args":[{"selector":{"controlType":"sap.m.Text","viewName":"etm.portal.ui.managerequests.view.Detail","bindingPath":{"path":"/SmartRequestItemsPlanningBoard(ITEM=20m,REQUEST='20100')","propertyPath":"STATUS_DESC"}},"wdio_ui5_key":"etmportal.ui.managerequests.view.Detailsap.m.Text{\"path\":\"/SmartRequestItemsPlanningBoard(ITEM=20m,REQUEST='20100')\",\"propertyPath\":\"STATUS_DESC\"}"}]}
RESULT: {"script":"<script> [1562 bytes]","args":[{"selector":{"controlType":"sap.m.Text","viewName":"etm.portal.ui.managerequests.view.Detail","bindingPath":{"path":"/SmartRequestItemsPlanningBoard(ITEM=20m,REQUEST='20100')","propertyPath":"STATUS_DESC"}},"wdio_ui5_key":"etmportal.ui.managerequests.view.Detailsap.m.Text{\"path\":\"/SmartRequestItemsPlanningBoard(ITEM=20m,REQUEST='20100')\",\"propertyPath\":\"STATUS_DESC\"}"}]}
RESULT: undefined
COMMAND: POST /session/eb79c257209da8ba08c59be1d775ff21/execute/async - {"script":"<script> [6424 bytes]","args":[{"element-6066-11e4-a52e-4f735466cecf":"f.9FA5373B3500B72DA4049E533E67ABAF.d.8F936ECF1C0AA735A2D49FE0F0989456.e.7080"},"getText",[]]}
RESULT: {"script":"<script> [6424 bytes]","args":[{"element-6066-11e4-a52e-4f735466cecf":"f.9FA5373B3500B72DA4049E533E67ABAF.d.8F936ECF1C0AA735A2D49FE0F0989456.e.7080"},"getText",[]]}
COMMAND: POST /session/eb79c257209da8ba08c59be1d775ff21/element - {"using":"css selector","value":"#shell-header-logo"}
RESULT: {"using":"css selector","value":"#shell-header-logo"}
COMMAND: POST /session/eb79c257209da8ba08c59be1d775ff21/element/f.9FA5373B3500B72DA4049E533E67ABAF.d.8F936ECF1C0AA735A2D49FE0F0989456.e.6758/click - {}
RESULT: {}
COMMAND: GET /session/eb79c257209da8ba08c59be1d775ff21/screenshot - {}
RESULT: {}
]]></system-out>
    </testcase>
  </testsuite>
  <testsuite timestamp="2025-05-24T18:10:27" time="283.632" tests="4" failures="0" errors="0" skipped="0">
    <properties>
      <property name="specId" value="0"/>
      <property name="suiteName" value="Standard contract close-reopen US111278"/>
      <property name="capabilities" value="chrome.136_0_7103_93.windows"/>
      <property name="file" value="file:///D:/a/1/s/test/specs/R2C/standard-contract-close-reopen.spec.js"/>
    </properties>
    <testcase classname="chrome.136_0_7103_93.windows.Standard_contract_close-reopen_US111278" name="Should create a new contract and add an item" time="148.72">
      <system-out><![CDATA[
COMMAND: POST /session/eb79c257209da8ba08c59be1d775ff21/execute/async - {"script":"<script> [1562 bytes]","args":[{"selector":{"controlType":"sap.m.GenericTile","properties":{"header":"Manage Contracts"}},"wdio_ui5_key":"sapm.GenericTile{\"header\":\"Manage Contracts\"}"}]}
RESULT: {"script":"<script> [1562 bytes]","args":[{"selector":{"controlType":"sap.m.GenericTile","properties":{"header":"Manage Contracts"}},"wdio_ui5_key":"sapm.GenericTile{\"header\":\"Manage Contracts\"}"}]}
RESULT: undefined
COMMAND: POST /session/eb79c257209da8ba08c59be1d775ff21/element - {"using":"xpath","value":"//*[@id=\"__tile130\"]"}
RESULT: {"using":"xpath","value":"//*[@id=\"__tile130\"]"}
COMMAND: POST /session/eb79c257209da8ba08c59be1d775ff21/element/f.9FA5373B3500B72DA4049E533E67ABAF.d.8F936ECF1C0AA735A2D49FE0F0989456.e.7083/click - {}
RESULT: {}
COMMAND: GET /session/eb79c257209da8ba08c59be1d775ff21/screenshot - {}
RESULT: {}
COMMAND: POST /session/eb79c257209da8ba08c59be1d775ff21/elements - {"using":"xpath","value":"//span[text()='Error']"}
RESULT: {"using":"xpath","value":"//span[text()='Error']"}
COMMAND: POST /session/eb79c257209da8ba08c59be1d775ff21/element - {"using":"xpath","value":"//button[@data-kt=\"addButton\"]"}
RESULT: {"using":"xpath","value":"//button[@data-kt=\"addButton\"]"}
COMMAND: POST /session/eb79c257209da8ba08c59be1d775ff21/element/f.9FA5373B3500B72DA4049E533E67ABAF.d.8F936ECF1C0AA735A2D49FE0F0989456.e.7131/click - {}
RESULT: {}
COMMAND: GET /session/eb79c257209da8ba08c59be1d775ff21/screenshot - {}
COMMAND: POST /session/eb79c257209da8ba08c59be1d775ff21/execute/async - {"script":"<script> [1562 bytes]","args":[{"selector":{"id":"application-managecontracts-display-component---AddNewContract--projectDescription","interaction":{"idSuffix":"inner"}},"wdio_ui5_key":"applicationmanagecontracts-display-component---AddNewContract--projectDescription"}]}
RESULT: {}
RESULT: {"script":"<script> [1562 bytes]","args":[{"selector":{"id":"application-managecontracts-display-component---AddNewContract--projectDescription","interaction":{"idSuffix":"inner"}},"wdio_ui5_key":"applicationmanagecontracts-display-component---AddNewContract--projectDescription"}]}
RESULT: undefined
COMMAND: POST /session/eb79c257209da8ba08c59be1d775ff21/execute/async - {"script":"<script> [776 bytes]","args":[{"enterText":"WdIOR2c6ae0n","selector":{"id":"application-managecontracts-display-component---AddNewContract--projectDescription","interaction":{"idSuffix":"inner"}},"clearTextFirst":true,"interactionType":"ENTER_TEXT"}]}
RESULT: {"script":"<script> [776 bytes]","args":[{"enterText":"WdIOR2c6ae0n","selector":{"id":"application-managecontracts-display-component---AddNewContract--projectDescription","interaction":{"idSuffix":"inner"}},"clearTextFirst":true,"interactionType":"ENTER_TEXT"}]}
COMMAND: POST /session/eb79c257209da8ba08c59be1d775ff21/element - {"using":"xpath","value":"//input[@id=\"application-managecontracts-display-component---AddNewContract--yardId-inner\"]"}
RESULT: {"using":"xpath","value":"//input[@id=\"application-managecontracts-display-component---AddNewContract--yardId-inner\"]"}
COMMAND: POST /session/eb79c257209da8ba08c59be1d775ff21/element/f.9FA5373B3500B72DA4049E533E67ABAF.d.8F936ECF1C0AA735A2D49FE0F0989456.e.7398/clear - {}
RESULT: {}
COMMAND: POST /session/eb79c257209da8ba08c59be1d775ff21/element/f.9FA5373B3500B72DA4049E533E67ABAF.d.8F936ECF1C0AA735A2D49FE0F0989456.e.7398/value - {"text":"WebdriverYardd0gb7"}
COMMAND: GET /session/eb79c257209da8ba08c59be1d775ff21/screenshot - {}
RESULT: {"text":"WebdriverYardd0gb7"}
COMMAND: GET /session/eb79c257209da8ba08c59be1d775ff21/screenshot - {}
RESULT: {}
RESULT: {}
COMMAND: POST /session/eb79c257209da8ba08c59be1d775ff21/actions - {"actions":[{"id":"action34","type":"key","parameters":{},"actions":[{"type":"keyDown","value":""},{"type":"pause","duration":10},{"type":"keyUp","value":""}]}]}
RESULT: {"actions":[{"id":"action34","type":"key","parameters":{},"actions":[{"type":"keyDown","value":""},{"type":"pause","duration":10},{"type":"keyUp","value":""}]}]}
COMMAND: GET /session/eb79c257209da8ba08c59be1d775ff21/screenshot - {}
RESULT: {}
COMMAND: POST /session/eb79c257209da8ba08c59be1d775ff21/element - {"using":"xpath","value":"//input[@id=\"application-managecontracts-display-component---AddNewContract--customerSelect-inner\"]"}
RESULT: {"using":"xpath","value":"//input[@id=\"application-managecontracts-display-component---AddNewContract--customerSelect-inner\"]"}
COMMAND: POST /session/eb79c257209da8ba08c59be1d775ff21/element/f.9FA5373B3500B72DA4049E533E67ABAF.d.8F936ECF1C0AA735A2D49FE0F0989456.e.7396/clear - {}
RESULT: {}
COMMAND: POST /session/eb79c257209da8ba08c59be1d775ff21/element/f.9FA5373B3500B72DA4049E533E67ABAF.d.8F936ECF1C0AA735A2D49FE0F0989456.e.7396/value - {"text":"WebdriverPartnerj2b72i"}
COMMAND: GET /session/eb79c257209da8ba08c59be1d775ff21/screenshot - {}
RESULT: {"text":"WebdriverPartnerj2b72i"}
COMMAND: GET /session/eb79c257209da8ba08c59be1d775ff21/screenshot - {}
RESULT: {}
RESULT: {}
COMMAND: POST /session/eb79c257209da8ba08c59be1d775ff21/actions - {"actions":[{"id":"action35","type":"key","parameters":{},"actions":[{"type":"keyDown","value":""},{"type":"pause","duration":10},{"type":"keyUp","value":""}]}]}
RESULT: {"actions":[{"id":"action35","type":"key","parameters":{},"actions":[{"type":"keyDown","value":""},{"type":"pause","duration":10},{"type":"keyUp","value":""}]}]}
COMMAND: GET /session/eb79c257209da8ba08c59be1d775ff21/screenshot - {}
RESULT: {}
COMMAND: POST /session/eb79c257209da8ba08c59be1d775ff21/element - {"using":"xpath","value":"//input[@id=\"application-managecontracts-display-component---AddNewContract--site-inner\"]"}
RESULT: {"using":"xpath","value":"//input[@id=\"application-managecontracts-display-component---AddNewContract--site-inner\"]"}
COMMAND: POST /session/eb79c257209da8ba08c59be1d775ff21/element/f.9FA5373B3500B72DA4049E533E67ABAF.d.8F936ECF1C0AA735A2D49FE0F0989456.e.7397/clear - {}
RESULT: {}
COMMAND: POST /session/eb79c257209da8ba08c59be1d775ff21/element/f.9FA5373B3500B72DA4049E533E67ABAF.d.8F936ECF1C0AA735A2D49FE0F0989456.e.7397/value - {"text":"WebdriverSitey2x3t"}
COMMAND: GET /session/eb79c257209da8ba08c59be1d775ff21/screenshot - {}
RESULT: {"text":"WebdriverSitey2x3t"}
COMMAND: GET /session/eb79c257209da8ba08c59be1d775ff21/screenshot - {}
RESULT: {}
RESULT: {}
COMMAND: POST /session/eb79c257209da8ba08c59be1d775ff21/actions - {"actions":[{"id":"action36","type":"key","parameters":{},"actions":[{"type":"keyDown","value":""},{"type":"pause","duration":10},{"type":"keyUp","value":""}]}]}
RESULT: {"actions":[{"id":"action36","type":"key","parameters":{},"actions":[{"type":"keyDown","value":""},{"type":"pause","duration":10},{"type":"keyUp","value":""}]}]}
COMMAND: GET /session/eb79c257209da8ba08c59be1d775ff21/screenshot - {}
RESULT: {}
COMMAND: POST /session/eb79c257209da8ba08c59be1d775ff21/element - {"using":"xpath","value":"//button[@data-kt=\"saveButton\"]"}
RESULT: {"using":"xpath","value":"//button[@data-kt=\"saveButton\"]"}
COMMAND: POST /session/eb79c257209da8ba08c59be1d775ff21/element/f.9FA5373B3500B72DA4049E533E67ABAF.d.8F936ECF1C0AA735A2D49FE0F0989456.e.7472/click - {}
RESULT: {}
COMMAND: GET /session/eb79c257209da8ba08c59be1d775ff21/screenshot - {}
RESULT: {}
COMMAND: POST /session/eb79c257209da8ba08c59be1d775ff21/execute/async - {"script":"<script> [1562 bytes]","args":[{"selector":{"id":"contractDetailTitleNoExpanded","viewName":"etm.portal.ui.managecontracts.view.Detail"},"wdio_ui5_key":"contractDetailTitleNoExpandedetmportal.ui.managecontracts.view.Detail"}]}
RESULT: {"script":"<script> [1562 bytes]","args":[{"selector":{"id":"contractDetailTitleNoExpanded","viewName":"etm.portal.ui.managecontracts.view.Detail"},"wdio_ui5_key":"contractDetailTitleNoExpandedetmportal.ui.managecontracts.view.Detail"}]}
RESULT: undefined
COMMAND: POST /session/eb79c257209da8ba08c59be1d775ff21/execute/async - {"script":"<script> [6424 bytes]","args":[{"element-6066-11e4-a52e-4f735466cecf":"f.9FA5373B3500B72DA4049E533E67ABAF.d.8F936ECF1C0AA735A2D49FE0F0989456.e.7493"},"getText",[]]}
RESULT: {"script":"<script> [6424 bytes]","args":[{"element-6066-11e4-a52e-4f735466cecf":"f.9FA5373B3500B72DA4049E533E67ABAF.d.8F936ECF1C0AA735A2D49FE0F0989456.e.7493"},"getText",[]]}
COMMAND: POST /session/eb79c257209da8ba08c59be1d775ff21/execute/async - {"script":"<script> [1562 bytes]","args":[{"selector":{"id":"closeContractBtn","viewName":"etm.portal.ui.managecontracts.view.Detail"},"wdio_ui5_key":"closeContractBtnetmportal.ui.managecontracts.view.Detail"}]}
RESULT: {"script":"<script> [1562 bytes]","args":[{"selector":{"id":"closeContractBtn","viewName":"etm.portal.ui.managecontracts.view.Detail"},"wdio_ui5_key":"closeContractBtnetmportal.ui.managecontracts.view.Detail"}]}
RESULT: undefined
COMMAND: POST /session/eb79c257209da8ba08c59be1d775ff21/execute/async - {"script":"<script> [6424 bytes]","args":[{"element-6066-11e4-a52e-4f735466cecf":"f.9FA5373B3500B72DA4049E533E67ABAF.d.8F936ECF1C0AA735A2D49FE0F0989456.e.7494"},"getEnabled",[]]}
RESULT: {"script":"<script> [6424 bytes]","args":[{"element-6066-11e4-a52e-4f735466cecf":"f.9FA5373B3500B72DA4049E533E67ABAF.d.8F936ECF1C0AA735A2D49FE0F0989456.e.7494"},"getEnabled",[]]}
COMMAND: POST /session/eb79c257209da8ba08c59be1d775ff21/element - {"using":"xpath","value":"//button[@data-kt=\"contractDetailEditBtnButton\"]"}
RESULT: {"using":"xpath","value":"//button[@data-kt=\"contractDetailEditBtnButton\"]"}
COMMAND: POST /session/eb79c257209da8ba08c59be1d775ff21/element/f.9FA5373B3500B72DA4049E533E67ABAF.d.8F936ECF1C0AA735A2D49FE0F0989456.e.7495/click - {}
RESULT: {}
COMMAND: GET /session/eb79c257209da8ba08c59be1d775ff21/screenshot - {}
RESULT: {}
COMMAND: POST /session/eb79c257209da8ba08c59be1d775ff21/element - {"using":"xpath","value":"(//span[contains(text(), \"Additional Addresses\")])[2]"}
RESULT: {"using":"xpath","value":"(//span[contains(text(), \"Additional Addresses\")])[2]"}
COMMAND: POST /session/eb79c257209da8ba08c59be1d775ff21/element/f.9FA5373B3500B72DA4049E533E67ABAF.d.8F936ECF1C0AA735A2D49FE0F0989456.e.7554/click - {}
RESULT: {}
COMMAND: GET /session/eb79c257209da8ba08c59be1d775ff21/screenshot - {}
RESULT: {}
COMMAND: POST /session/eb79c257209da8ba08c59be1d775ff21/element - {"using":"xpath","value":"//button[@data-kt=\"btnAddTableRowOverflowToolbarButton\"]"}
RESULT: {"using":"xpath","value":"//button[@data-kt=\"btnAddTableRowOverflowToolbarButton\"]"}
COMMAND: POST /session/eb79c257209da8ba08c59be1d775ff21/element/f.9FA5373B3500B72DA4049E533E67ABAF.d.8F936ECF1C0AA735A2D49FE0F0989456.e.7556/click - {}
RESULT: {}
COMMAND: GET /session/eb79c257209da8ba08c59be1d775ff21/screenshot - {}
RESULT: {}
COMMAND: POST /session/eb79c257209da8ba08c59be1d775ff21/element - {"using":"xpath","value":"//div[(text() = 'Standard Entry' or . = 'Standard Entry')]"}
RESULT: {"using":"xpath","value":"//div[(text() = 'Standard Entry' or . = 'Standard Entry')]"}
COMMAND: POST /session/eb79c257209da8ba08c59be1d775ff21/element/f.9FA5373B3500B72DA4049E533E67ABAF.d.8F936ECF1C0AA735A2D49FE0F0989456.e.7558/click - {}
RESULT: {}
COMMAND: POST /session/eb79c257209da8ba08c59be1d775ff21/element - {"using":"xpath","value":"//td[6]/div/div/input[1]"}
COMMAND: GET /session/eb79c257209da8ba08c59be1d775ff21/screenshot - {}
RESULT: {"using":"xpath","value":"//td[6]/div/div/input[1]"}
COMMAND: POST /session/eb79c257209da8ba08c59be1d775ff21/element/f.9FA5373B3500B72DA4049E533E67ABAF.d.8F936ECF1C0AA735A2D49FE0F0989456.e.7560/click - {}
RESULT: {}
RESULT: {}
COMMAND: POST /session/eb79c257209da8ba08c59be1d775ff21/actions - {"actions":[{"id":"action37","type":"key","parameters":{},"actions":[{"type":"keyDown","value":""},{"type":"pause","duration":10},{"type":"keyUp","value":""}]}]}
COMMAND: GET /session/eb79c257209da8ba08c59be1d775ff21/screenshot - {}
RESULT: {"actions":[{"id":"action37","type":"key","parameters":{},"actions":[{"type":"keyDown","value":""},{"type":"pause","duration":10},{"type":"keyUp","value":""}]}]}
COMMAND: POST /session/eb79c257209da8ba08c59be1d775ff21/element - {"using":"xpath","value":"//td[6]/div/div/input[1]"}
COMMAND: GET /session/eb79c257209da8ba08c59be1d775ff21/screenshot - {}
RESULT: {}
RESULT: {"using":"xpath","value":"//td[6]/div/div/input[1]"}
COMMAND: POST /session/eb79c257209da8ba08c59be1d775ff21/element/f.9FA5373B3500B72DA4049E533E67ABAF.d.8F936ECF1C0AA735A2D49FE0F0989456.e.7560/clear - {}
RESULT: {}
RESULT: {}
COMMAND: POST /session/eb79c257209da8ba08c59be1d775ff21/element/f.9FA5373B3500B72DA4049E533E67ABAF.d.8F936ECF1C0AA735A2D49FE0F0989456.e.7560/value - {"text":"Material"}
COMMAND: GET /session/eb79c257209da8ba08c59be1d775ff21/screenshot - {}
RESULT: {"text":"Material"}
COMMAND: GET /session/eb79c257209da8ba08c59be1d775ff21/screenshot - {}
RESULT: {}
RESULT: {}
COMMAND: POST /session/eb79c257209da8ba08c59be1d775ff21/actions - {"actions":[{"id":"action38","type":"key","parameters":{},"actions":[{"type":"keyDown","value":""},{"type":"pause","duration":10},{"type":"keyUp","value":""}]}]}
RESULT: {"actions":[{"id":"action38","type":"key","parameters":{},"actions":[{"type":"keyDown","value":""},{"type":"pause","duration":10},{"type":"keyUp","value":""}]}]}
COMMAND: GET /session/eb79c257209da8ba08c59be1d775ff21/screenshot - {}
RESULT: {}
COMMAND: POST /session/eb79c257209da8ba08c59be1d775ff21/actions - {"actions":[{"id":"action39","type":"key","parameters":{},"actions":[{"type":"keyDown","value":""},{"type":"pause","duration":10},{"type":"keyUp","value":""}]}]}
RESULT: {"actions":[{"id":"action39","type":"key","parameters":{},"actions":[{"type":"keyDown","value":""},{"type":"pause","duration":10},{"type":"keyUp","value":""}]}]}
COMMAND: POST /session/eb79c257209da8ba08c59be1d775ff21/element - {"using":"xpath","value":"//td[7]/div/div/input"}
COMMAND: GET /session/eb79c257209da8ba08c59be1d775ff21/screenshot - {}
RESULT: {"using":"xpath","value":"//td[7]/div/div/input"}
COMMAND: POST /session/eb79c257209da8ba08c59be1d775ff21/element/f.9FA5373B3500B72DA4049E533E67ABAF.d.8F936ECF1C0AA735A2D49FE0F0989456.e.7573/clear - {}
RESULT: {}
RESULT: {}
COMMAND: POST /session/eb79c257209da8ba08c59be1d775ff21/element/f.9FA5373B3500B72DA4049E533E67ABAF.d.8F936ECF1C0AA735A2D49FE0F0989456.e.7573/value - {"text":"WebdriverRUR2Cdx30a"}
COMMAND: GET /session/eb79c257209da8ba08c59be1d775ff21/screenshot - {}
RESULT: {"text":"WebdriverRUR2Cdx30a"}
COMMAND: GET /session/eb79c257209da8ba08c59be1d775ff21/screenshot - {}
RESULT: {}
RESULT: {}
COMMAND: POST /session/eb79c257209da8ba08c59be1d775ff21/actions - {"actions":[{"id":"action40","type":"key","parameters":{},"actions":[{"type":"keyDown","value":""},{"type":"pause","duration":10},{"type":"keyUp","value":""}]}]}
RESULT: {"actions":[{"id":"action40","type":"key","parameters":{},"actions":[{"type":"keyDown","value":""},{"type":"pause","duration":10},{"type":"keyUp","value":""}]}]}
COMMAND: GET /session/eb79c257209da8ba08c59be1d775ff21/screenshot - {}
RESULT: {}
COMMAND: POST /session/eb79c257209da8ba08c59be1d775ff21/actions - {"actions":[{"id":"action41","type":"key","parameters":{},"actions":[{"type":"keyDown","value":""},{"type":"pause","duration":10},{"type":"keyUp","value":""}]}]}
RESULT: {"actions":[{"id":"action41","type":"key","parameters":{},"actions":[{"type":"keyDown","value":""},{"type":"pause","duration":10},{"type":"keyUp","value":""}]}]}
COMMAND: GET /session/eb79c257209da8ba08c59be1d775ff21/screenshot - {}
RESULT: {}
COMMAND: POST /session/eb79c257209da8ba08c59be1d775ff21/element - {"using":"xpath","value":"(//button[@data-kt=\"saveButton\"])[2]"}
RESULT: {"using":"xpath","value":"(//button[@data-kt=\"saveButton\"])[2]"}
COMMAND: POST /session/eb79c257209da8ba08c59be1d775ff21/element/f.9FA5373B3500B72DA4049E533E67ABAF.d.8F936ECF1C0AA735A2D49FE0F0989456.e.7599/click - {}
RESULT: {}
COMMAND: GET /session/eb79c257209da8ba08c59be1d775ff21/screenshot - {}
RESULT: {}
]]></system-out>
    </testcase>
    <testcase classname="chrome.136_0_7103_93.windows.Standard_contract_close-reopen_US111278" name="It should close the contract" time="29.162">
      <system-out><![CDATA[
RESULT: undefined
COMMAND: POST /session/eb79c257209da8ba08c59be1d775ff21/element - {"using":"xpath","value":"//*[@id=\"__xmlview64--closeContractBtn\"]"}
RESULT: {"using":"xpath","value":"//*[@id=\"__xmlview64--closeContractBtn\"]"}
COMMAND: POST /session/eb79c257209da8ba08c59be1d775ff21/element/f.9FA5373B3500B72DA4049E533E67ABAF.d.8F936ECF1C0AA735A2D49FE0F0989456.e.7494/click - {}
RESULT: {}
COMMAND: GET /session/eb79c257209da8ba08c59be1d775ff21/screenshot - {}
RESULT: {}
COMMAND: POST /session/eb79c257209da8ba08c59be1d775ff21/element - {"using":"xpath","value":"//span[contains(text(), \"Do you want to close the whole contract?\")]"}
RESULT: {"using":"xpath","value":"//span[contains(text(), \"Do you want to close the whole contract?\")]"}
COMMAND: POST /session/eb79c257209da8ba08c59be1d775ff21/execute/sync - {"script":"<script> [8489 bytes]","args":[{"element-6066-11e4-a52e-4f735466cecf":"f.9FA5373B3500B72DA4049E533E67ABAF.d.8F936ECF1C0AA735A2D49FE0F0989456.e.7603","ELEMENT":"f.9FA5373B3500B72DA4049E533E67ABAF.d.8F936ECF1C0AA735A2D49FE0F0989456.e.7603"}]}
RESULT: {"script":"<script> [8489 bytes]","args":[{"element-6066-11e4-a52e-4f735466cecf":"f.9FA5373B3500B72DA4049E533E67ABAF.d.8F936ECF1C0AA735A2D49FE0F0989456.e.7603","ELEMENT":"f.9FA5373B3500B72DA4049E533E67ABAF.d.8F936ECF1C0AA735A2D49FE0F0989456.e.7603"}]}
COMMAND: POST /session/eb79c257209da8ba08c59be1d775ff21/element - {"using":"xpath","value":"//bdi[contains(text(), \"OK\")]"}
COMMAND: GET /session/eb79c257209da8ba08c59be1d775ff21/screenshot - {}
RESULT: {"using":"xpath","value":"//bdi[contains(text(), \"OK\")]"}
COMMAND: POST /session/eb79c257209da8ba08c59be1d775ff21/element/f.9FA5373B3500B72DA4049E533E67ABAF.d.8F936ECF1C0AA735A2D49FE0F0989456.e.7604/click - {}
RESULT: {}
RESULT: {}
COMMAND: GET /session/eb79c257209da8ba08c59be1d775ff21/screenshot - {}
RESULT: {}
COMMAND: POST /session/eb79c257209da8ba08c59be1d775ff21/element - {"using":"xpath","value":"//input[contains(@id ,\"smartContractFilterBar-btnBasicSearch-I\")]"}
RESULT: {"using":"xpath","value":"//input[contains(@id ,\"smartContractFilterBar-btnBasicSearch-I\")]"}
COMMAND: POST /session/eb79c257209da8ba08c59be1d775ff21/element/f.9FA5373B3500B72DA4049E533E67ABAF.d.8F936ECF1C0AA735A2D49FE0F0989456.e.7094/clear - {}
RESULT: {}
COMMAND: POST /session/eb79c257209da8ba08c59be1d775ff21/element/f.9FA5373B3500B72DA4049E533E67ABAF.d.8F936ECF1C0AA735A2D49FE0F0989456.e.7094/value - {"text":"10198"}
COMMAND: GET /session/eb79c257209da8ba08c59be1d775ff21/screenshot - {}
RESULT: {"text":"10198"}
COMMAND: POST /session/eb79c257209da8ba08c59be1d775ff21/actions - {"actions":[{"id":"action42","type":"key","parameters":{},"actions":[{"type":"keyDown","value":""},{"type":"pause","duration":10},{"type":"keyUp","value":""}]}]}
COMMAND: GET /session/eb79c257209da8ba08c59be1d775ff21/screenshot - {}
RESULT: {}
RESULT: {"actions":[{"id":"action42","type":"key","parameters":{},"actions":[{"type":"keyDown","value":""},{"type":"pause","duration":10},{"type":"keyUp","value":""}]}]}
COMMAND: GET /session/eb79c257209da8ba08c59be1d775ff21/screenshot - {}
RESULT: {}
RESULT: {}
COMMAND: POST /session/eb79c257209da8ba08c59be1d775ff21/execute/async - {"script":"<script> [1562 bytes]","args":[{"selector":{"controlType":"sap.ui.core.Icon","viewName":"etm.portal.ui.managecontracts.view.Master","properties":{"src":{"regex":{"source":"slim\\-arrow\\-right"}}}},"wdio_ui5_key":"etmportal.ui.managecontracts.view.Mastersap.ui.core.Icon{\"src\":{\"regex\":{\"source\":\"slim\\\\-arrow\\\\-right\"}}}"}]}
RESULT: {"script":"<script> [1562 bytes]","args":[{"selector":{"controlType":"sap.ui.core.Icon","viewName":"etm.portal.ui.managecontracts.view.Master","properties":{"src":{"regex":{"source":"slim\\-arrow\\-right"}}}},"wdio_ui5_key":"etmportal.ui.managecontracts.view.Mastersap.ui.core.Icon{\"src\":{\"regex\":{\"source\":\"slim\\\\-arrow\\\\-right\"}}}"}]}
RESULT: undefined
COMMAND: POST /session/eb79c257209da8ba08c59be1d775ff21/element - {"using":"xpath","value":"//*[@id=\"__item129-__clone2275-imgNav\"]"}
RESULT: {"using":"xpath","value":"//*[@id=\"__item129-__clone2275-imgNav\"]"}
COMMAND: POST /session/eb79c257209da8ba08c59be1d775ff21/element/f.9FA5373B3500B72DA4049E533E67ABAF.d.8F936ECF1C0AA735A2D49FE0F0989456.e.7803/click - {}
RESULT: {}
COMMAND: POST /session/eb79c257209da8ba08c59be1d775ff21/execute/async - {"script":"<script> [1562 bytes]","args":[{"selector":{"controlType":"sap.m.ObjectStatus","viewName":"etm.portal.ui.managecontracts.view.Detail","bindingPath":{"propertyPath":"LINK_TO_LOGISTICAL_STATUS/DESCRIPTION","modelName":"catalogModel"}},"wdio_ui5_key":"etmportal.ui.managecontracts.view.Detailsap.m.ObjectStatus{\"propertyPath\":\"LINK_TO_LOGISTICAL_STATUS/DESCRIPTION\",\"modelName\":\"catalogModel\"}"}]}
COMMAND: GET /session/eb79c257209da8ba08c59be1d775ff21/screenshot - {}
RESULT: {"script":"<script> [1562 bytes]","args":[{"selector":{"controlType":"sap.m.ObjectStatus","viewName":"etm.portal.ui.managecontracts.view.Detail","bindingPath":{"propertyPath":"LINK_TO_LOGISTICAL_STATUS/DESCRIPTION","modelName":"catalogModel"}},"wdio_ui5_key":"etmportal.ui.managecontracts.view.Detailsap.m.ObjectStatus{\"propertyPath\":\"LINK_TO_LOGISTICAL_STATUS/DESCRIPTION\",\"modelName\":\"catalogModel\"}"}]}
RESULT: undefined
COMMAND: POST /session/eb79c257209da8ba08c59be1d775ff21/execute/async - {"script":"<script> [6424 bytes]","args":[{"element-6066-11e4-a52e-4f735466cecf":"f.9FA5373B3500B72DA4049E533E67ABAF.d.8F936ECF1C0AA735A2D49FE0F0989456.e.7850"},"getText",[]]}
RESULT: {}
RESULT: {"script":"<script> [6424 bytes]","args":[{"element-6066-11e4-a52e-4f735466cecf":"f.9FA5373B3500B72DA4049E533E67ABAF.d.8F936ECF1C0AA735A2D49FE0F0989456.e.7850"},"getText",[]]}
]]></system-out>
    </testcase>
    <testcase classname="chrome.136_0_7103_93.windows.Standard_contract_close-reopen_US111278" name="Should reopen the contract" time="10.627">
      <system-out><![CDATA[
COMMAND: POST /session/eb79c257209da8ba08c59be1d775ff21/execute/async - {"script":"<script> [1562 bytes]","args":[{"selector":{"id":"openContractBtn","viewName":"etm.portal.ui.managecontracts.view.Detail"},"wdio_ui5_key":"openContractBtnetmportal.ui.managecontracts.view.Detail"}]}
RESULT: {"script":"<script> [1562 bytes]","args":[{"selector":{"id":"openContractBtn","viewName":"etm.portal.ui.managecontracts.view.Detail"},"wdio_ui5_key":"openContractBtnetmportal.ui.managecontracts.view.Detail"}]}
RESULT: undefined
COMMAND: POST /session/eb79c257209da8ba08c59be1d775ff21/execute/async - {"script":"<script> [6424 bytes]","args":[{"element-6066-11e4-a52e-4f735466cecf":"f.9FA5373B3500B72DA4049E533E67ABAF.d.8F936ECF1C0AA735A2D49FE0F0989456.e.7824"},"getEnabled",[]]}
RESULT: {"script":"<script> [6424 bytes]","args":[{"element-6066-11e4-a52e-4f735466cecf":"f.9FA5373B3500B72DA4049E533E67ABAF.d.8F936ECF1C0AA735A2D49FE0F0989456.e.7824"},"getEnabled",[]]}
COMMAND: POST /session/eb79c257209da8ba08c59be1d775ff21/element - {"using":"xpath","value":"//bdi[contains(text(), \"Edit\")]"}
RESULT: {"using":"xpath","value":"//bdi[contains(text(), \"Edit\")]"}
COMMAND: POST /session/eb79c257209da8ba08c59be1d775ff21/element - {"using":"xpath","value":"//bdi[contains(text(), \"Edit\")]"}
RESULT: undefined
COMMAND: POST /session/eb79c257209da8ba08c59be1d775ff21/element - {"using":"xpath","value":"//*[@id=\"__xmlview64--openContractBtn\"]"}
RESULT: {"using":"xpath","value":"//*[@id=\"__xmlview64--openContractBtn\"]"}
COMMAND: POST /session/eb79c257209da8ba08c59be1d775ff21/element/f.9FA5373B3500B72DA4049E533E67ABAF.d.8F936ECF1C0AA735A2D49FE0F0989456.e.7824/click - {}
RESULT: {"using":"xpath","value":"//bdi[contains(text(), \"Edit\")]"}
RESULT: {}
COMMAND: POST /session/eb79c257209da8ba08c59be1d775ff21/execute/async - {"script":"<script> [1562 bytes]","args":[{"selector":{"controlType":"sap.m.Text","properties":{"text":"Contract has been reopened successfully"},"searchOpenDialogs":true},"wdio_ui5_key":"sapm.Text{\"text\":\"Contract has been reopened successfully\"}"}]}
COMMAND: GET /session/eb79c257209da8ba08c59be1d775ff21/screenshot - {}
RESULT: {"script":"<script> [1562 bytes]","args":[{"selector":{"controlType":"sap.m.Text","properties":{"text":"Contract has been reopened successfully"},"searchOpenDialogs":true},"wdio_ui5_key":"sapm.Text{\"text\":\"Contract has been reopened successfully\"}"}]}
RESULT: undefined
COMMAND: POST /session/eb79c257209da8ba08c59be1d775ff21/execute/async - {"script":"<script> [6424 bytes]","args":[{"element-6066-11e4-a52e-4f735466cecf":"f.9FA5373B3500B72DA4049E533E67ABAF.d.8F936ECF1C0AA735A2D49FE0F0989456.e.7853"},"getText",[]]}
RESULT: {}
RESULT: {"script":"<script> [6424 bytes]","args":[{"element-6066-11e4-a52e-4f735466cecf":"f.9FA5373B3500B72DA4049E533E67ABAF.d.8F936ECF1C0AA735A2D49FE0F0989456.e.7853"},"getText",[]]}
COMMAND: POST /session/eb79c257209da8ba08c59be1d775ff21/element - {"using":"xpath","value":"//bdi[contains(text(), \"OK\")]"}
RESULT: {"using":"xpath","value":"//bdi[contains(text(), \"OK\")]"}
COMMAND: POST /session/eb79c257209da8ba08c59be1d775ff21/element/f.9FA5373B3500B72DA4049E533E67ABAF.d.8F936ECF1C0AA735A2D49FE0F0989456.e.7854/click - {}
RESULT: {}
COMMAND: GET /session/eb79c257209da8ba08c59be1d775ff21/screenshot - {}
RESULT: {}
COMMAND: POST /session/eb79c257209da8ba08c59be1d775ff21/element - {"using":"xpath","value":"//bdi[contains(text(), \"Edit\")]"}
RESULT: undefined
COMMAND: POST /session/eb79c257209da8ba08c59be1d775ff21/execute/async - {"script":"<script> [6424 bytes]","args":[{"element-6066-11e4-a52e-4f735466cecf":"f.9FA5373B3500B72DA4049E533E67ABAF.d.8F936ECF1C0AA735A2D49FE0F0989456.e.7494"},"getEnabled",[]]}
RESULT: {"using":"xpath","value":"//bdi[contains(text(), \"Edit\")]"}
COMMAND: POST /session/eb79c257209da8ba08c59be1d775ff21/execute/sync - {"script":"<script> [8489 bytes]","args":[{"element-6066-11e4-a52e-4f735466cecf":"f.9FA5373B3500B72DA4049E533E67ABAF.d.8F936ECF1C0AA735A2D49FE0F0989456.e.7855","ELEMENT":"f.9FA5373B3500B72DA4049E533E67ABAF.d.8F936ECF1C0AA735A2D49FE0F0989456.e.7855"}]}
COMMAND: POST /session/eb79c257209da8ba08c59be1d775ff21/execute/async - {"script":"<script> [1562 bytes]","args":[{"selector":{"id":"closeContractBtn","viewName":"etm.portal.ui.managecontracts.view.Detail"},"wdio_ui5_key":"closeContractBtnetmportal.ui.managecontracts.view.Detail"}]}
RESULT: {"script":"<script> [8489 bytes]","args":[{"element-6066-11e4-a52e-4f735466cecf":"f.9FA5373B3500B72DA4049E533E67ABAF.d.8F936ECF1C0AA735A2D49FE0F0989456.e.7855","ELEMENT":"f.9FA5373B3500B72DA4049E533E67ABAF.d.8F936ECF1C0AA735A2D49FE0F0989456.e.7855"}]}
COMMAND: GET /session/eb79c257209da8ba08c59be1d775ff21/screenshot - {}
RESULT: {"script":"<script> [1562 bytes]","args":[{"selector":{"id":"closeContractBtn","viewName":"etm.portal.ui.managecontracts.view.Detail"},"wdio_ui5_key":"closeContractBtnetmportal.ui.managecontracts.view.Detail"}]}
COMMAND: POST /session/eb79c257209da8ba08c59be1d775ff21/execute/async - {"script":"<script> [6424 bytes]","args":[{"element-6066-11e4-a52e-4f735466cecf":"f.9FA5373B3500B72DA4049E533E67ABAF.d.8F936ECF1C0AA735A2D49FE0F0989456.e.7856"},"getEnabled",[]]}
RESULT: {}
RESULT: {"script":"<script> [6424 bytes]","args":[{"element-6066-11e4-a52e-4f735466cecf":"f.9FA5373B3500B72DA4049E533E67ABAF.d.8F936ECF1C0AA735A2D49FE0F0989456.e.7856"},"getEnabled",[]]}
]]></system-out>
    </testcase>
    <testcase classname="chrome.136_0_7103_93.windows.Standard_contract_close-reopen_US111278" name="Should verify for multiple statuses that open button is not visible" time="91.251">
      <system-out><![CDATA[
COMMAND: POST /session/eb79c257209da8ba08c59be1d775ff21/execute/async - {"script":"<script> [1562 bytes]","args":[{"selector":{"controlType":"sap.ui.core.Icon","viewName":"etm.portal.ui.managecontracts.view.Detail","properties":{"src":{"regex":{"source":"decline"}}}},"wdio_ui5_key":"etmportal.ui.managecontracts.view.Detailsap.ui.core.Icon{\"src\":{\"regex\":{\"source\":\"decline\"}}}"}]}
RESULT: {"script":"<script> [1562 bytes]","args":[{"selector":{"controlType":"sap.ui.core.Icon","viewName":"etm.portal.ui.managecontracts.view.Detail","properties":{"src":{"regex":{"source":"decline"}}}},"wdio_ui5_key":"etmportal.ui.managecontracts.view.Detailsap.ui.core.Icon{\"src\":{\"regex\":{\"source\":\"decline\"}}}"}]}
RESULT: undefined
COMMAND: POST /session/eb79c257209da8ba08c59be1d775ff21/element - {"using":"xpath","value":"//*[@id=\"__xmlview64--closeColumnBtn-img\"]"}
RESULT: {"using":"xpath","value":"//*[@id=\"__xmlview64--closeColumnBtn-img\"]"}
COMMAND: POST /session/eb79c257209da8ba08c59be1d775ff21/element/f.9FA5373B3500B72DA4049E533E67ABAF.d.8F936ECF1C0AA735A2D49FE0F0989456.e.7820/click - {}
RESULT: {}
COMMAND: GET /session/eb79c257209da8ba08c59be1d775ff21/screenshot - {}
COMMAND: POST /session/eb79c257209da8ba08c59be1d775ff21/element - {"using":"xpath","value":"//div[contains(@id ,\"smartContractFilterBar-btnBasicSearch-reset\")]"}
RESULT: {}
RESULT: {"using":"xpath","value":"//div[contains(@id ,\"smartContractFilterBar-btnBasicSearch-reset\")]"}
COMMAND: POST /session/eb79c257209da8ba08c59be1d775ff21/element/f.9FA5373B3500B72DA4049E533E67ABAF.d.8F936ECF1C0AA735A2D49FE0F0989456.e.7822/click - {}
RESULT: {}
COMMAND: GET /session/eb79c257209da8ba08c59be1d775ff21/screenshot - {}
COMMAND: POST /session/eb79c257209da8ba08c59be1d775ff21/execute/async - {"script":"<script> [1562 bytes]","args":[{"selector":{"controlType":"sap.ui.core.Icon","viewName":"etm.portal.ui.managecontracts.view.Master","properties":{"src":{"regex":{"source":"slim\\-arrow\\-down"}}},"ancestor":{"id":"smartContractStatusFilter","viewName":"etm.portal.ui.managecontracts.view.Master"}},"wdio_ui5_key":"etmportal.ui.managecontracts.view.Mastersap.ui.core.Icon{\"src\":{\"regex\":{\"source\":\"slim\\\\-arrow\\\\-down\"}}}{\"id\":\"smartContractStatusFilter\",\"viewName\":\"etm.portal.ui.managecontracts.view.Master\"}"}]}
RESULT: {}
RESULT: {"script":"<script> [1562 bytes]","args":[{"selector":{"controlType":"sap.ui.core.Icon","viewName":"etm.portal.ui.managecontracts.view.Master","properties":{"src":{"regex":{"source":"slim\\-arrow\\-down"}}},"ancestor":{"id":"smartContractStatusFilter","viewName":"etm.portal.ui.managecontracts.view.Master"}},"wdio_ui5_key":"etmportal.ui.managecontracts.view.Mastersap.ui.core.Icon{\"src\":{\"regex\":{\"source\":\"slim\\\\-arrow\\\\-down\"}}}{\"id\":\"smartContractStatusFilter\",\"viewName\":\"etm.portal.ui.managecontracts.view.Master\"}"}]}
RESULT: undefined
COMMAND: POST /session/eb79c257209da8ba08c59be1d775ff21/element - {"using":"xpath","value":"//*[@id=\"__xmlview63--smartContractStatusFilter-arrow\"]"}
RESULT: {"using":"xpath","value":"//*[@id=\"__xmlview63--smartContractStatusFilter-arrow\"]"}
COMMAND: POST /session/eb79c257209da8ba08c59be1d775ff21/element/f.9FA5373B3500B72DA4049E533E67ABAF.d.8F936ECF1C0AA735A2D49FE0F0989456.e.7902/click - {}
RESULT: {}
COMMAND: POST /session/eb79c257209da8ba08c59be1d775ff21/execute/async - {"script":"<script> [1562 bytes]","args":[{"selector":{"controlType":"sap.m.CheckBox","viewName":"etm.portal.ui.managecontracts.view.Master","properties":{"editable":true},"searchOpenDialogs":true,"ancestor":{"controlType":"sap.m.StandardListItem","viewName":"etm.portal.ui.managecontracts.view.Master","properties":{"title":"partial provided"},"searchOpenDialogs":true},"interaction":{"idSuffix":"CbBg"}},"wdio_ui5_key":"etmportal.ui.managecontracts.view.Mastersap.m.CheckBox{\"editable\":true}{\"controlType\":\"sap.m.StandardListItem\",\"viewName\":\"etm.portal.ui.managecontracts.view.Master\",\"properties\":{\"title\":\"partial provided\"},\"searchOpenDialogs\":true}"}]}
COMMAND: GET /session/eb79c257209da8ba08c59be1d775ff21/screenshot - {}
RESULT: {"script":"<script> [1562 bytes]","args":[{"selector":{"controlType":"sap.m.CheckBox","viewName":"etm.portal.ui.managecontracts.view.Master","properties":{"editable":true},"searchOpenDialogs":true,"ancestor":{"controlType":"sap.m.StandardListItem","viewName":"etm.portal.ui.managecontracts.view.Master","properties":{"title":"partial provided"},"searchOpenDialogs":true},"interaction":{"idSuffix":"CbBg"}},"wdio_ui5_key":"etmportal.ui.managecontracts.view.Mastersap.m.CheckBox{\"editable\":true}{\"controlType\":\"sap.m.StandardListItem\",\"viewName\":\"etm.portal.ui.managecontracts.view.Master\",\"properties\":{\"title\":\"partial provided\"},\"searchOpenDialogs\":true}"}]}
RESULT: undefined
COMMAND: POST /session/eb79c257209da8ba08c59be1d775ff21/element - {"using":"xpath","value":"//*[@id=\"__item804-selectMulti\"]"}
RESULT: {}
RESULT: {"using":"xpath","value":"//*[@id=\"__item804-selectMulti\"]"}
COMMAND: POST /session/eb79c257209da8ba08c59be1d775ff21/element/f.9FA5373B3500B72DA4049E533E67ABAF.d.8F936ECF1C0AA735A2D49FE0F0989456.e.7911/click - {}
RESULT: {}
COMMAND: GET /session/eb79c257209da8ba08c59be1d775ff21/screenshot - {}
RESULT: {}
COMMAND: POST /session/eb79c257209da8ba08c59be1d775ff21/element - {"using":"xpath","value":"(//span[contains(@title ,\"Navigation\")])[2]"}
RESULT: {"using":"xpath","value":"(//span[contains(@title ,\"Navigation\")])[2]"}
COMMAND: POST /session/eb79c257209da8ba08c59be1d775ff21/element/f.9FA5373B3500B72DA4049E533E67ABAF.d.8F936ECF1C0AA735A2D49FE0F0989456.e.7940/click - {}
RESULT: {}
COMMAND: GET /session/eb79c257209da8ba08c59be1d775ff21/screenshot - {}
RESULT: {}
COMMAND: POST /session/eb79c257209da8ba08c59be1d775ff21/element - {"using":"xpath","value":"//bdi[contains(@id ,\"closeContractBtn-BDI-content\")]"}
RESULT: {"using":"xpath","value":"//bdi[contains(@id ,\"closeContractBtn-BDI-content\")]"}
COMMAND: POST /session/eb79c257209da8ba08c59be1d775ff21/execute/sync - {"script":"<script> [8489 bytes]","args":[{"element-6066-11e4-a52e-4f735466cecf":"f.9FA5373B3500B72DA4049E533E67ABAF.d.8F936ECF1C0AA735A2D49FE0F0989456.e.8131","ELEMENT":"f.9FA5373B3500B72DA4049E533E67ABAF.d.8F936ECF1C0AA735A2D49FE0F0989456.e.8131"}]}
RESULT: undefined
COMMAND: POST /session/eb79c257209da8ba08c59be1d775ff21/element - {"using":"xpath","value":"//*[@id=\"__xmlview64--closeColumnBtn-img\"]"}
RESULT: {"script":"<script> [8489 bytes]","args":[{"element-6066-11e4-a52e-4f735466cecf":"f.9FA5373B3500B72DA4049E533E67ABAF.d.8F936ECF1C0AA735A2D49FE0F0989456.e.8131","ELEMENT":"f.9FA5373B3500B72DA4049E533E67ABAF.d.8F936ECF1C0AA735A2D49FE0F0989456.e.8131"}]}
RESULT: {"using":"xpath","value":"//*[@id=\"__xmlview64--closeColumnBtn-img\"]"}
COMMAND: POST /session/eb79c257209da8ba08c59be1d775ff21/element/f.9FA5373B3500B72DA4049E533E67ABAF.d.8F936ECF1C0AA735A2D49FE0F0989456.e.7820/click - {}
COMMAND: GET /session/eb79c257209da8ba08c59be1d775ff21/screenshot - {}
RESULT: {}
COMMAND: GET /session/eb79c257209da8ba08c59be1d775ff21/screenshot - {}
COMMAND: POST /session/eb79c257209da8ba08c59be1d775ff21/execute/sync - {"script":"<script> [8489 bytes]","args":[{"element-6066-11e4-a52e-4f735466cecf":"f.9FA5373B3500B72DA4049E533E67ABAF.d.8F936ECF1C0AA735A2D49FE0F0989456.e.8131","ELEMENT":"f.9FA5373B3500B72DA4049E533E67ABAF.d.8F936ECF1C0AA735A2D49FE0F0989456.e.8131"}]}
COMMAND: POST /session/eb79c257209da8ba08c59be1d775ff21/refresh - {}
RESULT: {}
RESULT: {}
RESULT: {"script":"<script> [8489 bytes]","args":[{"element-6066-11e4-a52e-4f735466cecf":"f.9FA5373B3500B72DA4049E533E67ABAF.d.8F936ECF1C0AA735A2D49FE0F0989456.e.8131","ELEMENT":"f.9FA5373B3500B72DA4049E533E67ABAF.d.8F936ECF1C0AA735A2D49FE0F0989456.e.8131"}]}
COMMAND: GET /session/eb79c257209da8ba08c59be1d775ff21/screenshot - {}
RESULT: {}
COMMAND: GET /session/eb79c257209da8ba08c59be1d775ff21/screenshot - {}
RESULT: {}
RESULT: {}
COMMAND: POST /session/eb79c257209da8ba08c59be1d775ff21/execute/async - {"script":"<script> [189 bytes]","args":[]}
RESULT: {"script":"<script> [189 bytes]","args":[]}
COMMAND: POST /session/eb79c257209da8ba08c59be1d775ff21/execute/async - {"script":"<script> [123 bytes]","args":[]}
RESULT: {"script":"<script> [123 bytes]","args":[]}
COMMAND: POST /session/eb79c257209da8ba08c59be1d775ff21/timeouts - {"script":"<number>"}
RESULT: {"script":"<number>"}
COMMAND: GET /session/eb79c257209da8ba08c59be1d775ff21/timeouts - {}
RESULT: {}
RESULT: undefined
COMMAND: POST /session/eb79c257209da8ba08c59be1d775ff21/execute/async - {"script":"<script> [2676 bytes]","args":[]}
RESULT: {"script":"<script> [2676 bytes]","args":[]}
COMMAND: POST /session/eb79c257209da8ba08c59be1d775ff21/execute/async - {"script":"<script> [2342 bytes]","args":[{"protocol":"http","hostname":"0.0.0.0","path":"/","capabilities":{"browserName":"chrome","goog:chromeOptions":{"binary":"C:\\Program Files\\Google\\Chrome\\Application\\chrome.exe","args":["--start-maximized"]}},"logLevel":"warn","connectionRetryTimeout":120000,"connectionRetryCount":3,"logLevels":{},"enableDirectConnect":true,"strictSSL":true,"_":"65 more keys: [\"cacheDir\",\"port\",\"requestedCapabilities\",\"automationProtocol\",\"baseUrl\",\"waitforInterval\",\"waitforTimeout\",\"onReload\",\"beforeCommand\",\"afterCommand\",\"rootDir\",\"specs\",\"suites\",\"exclude\",\"groupLogsByTestSpec\",\"excludeDriverLogs\",\"bail\",\"framework\",\"reporters\",\"services\",\"maxInstances\",\"maxInstancesPerCapability\",\"injectGlobals\",\"filesToWatch\",\"execArgv\",\"runnerEnv\",\"runner\",\"shard\",\"specFileRetries\",\"specFileRetriesDelay\",\"specFileRetriesDeferred\",\"reporterSyncInterval\",\"reporterSyncTimeout\",\"cucumberFeaturesWithLineNumbers\",\"autoCompileOpts\",\"mochaOpts\",\"jasmineOpts\",\"cucumberOpts\",\"onPrepare\",\"onWorkerStart\",\"onWorkerEnd\",\"before\",\"beforeSession\",\"beforeSuite\",\"beforeHook\",\"beforeTest\",\"afterTest\",\"afterHook\",\"afterSuite\",\"afterSession\",\"after\",\"onComplete\",\"beforeAssertion\",\"afterAssertion\",\"beforeFeature\",\"beforeScenario\",\"beforeStep\",\"afterStep\",\"afterScenario\",\"afterFeature\",\"_\",\"suite\",\"$0\",\"ignoredWorkerServices\",\"wdi5\"]"}]}
RESULT: {"script":"<script> [2342 bytes]","args":[{"protocol":"http","hostname":"0.0.0.0","path":"/","capabilities":{"browserName":"chrome","goog:chromeOptions":{"binary":"C:\\Program Files\\Google\\Chrome\\Application\\chrome.exe","args":["--start-maximized"]}},"logLevel":"warn","connectionRetryTimeout":120000,"connectionRetryCount":3,"logLevels":{},"enableDirectConnect":true,"strictSSL":true,"_":"65 more keys: [\"cacheDir\",\"port\",\"requestedCapabilities\",\"automationProtocol\",\"baseUrl\",\"waitforInterval\",\"waitforTimeout\",\"onReload\",\"beforeCommand\",\"afterCommand\",\"rootDir\",\"specs\",\"suites\",\"exclude\",\"groupLogsByTestSpec\",\"excludeDriverLogs\",\"bail\",\"framework\",\"reporters\",\"services\",\"maxInstances\",\"maxInstancesPerCapability\",\"injectGlobals\",\"filesToWatch\",\"execArgv\",\"runnerEnv\",\"runner\",\"shard\",\"specFileRetries\",\"specFileRetriesDelay\",\"specFileRetriesDeferred\",\"reporterSyncInterval\",\"reporterSyncTimeout\",\"cucumberFeaturesWithLineNumbers\",\"autoCompileOpts\",\"mochaOpts\",\"jasmineOpts\",\"cucumberOpts\",\"onPrepare\",\"onWorkerStart\",\"onWorkerEnd\",\"before\",\"beforeSession\",\"beforeSuite\",\"beforeHook\",\"beforeTest\",\"afterTest\",\"afterHook\",\"afterSuite\",\"afterSession\",\"after\",\"onComplete\",\"beforeAssertion\",\"afterAssertion\",\"beforeFeature\",\"beforeScenario\",\"beforeStep\",\"afterStep\",\"afterScenario\",\"afterFeature\",\"_\",\"suite\",\"$0\",\"ignoredWorkerServices\",\"wdi5\"]"}]}
COMMAND: POST /session/eb79c257209da8ba08c59be1d775ff21/execute/async - {"script":"<script> [21126 bytes]","args":[35000]}
RESULT: {"script":"<script> [21126 bytes]","args":[35000]}
COMMAND: POST /session/eb79c257209da8ba08c59be1d775ff21/execute/async - {"script":"<script> [1562 bytes]","args":[{"selector":{"controlType":"sap.ui.core.Icon","viewName":"etm.portal.ui.managecontracts.view.Master","properties":{"src":{"regex":{"source":"slim\\-arrow\\-down"}}},"ancestor":{"id":"smartContractStatusFilter","viewName":"etm.portal.ui.managecontracts.view.Master"}},"wdio_ui5_key":"etmportal.ui.managecontracts.view.Mastersap.ui.core.Icon{\"src\":{\"regex\":{\"source\":\"slim\\\\-arrow\\\\-down\"}}}{\"id\":\"smartContractStatusFilter\",\"viewName\":\"etm.portal.ui.managecontracts.view.Master\"}"}]}
RESULT: {"script":"<script> [1562 bytes]","args":[{"selector":{"controlType":"sap.ui.core.Icon","viewName":"etm.portal.ui.managecontracts.view.Master","properties":{"src":{"regex":{"source":"slim\\-arrow\\-down"}}},"ancestor":{"id":"smartContractStatusFilter","viewName":"etm.portal.ui.managecontracts.view.Master"}},"wdio_ui5_key":"etmportal.ui.managecontracts.view.Mastersap.ui.core.Icon{\"src\":{\"regex\":{\"source\":\"slim\\\\-arrow\\\\-down\"}}}{\"id\":\"smartContractStatusFilter\",\"viewName\":\"etm.portal.ui.managecontracts.view.Master\"}"}]}
RESULT: undefined
COMMAND: POST /session/eb79c257209da8ba08c59be1d775ff21/element - {"using":"xpath","value":"//*[@id=\"__xmlview0--smartContractStatusFilter-arrow\"]"}
RESULT: {"using":"xpath","value":"//*[@id=\"__xmlview0--smartContractStatusFilter-arrow\"]"}
COMMAND: POST /session/eb79c257209da8ba08c59be1d775ff21/element/f.9FA5373B3500B72DA4049E533E67ABAF.d.4AFD1C9BFE186073A68AA9A9EEAC2AE8.e.8314/click - {}
RESULT: {}
COMMAND: GET /session/eb79c257209da8ba08c59be1d775ff21/screenshot - {}
RESULT: {}
COMMAND: POST /session/eb79c257209da8ba08c59be1d775ff21/execute/async - {"script":"<script> [1562 bytes]","args":[{"selector":{"controlType":"sap.m.CheckBox","viewName":"etm.portal.ui.managecontracts.view.Master","properties":{"editable":true},"searchOpenDialogs":true,"ancestor":{"controlType":"sap.m.StandardListItem","viewName":"etm.portal.ui.managecontracts.view.Master","properties":{"title":"partial billed"},"searchOpenDialogs":true},"interaction":{"idSuffix":"CbBg"}},"wdio_ui5_key":"etmportal.ui.managecontracts.view.Mastersap.m.CheckBox{\"editable\":true}{\"controlType\":\"sap.m.StandardListItem\",\"viewName\":\"etm.portal.ui.managecontracts.view.Master\",\"properties\":{\"title\":\"partial billed\"},\"searchOpenDialogs\":true}"}]}
RESULT: {"script":"<script> [1562 bytes]","args":[{"selector":{"controlType":"sap.m.CheckBox","viewName":"etm.portal.ui.managecontracts.view.Master","properties":{"editable":true},"searchOpenDialogs":true,"ancestor":{"controlType":"sap.m.StandardListItem","viewName":"etm.portal.ui.managecontracts.view.Master","properties":{"title":"partial billed"},"searchOpenDialogs":true},"interaction":{"idSuffix":"CbBg"}},"wdio_ui5_key":"etmportal.ui.managecontracts.view.Mastersap.m.CheckBox{\"editable\":true}{\"controlType\":\"sap.m.StandardListItem\",\"viewName\":\"etm.portal.ui.managecontracts.view.Master\",\"properties\":{\"title\":\"partial billed\"},\"searchOpenDialogs\":true}"}]}
RESULT: undefined
COMMAND: POST /session/eb79c257209da8ba08c59be1d775ff21/element - {"using":"xpath","value":"//*[@id=\"__item41-selectMulti\"]"}
RESULT: {"using":"xpath","value":"//*[@id=\"__item41-selectMulti\"]"}
COMMAND: POST /session/eb79c257209da8ba08c59be1d775ff21/element/f.9FA5373B3500B72DA4049E533E67ABAF.d.4AFD1C9BFE186073A68AA9A9EEAC2AE8.e.8323/click - {}
RESULT: {}
COMMAND: GET /session/eb79c257209da8ba08c59be1d775ff21/screenshot - {}
RESULT: {}
COMMAND: POST /session/eb79c257209da8ba08c59be1d775ff21/element - {"using":"xpath","value":"(//span[contains(@title ,\"Navigation\")])[2]"}
RESULT: {"using":"xpath","value":"(//span[contains(@title ,\"Navigation\")])[2]"}
COMMAND: POST /session/eb79c257209da8ba08c59be1d775ff21/element/f.9FA5373B3500B72DA4049E533E67ABAF.d.4AFD1C9BFE186073A68AA9A9EEAC2AE8.e.8358/click - {}
RESULT: {}
COMMAND: GET /session/eb79c257209da8ba08c59be1d775ff21/screenshot - {}
RESULT: {}
COMMAND: POST /session/eb79c257209da8ba08c59be1d775ff21/execute/sync - {"script":"<script> [8489 bytes]","args":[{"element-6066-11e4-a52e-4f735466cecf":"f.9FA5373B3500B72DA4049E533E67ABAF.d.8F936ECF1C0AA735A2D49FE0F0989456.e.8131","ELEMENT":"f.9FA5373B3500B72DA4049E533E67ABAF.d.8F936ECF1C0AA735A2D49FE0F0989456.e.8131"}]}
COMMAND: POST /session/eb79c257209da8ba08c59be1d775ff21/element - {"using":"css selector","value":"#shell-header-logo"}
COMMAND: POST /session/eb79c257209da8ba08c59be1d775ff21/element - {"using":"xpath","value":"//bdi[contains(@id ,\"closeContractBtn-BDI-content\")]"}
RESULT: {"using":"css selector","value":"#shell-header-logo"}
COMMAND: POST /session/eb79c257209da8ba08c59be1d775ff21/element/f.9FA5373B3500B72DA4049E533E67ABAF.d.4AFD1C9BFE186073A68AA9A9EEAC2AE8.e.8251/click - {}
RESULT: {"using":"xpath","value":"//bdi[contains(@id ,\"closeContractBtn-BDI-content\")]"}
COMMAND: POST /session/eb79c257209da8ba08c59be1d775ff21/element - {"using":"xpath","value":"//bdi[contains(@id ,\"closeContractBtn-BDI-content\")]"}
RESULT: {}
COMMAND: GET /session/eb79c257209da8ba08c59be1d775ff21/screenshot - {}
RESULT: {"using":"xpath","value":"//bdi[contains(@id ,\"closeContractBtn-BDI-content\")]"}
]]></system-out>
    </testcase>
  </testsuite>
  <testsuite timestamp="2025-05-24T18:15:10" time="54.564" tests="1" failures="0" errors="0" skipped="0">
    <properties>
      <property name="specId" value="0"/>
      <property name="suiteName" value="Standard contract decline US151279"/>
      <property name="capabilities" value="chrome.136_0_7103_93.windows"/>
      <property name="file" value="file:///D:/a/1/s/test/specs/R2C/standard-contract-decline.spec.js"/>
    </properties>
    <testcase classname="chrome.136_0_7103_93.windows.Standard_contract_decline_US151279" name="Should decline a contract" time="46.268">
      <system-out><![CDATA[
COMMAND: POST /session/eb79c257209da8ba08c59be1d775ff21/execute/async - {"script":"<script> [1562 bytes]","args":[{"selector":{"controlType":"sap.m.GenericTile","properties":{"header":"Manage Contracts"}},"wdio_ui5_key":"sapm.GenericTile{\"header\":\"Manage Contracts\"}"}]}
RESULT: {}
RESULT: {"script":"<script> [1562 bytes]","args":[{"selector":{"controlType":"sap.m.GenericTile","properties":{"header":"Manage Contracts"}},"wdio_ui5_key":"sapm.GenericTile{\"header\":\"Manage Contracts\"}"}]}
RESULT: undefined
COMMAND: POST /session/eb79c257209da8ba08c59be1d775ff21/element - {"using":"xpath","value":"//*[@id=\"__tile130\"]"}
RESULT: {"using":"xpath","value":"//*[@id=\"__tile130\"]"}
COMMAND: POST /session/eb79c257209da8ba08c59be1d775ff21/element/f.9FA5373B3500B72DA4049E533E67ABAF.d.4AFD1C9BFE186073A68AA9A9EEAC2AE8.e.8736/click - {}
RESULT: {}
COMMAND: GET /session/eb79c257209da8ba08c59be1d775ff21/screenshot - {}
RESULT: {}
COMMAND: POST /session/eb79c257209da8ba08c59be1d775ff21/element - {"using":"xpath","value":"//input[contains(@id ,\"smartContractFilterBar-btnBasicSearch-I\")]"}
RESULT: {"using":"xpath","value":"//input[contains(@id ,\"smartContractFilterBar-btnBasicSearch-I\")]"}
COMMAND: POST /session/eb79c257209da8ba08c59be1d775ff21/element/f.9FA5373B3500B72DA4049E533E67ABAF.d.4AFD1C9BFE186073A68AA9A9EEAC2AE8.e.8748/clear - {}
RESULT: {}
COMMAND: POST /session/eb79c257209da8ba08c59be1d775ff21/element/f.9FA5373B3500B72DA4049E533E67ABAF.d.4AFD1C9BFE186073A68AA9A9EEAC2AE8.e.8748/value - {"text":"10198"}
COMMAND: GET /session/eb79c257209da8ba08c59be1d775ff21/screenshot - {}
RESULT: {"text":"10198"}
COMMAND: POST /session/eb79c257209da8ba08c59be1d775ff21/actions - {"actions":[{"id":"action43","type":"key","parameters":{},"actions":[{"type":"keyDown","value":""},{"type":"pause","duration":10},{"type":"keyUp","value":""}]}]}
COMMAND: GET /session/eb79c257209da8ba08c59be1d775ff21/screenshot - {}
RESULT: {}
RESULT: {"actions":[{"id":"action43","type":"key","parameters":{},"actions":[{"type":"keyDown","value":""},{"type":"pause","duration":10},{"type":"keyUp","value":""}]}]}
COMMAND: GET /session/eb79c257209da8ba08c59be1d775ff21/screenshot - {}
RESULT: {}
RESULT: {}
COMMAND: POST /session/eb79c257209da8ba08c59be1d775ff21/elements - {"using":"xpath","value":"//span[text()='Error']"}
RESULT: {"using":"xpath","value":"//span[text()='Error']"}
COMMAND: POST /session/eb79c257209da8ba08c59be1d775ff21/execute/async - {"script":"<script> [1562 bytes]","args":[{"selector":{"controlType":"sap.ui.core.Icon","viewName":"etm.portal.ui.managecontracts.view.Master","properties":{"src":{"regex":{"source":"slim\\-arrow\\-right"}}}},"wdio_ui5_key":"etmportal.ui.managecontracts.view.Mastersap.ui.core.Icon{\"src\":{\"regex\":{\"source\":\"slim\\\\-arrow\\\\-right\"}}}"}]}
RESULT: {"script":"<script> [1562 bytes]","args":[{"selector":{"controlType":"sap.ui.core.Icon","viewName":"etm.portal.ui.managecontracts.view.Master","properties":{"src":{"regex":{"source":"slim\\-arrow\\-right"}}}},"wdio_ui5_key":"etmportal.ui.managecontracts.view.Mastersap.ui.core.Icon{\"src\":{\"regex\":{\"source\":\"slim\\\\-arrow\\\\-right\"}}}"}]}
RESULT: undefined
COMMAND: POST /session/eb79c257209da8ba08c59be1d775ff21/element - {"using":"xpath","value":"//*[@id=\"__item77-__clone194-imgNav\"]"}
RESULT: {"using":"xpath","value":"//*[@id=\"__item77-__clone194-imgNav\"]"}
COMMAND: POST /session/eb79c257209da8ba08c59be1d775ff21/element/f.9FA5373B3500B72DA4049E533E67ABAF.d.4AFD1C9BFE186073A68AA9A9EEAC2AE8.e.8842/click - {}
RESULT: {}
COMMAND: GET /session/eb79c257209da8ba08c59be1d775ff21/screenshot - {}
RESULT: {}
COMMAND: POST /session/eb79c257209da8ba08c59be1d775ff21/execute/async - {"script":"<script> [1562 bytes]","args":[{"selector":{"id":"cancelContractBtn","viewName":"etm.portal.ui.managecontracts.view.Detail","interaction":{"idSuffix":"BDI-content"}},"wdio_ui5_key":"cancelContractBtnetmportal.ui.managecontracts.view.Detail"}]}
RESULT: {"script":"<script> [1562 bytes]","args":[{"selector":{"id":"cancelContractBtn","viewName":"etm.portal.ui.managecontracts.view.Detail","interaction":{"idSuffix":"BDI-content"}},"wdio_ui5_key":"cancelContractBtnetmportal.ui.managecontracts.view.Detail"}]}
RESULT: undefined
COMMAND: POST /session/eb79c257209da8ba08c59be1d775ff21/element - {"using":"xpath","value":"//*[@id=\"__xmlview61--cancelContractBtn\"]"}
RESULT: {"using":"xpath","value":"//*[@id=\"__xmlview61--cancelContractBtn\"]"}
COMMAND: POST /session/eb79c257209da8ba08c59be1d775ff21/element/f.9FA5373B3500B72DA4049E533E67ABAF.d.4AFD1C9BFE186073A68AA9A9EEAC2AE8.e.8969/click - {}
RESULT: {}
COMMAND: GET /session/eb79c257209da8ba08c59be1d775ff21/screenshot - {}
RESULT: {}
COMMAND: POST /session/eb79c257209da8ba08c59be1d775ff21/execute/async - {"script":"<script> [1562 bytes]","args":[{"selector":{"controlType":"sap.m.Text","properties":{"text":"Do you want to cancel the whole contract?"},"searchOpenDialogs":true},"wdio_ui5_key":"sapm.Text{\"text\":\"Do you want to cancel the whole contract?\"}"}]}
RESULT: {"script":"<script> [1562 bytes]","args":[{"selector":{"controlType":"sap.m.Text","properties":{"text":"Do you want to cancel the whole contract?"},"searchOpenDialogs":true},"wdio_ui5_key":"sapm.Text{\"text\":\"Do you want to cancel the whole contract?\"}"}]}
RESULT: undefined
COMMAND: POST /session/eb79c257209da8ba08c59be1d775ff21/execute/async - {"script":"<script> [6424 bytes]","args":[{"element-6066-11e4-a52e-4f735466cecf":"f.9FA5373B3500B72DA4049E533E67ABAF.d.4AFD1C9BFE186073A68AA9A9EEAC2AE8.e.8971"},"getText",[]]}
RESULT: {"script":"<script> [6424 bytes]","args":[{"element-6066-11e4-a52e-4f735466cecf":"f.9FA5373B3500B72DA4049E533E67ABAF.d.4AFD1C9BFE186073A68AA9A9EEAC2AE8.e.8971"},"getText",[]]}
COMMAND: POST /session/eb79c257209da8ba08c59be1d775ff21/element - {"using":"xpath","value":"//bdi[contains(text(), \"OK\")]"}
RESULT: {"using":"xpath","value":"//bdi[contains(text(), \"OK\")]"}
COMMAND: POST /session/eb79c257209da8ba08c59be1d775ff21/element/f.9FA5373B3500B72DA4049E533E67ABAF.d.4AFD1C9BFE186073A68AA9A9EEAC2AE8.e.8972/click - {}
RESULT: {}
COMMAND: GET /session/eb79c257209da8ba08c59be1d775ff21/screenshot - {}
RESULT: {}
COMMAND: POST /session/eb79c257209da8ba08c59be1d775ff21/element - {"using":"xpath","value":"//input[contains(@id ,\"smartContractFilterBar-btnBasicSearch-I\")]"}
RESULT: {"using":"xpath","value":"//input[contains(@id ,\"smartContractFilterBar-btnBasicSearch-I\")]"}
COMMAND: POST /session/eb79c257209da8ba08c59be1d775ff21/element/f.9FA5373B3500B72DA4049E533E67ABAF.d.4AFD1C9BFE186073A68AA9A9EEAC2AE8.e.8748/clear - {}
RESULT: {}
COMMAND: POST /session/eb79c257209da8ba08c59be1d775ff21/element/f.9FA5373B3500B72DA4049E533E67ABAF.d.4AFD1C9BFE186073A68AA9A9EEAC2AE8.e.8748/value - {"text":"10198"}
COMMAND: GET /session/eb79c257209da8ba08c59be1d775ff21/screenshot - {}
RESULT: {"text":"10198"}
COMMAND: POST /session/eb79c257209da8ba08c59be1d775ff21/actions - {"actions":[{"id":"action44","type":"key","parameters":{},"actions":[{"type":"keyDown","value":""},{"type":"pause","duration":10},{"type":"keyUp","value":""}]}]}
COMMAND: GET /session/eb79c257209da8ba08c59be1d775ff21/screenshot - {}
RESULT: {}
RESULT: {"actions":[{"id":"action44","type":"key","parameters":{},"actions":[{"type":"keyDown","value":""},{"type":"pause","duration":10},{"type":"keyUp","value":""}]}]}
COMMAND: GET /session/eb79c257209da8ba08c59be1d775ff21/screenshot - {}
RESULT: {}
RESULT: {}
COMMAND: POST /session/eb79c257209da8ba08c59be1d775ff21/execute/async - {"script":"<script> [1562 bytes]","args":[{"selector":{"controlType":"sap.m.ObjectStatus","viewName":"etm.portal.ui.managecontracts.view.Master","bindingPath":{"path":"/SmartContractHeaders('10198')","propertyPath":"STATUS_DESCRIPTION"}},"wdio_ui5_key":"etmportal.ui.managecontracts.view.Mastersap.m.ObjectStatus{\"path\":\"/SmartContractHeaders('10198')\",\"propertyPath\":\"STATUS_DESCRIPTION\"}"}]}
RESULT: {"script":"<script> [1562 bytes]","args":[{"selector":{"controlType":"sap.m.ObjectStatus","viewName":"etm.portal.ui.managecontracts.view.Master","bindingPath":{"path":"/SmartContractHeaders('10198')","propertyPath":"STATUS_DESCRIPTION"}},"wdio_ui5_key":"etmportal.ui.managecontracts.view.Mastersap.m.ObjectStatus{\"path\":\"/SmartContractHeaders('10198')\",\"propertyPath\":\"STATUS_DESCRIPTION\"}"}]}
RESULT: undefined
COMMAND: POST /session/eb79c257209da8ba08c59be1d775ff21/execute/async - {"script":"<script> [6424 bytes]","args":[{"element-6066-11e4-a52e-4f735466cecf":"f.9FA5373B3500B72DA4049E533E67ABAF.d.4AFD1C9BFE186073A68AA9A9EEAC2AE8.e.9033"},"getText",[]]}
RESULT: {"script":"<script> [6424 bytes]","args":[{"element-6066-11e4-a52e-4f735466cecf":"f.9FA5373B3500B72DA4049E533E67ABAF.d.4AFD1C9BFE186073A68AA9A9EEAC2AE8.e.9033"},"getText",[]]}
RESULT: undefined
COMMAND: POST /session/eb79c257209da8ba08c59be1d775ff21/element - {"using":"xpath","value":"//*[@id=\"__item77-__clone194-imgNav\"]"}
RESULT: {"using":"xpath","value":"//*[@id=\"__item77-__clone194-imgNav\"]"}
COMMAND: POST /session/eb79c257209da8ba08c59be1d775ff21/element/f.9FA5373B3500B72DA4049E533E67ABAF.d.4AFD1C9BFE186073A68AA9A9EEAC2AE8.e.8842/click - {}
RESULT: {}
COMMAND: GET /session/eb79c257209da8ba08c59be1d775ff21/screenshot - {}
RESULT: {}
COMMAND: POST /session/eb79c257209da8ba08c59be1d775ff21/execute/async - {"script":"<script> [1562 bytes]","args":[{"selector":{"controlType":"sap.m.ObjectStatus","viewName":"etm.portal.ui.managecontracts.view.Detail","bindingPath":{"path":"/SmartContractItems(CONTRACT='10198',ITEM=10m,SUB_ITEM=0m)","propertyPath":"STATUS"}},"wdio_ui5_key":"etmportal.ui.managecontracts.view.Detailsap.m.ObjectStatus{\"path\":\"/SmartContractItems(CONTRACT='10198',ITEM=10m,SUB_ITEM=0m)\",\"propertyPath\":\"STATUS\"}"}]}
RESULT: {"script":"<script> [1562 bytes]","args":[{"selector":{"controlType":"sap.m.ObjectStatus","viewName":"etm.portal.ui.managecontracts.view.Detail","bindingPath":{"path":"/SmartContractItems(CONTRACT='10198',ITEM=10m,SUB_ITEM=0m)","propertyPath":"STATUS"}},"wdio_ui5_key":"etmportal.ui.managecontracts.view.Detailsap.m.ObjectStatus{\"path\":\"/SmartContractItems(CONTRACT='10198',ITEM=10m,SUB_ITEM=0m)\",\"propertyPath\":\"STATUS\"}"}]}
RESULT: undefined
COMMAND: POST /session/eb79c257209da8ba08c59be1d775ff21/execute/async - {"script":"<script> [6424 bytes]","args":[{"element-6066-11e4-a52e-4f735466cecf":"f.9FA5373B3500B72DA4049E533E67ABAF.d.4AFD1C9BFE186073A68AA9A9EEAC2AE8.e.9057"},"getText",[]]}
RESULT: {"script":"<script> [6424 bytes]","args":[{"element-6066-11e4-a52e-4f735466cecf":"f.9FA5373B3500B72DA4049E533E67ABAF.d.4AFD1C9BFE186073A68AA9A9EEAC2AE8.e.9057"},"getText",[]]}
COMMAND: POST /session/eb79c257209da8ba08c59be1d775ff21/element - {"using":"css selector","value":"#shell-header-logo"}
RESULT: {"using":"css selector","value":"#shell-header-logo"}
COMMAND: POST /session/eb79c257209da8ba08c59be1d775ff21/element/f.9FA5373B3500B72DA4049E533E67ABAF.d.4AFD1C9BFE186073A68AA9A9EEAC2AE8.e.8738/click - {}
RESULT: {}
COMMAND: GET /session/eb79c257209da8ba08c59be1d775ff21/screenshot - {}
RESULT: {}
]]></system-out>
    </testcase>
  </testsuite>
  <testsuite timestamp="2025-05-24T18:16:05" time="188.928" tests="2" failures="0" errors="0" skipped="0">
    <properties>
      <property name="specId" value="0"/>
      <property name="suiteName" value="Insert service into a contract US152956"/>
      <property name="capabilities" value="chrome.136_0_7103_93.windows"/>
      <property name="file" value="file:///D:/a/1/s/test/specs/R2C/insert-service-into-a-contract.spec.js"/>
    </properties>
    <testcase classname="chrome.136_0_7103_93.windows.Insert_service_into_a_contract_US152956" name="Should create a new contract" time="101.222">
      <system-out><![CDATA[
RESULT: undefined
COMMAND: POST /session/eb79c257209da8ba08c59be1d775ff21/element - {"using":"xpath","value":"//*[@id=\"__tile130\"]"}
RESULT: {"using":"xpath","value":"//*[@id=\"__tile130\"]"}
COMMAND: POST /session/eb79c257209da8ba08c59be1d775ff21/element/f.9FA5373B3500B72DA4049E533E67ABAF.d.4AFD1C9BFE186073A68AA9A9EEAC2AE8.e.8736/click - {}
RESULT: {}
COMMAND: GET /session/eb79c257209da8ba08c59be1d775ff21/screenshot - {}
COMMAND: POST /session/eb79c257209da8ba08c59be1d775ff21/elements - {"using":"xpath","value":"//span[text()='Error']"}
RESULT: {}
RESULT: {"using":"xpath","value":"//span[text()='Error']"}
COMMAND: POST /session/eb79c257209da8ba08c59be1d775ff21/element - {"using":"xpath","value":"//button[@data-kt=\"addButton\"]"}
RESULT: {"using":"xpath","value":"//button[@data-kt=\"addButton\"]"}
COMMAND: POST /session/eb79c257209da8ba08c59be1d775ff21/element/f.9FA5373B3500B72DA4049E533E67ABAF.d.4AFD1C9BFE186073A68AA9A9EEAC2AE8.e.9110/click - {}
RESULT: {}
COMMAND: GET /session/eb79c257209da8ba08c59be1d775ff21/screenshot - {}
RESULT: {}
COMMAND: POST /session/eb79c257209da8ba08c59be1d775ff21/execute/async - {"script":"<script> [1562 bytes]","args":[{"selector":{"id":"application-managecontracts-display-component---AddNewContract--projectDescription","interaction":{"idSuffix":"inner"}},"wdio_ui5_key":"applicationmanagecontracts-display-component---AddNewContract--projectDescription"}]}
RESULT: {"script":"<script> [1562 bytes]","args":[{"selector":{"id":"application-managecontracts-display-component---AddNewContract--projectDescription","interaction":{"idSuffix":"inner"}},"wdio_ui5_key":"applicationmanagecontracts-display-component---AddNewContract--projectDescription"}]}
RESULT: undefined
COMMAND: POST /session/eb79c257209da8ba08c59be1d775ff21/execute/async - {"script":"<script> [776 bytes]","args":[{"enterText":"WdIOR2ca8sxr","selector":{"id":"application-managecontracts-display-component---AddNewContract--projectDescription","interaction":{"idSuffix":"inner"}},"clearTextFirst":true,"interactionType":"ENTER_TEXT"}]}
RESULT: {"script":"<script> [776 bytes]","args":[{"enterText":"WdIOR2ca8sxr","selector":{"id":"application-managecontracts-display-component---AddNewContract--projectDescription","interaction":{"idSuffix":"inner"}},"clearTextFirst":true,"interactionType":"ENTER_TEXT"}]}
COMMAND: POST /session/eb79c257209da8ba08c59be1d775ff21/element - {"using":"xpath","value":"//input[@id=\"application-managecontracts-display-component---AddNewContract--yardId-inner\"]"}
RESULT: {"using":"xpath","value":"//input[@id=\"application-managecontracts-display-component---AddNewContract--yardId-inner\"]"}
COMMAND: POST /session/eb79c257209da8ba08c59be1d775ff21/element/f.9FA5373B3500B72DA4049E533E67ABAF.d.4AFD1C9BFE186073A68AA9A9EEAC2AE8.e.9376/clear - {}
RESULT: {}
COMMAND: POST /session/eb79c257209da8ba08c59be1d775ff21/element/f.9FA5373B3500B72DA4049E533E67ABAF.d.4AFD1C9BFE186073A68AA9A9EEAC2AE8.e.9376/value - {"text":"WebdriverYardd0gb7"}
COMMAND: GET /session/eb79c257209da8ba08c59be1d775ff21/screenshot - {}
RESULT: {"text":"WebdriverYardd0gb7"}
COMMAND: GET /session/eb79c257209da8ba08c59be1d775ff21/screenshot - {}
RESULT: {}
RESULT: {}
COMMAND: POST /session/eb79c257209da8ba08c59be1d775ff21/actions - {"actions":[{"id":"action45","type":"key","parameters":{},"actions":[{"type":"keyDown","value":""},{"type":"pause","duration":10},{"type":"keyUp","value":""}]}]}
RESULT: {"actions":[{"id":"action45","type":"key","parameters":{},"actions":[{"type":"keyDown","value":""},{"type":"pause","duration":10},{"type":"keyUp","value":""}]}]}
COMMAND: GET /session/eb79c257209da8ba08c59be1d775ff21/screenshot - {}
RESULT: {}
COMMAND: POST /session/eb79c257209da8ba08c59be1d775ff21/element - {"using":"xpath","value":"//input[@id=\"application-managecontracts-display-component---AddNewContract--customerSelect-inner\"]"}
RESULT: {"using":"xpath","value":"//input[@id=\"application-managecontracts-display-component---AddNewContract--customerSelect-inner\"]"}
COMMAND: POST /session/eb79c257209da8ba08c59be1d775ff21/element/f.9FA5373B3500B72DA4049E533E67ABAF.d.4AFD1C9BFE186073A68AA9A9EEAC2AE8.e.9374/clear - {}
RESULT: {}
COMMAND: POST /session/eb79c257209da8ba08c59be1d775ff21/element/f.9FA5373B3500B72DA4049E533E67ABAF.d.4AFD1C9BFE186073A68AA9A9EEAC2AE8.e.9374/value - {"text":"WebdriverPartnerj2b72i"}
COMMAND: GET /session/eb79c257209da8ba08c59be1d775ff21/screenshot - {}
RESULT: {"text":"WebdriverPartnerj2b72i"}
COMMAND: GET /session/eb79c257209da8ba08c59be1d775ff21/screenshot - {}
RESULT: {}
RESULT: {}
COMMAND: POST /session/eb79c257209da8ba08c59be1d775ff21/actions - {"actions":[{"id":"action46","type":"key","parameters":{},"actions":[{"type":"keyDown","value":""},{"type":"pause","duration":10},{"type":"keyUp","value":""}]}]}
RESULT: {"actions":[{"id":"action46","type":"key","parameters":{},"actions":[{"type":"keyDown","value":""},{"type":"pause","duration":10},{"type":"keyUp","value":""}]}]}
COMMAND: GET /session/eb79c257209da8ba08c59be1d775ff21/screenshot - {}
RESULT: {}
COMMAND: POST /session/eb79c257209da8ba08c59be1d775ff21/element - {"using":"xpath","value":"//input[@id=\"application-managecontracts-display-component---AddNewContract--site-inner\"]"}
RESULT: {"using":"xpath","value":"//input[@id=\"application-managecontracts-display-component---AddNewContract--site-inner\"]"}
COMMAND: POST /session/eb79c257209da8ba08c59be1d775ff21/element/f.9FA5373B3500B72DA4049E533E67ABAF.d.4AFD1C9BFE186073A68AA9A9EEAC2AE8.e.9375/clear - {}
RESULT: {}
COMMAND: POST /session/eb79c257209da8ba08c59be1d775ff21/element/f.9FA5373B3500B72DA4049E533E67ABAF.d.4AFD1C9BFE186073A68AA9A9EEAC2AE8.e.9375/value - {"text":"WebdriverSitey2x3t"}
COMMAND: GET /session/eb79c257209da8ba08c59be1d775ff21/screenshot - {}
RESULT: {"text":"WebdriverSitey2x3t"}
COMMAND: GET /session/eb79c257209da8ba08c59be1d775ff21/screenshot - {}
RESULT: {}
RESULT: {}
COMMAND: POST /session/eb79c257209da8ba08c59be1d775ff21/actions - {"actions":[{"id":"action47","type":"key","parameters":{},"actions":[{"type":"keyDown","value":""},{"type":"pause","duration":10},{"type":"keyUp","value":""}]}]}
RESULT: {"actions":[{"id":"action47","type":"key","parameters":{},"actions":[{"type":"keyDown","value":""},{"type":"pause","duration":10},{"type":"keyUp","value":""}]}]}
COMMAND: GET /session/eb79c257209da8ba08c59be1d775ff21/screenshot - {}
RESULT: {}
COMMAND: POST /session/eb79c257209da8ba08c59be1d775ff21/element - {"using":"xpath","value":"//button[@data-kt=\"saveButton\"]"}
RESULT: {"using":"xpath","value":"//button[@data-kt=\"saveButton\"]"}
COMMAND: POST /session/eb79c257209da8ba08c59be1d775ff21/element/f.9FA5373B3500B72DA4049E533E67ABAF.d.4AFD1C9BFE186073A68AA9A9EEAC2AE8.e.9449/click - {}
RESULT: {}
COMMAND: GET /session/eb79c257209da8ba08c59be1d775ff21/screenshot - {}
RESULT: {}
COMMAND: POST /session/eb79c257209da8ba08c59be1d775ff21/execute/async - {"script":"<script> [1562 bytes]","args":[{"selector":{"id":"contractDetailTitleNoExpanded","viewName":"etm.portal.ui.managecontracts.view.Detail"},"wdio_ui5_key":"contractDetailTitleNoExpandedetmportal.ui.managecontracts.view.Detail"}]}
RESULT: {"script":"<script> [1562 bytes]","args":[{"selector":{"id":"contractDetailTitleNoExpanded","viewName":"etm.portal.ui.managecontracts.view.Detail"},"wdio_ui5_key":"contractDetailTitleNoExpandedetmportal.ui.managecontracts.view.Detail"}]}
RESULT: undefined
COMMAND: POST /session/eb79c257209da8ba08c59be1d775ff21/execute/async - {"script":"<script> [6424 bytes]","args":[{"element-6066-11e4-a52e-4f735466cecf":"f.9FA5373B3500B72DA4049E533E67ABAF.d.4AFD1C9BFE186073A68AA9A9EEAC2AE8.e.9532"},"getText",[]]}
RESULT: {"script":"<script> [6424 bytes]","args":[{"element-6066-11e4-a52e-4f735466cecf":"f.9FA5373B3500B72DA4049E533E67ABAF.d.4AFD1C9BFE186073A68AA9A9EEAC2AE8.e.9532"},"getText",[]]}
]]></system-out>
    </testcase>
    <testcase classname="chrome.136_0_7103_93.windows.Insert_service_into_a_contract_US152956" name="Should add a service unit and a service group to the contract" time="83.481">
      <system-out><![CDATA[
COMMAND: POST /session/eb79c257209da8ba08c59be1d775ff21/element - {"using":"xpath","value":"//button[@data-kt=\"contractDetailEditBtnButton\"]"}
RESULT: {"using":"xpath","value":"//button[@data-kt=\"contractDetailEditBtnButton\"]"}
COMMAND: POST /session/eb79c257209da8ba08c59be1d775ff21/execute/sync - {"script":"<script> [8489 bytes]","args":[{"element-6066-11e4-a52e-4f735466cecf":"f.9FA5373B3500B72DA4049E533E67ABAF.d.4AFD1C9BFE186073A68AA9A9EEAC2AE8.e.9533","ELEMENT":"f.9FA5373B3500B72DA4049E533E67ABAF.d.4AFD1C9BFE186073A68AA9A9EEAC2AE8.e.9533"}]}
RESULT: {"script":"<script> [8489 bytes]","args":[{"element-6066-11e4-a52e-4f735466cecf":"f.9FA5373B3500B72DA4049E533E67ABAF.d.4AFD1C9BFE186073A68AA9A9EEAC2AE8.e.9533","ELEMENT":"f.9FA5373B3500B72DA4049E533E67ABAF.d.4AFD1C9BFE186073A68AA9A9EEAC2AE8.e.9533"}]}
COMMAND: POST /session/eb79c257209da8ba08c59be1d775ff21/execute/sync - {"script":"<script> [8489 bytes]","args":[{"element-6066-11e4-a52e-4f735466cecf":"f.9FA5373B3500B72DA4049E533E67ABAF.d.4AFD1C9BFE186073A68AA9A9EEAC2AE8.e.9533","ELEMENT":"f.9FA5373B3500B72DA4049E533E67ABAF.d.4AFD1C9BFE186073A68AA9A9EEAC2AE8.e.9533"}]}
COMMAND: GET /session/eb79c257209da8ba08c59be1d775ff21/screenshot - {}
RESULT: {"script":"<script> [8489 bytes]","args":[{"element-6066-11e4-a52e-4f735466cecf":"f.9FA5373B3500B72DA4049E533E67ABAF.d.4AFD1C9BFE186073A68AA9A9EEAC2AE8.e.9533","ELEMENT":"f.9FA5373B3500B72DA4049E533E67ABAF.d.4AFD1C9BFE186073A68AA9A9EEAC2AE8.e.9533"}]}
COMMAND: POST /session/eb79c257209da8ba08c59be1d775ff21/execute/sync - {"script":"<script> [5351 bytes]","args":[{"element-6066-11e4-a52e-4f735466cecf":"f.9FA5373B3500B72DA4049E533E67ABAF.d.4AFD1C9BFE186073A68AA9A9EEAC2AE8.e.9533","ELEMENT":"f.9FA5373B3500B72DA4049E533E67ABAF.d.4AFD1C9BFE186073A68AA9A9EEAC2AE8.e.9533"}]}
COMMAND: GET /session/eb79c257209da8ba08c59be1d775ff21/screenshot - {}
RESULT: {}
RESULT: {"script":"<script> [5351 bytes]","args":[{"element-6066-11e4-a52e-4f735466cecf":"f.9FA5373B3500B72DA4049E533E67ABAF.d.4AFD1C9BFE186073A68AA9A9EEAC2AE8.e.9533","ELEMENT":"f.9FA5373B3500B72DA4049E533E67ABAF.d.4AFD1C9BFE186073A68AA9A9EEAC2AE8.e.9533"}]}
COMMAND: POST /session/eb79c257209da8ba08c59be1d775ff21/element/f.9FA5373B3500B72DA4049E533E67ABAF.d.4AFD1C9BFE186073A68AA9A9EEAC2AE8.e.9533/click - {}
COMMAND: GET /session/eb79c257209da8ba08c59be1d775ff21/screenshot - {}
RESULT: {}
RESULT: {}
COMMAND: GET /session/eb79c257209da8ba08c59be1d775ff21/screenshot - {}
RESULT: {}
RESULT: {}
COMMAND: POST /session/eb79c257209da8ba08c59be1d775ff21/element - {"using":"xpath","value":"(//span[contains(text(), \"Additional Addresses\")])[2]"}
RESULT: {"using":"xpath","value":"(//span[contains(text(), \"Additional Addresses\")])[2]"}
COMMAND: POST /session/eb79c257209da8ba08c59be1d775ff21/element/f.9FA5373B3500B72DA4049E533E67ABAF.d.4AFD1C9BFE186073A68AA9A9EEAC2AE8.e.9591/click - {}
RESULT: {}
COMMAND: GET /session/eb79c257209da8ba08c59be1d775ff21/screenshot - {}
RESULT: {}
COMMAND: POST /session/eb79c257209da8ba08c59be1d775ff21/element - {"using":"xpath","value":"//button[@data-kt=\"btnAddTableRowOverflowToolbarButton\"]"}
RESULT: {"using":"xpath","value":"//button[@data-kt=\"btnAddTableRowOverflowToolbarButton\"]"}
COMMAND: POST /session/eb79c257209da8ba08c59be1d775ff21/element/f.9FA5373B3500B72DA4049E533E67ABAF.d.4AFD1C9BFE186073A68AA9A9EEAC2AE8.e.9593/click - {}
RESULT: {}
COMMAND: GET /session/eb79c257209da8ba08c59be1d775ff21/screenshot - {}
RESULT: {}
COMMAND: POST /session/eb79c257209da8ba08c59be1d775ff21/element - {"using":"xpath","value":"//div[(text() = 'Standard Entry' or . = 'Standard Entry')]"}
RESULT: {"using":"xpath","value":"//div[(text() = 'Standard Entry' or . = 'Standard Entry')]"}
COMMAND: POST /session/eb79c257209da8ba08c59be1d775ff21/element/f.9FA5373B3500B72DA4049E533E67ABAF.d.4AFD1C9BFE186073A68AA9A9EEAC2AE8.e.9595/click - {}
RESULT: {}
COMMAND: POST /session/eb79c257209da8ba08c59be1d775ff21/element - {"using":"xpath","value":"//button[@data-kt=\"btnAddTableRowOverflowToolbarButton\"]"}
COMMAND: GET /session/eb79c257209da8ba08c59be1d775ff21/screenshot - {}
RESULT: {"using":"xpath","value":"//button[@data-kt=\"btnAddTableRowOverflowToolbarButton\"]"}
COMMAND: POST /session/eb79c257209da8ba08c59be1d775ff21/element/f.9FA5373B3500B72DA4049E533E67ABAF.d.4AFD1C9BFE186073A68AA9A9EEAC2AE8.e.9593/click - {}
RESULT: {}
RESULT: {}
COMMAND: GET /session/eb79c257209da8ba08c59be1d775ff21/screenshot - {}
RESULT: {}
COMMAND: POST /session/eb79c257209da8ba08c59be1d775ff21/element - {"using":"xpath","value":"//div[(text() = 'Standard Entry' or . = 'Standard Entry')]"}
RESULT: {"using":"xpath","value":"//div[(text() = 'Standard Entry' or . = 'Standard Entry')]"}
COMMAND: POST /session/eb79c257209da8ba08c59be1d775ff21/element/f.9FA5373B3500B72DA4049E533E67ABAF.d.4AFD1C9BFE186073A68AA9A9EEAC2AE8.e.9607/click - {}
RESULT: {}
COMMAND: POST /session/eb79c257209da8ba08c59be1d775ff21/element - {"using":"xpath","value":"(//td[6]/div/div/input)[1]"}
COMMAND: GET /session/eb79c257209da8ba08c59be1d775ff21/screenshot - {}
RESULT: {"using":"xpath","value":"(//td[6]/div/div/input)[1]"}
COMMAND: POST /session/eb79c257209da8ba08c59be1d775ff21/element/f.9FA5373B3500B72DA4049E533E67ABAF.d.4AFD1C9BFE186073A68AA9A9EEAC2AE8.e.9609/click - {}
RESULT: {}
RESULT: {}
COMMAND: POST /session/eb79c257209da8ba08c59be1d775ff21/actions - {"actions":[{"id":"action48","type":"key","parameters":{},"actions":[{"type":"keyDown","value":""},{"type":"pause","duration":10},{"type":"keyUp","value":""}]}]}
COMMAND: GET /session/eb79c257209da8ba08c59be1d775ff21/screenshot - {}
RESULT: {"actions":[{"id":"action48","type":"key","parameters":{},"actions":[{"type":"keyDown","value":""},{"type":"pause","duration":10},{"type":"keyUp","value":""}]}]}
COMMAND: POST /session/eb79c257209da8ba08c59be1d775ff21/element - {"using":"xpath","value":"(//td[6]/div/div/input)[1]"}
COMMAND: GET /session/eb79c257209da8ba08c59be1d775ff21/screenshot - {}
RESULT: {}
RESULT: {"using":"xpath","value":"(//td[6]/div/div/input)[1]"}
COMMAND: POST /session/eb79c257209da8ba08c59be1d775ff21/element/f.9FA5373B3500B72DA4049E533E67ABAF.d.4AFD1C9BFE186073A68AA9A9EEAC2AE8.e.9609/clear - {}
RESULT: {}
RESULT: {}
COMMAND: POST /session/eb79c257209da8ba08c59be1d775ff21/element/f.9FA5373B3500B72DA4049E533E67ABAF.d.4AFD1C9BFE186073A68AA9A9EEAC2AE8.e.9609/value - {"text":"Service Unit"}
COMMAND: GET /session/eb79c257209da8ba08c59be1d775ff21/screenshot - {}
RESULT: {"text":"Service Unit"}
COMMAND: GET /session/eb79c257209da8ba08c59be1d775ff21/screenshot - {}
RESULT: {}
RESULT: {}
COMMAND: POST /session/eb79c257209da8ba08c59be1d775ff21/actions - {"actions":[{"id":"action49","type":"key","parameters":{},"actions":[{"type":"keyDown","value":""},{"type":"pause","duration":10},{"type":"keyUp","value":""}]}]}
RESULT: {"actions":[{"id":"action49","type":"key","parameters":{},"actions":[{"type":"keyDown","value":""},{"type":"pause","duration":10},{"type":"keyUp","value":""}]}]}
COMMAND: GET /session/eb79c257209da8ba08c59be1d775ff21/screenshot - {}
RESULT: {}
COMMAND: POST /session/eb79c257209da8ba08c59be1d775ff21/actions - {"actions":[{"id":"action50","type":"key","parameters":{},"actions":[{"type":"keyDown","value":""},{"type":"pause","duration":10},{"type":"keyUp","value":""}]}]}
RESULT: {"actions":[{"id":"action50","type":"key","parameters":{},"actions":[{"type":"keyDown","value":""},{"type":"pause","duration":10},{"type":"keyUp","value":""}]}]}
COMMAND: POST /session/eb79c257209da8ba08c59be1d775ff21/element - {"using":"xpath","value":"(//td[7]/div/div/input)[1]"}
COMMAND: GET /session/eb79c257209da8ba08c59be1d775ff21/screenshot - {}
RESULT: {"using":"xpath","value":"(//td[7]/div/div/input)[1]"}
COMMAND: POST /session/eb79c257209da8ba08c59be1d775ff21/element/f.9FA5373B3500B72DA4049E533E67ABAF.d.4AFD1C9BFE186073A68AA9A9EEAC2AE8.e.9625/clear - {}
RESULT: {}
RESULT: {}
COMMAND: POST /session/eb79c257209da8ba08c59be1d775ff21/element/f.9FA5373B3500B72DA4049E533E67ABAF.d.4AFD1C9BFE186073A68AA9A9EEAC2AE8.e.9625/value - {"text":"1000001"}
COMMAND: GET /session/eb79c257209da8ba08c59be1d775ff21/screenshot - {}
RESULT: {"text":"1000001"}
COMMAND: GET /session/eb79c257209da8ba08c59be1d775ff21/screenshot - {}
RESULT: {}
RESULT: {}
COMMAND: POST /session/eb79c257209da8ba08c59be1d775ff21/actions - {"actions":[{"id":"action51","type":"key","parameters":{},"actions":[{"type":"keyDown","value":""},{"type":"pause","duration":10},{"type":"keyUp","value":""}]}]}
RESULT: {"actions":[{"id":"action51","type":"key","parameters":{},"actions":[{"type":"keyDown","value":""},{"type":"pause","duration":10},{"type":"keyUp","value":""}]}]}
COMMAND: GET /session/eb79c257209da8ba08c59be1d775ff21/screenshot - {}
RESULT: {}
COMMAND: POST /session/eb79c257209da8ba08c59be1d775ff21/actions - {"actions":[{"id":"action52","type":"key","parameters":{},"actions":[{"type":"keyDown","value":""},{"type":"pause","duration":10},{"type":"keyUp","value":""}]}]}
RESULT: {"actions":[{"id":"action52","type":"key","parameters":{},"actions":[{"type":"keyDown","value":""},{"type":"pause","duration":10},{"type":"keyUp","value":""}]}]}
COMMAND: GET /session/eb79c257209da8ba08c59be1d775ff21/screenshot - {}
RESULT: {}
COMMAND: POST /session/eb79c257209da8ba08c59be1d775ff21/element - {"using":"xpath","value":"(//td[6]/div/div/input)[2]"}
RESULT: {"using":"xpath","value":"(//td[6]/div/div/input)[2]"}
COMMAND: POST /session/eb79c257209da8ba08c59be1d775ff21/element/f.9FA5373B3500B72DA4049E533E67ABAF.d.4AFD1C9BFE186073A68AA9A9EEAC2AE8.e.9597/click - {}
RESULT: {}
COMMAND: POST /session/eb79c257209da8ba08c59be1d775ff21/actions - {"actions":[{"id":"action53","type":"key","parameters":{},"actions":[{"type":"keyDown","value":""},{"type":"pause","duration":10},{"type":"keyUp","value":""}]}]}
COMMAND: GET /session/eb79c257209da8ba08c59be1d775ff21/screenshot - {}
RESULT: {"actions":[{"id":"action53","type":"key","parameters":{},"actions":[{"type":"keyDown","value":""},{"type":"pause","duration":10},{"type":"keyUp","value":""}]}]}
COMMAND: POST /session/eb79c257209da8ba08c59be1d775ff21/element - {"using":"xpath","value":"(//td[6]/div/div/input)[2]"}
COMMAND: GET /session/eb79c257209da8ba08c59be1d775ff21/screenshot - {}
RESULT: {}
RESULT: {"using":"xpath","value":"(//td[6]/div/div/input)[2]"}
COMMAND: POST /session/eb79c257209da8ba08c59be1d775ff21/element/f.9FA5373B3500B72DA4049E533E67ABAF.d.4AFD1C9BFE186073A68AA9A9EEAC2AE8.e.9597/clear - {}
RESULT: {}
RESULT: {}
COMMAND: POST /session/eb79c257209da8ba08c59be1d775ff21/element/f.9FA5373B3500B72DA4049E533E67ABAF.d.4AFD1C9BFE186073A68AA9A9EEAC2AE8.e.9597/value - {"text":"Service Unit Group"}
COMMAND: GET /session/eb79c257209da8ba08c59be1d775ff21/screenshot - {}
RESULT: {"text":"Service Unit Group"}
COMMAND: GET /session/eb79c257209da8ba08c59be1d775ff21/screenshot - {}
RESULT: {}
RESULT: {}
COMMAND: POST /session/eb79c257209da8ba08c59be1d775ff21/actions - {"actions":[{"id":"action54","type":"key","parameters":{},"actions":[{"type":"keyDown","value":""},{"type":"pause","duration":10},{"type":"keyUp","value":""}]}]}
RESULT: {"actions":[{"id":"action54","type":"key","parameters":{},"actions":[{"type":"keyDown","value":""},{"type":"pause","duration":10},{"type":"keyUp","value":""}]}]}
COMMAND: GET /session/eb79c257209da8ba08c59be1d775ff21/screenshot - {}
RESULT: {}
COMMAND: POST /session/eb79c257209da8ba08c59be1d775ff21/actions - {"actions":[{"id":"action55","type":"key","parameters":{},"actions":[{"type":"keyDown","value":""},{"type":"pause","duration":10},{"type":"keyUp","value":""}]}]}
RESULT: {"actions":[{"id":"action55","type":"key","parameters":{},"actions":[{"type":"keyDown","value":""},{"type":"pause","duration":10},{"type":"keyUp","value":""}]}]}
COMMAND: POST /session/eb79c257209da8ba08c59be1d775ff21/element - {"using":"xpath","value":"(//td[7]/div/div/input)[2]"}
COMMAND: GET /session/eb79c257209da8ba08c59be1d775ff21/screenshot - {}
RESULT: {"using":"xpath","value":"(//td[7]/div/div/input)[2]"}
COMMAND: POST /session/eb79c257209da8ba08c59be1d775ff21/element/f.9FA5373B3500B72DA4049E533E67ABAF.d.4AFD1C9BFE186073A68AA9A9EEAC2AE8.e.9654/clear - {}
RESULT: {}
RESULT: {}
COMMAND: POST /session/eb79c257209da8ba08c59be1d775ff21/element/f.9FA5373B3500B72DA4049E533E67ABAF.d.4AFD1C9BFE186073A68AA9A9EEAC2AE8.e.9654/value - {"text":"1100001"}
COMMAND: GET /session/eb79c257209da8ba08c59be1d775ff21/screenshot - {}
RESULT: {"text":"1100001"}
COMMAND: GET /session/eb79c257209da8ba08c59be1d775ff21/screenshot - {}
RESULT: {}
RESULT: {}
COMMAND: POST /session/eb79c257209da8ba08c59be1d775ff21/actions - {"actions":[{"id":"action56","type":"key","parameters":{},"actions":[{"type":"keyDown","value":""},{"type":"pause","duration":10},{"type":"keyUp","value":""}]}]}
RESULT: {"actions":[{"id":"action56","type":"key","parameters":{},"actions":[{"type":"keyDown","value":""},{"type":"pause","duration":10},{"type":"keyUp","value":""}]}]}
COMMAND: GET /session/eb79c257209da8ba08c59be1d775ff21/screenshot - {}
RESULT: {}
COMMAND: POST /session/eb79c257209da8ba08c59be1d775ff21/actions - {"actions":[{"id":"action57","type":"key","parameters":{},"actions":[{"type":"keyDown","value":""},{"type":"pause","duration":10},{"type":"keyUp","value":""}]}]}
RESULT: {"actions":[{"id":"action57","type":"key","parameters":{},"actions":[{"type":"keyDown","value":""},{"type":"pause","duration":10},{"type":"keyUp","value":""}]}]}
COMMAND: GET /session/eb79c257209da8ba08c59be1d775ff21/screenshot - {}
RESULT: {}
COMMAND: POST /session/eb79c257209da8ba08c59be1d775ff21/element - {"using":"xpath","value":"(//button[@data-kt=\"saveButton\"])[2]"}
RESULT: {"using":"xpath","value":"(//button[@data-kt=\"saveButton\"])[2]"}
COMMAND: POST /session/eb79c257209da8ba08c59be1d775ff21/element/f.9FA5373B3500B72DA4049E533E67ABAF.d.4AFD1C9BFE186073A68AA9A9EEAC2AE8.e.9678/click - {}
RESULT: {}
COMMAND: GET /session/eb79c257209da8ba08c59be1d775ff21/screenshot - {}
RESULT: {}
COMMAND: POST /session/eb79c257209da8ba08c59be1d775ff21/element - {"using":"xpath","value":"(//span[contains(text(), \"Additional Addresses\")])[1]"}
RESULT: {"using":"xpath","value":"(//span[contains(text(), \"Additional Addresses\")])[1]"}
COMMAND: POST /session/eb79c257209da8ba08c59be1d775ff21/element/f.9FA5373B3500B72DA4049E533E67ABAF.d.4AFD1C9BFE186073A68AA9A9EEAC2AE8.e.9681/click - {}
RESULT: {}
COMMAND: GET /session/eb79c257209da8ba08c59be1d775ff21/screenshot - {}
RESULT: {}
COMMAND: POST /session/eb79c257209da8ba08c59be1d775ff21/execute/async - {"script":"<script> [1562 bytes]","args":[{"selector":{"controlType":"sap.m.Title","viewName":"etm.portal.ui.managecontracts.view.Detail","properties":{"text":"Contract Items (2)"}},"wdio_ui5_key":"etmportal.ui.managecontracts.view.Detailsap.m.Title{\"text\":\"Contract Items (2)\"}"}]}
RESULT: {"script":"<script> [1562 bytes]","args":[{"selector":{"controlType":"sap.m.Title","viewName":"etm.portal.ui.managecontracts.view.Detail","properties":{"text":"Contract Items (2)"}},"wdio_ui5_key":"etmportal.ui.managecontracts.view.Detailsap.m.Title{\"text\":\"Contract Items (2)\"}"}]}
RESULT: undefined
COMMAND: POST /session/eb79c257209da8ba08c59be1d775ff21/execute/async - {"script":"<script> [6424 bytes]","args":[{"element-6066-11e4-a52e-4f735466cecf":"f.9FA5373B3500B72DA4049E533E67ABAF.d.4AFD1C9BFE186073A68AA9A9EEAC2AE8.e.9683"},"getText",[]]}
RESULT: {"script":"<script> [6424 bytes]","args":[{"element-6066-11e4-a52e-4f735466cecf":"f.9FA5373B3500B72DA4049E533E67ABAF.d.4AFD1C9BFE186073A68AA9A9EEAC2AE8.e.9683"},"getText",[]]}
COMMAND: POST /session/eb79c257209da8ba08c59be1d775ff21/element - {"using":"xpath","value":"(//span[contains(@class ,\"sapMObjStatusText\")])[1]"}
RESULT: {"using":"xpath","value":"(//span[contains(@class ,\"sapMObjStatusText\")])[1]"}
COMMAND: GET /session/eb79c257209da8ba08c59be1d775ff21/element/f.9FA5373B3500B72DA4049E533E67ABAF.d.4AFD1C9BFE186073A68AA9A9EEAC2AE8.e.9684/text - {}
RESULT: {}
COMMAND: POST /session/eb79c257209da8ba08c59be1d775ff21/element - {"using":"xpath","value":"(//span[contains(@class ,\"sapMObjStatusText\")])[4]"}
RESULT: {"using":"xpath","value":"(//span[contains(@class ,\"sapMObjStatusText\")])[4]"}
COMMAND: GET /session/eb79c257209da8ba08c59be1d775ff21/element/f.9FA5373B3500B72DA4049E533E67ABAF.d.4AFD1C9BFE186073A68AA9A9EEAC2AE8.e.9685/text - {}
RESULT: {}
COMMAND: POST /session/eb79c257209da8ba08c59be1d775ff21/element - {"using":"css selector","value":"#shell-header-logo"}
RESULT: {"using":"css selector","value":"#shell-header-logo"}
COMMAND: POST /session/eb79c257209da8ba08c59be1d775ff21/element/f.9FA5373B3500B72DA4049E533E67ABAF.d.4AFD1C9BFE186073A68AA9A9EEAC2AE8.e.9061/click - {}
RESULT: {}
COMMAND: GET /session/eb79c257209da8ba08c59be1d775ff21/screenshot - {}
RESULT: {}
]]></system-out>
    </testcase>
  </testsuite>
  <testsuite timestamp="2025-05-24T18:19:14" time="197.834" tests="2" failures="0" errors="0" skipped="0">
    <properties>
      <property name="specId" value="0"/>
      <property name="suiteName" value="Reduced contract US151275"/>
      <property name="capabilities" value="chrome.136_0_7103_93.windows"/>
      <property name="file" value="file:///D:/a/1/s/test/specs/R2C/reduced-contract-creation.spec.js"/>
    </properties>
    <testcase classname="chrome.136_0_7103_93.windows.Reduced_contract_US151275" name="Should create a new reduced contract" time="140.506">
      <system-out><![CDATA[
RESULT: undefined
COMMAND: POST /session/eb79c257209da8ba08c59be1d775ff21/element - {"using":"xpath","value":"//*[@id=\"__tile130\"]"}
RESULT: {"using":"xpath","value":"//*[@id=\"__tile130\"]"}
COMMAND: POST /session/eb79c257209da8ba08c59be1d775ff21/element/f.9FA5373B3500B72DA4049E533E67ABAF.d.4AFD1C9BFE186073A68AA9A9EEAC2AE8.e.8736/click - {}
RESULT: {}
COMMAND: GET /session/eb79c257209da8ba08c59be1d775ff21/screenshot - {}
RESULT: {}
COMMAND: POST /session/eb79c257209da8ba08c59be1d775ff21/element - {"using":"xpath","value":"//button[@data-kt=\"addButton\"]"}
COMMAND: POST /session/eb79c257209da8ba08c59be1d775ff21/elements - {"using":"xpath","value":"//span[text()='Error']"}
RESULT: {"using":"xpath","value":"//button[@data-kt=\"addButton\"]"}
COMMAND: POST /session/eb79c257209da8ba08c59be1d775ff21/element/f.9FA5373B3500B72DA4049E533E67ABAF.d.4AFD1C9BFE186073A68AA9A9EEAC2AE8.e.9745/click - {}
RESULT: {"using":"xpath","value":"//span[text()='Error']"}
RESULT: {}
COMMAND: GET /session/eb79c257209da8ba08c59be1d775ff21/screenshot - {}
RESULT: {}
COMMAND: POST /session/eb79c257209da8ba08c59be1d775ff21/refresh - {}
RESULT: {}
COMMAND: GET /session/eb79c257209da8ba08c59be1d775ff21/screenshot - {}
RESULT: {}
COMMAND: POST /session/eb79c257209da8ba08c59be1d775ff21/execute/async - {"script":"<script> [189 bytes]","args":[]}
RESULT: {"script":"<script> [189 bytes]","args":[]}
COMMAND: POST /session/eb79c257209da8ba08c59be1d775ff21/execute/async - {"script":"<script> [123 bytes]","args":[]}
RESULT: {"script":"<script> [123 bytes]","args":[]}
COMMAND: POST /session/eb79c257209da8ba08c59be1d775ff21/timeouts - {"script":"<number>"}
RESULT: {"script":"<number>"}
COMMAND: GET /session/eb79c257209da8ba08c59be1d775ff21/timeouts - {}
RESULT: {}
RESULT: undefined
COMMAND: POST /session/eb79c257209da8ba08c59be1d775ff21/execute/async - {"script":"<script> [2676 bytes]","args":[]}
RESULT: {"script":"<script> [2676 bytes]","args":[]}
COMMAND: POST /session/eb79c257209da8ba08c59be1d775ff21/execute/async - {"script":"<script> [2342 bytes]","args":[{"protocol":"http","hostname":"0.0.0.0","path":"/","capabilities":{"browserName":"chrome","goog:chromeOptions":{"binary":"C:\\Program Files\\Google\\Chrome\\Application\\chrome.exe","args":["--start-maximized"]}},"logLevel":"warn","connectionRetryTimeout":120000,"connectionRetryCount":3,"logLevels":{},"enableDirectConnect":true,"strictSSL":true,"_":"65 more keys: [\"cacheDir\",\"port\",\"requestedCapabilities\",\"automationProtocol\",\"baseUrl\",\"waitforInterval\",\"waitforTimeout\",\"onReload\",\"beforeCommand\",\"afterCommand\",\"rootDir\",\"specs\",\"suites\",\"exclude\",\"groupLogsByTestSpec\",\"excludeDriverLogs\",\"bail\",\"framework\",\"reporters\",\"services\",\"maxInstances\",\"maxInstancesPerCapability\",\"injectGlobals\",\"filesToWatch\",\"execArgv\",\"runnerEnv\",\"runner\",\"shard\",\"specFileRetries\",\"specFileRetriesDelay\",\"specFileRetriesDeferred\",\"reporterSyncInterval\",\"reporterSyncTimeout\",\"cucumberFeaturesWithLineNumbers\",\"autoCompileOpts\",\"mochaOpts\",\"jasmineOpts\",\"cucumberOpts\",\"onPrepare\",\"onWorkerStart\",\"onWorkerEnd\",\"before\",\"beforeSession\",\"beforeSuite\",\"beforeHook\",\"beforeTest\",\"afterTest\",\"afterHook\",\"afterSuite\",\"afterSession\",\"after\",\"onComplete\",\"beforeAssertion\",\"afterAssertion\",\"beforeFeature\",\"beforeScenario\",\"beforeStep\",\"afterStep\",\"afterScenario\",\"afterFeature\",\"_\",\"suite\",\"$0\",\"ignoredWorkerServices\",\"wdi5\"]"}]}
RESULT: {"script":"<script> [2342 bytes]","args":[{"protocol":"http","hostname":"0.0.0.0","path":"/","capabilities":{"browserName":"chrome","goog:chromeOptions":{"binary":"C:\\Program Files\\Google\\Chrome\\Application\\chrome.exe","args":["--start-maximized"]}},"logLevel":"warn","connectionRetryTimeout":120000,"connectionRetryCount":3,"logLevels":{},"enableDirectConnect":true,"strictSSL":true,"_":"65 more keys: [\"cacheDir\",\"port\",\"requestedCapabilities\",\"automationProtocol\",\"baseUrl\",\"waitforInterval\",\"waitforTimeout\",\"onReload\",\"beforeCommand\",\"afterCommand\",\"rootDir\",\"specs\",\"suites\",\"exclude\",\"groupLogsByTestSpec\",\"excludeDriverLogs\",\"bail\",\"framework\",\"reporters\",\"services\",\"maxInstances\",\"maxInstancesPerCapability\",\"injectGlobals\",\"filesToWatch\",\"execArgv\",\"runnerEnv\",\"runner\",\"shard\",\"specFileRetries\",\"specFileRetriesDelay\",\"specFileRetriesDeferred\",\"reporterSyncInterval\",\"reporterSyncTimeout\",\"cucumberFeaturesWithLineNumbers\",\"autoCompileOpts\",\"mochaOpts\",\"jasmineOpts\",\"cucumberOpts\",\"onPrepare\",\"onWorkerStart\",\"onWorkerEnd\",\"before\",\"beforeSession\",\"beforeSuite\",\"beforeHook\",\"beforeTest\",\"afterTest\",\"afterHook\",\"afterSuite\",\"afterSession\",\"after\",\"onComplete\",\"beforeAssertion\",\"afterAssertion\",\"beforeFeature\",\"beforeScenario\",\"beforeStep\",\"afterStep\",\"afterScenario\",\"afterFeature\",\"_\",\"suite\",\"$0\",\"ignoredWorkerServices\",\"wdi5\"]"}]}
COMMAND: POST /session/eb79c257209da8ba08c59be1d775ff21/execute/async - {"script":"<script> [21126 bytes]","args":[35000]}
RESULT: {"script":"<script> [21126 bytes]","args":[35000]}
COMMAND: POST /session/eb79c257209da8ba08c59be1d775ff21/execute/async - {"script":"<script> [1562 bytes]","args":[{"selector":{"id":"application-managecontracts-display-component---AddNewContract--contractType","interaction":{"idSuffix":"arrow"}},"wdio_ui5_key":"applicationmanagecontracts-display-component---AddNewContract--contractType"}]}
RESULT: {"script":"<script> [1562 bytes]","args":[{"selector":{"id":"application-managecontracts-display-component---AddNewContract--contractType","interaction":{"idSuffix":"arrow"}},"wdio_ui5_key":"applicationmanagecontracts-display-component---AddNewContract--contractType"}]}
RESULT: undefined
COMMAND: POST /session/eb79c257209da8ba08c59be1d775ff21/element - {"using":"xpath","value":"//*[@id=\"application-managecontracts-display-component---AddNewContract--contractType\"]"}
RESULT: {"using":"xpath","value":"//*[@id=\"application-managecontracts-display-component---AddNewContract--contractType\"]"}
COMMAND: POST /session/eb79c257209da8ba08c59be1d775ff21/element/f.9FA5373B3500B72DA4049E533E67ABAF.d.346AF923D82FE90CCB8F0A28CCBFB3CD.e.10185/click - {}
RESULT: {}
COMMAND: GET /session/eb79c257209da8ba08c59be1d775ff21/screenshot - {}
RESULT: {}
COMMAND: POST /session/eb79c257209da8ba08c59be1d775ff21/execute/async - {"script":"<script> [1562 bytes]","args":[{"selector":{"controlType":"sap.ui.core.Item","viewName":"etm.portal.ui.managecontracts.view.AddNewContract","viewId":"application-managecontracts-display-component---AddNewContract","bindingPath":{"path":"/ContractTypes('02')","propertyPath":"ID","modelName":"catalogModel"},"searchOpenDialogs":true},"wdio_ui5_key":"etmportal.ui.managecontracts.view.AddNewContractsap.ui.core.Item{\"path\":\"/ContractTypes('02')\",\"propertyPath\":\"ID\",\"modelName\":\"catalogModel\"}"}]}
RESULT: {"script":"<script> [1562 bytes]","args":[{"selector":{"controlType":"sap.ui.core.Item","viewName":"etm.portal.ui.managecontracts.view.AddNewContract","viewId":"application-managecontracts-display-component---AddNewContract","bindingPath":{"path":"/ContractTypes('02')","propertyPath":"ID","modelName":"catalogModel"},"searchOpenDialogs":true},"wdio_ui5_key":"etmportal.ui.managecontracts.view.AddNewContractsap.ui.core.Item{\"path\":\"/ContractTypes('02')\",\"propertyPath\":\"ID\",\"modelName\":\"catalogModel\"}"}]}
RESULT: undefined
COMMAND: POST /session/eb79c257209da8ba08c59be1d775ff21/element - {"using":"xpath","value":"//*[@id=\"__item44-application-managecontracts-display-component---AddNewContract--contractType-1\"]"}
RESULT: {"using":"xpath","value":"//*[@id=\"__item44-application-managecontracts-display-component---AddNewContract--contractType-1\"]"}
COMMAND: POST /session/eb79c257209da8ba08c59be1d775ff21/element/f.9FA5373B3500B72DA4049E533E67ABAF.d.346AF923D82FE90CCB8F0A28CCBFB3CD.e.10186/click - {}
RESULT: {}
COMMAND: GET /session/eb79c257209da8ba08c59be1d775ff21/screenshot - {}
RESULT: {}
COMMAND: POST /session/eb79c257209da8ba08c59be1d775ff21/execute/async - {"script":"<script> [1562 bytes]","args":[{"selector":{"id":"application-managecontracts-display-component---AddNewContract--projectDescription","interaction":{"idSuffix":"inner"}},"wdio_ui5_key":"applicationmanagecontracts-display-component---AddNewContract--projectDescription"}]}
RESULT: {"script":"<script> [1562 bytes]","args":[{"selector":{"id":"application-managecontracts-display-component---AddNewContract--projectDescription","interaction":{"idSuffix":"inner"}},"wdio_ui5_key":"applicationmanagecontracts-display-component---AddNewContract--projectDescription"}]}
RESULT: undefined
COMMAND: POST /session/eb79c257209da8ba08c59be1d775ff21/execute/async - {"script":"<script> [776 bytes]","args":[{"enterText":"WdIOReduced6fpob","selector":{"id":"application-managecontracts-display-component---AddNewContract--projectDescription","interaction":{"idSuffix":"inner"}},"clearTextFirst":true,"interactionType":"ENTER_TEXT"}]}
RESULT: {"script":"<script> [776 bytes]","args":[{"enterText":"WdIOReduced6fpob","selector":{"id":"application-managecontracts-display-component---AddNewContract--projectDescription","interaction":{"idSuffix":"inner"}},"clearTextFirst":true,"interactionType":"ENTER_TEXT"}]}
COMMAND: POST /session/eb79c257209da8ba08c59be1d775ff21/element - {"using":"xpath","value":"//input[@id=\"application-managecontracts-display-component---AddNewContract--yardId-inner\"]"}
RESULT: {"using":"xpath","value":"//input[@id=\"application-managecontracts-display-component---AddNewContract--yardId-inner\"]"}
COMMAND: POST /session/eb79c257209da8ba08c59be1d775ff21/element/f.9FA5373B3500B72DA4049E533E67ABAF.d.346AF923D82FE90CCB8F0A28CCBFB3CD.e.10088/clear - {}
RESULT: {}
COMMAND: POST /session/eb79c257209da8ba08c59be1d775ff21/element/f.9FA5373B3500B72DA4049E533E67ABAF.d.346AF923D82FE90CCB8F0A28CCBFB3CD.e.10088/value - {"text":"WebdriverYardd0gb7"}
COMMAND: GET /session/eb79c257209da8ba08c59be1d775ff21/screenshot - {}
RESULT: {"text":"WebdriverYardd0gb7"}
COMMAND: GET /session/eb79c257209da8ba08c59be1d775ff21/screenshot - {}
RESULT: {}
RESULT: {}
COMMAND: POST /session/eb79c257209da8ba08c59be1d775ff21/actions - {"actions":[{"id":"action58","type":"key","parameters":{},"actions":[{"type":"keyDown","value":""},{"type":"pause","duration":10},{"type":"keyUp","value":""}]}]}
RESULT: {"actions":[{"id":"action58","type":"key","parameters":{},"actions":[{"type":"keyDown","value":""},{"type":"pause","duration":10},{"type":"keyUp","value":""}]}]}
COMMAND: GET /session/eb79c257209da8ba08c59be1d775ff21/screenshot - {}
RESULT: {}
COMMAND: POST /session/eb79c257209da8ba08c59be1d775ff21/element - {"using":"xpath","value":"//input[@id=\"application-managecontracts-display-component---AddNewContract--customerSelect-inner\"]"}
RESULT: {"using":"xpath","value":"//input[@id=\"application-managecontracts-display-component---AddNewContract--customerSelect-inner\"]"}
COMMAND: POST /session/eb79c257209da8ba08c59be1d775ff21/element/f.9FA5373B3500B72DA4049E533E67ABAF.d.346AF923D82FE90CCB8F0A28CCBFB3CD.e.10086/clear - {}
RESULT: {}
COMMAND: POST /session/eb79c257209da8ba08c59be1d775ff21/element/f.9FA5373B3500B72DA4049E533E67ABAF.d.346AF923D82FE90CCB8F0A28CCBFB3CD.e.10086/value - {"text":"WebdriverPartnerj2b72i"}
COMMAND: GET /session/eb79c257209da8ba08c59be1d775ff21/screenshot - {}
RESULT: {"text":"WebdriverPartnerj2b72i"}
COMMAND: GET /session/eb79c257209da8ba08c59be1d775ff21/screenshot - {}
RESULT: {}
RESULT: {}
COMMAND: POST /session/eb79c257209da8ba08c59be1d775ff21/actions - {"actions":[{"id":"action59","type":"key","parameters":{},"actions":[{"type":"keyDown","value":""},{"type":"pause","duration":10},{"type":"keyUp","value":""}]}]}
RESULT: {"actions":[{"id":"action59","type":"key","parameters":{},"actions":[{"type":"keyDown","value":""},{"type":"pause","duration":10},{"type":"keyUp","value":""}]}]}
COMMAND: GET /session/eb79c257209da8ba08c59be1d775ff21/screenshot - {}
RESULT: {}
COMMAND: POST /session/eb79c257209da8ba08c59be1d775ff21/execute/async - {"script":"<script> [1562 bytes]","args":[{"selector":{"id":"application-managecontracts-display-component---AddNewContract--calendarInput-arrow"},"wdio_ui5_key":"applicationmanagecontracts-display-component---AddNewContract--calendarInput-arrow"}]}
RESULT: {"script":"<script> [1562 bytes]","args":[{"selector":{"id":"application-managecontracts-display-component---AddNewContract--calendarInput-arrow"},"wdio_ui5_key":"applicationmanagecontracts-display-component---AddNewContract--calendarInput-arrow"}]}
RESULT: undefined
COMMAND: POST /session/eb79c257209da8ba08c59be1d775ff21/element - {"using":"xpath","value":"//*[@id=\"application-managecontracts-display-component---AddNewContract--calendarInput-arrow\"]"}
RESULT: {"using":"xpath","value":"//*[@id=\"application-managecontracts-display-component---AddNewContract--calendarInput-arrow\"]"}
COMMAND: POST /session/eb79c257209da8ba08c59be1d775ff21/element/f.9FA5373B3500B72DA4049E533E67ABAF.d.346AF923D82FE90CCB8F0A28CCBFB3CD.e.10190/click - {}
RESULT: {}
COMMAND: GET /session/eb79c257209da8ba08c59be1d775ff21/screenshot - {}
RESULT: {}
COMMAND: POST /session/eb79c257209da8ba08c59be1d775ff21/execute/async - {"script":"<script> [1562 bytes]","args":[{"selector":{"controlType":"sap.m.StandardListItem","viewName":"etm.portal.ui.managecontracts.view.AddNewContract","viewId":"application-managecontracts-display-component---AddNewContract","properties":{"title":"1 - Calendar unit test patch"},"searchOpenDialogs":true,"interaction":{"idSuffix":"titleText"}},"wdio_ui5_key":"etmportal.ui.managecontracts.view.AddNewContractsap.m.StandardListItem{\"title\":\"1 - Calendar unit test patch\"}"}]}
RESULT: {"script":"<script> [1562 bytes]","args":[{"selector":{"controlType":"sap.m.StandardListItem","viewName":"etm.portal.ui.managecontracts.view.AddNewContract","viewId":"application-managecontracts-display-component---AddNewContract","properties":{"title":"1 - Calendar unit test patch"},"searchOpenDialogs":true,"interaction":{"idSuffix":"titleText"}},"wdio_ui5_key":"etmportal.ui.managecontracts.view.AddNewContractsap.m.StandardListItem{\"title\":\"1 - Calendar unit test patch\"}"}]}
RESULT: undefined
COMMAND: POST /session/eb79c257209da8ba08c59be1d775ff21/element - {"using":"xpath","value":"//*[@id=\"__item337\"]"}
RESULT: {"using":"xpath","value":"//*[@id=\"__item337\"]"}
COMMAND: POST /session/eb79c257209da8ba08c59be1d775ff21/element/f.9FA5373B3500B72DA4049E533E67ABAF.d.346AF923D82FE90CCB8F0A28CCBFB3CD.e.10192/click - {}
RESULT: {}
COMMAND: GET /session/eb79c257209da8ba08c59be1d775ff21/screenshot - {}
RESULT: {}
COMMAND: POST /session/eb79c257209da8ba08c59be1d775ff21/execute/async - {"script":"<script> [1562 bytes]","args":[{"selector":{"id":"application-managecontracts-display-component---AddNewContract--streetInput","interaction":{"idSuffix":"inner"}},"wdio_ui5_key":"applicationmanagecontracts-display-component---AddNewContract--streetInput"}]}
RESULT: {"script":"<script> [1562 bytes]","args":[{"selector":{"id":"application-managecontracts-display-component---AddNewContract--streetInput","interaction":{"idSuffix":"inner"}},"wdio_ui5_key":"applicationmanagecontracts-display-component---AddNewContract--streetInput"}]}
RESULT: undefined
COMMAND: POST /session/eb79c257209da8ba08c59be1d775ff21/execute/async - {"script":"<script> [776 bytes]","args":[{"enterText":"StreetWdIO","selector":{"id":"application-managecontracts-display-component---AddNewContract--streetInput","interaction":{"idSuffix":"inner"}},"clearTextFirst":true,"interactionType":"ENTER_TEXT"}]}
RESULT: {"script":"<script> [776 bytes]","args":[{"enterText":"StreetWdIO","selector":{"id":"application-managecontracts-display-component---AddNewContract--streetInput","interaction":{"idSuffix":"inner"}},"clearTextFirst":true,"interactionType":"ENTER_TEXT"}]}
COMMAND: POST /session/eb79c257209da8ba08c59be1d775ff21/execute/async - {"script":"<script> [1562 bytes]","args":[{"selector":{"id":"application-managecontracts-display-component---AddNewContract--numberInput","interaction":{"idSuffix":"inner"}},"wdio_ui5_key":"applicationmanagecontracts-display-component---AddNewContract--numberInput"}]}
RESULT: {"script":"<script> [1562 bytes]","args":[{"selector":{"id":"application-managecontracts-display-component---AddNewContract--numberInput","interaction":{"idSuffix":"inner"}},"wdio_ui5_key":"applicationmanagecontracts-display-component---AddNewContract--numberInput"}]}
RESULT: undefined
COMMAND: POST /session/eb79c257209da8ba08c59be1d775ff21/execute/async - {"script":"<script> [776 bytes]","args":[{"enterText":"3","selector":{"id":"application-managecontracts-display-component---AddNewContract--numberInput","interaction":{"idSuffix":"inner"}},"clearTextFirst":true,"interactionType":"ENTER_TEXT"}]}
RESULT: {"script":"<script> [776 bytes]","args":[{"enterText":"3","selector":{"id":"application-managecontracts-display-component---AddNewContract--numberInput","interaction":{"idSuffix":"inner"}},"clearTextFirst":true,"interactionType":"ENTER_TEXT"}]}
COMMAND: POST /session/eb79c257209da8ba08c59be1d775ff21/execute/async - {"script":"<script> [1562 bytes]","args":[{"selector":{"id":"application-managecontracts-display-component---AddNewContract--cityInput","interaction":{"idSuffix":"inner"}},"wdio_ui5_key":"applicationmanagecontracts-display-component---AddNewContract--cityInput"}]}
RESULT: {"script":"<script> [1562 bytes]","args":[{"selector":{"id":"application-managecontracts-display-component---AddNewContract--cityInput","interaction":{"idSuffix":"inner"}},"wdio_ui5_key":"applicationmanagecontracts-display-component---AddNewContract--cityInput"}]}
RESULT: undefined
COMMAND: POST /session/eb79c257209da8ba08c59be1d775ff21/execute/async - {"script":"<script> [776 bytes]","args":[{"enterText":"Bucharest","selector":{"id":"application-managecontracts-display-component---AddNewContract--cityInput","interaction":{"idSuffix":"inner"}},"clearTextFirst":true,"interactionType":"ENTER_TEXT"}]}
RESULT: {"script":"<script> [776 bytes]","args":[{"enterText":"Bucharest","selector":{"id":"application-managecontracts-display-component---AddNewContract--cityInput","interaction":{"idSuffix":"inner"}},"clearTextFirst":true,"interactionType":"ENTER_TEXT"}]}
COMMAND: POST /session/eb79c257209da8ba08c59be1d775ff21/execute/async - {"script":"<script> [1562 bytes]","args":[{"selector":{"id":"application-managecontracts-display-component---AddNewContract--zipInput","interaction":{"idSuffix":"inner"}},"wdio_ui5_key":"applicationmanagecontracts-display-component---AddNewContract--zipInput"}]}
RESULT: {"script":"<script> [1562 bytes]","args":[{"selector":{"id":"application-managecontracts-display-component---AddNewContract--zipInput","interaction":{"idSuffix":"inner"}},"wdio_ui5_key":"applicationmanagecontracts-display-component---AddNewContract--zipInput"}]}
RESULT: undefined
COMMAND: POST /session/eb79c257209da8ba08c59be1d775ff21/execute/async - {"script":"<script> [776 bytes]","args":[{"enterText":"021210","selector":{"id":"application-managecontracts-display-component---AddNewContract--zipInput","interaction":{"idSuffix":"inner"}},"clearTextFirst":true,"interactionType":"ENTER_TEXT"}]}
RESULT: {"script":"<script> [776 bytes]","args":[{"enterText":"021210","selector":{"id":"application-managecontracts-display-component---AddNewContract--zipInput","interaction":{"idSuffix":"inner"}},"clearTextFirst":true,"interactionType":"ENTER_TEXT"}]}
COMMAND: POST /session/eb79c257209da8ba08c59be1d775ff21/element - {"using":"xpath","value":"//bdi[contains(@id ,\"application-managecontracts-display-component---AddNewContract--saveBtn-BDI-content\")]"}
RESULT: {"using":"xpath","value":"//bdi[contains(@id ,\"application-managecontracts-display-component---AddNewContract--saveBtn-BDI-content\")]"}
COMMAND: POST /session/eb79c257209da8ba08c59be1d775ff21/element/f.9FA5373B3500B72DA4049E533E67ABAF.d.346AF923D82FE90CCB8F0A28CCBFB3CD.e.10197/click - {}
RESULT: {}
COMMAND: GET /session/eb79c257209da8ba08c59be1d775ff21/screenshot - {}
RESULT: {}
COMMAND: POST /session/eb79c257209da8ba08c59be1d775ff21/element - {"using":"xpath","value":"//button[contains(@data-kt ,\"contractDetailEditBtnButton\")]"}
RESULT: {"using":"xpath","value":"//button[contains(@data-kt ,\"contractDetailEditBtnButton\")]"}
COMMAND: POST /session/eb79c257209da8ba08c59be1d775ff21/execute/sync - {"script":"<script> [8489 bytes]","args":[{"element-6066-11e4-a52e-4f735466cecf":"f.9FA5373B3500B72DA4049E533E67ABAF.d.346AF923D82FE90CCB8F0A28CCBFB3CD.e.10257","ELEMENT":"f.9FA5373B3500B72DA4049E533E67ABAF.d.346AF923D82FE90CCB8F0A28CCBFB3CD.e.10257"}]}
RESULT: {"script":"<script> [8489 bytes]","args":[{"element-6066-11e4-a52e-4f735466cecf":"f.9FA5373B3500B72DA4049E533E67ABAF.d.346AF923D82FE90CCB8F0A28CCBFB3CD.e.10257","ELEMENT":"f.9FA5373B3500B72DA4049E533E67ABAF.d.346AF923D82FE90CCB8F0A28CCBFB3CD.e.10257"}]}
COMMAND: POST /session/eb79c257209da8ba08c59be1d775ff21/execute/sync - {"script":"<script> [8489 bytes]","args":[{"element-6066-11e4-a52e-4f735466cecf":"f.9FA5373B3500B72DA4049E533E67ABAF.d.346AF923D82FE90CCB8F0A28CCBFB3CD.e.10257","ELEMENT":"f.9FA5373B3500B72DA4049E533E67ABAF.d.346AF923D82FE90CCB8F0A28CCBFB3CD.e.10257"}]}
COMMAND: GET /session/eb79c257209da8ba08c59be1d775ff21/screenshot - {}
RESULT: {"script":"<script> [8489 bytes]","args":[{"element-6066-11e4-a52e-4f735466cecf":"f.9FA5373B3500B72DA4049E533E67ABAF.d.346AF923D82FE90CCB8F0A28CCBFB3CD.e.10257","ELEMENT":"f.9FA5373B3500B72DA4049E533E67ABAF.d.346AF923D82FE90CCB8F0A28CCBFB3CD.e.10257"}]}
COMMAND: POST /session/eb79c257209da8ba08c59be1d775ff21/execute/sync - {"script":"<script> [5351 bytes]","args":[{"element-6066-11e4-a52e-4f735466cecf":"f.9FA5373B3500B72DA4049E533E67ABAF.d.346AF923D82FE90CCB8F0A28CCBFB3CD.e.10257","ELEMENT":"f.9FA5373B3500B72DA4049E533E67ABAF.d.346AF923D82FE90CCB8F0A28CCBFB3CD.e.10257"}]}
COMMAND: GET /session/eb79c257209da8ba08c59be1d775ff21/screenshot - {}
RESULT: {}
RESULT: {"script":"<script> [5351 bytes]","args":[{"element-6066-11e4-a52e-4f735466cecf":"f.9FA5373B3500B72DA4049E533E67ABAF.d.346AF923D82FE90CCB8F0A28CCBFB3CD.e.10257","ELEMENT":"f.9FA5373B3500B72DA4049E533E67ABAF.d.346AF923D82FE90CCB8F0A28CCBFB3CD.e.10257"}]}
COMMAND: POST /session/eb79c257209da8ba08c59be1d775ff21/execute/async - {"script":"<script> [1562 bytes]","args":[{"selector":{"controlType":"sap.m.Text","viewName":"etm.portal.ui.managecontracts.view.Detail","bindingPath":{"propertyPath":"LINK_TO_C_CONTRACT_TYPES/DESCRIPTION","modelName":"catalogModel"}},"wdio_ui5_key":"etmportal.ui.managecontracts.view.Detailsap.m.Text{\"propertyPath\":\"LINK_TO_C_CONTRACT_TYPES/DESCRIPTION\",\"modelName\":\"catalogModel\"}"}]}
COMMAND: GET /session/eb79c257209da8ba08c59be1d775ff21/screenshot - {}
RESULT: {}
RESULT: {"script":"<script> [1562 bytes]","args":[{"selector":{"controlType":"sap.m.Text","viewName":"etm.portal.ui.managecontracts.view.Detail","bindingPath":{"propertyPath":"LINK_TO_C_CONTRACT_TYPES/DESCRIPTION","modelName":"catalogModel"}},"wdio_ui5_key":"etmportal.ui.managecontracts.view.Detailsap.m.Text{\"propertyPath\":\"LINK_TO_C_CONTRACT_TYPES/DESCRIPTION\",\"modelName\":\"catalogModel\"}"}]}
RESULT: undefined
COMMAND: POST /session/eb79c257209da8ba08c59be1d775ff21/execute/async - {"script":"<script> [6424 bytes]","args":[{"element-6066-11e4-a52e-4f735466cecf":"f.9FA5373B3500B72DA4049E533E67ABAF.d.346AF923D82FE90CCB8F0A28CCBFB3CD.e.10259"},"getText",[]]}
RESULT: {}
RESULT: {"script":"<script> [6424 bytes]","args":[{"element-6066-11e4-a52e-4f735466cecf":"f.9FA5373B3500B72DA4049E533E67ABAF.d.346AF923D82FE90CCB8F0A28CCBFB3CD.e.10259"},"getText",[]]}
COMMAND: POST /session/eb79c257209da8ba08c59be1d775ff21/element/f.9FA5373B3500B72DA4049E533E67ABAF.d.346AF923D82FE90CCB8F0A28CCBFB3CD.e.10257/click - {}
RESULT: {}
COMMAND: GET /session/eb79c257209da8ba08c59be1d775ff21/screenshot - {}
RESULT: {}
]]></system-out>
    </testcase>
    <testcase classname="chrome.136_0_7103_93.windows.Reduced_contract_US151275" name="Should add a RU to the contract" time="51.6">
      <system-out><![CDATA[
COMMAND: POST /session/eb79c257209da8ba08c59be1d775ff21/element - {"using":"xpath","value":"(//span[contains(text(), \"Header Billing Items\")])[2]"}
RESULT: {"using":"xpath","value":"(//span[contains(text(), \"Header Billing Items\")])[2]"}
COMMAND: POST /session/eb79c257209da8ba08c59be1d775ff21/element/f.9FA5373B3500B72DA4049E533E67ABAF.d.346AF923D82FE90CCB8F0A28CCBFB3CD.e.10304/click - {}
RESULT: {}
COMMAND: GET /session/eb79c257209da8ba08c59be1d775ff21/screenshot - {}
RESULT: {}
COMMAND: POST /session/eb79c257209da8ba08c59be1d775ff21/element - {"using":"xpath","value":"//button[@data-kt=\"btnAddTableRowOverflowToolbarButton\"]"}
RESULT: {"using":"xpath","value":"//button[@data-kt=\"btnAddTableRowOverflowToolbarButton\"]"}
COMMAND: POST /session/eb79c257209da8ba08c59be1d775ff21/element/f.9FA5373B3500B72DA4049E533E67ABAF.d.346AF923D82FE90CCB8F0A28CCBFB3CD.e.10307/click - {}
RESULT: {}
COMMAND: GET /session/eb79c257209da8ba08c59be1d775ff21/screenshot - {}
RESULT: {}
COMMAND: POST /session/eb79c257209da8ba08c59be1d775ff21/element - {"using":"xpath","value":"//div[(text() = 'Standard Entry' or . = 'Standard Entry')]"}
RESULT: {"using":"xpath","value":"//div[(text() = 'Standard Entry' or . = 'Standard Entry')]"}
COMMAND: POST /session/eb79c257209da8ba08c59be1d775ff21/element/f.9FA5373B3500B72DA4049E533E67ABAF.d.346AF923D82FE90CCB8F0A28CCBFB3CD.e.10309/click - {}
RESULT: {}
COMMAND: POST /session/eb79c257209da8ba08c59be1d775ff21/element - {"using":"xpath","value":"//td[6]/div/div/input[1]"}
COMMAND: GET /session/eb79c257209da8ba08c59be1d775ff21/screenshot - {}
RESULT: {"using":"xpath","value":"//td[6]/div/div/input[1]"}
COMMAND: POST /session/eb79c257209da8ba08c59be1d775ff21/element/f.9FA5373B3500B72DA4049E533E67ABAF.d.346AF923D82FE90CCB8F0A28CCBFB3CD.e.10311/click - {}
RESULT: {}
RESULT: {}
COMMAND: POST /session/eb79c257209da8ba08c59be1d775ff21/actions - {"actions":[{"id":"action60","type":"key","parameters":{},"actions":[{"type":"keyDown","value":""},{"type":"pause","duration":10},{"type":"keyUp","value":""}]}]}
COMMAND: GET /session/eb79c257209da8ba08c59be1d775ff21/screenshot - {}
RESULT: {"actions":[{"id":"action60","type":"key","parameters":{},"actions":[{"type":"keyDown","value":""},{"type":"pause","duration":10},{"type":"keyUp","value":""}]}]}
COMMAND: POST /session/eb79c257209da8ba08c59be1d775ff21/element - {"using":"xpath","value":"//td[6]/div/div/input[1]"}
COMMAND: GET /session/eb79c257209da8ba08c59be1d775ff21/screenshot - {}
RESULT: {}
RESULT: {"using":"xpath","value":"//td[6]/div/div/input[1]"}
COMMAND: POST /session/eb79c257209da8ba08c59be1d775ff21/element/f.9FA5373B3500B72DA4049E533E67ABAF.d.346AF923D82FE90CCB8F0A28CCBFB3CD.e.10311/clear - {}
RESULT: {}
RESULT: {}
COMMAND: POST /session/eb79c257209da8ba08c59be1d775ff21/element/f.9FA5373B3500B72DA4049E533E67ABAF.d.346AF923D82FE90CCB8F0A28CCBFB3CD.e.10311/value - {"text":"Material"}
COMMAND: GET /session/eb79c257209da8ba08c59be1d775ff21/screenshot - {}
RESULT: {"text":"Material"}
COMMAND: GET /session/eb79c257209da8ba08c59be1d775ff21/screenshot - {}
RESULT: {}
RESULT: {}
COMMAND: POST /session/eb79c257209da8ba08c59be1d775ff21/actions - {"actions":[{"id":"action61","type":"key","parameters":{},"actions":[{"type":"keyDown","value":""},{"type":"pause","duration":10},{"type":"keyUp","value":""}]}]}
RESULT: {"actions":[{"id":"action61","type":"key","parameters":{},"actions":[{"type":"keyDown","value":""},{"type":"pause","duration":10},{"type":"keyUp","value":""}]}]}
COMMAND: GET /session/eb79c257209da8ba08c59be1d775ff21/screenshot - {}
RESULT: {}
COMMAND: POST /session/eb79c257209da8ba08c59be1d775ff21/actions - {"actions":[{"id":"action62","type":"key","parameters":{},"actions":[{"type":"keyDown","value":""},{"type":"pause","duration":10},{"type":"keyUp","value":""}]}]}
RESULT: {"actions":[{"id":"action62","type":"key","parameters":{},"actions":[{"type":"keyDown","value":""},{"type":"pause","duration":10},{"type":"keyUp","value":""}]}]}
COMMAND: POST /session/eb79c257209da8ba08c59be1d775ff21/element - {"using":"xpath","value":"//td[7]/div/div/input"}
COMMAND: GET /session/eb79c257209da8ba08c59be1d775ff21/screenshot - {}
RESULT: {"using":"xpath","value":"//td[7]/div/div/input"}
COMMAND: POST /session/eb79c257209da8ba08c59be1d775ff21/element/f.9FA5373B3500B72DA4049E533E67ABAF.d.346AF923D82FE90CCB8F0A28CCBFB3CD.e.10324/clear - {}
RESULT: {}
RESULT: {}
COMMAND: POST /session/eb79c257209da8ba08c59be1d775ff21/element/f.9FA5373B3500B72DA4049E533E67ABAF.d.346AF923D82FE90CCB8F0A28CCBFB3CD.e.10324/value - {"text":"WebdriverRUR2C"}
COMMAND: GET /session/eb79c257209da8ba08c59be1d775ff21/screenshot - {}
RESULT: {"text":"WebdriverRUR2C"}
COMMAND: GET /session/eb79c257209da8ba08c59be1d775ff21/screenshot - {}
RESULT: {}
RESULT: {}
COMMAND: POST /session/eb79c257209da8ba08c59be1d775ff21/actions - {"actions":[{"id":"action63","type":"key","parameters":{},"actions":[{"type":"keyDown","value":""},{"type":"pause","duration":10},{"type":"keyUp","value":""}]}]}
RESULT: {"actions":[{"id":"action63","type":"key","parameters":{},"actions":[{"type":"keyDown","value":""},{"type":"pause","duration":10},{"type":"keyUp","value":""}]}]}
COMMAND: GET /session/eb79c257209da8ba08c59be1d775ff21/screenshot - {}
RESULT: {}
COMMAND: POST /session/eb79c257209da8ba08c59be1d775ff21/actions - {"actions":[{"id":"action64","type":"key","parameters":{},"actions":[{"type":"keyDown","value":""},{"type":"pause","duration":10},{"type":"keyUp","value":""}]}]}
RESULT: {"actions":[{"id":"action64","type":"key","parameters":{},"actions":[{"type":"keyDown","value":""},{"type":"pause","duration":10},{"type":"keyUp","value":""}]}]}
COMMAND: GET /session/eb79c257209da8ba08c59be1d775ff21/screenshot - {}
RESULT: {}
COMMAND: POST /session/eb79c257209da8ba08c59be1d775ff21/element - {"using":"xpath","value":"(//button[@data-kt=\"saveButton\"])[2]"}
RESULT: {"using":"xpath","value":"(//button[@data-kt=\"saveButton\"])[2]"}
COMMAND: POST /session/eb79c257209da8ba08c59be1d775ff21/element/f.9FA5373B3500B72DA4049E533E67ABAF.d.346AF923D82FE90CCB8F0A28CCBFB3CD.e.10350/click - {}
RESULT: {}
COMMAND: GET /session/eb79c257209da8ba08c59be1d775ff21/screenshot - {}
RESULT: {}
COMMAND: POST /session/eb79c257209da8ba08c59be1d775ff21/element - {"using":"xpath","value":"//button[contains(@data-kt ,\"contractDetailEditBtnButton\")]"}
RESULT: {"using":"xpath","value":"//button[contains(@data-kt ,\"contractDetailEditBtnButton\")]"}
COMMAND: POST /session/eb79c257209da8ba08c59be1d775ff21/execute/sync - {"script":"<script> [8489 bytes]","args":[{"element-6066-11e4-a52e-4f735466cecf":"f.9FA5373B3500B72DA4049E533E67ABAF.d.346AF923D82FE90CCB8F0A28CCBFB3CD.e.10257","ELEMENT":"f.9FA5373B3500B72DA4049E533E67ABAF.d.346AF923D82FE90CCB8F0A28CCBFB3CD.e.10257"}]}
RESULT: {"script":"<script> [8489 bytes]","args":[{"element-6066-11e4-a52e-4f735466cecf":"f.9FA5373B3500B72DA4049E533E67ABAF.d.346AF923D82FE90CCB8F0A28CCBFB3CD.e.10257","ELEMENT":"f.9FA5373B3500B72DA4049E533E67ABAF.d.346AF923D82FE90CCB8F0A28CCBFB3CD.e.10257"}]}
COMMAND: POST /session/eb79c257209da8ba08c59be1d775ff21/execute/sync - {"script":"<script> [8489 bytes]","args":[{"element-6066-11e4-a52e-4f735466cecf":"f.9FA5373B3500B72DA4049E533E67ABAF.d.346AF923D82FE90CCB8F0A28CCBFB3CD.e.10257","ELEMENT":"f.9FA5373B3500B72DA4049E533E67ABAF.d.346AF923D82FE90CCB8F0A28CCBFB3CD.e.10257"}]}
COMMAND: GET /session/eb79c257209da8ba08c59be1d775ff21/screenshot - {}
RESULT: {"script":"<script> [8489 bytes]","args":[{"element-6066-11e4-a52e-4f735466cecf":"f.9FA5373B3500B72DA4049E533E67ABAF.d.346AF923D82FE90CCB8F0A28CCBFB3CD.e.10257","ELEMENT":"f.9FA5373B3500B72DA4049E533E67ABAF.d.346AF923D82FE90CCB8F0A28CCBFB3CD.e.10257"}]}
COMMAND: POST /session/eb79c257209da8ba08c59be1d775ff21/execute/sync - {"script":"<script> [5351 bytes]","args":[{"element-6066-11e4-a52e-4f735466cecf":"f.9FA5373B3500B72DA4049E533E67ABAF.d.346AF923D82FE90CCB8F0A28CCBFB3CD.e.10257","ELEMENT":"f.9FA5373B3500B72DA4049E533E67ABAF.d.346AF923D82FE90CCB8F0A28CCBFB3CD.e.10257"}]}
COMMAND: GET /session/eb79c257209da8ba08c59be1d775ff21/screenshot - {}
RESULT: {}
RESULT: {"script":"<script> [5351 bytes]","args":[{"element-6066-11e4-a52e-4f735466cecf":"f.9FA5373B3500B72DA4049E533E67ABAF.d.346AF923D82FE90CCB8F0A28CCBFB3CD.e.10257","ELEMENT":"f.9FA5373B3500B72DA4049E533E67ABAF.d.346AF923D82FE90CCB8F0A28CCBFB3CD.e.10257"}]}
COMMAND: POST /session/eb79c257209da8ba08c59be1d775ff21/element - {"using":"xpath","value":"(//span[contains(text(), \"Header Billing Items\")])[1]"}
COMMAND: GET /session/eb79c257209da8ba08c59be1d775ff21/screenshot - {}
RESULT: {}
RESULT: {"using":"xpath","value":"(//span[contains(text(), \"Header Billing Items\")])[1]"}
COMMAND: POST /session/eb79c257209da8ba08c59be1d775ff21/element/f.9FA5373B3500B72DA4049E533E67ABAF.d.346AF923D82FE90CCB8F0A28CCBFB3CD.e.10353/click - {}
RESULT: {}
RESULT: {}
COMMAND: GET /session/eb79c257209da8ba08c59be1d775ff21/screenshot - {}
RESULT: {}
COMMAND: POST /session/eb79c257209da8ba08c59be1d775ff21/execute/async - {"script":"<script> [1562 bytes]","args":[{"selector":{"controlType":"sap.m.Title","viewName":"etm.portal.ui.managecontracts.view.Detail","properties":{"text":"Contract Items (1)"}},"wdio_ui5_key":"etmportal.ui.managecontracts.view.Detailsap.m.Title{\"text\":\"Contract Items (1)\"}"}]}
RESULT: {"script":"<script> [1562 bytes]","args":[{"selector":{"controlType":"sap.m.Title","viewName":"etm.portal.ui.managecontracts.view.Detail","properties":{"text":"Contract Items (1)"}},"wdio_ui5_key":"etmportal.ui.managecontracts.view.Detailsap.m.Title{\"text\":\"Contract Items (1)\"}"}]}
RESULT: undefined
COMMAND: POST /session/eb79c257209da8ba08c59be1d775ff21/execute/async - {"script":"<script> [6424 bytes]","args":[{"element-6066-11e4-a52e-4f735466cecf":"f.9FA5373B3500B72DA4049E533E67ABAF.d.346AF923D82FE90CCB8F0A28CCBFB3CD.e.10355"},"getText",[]]}
RESULT: {"script":"<script> [6424 bytes]","args":[{"element-6066-11e4-a52e-4f735466cecf":"f.9FA5373B3500B72DA4049E533E67ABAF.d.346AF923D82FE90CCB8F0A28CCBFB3CD.e.10355"},"getText",[]]}
COMMAND: POST /session/eb79c257209da8ba08c59be1d775ff21/element - {"using":"xpath","value":"(//span[contains(@class ,\"sapMObjStatusText\")])[1]"}
RESULT: {"using":"xpath","value":"(//span[contains(@class ,\"sapMObjStatusText\")])[1]"}
COMMAND: GET /session/eb79c257209da8ba08c59be1d775ff21/element/f.9FA5373B3500B72DA4049E533E67ABAF.d.346AF923D82FE90CCB8F0A28CCBFB3CD.e.10356/text - {}
RESULT: {}
COMMAND: POST /session/eb79c257209da8ba08c59be1d775ff21/refresh - {}
RESULT: {}
COMMAND: GET /session/eb79c257209da8ba08c59be1d775ff21/screenshot - {}
RESULT: {}
COMMAND: POST /session/eb79c257209da8ba08c59be1d775ff21/execute/async - {"script":"<script> [189 bytes]","args":[]}
RESULT: {"script":"<script> [189 bytes]","args":[]}
COMMAND: POST /session/eb79c257209da8ba08c59be1d775ff21/execute/async - {"script":"<script> [123 bytes]","args":[]}
RESULT: {"script":"<script> [123 bytes]","args":[]}
COMMAND: POST /session/eb79c257209da8ba08c59be1d775ff21/timeouts - {"script":"<number>"}
RESULT: {"script":"<number>"}
COMMAND: GET /session/eb79c257209da8ba08c59be1d775ff21/timeouts - {}
RESULT: {}
RESULT: undefined
COMMAND: POST /session/eb79c257209da8ba08c59be1d775ff21/execute/async - {"script":"<script> [2676 bytes]","args":[]}
RESULT: {"script":"<script> [2676 bytes]","args":[]}
COMMAND: POST /session/eb79c257209da8ba08c59be1d775ff21/execute/async - {"script":"<script> [2342 bytes]","args":[{"protocol":"http","hostname":"0.0.0.0","path":"/","capabilities":{"browserName":"chrome","goog:chromeOptions":{"binary":"C:\\Program Files\\Google\\Chrome\\Application\\chrome.exe","args":["--start-maximized"]}},"logLevel":"warn","connectionRetryTimeout":120000,"connectionRetryCount":3,"logLevels":{},"enableDirectConnect":true,"strictSSL":true,"_":"65 more keys: [\"cacheDir\",\"port\",\"requestedCapabilities\",\"automationProtocol\",\"baseUrl\",\"waitforInterval\",\"waitforTimeout\",\"onReload\",\"beforeCommand\",\"afterCommand\",\"rootDir\",\"specs\",\"suites\",\"exclude\",\"groupLogsByTestSpec\",\"excludeDriverLogs\",\"bail\",\"framework\",\"reporters\",\"services\",\"maxInstances\",\"maxInstancesPerCapability\",\"injectGlobals\",\"filesToWatch\",\"execArgv\",\"runnerEnv\",\"runner\",\"shard\",\"specFileRetries\",\"specFileRetriesDelay\",\"specFileRetriesDeferred\",\"reporterSyncInterval\",\"reporterSyncTimeout\",\"cucumberFeaturesWithLineNumbers\",\"autoCompileOpts\",\"mochaOpts\",\"jasmineOpts\",\"cucumberOpts\",\"onPrepare\",\"onWorkerStart\",\"onWorkerEnd\",\"before\",\"beforeSession\",\"beforeSuite\",\"beforeHook\",\"beforeTest\",\"afterTest\",\"afterHook\",\"afterSuite\",\"afterSession\",\"after\",\"onComplete\",\"beforeAssertion\",\"afterAssertion\",\"beforeFeature\",\"beforeScenario\",\"beforeStep\",\"afterStep\",\"afterScenario\",\"afterFeature\",\"_\",\"suite\",\"$0\",\"ignoredWorkerServices\",\"wdi5\"]"}]}
RESULT: {"script":"<script> [2342 bytes]","args":[{"protocol":"http","hostname":"0.0.0.0","path":"/","capabilities":{"browserName":"chrome","goog:chromeOptions":{"binary":"C:\\Program Files\\Google\\Chrome\\Application\\chrome.exe","args":["--start-maximized"]}},"logLevel":"warn","connectionRetryTimeout":120000,"connectionRetryCount":3,"logLevels":{},"enableDirectConnect":true,"strictSSL":true,"_":"65 more keys: [\"cacheDir\",\"port\",\"requestedCapabilities\",\"automationProtocol\",\"baseUrl\",\"waitforInterval\",\"waitforTimeout\",\"onReload\",\"beforeCommand\",\"afterCommand\",\"rootDir\",\"specs\",\"suites\",\"exclude\",\"groupLogsByTestSpec\",\"excludeDriverLogs\",\"bail\",\"framework\",\"reporters\",\"services\",\"maxInstances\",\"maxInstancesPerCapability\",\"injectGlobals\",\"filesToWatch\",\"execArgv\",\"runnerEnv\",\"runner\",\"shard\",\"specFileRetries\",\"specFileRetriesDelay\",\"specFileRetriesDeferred\",\"reporterSyncInterval\",\"reporterSyncTimeout\",\"cucumberFeaturesWithLineNumbers\",\"autoCompileOpts\",\"mochaOpts\",\"jasmineOpts\",\"cucumberOpts\",\"onPrepare\",\"onWorkerStart\",\"onWorkerEnd\",\"before\",\"beforeSession\",\"beforeSuite\",\"beforeHook\",\"beforeTest\",\"afterTest\",\"afterHook\",\"afterSuite\",\"afterSession\",\"after\",\"onComplete\",\"beforeAssertion\",\"afterAssertion\",\"beforeFeature\",\"beforeScenario\",\"beforeStep\",\"afterStep\",\"afterScenario\",\"afterFeature\",\"_\",\"suite\",\"$0\",\"ignoredWorkerServices\",\"wdi5\"]"}]}
COMMAND: POST /session/eb79c257209da8ba08c59be1d775ff21/execute/async - {"script":"<script> [21126 bytes]","args":[35000]}
RESULT: {"script":"<script> [21126 bytes]","args":[35000]}
COMMAND: POST /session/eb79c257209da8ba08c59be1d775ff21/element - {"using":"css selector","value":"#shell-header-logo"}
RESULT: {"using":"css selector","value":"#shell-header-logo"}
COMMAND: POST /session/eb79c257209da8ba08c59be1d775ff21/element/f.9FA5373B3500B72DA4049E533E67ABAF.d.AFB35A0257BACE9445FB3E7061D7EF15.e.10361/click - {}
RESULT: {}
COMMAND: GET /session/eb79c257209da8ba08c59be1d775ff21/screenshot - {}
RESULT: {}
]]></system-out>
    </testcase>
  </testsuite>
  <testsuite timestamp="2025-05-24T18:22:32" time="1518.823" tests="7" failures="0" errors="0" skipped="0">
    <properties>
      <property name="specId" value="0"/>
      <property name="suiteName" value="E2E - Logistical and commercial statuses"/>
      <property name="capabilities" value="chrome.136_0_7103_93.windows"/>
      <property name="file" value="file:///D:/a/1/s/test/specs/R2C/E2E-Logistical-and-commercial-status.spec.js"/>
    </properties>
    <testcase classname="chrome.136_0_7103_93.windows.E2E_-_Logistical_and_commercial_statuses" name="Should create prerequisites yard partner and site" time="311.013">
      <system-out><![CDATA[
COMMAND: POST /session/eb79c257209da8ba08c59be1d775ff21/execute/async - {"script":"<script> [1562 bytes]","args":[{"selector":{"controlType":"sap.m.GenericTile","properties":{"header":"Manage Yards"}},"wdio_ui5_key":"sapm.GenericTile{\"header\":\"Manage Yards\"}"}]}
RESULT: {"script":"<script> [1562 bytes]","args":[{"selector":{"controlType":"sap.m.GenericTile","properties":{"header":"Manage Yards"}},"wdio_ui5_key":"sapm.GenericTile{\"header\":\"Manage Yards\"}"}]}
RESULT: undefined
COMMAND: POST /session/eb79c257209da8ba08c59be1d775ff21/element - {"using":"xpath","value":"//*[@id=\"__tile41\"]"}
RESULT: {"using":"xpath","value":"//*[@id=\"__tile41\"]"}
COMMAND: POST /session/eb79c257209da8ba08c59be1d775ff21/element/f.9FA5373B3500B72DA4049E533E67ABAF.d.AFB35A0257BACE9445FB3E7061D7EF15.e.10589/click - {}
RESULT: {}
COMMAND: GET /session/eb79c257209da8ba08c59be1d775ff21/screenshot - {}
RESULT: {}
COMMAND: POST /session/eb79c257209da8ba08c59be1d775ff21/elements - {"using":"xpath","value":"//span[text()='Error']"}
RESULT: {"using":"xpath","value":"//span[text()='Error']"}
COMMAND: POST /session/eb79c257209da8ba08c59be1d775ff21/execute/async - {"script":"<script> [1562 bytes]","args":[{"selector":{"controlType":"sap.ui.core.Icon","viewName":"etm.portal.ui.manageyards.view.Master","viewId":"application-manageyards-display-component---masterYard","properties":{"src":{"regex":{"source":"add"}}}},"wdio_ui5_key":"etmportal.ui.manageyards.view.Mastersap.ui.core.Icon{\"src\":{\"regex\":{\"source\":\"add\"}}}"}]}
RESULT: {"script":"<script> [1562 bytes]","args":[{"selector":{"controlType":"sap.ui.core.Icon","viewName":"etm.portal.ui.manageyards.view.Master","viewId":"application-manageyards-display-component---masterYard","properties":{"src":{"regex":{"source":"add"}}}},"wdio_ui5_key":"etmportal.ui.manageyards.view.Mastersap.ui.core.Icon{\"src\":{\"regex\":{\"source\":\"add\"}}}"}]}
RESULT: undefined
COMMAND: POST /session/eb79c257209da8ba08c59be1d775ff21/element - {"using":"xpath","value":"//*[@id=\"__button14-img\"]"}
RESULT: {"using":"xpath","value":"//*[@id=\"__button14-img\"]"}
COMMAND: POST /session/eb79c257209da8ba08c59be1d775ff21/element/f.9FA5373B3500B72DA4049E533E67ABAF.d.AFB35A0257BACE9445FB3E7061D7EF15.e.10738/click - {}
RESULT: {}
COMMAND: GET /session/eb79c257209da8ba08c59be1d775ff21/screenshot - {}
RESULT: {}
COMMAND: POST /session/eb79c257209da8ba08c59be1d775ff21/execute/async - {"script":"<script> [1562 bytes]","args":[{"selector":{"id":"application-manageyards-display-component---NewYard--yardId","interaction":{"idSuffix":"inner"}},"wdio_ui5_key":"applicationmanageyards-display-component---NewYard--yardId"}]}
RESULT: {"script":"<script> [1562 bytes]","args":[{"selector":{"id":"application-manageyards-display-component---NewYard--yardId","interaction":{"idSuffix":"inner"}},"wdio_ui5_key":"applicationmanageyards-display-component---NewYard--yardId"}]}
RESULT: undefined
COMMAND: POST /session/eb79c257209da8ba08c59be1d775ff21/element - {"using":"xpath","value":"//*[@id=\"application-manageyards-display-component---NewYard--addressDetailDetailsName1-inner\"]"}
RESULT: {"using":"xpath","value":"//*[@id=\"application-manageyards-display-component---NewYard--addressDetailDetailsName1-inner\"]"}
COMMAND: POST /session/eb79c257209da8ba08c59be1d775ff21/element/f.9FA5373B3500B72DA4049E533E67ABAF.d.AFB35A0257BACE9445FB3E7061D7EF15.e.11063/clear - {}
RESULT: {}
COMMAND: POST /session/eb79c257209da8ba08c59be1d775ff21/element/f.9FA5373B3500B72DA4049E533E67ABAF.d.AFB35A0257BACE9445FB3E7061D7EF15.e.11063/value - {"text":"WebdriverYard2gexg"}
COMMAND: GET /session/eb79c257209da8ba08c59be1d775ff21/screenshot - {}
RESULT: {"text":"WebdriverYard2gexg"}
COMMAND: POST /session/eb79c257209da8ba08c59be1d775ff21/element - {"using":"xpath","value":"//*[@id=\"application-manageyards-display-component---NewYard--addressDetailDetailsLanguage-inner\"]"}
COMMAND: GET /session/eb79c257209da8ba08c59be1d775ff21/screenshot - {}
RESULT: {}
RESULT: {"using":"xpath","value":"//*[@id=\"application-manageyards-display-component---NewYard--addressDetailDetailsLanguage-inner\"]"}
COMMAND: POST /session/eb79c257209da8ba08c59be1d775ff21/element/f.9FA5373B3500B72DA4049E533E67ABAF.d.AFB35A0257BACE9445FB3E7061D7EF15.e.11064/clear - {}
RESULT: {}
RESULT: {}
COMMAND: POST /session/eb79c257209da8ba08c59be1d775ff21/element/f.9FA5373B3500B72DA4049E533E67ABAF.d.AFB35A0257BACE9445FB3E7061D7EF15.e.11064/value - {"text":"Romanian"}
COMMAND: GET /session/eb79c257209da8ba08c59be1d775ff21/screenshot - {}
RESULT: {"text":"Romanian"}
COMMAND: POST /session/eb79c257209da8ba08c59be1d775ff21/element - {"using":"xpath","value":"//input[contains(@id ,\"application-manageyards-display-component---NewYard--addressDetailDetailsName1-inner\")]"}
COMMAND: GET /session/eb79c257209da8ba08c59be1d775ff21/screenshot - {}
RESULT: {}
RESULT: {"using":"xpath","value":"//input[contains(@id ,\"application-manageyards-display-component---NewYard--addressDetailDetailsName1-inner\")]"}
COMMAND: GET /session/eb79c257209da8ba08c59be1d775ff21/element/f.9FA5373B3500B72DA4049E533E67ABAF.d.AFB35A0257BACE9445FB3E7061D7EF15.e.11063/property/value - {}
RESULT: {}
RESULT: {}
COMMAND: GET /session/eb79c257209da8ba08c59be1d775ff21/screenshot - {}
RESULT: {}
COMMAND: POST /session/eb79c257209da8ba08c59be1d775ff21/element - {"using":"xpath","value":"//*[@id=\"application-manageyards-display-component---NewYard--addressDetailDetailsCity1-inner\"]"}
RESULT: {"using":"xpath","value":"//*[@id=\"application-manageyards-display-component---NewYard--addressDetailDetailsCity1-inner\"]"}
COMMAND: POST /session/eb79c257209da8ba08c59be1d775ff21/element/f.9FA5373B3500B72DA4049E533E67ABAF.d.AFB35A0257BACE9445FB3E7061D7EF15.e.11066/clear - {}
RESULT: {}
COMMAND: POST /session/eb79c257209da8ba08c59be1d775ff21/element/f.9FA5373B3500B72DA4049E533E67ABAF.d.AFB35A0257BACE9445FB3E7061D7EF15.e.11066/value - {"text":"Bucuresti"}
COMMAND: GET /session/eb79c257209da8ba08c59be1d775ff21/screenshot - {}
RESULT: {"text":"Bucuresti"}
COMMAND: GET /session/eb79c257209da8ba08c59be1d775ff21/screenshot - {}
RESULT: {}
RESULT: {}
COMMAND: POST /session/eb79c257209da8ba08c59be1d775ff21/element - {"using":"xpath","value":"//*[@id=\"application-manageyards-display-component---NewYard--addressDetailDetailsCountry-inner\"]"}
RESULT: {"using":"xpath","value":"//*[@id=\"application-manageyards-display-component---NewYard--addressDetailDetailsCountry-inner\"]"}
COMMAND: POST /session/eb79c257209da8ba08c59be1d775ff21/element/f.9FA5373B3500B72DA4049E533E67ABAF.d.AFB35A0257BACE9445FB3E7061D7EF15.e.11070/clear - {}
RESULT: {}
COMMAND: POST /session/eb79c257209da8ba08c59be1d775ff21/element/f.9FA5373B3500B72DA4049E533E67ABAF.d.AFB35A0257BACE9445FB3E7061D7EF15.e.11070/value - {"text":"Romania"}
COMMAND: GET /session/eb79c257209da8ba08c59be1d775ff21/screenshot - {}
RESULT: {"text":"Romania"}
COMMAND: GET /session/eb79c257209da8ba08c59be1d775ff21/screenshot - {}
RESULT: {}
RESULT: {}
COMMAND: POST /session/eb79c257209da8ba08c59be1d775ff21/element - {"using":"xpath","value":"//div[contains(text(), \"Commercial\")]"}
RESULT: {"using":"xpath","value":"//div[contains(text(), \"Commercial\")]"}
COMMAND: GET /session/eb79c257209da8ba08c59be1d775ff21/element/f.9FA5373B3500B72DA4049E533E67ABAF.d.AFB35A0257BACE9445FB3E7061D7EF15.e.11240/rect - {}
RESULT: {}
COMMAND: GET /session/eb79c257209da8ba08c59be1d775ff21/window/rect - {}
RESULT: {}
COMMAND: POST /session/eb79c257209da8ba08c59be1d775ff21/execute/sync - {"script":"<script> [92 bytes]","args":[]}
RESULT: {"script":"<script> [92 bytes]","args":[]}
COMMAND: POST /session/eb79c257209da8ba08c59be1d775ff21/actions - {"actions":[{"id":"action65","type":"wheel","parameters":{},"actions":[{"type":"scroll","x":-1841,"y":-44,"deltaX":0,"deltaY":0,"duration":0,"origin":{"element-6066-11e4-a52e-4f735466cecf":"f.9FA5373B3500B72DA4049E533E67ABAF.d.AFB35A0257BACE9445FB3E7061D7EF15.e.11240"}}]}]}
COMMAND: GET /session/eb79c257209da8ba08c59be1d775ff21/screenshot - {}
RESULT: {}
COMMAND: POST /session/eb79c257209da8ba08c59be1d775ff21/execute/sync - {"script":"<script> [79 bytes]","args":[{"element-6066-11e4-a52e-4f735466cecf":"f.9FA5373B3500B72DA4049E533E67ABAF.d.AFB35A0257BACE9445FB3E7061D7EF15.e.11240","ELEMENT":"f.9FA5373B3500B72DA4049E533E67ABAF.d.AFB35A0257BACE9445FB3E7061D7EF15.e.11240"},{"block":"start","inline":"nearest"}]}
RESULT: {"script":"<script> [79 bytes]","args":[{"element-6066-11e4-a52e-4f735466cecf":"f.9FA5373B3500B72DA4049E533E67ABAF.d.AFB35A0257BACE9445FB3E7061D7EF15.e.11240","ELEMENT":"f.9FA5373B3500B72DA4049E533E67ABAF.d.AFB35A0257BACE9445FB3E7061D7EF15.e.11240"},{"block":"start","inline":"nearest"}]}
COMMAND: GET /session/eb79c257209da8ba08c59be1d775ff21/screenshot - {}
COMMAND: POST /session/eb79c257209da8ba08c59be1d775ff21/execute/async - {"script":"<script> [1562 bytes]","args":[{"selector":{"id":"application-manageyards-display-component---NewYard--addressEditDetailsCostObjectCstType-arrow"},"wdio_ui5_key":"applicationmanageyards-display-component---NewYard--addressEditDetailsCostObjectCstType-arrow"}]}
RESULT: {}
RESULT: {"script":"<script> [1562 bytes]","args":[{"selector":{"id":"application-manageyards-display-component---NewYard--addressEditDetailsCostObjectCstType-arrow"},"wdio_ui5_key":"applicationmanageyards-display-component---NewYard--addressEditDetailsCostObjectCstType-arrow"}]}
RESULT: undefined
COMMAND: POST /session/eb79c257209da8ba08c59be1d775ff21/element - {"using":"xpath","value":"//*[@id=\"application-manageyards-display-component---NewYard--addressEditDetailsCostObjectCstType-arrow\"]"}
RESULT: {"using":"xpath","value":"//*[@id=\"application-manageyards-display-component---NewYard--addressEditDetailsCostObjectCstType-arrow\"]"}
COMMAND: POST /session/eb79c257209da8ba08c59be1d775ff21/element/f.9FA5373B3500B72DA4049E533E67ABAF.d.AFB35A0257BACE9445FB3E7061D7EF15.e.11248/click - {}
RESULT: {}
COMMAND: POST /session/eb79c257209da8ba08c59be1d775ff21/element - {"using":"xpath","value":"//span[contains(text(), \"Cost Center\")]"}
COMMAND: GET /session/eb79c257209da8ba08c59be1d775ff21/screenshot - {}
RESULT: {"using":"xpath","value":"//span[contains(text(), \"Cost Center\")]"}
COMMAND: POST /session/eb79c257209da8ba08c59be1d775ff21/element/f.9FA5373B3500B72DA4049E533E67ABAF.d.AFB35A0257BACE9445FB3E7061D7EF15.e.11249/click - {}
RESULT: {}
RESULT: {}
COMMAND: GET /session/eb79c257209da8ba08c59be1d775ff21/screenshot - {}
RESULT: {}
COMMAND: POST /session/eb79c257209da8ba08c59be1d775ff21/execute/async - {"script":"<script> [1562 bytes]","args":[{"selector":{"id":"application-manageyards-display-component---NewYard--addressNewCostObjectCstID-vhi"},"wdio_ui5_key":"applicationmanageyards-display-component---NewYard--addressNewCostObjectCstID-vhi"}]}
RESULT: {"script":"<script> [1562 bytes]","args":[{"selector":{"id":"application-manageyards-display-component---NewYard--addressNewCostObjectCstID-vhi"},"wdio_ui5_key":"applicationmanageyards-display-component---NewYard--addressNewCostObjectCstID-vhi"}]}
RESULT: undefined
COMMAND: POST /session/eb79c257209da8ba08c59be1d775ff21/element - {"using":"xpath","value":"//*[@id=\"application-manageyards-display-component---NewYard--addressNewCostObjectCstID-vhi\"]"}
RESULT: {"using":"xpath","value":"//*[@id=\"application-manageyards-display-component---NewYard--addressNewCostObjectCstID-vhi\"]"}
COMMAND: POST /session/eb79c257209da8ba08c59be1d775ff21/element/f.9FA5373B3500B72DA4049E533E67ABAF.d.AFB35A0257BACE9445FB3E7061D7EF15.e.11253/click - {}
RESULT: {}
COMMAND: GET /session/eb79c257209da8ba08c59be1d775ff21/screenshot - {}
RESULT: {}
COMMAND: POST /session/eb79c257209da8ba08c59be1d775ff21/execute/async - {"script":"<script> [1562 bytes]","args":[{"selector":{"controlType":"sap.m.SearchField","properties":{"placeholder":"Search"},"searchOpenDialogs":true,"interaction":{"idSuffix":"I"}},"wdio_ui5_key":"sapm.SearchField{\"placeholder\":\"Search\"}"}]}
RESULT: {"script":"<script> [1562 bytes]","args":[{"selector":{"controlType":"sap.m.SearchField","properties":{"placeholder":"Search"},"searchOpenDialogs":true,"interaction":{"idSuffix":"I"}},"wdio_ui5_key":"sapm.SearchField{\"placeholder\":\"Search\"}"}]}
RESULT: undefined
COMMAND: POST /session/eb79c257209da8ba08c59be1d775ff21/execute/async - {"script":"<script> [776 bytes]","args":[{"enterText":"10001013","selector":{"controlType":"sap.m.SearchField","properties":{"placeholder":"Search"},"searchOpenDialogs":true,"interaction":{"idSuffix":"I"}},"clearTextFirst":true,"interactionType":"ENTER_TEXT"}]}
RESULT: {"script":"<script> [776 bytes]","args":[{"enterText":"10001013","selector":{"controlType":"sap.m.SearchField","properties":{"placeholder":"Search"},"searchOpenDialogs":true,"interaction":{"idSuffix":"I"}},"clearTextFirst":true,"interactionType":"ENTER_TEXT"}]}
COMMAND: POST /session/eb79c257209da8ba08c59be1d775ff21/actions - {"actions":[{"id":"action66","type":"key","parameters":{},"actions":[{"type":"keyDown","value":""},{"type":"pause","duration":10},{"type":"keyUp","value":""}]}]}
RESULT: {"actions":[{"id":"action66","type":"key","parameters":{},"actions":[{"type":"keyDown","value":""},{"type":"pause","duration":10},{"type":"keyUp","value":""}]}]}
COMMAND: GET /session/eb79c257209da8ba08c59be1d775ff21/screenshot - {}
RESULT: {}
COMMAND: POST /session/eb79c257209da8ba08c59be1d775ff21/element - {"using":"xpath","value":"//span[contains(text(), \"General Management\")]"}
RESULT: {"using":"xpath","value":"//span[contains(text(), \"General Management\")]"}
COMMAND: POST /session/eb79c257209da8ba08c59be1d775ff21/element/f.9FA5373B3500B72DA4049E533E67ABAF.d.AFB35A0257BACE9445FB3E7061D7EF15.e.11294/click - {}
RESULT: {}
COMMAND: GET /session/eb79c257209da8ba08c59be1d775ff21/screenshot - {}
RESULT: {}
COMMAND: POST /session/eb79c257209da8ba08c59be1d775ff21/element - {"using":"xpath","value":"//bdi[contains(text(), \"OK\")]"}
RESULT: {"using":"xpath","value":"//bdi[contains(text(), \"OK\")]"}
COMMAND: POST /session/eb79c257209da8ba08c59be1d775ff21/element/f.9FA5373B3500B72DA4049E533E67ABAF.d.AFB35A0257BACE9445FB3E7061D7EF15.e.11295/click - {}
RESULT: {}
COMMAND: GET /session/eb79c257209da8ba08c59be1d775ff21/screenshot - {}
RESULT: {}
COMMAND: POST /session/eb79c257209da8ba08c59be1d775ff21/execute/async - {"script":"<script> [1562 bytes]","args":[{"selector":{"controlType":"sap.m.Button","viewName":"etm.portal.ui.manageyards.view.New","viewId":"application-manageyards-display-component---NewYard","i18NText":{"propertyName":"text","key":"save"},"interaction":{"idSuffix":"inner"}},"wdio_ui5_key":"etmportal.ui.manageyards.view.Newsap.m.Button{\"propertyName\":\"text\",\"key\":\"save\"}"}]}
RESULT: {"script":"<script> [1562 bytes]","args":[{"selector":{"controlType":"sap.m.Button","viewName":"etm.portal.ui.manageyards.view.New","viewId":"application-manageyards-display-component---NewYard","i18NText":{"propertyName":"text","key":"save"},"interaction":{"idSuffix":"inner"}},"wdio_ui5_key":"etmportal.ui.manageyards.view.Newsap.m.Button{\"propertyName\":\"text\",\"key\":\"save\"}"}]}
RESULT: undefined
COMMAND: POST /session/eb79c257209da8ba08c59be1d775ff21/element - {"using":"xpath","value":"//*[@id=\"__button28\"]"}
RESULT: {"using":"xpath","value":"//*[@id=\"__button28\"]"}
COMMAND: POST /session/eb79c257209da8ba08c59be1d775ff21/element/f.9FA5373B3500B72DA4049E533E67ABAF.d.AFB35A0257BACE9445FB3E7061D7EF15.e.11228/click - {}
RESULT: {}
COMMAND: GET /session/eb79c257209da8ba08c59be1d775ff21/screenshot - {}
RESULT: {}
COMMAND: POST /session/eb79c257209da8ba08c59be1d775ff21/element - {"using":"xpath","value":"//header/div/div[2]/div[2]/span"}
RESULT: {"using":"xpath","value":"//header/div/div[2]/div[2]/span"}
COMMAND: GET /session/eb79c257209da8ba08c59be1d775ff21/element/f.9FA5373B3500B72DA4049E533E67ABAF.d.AFB35A0257BACE9445FB3E7061D7EF15.e.11490/text - {}
RESULT: {}
COMMAND: POST /session/eb79c257209da8ba08c59be1d775ff21/execute/async - {"script":"<script> [1562 bytes]","args":[{"selector":{"controlType":"sap.m.OverflowToolbarButton","viewName":"etm.portal.ui.manageyards.view.Detail","viewId":"application-manageyards-display-component---detailYard","i18NText":{"propertyName":"tooltip","key":"closeColumn"},"interaction":{"idSuffix":"inner"}},"wdio_ui5_key":"etmportal.ui.manageyards.view.Detailsap.m.OverflowToolbarButton{\"propertyName\":\"tooltip\",\"key\":\"closeColumn\"}"}]}
RESULT: {"script":"<script> [1562 bytes]","args":[{"selector":{"controlType":"sap.m.OverflowToolbarButton","viewName":"etm.portal.ui.manageyards.view.Detail","viewId":"application-manageyards-display-component---detailYard","i18NText":{"propertyName":"tooltip","key":"closeColumn"},"interaction":{"idSuffix":"inner"}},"wdio_ui5_key":"etmportal.ui.manageyards.view.Detailsap.m.OverflowToolbarButton{\"propertyName\":\"tooltip\",\"key\":\"closeColumn\"}"}]}
RESULT: undefined
COMMAND: POST /session/eb79c257209da8ba08c59be1d775ff21/element - {"using":"xpath","value":"//*[@id=\"__button52\"]"}
RESULT: {"using":"xpath","value":"//*[@id=\"__button52\"]"}
COMMAND: POST /session/eb79c257209da8ba08c59be1d775ff21/element/f.9FA5373B3500B72DA4049E533E67ABAF.d.AFB35A0257BACE9445FB3E7061D7EF15.e.11492/click - {}
RESULT: {}
COMMAND: GET /session/eb79c257209da8ba08c59be1d775ff21/screenshot - {}
RESULT: {}
COMMAND: POST /session/eb79c257209da8ba08c59be1d775ff21/element - {"using":"css selector","value":"#shell-header-logo"}
RESULT: {"using":"css selector","value":"#shell-header-logo"}
COMMAND: POST /session/eb79c257209da8ba08c59be1d775ff21/element/f.9FA5373B3500B72DA4049E533E67ABAF.d.AFB35A0257BACE9445FB3E7061D7EF15.e.10599/click - {}
RESULT: {}
COMMAND: GET /session/eb79c257209da8ba08c59be1d775ff21/screenshot - {}
RESULT: {}
COMMAND: POST /session/eb79c257209da8ba08c59be1d775ff21/refresh - {}
RESULT: {}
COMMAND: GET /session/eb79c257209da8ba08c59be1d775ff21/screenshot - {}
RESULT: {}
COMMAND: POST /session/eb79c257209da8ba08c59be1d775ff21/execute/async - {"script":"<script> [189 bytes]","args":[]}
RESULT: {"script":"<script> [189 bytes]","args":[]}
COMMAND: POST /session/eb79c257209da8ba08c59be1d775ff21/execute/async - {"script":"<script> [123 bytes]","args":[]}
RESULT: {"script":"<script> [123 bytes]","args":[]}
COMMAND: POST /session/eb79c257209da8ba08c59be1d775ff21/timeouts - {"script":"<number>"}
RESULT: {"script":"<number>"}
COMMAND: GET /session/eb79c257209da8ba08c59be1d775ff21/timeouts - {}
RESULT: {}
RESULT: undefined
COMMAND: POST /session/eb79c257209da8ba08c59be1d775ff21/execute/async - {"script":"<script> [2676 bytes]","args":[]}
RESULT: {"script":"<script> [2676 bytes]","args":[]}
COMMAND: POST /session/eb79c257209da8ba08c59be1d775ff21/execute/async - {"script":"<script> [2342 bytes]","args":[{"protocol":"http","hostname":"0.0.0.0","path":"/","capabilities":{"browserName":"chrome","goog:chromeOptions":{"binary":"C:\\Program Files\\Google\\Chrome\\Application\\chrome.exe","args":["--start-maximized"]}},"logLevel":"warn","connectionRetryTimeout":120000,"connectionRetryCount":3,"logLevels":{},"enableDirectConnect":true,"strictSSL":true,"_":"65 more keys: [\"cacheDir\",\"port\",\"requestedCapabilities\",\"automationProtocol\",\"baseUrl\",\"waitforInterval\",\"waitforTimeout\",\"onReload\",\"beforeCommand\",\"afterCommand\",\"rootDir\",\"specs\",\"suites\",\"exclude\",\"groupLogsByTestSpec\",\"excludeDriverLogs\",\"bail\",\"framework\",\"reporters\",\"services\",\"maxInstances\",\"maxInstancesPerCapability\",\"injectGlobals\",\"filesToWatch\",\"execArgv\",\"runnerEnv\",\"runner\",\"shard\",\"specFileRetries\",\"specFileRetriesDelay\",\"specFileRetriesDeferred\",\"reporterSyncInterval\",\"reporterSyncTimeout\",\"cucumberFeaturesWithLineNumbers\",\"autoCompileOpts\",\"mochaOpts\",\"jasmineOpts\",\"cucumberOpts\",\"onPrepare\",\"onWorkerStart\",\"onWorkerEnd\",\"before\",\"beforeSession\",\"beforeSuite\",\"beforeHook\",\"beforeTest\",\"afterTest\",\"afterHook\",\"afterSuite\",\"afterSession\",\"after\",\"onComplete\",\"beforeAssertion\",\"afterAssertion\",\"beforeFeature\",\"beforeScenario\",\"beforeStep\",\"afterStep\",\"afterScenario\",\"afterFeature\",\"_\",\"suite\",\"$0\",\"ignoredWorkerServices\",\"wdi5\"]"}]}
RESULT: {"script":"<script> [2342 bytes]","args":[{"protocol":"http","hostname":"0.0.0.0","path":"/","capabilities":{"browserName":"chrome","goog:chromeOptions":{"binary":"C:\\Program Files\\Google\\Chrome\\Application\\chrome.exe","args":["--start-maximized"]}},"logLevel":"warn","connectionRetryTimeout":120000,"connectionRetryCount":3,"logLevels":{},"enableDirectConnect":true,"strictSSL":true,"_":"65 more keys: [\"cacheDir\",\"port\",\"requestedCapabilities\",\"automationProtocol\",\"baseUrl\",\"waitforInterval\",\"waitforTimeout\",\"onReload\",\"beforeCommand\",\"afterCommand\",\"rootDir\",\"specs\",\"suites\",\"exclude\",\"groupLogsByTestSpec\",\"excludeDriverLogs\",\"bail\",\"framework\",\"reporters\",\"services\",\"maxInstances\",\"maxInstancesPerCapability\",\"injectGlobals\",\"filesToWatch\",\"execArgv\",\"runnerEnv\",\"runner\",\"shard\",\"specFileRetries\",\"specFileRetriesDelay\",\"specFileRetriesDeferred\",\"reporterSyncInterval\",\"reporterSyncTimeout\",\"cucumberFeaturesWithLineNumbers\",\"autoCompileOpts\",\"mochaOpts\",\"jasmineOpts\",\"cucumberOpts\",\"onPrepare\",\"onWorkerStart\",\"onWorkerEnd\",\"before\",\"beforeSession\",\"beforeSuite\",\"beforeHook\",\"beforeTest\",\"afterTest\",\"afterHook\",\"afterSuite\",\"afterSession\",\"after\",\"onComplete\",\"beforeAssertion\",\"afterAssertion\",\"beforeFeature\",\"beforeScenario\",\"beforeStep\",\"afterStep\",\"afterScenario\",\"afterFeature\",\"_\",\"suite\",\"$0\",\"ignoredWorkerServices\",\"wdi5\"]"}]}
COMMAND: POST /session/eb79c257209da8ba08c59be1d775ff21/execute/async - {"script":"<script> [21126 bytes]","args":[35000]}
RESULT: {"script":"<script> [21126 bytes]","args":[35000]}
COMMAND: POST /session/eb79c257209da8ba08c59be1d775ff21/execute/async - {"script":"<script> [1562 bytes]","args":[{"selector":{"controlType":"sap.m.GenericTile","properties":{"header":"Manage Partners"}},"wdio_ui5_key":"sapm.GenericTile{\"header\":\"Manage Partners\"}"}]}
RESULT: {"script":"<script> [1562 bytes]","args":[{"selector":{"controlType":"sap.m.GenericTile","properties":{"header":"Manage Partners"}},"wdio_ui5_key":"sapm.GenericTile{\"header\":\"Manage Partners\"}"}]}
RESULT: undefined
COMMAND: POST /session/eb79c257209da8ba08c59be1d775ff21/element - {"using":"xpath","value":"//*[@id=\"__tile38\"]"}
RESULT: {"using":"xpath","value":"//*[@id=\"__tile38\"]"}
COMMAND: POST /session/eb79c257209da8ba08c59be1d775ff21/element/f.9FA5373B3500B72DA4049E533E67ABAF.d.8481EA861D0EC46E52BD70A0E7CB7F7F.e.11852/click - {}
RESULT: {}
COMMAND: GET /session/eb79c257209da8ba08c59be1d775ff21/screenshot - {}
RESULT: {}
COMMAND: POST /session/eb79c257209da8ba08c59be1d775ff21/elements - {"using":"xpath","value":"//span[text()='Error']"}
RESULT: {"using":"xpath","value":"//span[text()='Error']"}
COMMAND: POST /session/eb79c257209da8ba08c59be1d775ff21/execute/async - {"script":"<script> [1562 bytes]","args":[{"selector":{"controlType":"sap.ui.core.Icon","viewName":"etm.portal.ui.managepartners.view.Master","viewId":"application-managepartners-display-component---masterPtm","properties":{"src":{"regex":{"source":"add"}}}},"wdio_ui5_key":"etmportal.ui.managepartners.view.Mastersap.ui.core.Icon{\"src\":{\"regex\":{\"source\":\"add\"}}}"}]}
RESULT: {"script":"<script> [1562 bytes]","args":[{"selector":{"controlType":"sap.ui.core.Icon","viewName":"etm.portal.ui.managepartners.view.Master","viewId":"application-managepartners-display-component---masterPtm","properties":{"src":{"regex":{"source":"add"}}}},"wdio_ui5_key":"etmportal.ui.managepartners.view.Mastersap.ui.core.Icon{\"src\":{\"regex\":{\"source\":\"add\"}}}"}]}
RESULT: undefined
COMMAND: POST /session/eb79c257209da8ba08c59be1d775ff21/element - {"using":"xpath","value":"//*[@id=\"__button4-img\"]"}
RESULT: {"using":"xpath","value":"//*[@id=\"__button4-img\"]"}
COMMAND: POST /session/eb79c257209da8ba08c59be1d775ff21/element/f.9FA5373B3500B72DA4049E533E67ABAF.d.8481EA861D0EC46E52BD70A0E7CB7F7F.e.11902/click - {}
RESULT: {}
COMMAND: GET /session/eb79c257209da8ba08c59be1d775ff21/screenshot - {}
COMMAND: POST /session/eb79c257209da8ba08c59be1d775ff21/execute/async - {"script":"<script> [1562 bytes]","args":[{"selector":{"id":"application-managepartners-display-component---NewPartner--partnerId","interaction":{"idSuffix":"inner"}},"wdio_ui5_key":"applicationmanagepartners-display-component---NewPartner--partnerId"}]}
RESULT: {}
RESULT: {"script":"<script> [1562 bytes]","args":[{"selector":{"id":"application-managepartners-display-component---NewPartner--partnerId","interaction":{"idSuffix":"inner"}},"wdio_ui5_key":"applicationmanagepartners-display-component---NewPartner--partnerId"}]}
RESULT: undefined
COMMAND: POST /session/eb79c257209da8ba08c59be1d775ff21/execute/async - {"script":"<script> [1562 bytes]","args":[{"selector":{"id":"application-managepartners-display-component---NewPartner--addressDetailDetailsName1","interaction":{"idSuffix":"inner"}},"wdio_ui5_key":"applicationmanagepartners-display-component---NewPartner--addressDetailDetailsName1"}]}
RESULT: {"script":"<script> [1562 bytes]","args":[{"selector":{"id":"application-managepartners-display-component---NewPartner--addressDetailDetailsName1","interaction":{"idSuffix":"inner"}},"wdio_ui5_key":"applicationmanagepartners-display-component---NewPartner--addressDetailDetailsName1"}]}
RESULT: undefined
COMMAND: POST /session/eb79c257209da8ba08c59be1d775ff21/execute/async - {"script":"<script> [776 bytes]","args":[{"enterText":"WebdriverPartnerd2xhqh","selector":{"id":"application-managepartners-display-component---NewPartner--addressDetailDetailsName1","interaction":{"idSuffix":"inner"}},"clearTextFirst":true,"interactionType":"ENTER_TEXT"}]}
RESULT: {"script":"<script> [776 bytes]","args":[{"enterText":"WebdriverPartnerd2xhqh","selector":{"id":"application-managepartners-display-component---NewPartner--addressDetailDetailsName1","interaction":{"idSuffix":"inner"}},"clearTextFirst":true,"interactionType":"ENTER_TEXT"}]}
COMMAND: POST /session/eb79c257209da8ba08c59be1d775ff21/execute/async - {"script":"<script> [1562 bytes]","args":[{"selector":{"id":"application-managepartners-display-component---NewPartner--addressDetailDetailsLanguage","interaction":{"idSuffix":"inner"}},"wdio_ui5_key":"applicationmanagepartners-display-component---NewPartner--addressDetailDetailsLanguage"}]}
RESULT: {"script":"<script> [1562 bytes]","args":[{"selector":{"id":"application-managepartners-display-component---NewPartner--addressDetailDetailsLanguage","interaction":{"idSuffix":"inner"}},"wdio_ui5_key":"applicationmanagepartners-display-component---NewPartner--addressDetailDetailsLanguage"}]}
RESULT: undefined
COMMAND: POST /session/eb79c257209da8ba08c59be1d775ff21/execute/async - {"script":"<script> [776 bytes]","args":[{"enterText":"Romanian","selector":{"id":"application-managepartners-display-component---NewPartner--addressDetailDetailsLanguage","interaction":{"idSuffix":"inner"}},"clearTextFirst":true,"interactionType":"ENTER_TEXT"}]}
RESULT: {"script":"<script> [776 bytes]","args":[{"enterText":"Romanian","selector":{"id":"application-managepartners-display-component---NewPartner--addressDetailDetailsLanguage","interaction":{"idSuffix":"inner"}},"clearTextFirst":true,"interactionType":"ENTER_TEXT"}]}
COMMAND: POST /session/eb79c257209da8ba08c59be1d775ff21/element - {"using":"xpath","value":"//input[contains(@id ,\"application-managepartners-display-component---NewPartner--addressDetailDetailsName1-inner\")]"}
RESULT: {"using":"xpath","value":"//input[contains(@id ,\"application-managepartners-display-component---NewPartner--addressDetailDetailsName1-inner\")]"}
COMMAND: GET /session/eb79c257209da8ba08c59be1d775ff21/element/f.9FA5373B3500B72DA4049E533E67ABAF.d.8481EA861D0EC46E52BD70A0E7CB7F7F.e.12162/property/value - {}
RESULT: {}
COMMAND: POST /session/eb79c257209da8ba08c59be1d775ff21/execute/async - {"script":"<script> [1562 bytes]","args":[{"selector":{"id":"application-managepartners-display-component---NewPartner--addressDetailDetailsCity1","interaction":{"idSuffix":"inner"}},"wdio_ui5_key":"applicationmanagepartners-display-component---NewPartner--addressDetailDetailsCity1"}]}
COMMAND: GET /session/eb79c257209da8ba08c59be1d775ff21/screenshot - {}
RESULT: {"script":"<script> [1562 bytes]","args":[{"selector":{"id":"application-managepartners-display-component---NewPartner--addressDetailDetailsCity1","interaction":{"idSuffix":"inner"}},"wdio_ui5_key":"applicationmanagepartners-display-component---NewPartner--addressDetailDetailsCity1"}]}
RESULT: undefined
COMMAND: POST /session/eb79c257209da8ba08c59be1d775ff21/execute/async - {"script":"<script> [776 bytes]","args":[{"enterText":"Bucharest","selector":{"id":"application-managepartners-display-component---NewPartner--addressDetailDetailsCity1","interaction":{"idSuffix":"inner"}},"clearTextFirst":true,"interactionType":"ENTER_TEXT"}]}
RESULT: {}
RESULT: {"script":"<script> [776 bytes]","args":[{"enterText":"Bucharest","selector":{"id":"application-managepartners-display-component---NewPartner--addressDetailDetailsCity1","interaction":{"idSuffix":"inner"}},"clearTextFirst":true,"interactionType":"ENTER_TEXT"}]}
COMMAND: POST /session/eb79c257209da8ba08c59be1d775ff21/execute/async - {"script":"<script> [1562 bytes]","args":[{"selector":{"id":"application-managepartners-display-component---NewPartner--addressDetailDetailsCountry","interaction":{"idSuffix":"inner"}},"wdio_ui5_key":"applicationmanagepartners-display-component---NewPartner--addressDetailDetailsCountry"}]}
RESULT: {"script":"<script> [1562 bytes]","args":[{"selector":{"id":"application-managepartners-display-component---NewPartner--addressDetailDetailsCountry","interaction":{"idSuffix":"inner"}},"wdio_ui5_key":"applicationmanagepartners-display-component---NewPartner--addressDetailDetailsCountry"}]}
RESULT: undefined
COMMAND: POST /session/eb79c257209da8ba08c59be1d775ff21/execute/async - {"script":"<script> [6424 bytes]","args":[{"element-6066-11e4-a52e-4f735466cecf":"f.9FA5373B3500B72DA4049E533E67ABAF.d.8481EA861D0EC46E52BD70A0E7CB7F7F.e.12169"},"setValue",["Romania"]]}
RESULT: {"script":"<script> [6424 bytes]","args":[{"element-6066-11e4-a52e-4f735466cecf":"f.9FA5373B3500B72DA4049E533E67ABAF.d.8481EA861D0EC46E52BD70A0E7CB7F7F.e.12169"},"setValue",["Romania"]]}
COMMAND: POST /session/eb79c257209da8ba08c59be1d775ff21/execute/async - {"script":"<script> [1562 bytes]","args":[{"selector":{"id":"application-managepartners-display-component---NewPartner--partnerDetailInternal","interaction":{"idSuffix":"inner"}},"wdio_ui5_key":"applicationmanagepartners-display-component---NewPartner--partnerDetailInternal"}]}
RESULT: {"script":"<script> [1562 bytes]","args":[{"selector":{"id":"application-managepartners-display-component---NewPartner--partnerDetailInternal","interaction":{"idSuffix":"inner"}},"wdio_ui5_key":"applicationmanagepartners-display-component---NewPartner--partnerDetailInternal"}]}
RESULT: undefined
COMMAND: POST /session/eb79c257209da8ba08c59be1d775ff21/execute/async - {"script":"<script> [776 bytes]","args":[{"enterText":"External partner","selector":{"id":"application-managepartners-display-component---NewPartner--partnerDetailInternal","interaction":{"idSuffix":"inner"}},"clearTextFirst":true,"interactionType":"ENTER_TEXT"}]}
RESULT: {"script":"<script> [776 bytes]","args":[{"enterText":"External partner","selector":{"id":"application-managepartners-display-component---NewPartner--partnerDetailInternal","interaction":{"idSuffix":"inner"}},"clearTextFirst":true,"interactionType":"ENTER_TEXT"}]}
COMMAND: POST /session/eb79c257209da8ba08c59be1d775ff21/execute/async - {"script":"<script> [1562 bytes]","args":[{"selector":{"id":"application-managepartners-display-component---NewPartner--partnerDetailsCurrency","interaction":{"idSuffix":"inner"}},"wdio_ui5_key":"applicationmanagepartners-display-component---NewPartner--partnerDetailsCurrency"}]}
RESULT: {"script":"<script> [1562 bytes]","args":[{"selector":{"id":"application-managepartners-display-component---NewPartner--partnerDetailsCurrency","interaction":{"idSuffix":"inner"}},"wdio_ui5_key":"applicationmanagepartners-display-component---NewPartner--partnerDetailsCurrency"}]}
RESULT: undefined
COMMAND: POST /session/eb79c257209da8ba08c59be1d775ff21/execute/async - {"script":"<script> [776 bytes]","args":[{"enterText":"Euro","selector":{"id":"application-managepartners-display-component---NewPartner--partnerDetailsCurrency","interaction":{"idSuffix":"inner"}},"clearTextFirst":true,"interactionType":"ENTER_TEXT"}]}
RESULT: {"script":"<script> [776 bytes]","args":[{"enterText":"Euro","selector":{"id":"application-managepartners-display-component---NewPartner--partnerDetailsCurrency","interaction":{"idSuffix":"inner"}},"clearTextFirst":true,"interactionType":"ENTER_TEXT"}]}
COMMAND: POST /session/eb79c257209da8ba08c59be1d775ff21/execute/async - {"script":"<script> [1562 bytes]","args":[{"selector":{"controlType":"sap.m.Button","viewName":"etm.portal.ui.managepartners.view.NewPartner","viewId":"application-managepartners-display-component---NewPartner","properties":{"text":"Commercial"},"interaction":{"idSuffix":"BDI-content"}},"wdio_ui5_key":"etmportal.ui.managepartners.view.NewPartnersap.m.Button{\"text\":\"Commercial\"}"}]}
RESULT: {"script":"<script> [1562 bytes]","args":[{"selector":{"controlType":"sap.m.Button","viewName":"etm.portal.ui.managepartners.view.NewPartner","viewId":"application-managepartners-display-component---NewPartner","properties":{"text":"Commercial"},"interaction":{"idSuffix":"BDI-content"}},"wdio_ui5_key":"etmportal.ui.managepartners.view.NewPartnersap.m.Button{\"text\":\"Commercial\"}"}]}
RESULT: undefined
COMMAND: POST /session/eb79c257209da8ba08c59be1d775ff21/element - {"using":"xpath","value":"//*[@id=\"application-managepartners-display-component---NewPartner--ObjectPageLayout-anchBar-__section5-anchor\"]"}
RESULT: {"using":"xpath","value":"//*[@id=\"application-managepartners-display-component---NewPartner--ObjectPageLayout-anchBar-__section5-anchor\"]"}
COMMAND: POST /session/eb79c257209da8ba08c59be1d775ff21/element/f.9FA5373B3500B72DA4049E533E67ABAF.d.8481EA861D0EC46E52BD70A0E7CB7F7F.e.12328/click - {}
RESULT: {}
COMMAND: GET /session/eb79c257209da8ba08c59be1d775ff21/screenshot - {}
RESULT: {}
COMMAND: POST /session/eb79c257209da8ba08c59be1d775ff21/execute/async - {"script":"<script> [1562 bytes]","args":[{"selector":{"id":"application-managepartners-display-component---NewPartner--btnAddTableRow-img"},"wdio_ui5_key":"applicationmanagepartners-display-component---NewPartner--btnAddTableRow-img"}]}
RESULT: {"script":"<script> [1562 bytes]","args":[{"selector":{"id":"application-managepartners-display-component---NewPartner--btnAddTableRow-img"},"wdio_ui5_key":"applicationmanagepartners-display-component---NewPartner--btnAddTableRow-img"}]}
RESULT: undefined
COMMAND: POST /session/eb79c257209da8ba08c59be1d775ff21/element - {"using":"xpath","value":"//*[@id=\"application-managepartners-display-component---NewPartner--btnAddTableRow-img\"]"}
RESULT: {"using":"xpath","value":"//*[@id=\"application-managepartners-display-component---NewPartner--btnAddTableRow-img\"]"}
COMMAND: POST /session/eb79c257209da8ba08c59be1d775ff21/element/f.9FA5373B3500B72DA4049E533E67ABAF.d.8481EA861D0EC46E52BD70A0E7CB7F7F.e.12334/click - {}
RESULT: {}
COMMAND: POST /session/eb79c257209da8ba08c59be1d775ff21/element - {"using":"xpath","value":"//input[contains(@id ,\"application-managepartners-display-component---NewPartner--assignmentYard-application-managepartners-display-component---NewPartner\")]"}
COMMAND: GET /session/eb79c257209da8ba08c59be1d775ff21/screenshot - {}
RESULT: {"using":"xpath","value":"//input[contains(@id ,\"application-managepartners-display-component---NewPartner--assignmentYard-application-managepartners-display-component---NewPartner\")]"}
COMMAND: POST /session/eb79c257209da8ba08c59be1d775ff21/element/f.9FA5373B3500B72DA4049E533E67ABAF.d.8481EA861D0EC46E52BD70A0E7CB7F7F.e.12338/clear - {}
RESULT: {}
RESULT: {}
COMMAND: POST /session/eb79c257209da8ba08c59be1d775ff21/element/f.9FA5373B3500B72DA4049E533E67ABAF.d.8481EA861D0EC46E52BD70A0E7CB7F7F.e.12338/value - {"text":"WebdriverYard2gexg"}
COMMAND: GET /session/eb79c257209da8ba08c59be1d775ff21/screenshot - {}
RESULT: {"text":"WebdriverYard2gexg"}
COMMAND: GET /session/eb79c257209da8ba08c59be1d775ff21/screenshot - {}
RESULT: {}
RESULT: {}
COMMAND: POST /session/eb79c257209da8ba08c59be1d775ff21/execute/async - {"script":"<script> [1562 bytes]","args":[{"selector":{"controlType":"sap.m.Button","viewName":"etm.portal.ui.managepartners.view.NewPartner","viewId":"application-managepartners-display-component---NewPartner","i18NText":{"propertyName":"text","key":"save"},"interaction":{"idSuffix":"BDI-content"}},"wdio_ui5_key":"etmportal.ui.managepartners.view.NewPartnersap.m.Button{\"propertyName\":\"text\",\"key\":\"save\"}"}]}
RESULT: {"script":"<script> [1562 bytes]","args":[{"selector":{"controlType":"sap.m.Button","viewName":"etm.portal.ui.managepartners.view.NewPartner","viewId":"application-managepartners-display-component---NewPartner","i18NText":{"propertyName":"text","key":"save"},"interaction":{"idSuffix":"BDI-content"}},"wdio_ui5_key":"etmportal.ui.managepartners.view.NewPartnersap.m.Button{\"propertyName\":\"text\",\"key\":\"save\"}"}]}
RESULT: undefined
COMMAND: POST /session/eb79c257209da8ba08c59be1d775ff21/element - {"using":"xpath","value":"//*[@id=\"__button12\"]"}
RESULT: {"using":"xpath","value":"//*[@id=\"__button12\"]"}
COMMAND: POST /session/eb79c257209da8ba08c59be1d775ff21/element/f.9FA5373B3500B72DA4049E533E67ABAF.d.8481EA861D0EC46E52BD70A0E7CB7F7F.e.12307/click - {}
RESULT: {}
COMMAND: GET /session/eb79c257209da8ba08c59be1d775ff21/screenshot - {}
RESULT: {}
COMMAND: POST /session/eb79c257209da8ba08c59be1d775ff21/element - {"using":"xpath","value":"//header/div/div[2]/div[2]/span"}
RESULT: {"using":"xpath","value":"//header/div/div[2]/div[2]/span"}
COMMAND: GET /session/eb79c257209da8ba08c59be1d775ff21/element/f.9FA5373B3500B72DA4049E533E67ABAF.d.8481EA861D0EC46E52BD70A0E7CB7F7F.e.12510/text - {}
RESULT: {}
COMMAND: POST /session/eb79c257209da8ba08c59be1d775ff21/element - {"using":"xpath","value":"//header/div/div/div/div/div/div[2]/div/span"}
RESULT: {"using":"xpath","value":"//header/div/div/div/div/div/div[2]/div/span"}
COMMAND: GET /session/eb79c257209da8ba08c59be1d775ff21/element/f.9FA5373B3500B72DA4049E533E67ABAF.d.8481EA861D0EC46E52BD70A0E7CB7F7F.e.12511/text - {}
RESULT: {}
COMMAND: POST /session/eb79c257209da8ba08c59be1d775ff21/execute/async - {"script":"<script> [1562 bytes]","args":[{"selector":{"id":"application-managepartners-display-component---detailPtm--partnerType"},"wdio_ui5_key":"applicationmanagepartners-display-component---detailPtm--partnerType"}]}
RESULT: {"script":"<script> [1562 bytes]","args":[{"selector":{"id":"application-managepartners-display-component---detailPtm--partnerType"},"wdio_ui5_key":"applicationmanagepartners-display-component---detailPtm--partnerType"}]}
RESULT: undefined
COMMAND: POST /session/eb79c257209da8ba08c59be1d775ff21/execute/async - {"script":"<script> [6424 bytes]","args":[{"element-6066-11e4-a52e-4f735466cecf":"f.9FA5373B3500B72DA4049E533E67ABAF.d.8481EA861D0EC46E52BD70A0E7CB7F7F.e.12512"},"getText",[]]}
RESULT: {"script":"<script> [6424 bytes]","args":[{"element-6066-11e4-a52e-4f735466cecf":"f.9FA5373B3500B72DA4049E533E67ABAF.d.8481EA861D0EC46E52BD70A0E7CB7F7F.e.12512"},"getText",[]]}
COMMAND: POST /session/eb79c257209da8ba08c59be1d775ff21/element - {"using":"css selector","value":"#shell-header-logo"}
RESULT: {"using":"css selector","value":"#shell-header-logo"}
COMMAND: POST /session/eb79c257209da8ba08c59be1d775ff21/element/f.9FA5373B3500B72DA4049E533E67ABAF.d.8481EA861D0EC46E52BD70A0E7CB7F7F.e.11853/click - {}
RESULT: {}
COMMAND: GET /session/eb79c257209da8ba08c59be1d775ff21/screenshot - {}
RESULT: {}
COMMAND: POST /session/eb79c257209da8ba08c59be1d775ff21/execute/async - {"script":"<script> [1562 bytes]","args":[{"selector":{"controlType":"sap.m.GenericTile","properties":{"header":"Manage Sites"}},"wdio_ui5_key":"sapm.GenericTile{\"header\":\"Manage Sites\"}"}]}
RESULT: {"script":"<script> [1562 bytes]","args":[{"selector":{"controlType":"sap.m.GenericTile","properties":{"header":"Manage Sites"}},"wdio_ui5_key":"sapm.GenericTile{\"header\":\"Manage Sites\"}"}]}
RESULT: undefined
COMMAND: POST /session/eb79c257209da8ba08c59be1d775ff21/element - {"using":"xpath","value":"//*[@id=\"__tile40\"]"}
RESULT: {"using":"xpath","value":"//*[@id=\"__tile40\"]"}
COMMAND: POST /session/eb79c257209da8ba08c59be1d775ff21/element/f.9FA5373B3500B72DA4049E533E67ABAF.d.8481EA861D0EC46E52BD70A0E7CB7F7F.e.12514/click - {}
RESULT: {}
COMMAND: GET /session/eb79c257209da8ba08c59be1d775ff21/screenshot - {}
RESULT: {}
COMMAND: POST /session/eb79c257209da8ba08c59be1d775ff21/elements - {"using":"xpath","value":"//span[text()='Error']"}
RESULT: {"using":"xpath","value":"//span[text()='Error']"}
COMMAND: POST /session/eb79c257209da8ba08c59be1d775ff21/execute/async - {"script":"<script> [1562 bytes]","args":[{"selector":{"controlType":"sap.ui.core.Icon","viewName":"etm.portal.ui.managesites.view.Master","viewId":"application-managesites-display-component---masterSite","properties":{"src":{"regex":{"source":"add"}}}},"wdio_ui5_key":"etmportal.ui.managesites.view.Mastersap.ui.core.Icon{\"src\":{\"regex\":{\"source\":\"add\"}}}"}]}
RESULT: {"script":"<script> [1562 bytes]","args":[{"selector":{"controlType":"sap.ui.core.Icon","viewName":"etm.portal.ui.managesites.view.Master","viewId":"application-managesites-display-component---masterSite","properties":{"src":{"regex":{"source":"add"}}}},"wdio_ui5_key":"etmportal.ui.managesites.view.Mastersap.ui.core.Icon{\"src\":{\"regex\":{\"source\":\"add\"}}}"}]}
RESULT: undefined
COMMAND: POST /session/eb79c257209da8ba08c59be1d775ff21/element - {"using":"xpath","value":"//*[@id=\"__button52-img\"]"}
RESULT: {"using":"xpath","value":"//*[@id=\"__button52-img\"]"}
COMMAND: POST /session/eb79c257209da8ba08c59be1d775ff21/element/f.9FA5373B3500B72DA4049E533E67ABAF.d.8481EA861D0EC46E52BD70A0E7CB7F7F.e.12563/click - {}
RESULT: {}
COMMAND: POST /session/eb79c257209da8ba08c59be1d775ff21/execute/async - {"script":"<script> [1562 bytes]","args":[{"selector":{"id":"application-managesites-display-component---NewSite--siteId","interaction":{"idSuffix":"inner"}},"wdio_ui5_key":"applicationmanagesites-display-component---NewSite--siteId"}]}
COMMAND: GET /session/eb79c257209da8ba08c59be1d775ff21/screenshot - {}
RESULT: {"script":"<script> [1562 bytes]","args":[{"selector":{"id":"application-managesites-display-component---NewSite--siteId","interaction":{"idSuffix":"inner"}},"wdio_ui5_key":"applicationmanagesites-display-component---NewSite--siteId"}]}
RESULT: undefined
COMMAND: POST /session/eb79c257209da8ba08c59be1d775ff21/execute/async - {"script":"<script> [1562 bytes]","args":[{"selector":{"id":"application-managesites-display-component---NewSite--addressDetailDetailsName1","interaction":{"idSuffix":"inner"}},"wdio_ui5_key":"applicationmanagesites-display-component---NewSite--addressDetailDetailsName1"}]}
RESULT: {}
RESULT: {"script":"<script> [1562 bytes]","args":[{"selector":{"id":"application-managesites-display-component---NewSite--addressDetailDetailsName1","interaction":{"idSuffix":"inner"}},"wdio_ui5_key":"applicationmanagesites-display-component---NewSite--addressDetailDetailsName1"}]}
RESULT: undefined
COMMAND: POST /session/eb79c257209da8ba08c59be1d775ff21/execute/async - {"script":"<script> [776 bytes]","args":[{"enterText":"WebdriverSiteaqjhc","selector":{"id":"application-managesites-display-component---NewSite--addressDetailDetailsName1","interaction":{"idSuffix":"inner"}},"clearTextFirst":true,"interactionType":"ENTER_TEXT"}]}
RESULT: {"script":"<script> [776 bytes]","args":[{"enterText":"WebdriverSiteaqjhc","selector":{"id":"application-managesites-display-component---NewSite--addressDetailDetailsName1","interaction":{"idSuffix":"inner"}},"clearTextFirst":true,"interactionType":"ENTER_TEXT"}]}
COMMAND: POST /session/eb79c257209da8ba08c59be1d775ff21/execute/async - {"script":"<script> [1562 bytes]","args":[{"selector":{"id":"application-managesites-display-component---NewSite--addressDetailDetailsLanguage","interaction":{"idSuffix":"inner"}},"wdio_ui5_key":"applicationmanagesites-display-component---NewSite--addressDetailDetailsLanguage"}]}
RESULT: {"script":"<script> [1562 bytes]","args":[{"selector":{"id":"application-managesites-display-component---NewSite--addressDetailDetailsLanguage","interaction":{"idSuffix":"inner"}},"wdio_ui5_key":"applicationmanagesites-display-component---NewSite--addressDetailDetailsLanguage"}]}
RESULT: undefined
COMMAND: POST /session/eb79c257209da8ba08c59be1d775ff21/execute/async - {"script":"<script> [776 bytes]","args":[{"enterText":"Romanian","selector":{"id":"application-managesites-display-component---NewSite--addressDetailDetailsLanguage","interaction":{"idSuffix":"inner"}},"clearTextFirst":true,"interactionType":"ENTER_TEXT"}]}
RESULT: {"script":"<script> [776 bytes]","args":[{"enterText":"Romanian","selector":{"id":"application-managesites-display-component---NewSite--addressDetailDetailsLanguage","interaction":{"idSuffix":"inner"}},"clearTextFirst":true,"interactionType":"ENTER_TEXT"}]}
COMMAND: POST /session/eb79c257209da8ba08c59be1d775ff21/execute/async - {"script":"<script> [1562 bytes]","args":[{"selector":{"id":"application-managesites-display-component---NewSite--addressDetailDetailsCity1","interaction":{"idSuffix":"inner"}},"wdio_ui5_key":"applicationmanagesites-display-component---NewSite--addressDetailDetailsCity1"}]}
RESULT: {"script":"<script> [1562 bytes]","args":[{"selector":{"id":"application-managesites-display-component---NewSite--addressDetailDetailsCity1","interaction":{"idSuffix":"inner"}},"wdio_ui5_key":"applicationmanagesites-display-component---NewSite--addressDetailDetailsCity1"}]}
RESULT: undefined
COMMAND: POST /session/eb79c257209da8ba08c59be1d775ff21/execute/async - {"script":"<script> [776 bytes]","args":[{"enterText":"Bucharest","selector":{"id":"application-managesites-display-component---NewSite--addressDetailDetailsCity1","interaction":{"idSuffix":"inner"}},"clearTextFirst":true,"interactionType":"ENTER_TEXT"}]}
RESULT: {"script":"<script> [776 bytes]","args":[{"enterText":"Bucharest","selector":{"id":"application-managesites-display-component---NewSite--addressDetailDetailsCity1","interaction":{"idSuffix":"inner"}},"clearTextFirst":true,"interactionType":"ENTER_TEXT"}]}
COMMAND: POST /session/eb79c257209da8ba08c59be1d775ff21/execute/async - {"script":"<script> [1562 bytes]","args":[{"selector":{"id":"application-managesites-display-component---NewSite--addressDetailDetailsCountry","interaction":{"idSuffix":"inner"}},"wdio_ui5_key":"applicationmanagesites-display-component---NewSite--addressDetailDetailsCountry"}]}
RESULT: {"script":"<script> [1562 bytes]","args":[{"selector":{"id":"application-managesites-display-component---NewSite--addressDetailDetailsCountry","interaction":{"idSuffix":"inner"}},"wdio_ui5_key":"applicationmanagesites-display-component---NewSite--addressDetailDetailsCountry"}]}
RESULT: undefined
COMMAND: POST /session/eb79c257209da8ba08c59be1d775ff21/execute/async - {"script":"<script> [776 bytes]","args":[{"enterText":"Romania","selector":{"id":"application-managesites-display-component---NewSite--addressDetailDetailsCountry","interaction":{"idSuffix":"inner"}},"clearTextFirst":true,"interactionType":"ENTER_TEXT"}]}
RESULT: {"script":"<script> [776 bytes]","args":[{"enterText":"Romania","selector":{"id":"application-managesites-display-component---NewSite--addressDetailDetailsCountry","interaction":{"idSuffix":"inner"}},"clearTextFirst":true,"interactionType":"ENTER_TEXT"}]}
COMMAND: POST /session/eb79c257209da8ba08c59be1d775ff21/element - {"using":"css selector","value":"#application-managesites-display-component---NewSite--addressDetailDetailsCalendar-inner"}
RESULT: {"using":"css selector","value":"#application-managesites-display-component---NewSite--addressDetailDetailsCalendar-inner"}
COMMAND: POST /session/eb79c257209da8ba08c59be1d775ff21/element/f.9FA5373B3500B72DA4049E533E67ABAF.d.8481EA861D0EC46E52BD70A0E7CB7F7F.e.12783/clear - {}
RESULT: {}
COMMAND: POST /session/eb79c257209da8ba08c59be1d775ff21/element/f.9FA5373B3500B72DA4049E533E67ABAF.d.8481EA861D0EC46E52BD70A0E7CB7F7F.e.12783/value - {"text":"Germany"}
COMMAND: GET /session/eb79c257209da8ba08c59be1d775ff21/screenshot - {}
RESULT: {}
RESULT: {"text":"Germany"}
COMMAND: POST /session/eb79c257209da8ba08c59be1d775ff21/execute/async - {"script":"<script> [1562 bytes]","args":[{"selector":{"id":"application-managesites-display-component---NewSite--addressEditDetailsCostObjectCstType-arrow"},"wdio_ui5_key":"applicationmanagesites-display-component---NewSite--addressEditDetailsCostObjectCstType-arrow"}]}
COMMAND: GET /session/eb79c257209da8ba08c59be1d775ff21/screenshot - {}
RESULT: {"script":"<script> [1562 bytes]","args":[{"selector":{"id":"application-managesites-display-component---NewSite--addressEditDetailsCostObjectCstType-arrow"},"wdio_ui5_key":"applicationmanagesites-display-component---NewSite--addressEditDetailsCostObjectCstType-arrow"}]}
RESULT: undefined
COMMAND: POST /session/eb79c257209da8ba08c59be1d775ff21/element - {"using":"xpath","value":"//*[@id=\"application-managesites-display-component---NewSite--addressEditDetailsCostObjectCstType-arrow\"]"}
RESULT: {}
RESULT: {"using":"xpath","value":"//*[@id=\"application-managesites-display-component---NewSite--addressEditDetailsCostObjectCstType-arrow\"]"}
COMMAND: POST /session/eb79c257209da8ba08c59be1d775ff21/element/f.9FA5373B3500B72DA4049E533E67ABAF.d.8481EA861D0EC46E52BD70A0E7CB7F7F.e.12944/click - {}
RESULT: {}
COMMAND: POST /session/eb79c257209da8ba08c59be1d775ff21/element - {"using":"xpath","value":"//span[contains(text(), \"Work Breakdown Structure\")]"}
COMMAND: GET /session/eb79c257209da8ba08c59be1d775ff21/screenshot - {}
RESULT: {"using":"xpath","value":"//span[contains(text(), \"Work Breakdown Structure\")]"}
COMMAND: POST /session/eb79c257209da8ba08c59be1d775ff21/element/f.9FA5373B3500B72DA4049E533E67ABAF.d.8481EA861D0EC46E52BD70A0E7CB7F7F.e.12946/click - {}
RESULT: {}
RESULT: {}
COMMAND: GET /session/eb79c257209da8ba08c59be1d775ff21/screenshot - {}
RESULT: {}
COMMAND: POST /session/eb79c257209da8ba08c59be1d775ff21/execute/async - {"script":"<script> [1562 bytes]","args":[{"selector":{"id":"application-managesites-display-component---NewSite--addressNewCostObjectCstID-vhi"},"wdio_ui5_key":"applicationmanagesites-display-component---NewSite--addressNewCostObjectCstID-vhi"}]}
RESULT: {"script":"<script> [1562 bytes]","args":[{"selector":{"id":"application-managesites-display-component---NewSite--addressNewCostObjectCstID-vhi"},"wdio_ui5_key":"applicationmanagesites-display-component---NewSite--addressNewCostObjectCstID-vhi"}]}
RESULT: undefined
COMMAND: POST /session/eb79c257209da8ba08c59be1d775ff21/element - {"using":"xpath","value":"//*[@id=\"application-managesites-display-component---NewSite--addressNewCostObjectCstID-vhi\"]"}
RESULT: {"using":"xpath","value":"//*[@id=\"application-managesites-display-component---NewSite--addressNewCostObjectCstID-vhi\"]"}
COMMAND: POST /session/eb79c257209da8ba08c59be1d775ff21/element/f.9FA5373B3500B72DA4049E533E67ABAF.d.8481EA861D0EC46E52BD70A0E7CB7F7F.e.12950/click - {}
RESULT: {}
COMMAND: GET /session/eb79c257209da8ba08c59be1d775ff21/screenshot - {}
RESULT: {}
COMMAND: POST /session/eb79c257209da8ba08c59be1d775ff21/execute/async - {"script":"<script> [1562 bytes]","args":[{"selector":{"controlType":"sap.m.SearchField","properties":{"placeholder":"Search"},"searchOpenDialogs":true,"interaction":{"idSuffix":"I"}},"wdio_ui5_key":"sapm.SearchField{\"placeholder\":\"Search\"}"}]}
RESULT: {"script":"<script> [1562 bytes]","args":[{"selector":{"controlType":"sap.m.SearchField","properties":{"placeholder":"Search"},"searchOpenDialogs":true,"interaction":{"idSuffix":"I"}},"wdio_ui5_key":"sapm.SearchField{\"placeholder\":\"Search\"}"}]}
RESULT: undefined
COMMAND: POST /session/eb79c257209da8ba08c59be1d775ff21/execute/async - {"script":"<script> [776 bytes]","args":[{"enterText":"A1-000100-01","selector":{"controlType":"sap.m.SearchField","properties":{"placeholder":"Search"},"searchOpenDialogs":true,"interaction":{"idSuffix":"I"}},"clearTextFirst":true,"interactionType":"ENTER_TEXT"}]}
RESULT: {"script":"<script> [776 bytes]","args":[{"enterText":"A1-000100-01","selector":{"controlType":"sap.m.SearchField","properties":{"placeholder":"Search"},"searchOpenDialogs":true,"interaction":{"idSuffix":"I"}},"clearTextFirst":true,"interactionType":"ENTER_TEXT"}]}
COMMAND: POST /session/eb79c257209da8ba08c59be1d775ff21/actions - {"actions":[{"id":"action67","type":"key","parameters":{},"actions":[{"type":"keyDown","value":""},{"type":"pause","duration":10},{"type":"keyUp","value":""}]}]}
RESULT: {"actions":[{"id":"action67","type":"key","parameters":{},"actions":[{"type":"keyDown","value":""},{"type":"pause","duration":10},{"type":"keyUp","value":""}]}]}
COMMAND: GET /session/eb79c257209da8ba08c59be1d775ff21/screenshot - {}
RESULT: {}
COMMAND: POST /session/eb79c257209da8ba08c59be1d775ff21/element - {"using":"xpath","value":"//span[contains(text(), \"Template for ETO-Process\")]"}
RESULT: {"using":"xpath","value":"//span[contains(text(), \"Template for ETO-Process\")]"}
COMMAND: POST /session/eb79c257209da8ba08c59be1d775ff21/element/f.9FA5373B3500B72DA4049E533E67ABAF.d.8481EA861D0EC46E52BD70A0E7CB7F7F.e.12970/click - {}
RESULT: {}
COMMAND: GET /session/eb79c257209da8ba08c59be1d775ff21/screenshot - {}
RESULT: {}
COMMAND: POST /session/eb79c257209da8ba08c59be1d775ff21/element - {"using":"xpath","value":"//bdi[contains(text(), \"OK\")]"}
RESULT: {"using":"xpath","value":"//bdi[contains(text(), \"OK\")]"}
COMMAND: POST /session/eb79c257209da8ba08c59be1d775ff21/element/f.9FA5373B3500B72DA4049E533E67ABAF.d.8481EA861D0EC46E52BD70A0E7CB7F7F.e.12971/click - {}
RESULT: {}
COMMAND: GET /session/eb79c257209da8ba08c59be1d775ff21/screenshot - {}
RESULT: {}
COMMAND: POST /session/eb79c257209da8ba08c59be1d775ff21/element - {"using":"xpath","value":"//input[@id=\"application-managesites-display-component---NewSite--addressDetailDetailsYard-inner\"]"}
RESULT: {"using":"xpath","value":"//input[@id=\"application-managesites-display-component---NewSite--addressDetailDetailsYard-inner\"]"}
COMMAND: POST /session/eb79c257209da8ba08c59be1d775ff21/element/f.9FA5373B3500B72DA4049E533E67ABAF.d.8481EA861D0EC46E52BD70A0E7CB7F7F.e.12784/value - {"text":"WebdriverYard2gexg"}
RESULT: {"text":"WebdriverYard2gexg"}
COMMAND: GET /session/eb79c257209da8ba08c59be1d775ff21/screenshot - {}
RESULT: {}
COMMAND: POST /session/eb79c257209da8ba08c59be1d775ff21/actions - {"actions":[{"id":"action68","type":"key","parameters":{},"actions":[{"type":"keyDown","value":""},{"type":"pause","duration":10},{"type":"keyUp","value":""}]}]}
RESULT: {"actions":[{"id":"action68","type":"key","parameters":{},"actions":[{"type":"keyDown","value":""},{"type":"pause","duration":10},{"type":"keyUp","value":""}]}]}
COMMAND: GET /session/eb79c257209da8ba08c59be1d775ff21/screenshot - {}
RESULT: {}
COMMAND: POST /session/eb79c257209da8ba08c59be1d775ff21/element - {"using":"xpath","value":"//input[@id=\"application-managesites-display-component---NewSite--addressDetailDetailsPartner-inner\"]"}
RESULT: {"using":"xpath","value":"//input[@id=\"application-managesites-display-component---NewSite--addressDetailDetailsPartner-inner\"]"}
COMMAND: POST /session/eb79c257209da8ba08c59be1d775ff21/elements - {"using":"xpath","value":"//input[@id=\"application-managesites-display-component---NewSite--addressDetailDetailsPartner-inner\"]"}
RESULT: {"using":"xpath","value":"//input[@id=\"application-managesites-display-component---NewSite--addressDetailDetailsPartner-inner\"]"}
COMMAND: POST /session/eb79c257209da8ba08c59be1d775ff21/execute/async - {"script":"<script> [1562 bytes]","args":[{"selector":{"controlType":"sap.m.Button","viewName":"etm.portal.ui.managesites.view.NewSmartSite","viewId":"application-managesites-display-component---NewSite","properties":{"text":"Commercial"},"interaction":{"idSuffix":"BDI-content"}},"wdio_ui5_key":"etmportal.ui.managesites.view.NewSmartSitesap.m.Button{\"text\":\"Commercial\"}"}]}
RESULT: {"script":"<script> [1562 bytes]","args":[{"selector":{"controlType":"sap.m.Button","viewName":"etm.portal.ui.managesites.view.NewSmartSite","viewId":"application-managesites-display-component---NewSite","properties":{"text":"Commercial"},"interaction":{"idSuffix":"BDI-content"}},"wdio_ui5_key":"etmportal.ui.managesites.view.NewSmartSitesap.m.Button{\"text\":\"Commercial\"}"}]}
RESULT: undefined
COMMAND: POST /session/eb79c257209da8ba08c59be1d775ff21/element - {"using":"xpath","value":"//*[@id=\"application-managesites-display-component---NewSite--ObjectPageLayout-anchBar-__section31-anchor\"]"}
RESULT: {"using":"xpath","value":"//*[@id=\"application-managesites-display-component---NewSite--ObjectPageLayout-anchBar-__section31-anchor\"]"}
COMMAND: POST /session/eb79c257209da8ba08c59be1d775ff21/element/f.9FA5373B3500B72DA4049E533E67ABAF.d.8481EA861D0EC46E52BD70A0E7CB7F7F.e.12978/click - {}
RESULT: {}
COMMAND: POST /session/eb79c257209da8ba08c59be1d775ff21/execute/async - {"script":"<script> [1562 bytes]","args":[{"selector":{"controlType":"sap.m.Button","viewName":"etm.portal.ui.managesites.view.NewSmartSite","viewId":"application-managesites-display-component---NewSite","i18NText":{"propertyName":"text","key":"save"},"interaction":{"idSuffix":"BDI-content"}},"wdio_ui5_key":"etmportal.ui.managesites.view.NewSmartSitesap.m.Button{\"propertyName\":\"text\",\"key\":\"save\"}"}]}
COMMAND: GET /session/eb79c257209da8ba08c59be1d775ff21/screenshot - {}
RESULT: {"script":"<script> [1562 bytes]","args":[{"selector":{"controlType":"sap.m.Button","viewName":"etm.portal.ui.managesites.view.NewSmartSite","viewId":"application-managesites-display-component---NewSite","i18NText":{"propertyName":"text","key":"save"},"interaction":{"idSuffix":"BDI-content"}},"wdio_ui5_key":"etmportal.ui.managesites.view.NewSmartSitesap.m.Button{\"propertyName\":\"text\",\"key\":\"save\"}"}]}
RESULT: undefined
COMMAND: POST /session/eb79c257209da8ba08c59be1d775ff21/element - {"using":"xpath","value":"//*[@id=\"__button64\"]"}
RESULT: {}
RESULT: {"using":"xpath","value":"//*[@id=\"__button64\"]"}
COMMAND: POST /session/eb79c257209da8ba08c59be1d775ff21/element/f.9FA5373B3500B72DA4049E533E67ABAF.d.8481EA861D0EC46E52BD70A0E7CB7F7F.e.12920/click - {}
RESULT: {}
COMMAND: GET /session/eb79c257209da8ba08c59be1d775ff21/screenshot - {}
RESULT: {}
COMMAND: POST /session/eb79c257209da8ba08c59be1d775ff21/execute/async - {"script":"<script> [1562 bytes]","args":[{"selector":{"id":"application-managesites-display-component---detailSite--addressDetailDetailsYardText"},"wdio_ui5_key":"applicationmanagesites-display-component---detailSite--addressDetailDetailsYardText"}]}
RESULT: {"script":"<script> [1562 bytes]","args":[{"selector":{"id":"application-managesites-display-component---detailSite--addressDetailDetailsYardText"},"wdio_ui5_key":"applicationmanagesites-display-component---detailSite--addressDetailDetailsYardText"}]}
RESULT: undefined
COMMAND: POST /session/eb79c257209da8ba08c59be1d775ff21/element - {"using":"xpath","value":"//header/div/div[2]/div[2]/span"}
RESULT: {"using":"xpath","value":"//header/div/div[2]/div[2]/span"}
COMMAND: GET /session/eb79c257209da8ba08c59be1d775ff21/element/f.9FA5373B3500B72DA4049E533E67ABAF.d.8481EA861D0EC46E52BD70A0E7CB7F7F.e.13183/text - {}
RESULT: {}
COMMAND: POST /session/eb79c257209da8ba08c59be1d775ff21/element - {"using":"xpath","value":"//header/div/div/div/div/div/div[2]/div/span"}
RESULT: {"using":"xpath","value":"//header/div/div/div/div/div/div[2]/div/span"}
COMMAND: GET /session/eb79c257209da8ba08c59be1d775ff21/element/f.9FA5373B3500B72DA4049E533E67ABAF.d.8481EA861D0EC46E52BD70A0E7CB7F7F.e.13184/text - {}
RESULT: {}
COMMAND: POST /session/eb79c257209da8ba08c59be1d775ff21/element - {"using":"css selector","value":"#shell-header-logo"}
RESULT: {"using":"css selector","value":"#shell-header-logo"}
COMMAND: POST /session/eb79c257209da8ba08c59be1d775ff21/element/f.9FA5373B3500B72DA4049E533E67ABAF.d.8481EA861D0EC46E52BD70A0E7CB7F7F.e.12519/click - {}
RESULT: {}
COMMAND: GET /session/eb79c257209da8ba08c59be1d775ff21/screenshot - {}
RESULT: {}
]]></system-out>
    </testcase>
    <testcase classname="chrome.136_0_7103_93.windows.E2E_-_Logistical_and_commercial_statuses" name="It should stock increase the resource" time="237.457">
      <system-out><![CDATA[
COMMAND: POST /session/eb79c257209da8ba08c59be1d775ff21/execute/async - {"script":"<script> [1562 bytes]","args":[{"selector":{"controlType":"sap.m.GenericTile","properties":{"header":"Manage Resources"}},"wdio_ui5_key":"sapm.GenericTile{\"header\":\"Manage Resources\"}"}]}
RESULT: {"script":"<script> [1562 bytes]","args":[{"selector":{"controlType":"sap.m.GenericTile","properties":{"header":"Manage Resources"}},"wdio_ui5_key":"sapm.GenericTile{\"header\":\"Manage Resources\"}"}]}
RESULT: undefined
COMMAND: POST /session/eb79c257209da8ba08c59be1d775ff21/element - {"using":"xpath","value":"//*[@id=\"__tile39\"]"}
RESULT: {"using":"xpath","value":"//*[@id=\"__tile39\"]"}
COMMAND: POST /session/eb79c257209da8ba08c59be1d775ff21/element/f.9FA5373B3500B72DA4049E533E67ABAF.d.8481EA861D0EC46E52BD70A0E7CB7F7F.e.13186/click - {}
RESULT: {}
COMMAND: GET /session/eb79c257209da8ba08c59be1d775ff21/screenshot - {}
RESULT: {}
COMMAND: POST /session/eb79c257209da8ba08c59be1d775ff21/elements - {"using":"xpath","value":"//span[text()='Error']"}
RESULT: {"using":"xpath","value":"//span[text()='Error']"}
COMMAND: POST /session/eb79c257209da8ba08c59be1d775ff21/element - {"using":"xpath","value":"//button[@data-kt=\"addNewRUOverflowToolbarButton\"]"}
RESULT: {"using":"xpath","value":"//button[@data-kt=\"addNewRUOverflowToolbarButton\"]"}
COMMAND: POST /session/eb79c257209da8ba08c59be1d775ff21/execute/sync - {"script":"<script> [8489 bytes]","args":[{"element-6066-11e4-a52e-4f735466cecf":"f.9FA5373B3500B72DA4049E533E67ABAF.d.8481EA861D0EC46E52BD70A0E7CB7F7F.e.13228","ELEMENT":"f.9FA5373B3500B72DA4049E533E67ABAF.d.8481EA861D0EC46E52BD70A0E7CB7F7F.e.13228"}]}
RESULT: {"script":"<script> [8489 bytes]","args":[{"element-6066-11e4-a52e-4f735466cecf":"f.9FA5373B3500B72DA4049E533E67ABAF.d.8481EA861D0EC46E52BD70A0E7CB7F7F.e.13228","ELEMENT":"f.9FA5373B3500B72DA4049E533E67ABAF.d.8481EA861D0EC46E52BD70A0E7CB7F7F.e.13228"}]}
COMMAND: POST /session/eb79c257209da8ba08c59be1d775ff21/element/f.9FA5373B3500B72DA4049E533E67ABAF.d.8481EA861D0EC46E52BD70A0E7CB7F7F.e.13228/click - {}
COMMAND: GET /session/eb79c257209da8ba08c59be1d775ff21/screenshot - {}
RESULT: {}
COMMAND: POST /session/eb79c257209da8ba08c59be1d775ff21/execute/async - {"script":"<script> [1562 bytes]","args":[{"selector":{"id":"application-manageresources-display-component---newResourceUnit--TYPE-arrow"},"wdio_ui5_key":"applicationmanageresources-display-component---newResourceUnit--TYPE-arrow"}]}
COMMAND: GET /session/eb79c257209da8ba08c59be1d775ff21/screenshot - {}
RESULT: {}
RESULT: {"script":"<script> [1562 bytes]","args":[{"selector":{"id":"application-manageresources-display-component---newResourceUnit--TYPE-arrow"},"wdio_ui5_key":"applicationmanageresources-display-component---newResourceUnit--TYPE-arrow"}]}
RESULT: undefined
COMMAND: POST /session/eb79c257209da8ba08c59be1d775ff21/element - {"using":"xpath","value":"//*[@id=\"application-manageresources-display-component---newResourceUnit--TYPE-arrow\"]"}
RESULT: {}
RESULT: {"using":"xpath","value":"//*[@id=\"application-manageresources-display-component---newResourceUnit--TYPE-arrow\"]"}
COMMAND: POST /session/eb79c257209da8ba08c59be1d775ff21/element/f.9FA5373B3500B72DA4049E533E67ABAF.d.8481EA861D0EC46E52BD70A0E7CB7F7F.e.13543/click - {}
RESULT: {}
COMMAND: POST /session/eb79c257209da8ba08c59be1d775ff21/execute/async - {"script":"<script> [1562 bytes]","args":[{"selector":{"controlType":"sap.m.StandardListItem","viewName":"reusables.view.manageresources.NewResourceUnit","viewId":"application-manageresources-display-component---newResourceUnit","properties":{"title":"Material"},"searchOpenDialogs":true,"interaction":{"idSuffix":"titleText"}},"wdio_ui5_key":"reusablesview.manageresources.NewResourceUnitsap.m.StandardListItem{\"title\":\"Material\"}"}]}
COMMAND: GET /session/eb79c257209da8ba08c59be1d775ff21/screenshot - {}
RESULT: {"script":"<script> [1562 bytes]","args":[{"selector":{"controlType":"sap.m.StandardListItem","viewName":"reusables.view.manageresources.NewResourceUnit","viewId":"application-manageresources-display-component---newResourceUnit","properties":{"title":"Material"},"searchOpenDialogs":true,"interaction":{"idSuffix":"titleText"}},"wdio_ui5_key":"reusablesview.manageresources.NewResourceUnitsap.m.StandardListItem{\"title\":\"Material\"}"}]}
RESULT: undefined
COMMAND: POST /session/eb79c257209da8ba08c59be1d775ff21/element - {"using":"xpath","value":"//*[@id=\"__item875\"]"}
RESULT: {}
RESULT: {"using":"xpath","value":"//*[@id=\"__item875\"]"}
COMMAND: POST /session/eb79c257209da8ba08c59be1d775ff21/element/f.9FA5373B3500B72DA4049E533E67ABAF.d.8481EA861D0EC46E52BD70A0E7CB7F7F.e.13546/click - {}
RESULT: {}
COMMAND: POST /session/eb79c257209da8ba08c59be1d775ff21/execute/async - {"script":"<script> [1562 bytes]","args":[{"selector":{"id":"application-manageresources-display-component---newResourceUnit--SHORT_TEXT","interaction":{"idSuffix":"inner"}},"wdio_ui5_key":"applicationmanageresources-display-component---newResourceUnit--SHORT_TEXT"}]}
COMMAND: GET /session/eb79c257209da8ba08c59be1d775ff21/screenshot - {}
RESULT: {"script":"<script> [1562 bytes]","args":[{"selector":{"id":"application-manageresources-display-component---newResourceUnit--SHORT_TEXT","interaction":{"idSuffix":"inner"}},"wdio_ui5_key":"applicationmanageresources-display-component---newResourceUnit--SHORT_TEXT"}]}
RESULT: undefined
COMMAND: POST /session/eb79c257209da8ba08c59be1d775ff21/execute/async - {"script":"<script> [776 bytes]","args":[{"enterText":"WebdriverRUR2C8llss","selector":{"id":"application-manageresources-display-component---newResourceUnit--SHORT_TEXT","interaction":{"idSuffix":"inner"}},"clearTextFirst":true,"interactionType":"ENTER_TEXT"}]}
RESULT: {}
RESULT: {"script":"<script> [776 bytes]","args":[{"enterText":"WebdriverRUR2C8llss","selector":{"id":"application-manageresources-display-component---newResourceUnit--SHORT_TEXT","interaction":{"idSuffix":"inner"}},"clearTextFirst":true,"interactionType":"ENTER_TEXT"}]}
COMMAND: POST /session/eb79c257209da8ba08c59be1d775ff21/execute/async - {"script":"<script> [1562 bytes]","args":[{"selector":{"id":"application-manageresources-display-component---newResourceUnit--BASE_UNIT_OF_MEASURE-arrow"},"wdio_ui5_key":"applicationmanageresources-display-component---newResourceUnit--BASE_UNIT_OF_MEASURE-arrow"}]}
RESULT: {"script":"<script> [1562 bytes]","args":[{"selector":{"id":"application-manageresources-display-component---newResourceUnit--BASE_UNIT_OF_MEASURE-arrow"},"wdio_ui5_key":"applicationmanageresources-display-component---newResourceUnit--BASE_UNIT_OF_MEASURE-arrow"}]}
RESULT: undefined
COMMAND: POST /session/eb79c257209da8ba08c59be1d775ff21/element - {"using":"xpath","value":"//*[@id=\"application-manageresources-display-component---newResourceUnit--BASE_UNIT_OF_MEASURE-arrow\"]"}
RESULT: {"using":"xpath","value":"//*[@id=\"application-manageresources-display-component---newResourceUnit--BASE_UNIT_OF_MEASURE-arrow\"]"}
COMMAND: POST /session/eb79c257209da8ba08c59be1d775ff21/element/f.9FA5373B3500B72DA4049E533E67ABAF.d.8481EA861D0EC46E52BD70A0E7CB7F7F.e.13666/click - {}
RESULT: {}
COMMAND: POST /session/eb79c257209da8ba08c59be1d775ff21/execute/async - {"script":"<script> [1562 bytes]","args":[{"selector":{"controlType":"sap.m.StandardListItem","viewName":"reusables.view.manageresources.NewResourceUnit","viewId":"application-manageresources-display-component---newResourceUnit","properties":{"title":"Piece"},"searchOpenDialogs":true,"interaction":{"idSuffix":"titleText"}},"wdio_ui5_key":"reusablesview.manageresources.NewResourceUnitsap.m.StandardListItem{\"title\":\"Piece\"}"}]}
COMMAND: GET /session/eb79c257209da8ba08c59be1d775ff21/screenshot - {}
RESULT: {"script":"<script> [1562 bytes]","args":[{"selector":{"controlType":"sap.m.StandardListItem","viewName":"reusables.view.manageresources.NewResourceUnit","viewId":"application-manageresources-display-component---newResourceUnit","properties":{"title":"Piece"},"searchOpenDialogs":true,"interaction":{"idSuffix":"titleText"}},"wdio_ui5_key":"reusablesview.manageresources.NewResourceUnitsap.m.StandardListItem{\"title\":\"Piece\"}"}]}
RESULT: undefined
COMMAND: POST /session/eb79c257209da8ba08c59be1d775ff21/element - {"using":"xpath","value":"//*[@id=\"__item928\"]"}
RESULT: {}
RESULT: {"using":"xpath","value":"//*[@id=\"__item928\"]"}
COMMAND: POST /session/eb79c257209da8ba08c59be1d775ff21/element/f.9FA5373B3500B72DA4049E533E67ABAF.d.8481EA861D0EC46E52BD70A0E7CB7F7F.e.13668/click - {}
RESULT: {}
COMMAND: POST /session/eb79c257209da8ba08c59be1d775ff21/element - {"using":"xpath","value":"//input[contains(@id ,\"application-manageresources-display-component---newResourceUnit--SHORT_TEXT-inner\")]"}
COMMAND: GET /session/eb79c257209da8ba08c59be1d775ff21/screenshot - {}
RESULT: {"using":"xpath","value":"//input[contains(@id ,\"application-manageresources-display-component---newResourceUnit--SHORT_TEXT-inner\")]"}
COMMAND: GET /session/eb79c257209da8ba08c59be1d775ff21/element/f.9FA5373B3500B72DA4049E533E67ABAF.d.8481EA861D0EC46E52BD70A0E7CB7F7F.e.13563/property/value - {}
RESULT: {}
RESULT: {}
COMMAND: POST /session/eb79c257209da8ba08c59be1d775ff21/execute/async - {"script":"<script> [1562 bytes]","args":[{"selector":{"id":"application-manageresources-display-component---newResourceUnit--WEIGHT_UNIT-arrow"},"wdio_ui5_key":"applicationmanageresources-display-component---newResourceUnit--WEIGHT_UNIT-arrow"}]}
COMMAND: GET /session/eb79c257209da8ba08c59be1d775ff21/screenshot - {}
RESULT: {"script":"<script> [1562 bytes]","args":[{"selector":{"id":"application-manageresources-display-component---newResourceUnit--WEIGHT_UNIT-arrow"},"wdio_ui5_key":"applicationmanageresources-display-component---newResourceUnit--WEIGHT_UNIT-arrow"}]}
RESULT: undefined
COMMAND: POST /session/eb79c257209da8ba08c59be1d775ff21/element - {"using":"xpath","value":"//*[@id=\"application-manageresources-display-component---newResourceUnit--WEIGHT_UNIT-arrow\"]"}
RESULT: {}
RESULT: {"using":"xpath","value":"//*[@id=\"application-manageresources-display-component---newResourceUnit--WEIGHT_UNIT-arrow\"]"}
COMMAND: POST /session/eb79c257209da8ba08c59be1d775ff21/element/f.9FA5373B3500B72DA4049E533E67ABAF.d.8481EA861D0EC46E52BD70A0E7CB7F7F.e.13669/click - {}
RESULT: {}
COMMAND: POST /session/eb79c257209da8ba08c59be1d775ff21/execute/async - {"script":"<script> [1562 bytes]","args":[{"selector":{"controlType":"sap.m.StandardListItem","viewName":"reusables.view.manageresources.NewResourceUnit","viewId":"application-manageresources-display-component---newResourceUnit","properties":{"title":"Gram"},"searchOpenDialogs":true,"interaction":{"idSuffix":"content"}},"wdio_ui5_key":"reusablesview.manageresources.NewResourceUnitsap.m.StandardListItem{\"title\":\"Gram\"}"}]}
COMMAND: GET /session/eb79c257209da8ba08c59be1d775ff21/screenshot - {}
RESULT: {"script":"<script> [1562 bytes]","args":[{"selector":{"controlType":"sap.m.StandardListItem","viewName":"reusables.view.manageresources.NewResourceUnit","viewId":"application-manageresources-display-component---newResourceUnit","properties":{"title":"Gram"},"searchOpenDialogs":true,"interaction":{"idSuffix":"content"}},"wdio_ui5_key":"reusablesview.manageresources.NewResourceUnitsap.m.StandardListItem{\"title\":\"Gram\"}"}]}
RESULT: undefined
COMMAND: POST /session/eb79c257209da8ba08c59be1d775ff21/element - {"using":"xpath","value":"//*[@id=\"__item993\"]"}
RESULT: {}
RESULT: {"using":"xpath","value":"//*[@id=\"__item993\"]"}
COMMAND: POST /session/eb79c257209da8ba08c59be1d775ff21/element/f.9FA5373B3500B72DA4049E533E67ABAF.d.8481EA861D0EC46E52BD70A0E7CB7F7F.e.13671/click - {}
RESULT: {}
COMMAND: POST /session/eb79c257209da8ba08c59be1d775ff21/execute/async - {"script":"<script> [1562 bytes]","args":[{"selector":{"id":"application-manageresources-display-component---newResourceUnit--newRRUPage-OPHeaderContent-collapseBtn-img"},"wdio_ui5_key":"applicationmanageresources-display-component---newResourceUnit--newRRUPage-OPHeaderContent-collapseBtn-img"}]}
COMMAND: GET /session/eb79c257209da8ba08c59be1d775ff21/screenshot - {}
RESULT: {"script":"<script> [1562 bytes]","args":[{"selector":{"id":"application-manageresources-display-component---newResourceUnit--newRRUPage-OPHeaderContent-collapseBtn-img"},"wdio_ui5_key":"applicationmanageresources-display-component---newResourceUnit--newRRUPage-OPHeaderContent-collapseBtn-img"}]}
RESULT: undefined
COMMAND: POST /session/eb79c257209da8ba08c59be1d775ff21/element - {"using":"xpath","value":"//*[@id=\"application-manageresources-display-component---newResourceUnit--newRRUPage-OPHeaderContent-collapseBtn-img\"]"}
RESULT: {}
RESULT: {"using":"xpath","value":"//*[@id=\"application-manageresources-display-component---newResourceUnit--newRRUPage-OPHeaderContent-collapseBtn-img\"]"}
COMMAND: POST /session/eb79c257209da8ba08c59be1d775ff21/element/f.9FA5373B3500B72DA4049E533E67ABAF.d.8481EA861D0EC46E52BD70A0E7CB7F7F.e.13553/click - {}
RESULT: {}
COMMAND: GET /session/eb79c257209da8ba08c59be1d775ff21/screenshot - {}
RESULT: {}
COMMAND: POST /session/eb79c257209da8ba08c59be1d775ff21/element - {"using":"xpath","value":"(//span[contains(@id ,\"application-manageresources-display-component---newResourceUnit--DIMENSION_UNIT-arrow\")])[1]"}
RESULT: {"using":"xpath","value":"(//span[contains(@id ,\"application-manageresources-display-component---newResourceUnit--DIMENSION_UNIT-arrow\")])[1]"}
COMMAND: POST /session/eb79c257209da8ba08c59be1d775ff21/element/f.9FA5373B3500B72DA4049E533E67ABAF.d.8481EA861D0EC46E52BD70A0E7CB7F7F.e.13677/click - {}
RESULT: {}
COMMAND: GET /session/eb79c257209da8ba08c59be1d775ff21/screenshot - {}
RESULT: {}
COMMAND: POST /session/eb79c257209da8ba08c59be1d775ff21/execute/async - {"script":"<script> [1562 bytes]","args":[{"selector":{"controlType":"sap.m.StandardListItem","viewName":"reusables.view.manageresources.NewResourceUnit","viewId":"application-manageresources-display-component---newResourceUnit","properties":{"title":"Centimeter"},"searchOpenDialogs":true,"interaction":{"idSuffix":"titleText"}},"wdio_ui5_key":"reusablesview.manageresources.NewResourceUnitsap.m.StandardListItem{\"title\":\"Centimeter\"}"}]}
RESULT: {"script":"<script> [1562 bytes]","args":[{"selector":{"controlType":"sap.m.StandardListItem","viewName":"reusables.view.manageresources.NewResourceUnit","viewId":"application-manageresources-display-component---newResourceUnit","properties":{"title":"Centimeter"},"searchOpenDialogs":true,"interaction":{"idSuffix":"titleText"}},"wdio_ui5_key":"reusablesview.manageresources.NewResourceUnitsap.m.StandardListItem{\"title\":\"Centimeter\"}"}]}
RESULT: undefined
COMMAND: POST /session/eb79c257209da8ba08c59be1d775ff21/element - {"using":"xpath","value":"//*[@id=\"__item996\"]"}
RESULT: {"using":"xpath","value":"//*[@id=\"__item996\"]"}
COMMAND: POST /session/eb79c257209da8ba08c59be1d775ff21/element/f.9FA5373B3500B72DA4049E533E67ABAF.d.8481EA861D0EC46E52BD70A0E7CB7F7F.e.13679/click - {}
RESULT: {}
COMMAND: POST /session/eb79c257209da8ba08c59be1d775ff21/execute/async - {"script":"<script> [1562 bytes]","args":[{"selector":{"id":"application-manageresources-display-component---newResourceUnit--newRRUPage-anchBar-application-manageresources-display-component---newResourceUnit--reference-anchor","interaction":{"idSuffix":"BDI-content"}},"wdio_ui5_key":"applicationmanageresources-display-component---newResourceUnit--newRRUPage-anchBar-application-manageresources-display-component---newResourceUnit--reference-anchor"}]}
COMMAND: GET /session/eb79c257209da8ba08c59be1d775ff21/screenshot - {}
RESULT: {"script":"<script> [1562 bytes]","args":[{"selector":{"id":"application-manageresources-display-component---newResourceUnit--newRRUPage-anchBar-application-manageresources-display-component---newResourceUnit--reference-anchor","interaction":{"idSuffix":"BDI-content"}},"wdio_ui5_key":"applicationmanageresources-display-component---newResourceUnit--newRRUPage-anchBar-application-manageresources-display-component---newResourceUnit--reference-anchor"}]}
RESULT: undefined
COMMAND: POST /session/eb79c257209da8ba08c59be1d775ff21/element - {"using":"xpath","value":"//*[@id=\"application-manageresources-display-component---newResourceUnit--newRRUPage-anchBar-application-manageresources-display-component---newResourceUnit--reference-anchor\"]"}
RESULT: {}
RESULT: {"using":"xpath","value":"//*[@id=\"application-manageresources-display-component---newResourceUnit--newRRUPage-anchBar-application-manageresources-display-component---newResourceUnit--reference-anchor\"]"}
COMMAND: POST /session/eb79c257209da8ba08c59be1d775ff21/element/f.9FA5373B3500B72DA4049E533E67ABAF.d.8481EA861D0EC46E52BD70A0E7CB7F7F.e.13681/click - {}
RESULT: {}
COMMAND: POST /session/eb79c257209da8ba08c59be1d775ff21/execute/async - {"script":"<script> [1562 bytes]","args":[{"selector":{"id":"application-manageresources-display-component---newResourceUnit--PLANNING_GROUP-arrow"},"wdio_ui5_key":"applicationmanageresources-display-component---newResourceUnit--PLANNING_GROUP-arrow"}]}
COMMAND: GET /session/eb79c257209da8ba08c59be1d775ff21/screenshot - {}
RESULT: {"script":"<script> [1562 bytes]","args":[{"selector":{"id":"application-manageresources-display-component---newResourceUnit--PLANNING_GROUP-arrow"},"wdio_ui5_key":"applicationmanageresources-display-component---newResourceUnit--PLANNING_GROUP-arrow"}]}
RESULT: undefined
COMMAND: POST /session/eb79c257209da8ba08c59be1d775ff21/element - {"using":"xpath","value":"//*[@id=\"application-manageresources-display-component---newResourceUnit--PLANNING_GROUP-arrow\"]"}
RESULT: {}
RESULT: {"using":"xpath","value":"//*[@id=\"application-manageresources-display-component---newResourceUnit--PLANNING_GROUP-arrow\"]"}
COMMAND: POST /session/eb79c257209da8ba08c59be1d775ff21/element/f.9FA5373B3500B72DA4049E533E67ABAF.d.8481EA861D0EC46E52BD70A0E7CB7F7F.e.13685/click - {}
RESULT: {}
COMMAND: POST /session/eb79c257209da8ba08c59be1d775ff21/execute/async - {"script":"<script> [1562 bytes]","args":[{"selector":{"controlType":"sap.m.StandardListItem","viewName":"reusables.view.manageresources.NewResourceUnit","viewId":"application-manageresources-display-component---newResourceUnit","properties":{"title":"Heavy Equi"},"searchOpenDialogs":true,"interaction":{"idSuffix":"content"}},"wdio_ui5_key":"reusablesview.manageresources.NewResourceUnitsap.m.StandardListItem{\"title\":\"Heavy Equi\"}"}]}
COMMAND: GET /session/eb79c257209da8ba08c59be1d775ff21/screenshot - {}
RESULT: {"script":"<script> [1562 bytes]","args":[{"selector":{"controlType":"sap.m.StandardListItem","viewName":"reusables.view.manageresources.NewResourceUnit","viewId":"application-manageresources-display-component---newResourceUnit","properties":{"title":"Heavy Equi"},"searchOpenDialogs":true,"interaction":{"idSuffix":"content"}},"wdio_ui5_key":"reusablesview.manageresources.NewResourceUnitsap.m.StandardListItem{\"title\":\"Heavy Equi\"}"}]}
RESULT: undefined
COMMAND: POST /session/eb79c257209da8ba08c59be1d775ff21/element - {"using":"xpath","value":"//*[@id=\"__item1004\"]"}
RESULT: {}
RESULT: {"using":"xpath","value":"//*[@id=\"__item1004\"]"}
COMMAND: POST /session/eb79c257209da8ba08c59be1d775ff21/element/f.9FA5373B3500B72DA4049E533E67ABAF.d.8481EA861D0EC46E52BD70A0E7CB7F7F.e.13687/click - {}
RESULT: {}
COMMAND: GET /session/eb79c257209da8ba08c59be1d775ff21/screenshot - {}
RESULT: {}
COMMAND: POST /session/eb79c257209da8ba08c59be1d775ff21/execute/async - {"script":"<script> [1562 bytes]","args":[{"selector":{"id":"application-manageresources-display-component---newResourceUnit--PLANNING_INDICATOR-arrow"},"wdio_ui5_key":"applicationmanageresources-display-component---newResourceUnit--PLANNING_INDICATOR-arrow"}]}
RESULT: {"script":"<script> [1562 bytes]","args":[{"selector":{"id":"application-manageresources-display-component---newResourceUnit--PLANNING_INDICATOR-arrow"},"wdio_ui5_key":"applicationmanageresources-display-component---newResourceUnit--PLANNING_INDICATOR-arrow"}]}
RESULT: undefined
COMMAND: POST /session/eb79c257209da8ba08c59be1d775ff21/element - {"using":"xpath","value":"//*[@id=\"application-manageresources-display-component---newResourceUnit--PLANNING_INDICATOR-arrow\"]"}
RESULT: {"using":"xpath","value":"//*[@id=\"application-manageresources-display-component---newResourceUnit--PLANNING_INDICATOR-arrow\"]"}
COMMAND: POST /session/eb79c257209da8ba08c59be1d775ff21/element/f.9FA5373B3500B72DA4049E533E67ABAF.d.8481EA861D0EC46E52BD70A0E7CB7F7F.e.13688/click - {}
RESULT: {}
COMMAND: POST /session/eb79c257209da8ba08c59be1d775ff21/execute/async - {"script":"<script> [1562 bytes]","args":[{"selector":{"controlType":"sap.m.StandardListItem","viewName":"reusables.view.manageresources.NewResourceUnit","viewId":"application-manageresources-display-component---newResourceUnit","properties":{"title":"10 - infinite"},"searchOpenDialogs":true,"interaction":{"idSuffix":"content"}},"wdio_ui5_key":"reusablesview.manageresources.NewResourceUnitsap.m.StandardListItem{\"title\":\"10 - infinite\"}"}]}
COMMAND: GET /session/eb79c257209da8ba08c59be1d775ff21/screenshot - {}
RESULT: {"script":"<script> [1562 bytes]","args":[{"selector":{"controlType":"sap.m.StandardListItem","viewName":"reusables.view.manageresources.NewResourceUnit","viewId":"application-manageresources-display-component---newResourceUnit","properties":{"title":"10 - infinite"},"searchOpenDialogs":true,"interaction":{"idSuffix":"content"}},"wdio_ui5_key":"reusablesview.manageresources.NewResourceUnitsap.m.StandardListItem{\"title\":\"10 - infinite\"}"}]}
RESULT: undefined
COMMAND: POST /session/eb79c257209da8ba08c59be1d775ff21/element - {"using":"xpath","value":"//*[@id=\"__item1014\"]"}
RESULT: {}
RESULT: {"using":"xpath","value":"//*[@id=\"__item1014\"]"}
COMMAND: POST /session/eb79c257209da8ba08c59be1d775ff21/element/f.9FA5373B3500B72DA4049E533E67ABAF.d.8481EA861D0EC46E52BD70A0E7CB7F7F.e.13690/click - {}
RESULT: {}
COMMAND: GET /session/eb79c257209da8ba08c59be1d775ff21/screenshot - {}
RESULT: {}
COMMAND: POST /session/eb79c257209da8ba08c59be1d775ff21/element - {"using":"xpath","value":"//bdi[contains(text(), \"Time Segment\")]"}
RESULT: {"using":"xpath","value":"//bdi[contains(text(), \"Time Segment\")]"}
COMMAND: GET /session/eb79c257209da8ba08c59be1d775ff21/element/f.9FA5373B3500B72DA4049E533E67ABAF.d.8481EA861D0EC46E52BD70A0E7CB7F7F.e.13691/rect - {}
RESULT: {}
COMMAND: GET /session/eb79c257209da8ba08c59be1d775ff21/window/rect - {}
RESULT: {}
COMMAND: POST /session/eb79c257209da8ba08c59be1d775ff21/execute/sync - {"script":"<script> [92 bytes]","args":[]}
RESULT: {"script":"<script> [92 bytes]","args":[]}
COMMAND: POST /session/eb79c257209da8ba08c59be1d775ff21/actions - {"actions":[{"id":"action69","type":"wheel","parameters":{},"actions":[{"type":"scroll","x":-1820,"y":-21,"deltaX":0,"deltaY":0,"duration":0,"origin":{"element-6066-11e4-a52e-4f735466cecf":"f.9FA5373B3500B72DA4049E533E67ABAF.d.8481EA861D0EC46E52BD70A0E7CB7F7F.e.13691"}}]}]}
COMMAND: GET /session/eb79c257209da8ba08c59be1d775ff21/screenshot - {}
RESULT: {}
COMMAND: POST /session/eb79c257209da8ba08c59be1d775ff21/execute/sync - {"script":"<script> [79 bytes]","args":[{"element-6066-11e4-a52e-4f735466cecf":"f.9FA5373B3500B72DA4049E533E67ABAF.d.8481EA861D0EC46E52BD70A0E7CB7F7F.e.13691","ELEMENT":"f.9FA5373B3500B72DA4049E533E67ABAF.d.8481EA861D0EC46E52BD70A0E7CB7F7F.e.13691"},{"block":"start","inline":"nearest"}]}
RESULT: {"script":"<script> [79 bytes]","args":[{"element-6066-11e4-a52e-4f735466cecf":"f.9FA5373B3500B72DA4049E533E67ABAF.d.8481EA861D0EC46E52BD70A0E7CB7F7F.e.13691","ELEMENT":"f.9FA5373B3500B72DA4049E533E67ABAF.d.8481EA861D0EC46E52BD70A0E7CB7F7F.e.13691"},{"block":"start","inline":"nearest"}]}
COMMAND: GET /session/eb79c257209da8ba08c59be1d775ff21/screenshot - {}
RESULT: {}
COMMAND: POST /session/eb79c257209da8ba08c59be1d775ff21/element - {"using":"xpath","value":"//span[@id=\"application-manageresources-display-component---newResourceUnit--btnAddTimeSegment-img\"]"}
RESULT: {"using":"xpath","value":"//span[@id=\"application-manageresources-display-component---newResourceUnit--btnAddTimeSegment-img\"]"}
COMMAND: POST /session/eb79c257209da8ba08c59be1d775ff21/execute/sync - {"script":"<script> [8489 bytes]","args":[{"element-6066-11e4-a52e-4f735466cecf":"f.9FA5373B3500B72DA4049E533E67ABAF.d.8481EA861D0EC46E52BD70A0E7CB7F7F.e.13694","ELEMENT":"f.9FA5373B3500B72DA4049E533E67ABAF.d.8481EA861D0EC46E52BD70A0E7CB7F7F.e.13694"}]}
RESULT: {"script":"<script> [8489 bytes]","args":[{"element-6066-11e4-a52e-4f735466cecf":"f.9FA5373B3500B72DA4049E533E67ABAF.d.8481EA861D0EC46E52BD70A0E7CB7F7F.e.13694","ELEMENT":"f.9FA5373B3500B72DA4049E533E67ABAF.d.8481EA861D0EC46E52BD70A0E7CB7F7F.e.13694"}]}
COMMAND: POST /session/eb79c257209da8ba08c59be1d775ff21/element/f.9FA5373B3500B72DA4049E533E67ABAF.d.8481EA861D0EC46E52BD70A0E7CB7F7F.e.13694/click - {}
COMMAND: GET /session/eb79c257209da8ba08c59be1d775ff21/screenshot - {}
RESULT: {}
COMMAND: GET /session/eb79c257209da8ba08c59be1d775ff21/screenshot - {}
RESULT: {}
RESULT: {}
COMMAND: POST /session/eb79c257209da8ba08c59be1d775ff21/element - {"using":"xpath","value":"//input[@id=\"application-manageresources-display-component---newResourceUnit--idRuTSAdmin-application-manageresources-display-component---newResourceUnit--RUTimeSegment-0-inner\"]"}
RESULT: {"using":"xpath","value":"//input[@id=\"application-manageresources-display-component---newResourceUnit--idRuTSAdmin-application-manageresources-display-component---newResourceUnit--RUTimeSegment-0-inner\"]"}
COMMAND: POST /session/eb79c257209da8ba08c59be1d775ff21/element/f.9FA5373B3500B72DA4049E533E67ABAF.d.8481EA861D0EC46E52BD70A0E7CB7F7F.e.13697/clear - {}
RESULT: {}
COMMAND: POST /session/eb79c257209da8ba08c59be1d775ff21/element/f.9FA5373B3500B72DA4049E533E67ABAF.d.8481EA861D0EC46E52BD70A0E7CB7F7F.e.13697/value - {"text":"WebdriverYard2gexg"}
COMMAND: GET /session/eb79c257209da8ba08c59be1d775ff21/screenshot - {}
RESULT: {"text":"WebdriverYard2gexg"}
COMMAND: GET /session/eb79c257209da8ba08c59be1d775ff21/screenshot - {}
RESULT: {}
RESULT: {}
COMMAND: POST /session/eb79c257209da8ba08c59be1d775ff21/actions - {"actions":[{"id":"action70","type":"key","parameters":{},"actions":[{"type":"keyDown","value":""},{"type":"pause","duration":10},{"type":"keyUp","value":""}]}]}
RESULT: {"actions":[{"id":"action70","type":"key","parameters":{},"actions":[{"type":"keyDown","value":""},{"type":"pause","duration":10},{"type":"keyUp","value":""}]}]}
COMMAND: GET /session/eb79c257209da8ba08c59be1d775ff21/screenshot - {}
RESULT: {}
COMMAND: POST /session/eb79c257209da8ba08c59be1d775ff21/execute/async - {"script":"<script> [1562 bytes]","args":[{"selector":{"controlType":"sap.m.Button","viewName":"reusables.view.manageresources.NewResourceUnit","viewId":"application-manageresources-display-component---newResourceUnit","i18NText":{"propertyName":"tooltip","key":"save"},"interaction":{"idSuffix":"BDI-content"}},"wdio_ui5_key":"reusablesview.manageresources.NewResourceUnitsap.m.Button{\"propertyName\":\"tooltip\",\"key\":\"save\"}"}]}
RESULT: {"script":"<script> [1562 bytes]","args":[{"selector":{"controlType":"sap.m.Button","viewName":"reusables.view.manageresources.NewResourceUnit","viewId":"application-manageresources-display-component---newResourceUnit","i18NText":{"propertyName":"tooltip","key":"save"},"interaction":{"idSuffix":"BDI-content"}},"wdio_ui5_key":"reusablesview.manageresources.NewResourceUnitsap.m.Button{\"propertyName\":\"tooltip\",\"key\":\"save\"}"}]}
RESULT: undefined
COMMAND: POST /session/eb79c257209da8ba08c59be1d775ff21/element - {"using":"xpath","value":"//*[@id=\"application-manageresources-display-component---newResourceUnit--createRuButton\"]"}
RESULT: {"using":"xpath","value":"//*[@id=\"application-manageresources-display-component---newResourceUnit--createRuButton\"]"}
COMMAND: POST /session/eb79c257209da8ba08c59be1d775ff21/element/f.9FA5373B3500B72DA4049E533E67ABAF.d.8481EA861D0EC46E52BD70A0E7CB7F7F.e.13559/click - {}
RESULT: {}
COMMAND: GET /session/eb79c257209da8ba08c59be1d775ff21/screenshot - {}
RESULT: {}
COMMAND: POST /session/eb79c257209da8ba08c59be1d775ff21/execute/async - {"script":"<script> [1562 bytes]","args":[{"selector":{"controlType":"sap.m.Title","properties":{"text":"Success"},"searchOpenDialogs":true},"wdio_ui5_key":"sapm.Title{\"text\":\"Success\"}"}]}
RESULT: {"script":"<script> [1562 bytes]","args":[{"selector":{"controlType":"sap.m.Title","properties":{"text":"Success"},"searchOpenDialogs":true},"wdio_ui5_key":"sapm.Title{\"text\":\"Success\"}"}]}
RESULT: undefined
COMMAND: POST /session/eb79c257209da8ba08c59be1d775ff21/execute/async - {"script":"<script> [6424 bytes]","args":[{"element-6066-11e4-a52e-4f735466cecf":"f.9FA5373B3500B72DA4049E533E67ABAF.d.8481EA861D0EC46E52BD70A0E7CB7F7F.e.13712"},"getText",[]]}
RESULT: {"script":"<script> [6424 bytes]","args":[{"element-6066-11e4-a52e-4f735466cecf":"f.9FA5373B3500B72DA4049E533E67ABAF.d.8481EA861D0EC46E52BD70A0E7CB7F7F.e.13712"},"getText",[]]}
COMMAND: POST /session/eb79c257209da8ba08c59be1d775ff21/element - {"using":"xpath","value":"//*[contains(@id, '__text') and (contains(text(), 'successfully created') or contains(., 'successfully created'))]"}
RESULT: {"using":"xpath","value":"//*[contains(@id, '__text') and (contains(text(), 'successfully created') or contains(., 'successfully created'))]"}
COMMAND: GET /session/eb79c257209da8ba08c59be1d775ff21/element/f.9FA5373B3500B72DA4049E533E67ABAF.d.8481EA861D0EC46E52BD70A0E7CB7F7F.e.13711/text - {}
RESULT: {}
COMMAND: POST /session/eb79c257209da8ba08c59be1d775ff21/execute/async - {"script":"<script> [1562 bytes]","args":[{"selector":{"controlType":"sap.m.Button","properties":{"text":"Close"},"searchOpenDialogs":true,"interaction":{"idSuffix":"BDI-content"}},"wdio_ui5_key":"sapm.Button{\"text\":\"Close\"}"}]}
RESULT: {"script":"<script> [1562 bytes]","args":[{"selector":{"controlType":"sap.m.Button","properties":{"text":"Close"},"searchOpenDialogs":true,"interaction":{"idSuffix":"BDI-content"}},"wdio_ui5_key":"sapm.Button{\"text\":\"Close\"}"}]}
RESULT: undefined
COMMAND: POST /session/eb79c257209da8ba08c59be1d775ff21/element - {"using":"xpath","value":"//*[@id=\"__mbox-btn-0\"]"}
RESULT: {"using":"xpath","value":"//*[@id=\"__mbox-btn-0\"]"}
COMMAND: POST /session/eb79c257209da8ba08c59be1d775ff21/element/f.9FA5373B3500B72DA4049E533E67ABAF.d.8481EA861D0EC46E52BD70A0E7CB7F7F.e.13709/click - {}
RESULT: {}
COMMAND: GET /session/eb79c257209da8ba08c59be1d775ff21/screenshot - {}
RESULT: {}
COMMAND: POST /session/eb79c257209da8ba08c59be1d775ff21/execute/async - {"script":"<script> [1562 bytes]","args":[{"selector":{"controlType":"sap.ui.core.Icon","viewName":"etm.portal.ui.manageresources.view.Detail","viewId":"application-manageresources-display-component---detailRU","properties":{"src":{"regex":{"source":"overflow"}}}},"wdio_ui5_key":"etmportal.ui.manageresources.view.Detailsap.ui.core.Icon{\"src\":{\"regex\":{\"source\":\"overflow\"}}}"}]}
RESULT: {"script":"<script> [1562 bytes]","args":[{"selector":{"controlType":"sap.ui.core.Icon","viewName":"etm.portal.ui.manageresources.view.Detail","viewId":"application-manageresources-display-component---detailRU","properties":{"src":{"regex":{"source":"overflow"}}}},"wdio_ui5_key":"etmportal.ui.manageresources.view.Detailsap.ui.core.Icon{\"src\":{\"regex\":{\"source\":\"overflow\"}}}"}]}
RESULT: undefined
COMMAND: POST /session/eb79c257209da8ba08c59be1d775ff21/element - {"using":"xpath","value":"//*[@id=\"__title36-_actionsToolbar-overflowButton-img\"]"}
RESULT: {"using":"xpath","value":"//*[@id=\"__title36-_actionsToolbar-overflowButton-img\"]"}
COMMAND: POST /session/eb79c257209da8ba08c59be1d775ff21/element/f.9FA5373B3500B72DA4049E533E67ABAF.d.8481EA861D0EC46E52BD70A0E7CB7F7F.e.13751/click - {}
RESULT: {}
COMMAND: POST /session/eb79c257209da8ba08c59be1d775ff21/execute/async - {"script":"<script> [1562 bytes]","args":[{"selector":{"controlType":"sap.m.Button","viewName":"etm.portal.ui.manageresources.view.Detail","viewId":"application-manageresources-display-component---detailRU","i18NText":{"propertyName":"tooltip","key":"closeColumn"},"searchOpenDialogs":true,"interaction":{"idSuffix":"inner"}},"wdio_ui5_key":"etmportal.ui.manageresources.view.Detailsap.m.Button{\"propertyName\":\"tooltip\",\"key\":\"closeColumn\"}"}]}
COMMAND: GET /session/eb79c257209da8ba08c59be1d775ff21/screenshot - {}
RESULT: {"script":"<script> [1562 bytes]","args":[{"selector":{"controlType":"sap.m.Button","viewName":"etm.portal.ui.manageresources.view.Detail","viewId":"application-manageresources-display-component---detailRU","i18NText":{"propertyName":"tooltip","key":"closeColumn"},"searchOpenDialogs":true,"interaction":{"idSuffix":"inner"}},"wdio_ui5_key":"etmportal.ui.manageresources.view.Detailsap.m.Button{\"propertyName\":\"tooltip\",\"key\":\"closeColumn\"}"}]}
RESULT: undefined
COMMAND: POST /session/eb79c257209da8ba08c59be1d775ff21/element - {"using":"xpath","value":"//*[@id=\"__button151\"]"}
RESULT: {}
RESULT: {"using":"xpath","value":"//*[@id=\"__button151\"]"}
COMMAND: POST /session/eb79c257209da8ba08c59be1d775ff21/element/f.9FA5373B3500B72DA4049E533E67ABAF.d.8481EA861D0EC46E52BD70A0E7CB7F7F.e.13753/click - {}
RESULT: {}
COMMAND: GET /session/eb79c257209da8ba08c59be1d775ff21/screenshot - {}
RESULT: {}
COMMAND: POST /session/eb79c257209da8ba08c59be1d775ff21/refresh - {}
RESULT: {}
COMMAND: GET /session/eb79c257209da8ba08c59be1d775ff21/screenshot - {}
RESULT: {}
COMMAND: POST /session/eb79c257209da8ba08c59be1d775ff21/execute/async - {"script":"<script> [189 bytes]","args":[]}
RESULT: {"script":"<script> [189 bytes]","args":[]}
COMMAND: POST /session/eb79c257209da8ba08c59be1d775ff21/execute/async - {"script":"<script> [123 bytes]","args":[]}
RESULT: {"script":"<script> [123 bytes]","args":[]}
COMMAND: POST /session/eb79c257209da8ba08c59be1d775ff21/timeouts - {"script":"<number>"}
RESULT: {"script":"<number>"}
COMMAND: GET /session/eb79c257209da8ba08c59be1d775ff21/timeouts - {}
RESULT: {}
RESULT: undefined
COMMAND: POST /session/eb79c257209da8ba08c59be1d775ff21/execute/async - {"script":"<script> [2676 bytes]","args":[]}
RESULT: {"script":"<script> [2676 bytes]","args":[]}
COMMAND: POST /session/eb79c257209da8ba08c59be1d775ff21/execute/async - {"script":"<script> [2342 bytes]","args":[{"protocol":"http","hostname":"0.0.0.0","path":"/","capabilities":{"browserName":"chrome","goog:chromeOptions":{"binary":"C:\\Program Files\\Google\\Chrome\\Application\\chrome.exe","args":["--start-maximized"]}},"logLevel":"warn","connectionRetryTimeout":120000,"connectionRetryCount":3,"logLevels":{},"enableDirectConnect":true,"strictSSL":true,"_":"65 more keys: [\"cacheDir\",\"port\",\"requestedCapabilities\",\"automationProtocol\",\"baseUrl\",\"waitforInterval\",\"waitforTimeout\",\"onReload\",\"beforeCommand\",\"afterCommand\",\"rootDir\",\"specs\",\"suites\",\"exclude\",\"groupLogsByTestSpec\",\"excludeDriverLogs\",\"bail\",\"framework\",\"reporters\",\"services\",\"maxInstances\",\"maxInstancesPerCapability\",\"injectGlobals\",\"filesToWatch\",\"execArgv\",\"runnerEnv\",\"runner\",\"shard\",\"specFileRetries\",\"specFileRetriesDelay\",\"specFileRetriesDeferred\",\"reporterSyncInterval\",\"reporterSyncTimeout\",\"cucumberFeaturesWithLineNumbers\",\"autoCompileOpts\",\"mochaOpts\",\"jasmineOpts\",\"cucumberOpts\",\"onPrepare\",\"onWorkerStart\",\"onWorkerEnd\",\"before\",\"beforeSession\",\"beforeSuite\",\"beforeHook\",\"beforeTest\",\"afterTest\",\"afterHook\",\"afterSuite\",\"afterSession\",\"after\",\"onComplete\",\"beforeAssertion\",\"afterAssertion\",\"beforeFeature\",\"beforeScenario\",\"beforeStep\",\"afterStep\",\"afterScenario\",\"afterFeature\",\"_\",\"suite\",\"$0\",\"ignoredWorkerServices\",\"wdi5\"]"}]}
RESULT: {"script":"<script> [2342 bytes]","args":[{"protocol":"http","hostname":"0.0.0.0","path":"/","capabilities":{"browserName":"chrome","goog:chromeOptions":{"binary":"C:\\Program Files\\Google\\Chrome\\Application\\chrome.exe","args":["--start-maximized"]}},"logLevel":"warn","connectionRetryTimeout":120000,"connectionRetryCount":3,"logLevels":{},"enableDirectConnect":true,"strictSSL":true,"_":"65 more keys: [\"cacheDir\",\"port\",\"requestedCapabilities\",\"automationProtocol\",\"baseUrl\",\"waitforInterval\",\"waitforTimeout\",\"onReload\",\"beforeCommand\",\"afterCommand\",\"rootDir\",\"specs\",\"suites\",\"exclude\",\"groupLogsByTestSpec\",\"excludeDriverLogs\",\"bail\",\"framework\",\"reporters\",\"services\",\"maxInstances\",\"maxInstancesPerCapability\",\"injectGlobals\",\"filesToWatch\",\"execArgv\",\"runnerEnv\",\"runner\",\"shard\",\"specFileRetries\",\"specFileRetriesDelay\",\"specFileRetriesDeferred\",\"reporterSyncInterval\",\"reporterSyncTimeout\",\"cucumberFeaturesWithLineNumbers\",\"autoCompileOpts\",\"mochaOpts\",\"jasmineOpts\",\"cucumberOpts\",\"onPrepare\",\"onWorkerStart\",\"onWorkerEnd\",\"before\",\"beforeSession\",\"beforeSuite\",\"beforeHook\",\"beforeTest\",\"afterTest\",\"afterHook\",\"afterSuite\",\"afterSession\",\"after\",\"onComplete\",\"beforeAssertion\",\"afterAssertion\",\"beforeFeature\",\"beforeScenario\",\"beforeStep\",\"afterStep\",\"afterScenario\",\"afterFeature\",\"_\",\"suite\",\"$0\",\"ignoredWorkerServices\",\"wdi5\"]"}]}
COMMAND: POST /session/eb79c257209da8ba08c59be1d775ff21/execute/async - {"script":"<script> [21126 bytes]","args":[35000]}
RESULT: {"script":"<script> [21126 bytes]","args":[35000]}
COMMAND: POST /session/eb79c257209da8ba08c59be1d775ff21/element - {"using":"css selector","value":"#shell-header-logo"}
RESULT: {"using":"css selector","value":"#shell-header-logo"}
COMMAND: POST /session/eb79c257209da8ba08c59be1d775ff21/element/f.9FA5373B3500B72DA4049E533E67ABAF.d.233208C24B08A62911E899D462A1D5EC.e.13854/click - {}
RESULT: {}
COMMAND: GET /session/eb79c257209da8ba08c59be1d775ff21/screenshot - {}
RESULT: {}
COMMAND: POST /session/eb79c257209da8ba08c59be1d775ff21/execute/async - {"script":"<script> [1562 bytes]","args":[{"selector":{"controlType":"sap.m.GenericTile","properties":{"header":"Manage Handovers"}},"wdio_ui5_key":"sapm.GenericTile{\"header\":\"Manage Handovers\"}"}]}
RESULT: {"script":"<script> [1562 bytes]","args":[{"selector":{"controlType":"sap.m.GenericTile","properties":{"header":"Manage Handovers"}},"wdio_ui5_key":"sapm.GenericTile{\"header\":\"Manage Handovers\"}"}]}
RESULT: undefined
COMMAND: POST /session/eb79c257209da8ba08c59be1d775ff21/element - {"using":"xpath","value":"//*[@id=\"__tile131\"]"}
RESULT: {"using":"xpath","value":"//*[@id=\"__tile131\"]"}
COMMAND: POST /session/eb79c257209da8ba08c59be1d775ff21/element/f.9FA5373B3500B72DA4049E533E67ABAF.d.233208C24B08A62911E899D462A1D5EC.e.14042/click - {}
RESULT: {}
COMMAND: GET /session/eb79c257209da8ba08c59be1d775ff21/screenshot - {}
RESULT: {}
COMMAND: POST /session/eb79c257209da8ba08c59be1d775ff21/elements - {"using":"xpath","value":"//span[text()='Error']"}
RESULT: {"using":"xpath","value":"//span[text()='Error']"}
COMMAND: POST /session/eb79c257209da8ba08c59be1d775ff21/element - {"using":"xpath","value":"//button[@data-kt=\"masterHOAddButton\"]"}
RESULT: {"using":"xpath","value":"//button[@data-kt=\"masterHOAddButton\"]"}
COMMAND: POST /session/eb79c257209da8ba08c59be1d775ff21/execute/sync - {"script":"<script> [8489 bytes]","args":[{"element-6066-11e4-a52e-4f735466cecf":"f.9FA5373B3500B72DA4049E533E67ABAF.d.233208C24B08A62911E899D462A1D5EC.e.14084","ELEMENT":"f.9FA5373B3500B72DA4049E533E67ABAF.d.233208C24B08A62911E899D462A1D5EC.e.14084"}]}
RESULT: {"script":"<script> [8489 bytes]","args":[{"element-6066-11e4-a52e-4f735466cecf":"f.9FA5373B3500B72DA4049E533E67ABAF.d.233208C24B08A62911E899D462A1D5EC.e.14084","ELEMENT":"f.9FA5373B3500B72DA4049E533E67ABAF.d.233208C24B08A62911E899D462A1D5EC.e.14084"}]}
COMMAND: POST /session/eb79c257209da8ba08c59be1d775ff21/element/f.9FA5373B3500B72DA4049E533E67ABAF.d.233208C24B08A62911E899D462A1D5EC.e.14084/click - {}
COMMAND: GET /session/eb79c257209da8ba08c59be1d775ff21/screenshot - {}
RESULT: {}
COMMAND: GET /session/eb79c257209da8ba08c59be1d775ff21/screenshot - {}
RESULT: {}
RESULT: {}
COMMAND: POST /session/eb79c257209da8ba08c59be1d775ff21/element - {"using":"xpath","value":"//span[contains(@id ,\"AddNewHO--typeSelect-arrow\")]"}
RESULT: {"using":"xpath","value":"//span[contains(@id ,\"AddNewHO--typeSelect-arrow\")]"}
COMMAND: POST /session/eb79c257209da8ba08c59be1d775ff21/element/f.9FA5373B3500B72DA4049E533E67ABAF.d.233208C24B08A62911E899D462A1D5EC.e.14373/click - {}
RESULT: {}
COMMAND: GET /session/eb79c257209da8ba08c59be1d775ff21/screenshot - {}
RESULT: {}
COMMAND: POST /session/eb79c257209da8ba08c59be1d775ff21/element - {"using":"xpath","value":"(//li[contains(text(), \"stock increase yard\")])[1]"}
RESULT: {"using":"xpath","value":"(//li[contains(text(), \"stock increase yard\")])[1]"}
COMMAND: POST /session/eb79c257209da8ba08c59be1d775ff21/element/f.9FA5373B3500B72DA4049E533E67ABAF.d.233208C24B08A62911E899D462A1D5EC.e.14376/click - {}
RESULT: {}
COMMAND: GET /session/eb79c257209da8ba08c59be1d775ff21/screenshot - {}
RESULT: {}
COMMAND: POST /session/eb79c257209da8ba08c59be1d775ff21/execute/async - {"script":"<script> [1562 bytes]","args":[{"selector":{"id":"application-managehandovers-display-component---AddNewHO--dueDate","interaction":{"idSuffix":"inner"}},"wdio_ui5_key":"applicationmanagehandovers-display-component---AddNewHO--dueDate"}]}
RESULT: {"script":"<script> [1562 bytes]","args":[{"selector":{"id":"application-managehandovers-display-component---AddNewHO--dueDate","interaction":{"idSuffix":"inner"}},"wdio_ui5_key":"applicationmanagehandovers-display-component---AddNewHO--dueDate"}]}
RESULT: undefined
COMMAND: POST /session/eb79c257209da8ba08c59be1d775ff21/execute/async - {"script":"<script> [6424 bytes]","args":[{"element-6066-11e4-a52e-4f735466cecf":"f.9FA5373B3500B72DA4049E533E67ABAF.d.233208C24B08A62911E899D462A1D5EC.e.14378"},"setValue",["5/24/25"]]}
RESULT: {"script":"<script> [6424 bytes]","args":[{"element-6066-11e4-a52e-4f735466cecf":"f.9FA5373B3500B72DA4049E533E67ABAF.d.233208C24B08A62911E899D462A1D5EC.e.14378"},"setValue",["5/24/25"]]}
COMMAND: POST /session/eb79c257209da8ba08c59be1d775ff21/element - {"using":"xpath","value":"//input[@id=\"generalSectionFrg--receiveYard-inner\"]"}
RESULT: {"using":"xpath","value":"//input[@id=\"generalSectionFrg--receiveYard-inner\"]"}
COMMAND: POST /session/eb79c257209da8ba08c59be1d775ff21/element/f.9FA5373B3500B72DA4049E533E67ABAF.d.233208C24B08A62911E899D462A1D5EC.e.14384/clear - {}
RESULT: {}
COMMAND: POST /session/eb79c257209da8ba08c59be1d775ff21/element/f.9FA5373B3500B72DA4049E533E67ABAF.d.233208C24B08A62911E899D462A1D5EC.e.14384/value - {"text":"WebdriverYard2gexg"}
COMMAND: GET /session/eb79c257209da8ba08c59be1d775ff21/screenshot - {}
RESULT: {"text":"WebdriverYard2gexg"}
COMMAND: GET /session/eb79c257209da8ba08c59be1d775ff21/screenshot - {}
RESULT: {}
RESULT: {}
COMMAND: POST /session/eb79c257209da8ba08c59be1d775ff21/execute/async - {"script":"<script> [1562 bytes]","args":[{"selector":{"id":"application-managehandovers-display-component---AddNewHO--ObjectPageLayout-anchBar-application-managehandovers-display-component---AddNewHO--section4-anchor","interaction":{"idSuffix":"BDI-content"}},"wdio_ui5_key":"applicationmanagehandovers-display-component---AddNewHO--ObjectPageLayout-anchBar-application-managehandovers-display-component---AddNewHO--section4-anchor"}]}
RESULT: {"script":"<script> [1562 bytes]","args":[{"selector":{"id":"application-managehandovers-display-component---AddNewHO--ObjectPageLayout-anchBar-application-managehandovers-display-component---AddNewHO--section4-anchor","interaction":{"idSuffix":"BDI-content"}},"wdio_ui5_key":"applicationmanagehandovers-display-component---AddNewHO--ObjectPageLayout-anchBar-application-managehandovers-display-component---AddNewHO--section4-anchor"}]}
RESULT: undefined
COMMAND: POST /session/eb79c257209da8ba08c59be1d775ff21/element - {"using":"xpath","value":"//*[@id=\"application-managehandovers-display-component---AddNewHO--ObjectPageLayout-anchBar-application-managehandovers-display-component---AddNewHO--section4-anchor\"]"}
RESULT: {"using":"xpath","value":"//*[@id=\"application-managehandovers-display-component---AddNewHO--ObjectPageLayout-anchBar-application-managehandovers-display-component---AddNewHO--section4-anchor\"]"}
COMMAND: POST /session/eb79c257209da8ba08c59be1d775ff21/element/f.9FA5373B3500B72DA4049E533E67ABAF.d.233208C24B08A62911E899D462A1D5EC.e.14403/click - {}
RESULT: {}
COMMAND: GET /session/eb79c257209da8ba08c59be1d775ff21/screenshot - {}
RESULT: {}
COMMAND: POST /session/eb79c257209da8ba08c59be1d775ff21/element - {"using":"xpath","value":"//button[@aria-label=\"Add\"]"}
RESULT: {"using":"xpath","value":"//button[@aria-label=\"Add\"]"}
COMMAND: POST /session/eb79c257209da8ba08c59be1d775ff21/element/f.9FA5373B3500B72DA4049E533E67ABAF.d.233208C24B08A62911E899D462A1D5EC.e.14407/click - {}
RESULT: {}
COMMAND: GET /session/eb79c257209da8ba08c59be1d775ff21/screenshot - {}
RESULT: {}
COMMAND: POST /session/eb79c257209da8ba08c59be1d775ff21/execute/async - {"script":"<script> [1562 bytes]","args":[{"selector":{"id":"application-managehandovers-display-component---AddNewHO--smartFilterBar-btnBasicSearch","searchOpenDialogs":true,"interaction":{"idSuffix":"I"}},"wdio_ui5_key":"applicationmanagehandovers-display-component---AddNewHO--smartFilterBar-btnBasicSearch"}]}
RESULT: {"script":"<script> [1562 bytes]","args":[{"selector":{"id":"application-managehandovers-display-component---AddNewHO--smartFilterBar-btnBasicSearch","searchOpenDialogs":true,"interaction":{"idSuffix":"I"}},"wdio_ui5_key":"applicationmanagehandovers-display-component---AddNewHO--smartFilterBar-btnBasicSearch"}]}
RESULT: undefined
COMMAND: POST /session/eb79c257209da8ba08c59be1d775ff21/execute/async - {"script":"<script> [776 bytes]","args":[{"enterText":"WebdriverRUR2C8llss","selector":{"id":"application-managehandovers-display-component---AddNewHO--smartFilterBar-btnBasicSearch","searchOpenDialogs":true,"interaction":{"idSuffix":"I"}},"clearTextFirst":true,"interactionType":"ENTER_TEXT"}]}
RESULT: {"script":"<script> [776 bytes]","args":[{"enterText":"WebdriverRUR2C8llss","selector":{"id":"application-managehandovers-display-component---AddNewHO--smartFilterBar-btnBasicSearch","searchOpenDialogs":true,"interaction":{"idSuffix":"I"}},"clearTextFirst":true,"interactionType":"ENTER_TEXT"}]}
COMMAND: POST /session/eb79c257209da8ba08c59be1d775ff21/actions - {"actions":[{"id":"action71","type":"key","parameters":{},"actions":[{"type":"keyDown","value":""},{"type":"pause","duration":10},{"type":"keyUp","value":""}]}]}
RESULT: {"actions":[{"id":"action71","type":"key","parameters":{},"actions":[{"type":"keyDown","value":""},{"type":"pause","duration":10},{"type":"keyUp","value":""}]}]}
COMMAND: POST /session/eb79c257209da8ba08c59be1d775ff21/execute/async - {"script":"<script> [1562 bytes]","args":[{"selector":{"id":"application-managehandovers-display-component---AddNewHO--popup-sa","searchOpenDialogs":true,"interaction":{"idSuffix":"CbBg"}},"wdio_ui5_key":"applicationmanagehandovers-display-component---AddNewHO--popup-sa"}]}
COMMAND: GET /session/eb79c257209da8ba08c59be1d775ff21/screenshot - {}
RESULT: {"script":"<script> [1562 bytes]","args":[{"selector":{"id":"application-managehandovers-display-component---AddNewHO--popup-sa","searchOpenDialogs":true,"interaction":{"idSuffix":"CbBg"}},"wdio_ui5_key":"applicationmanagehandovers-display-component---AddNewHO--popup-sa"}]}
RESULT: undefined
COMMAND: POST /session/eb79c257209da8ba08c59be1d775ff21/element - {"using":"xpath","value":"//*[@id=\"application-managehandovers-display-component---AddNewHO--popup-sa\"]"}
RESULT: {}
RESULT: {"using":"xpath","value":"//*[@id=\"application-managehandovers-display-component---AddNewHO--popup-sa\"]"}
COMMAND: POST /session/eb79c257209da8ba08c59be1d775ff21/element/f.9FA5373B3500B72DA4049E533E67ABAF.d.233208C24B08A62911E899D462A1D5EC.e.14497/click - {}
RESULT: {}
COMMAND: GET /session/eb79c257209da8ba08c59be1d775ff21/screenshot - {}
RESULT: {}
COMMAND: POST /session/eb79c257209da8ba08c59be1d775ff21/element - {"using":"xpath","value":"//bdi[contains(text(), \"Select\")]"}
RESULT: {"using":"xpath","value":"//bdi[contains(text(), \"Select\")]"}
COMMAND: POST /session/eb79c257209da8ba08c59be1d775ff21/element/f.9FA5373B3500B72DA4049E533E67ABAF.d.233208C24B08A62911E899D462A1D5EC.e.14498/click - {}
RESULT: {}
COMMAND: GET /session/eb79c257209da8ba08c59be1d775ff21/screenshot - {}
RESULT: {}
COMMAND: POST /session/eb79c257209da8ba08c59be1d775ff21/execute/async - {"script":"<script> [1562 bytes]","args":[{"selector":{"controlType":"sap.m.Input","viewName":"etm.portal.ui.managehandovers.view.AddNewHO","viewId":"application-managehandovers-display-component---AddNewHO","bindingPath":{"path":"/items/0","propertyPath":"TYPE","modelName":"hoItemsModel"},"interaction":{"idSuffix":"inner"}},"wdio_ui5_key":"etmportal.ui.managehandovers.view.AddNewHOsap.m.Input{\"path\":\"/items/0\",\"propertyPath\":\"TYPE\",\"modelName\":\"hoItemsModel\"}"}]}
RESULT: {"script":"<script> [1562 bytes]","args":[{"selector":{"controlType":"sap.m.Input","viewName":"etm.portal.ui.managehandovers.view.AddNewHO","viewId":"application-managehandovers-display-component---AddNewHO","bindingPath":{"path":"/items/0","propertyPath":"TYPE","modelName":"hoItemsModel"},"interaction":{"idSuffix":"inner"}},"wdio_ui5_key":"etmportal.ui.managehandovers.view.AddNewHOsap.m.Input{\"path\":\"/items/0\",\"propertyPath\":\"TYPE\",\"modelName\":\"hoItemsModel\"}"}]}
RESULT: undefined
COMMAND: POST /session/eb79c257209da8ba08c59be1d775ff21/execute/async - {"script":"<script> [776 bytes]","args":[{"enterText":"100","selector":{"controlType":"sap.m.Input","viewName":"etm.portal.ui.managehandovers.view.AddNewHO","viewId":"application-managehandovers-display-component---AddNewHO","bindingPath":{"path":"/items/0","propertyPath":"TYPE","modelName":"hoItemsModel"},"interaction":{"idSuffix":"inner"}},"clearTextFirst":true,"interactionType":"ENTER_TEXT"}]}
RESULT: {"script":"<script> [776 bytes]","args":[{"enterText":"100","selector":{"controlType":"sap.m.Input","viewName":"etm.portal.ui.managehandovers.view.AddNewHO","viewId":"application-managehandovers-display-component---AddNewHO","bindingPath":{"path":"/items/0","propertyPath":"TYPE","modelName":"hoItemsModel"},"interaction":{"idSuffix":"inner"}},"clearTextFirst":true,"interactionType":"ENTER_TEXT"}]}
COMMAND: POST /session/eb79c257209da8ba08c59be1d775ff21/element - {"using":"xpath","value":"//button[@data-kt=\"AddNewHOSaveButton\"]"}
RESULT: {"using":"xpath","value":"//button[@data-kt=\"AddNewHOSaveButton\"]"}
COMMAND: POST /session/eb79c257209da8ba08c59be1d775ff21/element/f.9FA5373B3500B72DA4049E533E67ABAF.d.233208C24B08A62911E899D462A1D5EC.e.14503/click - {}
RESULT: {}
COMMAND: GET /session/eb79c257209da8ba08c59be1d775ff21/screenshot - {}
RESULT: {}
COMMAND: POST /session/eb79c257209da8ba08c59be1d775ff21/execute/async - {"script":"<script> [1562 bytes]","args":[{"selector":{"id":"receiptDatePicker","viewName":"etm.portal.ui.managehandovers.view.DetailExecuteHO","interaction":{"idSuffix":"inner"}},"wdio_ui5_key":"receiptDatePickeretmportal.ui.managehandovers.view.DetailExecuteHO"}]}
RESULT: {"script":"<script> [1562 bytes]","args":[{"selector":{"id":"receiptDatePicker","viewName":"etm.portal.ui.managehandovers.view.DetailExecuteHO","interaction":{"idSuffix":"inner"}},"wdio_ui5_key":"receiptDatePickeretmportal.ui.managehandovers.view.DetailExecuteHO"}]}
RESULT: undefined
COMMAND: POST /session/eb79c257209da8ba08c59be1d775ff21/execute/async - {"script":"<script> [6424 bytes]","args":[{"element-6066-11e4-a52e-4f735466cecf":"f.9FA5373B3500B72DA4049E533E67ABAF.d.233208C24B08A62911E899D462A1D5EC.e.14531"},"setValue",["5/24/25"]]}
RESULT: {"script":"<script> [6424 bytes]","args":[{"element-6066-11e4-a52e-4f735466cecf":"f.9FA5373B3500B72DA4049E533E67ABAF.d.233208C24B08A62911E899D462A1D5EC.e.14531"},"setValue",["5/24/25"]]}
COMMAND: POST /session/eb79c257209da8ba08c59be1d775ff21/actions - {"actions":[{"id":"action72","type":"key","parameters":{},"actions":[{"type":"keyDown","value":""},{"type":"pause","duration":10},{"type":"keyUp","value":""}]}]}
RESULT: {"actions":[{"id":"action72","type":"key","parameters":{},"actions":[{"type":"keyDown","value":""},{"type":"pause","duration":10},{"type":"keyUp","value":""}]}]}
COMMAND: POST /session/eb79c257209da8ba08c59be1d775ff21/actions - {"actions":[{"id":"action73","type":"key","parameters":{},"actions":[{"type":"keyDown","value":""},{"type":"pause","duration":10},{"type":"keyUp","value":""}]}]}
COMMAND: GET /session/eb79c257209da8ba08c59be1d775ff21/screenshot - {}
RESULT: {"actions":[{"id":"action73","type":"key","parameters":{},"actions":[{"type":"keyDown","value":""},{"type":"pause","duration":10},{"type":"keyUp","value":""}]}]}
COMMAND: POST /session/eb79c257209da8ba08c59be1d775ff21/element - {"using":"xpath","value":"//button[@data-kt=\"ReceivingTableConfirmAllButton\"]"}
COMMAND: GET /session/eb79c257209da8ba08c59be1d775ff21/screenshot - {}
RESULT: {}
RESULT: {"using":"xpath","value":"//button[@data-kt=\"ReceivingTableConfirmAllButton\"]"}
COMMAND: POST /session/eb79c257209da8ba08c59be1d775ff21/element/f.9FA5373B3500B72DA4049E533E67ABAF.d.233208C24B08A62911E899D462A1D5EC.e.14547/click - {}
RESULT: {}
RESULT: {}
COMMAND: GET /session/eb79c257209da8ba08c59be1d775ff21/screenshot - {}
RESULT: {}
COMMAND: POST /session/eb79c257209da8ba08c59be1d775ff21/element - {"using":"xpath","value":"//bdi[contains(text(), \"OK\")]"}
RESULT: {"using":"xpath","value":"//bdi[contains(text(), \"OK\")]"}
COMMAND: POST /session/eb79c257209da8ba08c59be1d775ff21/element/f.9FA5373B3500B72DA4049E533E67ABAF.d.233208C24B08A62911E899D462A1D5EC.e.14550/click - {}
RESULT: {}
COMMAND: GET /session/eb79c257209da8ba08c59be1d775ff21/screenshot - {}
RESULT: {}
COMMAND: POST /session/eb79c257209da8ba08c59be1d775ff21/element - {"using":"xpath","value":"(//bdi[contains(text(), \"Receive\")])[2]"}
RESULT: {"using":"xpath","value":"(//bdi[contains(text(), \"Receive\")])[2]"}
COMMAND: POST /session/eb79c257209da8ba08c59be1d775ff21/element/f.9FA5373B3500B72DA4049E533E67ABAF.d.233208C24B08A62911E899D462A1D5EC.e.14551/click - {}
RESULT: {}
COMMAND: GET /session/eb79c257209da8ba08c59be1d775ff21/screenshot - {}
RESULT: {}
COMMAND: POST /session/eb79c257209da8ba08c59be1d775ff21/element - {"using":"css selector","value":"#shell-header-logo"}
RESULT: {"using":"css selector","value":"#shell-header-logo"}
COMMAND: POST /session/eb79c257209da8ba08c59be1d775ff21/element/f.9FA5373B3500B72DA4049E533E67ABAF.d.233208C24B08A62911E899D462A1D5EC.e.14045/click - {}
RESULT: {}
]]></system-out>
    </testcase>
    <testcase classname="chrome.136_0_7103_93.windows.E2E_-_Logistical_and_commercial_statuses" name="Should add a pricing rule and a condition to the RU" time="117.589">
      <system-out><![CDATA[
COMMAND: POST /session/eb79c257209da8ba08c59be1d775ff21/execute/async - {"script":"<script> [1562 bytes]","args":[{"selector":{"controlType":"sap.m.GenericTile","properties":{"header":"Manage Pricing Rules"}},"wdio_ui5_key":"sapm.GenericTile{\"header\":\"Manage Pricing Rules\"}"}]}
COMMAND: GET /session/eb79c257209da8ba08c59be1d775ff21/screenshot - {}
RESULT: {"script":"<script> [1562 bytes]","args":[{"selector":{"controlType":"sap.m.GenericTile","properties":{"header":"Manage Pricing Rules"}},"wdio_ui5_key":"sapm.GenericTile{\"header\":\"Manage Pricing Rules\"}"}]}
RESULT: undefined
COMMAND: POST /session/eb79c257209da8ba08c59be1d775ff21/element - {"using":"xpath","value":"//*[@id=\"__tile55\"]"}
RESULT: {}
RESULT: {"using":"xpath","value":"//*[@id=\"__tile55\"]"}
COMMAND: POST /session/eb79c257209da8ba08c59be1d775ff21/element/f.9FA5373B3500B72DA4049E533E67ABAF.d.233208C24B08A62911E899D462A1D5EC.e.14698/click - {}
RESULT: {}
COMMAND: GET /session/eb79c257209da8ba08c59be1d775ff21/screenshot - {}
RESULT: {}
COMMAND: POST /session/eb79c257209da8ba08c59be1d775ff21/elements - {"using":"xpath","value":"//span[text()='Error']"}
RESULT: {"using":"xpath","value":"//span[text()='Error']"}
COMMAND: POST /session/eb79c257209da8ba08c59be1d775ff21/execute/async - {"script":"<script> [1562 bytes]","args":[{"selector":{"controlType":"sap.ui.core.Icon","viewName":"etm.portal.ui.managepricingrules.view.MasterHeader","viewId":"application-managepricingrules-display-component---priceInfoHeader","properties":{"src":{"regex":{"source":"activity\\-items"}}}},"wdio_ui5_key":"etmportal.ui.managepricingrules.view.MasterHeadersap.ui.core.Icon{\"src\":{\"regex\":{\"source\":\"activity\\\\-items\"}}}"}]}
RESULT: {"script":"<script> [1562 bytes]","args":[{"selector":{"controlType":"sap.ui.core.Icon","viewName":"etm.portal.ui.managepricingrules.view.MasterHeader","viewId":"application-managepricingrules-display-component---priceInfoHeader","properties":{"src":{"regex":{"source":"activity\\-items"}}}},"wdio_ui5_key":"etmportal.ui.managepricingrules.view.MasterHeadersap.ui.core.Icon{\"src\":{\"regex\":{\"source\":\"activity\\\\-items\"}}}"}]}
RESULT: undefined
COMMAND: POST /session/eb79c257209da8ba08c59be1d775ff21/element - {"using":"xpath","value":"//*[@id=\"__filter22-icon\"]"}
RESULT: {"using":"xpath","value":"//*[@id=\"__filter22-icon\"]"}
COMMAND: POST /session/eb79c257209da8ba08c59be1d775ff21/element/f.9FA5373B3500B72DA4049E533E67ABAF.d.233208C24B08A62911E899D462A1D5EC.e.14748/click - {}
RESULT: {}
COMMAND: GET /session/eb79c257209da8ba08c59be1d775ff21/screenshot - {}
RESULT: {}
COMMAND: POST /session/eb79c257209da8ba08c59be1d775ff21/execute/async - {"script":"<script> [1562 bytes]","args":[{"selector":{"controlType":"sap.ui.core.Icon","viewName":"etm.portal.ui.managepricingrules.view.MasterItem","viewId":"application-managepricingrules-display-component---priceInfoItem","properties":{"src":{"regex":{"source":"add"}}}},"wdio_ui5_key":"etmportal.ui.managepricingrules.view.MasterItemsap.ui.core.Icon{\"src\":{\"regex\":{\"source\":\"add\"}}}"}]}
RESULT: {"script":"<script> [1562 bytes]","args":[{"selector":{"controlType":"sap.ui.core.Icon","viewName":"etm.portal.ui.managepricingrules.view.MasterItem","viewId":"application-managepricingrules-display-component---priceInfoItem","properties":{"src":{"regex":{"source":"add"}}}},"wdio_ui5_key":"etmportal.ui.managepricingrules.view.MasterItemsap.ui.core.Icon{\"src\":{\"regex\":{\"source\":\"add\"}}}"}]}
RESULT: undefined
COMMAND: POST /session/eb79c257209da8ba08c59be1d775ff21/element - {"using":"xpath","value":"//*[@id=\"__button80-img\"]"}
RESULT: {"using":"xpath","value":"//*[@id=\"__button80-img\"]"}
COMMAND: POST /session/eb79c257209da8ba08c59be1d775ff21/element/f.9FA5373B3500B72DA4049E533E67ABAF.d.233208C24B08A62911E899D462A1D5EC.e.14794/click - {}
RESULT: {}
COMMAND: GET /session/eb79c257209da8ba08c59be1d775ff21/screenshot - {}
RESULT: {}
COMMAND: POST /session/eb79c257209da8ba08c59be1d775ff21/element - {"using":"xpath","value":"//input[@id=\"application-managepricingrules-display-component---newInfoPriceItem--condRU-inner\"]"}
RESULT: {"using":"xpath","value":"//input[@id=\"application-managepricingrules-display-component---newInfoPriceItem--condRU-inner\"]"}
COMMAND: POST /session/eb79c257209da8ba08c59be1d775ff21/element/f.9FA5373B3500B72DA4049E533E67ABAF.d.233208C24B08A62911E899D462A1D5EC.e.15007/clear - {}
RESULT: {}
COMMAND: POST /session/eb79c257209da8ba08c59be1d775ff21/element/f.9FA5373B3500B72DA4049E533E67ABAF.d.233208C24B08A62911E899D462A1D5EC.e.15007/value - {"text":"WebdriverRUR2C8llss"}
COMMAND: GET /session/eb79c257209da8ba08c59be1d775ff21/screenshot - {}
RESULT: {"text":"WebdriverRUR2C8llss"}
COMMAND: POST /session/eb79c257209da8ba08c59be1d775ff21/execute/async - {"script":"<script> [1562 bytes]","args":[{"selector":{"id":"application-managepricingrules-display-component---newInfoPriceItem--condValidTo","interaction":{"idSuffix":"inner"}},"wdio_ui5_key":"applicationmanagepricingrules-display-component---newInfoPriceItem--condValidTo"}]}
COMMAND: GET /session/eb79c257209da8ba08c59be1d775ff21/screenshot - {}
RESULT: {}
RESULT: {"script":"<script> [1562 bytes]","args":[{"selector":{"id":"application-managepricingrules-display-component---newInfoPriceItem--condValidTo","interaction":{"idSuffix":"inner"}},"wdio_ui5_key":"applicationmanagepricingrules-display-component---newInfoPriceItem--condValidTo"}]}
RESULT: undefined
COMMAND: POST /session/eb79c257209da8ba08c59be1d775ff21/execute/async - {"script":"<script> [776 bytes]","args":[{"enterText":"5/18/33","selector":{"id":"application-managepricingrules-display-component---newInfoPriceItem--condValidTo","interaction":{"idSuffix":"inner"}},"clearTextFirst":true,"interactionType":"ENTER_TEXT"}]}
RESULT: {}
RESULT: {"script":"<script> [776 bytes]","args":[{"enterText":"5/18/33","selector":{"id":"application-managepricingrules-display-component---newInfoPriceItem--condValidTo","interaction":{"idSuffix":"inner"}},"clearTextFirst":true,"interactionType":"ENTER_TEXT"}]}
COMMAND: POST /session/eb79c257209da8ba08c59be1d775ff21/execute/async - {"script":"<script> [1562 bytes]","args":[{"selector":{"id":"application-managepricingrules-display-component---newInfoPriceItem--billType-arrow"},"wdio_ui5_key":"applicationmanagepricingrules-display-component---newInfoPriceItem--billType-arrow"}]}
RESULT: {"script":"<script> [1562 bytes]","args":[{"selector":{"id":"application-managepricingrules-display-component---newInfoPriceItem--billType-arrow"},"wdio_ui5_key":"applicationmanagepricingrules-display-component---newInfoPriceItem--billType-arrow"}]}
RESULT: undefined
COMMAND: POST /session/eb79c257209da8ba08c59be1d775ff21/element - {"using":"xpath","value":"//*[@id=\"application-managepricingrules-display-component---newInfoPriceItem--billType-arrow\"]"}
RESULT: {"using":"xpath","value":"//*[@id=\"application-managepricingrules-display-component---newInfoPriceItem--billType-arrow\"]"}
COMMAND: POST /session/eb79c257209da8ba08c59be1d775ff21/element/f.9FA5373B3500B72DA4049E533E67ABAF.d.233208C24B08A62911E899D462A1D5EC.e.15095/click - {}
RESULT: {}
COMMAND: POST /session/eb79c257209da8ba08c59be1d775ff21/element - {"using":"xpath","value":"//span[contains(text(), \"TB - Time based\")]"}
COMMAND: GET /session/eb79c257209da8ba08c59be1d775ff21/screenshot - {}
RESULT: {"using":"xpath","value":"//span[contains(text(), \"TB - Time based\")]"}
COMMAND: POST /session/eb79c257209da8ba08c59be1d775ff21/element/f.9FA5373B3500B72DA4049E533E67ABAF.d.233208C24B08A62911E899D462A1D5EC.e.15145/click - {}
RESULT: {}
RESULT: {}
COMMAND: POST /session/eb79c257209da8ba08c59be1d775ff21/execute/async - {"script":"<script> [1562 bytes]","args":[{"selector":{"id":"application-managepricingrules-display-component---newInfoPriceItem--priceProc-arrow"},"wdio_ui5_key":"applicationmanagepricingrules-display-component---newInfoPriceItem--priceProc-arrow"}]}
COMMAND: GET /session/eb79c257209da8ba08c59be1d775ff21/screenshot - {}
RESULT: {"script":"<script> [1562 bytes]","args":[{"selector":{"id":"application-managepricingrules-display-component---newInfoPriceItem--priceProc-arrow"},"wdio_ui5_key":"applicationmanagepricingrules-display-component---newInfoPriceItem--priceProc-arrow"}]}
RESULT: undefined
COMMAND: POST /session/eb79c257209da8ba08c59be1d775ff21/element - {"using":"xpath","value":"//*[@id=\"application-managepricingrules-display-component---newInfoPriceItem--priceProc-arrow\"]"}
RESULT: {}
RESULT: {"using":"xpath","value":"//*[@id=\"application-managepricingrules-display-component---newInfoPriceItem--priceProc-arrow\"]"}
COMMAND: POST /session/eb79c257209da8ba08c59be1d775ff21/element/f.9FA5373B3500B72DA4049E533E67ABAF.d.233208C24B08A62911E899D462A1D5EC.e.15102/click - {}
RESULT: {}
COMMAND: POST /session/eb79c257209da8ba08c59be1d775ff21/element - {"using":"xpath","value":"//span[contains(text(), \"TBS - Time based standard\")]"}
COMMAND: GET /session/eb79c257209da8ba08c59be1d775ff21/screenshot - {}
RESULT: {"using":"xpath","value":"//span[contains(text(), \"TBS - Time based standard\")]"}
COMMAND: POST /session/eb79c257209da8ba08c59be1d775ff21/element/f.9FA5373B3500B72DA4049E533E67ABAF.d.233208C24B08A62911E899D462A1D5EC.e.15146/click - {}
RESULT: {}
RESULT: {}
COMMAND: POST /session/eb79c257209da8ba08c59be1d775ff21/execute/async - {"script":"<script> [1562 bytes]","args":[{"selector":{"id":"application-managepricingrules-display-component---newInfoPriceItem--calcBase-arrow"},"wdio_ui5_key":"applicationmanagepricingrules-display-component---newInfoPriceItem--calcBase-arrow"}]}
COMMAND: GET /session/eb79c257209da8ba08c59be1d775ff21/screenshot - {}
RESULT: {}
RESULT: {"script":"<script> [1562 bytes]","args":[{"selector":{"id":"application-managepricingrules-display-component---newInfoPriceItem--calcBase-arrow"},"wdio_ui5_key":"applicationmanagepricingrules-display-component---newInfoPriceItem--calcBase-arrow"}]}
RESULT: undefined
COMMAND: POST /session/eb79c257209da8ba08c59be1d775ff21/element - {"using":"xpath","value":"//*[@id=\"application-managepricingrules-display-component---newInfoPriceItem--calcBase-arrow\"]"}
RESULT: {"using":"xpath","value":"//*[@id=\"application-managepricingrules-display-component---newInfoPriceItem--calcBase-arrow\"]"}
COMMAND: POST /session/eb79c257209da8ba08c59be1d775ff21/element/f.9FA5373B3500B72DA4049E533E67ABAF.d.233208C24B08A62911E899D462A1D5EC.e.15109/click - {}
RESULT: {}
COMMAND: GET /session/eb79c257209da8ba08c59be1d775ff21/screenshot - {}
RESULT: {}
COMMAND: POST /session/eb79c257209da8ba08c59be1d775ff21/element - {"using":"xpath","value":"//span[contains(text(), \"0006 - TB(calendar days)\")]"}
RESULT: {"using":"xpath","value":"//span[contains(text(), \"0006 - TB(calendar days)\")]"}
COMMAND: POST /session/eb79c257209da8ba08c59be1d775ff21/element/f.9FA5373B3500B72DA4049E533E67ABAF.d.233208C24B08A62911E899D462A1D5EC.e.15147/click - {}
RESULT: {}
COMMAND: POST /session/eb79c257209da8ba08c59be1d775ff21/execute/async - {"script":"<script> [1562 bytes]","args":[{"selector":{"id":"application-managepricingrules-display-component---newInfoPriceItem--daysMonth","interaction":{"idSuffix":"inner"}},"wdio_ui5_key":"applicationmanagepricingrules-display-component---newInfoPriceItem--daysMonth"}]}
COMMAND: GET /session/eb79c257209da8ba08c59be1d775ff21/screenshot - {}
RESULT: {"script":"<script> [1562 bytes]","args":[{"selector":{"id":"application-managepricingrules-display-component---newInfoPriceItem--daysMonth","interaction":{"idSuffix":"inner"}},"wdio_ui5_key":"applicationmanagepricingrules-display-component---newInfoPriceItem--daysMonth"}]}
RESULT: undefined
COMMAND: POST /session/eb79c257209da8ba08c59be1d775ff21/execute/async - {"script":"<script> [776 bytes]","args":[{"enterText":"30","selector":{"id":"application-managepricingrules-display-component---newInfoPriceItem--daysMonth","interaction":{"idSuffix":"inner"}},"clearTextFirst":true,"interactionType":"ENTER_TEXT"}]}
RESULT: {}
RESULT: {"script":"<script> [776 bytes]","args":[{"enterText":"30","selector":{"id":"application-managepricingrules-display-component---newInfoPriceItem--daysMonth","interaction":{"idSuffix":"inner"}},"clearTextFirst":true,"interactionType":"ENTER_TEXT"}]}
COMMAND: POST /session/eb79c257209da8ba08c59be1d775ff21/element - {"using":"xpath","value":"//button[@data-kt=\"saveNewRuleButton\"]"}
RESULT: {"using":"xpath","value":"//button[@data-kt=\"saveNewRuleButton\"]"}
COMMAND: POST /session/eb79c257209da8ba08c59be1d775ff21/element/f.9FA5373B3500B72DA4049E533E67ABAF.d.233208C24B08A62911E899D462A1D5EC.e.15130/click - {}
RESULT: {}
COMMAND: GET /session/eb79c257209da8ba08c59be1d775ff21/screenshot - {}
RESULT: {}
COMMAND: POST /session/eb79c257209da8ba08c59be1d775ff21/element - {"using":"css selector","value":"#shell-header-logo"}
RESULT: {"using":"css selector","value":"#shell-header-logo"}
COMMAND: POST /session/eb79c257209da8ba08c59be1d775ff21/element/f.9FA5373B3500B72DA4049E533E67ABAF.d.233208C24B08A62911E899D462A1D5EC.e.14701/click - {}
RESULT: {}
COMMAND: GET /session/eb79c257209da8ba08c59be1d775ff21/screenshot - {}
RESULT: {}
COMMAND: POST /session/eb79c257209da8ba08c59be1d775ff21/execute/async - {"script":"<script> [1562 bytes]","args":[{"selector":{"controlType":"sap.m.Text","properties":{"text":"Manage Conditions & Prices"},"interaction":{"idSuffix":"inner"}},"wdio_ui5_key":"sapm.Text{\"text\":\"Manage Conditions & Prices\"}"}]}
RESULT: {"script":"<script> [1562 bytes]","args":[{"selector":{"controlType":"sap.m.Text","properties":{"text":"Manage Conditions & Prices"},"interaction":{"idSuffix":"inner"}},"wdio_ui5_key":"sapm.Text{\"text\":\"Manage Conditions & Prices\"}"}]}
RESULT: undefined
COMMAND: POST /session/eb79c257209da8ba08c59be1d775ff21/element - {"using":"xpath","value":"//*[@id=\"__tile53-title\"]"}
RESULT: {"using":"xpath","value":"//*[@id=\"__tile53-title\"]"}
COMMAND: POST /session/eb79c257209da8ba08c59be1d775ff21/element/f.9FA5373B3500B72DA4049E533E67ABAF.d.233208C24B08A62911E899D462A1D5EC.e.15155/click - {}
RESULT: {}
COMMAND: GET /session/eb79c257209da8ba08c59be1d775ff21/screenshot - {}
RESULT: {}
COMMAND: POST /session/eb79c257209da8ba08c59be1d775ff21/element - {"using":"xpath","value":"//button[@aria-label=\"Create\"]"}
RESULT: {"using":"xpath","value":"//button[@aria-label=\"Create\"]"}
COMMAND: POST /session/eb79c257209da8ba08c59be1d775ff21/elements - {"using":"xpath","value":"//button[@aria-label=\"Create\"]"}
RESULT: {"using":"xpath","value":"//button[@aria-label=\"Create\"]"}
COMMAND: POST /session/eb79c257209da8ba08c59be1d775ff21/elements - {"using":"xpath","value":"//button[@aria-label=\"Create\"]"}
RESULT: {"using":"xpath","value":"//button[@aria-label=\"Create\"]"}
COMMAND: POST /session/eb79c257209da8ba08c59be1d775ff21/element - {"using":"xpath","value":"//button[@aria-label=\"Create\"]"}
RESULT: {"using":"xpath","value":"//button[@aria-label=\"Create\"]"}
COMMAND: POST /session/eb79c257209da8ba08c59be1d775ff21/element/f.9FA5373B3500B72DA4049E533E67ABAF.d.233208C24B08A62911E899D462A1D5EC.e.15195/click - {}
RESULT: {}
COMMAND: POST /session/eb79c257209da8ba08c59be1d775ff21/actions - {"actions":[{"id":"action74","type":"key","parameters":{},"actions":[{"type":"keyDown","value":""},{"type":"pause","duration":10},{"type":"keyUp","value":""}]}]}
COMMAND: GET /session/eb79c257209da8ba08c59be1d775ff21/screenshot - {}
RESULT: {"actions":[{"id":"action74","type":"key","parameters":{},"actions":[{"type":"keyDown","value":""},{"type":"pause","duration":10},{"type":"keyUp","value":""}]}]}
COMMAND: GET /session/eb79c257209da8ba08c59be1d775ff21/screenshot - {}
COMMAND: POST /session/eb79c257209da8ba08c59be1d775ff21/execute/async - {"script":"<script> [1562 bytes]","args":[{"selector":{"id":"application-manageconditionprice-display-component---newCondition--condBillCond-arrow"},"wdio_ui5_key":"applicationmanageconditionprice-display-component---newCondition--condBillCond-arrow"}]}
RESULT: {}
RESULT: {}
RESULT: {"script":"<script> [1562 bytes]","args":[{"selector":{"id":"application-manageconditionprice-display-component---newCondition--condBillCond-arrow"},"wdio_ui5_key":"applicationmanageconditionprice-display-component---newCondition--condBillCond-arrow"}]}
RESULT: undefined
COMMAND: POST /session/eb79c257209da8ba08c59be1d775ff21/element - {"using":"xpath","value":"//*[@id=\"application-manageconditionprice-display-component---newCondition--condBillCond-arrow\"]"}
RESULT: {"using":"xpath","value":"//*[@id=\"application-manageconditionprice-display-component---newCondition--condBillCond-arrow\"]"}
COMMAND: POST /session/eb79c257209da8ba08c59be1d775ff21/element/f.9FA5373B3500B72DA4049E533E67ABAF.d.233208C24B08A62911E899D462A1D5EC.e.15554/click - {}
RESULT: {}
COMMAND: POST /session/eb79c257209da8ba08c59be1d775ff21/element - {"using":"xpath","value":"//span[contains(text(), \"DISP - D&I special price\")]"}
COMMAND: GET /session/eb79c257209da8ba08c59be1d775ff21/screenshot - {}
RESULT: {"using":"xpath","value":"//span[contains(text(), \"DISP - D&I special price\")]"}
COMMAND: POST /session/eb79c257209da8ba08c59be1d775ff21/element/f.9FA5373B3500B72DA4049E533E67ABAF.d.233208C24B08A62911E899D462A1D5EC.e.15555/click - {}
RESULT: {}
RESULT: {}
COMMAND: POST /session/eb79c257209da8ba08c59be1d775ff21/execute/async - {"script":"<script> [1562 bytes]","args":[{"selector":{"id":"application-manageconditionprice-display-component---newCondition--condValidTo","interaction":{"idSuffix":"inner"}},"wdio_ui5_key":"applicationmanageconditionprice-display-component---newCondition--condValidTo"}]}
COMMAND: GET /session/eb79c257209da8ba08c59be1d775ff21/screenshot - {}
RESULT: {"script":"<script> [1562 bytes]","args":[{"selector":{"id":"application-manageconditionprice-display-component---newCondition--condValidTo","interaction":{"idSuffix":"inner"}},"wdio_ui5_key":"applicationmanageconditionprice-display-component---newCondition--condValidTo"}]}
RESULT: undefined
COMMAND: POST /session/eb79c257209da8ba08c59be1d775ff21/execute/async - {"script":"<script> [776 bytes]","args":[{"enterText":"5/11/33","selector":{"id":"application-manageconditionprice-display-component---newCondition--condValidTo","interaction":{"idSuffix":"inner"}},"clearTextFirst":true,"interactionType":"ENTER_TEXT"}]}
RESULT: {}
RESULT: {"script":"<script> [776 bytes]","args":[{"enterText":"5/11/33","selector":{"id":"application-manageconditionprice-display-component---newCondition--condValidTo","interaction":{"idSuffix":"inner"}},"clearTextFirst":true,"interactionType":"ENTER_TEXT"}]}
COMMAND: POST /session/eb79c257209da8ba08c59be1d775ff21/element - {"using":"xpath","value":"//input[@id=\"application-manageconditionprice-display-component---newCondition--condRU-inner\"]"}
RESULT: {"using":"xpath","value":"//input[@id=\"application-manageconditionprice-display-component---newCondition--condRU-inner\"]"}
COMMAND: POST /session/eb79c257209da8ba08c59be1d775ff21/element/f.9FA5373B3500B72DA4049E533E67ABAF.d.233208C24B08A62911E899D462A1D5EC.e.15336/clear - {}
RESULT: {}
COMMAND: POST /session/eb79c257209da8ba08c59be1d775ff21/element/f.9FA5373B3500B72DA4049E533E67ABAF.d.233208C24B08A62911E899D462A1D5EC.e.15336/value - {"text":"WebdriverRUR2C8llss"}
COMMAND: GET /session/eb79c257209da8ba08c59be1d775ff21/screenshot - {}
RESULT: {"text":"WebdriverRUR2C8llss"}
COMMAND: GET /session/eb79c257209da8ba08c59be1d775ff21/screenshot - {}
RESULT: {}
RESULT: {}
COMMAND: POST /session/eb79c257209da8ba08c59be1d775ff21/actions - {"actions":[{"id":"action75","type":"key","parameters":{},"actions":[{"type":"keyDown","value":""},{"type":"pause","duration":10},{"type":"keyUp","value":""}]}]}
RESULT: {"actions":[{"id":"action75","type":"key","parameters":{},"actions":[{"type":"keyDown","value":""},{"type":"pause","duration":10},{"type":"keyUp","value":""}]}]}
COMMAND: POST /session/eb79c257209da8ba08c59be1d775ff21/execute/async - {"script":"<script> [1562 bytes]","args":[{"selector":{"id":"application-manageconditionprice-display-component---newCondition--condBaseQty","interaction":{"idSuffix":"inner"}},"wdio_ui5_key":"applicationmanageconditionprice-display-component---newCondition--condBaseQty"}]}
COMMAND: GET /session/eb79c257209da8ba08c59be1d775ff21/screenshot - {}
RESULT: {"script":"<script> [1562 bytes]","args":[{"selector":{"id":"application-manageconditionprice-display-component---newCondition--condBaseQty","interaction":{"idSuffix":"inner"}},"wdio_ui5_key":"applicationmanageconditionprice-display-component---newCondition--condBaseQty"}]}
RESULT: undefined
COMMAND: POST /session/eb79c257209da8ba08c59be1d775ff21/execute/async - {"script":"<script> [776 bytes]","args":[{"enterText":"1","selector":{"id":"application-manageconditionprice-display-component---newCondition--condBaseQty","interaction":{"idSuffix":"inner"}},"clearTextFirst":true,"interactionType":"ENTER_TEXT"}]}
RESULT: {}
RESULT: {"script":"<script> [776 bytes]","args":[{"enterText":"1","selector":{"id":"application-manageconditionprice-display-component---newCondition--condBaseQty","interaction":{"idSuffix":"inner"}},"clearTextFirst":true,"interactionType":"ENTER_TEXT"}]}
COMMAND: POST /session/eb79c257209da8ba08c59be1d775ff21/execute/async - {"script":"<script> [1562 bytes]","args":[{"selector":{"id":"application-manageconditionprice-display-component---newCondition--condValue","interaction":{"idSuffix":"inner"}},"wdio_ui5_key":"applicationmanageconditionprice-display-component---newCondition--condValue"}]}
RESULT: {"script":"<script> [1562 bytes]","args":[{"selector":{"id":"application-manageconditionprice-display-component---newCondition--condValue","interaction":{"idSuffix":"inner"}},"wdio_ui5_key":"applicationmanageconditionprice-display-component---newCondition--condValue"}]}
RESULT: undefined
COMMAND: POST /session/eb79c257209da8ba08c59be1d775ff21/execute/async - {"script":"<script> [776 bytes]","args":[{"enterText":"100","selector":{"id":"application-manageconditionprice-display-component---newCondition--condValue","interaction":{"idSuffix":"inner"}},"clearTextFirst":true,"interactionType":"ENTER_TEXT"}]}
RESULT: {"script":"<script> [776 bytes]","args":[{"enterText":"100","selector":{"id":"application-manageconditionprice-display-component---newCondition--condValue","interaction":{"idSuffix":"inner"}},"clearTextFirst":true,"interactionType":"ENTER_TEXT"}]}
COMMAND: POST /session/eb79c257209da8ba08c59be1d775ff21/execute/async - {"script":"<script> [1562 bytes]","args":[{"selector":{"id":"application-manageconditionprice-display-component---newCondition--condCurr-arrow"},"wdio_ui5_key":"applicationmanageconditionprice-display-component---newCondition--condCurr-arrow"}]}
RESULT: {"script":"<script> [1562 bytes]","args":[{"selector":{"id":"application-manageconditionprice-display-component---newCondition--condCurr-arrow"},"wdio_ui5_key":"applicationmanageconditionprice-display-component---newCondition--condCurr-arrow"}]}
RESULT: undefined
COMMAND: POST /session/eb79c257209da8ba08c59be1d775ff21/element - {"using":"xpath","value":"//*[@id=\"application-manageconditionprice-display-component---newCondition--condCurr-arrow\"]"}
RESULT: {"using":"xpath","value":"//*[@id=\"application-manageconditionprice-display-component---newCondition--condCurr-arrow\"]"}
COMMAND: POST /session/eb79c257209da8ba08c59be1d775ff21/element/f.9FA5373B3500B72DA4049E533E67ABAF.d.233208C24B08A62911E899D462A1D5EC.e.15502/click - {}
RESULT: {}
COMMAND: POST /session/eb79c257209da8ba08c59be1d775ff21/element - {"using":"xpath","value":"//span[contains(text(), \"Euro\")]"}
COMMAND: GET /session/eb79c257209da8ba08c59be1d775ff21/screenshot - {}
RESULT: {"using":"xpath","value":"//span[contains(text(), \"Euro\")]"}
COMMAND: POST /session/eb79c257209da8ba08c59be1d775ff21/element/f.9FA5373B3500B72DA4049E533E67ABAF.d.233208C24B08A62911E899D462A1D5EC.e.15595/click - {}
RESULT: {}
RESULT: {}
COMMAND: POST /session/eb79c257209da8ba08c59be1d775ff21/element - {"using":"xpath","value":"//button[@data-kt=\"saveButton\"]"}
COMMAND: GET /session/eb79c257209da8ba08c59be1d775ff21/screenshot - {}
RESULT: {"using":"xpath","value":"//button[@data-kt=\"saveButton\"]"}
COMMAND: POST /session/eb79c257209da8ba08c59be1d775ff21/element/f.9FA5373B3500B72DA4049E533E67ABAF.d.233208C24B08A62911E899D462A1D5EC.e.15503/click - {}
RESULT: {}
RESULT: {}
COMMAND: GET /session/eb79c257209da8ba08c59be1d775ff21/screenshot - {}
RESULT: {}
COMMAND: POST /session/eb79c257209da8ba08c59be1d775ff21/element - {"using":"css selector","value":"#shell-header-logo"}
RESULT: {"using":"css selector","value":"#shell-header-logo"}
COMMAND: POST /session/eb79c257209da8ba08c59be1d775ff21/element/f.9FA5373B3500B72DA4049E533E67ABAF.d.233208C24B08A62911E899D462A1D5EC.e.15158/click - {}
RESULT: {}
COMMAND: GET /session/eb79c257209da8ba08c59be1d775ff21/screenshot - {}
RESULT: {}
]]></system-out>
    </testcase>
    <testcase classname="chrome.136_0_7103_93.windows.E2E_-_Logistical_and_commercial_statuses" name="Should create a new contract" time="70.534">
      <system-out><![CDATA[
COMMAND: POST /session/eb79c257209da8ba08c59be1d775ff21/execute/async - {"script":"<script> [1562 bytes]","args":[{"selector":{"controlType":"sap.m.GenericTile","properties":{"header":"Manage Contracts"}},"wdio_ui5_key":"sapm.GenericTile{\"header\":\"Manage Contracts\"}"}]}
RESULT: {"script":"<script> [1562 bytes]","args":[{"selector":{"controlType":"sap.m.GenericTile","properties":{"header":"Manage Contracts"}},"wdio_ui5_key":"sapm.GenericTile{\"header\":\"Manage Contracts\"}"}]}
RESULT: undefined
COMMAND: POST /session/eb79c257209da8ba08c59be1d775ff21/element - {"using":"xpath","value":"//*[@id=\"__tile132\"]"}
RESULT: {"using":"xpath","value":"//*[@id=\"__tile132\"]"}
COMMAND: POST /session/eb79c257209da8ba08c59be1d775ff21/element/f.9FA5373B3500B72DA4049E533E67ABAF.d.233208C24B08A62911E899D462A1D5EC.e.15600/click - {}
RESULT: {}
COMMAND: GET /session/eb79c257209da8ba08c59be1d775ff21/screenshot - {}
RESULT: {}
COMMAND: POST /session/eb79c257209da8ba08c59be1d775ff21/elements - {"using":"xpath","value":"//span[text()='Error']"}
RESULT: {"using":"xpath","value":"//span[text()='Error']"}
COMMAND: POST /session/eb79c257209da8ba08c59be1d775ff21/element - {"using":"xpath","value":"//button[@data-kt=\"addButton\"]"}
RESULT: {"using":"xpath","value":"//button[@data-kt=\"addButton\"]"}
COMMAND: POST /session/eb79c257209da8ba08c59be1d775ff21/element/f.9FA5373B3500B72DA4049E533E67ABAF.d.233208C24B08A62911E899D462A1D5EC.e.15650/click - {}
RESULT: {}
COMMAND: GET /session/eb79c257209da8ba08c59be1d775ff21/screenshot - {}
COMMAND: POST /session/eb79c257209da8ba08c59be1d775ff21/execute/async - {"script":"<script> [1562 bytes]","args":[{"selector":{"id":"application-managecontracts-display-component---AddNewContract--projectDescription","interaction":{"idSuffix":"inner"}},"wdio_ui5_key":"applicationmanagecontracts-display-component---AddNewContract--projectDescription"}]}
RESULT: {}
RESULT: {"script":"<script> [1562 bytes]","args":[{"selector":{"id":"application-managecontracts-display-component---AddNewContract--projectDescription","interaction":{"idSuffix":"inner"}},"wdio_ui5_key":"applicationmanagecontracts-display-component---AddNewContract--projectDescription"}]}
RESULT: undefined
COMMAND: POST /session/eb79c257209da8ba08c59be1d775ff21/execute/async - {"script":"<script> [776 bytes]","args":[{"enterText":"WdIOR2cl44hf","selector":{"id":"application-managecontracts-display-component---AddNewContract--projectDescription","interaction":{"idSuffix":"inner"}},"clearTextFirst":true,"interactionType":"ENTER_TEXT"}]}
RESULT: {"script":"<script> [776 bytes]","args":[{"enterText":"WdIOR2cl44hf","selector":{"id":"application-managecontracts-display-component---AddNewContract--projectDescription","interaction":{"idSuffix":"inner"}},"clearTextFirst":true,"interactionType":"ENTER_TEXT"}]}
COMMAND: POST /session/eb79c257209da8ba08c59be1d775ff21/element - {"using":"xpath","value":"//input[@id=\"application-managecontracts-display-component---AddNewContract--yardId-inner\"]"}
RESULT: {"using":"xpath","value":"//input[@id=\"application-managecontracts-display-component---AddNewContract--yardId-inner\"]"}
COMMAND: POST /session/eb79c257209da8ba08c59be1d775ff21/element/f.9FA5373B3500B72DA4049E533E67ABAF.d.233208C24B08A62911E899D462A1D5EC.e.15916/clear - {}
RESULT: {}
COMMAND: POST /session/eb79c257209da8ba08c59be1d775ff21/element/f.9FA5373B3500B72DA4049E533E67ABAF.d.233208C24B08A62911E899D462A1D5EC.e.15916/value - {"text":"WebdriverYard2gexg"}
COMMAND: GET /session/eb79c257209da8ba08c59be1d775ff21/screenshot - {}
RESULT: {"text":"WebdriverYard2gexg"}
COMMAND: GET /session/eb79c257209da8ba08c59be1d775ff21/screenshot - {}
RESULT: {}
RESULT: {}
COMMAND: POST /session/eb79c257209da8ba08c59be1d775ff21/actions - {"actions":[{"id":"action76","type":"key","parameters":{},"actions":[{"type":"keyDown","value":""},{"type":"pause","duration":10},{"type":"keyUp","value":""}]}]}
RESULT: {"actions":[{"id":"action76","type":"key","parameters":{},"actions":[{"type":"keyDown","value":""},{"type":"pause","duration":10},{"type":"keyUp","value":""}]}]}
COMMAND: GET /session/eb79c257209da8ba08c59be1d775ff21/screenshot - {}
RESULT: {}
COMMAND: POST /session/eb79c257209da8ba08c59be1d775ff21/element - {"using":"xpath","value":"//input[@id=\"application-managecontracts-display-component---AddNewContract--customerSelect-inner\"]"}
RESULT: {"using":"xpath","value":"//input[@id=\"application-managecontracts-display-component---AddNewContract--customerSelect-inner\"]"}
COMMAND: POST /session/eb79c257209da8ba08c59be1d775ff21/element/f.9FA5373B3500B72DA4049E533E67ABAF.d.233208C24B08A62911E899D462A1D5EC.e.15914/clear - {}
RESULT: {}
COMMAND: POST /session/eb79c257209da8ba08c59be1d775ff21/element/f.9FA5373B3500B72DA4049E533E67ABAF.d.233208C24B08A62911E899D462A1D5EC.e.15914/value - {"text":"WebdriverPartnerd2xhqh"}
COMMAND: GET /session/eb79c257209da8ba08c59be1d775ff21/screenshot - {}
RESULT: {"text":"WebdriverPartnerd2xhqh"}
COMMAND: GET /session/eb79c257209da8ba08c59be1d775ff21/screenshot - {}
RESULT: {}
RESULT: {}
COMMAND: POST /session/eb79c257209da8ba08c59be1d775ff21/actions - {"actions":[{"id":"action77","type":"key","parameters":{},"actions":[{"type":"keyDown","value":""},{"type":"pause","duration":10},{"type":"keyUp","value":""}]}]}
RESULT: {"actions":[{"id":"action77","type":"key","parameters":{},"actions":[{"type":"keyDown","value":""},{"type":"pause","duration":10},{"type":"keyUp","value":""}]}]}
COMMAND: GET /session/eb79c257209da8ba08c59be1d775ff21/screenshot - {}
RESULT: {}
COMMAND: POST /session/eb79c257209da8ba08c59be1d775ff21/element - {"using":"xpath","value":"//input[@id=\"application-managecontracts-display-component---AddNewContract--site-inner\"]"}
RESULT: {"using":"xpath","value":"//input[@id=\"application-managecontracts-display-component---AddNewContract--site-inner\"]"}
COMMAND: POST /session/eb79c257209da8ba08c59be1d775ff21/element/f.9FA5373B3500B72DA4049E533E67ABAF.d.233208C24B08A62911E899D462A1D5EC.e.15915/clear - {}
RESULT: {}
COMMAND: POST /session/eb79c257209da8ba08c59be1d775ff21/element/f.9FA5373B3500B72DA4049E533E67ABAF.d.233208C24B08A62911E899D462A1D5EC.e.15915/value - {"text":"WebdriverSiteaqjhc"}
COMMAND: GET /session/eb79c257209da8ba08c59be1d775ff21/screenshot - {}
RESULT: {"text":"WebdriverSiteaqjhc"}
COMMAND: GET /session/eb79c257209da8ba08c59be1d775ff21/screenshot - {}
RESULT: {}
RESULT: {}
COMMAND: POST /session/eb79c257209da8ba08c59be1d775ff21/actions - {"actions":[{"id":"action78","type":"key","parameters":{},"actions":[{"type":"keyDown","value":""},{"type":"pause","duration":10},{"type":"keyUp","value":""}]}]}
RESULT: {"actions":[{"id":"action78","type":"key","parameters":{},"actions":[{"type":"keyDown","value":""},{"type":"pause","duration":10},{"type":"keyUp","value":""}]}]}
COMMAND: POST /session/eb79c257209da8ba08c59be1d775ff21/element - {"using":"xpath","value":"//button[@data-kt=\"saveButton\"]"}
COMMAND: GET /session/eb79c257209da8ba08c59be1d775ff21/screenshot - {}
RESULT: {"using":"xpath","value":"//button[@data-kt=\"saveButton\"]"}
COMMAND: POST /session/eb79c257209da8ba08c59be1d775ff21/element/f.9FA5373B3500B72DA4049E533E67ABAF.d.233208C24B08A62911E899D462A1D5EC.e.15990/click - {}
RESULT: {}
RESULT: {}
COMMAND: GET /session/eb79c257209da8ba08c59be1d775ff21/screenshot - {}
RESULT: {}
COMMAND: POST /session/eb79c257209da8ba08c59be1d775ff21/execute/async - {"script":"<script> [1562 bytes]","args":[{"selector":{"id":"contractDetailTitleNoExpanded","viewName":"etm.portal.ui.managecontracts.view.Detail"},"wdio_ui5_key":"contractDetailTitleNoExpandedetmportal.ui.managecontracts.view.Detail"}]}
RESULT: {"script":"<script> [1562 bytes]","args":[{"selector":{"id":"contractDetailTitleNoExpanded","viewName":"etm.portal.ui.managecontracts.view.Detail"},"wdio_ui5_key":"contractDetailTitleNoExpandedetmportal.ui.managecontracts.view.Detail"}]}
RESULT: undefined
COMMAND: POST /session/eb79c257209da8ba08c59be1d775ff21/execute/async - {"script":"<script> [6424 bytes]","args":[{"element-6066-11e4-a52e-4f735466cecf":"f.9FA5373B3500B72DA4049E533E67ABAF.d.233208C24B08A62911E899D462A1D5EC.e.16070"},"getText",[]]}
RESULT: {"script":"<script> [6424 bytes]","args":[{"element-6066-11e4-a52e-4f735466cecf":"f.9FA5373B3500B72DA4049E533E67ABAF.d.233208C24B08A62911E899D462A1D5EC.e.16070"},"getText",[]]}
]]></system-out>
    </testcase>
    <testcase classname="chrome.136_0_7103_93.windows.E2E_-_Logistical_and_commercial_statuses" name="Should add materialID to the contract" time="45.704">
      <system-out><![CDATA[
COMMAND: POST /session/eb79c257209da8ba08c59be1d775ff21/element - {"using":"xpath","value":"//button[@data-kt=\"contractDetailEditBtnButton\"]"}
RESULT: {"using":"xpath","value":"//button[@data-kt=\"contractDetailEditBtnButton\"]"}
COMMAND: POST /session/eb79c257209da8ba08c59be1d775ff21/element/f.9FA5373B3500B72DA4049E533E67ABAF.d.233208C24B08A62911E899D462A1D5EC.e.16071/click - {}
RESULT: {}
COMMAND: GET /session/eb79c257209da8ba08c59be1d775ff21/screenshot - {}
RESULT: {}
COMMAND: POST /session/eb79c257209da8ba08c59be1d775ff21/element - {"using":"xpath","value":"(//span[contains(text(), \"Additional Addresses\")])[2]"}
RESULT: {"using":"xpath","value":"(//span[contains(text(), \"Additional Addresses\")])[2]"}
COMMAND: POST /session/eb79c257209da8ba08c59be1d775ff21/element/f.9FA5373B3500B72DA4049E533E67ABAF.d.233208C24B08A62911E899D462A1D5EC.e.16129/click - {}
RESULT: {}
COMMAND: GET /session/eb79c257209da8ba08c59be1d775ff21/screenshot - {}
RESULT: {}
COMMAND: POST /session/eb79c257209da8ba08c59be1d775ff21/element - {"using":"xpath","value":"//button[@data-kt=\"btnAddTableRowOverflowToolbarButton\"]"}
RESULT: {"using":"xpath","value":"//button[@data-kt=\"btnAddTableRowOverflowToolbarButton\"]"}
COMMAND: POST /session/eb79c257209da8ba08c59be1d775ff21/element/f.9FA5373B3500B72DA4049E533E67ABAF.d.233208C24B08A62911E899D462A1D5EC.e.16131/click - {}
RESULT: {}
COMMAND: GET /session/eb79c257209da8ba08c59be1d775ff21/screenshot - {}
RESULT: {}
COMMAND: POST /session/eb79c257209da8ba08c59be1d775ff21/element - {"using":"xpath","value":"//div[(text() = 'Standard Entry' or . = 'Standard Entry')]"}
RESULT: {"using":"xpath","value":"//div[(text() = 'Standard Entry' or . = 'Standard Entry')]"}
COMMAND: POST /session/eb79c257209da8ba08c59be1d775ff21/element/f.9FA5373B3500B72DA4049E533E67ABAF.d.233208C24B08A62911E899D462A1D5EC.e.16133/click - {}
RESULT: {}
COMMAND: POST /session/eb79c257209da8ba08c59be1d775ff21/element - {"using":"xpath","value":"//td[6]/div/div/input[1]"}
COMMAND: GET /session/eb79c257209da8ba08c59be1d775ff21/screenshot - {}
RESULT: {"using":"xpath","value":"//td[6]/div/div/input[1]"}
COMMAND: POST /session/eb79c257209da8ba08c59be1d775ff21/element/f.9FA5373B3500B72DA4049E533E67ABAF.d.233208C24B08A62911E899D462A1D5EC.e.16135/click - {}
RESULT: {}
RESULT: {}
COMMAND: POST /session/eb79c257209da8ba08c59be1d775ff21/actions - {"actions":[{"id":"action79","type":"key","parameters":{},"actions":[{"type":"keyDown","value":""},{"type":"pause","duration":10},{"type":"keyUp","value":""}]}]}
COMMAND: GET /session/eb79c257209da8ba08c59be1d775ff21/screenshot - {}
RESULT: {"actions":[{"id":"action79","type":"key","parameters":{},"actions":[{"type":"keyDown","value":""},{"type":"pause","duration":10},{"type":"keyUp","value":""}]}]}
COMMAND: POST /session/eb79c257209da8ba08c59be1d775ff21/element - {"using":"xpath","value":"//td[6]/div/div/input[1]"}
COMMAND: GET /session/eb79c257209da8ba08c59be1d775ff21/screenshot - {}
RESULT: {}
RESULT: {"using":"xpath","value":"//td[6]/div/div/input[1]"}
COMMAND: POST /session/eb79c257209da8ba08c59be1d775ff21/element/f.9FA5373B3500B72DA4049E533E67ABAF.d.233208C24B08A62911E899D462A1D5EC.e.16135/clear - {}
RESULT: {}
RESULT: {}
COMMAND: POST /session/eb79c257209da8ba08c59be1d775ff21/element/f.9FA5373B3500B72DA4049E533E67ABAF.d.233208C24B08A62911E899D462A1D5EC.e.16135/value - {"text":"Material"}
COMMAND: GET /session/eb79c257209da8ba08c59be1d775ff21/screenshot - {}
RESULT: {"text":"Material"}
COMMAND: GET /session/eb79c257209da8ba08c59be1d775ff21/screenshot - {}
RESULT: {}
RESULT: {}
COMMAND: POST /session/eb79c257209da8ba08c59be1d775ff21/actions - {"actions":[{"id":"action80","type":"key","parameters":{},"actions":[{"type":"keyDown","value":""},{"type":"pause","duration":10},{"type":"keyUp","value":""}]}]}
RESULT: {"actions":[{"id":"action80","type":"key","parameters":{},"actions":[{"type":"keyDown","value":""},{"type":"pause","duration":10},{"type":"keyUp","value":""}]}]}
COMMAND: GET /session/eb79c257209da8ba08c59be1d775ff21/screenshot - {}
RESULT: {}
COMMAND: POST /session/eb79c257209da8ba08c59be1d775ff21/actions - {"actions":[{"id":"action81","type":"key","parameters":{},"actions":[{"type":"keyDown","value":""},{"type":"pause","duration":10},{"type":"keyUp","value":""}]}]}
RESULT: {"actions":[{"id":"action81","type":"key","parameters":{},"actions":[{"type":"keyDown","value":""},{"type":"pause","duration":10},{"type":"keyUp","value":""}]}]}
COMMAND: POST /session/eb79c257209da8ba08c59be1d775ff21/element - {"using":"xpath","value":"//td[7]/div/div/input"}
COMMAND: GET /session/eb79c257209da8ba08c59be1d775ff21/screenshot - {}
RESULT: {"using":"xpath","value":"//td[7]/div/div/input"}
COMMAND: POST /session/eb79c257209da8ba08c59be1d775ff21/element/f.9FA5373B3500B72DA4049E533E67ABAF.d.233208C24B08A62911E899D462A1D5EC.e.16148/clear - {}
RESULT: {}
RESULT: {}
COMMAND: POST /session/eb79c257209da8ba08c59be1d775ff21/element/f.9FA5373B3500B72DA4049E533E67ABAF.d.233208C24B08A62911E899D462A1D5EC.e.16148/value - {"text":"WebdriverRUR2C8llss"}
COMMAND: GET /session/eb79c257209da8ba08c59be1d775ff21/screenshot - {}
RESULT: {"text":"WebdriverRUR2C8llss"}
COMMAND: GET /session/eb79c257209da8ba08c59be1d775ff21/screenshot - {}
RESULT: {}
RESULT: {}
COMMAND: POST /session/eb79c257209da8ba08c59be1d775ff21/actions - {"actions":[{"id":"action82","type":"key","parameters":{},"actions":[{"type":"keyDown","value":""},{"type":"pause","duration":10},{"type":"keyUp","value":""}]}]}
RESULT: {"actions":[{"id":"action82","type":"key","parameters":{},"actions":[{"type":"keyDown","value":""},{"type":"pause","duration":10},{"type":"keyUp","value":""}]}]}
COMMAND: GET /session/eb79c257209da8ba08c59be1d775ff21/screenshot - {}
RESULT: {}
COMMAND: POST /session/eb79c257209da8ba08c59be1d775ff21/actions - {"actions":[{"id":"action83","type":"key","parameters":{},"actions":[{"type":"keyDown","value":""},{"type":"pause","duration":10},{"type":"keyUp","value":""}]}]}
RESULT: {"actions":[{"id":"action83","type":"key","parameters":{},"actions":[{"type":"keyDown","value":""},{"type":"pause","duration":10},{"type":"keyUp","value":""}]}]}
COMMAND: GET /session/eb79c257209da8ba08c59be1d775ff21/screenshot - {}
RESULT: {}
COMMAND: POST /session/eb79c257209da8ba08c59be1d775ff21/element - {"using":"xpath","value":"(//button[@data-kt=\"saveButton\"])[2]"}
RESULT: {"using":"xpath","value":"(//button[@data-kt=\"saveButton\"])[2]"}
COMMAND: POST /session/eb79c257209da8ba08c59be1d775ff21/element/f.9FA5373B3500B72DA4049E533E67ABAF.d.233208C24B08A62911E899D462A1D5EC.e.16171/click - {}
RESULT: {}
COMMAND: GET /session/eb79c257209da8ba08c59be1d775ff21/screenshot - {}
RESULT: {}
]]></system-out>
    </testcase>
    <testcase classname="chrome.136_0_7103_93.windows.E2E_-_Logistical_and_commercial_statuses" name="It should follow the handover steps to the status fully provided" time="432.048">
      <system-out><![CDATA[
COMMAND: POST /session/eb79c257209da8ba08c59be1d775ff21/execute/async - {"script":"<script> [1562 bytes]","args":[{"selector":{"id":"contractDetailProvideButton","viewName":"etm.portal.ui.managecontracts.view.Detail","interaction":{"idSuffix":"BDI-content"}},"wdio_ui5_key":"contractDetailProvideButtonetmportal.ui.managecontracts.view.Detail"}]}
RESULT: {"script":"<script> [1562 bytes]","args":[{"selector":{"id":"contractDetailProvideButton","viewName":"etm.portal.ui.managecontracts.view.Detail","interaction":{"idSuffix":"BDI-content"}},"wdio_ui5_key":"contractDetailProvideButtonetmportal.ui.managecontracts.view.Detail"}]}
RESULT: undefined
COMMAND: POST /session/eb79c257209da8ba08c59be1d775ff21/element - {"using":"xpath","value":"//*[@id=\"__xmlview61--contractDetailProvideButton\"]"}
RESULT: {"using":"xpath","value":"//*[@id=\"__xmlview61--contractDetailProvideButton\"]"}
COMMAND: POST /session/eb79c257209da8ba08c59be1d775ff21/element/f.9FA5373B3500B72DA4049E533E67ABAF.d.233208C24B08A62911E899D462A1D5EC.e.16175/click - {}
RESULT: {}
COMMAND: GET /session/eb79c257209da8ba08c59be1d775ff21/screenshot - {}
RESULT: {}
COMMAND: POST /session/eb79c257209da8ba08c59be1d775ff21/execute/async - {"script":"<script> [1562 bytes]","args":[{"selector":{"id":"application-managehandovers-display-component---AddNewHO--oneStep","interaction":{"idSuffix":"CbBg"}},"wdio_ui5_key":"applicationmanagehandovers-display-component---AddNewHO--oneStep"}]}
RESULT: {"script":"<script> [1562 bytes]","args":[{"selector":{"id":"application-managehandovers-display-component---AddNewHO--oneStep","interaction":{"idSuffix":"CbBg"}},"wdio_ui5_key":"applicationmanagehandovers-display-component---AddNewHO--oneStep"}]}
RESULT: undefined
COMMAND: POST /session/eb79c257209da8ba08c59be1d775ff21/element - {"using":"xpath","value":"//*[@id=\"application-managehandovers-display-component---AddNewHO--oneStep\"]"}
RESULT: {"using":"xpath","value":"//*[@id=\"application-managehandovers-display-component---AddNewHO--oneStep\"]"}
COMMAND: POST /session/eb79c257209da8ba08c59be1d775ff21/element/f.9FA5373B3500B72DA4049E533E67ABAF.d.233208C24B08A62911E899D462A1D5EC.e.16306/click - {}
RESULT: {}
RESULT: undefined
COMMAND: POST /session/eb79c257209da8ba08c59be1d775ff21/execute/async - {"script":"<script> [776 bytes]","args":[{"enterText":"05/24/25","selector":{"id":"application-managehandovers-display-component---AddNewHO--dueDate","interaction":{"idSuffix":"inner"}},"clearTextFirst":true,"interactionType":"ENTER_TEXT"}]}
COMMAND: GET /session/eb79c257209da8ba08c59be1d775ff21/screenshot - {}
RESULT: {}
RESULT: {"script":"<script> [776 bytes]","args":[{"enterText":"05/24/25","selector":{"id":"application-managehandovers-display-component---AddNewHO--dueDate","interaction":{"idSuffix":"inner"}},"clearTextFirst":true,"interactionType":"ENTER_TEXT"}]}
RESULT: undefined
COMMAND: POST /session/eb79c257209da8ba08c59be1d775ff21/element - {"using":"xpath","value":"//*[@id=\"application-managehandovers-display-component---AddNewHO--ObjectPageLayout-anchBar-application-managehandovers-display-component---AddNewHO--section4-anchor\"]"}
RESULT: {"using":"xpath","value":"//*[@id=\"application-managehandovers-display-component---AddNewHO--ObjectPageLayout-anchBar-application-managehandovers-display-component---AddNewHO--section4-anchor\"]"}
COMMAND: POST /session/eb79c257209da8ba08c59be1d775ff21/element/f.9FA5373B3500B72DA4049E533E67ABAF.d.233208C24B08A62911E899D462A1D5EC.e.16307/click - {}
RESULT: {}
COMMAND: POST /session/eb79c257209da8ba08c59be1d775ff21/execute/async - {"script":"<script> [1562 bytes]","args":[{"selector":{"controlType":"sap.ui.core.Icon","viewName":"etm.portal.ui.managehandovers.view.AddNewHO","viewId":"application-managehandovers-display-component---AddNewHO","properties":{"src":{"regex":{"source":"add"}}}},"wdio_ui5_key":"etmportal.ui.managehandovers.view.AddNewHOsap.ui.core.Icon{\"src\":{\"regex\":{\"source\":\"add\"}}}"}]}
COMMAND: GET /session/eb79c257209da8ba08c59be1d775ff21/screenshot - {}
RESULT: {"script":"<script> [1562 bytes]","args":[{"selector":{"controlType":"sap.ui.core.Icon","viewName":"etm.portal.ui.managehandovers.view.AddNewHO","viewId":"application-managehandovers-display-component---AddNewHO","properties":{"src":{"regex":{"source":"add"}}}},"wdio_ui5_key":"etmportal.ui.managehandovers.view.AddNewHOsap.ui.core.Icon{\"src\":{\"regex\":{\"source\":\"add\"}}}"}]}
RESULT: undefined
COMMAND: POST /session/eb79c257209da8ba08c59be1d775ff21/element - {"using":"xpath","value":"//*[@id=\"__button158-img\"]"}
RESULT: {}
RESULT: {"using":"xpath","value":"//*[@id=\"__button158-img\"]"}
COMMAND: POST /session/eb79c257209da8ba08c59be1d775ff21/element/f.9FA5373B3500B72DA4049E533E67ABAF.d.233208C24B08A62911E899D462A1D5EC.e.16311/click - {}
RESULT: {}
COMMAND: GET /session/eb79c257209da8ba08c59be1d775ff21/screenshot - {}
RESULT: {}
RESULT: undefined
COMMAND: POST /session/eb79c257209da8ba08c59be1d775ff21/element - {"using":"xpath","value":"//*[@id=\"application-managehandovers-display-component---AddNewHO--popup-sa\"]"}
RESULT: {"using":"xpath","value":"//*[@id=\"application-managehandovers-display-component---AddNewHO--popup-sa\"]"}
COMMAND: POST /session/eb79c257209da8ba08c59be1d775ff21/element/f.9FA5373B3500B72DA4049E533E67ABAF.d.233208C24B08A62911E899D462A1D5EC.e.16323/click - {}
RESULT: {}
COMMAND: POST /session/eb79c257209da8ba08c59be1d775ff21/execute/async - {"script":"<script> [1562 bytes]","args":[{"selector":{"controlType":"sap.m.Button","viewName":"etm.portal.ui.managehandovers.view.AddNewHO","viewId":"application-managehandovers-display-component---AddNewHO","i18NText":{"propertyName":"text","key":"select"},"searchOpenDialogs":true,"interaction":{"idSuffix":"inner"}},"wdio_ui5_key":"etmportal.ui.managehandovers.view.AddNewHOsap.m.Button{\"propertyName\":\"text\",\"key\":\"select\"}"}]}
COMMAND: GET /session/eb79c257209da8ba08c59be1d775ff21/screenshot - {}
RESULT: {"script":"<script> [1562 bytes]","args":[{"selector":{"controlType":"sap.m.Button","viewName":"etm.portal.ui.managehandovers.view.AddNewHO","viewId":"application-managehandovers-display-component---AddNewHO","i18NText":{"propertyName":"text","key":"select"},"searchOpenDialogs":true,"interaction":{"idSuffix":"inner"}},"wdio_ui5_key":"etmportal.ui.managehandovers.view.AddNewHOsap.m.Button{\"propertyName\":\"text\",\"key\":\"select\"}"}]}
RESULT: undefined
COMMAND: POST /session/eb79c257209da8ba08c59be1d775ff21/element - {"using":"xpath","value":"//*[@id=\"__button162\"]"}
RESULT: {}
RESULT: {"using":"xpath","value":"//*[@id=\"__button162\"]"}
COMMAND: POST /session/eb79c257209da8ba08c59be1d775ff21/element/f.9FA5373B3500B72DA4049E533E67ABAF.d.233208C24B08A62911E899D462A1D5EC.e.16325/click - {}
RESULT: {}
COMMAND: POST /session/eb79c257209da8ba08c59be1d775ff21/execute/async - {"script":"<script> [1562 bytes]","args":[{"selector":{"id":"application-managehandovers-display-component---AddNewHO--confirmCreationButton","interaction":{"idSuffix":"BDI-content"}},"wdio_ui5_key":"applicationmanagehandovers-display-component---AddNewHO--confirmCreationButton"}]}
COMMAND: GET /session/eb79c257209da8ba08c59be1d775ff21/screenshot - {}
RESULT: {"script":"<script> [1562 bytes]","args":[{"selector":{"id":"application-managehandovers-display-component---AddNewHO--confirmCreationButton","interaction":{"idSuffix":"BDI-content"}},"wdio_ui5_key":"applicationmanagehandovers-display-component---AddNewHO--confirmCreationButton"}]}
RESULT: undefined
COMMAND: POST /session/eb79c257209da8ba08c59be1d775ff21/element - {"using":"xpath","value":"//*[@id=\"application-managehandovers-display-component---AddNewHO--confirmCreationButton\"]"}
RESULT: {}
RESULT: {"using":"xpath","value":"//*[@id=\"application-managehandovers-display-component---AddNewHO--confirmCreationButton\"]"}
COMMAND: POST /session/eb79c257209da8ba08c59be1d775ff21/element/f.9FA5373B3500B72DA4049E533E67ABAF.d.233208C24B08A62911E899D462A1D5EC.e.16259/click - {}
RESULT: {}
COMMAND: GET /session/eb79c257209da8ba08c59be1d775ff21/screenshot - {}
RESULT: {}
COMMAND: POST /session/eb79c257209da8ba08c59be1d775ff21/element - {"using":"xpath","value":"//a[contains(@data-kt ,\"GeneralSectionReceiveContracttLink\")]"}
RESULT: {"using":"xpath","value":"//a[contains(@data-kt ,\"GeneralSectionReceiveContracttLink\")]"}
COMMAND: POST /session/eb79c257209da8ba08c59be1d775ff21/element/f.9FA5373B3500B72DA4049E533E67ABAF.d.233208C24B08A62911E899D462A1D5EC.e.16361/click - {}
RESULT: {}
COMMAND: GET /session/eb79c257209da8ba08c59be1d775ff21/screenshot - {}
RESULT: {}
COMMAND: POST /session/eb79c257209da8ba08c59be1d775ff21/element - {"using":"xpath","value":"//a[contains(@data-kt ,\"ContextMenuId2Link\")]"}
RESULT: {"using":"xpath","value":"//a[contains(@data-kt ,\"ContextMenuId2Link\")]"}
COMMAND: POST /session/eb79c257209da8ba08c59be1d775ff21/element/f.9FA5373B3500B72DA4049E533E67ABAF.d.233208C24B08A62911E899D462A1D5EC.e.16382/click - {}
RESULT: {}
COMMAND: GET /session/eb79c257209da8ba08c59be1d775ff21/screenshot - {}
RESULT: {}
COMMAND: POST /session/eb79c257209da8ba08c59be1d775ff21/execute/async - {"script":"<script> [1562 bytes]","args":[{"selector":{"controlType":"sap.m.ObjectStatus","viewName":"etm.portal.ui.managecontracts.view.Detail","bindingPath":{"propertyPath":"LINK_TO_LOGISTICAL_STATUS/DESCRIPTION","modelName":"catalogModel"}},"wdio_ui5_key":"etmportal.ui.managecontracts.view.Detailsap.m.ObjectStatus{\"propertyPath\":\"LINK_TO_LOGISTICAL_STATUS/DESCRIPTION\",\"modelName\":\"catalogModel\"}"}]}
RESULT: {"script":"<script> [1562 bytes]","args":[{"selector":{"controlType":"sap.m.ObjectStatus","viewName":"etm.portal.ui.managecontracts.view.Detail","bindingPath":{"propertyPath":"LINK_TO_LOGISTICAL_STATUS/DESCRIPTION","modelName":"catalogModel"}},"wdio_ui5_key":"etmportal.ui.managecontracts.view.Detailsap.m.ObjectStatus{\"propertyPath\":\"LINK_TO_LOGISTICAL_STATUS/DESCRIPTION\",\"modelName\":\"catalogModel\"}"}]}
RESULT: undefined
COMMAND: POST /session/eb79c257209da8ba08c59be1d775ff21/execute/async - {"script":"<script> [6424 bytes]","args":[{"element-6066-11e4-a52e-4f735466cecf":"f.9FA5373B3500B72DA4049E533E67ABAF.d.233208C24B08A62911E899D462A1D5EC.e.16616"},"getText",[]]}
RESULT: {"script":"<script> [6424 bytes]","args":[{"element-6066-11e4-a52e-4f735466cecf":"f.9FA5373B3500B72DA4049E533E67ABAF.d.233208C24B08A62911E899D462A1D5EC.e.16616"},"getText",[]]}
COMMAND: POST /session/eb79c257209da8ba08c59be1d775ff21/execute/async - {"script":"<script> [1562 bytes]","args":[{"selector":{"controlType":"sap.m.ObjectStatus","viewName":"etm.portal.ui.managecontracts.view.Detail","bindingPath":{"propertyPath":"LINK_TO_COMMERCIAL_STATUS/DESCRIPTION","modelName":"catalogModel"}},"wdio_ui5_key":"etmportal.ui.managecontracts.view.Detailsap.m.ObjectStatus{\"propertyPath\":\"LINK_TO_COMMERCIAL_STATUS/DESCRIPTION\",\"modelName\":\"catalogModel\"}"}]}
RESULT: {"script":"<script> [1562 bytes]","args":[{"selector":{"controlType":"sap.m.ObjectStatus","viewName":"etm.portal.ui.managecontracts.view.Detail","bindingPath":{"propertyPath":"LINK_TO_COMMERCIAL_STATUS/DESCRIPTION","modelName":"catalogModel"}},"wdio_ui5_key":"etmportal.ui.managecontracts.view.Detailsap.m.ObjectStatus{\"propertyPath\":\"LINK_TO_COMMERCIAL_STATUS/DESCRIPTION\",\"modelName\":\"catalogModel\"}"}]}
RESULT: undefined
COMMAND: POST /session/eb79c257209da8ba08c59be1d775ff21/execute/async - {"script":"<script> [6424 bytes]","args":[{"element-6066-11e4-a52e-4f735466cecf":"f.9FA5373B3500B72DA4049E533E67ABAF.d.233208C24B08A62911E899D462A1D5EC.e.16617"},"getText",[]]}
RESULT: {"script":"<script> [6424 bytes]","args":[{"element-6066-11e4-a52e-4f735466cecf":"f.9FA5373B3500B72DA4049E533E67ABAF.d.233208C24B08A62911E899D462A1D5EC.e.16617"},"getText",[]]}
COMMAND: POST /session/eb79c257209da8ba08c59be1d775ff21/execute/async - {"script":"<script> [1562 bytes]","args":[{"selector":{"id":"backBtn"},"wdio_ui5_key":"backBtn"}]}
RESULT: {"script":"<script> [1562 bytes]","args":[{"selector":{"id":"backBtn"},"wdio_ui5_key":"backBtn"}]}
RESULT: undefined
COMMAND: POST /session/eb79c257209da8ba08c59be1d775ff21/element - {"using":"xpath","value":"//*[@id=\"backBtn\"]"}
RESULT: {"using":"xpath","value":"//*[@id=\"backBtn\"]"}
COMMAND: POST /session/eb79c257209da8ba08c59be1d775ff21/element/f.9FA5373B3500B72DA4049E533E67ABAF.d.233208C24B08A62911E899D462A1D5EC.e.16618/click - {}
RESULT: {}
COMMAND: GET /session/eb79c257209da8ba08c59be1d775ff21/screenshot - {}
COMMAND: POST /session/eb79c257209da8ba08c59be1d775ff21/execute/async - {"script":"<script> [1562 bytes]","args":[{"selector":{"controlType":"sap.m.Text","viewName":"etm.portal.ui.managehandovers.view.DetailExecuteHO","bindingPath":{"propertyPath":"NO","modelName":"catalogModel"}},"wdio_ui5_key":"etmportal.ui.managehandovers.view.DetailExecuteHOsap.m.Text{\"propertyPath\":\"NO\",\"modelName\":\"catalogModel\"}"}]}
RESULT: {}
RESULT: {"script":"<script> [1562 bytes]","args":[{"selector":{"controlType":"sap.m.Text","viewName":"etm.portal.ui.managehandovers.view.DetailExecuteHO","bindingPath":{"propertyPath":"NO","modelName":"catalogModel"}},"wdio_ui5_key":"etmportal.ui.managehandovers.view.DetailExecuteHOsap.m.Text{\"propertyPath\":\"NO\",\"modelName\":\"catalogModel\"}"}]}
RESULT: undefined
COMMAND: POST /session/eb79c257209da8ba08c59be1d775ff21/execute/async - {"script":"<script> [6424 bytes]","args":[{"element-6066-11e4-a52e-4f735466cecf":"f.9FA5373B3500B72DA4049E533E67ABAF.d.233208C24B08A62911E899D462A1D5EC.e.16755"},"getText",[]]}
RESULT: {"script":"<script> [6424 bytes]","args":[{"element-6066-11e4-a52e-4f735466cecf":"f.9FA5373B3500B72DA4049E533E67ABAF.d.233208C24B08A62911E899D462A1D5EC.e.16755"},"getText",[]]}
COMMAND: POST /session/eb79c257209da8ba08c59be1d775ff21/element - {"using":"xpath","value":"//input[contains(@id ,\"issueDatePicker-inner\")]"}
RESULT: {"using":"xpath","value":"//input[contains(@id ,\"issueDatePicker-inner\")]"}
COMMAND: GET /session/eb79c257209da8ba08c59be1d775ff21/element/f.9FA5373B3500B72DA4049E533E67ABAF.d.233208C24B08A62911E899D462A1D5EC.e.16737/property/value - {}
RESULT: {}
COMMAND: POST /session/eb79c257209da8ba08c59be1d775ff21/element/f.9FA5373B3500B72DA4049E533E67ABAF.d.233208C24B08A62911E899D462A1D5EC.e.16737/clear - {}
COMMAND: GET /session/eb79c257209da8ba08c59be1d775ff21/screenshot - {}
RESULT: {}
COMMAND: POST /session/eb79c257209da8ba08c59be1d775ff21/element/f.9FA5373B3500B72DA4049E533E67ABAF.d.233208C24B08A62911E899D462A1D5EC.e.16737/value - {"text":"05/24/25"}
COMMAND: GET /session/eb79c257209da8ba08c59be1d775ff21/screenshot - {}
RESULT: {}
RESULT: {"text":"05/24/25"}
COMMAND: GET /session/eb79c257209da8ba08c59be1d775ff21/screenshot - {}
RESULT: {}
RESULT: {}
COMMAND: POST /session/eb79c257209da8ba08c59be1d775ff21/execute/async - {"script":"<script> [1562 bytes]","args":[{"selector":{"controlType":"sap.m.Button","viewName":"etm.portal.ui.managehandovers.view.DetailExecuteHO","i18NText":{"propertyName":"text","key":"confirmAll"},"interaction":{"idSuffix":"inner"}},"wdio_ui5_key":"etmportal.ui.managehandovers.view.DetailExecuteHOsap.m.Button{\"propertyName\":\"text\",\"key\":\"confirmAll\"}"}]}
RESULT: {"script":"<script> [1562 bytes]","args":[{"selector":{"controlType":"sap.m.Button","viewName":"etm.portal.ui.managehandovers.view.DetailExecuteHO","i18NText":{"propertyName":"text","key":"confirmAll"},"interaction":{"idSuffix":"inner"}},"wdio_ui5_key":"etmportal.ui.managehandovers.view.DetailExecuteHOsap.m.Button{\"propertyName\":\"text\",\"key\":\"confirmAll\"}"}]}
RESULT: undefined
COMMAND: POST /session/eb79c257209da8ba08c59be1d775ff21/element - {"using":"xpath","value":"//*[@id=\"__button246\"]"}
RESULT: {"using":"xpath","value":"//*[@id=\"__button246\"]"}
COMMAND: POST /session/eb79c257209da8ba08c59be1d775ff21/element/f.9FA5373B3500B72DA4049E533E67ABAF.d.233208C24B08A62911E899D462A1D5EC.e.16760/click - {}
RESULT: {}
COMMAND: GET /session/eb79c257209da8ba08c59be1d775ff21/screenshot - {}
RESULT: {}
COMMAND: POST /session/eb79c257209da8ba08c59be1d775ff21/actions - {"actions":[{"id":"action84","type":"key","parameters":{},"actions":[{"type":"keyDown","value":""},{"type":"pause","duration":10},{"type":"keyUp","value":""}]}]}
RESULT: {"actions":[{"id":"action84","type":"key","parameters":{},"actions":[{"type":"keyDown","value":""},{"type":"pause","duration":10},{"type":"keyUp","value":""}]}]}
COMMAND: GET /session/eb79c257209da8ba08c59be1d775ff21/screenshot - {}
RESULT: {}
RESULT: undefined
COMMAND: POST /session/eb79c257209da8ba08c59be1d775ff21/element - {"using":"xpath","value":"//*[@id=\"__button246\"]"}
RESULT: {"using":"xpath","value":"//*[@id=\"__button246\"]"}
COMMAND: POST /session/eb79c257209da8ba08c59be1d775ff21/element/f.9FA5373B3500B72DA4049E533E67ABAF.d.233208C24B08A62911E899D462A1D5EC.e.16760/click - {}
RESULT: {}
COMMAND: GET /session/eb79c257209da8ba08c59be1d775ff21/screenshot - {}
RESULT: {}
COMMAND: POST /session/eb79c257209da8ba08c59be1d775ff21/execute/async - {"script":"<script> [1562 bytes]","args":[{"selector":{"controlType":"sap.m.Button","properties":{"text":"OK"},"searchOpenDialogs":true,"interaction":{"idSuffix":"content"}},"wdio_ui5_key":"sapm.Button{\"text\":\"OK\"}"}]}
RESULT: {"script":"<script> [1562 bytes]","args":[{"selector":{"controlType":"sap.m.Button","properties":{"text":"OK"},"searchOpenDialogs":true,"interaction":{"idSuffix":"content"}},"wdio_ui5_key":"sapm.Button{\"text\":\"OK\"}"}]}
RESULT: undefined
COMMAND: POST /session/eb79c257209da8ba08c59be1d775ff21/element - {"using":"xpath","value":"//*[@id=\"__mbox-btn-4\"]"}
RESULT: {"using":"xpath","value":"//*[@id=\"__mbox-btn-4\"]"}
COMMAND: POST /session/eb79c257209da8ba08c59be1d775ff21/element/f.9FA5373B3500B72DA4049E533E67ABAF.d.233208C24B08A62911E899D462A1D5EC.e.16768/click - {}
RESULT: {}
COMMAND: GET /session/eb79c257209da8ba08c59be1d775ff21/screenshot - {}
RESULT: {}
COMMAND: POST /session/eb79c257209da8ba08c59be1d775ff21/element - {"using":"xpath","value":"//button[contains(@data-kt ,\"execHoPickFooterButton\")]"}
RESULT: {"using":"xpath","value":"//button[contains(@data-kt ,\"execHoPickFooterButton\")]"}
COMMAND: POST /session/eb79c257209da8ba08c59be1d775ff21/element/f.9FA5373B3500B72DA4049E533E67ABAF.d.233208C24B08A62911E899D462A1D5EC.e.16772/click - {}
RESULT: {}
COMMAND: GET /session/eb79c257209da8ba08c59be1d775ff21/screenshot - {}
RESULT: {}
COMMAND: POST /session/eb79c257209da8ba08c59be1d775ff21/refresh - {}
RESULT: {}
COMMAND: GET /session/eb79c257209da8ba08c59be1d775ff21/screenshot - {}
RESULT: {}
COMMAND: POST /session/eb79c257209da8ba08c59be1d775ff21/refresh - {}
RESULT: {}
COMMAND: GET /session/eb79c257209da8ba08c59be1d775ff21/screenshot - {}
RESULT: {}
COMMAND: POST /session/eb79c257209da8ba08c59be1d775ff21/window/fullscreen - {}
RESULT: {}
COMMAND: POST /session/eb79c257209da8ba08c59be1d775ff21/execute/async - {"script":"<script> [189 bytes]","args":[]}
RESULT: {"script":"<script> [189 bytes]","args":[]}
COMMAND: POST /session/eb79c257209da8ba08c59be1d775ff21/execute/async - {"script":"<script> [123 bytes]","args":[]}
RESULT: {"script":"<script> [123 bytes]","args":[]}
COMMAND: POST /session/eb79c257209da8ba08c59be1d775ff21/timeouts - {"script":"<number>"}
RESULT: {"script":"<number>"}
COMMAND: GET /session/eb79c257209da8ba08c59be1d775ff21/timeouts - {}
RESULT: {}
RESULT: undefined
COMMAND: POST /session/eb79c257209da8ba08c59be1d775ff21/execute/async - {"script":"<script> [2676 bytes]","args":[]}
RESULT: {"script":"<script> [2676 bytes]","args":[]}
COMMAND: POST /session/eb79c257209da8ba08c59be1d775ff21/execute/async - {"script":"<script> [2342 bytes]","args":[{"protocol":"http","hostname":"0.0.0.0","path":"/","capabilities":{"browserName":"chrome","goog:chromeOptions":{"binary":"C:\\Program Files\\Google\\Chrome\\Application\\chrome.exe","args":["--start-maximized"]}},"logLevel":"warn","connectionRetryTimeout":120000,"connectionRetryCount":3,"logLevels":{},"enableDirectConnect":true,"strictSSL":true,"_":"65 more keys: [\"cacheDir\",\"port\",\"requestedCapabilities\",\"automationProtocol\",\"baseUrl\",\"waitforInterval\",\"waitforTimeout\",\"onReload\",\"beforeCommand\",\"afterCommand\",\"rootDir\",\"specs\",\"suites\",\"exclude\",\"groupLogsByTestSpec\",\"excludeDriverLogs\",\"bail\",\"framework\",\"reporters\",\"services\",\"maxInstances\",\"maxInstancesPerCapability\",\"injectGlobals\",\"filesToWatch\",\"execArgv\",\"runnerEnv\",\"runner\",\"shard\",\"specFileRetries\",\"specFileRetriesDelay\",\"specFileRetriesDeferred\",\"reporterSyncInterval\",\"reporterSyncTimeout\",\"cucumberFeaturesWithLineNumbers\",\"autoCompileOpts\",\"mochaOpts\",\"jasmineOpts\",\"cucumberOpts\",\"onPrepare\",\"onWorkerStart\",\"onWorkerEnd\",\"before\",\"beforeSession\",\"beforeSuite\",\"beforeHook\",\"beforeTest\",\"afterTest\",\"afterHook\",\"afterSuite\",\"afterSession\",\"after\",\"onComplete\",\"beforeAssertion\",\"afterAssertion\",\"beforeFeature\",\"beforeScenario\",\"beforeStep\",\"afterStep\",\"afterScenario\",\"afterFeature\",\"_\",\"suite\",\"$0\",\"ignoredWorkerServices\",\"wdi5\"]"}]}
RESULT: {"script":"<script> [2342 bytes]","args":[{"protocol":"http","hostname":"0.0.0.0","path":"/","capabilities":{"browserName":"chrome","goog:chromeOptions":{"binary":"C:\\Program Files\\Google\\Chrome\\Application\\chrome.exe","args":["--start-maximized"]}},"logLevel":"warn","connectionRetryTimeout":120000,"connectionRetryCount":3,"logLevels":{},"enableDirectConnect":true,"strictSSL":true,"_":"65 more keys: [\"cacheDir\",\"port\",\"requestedCapabilities\",\"automationProtocol\",\"baseUrl\",\"waitforInterval\",\"waitforTimeout\",\"onReload\",\"beforeCommand\",\"afterCommand\",\"rootDir\",\"specs\",\"suites\",\"exclude\",\"groupLogsByTestSpec\",\"excludeDriverLogs\",\"bail\",\"framework\",\"reporters\",\"services\",\"maxInstances\",\"maxInstancesPerCapability\",\"injectGlobals\",\"filesToWatch\",\"execArgv\",\"runnerEnv\",\"runner\",\"shard\",\"specFileRetries\",\"specFileRetriesDelay\",\"specFileRetriesDeferred\",\"reporterSyncInterval\",\"reporterSyncTimeout\",\"cucumberFeaturesWithLineNumbers\",\"autoCompileOpts\",\"mochaOpts\",\"jasmineOpts\",\"cucumberOpts\",\"onPrepare\",\"onWorkerStart\",\"onWorkerEnd\",\"before\",\"beforeSession\",\"beforeSuite\",\"beforeHook\",\"beforeTest\",\"afterTest\",\"afterHook\",\"afterSuite\",\"afterSession\",\"after\",\"onComplete\",\"beforeAssertion\",\"afterAssertion\",\"beforeFeature\",\"beforeScenario\",\"beforeStep\",\"afterStep\",\"afterScenario\",\"afterFeature\",\"_\",\"suite\",\"$0\",\"ignoredWorkerServices\",\"wdi5\"]"}]}
COMMAND: POST /session/eb79c257209da8ba08c59be1d775ff21/execute/async - {"script":"<script> [21126 bytes]","args":[35000]}
RESULT: {"script":"<script> [21126 bytes]","args":[35000]}
COMMAND: POST /session/eb79c257209da8ba08c59be1d775ff21/execute/async - {"script":"<script> [1562 bytes]","args":[{"selector":{"controlType":"sap.m.SearchField","viewName":"etm.portal.ui.managehandovers.view.MasterHO","bindingPath":{"path":"","propertyPath":"/_BASIC_SEARCH_FIELD","modelName":"fi1t3rM0d31"},"interaction":{"idSuffix":"I"}},"wdio_ui5_key":"etmportal.ui.managehandovers.view.MasterHOsap.m.SearchField{\"path\":\"\",\"propertyPath\":\"/_BASIC_SEARCH_FIELD\",\"modelName\":\"fi1t3rM0d31\"}"}]}
RESULT: {"script":"<script> [1562 bytes]","args":[{"selector":{"controlType":"sap.m.SearchField","viewName":"etm.portal.ui.managehandovers.view.MasterHO","bindingPath":{"path":"","propertyPath":"/_BASIC_SEARCH_FIELD","modelName":"fi1t3rM0d31"},"interaction":{"idSuffix":"I"}},"wdio_ui5_key":"etmportal.ui.managehandovers.view.MasterHOsap.m.SearchField{\"path\":\"\",\"propertyPath\":\"/_BASIC_SEARCH_FIELD\",\"modelName\":\"fi1t3rM0d31\"}"}]}
RESULT: undefined
COMMAND: POST /session/eb79c257209da8ba08c59be1d775ff21/execute/async - {"script":"<script> [776 bytes]","args":[{"enterText":"30407","selector":{"controlType":"sap.m.SearchField","viewName":"etm.portal.ui.managehandovers.view.MasterHO","bindingPath":{"path":"","propertyPath":"/_BASIC_SEARCH_FIELD","modelName":"fi1t3rM0d31"},"interaction":{"idSuffix":"I"}},"clearTextFirst":true,"interactionType":"ENTER_TEXT"}]}
RESULT: {"script":"<script> [776 bytes]","args":[{"enterText":"30407","selector":{"controlType":"sap.m.SearchField","viewName":"etm.portal.ui.managehandovers.view.MasterHO","bindingPath":{"path":"","propertyPath":"/_BASIC_SEARCH_FIELD","modelName":"fi1t3rM0d31"},"interaction":{"idSuffix":"I"}},"clearTextFirst":true,"interactionType":"ENTER_TEXT"}]}
COMMAND: POST /session/eb79c257209da8ba08c59be1d775ff21/actions - {"actions":[{"id":"action85","type":"key","parameters":{},"actions":[{"type":"keyDown","value":""},{"type":"pause","duration":10},{"type":"keyUp","value":""}]}]}
RESULT: {"actions":[{"id":"action85","type":"key","parameters":{},"actions":[{"type":"keyDown","value":""},{"type":"pause","duration":10},{"type":"keyUp","value":""}]}]}
COMMAND: GET /session/eb79c257209da8ba08c59be1d775ff21/screenshot - {}
RESULT: {}
COMMAND: POST /session/eb79c257209da8ba08c59be1d775ff21/execute/async - {"script":"<script> [1562 bytes]","args":[{"selector":{"controlType":"sap.m.Title","viewName":"etm.portal.ui.managehandovers.view.MasterHO","properties":{"text":"Records (1)"}},"wdio_ui5_key":"etmportal.ui.managehandovers.view.MasterHOsap.m.Title{\"text\":\"Records (1)\"}"}]}
RESULT: {"script":"<script> [1562 bytes]","args":[{"selector":{"controlType":"sap.m.Title","viewName":"etm.portal.ui.managehandovers.view.MasterHO","properties":{"text":"Records (1)"}},"wdio_ui5_key":"etmportal.ui.managehandovers.view.MasterHOsap.m.Title{\"text\":\"Records (1)\"}"}]}
RESULT: undefined
COMMAND: POST /session/eb79c257209da8ba08c59be1d775ff21/execute/async - {"script":"<script> [6424 bytes]","args":[{"element-6066-11e4-a52e-4f735466cecf":"f.9FA5373B3500B72DA4049E533E67ABAF.d.E047231FD0F5116896014387DC69B4F5.e.17139"},"getText",[]]}
RESULT: {"script":"<script> [6424 bytes]","args":[{"element-6066-11e4-a52e-4f735466cecf":"f.9FA5373B3500B72DA4049E533E67ABAF.d.E047231FD0F5116896014387DC69B4F5.e.17139"},"getText",[]]}
COMMAND: POST /session/eb79c257209da8ba08c59be1d775ff21/execute/async - {"script":"<script> [1562 bytes]","args":[{"selector":{"controlType":"sap.ui.core.Icon","viewName":"etm.portal.ui.managehandovers.view.MasterHO","properties":{"src":{"regex":{"source":"slim\\-arrow\\-right"}}}},"wdio_ui5_key":"etmportal.ui.managehandovers.view.MasterHOsap.ui.core.Icon{\"src\":{\"regex\":{\"source\":\"slim\\\\-arrow\\\\-right\"}}}"}]}
RESULT: {"script":"<script> [1562 bytes]","args":[{"selector":{"controlType":"sap.ui.core.Icon","viewName":"etm.portal.ui.managehandovers.view.MasterHO","properties":{"src":{"regex":{"source":"slim\\-arrow\\-right"}}}},"wdio_ui5_key":"etmportal.ui.managehandovers.view.MasterHOsap.ui.core.Icon{\"src\":{\"regex\":{\"source\":\"slim\\\\-arrow\\\\-right\"}}}"}]}
RESULT: undefined
COMMAND: POST /session/eb79c257209da8ba08c59be1d775ff21/element - {"using":"xpath","value":"//*[@id=\"__item31-__clone17-imgNav\"]"}
RESULT: {"using":"xpath","value":"//*[@id=\"__item31-__clone17-imgNav\"]"}
COMMAND: POST /session/eb79c257209da8ba08c59be1d775ff21/element/f.9FA5373B3500B72DA4049E533E67ABAF.d.E047231FD0F5116896014387DC69B4F5.e.17132/click - {}
RESULT: {}
COMMAND: GET /session/eb79c257209da8ba08c59be1d775ff21/screenshot - {}
RESULT: {}
COMMAND: POST /session/eb79c257209da8ba08c59be1d775ff21/element - {"using":"xpath","value":"//a[contains(@data-kt ,\"GeneralSectionReceiveContracttLink\")]"}
RESULT: {"using":"xpath","value":"//a[contains(@data-kt ,\"GeneralSectionReceiveContracttLink\")]"}
COMMAND: POST /session/eb79c257209da8ba08c59be1d775ff21/element/f.9FA5373B3500B72DA4049E533E67ABAF.d.E047231FD0F5116896014387DC69B4F5.e.17243/click - {}
RESULT: {}
COMMAND: GET /session/eb79c257209da8ba08c59be1d775ff21/screenshot - {}
RESULT: {}
COMMAND: POST /session/eb79c257209da8ba08c59be1d775ff21/element - {"using":"xpath","value":"//a[contains(@data-kt ,\"ContextMenuId2Link\")]"}
RESULT: {"using":"xpath","value":"//a[contains(@data-kt ,\"ContextMenuId2Link\")]"}
COMMAND: POST /session/eb79c257209da8ba08c59be1d775ff21/element/f.9FA5373B3500B72DA4049E533E67ABAF.d.E047231FD0F5116896014387DC69B4F5.e.17246/click - {}
RESULT: {}
COMMAND: GET /session/eb79c257209da8ba08c59be1d775ff21/screenshot - {}
RESULT: {}
COMMAND: POST /session/eb79c257209da8ba08c59be1d775ff21/execute/async - {"script":"<script> [1562 bytes]","args":[{"selector":{"controlType":"sap.m.ObjectStatus","viewName":"etm.portal.ui.managecontracts.view.Detail","bindingPath":{"propertyPath":"LINK_TO_LOGISTICAL_STATUS/DESCRIPTION","modelName":"catalogModel"}},"wdio_ui5_key":"etmportal.ui.managecontracts.view.Detailsap.m.ObjectStatus{\"propertyPath\":\"LINK_TO_LOGISTICAL_STATUS/DESCRIPTION\",\"modelName\":\"catalogModel\"}"}]}
RESULT: {"script":"<script> [1562 bytes]","args":[{"selector":{"controlType":"sap.m.ObjectStatus","viewName":"etm.portal.ui.managecontracts.view.Detail","bindingPath":{"propertyPath":"LINK_TO_LOGISTICAL_STATUS/DESCRIPTION","modelName":"catalogModel"}},"wdio_ui5_key":"etmportal.ui.managecontracts.view.Detailsap.m.ObjectStatus{\"propertyPath\":\"LINK_TO_LOGISTICAL_STATUS/DESCRIPTION\",\"modelName\":\"catalogModel\"}"}]}
RESULT: undefined
COMMAND: POST /session/eb79c257209da8ba08c59be1d775ff21/execute/async - {"script":"<script> [6424 bytes]","args":[{"element-6066-11e4-a52e-4f735466cecf":"f.9FA5373B3500B72DA4049E533E67ABAF.d.E047231FD0F5116896014387DC69B4F5.e.17482"},"getText",[]]}
RESULT: {"script":"<script> [6424 bytes]","args":[{"element-6066-11e4-a52e-4f735466cecf":"f.9FA5373B3500B72DA4049E533E67ABAF.d.E047231FD0F5116896014387DC69B4F5.e.17482"},"getText",[]]}
COMMAND: POST /session/eb79c257209da8ba08c59be1d775ff21/execute/async - {"script":"<script> [1562 bytes]","args":[{"selector":{"controlType":"sap.m.ObjectStatus","viewName":"etm.portal.ui.managecontracts.view.Detail","bindingPath":{"propertyPath":"LINK_TO_COMMERCIAL_STATUS/DESCRIPTION","modelName":"catalogModel"}},"wdio_ui5_key":"etmportal.ui.managecontracts.view.Detailsap.m.ObjectStatus{\"propertyPath\":\"LINK_TO_COMMERCIAL_STATUS/DESCRIPTION\",\"modelName\":\"catalogModel\"}"}]}
RESULT: {"script":"<script> [1562 bytes]","args":[{"selector":{"controlType":"sap.m.ObjectStatus","viewName":"etm.portal.ui.managecontracts.view.Detail","bindingPath":{"propertyPath":"LINK_TO_COMMERCIAL_STATUS/DESCRIPTION","modelName":"catalogModel"}},"wdio_ui5_key":"etmportal.ui.managecontracts.view.Detailsap.m.ObjectStatus{\"propertyPath\":\"LINK_TO_COMMERCIAL_STATUS/DESCRIPTION\",\"modelName\":\"catalogModel\"}"}]}
RESULT: undefined
COMMAND: POST /session/eb79c257209da8ba08c59be1d775ff21/execute/async - {"script":"<script> [6424 bytes]","args":[{"element-6066-11e4-a52e-4f735466cecf":"f.9FA5373B3500B72DA4049E533E67ABAF.d.E047231FD0F5116896014387DC69B4F5.e.17483"},"getText",[]]}
RESULT: {"script":"<script> [6424 bytes]","args":[{"element-6066-11e4-a52e-4f735466cecf":"f.9FA5373B3500B72DA4049E533E67ABAF.d.E047231FD0F5116896014387DC69B4F5.e.17483"},"getText",[]]}
COMMAND: POST /session/eb79c257209da8ba08c59be1d775ff21/execute/async - {"script":"<script> [1562 bytes]","args":[{"selector":{"id":"backBtn"},"wdio_ui5_key":"backBtn"}]}
RESULT: {"script":"<script> [1562 bytes]","args":[{"selector":{"id":"backBtn"},"wdio_ui5_key":"backBtn"}]}
RESULT: undefined
COMMAND: POST /session/eb79c257209da8ba08c59be1d775ff21/element - {"using":"xpath","value":"//*[@id=\"backBtn\"]"}
RESULT: {"using":"xpath","value":"//*[@id=\"backBtn\"]"}
COMMAND: POST /session/eb79c257209da8ba08c59be1d775ff21/element/f.9FA5373B3500B72DA4049E533E67ABAF.d.E047231FD0F5116896014387DC69B4F5.e.17484/click - {}
RESULT: {}
COMMAND: GET /session/eb79c257209da8ba08c59be1d775ff21/screenshot - {}
COMMAND: POST /session/eb79c257209da8ba08c59be1d775ff21/execute/async - {"script":"<script> [1562 bytes]","args":[{"selector":{"controlType":"sap.m.Button","viewName":"etm.portal.ui.managehandovers.view.DetailExecuteHO","i18NText":{"propertyName":"text","key":"confirmAll"},"interaction":{"idSuffix":"BDI-content"}},"wdio_ui5_key":"etmportal.ui.managehandovers.view.DetailExecuteHOsap.m.Button{\"propertyName\":\"text\",\"key\":\"confirmAll\"}"}]}
RESULT: {}
RESULT: {"script":"<script> [1562 bytes]","args":[{"selector":{"controlType":"sap.m.Button","viewName":"etm.portal.ui.managehandovers.view.DetailExecuteHO","i18NText":{"propertyName":"text","key":"confirmAll"},"interaction":{"idSuffix":"BDI-content"}},"wdio_ui5_key":"etmportal.ui.managehandovers.view.DetailExecuteHOsap.m.Button{\"propertyName\":\"text\",\"key\":\"confirmAll\"}"}]}
RESULT: undefined
COMMAND: POST /session/eb79c257209da8ba08c59be1d775ff21/element - {"using":"xpath","value":"//*[@id=\"__button85\"]"}
RESULT: {"using":"xpath","value":"//*[@id=\"__button85\"]"}
COMMAND: POST /session/eb79c257209da8ba08c59be1d775ff21/element/f.9FA5373B3500B72DA4049E533E67ABAF.d.E047231FD0F5116896014387DC69B4F5.e.17616/click - {}
RESULT: {}
COMMAND: GET /session/eb79c257209da8ba08c59be1d775ff21/screenshot - {}
RESULT: {}
COMMAND: POST /session/eb79c257209da8ba08c59be1d775ff21/execute/async - {"script":"<script> [1562 bytes]","args":[{"selector":{"controlType":"sap.m.Button","properties":{"text":"OK"},"searchOpenDialogs":true,"interaction":{"idSuffix":"inner"}},"wdio_ui5_key":"sapm.Button{\"text\":\"OK\"}"}]}
RESULT: {"script":"<script> [1562 bytes]","args":[{"selector":{"controlType":"sap.m.Button","properties":{"text":"OK"},"searchOpenDialogs":true,"interaction":{"idSuffix":"inner"}},"wdio_ui5_key":"sapm.Button{\"text\":\"OK\"}"}]}
RESULT: undefined
COMMAND: POST /session/eb79c257209da8ba08c59be1d775ff21/element - {"using":"xpath","value":"//*[@id=\"__mbox-btn-0\"]"}
RESULT: {"using":"xpath","value":"//*[@id=\"__mbox-btn-0\"]"}
COMMAND: POST /session/eb79c257209da8ba08c59be1d775ff21/element/f.9FA5373B3500B72DA4049E533E67ABAF.d.E047231FD0F5116896014387DC69B4F5.e.17621/click - {}
RESULT: {}
COMMAND: GET /session/eb79c257209da8ba08c59be1d775ff21/screenshot - {}
RESULT: {}
COMMAND: POST /session/eb79c257209da8ba08c59be1d775ff21/element - {"using":"xpath","value":"//button[contains(@data-kt ,\"execHoIssueFooterButton\")]"}
RESULT: {"using":"xpath","value":"//button[contains(@data-kt ,\"execHoIssueFooterButton\")]"}
COMMAND: POST /session/eb79c257209da8ba08c59be1d775ff21/element/f.9FA5373B3500B72DA4049E533E67ABAF.d.E047231FD0F5116896014387DC69B4F5.e.17624/click - {}
RESULT: {}
COMMAND: GET /session/eb79c257209da8ba08c59be1d775ff21/screenshot - {}
RESULT: {}
COMMAND: POST /session/eb79c257209da8ba08c59be1d775ff21/refresh - {}
RESULT: {}
COMMAND: GET /session/eb79c257209da8ba08c59be1d775ff21/screenshot - {}
RESULT: {}
COMMAND: POST /session/eb79c257209da8ba08c59be1d775ff21/refresh - {}
RESULT: {}
COMMAND: GET /session/eb79c257209da8ba08c59be1d775ff21/screenshot - {}
RESULT: {}
COMMAND: POST /session/eb79c257209da8ba08c59be1d775ff21/window/fullscreen - {}
RESULT: {}
COMMAND: POST /session/eb79c257209da8ba08c59be1d775ff21/execute/async - {"script":"<script> [189 bytes]","args":[]}
RESULT: {"script":"<script> [189 bytes]","args":[]}
COMMAND: POST /session/eb79c257209da8ba08c59be1d775ff21/execute/async - {"script":"<script> [123 bytes]","args":[]}
RESULT: {"script":"<script> [123 bytes]","args":[]}
COMMAND: POST /session/eb79c257209da8ba08c59be1d775ff21/timeouts - {"script":"<number>"}
RESULT: {"script":"<number>"}
COMMAND: GET /session/eb79c257209da8ba08c59be1d775ff21/timeouts - {}
RESULT: {}
RESULT: undefined
COMMAND: POST /session/eb79c257209da8ba08c59be1d775ff21/execute/async - {"script":"<script> [2676 bytes]","args":[]}
RESULT: {"script":"<script> [2676 bytes]","args":[]}
COMMAND: POST /session/eb79c257209da8ba08c59be1d775ff21/execute/async - {"script":"<script> [2342 bytes]","args":[{"protocol":"http","hostname":"0.0.0.0","path":"/","capabilities":{"browserName":"chrome","goog:chromeOptions":{"binary":"C:\\Program Files\\Google\\Chrome\\Application\\chrome.exe","args":["--start-maximized"]}},"logLevel":"warn","connectionRetryTimeout":120000,"connectionRetryCount":3,"logLevels":{},"enableDirectConnect":true,"strictSSL":true,"_":"65 more keys: [\"cacheDir\",\"port\",\"requestedCapabilities\",\"automationProtocol\",\"baseUrl\",\"waitforInterval\",\"waitforTimeout\",\"onReload\",\"beforeCommand\",\"afterCommand\",\"rootDir\",\"specs\",\"suites\",\"exclude\",\"groupLogsByTestSpec\",\"excludeDriverLogs\",\"bail\",\"framework\",\"reporters\",\"services\",\"maxInstances\",\"maxInstancesPerCapability\",\"injectGlobals\",\"filesToWatch\",\"execArgv\",\"runnerEnv\",\"runner\",\"shard\",\"specFileRetries\",\"specFileRetriesDelay\",\"specFileRetriesDeferred\",\"reporterSyncInterval\",\"reporterSyncTimeout\",\"cucumberFeaturesWithLineNumbers\",\"autoCompileOpts\",\"mochaOpts\",\"jasmineOpts\",\"cucumberOpts\",\"onPrepare\",\"onWorkerStart\",\"onWorkerEnd\",\"before\",\"beforeSession\",\"beforeSuite\",\"beforeHook\",\"beforeTest\",\"afterTest\",\"afterHook\",\"afterSuite\",\"afterSession\",\"after\",\"onComplete\",\"beforeAssertion\",\"afterAssertion\",\"beforeFeature\",\"beforeScenario\",\"beforeStep\",\"afterStep\",\"afterScenario\",\"afterFeature\",\"_\",\"suite\",\"$0\",\"ignoredWorkerServices\",\"wdi5\"]"}]}
RESULT: {"script":"<script> [2342 bytes]","args":[{"protocol":"http","hostname":"0.0.0.0","path":"/","capabilities":{"browserName":"chrome","goog:chromeOptions":{"binary":"C:\\Program Files\\Google\\Chrome\\Application\\chrome.exe","args":["--start-maximized"]}},"logLevel":"warn","connectionRetryTimeout":120000,"connectionRetryCount":3,"logLevels":{},"enableDirectConnect":true,"strictSSL":true,"_":"65 more keys: [\"cacheDir\",\"port\",\"requestedCapabilities\",\"automationProtocol\",\"baseUrl\",\"waitforInterval\",\"waitforTimeout\",\"onReload\",\"beforeCommand\",\"afterCommand\",\"rootDir\",\"specs\",\"suites\",\"exclude\",\"groupLogsByTestSpec\",\"excludeDriverLogs\",\"bail\",\"framework\",\"reporters\",\"services\",\"maxInstances\",\"maxInstancesPerCapability\",\"injectGlobals\",\"filesToWatch\",\"execArgv\",\"runnerEnv\",\"runner\",\"shard\",\"specFileRetries\",\"specFileRetriesDelay\",\"specFileRetriesDeferred\",\"reporterSyncInterval\",\"reporterSyncTimeout\",\"cucumberFeaturesWithLineNumbers\",\"autoCompileOpts\",\"mochaOpts\",\"jasmineOpts\",\"cucumberOpts\",\"onPrepare\",\"onWorkerStart\",\"onWorkerEnd\",\"before\",\"beforeSession\",\"beforeSuite\",\"beforeHook\",\"beforeTest\",\"afterTest\",\"afterHook\",\"afterSuite\",\"afterSession\",\"after\",\"onComplete\",\"beforeAssertion\",\"afterAssertion\",\"beforeFeature\",\"beforeScenario\",\"beforeStep\",\"afterStep\",\"afterScenario\",\"afterFeature\",\"_\",\"suite\",\"$0\",\"ignoredWorkerServices\",\"wdi5\"]"}]}
COMMAND: POST /session/eb79c257209da8ba08c59be1d775ff21/execute/async - {"script":"<script> [21126 bytes]","args":[35000]}
RESULT: {"script":"<script> [21126 bytes]","args":[35000]}
COMMAND: POST /session/eb79c257209da8ba08c59be1d775ff21/execute/async - {"script":"<script> [1562 bytes]","args":[{"selector":{"controlType":"sap.m.SearchField","viewName":"etm.portal.ui.managehandovers.view.MasterHO","bindingPath":{"path":"","propertyPath":"/_BASIC_SEARCH_FIELD","modelName":"fi1t3rM0d31"},"interaction":{"idSuffix":"I"}},"wdio_ui5_key":"etmportal.ui.managehandovers.view.MasterHOsap.m.SearchField{\"path\":\"\",\"propertyPath\":\"/_BASIC_SEARCH_FIELD\",\"modelName\":\"fi1t3rM0d31\"}"}]}
RESULT: {"script":"<script> [1562 bytes]","args":[{"selector":{"controlType":"sap.m.SearchField","viewName":"etm.portal.ui.managehandovers.view.MasterHO","bindingPath":{"path":"","propertyPath":"/_BASIC_SEARCH_FIELD","modelName":"fi1t3rM0d31"},"interaction":{"idSuffix":"I"}},"wdio_ui5_key":"etmportal.ui.managehandovers.view.MasterHOsap.m.SearchField{\"path\":\"\",\"propertyPath\":\"/_BASIC_SEARCH_FIELD\",\"modelName\":\"fi1t3rM0d31\"}"}]}
RESULT: undefined
COMMAND: POST /session/eb79c257209da8ba08c59be1d775ff21/execute/async - {"script":"<script> [776 bytes]","args":[{"enterText":"30407","selector":{"controlType":"sap.m.SearchField","viewName":"etm.portal.ui.managehandovers.view.MasterHO","bindingPath":{"path":"","propertyPath":"/_BASIC_SEARCH_FIELD","modelName":"fi1t3rM0d31"},"interaction":{"idSuffix":"I"}},"clearTextFirst":true,"interactionType":"ENTER_TEXT"}]}
RESULT: {"script":"<script> [776 bytes]","args":[{"enterText":"30407","selector":{"controlType":"sap.m.SearchField","viewName":"etm.portal.ui.managehandovers.view.MasterHO","bindingPath":{"path":"","propertyPath":"/_BASIC_SEARCH_FIELD","modelName":"fi1t3rM0d31"},"interaction":{"idSuffix":"I"}},"clearTextFirst":true,"interactionType":"ENTER_TEXT"}]}
COMMAND: POST /session/eb79c257209da8ba08c59be1d775ff21/actions - {"actions":[{"id":"action86","type":"key","parameters":{},"actions":[{"type":"keyDown","value":""},{"type":"pause","duration":10},{"type":"keyUp","value":""}]}]}
RESULT: {"actions":[{"id":"action86","type":"key","parameters":{},"actions":[{"type":"keyDown","value":""},{"type":"pause","duration":10},{"type":"keyUp","value":""}]}]}
COMMAND: GET /session/eb79c257209da8ba08c59be1d775ff21/screenshot - {}
RESULT: {}
COMMAND: POST /session/eb79c257209da8ba08c59be1d775ff21/execute/async - {"script":"<script> [1562 bytes]","args":[{"selector":{"controlType":"sap.m.Title","viewName":"etm.portal.ui.managehandovers.view.MasterHO","properties":{"text":"Records (1)"}},"wdio_ui5_key":"etmportal.ui.managehandovers.view.MasterHOsap.m.Title{\"text\":\"Records (1)\"}"}]}
RESULT: {"script":"<script> [1562 bytes]","args":[{"selector":{"controlType":"sap.m.Title","viewName":"etm.portal.ui.managehandovers.view.MasterHO","properties":{"text":"Records (1)"}},"wdio_ui5_key":"etmportal.ui.managehandovers.view.MasterHOsap.m.Title{\"text\":\"Records (1)\"}"}]}
RESULT: undefined
COMMAND: POST /session/eb79c257209da8ba08c59be1d775ff21/execute/async - {"script":"<script> [6424 bytes]","args":[{"element-6066-11e4-a52e-4f735466cecf":"f.9FA5373B3500B72DA4049E533E67ABAF.d.51A2498CC4716E9FDD617C75E2242BEA.e.18030"},"getText",[]]}
RESULT: {"script":"<script> [6424 bytes]","args":[{"element-6066-11e4-a52e-4f735466cecf":"f.9FA5373B3500B72DA4049E533E67ABAF.d.51A2498CC4716E9FDD617C75E2242BEA.e.18030"},"getText",[]]}
COMMAND: POST /session/eb79c257209da8ba08c59be1d775ff21/execute/async - {"script":"<script> [1562 bytes]","args":[{"selector":{"controlType":"sap.ui.core.Icon","viewName":"etm.portal.ui.managehandovers.view.MasterHO","properties":{"src":{"regex":{"source":"slim\\-arrow\\-right"}}}},"wdio_ui5_key":"etmportal.ui.managehandovers.view.MasterHOsap.ui.core.Icon{\"src\":{\"regex\":{\"source\":\"slim\\\\-arrow\\\\-right\"}}}"}]}
RESULT: {"script":"<script> [1562 bytes]","args":[{"selector":{"controlType":"sap.ui.core.Icon","viewName":"etm.portal.ui.managehandovers.view.MasterHO","properties":{"src":{"regex":{"source":"slim\\-arrow\\-right"}}}},"wdio_ui5_key":"etmportal.ui.managehandovers.view.MasterHOsap.ui.core.Icon{\"src\":{\"regex\":{\"source\":\"slim\\\\-arrow\\\\-right\"}}}"}]}
RESULT: undefined
COMMAND: POST /session/eb79c257209da8ba08c59be1d775ff21/element - {"using":"xpath","value":"//*[@id=\"__item29-__clone17-imgNav\"]"}
RESULT: {"using":"xpath","value":"//*[@id=\"__item29-__clone17-imgNav\"]"}
COMMAND: POST /session/eb79c257209da8ba08c59be1d775ff21/element/f.9FA5373B3500B72DA4049E533E67ABAF.d.51A2498CC4716E9FDD617C75E2242BEA.e.18028/click - {}
RESULT: {}
COMMAND: GET /session/eb79c257209da8ba08c59be1d775ff21/screenshot - {}
RESULT: {}
COMMAND: POST /session/eb79c257209da8ba08c59be1d775ff21/execute/async - {"script":"<script> [1562 bytes]","args":[{"selector":{"controlType":"sap.m.ObjectStatus","viewName":"etm.portal.ui.managehandovers.view.DetailExecuteHO","labelFor":{"text":"Status"}},"wdio_ui5_key":"etmportal.ui.managehandovers.view.DetailExecuteHOsap.m.ObjectStatus{\"text\":\"Status\"}"}]}
RESULT: {"script":"<script> [1562 bytes]","args":[{"selector":{"controlType":"sap.m.ObjectStatus","viewName":"etm.portal.ui.managehandovers.view.DetailExecuteHO","labelFor":{"text":"Status"}},"wdio_ui5_key":"etmportal.ui.managehandovers.view.DetailExecuteHOsap.m.ObjectStatus{\"text\":\"Status\"}"}]}
RESULT: undefined
COMMAND: POST /session/eb79c257209da8ba08c59be1d775ff21/execute/async - {"script":"<script> [6424 bytes]","args":[{"element-6066-11e4-a52e-4f735466cecf":"f.9FA5373B3500B72DA4049E533E67ABAF.d.51A2498CC4716E9FDD617C75E2242BEA.e.18132"},"getText",[]]}
RESULT: {"script":"<script> [6424 bytes]","args":[{"element-6066-11e4-a52e-4f735466cecf":"f.9FA5373B3500B72DA4049E533E67ABAF.d.51A2498CC4716E9FDD617C75E2242BEA.e.18132"},"getText",[]]}
COMMAND: POST /session/eb79c257209da8ba08c59be1d775ff21/execute/async - {"script":"<script> [1562 bytes]","args":[{"selector":{"controlType":"sap.m.Button","viewName":"etm.portal.ui.managehandovers.view.DetailExecuteHO","i18NText":{"propertyName":"text","key":"confirmAll"},"interaction":{"idSuffix":"BDI-content"}},"wdio_ui5_key":"etmportal.ui.managehandovers.view.DetailExecuteHOsap.m.Button{\"propertyName\":\"text\",\"key\":\"confirmAll\"}"}]}
RESULT: {"script":"<script> [1562 bytes]","args":[{"selector":{"controlType":"sap.m.Button","viewName":"etm.portal.ui.managehandovers.view.DetailExecuteHO","i18NText":{"propertyName":"text","key":"confirmAll"},"interaction":{"idSuffix":"BDI-content"}},"wdio_ui5_key":"etmportal.ui.managehandovers.view.DetailExecuteHOsap.m.Button{\"propertyName\":\"text\",\"key\":\"confirmAll\"}"}]}
RESULT: undefined
COMMAND: POST /session/eb79c257209da8ba08c59be1d775ff21/element - {"using":"xpath","value":"//*[@id=\"__button30\"]"}
RESULT: {"using":"xpath","value":"//*[@id=\"__button30\"]"}
COMMAND: POST /session/eb79c257209da8ba08c59be1d775ff21/element/f.9FA5373B3500B72DA4049E533E67ABAF.d.51A2498CC4716E9FDD617C75E2242BEA.e.18134/click - {}
RESULT: {}
COMMAND: GET /session/eb79c257209da8ba08c59be1d775ff21/screenshot - {}
RESULT: {}
COMMAND: POST /session/eb79c257209da8ba08c59be1d775ff21/execute/async - {"script":"<script> [1562 bytes]","args":[{"selector":{"controlType":"sap.m.Button","properties":{"text":"OK"},"searchOpenDialogs":true,"interaction":{"idSuffix":"BDI-content"}},"wdio_ui5_key":"sapm.Button{\"text\":\"OK\"}"}]}
RESULT: {"script":"<script> [1562 bytes]","args":[{"selector":{"controlType":"sap.m.Button","properties":{"text":"OK"},"searchOpenDialogs":true,"interaction":{"idSuffix":"BDI-content"}},"wdio_ui5_key":"sapm.Button{\"text\":\"OK\"}"}]}
RESULT: undefined
COMMAND: POST /session/eb79c257209da8ba08c59be1d775ff21/element - {"using":"xpath","value":"//*[@id=\"__mbox-btn-0\"]"}
RESULT: {"using":"xpath","value":"//*[@id=\"__mbox-btn-0\"]"}
COMMAND: POST /session/eb79c257209da8ba08c59be1d775ff21/element/f.9FA5373B3500B72DA4049E533E67ABAF.d.51A2498CC4716E9FDD617C75E2242BEA.e.18135/click - {}
RESULT: {}
COMMAND: GET /session/eb79c257209da8ba08c59be1d775ff21/screenshot - {}
RESULT: {}
COMMAND: POST /session/eb79c257209da8ba08c59be1d775ff21/element - {"using":"xpath","value":"//button[contains(@data-kt ,\"execHoReceiveFooterButton\")]"}
RESULT: {"using":"xpath","value":"//button[contains(@data-kt ,\"execHoReceiveFooterButton\")]"}
COMMAND: POST /session/eb79c257209da8ba08c59be1d775ff21/element/f.9FA5373B3500B72DA4049E533E67ABAF.d.51A2498CC4716E9FDD617C75E2242BEA.e.18087/click - {}
RESULT: {}
COMMAND: GET /session/eb79c257209da8ba08c59be1d775ff21/screenshot - {}
RESULT: {}
COMMAND: POST /session/eb79c257209da8ba08c59be1d775ff21/refresh - {}
RESULT: {}
COMMAND: GET /session/eb79c257209da8ba08c59be1d775ff21/screenshot - {}
RESULT: {}
COMMAND: POST /session/eb79c257209da8ba08c59be1d775ff21/refresh - {}
RESULT: {}
COMMAND: GET /session/eb79c257209da8ba08c59be1d775ff21/screenshot - {}
RESULT: {}
COMMAND: POST /session/eb79c257209da8ba08c59be1d775ff21/window/fullscreen - {}
RESULT: {}
COMMAND: POST /session/eb79c257209da8ba08c59be1d775ff21/execute/async - {"script":"<script> [189 bytes]","args":[]}
RESULT: {"script":"<script> [189 bytes]","args":[]}
COMMAND: POST /session/eb79c257209da8ba08c59be1d775ff21/execute/async - {"script":"<script> [123 bytes]","args":[]}
RESULT: {"script":"<script> [123 bytes]","args":[]}
COMMAND: POST /session/eb79c257209da8ba08c59be1d775ff21/timeouts - {"script":"<number>"}
RESULT: {"script":"<number>"}
COMMAND: GET /session/eb79c257209da8ba08c59be1d775ff21/timeouts - {}
RESULT: {}
RESULT: undefined
COMMAND: POST /session/eb79c257209da8ba08c59be1d775ff21/execute/async - {"script":"<script> [2676 bytes]","args":[]}
RESULT: {"script":"<script> [2676 bytes]","args":[]}
COMMAND: POST /session/eb79c257209da8ba08c59be1d775ff21/execute/async - {"script":"<script> [2342 bytes]","args":[{"protocol":"http","hostname":"0.0.0.0","path":"/","capabilities":{"browserName":"chrome","goog:chromeOptions":{"binary":"C:\\Program Files\\Google\\Chrome\\Application\\chrome.exe","args":["--start-maximized"]}},"logLevel":"warn","connectionRetryTimeout":120000,"connectionRetryCount":3,"logLevels":{},"enableDirectConnect":true,"strictSSL":true,"_":"65 more keys: [\"cacheDir\",\"port\",\"requestedCapabilities\",\"automationProtocol\",\"baseUrl\",\"waitforInterval\",\"waitforTimeout\",\"onReload\",\"beforeCommand\",\"afterCommand\",\"rootDir\",\"specs\",\"suites\",\"exclude\",\"groupLogsByTestSpec\",\"excludeDriverLogs\",\"bail\",\"framework\",\"reporters\",\"services\",\"maxInstances\",\"maxInstancesPerCapability\",\"injectGlobals\",\"filesToWatch\",\"execArgv\",\"runnerEnv\",\"runner\",\"shard\",\"specFileRetries\",\"specFileRetriesDelay\",\"specFileRetriesDeferred\",\"reporterSyncInterval\",\"reporterSyncTimeout\",\"cucumberFeaturesWithLineNumbers\",\"autoCompileOpts\",\"mochaOpts\",\"jasmineOpts\",\"cucumberOpts\",\"onPrepare\",\"onWorkerStart\",\"onWorkerEnd\",\"before\",\"beforeSession\",\"beforeSuite\",\"beforeHook\",\"beforeTest\",\"afterTest\",\"afterHook\",\"afterSuite\",\"afterSession\",\"after\",\"onComplete\",\"beforeAssertion\",\"afterAssertion\",\"beforeFeature\",\"beforeScenario\",\"beforeStep\",\"afterStep\",\"afterScenario\",\"afterFeature\",\"_\",\"suite\",\"$0\",\"ignoredWorkerServices\",\"wdi5\"]"}]}
RESULT: {"script":"<script> [2342 bytes]","args":[{"protocol":"http","hostname":"0.0.0.0","path":"/","capabilities":{"browserName":"chrome","goog:chromeOptions":{"binary":"C:\\Program Files\\Google\\Chrome\\Application\\chrome.exe","args":["--start-maximized"]}},"logLevel":"warn","connectionRetryTimeout":120000,"connectionRetryCount":3,"logLevels":{},"enableDirectConnect":true,"strictSSL":true,"_":"65 more keys: [\"cacheDir\",\"port\",\"requestedCapabilities\",\"automationProtocol\",\"baseUrl\",\"waitforInterval\",\"waitforTimeout\",\"onReload\",\"beforeCommand\",\"afterCommand\",\"rootDir\",\"specs\",\"suites\",\"exclude\",\"groupLogsByTestSpec\",\"excludeDriverLogs\",\"bail\",\"framework\",\"reporters\",\"services\",\"maxInstances\",\"maxInstancesPerCapability\",\"injectGlobals\",\"filesToWatch\",\"execArgv\",\"runnerEnv\",\"runner\",\"shard\",\"specFileRetries\",\"specFileRetriesDelay\",\"specFileRetriesDeferred\",\"reporterSyncInterval\",\"reporterSyncTimeout\",\"cucumberFeaturesWithLineNumbers\",\"autoCompileOpts\",\"mochaOpts\",\"jasmineOpts\",\"cucumberOpts\",\"onPrepare\",\"onWorkerStart\",\"onWorkerEnd\",\"before\",\"beforeSession\",\"beforeSuite\",\"beforeHook\",\"beforeTest\",\"afterTest\",\"afterHook\",\"afterSuite\",\"afterSession\",\"after\",\"onComplete\",\"beforeAssertion\",\"afterAssertion\",\"beforeFeature\",\"beforeScenario\",\"beforeStep\",\"afterStep\",\"afterScenario\",\"afterFeature\",\"_\",\"suite\",\"$0\",\"ignoredWorkerServices\",\"wdi5\"]"}]}
COMMAND: POST /session/eb79c257209da8ba08c59be1d775ff21/execute/async - {"script":"<script> [21126 bytes]","args":[35000]}
RESULT: {"script":"<script> [21126 bytes]","args":[35000]}
COMMAND: POST /session/eb79c257209da8ba08c59be1d775ff21/execute/async - {"script":"<script> [1562 bytes]","args":[{"selector":{"controlType":"sap.m.SearchField","viewName":"etm.portal.ui.managehandovers.view.MasterHO","bindingPath":{"path":"","propertyPath":"/_BASIC_SEARCH_FIELD","modelName":"fi1t3rM0d31"},"interaction":{"idSuffix":"I"}},"wdio_ui5_key":"etmportal.ui.managehandovers.view.MasterHOsap.m.SearchField{\"path\":\"\",\"propertyPath\":\"/_BASIC_SEARCH_FIELD\",\"modelName\":\"fi1t3rM0d31\"}"}]}
RESULT: {"script":"<script> [1562 bytes]","args":[{"selector":{"controlType":"sap.m.SearchField","viewName":"etm.portal.ui.managehandovers.view.MasterHO","bindingPath":{"path":"","propertyPath":"/_BASIC_SEARCH_FIELD","modelName":"fi1t3rM0d31"},"interaction":{"idSuffix":"I"}},"wdio_ui5_key":"etmportal.ui.managehandovers.view.MasterHOsap.m.SearchField{\"path\":\"\",\"propertyPath\":\"/_BASIC_SEARCH_FIELD\",\"modelName\":\"fi1t3rM0d31\"}"}]}
RESULT: undefined
COMMAND: POST /session/eb79c257209da8ba08c59be1d775ff21/execute/async - {"script":"<script> [776 bytes]","args":[{"enterText":"30407","selector":{"controlType":"sap.m.SearchField","viewName":"etm.portal.ui.managehandovers.view.MasterHO","bindingPath":{"path":"","propertyPath":"/_BASIC_SEARCH_FIELD","modelName":"fi1t3rM0d31"},"interaction":{"idSuffix":"I"}},"clearTextFirst":true,"interactionType":"ENTER_TEXT"}]}
RESULT: {"script":"<script> [776 bytes]","args":[{"enterText":"30407","selector":{"controlType":"sap.m.SearchField","viewName":"etm.portal.ui.managehandovers.view.MasterHO","bindingPath":{"path":"","propertyPath":"/_BASIC_SEARCH_FIELD","modelName":"fi1t3rM0d31"},"interaction":{"idSuffix":"I"}},"clearTextFirst":true,"interactionType":"ENTER_TEXT"}]}
COMMAND: POST /session/eb79c257209da8ba08c59be1d775ff21/actions - {"actions":[{"id":"action87","type":"key","parameters":{},"actions":[{"type":"keyDown","value":""},{"type":"pause","duration":10},{"type":"keyUp","value":""}]}]}
RESULT: {"actions":[{"id":"action87","type":"key","parameters":{},"actions":[{"type":"keyDown","value":""},{"type":"pause","duration":10},{"type":"keyUp","value":""}]}]}
COMMAND: GET /session/eb79c257209da8ba08c59be1d775ff21/screenshot - {}
RESULT: {}
COMMAND: POST /session/eb79c257209da8ba08c59be1d775ff21/execute/async - {"script":"<script> [1562 bytes]","args":[{"selector":{"controlType":"sap.m.Title","viewName":"etm.portal.ui.managehandovers.view.MasterHO","properties":{"text":"Records (1)"}},"wdio_ui5_key":"etmportal.ui.managehandovers.view.MasterHOsap.m.Title{\"text\":\"Records (1)\"}"}]}
RESULT: {"script":"<script> [1562 bytes]","args":[{"selector":{"controlType":"sap.m.Title","viewName":"etm.portal.ui.managehandovers.view.MasterHO","properties":{"text":"Records (1)"}},"wdio_ui5_key":"etmportal.ui.managehandovers.view.MasterHOsap.m.Title{\"text\":\"Records (1)\"}"}]}
RESULT: undefined
COMMAND: POST /session/eb79c257209da8ba08c59be1d775ff21/execute/async - {"script":"<script> [6424 bytes]","args":[{"element-6066-11e4-a52e-4f735466cecf":"f.9FA5373B3500B72DA4049E533E67ABAF.d.430A7BC256A649AB030A8DC70C1DC23E.e.18301"},"getText",[]]}
RESULT: {"script":"<script> [6424 bytes]","args":[{"element-6066-11e4-a52e-4f735466cecf":"f.9FA5373B3500B72DA4049E533E67ABAF.d.430A7BC256A649AB030A8DC70C1DC23E.e.18301"},"getText",[]]}
COMMAND: POST /session/eb79c257209da8ba08c59be1d775ff21/execute/async - {"script":"<script> [1562 bytes]","args":[{"selector":{"controlType":"sap.ui.core.Icon","viewName":"etm.portal.ui.managehandovers.view.MasterHO","properties":{"src":{"regex":{"source":"slim\\-arrow\\-right"}}}},"wdio_ui5_key":"etmportal.ui.managehandovers.view.MasterHOsap.ui.core.Icon{\"src\":{\"regex\":{\"source\":\"slim\\\\-arrow\\\\-right\"}}}"}]}
RESULT: {"script":"<script> [1562 bytes]","args":[{"selector":{"controlType":"sap.ui.core.Icon","viewName":"etm.portal.ui.managehandovers.view.MasterHO","properties":{"src":{"regex":{"source":"slim\\-arrow\\-right"}}}},"wdio_ui5_key":"etmportal.ui.managehandovers.view.MasterHOsap.ui.core.Icon{\"src\":{\"regex\":{\"source\":\"slim\\\\-arrow\\\\-right\"}}}"}]}
RESULT: undefined
COMMAND: POST /session/eb79c257209da8ba08c59be1d775ff21/element - {"using":"xpath","value":"//*[@id=\"__item29-__clone17-imgNav\"]"}
RESULT: {"using":"xpath","value":"//*[@id=\"__item29-__clone17-imgNav\"]"}
COMMAND: POST /session/eb79c257209da8ba08c59be1d775ff21/element/f.9FA5373B3500B72DA4049E533E67ABAF.d.430A7BC256A649AB030A8DC70C1DC23E.e.18300/click - {}
RESULT: {}
COMMAND: GET /session/eb79c257209da8ba08c59be1d775ff21/screenshot - {}
RESULT: {}
COMMAND: POST /session/eb79c257209da8ba08c59be1d775ff21/execute/async - {"script":"<script> [1562 bytes]","args":[{"selector":{"controlType":"sap.m.ObjectStatus","viewName":"etm.portal.ui.managehandovers.view.DetailManageHO","viewId":"application-managehandovers-display-component---detailManageHO","labelFor":{"text":"Status"}},"wdio_ui5_key":"etmportal.ui.managehandovers.view.DetailManageHOsap.m.ObjectStatus{\"text\":\"Status\"}"}]}
RESULT: {"script":"<script> [1562 bytes]","args":[{"selector":{"controlType":"sap.m.ObjectStatus","viewName":"etm.portal.ui.managehandovers.view.DetailManageHO","viewId":"application-managehandovers-display-component---detailManageHO","labelFor":{"text":"Status"}},"wdio_ui5_key":"etmportal.ui.managehandovers.view.DetailManageHOsap.m.ObjectStatus{\"text\":\"Status\"}"}]}
RESULT: undefined
COMMAND: POST /session/eb79c257209da8ba08c59be1d775ff21/execute/async - {"script":"<script> [6424 bytes]","args":[{"element-6066-11e4-a52e-4f735466cecf":"f.9FA5373B3500B72DA4049E533E67ABAF.d.430A7BC256A649AB030A8DC70C1DC23E.e.18390"},"getText",[]]}
RESULT: {"script":"<script> [6424 bytes]","args":[{"element-6066-11e4-a52e-4f735466cecf":"f.9FA5373B3500B72DA4049E533E67ABAF.d.430A7BC256A649AB030A8DC70C1DC23E.e.18390"},"getText",[]]}
COMMAND: POST /session/eb79c257209da8ba08c59be1d775ff21/element - {"using":"xpath","value":"//a[contains(@data-kt ,\"GeneralSectionReceiveContracttLink\")]"}
RESULT: {"using":"xpath","value":"//a[contains(@data-kt ,\"GeneralSectionReceiveContracttLink\")]"}
COMMAND: POST /session/eb79c257209da8ba08c59be1d775ff21/element/f.9FA5373B3500B72DA4049E533E67ABAF.d.430A7BC256A649AB030A8DC70C1DC23E.e.18391/click - {}
RESULT: {}
COMMAND: GET /session/eb79c257209da8ba08c59be1d775ff21/screenshot - {}
RESULT: {}
COMMAND: POST /session/eb79c257209da8ba08c59be1d775ff21/element - {"using":"xpath","value":"//a[contains(@data-kt ,\"ContextMenuId2Link\")]"}
RESULT: {"using":"xpath","value":"//a[contains(@data-kt ,\"ContextMenuId2Link\")]"}
COMMAND: POST /session/eb79c257209da8ba08c59be1d775ff21/element/f.9FA5373B3500B72DA4049E533E67ABAF.d.430A7BC256A649AB030A8DC70C1DC23E.e.18394/click - {}
RESULT: {}
COMMAND: GET /session/eb79c257209da8ba08c59be1d775ff21/screenshot - {}
RESULT: {}
COMMAND: POST /session/eb79c257209da8ba08c59be1d775ff21/execute/async - {"script":"<script> [1562 bytes]","args":[{"selector":{"controlType":"sap.m.ObjectStatus","viewName":"etm.portal.ui.managecontracts.view.Detail","bindingPath":{"propertyPath":"LINK_TO_LOGISTICAL_STATUS/DESCRIPTION","modelName":"catalogModel"}},"wdio_ui5_key":"etmportal.ui.managecontracts.view.Detailsap.m.ObjectStatus{\"propertyPath\":\"LINK_TO_LOGISTICAL_STATUS/DESCRIPTION\",\"modelName\":\"catalogModel\"}"}]}
RESULT: {"script":"<script> [1562 bytes]","args":[{"selector":{"controlType":"sap.m.ObjectStatus","viewName":"etm.portal.ui.managecontracts.view.Detail","bindingPath":{"propertyPath":"LINK_TO_LOGISTICAL_STATUS/DESCRIPTION","modelName":"catalogModel"}},"wdio_ui5_key":"etmportal.ui.managecontracts.view.Detailsap.m.ObjectStatus{\"propertyPath\":\"LINK_TO_LOGISTICAL_STATUS/DESCRIPTION\",\"modelName\":\"catalogModel\"}"}]}
RESULT: undefined
COMMAND: POST /session/eb79c257209da8ba08c59be1d775ff21/execute/async - {"script":"<script> [6424 bytes]","args":[{"element-6066-11e4-a52e-4f735466cecf":"f.9FA5373B3500B72DA4049E533E67ABAF.d.430A7BC256A649AB030A8DC70C1DC23E.e.18632"},"getText",[]]}
RESULT: {"script":"<script> [6424 bytes]","args":[{"element-6066-11e4-a52e-4f735466cecf":"f.9FA5373B3500B72DA4049E533E67ABAF.d.430A7BC256A649AB030A8DC70C1DC23E.e.18632"},"getText",[]]}
COMMAND: POST /session/eb79c257209da8ba08c59be1d775ff21/execute/async - {"script":"<script> [1562 bytes]","args":[{"selector":{"controlType":"sap.m.ObjectStatus","viewName":"etm.portal.ui.managecontracts.view.Detail","bindingPath":{"propertyPath":"LINK_TO_COMMERCIAL_STATUS/DESCRIPTION","modelName":"catalogModel"}},"wdio_ui5_key":"etmportal.ui.managecontracts.view.Detailsap.m.ObjectStatus{\"propertyPath\":\"LINK_TO_COMMERCIAL_STATUS/DESCRIPTION\",\"modelName\":\"catalogModel\"}"}]}
RESULT: {"script":"<script> [1562 bytes]","args":[{"selector":{"controlType":"sap.m.ObjectStatus","viewName":"etm.portal.ui.managecontracts.view.Detail","bindingPath":{"propertyPath":"LINK_TO_COMMERCIAL_STATUS/DESCRIPTION","modelName":"catalogModel"}},"wdio_ui5_key":"etmportal.ui.managecontracts.view.Detailsap.m.ObjectStatus{\"propertyPath\":\"LINK_TO_COMMERCIAL_STATUS/DESCRIPTION\",\"modelName\":\"catalogModel\"}"}]}
RESULT: undefined
COMMAND: POST /session/eb79c257209da8ba08c59be1d775ff21/execute/async - {"script":"<script> [6424 bytes]","args":[{"element-6066-11e4-a52e-4f735466cecf":"f.9FA5373B3500B72DA4049E533E67ABAF.d.430A7BC256A649AB030A8DC70C1DC23E.e.18634"},"getText",[]]}
RESULT: {"script":"<script> [6424 bytes]","args":[{"element-6066-11e4-a52e-4f735466cecf":"f.9FA5373B3500B72DA4049E533E67ABAF.d.430A7BC256A649AB030A8DC70C1DC23E.e.18634"},"getText",[]]}
]]></system-out>
    </testcase>
    <testcase classname="chrome.136_0_7103_93.windows.E2E_-_Logistical_and_commercial_statuses" name="It should follow the handover steps to the status fully returned" time="263.391">
      <system-out><![CDATA[
COMMAND: POST /session/eb79c257209da8ba08c59be1d775ff21/execute/async - {"script":"<script> [1562 bytes]","args":[{"selector":{"id":"contractDetailReturnButton","viewName":"etm.portal.ui.managecontracts.view.Detail","interaction":{"idSuffix":"BDI-content"}},"wdio_ui5_key":"contractDetailReturnButtonetmportal.ui.managecontracts.view.Detail"}]}
RESULT: {"script":"<script> [1562 bytes]","args":[{"selector":{"id":"contractDetailReturnButton","viewName":"etm.portal.ui.managecontracts.view.Detail","interaction":{"idSuffix":"BDI-content"}},"wdio_ui5_key":"contractDetailReturnButtonetmportal.ui.managecontracts.view.Detail"}]}
RESULT: undefined
COMMAND: POST /session/eb79c257209da8ba08c59be1d775ff21/element - {"using":"xpath","value":"//*[@id=\"__xmlview2--contractDetailReturnButton\"]"}
RESULT: {"using":"xpath","value":"//*[@id=\"__xmlview2--contractDetailReturnButton\"]"}
COMMAND: POST /session/eb79c257209da8ba08c59be1d775ff21/element/f.9FA5373B3500B72DA4049E533E67ABAF.d.430A7BC256A649AB030A8DC70C1DC23E.e.18496/click - {}
RESULT: {}
COMMAND: POST /session/eb79c257209da8ba08c59be1d775ff21/execute/async - {"script":"<script> [1562 bytes]","args":[{"selector":{"id":"application-managehandovers-display-component---AddNewHO--dueDate","interaction":{"idSuffix":"inner"}},"wdio_ui5_key":"applicationmanagehandovers-display-component---AddNewHO--dueDate"}]}
COMMAND: GET /session/eb79c257209da8ba08c59be1d775ff21/screenshot - {}
RESULT: {"script":"<script> [1562 bytes]","args":[{"selector":{"id":"application-managehandovers-display-component---AddNewHO--dueDate","interaction":{"idSuffix":"inner"}},"wdio_ui5_key":"applicationmanagehandovers-display-component---AddNewHO--dueDate"}]}
RESULT: undefined
COMMAND: POST /session/eb79c257209da8ba08c59be1d775ff21/execute/async - {"script":"<script> [776 bytes]","args":[{"enterText":"05/24/25","selector":{"id":"application-managehandovers-display-component---AddNewHO--dueDate","interaction":{"idSuffix":"inner"}},"clearTextFirst":true,"interactionType":"ENTER_TEXT"}]}
RESULT: {}
RESULT: {"script":"<script> [776 bytes]","args":[{"enterText":"05/24/25","selector":{"id":"application-managehandovers-display-component---AddNewHO--dueDate","interaction":{"idSuffix":"inner"}},"clearTextFirst":true,"interactionType":"ENTER_TEXT"}]}
COMMAND: POST /session/eb79c257209da8ba08c59be1d775ff21/element - {"using":"xpath","value":"//bdi[contains(@id ,\"application-managehandovers-display-component---AddNewHO--ObjectPageLayout-anchBar-application-managehandovers-display-component---AddNewHO--section4-anchor-BDI-content\")]"}
RESULT: {"using":"xpath","value":"//bdi[contains(@id ,\"application-managehandovers-display-component---AddNewHO--ObjectPageLayout-anchBar-application-managehandovers-display-component---AddNewHO--section4-anchor-BDI-content\")]"}
COMMAND: POST /session/eb79c257209da8ba08c59be1d775ff21/element/f.9FA5373B3500B72DA4049E533E67ABAF.d.430A7BC256A649AB030A8DC70C1DC23E.e.18965/click - {}
RESULT: {}
COMMAND: GET /session/eb79c257209da8ba08c59be1d775ff21/screenshot - {}
RESULT: {}
COMMAND: POST /session/eb79c257209da8ba08c59be1d775ff21/element - {"using":"xpath","value":"//button[contains(@data-kt ,\"AddNewHOProvideAddItemsButton\")]"}
RESULT: {"using":"xpath","value":"//button[contains(@data-kt ,\"AddNewHOProvideAddItemsButton\")]"}
COMMAND: POST /session/eb79c257209da8ba08c59be1d775ff21/element/f.9FA5373B3500B72DA4049E533E67ABAF.d.430A7BC256A649AB030A8DC70C1DC23E.e.18972/click - {}
RESULT: {}
COMMAND: GET /session/eb79c257209da8ba08c59be1d775ff21/screenshot - {}
RESULT: {}
COMMAND: POST /session/eb79c257209da8ba08c59be1d775ff21/execute/async - {"script":"<script> [1562 bytes]","args":[{"selector":{"id":"application-managehandovers-display-component---AddNewHO--popup-sa","searchOpenDialogs":true,"interaction":{"idSuffix":"CbBg"}},"wdio_ui5_key":"applicationmanagehandovers-display-component---AddNewHO--popup-sa"}]}
RESULT: {"script":"<script> [1562 bytes]","args":[{"selector":{"id":"application-managehandovers-display-component---AddNewHO--popup-sa","searchOpenDialogs":true,"interaction":{"idSuffix":"CbBg"}},"wdio_ui5_key":"applicationmanagehandovers-display-component---AddNewHO--popup-sa"}]}
RESULT: undefined
COMMAND: POST /session/eb79c257209da8ba08c59be1d775ff21/element - {"using":"xpath","value":"//*[@id=\"application-managehandovers-display-component---AddNewHO--popup-sa\"]"}
RESULT: {"using":"xpath","value":"//*[@id=\"application-managehandovers-display-component---AddNewHO--popup-sa\"]"}
COMMAND: POST /session/eb79c257209da8ba08c59be1d775ff21/element/f.9FA5373B3500B72DA4049E533E67ABAF.d.430A7BC256A649AB030A8DC70C1DC23E.e.18983/click - {}
RESULT: {}
COMMAND: POST /session/eb79c257209da8ba08c59be1d775ff21/execute/async - {"script":"<script> [1562 bytes]","args":[{"selector":{"controlType":"sap.m.Button","viewName":"etm.portal.ui.managehandovers.view.AddNewHO","viewId":"application-managehandovers-display-component---AddNewHO","i18NText":{"propertyName":"text","key":"select"},"searchOpenDialogs":true,"interaction":{"idSuffix":"BDI-content"}},"wdio_ui5_key":"etmportal.ui.managehandovers.view.AddNewHOsap.m.Button{\"propertyName\":\"text\",\"key\":\"select\"}"}]}
COMMAND: GET /session/eb79c257209da8ba08c59be1d775ff21/screenshot - {}
RESULT: {"script":"<script> [1562 bytes]","args":[{"selector":{"controlType":"sap.m.Button","viewName":"etm.portal.ui.managehandovers.view.AddNewHO","viewId":"application-managehandovers-display-component---AddNewHO","i18NText":{"propertyName":"text","key":"select"},"searchOpenDialogs":true,"interaction":{"idSuffix":"BDI-content"}},"wdio_ui5_key":"etmportal.ui.managehandovers.view.AddNewHOsap.m.Button{\"propertyName\":\"text\",\"key\":\"select\"}"}]}
RESULT: undefined
COMMAND: POST /session/eb79c257209da8ba08c59be1d775ff21/element - {"using":"xpath","value":"//*[@id=\"__button61\"]"}
RESULT: {}
RESULT: {"using":"xpath","value":"//*[@id=\"__button61\"]"}
COMMAND: POST /session/eb79c257209da8ba08c59be1d775ff21/element/f.9FA5373B3500B72DA4049E533E67ABAF.d.430A7BC256A649AB030A8DC70C1DC23E.e.18986/click - {}
RESULT: {}
COMMAND: GET /session/eb79c257209da8ba08c59be1d775ff21/screenshot - {}
RESULT: {}
COMMAND: POST /session/eb79c257209da8ba08c59be1d775ff21/execute/async - {"script":"<script> [1562 bytes]","args":[{"selector":{"id":"application-managehandovers-display-component---AddNewHO--confirmCreationButton","interaction":{"idSuffix":"BDI-content"}},"wdio_ui5_key":"applicationmanagehandovers-display-component---AddNewHO--confirmCreationButton"}]}
RESULT: {"script":"<script> [1562 bytes]","args":[{"selector":{"id":"application-managehandovers-display-component---AddNewHO--confirmCreationButton","interaction":{"idSuffix":"BDI-content"}},"wdio_ui5_key":"applicationmanagehandovers-display-component---AddNewHO--confirmCreationButton"}]}
RESULT: undefined
COMMAND: POST /session/eb79c257209da8ba08c59be1d775ff21/element - {"using":"xpath","value":"//*[@id=\"application-managehandovers-display-component---AddNewHO--confirmCreationButton\"]"}
RESULT: {"using":"xpath","value":"//*[@id=\"application-managehandovers-display-component---AddNewHO--confirmCreationButton\"]"}
COMMAND: POST /session/eb79c257209da8ba08c59be1d775ff21/element/f.9FA5373B3500B72DA4049E533E67ABAF.d.430A7BC256A649AB030A8DC70C1DC23E.e.18756/click - {}
RESULT: {}
COMMAND: GET /session/eb79c257209da8ba08c59be1d775ff21/screenshot - {}
RESULT: {}
COMMAND: POST /session/eb79c257209da8ba08c59be1d775ff21/execute/async - {"script":"<script> [1562 bytes]","args":[{"selector":{"controlType":"sap.m.Text","viewName":"etm.portal.ui.managehandovers.view.DetailExecuteHO","bindingPath":{"propertyPath":"NO","modelName":"catalogModel"}},"wdio_ui5_key":"etmportal.ui.managehandovers.view.DetailExecuteHOsap.m.Text{\"propertyPath\":\"NO\",\"modelName\":\"catalogModel\"}"}]}
RESULT: {"script":"<script> [1562 bytes]","args":[{"selector":{"controlType":"sap.m.Text","viewName":"etm.portal.ui.managehandovers.view.DetailExecuteHO","bindingPath":{"propertyPath":"NO","modelName":"catalogModel"}},"wdio_ui5_key":"etmportal.ui.managehandovers.view.DetailExecuteHOsap.m.Text{\"propertyPath\":\"NO\",\"modelName\":\"catalogModel\"}"}]}
RESULT: undefined
COMMAND: POST /session/eb79c257209da8ba08c59be1d775ff21/execute/async - {"script":"<script> [6424 bytes]","args":[{"element-6066-11e4-a52e-4f735466cecf":"f.9FA5373B3500B72DA4049E533E67ABAF.d.430A7BC256A649AB030A8DC70C1DC23E.e.19042"},"getText",[]]}
RESULT: {"script":"<script> [6424 bytes]","args":[{"element-6066-11e4-a52e-4f735466cecf":"f.9FA5373B3500B72DA4049E533E67ABAF.d.430A7BC256A649AB030A8DC70C1DC23E.e.19042"},"getText",[]]}
COMMAND: POST /session/eb79c257209da8ba08c59be1d775ff21/element - {"using":"xpath","value":"//a[contains(@data-kt ,\"GeneralSectionSendContractLink\")]"}
RESULT: {"using":"xpath","value":"//a[contains(@data-kt ,\"GeneralSectionSendContractLink\")]"}
COMMAND: POST /session/eb79c257209da8ba08c59be1d775ff21/element/f.9FA5373B3500B72DA4049E533E67ABAF.d.430A7BC256A649AB030A8DC70C1DC23E.e.19043/click - {}
RESULT: {}
COMMAND: GET /session/eb79c257209da8ba08c59be1d775ff21/screenshot - {}
RESULT: {}
COMMAND: POST /session/eb79c257209da8ba08c59be1d775ff21/element - {"using":"xpath","value":"//a[contains(@data-kt ,\"ContextMenuId2Link\")]"}
RESULT: {"using":"xpath","value":"//a[contains(@data-kt ,\"ContextMenuId2Link\")]"}
COMMAND: POST /session/eb79c257209da8ba08c59be1d775ff21/elements - {"using":"xpath","value":"//a[contains(@data-kt ,\"ContextMenuId2Link\")]"}
RESULT: {"using":"xpath","value":"//a[contains(@data-kt ,\"ContextMenuId2Link\")]"}
COMMAND: POST /session/eb79c257209da8ba08c59be1d775ff21/element/f.9FA5373B3500B72DA4049E533E67ABAF.d.430A7BC256A649AB030A8DC70C1DC23E.e.19047/click - {}
RESULT: {}
COMMAND: GET /session/eb79c257209da8ba08c59be1d775ff21/screenshot - {}
RESULT: {}
COMMAND: POST /session/eb79c257209da8ba08c59be1d775ff21/execute/async - {"script":"<script> [1562 bytes]","args":[{"selector":{"controlType":"sap.m.Link","viewName":"etm.portal.ui.managehandovers.view.DetailExecuteHO","properties":{"text":"Contract Overview"},"searchOpenDialogs":true},"wdio_ui5_key":"etmportal.ui.managehandovers.view.DetailExecuteHOsap.m.Link{\"text\":\"Contract Overview\"}"}]}
RESULT: {"script":"<script> [1562 bytes]","args":[{"selector":{"controlType":"sap.m.Link","viewName":"etm.portal.ui.managehandovers.view.DetailExecuteHO","properties":{"text":"Contract Overview"},"searchOpenDialogs":true},"wdio_ui5_key":"etmportal.ui.managehandovers.view.DetailExecuteHOsap.m.Link{\"text\":\"Contract Overview\"}"}]}
RESULT: undefined
RESULT: undefined
COMMAND: POST /session/eb79c257209da8ba08c59be1d775ff21/execute/async - {"script":"<script> [6424 bytes]","args":[{"element-6066-11e4-a52e-4f735466cecf":"f.9FA5373B3500B72DA4049E533E67ABAF.d.430A7BC256A649AB030A8DC70C1DC23E.e.18632"},"getText",[]]}
COMMAND: POST /session/eb79c257209da8ba08c59be1d775ff21/execute/async - {"script":"<script> [1562 bytes]","args":[{"selector":{"controlType":"sap.m.ObjectStatus","viewName":"etm.portal.ui.managecontracts.view.Detail","bindingPath":{"propertyPath":"LINK_TO_LOGISTICAL_STATUS/DESCRIPTION","modelName":"catalogModel"}},"wdio_ui5_key":"etmportal.ui.managecontracts.view.Detailsap.m.ObjectStatus{\"propertyPath\":\"LINK_TO_LOGISTICAL_STATUS/DESCRIPTION\",\"modelName\":\"catalogModel\"}"}]}
RESULT: {"script":"<script> [1562 bytes]","args":[{"selector":{"controlType":"sap.m.ObjectStatus","viewName":"etm.portal.ui.managecontracts.view.Detail","bindingPath":{"propertyPath":"LINK_TO_LOGISTICAL_STATUS/DESCRIPTION","modelName":"catalogModel"}},"wdio_ui5_key":"etmportal.ui.managecontracts.view.Detailsap.m.ObjectStatus{\"propertyPath\":\"LINK_TO_LOGISTICAL_STATUS/DESCRIPTION\",\"modelName\":\"catalogModel\"}"}]}
COMMAND: POST /session/eb79c257209da8ba08c59be1d775ff21/execute/async - {"script":"<script> [6424 bytes]","args":[{"element-6066-11e4-a52e-4f735466cecf":"f.9FA5373B3500B72DA4049E533E67ABAF.d.430A7BC256A649AB030A8DC70C1DC23E.e.19276"},"getText",[]]}
RESULT: {"script":"<script> [6424 bytes]","args":[{"element-6066-11e4-a52e-4f735466cecf":"f.9FA5373B3500B72DA4049E533E67ABAF.d.430A7BC256A649AB030A8DC70C1DC23E.e.19276"},"getText",[]]}
RESULT: undefined
COMMAND: POST /session/eb79c257209da8ba08c59be1d775ff21/execute/async - {"script":"<script> [6424 bytes]","args":[{"element-6066-11e4-a52e-4f735466cecf":"f.9FA5373B3500B72DA4049E533E67ABAF.d.430A7BC256A649AB030A8DC70C1DC23E.e.18634"},"getText",[]]}
COMMAND: POST /session/eb79c257209da8ba08c59be1d775ff21/execute/async - {"script":"<script> [1562 bytes]","args":[{"selector":{"controlType":"sap.m.ObjectStatus","viewName":"etm.portal.ui.managecontracts.view.Detail","bindingPath":{"propertyPath":"LINK_TO_COMMERCIAL_STATUS/DESCRIPTION","modelName":"catalogModel"}},"wdio_ui5_key":"etmportal.ui.managecontracts.view.Detailsap.m.ObjectStatus{\"propertyPath\":\"LINK_TO_COMMERCIAL_STATUS/DESCRIPTION\",\"modelName\":\"catalogModel\"}"}]}
RESULT: {"script":"<script> [1562 bytes]","args":[{"selector":{"controlType":"sap.m.ObjectStatus","viewName":"etm.portal.ui.managecontracts.view.Detail","bindingPath":{"propertyPath":"LINK_TO_COMMERCIAL_STATUS/DESCRIPTION","modelName":"catalogModel"}},"wdio_ui5_key":"etmportal.ui.managecontracts.view.Detailsap.m.ObjectStatus{\"propertyPath\":\"LINK_TO_COMMERCIAL_STATUS/DESCRIPTION\",\"modelName\":\"catalogModel\"}"}]}
COMMAND: POST /session/eb79c257209da8ba08c59be1d775ff21/execute/async - {"script":"<script> [6424 bytes]","args":[{"element-6066-11e4-a52e-4f735466cecf":"f.9FA5373B3500B72DA4049E533E67ABAF.d.430A7BC256A649AB030A8DC70C1DC23E.e.19277"},"getText",[]]}
RESULT: {"script":"<script> [6424 bytes]","args":[{"element-6066-11e4-a52e-4f735466cecf":"f.9FA5373B3500B72DA4049E533E67ABAF.d.430A7BC256A649AB030A8DC70C1DC23E.e.19277"},"getText",[]]}
COMMAND: POST /session/eb79c257209da8ba08c59be1d775ff21/execute/async - {"script":"<script> [1562 bytes]","args":[{"selector":{"id":"backBtn"},"wdio_ui5_key":"backBtn"}]}
RESULT: {"script":"<script> [1562 bytes]","args":[{"selector":{"id":"backBtn"},"wdio_ui5_key":"backBtn"}]}
RESULT: undefined
COMMAND: POST /session/eb79c257209da8ba08c59be1d775ff21/element - {"using":"xpath","value":"//*[@id=\"backBtn\"]"}
RESULT: {"using":"xpath","value":"//*[@id=\"backBtn\"]"}
COMMAND: POST /session/eb79c257209da8ba08c59be1d775ff21/element/f.9FA5373B3500B72DA4049E533E67ABAF.d.430A7BC256A649AB030A8DC70C1DC23E.e.19278/click - {}
RESULT: {}
COMMAND: GET /session/eb79c257209da8ba08c59be1d775ff21/screenshot - {}
RESULT: {}
COMMAND: POST /session/eb79c257209da8ba08c59be1d775ff21/element - {"using":"xpath","value":"//input[contains(@id ,\"issueDatePicker-inner\")]"}
RESULT: {"using":"xpath","value":"//input[contains(@id ,\"issueDatePicker-inner\")]"}
COMMAND: POST /session/eb79c257209da8ba08c59be1d775ff21/elements - {"using":"xpath","value":"//input[contains(@id ,\"issueDatePicker-inner\")]"}
RESULT: {"using":"xpath","value":"//input[contains(@id ,\"issueDatePicker-inner\")]"}
COMMAND: POST /session/eb79c257209da8ba08c59be1d775ff21/elements - {"using":"xpath","value":"//input[contains(@id ,\"issueDatePicker-inner\")]"}
RESULT: {"using":"xpath","value":"//input[contains(@id ,\"issueDatePicker-inner\")]"}
COMMAND: POST /session/eb79c257209da8ba08c59be1d775ff21/elements - {"using":"xpath","value":"//input[contains(@id ,\"issueDatePicker-inner\")]"}
RESULT: {"using":"xpath","value":"//input[contains(@id ,\"issueDatePicker-inner\")]"}
COMMAND: POST /session/eb79c257209da8ba08c59be1d775ff21/elements - {"using":"xpath","value":"//input[contains(@id ,\"issueDatePicker-inner\")]"}
RESULT: {"using":"xpath","value":"//input[contains(@id ,\"issueDatePicker-inner\")]"}
COMMAND: POST /session/eb79c257209da8ba08c59be1d775ff21/elements - {"using":"xpath","value":"//input[contains(@id ,\"issueDatePicker-inner\")]"}
RESULT: {"using":"xpath","value":"//input[contains(@id ,\"issueDatePicker-inner\")]"}
COMMAND: POST /session/eb79c257209da8ba08c59be1d775ff21/elements - {"using":"xpath","value":"//input[contains(@id ,\"issueDatePicker-inner\")]"}
RESULT: {"using":"xpath","value":"//input[contains(@id ,\"issueDatePicker-inner\")]"}
COMMAND: POST /session/eb79c257209da8ba08c59be1d775ff21/elements - {"using":"xpath","value":"//input[contains(@id ,\"issueDatePicker-inner\")]"}
RESULT: {"using":"xpath","value":"//input[contains(@id ,\"issueDatePicker-inner\")]"}
COMMAND: POST /session/eb79c257209da8ba08c59be1d775ff21/elements - {"using":"xpath","value":"//input[contains(@id ,\"issueDatePicker-inner\")]"}
RESULT: {"using":"xpath","value":"//input[contains(@id ,\"issueDatePicker-inner\")]"}
COMMAND: POST /session/eb79c257209da8ba08c59be1d775ff21/element - {"using":"xpath","value":"//input[contains(@id ,\"issueDatePicker-inner\")]"}
RESULT: {"using":"xpath","value":"//input[contains(@id ,\"issueDatePicker-inner\")]"}
COMMAND: GET /session/eb79c257209da8ba08c59be1d775ff21/element/f.9FA5373B3500B72DA4049E533E67ABAF.d.430A7BC256A649AB030A8DC70C1DC23E.e.19567/property/value - {}
RESULT: {}
COMMAND: POST /session/eb79c257209da8ba08c59be1d775ff21/element/f.9FA5373B3500B72DA4049E533E67ABAF.d.430A7BC256A649AB030A8DC70C1DC23E.e.19567/clear - {}
COMMAND: GET /session/eb79c257209da8ba08c59be1d775ff21/screenshot - {}
RESULT: {}
COMMAND: POST /session/eb79c257209da8ba08c59be1d775ff21/element/f.9FA5373B3500B72DA4049E533E67ABAF.d.430A7BC256A649AB030A8DC70C1DC23E.e.19567/value - {"text":"05/24/25"}
COMMAND: GET /session/eb79c257209da8ba08c59be1d775ff21/screenshot - {}
RESULT: {}
RESULT: {"text":"05/24/25"}
COMMAND: GET /session/eb79c257209da8ba08c59be1d775ff21/screenshot - {}
RESULT: {}
RESULT: {}
COMMAND: POST /session/eb79c257209da8ba08c59be1d775ff21/execute/async - {"script":"<script> [1562 bytes]","args":[{"selector":{"controlType":"sap.m.Button","viewName":"etm.portal.ui.managehandovers.view.DetailExecuteHO","i18NText":{"propertyName":"text","key":"confirmAll"},"interaction":{"idSuffix":"inner"}},"wdio_ui5_key":"etmportal.ui.managehandovers.view.DetailExecuteHOsap.m.Button{\"propertyName\":\"text\",\"key\":\"confirmAll\"}"}]}
RESULT: {"script":"<script> [1562 bytes]","args":[{"selector":{"controlType":"sap.m.Button","viewName":"etm.portal.ui.managehandovers.view.DetailExecuteHO","i18NText":{"propertyName":"text","key":"confirmAll"},"interaction":{"idSuffix":"inner"}},"wdio_ui5_key":"etmportal.ui.managehandovers.view.DetailExecuteHOsap.m.Button{\"propertyName\":\"text\",\"key\":\"confirmAll\"}"}]}
RESULT: undefined
COMMAND: POST /session/eb79c257209da8ba08c59be1d775ff21/element - {"using":"xpath","value":"//*[@id=\"__button145\"]"}
RESULT: {"using":"xpath","value":"//*[@id=\"__button145\"]"}
COMMAND: POST /session/eb79c257209da8ba08c59be1d775ff21/element/f.9FA5373B3500B72DA4049E533E67ABAF.d.430A7BC256A649AB030A8DC70C1DC23E.e.19591/click - {}
RESULT: {}
COMMAND: GET /session/eb79c257209da8ba08c59be1d775ff21/screenshot - {}
RESULT: {}
COMMAND: POST /session/eb79c257209da8ba08c59be1d775ff21/actions - {"actions":[{"id":"action88","type":"key","parameters":{},"actions":[{"type":"keyDown","value":""},{"type":"pause","duration":10},{"type":"keyUp","value":""}]}]}
RESULT: {"actions":[{"id":"action88","type":"key","parameters":{},"actions":[{"type":"keyDown","value":""},{"type":"pause","duration":10},{"type":"keyUp","value":""}]}]}
COMMAND: GET /session/eb79c257209da8ba08c59be1d775ff21/screenshot - {}
RESULT: {}
RESULT: undefined
COMMAND: POST /session/eb79c257209da8ba08c59be1d775ff21/element - {"using":"xpath","value":"//*[@id=\"__button145\"]"}
RESULT: {"using":"xpath","value":"//*[@id=\"__button145\"]"}
COMMAND: POST /session/eb79c257209da8ba08c59be1d775ff21/element/f.9FA5373B3500B72DA4049E533E67ABAF.d.430A7BC256A649AB030A8DC70C1DC23E.e.19591/click - {}
RESULT: {}
COMMAND: GET /session/eb79c257209da8ba08c59be1d775ff21/screenshot - {}
RESULT: {}
COMMAND: POST /session/eb79c257209da8ba08c59be1d775ff21/execute/async - {"script":"<script> [1562 bytes]","args":[{"selector":{"controlType":"sap.m.Button","properties":{"text":"OK"},"searchOpenDialogs":true,"interaction":{"idSuffix":"content"}},"wdio_ui5_key":"sapm.Button{\"text\":\"OK\"}"}]}
RESULT: {"script":"<script> [1562 bytes]","args":[{"selector":{"controlType":"sap.m.Button","properties":{"text":"OK"},"searchOpenDialogs":true,"interaction":{"idSuffix":"content"}},"wdio_ui5_key":"sapm.Button{\"text\":\"OK\"}"}]}
RESULT: undefined
COMMAND: POST /session/eb79c257209da8ba08c59be1d775ff21/element - {"using":"xpath","value":"//*[@id=\"__mbox-btn-2\"]"}
RESULT: {"using":"xpath","value":"//*[@id=\"__mbox-btn-2\"]"}
COMMAND: POST /session/eb79c257209da8ba08c59be1d775ff21/element/f.9FA5373B3500B72DA4049E533E67ABAF.d.430A7BC256A649AB030A8DC70C1DC23E.e.19600/click - {}
RESULT: {}
COMMAND: GET /session/eb79c257209da8ba08c59be1d775ff21/screenshot - {}
RESULT: {}
COMMAND: POST /session/eb79c257209da8ba08c59be1d775ff21/element - {"using":"xpath","value":"//button[contains(@data-kt ,\"execHoIssueFooterButton\")]"}
RESULT: {"using":"xpath","value":"//button[contains(@data-kt ,\"execHoIssueFooterButton\")]"}
COMMAND: POST /session/eb79c257209da8ba08c59be1d775ff21/element/f.9FA5373B3500B72DA4049E533E67ABAF.d.430A7BC256A649AB030A8DC70C1DC23E.e.19604/click - {}
RESULT: {}
COMMAND: GET /session/eb79c257209da8ba08c59be1d775ff21/screenshot - {}
RESULT: {}
COMMAND: POST /session/eb79c257209da8ba08c59be1d775ff21/refresh - {}
RESULT: {}
COMMAND: GET /session/eb79c257209da8ba08c59be1d775ff21/screenshot - {}
RESULT: {}
COMMAND: POST /session/eb79c257209da8ba08c59be1d775ff21/refresh - {}
RESULT: {}
COMMAND: GET /session/eb79c257209da8ba08c59be1d775ff21/screenshot - {}
RESULT: {}
COMMAND: POST /session/eb79c257209da8ba08c59be1d775ff21/window/fullscreen - {}
RESULT: {}
COMMAND: POST /session/eb79c257209da8ba08c59be1d775ff21/execute/async - {"script":"<script> [189 bytes]","args":[]}
RESULT: {"script":"<script> [189 bytes]","args":[]}
COMMAND: POST /session/eb79c257209da8ba08c59be1d775ff21/execute/async - {"script":"<script> [123 bytes]","args":[]}
RESULT: {"script":"<script> [123 bytes]","args":[]}
COMMAND: POST /session/eb79c257209da8ba08c59be1d775ff21/timeouts - {"script":"<number>"}
RESULT: {"script":"<number>"}
COMMAND: GET /session/eb79c257209da8ba08c59be1d775ff21/timeouts - {}
RESULT: {}
RESULT: undefined
COMMAND: POST /session/eb79c257209da8ba08c59be1d775ff21/execute/async - {"script":"<script> [2676 bytes]","args":[]}
RESULT: {"script":"<script> [2676 bytes]","args":[]}
COMMAND: POST /session/eb79c257209da8ba08c59be1d775ff21/execute/async - {"script":"<script> [2342 bytes]","args":[{"protocol":"http","hostname":"0.0.0.0","path":"/","capabilities":{"browserName":"chrome","goog:chromeOptions":{"binary":"C:\\Program Files\\Google\\Chrome\\Application\\chrome.exe","args":["--start-maximized"]}},"logLevel":"warn","connectionRetryTimeout":120000,"connectionRetryCount":3,"logLevels":{},"enableDirectConnect":true,"strictSSL":true,"_":"65 more keys: [\"cacheDir\",\"port\",\"requestedCapabilities\",\"automationProtocol\",\"baseUrl\",\"waitforInterval\",\"waitforTimeout\",\"onReload\",\"beforeCommand\",\"afterCommand\",\"rootDir\",\"specs\",\"suites\",\"exclude\",\"groupLogsByTestSpec\",\"excludeDriverLogs\",\"bail\",\"framework\",\"reporters\",\"services\",\"maxInstances\",\"maxInstancesPerCapability\",\"injectGlobals\",\"filesToWatch\",\"execArgv\",\"runnerEnv\",\"runner\",\"shard\",\"specFileRetries\",\"specFileRetriesDelay\",\"specFileRetriesDeferred\",\"reporterSyncInterval\",\"reporterSyncTimeout\",\"cucumberFeaturesWithLineNumbers\",\"autoCompileOpts\",\"mochaOpts\",\"jasmineOpts\",\"cucumberOpts\",\"onPrepare\",\"onWorkerStart\",\"onWorkerEnd\",\"before\",\"beforeSession\",\"beforeSuite\",\"beforeHook\",\"beforeTest\",\"afterTest\",\"afterHook\",\"afterSuite\",\"afterSession\",\"after\",\"onComplete\",\"beforeAssertion\",\"afterAssertion\",\"beforeFeature\",\"beforeScenario\",\"beforeStep\",\"afterStep\",\"afterScenario\",\"afterFeature\",\"_\",\"suite\",\"$0\",\"ignoredWorkerServices\",\"wdi5\"]"}]}
RESULT: {"script":"<script> [2342 bytes]","args":[{"protocol":"http","hostname":"0.0.0.0","path":"/","capabilities":{"browserName":"chrome","goog:chromeOptions":{"binary":"C:\\Program Files\\Google\\Chrome\\Application\\chrome.exe","args":["--start-maximized"]}},"logLevel":"warn","connectionRetryTimeout":120000,"connectionRetryCount":3,"logLevels":{},"enableDirectConnect":true,"strictSSL":true,"_":"65 more keys: [\"cacheDir\",\"port\",\"requestedCapabilities\",\"automationProtocol\",\"baseUrl\",\"waitforInterval\",\"waitforTimeout\",\"onReload\",\"beforeCommand\",\"afterCommand\",\"rootDir\",\"specs\",\"suites\",\"exclude\",\"groupLogsByTestSpec\",\"excludeDriverLogs\",\"bail\",\"framework\",\"reporters\",\"services\",\"maxInstances\",\"maxInstancesPerCapability\",\"injectGlobals\",\"filesToWatch\",\"execArgv\",\"runnerEnv\",\"runner\",\"shard\",\"specFileRetries\",\"specFileRetriesDelay\",\"specFileRetriesDeferred\",\"reporterSyncInterval\",\"reporterSyncTimeout\",\"cucumberFeaturesWithLineNumbers\",\"autoCompileOpts\",\"mochaOpts\",\"jasmineOpts\",\"cucumberOpts\",\"onPrepare\",\"onWorkerStart\",\"onWorkerEnd\",\"before\",\"beforeSession\",\"beforeSuite\",\"beforeHook\",\"beforeTest\",\"afterTest\",\"afterHook\",\"afterSuite\",\"afterSession\",\"after\",\"onComplete\",\"beforeAssertion\",\"afterAssertion\",\"beforeFeature\",\"beforeScenario\",\"beforeStep\",\"afterStep\",\"afterScenario\",\"afterFeature\",\"_\",\"suite\",\"$0\",\"ignoredWorkerServices\",\"wdi5\"]"}]}
COMMAND: POST /session/eb79c257209da8ba08c59be1d775ff21/execute/async - {"script":"<script> [21126 bytes]","args":[35000]}
RESULT: {"script":"<script> [21126 bytes]","args":[35000]}
COMMAND: POST /session/eb79c257209da8ba08c59be1d775ff21/execute/async - {"script":"<script> [1562 bytes]","args":[{"selector":{"controlType":"sap.m.SearchField","viewName":"etm.portal.ui.managehandovers.view.MasterHO","bindingPath":{"path":"","propertyPath":"/_BASIC_SEARCH_FIELD","modelName":"fi1t3rM0d31"},"interaction":{"idSuffix":"I"}},"wdio_ui5_key":"etmportal.ui.managehandovers.view.MasterHOsap.m.SearchField{\"path\":\"\",\"propertyPath\":\"/_BASIC_SEARCH_FIELD\",\"modelName\":\"fi1t3rM0d31\"}"}]}
RESULT: {"script":"<script> [1562 bytes]","args":[{"selector":{"controlType":"sap.m.SearchField","viewName":"etm.portal.ui.managehandovers.view.MasterHO","bindingPath":{"path":"","propertyPath":"/_BASIC_SEARCH_FIELD","modelName":"fi1t3rM0d31"},"interaction":{"idSuffix":"I"}},"wdio_ui5_key":"etmportal.ui.managehandovers.view.MasterHOsap.m.SearchField{\"path\":\"\",\"propertyPath\":\"/_BASIC_SEARCH_FIELD\",\"modelName\":\"fi1t3rM0d31\"}"}]}
RESULT: undefined
COMMAND: POST /session/eb79c257209da8ba08c59be1d775ff21/execute/async - {"script":"<script> [776 bytes]","args":[{"enterText":"30408","selector":{"controlType":"sap.m.SearchField","viewName":"etm.portal.ui.managehandovers.view.MasterHO","bindingPath":{"path":"","propertyPath":"/_BASIC_SEARCH_FIELD","modelName":"fi1t3rM0d31"},"interaction":{"idSuffix":"I"}},"clearTextFirst":true,"interactionType":"ENTER_TEXT"}]}
RESULT: {"script":"<script> [776 bytes]","args":[{"enterText":"30408","selector":{"controlType":"sap.m.SearchField","viewName":"etm.portal.ui.managehandovers.view.MasterHO","bindingPath":{"path":"","propertyPath":"/_BASIC_SEARCH_FIELD","modelName":"fi1t3rM0d31"},"interaction":{"idSuffix":"I"}},"clearTextFirst":true,"interactionType":"ENTER_TEXT"}]}
COMMAND: POST /session/eb79c257209da8ba08c59be1d775ff21/actions - {"actions":[{"id":"action89","type":"key","parameters":{},"actions":[{"type":"keyDown","value":""},{"type":"pause","duration":10},{"type":"keyUp","value":""}]}]}
RESULT: {"actions":[{"id":"action89","type":"key","parameters":{},"actions":[{"type":"keyDown","value":""},{"type":"pause","duration":10},{"type":"keyUp","value":""}]}]}
COMMAND: GET /session/eb79c257209da8ba08c59be1d775ff21/screenshot - {}
RESULT: {}
COMMAND: POST /session/eb79c257209da8ba08c59be1d775ff21/execute/async - {"script":"<script> [1562 bytes]","args":[{"selector":{"controlType":"sap.m.Title","viewName":"etm.portal.ui.managehandovers.view.MasterHO","properties":{"text":"Records (1)"}},"wdio_ui5_key":"etmportal.ui.managehandovers.view.MasterHOsap.m.Title{\"text\":\"Records (1)\"}"}]}
RESULT: {"script":"<script> [1562 bytes]","args":[{"selector":{"controlType":"sap.m.Title","viewName":"etm.portal.ui.managehandovers.view.MasterHO","properties":{"text":"Records (1)"}},"wdio_ui5_key":"etmportal.ui.managehandovers.view.MasterHOsap.m.Title{\"text\":\"Records (1)\"}"}]}
RESULT: undefined
COMMAND: POST /session/eb79c257209da8ba08c59be1d775ff21/execute/async - {"script":"<script> [6424 bytes]","args":[{"element-6066-11e4-a52e-4f735466cecf":"f.9FA5373B3500B72DA4049E533E67ABAF.d.0E8C90311EF78FA28D85906EA8B040E5.e.19789"},"getText",[]]}
RESULT: {"script":"<script> [6424 bytes]","args":[{"element-6066-11e4-a52e-4f735466cecf":"f.9FA5373B3500B72DA4049E533E67ABAF.d.0E8C90311EF78FA28D85906EA8B040E5.e.19789"},"getText",[]]}
COMMAND: POST /session/eb79c257209da8ba08c59be1d775ff21/execute/async - {"script":"<script> [1562 bytes]","args":[{"selector":{"controlType":"sap.ui.core.Icon","viewName":"etm.portal.ui.managehandovers.view.MasterHO","properties":{"src":{"regex":{"source":"slim\\-arrow\\-right"}}}},"wdio_ui5_key":"etmportal.ui.managehandovers.view.MasterHOsap.ui.core.Icon{\"src\":{\"regex\":{\"source\":\"slim\\\\-arrow\\\\-right\"}}}"}]}
RESULT: {"script":"<script> [1562 bytes]","args":[{"selector":{"controlType":"sap.ui.core.Icon","viewName":"etm.portal.ui.managehandovers.view.MasterHO","properties":{"src":{"regex":{"source":"slim\\-arrow\\-right"}}}},"wdio_ui5_key":"etmportal.ui.managehandovers.view.MasterHOsap.ui.core.Icon{\"src\":{\"regex\":{\"source\":\"slim\\\\-arrow\\\\-right\"}}}"}]}
RESULT: undefined
COMMAND: POST /session/eb79c257209da8ba08c59be1d775ff21/element - {"using":"xpath","value":"//*[@id=\"__item29-__clone17-imgNav\"]"}
RESULT: {"using":"xpath","value":"//*[@id=\"__item29-__clone17-imgNav\"]"}
COMMAND: POST /session/eb79c257209da8ba08c59be1d775ff21/element/f.9FA5373B3500B72DA4049E533E67ABAF.d.0E8C90311EF78FA28D85906EA8B040E5.e.19788/click - {}
RESULT: {}
COMMAND: GET /session/eb79c257209da8ba08c59be1d775ff21/screenshot - {}
RESULT: {}
COMMAND: POST /session/eb79c257209da8ba08c59be1d775ff21/execute/async - {"script":"<script> [1562 bytes]","args":[{"selector":{"controlType":"sap.m.ObjectStatus","viewName":"etm.portal.ui.managehandovers.view.DetailManageHO","viewId":"application-managehandovers-display-component---detailManageHO","labelFor":{"text":"Status"}},"wdio_ui5_key":"etmportal.ui.managehandovers.view.DetailManageHOsap.m.ObjectStatus{\"text\":\"Status\"}"}]}
RESULT: {"script":"<script> [1562 bytes]","args":[{"selector":{"controlType":"sap.m.ObjectStatus","viewName":"etm.portal.ui.managehandovers.view.DetailManageHO","viewId":"application-managehandovers-display-component---detailManageHO","labelFor":{"text":"Status"}},"wdio_ui5_key":"etmportal.ui.managehandovers.view.DetailManageHOsap.m.ObjectStatus{\"text\":\"Status\"}"}]}
RESULT: undefined
COMMAND: POST /session/eb79c257209da8ba08c59be1d775ff21/execute/async - {"script":"<script> [6424 bytes]","args":[{"element-6066-11e4-a52e-4f735466cecf":"f.9FA5373B3500B72DA4049E533E67ABAF.d.0E8C90311EF78FA28D85906EA8B040E5.e.19881"},"getText",[]]}
RESULT: {"script":"<script> [6424 bytes]","args":[{"element-6066-11e4-a52e-4f735466cecf":"f.9FA5373B3500B72DA4049E533E67ABAF.d.0E8C90311EF78FA28D85906EA8B040E5.e.19881"},"getText",[]]}
COMMAND: POST /session/eb79c257209da8ba08c59be1d775ff21/element - {"using":"xpath","value":"//a[contains(@data-kt ,\"GeneralSectionSendContractLink\")]"}
RESULT: {"using":"xpath","value":"//a[contains(@data-kt ,\"GeneralSectionSendContractLink\")]"}
COMMAND: POST /session/eb79c257209da8ba08c59be1d775ff21/element/f.9FA5373B3500B72DA4049E533E67ABAF.d.0E8C90311EF78FA28D85906EA8B040E5.e.19882/click - {}
RESULT: {}
COMMAND: GET /session/eb79c257209da8ba08c59be1d775ff21/screenshot - {}
RESULT: {}
COMMAND: POST /session/eb79c257209da8ba08c59be1d775ff21/elements - {"using":"xpath","value":"//a[contains(@data-kt ,\"ContextMenuId2Link\")]"}
RESULT: {"using":"xpath","value":"//a[contains(@data-kt ,\"ContextMenuId2Link\")]"}
COMMAND: POST /session/eb79c257209da8ba08c59be1d775ff21/element/f.9FA5373B3500B72DA4049E533E67ABAF.d.430A7BC256A649AB030A8DC70C1DC23E.e.19047/click - {}
COMMAND: POST /session/eb79c257209da8ba08c59be1d775ff21/element - {"using":"xpath","value":"//a[contains(@data-kt ,\"ContextMenuId2Link\")]"}
RESULT: {"using":"xpath","value":"//a[contains(@data-kt ,\"ContextMenuId2Link\")]"}
COMMAND: POST /session/eb79c257209da8ba08c59be1d775ff21/element/f.9FA5373B3500B72DA4049E533E67ABAF.d.430A7BC256A649AB030A8DC70C1DC23E.e.19047/click - {}
COMMAND: POST /session/eb79c257209da8ba08c59be1d775ff21/element - {"using":"xpath","value":"//a[contains(@data-kt ,\"ContextMenuId2Link\")]"}
RESULT: {"using":"xpath","value":"//a[contains(@data-kt ,\"ContextMenuId2Link\")]"}
COMMAND: POST /session/eb79c257209da8ba08c59be1d775ff21/element/f.9FA5373B3500B72DA4049E533E67ABAF.d.0E8C90311EF78FA28D85906EA8B040E5.e.19887/click - {}
RESULT: {}
COMMAND: GET /session/eb79c257209da8ba08c59be1d775ff21/screenshot - {}
RESULT: {}
COMMAND: POST /session/eb79c257209da8ba08c59be1d775ff21/execute/async - {"script":"<script> [1562 bytes]","args":[{"selector":{"controlType":"sap.m.ObjectStatus","viewName":"etm.portal.ui.managecontracts.view.Detail","bindingPath":{"propertyPath":"LINK_TO_COMMERCIAL_STATUS/DESCRIPTION","modelName":"catalogModel"}},"wdio_ui5_key":"etmportal.ui.managecontracts.view.Detailsap.m.ObjectStatus{\"propertyPath\":\"LINK_TO_COMMERCIAL_STATUS/DESCRIPTION\",\"modelName\":\"catalogModel\"}"}]}
RESULT: {"script":"<script> [1562 bytes]","args":[{"selector":{"controlType":"sap.m.ObjectStatus","viewName":"etm.portal.ui.managecontracts.view.Detail","bindingPath":{"propertyPath":"LINK_TO_COMMERCIAL_STATUS/DESCRIPTION","modelName":"catalogModel"}},"wdio_ui5_key":"etmportal.ui.managecontracts.view.Detailsap.m.ObjectStatus{\"propertyPath\":\"LINK_TO_COMMERCIAL_STATUS/DESCRIPTION\",\"modelName\":\"catalogModel\"}"}]}
RESULT: undefined
COMMAND: POST /session/eb79c257209da8ba08c59be1d775ff21/execute/async - {"script":"<script> [6424 bytes]","args":[{"element-6066-11e4-a52e-4f735466cecf":"f.9FA5373B3500B72DA4049E533E67ABAF.d.0E8C90311EF78FA28D85906EA8B040E5.e.20079"},"getText",[]]}
RESULT: {"script":"<script> [6424 bytes]","args":[{"element-6066-11e4-a52e-4f735466cecf":"f.9FA5373B3500B72DA4049E533E67ABAF.d.0E8C90311EF78FA28D85906EA8B040E5.e.20079"},"getText",[]]}
COMMAND: POST /session/eb79c257209da8ba08c59be1d775ff21/execute/async - {"script":"<script> [1562 bytes]","args":[{"selector":{"controlType":"sap.m.ObjectStatus","viewName":"etm.portal.ui.managecontracts.view.Detail","bindingPath":{"propertyPath":"LINK_TO_LOGISTICAL_STATUS/DESCRIPTION","modelName":"catalogModel"}},"wdio_ui5_key":"etmportal.ui.managecontracts.view.Detailsap.m.ObjectStatus{\"propertyPath\":\"LINK_TO_LOGISTICAL_STATUS/DESCRIPTION\",\"modelName\":\"catalogModel\"}"}]}
RESULT: {"script":"<script> [1562 bytes]","args":[{"selector":{"controlType":"sap.m.ObjectStatus","viewName":"etm.portal.ui.managecontracts.view.Detail","bindingPath":{"propertyPath":"LINK_TO_LOGISTICAL_STATUS/DESCRIPTION","modelName":"catalogModel"}},"wdio_ui5_key":"etmportal.ui.managecontracts.view.Detailsap.m.ObjectStatus{\"propertyPath\":\"LINK_TO_LOGISTICAL_STATUS/DESCRIPTION\",\"modelName\":\"catalogModel\"}"}]}
RESULT: undefined
COMMAND: POST /session/eb79c257209da8ba08c59be1d775ff21/execute/async - {"script":"<script> [6424 bytes]","args":[{"element-6066-11e4-a52e-4f735466cecf":"f.9FA5373B3500B72DA4049E533E67ABAF.d.0E8C90311EF78FA28D85906EA8B040E5.e.20080"},"getText",[]]}
RESULT: {"script":"<script> [6424 bytes]","args":[{"element-6066-11e4-a52e-4f735466cecf":"f.9FA5373B3500B72DA4049E533E67ABAF.d.0E8C90311EF78FA28D85906EA8B040E5.e.20080"},"getText",[]]}
COMMAND: POST /session/eb79c257209da8ba08c59be1d775ff21/element - {"using":"xpath","value":"//button[@data-kt=\"contractDetailEditBtnButton\"]"}
RESULT: {"using":"xpath","value":"//button[@data-kt=\"contractDetailEditBtnButton\"]"}
COMMAND: POST /session/eb79c257209da8ba08c59be1d775ff21/element/f.9FA5373B3500B72DA4049E533E67ABAF.d.0E8C90311EF78FA28D85906EA8B040E5.e.19952/click - {}
RESULT: {}
COMMAND: GET /session/eb79c257209da8ba08c59be1d775ff21/screenshot - {}
RESULT: {}
COMMAND: POST /session/eb79c257209da8ba08c59be1d775ff21/element - {"using":"xpath","value":"(//span[contains(text(), \"Additional Addresses\")])[2]"}
RESULT: {"using":"xpath","value":"(//span[contains(text(), \"Additional Addresses\")])[2]"}
COMMAND: POST /session/eb79c257209da8ba08c59be1d775ff21/element/f.9FA5373B3500B72DA4049E533E67ABAF.d.0E8C90311EF78FA28D85906EA8B040E5.e.20144/click - {}
RESULT: {}
COMMAND: GET /session/eb79c257209da8ba08c59be1d775ff21/screenshot - {}
RESULT: {}
COMMAND: POST /session/eb79c257209da8ba08c59be1d775ff21/element - {"using":"xpath","value":"//button[@data-kt=\"btnAddTableRowOverflowToolbarButton\"]"}
RESULT: {"using":"xpath","value":"//button[@data-kt=\"btnAddTableRowOverflowToolbarButton\"]"}
COMMAND: POST /session/eb79c257209da8ba08c59be1d775ff21/element/f.9FA5373B3500B72DA4049E533E67ABAF.d.0E8C90311EF78FA28D85906EA8B040E5.e.20146/click - {}
RESULT: {}
COMMAND: GET /session/eb79c257209da8ba08c59be1d775ff21/screenshot - {}
RESULT: {}
COMMAND: POST /session/eb79c257209da8ba08c59be1d775ff21/element - {"using":"xpath","value":"//div[(text() = 'Standard Entry' or . = 'Standard Entry')]"}
RESULT: {"using":"xpath","value":"//div[(text() = 'Standard Entry' or . = 'Standard Entry')]"}
COMMAND: POST /session/eb79c257209da8ba08c59be1d775ff21/element/f.9FA5373B3500B72DA4049E533E67ABAF.d.0E8C90311EF78FA28D85906EA8B040E5.e.20148/click - {}
RESULT: {}
COMMAND: POST /session/eb79c257209da8ba08c59be1d775ff21/execute/async - {"script":"<script> [1562 bytes]","args":[{"selector":{"controlType":"sap.ui.core.Icon","viewName":"etm.portal.ui.managecontracts.view.EditContract","properties":{"src":{"regex":{"source":"slim\\-arrow\\-down"}}},"ancestor":{"controlType":"sap.m.ComboBox","viewName":"etm.portal.ui.managecontracts.view.EditContract","bindingPath":{"propertyPath":"RU_TYPE","modelName":"catalogModel"}}},"wdio_ui5_key":"etmportal.ui.managecontracts.view.EditContractsap.ui.core.Icon{\"src\":{\"regex\":{\"source\":\"slim\\\\-arrow\\\\-down\"}}}{\"controlType\":\"sap.m.ComboBox\",\"viewName\":\"etm.portal.ui.managecontracts.view.EditContract\",\"bindingPath\":{\"propertyPath\":\"RU_TYPE\",\"modelName\":\"catalogModel\"}}"}]}
COMMAND: GET /session/eb79c257209da8ba08c59be1d775ff21/screenshot - {}
RESULT: {"script":"<script> [1562 bytes]","args":[{"selector":{"controlType":"sap.ui.core.Icon","viewName":"etm.portal.ui.managecontracts.view.EditContract","properties":{"src":{"regex":{"source":"slim\\-arrow\\-down"}}},"ancestor":{"controlType":"sap.m.ComboBox","viewName":"etm.portal.ui.managecontracts.view.EditContract","bindingPath":{"propertyPath":"RU_TYPE","modelName":"catalogModel"}}},"wdio_ui5_key":"etmportal.ui.managecontracts.view.EditContractsap.ui.core.Icon{\"src\":{\"regex\":{\"source\":\"slim\\\\-arrow\\\\-down\"}}}{\"controlType\":\"sap.m.ComboBox\",\"viewName\":\"etm.portal.ui.managecontracts.view.EditContract\",\"bindingPath\":{\"propertyPath\":\"RU_TYPE\",\"modelName\":\"catalogModel\"}}"}]}
RESULT: undefined
COMMAND: POST /session/eb79c257209da8ba08c59be1d775ff21/element - {"using":"xpath","value":"//*[@id=\"__box20-arrow\"]"}
RESULT: {}
RESULT: {"using":"xpath","value":"//*[@id=\"__box20-arrow\"]"}
COMMAND: POST /session/eb79c257209da8ba08c59be1d775ff21/element/f.9FA5373B3500B72DA4049E533E67ABAF.d.0E8C90311EF78FA28D85906EA8B040E5.e.20163/click - {}
RESULT: {}
COMMAND: POST /session/eb79c257209da8ba08c59be1d775ff21/execute/async - {"script":"<script> [1562 bytes]","args":[{"selector":{"controlType":"sap.m.StandardListItem","viewName":"etm.portal.ui.managecontracts.view.EditContract","properties":{"title":"Material"},"searchOpenDialogs":true,"interaction":{"idSuffix":"content"}},"wdio_ui5_key":"etmportal.ui.managecontracts.view.EditContractsap.m.StandardListItem{\"title\":\"Material\"}"}]}
COMMAND: GET /session/eb79c257209da8ba08c59be1d775ff21/screenshot - {}
RESULT: {"script":"<script> [1562 bytes]","args":[{"selector":{"controlType":"sap.m.StandardListItem","viewName":"etm.portal.ui.managecontracts.view.EditContract","properties":{"title":"Material"},"searchOpenDialogs":true,"interaction":{"idSuffix":"content"}},"wdio_ui5_key":"etmportal.ui.managecontracts.view.EditContractsap.m.StandardListItem{\"title\":\"Material\"}"}]}
RESULT: undefined
COMMAND: POST /session/eb79c257209da8ba08c59be1d775ff21/element - {"using":"xpath","value":"//*[@id=\"__item96\"]"}
RESULT: {}
RESULT: {"using":"xpath","value":"//*[@id=\"__item96\"]"}
COMMAND: POST /session/eb79c257209da8ba08c59be1d775ff21/element/f.9FA5373B3500B72DA4049E533E67ABAF.d.0E8C90311EF78FA28D85906EA8B040E5.e.20166/click - {}
RESULT: {}
COMMAND: POST /session/eb79c257209da8ba08c59be1d775ff21/element - {"using":"xpath","value":"//td[7]/div/div/input"}
COMMAND: GET /session/eb79c257209da8ba08c59be1d775ff21/screenshot - {}
RESULT: {"using":"xpath","value":"//td[7]/div/div/input"}
COMMAND: POST /session/eb79c257209da8ba08c59be1d775ff21/element/f.9FA5373B3500B72DA4049E533E67ABAF.d.0E8C90311EF78FA28D85906EA8B040E5.e.20169/clear - {}
RESULT: {}
RESULT: {}
COMMAND: POST /session/eb79c257209da8ba08c59be1d775ff21/element/f.9FA5373B3500B72DA4049E533E67ABAF.d.0E8C90311EF78FA28D85906EA8B040E5.e.20169/value - {"text":"WebdriverRUR2C8llss"}
COMMAND: GET /session/eb79c257209da8ba08c59be1d775ff21/screenshot - {}
RESULT: {"text":"WebdriverRUR2C8llss"}
COMMAND: GET /session/eb79c257209da8ba08c59be1d775ff21/screenshot - {}
RESULT: {}
RESULT: {}
COMMAND: POST /session/eb79c257209da8ba08c59be1d775ff21/actions - {"actions":[{"id":"action90","type":"key","parameters":{},"actions":[{"type":"keyDown","value":""},{"type":"pause","duration":10},{"type":"keyUp","value":""}]}]}
RESULT: {"actions":[{"id":"action90","type":"key","parameters":{},"actions":[{"type":"keyDown","value":""},{"type":"pause","duration":10},{"type":"keyUp","value":""}]}]}
COMMAND: GET /session/eb79c257209da8ba08c59be1d775ff21/screenshot - {}
RESULT: {}
COMMAND: POST /session/eb79c257209da8ba08c59be1d775ff21/element - {"using":"xpath","value":"//button[@data-kt=\"saveButton\"]"}
RESULT: {"using":"xpath","value":"//button[@data-kt=\"saveButton\"]"}
COMMAND: POST /session/eb79c257209da8ba08c59be1d775ff21/element/f.9FA5373B3500B72DA4049E533E67ABAF.d.0E8C90311EF78FA28D85906EA8B040E5.e.20192/click - {}
RESULT: {}
COMMAND: GET /session/eb79c257209da8ba08c59be1d775ff21/screenshot - {}
RESULT: {}
RESULT: undefined
COMMAND: POST /session/eb79c257209da8ba08c59be1d775ff21/execute/async - {"script":"<script> [6424 bytes]","args":[{"element-6066-11e4-a52e-4f735466cecf":"f.9FA5373B3500B72DA4049E533E67ABAF.d.0E8C90311EF78FA28D85906EA8B040E5.e.20080"},"getText",[]]}
RESULT: {"script":"<script> [6424 bytes]","args":[{"element-6066-11e4-a52e-4f735466cecf":"f.9FA5373B3500B72DA4049E533E67ABAF.d.0E8C90311EF78FA28D85906EA8B040E5.e.20080"},"getText",[]]}
COMMAND: DELETE /session/eb79c257209da8ba08c59be1d775ff21 - {}
RESULT: {}
]]></system-out>
    </testcase>
  </testsuite>
</testsuites>