<?xml version="1.0" encoding="UTF-8"?>
<testsuites tests="15" failures="0" errors="0" skipped="0">
  <testsuite timestamp="2025-05-17T17:33:16" time="1582.528" tests="11" failures="0" errors="0" skipped="0">
    <properties>
      <property name="specId" value="0" />
      <property name="suiteName" value="Partner specific tests US150819 US151080 US151654 US151176 US103444 US151078 US151079 US151109 US151174 US151175 US151189" />
      <property name="capabilities" value="chrome.136_0_7103_93.windows" />
      <property name="file" value="file:///D:/a/1/s/test/specs/BTS/manage-partners.spec.js" />
    </properties>
    <testcase classname="chrome.136_0_7103_93.windows.Partner_specific_tests_US150819_US151080_US151654_US151176_US103444_US151078_US151079_US151109_US151174_US151175_US151189" name="Should create a new yard prerequisite" time="155.53">
      <system-out><![CDATA[
COMMAND: POST /session/22675cbf295e23214948e3e385e3f86d/window/fullscreen - {}
RESULT: {}
COMMAND: POST /session/22675cbf295e23214948e3e385e3f86d/element - {"using":"xpath","value":"//li[.//span[text()=\"Manage Partners\"]]"}
RESULT: {"using":"xpath","value":"//li[.//span[text()=\"Manage Partners\"]]"}
COMMAND: POST /session/22675cbf295e23214948e3e385e3f86d/element - {"using":"xpath","value":"//li[.//span[text()=\"Manage Partners\"]]"}
RESULT: {"using":"xpath","value":"//li[.//span[text()=\"Manage Partners\"]]"}
COMMAND: POST /session/22675cbf295e23214948e3e385e3f86d/element - {"using":"css selector","value":"#shell-header-logo"}
RESULT: {"using":"css selector","value":"#shell-header-logo"}
COMMAND: POST /session/22675cbf295e23214948e3e385e3f86d/element/f.24B59690DB8413BEE8D229DFAEDEAD25.d.456B3769A5E8A7D76FCB550BD3186532.e.268/click - {}
COMMAND: POST /session/22675cbf295e23214948e3e385e3f86d/execute/sync - {"script":"<script> [8489 bytes]","args":[{"element-6066-11e4-a52e-4f735466cecf":"f.24B59690DB8413BEE8D229DFAEDEAD25.d.456B3769A5E8A7D76FCB550BD3186532.e.268","ELEMENT":"f.24B59690DB8413BEE8D229DFAEDEAD25.d.456B3769A5E8A7D76FCB550BD3186532.e.268"}]}
RESULT: {}
COMMAND: GET /session/22675cbf295e23214948e3e385e3f86d/screenshot - {}
RESULT: {"script":"<script> [8489 bytes]","args":[{"element-6066-11e4-a52e-4f735466cecf":"f.24B59690DB8413BEE8D229DFAEDEAD25.d.456B3769A5E8A7D76FCB550BD3186532.e.268","ELEMENT":"f.24B59690DB8413BEE8D229DFAEDEAD25.d.456B3769A5E8A7D76FCB550BD3186532.e.268"}]}
COMMAND: POST /session/22675cbf295e23214948e3e385e3f86d/execute/sync - {"script":"<script> [5351 bytes]","args":[{"element-6066-11e4-a52e-4f735466cecf":"f.24B59690DB8413BEE8D229DFAEDEAD25.d.456B3769A5E8A7D76FCB550BD3186532.e.268","ELEMENT":"f.24B59690DB8413BEE8D229DFAEDEAD25.d.456B3769A5E8A7D76FCB550BD3186532.e.268"}]}
COMMAND: GET /session/22675cbf295e23214948e3e385e3f86d/screenshot - {}
RESULT: {}
RESULT: {"script":"<script> [5351 bytes]","args":[{"element-6066-11e4-a52e-4f735466cecf":"f.24B59690DB8413BEE8D229DFAEDEAD25.d.456B3769A5E8A7D76FCB550BD3186532.e.268","ELEMENT":"f.24B59690DB8413BEE8D229DFAEDEAD25.d.456B3769A5E8A7D76FCB550BD3186532.e.268"}]}
COMMAND: GET /session/22675cbf295e23214948e3e385e3f86d/screenshot - {}
RESULT: {}
RESULT: {}
COMMAND: POST /session/22675cbf295e23214948e3e385e3f86d/execute/async - {"script":"<script> [1562 bytes]","args":[{"selector":{"controlType":"sap.m.GenericTile","properties":{"header":"Manage Yards"}},"wdio_ui5_key":"sapm.GenericTile{\"header\":\"Manage Yards\"}"}]}
RESULT: {"script":"<script> [1562 bytes]","args":[{"selector":{"controlType":"sap.m.GenericTile","properties":{"header":"Manage Yards"}},"wdio_ui5_key":"sapm.GenericTile{\"header\":\"Manage Yards\"}"}]}
RESULT: undefined
COMMAND: POST /session/22675cbf295e23214948e3e385e3f86d/element - {"using":"xpath","value":"//*[@id=\"__tile41\"]"}
RESULT: {"using":"xpath","value":"//*[@id=\"__tile41\"]"}
COMMAND: POST /session/22675cbf295e23214948e3e385e3f86d/element/f.24B59690DB8413BEE8D229DFAEDEAD25.d.456B3769A5E8A7D76FCB550BD3186532.e.165/click - {}
RESULT: {}
COMMAND: GET /session/22675cbf295e23214948e3e385e3f86d/screenshot - {}
RESULT: {}
COMMAND: POST /session/22675cbf295e23214948e3e385e3f86d/elements - {"using":"xpath","value":"//span[text()='Error']"}
RESULT: {"using":"xpath","value":"//span[text()='Error']"}
COMMAND: POST /session/22675cbf295e23214948e3e385e3f86d/element - {"using":"xpath","value":"//button[@data-kt=\"addNewYardOverflowToolbarButton\"]"}
RESULT: {"using":"xpath","value":"//button[@data-kt=\"addNewYardOverflowToolbarButton\"]"}
COMMAND: POST /session/22675cbf295e23214948e3e385e3f86d/elements - {"using":"xpath","value":"//button[@data-kt=\"addNewYardOverflowToolbarButton\"]"}
RESULT: {"using":"xpath","value":"//button[@data-kt=\"addNewYardOverflowToolbarButton\"]"}
COMMAND: POST /session/22675cbf295e23214948e3e385e3f86d/elements - {"using":"xpath","value":"//button[@data-kt=\"addNewYardOverflowToolbarButton\"]"}
RESULT: {"using":"xpath","value":"//button[@data-kt=\"addNewYardOverflowToolbarButton\"]"}
COMMAND: POST /session/22675cbf295e23214948e3e385e3f86d/element - {"using":"xpath","value":"//button[@data-kt=\"addNewYardOverflowToolbarButton\"]"}
RESULT: {"using":"xpath","value":"//button[@data-kt=\"addNewYardOverflowToolbarButton\"]"}
COMMAND: POST /session/22675cbf295e23214948e3e385e3f86d/execute/sync - {"script":"<script> [8489 bytes]","args":[{"element-6066-11e4-a52e-4f735466cecf":"f.24B59690DB8413BEE8D229DFAEDEAD25.d.456B3769A5E8A7D76FCB550BD3186532.e.301","ELEMENT":"f.24B59690DB8413BEE8D229DFAEDEAD25.d.456B3769A5E8A7D76FCB550BD3186532.e.301"}]}
RESULT: {"script":"<script> [8489 bytes]","args":[{"element-6066-11e4-a52e-4f735466cecf":"f.24B59690DB8413BEE8D229DFAEDEAD25.d.456B3769A5E8A7D76FCB550BD3186532.e.301","ELEMENT":"f.24B59690DB8413BEE8D229DFAEDEAD25.d.456B3769A5E8A7D76FCB550BD3186532.e.301"}]}
COMMAND: GET /session/22675cbf295e23214948e3e385e3f86d/element/f.24B59690DB8413BEE8D229DFAEDEAD25.d.456B3769A5E8A7D76FCB550BD3186532.e.301/enabled - {}
COMMAND: GET /session/22675cbf295e23214948e3e385e3f86d/screenshot - {}
RESULT: {}
COMMAND: POST /session/22675cbf295e23214948e3e385e3f86d/execute/sync - {"script":"<script> [8489 bytes]","args":[{"element-6066-11e4-a52e-4f735466cecf":"f.24B59690DB8413BEE8D229DFAEDEAD25.d.456B3769A5E8A7D76FCB550BD3186532.e.301","ELEMENT":"f.24B59690DB8413BEE8D229DFAEDEAD25.d.456B3769A5E8A7D76FCB550BD3186532.e.301"}]}
COMMAND: GET /session/22675cbf295e23214948e3e385e3f86d/screenshot - {}
RESULT: {}
RESULT: {"script":"<script> [8489 bytes]","args":[{"element-6066-11e4-a52e-4f735466cecf":"f.24B59690DB8413BEE8D229DFAEDEAD25.d.456B3769A5E8A7D76FCB550BD3186532.e.301","ELEMENT":"f.24B59690DB8413BEE8D229DFAEDEAD25.d.456B3769A5E8A7D76FCB550BD3186532.e.301"}]}
COMMAND: POST /session/22675cbf295e23214948e3e385e3f86d/execute/sync - {"script":"<script> [5351 bytes]","args":[{"element-6066-11e4-a52e-4f735466cecf":"f.24B59690DB8413BEE8D229DFAEDEAD25.d.456B3769A5E8A7D76FCB550BD3186532.e.301","ELEMENT":"f.24B59690DB8413BEE8D229DFAEDEAD25.d.456B3769A5E8A7D76FCB550BD3186532.e.301"}]}
COMMAND: GET /session/22675cbf295e23214948e3e385e3f86d/screenshot - {}
RESULT: {}
RESULT: {"script":"<script> [5351 bytes]","args":[{"element-6066-11e4-a52e-4f735466cecf":"f.24B59690DB8413BEE8D229DFAEDEAD25.d.456B3769A5E8A7D76FCB550BD3186532.e.301","ELEMENT":"f.24B59690DB8413BEE8D229DFAEDEAD25.d.456B3769A5E8A7D76FCB550BD3186532.e.301"}]}
COMMAND: POST /session/22675cbf295e23214948e3e385e3f86d/element/f.24B59690DB8413BEE8D229DFAEDEAD25.d.456B3769A5E8A7D76FCB550BD3186532.e.301/click - {}
COMMAND: GET /session/22675cbf295e23214948e3e385e3f86d/screenshot - {}
RESULT: {}
RESULT: {}
COMMAND: GET /session/22675cbf295e23214948e3e385e3f86d/screenshot - {}
RESULT: {}
RESULT: {}
COMMAND: POST /session/22675cbf295e23214948e3e385e3f86d/element - {"using":"xpath","value":"//input[@id=\"application-manageyards-display-component---NewYard--yardId-inner\"]"}
RESULT: {"using":"xpath","value":"//input[@id=\"application-manageyards-display-component---NewYard--yardId-inner\"]"}
COMMAND: POST /session/22675cbf295e23214948e3e385e3f86d/element - {"using":"xpath","value":"//input[@id=\"application-manageyards-display-component---NewYard--yardId-inner\"]"}
RESULT: {"using":"xpath","value":"//input[@id=\"application-manageyards-display-component---NewYard--yardId-inner\"]"}
COMMAND: POST /session/22675cbf295e23214948e3e385e3f86d/execute/async - {"script":"<script> [1562 bytes]","args":[{"selector":{"id":"application-manageyards-display-component---NewYard--addressDetailDetailsName1","interaction":{"idSuffix":"inner"}},"wdio_ui5_key":"applicationmanageyards-display-component---NewYard--addressDetailDetailsName1"}]}
RESULT: {"script":"<script> [1562 bytes]","args":[{"selector":{"id":"application-manageyards-display-component---NewYard--addressDetailDetailsName1","interaction":{"idSuffix":"inner"}},"wdio_ui5_key":"applicationmanageyards-display-component---NewYard--addressDetailDetailsName1"}]}
RESULT: undefined
COMMAND: POST /session/22675cbf295e23214948e3e385e3f86d/execute/async - {"script":"<script> [776 bytes]","args":[{"enterText":"Intracompany Yard wdIO","selector":{"id":"application-manageyards-display-component---NewYard--addressDetailDetailsName1","interaction":{"idSuffix":"inner"}},"clearTextFirst":true,"interactionType":"ENTER_TEXT"}]}
RESULT: {"script":"<script> [776 bytes]","args":[{"enterText":"Intracompany Yard wdIO","selector":{"id":"application-manageyards-display-component---NewYard--addressDetailDetailsName1","interaction":{"idSuffix":"inner"}},"clearTextFirst":true,"interactionType":"ENTER_TEXT"}]}
COMMAND: POST /session/22675cbf295e23214948e3e385e3f86d/execute/async - {"script":"<script> [1562 bytes]","args":[{"selector":{"id":"application-manageyards-display-component---NewYard--addressDetailDetailsLanguage-arrow"},"wdio_ui5_key":"applicationmanageyards-display-component---NewYard--addressDetailDetailsLanguage-arrow"}]}
RESULT: {"script":"<script> [1562 bytes]","args":[{"selector":{"id":"application-manageyards-display-component---NewYard--addressDetailDetailsLanguage-arrow"},"wdio_ui5_key":"applicationmanageyards-display-component---NewYard--addressDetailDetailsLanguage-arrow"}]}
RESULT: undefined
COMMAND: POST /session/22675cbf295e23214948e3e385e3f86d/element - {"using":"xpath","value":"//*[@id=\"application-manageyards-display-component---NewYard--addressDetailDetailsLanguage-arrow\"]"}
RESULT: {"using":"xpath","value":"//*[@id=\"application-manageyards-display-component---NewYard--addressDetailDetailsLanguage-arrow\"]"}
COMMAND: POST /session/22675cbf295e23214948e3e385e3f86d/element/f.24B59690DB8413BEE8D229DFAEDEAD25.d.456B3769A5E8A7D76FCB550BD3186532.e.734/click - {}
RESULT: {}
COMMAND: POST /session/22675cbf295e23214948e3e385e3f86d/element - {"using":"xpath","value":"//span[contains(text(), \"English\")]"}
COMMAND: GET /session/22675cbf295e23214948e3e385e3f86d/screenshot - {}
RESULT: {"using":"xpath","value":"//span[contains(text(), \"English\")]"}
COMMAND: POST /session/22675cbf295e23214948e3e385e3f86d/element/f.24B59690DB8413BEE8D229DFAEDEAD25.d.456B3769A5E8A7D76FCB550BD3186532.e.735/click - {}
RESULT: {}
RESULT: {}
COMMAND: POST /session/22675cbf295e23214948e3e385e3f86d/execute/async - {"script":"<script> [1562 bytes]","args":[{"selector":{"id":"application-manageyards-display-component---NewYard--addressDetailDetailsCity1","interaction":{"idSuffix":"inner"}},"wdio_ui5_key":"applicationmanageyards-display-component---NewYard--addressDetailDetailsCity1"}]}
COMMAND: GET /session/22675cbf295e23214948e3e385e3f86d/screenshot - {}
RESULT: {"script":"<script> [1562 bytes]","args":[{"selector":{"id":"application-manageyards-display-component---NewYard--addressDetailDetailsCity1","interaction":{"idSuffix":"inner"}},"wdio_ui5_key":"applicationmanageyards-display-component---NewYard--addressDetailDetailsCity1"}]}
RESULT: undefined
COMMAND: POST /session/22675cbf295e23214948e3e385e3f86d/execute/async - {"script":"<script> [776 bytes]","args":[{"enterText":"Rosario","selector":{"id":"application-manageyards-display-component---NewYard--addressDetailDetailsCity1","interaction":{"idSuffix":"inner"}},"clearTextFirst":true,"interactionType":"ENTER_TEXT"}]}
RESULT: {}
RESULT: {"script":"<script> [776 bytes]","args":[{"enterText":"Rosario","selector":{"id":"application-manageyards-display-component---NewYard--addressDetailDetailsCity1","interaction":{"idSuffix":"inner"}},"clearTextFirst":true,"interactionType":"ENTER_TEXT"}]}
COMMAND: POST /session/22675cbf295e23214948e3e385e3f86d/execute/async - {"script":"<script> [1562 bytes]","args":[{"selector":{"id":"application-manageyards-display-component---NewYard--addressDetailDetailsCountry-arrow"},"wdio_ui5_key":"applicationmanageyards-display-component---NewYard--addressDetailDetailsCountry-arrow"}]}
RESULT: {"script":"<script> [1562 bytes]","args":[{"selector":{"id":"application-manageyards-display-component---NewYard--addressDetailDetailsCountry-arrow"},"wdio_ui5_key":"applicationmanageyards-display-component---NewYard--addressDetailDetailsCountry-arrow"}]}
RESULT: undefined
COMMAND: POST /session/22675cbf295e23214948e3e385e3f86d/element - {"using":"xpath","value":"//*[@id=\"application-manageyards-display-component---NewYard--addressDetailDetailsCountry-arrow\"]"}
RESULT: {"using":"xpath","value":"//*[@id=\"application-manageyards-display-component---NewYard--addressDetailDetailsCountry-arrow\"]"}
COMMAND: POST /session/22675cbf295e23214948e3e385e3f86d/element/f.24B59690DB8413BEE8D229DFAEDEAD25.d.456B3769A5E8A7D76FCB550BD3186532.e.737/click - {}
RESULT: {}
COMMAND: POST /session/22675cbf295e23214948e3e385e3f86d/element - {"using":"xpath","value":"//span[contains(text(), \"Argentina\")]"}
COMMAND: GET /session/22675cbf295e23214948e3e385e3f86d/screenshot - {}
RESULT: {"using":"xpath","value":"//span[contains(text(), \"Argentina\")]"}
COMMAND: POST /session/22675cbf295e23214948e3e385e3f86d/element/f.24B59690DB8413BEE8D229DFAEDEAD25.d.456B3769A5E8A7D76FCB550BD3186532.e.738/click - {}
RESULT: {}
RESULT: {}
COMMAND: POST /session/22675cbf295e23214948e3e385e3f86d/execute/async - {"script":"<script> [1562 bytes]","args":[{"selector":{"id":"application-manageyards-display-component---NewYard--addressEditDetailsCostObjectCstType-arrow"},"wdio_ui5_key":"applicationmanageyards-display-component---NewYard--addressEditDetailsCostObjectCstType-arrow"}]}
COMMAND: GET /session/22675cbf295e23214948e3e385e3f86d/screenshot - {}
RESULT: {"script":"<script> [1562 bytes]","args":[{"selector":{"id":"application-manageyards-display-component---NewYard--addressEditDetailsCostObjectCstType-arrow"},"wdio_ui5_key":"applicationmanageyards-display-component---NewYard--addressEditDetailsCostObjectCstType-arrow"}]}
RESULT: undefined
COMMAND: POST /session/22675cbf295e23214948e3e385e3f86d/element - {"using":"xpath","value":"//*[@id=\"application-manageyards-display-component---NewYard--addressEditDetailsCostObjectCstType-arrow\"]"}
RESULT: {}
RESULT: {"using":"xpath","value":"//*[@id=\"application-manageyards-display-component---NewYard--addressEditDetailsCostObjectCstType-arrow\"]"}
COMMAND: POST /session/22675cbf295e23214948e3e385e3f86d/element/f.24B59690DB8413BEE8D229DFAEDEAD25.d.456B3769A5E8A7D76FCB550BD3186532.e.740/click - {}
RESULT: {}
COMMAND: POST /session/22675cbf295e23214948e3e385e3f86d/element - {"using":"xpath","value":"//span[contains(text(), \"Cost Center\")]"}
COMMAND: GET /session/22675cbf295e23214948e3e385e3f86d/screenshot - {}
RESULT: {"using":"xpath","value":"//span[contains(text(), \"Cost Center\")]"}
COMMAND: POST /session/22675cbf295e23214948e3e385e3f86d/element/f.24B59690DB8413BEE8D229DFAEDEAD25.d.456B3769A5E8A7D76FCB550BD3186532.e.741/click - {}
RESULT: {}
RESULT: {}
COMMAND: GET /session/22675cbf295e23214948e3e385e3f86d/screenshot - {}
RESULT: {}
COMMAND: POST /session/22675cbf295e23214948e3e385e3f86d/element - {"using":"xpath","value":"//span[@id=\"application-manageyards-display-component---NewYard--addressNewCostObjectCstID-vhi\"]"}
RESULT: {"using":"xpath","value":"//span[@id=\"application-manageyards-display-component---NewYard--addressNewCostObjectCstID-vhi\"]"}
COMMAND: POST /session/22675cbf295e23214948e3e385e3f86d/execute/sync - {"script":"<script> [8489 bytes]","args":[{"element-6066-11e4-a52e-4f735466cecf":"f.24B59690DB8413BEE8D229DFAEDEAD25.d.456B3769A5E8A7D76FCB550BD3186532.e.745","ELEMENT":"f.24B59690DB8413BEE8D229DFAEDEAD25.d.456B3769A5E8A7D76FCB550BD3186532.e.745"}]}
RESULT: {"script":"<script> [8489 bytes]","args":[{"element-6066-11e4-a52e-4f735466cecf":"f.24B59690DB8413BEE8D229DFAEDEAD25.d.456B3769A5E8A7D76FCB550BD3186532.e.745","ELEMENT":"f.24B59690DB8413BEE8D229DFAEDEAD25.d.456B3769A5E8A7D76FCB550BD3186532.e.745"}]}
COMMAND: POST /session/22675cbf295e23214948e3e385e3f86d/execute/async - {"script":"<script> [1562 bytes]","args":[{"selector":{"id":"application-manageyards-display-component---NewYard--addressNewCostObjectCstID-vhi"},"wdio_ui5_key":"applicationmanageyards-display-component---NewYard--addressNewCostObjectCstID-vhi"}]}
COMMAND: GET /session/22675cbf295e23214948e3e385e3f86d/screenshot - {}
RESULT: {"script":"<script> [1562 bytes]","args":[{"selector":{"id":"application-manageyards-display-component---NewYard--addressNewCostObjectCstID-vhi"},"wdio_ui5_key":"applicationmanageyards-display-component---NewYard--addressNewCostObjectCstID-vhi"}]}
RESULT: undefined
COMMAND: POST /session/22675cbf295e23214948e3e385e3f86d/element - {"using":"xpath","value":"//*[@id=\"application-manageyards-display-component---NewYard--addressNewCostObjectCstID-vhi\"]"}
RESULT: {}
RESULT: {"using":"xpath","value":"//*[@id=\"application-manageyards-display-component---NewYard--addressNewCostObjectCstID-vhi\"]"}
COMMAND: POST /session/22675cbf295e23214948e3e385e3f86d/element/f.24B59690DB8413BEE8D229DFAEDEAD25.d.456B3769A5E8A7D76FCB550BD3186532.e.745/click - {}
RESULT: {}
COMMAND: GET /session/22675cbf295e23214948e3e385e3f86d/screenshot - {}
RESULT: {}
COMMAND: POST /session/22675cbf295e23214948e3e385e3f86d/execute/async - {"script":"<script> [1562 bytes]","args":[{"selector":{"controlType":"sap.m.SearchField","properties":{"placeholder":"Search"},"searchOpenDialogs":true,"interaction":{"idSuffix":"I"}},"wdio_ui5_key":"sapm.SearchField{\"placeholder\":\"Search\"}"}]}
RESULT: {"script":"<script> [1562 bytes]","args":[{"selector":{"controlType":"sap.m.SearchField","properties":{"placeholder":"Search"},"searchOpenDialogs":true,"interaction":{"idSuffix":"I"}},"wdio_ui5_key":"sapm.SearchField{\"placeholder\":\"Search\"}"}]}
RESULT: undefined
COMMAND: POST /session/22675cbf295e23214948e3e385e3f86d/execute/async - {"script":"<script> [776 bytes]","args":[{"enterText":"bauh_b","selector":{"controlType":"sap.m.SearchField","properties":{"placeholder":"Search"},"searchOpenDialogs":true,"interaction":{"idSuffix":"I"}},"clearTextFirst":true,"interactionType":"ENTER_TEXT"}]}
RESULT: {"script":"<script> [776 bytes]","args":[{"enterText":"bauh_b","selector":{"controlType":"sap.m.SearchField","properties":{"placeholder":"Search"},"searchOpenDialogs":true,"interaction":{"idSuffix":"I"}},"clearTextFirst":true,"interactionType":"ENTER_TEXT"}]}
COMMAND: POST /session/22675cbf295e23214948e3e385e3f86d/actions - {"actions":[{"id":"action1","type":"key","parameters":{},"actions":[{"type":"keyDown","value":"î€‡"},{"type":"pause","duration":10},{"type":"keyUp","value":"î€‡"}]}]}
RESULT: {"actions":[{"id":"action1","type":"key","parameters":{},"actions":[{"type":"keyDown","value":"î€‡"},{"type":"pause","duration":10},{"type":"keyUp","value":"î€‡"}]}]}
COMMAND: GET /session/22675cbf295e23214948e3e385e3f86d/screenshot - {}
RESULT: {}
COMMAND: POST /session/22675cbf295e23214948e3e385e3f86d/element - {"using":"xpath","value":"//span[contains(text(), \"Demo Yard\")]"}
RESULT: {"using":"xpath","value":"//span[contains(text(), \"Demo Yard\")]"}
COMMAND: POST /session/22675cbf295e23214948e3e385e3f86d/element/f.24B59690DB8413BEE8D229DFAEDEAD25.d.456B3769A5E8A7D76FCB550BD3186532.e.787/click - {}
RESULT: {}
COMMAND: GET /session/22675cbf295e23214948e3e385e3f86d/screenshot - {}
RESULT: {}
COMMAND: POST /session/22675cbf295e23214948e3e385e3f86d/element - {"using":"xpath","value":"//bdi[contains(text(), \"OK\")]"}
RESULT: {"using":"xpath","value":"//bdi[contains(text(), \"OK\")]"}
COMMAND: POST /session/22675cbf295e23214948e3e385e3f86d/element/f.24B59690DB8413BEE8D229DFAEDEAD25.d.456B3769A5E8A7D76FCB550BD3186532.e.788/click - {}
RESULT: {}
COMMAND: GET /session/22675cbf295e23214948e3e385e3f86d/screenshot - {}
RESULT: {}
COMMAND: POST /session/22675cbf295e23214948e3e385e3f86d/execute/async - {"script":"<script> [1562 bytes]","args":[{"selector":{"id":"application-manageyards-display-component---NewYard--addressEditDetailsCurrency-arrow"},"wdio_ui5_key":"applicationmanageyards-display-component---NewYard--addressEditDetailsCurrency-arrow"}]}
RESULT: {"script":"<script> [1562 bytes]","args":[{"selector":{"id":"application-manageyards-display-component---NewYard--addressEditDetailsCurrency-arrow"},"wdio_ui5_key":"applicationmanageyards-display-component---NewYard--addressEditDetailsCurrency-arrow"}]}
RESULT: undefined
COMMAND: POST /session/22675cbf295e23214948e3e385e3f86d/element - {"using":"xpath","value":"//*[@id=\"application-manageyards-display-component---NewYard--addressEditDetailsCurrency-arrow\"]"}
RESULT: {"using":"xpath","value":"//*[@id=\"application-manageyards-display-component---NewYard--addressEditDetailsCurrency-arrow\"]"}
COMMAND: POST /session/22675cbf295e23214948e3e385e3f86d/element/f.24B59690DB8413BEE8D229DFAEDEAD25.d.456B3769A5E8A7D76FCB550BD3186532.e.791/click - {}
RESULT: {}
COMMAND: POST /session/22675cbf295e23214948e3e385e3f86d/element - {"using":"xpath","value":"//span[contains(text(), \"Euro\")]"}
COMMAND: GET /session/22675cbf295e23214948e3e385e3f86d/screenshot - {}
RESULT: {"using":"xpath","value":"//span[contains(text(), \"Euro\")]"}
COMMAND: POST /session/22675cbf295e23214948e3e385e3f86d/element/f.24B59690DB8413BEE8D229DFAEDEAD25.d.456B3769A5E8A7D76FCB550BD3186532.e.792/click - {}
RESULT: {}
RESULT: {}
COMMAND: POST /session/22675cbf295e23214948e3e385e3f86d/execute/async - {"script":"<script> [1562 bytes]","args":[{"selector":{"controlType":"sap.m.Input","viewName":"etm.portal.ui.manageyards.view.New","viewId":"application-manageyards-display-component---NewYard","bindingPath":{"path":"","propertyPath":"/CONTROLLING_AREA","modelName":"NewYardModel"},"interaction":{"idSuffix":"inner"}},"wdio_ui5_key":"etmportal.ui.manageyards.view.Newsap.m.Input{\"path\":\"\",\"propertyPath\":\"/CONTROLLING_AREA\",\"modelName\":\"NewYardModel\"}"}]}
COMMAND: GET /session/22675cbf295e23214948e3e385e3f86d/screenshot - {}
RESULT: {"script":"<script> [1562 bytes]","args":[{"selector":{"controlType":"sap.m.Input","viewName":"etm.portal.ui.manageyards.view.New","viewId":"application-manageyards-display-component---NewYard","bindingPath":{"path":"","propertyPath":"/CONTROLLING_AREA","modelName":"NewYardModel"},"interaction":{"idSuffix":"inner"}},"wdio_ui5_key":"etmportal.ui.manageyards.view.Newsap.m.Input{\"path\":\"\",\"propertyPath\":\"/CONTROLLING_AREA\",\"modelName\":\"NewYardModel\"}"}]}
RESULT: undefined
COMMAND: POST /session/22675cbf295e23214948e3e385e3f86d/execute/async - {"script":"<script> [776 bytes]","args":[{"enterText":"Z001","selector":{"controlType":"sap.m.Input","viewName":"etm.portal.ui.manageyards.view.New","viewId":"application-manageyards-display-component---NewYard","bindingPath":{"path":"","propertyPath":"/CONTROLLING_AREA","modelName":"NewYardModel"},"interaction":{"idSuffix":"inner"}},"clearTextFirst":true,"interactionType":"ENTER_TEXT"}]}
RESULT: {}
RESULT: {"script":"<script> [776 bytes]","args":[{"enterText":"Z001","selector":{"controlType":"sap.m.Input","viewName":"etm.portal.ui.manageyards.view.New","viewId":"application-manageyards-display-component---NewYard","bindingPath":{"path":"","propertyPath":"/CONTROLLING_AREA","modelName":"NewYardModel"},"interaction":{"idSuffix":"inner"}},"clearTextFirst":true,"interactionType":"ENTER_TEXT"}]}
COMMAND: POST /session/22675cbf295e23214948e3e385e3f86d/execute/async - {"script":"<script> [1562 bytes]","args":[{"selector":{"id":"application-manageyards-display-component---NewYard--companyCodeComboBox","interaction":{"idSuffix":"inner"}},"wdio_ui5_key":"applicationmanageyards-display-component---NewYard--companyCodeComboBox"}]}
RESULT: {"script":"<script> [1562 bytes]","args":[{"selector":{"id":"application-manageyards-display-component---NewYard--companyCodeComboBox","interaction":{"idSuffix":"inner"}},"wdio_ui5_key":"applicationmanageyards-display-component---NewYard--companyCodeComboBox"}]}
RESULT: undefined
COMMAND: POST /session/22675cbf295e23214948e3e385e3f86d/execute/async - {"script":"<script> [776 bytes]","args":[{"enterText":"1000","selector":{"id":"application-manageyards-display-component---NewYard--companyCodeComboBox","interaction":{"idSuffix":"inner"}},"clearTextFirst":true,"interactionType":"ENTER_TEXT"}]}
RESULT: {"script":"<script> [776 bytes]","args":[{"enterText":"1000","selector":{"id":"application-manageyards-display-component---NewYard--companyCodeComboBox","interaction":{"idSuffix":"inner"}},"clearTextFirst":true,"interactionType":"ENTER_TEXT"}]}
COMMAND: POST /session/22675cbf295e23214948e3e385e3f86d/execute/async - {"script":"<script> [1562 bytes]","args":[{"selector":{"controlType":"sap.m.Input","viewName":"etm.portal.ui.manageyards.view.New","viewId":"application-manageyards-display-component---NewYard","bindingPath":{"path":"","propertyPath":"/PLANT","modelName":"NewYardModel"},"interaction":{"idSuffix":"inner"}},"wdio_ui5_key":"etmportal.ui.manageyards.view.Newsap.m.Input{\"path\":\"\",\"propertyPath\":\"/PLANT\",\"modelName\":\"NewYardModel\"}"}]}
RESULT: {"script":"<script> [1562 bytes]","args":[{"selector":{"controlType":"sap.m.Input","viewName":"etm.portal.ui.manageyards.view.New","viewId":"application-manageyards-display-component---NewYard","bindingPath":{"path":"","propertyPath":"/PLANT","modelName":"NewYardModel"},"interaction":{"idSuffix":"inner"}},"wdio_ui5_key":"etmportal.ui.manageyards.view.Newsap.m.Input{\"path\":\"\",\"propertyPath\":\"/PLANT\",\"modelName\":\"NewYardModel\"}"}]}
RESULT: undefined
COMMAND: POST /session/22675cbf295e23214948e3e385e3f86d/execute/async - {"script":"<script> [776 bytes]","args":[{"enterText":"1001","selector":{"controlType":"sap.m.Input","viewName":"etm.portal.ui.manageyards.view.New","viewId":"application-manageyards-display-component---NewYard","bindingPath":{"path":"","propertyPath":"/PLANT","modelName":"NewYardModel"},"interaction":{"idSuffix":"inner"}},"clearTextFirst":true,"interactionType":"ENTER_TEXT"}]}
RESULT: {"script":"<script> [776 bytes]","args":[{"enterText":"1001","selector":{"controlType":"sap.m.Input","viewName":"etm.portal.ui.manageyards.view.New","viewId":"application-manageyards-display-component---NewYard","bindingPath":{"path":"","propertyPath":"/PLANT","modelName":"NewYardModel"},"interaction":{"idSuffix":"inner"}},"clearTextFirst":true,"interactionType":"ENTER_TEXT"}]}
COMMAND: POST /session/22675cbf295e23214948e3e385e3f86d/execute/async - {"script":"<script> [1562 bytes]","args":[{"selector":{"controlType":"sap.m.Input","viewName":"etm.portal.ui.manageyards.view.New","viewId":"application-manageyards-display-component---NewYard","bindingPath":{"path":"","propertyPath":"/SALES_AREA_VKORG","modelName":"NewYardModel"},"interaction":{"idSuffix":"inner"}},"wdio_ui5_key":"etmportal.ui.manageyards.view.Newsap.m.Input{\"path\":\"\",\"propertyPath\":\"/SALES_AREA_VKORG\",\"modelName\":\"NewYardModel\"}"}]}
RESULT: {"script":"<script> [1562 bytes]","args":[{"selector":{"controlType":"sap.m.Input","viewName":"etm.portal.ui.manageyards.view.New","viewId":"application-manageyards-display-component---NewYard","bindingPath":{"path":"","propertyPath":"/SALES_AREA_VKORG","modelName":"NewYardModel"},"interaction":{"idSuffix":"inner"}},"wdio_ui5_key":"etmportal.ui.manageyards.view.Newsap.m.Input{\"path\":\"\",\"propertyPath\":\"/SALES_AREA_VKORG\",\"modelName\":\"NewYardModel\"}"}]}
RESULT: undefined
COMMAND: POST /session/22675cbf295e23214948e3e385e3f86d/execute/async - {"script":"<script> [776 bytes]","args":[{"enterText":"C002","selector":{"controlType":"sap.m.Input","viewName":"etm.portal.ui.manageyards.view.New","viewId":"application-manageyards-display-component---NewYard","bindingPath":{"path":"","propertyPath":"/SALES_AREA_VKORG","modelName":"NewYardModel"},"interaction":{"idSuffix":"inner"}},"clearTextFirst":true,"interactionType":"ENTER_TEXT"}]}
RESULT: {"script":"<script> [776 bytes]","args":[{"enterText":"C002","selector":{"controlType":"sap.m.Input","viewName":"etm.portal.ui.manageyards.view.New","viewId":"application-manageyards-display-component---NewYard","bindingPath":{"path":"","propertyPath":"/SALES_AREA_VKORG","modelName":"NewYardModel"},"interaction":{"idSuffix":"inner"}},"clearTextFirst":true,"interactionType":"ENTER_TEXT"}]}
COMMAND: POST /session/22675cbf295e23214948e3e385e3f86d/execute/async - {"script":"<script> [1562 bytes]","args":[{"selector":{"controlType":"sap.m.Input","viewName":"etm.portal.ui.manageyards.view.New","viewId":"application-manageyards-display-component---NewYard","bindingPath":{"path":"","propertyPath":"/SALES_AREA_VTWEG","modelName":"NewYardModel"},"interaction":{"idSuffix":"inner"}},"wdio_ui5_key":"etmportal.ui.manageyards.view.Newsap.m.Input{\"path\":\"\",\"propertyPath\":\"/SALES_AREA_VTWEG\",\"modelName\":\"NewYardModel\"}"}]}
RESULT: {"script":"<script> [1562 bytes]","args":[{"selector":{"controlType":"sap.m.Input","viewName":"etm.portal.ui.manageyards.view.New","viewId":"application-manageyards-display-component---NewYard","bindingPath":{"path":"","propertyPath":"/SALES_AREA_VTWEG","modelName":"NewYardModel"},"interaction":{"idSuffix":"inner"}},"wdio_ui5_key":"etmportal.ui.manageyards.view.Newsap.m.Input{\"path\":\"\",\"propertyPath\":\"/SALES_AREA_VTWEG\",\"modelName\":\"NewYardModel\"}"}]}
RESULT: undefined
COMMAND: POST /session/22675cbf295e23214948e3e385e3f86d/execute/async - {"script":"<script> [776 bytes]","args":[{"enterText":"C2","selector":{"controlType":"sap.m.Input","viewName":"etm.portal.ui.manageyards.view.New","viewId":"application-manageyards-display-component---NewYard","bindingPath":{"path":"","propertyPath":"/SALES_AREA_VTWEG","modelName":"NewYardModel"},"interaction":{"idSuffix":"inner"}},"clearTextFirst":true,"interactionType":"ENTER_TEXT"}]}
RESULT: {"script":"<script> [776 bytes]","args":[{"enterText":"C2","selector":{"controlType":"sap.m.Input","viewName":"etm.portal.ui.manageyards.view.New","viewId":"application-manageyards-display-component---NewYard","bindingPath":{"path":"","propertyPath":"/SALES_AREA_VTWEG","modelName":"NewYardModel"},"interaction":{"idSuffix":"inner"}},"clearTextFirst":true,"interactionType":"ENTER_TEXT"}]}
COMMAND: POST /session/22675cbf295e23214948e3e385e3f86d/execute/async - {"script":"<script> [1562 bytes]","args":[{"selector":{"controlType":"sap.m.Input","viewName":"etm.portal.ui.manageyards.view.New","viewId":"application-manageyards-display-component---NewYard","bindingPath":{"path":"","propertyPath":"/SALES_AREA_SPART","modelName":"NewYardModel"},"interaction":{"idSuffix":"inner"}},"wdio_ui5_key":"etmportal.ui.manageyards.view.Newsap.m.Input{\"path\":\"\",\"propertyPath\":\"/SALES_AREA_SPART\",\"modelName\":\"NewYardModel\"}"}]}
RESULT: {"script":"<script> [1562 bytes]","args":[{"selector":{"controlType":"sap.m.Input","viewName":"etm.portal.ui.manageyards.view.New","viewId":"application-manageyards-display-component---NewYard","bindingPath":{"path":"","propertyPath":"/SALES_AREA_SPART","modelName":"NewYardModel"},"interaction":{"idSuffix":"inner"}},"wdio_ui5_key":"etmportal.ui.manageyards.view.Newsap.m.Input{\"path\":\"\",\"propertyPath\":\"/SALES_AREA_SPART\",\"modelName\":\"NewYardModel\"}"}]}
RESULT: undefined
COMMAND: POST /session/22675cbf295e23214948e3e385e3f86d/execute/async - {"script":"<script> [776 bytes]","args":[{"enterText":"C2","selector":{"controlType":"sap.m.Input","viewName":"etm.portal.ui.manageyards.view.New","viewId":"application-manageyards-display-component---NewYard","bindingPath":{"path":"","propertyPath":"/SALES_AREA_SPART","modelName":"NewYardModel"},"interaction":{"idSuffix":"inner"}},"clearTextFirst":true,"interactionType":"ENTER_TEXT"}]}
RESULT: {"script":"<script> [776 bytes]","args":[{"enterText":"C2","selector":{"controlType":"sap.m.Input","viewName":"etm.portal.ui.manageyards.view.New","viewId":"application-manageyards-display-component---NewYard","bindingPath":{"path":"","propertyPath":"/SALES_AREA_SPART","modelName":"NewYardModel"},"interaction":{"idSuffix":"inner"}},"clearTextFirst":true,"interactionType":"ENTER_TEXT"}]}
COMMAND: POST /session/22675cbf295e23214948e3e385e3f86d/execute/async - {"script":"<script> [1562 bytes]","args":[{"selector":{"controlType":"sap.m.Input","viewName":"etm.portal.ui.manageyards.view.New","viewId":"application-manageyards-display-component---NewYard","bindingPath":{"path":"","propertyPath":"/SHIP_POINT","modelName":"NewYardModel"},"interaction":{"idSuffix":"inner"}},"wdio_ui5_key":"etmportal.ui.manageyards.view.Newsap.m.Input{\"path\":\"\",\"propertyPath\":\"/SHIP_POINT\",\"modelName\":\"NewYardModel\"}"}]}
RESULT: {"script":"<script> [1562 bytes]","args":[{"selector":{"controlType":"sap.m.Input","viewName":"etm.portal.ui.manageyards.view.New","viewId":"application-manageyards-display-component---NewYard","bindingPath":{"path":"","propertyPath":"/SHIP_POINT","modelName":"NewYardModel"},"interaction":{"idSuffix":"inner"}},"wdio_ui5_key":"etmportal.ui.manageyards.view.Newsap.m.Input{\"path\":\"\",\"propertyPath\":\"/SHIP_POINT\",\"modelName\":\"NewYardModel\"}"}]}
RESULT: undefined
COMMAND: POST /session/22675cbf295e23214948e3e385e3f86d/execute/async - {"script":"<script> [776 bytes]","args":[{"enterText":"1710","selector":{"controlType":"sap.m.Input","viewName":"etm.portal.ui.manageyards.view.New","viewId":"application-manageyards-display-component---NewYard","bindingPath":{"path":"","propertyPath":"/SHIP_POINT","modelName":"NewYardModel"},"interaction":{"idSuffix":"inner"}},"clearTextFirst":true,"interactionType":"ENTER_TEXT"}]}
RESULT: {"script":"<script> [776 bytes]","args":[{"enterText":"1710","selector":{"controlType":"sap.m.Input","viewName":"etm.portal.ui.manageyards.view.New","viewId":"application-manageyards-display-component---NewYard","bindingPath":{"path":"","propertyPath":"/SHIP_POINT","modelName":"NewYardModel"},"interaction":{"idSuffix":"inner"}},"clearTextFirst":true,"interactionType":"ENTER_TEXT"}]}
COMMAND: POST /session/22675cbf295e23214948e3e385e3f86d/execute/async - {"script":"<script> [1562 bytes]","args":[{"selector":{"controlType":"sap.m.Input","viewName":"etm.portal.ui.manageyards.view.New","viewId":"application-manageyards-display-component---NewYard","bindingPath":{"path":"","propertyPath":"/DELIVERY_TYPE","modelName":"NewYardModel"},"interaction":{"idSuffix":"inner"}},"wdio_ui5_key":"etmportal.ui.manageyards.view.Newsap.m.Input{\"path\":\"\",\"propertyPath\":\"/DELIVERY_TYPE\",\"modelName\":\"NewYardModel\"}"}]}
RESULT: {"script":"<script> [1562 bytes]","args":[{"selector":{"controlType":"sap.m.Input","viewName":"etm.portal.ui.manageyards.view.New","viewId":"application-manageyards-display-component---NewYard","bindingPath":{"path":"","propertyPath":"/DELIVERY_TYPE","modelName":"NewYardModel"},"interaction":{"idSuffix":"inner"}},"wdio_ui5_key":"etmportal.ui.manageyards.view.Newsap.m.Input{\"path\":\"\",\"propertyPath\":\"/DELIVERY_TYPE\",\"modelName\":\"NewYardModel\"}"}]}
RESULT: undefined
COMMAND: POST /session/22675cbf295e23214948e3e385e3f86d/execute/async - {"script":"<script> [776 bytes]","args":[{"enterText":"ZL01","selector":{"controlType":"sap.m.Input","viewName":"etm.portal.ui.manageyards.view.New","viewId":"application-manageyards-display-component---NewYard","bindingPath":{"path":"","propertyPath":"/DELIVERY_TYPE","modelName":"NewYardModel"},"interaction":{"idSuffix":"inner"}},"clearTextFirst":true,"interactionType":"ENTER_TEXT"}]}
RESULT: {"script":"<script> [776 bytes]","args":[{"enterText":"ZL01","selector":{"controlType":"sap.m.Input","viewName":"etm.portal.ui.manageyards.view.New","viewId":"application-manageyards-display-component---NewYard","bindingPath":{"path":"","propertyPath":"/DELIVERY_TYPE","modelName":"NewYardModel"},"interaction":{"idSuffix":"inner"}},"clearTextFirst":true,"interactionType":"ENTER_TEXT"}]}
COMMAND: POST /session/22675cbf295e23214948e3e385e3f86d/execute/async - {"script":"<script> [1562 bytes]","args":[{"selector":{"controlType":"sap.m.Input","viewName":"etm.portal.ui.manageyards.view.New","viewId":"application-manageyards-display-component---NewYard","bindingPath":{"path":"","propertyPath":"/AUART","modelName":"NewYardModel"},"interaction":{"idSuffix":"inner"}},"wdio_ui5_key":"etmportal.ui.manageyards.view.Newsap.m.Input{\"path\":\"\",\"propertyPath\":\"/AUART\",\"modelName\":\"NewYardModel\"}"}]}
RESULT: {"script":"<script> [1562 bytes]","args":[{"selector":{"controlType":"sap.m.Input","viewName":"etm.portal.ui.manageyards.view.New","viewId":"application-manageyards-display-component---NewYard","bindingPath":{"path":"","propertyPath":"/AUART","modelName":"NewYardModel"},"interaction":{"idSuffix":"inner"}},"wdio_ui5_key":"etmportal.ui.manageyards.view.Newsap.m.Input{\"path\":\"\",\"propertyPath\":\"/AUART\",\"modelName\":\"NewYardModel\"}"}]}
RESULT: undefined
COMMAND: POST /session/22675cbf295e23214948e3e385e3f86d/execute/async - {"script":"<script> [776 bytes]","args":[{"enterText":"TA","selector":{"controlType":"sap.m.Input","viewName":"etm.portal.ui.manageyards.view.New","viewId":"application-manageyards-display-component---NewYard","bindingPath":{"path":"","propertyPath":"/AUART","modelName":"NewYardModel"},"interaction":{"idSuffix":"inner"}},"clearTextFirst":true,"interactionType":"ENTER_TEXT"}]}
RESULT: {"script":"<script> [776 bytes]","args":[{"enterText":"TA","selector":{"controlType":"sap.m.Input","viewName":"etm.portal.ui.manageyards.view.New","viewId":"application-manageyards-display-component---NewYard","bindingPath":{"path":"","propertyPath":"/AUART","modelName":"NewYardModel"},"interaction":{"idSuffix":"inner"}},"clearTextFirst":true,"interactionType":"ENTER_TEXT"}]}
COMMAND: POST /session/22675cbf295e23214948e3e385e3f86d/element - {"using":"xpath","value":"//button[@data-kt=\"newYardSaveButton\"]"}
RESULT: {"using":"xpath","value":"//button[@data-kt=\"newYardSaveButton\"]"}
COMMAND: POST /session/22675cbf295e23214948e3e385e3f86d/element/f.24B59690DB8413BEE8D229DFAEDEAD25.d.456B3769A5E8A7D76FCB550BD3186532.e.699/click - {}
RESULT: {}
COMMAND: GET /session/22675cbf295e23214948e3e385e3f86d/screenshot - {}
RESULT: {}
COMMAND: POST /session/22675cbf295e23214948e3e385e3f86d/element - {"using":"xpath","value":"//header[contains(@id, 'ObjectPageLayout-headerTitle')]/div[1]/div[2]/div[1]/span[1]"}
RESULT: {"using":"xpath","value":"//header[contains(@id, 'ObjectPageLayout-headerTitle')]/div[1]/div[2]/div[1]/span[1]"}
COMMAND: POST /session/22675cbf295e23214948e3e385e3f86d/elements - {"using":"xpath","value":"//header[contains(@id, 'ObjectPageLayout-headerTitle')]/div[1]/div[2]/div[1]/span[1]"}
RESULT: {"using":"xpath","value":"//header[contains(@id, 'ObjectPageLayout-headerTitle')]/div[1]/div[2]/div[1]/span[1]"}
COMMAND: POST /session/22675cbf295e23214948e3e385e3f86d/execute/sync - {"script":"<script> [56 bytes]","args":[{"element-6066-11e4-a52e-4f735466cecf":"f.24B59690DB8413BEE8D229DFAEDEAD25.d.456B3769A5E8A7D76FCB550BD3186532.e.1018","ELEMENT":"f.24B59690DB8413BEE8D229DFAEDEAD25.d.456B3769A5E8A7D76FCB550BD3186532.e.1018"}]}
RESULT: {"script":"<script> [56 bytes]","args":[{"element-6066-11e4-a52e-4f735466cecf":"f.24B59690DB8413BEE8D229DFAEDEAD25.d.456B3769A5E8A7D76FCB550BD3186532.e.1018","ELEMENT":"f.24B59690DB8413BEE8D229DFAEDEAD25.d.456B3769A5E8A7D76FCB550BD3186532.e.1018"}]}
COMMAND: GET /session/22675cbf295e23214948e3e385e3f86d/screenshot - {}
RESULT: {}
COMMAND: POST /session/22675cbf295e23214948e3e385e3f86d/element - {"using":"css selector","value":"#shell-header-logo"}
RESULT: {"using":"css selector","value":"#shell-header-logo"}
COMMAND: POST /session/22675cbf295e23214948e3e385e3f86d/element/f.24B59690DB8413BEE8D229DFAEDEAD25.d.456B3769A5E8A7D76FCB550BD3186532.e.268/click - {}
RESULT: {}
COMMAND: GET /session/22675cbf295e23214948e3e385e3f86d/screenshot - {}
RESULT: {}
COMMAND: POST /session/22675cbf295e23214948e3e385e3f86d/execute/sync - {"script":"<script> [299 bytes]","args":[["getModel","getResource"]]}
RESULT: {"script":"<script> [299 bytes]","args":[["getModel","getResource"]]}
]]></system-out>
    </testcase>
    <testcase classname="chrome.136_0_7103_93.windows.Partner_specific_tests_US150819_US151080_US151654_US151176_US103444_US151078_US151079_US151109_US151174_US151175_US151189" name="Should create new external partner US150819" time="112.824">
      <system-out><![CDATA[
COMMAND: GET /session/22675cbf295e23214948e3e385e3f86d/screenshot - {}
COMMAND: POST /session/22675cbf295e23214948e3e385e3f86d/element - {"using":"xpath","value":"//li[.//span[text()=\"Manage Partners\"]]"}
RESULT: {}
RESULT: {"using":"xpath","value":"//li[.//span[text()=\"Manage Partners\"]]"}
COMMAND: POST /session/22675cbf295e23214948e3e385e3f86d/element - {"using":"xpath","value":"//li[.//span[text()=\"Manage Partners\"]]"}
RESULT: {"using":"xpath","value":"//li[.//span[text()=\"Manage Partners\"]]"}
COMMAND: POST /session/22675cbf295e23214948e3e385e3f86d/element - {"using":"css selector","value":"#shell-header-logo"}
RESULT: {"using":"css selector","value":"#shell-header-logo"}
COMMAND: POST /session/22675cbf295e23214948e3e385e3f86d/element/f.24B59690DB8413BEE8D229DFAEDEAD25.d.456B3769A5E8A7D76FCB550BD3186532.e.1020/click - {}
COMMAND: POST /session/22675cbf295e23214948e3e385e3f86d/execute/sync - {"script":"<script> [8489 bytes]","args":[{"element-6066-11e4-a52e-4f735466cecf":"f.24B59690DB8413BEE8D229DFAEDEAD25.d.456B3769A5E8A7D76FCB550BD3186532.e.1020","ELEMENT":"f.24B59690DB8413BEE8D229DFAEDEAD25.d.456B3769A5E8A7D76FCB550BD3186532.e.1020"}]}
RESULT: {}
COMMAND: GET /session/22675cbf295e23214948e3e385e3f86d/screenshot - {}
RESULT: {"script":"<script> [8489 bytes]","args":[{"element-6066-11e4-a52e-4f735466cecf":"f.24B59690DB8413BEE8D229DFAEDEAD25.d.456B3769A5E8A7D76FCB550BD3186532.e.1020","ELEMENT":"f.24B59690DB8413BEE8D229DFAEDEAD25.d.456B3769A5E8A7D76FCB550BD3186532.e.1020"}]}
COMMAND: POST /session/22675cbf295e23214948e3e385e3f86d/execute/sync - {"script":"<script> [5351 bytes]","args":[{"element-6066-11e4-a52e-4f735466cecf":"f.24B59690DB8413BEE8D229DFAEDEAD25.d.456B3769A5E8A7D76FCB550BD3186532.e.1020","ELEMENT":"f.24B59690DB8413BEE8D229DFAEDEAD25.d.456B3769A5E8A7D76FCB550BD3186532.e.1020"}]}
COMMAND: GET /session/22675cbf295e23214948e3e385e3f86d/screenshot - {}
RESULT: {}
RESULT: {"script":"<script> [5351 bytes]","args":[{"element-6066-11e4-a52e-4f735466cecf":"f.24B59690DB8413BEE8D229DFAEDEAD25.d.456B3769A5E8A7D76FCB550BD3186532.e.1020","ELEMENT":"f.24B59690DB8413BEE8D229DFAEDEAD25.d.456B3769A5E8A7D76FCB550BD3186532.e.1020"}]}
COMMAND: GET /session/22675cbf295e23214948e3e385e3f86d/screenshot - {}
RESULT: {}
RESULT: {}
COMMAND: POST /session/22675cbf295e23214948e3e385e3f86d/window/fullscreen - {}
RESULT: {}
COMMAND: POST /session/22675cbf295e23214948e3e385e3f86d/execute/async - {"script":"<script> [1562 bytes]","args":[{"selector":{"controlType":"sap.m.GenericTile","properties":{"header":"Manage Partners"}},"wdio_ui5_key":"sapm.GenericTile{\"header\":\"Manage Partners\"}"}]}
RESULT: {"script":"<script> [1562 bytes]","args":[{"selector":{"controlType":"sap.m.GenericTile","properties":{"header":"Manage Partners"}},"wdio_ui5_key":"sapm.GenericTile{\"header\":\"Manage Partners\"}"}]}
RESULT: undefined
COMMAND: POST /session/22675cbf295e23214948e3e385e3f86d/element - {"using":"xpath","value":"//*[@id=\"__tile38\"]"}
RESULT: {"using":"xpath","value":"//*[@id=\"__tile38\"]"}
COMMAND: POST /session/22675cbf295e23214948e3e385e3f86d/element/f.24B59690DB8413BEE8D229DFAEDEAD25.d.456B3769A5E8A7D76FCB550BD3186532.e.156/click - {}
RESULT: {}
COMMAND: GET /session/22675cbf295e23214948e3e385e3f86d/screenshot - {}
RESULT: {}
COMMAND: POST /session/22675cbf295e23214948e3e385e3f86d/elements - {"using":"xpath","value":"//span[text()='Error']"}
RESULT: {"using":"xpath","value":"//span[text()='Error']"}
COMMAND: POST /session/22675cbf295e23214948e3e385e3f86d/element - {"using":"xpath","value":"//button[@data-kt=\"addButton\"]"}
RESULT: {"using":"xpath","value":"//button[@data-kt=\"addButton\"]"}
COMMAND: POST /session/22675cbf295e23214948e3e385e3f86d/elements - {"using":"xpath","value":"//button[@data-kt=\"addButton\"]"}
RESULT: {"using":"xpath","value":"//button[@data-kt=\"addButton\"]"}
COMMAND: POST /session/22675cbf295e23214948e3e385e3f86d/elements - {"using":"xpath","value":"//button[@data-kt=\"addButton\"]"}
RESULT: {"using":"xpath","value":"//button[@data-kt=\"addButton\"]"}
COMMAND: POST /session/22675cbf295e23214948e3e385e3f86d/element - {"using":"xpath","value":"//button[@data-kt=\"addButton\"]"}
RESULT: {"using":"xpath","value":"//button[@data-kt=\"addButton\"]"}
COMMAND: POST /session/22675cbf295e23214948e3e385e3f86d/execute/sync - {"script":"<script> [8489 bytes]","args":[{"element-6066-11e4-a52e-4f735466cecf":"f.24B59690DB8413BEE8D229DFAEDEAD25.d.456B3769A5E8A7D76FCB550BD3186532.e.1055","ELEMENT":"f.24B59690DB8413BEE8D229DFAEDEAD25.d.456B3769A5E8A7D76FCB550BD3186532.e.1055"}]}
RESULT: {"script":"<script> [8489 bytes]","args":[{"element-6066-11e4-a52e-4f735466cecf":"f.24B59690DB8413BEE8D229DFAEDEAD25.d.456B3769A5E8A7D76FCB550BD3186532.e.1055","ELEMENT":"f.24B59690DB8413BEE8D229DFAEDEAD25.d.456B3769A5E8A7D76FCB550BD3186532.e.1055"}]}
COMMAND: GET /session/22675cbf295e23214948e3e385e3f86d/element/f.24B59690DB8413BEE8D229DFAEDEAD25.d.456B3769A5E8A7D76FCB550BD3186532.e.1055/enabled - {}
COMMAND: GET /session/22675cbf295e23214948e3e385e3f86d/screenshot - {}
RESULT: {}
COMMAND: POST /session/22675cbf295e23214948e3e385e3f86d/execute/sync - {"script":"<script> [8489 bytes]","args":[{"element-6066-11e4-a52e-4f735466cecf":"f.24B59690DB8413BEE8D229DFAEDEAD25.d.456B3769A5E8A7D76FCB550BD3186532.e.1055","ELEMENT":"f.24B59690DB8413BEE8D229DFAEDEAD25.d.456B3769A5E8A7D76FCB550BD3186532.e.1055"}]}
COMMAND: GET /session/22675cbf295e23214948e3e385e3f86d/screenshot - {}
RESULT: {}
RESULT: {"script":"<script> [8489 bytes]","args":[{"element-6066-11e4-a52e-4f735466cecf":"f.24B59690DB8413BEE8D229DFAEDEAD25.d.456B3769A5E8A7D76FCB550BD3186532.e.1055","ELEMENT":"f.24B59690DB8413BEE8D229DFAEDEAD25.d.456B3769A5E8A7D76FCB550BD3186532.e.1055"}]}
COMMAND: POST /session/22675cbf295e23214948e3e385e3f86d/execute/sync - {"script":"<script> [5351 bytes]","args":[{"element-6066-11e4-a52e-4f735466cecf":"f.24B59690DB8413BEE8D229DFAEDEAD25.d.456B3769A5E8A7D76FCB550BD3186532.e.1055","ELEMENT":"f.24B59690DB8413BEE8D229DFAEDEAD25.d.456B3769A5E8A7D76FCB550BD3186532.e.1055"}]}
COMMAND: GET /session/22675cbf295e23214948e3e385e3f86d/screenshot - {}
RESULT: {}
RESULT: {"script":"<script> [5351 bytes]","args":[{"element-6066-11e4-a52e-4f735466cecf":"f.24B59690DB8413BEE8D229DFAEDEAD25.d.456B3769A5E8A7D76FCB550BD3186532.e.1055","ELEMENT":"f.24B59690DB8413BEE8D229DFAEDEAD25.d.456B3769A5E8A7D76FCB550BD3186532.e.1055"}]}
COMMAND: POST /session/22675cbf295e23214948e3e385e3f86d/element/f.24B59690DB8413BEE8D229DFAEDEAD25.d.456B3769A5E8A7D76FCB550BD3186532.e.1055/click - {}
COMMAND: GET /session/22675cbf295e23214948e3e385e3f86d/screenshot - {}
RESULT: {}
RESULT: {}
COMMAND: GET /session/22675cbf295e23214948e3e385e3f86d/screenshot - {}
COMMAND: POST /session/22675cbf295e23214948e3e385e3f86d/execute/async - {"script":"<script> [1562 bytes]","args":[{"selector":{"id":"application-managepartners-display-component---NewPartner--addressDetailDetailsName1","interaction":{"idSuffix":"inner"}},"wdio_ui5_key":"applicationmanagepartners-display-component---NewPartner--addressDetailDetailsName1"}]}
RESULT: {}
RESULT: {}
RESULT: {"script":"<script> [1562 bytes]","args":[{"selector":{"id":"application-managepartners-display-component---NewPartner--addressDetailDetailsName1","interaction":{"idSuffix":"inner"}},"wdio_ui5_key":"applicationmanagepartners-display-component---NewPartner--addressDetailDetailsName1"}]}
RESULT: undefined
COMMAND: POST /session/22675cbf295e23214948e3e385e3f86d/execute/async - {"script":"<script> [776 bytes]","args":[{"enterText":"External Partner WDIO","selector":{"id":"application-managepartners-display-component---NewPartner--addressDetailDetailsName1","interaction":{"idSuffix":"inner"}},"clearTextFirst":true,"interactionType":"ENTER_TEXT"}]}
RESULT: {"script":"<script> [776 bytes]","args":[{"enterText":"External Partner WDIO","selector":{"id":"application-managepartners-display-component---NewPartner--addressDetailDetailsName1","interaction":{"idSuffix":"inner"}},"clearTextFirst":true,"interactionType":"ENTER_TEXT"}]}
COMMAND: POST /session/22675cbf295e23214948e3e385e3f86d/execute/async - {"script":"<script> [1562 bytes]","args":[{"selector":{"id":"application-managepartners-display-component---NewPartner--addressDetailDetailsLanguage-arrow"},"wdio_ui5_key":"applicationmanagepartners-display-component---NewPartner--addressDetailDetailsLanguage-arrow"}]}
RESULT: {"script":"<script> [1562 bytes]","args":[{"selector":{"id":"application-managepartners-display-component---NewPartner--addressDetailDetailsLanguage-arrow"},"wdio_ui5_key":"applicationmanagepartners-display-component---NewPartner--addressDetailDetailsLanguage-arrow"}]}
RESULT: undefined
COMMAND: POST /session/22675cbf295e23214948e3e385e3f86d/element - {"using":"xpath","value":"//*[@id=\"application-managepartners-display-component---NewPartner--addressDetailDetailsLanguage-arrow\"]"}
RESULT: {"using":"xpath","value":"//*[@id=\"application-managepartners-display-component---NewPartner--addressDetailDetailsLanguage-arrow\"]"}
COMMAND: POST /session/22675cbf295e23214948e3e385e3f86d/element/f.24B59690DB8413BEE8D229DFAEDEAD25.d.456B3769A5E8A7D76FCB550BD3186532.e.1510/click - {}
RESULT: {}
COMMAND: POST /session/22675cbf295e23214948e3e385e3f86d/element - {"using":"xpath","value":"//span[contains(text(), \"English\")]"}
COMMAND: GET /session/22675cbf295e23214948e3e385e3f86d/screenshot - {}
RESULT: {"using":"xpath","value":"//span[contains(text(), \"English\")]"}
COMMAND: POST /session/22675cbf295e23214948e3e385e3f86d/element/f.24B59690DB8413BEE8D229DFAEDEAD25.d.456B3769A5E8A7D76FCB550BD3186532.e.1511/click - {}
RESULT: {}
RESULT: {}
COMMAND: GET /session/22675cbf295e23214948e3e385e3f86d/screenshot - {}
RESULT: {}
COMMAND: POST /session/22675cbf295e23214948e3e385e3f86d/execute/async - {"script":"<script> [1562 bytes]","args":[{"selector":{"id":"application-managepartners-display-component---NewPartner--addressDetailDetailsCity1","interaction":{"idSuffix":"inner"}},"wdio_ui5_key":"applicationmanagepartners-display-component---NewPartner--addressDetailDetailsCity1"}]}
RESULT: {"script":"<script> [1562 bytes]","args":[{"selector":{"id":"application-managepartners-display-component---NewPartner--addressDetailDetailsCity1","interaction":{"idSuffix":"inner"}},"wdio_ui5_key":"applicationmanagepartners-display-component---NewPartner--addressDetailDetailsCity1"}]}
RESULT: undefined
COMMAND: POST /session/22675cbf295e23214948e3e385e3f86d/execute/async - {"script":"<script> [776 bytes]","args":[{"enterText":"Rosario","selector":{"id":"application-managepartners-display-component---NewPartner--addressDetailDetailsCity1","interaction":{"idSuffix":"inner"}},"clearTextFirst":true,"interactionType":"ENTER_TEXT"}]}
RESULT: {"script":"<script> [776 bytes]","args":[{"enterText":"Rosario","selector":{"id":"application-managepartners-display-component---NewPartner--addressDetailDetailsCity1","interaction":{"idSuffix":"inner"}},"clearTextFirst":true,"interactionType":"ENTER_TEXT"}]}
COMMAND: POST /session/22675cbf295e23214948e3e385e3f86d/execute/async - {"script":"<script> [1562 bytes]","args":[{"selector":{"id":"application-managepartners-display-component---NewPartner--addressDetailDetailsCountry-arrow"},"wdio_ui5_key":"applicationmanagepartners-display-component---NewPartner--addressDetailDetailsCountry-arrow"}]}
RESULT: {"script":"<script> [1562 bytes]","args":[{"selector":{"id":"application-managepartners-display-component---NewPartner--addressDetailDetailsCountry-arrow"},"wdio_ui5_key":"applicationmanagepartners-display-component---NewPartner--addressDetailDetailsCountry-arrow"}]}
RESULT: undefined
COMMAND: POST /session/22675cbf295e23214948e3e385e3f86d/element - {"using":"xpath","value":"//*[@id=\"application-managepartners-display-component---NewPartner--addressDetailDetailsCountry-arrow\"]"}
RESULT: {"using":"xpath","value":"//*[@id=\"application-managepartners-display-component---NewPartner--addressDetailDetailsCountry-arrow\"]"}
COMMAND: POST /session/22675cbf295e23214948e3e385e3f86d/element/f.24B59690DB8413BEE8D229DFAEDEAD25.d.456B3769A5E8A7D76FCB550BD3186532.e.1499/click - {}
RESULT: {}
COMMAND: POST /session/22675cbf295e23214948e3e385e3f86d/element - {"using":"xpath","value":"//span[contains(text(), \"Argentina\")]"}
COMMAND: GET /session/22675cbf295e23214948e3e385e3f86d/screenshot - {}
RESULT: {"using":"xpath","value":"//span[contains(text(), \"Argentina\")]"}
COMMAND: POST /session/22675cbf295e23214948e3e385e3f86d/element/f.24B59690DB8413BEE8D229DFAEDEAD25.d.456B3769A5E8A7D76FCB550BD3186532.e.1513/click - {}
RESULT: {}
RESULT: {}
COMMAND: GET /session/22675cbf295e23214948e3e385e3f86d/screenshot - {}
RESULT: {}
COMMAND: POST /session/22675cbf295e23214948e3e385e3f86d/element - {"using":"xpath","value":"//bdi[contains(text(), \"Commercial\")]"}
RESULT: {"using":"xpath","value":"//bdi[contains(text(), \"Commercial\")]"}
COMMAND: POST /session/22675cbf295e23214948e3e385e3f86d/element/f.24B59690DB8413BEE8D229DFAEDEAD25.d.456B3769A5E8A7D76FCB550BD3186532.e.1514/click - {}
RESULT: {}
COMMAND: GET /session/22675cbf295e23214948e3e385e3f86d/screenshot - {}
RESULT: {}
COMMAND: POST /session/22675cbf295e23214948e3e385e3f86d/execute/async - {"script":"<script> [1562 bytes]","args":[{"selector":{"id":"application-managepartners-display-component---NewPartner--partnerDetailInternal-arrow"},"wdio_ui5_key":"applicationmanagepartners-display-component---NewPartner--partnerDetailInternal-arrow"}]}
RESULT: {"script":"<script> [1562 bytes]","args":[{"selector":{"id":"application-managepartners-display-component---NewPartner--partnerDetailInternal-arrow"},"wdio_ui5_key":"applicationmanagepartners-display-component---NewPartner--partnerDetailInternal-arrow"}]}
RESULT: undefined
COMMAND: POST /session/22675cbf295e23214948e3e385e3f86d/element - {"using":"xpath","value":"//*[@id=\"application-managepartners-display-component---NewPartner--partnerDetailInternal-arrow\"]"}
RESULT: {"using":"xpath","value":"//*[@id=\"application-managepartners-display-component---NewPartner--partnerDetailInternal-arrow\"]"}
COMMAND: POST /session/22675cbf295e23214948e3e385e3f86d/element/f.24B59690DB8413BEE8D229DFAEDEAD25.d.456B3769A5E8A7D76FCB550BD3186532.e.1522/click - {}
RESULT: {}
COMMAND: POST /session/22675cbf295e23214948e3e385e3f86d/element - {"using":"xpath","value":"//span[contains(text(), \"External partner\")]"}
COMMAND: GET /session/22675cbf295e23214948e3e385e3f86d/screenshot - {}
RESULT: {}
RESULT: {"using":"xpath","value":"//span[contains(text(), \"External partner\")]"}
COMMAND: POST /session/22675cbf295e23214948e3e385e3f86d/element/f.24B59690DB8413BEE8D229DFAEDEAD25.d.456B3769A5E8A7D76FCB550BD3186532.e.1523/click - {}
RESULT: {}
COMMAND: POST /session/22675cbf295e23214948e3e385e3f86d/execute/async - {"script":"<script> [1562 bytes]","args":[{"selector":{"id":"application-managepartners-display-component---NewPartner--partnerDetailsCurrency-arrow"},"wdio_ui5_key":"applicationmanagepartners-display-component---NewPartner--partnerDetailsCurrency-arrow"}]}
COMMAND: GET /session/22675cbf295e23214948e3e385e3f86d/screenshot - {}
RESULT: {"script":"<script> [1562 bytes]","args":[{"selector":{"id":"application-managepartners-display-component---NewPartner--partnerDetailsCurrency-arrow"},"wdio_ui5_key":"applicationmanagepartners-display-component---NewPartner--partnerDetailsCurrency-arrow"}]}
RESULT: undefined
COMMAND: POST /session/22675cbf295e23214948e3e385e3f86d/element - {"using":"xpath","value":"//*[@id=\"application-managepartners-display-component---NewPartner--partnerDetailsCurrency-arrow\"]"}
RESULT: {}
RESULT: {"using":"xpath","value":"//*[@id=\"application-managepartners-display-component---NewPartner--partnerDetailsCurrency-arrow\"]"}
COMMAND: POST /session/22675cbf295e23214948e3e385e3f86d/element/f.24B59690DB8413BEE8D229DFAEDEAD25.d.456B3769A5E8A7D76FCB550BD3186532.e.1528/click - {}
RESULT: {}
COMMAND: POST /session/22675cbf295e23214948e3e385e3f86d/element - {"using":"xpath","value":"//span[contains(text(), \"US Dollar\")]"}
COMMAND: GET /session/22675cbf295e23214948e3e385e3f86d/screenshot - {}
RESULT: {"using":"xpath","value":"//span[contains(text(), \"US Dollar\")]"}
COMMAND: POST /session/22675cbf295e23214948e3e385e3f86d/element/f.24B59690DB8413BEE8D229DFAEDEAD25.d.456B3769A5E8A7D76FCB550BD3186532.e.1529/click - {}
RESULT: {}
RESULT: {}
COMMAND: GET /session/22675cbf295e23214948e3e385e3f86d/screenshot - {}
RESULT: {}
COMMAND: POST /session/22675cbf295e23214948e3e385e3f86d/element - {"using":"xpath","value":"//input[@id=\"application-managepartners-display-component---NewPartner--companyCodeComboBox-inner\"]"}
RESULT: {"using":"xpath","value":"//input[@id=\"application-managepartners-display-component---NewPartner--companyCodeComboBox-inner\"]"}
COMMAND: POST /session/22675cbf295e23214948e3e385e3f86d/element/f.24B59690DB8413BEE8D229DFAEDEAD25.d.456B3769A5E8A7D76FCB550BD3186532.e.1382/clear - {}
RESULT: {}
COMMAND: POST /session/22675cbf295e23214948e3e385e3f86d/element/f.24B59690DB8413BEE8D229DFAEDEAD25.d.456B3769A5E8A7D76FCB550BD3186532.e.1382/value - {"text":"C002"}
COMMAND: GET /session/22675cbf295e23214948e3e385e3f86d/screenshot - {}
RESULT: {"text":"C002"}
COMMAND: GET /session/22675cbf295e23214948e3e385e3f86d/screenshot - {}
RESULT: {}
RESULT: {}
COMMAND: POST /session/22675cbf295e23214948e3e385e3f86d/element - {"using":"xpath","value":"//li[.//span[text()= \"C002\"]]"}
RESULT: {"using":"xpath","value":"//li[.//span[text()= \"C002\"]]"}
COMMAND: POST /session/22675cbf295e23214948e3e385e3f86d/element/f.24B59690DB8413BEE8D229DFAEDEAD25.d.456B3769A5E8A7D76FCB550BD3186532.e.1533/click - {}
RESULT: {}
COMMAND: GET /session/22675cbf295e23214948e3e385e3f86d/screenshot - {}
RESULT: {}
COMMAND: POST /session/22675cbf295e23214948e3e385e3f86d/execute/async - {"script":"<script> [1562 bytes]","args":[{"selector":{"id":"application-managepartners-display-component---NewPartner--btnAddTableRow-img"},"wdio_ui5_key":"applicationmanagepartners-display-component---NewPartner--btnAddTableRow-img"}]}
RESULT: {"script":"<script> [1562 bytes]","args":[{"selector":{"id":"application-managepartners-display-component---NewPartner--btnAddTableRow-img"},"wdio_ui5_key":"applicationmanagepartners-display-component---NewPartner--btnAddTableRow-img"}]}
RESULT: undefined
COMMAND: POST /session/22675cbf295e23214948e3e385e3f86d/element - {"using":"xpath","value":"//*[@id=\"application-managepartners-display-component---NewPartner--btnAddTableRow-img\"]"}
RESULT: {"using":"xpath","value":"//*[@id=\"application-managepartners-display-component---NewPartner--btnAddTableRow-img\"]"}
COMMAND: POST /session/22675cbf295e23214948e3e385e3f86d/element/f.24B59690DB8413BEE8D229DFAEDEAD25.d.456B3769A5E8A7D76FCB550BD3186532.e.1534/click - {}
RESULT: {}
COMMAND: GET /session/22675cbf295e23214948e3e385e3f86d/screenshot - {}
RESULT: {}
COMMAND: POST /session/22675cbf295e23214948e3e385e3f86d/element - {"using":"xpath","value":"//input[@id=\"application-managepartners-display-component---NewPartner--assignmentYard-application-managepartners-display-component---NewPartner--assignmentsTable-0-inner\"]"}
RESULT: {"using":"xpath","value":"//input[@id=\"application-managepartners-display-component---NewPartner--assignmentYard-application-managepartners-display-component---NewPartner--assignmentsTable-0-inner\"]"}
COMMAND: POST /session/22675cbf295e23214948e3e385e3f86d/element/f.24B59690DB8413BEE8D229DFAEDEAD25.d.456B3769A5E8A7D76FCB550BD3186532.e.1537/clear - {}
RESULT: {}
COMMAND: POST /session/22675cbf295e23214948e3e385e3f86d/element/f.24B59690DB8413BEE8D229DFAEDEAD25.d.456B3769A5E8A7D76FCB550BD3186532.e.1537/value - {"text":"506"}
COMMAND: GET /session/22675cbf295e23214948e3e385e3f86d/screenshot - {}
RESULT: {"text":"506"}
COMMAND: GET /session/22675cbf295e23214948e3e385e3f86d/screenshot - {}
RESULT: {}
RESULT: {}
COMMAND: POST /session/22675cbf295e23214948e3e385e3f86d/element - {"using":"xpath","value":"//li[.//span[text()='506']]"}
RESULT: {"using":"xpath","value":"//li[.//span[text()='506']]"}
COMMAND: POST /session/22675cbf295e23214948e3e385e3f86d/element/f.24B59690DB8413BEE8D229DFAEDEAD25.d.456B3769A5E8A7D76FCB550BD3186532.e.1545/click - {}
RESULT: {}
COMMAND: GET /session/22675cbf295e23214948e3e385e3f86d/screenshot - {}
RESULT: {}
COMMAND: POST /session/22675cbf295e23214948e3e385e3f86d/actions - {"actions":[{"id":"action2","type":"key","parameters":{},"actions":[{"type":"keyDown","value":"î€‡"},{"type":"pause","duration":10},{"type":"keyUp","value":"î€‡"}]}]}
RESULT: {"actions":[{"id":"action2","type":"key","parameters":{},"actions":[{"type":"keyDown","value":"î€‡"},{"type":"pause","duration":10},{"type":"keyUp","value":"î€‡"}]}]}
COMMAND: POST /session/22675cbf295e23214948e3e385e3f86d/element - {"using":"xpath","value":"//td[contains(@id, \"assignmentsTable-0-cell2\")]/div/div"}
COMMAND: GET /session/22675cbf295e23214948e3e385e3f86d/screenshot - {}
RESULT: {"using":"xpath","value":"//td[contains(@id, \"assignmentsTable-0-cell2\")]/div/div"}
COMMAND: POST /session/22675cbf295e23214948e3e385e3f86d/element/f.24B59690DB8413BEE8D229DFAEDEAD25.d.456B3769A5E8A7D76FCB550BD3186532.e.1548/click - {}
RESULT: {}
RESULT: {}
COMMAND: GET /session/22675cbf295e23214948e3e385e3f86d/screenshot - {}
RESULT: {}
COMMAND: POST /session/22675cbf295e23214948e3e385e3f86d/element - {"using":"xpath","value":"//button[@data-kt=\"saveButton\"]"}
RESULT: {"using":"xpath","value":"//button[@data-kt=\"saveButton\"]"}
COMMAND: POST /session/22675cbf295e23214948e3e385e3f86d/element/f.24B59690DB8413BEE8D229DFAEDEAD25.d.456B3769A5E8A7D76FCB550BD3186532.e.1391/click - {}
RESULT: {}
COMMAND: GET /session/22675cbf295e23214948e3e385e3f86d/screenshot - {}
RESULT: {}
COMMAND: POST /session/22675cbf295e23214948e3e385e3f86d/element - {"using":"xpath","value":"//header[contains(@id, 'ObjectPageLayout-headerTitle')]/div[1]/div[2]/div[2]/span[1]"}
RESULT: {"using":"xpath","value":"//header[contains(@id, 'ObjectPageLayout-headerTitle')]/div[1]/div[2]/div[2]/span[1]"}
COMMAND: POST /session/22675cbf295e23214948e3e385e3f86d/elements - {"using":"xpath","value":"//header[contains(@id, 'ObjectPageLayout-headerTitle')]/div[1]/div[2]/div[2]/span[1]"}
RESULT: {"using":"xpath","value":"//header[contains(@id, 'ObjectPageLayout-headerTitle')]/div[1]/div[2]/div[2]/span[1]"}
COMMAND: POST /session/22675cbf295e23214948e3e385e3f86d/execute/sync - {"script":"<script> [56 bytes]","args":[{"element-6066-11e4-a52e-4f735466cecf":"f.24B59690DB8413BEE8D229DFAEDEAD25.d.456B3769A5E8A7D76FCB550BD3186532.e.1713","ELEMENT":"f.24B59690DB8413BEE8D229DFAEDEAD25.d.456B3769A5E8A7D76FCB550BD3186532.e.1713"}]}
RESULT: {"script":"<script> [56 bytes]","args":[{"element-6066-11e4-a52e-4f735466cecf":"f.24B59690DB8413BEE8D229DFAEDEAD25.d.456B3769A5E8A7D76FCB550BD3186532.e.1713","ELEMENT":"f.24B59690DB8413BEE8D229DFAEDEAD25.d.456B3769A5E8A7D76FCB550BD3186532.e.1713"}]}
COMMAND: POST /session/22675cbf295e23214948e3e385e3f86d/element - {"using":"css selector","value":"#shell-header-logo"}
COMMAND: GET /session/22675cbf295e23214948e3e385e3f86d/screenshot - {}
RESULT: {"using":"css selector","value":"#shell-header-logo"}
COMMAND: POST /session/22675cbf295e23214948e3e385e3f86d/element/f.24B59690DB8413BEE8D229DFAEDEAD25.d.456B3769A5E8A7D76FCB550BD3186532.e.1020/click - {}
RESULT: {}
RESULT: {}
COMMAND: GET /session/22675cbf295e23214948e3e385e3f86d/screenshot - {}
RESULT: {}
COMMAND: POST /session/22675cbf295e23214948e3e385e3f86d/execute/sync - {"script":"<script> [299 bytes]","args":[["getModel","getResource"]]}
RESULT: {"script":"<script> [299 bytes]","args":[["getModel","getResource"]]}
]]></system-out>
    </testcase>
    <testcase classname="chrome.136_0_7103_93.windows.Partner_specific_tests_US150819_US151080_US151654_US151176_US103444_US151078_US151079_US151109_US151174_US151175_US151189" name="Should filter and search partners US151080" time="108.631">
      <system-out><![CDATA[
COMMAND: GET /session/22675cbf295e23214948e3e385e3f86d/screenshot - {}
COMMAND: POST /session/22675cbf295e23214948e3e385e3f86d/element - {"using":"xpath","value":"//li[.//span[text()=\"Manage Partners\"]]"}
RESULT: {}
RESULT: {"using":"xpath","value":"//li[.//span[text()=\"Manage Partners\"]]"}
COMMAND: POST /session/22675cbf295e23214948e3e385e3f86d/element - {"using":"xpath","value":"//li[.//span[text()=\"Manage Partners\"]]"}
RESULT: {"using":"xpath","value":"//li[.//span[text()=\"Manage Partners\"]]"}
COMMAND: POST /session/22675cbf295e23214948e3e385e3f86d/element - {"using":"css selector","value":"#shell-header-logo"}
RESULT: {"using":"css selector","value":"#shell-header-logo"}
COMMAND: POST /session/22675cbf295e23214948e3e385e3f86d/element/f.24B59690DB8413BEE8D229DFAEDEAD25.d.456B3769A5E8A7D76FCB550BD3186532.e.1715/click - {}
COMMAND: POST /session/22675cbf295e23214948e3e385e3f86d/execute/sync - {"script":"<script> [8489 bytes]","args":[{"element-6066-11e4-a52e-4f735466cecf":"f.24B59690DB8413BEE8D229DFAEDEAD25.d.456B3769A5E8A7D76FCB550BD3186532.e.1715","ELEMENT":"f.24B59690DB8413BEE8D229DFAEDEAD25.d.456B3769A5E8A7D76FCB550BD3186532.e.1715"}]}
RESULT: {}
COMMAND: GET /session/22675cbf295e23214948e3e385e3f86d/screenshot - {}
RESULT: {"script":"<script> [8489 bytes]","args":[{"element-6066-11e4-a52e-4f735466cecf":"f.24B59690DB8413BEE8D229DFAEDEAD25.d.456B3769A5E8A7D76FCB550BD3186532.e.1715","ELEMENT":"f.24B59690DB8413BEE8D229DFAEDEAD25.d.456B3769A5E8A7D76FCB550BD3186532.e.1715"}]}
COMMAND: POST /session/22675cbf295e23214948e3e385e3f86d/execute/sync - {"script":"<script> [5351 bytes]","args":[{"element-6066-11e4-a52e-4f735466cecf":"f.24B59690DB8413BEE8D229DFAEDEAD25.d.456B3769A5E8A7D76FCB550BD3186532.e.1715","ELEMENT":"f.24B59690DB8413BEE8D229DFAEDEAD25.d.456B3769A5E8A7D76FCB550BD3186532.e.1715"}]}
COMMAND: GET /session/22675cbf295e23214948e3e385e3f86d/screenshot - {}
RESULT: {}
RESULT: {"script":"<script> [5351 bytes]","args":[{"element-6066-11e4-a52e-4f735466cecf":"f.24B59690DB8413BEE8D229DFAEDEAD25.d.456B3769A5E8A7D76FCB550BD3186532.e.1715","ELEMENT":"f.24B59690DB8413BEE8D229DFAEDEAD25.d.456B3769A5E8A7D76FCB550BD3186532.e.1715"}]}
COMMAND: GET /session/22675cbf295e23214948e3e385e3f86d/screenshot - {}
RESULT: {}
RESULT: {}
RESULT: undefined
COMMAND: POST /session/22675cbf295e23214948e3e385e3f86d/element - {"using":"xpath","value":"//*[@id=\"__tile38\"]"}
RESULT: {"using":"xpath","value":"//*[@id=\"__tile38\"]"}
COMMAND: POST /session/22675cbf295e23214948e3e385e3f86d/element/f.24B59690DB8413BEE8D229DFAEDEAD25.d.456B3769A5E8A7D76FCB550BD3186532.e.156/click - {}
RESULT: {}
COMMAND: GET /session/22675cbf295e23214948e3e385e3f86d/screenshot - {}
RESULT: {}
COMMAND: POST /session/22675cbf295e23214948e3e385e3f86d/elements - {"using":"xpath","value":"//span[text()='Error']"}
RESULT: {"using":"xpath","value":"//span[text()='Error']"}
COMMAND: POST /session/22675cbf295e23214948e3e385e3f86d/element - {"using":"xpath","value":"//button[@data-kt=\"addButton\"]"}
RESULT: {"using":"xpath","value":"//button[@data-kt=\"addButton\"]"}
COMMAND: POST /session/22675cbf295e23214948e3e385e3f86d/elements - {"using":"xpath","value":"//button[@data-kt=\"addButton\"]"}
RESULT: {"using":"xpath","value":"//button[@data-kt=\"addButton\"]"}
COMMAND: POST /session/22675cbf295e23214948e3e385e3f86d/execute/sync - {"script":"<script> [8489 bytes]","args":[{"element-6066-11e4-a52e-4f735466cecf":"f.24B59690DB8413BEE8D229DFAEDEAD25.d.456B3769A5E8A7D76FCB550BD3186532.e.1761","ELEMENT":"f.24B59690DB8413BEE8D229DFAEDEAD25.d.456B3769A5E8A7D76FCB550BD3186532.e.1761"}]}
RESULT: {"script":"<script> [8489 bytes]","args":[{"element-6066-11e4-a52e-4f735466cecf":"f.24B59690DB8413BEE8D229DFAEDEAD25.d.456B3769A5E8A7D76FCB550BD3186532.e.1761","ELEMENT":"f.24B59690DB8413BEE8D229DFAEDEAD25.d.456B3769A5E8A7D76FCB550BD3186532.e.1761"}]}
COMMAND: GET /session/22675cbf295e23214948e3e385e3f86d/element/f.24B59690DB8413BEE8D229DFAEDEAD25.d.456B3769A5E8A7D76FCB550BD3186532.e.1761/enabled - {}
COMMAND: GET /session/22675cbf295e23214948e3e385e3f86d/screenshot - {}
RESULT: {}
COMMAND: POST /session/22675cbf295e23214948e3e385e3f86d/execute/sync - {"script":"<script> [8489 bytes]","args":[{"element-6066-11e4-a52e-4f735466cecf":"f.24B59690DB8413BEE8D229DFAEDEAD25.d.456B3769A5E8A7D76FCB550BD3186532.e.1761","ELEMENT":"f.24B59690DB8413BEE8D229DFAEDEAD25.d.456B3769A5E8A7D76FCB550BD3186532.e.1761"}]}
COMMAND: GET /session/22675cbf295e23214948e3e385e3f86d/screenshot - {}
RESULT: {}
RESULT: {"script":"<script> [8489 bytes]","args":[{"element-6066-11e4-a52e-4f735466cecf":"f.24B59690DB8413BEE8D229DFAEDEAD25.d.456B3769A5E8A7D76FCB550BD3186532.e.1761","ELEMENT":"f.24B59690DB8413BEE8D229DFAEDEAD25.d.456B3769A5E8A7D76FCB550BD3186532.e.1761"}]}
COMMAND: POST /session/22675cbf295e23214948e3e385e3f86d/execute/sync - {"script":"<script> [5351 bytes]","args":[{"element-6066-11e4-a52e-4f735466cecf":"f.24B59690DB8413BEE8D229DFAEDEAD25.d.456B3769A5E8A7D76FCB550BD3186532.e.1761","ELEMENT":"f.24B59690DB8413BEE8D229DFAEDEAD25.d.456B3769A5E8A7D76FCB550BD3186532.e.1761"}]}
COMMAND: GET /session/22675cbf295e23214948e3e385e3f86d/screenshot - {}
RESULT: {}
RESULT: {"script":"<script> [5351 bytes]","args":[{"element-6066-11e4-a52e-4f735466cecf":"f.24B59690DB8413BEE8D229DFAEDEAD25.d.456B3769A5E8A7D76FCB550BD3186532.e.1761","ELEMENT":"f.24B59690DB8413BEE8D229DFAEDEAD25.d.456B3769A5E8A7D76FCB550BD3186532.e.1761"}]}
COMMAND: GET /session/22675cbf295e23214948e3e385e3f86d/screenshot - {}
RESULT: {}
RESULT: {}
COMMAND: POST /session/22675cbf295e23214948e3e385e3f86d/execute/async - {"script":"<script> [1562 bytes]","args":[{"selector":{"id":"application-managepartners-display-component---masterPtm--smartTable-btnPersonalisation-img"},"wdio_ui5_key":"applicationmanagepartners-display-component---masterPtm--smartTable-btnPersonalisation-img"}]}
RESULT: {"script":"<script> [1562 bytes]","args":[{"selector":{"id":"application-managepartners-display-component---masterPtm--smartTable-btnPersonalisation-img"},"wdio_ui5_key":"applicationmanagepartners-display-component---masterPtm--smartTable-btnPersonalisation-img"}]}
RESULT: undefined
COMMAND: POST /session/22675cbf295e23214948e3e385e3f86d/element - {"using":"xpath","value":"//*[@id=\"application-managepartners-display-component---masterPtm--smartTable-btnPersonalisation-img\"]"}
RESULT: {"using":"xpath","value":"//*[@id=\"application-managepartners-display-component---masterPtm--smartTable-btnPersonalisation-img\"]"}
COMMAND: POST /session/22675cbf295e23214948e3e385e3f86d/element/f.24B59690DB8413BEE8D229DFAEDEAD25.d.456B3769A5E8A7D76FCB550BD3186532.e.1766/click - {}
RESULT: {}
COMMAND: GET /session/22675cbf295e23214948e3e385e3f86d/screenshot - {}
RESULT: {}
COMMAND: POST /session/22675cbf295e23214948e3e385e3f86d/execute/async - {"script":"<script> [1562 bytes]","args":[{"selector":{"controlType":"sap.m.IconTabFilter","viewName":"etm.portal.ui.managepartners.view.Master","viewId":"application-managepartners-display-component---masterPtm","properties":{"text":"Sort"},"searchOpenDialogs":true,"interaction":{"idSuffix":"text"}},"wdio_ui5_key":"etmportal.ui.managepartners.view.Mastersap.m.IconTabFilter{\"text\":\"Sort\"}"}]}
RESULT: {"script":"<script> [1562 bytes]","args":[{"selector":{"controlType":"sap.m.IconTabFilter","viewName":"etm.portal.ui.managepartners.view.Master","viewId":"application-managepartners-display-component---masterPtm","properties":{"text":"Sort"},"searchOpenDialogs":true,"interaction":{"idSuffix":"text"}},"wdio_ui5_key":"etmportal.ui.managepartners.view.Mastersap.m.IconTabFilter{\"text\":\"Sort\"}"}]}
RESULT: undefined
COMMAND: POST /session/22675cbf295e23214948e3e385e3f86d/element - {"using":"xpath","value":"//*[@id=\"__filter1\"]"}
RESULT: {"using":"xpath","value":"//*[@id=\"__filter1\"]"}
COMMAND: POST /session/22675cbf295e23214948e3e385e3f86d/element/f.24B59690DB8413BEE8D229DFAEDEAD25.d.456B3769A5E8A7D76FCB550BD3186532.e.1906/click - {}
RESULT: {}
COMMAND: GET /session/22675cbf295e23214948e3e385e3f86d/screenshot - {}
RESULT: {}
COMMAND: POST /session/22675cbf295e23214948e3e385e3f86d/element - {"using":"xpath","value":"//input[@placeholder=\"Sort by\"]/following-sibling::div//span"}
RESULT: {"using":"xpath","value":"//input[@placeholder=\"Sort by\"]/following-sibling::div//span"}
COMMAND: POST /session/22675cbf295e23214948e3e385e3f86d/element/f.24B59690DB8413BEE8D229DFAEDEAD25.d.456B3769A5E8A7D76FCB550BD3186532.e.1908/click - {}
RESULT: {}
COMMAND: GET /session/22675cbf295e23214948e3e385e3f86d/screenshot - {}
RESULT: {}
COMMAND: POST /session/22675cbf295e23214948e3e385e3f86d/element - {"using":"xpath","value":"//li[.//span[text()=\"Language\"]]"}
RESULT: {"using":"xpath","value":"//li[.//span[text()=\"Language\"]]"}
COMMAND: POST /session/22675cbf295e23214948e3e385e3f86d/element/f.24B59690DB8413BEE8D229DFAEDEAD25.d.456B3769A5E8A7D76FCB550BD3186532.e.1909/click - {}
RESULT: {}
COMMAND: GET /session/22675cbf295e23214948e3e385e3f86d/screenshot - {}
RESULT: {}
COMMAND: POST /session/22675cbf295e23214948e3e385e3f86d/element - {"using":"xpath","value":"//bdi[contains(text(), \"OK\")]"}
RESULT: {"using":"xpath","value":"//bdi[contains(text(), \"OK\")]"}
COMMAND: POST /session/22675cbf295e23214948e3e385e3f86d/element/f.24B59690DB8413BEE8D229DFAEDEAD25.d.456B3769A5E8A7D76FCB550BD3186532.e.1913/click - {}
RESULT: {}
COMMAND: GET /session/22675cbf295e23214948e3e385e3f86d/screenshot - {}
RESULT: {}
COMMAND: POST /session/22675cbf295e23214948e3e385e3f86d/element - {"using":"xpath","value":"//table[contains(@id, \"customPartnersTable\")]//tbody/tr[1]/td[3]/span"}
RESULT: {"using":"xpath","value":"//table[contains(@id, \"customPartnersTable\")]//tbody/tr[1]/td[3]/span"}
COMMAND: POST /session/22675cbf295e23214948e3e385e3f86d/execute/sync - {"script":"<script> [56 bytes]","args":[{"element-6066-11e4-a52e-4f735466cecf":"f.24B59690DB8413BEE8D229DFAEDEAD25.d.456B3769A5E8A7D76FCB550BD3186532.e.2032","ELEMENT":"f.24B59690DB8413BEE8D229DFAEDEAD25.d.456B3769A5E8A7D76FCB550BD3186532.e.2032"}]}
RESULT: {"script":"<script> [56 bytes]","args":[{"element-6066-11e4-a52e-4f735466cecf":"f.24B59690DB8413BEE8D229DFAEDEAD25.d.456B3769A5E8A7D76FCB550BD3186532.e.2032","ELEMENT":"f.24B59690DB8413BEE8D229DFAEDEAD25.d.456B3769A5E8A7D76FCB550BD3186532.e.2032"}]}
RESULT: undefined
COMMAND: POST /session/22675cbf295e23214948e3e385e3f86d/element - {"using":"xpath","value":"//*[@id=\"application-managepartners-display-component---masterPtm--smartTable-btnPersonalisation-img\"]"}
COMMAND: GET /session/22675cbf295e23214948e3e385e3f86d/screenshot - {}
RESULT: {"using":"xpath","value":"//*[@id=\"application-managepartners-display-component---masterPtm--smartTable-btnPersonalisation-img\"]"}
COMMAND: POST /session/22675cbf295e23214948e3e385e3f86d/element/f.24B59690DB8413BEE8D229DFAEDEAD25.d.456B3769A5E8A7D76FCB550BD3186532.e.1766/click - {}
RESULT: {}
RESULT: {}
COMMAND: GET /session/22675cbf295e23214948e3e385e3f86d/screenshot - {}
RESULT: {}
COMMAND: POST /session/22675cbf295e23214948e3e385e3f86d/element - {"using":"xpath","value":"//bdi[contains(text(), \"Reset\")]"}
RESULT: {"using":"xpath","value":"//bdi[contains(text(), \"Reset\")]"}
COMMAND: POST /session/22675cbf295e23214948e3e385e3f86d/element/f.24B59690DB8413BEE8D229DFAEDEAD25.d.456B3769A5E8A7D76FCB550BD3186532.e.2040/click - {}
RESULT: {}
COMMAND: GET /session/22675cbf295e23214948e3e385e3f86d/screenshot - {}
RESULT: {}
COMMAND: POST /session/22675cbf295e23214948e3e385e3f86d/element - {"using":"xpath","value":"(//bdi[contains(text(), \"OK\")])[2]"}
RESULT: {"using":"xpath","value":"(//bdi[contains(text(), \"OK\")])[2]"}
COMMAND: POST /session/22675cbf295e23214948e3e385e3f86d/element/f.24B59690DB8413BEE8D229DFAEDEAD25.d.456B3769A5E8A7D76FCB550BD3186532.e.2042/click - {}
RESULT: {}
COMMAND: GET /session/22675cbf295e23214948e3e385e3f86d/screenshot - {}
COMMAND: POST /session/22675cbf295e23214948e3e385e3f86d/element - {"using":"xpath","value":"//bdi[contains(text(), \"OK\")]"}
RESULT: {}
RESULT: {"using":"xpath","value":"//bdi[contains(text(), \"OK\")]"}
COMMAND: POST /session/22675cbf295e23214948e3e385e3f86d/element/f.24B59690DB8413BEE8D229DFAEDEAD25.d.456B3769A5E8A7D76FCB550BD3186532.e.2047/click - {}
RESULT: {}
COMMAND: GET /session/22675cbf295e23214948e3e385e3f86d/screenshot - {}
RESULT: {}
COMMAND: POST /session/22675cbf295e23214948e3e385e3f86d/element - {"using":"xpath","value":"//table[contains(@id, \"customPartnersTable\")]//tbody/tr[1]/td[3]/span"}
RESULT: {"using":"xpath","value":"//table[contains(@id, \"customPartnersTable\")]//tbody/tr[1]/td[3]/span"}
COMMAND: POST /session/22675cbf295e23214948e3e385e3f86d/execute/sync - {"script":"<script> [56 bytes]","args":[{"element-6066-11e4-a52e-4f735466cecf":"f.24B59690DB8413BEE8D229DFAEDEAD25.d.456B3769A5E8A7D76FCB550BD3186532.e.2092","ELEMENT":"f.24B59690DB8413BEE8D229DFAEDEAD25.d.456B3769A5E8A7D76FCB550BD3186532.e.2092"}]}
RESULT: {"script":"<script> [56 bytes]","args":[{"element-6066-11e4-a52e-4f735466cecf":"f.24B59690DB8413BEE8D229DFAEDEAD25.d.456B3769A5E8A7D76FCB550BD3186532.e.2092","ELEMENT":"f.24B59690DB8413BEE8D229DFAEDEAD25.d.456B3769A5E8A7D76FCB550BD3186532.e.2092"}]}
RESULT: undefined
COMMAND: POST /session/22675cbf295e23214948e3e385e3f86d/element - {"using":"xpath","value":"//*[@id=\"application-managepartners-display-component---masterPtm--smartTable-btnPersonalisation-img\"]"}
COMMAND: GET /session/22675cbf295e23214948e3e385e3f86d/screenshot - {}
RESULT: {"using":"xpath","value":"//*[@id=\"application-managepartners-display-component---masterPtm--smartTable-btnPersonalisation-img\"]"}
COMMAND: POST /session/22675cbf295e23214948e3e385e3f86d/element/f.24B59690DB8413BEE8D229DFAEDEAD25.d.456B3769A5E8A7D76FCB550BD3186532.e.1766/click - {}
RESULT: {}
RESULT: {}
COMMAND: GET /session/22675cbf295e23214948e3e385e3f86d/screenshot - {}
RESULT: {}
COMMAND: POST /session/22675cbf295e23214948e3e385e3f86d/execute/async - {"script":"<script> [1562 bytes]","args":[{"selector":{"controlType":"sap.m.IconTabFilter","viewName":"etm.portal.ui.managepartners.view.Master","viewId":"application-managepartners-display-component---masterPtm","properties":{"text":"Filter"},"searchOpenDialogs":true,"interaction":{"idSuffix":"text"}},"wdio_ui5_key":"etmportal.ui.managepartners.view.Mastersap.m.IconTabFilter{\"text\":\"Filter\"}"}]}
RESULT: {"script":"<script> [1562 bytes]","args":[{"selector":{"controlType":"sap.m.IconTabFilter","viewName":"etm.portal.ui.managepartners.view.Master","viewId":"application-managepartners-display-component---masterPtm","properties":{"text":"Filter"},"searchOpenDialogs":true,"interaction":{"idSuffix":"text"}},"wdio_ui5_key":"etmportal.ui.managepartners.view.Mastersap.m.IconTabFilter{\"text\":\"Filter\"}"}]}
RESULT: undefined
COMMAND: POST /session/22675cbf295e23214948e3e385e3f86d/element - {"using":"xpath","value":"//*[@id=\"__filter10\"]"}
RESULT: {"using":"xpath","value":"//*[@id=\"__filter10\"]"}
COMMAND: POST /session/22675cbf295e23214948e3e385e3f86d/element/f.24B59690DB8413BEE8D229DFAEDEAD25.d.456B3769A5E8A7D76FCB550BD3186532.e.2097/click - {}
RESULT: {}
COMMAND: GET /session/22675cbf295e23214948e3e385e3f86d/screenshot - {}
RESULT: {}
COMMAND: POST /session/22675cbf295e23214948e3e385e3f86d/element - {"using":"xpath","value":"//input[@placeholder=\"Filter by\"]/following-sibling::div//span"}
RESULT: {"using":"xpath","value":"//input[@placeholder=\"Filter by\"]/following-sibling::div//span"}
COMMAND: POST /session/22675cbf295e23214948e3e385e3f86d/element/f.24B59690DB8413BEE8D229DFAEDEAD25.d.456B3769A5E8A7D76FCB550BD3186532.e.2099/click - {}
RESULT: {}
COMMAND: GET /session/22675cbf295e23214948e3e385e3f86d/screenshot - {}
RESULT: {}
COMMAND: POST /session/22675cbf295e23214948e3e385e3f86d/element - {"using":"xpath","value":"//li[.//span[text()=\"Preferred Yard\"]]"}
RESULT: {"using":"xpath","value":"//li[.//span[text()=\"Preferred Yard\"]]"}
COMMAND: POST /session/22675cbf295e23214948e3e385e3f86d/element/f.24B59690DB8413BEE8D229DFAEDEAD25.d.456B3769A5E8A7D76FCB550BD3186532.e.2100/click - {}
RESULT: {}
COMMAND: GET /session/22675cbf295e23214948e3e385e3f86d/screenshot - {}
RESULT: {}
COMMAND: POST /session/22675cbf295e23214948e3e385e3f86d/execute/async - {"script":"<script> [1562 bytes]","args":[{"selector":{"id":"FilterPanel-filterItemControl_BASIC-application-managepartners-display-component---masterPtm--smartTable-YARDYARD-vhi","searchOpenDialogs":true},"wdio_ui5_key":"FilterPanelfilterItemControl_BASIC-application-managepartners-display-component---masterPtm--smartTable-YARDYARD-vhi"}]}
RESULT: {"script":"<script> [1562 bytes]","args":[{"selector":{"id":"FilterPanel-filterItemControl_BASIC-application-managepartners-display-component---masterPtm--smartTable-YARDYARD-vhi","searchOpenDialogs":true},"wdio_ui5_key":"FilterPanelfilterItemControl_BASIC-application-managepartners-display-component---masterPtm--smartTable-YARDYARD-vhi"}]}
RESULT: undefined
COMMAND: POST /session/22675cbf295e23214948e3e385e3f86d/element - {"using":"xpath","value":"//*[@id=\"FilterPanel-filterItemControl_BASIC-application-managepartners-display-component---masterPtm--smartTable-YARDYARD-vhi\"]"}
RESULT: {"using":"xpath","value":"//*[@id=\"FilterPanel-filterItemControl_BASIC-application-managepartners-display-component---masterPtm--smartTable-YARDYARD-vhi\"]"}
COMMAND: POST /session/22675cbf295e23214948e3e385e3f86d/element/f.24B59690DB8413BEE8D229DFAEDEAD25.d.456B3769A5E8A7D76FCB550BD3186532.e.2103/click - {}
RESULT: {}
COMMAND: GET /session/22675cbf295e23214948e3e385e3f86d/screenshot - {}
RESULT: {}
COMMAND: POST /session/22675cbf295e23214948e3e385e3f86d/execute/async - {"script":"<script> [1562 bytes]","args":[{"selector":{"id":"FilterPanel-filterItemControl_BASIC-application-managepartners-display-component---masterPtm--smartTable-YARDYARD-valueHelpDialog-smartFilterBar-btnBasicSearch","searchOpenDialogs":true,"interaction":{"idSuffix":"I"}},"wdio_ui5_key":"FilterPanelfilterItemControl_BASIC-application-managepartners-display-component---masterPtm--smartTable-YARDYARD-valueHelpDialog-smartFilterBar-btnBasicSearch"}]}
RESULT: {"script":"<script> [1562 bytes]","args":[{"selector":{"id":"FilterPanel-filterItemControl_BASIC-application-managepartners-display-component---masterPtm--smartTable-YARDYARD-valueHelpDialog-smartFilterBar-btnBasicSearch","searchOpenDialogs":true,"interaction":{"idSuffix":"I"}},"wdio_ui5_key":"FilterPanelfilterItemControl_BASIC-application-managepartners-display-component---masterPtm--smartTable-YARDYARD-valueHelpDialog-smartFilterBar-btnBasicSearch"}]}
RESULT: undefined
COMMAND: POST /session/22675cbf295e23214948e3e385e3f86d/execute/async - {"script":"<script> [776 bytes]","args":[{"enterText":"506","selector":{"id":"FilterPanel-filterItemControl_BASIC-application-managepartners-display-component---masterPtm--smartTable-YARDYARD-valueHelpDialog-smartFilterBar-btnBasicSearch","searchOpenDialogs":true,"interaction":{"idSuffix":"I"}},"clearTextFirst":true,"interactionType":"ENTER_TEXT"}]}
RESULT: {"script":"<script> [776 bytes]","args":[{"enterText":"506","selector":{"id":"FilterPanel-filterItemControl_BASIC-application-managepartners-display-component---masterPtm--smartTable-YARDYARD-valueHelpDialog-smartFilterBar-btnBasicSearch","searchOpenDialogs":true,"interaction":{"idSuffix":"I"}},"clearTextFirst":true,"interactionType":"ENTER_TEXT"}]}
COMMAND: POST /session/22675cbf295e23214948e3e385e3f86d/actions - {"actions":[{"id":"action3","type":"key","parameters":{},"actions":[{"type":"keyDown","value":"î€‡"},{"type":"pause","duration":10},{"type":"keyUp","value":"î€‡"}]}]}
RESULT: {"actions":[{"id":"action3","type":"key","parameters":{},"actions":[{"type":"keyDown","value":"î€‡"},{"type":"pause","duration":10},{"type":"keyUp","value":"î€‡"}]}]}
COMMAND: GET /session/22675cbf295e23214948e3e385e3f86d/screenshot - {}
RESULT: {}
COMMAND: POST /session/22675cbf295e23214948e3e385e3f86d/elements - {"using":"xpath","value":"//table[contains(@id, \"smartTable-YARDYARD-valueHelpDialog-table-table\")]/tbody/tr"}
RESULT: {"using":"xpath","value":"//table[contains(@id, \"smartTable-YARDYARD-valueHelpDialog-table-table\")]/tbody/tr"}
COMMAND: POST /session/22675cbf295e23214948e3e385e3f86d/element - {"using":"xpath","value":"//table[contains(@id, \"smartTable-YARDYARD-valueHelpDialog-table-table\")]/tbody/tr[1]/td[1]/div/span"}
RESULT: {"using":"xpath","value":"//table[contains(@id, \"smartTable-YARDYARD-valueHelpDialog-table-table\")]/tbody/tr[1]/td[1]/div/span"}
COMMAND: POST /session/22675cbf295e23214948e3e385e3f86d/elements - {"using":"xpath","value":"//table[contains(@id, \"smartTable-YARDYARD-valueHelpDialog-table-table\")]/tbody/tr[1]/td[1]/div/span"}
RESULT: {"using":"xpath","value":"//table[contains(@id, \"smartTable-YARDYARD-valueHelpDialog-table-table\")]/tbody/tr[1]/td[1]/div/span"}
COMMAND: POST /session/22675cbf295e23214948e3e385e3f86d/execute/sync - {"script":"<script> [56 bytes]","args":[{"element-6066-11e4-a52e-4f735466cecf":"f.24B59690DB8413BEE8D229DFAEDEAD25.d.456B3769A5E8A7D76FCB550BD3186532.e.2123","ELEMENT":"f.24B59690DB8413BEE8D229DFAEDEAD25.d.456B3769A5E8A7D76FCB550BD3186532.e.2123"}]}
RESULT: {"script":"<script> [56 bytes]","args":[{"element-6066-11e4-a52e-4f735466cecf":"f.24B59690DB8413BEE8D229DFAEDEAD25.d.456B3769A5E8A7D76FCB550BD3186532.e.2123","ELEMENT":"f.24B59690DB8413BEE8D229DFAEDEAD25.d.456B3769A5E8A7D76FCB550BD3186532.e.2123"}]}
COMMAND: POST /session/22675cbf295e23214948e3e385e3f86d/element - {"using":"xpath","value":"//div[contains(@id, \"YARDYARD-valueHelpDialog-table-rowsel0\")]"}
COMMAND: GET /session/22675cbf295e23214948e3e385e3f86d/screenshot - {}
RESULT: {"using":"xpath","value":"//div[contains(@id, \"YARDYARD-valueHelpDialog-table-rowsel0\")]"}
COMMAND: POST /session/22675cbf295e23214948e3e385e3f86d/element/f.24B59690DB8413BEE8D229DFAEDEAD25.d.456B3769A5E8A7D76FCB550BD3186532.e.2124/click - {}
RESULT: {}
RESULT: {}
COMMAND: GET /session/22675cbf295e23214948e3e385e3f86d/screenshot - {}
RESULT: {}
COMMAND: POST /session/22675cbf295e23214948e3e385e3f86d/element - {"using":"xpath","value":"(//bdi[contains(text(), \"OK\")])[2]"}
RESULT: {"using":"xpath","value":"(//bdi[contains(text(), \"OK\")])[2]"}
COMMAND: POST /session/22675cbf295e23214948e3e385e3f86d/element/f.24B59690DB8413BEE8D229DFAEDEAD25.d.456B3769A5E8A7D76FCB550BD3186532.e.2126/click - {}
RESULT: {}
COMMAND: GET /session/22675cbf295e23214948e3e385e3f86d/screenshot - {}
RESULT: {}
COMMAND: POST /session/22675cbf295e23214948e3e385e3f86d/element - {"using":"xpath","value":"//bdi[contains(text(), \"OK\")]"}
RESULT: {"using":"xpath","value":"//bdi[contains(text(), \"OK\")]"}
COMMAND: POST /session/22675cbf295e23214948e3e385e3f86d/element/f.24B59690DB8413BEE8D229DFAEDEAD25.d.456B3769A5E8A7D76FCB550BD3186532.e.2129/click - {}
RESULT: {}
COMMAND: GET /session/22675cbf295e23214948e3e385e3f86d/screenshot - {}
RESULT: {}
COMMAND: POST /session/22675cbf295e23214948e3e385e3f86d/element - {"using":"xpath","value":"//table[contains(@id, \"customPartnersTable\")]//tbody/tr[1]/td[3]/span"}
RESULT: {"using":"xpath","value":"//table[contains(@id, \"customPartnersTable\")]//tbody/tr[1]/td[3]/span"}
COMMAND: POST /session/22675cbf295e23214948e3e385e3f86d/execute/sync - {"script":"<script> [56 bytes]","args":[{"element-6066-11e4-a52e-4f735466cecf":"f.24B59690DB8413BEE8D229DFAEDEAD25.d.456B3769A5E8A7D76FCB550BD3186532.e.2092","ELEMENT":"f.24B59690DB8413BEE8D229DFAEDEAD25.d.456B3769A5E8A7D76FCB550BD3186532.e.2092"}]}
RESULT: {"script":"<script> [56 bytes]","args":[{"element-6066-11e4-a52e-4f735466cecf":"f.24B59690DB8413BEE8D229DFAEDEAD25.d.456B3769A5E8A7D76FCB550BD3186532.e.2092","ELEMENT":"f.24B59690DB8413BEE8D229DFAEDEAD25.d.456B3769A5E8A7D76FCB550BD3186532.e.2092"}]}
COMMAND: POST /session/22675cbf295e23214948e3e385e3f86d/element - {"using":"css selector","value":"#shell-header-logo"}
COMMAND: GET /session/22675cbf295e23214948e3e385e3f86d/screenshot - {}
RESULT: {"using":"css selector","value":"#shell-header-logo"}
COMMAND: POST /session/22675cbf295e23214948e3e385e3f86d/element/f.24B59690DB8413BEE8D229DFAEDEAD25.d.456B3769A5E8A7D76FCB550BD3186532.e.1715/click - {}
RESULT: {}
RESULT: {}
COMMAND: GET /session/22675cbf295e23214948e3e385e3f86d/screenshot - {}
RESULT: {}
]]></system-out>
    </testcase>
    <testcase classname="chrome.136_0_7103_93.windows.Partner_specific_tests_US150819_US151080_US151654_US151176_US103444_US151078_US151079_US151109_US151174_US151175_US151189" name="Should deactivate the created partner in earlier step US151654" time="61.814">
      <system-out><![CDATA[
COMMAND: POST /session/22675cbf295e23214948e3e385e3f86d/element - {"using":"xpath","value":"//li[.//span[text()=\"Manage Partners\"]]"}
RESULT: {"using":"xpath","value":"//li[.//span[text()=\"Manage Partners\"]]"}
COMMAND: POST /session/22675cbf295e23214948e3e385e3f86d/element - {"using":"xpath","value":"//li[.//span[text()=\"Manage Partners\"]]"}
RESULT: {"using":"xpath","value":"//li[.//span[text()=\"Manage Partners\"]]"}
COMMAND: POST /session/22675cbf295e23214948e3e385e3f86d/element - {"using":"css selector","value":"#shell-header-logo"}
RESULT: {"using":"css selector","value":"#shell-header-logo"}
COMMAND: POST /session/22675cbf295e23214948e3e385e3f86d/element/f.24B59690DB8413BEE8D229DFAEDEAD25.d.456B3769A5E8A7D76FCB550BD3186532.e.2179/click - {}
COMMAND: POST /session/22675cbf295e23214948e3e385e3f86d/execute/sync - {"script":"<script> [8489 bytes]","args":[{"element-6066-11e4-a52e-4f735466cecf":"f.24B59690DB8413BEE8D229DFAEDEAD25.d.456B3769A5E8A7D76FCB550BD3186532.e.2179","ELEMENT":"f.24B59690DB8413BEE8D229DFAEDEAD25.d.456B3769A5E8A7D76FCB550BD3186532.e.2179"}]}
RESULT: {}
COMMAND: GET /session/22675cbf295e23214948e3e385e3f86d/screenshot - {}
RESULT: {"script":"<script> [8489 bytes]","args":[{"element-6066-11e4-a52e-4f735466cecf":"f.24B59690DB8413BEE8D229DFAEDEAD25.d.456B3769A5E8A7D76FCB550BD3186532.e.2179","ELEMENT":"f.24B59690DB8413BEE8D229DFAEDEAD25.d.456B3769A5E8A7D76FCB550BD3186532.e.2179"}]}
COMMAND: POST /session/22675cbf295e23214948e3e385e3f86d/execute/sync - {"script":"<script> [5351 bytes]","args":[{"element-6066-11e4-a52e-4f735466cecf":"f.24B59690DB8413BEE8D229DFAEDEAD25.d.456B3769A5E8A7D76FCB550BD3186532.e.2179","ELEMENT":"f.24B59690DB8413BEE8D229DFAEDEAD25.d.456B3769A5E8A7D76FCB550BD3186532.e.2179"}]}
COMMAND: GET /session/22675cbf295e23214948e3e385e3f86d/screenshot - {}
RESULT: {}
RESULT: {"script":"<script> [5351 bytes]","args":[{"element-6066-11e4-a52e-4f735466cecf":"f.24B59690DB8413BEE8D229DFAEDEAD25.d.456B3769A5E8A7D76FCB550BD3186532.e.2179","ELEMENT":"f.24B59690DB8413BEE8D229DFAEDEAD25.d.456B3769A5E8A7D76FCB550BD3186532.e.2179"}]}
COMMAND: GET /session/22675cbf295e23214948e3e385e3f86d/screenshot - {}
RESULT: {}
RESULT: {}
RESULT: undefined
COMMAND: POST /session/22675cbf295e23214948e3e385e3f86d/element - {"using":"xpath","value":"//*[@id=\"__tile38\"]"}
RESULT: {"using":"xpath","value":"//*[@id=\"__tile38\"]"}
COMMAND: POST /session/22675cbf295e23214948e3e385e3f86d/element/f.24B59690DB8413BEE8D229DFAEDEAD25.d.456B3769A5E8A7D76FCB550BD3186532.e.156/click - {}
RESULT: {}
COMMAND: GET /session/22675cbf295e23214948e3e385e3f86d/screenshot - {}
RESULT: {}
COMMAND: POST /session/22675cbf295e23214948e3e385e3f86d/elements - {"using":"xpath","value":"//span[text()='Error']"}
RESULT: {"using":"xpath","value":"//span[text()='Error']"}
COMMAND: POST /session/22675cbf295e23214948e3e385e3f86d/element - {"using":"xpath","value":"//button[@data-kt=\"addButton\"]"}
RESULT: {"using":"xpath","value":"//button[@data-kt=\"addButton\"]"}
COMMAND: POST /session/22675cbf295e23214948e3e385e3f86d/elements - {"using":"xpath","value":"//button[@data-kt=\"addButton\"]"}
RESULT: {"using":"xpath","value":"//button[@data-kt=\"addButton\"]"}
COMMAND: POST /session/22675cbf295e23214948e3e385e3f86d/execute/sync - {"script":"<script> [8489 bytes]","args":[{"element-6066-11e4-a52e-4f735466cecf":"f.24B59690DB8413BEE8D229DFAEDEAD25.d.456B3769A5E8A7D76FCB550BD3186532.e.2225","ELEMENT":"f.24B59690DB8413BEE8D229DFAEDEAD25.d.456B3769A5E8A7D76FCB550BD3186532.e.2225"}]}
RESULT: {"script":"<script> [8489 bytes]","args":[{"element-6066-11e4-a52e-4f735466cecf":"f.24B59690DB8413BEE8D229DFAEDEAD25.d.456B3769A5E8A7D76FCB550BD3186532.e.2225","ELEMENT":"f.24B59690DB8413BEE8D229DFAEDEAD25.d.456B3769A5E8A7D76FCB550BD3186532.e.2225"}]}
COMMAND: GET /session/22675cbf295e23214948e3e385e3f86d/element/f.24B59690DB8413BEE8D229DFAEDEAD25.d.456B3769A5E8A7D76FCB550BD3186532.e.2225/enabled - {}
COMMAND: GET /session/22675cbf295e23214948e3e385e3f86d/screenshot - {}
RESULT: {}
COMMAND: POST /session/22675cbf295e23214948e3e385e3f86d/execute/sync - {"script":"<script> [8489 bytes]","args":[{"element-6066-11e4-a52e-4f735466cecf":"f.24B59690DB8413BEE8D229DFAEDEAD25.d.456B3769A5E8A7D76FCB550BD3186532.e.2225","ELEMENT":"f.24B59690DB8413BEE8D229DFAEDEAD25.d.456B3769A5E8A7D76FCB550BD3186532.e.2225"}]}
COMMAND: GET /session/22675cbf295e23214948e3e385e3f86d/screenshot - {}
RESULT: {}
RESULT: {"script":"<script> [8489 bytes]","args":[{"element-6066-11e4-a52e-4f735466cecf":"f.24B59690DB8413BEE8D229DFAEDEAD25.d.456B3769A5E8A7D76FCB550BD3186532.e.2225","ELEMENT":"f.24B59690DB8413BEE8D229DFAEDEAD25.d.456B3769A5E8A7D76FCB550BD3186532.e.2225"}]}
COMMAND: POST /session/22675cbf295e23214948e3e385e3f86d/execute/sync - {"script":"<script> [5351 bytes]","args":[{"element-6066-11e4-a52e-4f735466cecf":"f.24B59690DB8413BEE8D229DFAEDEAD25.d.456B3769A5E8A7D76FCB550BD3186532.e.2225","ELEMENT":"f.24B59690DB8413BEE8D229DFAEDEAD25.d.456B3769A5E8A7D76FCB550BD3186532.e.2225"}]}
COMMAND: GET /session/22675cbf295e23214948e3e385e3f86d/screenshot - {}
RESULT: {}
RESULT: {"script":"<script> [5351 bytes]","args":[{"element-6066-11e4-a52e-4f735466cecf":"f.24B59690DB8413BEE8D229DFAEDEAD25.d.456B3769A5E8A7D76FCB550BD3186532.e.2225","ELEMENT":"f.24B59690DB8413BEE8D229DFAEDEAD25.d.456B3769A5E8A7D76FCB550BD3186532.e.2225"}]}
COMMAND: GET /session/22675cbf295e23214948e3e385e3f86d/screenshot - {}
RESULT: {}
RESULT: {}
COMMAND: POST /session/22675cbf295e23214948e3e385e3f86d/execute/async - {"script":"<script> [1562 bytes]","args":[{"selector":{"id":"application-managepartners-display-component---masterPtm--smartFilterBar-btnBasicSearch","interaction":{"idSuffix":"I"}},"wdio_ui5_key":"applicationmanagepartners-display-component---masterPtm--smartFilterBar-btnBasicSearch"}]}
RESULT: {"script":"<script> [1562 bytes]","args":[{"selector":{"id":"application-managepartners-display-component---masterPtm--smartFilterBar-btnBasicSearch","interaction":{"idSuffix":"I"}},"wdio_ui5_key":"applicationmanagepartners-display-component---masterPtm--smartFilterBar-btnBasicSearch"}]}
RESULT: undefined
COMMAND: POST /session/22675cbf295e23214948e3e385e3f86d/execute/async - {"script":"<script> [776 bytes]","args":[{"enterText":"1289","selector":{"id":"application-managepartners-display-component---masterPtm--smartFilterBar-btnBasicSearch","interaction":{"idSuffix":"I"}},"clearTextFirst":true,"interactionType":"ENTER_TEXT"}]}
RESULT: {"script":"<script> [776 bytes]","args":[{"enterText":"1289","selector":{"id":"application-managepartners-display-component---masterPtm--smartFilterBar-btnBasicSearch","interaction":{"idSuffix":"I"}},"clearTextFirst":true,"interactionType":"ENTER_TEXT"}]}
COMMAND: POST /session/22675cbf295e23214948e3e385e3f86d/actions - {"actions":[{"id":"action4","type":"key","parameters":{},"actions":[{"type":"keyDown","value":"î€‡"},{"type":"pause","duration":10},{"type":"keyUp","value":"î€‡"}]}]}
RESULT: {"actions":[{"id":"action4","type":"key","parameters":{},"actions":[{"type":"keyDown","value":"î€‡"},{"type":"pause","duration":10},{"type":"keyUp","value":"î€‡"}]}]}
COMMAND: GET /session/22675cbf295e23214948e3e385e3f86d/screenshot - {}
RESULT: {}
COMMAND: POST /session/22675cbf295e23214948e3e385e3f86d/elements - {"using":"xpath","value":"//table[contains(@id, \"customPartnersTable-listUl\")]/tbody/tr"}
RESULT: {"using":"xpath","value":"//table[contains(@id, \"customPartnersTable-listUl\")]/tbody/tr"}
COMMAND: POST /session/22675cbf295e23214948e3e385e3f86d/element - {"using":"xpath","value":"//table[contains(@id, \"customPartnersTable-listUl\")]/tbody/tr[1]/td[3]/span"}
RESULT: {"using":"xpath","value":"//table[contains(@id, \"customPartnersTable-listUl\")]/tbody/tr[1]/td[3]/span"}
COMMAND: POST /session/22675cbf295e23214948e3e385e3f86d/elements - {"using":"xpath","value":"//table[contains(@id, \"customPartnersTable-listUl\")]/tbody/tr[1]/td[3]/span"}
RESULT: {"using":"xpath","value":"//table[contains(@id, \"customPartnersTable-listUl\")]/tbody/tr[1]/td[3]/span"}
COMMAND: POST /session/22675cbf295e23214948e3e385e3f86d/execute/sync - {"script":"<script> [56 bytes]","args":[{"element-6066-11e4-a52e-4f735466cecf":"f.24B59690DB8413BEE8D229DFAEDEAD25.d.456B3769A5E8A7D76FCB550BD3186532.e.2363","ELEMENT":"f.24B59690DB8413BEE8D229DFAEDEAD25.d.456B3769A5E8A7D76FCB550BD3186532.e.2363"}]}
RESULT: {"script":"<script> [56 bytes]","args":[{"element-6066-11e4-a52e-4f735466cecf":"f.24B59690DB8413BEE8D229DFAEDEAD25.d.456B3769A5E8A7D76FCB550BD3186532.e.2363","ELEMENT":"f.24B59690DB8413BEE8D229DFAEDEAD25.d.456B3769A5E8A7D76FCB550BD3186532.e.2363"}]}
COMMAND: POST /session/22675cbf295e23214948e3e385e3f86d/element - {"using":"xpath","value":"//table[contains(@id, \"customPartnersTable-listUl\")]/tbody/tr[1]/td[7]/div/span"}
COMMAND: GET /session/22675cbf295e23214948e3e385e3f86d/screenshot - {}
RESULT: {"using":"xpath","value":"//table[contains(@id, \"customPartnersTable-listUl\")]/tbody/tr[1]/td[7]/div/span"}
COMMAND: POST /session/22675cbf295e23214948e3e385e3f86d/execute/sync - {"script":"<script> [56 bytes]","args":[{"element-6066-11e4-a52e-4f735466cecf":"f.24B59690DB8413BEE8D229DFAEDEAD25.d.456B3769A5E8A7D76FCB550BD3186532.e.2364","ELEMENT":"f.24B59690DB8413BEE8D229DFAEDEAD25.d.456B3769A5E8A7D76FCB550BD3186532.e.2364"}]}
RESULT: {}
RESULT: {"script":"<script> [56 bytes]","args":[{"element-6066-11e4-a52e-4f735466cecf":"f.24B59690DB8413BEE8D229DFAEDEAD25.d.456B3769A5E8A7D76FCB550BD3186532.e.2364","ELEMENT":"f.24B59690DB8413BEE8D229DFAEDEAD25.d.456B3769A5E8A7D76FCB550BD3186532.e.2364"}]}
COMMAND: POST /session/22675cbf295e23214948e3e385e3f86d/element - {"using":"xpath","value":"//table[contains(@id, \"customPartnersTable-listUl\")]/tbody/tr[1]/td[2]/div/div"}
COMMAND: GET /session/22675cbf295e23214948e3e385e3f86d/screenshot - {}
RESULT: {"using":"xpath","value":"//table[contains(@id, \"customPartnersTable-listUl\")]/tbody/tr[1]/td[2]/div/div"}
COMMAND: POST /session/22675cbf295e23214948e3e385e3f86d/element/f.24B59690DB8413BEE8D229DFAEDEAD25.d.456B3769A5E8A7D76FCB550BD3186532.e.2365/click - {}
RESULT: {}
RESULT: {}
COMMAND: GET /session/22675cbf295e23214948e3e385e3f86d/screenshot - {}
RESULT: {}
COMMAND: POST /session/22675cbf295e23214948e3e385e3f86d/element - {"using":"xpath","value":"//bdi[contains(text(), \"Deactivate\")]"}
RESULT: {"using":"xpath","value":"//bdi[contains(text(), \"Deactivate\")]"}
COMMAND: POST /session/22675cbf295e23214948e3e385e3f86d/element/f.24B59690DB8413BEE8D229DFAEDEAD25.d.456B3769A5E8A7D76FCB550BD3186532.e.2366/click - {}
RESULT: {}
COMMAND: GET /session/22675cbf295e23214948e3e385e3f86d/screenshot - {}
RESULT: {}
COMMAND: POST /session/22675cbf295e23214948e3e385e3f86d/element - {"using":"xpath","value":"//bdi[contains(text(), \"Yes\")]"}
RESULT: {"using":"xpath","value":"//bdi[contains(text(), \"Yes\")]"}
COMMAND: POST /session/22675cbf295e23214948e3e385e3f86d/element/f.24B59690DB8413BEE8D229DFAEDEAD25.d.456B3769A5E8A7D76FCB550BD3186532.e.2368/click - {}
RESULT: {}
COMMAND: GET /session/22675cbf295e23214948e3e385e3f86d/screenshot - {}
RESULT: {}
COMMAND: POST /session/22675cbf295e23214948e3e385e3f86d/element - {"using":"xpath","value":"//table[contains(@id, \"customPartnersTable-listUl\")]/tbody/tr[1]/td[7]/div/span"}
RESULT: {"using":"xpath","value":"//table[contains(@id, \"customPartnersTable-listUl\")]/tbody/tr[1]/td[7]/div/span"}
COMMAND: POST /session/22675cbf295e23214948e3e385e3f86d/execute/sync - {"script":"<script> [56 bytes]","args":[{"element-6066-11e4-a52e-4f735466cecf":"f.24B59690DB8413BEE8D229DFAEDEAD25.d.456B3769A5E8A7D76FCB550BD3186532.e.2364","ELEMENT":"f.24B59690DB8413BEE8D229DFAEDEAD25.d.456B3769A5E8A7D76FCB550BD3186532.e.2364"}]}
RESULT: {"script":"<script> [56 bytes]","args":[{"element-6066-11e4-a52e-4f735466cecf":"f.24B59690DB8413BEE8D229DFAEDEAD25.d.456B3769A5E8A7D76FCB550BD3186532.e.2364","ELEMENT":"f.24B59690DB8413BEE8D229DFAEDEAD25.d.456B3769A5E8A7D76FCB550BD3186532.e.2364"}]}
COMMAND: GET /session/22675cbf295e23214948e3e385e3f86d/screenshot - {}
RESULT: {}
COMMAND: POST /session/22675cbf295e23214948e3e385e3f86d/element - {"using":"css selector","value":"#shell-header-logo"}
RESULT: {"using":"css selector","value":"#shell-header-logo"}
COMMAND: POST /session/22675cbf295e23214948e3e385e3f86d/element/f.24B59690DB8413BEE8D229DFAEDEAD25.d.456B3769A5E8A7D76FCB550BD3186532.e.2179/click - {}
RESULT: {}
COMMAND: GET /session/22675cbf295e23214948e3e385e3f86d/screenshot - {}
RESULT: {}
]]></system-out>
    </testcase>
    <testcase classname="chrome.136_0_7103_93.windows.Partner_specific_tests_US150819_US151080_US151654_US151176_US103444_US151078_US151079_US151109_US151174_US151175_US151189" name="Should activate the created partner again US151176" time="62.432">
      <system-out><![CDATA[
COMMAND: POST /session/22675cbf295e23214948e3e385e3f86d/element - {"using":"xpath","value":"//li[.//span[text()=\"Manage Partners\"]]"}
RESULT: {"using":"xpath","value":"//li[.//span[text()=\"Manage Partners\"]]"}
COMMAND: POST /session/22675cbf295e23214948e3e385e3f86d/element - {"using":"xpath","value":"//li[.//span[text()=\"Manage Partners\"]]"}
RESULT: {"using":"xpath","value":"//li[.//span[text()=\"Manage Partners\"]]"}
COMMAND: POST /session/22675cbf295e23214948e3e385e3f86d/element - {"using":"css selector","value":"#shell-header-logo"}
RESULT: {"using":"css selector","value":"#shell-header-logo"}
COMMAND: POST /session/22675cbf295e23214948e3e385e3f86d/element/f.24B59690DB8413BEE8D229DFAEDEAD25.d.456B3769A5E8A7D76FCB550BD3186532.e.2372/click - {}
COMMAND: POST /session/22675cbf295e23214948e3e385e3f86d/execute/sync - {"script":"<script> [8489 bytes]","args":[{"element-6066-11e4-a52e-4f735466cecf":"f.24B59690DB8413BEE8D229DFAEDEAD25.d.456B3769A5E8A7D76FCB550BD3186532.e.2372","ELEMENT":"f.24B59690DB8413BEE8D229DFAEDEAD25.d.456B3769A5E8A7D76FCB550BD3186532.e.2372"}]}
RESULT: {}
COMMAND: GET /session/22675cbf295e23214948e3e385e3f86d/screenshot - {}
RESULT: {"script":"<script> [8489 bytes]","args":[{"element-6066-11e4-a52e-4f735466cecf":"f.24B59690DB8413BEE8D229DFAEDEAD25.d.456B3769A5E8A7D76FCB550BD3186532.e.2372","ELEMENT":"f.24B59690DB8413BEE8D229DFAEDEAD25.d.456B3769A5E8A7D76FCB550BD3186532.e.2372"}]}
COMMAND: POST /session/22675cbf295e23214948e3e385e3f86d/execute/sync - {"script":"<script> [5351 bytes]","args":[{"element-6066-11e4-a52e-4f735466cecf":"f.24B59690DB8413BEE8D229DFAEDEAD25.d.456B3769A5E8A7D76FCB550BD3186532.e.2372","ELEMENT":"f.24B59690DB8413BEE8D229DFAEDEAD25.d.456B3769A5E8A7D76FCB550BD3186532.e.2372"}]}
COMMAND: GET /session/22675cbf295e23214948e3e385e3f86d/screenshot - {}
RESULT: {}
RESULT: {"script":"<script> [5351 bytes]","args":[{"element-6066-11e4-a52e-4f735466cecf":"f.24B59690DB8413BEE8D229DFAEDEAD25.d.456B3769A5E8A7D76FCB550BD3186532.e.2372","ELEMENT":"f.24B59690DB8413BEE8D229DFAEDEAD25.d.456B3769A5E8A7D76FCB550BD3186532.e.2372"}]}
COMMAND: GET /session/22675cbf295e23214948e3e385e3f86d/screenshot - {}
RESULT: {}
RESULT: {}
RESULT: undefined
COMMAND: POST /session/22675cbf295e23214948e3e385e3f86d/element - {"using":"xpath","value":"//*[@id=\"__tile38\"]"}
RESULT: {"using":"xpath","value":"//*[@id=\"__tile38\"]"}
COMMAND: POST /session/22675cbf295e23214948e3e385e3f86d/element/f.24B59690DB8413BEE8D229DFAEDEAD25.d.456B3769A5E8A7D76FCB550BD3186532.e.156/click - {}
RESULT: {}
COMMAND: GET /session/22675cbf295e23214948e3e385e3f86d/screenshot - {}
RESULT: {}
COMMAND: POST /session/22675cbf295e23214948e3e385e3f86d/elements - {"using":"xpath","value":"//span[text()='Error']"}
RESULT: {"using":"xpath","value":"//span[text()='Error']"}
COMMAND: POST /session/22675cbf295e23214948e3e385e3f86d/element - {"using":"xpath","value":"//button[@data-kt=\"addButton\"]"}
RESULT: {"using":"xpath","value":"//button[@data-kt=\"addButton\"]"}
COMMAND: POST /session/22675cbf295e23214948e3e385e3f86d/elements - {"using":"xpath","value":"//button[@data-kt=\"addButton\"]"}
RESULT: {"using":"xpath","value":"//button[@data-kt=\"addButton\"]"}
COMMAND: POST /session/22675cbf295e23214948e3e385e3f86d/execute/sync - {"script":"<script> [8489 bytes]","args":[{"element-6066-11e4-a52e-4f735466cecf":"f.24B59690DB8413BEE8D229DFAEDEAD25.d.456B3769A5E8A7D76FCB550BD3186532.e.2417","ELEMENT":"f.24B59690DB8413BEE8D229DFAEDEAD25.d.456B3769A5E8A7D76FCB550BD3186532.e.2417"}]}
RESULT: {"script":"<script> [8489 bytes]","args":[{"element-6066-11e4-a52e-4f735466cecf":"f.24B59690DB8413BEE8D229DFAEDEAD25.d.456B3769A5E8A7D76FCB550BD3186532.e.2417","ELEMENT":"f.24B59690DB8413BEE8D229DFAEDEAD25.d.456B3769A5E8A7D76FCB550BD3186532.e.2417"}]}
COMMAND: GET /session/22675cbf295e23214948e3e385e3f86d/element/f.24B59690DB8413BEE8D229DFAEDEAD25.d.456B3769A5E8A7D76FCB550BD3186532.e.2417/enabled - {}
COMMAND: GET /session/22675cbf295e23214948e3e385e3f86d/screenshot - {}
RESULT: {}
COMMAND: POST /session/22675cbf295e23214948e3e385e3f86d/execute/sync - {"script":"<script> [8489 bytes]","args":[{"element-6066-11e4-a52e-4f735466cecf":"f.24B59690DB8413BEE8D229DFAEDEAD25.d.456B3769A5E8A7D76FCB550BD3186532.e.2417","ELEMENT":"f.24B59690DB8413BEE8D229DFAEDEAD25.d.456B3769A5E8A7D76FCB550BD3186532.e.2417"}]}
COMMAND: GET /session/22675cbf295e23214948e3e385e3f86d/screenshot - {}
RESULT: {}
RESULT: {"script":"<script> [8489 bytes]","args":[{"element-6066-11e4-a52e-4f735466cecf":"f.24B59690DB8413BEE8D229DFAEDEAD25.d.456B3769A5E8A7D76FCB550BD3186532.e.2417","ELEMENT":"f.24B59690DB8413BEE8D229DFAEDEAD25.d.456B3769A5E8A7D76FCB550BD3186532.e.2417"}]}
COMMAND: POST /session/22675cbf295e23214948e3e385e3f86d/execute/sync - {"script":"<script> [5351 bytes]","args":[{"element-6066-11e4-a52e-4f735466cecf":"f.24B59690DB8413BEE8D229DFAEDEAD25.d.456B3769A5E8A7D76FCB550BD3186532.e.2417","ELEMENT":"f.24B59690DB8413BEE8D229DFAEDEAD25.d.456B3769A5E8A7D76FCB550BD3186532.e.2417"}]}
COMMAND: GET /session/22675cbf295e23214948e3e385e3f86d/screenshot - {}
RESULT: {}
RESULT: {"script":"<script> [5351 bytes]","args":[{"element-6066-11e4-a52e-4f735466cecf":"f.24B59690DB8413BEE8D229DFAEDEAD25.d.456B3769A5E8A7D76FCB550BD3186532.e.2417","ELEMENT":"f.24B59690DB8413BEE8D229DFAEDEAD25.d.456B3769A5E8A7D76FCB550BD3186532.e.2417"}]}
COMMAND: GET /session/22675cbf295e23214948e3e385e3f86d/screenshot - {}
RESULT: {}
RESULT: {}
RESULT: undefined
COMMAND: POST /session/22675cbf295e23214948e3e385e3f86d/execute/async - {"script":"<script> [776 bytes]","args":[{"enterText":"1289","selector":{"id":"application-managepartners-display-component---masterPtm--smartFilterBar-btnBasicSearch","interaction":{"idSuffix":"I"}},"clearTextFirst":true,"interactionType":"ENTER_TEXT"}]}
RESULT: {"script":"<script> [776 bytes]","args":[{"enterText":"1289","selector":{"id":"application-managepartners-display-component---masterPtm--smartFilterBar-btnBasicSearch","interaction":{"idSuffix":"I"}},"clearTextFirst":true,"interactionType":"ENTER_TEXT"}]}
COMMAND: POST /session/22675cbf295e23214948e3e385e3f86d/actions - {"actions":[{"id":"action5","type":"key","parameters":{},"actions":[{"type":"keyDown","value":"î€‡"},{"type":"pause","duration":10},{"type":"keyUp","value":"î€‡"}]}]}
RESULT: {"actions":[{"id":"action5","type":"key","parameters":{},"actions":[{"type":"keyDown","value":"î€‡"},{"type":"pause","duration":10},{"type":"keyUp","value":"î€‡"}]}]}
COMMAND: GET /session/22675cbf295e23214948e3e385e3f86d/screenshot - {}
RESULT: {}
COMMAND: POST /session/22675cbf295e23214948e3e385e3f86d/elements - {"using":"xpath","value":"//table[contains(@id, \"customPartnersTable-listUl\")]/tbody/tr"}
RESULT: {"using":"xpath","value":"//table[contains(@id, \"customPartnersTable-listUl\")]/tbody/tr"}
COMMAND: POST /session/22675cbf295e23214948e3e385e3f86d/element - {"using":"xpath","value":"//table[contains(@id, \"customPartnersTable-listUl\")]/tbody/tr[1]/td[3]/span"}
RESULT: {"using":"xpath","value":"//table[contains(@id, \"customPartnersTable-listUl\")]/tbody/tr[1]/td[3]/span"}
COMMAND: POST /session/22675cbf295e23214948e3e385e3f86d/elements - {"using":"xpath","value":"//table[contains(@id, \"customPartnersTable-listUl\")]/tbody/tr[1]/td[3]/span"}
RESULT: {"using":"xpath","value":"//table[contains(@id, \"customPartnersTable-listUl\")]/tbody/tr[1]/td[3]/span"}
COMMAND: POST /session/22675cbf295e23214948e3e385e3f86d/execute/sync - {"script":"<script> [56 bytes]","args":[{"element-6066-11e4-a52e-4f735466cecf":"f.24B59690DB8413BEE8D229DFAEDEAD25.d.456B3769A5E8A7D76FCB550BD3186532.e.2552","ELEMENT":"f.24B59690DB8413BEE8D229DFAEDEAD25.d.456B3769A5E8A7D76FCB550BD3186532.e.2552"}]}
RESULT: {"script":"<script> [56 bytes]","args":[{"element-6066-11e4-a52e-4f735466cecf":"f.24B59690DB8413BEE8D229DFAEDEAD25.d.456B3769A5E8A7D76FCB550BD3186532.e.2552","ELEMENT":"f.24B59690DB8413BEE8D229DFAEDEAD25.d.456B3769A5E8A7D76FCB550BD3186532.e.2552"}]}
COMMAND: POST /session/22675cbf295e23214948e3e385e3f86d/element - {"using":"xpath","value":"//table[contains(@id, \"customPartnersTable-listUl\")]/tbody/tr[1]/td[7]/div/span"}
COMMAND: GET /session/22675cbf295e23214948e3e385e3f86d/screenshot - {}
RESULT: {"using":"xpath","value":"//table[contains(@id, \"customPartnersTable-listUl\")]/tbody/tr[1]/td[7]/div/span"}
COMMAND: POST /session/22675cbf295e23214948e3e385e3f86d/execute/sync - {"script":"<script> [56 bytes]","args":[{"element-6066-11e4-a52e-4f735466cecf":"f.24B59690DB8413BEE8D229DFAEDEAD25.d.456B3769A5E8A7D76FCB550BD3186532.e.2553","ELEMENT":"f.24B59690DB8413BEE8D229DFAEDEAD25.d.456B3769A5E8A7D76FCB550BD3186532.e.2553"}]}
RESULT: {}
RESULT: {"script":"<script> [56 bytes]","args":[{"element-6066-11e4-a52e-4f735466cecf":"f.24B59690DB8413BEE8D229DFAEDEAD25.d.456B3769A5E8A7D76FCB550BD3186532.e.2553","ELEMENT":"f.24B59690DB8413BEE8D229DFAEDEAD25.d.456B3769A5E8A7D76FCB550BD3186532.e.2553"}]}
COMMAND: POST /session/22675cbf295e23214948e3e385e3f86d/element - {"using":"xpath","value":"//table[contains(@id, \"customPartnersTable-listUl\")]/tbody/tr[1]/td[2]/div/div"}
COMMAND: GET /session/22675cbf295e23214948e3e385e3f86d/screenshot - {}
RESULT: {"using":"xpath","value":"//table[contains(@id, \"customPartnersTable-listUl\")]/tbody/tr[1]/td[2]/div/div"}
COMMAND: POST /session/22675cbf295e23214948e3e385e3f86d/element/f.24B59690DB8413BEE8D229DFAEDEAD25.d.456B3769A5E8A7D76FCB550BD3186532.e.2554/click - {}
RESULT: {}
RESULT: {}
COMMAND: GET /session/22675cbf295e23214948e3e385e3f86d/screenshot - {}
RESULT: {}
COMMAND: POST /session/22675cbf295e23214948e3e385e3f86d/element - {"using":"xpath","value":"//bdi[contains(text(), \"Activate\")]"}
RESULT: {"using":"xpath","value":"//bdi[contains(text(), \"Activate\")]"}
COMMAND: POST /session/22675cbf295e23214948e3e385e3f86d/element/f.24B59690DB8413BEE8D229DFAEDEAD25.d.456B3769A5E8A7D76FCB550BD3186532.e.2555/click - {}
RESULT: {}
COMMAND: GET /session/22675cbf295e23214948e3e385e3f86d/screenshot - {}
RESULT: {}
COMMAND: POST /session/22675cbf295e23214948e3e385e3f86d/element - {"using":"xpath","value":"//bdi[contains(text(), \"Yes\")]"}
RESULT: {"using":"xpath","value":"//bdi[contains(text(), \"Yes\")]"}
COMMAND: POST /session/22675cbf295e23214948e3e385e3f86d/element/f.24B59690DB8413BEE8D229DFAEDEAD25.d.456B3769A5E8A7D76FCB550BD3186532.e.2557/click - {}
RESULT: {}
COMMAND: GET /session/22675cbf295e23214948e3e385e3f86d/screenshot - {}
RESULT: {}
COMMAND: POST /session/22675cbf295e23214948e3e385e3f86d/element - {"using":"xpath","value":"//table[contains(@id, \"customPartnersTable-listUl\")]/tbody/tr[1]/td[7]/div/span"}
RESULT: {"using":"xpath","value":"//table[contains(@id, \"customPartnersTable-listUl\")]/tbody/tr[1]/td[7]/div/span"}
COMMAND: POST /session/22675cbf295e23214948e3e385e3f86d/execute/sync - {"script":"<script> [56 bytes]","args":[{"element-6066-11e4-a52e-4f735466cecf":"f.24B59690DB8413BEE8D229DFAEDEAD25.d.456B3769A5E8A7D76FCB550BD3186532.e.2553","ELEMENT":"f.24B59690DB8413BEE8D229DFAEDEAD25.d.456B3769A5E8A7D76FCB550BD3186532.e.2553"}]}
RESULT: {"script":"<script> [56 bytes]","args":[{"element-6066-11e4-a52e-4f735466cecf":"f.24B59690DB8413BEE8D229DFAEDEAD25.d.456B3769A5E8A7D76FCB550BD3186532.e.2553","ELEMENT":"f.24B59690DB8413BEE8D229DFAEDEAD25.d.456B3769A5E8A7D76FCB550BD3186532.e.2553"}]}
COMMAND: GET /session/22675cbf295e23214948e3e385e3f86d/screenshot - {}
RESULT: {}
COMMAND: POST /session/22675cbf295e23214948e3e385e3f86d/element - {"using":"css selector","value":"#shell-header-logo"}
RESULT: {"using":"css selector","value":"#shell-header-logo"}
COMMAND: POST /session/22675cbf295e23214948e3e385e3f86d/element/f.24B59690DB8413BEE8D229DFAEDEAD25.d.456B3769A5E8A7D76FCB550BD3186532.e.2372/click - {}
RESULT: {}
COMMAND: GET /session/22675cbf295e23214948e3e385e3f86d/screenshot - {}
RESULT: {}
]]></system-out>
    </testcase>
    <testcase classname="chrome.136_0_7103_93.windows.Partner_specific_tests_US150819_US151080_US151654_US151176_US103444_US151078_US151079_US151109_US151174_US151175_US151189" name="Should edit the created external partner and save it and check its content US103444" time="74.018">
      <system-out><![CDATA[
COMMAND: POST /session/22675cbf295e23214948e3e385e3f86d/element - {"using":"xpath","value":"//li[.//span[text()=\"Manage Partners\"]]"}
RESULT: {"using":"xpath","value":"//li[.//span[text()=\"Manage Partners\"]]"}
COMMAND: POST /session/22675cbf295e23214948e3e385e3f86d/element - {"using":"xpath","value":"//li[.//span[text()=\"Manage Partners\"]]"}
RESULT: {"using":"xpath","value":"//li[.//span[text()=\"Manage Partners\"]]"}
COMMAND: POST /session/22675cbf295e23214948e3e385e3f86d/element - {"using":"css selector","value":"#shell-header-logo"}
RESULT: {"using":"css selector","value":"#shell-header-logo"}
COMMAND: POST /session/22675cbf295e23214948e3e385e3f86d/element/f.24B59690DB8413BEE8D229DFAEDEAD25.d.456B3769A5E8A7D76FCB550BD3186532.e.2561/click - {}
COMMAND: POST /session/22675cbf295e23214948e3e385e3f86d/execute/sync - {"script":"<script> [8489 bytes]","args":[{"element-6066-11e4-a52e-4f735466cecf":"f.24B59690DB8413BEE8D229DFAEDEAD25.d.456B3769A5E8A7D76FCB550BD3186532.e.2561","ELEMENT":"f.24B59690DB8413BEE8D229DFAEDEAD25.d.456B3769A5E8A7D76FCB550BD3186532.e.2561"}]}
RESULT: {"script":"<script> [8489 bytes]","args":[{"element-6066-11e4-a52e-4f735466cecf":"f.24B59690DB8413BEE8D229DFAEDEAD25.d.456B3769A5E8A7D76FCB550BD3186532.e.2561","ELEMENT":"f.24B59690DB8413BEE8D229DFAEDEAD25.d.456B3769A5E8A7D76FCB550BD3186532.e.2561"}]}
COMMAND: POST /session/22675cbf295e23214948e3e385e3f86d/execute/sync - {"script":"<script> [5351 bytes]","args":[{"element-6066-11e4-a52e-4f735466cecf":"f.24B59690DB8413BEE8D229DFAEDEAD25.d.456B3769A5E8A7D76FCB550BD3186532.e.2561","ELEMENT":"f.24B59690DB8413BEE8D229DFAEDEAD25.d.456B3769A5E8A7D76FCB550BD3186532.e.2561"}]}
COMMAND: GET /session/22675cbf295e23214948e3e385e3f86d/screenshot - {}
RESULT: {}
COMMAND: GET /session/22675cbf295e23214948e3e385e3f86d/screenshot - {}
RESULT: {"script":"<script> [5351 bytes]","args":[{"element-6066-11e4-a52e-4f735466cecf":"f.24B59690DB8413BEE8D229DFAEDEAD25.d.456B3769A5E8A7D76FCB550BD3186532.e.2561","ELEMENT":"f.24B59690DB8413BEE8D229DFAEDEAD25.d.456B3769A5E8A7D76FCB550BD3186532.e.2561"}]}
COMMAND: GET /session/22675cbf295e23214948e3e385e3f86d/screenshot - {}
RESULT: {}
RESULT: {}
RESULT: {}
RESULT: undefined
COMMAND: POST /session/22675cbf295e23214948e3e385e3f86d/element - {"using":"xpath","value":"//*[@id=\"__tile38\"]"}
RESULT: {"using":"xpath","value":"//*[@id=\"__tile38\"]"}
COMMAND: POST /session/22675cbf295e23214948e3e385e3f86d/element/f.24B59690DB8413BEE8D229DFAEDEAD25.d.456B3769A5E8A7D76FCB550BD3186532.e.156/click - {}
RESULT: {}
COMMAND: GET /session/22675cbf295e23214948e3e385e3f86d/screenshot - {}
RESULT: {}
COMMAND: POST /session/22675cbf295e23214948e3e385e3f86d/elements - {"using":"xpath","value":"//span[text()='Error']"}
RESULT: {"using":"xpath","value":"//span[text()='Error']"}
COMMAND: POST /session/22675cbf295e23214948e3e385e3f86d/element - {"using":"xpath","value":"//button[@data-kt=\"addButton\"]"}
RESULT: {"using":"xpath","value":"//button[@data-kt=\"addButton\"]"}
COMMAND: POST /session/22675cbf295e23214948e3e385e3f86d/elements - {"using":"xpath","value":"//button[@data-kt=\"addButton\"]"}
RESULT: {"using":"xpath","value":"//button[@data-kt=\"addButton\"]"}
COMMAND: POST /session/22675cbf295e23214948e3e385e3f86d/execute/sync - {"script":"<script> [8489 bytes]","args":[{"element-6066-11e4-a52e-4f735466cecf":"f.24B59690DB8413BEE8D229DFAEDEAD25.d.456B3769A5E8A7D76FCB550BD3186532.e.2607","ELEMENT":"f.24B59690DB8413BEE8D229DFAEDEAD25.d.456B3769A5E8A7D76FCB550BD3186532.e.2607"}]}
RESULT: {"script":"<script> [8489 bytes]","args":[{"element-6066-11e4-a52e-4f735466cecf":"f.24B59690DB8413BEE8D229DFAEDEAD25.d.456B3769A5E8A7D76FCB550BD3186532.e.2607","ELEMENT":"f.24B59690DB8413BEE8D229DFAEDEAD25.d.456B3769A5E8A7D76FCB550BD3186532.e.2607"}]}
COMMAND: GET /session/22675cbf295e23214948e3e385e3f86d/element/f.24B59690DB8413BEE8D229DFAEDEAD25.d.456B3769A5E8A7D76FCB550BD3186532.e.2607/enabled - {}
COMMAND: GET /session/22675cbf295e23214948e3e385e3f86d/screenshot - {}
RESULT: {}
COMMAND: POST /session/22675cbf295e23214948e3e385e3f86d/execute/sync - {"script":"<script> [8489 bytes]","args":[{"element-6066-11e4-a52e-4f735466cecf":"f.24B59690DB8413BEE8D229DFAEDEAD25.d.456B3769A5E8A7D76FCB550BD3186532.e.2607","ELEMENT":"f.24B59690DB8413BEE8D229DFAEDEAD25.d.456B3769A5E8A7D76FCB550BD3186532.e.2607"}]}
COMMAND: GET /session/22675cbf295e23214948e3e385e3f86d/screenshot - {}
RESULT: {}
RESULT: {"script":"<script> [8489 bytes]","args":[{"element-6066-11e4-a52e-4f735466cecf":"f.24B59690DB8413BEE8D229DFAEDEAD25.d.456B3769A5E8A7D76FCB550BD3186532.e.2607","ELEMENT":"f.24B59690DB8413BEE8D229DFAEDEAD25.d.456B3769A5E8A7D76FCB550BD3186532.e.2607"}]}
COMMAND: POST /session/22675cbf295e23214948e3e385e3f86d/execute/sync - {"script":"<script> [5351 bytes]","args":[{"element-6066-11e4-a52e-4f735466cecf":"f.24B59690DB8413BEE8D229DFAEDEAD25.d.456B3769A5E8A7D76FCB550BD3186532.e.2607","ELEMENT":"f.24B59690DB8413BEE8D229DFAEDEAD25.d.456B3769A5E8A7D76FCB550BD3186532.e.2607"}]}
COMMAND: GET /session/22675cbf295e23214948e3e385e3f86d/screenshot - {}
RESULT: {}
RESULT: {}
RESULT: {"script":"<script> [5351 bytes]","args":[{"element-6066-11e4-a52e-4f735466cecf":"f.24B59690DB8413BEE8D229DFAEDEAD25.d.456B3769A5E8A7D76FCB550BD3186532.e.2607","ELEMENT":"f.24B59690DB8413BEE8D229DFAEDEAD25.d.456B3769A5E8A7D76FCB550BD3186532.e.2607"}]}
COMMAND: GET /session/22675cbf295e23214948e3e385e3f86d/screenshot - {}
RESULT: {}
RESULT: undefined
COMMAND: POST /session/22675cbf295e23214948e3e385e3f86d/execute/async - {"script":"<script> [776 bytes]","args":[{"enterText":"1289","selector":{"id":"application-managepartners-display-component---masterPtm--smartFilterBar-btnBasicSearch","interaction":{"idSuffix":"I"}},"clearTextFirst":true,"interactionType":"ENTER_TEXT"}]}
RESULT: {"script":"<script> [776 bytes]","args":[{"enterText":"1289","selector":{"id":"application-managepartners-display-component---masterPtm--smartFilterBar-btnBasicSearch","interaction":{"idSuffix":"I"}},"clearTextFirst":true,"interactionType":"ENTER_TEXT"}]}
COMMAND: POST /session/22675cbf295e23214948e3e385e3f86d/actions - {"actions":[{"id":"action6","type":"key","parameters":{},"actions":[{"type":"keyDown","value":"î€‡"},{"type":"pause","duration":10},{"type":"keyUp","value":"î€‡"}]}]}
RESULT: {"actions":[{"id":"action6","type":"key","parameters":{},"actions":[{"type":"keyDown","value":"î€‡"},{"type":"pause","duration":10},{"type":"keyUp","value":"î€‡"}]}]}
COMMAND: GET /session/22675cbf295e23214948e3e385e3f86d/screenshot - {}
RESULT: {}
COMMAND: POST /session/22675cbf295e23214948e3e385e3f86d/elements - {"using":"xpath","value":"//table[contains(@id, \"customPartnersTable-listUl\")]/tbody/tr"}
RESULT: {"using":"xpath","value":"//table[contains(@id, \"customPartnersTable-listUl\")]/tbody/tr"}
COMMAND: POST /session/22675cbf295e23214948e3e385e3f86d/element - {"using":"xpath","value":"//table[contains(@id, \"customPartnersTable-listUl\")]/tbody/tr[1]/td[3]/span"}
RESULT: {"using":"xpath","value":"//table[contains(@id, \"customPartnersTable-listUl\")]/tbody/tr[1]/td[3]/span"}
COMMAND: POST /session/22675cbf295e23214948e3e385e3f86d/elements - {"using":"xpath","value":"//table[contains(@id, \"customPartnersTable-listUl\")]/tbody/tr[1]/td[3]/span"}
RESULT: {"using":"xpath","value":"//table[contains(@id, \"customPartnersTable-listUl\")]/tbody/tr[1]/td[3]/span"}
COMMAND: POST /session/22675cbf295e23214948e3e385e3f86d/execute/sync - {"script":"<script> [56 bytes]","args":[{"element-6066-11e4-a52e-4f735466cecf":"f.24B59690DB8413BEE8D229DFAEDEAD25.d.456B3769A5E8A7D76FCB550BD3186532.e.2743","ELEMENT":"f.24B59690DB8413BEE8D229DFAEDEAD25.d.456B3769A5E8A7D76FCB550BD3186532.e.2743"}]}
RESULT: {"script":"<script> [56 bytes]","args":[{"element-6066-11e4-a52e-4f735466cecf":"f.24B59690DB8413BEE8D229DFAEDEAD25.d.456B3769A5E8A7D76FCB550BD3186532.e.2743","ELEMENT":"f.24B59690DB8413BEE8D229DFAEDEAD25.d.456B3769A5E8A7D76FCB550BD3186532.e.2743"}]}
COMMAND: POST /session/22675cbf295e23214948e3e385e3f86d/element - {"using":"xpath","value":"(//span[contains(@id, \"imgNav\")])[1]"}
COMMAND: GET /session/22675cbf295e23214948e3e385e3f86d/screenshot - {}
RESULT: {"using":"xpath","value":"(//span[contains(@id, \"imgNav\")])[1]"}
COMMAND: POST /session/22675cbf295e23214948e3e385e3f86d/element/f.24B59690DB8413BEE8D229DFAEDEAD25.d.456B3769A5E8A7D76FCB550BD3186532.e.2740/click - {}
RESULT: {}
RESULT: {}
COMMAND: GET /session/22675cbf295e23214948e3e385e3f86d/screenshot - {}
COMMAND: POST /session/22675cbf295e23214948e3e385e3f86d/element - {"using":"xpath","value":"//bdi[contains(text(), \"Edit\")]"}
RESULT: {}
RESULT: {"using":"xpath","value":"//bdi[contains(text(), \"Edit\")]"}
COMMAND: POST /session/22675cbf295e23214948e3e385e3f86d/element/f.24B59690DB8413BEE8D229DFAEDEAD25.d.456B3769A5E8A7D76FCB550BD3186532.e.2886/click - {}
RESULT: {}
COMMAND: GET /session/22675cbf295e23214948e3e385e3f86d/screenshot - {}
RESULT: {}
COMMAND: POST /session/22675cbf295e23214948e3e385e3f86d/execute/async - {"script":"<script> [1562 bytes]","args":[{"selector":{"controlType":"sap.m.Input","viewName":"etm.portal.ui.managepartners.view.EditDetail","labelFor":{"text":"Name"},"interaction":{"idSuffix":"inner"}},"wdio_ui5_key":"etmportal.ui.managepartners.view.EditDetailsap.m.Input{\"text\":\"Name\"}"}]}
RESULT: {"script":"<script> [1562 bytes]","args":[{"selector":{"controlType":"sap.m.Input","viewName":"etm.portal.ui.managepartners.view.EditDetail","labelFor":{"text":"Name"},"interaction":{"idSuffix":"inner"}},"wdio_ui5_key":"etmportal.ui.managepartners.view.EditDetailsap.m.Input{\"text\":\"Name\"}"}]}
RESULT: undefined
COMMAND: POST /session/22675cbf295e23214948e3e385e3f86d/execute/async - {"script":"<script> [776 bytes]","args":[{"enterText":"External EDIT","selector":{"controlType":"sap.m.Input","viewName":"etm.portal.ui.managepartners.view.EditDetail","labelFor":{"text":"Name"},"interaction":{"idSuffix":"inner"}},"clearTextFirst":true,"interactionType":"ENTER_TEXT"}]}
RESULT: {"script":"<script> [776 bytes]","args":[{"enterText":"External EDIT","selector":{"controlType":"sap.m.Input","viewName":"etm.portal.ui.managepartners.view.EditDetail","labelFor":{"text":"Name"},"interaction":{"idSuffix":"inner"}},"clearTextFirst":true,"interactionType":"ENTER_TEXT"}]}
COMMAND: POST /session/22675cbf295e23214948e3e385e3f86d/element - {"using":"xpath","value":"(//span[contains(@id,\"addressDetailDetailsLanguage-arrow\")])[1]"}
RESULT: {"using":"xpath","value":"(//span[contains(@id,\"addressDetailDetailsLanguage-arrow\")])[1]"}
COMMAND: POST /session/22675cbf295e23214948e3e385e3f86d/element/f.24B59690DB8413BEE8D229DFAEDEAD25.d.456B3769A5E8A7D76FCB550BD3186532.e.2962/click - {}
RESULT: {}
COMMAND: POST /session/22675cbf295e23214948e3e385e3f86d/element - {"using":"xpath","value":"//span[contains(text(), \"Chinese\")]"}
COMMAND: GET /session/22675cbf295e23214948e3e385e3f86d/screenshot - {}
RESULT: {"using":"xpath","value":"//span[contains(text(), \"Chinese\")]"}
COMMAND: POST /session/22675cbf295e23214948e3e385e3f86d/element/f.24B59690DB8413BEE8D229DFAEDEAD25.d.456B3769A5E8A7D76FCB550BD3186532.e.2963/click - {}
RESULT: {}
RESULT: {}
COMMAND: GET /session/22675cbf295e23214948e3e385e3f86d/screenshot - {}
RESULT: {}
COMMAND: POST /session/22675cbf295e23214948e3e385e3f86d/execute/async - {"script":"<script> [1562 bytes]","args":[{"selector":{"controlType":"sap.m.Input","viewName":"etm.portal.ui.managepartners.view.EditDetail","labelFor":{"text":"City"},"interaction":{"idSuffix":"inner"}},"wdio_ui5_key":"etmportal.ui.managepartners.view.EditDetailsap.m.Input{\"text\":\"City\"}"}]}
RESULT: {"script":"<script> [1562 bytes]","args":[{"selector":{"controlType":"sap.m.Input","viewName":"etm.portal.ui.managepartners.view.EditDetail","labelFor":{"text":"City"},"interaction":{"idSuffix":"inner"}},"wdio_ui5_key":"etmportal.ui.managepartners.view.EditDetailsap.m.Input{\"text\":\"City\"}"}]}
RESULT: undefined
COMMAND: POST /session/22675cbf295e23214948e3e385e3f86d/execute/async - {"script":"<script> [776 bytes]","args":[{"enterText":"Clooj-Napoca","selector":{"controlType":"sap.m.Input","viewName":"etm.portal.ui.managepartners.view.EditDetail","labelFor":{"text":"City"},"interaction":{"idSuffix":"inner"}},"clearTextFirst":true,"interactionType":"ENTER_TEXT"}]}
RESULT: {"script":"<script> [776 bytes]","args":[{"enterText":"Clooj-Napoca","selector":{"controlType":"sap.m.Input","viewName":"etm.portal.ui.managepartners.view.EditDetail","labelFor":{"text":"City"},"interaction":{"idSuffix":"inner"}},"clearTextFirst":true,"interactionType":"ENTER_TEXT"}]}
COMMAND: POST /session/22675cbf295e23214948e3e385e3f86d/element - {"using":"xpath","value":"//button[@data-kt=\"saveButton\"]"}
RESULT: {"using":"xpath","value":"//button[@data-kt=\"saveButton\"]"}
COMMAND: POST /session/22675cbf295e23214948e3e385e3f86d/element/f.24B59690DB8413BEE8D229DFAEDEAD25.d.456B3769A5E8A7D76FCB550BD3186532.e.2947/click - {}
RESULT: {}
COMMAND: GET /session/22675cbf295e23214948e3e385e3f86d/screenshot - {}
RESULT: {}
COMMAND: POST /session/22675cbf295e23214948e3e385e3f86d/execute/async - {"script":"<script> [1562 bytes]","args":[{"selector":{"id":"application-managepartners-display-component---detailPtm--addressDetailDetailsName1"},"wdio_ui5_key":"applicationmanagepartners-display-component---detailPtm--addressDetailDetailsName1"}]}
RESULT: {"script":"<script> [1562 bytes]","args":[{"selector":{"id":"application-managepartners-display-component---detailPtm--addressDetailDetailsName1"},"wdio_ui5_key":"applicationmanagepartners-display-component---detailPtm--addressDetailDetailsName1"}]}
RESULT: undefined
COMMAND: POST /session/22675cbf295e23214948e3e385e3f86d/execute/async - {"script":"<script> [6424 bytes]","args":[{"element-6066-11e4-a52e-4f735466cecf":"f.24B59690DB8413BEE8D229DFAEDEAD25.d.456B3769A5E8A7D76FCB550BD3186532.e.2994"},"getValue",[]]}
RESULT: {"script":"<script> [6424 bytes]","args":[{"element-6066-11e4-a52e-4f735466cecf":"f.24B59690DB8413BEE8D229DFAEDEAD25.d.456B3769A5E8A7D76FCB550BD3186532.e.2994"},"getValue",[]]}
COMMAND: POST /session/22675cbf295e23214948e3e385e3f86d/element - {"using":"xpath","value":"//input[@id = \"application-managepartners-display-component---detailPtm--addressDetailDetailsLanguage-inner\"]"}
RESULT: {"using":"xpath","value":"//input[@id = \"application-managepartners-display-component---detailPtm--addressDetailDetailsLanguage-inner\"]"}
COMMAND: GET /session/22675cbf295e23214948e3e385e3f86d/element/f.24B59690DB8413BEE8D229DFAEDEAD25.d.456B3769A5E8A7D76FCB550BD3186532.e.2995/property/value - {}
RESULT: {}
COMMAND: POST /session/22675cbf295e23214948e3e385e3f86d/execute/async - {"script":"<script> [1562 bytes]","args":[{"selector":{"id":"application-managepartners-display-component---detailPtm--addressDetailDetailsCity1"},"wdio_ui5_key":"applicationmanagepartners-display-component---detailPtm--addressDetailDetailsCity1"}]}
COMMAND: GET /session/22675cbf295e23214948e3e385e3f86d/screenshot - {}
RESULT: {"script":"<script> [1562 bytes]","args":[{"selector":{"id":"application-managepartners-display-component---detailPtm--addressDetailDetailsCity1"},"wdio_ui5_key":"applicationmanagepartners-display-component---detailPtm--addressDetailDetailsCity1"}]}
RESULT: undefined
COMMAND: POST /session/22675cbf295e23214948e3e385e3f86d/execute/async - {"script":"<script> [6424 bytes]","args":[{"element-6066-11e4-a52e-4f735466cecf":"f.24B59690DB8413BEE8D229DFAEDEAD25.d.456B3769A5E8A7D76FCB550BD3186532.e.2996"},"getValue",[]]}
RESULT: {}
RESULT: {"script":"<script> [6424 bytes]","args":[{"element-6066-11e4-a52e-4f735466cecf":"f.24B59690DB8413BEE8D229DFAEDEAD25.d.456B3769A5E8A7D76FCB550BD3186532.e.2996"},"getValue",[]]}
COMMAND: POST /session/22675cbf295e23214948e3e385e3f86d/element - {"using":"css selector","value":"#shell-header-logo"}
RESULT: {"using":"css selector","value":"#shell-header-logo"}
COMMAND: POST /session/22675cbf295e23214948e3e385e3f86d/element/f.24B59690DB8413BEE8D229DFAEDEAD25.d.456B3769A5E8A7D76FCB550BD3186532.e.2561/click - {}
RESULT: {}
COMMAND: GET /session/22675cbf295e23214948e3e385e3f86d/screenshot - {}
RESULT: {}
]]></system-out>
    </testcase>
    <testcase classname="chrome.136_0_7103_93.windows.Partner_specific_tests_US150819_US151080_US151654_US151176_US103444_US151078_US151079_US151109_US151174_US151175_US151189" name="Should create a new intercompany partner edit some of its fields US151078" time="272.739">
      <system-out><![CDATA[
COMMAND: POST /session/22675cbf295e23214948e3e385e3f86d/element - {"using":"xpath","value":"//li[.//span[text()=\"Manage Partners\"]]"}
RESULT: {"using":"xpath","value":"//li[.//span[text()=\"Manage Partners\"]]"}
COMMAND: POST /session/22675cbf295e23214948e3e385e3f86d/element - {"using":"xpath","value":"//li[.//span[text()=\"Manage Partners\"]]"}
RESULT: {"using":"xpath","value":"//li[.//span[text()=\"Manage Partners\"]]"}
COMMAND: POST /session/22675cbf295e23214948e3e385e3f86d/element - {"using":"css selector","value":"#shell-header-logo"}
RESULT: {"using":"css selector","value":"#shell-header-logo"}
COMMAND: POST /session/22675cbf295e23214948e3e385e3f86d/element/f.24B59690DB8413BEE8D229DFAEDEAD25.d.456B3769A5E8A7D76FCB550BD3186532.e.3027/click - {}
COMMAND: POST /session/22675cbf295e23214948e3e385e3f86d/execute/sync - {"script":"<script> [8489 bytes]","args":[{"element-6066-11e4-a52e-4f735466cecf":"f.24B59690DB8413BEE8D229DFAEDEAD25.d.456B3769A5E8A7D76FCB550BD3186532.e.3027","ELEMENT":"f.24B59690DB8413BEE8D229DFAEDEAD25.d.456B3769A5E8A7D76FCB550BD3186532.e.3027"}]}
RESULT: {}
COMMAND: GET /session/22675cbf295e23214948e3e385e3f86d/screenshot - {}
RESULT: {"script":"<script> [8489 bytes]","args":[{"element-6066-11e4-a52e-4f735466cecf":"f.24B59690DB8413BEE8D229DFAEDEAD25.d.456B3769A5E8A7D76FCB550BD3186532.e.3027","ELEMENT":"f.24B59690DB8413BEE8D229DFAEDEAD25.d.456B3769A5E8A7D76FCB550BD3186532.e.3027"}]}
COMMAND: POST /session/22675cbf295e23214948e3e385e3f86d/execute/sync - {"script":"<script> [5351 bytes]","args":[{"element-6066-11e4-a52e-4f735466cecf":"f.24B59690DB8413BEE8D229DFAEDEAD25.d.456B3769A5E8A7D76FCB550BD3186532.e.3027","ELEMENT":"f.24B59690DB8413BEE8D229DFAEDEAD25.d.456B3769A5E8A7D76FCB550BD3186532.e.3027"}]}
COMMAND: GET /session/22675cbf295e23214948e3e385e3f86d/screenshot - {}
RESULT: {}
RESULT: {"script":"<script> [5351 bytes]","args":[{"element-6066-11e4-a52e-4f735466cecf":"f.24B59690DB8413BEE8D229DFAEDEAD25.d.456B3769A5E8A7D76FCB550BD3186532.e.3027","ELEMENT":"f.24B59690DB8413BEE8D229DFAEDEAD25.d.456B3769A5E8A7D76FCB550BD3186532.e.3027"}]}
COMMAND: GET /session/22675cbf295e23214948e3e385e3f86d/screenshot - {}
RESULT: {}
RESULT: {}
COMMAND: POST /session/22675cbf295e23214948e3e385e3f86d/refresh - {}
RESULT: {}
COMMAND: GET /session/22675cbf295e23214948e3e385e3f86d/screenshot - {}
RESULT: {}
COMMAND: POST /session/22675cbf295e23214948e3e385e3f86d/refresh - {}
RESULT: {}
COMMAND: GET /session/22675cbf295e23214948e3e385e3f86d/screenshot - {}
RESULT: {}
COMMAND: POST /session/22675cbf295e23214948e3e385e3f86d/window/fullscreen - {}
RESULT: {}
COMMAND: POST /session/22675cbf295e23214948e3e385e3f86d/execute/async - {"script":"<script> [189 bytes]","args":[]}
RESULT: {"script":"<script> [189 bytes]","args":[]}
COMMAND: POST /session/22675cbf295e23214948e3e385e3f86d/execute/async - {"script":"<script> [123 bytes]","args":[]}
RESULT: {"script":"<script> [123 bytes]","args":[]}
COMMAND: POST /session/22675cbf295e23214948e3e385e3f86d/timeouts - {"script":"<number>"}
RESULT: {"script":"<number>"}
COMMAND: GET /session/22675cbf295e23214948e3e385e3f86d/timeouts - {}
RESULT: {}
RESULT: undefined
COMMAND: POST /session/22675cbf295e23214948e3e385e3f86d/execute/async - {"script":"<script> [2676 bytes]","args":[]}
RESULT: {"script":"<script> [2676 bytes]","args":[]}
COMMAND: POST /session/22675cbf295e23214948e3e385e3f86d/execute/async - {"script":"<script> [2342 bytes]","args":[{"protocol":"http","hostname":"0.0.0.0","path":"/","capabilities":{"browserName":"chrome","goog:chromeOptions":{"binary":"C:\\Program Files\\Google\\Chrome\\Application\\chrome.exe","args":["--start-maximized"]}},"logLevel":"warn","connectionRetryTimeout":120000,"connectionRetryCount":3,"logLevels":{},"enableDirectConnect":true,"strictSSL":true,"_":"65 more keys: [\"cacheDir\",\"port\",\"requestedCapabilities\",\"automationProtocol\",\"baseUrl\",\"waitforInterval\",\"waitforTimeout\",\"onReload\",\"beforeCommand\",\"afterCommand\",\"rootDir\",\"specs\",\"suites\",\"exclude\",\"groupLogsByTestSpec\",\"excludeDriverLogs\",\"bail\",\"framework\",\"reporters\",\"services\",\"maxInstances\",\"maxInstancesPerCapability\",\"injectGlobals\",\"filesToWatch\",\"execArgv\",\"runnerEnv\",\"runner\",\"shard\",\"specFileRetries\",\"specFileRetriesDelay\",\"specFileRetriesDeferred\",\"reporterSyncInterval\",\"reporterSyncTimeout\",\"cucumberFeaturesWithLineNumbers\",\"autoCompileOpts\",\"mochaOpts\",\"jasmineOpts\",\"cucumberOpts\",\"onPrepare\",\"onWorkerStart\",\"onWorkerEnd\",\"before\",\"beforeSession\",\"beforeSuite\",\"beforeHook\",\"beforeTest\",\"afterTest\",\"afterHook\",\"afterSuite\",\"afterSession\",\"after\",\"onComplete\",\"beforeAssertion\",\"afterAssertion\",\"beforeFeature\",\"beforeScenario\",\"beforeStep\",\"afterStep\",\"afterScenario\",\"afterFeature\",\"_\",\"suite\",\"$0\",\"ignoredWorkerServices\",\"wdi5\"]"}]}
RESULT: {"script":"<script> [2342 bytes]","args":[{"protocol":"http","hostname":"0.0.0.0","path":"/","capabilities":{"browserName":"chrome","goog:chromeOptions":{"binary":"C:\\Program Files\\Google\\Chrome\\Application\\chrome.exe","args":["--start-maximized"]}},"logLevel":"warn","connectionRetryTimeout":120000,"connectionRetryCount":3,"logLevels":{},"enableDirectConnect":true,"strictSSL":true,"_":"65 more keys: [\"cacheDir\",\"port\",\"requestedCapabilities\",\"automationProtocol\",\"baseUrl\",\"waitforInterval\",\"waitforTimeout\",\"onReload\",\"beforeCommand\",\"afterCommand\",\"rootDir\",\"specs\",\"suites\",\"exclude\",\"groupLogsByTestSpec\",\"excludeDriverLogs\",\"bail\",\"framework\",\"reporters\",\"services\",\"maxInstances\",\"maxInstancesPerCapability\",\"injectGlobals\",\"filesToWatch\",\"execArgv\",\"runnerEnv\",\"runner\",\"shard\",\"specFileRetries\",\"specFileRetriesDelay\",\"specFileRetriesDeferred\",\"reporterSyncInterval\",\"reporterSyncTimeout\",\"cucumberFeaturesWithLineNumbers\",\"autoCompileOpts\",\"mochaOpts\",\"jasmineOpts\",\"cucumberOpts\",\"onPrepare\",\"onWorkerStart\",\"onWorkerEnd\",\"before\",\"beforeSession\",\"beforeSuite\",\"beforeHook\",\"beforeTest\",\"afterTest\",\"afterHook\",\"afterSuite\",\"afterSession\",\"after\",\"onComplete\",\"beforeAssertion\",\"afterAssertion\",\"beforeFeature\",\"beforeScenario\",\"beforeStep\",\"afterStep\",\"afterScenario\",\"afterFeature\",\"_\",\"suite\",\"$0\",\"ignoredWorkerServices\",\"wdi5\"]"}]}
COMMAND: POST /session/22675cbf295e23214948e3e385e3f86d/execute/async - {"script":"<script> [21126 bytes]","args":[35000]}
RESULT: {"script":"<script> [21126 bytes]","args":[35000]}
COMMAND: POST /session/22675cbf295e23214948e3e385e3f86d/window/fullscreen - {}
RESULT: {}
COMMAND: POST /session/22675cbf295e23214948e3e385e3f86d/window/fullscreen - {}
RESULT: {}
COMMAND: POST /session/22675cbf295e23214948e3e385e3f86d/execute/async - {"script":"<script> [1562 bytes]","args":[{"selector":{"controlType":"sap.m.GenericTile","properties":{"header":"Manage Partners"}},"wdio_ui5_key":"sapm.GenericTile{\"header\":\"Manage Partners\"}"}]}
RESULT: {"script":"<script> [1562 bytes]","args":[{"selector":{"controlType":"sap.m.GenericTile","properties":{"header":"Manage Partners"}},"wdio_ui5_key":"sapm.GenericTile{\"header\":\"Manage Partners\"}"}]}
RESULT: undefined
COMMAND: POST /session/22675cbf295e23214948e3e385e3f86d/element - {"using":"xpath","value":"//*[@id=\"__tile30\"]"}
RESULT: {"using":"xpath","value":"//*[@id=\"__tile30\"]"}
COMMAND: POST /session/22675cbf295e23214948e3e385e3f86d/element/f.24B59690DB8413BEE8D229DFAEDEAD25.d.1858D66F40F5E1E470A7A159538BB168.e.3090/click - {}
RESULT: {}
COMMAND: GET /session/22675cbf295e23214948e3e385e3f86d/screenshot - {}
RESULT: {}
COMMAND: POST /session/22675cbf295e23214948e3e385e3f86d/elements - {"using":"xpath","value":"//span[text()='Error']"}
RESULT: {"using":"xpath","value":"//span[text()='Error']"}
COMMAND: POST /session/22675cbf295e23214948e3e385e3f86d/element - {"using":"xpath","value":"//button[@data-kt=\"addButton\"]"}
RESULT: {"using":"xpath","value":"//button[@data-kt=\"addButton\"]"}
COMMAND: POST /session/22675cbf295e23214948e3e385e3f86d/elements - {"using":"xpath","value":"//button[@data-kt=\"addButton\"]"}
RESULT: {"using":"xpath","value":"//button[@data-kt=\"addButton\"]"}
COMMAND: POST /session/22675cbf295e23214948e3e385e3f86d/elements - {"using":"xpath","value":"//button[@data-kt=\"addButton\"]"}
RESULT: {"using":"xpath","value":"//button[@data-kt=\"addButton\"]"}
COMMAND: POST /session/22675cbf295e23214948e3e385e3f86d/elements - {"using":"xpath","value":"//button[@data-kt=\"addButton\"]"}
RESULT: {"using":"xpath","value":"//button[@data-kt=\"addButton\"]"}
COMMAND: POST /session/22675cbf295e23214948e3e385e3f86d/element - {"using":"xpath","value":"//button[@data-kt=\"addButton\"]"}
RESULT: {"using":"xpath","value":"//button[@data-kt=\"addButton\"]"}
COMMAND: POST /session/22675cbf295e23214948e3e385e3f86d/execute/sync - {"script":"<script> [8489 bytes]","args":[{"element-6066-11e4-a52e-4f735466cecf":"f.24B59690DB8413BEE8D229DFAEDEAD25.d.1858D66F40F5E1E470A7A159538BB168.e.3201","ELEMENT":"f.24B59690DB8413BEE8D229DFAEDEAD25.d.1858D66F40F5E1E470A7A159538BB168.e.3201"}]}
RESULT: {"script":"<script> [8489 bytes]","args":[{"element-6066-11e4-a52e-4f735466cecf":"f.24B59690DB8413BEE8D229DFAEDEAD25.d.1858D66F40F5E1E470A7A159538BB168.e.3201","ELEMENT":"f.24B59690DB8413BEE8D229DFAEDEAD25.d.1858D66F40F5E1E470A7A159538BB168.e.3201"}]}
COMMAND: GET /session/22675cbf295e23214948e3e385e3f86d/element/f.24B59690DB8413BEE8D229DFAEDEAD25.d.1858D66F40F5E1E470A7A159538BB168.e.3201/enabled - {}
COMMAND: GET /session/22675cbf295e23214948e3e385e3f86d/screenshot - {}
RESULT: {}
COMMAND: POST /session/22675cbf295e23214948e3e385e3f86d/execute/sync - {"script":"<script> [8489 bytes]","args":[{"element-6066-11e4-a52e-4f735466cecf":"f.24B59690DB8413BEE8D229DFAEDEAD25.d.1858D66F40F5E1E470A7A159538BB168.e.3201","ELEMENT":"f.24B59690DB8413BEE8D229DFAEDEAD25.d.1858D66F40F5E1E470A7A159538BB168.e.3201"}]}
COMMAND: GET /session/22675cbf295e23214948e3e385e3f86d/screenshot - {}
RESULT: {}
RESULT: {"script":"<script> [8489 bytes]","args":[{"element-6066-11e4-a52e-4f735466cecf":"f.24B59690DB8413BEE8D229DFAEDEAD25.d.1858D66F40F5E1E470A7A159538BB168.e.3201","ELEMENT":"f.24B59690DB8413BEE8D229DFAEDEAD25.d.1858D66F40F5E1E470A7A159538BB168.e.3201"}]}
COMMAND: POST /session/22675cbf295e23214948e3e385e3f86d/execute/sync - {"script":"<script> [5351 bytes]","args":[{"element-6066-11e4-a52e-4f735466cecf":"f.24B59690DB8413BEE8D229DFAEDEAD25.d.1858D66F40F5E1E470A7A159538BB168.e.3201","ELEMENT":"f.24B59690DB8413BEE8D229DFAEDEAD25.d.1858D66F40F5E1E470A7A159538BB168.e.3201"}]}
COMMAND: GET /session/22675cbf295e23214948e3e385e3f86d/screenshot - {}
RESULT: {}
RESULT: {"script":"<script> [5351 bytes]","args":[{"element-6066-11e4-a52e-4f735466cecf":"f.24B59690DB8413BEE8D229DFAEDEAD25.d.1858D66F40F5E1E470A7A159538BB168.e.3201","ELEMENT":"f.24B59690DB8413BEE8D229DFAEDEAD25.d.1858D66F40F5E1E470A7A159538BB168.e.3201"}]}
COMMAND: POST /session/22675cbf295e23214948e3e385e3f86d/element/f.24B59690DB8413BEE8D229DFAEDEAD25.d.1858D66F40F5E1E470A7A159538BB168.e.3201/click - {}
COMMAND: GET /session/22675cbf295e23214948e3e385e3f86d/screenshot - {}
RESULT: {}
RESULT: {}
COMMAND: GET /session/22675cbf295e23214948e3e385e3f86d/screenshot - {}
RESULT: {}
RESULT: {}
COMMAND: POST /session/22675cbf295e23214948e3e385e3f86d/execute/async - {"script":"<script> [1562 bytes]","args":[{"selector":{"id":"application-managepartners-display-component---NewPartner--addressDetailDetailsName1","interaction":{"idSuffix":"inner"}},"wdio_ui5_key":"applicationmanagepartners-display-component---NewPartner--addressDetailDetailsName1"}]}
RESULT: {"script":"<script> [1562 bytes]","args":[{"selector":{"id":"application-managepartners-display-component---NewPartner--addressDetailDetailsName1","interaction":{"idSuffix":"inner"}},"wdio_ui5_key":"applicationmanagepartners-display-component---NewPartner--addressDetailDetailsName1"}]}
RESULT: undefined
COMMAND: POST /session/22675cbf295e23214948e3e385e3f86d/execute/async - {"script":"<script> [776 bytes]","args":[{"enterText":"Intercompany Partner WDIO","selector":{"id":"application-managepartners-display-component---NewPartner--addressDetailDetailsName1","interaction":{"idSuffix":"inner"}},"clearTextFirst":true,"interactionType":"ENTER_TEXT"}]}
RESULT: {"script":"<script> [776 bytes]","args":[{"enterText":"Intercompany Partner WDIO","selector":{"id":"application-managepartners-display-component---NewPartner--addressDetailDetailsName1","interaction":{"idSuffix":"inner"}},"clearTextFirst":true,"interactionType":"ENTER_TEXT"}]}
COMMAND: POST /session/22675cbf295e23214948e3e385e3f86d/execute/async - {"script":"<script> [1562 bytes]","args":[{"selector":{"id":"application-managepartners-display-component---NewPartner--addressDetailDetailsLanguage-arrow"},"wdio_ui5_key":"applicationmanagepartners-display-component---NewPartner--addressDetailDetailsLanguage-arrow"}]}
RESULT: {"script":"<script> [1562 bytes]","args":[{"selector":{"id":"application-managepartners-display-component---NewPartner--addressDetailDetailsLanguage-arrow"},"wdio_ui5_key":"applicationmanagepartners-display-component---NewPartner--addressDetailDetailsLanguage-arrow"}]}
RESULT: undefined
COMMAND: POST /session/22675cbf295e23214948e3e385e3f86d/element - {"using":"xpath","value":"//*[@id=\"application-managepartners-display-component---NewPartner--addressDetailDetailsLanguage-arrow\"]"}
RESULT: {"using":"xpath","value":"//*[@id=\"application-managepartners-display-component---NewPartner--addressDetailDetailsLanguage-arrow\"]"}
COMMAND: POST /session/22675cbf295e23214948e3e385e3f86d/element/f.24B59690DB8413BEE8D229DFAEDEAD25.d.1858D66F40F5E1E470A7A159538BB168.e.3645/click - {}
RESULT: {}
COMMAND: POST /session/22675cbf295e23214948e3e385e3f86d/element - {"using":"xpath","value":"//span[contains(text(), \"English\")]"}
COMMAND: GET /session/22675cbf295e23214948e3e385e3f86d/screenshot - {}
RESULT: {"using":"xpath","value":"//span[contains(text(), \"English\")]"}
COMMAND: POST /session/22675cbf295e23214948e3e385e3f86d/element/f.24B59690DB8413BEE8D229DFAEDEAD25.d.1858D66F40F5E1E470A7A159538BB168.e.3646/click - {}
RESULT: {}
RESULT: {}
COMMAND: GET /session/22675cbf295e23214948e3e385e3f86d/screenshot - {}
RESULT: {}
COMMAND: POST /session/22675cbf295e23214948e3e385e3f86d/execute/async - {"script":"<script> [1562 bytes]","args":[{"selector":{"id":"application-managepartners-display-component---NewPartner--addressDetailDetailsCity1","interaction":{"idSuffix":"inner"}},"wdio_ui5_key":"applicationmanagepartners-display-component---NewPartner--addressDetailDetailsCity1"}]}
RESULT: {"script":"<script> [1562 bytes]","args":[{"selector":{"id":"application-managepartners-display-component---NewPartner--addressDetailDetailsCity1","interaction":{"idSuffix":"inner"}},"wdio_ui5_key":"applicationmanagepartners-display-component---NewPartner--addressDetailDetailsCity1"}]}
RESULT: undefined
COMMAND: POST /session/22675cbf295e23214948e3e385e3f86d/execute/async - {"script":"<script> [776 bytes]","args":[{"enterText":"Rosario","selector":{"id":"application-managepartners-display-component---NewPartner--addressDetailDetailsCity1","interaction":{"idSuffix":"inner"}},"clearTextFirst":true,"interactionType":"ENTER_TEXT"}]}
RESULT: {"script":"<script> [776 bytes]","args":[{"enterText":"Rosario","selector":{"id":"application-managepartners-display-component---NewPartner--addressDetailDetailsCity1","interaction":{"idSuffix":"inner"}},"clearTextFirst":true,"interactionType":"ENTER_TEXT"}]}
COMMAND: POST /session/22675cbf295e23214948e3e385e3f86d/execute/async - {"script":"<script> [1562 bytes]","args":[{"selector":{"id":"application-managepartners-display-component---NewPartner--addressDetailDetailsCountry-arrow"},"wdio_ui5_key":"applicationmanagepartners-display-component---NewPartner--addressDetailDetailsCountry-arrow"}]}
RESULT: {"script":"<script> [1562 bytes]","args":[{"selector":{"id":"application-managepartners-display-component---NewPartner--addressDetailDetailsCountry-arrow"},"wdio_ui5_key":"applicationmanagepartners-display-component---NewPartner--addressDetailDetailsCountry-arrow"}]}
RESULT: undefined
COMMAND: POST /session/22675cbf295e23214948e3e385e3f86d/element - {"using":"xpath","value":"//*[@id=\"application-managepartners-display-component---NewPartner--addressDetailDetailsCountry-arrow\"]"}
RESULT: {"using":"xpath","value":"//*[@id=\"application-managepartners-display-component---NewPartner--addressDetailDetailsCountry-arrow\"]"}
COMMAND: POST /session/22675cbf295e23214948e3e385e3f86d/element/f.24B59690DB8413BEE8D229DFAEDEAD25.d.1858D66F40F5E1E470A7A159538BB168.e.3606/click - {}
RESULT: {}
COMMAND: POST /session/22675cbf295e23214948e3e385e3f86d/element - {"using":"xpath","value":"//span[contains(text(), \"Argentina\")]"}
COMMAND: GET /session/22675cbf295e23214948e3e385e3f86d/screenshot - {}
RESULT: {"using":"xpath","value":"//span[contains(text(), \"Argentina\")]"}
COMMAND: POST /session/22675cbf295e23214948e3e385e3f86d/element/f.24B59690DB8413BEE8D229DFAEDEAD25.d.1858D66F40F5E1E470A7A159538BB168.e.3648/click - {}
RESULT: {}
RESULT: {}
COMMAND: GET /session/22675cbf295e23214948e3e385e3f86d/screenshot - {}
RESULT: {}
COMMAND: POST /session/22675cbf295e23214948e3e385e3f86d/element - {"using":"xpath","value":"//bdi[contains(text(), \"Commercial\")]"}
RESULT: {"using":"xpath","value":"//bdi[contains(text(), \"Commercial\")]"}
COMMAND: POST /session/22675cbf295e23214948e3e385e3f86d/element/f.24B59690DB8413BEE8D229DFAEDEAD25.d.1858D66F40F5E1E470A7A159538BB168.e.3649/click - {}
RESULT: {}
COMMAND: GET /session/22675cbf295e23214948e3e385e3f86d/screenshot - {}
RESULT: {}
COMMAND: POST /session/22675cbf295e23214948e3e385e3f86d/execute/async - {"script":"<script> [1562 bytes]","args":[{"selector":{"id":"application-managepartners-display-component---NewPartner--partnerDetailInternal-arrow"},"wdio_ui5_key":"applicationmanagepartners-display-component---NewPartner--partnerDetailInternal-arrow"}]}
RESULT: {"script":"<script> [1562 bytes]","args":[{"selector":{"id":"application-managepartners-display-component---NewPartner--partnerDetailInternal-arrow"},"wdio_ui5_key":"applicationmanagepartners-display-component---NewPartner--partnerDetailInternal-arrow"}]}
RESULT: undefined
COMMAND: POST /session/22675cbf295e23214948e3e385e3f86d/element - {"using":"xpath","value":"//*[@id=\"application-managepartners-display-component---NewPartner--partnerDetailInternal-arrow\"]"}
RESULT: {"using":"xpath","value":"//*[@id=\"application-managepartners-display-component---NewPartner--partnerDetailInternal-arrow\"]"}
COMMAND: POST /session/22675cbf295e23214948e3e385e3f86d/element/f.24B59690DB8413BEE8D229DFAEDEAD25.d.1858D66F40F5E1E470A7A159538BB168.e.3655/click - {}
RESULT: {}
COMMAND: POST /session/22675cbf295e23214948e3e385e3f86d/element - {"using":"xpath","value":"//span[contains(text(), \"Affiliated company\")]"}
COMMAND: GET /session/22675cbf295e23214948e3e385e3f86d/screenshot - {}
RESULT: {"using":"xpath","value":"//span[contains(text(), \"Affiliated company\")]"}
COMMAND: POST /session/22675cbf295e23214948e3e385e3f86d/element/f.24B59690DB8413BEE8D229DFAEDEAD25.d.1858D66F40F5E1E470A7A159538BB168.e.3656/click - {}
RESULT: {}
RESULT: {}
COMMAND: POST /session/22675cbf295e23214948e3e385e3f86d/execute/async - {"script":"<script> [1562 bytes]","args":[{"selector":{"id":"application-managepartners-display-component---NewPartner--partnerDetailsCurrency-arrow"},"wdio_ui5_key":"applicationmanagepartners-display-component---NewPartner--partnerDetailsCurrency-arrow"}]}
COMMAND: GET /session/22675cbf295e23214948e3e385e3f86d/screenshot - {}
RESULT: {"script":"<script> [1562 bytes]","args":[{"selector":{"id":"application-managepartners-display-component---NewPartner--partnerDetailsCurrency-arrow"},"wdio_ui5_key":"applicationmanagepartners-display-component---NewPartner--partnerDetailsCurrency-arrow"}]}
RESULT: undefined
COMMAND: POST /session/22675cbf295e23214948e3e385e3f86d/element - {"using":"xpath","value":"//*[@id=\"application-managepartners-display-component---NewPartner--partnerDetailsCurrency-arrow\"]"}
RESULT: {}
RESULT: {"using":"xpath","value":"//*[@id=\"application-managepartners-display-component---NewPartner--partnerDetailsCurrency-arrow\"]"}
COMMAND: POST /session/22675cbf295e23214948e3e385e3f86d/element/f.24B59690DB8413BEE8D229DFAEDEAD25.d.1858D66F40F5E1E470A7A159538BB168.e.3663/click - {}
RESULT: {}
COMMAND: POST /session/22675cbf295e23214948e3e385e3f86d/element - {"using":"xpath","value":"//span[contains(text(), \"Euro\")]"}
COMMAND: GET /session/22675cbf295e23214948e3e385e3f86d/screenshot - {}
RESULT: {"using":"xpath","value":"//span[contains(text(), \"Euro\")]"}
COMMAND: POST /session/22675cbf295e23214948e3e385e3f86d/element/f.24B59690DB8413BEE8D229DFAEDEAD25.d.1858D66F40F5E1E470A7A159538BB168.e.3664/click - {}
RESULT: {}
RESULT: {}
COMMAND: POST /session/22675cbf295e23214948e3e385e3f86d/execute/async - {"script":"<script> [1562 bytes]","args":[{"selector":{"id":"application-managepartners-display-component---NewPartner--addressEditDetailsCostObjectCstType-arrow"},"wdio_ui5_key":"applicationmanagepartners-display-component---NewPartner--addressEditDetailsCostObjectCstType-arrow"}]}
COMMAND: GET /session/22675cbf295e23214948e3e385e3f86d/screenshot - {}
RESULT: {"script":"<script> [1562 bytes]","args":[{"selector":{"id":"application-managepartners-display-component---NewPartner--addressEditDetailsCostObjectCstType-arrow"},"wdio_ui5_key":"applicationmanagepartners-display-component---NewPartner--addressEditDetailsCostObjectCstType-arrow"}]}
RESULT: undefined
COMMAND: POST /session/22675cbf295e23214948e3e385e3f86d/element - {"using":"xpath","value":"//*[@id=\"application-managepartners-display-component---NewPartner--addressEditDetailsCostObjectCstType-arrow\"]"}
RESULT: {}
RESULT: {"using":"xpath","value":"//*[@id=\"application-managepartners-display-component---NewPartner--addressEditDetailsCostObjectCstType-arrow\"]"}
COMMAND: POST /session/22675cbf295e23214948e3e385e3f86d/element/f.24B59690DB8413BEE8D229DFAEDEAD25.d.1858D66F40F5E1E470A7A159538BB168.e.3665/click - {}
RESULT: {}
COMMAND: POST /session/22675cbf295e23214948e3e385e3f86d/element - {"using":"xpath","value":"//span[contains(text(), \"Cost Center\")]"}
COMMAND: GET /session/22675cbf295e23214948e3e385e3f86d/screenshot - {}
RESULT: {"using":"xpath","value":"//span[contains(text(), \"Cost Center\")]"}
COMMAND: POST /session/22675cbf295e23214948e3e385e3f86d/element/f.24B59690DB8413BEE8D229DFAEDEAD25.d.1858D66F40F5E1E470A7A159538BB168.e.3666/click - {}
RESULT: {}
RESULT: {}
COMMAND: GET /session/22675cbf295e23214948e3e385e3f86d/screenshot - {}
RESULT: {}
COMMAND: POST /session/22675cbf295e23214948e3e385e3f86d/element - {"using":"xpath","value":"//span[@id=\"application-managepartners-display-component---NewPartner--addressNewCostObjectCstID-vhi\"]"}
RESULT: {"using":"xpath","value":"//span[@id=\"application-managepartners-display-component---NewPartner--addressNewCostObjectCstID-vhi\"]"}
COMMAND: POST /session/22675cbf295e23214948e3e385e3f86d/execute/sync - {"script":"<script> [8489 bytes]","args":[{"element-6066-11e4-a52e-4f735466cecf":"f.24B59690DB8413BEE8D229DFAEDEAD25.d.1858D66F40F5E1E470A7A159538BB168.e.3670","ELEMENT":"f.24B59690DB8413BEE8D229DFAEDEAD25.d.1858D66F40F5E1E470A7A159538BB168.e.3670"}]}
RESULT: {"script":"<script> [8489 bytes]","args":[{"element-6066-11e4-a52e-4f735466cecf":"f.24B59690DB8413BEE8D229DFAEDEAD25.d.1858D66F40F5E1E470A7A159538BB168.e.3670","ELEMENT":"f.24B59690DB8413BEE8D229DFAEDEAD25.d.1858D66F40F5E1E470A7A159538BB168.e.3670"}]}
COMMAND: POST /session/22675cbf295e23214948e3e385e3f86d/execute/async - {"script":"<script> [1562 bytes]","args":[{"selector":{"id":"application-managepartners-display-component---NewPartner--addressNewCostObjectCstID-vhi"},"wdio_ui5_key":"applicationmanagepartners-display-component---NewPartner--addressNewCostObjectCstID-vhi"}]}
COMMAND: GET /session/22675cbf295e23214948e3e385e3f86d/screenshot - {}
RESULT: {"script":"<script> [1562 bytes]","args":[{"selector":{"id":"application-managepartners-display-component---NewPartner--addressNewCostObjectCstID-vhi"},"wdio_ui5_key":"applicationmanagepartners-display-component---NewPartner--addressNewCostObjectCstID-vhi"}]}
RESULT: undefined
COMMAND: POST /session/22675cbf295e23214948e3e385e3f86d/element - {"using":"xpath","value":"//*[@id=\"application-managepartners-display-component---NewPartner--addressNewCostObjectCstID-vhi\"]"}
RESULT: {}
RESULT: {"using":"xpath","value":"//*[@id=\"application-managepartners-display-component---NewPartner--addressNewCostObjectCstID-vhi\"]"}
COMMAND: POST /session/22675cbf295e23214948e3e385e3f86d/element/f.24B59690DB8413BEE8D229DFAEDEAD25.d.1858D66F40F5E1E470A7A159538BB168.e.3670/click - {}
RESULT: {}
COMMAND: GET /session/22675cbf295e23214948e3e385e3f86d/screenshot - {}
RESULT: {}
COMMAND: POST /session/22675cbf295e23214948e3e385e3f86d/execute/async - {"script":"<script> [1562 bytes]","args":[{"selector":{"controlType":"sap.m.SearchField","properties":{"placeholder":"Search"},"searchOpenDialogs":true,"interaction":{"idSuffix":"I"}},"wdio_ui5_key":"sapm.SearchField{\"placeholder\":\"Search\"}"}]}
RESULT: {"script":"<script> [1562 bytes]","args":[{"selector":{"controlType":"sap.m.SearchField","properties":{"placeholder":"Search"},"searchOpenDialogs":true,"interaction":{"idSuffix":"I"}},"wdio_ui5_key":"sapm.SearchField{\"placeholder\":\"Search\"}"}]}
RESULT: undefined
COMMAND: POST /session/22675cbf295e23214948e3e385e3f86d/execute/async - {"script":"<script> [776 bytes]","args":[{"enterText":"10001013","selector":{"controlType":"sap.m.SearchField","properties":{"placeholder":"Search"},"searchOpenDialogs":true,"interaction":{"idSuffix":"I"}},"clearTextFirst":true,"interactionType":"ENTER_TEXT"}]}
RESULT: {"script":"<script> [776 bytes]","args":[{"enterText":"10001013","selector":{"controlType":"sap.m.SearchField","properties":{"placeholder":"Search"},"searchOpenDialogs":true,"interaction":{"idSuffix":"I"}},"clearTextFirst":true,"interactionType":"ENTER_TEXT"}]}
COMMAND: POST /session/22675cbf295e23214948e3e385e3f86d/actions - {"actions":[{"id":"action7","type":"key","parameters":{},"actions":[{"type":"keyDown","value":"î€‡"},{"type":"pause","duration":10},{"type":"keyUp","value":"î€‡"}]}]}
RESULT: {"actions":[{"id":"action7","type":"key","parameters":{},"actions":[{"type":"keyDown","value":"î€‡"},{"type":"pause","duration":10},{"type":"keyUp","value":"î€‡"}]}]}
COMMAND: GET /session/22675cbf295e23214948e3e385e3f86d/screenshot - {}
RESULT: {}
COMMAND: POST /session/22675cbf295e23214948e3e385e3f86d/element - {"using":"xpath","value":"//span[contains(text(), \"General Management\")]"}
RESULT: {"using":"xpath","value":"//span[contains(text(), \"General Management\")]"}
COMMAND: POST /session/22675cbf295e23214948e3e385e3f86d/element/f.24B59690DB8413BEE8D229DFAEDEAD25.d.1858D66F40F5E1E470A7A159538BB168.e.3713/click - {}
RESULT: {}
COMMAND: GET /session/22675cbf295e23214948e3e385e3f86d/screenshot - {}
RESULT: {}
COMMAND: POST /session/22675cbf295e23214948e3e385e3f86d/element - {"using":"xpath","value":"//bdi[contains(text(), \"OK\")]"}
RESULT: {"using":"xpath","value":"//bdi[contains(text(), \"OK\")]"}
COMMAND: POST /session/22675cbf295e23214948e3e385e3f86d/element/f.24B59690DB8413BEE8D229DFAEDEAD25.d.1858D66F40F5E1E470A7A159538BB168.e.3714/click - {}
RESULT: {}
COMMAND: GET /session/22675cbf295e23214948e3e385e3f86d/screenshot - {}
RESULT: {}
COMMAND: POST /session/22675cbf295e23214948e3e385e3f86d/element - {"using":"xpath","value":"//input[@id=\"application-managepartners-display-component---NewPartner--companyCodeComboBox-inner\"]"}
RESULT: {"using":"xpath","value":"//input[@id=\"application-managepartners-display-component---NewPartner--companyCodeComboBox-inner\"]"}
COMMAND: POST /session/22675cbf295e23214948e3e385e3f86d/element/f.24B59690DB8413BEE8D229DFAEDEAD25.d.1858D66F40F5E1E470A7A159538BB168.e.3597/clear - {}
RESULT: {}
COMMAND: POST /session/22675cbf295e23214948e3e385e3f86d/element/f.24B59690DB8413BEE8D229DFAEDEAD25.d.1858D66F40F5E1E470A7A159538BB168.e.3597/value - {"text":"C002"}
COMMAND: GET /session/22675cbf295e23214948e3e385e3f86d/screenshot - {}
RESULT: {"text":"C002"}
COMMAND: GET /session/22675cbf295e23214948e3e385e3f86d/screenshot - {}
RESULT: {}
RESULT: {}
COMMAND: POST /session/22675cbf295e23214948e3e385e3f86d/element - {"using":"xpath","value":"//li[.//span[text()= \"C002\"]]"}
RESULT: {"using":"xpath","value":"//li[.//span[text()= \"C002\"]]"}
COMMAND: POST /session/22675cbf295e23214948e3e385e3f86d/element/f.24B59690DB8413BEE8D229DFAEDEAD25.d.1858D66F40F5E1E470A7A159538BB168.e.3720/click - {}
RESULT: {}
COMMAND: GET /session/22675cbf295e23214948e3e385e3f86d/screenshot - {}
RESULT: {}
COMMAND: POST /session/22675cbf295e23214948e3e385e3f86d/execute/async - {"script":"<script> [1562 bytes]","args":[{"selector":{"id":"application-managepartners-display-component---NewPartner--btnAddTableRow-img"},"wdio_ui5_key":"applicationmanagepartners-display-component---NewPartner--btnAddTableRow-img"}]}
RESULT: {"script":"<script> [1562 bytes]","args":[{"selector":{"id":"application-managepartners-display-component---NewPartner--btnAddTableRow-img"},"wdio_ui5_key":"applicationmanagepartners-display-component---NewPartner--btnAddTableRow-img"}]}
RESULT: undefined
COMMAND: POST /session/22675cbf295e23214948e3e385e3f86d/element - {"using":"xpath","value":"//*[@id=\"application-managepartners-display-component---NewPartner--btnAddTableRow-img\"]"}
RESULT: {"using":"xpath","value":"//*[@id=\"application-managepartners-display-component---NewPartner--btnAddTableRow-img\"]"}
COMMAND: POST /session/22675cbf295e23214948e3e385e3f86d/element/f.24B59690DB8413BEE8D229DFAEDEAD25.d.1858D66F40F5E1E470A7A159538BB168.e.3721/click - {}
RESULT: {}
COMMAND: GET /session/22675cbf295e23214948e3e385e3f86d/screenshot - {}
RESULT: {}
COMMAND: POST /session/22675cbf295e23214948e3e385e3f86d/element - {"using":"xpath","value":"//input[@id=\"application-managepartners-display-component---NewPartner--assignmentYard-application-managepartners-display-component---NewPartner--assignmentsTable-0-inner\"]"}
RESULT: {"using":"xpath","value":"//input[@id=\"application-managepartners-display-component---NewPartner--assignmentYard-application-managepartners-display-component---NewPartner--assignmentsTable-0-inner\"]"}
COMMAND: POST /session/22675cbf295e23214948e3e385e3f86d/element/f.24B59690DB8413BEE8D229DFAEDEAD25.d.1858D66F40F5E1E470A7A159538BB168.e.3724/clear - {}
RESULT: {}
COMMAND: POST /session/22675cbf295e23214948e3e385e3f86d/element/f.24B59690DB8413BEE8D229DFAEDEAD25.d.1858D66F40F5E1E470A7A159538BB168.e.3724/value - {"text":"506"}
COMMAND: GET /session/22675cbf295e23214948e3e385e3f86d/screenshot - {}
RESULT: {"text":"506"}
COMMAND: GET /session/22675cbf295e23214948e3e385e3f86d/screenshot - {}
RESULT: {}
RESULT: {}
COMMAND: POST /session/22675cbf295e23214948e3e385e3f86d/element - {"using":"xpath","value":"//li[.//span[text()='506']]"}
RESULT: {"using":"xpath","value":"//li[.//span[text()='506']]"}
COMMAND: POST /session/22675cbf295e23214948e3e385e3f86d/element/f.24B59690DB8413BEE8D229DFAEDEAD25.d.1858D66F40F5E1E470A7A159538BB168.e.3733/click - {}
RESULT: {}
COMMAND: GET /session/22675cbf295e23214948e3e385e3f86d/screenshot - {}
RESULT: {}
COMMAND: POST /session/22675cbf295e23214948e3e385e3f86d/actions - {"actions":[{"id":"action8","type":"key","parameters":{},"actions":[{"type":"keyDown","value":"î€‡"},{"type":"pause","duration":10},{"type":"keyUp","value":"î€‡"}]}]}
RESULT: {"actions":[{"id":"action8","type":"key","parameters":{},"actions":[{"type":"keyDown","value":"î€‡"},{"type":"pause","duration":10},{"type":"keyUp","value":"î€‡"}]}]}
COMMAND: POST /session/22675cbf295e23214948e3e385e3f86d/execute/async - {"script":"<script> [1562 bytes]","args":[{"selector":{"id":"application-managepartners-display-component---NewPartner--externalCustomerComboBox-application-managepartners-display-component---NewPartner--assignmentsTable-0-vhi"},"wdio_ui5_key":"applicationmanagepartners-display-component---NewPartner--externalCustomerComboBox-application-managepartners-display-component---NewPartner--assignmentsTable-0-vhi"}]}
COMMAND: GET /session/22675cbf295e23214948e3e385e3f86d/screenshot - {}
RESULT: {"script":"<script> [1562 bytes]","args":[{"selector":{"id":"application-managepartners-display-component---NewPartner--externalCustomerComboBox-application-managepartners-display-component---NewPartner--assignmentsTable-0-vhi"},"wdio_ui5_key":"applicationmanagepartners-display-component---NewPartner--externalCustomerComboBox-application-managepartners-display-component---NewPartner--assignmentsTable-0-vhi"}]}
RESULT: undefined
COMMAND: POST /session/22675cbf295e23214948e3e385e3f86d/element - {"using":"xpath","value":"//*[@id=\"application-managepartners-display-component---NewPartner--externalCustomerComboBox-application-managepartners-display-component---NewPartner--assignmentsTable-0-vhi\"]"}
RESULT: {}
RESULT: {"using":"xpath","value":"//*[@id=\"application-managepartners-display-component---NewPartner--externalCustomerComboBox-application-managepartners-display-component---NewPartner--assignmentsTable-0-vhi\"]"}
COMMAND: POST /session/22675cbf295e23214948e3e385e3f86d/element/f.24B59690DB8413BEE8D229DFAEDEAD25.d.1858D66F40F5E1E470A7A159538BB168.e.3737/click - {}
RESULT: {}
RESULT: undefined
COMMAND: POST /session/22675cbf295e23214948e3e385e3f86d/execute/async - {"script":"<script> [776 bytes]","args":[{"enterText":"300003","selector":{"controlType":"sap.m.SearchField","properties":{"placeholder":"Search"},"searchOpenDialogs":true,"interaction":{"idSuffix":"I"}},"clearTextFirst":true,"interactionType":"ENTER_TEXT"}]}
COMMAND: GET /session/22675cbf295e23214948e3e385e3f86d/screenshot - {}
RESULT: {"script":"<script> [776 bytes]","args":[{"enterText":"300003","selector":{"controlType":"sap.m.SearchField","properties":{"placeholder":"Search"},"searchOpenDialogs":true,"interaction":{"idSuffix":"I"}},"clearTextFirst":true,"interactionType":"ENTER_TEXT"}]}
COMMAND: POST /session/22675cbf295e23214948e3e385e3f86d/actions - {"actions":[{"id":"action9","type":"key","parameters":{},"actions":[{"type":"keyDown","value":"î€‡"},{"type":"pause","duration":10},{"type":"keyUp","value":"î€‡"}]}]}
RESULT: {}
RESULT: {"actions":[{"id":"action9","type":"key","parameters":{},"actions":[{"type":"keyDown","value":"î€‡"},{"type":"pause","duration":10},{"type":"keyUp","value":"î€‡"}]}]}
COMMAND: GET /session/22675cbf295e23214948e3e385e3f86d/screenshot - {}
RESULT: {}
COMMAND: POST /session/22675cbf295e23214948e3e385e3f86d/element - {"using":"xpath","value":"//span[contains(text(), \"300003\")]"}
RESULT: {"using":"xpath","value":"//span[contains(text(), \"300003\")]"}
COMMAND: POST /session/22675cbf295e23214948e3e385e3f86d/element/f.24B59690DB8413BEE8D229DFAEDEAD25.d.1858D66F40F5E1E470A7A159538BB168.e.3756/click - {}
RESULT: {}
COMMAND: GET /session/22675cbf295e23214948e3e385e3f86d/screenshot - {}
RESULT: {}
COMMAND: POST /session/22675cbf295e23214948e3e385e3f86d/element - {"using":"xpath","value":"//bdi[contains(text(), \"OK\")]"}
RESULT: {"using":"xpath","value":"//bdi[contains(text(), \"OK\")]"}
COMMAND: POST /session/22675cbf295e23214948e3e385e3f86d/element/f.24B59690DB8413BEE8D229DFAEDEAD25.d.1858D66F40F5E1E470A7A159538BB168.e.3758/click - {}
RESULT: {}
COMMAND: GET /session/22675cbf295e23214948e3e385e3f86d/screenshot - {}
COMMAND: POST /session/22675cbf295e23214948e3e385e3f86d/execute/async - {"script":"<script> [1562 bytes]","args":[{"selector":{"id":"application-managepartners-display-component---NewPartner--intercompVendorComboBox-application-managepartners-display-component---NewPartner--assignmentsTable-0-vhi"},"wdio_ui5_key":"applicationmanagepartners-display-component---NewPartner--intercompVendorComboBox-application-managepartners-display-component---NewPartner--assignmentsTable-0-vhi"}]}
RESULT: {}
RESULT: {"script":"<script> [1562 bytes]","args":[{"selector":{"id":"application-managepartners-display-component---NewPartner--intercompVendorComboBox-application-managepartners-display-component---NewPartner--assignmentsTable-0-vhi"},"wdio_ui5_key":"applicationmanagepartners-display-component---NewPartner--intercompVendorComboBox-application-managepartners-display-component---NewPartner--assignmentsTable-0-vhi"}]}
RESULT: undefined
COMMAND: POST /session/22675cbf295e23214948e3e385e3f86d/element - {"using":"xpath","value":"//*[@id=\"application-managepartners-display-component---NewPartner--intercompVendorComboBox-application-managepartners-display-component---NewPartner--assignmentsTable-0-vhi\"]"}
RESULT: {"using":"xpath","value":"//*[@id=\"application-managepartners-display-component---NewPartner--intercompVendorComboBox-application-managepartners-display-component---NewPartner--assignmentsTable-0-vhi\"]"}
COMMAND: POST /session/22675cbf295e23214948e3e385e3f86d/element/f.24B59690DB8413BEE8D229DFAEDEAD25.d.1858D66F40F5E1E470A7A159538BB168.e.3762/click - {}
RESULT: {}
RESULT: undefined
COMMAND: POST /session/22675cbf295e23214948e3e385e3f86d/execute/async - {"script":"<script> [776 bytes]","args":[{"enterText":"100005","selector":{"controlType":"sap.m.SearchField","properties":{"placeholder":"Search"},"searchOpenDialogs":true,"interaction":{"idSuffix":"I"}},"clearTextFirst":true,"interactionType":"ENTER_TEXT"}]}
COMMAND: GET /session/22675cbf295e23214948e3e385e3f86d/screenshot - {}
RESULT: {"script":"<script> [776 bytes]","args":[{"enterText":"100005","selector":{"controlType":"sap.m.SearchField","properties":{"placeholder":"Search"},"searchOpenDialogs":true,"interaction":{"idSuffix":"I"}},"clearTextFirst":true,"interactionType":"ENTER_TEXT"}]}
COMMAND: POST /session/22675cbf295e23214948e3e385e3f86d/actions - {"actions":[{"id":"action10","type":"key","parameters":{},"actions":[{"type":"keyDown","value":"î€‡"},{"type":"pause","duration":10},{"type":"keyUp","value":"î€‡"}]}]}
RESULT: {}
RESULT: {"actions":[{"id":"action10","type":"key","parameters":{},"actions":[{"type":"keyDown","value":"î€‡"},{"type":"pause","duration":10},{"type":"keyUp","value":"î€‡"}]}]}
COMMAND: GET /session/22675cbf295e23214948e3e385e3f86d/screenshot - {}
RESULT: {}
COMMAND: POST /session/22675cbf295e23214948e3e385e3f86d/element - {"using":"xpath","value":"//span[contains(text(), \"Penguins - Field/12345 Berlin\")]"}
RESULT: {"using":"xpath","value":"//span[contains(text(), \"Penguins - Field/12345 Berlin\")]"}
COMMAND: POST /session/22675cbf295e23214948e3e385e3f86d/element/f.24B59690DB8413BEE8D229DFAEDEAD25.d.1858D66F40F5E1E470A7A159538BB168.e.3781/click - {}
RESULT: {}
COMMAND: GET /session/22675cbf295e23214948e3e385e3f86d/screenshot - {}
RESULT: {}
COMMAND: POST /session/22675cbf295e23214948e3e385e3f86d/element - {"using":"xpath","value":"//bdi[contains(text(), \"OK\")]"}
RESULT: {"using":"xpath","value":"//bdi[contains(text(), \"OK\")]"}
COMMAND: POST /session/22675cbf295e23214948e3e385e3f86d/element/f.24B59690DB8413BEE8D229DFAEDEAD25.d.1858D66F40F5E1E470A7A159538BB168.e.3783/click - {}
RESULT: {}
COMMAND: GET /session/22675cbf295e23214948e3e385e3f86d/screenshot - {}
RESULT: {}
COMMAND: POST /session/22675cbf295e23214948e3e385e3f86d/element - {"using":"xpath","value":"//button[@data-kt=\"saveButton\"]"}
RESULT: {"using":"xpath","value":"//button[@data-kt=\"saveButton\"]"}
COMMAND: POST /session/22675cbf295e23214948e3e385e3f86d/element/f.24B59690DB8413BEE8D229DFAEDEAD25.d.1858D66F40F5E1E470A7A159538BB168.e.3602/click - {}
RESULT: {}
COMMAND: GET /session/22675cbf295e23214948e3e385e3f86d/screenshot - {}
RESULT: {}
COMMAND: POST /session/22675cbf295e23214948e3e385e3f86d/element - {"using":"xpath","value":"//header[contains(@id, 'ObjectPageLayout-headerTitle')]/div[1]/div[2]/div[2]/span[1]"}
RESULT: {"using":"xpath","value":"//header[contains(@id, 'ObjectPageLayout-headerTitle')]/div[1]/div[2]/div[2]/span[1]"}
COMMAND: POST /session/22675cbf295e23214948e3e385e3f86d/elements - {"using":"xpath","value":"//header[contains(@id, 'ObjectPageLayout-headerTitle')]/div[1]/div[2]/div[2]/span[1]"}
RESULT: {"using":"xpath","value":"//header[contains(@id, 'ObjectPageLayout-headerTitle')]/div[1]/div[2]/div[2]/span[1]"}
COMMAND: POST /session/22675cbf295e23214948e3e385e3f86d/execute/sync - {"script":"<script> [56 bytes]","args":[{"element-6066-11e4-a52e-4f735466cecf":"f.24B59690DB8413BEE8D229DFAEDEAD25.d.1858D66F40F5E1E470A7A159538BB168.e.3952","ELEMENT":"f.24B59690DB8413BEE8D229DFAEDEAD25.d.1858D66F40F5E1E470A7A159538BB168.e.3952"}]}
RESULT: {"script":"<script> [56 bytes]","args":[{"element-6066-11e4-a52e-4f735466cecf":"f.24B59690DB8413BEE8D229DFAEDEAD25.d.1858D66F40F5E1E470A7A159538BB168.e.3952","ELEMENT":"f.24B59690DB8413BEE8D229DFAEDEAD25.d.1858D66F40F5E1E470A7A159538BB168.e.3952"}]}
COMMAND: POST /session/22675cbf295e23214948e3e385e3f86d/element - {"using":"css selector","value":"#shell-header-logo"}
COMMAND: GET /session/22675cbf295e23214948e3e385e3f86d/screenshot - {}
RESULT: {"using":"css selector","value":"#shell-header-logo"}
COMMAND: POST /session/22675cbf295e23214948e3e385e3f86d/element/f.24B59690DB8413BEE8D229DFAEDEAD25.d.1858D66F40F5E1E470A7A159538BB168.e.3166/click - {}
RESULT: {}
RESULT: {}
COMMAND: GET /session/22675cbf295e23214948e3e385e3f86d/screenshot - {}
RESULT: {}
COMMAND: POST /session/22675cbf295e23214948e3e385e3f86d/execute/sync - {"script":"<script> [299 bytes]","args":[["getModel","getResource"]]}
RESULT: {"script":"<script> [299 bytes]","args":[["getModel","getResource"]]}
RESULT: undefined
COMMAND: POST /session/22675cbf295e23214948e3e385e3f86d/element - {"using":"xpath","value":"//*[@id=\"__tile30\"]"}
COMMAND: GET /session/22675cbf295e23214948e3e385e3f86d/screenshot - {}
RESULT: {"using":"xpath","value":"//*[@id=\"__tile30\"]"}
COMMAND: POST /session/22675cbf295e23214948e3e385e3f86d/element/f.24B59690DB8413BEE8D229DFAEDEAD25.d.1858D66F40F5E1E470A7A159538BB168.e.3090/click - {}
RESULT: {}
RESULT: {}
COMMAND: GET /session/22675cbf295e23214948e3e385e3f86d/screenshot - {}
RESULT: {}
COMMAND: POST /session/22675cbf295e23214948e3e385e3f86d/elements - {"using":"xpath","value":"//span[text()='Error']"}
RESULT: {"using":"xpath","value":"//span[text()='Error']"}
COMMAND: POST /session/22675cbf295e23214948e3e385e3f86d/element - {"using":"xpath","value":"//button[@data-kt=\"addButton\"]"}
RESULT: {"using":"xpath","value":"//button[@data-kt=\"addButton\"]"}
COMMAND: POST /session/22675cbf295e23214948e3e385e3f86d/elements - {"using":"xpath","value":"//button[@data-kt=\"addButton\"]"}
RESULT: {"using":"xpath","value":"//button[@data-kt=\"addButton\"]"}
COMMAND: POST /session/22675cbf295e23214948e3e385e3f86d/execute/sync - {"script":"<script> [8489 bytes]","args":[{"element-6066-11e4-a52e-4f735466cecf":"f.24B59690DB8413BEE8D229DFAEDEAD25.d.1858D66F40F5E1E470A7A159538BB168.e.3999","ELEMENT":"f.24B59690DB8413BEE8D229DFAEDEAD25.d.1858D66F40F5E1E470A7A159538BB168.e.3999"}]}
RESULT: {"script":"<script> [8489 bytes]","args":[{"element-6066-11e4-a52e-4f735466cecf":"f.24B59690DB8413BEE8D229DFAEDEAD25.d.1858D66F40F5E1E470A7A159538BB168.e.3999","ELEMENT":"f.24B59690DB8413BEE8D229DFAEDEAD25.d.1858D66F40F5E1E470A7A159538BB168.e.3999"}]}
COMMAND: GET /session/22675cbf295e23214948e3e385e3f86d/element/f.24B59690DB8413BEE8D229DFAEDEAD25.d.1858D66F40F5E1E470A7A159538BB168.e.3999/enabled - {}
COMMAND: GET /session/22675cbf295e23214948e3e385e3f86d/screenshot - {}
RESULT: {}
COMMAND: POST /session/22675cbf295e23214948e3e385e3f86d/execute/sync - {"script":"<script> [8489 bytes]","args":[{"element-6066-11e4-a52e-4f735466cecf":"f.24B59690DB8413BEE8D229DFAEDEAD25.d.1858D66F40F5E1E470A7A159538BB168.e.3999","ELEMENT":"f.24B59690DB8413BEE8D229DFAEDEAD25.d.1858D66F40F5E1E470A7A159538BB168.e.3999"}]}
COMMAND: GET /session/22675cbf295e23214948e3e385e3f86d/screenshot - {}
RESULT: {}
RESULT: {"script":"<script> [8489 bytes]","args":[{"element-6066-11e4-a52e-4f735466cecf":"f.24B59690DB8413BEE8D229DFAEDEAD25.d.1858D66F40F5E1E470A7A159538BB168.e.3999","ELEMENT":"f.24B59690DB8413BEE8D229DFAEDEAD25.d.1858D66F40F5E1E470A7A159538BB168.e.3999"}]}
COMMAND: POST /session/22675cbf295e23214948e3e385e3f86d/execute/sync - {"script":"<script> [5351 bytes]","args":[{"element-6066-11e4-a52e-4f735466cecf":"f.24B59690DB8413BEE8D229DFAEDEAD25.d.1858D66F40F5E1E470A7A159538BB168.e.3999","ELEMENT":"f.24B59690DB8413BEE8D229DFAEDEAD25.d.1858D66F40F5E1E470A7A159538BB168.e.3999"}]}
COMMAND: GET /session/22675cbf295e23214948e3e385e3f86d/screenshot - {}
RESULT: {}
RESULT: {"script":"<script> [5351 bytes]","args":[{"element-6066-11e4-a52e-4f735466cecf":"f.24B59690DB8413BEE8D229DFAEDEAD25.d.1858D66F40F5E1E470A7A159538BB168.e.3999","ELEMENT":"f.24B59690DB8413BEE8D229DFAEDEAD25.d.1858D66F40F5E1E470A7A159538BB168.e.3999"}]}
COMMAND: GET /session/22675cbf295e23214948e3e385e3f86d/screenshot - {}
RESULT: {}
RESULT: {}
COMMAND: POST /session/22675cbf295e23214948e3e385e3f86d/execute/async - {"script":"<script> [1562 bytes]","args":[{"selector":{"id":"application-managepartners-display-component---masterPtm--smartFilterBar-btnBasicSearch","interaction":{"idSuffix":"I"}},"wdio_ui5_key":"applicationmanagepartners-display-component---masterPtm--smartFilterBar-btnBasicSearch"}]}
RESULT: {"script":"<script> [1562 bytes]","args":[{"selector":{"id":"application-managepartners-display-component---masterPtm--smartFilterBar-btnBasicSearch","interaction":{"idSuffix":"I"}},"wdio_ui5_key":"applicationmanagepartners-display-component---masterPtm--smartFilterBar-btnBasicSearch"}]}
RESULT: undefined
COMMAND: POST /session/22675cbf295e23214948e3e385e3f86d/execute/async - {"script":"<script> [776 bytes]","args":[{"enterText":"1291","selector":{"id":"application-managepartners-display-component---masterPtm--smartFilterBar-btnBasicSearch","interaction":{"idSuffix":"I"}},"clearTextFirst":true,"interactionType":"ENTER_TEXT"}]}
RESULT: {"script":"<script> [776 bytes]","args":[{"enterText":"1291","selector":{"id":"application-managepartners-display-component---masterPtm--smartFilterBar-btnBasicSearch","interaction":{"idSuffix":"I"}},"clearTextFirst":true,"interactionType":"ENTER_TEXT"}]}
COMMAND: POST /session/22675cbf295e23214948e3e385e3f86d/actions - {"actions":[{"id":"action11","type":"key","parameters":{},"actions":[{"type":"keyDown","value":"î€‡"},{"type":"pause","duration":10},{"type":"keyUp","value":"î€‡"}]}]}
RESULT: {"actions":[{"id":"action11","type":"key","parameters":{},"actions":[{"type":"keyDown","value":"î€‡"},{"type":"pause","duration":10},{"type":"keyUp","value":"î€‡"}]}]}
COMMAND: GET /session/22675cbf295e23214948e3e385e3f86d/screenshot - {}
RESULT: {}
COMMAND: POST /session/22675cbf295e23214948e3e385e3f86d/elements - {"using":"xpath","value":"//table[contains(@id, \"customPartnersTable-listUl\")]/tbody/tr"}
RESULT: {"using":"xpath","value":"//table[contains(@id, \"customPartnersTable-listUl\")]/tbody/tr"}
COMMAND: POST /session/22675cbf295e23214948e3e385e3f86d/element - {"using":"xpath","value":"//table[contains(@id, \"customPartnersTable-listUl\")]/tbody/tr[1]/td[3]/span"}
RESULT: {"using":"xpath","value":"//table[contains(@id, \"customPartnersTable-listUl\")]/tbody/tr[1]/td[3]/span"}
COMMAND: POST /session/22675cbf295e23214948e3e385e3f86d/elements - {"using":"xpath","value":"//table[contains(@id, \"customPartnersTable-listUl\")]/tbody/tr[1]/td[3]/span"}
RESULT: {"using":"xpath","value":"//table[contains(@id, \"customPartnersTable-listUl\")]/tbody/tr[1]/td[3]/span"}
COMMAND: POST /session/22675cbf295e23214948e3e385e3f86d/execute/sync - {"script":"<script> [56 bytes]","args":[{"element-6066-11e4-a52e-4f735466cecf":"f.24B59690DB8413BEE8D229DFAEDEAD25.d.1858D66F40F5E1E470A7A159538BB168.e.4134","ELEMENT":"f.24B59690DB8413BEE8D229DFAEDEAD25.d.1858D66F40F5E1E470A7A159538BB168.e.4134"}]}
RESULT: {"script":"<script> [56 bytes]","args":[{"element-6066-11e4-a52e-4f735466cecf":"f.24B59690DB8413BEE8D229DFAEDEAD25.d.1858D66F40F5E1E470A7A159538BB168.e.4134","ELEMENT":"f.24B59690DB8413BEE8D229DFAEDEAD25.d.1858D66F40F5E1E470A7A159538BB168.e.4134"}]}
COMMAND: POST /session/22675cbf295e23214948e3e385e3f86d/element - {"using":"xpath","value":"(//span[contains(@id, \"imgNav\")])[1]"}
COMMAND: GET /session/22675cbf295e23214948e3e385e3f86d/screenshot - {}
RESULT: {"using":"xpath","value":"(//span[contains(@id, \"imgNav\")])[1]"}
COMMAND: POST /session/22675cbf295e23214948e3e385e3f86d/element/f.24B59690DB8413BEE8D229DFAEDEAD25.d.1858D66F40F5E1E470A7A159538BB168.e.4132/click - {}
RESULT: {}
RESULT: {}
COMMAND: GET /session/22675cbf295e23214948e3e385e3f86d/screenshot - {}
RESULT: {}
COMMAND: POST /session/22675cbf295e23214948e3e385e3f86d/element - {"using":"xpath","value":"//bdi[contains(text(), \"Edit\")]"}
RESULT: {"using":"xpath","value":"//bdi[contains(text(), \"Edit\")]"}
COMMAND: POST /session/22675cbf295e23214948e3e385e3f86d/element/f.24B59690DB8413BEE8D229DFAEDEAD25.d.1858D66F40F5E1E470A7A159538BB168.e.4277/click - {}
RESULT: {}
COMMAND: GET /session/22675cbf295e23214948e3e385e3f86d/screenshot - {}
RESULT: {}
COMMAND: POST /session/22675cbf295e23214948e3e385e3f86d/execute/async - {"script":"<script> [1562 bytes]","args":[{"selector":{"controlType":"sap.m.Input","viewName":"etm.portal.ui.managepartners.view.EditDetail","labelFor":{"text":"Name"},"interaction":{"idSuffix":"inner"}},"wdio_ui5_key":"etmportal.ui.managepartners.view.EditDetailsap.m.Input{\"text\":\"Name\"}"}]}
RESULT: {"script":"<script> [1562 bytes]","args":[{"selector":{"controlType":"sap.m.Input","viewName":"etm.portal.ui.managepartners.view.EditDetail","labelFor":{"text":"Name"},"interaction":{"idSuffix":"inner"}},"wdio_ui5_key":"etmportal.ui.managepartners.view.EditDetailsap.m.Input{\"text\":\"Name\"}"}]}
RESULT: undefined
COMMAND: POST /session/22675cbf295e23214948e3e385e3f86d/execute/async - {"script":"<script> [776 bytes]","args":[{"enterText":"Intercompany EDIT","selector":{"controlType":"sap.m.Input","viewName":"etm.portal.ui.managepartners.view.EditDetail","labelFor":{"text":"Name"},"interaction":{"idSuffix":"inner"}},"clearTextFirst":true,"interactionType":"ENTER_TEXT"}]}
RESULT: {"script":"<script> [776 bytes]","args":[{"enterText":"Intercompany EDIT","selector":{"controlType":"sap.m.Input","viewName":"etm.portal.ui.managepartners.view.EditDetail","labelFor":{"text":"Name"},"interaction":{"idSuffix":"inner"}},"clearTextFirst":true,"interactionType":"ENTER_TEXT"}]}
COMMAND: POST /session/22675cbf295e23214948e3e385e3f86d/element - {"using":"xpath","value":"(//span[contains(@id,\"addressDetailDetailsLanguage-arrow\")])[1]"}
RESULT: {"using":"xpath","value":"(//span[contains(@id,\"addressDetailDetailsLanguage-arrow\")])[1]"}
COMMAND: POST /session/22675cbf295e23214948e3e385e3f86d/element/f.24B59690DB8413BEE8D229DFAEDEAD25.d.1858D66F40F5E1E470A7A159538BB168.e.4359/click - {}
RESULT: {}
COMMAND: POST /session/22675cbf295e23214948e3e385e3f86d/element - {"using":"xpath","value":"//span[contains(text(), \"Chinese\")]"}
COMMAND: GET /session/22675cbf295e23214948e3e385e3f86d/screenshot - {}
RESULT: {"using":"xpath","value":"//span[contains(text(), \"Chinese\")]"}
COMMAND: POST /session/22675cbf295e23214948e3e385e3f86d/element/f.24B59690DB8413BEE8D229DFAEDEAD25.d.1858D66F40F5E1E470A7A159538BB168.e.4360/click - {}
RESULT: {}
RESULT: {}
COMMAND: GET /session/22675cbf295e23214948e3e385e3f86d/screenshot - {}
RESULT: {}
COMMAND: POST /session/22675cbf295e23214948e3e385e3f86d/execute/async - {"script":"<script> [1562 bytes]","args":[{"selector":{"controlType":"sap.m.Input","viewName":"etm.portal.ui.managepartners.view.EditDetail","labelFor":{"text":"City"},"interaction":{"idSuffix":"inner"}},"wdio_ui5_key":"etmportal.ui.managepartners.view.EditDetailsap.m.Input{\"text\":\"City\"}"}]}
RESULT: {"script":"<script> [1562 bytes]","args":[{"selector":{"controlType":"sap.m.Input","viewName":"etm.portal.ui.managepartners.view.EditDetail","labelFor":{"text":"City"},"interaction":{"idSuffix":"inner"}},"wdio_ui5_key":"etmportal.ui.managepartners.view.EditDetailsap.m.Input{\"text\":\"City\"}"}]}
RESULT: undefined
COMMAND: POST /session/22675cbf295e23214948e3e385e3f86d/execute/async - {"script":"<script> [776 bytes]","args":[{"enterText":"Clooj-Napoca","selector":{"controlType":"sap.m.Input","viewName":"etm.portal.ui.managepartners.view.EditDetail","labelFor":{"text":"City"},"interaction":{"idSuffix":"inner"}},"clearTextFirst":true,"interactionType":"ENTER_TEXT"}]}
RESULT: {"script":"<script> [776 bytes]","args":[{"enterText":"Clooj-Napoca","selector":{"controlType":"sap.m.Input","viewName":"etm.portal.ui.managepartners.view.EditDetail","labelFor":{"text":"City"},"interaction":{"idSuffix":"inner"}},"clearTextFirst":true,"interactionType":"ENTER_TEXT"}]}
COMMAND: POST /session/22675cbf295e23214948e3e385e3f86d/element - {"using":"xpath","value":"//button[@data-kt=\"saveButton\"]"}
RESULT: {"using":"xpath","value":"//button[@data-kt=\"saveButton\"]"}
COMMAND: POST /session/22675cbf295e23214948e3e385e3f86d/element/f.24B59690DB8413BEE8D229DFAEDEAD25.d.1858D66F40F5E1E470A7A159538BB168.e.4347/click - {}
RESULT: {}
COMMAND: GET /session/22675cbf295e23214948e3e385e3f86d/screenshot - {}
RESULT: {}
COMMAND: POST /session/22675cbf295e23214948e3e385e3f86d/execute/async - {"script":"<script> [1562 bytes]","args":[{"selector":{"id":"application-managepartners-display-component---detailPtm--addressDetailDetailsName1"},"wdio_ui5_key":"applicationmanagepartners-display-component---detailPtm--addressDetailDetailsName1"}]}
RESULT: {"script":"<script> [1562 bytes]","args":[{"selector":{"id":"application-managepartners-display-component---detailPtm--addressDetailDetailsName1"},"wdio_ui5_key":"applicationmanagepartners-display-component---detailPtm--addressDetailDetailsName1"}]}
RESULT: undefined
COMMAND: POST /session/22675cbf295e23214948e3e385e3f86d/execute/async - {"script":"<script> [6424 bytes]","args":[{"element-6066-11e4-a52e-4f735466cecf":"f.24B59690DB8413BEE8D229DFAEDEAD25.d.1858D66F40F5E1E470A7A159538BB168.e.4391"},"getValue",[]]}
RESULT: {"script":"<script> [6424 bytes]","args":[{"element-6066-11e4-a52e-4f735466cecf":"f.24B59690DB8413BEE8D229DFAEDEAD25.d.1858D66F40F5E1E470A7A159538BB168.e.4391"},"getValue",[]]}
COMMAND: POST /session/22675cbf295e23214948e3e385e3f86d/element - {"using":"xpath","value":"//input[@id = \"application-managepartners-display-component---detailPtm--addressDetailDetailsLanguage-inner\"]"}
RESULT: {"using":"xpath","value":"//input[@id = \"application-managepartners-display-component---detailPtm--addressDetailDetailsLanguage-inner\"]"}
COMMAND: GET /session/22675cbf295e23214948e3e385e3f86d/element/f.24B59690DB8413BEE8D229DFAEDEAD25.d.1858D66F40F5E1E470A7A159538BB168.e.4392/property/value - {}
RESULT: {}
COMMAND: POST /session/22675cbf295e23214948e3e385e3f86d/execute/async - {"script":"<script> [1562 bytes]","args":[{"selector":{"id":"application-managepartners-display-component---detailPtm--addressDetailDetailsCity1"},"wdio_ui5_key":"applicationmanagepartners-display-component---detailPtm--addressDetailDetailsCity1"}]}
COMMAND: GET /session/22675cbf295e23214948e3e385e3f86d/screenshot - {}
RESULT: {"script":"<script> [1562 bytes]","args":[{"selector":{"id":"application-managepartners-display-component---detailPtm--addressDetailDetailsCity1"},"wdio_ui5_key":"applicationmanagepartners-display-component---detailPtm--addressDetailDetailsCity1"}]}
RESULT: undefined
COMMAND: POST /session/22675cbf295e23214948e3e385e3f86d/execute/async - {"script":"<script> [6424 bytes]","args":[{"element-6066-11e4-a52e-4f735466cecf":"f.24B59690DB8413BEE8D229DFAEDEAD25.d.1858D66F40F5E1E470A7A159538BB168.e.4393"},"getValue",[]]}
RESULT: {}
RESULT: {"script":"<script> [6424 bytes]","args":[{"element-6066-11e4-a52e-4f735466cecf":"f.24B59690DB8413BEE8D229DFAEDEAD25.d.1858D66F40F5E1E470A7A159538BB168.e.4393"},"getValue",[]]}
COMMAND: POST /session/22675cbf295e23214948e3e385e3f86d/element - {"using":"css selector","value":"#shell-header-logo"}
RESULT: {"using":"css selector","value":"#shell-header-logo"}
COMMAND: POST /session/22675cbf295e23214948e3e385e3f86d/element/f.24B59690DB8413BEE8D229DFAEDEAD25.d.1858D66F40F5E1E470A7A159538BB168.e.3955/click - {}
RESULT: {}
COMMAND: GET /session/22675cbf295e23214948e3e385e3f86d/screenshot - {}
RESULT: {}
]]></system-out>
    </testcase>
    <testcase classname="chrome.136_0_7103_93.windows.Partner_specific_tests_US150819_US151080_US151654_US151176_US103444_US151078_US151079_US151109_US151174_US151175_US151189" name="Should create a new intracompany partner edit some of its fields US151079" time="278.41">
      <system-out><![CDATA[
COMMAND: POST /session/22675cbf295e23214948e3e385e3f86d/element - {"using":"xpath","value":"//li[.//span[text()=\"Manage Partners\"]]"}
RESULT: {"using":"xpath","value":"//li[.//span[text()=\"Manage Partners\"]]"}
COMMAND: POST /session/22675cbf295e23214948e3e385e3f86d/element - {"using":"xpath","value":"//li[.//span[text()=\"Manage Partners\"]]"}
RESULT: {"using":"xpath","value":"//li[.//span[text()=\"Manage Partners\"]]"}
COMMAND: POST /session/22675cbf295e23214948e3e385e3f86d/element - {"using":"css selector","value":"#shell-header-logo"}
RESULT: {"using":"css selector","value":"#shell-header-logo"}
COMMAND: POST /session/22675cbf295e23214948e3e385e3f86d/element/f.24B59690DB8413BEE8D229DFAEDEAD25.d.1858D66F40F5E1E470A7A159538BB168.e.4424/click - {}
COMMAND: POST /session/22675cbf295e23214948e3e385e3f86d/execute/sync - {"script":"<script> [8489 bytes]","args":[{"element-6066-11e4-a52e-4f735466cecf":"f.24B59690DB8413BEE8D229DFAEDEAD25.d.1858D66F40F5E1E470A7A159538BB168.e.4424","ELEMENT":"f.24B59690DB8413BEE8D229DFAEDEAD25.d.1858D66F40F5E1E470A7A159538BB168.e.4424"}]}
RESULT: {}
COMMAND: GET /session/22675cbf295e23214948e3e385e3f86d/screenshot - {}
RESULT: {"script":"<script> [8489 bytes]","args":[{"element-6066-11e4-a52e-4f735466cecf":"f.24B59690DB8413BEE8D229DFAEDEAD25.d.1858D66F40F5E1E470A7A159538BB168.e.4424","ELEMENT":"f.24B59690DB8413BEE8D229DFAEDEAD25.d.1858D66F40F5E1E470A7A159538BB168.e.4424"}]}
COMMAND: POST /session/22675cbf295e23214948e3e385e3f86d/execute/sync - {"script":"<script> [5351 bytes]","args":[{"element-6066-11e4-a52e-4f735466cecf":"f.24B59690DB8413BEE8D229DFAEDEAD25.d.1858D66F40F5E1E470A7A159538BB168.e.4424","ELEMENT":"f.24B59690DB8413BEE8D229DFAEDEAD25.d.1858D66F40F5E1E470A7A159538BB168.e.4424"}]}
COMMAND: GET /session/22675cbf295e23214948e3e385e3f86d/screenshot - {}
RESULT: {}
RESULT: {"script":"<script> [5351 bytes]","args":[{"element-6066-11e4-a52e-4f735466cecf":"f.24B59690DB8413BEE8D229DFAEDEAD25.d.1858D66F40F5E1E470A7A159538BB168.e.4424","ELEMENT":"f.24B59690DB8413BEE8D229DFAEDEAD25.d.1858D66F40F5E1E470A7A159538BB168.e.4424"}]}
COMMAND: GET /session/22675cbf295e23214948e3e385e3f86d/screenshot - {}
RESULT: {}
RESULT: {}
COMMAND: POST /session/22675cbf295e23214948e3e385e3f86d/refresh - {}
RESULT: {}
COMMAND: GET /session/22675cbf295e23214948e3e385e3f86d/screenshot - {}
RESULT: {}
COMMAND: POST /session/22675cbf295e23214948e3e385e3f86d/refresh - {}
RESULT: {}
COMMAND: GET /session/22675cbf295e23214948e3e385e3f86d/screenshot - {}
RESULT: {}
COMMAND: POST /session/22675cbf295e23214948e3e385e3f86d/window/fullscreen - {}
RESULT: {}
COMMAND: POST /session/22675cbf295e23214948e3e385e3f86d/execute/async - {"script":"<script> [189 bytes]","args":[]}
RESULT: {"script":"<script> [189 bytes]","args":[]}
COMMAND: POST /session/22675cbf295e23214948e3e385e3f86d/execute/async - {"script":"<script> [123 bytes]","args":[]}
RESULT: {"script":"<script> [123 bytes]","args":[]}
COMMAND: POST /session/22675cbf295e23214948e3e385e3f86d/timeouts - {"script":"<number>"}
RESULT: {"script":"<number>"}
COMMAND: GET /session/22675cbf295e23214948e3e385e3f86d/timeouts - {}
RESULT: {}
RESULT: undefined
COMMAND: POST /session/22675cbf295e23214948e3e385e3f86d/execute/async - {"script":"<script> [2676 bytes]","args":[]}
RESULT: {"script":"<script> [2676 bytes]","args":[]}
COMMAND: POST /session/22675cbf295e23214948e3e385e3f86d/execute/async - {"script":"<script> [2342 bytes]","args":[{"protocol":"http","hostname":"0.0.0.0","path":"/","capabilities":{"browserName":"chrome","goog:chromeOptions":{"binary":"C:\\Program Files\\Google\\Chrome\\Application\\chrome.exe","args":["--start-maximized"]}},"logLevel":"warn","connectionRetryTimeout":120000,"connectionRetryCount":3,"logLevels":{},"enableDirectConnect":true,"strictSSL":true,"_":"65 more keys: [\"cacheDir\",\"port\",\"requestedCapabilities\",\"automationProtocol\",\"baseUrl\",\"waitforInterval\",\"waitforTimeout\",\"onReload\",\"beforeCommand\",\"afterCommand\",\"rootDir\",\"specs\",\"suites\",\"exclude\",\"groupLogsByTestSpec\",\"excludeDriverLogs\",\"bail\",\"framework\",\"reporters\",\"services\",\"maxInstances\",\"maxInstancesPerCapability\",\"injectGlobals\",\"filesToWatch\",\"execArgv\",\"runnerEnv\",\"runner\",\"shard\",\"specFileRetries\",\"specFileRetriesDelay\",\"specFileRetriesDeferred\",\"reporterSyncInterval\",\"reporterSyncTimeout\",\"cucumberFeaturesWithLineNumbers\",\"autoCompileOpts\",\"mochaOpts\",\"jasmineOpts\",\"cucumberOpts\",\"onPrepare\",\"onWorkerStart\",\"onWorkerEnd\",\"before\",\"beforeSession\",\"beforeSuite\",\"beforeHook\",\"beforeTest\",\"afterTest\",\"afterHook\",\"afterSuite\",\"afterSession\",\"after\",\"onComplete\",\"beforeAssertion\",\"afterAssertion\",\"beforeFeature\",\"beforeScenario\",\"beforeStep\",\"afterStep\",\"afterScenario\",\"afterFeature\",\"_\",\"suite\",\"$0\",\"ignoredWorkerServices\",\"wdi5\"]"}]}
RESULT: {"script":"<script> [2342 bytes]","args":[{"protocol":"http","hostname":"0.0.0.0","path":"/","capabilities":{"browserName":"chrome","goog:chromeOptions":{"binary":"C:\\Program Files\\Google\\Chrome\\Application\\chrome.exe","args":["--start-maximized"]}},"logLevel":"warn","connectionRetryTimeout":120000,"connectionRetryCount":3,"logLevels":{},"enableDirectConnect":true,"strictSSL":true,"_":"65 more keys: [\"cacheDir\",\"port\",\"requestedCapabilities\",\"automationProtocol\",\"baseUrl\",\"waitforInterval\",\"waitforTimeout\",\"onReload\",\"beforeCommand\",\"afterCommand\",\"rootDir\",\"specs\",\"suites\",\"exclude\",\"groupLogsByTestSpec\",\"excludeDriverLogs\",\"bail\",\"framework\",\"reporters\",\"services\",\"maxInstances\",\"maxInstancesPerCapability\",\"injectGlobals\",\"filesToWatch\",\"execArgv\",\"runnerEnv\",\"runner\",\"shard\",\"specFileRetries\",\"specFileRetriesDelay\",\"specFileRetriesDeferred\",\"reporterSyncInterval\",\"reporterSyncTimeout\",\"cucumberFeaturesWithLineNumbers\",\"autoCompileOpts\",\"mochaOpts\",\"jasmineOpts\",\"cucumberOpts\",\"onPrepare\",\"onWorkerStart\",\"onWorkerEnd\",\"before\",\"beforeSession\",\"beforeSuite\",\"beforeHook\",\"beforeTest\",\"afterTest\",\"afterHook\",\"afterSuite\",\"afterSession\",\"after\",\"onComplete\",\"beforeAssertion\",\"afterAssertion\",\"beforeFeature\",\"beforeScenario\",\"beforeStep\",\"afterStep\",\"afterScenario\",\"afterFeature\",\"_\",\"suite\",\"$0\",\"ignoredWorkerServices\",\"wdi5\"]"}]}
COMMAND: POST /session/22675cbf295e23214948e3e385e3f86d/execute/async - {"script":"<script> [21126 bytes]","args":[35000]}
RESULT: {"script":"<script> [21126 bytes]","args":[35000]}
COMMAND: POST /session/22675cbf295e23214948e3e385e3f86d/window/fullscreen - {}
RESULT: {}
COMMAND: POST /session/22675cbf295e23214948e3e385e3f86d/window/fullscreen - {}
RESULT: {}
COMMAND: POST /session/22675cbf295e23214948e3e385e3f86d/execute/async - {"script":"<script> [1562 bytes]","args":[{"selector":{"controlType":"sap.m.GenericTile","properties":{"header":"Manage Partners"}},"wdio_ui5_key":"sapm.GenericTile{\"header\":\"Manage Partners\"}"}]}
RESULT: {"script":"<script> [1562 bytes]","args":[{"selector":{"controlType":"sap.m.GenericTile","properties":{"header":"Manage Partners"}},"wdio_ui5_key":"sapm.GenericTile{\"header\":\"Manage Partners\"}"}]}
RESULT: undefined
COMMAND: POST /session/22675cbf295e23214948e3e385e3f86d/element - {"using":"xpath","value":"//*[@id=\"__tile30\"]"}
RESULT: {"using":"xpath","value":"//*[@id=\"__tile30\"]"}
COMMAND: POST /session/22675cbf295e23214948e3e385e3f86d/element/f.24B59690DB8413BEE8D229DFAEDEAD25.d.82D4DCF3F3B50CA79A44A0C61A60D86E.e.4487/click - {}
RESULT: {}
COMMAND: GET /session/22675cbf295e23214948e3e385e3f86d/screenshot - {}
RESULT: {}
COMMAND: POST /session/22675cbf295e23214948e3e385e3f86d/elements - {"using":"xpath","value":"//span[text()='Error']"}
RESULT: {"using":"xpath","value":"//span[text()='Error']"}
COMMAND: POST /session/22675cbf295e23214948e3e385e3f86d/element - {"using":"xpath","value":"//button[@data-kt=\"addButton\"]"}
RESULT: {"using":"xpath","value":"//button[@data-kt=\"addButton\"]"}
COMMAND: POST /session/22675cbf295e23214948e3e385e3f86d/elements - {"using":"xpath","value":"//button[@data-kt=\"addButton\"]"}
RESULT: {"using":"xpath","value":"//button[@data-kt=\"addButton\"]"}
COMMAND: POST /session/22675cbf295e23214948e3e385e3f86d/elements - {"using":"xpath","value":"//button[@data-kt=\"addButton\"]"}
RESULT: {"using":"xpath","value":"//button[@data-kt=\"addButton\"]"}
COMMAND: POST /session/22675cbf295e23214948e3e385e3f86d/element - {"using":"xpath","value":"//button[@data-kt=\"addButton\"]"}
RESULT: {"using":"xpath","value":"//button[@data-kt=\"addButton\"]"}
COMMAND: POST /session/22675cbf295e23214948e3e385e3f86d/execute/sync - {"script":"<script> [8489 bytes]","args":[{"element-6066-11e4-a52e-4f735466cecf":"f.24B59690DB8413BEE8D229DFAEDEAD25.d.82D4DCF3F3B50CA79A44A0C61A60D86E.e.4613","ELEMENT":"f.24B59690DB8413BEE8D229DFAEDEAD25.d.82D4DCF3F3B50CA79A44A0C61A60D86E.e.4613"}]}
RESULT: {"script":"<script> [8489 bytes]","args":[{"element-6066-11e4-a52e-4f735466cecf":"f.24B59690DB8413BEE8D229DFAEDEAD25.d.82D4DCF3F3B50CA79A44A0C61A60D86E.e.4613","ELEMENT":"f.24B59690DB8413BEE8D229DFAEDEAD25.d.82D4DCF3F3B50CA79A44A0C61A60D86E.e.4613"}]}
COMMAND: GET /session/22675cbf295e23214948e3e385e3f86d/element/f.24B59690DB8413BEE8D229DFAEDEAD25.d.82D4DCF3F3B50CA79A44A0C61A60D86E.e.4613/enabled - {}
COMMAND: GET /session/22675cbf295e23214948e3e385e3f86d/screenshot - {}
RESULT: {}
COMMAND: POST /session/22675cbf295e23214948e3e385e3f86d/execute/sync - {"script":"<script> [8489 bytes]","args":[{"element-6066-11e4-a52e-4f735466cecf":"f.24B59690DB8413BEE8D229DFAEDEAD25.d.82D4DCF3F3B50CA79A44A0C61A60D86E.e.4613","ELEMENT":"f.24B59690DB8413BEE8D229DFAEDEAD25.d.82D4DCF3F3B50CA79A44A0C61A60D86E.e.4613"}]}
COMMAND: GET /session/22675cbf295e23214948e3e385e3f86d/screenshot - {}
RESULT: {}
RESULT: {"script":"<script> [8489 bytes]","args":[{"element-6066-11e4-a52e-4f735466cecf":"f.24B59690DB8413BEE8D229DFAEDEAD25.d.82D4DCF3F3B50CA79A44A0C61A60D86E.e.4613","ELEMENT":"f.24B59690DB8413BEE8D229DFAEDEAD25.d.82D4DCF3F3B50CA79A44A0C61A60D86E.e.4613"}]}
COMMAND: POST /session/22675cbf295e23214948e3e385e3f86d/execute/sync - {"script":"<script> [5351 bytes]","args":[{"element-6066-11e4-a52e-4f735466cecf":"f.24B59690DB8413BEE8D229DFAEDEAD25.d.82D4DCF3F3B50CA79A44A0C61A60D86E.e.4613","ELEMENT":"f.24B59690DB8413BEE8D229DFAEDEAD25.d.82D4DCF3F3B50CA79A44A0C61A60D86E.e.4613"}]}
COMMAND: GET /session/22675cbf295e23214948e3e385e3f86d/screenshot - {}
RESULT: {}
RESULT: {"script":"<script> [5351 bytes]","args":[{"element-6066-11e4-a52e-4f735466cecf":"f.24B59690DB8413BEE8D229DFAEDEAD25.d.82D4DCF3F3B50CA79A44A0C61A60D86E.e.4613","ELEMENT":"f.24B59690DB8413BEE8D229DFAEDEAD25.d.82D4DCF3F3B50CA79A44A0C61A60D86E.e.4613"}]}
COMMAND: POST /session/22675cbf295e23214948e3e385e3f86d/element/f.24B59690DB8413BEE8D229DFAEDEAD25.d.82D4DCF3F3B50CA79A44A0C61A60D86E.e.4613/click - {}
COMMAND: GET /session/22675cbf295e23214948e3e385e3f86d/screenshot - {}
RESULT: {}
RESULT: {}
COMMAND: GET /session/22675cbf295e23214948e3e385e3f86d/screenshot - {}
COMMAND: POST /session/22675cbf295e23214948e3e385e3f86d/execute/async - {"script":"<script> [1562 bytes]","args":[{"selector":{"id":"application-managepartners-display-component---NewPartner--addressDetailDetailsName1","interaction":{"idSuffix":"inner"}},"wdio_ui5_key":"applicationmanagepartners-display-component---NewPartner--addressDetailDetailsName1"}]}
RESULT: {}
RESULT: {}
RESULT: {"script":"<script> [1562 bytes]","args":[{"selector":{"id":"application-managepartners-display-component---NewPartner--addressDetailDetailsName1","interaction":{"idSuffix":"inner"}},"wdio_ui5_key":"applicationmanagepartners-display-component---NewPartner--addressDetailDetailsName1"}]}
RESULT: undefined
COMMAND: POST /session/22675cbf295e23214948e3e385e3f86d/execute/async - {"script":"<script> [776 bytes]","args":[{"enterText":"Intracompany Partner WDIO","selector":{"id":"application-managepartners-display-component---NewPartner--addressDetailDetailsName1","interaction":{"idSuffix":"inner"}},"clearTextFirst":true,"interactionType":"ENTER_TEXT"}]}
RESULT: {"script":"<script> [776 bytes]","args":[{"enterText":"Intracompany Partner WDIO","selector":{"id":"application-managepartners-display-component---NewPartner--addressDetailDetailsName1","interaction":{"idSuffix":"inner"}},"clearTextFirst":true,"interactionType":"ENTER_TEXT"}]}
COMMAND: POST /session/22675cbf295e23214948e3e385e3f86d/execute/async - {"script":"<script> [1562 bytes]","args":[{"selector":{"id":"application-managepartners-display-component---NewPartner--addressDetailDetailsLanguage-arrow"},"wdio_ui5_key":"applicationmanagepartners-display-component---NewPartner--addressDetailDetailsLanguage-arrow"}]}
RESULT: {"script":"<script> [1562 bytes]","args":[{"selector":{"id":"application-managepartners-display-component---NewPartner--addressDetailDetailsLanguage-arrow"},"wdio_ui5_key":"applicationmanagepartners-display-component---NewPartner--addressDetailDetailsLanguage-arrow"}]}
RESULT: undefined
COMMAND: POST /session/22675cbf295e23214948e3e385e3f86d/element - {"using":"xpath","value":"//*[@id=\"application-managepartners-display-component---NewPartner--addressDetailDetailsLanguage-arrow\"]"}
RESULT: {"using":"xpath","value":"//*[@id=\"application-managepartners-display-component---NewPartner--addressDetailDetailsLanguage-arrow\"]"}
COMMAND: POST /session/22675cbf295e23214948e3e385e3f86d/element/f.24B59690DB8413BEE8D229DFAEDEAD25.d.82D4DCF3F3B50CA79A44A0C61A60D86E.e.5048/click - {}
RESULT: {}
COMMAND: POST /session/22675cbf295e23214948e3e385e3f86d/element - {"using":"xpath","value":"//span[contains(text(), \"English\")]"}
COMMAND: GET /session/22675cbf295e23214948e3e385e3f86d/screenshot - {}
RESULT: {"using":"xpath","value":"//span[contains(text(), \"English\")]"}
COMMAND: POST /session/22675cbf295e23214948e3e385e3f86d/element/f.24B59690DB8413BEE8D229DFAEDEAD25.d.82D4DCF3F3B50CA79A44A0C61A60D86E.e.5049/click - {}
RESULT: {}
RESULT: {}
COMMAND: GET /session/22675cbf295e23214948e3e385e3f86d/screenshot - {}
RESULT: {}
COMMAND: POST /session/22675cbf295e23214948e3e385e3f86d/execute/async - {"script":"<script> [1562 bytes]","args":[{"selector":{"id":"application-managepartners-display-component---NewPartner--addressDetailDetailsCity1","interaction":{"idSuffix":"inner"}},"wdio_ui5_key":"applicationmanagepartners-display-component---NewPartner--addressDetailDetailsCity1"}]}
RESULT: {"script":"<script> [1562 bytes]","args":[{"selector":{"id":"application-managepartners-display-component---NewPartner--addressDetailDetailsCity1","interaction":{"idSuffix":"inner"}},"wdio_ui5_key":"applicationmanagepartners-display-component---NewPartner--addressDetailDetailsCity1"}]}
RESULT: undefined
COMMAND: POST /session/22675cbf295e23214948e3e385e3f86d/execute/async - {"script":"<script> [776 bytes]","args":[{"enterText":"Rosario","selector":{"id":"application-managepartners-display-component---NewPartner--addressDetailDetailsCity1","interaction":{"idSuffix":"inner"}},"clearTextFirst":true,"interactionType":"ENTER_TEXT"}]}
RESULT: {"script":"<script> [776 bytes]","args":[{"enterText":"Rosario","selector":{"id":"application-managepartners-display-component---NewPartner--addressDetailDetailsCity1","interaction":{"idSuffix":"inner"}},"clearTextFirst":true,"interactionType":"ENTER_TEXT"}]}
COMMAND: POST /session/22675cbf295e23214948e3e385e3f86d/execute/async - {"script":"<script> [1562 bytes]","args":[{"selector":{"id":"application-managepartners-display-component---NewPartner--addressDetailDetailsCountry-arrow"},"wdio_ui5_key":"applicationmanagepartners-display-component---NewPartner--addressDetailDetailsCountry-arrow"}]}
RESULT: {"script":"<script> [1562 bytes]","args":[{"selector":{"id":"application-managepartners-display-component---NewPartner--addressDetailDetailsCountry-arrow"},"wdio_ui5_key":"applicationmanagepartners-display-component---NewPartner--addressDetailDetailsCountry-arrow"}]}
RESULT: undefined
COMMAND: POST /session/22675cbf295e23214948e3e385e3f86d/element - {"using":"xpath","value":"//*[@id=\"application-managepartners-display-component---NewPartner--addressDetailDetailsCountry-arrow\"]"}
RESULT: {"using":"xpath","value":"//*[@id=\"application-managepartners-display-component---NewPartner--addressDetailDetailsCountry-arrow\"]"}
COMMAND: POST /session/22675cbf295e23214948e3e385e3f86d/element/f.24B59690DB8413BEE8D229DFAEDEAD25.d.82D4DCF3F3B50CA79A44A0C61A60D86E.e.5037/click - {}
RESULT: {}
COMMAND: POST /session/22675cbf295e23214948e3e385e3f86d/element - {"using":"xpath","value":"//span[contains(text(), \"Argentina\")]"}
COMMAND: GET /session/22675cbf295e23214948e3e385e3f86d/screenshot - {}
RESULT: {"using":"xpath","value":"//span[contains(text(), \"Argentina\")]"}
COMMAND: POST /session/22675cbf295e23214948e3e385e3f86d/element/f.24B59690DB8413BEE8D229DFAEDEAD25.d.82D4DCF3F3B50CA79A44A0C61A60D86E.e.5051/click - {}
RESULT: {}
RESULT: {}
COMMAND: GET /session/22675cbf295e23214948e3e385e3f86d/screenshot - {}
RESULT: {}
COMMAND: POST /session/22675cbf295e23214948e3e385e3f86d/element - {"using":"xpath","value":"//bdi[contains(text(), \"Commercial\")]"}
RESULT: {"using":"xpath","value":"//bdi[contains(text(), \"Commercial\")]"}
COMMAND: POST /session/22675cbf295e23214948e3e385e3f86d/element/f.24B59690DB8413BEE8D229DFAEDEAD25.d.82D4DCF3F3B50CA79A44A0C61A60D86E.e.5052/click - {}
RESULT: {}
COMMAND: GET /session/22675cbf295e23214948e3e385e3f86d/screenshot - {}
RESULT: {}
COMMAND: POST /session/22675cbf295e23214948e3e385e3f86d/execute/async - {"script":"<script> [1562 bytes]","args":[{"selector":{"id":"application-managepartners-display-component---NewPartner--partnerDetailInternal-arrow"},"wdio_ui5_key":"applicationmanagepartners-display-component---NewPartner--partnerDetailInternal-arrow"}]}
RESULT: {"script":"<script> [1562 bytes]","args":[{"selector":{"id":"application-managepartners-display-component---NewPartner--partnerDetailInternal-arrow"},"wdio_ui5_key":"applicationmanagepartners-display-component---NewPartner--partnerDetailInternal-arrow"}]}
RESULT: undefined
COMMAND: POST /session/22675cbf295e23214948e3e385e3f86d/element - {"using":"xpath","value":"//*[@id=\"application-managepartners-display-component---NewPartner--partnerDetailInternal-arrow\"]"}
RESULT: {"using":"xpath","value":"//*[@id=\"application-managepartners-display-component---NewPartner--partnerDetailInternal-arrow\"]"}
COMMAND: POST /session/22675cbf295e23214948e3e385e3f86d/element/f.24B59690DB8413BEE8D229DFAEDEAD25.d.82D4DCF3F3B50CA79A44A0C61A60D86E.e.5060/click - {}
RESULT: {}
COMMAND: POST /session/22675cbf295e23214948e3e385e3f86d/element - {"using":"xpath","value":"//span[contains(text(), \"Affiliated company\")]"}
COMMAND: GET /session/22675cbf295e23214948e3e385e3f86d/screenshot - {}
RESULT: {"using":"xpath","value":"//span[contains(text(), \"Affiliated company\")]"}
COMMAND: POST /session/22675cbf295e23214948e3e385e3f86d/element/f.24B59690DB8413BEE8D229DFAEDEAD25.d.82D4DCF3F3B50CA79A44A0C61A60D86E.e.5061/click - {}
RESULT: {}
RESULT: {}
COMMAND: POST /session/22675cbf295e23214948e3e385e3f86d/execute/async - {"script":"<script> [1562 bytes]","args":[{"selector":{"id":"application-managepartners-display-component---NewPartner--partnerDetailsCurrency-arrow"},"wdio_ui5_key":"applicationmanagepartners-display-component---NewPartner--partnerDetailsCurrency-arrow"}]}
COMMAND: GET /session/22675cbf295e23214948e3e385e3f86d/screenshot - {}
RESULT: {"script":"<script> [1562 bytes]","args":[{"selector":{"id":"application-managepartners-display-component---NewPartner--partnerDetailsCurrency-arrow"},"wdio_ui5_key":"applicationmanagepartners-display-component---NewPartner--partnerDetailsCurrency-arrow"}]}
RESULT: undefined
COMMAND: POST /session/22675cbf295e23214948e3e385e3f86d/element - {"using":"xpath","value":"//*[@id=\"application-managepartners-display-component---NewPartner--partnerDetailsCurrency-arrow\"]"}
RESULT: {}
RESULT: {"using":"xpath","value":"//*[@id=\"application-managepartners-display-component---NewPartner--partnerDetailsCurrency-arrow\"]"}
COMMAND: POST /session/22675cbf295e23214948e3e385e3f86d/element/f.24B59690DB8413BEE8D229DFAEDEAD25.d.82D4DCF3F3B50CA79A44A0C61A60D86E.e.5068/click - {}
RESULT: {}
COMMAND: POST /session/22675cbf295e23214948e3e385e3f86d/element - {"using":"xpath","value":"//span[contains(text(), \"Euro\")]"}
COMMAND: GET /session/22675cbf295e23214948e3e385e3f86d/screenshot - {}
RESULT: {"using":"xpath","value":"//span[contains(text(), \"Euro\")]"}
COMMAND: POST /session/22675cbf295e23214948e3e385e3f86d/element/f.24B59690DB8413BEE8D229DFAEDEAD25.d.82D4DCF3F3B50CA79A44A0C61A60D86E.e.5069/click - {}
RESULT: {}
RESULT: {}
COMMAND: POST /session/22675cbf295e23214948e3e385e3f86d/execute/async - {"script":"<script> [1562 bytes]","args":[{"selector":{"id":"application-managepartners-display-component---NewPartner--addressEditDetailsCostObjectCstType-arrow"},"wdio_ui5_key":"applicationmanagepartners-display-component---NewPartner--addressEditDetailsCostObjectCstType-arrow"}]}
COMMAND: GET /session/22675cbf295e23214948e3e385e3f86d/screenshot - {}
RESULT: {"script":"<script> [1562 bytes]","args":[{"selector":{"id":"application-managepartners-display-component---NewPartner--addressEditDetailsCostObjectCstType-arrow"},"wdio_ui5_key":"applicationmanagepartners-display-component---NewPartner--addressEditDetailsCostObjectCstType-arrow"}]}
RESULT: undefined
COMMAND: POST /session/22675cbf295e23214948e3e385e3f86d/element - {"using":"xpath","value":"//*[@id=\"application-managepartners-display-component---NewPartner--addressEditDetailsCostObjectCstType-arrow\"]"}
RESULT: {}
RESULT: {"using":"xpath","value":"//*[@id=\"application-managepartners-display-component---NewPartner--addressEditDetailsCostObjectCstType-arrow\"]"}
COMMAND: POST /session/22675cbf295e23214948e3e385e3f86d/element/f.24B59690DB8413BEE8D229DFAEDEAD25.d.82D4DCF3F3B50CA79A44A0C61A60D86E.e.5070/click - {}
RESULT: {}
COMMAND: POST /session/22675cbf295e23214948e3e385e3f86d/element - {"using":"xpath","value":"//span[contains(text(), \"Cost Center\")]"}
COMMAND: GET /session/22675cbf295e23214948e3e385e3f86d/screenshot - {}
RESULT: {"using":"xpath","value":"//span[contains(text(), \"Cost Center\")]"}
COMMAND: POST /session/22675cbf295e23214948e3e385e3f86d/element/f.24B59690DB8413BEE8D229DFAEDEAD25.d.82D4DCF3F3B50CA79A44A0C61A60D86E.e.5071/click - {}
RESULT: {}
RESULT: {}
COMMAND: GET /session/22675cbf295e23214948e3e385e3f86d/screenshot - {}
RESULT: {}
COMMAND: POST /session/22675cbf295e23214948e3e385e3f86d/element - {"using":"xpath","value":"//span[@id=\"application-managepartners-display-component---NewPartner--addressNewCostObjectCstID-vhi\"]"}
RESULT: {"using":"xpath","value":"//span[@id=\"application-managepartners-display-component---NewPartner--addressNewCostObjectCstID-vhi\"]"}
COMMAND: POST /session/22675cbf295e23214948e3e385e3f86d/execute/sync - {"script":"<script> [8489 bytes]","args":[{"element-6066-11e4-a52e-4f735466cecf":"f.24B59690DB8413BEE8D229DFAEDEAD25.d.82D4DCF3F3B50CA79A44A0C61A60D86E.e.5075","ELEMENT":"f.24B59690DB8413BEE8D229DFAEDEAD25.d.82D4DCF3F3B50CA79A44A0C61A60D86E.e.5075"}]}
RESULT: {"script":"<script> [8489 bytes]","args":[{"element-6066-11e4-a52e-4f735466cecf":"f.24B59690DB8413BEE8D229DFAEDEAD25.d.82D4DCF3F3B50CA79A44A0C61A60D86E.e.5075","ELEMENT":"f.24B59690DB8413BEE8D229DFAEDEAD25.d.82D4DCF3F3B50CA79A44A0C61A60D86E.e.5075"}]}
COMMAND: POST /session/22675cbf295e23214948e3e385e3f86d/execute/async - {"script":"<script> [1562 bytes]","args":[{"selector":{"id":"application-managepartners-display-component---NewPartner--addressNewCostObjectCstID-vhi"},"wdio_ui5_key":"applicationmanagepartners-display-component---NewPartner--addressNewCostObjectCstID-vhi"}]}
COMMAND: GET /session/22675cbf295e23214948e3e385e3f86d/screenshot - {}
RESULT: {}
RESULT: {"script":"<script> [1562 bytes]","args":[{"selector":{"id":"application-managepartners-display-component---NewPartner--addressNewCostObjectCstID-vhi"},"wdio_ui5_key":"applicationmanagepartners-display-component---NewPartner--addressNewCostObjectCstID-vhi"}]}
RESULT: undefined
COMMAND: POST /session/22675cbf295e23214948e3e385e3f86d/element - {"using":"xpath","value":"//*[@id=\"application-managepartners-display-component---NewPartner--addressNewCostObjectCstID-vhi\"]"}
RESULT: {"using":"xpath","value":"//*[@id=\"application-managepartners-display-component---NewPartner--addressNewCostObjectCstID-vhi\"]"}
COMMAND: POST /session/22675cbf295e23214948e3e385e3f86d/element/f.24B59690DB8413BEE8D229DFAEDEAD25.d.82D4DCF3F3B50CA79A44A0C61A60D86E.e.5075/click - {}
RESULT: {}
COMMAND: GET /session/22675cbf295e23214948e3e385e3f86d/screenshot - {}
RESULT: {}
COMMAND: POST /session/22675cbf295e23214948e3e385e3f86d/execute/async - {"script":"<script> [1562 bytes]","args":[{"selector":{"controlType":"sap.m.SearchField","properties":{"placeholder":"Search"},"searchOpenDialogs":true,"interaction":{"idSuffix":"I"}},"wdio_ui5_key":"sapm.SearchField{\"placeholder\":\"Search\"}"}]}
RESULT: {"script":"<script> [1562 bytes]","args":[{"selector":{"controlType":"sap.m.SearchField","properties":{"placeholder":"Search"},"searchOpenDialogs":true,"interaction":{"idSuffix":"I"}},"wdio_ui5_key":"sapm.SearchField{\"placeholder\":\"Search\"}"}]}
RESULT: undefined
COMMAND: POST /session/22675cbf295e23214948e3e385e3f86d/execute/async - {"script":"<script> [776 bytes]","args":[{"enterText":"10001013","selector":{"controlType":"sap.m.SearchField","properties":{"placeholder":"Search"},"searchOpenDialogs":true,"interaction":{"idSuffix":"I"}},"clearTextFirst":true,"interactionType":"ENTER_TEXT"}]}
RESULT: {"script":"<script> [776 bytes]","args":[{"enterText":"10001013","selector":{"controlType":"sap.m.SearchField","properties":{"placeholder":"Search"},"searchOpenDialogs":true,"interaction":{"idSuffix":"I"}},"clearTextFirst":true,"interactionType":"ENTER_TEXT"}]}
COMMAND: POST /session/22675cbf295e23214948e3e385e3f86d/actions - {"actions":[{"id":"action12","type":"key","parameters":{},"actions":[{"type":"keyDown","value":"î€‡"},{"type":"pause","duration":10},{"type":"keyUp","value":"î€‡"}]}]}
RESULT: {"actions":[{"id":"action12","type":"key","parameters":{},"actions":[{"type":"keyDown","value":"î€‡"},{"type":"pause","duration":10},{"type":"keyUp","value":"î€‡"}]}]}
COMMAND: GET /session/22675cbf295e23214948e3e385e3f86d/screenshot - {}
RESULT: {}
COMMAND: POST /session/22675cbf295e23214948e3e385e3f86d/element - {"using":"xpath","value":"//span[contains(text(), \"General Management\")]"}
RESULT: {"using":"xpath","value":"//span[contains(text(), \"General Management\")]"}
COMMAND: POST /session/22675cbf295e23214948e3e385e3f86d/element/f.24B59690DB8413BEE8D229DFAEDEAD25.d.82D4DCF3F3B50CA79A44A0C61A60D86E.e.5116/click - {}
RESULT: {}
COMMAND: GET /session/22675cbf295e23214948e3e385e3f86d/screenshot - {}
RESULT: {}
COMMAND: POST /session/22675cbf295e23214948e3e385e3f86d/element - {"using":"xpath","value":"//bdi[contains(text(), \"OK\")]"}
RESULT: {"using":"xpath","value":"//bdi[contains(text(), \"OK\")]"}
COMMAND: POST /session/22675cbf295e23214948e3e385e3f86d/element/f.24B59690DB8413BEE8D229DFAEDEAD25.d.82D4DCF3F3B50CA79A44A0C61A60D86E.e.5117/click - {}
RESULT: {}
COMMAND: GET /session/22675cbf295e23214948e3e385e3f86d/screenshot - {}
RESULT: {}
COMMAND: POST /session/22675cbf295e23214948e3e385e3f86d/element - {"using":"xpath","value":"//input[@id=\"application-managepartners-display-component---NewPartner--companyCodeComboBox-inner\"]"}
RESULT: {"using":"xpath","value":"//input[@id=\"application-managepartners-display-component---NewPartner--companyCodeComboBox-inner\"]"}
COMMAND: POST /session/22675cbf295e23214948e3e385e3f86d/element/f.24B59690DB8413BEE8D229DFAEDEAD25.d.82D4DCF3F3B50CA79A44A0C61A60D86E.e.4928/clear - {}
RESULT: {}
COMMAND: POST /session/22675cbf295e23214948e3e385e3f86d/element/f.24B59690DB8413BEE8D229DFAEDEAD25.d.82D4DCF3F3B50CA79A44A0C61A60D86E.e.4928/value - {"text":"1000"}
COMMAND: GET /session/22675cbf295e23214948e3e385e3f86d/screenshot - {}
RESULT: {"text":"1000"}
RESULT: {}
COMMAND: GET /session/22675cbf295e23214948e3e385e3f86d/screenshot - {}
RESULT: {}
COMMAND: POST /session/22675cbf295e23214948e3e385e3f86d/element - {"using":"xpath","value":"//li[.//span[text()= \"1000\"]]"}
RESULT: {"using":"xpath","value":"//li[.//span[text()= \"1000\"]]"}
COMMAND: POST /session/22675cbf295e23214948e3e385e3f86d/element/f.24B59690DB8413BEE8D229DFAEDEAD25.d.82D4DCF3F3B50CA79A44A0C61A60D86E.e.5123/click - {}
RESULT: {}
COMMAND: GET /session/22675cbf295e23214948e3e385e3f86d/screenshot - {}
RESULT: {}
COMMAND: POST /session/22675cbf295e23214948e3e385e3f86d/execute/async - {"script":"<script> [1562 bytes]","args":[{"selector":{"id":"application-managepartners-display-component---NewPartner--btnAddTableRow-img"},"wdio_ui5_key":"applicationmanagepartners-display-component---NewPartner--btnAddTableRow-img"}]}
RESULT: {"script":"<script> [1562 bytes]","args":[{"selector":{"id":"application-managepartners-display-component---NewPartner--btnAddTableRow-img"},"wdio_ui5_key":"applicationmanagepartners-display-component---NewPartner--btnAddTableRow-img"}]}
RESULT: undefined
COMMAND: POST /session/22675cbf295e23214948e3e385e3f86d/element - {"using":"xpath","value":"//*[@id=\"application-managepartners-display-component---NewPartner--btnAddTableRow-img\"]"}
RESULT: {"using":"xpath","value":"//*[@id=\"application-managepartners-display-component---NewPartner--btnAddTableRow-img\"]"}
COMMAND: POST /session/22675cbf295e23214948e3e385e3f86d/element/f.24B59690DB8413BEE8D229DFAEDEAD25.d.82D4DCF3F3B50CA79A44A0C61A60D86E.e.5124/click - {}
RESULT: {}
COMMAND: GET /session/22675cbf295e23214948e3e385e3f86d/screenshot - {}
RESULT: {}
COMMAND: POST /session/22675cbf295e23214948e3e385e3f86d/element - {"using":"xpath","value":"//input[@id=\"application-managepartners-display-component---NewPartner--assignmentYard-application-managepartners-display-component---NewPartner--assignmentsTable-0-inner\"]"}
RESULT: {"using":"xpath","value":"//input[@id=\"application-managepartners-display-component---NewPartner--assignmentYard-application-managepartners-display-component---NewPartner--assignmentsTable-0-inner\"]"}
COMMAND: POST /session/22675cbf295e23214948e3e385e3f86d/element/f.24B59690DB8413BEE8D229DFAEDEAD25.d.82D4DCF3F3B50CA79A44A0C61A60D86E.e.5127/clear - {}
RESULT: {}
COMMAND: POST /session/22675cbf295e23214948e3e385e3f86d/element/f.24B59690DB8413BEE8D229DFAEDEAD25.d.82D4DCF3F3B50CA79A44A0C61A60D86E.e.5127/value - {"text":"506"}
COMMAND: GET /session/22675cbf295e23214948e3e385e3f86d/screenshot - {}
RESULT: {"text":"506"}
COMMAND: GET /session/22675cbf295e23214948e3e385e3f86d/screenshot - {}
RESULT: {}
RESULT: {}
COMMAND: POST /session/22675cbf295e23214948e3e385e3f86d/element - {"using":"xpath","value":"//li[.//span[text()='506']]"}
RESULT: {"using":"xpath","value":"//li[.//span[text()='506']]"}
COMMAND: POST /session/22675cbf295e23214948e3e385e3f86d/element/f.24B59690DB8413BEE8D229DFAEDEAD25.d.82D4DCF3F3B50CA79A44A0C61A60D86E.e.5136/click - {}
RESULT: {}
COMMAND: GET /session/22675cbf295e23214948e3e385e3f86d/screenshot - {}
RESULT: {}
COMMAND: POST /session/22675cbf295e23214948e3e385e3f86d/actions - {"actions":[{"id":"action13","type":"key","parameters":{},"actions":[{"type":"keyDown","value":"î€‡"},{"type":"pause","duration":10},{"type":"keyUp","value":"î€‡"}]}]}
RESULT: {"actions":[{"id":"action13","type":"key","parameters":{},"actions":[{"type":"keyDown","value":"î€‡"},{"type":"pause","duration":10},{"type":"keyUp","value":"î€‡"}]}]}
COMMAND: POST /session/22675cbf295e23214948e3e385e3f86d/execute/async - {"script":"<script> [1562 bytes]","args":[{"selector":{"id":"application-managepartners-display-component---NewPartner--externalCustomerComboBox-application-managepartners-display-component---NewPartner--assignmentsTable-0-vhi"},"wdio_ui5_key":"applicationmanagepartners-display-component---NewPartner--externalCustomerComboBox-application-managepartners-display-component---NewPartner--assignmentsTable-0-vhi"}]}
COMMAND: GET /session/22675cbf295e23214948e3e385e3f86d/screenshot - {}
RESULT: {"script":"<script> [1562 bytes]","args":[{"selector":{"id":"application-managepartners-display-component---NewPartner--externalCustomerComboBox-application-managepartners-display-component---NewPartner--assignmentsTable-0-vhi"},"wdio_ui5_key":"applicationmanagepartners-display-component---NewPartner--externalCustomerComboBox-application-managepartners-display-component---NewPartner--assignmentsTable-0-vhi"}]}
RESULT: undefined
COMMAND: POST /session/22675cbf295e23214948e3e385e3f86d/element - {"using":"xpath","value":"//*[@id=\"application-managepartners-display-component---NewPartner--externalCustomerComboBox-application-managepartners-display-component---NewPartner--assignmentsTable-0-vhi\"]"}
RESULT: {}
RESULT: {"using":"xpath","value":"//*[@id=\"application-managepartners-display-component---NewPartner--externalCustomerComboBox-application-managepartners-display-component---NewPartner--assignmentsTable-0-vhi\"]"}
COMMAND: POST /session/22675cbf295e23214948e3e385e3f86d/element/f.24B59690DB8413BEE8D229DFAEDEAD25.d.82D4DCF3F3B50CA79A44A0C61A60D86E.e.5140/click - {}
RESULT: {}
RESULT: undefined
COMMAND: POST /session/22675cbf295e23214948e3e385e3f86d/execute/async - {"script":"<script> [776 bytes]","args":[{"enterText":"300003","selector":{"controlType":"sap.m.SearchField","properties":{"placeholder":"Search"},"searchOpenDialogs":true,"interaction":{"idSuffix":"I"}},"clearTextFirst":true,"interactionType":"ENTER_TEXT"}]}
COMMAND: GET /session/22675cbf295e23214948e3e385e3f86d/screenshot - {}
RESULT: {"script":"<script> [776 bytes]","args":[{"enterText":"300003","selector":{"controlType":"sap.m.SearchField","properties":{"placeholder":"Search"},"searchOpenDialogs":true,"interaction":{"idSuffix":"I"}},"clearTextFirst":true,"interactionType":"ENTER_TEXT"}]}
COMMAND: POST /session/22675cbf295e23214948e3e385e3f86d/actions - {"actions":[{"id":"action14","type":"key","parameters":{},"actions":[{"type":"keyDown","value":"î€‡"},{"type":"pause","duration":10},{"type":"keyUp","value":"î€‡"}]}]}
RESULT: {}
RESULT: {"actions":[{"id":"action14","type":"key","parameters":{},"actions":[{"type":"keyDown","value":"î€‡"},{"type":"pause","duration":10},{"type":"keyUp","value":"î€‡"}]}]}
COMMAND: GET /session/22675cbf295e23214948e3e385e3f86d/screenshot - {}
RESULT: {}
COMMAND: POST /session/22675cbf295e23214948e3e385e3f86d/element - {"using":"xpath","value":"//span[contains(text(), \"300003\")]"}
RESULT: {"using":"xpath","value":"//span[contains(text(), \"300003\")]"}
COMMAND: POST /session/22675cbf295e23214948e3e385e3f86d/element/f.24B59690DB8413BEE8D229DFAEDEAD25.d.82D4DCF3F3B50CA79A44A0C61A60D86E.e.5158/click - {}
RESULT: {}
COMMAND: GET /session/22675cbf295e23214948e3e385e3f86d/screenshot - {}
RESULT: {}
COMMAND: POST /session/22675cbf295e23214948e3e385e3f86d/element - {"using":"xpath","value":"//bdi[contains(text(), \"OK\")]"}
RESULT: {"using":"xpath","value":"//bdi[contains(text(), \"OK\")]"}
COMMAND: POST /session/22675cbf295e23214948e3e385e3f86d/element/f.24B59690DB8413BEE8D229DFAEDEAD25.d.82D4DCF3F3B50CA79A44A0C61A60D86E.e.5160/click - {}
RESULT: {}
COMMAND: GET /session/22675cbf295e23214948e3e385e3f86d/screenshot - {}
RESULT: {}
COMMAND: POST /session/22675cbf295e23214948e3e385e3f86d/execute/async - {"script":"<script> [1562 bytes]","args":[{"selector":{"id":"application-managepartners-display-component---NewPartner--intercompVendorComboBox-application-managepartners-display-component---NewPartner--assignmentsTable-0-vhi"},"wdio_ui5_key":"applicationmanagepartners-display-component---NewPartner--intercompVendorComboBox-application-managepartners-display-component---NewPartner--assignmentsTable-0-vhi"}]}
RESULT: {"script":"<script> [1562 bytes]","args":[{"selector":{"id":"application-managepartners-display-component---NewPartner--intercompVendorComboBox-application-managepartners-display-component---NewPartner--assignmentsTable-0-vhi"},"wdio_ui5_key":"applicationmanagepartners-display-component---NewPartner--intercompVendorComboBox-application-managepartners-display-component---NewPartner--assignmentsTable-0-vhi"}]}
RESULT: undefined
COMMAND: POST /session/22675cbf295e23214948e3e385e3f86d/element - {"using":"xpath","value":"//*[@id=\"application-managepartners-display-component---NewPartner--intercompVendorComboBox-application-managepartners-display-component---NewPartner--assignmentsTable-0-vhi\"]"}
RESULT: {"using":"xpath","value":"//*[@id=\"application-managepartners-display-component---NewPartner--intercompVendorComboBox-application-managepartners-display-component---NewPartner--assignmentsTable-0-vhi\"]"}
COMMAND: POST /session/22675cbf295e23214948e3e385e3f86d/element/f.24B59690DB8413BEE8D229DFAEDEAD25.d.82D4DCF3F3B50CA79A44A0C61A60D86E.e.5164/click - {}
RESULT: {}
RESULT: undefined
COMMAND: POST /session/22675cbf295e23214948e3e385e3f86d/execute/async - {"script":"<script> [776 bytes]","args":[{"enterText":"100005","selector":{"controlType":"sap.m.SearchField","properties":{"placeholder":"Search"},"searchOpenDialogs":true,"interaction":{"idSuffix":"I"}},"clearTextFirst":true,"interactionType":"ENTER_TEXT"}]}
COMMAND: GET /session/22675cbf295e23214948e3e385e3f86d/screenshot - {}
RESULT: {"script":"<script> [776 bytes]","args":[{"enterText":"100005","selector":{"controlType":"sap.m.SearchField","properties":{"placeholder":"Search"},"searchOpenDialogs":true,"interaction":{"idSuffix":"I"}},"clearTextFirst":true,"interactionType":"ENTER_TEXT"}]}
COMMAND: POST /session/22675cbf295e23214948e3e385e3f86d/actions - {"actions":[{"id":"action15","type":"key","parameters":{},"actions":[{"type":"keyDown","value":"î€‡"},{"type":"pause","duration":10},{"type":"keyUp","value":"î€‡"}]}]}
RESULT: {}
RESULT: {"actions":[{"id":"action15","type":"key","parameters":{},"actions":[{"type":"keyDown","value":"î€‡"},{"type":"pause","duration":10},{"type":"keyUp","value":"î€‡"}]}]}
COMMAND: GET /session/22675cbf295e23214948e3e385e3f86d/screenshot - {}
RESULT: {}
COMMAND: POST /session/22675cbf295e23214948e3e385e3f86d/element - {"using":"xpath","value":"//span[contains(text(), \"Penguins - Field/12345 Berlin\")]"}
RESULT: {"using":"xpath","value":"//span[contains(text(), \"Penguins - Field/12345 Berlin\")]"}
COMMAND: POST /session/22675cbf295e23214948e3e385e3f86d/element/f.24B59690DB8413BEE8D229DFAEDEAD25.d.82D4DCF3F3B50CA79A44A0C61A60D86E.e.5181/click - {}
RESULT: {}
COMMAND: GET /session/22675cbf295e23214948e3e385e3f86d/screenshot - {}
RESULT: {}
COMMAND: POST /session/22675cbf295e23214948e3e385e3f86d/element - {"using":"xpath","value":"//bdi[contains(text(), \"OK\")]"}
RESULT: {"using":"xpath","value":"//bdi[contains(text(), \"OK\")]"}
COMMAND: POST /session/22675cbf295e23214948e3e385e3f86d/element/f.24B59690DB8413BEE8D229DFAEDEAD25.d.82D4DCF3F3B50CA79A44A0C61A60D86E.e.5182/click - {}
RESULT: {}
COMMAND: GET /session/22675cbf295e23214948e3e385e3f86d/screenshot - {}
RESULT: {}
COMMAND: POST /session/22675cbf295e23214948e3e385e3f86d/element - {"using":"xpath","value":"//button[@data-kt=\"saveButton\"]"}
RESULT: {"using":"xpath","value":"//button[@data-kt=\"saveButton\"]"}
COMMAND: POST /session/22675cbf295e23214948e3e385e3f86d/element/f.24B59690DB8413BEE8D229DFAEDEAD25.d.82D4DCF3F3B50CA79A44A0C61A60D86E.e.4958/click - {}
RESULT: {}
COMMAND: GET /session/22675cbf295e23214948e3e385e3f86d/screenshot - {}
RESULT: {}
COMMAND: POST /session/22675cbf295e23214948e3e385e3f86d/element - {"using":"xpath","value":"//header[contains(@id, 'ObjectPageLayout-headerTitle')]/div[1]/div[2]/div[2]/span[1]"}
RESULT: {"using":"xpath","value":"//header[contains(@id, 'ObjectPageLayout-headerTitle')]/div[1]/div[2]/div[2]/span[1]"}
COMMAND: POST /session/22675cbf295e23214948e3e385e3f86d/elements - {"using":"xpath","value":"//header[contains(@id, 'ObjectPageLayout-headerTitle')]/div[1]/div[2]/div[2]/span[1]"}
RESULT: {"using":"xpath","value":"//header[contains(@id, 'ObjectPageLayout-headerTitle')]/div[1]/div[2]/div[2]/span[1]"}
COMMAND: POST /session/22675cbf295e23214948e3e385e3f86d/execute/sync - {"script":"<script> [56 bytes]","args":[{"element-6066-11e4-a52e-4f735466cecf":"f.24B59690DB8413BEE8D229DFAEDEAD25.d.82D4DCF3F3B50CA79A44A0C61A60D86E.e.5347","ELEMENT":"f.24B59690DB8413BEE8D229DFAEDEAD25.d.82D4DCF3F3B50CA79A44A0C61A60D86E.e.5347"}]}
RESULT: {"script":"<script> [56 bytes]","args":[{"element-6066-11e4-a52e-4f735466cecf":"f.24B59690DB8413BEE8D229DFAEDEAD25.d.82D4DCF3F3B50CA79A44A0C61A60D86E.e.5347","ELEMENT":"f.24B59690DB8413BEE8D229DFAEDEAD25.d.82D4DCF3F3B50CA79A44A0C61A60D86E.e.5347"}]}
COMMAND: POST /session/22675cbf295e23214948e3e385e3f86d/element - {"using":"css selector","value":"#shell-header-logo"}
COMMAND: GET /session/22675cbf295e23214948e3e385e3f86d/screenshot - {}
RESULT: {"using":"css selector","value":"#shell-header-logo"}
COMMAND: POST /session/22675cbf295e23214948e3e385e3f86d/element/f.24B59690DB8413BEE8D229DFAEDEAD25.d.82D4DCF3F3B50CA79A44A0C61A60D86E.e.4567/click - {}
RESULT: {}
RESULT: {}
COMMAND: GET /session/22675cbf295e23214948e3e385e3f86d/screenshot - {}
RESULT: {}
COMMAND: POST /session/22675cbf295e23214948e3e385e3f86d/execute/sync - {"script":"<script> [299 bytes]","args":[["getModel","getResource"]]}
RESULT: {"script":"<script> [299 bytes]","args":[["getModel","getResource"]]}
RESULT: undefined
COMMAND: POST /session/22675cbf295e23214948e3e385e3f86d/element - {"using":"xpath","value":"//*[@id=\"__tile30\"]"}
COMMAND: GET /session/22675cbf295e23214948e3e385e3f86d/screenshot - {}
RESULT: {"using":"xpath","value":"//*[@id=\"__tile30\"]"}
COMMAND: POST /session/22675cbf295e23214948e3e385e3f86d/element/f.24B59690DB8413BEE8D229DFAEDEAD25.d.82D4DCF3F3B50CA79A44A0C61A60D86E.e.4487/click - {}
RESULT: {}
RESULT: {}
COMMAND: GET /session/22675cbf295e23214948e3e385e3f86d/screenshot - {}
RESULT: {}
COMMAND: POST /session/22675cbf295e23214948e3e385e3f86d/elements - {"using":"xpath","value":"//span[text()='Error']"}
RESULT: {"using":"xpath","value":"//span[text()='Error']"}
COMMAND: POST /session/22675cbf295e23214948e3e385e3f86d/element - {"using":"xpath","value":"//button[@data-kt=\"addButton\"]"}
RESULT: {"using":"xpath","value":"//button[@data-kt=\"addButton\"]"}
COMMAND: POST /session/22675cbf295e23214948e3e385e3f86d/elements - {"using":"xpath","value":"//button[@data-kt=\"addButton\"]"}
RESULT: {"using":"xpath","value":"//button[@data-kt=\"addButton\"]"}
COMMAND: POST /session/22675cbf295e23214948e3e385e3f86d/execute/sync - {"script":"<script> [8489 bytes]","args":[{"element-6066-11e4-a52e-4f735466cecf":"f.24B59690DB8413BEE8D229DFAEDEAD25.d.82D4DCF3F3B50CA79A44A0C61A60D86E.e.5394","ELEMENT":"f.24B59690DB8413BEE8D229DFAEDEAD25.d.82D4DCF3F3B50CA79A44A0C61A60D86E.e.5394"}]}
RESULT: {"script":"<script> [8489 bytes]","args":[{"element-6066-11e4-a52e-4f735466cecf":"f.24B59690DB8413BEE8D229DFAEDEAD25.d.82D4DCF3F3B50CA79A44A0C61A60D86E.e.5394","ELEMENT":"f.24B59690DB8413BEE8D229DFAEDEAD25.d.82D4DCF3F3B50CA79A44A0C61A60D86E.e.5394"}]}
COMMAND: GET /session/22675cbf295e23214948e3e385e3f86d/element/f.24B59690DB8413BEE8D229DFAEDEAD25.d.82D4DCF3F3B50CA79A44A0C61A60D86E.e.5394/enabled - {}
COMMAND: GET /session/22675cbf295e23214948e3e385e3f86d/screenshot - {}
RESULT: {}
COMMAND: POST /session/22675cbf295e23214948e3e385e3f86d/execute/sync - {"script":"<script> [8489 bytes]","args":[{"element-6066-11e4-a52e-4f735466cecf":"f.24B59690DB8413BEE8D229DFAEDEAD25.d.82D4DCF3F3B50CA79A44A0C61A60D86E.e.5394","ELEMENT":"f.24B59690DB8413BEE8D229DFAEDEAD25.d.82D4DCF3F3B50CA79A44A0C61A60D86E.e.5394"}]}
COMMAND: GET /session/22675cbf295e23214948e3e385e3f86d/screenshot - {}
RESULT: {}
RESULT: {"script":"<script> [8489 bytes]","args":[{"element-6066-11e4-a52e-4f735466cecf":"f.24B59690DB8413BEE8D229DFAEDEAD25.d.82D4DCF3F3B50CA79A44A0C61A60D86E.e.5394","ELEMENT":"f.24B59690DB8413BEE8D229DFAEDEAD25.d.82D4DCF3F3B50CA79A44A0C61A60D86E.e.5394"}]}
COMMAND: POST /session/22675cbf295e23214948e3e385e3f86d/execute/sync - {"script":"<script> [5351 bytes]","args":[{"element-6066-11e4-a52e-4f735466cecf":"f.24B59690DB8413BEE8D229DFAEDEAD25.d.82D4DCF3F3B50CA79A44A0C61A60D86E.e.5394","ELEMENT":"f.24B59690DB8413BEE8D229DFAEDEAD25.d.82D4DCF3F3B50CA79A44A0C61A60D86E.e.5394"}]}
COMMAND: GET /session/22675cbf295e23214948e3e385e3f86d/screenshot - {}
RESULT: {}
RESULT: {"script":"<script> [5351 bytes]","args":[{"element-6066-11e4-a52e-4f735466cecf":"f.24B59690DB8413BEE8D229DFAEDEAD25.d.82D4DCF3F3B50CA79A44A0C61A60D86E.e.5394","ELEMENT":"f.24B59690DB8413BEE8D229DFAEDEAD25.d.82D4DCF3F3B50CA79A44A0C61A60D86E.e.5394"}]}
COMMAND: GET /session/22675cbf295e23214948e3e385e3f86d/screenshot - {}
RESULT: {}
RESULT: {}
COMMAND: POST /session/22675cbf295e23214948e3e385e3f86d/execute/async - {"script":"<script> [1562 bytes]","args":[{"selector":{"id":"application-managepartners-display-component---masterPtm--smartFilterBar-btnBasicSearch","interaction":{"idSuffix":"I"}},"wdio_ui5_key":"applicationmanagepartners-display-component---masterPtm--smartFilterBar-btnBasicSearch"}]}
RESULT: {"script":"<script> [1562 bytes]","args":[{"selector":{"id":"application-managepartners-display-component---masterPtm--smartFilterBar-btnBasicSearch","interaction":{"idSuffix":"I"}},"wdio_ui5_key":"applicationmanagepartners-display-component---masterPtm--smartFilterBar-btnBasicSearch"}]}
RESULT: undefined
COMMAND: POST /session/22675cbf295e23214948e3e385e3f86d/execute/async - {"script":"<script> [776 bytes]","args":[{"enterText":"1292","selector":{"id":"application-managepartners-display-component---masterPtm--smartFilterBar-btnBasicSearch","interaction":{"idSuffix":"I"}},"clearTextFirst":true,"interactionType":"ENTER_TEXT"}]}
RESULT: {"script":"<script> [776 bytes]","args":[{"enterText":"1292","selector":{"id":"application-managepartners-display-component---masterPtm--smartFilterBar-btnBasicSearch","interaction":{"idSuffix":"I"}},"clearTextFirst":true,"interactionType":"ENTER_TEXT"}]}
COMMAND: POST /session/22675cbf295e23214948e3e385e3f86d/actions - {"actions":[{"id":"action16","type":"key","parameters":{},"actions":[{"type":"keyDown","value":"î€‡"},{"type":"pause","duration":10},{"type":"keyUp","value":"î€‡"}]}]}
RESULT: {"actions":[{"id":"action16","type":"key","parameters":{},"actions":[{"type":"keyDown","value":"î€‡"},{"type":"pause","duration":10},{"type":"keyUp","value":"î€‡"}]}]}
COMMAND: GET /session/22675cbf295e23214948e3e385e3f86d/screenshot - {}
RESULT: {}
COMMAND: POST /session/22675cbf295e23214948e3e385e3f86d/elements - {"using":"xpath","value":"//table[contains(@id, \"customPartnersTable-listUl\")]/tbody/tr"}
RESULT: {"using":"xpath","value":"//table[contains(@id, \"customPartnersTable-listUl\")]/tbody/tr"}
COMMAND: POST /session/22675cbf295e23214948e3e385e3f86d/element - {"using":"xpath","value":"//table[contains(@id, \"customPartnersTable-listUl\")]/tbody/tr[1]/td[3]/span"}
RESULT: {"using":"xpath","value":"//table[contains(@id, \"customPartnersTable-listUl\")]/tbody/tr[1]/td[3]/span"}
COMMAND: POST /session/22675cbf295e23214948e3e385e3f86d/elements - {"using":"xpath","value":"//table[contains(@id, \"customPartnersTable-listUl\")]/tbody/tr[1]/td[3]/span"}
RESULT: {"using":"xpath","value":"//table[contains(@id, \"customPartnersTable-listUl\")]/tbody/tr[1]/td[3]/span"}
COMMAND: POST /session/22675cbf295e23214948e3e385e3f86d/execute/sync - {"script":"<script> [56 bytes]","args":[{"element-6066-11e4-a52e-4f735466cecf":"f.24B59690DB8413BEE8D229DFAEDEAD25.d.82D4DCF3F3B50CA79A44A0C61A60D86E.e.5528","ELEMENT":"f.24B59690DB8413BEE8D229DFAEDEAD25.d.82D4DCF3F3B50CA79A44A0C61A60D86E.e.5528"}]}
RESULT: {"script":"<script> [56 bytes]","args":[{"element-6066-11e4-a52e-4f735466cecf":"f.24B59690DB8413BEE8D229DFAEDEAD25.d.82D4DCF3F3B50CA79A44A0C61A60D86E.e.5528","ELEMENT":"f.24B59690DB8413BEE8D229DFAEDEAD25.d.82D4DCF3F3B50CA79A44A0C61A60D86E.e.5528"}]}
COMMAND: POST /session/22675cbf295e23214948e3e385e3f86d/element - {"using":"xpath","value":"(//span[contains(@id, \"imgNav\")])[1]"}
COMMAND: GET /session/22675cbf295e23214948e3e385e3f86d/screenshot - {}
RESULT: {"using":"xpath","value":"(//span[contains(@id, \"imgNav\")])[1]"}
COMMAND: POST /session/22675cbf295e23214948e3e385e3f86d/element/f.24B59690DB8413BEE8D229DFAEDEAD25.d.82D4DCF3F3B50CA79A44A0C61A60D86E.e.5526/click - {}
RESULT: {}
RESULT: {}
COMMAND: GET /session/22675cbf295e23214948e3e385e3f86d/screenshot - {}
COMMAND: POST /session/22675cbf295e23214948e3e385e3f86d/element - {"using":"xpath","value":"//bdi[contains(text(), \"Edit\")]"}
RESULT: {}
RESULT: {"using":"xpath","value":"//bdi[contains(text(), \"Edit\")]"}
COMMAND: POST /session/22675cbf295e23214948e3e385e3f86d/element/f.24B59690DB8413BEE8D229DFAEDEAD25.d.82D4DCF3F3B50CA79A44A0C61A60D86E.e.5670/click - {}
RESULT: {}
COMMAND: GET /session/22675cbf295e23214948e3e385e3f86d/screenshot - {}
RESULT: {}
COMMAND: POST /session/22675cbf295e23214948e3e385e3f86d/execute/async - {"script":"<script> [1562 bytes]","args":[{"selector":{"controlType":"sap.m.Input","viewName":"etm.portal.ui.managepartners.view.EditDetail","labelFor":{"text":"Name"},"interaction":{"idSuffix":"inner"}},"wdio_ui5_key":"etmportal.ui.managepartners.view.EditDetailsap.m.Input{\"text\":\"Name\"}"}]}
RESULT: {"script":"<script> [1562 bytes]","args":[{"selector":{"controlType":"sap.m.Input","viewName":"etm.portal.ui.managepartners.view.EditDetail","labelFor":{"text":"Name"},"interaction":{"idSuffix":"inner"}},"wdio_ui5_key":"etmportal.ui.managepartners.view.EditDetailsap.m.Input{\"text\":\"Name\"}"}]}
RESULT: undefined
COMMAND: POST /session/22675cbf295e23214948e3e385e3f86d/execute/async - {"script":"<script> [776 bytes]","args":[{"enterText":"Intracompany EDIT","selector":{"controlType":"sap.m.Input","viewName":"etm.portal.ui.managepartners.view.EditDetail","labelFor":{"text":"Name"},"interaction":{"idSuffix":"inner"}},"clearTextFirst":true,"interactionType":"ENTER_TEXT"}]}
RESULT: {"script":"<script> [776 bytes]","args":[{"enterText":"Intracompany EDIT","selector":{"controlType":"sap.m.Input","viewName":"etm.portal.ui.managepartners.view.EditDetail","labelFor":{"text":"Name"},"interaction":{"idSuffix":"inner"}},"clearTextFirst":true,"interactionType":"ENTER_TEXT"}]}
COMMAND: POST /session/22675cbf295e23214948e3e385e3f86d/element - {"using":"xpath","value":"(//span[contains(@id,\"addressDetailDetailsLanguage-arrow\")])[1]"}
RESULT: {"using":"xpath","value":"(//span[contains(@id,\"addressDetailDetailsLanguage-arrow\")])[1]"}
COMMAND: POST /session/22675cbf295e23214948e3e385e3f86d/element/f.24B59690DB8413BEE8D229DFAEDEAD25.d.82D4DCF3F3B50CA79A44A0C61A60D86E.e.5752/click - {}
RESULT: {}
COMMAND: POST /session/22675cbf295e23214948e3e385e3f86d/element - {"using":"xpath","value":"//span[contains(text(), \"Chinese\")]"}
COMMAND: GET /session/22675cbf295e23214948e3e385e3f86d/screenshot - {}
RESULT: {"using":"xpath","value":"//span[contains(text(), \"Chinese\")]"}
COMMAND: POST /session/22675cbf295e23214948e3e385e3f86d/element/f.24B59690DB8413BEE8D229DFAEDEAD25.d.82D4DCF3F3B50CA79A44A0C61A60D86E.e.5753/click - {}
RESULT: {}
RESULT: {}
COMMAND: GET /session/22675cbf295e23214948e3e385e3f86d/screenshot - {}
RESULT: {}
COMMAND: POST /session/22675cbf295e23214948e3e385e3f86d/execute/async - {"script":"<script> [1562 bytes]","args":[{"selector":{"controlType":"sap.m.Input","viewName":"etm.portal.ui.managepartners.view.EditDetail","labelFor":{"text":"City"},"interaction":{"idSuffix":"inner"}},"wdio_ui5_key":"etmportal.ui.managepartners.view.EditDetailsap.m.Input{\"text\":\"City\"}"}]}
RESULT: {"script":"<script> [1562 bytes]","args":[{"selector":{"controlType":"sap.m.Input","viewName":"etm.portal.ui.managepartners.view.EditDetail","labelFor":{"text":"City"},"interaction":{"idSuffix":"inner"}},"wdio_ui5_key":"etmportal.ui.managepartners.view.EditDetailsap.m.Input{\"text\":\"City\"}"}]}
RESULT: undefined
COMMAND: POST /session/22675cbf295e23214948e3e385e3f86d/execute/async - {"script":"<script> [776 bytes]","args":[{"enterText":"Clooj-Napoca","selector":{"controlType":"sap.m.Input","viewName":"etm.portal.ui.managepartners.view.EditDetail","labelFor":{"text":"City"},"interaction":{"idSuffix":"inner"}},"clearTextFirst":true,"interactionType":"ENTER_TEXT"}]}
RESULT: {"script":"<script> [776 bytes]","args":[{"enterText":"Clooj-Napoca","selector":{"controlType":"sap.m.Input","viewName":"etm.portal.ui.managepartners.view.EditDetail","labelFor":{"text":"City"},"interaction":{"idSuffix":"inner"}},"clearTextFirst":true,"interactionType":"ENTER_TEXT"}]}
COMMAND: POST /session/22675cbf295e23214948e3e385e3f86d/element - {"using":"xpath","value":"//button[@data-kt=\"saveButton\"]"}
RESULT: {"using":"xpath","value":"//button[@data-kt=\"saveButton\"]"}
COMMAND: POST /session/22675cbf295e23214948e3e385e3f86d/element/f.24B59690DB8413BEE8D229DFAEDEAD25.d.82D4DCF3F3B50CA79A44A0C61A60D86E.e.5729/click - {}
RESULT: {}
COMMAND: GET /session/22675cbf295e23214948e3e385e3f86d/screenshot - {}
RESULT: {}
COMMAND: POST /session/22675cbf295e23214948e3e385e3f86d/execute/async - {"script":"<script> [1562 bytes]","args":[{"selector":{"id":"application-managepartners-display-component---detailPtm--addressDetailDetailsName1"},"wdio_ui5_key":"applicationmanagepartners-display-component---detailPtm--addressDetailDetailsName1"}]}
RESULT: {"script":"<script> [1562 bytes]","args":[{"selector":{"id":"application-managepartners-display-component---detailPtm--addressDetailDetailsName1"},"wdio_ui5_key":"applicationmanagepartners-display-component---detailPtm--addressDetailDetailsName1"}]}
RESULT: undefined
COMMAND: POST /session/22675cbf295e23214948e3e385e3f86d/execute/async - {"script":"<script> [6424 bytes]","args":[{"element-6066-11e4-a52e-4f735466cecf":"f.24B59690DB8413BEE8D229DFAEDEAD25.d.82D4DCF3F3B50CA79A44A0C61A60D86E.e.5784"},"getValue",[]]}
RESULT: {"script":"<script> [6424 bytes]","args":[{"element-6066-11e4-a52e-4f735466cecf":"f.24B59690DB8413BEE8D229DFAEDEAD25.d.82D4DCF3F3B50CA79A44A0C61A60D86E.e.5784"},"getValue",[]]}
COMMAND: POST /session/22675cbf295e23214948e3e385e3f86d/element - {"using":"xpath","value":"//input[@id = \"application-managepartners-display-component---detailPtm--addressDetailDetailsLanguage-inner\"]"}
RESULT: {"using":"xpath","value":"//input[@id = \"application-managepartners-display-component---detailPtm--addressDetailDetailsLanguage-inner\"]"}
COMMAND: GET /session/22675cbf295e23214948e3e385e3f86d/element/f.24B59690DB8413BEE8D229DFAEDEAD25.d.82D4DCF3F3B50CA79A44A0C61A60D86E.e.5785/property/value - {}
RESULT: {}
COMMAND: POST /session/22675cbf295e23214948e3e385e3f86d/execute/async - {"script":"<script> [1562 bytes]","args":[{"selector":{"id":"application-managepartners-display-component---detailPtm--addressDetailDetailsCity1"},"wdio_ui5_key":"applicationmanagepartners-display-component---detailPtm--addressDetailDetailsCity1"}]}
COMMAND: GET /session/22675cbf295e23214948e3e385e3f86d/screenshot - {}
RESULT: {"script":"<script> [1562 bytes]","args":[{"selector":{"id":"application-managepartners-display-component---detailPtm--addressDetailDetailsCity1"},"wdio_ui5_key":"applicationmanagepartners-display-component---detailPtm--addressDetailDetailsCity1"}]}
RESULT: undefined
COMMAND: POST /session/22675cbf295e23214948e3e385e3f86d/execute/async - {"script":"<script> [6424 bytes]","args":[{"element-6066-11e4-a52e-4f735466cecf":"f.24B59690DB8413BEE8D229DFAEDEAD25.d.82D4DCF3F3B50CA79A44A0C61A60D86E.e.5786"},"getValue",[]]}
RESULT: {}
RESULT: {"script":"<script> [6424 bytes]","args":[{"element-6066-11e4-a52e-4f735466cecf":"f.24B59690DB8413BEE8D229DFAEDEAD25.d.82D4DCF3F3B50CA79A44A0C61A60D86E.e.5786"},"getValue",[]]}
COMMAND: POST /session/22675cbf295e23214948e3e385e3f86d/element - {"using":"css selector","value":"#shell-header-logo"}
RESULT: {"using":"css selector","value":"#shell-header-logo"}
COMMAND: POST /session/22675cbf295e23214948e3e385e3f86d/element/f.24B59690DB8413BEE8D229DFAEDEAD25.d.82D4DCF3F3B50CA79A44A0C61A60D86E.e.5350/click - {}
RESULT: {}
COMMAND: GET /session/22675cbf295e23214948e3e385e3f86d/screenshot - {}
RESULT: {}
]]></system-out>
    </testcase>
    <testcase classname="chrome.136_0_7103_93.windows.Partner_specific_tests_US150819_US151080_US151654_US151176_US103444_US151078_US151079_US151109_US151174_US151175_US151189" name="Should do filtering and navigation tests US151109" time="177.436">
      <system-out><![CDATA[
COMMAND: POST /session/22675cbf295e23214948e3e385e3f86d/element - {"using":"xpath","value":"//li[.//span[text()=\"Manage Partners\"]]"}
RESULT: {"using":"xpath","value":"//li[.//span[text()=\"Manage Partners\"]]"}
COMMAND: POST /session/22675cbf295e23214948e3e385e3f86d/element - {"using":"xpath","value":"//li[.//span[text()=\"Manage Partners\"]]"}
RESULT: {"using":"xpath","value":"//li[.//span[text()=\"Manage Partners\"]]"}
COMMAND: POST /session/22675cbf295e23214948e3e385e3f86d/element - {"using":"css selector","value":"#shell-header-logo"}
RESULT: {"using":"css selector","value":"#shell-header-logo"}
COMMAND: POST /session/22675cbf295e23214948e3e385e3f86d/element/f.24B59690DB8413BEE8D229DFAEDEAD25.d.82D4DCF3F3B50CA79A44A0C61A60D86E.e.5817/click - {}
COMMAND: POST /session/22675cbf295e23214948e3e385e3f86d/execute/sync - {"script":"<script> [8489 bytes]","args":[{"element-6066-11e4-a52e-4f735466cecf":"f.24B59690DB8413BEE8D229DFAEDEAD25.d.82D4DCF3F3B50CA79A44A0C61A60D86E.e.5817","ELEMENT":"f.24B59690DB8413BEE8D229DFAEDEAD25.d.82D4DCF3F3B50CA79A44A0C61A60D86E.e.5817"}]}
RESULT: {}
COMMAND: GET /session/22675cbf295e23214948e3e385e3f86d/screenshot - {}
RESULT: {"script":"<script> [8489 bytes]","args":[{"element-6066-11e4-a52e-4f735466cecf":"f.24B59690DB8413BEE8D229DFAEDEAD25.d.82D4DCF3F3B50CA79A44A0C61A60D86E.e.5817","ELEMENT":"f.24B59690DB8413BEE8D229DFAEDEAD25.d.82D4DCF3F3B50CA79A44A0C61A60D86E.e.5817"}]}
COMMAND: POST /session/22675cbf295e23214948e3e385e3f86d/execute/sync - {"script":"<script> [5351 bytes]","args":[{"element-6066-11e4-a52e-4f735466cecf":"f.24B59690DB8413BEE8D229DFAEDEAD25.d.82D4DCF3F3B50CA79A44A0C61A60D86E.e.5817","ELEMENT":"f.24B59690DB8413BEE8D229DFAEDEAD25.d.82D4DCF3F3B50CA79A44A0C61A60D86E.e.5817"}]}
COMMAND: GET /session/22675cbf295e23214948e3e385e3f86d/screenshot - {}
RESULT: {}
RESULT: {"script":"<script> [5351 bytes]","args":[{"element-6066-11e4-a52e-4f735466cecf":"f.24B59690DB8413BEE8D229DFAEDEAD25.d.82D4DCF3F3B50CA79A44A0C61A60D86E.e.5817","ELEMENT":"f.24B59690DB8413BEE8D229DFAEDEAD25.d.82D4DCF3F3B50CA79A44A0C61A60D86E.e.5817"}]}
COMMAND: GET /session/22675cbf295e23214948e3e385e3f86d/screenshot - {}
RESULT: {}
RESULT: {}
RESULT: undefined
COMMAND: POST /session/22675cbf295e23214948e3e385e3f86d/element - {"using":"xpath","value":"//*[@id=\"__tile30\"]"}
RESULT: {"using":"xpath","value":"//*[@id=\"__tile30\"]"}
COMMAND: POST /session/22675cbf295e23214948e3e385e3f86d/element/f.24B59690DB8413BEE8D229DFAEDEAD25.d.82D4DCF3F3B50CA79A44A0C61A60D86E.e.4487/click - {}
RESULT: {}
COMMAND: GET /session/22675cbf295e23214948e3e385e3f86d/screenshot - {}
RESULT: {}
COMMAND: POST /session/22675cbf295e23214948e3e385e3f86d/elements - {"using":"xpath","value":"//span[text()='Error']"}
RESULT: {"using":"xpath","value":"//span[text()='Error']"}
COMMAND: POST /session/22675cbf295e23214948e3e385e3f86d/element - {"using":"xpath","value":"//button[@data-kt=\"addButton\"]"}
RESULT: {"using":"xpath","value":"//button[@data-kt=\"addButton\"]"}
COMMAND: POST /session/22675cbf295e23214948e3e385e3f86d/elements - {"using":"xpath","value":"//button[@data-kt=\"addButton\"]"}
RESULT: {"using":"xpath","value":"//button[@data-kt=\"addButton\"]"}
COMMAND: POST /session/22675cbf295e23214948e3e385e3f86d/execute/sync - {"script":"<script> [8489 bytes]","args":[{"element-6066-11e4-a52e-4f735466cecf":"f.24B59690DB8413BEE8D229DFAEDEAD25.d.82D4DCF3F3B50CA79A44A0C61A60D86E.e.5862","ELEMENT":"f.24B59690DB8413BEE8D229DFAEDEAD25.d.82D4DCF3F3B50CA79A44A0C61A60D86E.e.5862"}]}
RESULT: {"script":"<script> [8489 bytes]","args":[{"element-6066-11e4-a52e-4f735466cecf":"f.24B59690DB8413BEE8D229DFAEDEAD25.d.82D4DCF3F3B50CA79A44A0C61A60D86E.e.5862","ELEMENT":"f.24B59690DB8413BEE8D229DFAEDEAD25.d.82D4DCF3F3B50CA79A44A0C61A60D86E.e.5862"}]}
COMMAND: GET /session/22675cbf295e23214948e3e385e3f86d/element/f.24B59690DB8413BEE8D229DFAEDEAD25.d.82D4DCF3F3B50CA79A44A0C61A60D86E.e.5862/enabled - {}
COMMAND: GET /session/22675cbf295e23214948e3e385e3f86d/screenshot - {}
RESULT: {}
COMMAND: POST /session/22675cbf295e23214948e3e385e3f86d/execute/sync - {"script":"<script> [8489 bytes]","args":[{"element-6066-11e4-a52e-4f735466cecf":"f.24B59690DB8413BEE8D229DFAEDEAD25.d.82D4DCF3F3B50CA79A44A0C61A60D86E.e.5862","ELEMENT":"f.24B59690DB8413BEE8D229DFAEDEAD25.d.82D4DCF3F3B50CA79A44A0C61A60D86E.e.5862"}]}
COMMAND: GET /session/22675cbf295e23214948e3e385e3f86d/screenshot - {}
RESULT: {}
RESULT: {"script":"<script> [8489 bytes]","args":[{"element-6066-11e4-a52e-4f735466cecf":"f.24B59690DB8413BEE8D229DFAEDEAD25.d.82D4DCF3F3B50CA79A44A0C61A60D86E.e.5862","ELEMENT":"f.24B59690DB8413BEE8D229DFAEDEAD25.d.82D4DCF3F3B50CA79A44A0C61A60D86E.e.5862"}]}
COMMAND: POST /session/22675cbf295e23214948e3e385e3f86d/execute/sync - {"script":"<script> [5351 bytes]","args":[{"element-6066-11e4-a52e-4f735466cecf":"f.24B59690DB8413BEE8D229DFAEDEAD25.d.82D4DCF3F3B50CA79A44A0C61A60D86E.e.5862","ELEMENT":"f.24B59690DB8413BEE8D229DFAEDEAD25.d.82D4DCF3F3B50CA79A44A0C61A60D86E.e.5862"}]}
COMMAND: GET /session/22675cbf295e23214948e3e385e3f86d/screenshot - {}
RESULT: {}
RESULT: {"script":"<script> [5351 bytes]","args":[{"element-6066-11e4-a52e-4f735466cecf":"f.24B59690DB8413BEE8D229DFAEDEAD25.d.82D4DCF3F3B50CA79A44A0C61A60D86E.e.5862","ELEMENT":"f.24B59690DB8413BEE8D229DFAEDEAD25.d.82D4DCF3F3B50CA79A44A0C61A60D86E.e.5862"}]}
COMMAND: GET /session/22675cbf295e23214948e3e385e3f86d/screenshot - {}
RESULT: {}
RESULT: {}
COMMAND: POST /session/22675cbf295e23214948e3e385e3f86d/element - {"using":"xpath","value":"//span[@id=\"application-managepartners-display-component---masterPtm--smartTable-header-inner\"]"}
RESULT: {"using":"xpath","value":"//span[@id=\"application-managepartners-display-component---masterPtm--smartTable-header-inner\"]"}
COMMAND: POST /session/22675cbf295e23214948e3e385e3f86d/elements - {"using":"xpath","value":"//span[@id=\"application-managepartners-display-component---masterPtm--smartTable-header-inner\"]"}
RESULT: {"using":"xpath","value":"//span[@id=\"application-managepartners-display-component---masterPtm--smartTable-header-inner\"]"}
COMMAND: POST /session/22675cbf295e23214948e3e385e3f86d/execute/sync - {"script":"<script> [56 bytes]","args":[{"element-6066-11e4-a52e-4f735466cecf":"f.24B59690DB8413BEE8D229DFAEDEAD25.d.82D4DCF3F3B50CA79A44A0C61A60D86E.e.5985","ELEMENT":"f.24B59690DB8413BEE8D229DFAEDEAD25.d.82D4DCF3F3B50CA79A44A0C61A60D86E.e.5985"}]}
RESULT: {"script":"<script> [56 bytes]","args":[{"element-6066-11e4-a52e-4f735466cecf":"f.24B59690DB8413BEE8D229DFAEDEAD25.d.82D4DCF3F3B50CA79A44A0C61A60D86E.e.5985","ELEMENT":"f.24B59690DB8413BEE8D229DFAEDEAD25.d.82D4DCF3F3B50CA79A44A0C61A60D86E.e.5985"}]}
RESULT: undefined
COMMAND: POST /session/22675cbf295e23214948e3e385e3f86d/execute/async - {"script":"<script> [776 bytes]","args":[{"enterText":"External Partner WDIO","selector":{"id":"application-managepartners-display-component---masterPtm--smartFilterBar-btnBasicSearch","interaction":{"idSuffix":"I"}},"clearTextFirst":true,"interactionType":"ENTER_TEXT"}]}
COMMAND: GET /session/22675cbf295e23214948e3e385e3f86d/screenshot - {}
RESULT: {}
RESULT: {"script":"<script> [776 bytes]","args":[{"enterText":"External Partner WDIO","selector":{"id":"application-managepartners-display-component---masterPtm--smartFilterBar-btnBasicSearch","interaction":{"idSuffix":"I"}},"clearTextFirst":true,"interactionType":"ENTER_TEXT"}]}
COMMAND: POST /session/22675cbf295e23214948e3e385e3f86d/actions - {"actions":[{"id":"action17","type":"key","parameters":{},"actions":[{"type":"keyDown","value":"î€‡"},{"type":"pause","duration":10},{"type":"keyUp","value":"î€‡"}]}]}
RESULT: {"actions":[{"id":"action17","type":"key","parameters":{},"actions":[{"type":"keyDown","value":"î€‡"},{"type":"pause","duration":10},{"type":"keyUp","value":"î€‡"}]}]}
COMMAND: GET /session/22675cbf295e23214948e3e385e3f86d/screenshot - {}
RESULT: {}
COMMAND: POST /session/22675cbf295e23214948e3e385e3f86d/element - {"using":"xpath","value":"//span[@id=\"application-managepartners-display-component---masterPtm--smartTable-header-inner\"]"}
RESULT: {"using":"xpath","value":"//span[@id=\"application-managepartners-display-component---masterPtm--smartTable-header-inner\"]"}
COMMAND: POST /session/22675cbf295e23214948e3e385e3f86d/elements - {"using":"xpath","value":"//span[@id=\"application-managepartners-display-component---masterPtm--smartTable-header-inner\"]"}
RESULT: {"using":"xpath","value":"//span[@id=\"application-managepartners-display-component---masterPtm--smartTable-header-inner\"]"}
COMMAND: POST /session/22675cbf295e23214948e3e385e3f86d/execute/sync - {"script":"<script> [56 bytes]","args":[{"element-6066-11e4-a52e-4f735466cecf":"f.24B59690DB8413BEE8D229DFAEDEAD25.d.82D4DCF3F3B50CA79A44A0C61A60D86E.e.5985","ELEMENT":"f.24B59690DB8413BEE8D229DFAEDEAD25.d.82D4DCF3F3B50CA79A44A0C61A60D86E.e.5985"}]}
RESULT: {"script":"<script> [56 bytes]","args":[{"element-6066-11e4-a52e-4f735466cecf":"f.24B59690DB8413BEE8D229DFAEDEAD25.d.82D4DCF3F3B50CA79A44A0C61A60D86E.e.5985","ELEMENT":"f.24B59690DB8413BEE8D229DFAEDEAD25.d.82D4DCF3F3B50CA79A44A0C61A60D86E.e.5985"}]}
COMMAND: POST /session/22675cbf295e23214948e3e385e3f86d/element - {"using":"xpath","value":"//div[contains(@id, \"managepartners-display-component---masterPtm--smartFilterBar-btnBasicSearch-reset\")]"}
COMMAND: GET /session/22675cbf295e23214948e3e385e3f86d/screenshot - {}
RESULT: {"using":"xpath","value":"//div[contains(@id, \"managepartners-display-component---masterPtm--smartFilterBar-btnBasicSearch-reset\")]"}
COMMAND: POST /session/22675cbf295e23214948e3e385e3f86d/element/f.24B59690DB8413BEE8D229DFAEDEAD25.d.82D4DCF3F3B50CA79A44A0C61A60D86E.e.6134/click - {}
RESULT: {}
RESULT: {}
COMMAND: GET /session/22675cbf295e23214948e3e385e3f86d/screenshot - {}
RESULT: {}
COMMAND: POST /session/22675cbf295e23214948e3e385e3f86d/execute/async - {"script":"<script> [1562 bytes]","args":[{"selector":{"id":"application-managepartners-display-component---masterPtm--smartFilterBar-filterItemControl_BASIC-MAIN_ADDRESS-vhi"},"wdio_ui5_key":"applicationmanagepartners-display-component---masterPtm--smartFilterBar-filterItemControl_BASIC-MAIN_ADDRESS-vhi"}]}
RESULT: {"script":"<script> [1562 bytes]","args":[{"selector":{"id":"application-managepartners-display-component---masterPtm--smartFilterBar-filterItemControl_BASIC-MAIN_ADDRESS-vhi"},"wdio_ui5_key":"applicationmanagepartners-display-component---masterPtm--smartFilterBar-filterItemControl_BASIC-MAIN_ADDRESS-vhi"}]}
RESULT: undefined
COMMAND: POST /session/22675cbf295e23214948e3e385e3f86d/element - {"using":"xpath","value":"//*[@id=\"application-managepartners-display-component---masterPtm--smartFilterBar-filterItemControl_BASIC-MAIN_ADDRESS-vhi\"]"}
RESULT: {"using":"xpath","value":"//*[@id=\"application-managepartners-display-component---masterPtm--smartFilterBar-filterItemControl_BASIC-MAIN_ADDRESS-vhi\"]"}
COMMAND: POST /session/22675cbf295e23214948e3e385e3f86d/element/f.24B59690DB8413BEE8D229DFAEDEAD25.d.82D4DCF3F3B50CA79A44A0C61A60D86E.e.6213/click - {}
RESULT: {}
COMMAND: GET /session/22675cbf295e23214948e3e385e3f86d/screenshot - {}
RESULT: {}
COMMAND: POST /session/22675cbf295e23214948e3e385e3f86d/execute/async - {"script":"<script> [1562 bytes]","args":[{"selector":{"id":"application-managepartners-display-component---masterPtm--smartFilterBar-filterItemControl_BASIC-MAIN_ADDRESS-valueHelpDialog-smartFilterBar-btnBasicSearch","searchOpenDialogs":true,"interaction":{"idSuffix":"I"}},"wdio_ui5_key":"applicationmanagepartners-display-component---masterPtm--smartFilterBar-filterItemControl_BASIC-MAIN_ADDRESS-valueHelpDialog-smartFilterBar-btnBasicSearch"}]}
RESULT: {"script":"<script> [1562 bytes]","args":[{"selector":{"id":"application-managepartners-display-component---masterPtm--smartFilterBar-filterItemControl_BASIC-MAIN_ADDRESS-valueHelpDialog-smartFilterBar-btnBasicSearch","searchOpenDialogs":true,"interaction":{"idSuffix":"I"}},"wdio_ui5_key":"applicationmanagepartners-display-component---masterPtm--smartFilterBar-filterItemControl_BASIC-MAIN_ADDRESS-valueHelpDialog-smartFilterBar-btnBasicSearch"}]}
RESULT: undefined
COMMAND: POST /session/22675cbf295e23214948e3e385e3f86d/execute/async - {"script":"<script> [776 bytes]","args":[{"enterText":"Romania","selector":{"id":"application-managepartners-display-component---masterPtm--smartFilterBar-filterItemControl_BASIC-MAIN_ADDRESS-valueHelpDialog-smartFilterBar-btnBasicSearch","searchOpenDialogs":true,"interaction":{"idSuffix":"I"}},"clearTextFirst":true,"interactionType":"ENTER_TEXT"}]}
RESULT: {"script":"<script> [776 bytes]","args":[{"enterText":"Romania","selector":{"id":"application-managepartners-display-component---masterPtm--smartFilterBar-filterItemControl_BASIC-MAIN_ADDRESS-valueHelpDialog-smartFilterBar-btnBasicSearch","searchOpenDialogs":true,"interaction":{"idSuffix":"I"}},"clearTextFirst":true,"interactionType":"ENTER_TEXT"}]}
COMMAND: POST /session/22675cbf295e23214948e3e385e3f86d/actions - {"actions":[{"id":"action18","type":"key","parameters":{},"actions":[{"type":"keyDown","value":"î€‡"},{"type":"pause","duration":10},{"type":"keyUp","value":"î€‡"}]}]}
RESULT: {"actions":[{"id":"action18","type":"key","parameters":{},"actions":[{"type":"keyDown","value":"î€‡"},{"type":"pause","duration":10},{"type":"keyUp","value":"î€‡"}]}]}
COMMAND: POST /session/22675cbf295e23214948e3e385e3f86d/elements - {"using":"xpath","value":"//table[contains(@id, \"smartFilterBar-filterItemControl_BASIC-MAIN_ADDRESS-valueHelpDialog-table-table\")]/tbody/tr"}
COMMAND: GET /session/22675cbf295e23214948e3e385e3f86d/screenshot - {}
RESULT: {"using":"xpath","value":"//table[contains(@id, \"smartFilterBar-filterItemControl_BASIC-MAIN_ADDRESS-valueHelpDialog-table-table\")]/tbody/tr"}
COMMAND: POST /session/22675cbf295e23214948e3e385e3f86d/element - {"using":"xpath","value":"//table[contains(@id, \"smartFilterBar-filterItemControl_BASIC-MAIN_ADDRESS-valueHelpDialog-table-table\")]/tbody/tr[1]/td[1]/div/span"}
RESULT: {}
RESULT: {"using":"xpath","value":"//table[contains(@id, \"smartFilterBar-filterItemControl_BASIC-MAIN_ADDRESS-valueHelpDialog-table-table\")]/tbody/tr[1]/td[1]/div/span"}
COMMAND: POST /session/22675cbf295e23214948e3e385e3f86d/elements - {"using":"xpath","value":"//table[contains(@id, \"smartFilterBar-filterItemControl_BASIC-MAIN_ADDRESS-valueHelpDialog-table-table\")]/tbody/tr[1]/td[1]/div/span"}
RESULT: {"using":"xpath","value":"//table[contains(@id, \"smartFilterBar-filterItemControl_BASIC-MAIN_ADDRESS-valueHelpDialog-table-table\")]/tbody/tr[1]/td[1]/div/span"}
COMMAND: POST /session/22675cbf295e23214948e3e385e3f86d/execute/sync - {"script":"<script> [56 bytes]","args":[{"element-6066-11e4-a52e-4f735466cecf":"f.24B59690DB8413BEE8D229DFAEDEAD25.d.82D4DCF3F3B50CA79A44A0C61A60D86E.e.6233","ELEMENT":"f.24B59690DB8413BEE8D229DFAEDEAD25.d.82D4DCF3F3B50CA79A44A0C61A60D86E.e.6233"}]}
RESULT: {"script":"<script> [56 bytes]","args":[{"element-6066-11e4-a52e-4f735466cecf":"f.24B59690DB8413BEE8D229DFAEDEAD25.d.82D4DCF3F3B50CA79A44A0C61A60D86E.e.6233","ELEMENT":"f.24B59690DB8413BEE8D229DFAEDEAD25.d.82D4DCF3F3B50CA79A44A0C61A60D86E.e.6233"}]}
COMMAND: POST /session/22675cbf295e23214948e3e385e3f86d/element - {"using":"xpath","value":"//div[contains(@id, \"filterItemControl_BASIC-MAIN_ADDRESS-valueHelpDialog-table-rowsel0\")]"}
COMMAND: GET /session/22675cbf295e23214948e3e385e3f86d/screenshot - {}
RESULT: {"using":"xpath","value":"//div[contains(@id, \"filterItemControl_BASIC-MAIN_ADDRESS-valueHelpDialog-table-rowsel0\")]"}
COMMAND: POST /session/22675cbf295e23214948e3e385e3f86d/element/f.24B59690DB8413BEE8D229DFAEDEAD25.d.82D4DCF3F3B50CA79A44A0C61A60D86E.e.6234/click - {}
RESULT: {}
RESULT: {}
COMMAND: GET /session/22675cbf295e23214948e3e385e3f86d/screenshot - {}
RESULT: {}
COMMAND: POST /session/22675cbf295e23214948e3e385e3f86d/element - {"using":"xpath","value":"(//bdi[contains(text(), \"OK\")])[1]"}
RESULT: {"using":"xpath","value":"(//bdi[contains(text(), \"OK\")])[1]"}
COMMAND: POST /session/22675cbf295e23214948e3e385e3f86d/element/f.24B59690DB8413BEE8D229DFAEDEAD25.d.82D4DCF3F3B50CA79A44A0C61A60D86E.e.6236/click - {}
RESULT: {}
COMMAND: GET /session/22675cbf295e23214948e3e385e3f86d/screenshot - {}
RESULT: {}
COMMAND: POST /session/22675cbf295e23214948e3e385e3f86d/element - {"using":"xpath","value":"//span[@id=\"application-managepartners-display-component---masterPtm--smartTable-header-inner\"]"}
RESULT: {"using":"xpath","value":"//span[@id=\"application-managepartners-display-component---masterPtm--smartTable-header-inner\"]"}
COMMAND: POST /session/22675cbf295e23214948e3e385e3f86d/elements - {"using":"xpath","value":"//span[@id=\"application-managepartners-display-component---masterPtm--smartTable-header-inner\"]"}
RESULT: {"using":"xpath","value":"//span[@id=\"application-managepartners-display-component---masterPtm--smartTable-header-inner\"]"}
COMMAND: POST /session/22675cbf295e23214948e3e385e3f86d/execute/sync - {"script":"<script> [56 bytes]","args":[{"element-6066-11e4-a52e-4f735466cecf":"f.24B59690DB8413BEE8D229DFAEDEAD25.d.82D4DCF3F3B50CA79A44A0C61A60D86E.e.5985","ELEMENT":"f.24B59690DB8413BEE8D229DFAEDEAD25.d.82D4DCF3F3B50CA79A44A0C61A60D86E.e.5985"}]}
RESULT: {"script":"<script> [56 bytes]","args":[{"element-6066-11e4-a52e-4f735466cecf":"f.24B59690DB8413BEE8D229DFAEDEAD25.d.82D4DCF3F3B50CA79A44A0C61A60D86E.e.5985","ELEMENT":"f.24B59690DB8413BEE8D229DFAEDEAD25.d.82D4DCF3F3B50CA79A44A0C61A60D86E.e.5985"}]}
COMMAND: POST /session/22675cbf295e23214948e3e385e3f86d/element - {"using":"xpath","value":"//span[contains(@title, \"Remove\")]"}
COMMAND: GET /session/22675cbf295e23214948e3e385e3f86d/screenshot - {}
RESULT: {"using":"xpath","value":"//span[contains(@title, \"Remove\")]"}
COMMAND: POST /session/22675cbf295e23214948e3e385e3f86d/element/f.24B59690DB8413BEE8D229DFAEDEAD25.d.82D4DCF3F3B50CA79A44A0C61A60D86E.e.6250/click - {}
RESULT: {}
RESULT: {}
COMMAND: GET /session/22675cbf295e23214948e3e385e3f86d/screenshot - {}
COMMAND: POST /session/22675cbf295e23214948e3e385e3f86d/element - {"using":"xpath","value":"//span[@id=\"application-managepartners-display-component---masterPtm--smartTable-header-inner\"]"}
RESULT: {}
RESULT: {"using":"xpath","value":"//span[@id=\"application-managepartners-display-component---masterPtm--smartTable-header-inner\"]"}
COMMAND: POST /session/22675cbf295e23214948e3e385e3f86d/elements - {"using":"xpath","value":"//span[@id=\"application-managepartners-display-component---masterPtm--smartTable-header-inner\"]"}
RESULT: {"using":"xpath","value":"//span[@id=\"application-managepartners-display-component---masterPtm--smartTable-header-inner\"]"}
COMMAND: POST /session/22675cbf295e23214948e3e385e3f86d/execute/sync - {"script":"<script> [56 bytes]","args":[{"element-6066-11e4-a52e-4f735466cecf":"f.24B59690DB8413BEE8D229DFAEDEAD25.d.82D4DCF3F3B50CA79A44A0C61A60D86E.e.5985","ELEMENT":"f.24B59690DB8413BEE8D229DFAEDEAD25.d.82D4DCF3F3B50CA79A44A0C61A60D86E.e.5985"}]}
RESULT: {"script":"<script> [56 bytes]","args":[{"element-6066-11e4-a52e-4f735466cecf":"f.24B59690DB8413BEE8D229DFAEDEAD25.d.82D4DCF3F3B50CA79A44A0C61A60D86E.e.5985","ELEMENT":"f.24B59690DB8413BEE8D229DFAEDEAD25.d.82D4DCF3F3B50CA79A44A0C61A60D86E.e.5985"}]}
COMMAND: POST /session/22675cbf295e23214948e3e385e3f86d/execute/async - {"script":"<script> [1562 bytes]","args":[{"selector":{"id":"application-managepartners-display-component---masterPtm--smartFilterBar-filterItemControl_BASIC-YARD-vhi"},"wdio_ui5_key":"applicationmanagepartners-display-component---masterPtm--smartFilterBar-filterItemControl_BASIC-YARD-vhi"}]}
COMMAND: GET /session/22675cbf295e23214948e3e385e3f86d/screenshot - {}
RESULT: {"script":"<script> [1562 bytes]","args":[{"selector":{"id":"application-managepartners-display-component---masterPtm--smartFilterBar-filterItemControl_BASIC-YARD-vhi"},"wdio_ui5_key":"applicationmanagepartners-display-component---masterPtm--smartFilterBar-filterItemControl_BASIC-YARD-vhi"}]}
RESULT: undefined
COMMAND: POST /session/22675cbf295e23214948e3e385e3f86d/element - {"using":"xpath","value":"//*[@id=\"application-managepartners-display-component---masterPtm--smartFilterBar-filterItemControl_BASIC-YARD-vhi\"]"}
RESULT: {}
RESULT: {"using":"xpath","value":"//*[@id=\"application-managepartners-display-component---masterPtm--smartFilterBar-filterItemControl_BASIC-YARD-vhi\"]"}
COMMAND: POST /session/22675cbf295e23214948e3e385e3f86d/element/f.24B59690DB8413BEE8D229DFAEDEAD25.d.82D4DCF3F3B50CA79A44A0C61A60D86E.e.6354/click - {}
RESULT: {}
COMMAND: GET /session/22675cbf295e23214948e3e385e3f86d/screenshot - {}
RESULT: {}
COMMAND: POST /session/22675cbf295e23214948e3e385e3f86d/execute/async - {"script":"<script> [1562 bytes]","args":[{"selector":{"id":"application-managepartners-display-component---masterPtm--smartFilterBar-filterItemControl_BASIC-YARD-valueHelpDialog-smartFilterBar-btnBasicSearch","searchOpenDialogs":true,"interaction":{"idSuffix":"I"}},"wdio_ui5_key":"applicationmanagepartners-display-component---masterPtm--smartFilterBar-filterItemControl_BASIC-YARD-valueHelpDialog-smartFilterBar-btnBasicSearch"}]}
RESULT: {"script":"<script> [1562 bytes]","args":[{"selector":{"id":"application-managepartners-display-component---masterPtm--smartFilterBar-filterItemControl_BASIC-YARD-valueHelpDialog-smartFilterBar-btnBasicSearch","searchOpenDialogs":true,"interaction":{"idSuffix":"I"}},"wdio_ui5_key":"applicationmanagepartners-display-component---masterPtm--smartFilterBar-filterItemControl_BASIC-YARD-valueHelpDialog-smartFilterBar-btnBasicSearch"}]}
RESULT: undefined
COMMAND: POST /session/22675cbf295e23214948e3e385e3f86d/execute/async - {"script":"<script> [776 bytes]","args":[{"enterText":"Test","selector":{"id":"application-managepartners-display-component---masterPtm--smartFilterBar-filterItemControl_BASIC-YARD-valueHelpDialog-smartFilterBar-btnBasicSearch","searchOpenDialogs":true,"interaction":{"idSuffix":"I"}},"clearTextFirst":true,"interactionType":"ENTER_TEXT"}]}
RESULT: {"script":"<script> [776 bytes]","args":[{"enterText":"Test","selector":{"id":"application-managepartners-display-component---masterPtm--smartFilterBar-filterItemControl_BASIC-YARD-valueHelpDialog-smartFilterBar-btnBasicSearch","searchOpenDialogs":true,"interaction":{"idSuffix":"I"}},"clearTextFirst":true,"interactionType":"ENTER_TEXT"}]}
COMMAND: POST /session/22675cbf295e23214948e3e385e3f86d/actions - {"actions":[{"id":"action19","type":"key","parameters":{},"actions":[{"type":"keyDown","value":"î€‡"},{"type":"pause","duration":10},{"type":"keyUp","value":"î€‡"}]}]}
RESULT: {"actions":[{"id":"action19","type":"key","parameters":{},"actions":[{"type":"keyDown","value":"î€‡"},{"type":"pause","duration":10},{"type":"keyUp","value":"î€‡"}]}]}
COMMAND: POST /session/22675cbf295e23214948e3e385e3f86d/elements - {"using":"xpath","value":"//table[contains(@id, \"smartFilterBar-filterItemControl_BASIC-YARD-valueHelpDialog-table-table\")]/tbody/tr"}
COMMAND: GET /session/22675cbf295e23214948e3e385e3f86d/screenshot - {}
RESULT: {"using":"xpath","value":"//table[contains(@id, \"smartFilterBar-filterItemControl_BASIC-YARD-valueHelpDialog-table-table\")]/tbody/tr"}
COMMAND: POST /session/22675cbf295e23214948e3e385e3f86d/element - {"using":"xpath","value":"//table[contains(@id, \"smartFilterBar-filterItemControl_BASIC-YARD-valueHelpDialog-table-table\")]/tbody/tr[1]/td[1]/div/span"}
RESULT: {}
RESULT: {"using":"xpath","value":"//table[contains(@id, \"smartFilterBar-filterItemControl_BASIC-YARD-valueHelpDialog-table-table\")]/tbody/tr[1]/td[1]/div/span"}
COMMAND: POST /session/22675cbf295e23214948e3e385e3f86d/elements - {"using":"xpath","value":"//table[contains(@id, \"smartFilterBar-filterItemControl_BASIC-YARD-valueHelpDialog-table-table\")]/tbody/tr[1]/td[1]/div/span"}
RESULT: {"using":"xpath","value":"//table[contains(@id, \"smartFilterBar-filterItemControl_BASIC-YARD-valueHelpDialog-table-table\")]/tbody/tr[1]/td[1]/div/span"}
COMMAND: POST /session/22675cbf295e23214948e3e385e3f86d/execute/sync - {"script":"<script> [56 bytes]","args":[{"element-6066-11e4-a52e-4f735466cecf":"f.24B59690DB8413BEE8D229DFAEDEAD25.d.82D4DCF3F3B50CA79A44A0C61A60D86E.e.6375","ELEMENT":"f.24B59690DB8413BEE8D229DFAEDEAD25.d.82D4DCF3F3B50CA79A44A0C61A60D86E.e.6375"}]}
RESULT: {"script":"<script> [56 bytes]","args":[{"element-6066-11e4-a52e-4f735466cecf":"f.24B59690DB8413BEE8D229DFAEDEAD25.d.82D4DCF3F3B50CA79A44A0C61A60D86E.e.6375","ELEMENT":"f.24B59690DB8413BEE8D229DFAEDEAD25.d.82D4DCF3F3B50CA79A44A0C61A60D86E.e.6375"}]}
COMMAND: POST /session/22675cbf295e23214948e3e385e3f86d/element - {"using":"xpath","value":"//table[contains(@id, \"smartFilterBar-filterItemControl_BASIC-YARD-valueHelpDialog-table-table\")]/tbody/tr[2]/td[1]/div/span"}
COMMAND: GET /session/22675cbf295e23214948e3e385e3f86d/screenshot - {}
RESULT: {"using":"xpath","value":"//table[contains(@id, \"smartFilterBar-filterItemControl_BASIC-YARD-valueHelpDialog-table-table\")]/tbody/tr[2]/td[1]/div/span"}
COMMAND: POST /session/22675cbf295e23214948e3e385e3f86d/elements - {"using":"xpath","value":"//table[contains(@id, \"smartFilterBar-filterItemControl_BASIC-YARD-valueHelpDialog-table-table\")]/tbody/tr[2]/td[1]/div/span"}
RESULT: {}
RESULT: {"using":"xpath","value":"//table[contains(@id, \"smartFilterBar-filterItemControl_BASIC-YARD-valueHelpDialog-table-table\")]/tbody/tr[2]/td[1]/div/span"}
COMMAND: POST /session/22675cbf295e23214948e3e385e3f86d/execute/sync - {"script":"<script> [56 bytes]","args":[{"element-6066-11e4-a52e-4f735466cecf":"f.24B59690DB8413BEE8D229DFAEDEAD25.d.82D4DCF3F3B50CA79A44A0C61A60D86E.e.6376","ELEMENT":"f.24B59690DB8413BEE8D229DFAEDEAD25.d.82D4DCF3F3B50CA79A44A0C61A60D86E.e.6376"}]}
RESULT: {"script":"<script> [56 bytes]","args":[{"element-6066-11e4-a52e-4f735466cecf":"f.24B59690DB8413BEE8D229DFAEDEAD25.d.82D4DCF3F3B50CA79A44A0C61A60D86E.e.6376","ELEMENT":"f.24B59690DB8413BEE8D229DFAEDEAD25.d.82D4DCF3F3B50CA79A44A0C61A60D86E.e.6376"}]}
COMMAND: POST /session/22675cbf295e23214948e3e385e3f86d/element - {"using":"xpath","value":"//table[contains(@id, \"smartFilterBar-filterItemControl_BASIC-YARD-valueHelpDialog-table-table\")]/tbody/tr[3]/td[1]/div/span"}
COMMAND: GET /session/22675cbf295e23214948e3e385e3f86d/screenshot - {}
RESULT: {"using":"xpath","value":"//table[contains(@id, \"smartFilterBar-filterItemControl_BASIC-YARD-valueHelpDialog-table-table\")]/tbody/tr[3]/td[1]/div/span"}
COMMAND: POST /session/22675cbf295e23214948e3e385e3f86d/elements - {"using":"xpath","value":"//table[contains(@id, \"smartFilterBar-filterItemControl_BASIC-YARD-valueHelpDialog-table-table\")]/tbody/tr[3]/td[1]/div/span"}
RESULT: {}
RESULT: {"using":"xpath","value":"//table[contains(@id, \"smartFilterBar-filterItemControl_BASIC-YARD-valueHelpDialog-table-table\")]/tbody/tr[3]/td[1]/div/span"}
COMMAND: POST /session/22675cbf295e23214948e3e385e3f86d/execute/sync - {"script":"<script> [56 bytes]","args":[{"element-6066-11e4-a52e-4f735466cecf":"f.24B59690DB8413BEE8D229DFAEDEAD25.d.82D4DCF3F3B50CA79A44A0C61A60D86E.e.6377","ELEMENT":"f.24B59690DB8413BEE8D229DFAEDEAD25.d.82D4DCF3F3B50CA79A44A0C61A60D86E.e.6377"}]}
RESULT: {"script":"<script> [56 bytes]","args":[{"element-6066-11e4-a52e-4f735466cecf":"f.24B59690DB8413BEE8D229DFAEDEAD25.d.82D4DCF3F3B50CA79A44A0C61A60D86E.e.6377","ELEMENT":"f.24B59690DB8413BEE8D229DFAEDEAD25.d.82D4DCF3F3B50CA79A44A0C61A60D86E.e.6377"}]}
COMMAND: POST /session/22675cbf295e23214948e3e385e3f86d/element - {"using":"xpath","value":"//div[contains(@id, \"filterItemControl_BASIC-YARD-valueHelpDialog-table-rowsel2\")]"}
COMMAND: GET /session/22675cbf295e23214948e3e385e3f86d/screenshot - {}
RESULT: {"using":"xpath","value":"//div[contains(@id, \"filterItemControl_BASIC-YARD-valueHelpDialog-table-rowsel2\")]"}
COMMAND: POST /session/22675cbf295e23214948e3e385e3f86d/element/f.24B59690DB8413BEE8D229DFAEDEAD25.d.82D4DCF3F3B50CA79A44A0C61A60D86E.e.6378/click - {}
RESULT: {}
RESULT: {}
COMMAND: GET /session/22675cbf295e23214948e3e385e3f86d/screenshot - {}
RESULT: {}
COMMAND: POST /session/22675cbf295e23214948e3e385e3f86d/element - {"using":"xpath","value":"(//bdi[contains(text(), \"OK\")])[1]"}
RESULT: {"using":"xpath","value":"(//bdi[contains(text(), \"OK\")])[1]"}
COMMAND: POST /session/22675cbf295e23214948e3e385e3f86d/element/f.24B59690DB8413BEE8D229DFAEDEAD25.d.82D4DCF3F3B50CA79A44A0C61A60D86E.e.6380/click - {}
RESULT: {}
COMMAND: GET /session/22675cbf295e23214948e3e385e3f86d/screenshot - {}
RESULT: {}
COMMAND: POST /session/22675cbf295e23214948e3e385e3f86d/element - {"using":"xpath","value":"//span[@id=\"application-managepartners-display-component---masterPtm--smartTable-header-inner\"]"}
RESULT: {"using":"xpath","value":"//span[@id=\"application-managepartners-display-component---masterPtm--smartTable-header-inner\"]"}
COMMAND: POST /session/22675cbf295e23214948e3e385e3f86d/elements - {"using":"xpath","value":"//span[@id=\"application-managepartners-display-component---masterPtm--smartTable-header-inner\"]"}
RESULT: {"using":"xpath","value":"//span[@id=\"application-managepartners-display-component---masterPtm--smartTable-header-inner\"]"}
COMMAND: POST /session/22675cbf295e23214948e3e385e3f86d/execute/sync - {"script":"<script> [56 bytes]","args":[{"element-6066-11e4-a52e-4f735466cecf":"f.24B59690DB8413BEE8D229DFAEDEAD25.d.82D4DCF3F3B50CA79A44A0C61A60D86E.e.5985","ELEMENT":"f.24B59690DB8413BEE8D229DFAEDEAD25.d.82D4DCF3F3B50CA79A44A0C61A60D86E.e.5985"}]}
RESULT: {"script":"<script> [56 bytes]","args":[{"element-6066-11e4-a52e-4f735466cecf":"f.24B59690DB8413BEE8D229DFAEDEAD25.d.82D4DCF3F3B50CA79A44A0C61A60D86E.e.5985","ELEMENT":"f.24B59690DB8413BEE8D229DFAEDEAD25.d.82D4DCF3F3B50CA79A44A0C61A60D86E.e.5985"}]}
COMMAND: POST /session/22675cbf295e23214948e3e385e3f86d/element - {"using":"xpath","value":"//span[contains(@title, \"Remove\")]"}
COMMAND: GET /session/22675cbf295e23214948e3e385e3f86d/screenshot - {}
RESULT: {"using":"xpath","value":"//span[contains(@title, \"Remove\")]"}
COMMAND: POST /session/22675cbf295e23214948e3e385e3f86d/element/f.24B59690DB8413BEE8D229DFAEDEAD25.d.82D4DCF3F3B50CA79A44A0C61A60D86E.e.6393/click - {}
RESULT: {}
RESULT: {}
COMMAND: GET /session/22675cbf295e23214948e3e385e3f86d/screenshot - {}
RESULT: {}
COMMAND: POST /session/22675cbf295e23214948e3e385e3f86d/element - {"using":"xpath","value":"//span[@id=\"application-managepartners-display-component---masterPtm--smartTable-header-inner\"]"}
RESULT: {"using":"xpath","value":"//span[@id=\"application-managepartners-display-component---masterPtm--smartTable-header-inner\"]"}
COMMAND: POST /session/22675cbf295e23214948e3e385e3f86d/elements - {"using":"xpath","value":"//span[@id=\"application-managepartners-display-component---masterPtm--smartTable-header-inner\"]"}
RESULT: {"using":"xpath","value":"//span[@id=\"application-managepartners-display-component---masterPtm--smartTable-header-inner\"]"}
COMMAND: POST /session/22675cbf295e23214948e3e385e3f86d/execute/sync - {"script":"<script> [56 bytes]","args":[{"element-6066-11e4-a52e-4f735466cecf":"f.24B59690DB8413BEE8D229DFAEDEAD25.d.82D4DCF3F3B50CA79A44A0C61A60D86E.e.5985","ELEMENT":"f.24B59690DB8413BEE8D229DFAEDEAD25.d.82D4DCF3F3B50CA79A44A0C61A60D86E.e.5985"}]}
RESULT: {"script":"<script> [56 bytes]","args":[{"element-6066-11e4-a52e-4f735466cecf":"f.24B59690DB8413BEE8D229DFAEDEAD25.d.82D4DCF3F3B50CA79A44A0C61A60D86E.e.5985","ELEMENT":"f.24B59690DB8413BEE8D229DFAEDEAD25.d.82D4DCF3F3B50CA79A44A0C61A60D86E.e.5985"}]}
COMMAND: POST /session/22675cbf295e23214948e3e385e3f86d/execute/async - {"script":"<script> [1562 bytes]","args":[{"selector":{"id":"application-managepartners-display-component---masterPtm--smartFilterBar-filterItemControl_BASIC-ALL_TAGS-vhi"},"wdio_ui5_key":"applicationmanagepartners-display-component---masterPtm--smartFilterBar-filterItemControl_BASIC-ALL_TAGS-vhi"}]}
COMMAND: GET /session/22675cbf295e23214948e3e385e3f86d/screenshot - {}
RESULT: {"script":"<script> [1562 bytes]","args":[{"selector":{"id":"application-managepartners-display-component---masterPtm--smartFilterBar-filterItemControl_BASIC-ALL_TAGS-vhi"},"wdio_ui5_key":"applicationmanagepartners-display-component---masterPtm--smartFilterBar-filterItemControl_BASIC-ALL_TAGS-vhi"}]}
RESULT: undefined
COMMAND: POST /session/22675cbf295e23214948e3e385e3f86d/element - {"using":"xpath","value":"//*[@id=\"application-managepartners-display-component---masterPtm--smartFilterBar-filterItemControl_BASIC-ALL_TAGS-vhi\"]"}
RESULT: {}
RESULT: {"using":"xpath","value":"//*[@id=\"application-managepartners-display-component---masterPtm--smartFilterBar-filterItemControl_BASIC-ALL_TAGS-vhi\"]"}
COMMAND: POST /session/22675cbf295e23214948e3e385e3f86d/element/f.24B59690DB8413BEE8D229DFAEDEAD25.d.82D4DCF3F3B50CA79A44A0C61A60D86E.e.6497/click - {}
RESULT: {}
COMMAND: GET /session/22675cbf295e23214948e3e385e3f86d/screenshot - {}
RESULT: {}
COMMAND: POST /session/22675cbf295e23214948e3e385e3f86d/execute/async - {"script":"<script> [1562 bytes]","args":[{"selector":{"id":"application-managepartners-display-component---masterPtm--smartFilterBar-filterItemControl_BASIC-ALL_TAGS-valueHelpDialog-smartFilterBar-btnBasicSearch","searchOpenDialogs":true,"interaction":{"idSuffix":"I"}},"wdio_ui5_key":"applicationmanagepartners-display-component---masterPtm--smartFilterBar-filterItemControl_BASIC-ALL_TAGS-valueHelpDialog-smartFilterBar-btnBasicSearch"}]}
RESULT: {"script":"<script> [1562 bytes]","args":[{"selector":{"id":"application-managepartners-display-component---masterPtm--smartFilterBar-filterItemControl_BASIC-ALL_TAGS-valueHelpDialog-smartFilterBar-btnBasicSearch","searchOpenDialogs":true,"interaction":{"idSuffix":"I"}},"wdio_ui5_key":"applicationmanagepartners-display-component---masterPtm--smartFilterBar-filterItemControl_BASIC-ALL_TAGS-valueHelpDialog-smartFilterBar-btnBasicSearch"}]}
RESULT: undefined
COMMAND: POST /session/22675cbf295e23214948e3e385e3f86d/execute/async - {"script":"<script> [776 bytes]","args":[{"enterText":"test-tag-1","selector":{"id":"application-managepartners-display-component---masterPtm--smartFilterBar-filterItemControl_BASIC-ALL_TAGS-valueHelpDialog-smartFilterBar-btnBasicSearch","searchOpenDialogs":true,"interaction":{"idSuffix":"I"}},"clearTextFirst":true,"interactionType":"ENTER_TEXT"}]}
RESULT: {"script":"<script> [776 bytes]","args":[{"enterText":"test-tag-1","selector":{"id":"application-managepartners-display-component---masterPtm--smartFilterBar-filterItemControl_BASIC-ALL_TAGS-valueHelpDialog-smartFilterBar-btnBasicSearch","searchOpenDialogs":true,"interaction":{"idSuffix":"I"}},"clearTextFirst":true,"interactionType":"ENTER_TEXT"}]}
COMMAND: POST /session/22675cbf295e23214948e3e385e3f86d/actions - {"actions":[{"id":"action20","type":"key","parameters":{},"actions":[{"type":"keyDown","value":"î€‡"},{"type":"pause","duration":10},{"type":"keyUp","value":"î€‡"}]}]}
RESULT: {"actions":[{"id":"action20","type":"key","parameters":{},"actions":[{"type":"keyDown","value":"î€‡"},{"type":"pause","duration":10},{"type":"keyUp","value":"î€‡"}]}]}
COMMAND: POST /session/22675cbf295e23214948e3e385e3f86d/elements - {"using":"xpath","value":"//table[contains(@id, \"smartFilterBar-filterItemControl_BASIC-ALL_TAGS-valueHelpDialog-table-table\")]/tbody/tr"}
COMMAND: GET /session/22675cbf295e23214948e3e385e3f86d/screenshot - {}
RESULT: {"using":"xpath","value":"//table[contains(@id, \"smartFilterBar-filterItemControl_BASIC-ALL_TAGS-valueHelpDialog-table-table\")]/tbody/tr"}
COMMAND: POST /session/22675cbf295e23214948e3e385e3f86d/element - {"using":"xpath","value":"//table[contains(@id, \"smartFilterBar-filterItemControl_BASIC-ALL_TAGS-valueHelpDialog-table-table\")]/tbody/tr[1]/td[1]/div/span"}
RESULT: {}
RESULT: {"using":"xpath","value":"//table[contains(@id, \"smartFilterBar-filterItemControl_BASIC-ALL_TAGS-valueHelpDialog-table-table\")]/tbody/tr[1]/td[1]/div/span"}
COMMAND: POST /session/22675cbf295e23214948e3e385e3f86d/elements - {"using":"xpath","value":"//table[contains(@id, \"smartFilterBar-filterItemControl_BASIC-ALL_TAGS-valueHelpDialog-table-table\")]/tbody/tr[1]/td[1]/div/span"}
RESULT: {"using":"xpath","value":"//table[contains(@id, \"smartFilterBar-filterItemControl_BASIC-ALL_TAGS-valueHelpDialog-table-table\")]/tbody/tr[1]/td[1]/div/span"}
COMMAND: POST /session/22675cbf295e23214948e3e385e3f86d/execute/sync - {"script":"<script> [56 bytes]","args":[{"element-6066-11e4-a52e-4f735466cecf":"f.24B59690DB8413BEE8D229DFAEDEAD25.d.82D4DCF3F3B50CA79A44A0C61A60D86E.e.6519","ELEMENT":"f.24B59690DB8413BEE8D229DFAEDEAD25.d.82D4DCF3F3B50CA79A44A0C61A60D86E.e.6519"}]}
RESULT: {"script":"<script> [56 bytes]","args":[{"element-6066-11e4-a52e-4f735466cecf":"f.24B59690DB8413BEE8D229DFAEDEAD25.d.82D4DCF3F3B50CA79A44A0C61A60D86E.e.6519","ELEMENT":"f.24B59690DB8413BEE8D229DFAEDEAD25.d.82D4DCF3F3B50CA79A44A0C61A60D86E.e.6519"}]}
COMMAND: POST /session/22675cbf295e23214948e3e385e3f86d/element - {"using":"xpath","value":"//div[contains(@id, \"filterItemControl_BASIC-ALL_TAGS-valueHelpDialog-table-rowsel0\")]"}
COMMAND: GET /session/22675cbf295e23214948e3e385e3f86d/screenshot - {}
RESULT: {"using":"xpath","value":"//div[contains(@id, \"filterItemControl_BASIC-ALL_TAGS-valueHelpDialog-table-rowsel0\")]"}
COMMAND: POST /session/22675cbf295e23214948e3e385e3f86d/element/f.24B59690DB8413BEE8D229DFAEDEAD25.d.82D4DCF3F3B50CA79A44A0C61A60D86E.e.6520/click - {}
RESULT: {}
RESULT: {}
COMMAND: GET /session/22675cbf295e23214948e3e385e3f86d/screenshot - {}
RESULT: {}
COMMAND: POST /session/22675cbf295e23214948e3e385e3f86d/element - {"using":"xpath","value":"(//bdi[contains(text(), \"OK\")])[1]"}
RESULT: {"using":"xpath","value":"(//bdi[contains(text(), \"OK\")])[1]"}
COMMAND: POST /session/22675cbf295e23214948e3e385e3f86d/element/f.24B59690DB8413BEE8D229DFAEDEAD25.d.82D4DCF3F3B50CA79A44A0C61A60D86E.e.6522/click - {}
RESULT: {}
COMMAND: GET /session/22675cbf295e23214948e3e385e3f86d/screenshot - {}
RESULT: {}
COMMAND: POST /session/22675cbf295e23214948e3e385e3f86d/element - {"using":"xpath","value":"//span[@id=\"application-managepartners-display-component---masterPtm--smartTable-header-inner\"]"}
RESULT: {"using":"xpath","value":"//span[@id=\"application-managepartners-display-component---masterPtm--smartTable-header-inner\"]"}
COMMAND: POST /session/22675cbf295e23214948e3e385e3f86d/elements - {"using":"xpath","value":"//span[@id=\"application-managepartners-display-component---masterPtm--smartTable-header-inner\"]"}
RESULT: {"using":"xpath","value":"//span[@id=\"application-managepartners-display-component---masterPtm--smartTable-header-inner\"]"}
COMMAND: POST /session/22675cbf295e23214948e3e385e3f86d/execute/sync - {"script":"<script> [56 bytes]","args":[{"element-6066-11e4-a52e-4f735466cecf":"f.24B59690DB8413BEE8D229DFAEDEAD25.d.82D4DCF3F3B50CA79A44A0C61A60D86E.e.5985","ELEMENT":"f.24B59690DB8413BEE8D229DFAEDEAD25.d.82D4DCF3F3B50CA79A44A0C61A60D86E.e.5985"}]}
RESULT: {"script":"<script> [56 bytes]","args":[{"element-6066-11e4-a52e-4f735466cecf":"f.24B59690DB8413BEE8D229DFAEDEAD25.d.82D4DCF3F3B50CA79A44A0C61A60D86E.e.5985","ELEMENT":"f.24B59690DB8413BEE8D229DFAEDEAD25.d.82D4DCF3F3B50CA79A44A0C61A60D86E.e.5985"}]}
COMMAND: POST /session/22675cbf295e23214948e3e385e3f86d/element - {"using":"xpath","value":"//span[contains(@title, \"Remove\")]"}
COMMAND: GET /session/22675cbf295e23214948e3e385e3f86d/screenshot - {}
RESULT: {"using":"xpath","value":"//span[contains(@title, \"Remove\")]"}
COMMAND: POST /session/22675cbf295e23214948e3e385e3f86d/element/f.24B59690DB8413BEE8D229DFAEDEAD25.d.82D4DCF3F3B50CA79A44A0C61A60D86E.e.6545/click - {}
RESULT: {}
RESULT: {}
COMMAND: GET /session/22675cbf295e23214948e3e385e3f86d/screenshot - {}
RESULT: {}
COMMAND: POST /session/22675cbf295e23214948e3e385e3f86d/execute/async - {"script":"<script> [1562 bytes]","args":[{"selector":{"id":"application-managepartners-display-component---masterPtm--partnerTypes-arrow"},"wdio_ui5_key":"applicationmanagepartners-display-component---masterPtm--partnerTypes-arrow"}]}
RESULT: {"script":"<script> [1562 bytes]","args":[{"selector":{"id":"application-managepartners-display-component---masterPtm--partnerTypes-arrow"},"wdio_ui5_key":"applicationmanagepartners-display-component---masterPtm--partnerTypes-arrow"}]}
RESULT: undefined
COMMAND: POST /session/22675cbf295e23214948e3e385e3f86d/element - {"using":"xpath","value":"//*[@id=\"application-managepartners-display-component---masterPtm--partnerTypes-arrow\"]"}
RESULT: {"using":"xpath","value":"//*[@id=\"application-managepartners-display-component---masterPtm--partnerTypes-arrow\"]"}
COMMAND: POST /session/22675cbf295e23214948e3e385e3f86d/element/f.24B59690DB8413BEE8D229DFAEDEAD25.d.82D4DCF3F3B50CA79A44A0C61A60D86E.e.6648/click - {}
RESULT: {}
COMMAND: GET /session/22675cbf295e23214948e3e385e3f86d/screenshot - {}
RESULT: {}
COMMAND: POST /session/22675cbf295e23214948e3e385e3f86d/element - {"using":"xpath","value":"//li[.//span[text()=\"External partner\"]]//div[contains(@class,\"sapMCbBg\")]"}
RESULT: {"using":"xpath","value":"//li[.//span[text()=\"External partner\"]]//div[contains(@class,\"sapMCbBg\")]"}
COMMAND: POST /session/22675cbf295e23214948e3e385e3f86d/element/f.24B59690DB8413BEE8D229DFAEDEAD25.d.82D4DCF3F3B50CA79A44A0C61A60D86E.e.6651/click - {}
RESULT: {}
COMMAND: GET /session/22675cbf295e23214948e3e385e3f86d/screenshot - {}
RESULT: {}
COMMAND: POST /session/22675cbf295e23214948e3e385e3f86d/element - {"using":"xpath","value":"//div[contains(@id,\"application-managepartners-display-component---masterPtm--smartFilterBar-btnBasicSearch-search\")]"}
RESULT: {"using":"xpath","value":"//div[contains(@id,\"application-managepartners-display-component---masterPtm--smartFilterBar-btnBasicSearch-search\")]"}
COMMAND: POST /session/22675cbf295e23214948e3e385e3f86d/element/f.24B59690DB8413BEE8D229DFAEDEAD25.d.82D4DCF3F3B50CA79A44A0C61A60D86E.e.6733/click - {}
RESULT: {}
COMMAND: GET /session/22675cbf295e23214948e3e385e3f86d/screenshot - {}
RESULT: {}
COMMAND: POST /session/22675cbf295e23214948e3e385e3f86d/element - {"using":"xpath","value":"//span[@id=\"application-managepartners-display-component---masterPtm--smartTable-header-inner\"]"}
RESULT: {"using":"xpath","value":"//span[@id=\"application-managepartners-display-component---masterPtm--smartTable-header-inner\"]"}
COMMAND: POST /session/22675cbf295e23214948e3e385e3f86d/elements - {"using":"xpath","value":"//span[@id=\"application-managepartners-display-component---masterPtm--smartTable-header-inner\"]"}
RESULT: {"using":"xpath","value":"//span[@id=\"application-managepartners-display-component---masterPtm--smartTable-header-inner\"]"}
COMMAND: POST /session/22675cbf295e23214948e3e385e3f86d/execute/sync - {"script":"<script> [56 bytes]","args":[{"element-6066-11e4-a52e-4f735466cecf":"f.24B59690DB8413BEE8D229DFAEDEAD25.d.82D4DCF3F3B50CA79A44A0C61A60D86E.e.5985","ELEMENT":"f.24B59690DB8413BEE8D229DFAEDEAD25.d.82D4DCF3F3B50CA79A44A0C61A60D86E.e.5985"}]}
RESULT: {"script":"<script> [56 bytes]","args":[{"element-6066-11e4-a52e-4f735466cecf":"f.24B59690DB8413BEE8D229DFAEDEAD25.d.82D4DCF3F3B50CA79A44A0C61A60D86E.e.5985","ELEMENT":"f.24B59690DB8413BEE8D229DFAEDEAD25.d.82D4DCF3F3B50CA79A44A0C61A60D86E.e.5985"}]}
COMMAND: POST /session/22675cbf295e23214948e3e385e3f86d/element - {"using":"xpath","value":"//span[contains(@title, \"Remove\")]"}
COMMAND: GET /session/22675cbf295e23214948e3e385e3f86d/screenshot - {}
RESULT: {"using":"xpath","value":"//span[contains(@title, \"Remove\")]"}
COMMAND: POST /session/22675cbf295e23214948e3e385e3f86d/element/f.24B59690DB8413BEE8D229DFAEDEAD25.d.82D4DCF3F3B50CA79A44A0C61A60D86E.e.6737/click - {}
RESULT: {}
RESULT: {}
COMMAND: GET /session/22675cbf295e23214948e3e385e3f86d/screenshot - {}
RESULT: {}
COMMAND: POST /session/22675cbf295e23214948e3e385e3f86d/execute/async - {"script":"<script> [1562 bytes]","args":[{"selector":{"id":"application-managepartners-display-component---masterPtm--smartFilterBar-btnFilters","interaction":{"idSuffix":"BDI-content"}},"wdio_ui5_key":"applicationmanagepartners-display-component---masterPtm--smartFilterBar-btnFilters"}]}
RESULT: {"script":"<script> [1562 bytes]","args":[{"selector":{"id":"application-managepartners-display-component---masterPtm--smartFilterBar-btnFilters","interaction":{"idSuffix":"BDI-content"}},"wdio_ui5_key":"applicationmanagepartners-display-component---masterPtm--smartFilterBar-btnFilters"}]}
RESULT: undefined
COMMAND: POST /session/22675cbf295e23214948e3e385e3f86d/element - {"using":"xpath","value":"//*[@id=\"application-managepartners-display-component---masterPtm--smartFilterBar-btnFilters\"]"}
RESULT: {"using":"xpath","value":"//*[@id=\"application-managepartners-display-component---masterPtm--smartFilterBar-btnFilters\"]"}
COMMAND: POST /session/22675cbf295e23214948e3e385e3f86d/element/f.24B59690DB8413BEE8D229DFAEDEAD25.d.82D4DCF3F3B50CA79A44A0C61A60D86E.e.5827/click - {}
RESULT: {}
COMMAND: GET /session/22675cbf295e23214948e3e385e3f86d/screenshot - {}
RESULT: {}
COMMAND: POST /session/22675cbf295e23214948e3e385e3f86d/elements - {"using":"xpath","value":"//table[contains(@id, \"listView-innerSelectionPanelTable-listUl\")]/tbody/tr"}
RESULT: {"using":"xpath","value":"//table[contains(@id, \"listView-innerSelectionPanelTable-listUl\")]/tbody/tr"}
COMMAND: POST /session/22675cbf295e23214948e3e385e3f86d/element - {"using":"xpath","value":"//table[contains(@id, \"listView-innerSelectionPanelTable-listUl\")]/tbody/tr[2]/td[2]/div/div"}
RESULT: {"using":"xpath","value":"//table[contains(@id, \"listView-innerSelectionPanelTable-listUl\")]/tbody/tr[2]/td[2]/div/div"}
COMMAND: POST /session/22675cbf295e23214948e3e385e3f86d/element - {"using":"xpath","value":"//table[contains(@id, \"listView-innerSelectionPanelTable-listUl\")]/tbody/tr[2]/td[2]/div"}
RESULT: {"using":"xpath","value":"//table[contains(@id, \"listView-innerSelectionPanelTable-listUl\")]/tbody/tr[2]/td[2]/div"}
COMMAND: POST /session/22675cbf295e23214948e3e385e3f86d/element - {"using":"xpath","value":"//table[contains(@id, \"listView-innerSelectionPanelTable-listUl\")]/tbody/tr[2]/td[3]/div/div/span/span[1]/bdi"}
RESULT: {"using":"xpath","value":"//table[contains(@id, \"listView-innerSelectionPanelTable-listUl\")]/tbody/tr[2]/td[3]/div/div/span/span[1]/bdi"}
COMMAND: POST /session/22675cbf295e23214948e3e385e3f86d/execute/sync - {"script":"<script> [56 bytes]","args":[{"element-6066-11e4-a52e-4f735466cecf":"f.24B59690DB8413BEE8D229DFAEDEAD25.d.82D4DCF3F3B50CA79A44A0C61A60D86E.e.6847","ELEMENT":"f.24B59690DB8413BEE8D229DFAEDEAD25.d.82D4DCF3F3B50CA79A44A0C61A60D86E.e.6847"}]}
RESULT: {"script":"<script> [56 bytes]","args":[{"element-6066-11e4-a52e-4f735466cecf":"f.24B59690DB8413BEE8D229DFAEDEAD25.d.82D4DCF3F3B50CA79A44A0C61A60D86E.e.6847","ELEMENT":"f.24B59690DB8413BEE8D229DFAEDEAD25.d.82D4DCF3F3B50CA79A44A0C61A60D86E.e.6847"}]}
COMMAND: GET /session/22675cbf295e23214948e3e385e3f86d/element/f.24B59690DB8413BEE8D229DFAEDEAD25.d.82D4DCF3F3B50CA79A44A0C61A60D86E.e.6846/attribute/aria-checked - {}
COMMAND: GET /session/22675cbf295e23214948e3e385e3f86d/screenshot - {}
RESULT: {}
COMMAND: POST /session/22675cbf295e23214948e3e385e3f86d/element - {"using":"xpath","value":"//table[contains(@id, \"listView-innerSelectionPanelTable-listUl\")]/tbody/tr[3]/td[2]/div/div"}
RESULT: {}
RESULT: {"using":"xpath","value":"//table[contains(@id, \"listView-innerSelectionPanelTable-listUl\")]/tbody/tr[3]/td[2]/div/div"}
COMMAND: POST /session/22675cbf295e23214948e3e385e3f86d/element - {"using":"xpath","value":"//table[contains(@id, \"listView-innerSelectionPanelTable-listUl\")]/tbody/tr[3]/td[2]/div"}
RESULT: {"using":"xpath","value":"//table[contains(@id, \"listView-innerSelectionPanelTable-listUl\")]/tbody/tr[3]/td[2]/div"}
COMMAND: POST /session/22675cbf295e23214948e3e385e3f86d/element - {"using":"xpath","value":"//table[contains(@id, \"listView-innerSelectionPanelTable-listUl\")]/tbody/tr[3]/td[3]/div/div/span/span[1]/bdi"}
RESULT: {"using":"xpath","value":"//table[contains(@id, \"listView-innerSelectionPanelTable-listUl\")]/tbody/tr[3]/td[3]/div/div/span/span[1]/bdi"}
COMMAND: POST /session/22675cbf295e23214948e3e385e3f86d/execute/sync - {"script":"<script> [56 bytes]","args":[{"element-6066-11e4-a52e-4f735466cecf":"f.24B59690DB8413BEE8D229DFAEDEAD25.d.82D4DCF3F3B50CA79A44A0C61A60D86E.e.6850","ELEMENT":"f.24B59690DB8413BEE8D229DFAEDEAD25.d.82D4DCF3F3B50CA79A44A0C61A60D86E.e.6850"}]}
RESULT: {"script":"<script> [56 bytes]","args":[{"element-6066-11e4-a52e-4f735466cecf":"f.24B59690DB8413BEE8D229DFAEDEAD25.d.82D4DCF3F3B50CA79A44A0C61A60D86E.e.6850","ELEMENT":"f.24B59690DB8413BEE8D229DFAEDEAD25.d.82D4DCF3F3B50CA79A44A0C61A60D86E.e.6850"}]}
COMMAND: GET /session/22675cbf295e23214948e3e385e3f86d/element/f.24B59690DB8413BEE8D229DFAEDEAD25.d.82D4DCF3F3B50CA79A44A0C61A60D86E.e.6849/attribute/aria-checked - {}
COMMAND: GET /session/22675cbf295e23214948e3e385e3f86d/screenshot - {}
RESULT: {}
COMMAND: POST /session/22675cbf295e23214948e3e385e3f86d/element - {"using":"xpath","value":"//table[contains(@id, \"listView-innerSelectionPanelTable-listUl\")]/tbody/tr[4]/td[2]/div/div"}
RESULT: {}
RESULT: {"using":"xpath","value":"//table[contains(@id, \"listView-innerSelectionPanelTable-listUl\")]/tbody/tr[4]/td[2]/div/div"}
COMMAND: POST /session/22675cbf295e23214948e3e385e3f86d/element - {"using":"xpath","value":"//table[contains(@id, \"listView-innerSelectionPanelTable-listUl\")]/tbody/tr[4]/td[2]/div"}
RESULT: {"using":"xpath","value":"//table[contains(@id, \"listView-innerSelectionPanelTable-listUl\")]/tbody/tr[4]/td[2]/div"}
COMMAND: POST /session/22675cbf295e23214948e3e385e3f86d/element - {"using":"xpath","value":"//table[contains(@id, \"listView-innerSelectionPanelTable-listUl\")]/tbody/tr[4]/td[3]/div/div/span/span[1]/bdi"}
RESULT: {"using":"xpath","value":"//table[contains(@id, \"listView-innerSelectionPanelTable-listUl\")]/tbody/tr[4]/td[3]/div/div/span/span[1]/bdi"}
COMMAND: POST /session/22675cbf295e23214948e3e385e3f86d/execute/sync - {"script":"<script> [56 bytes]","args":[{"element-6066-11e4-a52e-4f735466cecf":"f.24B59690DB8413BEE8D229DFAEDEAD25.d.82D4DCF3F3B50CA79A44A0C61A60D86E.e.6853","ELEMENT":"f.24B59690DB8413BEE8D229DFAEDEAD25.d.82D4DCF3F3B50CA79A44A0C61A60D86E.e.6853"}]}
RESULT: {"script":"<script> [56 bytes]","args":[{"element-6066-11e4-a52e-4f735466cecf":"f.24B59690DB8413BEE8D229DFAEDEAD25.d.82D4DCF3F3B50CA79A44A0C61A60D86E.e.6853","ELEMENT":"f.24B59690DB8413BEE8D229DFAEDEAD25.d.82D4DCF3F3B50CA79A44A0C61A60D86E.e.6853"}]}
COMMAND: GET /session/22675cbf295e23214948e3e385e3f86d/element/f.24B59690DB8413BEE8D229DFAEDEAD25.d.82D4DCF3F3B50CA79A44A0C61A60D86E.e.6852/attribute/aria-checked - {}
COMMAND: GET /session/22675cbf295e23214948e3e385e3f86d/screenshot - {}
RESULT: {}
COMMAND: POST /session/22675cbf295e23214948e3e385e3f86d/element - {"using":"xpath","value":"//table[contains(@id, \"listView-innerSelectionPanelTable-listUl\")]/tbody/tr[5]/td[2]/div/div"}
RESULT: {}
RESULT: {"using":"xpath","value":"//table[contains(@id, \"listView-innerSelectionPanelTable-listUl\")]/tbody/tr[5]/td[2]/div/div"}
COMMAND: POST /session/22675cbf295e23214948e3e385e3f86d/element - {"using":"xpath","value":"//table[contains(@id, \"listView-innerSelectionPanelTable-listUl\")]/tbody/tr[5]/td[2]/div"}
RESULT: {"using":"xpath","value":"//table[contains(@id, \"listView-innerSelectionPanelTable-listUl\")]/tbody/tr[5]/td[2]/div"}
COMMAND: POST /session/22675cbf295e23214948e3e385e3f86d/element - {"using":"xpath","value":"//table[contains(@id, \"listView-innerSelectionPanelTable-listUl\")]/tbody/tr[5]/td[3]/div/div/span/span[1]/bdi"}
RESULT: {"using":"xpath","value":"//table[contains(@id, \"listView-innerSelectionPanelTable-listUl\")]/tbody/tr[5]/td[3]/div/div/span/span[1]/bdi"}
COMMAND: POST /session/22675cbf295e23214948e3e385e3f86d/execute/sync - {"script":"<script> [56 bytes]","args":[{"element-6066-11e4-a52e-4f735466cecf":"f.24B59690DB8413BEE8D229DFAEDEAD25.d.82D4DCF3F3B50CA79A44A0C61A60D86E.e.6856","ELEMENT":"f.24B59690DB8413BEE8D229DFAEDEAD25.d.82D4DCF3F3B50CA79A44A0C61A60D86E.e.6856"}]}
RESULT: {"script":"<script> [56 bytes]","args":[{"element-6066-11e4-a52e-4f735466cecf":"f.24B59690DB8413BEE8D229DFAEDEAD25.d.82D4DCF3F3B50CA79A44A0C61A60D86E.e.6856","ELEMENT":"f.24B59690DB8413BEE8D229DFAEDEAD25.d.82D4DCF3F3B50CA79A44A0C61A60D86E.e.6856"}]}
COMMAND: GET /session/22675cbf295e23214948e3e385e3f86d/element/f.24B59690DB8413BEE8D229DFAEDEAD25.d.82D4DCF3F3B50CA79A44A0C61A60D86E.e.6855/attribute/aria-checked - {}
COMMAND: GET /session/22675cbf295e23214948e3e385e3f86d/screenshot - {}
RESULT: {}
COMMAND: POST /session/22675cbf295e23214948e3e385e3f86d/element - {"using":"xpath","value":"//table[contains(@id, \"listView-innerSelectionPanelTable-listUl\")]/tbody/tr[6]/td[2]/div/div"}
RESULT: {}
RESULT: {"using":"xpath","value":"//table[contains(@id, \"listView-innerSelectionPanelTable-listUl\")]/tbody/tr[6]/td[2]/div/div"}
COMMAND: POST /session/22675cbf295e23214948e3e385e3f86d/element - {"using":"xpath","value":"//table[contains(@id, \"listView-innerSelectionPanelTable-listUl\")]/tbody/tr[6]/td[2]/div"}
RESULT: {"using":"xpath","value":"//table[contains(@id, \"listView-innerSelectionPanelTable-listUl\")]/tbody/tr[6]/td[2]/div"}
COMMAND: POST /session/22675cbf295e23214948e3e385e3f86d/element - {"using":"xpath","value":"//table[contains(@id, \"listView-innerSelectionPanelTable-listUl\")]/tbody/tr[6]/td[3]/div/div/span/span[1]/bdi"}
RESULT: {"using":"xpath","value":"//table[contains(@id, \"listView-innerSelectionPanelTable-listUl\")]/tbody/tr[6]/td[3]/div/div/span/span[1]/bdi"}
COMMAND: POST /session/22675cbf295e23214948e3e385e3f86d/execute/sync - {"script":"<script> [56 bytes]","args":[{"element-6066-11e4-a52e-4f735466cecf":"f.24B59690DB8413BEE8D229DFAEDEAD25.d.82D4DCF3F3B50CA79A44A0C61A60D86E.e.6859","ELEMENT":"f.24B59690DB8413BEE8D229DFAEDEAD25.d.82D4DCF3F3B50CA79A44A0C61A60D86E.e.6859"}]}
RESULT: {"script":"<script> [56 bytes]","args":[{"element-6066-11e4-a52e-4f735466cecf":"f.24B59690DB8413BEE8D229DFAEDEAD25.d.82D4DCF3F3B50CA79A44A0C61A60D86E.e.6859","ELEMENT":"f.24B59690DB8413BEE8D229DFAEDEAD25.d.82D4DCF3F3B50CA79A44A0C61A60D86E.e.6859"}]}
COMMAND: GET /session/22675cbf295e23214948e3e385e3f86d/element/f.24B59690DB8413BEE8D229DFAEDEAD25.d.82D4DCF3F3B50CA79A44A0C61A60D86E.e.6858/attribute/aria-checked - {}
COMMAND: GET /session/22675cbf295e23214948e3e385e3f86d/screenshot - {}
RESULT: {}
COMMAND: POST /session/22675cbf295e23214948e3e385e3f86d/element - {"using":"xpath","value":"//table[contains(@id, \"listView-innerSelectionPanelTable-listUl\")]/tbody/tr[7]/td[2]/div/div"}
RESULT: {}
RESULT: {"using":"xpath","value":"//table[contains(@id, \"listView-innerSelectionPanelTable-listUl\")]/tbody/tr[7]/td[2]/div/div"}
COMMAND: POST /session/22675cbf295e23214948e3e385e3f86d/element - {"using":"xpath","value":"//table[contains(@id, \"listView-innerSelectionPanelTable-listUl\")]/tbody/tr[7]/td[2]/div"}
RESULT: {"using":"xpath","value":"//table[contains(@id, \"listView-innerSelectionPanelTable-listUl\")]/tbody/tr[7]/td[2]/div"}
COMMAND: POST /session/22675cbf295e23214948e3e385e3f86d/element - {"using":"xpath","value":"//table[contains(@id, \"listView-innerSelectionPanelTable-listUl\")]/tbody/tr[7]/td[3]/div/div/span/span[1]/bdi"}
RESULT: {"using":"xpath","value":"//table[contains(@id, \"listView-innerSelectionPanelTable-listUl\")]/tbody/tr[7]/td[3]/div/div/span/span[1]/bdi"}
COMMAND: POST /session/22675cbf295e23214948e3e385e3f86d/execute/sync - {"script":"<script> [56 bytes]","args":[{"element-6066-11e4-a52e-4f735466cecf":"f.24B59690DB8413BEE8D229DFAEDEAD25.d.82D4DCF3F3B50CA79A44A0C61A60D86E.e.6862","ELEMENT":"f.24B59690DB8413BEE8D229DFAEDEAD25.d.82D4DCF3F3B50CA79A44A0C61A60D86E.e.6862"}]}
RESULT: {"script":"<script> [56 bytes]","args":[{"element-6066-11e4-a52e-4f735466cecf":"f.24B59690DB8413BEE8D229DFAEDEAD25.d.82D4DCF3F3B50CA79A44A0C61A60D86E.e.6862","ELEMENT":"f.24B59690DB8413BEE8D229DFAEDEAD25.d.82D4DCF3F3B50CA79A44A0C61A60D86E.e.6862"}]}
COMMAND: GET /session/22675cbf295e23214948e3e385e3f86d/element/f.24B59690DB8413BEE8D229DFAEDEAD25.d.82D4DCF3F3B50CA79A44A0C61A60D86E.e.6861/attribute/aria-checked - {}
COMMAND: GET /session/22675cbf295e23214948e3e385e3f86d/screenshot - {}
RESULT: {}
COMMAND: POST /session/22675cbf295e23214948e3e385e3f86d/element - {"using":"xpath","value":"//table[contains(@id, \"listView-innerSelectionPanelTable-listUl\")]/tbody/tr[8]/td[2]/div/div"}
RESULT: {}
RESULT: {"using":"xpath","value":"//table[contains(@id, \"listView-innerSelectionPanelTable-listUl\")]/tbody/tr[8]/td[2]/div/div"}
COMMAND: POST /session/22675cbf295e23214948e3e385e3f86d/element - {"using":"xpath","value":"//table[contains(@id, \"listView-innerSelectionPanelTable-listUl\")]/tbody/tr[8]/td[2]/div"}
RESULT: {"using":"xpath","value":"//table[contains(@id, \"listView-innerSelectionPanelTable-listUl\")]/tbody/tr[8]/td[2]/div"}
COMMAND: POST /session/22675cbf295e23214948e3e385e3f86d/element - {"using":"xpath","value":"//table[contains(@id, \"listView-innerSelectionPanelTable-listUl\")]/tbody/tr[8]/td[3]/div/div/span/span[1]/bdi"}
RESULT: {"using":"xpath","value":"//table[contains(@id, \"listView-innerSelectionPanelTable-listUl\")]/tbody/tr[8]/td[3]/div/div/span/span[1]/bdi"}
COMMAND: POST /session/22675cbf295e23214948e3e385e3f86d/execute/sync - {"script":"<script> [56 bytes]","args":[{"element-6066-11e4-a52e-4f735466cecf":"f.24B59690DB8413BEE8D229DFAEDEAD25.d.82D4DCF3F3B50CA79A44A0C61A60D86E.e.6865","ELEMENT":"f.24B59690DB8413BEE8D229DFAEDEAD25.d.82D4DCF3F3B50CA79A44A0C61A60D86E.e.6865"}]}
RESULT: {"script":"<script> [56 bytes]","args":[{"element-6066-11e4-a52e-4f735466cecf":"f.24B59690DB8413BEE8D229DFAEDEAD25.d.82D4DCF3F3B50CA79A44A0C61A60D86E.e.6865","ELEMENT":"f.24B59690DB8413BEE8D229DFAEDEAD25.d.82D4DCF3F3B50CA79A44A0C61A60D86E.e.6865"}]}
COMMAND: GET /session/22675cbf295e23214948e3e385e3f86d/element/f.24B59690DB8413BEE8D229DFAEDEAD25.d.82D4DCF3F3B50CA79A44A0C61A60D86E.e.6864/attribute/aria-checked - {}
COMMAND: GET /session/22675cbf295e23214948e3e385e3f86d/screenshot - {}
RESULT: {}
COMMAND: POST /session/22675cbf295e23214948e3e385e3f86d/element - {"using":"xpath","value":"//table[contains(@id, \"listView-innerSelectionPanelTable-listUl\")]/tbody/tr[9]/td[2]/div/div"}
RESULT: {}
RESULT: {"using":"xpath","value":"//table[contains(@id, \"listView-innerSelectionPanelTable-listUl\")]/tbody/tr[9]/td[2]/div/div"}
COMMAND: POST /session/22675cbf295e23214948e3e385e3f86d/element - {"using":"xpath","value":"//table[contains(@id, \"listView-innerSelectionPanelTable-listUl\")]/tbody/tr[9]/td[2]/div"}
RESULT: {"using":"xpath","value":"//table[contains(@id, \"listView-innerSelectionPanelTable-listUl\")]/tbody/tr[9]/td[2]/div"}
COMMAND: POST /session/22675cbf295e23214948e3e385e3f86d/element - {"using":"xpath","value":"//table[contains(@id, \"listView-innerSelectionPanelTable-listUl\")]/tbody/tr[9]/td[3]/div/div/span/span[1]/bdi"}
RESULT: {"using":"xpath","value":"//table[contains(@id, \"listView-innerSelectionPanelTable-listUl\")]/tbody/tr[9]/td[3]/div/div/span/span[1]/bdi"}
COMMAND: POST /session/22675cbf295e23214948e3e385e3f86d/execute/sync - {"script":"<script> [56 bytes]","args":[{"element-6066-11e4-a52e-4f735466cecf":"f.24B59690DB8413BEE8D229DFAEDEAD25.d.82D4DCF3F3B50CA79A44A0C61A60D86E.e.6868","ELEMENT":"f.24B59690DB8413BEE8D229DFAEDEAD25.d.82D4DCF3F3B50CA79A44A0C61A60D86E.e.6868"}]}
RESULT: {"script":"<script> [56 bytes]","args":[{"element-6066-11e4-a52e-4f735466cecf":"f.24B59690DB8413BEE8D229DFAEDEAD25.d.82D4DCF3F3B50CA79A44A0C61A60D86E.e.6868","ELEMENT":"f.24B59690DB8413BEE8D229DFAEDEAD25.d.82D4DCF3F3B50CA79A44A0C61A60D86E.e.6868"}]}
COMMAND: GET /session/22675cbf295e23214948e3e385e3f86d/element/f.24B59690DB8413BEE8D229DFAEDEAD25.d.82D4DCF3F3B50CA79A44A0C61A60D86E.e.6867/attribute/aria-checked - {}
COMMAND: GET /session/22675cbf295e23214948e3e385e3f86d/screenshot - {}
RESULT: {}
COMMAND: POST /session/22675cbf295e23214948e3e385e3f86d/element - {"using":"xpath","value":"//table[contains(@id, \"listView-innerSelectionPanelTable-listUl\")]/tbody/tr[10]/td[2]/div/div"}
RESULT: {}
RESULT: {"using":"xpath","value":"//table[contains(@id, \"listView-innerSelectionPanelTable-listUl\")]/tbody/tr[10]/td[2]/div/div"}
COMMAND: POST /session/22675cbf295e23214948e3e385e3f86d/element - {"using":"xpath","value":"//table[contains(@id, \"listView-innerSelectionPanelTable-listUl\")]/tbody/tr[10]/td[2]/div"}
RESULT: {"using":"xpath","value":"//table[contains(@id, \"listView-innerSelectionPanelTable-listUl\")]/tbody/tr[10]/td[2]/div"}
COMMAND: POST /session/22675cbf295e23214948e3e385e3f86d/element - {"using":"xpath","value":"//table[contains(@id, \"listView-innerSelectionPanelTable-listUl\")]/tbody/tr[10]/td[3]/div/div/span/span[1]/bdi"}
RESULT: {"using":"xpath","value":"//table[contains(@id, \"listView-innerSelectionPanelTable-listUl\")]/tbody/tr[10]/td[3]/div/div/span/span[1]/bdi"}
COMMAND: POST /session/22675cbf295e23214948e3e385e3f86d/execute/sync - {"script":"<script> [56 bytes]","args":[{"element-6066-11e4-a52e-4f735466cecf":"f.24B59690DB8413BEE8D229DFAEDEAD25.d.82D4DCF3F3B50CA79A44A0C61A60D86E.e.6871","ELEMENT":"f.24B59690DB8413BEE8D229DFAEDEAD25.d.82D4DCF3F3B50CA79A44A0C61A60D86E.e.6871"}]}
RESULT: {"script":"<script> [56 bytes]","args":[{"element-6066-11e4-a52e-4f735466cecf":"f.24B59690DB8413BEE8D229DFAEDEAD25.d.82D4DCF3F3B50CA79A44A0C61A60D86E.e.6871","ELEMENT":"f.24B59690DB8413BEE8D229DFAEDEAD25.d.82D4DCF3F3B50CA79A44A0C61A60D86E.e.6871"}]}
COMMAND: GET /session/22675cbf295e23214948e3e385e3f86d/element/f.24B59690DB8413BEE8D229DFAEDEAD25.d.82D4DCF3F3B50CA79A44A0C61A60D86E.e.6870/attribute/aria-checked - {}
COMMAND: GET /session/22675cbf295e23214948e3e385e3f86d/screenshot - {}
RESULT: {}
COMMAND: POST /session/22675cbf295e23214948e3e385e3f86d/element - {"using":"xpath","value":"//table[contains(@id, \"listView-innerSelectionPanelTable-listUl\")]/tbody/tr[11]/td[2]/div/div"}
RESULT: {}
RESULT: {"using":"xpath","value":"//table[contains(@id, \"listView-innerSelectionPanelTable-listUl\")]/tbody/tr[11]/td[2]/div/div"}
COMMAND: POST /session/22675cbf295e23214948e3e385e3f86d/element - {"using":"xpath","value":"//table[contains(@id, \"listView-innerSelectionPanelTable-listUl\")]/tbody/tr[11]/td[2]/div"}
RESULT: {"using":"xpath","value":"//table[contains(@id, \"listView-innerSelectionPanelTable-listUl\")]/tbody/tr[11]/td[2]/div"}
COMMAND: POST /session/22675cbf295e23214948e3e385e3f86d/element - {"using":"xpath","value":"//table[contains(@id, \"listView-innerSelectionPanelTable-listUl\")]/tbody/tr[11]/td[3]/div/div/span/span[1]/bdi"}
RESULT: {"using":"xpath","value":"//table[contains(@id, \"listView-innerSelectionPanelTable-listUl\")]/tbody/tr[11]/td[3]/div/div/span/span[1]/bdi"}
COMMAND: POST /session/22675cbf295e23214948e3e385e3f86d/execute/sync - {"script":"<script> [56 bytes]","args":[{"element-6066-11e4-a52e-4f735466cecf":"f.24B59690DB8413BEE8D229DFAEDEAD25.d.82D4DCF3F3B50CA79A44A0C61A60D86E.e.6874","ELEMENT":"f.24B59690DB8413BEE8D229DFAEDEAD25.d.82D4DCF3F3B50CA79A44A0C61A60D86E.e.6874"}]}
RESULT: {"script":"<script> [56 bytes]","args":[{"element-6066-11e4-a52e-4f735466cecf":"f.24B59690DB8413BEE8D229DFAEDEAD25.d.82D4DCF3F3B50CA79A44A0C61A60D86E.e.6874","ELEMENT":"f.24B59690DB8413BEE8D229DFAEDEAD25.d.82D4DCF3F3B50CA79A44A0C61A60D86E.e.6874"}]}
COMMAND: GET /session/22675cbf295e23214948e3e385e3f86d/element/f.24B59690DB8413BEE8D229DFAEDEAD25.d.82D4DCF3F3B50CA79A44A0C61A60D86E.e.6873/attribute/aria-checked - {}
COMMAND: GET /session/22675cbf295e23214948e3e385e3f86d/screenshot - {}
RESULT: {}
COMMAND: POST /session/22675cbf295e23214948e3e385e3f86d/element - {"using":"xpath","value":"//table[contains(@id, \"listView-innerSelectionPanelTable-listUl\")]/tbody/tr[12]/td[2]/div/div"}
RESULT: {}
RESULT: {"using":"xpath","value":"//table[contains(@id, \"listView-innerSelectionPanelTable-listUl\")]/tbody/tr[12]/td[2]/div/div"}
COMMAND: POST /session/22675cbf295e23214948e3e385e3f86d/element - {"using":"xpath","value":"//table[contains(@id, \"listView-innerSelectionPanelTable-listUl\")]/tbody/tr[12]/td[2]/div"}
RESULT: {"using":"xpath","value":"//table[contains(@id, \"listView-innerSelectionPanelTable-listUl\")]/tbody/tr[12]/td[2]/div"}
COMMAND: POST /session/22675cbf295e23214948e3e385e3f86d/element - {"using":"xpath","value":"//table[contains(@id, \"listView-innerSelectionPanelTable-listUl\")]/tbody/tr[12]/td[3]/div/div/span/span[1]/bdi"}
RESULT: {"using":"xpath","value":"//table[contains(@id, \"listView-innerSelectionPanelTable-listUl\")]/tbody/tr[12]/td[3]/div/div/span/span[1]/bdi"}
COMMAND: POST /session/22675cbf295e23214948e3e385e3f86d/execute/sync - {"script":"<script> [56 bytes]","args":[{"element-6066-11e4-a52e-4f735466cecf":"f.24B59690DB8413BEE8D229DFAEDEAD25.d.82D4DCF3F3B50CA79A44A0C61A60D86E.e.6877","ELEMENT":"f.24B59690DB8413BEE8D229DFAEDEAD25.d.82D4DCF3F3B50CA79A44A0C61A60D86E.e.6877"}]}
RESULT: {"script":"<script> [56 bytes]","args":[{"element-6066-11e4-a52e-4f735466cecf":"f.24B59690DB8413BEE8D229DFAEDEAD25.d.82D4DCF3F3B50CA79A44A0C61A60D86E.e.6877","ELEMENT":"f.24B59690DB8413BEE8D229DFAEDEAD25.d.82D4DCF3F3B50CA79A44A0C61A60D86E.e.6877"}]}
COMMAND: GET /session/22675cbf295e23214948e3e385e3f86d/element/f.24B59690DB8413BEE8D229DFAEDEAD25.d.82D4DCF3F3B50CA79A44A0C61A60D86E.e.6876/attribute/aria-checked - {}
RESULT: {}
COMMAND: POST /session/22675cbf295e23214948e3e385e3f86d/element - {"using":"xpath","value":"//table[contains(@id, \"listView-innerSelectionPanelTable-listUl\")]/tbody/tr[13]/td[2]/div/div"}
RESULT: {"using":"xpath","value":"//table[contains(@id, \"listView-innerSelectionPanelTable-listUl\")]/tbody/tr[13]/td[2]/div/div"}
COMMAND: POST /session/22675cbf295e23214948e3e385e3f86d/element - {"using":"xpath","value":"//table[contains(@id, \"listView-innerSelectionPanelTable-listUl\")]/tbody/tr[13]/td[2]/div"}
COMMAND: GET /session/22675cbf295e23214948e3e385e3f86d/screenshot - {}
RESULT: {"using":"xpath","value":"//table[contains(@id, \"listView-innerSelectionPanelTable-listUl\")]/tbody/tr[13]/td[2]/div"}
COMMAND: POST /session/22675cbf295e23214948e3e385e3f86d/element - {"using":"xpath","value":"//table[contains(@id, \"listView-innerSelectionPanelTable-listUl\")]/tbody/tr[13]/td[3]/div/div/span/span[1]/bdi"}
RESULT: {}
RESULT: {"using":"xpath","value":"//table[contains(@id, \"listView-innerSelectionPanelTable-listUl\")]/tbody/tr[13]/td[3]/div/div/span/span[1]/bdi"}
COMMAND: POST /session/22675cbf295e23214948e3e385e3f86d/execute/sync - {"script":"<script> [56 bytes]","args":[{"element-6066-11e4-a52e-4f735466cecf":"f.24B59690DB8413BEE8D229DFAEDEAD25.d.82D4DCF3F3B50CA79A44A0C61A60D86E.e.6880","ELEMENT":"f.24B59690DB8413BEE8D229DFAEDEAD25.d.82D4DCF3F3B50CA79A44A0C61A60D86E.e.6880"}]}
RESULT: {"script":"<script> [56 bytes]","args":[{"element-6066-11e4-a52e-4f735466cecf":"f.24B59690DB8413BEE8D229DFAEDEAD25.d.82D4DCF3F3B50CA79A44A0C61A60D86E.e.6880","ELEMENT":"f.24B59690DB8413BEE8D229DFAEDEAD25.d.82D4DCF3F3B50CA79A44A0C61A60D86E.e.6880"}]}
COMMAND: GET /session/22675cbf295e23214948e3e385e3f86d/element/f.24B59690DB8413BEE8D229DFAEDEAD25.d.82D4DCF3F3B50CA79A44A0C61A60D86E.e.6879/attribute/aria-checked - {}
COMMAND: GET /session/22675cbf295e23214948e3e385e3f86d/screenshot - {}
RESULT: {}
COMMAND: POST /session/22675cbf295e23214948e3e385e3f86d/element - {"using":"xpath","value":"//table[contains(@id, \"listView-innerSelectionPanelTable-listUl\")]/tbody/tr[14]/td[2]/div/div"}
COMMAND: POST /session/22675cbf295e23214948e3e385e3f86d/element/f.24B59690DB8413BEE8D229DFAEDEAD25.d.82D4DCF3F3B50CA79A44A0C61A60D86E.e.6878/click - {}
RESULT: {}
RESULT: {"using":"xpath","value":"//table[contains(@id, \"listView-innerSelectionPanelTable-listUl\")]/tbody/tr[14]/td[2]/div/div"}
COMMAND: POST /session/22675cbf295e23214948e3e385e3f86d/element - {"using":"xpath","value":"//table[contains(@id, \"listView-innerSelectionPanelTable-listUl\")]/tbody/tr[14]/td[2]/div"}
RESULT: {}
RESULT: {"using":"xpath","value":"//table[contains(@id, \"listView-innerSelectionPanelTable-listUl\")]/tbody/tr[14]/td[2]/div"}
COMMAND: POST /session/22675cbf295e23214948e3e385e3f86d/element - {"using":"xpath","value":"//table[contains(@id, \"listView-innerSelectionPanelTable-listUl\")]/tbody/tr[14]/td[3]/div/div/span/span[1]/bdi"}
COMMAND: GET /session/22675cbf295e23214948e3e385e3f86d/screenshot - {}
RESULT: {"using":"xpath","value":"//table[contains(@id, \"listView-innerSelectionPanelTable-listUl\")]/tbody/tr[14]/td[3]/div/div/span/span[1]/bdi"}
COMMAND: POST /session/22675cbf295e23214948e3e385e3f86d/execute/sync - {"script":"<script> [56 bytes]","args":[{"element-6066-11e4-a52e-4f735466cecf":"f.24B59690DB8413BEE8D229DFAEDEAD25.d.82D4DCF3F3B50CA79A44A0C61A60D86E.e.6884","ELEMENT":"f.24B59690DB8413BEE8D229DFAEDEAD25.d.82D4DCF3F3B50CA79A44A0C61A60D86E.e.6884"}]}
RESULT: {}
RESULT: {"script":"<script> [56 bytes]","args":[{"element-6066-11e4-a52e-4f735466cecf":"f.24B59690DB8413BEE8D229DFAEDEAD25.d.82D4DCF3F3B50CA79A44A0C61A60D86E.e.6884","ELEMENT":"f.24B59690DB8413BEE8D229DFAEDEAD25.d.82D4DCF3F3B50CA79A44A0C61A60D86E.e.6884"}]}
COMMAND: GET /session/22675cbf295e23214948e3e385e3f86d/element/f.24B59690DB8413BEE8D229DFAEDEAD25.d.82D4DCF3F3B50CA79A44A0C61A60D86E.e.6883/attribute/aria-checked - {}
COMMAND: GET /session/22675cbf295e23214948e3e385e3f86d/screenshot - {}
RESULT: {}
COMMAND: POST /session/22675cbf295e23214948e3e385e3f86d/element - {"using":"xpath","value":"//table[contains(@id, \"listView-innerSelectionPanelTable-listUl\")]/tbody/tr[15]/td[2]/div/div"}
RESULT: {}
RESULT: {"using":"xpath","value":"//table[contains(@id, \"listView-innerSelectionPanelTable-listUl\")]/tbody/tr[15]/td[2]/div/div"}
COMMAND: POST /session/22675cbf295e23214948e3e385e3f86d/element - {"using":"xpath","value":"//table[contains(@id, \"listView-innerSelectionPanelTable-listUl\")]/tbody/tr[15]/td[2]/div"}
RESULT: {"using":"xpath","value":"//table[contains(@id, \"listView-innerSelectionPanelTable-listUl\")]/tbody/tr[15]/td[2]/div"}
COMMAND: POST /session/22675cbf295e23214948e3e385e3f86d/element - {"using":"xpath","value":"//table[contains(@id, \"listView-innerSelectionPanelTable-listUl\")]/tbody/tr[15]/td[3]/div/div/span/span[1]/bdi"}
RESULT: {"using":"xpath","value":"//table[contains(@id, \"listView-innerSelectionPanelTable-listUl\")]/tbody/tr[15]/td[3]/div/div/span/span[1]/bdi"}
COMMAND: POST /session/22675cbf295e23214948e3e385e3f86d/execute/sync - {"script":"<script> [56 bytes]","args":[{"element-6066-11e4-a52e-4f735466cecf":"f.24B59690DB8413BEE8D229DFAEDEAD25.d.82D4DCF3F3B50CA79A44A0C61A60D86E.e.6887","ELEMENT":"f.24B59690DB8413BEE8D229DFAEDEAD25.d.82D4DCF3F3B50CA79A44A0C61A60D86E.e.6887"}]}
RESULT: {"script":"<script> [56 bytes]","args":[{"element-6066-11e4-a52e-4f735466cecf":"f.24B59690DB8413BEE8D229DFAEDEAD25.d.82D4DCF3F3B50CA79A44A0C61A60D86E.e.6887","ELEMENT":"f.24B59690DB8413BEE8D229DFAEDEAD25.d.82D4DCF3F3B50CA79A44A0C61A60D86E.e.6887"}]}
COMMAND: GET /session/22675cbf295e23214948e3e385e3f86d/element/f.24B59690DB8413BEE8D229DFAEDEAD25.d.82D4DCF3F3B50CA79A44A0C61A60D86E.e.6886/attribute/aria-checked - {}
COMMAND: GET /session/22675cbf295e23214948e3e385e3f86d/screenshot - {}
RESULT: {}
COMMAND: POST /session/22675cbf295e23214948e3e385e3f86d/element - {"using":"xpath","value":"//table[contains(@id, \"listView-innerSelectionPanelTable-listUl\")]/tbody/tr[16]/td[2]/div/div"}
RESULT: {}
RESULT: {"using":"xpath","value":"//table[contains(@id, \"listView-innerSelectionPanelTable-listUl\")]/tbody/tr[16]/td[2]/div/div"}
COMMAND: POST /session/22675cbf295e23214948e3e385e3f86d/element - {"using":"xpath","value":"//table[contains(@id, \"listView-innerSelectionPanelTable-listUl\")]/tbody/tr[16]/td[2]/div"}
RESULT: {"using":"xpath","value":"//table[contains(@id, \"listView-innerSelectionPanelTable-listUl\")]/tbody/tr[16]/td[2]/div"}
COMMAND: POST /session/22675cbf295e23214948e3e385e3f86d/element - {"using":"xpath","value":"//table[contains(@id, \"listView-innerSelectionPanelTable-listUl\")]/tbody/tr[16]/td[3]/div/div/span/span[1]/bdi"}
RESULT: {"using":"xpath","value":"//table[contains(@id, \"listView-innerSelectionPanelTable-listUl\")]/tbody/tr[16]/td[3]/div/div/span/span[1]/bdi"}
COMMAND: POST /session/22675cbf295e23214948e3e385e3f86d/execute/sync - {"script":"<script> [56 bytes]","args":[{"element-6066-11e4-a52e-4f735466cecf":"f.24B59690DB8413BEE8D229DFAEDEAD25.d.82D4DCF3F3B50CA79A44A0C61A60D86E.e.6890","ELEMENT":"f.24B59690DB8413BEE8D229DFAEDEAD25.d.82D4DCF3F3B50CA79A44A0C61A60D86E.e.6890"}]}
RESULT: {"script":"<script> [56 bytes]","args":[{"element-6066-11e4-a52e-4f735466cecf":"f.24B59690DB8413BEE8D229DFAEDEAD25.d.82D4DCF3F3B50CA79A44A0C61A60D86E.e.6890","ELEMENT":"f.24B59690DB8413BEE8D229DFAEDEAD25.d.82D4DCF3F3B50CA79A44A0C61A60D86E.e.6890"}]}
COMMAND: GET /session/22675cbf295e23214948e3e385e3f86d/element/f.24B59690DB8413BEE8D229DFAEDEAD25.d.82D4DCF3F3B50CA79A44A0C61A60D86E.e.6889/attribute/aria-checked - {}
COMMAND: GET /session/22675cbf295e23214948e3e385e3f86d/screenshot - {}
RESULT: {}
COMMAND: POST /session/22675cbf295e23214948e3e385e3f86d/element - {"using":"xpath","value":"//table[contains(@id, \"listView-innerSelectionPanelTable-listUl\")]/tbody/tr[17]/td[2]/div/div"}
RESULT: {}
RESULT: {"using":"xpath","value":"//table[contains(@id, \"listView-innerSelectionPanelTable-listUl\")]/tbody/tr[17]/td[2]/div/div"}
COMMAND: POST /session/22675cbf295e23214948e3e385e3f86d/element - {"using":"xpath","value":"//table[contains(@id, \"listView-innerSelectionPanelTable-listUl\")]/tbody/tr[17]/td[2]/div"}
RESULT: {"using":"xpath","value":"//table[contains(@id, \"listView-innerSelectionPanelTable-listUl\")]/tbody/tr[17]/td[2]/div"}
COMMAND: POST /session/22675cbf295e23214948e3e385e3f86d/element - {"using":"xpath","value":"//table[contains(@id, \"listView-innerSelectionPanelTable-listUl\")]/tbody/tr[17]/td[3]/div/div/span/span[1]/bdi"}
RESULT: {"using":"xpath","value":"//table[contains(@id, \"listView-innerSelectionPanelTable-listUl\")]/tbody/tr[17]/td[3]/div/div/span/span[1]/bdi"}
COMMAND: POST /session/22675cbf295e23214948e3e385e3f86d/execute/sync - {"script":"<script> [56 bytes]","args":[{"element-6066-11e4-a52e-4f735466cecf":"f.24B59690DB8413BEE8D229DFAEDEAD25.d.82D4DCF3F3B50CA79A44A0C61A60D86E.e.6893","ELEMENT":"f.24B59690DB8413BEE8D229DFAEDEAD25.d.82D4DCF3F3B50CA79A44A0C61A60D86E.e.6893"}]}
RESULT: {"script":"<script> [56 bytes]","args":[{"element-6066-11e4-a52e-4f735466cecf":"f.24B59690DB8413BEE8D229DFAEDEAD25.d.82D4DCF3F3B50CA79A44A0C61A60D86E.e.6893","ELEMENT":"f.24B59690DB8413BEE8D229DFAEDEAD25.d.82D4DCF3F3B50CA79A44A0C61A60D86E.e.6893"}]}
COMMAND: GET /session/22675cbf295e23214948e3e385e3f86d/element/f.24B59690DB8413BEE8D229DFAEDEAD25.d.82D4DCF3F3B50CA79A44A0C61A60D86E.e.6892/attribute/aria-checked - {}
COMMAND: GET /session/22675cbf295e23214948e3e385e3f86d/screenshot - {}
RESULT: {}
COMMAND: POST /session/22675cbf295e23214948e3e385e3f86d/element - {"using":"xpath","value":"//table[contains(@id, \"listView-innerSelectionPanelTable-listUl\")]/tbody/tr[18]/td[2]/div/div"}
RESULT: {}
RESULT: {"using":"xpath","value":"//table[contains(@id, \"listView-innerSelectionPanelTable-listUl\")]/tbody/tr[18]/td[2]/div/div"}
COMMAND: POST /session/22675cbf295e23214948e3e385e3f86d/element - {"using":"xpath","value":"//table[contains(@id, \"listView-innerSelectionPanelTable-listUl\")]/tbody/tr[18]/td[2]/div"}
RESULT: {"using":"xpath","value":"//table[contains(@id, \"listView-innerSelectionPanelTable-listUl\")]/tbody/tr[18]/td[2]/div"}
COMMAND: POST /session/22675cbf295e23214948e3e385e3f86d/element - {"using":"xpath","value":"//table[contains(@id, \"listView-innerSelectionPanelTable-listUl\")]/tbody/tr[18]/td[3]/div/div/span/span[1]/bdi"}
RESULT: {"using":"xpath","value":"//table[contains(@id, \"listView-innerSelectionPanelTable-listUl\")]/tbody/tr[18]/td[3]/div/div/span/span[1]/bdi"}
COMMAND: POST /session/22675cbf295e23214948e3e385e3f86d/execute/sync - {"script":"<script> [56 bytes]","args":[{"element-6066-11e4-a52e-4f735466cecf":"f.24B59690DB8413BEE8D229DFAEDEAD25.d.82D4DCF3F3B50CA79A44A0C61A60D86E.e.6896","ELEMENT":"f.24B59690DB8413BEE8D229DFAEDEAD25.d.82D4DCF3F3B50CA79A44A0C61A60D86E.e.6896"}]}
RESULT: {"script":"<script> [56 bytes]","args":[{"element-6066-11e4-a52e-4f735466cecf":"f.24B59690DB8413BEE8D229DFAEDEAD25.d.82D4DCF3F3B50CA79A44A0C61A60D86E.e.6896","ELEMENT":"f.24B59690DB8413BEE8D229DFAEDEAD25.d.82D4DCF3F3B50CA79A44A0C61A60D86E.e.6896"}]}
COMMAND: GET /session/22675cbf295e23214948e3e385e3f86d/element/f.24B59690DB8413BEE8D229DFAEDEAD25.d.82D4DCF3F3B50CA79A44A0C61A60D86E.e.6895/attribute/aria-checked - {}
COMMAND: GET /session/22675cbf295e23214948e3e385e3f86d/screenshot - {}
RESULT: {}
COMMAND: POST /session/22675cbf295e23214948e3e385e3f86d/element - {"using":"xpath","value":"//table[contains(@id, \"listView-innerSelectionPanelTable-listUl\")]/tbody/tr[19]/td[2]/div/div"}
RESULT: {}
RESULT: {"using":"xpath","value":"//table[contains(@id, \"listView-innerSelectionPanelTable-listUl\")]/tbody/tr[19]/td[2]/div/div"}
COMMAND: POST /session/22675cbf295e23214948e3e385e3f86d/element - {"using":"xpath","value":"//table[contains(@id, \"listView-innerSelectionPanelTable-listUl\")]/tbody/tr[19]/td[2]/div"}
RESULT: {"using":"xpath","value":"//table[contains(@id, \"listView-innerSelectionPanelTable-listUl\")]/tbody/tr[19]/td[2]/div"}
COMMAND: POST /session/22675cbf295e23214948e3e385e3f86d/element - {"using":"xpath","value":"//table[contains(@id, \"listView-innerSelectionPanelTable-listUl\")]/tbody/tr[19]/td[3]/div/div/span/span[1]/bdi"}
RESULT: {"using":"xpath","value":"//table[contains(@id, \"listView-innerSelectionPanelTable-listUl\")]/tbody/tr[19]/td[3]/div/div/span/span[1]/bdi"}
COMMAND: POST /session/22675cbf295e23214948e3e385e3f86d/execute/sync - {"script":"<script> [56 bytes]","args":[{"element-6066-11e4-a52e-4f735466cecf":"f.24B59690DB8413BEE8D229DFAEDEAD25.d.82D4DCF3F3B50CA79A44A0C61A60D86E.e.6899","ELEMENT":"f.24B59690DB8413BEE8D229DFAEDEAD25.d.82D4DCF3F3B50CA79A44A0C61A60D86E.e.6899"}]}
RESULT: {"script":"<script> [56 bytes]","args":[{"element-6066-11e4-a52e-4f735466cecf":"f.24B59690DB8413BEE8D229DFAEDEAD25.d.82D4DCF3F3B50CA79A44A0C61A60D86E.e.6899","ELEMENT":"f.24B59690DB8413BEE8D229DFAEDEAD25.d.82D4DCF3F3B50CA79A44A0C61A60D86E.e.6899"}]}
COMMAND: GET /session/22675cbf295e23214948e3e385e3f86d/element/f.24B59690DB8413BEE8D229DFAEDEAD25.d.82D4DCF3F3B50CA79A44A0C61A60D86E.e.6898/attribute/aria-checked - {}
COMMAND: GET /session/22675cbf295e23214948e3e385e3f86d/screenshot - {}
RESULT: {}
COMMAND: POST /session/22675cbf295e23214948e3e385e3f86d/element - {"using":"xpath","value":"//table[contains(@id, \"listView-innerSelectionPanelTable-listUl\")]/tbody/tr[20]/td[2]/div/div"}
RESULT: {}
RESULT: {"using":"xpath","value":"//table[contains(@id, \"listView-innerSelectionPanelTable-listUl\")]/tbody/tr[20]/td[2]/div/div"}
COMMAND: POST /session/22675cbf295e23214948e3e385e3f86d/element - {"using":"xpath","value":"//table[contains(@id, \"listView-innerSelectionPanelTable-listUl\")]/tbody/tr[20]/td[2]/div"}
RESULT: {"using":"xpath","value":"//table[contains(@id, \"listView-innerSelectionPanelTable-listUl\")]/tbody/tr[20]/td[2]/div"}
COMMAND: POST /session/22675cbf295e23214948e3e385e3f86d/element - {"using":"xpath","value":"//table[contains(@id, \"listView-innerSelectionPanelTable-listUl\")]/tbody/tr[20]/td[3]/div/div/span/span[1]/bdi"}
RESULT: {"using":"xpath","value":"//table[contains(@id, \"listView-innerSelectionPanelTable-listUl\")]/tbody/tr[20]/td[3]/div/div/span/span[1]/bdi"}
COMMAND: POST /session/22675cbf295e23214948e3e385e3f86d/execute/sync - {"script":"<script> [56 bytes]","args":[{"element-6066-11e4-a52e-4f735466cecf":"f.24B59690DB8413BEE8D229DFAEDEAD25.d.82D4DCF3F3B50CA79A44A0C61A60D86E.e.6902","ELEMENT":"f.24B59690DB8413BEE8D229DFAEDEAD25.d.82D4DCF3F3B50CA79A44A0C61A60D86E.e.6902"}]}
RESULT: {"script":"<script> [56 bytes]","args":[{"element-6066-11e4-a52e-4f735466cecf":"f.24B59690DB8413BEE8D229DFAEDEAD25.d.82D4DCF3F3B50CA79A44A0C61A60D86E.e.6902","ELEMENT":"f.24B59690DB8413BEE8D229DFAEDEAD25.d.82D4DCF3F3B50CA79A44A0C61A60D86E.e.6902"}]}
COMMAND: GET /session/22675cbf295e23214948e3e385e3f86d/element/f.24B59690DB8413BEE8D229DFAEDEAD25.d.82D4DCF3F3B50CA79A44A0C61A60D86E.e.6901/attribute/aria-checked - {}
COMMAND: GET /session/22675cbf295e23214948e3e385e3f86d/screenshot - {}
RESULT: {}
COMMAND: POST /session/22675cbf295e23214948e3e385e3f86d/element - {"using":"xpath","value":"//table[contains(@id, \"listView-innerSelectionPanelTable-listUl\")]/tbody/tr[21]/td[2]/div/div"}
RESULT: {}
RESULT: {"using":"xpath","value":"//table[contains(@id, \"listView-innerSelectionPanelTable-listUl\")]/tbody/tr[21]/td[2]/div/div"}
COMMAND: POST /session/22675cbf295e23214948e3e385e3f86d/element - {"using":"xpath","value":"//table[contains(@id, \"listView-innerSelectionPanelTable-listUl\")]/tbody/tr[21]/td[2]/div"}
RESULT: {"using":"xpath","value":"//table[contains(@id, \"listView-innerSelectionPanelTable-listUl\")]/tbody/tr[21]/td[2]/div"}
COMMAND: POST /session/22675cbf295e23214948e3e385e3f86d/element - {"using":"xpath","value":"//table[contains(@id, \"listView-innerSelectionPanelTable-listUl\")]/tbody/tr[21]/td[3]/div/div/span/span[1]/bdi"}
RESULT: {"using":"xpath","value":"//table[contains(@id, \"listView-innerSelectionPanelTable-listUl\")]/tbody/tr[21]/td[3]/div/div/span/span[1]/bdi"}
COMMAND: POST /session/22675cbf295e23214948e3e385e3f86d/execute/sync - {"script":"<script> [56 bytes]","args":[{"element-6066-11e4-a52e-4f735466cecf":"f.24B59690DB8413BEE8D229DFAEDEAD25.d.82D4DCF3F3B50CA79A44A0C61A60D86E.e.6905","ELEMENT":"f.24B59690DB8413BEE8D229DFAEDEAD25.d.82D4DCF3F3B50CA79A44A0C61A60D86E.e.6905"}]}
RESULT: {"script":"<script> [56 bytes]","args":[{"element-6066-11e4-a52e-4f735466cecf":"f.24B59690DB8413BEE8D229DFAEDEAD25.d.82D4DCF3F3B50CA79A44A0C61A60D86E.e.6905","ELEMENT":"f.24B59690DB8413BEE8D229DFAEDEAD25.d.82D4DCF3F3B50CA79A44A0C61A60D86E.e.6905"}]}
COMMAND: GET /session/22675cbf295e23214948e3e385e3f86d/element/f.24B59690DB8413BEE8D229DFAEDEAD25.d.82D4DCF3F3B50CA79A44A0C61A60D86E.e.6904/attribute/aria-checked - {}
COMMAND: GET /session/22675cbf295e23214948e3e385e3f86d/screenshot - {}
RESULT: {}
COMMAND: POST /session/22675cbf295e23214948e3e385e3f86d/element - {"using":"xpath","value":"//table[contains(@id, \"listView-innerSelectionPanelTable-listUl\")]/tbody/tr[22]/td[2]/div/div"}
RESULT: {}
RESULT: {"using":"xpath","value":"//table[contains(@id, \"listView-innerSelectionPanelTable-listUl\")]/tbody/tr[22]/td[2]/div/div"}
COMMAND: POST /session/22675cbf295e23214948e3e385e3f86d/element - {"using":"xpath","value":"//table[contains(@id, \"listView-innerSelectionPanelTable-listUl\")]/tbody/tr[22]/td[2]/div"}
RESULT: {"using":"xpath","value":"//table[contains(@id, \"listView-innerSelectionPanelTable-listUl\")]/tbody/tr[22]/td[2]/div"}
COMMAND: POST /session/22675cbf295e23214948e3e385e3f86d/element - {"using":"xpath","value":"//table[contains(@id, \"listView-innerSelectionPanelTable-listUl\")]/tbody/tr[22]/td[3]/div/div/span/span[1]/bdi"}
RESULT: {"using":"xpath","value":"//table[contains(@id, \"listView-innerSelectionPanelTable-listUl\")]/tbody/tr[22]/td[3]/div/div/span/span[1]/bdi"}
COMMAND: POST /session/22675cbf295e23214948e3e385e3f86d/execute/sync - {"script":"<script> [56 bytes]","args":[{"element-6066-11e4-a52e-4f735466cecf":"f.24B59690DB8413BEE8D229DFAEDEAD25.d.82D4DCF3F3B50CA79A44A0C61A60D86E.e.6908","ELEMENT":"f.24B59690DB8413BEE8D229DFAEDEAD25.d.82D4DCF3F3B50CA79A44A0C61A60D86E.e.6908"}]}
RESULT: {"script":"<script> [56 bytes]","args":[{"element-6066-11e4-a52e-4f735466cecf":"f.24B59690DB8413BEE8D229DFAEDEAD25.d.82D4DCF3F3B50CA79A44A0C61A60D86E.e.6908","ELEMENT":"f.24B59690DB8413BEE8D229DFAEDEAD25.d.82D4DCF3F3B50CA79A44A0C61A60D86E.e.6908"}]}
COMMAND: GET /session/22675cbf295e23214948e3e385e3f86d/element/f.24B59690DB8413BEE8D229DFAEDEAD25.d.82D4DCF3F3B50CA79A44A0C61A60D86E.e.6907/attribute/aria-checked - {}
COMMAND: GET /session/22675cbf295e23214948e3e385e3f86d/screenshot - {}
RESULT: {}
COMMAND: POST /session/22675cbf295e23214948e3e385e3f86d/element - {"using":"xpath","value":"//table[contains(@id, \"listView-innerSelectionPanelTable-listUl\")]/tbody/tr[23]/td[2]/div/div"}
RESULT: {}
RESULT: {"using":"xpath","value":"//table[contains(@id, \"listView-innerSelectionPanelTable-listUl\")]/tbody/tr[23]/td[2]/div/div"}
COMMAND: POST /session/22675cbf295e23214948e3e385e3f86d/element - {"using":"xpath","value":"//table[contains(@id, \"listView-innerSelectionPanelTable-listUl\")]/tbody/tr[23]/td[2]/div"}
RESULT: {"using":"xpath","value":"//table[contains(@id, \"listView-innerSelectionPanelTable-listUl\")]/tbody/tr[23]/td[2]/div"}
COMMAND: POST /session/22675cbf295e23214948e3e385e3f86d/element - {"using":"xpath","value":"//table[contains(@id, \"listView-innerSelectionPanelTable-listUl\")]/tbody/tr[23]/td[3]/div/div/span/span[1]/bdi"}
RESULT: {"using":"xpath","value":"//table[contains(@id, \"listView-innerSelectionPanelTable-listUl\")]/tbody/tr[23]/td[3]/div/div/span/span[1]/bdi"}
COMMAND: POST /session/22675cbf295e23214948e3e385e3f86d/execute/sync - {"script":"<script> [56 bytes]","args":[{"element-6066-11e4-a52e-4f735466cecf":"f.24B59690DB8413BEE8D229DFAEDEAD25.d.82D4DCF3F3B50CA79A44A0C61A60D86E.e.6911","ELEMENT":"f.24B59690DB8413BEE8D229DFAEDEAD25.d.82D4DCF3F3B50CA79A44A0C61A60D86E.e.6911"}]}
RESULT: {"script":"<script> [56 bytes]","args":[{"element-6066-11e4-a52e-4f735466cecf":"f.24B59690DB8413BEE8D229DFAEDEAD25.d.82D4DCF3F3B50CA79A44A0C61A60D86E.e.6911","ELEMENT":"f.24B59690DB8413BEE8D229DFAEDEAD25.d.82D4DCF3F3B50CA79A44A0C61A60D86E.e.6911"}]}
COMMAND: GET /session/22675cbf295e23214948e3e385e3f86d/element/f.24B59690DB8413BEE8D229DFAEDEAD25.d.82D4DCF3F3B50CA79A44A0C61A60D86E.e.6910/attribute/aria-checked - {}
COMMAND: GET /session/22675cbf295e23214948e3e385e3f86d/screenshot - {}
RESULT: {}
COMMAND: POST /session/22675cbf295e23214948e3e385e3f86d/element - {"using":"xpath","value":"//table[contains(@id, \"listView-innerSelectionPanelTable-listUl\")]/tbody/tr[24]/td[2]/div/div"}
RESULT: {}
RESULT: {"using":"xpath","value":"//table[contains(@id, \"listView-innerSelectionPanelTable-listUl\")]/tbody/tr[24]/td[2]/div/div"}
COMMAND: POST /session/22675cbf295e23214948e3e385e3f86d/element - {"using":"xpath","value":"//table[contains(@id, \"listView-innerSelectionPanelTable-listUl\")]/tbody/tr[24]/td[2]/div"}
RESULT: {"using":"xpath","value":"//table[contains(@id, \"listView-innerSelectionPanelTable-listUl\")]/tbody/tr[24]/td[2]/div"}
COMMAND: POST /session/22675cbf295e23214948e3e385e3f86d/element - {"using":"xpath","value":"//table[contains(@id, \"listView-innerSelectionPanelTable-listUl\")]/tbody/tr[24]/td[3]/div/div/span/span[1]/bdi"}
RESULT: {"using":"xpath","value":"//table[contains(@id, \"listView-innerSelectionPanelTable-listUl\")]/tbody/tr[24]/td[3]/div/div/span/span[1]/bdi"}
COMMAND: POST /session/22675cbf295e23214948e3e385e3f86d/execute/sync - {"script":"<script> [56 bytes]","args":[{"element-6066-11e4-a52e-4f735466cecf":"f.24B59690DB8413BEE8D229DFAEDEAD25.d.82D4DCF3F3B50CA79A44A0C61A60D86E.e.6914","ELEMENT":"f.24B59690DB8413BEE8D229DFAEDEAD25.d.82D4DCF3F3B50CA79A44A0C61A60D86E.e.6914"}]}
RESULT: {"script":"<script> [56 bytes]","args":[{"element-6066-11e4-a52e-4f735466cecf":"f.24B59690DB8413BEE8D229DFAEDEAD25.d.82D4DCF3F3B50CA79A44A0C61A60D86E.e.6914","ELEMENT":"f.24B59690DB8413BEE8D229DFAEDEAD25.d.82D4DCF3F3B50CA79A44A0C61A60D86E.e.6914"}]}
COMMAND: GET /session/22675cbf295e23214948e3e385e3f86d/element/f.24B59690DB8413BEE8D229DFAEDEAD25.d.82D4DCF3F3B50CA79A44A0C61A60D86E.e.6913/attribute/aria-checked - {}
COMMAND: GET /session/22675cbf295e23214948e3e385e3f86d/screenshot - {}
RESULT: {}
COMMAND: POST /session/22675cbf295e23214948e3e385e3f86d/element - {"using":"xpath","value":"//table[contains(@id, \"listView-innerSelectionPanelTable-listUl\")]/tbody/tr[25]/td[2]/div/div"}
RESULT: {}
RESULT: {"using":"xpath","value":"//table[contains(@id, \"listView-innerSelectionPanelTable-listUl\")]/tbody/tr[25]/td[2]/div/div"}
COMMAND: POST /session/22675cbf295e23214948e3e385e3f86d/element - {"using":"xpath","value":"//table[contains(@id, \"listView-innerSelectionPanelTable-listUl\")]/tbody/tr[25]/td[2]/div"}
RESULT: {"using":"xpath","value":"//table[contains(@id, \"listView-innerSelectionPanelTable-listUl\")]/tbody/tr[25]/td[2]/div"}
COMMAND: POST /session/22675cbf295e23214948e3e385e3f86d/element - {"using":"xpath","value":"//table[contains(@id, \"listView-innerSelectionPanelTable-listUl\")]/tbody/tr[25]/td[3]/div/div/span/span[1]/bdi"}
RESULT: {"using":"xpath","value":"//table[contains(@id, \"listView-innerSelectionPanelTable-listUl\")]/tbody/tr[25]/td[3]/div/div/span/span[1]/bdi"}
COMMAND: POST /session/22675cbf295e23214948e3e385e3f86d/execute/sync - {"script":"<script> [56 bytes]","args":[{"element-6066-11e4-a52e-4f735466cecf":"f.24B59690DB8413BEE8D229DFAEDEAD25.d.82D4DCF3F3B50CA79A44A0C61A60D86E.e.6917","ELEMENT":"f.24B59690DB8413BEE8D229DFAEDEAD25.d.82D4DCF3F3B50CA79A44A0C61A60D86E.e.6917"}]}
RESULT: {"script":"<script> [56 bytes]","args":[{"element-6066-11e4-a52e-4f735466cecf":"f.24B59690DB8413BEE8D229DFAEDEAD25.d.82D4DCF3F3B50CA79A44A0C61A60D86E.e.6917","ELEMENT":"f.24B59690DB8413BEE8D229DFAEDEAD25.d.82D4DCF3F3B50CA79A44A0C61A60D86E.e.6917"}]}
COMMAND: GET /session/22675cbf295e23214948e3e385e3f86d/element/f.24B59690DB8413BEE8D229DFAEDEAD25.d.82D4DCF3F3B50CA79A44A0C61A60D86E.e.6916/attribute/aria-checked - {}
COMMAND: GET /session/22675cbf295e23214948e3e385e3f86d/screenshot - {}
RESULT: {}
COMMAND: POST /session/22675cbf295e23214948e3e385e3f86d/element - {"using":"xpath","value":"//bdi[contains(text(), \"OK\")]"}
RESULT: {}
RESULT: {"using":"xpath","value":"//bdi[contains(text(), \"OK\")]"}
COMMAND: POST /session/22675cbf295e23214948e3e385e3f86d/element/f.24B59690DB8413BEE8D229DFAEDEAD25.d.82D4DCF3F3B50CA79A44A0C61A60D86E.e.6918/click - {}
RESULT: {}
COMMAND: GET /session/22675cbf295e23214948e3e385e3f86d/screenshot - {}
RESULT: {}
COMMAND: POST /session/22675cbf295e23214948e3e385e3f86d/execute/async - {"script":"<script> [1562 bytes]","args":[{"selector":{"id":"application-managepartners-display-component---masterPtm--smartFilterBar-filterItemControlA_-LINK_TO_ADDRESSES_MAIN.CITY1-vhi"},"wdio_ui5_key":"applicationmanagepartners-display-component---masterPtm--smartFilterBar-filterItemControlA_-LINK_TO_ADDRESSES_MAIN.CITY1-vhi"}]}
RESULT: {"script":"<script> [1562 bytes]","args":[{"selector":{"id":"application-managepartners-display-component---masterPtm--smartFilterBar-filterItemControlA_-LINK_TO_ADDRESSES_MAIN.CITY1-vhi"},"wdio_ui5_key":"applicationmanagepartners-display-component---masterPtm--smartFilterBar-filterItemControlA_-LINK_TO_ADDRESSES_MAIN.CITY1-vhi"}]}
RESULT: undefined
COMMAND: POST /session/22675cbf295e23214948e3e385e3f86d/element - {"using":"xpath","value":"//*[@id=\"application-managepartners-display-component---masterPtm--smartFilterBar-filterItemControlA_-LINK_TO_ADDRESSES_MAIN.CITY1-vhi\"]"}
RESULT: {"using":"xpath","value":"//*[@id=\"application-managepartners-display-component---masterPtm--smartFilterBar-filterItemControlA_-LINK_TO_ADDRESSES_MAIN.CITY1-vhi\"]"}
COMMAND: POST /session/22675cbf295e23214948e3e385e3f86d/element/f.24B59690DB8413BEE8D229DFAEDEAD25.d.82D4DCF3F3B50CA79A44A0C61A60D86E.e.6932/click - {}
RESULT: {}
COMMAND: GET /session/22675cbf295e23214948e3e385e3f86d/screenshot - {}
RESULT: {}
COMMAND: POST /session/22675cbf295e23214948e3e385e3f86d/execute/async - {"script":"<script> [1562 bytes]","args":[{"selector":{"controlType":"sap.m.Input","viewName":"etm.portal.ui.managepartners.view.Master","viewId":"application-managepartners-display-component---masterPtm","properties":{"valueState":"None"},"searchOpenDialogs":true,"interaction":{"idSuffix":"inner"}},"wdio_ui5_key":"etmportal.ui.managepartners.view.Mastersap.m.Input{\"valueState\":\"None\"}"}]}
RESULT: {"script":"<script> [1562 bytes]","args":[{"selector":{"controlType":"sap.m.Input","viewName":"etm.portal.ui.managepartners.view.Master","viewId":"application-managepartners-display-component---masterPtm","properties":{"valueState":"None"},"searchOpenDialogs":true,"interaction":{"idSuffix":"inner"}},"wdio_ui5_key":"etmportal.ui.managepartners.view.Mastersap.m.Input{\"valueState\":\"None\"}"}]}
RESULT: undefined
COMMAND: POST /session/22675cbf295e23214948e3e385e3f86d/execute/async - {"script":"<script> [776 bytes]","args":[{"enterText":"Bucure","selector":{"controlType":"sap.m.Input","viewName":"etm.portal.ui.managepartners.view.Master","viewId":"application-managepartners-display-component---masterPtm","properties":{"valueState":"None"},"searchOpenDialogs":true,"interaction":{"idSuffix":"inner"}},"clearTextFirst":true,"interactionType":"ENTER_TEXT"}]}
RESULT: {"script":"<script> [776 bytes]","args":[{"enterText":"Bucure","selector":{"controlType":"sap.m.Input","viewName":"etm.portal.ui.managepartners.view.Master","viewId":"application-managepartners-display-component---masterPtm","properties":{"valueState":"None"},"searchOpenDialogs":true,"interaction":{"idSuffix":"inner"}},"clearTextFirst":true,"interactionType":"ENTER_TEXT"}]}
COMMAND: POST /session/22675cbf295e23214948e3e385e3f86d/actions - {"actions":[{"id":"action21","type":"key","parameters":{},"actions":[{"type":"keyDown","value":"î€‡"},{"type":"pause","duration":10},{"type":"keyUp","value":"î€‡"}]}]}
RESULT: {"actions":[{"id":"action21","type":"key","parameters":{},"actions":[{"type":"keyDown","value":"î€‡"},{"type":"pause","duration":10},{"type":"keyUp","value":"î€‡"}]}]}
COMMAND: GET /session/22675cbf295e23214948e3e385e3f86d/screenshot - {}
RESULT: {}
COMMAND: POST /session/22675cbf295e23214948e3e385e3f86d/element - {"using":"xpath","value":"(//bdi[contains(text(), \"OK\")])[1]"}
RESULT: {"using":"xpath","value":"(//bdi[contains(text(), \"OK\")])[1]"}
COMMAND: POST /session/22675cbf295e23214948e3e385e3f86d/element/f.24B59690DB8413BEE8D229DFAEDEAD25.d.82D4DCF3F3B50CA79A44A0C61A60D86E.e.6938/click - {}
RESULT: {}
COMMAND: GET /session/22675cbf295e23214948e3e385e3f86d/screenshot - {}
RESULT: {}
COMMAND: POST /session/22675cbf295e23214948e3e385e3f86d/element - {"using":"xpath","value":"//span[@id=\"application-managepartners-display-component---masterPtm--smartTable-header-inner\"]"}
RESULT: {"using":"xpath","value":"//span[@id=\"application-managepartners-display-component---masterPtm--smartTable-header-inner\"]"}
COMMAND: POST /session/22675cbf295e23214948e3e385e3f86d/elements - {"using":"xpath","value":"//span[@id=\"application-managepartners-display-component---masterPtm--smartTable-header-inner\"]"}
RESULT: {"using":"xpath","value":"//span[@id=\"application-managepartners-display-component---masterPtm--smartTable-header-inner\"]"}
COMMAND: POST /session/22675cbf295e23214948e3e385e3f86d/execute/sync - {"script":"<script> [56 bytes]","args":[{"element-6066-11e4-a52e-4f735466cecf":"f.24B59690DB8413BEE8D229DFAEDEAD25.d.82D4DCF3F3B50CA79A44A0C61A60D86E.e.5985","ELEMENT":"f.24B59690DB8413BEE8D229DFAEDEAD25.d.82D4DCF3F3B50CA79A44A0C61A60D86E.e.5985"}]}
RESULT: {"script":"<script> [56 bytes]","args":[{"element-6066-11e4-a52e-4f735466cecf":"f.24B59690DB8413BEE8D229DFAEDEAD25.d.82D4DCF3F3B50CA79A44A0C61A60D86E.e.5985","ELEMENT":"f.24B59690DB8413BEE8D229DFAEDEAD25.d.82D4DCF3F3B50CA79A44A0C61A60D86E.e.5985"}]}
COMMAND: POST /session/22675cbf295e23214948e3e385e3f86d/element - {"using":"xpath","value":"//span[contains(@title, \"Remove\")]"}
COMMAND: GET /session/22675cbf295e23214948e3e385e3f86d/screenshot - {}
RESULT: {"using":"xpath","value":"//span[contains(@title, \"Remove\")]"}
COMMAND: POST /session/22675cbf295e23214948e3e385e3f86d/element/f.24B59690DB8413BEE8D229DFAEDEAD25.d.82D4DCF3F3B50CA79A44A0C61A60D86E.e.7010/click - {}
RESULT: {}
RESULT: {}
COMMAND: GET /session/22675cbf295e23214948e3e385e3f86d/screenshot - {}
COMMAND: POST /session/22675cbf295e23214948e3e385e3f86d/element - {"using":"xpath","value":"//span[@id=\"application-managepartners-display-component---masterPtm--smartTable-header-inner\"]"}
RESULT: {}
RESULT: {"using":"xpath","value":"//span[@id=\"application-managepartners-display-component---masterPtm--smartTable-header-inner\"]"}
COMMAND: POST /session/22675cbf295e23214948e3e385e3f86d/elements - {"using":"xpath","value":"//span[@id=\"application-managepartners-display-component---masterPtm--smartTable-header-inner\"]"}
RESULT: {"using":"xpath","value":"//span[@id=\"application-managepartners-display-component---masterPtm--smartTable-header-inner\"]"}
COMMAND: POST /session/22675cbf295e23214948e3e385e3f86d/execute/sync - {"script":"<script> [56 bytes]","args":[{"element-6066-11e4-a52e-4f735466cecf":"f.24B59690DB8413BEE8D229DFAEDEAD25.d.82D4DCF3F3B50CA79A44A0C61A60D86E.e.5985","ELEMENT":"f.24B59690DB8413BEE8D229DFAEDEAD25.d.82D4DCF3F3B50CA79A44A0C61A60D86E.e.5985"}]}
RESULT: {"script":"<script> [56 bytes]","args":[{"element-6066-11e4-a52e-4f735466cecf":"f.24B59690DB8413BEE8D229DFAEDEAD25.d.82D4DCF3F3B50CA79A44A0C61A60D86E.e.5985","ELEMENT":"f.24B59690DB8413BEE8D229DFAEDEAD25.d.82D4DCF3F3B50CA79A44A0C61A60D86E.e.5985"}]}
COMMAND: POST /session/22675cbf295e23214948e3e385e3f86d/element - {"using":"css selector","value":"#shell-header-logo"}
COMMAND: GET /session/22675cbf295e23214948e3e385e3f86d/screenshot - {}
RESULT: {"using":"css selector","value":"#shell-header-logo"}
COMMAND: POST /session/22675cbf295e23214948e3e385e3f86d/element/f.24B59690DB8413BEE8D229DFAEDEAD25.d.82D4DCF3F3B50CA79A44A0C61A60D86E.e.5817/click - {}
RESULT: {}
RESULT: {}
COMMAND: GET /session/22675cbf295e23214948e3e385e3f86d/screenshot - {}
RESULT: {}
]]></system-out>
    </testcase>
    <testcase classname="chrome.136_0_7103_93.windows.Partner_specific_tests_US150819_US151080_US151654_US151176_US103444_US151078_US151079_US151109_US151174_US151175_US151189" name="Should try to save empty partner US151174" time="52.85">
      <system-out><![CDATA[
COMMAND: POST /session/22675cbf295e23214948e3e385e3f86d/element - {"using":"xpath","value":"//li[.//span[text()=\"Manage Partners\"]]"}
RESULT: {"using":"xpath","value":"//li[.//span[text()=\"Manage Partners\"]]"}
COMMAND: POST /session/22675cbf295e23214948e3e385e3f86d/element - {"using":"xpath","value":"//li[.//span[text()=\"Manage Partners\"]]"}
RESULT: {"using":"xpath","value":"//li[.//span[text()=\"Manage Partners\"]]"}
COMMAND: POST /session/22675cbf295e23214948e3e385e3f86d/element - {"using":"css selector","value":"#shell-header-logo"}
RESULT: {"using":"css selector","value":"#shell-header-logo"}
COMMAND: POST /session/22675cbf295e23214948e3e385e3f86d/element/f.24B59690DB8413BEE8D229DFAEDEAD25.d.82D4DCF3F3B50CA79A44A0C61A60D86E.e.7105/click - {}
COMMAND: POST /session/22675cbf295e23214948e3e385e3f86d/execute/sync - {"script":"<script> [8489 bytes]","args":[{"element-6066-11e4-a52e-4f735466cecf":"f.24B59690DB8413BEE8D229DFAEDEAD25.d.82D4DCF3F3B50CA79A44A0C61A60D86E.e.7105","ELEMENT":"f.24B59690DB8413BEE8D229DFAEDEAD25.d.82D4DCF3F3B50CA79A44A0C61A60D86E.e.7105"}]}
RESULT: {}
COMMAND: GET /session/22675cbf295e23214948e3e385e3f86d/screenshot - {}
RESULT: {"script":"<script> [8489 bytes]","args":[{"element-6066-11e4-a52e-4f735466cecf":"f.24B59690DB8413BEE8D229DFAEDEAD25.d.82D4DCF3F3B50CA79A44A0C61A60D86E.e.7105","ELEMENT":"f.24B59690DB8413BEE8D229DFAEDEAD25.d.82D4DCF3F3B50CA79A44A0C61A60D86E.e.7105"}]}
COMMAND: POST /session/22675cbf295e23214948e3e385e3f86d/execute/sync - {"script":"<script> [5351 bytes]","args":[{"element-6066-11e4-a52e-4f735466cecf":"f.24B59690DB8413BEE8D229DFAEDEAD25.d.82D4DCF3F3B50CA79A44A0C61A60D86E.e.7105","ELEMENT":"f.24B59690DB8413BEE8D229DFAEDEAD25.d.82D4DCF3F3B50CA79A44A0C61A60D86E.e.7105"}]}
COMMAND: GET /session/22675cbf295e23214948e3e385e3f86d/screenshot - {}
RESULT: {}
RESULT: {"script":"<script> [5351 bytes]","args":[{"element-6066-11e4-a52e-4f735466cecf":"f.24B59690DB8413BEE8D229DFAEDEAD25.d.82D4DCF3F3B50CA79A44A0C61A60D86E.e.7105","ELEMENT":"f.24B59690DB8413BEE8D229DFAEDEAD25.d.82D4DCF3F3B50CA79A44A0C61A60D86E.e.7105"}]}
COMMAND: GET /session/22675cbf295e23214948e3e385e3f86d/screenshot - {}
RESULT: {}
RESULT: {}
RESULT: undefined
COMMAND: POST /session/22675cbf295e23214948e3e385e3f86d/element - {"using":"xpath","value":"//*[@id=\"__tile30\"]"}
RESULT: {"using":"xpath","value":"//*[@id=\"__tile30\"]"}
COMMAND: POST /session/22675cbf295e23214948e3e385e3f86d/element/f.24B59690DB8413BEE8D229DFAEDEAD25.d.82D4DCF3F3B50CA79A44A0C61A60D86E.e.4487/click - {}
RESULT: {}
COMMAND: GET /session/22675cbf295e23214948e3e385e3f86d/screenshot - {}
RESULT: {}
COMMAND: POST /session/22675cbf295e23214948e3e385e3f86d/elements - {"using":"xpath","value":"//span[text()='Error']"}
RESULT: {"using":"xpath","value":"//span[text()='Error']"}
COMMAND: POST /session/22675cbf295e23214948e3e385e3f86d/element - {"using":"xpath","value":"//button[@data-kt=\"addButton\"]"}
RESULT: {"using":"xpath","value":"//button[@data-kt=\"addButton\"]"}
COMMAND: POST /session/22675cbf295e23214948e3e385e3f86d/elements - {"using":"xpath","value":"//button[@data-kt=\"addButton\"]"}
RESULT: {"using":"xpath","value":"//button[@data-kt=\"addButton\"]"}
COMMAND: POST /session/22675cbf295e23214948e3e385e3f86d/execute/sync - {"script":"<script> [8489 bytes]","args":[{"element-6066-11e4-a52e-4f735466cecf":"f.24B59690DB8413BEE8D229DFAEDEAD25.d.82D4DCF3F3B50CA79A44A0C61A60D86E.e.7150","ELEMENT":"f.24B59690DB8413BEE8D229DFAEDEAD25.d.82D4DCF3F3B50CA79A44A0C61A60D86E.e.7150"}]}
RESULT: {"script":"<script> [8489 bytes]","args":[{"element-6066-11e4-a52e-4f735466cecf":"f.24B59690DB8413BEE8D229DFAEDEAD25.d.82D4DCF3F3B50CA79A44A0C61A60D86E.e.7150","ELEMENT":"f.24B59690DB8413BEE8D229DFAEDEAD25.d.82D4DCF3F3B50CA79A44A0C61A60D86E.e.7150"}]}
COMMAND: GET /session/22675cbf295e23214948e3e385e3f86d/element/f.24B59690DB8413BEE8D229DFAEDEAD25.d.82D4DCF3F3B50CA79A44A0C61A60D86E.e.7150/enabled - {}
COMMAND: GET /session/22675cbf295e23214948e3e385e3f86d/screenshot - {}
RESULT: {}
COMMAND: POST /session/22675cbf295e23214948e3e385e3f86d/execute/sync - {"script":"<script> [8489 bytes]","args":[{"element-6066-11e4-a52e-4f735466cecf":"f.24B59690DB8413BEE8D229DFAEDEAD25.d.82D4DCF3F3B50CA79A44A0C61A60D86E.e.7150","ELEMENT":"f.24B59690DB8413BEE8D229DFAEDEAD25.d.82D4DCF3F3B50CA79A44A0C61A60D86E.e.7150"}]}
COMMAND: GET /session/22675cbf295e23214948e3e385e3f86d/screenshot - {}
RESULT: {}
RESULT: {}
RESULT: {"script":"<script> [8489 bytes]","args":[{"element-6066-11e4-a52e-4f735466cecf":"f.24B59690DB8413BEE8D229DFAEDEAD25.d.82D4DCF3F3B50CA79A44A0C61A60D86E.e.7150","ELEMENT":"f.24B59690DB8413BEE8D229DFAEDEAD25.d.82D4DCF3F3B50CA79A44A0C61A60D86E.e.7150"}]}
COMMAND: POST /session/22675cbf295e23214948e3e385e3f86d/execute/sync - {"script":"<script> [5351 bytes]","args":[{"element-6066-11e4-a52e-4f735466cecf":"f.24B59690DB8413BEE8D229DFAEDEAD25.d.82D4DCF3F3B50CA79A44A0C61A60D86E.e.7150","ELEMENT":"f.24B59690DB8413BEE8D229DFAEDEAD25.d.82D4DCF3F3B50CA79A44A0C61A60D86E.e.7150"}]}
COMMAND: GET /session/22675cbf295e23214948e3e385e3f86d/screenshot - {}
RESULT: {}
RESULT: {"script":"<script> [5351 bytes]","args":[{"element-6066-11e4-a52e-4f735466cecf":"f.24B59690DB8413BEE8D229DFAEDEAD25.d.82D4DCF3F3B50CA79A44A0C61A60D86E.e.7150","ELEMENT":"f.24B59690DB8413BEE8D229DFAEDEAD25.d.82D4DCF3F3B50CA79A44A0C61A60D86E.e.7150"}]}
COMMAND: POST /session/22675cbf295e23214948e3e385e3f86d/element/f.24B59690DB8413BEE8D229DFAEDEAD25.d.82D4DCF3F3B50CA79A44A0C61A60D86E.e.7150/click - {}
COMMAND: GET /session/22675cbf295e23214948e3e385e3f86d/screenshot - {}
RESULT: {}
COMMAND: GET /session/22675cbf295e23214948e3e385e3f86d/screenshot - {}
COMMAND: POST /session/22675cbf295e23214948e3e385e3f86d/element - {"using":"xpath","value":"//button[@data-kt=\"saveButton\"]"}
RESULT: {}
RESULT: {}
RESULT: {"using":"xpath","value":"//button[@data-kt=\"saveButton\"]"}
COMMAND: POST /session/22675cbf295e23214948e3e385e3f86d/element/f.24B59690DB8413BEE8D229DFAEDEAD25.d.82D4DCF3F3B50CA79A44A0C61A60D86E.e.7488/click - {}
RESULT: {}
COMMAND: GET /session/22675cbf295e23214948e3e385e3f86d/screenshot - {}
RESULT: {}
COMMAND: POST /session/22675cbf295e23214948e3e385e3f86d/element - {"using":"xpath","value":"//span[contains(@class, \"sapMMsgBoxText\")]"}
RESULT: {"using":"xpath","value":"//span[contains(@class, \"sapMMsgBoxText\")]"}
COMMAND: POST /session/22675cbf295e23214948e3e385e3f86d/execute/sync - {"script":"<script> [56 bytes]","args":[{"element-6066-11e4-a52e-4f735466cecf":"f.24B59690DB8413BEE8D229DFAEDEAD25.d.82D4DCF3F3B50CA79A44A0C61A60D86E.e.7575","ELEMENT":"f.24B59690DB8413BEE8D229DFAEDEAD25.d.82D4DCF3F3B50CA79A44A0C61A60D86E.e.7575"}]}
RESULT: {"script":"<script> [56 bytes]","args":[{"element-6066-11e4-a52e-4f735466cecf":"f.24B59690DB8413BEE8D229DFAEDEAD25.d.82D4DCF3F3B50CA79A44A0C61A60D86E.e.7575","ELEMENT":"f.24B59690DB8413BEE8D229DFAEDEAD25.d.82D4DCF3F3B50CA79A44A0C61A60D86E.e.7575"}]}
COMMAND: POST /session/22675cbf295e23214948e3e385e3f86d/element - {"using":"xpath","value":"(//bdi[contains(text(), \"Close\")])[1]"}
COMMAND: POST /session/22675cbf295e23214948e3e385e3f86d/elements - {"using":"xpath","value":"//span[contains(@class, \"sapMMsgBoxText\")]"}
COMMAND: GET /session/22675cbf295e23214948e3e385e3f86d/screenshot - {}
RESULT: {"using":"xpath","value":"//span[contains(@class, \"sapMMsgBoxText\")]"}
RESULT: {"using":"xpath","value":"(//bdi[contains(text(), \"Close\")])[1]"}
COMMAND: POST /session/22675cbf295e23214948e3e385e3f86d/element/f.24B59690DB8413BEE8D229DFAEDEAD25.d.82D4DCF3F3B50CA79A44A0C61A60D86E.e.7576/click - {}
RESULT: {}
RESULT: {}
COMMAND: GET /session/22675cbf295e23214948e3e385e3f86d/screenshot - {}
RESULT: {}
COMMAND: POST /session/22675cbf295e23214948e3e385e3f86d/element - {"using":"css selector","value":"#shell-header-logo"}
RESULT: {"using":"css selector","value":"#shell-header-logo"}
COMMAND: POST /session/22675cbf295e23214948e3e385e3f86d/element/f.24B59690DB8413BEE8D229DFAEDEAD25.d.82D4DCF3F3B50CA79A44A0C61A60D86E.e.7105/click - {}
RESULT: {}
COMMAND: GET /session/22675cbf295e23214948e3e385e3f86d/screenshot - {}
RESULT: {}
]]></system-out>
    </testcase>
    <testcase classname="chrome.136_0_7103_93.windows.Partner_specific_tests_US150819_US151080_US151654_US151176_US103444_US151078_US151079_US151109_US151174_US151175_US151189" name="Should do various searches US151175" time="162.557">
      <system-out><![CDATA[
COMMAND: POST /session/22675cbf295e23214948e3e385e3f86d/element - {"using":"xpath","value":"//li[.//span[text()=\"Manage Partners\"]]"}
RESULT: {"using":"xpath","value":"//li[.//span[text()=\"Manage Partners\"]]"}
COMMAND: POST /session/22675cbf295e23214948e3e385e3f86d/element - {"using":"xpath","value":"//li[.//span[text()=\"Manage Partners\"]]"}
RESULT: {"using":"xpath","value":"//li[.//span[text()=\"Manage Partners\"]]"}
COMMAND: POST /session/22675cbf295e23214948e3e385e3f86d/element - {"using":"css selector","value":"#shell-header-logo"}
RESULT: {"using":"css selector","value":"#shell-header-logo"}
COMMAND: POST /session/22675cbf295e23214948e3e385e3f86d/element/f.24B59690DB8413BEE8D229DFAEDEAD25.d.82D4DCF3F3B50CA79A44A0C61A60D86E.e.7578/click - {}
COMMAND: POST /session/22675cbf295e23214948e3e385e3f86d/execute/sync - {"script":"<script> [8489 bytes]","args":[{"element-6066-11e4-a52e-4f735466cecf":"f.24B59690DB8413BEE8D229DFAEDEAD25.d.82D4DCF3F3B50CA79A44A0C61A60D86E.e.7578","ELEMENT":"f.24B59690DB8413BEE8D229DFAEDEAD25.d.82D4DCF3F3B50CA79A44A0C61A60D86E.e.7578"}]}
RESULT: {}
COMMAND: GET /session/22675cbf295e23214948e3e385e3f86d/screenshot - {}
RESULT: {"script":"<script> [8489 bytes]","args":[{"element-6066-11e4-a52e-4f735466cecf":"f.24B59690DB8413BEE8D229DFAEDEAD25.d.82D4DCF3F3B50CA79A44A0C61A60D86E.e.7578","ELEMENT":"f.24B59690DB8413BEE8D229DFAEDEAD25.d.82D4DCF3F3B50CA79A44A0C61A60D86E.e.7578"}]}
COMMAND: POST /session/22675cbf295e23214948e3e385e3f86d/execute/sync - {"script":"<script> [5351 bytes]","args":[{"element-6066-11e4-a52e-4f735466cecf":"f.24B59690DB8413BEE8D229DFAEDEAD25.d.82D4DCF3F3B50CA79A44A0C61A60D86E.e.7578","ELEMENT":"f.24B59690DB8413BEE8D229DFAEDEAD25.d.82D4DCF3F3B50CA79A44A0C61A60D86E.e.7578"}]}
COMMAND: GET /session/22675cbf295e23214948e3e385e3f86d/screenshot - {}
RESULT: {}
RESULT: {"script":"<script> [5351 bytes]","args":[{"element-6066-11e4-a52e-4f735466cecf":"f.24B59690DB8413BEE8D229DFAEDEAD25.d.82D4DCF3F3B50CA79A44A0C61A60D86E.e.7578","ELEMENT":"f.24B59690DB8413BEE8D229DFAEDEAD25.d.82D4DCF3F3B50CA79A44A0C61A60D86E.e.7578"}]}
COMMAND: GET /session/22675cbf295e23214948e3e385e3f86d/screenshot - {}
RESULT: {}
RESULT: {}
RESULT: undefined
COMMAND: POST /session/22675cbf295e23214948e3e385e3f86d/element - {"using":"xpath","value":"//*[@id=\"__tile30\"]"}
RESULT: {"using":"xpath","value":"//*[@id=\"__tile30\"]"}
COMMAND: POST /session/22675cbf295e23214948e3e385e3f86d/element/f.24B59690DB8413BEE8D229DFAEDEAD25.d.82D4DCF3F3B50CA79A44A0C61A60D86E.e.4487/click - {}
RESULT: {}
COMMAND: GET /session/22675cbf295e23214948e3e385e3f86d/screenshot - {}
RESULT: {}
COMMAND: POST /session/22675cbf295e23214948e3e385e3f86d/elements - {"using":"xpath","value":"//span[text()='Error']"}
RESULT: {"using":"xpath","value":"//span[text()='Error']"}
COMMAND: POST /session/22675cbf295e23214948e3e385e3f86d/element - {"using":"xpath","value":"//button[@data-kt=\"addButton\"]"}
RESULT: {"using":"xpath","value":"//button[@data-kt=\"addButton\"]"}
COMMAND: POST /session/22675cbf295e23214948e3e385e3f86d/elements - {"using":"xpath","value":"//button[@data-kt=\"addButton\"]"}
RESULT: {"using":"xpath","value":"//button[@data-kt=\"addButton\"]"}
COMMAND: POST /session/22675cbf295e23214948e3e385e3f86d/execute/sync - {"script":"<script> [8489 bytes]","args":[{"element-6066-11e4-a52e-4f735466cecf":"f.24B59690DB8413BEE8D229DFAEDEAD25.d.82D4DCF3F3B50CA79A44A0C61A60D86E.e.7624","ELEMENT":"f.24B59690DB8413BEE8D229DFAEDEAD25.d.82D4DCF3F3B50CA79A44A0C61A60D86E.e.7624"}]}
RESULT: {"script":"<script> [8489 bytes]","args":[{"element-6066-11e4-a52e-4f735466cecf":"f.24B59690DB8413BEE8D229DFAEDEAD25.d.82D4DCF3F3B50CA79A44A0C61A60D86E.e.7624","ELEMENT":"f.24B59690DB8413BEE8D229DFAEDEAD25.d.82D4DCF3F3B50CA79A44A0C61A60D86E.e.7624"}]}
COMMAND: GET /session/22675cbf295e23214948e3e385e3f86d/element/f.24B59690DB8413BEE8D229DFAEDEAD25.d.82D4DCF3F3B50CA79A44A0C61A60D86E.e.7624/enabled - {}
COMMAND: GET /session/22675cbf295e23214948e3e385e3f86d/screenshot - {}
RESULT: {}
COMMAND: POST /session/22675cbf295e23214948e3e385e3f86d/execute/sync - {"script":"<script> [8489 bytes]","args":[{"element-6066-11e4-a52e-4f735466cecf":"f.24B59690DB8413BEE8D229DFAEDEAD25.d.82D4DCF3F3B50CA79A44A0C61A60D86E.e.7624","ELEMENT":"f.24B59690DB8413BEE8D229DFAEDEAD25.d.82D4DCF3F3B50CA79A44A0C61A60D86E.e.7624"}]}
COMMAND: GET /session/22675cbf295e23214948e3e385e3f86d/screenshot - {}
RESULT: {}
RESULT: {"script":"<script> [8489 bytes]","args":[{"element-6066-11e4-a52e-4f735466cecf":"f.24B59690DB8413BEE8D229DFAEDEAD25.d.82D4DCF3F3B50CA79A44A0C61A60D86E.e.7624","ELEMENT":"f.24B59690DB8413BEE8D229DFAEDEAD25.d.82D4DCF3F3B50CA79A44A0C61A60D86E.e.7624"}]}
COMMAND: POST /session/22675cbf295e23214948e3e385e3f86d/execute/sync - {"script":"<script> [5351 bytes]","args":[{"element-6066-11e4-a52e-4f735466cecf":"f.24B59690DB8413BEE8D229DFAEDEAD25.d.82D4DCF3F3B50CA79A44A0C61A60D86E.e.7624","ELEMENT":"f.24B59690DB8413BEE8D229DFAEDEAD25.d.82D4DCF3F3B50CA79A44A0C61A60D86E.e.7624"}]}
COMMAND: GET /session/22675cbf295e23214948e3e385e3f86d/screenshot - {}
RESULT: {}
RESULT: {"script":"<script> [5351 bytes]","args":[{"element-6066-11e4-a52e-4f735466cecf":"f.24B59690DB8413BEE8D229DFAEDEAD25.d.82D4DCF3F3B50CA79A44A0C61A60D86E.e.7624","ELEMENT":"f.24B59690DB8413BEE8D229DFAEDEAD25.d.82D4DCF3F3B50CA79A44A0C61A60D86E.e.7624"}]}
COMMAND: GET /session/22675cbf295e23214948e3e385e3f86d/screenshot - {}
RESULT: {}
RESULT: {}
COMMAND: POST /session/22675cbf295e23214948e3e385e3f86d/element - {"using":"xpath","value":"//span[@id=\"application-managepartners-display-component---masterPtm--smartTable-header-inner\"]"}
RESULT: {"using":"xpath","value":"//span[@id=\"application-managepartners-display-component---masterPtm--smartTable-header-inner\"]"}
COMMAND: POST /session/22675cbf295e23214948e3e385e3f86d/elements - {"using":"xpath","value":"//span[@id=\"application-managepartners-display-component---masterPtm--smartTable-header-inner\"]"}
RESULT: {"using":"xpath","value":"//span[@id=\"application-managepartners-display-component---masterPtm--smartTable-header-inner\"]"}
COMMAND: POST /session/22675cbf295e23214948e3e385e3f86d/execute/sync - {"script":"<script> [56 bytes]","args":[{"element-6066-11e4-a52e-4f735466cecf":"f.24B59690DB8413BEE8D229DFAEDEAD25.d.82D4DCF3F3B50CA79A44A0C61A60D86E.e.7751","ELEMENT":"f.24B59690DB8413BEE8D229DFAEDEAD25.d.82D4DCF3F3B50CA79A44A0C61A60D86E.e.7751"}]}
RESULT: {"script":"<script> [56 bytes]","args":[{"element-6066-11e4-a52e-4f735466cecf":"f.24B59690DB8413BEE8D229DFAEDEAD25.d.82D4DCF3F3B50CA79A44A0C61A60D86E.e.7751","ELEMENT":"f.24B59690DB8413BEE8D229DFAEDEAD25.d.82D4DCF3F3B50CA79A44A0C61A60D86E.e.7751"}]}
RESULT: undefined
COMMAND: POST /session/22675cbf295e23214948e3e385e3f86d/element - {"using":"xpath","value":"//*[@id=\"application-managepartners-display-component---masterPtm--smartFilterBar-btnFilters\"]"}
COMMAND: GET /session/22675cbf295e23214948e3e385e3f86d/screenshot - {}
RESULT: {"using":"xpath","value":"//*[@id=\"application-managepartners-display-component---masterPtm--smartFilterBar-btnFilters\"]"}
COMMAND: POST /session/22675cbf295e23214948e3e385e3f86d/element/f.24B59690DB8413BEE8D229DFAEDEAD25.d.82D4DCF3F3B50CA79A44A0C61A60D86E.e.7588/click - {}
RESULT: {}
RESULT: {}
COMMAND: GET /session/22675cbf295e23214948e3e385e3f86d/screenshot - {}
RESULT: {}
COMMAND: POST /session/22675cbf295e23214948e3e385e3f86d/elements - {"using":"xpath","value":"//table[contains(@id, \"listView-innerSelectionPanelTable-listUl\")]/tbody/tr"}
RESULT: {"using":"xpath","value":"//table[contains(@id, \"listView-innerSelectionPanelTable-listUl\")]/tbody/tr"}
COMMAND: POST /session/22675cbf295e23214948e3e385e3f86d/element - {"using":"xpath","value":"//table[contains(@id, \"listView-innerSelectionPanelTable-listUl\")]/tbody/tr[2]/td[2]/div/div"}
RESULT: {"using":"xpath","value":"//table[contains(@id, \"listView-innerSelectionPanelTable-listUl\")]/tbody/tr[2]/td[2]/div/div"}
COMMAND: POST /session/22675cbf295e23214948e3e385e3f86d/element - {"using":"xpath","value":"//table[contains(@id, \"listView-innerSelectionPanelTable-listUl\")]/tbody/tr[2]/td[2]/div"}
RESULT: {"using":"xpath","value":"//table[contains(@id, \"listView-innerSelectionPanelTable-listUl\")]/tbody/tr[2]/td[2]/div"}
COMMAND: POST /session/22675cbf295e23214948e3e385e3f86d/element - {"using":"xpath","value":"//table[contains(@id, \"listView-innerSelectionPanelTable-listUl\")]/tbody/tr[2]/td[3]/div/div/span/span[1]/bdi"}
RESULT: {"using":"xpath","value":"//table[contains(@id, \"listView-innerSelectionPanelTable-listUl\")]/tbody/tr[2]/td[3]/div/div/span/span[1]/bdi"}
COMMAND: POST /session/22675cbf295e23214948e3e385e3f86d/execute/sync - {"script":"<script> [56 bytes]","args":[{"element-6066-11e4-a52e-4f735466cecf":"f.24B59690DB8413BEE8D229DFAEDEAD25.d.82D4DCF3F3B50CA79A44A0C61A60D86E.e.7819","ELEMENT":"f.24B59690DB8413BEE8D229DFAEDEAD25.d.82D4DCF3F3B50CA79A44A0C61A60D86E.e.7819"}]}
RESULT: {"script":"<script> [56 bytes]","args":[{"element-6066-11e4-a52e-4f735466cecf":"f.24B59690DB8413BEE8D229DFAEDEAD25.d.82D4DCF3F3B50CA79A44A0C61A60D86E.e.7819","ELEMENT":"f.24B59690DB8413BEE8D229DFAEDEAD25.d.82D4DCF3F3B50CA79A44A0C61A60D86E.e.7819"}]}
COMMAND: GET /session/22675cbf295e23214948e3e385e3f86d/element/f.24B59690DB8413BEE8D229DFAEDEAD25.d.82D4DCF3F3B50CA79A44A0C61A60D86E.e.7818/attribute/aria-checked - {}
COMMAND: GET /session/22675cbf295e23214948e3e385e3f86d/screenshot - {}
RESULT: {}
COMMAND: POST /session/22675cbf295e23214948e3e385e3f86d/element - {"using":"xpath","value":"//table[contains(@id, \"listView-innerSelectionPanelTable-listUl\")]/tbody/tr[3]/td[2]/div/div"}
RESULT: {}
RESULT: {"using":"xpath","value":"//table[contains(@id, \"listView-innerSelectionPanelTable-listUl\")]/tbody/tr[3]/td[2]/div/div"}
COMMAND: POST /session/22675cbf295e23214948e3e385e3f86d/element - {"using":"xpath","value":"//table[contains(@id, \"listView-innerSelectionPanelTable-listUl\")]/tbody/tr[3]/td[2]/div"}
RESULT: {"using":"xpath","value":"//table[contains(@id, \"listView-innerSelectionPanelTable-listUl\")]/tbody/tr[3]/td[2]/div"}
COMMAND: POST /session/22675cbf295e23214948e3e385e3f86d/element - {"using":"xpath","value":"//table[contains(@id, \"listView-innerSelectionPanelTable-listUl\")]/tbody/tr[3]/td[3]/div/div/span/span[1]/bdi"}
RESULT: {"using":"xpath","value":"//table[contains(@id, \"listView-innerSelectionPanelTable-listUl\")]/tbody/tr[3]/td[3]/div/div/span/span[1]/bdi"}
COMMAND: POST /session/22675cbf295e23214948e3e385e3f86d/execute/sync - {"script":"<script> [56 bytes]","args":[{"element-6066-11e4-a52e-4f735466cecf":"f.24B59690DB8413BEE8D229DFAEDEAD25.d.82D4DCF3F3B50CA79A44A0C61A60D86E.e.7822","ELEMENT":"f.24B59690DB8413BEE8D229DFAEDEAD25.d.82D4DCF3F3B50CA79A44A0C61A60D86E.e.7822"}]}
RESULT: {"script":"<script> [56 bytes]","args":[{"element-6066-11e4-a52e-4f735466cecf":"f.24B59690DB8413BEE8D229DFAEDEAD25.d.82D4DCF3F3B50CA79A44A0C61A60D86E.e.7822","ELEMENT":"f.24B59690DB8413BEE8D229DFAEDEAD25.d.82D4DCF3F3B50CA79A44A0C61A60D86E.e.7822"}]}
COMMAND: GET /session/22675cbf295e23214948e3e385e3f86d/element/f.24B59690DB8413BEE8D229DFAEDEAD25.d.82D4DCF3F3B50CA79A44A0C61A60D86E.e.7821/attribute/aria-checked - {}
COMMAND: GET /session/22675cbf295e23214948e3e385e3f86d/screenshot - {}
RESULT: {}
COMMAND: POST /session/22675cbf295e23214948e3e385e3f86d/element - {"using":"xpath","value":"//table[contains(@id, \"listView-innerSelectionPanelTable-listUl\")]/tbody/tr[4]/td[2]/div/div"}
RESULT: {}
RESULT: {"using":"xpath","value":"//table[contains(@id, \"listView-innerSelectionPanelTable-listUl\")]/tbody/tr[4]/td[2]/div/div"}
COMMAND: POST /session/22675cbf295e23214948e3e385e3f86d/element - {"using":"xpath","value":"//table[contains(@id, \"listView-innerSelectionPanelTable-listUl\")]/tbody/tr[4]/td[2]/div"}
RESULT: {"using":"xpath","value":"//table[contains(@id, \"listView-innerSelectionPanelTable-listUl\")]/tbody/tr[4]/td[2]/div"}
COMMAND: POST /session/22675cbf295e23214948e3e385e3f86d/element - {"using":"xpath","value":"//table[contains(@id, \"listView-innerSelectionPanelTable-listUl\")]/tbody/tr[4]/td[3]/div/div/span/span[1]/bdi"}
RESULT: {"using":"xpath","value":"//table[contains(@id, \"listView-innerSelectionPanelTable-listUl\")]/tbody/tr[4]/td[3]/div/div/span/span[1]/bdi"}
COMMAND: POST /session/22675cbf295e23214948e3e385e3f86d/execute/sync - {"script":"<script> [56 bytes]","args":[{"element-6066-11e4-a52e-4f735466cecf":"f.24B59690DB8413BEE8D229DFAEDEAD25.d.82D4DCF3F3B50CA79A44A0C61A60D86E.e.7825","ELEMENT":"f.24B59690DB8413BEE8D229DFAEDEAD25.d.82D4DCF3F3B50CA79A44A0C61A60D86E.e.7825"}]}
RESULT: {"script":"<script> [56 bytes]","args":[{"element-6066-11e4-a52e-4f735466cecf":"f.24B59690DB8413BEE8D229DFAEDEAD25.d.82D4DCF3F3B50CA79A44A0C61A60D86E.e.7825","ELEMENT":"f.24B59690DB8413BEE8D229DFAEDEAD25.d.82D4DCF3F3B50CA79A44A0C61A60D86E.e.7825"}]}
COMMAND: GET /session/22675cbf295e23214948e3e385e3f86d/element/f.24B59690DB8413BEE8D229DFAEDEAD25.d.82D4DCF3F3B50CA79A44A0C61A60D86E.e.7824/attribute/aria-checked - {}
COMMAND: GET /session/22675cbf295e23214948e3e385e3f86d/screenshot - {}
RESULT: {}
COMMAND: POST /session/22675cbf295e23214948e3e385e3f86d/element - {"using":"xpath","value":"//table[contains(@id, \"listView-innerSelectionPanelTable-listUl\")]/tbody/tr[5]/td[2]/div/div"}
RESULT: {}
RESULT: {"using":"xpath","value":"//table[contains(@id, \"listView-innerSelectionPanelTable-listUl\")]/tbody/tr[5]/td[2]/div/div"}
COMMAND: POST /session/22675cbf295e23214948e3e385e3f86d/element - {"using":"xpath","value":"//table[contains(@id, \"listView-innerSelectionPanelTable-listUl\")]/tbody/tr[5]/td[2]/div"}
RESULT: {"using":"xpath","value":"//table[contains(@id, \"listView-innerSelectionPanelTable-listUl\")]/tbody/tr[5]/td[2]/div"}
COMMAND: POST /session/22675cbf295e23214948e3e385e3f86d/element - {"using":"xpath","value":"//table[contains(@id, \"listView-innerSelectionPanelTable-listUl\")]/tbody/tr[5]/td[3]/div/div/span/span[1]/bdi"}
RESULT: {"using":"xpath","value":"//table[contains(@id, \"listView-innerSelectionPanelTable-listUl\")]/tbody/tr[5]/td[3]/div/div/span/span[1]/bdi"}
COMMAND: POST /session/22675cbf295e23214948e3e385e3f86d/execute/sync - {"script":"<script> [56 bytes]","args":[{"element-6066-11e4-a52e-4f735466cecf":"f.24B59690DB8413BEE8D229DFAEDEAD25.d.82D4DCF3F3B50CA79A44A0C61A60D86E.e.7828","ELEMENT":"f.24B59690DB8413BEE8D229DFAEDEAD25.d.82D4DCF3F3B50CA79A44A0C61A60D86E.e.7828"}]}
RESULT: {"script":"<script> [56 bytes]","args":[{"element-6066-11e4-a52e-4f735466cecf":"f.24B59690DB8413BEE8D229DFAEDEAD25.d.82D4DCF3F3B50CA79A44A0C61A60D86E.e.7828","ELEMENT":"f.24B59690DB8413BEE8D229DFAEDEAD25.d.82D4DCF3F3B50CA79A44A0C61A60D86E.e.7828"}]}
COMMAND: GET /session/22675cbf295e23214948e3e385e3f86d/element/f.24B59690DB8413BEE8D229DFAEDEAD25.d.82D4DCF3F3B50CA79A44A0C61A60D86E.e.7827/attribute/aria-checked - {}
COMMAND: GET /session/22675cbf295e23214948e3e385e3f86d/screenshot - {}
RESULT: {}
COMMAND: POST /session/22675cbf295e23214948e3e385e3f86d/element - {"using":"xpath","value":"//table[contains(@id, \"listView-innerSelectionPanelTable-listUl\")]/tbody/tr[6]/td[2]/div/div"}
RESULT: {}
RESULT: {"using":"xpath","value":"//table[contains(@id, \"listView-innerSelectionPanelTable-listUl\")]/tbody/tr[6]/td[2]/div/div"}
COMMAND: POST /session/22675cbf295e23214948e3e385e3f86d/element - {"using":"xpath","value":"//table[contains(@id, \"listView-innerSelectionPanelTable-listUl\")]/tbody/tr[6]/td[2]/div"}
RESULT: {"using":"xpath","value":"//table[contains(@id, \"listView-innerSelectionPanelTable-listUl\")]/tbody/tr[6]/td[2]/div"}
COMMAND: POST /session/22675cbf295e23214948e3e385e3f86d/element - {"using":"xpath","value":"//table[contains(@id, \"listView-innerSelectionPanelTable-listUl\")]/tbody/tr[6]/td[3]/div/div/span/span[1]/bdi"}
RESULT: {"using":"xpath","value":"//table[contains(@id, \"listView-innerSelectionPanelTable-listUl\")]/tbody/tr[6]/td[3]/div/div/span/span[1]/bdi"}
COMMAND: POST /session/22675cbf295e23214948e3e385e3f86d/execute/sync - {"script":"<script> [56 bytes]","args":[{"element-6066-11e4-a52e-4f735466cecf":"f.24B59690DB8413BEE8D229DFAEDEAD25.d.82D4DCF3F3B50CA79A44A0C61A60D86E.e.7831","ELEMENT":"f.24B59690DB8413BEE8D229DFAEDEAD25.d.82D4DCF3F3B50CA79A44A0C61A60D86E.e.7831"}]}
RESULT: {"script":"<script> [56 bytes]","args":[{"element-6066-11e4-a52e-4f735466cecf":"f.24B59690DB8413BEE8D229DFAEDEAD25.d.82D4DCF3F3B50CA79A44A0C61A60D86E.e.7831","ELEMENT":"f.24B59690DB8413BEE8D229DFAEDEAD25.d.82D4DCF3F3B50CA79A44A0C61A60D86E.e.7831"}]}
COMMAND: GET /session/22675cbf295e23214948e3e385e3f86d/element/f.24B59690DB8413BEE8D229DFAEDEAD25.d.82D4DCF3F3B50CA79A44A0C61A60D86E.e.7830/attribute/aria-checked - {}
COMMAND: GET /session/22675cbf295e23214948e3e385e3f86d/screenshot - {}
RESULT: {}
COMMAND: POST /session/22675cbf295e23214948e3e385e3f86d/element - {"using":"xpath","value":"//table[contains(@id, \"listView-innerSelectionPanelTable-listUl\")]/tbody/tr[7]/td[2]/div/div"}
RESULT: {}
RESULT: {"using":"xpath","value":"//table[contains(@id, \"listView-innerSelectionPanelTable-listUl\")]/tbody/tr[7]/td[2]/div/div"}
COMMAND: POST /session/22675cbf295e23214948e3e385e3f86d/element - {"using":"xpath","value":"//table[contains(@id, \"listView-innerSelectionPanelTable-listUl\")]/tbody/tr[7]/td[2]/div"}
RESULT: {"using":"xpath","value":"//table[contains(@id, \"listView-innerSelectionPanelTable-listUl\")]/tbody/tr[7]/td[2]/div"}
COMMAND: POST /session/22675cbf295e23214948e3e385e3f86d/element - {"using":"xpath","value":"//table[contains(@id, \"listView-innerSelectionPanelTable-listUl\")]/tbody/tr[7]/td[3]/div/div/span/span[1]/bdi"}
RESULT: {"using":"xpath","value":"//table[contains(@id, \"listView-innerSelectionPanelTable-listUl\")]/tbody/tr[7]/td[3]/div/div/span/span[1]/bdi"}
COMMAND: POST /session/22675cbf295e23214948e3e385e3f86d/execute/sync - {"script":"<script> [56 bytes]","args":[{"element-6066-11e4-a52e-4f735466cecf":"f.24B59690DB8413BEE8D229DFAEDEAD25.d.82D4DCF3F3B50CA79A44A0C61A60D86E.e.7834","ELEMENT":"f.24B59690DB8413BEE8D229DFAEDEAD25.d.82D4DCF3F3B50CA79A44A0C61A60D86E.e.7834"}]}
RESULT: {"script":"<script> [56 bytes]","args":[{"element-6066-11e4-a52e-4f735466cecf":"f.24B59690DB8413BEE8D229DFAEDEAD25.d.82D4DCF3F3B50CA79A44A0C61A60D86E.e.7834","ELEMENT":"f.24B59690DB8413BEE8D229DFAEDEAD25.d.82D4DCF3F3B50CA79A44A0C61A60D86E.e.7834"}]}
COMMAND: GET /session/22675cbf295e23214948e3e385e3f86d/element/f.24B59690DB8413BEE8D229DFAEDEAD25.d.82D4DCF3F3B50CA79A44A0C61A60D86E.e.7833/attribute/aria-checked - {}
COMMAND: GET /session/22675cbf295e23214948e3e385e3f86d/screenshot - {}
RESULT: {}
COMMAND: POST /session/22675cbf295e23214948e3e385e3f86d/element - {"using":"xpath","value":"//table[contains(@id, \"listView-innerSelectionPanelTable-listUl\")]/tbody/tr[8]/td[2]/div/div"}
RESULT: {}
RESULT: {"using":"xpath","value":"//table[contains(@id, \"listView-innerSelectionPanelTable-listUl\")]/tbody/tr[8]/td[2]/div/div"}
COMMAND: POST /session/22675cbf295e23214948e3e385e3f86d/element - {"using":"xpath","value":"//table[contains(@id, \"listView-innerSelectionPanelTable-listUl\")]/tbody/tr[8]/td[2]/div"}
RESULT: {"using":"xpath","value":"//table[contains(@id, \"listView-innerSelectionPanelTable-listUl\")]/tbody/tr[8]/td[2]/div"}
COMMAND: POST /session/22675cbf295e23214948e3e385e3f86d/element - {"using":"xpath","value":"//table[contains(@id, \"listView-innerSelectionPanelTable-listUl\")]/tbody/tr[8]/td[3]/div/div/span/span[1]/bdi"}
RESULT: {"using":"xpath","value":"//table[contains(@id, \"listView-innerSelectionPanelTable-listUl\")]/tbody/tr[8]/td[3]/div/div/span/span[1]/bdi"}
COMMAND: POST /session/22675cbf295e23214948e3e385e3f86d/execute/sync - {"script":"<script> [56 bytes]","args":[{"element-6066-11e4-a52e-4f735466cecf":"f.24B59690DB8413BEE8D229DFAEDEAD25.d.82D4DCF3F3B50CA79A44A0C61A60D86E.e.7837","ELEMENT":"f.24B59690DB8413BEE8D229DFAEDEAD25.d.82D4DCF3F3B50CA79A44A0C61A60D86E.e.7837"}]}
RESULT: {"script":"<script> [56 bytes]","args":[{"element-6066-11e4-a52e-4f735466cecf":"f.24B59690DB8413BEE8D229DFAEDEAD25.d.82D4DCF3F3B50CA79A44A0C61A60D86E.e.7837","ELEMENT":"f.24B59690DB8413BEE8D229DFAEDEAD25.d.82D4DCF3F3B50CA79A44A0C61A60D86E.e.7837"}]}
COMMAND: GET /session/22675cbf295e23214948e3e385e3f86d/element/f.24B59690DB8413BEE8D229DFAEDEAD25.d.82D4DCF3F3B50CA79A44A0C61A60D86E.e.7836/attribute/aria-checked - {}
COMMAND: GET /session/22675cbf295e23214948e3e385e3f86d/screenshot - {}
RESULT: {}
COMMAND: POST /session/22675cbf295e23214948e3e385e3f86d/element - {"using":"xpath","value":"//table[contains(@id, \"listView-innerSelectionPanelTable-listUl\")]/tbody/tr[9]/td[2]/div/div"}
RESULT: {}
RESULT: {"using":"xpath","value":"//table[contains(@id, \"listView-innerSelectionPanelTable-listUl\")]/tbody/tr[9]/td[2]/div/div"}
COMMAND: POST /session/22675cbf295e23214948e3e385e3f86d/element - {"using":"xpath","value":"//table[contains(@id, \"listView-innerSelectionPanelTable-listUl\")]/tbody/tr[9]/td[2]/div"}
RESULT: {"using":"xpath","value":"//table[contains(@id, \"listView-innerSelectionPanelTable-listUl\")]/tbody/tr[9]/td[2]/div"}
COMMAND: POST /session/22675cbf295e23214948e3e385e3f86d/element - {"using":"xpath","value":"//table[contains(@id, \"listView-innerSelectionPanelTable-listUl\")]/tbody/tr[9]/td[3]/div/div/span/span[1]/bdi"}
RESULT: {"using":"xpath","value":"//table[contains(@id, \"listView-innerSelectionPanelTable-listUl\")]/tbody/tr[9]/td[3]/div/div/span/span[1]/bdi"}
COMMAND: POST /session/22675cbf295e23214948e3e385e3f86d/execute/sync - {"script":"<script> [56 bytes]","args":[{"element-6066-11e4-a52e-4f735466cecf":"f.24B59690DB8413BEE8D229DFAEDEAD25.d.82D4DCF3F3B50CA79A44A0C61A60D86E.e.7840","ELEMENT":"f.24B59690DB8413BEE8D229DFAEDEAD25.d.82D4DCF3F3B50CA79A44A0C61A60D86E.e.7840"}]}
RESULT: {"script":"<script> [56 bytes]","args":[{"element-6066-11e4-a52e-4f735466cecf":"f.24B59690DB8413BEE8D229DFAEDEAD25.d.82D4DCF3F3B50CA79A44A0C61A60D86E.e.7840","ELEMENT":"f.24B59690DB8413BEE8D229DFAEDEAD25.d.82D4DCF3F3B50CA79A44A0C61A60D86E.e.7840"}]}
COMMAND: GET /session/22675cbf295e23214948e3e385e3f86d/element/f.24B59690DB8413BEE8D229DFAEDEAD25.d.82D4DCF3F3B50CA79A44A0C61A60D86E.e.7839/attribute/aria-checked - {}
COMMAND: GET /session/22675cbf295e23214948e3e385e3f86d/screenshot - {}
RESULT: {}
COMMAND: POST /session/22675cbf295e23214948e3e385e3f86d/element - {"using":"xpath","value":"//table[contains(@id, \"listView-innerSelectionPanelTable-listUl\")]/tbody/tr[10]/td[2]/div/div"}
RESULT: {}
RESULT: {"using":"xpath","value":"//table[contains(@id, \"listView-innerSelectionPanelTable-listUl\")]/tbody/tr[10]/td[2]/div/div"}
COMMAND: POST /session/22675cbf295e23214948e3e385e3f86d/element - {"using":"xpath","value":"//table[contains(@id, \"listView-innerSelectionPanelTable-listUl\")]/tbody/tr[10]/td[2]/div"}
RESULT: {"using":"xpath","value":"//table[contains(@id, \"listView-innerSelectionPanelTable-listUl\")]/tbody/tr[10]/td[2]/div"}
COMMAND: POST /session/22675cbf295e23214948e3e385e3f86d/element - {"using":"xpath","value":"//table[contains(@id, \"listView-innerSelectionPanelTable-listUl\")]/tbody/tr[10]/td[3]/div/div/span/span[1]/bdi"}
RESULT: {"using":"xpath","value":"//table[contains(@id, \"listView-innerSelectionPanelTable-listUl\")]/tbody/tr[10]/td[3]/div/div/span/span[1]/bdi"}
COMMAND: POST /session/22675cbf295e23214948e3e385e3f86d/execute/sync - {"script":"<script> [56 bytes]","args":[{"element-6066-11e4-a52e-4f735466cecf":"f.24B59690DB8413BEE8D229DFAEDEAD25.d.82D4DCF3F3B50CA79A44A0C61A60D86E.e.7843","ELEMENT":"f.24B59690DB8413BEE8D229DFAEDEAD25.d.82D4DCF3F3B50CA79A44A0C61A60D86E.e.7843"}]}
RESULT: {"script":"<script> [56 bytes]","args":[{"element-6066-11e4-a52e-4f735466cecf":"f.24B59690DB8413BEE8D229DFAEDEAD25.d.82D4DCF3F3B50CA79A44A0C61A60D86E.e.7843","ELEMENT":"f.24B59690DB8413BEE8D229DFAEDEAD25.d.82D4DCF3F3B50CA79A44A0C61A60D86E.e.7843"}]}
COMMAND: GET /session/22675cbf295e23214948e3e385e3f86d/element/f.24B59690DB8413BEE8D229DFAEDEAD25.d.82D4DCF3F3B50CA79A44A0C61A60D86E.e.7842/attribute/aria-checked - {}
COMMAND: GET /session/22675cbf295e23214948e3e385e3f86d/screenshot - {}
RESULT: {}
COMMAND: POST /session/22675cbf295e23214948e3e385e3f86d/element - {"using":"xpath","value":"//table[contains(@id, \"listView-innerSelectionPanelTable-listUl\")]/tbody/tr[11]/td[2]/div/div"}
RESULT: {}
RESULT: {"using":"xpath","value":"//table[contains(@id, \"listView-innerSelectionPanelTable-listUl\")]/tbody/tr[11]/td[2]/div/div"}
COMMAND: POST /session/22675cbf295e23214948e3e385e3f86d/element - {"using":"xpath","value":"//table[contains(@id, \"listView-innerSelectionPanelTable-listUl\")]/tbody/tr[11]/td[2]/div"}
RESULT: {"using":"xpath","value":"//table[contains(@id, \"listView-innerSelectionPanelTable-listUl\")]/tbody/tr[11]/td[2]/div"}
COMMAND: POST /session/22675cbf295e23214948e3e385e3f86d/element - {"using":"xpath","value":"//table[contains(@id, \"listView-innerSelectionPanelTable-listUl\")]/tbody/tr[11]/td[3]/div/div/span/span[1]/bdi"}
RESULT: {"using":"xpath","value":"//table[contains(@id, \"listView-innerSelectionPanelTable-listUl\")]/tbody/tr[11]/td[3]/div/div/span/span[1]/bdi"}
COMMAND: POST /session/22675cbf295e23214948e3e385e3f86d/execute/sync - {"script":"<script> [56 bytes]","args":[{"element-6066-11e4-a52e-4f735466cecf":"f.24B59690DB8413BEE8D229DFAEDEAD25.d.82D4DCF3F3B50CA79A44A0C61A60D86E.e.7846","ELEMENT":"f.24B59690DB8413BEE8D229DFAEDEAD25.d.82D4DCF3F3B50CA79A44A0C61A60D86E.e.7846"}]}
RESULT: {"script":"<script> [56 bytes]","args":[{"element-6066-11e4-a52e-4f735466cecf":"f.24B59690DB8413BEE8D229DFAEDEAD25.d.82D4DCF3F3B50CA79A44A0C61A60D86E.e.7846","ELEMENT":"f.24B59690DB8413BEE8D229DFAEDEAD25.d.82D4DCF3F3B50CA79A44A0C61A60D86E.e.7846"}]}
COMMAND: GET /session/22675cbf295e23214948e3e385e3f86d/element/f.24B59690DB8413BEE8D229DFAEDEAD25.d.82D4DCF3F3B50CA79A44A0C61A60D86E.e.7845/attribute/aria-checked - {}
COMMAND: GET /session/22675cbf295e23214948e3e385e3f86d/screenshot - {}
RESULT: {}
COMMAND: POST /session/22675cbf295e23214948e3e385e3f86d/element - {"using":"xpath","value":"//table[contains(@id, \"listView-innerSelectionPanelTable-listUl\")]/tbody/tr[12]/td[2]/div/div"}
RESULT: {}
RESULT: {"using":"xpath","value":"//table[contains(@id, \"listView-innerSelectionPanelTable-listUl\")]/tbody/tr[12]/td[2]/div/div"}
COMMAND: POST /session/22675cbf295e23214948e3e385e3f86d/element - {"using":"xpath","value":"//table[contains(@id, \"listView-innerSelectionPanelTable-listUl\")]/tbody/tr[12]/td[2]/div"}
RESULT: {"using":"xpath","value":"//table[contains(@id, \"listView-innerSelectionPanelTable-listUl\")]/tbody/tr[12]/td[2]/div"}
COMMAND: POST /session/22675cbf295e23214948e3e385e3f86d/element - {"using":"xpath","value":"//table[contains(@id, \"listView-innerSelectionPanelTable-listUl\")]/tbody/tr[12]/td[3]/div/div/span/span[1]/bdi"}
RESULT: {"using":"xpath","value":"//table[contains(@id, \"listView-innerSelectionPanelTable-listUl\")]/tbody/tr[12]/td[3]/div/div/span/span[1]/bdi"}
COMMAND: POST /session/22675cbf295e23214948e3e385e3f86d/execute/sync - {"script":"<script> [56 bytes]","args":[{"element-6066-11e4-a52e-4f735466cecf":"f.24B59690DB8413BEE8D229DFAEDEAD25.d.82D4DCF3F3B50CA79A44A0C61A60D86E.e.7849","ELEMENT":"f.24B59690DB8413BEE8D229DFAEDEAD25.d.82D4DCF3F3B50CA79A44A0C61A60D86E.e.7849"}]}
RESULT: {"script":"<script> [56 bytes]","args":[{"element-6066-11e4-a52e-4f735466cecf":"f.24B59690DB8413BEE8D229DFAEDEAD25.d.82D4DCF3F3B50CA79A44A0C61A60D86E.e.7849","ELEMENT":"f.24B59690DB8413BEE8D229DFAEDEAD25.d.82D4DCF3F3B50CA79A44A0C61A60D86E.e.7849"}]}
COMMAND: GET /session/22675cbf295e23214948e3e385e3f86d/element/f.24B59690DB8413BEE8D229DFAEDEAD25.d.82D4DCF3F3B50CA79A44A0C61A60D86E.e.7848/attribute/aria-checked - {}
COMMAND: GET /session/22675cbf295e23214948e3e385e3f86d/screenshot - {}
RESULT: {}
COMMAND: POST /session/22675cbf295e23214948e3e385e3f86d/element - {"using":"xpath","value":"//table[contains(@id, \"listView-innerSelectionPanelTable-listUl\")]/tbody/tr[13]/td[2]/div/div"}
RESULT: {}
RESULT: {"using":"xpath","value":"//table[contains(@id, \"listView-innerSelectionPanelTable-listUl\")]/tbody/tr[13]/td[2]/div/div"}
COMMAND: POST /session/22675cbf295e23214948e3e385e3f86d/element - {"using":"xpath","value":"//table[contains(@id, \"listView-innerSelectionPanelTable-listUl\")]/tbody/tr[13]/td[2]/div"}
RESULT: {"using":"xpath","value":"//table[contains(@id, \"listView-innerSelectionPanelTable-listUl\")]/tbody/tr[13]/td[2]/div"}
COMMAND: POST /session/22675cbf295e23214948e3e385e3f86d/element - {"using":"xpath","value":"//table[contains(@id, \"listView-innerSelectionPanelTable-listUl\")]/tbody/tr[13]/td[3]/div/div/span/span[1]/bdi"}
RESULT: {"using":"xpath","value":"//table[contains(@id, \"listView-innerSelectionPanelTable-listUl\")]/tbody/tr[13]/td[3]/div/div/span/span[1]/bdi"}
COMMAND: POST /session/22675cbf295e23214948e3e385e3f86d/execute/sync - {"script":"<script> [56 bytes]","args":[{"element-6066-11e4-a52e-4f735466cecf":"f.24B59690DB8413BEE8D229DFAEDEAD25.d.82D4DCF3F3B50CA79A44A0C61A60D86E.e.7852","ELEMENT":"f.24B59690DB8413BEE8D229DFAEDEAD25.d.82D4DCF3F3B50CA79A44A0C61A60D86E.e.7852"}]}
RESULT: {"script":"<script> [56 bytes]","args":[{"element-6066-11e4-a52e-4f735466cecf":"f.24B59690DB8413BEE8D229DFAEDEAD25.d.82D4DCF3F3B50CA79A44A0C61A60D86E.e.7852","ELEMENT":"f.24B59690DB8413BEE8D229DFAEDEAD25.d.82D4DCF3F3B50CA79A44A0C61A60D86E.e.7852"}]}
COMMAND: GET /session/22675cbf295e23214948e3e385e3f86d/element/f.24B59690DB8413BEE8D229DFAEDEAD25.d.82D4DCF3F3B50CA79A44A0C61A60D86E.e.7851/attribute/aria-checked - {}
COMMAND: GET /session/22675cbf295e23214948e3e385e3f86d/screenshot - {}
RESULT: {}
COMMAND: POST /session/22675cbf295e23214948e3e385e3f86d/element - {"using":"xpath","value":"//table[contains(@id, \"listView-innerSelectionPanelTable-listUl\")]/tbody/tr[14]/td[2]/div/div"}
RESULT: {}
RESULT: {"using":"xpath","value":"//table[contains(@id, \"listView-innerSelectionPanelTable-listUl\")]/tbody/tr[14]/td[2]/div/div"}
COMMAND: POST /session/22675cbf295e23214948e3e385e3f86d/element - {"using":"xpath","value":"//table[contains(@id, \"listView-innerSelectionPanelTable-listUl\")]/tbody/tr[14]/td[2]/div"}
RESULT: {"using":"xpath","value":"//table[contains(@id, \"listView-innerSelectionPanelTable-listUl\")]/tbody/tr[14]/td[2]/div"}
COMMAND: POST /session/22675cbf295e23214948e3e385e3f86d/element - {"using":"xpath","value":"//table[contains(@id, \"listView-innerSelectionPanelTable-listUl\")]/tbody/tr[14]/td[3]/div/div/span/span[1]/bdi"}
RESULT: {"using":"xpath","value":"//table[contains(@id, \"listView-innerSelectionPanelTable-listUl\")]/tbody/tr[14]/td[3]/div/div/span/span[1]/bdi"}
COMMAND: POST /session/22675cbf295e23214948e3e385e3f86d/execute/sync - {"script":"<script> [56 bytes]","args":[{"element-6066-11e4-a52e-4f735466cecf":"f.24B59690DB8413BEE8D229DFAEDEAD25.d.82D4DCF3F3B50CA79A44A0C61A60D86E.e.7855","ELEMENT":"f.24B59690DB8413BEE8D229DFAEDEAD25.d.82D4DCF3F3B50CA79A44A0C61A60D86E.e.7855"}]}
RESULT: {"script":"<script> [56 bytes]","args":[{"element-6066-11e4-a52e-4f735466cecf":"f.24B59690DB8413BEE8D229DFAEDEAD25.d.82D4DCF3F3B50CA79A44A0C61A60D86E.e.7855","ELEMENT":"f.24B59690DB8413BEE8D229DFAEDEAD25.d.82D4DCF3F3B50CA79A44A0C61A60D86E.e.7855"}]}
COMMAND: GET /session/22675cbf295e23214948e3e385e3f86d/element/f.24B59690DB8413BEE8D229DFAEDEAD25.d.82D4DCF3F3B50CA79A44A0C61A60D86E.e.7854/attribute/aria-checked - {}
COMMAND: GET /session/22675cbf295e23214948e3e385e3f86d/screenshot - {}
RESULT: {}
COMMAND: POST /session/22675cbf295e23214948e3e385e3f86d/element - {"using":"xpath","value":"//table[contains(@id, \"listView-innerSelectionPanelTable-listUl\")]/tbody/tr[15]/td[2]/div/div"}
RESULT: {}
RESULT: {"using":"xpath","value":"//table[contains(@id, \"listView-innerSelectionPanelTable-listUl\")]/tbody/tr[15]/td[2]/div/div"}
COMMAND: POST /session/22675cbf295e23214948e3e385e3f86d/element - {"using":"xpath","value":"//table[contains(@id, \"listView-innerSelectionPanelTable-listUl\")]/tbody/tr[15]/td[2]/div"}
RESULT: {"using":"xpath","value":"//table[contains(@id, \"listView-innerSelectionPanelTable-listUl\")]/tbody/tr[15]/td[2]/div"}
COMMAND: POST /session/22675cbf295e23214948e3e385e3f86d/element - {"using":"xpath","value":"//table[contains(@id, \"listView-innerSelectionPanelTable-listUl\")]/tbody/tr[15]/td[3]/div/div/span/span[1]/bdi"}
RESULT: {"using":"xpath","value":"//table[contains(@id, \"listView-innerSelectionPanelTable-listUl\")]/tbody/tr[15]/td[3]/div/div/span/span[1]/bdi"}
COMMAND: POST /session/22675cbf295e23214948e3e385e3f86d/execute/sync - {"script":"<script> [56 bytes]","args":[{"element-6066-11e4-a52e-4f735466cecf":"f.24B59690DB8413BEE8D229DFAEDEAD25.d.82D4DCF3F3B50CA79A44A0C61A60D86E.e.7858","ELEMENT":"f.24B59690DB8413BEE8D229DFAEDEAD25.d.82D4DCF3F3B50CA79A44A0C61A60D86E.e.7858"}]}
RESULT: {"script":"<script> [56 bytes]","args":[{"element-6066-11e4-a52e-4f735466cecf":"f.24B59690DB8413BEE8D229DFAEDEAD25.d.82D4DCF3F3B50CA79A44A0C61A60D86E.e.7858","ELEMENT":"f.24B59690DB8413BEE8D229DFAEDEAD25.d.82D4DCF3F3B50CA79A44A0C61A60D86E.e.7858"}]}
COMMAND: GET /session/22675cbf295e23214948e3e385e3f86d/element/f.24B59690DB8413BEE8D229DFAEDEAD25.d.82D4DCF3F3B50CA79A44A0C61A60D86E.e.7857/attribute/aria-checked - {}
COMMAND: GET /session/22675cbf295e23214948e3e385e3f86d/screenshot - {}
RESULT: {}
COMMAND: POST /session/22675cbf295e23214948e3e385e3f86d/element - {"using":"xpath","value":"//table[contains(@id, \"listView-innerSelectionPanelTable-listUl\")]/tbody/tr[16]/td[2]/div/div"}
RESULT: {}
RESULT: {"using":"xpath","value":"//table[contains(@id, \"listView-innerSelectionPanelTable-listUl\")]/tbody/tr[16]/td[2]/div/div"}
COMMAND: POST /session/22675cbf295e23214948e3e385e3f86d/element - {"using":"xpath","value":"//table[contains(@id, \"listView-innerSelectionPanelTable-listUl\")]/tbody/tr[16]/td[2]/div"}
RESULT: {"using":"xpath","value":"//table[contains(@id, \"listView-innerSelectionPanelTable-listUl\")]/tbody/tr[16]/td[2]/div"}
COMMAND: POST /session/22675cbf295e23214948e3e385e3f86d/element - {"using":"xpath","value":"//table[contains(@id, \"listView-innerSelectionPanelTable-listUl\")]/tbody/tr[16]/td[3]/div/div/span/span[1]/bdi"}
RESULT: {"using":"xpath","value":"//table[contains(@id, \"listView-innerSelectionPanelTable-listUl\")]/tbody/tr[16]/td[3]/div/div/span/span[1]/bdi"}
COMMAND: POST /session/22675cbf295e23214948e3e385e3f86d/execute/sync - {"script":"<script> [56 bytes]","args":[{"element-6066-11e4-a52e-4f735466cecf":"f.24B59690DB8413BEE8D229DFAEDEAD25.d.82D4DCF3F3B50CA79A44A0C61A60D86E.e.7861","ELEMENT":"f.24B59690DB8413BEE8D229DFAEDEAD25.d.82D4DCF3F3B50CA79A44A0C61A60D86E.e.7861"}]}
RESULT: {"script":"<script> [56 bytes]","args":[{"element-6066-11e4-a52e-4f735466cecf":"f.24B59690DB8413BEE8D229DFAEDEAD25.d.82D4DCF3F3B50CA79A44A0C61A60D86E.e.7861","ELEMENT":"f.24B59690DB8413BEE8D229DFAEDEAD25.d.82D4DCF3F3B50CA79A44A0C61A60D86E.e.7861"}]}
COMMAND: GET /session/22675cbf295e23214948e3e385e3f86d/element/f.24B59690DB8413BEE8D229DFAEDEAD25.d.82D4DCF3F3B50CA79A44A0C61A60D86E.e.7860/attribute/aria-checked - {}
COMMAND: GET /session/22675cbf295e23214948e3e385e3f86d/screenshot - {}
RESULT: {}
COMMAND: POST /session/22675cbf295e23214948e3e385e3f86d/element - {"using":"xpath","value":"//table[contains(@id, \"listView-innerSelectionPanelTable-listUl\")]/tbody/tr[17]/td[2]/div/div"}
RESULT: {}
RESULT: {"using":"xpath","value":"//table[contains(@id, \"listView-innerSelectionPanelTable-listUl\")]/tbody/tr[17]/td[2]/div/div"}
COMMAND: POST /session/22675cbf295e23214948e3e385e3f86d/element - {"using":"xpath","value":"//table[contains(@id, \"listView-innerSelectionPanelTable-listUl\")]/tbody/tr[17]/td[2]/div"}
RESULT: {"using":"xpath","value":"//table[contains(@id, \"listView-innerSelectionPanelTable-listUl\")]/tbody/tr[17]/td[2]/div"}
COMMAND: POST /session/22675cbf295e23214948e3e385e3f86d/element - {"using":"xpath","value":"//table[contains(@id, \"listView-innerSelectionPanelTable-listUl\")]/tbody/tr[17]/td[3]/div/div/span/span[1]/bdi"}
RESULT: {"using":"xpath","value":"//table[contains(@id, \"listView-innerSelectionPanelTable-listUl\")]/tbody/tr[17]/td[3]/div/div/span/span[1]/bdi"}
COMMAND: POST /session/22675cbf295e23214948e3e385e3f86d/execute/sync - {"script":"<script> [56 bytes]","args":[{"element-6066-11e4-a52e-4f735466cecf":"f.24B59690DB8413BEE8D229DFAEDEAD25.d.82D4DCF3F3B50CA79A44A0C61A60D86E.e.7864","ELEMENT":"f.24B59690DB8413BEE8D229DFAEDEAD25.d.82D4DCF3F3B50CA79A44A0C61A60D86E.e.7864"}]}
RESULT: {"script":"<script> [56 bytes]","args":[{"element-6066-11e4-a52e-4f735466cecf":"f.24B59690DB8413BEE8D229DFAEDEAD25.d.82D4DCF3F3B50CA79A44A0C61A60D86E.e.7864","ELEMENT":"f.24B59690DB8413BEE8D229DFAEDEAD25.d.82D4DCF3F3B50CA79A44A0C61A60D86E.e.7864"}]}
COMMAND: GET /session/22675cbf295e23214948e3e385e3f86d/element/f.24B59690DB8413BEE8D229DFAEDEAD25.d.82D4DCF3F3B50CA79A44A0C61A60D86E.e.7863/attribute/aria-checked - {}
COMMAND: GET /session/22675cbf295e23214948e3e385e3f86d/screenshot - {}
RESULT: {}
COMMAND: POST /session/22675cbf295e23214948e3e385e3f86d/element - {"using":"xpath","value":"//table[contains(@id, \"listView-innerSelectionPanelTable-listUl\")]/tbody/tr[18]/td[2]/div/div"}
RESULT: {}
RESULT: {"using":"xpath","value":"//table[contains(@id, \"listView-innerSelectionPanelTable-listUl\")]/tbody/tr[18]/td[2]/div/div"}
COMMAND: POST /session/22675cbf295e23214948e3e385e3f86d/element - {"using":"xpath","value":"//table[contains(@id, \"listView-innerSelectionPanelTable-listUl\")]/tbody/tr[18]/td[2]/div"}
RESULT: {"using":"xpath","value":"//table[contains(@id, \"listView-innerSelectionPanelTable-listUl\")]/tbody/tr[18]/td[2]/div"}
COMMAND: POST /session/22675cbf295e23214948e3e385e3f86d/element - {"using":"xpath","value":"//table[contains(@id, \"listView-innerSelectionPanelTable-listUl\")]/tbody/tr[18]/td[3]/div/div/span/span[1]/bdi"}
RESULT: {"using":"xpath","value":"//table[contains(@id, \"listView-innerSelectionPanelTable-listUl\")]/tbody/tr[18]/td[3]/div/div/span/span[1]/bdi"}
COMMAND: POST /session/22675cbf295e23214948e3e385e3f86d/execute/sync - {"script":"<script> [56 bytes]","args":[{"element-6066-11e4-a52e-4f735466cecf":"f.24B59690DB8413BEE8D229DFAEDEAD25.d.82D4DCF3F3B50CA79A44A0C61A60D86E.e.7867","ELEMENT":"f.24B59690DB8413BEE8D229DFAEDEAD25.d.82D4DCF3F3B50CA79A44A0C61A60D86E.e.7867"}]}
RESULT: {"script":"<script> [56 bytes]","args":[{"element-6066-11e4-a52e-4f735466cecf":"f.24B59690DB8413BEE8D229DFAEDEAD25.d.82D4DCF3F3B50CA79A44A0C61A60D86E.e.7867","ELEMENT":"f.24B59690DB8413BEE8D229DFAEDEAD25.d.82D4DCF3F3B50CA79A44A0C61A60D86E.e.7867"}]}
COMMAND: GET /session/22675cbf295e23214948e3e385e3f86d/element/f.24B59690DB8413BEE8D229DFAEDEAD25.d.82D4DCF3F3B50CA79A44A0C61A60D86E.e.7866/attribute/aria-checked - {}
COMMAND: GET /session/22675cbf295e23214948e3e385e3f86d/screenshot - {}
RESULT: {}
COMMAND: POST /session/22675cbf295e23214948e3e385e3f86d/element - {"using":"xpath","value":"//table[contains(@id, \"listView-innerSelectionPanelTable-listUl\")]/tbody/tr[19]/td[2]/div/div"}
RESULT: {}
RESULT: {"using":"xpath","value":"//table[contains(@id, \"listView-innerSelectionPanelTable-listUl\")]/tbody/tr[19]/td[2]/div/div"}
COMMAND: POST /session/22675cbf295e23214948e3e385e3f86d/element - {"using":"xpath","value":"//table[contains(@id, \"listView-innerSelectionPanelTable-listUl\")]/tbody/tr[19]/td[2]/div"}
RESULT: {"using":"xpath","value":"//table[contains(@id, \"listView-innerSelectionPanelTable-listUl\")]/tbody/tr[19]/td[2]/div"}
COMMAND: POST /session/22675cbf295e23214948e3e385e3f86d/element - {"using":"xpath","value":"//table[contains(@id, \"listView-innerSelectionPanelTable-listUl\")]/tbody/tr[19]/td[3]/div/div/span/span[1]/bdi"}
RESULT: {"using":"xpath","value":"//table[contains(@id, \"listView-innerSelectionPanelTable-listUl\")]/tbody/tr[19]/td[3]/div/div/span/span[1]/bdi"}
COMMAND: POST /session/22675cbf295e23214948e3e385e3f86d/execute/sync - {"script":"<script> [56 bytes]","args":[{"element-6066-11e4-a52e-4f735466cecf":"f.24B59690DB8413BEE8D229DFAEDEAD25.d.82D4DCF3F3B50CA79A44A0C61A60D86E.e.7870","ELEMENT":"f.24B59690DB8413BEE8D229DFAEDEAD25.d.82D4DCF3F3B50CA79A44A0C61A60D86E.e.7870"}]}
RESULT: {"script":"<script> [56 bytes]","args":[{"element-6066-11e4-a52e-4f735466cecf":"f.24B59690DB8413BEE8D229DFAEDEAD25.d.82D4DCF3F3B50CA79A44A0C61A60D86E.e.7870","ELEMENT":"f.24B59690DB8413BEE8D229DFAEDEAD25.d.82D4DCF3F3B50CA79A44A0C61A60D86E.e.7870"}]}
COMMAND: GET /session/22675cbf295e23214948e3e385e3f86d/element/f.24B59690DB8413BEE8D229DFAEDEAD25.d.82D4DCF3F3B50CA79A44A0C61A60D86E.e.7869/attribute/aria-checked - {}
COMMAND: GET /session/22675cbf295e23214948e3e385e3f86d/screenshot - {}
RESULT: {}
COMMAND: POST /session/22675cbf295e23214948e3e385e3f86d/element - {"using":"xpath","value":"//table[contains(@id, \"listView-innerSelectionPanelTable-listUl\")]/tbody/tr[20]/td[2]/div/div"}
RESULT: {}
RESULT: {"using":"xpath","value":"//table[contains(@id, \"listView-innerSelectionPanelTable-listUl\")]/tbody/tr[20]/td[2]/div/div"}
COMMAND: POST /session/22675cbf295e23214948e3e385e3f86d/element - {"using":"xpath","value":"//table[contains(@id, \"listView-innerSelectionPanelTable-listUl\")]/tbody/tr[20]/td[2]/div"}
RESULT: {"using":"xpath","value":"//table[contains(@id, \"listView-innerSelectionPanelTable-listUl\")]/tbody/tr[20]/td[2]/div"}
COMMAND: POST /session/22675cbf295e23214948e3e385e3f86d/element - {"using":"xpath","value":"//table[contains(@id, \"listView-innerSelectionPanelTable-listUl\")]/tbody/tr[20]/td[3]/div/div/span/span[1]/bdi"}
RESULT: {"using":"xpath","value":"//table[contains(@id, \"listView-innerSelectionPanelTable-listUl\")]/tbody/tr[20]/td[3]/div/div/span/span[1]/bdi"}
COMMAND: POST /session/22675cbf295e23214948e3e385e3f86d/execute/sync - {"script":"<script> [56 bytes]","args":[{"element-6066-11e4-a52e-4f735466cecf":"f.24B59690DB8413BEE8D229DFAEDEAD25.d.82D4DCF3F3B50CA79A44A0C61A60D86E.e.7873","ELEMENT":"f.24B59690DB8413BEE8D229DFAEDEAD25.d.82D4DCF3F3B50CA79A44A0C61A60D86E.e.7873"}]}
RESULT: {"script":"<script> [56 bytes]","args":[{"element-6066-11e4-a52e-4f735466cecf":"f.24B59690DB8413BEE8D229DFAEDEAD25.d.82D4DCF3F3B50CA79A44A0C61A60D86E.e.7873","ELEMENT":"f.24B59690DB8413BEE8D229DFAEDEAD25.d.82D4DCF3F3B50CA79A44A0C61A60D86E.e.7873"}]}
COMMAND: GET /session/22675cbf295e23214948e3e385e3f86d/element/f.24B59690DB8413BEE8D229DFAEDEAD25.d.82D4DCF3F3B50CA79A44A0C61A60D86E.e.7872/attribute/aria-checked - {}
COMMAND: GET /session/22675cbf295e23214948e3e385e3f86d/screenshot - {}
RESULT: {}
COMMAND: POST /session/22675cbf295e23214948e3e385e3f86d/element - {"using":"xpath","value":"//table[contains(@id, \"listView-innerSelectionPanelTable-listUl\")]/tbody/tr[21]/td[2]/div/div"}
COMMAND: POST /session/22675cbf295e23214948e3e385e3f86d/element/f.24B59690DB8413BEE8D229DFAEDEAD25.d.82D4DCF3F3B50CA79A44A0C61A60D86E.e.7871/click - {}
RESULT: {}
RESULT: {}
COMMAND: GET /session/22675cbf295e23214948e3e385e3f86d/screenshot - {}
RESULT: {"using":"xpath","value":"//table[contains(@id, \"listView-innerSelectionPanelTable-listUl\")]/tbody/tr[21]/td[2]/div/div"}
COMMAND: POST /session/22675cbf295e23214948e3e385e3f86d/element - {"using":"xpath","value":"//table[contains(@id, \"listView-innerSelectionPanelTable-listUl\")]/tbody/tr[21]/td[2]/div"}
RESULT: {}
RESULT: {"using":"xpath","value":"//table[contains(@id, \"listView-innerSelectionPanelTable-listUl\")]/tbody/tr[21]/td[2]/div"}
COMMAND: POST /session/22675cbf295e23214948e3e385e3f86d/element - {"using":"xpath","value":"//table[contains(@id, \"listView-innerSelectionPanelTable-listUl\")]/tbody/tr[21]/td[3]/div/div/span/span[1]/bdi"}
RESULT: {"using":"xpath","value":"//table[contains(@id, \"listView-innerSelectionPanelTable-listUl\")]/tbody/tr[21]/td[3]/div/div/span/span[1]/bdi"}
COMMAND: POST /session/22675cbf295e23214948e3e385e3f86d/execute/sync - {"script":"<script> [56 bytes]","args":[{"element-6066-11e4-a52e-4f735466cecf":"f.24B59690DB8413BEE8D229DFAEDEAD25.d.82D4DCF3F3B50CA79A44A0C61A60D86E.e.7879","ELEMENT":"f.24B59690DB8413BEE8D229DFAEDEAD25.d.82D4DCF3F3B50CA79A44A0C61A60D86E.e.7879"}]}
RESULT: {"script":"<script> [56 bytes]","args":[{"element-6066-11e4-a52e-4f735466cecf":"f.24B59690DB8413BEE8D229DFAEDEAD25.d.82D4DCF3F3B50CA79A44A0C61A60D86E.e.7879","ELEMENT":"f.24B59690DB8413BEE8D229DFAEDEAD25.d.82D4DCF3F3B50CA79A44A0C61A60D86E.e.7879"}]}
COMMAND: GET /session/22675cbf295e23214948e3e385e3f86d/element/f.24B59690DB8413BEE8D229DFAEDEAD25.d.82D4DCF3F3B50CA79A44A0C61A60D86E.e.7878/attribute/aria-checked - {}
COMMAND: GET /session/22675cbf295e23214948e3e385e3f86d/screenshot - {}
RESULT: {}
COMMAND: POST /session/22675cbf295e23214948e3e385e3f86d/element - {"using":"xpath","value":"//table[contains(@id, \"listView-innerSelectionPanelTable-listUl\")]/tbody/tr[22]/td[2]/div/div"}
COMMAND: POST /session/22675cbf295e23214948e3e385e3f86d/element/f.24B59690DB8413BEE8D229DFAEDEAD25.d.82D4DCF3F3B50CA79A44A0C61A60D86E.e.7877/click - {}
RESULT: {}
RESULT: {"using":"xpath","value":"//table[contains(@id, \"listView-innerSelectionPanelTable-listUl\")]/tbody/tr[22]/td[2]/div/div"}
COMMAND: POST /session/22675cbf295e23214948e3e385e3f86d/element - {"using":"xpath","value":"//table[contains(@id, \"listView-innerSelectionPanelTable-listUl\")]/tbody/tr[22]/td[2]/div"}
RESULT: {}
COMMAND: GET /session/22675cbf295e23214948e3e385e3f86d/screenshot - {}
RESULT: {"using":"xpath","value":"//table[contains(@id, \"listView-innerSelectionPanelTable-listUl\")]/tbody/tr[22]/td[2]/div"}
COMMAND: POST /session/22675cbf295e23214948e3e385e3f86d/element - {"using":"xpath","value":"//table[contains(@id, \"listView-innerSelectionPanelTable-listUl\")]/tbody/tr[22]/td[3]/div/div/span/span[1]/bdi"}
RESULT: {}
RESULT: {"using":"xpath","value":"//table[contains(@id, \"listView-innerSelectionPanelTable-listUl\")]/tbody/tr[22]/td[3]/div/div/span/span[1]/bdi"}
COMMAND: POST /session/22675cbf295e23214948e3e385e3f86d/execute/sync - {"script":"<script> [56 bytes]","args":[{"element-6066-11e4-a52e-4f735466cecf":"f.24B59690DB8413BEE8D229DFAEDEAD25.d.82D4DCF3F3B50CA79A44A0C61A60D86E.e.7883","ELEMENT":"f.24B59690DB8413BEE8D229DFAEDEAD25.d.82D4DCF3F3B50CA79A44A0C61A60D86E.e.7883"}]}
RESULT: {"script":"<script> [56 bytes]","args":[{"element-6066-11e4-a52e-4f735466cecf":"f.24B59690DB8413BEE8D229DFAEDEAD25.d.82D4DCF3F3B50CA79A44A0C61A60D86E.e.7883","ELEMENT":"f.24B59690DB8413BEE8D229DFAEDEAD25.d.82D4DCF3F3B50CA79A44A0C61A60D86E.e.7883"}]}
COMMAND: GET /session/22675cbf295e23214948e3e385e3f86d/element/f.24B59690DB8413BEE8D229DFAEDEAD25.d.82D4DCF3F3B50CA79A44A0C61A60D86E.e.7882/attribute/aria-checked - {}
COMMAND: GET /session/22675cbf295e23214948e3e385e3f86d/screenshot - {}
RESULT: {}
COMMAND: POST /session/22675cbf295e23214948e3e385e3f86d/element - {"using":"xpath","value":"//table[contains(@id, \"listView-innerSelectionPanelTable-listUl\")]/tbody/tr[23]/td[2]/div/div"}
RESULT: {}
RESULT: {"using":"xpath","value":"//table[contains(@id, \"listView-innerSelectionPanelTable-listUl\")]/tbody/tr[23]/td[2]/div/div"}
COMMAND: POST /session/22675cbf295e23214948e3e385e3f86d/element - {"using":"xpath","value":"//table[contains(@id, \"listView-innerSelectionPanelTable-listUl\")]/tbody/tr[23]/td[2]/div"}
RESULT: {"using":"xpath","value":"//table[contains(@id, \"listView-innerSelectionPanelTable-listUl\")]/tbody/tr[23]/td[2]/div"}
COMMAND: POST /session/22675cbf295e23214948e3e385e3f86d/element - {"using":"xpath","value":"//table[contains(@id, \"listView-innerSelectionPanelTable-listUl\")]/tbody/tr[23]/td[3]/div/div/span/span[1]/bdi"}
RESULT: {"using":"xpath","value":"//table[contains(@id, \"listView-innerSelectionPanelTable-listUl\")]/tbody/tr[23]/td[3]/div/div/span/span[1]/bdi"}
COMMAND: POST /session/22675cbf295e23214948e3e385e3f86d/execute/sync - {"script":"<script> [56 bytes]","args":[{"element-6066-11e4-a52e-4f735466cecf":"f.24B59690DB8413BEE8D229DFAEDEAD25.d.82D4DCF3F3B50CA79A44A0C61A60D86E.e.7886","ELEMENT":"f.24B59690DB8413BEE8D229DFAEDEAD25.d.82D4DCF3F3B50CA79A44A0C61A60D86E.e.7886"}]}
RESULT: {"script":"<script> [56 bytes]","args":[{"element-6066-11e4-a52e-4f735466cecf":"f.24B59690DB8413BEE8D229DFAEDEAD25.d.82D4DCF3F3B50CA79A44A0C61A60D86E.e.7886","ELEMENT":"f.24B59690DB8413BEE8D229DFAEDEAD25.d.82D4DCF3F3B50CA79A44A0C61A60D86E.e.7886"}]}
COMMAND: GET /session/22675cbf295e23214948e3e385e3f86d/element/f.24B59690DB8413BEE8D229DFAEDEAD25.d.82D4DCF3F3B50CA79A44A0C61A60D86E.e.7885/attribute/aria-checked - {}
COMMAND: GET /session/22675cbf295e23214948e3e385e3f86d/screenshot - {}
RESULT: {}
COMMAND: POST /session/22675cbf295e23214948e3e385e3f86d/element - {"using":"xpath","value":"//table[contains(@id, \"listView-innerSelectionPanelTable-listUl\")]/tbody/tr[24]/td[2]/div/div"}
RESULT: {}
RESULT: {"using":"xpath","value":"//table[contains(@id, \"listView-innerSelectionPanelTable-listUl\")]/tbody/tr[24]/td[2]/div/div"}
COMMAND: POST /session/22675cbf295e23214948e3e385e3f86d/element - {"using":"xpath","value":"//table[contains(@id, \"listView-innerSelectionPanelTable-listUl\")]/tbody/tr[24]/td[2]/div"}
RESULT: {"using":"xpath","value":"//table[contains(@id, \"listView-innerSelectionPanelTable-listUl\")]/tbody/tr[24]/td[2]/div"}
COMMAND: POST /session/22675cbf295e23214948e3e385e3f86d/element - {"using":"xpath","value":"//table[contains(@id, \"listView-innerSelectionPanelTable-listUl\")]/tbody/tr[24]/td[3]/div/div/span/span[1]/bdi"}
RESULT: {"using":"xpath","value":"//table[contains(@id, \"listView-innerSelectionPanelTable-listUl\")]/tbody/tr[24]/td[3]/div/div/span/span[1]/bdi"}
COMMAND: POST /session/22675cbf295e23214948e3e385e3f86d/execute/sync - {"script":"<script> [56 bytes]","args":[{"element-6066-11e4-a52e-4f735466cecf":"f.24B59690DB8413BEE8D229DFAEDEAD25.d.82D4DCF3F3B50CA79A44A0C61A60D86E.e.7889","ELEMENT":"f.24B59690DB8413BEE8D229DFAEDEAD25.d.82D4DCF3F3B50CA79A44A0C61A60D86E.e.7889"}]}
RESULT: {"script":"<script> [56 bytes]","args":[{"element-6066-11e4-a52e-4f735466cecf":"f.24B59690DB8413BEE8D229DFAEDEAD25.d.82D4DCF3F3B50CA79A44A0C61A60D86E.e.7889","ELEMENT":"f.24B59690DB8413BEE8D229DFAEDEAD25.d.82D4DCF3F3B50CA79A44A0C61A60D86E.e.7889"}]}
COMMAND: GET /session/22675cbf295e23214948e3e385e3f86d/element/f.24B59690DB8413BEE8D229DFAEDEAD25.d.82D4DCF3F3B50CA79A44A0C61A60D86E.e.7888/attribute/aria-checked - {}
COMMAND: GET /session/22675cbf295e23214948e3e385e3f86d/screenshot - {}
RESULT: {}
COMMAND: POST /session/22675cbf295e23214948e3e385e3f86d/element - {"using":"xpath","value":"//table[contains(@id, \"listView-innerSelectionPanelTable-listUl\")]/tbody/tr[25]/td[2]/div/div"}
RESULT: {}
RESULT: {"using":"xpath","value":"//table[contains(@id, \"listView-innerSelectionPanelTable-listUl\")]/tbody/tr[25]/td[2]/div/div"}
COMMAND: POST /session/22675cbf295e23214948e3e385e3f86d/element - {"using":"xpath","value":"//table[contains(@id, \"listView-innerSelectionPanelTable-listUl\")]/tbody/tr[25]/td[2]/div"}
RESULT: {"using":"xpath","value":"//table[contains(@id, \"listView-innerSelectionPanelTable-listUl\")]/tbody/tr[25]/td[2]/div"}
COMMAND: POST /session/22675cbf295e23214948e3e385e3f86d/element - {"using":"xpath","value":"//table[contains(@id, \"listView-innerSelectionPanelTable-listUl\")]/tbody/tr[25]/td[3]/div/div/span/span[1]/bdi"}
RESULT: {"using":"xpath","value":"//table[contains(@id, \"listView-innerSelectionPanelTable-listUl\")]/tbody/tr[25]/td[3]/div/div/span/span[1]/bdi"}
COMMAND: POST /session/22675cbf295e23214948e3e385e3f86d/execute/sync - {"script":"<script> [56 bytes]","args":[{"element-6066-11e4-a52e-4f735466cecf":"f.24B59690DB8413BEE8D229DFAEDEAD25.d.82D4DCF3F3B50CA79A44A0C61A60D86E.e.7892","ELEMENT":"f.24B59690DB8413BEE8D229DFAEDEAD25.d.82D4DCF3F3B50CA79A44A0C61A60D86E.e.7892"}]}
RESULT: {"script":"<script> [56 bytes]","args":[{"element-6066-11e4-a52e-4f735466cecf":"f.24B59690DB8413BEE8D229DFAEDEAD25.d.82D4DCF3F3B50CA79A44A0C61A60D86E.e.7892","ELEMENT":"f.24B59690DB8413BEE8D229DFAEDEAD25.d.82D4DCF3F3B50CA79A44A0C61A60D86E.e.7892"}]}
COMMAND: GET /session/22675cbf295e23214948e3e385e3f86d/element/f.24B59690DB8413BEE8D229DFAEDEAD25.d.82D4DCF3F3B50CA79A44A0C61A60D86E.e.7891/attribute/aria-checked - {}
COMMAND: GET /session/22675cbf295e23214948e3e385e3f86d/screenshot - {}
RESULT: {}
COMMAND: POST /session/22675cbf295e23214948e3e385e3f86d/element - {"using":"xpath","value":"//bdi[contains(text(), \"OK\")]"}
RESULT: {}
RESULT: {"using":"xpath","value":"//bdi[contains(text(), \"OK\")]"}
COMMAND: POST /session/22675cbf295e23214948e3e385e3f86d/element/f.24B59690DB8413BEE8D229DFAEDEAD25.d.82D4DCF3F3B50CA79A44A0C61A60D86E.e.7893/click - {}
RESULT: {}
COMMAND: GET /session/22675cbf295e23214948e3e385e3f86d/screenshot - {}
RESULT: {}
COMMAND: POST /session/22675cbf295e23214948e3e385e3f86d/execute/async - {"script":"<script> [1562 bytes]","args":[{"selector":{"id":"application-managepartners-display-component---masterPtm--smartFilterBar-filterItemControlA_-LINK_TO_ADDRESSES_MAIN.ID-vhi"},"wdio_ui5_key":"applicationmanagepartners-display-component---masterPtm--smartFilterBar-filterItemControlA_-LINK_TO_ADDRESSES_MAIN.ID-vhi"}]}
RESULT: {"script":"<script> [1562 bytes]","args":[{"selector":{"id":"application-managepartners-display-component---masterPtm--smartFilterBar-filterItemControlA_-LINK_TO_ADDRESSES_MAIN.ID-vhi"},"wdio_ui5_key":"applicationmanagepartners-display-component---masterPtm--smartFilterBar-filterItemControlA_-LINK_TO_ADDRESSES_MAIN.ID-vhi"}]}
RESULT: undefined
COMMAND: POST /session/22675cbf295e23214948e3e385e3f86d/element - {"using":"xpath","value":"//*[@id=\"application-managepartners-display-component---masterPtm--smartFilterBar-filterItemControlA_-LINK_TO_ADDRESSES_MAIN.ID-vhi\"]"}
RESULT: {"using":"xpath","value":"//*[@id=\"application-managepartners-display-component---masterPtm--smartFilterBar-filterItemControlA_-LINK_TO_ADDRESSES_MAIN.ID-vhi\"]"}
COMMAND: POST /session/22675cbf295e23214948e3e385e3f86d/element/f.24B59690DB8413BEE8D229DFAEDEAD25.d.82D4DCF3F3B50CA79A44A0C61A60D86E.e.7906/click - {}
RESULT: {}
COMMAND: GET /session/22675cbf295e23214948e3e385e3f86d/screenshot - {}
RESULT: {}
COMMAND: POST /session/22675cbf295e23214948e3e385e3f86d/element - {"using":"xpath","value":"//div[input[@value=\"contains\"]]//span[contains(@id, \"arrow\")]"}
RESULT: {"using":"xpath","value":"//div[input[@value=\"contains\"]]//span[contains(@id, \"arrow\")]"}
COMMAND: POST /session/22675cbf295e23214948e3e385e3f86d/element/f.24B59690DB8413BEE8D229DFAEDEAD25.d.82D4DCF3F3B50CA79A44A0C61A60D86E.e.7911/click - {}
RESULT: {}
COMMAND: GET /session/22675cbf295e23214948e3e385e3f86d/screenshot - {}
RESULT: {}
COMMAND: POST /session/22675cbf295e23214948e3e385e3f86d/element - {"using":"xpath","value":"//li[.//span[text()='equal to']]"}
RESULT: {"using":"xpath","value":"//li[.//span[text()='equal to']]"}
COMMAND: POST /session/22675cbf295e23214948e3e385e3f86d/element/f.24B59690DB8413BEE8D229DFAEDEAD25.d.82D4DCF3F3B50CA79A44A0C61A60D86E.e.7912/click - {}
RESULT: {}
COMMAND: GET /session/22675cbf295e23214948e3e385e3f86d/screenshot - {}
RESULT: {}
RESULT: undefined
COMMAND: POST /session/22675cbf295e23214948e3e385e3f86d/execute/async - {"script":"<script> [776 bytes]","args":[{"enterText":"1006","selector":{"controlType":"sap.m.Input","viewName":"etm.portal.ui.managepartners.view.Master","viewId":"application-managepartners-display-component---masterPtm","properties":{"valueState":"None"},"searchOpenDialogs":true,"interaction":{"idSuffix":"inner"}},"clearTextFirst":true,"interactionType":"ENTER_TEXT"}]}
RESULT: {"script":"<script> [776 bytes]","args":[{"enterText":"1006","selector":{"controlType":"sap.m.Input","viewName":"etm.portal.ui.managepartners.view.Master","viewId":"application-managepartners-display-component---masterPtm","properties":{"valueState":"None"},"searchOpenDialogs":true,"interaction":{"idSuffix":"inner"}},"clearTextFirst":true,"interactionType":"ENTER_TEXT"}]}
COMMAND: POST /session/22675cbf295e23214948e3e385e3f86d/actions - {"actions":[{"id":"action22","type":"key","parameters":{},"actions":[{"type":"keyDown","value":"î€‡"},{"type":"pause","duration":10},{"type":"keyUp","value":"î€‡"}]}]}
RESULT: {"actions":[{"id":"action22","type":"key","parameters":{},"actions":[{"type":"keyDown","value":"î€‡"},{"type":"pause","duration":10},{"type":"keyUp","value":"î€‡"}]}]}
COMMAND: GET /session/22675cbf295e23214948e3e385e3f86d/screenshot - {}
RESULT: {}
COMMAND: POST /session/22675cbf295e23214948e3e385e3f86d/element - {"using":"xpath","value":"(//bdi[contains(text(), \"OK\")])[1]"}
RESULT: {"using":"xpath","value":"(//bdi[contains(text(), \"OK\")])[1]"}
COMMAND: POST /session/22675cbf295e23214948e3e385e3f86d/element/f.24B59690DB8413BEE8D229DFAEDEAD25.d.82D4DCF3F3B50CA79A44A0C61A60D86E.e.7913/click - {}
RESULT: {}
COMMAND: GET /session/22675cbf295e23214948e3e385e3f86d/screenshot - {}
RESULT: {}
COMMAND: POST /session/22675cbf295e23214948e3e385e3f86d/element - {"using":"xpath","value":"//span[@id=\"application-managepartners-display-component---masterPtm--smartTable-header-inner\"]"}
RESULT: {"using":"xpath","value":"//span[@id=\"application-managepartners-display-component---masterPtm--smartTable-header-inner\"]"}
COMMAND: POST /session/22675cbf295e23214948e3e385e3f86d/elements - {"using":"xpath","value":"//span[@id=\"application-managepartners-display-component---masterPtm--smartTable-header-inner\"]"}
RESULT: {"using":"xpath","value":"//span[@id=\"application-managepartners-display-component---masterPtm--smartTable-header-inner\"]"}
COMMAND: POST /session/22675cbf295e23214948e3e385e3f86d/execute/sync - {"script":"<script> [56 bytes]","args":[{"element-6066-11e4-a52e-4f735466cecf":"f.24B59690DB8413BEE8D229DFAEDEAD25.d.82D4DCF3F3B50CA79A44A0C61A60D86E.e.7751","ELEMENT":"f.24B59690DB8413BEE8D229DFAEDEAD25.d.82D4DCF3F3B50CA79A44A0C61A60D86E.e.7751"}]}
RESULT: {"script":"<script> [56 bytes]","args":[{"element-6066-11e4-a52e-4f735466cecf":"f.24B59690DB8413BEE8D229DFAEDEAD25.d.82D4DCF3F3B50CA79A44A0C61A60D86E.e.7751","ELEMENT":"f.24B59690DB8413BEE8D229DFAEDEAD25.d.82D4DCF3F3B50CA79A44A0C61A60D86E.e.7751"}]}
COMMAND: POST /session/22675cbf295e23214948e3e385e3f86d/element - {"using":"xpath","value":"//span[contains(@title, \"Remove\")]"}
COMMAND: GET /session/22675cbf295e23214948e3e385e3f86d/screenshot - {}
RESULT: {"using":"xpath","value":"//span[contains(@title, \"Remove\")]"}
COMMAND: POST /session/22675cbf295e23214948e3e385e3f86d/element/f.24B59690DB8413BEE8D229DFAEDEAD25.d.82D4DCF3F3B50CA79A44A0C61A60D86E.e.7917/click - {}
RESULT: {}
RESULT: {}
COMMAND: GET /session/22675cbf295e23214948e3e385e3f86d/screenshot - {}
RESULT: {}
RESULT: undefined
COMMAND: POST /session/22675cbf295e23214948e3e385e3f86d/element - {"using":"xpath","value":"//*[@id=\"application-managepartners-display-component---masterPtm--smartFilterBar-filterItemControl_BASIC-YARD-vhi\"]"}
RESULT: {"using":"xpath","value":"//*[@id=\"application-managepartners-display-component---masterPtm--smartFilterBar-filterItemControl_BASIC-YARD-vhi\"]"}
COMMAND: POST /session/22675cbf295e23214948e3e385e3f86d/element/f.24B59690DB8413BEE8D229DFAEDEAD25.d.82D4DCF3F3B50CA79A44A0C61A60D86E.e.8023/click - {}
RESULT: {}
COMMAND: GET /session/22675cbf295e23214948e3e385e3f86d/screenshot - {}
RESULT: {}
RESULT: undefined
COMMAND: POST /session/22675cbf295e23214948e3e385e3f86d/execute/async - {"script":"<script> [776 bytes]","args":[{"enterText":"Test","selector":{"id":"application-managepartners-display-component---masterPtm--smartFilterBar-filterItemControl_BASIC-YARD-valueHelpDialog-smartFilterBar-btnBasicSearch","searchOpenDialogs":true,"interaction":{"idSuffix":"I"}},"clearTextFirst":true,"interactionType":"ENTER_TEXT"}]}
RESULT: {"script":"<script> [776 bytes]","args":[{"enterText":"Test","selector":{"id":"application-managepartners-display-component---masterPtm--smartFilterBar-filterItemControl_BASIC-YARD-valueHelpDialog-smartFilterBar-btnBasicSearch","searchOpenDialogs":true,"interaction":{"idSuffix":"I"}},"clearTextFirst":true,"interactionType":"ENTER_TEXT"}]}
COMMAND: POST /session/22675cbf295e23214948e3e385e3f86d/actions - {"actions":[{"id":"action23","type":"key","parameters":{},"actions":[{"type":"keyDown","value":"î€‡"},{"type":"pause","duration":10},{"type":"keyUp","value":"î€‡"}]}]}
RESULT: {"actions":[{"id":"action23","type":"key","parameters":{},"actions":[{"type":"keyDown","value":"î€‡"},{"type":"pause","duration":10},{"type":"keyUp","value":"î€‡"}]}]}
COMMAND: POST /session/22675cbf295e23214948e3e385e3f86d/elements - {"using":"xpath","value":"//table[contains(@id, \"smartFilterBar-filterItemControl_BASIC-YARD-valueHelpDialog-table-table\")]/tbody/tr"}
COMMAND: GET /session/22675cbf295e23214948e3e385e3f86d/screenshot - {}
RESULT: {"using":"xpath","value":"//table[contains(@id, \"smartFilterBar-filterItemControl_BASIC-YARD-valueHelpDialog-table-table\")]/tbody/tr"}
COMMAND: POST /session/22675cbf295e23214948e3e385e3f86d/element - {"using":"xpath","value":"//table[contains(@id, \"smartFilterBar-filterItemControl_BASIC-YARD-valueHelpDialog-table-table\")]/tbody/tr[1]/td[1]/div/span"}
RESULT: {}
RESULT: {"using":"xpath","value":"//table[contains(@id, \"smartFilterBar-filterItemControl_BASIC-YARD-valueHelpDialog-table-table\")]/tbody/tr[1]/td[1]/div/span"}
COMMAND: POST /session/22675cbf295e23214948e3e385e3f86d/elements - {"using":"xpath","value":"//table[contains(@id, \"smartFilterBar-filterItemControl_BASIC-YARD-valueHelpDialog-table-table\")]/tbody/tr[1]/td[1]/div/span"}
RESULT: {"using":"xpath","value":"//table[contains(@id, \"smartFilterBar-filterItemControl_BASIC-YARD-valueHelpDialog-table-table\")]/tbody/tr[1]/td[1]/div/span"}
COMMAND: POST /session/22675cbf295e23214948e3e385e3f86d/execute/sync - {"script":"<script> [56 bytes]","args":[{"element-6066-11e4-a52e-4f735466cecf":"f.24B59690DB8413BEE8D229DFAEDEAD25.d.82D4DCF3F3B50CA79A44A0C61A60D86E.e.8043","ELEMENT":"f.24B59690DB8413BEE8D229DFAEDEAD25.d.82D4DCF3F3B50CA79A44A0C61A60D86E.e.8043"}]}
RESULT: {"script":"<script> [56 bytes]","args":[{"element-6066-11e4-a52e-4f735466cecf":"f.24B59690DB8413BEE8D229DFAEDEAD25.d.82D4DCF3F3B50CA79A44A0C61A60D86E.e.8043","ELEMENT":"f.24B59690DB8413BEE8D229DFAEDEAD25.d.82D4DCF3F3B50CA79A44A0C61A60D86E.e.8043"}]}
COMMAND: POST /session/22675cbf295e23214948e3e385e3f86d/element - {"using":"xpath","value":"//table[contains(@id, \"smartFilterBar-filterItemControl_BASIC-YARD-valueHelpDialog-table-table\")]/tbody/tr[2]/td[1]/div/span"}
COMMAND: GET /session/22675cbf295e23214948e3e385e3f86d/screenshot - {}
RESULT: {"using":"xpath","value":"//table[contains(@id, \"smartFilterBar-filterItemControl_BASIC-YARD-valueHelpDialog-table-table\")]/tbody/tr[2]/td[1]/div/span"}
COMMAND: POST /session/22675cbf295e23214948e3e385e3f86d/elements - {"using":"xpath","value":"//table[contains(@id, \"smartFilterBar-filterItemControl_BASIC-YARD-valueHelpDialog-table-table\")]/tbody/tr[2]/td[1]/div/span"}
RESULT: {}
RESULT: {"using":"xpath","value":"//table[contains(@id, \"smartFilterBar-filterItemControl_BASIC-YARD-valueHelpDialog-table-table\")]/tbody/tr[2]/td[1]/div/span"}
COMMAND: POST /session/22675cbf295e23214948e3e385e3f86d/execute/sync - {"script":"<script> [56 bytes]","args":[{"element-6066-11e4-a52e-4f735466cecf":"f.24B59690DB8413BEE8D229DFAEDEAD25.d.82D4DCF3F3B50CA79A44A0C61A60D86E.e.8044","ELEMENT":"f.24B59690DB8413BEE8D229DFAEDEAD25.d.82D4DCF3F3B50CA79A44A0C61A60D86E.e.8044"}]}
RESULT: {"script":"<script> [56 bytes]","args":[{"element-6066-11e4-a52e-4f735466cecf":"f.24B59690DB8413BEE8D229DFAEDEAD25.d.82D4DCF3F3B50CA79A44A0C61A60D86E.e.8044","ELEMENT":"f.24B59690DB8413BEE8D229DFAEDEAD25.d.82D4DCF3F3B50CA79A44A0C61A60D86E.e.8044"}]}
COMMAND: POST /session/22675cbf295e23214948e3e385e3f86d/element - {"using":"xpath","value":"//table[contains(@id, \"smartFilterBar-filterItemControl_BASIC-YARD-valueHelpDialog-table-table\")]/tbody/tr[3]/td[1]/div/span"}
COMMAND: GET /session/22675cbf295e23214948e3e385e3f86d/screenshot - {}
RESULT: {"using":"xpath","value":"//table[contains(@id, \"smartFilterBar-filterItemControl_BASIC-YARD-valueHelpDialog-table-table\")]/tbody/tr[3]/td[1]/div/span"}
COMMAND: POST /session/22675cbf295e23214948e3e385e3f86d/elements - {"using":"xpath","value":"//table[contains(@id, \"smartFilterBar-filterItemControl_BASIC-YARD-valueHelpDialog-table-table\")]/tbody/tr[3]/td[1]/div/span"}
RESULT: {}
RESULT: {"using":"xpath","value":"//table[contains(@id, \"smartFilterBar-filterItemControl_BASIC-YARD-valueHelpDialog-table-table\")]/tbody/tr[3]/td[1]/div/span"}
COMMAND: POST /session/22675cbf295e23214948e3e385e3f86d/execute/sync - {"script":"<script> [56 bytes]","args":[{"element-6066-11e4-a52e-4f735466cecf":"f.24B59690DB8413BEE8D229DFAEDEAD25.d.82D4DCF3F3B50CA79A44A0C61A60D86E.e.8045","ELEMENT":"f.24B59690DB8413BEE8D229DFAEDEAD25.d.82D4DCF3F3B50CA79A44A0C61A60D86E.e.8045"}]}
RESULT: {"script":"<script> [56 bytes]","args":[{"element-6066-11e4-a52e-4f735466cecf":"f.24B59690DB8413BEE8D229DFAEDEAD25.d.82D4DCF3F3B50CA79A44A0C61A60D86E.e.8045","ELEMENT":"f.24B59690DB8413BEE8D229DFAEDEAD25.d.82D4DCF3F3B50CA79A44A0C61A60D86E.e.8045"}]}
COMMAND: POST /session/22675cbf295e23214948e3e385e3f86d/element - {"using":"xpath","value":"//div[contains(@id, \"filterItemControl_BASIC-YARD-valueHelpDialog-table-rowsel2\")]"}
COMMAND: GET /session/22675cbf295e23214948e3e385e3f86d/screenshot - {}
RESULT: {"using":"xpath","value":"//div[contains(@id, \"filterItemControl_BASIC-YARD-valueHelpDialog-table-rowsel2\")]"}
COMMAND: POST /session/22675cbf295e23214948e3e385e3f86d/element/f.24B59690DB8413BEE8D229DFAEDEAD25.d.82D4DCF3F3B50CA79A44A0C61A60D86E.e.8046/click - {}
RESULT: {}
RESULT: {}
COMMAND: GET /session/22675cbf295e23214948e3e385e3f86d/screenshot - {}
RESULT: {}
COMMAND: POST /session/22675cbf295e23214948e3e385e3f86d/element - {"using":"xpath","value":"(//bdi[contains(text(), \"OK\")])[1]"}
RESULT: {"using":"xpath","value":"(//bdi[contains(text(), \"OK\")])[1]"}
COMMAND: POST /session/22675cbf295e23214948e3e385e3f86d/element/f.24B59690DB8413BEE8D229DFAEDEAD25.d.82D4DCF3F3B50CA79A44A0C61A60D86E.e.8048/click - {}
RESULT: {}
COMMAND: GET /session/22675cbf295e23214948e3e385e3f86d/screenshot - {}
RESULT: {}
COMMAND: POST /session/22675cbf295e23214948e3e385e3f86d/element - {"using":"xpath","value":"//span[@id=\"application-managepartners-display-component---masterPtm--smartTable-header-inner\"]"}
RESULT: {"using":"xpath","value":"//span[@id=\"application-managepartners-display-component---masterPtm--smartTable-header-inner\"]"}
COMMAND: POST /session/22675cbf295e23214948e3e385e3f86d/elements - {"using":"xpath","value":"//span[@id=\"application-managepartners-display-component---masterPtm--smartTable-header-inner\"]"}
RESULT: {"using":"xpath","value":"//span[@id=\"application-managepartners-display-component---masterPtm--smartTable-header-inner\"]"}
COMMAND: POST /session/22675cbf295e23214948e3e385e3f86d/execute/sync - {"script":"<script> [56 bytes]","args":[{"element-6066-11e4-a52e-4f735466cecf":"f.24B59690DB8413BEE8D229DFAEDEAD25.d.82D4DCF3F3B50CA79A44A0C61A60D86E.e.7751","ELEMENT":"f.24B59690DB8413BEE8D229DFAEDEAD25.d.82D4DCF3F3B50CA79A44A0C61A60D86E.e.7751"}]}
RESULT: {"script":"<script> [56 bytes]","args":[{"element-6066-11e4-a52e-4f735466cecf":"f.24B59690DB8413BEE8D229DFAEDEAD25.d.82D4DCF3F3B50CA79A44A0C61A60D86E.e.7751","ELEMENT":"f.24B59690DB8413BEE8D229DFAEDEAD25.d.82D4DCF3F3B50CA79A44A0C61A60D86E.e.7751"}]}
COMMAND: POST /session/22675cbf295e23214948e3e385e3f86d/element - {"using":"xpath","value":"//span[contains(@title, \"Remove\")]"}
COMMAND: GET /session/22675cbf295e23214948e3e385e3f86d/screenshot - {}
RESULT: {"using":"xpath","value":"//span[contains(@title, \"Remove\")]"}
COMMAND: POST /session/22675cbf295e23214948e3e385e3f86d/element/f.24B59690DB8413BEE8D229DFAEDEAD25.d.82D4DCF3F3B50CA79A44A0C61A60D86E.e.8062/click - {}
RESULT: {}
RESULT: {}
COMMAND: GET /session/22675cbf295e23214948e3e385e3f86d/screenshot - {}
RESULT: undefined
COMMAND: POST /session/22675cbf295e23214948e3e385e3f86d/element - {"using":"xpath","value":"//*[@id=\"application-managepartners-display-component---masterPtm--smartFilterBar-filterItemControl_BASIC-MAIN_ADDRESS-vhi\"]"}
RESULT: {}
RESULT: {"using":"xpath","value":"//*[@id=\"application-managepartners-display-component---masterPtm--smartFilterBar-filterItemControl_BASIC-MAIN_ADDRESS-vhi\"]"}
COMMAND: POST /session/22675cbf295e23214948e3e385e3f86d/element/f.24B59690DB8413BEE8D229DFAEDEAD25.d.82D4DCF3F3B50CA79A44A0C61A60D86E.e.8166/click - {}
RESULT: {}
COMMAND: GET /session/22675cbf295e23214948e3e385e3f86d/screenshot - {}
RESULT: {}
RESULT: undefined
COMMAND: POST /session/22675cbf295e23214948e3e385e3f86d/execute/async - {"script":"<script> [776 bytes]","args":[{"enterText":"Romania","selector":{"id":"application-managepartners-display-component---masterPtm--smartFilterBar-filterItemControl_BASIC-MAIN_ADDRESS-valueHelpDialog-smartFilterBar-btnBasicSearch","searchOpenDialogs":true,"interaction":{"idSuffix":"I"}},"clearTextFirst":true,"interactionType":"ENTER_TEXT"}]}
RESULT: {"script":"<script> [776 bytes]","args":[{"enterText":"Romania","selector":{"id":"application-managepartners-display-component---masterPtm--smartFilterBar-filterItemControl_BASIC-MAIN_ADDRESS-valueHelpDialog-smartFilterBar-btnBasicSearch","searchOpenDialogs":true,"interaction":{"idSuffix":"I"}},"clearTextFirst":true,"interactionType":"ENTER_TEXT"}]}
COMMAND: POST /session/22675cbf295e23214948e3e385e3f86d/actions - {"actions":[{"id":"action24","type":"key","parameters":{},"actions":[{"type":"keyDown","value":"î€‡"},{"type":"pause","duration":10},{"type":"keyUp","value":"î€‡"}]}]}
RESULT: {"actions":[{"id":"action24","type":"key","parameters":{},"actions":[{"type":"keyDown","value":"î€‡"},{"type":"pause","duration":10},{"type":"keyUp","value":"î€‡"}]}]}
COMMAND: POST /session/22675cbf295e23214948e3e385e3f86d/elements - {"using":"xpath","value":"//table[contains(@id, \"smartFilterBar-filterItemControl_BASIC-MAIN_ADDRESS-valueHelpDialog-table-table\")]/tbody/tr"}
COMMAND: GET /session/22675cbf295e23214948e3e385e3f86d/screenshot - {}
RESULT: {"using":"xpath","value":"//table[contains(@id, \"smartFilterBar-filterItemControl_BASIC-MAIN_ADDRESS-valueHelpDialog-table-table\")]/tbody/tr"}
COMMAND: POST /session/22675cbf295e23214948e3e385e3f86d/element - {"using":"xpath","value":"//table[contains(@id, \"smartFilterBar-filterItemControl_BASIC-MAIN_ADDRESS-valueHelpDialog-table-table\")]/tbody/tr[1]/td[1]/div/span"}
RESULT: {}
RESULT: {"using":"xpath","value":"//table[contains(@id, \"smartFilterBar-filterItemControl_BASIC-MAIN_ADDRESS-valueHelpDialog-table-table\")]/tbody/tr[1]/td[1]/div/span"}
COMMAND: POST /session/22675cbf295e23214948e3e385e3f86d/elements - {"using":"xpath","value":"//table[contains(@id, \"smartFilterBar-filterItemControl_BASIC-MAIN_ADDRESS-valueHelpDialog-table-table\")]/tbody/tr[1]/td[1]/div/span"}
RESULT: {"using":"xpath","value":"//table[contains(@id, \"smartFilterBar-filterItemControl_BASIC-MAIN_ADDRESS-valueHelpDialog-table-table\")]/tbody/tr[1]/td[1]/div/span"}
COMMAND: POST /session/22675cbf295e23214948e3e385e3f86d/execute/sync - {"script":"<script> [56 bytes]","args":[{"element-6066-11e4-a52e-4f735466cecf":"f.24B59690DB8413BEE8D229DFAEDEAD25.d.82D4DCF3F3B50CA79A44A0C61A60D86E.e.8185","ELEMENT":"f.24B59690DB8413BEE8D229DFAEDEAD25.d.82D4DCF3F3B50CA79A44A0C61A60D86E.e.8185"}]}
RESULT: {"script":"<script> [56 bytes]","args":[{"element-6066-11e4-a52e-4f735466cecf":"f.24B59690DB8413BEE8D229DFAEDEAD25.d.82D4DCF3F3B50CA79A44A0C61A60D86E.e.8185","ELEMENT":"f.24B59690DB8413BEE8D229DFAEDEAD25.d.82D4DCF3F3B50CA79A44A0C61A60D86E.e.8185"}]}
COMMAND: POST /session/22675cbf295e23214948e3e385e3f86d/element - {"using":"xpath","value":"//div[contains(@id, \"filterItemControl_BASIC-MAIN_ADDRESS-valueHelpDialog-table-rowsel0\")]"}
COMMAND: GET /session/22675cbf295e23214948e3e385e3f86d/screenshot - {}
RESULT: {"using":"xpath","value":"//div[contains(@id, \"filterItemControl_BASIC-MAIN_ADDRESS-valueHelpDialog-table-rowsel0\")]"}
COMMAND: POST /session/22675cbf295e23214948e3e385e3f86d/element/f.24B59690DB8413BEE8D229DFAEDEAD25.d.82D4DCF3F3B50CA79A44A0C61A60D86E.e.8186/click - {}
RESULT: {}
RESULT: {}
COMMAND: GET /session/22675cbf295e23214948e3e385e3f86d/screenshot - {}
RESULT: {}
COMMAND: POST /session/22675cbf295e23214948e3e385e3f86d/element - {"using":"xpath","value":"(//bdi[contains(text(), \"OK\")])[1]"}
RESULT: {"using":"xpath","value":"(//bdi[contains(text(), \"OK\")])[1]"}
COMMAND: POST /session/22675cbf295e23214948e3e385e3f86d/element/f.24B59690DB8413BEE8D229DFAEDEAD25.d.82D4DCF3F3B50CA79A44A0C61A60D86E.e.8188/click - {}
RESULT: {}
COMMAND: GET /session/22675cbf295e23214948e3e385e3f86d/screenshot - {}
RESULT: {}
COMMAND: POST /session/22675cbf295e23214948e3e385e3f86d/element - {"using":"xpath","value":"//span[@id=\"application-managepartners-display-component---masterPtm--smartTable-header-inner\"]"}
RESULT: {"using":"xpath","value":"//span[@id=\"application-managepartners-display-component---masterPtm--smartTable-header-inner\"]"}
COMMAND: POST /session/22675cbf295e23214948e3e385e3f86d/elements - {"using":"xpath","value":"//span[@id=\"application-managepartners-display-component---masterPtm--smartTable-header-inner\"]"}
RESULT: {"using":"xpath","value":"//span[@id=\"application-managepartners-display-component---masterPtm--smartTable-header-inner\"]"}
COMMAND: POST /session/22675cbf295e23214948e3e385e3f86d/execute/sync - {"script":"<script> [56 bytes]","args":[{"element-6066-11e4-a52e-4f735466cecf":"f.24B59690DB8413BEE8D229DFAEDEAD25.d.82D4DCF3F3B50CA79A44A0C61A60D86E.e.7751","ELEMENT":"f.24B59690DB8413BEE8D229DFAEDEAD25.d.82D4DCF3F3B50CA79A44A0C61A60D86E.e.7751"}]}
RESULT: {"script":"<script> [56 bytes]","args":[{"element-6066-11e4-a52e-4f735466cecf":"f.24B59690DB8413BEE8D229DFAEDEAD25.d.82D4DCF3F3B50CA79A44A0C61A60D86E.e.7751","ELEMENT":"f.24B59690DB8413BEE8D229DFAEDEAD25.d.82D4DCF3F3B50CA79A44A0C61A60D86E.e.7751"}]}
COMMAND: POST /session/22675cbf295e23214948e3e385e3f86d/element - {"using":"xpath","value":"//span[contains(@title, \"Remove\")]"}
COMMAND: GET /session/22675cbf295e23214948e3e385e3f86d/screenshot - {}
RESULT: {"using":"xpath","value":"//span[contains(@title, \"Remove\")]"}
COMMAND: POST /session/22675cbf295e23214948e3e385e3f86d/element/f.24B59690DB8413BEE8D229DFAEDEAD25.d.82D4DCF3F3B50CA79A44A0C61A60D86E.e.8202/click - {}
RESULT: {}
RESULT: {}
COMMAND: GET /session/22675cbf295e23214948e3e385e3f86d/screenshot - {}
COMMAND: POST /session/22675cbf295e23214948e3e385e3f86d/execute/async - {"script":"<script> [1562 bytes]","args":[{"selector":{"id":"application-managepartners-display-component---masterPtm--catalogs-arrow"},"wdio_ui5_key":"applicationmanagepartners-display-component---masterPtm--catalogs-arrow"}]}
RESULT: {}
RESULT: {"script":"<script> [1562 bytes]","args":[{"selector":{"id":"application-managepartners-display-component---masterPtm--catalogs-arrow"},"wdio_ui5_key":"applicationmanagepartners-display-component---masterPtm--catalogs-arrow"}]}
RESULT: undefined
COMMAND: POST /session/22675cbf295e23214948e3e385e3f86d/element - {"using":"xpath","value":"//*[@id=\"application-managepartners-display-component---masterPtm--catalogs-arrow\"]"}
RESULT: {"using":"xpath","value":"//*[@id=\"application-managepartners-display-component---masterPtm--catalogs-arrow\"]"}
COMMAND: POST /session/22675cbf295e23214948e3e385e3f86d/element/f.24B59690DB8413BEE8D229DFAEDEAD25.d.82D4DCF3F3B50CA79A44A0C61A60D86E.e.8305/click - {}
RESULT: {}
COMMAND: GET /session/22675cbf295e23214948e3e385e3f86d/screenshot - {}
RESULT: {}
COMMAND: POST /session/22675cbf295e23214948e3e385e3f86d/element - {"using":"xpath","value":"//li[.//span[text()=\"Webshop Catalog\"]]//div[contains(@class,\"sapMCbBg\")]"}
RESULT: {"using":"xpath","value":"//li[.//span[text()=\"Webshop Catalog\"]]//div[contains(@class,\"sapMCbBg\")]"}
COMMAND: POST /session/22675cbf295e23214948e3e385e3f86d/element/f.24B59690DB8413BEE8D229DFAEDEAD25.d.82D4DCF3F3B50CA79A44A0C61A60D86E.e.8319/click - {}
RESULT: {}
COMMAND: GET /session/22675cbf295e23214948e3e385e3f86d/screenshot - {}
RESULT: {}
RESULT: undefined
COMMAND: POST /session/22675cbf295e23214948e3e385e3f86d/element - {"using":"xpath","value":"//*[@id=\"application-managepartners-display-component---masterPtm--catalogs-arrow\"]"}
RESULT: {"using":"xpath","value":"//*[@id=\"application-managepartners-display-component---masterPtm--catalogs-arrow\"]"}
COMMAND: POST /session/22675cbf295e23214948e3e385e3f86d/element/f.24B59690DB8413BEE8D229DFAEDEAD25.d.82D4DCF3F3B50CA79A44A0C61A60D86E.e.8305/click - {}
RESULT: {}
COMMAND: POST /session/22675cbf295e23214948e3e385e3f86d/element - {"using":"xpath","value":"//span[@id=\"application-managepartners-display-component---masterPtm--smartTable-header-inner\"]"}
COMMAND: GET /session/22675cbf295e23214948e3e385e3f86d/screenshot - {}
RESULT: {"using":"xpath","value":"//span[@id=\"application-managepartners-display-component---masterPtm--smartTable-header-inner\"]"}
COMMAND: POST /session/22675cbf295e23214948e3e385e3f86d/elements - {"using":"xpath","value":"//span[@id=\"application-managepartners-display-component---masterPtm--smartTable-header-inner\"]"}
RESULT: {}
RESULT: {"using":"xpath","value":"//span[@id=\"application-managepartners-display-component---masterPtm--smartTable-header-inner\"]"}
COMMAND: POST /session/22675cbf295e23214948e3e385e3f86d/execute/sync - {"script":"<script> [56 bytes]","args":[{"element-6066-11e4-a52e-4f735466cecf":"f.24B59690DB8413BEE8D229DFAEDEAD25.d.82D4DCF3F3B50CA79A44A0C61A60D86E.e.7751","ELEMENT":"f.24B59690DB8413BEE8D229DFAEDEAD25.d.82D4DCF3F3B50CA79A44A0C61A60D86E.e.7751"}]}
RESULT: {"script":"<script> [56 bytes]","args":[{"element-6066-11e4-a52e-4f735466cecf":"f.24B59690DB8413BEE8D229DFAEDEAD25.d.82D4DCF3F3B50CA79A44A0C61A60D86E.e.7751","ELEMENT":"f.24B59690DB8413BEE8D229DFAEDEAD25.d.82D4DCF3F3B50CA79A44A0C61A60D86E.e.7751"}]}
COMMAND: POST /session/22675cbf295e23214948e3e385e3f86d/element - {"using":"xpath","value":"//span[contains(@title, \"Remove\")]"}
COMMAND: GET /session/22675cbf295e23214948e3e385e3f86d/screenshot - {}
RESULT: {"using":"xpath","value":"//span[contains(@title, \"Remove\")]"}
COMMAND: POST /session/22675cbf295e23214948e3e385e3f86d/element/f.24B59690DB8413BEE8D229DFAEDEAD25.d.82D4DCF3F3B50CA79A44A0C61A60D86E.e.8334/click - {}
RESULT: {}
RESULT: {}
COMMAND: GET /session/22675cbf295e23214948e3e385e3f86d/screenshot - {}
RESULT: {}
COMMAND: POST /session/22675cbf295e23214948e3e385e3f86d/execute/async - {"script":"<script> [1562 bytes]","args":[{"selector":{"id":"application-managepartners-display-component---masterPtm--currencies-arrow"},"wdio_ui5_key":"applicationmanagepartners-display-component---masterPtm--currencies-arrow"}]}
RESULT: {"script":"<script> [1562 bytes]","args":[{"selector":{"id":"application-managepartners-display-component---masterPtm--currencies-arrow"},"wdio_ui5_key":"applicationmanagepartners-display-component---masterPtm--currencies-arrow"}]}
RESULT: undefined
COMMAND: POST /session/22675cbf295e23214948e3e385e3f86d/element - {"using":"xpath","value":"//*[@id=\"application-managepartners-display-component---masterPtm--currencies-arrow\"]"}
RESULT: {"using":"xpath","value":"//*[@id=\"application-managepartners-display-component---masterPtm--currencies-arrow\"]"}
COMMAND: POST /session/22675cbf295e23214948e3e385e3f86d/element/f.24B59690DB8413BEE8D229DFAEDEAD25.d.82D4DCF3F3B50CA79A44A0C61A60D86E.e.8450/click - {}
RESULT: {}
COMMAND: GET /session/22675cbf295e23214948e3e385e3f86d/screenshot - {}
RESULT: {}
COMMAND: POST /session/22675cbf295e23214948e3e385e3f86d/element - {"using":"xpath","value":"//li[.//span[text()=\"US Dollar\"]]//div[contains(@class,\"sapMCbBg\")]"}
RESULT: {"using":"xpath","value":"//li[.//span[text()=\"US Dollar\"]]//div[contains(@class,\"sapMCbBg\")]"}
COMMAND: POST /session/22675cbf295e23214948e3e385e3f86d/element/f.24B59690DB8413BEE8D229DFAEDEAD25.d.82D4DCF3F3B50CA79A44A0C61A60D86E.e.8453/click - {}
RESULT: {}
COMMAND: GET /session/22675cbf295e23214948e3e385e3f86d/screenshot - {}
RESULT: {}
RESULT: undefined
COMMAND: POST /session/22675cbf295e23214948e3e385e3f86d/element - {"using":"xpath","value":"//*[@id=\"application-managepartners-display-component---masterPtm--currencies-arrow\"]"}
RESULT: {"using":"xpath","value":"//*[@id=\"application-managepartners-display-component---masterPtm--currencies-arrow\"]"}
COMMAND: POST /session/22675cbf295e23214948e3e385e3f86d/element/f.24B59690DB8413BEE8D229DFAEDEAD25.d.82D4DCF3F3B50CA79A44A0C61A60D86E.e.8450/click - {}
RESULT: {}
COMMAND: POST /session/22675cbf295e23214948e3e385e3f86d/element - {"using":"xpath","value":"//span[@id=\"application-managepartners-display-component---masterPtm--smartTable-header-inner\"]"}
COMMAND: GET /session/22675cbf295e23214948e3e385e3f86d/screenshot - {}
RESULT: {"using":"xpath","value":"//span[@id=\"application-managepartners-display-component---masterPtm--smartTable-header-inner\"]"}
COMMAND: POST /session/22675cbf295e23214948e3e385e3f86d/elements - {"using":"xpath","value":"//span[@id=\"application-managepartners-display-component---masterPtm--smartTable-header-inner\"]"}
RESULT: {}
RESULT: {"using":"xpath","value":"//span[@id=\"application-managepartners-display-component---masterPtm--smartTable-header-inner\"]"}
COMMAND: POST /session/22675cbf295e23214948e3e385e3f86d/execute/sync - {"script":"<script> [56 bytes]","args":[{"element-6066-11e4-a52e-4f735466cecf":"f.24B59690DB8413BEE8D229DFAEDEAD25.d.82D4DCF3F3B50CA79A44A0C61A60D86E.e.7751","ELEMENT":"f.24B59690DB8413BEE8D229DFAEDEAD25.d.82D4DCF3F3B50CA79A44A0C61A60D86E.e.7751"}]}
RESULT: {"script":"<script> [56 bytes]","args":[{"element-6066-11e4-a52e-4f735466cecf":"f.24B59690DB8413BEE8D229DFAEDEAD25.d.82D4DCF3F3B50CA79A44A0C61A60D86E.e.7751","ELEMENT":"f.24B59690DB8413BEE8D229DFAEDEAD25.d.82D4DCF3F3B50CA79A44A0C61A60D86E.e.7751"}]}
COMMAND: POST /session/22675cbf295e23214948e3e385e3f86d/element - {"using":"xpath","value":"//span[contains(@title, \"Remove\")]"}
COMMAND: GET /session/22675cbf295e23214948e3e385e3f86d/screenshot - {}
RESULT: {"using":"xpath","value":"//span[contains(@title, \"Remove\")]"}
COMMAND: POST /session/22675cbf295e23214948e3e385e3f86d/element/f.24B59690DB8413BEE8D229DFAEDEAD25.d.82D4DCF3F3B50CA79A44A0C61A60D86E.e.8606/click - {}
RESULT: {}
RESULT: {}
COMMAND: GET /session/22675cbf295e23214948e3e385e3f86d/screenshot - {}
RESULT: {}
COMMAND: POST /session/22675cbf295e23214948e3e385e3f86d/execute/async - {"script":"<script> [1562 bytes]","args":[{"selector":{"id":"application-managepartners-display-component---masterPtm--languages-arrow"},"wdio_ui5_key":"applicationmanagepartners-display-component---masterPtm--languages-arrow"}]}
RESULT: {"script":"<script> [1562 bytes]","args":[{"selector":{"id":"application-managepartners-display-component---masterPtm--languages-arrow"},"wdio_ui5_key":"applicationmanagepartners-display-component---masterPtm--languages-arrow"}]}
RESULT: undefined
COMMAND: POST /session/22675cbf295e23214948e3e385e3f86d/element - {"using":"xpath","value":"//*[@id=\"application-managepartners-display-component---masterPtm--languages-arrow\"]"}
RESULT: {"using":"xpath","value":"//*[@id=\"application-managepartners-display-component---masterPtm--languages-arrow\"]"}
COMMAND: POST /session/22675cbf295e23214948e3e385e3f86d/element/f.24B59690DB8413BEE8D229DFAEDEAD25.d.82D4DCF3F3B50CA79A44A0C61A60D86E.e.8682/click - {}
RESULT: {}
COMMAND: GET /session/22675cbf295e23214948e3e385e3f86d/screenshot - {}
RESULT: {}
COMMAND: POST /session/22675cbf295e23214948e3e385e3f86d/element - {"using":"xpath","value":"//li[.//span[text()=\"German\"]]//div[contains(@class,\"sapMCbBg\")]"}
RESULT: {"using":"xpath","value":"//li[.//span[text()=\"German\"]]//div[contains(@class,\"sapMCbBg\")]"}
COMMAND: POST /session/22675cbf295e23214948e3e385e3f86d/element/f.24B59690DB8413BEE8D229DFAEDEAD25.d.82D4DCF3F3B50CA79A44A0C61A60D86E.e.8728/click - {}
RESULT: {}
COMMAND: GET /session/22675cbf295e23214948e3e385e3f86d/screenshot - {}
RESULT: {}
RESULT: undefined
COMMAND: POST /session/22675cbf295e23214948e3e385e3f86d/element - {"using":"xpath","value":"//*[@id=\"application-managepartners-display-component---masterPtm--languages-arrow\"]"}
RESULT: {"using":"xpath","value":"//*[@id=\"application-managepartners-display-component---masterPtm--languages-arrow\"]"}
COMMAND: POST /session/22675cbf295e23214948e3e385e3f86d/element/f.24B59690DB8413BEE8D229DFAEDEAD25.d.82D4DCF3F3B50CA79A44A0C61A60D86E.e.8682/click - {}
RESULT: {}
COMMAND: POST /session/22675cbf295e23214948e3e385e3f86d/element - {"using":"xpath","value":"//span[@id=\"application-managepartners-display-component---masterPtm--smartTable-header-inner\"]"}
COMMAND: GET /session/22675cbf295e23214948e3e385e3f86d/screenshot - {}
RESULT: {"using":"xpath","value":"//span[@id=\"application-managepartners-display-component---masterPtm--smartTable-header-inner\"]"}
COMMAND: POST /session/22675cbf295e23214948e3e385e3f86d/elements - {"using":"xpath","value":"//span[@id=\"application-managepartners-display-component---masterPtm--smartTable-header-inner\"]"}
RESULT: {}
RESULT: {"using":"xpath","value":"//span[@id=\"application-managepartners-display-component---masterPtm--smartTable-header-inner\"]"}
COMMAND: POST /session/22675cbf295e23214948e3e385e3f86d/execute/sync - {"script":"<script> [56 bytes]","args":[{"element-6066-11e4-a52e-4f735466cecf":"f.24B59690DB8413BEE8D229DFAEDEAD25.d.82D4DCF3F3B50CA79A44A0C61A60D86E.e.7751","ELEMENT":"f.24B59690DB8413BEE8D229DFAEDEAD25.d.82D4DCF3F3B50CA79A44A0C61A60D86E.e.7751"}]}
RESULT: {"script":"<script> [56 bytes]","args":[{"element-6066-11e4-a52e-4f735466cecf":"f.24B59690DB8413BEE8D229DFAEDEAD25.d.82D4DCF3F3B50CA79A44A0C61A60D86E.e.7751","ELEMENT":"f.24B59690DB8413BEE8D229DFAEDEAD25.d.82D4DCF3F3B50CA79A44A0C61A60D86E.e.7751"}]}
COMMAND: POST /session/22675cbf295e23214948e3e385e3f86d/element - {"using":"css selector","value":"#shell-header-logo"}
COMMAND: GET /session/22675cbf295e23214948e3e385e3f86d/screenshot - {}
RESULT: {"using":"css selector","value":"#shell-header-logo"}
COMMAND: POST /session/22675cbf295e23214948e3e385e3f86d/element/f.24B59690DB8413BEE8D229DFAEDEAD25.d.82D4DCF3F3B50CA79A44A0C61A60D86E.e.7578/click - {}
RESULT: {}
RESULT: {}
COMMAND: GET /session/22675cbf295e23214948e3e385e3f86d/screenshot - {}
RESULT: {}
COMMAND: POST /session/22675cbf295e23214948e3e385e3f86d/element - {"using":"css selector","value":"#j_username"}
COMMAND: POST /session/22675cbf295e23214948e3e385e3f86d/url - {"url":"https://qa-testing-00-live-etm-ui.cfapps.eu10-004.hana.ondemand.com/"}
RESULT: {"using":"css selector","value":"#j_username"}
COMMAND: POST /session/22675cbf295e23214948e3e385e3f86d/element - {"using":"css selector","value":"#j_username"}
RESULT: {"url":"https://qa-testing-00-live-etm-ui.cfapps.eu10-004.hana.ondemand.com/"}
RESULT: undefined
COMMAND: GET /session/22675cbf295e23214948e3e385e3f86d/screenshot - {}
RESULT: {"using":"css selector","value":"#j_username"}
COMMAND: POST /session/22675cbf295e23214948e3e385e3f86d/element - {"using":"css selector","value":"#shell-header-logo"}
RESULT: {}
RESULT: {"using":"css selector","value":"#shell-header-logo"}
COMMAND: POST /session/22675cbf295e23214948e3e385e3f86d/execute/sync - {"script":"<script> [8489 bytes]","args":[{"element-6066-11e4-a52e-4f735466cecf":"f.24B59690DB8413BEE8D229DFAEDEAD25.d.CDB3D1F1E2694B03F738454D69FA30EA.e.8810","ELEMENT":"f.24B59690DB8413BEE8D229DFAEDEAD25.d.CDB3D1F1E2694B03F738454D69FA30EA.e.8810"}]}
RESULT: {"script":"<script> [8489 bytes]","args":[{"element-6066-11e4-a52e-4f735466cecf":"f.24B59690DB8413BEE8D229DFAEDEAD25.d.CDB3D1F1E2694B03F738454D69FA30EA.e.8810","ELEMENT":"f.24B59690DB8413BEE8D229DFAEDEAD25.d.CDB3D1F1E2694B03F738454D69FA30EA.e.8810"}]}
COMMAND: POST /session/22675cbf295e23214948e3e385e3f86d/element - {"using":"css selector","value":"#shell-header-logo"}
COMMAND: GET /session/22675cbf295e23214948e3e385e3f86d/screenshot - {}
RESULT: {"using":"css selector","value":"#shell-header-logo"}
COMMAND: POST /session/22675cbf295e23214948e3e385e3f86d/execute/sync - {"script":"<script> [8489 bytes]","args":[{"element-6066-11e4-a52e-4f735466cecf":"f.24B59690DB8413BEE8D229DFAEDEAD25.d.CDB3D1F1E2694B03F738454D69FA30EA.e.8810","ELEMENT":"f.24B59690DB8413BEE8D229DFAEDEAD25.d.CDB3D1F1E2694B03F738454D69FA30EA.e.8810"}]}
RESULT: {}
RESULT: {"script":"<script> [8489 bytes]","args":[{"element-6066-11e4-a52e-4f735466cecf":"f.24B59690DB8413BEE8D229DFAEDEAD25.d.CDB3D1F1E2694B03F738454D69FA30EA.e.8810","ELEMENT":"f.24B59690DB8413BEE8D229DFAEDEAD25.d.CDB3D1F1E2694B03F738454D69FA30EA.e.8810"}]}
COMMAND: POST /session/22675cbf295e23214948e3e385e3f86d/execute/sync - {"script":"<script> [5351 bytes]","args":[{"element-6066-11e4-a52e-4f735466cecf":"f.24B59690DB8413BEE8D229DFAEDEAD25.d.CDB3D1F1E2694B03F738454D69FA30EA.e.8810","ELEMENT":"f.24B59690DB8413BEE8D229DFAEDEAD25.d.CDB3D1F1E2694B03F738454D69FA30EA.e.8810"}]}
COMMAND: GET /session/22675cbf295e23214948e3e385e3f86d/screenshot - {}
RESULT: {"script":"<script> [5351 bytes]","args":[{"element-6066-11e4-a52e-4f735466cecf":"f.24B59690DB8413BEE8D229DFAEDEAD25.d.CDB3D1F1E2694B03F738454D69FA30EA.e.8810","ELEMENT":"f.24B59690DB8413BEE8D229DFAEDEAD25.d.CDB3D1F1E2694B03F738454D69FA30EA.e.8810"}]}
COMMAND: POST /session/22675cbf295e23214948e3e385e3f86d/element - {"using":"css selector","value":"#shell-header-logo"}
COMMAND: GET /session/22675cbf295e23214948e3e385e3f86d/screenshot - {}
RESULT: {}
RESULT: {"using":"css selector","value":"#shell-header-logo"}
COMMAND: POST /session/22675cbf295e23214948e3e385e3f86d/element/f.24B59690DB8413BEE8D229DFAEDEAD25.d.CDB3D1F1E2694B03F738454D69FA30EA.e.8810/click - {}
RESULT: {}
RESULT: {}
COMMAND: GET /session/22675cbf295e23214948e3e385e3f86d/screenshot - {}
RESULT: {}
COMMAND: POST /session/22675cbf295e23214948e3e385e3f86d/execute/async - {"script":"<script> [189 bytes]","args":[]}
RESULT: {"script":"<script> [189 bytes]","args":[]}
COMMAND: POST /session/22675cbf295e23214948e3e385e3f86d/execute/async - {"script":"<script> [123 bytes]","args":[]}
RESULT: {"script":"<script> [123 bytes]","args":[]}
COMMAND: POST /session/22675cbf295e23214948e3e385e3f86d/timeouts - {"script":"<number>"}
RESULT: {"script":"<number>"}
COMMAND: GET /session/22675cbf295e23214948e3e385e3f86d/timeouts - {}
RESULT: {}
RESULT: undefined
COMMAND: POST /session/22675cbf295e23214948e3e385e3f86d/execute/async - {"script":"<script> [2676 bytes]","args":[]}
RESULT: {"script":"<script> [2676 bytes]","args":[]}
COMMAND: POST /session/22675cbf295e23214948e3e385e3f86d/execute/async - {"script":"<script> [2342 bytes]","args":[{"protocol":"http","hostname":"0.0.0.0","path":"/","capabilities":{"browserName":"chrome","goog:chromeOptions":{"binary":"C:\\Program Files\\Google\\Chrome\\Application\\chrome.exe","args":["--start-maximized"]}},"logLevel":"warn","connectionRetryTimeout":120000,"connectionRetryCount":3,"logLevels":{},"enableDirectConnect":true,"strictSSL":true,"_":"65 more keys: [\"cacheDir\",\"port\",\"requestedCapabilities\",\"automationProtocol\",\"baseUrl\",\"waitforInterval\",\"waitforTimeout\",\"onReload\",\"beforeCommand\",\"afterCommand\",\"rootDir\",\"specs\",\"suites\",\"exclude\",\"groupLogsByTestSpec\",\"excludeDriverLogs\",\"bail\",\"framework\",\"reporters\",\"services\",\"maxInstances\",\"maxInstancesPerCapability\",\"injectGlobals\",\"filesToWatch\",\"execArgv\",\"runnerEnv\",\"runner\",\"shard\",\"specFileRetries\",\"specFileRetriesDelay\",\"specFileRetriesDeferred\",\"reporterSyncInterval\",\"reporterSyncTimeout\",\"cucumberFeaturesWithLineNumbers\",\"autoCompileOpts\",\"mochaOpts\",\"jasmineOpts\",\"cucumberOpts\",\"onPrepare\",\"onWorkerStart\",\"onWorkerEnd\",\"before\",\"beforeSession\",\"beforeSuite\",\"beforeHook\",\"beforeTest\",\"afterTest\",\"afterHook\",\"afterSuite\",\"afterSession\",\"after\",\"onComplete\",\"beforeAssertion\",\"afterAssertion\",\"beforeFeature\",\"beforeScenario\",\"beforeStep\",\"afterStep\",\"afterScenario\",\"afterFeature\",\"_\",\"suite\",\"$0\",\"ignoredWorkerServices\",\"wdi5\"]"}]}
RESULT: {"script":"<script> [2342 bytes]","args":[{"protocol":"http","hostname":"0.0.0.0","path":"/","capabilities":{"browserName":"chrome","goog:chromeOptions":{"binary":"C:\\Program Files\\Google\\Chrome\\Application\\chrome.exe","args":["--start-maximized"]}},"logLevel":"warn","connectionRetryTimeout":120000,"connectionRetryCount":3,"logLevels":{},"enableDirectConnect":true,"strictSSL":true,"_":"65 more keys: [\"cacheDir\",\"port\",\"requestedCapabilities\",\"automationProtocol\",\"baseUrl\",\"waitforInterval\",\"waitforTimeout\",\"onReload\",\"beforeCommand\",\"afterCommand\",\"rootDir\",\"specs\",\"suites\",\"exclude\",\"groupLogsByTestSpec\",\"excludeDriverLogs\",\"bail\",\"framework\",\"reporters\",\"services\",\"maxInstances\",\"maxInstancesPerCapability\",\"injectGlobals\",\"filesToWatch\",\"execArgv\",\"runnerEnv\",\"runner\",\"shard\",\"specFileRetries\",\"specFileRetriesDelay\",\"specFileRetriesDeferred\",\"reporterSyncInterval\",\"reporterSyncTimeout\",\"cucumberFeaturesWithLineNumbers\",\"autoCompileOpts\",\"mochaOpts\",\"jasmineOpts\",\"cucumberOpts\",\"onPrepare\",\"onWorkerStart\",\"onWorkerEnd\",\"before\",\"beforeSession\",\"beforeSuite\",\"beforeHook\",\"beforeTest\",\"afterTest\",\"afterHook\",\"afterSuite\",\"afterSession\",\"after\",\"onComplete\",\"beforeAssertion\",\"afterAssertion\",\"beforeFeature\",\"beforeScenario\",\"beforeStep\",\"afterStep\",\"afterScenario\",\"afterFeature\",\"_\",\"suite\",\"$0\",\"ignoredWorkerServices\",\"wdi5\"]"}]}
COMMAND: POST /session/22675cbf295e23214948e3e385e3f86d/execute/async - {"script":"<script> [21126 bytes]","args":[35000]}
RESULT: {"script":"<script> [21126 bytes]","args":[35000]}
COMMAND: POST /session/22675cbf295e23214948e3e385e3f86d/window/maximize - {}
RESULT: {}
COMMAND: POST /session/22675cbf295e23214948e3e385e3f86d/execute/async - {"script":"<script> [1562 bytes]","args":[{"selector":{"id":"shell-header","interaction":{"idSuffix":"icon"}},"wdio_ui5_key":"shellheader"}]}
COMMAND: GET /session/22675cbf295e23214948e3e385e3f86d/screenshot - {}
RESULT: {"script":"<script> [1562 bytes]","args":[{"selector":{"id":"shell-header","interaction":{"idSuffix":"icon"}},"wdio_ui5_key":"shellheader"}]}
RESULT: undefined
COMMAND: POST /session/22675cbf295e23214948e3e385e3f86d/refresh - {}
RESULT: {}
RESULT: {}
COMMAND: GET /session/22675cbf295e23214948e3e385e3f86d/screenshot - {}
RESULT: {}
COMMAND: POST /session/22675cbf295e23214948e3e385e3f86d/refresh - {}
RESULT: {}
COMMAND: GET /session/22675cbf295e23214948e3e385e3f86d/screenshot - {}
RESULT: {}
COMMAND: POST /session/22675cbf295e23214948e3e385e3f86d/window/fullscreen - {}
RESULT: {}
COMMAND: POST /session/22675cbf295e23214948e3e385e3f86d/execute/async - {"script":"<script> [189 bytes]","args":[]}
RESULT: {"script":"<script> [189 bytes]","args":[]}
COMMAND: POST /session/22675cbf295e23214948e3e385e3f86d/execute/async - {"script":"<script> [123 bytes]","args":[]}
RESULT: {"script":"<script> [123 bytes]","args":[]}
COMMAND: POST /session/22675cbf295e23214948e3e385e3f86d/timeouts - {"script":"<number>"}
RESULT: {"script":"<number>"}
COMMAND: GET /session/22675cbf295e23214948e3e385e3f86d/timeouts - {}
RESULT: {}
RESULT: undefined
COMMAND: POST /session/22675cbf295e23214948e3e385e3f86d/execute/async - {"script":"<script> [2676 bytes]","args":[]}
RESULT: {"script":"<script> [2676 bytes]","args":[]}
COMMAND: POST /session/22675cbf295e23214948e3e385e3f86d/execute/async - {"script":"<script> [2342 bytes]","args":[{"protocol":"http","hostname":"0.0.0.0","path":"/","capabilities":{"browserName":"chrome","goog:chromeOptions":{"binary":"C:\\Program Files\\Google\\Chrome\\Application\\chrome.exe","args":["--start-maximized"]}},"logLevel":"warn","connectionRetryTimeout":120000,"connectionRetryCount":3,"logLevels":{},"enableDirectConnect":true,"strictSSL":true,"_":"65 more keys: [\"cacheDir\",\"port\",\"requestedCapabilities\",\"automationProtocol\",\"baseUrl\",\"waitforInterval\",\"waitforTimeout\",\"onReload\",\"beforeCommand\",\"afterCommand\",\"rootDir\",\"specs\",\"suites\",\"exclude\",\"groupLogsByTestSpec\",\"excludeDriverLogs\",\"bail\",\"framework\",\"reporters\",\"services\",\"maxInstances\",\"maxInstancesPerCapability\",\"injectGlobals\",\"filesToWatch\",\"execArgv\",\"runnerEnv\",\"runner\",\"shard\",\"specFileRetries\",\"specFileRetriesDelay\",\"specFileRetriesDeferred\",\"reporterSyncInterval\",\"reporterSyncTimeout\",\"cucumberFeaturesWithLineNumbers\",\"autoCompileOpts\",\"mochaOpts\",\"jasmineOpts\",\"cucumberOpts\",\"onPrepare\",\"onWorkerStart\",\"onWorkerEnd\",\"before\",\"beforeSession\",\"beforeSuite\",\"beforeHook\",\"beforeTest\",\"afterTest\",\"afterHook\",\"afterSuite\",\"afterSession\",\"after\",\"onComplete\",\"beforeAssertion\",\"afterAssertion\",\"beforeFeature\",\"beforeScenario\",\"beforeStep\",\"afterStep\",\"afterScenario\",\"afterFeature\",\"_\",\"suite\",\"$0\",\"ignoredWorkerServices\",\"wdi5\"]"}]}
RESULT: {"script":"<script> [2342 bytes]","args":[{"protocol":"http","hostname":"0.0.0.0","path":"/","capabilities":{"browserName":"chrome","goog:chromeOptions":{"binary":"C:\\Program Files\\Google\\Chrome\\Application\\chrome.exe","args":["--start-maximized"]}},"logLevel":"warn","connectionRetryTimeout":120000,"connectionRetryCount":3,"logLevels":{},"enableDirectConnect":true,"strictSSL":true,"_":"65 more keys: [\"cacheDir\",\"port\",\"requestedCapabilities\",\"automationProtocol\",\"baseUrl\",\"waitforInterval\",\"waitforTimeout\",\"onReload\",\"beforeCommand\",\"afterCommand\",\"rootDir\",\"specs\",\"suites\",\"exclude\",\"groupLogsByTestSpec\",\"excludeDriverLogs\",\"bail\",\"framework\",\"reporters\",\"services\",\"maxInstances\",\"maxInstancesPerCapability\",\"injectGlobals\",\"filesToWatch\",\"execArgv\",\"runnerEnv\",\"runner\",\"shard\",\"specFileRetries\",\"specFileRetriesDelay\",\"specFileRetriesDeferred\",\"reporterSyncInterval\",\"reporterSyncTimeout\",\"cucumberFeaturesWithLineNumbers\",\"autoCompileOpts\",\"mochaOpts\",\"jasmineOpts\",\"cucumberOpts\",\"onPrepare\",\"onWorkerStart\",\"onWorkerEnd\",\"before\",\"beforeSession\",\"beforeSuite\",\"beforeHook\",\"beforeTest\",\"afterTest\",\"afterHook\",\"afterSuite\",\"afterSession\",\"after\",\"onComplete\",\"beforeAssertion\",\"afterAssertion\",\"beforeFeature\",\"beforeScenario\",\"beforeStep\",\"afterStep\",\"afterScenario\",\"afterFeature\",\"_\",\"suite\",\"$0\",\"ignoredWorkerServices\",\"wdi5\"]"}]}
COMMAND: POST /session/22675cbf295e23214948e3e385e3f86d/execute/async - {"script":"<script> [21126 bytes]","args":[35000]}
RESULT: {"script":"<script> [21126 bytes]","args":[35000]}
]]></system-out>
    </testcase>
  </testsuite>
  <testsuite timestamp="2025-05-17T17:59:38" time="533.06" tests="4" failures="0" errors="0" skipped="0">
    <properties>
      <property name="specId" value="0" />
      <property name="suiteName" value="Create partner US118246" />
      <property name="capabilities" value="chrome.136_0_7103_93.windows" />
      <property name="file" value="file:///D:/a/1/s/test/specs/BTS/create-partner.spec.js" />
    </properties>
    <testcase classname="chrome.136_0_7103_93.windows.Create_partner_US118246" name="Should create a new yard in case create yard failed" time="133.427">
      <system-out><![CDATA[
COMMAND: POST /session/22675cbf295e23214948e3e385e3f86d/window/fullscreen - {}
RESULT: {}
COMMAND: POST /session/22675cbf295e23214948e3e385e3f86d/execute/async - {"script":"<script> [1562 bytes]","args":[{"selector":{"controlType":"sap.m.GenericTile","properties":{"header":"Manage Yards"}},"wdio_ui5_key":"sapm.GenericTile{\"header\":\"Manage Yards\"}"}]}
RESULT: {"script":"<script> [1562 bytes]","args":[{"selector":{"controlType":"sap.m.GenericTile","properties":{"header":"Manage Yards"}},"wdio_ui5_key":"sapm.GenericTile{\"header\":\"Manage Yards\"}"}]}
RESULT: undefined
COMMAND: POST /session/22675cbf295e23214948e3e385e3f86d/element - {"using":"xpath","value":"//*[@id=\"__tile41\"]"}
RESULT: {"using":"xpath","value":"//*[@id=\"__tile41\"]"}
COMMAND: POST /session/22675cbf295e23214948e3e385e3f86d/element/f.24B59690DB8413BEE8D229DFAEDEAD25.d.47CA9F6BFD34E0D243B0CF84E5ED81B4.e.8972/click - {}
RESULT: {}
COMMAND: GET /session/22675cbf295e23214948e3e385e3f86d/screenshot - {}
RESULT: {}
COMMAND: POST /session/22675cbf295e23214948e3e385e3f86d/elements - {"using":"xpath","value":"//span[text()='Error']"}
RESULT: {"using":"xpath","value":"//span[text()='Error']"}
COMMAND: POST /session/22675cbf295e23214948e3e385e3f86d/element - {"using":"xpath","value":"//button[@data-kt=\"addNewYardOverflowToolbarButton\"]"}
RESULT: {"using":"xpath","value":"//button[@data-kt=\"addNewYardOverflowToolbarButton\"]"}
COMMAND: POST /session/22675cbf295e23214948e3e385e3f86d/elements - {"using":"xpath","value":"//button[@data-kt=\"addNewYardOverflowToolbarButton\"]"}
RESULT: {"using":"xpath","value":"//button[@data-kt=\"addNewYardOverflowToolbarButton\"]"}
COMMAND: POST /session/22675cbf295e23214948e3e385e3f86d/elements - {"using":"xpath","value":"//button[@data-kt=\"addNewYardOverflowToolbarButton\"]"}
RESULT: {"using":"xpath","value":"//button[@data-kt=\"addNewYardOverflowToolbarButton\"]"}
COMMAND: POST /session/22675cbf295e23214948e3e385e3f86d/elements - {"using":"xpath","value":"//button[@data-kt=\"addNewYardOverflowToolbarButton\"]"}
RESULT: {"using":"xpath","value":"//button[@data-kt=\"addNewYardOverflowToolbarButton\"]"}
COMMAND: POST /session/22675cbf295e23214948e3e385e3f86d/elements - {"using":"xpath","value":"//button[@data-kt=\"addNewYardOverflowToolbarButton\"]"}
RESULT: {"using":"xpath","value":"//button[@data-kt=\"addNewYardOverflowToolbarButton\"]"}
COMMAND: POST /session/22675cbf295e23214948e3e385e3f86d/elements - {"using":"xpath","value":"//button[@data-kt=\"addNewYardOverflowToolbarButton\"]"}
RESULT: {"using":"xpath","value":"//button[@data-kt=\"addNewYardOverflowToolbarButton\"]"}
COMMAND: POST /session/22675cbf295e23214948e3e385e3f86d/elements - {"using":"xpath","value":"//button[@data-kt=\"addNewYardOverflowToolbarButton\"]"}
RESULT: {"using":"xpath","value":"//button[@data-kt=\"addNewYardOverflowToolbarButton\"]"}
COMMAND: POST /session/22675cbf295e23214948e3e385e3f86d/elements - {"using":"xpath","value":"//button[@data-kt=\"addNewYardOverflowToolbarButton\"]"}
RESULT: {"using":"xpath","value":"//button[@data-kt=\"addNewYardOverflowToolbarButton\"]"}
COMMAND: POST /session/22675cbf295e23214948e3e385e3f86d/elements - {"using":"xpath","value":"//button[@data-kt=\"addNewYardOverflowToolbarButton\"]"}
RESULT: {"using":"xpath","value":"//button[@data-kt=\"addNewYardOverflowToolbarButton\"]"}
COMMAND: POST /session/22675cbf295e23214948e3e385e3f86d/element - {"using":"xpath","value":"//button[@data-kt=\"addNewYardOverflowToolbarButton\"]"}
RESULT: {"using":"xpath","value":"//button[@data-kt=\"addNewYardOverflowToolbarButton\"]"}
COMMAND: POST /session/22675cbf295e23214948e3e385e3f86d/execute/sync - {"script":"<script> [8489 bytes]","args":[{"element-6066-11e4-a52e-4f735466cecf":"f.24B59690DB8413BEE8D229DFAEDEAD25.d.47CA9F6BFD34E0D243B0CF84E5ED81B4.e.9108","ELEMENT":"f.24B59690DB8413BEE8D229DFAEDEAD25.d.47CA9F6BFD34E0D243B0CF84E5ED81B4.e.9108"}]}
RESULT: {"script":"<script> [8489 bytes]","args":[{"element-6066-11e4-a52e-4f735466cecf":"f.24B59690DB8413BEE8D229DFAEDEAD25.d.47CA9F6BFD34E0D243B0CF84E5ED81B4.e.9108","ELEMENT":"f.24B59690DB8413BEE8D229DFAEDEAD25.d.47CA9F6BFD34E0D243B0CF84E5ED81B4.e.9108"}]}
COMMAND: GET /session/22675cbf295e23214948e3e385e3f86d/element/f.24B59690DB8413BEE8D229DFAEDEAD25.d.47CA9F6BFD34E0D243B0CF84E5ED81B4.e.9108/enabled - {}
COMMAND: GET /session/22675cbf295e23214948e3e385e3f86d/screenshot - {}
RESULT: {}
COMMAND: POST /session/22675cbf295e23214948e3e385e3f86d/execute/sync - {"script":"<script> [8489 bytes]","args":[{"element-6066-11e4-a52e-4f735466cecf":"f.24B59690DB8413BEE8D229DFAEDEAD25.d.47CA9F6BFD34E0D243B0CF84E5ED81B4.e.9108","ELEMENT":"f.24B59690DB8413BEE8D229DFAEDEAD25.d.47CA9F6BFD34E0D243B0CF84E5ED81B4.e.9108"}]}
COMMAND: GET /session/22675cbf295e23214948e3e385e3f86d/screenshot - {}
RESULT: {}
RESULT: {"script":"<script> [8489 bytes]","args":[{"element-6066-11e4-a52e-4f735466cecf":"f.24B59690DB8413BEE8D229DFAEDEAD25.d.47CA9F6BFD34E0D243B0CF84E5ED81B4.e.9108","ELEMENT":"f.24B59690DB8413BEE8D229DFAEDEAD25.d.47CA9F6BFD34E0D243B0CF84E5ED81B4.e.9108"}]}
COMMAND: POST /session/22675cbf295e23214948e3e385e3f86d/execute/sync - {"script":"<script> [5351 bytes]","args":[{"element-6066-11e4-a52e-4f735466cecf":"f.24B59690DB8413BEE8D229DFAEDEAD25.d.47CA9F6BFD34E0D243B0CF84E5ED81B4.e.9108","ELEMENT":"f.24B59690DB8413BEE8D229DFAEDEAD25.d.47CA9F6BFD34E0D243B0CF84E5ED81B4.e.9108"}]}
COMMAND: GET /session/22675cbf295e23214948e3e385e3f86d/screenshot - {}
RESULT: {}
RESULT: {"script":"<script> [5351 bytes]","args":[{"element-6066-11e4-a52e-4f735466cecf":"f.24B59690DB8413BEE8D229DFAEDEAD25.d.47CA9F6BFD34E0D243B0CF84E5ED81B4.e.9108","ELEMENT":"f.24B59690DB8413BEE8D229DFAEDEAD25.d.47CA9F6BFD34E0D243B0CF84E5ED81B4.e.9108"}]}
COMMAND: POST /session/22675cbf295e23214948e3e385e3f86d/element/f.24B59690DB8413BEE8D229DFAEDEAD25.d.47CA9F6BFD34E0D243B0CF84E5ED81B4.e.9108/click - {}
COMMAND: GET /session/22675cbf295e23214948e3e385e3f86d/screenshot - {}
RESULT: {}
RESULT: {}
COMMAND: GET /session/22675cbf295e23214948e3e385e3f86d/screenshot - {}
RESULT: {}
COMMAND: POST /session/22675cbf295e23214948e3e385e3f86d/element - {"using":"xpath","value":"//input[@id=\"application-manageyards-display-component---NewYard--yardId-inner\"]"}
RESULT: {}
RESULT: {"using":"xpath","value":"//input[@id=\"application-manageyards-display-component---NewYard--yardId-inner\"]"}
COMMAND: POST /session/22675cbf295e23214948e3e385e3f86d/element - {"using":"xpath","value":"//input[@id=\"application-manageyards-display-component---NewYard--yardId-inner\"]"}
RESULT: {"using":"xpath","value":"//input[@id=\"application-manageyards-display-component---NewYard--yardId-inner\"]"}
COMMAND: POST /session/22675cbf295e23214948e3e385e3f86d/execute/async - {"script":"<script> [1562 bytes]","args":[{"selector":{"id":"application-manageyards-display-component---NewYard--addressDetailDetailsName1","interaction":{"idSuffix":"inner"}},"wdio_ui5_key":"applicationmanageyards-display-component---NewYard--addressDetailDetailsName1"}]}
RESULT: {"script":"<script> [1562 bytes]","args":[{"selector":{"id":"application-manageyards-display-component---NewYard--addressDetailDetailsName1","interaction":{"idSuffix":"inner"}},"wdio_ui5_key":"applicationmanageyards-display-component---NewYard--addressDetailDetailsName1"}]}
RESULT: undefined
COMMAND: POST /session/22675cbf295e23214948e3e385e3f86d/execute/async - {"script":"<script> [776 bytes]","args":[{"enterText":"Intracompany Yard wdIO","selector":{"id":"application-manageyards-display-component---NewYard--addressDetailDetailsName1","interaction":{"idSuffix":"inner"}},"clearTextFirst":true,"interactionType":"ENTER_TEXT"}]}
RESULT: {"script":"<script> [776 bytes]","args":[{"enterText":"Intracompany Yard wdIO","selector":{"id":"application-manageyards-display-component---NewYard--addressDetailDetailsName1","interaction":{"idSuffix":"inner"}},"clearTextFirst":true,"interactionType":"ENTER_TEXT"}]}
COMMAND: POST /session/22675cbf295e23214948e3e385e3f86d/execute/async - {"script":"<script> [1562 bytes]","args":[{"selector":{"id":"application-manageyards-display-component---NewYard--addressDetailDetailsLanguage-arrow"},"wdio_ui5_key":"applicationmanageyards-display-component---NewYard--addressDetailDetailsLanguage-arrow"}]}
RESULT: {"script":"<script> [1562 bytes]","args":[{"selector":{"id":"application-manageyards-display-component---NewYard--addressDetailDetailsLanguage-arrow"},"wdio_ui5_key":"applicationmanageyards-display-component---NewYard--addressDetailDetailsLanguage-arrow"}]}
RESULT: undefined
COMMAND: POST /session/22675cbf295e23214948e3e385e3f86d/element - {"using":"xpath","value":"//*[@id=\"application-manageyards-display-component---NewYard--addressDetailDetailsLanguage-arrow\"]"}
RESULT: {"using":"xpath","value":"//*[@id=\"application-manageyards-display-component---NewYard--addressDetailDetailsLanguage-arrow\"]"}
COMMAND: POST /session/22675cbf295e23214948e3e385e3f86d/element/f.24B59690DB8413BEE8D229DFAEDEAD25.d.47CA9F6BFD34E0D243B0CF84E5ED81B4.e.9544/click - {}
RESULT: {}
COMMAND: POST /session/22675cbf295e23214948e3e385e3f86d/element - {"using":"xpath","value":"//span[contains(text(), \"English\")]"}
COMMAND: GET /session/22675cbf295e23214948e3e385e3f86d/screenshot - {}
RESULT: {"using":"xpath","value":"//span[contains(text(), \"English\")]"}
COMMAND: POST /session/22675cbf295e23214948e3e385e3f86d/element/f.24B59690DB8413BEE8D229DFAEDEAD25.d.47CA9F6BFD34E0D243B0CF84E5ED81B4.e.9545/click - {}
RESULT: {}
RESULT: {}
COMMAND: POST /session/22675cbf295e23214948e3e385e3f86d/execute/async - {"script":"<script> [1562 bytes]","args":[{"selector":{"id":"application-manageyards-display-component---NewYard--addressDetailDetailsCity1","interaction":{"idSuffix":"inner"}},"wdio_ui5_key":"applicationmanageyards-display-component---NewYard--addressDetailDetailsCity1"}]}
COMMAND: GET /session/22675cbf295e23214948e3e385e3f86d/screenshot - {}
RESULT: {"script":"<script> [1562 bytes]","args":[{"selector":{"id":"application-manageyards-display-component---NewYard--addressDetailDetailsCity1","interaction":{"idSuffix":"inner"}},"wdio_ui5_key":"applicationmanageyards-display-component---NewYard--addressDetailDetailsCity1"}]}
RESULT: undefined
COMMAND: POST /session/22675cbf295e23214948e3e385e3f86d/execute/async - {"script":"<script> [776 bytes]","args":[{"enterText":"Rosario","selector":{"id":"application-manageyards-display-component---NewYard--addressDetailDetailsCity1","interaction":{"idSuffix":"inner"}},"clearTextFirst":true,"interactionType":"ENTER_TEXT"}]}
RESULT: {}
RESULT: {"script":"<script> [776 bytes]","args":[{"enterText":"Rosario","selector":{"id":"application-manageyards-display-component---NewYard--addressDetailDetailsCity1","interaction":{"idSuffix":"inner"}},"clearTextFirst":true,"interactionType":"ENTER_TEXT"}]}
COMMAND: POST /session/22675cbf295e23214948e3e385e3f86d/execute/async - {"script":"<script> [1562 bytes]","args":[{"selector":{"id":"application-manageyards-display-component---NewYard--addressDetailDetailsCountry-arrow"},"wdio_ui5_key":"applicationmanageyards-display-component---NewYard--addressDetailDetailsCountry-arrow"}]}
RESULT: {"script":"<script> [1562 bytes]","args":[{"selector":{"id":"application-manageyards-display-component---NewYard--addressDetailDetailsCountry-arrow"},"wdio_ui5_key":"applicationmanageyards-display-component---NewYard--addressDetailDetailsCountry-arrow"}]}
RESULT: undefined
COMMAND: POST /session/22675cbf295e23214948e3e385e3f86d/element - {"using":"xpath","value":"//*[@id=\"application-manageyards-display-component---NewYard--addressDetailDetailsCountry-arrow\"]"}
RESULT: {"using":"xpath","value":"//*[@id=\"application-manageyards-display-component---NewYard--addressDetailDetailsCountry-arrow\"]"}
COMMAND: POST /session/22675cbf295e23214948e3e385e3f86d/element/f.24B59690DB8413BEE8D229DFAEDEAD25.d.47CA9F6BFD34E0D243B0CF84E5ED81B4.e.9547/click - {}
RESULT: {}
COMMAND: POST /session/22675cbf295e23214948e3e385e3f86d/element - {"using":"xpath","value":"//span[contains(text(), \"Argentina\")]"}
COMMAND: GET /session/22675cbf295e23214948e3e385e3f86d/screenshot - {}
RESULT: {"using":"xpath","value":"//span[contains(text(), \"Argentina\")]"}
COMMAND: POST /session/22675cbf295e23214948e3e385e3f86d/element/f.24B59690DB8413BEE8D229DFAEDEAD25.d.47CA9F6BFD34E0D243B0CF84E5ED81B4.e.9549/click - {}
RESULT: {}
RESULT: {}
COMMAND: POST /session/22675cbf295e23214948e3e385e3f86d/execute/async - {"script":"<script> [1562 bytes]","args":[{"selector":{"id":"application-manageyards-display-component---NewYard--addressEditDetailsCostObjectCstType-arrow"},"wdio_ui5_key":"applicationmanageyards-display-component---NewYard--addressEditDetailsCostObjectCstType-arrow"}]}
COMMAND: GET /session/22675cbf295e23214948e3e385e3f86d/screenshot - {}
RESULT: {"script":"<script> [1562 bytes]","args":[{"selector":{"id":"application-manageyards-display-component---NewYard--addressEditDetailsCostObjectCstType-arrow"},"wdio_ui5_key":"applicationmanageyards-display-component---NewYard--addressEditDetailsCostObjectCstType-arrow"}]}
RESULT: undefined
COMMAND: POST /session/22675cbf295e23214948e3e385e3f86d/element - {"using":"xpath","value":"//*[@id=\"application-manageyards-display-component---NewYard--addressEditDetailsCostObjectCstType-arrow\"]"}
RESULT: {}
RESULT: {"using":"xpath","value":"//*[@id=\"application-manageyards-display-component---NewYard--addressEditDetailsCostObjectCstType-arrow\"]"}
COMMAND: POST /session/22675cbf295e23214948e3e385e3f86d/element/f.24B59690DB8413BEE8D229DFAEDEAD25.d.47CA9F6BFD34E0D243B0CF84E5ED81B4.e.9550/click - {}
RESULT: {}
COMMAND: POST /session/22675cbf295e23214948e3e385e3f86d/element - {"using":"xpath","value":"//span[contains(text(), \"Cost Center\")]"}
COMMAND: GET /session/22675cbf295e23214948e3e385e3f86d/screenshot - {}
RESULT: {"using":"xpath","value":"//span[contains(text(), \"Cost Center\")]"}
COMMAND: POST /session/22675cbf295e23214948e3e385e3f86d/element/f.24B59690DB8413BEE8D229DFAEDEAD25.d.47CA9F6BFD34E0D243B0CF84E5ED81B4.e.9551/click - {}
RESULT: {}
RESULT: {}
COMMAND: GET /session/22675cbf295e23214948e3e385e3f86d/screenshot - {}
RESULT: {}
COMMAND: POST /session/22675cbf295e23214948e3e385e3f86d/element - {"using":"xpath","value":"//span[@id=\"application-manageyards-display-component---NewYard--addressNewCostObjectCstID-vhi\"]"}
RESULT: {"using":"xpath","value":"//span[@id=\"application-manageyards-display-component---NewYard--addressNewCostObjectCstID-vhi\"]"}
COMMAND: POST /session/22675cbf295e23214948e3e385e3f86d/execute/sync - {"script":"<script> [8489 bytes]","args":[{"element-6066-11e4-a52e-4f735466cecf":"f.24B59690DB8413BEE8D229DFAEDEAD25.d.47CA9F6BFD34E0D243B0CF84E5ED81B4.e.9555","ELEMENT":"f.24B59690DB8413BEE8D229DFAEDEAD25.d.47CA9F6BFD34E0D243B0CF84E5ED81B4.e.9555"}]}
RESULT: {"script":"<script> [8489 bytes]","args":[{"element-6066-11e4-a52e-4f735466cecf":"f.24B59690DB8413BEE8D229DFAEDEAD25.d.47CA9F6BFD34E0D243B0CF84E5ED81B4.e.9555","ELEMENT":"f.24B59690DB8413BEE8D229DFAEDEAD25.d.47CA9F6BFD34E0D243B0CF84E5ED81B4.e.9555"}]}
COMMAND: POST /session/22675cbf295e23214948e3e385e3f86d/execute/async - {"script":"<script> [1562 bytes]","args":[{"selector":{"id":"application-manageyards-display-component---NewYard--addressNewCostObjectCstID-vhi"},"wdio_ui5_key":"applicationmanageyards-display-component---NewYard--addressNewCostObjectCstID-vhi"}]}
COMMAND: GET /session/22675cbf295e23214948e3e385e3f86d/screenshot - {}
RESULT: {"script":"<script> [1562 bytes]","args":[{"selector":{"id":"application-manageyards-display-component---NewYard--addressNewCostObjectCstID-vhi"},"wdio_ui5_key":"applicationmanageyards-display-component---NewYard--addressNewCostObjectCstID-vhi"}]}
RESULT: undefined
COMMAND: POST /session/22675cbf295e23214948e3e385e3f86d/element - {"using":"xpath","value":"//*[@id=\"application-manageyards-display-component---NewYard--addressNewCostObjectCstID-vhi\"]"}
RESULT: {}
RESULT: {"using":"xpath","value":"//*[@id=\"application-manageyards-display-component---NewYard--addressNewCostObjectCstID-vhi\"]"}
COMMAND: POST /session/22675cbf295e23214948e3e385e3f86d/element/f.24B59690DB8413BEE8D229DFAEDEAD25.d.47CA9F6BFD34E0D243B0CF84E5ED81B4.e.9555/click - {}
RESULT: {}
COMMAND: GET /session/22675cbf295e23214948e3e385e3f86d/screenshot - {}
RESULT: {}
COMMAND: POST /session/22675cbf295e23214948e3e385e3f86d/execute/async - {"script":"<script> [1562 bytes]","args":[{"selector":{"controlType":"sap.m.SearchField","properties":{"placeholder":"Search"},"searchOpenDialogs":true,"interaction":{"idSuffix":"I"}},"wdio_ui5_key":"sapm.SearchField{\"placeholder\":\"Search\"}"}]}
RESULT: {"script":"<script> [1562 bytes]","args":[{"selector":{"controlType":"sap.m.SearchField","properties":{"placeholder":"Search"},"searchOpenDialogs":true,"interaction":{"idSuffix":"I"}},"wdio_ui5_key":"sapm.SearchField{\"placeholder\":\"Search\"}"}]}
RESULT: undefined
COMMAND: POST /session/22675cbf295e23214948e3e385e3f86d/execute/async - {"script":"<script> [776 bytes]","args":[{"enterText":"bauh_b","selector":{"controlType":"sap.m.SearchField","properties":{"placeholder":"Search"},"searchOpenDialogs":true,"interaction":{"idSuffix":"I"}},"clearTextFirst":true,"interactionType":"ENTER_TEXT"}]}
RESULT: {"script":"<script> [776 bytes]","args":[{"enterText":"bauh_b","selector":{"controlType":"sap.m.SearchField","properties":{"placeholder":"Search"},"searchOpenDialogs":true,"interaction":{"idSuffix":"I"}},"clearTextFirst":true,"interactionType":"ENTER_TEXT"}]}
COMMAND: POST /session/22675cbf295e23214948e3e385e3f86d/actions - {"actions":[{"id":"action25","type":"key","parameters":{},"actions":[{"type":"keyDown","value":"î€‡"},{"type":"pause","duration":10},{"type":"keyUp","value":"î€‡"}]}]}
RESULT: {"actions":[{"id":"action25","type":"key","parameters":{},"actions":[{"type":"keyDown","value":"î€‡"},{"type":"pause","duration":10},{"type":"keyUp","value":"î€‡"}]}]}
COMMAND: GET /session/22675cbf295e23214948e3e385e3f86d/screenshot - {}
RESULT: {}
COMMAND: POST /session/22675cbf295e23214948e3e385e3f86d/element - {"using":"xpath","value":"//span[contains(text(), \"Demo Yard\")]"}
RESULT: {"using":"xpath","value":"//span[contains(text(), \"Demo Yard\")]"}
COMMAND: POST /session/22675cbf295e23214948e3e385e3f86d/element/f.24B59690DB8413BEE8D229DFAEDEAD25.d.47CA9F6BFD34E0D243B0CF84E5ED81B4.e.9596/click - {}
RESULT: {}
COMMAND: GET /session/22675cbf295e23214948e3e385e3f86d/screenshot - {}
RESULT: {}
COMMAND: POST /session/22675cbf295e23214948e3e385e3f86d/element - {"using":"xpath","value":"//bdi[contains(text(), \"OK\")]"}
RESULT: {"using":"xpath","value":"//bdi[contains(text(), \"OK\")]"}
COMMAND: POST /session/22675cbf295e23214948e3e385e3f86d/element/f.24B59690DB8413BEE8D229DFAEDEAD25.d.47CA9F6BFD34E0D243B0CF84E5ED81B4.e.9597/click - {}
RESULT: {}
COMMAND: GET /session/22675cbf295e23214948e3e385e3f86d/screenshot - {}
RESULT: {}
COMMAND: POST /session/22675cbf295e23214948e3e385e3f86d/execute/async - {"script":"<script> [1562 bytes]","args":[{"selector":{"id":"application-manageyards-display-component---NewYard--addressEditDetailsCurrency-arrow"},"wdio_ui5_key":"applicationmanageyards-display-component---NewYard--addressEditDetailsCurrency-arrow"}]}
RESULT: {"script":"<script> [1562 bytes]","args":[{"selector":{"id":"application-manageyards-display-component---NewYard--addressEditDetailsCurrency-arrow"},"wdio_ui5_key":"applicationmanageyards-display-component---NewYard--addressEditDetailsCurrency-arrow"}]}
RESULT: undefined
COMMAND: POST /session/22675cbf295e23214948e3e385e3f86d/element - {"using":"xpath","value":"//*[@id=\"application-manageyards-display-component---NewYard--addressEditDetailsCurrency-arrow\"]"}
RESULT: {"using":"xpath","value":"//*[@id=\"application-manageyards-display-component---NewYard--addressEditDetailsCurrency-arrow\"]"}
COMMAND: POST /session/22675cbf295e23214948e3e385e3f86d/element/f.24B59690DB8413BEE8D229DFAEDEAD25.d.47CA9F6BFD34E0D243B0CF84E5ED81B4.e.9600/click - {}
RESULT: {}
COMMAND: POST /session/22675cbf295e23214948e3e385e3f86d/element - {"using":"xpath","value":"//span[contains(text(), \"Euro\")]"}
COMMAND: GET /session/22675cbf295e23214948e3e385e3f86d/screenshot - {}
RESULT: {"using":"xpath","value":"//span[contains(text(), \"Euro\")]"}
COMMAND: POST /session/22675cbf295e23214948e3e385e3f86d/element/f.24B59690DB8413BEE8D229DFAEDEAD25.d.47CA9F6BFD34E0D243B0CF84E5ED81B4.e.9601/click - {}
RESULT: {}
RESULT: {}
COMMAND: POST /session/22675cbf295e23214948e3e385e3f86d/execute/async - {"script":"<script> [1562 bytes]","args":[{"selector":{"controlType":"sap.m.Input","viewName":"etm.portal.ui.manageyards.view.New","viewId":"application-manageyards-display-component---NewYard","bindingPath":{"path":"","propertyPath":"/CONTROLLING_AREA","modelName":"NewYardModel"},"interaction":{"idSuffix":"inner"}},"wdio_ui5_key":"etmportal.ui.manageyards.view.Newsap.m.Input{\"path\":\"\",\"propertyPath\":\"/CONTROLLING_AREA\",\"modelName\":\"NewYardModel\"}"}]}
COMMAND: GET /session/22675cbf295e23214948e3e385e3f86d/screenshot - {}
RESULT: {"script":"<script> [1562 bytes]","args":[{"selector":{"controlType":"sap.m.Input","viewName":"etm.portal.ui.manageyards.view.New","viewId":"application-manageyards-display-component---NewYard","bindingPath":{"path":"","propertyPath":"/CONTROLLING_AREA","modelName":"NewYardModel"},"interaction":{"idSuffix":"inner"}},"wdio_ui5_key":"etmportal.ui.manageyards.view.Newsap.m.Input{\"path\":\"\",\"propertyPath\":\"/CONTROLLING_AREA\",\"modelName\":\"NewYardModel\"}"}]}
RESULT: undefined
COMMAND: POST /session/22675cbf295e23214948e3e385e3f86d/execute/async - {"script":"<script> [776 bytes]","args":[{"enterText":"Z001","selector":{"controlType":"sap.m.Input","viewName":"etm.portal.ui.manageyards.view.New","viewId":"application-manageyards-display-component---NewYard","bindingPath":{"path":"","propertyPath":"/CONTROLLING_AREA","modelName":"NewYardModel"},"interaction":{"idSuffix":"inner"}},"clearTextFirst":true,"interactionType":"ENTER_TEXT"}]}
RESULT: {}
RESULT: {"script":"<script> [776 bytes]","args":[{"enterText":"Z001","selector":{"controlType":"sap.m.Input","viewName":"etm.portal.ui.manageyards.view.New","viewId":"application-manageyards-display-component---NewYard","bindingPath":{"path":"","propertyPath":"/CONTROLLING_AREA","modelName":"NewYardModel"},"interaction":{"idSuffix":"inner"}},"clearTextFirst":true,"interactionType":"ENTER_TEXT"}]}
COMMAND: POST /session/22675cbf295e23214948e3e385e3f86d/execute/async - {"script":"<script> [1562 bytes]","args":[{"selector":{"id":"application-manageyards-display-component---NewYard--companyCodeComboBox","interaction":{"idSuffix":"inner"}},"wdio_ui5_key":"applicationmanageyards-display-component---NewYard--companyCodeComboBox"}]}
RESULT: {"script":"<script> [1562 bytes]","args":[{"selector":{"id":"application-manageyards-display-component---NewYard--companyCodeComboBox","interaction":{"idSuffix":"inner"}},"wdio_ui5_key":"applicationmanageyards-display-component---NewYard--companyCodeComboBox"}]}
RESULT: undefined
COMMAND: POST /session/22675cbf295e23214948e3e385e3f86d/execute/async - {"script":"<script> [776 bytes]","args":[{"enterText":"1000","selector":{"id":"application-manageyards-display-component---NewYard--companyCodeComboBox","interaction":{"idSuffix":"inner"}},"clearTextFirst":true,"interactionType":"ENTER_TEXT"}]}
RESULT: {"script":"<script> [776 bytes]","args":[{"enterText":"1000","selector":{"id":"application-manageyards-display-component---NewYard--companyCodeComboBox","interaction":{"idSuffix":"inner"}},"clearTextFirst":true,"interactionType":"ENTER_TEXT"}]}
COMMAND: POST /session/22675cbf295e23214948e3e385e3f86d/execute/async - {"script":"<script> [1562 bytes]","args":[{"selector":{"controlType":"sap.m.Input","viewName":"etm.portal.ui.manageyards.view.New","viewId":"application-manageyards-display-component---NewYard","bindingPath":{"path":"","propertyPath":"/PLANT","modelName":"NewYardModel"},"interaction":{"idSuffix":"inner"}},"wdio_ui5_key":"etmportal.ui.manageyards.view.Newsap.m.Input{\"path\":\"\",\"propertyPath\":\"/PLANT\",\"modelName\":\"NewYardModel\"}"}]}
RESULT: {"script":"<script> [1562 bytes]","args":[{"selector":{"controlType":"sap.m.Input","viewName":"etm.portal.ui.manageyards.view.New","viewId":"application-manageyards-display-component---NewYard","bindingPath":{"path":"","propertyPath":"/PLANT","modelName":"NewYardModel"},"interaction":{"idSuffix":"inner"}},"wdio_ui5_key":"etmportal.ui.manageyards.view.Newsap.m.Input{\"path\":\"\",\"propertyPath\":\"/PLANT\",\"modelName\":\"NewYardModel\"}"}]}
RESULT: undefined
COMMAND: POST /session/22675cbf295e23214948e3e385e3f86d/execute/async - {"script":"<script> [776 bytes]","args":[{"enterText":"1001","selector":{"controlType":"sap.m.Input","viewName":"etm.portal.ui.manageyards.view.New","viewId":"application-manageyards-display-component---NewYard","bindingPath":{"path":"","propertyPath":"/PLANT","modelName":"NewYardModel"},"interaction":{"idSuffix":"inner"}},"clearTextFirst":true,"interactionType":"ENTER_TEXT"}]}
RESULT: {"script":"<script> [776 bytes]","args":[{"enterText":"1001","selector":{"controlType":"sap.m.Input","viewName":"etm.portal.ui.manageyards.view.New","viewId":"application-manageyards-display-component---NewYard","bindingPath":{"path":"","propertyPath":"/PLANT","modelName":"NewYardModel"},"interaction":{"idSuffix":"inner"}},"clearTextFirst":true,"interactionType":"ENTER_TEXT"}]}
COMMAND: POST /session/22675cbf295e23214948e3e385e3f86d/execute/async - {"script":"<script> [1562 bytes]","args":[{"selector":{"controlType":"sap.m.Input","viewName":"etm.portal.ui.manageyards.view.New","viewId":"application-manageyards-display-component---NewYard","bindingPath":{"path":"","propertyPath":"/SALES_AREA_VKORG","modelName":"NewYardModel"},"interaction":{"idSuffix":"inner"}},"wdio_ui5_key":"etmportal.ui.manageyards.view.Newsap.m.Input{\"path\":\"\",\"propertyPath\":\"/SALES_AREA_VKORG\",\"modelName\":\"NewYardModel\"}"}]}
RESULT: {"script":"<script> [1562 bytes]","args":[{"selector":{"controlType":"sap.m.Input","viewName":"etm.portal.ui.manageyards.view.New","viewId":"application-manageyards-display-component---NewYard","bindingPath":{"path":"","propertyPath":"/SALES_AREA_VKORG","modelName":"NewYardModel"},"interaction":{"idSuffix":"inner"}},"wdio_ui5_key":"etmportal.ui.manageyards.view.Newsap.m.Input{\"path\":\"\",\"propertyPath\":\"/SALES_AREA_VKORG\",\"modelName\":\"NewYardModel\"}"}]}
RESULT: undefined
COMMAND: POST /session/22675cbf295e23214948e3e385e3f86d/execute/async - {"script":"<script> [776 bytes]","args":[{"enterText":"C002","selector":{"controlType":"sap.m.Input","viewName":"etm.portal.ui.manageyards.view.New","viewId":"application-manageyards-display-component---NewYard","bindingPath":{"path":"","propertyPath":"/SALES_AREA_VKORG","modelName":"NewYardModel"},"interaction":{"idSuffix":"inner"}},"clearTextFirst":true,"interactionType":"ENTER_TEXT"}]}
RESULT: {"script":"<script> [776 bytes]","args":[{"enterText":"C002","selector":{"controlType":"sap.m.Input","viewName":"etm.portal.ui.manageyards.view.New","viewId":"application-manageyards-display-component---NewYard","bindingPath":{"path":"","propertyPath":"/SALES_AREA_VKORG","modelName":"NewYardModel"},"interaction":{"idSuffix":"inner"}},"clearTextFirst":true,"interactionType":"ENTER_TEXT"}]}
COMMAND: POST /session/22675cbf295e23214948e3e385e3f86d/execute/async - {"script":"<script> [1562 bytes]","args":[{"selector":{"controlType":"sap.m.Input","viewName":"etm.portal.ui.manageyards.view.New","viewId":"application-manageyards-display-component---NewYard","bindingPath":{"path":"","propertyPath":"/SALES_AREA_VTWEG","modelName":"NewYardModel"},"interaction":{"idSuffix":"inner"}},"wdio_ui5_key":"etmportal.ui.manageyards.view.Newsap.m.Input{\"path\":\"\",\"propertyPath\":\"/SALES_AREA_VTWEG\",\"modelName\":\"NewYardModel\"}"}]}
RESULT: {"script":"<script> [1562 bytes]","args":[{"selector":{"controlType":"sap.m.Input","viewName":"etm.portal.ui.manageyards.view.New","viewId":"application-manageyards-display-component---NewYard","bindingPath":{"path":"","propertyPath":"/SALES_AREA_VTWEG","modelName":"NewYardModel"},"interaction":{"idSuffix":"inner"}},"wdio_ui5_key":"etmportal.ui.manageyards.view.Newsap.m.Input{\"path\":\"\",\"propertyPath\":\"/SALES_AREA_VTWEG\",\"modelName\":\"NewYardModel\"}"}]}
RESULT: undefined
COMMAND: POST /session/22675cbf295e23214948e3e385e3f86d/execute/async - {"script":"<script> [776 bytes]","args":[{"enterText":"C2","selector":{"controlType":"sap.m.Input","viewName":"etm.portal.ui.manageyards.view.New","viewId":"application-manageyards-display-component---NewYard","bindingPath":{"path":"","propertyPath":"/SALES_AREA_VTWEG","modelName":"NewYardModel"},"interaction":{"idSuffix":"inner"}},"clearTextFirst":true,"interactionType":"ENTER_TEXT"}]}
RESULT: {"script":"<script> [776 bytes]","args":[{"enterText":"C2","selector":{"controlType":"sap.m.Input","viewName":"etm.portal.ui.manageyards.view.New","viewId":"application-manageyards-display-component---NewYard","bindingPath":{"path":"","propertyPath":"/SALES_AREA_VTWEG","modelName":"NewYardModel"},"interaction":{"idSuffix":"inner"}},"clearTextFirst":true,"interactionType":"ENTER_TEXT"}]}
COMMAND: POST /session/22675cbf295e23214948e3e385e3f86d/execute/async - {"script":"<script> [1562 bytes]","args":[{"selector":{"controlType":"sap.m.Input","viewName":"etm.portal.ui.manageyards.view.New","viewId":"application-manageyards-display-component---NewYard","bindingPath":{"path":"","propertyPath":"/SALES_AREA_SPART","modelName":"NewYardModel"},"interaction":{"idSuffix":"inner"}},"wdio_ui5_key":"etmportal.ui.manageyards.view.Newsap.m.Input{\"path\":\"\",\"propertyPath\":\"/SALES_AREA_SPART\",\"modelName\":\"NewYardModel\"}"}]}
RESULT: {"script":"<script> [1562 bytes]","args":[{"selector":{"controlType":"sap.m.Input","viewName":"etm.portal.ui.manageyards.view.New","viewId":"application-manageyards-display-component---NewYard","bindingPath":{"path":"","propertyPath":"/SALES_AREA_SPART","modelName":"NewYardModel"},"interaction":{"idSuffix":"inner"}},"wdio_ui5_key":"etmportal.ui.manageyards.view.Newsap.m.Input{\"path\":\"\",\"propertyPath\":\"/SALES_AREA_SPART\",\"modelName\":\"NewYardModel\"}"}]}
RESULT: undefined
COMMAND: POST /session/22675cbf295e23214948e3e385e3f86d/execute/async - {"script":"<script> [776 bytes]","args":[{"enterText":"C2","selector":{"controlType":"sap.m.Input","viewName":"etm.portal.ui.manageyards.view.New","viewId":"application-manageyards-display-component---NewYard","bindingPath":{"path":"","propertyPath":"/SALES_AREA_SPART","modelName":"NewYardModel"},"interaction":{"idSuffix":"inner"}},"clearTextFirst":true,"interactionType":"ENTER_TEXT"}]}
RESULT: {"script":"<script> [776 bytes]","args":[{"enterText":"C2","selector":{"controlType":"sap.m.Input","viewName":"etm.portal.ui.manageyards.view.New","viewId":"application-manageyards-display-component---NewYard","bindingPath":{"path":"","propertyPath":"/SALES_AREA_SPART","modelName":"NewYardModel"},"interaction":{"idSuffix":"inner"}},"clearTextFirst":true,"interactionType":"ENTER_TEXT"}]}
COMMAND: POST /session/22675cbf295e23214948e3e385e3f86d/execute/async - {"script":"<script> [1562 bytes]","args":[{"selector":{"controlType":"sap.m.Input","viewName":"etm.portal.ui.manageyards.view.New","viewId":"application-manageyards-display-component---NewYard","bindingPath":{"path":"","propertyPath":"/SHIP_POINT","modelName":"NewYardModel"},"interaction":{"idSuffix":"inner"}},"wdio_ui5_key":"etmportal.ui.manageyards.view.Newsap.m.Input{\"path\":\"\",\"propertyPath\":\"/SHIP_POINT\",\"modelName\":\"NewYardModel\"}"}]}
RESULT: {"script":"<script> [1562 bytes]","args":[{"selector":{"controlType":"sap.m.Input","viewName":"etm.portal.ui.manageyards.view.New","viewId":"application-manageyards-display-component---NewYard","bindingPath":{"path":"","propertyPath":"/SHIP_POINT","modelName":"NewYardModel"},"interaction":{"idSuffix":"inner"}},"wdio_ui5_key":"etmportal.ui.manageyards.view.Newsap.m.Input{\"path\":\"\",\"propertyPath\":\"/SHIP_POINT\",\"modelName\":\"NewYardModel\"}"}]}
RESULT: undefined
COMMAND: POST /session/22675cbf295e23214948e3e385e3f86d/execute/async - {"script":"<script> [776 bytes]","args":[{"enterText":"1710","selector":{"controlType":"sap.m.Input","viewName":"etm.portal.ui.manageyards.view.New","viewId":"application-manageyards-display-component---NewYard","bindingPath":{"path":"","propertyPath":"/SHIP_POINT","modelName":"NewYardModel"},"interaction":{"idSuffix":"inner"}},"clearTextFirst":true,"interactionType":"ENTER_TEXT"}]}
RESULT: {"script":"<script> [776 bytes]","args":[{"enterText":"1710","selector":{"controlType":"sap.m.Input","viewName":"etm.portal.ui.manageyards.view.New","viewId":"application-manageyards-display-component---NewYard","bindingPath":{"path":"","propertyPath":"/SHIP_POINT","modelName":"NewYardModel"},"interaction":{"idSuffix":"inner"}},"clearTextFirst":true,"interactionType":"ENTER_TEXT"}]}
COMMAND: POST /session/22675cbf295e23214948e3e385e3f86d/execute/async - {"script":"<script> [1562 bytes]","args":[{"selector":{"controlType":"sap.m.Input","viewName":"etm.portal.ui.manageyards.view.New","viewId":"application-manageyards-display-component---NewYard","bindingPath":{"path":"","propertyPath":"/DELIVERY_TYPE","modelName":"NewYardModel"},"interaction":{"idSuffix":"inner"}},"wdio_ui5_key":"etmportal.ui.manageyards.view.Newsap.m.Input{\"path\":\"\",\"propertyPath\":\"/DELIVERY_TYPE\",\"modelName\":\"NewYardModel\"}"}]}
RESULT: {"script":"<script> [1562 bytes]","args":[{"selector":{"controlType":"sap.m.Input","viewName":"etm.portal.ui.manageyards.view.New","viewId":"application-manageyards-display-component---NewYard","bindingPath":{"path":"","propertyPath":"/DELIVERY_TYPE","modelName":"NewYardModel"},"interaction":{"idSuffix":"inner"}},"wdio_ui5_key":"etmportal.ui.manageyards.view.Newsap.m.Input{\"path\":\"\",\"propertyPath\":\"/DELIVERY_TYPE\",\"modelName\":\"NewYardModel\"}"}]}
RESULT: undefined
COMMAND: POST /session/22675cbf295e23214948e3e385e3f86d/execute/async - {"script":"<script> [776 bytes]","args":[{"enterText":"ZL01","selector":{"controlType":"sap.m.Input","viewName":"etm.portal.ui.manageyards.view.New","viewId":"application-manageyards-display-component---NewYard","bindingPath":{"path":"","propertyPath":"/DELIVERY_TYPE","modelName":"NewYardModel"},"interaction":{"idSuffix":"inner"}},"clearTextFirst":true,"interactionType":"ENTER_TEXT"}]}
RESULT: {"script":"<script> [776 bytes]","args":[{"enterText":"ZL01","selector":{"controlType":"sap.m.Input","viewName":"etm.portal.ui.manageyards.view.New","viewId":"application-manageyards-display-component---NewYard","bindingPath":{"path":"","propertyPath":"/DELIVERY_TYPE","modelName":"NewYardModel"},"interaction":{"idSuffix":"inner"}},"clearTextFirst":true,"interactionType":"ENTER_TEXT"}]}
COMMAND: POST /session/22675cbf295e23214948e3e385e3f86d/execute/async - {"script":"<script> [1562 bytes]","args":[{"selector":{"controlType":"sap.m.Input","viewName":"etm.portal.ui.manageyards.view.New","viewId":"application-manageyards-display-component---NewYard","bindingPath":{"path":"","propertyPath":"/AUART","modelName":"NewYardModel"},"interaction":{"idSuffix":"inner"}},"wdio_ui5_key":"etmportal.ui.manageyards.view.Newsap.m.Input{\"path\":\"\",\"propertyPath\":\"/AUART\",\"modelName\":\"NewYardModel\"}"}]}
RESULT: {"script":"<script> [1562 bytes]","args":[{"selector":{"controlType":"sap.m.Input","viewName":"etm.portal.ui.manageyards.view.New","viewId":"application-manageyards-display-component---NewYard","bindingPath":{"path":"","propertyPath":"/AUART","modelName":"NewYardModel"},"interaction":{"idSuffix":"inner"}},"wdio_ui5_key":"etmportal.ui.manageyards.view.Newsap.m.Input{\"path\":\"\",\"propertyPath\":\"/AUART\",\"modelName\":\"NewYardModel\"}"}]}
RESULT: undefined
COMMAND: POST /session/22675cbf295e23214948e3e385e3f86d/execute/async - {"script":"<script> [776 bytes]","args":[{"enterText":"TA","selector":{"controlType":"sap.m.Input","viewName":"etm.portal.ui.manageyards.view.New","viewId":"application-manageyards-display-component---NewYard","bindingPath":{"path":"","propertyPath":"/AUART","modelName":"NewYardModel"},"interaction":{"idSuffix":"inner"}},"clearTextFirst":true,"interactionType":"ENTER_TEXT"}]}
RESULT: {"script":"<script> [776 bytes]","args":[{"enterText":"TA","selector":{"controlType":"sap.m.Input","viewName":"etm.portal.ui.manageyards.view.New","viewId":"application-manageyards-display-component---NewYard","bindingPath":{"path":"","propertyPath":"/AUART","modelName":"NewYardModel"},"interaction":{"idSuffix":"inner"}},"clearTextFirst":true,"interactionType":"ENTER_TEXT"}]}
COMMAND: POST /session/22675cbf295e23214948e3e385e3f86d/element - {"using":"xpath","value":"//button[@data-kt=\"newYardSaveButton\"]"}
RESULT: {"using":"xpath","value":"//button[@data-kt=\"newYardSaveButton\"]"}
COMMAND: POST /session/22675cbf295e23214948e3e385e3f86d/element/f.24B59690DB8413BEE8D229DFAEDEAD25.d.47CA9F6BFD34E0D243B0CF84E5ED81B4.e.9505/click - {}
RESULT: {}
COMMAND: GET /session/22675cbf295e23214948e3e385e3f86d/screenshot - {}
RESULT: {}
COMMAND: POST /session/22675cbf295e23214948e3e385e3f86d/element - {"using":"xpath","value":"//header[contains(@id, 'ObjectPageLayout-headerTitle')]/div[1]/div[2]/div[1]/span[1]"}
RESULT: {"using":"xpath","value":"//header[contains(@id, 'ObjectPageLayout-headerTitle')]/div[1]/div[2]/div[1]/span[1]"}
COMMAND: POST /session/22675cbf295e23214948e3e385e3f86d/elements - {"using":"xpath","value":"//header[contains(@id, 'ObjectPageLayout-headerTitle')]/div[1]/div[2]/div[1]/span[1]"}
RESULT: {"using":"xpath","value":"//header[contains(@id, 'ObjectPageLayout-headerTitle')]/div[1]/div[2]/div[1]/span[1]"}
COMMAND: POST /session/22675cbf295e23214948e3e385e3f86d/execute/sync - {"script":"<script> [56 bytes]","args":[{"element-6066-11e4-a52e-4f735466cecf":"f.24B59690DB8413BEE8D229DFAEDEAD25.d.47CA9F6BFD34E0D243B0CF84E5ED81B4.e.9826","ELEMENT":"f.24B59690DB8413BEE8D229DFAEDEAD25.d.47CA9F6BFD34E0D243B0CF84E5ED81B4.e.9826"}]}
RESULT: {"script":"<script> [56 bytes]","args":[{"element-6066-11e4-a52e-4f735466cecf":"f.24B59690DB8413BEE8D229DFAEDEAD25.d.47CA9F6BFD34E0D243B0CF84E5ED81B4.e.9826","ELEMENT":"f.24B59690DB8413BEE8D229DFAEDEAD25.d.47CA9F6BFD34E0D243B0CF84E5ED81B4.e.9826"}]}
COMMAND: GET /session/22675cbf295e23214948e3e385e3f86d/screenshot - {}
RESULT: {}
COMMAND: POST /session/22675cbf295e23214948e3e385e3f86d/element - {"using":"css selector","value":"#shell-header-logo"}
RESULT: {"using":"css selector","value":"#shell-header-logo"}
COMMAND: POST /session/22675cbf295e23214948e3e385e3f86d/element/f.24B59690DB8413BEE8D229DFAEDEAD25.d.47CA9F6BFD34E0D243B0CF84E5ED81B4.e.9076/click - {}
RESULT: {}
COMMAND: GET /session/22675cbf295e23214948e3e385e3f86d/screenshot - {}
RESULT: {}
COMMAND: POST /session/22675cbf295e23214948e3e385e3f86d/execute/sync - {"script":"<script> [299 bytes]","args":[["getModel","getResource"]]}
RESULT: {"script":"<script> [299 bytes]","args":[["getModel","getResource"]]}
]]></system-out>
    </testcase>
    <testcase classname="chrome.136_0_7103_93.windows.Create_partner_US118246" name="Should create new external partner" time="103.914">
      <system-out><![CDATA[
COMMAND: GET /session/22675cbf295e23214948e3e385e3f86d/screenshot - {}
COMMAND: POST /session/22675cbf295e23214948e3e385e3f86d/window/fullscreen - {}
RESULT: {}
RESULT: {}
COMMAND: POST /session/22675cbf295e23214948e3e385e3f86d/execute/async - {"script":"<script> [1562 bytes]","args":[{"selector":{"controlType":"sap.m.GenericTile","properties":{"header":"Manage Partners"}},"wdio_ui5_key":"sapm.GenericTile{\"header\":\"Manage Partners\"}"}]}
RESULT: {"script":"<script> [1562 bytes]","args":[{"selector":{"controlType":"sap.m.GenericTile","properties":{"header":"Manage Partners"}},"wdio_ui5_key":"sapm.GenericTile{\"header\":\"Manage Partners\"}"}]}
RESULT: undefined
COMMAND: POST /session/22675cbf295e23214948e3e385e3f86d/element - {"using":"xpath","value":"//*[@id=\"__tile38\"]"}
RESULT: {"using":"xpath","value":"//*[@id=\"__tile38\"]"}
COMMAND: POST /session/22675cbf295e23214948e3e385e3f86d/element/f.24B59690DB8413BEE8D229DFAEDEAD25.d.47CA9F6BFD34E0D243B0CF84E5ED81B4.e.8963/click - {}
RESULT: {}
COMMAND: GET /session/22675cbf295e23214948e3e385e3f86d/screenshot - {}
RESULT: {}
COMMAND: POST /session/22675cbf295e23214948e3e385e3f86d/elements - {"using":"xpath","value":"//span[text()='Error']"}
RESULT: {"using":"xpath","value":"//span[text()='Error']"}
COMMAND: POST /session/22675cbf295e23214948e3e385e3f86d/element - {"using":"xpath","value":"//button[@data-kt=\"addButton\"]"}
RESULT: {"using":"xpath","value":"//button[@data-kt=\"addButton\"]"}
COMMAND: POST /session/22675cbf295e23214948e3e385e3f86d/elements - {"using":"xpath","value":"//button[@data-kt=\"addButton\"]"}
RESULT: {"using":"xpath","value":"//button[@data-kt=\"addButton\"]"}
COMMAND: POST /session/22675cbf295e23214948e3e385e3f86d/elements - {"using":"xpath","value":"//button[@data-kt=\"addButton\"]"}
RESULT: {"using":"xpath","value":"//button[@data-kt=\"addButton\"]"}
COMMAND: POST /session/22675cbf295e23214948e3e385e3f86d/element - {"using":"xpath","value":"//button[@data-kt=\"addButton\"]"}
RESULT: {"using":"xpath","value":"//button[@data-kt=\"addButton\"]"}
COMMAND: POST /session/22675cbf295e23214948e3e385e3f86d/execute/sync - {"script":"<script> [8489 bytes]","args":[{"element-6066-11e4-a52e-4f735466cecf":"f.24B59690DB8413BEE8D229DFAEDEAD25.d.47CA9F6BFD34E0D243B0CF84E5ED81B4.e.9875","ELEMENT":"f.24B59690DB8413BEE8D229DFAEDEAD25.d.47CA9F6BFD34E0D243B0CF84E5ED81B4.e.9875"}]}
RESULT: {"script":"<script> [8489 bytes]","args":[{"element-6066-11e4-a52e-4f735466cecf":"f.24B59690DB8413BEE8D229DFAEDEAD25.d.47CA9F6BFD34E0D243B0CF84E5ED81B4.e.9875","ELEMENT":"f.24B59690DB8413BEE8D229DFAEDEAD25.d.47CA9F6BFD34E0D243B0CF84E5ED81B4.e.9875"}]}
COMMAND: GET /session/22675cbf295e23214948e3e385e3f86d/element/f.24B59690DB8413BEE8D229DFAEDEAD25.d.47CA9F6BFD34E0D243B0CF84E5ED81B4.e.9875/enabled - {}
COMMAND: GET /session/22675cbf295e23214948e3e385e3f86d/screenshot - {}
RESULT: {}
COMMAND: POST /session/22675cbf295e23214948e3e385e3f86d/execute/sync - {"script":"<script> [8489 bytes]","args":[{"element-6066-11e4-a52e-4f735466cecf":"f.24B59690DB8413BEE8D229DFAEDEAD25.d.47CA9F6BFD34E0D243B0CF84E5ED81B4.e.9875","ELEMENT":"f.24B59690DB8413BEE8D229DFAEDEAD25.d.47CA9F6BFD34E0D243B0CF84E5ED81B4.e.9875"}]}
COMMAND: GET /session/22675cbf295e23214948e3e385e3f86d/screenshot - {}
RESULT: {}
RESULT: {"script":"<script> [8489 bytes]","args":[{"element-6066-11e4-a52e-4f735466cecf":"f.24B59690DB8413BEE8D229DFAEDEAD25.d.47CA9F6BFD34E0D243B0CF84E5ED81B4.e.9875","ELEMENT":"f.24B59690DB8413BEE8D229DFAEDEAD25.d.47CA9F6BFD34E0D243B0CF84E5ED81B4.e.9875"}]}
COMMAND: POST /session/22675cbf295e23214948e3e385e3f86d/execute/sync - {"script":"<script> [5351 bytes]","args":[{"element-6066-11e4-a52e-4f735466cecf":"f.24B59690DB8413BEE8D229DFAEDEAD25.d.47CA9F6BFD34E0D243B0CF84E5ED81B4.e.9875","ELEMENT":"f.24B59690DB8413BEE8D229DFAEDEAD25.d.47CA9F6BFD34E0D243B0CF84E5ED81B4.e.9875"}]}
COMMAND: GET /session/22675cbf295e23214948e3e385e3f86d/screenshot - {}
RESULT: {}
RESULT: {"script":"<script> [5351 bytes]","args":[{"element-6066-11e4-a52e-4f735466cecf":"f.24B59690DB8413BEE8D229DFAEDEAD25.d.47CA9F6BFD34E0D243B0CF84E5ED81B4.e.9875","ELEMENT":"f.24B59690DB8413BEE8D229DFAEDEAD25.d.47CA9F6BFD34E0D243B0CF84E5ED81B4.e.9875"}]}
COMMAND: POST /session/22675cbf295e23214948e3e385e3f86d/element/f.24B59690DB8413BEE8D229DFAEDEAD25.d.47CA9F6BFD34E0D243B0CF84E5ED81B4.e.9875/click - {}
COMMAND: GET /session/22675cbf295e23214948e3e385e3f86d/screenshot - {}
RESULT: {}
RESULT: {}
COMMAND: GET /session/22675cbf295e23214948e3e385e3f86d/screenshot - {}
RESULT: {}
COMMAND: POST /session/22675cbf295e23214948e3e385e3f86d/execute/async - {"script":"<script> [1562 bytes]","args":[{"selector":{"id":"application-managepartners-display-component---NewPartner--addressDetailDetailsName1","interaction":{"idSuffix":"inner"}},"wdio_ui5_key":"applicationmanagepartners-display-component---NewPartner--addressDetailDetailsName1"}]}
RESULT: {}
RESULT: {"script":"<script> [1562 bytes]","args":[{"selector":{"id":"application-managepartners-display-component---NewPartner--addressDetailDetailsName1","interaction":{"idSuffix":"inner"}},"wdio_ui5_key":"applicationmanagepartners-display-component---NewPartner--addressDetailDetailsName1"}]}
RESULT: undefined
COMMAND: POST /session/22675cbf295e23214948e3e385e3f86d/execute/async - {"script":"<script> [776 bytes]","args":[{"enterText":"External Partner WDIO","selector":{"id":"application-managepartners-display-component---NewPartner--addressDetailDetailsName1","interaction":{"idSuffix":"inner"}},"clearTextFirst":true,"interactionType":"ENTER_TEXT"}]}
RESULT: {"script":"<script> [776 bytes]","args":[{"enterText":"External Partner WDIO","selector":{"id":"application-managepartners-display-component---NewPartner--addressDetailDetailsName1","interaction":{"idSuffix":"inner"}},"clearTextFirst":true,"interactionType":"ENTER_TEXT"}]}
COMMAND: POST /session/22675cbf295e23214948e3e385e3f86d/execute/async - {"script":"<script> [1562 bytes]","args":[{"selector":{"id":"application-managepartners-display-component---NewPartner--addressDetailDetailsLanguage-arrow"},"wdio_ui5_key":"applicationmanagepartners-display-component---NewPartner--addressDetailDetailsLanguage-arrow"}]}
RESULT: {"script":"<script> [1562 bytes]","args":[{"selector":{"id":"application-managepartners-display-component---NewPartner--addressDetailDetailsLanguage-arrow"},"wdio_ui5_key":"applicationmanagepartners-display-component---NewPartner--addressDetailDetailsLanguage-arrow"}]}
RESULT: undefined
COMMAND: POST /session/22675cbf295e23214948e3e385e3f86d/element - {"using":"xpath","value":"//*[@id=\"application-managepartners-display-component---NewPartner--addressDetailDetailsLanguage-arrow\"]"}
RESULT: {"using":"xpath","value":"//*[@id=\"application-managepartners-display-component---NewPartner--addressDetailDetailsLanguage-arrow\"]"}
COMMAND: POST /session/22675cbf295e23214948e3e385e3f86d/element/f.24B59690DB8413BEE8D229DFAEDEAD25.d.47CA9F6BFD34E0D243B0CF84E5ED81B4.e.10305/click - {}
RESULT: {}
COMMAND: POST /session/22675cbf295e23214948e3e385e3f86d/element - {"using":"xpath","value":"//span[contains(text(), \"English\")]"}
COMMAND: GET /session/22675cbf295e23214948e3e385e3f86d/screenshot - {}
RESULT: {"using":"xpath","value":"//span[contains(text(), \"English\")]"}
COMMAND: POST /session/22675cbf295e23214948e3e385e3f86d/element/f.24B59690DB8413BEE8D229DFAEDEAD25.d.47CA9F6BFD34E0D243B0CF84E5ED81B4.e.10306/click - {}
RESULT: {}
RESULT: {}
COMMAND: GET /session/22675cbf295e23214948e3e385e3f86d/screenshot - {}
RESULT: {}
COMMAND: POST /session/22675cbf295e23214948e3e385e3f86d/execute/async - {"script":"<script> [1562 bytes]","args":[{"selector":{"id":"application-managepartners-display-component---NewPartner--addressDetailDetailsCity1","interaction":{"idSuffix":"inner"}},"wdio_ui5_key":"applicationmanagepartners-display-component---NewPartner--addressDetailDetailsCity1"}]}
RESULT: {"script":"<script> [1562 bytes]","args":[{"selector":{"id":"application-managepartners-display-component---NewPartner--addressDetailDetailsCity1","interaction":{"idSuffix":"inner"}},"wdio_ui5_key":"applicationmanagepartners-display-component---NewPartner--addressDetailDetailsCity1"}]}
RESULT: undefined
COMMAND: POST /session/22675cbf295e23214948e3e385e3f86d/execute/async - {"script":"<script> [776 bytes]","args":[{"enterText":"Rosario","selector":{"id":"application-managepartners-display-component---NewPartner--addressDetailDetailsCity1","interaction":{"idSuffix":"inner"}},"clearTextFirst":true,"interactionType":"ENTER_TEXT"}]}
RESULT: {"script":"<script> [776 bytes]","args":[{"enterText":"Rosario","selector":{"id":"application-managepartners-display-component---NewPartner--addressDetailDetailsCity1","interaction":{"idSuffix":"inner"}},"clearTextFirst":true,"interactionType":"ENTER_TEXT"}]}
COMMAND: POST /session/22675cbf295e23214948e3e385e3f86d/execute/async - {"script":"<script> [1562 bytes]","args":[{"selector":{"id":"application-managepartners-display-component---NewPartner--addressDetailDetailsCountry-arrow"},"wdio_ui5_key":"applicationmanagepartners-display-component---NewPartner--addressDetailDetailsCountry-arrow"}]}
RESULT: {"script":"<script> [1562 bytes]","args":[{"selector":{"id":"application-managepartners-display-component---NewPartner--addressDetailDetailsCountry-arrow"},"wdio_ui5_key":"applicationmanagepartners-display-component---NewPartner--addressDetailDetailsCountry-arrow"}]}
RESULT: undefined
COMMAND: POST /session/22675cbf295e23214948e3e385e3f86d/element - {"using":"xpath","value":"//*[@id=\"application-managepartners-display-component---NewPartner--addressDetailDetailsCountry-arrow\"]"}
RESULT: {"using":"xpath","value":"//*[@id=\"application-managepartners-display-component---NewPartner--addressDetailDetailsCountry-arrow\"]"}
COMMAND: POST /session/22675cbf295e23214948e3e385e3f86d/element/f.24B59690DB8413BEE8D229DFAEDEAD25.d.47CA9F6BFD34E0D243B0CF84E5ED81B4.e.10266/click - {}
RESULT: {}
COMMAND: POST /session/22675cbf295e23214948e3e385e3f86d/element - {"using":"xpath","value":"//span[contains(text(), \"Argentina\")]"}
COMMAND: GET /session/22675cbf295e23214948e3e385e3f86d/screenshot - {}
RESULT: {"using":"xpath","value":"//span[contains(text(), \"Argentina\")]"}
COMMAND: POST /session/22675cbf295e23214948e3e385e3f86d/element/f.24B59690DB8413BEE8D229DFAEDEAD25.d.47CA9F6BFD34E0D243B0CF84E5ED81B4.e.10308/click - {}
RESULT: {}
RESULT: {}
COMMAND: GET /session/22675cbf295e23214948e3e385e3f86d/screenshot - {}
RESULT: {}
COMMAND: POST /session/22675cbf295e23214948e3e385e3f86d/element - {"using":"xpath","value":"//bdi[contains(text(), \"Commercial\")]"}
RESULT: {"using":"xpath","value":"//bdi[contains(text(), \"Commercial\")]"}
COMMAND: POST /session/22675cbf295e23214948e3e385e3f86d/element/f.24B59690DB8413BEE8D229DFAEDEAD25.d.47CA9F6BFD34E0D243B0CF84E5ED81B4.e.10309/click - {}
RESULT: {}
COMMAND: GET /session/22675cbf295e23214948e3e385e3f86d/screenshot - {}
RESULT: {}
COMMAND: POST /session/22675cbf295e23214948e3e385e3f86d/execute/async - {"script":"<script> [1562 bytes]","args":[{"selector":{"id":"application-managepartners-display-component---NewPartner--partnerDetailInternal-arrow"},"wdio_ui5_key":"applicationmanagepartners-display-component---NewPartner--partnerDetailInternal-arrow"}]}
RESULT: {"script":"<script> [1562 bytes]","args":[{"selector":{"id":"application-managepartners-display-component---NewPartner--partnerDetailInternal-arrow"},"wdio_ui5_key":"applicationmanagepartners-display-component---NewPartner--partnerDetailInternal-arrow"}]}
RESULT: undefined
COMMAND: POST /session/22675cbf295e23214948e3e385e3f86d/element - {"using":"xpath","value":"//*[@id=\"application-managepartners-display-component---NewPartner--partnerDetailInternal-arrow\"]"}
RESULT: {"using":"xpath","value":"//*[@id=\"application-managepartners-display-component---NewPartner--partnerDetailInternal-arrow\"]"}
COMMAND: POST /session/22675cbf295e23214948e3e385e3f86d/element/f.24B59690DB8413BEE8D229DFAEDEAD25.d.47CA9F6BFD34E0D243B0CF84E5ED81B4.e.10315/click - {}
RESULT: {}
COMMAND: POST /session/22675cbf295e23214948e3e385e3f86d/element - {"using":"xpath","value":"//span[contains(text(), \"External partner\")]"}
COMMAND: GET /session/22675cbf295e23214948e3e385e3f86d/screenshot - {}
RESULT: {"using":"xpath","value":"//span[contains(text(), \"External partner\")]"}
COMMAND: POST /session/22675cbf295e23214948e3e385e3f86d/element/f.24B59690DB8413BEE8D229DFAEDEAD25.d.47CA9F6BFD34E0D243B0CF84E5ED81B4.e.10316/click - {}
RESULT: {}
RESULT: {}
COMMAND: POST /session/22675cbf295e23214948e3e385e3f86d/execute/async - {"script":"<script> [1562 bytes]","args":[{"selector":{"id":"application-managepartners-display-component---NewPartner--partnerDetailsCurrency-arrow"},"wdio_ui5_key":"applicationmanagepartners-display-component---NewPartner--partnerDetailsCurrency-arrow"}]}
COMMAND: GET /session/22675cbf295e23214948e3e385e3f86d/screenshot - {}
RESULT: {"script":"<script> [1562 bytes]","args":[{"selector":{"id":"application-managepartners-display-component---NewPartner--partnerDetailsCurrency-arrow"},"wdio_ui5_key":"applicationmanagepartners-display-component---NewPartner--partnerDetailsCurrency-arrow"}]}
RESULT: undefined
COMMAND: POST /session/22675cbf295e23214948e3e385e3f86d/element - {"using":"xpath","value":"//*[@id=\"application-managepartners-display-component---NewPartner--partnerDetailsCurrency-arrow\"]"}
RESULT: {}
RESULT: {"using":"xpath","value":"//*[@id=\"application-managepartners-display-component---NewPartner--partnerDetailsCurrency-arrow\"]"}
COMMAND: POST /session/22675cbf295e23214948e3e385e3f86d/element/f.24B59690DB8413BEE8D229DFAEDEAD25.d.47CA9F6BFD34E0D243B0CF84E5ED81B4.e.10321/click - {}
RESULT: {}
COMMAND: POST /session/22675cbf295e23214948e3e385e3f86d/element - {"using":"xpath","value":"//span[contains(text(), \"US Dollar\")]"}
COMMAND: GET /session/22675cbf295e23214948e3e385e3f86d/screenshot - {}
RESULT: {"using":"xpath","value":"//span[contains(text(), \"US Dollar\")]"}
COMMAND: POST /session/22675cbf295e23214948e3e385e3f86d/element/f.24B59690DB8413BEE8D229DFAEDEAD25.d.47CA9F6BFD34E0D243B0CF84E5ED81B4.e.10322/click - {}
RESULT: {}
RESULT: {}
COMMAND: GET /session/22675cbf295e23214948e3e385e3f86d/screenshot - {}
RESULT: {}
COMMAND: POST /session/22675cbf295e23214948e3e385e3f86d/element - {"using":"xpath","value":"//input[@id=\"application-managepartners-display-component---NewPartner--companyCodeComboBox-inner\"]"}
RESULT: {"using":"xpath","value":"//input[@id=\"application-managepartners-display-component---NewPartner--companyCodeComboBox-inner\"]"}
COMMAND: POST /session/22675cbf295e23214948e3e385e3f86d/element/f.24B59690DB8413BEE8D229DFAEDEAD25.d.47CA9F6BFD34E0D243B0CF84E5ED81B4.e.10219/clear - {}
RESULT: {}
COMMAND: POST /session/22675cbf295e23214948e3e385e3f86d/element/f.24B59690DB8413BEE8D229DFAEDEAD25.d.47CA9F6BFD34E0D243B0CF84E5ED81B4.e.10219/value - {"text":"C002"}
COMMAND: GET /session/22675cbf295e23214948e3e385e3f86d/screenshot - {}
RESULT: {"text":"C002"}
COMMAND: GET /session/22675cbf295e23214948e3e385e3f86d/screenshot - {}
RESULT: {}
RESULT: {}
COMMAND: POST /session/22675cbf295e23214948e3e385e3f86d/element - {"using":"xpath","value":"//li[.//span[text()= \"C002\"]]"}
RESULT: {"using":"xpath","value":"//li[.//span[text()= \"C002\"]]"}
COMMAND: POST /session/22675cbf295e23214948e3e385e3f86d/element/f.24B59690DB8413BEE8D229DFAEDEAD25.d.47CA9F6BFD34E0D243B0CF84E5ED81B4.e.10326/click - {}
RESULT: {}
COMMAND: GET /session/22675cbf295e23214948e3e385e3f86d/screenshot - {}
RESULT: {}
COMMAND: POST /session/22675cbf295e23214948e3e385e3f86d/execute/async - {"script":"<script> [1562 bytes]","args":[{"selector":{"id":"application-managepartners-display-component---NewPartner--btnAddTableRow-img"},"wdio_ui5_key":"applicationmanagepartners-display-component---NewPartner--btnAddTableRow-img"}]}
RESULT: {"script":"<script> [1562 bytes]","args":[{"selector":{"id":"application-managepartners-display-component---NewPartner--btnAddTableRow-img"},"wdio_ui5_key":"applicationmanagepartners-display-component---NewPartner--btnAddTableRow-img"}]}
RESULT: undefined
COMMAND: POST /session/22675cbf295e23214948e3e385e3f86d/element - {"using":"xpath","value":"//*[@id=\"application-managepartners-display-component---NewPartner--btnAddTableRow-img\"]"}
RESULT: {"using":"xpath","value":"//*[@id=\"application-managepartners-display-component---NewPartner--btnAddTableRow-img\"]"}
COMMAND: POST /session/22675cbf295e23214948e3e385e3f86d/element/f.24B59690DB8413BEE8D229DFAEDEAD25.d.47CA9F6BFD34E0D243B0CF84E5ED81B4.e.10327/click - {}
RESULT: {}
COMMAND: GET /session/22675cbf295e23214948e3e385e3f86d/screenshot - {}
RESULT: {}
COMMAND: POST /session/22675cbf295e23214948e3e385e3f86d/element - {"using":"xpath","value":"//input[@id=\"application-managepartners-display-component---NewPartner--assignmentYard-application-managepartners-display-component---NewPartner--assignmentsTable-0-inner\"]"}
RESULT: {"using":"xpath","value":"//input[@id=\"application-managepartners-display-component---NewPartner--assignmentYard-application-managepartners-display-component---NewPartner--assignmentsTable-0-inner\"]"}
COMMAND: POST /session/22675cbf295e23214948e3e385e3f86d/element/f.24B59690DB8413BEE8D229DFAEDEAD25.d.47CA9F6BFD34E0D243B0CF84E5ED81B4.e.10330/clear - {}
RESULT: {}
COMMAND: POST /session/22675cbf295e23214948e3e385e3f86d/element/f.24B59690DB8413BEE8D229DFAEDEAD25.d.47CA9F6BFD34E0D243B0CF84E5ED81B4.e.10330/value - {"text":"510"}
COMMAND: GET /session/22675cbf295e23214948e3e385e3f86d/screenshot - {}
RESULT: {"text":"510"}
COMMAND: GET /session/22675cbf295e23214948e3e385e3f86d/screenshot - {}
RESULT: {}
RESULT: {}
COMMAND: POST /session/22675cbf295e23214948e3e385e3f86d/element - {"using":"xpath","value":"//li[.//span[text()='510']]"}
RESULT: {"using":"xpath","value":"//li[.//span[text()='510']]"}
COMMAND: POST /session/22675cbf295e23214948e3e385e3f86d/element/f.24B59690DB8413BEE8D229DFAEDEAD25.d.47CA9F6BFD34E0D243B0CF84E5ED81B4.e.10338/click - {}
RESULT: {}
COMMAND: GET /session/22675cbf295e23214948e3e385e3f86d/screenshot - {}
RESULT: {}
COMMAND: POST /session/22675cbf295e23214948e3e385e3f86d/actions - {"actions":[{"id":"action26","type":"key","parameters":{},"actions":[{"type":"keyDown","value":"î€‡"},{"type":"pause","duration":10},{"type":"keyUp","value":"î€‡"}]}]}
RESULT: {"actions":[{"id":"action26","type":"key","parameters":{},"actions":[{"type":"keyDown","value":"î€‡"},{"type":"pause","duration":10},{"type":"keyUp","value":"î€‡"}]}]}
COMMAND: POST /session/22675cbf295e23214948e3e385e3f86d/element - {"using":"xpath","value":"//td[contains(@id, \"assignmentsTable-0-cell2\")]/div/div"}
COMMAND: GET /session/22675cbf295e23214948e3e385e3f86d/screenshot - {}
RESULT: {"using":"xpath","value":"//td[contains(@id, \"assignmentsTable-0-cell2\")]/div/div"}
COMMAND: POST /session/22675cbf295e23214948e3e385e3f86d/element/f.24B59690DB8413BEE8D229DFAEDEAD25.d.47CA9F6BFD34E0D243B0CF84E5ED81B4.e.10341/click - {}
RESULT: {}
RESULT: {}
COMMAND: GET /session/22675cbf295e23214948e3e385e3f86d/screenshot - {}
RESULT: {}
COMMAND: POST /session/22675cbf295e23214948e3e385e3f86d/element - {"using":"xpath","value":"//button[@data-kt=\"saveButton\"]"}
RESULT: {"using":"xpath","value":"//button[@data-kt=\"saveButton\"]"}
COMMAND: POST /session/22675cbf295e23214948e3e385e3f86d/element/f.24B59690DB8413BEE8D229DFAEDEAD25.d.47CA9F6BFD34E0D243B0CF84E5ED81B4.e.10224/click - {}
RESULT: {}
COMMAND: GET /session/22675cbf295e23214948e3e385e3f86d/screenshot - {}
RESULT: {}
COMMAND: POST /session/22675cbf295e23214948e3e385e3f86d/element - {"using":"xpath","value":"//header[contains(@id, 'ObjectPageLayout-headerTitle')]/div[1]/div[2]/div[2]/span[1]"}
RESULT: {"using":"xpath","value":"//header[contains(@id, 'ObjectPageLayout-headerTitle')]/div[1]/div[2]/div[2]/span[1]"}
COMMAND: POST /session/22675cbf295e23214948e3e385e3f86d/elements - {"using":"xpath","value":"//header[contains(@id, 'ObjectPageLayout-headerTitle')]/div[1]/div[2]/div[2]/span[1]"}
RESULT: {"using":"xpath","value":"//header[contains(@id, 'ObjectPageLayout-headerTitle')]/div[1]/div[2]/div[2]/span[1]"}
COMMAND: POST /session/22675cbf295e23214948e3e385e3f86d/execute/sync - {"script":"<script> [56 bytes]","args":[{"element-6066-11e4-a52e-4f735466cecf":"f.24B59690DB8413BEE8D229DFAEDEAD25.d.47CA9F6BFD34E0D243B0CF84E5ED81B4.e.10504","ELEMENT":"f.24B59690DB8413BEE8D229DFAEDEAD25.d.47CA9F6BFD34E0D243B0CF84E5ED81B4.e.10504"}]}
RESULT: {"script":"<script> [56 bytes]","args":[{"element-6066-11e4-a52e-4f735466cecf":"f.24B59690DB8413BEE8D229DFAEDEAD25.d.47CA9F6BFD34E0D243B0CF84E5ED81B4.e.10504","ELEMENT":"f.24B59690DB8413BEE8D229DFAEDEAD25.d.47CA9F6BFD34E0D243B0CF84E5ED81B4.e.10504"}]}
COMMAND: POST /session/22675cbf295e23214948e3e385e3f86d/element - {"using":"css selector","value":"#shell-header-logo"}
COMMAND: GET /session/22675cbf295e23214948e3e385e3f86d/screenshot - {}
RESULT: {"using":"css selector","value":"#shell-header-logo"}
COMMAND: POST /session/22675cbf295e23214948e3e385e3f86d/element/f.24B59690DB8413BEE8D229DFAEDEAD25.d.47CA9F6BFD34E0D243B0CF84E5ED81B4.e.9830/click - {}
RESULT: {}
RESULT: {}
COMMAND: GET /session/22675cbf295e23214948e3e385e3f86d/screenshot - {}
RESULT: {}
COMMAND: POST /session/22675cbf295e23214948e3e385e3f86d/execute/sync - {"script":"<script> [299 bytes]","args":[["getModel","getResource"]]}
RESULT: {"script":"<script> [299 bytes]","args":[["getModel","getResource"]]}
]]></system-out>
    </testcase>
    <testcase classname="chrome.136_0_7103_93.windows.Create_partner_US118246" name="Should create a new yard in case create yard failed" time="124.042">
      <system-out><![CDATA[
RESULT: undefined
COMMAND: POST /session/22675cbf295e23214948e3e385e3f86d/element - {"using":"xpath","value":"//*[@id=\"__tile41\"]"}
COMMAND: GET /session/22675cbf295e23214948e3e385e3f86d/screenshot - {}
RESULT: {"using":"xpath","value":"//*[@id=\"__tile41\"]"}
COMMAND: POST /session/22675cbf295e23214948e3e385e3f86d/element/f.24B59690DB8413BEE8D229DFAEDEAD25.d.47CA9F6BFD34E0D243B0CF84E5ED81B4.e.8972/click - {}
RESULT: {}
RESULT: {}
COMMAND: GET /session/22675cbf295e23214948e3e385e3f86d/screenshot - {}
RESULT: {}
COMMAND: POST /session/22675cbf295e23214948e3e385e3f86d/elements - {"using":"xpath","value":"//span[text()='Error']"}
RESULT: {"using":"xpath","value":"//span[text()='Error']"}
COMMAND: POST /session/22675cbf295e23214948e3e385e3f86d/element - {"using":"xpath","value":"//button[@data-kt=\"addNewYardOverflowToolbarButton\"]"}
RESULT: {"using":"xpath","value":"//button[@data-kt=\"addNewYardOverflowToolbarButton\"]"}
COMMAND: POST /session/22675cbf295e23214948e3e385e3f86d/elements - {"using":"xpath","value":"//button[@data-kt=\"addNewYardOverflowToolbarButton\"]"}
RESULT: {"using":"xpath","value":"//button[@data-kt=\"addNewYardOverflowToolbarButton\"]"}
COMMAND: POST /session/22675cbf295e23214948e3e385e3f86d/execute/sync - {"script":"<script> [8489 bytes]","args":[{"element-6066-11e4-a52e-4f735466cecf":"f.24B59690DB8413BEE8D229DFAEDEAD25.d.47CA9F6BFD34E0D243B0CF84E5ED81B4.e.10540","ELEMENT":"f.24B59690DB8413BEE8D229DFAEDEAD25.d.47CA9F6BFD34E0D243B0CF84E5ED81B4.e.10540"}]}
RESULT: {"script":"<script> [8489 bytes]","args":[{"element-6066-11e4-a52e-4f735466cecf":"f.24B59690DB8413BEE8D229DFAEDEAD25.d.47CA9F6BFD34E0D243B0CF84E5ED81B4.e.10540","ELEMENT":"f.24B59690DB8413BEE8D229DFAEDEAD25.d.47CA9F6BFD34E0D243B0CF84E5ED81B4.e.10540"}]}
COMMAND: GET /session/22675cbf295e23214948e3e385e3f86d/element/f.24B59690DB8413BEE8D229DFAEDEAD25.d.47CA9F6BFD34E0D243B0CF84E5ED81B4.e.10540/enabled - {}
COMMAND: GET /session/22675cbf295e23214948e3e385e3f86d/screenshot - {}
RESULT: {}
COMMAND: POST /session/22675cbf295e23214948e3e385e3f86d/execute/sync - {"script":"<script> [8489 bytes]","args":[{"element-6066-11e4-a52e-4f735466cecf":"f.24B59690DB8413BEE8D229DFAEDEAD25.d.47CA9F6BFD34E0D243B0CF84E5ED81B4.e.10540","ELEMENT":"f.24B59690DB8413BEE8D229DFAEDEAD25.d.47CA9F6BFD34E0D243B0CF84E5ED81B4.e.10540"}]}
COMMAND: GET /session/22675cbf295e23214948e3e385e3f86d/screenshot - {}
RESULT: {}
RESULT: {"script":"<script> [8489 bytes]","args":[{"element-6066-11e4-a52e-4f735466cecf":"f.24B59690DB8413BEE8D229DFAEDEAD25.d.47CA9F6BFD34E0D243B0CF84E5ED81B4.e.10540","ELEMENT":"f.24B59690DB8413BEE8D229DFAEDEAD25.d.47CA9F6BFD34E0D243B0CF84E5ED81B4.e.10540"}]}
COMMAND: POST /session/22675cbf295e23214948e3e385e3f86d/execute/sync - {"script":"<script> [5351 bytes]","args":[{"element-6066-11e4-a52e-4f735466cecf":"f.24B59690DB8413BEE8D229DFAEDEAD25.d.47CA9F6BFD34E0D243B0CF84E5ED81B4.e.10540","ELEMENT":"f.24B59690DB8413BEE8D229DFAEDEAD25.d.47CA9F6BFD34E0D243B0CF84E5ED81B4.e.10540"}]}
COMMAND: GET /session/22675cbf295e23214948e3e385e3f86d/screenshot - {}
RESULT: {}
RESULT: {"script":"<script> [5351 bytes]","args":[{"element-6066-11e4-a52e-4f735466cecf":"f.24B59690DB8413BEE8D229DFAEDEAD25.d.47CA9F6BFD34E0D243B0CF84E5ED81B4.e.10540","ELEMENT":"f.24B59690DB8413BEE8D229DFAEDEAD25.d.47CA9F6BFD34E0D243B0CF84E5ED81B4.e.10540"}]}
COMMAND: POST /session/22675cbf295e23214948e3e385e3f86d/element/f.24B59690DB8413BEE8D229DFAEDEAD25.d.47CA9F6BFD34E0D243B0CF84E5ED81B4.e.10540/click - {}
COMMAND: GET /session/22675cbf295e23214948e3e385e3f86d/screenshot - {}
RESULT: {}
RESULT: {}
COMMAND: GET /session/22675cbf295e23214948e3e385e3f86d/screenshot - {}
COMMAND: POST /session/22675cbf295e23214948e3e385e3f86d/element - {"using":"xpath","value":"//input[@id=\"application-manageyards-display-component---NewYard--yardId-inner\"]"}
RESULT: {}
RESULT: {}
RESULT: {"using":"xpath","value":"//input[@id=\"application-manageyards-display-component---NewYard--yardId-inner\"]"}
COMMAND: POST /session/22675cbf295e23214948e3e385e3f86d/element - {"using":"xpath","value":"//input[@id=\"application-manageyards-display-component---NewYard--yardId-inner\"]"}
RESULT: {"using":"xpath","value":"//input[@id=\"application-manageyards-display-component---NewYard--yardId-inner\"]"}
RESULT: undefined
COMMAND: POST /session/22675cbf295e23214948e3e385e3f86d/execute/async - {"script":"<script> [776 bytes]","args":[{"enterText":"Warehouse Managed WDIO","selector":{"id":"application-manageyards-display-component---NewYard--addressDetailDetailsName1","interaction":{"idSuffix":"inner"}},"clearTextFirst":true,"interactionType":"ENTER_TEXT"}]}
RESULT: {"script":"<script> [776 bytes]","args":[{"enterText":"Warehouse Managed WDIO","selector":{"id":"application-manageyards-display-component---NewYard--addressDetailDetailsName1","interaction":{"idSuffix":"inner"}},"clearTextFirst":true,"interactionType":"ENTER_TEXT"}]}
RESULT: undefined
COMMAND: POST /session/22675cbf295e23214948e3e385e3f86d/element - {"using":"xpath","value":"//*[@id=\"application-manageyards-display-component---NewYard--addressDetailDetailsLanguage-arrow\"]"}
RESULT: {"using":"xpath","value":"//*[@id=\"application-manageyards-display-component---NewYard--addressDetailDetailsLanguage-arrow\"]"}
COMMAND: POST /session/22675cbf295e23214948e3e385e3f86d/element/f.24B59690DB8413BEE8D229DFAEDEAD25.d.47CA9F6BFD34E0D243B0CF84E5ED81B4.e.10986/click - {}
RESULT: {}
COMMAND: POST /session/22675cbf295e23214948e3e385e3f86d/element - {"using":"xpath","value":"//span[contains(text(), \"English\")]"}
COMMAND: GET /session/22675cbf295e23214948e3e385e3f86d/screenshot - {}
RESULT: {"using":"xpath","value":"//span[contains(text(), \"English\")]"}
COMMAND: POST /session/22675cbf295e23214948e3e385e3f86d/element/f.24B59690DB8413BEE8D229DFAEDEAD25.d.47CA9F6BFD34E0D243B0CF84E5ED81B4.e.10987/click - {}
RESULT: {}
RESULT: {}
RESULT: undefined
COMMAND: POST /session/22675cbf295e23214948e3e385e3f86d/execute/async - {"script":"<script> [776 bytes]","args":[{"enterText":"Rosario","selector":{"id":"application-manageyards-display-component---NewYard--addressDetailDetailsCity1","interaction":{"idSuffix":"inner"}},"clearTextFirst":true,"interactionType":"ENTER_TEXT"}]}
COMMAND: GET /session/22675cbf295e23214948e3e385e3f86d/screenshot - {}
RESULT: {"script":"<script> [776 bytes]","args":[{"enterText":"Rosario","selector":{"id":"application-manageyards-display-component---NewYard--addressDetailDetailsCity1","interaction":{"idSuffix":"inner"}},"clearTextFirst":true,"interactionType":"ENTER_TEXT"}]}
RESULT: undefined
COMMAND: POST /session/22675cbf295e23214948e3e385e3f86d/element - {"using":"xpath","value":"//*[@id=\"application-manageyards-display-component---NewYard--addressDetailDetailsCountry-arrow\"]"}
RESULT: {}
RESULT: {"using":"xpath","value":"//*[@id=\"application-manageyards-display-component---NewYard--addressDetailDetailsCountry-arrow\"]"}
COMMAND: POST /session/22675cbf295e23214948e3e385e3f86d/element/f.24B59690DB8413BEE8D229DFAEDEAD25.d.47CA9F6BFD34E0D243B0CF84E5ED81B4.e.10988/click - {}
RESULT: {}
COMMAND: POST /session/22675cbf295e23214948e3e385e3f86d/element - {"using":"xpath","value":"//span[contains(text(), \"Argentina\")]"}
COMMAND: GET /session/22675cbf295e23214948e3e385e3f86d/screenshot - {}
RESULT: {"using":"xpath","value":"//span[contains(text(), \"Argentina\")]"}
COMMAND: POST /session/22675cbf295e23214948e3e385e3f86d/element/f.24B59690DB8413BEE8D229DFAEDEAD25.d.47CA9F6BFD34E0D243B0CF84E5ED81B4.e.10989/click - {}
RESULT: {}
RESULT: {}
RESULT: undefined
COMMAND: POST /session/22675cbf295e23214948e3e385e3f86d/element - {"using":"xpath","value":"//*[@id=\"application-manageyards-display-component---NewYard--addressEditDetailsCostObjectCstType-arrow\"]"}
COMMAND: GET /session/22675cbf295e23214948e3e385e3f86d/screenshot - {}
RESULT: {"using":"xpath","value":"//*[@id=\"application-manageyards-display-component---NewYard--addressEditDetailsCostObjectCstType-arrow\"]"}
COMMAND: POST /session/22675cbf295e23214948e3e385e3f86d/element/f.24B59690DB8413BEE8D229DFAEDEAD25.d.47CA9F6BFD34E0D243B0CF84E5ED81B4.e.10991/click - {}
RESULT: {}
RESULT: {}
COMMAND: POST /session/22675cbf295e23214948e3e385e3f86d/element - {"using":"xpath","value":"//span[contains(text(), \"Cost Center\")]"}
COMMAND: GET /session/22675cbf295e23214948e3e385e3f86d/screenshot - {}
RESULT: {"using":"xpath","value":"//span[contains(text(), \"Cost Center\")]"}
COMMAND: POST /session/22675cbf295e23214948e3e385e3f86d/element/f.24B59690DB8413BEE8D229DFAEDEAD25.d.47CA9F6BFD34E0D243B0CF84E5ED81B4.e.10992/click - {}
RESULT: {}
RESULT: {}
COMMAND: GET /session/22675cbf295e23214948e3e385e3f86d/screenshot - {}
RESULT: {}
COMMAND: POST /session/22675cbf295e23214948e3e385e3f86d/element - {"using":"xpath","value":"//span[@id=\"application-manageyards-display-component---NewYard--addressNewCostObjectCstID-vhi\"]"}
RESULT: {"using":"xpath","value":"//span[@id=\"application-manageyards-display-component---NewYard--addressNewCostObjectCstID-vhi\"]"}
COMMAND: POST /session/22675cbf295e23214948e3e385e3f86d/execute/sync - {"script":"<script> [8489 bytes]","args":[{"element-6066-11e4-a52e-4f735466cecf":"f.24B59690DB8413BEE8D229DFAEDEAD25.d.47CA9F6BFD34E0D243B0CF84E5ED81B4.e.10996","ELEMENT":"f.24B59690DB8413BEE8D229DFAEDEAD25.d.47CA9F6BFD34E0D243B0CF84E5ED81B4.e.10996"}]}
RESULT: {"script":"<script> [8489 bytes]","args":[{"element-6066-11e4-a52e-4f735466cecf":"f.24B59690DB8413BEE8D229DFAEDEAD25.d.47CA9F6BFD34E0D243B0CF84E5ED81B4.e.10996","ELEMENT":"f.24B59690DB8413BEE8D229DFAEDEAD25.d.47CA9F6BFD34E0D243B0CF84E5ED81B4.e.10996"}]}
RESULT: undefined
COMMAND: POST /session/22675cbf295e23214948e3e385e3f86d/element - {"using":"xpath","value":"//*[@id=\"application-manageyards-display-component---NewYard--addressNewCostObjectCstID-vhi\"]"}
COMMAND: GET /session/22675cbf295e23214948e3e385e3f86d/screenshot - {}
RESULT: {"using":"xpath","value":"//*[@id=\"application-manageyards-display-component---NewYard--addressNewCostObjectCstID-vhi\"]"}
COMMAND: POST /session/22675cbf295e23214948e3e385e3f86d/element/f.24B59690DB8413BEE8D229DFAEDEAD25.d.47CA9F6BFD34E0D243B0CF84E5ED81B4.e.10996/click - {}
RESULT: {}
RESULT: {}
COMMAND: GET /session/22675cbf295e23214948e3e385e3f86d/screenshot - {}
RESULT: {}
RESULT: undefined
COMMAND: POST /session/22675cbf295e23214948e3e385e3f86d/execute/async - {"script":"<script> [776 bytes]","args":[{"enterText":"bauh_b","selector":{"controlType":"sap.m.SearchField","properties":{"placeholder":"Search"},"searchOpenDialogs":true,"interaction":{"idSuffix":"I"}},"clearTextFirst":true,"interactionType":"ENTER_TEXT"}]}
RESULT: {"script":"<script> [776 bytes]","args":[{"enterText":"bauh_b","selector":{"controlType":"sap.m.SearchField","properties":{"placeholder":"Search"},"searchOpenDialogs":true,"interaction":{"idSuffix":"I"}},"clearTextFirst":true,"interactionType":"ENTER_TEXT"}]}
COMMAND: POST /session/22675cbf295e23214948e3e385e3f86d/actions - {"actions":[{"id":"action27","type":"key","parameters":{},"actions":[{"type":"keyDown","value":"î€‡"},{"type":"pause","duration":10},{"type":"keyUp","value":"î€‡"}]}]}
RESULT: {"actions":[{"id":"action27","type":"key","parameters":{},"actions":[{"type":"keyDown","value":"î€‡"},{"type":"pause","duration":10},{"type":"keyUp","value":"î€‡"}]}]}
COMMAND: GET /session/22675cbf295e23214948e3e385e3f86d/screenshot - {}
RESULT: {}
COMMAND: POST /session/22675cbf295e23214948e3e385e3f86d/element - {"using":"xpath","value":"//span[contains(text(), \"Demo Yard\")]"}
RESULT: {"using":"xpath","value":"//span[contains(text(), \"Demo Yard\")]"}
COMMAND: POST /session/22675cbf295e23214948e3e385e3f86d/element/f.24B59690DB8413BEE8D229DFAEDEAD25.d.47CA9F6BFD34E0D243B0CF84E5ED81B4.e.11036/click - {}
RESULT: {}
COMMAND: GET /session/22675cbf295e23214948e3e385e3f86d/screenshot - {}
RESULT: {}
COMMAND: POST /session/22675cbf295e23214948e3e385e3f86d/element - {"using":"xpath","value":"//bdi[contains(text(), \"OK\")]"}
RESULT: {"using":"xpath","value":"//bdi[contains(text(), \"OK\")]"}
COMMAND: POST /session/22675cbf295e23214948e3e385e3f86d/element/f.24B59690DB8413BEE8D229DFAEDEAD25.d.47CA9F6BFD34E0D243B0CF84E5ED81B4.e.11037/click - {}
RESULT: {}
COMMAND: GET /session/22675cbf295e23214948e3e385e3f86d/screenshot - {}
RESULT: {}
RESULT: undefined
COMMAND: POST /session/22675cbf295e23214948e3e385e3f86d/element - {"using":"xpath","value":"//*[@id=\"application-manageyards-display-component---NewYard--addressEditDetailsCurrency-arrow\"]"}
RESULT: {"using":"xpath","value":"//*[@id=\"application-manageyards-display-component---NewYard--addressEditDetailsCurrency-arrow\"]"}
COMMAND: POST /session/22675cbf295e23214948e3e385e3f86d/element/f.24B59690DB8413BEE8D229DFAEDEAD25.d.47CA9F6BFD34E0D243B0CF84E5ED81B4.e.11040/click - {}
RESULT: {}
COMMAND: POST /session/22675cbf295e23214948e3e385e3f86d/element - {"using":"xpath","value":"//span[contains(text(), \"Euro\")]"}
COMMAND: GET /session/22675cbf295e23214948e3e385e3f86d/screenshot - {}
RESULT: {"using":"xpath","value":"//span[contains(text(), \"Euro\")]"}
COMMAND: POST /session/22675cbf295e23214948e3e385e3f86d/element/f.24B59690DB8413BEE8D229DFAEDEAD25.d.47CA9F6BFD34E0D243B0CF84E5ED81B4.e.11041/click - {}
RESULT: {}
RESULT: {}
RESULT: undefined
COMMAND: POST /session/22675cbf295e23214948e3e385e3f86d/execute/async - {"script":"<script> [776 bytes]","args":[{"enterText":"Z001","selector":{"controlType":"sap.m.Input","viewName":"etm.portal.ui.manageyards.view.New","viewId":"application-manageyards-display-component---NewYard","bindingPath":{"path":"","propertyPath":"/CONTROLLING_AREA","modelName":"NewYardModel"},"interaction":{"idSuffix":"inner"}},"clearTextFirst":true,"interactionType":"ENTER_TEXT"}]}
COMMAND: GET /session/22675cbf295e23214948e3e385e3f86d/screenshot - {}
RESULT: {"script":"<script> [776 bytes]","args":[{"enterText":"Z001","selector":{"controlType":"sap.m.Input","viewName":"etm.portal.ui.manageyards.view.New","viewId":"application-manageyards-display-component---NewYard","bindingPath":{"path":"","propertyPath":"/CONTROLLING_AREA","modelName":"NewYardModel"},"interaction":{"idSuffix":"inner"}},"clearTextFirst":true,"interactionType":"ENTER_TEXT"}]}
RESULT: undefined
COMMAND: POST /session/22675cbf295e23214948e3e385e3f86d/execute/async - {"script":"<script> [776 bytes]","args":[{"enterText":"1000","selector":{"id":"application-manageyards-display-component---NewYard--companyCodeComboBox","interaction":{"idSuffix":"inner"}},"clearTextFirst":true,"interactionType":"ENTER_TEXT"}]}
RESULT: {}
RESULT: {"script":"<script> [776 bytes]","args":[{"enterText":"1000","selector":{"id":"application-manageyards-display-component---NewYard--companyCodeComboBox","interaction":{"idSuffix":"inner"}},"clearTextFirst":true,"interactionType":"ENTER_TEXT"}]}
RESULT: undefined
COMMAND: POST /session/22675cbf295e23214948e3e385e3f86d/execute/async - {"script":"<script> [776 bytes]","args":[{"enterText":"1001","selector":{"controlType":"sap.m.Input","viewName":"etm.portal.ui.manageyards.view.New","viewId":"application-manageyards-display-component---NewYard","bindingPath":{"path":"","propertyPath":"/PLANT","modelName":"NewYardModel"},"interaction":{"idSuffix":"inner"}},"clearTextFirst":true,"interactionType":"ENTER_TEXT"}]}
RESULT: {"script":"<script> [776 bytes]","args":[{"enterText":"1001","selector":{"controlType":"sap.m.Input","viewName":"etm.portal.ui.manageyards.view.New","viewId":"application-manageyards-display-component---NewYard","bindingPath":{"path":"","propertyPath":"/PLANT","modelName":"NewYardModel"},"interaction":{"idSuffix":"inner"}},"clearTextFirst":true,"interactionType":"ENTER_TEXT"}]}
RESULT: undefined
COMMAND: POST /session/22675cbf295e23214948e3e385e3f86d/execute/async - {"script":"<script> [776 bytes]","args":[{"enterText":"C002","selector":{"controlType":"sap.m.Input","viewName":"etm.portal.ui.manageyards.view.New","viewId":"application-manageyards-display-component---NewYard","bindingPath":{"path":"","propertyPath":"/SALES_AREA_VKORG","modelName":"NewYardModel"},"interaction":{"idSuffix":"inner"}},"clearTextFirst":true,"interactionType":"ENTER_TEXT"}]}
RESULT: {"script":"<script> [776 bytes]","args":[{"enterText":"C002","selector":{"controlType":"sap.m.Input","viewName":"etm.portal.ui.manageyards.view.New","viewId":"application-manageyards-display-component---NewYard","bindingPath":{"path":"","propertyPath":"/SALES_AREA_VKORG","modelName":"NewYardModel"},"interaction":{"idSuffix":"inner"}},"clearTextFirst":true,"interactionType":"ENTER_TEXT"}]}
RESULT: undefined
COMMAND: POST /session/22675cbf295e23214948e3e385e3f86d/execute/async - {"script":"<script> [776 bytes]","args":[{"enterText":"C2","selector":{"controlType":"sap.m.Input","viewName":"etm.portal.ui.manageyards.view.New","viewId":"application-manageyards-display-component---NewYard","bindingPath":{"path":"","propertyPath":"/SALES_AREA_VTWEG","modelName":"NewYardModel"},"interaction":{"idSuffix":"inner"}},"clearTextFirst":true,"interactionType":"ENTER_TEXT"}]}
RESULT: {"script":"<script> [776 bytes]","args":[{"enterText":"C2","selector":{"controlType":"sap.m.Input","viewName":"etm.portal.ui.manageyards.view.New","viewId":"application-manageyards-display-component---NewYard","bindingPath":{"path":"","propertyPath":"/SALES_AREA_VTWEG","modelName":"NewYardModel"},"interaction":{"idSuffix":"inner"}},"clearTextFirst":true,"interactionType":"ENTER_TEXT"}]}
RESULT: undefined
COMMAND: POST /session/22675cbf295e23214948e3e385e3f86d/execute/async - {"script":"<script> [776 bytes]","args":[{"enterText":"C2","selector":{"controlType":"sap.m.Input","viewName":"etm.portal.ui.manageyards.view.New","viewId":"application-manageyards-display-component---NewYard","bindingPath":{"path":"","propertyPath":"/SALES_AREA_SPART","modelName":"NewYardModel"},"interaction":{"idSuffix":"inner"}},"clearTextFirst":true,"interactionType":"ENTER_TEXT"}]}
RESULT: {"script":"<script> [776 bytes]","args":[{"enterText":"C2","selector":{"controlType":"sap.m.Input","viewName":"etm.portal.ui.manageyards.view.New","viewId":"application-manageyards-display-component---NewYard","bindingPath":{"path":"","propertyPath":"/SALES_AREA_SPART","modelName":"NewYardModel"},"interaction":{"idSuffix":"inner"}},"clearTextFirst":true,"interactionType":"ENTER_TEXT"}]}
RESULT: undefined
COMMAND: POST /session/22675cbf295e23214948e3e385e3f86d/execute/async - {"script":"<script> [776 bytes]","args":[{"enterText":"1710","selector":{"controlType":"sap.m.Input","viewName":"etm.portal.ui.manageyards.view.New","viewId":"application-manageyards-display-component---NewYard","bindingPath":{"path":"","propertyPath":"/SHIP_POINT","modelName":"NewYardModel"},"interaction":{"idSuffix":"inner"}},"clearTextFirst":true,"interactionType":"ENTER_TEXT"}]}
RESULT: {"script":"<script> [776 bytes]","args":[{"enterText":"1710","selector":{"controlType":"sap.m.Input","viewName":"etm.portal.ui.manageyards.view.New","viewId":"application-manageyards-display-component---NewYard","bindingPath":{"path":"","propertyPath":"/SHIP_POINT","modelName":"NewYardModel"},"interaction":{"idSuffix":"inner"}},"clearTextFirst":true,"interactionType":"ENTER_TEXT"}]}
RESULT: undefined
COMMAND: POST /session/22675cbf295e23214948e3e385e3f86d/execute/async - {"script":"<script> [776 bytes]","args":[{"enterText":"ZL01","selector":{"controlType":"sap.m.Input","viewName":"etm.portal.ui.manageyards.view.New","viewId":"application-manageyards-display-component---NewYard","bindingPath":{"path":"","propertyPath":"/DELIVERY_TYPE","modelName":"NewYardModel"},"interaction":{"idSuffix":"inner"}},"clearTextFirst":true,"interactionType":"ENTER_TEXT"}]}
RESULT: {"script":"<script> [776 bytes]","args":[{"enterText":"ZL01","selector":{"controlType":"sap.m.Input","viewName":"etm.portal.ui.manageyards.view.New","viewId":"application-manageyards-display-component---NewYard","bindingPath":{"path":"","propertyPath":"/DELIVERY_TYPE","modelName":"NewYardModel"},"interaction":{"idSuffix":"inner"}},"clearTextFirst":true,"interactionType":"ENTER_TEXT"}]}
RESULT: undefined
COMMAND: POST /session/22675cbf295e23214948e3e385e3f86d/execute/async - {"script":"<script> [776 bytes]","args":[{"enterText":"TA","selector":{"controlType":"sap.m.Input","viewName":"etm.portal.ui.manageyards.view.New","viewId":"application-manageyards-display-component---NewYard","bindingPath":{"path":"","propertyPath":"/AUART","modelName":"NewYardModel"},"interaction":{"idSuffix":"inner"}},"clearTextFirst":true,"interactionType":"ENTER_TEXT"}]}
RESULT: {"script":"<script> [776 bytes]","args":[{"enterText":"TA","selector":{"controlType":"sap.m.Input","viewName":"etm.portal.ui.manageyards.view.New","viewId":"application-manageyards-display-component---NewYard","bindingPath":{"path":"","propertyPath":"/AUART","modelName":"NewYardModel"},"interaction":{"idSuffix":"inner"}},"clearTextFirst":true,"interactionType":"ENTER_TEXT"}]}
COMMAND: POST /session/22675cbf295e23214948e3e385e3f86d/execute/async - {"script":"<script> [1562 bytes]","args":[{"selector":{"id":"application-manageyards-display-component---NewYard--whmCheckBox","interaction":{"idSuffix":"CbBg"}},"wdio_ui5_key":"applicationmanageyards-display-component---NewYard--whmCheckBox"}]}
RESULT: {"script":"<script> [1562 bytes]","args":[{"selector":{"id":"application-manageyards-display-component---NewYard--whmCheckBox","interaction":{"idSuffix":"CbBg"}},"wdio_ui5_key":"applicationmanageyards-display-component---NewYard--whmCheckBox"}]}
RESULT: undefined
COMMAND: POST /session/22675cbf295e23214948e3e385e3f86d/element - {"using":"xpath","value":"//*[@id=\"application-manageyards-display-component---NewYard--whmCheckBox\"]"}
RESULT: {"using":"xpath","value":"//*[@id=\"application-manageyards-display-component---NewYard--whmCheckBox\"]"}
COMMAND: POST /session/22675cbf295e23214948e3e385e3f86d/element/f.24B59690DB8413BEE8D229DFAEDEAD25.d.47CA9F6BFD34E0D243B0CF84E5ED81B4.e.11051/click - {}
RESULT: {}
COMMAND: GET /session/22675cbf295e23214948e3e385e3f86d/screenshot - {}
RESULT: {}
COMMAND: POST /session/22675cbf295e23214948e3e385e3f86d/element - {"using":"xpath","value":"//button[@data-kt=\"newYardSaveButton\"]"}
RESULT: {"using":"xpath","value":"//button[@data-kt=\"newYardSaveButton\"]"}
COMMAND: POST /session/22675cbf295e23214948e3e385e3f86d/element/f.24B59690DB8413BEE8D229DFAEDEAD25.d.47CA9F6BFD34E0D243B0CF84E5ED81B4.e.10954/click - {}
RESULT: {}
COMMAND: GET /session/22675cbf295e23214948e3e385e3f86d/screenshot - {}
RESULT: {}
COMMAND: POST /session/22675cbf295e23214948e3e385e3f86d/element - {"using":"xpath","value":"//header[contains(@id, 'ObjectPageLayout-headerTitle')]/div[1]/div[2]/div[1]/span[1]"}
RESULT: {"using":"xpath","value":"//header[contains(@id, 'ObjectPageLayout-headerTitle')]/div[1]/div[2]/div[1]/span[1]"}
COMMAND: POST /session/22675cbf295e23214948e3e385e3f86d/elements - {"using":"xpath","value":"//header[contains(@id, 'ObjectPageLayout-headerTitle')]/div[1]/div[2]/div[1]/span[1]"}
RESULT: {"using":"xpath","value":"//header[contains(@id, 'ObjectPageLayout-headerTitle')]/div[1]/div[2]/div[1]/span[1]"}
COMMAND: POST /session/22675cbf295e23214948e3e385e3f86d/execute/sync - {"script":"<script> [56 bytes]","args":[{"element-6066-11e4-a52e-4f735466cecf":"f.24B59690DB8413BEE8D229DFAEDEAD25.d.47CA9F6BFD34E0D243B0CF84E5ED81B4.e.11256","ELEMENT":"f.24B59690DB8413BEE8D229DFAEDEAD25.d.47CA9F6BFD34E0D243B0CF84E5ED81B4.e.11256"}]}
RESULT: {"script":"<script> [56 bytes]","args":[{"element-6066-11e4-a52e-4f735466cecf":"f.24B59690DB8413BEE8D229DFAEDEAD25.d.47CA9F6BFD34E0D243B0CF84E5ED81B4.e.11256","ELEMENT":"f.24B59690DB8413BEE8D229DFAEDEAD25.d.47CA9F6BFD34E0D243B0CF84E5ED81B4.e.11256"}]}
COMMAND: GET /session/22675cbf295e23214948e3e385e3f86d/screenshot - {}
RESULT: {}
COMMAND: POST /session/22675cbf295e23214948e3e385e3f86d/element - {"using":"css selector","value":"#shell-header-logo"}
RESULT: {"using":"css selector","value":"#shell-header-logo"}
COMMAND: POST /session/22675cbf295e23214948e3e385e3f86d/element/f.24B59690DB8413BEE8D229DFAEDEAD25.d.47CA9F6BFD34E0D243B0CF84E5ED81B4.e.10508/click - {}
RESULT: {}
COMMAND: GET /session/22675cbf295e23214948e3e385e3f86d/screenshot - {}
RESULT: {}
COMMAND: POST /session/22675cbf295e23214948e3e385e3f86d/execute/sync - {"script":"<script> [299 bytes]","args":[["getModel","getResource"]]}
RESULT: {"script":"<script> [299 bytes]","args":[["getModel","getResource"]]}
]]></system-out>
    </testcase>
    <testcase classname="chrome.136_0_7103_93.windows.Create_partner_US118246" name="Should create new external WHM partner" time="107.628">
      <system-out><![CDATA[
COMMAND: POST /session/22675cbf295e23214948e3e385e3f86d/window/fullscreen - {}
COMMAND: GET /session/22675cbf295e23214948e3e385e3f86d/screenshot - {}
RESULT: {}
RESULT: undefined
COMMAND: POST /session/22675cbf295e23214948e3e385e3f86d/element - {"using":"xpath","value":"//*[@id=\"__tile38\"]"}
RESULT: {}
RESULT: {"using":"xpath","value":"//*[@id=\"__tile38\"]"}
COMMAND: POST /session/22675cbf295e23214948e3e385e3f86d/element/f.24B59690DB8413BEE8D229DFAEDEAD25.d.47CA9F6BFD34E0D243B0CF84E5ED81B4.e.8963/click - {}
RESULT: {}
COMMAND: GET /session/22675cbf295e23214948e3e385e3f86d/screenshot - {}
RESULT: {}
COMMAND: POST /session/22675cbf295e23214948e3e385e3f86d/elements - {"using":"xpath","value":"//span[text()='Error']"}
RESULT: {"using":"xpath","value":"//span[text()='Error']"}
COMMAND: POST /session/22675cbf295e23214948e3e385e3f86d/element - {"using":"xpath","value":"//button[@data-kt=\"addButton\"]"}
RESULT: {"using":"xpath","value":"//button[@data-kt=\"addButton\"]"}
COMMAND: POST /session/22675cbf295e23214948e3e385e3f86d/elements - {"using":"xpath","value":"//button[@data-kt=\"addButton\"]"}
RESULT: {"using":"xpath","value":"//button[@data-kt=\"addButton\"]"}
COMMAND: POST /session/22675cbf295e23214948e3e385e3f86d/execute/sync - {"script":"<script> [8489 bytes]","args":[{"element-6066-11e4-a52e-4f735466cecf":"f.24B59690DB8413BEE8D229DFAEDEAD25.d.47CA9F6BFD34E0D243B0CF84E5ED81B4.e.11303","ELEMENT":"f.24B59690DB8413BEE8D229DFAEDEAD25.d.47CA9F6BFD34E0D243B0CF84E5ED81B4.e.11303"}]}
RESULT: {"script":"<script> [8489 bytes]","args":[{"element-6066-11e4-a52e-4f735466cecf":"f.24B59690DB8413BEE8D229DFAEDEAD25.d.47CA9F6BFD34E0D243B0CF84E5ED81B4.e.11303","ELEMENT":"f.24B59690DB8413BEE8D229DFAEDEAD25.d.47CA9F6BFD34E0D243B0CF84E5ED81B4.e.11303"}]}
COMMAND: GET /session/22675cbf295e23214948e3e385e3f86d/element/f.24B59690DB8413BEE8D229DFAEDEAD25.d.47CA9F6BFD34E0D243B0CF84E5ED81B4.e.11303/enabled - {}
COMMAND: GET /session/22675cbf295e23214948e3e385e3f86d/screenshot - {}
RESULT: {}
COMMAND: POST /session/22675cbf295e23214948e3e385e3f86d/execute/sync - {"script":"<script> [8489 bytes]","args":[{"element-6066-11e4-a52e-4f735466cecf":"f.24B59690DB8413BEE8D229DFAEDEAD25.d.47CA9F6BFD34E0D243B0CF84E5ED81B4.e.11303","ELEMENT":"f.24B59690DB8413BEE8D229DFAEDEAD25.d.47CA9F6BFD34E0D243B0CF84E5ED81B4.e.11303"}]}
COMMAND: GET /session/22675cbf295e23214948e3e385e3f86d/screenshot - {}
RESULT: {}
RESULT: {"script":"<script> [8489 bytes]","args":[{"element-6066-11e4-a52e-4f735466cecf":"f.24B59690DB8413BEE8D229DFAEDEAD25.d.47CA9F6BFD34E0D243B0CF84E5ED81B4.e.11303","ELEMENT":"f.24B59690DB8413BEE8D229DFAEDEAD25.d.47CA9F6BFD34E0D243B0CF84E5ED81B4.e.11303"}]}
COMMAND: POST /session/22675cbf295e23214948e3e385e3f86d/execute/sync - {"script":"<script> [5351 bytes]","args":[{"element-6066-11e4-a52e-4f735466cecf":"f.24B59690DB8413BEE8D229DFAEDEAD25.d.47CA9F6BFD34E0D243B0CF84E5ED81B4.e.11303","ELEMENT":"f.24B59690DB8413BEE8D229DFAEDEAD25.d.47CA9F6BFD34E0D243B0CF84E5ED81B4.e.11303"}]}
COMMAND: GET /session/22675cbf295e23214948e3e385e3f86d/screenshot - {}
RESULT: {}
RESULT: {"script":"<script> [5351 bytes]","args":[{"element-6066-11e4-a52e-4f735466cecf":"f.24B59690DB8413BEE8D229DFAEDEAD25.d.47CA9F6BFD34E0D243B0CF84E5ED81B4.e.11303","ELEMENT":"f.24B59690DB8413BEE8D229DFAEDEAD25.d.47CA9F6BFD34E0D243B0CF84E5ED81B4.e.11303"}]}
COMMAND: POST /session/22675cbf295e23214948e3e385e3f86d/element/f.24B59690DB8413BEE8D229DFAEDEAD25.d.47CA9F6BFD34E0D243B0CF84E5ED81B4.e.11303/click - {}
COMMAND: GET /session/22675cbf295e23214948e3e385e3f86d/screenshot - {}
RESULT: {}
RESULT: {}
COMMAND: GET /session/22675cbf295e23214948e3e385e3f86d/screenshot - {}
RESULT: undefined
COMMAND: POST /session/22675cbf295e23214948e3e385e3f86d/execute/async - {"script":"<script> [776 bytes]","args":[{"enterText":"External Partner WDIO","selector":{"id":"application-managepartners-display-component---NewPartner--addressDetailDetailsName1","interaction":{"idSuffix":"inner"}},"clearTextFirst":true,"interactionType":"ENTER_TEXT"}]}
RESULT: {}
RESULT: {}
RESULT: {"script":"<script> [776 bytes]","args":[{"enterText":"External Partner WDIO","selector":{"id":"application-managepartners-display-component---NewPartner--addressDetailDetailsName1","interaction":{"idSuffix":"inner"}},"clearTextFirst":true,"interactionType":"ENTER_TEXT"}]}
RESULT: undefined
COMMAND: POST /session/22675cbf295e23214948e3e385e3f86d/element - {"using":"xpath","value":"//*[@id=\"application-managepartners-display-component---NewPartner--addressDetailDetailsLanguage-arrow\"]"}
RESULT: {"using":"xpath","value":"//*[@id=\"application-managepartners-display-component---NewPartner--addressDetailDetailsLanguage-arrow\"]"}
COMMAND: POST /session/22675cbf295e23214948e3e385e3f86d/element/f.24B59690DB8413BEE8D229DFAEDEAD25.d.47CA9F6BFD34E0D243B0CF84E5ED81B4.e.11735/click - {}
RESULT: {}
COMMAND: POST /session/22675cbf295e23214948e3e385e3f86d/element - {"using":"xpath","value":"//span[contains(text(), \"English\")]"}
COMMAND: GET /session/22675cbf295e23214948e3e385e3f86d/screenshot - {}
RESULT: {"using":"xpath","value":"//span[contains(text(), \"English\")]"}
COMMAND: POST /session/22675cbf295e23214948e3e385e3f86d/element/f.24B59690DB8413BEE8D229DFAEDEAD25.d.47CA9F6BFD34E0D243B0CF84E5ED81B4.e.11736/click - {}
RESULT: {}
RESULT: {}
COMMAND: GET /session/22675cbf295e23214948e3e385e3f86d/screenshot - {}
RESULT: {}
RESULT: undefined
COMMAND: POST /session/22675cbf295e23214948e3e385e3f86d/execute/async - {"script":"<script> [776 bytes]","args":[{"enterText":"Rosario","selector":{"id":"application-managepartners-display-component---NewPartner--addressDetailDetailsCity1","interaction":{"idSuffix":"inner"}},"clearTextFirst":true,"interactionType":"ENTER_TEXT"}]}
RESULT: {"script":"<script> [776 bytes]","args":[{"enterText":"Rosario","selector":{"id":"application-managepartners-display-component---NewPartner--addressDetailDetailsCity1","interaction":{"idSuffix":"inner"}},"clearTextFirst":true,"interactionType":"ENTER_TEXT"}]}
RESULT: undefined
COMMAND: POST /session/22675cbf295e23214948e3e385e3f86d/element - {"using":"xpath","value":"//*[@id=\"application-managepartners-display-component---NewPartner--addressDetailDetailsCountry-arrow\"]"}
RESULT: {"using":"xpath","value":"//*[@id=\"application-managepartners-display-component---NewPartner--addressDetailDetailsCountry-arrow\"]"}
COMMAND: POST /session/22675cbf295e23214948e3e385e3f86d/element/f.24B59690DB8413BEE8D229DFAEDEAD25.d.47CA9F6BFD34E0D243B0CF84E5ED81B4.e.11716/click - {}
RESULT: {}
COMMAND: POST /session/22675cbf295e23214948e3e385e3f86d/element - {"using":"xpath","value":"//span[contains(text(), \"Argentina\")]"}
COMMAND: GET /session/22675cbf295e23214948e3e385e3f86d/screenshot - {}
RESULT: {"using":"xpath","value":"//span[contains(text(), \"Argentina\")]"}
COMMAND: POST /session/22675cbf295e23214948e3e385e3f86d/element/f.24B59690DB8413BEE8D229DFAEDEAD25.d.47CA9F6BFD34E0D243B0CF84E5ED81B4.e.11737/click - {}
RESULT: {}
RESULT: {}
COMMAND: GET /session/22675cbf295e23214948e3e385e3f86d/screenshot - {}
RESULT: {}
COMMAND: POST /session/22675cbf295e23214948e3e385e3f86d/element - {"using":"xpath","value":"//bdi[contains(text(), \"Commercial\")]"}
RESULT: {"using":"xpath","value":"//bdi[contains(text(), \"Commercial\")]"}
COMMAND: POST /session/22675cbf295e23214948e3e385e3f86d/element/f.24B59690DB8413BEE8D229DFAEDEAD25.d.47CA9F6BFD34E0D243B0CF84E5ED81B4.e.11738/click - {}
RESULT: {}
COMMAND: GET /session/22675cbf295e23214948e3e385e3f86d/screenshot - {}
RESULT: {}
RESULT: undefined
COMMAND: POST /session/22675cbf295e23214948e3e385e3f86d/element - {"using":"xpath","value":"//*[@id=\"application-managepartners-display-component---NewPartner--partnerDetailInternal-arrow\"]"}
RESULT: {"using":"xpath","value":"//*[@id=\"application-managepartners-display-component---NewPartner--partnerDetailInternal-arrow\"]"}
COMMAND: POST /session/22675cbf295e23214948e3e385e3f86d/element/f.24B59690DB8413BEE8D229DFAEDEAD25.d.47CA9F6BFD34E0D243B0CF84E5ED81B4.e.11744/click - {}
RESULT: {}
COMMAND: POST /session/22675cbf295e23214948e3e385e3f86d/element - {"using":"xpath","value":"//span[contains(text(), \"External partner\")]"}
COMMAND: GET /session/22675cbf295e23214948e3e385e3f86d/screenshot - {}
RESULT: {"using":"xpath","value":"//span[contains(text(), \"External partner\")]"}
COMMAND: POST /session/22675cbf295e23214948e3e385e3f86d/element/f.24B59690DB8413BEE8D229DFAEDEAD25.d.47CA9F6BFD34E0D243B0CF84E5ED81B4.e.11745/click - {}
RESULT: {}
RESULT: {}
RESULT: undefined
COMMAND: POST /session/22675cbf295e23214948e3e385e3f86d/element - {"using":"xpath","value":"//*[@id=\"application-managepartners-display-component---NewPartner--partnerDetailsCurrency-arrow\"]"}
COMMAND: GET /session/22675cbf295e23214948e3e385e3f86d/screenshot - {}
RESULT: {"using":"xpath","value":"//*[@id=\"application-managepartners-display-component---NewPartner--partnerDetailsCurrency-arrow\"]"}
COMMAND: POST /session/22675cbf295e23214948e3e385e3f86d/element/f.24B59690DB8413BEE8D229DFAEDEAD25.d.47CA9F6BFD34E0D243B0CF84E5ED81B4.e.11750/click - {}
RESULT: {}
RESULT: {}
COMMAND: POST /session/22675cbf295e23214948e3e385e3f86d/element - {"using":"xpath","value":"//span[contains(text(), \"US Dollar\")]"}
COMMAND: GET /session/22675cbf295e23214948e3e385e3f86d/screenshot - {}
RESULT: {"using":"xpath","value":"//span[contains(text(), \"US Dollar\")]"}
COMMAND: POST /session/22675cbf295e23214948e3e385e3f86d/element/f.24B59690DB8413BEE8D229DFAEDEAD25.d.47CA9F6BFD34E0D243B0CF84E5ED81B4.e.11751/click - {}
RESULT: {}
RESULT: {}
COMMAND: GET /session/22675cbf295e23214948e3e385e3f86d/screenshot - {}
RESULT: {}
COMMAND: POST /session/22675cbf295e23214948e3e385e3f86d/element - {"using":"xpath","value":"//input[@id=\"application-managepartners-display-component---NewPartner--companyCodeComboBox-inner\"]"}
RESULT: {"using":"xpath","value":"//input[@id=\"application-managepartners-display-component---NewPartner--companyCodeComboBox-inner\"]"}
COMMAND: POST /session/22675cbf295e23214948e3e385e3f86d/element/f.24B59690DB8413BEE8D229DFAEDEAD25.d.47CA9F6BFD34E0D243B0CF84E5ED81B4.e.11632/clear - {}
RESULT: {}
COMMAND: POST /session/22675cbf295e23214948e3e385e3f86d/element/f.24B59690DB8413BEE8D229DFAEDEAD25.d.47CA9F6BFD34E0D243B0CF84E5ED81B4.e.11632/value - {"text":"C002"}
COMMAND: GET /session/22675cbf295e23214948e3e385e3f86d/screenshot - {}
RESULT: {"text":"C002"}
COMMAND: GET /session/22675cbf295e23214948e3e385e3f86d/screenshot - {}
RESULT: {}
RESULT: {}
COMMAND: POST /session/22675cbf295e23214948e3e385e3f86d/element - {"using":"xpath","value":"//li[.//span[text()= \"C002\"]]"}
RESULT: {"using":"xpath","value":"//li[.//span[text()= \"C002\"]]"}
COMMAND: POST /session/22675cbf295e23214948e3e385e3f86d/element/f.24B59690DB8413BEE8D229DFAEDEAD25.d.47CA9F6BFD34E0D243B0CF84E5ED81B4.e.11755/click - {}
RESULT: {}
COMMAND: GET /session/22675cbf295e23214948e3e385e3f86d/screenshot - {}
RESULT: {}
RESULT: undefined
COMMAND: POST /session/22675cbf295e23214948e3e385e3f86d/element - {"using":"xpath","value":"//*[@id=\"application-managepartners-display-component---NewPartner--btnAddTableRow-img\"]"}
RESULT: {"using":"xpath","value":"//*[@id=\"application-managepartners-display-component---NewPartner--btnAddTableRow-img\"]"}
COMMAND: POST /session/22675cbf295e23214948e3e385e3f86d/element/f.24B59690DB8413BEE8D229DFAEDEAD25.d.47CA9F6BFD34E0D243B0CF84E5ED81B4.e.11756/click - {}
RESULT: {}
COMMAND: GET /session/22675cbf295e23214948e3e385e3f86d/screenshot - {}
COMMAND: POST /session/22675cbf295e23214948e3e385e3f86d/element - {"using":"xpath","value":"//input[@id=\"application-managepartners-display-component---NewPartner--assignmentYard-application-managepartners-display-component---NewPartner--assignmentsTable-0-inner\"]"}
RESULT: {}
RESULT: {"using":"xpath","value":"//input[@id=\"application-managepartners-display-component---NewPartner--assignmentYard-application-managepartners-display-component---NewPartner--assignmentsTable-0-inner\"]"}
COMMAND: POST /session/22675cbf295e23214948e3e385e3f86d/element/f.24B59690DB8413BEE8D229DFAEDEAD25.d.47CA9F6BFD34E0D243B0CF84E5ED81B4.e.11759/clear - {}
RESULT: {}
COMMAND: POST /session/22675cbf295e23214948e3e385e3f86d/element/f.24B59690DB8413BEE8D229DFAEDEAD25.d.47CA9F6BFD34E0D243B0CF84E5ED81B4.e.11759/value - {"text":"512"}
COMMAND: GET /session/22675cbf295e23214948e3e385e3f86d/screenshot - {}
RESULT: {"text":"512"}
COMMAND: GET /session/22675cbf295e23214948e3e385e3f86d/screenshot - {}
RESULT: {}
RESULT: {}
COMMAND: POST /session/22675cbf295e23214948e3e385e3f86d/element - {"using":"xpath","value":"//li[.//span[text()='512']]"}
RESULT: {"using":"xpath","value":"//li[.//span[text()='512']]"}
COMMAND: POST /session/22675cbf295e23214948e3e385e3f86d/element/f.24B59690DB8413BEE8D229DFAEDEAD25.d.47CA9F6BFD34E0D243B0CF84E5ED81B4.e.11767/click - {}
RESULT: {}
COMMAND: GET /session/22675cbf295e23214948e3e385e3f86d/screenshot - {}
RESULT: {}
COMMAND: POST /session/22675cbf295e23214948e3e385e3f86d/actions - {"actions":[{"id":"action28","type":"key","parameters":{},"actions":[{"type":"keyDown","value":"î€‡"},{"type":"pause","duration":10},{"type":"keyUp","value":"î€‡"}]}]}
RESULT: {"actions":[{"id":"action28","type":"key","parameters":{},"actions":[{"type":"keyDown","value":"î€‡"},{"type":"pause","duration":10},{"type":"keyUp","value":"î€‡"}]}]}
COMMAND: POST /session/22675cbf295e23214948e3e385e3f86d/element - {"using":"xpath","value":"//td[contains(@id, \"assignmentsTable-0-cell2\")]/div/div"}
COMMAND: GET /session/22675cbf295e23214948e3e385e3f86d/screenshot - {}
RESULT: {"using":"xpath","value":"//td[contains(@id, \"assignmentsTable-0-cell2\")]/div/div"}
COMMAND: POST /session/22675cbf295e23214948e3e385e3f86d/element/f.24B59690DB8413BEE8D229DFAEDEAD25.d.47CA9F6BFD34E0D243B0CF84E5ED81B4.e.11770/click - {}
RESULT: {}
RESULT: {}
COMMAND: GET /session/22675cbf295e23214948e3e385e3f86d/screenshot - {}
RESULT: {}
COMMAND: POST /session/22675cbf295e23214948e3e385e3f86d/element - {"using":"xpath","value":"//button[@data-kt=\"saveButton\"]"}
RESULT: {"using":"xpath","value":"//button[@data-kt=\"saveButton\"]"}
COMMAND: POST /session/22675cbf295e23214948e3e385e3f86d/element/f.24B59690DB8413BEE8D229DFAEDEAD25.d.47CA9F6BFD34E0D243B0CF84E5ED81B4.e.11693/click - {}
RESULT: {}
COMMAND: GET /session/22675cbf295e23214948e3e385e3f86d/screenshot - {}
RESULT: {}
COMMAND: POST /session/22675cbf295e23214948e3e385e3f86d/element - {"using":"xpath","value":"//header[contains(@id, 'ObjectPageLayout-headerTitle')]/div[1]/div[2]/div[2]/span[1]"}
RESULT: {"using":"xpath","value":"//header[contains(@id, 'ObjectPageLayout-headerTitle')]/div[1]/div[2]/div[2]/span[1]"}
COMMAND: POST /session/22675cbf295e23214948e3e385e3f86d/elements - {"using":"xpath","value":"//header[contains(@id, 'ObjectPageLayout-headerTitle')]/div[1]/div[2]/div[2]/span[1]"}
RESULT: {"using":"xpath","value":"//header[contains(@id, 'ObjectPageLayout-headerTitle')]/div[1]/div[2]/div[2]/span[1]"}
COMMAND: POST /session/22675cbf295e23214948e3e385e3f86d/execute/sync - {"script":"<script> [56 bytes]","args":[{"element-6066-11e4-a52e-4f735466cecf":"f.24B59690DB8413BEE8D229DFAEDEAD25.d.47CA9F6BFD34E0D243B0CF84E5ED81B4.e.11930","ELEMENT":"f.24B59690DB8413BEE8D229DFAEDEAD25.d.47CA9F6BFD34E0D243B0CF84E5ED81B4.e.11930"}]}
RESULT: {"script":"<script> [56 bytes]","args":[{"element-6066-11e4-a52e-4f735466cecf":"f.24B59690DB8413BEE8D229DFAEDEAD25.d.47CA9F6BFD34E0D243B0CF84E5ED81B4.e.11930","ELEMENT":"f.24B59690DB8413BEE8D229DFAEDEAD25.d.47CA9F6BFD34E0D243B0CF84E5ED81B4.e.11930"}]}
COMMAND: POST /session/22675cbf295e23214948e3e385e3f86d/element - {"using":"css selector","value":"#shell-header-logo"}
COMMAND: GET /session/22675cbf295e23214948e3e385e3f86d/screenshot - {}
RESULT: {"using":"css selector","value":"#shell-header-logo"}
COMMAND: POST /session/22675cbf295e23214948e3e385e3f86d/element/f.24B59690DB8413BEE8D229DFAEDEAD25.d.47CA9F6BFD34E0D243B0CF84E5ED81B4.e.11259/click - {}
RESULT: {}
RESULT: {}
COMMAND: GET /session/22675cbf295e23214948e3e385e3f86d/screenshot - {}
RESULT: {}
COMMAND: POST /session/22675cbf295e23214948e3e385e3f86d/execute/sync - {"script":"<script> [299 bytes]","args":[["getModel","getResource"]]}
RESULT: {"script":"<script> [299 bytes]","args":[["getModel","getResource"]]}
COMMAND: GET /session/22675cbf295e23214948e3e385e3f86d/screenshot - {}
RESULT: {}
COMMAND: DELETE /session/22675cbf295e23214948e3e385e3f86d - {}
RESULT: {}
]]></system-out>
    </testcase>
  </testsuite>
</testsuites>