<?xml version="1.0" encoding="UTF-8"?>
<testsuites tests="49" failures="1" errors="1" skipped="0">
  <testsuite timestamp="2025-05-09T15:08:22" time="1935.287" tests="49" failures="1" errors="1" skipped="0">
    <properties>
      <property name="specId" value="0" />
      <property name="suiteName" value="Sanity Tests US104253" />
      <property name="capabilities" value="chrome.136_0_7103_49.windows" />
      <property name="file" value="file:///D:/a/1/s/test/specs/General/sanity.spec.js" />
    </properties>
    <testcase classname="chrome.136_0_7103_49.windows.Sanity_Tests_US104253" name="Should open Manage Partners page" time="40.335">
      <system-out><![CDATA[
COMMAND: POST /session/9acbeaa92b99fefe4a7dfe42c06eba25/execute/async - {"script":"<script> [1562 bytes]","args":[{"selector":{"controlType":"sap.m.GenericTile","properties":{"header":"Manage Partners"}},"wdio_ui5_key":"sapm.GenericTile{\"header\":\"Manage Partners\"}"}]}
RESULT: {"script":"<script> [1562 bytes]","args":[{"selector":{"controlType":"sap.m.GenericTile","properties":{"header":"Manage Partners"}},"wdio_ui5_key":"sapm.GenericTile{\"header\":\"Manage Partners\"}"}]}
RESULT: undefined
COMMAND: POST /session/9acbeaa92b99fefe4a7dfe42c06eba25/element - {"using":"xpath","value":"//*[@id=\"__tile38\"]"}
RESULT: {"using":"xpath","value":"//*[@id=\"__tile38\"]"}
COMMAND: POST /session/9acbeaa92b99fefe4a7dfe42c06eba25/element/f.01FBF2109C59626B32AF8377D21F3CC4.d.B515AFBB718F89349E930F76C756C68B.e.117/click - {}
RESULT: {}
COMMAND: GET /session/9acbeaa92b99fefe4a7dfe42c06eba25/screenshot - {}
RESULT: {}
COMMAND: POST /session/9acbeaa92b99fefe4a7dfe42c06eba25/elements - {"using":"xpath","value":"//span[text()='Error']"}
RESULT: {"using":"xpath","value":"//span[text()='Error']"}
RESULT: undefined
COMMAND: POST /session/9acbeaa92b99fefe4a7dfe42c06eba25/element - {"using":"xpath","value":"//*[@id=\"__tile38\"]"}
RESULT: {"using":"xpath","value":"//*[@id=\"__tile38\"]"}
COMMAND: POST /session/9acbeaa92b99fefe4a7dfe42c06eba25/element/f.01FBF2109C59626B32AF8377D21F3CC4.d.B515AFBB718F89349E930F76C756C68B.e.117/click - {}
RESULT: undefined
COMMAND: POST /session/9acbeaa92b99fefe4a7dfe42c06eba25/element - {"using":"xpath","value":"//*[@id=\"__tile38\"]"}
RESULT: {"using":"xpath","value":"//*[@id=\"__tile38\"]"}
COMMAND: POST /session/9acbeaa92b99fefe4a7dfe42c06eba25/element/f.01FBF2109C59626B32AF8377D21F3CC4.d.B515AFBB718F89349E930F76C756C68B.e.117/click - {}
COMMAND: POST /session/9acbeaa92b99fefe4a7dfe42c06eba25/execute/async - {"script":"<script> [1562 bytes]","args":[{"selector":{"id":"shellAppTitle"},"wdio_ui5_key":"shellAppTitle"}]}
RESULT: {"script":"<script> [1562 bytes]","args":[{"selector":{"id":"shellAppTitle"},"wdio_ui5_key":"shellAppTitle"}]}
RESULT: undefined
COMMAND: POST /session/9acbeaa92b99fefe4a7dfe42c06eba25/execute/async - {"script":"<script> [6424 bytes]","args":[{"element-6066-11e4-a52e-4f735466cecf":"f.01FBF2109C59626B32AF8377D21F3CC4.d.B515AFBB718F89349E930F76C756C68B.e.225"},"getTitle",[]]}
RESULT: {"script":"<script> [6424 bytes]","args":[{"element-6066-11e4-a52e-4f735466cecf":"f.01FBF2109C59626B32AF8377D21F3CC4.d.B515AFBB718F89349E930F76C756C68B.e.225"},"getTitle",[]]}
COMMAND: POST /session/9acbeaa92b99fefe4a7dfe42c06eba25/execute/async - {"script":"<script> [1562 bytes]","args":[{"selector":{"id":"backBtn"},"wdio_ui5_key":"backBtn"}]}
RESULT: {"script":"<script> [1562 bytes]","args":[{"selector":{"id":"backBtn"},"wdio_ui5_key":"backBtn"}]}
RESULT: undefined
COMMAND: POST /session/9acbeaa92b99fefe4a7dfe42c06eba25/element - {"using":"xpath","value":"//*[@id=\"backBtn\"]"}
RESULT: {"using":"xpath","value":"//*[@id=\"backBtn\"]"}
COMMAND: POST /session/9acbeaa92b99fefe4a7dfe42c06eba25/element/f.01FBF2109C59626B32AF8377D21F3CC4.d.B515AFBB718F89349E930F76C756C68B.e.226/click - {}
]]></system-out>
    </testcase>
    <testcase classname="chrome.136_0_7103_49.windows.Sanity_Tests_US104253" name="Should open Manage Resources page" time="37.248">
      <system-out><![CDATA[
COMMAND: GET /session/9acbeaa92b99fefe4a7dfe42c06eba25/screenshot - {}
COMMAND: POST /session/9acbeaa92b99fefe4a7dfe42c06eba25/execute/async - {"script":"<script> [1562 bytes]","args":[{"selector":{"controlType":"sap.m.GenericTile","properties":{"header":"Manage Resources"}},"wdio_ui5_key":"sapm.GenericTile{\"header\":\"Manage Resources\"}"}]}
RESULT: {"script":"<script> [1562 bytes]","args":[{"selector":{"controlType":"sap.m.GenericTile","properties":{"header":"Manage Resources"}},"wdio_ui5_key":"sapm.GenericTile{\"header\":\"Manage Resources\"}"}]}
RESULT: undefined
COMMAND: POST /session/9acbeaa92b99fefe4a7dfe42c06eba25/element - {"using":"xpath","value":"//*[@id=\"__tile39\"]"}
RESULT: {}
RESULT: {"using":"xpath","value":"//*[@id=\"__tile39\"]"}
COMMAND: POST /session/9acbeaa92b99fefe4a7dfe42c06eba25/element/f.01FBF2109C59626B32AF8377D21F3CC4.d.B515AFBB718F89349E930F76C756C68B.e.232/click - {}
RESULT: {}
COMMAND: GET /session/9acbeaa92b99fefe4a7dfe42c06eba25/screenshot - {}
RESULT: {}
COMMAND: POST /session/9acbeaa92b99fefe4a7dfe42c06eba25/elements - {"using":"xpath","value":"//span[text()='Error']"}
RESULT: {"using":"xpath","value":"//span[text()='Error']"}
RESULT: undefined
COMMAND: POST /session/9acbeaa92b99fefe4a7dfe42c06eba25/element - {"using":"xpath","value":"//*[@id=\"__tile39\"]"}
RESULT: {"using":"xpath","value":"//*[@id=\"__tile39\"]"}
COMMAND: POST /session/9acbeaa92b99fefe4a7dfe42c06eba25/element/f.01FBF2109C59626B32AF8377D21F3CC4.d.B515AFBB718F89349E930F76C756C68B.e.232/click - {}
RESULT: undefined
COMMAND: POST /session/9acbeaa92b99fefe4a7dfe42c06eba25/element - {"using":"xpath","value":"//*[@id=\"__tile39\"]"}
RESULT: {"using":"xpath","value":"//*[@id=\"__tile39\"]"}
COMMAND: POST /session/9acbeaa92b99fefe4a7dfe42c06eba25/element/f.01FBF2109C59626B32AF8377D21F3CC4.d.B515AFBB718F89349E930F76C756C68B.e.232/click - {}
RESULT: undefined
COMMAND: POST /session/9acbeaa92b99fefe4a7dfe42c06eba25/execute/async - {"script":"<script> [6424 bytes]","args":[{"element-6066-11e4-a52e-4f735466cecf":"f.01FBF2109C59626B32AF8377D21F3CC4.d.B515AFBB718F89349E930F76C756C68B.e.225"},"getTitle",[]]}
COMMAND: POST /session/9acbeaa92b99fefe4a7dfe42c06eba25/execute/async - {"script":"<script> [1562 bytes]","args":[{"selector":{"id":"shellAppTitle"},"wdio_ui5_key":"shellAppTitle"}]}
RESULT: {"script":"<script> [1562 bytes]","args":[{"selector":{"id":"shellAppTitle"},"wdio_ui5_key":"shellAppTitle"}]}
COMMAND: POST /session/9acbeaa92b99fefe4a7dfe42c06eba25/execute/async - {"script":"<script> [6424 bytes]","args":[{"element-6066-11e4-a52e-4f735466cecf":"f.01FBF2109C59626B32AF8377D21F3CC4.d.B515AFBB718F89349E930F76C756C68B.e.404"},"getTitle",[]]}
RESULT: {"script":"<script> [6424 bytes]","args":[{"element-6066-11e4-a52e-4f735466cecf":"f.01FBF2109C59626B32AF8377D21F3CC4.d.B515AFBB718F89349E930F76C756C68B.e.404"},"getTitle",[]]}
RESULT: undefined
COMMAND: POST /session/9acbeaa92b99fefe4a7dfe42c06eba25/element/f.01FBF2109C59626B32AF8377D21F3CC4.d.B515AFBB718F89349E930F76C756C68B.e.226/click - {}
RESULT: {}
COMMAND: GET /session/9acbeaa92b99fefe4a7dfe42c06eba25/screenshot - {}
RESULT: {}
]]></system-out>
    </testcase>
    <testcase classname="chrome.136_0_7103_49.windows.Sanity_Tests_US104253" name="Should open Manage Catalogs page" time="36.272">
      <system-out><![CDATA[
COMMAND: POST /session/9acbeaa92b99fefe4a7dfe42c06eba25/execute/async - {"script":"<script> [1562 bytes]","args":[{"selector":{"controlType":"sap.m.GenericTile","properties":{"header":"Manage Catalogs"}},"wdio_ui5_key":"sapm.GenericTile{\"header\":\"Manage Catalogs\"}"}]}
RESULT: {"script":"<script> [1562 bytes]","args":[{"selector":{"controlType":"sap.m.GenericTile","properties":{"header":"Manage Catalogs"}},"wdio_ui5_key":"sapm.GenericTile{\"header\":\"Manage Catalogs\"}"}]}
RESULT: undefined
COMMAND: POST /session/9acbeaa92b99fefe4a7dfe42c06eba25/element - {"using":"xpath","value":"//*[@id=\"__tile37\"]"}
RESULT: {"using":"xpath","value":"//*[@id=\"__tile37\"]"}
COMMAND: POST /session/9acbeaa92b99fefe4a7dfe42c06eba25/element/f.01FBF2109C59626B32AF8377D21F3CC4.d.B515AFBB718F89349E930F76C756C68B.e.406/click - {}
RESULT: {}
COMMAND: GET /session/9acbeaa92b99fefe4a7dfe42c06eba25/screenshot - {}
RESULT: {}
COMMAND: POST /session/9acbeaa92b99fefe4a7dfe42c06eba25/elements - {"using":"xpath","value":"//span[text()='Error']"}
RESULT: {"using":"xpath","value":"//span[text()='Error']"}
RESULT: undefined
COMMAND: POST /session/9acbeaa92b99fefe4a7dfe42c06eba25/element - {"using":"xpath","value":"//*[@id=\"__tile37\"]"}
RESULT: {"using":"xpath","value":"//*[@id=\"__tile37\"]"}
COMMAND: POST /session/9acbeaa92b99fefe4a7dfe42c06eba25/element/f.01FBF2109C59626B32AF8377D21F3CC4.d.B515AFBB718F89349E930F76C756C68B.e.406/click - {}
RESULT: undefined
COMMAND: POST /session/9acbeaa92b99fefe4a7dfe42c06eba25/element - {"using":"xpath","value":"//*[@id=\"__tile37\"]"}
RESULT: {"using":"xpath","value":"//*[@id=\"__tile37\"]"}
COMMAND: POST /session/9acbeaa92b99fefe4a7dfe42c06eba25/element/f.01FBF2109C59626B32AF8377D21F3CC4.d.B515AFBB718F89349E930F76C756C68B.e.406/click - {}
RESULT: undefined
COMMAND: POST /session/9acbeaa92b99fefe4a7dfe42c06eba25/execute/async - {"script":"<script> [6424 bytes]","args":[{"element-6066-11e4-a52e-4f735466cecf":"f.01FBF2109C59626B32AF8377D21F3CC4.d.B515AFBB718F89349E930F76C756C68B.e.225"},"getTitle",[]]}
COMMAND: POST /session/9acbeaa92b99fefe4a7dfe42c06eba25/execute/async - {"script":"<script> [1562 bytes]","args":[{"selector":{"id":"shellAppTitle"},"wdio_ui5_key":"shellAppTitle"}]}
RESULT: {"script":"<script> [1562 bytes]","args":[{"selector":{"id":"shellAppTitle"},"wdio_ui5_key":"shellAppTitle"}]}
COMMAND: POST /session/9acbeaa92b99fefe4a7dfe42c06eba25/execute/async - {"script":"<script> [6424 bytes]","args":[{"element-6066-11e4-a52e-4f735466cecf":"f.01FBF2109C59626B32AF8377D21F3CC4.d.B515AFBB718F89349E930F76C756C68B.e.521"},"getTitle",[]]}
RESULT: {"script":"<script> [6424 bytes]","args":[{"element-6066-11e4-a52e-4f735466cecf":"f.01FBF2109C59626B32AF8377D21F3CC4.d.B515AFBB718F89349E930F76C756C68B.e.521"},"getTitle",[]]}
RESULT: undefined
COMMAND: POST /session/9acbeaa92b99fefe4a7dfe42c06eba25/element/f.01FBF2109C59626B32AF8377D21F3CC4.d.B515AFBB718F89349E930F76C756C68B.e.226/click - {}
COMMAND: POST /session/9acbeaa92b99fefe4a7dfe42c06eba25/element - {"using":"xpath","value":"//*[@id=\"backBtn\"]"}
RESULT: {"using":"xpath","value":"//*[@id=\"backBtn\"]"}
COMMAND: POST /session/9acbeaa92b99fefe4a7dfe42c06eba25/element/f.01FBF2109C59626B32AF8377D21F3CC4.d.B515AFBB718F89349E930F76C756C68B.e.226/click - {}
COMMAND: POST /session/9acbeaa92b99fefe4a7dfe42c06eba25/element - {"using":"xpath","value":"//*[@id=\"backBtn\"]"}
RESULT: {"using":"xpath","value":"//*[@id=\"backBtn\"]"}
COMMAND: POST /session/9acbeaa92b99fefe4a7dfe42c06eba25/element/f.01FBF2109C59626B32AF8377D21F3CC4.d.B515AFBB718F89349E930F76C756C68B.e.522/click - {}
RESULT: {}
COMMAND: GET /session/9acbeaa92b99fefe4a7dfe42c06eba25/screenshot - {}
RESULT: {}
]]></system-out>
    </testcase>
    <testcase classname="chrome.136_0_7103_49.windows.Sanity_Tests_US104253" name="Should open Manage Calendars page" time="36.471">
      <system-out><![CDATA[
COMMAND: POST /session/9acbeaa92b99fefe4a7dfe42c06eba25/execute/async - {"script":"<script> [1562 bytes]","args":[{"selector":{"controlType":"sap.m.GenericTile","properties":{"header":"Manage Calendars"}},"wdio_ui5_key":"sapm.GenericTile{\"header\":\"Manage Calendars\"}"}]}
RESULT: {"script":"<script> [1562 bytes]","args":[{"selector":{"controlType":"sap.m.GenericTile","properties":{"header":"Manage Calendars"}},"wdio_ui5_key":"sapm.GenericTile{\"header\":\"Manage Calendars\"}"}]}
RESULT: undefined
COMMAND: POST /session/9acbeaa92b99fefe4a7dfe42c06eba25/element - {"using":"xpath","value":"//*[@id=\"__tile36\"]"}
RESULT: {"using":"xpath","value":"//*[@id=\"__tile36\"]"}
COMMAND: POST /session/9acbeaa92b99fefe4a7dfe42c06eba25/element/f.01FBF2109C59626B32AF8377D21F3CC4.d.B515AFBB718F89349E930F76C756C68B.e.524/click - {}
RESULT: {}
COMMAND: GET /session/9acbeaa92b99fefe4a7dfe42c06eba25/screenshot - {}
RESULT: {}
COMMAND: POST /session/9acbeaa92b99fefe4a7dfe42c06eba25/elements - {"using":"xpath","value":"//span[text()='Error']"}
RESULT: {"using":"xpath","value":"//span[text()='Error']"}
RESULT: undefined
COMMAND: POST /session/9acbeaa92b99fefe4a7dfe42c06eba25/element - {"using":"xpath","value":"//*[@id=\"__tile36\"]"}
RESULT: {"using":"xpath","value":"//*[@id=\"__tile36\"]"}
COMMAND: POST /session/9acbeaa92b99fefe4a7dfe42c06eba25/element/f.01FBF2109C59626B32AF8377D21F3CC4.d.B515AFBB718F89349E930F76C756C68B.e.524/click - {}
RESULT: undefined
COMMAND: POST /session/9acbeaa92b99fefe4a7dfe42c06eba25/element - {"using":"xpath","value":"//*[@id=\"__tile36\"]"}
RESULT: {"using":"xpath","value":"//*[@id=\"__tile36\"]"}
COMMAND: POST /session/9acbeaa92b99fefe4a7dfe42c06eba25/element/f.01FBF2109C59626B32AF8377D21F3CC4.d.B515AFBB718F89349E930F76C756C68B.e.524/click - {}
RESULT: undefined
COMMAND: POST /session/9acbeaa92b99fefe4a7dfe42c06eba25/execute/async - {"script":"<script> [6424 bytes]","args":[{"element-6066-11e4-a52e-4f735466cecf":"f.01FBF2109C59626B32AF8377D21F3CC4.d.B515AFBB718F89349E930F76C756C68B.e.225"},"getTitle",[]]}
COMMAND: POST /session/9acbeaa92b99fefe4a7dfe42c06eba25/execute/async - {"script":"<script> [1562 bytes]","args":[{"selector":{"id":"shellAppTitle"},"wdio_ui5_key":"shellAppTitle"}]}
RESULT: {"script":"<script> [1562 bytes]","args":[{"selector":{"id":"shellAppTitle"},"wdio_ui5_key":"shellAppTitle"}]}
COMMAND: POST /session/9acbeaa92b99fefe4a7dfe42c06eba25/execute/async - {"script":"<script> [6424 bytes]","args":[{"element-6066-11e4-a52e-4f735466cecf":"f.01FBF2109C59626B32AF8377D21F3CC4.d.B515AFBB718F89349E930F76C756C68B.e.587"},"getTitle",[]]}
RESULT: {"script":"<script> [6424 bytes]","args":[{"element-6066-11e4-a52e-4f735466cecf":"f.01FBF2109C59626B32AF8377D21F3CC4.d.B515AFBB718F89349E930F76C756C68B.e.587"},"getTitle",[]]}
RESULT: undefined
COMMAND: POST /session/9acbeaa92b99fefe4a7dfe42c06eba25/element/f.01FBF2109C59626B32AF8377D21F3CC4.d.B515AFBB718F89349E930F76C756C68B.e.522/click - {}
RESULT: {}
COMMAND: GET /session/9acbeaa92b99fefe4a7dfe42c06eba25/screenshot - {}
RESULT: {}
]]></system-out>
    </testcase>
    <testcase classname="chrome.136_0_7103_49.windows.Sanity_Tests_US104253" name="Should open Address Management page" time="39.223">
      <system-out><![CDATA[
COMMAND: POST /session/9acbeaa92b99fefe4a7dfe42c06eba25/execute/async - {"script":"<script> [1562 bytes]","args":[{"selector":{"controlType":"sap.m.GenericTile","properties":{"header":"Address Management"}},"wdio_ui5_key":"sapm.GenericTile{\"header\":\"Address Management\"}"}]}
RESULT: {"script":"<script> [1562 bytes]","args":[{"selector":{"controlType":"sap.m.GenericTile","properties":{"header":"Address Management"}},"wdio_ui5_key":"sapm.GenericTile{\"header\":\"Address Management\"}"}]}
RESULT: undefined
COMMAND: POST /session/9acbeaa92b99fefe4a7dfe42c06eba25/element - {"using":"xpath","value":"//*[@id=\"__tile33\"]"}
RESULT: {"using":"xpath","value":"//*[@id=\"__tile33\"]"}
COMMAND: POST /session/9acbeaa92b99fefe4a7dfe42c06eba25/element/f.01FBF2109C59626B32AF8377D21F3CC4.d.B515AFBB718F89349E930F76C756C68B.e.589/click - {}
RESULT: {}
COMMAND: GET /session/9acbeaa92b99fefe4a7dfe42c06eba25/screenshot - {}
RESULT: {}
COMMAND: POST /session/9acbeaa92b99fefe4a7dfe42c06eba25/elements - {"using":"xpath","value":"//span[text()='Error']"}
RESULT: {"using":"xpath","value":"//span[text()='Error']"}
RESULT: undefined
COMMAND: POST /session/9acbeaa92b99fefe4a7dfe42c06eba25/element - {"using":"xpath","value":"//*[@id=\"__tile33\"]"}
RESULT: {"using":"xpath","value":"//*[@id=\"__tile33\"]"}
COMMAND: POST /session/9acbeaa92b99fefe4a7dfe42c06eba25/element/f.01FBF2109C59626B32AF8377D21F3CC4.d.B515AFBB718F89349E930F76C756C68B.e.589/click - {}
RESULT: undefined
COMMAND: POST /session/9acbeaa92b99fefe4a7dfe42c06eba25/element - {"using":"xpath","value":"//*[@id=\"__tile33\"]"}
RESULT: {"using":"xpath","value":"//*[@id=\"__tile33\"]"}
COMMAND: POST /session/9acbeaa92b99fefe4a7dfe42c06eba25/element/f.01FBF2109C59626B32AF8377D21F3CC4.d.B515AFBB718F89349E930F76C756C68B.e.589/click - {}
RESULT: undefined
COMMAND: POST /session/9acbeaa92b99fefe4a7dfe42c06eba25/execute/async - {"script":"<script> [6424 bytes]","args":[{"element-6066-11e4-a52e-4f735466cecf":"f.01FBF2109C59626B32AF8377D21F3CC4.d.B515AFBB718F89349E930F76C756C68B.e.225"},"getTitle",[]]}
COMMAND: POST /session/9acbeaa92b99fefe4a7dfe42c06eba25/execute/async - {"script":"<script> [1562 bytes]","args":[{"selector":{"id":"shellAppTitle"},"wdio_ui5_key":"shellAppTitle"}]}
RESULT: {"script":"<script> [1562 bytes]","args":[{"selector":{"id":"shellAppTitle"},"wdio_ui5_key":"shellAppTitle"}]}
COMMAND: POST /session/9acbeaa92b99fefe4a7dfe42c06eba25/execute/async - {"script":"<script> [6424 bytes]","args":[{"element-6066-11e4-a52e-4f735466cecf":"f.01FBF2109C59626B32AF8377D21F3CC4.d.B515AFBB718F89349E930F76C756C68B.e.783"},"getTitle",[]]}
RESULT: {"script":"<script> [6424 bytes]","args":[{"element-6066-11e4-a52e-4f735466cecf":"f.01FBF2109C59626B32AF8377D21F3CC4.d.B515AFBB718F89349E930F76C756C68B.e.783"},"getTitle",[]]}
RESULT: undefined
COMMAND: POST /session/9acbeaa92b99fefe4a7dfe42c06eba25/element/f.01FBF2109C59626B32AF8377D21F3CC4.d.B515AFBB718F89349E930F76C756C68B.e.522/click - {}
COMMAND: POST /session/9acbeaa92b99fefe4a7dfe42c06eba25/element - {"using":"xpath","value":"//*[@id=\"backBtn\"]"}
RESULT: {"using":"xpath","value":"//*[@id=\"backBtn\"]"}
COMMAND: POST /session/9acbeaa92b99fefe4a7dfe42c06eba25/element/f.01FBF2109C59626B32AF8377D21F3CC4.d.B515AFBB718F89349E930F76C756C68B.e.522/click - {}
COMMAND: POST /session/9acbeaa92b99fefe4a7dfe42c06eba25/element - {"using":"xpath","value":"//*[@id=\"backBtn\"]"}
RESULT: {"using":"xpath","value":"//*[@id=\"backBtn\"]"}
COMMAND: POST /session/9acbeaa92b99fefe4a7dfe42c06eba25/element/f.01FBF2109C59626B32AF8377D21F3CC4.d.B515AFBB718F89349E930F76C756C68B.e.784/click - {}
RESULT: {}
COMMAND: GET /session/9acbeaa92b99fefe4a7dfe42c06eba25/screenshot - {}
RESULT: {}
]]></system-out>
    </testcase>
    <testcase classname="chrome.136_0_7103_49.windows.Sanity_Tests_US104253" name="Should open Bill Of Resources page" time="37.594">
      <system-out><![CDATA[
COMMAND: POST /session/9acbeaa92b99fefe4a7dfe42c06eba25/execute/async - {"script":"<script> [1562 bytes]","args":[{"selector":{"controlType":"sap.m.GenericTile","properties":{"header":"Bill Of Resources"}},"wdio_ui5_key":"sapm.GenericTile{\"header\":\"Bill Of Resources\"}"}]}
RESULT: {"script":"<script> [1562 bytes]","args":[{"selector":{"controlType":"sap.m.GenericTile","properties":{"header":"Bill Of Resources"}},"wdio_ui5_key":"sapm.GenericTile{\"header\":\"Bill Of Resources\"}"}]}
RESULT: undefined
COMMAND: POST /session/9acbeaa92b99fefe4a7dfe42c06eba25/element - {"using":"xpath","value":"//*[@id=\"__tile34\"]"}
RESULT: {"using":"xpath","value":"//*[@id=\"__tile34\"]"}
COMMAND: POST /session/9acbeaa92b99fefe4a7dfe42c06eba25/element/f.01FBF2109C59626B32AF8377D21F3CC4.d.B515AFBB718F89349E930F76C756C68B.e.786/click - {}
RESULT: {}
COMMAND: GET /session/9acbeaa92b99fefe4a7dfe42c06eba25/screenshot - {}
RESULT: {}
COMMAND: POST /session/9acbeaa92b99fefe4a7dfe42c06eba25/elements - {"using":"xpath","value":"//span[text()='Error']"}
RESULT: {"using":"xpath","value":"//span[text()='Error']"}
RESULT: undefined
COMMAND: POST /session/9acbeaa92b99fefe4a7dfe42c06eba25/element - {"using":"xpath","value":"//*[@id=\"__tile34\"]"}
RESULT: {"using":"xpath","value":"//*[@id=\"__tile34\"]"}
COMMAND: POST /session/9acbeaa92b99fefe4a7dfe42c06eba25/element/f.01FBF2109C59626B32AF8377D21F3CC4.d.B515AFBB718F89349E930F76C756C68B.e.786/click - {}
RESULT: undefined
COMMAND: POST /session/9acbeaa92b99fefe4a7dfe42c06eba25/element - {"using":"xpath","value":"//*[@id=\"__tile34\"]"}
RESULT: {"using":"xpath","value":"//*[@id=\"__tile34\"]"}
COMMAND: POST /session/9acbeaa92b99fefe4a7dfe42c06eba25/element/f.01FBF2109C59626B32AF8377D21F3CC4.d.B515AFBB718F89349E930F76C756C68B.e.786/click - {}
RESULT: undefined
COMMAND: POST /session/9acbeaa92b99fefe4a7dfe42c06eba25/execute/async - {"script":"<script> [6424 bytes]","args":[{"element-6066-11e4-a52e-4f735466cecf":"f.01FBF2109C59626B32AF8377D21F3CC4.d.B515AFBB718F89349E930F76C756C68B.e.225"},"getTitle",[]]}
COMMAND: POST /session/9acbeaa92b99fefe4a7dfe42c06eba25/execute/async - {"script":"<script> [1562 bytes]","args":[{"selector":{"id":"shellAppTitle"},"wdio_ui5_key":"shellAppTitle"}]}
RESULT: {"script":"<script> [1562 bytes]","args":[{"selector":{"id":"shellAppTitle"},"wdio_ui5_key":"shellAppTitle"}]}
COMMAND: POST /session/9acbeaa92b99fefe4a7dfe42c06eba25/execute/async - {"script":"<script> [6424 bytes]","args":[{"element-6066-11e4-a52e-4f735466cecf":"f.01FBF2109C59626B32AF8377D21F3CC4.d.B515AFBB718F89349E930F76C756C68B.e.867"},"getTitle",[]]}
RESULT: {"script":"<script> [6424 bytes]","args":[{"element-6066-11e4-a52e-4f735466cecf":"f.01FBF2109C59626B32AF8377D21F3CC4.d.B515AFBB718F89349E930F76C756C68B.e.867"},"getTitle",[]]}
RESULT: undefined
COMMAND: POST /session/9acbeaa92b99fefe4a7dfe42c06eba25/element/f.01FBF2109C59626B32AF8377D21F3CC4.d.B515AFBB718F89349E930F76C756C68B.e.784/click - {}
RESULT: {}
COMMAND: GET /session/9acbeaa92b99fefe4a7dfe42c06eba25/screenshot - {}
RESULT: {}
]]></system-out>
    </testcase>
    <testcase classname="chrome.136_0_7103_49.windows.Sanity_Tests_US104253" name="Should open Manage Yards page" time="36.886">
      <system-out><![CDATA[
COMMAND: POST /session/9acbeaa92b99fefe4a7dfe42c06eba25/execute/async - {"script":"<script> [1562 bytes]","args":[{"selector":{"controlType":"sap.m.GenericTile","properties":{"header":"Manage Yards"}},"wdio_ui5_key":"sapm.GenericTile{\"header\":\"Manage Yards\"}"}]}
RESULT: {"script":"<script> [1562 bytes]","args":[{"selector":{"controlType":"sap.m.GenericTile","properties":{"header":"Manage Yards"}},"wdio_ui5_key":"sapm.GenericTile{\"header\":\"Manage Yards\"}"}]}
RESULT: undefined
COMMAND: POST /session/9acbeaa92b99fefe4a7dfe42c06eba25/element - {"using":"xpath","value":"//*[@id=\"__tile41\"]"}
RESULT: {"using":"xpath","value":"//*[@id=\"__tile41\"]"}
COMMAND: POST /session/9acbeaa92b99fefe4a7dfe42c06eba25/element/f.01FBF2109C59626B32AF8377D21F3CC4.d.B515AFBB718F89349E930F76C756C68B.e.869/click - {}
RESULT: {}
COMMAND: GET /session/9acbeaa92b99fefe4a7dfe42c06eba25/screenshot - {}
RESULT: {}
COMMAND: POST /session/9acbeaa92b99fefe4a7dfe42c06eba25/elements - {"using":"xpath","value":"//span[text()='Error']"}
RESULT: {"using":"xpath","value":"//span[text()='Error']"}
RESULT: undefined
COMMAND: POST /session/9acbeaa92b99fefe4a7dfe42c06eba25/element - {"using":"xpath","value":"//*[@id=\"__tile41\"]"}
RESULT: {"using":"xpath","value":"//*[@id=\"__tile41\"]"}
COMMAND: POST /session/9acbeaa92b99fefe4a7dfe42c06eba25/element/f.01FBF2109C59626B32AF8377D21F3CC4.d.B515AFBB718F89349E930F76C756C68B.e.869/click - {}
RESULT: undefined
COMMAND: POST /session/9acbeaa92b99fefe4a7dfe42c06eba25/element - {"using":"xpath","value":"//*[@id=\"__tile41\"]"}
RESULT: {"using":"xpath","value":"//*[@id=\"__tile41\"]"}
COMMAND: POST /session/9acbeaa92b99fefe4a7dfe42c06eba25/element/f.01FBF2109C59626B32AF8377D21F3CC4.d.B515AFBB718F89349E930F76C756C68B.e.869/click - {}
RESULT: undefined
COMMAND: POST /session/9acbeaa92b99fefe4a7dfe42c06eba25/execute/async - {"script":"<script> [6424 bytes]","args":[{"element-6066-11e4-a52e-4f735466cecf":"f.01FBF2109C59626B32AF8377D21F3CC4.d.B515AFBB718F89349E930F76C756C68B.e.225"},"getTitle",[]]}
COMMAND: POST /session/9acbeaa92b99fefe4a7dfe42c06eba25/execute/async - {"script":"<script> [1562 bytes]","args":[{"selector":{"id":"shellAppTitle"},"wdio_ui5_key":"shellAppTitle"}]}
RESULT: {"script":"<script> [1562 bytes]","args":[{"selector":{"id":"shellAppTitle"},"wdio_ui5_key":"shellAppTitle"}]}
COMMAND: POST /session/9acbeaa92b99fefe4a7dfe42c06eba25/execute/async - {"script":"<script> [6424 bytes]","args":[{"element-6066-11e4-a52e-4f735466cecf":"f.01FBF2109C59626B32AF8377D21F3CC4.d.B515AFBB718F89349E930F76C756C68B.e.1022"},"getTitle",[]]}
RESULT: {"script":"<script> [6424 bytes]","args":[{"element-6066-11e4-a52e-4f735466cecf":"f.01FBF2109C59626B32AF8377D21F3CC4.d.B515AFBB718F89349E930F76C756C68B.e.1022"},"getTitle",[]]}
RESULT: undefined
COMMAND: POST /session/9acbeaa92b99fefe4a7dfe42c06eba25/element/f.01FBF2109C59626B32AF8377D21F3CC4.d.B515AFBB718F89349E930F76C756C68B.e.784/click - {}
COMMAND: POST /session/9acbeaa92b99fefe4a7dfe42c06eba25/element - {"using":"xpath","value":"//*[@id=\"backBtn\"]"}
RESULT: {"using":"xpath","value":"//*[@id=\"backBtn\"]"}
COMMAND: POST /session/9acbeaa92b99fefe4a7dfe42c06eba25/element/f.01FBF2109C59626B32AF8377D21F3CC4.d.B515AFBB718F89349E930F76C756C68B.e.784/click - {}
COMMAND: POST /session/9acbeaa92b99fefe4a7dfe42c06eba25/element - {"using":"xpath","value":"//*[@id=\"backBtn\"]"}
RESULT: {"using":"xpath","value":"//*[@id=\"backBtn\"]"}
COMMAND: POST /session/9acbeaa92b99fefe4a7dfe42c06eba25/element/f.01FBF2109C59626B32AF8377D21F3CC4.d.B515AFBB718F89349E930F76C756C68B.e.1023/click - {}
RESULT: {}
COMMAND: GET /session/9acbeaa92b99fefe4a7dfe42c06eba25/screenshot - {}
RESULT: {}
]]></system-out>
    </testcase>
    <testcase classname="chrome.136_0_7103_49.windows.Sanity_Tests_US104253" name="Should open Manage Requests page" time="37.658">
      <system-out><![CDATA[
COMMAND: POST /session/9acbeaa92b99fefe4a7dfe42c06eba25/execute/async - {"script":"<script> [1562 bytes]","args":[{"selector":{"controlType":"sap.m.GenericTile","properties":{"header":"Manage Requests"}},"wdio_ui5_key":"sapm.GenericTile{\"header\":\"Manage Requests\"}"}]}
RESULT: {"script":"<script> [1562 bytes]","args":[{"selector":{"controlType":"sap.m.GenericTile","properties":{"header":"Manage Requests"}},"wdio_ui5_key":"sapm.GenericTile{\"header\":\"Manage Requests\"}"}]}
RESULT: undefined
COMMAND: POST /session/9acbeaa92b99fefe4a7dfe42c06eba25/element - {"using":"xpath","value":"//*[@id=\"__tile47\"]"}
RESULT: {"using":"xpath","value":"//*[@id=\"__tile47\"]"}
COMMAND: POST /session/9acbeaa92b99fefe4a7dfe42c06eba25/element/f.01FBF2109C59626B32AF8377D21F3CC4.d.B515AFBB718F89349E930F76C756C68B.e.1025/click - {}
RESULT: {}
COMMAND: GET /session/9acbeaa92b99fefe4a7dfe42c06eba25/screenshot - {}
RESULT: {}
COMMAND: POST /session/9acbeaa92b99fefe4a7dfe42c06eba25/elements - {"using":"xpath","value":"//span[text()='Error']"}
RESULT: {"using":"xpath","value":"//span[text()='Error']"}
RESULT: undefined
COMMAND: POST /session/9acbeaa92b99fefe4a7dfe42c06eba25/element - {"using":"xpath","value":"//*[@id=\"__tile47\"]"}
RESULT: {"using":"xpath","value":"//*[@id=\"__tile47\"]"}
COMMAND: POST /session/9acbeaa92b99fefe4a7dfe42c06eba25/element/f.01FBF2109C59626B32AF8377D21F3CC4.d.B515AFBB718F89349E930F76C756C68B.e.1025/click - {}
RESULT: undefined
COMMAND: POST /session/9acbeaa92b99fefe4a7dfe42c06eba25/element - {"using":"xpath","value":"//*[@id=\"__tile47\"]"}
RESULT: {"using":"xpath","value":"//*[@id=\"__tile47\"]"}
COMMAND: POST /session/9acbeaa92b99fefe4a7dfe42c06eba25/element/f.01FBF2109C59626B32AF8377D21F3CC4.d.B515AFBB718F89349E930F76C756C68B.e.1025/click - {}
RESULT: undefined
COMMAND: POST /session/9acbeaa92b99fefe4a7dfe42c06eba25/execute/async - {"script":"<script> [6424 bytes]","args":[{"element-6066-11e4-a52e-4f735466cecf":"f.01FBF2109C59626B32AF8377D21F3CC4.d.B515AFBB718F89349E930F76C756C68B.e.225"},"getTitle",[]]}
COMMAND: POST /session/9acbeaa92b99fefe4a7dfe42c06eba25/execute/async - {"script":"<script> [1562 bytes]","args":[{"selector":{"id":"shellAppTitle"},"wdio_ui5_key":"shellAppTitle"}]}
RESULT: {"script":"<script> [1562 bytes]","args":[{"selector":{"id":"shellAppTitle"},"wdio_ui5_key":"shellAppTitle"}]}
COMMAND: POST /session/9acbeaa92b99fefe4a7dfe42c06eba25/execute/async - {"script":"<script> [6424 bytes]","args":[{"element-6066-11e4-a52e-4f735466cecf":"f.01FBF2109C59626B32AF8377D21F3CC4.d.B515AFBB718F89349E930F76C756C68B.e.1120"},"getTitle",[]]}
RESULT: {"script":"<script> [6424 bytes]","args":[{"element-6066-11e4-a52e-4f735466cecf":"f.01FBF2109C59626B32AF8377D21F3CC4.d.B515AFBB718F89349E930F76C756C68B.e.1120"},"getTitle",[]]}
RESULT: undefined
COMMAND: POST /session/9acbeaa92b99fefe4a7dfe42c06eba25/element/f.01FBF2109C59626B32AF8377D21F3CC4.d.B515AFBB718F89349E930F76C756C68B.e.1023/click - {}
RESULT: {}
COMMAND: GET /session/9acbeaa92b99fefe4a7dfe42c06eba25/screenshot - {}
RESULT: {}
]]></system-out>
    </testcase>
    <testcase classname="chrome.136_0_7103_49.windows.Sanity_Tests_US104253" name="Should open Manage Purchasing page" time="36.813">
      <system-out><![CDATA[
COMMAND: POST /session/9acbeaa92b99fefe4a7dfe42c06eba25/execute/async - {"script":"<script> [1562 bytes]","args":[{"selector":{"controlType":"sap.m.GenericTile","properties":{"header":"Manage Purchasing"}},"wdio_ui5_key":"sapm.GenericTile{\"header\":\"Manage Purchasing\"}"}]}
RESULT: {"script":"<script> [1562 bytes]","args":[{"selector":{"controlType":"sap.m.GenericTile","properties":{"header":"Manage Purchasing"}},"wdio_ui5_key":"sapm.GenericTile{\"header\":\"Manage Purchasing\"}"}]}
RESULT: undefined
COMMAND: POST /session/9acbeaa92b99fefe4a7dfe42c06eba25/element - {"using":"xpath","value":"//*[@id=\"__tile46\"]"}
RESULT: {"using":"xpath","value":"//*[@id=\"__tile46\"]"}
COMMAND: POST /session/9acbeaa92b99fefe4a7dfe42c06eba25/element/f.01FBF2109C59626B32AF8377D21F3CC4.d.B515AFBB718F89349E930F76C756C68B.e.1123/click - {}
RESULT: {}
COMMAND: GET /session/9acbeaa92b99fefe4a7dfe42c06eba25/screenshot - {}
RESULT: {}
COMMAND: POST /session/9acbeaa92b99fefe4a7dfe42c06eba25/elements - {"using":"xpath","value":"//span[text()='Error']"}
RESULT: {"using":"xpath","value":"//span[text()='Error']"}
RESULT: undefined
COMMAND: POST /session/9acbeaa92b99fefe4a7dfe42c06eba25/element - {"using":"xpath","value":"//*[@id=\"__tile46\"]"}
RESULT: {"using":"xpath","value":"//*[@id=\"__tile46\"]"}
COMMAND: POST /session/9acbeaa92b99fefe4a7dfe42c06eba25/element/f.01FBF2109C59626B32AF8377D21F3CC4.d.B515AFBB718F89349E930F76C756C68B.e.1123/click - {}
RESULT: undefined
COMMAND: POST /session/9acbeaa92b99fefe4a7dfe42c06eba25/element - {"using":"xpath","value":"//*[@id=\"__tile46\"]"}
RESULT: {"using":"xpath","value":"//*[@id=\"__tile46\"]"}
COMMAND: POST /session/9acbeaa92b99fefe4a7dfe42c06eba25/element/f.01FBF2109C59626B32AF8377D21F3CC4.d.B515AFBB718F89349E930F76C756C68B.e.1123/click - {}
RESULT: undefined
COMMAND: POST /session/9acbeaa92b99fefe4a7dfe42c06eba25/execute/async - {"script":"<script> [6424 bytes]","args":[{"element-6066-11e4-a52e-4f735466cecf":"f.01FBF2109C59626B32AF8377D21F3CC4.d.B515AFBB718F89349E930F76C756C68B.e.225"},"getTitle",[]]}
COMMAND: POST /session/9acbeaa92b99fefe4a7dfe42c06eba25/execute/async - {"script":"<script> [1562 bytes]","args":[{"selector":{"id":"shellAppTitle"},"wdio_ui5_key":"shellAppTitle"}]}
RESULT: {"script":"<script> [1562 bytes]","args":[{"selector":{"id":"shellAppTitle"},"wdio_ui5_key":"shellAppTitle"}]}
COMMAND: POST /session/9acbeaa92b99fefe4a7dfe42c06eba25/execute/async - {"script":"<script> [6424 bytes]","args":[{"element-6066-11e4-a52e-4f735466cecf":"f.01FBF2109C59626B32AF8377D21F3CC4.d.B515AFBB718F89349E930F76C756C68B.e.1207"},"getTitle",[]]}
RESULT: {"script":"<script> [6424 bytes]","args":[{"element-6066-11e4-a52e-4f735466cecf":"f.01FBF2109C59626B32AF8377D21F3CC4.d.B515AFBB718F89349E930F76C756C68B.e.1207"},"getTitle",[]]}
RESULT: undefined
COMMAND: POST /session/9acbeaa92b99fefe4a7dfe42c06eba25/element/f.01FBF2109C59626B32AF8377D21F3CC4.d.B515AFBB718F89349E930F76C756C68B.e.1023/click - {}
COMMAND: POST /session/9acbeaa92b99fefe4a7dfe42c06eba25/element - {"using":"xpath","value":"//*[@id=\"backBtn\"]"}
RESULT: {"using":"xpath","value":"//*[@id=\"backBtn\"]"}
COMMAND: POST /session/9acbeaa92b99fefe4a7dfe42c06eba25/element/f.01FBF2109C59626B32AF8377D21F3CC4.d.B515AFBB718F89349E930F76C756C68B.e.1023/click - {}
COMMAND: POST /session/9acbeaa92b99fefe4a7dfe42c06eba25/element - {"using":"xpath","value":"//*[@id=\"backBtn\"]"}
RESULT: {"using":"xpath","value":"//*[@id=\"backBtn\"]"}
COMMAND: POST /session/9acbeaa92b99fefe4a7dfe42c06eba25/element/f.01FBF2109C59626B32AF8377D21F3CC4.d.B515AFBB718F89349E930F76C756C68B.e.1208/click - {}
RESULT: {}
COMMAND: GET /session/9acbeaa92b99fefe4a7dfe42c06eba25/screenshot - {}
RESULT: {}
]]></system-out>
    </testcase>
    <testcase classname="chrome.136_0_7103_49.windows.Sanity_Tests_US104253" name="Should open Planning Board page" time="36.622">
      <system-out><![CDATA[
COMMAND: POST /session/9acbeaa92b99fefe4a7dfe42c06eba25/execute/async - {"script":"<script> [1562 bytes]","args":[{"selector":{"controlType":"sap.m.GenericTile","properties":{"header":"Planning Board"}},"wdio_ui5_key":"sapm.GenericTile{\"header\":\"Planning Board\"}"}]}
RESULT: {"script":"<script> [1562 bytes]","args":[{"selector":{"controlType":"sap.m.GenericTile","properties":{"header":"Planning Board"}},"wdio_ui5_key":"sapm.GenericTile{\"header\":\"Planning Board\"}"}]}
RESULT: undefined
COMMAND: POST /session/9acbeaa92b99fefe4a7dfe42c06eba25/element - {"using":"xpath","value":"//*[@id=\"__tile133\"]"}
RESULT: {"using":"xpath","value":"//*[@id=\"__tile133\"]"}
COMMAND: POST /session/9acbeaa92b99fefe4a7dfe42c06eba25/element/f.01FBF2109C59626B32AF8377D21F3CC4.d.B515AFBB718F89349E930F76C756C68B.e.1210/click - {}
RESULT: {}
COMMAND: GET /session/9acbeaa92b99fefe4a7dfe42c06eba25/screenshot - {}
RESULT: {}
COMMAND: POST /session/9acbeaa92b99fefe4a7dfe42c06eba25/elements - {"using":"xpath","value":"//span[text()='Error']"}
RESULT: {"using":"xpath","value":"//span[text()='Error']"}
RESULT: undefined
COMMAND: POST /session/9acbeaa92b99fefe4a7dfe42c06eba25/element - {"using":"xpath","value":"//*[@id=\"__tile133\"]"}
RESULT: {"using":"xpath","value":"//*[@id=\"__tile133\"]"}
COMMAND: POST /session/9acbeaa92b99fefe4a7dfe42c06eba25/element/f.01FBF2109C59626B32AF8377D21F3CC4.d.B515AFBB718F89349E930F76C756C68B.e.1210/click - {}
RESULT: undefined
COMMAND: POST /session/9acbeaa92b99fefe4a7dfe42c06eba25/element - {"using":"xpath","value":"//*[@id=\"__tile133\"]"}
RESULT: {"using":"xpath","value":"//*[@id=\"__tile133\"]"}
COMMAND: POST /session/9acbeaa92b99fefe4a7dfe42c06eba25/element/f.01FBF2109C59626B32AF8377D21F3CC4.d.B515AFBB718F89349E930F76C756C68B.e.1210/click - {}
RESULT: undefined
COMMAND: POST /session/9acbeaa92b99fefe4a7dfe42c06eba25/execute/async - {"script":"<script> [6424 bytes]","args":[{"element-6066-11e4-a52e-4f735466cecf":"f.01FBF2109C59626B32AF8377D21F3CC4.d.B515AFBB718F89349E930F76C756C68B.e.225"},"getTitle",[]]}
COMMAND: POST /session/9acbeaa92b99fefe4a7dfe42c06eba25/execute/async - {"script":"<script> [1562 bytes]","args":[{"selector":{"id":"shellAppTitle"},"wdio_ui5_key":"shellAppTitle"}]}
RESULT: {"script":"<script> [1562 bytes]","args":[{"selector":{"id":"shellAppTitle"},"wdio_ui5_key":"shellAppTitle"}]}
COMMAND: POST /session/9acbeaa92b99fefe4a7dfe42c06eba25/execute/async - {"script":"<script> [6424 bytes]","args":[{"element-6066-11e4-a52e-4f735466cecf":"f.01FBF2109C59626B32AF8377D21F3CC4.d.B515AFBB718F89349E930F76C756C68B.e.1256"},"getTitle",[]]}
RESULT: {"script":"<script> [6424 bytes]","args":[{"element-6066-11e4-a52e-4f735466cecf":"f.01FBF2109C59626B32AF8377D21F3CC4.d.B515AFBB718F89349E930F76C756C68B.e.1256"},"getTitle",[]]}
RESULT: undefined
COMMAND: POST /session/9acbeaa92b99fefe4a7dfe42c06eba25/element/f.01FBF2109C59626B32AF8377D21F3CC4.d.B515AFBB718F89349E930F76C756C68B.e.1208/click - {}
COMMAND: POST /session/9acbeaa92b99fefe4a7dfe42c06eba25/element/f.01FBF2109C59626B32AF8377D21F3CC4.d.B515AFBB718F89349E930F76C756C68B.e.1208/click - {}
RESULT: {}
COMMAND: GET /session/9acbeaa92b99fefe4a7dfe42c06eba25/screenshot - {}
COMMAND: POST /session/9acbeaa92b99fefe4a7dfe42c06eba25/element - {"using":"xpath","value":"//*[@id=\"backBtn\"]"}
RESULT: {}
RESULT: {"using":"xpath","value":"//*[@id=\"backBtn\"]"}
COMMAND: POST /session/9acbeaa92b99fefe4a7dfe42c06eba25/elements - {"using":"xpath","value":"//*[@id=\"backBtn\"]"}
RESULT: {"using":"xpath","value":"//*[@id=\"backBtn\"]"}
COMMAND: POST /session/9acbeaa92b99fefe4a7dfe42c06eba25/elements - {"using":"xpath","value":"//*[@id=\"backBtn\"]"}
RESULT: {"using":"xpath","value":"//*[@id=\"backBtn\"]"}
COMMAND: POST /session/9acbeaa92b99fefe4a7dfe42c06eba25/elements - {"using":"xpath","value":"//*[@id=\"backBtn\"]"}
RESULT: {"using":"xpath","value":"//*[@id=\"backBtn\"]"}
COMMAND: POST /session/9acbeaa92b99fefe4a7dfe42c06eba25/elements - {"using":"xpath","value":"//*[@id=\"backBtn\"]"}
RESULT: {"using":"xpath","value":"//*[@id=\"backBtn\"]"}
COMMAND: POST /session/9acbeaa92b99fefe4a7dfe42c06eba25/elements - {"using":"xpath","value":"//*[@id=\"backBtn\"]"}
RESULT: {"using":"xpath","value":"//*[@id=\"backBtn\"]"}
COMMAND: POST /session/9acbeaa92b99fefe4a7dfe42c06eba25/elements - {"using":"xpath","value":"//*[@id=\"backBtn\"]"}
RESULT: {"using":"xpath","value":"//*[@id=\"backBtn\"]"}
COMMAND: POST /session/9acbeaa92b99fefe4a7dfe42c06eba25/elements - {"using":"xpath","value":"//*[@id=\"backBtn\"]"}
RESULT: {"using":"xpath","value":"//*[@id=\"backBtn\"]"}
COMMAND: POST /session/9acbeaa92b99fefe4a7dfe42c06eba25/elements - {"using":"xpath","value":"//*[@id=\"backBtn\"]"}
RESULT: {"using":"xpath","value":"//*[@id=\"backBtn\"]"}
COMMAND: POST /session/9acbeaa92b99fefe4a7dfe42c06eba25/elements - {"using":"xpath","value":"//*[@id=\"backBtn\"]"}
RESULT: {"using":"xpath","value":"//*[@id=\"backBtn\"]"}
COMMAND: POST /session/9acbeaa92b99fefe4a7dfe42c06eba25/elements - {"using":"xpath","value":"//*[@id=\"backBtn\"]"}
RESULT: {"using":"xpath","value":"//*[@id=\"backBtn\"]"}
COMMAND: POST /session/9acbeaa92b99fefe4a7dfe42c06eba25/elements - {"using":"xpath","value":"//*[@id=\"backBtn\"]"}
RESULT: {"using":"xpath","value":"//*[@id=\"backBtn\"]"}
COMMAND: POST /session/9acbeaa92b99fefe4a7dfe42c06eba25/elements - {"using":"xpath","value":"//*[@id=\"backBtn\"]"}
RESULT: {"using":"xpath","value":"//*[@id=\"backBtn\"]"}
COMMAND: POST /session/9acbeaa92b99fefe4a7dfe42c06eba25/elements - {"using":"xpath","value":"//*[@id=\"backBtn\"]"}
RESULT: {"using":"xpath","value":"//*[@id=\"backBtn\"]"}
COMMAND: POST /session/9acbeaa92b99fefe4a7dfe42c06eba25/elements - {"using":"xpath","value":"//*[@id=\"backBtn\"]"}
RESULT: {"using":"xpath","value":"//*[@id=\"backBtn\"]"}
COMMAND: POST /session/9acbeaa92b99fefe4a7dfe42c06eba25/elements - {"using":"xpath","value":"//*[@id=\"backBtn\"]"}
RESULT: {"using":"xpath","value":"//*[@id=\"backBtn\"]"}
COMMAND: POST /session/9acbeaa92b99fefe4a7dfe42c06eba25/elements - {"using":"xpath","value":"//*[@id=\"backBtn\"]"}
RESULT: {"using":"xpath","value":"//*[@id=\"backBtn\"]"}
COMMAND: POST /session/9acbeaa92b99fefe4a7dfe42c06eba25/elements - {"using":"xpath","value":"//*[@id=\"backBtn\"]"}
RESULT: {"using":"xpath","value":"//*[@id=\"backBtn\"]"}
]]></system-out>
    </testcase>
    <testcase classname="chrome.136_0_7103_49.windows.Sanity_Tests_US104253" name="Should open Manage Contracts page" time="45.558">
      <system-out><![CDATA[
COMMAND: POST /session/9acbeaa92b99fefe4a7dfe42c06eba25/execute/async - {"script":"<script> [1562 bytes]","args":[{"selector":{"controlType":"sap.m.GenericTile","properties":{"header":"Manage Contracts"}},"wdio_ui5_key":"sapm.GenericTile{\"header\":\"Manage Contracts\"}"}]}
COMMAND: POST /session/9acbeaa92b99fefe4a7dfe42c06eba25/elements - {"using":"xpath","value":"//*[@id=\"backBtn\"]"}
RESULT: {"script":"<script> [1562 bytes]","args":[{"selector":{"controlType":"sap.m.GenericTile","properties":{"header":"Manage Contracts"}},"wdio_ui5_key":"sapm.GenericTile{\"header\":\"Manage Contracts\"}"}]}
RESULT: undefined
COMMAND: POST /session/9acbeaa92b99fefe4a7dfe42c06eba25/element - {"using":"xpath","value":"//*[@id=\"__tile131\"]"}
RESULT: {"using":"xpath","value":"//*[@id=\"backBtn\"]"}
RESULT: {"using":"xpath","value":"//*[@id=\"__tile131\"]"}
COMMAND: POST /session/9acbeaa92b99fefe4a7dfe42c06eba25/element/f.01FBF2109C59626B32AF8377D21F3CC4.d.B515AFBB718F89349E930F76C756C68B.e.1258/click - {}
COMMAND: POST /session/9acbeaa92b99fefe4a7dfe42c06eba25/elements - {"using":"xpath","value":"//*[@id=\"backBtn\"]"}
RESULT: {}
COMMAND: GET /session/9acbeaa92b99fefe4a7dfe42c06eba25/screenshot - {}
RESULT: {"using":"xpath","value":"//*[@id=\"backBtn\"]"}
RESULT: {}
COMMAND: POST /session/9acbeaa92b99fefe4a7dfe42c06eba25/elements - {"using":"xpath","value":"//*[@id=\"backBtn\"]"}
RESULT: {"using":"xpath","value":"//*[@id=\"backBtn\"]"}
COMMAND: POST /session/9acbeaa92b99fefe4a7dfe42c06eba25/elements - {"using":"xpath","value":"//*[@id=\"backBtn\"]"}
RESULT: {"using":"xpath","value":"//*[@id=\"backBtn\"]"}
COMMAND: POST /session/9acbeaa92b99fefe4a7dfe42c06eba25/elements - {"using":"xpath","value":"//*[@id=\"backBtn\"]"}
RESULT: {"using":"xpath","value":"//*[@id=\"backBtn\"]"}
COMMAND: POST /session/9acbeaa92b99fefe4a7dfe42c06eba25/element - {"using":"xpath","value":"//*[@id=\"backBtn\"]"}
RESULT: {"using":"xpath","value":"//*[@id=\"backBtn\"]"}
COMMAND: POST /session/9acbeaa92b99fefe4a7dfe42c06eba25/element/f.01FBF2109C59626B32AF8377D21F3CC4.d.B515AFBB718F89349E930F76C756C68B.e.1208/click - {}
COMMAND: POST /session/9acbeaa92b99fefe4a7dfe42c06eba25/element - {"using":"xpath","value":"//*[@id=\"backBtn\"]"}
RESULT: {"using":"xpath","value":"//*[@id=\"backBtn\"]"}
COMMAND: POST /session/9acbeaa92b99fefe4a7dfe42c06eba25/element/f.01FBF2109C59626B32AF8377D21F3CC4.d.B515AFBB718F89349E930F76C756C68B.e.1261/click - {}
COMMAND: POST /session/9acbeaa92b99fefe4a7dfe42c06eba25/elements - {"using":"xpath","value":"//span[text()='Error']"}
RESULT: {}
COMMAND: GET /session/9acbeaa92b99fefe4a7dfe42c06eba25/screenshot - {}
RESULT: {"using":"xpath","value":"//span[text()='Error']"}
RESULT: {}
RESULT: undefined
COMMAND: POST /session/9acbeaa92b99fefe4a7dfe42c06eba25/element - {"using":"xpath","value":"//*[@id=\"__tile131\"]"}
RESULT: {"using":"xpath","value":"//*[@id=\"__tile131\"]"}
COMMAND: POST /session/9acbeaa92b99fefe4a7dfe42c06eba25/element/f.01FBF2109C59626B32AF8377D21F3CC4.d.B515AFBB718F89349E930F76C756C68B.e.1258/click - {}
RESULT: {}
RESULT: undefined
COMMAND: POST /session/9acbeaa92b99fefe4a7dfe42c06eba25/element - {"using":"xpath","value":"//*[@id=\"__tile131\"]"}
COMMAND: GET /session/9acbeaa92b99fefe4a7dfe42c06eba25/screenshot - {}
RESULT: {"using":"xpath","value":"//*[@id=\"__tile131\"]"}
COMMAND: POST /session/9acbeaa92b99fefe4a7dfe42c06eba25/element/f.01FBF2109C59626B32AF8377D21F3CC4.d.B515AFBB718F89349E930F76C756C68B.e.1258/click - {}
RESULT: {}
RESULT: undefined
COMMAND: POST /session/9acbeaa92b99fefe4a7dfe42c06eba25/execute/async - {"script":"<script> [6424 bytes]","args":[{"element-6066-11e4-a52e-4f735466cecf":"f.01FBF2109C59626B32AF8377D21F3CC4.d.B515AFBB718F89349E930F76C756C68B.e.225"},"getTitle",[]]}
COMMAND: POST /session/9acbeaa92b99fefe4a7dfe42c06eba25/execute/async - {"script":"<script> [1562 bytes]","args":[{"selector":{"id":"shellAppTitle"},"wdio_ui5_key":"shellAppTitle"}]}
RESULT: {"script":"<script> [1562 bytes]","args":[{"selector":{"id":"shellAppTitle"},"wdio_ui5_key":"shellAppTitle"}]}
COMMAND: POST /session/9acbeaa92b99fefe4a7dfe42c06eba25/execute/async - {"script":"<script> [6424 bytes]","args":[{"element-6066-11e4-a52e-4f735466cecf":"f.01FBF2109C59626B32AF8377D21F3CC4.d.B515AFBB718F89349E930F76C756C68B.e.1329"},"getTitle",[]]}
RESULT: {"script":"<script> [6424 bytes]","args":[{"element-6066-11e4-a52e-4f735466cecf":"f.01FBF2109C59626B32AF8377D21F3CC4.d.B515AFBB718F89349E930F76C756C68B.e.1329"},"getTitle",[]]}
RESULT: undefined
COMMAND: POST /session/9acbeaa92b99fefe4a7dfe42c06eba25/element/f.01FBF2109C59626B32AF8377D21F3CC4.d.B515AFBB718F89349E930F76C756C68B.e.1261/click - {}
RESULT: {}
COMMAND: GET /session/9acbeaa92b99fefe4a7dfe42c06eba25/screenshot - {}
RESULT: {}
]]></system-out>
    </testcase>
    <testcase classname="chrome.136_0_7103_49.windows.Sanity_Tests_US104253" name="Should open Manage Quotations page" time="36.857">
      <system-out><![CDATA[
COMMAND: POST /session/9acbeaa92b99fefe4a7dfe42c06eba25/execute/async - {"script":"<script> [1562 bytes]","args":[{"selector":{"controlType":"sap.m.GenericTile","properties":{"header":"Manage Quotations"}},"wdio_ui5_key":"sapm.GenericTile{\"header\":\"Manage Quotations\"}"}]}
RESULT: {"script":"<script> [1562 bytes]","args":[{"selector":{"controlType":"sap.m.GenericTile","properties":{"header":"Manage Quotations"}},"wdio_ui5_key":"sapm.GenericTile{\"header\":\"Manage Quotations\"}"}]}
RESULT: undefined
COMMAND: POST /session/9acbeaa92b99fefe4a7dfe42c06eba25/element - {"using":"xpath","value":"//*[@id=\"__tile130\"]"}
RESULT: {"using":"xpath","value":"//*[@id=\"__tile130\"]"}
COMMAND: POST /session/9acbeaa92b99fefe4a7dfe42c06eba25/element/f.01FBF2109C59626B32AF8377D21F3CC4.d.B515AFBB718F89349E930F76C756C68B.e.1331/click - {}
RESULT: {}
COMMAND: GET /session/9acbeaa92b99fefe4a7dfe42c06eba25/screenshot - {}
RESULT: {}
COMMAND: POST /session/9acbeaa92b99fefe4a7dfe42c06eba25/elements - {"using":"xpath","value":"//span[text()='Error']"}
RESULT: {"using":"xpath","value":"//span[text()='Error']"}
RESULT: undefined
COMMAND: POST /session/9acbeaa92b99fefe4a7dfe42c06eba25/element - {"using":"xpath","value":"//*[@id=\"__tile130\"]"}
RESULT: {"using":"xpath","value":"//*[@id=\"__tile130\"]"}
COMMAND: POST /session/9acbeaa92b99fefe4a7dfe42c06eba25/element/f.01FBF2109C59626B32AF8377D21F3CC4.d.B515AFBB718F89349E930F76C756C68B.e.1331/click - {}
RESULT: undefined
COMMAND: POST /session/9acbeaa92b99fefe4a7dfe42c06eba25/element - {"using":"xpath","value":"//*[@id=\"__tile130\"]"}
RESULT: {"using":"xpath","value":"//*[@id=\"__tile130\"]"}
COMMAND: POST /session/9acbeaa92b99fefe4a7dfe42c06eba25/element/f.01FBF2109C59626B32AF8377D21F3CC4.d.B515AFBB718F89349E930F76C756C68B.e.1331/click - {}
RESULT: undefined
COMMAND: POST /session/9acbeaa92b99fefe4a7dfe42c06eba25/execute/async - {"script":"<script> [6424 bytes]","args":[{"element-6066-11e4-a52e-4f735466cecf":"f.01FBF2109C59626B32AF8377D21F3CC4.d.B515AFBB718F89349E930F76C756C68B.e.225"},"getTitle",[]]}
COMMAND: POST /session/9acbeaa92b99fefe4a7dfe42c06eba25/execute/async - {"script":"<script> [1562 bytes]","args":[{"selector":{"id":"shellAppTitle"},"wdio_ui5_key":"shellAppTitle"}]}
RESULT: {"script":"<script> [1562 bytes]","args":[{"selector":{"id":"shellAppTitle"},"wdio_ui5_key":"shellAppTitle"}]}
COMMAND: POST /session/9acbeaa92b99fefe4a7dfe42c06eba25/execute/async - {"script":"<script> [6424 bytes]","args":[{"element-6066-11e4-a52e-4f735466cecf":"f.01FBF2109C59626B32AF8377D21F3CC4.d.B515AFBB718F89349E930F76C756C68B.e.1404"},"getTitle",[]]}
RESULT: {"script":"<script> [6424 bytes]","args":[{"element-6066-11e4-a52e-4f735466cecf":"f.01FBF2109C59626B32AF8377D21F3CC4.d.B515AFBB718F89349E930F76C756C68B.e.1404"},"getTitle",[]]}
RESULT: undefined
COMMAND: POST /session/9acbeaa92b99fefe4a7dfe42c06eba25/element/f.01FBF2109C59626B32AF8377D21F3CC4.d.B515AFBB718F89349E930F76C756C68B.e.1261/click - {}
COMMAND: POST /session/9acbeaa92b99fefe4a7dfe42c06eba25/element - {"using":"xpath","value":"//*[@id=\"backBtn\"]"}
RESULT: {"using":"xpath","value":"//*[@id=\"backBtn\"]"}
COMMAND: POST /session/9acbeaa92b99fefe4a7dfe42c06eba25/element/f.01FBF2109C59626B32AF8377D21F3CC4.d.B515AFBB718F89349E930F76C756C68B.e.1261/click - {}
COMMAND: POST /session/9acbeaa92b99fefe4a7dfe42c06eba25/element - {"using":"xpath","value":"//*[@id=\"backBtn\"]"}
RESULT: {"using":"xpath","value":"//*[@id=\"backBtn\"]"}
COMMAND: POST /session/9acbeaa92b99fefe4a7dfe42c06eba25/element/f.01FBF2109C59626B32AF8377D21F3CC4.d.B515AFBB718F89349E930F76C756C68B.e.1405/click - {}
RESULT: {}
COMMAND: GET /session/9acbeaa92b99fefe4a7dfe42c06eba25/screenshot - {}
RESULT: {}
]]></system-out>
    </testcase>
    <testcase classname="chrome.136_0_7103_49.windows.Sanity_Tests_US104253" name="Should open Manage Handovers page" time="38.121">
      <system-out><![CDATA[
COMMAND: POST /session/9acbeaa92b99fefe4a7dfe42c06eba25/execute/async - {"script":"<script> [1562 bytes]","args":[{"selector":{"controlType":"sap.m.GenericTile","properties":{"header":"Manage Handovers"}},"wdio_ui5_key":"sapm.GenericTile{\"header\":\"Manage Handovers\"}"}]}
RESULT: {"script":"<script> [1562 bytes]","args":[{"selector":{"controlType":"sap.m.GenericTile","properties":{"header":"Manage Handovers"}},"wdio_ui5_key":"sapm.GenericTile{\"header\":\"Manage Handovers\"}"}]}
RESULT: undefined
COMMAND: POST /session/9acbeaa92b99fefe4a7dfe42c06eba25/element - {"using":"xpath","value":"//*[@id=\"__tile132\"]"}
RESULT: {"using":"xpath","value":"//*[@id=\"__tile132\"]"}
COMMAND: POST /session/9acbeaa92b99fefe4a7dfe42c06eba25/element/f.01FBF2109C59626B32AF8377D21F3CC4.d.B515AFBB718F89349E930F76C756C68B.e.1407/click - {}
RESULT: {}
COMMAND: GET /session/9acbeaa92b99fefe4a7dfe42c06eba25/screenshot - {}
RESULT: {}
COMMAND: POST /session/9acbeaa92b99fefe4a7dfe42c06eba25/elements - {"using":"xpath","value":"//span[text()='Error']"}
RESULT: {"using":"xpath","value":"//span[text()='Error']"}
RESULT: undefined
COMMAND: POST /session/9acbeaa92b99fefe4a7dfe42c06eba25/element - {"using":"xpath","value":"//*[@id=\"__tile132\"]"}
RESULT: {"using":"xpath","value":"//*[@id=\"__tile132\"]"}
COMMAND: POST /session/9acbeaa92b99fefe4a7dfe42c06eba25/element/f.01FBF2109C59626B32AF8377D21F3CC4.d.B515AFBB718F89349E930F76C756C68B.e.1407/click - {}
RESULT: undefined
COMMAND: POST /session/9acbeaa92b99fefe4a7dfe42c06eba25/element - {"using":"xpath","value":"//*[@id=\"__tile132\"]"}
RESULT: {"using":"xpath","value":"//*[@id=\"__tile132\"]"}
COMMAND: POST /session/9acbeaa92b99fefe4a7dfe42c06eba25/element/f.01FBF2109C59626B32AF8377D21F3CC4.d.B515AFBB718F89349E930F76C756C68B.e.1407/click - {}
RESULT: undefined
COMMAND: POST /session/9acbeaa92b99fefe4a7dfe42c06eba25/execute/async - {"script":"<script> [6424 bytes]","args":[{"element-6066-11e4-a52e-4f735466cecf":"f.01FBF2109C59626B32AF8377D21F3CC4.d.B515AFBB718F89349E930F76C756C68B.e.225"},"getTitle",[]]}
COMMAND: POST /session/9acbeaa92b99fefe4a7dfe42c06eba25/execute/async - {"script":"<script> [1562 bytes]","args":[{"selector":{"id":"shellAppTitle"},"wdio_ui5_key":"shellAppTitle"}]}
RESULT: {"script":"<script> [1562 bytes]","args":[{"selector":{"id":"shellAppTitle"},"wdio_ui5_key":"shellAppTitle"}]}
COMMAND: POST /session/9acbeaa92b99fefe4a7dfe42c06eba25/execute/async - {"script":"<script> [6424 bytes]","args":[{"element-6066-11e4-a52e-4f735466cecf":"f.01FBF2109C59626B32AF8377D21F3CC4.d.B515AFBB718F89349E930F76C756C68B.e.1506"},"getTitle",[]]}
RESULT: {"script":"<script> [6424 bytes]","args":[{"element-6066-11e4-a52e-4f735466cecf":"f.01FBF2109C59626B32AF8377D21F3CC4.d.B515AFBB718F89349E930F76C756C68B.e.1506"},"getTitle",[]]}
RESULT: undefined
COMMAND: POST /session/9acbeaa92b99fefe4a7dfe42c06eba25/element/f.01FBF2109C59626B32AF8377D21F3CC4.d.B515AFBB718F89349E930F76C756C68B.e.1405/click - {}
RESULT: {}
COMMAND: GET /session/9acbeaa92b99fefe4a7dfe42c06eba25/screenshot - {}
RESULT: {}
]]></system-out>
    </testcase>
    <testcase classname="chrome.136_0_7103_49.windows.Sanity_Tests_US104253" name="Should open Delivery Monitor page" time="37.542">
      <system-out><![CDATA[
COMMAND: POST /session/9acbeaa92b99fefe4a7dfe42c06eba25/execute/async - {"script":"<script> [1562 bytes]","args":[{"selector":{"controlType":"sap.m.GenericTile","properties":{"header":"Delivery Monitor"}},"wdio_ui5_key":"sapm.GenericTile{\"header\":\"Delivery Monitor\"}"}]}
RESULT: {"script":"<script> [1562 bytes]","args":[{"selector":{"controlType":"sap.m.GenericTile","properties":{"header":"Delivery Monitor"}},"wdio_ui5_key":"sapm.GenericTile{\"header\":\"Delivery Monitor\"}"}]}
RESULT: undefined
COMMAND: POST /session/9acbeaa92b99fefe4a7dfe42c06eba25/element - {"using":"xpath","value":"//*[@id=\"__tile43\"]"}
RESULT: {"using":"xpath","value":"//*[@id=\"__tile43\"]"}
COMMAND: POST /session/9acbeaa92b99fefe4a7dfe42c06eba25/element/f.01FBF2109C59626B32AF8377D21F3CC4.d.B515AFBB718F89349E930F76C756C68B.e.1508/click - {}
RESULT: {}
COMMAND: GET /session/9acbeaa92b99fefe4a7dfe42c06eba25/screenshot - {}
RESULT: {}
COMMAND: POST /session/9acbeaa92b99fefe4a7dfe42c06eba25/elements - {"using":"xpath","value":"//span[text()='Error']"}
RESULT: {"using":"xpath","value":"//span[text()='Error']"}
RESULT: undefined
COMMAND: POST /session/9acbeaa92b99fefe4a7dfe42c06eba25/element - {"using":"xpath","value":"//*[@id=\"__tile43\"]"}
RESULT: {"using":"xpath","value":"//*[@id=\"__tile43\"]"}
COMMAND: POST /session/9acbeaa92b99fefe4a7dfe42c06eba25/element/f.01FBF2109C59626B32AF8377D21F3CC4.d.B515AFBB718F89349E930F76C756C68B.e.1508/click - {}
RESULT: undefined
COMMAND: POST /session/9acbeaa92b99fefe4a7dfe42c06eba25/element - {"using":"xpath","value":"//*[@id=\"__tile43\"]"}
RESULT: {"using":"xpath","value":"//*[@id=\"__tile43\"]"}
COMMAND: POST /session/9acbeaa92b99fefe4a7dfe42c06eba25/element/f.01FBF2109C59626B32AF8377D21F3CC4.d.B515AFBB718F89349E930F76C756C68B.e.1508/click - {}
RESULT: undefined
COMMAND: POST /session/9acbeaa92b99fefe4a7dfe42c06eba25/execute/async - {"script":"<script> [6424 bytes]","args":[{"element-6066-11e4-a52e-4f735466cecf":"f.01FBF2109C59626B32AF8377D21F3CC4.d.B515AFBB718F89349E930F76C756C68B.e.225"},"getTitle",[]]}
COMMAND: POST /session/9acbeaa92b99fefe4a7dfe42c06eba25/execute/async - {"script":"<script> [1562 bytes]","args":[{"selector":{"id":"shellAppTitle"},"wdio_ui5_key":"shellAppTitle"}]}
RESULT: {"script":"<script> [1562 bytes]","args":[{"selector":{"id":"shellAppTitle"},"wdio_ui5_key":"shellAppTitle"}]}
COMMAND: POST /session/9acbeaa92b99fefe4a7dfe42c06eba25/execute/async - {"script":"<script> [6424 bytes]","args":[{"element-6066-11e4-a52e-4f735466cecf":"f.01FBF2109C59626B32AF8377D21F3CC4.d.B515AFBB718F89349E930F76C756C68B.e.1602"},"getTitle",[]]}
RESULT: {"script":"<script> [6424 bytes]","args":[{"element-6066-11e4-a52e-4f735466cecf":"f.01FBF2109C59626B32AF8377D21F3CC4.d.B515AFBB718F89349E930F76C756C68B.e.1602"},"getTitle",[]]}
RESULT: undefined
COMMAND: POST /session/9acbeaa92b99fefe4a7dfe42c06eba25/element/f.01FBF2109C59626B32AF8377D21F3CC4.d.B515AFBB718F89349E930F76C756C68B.e.1405/click - {}
COMMAND: POST /session/9acbeaa92b99fefe4a7dfe42c06eba25/element - {"using":"xpath","value":"//*[@id=\"backBtn\"]"}
RESULT: {"using":"xpath","value":"//*[@id=\"backBtn\"]"}
COMMAND: POST /session/9acbeaa92b99fefe4a7dfe42c06eba25/element/f.01FBF2109C59626B32AF8377D21F3CC4.d.B515AFBB718F89349E930F76C756C68B.e.1405/click - {}
COMMAND: POST /session/9acbeaa92b99fefe4a7dfe42c06eba25/element - {"using":"xpath","value":"//*[@id=\"backBtn\"]"}
RESULT: {"using":"xpath","value":"//*[@id=\"backBtn\"]"}
COMMAND: POST /session/9acbeaa92b99fefe4a7dfe42c06eba25/element/f.01FBF2109C59626B32AF8377D21F3CC4.d.B515AFBB718F89349E930F76C756C68B.e.1603/click - {}
RESULT: {}
COMMAND: GET /session/9acbeaa92b99fefe4a7dfe42c06eba25/screenshot - {}
RESULT: {}
]]></system-out>
    </testcase>
    <testcase classname="chrome.136_0_7103_49.windows.Sanity_Tests_US104253" name="Should open Manage Calendar Exceptions page" time="37.293">
      <system-out><![CDATA[
COMMAND: POST /session/9acbeaa92b99fefe4a7dfe42c06eba25/execute/async - {"script":"<script> [1562 bytes]","args":[{"selector":{"controlType":"sap.m.GenericTile","properties":{"header":"Manage Calendar Exceptions"}},"wdio_ui5_key":"sapm.GenericTile{\"header\":\"Manage Calendar Exceptions\"}"}]}
RESULT: {"script":"<script> [1562 bytes]","args":[{"selector":{"controlType":"sap.m.GenericTile","properties":{"header":"Manage Calendar Exceptions"}},"wdio_ui5_key":"sapm.GenericTile{\"header\":\"Manage Calendar Exceptions\"}"}]}
RESULT: undefined
COMMAND: POST /session/9acbeaa92b99fefe4a7dfe42c06eba25/element - {"using":"xpath","value":"//*[@id=\"__tile52\"]"}
RESULT: {"using":"xpath","value":"//*[@id=\"__tile52\"]"}
COMMAND: POST /session/9acbeaa92b99fefe4a7dfe42c06eba25/element/f.01FBF2109C59626B32AF8377D21F3CC4.d.B515AFBB718F89349E930F76C756C68B.e.1605/click - {}
RESULT: {}
COMMAND: GET /session/9acbeaa92b99fefe4a7dfe42c06eba25/screenshot - {}
RESULT: {}
COMMAND: POST /session/9acbeaa92b99fefe4a7dfe42c06eba25/elements - {"using":"xpath","value":"//span[text()='Error']"}
RESULT: {"using":"xpath","value":"//span[text()='Error']"}
RESULT: undefined
COMMAND: POST /session/9acbeaa92b99fefe4a7dfe42c06eba25/element - {"using":"xpath","value":"//*[@id=\"__tile52\"]"}
RESULT: {"using":"xpath","value":"//*[@id=\"__tile52\"]"}
COMMAND: POST /session/9acbeaa92b99fefe4a7dfe42c06eba25/element/f.01FBF2109C59626B32AF8377D21F3CC4.d.B515AFBB718F89349E930F76C756C68B.e.1605/click - {}
RESULT: undefined
COMMAND: POST /session/9acbeaa92b99fefe4a7dfe42c06eba25/element - {"using":"xpath","value":"//*[@id=\"__tile52\"]"}
RESULT: {"using":"xpath","value":"//*[@id=\"__tile52\"]"}
COMMAND: POST /session/9acbeaa92b99fefe4a7dfe42c06eba25/element/f.01FBF2109C59626B32AF8377D21F3CC4.d.B515AFBB718F89349E930F76C756C68B.e.1605/click - {}
RESULT: undefined
COMMAND: POST /session/9acbeaa92b99fefe4a7dfe42c06eba25/execute/async - {"script":"<script> [6424 bytes]","args":[{"element-6066-11e4-a52e-4f735466cecf":"f.01FBF2109C59626B32AF8377D21F3CC4.d.B515AFBB718F89349E930F76C756C68B.e.225"},"getTitle",[]]}
COMMAND: POST /session/9acbeaa92b99fefe4a7dfe42c06eba25/execute/async - {"script":"<script> [1562 bytes]","args":[{"selector":{"id":"shellAppTitle"},"wdio_ui5_key":"shellAppTitle"}]}
RESULT: {"script":"<script> [1562 bytes]","args":[{"selector":{"id":"shellAppTitle"},"wdio_ui5_key":"shellAppTitle"}]}
COMMAND: POST /session/9acbeaa92b99fefe4a7dfe42c06eba25/execute/async - {"script":"<script> [6424 bytes]","args":[{"element-6066-11e4-a52e-4f735466cecf":"f.01FBF2109C59626B32AF8377D21F3CC4.d.B515AFBB718F89349E930F76C756C68B.e.1674"},"getTitle",[]]}
RESULT: {"script":"<script> [6424 bytes]","args":[{"element-6066-11e4-a52e-4f735466cecf":"f.01FBF2109C59626B32AF8377D21F3CC4.d.B515AFBB718F89349E930F76C756C68B.e.1674"},"getTitle",[]]}
RESULT: undefined
COMMAND: POST /session/9acbeaa92b99fefe4a7dfe42c06eba25/element/f.01FBF2109C59626B32AF8377D21F3CC4.d.B515AFBB718F89349E930F76C756C68B.e.1603/click - {}
RESULT: {}
COMMAND: GET /session/9acbeaa92b99fefe4a7dfe42c06eba25/screenshot - {}
RESULT: {}
]]></system-out>
    </testcase>
    <testcase classname="chrome.136_0_7103_49.windows.Sanity_Tests_US104253" name="Should open Manage States Performance page" time="37.461">
      <system-out><![CDATA[
COMMAND: POST /session/9acbeaa92b99fefe4a7dfe42c06eba25/execute/async - {"script":"<script> [1562 bytes]","args":[{"selector":{"controlType":"sap.m.GenericTile","properties":{"header":"Manage States & Performance"}},"wdio_ui5_key":"sapm.GenericTile{\"header\":\"Manage States & Performance\"}"}]}
RESULT: {"script":"<script> [1562 bytes]","args":[{"selector":{"controlType":"sap.m.GenericTile","properties":{"header":"Manage States & Performance"}},"wdio_ui5_key":"sapm.GenericTile{\"header\":\"Manage States & Performance\"}"}]}
RESULT: undefined
COMMAND: POST /session/9acbeaa92b99fefe4a7dfe42c06eba25/element - {"using":"xpath","value":"//*[@id=\"__tile56\"]"}
RESULT: {"using":"xpath","value":"//*[@id=\"__tile56\"]"}
COMMAND: POST /session/9acbeaa92b99fefe4a7dfe42c06eba25/element/f.01FBF2109C59626B32AF8377D21F3CC4.d.B515AFBB718F89349E930F76C756C68B.e.1678/click - {}
RESULT: {}
COMMAND: GET /session/9acbeaa92b99fefe4a7dfe42c06eba25/screenshot - {}
RESULT: {}
COMMAND: POST /session/9acbeaa92b99fefe4a7dfe42c06eba25/elements - {"using":"xpath","value":"//span[text()='Error']"}
RESULT: {"using":"xpath","value":"//span[text()='Error']"}
RESULT: undefined
COMMAND: POST /session/9acbeaa92b99fefe4a7dfe42c06eba25/element - {"using":"xpath","value":"//*[@id=\"__tile56\"]"}
RESULT: {"using":"xpath","value":"//*[@id=\"__tile56\"]"}
COMMAND: POST /session/9acbeaa92b99fefe4a7dfe42c06eba25/element/f.01FBF2109C59626B32AF8377D21F3CC4.d.B515AFBB718F89349E930F76C756C68B.e.1678/click - {}
RESULT: undefined
COMMAND: POST /session/9acbeaa92b99fefe4a7dfe42c06eba25/element - {"using":"xpath","value":"//*[@id=\"__tile56\"]"}
RESULT: {"using":"xpath","value":"//*[@id=\"__tile56\"]"}
COMMAND: POST /session/9acbeaa92b99fefe4a7dfe42c06eba25/element/f.01FBF2109C59626B32AF8377D21F3CC4.d.B515AFBB718F89349E930F76C756C68B.e.1678/click - {}
RESULT: undefined
COMMAND: POST /session/9acbeaa92b99fefe4a7dfe42c06eba25/execute/async - {"script":"<script> [6424 bytes]","args":[{"element-6066-11e4-a52e-4f735466cecf":"f.01FBF2109C59626B32AF8377D21F3CC4.d.B515AFBB718F89349E930F76C756C68B.e.225"},"getTitle",[]]}
COMMAND: POST /session/9acbeaa92b99fefe4a7dfe42c06eba25/execute/async - {"script":"<script> [1562 bytes]","args":[{"selector":{"id":"shellAppTitle"},"wdio_ui5_key":"shellAppTitle"}]}
RESULT: {"script":"<script> [1562 bytes]","args":[{"selector":{"id":"shellAppTitle"},"wdio_ui5_key":"shellAppTitle"}]}
COMMAND: POST /session/9acbeaa92b99fefe4a7dfe42c06eba25/execute/async - {"script":"<script> [6424 bytes]","args":[{"element-6066-11e4-a52e-4f735466cecf":"f.01FBF2109C59626B32AF8377D21F3CC4.d.B515AFBB718F89349E930F76C756C68B.e.1778"},"getTitle",[]]}
RESULT: {"script":"<script> [6424 bytes]","args":[{"element-6066-11e4-a52e-4f735466cecf":"f.01FBF2109C59626B32AF8377D21F3CC4.d.B515AFBB718F89349E930F76C756C68B.e.1778"},"getTitle",[]]}
RESULT: undefined
COMMAND: POST /session/9acbeaa92b99fefe4a7dfe42c06eba25/element/f.01FBF2109C59626B32AF8377D21F3CC4.d.B515AFBB718F89349E930F76C756C68B.e.1603/click - {}
COMMAND: POST /session/9acbeaa92b99fefe4a7dfe42c06eba25/element - {"using":"xpath","value":"//*[@id=\"backBtn\"]"}
RESULT: {"using":"xpath","value":"//*[@id=\"backBtn\"]"}
COMMAND: POST /session/9acbeaa92b99fefe4a7dfe42c06eba25/element/f.01FBF2109C59626B32AF8377D21F3CC4.d.B515AFBB718F89349E930F76C756C68B.e.1603/click - {}
COMMAND: POST /session/9acbeaa92b99fefe4a7dfe42c06eba25/element - {"using":"xpath","value":"//*[@id=\"backBtn\"]"}
RESULT: {"using":"xpath","value":"//*[@id=\"backBtn\"]"}
COMMAND: POST /session/9acbeaa92b99fefe4a7dfe42c06eba25/element/f.01FBF2109C59626B32AF8377D21F3CC4.d.B515AFBB718F89349E930F76C756C68B.e.1779/click - {}
RESULT: {}
COMMAND: GET /session/9acbeaa92b99fefe4a7dfe42c06eba25/screenshot - {}
RESULT: {}
]]></system-out>
    </testcase>
    <testcase classname="chrome.136_0_7103_49.windows.Sanity_Tests_US104253" name="Should open Manage Billings page" time="38.05">
      <system-out><![CDATA[
COMMAND: POST /session/9acbeaa92b99fefe4a7dfe42c06eba25/execute/async - {"script":"<script> [1562 bytes]","args":[{"selector":{"controlType":"sap.m.GenericTile","properties":{"header":"Manage Billings"}},"wdio_ui5_key":"sapm.GenericTile{\"header\":\"Manage Billings\"}"}]}
RESULT: {"script":"<script> [1562 bytes]","args":[{"selector":{"controlType":"sap.m.GenericTile","properties":{"header":"Manage Billings"}},"wdio_ui5_key":"sapm.GenericTile{\"header\":\"Manage Billings\"}"}]}
RESULT: undefined
COMMAND: POST /session/9acbeaa92b99fefe4a7dfe42c06eba25/element - {"using":"xpath","value":"//*[@id=\"__tile51\"]"}
RESULT: {"using":"xpath","value":"//*[@id=\"__tile51\"]"}
COMMAND: POST /session/9acbeaa92b99fefe4a7dfe42c06eba25/element/f.01FBF2109C59626B32AF8377D21F3CC4.d.B515AFBB718F89349E930F76C756C68B.e.1781/click - {}
RESULT: {}
COMMAND: GET /session/9acbeaa92b99fefe4a7dfe42c06eba25/screenshot - {}
RESULT: {}
COMMAND: POST /session/9acbeaa92b99fefe4a7dfe42c06eba25/elements - {"using":"xpath","value":"//span[text()='Error']"}
RESULT: {"using":"xpath","value":"//span[text()='Error']"}
RESULT: undefined
COMMAND: POST /session/9acbeaa92b99fefe4a7dfe42c06eba25/element - {"using":"xpath","value":"//*[@id=\"__tile51\"]"}
RESULT: {"using":"xpath","value":"//*[@id=\"__tile51\"]"}
COMMAND: POST /session/9acbeaa92b99fefe4a7dfe42c06eba25/element/f.01FBF2109C59626B32AF8377D21F3CC4.d.B515AFBB718F89349E930F76C756C68B.e.1781/click - {}
RESULT: undefined
COMMAND: POST /session/9acbeaa92b99fefe4a7dfe42c06eba25/element - {"using":"xpath","value":"//*[@id=\"__tile51\"]"}
RESULT: {"using":"xpath","value":"//*[@id=\"__tile51\"]"}
COMMAND: POST /session/9acbeaa92b99fefe4a7dfe42c06eba25/element/f.01FBF2109C59626B32AF8377D21F3CC4.d.B515AFBB718F89349E930F76C756C68B.e.1781/click - {}
RESULT: undefined
COMMAND: POST /session/9acbeaa92b99fefe4a7dfe42c06eba25/execute/async - {"script":"<script> [6424 bytes]","args":[{"element-6066-11e4-a52e-4f735466cecf":"f.01FBF2109C59626B32AF8377D21F3CC4.d.B515AFBB718F89349E930F76C756C68B.e.225"},"getTitle",[]]}
COMMAND: POST /session/9acbeaa92b99fefe4a7dfe42c06eba25/execute/async - {"script":"<script> [1562 bytes]","args":[{"selector":{"id":"shellAppTitle"},"wdio_ui5_key":"shellAppTitle"}]}
RESULT: {"script":"<script> [1562 bytes]","args":[{"selector":{"id":"shellAppTitle"},"wdio_ui5_key":"shellAppTitle"}]}
COMMAND: POST /session/9acbeaa92b99fefe4a7dfe42c06eba25/execute/async - {"script":"<script> [6424 bytes]","args":[{"element-6066-11e4-a52e-4f735466cecf":"f.01FBF2109C59626B32AF8377D21F3CC4.d.B515AFBB718F89349E930F76C756C68B.e.1928"},"getTitle",[]]}
RESULT: {"script":"<script> [6424 bytes]","args":[{"element-6066-11e4-a52e-4f735466cecf":"f.01FBF2109C59626B32AF8377D21F3CC4.d.B515AFBB718F89349E930F76C756C68B.e.1928"},"getTitle",[]]}
RESULT: undefined
COMMAND: POST /session/9acbeaa92b99fefe4a7dfe42c06eba25/element/f.01FBF2109C59626B32AF8377D21F3CC4.d.B515AFBB718F89349E930F76C756C68B.e.1779/click - {}
COMMAND: POST /session/9acbeaa92b99fefe4a7dfe42c06eba25/element/f.01FBF2109C59626B32AF8377D21F3CC4.d.B515AFBB718F89349E930F76C756C68B.e.1779/click - {}
RESULT: {}
COMMAND: GET /session/9acbeaa92b99fefe4a7dfe42c06eba25/screenshot - {}
COMMAND: POST /session/9acbeaa92b99fefe4a7dfe42c06eba25/element - {"using":"xpath","value":"//*[@id=\"backBtn\"]"}
RESULT: {}
RESULT: {"using":"xpath","value":"//*[@id=\"backBtn\"]"}
COMMAND: POST /session/9acbeaa92b99fefe4a7dfe42c06eba25/elements - {"using":"xpath","value":"//*[@id=\"backBtn\"]"}
RESULT: {"using":"xpath","value":"//*[@id=\"backBtn\"]"}
COMMAND: POST /session/9acbeaa92b99fefe4a7dfe42c06eba25/elements - {"using":"xpath","value":"//*[@id=\"backBtn\"]"}
RESULT: {"using":"xpath","value":"//*[@id=\"backBtn\"]"}
COMMAND: POST /session/9acbeaa92b99fefe4a7dfe42c06eba25/elements - {"using":"xpath","value":"//*[@id=\"backBtn\"]"}
RESULT: {"using":"xpath","value":"//*[@id=\"backBtn\"]"}
COMMAND: POST /session/9acbeaa92b99fefe4a7dfe42c06eba25/elements - {"using":"xpath","value":"//*[@id=\"backBtn\"]"}
RESULT: {"using":"xpath","value":"//*[@id=\"backBtn\"]"}
COMMAND: POST /session/9acbeaa92b99fefe4a7dfe42c06eba25/elements - {"using":"xpath","value":"//*[@id=\"backBtn\"]"}
RESULT: {"using":"xpath","value":"//*[@id=\"backBtn\"]"}
COMMAND: POST /session/9acbeaa92b99fefe4a7dfe42c06eba25/elements - {"using":"xpath","value":"//*[@id=\"backBtn\"]"}
RESULT: {"using":"xpath","value":"//*[@id=\"backBtn\"]"}
COMMAND: POST /session/9acbeaa92b99fefe4a7dfe42c06eba25/elements - {"using":"xpath","value":"//*[@id=\"backBtn\"]"}
RESULT: {"using":"xpath","value":"//*[@id=\"backBtn\"]"}
COMMAND: POST /session/9acbeaa92b99fefe4a7dfe42c06eba25/elements - {"using":"xpath","value":"//*[@id=\"backBtn\"]"}
RESULT: {"using":"xpath","value":"//*[@id=\"backBtn\"]"}
COMMAND: POST /session/9acbeaa92b99fefe4a7dfe42c06eba25/elements - {"using":"xpath","value":"//*[@id=\"backBtn\"]"}
RESULT: {"using":"xpath","value":"//*[@id=\"backBtn\"]"}
COMMAND: POST /session/9acbeaa92b99fefe4a7dfe42c06eba25/elements - {"using":"xpath","value":"//*[@id=\"backBtn\"]"}
RESULT: {"using":"xpath","value":"//*[@id=\"backBtn\"]"}
COMMAND: POST /session/9acbeaa92b99fefe4a7dfe42c06eba25/elements - {"using":"xpath","value":"//*[@id=\"backBtn\"]"}
RESULT: {"using":"xpath","value":"//*[@id=\"backBtn\"]"}
COMMAND: POST /session/9acbeaa92b99fefe4a7dfe42c06eba25/elements - {"using":"xpath","value":"//*[@id=\"backBtn\"]"}
RESULT: {"using":"xpath","value":"//*[@id=\"backBtn\"]"}
COMMAND: POST /session/9acbeaa92b99fefe4a7dfe42c06eba25/elements - {"using":"xpath","value":"//*[@id=\"backBtn\"]"}
RESULT: {"using":"xpath","value":"//*[@id=\"backBtn\"]"}
COMMAND: POST /session/9acbeaa92b99fefe4a7dfe42c06eba25/elements - {"using":"xpath","value":"//*[@id=\"backBtn\"]"}
RESULT: {"using":"xpath","value":"//*[@id=\"backBtn\"]"}
COMMAND: POST /session/9acbeaa92b99fefe4a7dfe42c06eba25/elements - {"using":"xpath","value":"//*[@id=\"backBtn\"]"}
RESULT: {"using":"xpath","value":"//*[@id=\"backBtn\"]"}
COMMAND: POST /session/9acbeaa92b99fefe4a7dfe42c06eba25/elements - {"using":"xpath","value":"//*[@id=\"backBtn\"]"}
RESULT: {"using":"xpath","value":"//*[@id=\"backBtn\"]"}
COMMAND: POST /session/9acbeaa92b99fefe4a7dfe42c06eba25/elements - {"using":"xpath","value":"//*[@id=\"backBtn\"]"}
RESULT: {"using":"xpath","value":"//*[@id=\"backBtn\"]"}
COMMAND: POST /session/9acbeaa92b99fefe4a7dfe42c06eba25/elements - {"using":"xpath","value":"//*[@id=\"backBtn\"]"}
RESULT: {"using":"xpath","value":"//*[@id=\"backBtn\"]"}
]]></system-out>
    </testcase>
    <testcase classname="chrome.136_0_7103_49.windows.Sanity_Tests_US104253" name="Should open Manage Conditions Prices page" time="46.432">
      <system-out><![CDATA[
COMMAND: POST /session/9acbeaa92b99fefe4a7dfe42c06eba25/execute/async - {"script":"<script> [1562 bytes]","args":[{"selector":{"controlType":"sap.m.GenericTile","properties":{"header":"Manage Conditions & Prices"}},"wdio_ui5_key":"sapm.GenericTile{\"header\":\"Manage Conditions & Prices\"}"}]}
COMMAND: POST /session/9acbeaa92b99fefe4a7dfe42c06eba25/elements - {"using":"xpath","value":"//*[@id=\"backBtn\"]"}
RESULT: {"script":"<script> [1562 bytes]","args":[{"selector":{"controlType":"sap.m.GenericTile","properties":{"header":"Manage Conditions & Prices"}},"wdio_ui5_key":"sapm.GenericTile{\"header\":\"Manage Conditions & Prices\"}"}]}
RESULT: undefined
COMMAND: POST /session/9acbeaa92b99fefe4a7dfe42c06eba25/element - {"using":"xpath","value":"//*[@id=\"__tile53\"]"}
RESULT: {"using":"xpath","value":"//*[@id=\"backBtn\"]"}
RESULT: {"using":"xpath","value":"//*[@id=\"__tile53\"]"}
COMMAND: POST /session/9acbeaa92b99fefe4a7dfe42c06eba25/element/f.01FBF2109C59626B32AF8377D21F3CC4.d.B515AFBB718F89349E930F76C756C68B.e.1930/click - {}
RESULT: {}
COMMAND: GET /session/9acbeaa92b99fefe4a7dfe42c06eba25/screenshot - {}
COMMAND: POST /session/9acbeaa92b99fefe4a7dfe42c06eba25/elements - {"using":"xpath","value":"//*[@id=\"backBtn\"]"}
RESULT: {}
RESULT: {"using":"xpath","value":"//*[@id=\"backBtn\"]"}
COMMAND: POST /session/9acbeaa92b99fefe4a7dfe42c06eba25/elements - {"using":"xpath","value":"//*[@id=\"backBtn\"]"}
RESULT: {"using":"xpath","value":"//*[@id=\"backBtn\"]"}
COMMAND: POST /session/9acbeaa92b99fefe4a7dfe42c06eba25/elements - {"using":"xpath","value":"//*[@id=\"backBtn\"]"}
RESULT: {"using":"xpath","value":"//*[@id=\"backBtn\"]"}
COMMAND: POST /session/9acbeaa92b99fefe4a7dfe42c06eba25/elements - {"using":"xpath","value":"//*[@id=\"backBtn\"]"}
RESULT: {"using":"xpath","value":"//*[@id=\"backBtn\"]"}
COMMAND: POST /session/9acbeaa92b99fefe4a7dfe42c06eba25/elements - {"using":"xpath","value":"//*[@id=\"backBtn\"]"}
RESULT: {"using":"xpath","value":"//*[@id=\"backBtn\"]"}
COMMAND: POST /session/9acbeaa92b99fefe4a7dfe42c06eba25/element - {"using":"xpath","value":"//*[@id=\"backBtn\"]"}
RESULT: {"using":"xpath","value":"//*[@id=\"backBtn\"]"}
COMMAND: POST /session/9acbeaa92b99fefe4a7dfe42c06eba25/element/f.01FBF2109C59626B32AF8377D21F3CC4.d.B515AFBB718F89349E930F76C756C68B.e.1779/click - {}
COMMAND: POST /session/9acbeaa92b99fefe4a7dfe42c06eba25/element - {"using":"xpath","value":"//*[@id=\"backBtn\"]"}
RESULT: {"using":"xpath","value":"//*[@id=\"backBtn\"]"}
COMMAND: POST /session/9acbeaa92b99fefe4a7dfe42c06eba25/element/f.01FBF2109C59626B32AF8377D21F3CC4.d.B515AFBB718F89349E930F76C756C68B.e.1933/click - {}
COMMAND: POST /session/9acbeaa92b99fefe4a7dfe42c06eba25/elements - {"using":"xpath","value":"//span[text()='Error']"}
RESULT: {}
COMMAND: GET /session/9acbeaa92b99fefe4a7dfe42c06eba25/screenshot - {}
RESULT: {"using":"xpath","value":"//span[text()='Error']"}
RESULT: {}
RESULT: undefined
COMMAND: POST /session/9acbeaa92b99fefe4a7dfe42c06eba25/element - {"using":"xpath","value":"//*[@id=\"__tile53\"]"}
RESULT: {"using":"xpath","value":"//*[@id=\"__tile53\"]"}
COMMAND: POST /session/9acbeaa92b99fefe4a7dfe42c06eba25/element/f.01FBF2109C59626B32AF8377D21F3CC4.d.B515AFBB718F89349E930F76C756C68B.e.1930/click - {}
RESULT: {}
RESULT: undefined
COMMAND: POST /session/9acbeaa92b99fefe4a7dfe42c06eba25/element - {"using":"xpath","value":"//*[@id=\"__tile53\"]"}
COMMAND: GET /session/9acbeaa92b99fefe4a7dfe42c06eba25/screenshot - {}
RESULT: {"using":"xpath","value":"//*[@id=\"__tile53\"]"}
COMMAND: POST /session/9acbeaa92b99fefe4a7dfe42c06eba25/element/f.01FBF2109C59626B32AF8377D21F3CC4.d.B515AFBB718F89349E930F76C756C68B.e.1930/click - {}
RESULT: {}
RESULT: undefined
COMMAND: POST /session/9acbeaa92b99fefe4a7dfe42c06eba25/execute/async - {"script":"<script> [6424 bytes]","args":[{"element-6066-11e4-a52e-4f735466cecf":"f.01FBF2109C59626B32AF8377D21F3CC4.d.B515AFBB718F89349E930F76C756C68B.e.225"},"getTitle",[]]}
COMMAND: POST /session/9acbeaa92b99fefe4a7dfe42c06eba25/execute/async - {"script":"<script> [1562 bytes]","args":[{"selector":{"id":"shellAppTitle"},"wdio_ui5_key":"shellAppTitle"}]}
RESULT: {"script":"<script> [1562 bytes]","args":[{"selector":{"id":"shellAppTitle"},"wdio_ui5_key":"shellAppTitle"}]}
COMMAND: POST /session/9acbeaa92b99fefe4a7dfe42c06eba25/execute/async - {"script":"<script> [6424 bytes]","args":[{"element-6066-11e4-a52e-4f735466cecf":"f.01FBF2109C59626B32AF8377D21F3CC4.d.B515AFBB718F89349E930F76C756C68B.e.2019"},"getTitle",[]]}
RESULT: {"script":"<script> [6424 bytes]","args":[{"element-6066-11e4-a52e-4f735466cecf":"f.01FBF2109C59626B32AF8377D21F3CC4.d.B515AFBB718F89349E930F76C756C68B.e.2019"},"getTitle",[]]}
RESULT: undefined
COMMAND: POST /session/9acbeaa92b99fefe4a7dfe42c06eba25/element/f.01FBF2109C59626B32AF8377D21F3CC4.d.B515AFBB718F89349E930F76C756C68B.e.1933/click - {}
RESULT: {}
COMMAND: GET /session/9acbeaa92b99fefe4a7dfe42c06eba25/screenshot - {}
RESULT: {}
]]></system-out>
    </testcase>
    <testcase classname="chrome.136_0_7103_49.windows.Sanity_Tests_US104253" name="Should open Billing Transfer page" time="37.875">
      <system-out><![CDATA[
COMMAND: POST /session/9acbeaa92b99fefe4a7dfe42c06eba25/execute/async - {"script":"<script> [1562 bytes]","args":[{"selector":{"controlType":"sap.m.GenericTile","properties":{"header":"Billing Transfer"}},"wdio_ui5_key":"sapm.GenericTile{\"header\":\"Billing Transfer\"}"}]}
RESULT: {"script":"<script> [1562 bytes]","args":[{"selector":{"controlType":"sap.m.GenericTile","properties":{"header":"Billing Transfer"}},"wdio_ui5_key":"sapm.GenericTile{\"header\":\"Billing Transfer\"}"}]}
RESULT: undefined
COMMAND: POST /session/9acbeaa92b99fefe4a7dfe42c06eba25/element - {"using":"xpath","value":"//*[@id=\"__tile50\"]"}
RESULT: {"using":"xpath","value":"//*[@id=\"__tile50\"]"}
COMMAND: POST /session/9acbeaa92b99fefe4a7dfe42c06eba25/element/f.01FBF2109C59626B32AF8377D21F3CC4.d.B515AFBB718F89349E930F76C756C68B.e.2021/click - {}
RESULT: {}
COMMAND: GET /session/9acbeaa92b99fefe4a7dfe42c06eba25/screenshot - {}
RESULT: {}
COMMAND: POST /session/9acbeaa92b99fefe4a7dfe42c06eba25/elements - {"using":"xpath","value":"//span[text()='Error']"}
RESULT: {"using":"xpath","value":"//span[text()='Error']"}
RESULT: undefined
COMMAND: POST /session/9acbeaa92b99fefe4a7dfe42c06eba25/element - {"using":"xpath","value":"//*[@id=\"__tile50\"]"}
RESULT: {"using":"xpath","value":"//*[@id=\"__tile50\"]"}
COMMAND: POST /session/9acbeaa92b99fefe4a7dfe42c06eba25/element/f.01FBF2109C59626B32AF8377D21F3CC4.d.B515AFBB718F89349E930F76C756C68B.e.2021/click - {}
RESULT: undefined
COMMAND: POST /session/9acbeaa92b99fefe4a7dfe42c06eba25/element - {"using":"xpath","value":"//*[@id=\"__tile50\"]"}
RESULT: {"using":"xpath","value":"//*[@id=\"__tile50\"]"}
COMMAND: POST /session/9acbeaa92b99fefe4a7dfe42c06eba25/element/f.01FBF2109C59626B32AF8377D21F3CC4.d.B515AFBB718F89349E930F76C756C68B.e.2021/click - {}
RESULT: undefined
COMMAND: POST /session/9acbeaa92b99fefe4a7dfe42c06eba25/execute/async - {"script":"<script> [6424 bytes]","args":[{"element-6066-11e4-a52e-4f735466cecf":"f.01FBF2109C59626B32AF8377D21F3CC4.d.B515AFBB718F89349E930F76C756C68B.e.225"},"getTitle",[]]}
COMMAND: POST /session/9acbeaa92b99fefe4a7dfe42c06eba25/execute/async - {"script":"<script> [1562 bytes]","args":[{"selector":{"id":"shellAppTitle"},"wdio_ui5_key":"shellAppTitle"}]}
RESULT: {"script":"<script> [1562 bytes]","args":[{"selector":{"id":"shellAppTitle"},"wdio_ui5_key":"shellAppTitle"}]}
COMMAND: POST /session/9acbeaa92b99fefe4a7dfe42c06eba25/execute/async - {"script":"<script> [6424 bytes]","args":[{"element-6066-11e4-a52e-4f735466cecf":"f.01FBF2109C59626B32AF8377D21F3CC4.d.B515AFBB718F89349E930F76C756C68B.e.2106"},"getTitle",[]]}
RESULT: {"script":"<script> [6424 bytes]","args":[{"element-6066-11e4-a52e-4f735466cecf":"f.01FBF2109C59626B32AF8377D21F3CC4.d.B515AFBB718F89349E930F76C756C68B.e.2106"},"getTitle",[]]}
RESULT: undefined
COMMAND: POST /session/9acbeaa92b99fefe4a7dfe42c06eba25/element/f.01FBF2109C59626B32AF8377D21F3CC4.d.B515AFBB718F89349E930F76C756C68B.e.1933/click - {}
COMMAND: POST /session/9acbeaa92b99fefe4a7dfe42c06eba25/element - {"using":"xpath","value":"//*[@id=\"backBtn\"]"}
RESULT: {"using":"xpath","value":"//*[@id=\"backBtn\"]"}
COMMAND: POST /session/9acbeaa92b99fefe4a7dfe42c06eba25/element/f.01FBF2109C59626B32AF8377D21F3CC4.d.B515AFBB718F89349E930F76C756C68B.e.1933/click - {}
COMMAND: POST /session/9acbeaa92b99fefe4a7dfe42c06eba25/element - {"using":"xpath","value":"//*[@id=\"backBtn\"]"}
RESULT: {"using":"xpath","value":"//*[@id=\"backBtn\"]"}
COMMAND: POST /session/9acbeaa92b99fefe4a7dfe42c06eba25/element/f.01FBF2109C59626B32AF8377D21F3CC4.d.B515AFBB718F89349E930F76C756C68B.e.2107/click - {}
RESULT: {}
COMMAND: GET /session/9acbeaa92b99fefe4a7dfe42c06eba25/screenshot - {}
RESULT: {}
]]></system-out>
    </testcase>
    <testcase classname="chrome.136_0_7103_49.windows.Sanity_Tests_US104253" name="Should open Manage Pricing Rules page" time="37.461">
      <system-out><![CDATA[
COMMAND: POST /session/9acbeaa92b99fefe4a7dfe42c06eba25/execute/async - {"script":"<script> [1562 bytes]","args":[{"selector":{"controlType":"sap.m.GenericTile","properties":{"header":"Manage Pricing Rules"}},"wdio_ui5_key":"sapm.GenericTile{\"header\":\"Manage Pricing Rules\"}"}]}
RESULT: {"script":"<script> [1562 bytes]","args":[{"selector":{"controlType":"sap.m.GenericTile","properties":{"header":"Manage Pricing Rules"}},"wdio_ui5_key":"sapm.GenericTile{\"header\":\"Manage Pricing Rules\"}"}]}
RESULT: undefined
COMMAND: POST /session/9acbeaa92b99fefe4a7dfe42c06eba25/element - {"using":"xpath","value":"//*[@id=\"__tile55\"]"}
RESULT: {"using":"xpath","value":"//*[@id=\"__tile55\"]"}
COMMAND: POST /session/9acbeaa92b99fefe4a7dfe42c06eba25/element/f.01FBF2109C59626B32AF8377D21F3CC4.d.B515AFBB718F89349E930F76C756C68B.e.2109/click - {}
RESULT: {}
COMMAND: GET /session/9acbeaa92b99fefe4a7dfe42c06eba25/screenshot - {}
RESULT: {}
COMMAND: POST /session/9acbeaa92b99fefe4a7dfe42c06eba25/elements - {"using":"xpath","value":"//span[text()='Error']"}
RESULT: {"using":"xpath","value":"//span[text()='Error']"}
RESULT: undefined
COMMAND: POST /session/9acbeaa92b99fefe4a7dfe42c06eba25/element - {"using":"xpath","value":"//*[@id=\"__tile55\"]"}
RESULT: {"using":"xpath","value":"//*[@id=\"__tile55\"]"}
COMMAND: POST /session/9acbeaa92b99fefe4a7dfe42c06eba25/element/f.01FBF2109C59626B32AF8377D21F3CC4.d.B515AFBB718F89349E930F76C756C68B.e.2109/click - {}
RESULT: undefined
COMMAND: POST /session/9acbeaa92b99fefe4a7dfe42c06eba25/element - {"using":"xpath","value":"//*[@id=\"__tile55\"]"}
RESULT: {"using":"xpath","value":"//*[@id=\"__tile55\"]"}
COMMAND: POST /session/9acbeaa92b99fefe4a7dfe42c06eba25/element/f.01FBF2109C59626B32AF8377D21F3CC4.d.B515AFBB718F89349E930F76C756C68B.e.2109/click - {}
RESULT: undefined
COMMAND: POST /session/9acbeaa92b99fefe4a7dfe42c06eba25/execute/async - {"script":"<script> [6424 bytes]","args":[{"element-6066-11e4-a52e-4f735466cecf":"f.01FBF2109C59626B32AF8377D21F3CC4.d.B515AFBB718F89349E930F76C756C68B.e.225"},"getTitle",[]]}
COMMAND: POST /session/9acbeaa92b99fefe4a7dfe42c06eba25/execute/async - {"script":"<script> [1562 bytes]","args":[{"selector":{"id":"shellAppTitle"},"wdio_ui5_key":"shellAppTitle"}]}
RESULT: {"script":"<script> [1562 bytes]","args":[{"selector":{"id":"shellAppTitle"},"wdio_ui5_key":"shellAppTitle"}]}
COMMAND: POST /session/9acbeaa92b99fefe4a7dfe42c06eba25/execute/async - {"script":"<script> [6424 bytes]","args":[{"element-6066-11e4-a52e-4f735466cecf":"f.01FBF2109C59626B32AF8377D21F3CC4.d.B515AFBB718F89349E930F76C756C68B.e.2193"},"getTitle",[]]}
RESULT: {"script":"<script> [6424 bytes]","args":[{"element-6066-11e4-a52e-4f735466cecf":"f.01FBF2109C59626B32AF8377D21F3CC4.d.B515AFBB718F89349E930F76C756C68B.e.2193"},"getTitle",[]]}
RESULT: undefined
COMMAND: POST /session/9acbeaa92b99fefe4a7dfe42c06eba25/element/f.01FBF2109C59626B32AF8377D21F3CC4.d.B515AFBB718F89349E930F76C756C68B.e.2107/click - {}
RESULT: {}
COMMAND: GET /session/9acbeaa92b99fefe4a7dfe42c06eba25/screenshot - {}
RESULT: {}
]]></system-out>
    </testcase>
    <testcase classname="chrome.136_0_7103_49.windows.Sanity_Tests_US104253" name="Should open Manage Price Determination Matrices page" time="38.161">
      <system-out><![CDATA[
COMMAND: POST /session/9acbeaa92b99fefe4a7dfe42c06eba25/execute/async - {"script":"<script> [1562 bytes]","args":[{"selector":{"controlType":"sap.m.GenericTile","properties":{"header":"Manage Price Determination Matrices"}},"wdio_ui5_key":"sapm.GenericTile{\"header\":\"Manage Price Determination Matrices\"}"}]}
RESULT: {"script":"<script> [1562 bytes]","args":[{"selector":{"controlType":"sap.m.GenericTile","properties":{"header":"Manage Price Determination Matrices"}},"wdio_ui5_key":"sapm.GenericTile{\"header\":\"Manage Price Determination Matrices\"}"}]}
RESULT: undefined
COMMAND: POST /session/9acbeaa92b99fefe4a7dfe42c06eba25/element - {"using":"xpath","value":"//*[@id=\"__tile54\"]"}
RESULT: {"using":"xpath","value":"//*[@id=\"__tile54\"]"}
COMMAND: POST /session/9acbeaa92b99fefe4a7dfe42c06eba25/element/f.01FBF2109C59626B32AF8377D21F3CC4.d.B515AFBB718F89349E930F76C756C68B.e.2195/click - {}
RESULT: {}
COMMAND: GET /session/9acbeaa92b99fefe4a7dfe42c06eba25/screenshot - {}
RESULT: {}
COMMAND: POST /session/9acbeaa92b99fefe4a7dfe42c06eba25/elements - {"using":"xpath","value":"//span[text()='Error']"}
RESULT: {"using":"xpath","value":"//span[text()='Error']"}
RESULT: undefined
COMMAND: POST /session/9acbeaa92b99fefe4a7dfe42c06eba25/element - {"using":"xpath","value":"//*[@id=\"__tile54\"]"}
RESULT: {"using":"xpath","value":"//*[@id=\"__tile54\"]"}
COMMAND: POST /session/9acbeaa92b99fefe4a7dfe42c06eba25/element/f.01FBF2109C59626B32AF8377D21F3CC4.d.B515AFBB718F89349E930F76C756C68B.e.2195/click - {}
RESULT: undefined
COMMAND: POST /session/9acbeaa92b99fefe4a7dfe42c06eba25/element - {"using":"xpath","value":"//*[@id=\"__tile54\"]"}
RESULT: {"using":"xpath","value":"//*[@id=\"__tile54\"]"}
COMMAND: POST /session/9acbeaa92b99fefe4a7dfe42c06eba25/element/f.01FBF2109C59626B32AF8377D21F3CC4.d.B515AFBB718F89349E930F76C756C68B.e.2195/click - {}
RESULT: undefined
COMMAND: POST /session/9acbeaa92b99fefe4a7dfe42c06eba25/execute/async - {"script":"<script> [6424 bytes]","args":[{"element-6066-11e4-a52e-4f735466cecf":"f.01FBF2109C59626B32AF8377D21F3CC4.d.B515AFBB718F89349E930F76C756C68B.e.225"},"getTitle",[]]}
COMMAND: POST /session/9acbeaa92b99fefe4a7dfe42c06eba25/execute/async - {"script":"<script> [1562 bytes]","args":[{"selector":{"id":"shellAppTitle"},"wdio_ui5_key":"shellAppTitle"}]}
RESULT: {"script":"<script> [1562 bytes]","args":[{"selector":{"id":"shellAppTitle"},"wdio_ui5_key":"shellAppTitle"}]}
COMMAND: POST /session/9acbeaa92b99fefe4a7dfe42c06eba25/execute/async - {"script":"<script> [6424 bytes]","args":[{"element-6066-11e4-a52e-4f735466cecf":"f.01FBF2109C59626B32AF8377D21F3CC4.d.B515AFBB718F89349E930F76C756C68B.e.2282"},"getTitle",[]]}
RESULT: {"script":"<script> [6424 bytes]","args":[{"element-6066-11e4-a52e-4f735466cecf":"f.01FBF2109C59626B32AF8377D21F3CC4.d.B515AFBB718F89349E930F76C756C68B.e.2282"},"getTitle",[]]}
RESULT: undefined
COMMAND: POST /session/9acbeaa92b99fefe4a7dfe42c06eba25/element/f.01FBF2109C59626B32AF8377D21F3CC4.d.B515AFBB718F89349E930F76C756C68B.e.2107/click - {}
COMMAND: POST /session/9acbeaa92b99fefe4a7dfe42c06eba25/element - {"using":"xpath","value":"//*[@id=\"backBtn\"]"}
RESULT: {"using":"xpath","value":"//*[@id=\"backBtn\"]"}
COMMAND: POST /session/9acbeaa92b99fefe4a7dfe42c06eba25/element/f.01FBF2109C59626B32AF8377D21F3CC4.d.B515AFBB718F89349E930F76C756C68B.e.2107/click - {}
COMMAND: POST /session/9acbeaa92b99fefe4a7dfe42c06eba25/element - {"using":"xpath","value":"//*[@id=\"backBtn\"]"}
RESULT: {"using":"xpath","value":"//*[@id=\"backBtn\"]"}
COMMAND: POST /session/9acbeaa92b99fefe4a7dfe42c06eba25/element/f.01FBF2109C59626B32AF8377D21F3CC4.d.B515AFBB718F89349E930F76C756C68B.e.2283/click - {}
RESULT: {}
COMMAND: GET /session/9acbeaa92b99fefe4a7dfe42c06eba25/screenshot - {}
RESULT: {}
]]></system-out>
    </testcase>
    <testcase classname="chrome.136_0_7103_49.windows.Sanity_Tests_US104253" name="Should open Yard Overview page" time="46.137">
      <system-out><![CDATA[
COMMAND: POST /session/9acbeaa92b99fefe4a7dfe42c06eba25/execute/async - {"script":"<script> [1562 bytes]","args":[{"selector":{"controlType":"sap.m.GenericTile","properties":{"header":"Yard Overview"}},"wdio_ui5_key":"sapm.GenericTile{\"header\":\"Yard Overview\"}"}]}
RESULT: {"script":"<script> [1562 bytes]","args":[{"selector":{"controlType":"sap.m.GenericTile","properties":{"header":"Yard Overview"}},"wdio_ui5_key":"sapm.GenericTile{\"header\":\"Yard Overview\"}"}]}
RESULT: undefined
COMMAND: POST /session/9acbeaa92b99fefe4a7dfe42c06eba25/element - {"using":"xpath","value":"//*[@id=\"__tile102\"]"}
RESULT: {"using":"xpath","value":"//*[@id=\"__tile102\"]"}
COMMAND: POST /session/9acbeaa92b99fefe4a7dfe42c06eba25/element/f.01FBF2109C59626B32AF8377D21F3CC4.d.B515AFBB718F89349E930F76C756C68B.e.2285/click - {}
RESULT: {}
COMMAND: GET /session/9acbeaa92b99fefe4a7dfe42c06eba25/screenshot - {}
RESULT: {}
COMMAND: POST /session/9acbeaa92b99fefe4a7dfe42c06eba25/elements - {"using":"xpath","value":"//span[text()='Error']"}
RESULT: {"using":"xpath","value":"//span[text()='Error']"}
RESULT: undefined
COMMAND: POST /session/9acbeaa92b99fefe4a7dfe42c06eba25/element - {"using":"xpath","value":"//*[@id=\"__tile102\"]"}
RESULT: {"using":"xpath","value":"//*[@id=\"__tile102\"]"}
COMMAND: POST /session/9acbeaa92b99fefe4a7dfe42c06eba25/element/f.01FBF2109C59626B32AF8377D21F3CC4.d.B515AFBB718F89349E930F76C756C68B.e.2285/click - {}
RESULT: undefined
COMMAND: POST /session/9acbeaa92b99fefe4a7dfe42c06eba25/element - {"using":"xpath","value":"//*[@id=\"__tile102\"]"}
RESULT: {"using":"xpath","value":"//*[@id=\"__tile102\"]"}
COMMAND: POST /session/9acbeaa92b99fefe4a7dfe42c06eba25/element/f.01FBF2109C59626B32AF8377D21F3CC4.d.B515AFBB718F89349E930F76C756C68B.e.2285/click - {}
RESULT: undefined
COMMAND: POST /session/9acbeaa92b99fefe4a7dfe42c06eba25/execute/async - {"script":"<script> [6424 bytes]","args":[{"element-6066-11e4-a52e-4f735466cecf":"f.01FBF2109C59626B32AF8377D21F3CC4.d.B515AFBB718F89349E930F76C756C68B.e.225"},"getTitle",[]]}
COMMAND: POST /session/9acbeaa92b99fefe4a7dfe42c06eba25/execute/async - {"script":"<script> [1562 bytes]","args":[{"selector":{"id":"shellAppTitle"},"wdio_ui5_key":"shellAppTitle"}]}
RESULT: {"script":"<script> [1562 bytes]","args":[{"selector":{"id":"shellAppTitle"},"wdio_ui5_key":"shellAppTitle"}]}
COMMAND: POST /session/9acbeaa92b99fefe4a7dfe42c06eba25/execute/async - {"script":"<script> [6424 bytes]","args":[{"element-6066-11e4-a52e-4f735466cecf":"f.01FBF2109C59626B32AF8377D21F3CC4.d.B515AFBB718F89349E930F76C756C68B.e.2350"},"getTitle",[]]}
RESULT: {"script":"<script> [6424 bytes]","args":[{"element-6066-11e4-a52e-4f735466cecf":"f.01FBF2109C59626B32AF8377D21F3CC4.d.B515AFBB718F89349E930F76C756C68B.e.2350"},"getTitle",[]]}
RESULT: undefined
COMMAND: POST /session/9acbeaa92b99fefe4a7dfe42c06eba25/element/f.01FBF2109C59626B32AF8377D21F3CC4.d.B515AFBB718F89349E930F76C756C68B.e.2283/click - {}
RESULT: {}
COMMAND: GET /session/9acbeaa92b99fefe4a7dfe42c06eba25/screenshot - {}
RESULT: {}
]]></system-out>
    </testcase>
    <testcase classname="chrome.136_0_7103_49.windows.Sanity_Tests_US104253" name="Should open Site Overview page" time="39.13">
      <system-out><![CDATA[
COMMAND: POST /session/9acbeaa92b99fefe4a7dfe42c06eba25/execute/async - {"script":"<script> [1562 bytes]","args":[{"selector":{"controlType":"sap.m.GenericTile","properties":{"header":"Site Overview"}},"wdio_ui5_key":"sapm.GenericTile{\"header\":\"Site Overview\"}"}]}
RESULT: {"script":"<script> [1562 bytes]","args":[{"selector":{"controlType":"sap.m.GenericTile","properties":{"header":"Site Overview"}},"wdio_ui5_key":"sapm.GenericTile{\"header\":\"Site Overview\"}"}]}
RESULT: undefined
COMMAND: POST /session/9acbeaa92b99fefe4a7dfe42c06eba25/element - {"using":"xpath","value":"//*[@id=\"__tile100\"]"}
RESULT: {"using":"xpath","value":"//*[@id=\"__tile100\"]"}
COMMAND: POST /session/9acbeaa92b99fefe4a7dfe42c06eba25/element/f.01FBF2109C59626B32AF8377D21F3CC4.d.B515AFBB718F89349E930F76C756C68B.e.2353/click - {}
RESULT: {}
COMMAND: GET /session/9acbeaa92b99fefe4a7dfe42c06eba25/screenshot - {}
RESULT: {}
COMMAND: POST /session/9acbeaa92b99fefe4a7dfe42c06eba25/elements - {"using":"xpath","value":"//span[text()='Error']"}
RESULT: {"using":"xpath","value":"//span[text()='Error']"}
RESULT: undefined
COMMAND: POST /session/9acbeaa92b99fefe4a7dfe42c06eba25/element - {"using":"xpath","value":"//*[@id=\"__tile100\"]"}
RESULT: {"using":"xpath","value":"//*[@id=\"__tile100\"]"}
COMMAND: POST /session/9acbeaa92b99fefe4a7dfe42c06eba25/element/f.01FBF2109C59626B32AF8377D21F3CC4.d.B515AFBB718F89349E930F76C756C68B.e.2353/click - {}
RESULT: undefined
COMMAND: POST /session/9acbeaa92b99fefe4a7dfe42c06eba25/element - {"using":"xpath","value":"//*[@id=\"__tile100\"]"}
RESULT: {"using":"xpath","value":"//*[@id=\"__tile100\"]"}
COMMAND: POST /session/9acbeaa92b99fefe4a7dfe42c06eba25/element/f.01FBF2109C59626B32AF8377D21F3CC4.d.B515AFBB718F89349E930F76C756C68B.e.2353/click - {}
RESULT: undefined
COMMAND: POST /session/9acbeaa92b99fefe4a7dfe42c06eba25/execute/async - {"script":"<script> [6424 bytes]","args":[{"element-6066-11e4-a52e-4f735466cecf":"f.01FBF2109C59626B32AF8377D21F3CC4.d.B515AFBB718F89349E930F76C756C68B.e.225"},"getTitle",[]]}
COMMAND: POST /session/9acbeaa92b99fefe4a7dfe42c06eba25/execute/async - {"script":"<script> [1562 bytes]","args":[{"selector":{"id":"shellAppTitle"},"wdio_ui5_key":"shellAppTitle"}]}
RESULT: {"script":"<script> [1562 bytes]","args":[{"selector":{"id":"shellAppTitle"},"wdio_ui5_key":"shellAppTitle"}]}
COMMAND: POST /session/9acbeaa92b99fefe4a7dfe42c06eba25/execute/async - {"script":"<script> [6424 bytes]","args":[{"element-6066-11e4-a52e-4f735466cecf":"f.01FBF2109C59626B32AF8377D21F3CC4.d.B515AFBB718F89349E930F76C756C68B.e.2472"},"getTitle",[]]}
RESULT: {"script":"<script> [6424 bytes]","args":[{"element-6066-11e4-a52e-4f735466cecf":"f.01FBF2109C59626B32AF8377D21F3CC4.d.B515AFBB718F89349E930F76C756C68B.e.2472"},"getTitle",[]]}
RESULT: undefined
COMMAND: POST /session/9acbeaa92b99fefe4a7dfe42c06eba25/element/f.01FBF2109C59626B32AF8377D21F3CC4.d.B515AFBB718F89349E930F76C756C68B.e.2283/click - {}
COMMAND: POST /session/9acbeaa92b99fefe4a7dfe42c06eba25/element - {"using":"xpath","value":"//*[@id=\"backBtn\"]"}
RESULT: {"using":"xpath","value":"//*[@id=\"backBtn\"]"}
COMMAND: POST /session/9acbeaa92b99fefe4a7dfe42c06eba25/element/f.01FBF2109C59626B32AF8377D21F3CC4.d.B515AFBB718F89349E930F76C756C68B.e.2283/click - {}
COMMAND: POST /session/9acbeaa92b99fefe4a7dfe42c06eba25/element - {"using":"xpath","value":"//*[@id=\"backBtn\"]"}
RESULT: {"using":"xpath","value":"//*[@id=\"backBtn\"]"}
COMMAND: POST /session/9acbeaa92b99fefe4a7dfe42c06eba25/element/f.01FBF2109C59626B32AF8377D21F3CC4.d.B515AFBB718F89349E930F76C756C68B.e.2473/click - {}
RESULT: {}
COMMAND: GET /session/9acbeaa92b99fefe4a7dfe42c06eba25/screenshot - {}
RESULT: {}
]]></system-out>
    </testcase>
    <testcase classname="chrome.136_0_7103_49.windows.Sanity_Tests_US104253" name="Should open Trace Track Resources page" time="38.048">
      <system-out><![CDATA[
COMMAND: POST /session/9acbeaa92b99fefe4a7dfe42c06eba25/execute/async - {"script":"<script> [1562 bytes]","args":[{"selector":{"controlType":"sap.m.GenericTile","properties":{"header":"Trace & Track Resources"}},"wdio_ui5_key":"sapm.GenericTile{\"header\":\"Trace & Track Resources\"}"}]}
RESULT: {"script":"<script> [1562 bytes]","args":[{"selector":{"controlType":"sap.m.GenericTile","properties":{"header":"Trace & Track Resources"}},"wdio_ui5_key":"sapm.GenericTile{\"header\":\"Trace & Track Resources\"}"}]}
RESULT: undefined
COMMAND: POST /session/9acbeaa92b99fefe4a7dfe42c06eba25/element - {"using":"xpath","value":"//*[@id=\"__tile101\"]"}
RESULT: {"using":"xpath","value":"//*[@id=\"__tile101\"]"}
COMMAND: POST /session/9acbeaa92b99fefe4a7dfe42c06eba25/element/f.01FBF2109C59626B32AF8377D21F3CC4.d.B515AFBB718F89349E930F76C756C68B.e.2475/click - {}
RESULT: {}
COMMAND: GET /session/9acbeaa92b99fefe4a7dfe42c06eba25/screenshot - {}
RESULT: {}
COMMAND: POST /session/9acbeaa92b99fefe4a7dfe42c06eba25/elements - {"using":"xpath","value":"//span[text()='Error']"}
RESULT: {"using":"xpath","value":"//span[text()='Error']"}
RESULT: undefined
COMMAND: POST /session/9acbeaa92b99fefe4a7dfe42c06eba25/element - {"using":"xpath","value":"//*[@id=\"__tile101\"]"}
RESULT: {"using":"xpath","value":"//*[@id=\"__tile101\"]"}
COMMAND: POST /session/9acbeaa92b99fefe4a7dfe42c06eba25/element/f.01FBF2109C59626B32AF8377D21F3CC4.d.B515AFBB718F89349E930F76C756C68B.e.2475/click - {}
RESULT: undefined
COMMAND: POST /session/9acbeaa92b99fefe4a7dfe42c06eba25/element - {"using":"xpath","value":"//*[@id=\"__tile101\"]"}
RESULT: {"using":"xpath","value":"//*[@id=\"__tile101\"]"}
COMMAND: POST /session/9acbeaa92b99fefe4a7dfe42c06eba25/element/f.01FBF2109C59626B32AF8377D21F3CC4.d.B515AFBB718F89349E930F76C756C68B.e.2475/click - {}
RESULT: undefined
COMMAND: POST /session/9acbeaa92b99fefe4a7dfe42c06eba25/execute/async - {"script":"<script> [6424 bytes]","args":[{"element-6066-11e4-a52e-4f735466cecf":"f.01FBF2109C59626B32AF8377D21F3CC4.d.B515AFBB718F89349E930F76C756C68B.e.225"},"getTitle",[]]}
COMMAND: POST /session/9acbeaa92b99fefe4a7dfe42c06eba25/execute/async - {"script":"<script> [1562 bytes]","args":[{"selector":{"id":"shellAppTitle"},"wdio_ui5_key":"shellAppTitle"}]}
RESULT: {"script":"<script> [1562 bytes]","args":[{"selector":{"id":"shellAppTitle"},"wdio_ui5_key":"shellAppTitle"}]}
COMMAND: POST /session/9acbeaa92b99fefe4a7dfe42c06eba25/execute/async - {"script":"<script> [6424 bytes]","args":[{"element-6066-11e4-a52e-4f735466cecf":"f.01FBF2109C59626B32AF8377D21F3CC4.d.B515AFBB718F89349E930F76C756C68B.e.2509"},"getTitle",[]]}
RESULT: {"script":"<script> [6424 bytes]","args":[{"element-6066-11e4-a52e-4f735466cecf":"f.01FBF2109C59626B32AF8377D21F3CC4.d.B515AFBB718F89349E930F76C756C68B.e.2509"},"getTitle",[]]}
RESULT: undefined
COMMAND: POST /session/9acbeaa92b99fefe4a7dfe42c06eba25/element/f.01FBF2109C59626B32AF8377D21F3CC4.d.B515AFBB718F89349E930F76C756C68B.e.2473/click - {}
RESULT: {}
COMMAND: GET /session/9acbeaa92b99fefe4a7dfe42c06eba25/screenshot - {}
RESULT: {}
]]></system-out>
    </testcase>
    <testcase classname="chrome.136_0_7103_49.windows.Sanity_Tests_US104253" name="Should open RU Inventory List page" time="43.859">
      <system-out><![CDATA[
COMMAND: POST /session/9acbeaa92b99fefe4a7dfe42c06eba25/execute/async - {"script":"<script> [1562 bytes]","args":[{"selector":{"controlType":"sap.m.GenericTile","properties":{"header":"RU Inventory List"}},"wdio_ui5_key":"sapm.GenericTile{\"header\":\"RU Inventory List\"}"}]}
RESULT: {"script":"<script> [1562 bytes]","args":[{"selector":{"controlType":"sap.m.GenericTile","properties":{"header":"RU Inventory List"}},"wdio_ui5_key":"sapm.GenericTile{\"header\":\"RU Inventory List\"}"}]}
RESULT: undefined
COMMAND: POST /session/9acbeaa92b99fefe4a7dfe42c06eba25/element - {"using":"xpath","value":"//*[@id=\"__tile99\"]"}
RESULT: {"using":"xpath","value":"//*[@id=\"__tile99\"]"}
COMMAND: POST /session/9acbeaa92b99fefe4a7dfe42c06eba25/element/f.01FBF2109C59626B32AF8377D21F3CC4.d.B515AFBB718F89349E930F76C756C68B.e.2511/click - {}
RESULT: {}
COMMAND: GET /session/9acbeaa92b99fefe4a7dfe42c06eba25/screenshot - {}
RESULT: {}
COMMAND: POST /session/9acbeaa92b99fefe4a7dfe42c06eba25/elements - {"using":"xpath","value":"//span[text()='Error']"}
RESULT: {"using":"xpath","value":"//span[text()='Error']"}
RESULT: undefined
COMMAND: POST /session/9acbeaa92b99fefe4a7dfe42c06eba25/element - {"using":"xpath","value":"//*[@id=\"__tile99\"]"}
RESULT: {"using":"xpath","value":"//*[@id=\"__tile99\"]"}
COMMAND: POST /session/9acbeaa92b99fefe4a7dfe42c06eba25/element/f.01FBF2109C59626B32AF8377D21F3CC4.d.B515AFBB718F89349E930F76C756C68B.e.2511/click - {}
RESULT: undefined
COMMAND: POST /session/9acbeaa92b99fefe4a7dfe42c06eba25/element - {"using":"xpath","value":"//*[@id=\"__tile99\"]"}
RESULT: {"using":"xpath","value":"//*[@id=\"__tile99\"]"}
COMMAND: POST /session/9acbeaa92b99fefe4a7dfe42c06eba25/element/f.01FBF2109C59626B32AF8377D21F3CC4.d.B515AFBB718F89349E930F76C756C68B.e.2511/click - {}
RESULT: undefined
COMMAND: POST /session/9acbeaa92b99fefe4a7dfe42c06eba25/execute/async - {"script":"<script> [6424 bytes]","args":[{"element-6066-11e4-a52e-4f735466cecf":"f.01FBF2109C59626B32AF8377D21F3CC4.d.B515AFBB718F89349E930F76C756C68B.e.225"},"getTitle",[]]}
COMMAND: POST /session/9acbeaa92b99fefe4a7dfe42c06eba25/execute/async - {"script":"<script> [1562 bytes]","args":[{"selector":{"id":"shellAppTitle"},"wdio_ui5_key":"shellAppTitle"}]}
RESULT: {"script":"<script> [1562 bytes]","args":[{"selector":{"id":"shellAppTitle"},"wdio_ui5_key":"shellAppTitle"}]}
COMMAND: POST /session/9acbeaa92b99fefe4a7dfe42c06eba25/execute/async - {"script":"<script> [6424 bytes]","args":[{"element-6066-11e4-a52e-4f735466cecf":"f.01FBF2109C59626B32AF8377D21F3CC4.d.B515AFBB718F89349E930F76C756C68B.e.2702"},"getTitle",[]]}
RESULT: {"script":"<script> [6424 bytes]","args":[{"element-6066-11e4-a52e-4f735466cecf":"f.01FBF2109C59626B32AF8377D21F3CC4.d.B515AFBB718F89349E930F76C756C68B.e.2702"},"getTitle",[]]}
RESULT: undefined
COMMAND: POST /session/9acbeaa92b99fefe4a7dfe42c06eba25/element/f.01FBF2109C59626B32AF8377D21F3CC4.d.B515AFBB718F89349E930F76C756C68B.e.2473/click - {}
COMMAND: POST /session/9acbeaa92b99fefe4a7dfe42c06eba25/element - {"using":"xpath","value":"//*[@id=\"backBtn\"]"}
RESULT: {"using":"xpath","value":"//*[@id=\"backBtn\"]"}
COMMAND: POST /session/9acbeaa92b99fefe4a7dfe42c06eba25/element/f.01FBF2109C59626B32AF8377D21F3CC4.d.B515AFBB718F89349E930F76C756C68B.e.2473/click - {}
COMMAND: POST /session/9acbeaa92b99fefe4a7dfe42c06eba25/element - {"using":"xpath","value":"//*[@id=\"backBtn\"]"}
RESULT: {"using":"xpath","value":"//*[@id=\"backBtn\"]"}
COMMAND: POST /session/9acbeaa92b99fefe4a7dfe42c06eba25/element/f.01FBF2109C59626B32AF8377D21F3CC4.d.B515AFBB718F89349E930F76C756C68B.e.2703/click - {}
RESULT: {}
COMMAND: GET /session/9acbeaa92b99fefe4a7dfe42c06eba25/screenshot - {}
RESULT: {}
]]></system-out>
    </testcase>
    <testcase classname="chrome.136_0_7103_49.windows.Sanity_Tests_US104253" name="Should open Contracts Dashboard page" time="44.535">
      <system-out><![CDATA[
COMMAND: POST /session/9acbeaa92b99fefe4a7dfe42c06eba25/execute/async - {"script":"<script> [1562 bytes]","args":[{"selector":{"controlType":"sap.m.GenericTile","properties":{"header":"Contracts Dashboard"}},"wdio_ui5_key":"sapm.GenericTile{\"header\":\"Contracts Dashboard\"}"}]}
RESULT: {"script":"<script> [1562 bytes]","args":[{"selector":{"controlType":"sap.m.GenericTile","properties":{"header":"Contracts Dashboard"}},"wdio_ui5_key":"sapm.GenericTile{\"header\":\"Contracts Dashboard\"}"}]}
RESULT: undefined
COMMAND: POST /session/9acbeaa92b99fefe4a7dfe42c06eba25/element - {"using":"xpath","value":"//*[@id=\"__tile97\"]"}
RESULT: {"using":"xpath","value":"//*[@id=\"__tile97\"]"}
COMMAND: POST /session/9acbeaa92b99fefe4a7dfe42c06eba25/element/f.01FBF2109C59626B32AF8377D21F3CC4.d.B515AFBB718F89349E930F76C756C68B.e.2705/click - {}
RESULT: {}
COMMAND: GET /session/9acbeaa92b99fefe4a7dfe42c06eba25/screenshot - {}
RESULT: {}
COMMAND: POST /session/9acbeaa92b99fefe4a7dfe42c06eba25/elements - {"using":"xpath","value":"//span[text()='Error']"}
RESULT: {"using":"xpath","value":"//span[text()='Error']"}
RESULT: undefined
COMMAND: POST /session/9acbeaa92b99fefe4a7dfe42c06eba25/element - {"using":"xpath","value":"//*[@id=\"__tile97\"]"}
RESULT: {"using":"xpath","value":"//*[@id=\"__tile97\"]"}
COMMAND: POST /session/9acbeaa92b99fefe4a7dfe42c06eba25/element/f.01FBF2109C59626B32AF8377D21F3CC4.d.B515AFBB718F89349E930F76C756C68B.e.2705/click - {}
RESULT: undefined
COMMAND: POST /session/9acbeaa92b99fefe4a7dfe42c06eba25/element - {"using":"xpath","value":"//*[@id=\"__tile97\"]"}
RESULT: {"using":"xpath","value":"//*[@id=\"__tile97\"]"}
COMMAND: POST /session/9acbeaa92b99fefe4a7dfe42c06eba25/element/f.01FBF2109C59626B32AF8377D21F3CC4.d.B515AFBB718F89349E930F76C756C68B.e.2705/click - {}
RESULT: undefined
COMMAND: POST /session/9acbeaa92b99fefe4a7dfe42c06eba25/execute/async - {"script":"<script> [6424 bytes]","args":[{"element-6066-11e4-a52e-4f735466cecf":"f.01FBF2109C59626B32AF8377D21F3CC4.d.B515AFBB718F89349E930F76C756C68B.e.225"},"getTitle",[]]}
COMMAND: POST /session/9acbeaa92b99fefe4a7dfe42c06eba25/execute/async - {"script":"<script> [1562 bytes]","args":[{"selector":{"id":"shellAppTitle"},"wdio_ui5_key":"shellAppTitle"}]}
RESULT: {"script":"<script> [1562 bytes]","args":[{"selector":{"id":"shellAppTitle"},"wdio_ui5_key":"shellAppTitle"}]}
COMMAND: POST /session/9acbeaa92b99fefe4a7dfe42c06eba25/execute/async - {"script":"<script> [6424 bytes]","args":[{"element-6066-11e4-a52e-4f735466cecf":"f.01FBF2109C59626B32AF8377D21F3CC4.d.B515AFBB718F89349E930F76C756C68B.e.2728"},"getTitle",[]]}
RESULT: {"script":"<script> [6424 bytes]","args":[{"element-6066-11e4-a52e-4f735466cecf":"f.01FBF2109C59626B32AF8377D21F3CC4.d.B515AFBB718F89349E930F76C756C68B.e.2728"},"getTitle",[]]}
RESULT: undefined
COMMAND: POST /session/9acbeaa92b99fefe4a7dfe42c06eba25/element/f.01FBF2109C59626B32AF8377D21F3CC4.d.B515AFBB718F89349E930F76C756C68B.e.2703/click - {}
RESULT: {}
COMMAND: GET /session/9acbeaa92b99fefe4a7dfe42c06eba25/screenshot - {}
RESULT: {}
]]></system-out>
    </testcase>
    <testcase classname="chrome.136_0_7103_49.windows.Sanity_Tests_US104253" name="Should open Bin Status Report page" time="38.923">
      <system-out><![CDATA[
COMMAND: POST /session/9acbeaa92b99fefe4a7dfe42c06eba25/execute/async - {"script":"<script> [1562 bytes]","args":[{"selector":{"controlType":"sap.m.GenericTile","properties":{"header":"Bin Status Report"}},"wdio_ui5_key":"sapm.GenericTile{\"header\":\"Bin Status Report\"}"}]}
RESULT: {"script":"<script> [1562 bytes]","args":[{"selector":{"controlType":"sap.m.GenericTile","properties":{"header":"Bin Status Report"}},"wdio_ui5_key":"sapm.GenericTile{\"header\":\"Bin Status Report\"}"}]}
RESULT: undefined
COMMAND: POST /session/9acbeaa92b99fefe4a7dfe42c06eba25/element - {"using":"xpath","value":"//*[@id=\"__tile104\"]"}
RESULT: {"using":"xpath","value":"//*[@id=\"__tile104\"]"}
COMMAND: POST /session/9acbeaa92b99fefe4a7dfe42c06eba25/element/f.01FBF2109C59626B32AF8377D21F3CC4.d.B515AFBB718F89349E930F76C756C68B.e.2730/click - {}
RESULT: {}
COMMAND: GET /session/9acbeaa92b99fefe4a7dfe42c06eba25/screenshot - {}
RESULT: {}
COMMAND: POST /session/9acbeaa92b99fefe4a7dfe42c06eba25/elements - {"using":"xpath","value":"//span[text()='Error']"}
RESULT: {"using":"xpath","value":"//span[text()='Error']"}
RESULT: undefined
COMMAND: POST /session/9acbeaa92b99fefe4a7dfe42c06eba25/element - {"using":"xpath","value":"//*[@id=\"__tile104\"]"}
RESULT: {"using":"xpath","value":"//*[@id=\"__tile104\"]"}
COMMAND: POST /session/9acbeaa92b99fefe4a7dfe42c06eba25/element/f.01FBF2109C59626B32AF8377D21F3CC4.d.B515AFBB718F89349E930F76C756C68B.e.2730/click - {}
RESULT: undefined
COMMAND: POST /session/9acbeaa92b99fefe4a7dfe42c06eba25/element - {"using":"xpath","value":"//*[@id=\"__tile104\"]"}
RESULT: {"using":"xpath","value":"//*[@id=\"__tile104\"]"}
COMMAND: POST /session/9acbeaa92b99fefe4a7dfe42c06eba25/element/f.01FBF2109C59626B32AF8377D21F3CC4.d.B515AFBB718F89349E930F76C756C68B.e.2730/click - {}
RESULT: undefined
COMMAND: POST /session/9acbeaa92b99fefe4a7dfe42c06eba25/execute/async - {"script":"<script> [6424 bytes]","args":[{"element-6066-11e4-a52e-4f735466cecf":"f.01FBF2109C59626B32AF8377D21F3CC4.d.B515AFBB718F89349E930F76C756C68B.e.225"},"getTitle",[]]}
COMMAND: POST /session/9acbeaa92b99fefe4a7dfe42c06eba25/execute/async - {"script":"<script> [1562 bytes]","args":[{"selector":{"id":"shellAppTitle"},"wdio_ui5_key":"shellAppTitle"}]}
RESULT: {"script":"<script> [1562 bytes]","args":[{"selector":{"id":"shellAppTitle"},"wdio_ui5_key":"shellAppTitle"}]}
COMMAND: POST /session/9acbeaa92b99fefe4a7dfe42c06eba25/execute/async - {"script":"<script> [6424 bytes]","args":[{"element-6066-11e4-a52e-4f735466cecf":"f.01FBF2109C59626B32AF8377D21F3CC4.d.B515AFBB718F89349E930F76C756C68B.e.2822"},"getTitle",[]]}
RESULT: {"script":"<script> [6424 bytes]","args":[{"element-6066-11e4-a52e-4f735466cecf":"f.01FBF2109C59626B32AF8377D21F3CC4.d.B515AFBB718F89349E930F76C756C68B.e.2822"},"getTitle",[]]}
RESULT: undefined
COMMAND: POST /session/9acbeaa92b99fefe4a7dfe42c06eba25/element/f.01FBF2109C59626B32AF8377D21F3CC4.d.B515AFBB718F89349E930F76C756C68B.e.2703/click - {}
COMMAND: POST /session/9acbeaa92b99fefe4a7dfe42c06eba25/element - {"using":"xpath","value":"//*[@id=\"backBtn\"]"}
RESULT: {"using":"xpath","value":"//*[@id=\"backBtn\"]"}
COMMAND: POST /session/9acbeaa92b99fefe4a7dfe42c06eba25/element/f.01FBF2109C59626B32AF8377D21F3CC4.d.B515AFBB718F89349E930F76C756C68B.e.2703/click - {}
COMMAND: POST /session/9acbeaa92b99fefe4a7dfe42c06eba25/element - {"using":"xpath","value":"//*[@id=\"backBtn\"]"}
RESULT: {"using":"xpath","value":"//*[@id=\"backBtn\"]"}
COMMAND: POST /session/9acbeaa92b99fefe4a7dfe42c06eba25/element/f.01FBF2109C59626B32AF8377D21F3CC4.d.B515AFBB718F89349E930F76C756C68B.e.2823/click - {}
RESULT: {}
COMMAND: GET /session/9acbeaa92b99fefe4a7dfe42c06eba25/screenshot - {}
RESULT: {}
]]></system-out>
    </testcase>
    <testcase classname="chrome.136_0_7103_49.windows.Sanity_Tests_US104253" name="Should open Manage Warehouse Movements page" time="40.876">
      <system-out><![CDATA[
COMMAND: POST /session/9acbeaa92b99fefe4a7dfe42c06eba25/execute/async - {"script":"<script> [1562 bytes]","args":[{"selector":{"controlType":"sap.m.GenericTile","properties":{"header":"Manage Warehouse Movements"}},"wdio_ui5_key":"sapm.GenericTile{\"header\":\"Manage Warehouse Movements\"}"}]}
RESULT: {"script":"<script> [1562 bytes]","args":[{"selector":{"controlType":"sap.m.GenericTile","properties":{"header":"Manage Warehouse Movements"}},"wdio_ui5_key":"sapm.GenericTile{\"header\":\"Manage Warehouse Movements\"}"}]}
RESULT: undefined
COMMAND: POST /session/9acbeaa92b99fefe4a7dfe42c06eba25/element - {"using":"xpath","value":"//*[@id=\"__tile105\"]"}
RESULT: {"using":"xpath","value":"//*[@id=\"__tile105\"]"}
COMMAND: POST /session/9acbeaa92b99fefe4a7dfe42c06eba25/element/f.01FBF2109C59626B32AF8377D21F3CC4.d.B515AFBB718F89349E930F76C756C68B.e.2827/click - {}
RESULT: {}
COMMAND: GET /session/9acbeaa92b99fefe4a7dfe42c06eba25/screenshot - {}
RESULT: {}
COMMAND: POST /session/9acbeaa92b99fefe4a7dfe42c06eba25/elements - {"using":"xpath","value":"//span[text()='Error']"}
RESULT: {"using":"xpath","value":"//span[text()='Error']"}
RESULT: undefined
COMMAND: POST /session/9acbeaa92b99fefe4a7dfe42c06eba25/element - {"using":"xpath","value":"//*[@id=\"__tile105\"]"}
RESULT: {"using":"xpath","value":"//*[@id=\"__tile105\"]"}
COMMAND: POST /session/9acbeaa92b99fefe4a7dfe42c06eba25/element/f.01FBF2109C59626B32AF8377D21F3CC4.d.B515AFBB718F89349E930F76C756C68B.e.2827/click - {}
RESULT: undefined
COMMAND: POST /session/9acbeaa92b99fefe4a7dfe42c06eba25/element - {"using":"xpath","value":"//*[@id=\"__tile105\"]"}
RESULT: {"using":"xpath","value":"//*[@id=\"__tile105\"]"}
COMMAND: POST /session/9acbeaa92b99fefe4a7dfe42c06eba25/element/f.01FBF2109C59626B32AF8377D21F3CC4.d.B515AFBB718F89349E930F76C756C68B.e.2827/click - {}
RESULT: undefined
COMMAND: POST /session/9acbeaa92b99fefe4a7dfe42c06eba25/execute/async - {"script":"<script> [6424 bytes]","args":[{"element-6066-11e4-a52e-4f735466cecf":"f.01FBF2109C59626B32AF8377D21F3CC4.d.B515AFBB718F89349E930F76C756C68B.e.225"},"getTitle",[]]}
COMMAND: POST /session/9acbeaa92b99fefe4a7dfe42c06eba25/execute/async - {"script":"<script> [1562 bytes]","args":[{"selector":{"id":"shellAppTitle"},"wdio_ui5_key":"shellAppTitle"}]}
RESULT: {"script":"<script> [1562 bytes]","args":[{"selector":{"id":"shellAppTitle"},"wdio_ui5_key":"shellAppTitle"}]}
COMMAND: POST /session/9acbeaa92b99fefe4a7dfe42c06eba25/execute/async - {"script":"<script> [6424 bytes]","args":[{"element-6066-11e4-a52e-4f735466cecf":"f.01FBF2109C59626B32AF8377D21F3CC4.d.B515AFBB718F89349E930F76C756C68B.e.2898"},"getTitle",[]]}
RESULT: {"script":"<script> [6424 bytes]","args":[{"element-6066-11e4-a52e-4f735466cecf":"f.01FBF2109C59626B32AF8377D21F3CC4.d.B515AFBB718F89349E930F76C756C68B.e.2898"},"getTitle",[]]}
RESULT: undefined
COMMAND: POST /session/9acbeaa92b99fefe4a7dfe42c06eba25/element/f.01FBF2109C59626B32AF8377D21F3CC4.d.B515AFBB718F89349E930F76C756C68B.e.2823/click - {}
RESULT: {}
COMMAND: GET /session/9acbeaa92b99fefe4a7dfe42c06eba25/screenshot - {}
RESULT: {}
]]></system-out>
    </testcase>
    <testcase classname="chrome.136_0_7103_49.windows.Sanity_Tests_US104253" name="Should open Bin Inventory List page" time="38.46">
      <system-out><![CDATA[
COMMAND: POST /session/9acbeaa92b99fefe4a7dfe42c06eba25/execute/async - {"script":"<script> [1562 bytes]","args":[{"selector":{"controlType":"sap.m.GenericTile","properties":{"header":"Bin Inventory List"}},"wdio_ui5_key":"sapm.GenericTile{\"header\":\"Bin Inventory List\"}"}]}
RESULT: {"script":"<script> [1562 bytes]","args":[{"selector":{"controlType":"sap.m.GenericTile","properties":{"header":"Bin Inventory List"}},"wdio_ui5_key":"sapm.GenericTile{\"header\":\"Bin Inventory List\"}"}]}
RESULT: undefined
COMMAND: POST /session/9acbeaa92b99fefe4a7dfe42c06eba25/element - {"using":"xpath","value":"//*[@id=\"__tile103\"]"}
RESULT: {"using":"xpath","value":"//*[@id=\"__tile103\"]"}
COMMAND: POST /session/9acbeaa92b99fefe4a7dfe42c06eba25/element/f.01FBF2109C59626B32AF8377D21F3CC4.d.B515AFBB718F89349E930F76C756C68B.e.2901/click - {}
RESULT: {}
COMMAND: GET /session/9acbeaa92b99fefe4a7dfe42c06eba25/screenshot - {}
RESULT: {}
COMMAND: POST /session/9acbeaa92b99fefe4a7dfe42c06eba25/elements - {"using":"xpath","value":"//span[text()='Error']"}
RESULT: {"using":"xpath","value":"//span[text()='Error']"}
RESULT: undefined
COMMAND: POST /session/9acbeaa92b99fefe4a7dfe42c06eba25/element - {"using":"xpath","value":"//*[@id=\"__tile103\"]"}
RESULT: {"using":"xpath","value":"//*[@id=\"__tile103\"]"}
COMMAND: POST /session/9acbeaa92b99fefe4a7dfe42c06eba25/element/f.01FBF2109C59626B32AF8377D21F3CC4.d.B515AFBB718F89349E930F76C756C68B.e.2901/click - {}
RESULT: undefined
COMMAND: POST /session/9acbeaa92b99fefe4a7dfe42c06eba25/element - {"using":"xpath","value":"//*[@id=\"__tile103\"]"}
RESULT: {"using":"xpath","value":"//*[@id=\"__tile103\"]"}
COMMAND: POST /session/9acbeaa92b99fefe4a7dfe42c06eba25/element/f.01FBF2109C59626B32AF8377D21F3CC4.d.B515AFBB718F89349E930F76C756C68B.e.2901/click - {}
RESULT: undefined
COMMAND: POST /session/9acbeaa92b99fefe4a7dfe42c06eba25/execute/async - {"script":"<script> [6424 bytes]","args":[{"element-6066-11e4-a52e-4f735466cecf":"f.01FBF2109C59626B32AF8377D21F3CC4.d.B515AFBB718F89349E930F76C756C68B.e.225"},"getTitle",[]]}
COMMAND: POST /session/9acbeaa92b99fefe4a7dfe42c06eba25/execute/async - {"script":"<script> [1562 bytes]","args":[{"selector":{"id":"shellAppTitle"},"wdio_ui5_key":"shellAppTitle"}]}
RESULT: {"script":"<script> [1562 bytes]","args":[{"selector":{"id":"shellAppTitle"},"wdio_ui5_key":"shellAppTitle"}]}
COMMAND: POST /session/9acbeaa92b99fefe4a7dfe42c06eba25/execute/async - {"script":"<script> [6424 bytes]","args":[{"element-6066-11e4-a52e-4f735466cecf":"f.01FBF2109C59626B32AF8377D21F3CC4.d.B515AFBB718F89349E930F76C756C68B.e.2986"},"getTitle",[]]}
RESULT: {"script":"<script> [6424 bytes]","args":[{"element-6066-11e4-a52e-4f735466cecf":"f.01FBF2109C59626B32AF8377D21F3CC4.d.B515AFBB718F89349E930F76C756C68B.e.2986"},"getTitle",[]]}
RESULT: undefined
COMMAND: POST /session/9acbeaa92b99fefe4a7dfe42c06eba25/element/f.01FBF2109C59626B32AF8377D21F3CC4.d.B515AFBB718F89349E930F76C756C68B.e.2823/click - {}
COMMAND: POST /session/9acbeaa92b99fefe4a7dfe42c06eba25/element - {"using":"xpath","value":"//*[@id=\"backBtn\"]"}
RESULT: {"using":"xpath","value":"//*[@id=\"backBtn\"]"}
COMMAND: POST /session/9acbeaa92b99fefe4a7dfe42c06eba25/element/f.01FBF2109C59626B32AF8377D21F3CC4.d.B515AFBB718F89349E930F76C756C68B.e.2823/click - {}
COMMAND: POST /session/9acbeaa92b99fefe4a7dfe42c06eba25/element - {"using":"xpath","value":"//*[@id=\"backBtn\"]"}
RESULT: {"using":"xpath","value":"//*[@id=\"backBtn\"]"}
COMMAND: POST /session/9acbeaa92b99fefe4a7dfe42c06eba25/element/f.01FBF2109C59626B32AF8377D21F3CC4.d.B515AFBB718F89349E930F76C756C68B.e.2987/click - {}
RESULT: {}
COMMAND: GET /session/9acbeaa92b99fefe4a7dfe42c06eba25/screenshot - {}
RESULT: {}
]]></system-out>
    </testcase>
    <testcase classname="chrome.136_0_7103_49.windows.Sanity_Tests_US104253" name="Should open ISC Templates page" time="38.847">
      <system-out><![CDATA[
COMMAND: POST /session/9acbeaa92b99fefe4a7dfe42c06eba25/execute/async - {"script":"<script> [1562 bytes]","args":[{"selector":{"controlType":"sap.m.GenericTile","properties":{"header":"ISC Templates"}},"wdio_ui5_key":"sapm.GenericTile{\"header\":\"ISC Templates\"}"}]}
RESULT: {"script":"<script> [1562 bytes]","args":[{"selector":{"controlType":"sap.m.GenericTile","properties":{"header":"ISC Templates"}},"wdio_ui5_key":"sapm.GenericTile{\"header\":\"ISC Templates\"}"}]}
RESULT: undefined
COMMAND: POST /session/9acbeaa92b99fefe4a7dfe42c06eba25/element - {"using":"xpath","value":"//*[@id=\"__tile111\"]"}
RESULT: {"using":"xpath","value":"//*[@id=\"__tile111\"]"}
COMMAND: POST /session/9acbeaa92b99fefe4a7dfe42c06eba25/element/f.01FBF2109C59626B32AF8377D21F3CC4.d.B515AFBB718F89349E930F76C756C68B.e.110/click - {}
RESULT: {}
COMMAND: GET /session/9acbeaa92b99fefe4a7dfe42c06eba25/screenshot - {}
RESULT: {}
COMMAND: POST /session/9acbeaa92b99fefe4a7dfe42c06eba25/elements - {"using":"xpath","value":"//span[text()='Error']"}
RESULT: {"using":"xpath","value":"//span[text()='Error']"}
RESULT: undefined
COMMAND: POST /session/9acbeaa92b99fefe4a7dfe42c06eba25/element - {"using":"xpath","value":"//*[@id=\"__tile111\"]"}
RESULT: {"using":"xpath","value":"//*[@id=\"__tile111\"]"}
COMMAND: POST /session/9acbeaa92b99fefe4a7dfe42c06eba25/element/f.01FBF2109C59626B32AF8377D21F3CC4.d.B515AFBB718F89349E930F76C756C68B.e.110/click - {}
RESULT: undefined
COMMAND: POST /session/9acbeaa92b99fefe4a7dfe42c06eba25/element - {"using":"xpath","value":"//*[@id=\"__tile111\"]"}
RESULT: {"using":"xpath","value":"//*[@id=\"__tile111\"]"}
COMMAND: POST /session/9acbeaa92b99fefe4a7dfe42c06eba25/element/f.01FBF2109C59626B32AF8377D21F3CC4.d.B515AFBB718F89349E930F76C756C68B.e.110/click - {}
RESULT: undefined
COMMAND: POST /session/9acbeaa92b99fefe4a7dfe42c06eba25/execute/async - {"script":"<script> [6424 bytes]","args":[{"element-6066-11e4-a52e-4f735466cecf":"f.01FBF2109C59626B32AF8377D21F3CC4.d.B515AFBB718F89349E930F76C756C68B.e.225"},"getTitle",[]]}
COMMAND: POST /session/9acbeaa92b99fefe4a7dfe42c06eba25/execute/async - {"script":"<script> [1562 bytes]","args":[{"selector":{"id":"shellAppTitle"},"wdio_ui5_key":"shellAppTitle"}]}
RESULT: {"script":"<script> [1562 bytes]","args":[{"selector":{"id":"shellAppTitle"},"wdio_ui5_key":"shellAppTitle"}]}
COMMAND: POST /session/9acbeaa92b99fefe4a7dfe42c06eba25/execute/async - {"script":"<script> [6424 bytes]","args":[{"element-6066-11e4-a52e-4f735466cecf":"f.01FBF2109C59626B32AF8377D21F3CC4.d.B515AFBB718F89349E930F76C756C68B.e.3055"},"getTitle",[]]}
RESULT: {"script":"<script> [6424 bytes]","args":[{"element-6066-11e4-a52e-4f735466cecf":"f.01FBF2109C59626B32AF8377D21F3CC4.d.B515AFBB718F89349E930F76C756C68B.e.3055"},"getTitle",[]]}
RESULT: undefined
COMMAND: POST /session/9acbeaa92b99fefe4a7dfe42c06eba25/element/f.01FBF2109C59626B32AF8377D21F3CC4.d.B515AFBB718F89349E930F76C756C68B.e.2987/click - {}
RESULT: {}
COMMAND: GET /session/9acbeaa92b99fefe4a7dfe42c06eba25/screenshot - {}
RESULT: {}
]]></system-out>
    </testcase>
    <testcase classname="chrome.136_0_7103_49.windows.Sanity_Tests_US104253" name="Should open ISC Schedules page" time="38.026">
      <system-out><![CDATA[
COMMAND: POST /session/9acbeaa92b99fefe4a7dfe42c06eba25/execute/async - {"script":"<script> [1562 bytes]","args":[{"selector":{"controlType":"sap.m.GenericTile","properties":{"header":"ISC Schedules"}},"wdio_ui5_key":"sapm.GenericTile{\"header\":\"ISC Schedules\"}"}]}
RESULT: {"script":"<script> [1562 bytes]","args":[{"selector":{"controlType":"sap.m.GenericTile","properties":{"header":"ISC Schedules"}},"wdio_ui5_key":"sapm.GenericTile{\"header\":\"ISC Schedules\"}"}]}
RESULT: undefined
COMMAND: POST /session/9acbeaa92b99fefe4a7dfe42c06eba25/element - {"using":"xpath","value":"//*[@id=\"__tile109\"]"}
RESULT: {"using":"xpath","value":"//*[@id=\"__tile109\"]"}
COMMAND: POST /session/9acbeaa92b99fefe4a7dfe42c06eba25/element/f.01FBF2109C59626B32AF8377D21F3CC4.d.B515AFBB718F89349E930F76C756C68B.e.3058/click - {}
RESULT: {}
COMMAND: GET /session/9acbeaa92b99fefe4a7dfe42c06eba25/screenshot - {}
RESULT: {}
COMMAND: POST /session/9acbeaa92b99fefe4a7dfe42c06eba25/elements - {"using":"xpath","value":"//span[text()='Error']"}
RESULT: {"using":"xpath","value":"//span[text()='Error']"}
RESULT: undefined
COMMAND: POST /session/9acbeaa92b99fefe4a7dfe42c06eba25/element - {"using":"xpath","value":"//*[@id=\"__tile109\"]"}
RESULT: {"using":"xpath","value":"//*[@id=\"__tile109\"]"}
COMMAND: POST /session/9acbeaa92b99fefe4a7dfe42c06eba25/element/f.01FBF2109C59626B32AF8377D21F3CC4.d.B515AFBB718F89349E930F76C756C68B.e.3058/click - {}
RESULT: undefined
COMMAND: POST /session/9acbeaa92b99fefe4a7dfe42c06eba25/element - {"using":"xpath","value":"//*[@id=\"__tile109\"]"}
RESULT: {"using":"xpath","value":"//*[@id=\"__tile109\"]"}
COMMAND: POST /session/9acbeaa92b99fefe4a7dfe42c06eba25/element/f.01FBF2109C59626B32AF8377D21F3CC4.d.B515AFBB718F89349E930F76C756C68B.e.3058/click - {}
RESULT: undefined
COMMAND: POST /session/9acbeaa92b99fefe4a7dfe42c06eba25/execute/async - {"script":"<script> [6424 bytes]","args":[{"element-6066-11e4-a52e-4f735466cecf":"f.01FBF2109C59626B32AF8377D21F3CC4.d.B515AFBB718F89349E930F76C756C68B.e.225"},"getTitle",[]]}
COMMAND: POST /session/9acbeaa92b99fefe4a7dfe42c06eba25/execute/async - {"script":"<script> [1562 bytes]","args":[{"selector":{"id":"shellAppTitle"},"wdio_ui5_key":"shellAppTitle"}]}
RESULT: {"script":"<script> [1562 bytes]","args":[{"selector":{"id":"shellAppTitle"},"wdio_ui5_key":"shellAppTitle"}]}
COMMAND: POST /session/9acbeaa92b99fefe4a7dfe42c06eba25/execute/async - {"script":"<script> [6424 bytes]","args":[{"element-6066-11e4-a52e-4f735466cecf":"f.01FBF2109C59626B32AF8377D21F3CC4.d.B515AFBB718F89349E930F76C756C68B.e.3133"},"getTitle",[]]}
RESULT: {"script":"<script> [6424 bytes]","args":[{"element-6066-11e4-a52e-4f735466cecf":"f.01FBF2109C59626B32AF8377D21F3CC4.d.B515AFBB718F89349E930F76C756C68B.e.3133"},"getTitle",[]]}
RESULT: undefined
COMMAND: POST /session/9acbeaa92b99fefe4a7dfe42c06eba25/element/f.01FBF2109C59626B32AF8377D21F3CC4.d.B515AFBB718F89349E930F76C756C68B.e.2987/click - {}
COMMAND: POST /session/9acbeaa92b99fefe4a7dfe42c06eba25/element - {"using":"xpath","value":"//*[@id=\"backBtn\"]"}
RESULT: {"using":"xpath","value":"//*[@id=\"backBtn\"]"}
COMMAND: POST /session/9acbeaa92b99fefe4a7dfe42c06eba25/element/f.01FBF2109C59626B32AF8377D21F3CC4.d.B515AFBB718F89349E930F76C756C68B.e.2987/click - {}
COMMAND: POST /session/9acbeaa92b99fefe4a7dfe42c06eba25/element - {"using":"xpath","value":"//*[@id=\"backBtn\"]"}
RESULT: {"using":"xpath","value":"//*[@id=\"backBtn\"]"}
COMMAND: POST /session/9acbeaa92b99fefe4a7dfe42c06eba25/element/f.01FBF2109C59626B32AF8377D21F3CC4.d.B515AFBB718F89349E930F76C756C68B.e.3134/click - {}
RESULT: {}
COMMAND: GET /session/9acbeaa92b99fefe4a7dfe42c06eba25/screenshot - {}
RESULT: {}
]]></system-out>
    </testcase>
    <testcase classname="chrome.136_0_7103_49.windows.Sanity_Tests_US104253" name="Should open ISC Dashboard page" time="42.954">
      <system-out><![CDATA[
COMMAND: POST /session/9acbeaa92b99fefe4a7dfe42c06eba25/execute/async - {"script":"<script> [1562 bytes]","args":[{"selector":{"controlType":"sap.m.GenericTile","properties":{"header":"ISC Dashboard"}},"wdio_ui5_key":"sapm.GenericTile{\"header\":\"ISC Dashboard\"}"}]}
RESULT: {"script":"<script> [1562 bytes]","args":[{"selector":{"controlType":"sap.m.GenericTile","properties":{"header":"ISC Dashboard"}},"wdio_ui5_key":"sapm.GenericTile{\"header\":\"ISC Dashboard\"}"}]}
RESULT: undefined
COMMAND: POST /session/9acbeaa92b99fefe4a7dfe42c06eba25/element - {"using":"xpath","value":"//*[@id=\"__tile106\"]"}
RESULT: {"using":"xpath","value":"//*[@id=\"__tile106\"]"}
COMMAND: POST /session/9acbeaa92b99fefe4a7dfe42c06eba25/element/f.01FBF2109C59626B32AF8377D21F3CC4.d.B515AFBB718F89349E930F76C756C68B.e.3136/click - {}
RESULT: {}
COMMAND: GET /session/9acbeaa92b99fefe4a7dfe42c06eba25/screenshot - {}
RESULT: {}
COMMAND: POST /session/9acbeaa92b99fefe4a7dfe42c06eba25/elements - {"using":"xpath","value":"//span[text()='Error']"}
RESULT: {"using":"xpath","value":"//span[text()='Error']"}
RESULT: undefined
COMMAND: POST /session/9acbeaa92b99fefe4a7dfe42c06eba25/element - {"using":"xpath","value":"//*[@id=\"__tile106\"]"}
RESULT: {"using":"xpath","value":"//*[@id=\"__tile106\"]"}
COMMAND: POST /session/9acbeaa92b99fefe4a7dfe42c06eba25/element/f.01FBF2109C59626B32AF8377D21F3CC4.d.B515AFBB718F89349E930F76C756C68B.e.3136/click - {}
RESULT: undefined
COMMAND: POST /session/9acbeaa92b99fefe4a7dfe42c06eba25/element - {"using":"xpath","value":"//*[@id=\"__tile106\"]"}
RESULT: {"using":"xpath","value":"//*[@id=\"__tile106\"]"}
COMMAND: POST /session/9acbeaa92b99fefe4a7dfe42c06eba25/element/f.01FBF2109C59626B32AF8377D21F3CC4.d.B515AFBB718F89349E930F76C756C68B.e.3136/click - {}
RESULT: undefined
COMMAND: POST /session/9acbeaa92b99fefe4a7dfe42c06eba25/execute/async - {"script":"<script> [6424 bytes]","args":[{"element-6066-11e4-a52e-4f735466cecf":"f.01FBF2109C59626B32AF8377D21F3CC4.d.B515AFBB718F89349E930F76C756C68B.e.225"},"getTitle",[]]}
COMMAND: POST /session/9acbeaa92b99fefe4a7dfe42c06eba25/execute/async - {"script":"<script> [1562 bytes]","args":[{"selector":{"id":"shellAppTitle"},"wdio_ui5_key":"shellAppTitle"}]}
RESULT: {"script":"<script> [1562 bytes]","args":[{"selector":{"id":"shellAppTitle"},"wdio_ui5_key":"shellAppTitle"}]}
COMMAND: POST /session/9acbeaa92b99fefe4a7dfe42c06eba25/execute/async - {"script":"<script> [6424 bytes]","args":[{"element-6066-11e4-a52e-4f735466cecf":"f.01FBF2109C59626B32AF8377D21F3CC4.d.B515AFBB718F89349E930F76C756C68B.e.3267"},"getTitle",[]]}
RESULT: {"script":"<script> [6424 bytes]","args":[{"element-6066-11e4-a52e-4f735466cecf":"f.01FBF2109C59626B32AF8377D21F3CC4.d.B515AFBB718F89349E930F76C756C68B.e.3267"},"getTitle",[]]}
RESULT: undefined
COMMAND: POST /session/9acbeaa92b99fefe4a7dfe42c06eba25/element/f.01FBF2109C59626B32AF8377D21F3CC4.d.B515AFBB718F89349E930F76C756C68B.e.3134/click - {}
RESULT: {}
COMMAND: GET /session/9acbeaa92b99fefe4a7dfe42c06eba25/screenshot - {}
RESULT: {}
]]></system-out>
    </testcase>
    <testcase classname="chrome.136_0_7103_49.windows.Sanity_Tests_US104253" name="Should open ISC Orders page" time="36.398">
      <system-out><![CDATA[
COMMAND: POST /session/9acbeaa92b99fefe4a7dfe42c06eba25/execute/async - {"script":"<script> [1562 bytes]","args":[{"selector":{"controlType":"sap.m.GenericTile","properties":{"header":"ISC Orders"}},"wdio_ui5_key":"sapm.GenericTile{\"header\":\"ISC Orders\"}"}]}
RESULT: {"script":"<script> [1562 bytes]","args":[{"selector":{"controlType":"sap.m.GenericTile","properties":{"header":"ISC Orders"}},"wdio_ui5_key":"sapm.GenericTile{\"header\":\"ISC Orders\"}"}]}
RESULT: undefined
COMMAND: POST /session/9acbeaa92b99fefe4a7dfe42c06eba25/element - {"using":"xpath","value":"//*[@id=\"__tile108\"]"}
RESULT: {"using":"xpath","value":"//*[@id=\"__tile108\"]"}
COMMAND: POST /session/9acbeaa92b99fefe4a7dfe42c06eba25/element/f.01FBF2109C59626B32AF8377D21F3CC4.d.B515AFBB718F89349E930F76C756C68B.e.3269/click - {}
RESULT: {}
COMMAND: GET /session/9acbeaa92b99fefe4a7dfe42c06eba25/screenshot - {}
RESULT: {}
COMMAND: POST /session/9acbeaa92b99fefe4a7dfe42c06eba25/elements - {"using":"xpath","value":"//span[text()='Error']"}
RESULT: {"using":"xpath","value":"//span[text()='Error']"}
RESULT: undefined
COMMAND: POST /session/9acbeaa92b99fefe4a7dfe42c06eba25/element - {"using":"xpath","value":"//*[@id=\"__tile108\"]"}
RESULT: {"using":"xpath","value":"//*[@id=\"__tile108\"]"}
COMMAND: POST /session/9acbeaa92b99fefe4a7dfe42c06eba25/element/f.01FBF2109C59626B32AF8377D21F3CC4.d.B515AFBB718F89349E930F76C756C68B.e.3269/click - {}
RESULT: undefined
COMMAND: POST /session/9acbeaa92b99fefe4a7dfe42c06eba25/element - {"using":"xpath","value":"//*[@id=\"__tile108\"]"}
RESULT: {"using":"xpath","value":"//*[@id=\"__tile108\"]"}
COMMAND: POST /session/9acbeaa92b99fefe4a7dfe42c06eba25/element/f.01FBF2109C59626B32AF8377D21F3CC4.d.B515AFBB718F89349E930F76C756C68B.e.3269/click - {}
RESULT: undefined
COMMAND: POST /session/9acbeaa92b99fefe4a7dfe42c06eba25/execute/async - {"script":"<script> [6424 bytes]","args":[{"element-6066-11e4-a52e-4f735466cecf":"f.01FBF2109C59626B32AF8377D21F3CC4.d.B515AFBB718F89349E930F76C756C68B.e.225"},"getTitle",[]]}
COMMAND: POST /session/9acbeaa92b99fefe4a7dfe42c06eba25/execute/async - {"script":"<script> [1562 bytes]","args":[{"selector":{"id":"shellAppTitle"},"wdio_ui5_key":"shellAppTitle"}]}
RESULT: {"script":"<script> [1562 bytes]","args":[{"selector":{"id":"shellAppTitle"},"wdio_ui5_key":"shellAppTitle"}]}
COMMAND: POST /session/9acbeaa92b99fefe4a7dfe42c06eba25/execute/async - {"script":"<script> [6424 bytes]","args":[{"element-6066-11e4-a52e-4f735466cecf":"f.01FBF2109C59626B32AF8377D21F3CC4.d.B515AFBB718F89349E930F76C756C68B.e.3387"},"getTitle",[]]}
RESULT: {"script":"<script> [6424 bytes]","args":[{"element-6066-11e4-a52e-4f735466cecf":"f.01FBF2109C59626B32AF8377D21F3CC4.d.B515AFBB718F89349E930F76C756C68B.e.3387"},"getTitle",[]]}
RESULT: undefined
COMMAND: POST /session/9acbeaa92b99fefe4a7dfe42c06eba25/element/f.01FBF2109C59626B32AF8377D21F3CC4.d.B515AFBB718F89349E930F76C756C68B.e.3134/click - {}
COMMAND: POST /session/9acbeaa92b99fefe4a7dfe42c06eba25/element - {"using":"xpath","value":"//*[@id=\"backBtn\"]"}
RESULT: {"using":"xpath","value":"//*[@id=\"backBtn\"]"}
COMMAND: POST /session/9acbeaa92b99fefe4a7dfe42c06eba25/element/f.01FBF2109C59626B32AF8377D21F3CC4.d.B515AFBB718F89349E930F76C756C68B.e.3134/click - {}
COMMAND: POST /session/9acbeaa92b99fefe4a7dfe42c06eba25/element - {"using":"xpath","value":"//*[@id=\"backBtn\"]"}
RESULT: {"using":"xpath","value":"//*[@id=\"backBtn\"]"}
COMMAND: POST /session/9acbeaa92b99fefe4a7dfe42c06eba25/element/f.01FBF2109C59626B32AF8377D21F3CC4.d.B515AFBB718F89349E930F76C756C68B.e.3388/click - {}
RESULT: {}
COMMAND: GET /session/9acbeaa92b99fefe4a7dfe42c06eba25/screenshot - {}
RESULT: {}
]]></system-out>
    </testcase>
    <testcase classname="chrome.136_0_7103_49.windows.Sanity_Tests_US104253" name="Should open ISC Tasks page" time="38.456">
      <system-out><![CDATA[
COMMAND: POST /session/9acbeaa92b99fefe4a7dfe42c06eba25/execute/async - {"script":"<script> [1562 bytes]","args":[{"selector":{"controlType":"sap.m.GenericTile","properties":{"header":"ISC Tasks"}},"wdio_ui5_key":"sapm.GenericTile{\"header\":\"ISC Tasks\"}"}]}
RESULT: {"script":"<script> [1562 bytes]","args":[{"selector":{"controlType":"sap.m.GenericTile","properties":{"header":"ISC Tasks"}},"wdio_ui5_key":"sapm.GenericTile{\"header\":\"ISC Tasks\"}"}]}
RESULT: undefined
COMMAND: POST /session/9acbeaa92b99fefe4a7dfe42c06eba25/element - {"using":"xpath","value":"//*[@id=\"__tile110\"]"}
RESULT: {"using":"xpath","value":"//*[@id=\"__tile110\"]"}
COMMAND: POST /session/9acbeaa92b99fefe4a7dfe42c06eba25/element/f.01FBF2109C59626B32AF8377D21F3CC4.d.B515AFBB718F89349E930F76C756C68B.e.3390/click - {}
RESULT: {}
COMMAND: GET /session/9acbeaa92b99fefe4a7dfe42c06eba25/screenshot - {}
RESULT: {}
COMMAND: POST /session/9acbeaa92b99fefe4a7dfe42c06eba25/elements - {"using":"xpath","value":"//span[text()='Error']"}
RESULT: {"using":"xpath","value":"//span[text()='Error']"}
RESULT: undefined
COMMAND: POST /session/9acbeaa92b99fefe4a7dfe42c06eba25/element - {"using":"xpath","value":"//*[@id=\"__tile110\"]"}
RESULT: {"using":"xpath","value":"//*[@id=\"__tile110\"]"}
COMMAND: POST /session/9acbeaa92b99fefe4a7dfe42c06eba25/element/f.01FBF2109C59626B32AF8377D21F3CC4.d.B515AFBB718F89349E930F76C756C68B.e.3390/click - {}
RESULT: undefined
COMMAND: POST /session/9acbeaa92b99fefe4a7dfe42c06eba25/element - {"using":"xpath","value":"//*[@id=\"__tile110\"]"}
RESULT: {"using":"xpath","value":"//*[@id=\"__tile110\"]"}
COMMAND: POST /session/9acbeaa92b99fefe4a7dfe42c06eba25/element/f.01FBF2109C59626B32AF8377D21F3CC4.d.B515AFBB718F89349E930F76C756C68B.e.3390/click - {}
RESULT: undefined
COMMAND: POST /session/9acbeaa92b99fefe4a7dfe42c06eba25/execute/async - {"script":"<script> [6424 bytes]","args":[{"element-6066-11e4-a52e-4f735466cecf":"f.01FBF2109C59626B32AF8377D21F3CC4.d.B515AFBB718F89349E930F76C756C68B.e.225"},"getTitle",[]]}
COMMAND: POST /session/9acbeaa92b99fefe4a7dfe42c06eba25/execute/async - {"script":"<script> [1562 bytes]","args":[{"selector":{"id":"shellAppTitle"},"wdio_ui5_key":"shellAppTitle"}]}
RESULT: {"script":"<script> [1562 bytes]","args":[{"selector":{"id":"shellAppTitle"},"wdio_ui5_key":"shellAppTitle"}]}
COMMAND: POST /session/9acbeaa92b99fefe4a7dfe42c06eba25/execute/async - {"script":"<script> [6424 bytes]","args":[{"element-6066-11e4-a52e-4f735466cecf":"f.01FBF2109C59626B32AF8377D21F3CC4.d.B515AFBB718F89349E930F76C756C68B.e.3473"},"getTitle",[]]}
RESULT: {"script":"<script> [6424 bytes]","args":[{"element-6066-11e4-a52e-4f735466cecf":"f.01FBF2109C59626B32AF8377D21F3CC4.d.B515AFBB718F89349E930F76C756C68B.e.3473"},"getTitle",[]]}
RESULT: undefined
COMMAND: POST /session/9acbeaa92b99fefe4a7dfe42c06eba25/element/f.01FBF2109C59626B32AF8377D21F3CC4.d.B515AFBB718F89349E930F76C756C68B.e.3388/click - {}
RESULT: {}
COMMAND: GET /session/9acbeaa92b99fefe4a7dfe42c06eba25/screenshot - {}
RESULT: {}
]]></system-out>
    </testcase>
    <testcase classname="chrome.136_0_7103_49.windows.Sanity_Tests_US104253" name="Should open Manage Resource Logbook page" time="40.853">
      <system-out><![CDATA[
COMMAND: POST /session/9acbeaa92b99fefe4a7dfe42c06eba25/execute/async - {"script":"<script> [1562 bytes]","args":[{"selector":{"controlType":"sap.m.GenericTile","properties":{"header":"Manage Resource Logbook"}},"wdio_ui5_key":"sapm.GenericTile{\"header\":\"Manage Resource Logbook\"}"}]}
RESULT: {"script":"<script> [1562 bytes]","args":[{"selector":{"controlType":"sap.m.GenericTile","properties":{"header":"Manage Resource Logbook"}},"wdio_ui5_key":"sapm.GenericTile{\"header\":\"Manage Resource Logbook\"}"}]}
RESULT: undefined
COMMAND: POST /session/9acbeaa92b99fefe4a7dfe42c06eba25/element - {"using":"xpath","value":"//*[@id=\"__tile113\"]"}
RESULT: {"using":"xpath","value":"//*[@id=\"__tile113\"]"}
COMMAND: POST /session/9acbeaa92b99fefe4a7dfe42c06eba25/element/f.01FBF2109C59626B32AF8377D21F3CC4.d.B515AFBB718F89349E930F76C756C68B.e.3475/click - {}
RESULT: {}
COMMAND: GET /session/9acbeaa92b99fefe4a7dfe42c06eba25/screenshot - {}
RESULT: {}
COMMAND: POST /session/9acbeaa92b99fefe4a7dfe42c06eba25/elements - {"using":"xpath","value":"//span[text()='Error']"}
RESULT: {"using":"xpath","value":"//span[text()='Error']"}
RESULT: undefined
COMMAND: POST /session/9acbeaa92b99fefe4a7dfe42c06eba25/element - {"using":"xpath","value":"//*[@id=\"__tile113\"]"}
RESULT: {"using":"xpath","value":"//*[@id=\"__tile113\"]"}
COMMAND: POST /session/9acbeaa92b99fefe4a7dfe42c06eba25/element/f.01FBF2109C59626B32AF8377D21F3CC4.d.B515AFBB718F89349E930F76C756C68B.e.3475/click - {}
RESULT: undefined
COMMAND: POST /session/9acbeaa92b99fefe4a7dfe42c06eba25/element - {"using":"xpath","value":"//*[@id=\"__tile113\"]"}
RESULT: {"using":"xpath","value":"//*[@id=\"__tile113\"]"}
COMMAND: POST /session/9acbeaa92b99fefe4a7dfe42c06eba25/element/f.01FBF2109C59626B32AF8377D21F3CC4.d.B515AFBB718F89349E930F76C756C68B.e.3475/click - {}
RESULT: undefined
COMMAND: POST /session/9acbeaa92b99fefe4a7dfe42c06eba25/execute/async - {"script":"<script> [6424 bytes]","args":[{"element-6066-11e4-a52e-4f735466cecf":"f.01FBF2109C59626B32AF8377D21F3CC4.d.B515AFBB718F89349E930F76C756C68B.e.225"},"getTitle",[]]}
COMMAND: POST /session/9acbeaa92b99fefe4a7dfe42c06eba25/execute/async - {"script":"<script> [1562 bytes]","args":[{"selector":{"id":"shellAppTitle"},"wdio_ui5_key":"shellAppTitle"}]}
RESULT: {"script":"<script> [1562 bytes]","args":[{"selector":{"id":"shellAppTitle"},"wdio_ui5_key":"shellAppTitle"}]}
COMMAND: POST /session/9acbeaa92b99fefe4a7dfe42c06eba25/execute/async - {"script":"<script> [6424 bytes]","args":[{"element-6066-11e4-a52e-4f735466cecf":"f.01FBF2109C59626B32AF8377D21F3CC4.d.B515AFBB718F89349E930F76C756C68B.e.3571"},"getTitle",[]]}
RESULT: {"script":"<script> [6424 bytes]","args":[{"element-6066-11e4-a52e-4f735466cecf":"f.01FBF2109C59626B32AF8377D21F3CC4.d.B515AFBB718F89349E930F76C756C68B.e.3571"},"getTitle",[]]}
RESULT: undefined
COMMAND: POST /session/9acbeaa92b99fefe4a7dfe42c06eba25/element/f.01FBF2109C59626B32AF8377D21F3CC4.d.B515AFBB718F89349E930F76C756C68B.e.3388/click - {}
COMMAND: POST /session/9acbeaa92b99fefe4a7dfe42c06eba25/element - {"using":"xpath","value":"//*[@id=\"backBtn\"]"}
RESULT: {"using":"xpath","value":"//*[@id=\"backBtn\"]"}
COMMAND: POST /session/9acbeaa92b99fefe4a7dfe42c06eba25/element/f.01FBF2109C59626B32AF8377D21F3CC4.d.B515AFBB718F89349E930F76C756C68B.e.3388/click - {}
COMMAND: POST /session/9acbeaa92b99fefe4a7dfe42c06eba25/element - {"using":"xpath","value":"//*[@id=\"backBtn\"]"}
RESULT: {"using":"xpath","value":"//*[@id=\"backBtn\"]"}
COMMAND: POST /session/9acbeaa92b99fefe4a7dfe42c06eba25/element/f.01FBF2109C59626B32AF8377D21F3CC4.d.B515AFBB718F89349E930F76C756C68B.e.3572/click - {}
RESULT: {}
COMMAND: GET /session/9acbeaa92b99fefe4a7dfe42c06eba25/screenshot - {}
RESULT: {}
]]></system-out>
    </testcase>
    <testcase classname="chrome.136_0_7103_49.windows.Sanity_Tests_US104253" name="Should open Manage Logbook page" time="38.513">
      <system-out><![CDATA[
COMMAND: POST /session/9acbeaa92b99fefe4a7dfe42c06eba25/execute/async - {"script":"<script> [1562 bytes]","args":[{"selector":{"controlType":"sap.m.GenericTile","properties":{"header":"Manage Logbook"}},"wdio_ui5_key":"sapm.GenericTile{\"header\":\"Manage Logbook\"}"}]}
RESULT: {"script":"<script> [1562 bytes]","args":[{"selector":{"controlType":"sap.m.GenericTile","properties":{"header":"Manage Logbook"}},"wdio_ui5_key":"sapm.GenericTile{\"header\":\"Manage Logbook\"}"}]}
RESULT: undefined
COMMAND: POST /session/9acbeaa92b99fefe4a7dfe42c06eba25/element - {"using":"xpath","value":"//*[@id=\"__tile112\"]"}
RESULT: {"using":"xpath","value":"//*[@id=\"__tile112\"]"}
COMMAND: POST /session/9acbeaa92b99fefe4a7dfe42c06eba25/element/f.01FBF2109C59626B32AF8377D21F3CC4.d.B515AFBB718F89349E930F76C756C68B.e.3574/click - {}
RESULT: {}
COMMAND: GET /session/9acbeaa92b99fefe4a7dfe42c06eba25/screenshot - {}
RESULT: {}
COMMAND: POST /session/9acbeaa92b99fefe4a7dfe42c06eba25/elements - {"using":"xpath","value":"//span[text()='Error']"}
RESULT: {"using":"xpath","value":"//span[text()='Error']"}
RESULT: undefined
COMMAND: POST /session/9acbeaa92b99fefe4a7dfe42c06eba25/element - {"using":"xpath","value":"//*[@id=\"__tile112\"]"}
RESULT: {"using":"xpath","value":"//*[@id=\"__tile112\"]"}
COMMAND: POST /session/9acbeaa92b99fefe4a7dfe42c06eba25/element/f.01FBF2109C59626B32AF8377D21F3CC4.d.B515AFBB718F89349E930F76C756C68B.e.3574/click - {}
RESULT: undefined
COMMAND: POST /session/9acbeaa92b99fefe4a7dfe42c06eba25/element - {"using":"xpath","value":"//*[@id=\"__tile112\"]"}
RESULT: {"using":"xpath","value":"//*[@id=\"__tile112\"]"}
COMMAND: POST /session/9acbeaa92b99fefe4a7dfe42c06eba25/element/f.01FBF2109C59626B32AF8377D21F3CC4.d.B515AFBB718F89349E930F76C756C68B.e.3574/click - {}
RESULT: undefined
COMMAND: POST /session/9acbeaa92b99fefe4a7dfe42c06eba25/execute/async - {"script":"<script> [6424 bytes]","args":[{"element-6066-11e4-a52e-4f735466cecf":"f.01FBF2109C59626B32AF8377D21F3CC4.d.B515AFBB718F89349E930F76C756C68B.e.225"},"getTitle",[]]}
COMMAND: POST /session/9acbeaa92b99fefe4a7dfe42c06eba25/execute/async - {"script":"<script> [1562 bytes]","args":[{"selector":{"id":"shellAppTitle"},"wdio_ui5_key":"shellAppTitle"}]}
RESULT: {"script":"<script> [1562 bytes]","args":[{"selector":{"id":"shellAppTitle"},"wdio_ui5_key":"shellAppTitle"}]}
COMMAND: POST /session/9acbeaa92b99fefe4a7dfe42c06eba25/execute/async - {"script":"<script> [6424 bytes]","args":[{"element-6066-11e4-a52e-4f735466cecf":"f.01FBF2109C59626B32AF8377D21F3CC4.d.B515AFBB718F89349E930F76C756C68B.e.3659"},"getTitle",[]]}
RESULT: {"script":"<script> [6424 bytes]","args":[{"element-6066-11e4-a52e-4f735466cecf":"f.01FBF2109C59626B32AF8377D21F3CC4.d.B515AFBB718F89349E930F76C756C68B.e.3659"},"getTitle",[]]}
RESULT: undefined
COMMAND: POST /session/9acbeaa92b99fefe4a7dfe42c06eba25/element/f.01FBF2109C59626B32AF8377D21F3CC4.d.B515AFBB718F89349E930F76C756C68B.e.3572/click - {}
RESULT: {}
COMMAND: GET /session/9acbeaa92b99fefe4a7dfe42c06eba25/screenshot - {}
RESULT: {}
]]></system-out>
    </testcase>
    <testcase classname="chrome.136_0_7103_49.windows.Sanity_Tests_US104253" name="Should open ISC Orders Calendar page" time="39.247">
      <system-out><![CDATA[
COMMAND: POST /session/9acbeaa92b99fefe4a7dfe42c06eba25/execute/async - {"script":"<script> [1562 bytes]","args":[{"selector":{"controlType":"sap.m.GenericTile","properties":{"header":"ISC Orders Calendar"}},"wdio_ui5_key":"sapm.GenericTile{\"header\":\"ISC Orders Calendar\"}"}]}
RESULT: {"script":"<script> [1562 bytes]","args":[{"selector":{"controlType":"sap.m.GenericTile","properties":{"header":"ISC Orders Calendar"}},"wdio_ui5_key":"sapm.GenericTile{\"header\":\"ISC Orders Calendar\"}"}]}
RESULT: undefined
COMMAND: POST /session/9acbeaa92b99fefe4a7dfe42c06eba25/element - {"using":"xpath","value":"//*[@id=\"__tile107\"]"}
RESULT: {"using":"xpath","value":"//*[@id=\"__tile107\"]"}
COMMAND: POST /session/9acbeaa92b99fefe4a7dfe42c06eba25/element/f.01FBF2109C59626B32AF8377D21F3CC4.d.B515AFBB718F89349E930F76C756C68B.e.3661/click - {}
RESULT: {}
COMMAND: GET /session/9acbeaa92b99fefe4a7dfe42c06eba25/screenshot - {}
RESULT: {}
COMMAND: POST /session/9acbeaa92b99fefe4a7dfe42c06eba25/elements - {"using":"xpath","value":"//span[text()='Error']"}
RESULT: {"using":"xpath","value":"//span[text()='Error']"}
RESULT: undefined
COMMAND: POST /session/9acbeaa92b99fefe4a7dfe42c06eba25/element - {"using":"xpath","value":"//*[@id=\"__tile107\"]"}
RESULT: {"using":"xpath","value":"//*[@id=\"__tile107\"]"}
COMMAND: POST /session/9acbeaa92b99fefe4a7dfe42c06eba25/element/f.01FBF2109C59626B32AF8377D21F3CC4.d.B515AFBB718F89349E930F76C756C68B.e.3661/click - {}
RESULT: undefined
COMMAND: POST /session/9acbeaa92b99fefe4a7dfe42c06eba25/element - {"using":"xpath","value":"//*[@id=\"__tile107\"]"}
RESULT: {"using":"xpath","value":"//*[@id=\"__tile107\"]"}
COMMAND: POST /session/9acbeaa92b99fefe4a7dfe42c06eba25/element/f.01FBF2109C59626B32AF8377D21F3CC4.d.B515AFBB718F89349E930F76C756C68B.e.3661/click - {}
RESULT: undefined
COMMAND: POST /session/9acbeaa92b99fefe4a7dfe42c06eba25/execute/async - {"script":"<script> [6424 bytes]","args":[{"element-6066-11e4-a52e-4f735466cecf":"f.01FBF2109C59626B32AF8377D21F3CC4.d.B515AFBB718F89349E930F76C756C68B.e.225"},"getTitle",[]]}
COMMAND: POST /session/9acbeaa92b99fefe4a7dfe42c06eba25/execute/async - {"script":"<script> [1562 bytes]","args":[{"selector":{"id":"shellAppTitle"},"wdio_ui5_key":"shellAppTitle"}]}
RESULT: {"script":"<script> [1562 bytes]","args":[{"selector":{"id":"shellAppTitle"},"wdio_ui5_key":"shellAppTitle"}]}
COMMAND: POST /session/9acbeaa92b99fefe4a7dfe42c06eba25/execute/async - {"script":"<script> [6424 bytes]","args":[{"element-6066-11e4-a52e-4f735466cecf":"f.01FBF2109C59626B32AF8377D21F3CC4.d.B515AFBB718F89349E930F76C756C68B.e.3875"},"getTitle",[]]}
RESULT: {"script":"<script> [6424 bytes]","args":[{"element-6066-11e4-a52e-4f735466cecf":"f.01FBF2109C59626B32AF8377D21F3CC4.d.B515AFBB718F89349E930F76C756C68B.e.3875"},"getTitle",[]]}
RESULT: undefined
COMMAND: POST /session/9acbeaa92b99fefe4a7dfe42c06eba25/element/f.01FBF2109C59626B32AF8377D21F3CC4.d.B515AFBB718F89349E930F76C756C68B.e.3572/click - {}
COMMAND: POST /session/9acbeaa92b99fefe4a7dfe42c06eba25/element - {"using":"xpath","value":"//*[@id=\"backBtn\"]"}
RESULT: {"using":"xpath","value":"//*[@id=\"backBtn\"]"}
COMMAND: POST /session/9acbeaa92b99fefe4a7dfe42c06eba25/element/f.01FBF2109C59626B32AF8377D21F3CC4.d.B515AFBB718F89349E930F76C756C68B.e.3572/click - {}
COMMAND: POST /session/9acbeaa92b99fefe4a7dfe42c06eba25/element - {"using":"xpath","value":"//*[@id=\"backBtn\"]"}
RESULT: {"using":"xpath","value":"//*[@id=\"backBtn\"]"}
COMMAND: POST /session/9acbeaa92b99fefe4a7dfe42c06eba25/element/f.01FBF2109C59626B32AF8377D21F3CC4.d.B515AFBB718F89349E930F76C756C68B.e.3876/click - {}
RESULT: {}
COMMAND: GET /session/9acbeaa92b99fefe4a7dfe42c06eba25/screenshot - {}
RESULT: {}
]]></system-out>
    </testcase>
    <testcase classname="chrome.136_0_7103_49.windows.Sanity_Tests_US104253" name="Should open Configure System page" time="37.904">
      <system-out><![CDATA[
COMMAND: POST /session/9acbeaa92b99fefe4a7dfe42c06eba25/execute/async - {"script":"<script> [1562 bytes]","args":[{"selector":{"controlType":"sap.m.GenericTile","properties":{"header":"Configure System"}},"wdio_ui5_key":"sapm.GenericTile{\"header\":\"Configure System\"}"}]}
RESULT: {"script":"<script> [1562 bytes]","args":[{"selector":{"controlType":"sap.m.GenericTile","properties":{"header":"Configure System"}},"wdio_ui5_key":"sapm.GenericTile{\"header\":\"Configure System\"}"}]}
RESULT: undefined
COMMAND: POST /session/9acbeaa92b99fefe4a7dfe42c06eba25/element - {"using":"xpath","value":"//*[@id=\"__tile114\"]"}
RESULT: {"using":"xpath","value":"//*[@id=\"__tile114\"]"}
COMMAND: POST /session/9acbeaa92b99fefe4a7dfe42c06eba25/element/f.01FBF2109C59626B32AF8377D21F3CC4.d.B515AFBB718F89349E930F76C756C68B.e.3878/click - {}
RESULT: {}
COMMAND: GET /session/9acbeaa92b99fefe4a7dfe42c06eba25/screenshot - {}
RESULT: {}
COMMAND: POST /session/9acbeaa92b99fefe4a7dfe42c06eba25/elements - {"using":"xpath","value":"//span[text()='Error']"}
RESULT: {"using":"xpath","value":"//span[text()='Error']"}
RESULT: undefined
COMMAND: POST /session/9acbeaa92b99fefe4a7dfe42c06eba25/element - {"using":"xpath","value":"//*[@id=\"__tile114\"]"}
RESULT: {"using":"xpath","value":"//*[@id=\"__tile114\"]"}
COMMAND: POST /session/9acbeaa92b99fefe4a7dfe42c06eba25/element/f.01FBF2109C59626B32AF8377D21F3CC4.d.B515AFBB718F89349E930F76C756C68B.e.3878/click - {}
RESULT: undefined
COMMAND: POST /session/9acbeaa92b99fefe4a7dfe42c06eba25/element - {"using":"xpath","value":"//*[@id=\"__tile114\"]"}
RESULT: {"using":"xpath","value":"//*[@id=\"__tile114\"]"}
COMMAND: POST /session/9acbeaa92b99fefe4a7dfe42c06eba25/element/f.01FBF2109C59626B32AF8377D21F3CC4.d.B515AFBB718F89349E930F76C756C68B.e.3878/click - {}
RESULT: undefined
COMMAND: POST /session/9acbeaa92b99fefe4a7dfe42c06eba25/execute/async - {"script":"<script> [6424 bytes]","args":[{"element-6066-11e4-a52e-4f735466cecf":"f.01FBF2109C59626B32AF8377D21F3CC4.d.B515AFBB718F89349E930F76C756C68B.e.225"},"getTitle",[]]}
COMMAND: POST /session/9acbeaa92b99fefe4a7dfe42c06eba25/execute/async - {"script":"<script> [1562 bytes]","args":[{"selector":{"id":"shellAppTitle"},"wdio_ui5_key":"shellAppTitle"}]}
RESULT: {"script":"<script> [1562 bytes]","args":[{"selector":{"id":"shellAppTitle"},"wdio_ui5_key":"shellAppTitle"}]}
COMMAND: POST /session/9acbeaa92b99fefe4a7dfe42c06eba25/execute/async - {"script":"<script> [6424 bytes]","args":[{"element-6066-11e4-a52e-4f735466cecf":"f.01FBF2109C59626B32AF8377D21F3CC4.d.B515AFBB718F89349E930F76C756C68B.e.3915"},"getTitle",[]]}
RESULT: {"script":"<script> [6424 bytes]","args":[{"element-6066-11e4-a52e-4f735466cecf":"f.01FBF2109C59626B32AF8377D21F3CC4.d.B515AFBB718F89349E930F76C756C68B.e.3915"},"getTitle",[]]}
RESULT: undefined
COMMAND: POST /session/9acbeaa92b99fefe4a7dfe42c06eba25/element/f.01FBF2109C59626B32AF8377D21F3CC4.d.B515AFBB718F89349E930F76C756C68B.e.3876/click - {}
RESULT: {}
COMMAND: GET /session/9acbeaa92b99fefe4a7dfe42c06eba25/screenshot - {}
RESULT: {}
]]></system-out>
    </testcase>
    <testcase classname="chrome.136_0_7103_49.windows.Sanity_Tests_US104253" name="Should open Manage Classifications page" time="37.42">
      <system-out><![CDATA[
COMMAND: POST /session/9acbeaa92b99fefe4a7dfe42c06eba25/execute/async - {"script":"<script> [1562 bytes]","args":[{"selector":{"controlType":"sap.m.GenericTile","properties":{"header":"Manage Classifications"}},"wdio_ui5_key":"sapm.GenericTile{\"header\":\"Manage Classifications\"}"}]}
RESULT: {"script":"<script> [1562 bytes]","args":[{"selector":{"controlType":"sap.m.GenericTile","properties":{"header":"Manage Classifications"}},"wdio_ui5_key":"sapm.GenericTile{\"header\":\"Manage Classifications\"}"}]}
RESULT: undefined
COMMAND: POST /session/9acbeaa92b99fefe4a7dfe42c06eba25/element - {"using":"xpath","value":"//*[@id=\"__tile115\"]"}
RESULT: {"using":"xpath","value":"//*[@id=\"__tile115\"]"}
COMMAND: POST /session/9acbeaa92b99fefe4a7dfe42c06eba25/element/f.01FBF2109C59626B32AF8377D21F3CC4.d.B515AFBB718F89349E930F76C756C68B.e.3919/click - {}
RESULT: {}
COMMAND: GET /session/9acbeaa92b99fefe4a7dfe42c06eba25/screenshot - {}
RESULT: {}
COMMAND: POST /session/9acbeaa92b99fefe4a7dfe42c06eba25/elements - {"using":"xpath","value":"//span[text()='Error']"}
RESULT: {"using":"xpath","value":"//span[text()='Error']"}
RESULT: undefined
COMMAND: POST /session/9acbeaa92b99fefe4a7dfe42c06eba25/element - {"using":"xpath","value":"//*[@id=\"__tile115\"]"}
RESULT: {"using":"xpath","value":"//*[@id=\"__tile115\"]"}
COMMAND: POST /session/9acbeaa92b99fefe4a7dfe42c06eba25/element/f.01FBF2109C59626B32AF8377D21F3CC4.d.B515AFBB718F89349E930F76C756C68B.e.3919/click - {}
RESULT: undefined
COMMAND: POST /session/9acbeaa92b99fefe4a7dfe42c06eba25/element - {"using":"xpath","value":"//*[@id=\"__tile115\"]"}
RESULT: {"using":"xpath","value":"//*[@id=\"__tile115\"]"}
COMMAND: POST /session/9acbeaa92b99fefe4a7dfe42c06eba25/element/f.01FBF2109C59626B32AF8377D21F3CC4.d.B515AFBB718F89349E930F76C756C68B.e.3919/click - {}
RESULT: undefined
COMMAND: POST /session/9acbeaa92b99fefe4a7dfe42c06eba25/execute/async - {"script":"<script> [6424 bytes]","args":[{"element-6066-11e4-a52e-4f735466cecf":"f.01FBF2109C59626B32AF8377D21F3CC4.d.B515AFBB718F89349E930F76C756C68B.e.225"},"getTitle",[]]}
COMMAND: POST /session/9acbeaa92b99fefe4a7dfe42c06eba25/execute/async - {"script":"<script> [1562 bytes]","args":[{"selector":{"id":"shellAppTitle"},"wdio_ui5_key":"shellAppTitle"}]}
RESULT: {"script":"<script> [1562 bytes]","args":[{"selector":{"id":"shellAppTitle"},"wdio_ui5_key":"shellAppTitle"}]}
COMMAND: POST /session/9acbeaa92b99fefe4a7dfe42c06eba25/execute/async - {"script":"<script> [6424 bytes]","args":[{"element-6066-11e4-a52e-4f735466cecf":"f.01FBF2109C59626B32AF8377D21F3CC4.d.B515AFBB718F89349E930F76C756C68B.e.4005"},"getTitle",[]]}
RESULT: {"script":"<script> [6424 bytes]","args":[{"element-6066-11e4-a52e-4f735466cecf":"f.01FBF2109C59626B32AF8377D21F3CC4.d.B515AFBB718F89349E930F76C756C68B.e.4005"},"getTitle",[]]}
RESULT: undefined
COMMAND: POST /session/9acbeaa92b99fefe4a7dfe42c06eba25/element/f.01FBF2109C59626B32AF8377D21F3CC4.d.B515AFBB718F89349E930F76C756C68B.e.3876/click - {}
COMMAND: POST /session/9acbeaa92b99fefe4a7dfe42c06eba25/element - {"using":"xpath","value":"//*[@id=\"backBtn\"]"}
RESULT: {"using":"xpath","value":"//*[@id=\"backBtn\"]"}
COMMAND: POST /session/9acbeaa92b99fefe4a7dfe42c06eba25/element/f.01FBF2109C59626B32AF8377D21F3CC4.d.B515AFBB718F89349E930F76C756C68B.e.3876/click - {}
COMMAND: POST /session/9acbeaa92b99fefe4a7dfe42c06eba25/element - {"using":"xpath","value":"//*[@id=\"backBtn\"]"}
RESULT: {"using":"xpath","value":"//*[@id=\"backBtn\"]"}
COMMAND: POST /session/9acbeaa92b99fefe4a7dfe42c06eba25/element/f.01FBF2109C59626B32AF8377D21F3CC4.d.B515AFBB718F89349E930F76C756C68B.e.4006/click - {}
RESULT: {}
COMMAND: GET /session/9acbeaa92b99fefe4a7dfe42c06eba25/screenshot - {}
RESULT: {}
]]></system-out>
    </testcase>
    <testcase classname="chrome.136_0_7103_49.windows.Sanity_Tests_US104253" name="Should open Data Explorer page" time="39.228">
      <system-out><![CDATA[
COMMAND: POST /session/9acbeaa92b99fefe4a7dfe42c06eba25/execute/async - {"script":"<script> [1562 bytes]","args":[{"selector":{"controlType":"sap.m.GenericTile","properties":{"header":"Data Explorer"}},"wdio_ui5_key":"sapm.GenericTile{\"header\":\"Data Explorer\"}"}]}
RESULT: {"script":"<script> [1562 bytes]","args":[{"selector":{"controlType":"sap.m.GenericTile","properties":{"header":"Data Explorer"}},"wdio_ui5_key":"sapm.GenericTile{\"header\":\"Data Explorer\"}"}]}
RESULT: undefined
COMMAND: POST /session/9acbeaa92b99fefe4a7dfe42c06eba25/element - {"using":"xpath","value":"//*[@id=\"__tile117\"]"}
RESULT: {"using":"xpath","value":"//*[@id=\"__tile117\"]"}
COMMAND: POST /session/9acbeaa92b99fefe4a7dfe42c06eba25/element/f.01FBF2109C59626B32AF8377D21F3CC4.d.B515AFBB718F89349E930F76C756C68B.e.4008/click - {}
RESULT: {}
COMMAND: GET /session/9acbeaa92b99fefe4a7dfe42c06eba25/screenshot - {}
RESULT: {}
COMMAND: POST /session/9acbeaa92b99fefe4a7dfe42c06eba25/elements - {"using":"xpath","value":"//span[text()='Error']"}
RESULT: {"using":"xpath","value":"//span[text()='Error']"}
RESULT: undefined
COMMAND: POST /session/9acbeaa92b99fefe4a7dfe42c06eba25/element - {"using":"xpath","value":"//*[@id=\"__tile117\"]"}
RESULT: {"using":"xpath","value":"//*[@id=\"__tile117\"]"}
COMMAND: POST /session/9acbeaa92b99fefe4a7dfe42c06eba25/element/f.01FBF2109C59626B32AF8377D21F3CC4.d.B515AFBB718F89349E930F76C756C68B.e.4008/click - {}
RESULT: undefined
COMMAND: POST /session/9acbeaa92b99fefe4a7dfe42c06eba25/element - {"using":"xpath","value":"//*[@id=\"__tile117\"]"}
RESULT: {"using":"xpath","value":"//*[@id=\"__tile117\"]"}
COMMAND: POST /session/9acbeaa92b99fefe4a7dfe42c06eba25/element/f.01FBF2109C59626B32AF8377D21F3CC4.d.B515AFBB718F89349E930F76C756C68B.e.4008/click - {}
RESULT: undefined
COMMAND: POST /session/9acbeaa92b99fefe4a7dfe42c06eba25/execute/async - {"script":"<script> [6424 bytes]","args":[{"element-6066-11e4-a52e-4f735466cecf":"f.01FBF2109C59626B32AF8377D21F3CC4.d.B515AFBB718F89349E930F76C756C68B.e.225"},"getTitle",[]]}
COMMAND: POST /session/9acbeaa92b99fefe4a7dfe42c06eba25/execute/async - {"script":"<script> [1562 bytes]","args":[{"selector":{"id":"shellAppTitle"},"wdio_ui5_key":"shellAppTitle"}]}
RESULT: {"script":"<script> [1562 bytes]","args":[{"selector":{"id":"shellAppTitle"},"wdio_ui5_key":"shellAppTitle"}]}
COMMAND: POST /session/9acbeaa92b99fefe4a7dfe42c06eba25/execute/async - {"script":"<script> [6424 bytes]","args":[{"element-6066-11e4-a52e-4f735466cecf":"f.01FBF2109C59626B32AF8377D21F3CC4.d.B515AFBB718F89349E930F76C756C68B.e.4190"},"getTitle",[]]}
RESULT: {"script":"<script> [6424 bytes]","args":[{"element-6066-11e4-a52e-4f735466cecf":"f.01FBF2109C59626B32AF8377D21F3CC4.d.B515AFBB718F89349E930F76C756C68B.e.4190"},"getTitle",[]]}
RESULT: undefined
COMMAND: POST /session/9acbeaa92b99fefe4a7dfe42c06eba25/element/f.01FBF2109C59626B32AF8377D21F3CC4.d.B515AFBB718F89349E930F76C756C68B.e.4006/click - {}
RESULT: {}
COMMAND: GET /session/9acbeaa92b99fefe4a7dfe42c06eba25/screenshot - {}
RESULT: {}
]]></system-out>
    </testcase>
    <testcase classname="chrome.136_0_7103_49.windows.Sanity_Tests_US104253" name="Should open Performance Monitor page" time="37.521">
      <system-out><![CDATA[
COMMAND: POST /session/9acbeaa92b99fefe4a7dfe42c06eba25/execute/async - {"script":"<script> [1562 bytes]","args":[{"selector":{"controlType":"sap.m.GenericTile","properties":{"header":"Performance Monitor"}},"wdio_ui5_key":"sapm.GenericTile{\"header\":\"Performance Monitor\"}"}]}
RESULT: {"script":"<script> [1562 bytes]","args":[{"selector":{"controlType":"sap.m.GenericTile","properties":{"header":"Performance Monitor"}},"wdio_ui5_key":"sapm.GenericTile{\"header\":\"Performance Monitor\"}"}]}
RESULT: undefined
COMMAND: POST /session/9acbeaa92b99fefe4a7dfe42c06eba25/element - {"using":"xpath","value":"//*[@id=\"__tile116\"]"}
RESULT: {"using":"xpath","value":"//*[@id=\"__tile116\"]"}
COMMAND: POST /session/9acbeaa92b99fefe4a7dfe42c06eba25/element/f.01FBF2109C59626B32AF8377D21F3CC4.d.B515AFBB718F89349E930F76C756C68B.e.4192/click - {}
RESULT: {}
COMMAND: GET /session/9acbeaa92b99fefe4a7dfe42c06eba25/screenshot - {}
RESULT: {}
COMMAND: POST /session/9acbeaa92b99fefe4a7dfe42c06eba25/elements - {"using":"xpath","value":"//span[text()='Error']"}
RESULT: {"using":"xpath","value":"//span[text()='Error']"}
RESULT: undefined
COMMAND: POST /session/9acbeaa92b99fefe4a7dfe42c06eba25/element - {"using":"xpath","value":"//*[@id=\"__tile116\"]"}
RESULT: {"using":"xpath","value":"//*[@id=\"__tile116\"]"}
COMMAND: POST /session/9acbeaa92b99fefe4a7dfe42c06eba25/element/f.01FBF2109C59626B32AF8377D21F3CC4.d.B515AFBB718F89349E930F76C756C68B.e.4192/click - {}
RESULT: undefined
COMMAND: POST /session/9acbeaa92b99fefe4a7dfe42c06eba25/element - {"using":"xpath","value":"//*[@id=\"__tile116\"]"}
RESULT: {"using":"xpath","value":"//*[@id=\"__tile116\"]"}
COMMAND: POST /session/9acbeaa92b99fefe4a7dfe42c06eba25/element/f.01FBF2109C59626B32AF8377D21F3CC4.d.B515AFBB718F89349E930F76C756C68B.e.4192/click - {}
RESULT: undefined
COMMAND: POST /session/9acbeaa92b99fefe4a7dfe42c06eba25/execute/async - {"script":"<script> [6424 bytes]","args":[{"element-6066-11e4-a52e-4f735466cecf":"f.01FBF2109C59626B32AF8377D21F3CC4.d.B515AFBB718F89349E930F76C756C68B.e.225"},"getTitle",[]]}
COMMAND: POST /session/9acbeaa92b99fefe4a7dfe42c06eba25/execute/async - {"script":"<script> [1562 bytes]","args":[{"selector":{"id":"shellAppTitle"},"wdio_ui5_key":"shellAppTitle"}]}
RESULT: {"script":"<script> [1562 bytes]","args":[{"selector":{"id":"shellAppTitle"},"wdio_ui5_key":"shellAppTitle"}]}
COMMAND: POST /session/9acbeaa92b99fefe4a7dfe42c06eba25/execute/async - {"script":"<script> [6424 bytes]","args":[{"element-6066-11e4-a52e-4f735466cecf":"f.01FBF2109C59626B32AF8377D21F3CC4.d.B515AFBB718F89349E930F76C756C68B.e.4233"},"getTitle",[]]}
RESULT: {"script":"<script> [6424 bytes]","args":[{"element-6066-11e4-a52e-4f735466cecf":"f.01FBF2109C59626B32AF8377D21F3CC4.d.B515AFBB718F89349E930F76C756C68B.e.4233"},"getTitle",[]]}
RESULT: undefined
COMMAND: POST /session/9acbeaa92b99fefe4a7dfe42c06eba25/element/f.01FBF2109C59626B32AF8377D21F3CC4.d.B515AFBB718F89349E930F76C756C68B.e.4006/click - {}
COMMAND: POST /session/9acbeaa92b99fefe4a7dfe42c06eba25/element - {"using":"xpath","value":"//*[@id=\"backBtn\"]"}
RESULT: {"using":"xpath","value":"//*[@id=\"backBtn\"]"}
COMMAND: POST /session/9acbeaa92b99fefe4a7dfe42c06eba25/element/f.01FBF2109C59626B32AF8377D21F3CC4.d.B515AFBB718F89349E930F76C756C68B.e.4006/click - {}
COMMAND: POST /session/9acbeaa92b99fefe4a7dfe42c06eba25/element - {"using":"xpath","value":"//*[@id=\"backBtn\"]"}
RESULT: {"using":"xpath","value":"//*[@id=\"backBtn\"]"}
COMMAND: POST /session/9acbeaa92b99fefe4a7dfe42c06eba25/element/f.01FBF2109C59626B32AF8377D21F3CC4.d.B515AFBB718F89349E930F76C756C68B.e.4234/click - {}
RESULT: {}
COMMAND: GET /session/9acbeaa92b99fefe4a7dfe42c06eba25/screenshot - {}
RESULT: {}
]]></system-out>
    </testcase>
    <testcase classname="chrome.136_0_7103_49.windows.Sanity_Tests_US104253" name="Should open Organizational Model page" time="36.48">
      <system-out><![CDATA[
COMMAND: POST /session/9acbeaa92b99fefe4a7dfe42c06eba25/execute/async - {"script":"<script> [1562 bytes]","args":[{"selector":{"controlType":"sap.m.GenericTile","properties":{"header":"Organizational Model"}},"wdio_ui5_key":"sapm.GenericTile{\"header\":\"Organizational Model\"}"}]}
RESULT: {"script":"<script> [1562 bytes]","args":[{"selector":{"controlType":"sap.m.GenericTile","properties":{"header":"Organizational Model"}},"wdio_ui5_key":"sapm.GenericTile{\"header\":\"Organizational Model\"}"}]}
RESULT: undefined
COMMAND: POST /session/9acbeaa92b99fefe4a7dfe42c06eba25/element - {"using":"xpath","value":"//*[@id=\"__tile120\"]"}
RESULT: {"using":"xpath","value":"//*[@id=\"__tile120\"]"}
COMMAND: POST /session/9acbeaa92b99fefe4a7dfe42c06eba25/element/f.01FBF2109C59626B32AF8377D21F3CC4.d.B515AFBB718F89349E930F76C756C68B.e.4236/click - {}
RESULT: {}
COMMAND: GET /session/9acbeaa92b99fefe4a7dfe42c06eba25/screenshot - {}
RESULT: {}
COMMAND: POST /session/9acbeaa92b99fefe4a7dfe42c06eba25/elements - {"using":"xpath","value":"//span[text()='Error']"}
RESULT: {"using":"xpath","value":"//span[text()='Error']"}
RESULT: undefined
COMMAND: POST /session/9acbeaa92b99fefe4a7dfe42c06eba25/element - {"using":"xpath","value":"//*[@id=\"__tile120\"]"}
RESULT: {"using":"xpath","value":"//*[@id=\"__tile120\"]"}
COMMAND: POST /session/9acbeaa92b99fefe4a7dfe42c06eba25/element/f.01FBF2109C59626B32AF8377D21F3CC4.d.B515AFBB718F89349E930F76C756C68B.e.4236/click - {}
RESULT: undefined
COMMAND: POST /session/9acbeaa92b99fefe4a7dfe42c06eba25/element - {"using":"xpath","value":"//*[@id=\"__tile120\"]"}
RESULT: {"using":"xpath","value":"//*[@id=\"__tile120\"]"}
COMMAND: POST /session/9acbeaa92b99fefe4a7dfe42c06eba25/element/f.01FBF2109C59626B32AF8377D21F3CC4.d.B515AFBB718F89349E930F76C756C68B.e.4236/click - {}
RESULT: undefined
COMMAND: POST /session/9acbeaa92b99fefe4a7dfe42c06eba25/execute/async - {"script":"<script> [6424 bytes]","args":[{"element-6066-11e4-a52e-4f735466cecf":"f.01FBF2109C59626B32AF8377D21F3CC4.d.B515AFBB718F89349E930F76C756C68B.e.225"},"getTitle",[]]}
COMMAND: POST /session/9acbeaa92b99fefe4a7dfe42c06eba25/execute/async - {"script":"<script> [1562 bytes]","args":[{"selector":{"id":"shellAppTitle"},"wdio_ui5_key":"shellAppTitle"}]}
RESULT: {"script":"<script> [1562 bytes]","args":[{"selector":{"id":"shellAppTitle"},"wdio_ui5_key":"shellAppTitle"}]}
COMMAND: POST /session/9acbeaa92b99fefe4a7dfe42c06eba25/execute/async - {"script":"<script> [6424 bytes]","args":[{"element-6066-11e4-a52e-4f735466cecf":"f.01FBF2109C59626B32AF8377D21F3CC4.d.B515AFBB718F89349E930F76C756C68B.e.4253"},"getTitle",[]]}
RESULT: {"script":"<script> [6424 bytes]","args":[{"element-6066-11e4-a52e-4f735466cecf":"f.01FBF2109C59626B32AF8377D21F3CC4.d.B515AFBB718F89349E930F76C756C68B.e.4253"},"getTitle",[]]}
RESULT: undefined
COMMAND: POST /session/9acbeaa92b99fefe4a7dfe42c06eba25/element/f.01FBF2109C59626B32AF8377D21F3CC4.d.B515AFBB718F89349E930F76C756C68B.e.4234/click - {}
RESULT: {}
COMMAND: GET /session/9acbeaa92b99fefe4a7dfe42c06eba25/screenshot - {}
RESULT: {}
]]></system-out>
    </testcase>
    <testcase classname="chrome.136_0_7103_49.windows.Sanity_Tests_US104253" name="Should open Manage Roles page" time="37.158">
      <system-out><![CDATA[
COMMAND: POST /session/9acbeaa92b99fefe4a7dfe42c06eba25/execute/async - {"script":"<script> [1562 bytes]","args":[{"selector":{"controlType":"sap.m.GenericTile","properties":{"header":"Manage Roles"}},"wdio_ui5_key":"sapm.GenericTile{\"header\":\"Manage Roles\"}"}]}
RESULT: {"script":"<script> [1562 bytes]","args":[{"selector":{"controlType":"sap.m.GenericTile","properties":{"header":"Manage Roles"}},"wdio_ui5_key":"sapm.GenericTile{\"header\":\"Manage Roles\"}"}]}
RESULT: undefined
COMMAND: POST /session/9acbeaa92b99fefe4a7dfe42c06eba25/element - {"using":"xpath","value":"//*[@id=\"__tile119\"]"}
RESULT: {"using":"xpath","value":"//*[@id=\"__tile119\"]"}
COMMAND: POST /session/9acbeaa92b99fefe4a7dfe42c06eba25/element/f.01FBF2109C59626B32AF8377D21F3CC4.d.B515AFBB718F89349E930F76C756C68B.e.4255/click - {}
RESULT: {}
COMMAND: GET /session/9acbeaa92b99fefe4a7dfe42c06eba25/screenshot - {}
RESULT: {}
COMMAND: POST /session/9acbeaa92b99fefe4a7dfe42c06eba25/elements - {"using":"xpath","value":"//span[text()='Error']"}
RESULT: {"using":"xpath","value":"//span[text()='Error']"}
RESULT: undefined
COMMAND: POST /session/9acbeaa92b99fefe4a7dfe42c06eba25/element - {"using":"xpath","value":"//*[@id=\"__tile119\"]"}
RESULT: {"using":"xpath","value":"//*[@id=\"__tile119\"]"}
COMMAND: POST /session/9acbeaa92b99fefe4a7dfe42c06eba25/element/f.01FBF2109C59626B32AF8377D21F3CC4.d.B515AFBB718F89349E930F76C756C68B.e.4255/click - {}
RESULT: undefined
COMMAND: POST /session/9acbeaa92b99fefe4a7dfe42c06eba25/element - {"using":"xpath","value":"//*[@id=\"__tile119\"]"}
RESULT: {"using":"xpath","value":"//*[@id=\"__tile119\"]"}
COMMAND: POST /session/9acbeaa92b99fefe4a7dfe42c06eba25/element/f.01FBF2109C59626B32AF8377D21F3CC4.d.B515AFBB718F89349E930F76C756C68B.e.4255/click - {}
RESULT: undefined
COMMAND: POST /session/9acbeaa92b99fefe4a7dfe42c06eba25/execute/async - {"script":"<script> [6424 bytes]","args":[{"element-6066-11e4-a52e-4f735466cecf":"f.01FBF2109C59626B32AF8377D21F3CC4.d.B515AFBB718F89349E930F76C756C68B.e.225"},"getTitle",[]]}
COMMAND: POST /session/9acbeaa92b99fefe4a7dfe42c06eba25/execute/async - {"script":"<script> [1562 bytes]","args":[{"selector":{"id":"shellAppTitle"},"wdio_ui5_key":"shellAppTitle"}]}
RESULT: {"script":"<script> [1562 bytes]","args":[{"selector":{"id":"shellAppTitle"},"wdio_ui5_key":"shellAppTitle"}]}
COMMAND: POST /session/9acbeaa92b99fefe4a7dfe42c06eba25/execute/async - {"script":"<script> [6424 bytes]","args":[{"element-6066-11e4-a52e-4f735466cecf":"f.01FBF2109C59626B32AF8377D21F3CC4.d.B515AFBB718F89349E930F76C756C68B.e.4299"},"getTitle",[]]}
RESULT: {"script":"<script> [6424 bytes]","args":[{"element-6066-11e4-a52e-4f735466cecf":"f.01FBF2109C59626B32AF8377D21F3CC4.d.B515AFBB718F89349E930F76C756C68B.e.4299"},"getTitle",[]]}
RESULT: undefined
COMMAND: POST /session/9acbeaa92b99fefe4a7dfe42c06eba25/element/f.01FBF2109C59626B32AF8377D21F3CC4.d.B515AFBB718F89349E930F76C756C68B.e.4234/click - {}
COMMAND: POST /session/9acbeaa92b99fefe4a7dfe42c06eba25/element - {"using":"xpath","value":"//*[@id=\"backBtn\"]"}
RESULT: {"using":"xpath","value":"//*[@id=\"backBtn\"]"}
COMMAND: POST /session/9acbeaa92b99fefe4a7dfe42c06eba25/element/f.01FBF2109C59626B32AF8377D21F3CC4.d.B515AFBB718F89349E930F76C756C68B.e.4234/click - {}
COMMAND: POST /session/9acbeaa92b99fefe4a7dfe42c06eba25/element - {"using":"xpath","value":"//*[@id=\"backBtn\"]"}
RESULT: {"using":"xpath","value":"//*[@id=\"backBtn\"]"}
COMMAND: POST /session/9acbeaa92b99fefe4a7dfe42c06eba25/element/f.01FBF2109C59626B32AF8377D21F3CC4.d.B515AFBB718F89349E930F76C756C68B.e.4300/click - {}
RESULT: {}
COMMAND: GET /session/9acbeaa92b99fefe4a7dfe42c06eba25/screenshot - {}
RESULT: {}
]]></system-out>
    </testcase>
    <testcase classname="chrome.136_0_7103_49.windows.Sanity_Tests_US104253" name="Should open Authorization Tables page" time="46.548">
      <system-out><![CDATA[
COMMAND: POST /session/9acbeaa92b99fefe4a7dfe42c06eba25/execute/async - {"script":"<script> [1562 bytes]","args":[{"selector":{"controlType":"sap.m.GenericTile","properties":{"header":"Authorization Tables"}},"wdio_ui5_key":"sapm.GenericTile{\"header\":\"Authorization Tables\"}"}]}
RESULT: {"script":"<script> [1562 bytes]","args":[{"selector":{"controlType":"sap.m.GenericTile","properties":{"header":"Authorization Tables"}},"wdio_ui5_key":"sapm.GenericTile{\"header\":\"Authorization Tables\"}"}]}
RESULT: undefined
COMMAND: POST /session/9acbeaa92b99fefe4a7dfe42c06eba25/element - {"using":"xpath","value":"//*[@id=\"__tile118\"]"}
RESULT: {"using":"xpath","value":"//*[@id=\"__tile118\"]"}
COMMAND: POST /session/9acbeaa92b99fefe4a7dfe42c06eba25/element/f.01FBF2109C59626B32AF8377D21F3CC4.d.B515AFBB718F89349E930F76C756C68B.e.4302/click - {}
RESULT: {}
COMMAND: GET /session/9acbeaa92b99fefe4a7dfe42c06eba25/screenshot - {}
RESULT: {}
COMMAND: POST /session/9acbeaa92b99fefe4a7dfe42c06eba25/elements - {"using":"xpath","value":"//span[text()='Error']"}
RESULT: {"using":"xpath","value":"//span[text()='Error']"}
RESULT: undefined
COMMAND: POST /session/9acbeaa92b99fefe4a7dfe42c06eba25/element - {"using":"xpath","value":"//*[@id=\"__tile118\"]"}
RESULT: {"using":"xpath","value":"//*[@id=\"__tile118\"]"}
COMMAND: POST /session/9acbeaa92b99fefe4a7dfe42c06eba25/element/f.01FBF2109C59626B32AF8377D21F3CC4.d.B515AFBB718F89349E930F76C756C68B.e.4302/click - {}
RESULT: undefined
COMMAND: POST /session/9acbeaa92b99fefe4a7dfe42c06eba25/element - {"using":"xpath","value":"//*[@id=\"__tile118\"]"}
RESULT: {"using":"xpath","value":"//*[@id=\"__tile118\"]"}
COMMAND: POST /session/9acbeaa92b99fefe4a7dfe42c06eba25/element/f.01FBF2109C59626B32AF8377D21F3CC4.d.B515AFBB718F89349E930F76C756C68B.e.4302/click - {}
RESULT: undefined
COMMAND: POST /session/9acbeaa92b99fefe4a7dfe42c06eba25/execute/async - {"script":"<script> [6424 bytes]","args":[{"element-6066-11e4-a52e-4f735466cecf":"f.01FBF2109C59626B32AF8377D21F3CC4.d.B515AFBB718F89349E930F76C756C68B.e.225"},"getTitle",[]]}
COMMAND: POST /session/9acbeaa92b99fefe4a7dfe42c06eba25/execute/async - {"script":"<script> [1562 bytes]","args":[{"selector":{"id":"shellAppTitle"},"wdio_ui5_key":"shellAppTitle"}]}
RESULT: {"script":"<script> [1562 bytes]","args":[{"selector":{"id":"shellAppTitle"},"wdio_ui5_key":"shellAppTitle"}]}
COMMAND: POST /session/9acbeaa92b99fefe4a7dfe42c06eba25/execute/async - {"script":"<script> [6424 bytes]","args":[{"element-6066-11e4-a52e-4f735466cecf":"f.01FBF2109C59626B32AF8377D21F3CC4.d.B515AFBB718F89349E930F76C756C68B.e.4388"},"getTitle",[]]}
RESULT: {"script":"<script> [6424 bytes]","args":[{"element-6066-11e4-a52e-4f735466cecf":"f.01FBF2109C59626B32AF8377D21F3CC4.d.B515AFBB718F89349E930F76C756C68B.e.4388"},"getTitle",[]]}
RESULT: undefined
COMMAND: POST /session/9acbeaa92b99fefe4a7dfe42c06eba25/element/f.01FBF2109C59626B32AF8377D21F3CC4.d.B515AFBB718F89349E930F76C756C68B.e.4300/click - {}
RESULT: {}
COMMAND: GET /session/9acbeaa92b99fefe4a7dfe42c06eba25/screenshot - {}
RESULT: {}
]]></system-out>
    </testcase>
    <testcase classname="chrome.136_0_7103_49.windows.Sanity_Tests_US104253" name="Should open User Maintenance page" time="38.862">
      <system-out><![CDATA[
COMMAND: POST /session/9acbeaa92b99fefe4a7dfe42c06eba25/execute/async - {"script":"<script> [1562 bytes]","args":[{"selector":{"controlType":"sap.m.GenericTile","properties":{"header":"User Maintenance"}},"wdio_ui5_key":"sapm.GenericTile{\"header\":\"User Maintenance\"}"}]}
RESULT: {"script":"<script> [1562 bytes]","args":[{"selector":{"controlType":"sap.m.GenericTile","properties":{"header":"User Maintenance"}},"wdio_ui5_key":"sapm.GenericTile{\"header\":\"User Maintenance\"}"}]}
RESULT: undefined
COMMAND: POST /session/9acbeaa92b99fefe4a7dfe42c06eba25/element - {"using":"xpath","value":"//*[@id=\"__tile121\"]"}
RESULT: {"using":"xpath","value":"//*[@id=\"__tile121\"]"}
COMMAND: POST /session/9acbeaa92b99fefe4a7dfe42c06eba25/element/f.01FBF2109C59626B32AF8377D21F3CC4.d.B515AFBB718F89349E930F76C756C68B.e.4390/click - {}
RESULT: {}
COMMAND: GET /session/9acbeaa92b99fefe4a7dfe42c06eba25/screenshot - {}
RESULT: {}
COMMAND: POST /session/9acbeaa92b99fefe4a7dfe42c06eba25/elements - {"using":"xpath","value":"//span[text()='Error']"}
RESULT: {"using":"xpath","value":"//span[text()='Error']"}
RESULT: undefined
COMMAND: POST /session/9acbeaa92b99fefe4a7dfe42c06eba25/element - {"using":"xpath","value":"//*[@id=\"__tile121\"]"}
RESULT: {"using":"xpath","value":"//*[@id=\"__tile121\"]"}
COMMAND: POST /session/9acbeaa92b99fefe4a7dfe42c06eba25/element/f.01FBF2109C59626B32AF8377D21F3CC4.d.B515AFBB718F89349E930F76C756C68B.e.4390/click - {}
RESULT: undefined
COMMAND: POST /session/9acbeaa92b99fefe4a7dfe42c06eba25/element - {"using":"xpath","value":"//*[@id=\"__tile121\"]"}
RESULT: {"using":"xpath","value":"//*[@id=\"__tile121\"]"}
COMMAND: POST /session/9acbeaa92b99fefe4a7dfe42c06eba25/element/f.01FBF2109C59626B32AF8377D21F3CC4.d.B515AFBB718F89349E930F76C756C68B.e.4390/click - {}
RESULT: undefined
COMMAND: POST /session/9acbeaa92b99fefe4a7dfe42c06eba25/execute/async - {"script":"<script> [6424 bytes]","args":[{"element-6066-11e4-a52e-4f735466cecf":"f.01FBF2109C59626B32AF8377D21F3CC4.d.B515AFBB718F89349E930F76C756C68B.e.225"},"getTitle",[]]}
COMMAND: POST /session/9acbeaa92b99fefe4a7dfe42c06eba25/execute/async - {"script":"<script> [1562 bytes]","args":[{"selector":{"id":"shellAppTitle"},"wdio_ui5_key":"shellAppTitle"}]}
RESULT: {"script":"<script> [1562 bytes]","args":[{"selector":{"id":"shellAppTitle"},"wdio_ui5_key":"shellAppTitle"}]}
COMMAND: POST /session/9acbeaa92b99fefe4a7dfe42c06eba25/execute/async - {"script":"<script> [6424 bytes]","args":[{"element-6066-11e4-a52e-4f735466cecf":"f.01FBF2109C59626B32AF8377D21F3CC4.d.B515AFBB718F89349E930F76C756C68B.e.4478"},"getTitle",[]]}
RESULT: {"script":"<script> [6424 bytes]","args":[{"element-6066-11e4-a52e-4f735466cecf":"f.01FBF2109C59626B32AF8377D21F3CC4.d.B515AFBB718F89349E930F76C756C68B.e.4478"},"getTitle",[]]}
RESULT: undefined
COMMAND: POST /session/9acbeaa92b99fefe4a7dfe42c06eba25/element/f.01FBF2109C59626B32AF8377D21F3CC4.d.B515AFBB718F89349E930F76C756C68B.e.4300/click - {}
COMMAND: POST /session/9acbeaa92b99fefe4a7dfe42c06eba25/element - {"using":"xpath","value":"//*[@id=\"backBtn\"]"}
RESULT: {"using":"xpath","value":"//*[@id=\"backBtn\"]"}
COMMAND: POST /session/9acbeaa92b99fefe4a7dfe42c06eba25/element/f.01FBF2109C59626B32AF8377D21F3CC4.d.B515AFBB718F89349E930F76C756C68B.e.4300/click - {}
COMMAND: POST /session/9acbeaa92b99fefe4a7dfe42c06eba25/element - {"using":"xpath","value":"//*[@id=\"backBtn\"]"}
RESULT: {"using":"xpath","value":"//*[@id=\"backBtn\"]"}
COMMAND: POST /session/9acbeaa92b99fefe4a7dfe42c06eba25/element/f.01FBF2109C59626B32AF8377D21F3CC4.d.B515AFBB718F89349E930F76C756C68B.e.4479/click - {}
RESULT: {}
COMMAND: GET /session/9acbeaa92b99fefe4a7dfe42c06eba25/screenshot - {}
RESULT: {}
]]></system-out>
    </testcase>
    <testcase classname="chrome.136_0_7103_49.windows.Sanity_Tests_US104253" name="Should open Schedule Jobs page" time="36.226">
      <system-out><![CDATA[
COMMAND: POST /session/9acbeaa92b99fefe4a7dfe42c06eba25/execute/async - {"script":"<script> [1562 bytes]","args":[{"selector":{"controlType":"sap.m.GenericTile","properties":{"header":"Schedule Jobs"}},"wdio_ui5_key":"sapm.GenericTile{\"header\":\"Schedule Jobs\"}"}]}
RESULT: {"script":"<script> [1562 bytes]","args":[{"selector":{"controlType":"sap.m.GenericTile","properties":{"header":"Schedule Jobs"}},"wdio_ui5_key":"sapm.GenericTile{\"header\":\"Schedule Jobs\"}"}]}
RESULT: undefined
COMMAND: POST /session/9acbeaa92b99fefe4a7dfe42c06eba25/element - {"using":"xpath","value":"//*[@id=\"__tile127\"]"}
RESULT: {"using":"xpath","value":"//*[@id=\"__tile127\"]"}
COMMAND: POST /session/9acbeaa92b99fefe4a7dfe42c06eba25/element/f.01FBF2109C59626B32AF8377D21F3CC4.d.B515AFBB718F89349E930F76C756C68B.e.4482/click - {}
RESULT: {}
COMMAND: GET /session/9acbeaa92b99fefe4a7dfe42c06eba25/screenshot - {}
RESULT: {}
COMMAND: POST /session/9acbeaa92b99fefe4a7dfe42c06eba25/elements - {"using":"xpath","value":"//span[text()='Error']"}
RESULT: {"using":"xpath","value":"//span[text()='Error']"}
RESULT: undefined
COMMAND: POST /session/9acbeaa92b99fefe4a7dfe42c06eba25/element - {"using":"xpath","value":"//*[@id=\"__tile127\"]"}
RESULT: {"using":"xpath","value":"//*[@id=\"__tile127\"]"}
COMMAND: POST /session/9acbeaa92b99fefe4a7dfe42c06eba25/element/f.01FBF2109C59626B32AF8377D21F3CC4.d.B515AFBB718F89349E930F76C756C68B.e.4482/click - {}
RESULT: undefined
COMMAND: POST /session/9acbeaa92b99fefe4a7dfe42c06eba25/element - {"using":"xpath","value":"//*[@id=\"__tile127\"]"}
RESULT: {"using":"xpath","value":"//*[@id=\"__tile127\"]"}
COMMAND: POST /session/9acbeaa92b99fefe4a7dfe42c06eba25/element/f.01FBF2109C59626B32AF8377D21F3CC4.d.B515AFBB718F89349E930F76C756C68B.e.4482/click - {}
RESULT: undefined
COMMAND: POST /session/9acbeaa92b99fefe4a7dfe42c06eba25/execute/async - {"script":"<script> [6424 bytes]","args":[{"element-6066-11e4-a52e-4f735466cecf":"f.01FBF2109C59626B32AF8377D21F3CC4.d.B515AFBB718F89349E930F76C756C68B.e.225"},"getTitle",[]]}
COMMAND: POST /session/9acbeaa92b99fefe4a7dfe42c06eba25/execute/async - {"script":"<script> [1562 bytes]","args":[{"selector":{"id":"shellAppTitle"},"wdio_ui5_key":"shellAppTitle"}]}
RESULT: {"script":"<script> [1562 bytes]","args":[{"selector":{"id":"shellAppTitle"},"wdio_ui5_key":"shellAppTitle"}]}
COMMAND: POST /session/9acbeaa92b99fefe4a7dfe42c06eba25/execute/async - {"script":"<script> [6424 bytes]","args":[{"element-6066-11e4-a52e-4f735466cecf":"f.01FBF2109C59626B32AF8377D21F3CC4.d.B515AFBB718F89349E930F76C756C68B.e.4528"},"getTitle",[]]}
RESULT: {"script":"<script> [6424 bytes]","args":[{"element-6066-11e4-a52e-4f735466cecf":"f.01FBF2109C59626B32AF8377D21F3CC4.d.B515AFBB718F89349E930F76C756C68B.e.4528"},"getTitle",[]]}
RESULT: undefined
COMMAND: POST /session/9acbeaa92b99fefe4a7dfe42c06eba25/element/f.01FBF2109C59626B32AF8377D21F3CC4.d.B515AFBB718F89349E930F76C756C68B.e.4479/click - {}
COMMAND: POST /session/9acbeaa92b99fefe4a7dfe42c06eba25/element/f.01FBF2109C59626B32AF8377D21F3CC4.d.B515AFBB718F89349E930F76C756C68B.e.4479/click - {}
RESULT: {}
COMMAND: GET /session/9acbeaa92b99fefe4a7dfe42c06eba25/screenshot - {}
COMMAND: POST /session/9acbeaa92b99fefe4a7dfe42c06eba25/element - {"using":"xpath","value":"//*[@id=\"backBtn\"]"}
RESULT: {}
RESULT: {"using":"xpath","value":"//*[@id=\"backBtn\"]"}
COMMAND: POST /session/9acbeaa92b99fefe4a7dfe42c06eba25/elements - {"using":"xpath","value":"//*[@id=\"backBtn\"]"}
RESULT: {"using":"xpath","value":"//*[@id=\"backBtn\"]"}
COMMAND: POST /session/9acbeaa92b99fefe4a7dfe42c06eba25/elements - {"using":"xpath","value":"//*[@id=\"backBtn\"]"}
RESULT: {"using":"xpath","value":"//*[@id=\"backBtn\"]"}
COMMAND: POST /session/9acbeaa92b99fefe4a7dfe42c06eba25/elements - {"using":"xpath","value":"//*[@id=\"backBtn\"]"}
RESULT: {"using":"xpath","value":"//*[@id=\"backBtn\"]"}
COMMAND: POST /session/9acbeaa92b99fefe4a7dfe42c06eba25/elements - {"using":"xpath","value":"//*[@id=\"backBtn\"]"}
RESULT: {"using":"xpath","value":"//*[@id=\"backBtn\"]"}
COMMAND: POST /session/9acbeaa92b99fefe4a7dfe42c06eba25/elements - {"using":"xpath","value":"//*[@id=\"backBtn\"]"}
RESULT: {"using":"xpath","value":"//*[@id=\"backBtn\"]"}
COMMAND: POST /session/9acbeaa92b99fefe4a7dfe42c06eba25/elements - {"using":"xpath","value":"//*[@id=\"backBtn\"]"}
RESULT: {"using":"xpath","value":"//*[@id=\"backBtn\"]"}
COMMAND: POST /session/9acbeaa92b99fefe4a7dfe42c06eba25/elements - {"using":"xpath","value":"//*[@id=\"backBtn\"]"}
RESULT: {"using":"xpath","value":"//*[@id=\"backBtn\"]"}
COMMAND: POST /session/9acbeaa92b99fefe4a7dfe42c06eba25/elements - {"using":"xpath","value":"//*[@id=\"backBtn\"]"}
RESULT: {"using":"xpath","value":"//*[@id=\"backBtn\"]"}
COMMAND: POST /session/9acbeaa92b99fefe4a7dfe42c06eba25/elements - {"using":"xpath","value":"//*[@id=\"backBtn\"]"}
RESULT: {"using":"xpath","value":"//*[@id=\"backBtn\"]"}
COMMAND: POST /session/9acbeaa92b99fefe4a7dfe42c06eba25/elements - {"using":"xpath","value":"//*[@id=\"backBtn\"]"}
RESULT: {"using":"xpath","value":"//*[@id=\"backBtn\"]"}
COMMAND: POST /session/9acbeaa92b99fefe4a7dfe42c06eba25/elements - {"using":"xpath","value":"//*[@id=\"backBtn\"]"}
RESULT: {"using":"xpath","value":"//*[@id=\"backBtn\"]"}
COMMAND: POST /session/9acbeaa92b99fefe4a7dfe42c06eba25/elements - {"using":"xpath","value":"//*[@id=\"backBtn\"]"}
RESULT: {"using":"xpath","value":"//*[@id=\"backBtn\"]"}
COMMAND: POST /session/9acbeaa92b99fefe4a7dfe42c06eba25/elements - {"using":"xpath","value":"//*[@id=\"backBtn\"]"}
RESULT: {"using":"xpath","value":"//*[@id=\"backBtn\"]"}
COMMAND: POST /session/9acbeaa92b99fefe4a7dfe42c06eba25/elements - {"using":"xpath","value":"//*[@id=\"backBtn\"]"}
RESULT: {"using":"xpath","value":"//*[@id=\"backBtn\"]"}
COMMAND: POST /session/9acbeaa92b99fefe4a7dfe42c06eba25/elements - {"using":"xpath","value":"//*[@id=\"backBtn\"]"}
RESULT: {"using":"xpath","value":"//*[@id=\"backBtn\"]"}
COMMAND: POST /session/9acbeaa92b99fefe4a7dfe42c06eba25/elements - {"using":"xpath","value":"//*[@id=\"backBtn\"]"}
RESULT: {"using":"xpath","value":"//*[@id=\"backBtn\"]"}
COMMAND: POST /session/9acbeaa92b99fefe4a7dfe42c06eba25/elements - {"using":"xpath","value":"//*[@id=\"backBtn\"]"}
RESULT: {"using":"xpath","value":"//*[@id=\"backBtn\"]"}
COMMAND: POST /session/9acbeaa92b99fefe4a7dfe42c06eba25/elements - {"using":"xpath","value":"//*[@id=\"backBtn\"]"}
RESULT: {"using":"xpath","value":"//*[@id=\"backBtn\"]"}
COMMAND: POST /session/9acbeaa92b99fefe4a7dfe42c06eba25/elements - {"using":"xpath","value":"//*[@id=\"backBtn\"]"}
RESULT: {"using":"xpath","value":"//*[@id=\"backBtn\"]"}
]]></system-out>
    </testcase>
    <testcase classname="chrome.136_0_7103_49.windows.Sanity_Tests_US104253" name="Should open Jobs Setup page" time="35.978">
      <system-out><![CDATA[
COMMAND: POST /session/9acbeaa92b99fefe4a7dfe42c06eba25/execute/async - {"script":"<script> [1562 bytes]","args":[{"selector":{"controlType":"sap.m.GenericTile","properties":{"header":"Jobs Setup"}},"wdio_ui5_key":"sapm.GenericTile{\"header\":\"Jobs Setup\"}"}]}
COMMAND: POST /session/9acbeaa92b99fefe4a7dfe42c06eba25/elements - {"using":"xpath","value":"//*[@id=\"backBtn\"]"}
RESULT: {"script":"<script> [1562 bytes]","args":[{"selector":{"controlType":"sap.m.GenericTile","properties":{"header":"Jobs Setup"}},"wdio_ui5_key":"sapm.GenericTile{\"header\":\"Jobs Setup\"}"}]}
RESULT: undefined
COMMAND: POST /session/9acbeaa92b99fefe4a7dfe42c06eba25/element - {"using":"xpath","value":"//*[@id=\"__tile128\"]"}
RESULT: {"using":"xpath","value":"//*[@id=\"backBtn\"]"}
RESULT: {"using":"xpath","value":"//*[@id=\"__tile128\"]"}
COMMAND: POST /session/9acbeaa92b99fefe4a7dfe42c06eba25/element/f.01FBF2109C59626B32AF8377D21F3CC4.d.B515AFBB718F89349E930F76C756C68B.e.4530/click - {}
COMMAND: POST /session/9acbeaa92b99fefe4a7dfe42c06eba25/elements - {"using":"xpath","value":"//*[@id=\"backBtn\"]"}
RESULT: {}
COMMAND: GET /session/9acbeaa92b99fefe4a7dfe42c06eba25/screenshot - {}
RESULT: {"using":"xpath","value":"//*[@id=\"backBtn\"]"}
COMMAND: POST /session/9acbeaa92b99fefe4a7dfe42c06eba25/elements - {"using":"xpath","value":"//*[@id=\"backBtn\"]"}
RESULT: {}
RESULT: {"using":"xpath","value":"//*[@id=\"backBtn\"]"}
COMMAND: POST /session/9acbeaa92b99fefe4a7dfe42c06eba25/element - {"using":"xpath","value":"//*[@id=\"backBtn\"]"}
RESULT: {"using":"xpath","value":"//*[@id=\"backBtn\"]"}
COMMAND: POST /session/9acbeaa92b99fefe4a7dfe42c06eba25/element/f.01FBF2109C59626B32AF8377D21F3CC4.d.B515AFBB718F89349E930F76C756C68B.e.4479/click - {}
COMMAND: POST /session/9acbeaa92b99fefe4a7dfe42c06eba25/element - {"using":"xpath","value":"//*[@id=\"backBtn\"]"}
RESULT: {"using":"xpath","value":"//*[@id=\"backBtn\"]"}
COMMAND: POST /session/9acbeaa92b99fefe4a7dfe42c06eba25/element/f.01FBF2109C59626B32AF8377D21F3CC4.d.B515AFBB718F89349E930F76C756C68B.e.4618/click - {}
RESULT: {}
COMMAND: GET /session/9acbeaa92b99fefe4a7dfe42c06eba25/screenshot - {}
RESULT: {}
COMMAND: POST /session/9acbeaa92b99fefe4a7dfe42c06eba25/elements - {"using":"xpath","value":"//span[text()='Error']"}
RESULT: {"using":"xpath","value":"//span[text()='Error']"}
RESULT: undefined
COMMAND: POST /session/9acbeaa92b99fefe4a7dfe42c06eba25/element - {"using":"xpath","value":"//*[@id=\"__tile128\"]"}
RESULT: {"using":"xpath","value":"//*[@id=\"__tile128\"]"}
COMMAND: POST /session/9acbeaa92b99fefe4a7dfe42c06eba25/element/f.01FBF2109C59626B32AF8377D21F3CC4.d.B515AFBB718F89349E930F76C756C68B.e.4530/click - {}
RESULT: undefined
COMMAND: POST /session/9acbeaa92b99fefe4a7dfe42c06eba25/element - {"using":"xpath","value":"//*[@id=\"__tile128\"]"}
RESULT: {"using":"xpath","value":"//*[@id=\"__tile128\"]"}
COMMAND: POST /session/9acbeaa92b99fefe4a7dfe42c06eba25/element/f.01FBF2109C59626B32AF8377D21F3CC4.d.B515AFBB718F89349E930F76C756C68B.e.4530/click - {}
RESULT: undefined
COMMAND: POST /session/9acbeaa92b99fefe4a7dfe42c06eba25/execute/async - {"script":"<script> [6424 bytes]","args":[{"element-6066-11e4-a52e-4f735466cecf":"f.01FBF2109C59626B32AF8377D21F3CC4.d.B515AFBB718F89349E930F76C756C68B.e.225"},"getTitle",[]]}
COMMAND: POST /session/9acbeaa92b99fefe4a7dfe42c06eba25/execute/async - {"script":"<script> [1562 bytes]","args":[{"selector":{"id":"shellAppTitle"},"wdio_ui5_key":"shellAppTitle"}]}
RESULT: {"script":"<script> [1562 bytes]","args":[{"selector":{"id":"shellAppTitle"},"wdio_ui5_key":"shellAppTitle"}]}
COMMAND: POST /session/9acbeaa92b99fefe4a7dfe42c06eba25/execute/async - {"script":"<script> [6424 bytes]","args":[{"element-6066-11e4-a52e-4f735466cecf":"f.01FBF2109C59626B32AF8377D21F3CC4.d.B515AFBB718F89349E930F76C756C68B.e.4619"},"getTitle",[]]}
RESULT: {"script":"<script> [6424 bytes]","args":[{"element-6066-11e4-a52e-4f735466cecf":"f.01FBF2109C59626B32AF8377D21F3CC4.d.B515AFBB718F89349E930F76C756C68B.e.4619"},"getTitle",[]]}
RESULT: undefined
COMMAND: POST /session/9acbeaa92b99fefe4a7dfe42c06eba25/element/f.01FBF2109C59626B32AF8377D21F3CC4.d.B515AFBB718F89349E930F76C756C68B.e.4618/click - {}
COMMAND: POST /session/9acbeaa92b99fefe4a7dfe42c06eba25/element/f.01FBF2109C59626B32AF8377D21F3CC4.d.B515AFBB718F89349E930F76C756C68B.e.4618/click - {}
RESULT: {}
COMMAND: GET /session/9acbeaa92b99fefe4a7dfe42c06eba25/screenshot - {}
RESULT: {}
COMMAND: GET /session/9acbeaa92b99fefe4a7dfe42c06eba25/screenshot - {}
RESULT: {}
RESULT: {}
]]></system-out>
    </testcase>
    <testcase classname="chrome.136_0_7103_49.windows.Sanity_Tests_US104253" name="Should open Target Systems Configuration page" time="36.423">
      <system-out><![CDATA[
COMMAND: POST /session/9acbeaa92b99fefe4a7dfe42c06eba25/execute/async - {"script":"<script> [1562 bytes]","args":[{"selector":{"controlType":"sap.m.GenericTile","properties":{"header":"Target Systems Configuration"}},"wdio_ui5_key":"sapm.GenericTile{\"header\":\"Target Systems Configuration\"}"}]}
RESULT: {"script":"<script> [1562 bytes]","args":[{"selector":{"controlType":"sap.m.GenericTile","properties":{"header":"Target Systems Configuration"}},"wdio_ui5_key":"sapm.GenericTile{\"header\":\"Target Systems Configuration\"}"}]}
RESULT: undefined
COMMAND: POST /session/9acbeaa92b99fefe4a7dfe42c06eba25/element - {"using":"xpath","value":"//*[@id=\"__tile129\"]"}
RESULT: {"using":"xpath","value":"//*[@id=\"__tile129\"]"}
COMMAND: POST /session/9acbeaa92b99fefe4a7dfe42c06eba25/element/f.01FBF2109C59626B32AF8377D21F3CC4.d.B515AFBB718F89349E930F76C756C68B.e.4621/click - {}
RESULT: {}
COMMAND: GET /session/9acbeaa92b99fefe4a7dfe42c06eba25/screenshot - {}
RESULT: {}
COMMAND: POST /session/9acbeaa92b99fefe4a7dfe42c06eba25/elements - {"using":"xpath","value":"//span[text()='Error']"}
RESULT: {"using":"xpath","value":"//span[text()='Error']"}
RESULT: undefined
COMMAND: POST /session/9acbeaa92b99fefe4a7dfe42c06eba25/element - {"using":"xpath","value":"//*[@id=\"__tile129\"]"}
RESULT: {"using":"xpath","value":"//*[@id=\"__tile129\"]"}
COMMAND: POST /session/9acbeaa92b99fefe4a7dfe42c06eba25/element/f.01FBF2109C59626B32AF8377D21F3CC4.d.B515AFBB718F89349E930F76C756C68B.e.4621/click - {}
RESULT: undefined
COMMAND: POST /session/9acbeaa92b99fefe4a7dfe42c06eba25/element - {"using":"xpath","value":"//*[@id=\"__tile129\"]"}
RESULT: {"using":"xpath","value":"//*[@id=\"__tile129\"]"}
COMMAND: POST /session/9acbeaa92b99fefe4a7dfe42c06eba25/element/f.01FBF2109C59626B32AF8377D21F3CC4.d.B515AFBB718F89349E930F76C756C68B.e.4621/click - {}
RESULT: undefined
COMMAND: POST /session/9acbeaa92b99fefe4a7dfe42c06eba25/execute/async - {"script":"<script> [6424 bytes]","args":[{"element-6066-11e4-a52e-4f735466cecf":"f.01FBF2109C59626B32AF8377D21F3CC4.d.B515AFBB718F89349E930F76C756C68B.e.225"},"getTitle",[]]}
COMMAND: POST /session/9acbeaa92b99fefe4a7dfe42c06eba25/execute/async - {"script":"<script> [1562 bytes]","args":[{"selector":{"id":"shellAppTitle"},"wdio_ui5_key":"shellAppTitle"}]}
RESULT: {"script":"<script> [1562 bytes]","args":[{"selector":{"id":"shellAppTitle"},"wdio_ui5_key":"shellAppTitle"}]}
COMMAND: POST /session/9acbeaa92b99fefe4a7dfe42c06eba25/execute/async - {"script":"<script> [6424 bytes]","args":[{"element-6066-11e4-a52e-4f735466cecf":"f.01FBF2109C59626B32AF8377D21F3CC4.d.B515AFBB718F89349E930F76C756C68B.e.4707"},"getTitle",[]]}
RESULT: {"script":"<script> [6424 bytes]","args":[{"element-6066-11e4-a52e-4f735466cecf":"f.01FBF2109C59626B32AF8377D21F3CC4.d.B515AFBB718F89349E930F76C756C68B.e.4707"},"getTitle",[]]}
RESULT: undefined
COMMAND: POST /session/9acbeaa92b99fefe4a7dfe42c06eba25/element/f.01FBF2109C59626B32AF8377D21F3CC4.d.B515AFBB718F89349E930F76C756C68B.e.4618/click - {}
COMMAND: POST /session/9acbeaa92b99fefe4a7dfe42c06eba25/element/f.01FBF2109C59626B32AF8377D21F3CC4.d.B515AFBB718F89349E930F76C756C68B.e.4618/click - {}
RESULT: {}
COMMAND: GET /session/9acbeaa92b99fefe4a7dfe42c06eba25/screenshot - {}
COMMAND: POST /session/9acbeaa92b99fefe4a7dfe42c06eba25/element - {"using":"xpath","value":"//*[@id=\"backBtn\"]"}
RESULT: {}
RESULT: {"using":"xpath","value":"//*[@id=\"backBtn\"]"}
COMMAND: POST /session/9acbeaa92b99fefe4a7dfe42c06eba25/elements - {"using":"xpath","value":"//*[@id=\"backBtn\"]"}
RESULT: {"using":"xpath","value":"//*[@id=\"backBtn\"]"}
COMMAND: POST /session/9acbeaa92b99fefe4a7dfe42c06eba25/elements - {"using":"xpath","value":"//*[@id=\"backBtn\"]"}
RESULT: {"using":"xpath","value":"//*[@id=\"backBtn\"]"}
COMMAND: POST /session/9acbeaa92b99fefe4a7dfe42c06eba25/elements - {"using":"xpath","value":"//*[@id=\"backBtn\"]"}
RESULT: {"using":"xpath","value":"//*[@id=\"backBtn\"]"}
COMMAND: POST /session/9acbeaa92b99fefe4a7dfe42c06eba25/elements - {"using":"xpath","value":"//*[@id=\"backBtn\"]"}
RESULT: {"using":"xpath","value":"//*[@id=\"backBtn\"]"}
COMMAND: POST /session/9acbeaa92b99fefe4a7dfe42c06eba25/elements - {"using":"xpath","value":"//*[@id=\"backBtn\"]"}
RESULT: {"using":"xpath","value":"//*[@id=\"backBtn\"]"}
COMMAND: POST /session/9acbeaa92b99fefe4a7dfe42c06eba25/elements - {"using":"xpath","value":"//*[@id=\"backBtn\"]"}
RESULT: {"using":"xpath","value":"//*[@id=\"backBtn\"]"}
COMMAND: POST /session/9acbeaa92b99fefe4a7dfe42c06eba25/elements - {"using":"xpath","value":"//*[@id=\"backBtn\"]"}
RESULT: {"using":"xpath","value":"//*[@id=\"backBtn\"]"}
COMMAND: POST /session/9acbeaa92b99fefe4a7dfe42c06eba25/elements - {"using":"xpath","value":"//*[@id=\"backBtn\"]"}
RESULT: {"using":"xpath","value":"//*[@id=\"backBtn\"]"}
COMMAND: POST /session/9acbeaa92b99fefe4a7dfe42c06eba25/elements - {"using":"xpath","value":"//*[@id=\"backBtn\"]"}
RESULT: {"using":"xpath","value":"//*[@id=\"backBtn\"]"}
COMMAND: POST /session/9acbeaa92b99fefe4a7dfe42c06eba25/elements - {"using":"xpath","value":"//*[@id=\"backBtn\"]"}
RESULT: {"using":"xpath","value":"//*[@id=\"backBtn\"]"}
COMMAND: POST /session/9acbeaa92b99fefe4a7dfe42c06eba25/elements - {"using":"xpath","value":"//*[@id=\"backBtn\"]"}
RESULT: {"using":"xpath","value":"//*[@id=\"backBtn\"]"}
COMMAND: POST /session/9acbeaa92b99fefe4a7dfe42c06eba25/elements - {"using":"xpath","value":"//*[@id=\"backBtn\"]"}
RESULT: {"using":"xpath","value":"//*[@id=\"backBtn\"]"}
COMMAND: POST /session/9acbeaa92b99fefe4a7dfe42c06eba25/elements - {"using":"xpath","value":"//*[@id=\"backBtn\"]"}
RESULT: {"using":"xpath","value":"//*[@id=\"backBtn\"]"}
COMMAND: POST /session/9acbeaa92b99fefe4a7dfe42c06eba25/elements - {"using":"xpath","value":"//*[@id=\"backBtn\"]"}
RESULT: {"using":"xpath","value":"//*[@id=\"backBtn\"]"}
COMMAND: POST /session/9acbeaa92b99fefe4a7dfe42c06eba25/elements - {"using":"xpath","value":"//*[@id=\"backBtn\"]"}
RESULT: {"using":"xpath","value":"//*[@id=\"backBtn\"]"}
COMMAND: POST /session/9acbeaa92b99fefe4a7dfe42c06eba25/elements - {"using":"xpath","value":"//*[@id=\"backBtn\"]"}
RESULT: {"using":"xpath","value":"//*[@id=\"backBtn\"]"}
COMMAND: POST /session/9acbeaa92b99fefe4a7dfe42c06eba25/elements - {"using":"xpath","value":"//*[@id=\"backBtn\"]"}
RESULT: {"using":"xpath","value":"//*[@id=\"backBtn\"]"}
COMMAND: POST /session/9acbeaa92b99fefe4a7dfe42c06eba25/elements - {"using":"xpath","value":"//*[@id=\"backBtn\"]"}
RESULT: {"using":"xpath","value":"//*[@id=\"backBtn\"]"}
COMMAND: POST /session/9acbeaa92b99fefe4a7dfe42c06eba25/elements - {"using":"xpath","value":"//*[@id=\"backBtn\"]"}
COMMAND: GET /session/9acbeaa92b99fefe4a7dfe42c06eba25/screenshot - {}
RESULT: {"using":"xpath","value":"//*[@id=\"backBtn\"]"}
COMMAND: POST /session/9acbeaa92b99fefe4a7dfe42c06eba25/elements - {"using":"xpath","value":"//*[@id=\"backBtn\"]"}
RESULT: {}
RESULT: {"using":"xpath","value":"//*[@id=\"backBtn\"]"}
COMMAND: POST /session/9acbeaa92b99fefe4a7dfe42c06eba25/elements - {"using":"xpath","value":"//*[@id=\"backBtn\"]"}
RESULT: {"using":"xpath","value":"//*[@id=\"backBtn\"]"}
COMMAND: POST /session/9acbeaa92b99fefe4a7dfe42c06eba25/elements - {"using":"xpath","value":"//*[@id=\"backBtn\"]"}
RESULT: {"using":"xpath","value":"//*[@id=\"backBtn\"]"}
COMMAND: POST /session/9acbeaa92b99fefe4a7dfe42c06eba25/elements - {"using":"xpath","value":"//*[@id=\"backBtn\"]"}
RESULT: {"using":"xpath","value":"//*[@id=\"backBtn\"]"}
COMMAND: POST /session/9acbeaa92b99fefe4a7dfe42c06eba25/elements - {"using":"xpath","value":"//*[@id=\"backBtn\"]"}
RESULT: {"using":"xpath","value":"//*[@id=\"backBtn\"]"}
COMMAND: POST /session/9acbeaa92b99fefe4a7dfe42c06eba25/elements - {"using":"xpath","value":"//*[@id=\"backBtn\"]"}
RESULT: {"using":"xpath","value":"//*[@id=\"backBtn\"]"}
COMMAND: POST /session/9acbeaa92b99fefe4a7dfe42c06eba25/elements - {"using":"xpath","value":"//*[@id=\"backBtn\"]"}
RESULT: {"using":"xpath","value":"//*[@id=\"backBtn\"]"}
COMMAND: POST /session/9acbeaa92b99fefe4a7dfe42c06eba25/elements - {"using":"xpath","value":"//*[@id=\"backBtn\"]"}
RESULT: {"using":"xpath","value":"//*[@id=\"backBtn\"]"}
COMMAND: POST /session/9acbeaa92b99fefe4a7dfe42c06eba25/elements - {"using":"xpath","value":"//*[@id=\"backBtn\"]"}
RESULT: {"using":"xpath","value":"//*[@id=\"backBtn\"]"}
COMMAND: POST /session/9acbeaa92b99fefe4a7dfe42c06eba25/elements - {"using":"xpath","value":"//*[@id=\"backBtn\"]"}
RESULT: {"using":"xpath","value":"//*[@id=\"backBtn\"]"}
COMMAND: POST /session/9acbeaa92b99fefe4a7dfe42c06eba25/elements - {"using":"xpath","value":"//*[@id=\"backBtn\"]"}
RESULT: {"using":"xpath","value":"//*[@id=\"backBtn\"]"}
COMMAND: POST /session/9acbeaa92b99fefe4a7dfe42c06eba25/elements - {"using":"xpath","value":"//*[@id=\"backBtn\"]"}
RESULT: {"using":"xpath","value":"//*[@id=\"backBtn\"]"}
COMMAND: POST /session/9acbeaa92b99fefe4a7dfe42c06eba25/elements - {"using":"xpath","value":"//*[@id=\"backBtn\"]"}
RESULT: {"using":"xpath","value":"//*[@id=\"backBtn\"]"}
COMMAND: POST /session/9acbeaa92b99fefe4a7dfe42c06eba25/elements - {"using":"xpath","value":"//*[@id=\"backBtn\"]"}
RESULT: {"using":"xpath","value":"//*[@id=\"backBtn\"]"}
COMMAND: POST /session/9acbeaa92b99fefe4a7dfe42c06eba25/elements - {"using":"xpath","value":"//*[@id=\"backBtn\"]"}
RESULT: {"using":"xpath","value":"//*[@id=\"backBtn\"]"}
COMMAND: POST /session/9acbeaa92b99fefe4a7dfe42c06eba25/elements - {"using":"xpath","value":"//*[@id=\"backBtn\"]"}
RESULT: {"using":"xpath","value":"//*[@id=\"backBtn\"]"}
COMMAND: POST /session/9acbeaa92b99fefe4a7dfe42c06eba25/elements - {"using":"xpath","value":"//*[@id=\"backBtn\"]"}
RESULT: {"using":"xpath","value":"//*[@id=\"backBtn\"]"}
COMMAND: POST /session/9acbeaa92b99fefe4a7dfe42c06eba25/elements - {"using":"xpath","value":"//*[@id=\"backBtn\"]"}
RESULT: {"using":"xpath","value":"//*[@id=\"backBtn\"]"}
COMMAND: POST /session/9acbeaa92b99fefe4a7dfe42c06eba25/elements - {"using":"xpath","value":"//*[@id=\"backBtn\"]"}
RESULT: {"using":"xpath","value":"//*[@id=\"backBtn\"]"}
COMMAND: POST /session/9acbeaa92b99fefe4a7dfe42c06eba25/elements - {"using":"xpath","value":"//*[@id=\"backBtn\"]"}
RESULT: {"using":"xpath","value":"//*[@id=\"backBtn\"]"}
COMMAND: POST /session/9acbeaa92b99fefe4a7dfe42c06eba25/elements - {"using":"xpath","value":"//*[@id=\"backBtn\"]"}
RESULT: {"using":"xpath","value":"//*[@id=\"backBtn\"]"}
COMMAND: POST /session/9acbeaa92b99fefe4a7dfe42c06eba25/elements - {"using":"xpath","value":"//*[@id=\"backBtn\"]"}
RESULT: {"using":"xpath","value":"//*[@id=\"backBtn\"]"}
COMMAND: POST /session/9acbeaa92b99fefe4a7dfe42c06eba25/elements - {"using":"xpath","value":"//*[@id=\"backBtn\"]"}
RESULT: {"using":"xpath","value":"//*[@id=\"backBtn\"]"}
COMMAND: POST /session/9acbeaa92b99fefe4a7dfe42c06eba25/elements - {"using":"xpath","value":"//*[@id=\"backBtn\"]"}
RESULT: {"using":"xpath","value":"//*[@id=\"backBtn\"]"}
COMMAND: POST /session/9acbeaa92b99fefe4a7dfe42c06eba25/elements - {"using":"xpath","value":"//*[@id=\"backBtn\"]"}
RESULT: {"using":"xpath","value":"//*[@id=\"backBtn\"]"}
COMMAND: POST /session/9acbeaa92b99fefe4a7dfe42c06eba25/elements - {"using":"xpath","value":"//*[@id=\"backBtn\"]"}
RESULT: {"using":"xpath","value":"//*[@id=\"backBtn\"]"}
COMMAND: POST /session/9acbeaa92b99fefe4a7dfe42c06eba25/elements - {"using":"xpath","value":"//*[@id=\"backBtn\"]"}
RESULT: {"using":"xpath","value":"//*[@id=\"backBtn\"]"}
COMMAND: POST /session/9acbeaa92b99fefe4a7dfe42c06eba25/elements - {"using":"xpath","value":"//*[@id=\"backBtn\"]"}
RESULT: {"using":"xpath","value":"//*[@id=\"backBtn\"]"}
COMMAND: POST /session/9acbeaa92b99fefe4a7dfe42c06eba25/elements - {"using":"xpath","value":"//*[@id=\"backBtn\"]"}
RESULT: {"using":"xpath","value":"//*[@id=\"backBtn\"]"}
COMMAND: POST /session/9acbeaa92b99fefe4a7dfe42c06eba25/elements - {"using":"xpath","value":"//*[@id=\"backBtn\"]"}
RESULT: {"using":"xpath","value":"//*[@id=\"backBtn\"]"}
COMMAND: POST /session/9acbeaa92b99fefe4a7dfe42c06eba25/elements - {"using":"xpath","value":"//*[@id=\"backBtn\"]"}
RESULT: {"using":"xpath","value":"//*[@id=\"backBtn\"]"}
COMMAND: POST /session/9acbeaa92b99fefe4a7dfe42c06eba25/elements - {"using":"xpath","value":"//*[@id=\"backBtn\"]"}
RESULT: {"using":"xpath","value":"//*[@id=\"backBtn\"]"}
COMMAND: POST /session/9acbeaa92b99fefe4a7dfe42c06eba25/elements - {"using":"xpath","value":"//*[@id=\"backBtn\"]"}
RESULT: {"using":"xpath","value":"//*[@id=\"backBtn\"]"}
COMMAND: POST /session/9acbeaa92b99fefe4a7dfe42c06eba25/elements - {"using":"xpath","value":"//*[@id=\"backBtn\"]"}
RESULT: {"using":"xpath","value":"//*[@id=\"backBtn\"]"}
COMMAND: POST /session/9acbeaa92b99fefe4a7dfe42c06eba25/elements - {"using":"xpath","value":"//*[@id=\"backBtn\"]"}
RESULT: {"using":"xpath","value":"//*[@id=\"backBtn\"]"}
COMMAND: POST /session/9acbeaa92b99fefe4a7dfe42c06eba25/elements - {"using":"xpath","value":"//*[@id=\"backBtn\"]"}
RESULT: {"using":"xpath","value":"//*[@id=\"backBtn\"]"}
COMMAND: POST /session/9acbeaa92b99fefe4a7dfe42c06eba25/elements - {"using":"xpath","value":"//*[@id=\"backBtn\"]"}
RESULT: {"using":"xpath","value":"//*[@id=\"backBtn\"]"}
COMMAND: POST /session/9acbeaa92b99fefe4a7dfe42c06eba25/elements - {"using":"xpath","value":"//*[@id=\"backBtn\"]"}
RESULT: {"using":"xpath","value":"//*[@id=\"backBtn\"]"}
COMMAND: POST /session/9acbeaa92b99fefe4a7dfe42c06eba25/elements - {"using":"xpath","value":"//*[@id=\"backBtn\"]"}
RESULT: {"using":"xpath","value":"//*[@id=\"backBtn\"]"}
COMMAND: POST /session/9acbeaa92b99fefe4a7dfe42c06eba25/elements - {"using":"xpath","value":"//*[@id=\"backBtn\"]"}
RESULT: {"using":"xpath","value":"//*[@id=\"backBtn\"]"}
COMMAND: POST /session/9acbeaa92b99fefe4a7dfe42c06eba25/elements - {"using":"xpath","value":"//*[@id=\"backBtn\"]"}
RESULT: {"using":"xpath","value":"//*[@id=\"backBtn\"]"}
COMMAND: POST /session/9acbeaa92b99fefe4a7dfe42c06eba25/elements - {"using":"xpath","value":"//*[@id=\"backBtn\"]"}
RESULT: {"using":"xpath","value":"//*[@id=\"backBtn\"]"}
COMMAND: POST /session/9acbeaa92b99fefe4a7dfe42c06eba25/elements - {"using":"xpath","value":"//*[@id=\"backBtn\"]"}
RESULT: {"using":"xpath","value":"//*[@id=\"backBtn\"]"}
COMMAND: POST /session/9acbeaa92b99fefe4a7dfe42c06eba25/elements - {"using":"xpath","value":"//*[@id=\"backBtn\"]"}
RESULT: {"using":"xpath","value":"//*[@id=\"backBtn\"]"}
COMMAND: POST /session/9acbeaa92b99fefe4a7dfe42c06eba25/elements - {"using":"xpath","value":"//*[@id=\"backBtn\"]"}
RESULT: {"using":"xpath","value":"//*[@id=\"backBtn\"]"}
COMMAND: POST /session/9acbeaa92b99fefe4a7dfe42c06eba25/elements - {"using":"xpath","value":"//*[@id=\"backBtn\"]"}
RESULT: {"using":"xpath","value":"//*[@id=\"backBtn\"]"}
COMMAND: POST /session/9acbeaa92b99fefe4a7dfe42c06eba25/elements - {"using":"xpath","value":"//*[@id=\"backBtn\"]"}
RESULT: {"using":"xpath","value":"//*[@id=\"backBtn\"]"}
COMMAND: POST /session/9acbeaa92b99fefe4a7dfe42c06eba25/elements - {"using":"xpath","value":"//*[@id=\"backBtn\"]"}
RESULT: {"using":"xpath","value":"//*[@id=\"backBtn\"]"}
COMMAND: POST /session/9acbeaa92b99fefe4a7dfe42c06eba25/elements - {"using":"xpath","value":"//*[@id=\"backBtn\"]"}
RESULT: {"using":"xpath","value":"//*[@id=\"backBtn\"]"}
COMMAND: POST /session/9acbeaa92b99fefe4a7dfe42c06eba25/elements - {"using":"xpath","value":"//*[@id=\"backBtn\"]"}
RESULT: {"using":"xpath","value":"//*[@id=\"backBtn\"]"}
COMMAND: POST /session/9acbeaa92b99fefe4a7dfe42c06eba25/elements - {"using":"xpath","value":"//*[@id=\"backBtn\"]"}
RESULT: {"using":"xpath","value":"//*[@id=\"backBtn\"]"}
COMMAND: POST /session/9acbeaa92b99fefe4a7dfe42c06eba25/elements - {"using":"xpath","value":"//*[@id=\"backBtn\"]"}
RESULT: {"using":"xpath","value":"//*[@id=\"backBtn\"]"}
COMMAND: POST /session/9acbeaa92b99fefe4a7dfe42c06eba25/elements - {"using":"xpath","value":"//*[@id=\"backBtn\"]"}
RESULT: {"using":"xpath","value":"//*[@id=\"backBtn\"]"}
COMMAND: POST /session/9acbeaa92b99fefe4a7dfe42c06eba25/elements - {"using":"xpath","value":"//*[@id=\"backBtn\"]"}
RESULT: {"using":"xpath","value":"//*[@id=\"backBtn\"]"}
COMMAND: POST /session/9acbeaa92b99fefe4a7dfe42c06eba25/elements - {"using":"xpath","value":"//*[@id=\"backBtn\"]"}
RESULT: {"using":"xpath","value":"//*[@id=\"backBtn\"]"}
COMMAND: POST /session/9acbeaa92b99fefe4a7dfe42c06eba25/elements - {"using":"xpath","value":"//*[@id=\"backBtn\"]"}
RESULT: {"using":"xpath","value":"//*[@id=\"backBtn\"]"}
COMMAND: POST /session/9acbeaa92b99fefe4a7dfe42c06eba25/elements - {"using":"xpath","value":"//*[@id=\"backBtn\"]"}
RESULT: {"using":"xpath","value":"//*[@id=\"backBtn\"]"}
COMMAND: POST /session/9acbeaa92b99fefe4a7dfe42c06eba25/elements - {"using":"xpath","value":"//*[@id=\"backBtn\"]"}
RESULT: {"using":"xpath","value":"//*[@id=\"backBtn\"]"}
COMMAND: POST /session/9acbeaa92b99fefe4a7dfe42c06eba25/elements - {"using":"xpath","value":"//*[@id=\"backBtn\"]"}
RESULT: {"using":"xpath","value":"//*[@id=\"backBtn\"]"}
COMMAND: POST /session/9acbeaa92b99fefe4a7dfe42c06eba25/elements - {"using":"xpath","value":"//*[@id=\"backBtn\"]"}
RESULT: {"using":"xpath","value":"//*[@id=\"backBtn\"]"}
COMMAND: POST /session/9acbeaa92b99fefe4a7dfe42c06eba25/elements - {"using":"xpath","value":"//*[@id=\"backBtn\"]"}
RESULT: {"using":"xpath","value":"//*[@id=\"backBtn\"]"}
COMMAND: POST /session/9acbeaa92b99fefe4a7dfe42c06eba25/elements - {"using":"xpath","value":"//*[@id=\"backBtn\"]"}
RESULT: {"using":"xpath","value":"//*[@id=\"backBtn\"]"}
COMMAND: POST /session/9acbeaa92b99fefe4a7dfe42c06eba25/elements - {"using":"xpath","value":"//*[@id=\"backBtn\"]"}
RESULT: {"using":"xpath","value":"//*[@id=\"backBtn\"]"}
COMMAND: POST /session/9acbeaa92b99fefe4a7dfe42c06eba25/elements - {"using":"xpath","value":"//*[@id=\"backBtn\"]"}
RESULT: {"using":"xpath","value":"//*[@id=\"backBtn\"]"}
COMMAND: POST /session/9acbeaa92b99fefe4a7dfe42c06eba25/elements - {"using":"xpath","value":"//*[@id=\"backBtn\"]"}
RESULT: {"using":"xpath","value":"//*[@id=\"backBtn\"]"}
COMMAND: POST /session/9acbeaa92b99fefe4a7dfe42c06eba25/elements - {"using":"xpath","value":"//*[@id=\"backBtn\"]"}
RESULT: {"using":"xpath","value":"//*[@id=\"backBtn\"]"}
COMMAND: POST /session/9acbeaa92b99fefe4a7dfe42c06eba25/elements - {"using":"xpath","value":"//*[@id=\"backBtn\"]"}
RESULT: {"using":"xpath","value":"//*[@id=\"backBtn\"]"}
COMMAND: POST /session/9acbeaa92b99fefe4a7dfe42c06eba25/elements - {"using":"xpath","value":"//*[@id=\"backBtn\"]"}
RESULT: {"using":"xpath","value":"//*[@id=\"backBtn\"]"}
COMMAND: POST /session/9acbeaa92b99fefe4a7dfe42c06eba25/elements - {"using":"xpath","value":"//*[@id=\"backBtn\"]"}
RESULT: {"using":"xpath","value":"//*[@id=\"backBtn\"]"}
COMMAND: POST /session/9acbeaa92b99fefe4a7dfe42c06eba25/elements - {"using":"xpath","value":"//*[@id=\"backBtn\"]"}
RESULT: {"using":"xpath","value":"//*[@id=\"backBtn\"]"}
COMMAND: POST /session/9acbeaa92b99fefe4a7dfe42c06eba25/elements - {"using":"xpath","value":"//*[@id=\"backBtn\"]"}
RESULT: {"using":"xpath","value":"//*[@id=\"backBtn\"]"}
COMMAND: POST /session/9acbeaa92b99fefe4a7dfe42c06eba25/elements - {"using":"xpath","value":"//*[@id=\"backBtn\"]"}
RESULT: {"using":"xpath","value":"//*[@id=\"backBtn\"]"}
COMMAND: POST /session/9acbeaa92b99fefe4a7dfe42c06eba25/elements - {"using":"xpath","value":"//*[@id=\"backBtn\"]"}
RESULT: {"using":"xpath","value":"//*[@id=\"backBtn\"]"}
COMMAND: POST /session/9acbeaa92b99fefe4a7dfe42c06eba25/elements - {"using":"xpath","value":"//*[@id=\"backBtn\"]"}
RESULT: {"using":"xpath","value":"//*[@id=\"backBtn\"]"}
COMMAND: POST /session/9acbeaa92b99fefe4a7dfe42c06eba25/elements - {"using":"xpath","value":"//*[@id=\"backBtn\"]"}
RESULT: {"using":"xpath","value":"//*[@id=\"backBtn\"]"}
COMMAND: POST /session/9acbeaa92b99fefe4a7dfe42c06eba25/elements - {"using":"xpath","value":"//*[@id=\"backBtn\"]"}
RESULT: {"using":"xpath","value":"//*[@id=\"backBtn\"]"}
COMMAND: POST /session/9acbeaa92b99fefe4a7dfe42c06eba25/elements - {"using":"xpath","value":"//*[@id=\"backBtn\"]"}
RESULT: {"using":"xpath","value":"//*[@id=\"backBtn\"]"}
COMMAND: POST /session/9acbeaa92b99fefe4a7dfe42c06eba25/elements - {"using":"xpath","value":"//*[@id=\"backBtn\"]"}
RESULT: {"using":"xpath","value":"//*[@id=\"backBtn\"]"}
COMMAND: POST /session/9acbeaa92b99fefe4a7dfe42c06eba25/elements - {"using":"xpath","value":"//*[@id=\"backBtn\"]"}
RESULT: {"using":"xpath","value":"//*[@id=\"backBtn\"]"}
COMMAND: POST /session/9acbeaa92b99fefe4a7dfe42c06eba25/elements - {"using":"xpath","value":"//*[@id=\"backBtn\"]"}
RESULT: {"using":"xpath","value":"//*[@id=\"backBtn\"]"}
COMMAND: POST /session/9acbeaa92b99fefe4a7dfe42c06eba25/elements - {"using":"xpath","value":"//*[@id=\"backBtn\"]"}
RESULT: {"using":"xpath","value":"//*[@id=\"backBtn\"]"}
COMMAND: POST /session/9acbeaa92b99fefe4a7dfe42c06eba25/elements - {"using":"xpath","value":"//*[@id=\"backBtn\"]"}
RESULT: {"using":"xpath","value":"//*[@id=\"backBtn\"]"}
COMMAND: POST /session/9acbeaa92b99fefe4a7dfe42c06eba25/elements - {"using":"xpath","value":"//*[@id=\"backBtn\"]"}
RESULT: {"using":"xpath","value":"//*[@id=\"backBtn\"]"}
COMMAND: POST /session/9acbeaa92b99fefe4a7dfe42c06eba25/elements - {"using":"xpath","value":"//*[@id=\"backBtn\"]"}
RESULT: {"using":"xpath","value":"//*[@id=\"backBtn\"]"}
COMMAND: POST /session/9acbeaa92b99fefe4a7dfe42c06eba25/elements - {"using":"xpath","value":"//*[@id=\"backBtn\"]"}
RESULT: {"using":"xpath","value":"//*[@id=\"backBtn\"]"}
COMMAND: POST /session/9acbeaa92b99fefe4a7dfe42c06eba25/elements - {"using":"xpath","value":"//*[@id=\"backBtn\"]"}
RESULT: {"using":"xpath","value":"//*[@id=\"backBtn\"]"}
COMMAND: POST /session/9acbeaa92b99fefe4a7dfe42c06eba25/elements - {"using":"xpath","value":"//*[@id=\"backBtn\"]"}
RESULT: {"using":"xpath","value":"//*[@id=\"backBtn\"]"}
COMMAND: POST /session/9acbeaa92b99fefe4a7dfe42c06eba25/elements - {"using":"xpath","value":"//*[@id=\"backBtn\"]"}
RESULT: {"using":"xpath","value":"//*[@id=\"backBtn\"]"}
COMMAND: POST /session/9acbeaa92b99fefe4a7dfe42c06eba25/elements - {"using":"xpath","value":"//*[@id=\"backBtn\"]"}
RESULT: {"using":"xpath","value":"//*[@id=\"backBtn\"]"}
COMMAND: POST /session/9acbeaa92b99fefe4a7dfe42c06eba25/elements - {"using":"xpath","value":"//*[@id=\"backBtn\"]"}
RESULT: {"using":"xpath","value":"//*[@id=\"backBtn\"]"}
COMMAND: POST /session/9acbeaa92b99fefe4a7dfe42c06eba25/elements - {"using":"xpath","value":"//*[@id=\"backBtn\"]"}
RESULT: {"using":"xpath","value":"//*[@id=\"backBtn\"]"}
COMMAND: DELETE /session/9acbeaa92b99fefe4a7dfe42c06eba25 - {}
RESULT: {}
]]></system-out>
    </testcase>
  </testsuite>
</testsuites>