<?xml version="1.0" encoding="UTF-8"?>
<testsuites tests="15" failures="0" errors="0" skipped="0">
  <testsuite timestamp="2025-06-14T17:57:08" time="882.815" tests="9" failures="0" errors="0" skipped="0">
    <properties>
      <property name="specId" value="0"/>
      <property name="suiteName" value="Tests for Mass State Change on Manage States &amp; Performances US104416 US"/>
      <property name="capabilities" value="chrome.137_0_7151_69.windows"/>
      <property name="file" value="file:///D:/a/1/s/test/specs/HTR/create-mass-state-change.spec.js"/>
    </properties>
    <testcase classname="chrome.137_0_7151_69.windows.Tests_for_Mass_State_Change_on_Manage_States_&amp;_Performances_US104416_US" name="Prereq Should create a new yard used for all following tests" time="129.289">
      <system-out><![CDATA[
COMMAND: POST /session/c1955427c912c9ca8e293616318541a3/window/fullscreen - {}
RESULT: {}
COMMAND: POST /session/c1955427c912c9ca8e293616318541a3/execute/async - {"script":"<script> [1562 bytes]","args":[{"selector":{"controlType":"sap.m.GenericTile","properties":{"header":"Manage Yards"}},"wdio_ui5_key":"sapm.GenericTile{\"header\":\"Manage Yards\"}"}]}
RESULT: {"script":"<script> [1562 bytes]","args":[{"selector":{"controlType":"sap.m.GenericTile","properties":{"header":"Manage Yards"}},"wdio_ui5_key":"sapm.GenericTile{\"header\":\"Manage Yards\"}"}]}
RESULT: undefined
COMMAND: POST /session/c1955427c912c9ca8e293616318541a3/element - {"using":"xpath","value":"//*[@id=\"__tile42\"]"}
RESULT: {"using":"xpath","value":"//*[@id=\"__tile42\"]"}
COMMAND: POST /session/c1955427c912c9ca8e293616318541a3/element/f.5DBEA6FA2B2306711F2E61D56D394A89.d.7461A62964C355C474AE586D517C3381.e.164/click - {}
RESULT: {}
COMMAND: GET /session/c1955427c912c9ca8e293616318541a3/screenshot - {}
RESULT: {}
COMMAND: POST /session/c1955427c912c9ca8e293616318541a3/elements - {"using":"xpath","value":"//span[text()='Error']"}
RESULT: {"using":"xpath","value":"//span[text()='Error']"}
COMMAND: POST /session/c1955427c912c9ca8e293616318541a3/element - {"using":"xpath","value":"//button[@data-kt=\"addNewYardOverflowToolbarButton\"]"}
RESULT: {"using":"xpath","value":"//button[@data-kt=\"addNewYardOverflowToolbarButton\"]"}
COMMAND: POST /session/c1955427c912c9ca8e293616318541a3/elements - {"using":"xpath","value":"//button[@data-kt=\"addNewYardOverflowToolbarButton\"]"}
RESULT: {"using":"xpath","value":"//button[@data-kt=\"addNewYardOverflowToolbarButton\"]"}
COMMAND: POST /session/c1955427c912c9ca8e293616318541a3/elements - {"using":"xpath","value":"//button[@data-kt=\"addNewYardOverflowToolbarButton\"]"}
RESULT: {"using":"xpath","value":"//button[@data-kt=\"addNewYardOverflowToolbarButton\"]"}
COMMAND: POST /session/c1955427c912c9ca8e293616318541a3/elements - {"using":"xpath","value":"//button[@data-kt=\"addNewYardOverflowToolbarButton\"]"}
RESULT: {"using":"xpath","value":"//button[@data-kt=\"addNewYardOverflowToolbarButton\"]"}
COMMAND: POST /session/c1955427c912c9ca8e293616318541a3/element - {"using":"xpath","value":"//button[@data-kt=\"addNewYardOverflowToolbarButton\"]"}
RESULT: {"using":"xpath","value":"//button[@data-kt=\"addNewYardOverflowToolbarButton\"]"}
COMMAND: POST /session/c1955427c912c9ca8e293616318541a3/execute/sync - {"script":"<script> [8489 bytes]","args":[{"element-6066-11e4-a52e-4f735466cecf":"f.5DBEA6FA2B2306711F2E61D56D394A89.d.7461A62964C355C474AE586D517C3381.e.304","ELEMENT":"f.5DBEA6FA2B2306711F2E61D56D394A89.d.7461A62964C355C474AE586D517C3381.e.304"}]}
RESULT: {"script":"<script> [8489 bytes]","args":[{"element-6066-11e4-a52e-4f735466cecf":"f.5DBEA6FA2B2306711F2E61D56D394A89.d.7461A62964C355C474AE586D517C3381.e.304","ELEMENT":"f.5DBEA6FA2B2306711F2E61D56D394A89.d.7461A62964C355C474AE586D517C3381.e.304"}]}
COMMAND: GET /session/c1955427c912c9ca8e293616318541a3/element/f.5DBEA6FA2B2306711F2E61D56D394A89.d.7461A62964C355C474AE586D517C3381.e.304/enabled - {}
COMMAND: GET /session/c1955427c912c9ca8e293616318541a3/screenshot - {}
RESULT: {}
COMMAND: POST /session/c1955427c912c9ca8e293616318541a3/execute/sync - {"script":"<script> [8489 bytes]","args":[{"element-6066-11e4-a52e-4f735466cecf":"f.5DBEA6FA2B2306711F2E61D56D394A89.d.7461A62964C355C474AE586D517C3381.e.304","ELEMENT":"f.5DBEA6FA2B2306711F2E61D56D394A89.d.7461A62964C355C474AE586D517C3381.e.304"}]}
COMMAND: GET /session/c1955427c912c9ca8e293616318541a3/screenshot - {}
RESULT: {}
RESULT: {"script":"<script> [8489 bytes]","args":[{"element-6066-11e4-a52e-4f735466cecf":"f.5DBEA6FA2B2306711F2E61D56D394A89.d.7461A62964C355C474AE586D517C3381.e.304","ELEMENT":"f.5DBEA6FA2B2306711F2E61D56D394A89.d.7461A62964C355C474AE586D517C3381.e.304"}]}
COMMAND: POST /session/c1955427c912c9ca8e293616318541a3/execute/sync - {"script":"<script> [5351 bytes]","args":[{"element-6066-11e4-a52e-4f735466cecf":"f.5DBEA6FA2B2306711F2E61D56D394A89.d.7461A62964C355C474AE586D517C3381.e.304","ELEMENT":"f.5DBEA6FA2B2306711F2E61D56D394A89.d.7461A62964C355C474AE586D517C3381.e.304"}]}
RESULT: {}
COMMAND: GET /session/c1955427c912c9ca8e293616318541a3/screenshot - {}
RESULT: {"script":"<script> [5351 bytes]","args":[{"element-6066-11e4-a52e-4f735466cecf":"f.5DBEA6FA2B2306711F2E61D56D394A89.d.7461A62964C355C474AE586D517C3381.e.304","ELEMENT":"f.5DBEA6FA2B2306711F2E61D56D394A89.d.7461A62964C355C474AE586D517C3381.e.304"}]}
COMMAND: POST /session/c1955427c912c9ca8e293616318541a3/element/f.5DBEA6FA2B2306711F2E61D56D394A89.d.7461A62964C355C474AE586D517C3381.e.304/click - {}
COMMAND: GET /session/c1955427c912c9ca8e293616318541a3/screenshot - {}
RESULT: {}
RESULT: {}
COMMAND: GET /session/c1955427c912c9ca8e293616318541a3/screenshot - {}
RESULT: {}
RESULT: {}
COMMAND: POST /session/c1955427c912c9ca8e293616318541a3/element - {"using":"xpath","value":"//input[@id=\"application-manageyards-display-component---NewYard--yardId-inner\"]"}
RESULT: {"using":"xpath","value":"//input[@id=\"application-manageyards-display-component---NewYard--yardId-inner\"]"}
COMMAND: POST /session/c1955427c912c9ca8e293616318541a3/element - {"using":"xpath","value":"//input[@id=\"application-manageyards-display-component---NewYard--yardId-inner\"]"}
RESULT: {"using":"xpath","value":"//input[@id=\"application-manageyards-display-component---NewYard--yardId-inner\"]"}
COMMAND: POST /session/c1955427c912c9ca8e293616318541a3/execute/async - {"script":"<script> [1562 bytes]","args":[{"selector":{"id":"application-manageyards-display-component---NewYard--addressDetailDetailsName1","interaction":{"idSuffix":"inner"}},"wdio_ui5_key":"applicationmanageyards-display-component---NewYard--addressDetailDetailsName1"}]}
RESULT: {"script":"<script> [1562 bytes]","args":[{"selector":{"id":"application-manageyards-display-component---NewYard--addressDetailDetailsName1","interaction":{"idSuffix":"inner"}},"wdio_ui5_key":"applicationmanageyards-display-component---NewYard--addressDetailDetailsName1"}]}
RESULT: undefined
COMMAND: POST /session/c1955427c912c9ca8e293616318541a3/execute/async - {"script":"<script> [776 bytes]","args":[{"enterText":"Other Yard WDIO","selector":{"id":"application-manageyards-display-component---NewYard--addressDetailDetailsName1","interaction":{"idSuffix":"inner"}},"clearTextFirst":true,"interactionType":"ENTER_TEXT"}]}
RESULT: {"script":"<script> [776 bytes]","args":[{"enterText":"Other Yard WDIO","selector":{"id":"application-manageyards-display-component---NewYard--addressDetailDetailsName1","interaction":{"idSuffix":"inner"}},"clearTextFirst":true,"interactionType":"ENTER_TEXT"}]}
COMMAND: POST /session/c1955427c912c9ca8e293616318541a3/execute/async - {"script":"<script> [1562 bytes]","args":[{"selector":{"id":"application-manageyards-display-component---NewYard--addressDetailDetailsLanguage-arrow"},"wdio_ui5_key":"applicationmanageyards-display-component---NewYard--addressDetailDetailsLanguage-arrow"}]}
RESULT: {"script":"<script> [1562 bytes]","args":[{"selector":{"id":"application-manageyards-display-component---NewYard--addressDetailDetailsLanguage-arrow"},"wdio_ui5_key":"applicationmanageyards-display-component---NewYard--addressDetailDetailsLanguage-arrow"}]}
RESULT: undefined
COMMAND: POST /session/c1955427c912c9ca8e293616318541a3/element - {"using":"xpath","value":"//*[@id=\"application-manageyards-display-component---NewYard--addressDetailDetailsLanguage-arrow\"]"}
RESULT: {"using":"xpath","value":"//*[@id=\"application-manageyards-display-component---NewYard--addressDetailDetailsLanguage-arrow\"]"}
COMMAND: POST /session/c1955427c912c9ca8e293616318541a3/element/f.5DBEA6FA2B2306711F2E61D56D394A89.d.7461A62964C355C474AE586D517C3381.e.735/click - {}
RESULT: {}
COMMAND: POST /session/c1955427c912c9ca8e293616318541a3/element - {"using":"xpath","value":"//span[contains(text(), \"English\")]"}
COMMAND: GET /session/c1955427c912c9ca8e293616318541a3/screenshot - {}
RESULT: {"using":"xpath","value":"//span[contains(text(), \"English\")]"}
COMMAND: POST /session/c1955427c912c9ca8e293616318541a3/element/f.5DBEA6FA2B2306711F2E61D56D394A89.d.7461A62964C355C474AE586D517C3381.e.736/click - {}
RESULT: {}
RESULT: {}
COMMAND: POST /session/c1955427c912c9ca8e293616318541a3/execute/async - {"script":"<script> [1562 bytes]","args":[{"selector":{"id":"application-manageyards-display-component---NewYard--addressDetailDetailsCity1","interaction":{"idSuffix":"inner"}},"wdio_ui5_key":"applicationmanageyards-display-component---NewYard--addressDetailDetailsCity1"}]}
COMMAND: GET /session/c1955427c912c9ca8e293616318541a3/screenshot - {}
RESULT: {"script":"<script> [1562 bytes]","args":[{"selector":{"id":"application-manageyards-display-component---NewYard--addressDetailDetailsCity1","interaction":{"idSuffix":"inner"}},"wdio_ui5_key":"applicationmanageyards-display-component---NewYard--addressDetailDetailsCity1"}]}
RESULT: undefined
COMMAND: POST /session/c1955427c912c9ca8e293616318541a3/execute/async - {"script":"<script> [776 bytes]","args":[{"enterText":"Rosario","selector":{"id":"application-manageyards-display-component---NewYard--addressDetailDetailsCity1","interaction":{"idSuffix":"inner"}},"clearTextFirst":true,"interactionType":"ENTER_TEXT"}]}
RESULT: {}
RESULT: {"script":"<script> [776 bytes]","args":[{"enterText":"Rosario","selector":{"id":"application-manageyards-display-component---NewYard--addressDetailDetailsCity1","interaction":{"idSuffix":"inner"}},"clearTextFirst":true,"interactionType":"ENTER_TEXT"}]}
COMMAND: POST /session/c1955427c912c9ca8e293616318541a3/execute/async - {"script":"<script> [1562 bytes]","args":[{"selector":{"id":"application-manageyards-display-component---NewYard--addressDetailDetailsCountry-arrow"},"wdio_ui5_key":"applicationmanageyards-display-component---NewYard--addressDetailDetailsCountry-arrow"}]}
RESULT: {"script":"<script> [1562 bytes]","args":[{"selector":{"id":"application-manageyards-display-component---NewYard--addressDetailDetailsCountry-arrow"},"wdio_ui5_key":"applicationmanageyards-display-component---NewYard--addressDetailDetailsCountry-arrow"}]}
RESULT: undefined
COMMAND: POST /session/c1955427c912c9ca8e293616318541a3/element - {"using":"xpath","value":"//*[@id=\"application-manageyards-display-component---NewYard--addressDetailDetailsCountry-arrow\"]"}
RESULT: {"using":"xpath","value":"//*[@id=\"application-manageyards-display-component---NewYard--addressDetailDetailsCountry-arrow\"]"}
COMMAND: POST /session/c1955427c912c9ca8e293616318541a3/element/f.5DBEA6FA2B2306711F2E61D56D394A89.d.7461A62964C355C474AE586D517C3381.e.738/click - {}
RESULT: {}
COMMAND: POST /session/c1955427c912c9ca8e293616318541a3/element - {"using":"xpath","value":"//span[contains(text(), \"Argentina\")]"}
COMMAND: GET /session/c1955427c912c9ca8e293616318541a3/screenshot - {}
RESULT: {"using":"xpath","value":"//span[contains(text(), \"Argentina\")]"}
COMMAND: POST /session/c1955427c912c9ca8e293616318541a3/element/f.5DBEA6FA2B2306711F2E61D56D394A89.d.7461A62964C355C474AE586D517C3381.e.739/click - {}
RESULT: {}
RESULT: {}
COMMAND: POST /session/c1955427c912c9ca8e293616318541a3/execute/async - {"script":"<script> [1562 bytes]","args":[{"selector":{"id":"application-manageyards-display-component---NewYard--addressEditDetailsCostObjectCstType-arrow"},"wdio_ui5_key":"applicationmanageyards-display-component---NewYard--addressEditDetailsCostObjectCstType-arrow"}]}
COMMAND: GET /session/c1955427c912c9ca8e293616318541a3/screenshot - {}
RESULT: {"script":"<script> [1562 bytes]","args":[{"selector":{"id":"application-manageyards-display-component---NewYard--addressEditDetailsCostObjectCstType-arrow"},"wdio_ui5_key":"applicationmanageyards-display-component---NewYard--addressEditDetailsCostObjectCstType-arrow"}]}
RESULT: undefined
COMMAND: POST /session/c1955427c912c9ca8e293616318541a3/element - {"using":"xpath","value":"//*[@id=\"application-manageyards-display-component---NewYard--addressEditDetailsCostObjectCstType-arrow\"]"}
RESULT: {}
RESULT: {"using":"xpath","value":"//*[@id=\"application-manageyards-display-component---NewYard--addressEditDetailsCostObjectCstType-arrow\"]"}
COMMAND: POST /session/c1955427c912c9ca8e293616318541a3/element/f.5DBEA6FA2B2306711F2E61D56D394A89.d.7461A62964C355C474AE586D517C3381.e.740/click - {}
RESULT: {}
COMMAND: POST /session/c1955427c912c9ca8e293616318541a3/element - {"using":"xpath","value":"//span[contains(text(), \"Cost Center\")]"}
COMMAND: GET /session/c1955427c912c9ca8e293616318541a3/screenshot - {}
RESULT: {"using":"xpath","value":"//span[contains(text(), \"Cost Center\")]"}
COMMAND: POST /session/c1955427c912c9ca8e293616318541a3/element/f.5DBEA6FA2B2306711F2E61D56D394A89.d.7461A62964C355C474AE586D517C3381.e.741/click - {}
RESULT: {}
RESULT: {}
COMMAND: GET /session/c1955427c912c9ca8e293616318541a3/screenshot - {}
RESULT: {}
COMMAND: POST /session/c1955427c912c9ca8e293616318541a3/element - {"using":"xpath","value":"//span[@id=\"application-manageyards-display-component---NewYard--addressNewCostObjectCstID-vhi\"]"}
RESULT: {"using":"xpath","value":"//span[@id=\"application-manageyards-display-component---NewYard--addressNewCostObjectCstID-vhi\"]"}
COMMAND: POST /session/c1955427c912c9ca8e293616318541a3/execute/sync - {"script":"<script> [8489 bytes]","args":[{"element-6066-11e4-a52e-4f735466cecf":"f.5DBEA6FA2B2306711F2E61D56D394A89.d.7461A62964C355C474AE586D517C3381.e.745","ELEMENT":"f.5DBEA6FA2B2306711F2E61D56D394A89.d.7461A62964C355C474AE586D517C3381.e.745"}]}
RESULT: {"script":"<script> [8489 bytes]","args":[{"element-6066-11e4-a52e-4f735466cecf":"f.5DBEA6FA2B2306711F2E61D56D394A89.d.7461A62964C355C474AE586D517C3381.e.745","ELEMENT":"f.5DBEA6FA2B2306711F2E61D56D394A89.d.7461A62964C355C474AE586D517C3381.e.745"}]}
COMMAND: POST /session/c1955427c912c9ca8e293616318541a3/execute/async - {"script":"<script> [1562 bytes]","args":[{"selector":{"id":"application-manageyards-display-component---NewYard--addressNewCostObjectCstID-vhi"},"wdio_ui5_key":"applicationmanageyards-display-component---NewYard--addressNewCostObjectCstID-vhi"}]}
COMMAND: GET /session/c1955427c912c9ca8e293616318541a3/screenshot - {}
RESULT: {"script":"<script> [1562 bytes]","args":[{"selector":{"id":"application-manageyards-display-component---NewYard--addressNewCostObjectCstID-vhi"},"wdio_ui5_key":"applicationmanageyards-display-component---NewYard--addressNewCostObjectCstID-vhi"}]}
RESULT: undefined
COMMAND: POST /session/c1955427c912c9ca8e293616318541a3/element - {"using":"xpath","value":"//*[@id=\"application-manageyards-display-component---NewYard--addressNewCostObjectCstID-vhi\"]"}
RESULT: {}
RESULT: {"using":"xpath","value":"//*[@id=\"application-manageyards-display-component---NewYard--addressNewCostObjectCstID-vhi\"]"}
COMMAND: POST /session/c1955427c912c9ca8e293616318541a3/element/f.5DBEA6FA2B2306711F2E61D56D394A89.d.7461A62964C355C474AE586D517C3381.e.745/click - {}
RESULT: {}
COMMAND: GET /session/c1955427c912c9ca8e293616318541a3/screenshot - {}
RESULT: {}
COMMAND: POST /session/c1955427c912c9ca8e293616318541a3/execute/async - {"script":"<script> [1562 bytes]","args":[{"selector":{"controlType":"sap.m.SearchField","properties":{"placeholder":"Search"},"searchOpenDialogs":true,"interaction":{"idSuffix":"I"}},"wdio_ui5_key":"sapm.SearchField{\"placeholder\":\"Search\"}"}]}
RESULT: {"script":"<script> [1562 bytes]","args":[{"selector":{"controlType":"sap.m.SearchField","properties":{"placeholder":"Search"},"searchOpenDialogs":true,"interaction":{"idSuffix":"I"}},"wdio_ui5_key":"sapm.SearchField{\"placeholder\":\"Search\"}"}]}
RESULT: undefined
COMMAND: POST /session/c1955427c912c9ca8e293616318541a3/execute/async - {"script":"<script> [776 bytes]","args":[{"enterText":"bauh_b","selector":{"controlType":"sap.m.SearchField","properties":{"placeholder":"Search"},"searchOpenDialogs":true,"interaction":{"idSuffix":"I"}},"clearTextFirst":true,"interactionType":"ENTER_TEXT"}]}
RESULT: {"script":"<script> [776 bytes]","args":[{"enterText":"bauh_b","selector":{"controlType":"sap.m.SearchField","properties":{"placeholder":"Search"},"searchOpenDialogs":true,"interaction":{"idSuffix":"I"}},"clearTextFirst":true,"interactionType":"ENTER_TEXT"}]}
COMMAND: POST /session/c1955427c912c9ca8e293616318541a3/actions - {"actions":[{"id":"action1","type":"key","parameters":{},"actions":[{"type":"keyDown","value":""},{"type":"pause","duration":10},{"type":"keyUp","value":""}]}]}
RESULT: {"actions":[{"id":"action1","type":"key","parameters":{},"actions":[{"type":"keyDown","value":""},{"type":"pause","duration":10},{"type":"keyUp","value":""}]}]}
COMMAND: GET /session/c1955427c912c9ca8e293616318541a3/screenshot - {}
RESULT: {}
COMMAND: POST /session/c1955427c912c9ca8e293616318541a3/element - {"using":"xpath","value":"//span[contains(text(), \"Demo Yard\")]"}
RESULT: {"using":"xpath","value":"//span[contains(text(), \"Demo Yard\")]"}
COMMAND: POST /session/c1955427c912c9ca8e293616318541a3/element/f.5DBEA6FA2B2306711F2E61D56D394A89.d.7461A62964C355C474AE586D517C3381.e.785/click - {}
RESULT: {}
COMMAND: GET /session/c1955427c912c9ca8e293616318541a3/screenshot - {}
RESULT: {}
COMMAND: POST /session/c1955427c912c9ca8e293616318541a3/element - {"using":"xpath","value":"//bdi[contains(text(), \"OK\")]"}
RESULT: {"using":"xpath","value":"//bdi[contains(text(), \"OK\")]"}
COMMAND: POST /session/c1955427c912c9ca8e293616318541a3/element/f.5DBEA6FA2B2306711F2E61D56D394A89.d.7461A62964C355C474AE586D517C3381.e.786/click - {}
RESULT: {}
COMMAND: GET /session/c1955427c912c9ca8e293616318541a3/screenshot - {}
RESULT: {}
COMMAND: POST /session/c1955427c912c9ca8e293616318541a3/execute/async - {"script":"<script> [1562 bytes]","args":[{"selector":{"id":"application-manageyards-display-component---NewYard--addressEditDetailsCurrency-arrow"},"wdio_ui5_key":"applicationmanageyards-display-component---NewYard--addressEditDetailsCurrency-arrow"}]}
RESULT: {"script":"<script> [1562 bytes]","args":[{"selector":{"id":"application-manageyards-display-component---NewYard--addressEditDetailsCurrency-arrow"},"wdio_ui5_key":"applicationmanageyards-display-component---NewYard--addressEditDetailsCurrency-arrow"}]}
RESULT: undefined
COMMAND: POST /session/c1955427c912c9ca8e293616318541a3/element - {"using":"xpath","value":"//*[@id=\"application-manageyards-display-component---NewYard--addressEditDetailsCurrency-arrow\"]"}
RESULT: {"using":"xpath","value":"//*[@id=\"application-manageyards-display-component---NewYard--addressEditDetailsCurrency-arrow\"]"}
COMMAND: POST /session/c1955427c912c9ca8e293616318541a3/element/f.5DBEA6FA2B2306711F2E61D56D394A89.d.7461A62964C355C474AE586D517C3381.e.789/click - {}
RESULT: {}
COMMAND: POST /session/c1955427c912c9ca8e293616318541a3/element - {"using":"xpath","value":"//span[contains(text(), \"Euro\")]"}
COMMAND: GET /session/c1955427c912c9ca8e293616318541a3/screenshot - {}
RESULT: {"using":"xpath","value":"//span[contains(text(), \"Euro\")]"}
COMMAND: POST /session/c1955427c912c9ca8e293616318541a3/element/f.5DBEA6FA2B2306711F2E61D56D394A89.d.7461A62964C355C474AE586D517C3381.e.790/click - {}
RESULT: {}
RESULT: {}
COMMAND: POST /session/c1955427c912c9ca8e293616318541a3/execute/async - {"script":"<script> [1562 bytes]","args":[{"selector":{"controlType":"sap.m.Input","viewName":"etm.portal.ui.manageyards.view.New","viewId":"application-manageyards-display-component---NewYard","bindingPath":{"path":"","propertyPath":"/CONTROLLING_AREA","modelName":"NewYardModel"},"interaction":{"idSuffix":"inner"}},"wdio_ui5_key":"etmportal.ui.manageyards.view.Newsap.m.Input{\"path\":\"\",\"propertyPath\":\"/CONTROLLING_AREA\",\"modelName\":\"NewYardModel\"}"}]}
COMMAND: GET /session/c1955427c912c9ca8e293616318541a3/screenshot - {}
RESULT: {"script":"<script> [1562 bytes]","args":[{"selector":{"controlType":"sap.m.Input","viewName":"etm.portal.ui.manageyards.view.New","viewId":"application-manageyards-display-component---NewYard","bindingPath":{"path":"","propertyPath":"/CONTROLLING_AREA","modelName":"NewYardModel"},"interaction":{"idSuffix":"inner"}},"wdio_ui5_key":"etmportal.ui.manageyards.view.Newsap.m.Input{\"path\":\"\",\"propertyPath\":\"/CONTROLLING_AREA\",\"modelName\":\"NewYardModel\"}"}]}
RESULT: undefined
COMMAND: POST /session/c1955427c912c9ca8e293616318541a3/execute/async - {"script":"<script> [776 bytes]","args":[{"enterText":"Z001","selector":{"controlType":"sap.m.Input","viewName":"etm.portal.ui.manageyards.view.New","viewId":"application-manageyards-display-component---NewYard","bindingPath":{"path":"","propertyPath":"/CONTROLLING_AREA","modelName":"NewYardModel"},"interaction":{"idSuffix":"inner"}},"clearTextFirst":true,"interactionType":"ENTER_TEXT"}]}
RESULT: {}
RESULT: {"script":"<script> [776 bytes]","args":[{"enterText":"Z001","selector":{"controlType":"sap.m.Input","viewName":"etm.portal.ui.manageyards.view.New","viewId":"application-manageyards-display-component---NewYard","bindingPath":{"path":"","propertyPath":"/CONTROLLING_AREA","modelName":"NewYardModel"},"interaction":{"idSuffix":"inner"}},"clearTextFirst":true,"interactionType":"ENTER_TEXT"}]}
COMMAND: POST /session/c1955427c912c9ca8e293616318541a3/execute/async - {"script":"<script> [1562 bytes]","args":[{"selector":{"id":"application-manageyards-display-component---NewYard--companyCodeComboBox","interaction":{"idSuffix":"inner"}},"wdio_ui5_key":"applicationmanageyards-display-component---NewYard--companyCodeComboBox"}]}
RESULT: {"script":"<script> [1562 bytes]","args":[{"selector":{"id":"application-manageyards-display-component---NewYard--companyCodeComboBox","interaction":{"idSuffix":"inner"}},"wdio_ui5_key":"applicationmanageyards-display-component---NewYard--companyCodeComboBox"}]}
RESULT: undefined
COMMAND: POST /session/c1955427c912c9ca8e293616318541a3/execute/async - {"script":"<script> [776 bytes]","args":[{"enterText":"1000","selector":{"id":"application-manageyards-display-component---NewYard--companyCodeComboBox","interaction":{"idSuffix":"inner"}},"clearTextFirst":true,"interactionType":"ENTER_TEXT"}]}
RESULT: {"script":"<script> [776 bytes]","args":[{"enterText":"1000","selector":{"id":"application-manageyards-display-component---NewYard--companyCodeComboBox","interaction":{"idSuffix":"inner"}},"clearTextFirst":true,"interactionType":"ENTER_TEXT"}]}
COMMAND: POST /session/c1955427c912c9ca8e293616318541a3/execute/async - {"script":"<script> [1562 bytes]","args":[{"selector":{"controlType":"sap.m.Input","viewName":"etm.portal.ui.manageyards.view.New","viewId":"application-manageyards-display-component---NewYard","bindingPath":{"path":"","propertyPath":"/PLANT","modelName":"NewYardModel"},"interaction":{"idSuffix":"inner"}},"wdio_ui5_key":"etmportal.ui.manageyards.view.Newsap.m.Input{\"path\":\"\",\"propertyPath\":\"/PLANT\",\"modelName\":\"NewYardModel\"}"}]}
RESULT: {"script":"<script> [1562 bytes]","args":[{"selector":{"controlType":"sap.m.Input","viewName":"etm.portal.ui.manageyards.view.New","viewId":"application-manageyards-display-component---NewYard","bindingPath":{"path":"","propertyPath":"/PLANT","modelName":"NewYardModel"},"interaction":{"idSuffix":"inner"}},"wdio_ui5_key":"etmportal.ui.manageyards.view.Newsap.m.Input{\"path\":\"\",\"propertyPath\":\"/PLANT\",\"modelName\":\"NewYardModel\"}"}]}
RESULT: undefined
COMMAND: POST /session/c1955427c912c9ca8e293616318541a3/execute/async - {"script":"<script> [776 bytes]","args":[{"enterText":"1001","selector":{"controlType":"sap.m.Input","viewName":"etm.portal.ui.manageyards.view.New","viewId":"application-manageyards-display-component---NewYard","bindingPath":{"path":"","propertyPath":"/PLANT","modelName":"NewYardModel"},"interaction":{"idSuffix":"inner"}},"clearTextFirst":true,"interactionType":"ENTER_TEXT"}]}
RESULT: {"script":"<script> [776 bytes]","args":[{"enterText":"1001","selector":{"controlType":"sap.m.Input","viewName":"etm.portal.ui.manageyards.view.New","viewId":"application-manageyards-display-component---NewYard","bindingPath":{"path":"","propertyPath":"/PLANT","modelName":"NewYardModel"},"interaction":{"idSuffix":"inner"}},"clearTextFirst":true,"interactionType":"ENTER_TEXT"}]}
COMMAND: POST /session/c1955427c912c9ca8e293616318541a3/execute/async - {"script":"<script> [1562 bytes]","args":[{"selector":{"controlType":"sap.m.Input","viewName":"etm.portal.ui.manageyards.view.New","viewId":"application-manageyards-display-component---NewYard","bindingPath":{"path":"","propertyPath":"/SALES_AREA_VKORG","modelName":"NewYardModel"},"interaction":{"idSuffix":"inner"}},"wdio_ui5_key":"etmportal.ui.manageyards.view.Newsap.m.Input{\"path\":\"\",\"propertyPath\":\"/SALES_AREA_VKORG\",\"modelName\":\"NewYardModel\"}"}]}
RESULT: {"script":"<script> [1562 bytes]","args":[{"selector":{"controlType":"sap.m.Input","viewName":"etm.portal.ui.manageyards.view.New","viewId":"application-manageyards-display-component---NewYard","bindingPath":{"path":"","propertyPath":"/SALES_AREA_VKORG","modelName":"NewYardModel"},"interaction":{"idSuffix":"inner"}},"wdio_ui5_key":"etmportal.ui.manageyards.view.Newsap.m.Input{\"path\":\"\",\"propertyPath\":\"/SALES_AREA_VKORG\",\"modelName\":\"NewYardModel\"}"}]}
RESULT: undefined
COMMAND: POST /session/c1955427c912c9ca8e293616318541a3/execute/async - {"script":"<script> [776 bytes]","args":[{"enterText":"C002","selector":{"controlType":"sap.m.Input","viewName":"etm.portal.ui.manageyards.view.New","viewId":"application-manageyards-display-component---NewYard","bindingPath":{"path":"","propertyPath":"/SALES_AREA_VKORG","modelName":"NewYardModel"},"interaction":{"idSuffix":"inner"}},"clearTextFirst":true,"interactionType":"ENTER_TEXT"}]}
RESULT: {"script":"<script> [776 bytes]","args":[{"enterText":"C002","selector":{"controlType":"sap.m.Input","viewName":"etm.portal.ui.manageyards.view.New","viewId":"application-manageyards-display-component---NewYard","bindingPath":{"path":"","propertyPath":"/SALES_AREA_VKORG","modelName":"NewYardModel"},"interaction":{"idSuffix":"inner"}},"clearTextFirst":true,"interactionType":"ENTER_TEXT"}]}
COMMAND: POST /session/c1955427c912c9ca8e293616318541a3/execute/async - {"script":"<script> [1562 bytes]","args":[{"selector":{"controlType":"sap.m.Input","viewName":"etm.portal.ui.manageyards.view.New","viewId":"application-manageyards-display-component---NewYard","bindingPath":{"path":"","propertyPath":"/SALES_AREA_VTWEG","modelName":"NewYardModel"},"interaction":{"idSuffix":"inner"}},"wdio_ui5_key":"etmportal.ui.manageyards.view.Newsap.m.Input{\"path\":\"\",\"propertyPath\":\"/SALES_AREA_VTWEG\",\"modelName\":\"NewYardModel\"}"}]}
RESULT: {"script":"<script> [1562 bytes]","args":[{"selector":{"controlType":"sap.m.Input","viewName":"etm.portal.ui.manageyards.view.New","viewId":"application-manageyards-display-component---NewYard","bindingPath":{"path":"","propertyPath":"/SALES_AREA_VTWEG","modelName":"NewYardModel"},"interaction":{"idSuffix":"inner"}},"wdio_ui5_key":"etmportal.ui.manageyards.view.Newsap.m.Input{\"path\":\"\",\"propertyPath\":\"/SALES_AREA_VTWEG\",\"modelName\":\"NewYardModel\"}"}]}
RESULT: undefined
COMMAND: POST /session/c1955427c912c9ca8e293616318541a3/execute/async - {"script":"<script> [776 bytes]","args":[{"enterText":"C2","selector":{"controlType":"sap.m.Input","viewName":"etm.portal.ui.manageyards.view.New","viewId":"application-manageyards-display-component---NewYard","bindingPath":{"path":"","propertyPath":"/SALES_AREA_VTWEG","modelName":"NewYardModel"},"interaction":{"idSuffix":"inner"}},"clearTextFirst":true,"interactionType":"ENTER_TEXT"}]}
RESULT: {"script":"<script> [776 bytes]","args":[{"enterText":"C2","selector":{"controlType":"sap.m.Input","viewName":"etm.portal.ui.manageyards.view.New","viewId":"application-manageyards-display-component---NewYard","bindingPath":{"path":"","propertyPath":"/SALES_AREA_VTWEG","modelName":"NewYardModel"},"interaction":{"idSuffix":"inner"}},"clearTextFirst":true,"interactionType":"ENTER_TEXT"}]}
COMMAND: POST /session/c1955427c912c9ca8e293616318541a3/execute/async - {"script":"<script> [1562 bytes]","args":[{"selector":{"controlType":"sap.m.Input","viewName":"etm.portal.ui.manageyards.view.New","viewId":"application-manageyards-display-component---NewYard","bindingPath":{"path":"","propertyPath":"/SALES_AREA_SPART","modelName":"NewYardModel"},"interaction":{"idSuffix":"inner"}},"wdio_ui5_key":"etmportal.ui.manageyards.view.Newsap.m.Input{\"path\":\"\",\"propertyPath\":\"/SALES_AREA_SPART\",\"modelName\":\"NewYardModel\"}"}]}
RESULT: {"script":"<script> [1562 bytes]","args":[{"selector":{"controlType":"sap.m.Input","viewName":"etm.portal.ui.manageyards.view.New","viewId":"application-manageyards-display-component---NewYard","bindingPath":{"path":"","propertyPath":"/SALES_AREA_SPART","modelName":"NewYardModel"},"interaction":{"idSuffix":"inner"}},"wdio_ui5_key":"etmportal.ui.manageyards.view.Newsap.m.Input{\"path\":\"\",\"propertyPath\":\"/SALES_AREA_SPART\",\"modelName\":\"NewYardModel\"}"}]}
RESULT: undefined
COMMAND: POST /session/c1955427c912c9ca8e293616318541a3/execute/async - {"script":"<script> [776 bytes]","args":[{"enterText":"C2","selector":{"controlType":"sap.m.Input","viewName":"etm.portal.ui.manageyards.view.New","viewId":"application-manageyards-display-component---NewYard","bindingPath":{"path":"","propertyPath":"/SALES_AREA_SPART","modelName":"NewYardModel"},"interaction":{"idSuffix":"inner"}},"clearTextFirst":true,"interactionType":"ENTER_TEXT"}]}
RESULT: {"script":"<script> [776 bytes]","args":[{"enterText":"C2","selector":{"controlType":"sap.m.Input","viewName":"etm.portal.ui.manageyards.view.New","viewId":"application-manageyards-display-component---NewYard","bindingPath":{"path":"","propertyPath":"/SALES_AREA_SPART","modelName":"NewYardModel"},"interaction":{"idSuffix":"inner"}},"clearTextFirst":true,"interactionType":"ENTER_TEXT"}]}
COMMAND: POST /session/c1955427c912c9ca8e293616318541a3/execute/async - {"script":"<script> [1562 bytes]","args":[{"selector":{"controlType":"sap.m.Input","viewName":"etm.portal.ui.manageyards.view.New","viewId":"application-manageyards-display-component---NewYard","bindingPath":{"path":"","propertyPath":"/SHIP_POINT","modelName":"NewYardModel"},"interaction":{"idSuffix":"inner"}},"wdio_ui5_key":"etmportal.ui.manageyards.view.Newsap.m.Input{\"path\":\"\",\"propertyPath\":\"/SHIP_POINT\",\"modelName\":\"NewYardModel\"}"}]}
RESULT: {"script":"<script> [1562 bytes]","args":[{"selector":{"controlType":"sap.m.Input","viewName":"etm.portal.ui.manageyards.view.New","viewId":"application-manageyards-display-component---NewYard","bindingPath":{"path":"","propertyPath":"/SHIP_POINT","modelName":"NewYardModel"},"interaction":{"idSuffix":"inner"}},"wdio_ui5_key":"etmportal.ui.manageyards.view.Newsap.m.Input{\"path\":\"\",\"propertyPath\":\"/SHIP_POINT\",\"modelName\":\"NewYardModel\"}"}]}
RESULT: undefined
COMMAND: POST /session/c1955427c912c9ca8e293616318541a3/execute/async - {"script":"<script> [776 bytes]","args":[{"enterText":"1710","selector":{"controlType":"sap.m.Input","viewName":"etm.portal.ui.manageyards.view.New","viewId":"application-manageyards-display-component---NewYard","bindingPath":{"path":"","propertyPath":"/SHIP_POINT","modelName":"NewYardModel"},"interaction":{"idSuffix":"inner"}},"clearTextFirst":true,"interactionType":"ENTER_TEXT"}]}
RESULT: {"script":"<script> [776 bytes]","args":[{"enterText":"1710","selector":{"controlType":"sap.m.Input","viewName":"etm.portal.ui.manageyards.view.New","viewId":"application-manageyards-display-component---NewYard","bindingPath":{"path":"","propertyPath":"/SHIP_POINT","modelName":"NewYardModel"},"interaction":{"idSuffix":"inner"}},"clearTextFirst":true,"interactionType":"ENTER_TEXT"}]}
COMMAND: POST /session/c1955427c912c9ca8e293616318541a3/execute/async - {"script":"<script> [1562 bytes]","args":[{"selector":{"controlType":"sap.m.Input","viewName":"etm.portal.ui.manageyards.view.New","viewId":"application-manageyards-display-component---NewYard","bindingPath":{"path":"","propertyPath":"/DELIVERY_TYPE","modelName":"NewYardModel"},"interaction":{"idSuffix":"inner"}},"wdio_ui5_key":"etmportal.ui.manageyards.view.Newsap.m.Input{\"path\":\"\",\"propertyPath\":\"/DELIVERY_TYPE\",\"modelName\":\"NewYardModel\"}"}]}
RESULT: {"script":"<script> [1562 bytes]","args":[{"selector":{"controlType":"sap.m.Input","viewName":"etm.portal.ui.manageyards.view.New","viewId":"application-manageyards-display-component---NewYard","bindingPath":{"path":"","propertyPath":"/DELIVERY_TYPE","modelName":"NewYardModel"},"interaction":{"idSuffix":"inner"}},"wdio_ui5_key":"etmportal.ui.manageyards.view.Newsap.m.Input{\"path\":\"\",\"propertyPath\":\"/DELIVERY_TYPE\",\"modelName\":\"NewYardModel\"}"}]}
RESULT: undefined
COMMAND: POST /session/c1955427c912c9ca8e293616318541a3/execute/async - {"script":"<script> [776 bytes]","args":[{"enterText":"ZL01","selector":{"controlType":"sap.m.Input","viewName":"etm.portal.ui.manageyards.view.New","viewId":"application-manageyards-display-component---NewYard","bindingPath":{"path":"","propertyPath":"/DELIVERY_TYPE","modelName":"NewYardModel"},"interaction":{"idSuffix":"inner"}},"clearTextFirst":true,"interactionType":"ENTER_TEXT"}]}
RESULT: {"script":"<script> [776 bytes]","args":[{"enterText":"ZL01","selector":{"controlType":"sap.m.Input","viewName":"etm.portal.ui.manageyards.view.New","viewId":"application-manageyards-display-component---NewYard","bindingPath":{"path":"","propertyPath":"/DELIVERY_TYPE","modelName":"NewYardModel"},"interaction":{"idSuffix":"inner"}},"clearTextFirst":true,"interactionType":"ENTER_TEXT"}]}
COMMAND: POST /session/c1955427c912c9ca8e293616318541a3/execute/async - {"script":"<script> [1562 bytes]","args":[{"selector":{"controlType":"sap.m.Input","viewName":"etm.portal.ui.manageyards.view.New","viewId":"application-manageyards-display-component---NewYard","bindingPath":{"path":"","propertyPath":"/AUART","modelName":"NewYardModel"},"interaction":{"idSuffix":"inner"}},"wdio_ui5_key":"etmportal.ui.manageyards.view.Newsap.m.Input{\"path\":\"\",\"propertyPath\":\"/AUART\",\"modelName\":\"NewYardModel\"}"}]}
RESULT: {"script":"<script> [1562 bytes]","args":[{"selector":{"controlType":"sap.m.Input","viewName":"etm.portal.ui.manageyards.view.New","viewId":"application-manageyards-display-component---NewYard","bindingPath":{"path":"","propertyPath":"/AUART","modelName":"NewYardModel"},"interaction":{"idSuffix":"inner"}},"wdio_ui5_key":"etmportal.ui.manageyards.view.Newsap.m.Input{\"path\":\"\",\"propertyPath\":\"/AUART\",\"modelName\":\"NewYardModel\"}"}]}
RESULT: undefined
COMMAND: POST /session/c1955427c912c9ca8e293616318541a3/execute/async - {"script":"<script> [776 bytes]","args":[{"enterText":"TA","selector":{"controlType":"sap.m.Input","viewName":"etm.portal.ui.manageyards.view.New","viewId":"application-manageyards-display-component---NewYard","bindingPath":{"path":"","propertyPath":"/AUART","modelName":"NewYardModel"},"interaction":{"idSuffix":"inner"}},"clearTextFirst":true,"interactionType":"ENTER_TEXT"}]}
RESULT: {"script":"<script> [776 bytes]","args":[{"enterText":"TA","selector":{"controlType":"sap.m.Input","viewName":"etm.portal.ui.manageyards.view.New","viewId":"application-manageyards-display-component---NewYard","bindingPath":{"path":"","propertyPath":"/AUART","modelName":"NewYardModel"},"interaction":{"idSuffix":"inner"}},"clearTextFirst":true,"interactionType":"ENTER_TEXT"}]}
COMMAND: POST /session/c1955427c912c9ca8e293616318541a3/element - {"using":"xpath","value":"//button[@data-kt=\"newYardSaveButton\"]"}
RESULT: {"using":"xpath","value":"//button[@data-kt=\"newYardSaveButton\"]"}
COMMAND: POST /session/c1955427c912c9ca8e293616318541a3/element/f.5DBEA6FA2B2306711F2E61D56D394A89.d.7461A62964C355C474AE586D517C3381.e.716/click - {}
RESULT: {}
COMMAND: GET /session/c1955427c912c9ca8e293616318541a3/screenshot - {}
RESULT: {}
COMMAND: POST /session/c1955427c912c9ca8e293616318541a3/element - {"using":"xpath","value":"//header[contains(@id, 'ObjectPageLayout-headerTitle')]/div[1]/div[2]/div[1]/span[1]"}
RESULT: {"using":"xpath","value":"//header[contains(@id, 'ObjectPageLayout-headerTitle')]/div[1]/div[2]/div[1]/span[1]"}
COMMAND: POST /session/c1955427c912c9ca8e293616318541a3/elements - {"using":"xpath","value":"//header[contains(@id, 'ObjectPageLayout-headerTitle')]/div[1]/div[2]/div[1]/span[1]"}
RESULT: {"using":"xpath","value":"//header[contains(@id, 'ObjectPageLayout-headerTitle')]/div[1]/div[2]/div[1]/span[1]"}
COMMAND: POST /session/c1955427c912c9ca8e293616318541a3/execute/sync - {"script":"<script> [56 bytes]","args":[{"element-6066-11e4-a52e-4f735466cecf":"f.5DBEA6FA2B2306711F2E61D56D394A89.d.7461A62964C355C474AE586D517C3381.e.1013","ELEMENT":"f.5DBEA6FA2B2306711F2E61D56D394A89.d.7461A62964C355C474AE586D517C3381.e.1013"}]}
RESULT: {"script":"<script> [56 bytes]","args":[{"element-6066-11e4-a52e-4f735466cecf":"f.5DBEA6FA2B2306711F2E61D56D394A89.d.7461A62964C355C474AE586D517C3381.e.1013","ELEMENT":"f.5DBEA6FA2B2306711F2E61D56D394A89.d.7461A62964C355C474AE586D517C3381.e.1013"}]}
COMMAND: GET /session/c1955427c912c9ca8e293616318541a3/screenshot - {}
RESULT: {}
COMMAND: POST /session/c1955427c912c9ca8e293616318541a3/element - {"using":"css selector","value":"#shell-header-logo"}
RESULT: {"using":"css selector","value":"#shell-header-logo"}
COMMAND: POST /session/c1955427c912c9ca8e293616318541a3/element/f.5DBEA6FA2B2306711F2E61D56D394A89.d.7461A62964C355C474AE586D517C3381.e.272/click - {}
RESULT: {}
COMMAND: GET /session/c1955427c912c9ca8e293616318541a3/screenshot - {}
RESULT: {}
COMMAND: POST /session/c1955427c912c9ca8e293616318541a3/execute/sync - {"script":"<script> [299 bytes]","args":[["getModel","getResource"]]}
RESULT: {"script":"<script> [299 bytes]","args":[["getModel","getResource"]]}
]]></system-out>
    </testcase>
    <testcase classname="chrome.137_0_7151_69.windows.Tests_for_Mass_State_Change_on_Manage_States_&amp;_Performances_US104416_US" name="Prereq Should create a new partner" time="132.447">
      <system-out><![CDATA[
COMMAND: POST /session/c1955427c912c9ca8e293616318541a3/window/fullscreen - {}
COMMAND: GET /session/c1955427c912c9ca8e293616318541a3/screenshot - {}
RESULT: {}
COMMAND: POST /session/c1955427c912c9ca8e293616318541a3/execute/async - {"script":"<script> [1562 bytes]","args":[{"selector":{"controlType":"sap.m.GenericTile","properties":{"header":"Manage Partners"}},"wdio_ui5_key":"sapm.GenericTile{\"header\":\"Manage Partners\"}"}]}
RESULT: {}
RESULT: {"script":"<script> [1562 bytes]","args":[{"selector":{"controlType":"sap.m.GenericTile","properties":{"header":"Manage Partners"}},"wdio_ui5_key":"sapm.GenericTile{\"header\":\"Manage Partners\"}"}]}
RESULT: undefined
COMMAND: POST /session/c1955427c912c9ca8e293616318541a3/element - {"using":"xpath","value":"//*[@id=\"__tile39\"]"}
RESULT: {"using":"xpath","value":"//*[@id=\"__tile39\"]"}
COMMAND: POST /session/c1955427c912c9ca8e293616318541a3/element/f.5DBEA6FA2B2306711F2E61D56D394A89.d.7461A62964C355C474AE586D517C3381.e.155/click - {}
RESULT: {}
COMMAND: GET /session/c1955427c912c9ca8e293616318541a3/screenshot - {}
RESULT: {}
COMMAND: POST /session/c1955427c912c9ca8e293616318541a3/elements - {"using":"xpath","value":"//span[text()='Error']"}
RESULT: {"using":"xpath","value":"//span[text()='Error']"}
COMMAND: POST /session/c1955427c912c9ca8e293616318541a3/element - {"using":"xpath","value":"//button[@data-kt=\"addButton\"]"}
RESULT: {"using":"xpath","value":"//button[@data-kt=\"addButton\"]"}
COMMAND: POST /session/c1955427c912c9ca8e293616318541a3/elements - {"using":"xpath","value":"//button[@data-kt=\"addButton\"]"}
RESULT: {"using":"xpath","value":"//button[@data-kt=\"addButton\"]"}
COMMAND: POST /session/c1955427c912c9ca8e293616318541a3/execute/sync - {"script":"<script> [8489 bytes]","args":[{"element-6066-11e4-a52e-4f735466cecf":"f.5DBEA6FA2B2306711F2E61D56D394A89.d.7461A62964C355C474AE586D517C3381.e.1051","ELEMENT":"f.5DBEA6FA2B2306711F2E61D56D394A89.d.7461A62964C355C474AE586D517C3381.e.1051"}]}
RESULT: {"script":"<script> [8489 bytes]","args":[{"element-6066-11e4-a52e-4f735466cecf":"f.5DBEA6FA2B2306711F2E61D56D394A89.d.7461A62964C355C474AE586D517C3381.e.1051","ELEMENT":"f.5DBEA6FA2B2306711F2E61D56D394A89.d.7461A62964C355C474AE586D517C3381.e.1051"}]}
COMMAND: GET /session/c1955427c912c9ca8e293616318541a3/element/f.5DBEA6FA2B2306711F2E61D56D394A89.d.7461A62964C355C474AE586D517C3381.e.1051/enabled - {}
COMMAND: GET /session/c1955427c912c9ca8e293616318541a3/screenshot - {}
RESULT: {}
COMMAND: POST /session/c1955427c912c9ca8e293616318541a3/execute/sync - {"script":"<script> [8489 bytes]","args":[{"element-6066-11e4-a52e-4f735466cecf":"f.5DBEA6FA2B2306711F2E61D56D394A89.d.7461A62964C355C474AE586D517C3381.e.1051","ELEMENT":"f.5DBEA6FA2B2306711F2E61D56D394A89.d.7461A62964C355C474AE586D517C3381.e.1051"}]}
COMMAND: GET /session/c1955427c912c9ca8e293616318541a3/screenshot - {}
RESULT: {}
RESULT: {"script":"<script> [8489 bytes]","args":[{"element-6066-11e4-a52e-4f735466cecf":"f.5DBEA6FA2B2306711F2E61D56D394A89.d.7461A62964C355C474AE586D517C3381.e.1051","ELEMENT":"f.5DBEA6FA2B2306711F2E61D56D394A89.d.7461A62964C355C474AE586D517C3381.e.1051"}]}
COMMAND: POST /session/c1955427c912c9ca8e293616318541a3/execute/sync - {"script":"<script> [5351 bytes]","args":[{"element-6066-11e4-a52e-4f735466cecf":"f.5DBEA6FA2B2306711F2E61D56D394A89.d.7461A62964C355C474AE586D517C3381.e.1051","ELEMENT":"f.5DBEA6FA2B2306711F2E61D56D394A89.d.7461A62964C355C474AE586D517C3381.e.1051"}]}
COMMAND: GET /session/c1955427c912c9ca8e293616318541a3/screenshot - {}
RESULT: {}
RESULT: {"script":"<script> [5351 bytes]","args":[{"element-6066-11e4-a52e-4f735466cecf":"f.5DBEA6FA2B2306711F2E61D56D394A89.d.7461A62964C355C474AE586D517C3381.e.1051","ELEMENT":"f.5DBEA6FA2B2306711F2E61D56D394A89.d.7461A62964C355C474AE586D517C3381.e.1051"}]}
COMMAND: POST /session/c1955427c912c9ca8e293616318541a3/element/f.5DBEA6FA2B2306711F2E61D56D394A89.d.7461A62964C355C474AE586D517C3381.e.1051/click - {}
COMMAND: GET /session/c1955427c912c9ca8e293616318541a3/screenshot - {}
RESULT: {}
RESULT: {}
COMMAND: GET /session/c1955427c912c9ca8e293616318541a3/screenshot - {}
COMMAND: POST /session/c1955427c912c9ca8e293616318541a3/execute/async - {"script":"<script> [1562 bytes]","args":[{"selector":{"id":"application-managepartners-display-component---NewPartner--addressDetailDetailsName1","interaction":{"idSuffix":"inner"}},"wdio_ui5_key":"applicationmanagepartners-display-component---NewPartner--addressDetailDetailsName1"}]}
RESULT: {}
RESULT: {}
RESULT: {"script":"<script> [1562 bytes]","args":[{"selector":{"id":"application-managepartners-display-component---NewPartner--addressDetailDetailsName1","interaction":{"idSuffix":"inner"}},"wdio_ui5_key":"applicationmanagepartners-display-component---NewPartner--addressDetailDetailsName1"}]}
RESULT: undefined
COMMAND: POST /session/c1955427c912c9ca8e293616318541a3/execute/async - {"script":"<script> [776 bytes]","args":[{"enterText":"Intracompany Partner WDIO","selector":{"id":"application-managepartners-display-component---NewPartner--addressDetailDetailsName1","interaction":{"idSuffix":"inner"}},"clearTextFirst":true,"interactionType":"ENTER_TEXT"}]}
RESULT: {"script":"<script> [776 bytes]","args":[{"enterText":"Intracompany Partner WDIO","selector":{"id":"application-managepartners-display-component---NewPartner--addressDetailDetailsName1","interaction":{"idSuffix":"inner"}},"clearTextFirst":true,"interactionType":"ENTER_TEXT"}]}
COMMAND: POST /session/c1955427c912c9ca8e293616318541a3/execute/async - {"script":"<script> [1562 bytes]","args":[{"selector":{"id":"application-managepartners-display-component---NewPartner--addressDetailDetailsLanguage-arrow"},"wdio_ui5_key":"applicationmanagepartners-display-component---NewPartner--addressDetailDetailsLanguage-arrow"}]}
RESULT: {"script":"<script> [1562 bytes]","args":[{"selector":{"id":"application-managepartners-display-component---NewPartner--addressDetailDetailsLanguage-arrow"},"wdio_ui5_key":"applicationmanagepartners-display-component---NewPartner--addressDetailDetailsLanguage-arrow"}]}
RESULT: undefined
COMMAND: POST /session/c1955427c912c9ca8e293616318541a3/element - {"using":"xpath","value":"//*[@id=\"application-managepartners-display-component---NewPartner--addressDetailDetailsLanguage-arrow\"]"}
RESULT: {"using":"xpath","value":"//*[@id=\"application-managepartners-display-component---NewPartner--addressDetailDetailsLanguage-arrow\"]"}
COMMAND: POST /session/c1955427c912c9ca8e293616318541a3/element/f.5DBEA6FA2B2306711F2E61D56D394A89.d.7461A62964C355C474AE586D517C3381.e.1504/click - {}
RESULT: {}
COMMAND: POST /session/c1955427c912c9ca8e293616318541a3/element - {"using":"xpath","value":"//span[contains(text(), \"English\")]"}
COMMAND: GET /session/c1955427c912c9ca8e293616318541a3/screenshot - {}
RESULT: {"using":"xpath","value":"//span[contains(text(), \"English\")]"}
COMMAND: POST /session/c1955427c912c9ca8e293616318541a3/element/f.5DBEA6FA2B2306711F2E61D56D394A89.d.7461A62964C355C474AE586D517C3381.e.1505/click - {}
RESULT: {}
RESULT: {}
COMMAND: GET /session/c1955427c912c9ca8e293616318541a3/screenshot - {}
RESULT: {}
COMMAND: POST /session/c1955427c912c9ca8e293616318541a3/execute/async - {"script":"<script> [1562 bytes]","args":[{"selector":{"id":"application-managepartners-display-component---NewPartner--addressDetailDetailsCity1","interaction":{"idSuffix":"inner"}},"wdio_ui5_key":"applicationmanagepartners-display-component---NewPartner--addressDetailDetailsCity1"}]}
RESULT: {"script":"<script> [1562 bytes]","args":[{"selector":{"id":"application-managepartners-display-component---NewPartner--addressDetailDetailsCity1","interaction":{"idSuffix":"inner"}},"wdio_ui5_key":"applicationmanagepartners-display-component---NewPartner--addressDetailDetailsCity1"}]}
RESULT: undefined
COMMAND: POST /session/c1955427c912c9ca8e293616318541a3/execute/async - {"script":"<script> [776 bytes]","args":[{"enterText":"Rosario","selector":{"id":"application-managepartners-display-component---NewPartner--addressDetailDetailsCity1","interaction":{"idSuffix":"inner"}},"clearTextFirst":true,"interactionType":"ENTER_TEXT"}]}
RESULT: {"script":"<script> [776 bytes]","args":[{"enterText":"Rosario","selector":{"id":"application-managepartners-display-component---NewPartner--addressDetailDetailsCity1","interaction":{"idSuffix":"inner"}},"clearTextFirst":true,"interactionType":"ENTER_TEXT"}]}
COMMAND: POST /session/c1955427c912c9ca8e293616318541a3/execute/async - {"script":"<script> [1562 bytes]","args":[{"selector":{"id":"application-managepartners-display-component---NewPartner--addressDetailDetailsCountry-arrow"},"wdio_ui5_key":"applicationmanagepartners-display-component---NewPartner--addressDetailDetailsCountry-arrow"}]}
RESULT: {"script":"<script> [1562 bytes]","args":[{"selector":{"id":"application-managepartners-display-component---NewPartner--addressDetailDetailsCountry-arrow"},"wdio_ui5_key":"applicationmanagepartners-display-component---NewPartner--addressDetailDetailsCountry-arrow"}]}
RESULT: undefined
COMMAND: POST /session/c1955427c912c9ca8e293616318541a3/element - {"using":"xpath","value":"//*[@id=\"application-managepartners-display-component---NewPartner--addressDetailDetailsCountry-arrow\"]"}
RESULT: {"using":"xpath","value":"//*[@id=\"application-managepartners-display-component---NewPartner--addressDetailDetailsCountry-arrow\"]"}
COMMAND: POST /session/c1955427c912c9ca8e293616318541a3/element/f.5DBEA6FA2B2306711F2E61D56D394A89.d.7461A62964C355C474AE586D517C3381.e.1490/click - {}
RESULT: {}
COMMAND: POST /session/c1955427c912c9ca8e293616318541a3/element - {"using":"xpath","value":"//span[contains(text(), \"Argentina\")]"}
COMMAND: GET /session/c1955427c912c9ca8e293616318541a3/screenshot - {}
RESULT: {"using":"xpath","value":"//span[contains(text(), \"Argentina\")]"}
COMMAND: POST /session/c1955427c912c9ca8e293616318541a3/element/f.5DBEA6FA2B2306711F2E61D56D394A89.d.7461A62964C355C474AE586D517C3381.e.1507/click - {}
RESULT: {}
RESULT: {}
COMMAND: GET /session/c1955427c912c9ca8e293616318541a3/screenshot - {}
RESULT: {}
COMMAND: POST /session/c1955427c912c9ca8e293616318541a3/element - {"using":"xpath","value":"//bdi[contains(text(), \"Commercial\")]"}
RESULT: {"using":"xpath","value":"//bdi[contains(text(), \"Commercial\")]"}
COMMAND: POST /session/c1955427c912c9ca8e293616318541a3/element/f.5DBEA6FA2B2306711F2E61D56D394A89.d.7461A62964C355C474AE586D517C3381.e.1508/click - {}
RESULT: {}
COMMAND: GET /session/c1955427c912c9ca8e293616318541a3/screenshot - {}
RESULT: {}
COMMAND: POST /session/c1955427c912c9ca8e293616318541a3/execute/async - {"script":"<script> [1562 bytes]","args":[{"selector":{"id":"application-managepartners-display-component---NewPartner--partnerDetailInternal-arrow"},"wdio_ui5_key":"applicationmanagepartners-display-component---NewPartner--partnerDetailInternal-arrow"}]}
RESULT: {"script":"<script> [1562 bytes]","args":[{"selector":{"id":"application-managepartners-display-component---NewPartner--partnerDetailInternal-arrow"},"wdio_ui5_key":"applicationmanagepartners-display-component---NewPartner--partnerDetailInternal-arrow"}]}
RESULT: undefined
COMMAND: POST /session/c1955427c912c9ca8e293616318541a3/element - {"using":"xpath","value":"//*[@id=\"application-managepartners-display-component---NewPartner--partnerDetailInternal-arrow\"]"}
RESULT: {"using":"xpath","value":"//*[@id=\"application-managepartners-display-component---NewPartner--partnerDetailInternal-arrow\"]"}
COMMAND: POST /session/c1955427c912c9ca8e293616318541a3/element/f.5DBEA6FA2B2306711F2E61D56D394A89.d.7461A62964C355C474AE586D517C3381.e.1514/click - {}
RESULT: {}
COMMAND: POST /session/c1955427c912c9ca8e293616318541a3/element - {"using":"xpath","value":"//span[contains(text(), \"Affiliated company\")]"}
COMMAND: GET /session/c1955427c912c9ca8e293616318541a3/screenshot - {}
RESULT: {"using":"xpath","value":"//span[contains(text(), \"Affiliated company\")]"}
COMMAND: POST /session/c1955427c912c9ca8e293616318541a3/element/f.5DBEA6FA2B2306711F2E61D56D394A89.d.7461A62964C355C474AE586D517C3381.e.1517/click - {}
RESULT: {}
RESULT: {}
COMMAND: POST /session/c1955427c912c9ca8e293616318541a3/execute/async - {"script":"<script> [1562 bytes]","args":[{"selector":{"id":"application-managepartners-display-component---NewPartner--partnerDetailsCurrency-arrow"},"wdio_ui5_key":"applicationmanagepartners-display-component---NewPartner--partnerDetailsCurrency-arrow"}]}
COMMAND: GET /session/c1955427c912c9ca8e293616318541a3/screenshot - {}
RESULT: {"script":"<script> [1562 bytes]","args":[{"selector":{"id":"application-managepartners-display-component---NewPartner--partnerDetailsCurrency-arrow"},"wdio_ui5_key":"applicationmanagepartners-display-component---NewPartner--partnerDetailsCurrency-arrow"}]}
RESULT: undefined
COMMAND: POST /session/c1955427c912c9ca8e293616318541a3/element - {"using":"xpath","value":"//*[@id=\"application-managepartners-display-component---NewPartner--partnerDetailsCurrency-arrow\"]"}
RESULT: {}
RESULT: {"using":"xpath","value":"//*[@id=\"application-managepartners-display-component---NewPartner--partnerDetailsCurrency-arrow\"]"}
COMMAND: POST /session/c1955427c912c9ca8e293616318541a3/element/f.5DBEA6FA2B2306711F2E61D56D394A89.d.7461A62964C355C474AE586D517C3381.e.1524/click - {}
RESULT: {}
COMMAND: POST /session/c1955427c912c9ca8e293616318541a3/element - {"using":"xpath","value":"//span[contains(text(), \"Euro\")]"}
COMMAND: GET /session/c1955427c912c9ca8e293616318541a3/screenshot - {}
RESULT: {"using":"xpath","value":"//span[contains(text(), \"Euro\")]"}
COMMAND: POST /session/c1955427c912c9ca8e293616318541a3/element/f.5DBEA6FA2B2306711F2E61D56D394A89.d.7461A62964C355C474AE586D517C3381.e.1525/click - {}
RESULT: {}
RESULT: {}
COMMAND: POST /session/c1955427c912c9ca8e293616318541a3/execute/async - {"script":"<script> [1562 bytes]","args":[{"selector":{"id":"application-managepartners-display-component---NewPartner--addressEditDetailsCostObjectCstType-arrow"},"wdio_ui5_key":"applicationmanagepartners-display-component---NewPartner--addressEditDetailsCostObjectCstType-arrow"}]}
COMMAND: GET /session/c1955427c912c9ca8e293616318541a3/screenshot - {}
RESULT: {"script":"<script> [1562 bytes]","args":[{"selector":{"id":"application-managepartners-display-component---NewPartner--addressEditDetailsCostObjectCstType-arrow"},"wdio_ui5_key":"applicationmanagepartners-display-component---NewPartner--addressEditDetailsCostObjectCstType-arrow"}]}
RESULT: undefined
COMMAND: POST /session/c1955427c912c9ca8e293616318541a3/element - {"using":"xpath","value":"//*[@id=\"application-managepartners-display-component---NewPartner--addressEditDetailsCostObjectCstType-arrow\"]"}
RESULT: {}
RESULT: {"using":"xpath","value":"//*[@id=\"application-managepartners-display-component---NewPartner--addressEditDetailsCostObjectCstType-arrow\"]"}
COMMAND: POST /session/c1955427c912c9ca8e293616318541a3/element/f.5DBEA6FA2B2306711F2E61D56D394A89.d.7461A62964C355C474AE586D517C3381.e.1526/click - {}
RESULT: {}
COMMAND: POST /session/c1955427c912c9ca8e293616318541a3/element - {"using":"xpath","value":"//span[contains(text(), \"Cost Center\")]"}
COMMAND: GET /session/c1955427c912c9ca8e293616318541a3/screenshot - {}
RESULT: {"using":"xpath","value":"//span[contains(text(), \"Cost Center\")]"}
COMMAND: POST /session/c1955427c912c9ca8e293616318541a3/element/f.5DBEA6FA2B2306711F2E61D56D394A89.d.7461A62964C355C474AE586D517C3381.e.1527/click - {}
RESULT: {}
RESULT: {}
COMMAND: GET /session/c1955427c912c9ca8e293616318541a3/screenshot - {}
RESULT: {}
COMMAND: POST /session/c1955427c912c9ca8e293616318541a3/element - {"using":"xpath","value":"//span[@id=\"application-managepartners-display-component---NewPartner--addressNewCostObjectCstID-vhi\"]"}
RESULT: {"using":"xpath","value":"//span[@id=\"application-managepartners-display-component---NewPartner--addressNewCostObjectCstID-vhi\"]"}
COMMAND: POST /session/c1955427c912c9ca8e293616318541a3/execute/sync - {"script":"<script> [8489 bytes]","args":[{"element-6066-11e4-a52e-4f735466cecf":"f.5DBEA6FA2B2306711F2E61D56D394A89.d.7461A62964C355C474AE586D517C3381.e.1531","ELEMENT":"f.5DBEA6FA2B2306711F2E61D56D394A89.d.7461A62964C355C474AE586D517C3381.e.1531"}]}
RESULT: {"script":"<script> [8489 bytes]","args":[{"element-6066-11e4-a52e-4f735466cecf":"f.5DBEA6FA2B2306711F2E61D56D394A89.d.7461A62964C355C474AE586D517C3381.e.1531","ELEMENT":"f.5DBEA6FA2B2306711F2E61D56D394A89.d.7461A62964C355C474AE586D517C3381.e.1531"}]}
COMMAND: POST /session/c1955427c912c9ca8e293616318541a3/execute/async - {"script":"<script> [1562 bytes]","args":[{"selector":{"id":"application-managepartners-display-component---NewPartner--addressNewCostObjectCstID-vhi"},"wdio_ui5_key":"applicationmanagepartners-display-component---NewPartner--addressNewCostObjectCstID-vhi"}]}
COMMAND: GET /session/c1955427c912c9ca8e293616318541a3/screenshot - {}
RESULT: {"script":"<script> [1562 bytes]","args":[{"selector":{"id":"application-managepartners-display-component---NewPartner--addressNewCostObjectCstID-vhi"},"wdio_ui5_key":"applicationmanagepartners-display-component---NewPartner--addressNewCostObjectCstID-vhi"}]}
RESULT: undefined
COMMAND: POST /session/c1955427c912c9ca8e293616318541a3/element - {"using":"xpath","value":"//*[@id=\"application-managepartners-display-component---NewPartner--addressNewCostObjectCstID-vhi\"]"}
RESULT: {}
RESULT: {"using":"xpath","value":"//*[@id=\"application-managepartners-display-component---NewPartner--addressNewCostObjectCstID-vhi\"]"}
COMMAND: POST /session/c1955427c912c9ca8e293616318541a3/element/f.5DBEA6FA2B2306711F2E61D56D394A89.d.7461A62964C355C474AE586D517C3381.e.1531/click - {}
RESULT: {}
COMMAND: GET /session/c1955427c912c9ca8e293616318541a3/screenshot - {}
RESULT: {}
RESULT: undefined
COMMAND: POST /session/c1955427c912c9ca8e293616318541a3/execute/async - {"script":"<script> [776 bytes]","args":[{"enterText":"10001013","selector":{"controlType":"sap.m.SearchField","properties":{"placeholder":"Search"},"searchOpenDialogs":true,"interaction":{"idSuffix":"I"}},"clearTextFirst":true,"interactionType":"ENTER_TEXT"}]}
RESULT: {"script":"<script> [776 bytes]","args":[{"enterText":"10001013","selector":{"controlType":"sap.m.SearchField","properties":{"placeholder":"Search"},"searchOpenDialogs":true,"interaction":{"idSuffix":"I"}},"clearTextFirst":true,"interactionType":"ENTER_TEXT"}]}
COMMAND: POST /session/c1955427c912c9ca8e293616318541a3/actions - {"actions":[{"id":"action2","type":"key","parameters":{},"actions":[{"type":"keyDown","value":""},{"type":"pause","duration":10},{"type":"keyUp","value":""}]}]}
RESULT: {"actions":[{"id":"action2","type":"key","parameters":{},"actions":[{"type":"keyDown","value":""},{"type":"pause","duration":10},{"type":"keyUp","value":""}]}]}
COMMAND: GET /session/c1955427c912c9ca8e293616318541a3/screenshot - {}
RESULT: {}
COMMAND: POST /session/c1955427c912c9ca8e293616318541a3/element - {"using":"xpath","value":"//span[contains(text(), \"General Management\")]"}
RESULT: {"using":"xpath","value":"//span[contains(text(), \"General Management\")]"}
COMMAND: POST /session/c1955427c912c9ca8e293616318541a3/element/f.5DBEA6FA2B2306711F2E61D56D394A89.d.7461A62964C355C474AE586D517C3381.e.1570/click - {}
RESULT: {}
COMMAND: GET /session/c1955427c912c9ca8e293616318541a3/screenshot - {}
RESULT: {}
COMMAND: POST /session/c1955427c912c9ca8e293616318541a3/element - {"using":"xpath","value":"//bdi[contains(text(), \"OK\")]"}
RESULT: {"using":"xpath","value":"//bdi[contains(text(), \"OK\")]"}
COMMAND: POST /session/c1955427c912c9ca8e293616318541a3/element/f.5DBEA6FA2B2306711F2E61D56D394A89.d.7461A62964C355C474AE586D517C3381.e.1571/click - {}
RESULT: {}
COMMAND: GET /session/c1955427c912c9ca8e293616318541a3/screenshot - {}
RESULT: {}
COMMAND: POST /session/c1955427c912c9ca8e293616318541a3/element - {"using":"xpath","value":"//input[@id=\"application-managepartners-display-component---NewPartner--companyCodeComboBox-inner\"]"}
RESULT: {"using":"xpath","value":"//input[@id=\"application-managepartners-display-component---NewPartner--companyCodeComboBox-inner\"]"}
COMMAND: POST /session/c1955427c912c9ca8e293616318541a3/element/f.5DBEA6FA2B2306711F2E61D56D394A89.d.7461A62964C355C474AE586D517C3381.e.1361/clear - {}
RESULT: {}
COMMAND: POST /session/c1955427c912c9ca8e293616318541a3/element/f.5DBEA6FA2B2306711F2E61D56D394A89.d.7461A62964C355C474AE586D517C3381.e.1361/value - {"text":"1000"}
COMMAND: GET /session/c1955427c912c9ca8e293616318541a3/screenshot - {}
RESULT: {"text":"1000"}
COMMAND: GET /session/c1955427c912c9ca8e293616318541a3/screenshot - {}
RESULT: {}
RESULT: {}
COMMAND: POST /session/c1955427c912c9ca8e293616318541a3/element - {"using":"xpath","value":"//li[.//span[text()= \"1000\"]]"}
RESULT: {"using":"xpath","value":"//li[.//span[text()= \"1000\"]]"}
COMMAND: POST /session/c1955427c912c9ca8e293616318541a3/element/f.5DBEA6FA2B2306711F2E61D56D394A89.d.7461A62964C355C474AE586D517C3381.e.1577/click - {}
RESULT: {}
COMMAND: GET /session/c1955427c912c9ca8e293616318541a3/screenshot - {}
RESULT: {}
COMMAND: POST /session/c1955427c912c9ca8e293616318541a3/execute/async - {"script":"<script> [1562 bytes]","args":[{"selector":{"id":"application-managepartners-display-component---NewPartner--btnAddTableRow-img"},"wdio_ui5_key":"applicationmanagepartners-display-component---NewPartner--btnAddTableRow-img"}]}
RESULT: {"script":"<script> [1562 bytes]","args":[{"selector":{"id":"application-managepartners-display-component---NewPartner--btnAddTableRow-img"},"wdio_ui5_key":"applicationmanagepartners-display-component---NewPartner--btnAddTableRow-img"}]}
RESULT: undefined
COMMAND: POST /session/c1955427c912c9ca8e293616318541a3/element - {"using":"xpath","value":"//*[@id=\"application-managepartners-display-component---NewPartner--btnAddTableRow-img\"]"}
RESULT: {"using":"xpath","value":"//*[@id=\"application-managepartners-display-component---NewPartner--btnAddTableRow-img\"]"}
COMMAND: POST /session/c1955427c912c9ca8e293616318541a3/element/f.5DBEA6FA2B2306711F2E61D56D394A89.d.7461A62964C355C474AE586D517C3381.e.1578/click - {}
RESULT: {}
COMMAND: GET /session/c1955427c912c9ca8e293616318541a3/screenshot - {}
RESULT: {}
COMMAND: POST /session/c1955427c912c9ca8e293616318541a3/element - {"using":"xpath","value":"//input[@id=\"application-managepartners-display-component---NewPartner--assignmentYard-application-managepartners-display-component---NewPartner--assignmentsTable-0-inner\"]"}
RESULT: {"using":"xpath","value":"//input[@id=\"application-managepartners-display-component---NewPartner--assignmentYard-application-managepartners-display-component---NewPartner--assignmentsTable-0-inner\"]"}
COMMAND: POST /session/c1955427c912c9ca8e293616318541a3/element/f.5DBEA6FA2B2306711F2E61D56D394A89.d.7461A62964C355C474AE586D517C3381.e.1581/clear - {}
RESULT: {}
COMMAND: POST /session/c1955427c912c9ca8e293616318541a3/element/f.5DBEA6FA2B2306711F2E61D56D394A89.d.7461A62964C355C474AE586D517C3381.e.1581/value - {"text":"275"}
COMMAND: GET /session/c1955427c912c9ca8e293616318541a3/screenshot - {}
RESULT: {"text":"275"}
COMMAND: GET /session/c1955427c912c9ca8e293616318541a3/screenshot - {}
RESULT: {}
RESULT: {}
COMMAND: POST /session/c1955427c912c9ca8e293616318541a3/element - {"using":"xpath","value":"//ul[contains(@id,\"NewPartner--assignmentsTable-0-popup-list-listUl\")]//li[.//span[text()='275']]"}
RESULT: {"using":"xpath","value":"//ul[contains(@id,\"NewPartner--assignmentsTable-0-popup-list-listUl\")]//li[.//span[text()='275']]"}
COMMAND: POST /session/c1955427c912c9ca8e293616318541a3/element/f.5DBEA6FA2B2306711F2E61D56D394A89.d.7461A62964C355C474AE586D517C3381.e.1589/click - {}
RESULT: {}
COMMAND: GET /session/c1955427c912c9ca8e293616318541a3/screenshot - {}
RESULT: {}
COMMAND: POST /session/c1955427c912c9ca8e293616318541a3/actions - {"actions":[{"id":"action3","type":"key","parameters":{},"actions":[{"type":"keyDown","value":""},{"type":"pause","duration":10},{"type":"keyUp","value":""}]}]}
RESULT: {"actions":[{"id":"action3","type":"key","parameters":{},"actions":[{"type":"keyDown","value":""},{"type":"pause","duration":10},{"type":"keyUp","value":""}]}]}
COMMAND: POST /session/c1955427c912c9ca8e293616318541a3/execute/async - {"script":"<script> [1562 bytes]","args":[{"selector":{"id":"application-managepartners-display-component---NewPartner--externalCustomerComboBox-application-managepartners-display-component---NewPartner--assignmentsTable-0-vhi"},"wdio_ui5_key":"applicationmanagepartners-display-component---NewPartner--externalCustomerComboBox-application-managepartners-display-component---NewPartner--assignmentsTable-0-vhi"}]}
COMMAND: GET /session/c1955427c912c9ca8e293616318541a3/screenshot - {}
RESULT: {"script":"<script> [1562 bytes]","args":[{"selector":{"id":"application-managepartners-display-component---NewPartner--externalCustomerComboBox-application-managepartners-display-component---NewPartner--assignmentsTable-0-vhi"},"wdio_ui5_key":"applicationmanagepartners-display-component---NewPartner--externalCustomerComboBox-application-managepartners-display-component---NewPartner--assignmentsTable-0-vhi"}]}
RESULT: undefined
COMMAND: POST /session/c1955427c912c9ca8e293616318541a3/element - {"using":"xpath","value":"//*[@id=\"application-managepartners-display-component---NewPartner--externalCustomerComboBox-application-managepartners-display-component---NewPartner--assignmentsTable-0-vhi\"]"}
RESULT: {}
RESULT: {"using":"xpath","value":"//*[@id=\"application-managepartners-display-component---NewPartner--externalCustomerComboBox-application-managepartners-display-component---NewPartner--assignmentsTable-0-vhi\"]"}
COMMAND: POST /session/c1955427c912c9ca8e293616318541a3/element/f.5DBEA6FA2B2306711F2E61D56D394A89.d.7461A62964C355C474AE586D517C3381.e.1593/click - {}
RESULT: {}
RESULT: undefined
COMMAND: POST /session/c1955427c912c9ca8e293616318541a3/execute/async - {"script":"<script> [776 bytes]","args":[{"enterText":"300003","selector":{"controlType":"sap.m.SearchField","properties":{"placeholder":"Search"},"searchOpenDialogs":true,"interaction":{"idSuffix":"I"}},"clearTextFirst":true,"interactionType":"ENTER_TEXT"}]}
COMMAND: GET /session/c1955427c912c9ca8e293616318541a3/screenshot - {}
RESULT: {"script":"<script> [776 bytes]","args":[{"enterText":"300003","selector":{"controlType":"sap.m.SearchField","properties":{"placeholder":"Search"},"searchOpenDialogs":true,"interaction":{"idSuffix":"I"}},"clearTextFirst":true,"interactionType":"ENTER_TEXT"}]}
COMMAND: POST /session/c1955427c912c9ca8e293616318541a3/actions - {"actions":[{"id":"action4","type":"key","parameters":{},"actions":[{"type":"keyDown","value":""},{"type":"pause","duration":10},{"type":"keyUp","value":""}]}]}
RESULT: {}
RESULT: {"actions":[{"id":"action4","type":"key","parameters":{},"actions":[{"type":"keyDown","value":""},{"type":"pause","duration":10},{"type":"keyUp","value":""}]}]}
COMMAND: GET /session/c1955427c912c9ca8e293616318541a3/screenshot - {}
RESULT: {}
COMMAND: POST /session/c1955427c912c9ca8e293616318541a3/element - {"using":"xpath","value":"//span[contains(text(), \"300003\")]"}
RESULT: {"using":"xpath","value":"//span[contains(text(), \"300003\")]"}
COMMAND: POST /session/c1955427c912c9ca8e293616318541a3/element/f.5DBEA6FA2B2306711F2E61D56D394A89.d.7461A62964C355C474AE586D517C3381.e.1643/click - {}
RESULT: {}
COMMAND: GET /session/c1955427c912c9ca8e293616318541a3/screenshot - {}
RESULT: {}
COMMAND: POST /session/c1955427c912c9ca8e293616318541a3/element - {"using":"xpath","value":"//bdi[contains(text(), \"OK\")]"}
RESULT: {"using":"xpath","value":"//bdi[contains(text(), \"OK\")]"}
COMMAND: POST /session/c1955427c912c9ca8e293616318541a3/element/f.5DBEA6FA2B2306711F2E61D56D394A89.d.7461A62964C355C474AE586D517C3381.e.1645/click - {}
RESULT: {}
COMMAND: GET /session/c1955427c912c9ca8e293616318541a3/screenshot - {}
RESULT: {}
COMMAND: POST /session/c1955427c912c9ca8e293616318541a3/execute/async - {"script":"<script> [1562 bytes]","args":[{"selector":{"id":"application-managepartners-display-component---NewPartner--intercompVendorComboBox-application-managepartners-display-component---NewPartner--assignmentsTable-0-vhi"},"wdio_ui5_key":"applicationmanagepartners-display-component---NewPartner--intercompVendorComboBox-application-managepartners-display-component---NewPartner--assignmentsTable-0-vhi"}]}
RESULT: {"script":"<script> [1562 bytes]","args":[{"selector":{"id":"application-managepartners-display-component---NewPartner--intercompVendorComboBox-application-managepartners-display-component---NewPartner--assignmentsTable-0-vhi"},"wdio_ui5_key":"applicationmanagepartners-display-component---NewPartner--intercompVendorComboBox-application-managepartners-display-component---NewPartner--assignmentsTable-0-vhi"}]}
RESULT: undefined
COMMAND: POST /session/c1955427c912c9ca8e293616318541a3/element - {"using":"xpath","value":"//*[@id=\"application-managepartners-display-component---NewPartner--intercompVendorComboBox-application-managepartners-display-component---NewPartner--assignmentsTable-0-vhi\"]"}
RESULT: {"using":"xpath","value":"//*[@id=\"application-managepartners-display-component---NewPartner--intercompVendorComboBox-application-managepartners-display-component---NewPartner--assignmentsTable-0-vhi\"]"}
COMMAND: POST /session/c1955427c912c9ca8e293616318541a3/element/f.5DBEA6FA2B2306711F2E61D56D394A89.d.7461A62964C355C474AE586D517C3381.e.1648/click - {}
RESULT: {}
RESULT: undefined
COMMAND: POST /session/c1955427c912c9ca8e293616318541a3/execute/async - {"script":"<script> [776 bytes]","args":[{"enterText":"100005","selector":{"controlType":"sap.m.SearchField","properties":{"placeholder":"Search"},"searchOpenDialogs":true,"interaction":{"idSuffix":"I"}},"clearTextFirst":true,"interactionType":"ENTER_TEXT"}]}
COMMAND: GET /session/c1955427c912c9ca8e293616318541a3/screenshot - {}
RESULT: {"script":"<script> [776 bytes]","args":[{"enterText":"100005","selector":{"controlType":"sap.m.SearchField","properties":{"placeholder":"Search"},"searchOpenDialogs":true,"interaction":{"idSuffix":"I"}},"clearTextFirst":true,"interactionType":"ENTER_TEXT"}]}
COMMAND: POST /session/c1955427c912c9ca8e293616318541a3/actions - {"actions":[{"id":"action5","type":"key","parameters":{},"actions":[{"type":"keyDown","value":""},{"type":"pause","duration":10},{"type":"keyUp","value":""}]}]}
RESULT: {}
RESULT: {"actions":[{"id":"action5","type":"key","parameters":{},"actions":[{"type":"keyDown","value":""},{"type":"pause","duration":10},{"type":"keyUp","value":""}]}]}
COMMAND: GET /session/c1955427c912c9ca8e293616318541a3/screenshot - {}
RESULT: {}
COMMAND: POST /session/c1955427c912c9ca8e293616318541a3/element - {"using":"xpath","value":"//span[contains(text(), \"Penguins - Field/12345 Berlin\")]"}
RESULT: {"using":"xpath","value":"//span[contains(text(), \"Penguins - Field/12345 Berlin\")]"}
COMMAND: POST /session/c1955427c912c9ca8e293616318541a3/element/f.5DBEA6FA2B2306711F2E61D56D394A89.d.7461A62964C355C474AE586D517C3381.e.1667/click - {}
RESULT: {}
COMMAND: GET /session/c1955427c912c9ca8e293616318541a3/screenshot - {}
RESULT: {}
COMMAND: POST /session/c1955427c912c9ca8e293616318541a3/element - {"using":"xpath","value":"//bdi[contains(text(), \"OK\")]"}
RESULT: {"using":"xpath","value":"//bdi[contains(text(), \"OK\")]"}
COMMAND: POST /session/c1955427c912c9ca8e293616318541a3/element/f.5DBEA6FA2B2306711F2E61D56D394A89.d.7461A62964C355C474AE586D517C3381.e.1668/click - {}
RESULT: {}
COMMAND: GET /session/c1955427c912c9ca8e293616318541a3/screenshot - {}
RESULT: {}
COMMAND: POST /session/c1955427c912c9ca8e293616318541a3/element - {"using":"xpath","value":"//button[@data-kt=\"saveButton\"]"}
RESULT: {"using":"xpath","value":"//button[@data-kt=\"saveButton\"]"}
COMMAND: POST /session/c1955427c912c9ca8e293616318541a3/element/f.5DBEA6FA2B2306711F2E61D56D394A89.d.7461A62964C355C474AE586D517C3381.e.1486/click - {}
RESULT: {}
COMMAND: GET /session/c1955427c912c9ca8e293616318541a3/screenshot - {}
RESULT: {}
COMMAND: POST /session/c1955427c912c9ca8e293616318541a3/element - {"using":"xpath","value":"//header[contains(@id, 'ObjectPageLayout-headerTitle')]/div[1]/div[2]/div[2]/span[1]"}
RESULT: {"using":"xpath","value":"//header[contains(@id, 'ObjectPageLayout-headerTitle')]/div[1]/div[2]/div[2]/span[1]"}
COMMAND: POST /session/c1955427c912c9ca8e293616318541a3/elements - {"using":"xpath","value":"//header[contains(@id, 'ObjectPageLayout-headerTitle')]/div[1]/div[2]/div[2]/span[1]"}
RESULT: {"using":"xpath","value":"//header[contains(@id, 'ObjectPageLayout-headerTitle')]/div[1]/div[2]/div[2]/span[1]"}
COMMAND: POST /session/c1955427c912c9ca8e293616318541a3/execute/sync - {"script":"<script> [56 bytes]","args":[{"element-6066-11e4-a52e-4f735466cecf":"f.5DBEA6FA2B2306711F2E61D56D394A89.d.7461A62964C355C474AE586D517C3381.e.1833","ELEMENT":"f.5DBEA6FA2B2306711F2E61D56D394A89.d.7461A62964C355C474AE586D517C3381.e.1833"}]}
RESULT: {"script":"<script> [56 bytes]","args":[{"element-6066-11e4-a52e-4f735466cecf":"f.5DBEA6FA2B2306711F2E61D56D394A89.d.7461A62964C355C474AE586D517C3381.e.1833","ELEMENT":"f.5DBEA6FA2B2306711F2E61D56D394A89.d.7461A62964C355C474AE586D517C3381.e.1833"}]}
COMMAND: POST /session/c1955427c912c9ca8e293616318541a3/element - {"using":"css selector","value":"#shell-header-logo"}
COMMAND: GET /session/c1955427c912c9ca8e293616318541a3/screenshot - {}
RESULT: {"using":"css selector","value":"#shell-header-logo"}
COMMAND: POST /session/c1955427c912c9ca8e293616318541a3/element/f.5DBEA6FA2B2306711F2E61D56D394A89.d.7461A62964C355C474AE586D517C3381.e.1018/click - {}
RESULT: {}
RESULT: {}
COMMAND: GET /session/c1955427c912c9ca8e293616318541a3/screenshot - {}
RESULT: {}
COMMAND: POST /session/c1955427c912c9ca8e293616318541a3/execute/sync - {"script":"<script> [299 bytes]","args":[["getModel","getResource"]]}
RESULT: {"script":"<script> [299 bytes]","args":[["getModel","getResource"]]}
COMMAND: GET /session/c1955427c912c9ca8e293616318541a3/screenshot - {}
]]></system-out>
    </testcase>
    <testcase classname="chrome.137_0_7151_69.windows.Tests_for_Mass_State_Change_on_Manage_States_&amp;_Performances_US104416_US" name="Prereq Should create a new site" time="98.786">
      <system-out><![CDATA[
COMMAND: POST /session/c1955427c912c9ca8e293616318541a3/execute/async - {"script":"<script> [1562 bytes]","args":[{"selector":{"controlType":"sap.m.GenericTile","properties":{"header":"Manage Sites"}},"wdio_ui5_key":"sapm.GenericTile{\"header\":\"Manage Sites\"}"}]}
RESULT: {}
RESULT: {"script":"<script> [1562 bytes]","args":[{"selector":{"controlType":"sap.m.GenericTile","properties":{"header":"Manage Sites"}},"wdio_ui5_key":"sapm.GenericTile{\"header\":\"Manage Sites\"}"}]}
RESULT: undefined
COMMAND: POST /session/c1955427c912c9ca8e293616318541a3/element - {"using":"xpath","value":"//*[@id=\"__tile41\"]"}
RESULT: {"using":"xpath","value":"//*[@id=\"__tile41\"]"}
COMMAND: POST /session/c1955427c912c9ca8e293616318541a3/element/f.5DBEA6FA2B2306711F2E61D56D394A89.d.7461A62964C355C474AE586D517C3381.e.161/click - {}
RESULT: {}
COMMAND: GET /session/c1955427c912c9ca8e293616318541a3/screenshot - {}
RESULT: {}
COMMAND: POST /session/c1955427c912c9ca8e293616318541a3/elements - {"using":"xpath","value":"//span[text()='Error']"}
RESULT: {"using":"xpath","value":"//span[text()='Error']"}
COMMAND: POST /session/c1955427c912c9ca8e293616318541a3/element - {"using":"xpath","value":"//button[@data-kt=\"addOverflowToolbarButton\"]"}
RESULT: {"using":"xpath","value":"//button[@data-kt=\"addOverflowToolbarButton\"]"}
COMMAND: POST /session/c1955427c912c9ca8e293616318541a3/elements - {"using":"xpath","value":"//button[@data-kt=\"addOverflowToolbarButton\"]"}
RESULT: {"using":"xpath","value":"//button[@data-kt=\"addOverflowToolbarButton\"]"}
COMMAND: POST /session/c1955427c912c9ca8e293616318541a3/execute/sync - {"script":"<script> [8489 bytes]","args":[{"element-6066-11e4-a52e-4f735466cecf":"f.5DBEA6FA2B2306711F2E61D56D394A89.d.7461A62964C355C474AE586D517C3381.e.1880","ELEMENT":"f.5DBEA6FA2B2306711F2E61D56D394A89.d.7461A62964C355C474AE586D517C3381.e.1880"}]}
RESULT: {"script":"<script> [8489 bytes]","args":[{"element-6066-11e4-a52e-4f735466cecf":"f.5DBEA6FA2B2306711F2E61D56D394A89.d.7461A62964C355C474AE586D517C3381.e.1880","ELEMENT":"f.5DBEA6FA2B2306711F2E61D56D394A89.d.7461A62964C355C474AE586D517C3381.e.1880"}]}
COMMAND: GET /session/c1955427c912c9ca8e293616318541a3/element/f.5DBEA6FA2B2306711F2E61D56D394A89.d.7461A62964C355C474AE586D517C3381.e.1880/enabled - {}
COMMAND: GET /session/c1955427c912c9ca8e293616318541a3/screenshot - {}
RESULT: {}
COMMAND: POST /session/c1955427c912c9ca8e293616318541a3/execute/sync - {"script":"<script> [8489 bytes]","args":[{"element-6066-11e4-a52e-4f735466cecf":"f.5DBEA6FA2B2306711F2E61D56D394A89.d.7461A62964C355C474AE586D517C3381.e.1880","ELEMENT":"f.5DBEA6FA2B2306711F2E61D56D394A89.d.7461A62964C355C474AE586D517C3381.e.1880"}]}
COMMAND: GET /session/c1955427c912c9ca8e293616318541a3/screenshot - {}
RESULT: {}
RESULT: {"script":"<script> [8489 bytes]","args":[{"element-6066-11e4-a52e-4f735466cecf":"f.5DBEA6FA2B2306711F2E61D56D394A89.d.7461A62964C355C474AE586D517C3381.e.1880","ELEMENT":"f.5DBEA6FA2B2306711F2E61D56D394A89.d.7461A62964C355C474AE586D517C3381.e.1880"}]}
COMMAND: POST /session/c1955427c912c9ca8e293616318541a3/execute/sync - {"script":"<script> [5351 bytes]","args":[{"element-6066-11e4-a52e-4f735466cecf":"f.5DBEA6FA2B2306711F2E61D56D394A89.d.7461A62964C355C474AE586D517C3381.e.1880","ELEMENT":"f.5DBEA6FA2B2306711F2E61D56D394A89.d.7461A62964C355C474AE586D517C3381.e.1880"}]}
COMMAND: GET /session/c1955427c912c9ca8e293616318541a3/screenshot - {}
RESULT: {}
RESULT: {"script":"<script> [5351 bytes]","args":[{"element-6066-11e4-a52e-4f735466cecf":"f.5DBEA6FA2B2306711F2E61D56D394A89.d.7461A62964C355C474AE586D517C3381.e.1880","ELEMENT":"f.5DBEA6FA2B2306711F2E61D56D394A89.d.7461A62964C355C474AE586D517C3381.e.1880"}]}
COMMAND: POST /session/c1955427c912c9ca8e293616318541a3/element/f.5DBEA6FA2B2306711F2E61D56D394A89.d.7461A62964C355C474AE586D517C3381.e.1880/click - {}
COMMAND: GET /session/c1955427c912c9ca8e293616318541a3/screenshot - {}
RESULT: {}
RESULT: {}
COMMAND: GET /session/c1955427c912c9ca8e293616318541a3/screenshot - {}
COMMAND: POST /session/c1955427c912c9ca8e293616318541a3/element - {"using":"xpath","value":"//input[@id=\"application-managesites-display-component---NewSite--siteId-inner\"]"}
RESULT: {}
RESULT: {}
RESULT: {"using":"xpath","value":"//input[@id=\"application-managesites-display-component---NewSite--siteId-inner\"]"}
COMMAND: POST /session/c1955427c912c9ca8e293616318541a3/element - {"using":"xpath","value":"//input[@id=\"application-managesites-display-component---NewSite--siteId-inner\"]"}
RESULT: {"using":"xpath","value":"//input[@id=\"application-managesites-display-component---NewSite--siteId-inner\"]"}
COMMAND: POST /session/c1955427c912c9ca8e293616318541a3/execute/async - {"script":"<script> [1562 bytes]","args":[{"selector":{"id":"application-managesites-display-component---NewSite--addressDetailDetailsName1","interaction":{"idSuffix":"inner"}},"wdio_ui5_key":"applicationmanagesites-display-component---NewSite--addressDetailDetailsName1"}]}
RESULT: {"script":"<script> [1562 bytes]","args":[{"selector":{"id":"application-managesites-display-component---NewSite--addressDetailDetailsName1","interaction":{"idSuffix":"inner"}},"wdio_ui5_key":"applicationmanagesites-display-component---NewSite--addressDetailDetailsName1"}]}
RESULT: undefined
COMMAND: POST /session/c1955427c912c9ca8e293616318541a3/execute/async - {"script":"<script> [776 bytes]","args":[{"enterText":"Intracompany Site wdIO","selector":{"id":"application-managesites-display-component---NewSite--addressDetailDetailsName1","interaction":{"idSuffix":"inner"}},"clearTextFirst":true,"interactionType":"ENTER_TEXT"}]}
RESULT: {"script":"<script> [776 bytes]","args":[{"enterText":"Intracompany Site wdIO","selector":{"id":"application-managesites-display-component---NewSite--addressDetailDetailsName1","interaction":{"idSuffix":"inner"}},"clearTextFirst":true,"interactionType":"ENTER_TEXT"}]}
COMMAND: POST /session/c1955427c912c9ca8e293616318541a3/execute/async - {"script":"<script> [1562 bytes]","args":[{"selector":{"id":"application-managesites-display-component---NewSite--addressDetailDetailsLanguage-arrow"},"wdio_ui5_key":"applicationmanagesites-display-component---NewSite--addressDetailDetailsLanguage-arrow"}]}
RESULT: {"script":"<script> [1562 bytes]","args":[{"selector":{"id":"application-managesites-display-component---NewSite--addressDetailDetailsLanguage-arrow"},"wdio_ui5_key":"applicationmanagesites-display-component---NewSite--addressDetailDetailsLanguage-arrow"}]}
RESULT: undefined
COMMAND: POST /session/c1955427c912c9ca8e293616318541a3/element - {"using":"xpath","value":"//*[@id=\"application-managesites-display-component---NewSite--addressDetailDetailsLanguage-arrow\"]"}
RESULT: {"using":"xpath","value":"//*[@id=\"application-managesites-display-component---NewSite--addressDetailDetailsLanguage-arrow\"]"}
COMMAND: POST /session/c1955427c912c9ca8e293616318541a3/element/f.5DBEA6FA2B2306711F2E61D56D394A89.d.7461A62964C355C474AE586D517C3381.e.2280/click - {}
RESULT: {}
COMMAND: POST /session/c1955427c912c9ca8e293616318541a3/element - {"using":"xpath","value":"//span[contains(text(), \"English\")]"}
COMMAND: GET /session/c1955427c912c9ca8e293616318541a3/screenshot - {}
RESULT: {"using":"xpath","value":"//span[contains(text(), \"English\")]"}
COMMAND: POST /session/c1955427c912c9ca8e293616318541a3/element/f.5DBEA6FA2B2306711F2E61D56D394A89.d.7461A62964C355C474AE586D517C3381.e.2281/click - {}
RESULT: {}
RESULT: {}
COMMAND: POST /session/c1955427c912c9ca8e293616318541a3/execute/async - {"script":"<script> [1562 bytes]","args":[{"selector":{"id":"application-managesites-display-component---NewSite--addressDetailDetailsCity1","interaction":{"idSuffix":"inner"}},"wdio_ui5_key":"applicationmanagesites-display-component---NewSite--addressDetailDetailsCity1"}]}
COMMAND: GET /session/c1955427c912c9ca8e293616318541a3/screenshot - {}
RESULT: {"script":"<script> [1562 bytes]","args":[{"selector":{"id":"application-managesites-display-component---NewSite--addressDetailDetailsCity1","interaction":{"idSuffix":"inner"}},"wdio_ui5_key":"applicationmanagesites-display-component---NewSite--addressDetailDetailsCity1"}]}
RESULT: undefined
COMMAND: POST /session/c1955427c912c9ca8e293616318541a3/execute/async - {"script":"<script> [776 bytes]","args":[{"enterText":"Rosario","selector":{"id":"application-managesites-display-component---NewSite--addressDetailDetailsCity1","interaction":{"idSuffix":"inner"}},"clearTextFirst":true,"interactionType":"ENTER_TEXT"}]}
RESULT: {}
RESULT: {"script":"<script> [776 bytes]","args":[{"enterText":"Rosario","selector":{"id":"application-managesites-display-component---NewSite--addressDetailDetailsCity1","interaction":{"idSuffix":"inner"}},"clearTextFirst":true,"interactionType":"ENTER_TEXT"}]}
COMMAND: POST /session/c1955427c912c9ca8e293616318541a3/execute/async - {"script":"<script> [1562 bytes]","args":[{"selector":{"id":"application-managesites-display-component---NewSite--addressDetailDetailsCountry-arrow"},"wdio_ui5_key":"applicationmanagesites-display-component---NewSite--addressDetailDetailsCountry-arrow"}]}
RESULT: {"script":"<script> [1562 bytes]","args":[{"selector":{"id":"application-managesites-display-component---NewSite--addressDetailDetailsCountry-arrow"},"wdio_ui5_key":"applicationmanagesites-display-component---NewSite--addressDetailDetailsCountry-arrow"}]}
RESULT: undefined
COMMAND: POST /session/c1955427c912c9ca8e293616318541a3/element - {"using":"xpath","value":"//*[@id=\"application-managesites-display-component---NewSite--addressDetailDetailsCountry-arrow\"]"}
RESULT: {"using":"xpath","value":"//*[@id=\"application-managesites-display-component---NewSite--addressDetailDetailsCountry-arrow\"]"}
COMMAND: POST /session/c1955427c912c9ca8e293616318541a3/element/f.5DBEA6FA2B2306711F2E61D56D394A89.d.7461A62964C355C474AE586D517C3381.e.2283/click - {}
RESULT: {}
COMMAND: POST /session/c1955427c912c9ca8e293616318541a3/element - {"using":"xpath","value":"//span[contains(text(), \"Argentina\")]"}
COMMAND: GET /session/c1955427c912c9ca8e293616318541a3/screenshot - {}
RESULT: {"using":"xpath","value":"//span[contains(text(), \"Argentina\")]"}
COMMAND: POST /session/c1955427c912c9ca8e293616318541a3/element/f.5DBEA6FA2B2306711F2E61D56D394A89.d.7461A62964C355C474AE586D517C3381.e.2285/click - {}
RESULT: {}
RESULT: {}
COMMAND: GET /session/c1955427c912c9ca8e293616318541a3/screenshot - {}
RESULT: {}
COMMAND: POST /session/c1955427c912c9ca8e293616318541a3/execute/async - {"script":"<script> [1562 bytes]","args":[{"selector":{"id":"application-managesites-display-component---NewSite--addressEditDetailsCostObjectCstType-arrow"},"wdio_ui5_key":"applicationmanagesites-display-component---NewSite--addressEditDetailsCostObjectCstType-arrow"}]}
RESULT: {"script":"<script> [1562 bytes]","args":[{"selector":{"id":"application-managesites-display-component---NewSite--addressEditDetailsCostObjectCstType-arrow"},"wdio_ui5_key":"applicationmanagesites-display-component---NewSite--addressEditDetailsCostObjectCstType-arrow"}]}
RESULT: undefined
COMMAND: POST /session/c1955427c912c9ca8e293616318541a3/element - {"using":"xpath","value":"//*[@id=\"application-managesites-display-component---NewSite--addressEditDetailsCostObjectCstType-arrow\"]"}
RESULT: {"using":"xpath","value":"//*[@id=\"application-managesites-display-component---NewSite--addressEditDetailsCostObjectCstType-arrow\"]"}
COMMAND: POST /session/c1955427c912c9ca8e293616318541a3/element/f.5DBEA6FA2B2306711F2E61D56D394A89.d.7461A62964C355C474AE586D517C3381.e.2286/click - {}
RESULT: {}
COMMAND: POST /session/c1955427c912c9ca8e293616318541a3/element - {"using":"xpath","value":"//span[contains(text(), \"Cost Center\")]"}
COMMAND: GET /session/c1955427c912c9ca8e293616318541a3/screenshot - {}
RESULT: {"using":"xpath","value":"//span[contains(text(), \"Cost Center\")]"}
COMMAND: POST /session/c1955427c912c9ca8e293616318541a3/element/f.5DBEA6FA2B2306711F2E61D56D394A89.d.7461A62964C355C474AE586D517C3381.e.2287/click - {}
RESULT: {}
RESULT: {}
COMMAND: GET /session/c1955427c912c9ca8e293616318541a3/screenshot - {}
RESULT: {}
COMMAND: POST /session/c1955427c912c9ca8e293616318541a3/element - {"using":"xpath","value":"//span[@id=\"application-managesites-display-component---NewSite--addressNewCostObjectCstID-vhi\"]"}
RESULT: {"using":"xpath","value":"//span[@id=\"application-managesites-display-component---NewSite--addressNewCostObjectCstID-vhi\"]"}
COMMAND: POST /session/c1955427c912c9ca8e293616318541a3/execute/sync - {"script":"<script> [8489 bytes]","args":[{"element-6066-11e4-a52e-4f735466cecf":"f.5DBEA6FA2B2306711F2E61D56D394A89.d.7461A62964C355C474AE586D517C3381.e.2292","ELEMENT":"f.5DBEA6FA2B2306711F2E61D56D394A89.d.7461A62964C355C474AE586D517C3381.e.2292"}]}
RESULT: {"script":"<script> [8489 bytes]","args":[{"element-6066-11e4-a52e-4f735466cecf":"f.5DBEA6FA2B2306711F2E61D56D394A89.d.7461A62964C355C474AE586D517C3381.e.2292","ELEMENT":"f.5DBEA6FA2B2306711F2E61D56D394A89.d.7461A62964C355C474AE586D517C3381.e.2292"}]}
COMMAND: POST /session/c1955427c912c9ca8e293616318541a3/execute/async - {"script":"<script> [1562 bytes]","args":[{"selector":{"id":"application-managesites-display-component---NewSite--addressNewCostObjectCstID-vhi"},"wdio_ui5_key":"applicationmanagesites-display-component---NewSite--addressNewCostObjectCstID-vhi"}]}
COMMAND: GET /session/c1955427c912c9ca8e293616318541a3/screenshot - {}
RESULT: {"script":"<script> [1562 bytes]","args":[{"selector":{"id":"application-managesites-display-component---NewSite--addressNewCostObjectCstID-vhi"},"wdio_ui5_key":"applicationmanagesites-display-component---NewSite--addressNewCostObjectCstID-vhi"}]}
RESULT: undefined
COMMAND: POST /session/c1955427c912c9ca8e293616318541a3/element - {"using":"xpath","value":"//*[@id=\"application-managesites-display-component---NewSite--addressNewCostObjectCstID-vhi\"]"}
RESULT: {}
RESULT: {"using":"xpath","value":"//*[@id=\"application-managesites-display-component---NewSite--addressNewCostObjectCstID-vhi\"]"}
COMMAND: POST /session/c1955427c912c9ca8e293616318541a3/element/f.5DBEA6FA2B2306711F2E61D56D394A89.d.7461A62964C355C474AE586D517C3381.e.2292/click - {}
RESULT: {}
COMMAND: GET /session/c1955427c912c9ca8e293616318541a3/screenshot - {}
RESULT: {}
RESULT: undefined
COMMAND: POST /session/c1955427c912c9ca8e293616318541a3/execute/async - {"script":"<script> [776 bytes]","args":[{"enterText":"10001013","selector":{"controlType":"sap.m.SearchField","properties":{"placeholder":"Search"},"searchOpenDialogs":true,"interaction":{"idSuffix":"I"}},"clearTextFirst":true,"interactionType":"ENTER_TEXT"}]}
RESULT: {"script":"<script> [776 bytes]","args":[{"enterText":"10001013","selector":{"controlType":"sap.m.SearchField","properties":{"placeholder":"Search"},"searchOpenDialogs":true,"interaction":{"idSuffix":"I"}},"clearTextFirst":true,"interactionType":"ENTER_TEXT"}]}
COMMAND: POST /session/c1955427c912c9ca8e293616318541a3/actions - {"actions":[{"id":"action6","type":"key","parameters":{},"actions":[{"type":"keyDown","value":""},{"type":"pause","duration":10},{"type":"keyUp","value":""}]}]}
RESULT: {"actions":[{"id":"action6","type":"key","parameters":{},"actions":[{"type":"keyDown","value":""},{"type":"pause","duration":10},{"type":"keyUp","value":""}]}]}
COMMAND: GET /session/c1955427c912c9ca8e293616318541a3/screenshot - {}
RESULT: {}
COMMAND: POST /session/c1955427c912c9ca8e293616318541a3/element - {"using":"xpath","value":"//span[contains(text(), \"General Management\")]"}
RESULT: {"using":"xpath","value":"//span[contains(text(), \"General Management\")]"}
COMMAND: POST /session/c1955427c912c9ca8e293616318541a3/element/f.5DBEA6FA2B2306711F2E61D56D394A89.d.7461A62964C355C474AE586D517C3381.e.2332/click - {}
RESULT: {}
COMMAND: GET /session/c1955427c912c9ca8e293616318541a3/screenshot - {}
RESULT: {}
COMMAND: POST /session/c1955427c912c9ca8e293616318541a3/element - {"using":"xpath","value":"//bdi[contains(text(), \"OK\")]"}
RESULT: {"using":"xpath","value":"//bdi[contains(text(), \"OK\")]"}
COMMAND: POST /session/c1955427c912c9ca8e293616318541a3/element/f.5DBEA6FA2B2306711F2E61D56D394A89.d.7461A62964C355C474AE586D517C3381.e.2333/click - {}
RESULT: {}
COMMAND: GET /session/c1955427c912c9ca8e293616318541a3/screenshot - {}
RESULT: {}
COMMAND: POST /session/c1955427c912c9ca8e293616318541a3/element - {"using":"xpath","value":"//input[@id=\"application-managesites-display-component---NewSite--addressDetailDetailsCalendar-inner\"]"}
RESULT: {"using":"xpath","value":"//input[@id=\"application-managesites-display-component---NewSite--addressDetailDetailsCalendar-inner\"]"}
COMMAND: POST /session/c1955427c912c9ca8e293616318541a3/element/f.5DBEA6FA2B2306711F2E61D56D394A89.d.7461A62964C355C474AE586D517C3381.e.2076/clear - {}
RESULT: {}
COMMAND: POST /session/c1955427c912c9ca8e293616318541a3/element/f.5DBEA6FA2B2306711F2E61D56D394A89.d.7461A62964C355C474AE586D517C3381.e.2076/value - {"text":"Unit"}
COMMAND: GET /session/c1955427c912c9ca8e293616318541a3/screenshot - {}
RESULT: {"text":"Unit"}
COMMAND: GET /session/c1955427c912c9ca8e293616318541a3/screenshot - {}
RESULT: {}
RESULT: {}
COMMAND: POST /session/c1955427c912c9ca8e293616318541a3/actions - {"actions":[{"id":"action7","type":"key","parameters":{},"actions":[{"type":"keyDown","value":""},{"type":"pause","duration":10},{"type":"keyUp","value":""}]}]}
RESULT: {"actions":[{"id":"action7","type":"key","parameters":{},"actions":[{"type":"keyDown","value":""},{"type":"pause","duration":10},{"type":"keyUp","value":""}]}]}
COMMAND: POST /session/c1955427c912c9ca8e293616318541a3/element - {"using":"xpath","value":"//input[@id=\"application-managesites-display-component---NewSite--addressDetailDetailsYard-inner\"]"}
COMMAND: GET /session/c1955427c912c9ca8e293616318541a3/screenshot - {}
RESULT: {"using":"xpath","value":"//input[@id=\"application-managesites-display-component---NewSite--addressDetailDetailsYard-inner\"]"}
COMMAND: POST /session/c1955427c912c9ca8e293616318541a3/element/f.5DBEA6FA2B2306711F2E61D56D394A89.d.7461A62964C355C474AE586D517C3381.e.2077/clear - {}
RESULT: {}
RESULT: {}
COMMAND: POST /session/c1955427c912c9ca8e293616318541a3/element/f.5DBEA6FA2B2306711F2E61D56D394A89.d.7461A62964C355C474AE586D517C3381.e.2077/value - {"text":"275"}
COMMAND: GET /session/c1955427c912c9ca8e293616318541a3/screenshot - {}
RESULT: {"text":"275"}
COMMAND: GET /session/c1955427c912c9ca8e293616318541a3/screenshot - {}
RESULT: {}
RESULT: {}
COMMAND: POST /session/c1955427c912c9ca8e293616318541a3/element - {"using":"xpath","value":"//li[.//span[text()='275']]"}
RESULT: {"using":"xpath","value":"//li[.//span[text()='275']]"}
COMMAND: POST /session/c1955427c912c9ca8e293616318541a3/element/f.5DBEA6FA2B2306711F2E61D56D394A89.d.7461A62964C355C474AE586D517C3381.e.2341/click - {}
RESULT: {}
COMMAND: GET /session/c1955427c912c9ca8e293616318541a3/screenshot - {}
RESULT: {}
COMMAND: POST /session/c1955427c912c9ca8e293616318541a3/element - {"using":"xpath","value":"//input[@id=\"application-managesites-display-component---NewSite--addressDetailDetailsPartner-inner\"]"}
RESULT: {"using":"xpath","value":"//input[@id=\"application-managesites-display-component---NewSite--addressDetailDetailsPartner-inner\"]"}
COMMAND: POST /session/c1955427c912c9ca8e293616318541a3/element - {"using":"xpath","value":"//input[@id=\"application-managesites-display-component---NewSite--addressDetailDetailsPartner-inner\"]"}
RESULT: {"using":"xpath","value":"//input[@id=\"application-managesites-display-component---NewSite--addressDetailDetailsPartner-inner\"]"}
COMMAND: POST /session/c1955427c912c9ca8e293616318541a3/element - {"using":"xpath","value":"//button[@data-kt=\"saveButton\"]"}
RESULT: {"using":"xpath","value":"//button[@data-kt=\"saveButton\"]"}
COMMAND: POST /session/c1955427c912c9ca8e293616318541a3/element/f.5DBEA6FA2B2306711F2E61D56D394A89.d.7461A62964C355C474AE586D517C3381.e.2265/click - {}
RESULT: {}
COMMAND: GET /session/c1955427c912c9ca8e293616318541a3/screenshot - {}
RESULT: {}
COMMAND: POST /session/c1955427c912c9ca8e293616318541a3/element - {"using":"xpath","value":"//header[contains(@id, 'ObjectPageLayout-headerTitle')]/div[1]/div[2]/div[2]/span[1]"}
RESULT: {"using":"xpath","value":"//header[contains(@id, 'ObjectPageLayout-headerTitle')]/div[1]/div[2]/div[2]/span[1]"}
COMMAND: POST /session/c1955427c912c9ca8e293616318541a3/elements - {"using":"xpath","value":"//header[contains(@id, 'ObjectPageLayout-headerTitle')]/div[1]/div[2]/div[2]/span[1]"}
RESULT: {"using":"xpath","value":"//header[contains(@id, 'ObjectPageLayout-headerTitle')]/div[1]/div[2]/div[2]/span[1]"}
COMMAND: POST /session/c1955427c912c9ca8e293616318541a3/execute/sync - {"script":"<script> [56 bytes]","args":[{"element-6066-11e4-a52e-4f735466cecf":"f.5DBEA6FA2B2306711F2E61D56D394A89.d.7461A62964C355C474AE586D517C3381.e.2544","ELEMENT":"f.5DBEA6FA2B2306711F2E61D56D394A89.d.7461A62964C355C474AE586D517C3381.e.2544"}]}
RESULT: {"script":"<script> [56 bytes]","args":[{"element-6066-11e4-a52e-4f735466cecf":"f.5DBEA6FA2B2306711F2E61D56D394A89.d.7461A62964C355C474AE586D517C3381.e.2544","ELEMENT":"f.5DBEA6FA2B2306711F2E61D56D394A89.d.7461A62964C355C474AE586D517C3381.e.2544"}]}
COMMAND: POST /session/c1955427c912c9ca8e293616318541a3/element - {"using":"css selector","value":"#shell-header-logo"}
COMMAND: GET /session/c1955427c912c9ca8e293616318541a3/screenshot - {}
RESULT: {"using":"css selector","value":"#shell-header-logo"}
COMMAND: POST /session/c1955427c912c9ca8e293616318541a3/element/f.5DBEA6FA2B2306711F2E61D56D394A89.d.7461A62964C355C474AE586D517C3381.e.1837/click - {}
RESULT: {}
RESULT: {}
COMMAND: GET /session/c1955427c912c9ca8e293616318541a3/screenshot - {}
RESULT: {}
COMMAND: POST /session/c1955427c912c9ca8e293616318541a3/execute/sync - {"script":"<script> [299 bytes]","args":[["getModel","getResource"]]}
RESULT: {"script":"<script> [299 bytes]","args":[["getModel","getResource"]]}
COMMAND: GET /session/c1955427c912c9ca8e293616318541a3/screenshot - {}
]]></system-out>
    </testcase>
    <testcase classname="chrome.137_0_7151_69.windows.Tests_for_Mass_State_Change_on_Manage_States_&amp;_Performances_US104416_US" name="Prereq Should create a new equipment multipart" time="130.557">
      <system-out><![CDATA[
COMMAND: POST /session/c1955427c912c9ca8e293616318541a3/execute/async - {"script":"<script> [1562 bytes]","args":[{"selector":{"controlType":"sap.m.GenericTile","properties":{"header":"Manage Resources"}},"wdio_ui5_key":"sapm.GenericTile{\"header\":\"Manage Resources\"}"}]}
RESULT: {}
RESULT: {"script":"<script> [1562 bytes]","args":[{"selector":{"controlType":"sap.m.GenericTile","properties":{"header":"Manage Resources"}},"wdio_ui5_key":"sapm.GenericTile{\"header\":\"Manage Resources\"}"}]}
RESULT: undefined
COMMAND: POST /session/c1955427c912c9ca8e293616318541a3/element - {"using":"xpath","value":"//*[@id=\"__tile40\"]"}
RESULT: {"using":"xpath","value":"//*[@id=\"__tile40\"]"}
COMMAND: POST /session/c1955427c912c9ca8e293616318541a3/element/f.5DBEA6FA2B2306711F2E61D56D394A89.d.7461A62964C355C474AE586D517C3381.e.158/click - {}
RESULT: {}
COMMAND: GET /session/c1955427c912c9ca8e293616318541a3/screenshot - {}
RESULT: {}
COMMAND: POST /session/c1955427c912c9ca8e293616318541a3/elements - {"using":"xpath","value":"//span[text()='Error']"}
RESULT: {"using":"xpath","value":"//span[text()='Error']"}
COMMAND: POST /session/c1955427c912c9ca8e293616318541a3/element - {"using":"xpath","value":"//button[@data-kt=\"addNewRUOverflowToolbarButton\"]"}
RESULT: {"using":"xpath","value":"//button[@data-kt=\"addNewRUOverflowToolbarButton\"]"}
COMMAND: POST /session/c1955427c912c9ca8e293616318541a3/elements - {"using":"xpath","value":"//button[@data-kt=\"addNewRUOverflowToolbarButton\"]"}
RESULT: {"using":"xpath","value":"//button[@data-kt=\"addNewRUOverflowToolbarButton\"]"}
COMMAND: POST /session/c1955427c912c9ca8e293616318541a3/execute/sync - {"script":"<script> [8489 bytes]","args":[{"element-6066-11e4-a52e-4f735466cecf":"f.5DBEA6FA2B2306711F2E61D56D394A89.d.7461A62964C355C474AE586D517C3381.e.2575","ELEMENT":"f.5DBEA6FA2B2306711F2E61D56D394A89.d.7461A62964C355C474AE586D517C3381.e.2575"}]}
RESULT: {"script":"<script> [8489 bytes]","args":[{"element-6066-11e4-a52e-4f735466cecf":"f.5DBEA6FA2B2306711F2E61D56D394A89.d.7461A62964C355C474AE586D517C3381.e.2575","ELEMENT":"f.5DBEA6FA2B2306711F2E61D56D394A89.d.7461A62964C355C474AE586D517C3381.e.2575"}]}
COMMAND: GET /session/c1955427c912c9ca8e293616318541a3/element/f.5DBEA6FA2B2306711F2E61D56D394A89.d.7461A62964C355C474AE586D517C3381.e.2575/enabled - {}
COMMAND: GET /session/c1955427c912c9ca8e293616318541a3/screenshot - {}
RESULT: {}
COMMAND: POST /session/c1955427c912c9ca8e293616318541a3/execute/sync - {"script":"<script> [8489 bytes]","args":[{"element-6066-11e4-a52e-4f735466cecf":"f.5DBEA6FA2B2306711F2E61D56D394A89.d.7461A62964C355C474AE586D517C3381.e.2575","ELEMENT":"f.5DBEA6FA2B2306711F2E61D56D394A89.d.7461A62964C355C474AE586D517C3381.e.2575"}]}
COMMAND: GET /session/c1955427c912c9ca8e293616318541a3/screenshot - {}
RESULT: {}
RESULT: {"script":"<script> [8489 bytes]","args":[{"element-6066-11e4-a52e-4f735466cecf":"f.5DBEA6FA2B2306711F2E61D56D394A89.d.7461A62964C355C474AE586D517C3381.e.2575","ELEMENT":"f.5DBEA6FA2B2306711F2E61D56D394A89.d.7461A62964C355C474AE586D517C3381.e.2575"}]}
COMMAND: POST /session/c1955427c912c9ca8e293616318541a3/execute/sync - {"script":"<script> [5351 bytes]","args":[{"element-6066-11e4-a52e-4f735466cecf":"f.5DBEA6FA2B2306711F2E61D56D394A89.d.7461A62964C355C474AE586D517C3381.e.2575","ELEMENT":"f.5DBEA6FA2B2306711F2E61D56D394A89.d.7461A62964C355C474AE586D517C3381.e.2575"}]}
COMMAND: GET /session/c1955427c912c9ca8e293616318541a3/screenshot - {}
RESULT: {}
RESULT: {"script":"<script> [5351 bytes]","args":[{"element-6066-11e4-a52e-4f735466cecf":"f.5DBEA6FA2B2306711F2E61D56D394A89.d.7461A62964C355C474AE586D517C3381.e.2575","ELEMENT":"f.5DBEA6FA2B2306711F2E61D56D394A89.d.7461A62964C355C474AE586D517C3381.e.2575"}]}
COMMAND: POST /session/c1955427c912c9ca8e293616318541a3/element/f.5DBEA6FA2B2306711F2E61D56D394A89.d.7461A62964C355C474AE586D517C3381.e.2575/click - {}
COMMAND: GET /session/c1955427c912c9ca8e293616318541a3/screenshot - {}
RESULT: {}
RESULT: {}
COMMAND: GET /session/c1955427c912c9ca8e293616318541a3/screenshot - {}
RESULT: {}
RESULT: {}
COMMAND: POST /session/c1955427c912c9ca8e293616318541a3/execute/async - {"script":"<script> [1562 bytes]","args":[{"selector":{"id":"application-manageresources-display-component---newResourceUnit--TYPE-arrow"},"wdio_ui5_key":"applicationmanageresources-display-component---newResourceUnit--TYPE-arrow"}]}
RESULT: {"script":"<script> [1562 bytes]","args":[{"selector":{"id":"application-manageresources-display-component---newResourceUnit--TYPE-arrow"},"wdio_ui5_key":"applicationmanageresources-display-component---newResourceUnit--TYPE-arrow"}]}
RESULT: undefined
COMMAND: POST /session/c1955427c912c9ca8e293616318541a3/element - {"using":"xpath","value":"//*[@id=\"application-manageresources-display-component---newResourceUnit--TYPE-arrow\"]"}
RESULT: {"using":"xpath","value":"//*[@id=\"application-manageresources-display-component---newResourceUnit--TYPE-arrow\"]"}
COMMAND: POST /session/c1955427c912c9ca8e293616318541a3/element/f.5DBEA6FA2B2306711F2E61D56D394A89.d.7461A62964C355C474AE586D517C3381.e.2943/click - {}
RESULT: {}
COMMAND: POST /session/c1955427c912c9ca8e293616318541a3/element - {"using":"xpath","value":"//input[@id=\"application-manageresources-display-component---newResourceUnit--TYPE-inner\"]"}
COMMAND: GET /session/c1955427c912c9ca8e293616318541a3/screenshot - {}
RESULT: {"using":"xpath","value":"//input[@id=\"application-manageresources-display-component---newResourceUnit--TYPE-inner\"]"}
COMMAND: POST /session/c1955427c912c9ca8e293616318541a3/element/f.5DBEA6FA2B2306711F2E61D56D394A89.d.7461A62964C355C474AE586D517C3381.e.2928/clear - {}
RESULT: {}
RESULT: {}
COMMAND: POST /session/c1955427c912c9ca8e293616318541a3/element/f.5DBEA6FA2B2306711F2E61D56D394A89.d.7461A62964C355C474AE586D517C3381.e.2928/value - {"text":"Equi Multipart"}
COMMAND: GET /session/c1955427c912c9ca8e293616318541a3/screenshot - {}
RESULT: {"text":"Equi Multipart"}
COMMAND: GET /session/c1955427c912c9ca8e293616318541a3/screenshot - {}
RESULT: {}
RESULT: {}
COMMAND: POST /session/c1955427c912c9ca8e293616318541a3/actions - {"actions":[{"id":"action8","type":"key","parameters":{},"actions":[{"type":"keyDown","value":""},{"type":"pause","duration":10},{"type":"keyUp","value":""}]}]}
RESULT: {"actions":[{"id":"action8","type":"key","parameters":{},"actions":[{"type":"keyDown","value":""},{"type":"pause","duration":10},{"type":"keyUp","value":""}]}]}
COMMAND: POST /session/c1955427c912c9ca8e293616318541a3/execute/async - {"script":"<script> [1562 bytes]","args":[{"selector":{"id":"application-manageresources-display-component---newResourceUnit--SHORT_TEXT","interaction":{"idSuffix":"inner"}},"wdio_ui5_key":"applicationmanageresources-display-component---newResourceUnit--SHORT_TEXT"}]}
COMMAND: GET /session/c1955427c912c9ca8e293616318541a3/screenshot - {}
RESULT: {"script":"<script> [1562 bytes]","args":[{"selector":{"id":"application-manageresources-display-component---newResourceUnit--SHORT_TEXT","interaction":{"idSuffix":"inner"}},"wdio_ui5_key":"applicationmanageresources-display-component---newResourceUnit--SHORT_TEXT"}]}
RESULT: undefined
COMMAND: POST /session/c1955427c912c9ca8e293616318541a3/execute/async - {"script":"<script> [776 bytes]","args":[{"enterText":"Equipment Multipart WDIO","selector":{"id":"application-manageresources-display-component---newResourceUnit--SHORT_TEXT","interaction":{"idSuffix":"inner"}},"clearTextFirst":true,"interactionType":"ENTER_TEXT"}]}
RESULT: {}
RESULT: {"script":"<script> [776 bytes]","args":[{"enterText":"Equipment Multipart WDIO","selector":{"id":"application-manageresources-display-component---newResourceUnit--SHORT_TEXT","interaction":{"idSuffix":"inner"}},"clearTextFirst":true,"interactionType":"ENTER_TEXT"}]}
COMMAND: POST /session/c1955427c912c9ca8e293616318541a3/execute/async - {"script":"<script> [1562 bytes]","args":[{"selector":{"id":"application-manageresources-display-component---newResourceUnit--BASE_UNIT_OF_MEASURE","interaction":{"idSuffix":"inner"}},"wdio_ui5_key":"applicationmanageresources-display-component---newResourceUnit--BASE_UNIT_OF_MEASURE"}]}
RESULT: {"script":"<script> [1562 bytes]","args":[{"selector":{"id":"application-manageresources-display-component---newResourceUnit--BASE_UNIT_OF_MEASURE","interaction":{"idSuffix":"inner"}},"wdio_ui5_key":"applicationmanageresources-display-component---newResourceUnit--BASE_UNIT_OF_MEASURE"}]}
RESULT: undefined
COMMAND: POST /session/c1955427c912c9ca8e293616318541a3/execute/async - {"script":"<script> [776 bytes]","args":[{"enterText":"Piece","selector":{"id":"application-manageresources-display-component---newResourceUnit--BASE_UNIT_OF_MEASURE","interaction":{"idSuffix":"inner"}},"clearTextFirst":true,"interactionType":"ENTER_TEXT"}]}
RESULT: {"script":"<script> [776 bytes]","args":[{"enterText":"Piece","selector":{"id":"application-manageresources-display-component---newResourceUnit--BASE_UNIT_OF_MEASURE","interaction":{"idSuffix":"inner"}},"clearTextFirst":true,"interactionType":"ENTER_TEXT"}]}
COMMAND: POST /session/c1955427c912c9ca8e293616318541a3/execute/async - {"script":"<script> [1562 bytes]","args":[{"selector":{"id":"application-manageresources-display-component---newResourceUnit--WEIGHT_UNIT","interaction":{"idSuffix":"inner"}},"wdio_ui5_key":"applicationmanageresources-display-component---newResourceUnit--WEIGHT_UNIT"}]}
RESULT: {"script":"<script> [1562 bytes]","args":[{"selector":{"id":"application-manageresources-display-component---newResourceUnit--WEIGHT_UNIT","interaction":{"idSuffix":"inner"}},"wdio_ui5_key":"applicationmanageresources-display-component---newResourceUnit--WEIGHT_UNIT"}]}
RESULT: undefined
COMMAND: POST /session/c1955427c912c9ca8e293616318541a3/execute/async - {"script":"<script> [776 bytes]","args":[{"enterText":"Gram","selector":{"id":"application-manageresources-display-component---newResourceUnit--WEIGHT_UNIT","interaction":{"idSuffix":"inner"}},"clearTextFirst":true,"interactionType":"ENTER_TEXT"}]}
RESULT: {"script":"<script> [776 bytes]","args":[{"enterText":"Gram","selector":{"id":"application-manageresources-display-component---newResourceUnit--WEIGHT_UNIT","interaction":{"idSuffix":"inner"}},"clearTextFirst":true,"interactionType":"ENTER_TEXT"}]}
COMMAND: POST /session/c1955427c912c9ca8e293616318541a3/execute/async - {"script":"<script> [1562 bytes]","args":[{"selector":{"id":"application-manageresources-display-component---newResourceUnit--DIMENSION_UNIT","interaction":{"idSuffix":"inner"}},"wdio_ui5_key":"applicationmanageresources-display-component---newResourceUnit--DIMENSION_UNIT"}]}
RESULT: {"script":"<script> [1562 bytes]","args":[{"selector":{"id":"application-manageresources-display-component---newResourceUnit--DIMENSION_UNIT","interaction":{"idSuffix":"inner"}},"wdio_ui5_key":"applicationmanageresources-display-component---newResourceUnit--DIMENSION_UNIT"}]}
RESULT: undefined
COMMAND: POST /session/c1955427c912c9ca8e293616318541a3/execute/async - {"script":"<script> [776 bytes]","args":[{"enterText":"Meter","selector":{"id":"application-manageresources-display-component---newResourceUnit--DIMENSION_UNIT","interaction":{"idSuffix":"inner"}},"clearTextFirst":true,"interactionType":"ENTER_TEXT"}]}
RESULT: {"script":"<script> [776 bytes]","args":[{"enterText":"Meter","selector":{"id":"application-manageresources-display-component---newResourceUnit--DIMENSION_UNIT","interaction":{"idSuffix":"inner"}},"clearTextFirst":true,"interactionType":"ENTER_TEXT"}]}
COMMAND: POST /session/c1955427c912c9ca8e293616318541a3/execute/async - {"script":"<script> [1562 bytes]","args":[{"selector":{"id":"application-manageresources-display-component---newResourceUnit--newRRUPage-anchBar-application-manageresources-display-component---newResourceUnit--control-anchor","interaction":{"idSuffix":"BDI-content"}},"wdio_ui5_key":"applicationmanageresources-display-component---newResourceUnit--newRRUPage-anchBar-application-manageresources-display-component---newResourceUnit--control-anchor"}]}
RESULT: {"script":"<script> [1562 bytes]","args":[{"selector":{"id":"application-manageresources-display-component---newResourceUnit--newRRUPage-anchBar-application-manageresources-display-component---newResourceUnit--control-anchor","interaction":{"idSuffix":"BDI-content"}},"wdio_ui5_key":"applicationmanageresources-display-component---newResourceUnit--newRRUPage-anchBar-application-manageresources-display-component---newResourceUnit--control-anchor"}]}
RESULT: undefined
COMMAND: POST /session/c1955427c912c9ca8e293616318541a3/element - {"using":"xpath","value":"//*[@id=\"application-manageresources-display-component---newResourceUnit--newRRUPage-anchBar-application-manageresources-display-component---newResourceUnit--control-anchor\"]"}
RESULT: {"using":"xpath","value":"//*[@id=\"application-manageresources-display-component---newResourceUnit--newRRUPage-anchBar-application-manageresources-display-component---newResourceUnit--control-anchor\"]"}
COMMAND: POST /session/c1955427c912c9ca8e293616318541a3/element/f.5DBEA6FA2B2306711F2E61D56D394A89.d.7461A62964C355C474AE586D517C3381.e.3077/click - {}
RESULT: {}
COMMAND: POST /session/c1955427c912c9ca8e293616318541a3/execute/async - {"script":"<script> [1562 bytes]","args":[{"selector":{"id":"application-manageresources-display-component---newResourceUnit--PLANNING_GROUP","interaction":{"idSuffix":"inner"}},"wdio_ui5_key":"applicationmanageresources-display-component---newResourceUnit--PLANNING_GROUP"}]}
COMMAND: GET /session/c1955427c912c9ca8e293616318541a3/screenshot - {}
RESULT: {"script":"<script> [1562 bytes]","args":[{"selector":{"id":"application-manageresources-display-component---newResourceUnit--PLANNING_GROUP","interaction":{"idSuffix":"inner"}},"wdio_ui5_key":"applicationmanageresources-display-component---newResourceUnit--PLANNING_GROUP"}]}
RESULT: undefined
COMMAND: POST /session/c1955427c912c9ca8e293616318541a3/execute/async - {"script":"<script> [776 bytes]","args":[{"enterText":"Heavy Equi","selector":{"id":"application-manageresources-display-component---newResourceUnit--PLANNING_GROUP","interaction":{"idSuffix":"inner"}},"clearTextFirst":true,"interactionType":"ENTER_TEXT"}]}
RESULT: {}
RESULT: {"script":"<script> [776 bytes]","args":[{"enterText":"Heavy Equi","selector":{"id":"application-manageresources-display-component---newResourceUnit--PLANNING_GROUP","interaction":{"idSuffix":"inner"}},"clearTextFirst":true,"interactionType":"ENTER_TEXT"}]}
COMMAND: POST /session/c1955427c912c9ca8e293616318541a3/execute/async - {"script":"<script> [1562 bytes]","args":[{"selector":{"id":"application-manageresources-display-component---newResourceUnit--PLANNING_INDICATOR","interaction":{"idSuffix":"inner"}},"wdio_ui5_key":"applicationmanageresources-display-component---newResourceUnit--PLANNING_INDICATOR"}]}
RESULT: {"script":"<script> [1562 bytes]","args":[{"selector":{"id":"application-manageresources-display-component---newResourceUnit--PLANNING_INDICATOR","interaction":{"idSuffix":"inner"}},"wdio_ui5_key":"applicationmanageresources-display-component---newResourceUnit--PLANNING_INDICATOR"}]}
RESULT: undefined
COMMAND: POST /session/c1955427c912c9ca8e293616318541a3/execute/async - {"script":"<script> [776 bytes]","args":[{"enterText":"10 - infinite","selector":{"id":"application-manageresources-display-component---newResourceUnit--PLANNING_INDICATOR","interaction":{"idSuffix":"inner"}},"clearTextFirst":true,"interactionType":"ENTER_TEXT"}]}
RESULT: {"script":"<script> [776 bytes]","args":[{"enterText":"10 - infinite","selector":{"id":"application-manageresources-display-component---newResourceUnit--PLANNING_INDICATOR","interaction":{"idSuffix":"inner"}},"clearTextFirst":true,"interactionType":"ENTER_TEXT"}]}
COMMAND: POST /session/c1955427c912c9ca8e293616318541a3/execute/async - {"script":"<script> [1562 bytes]","args":[{"selector":{"id":"application-manageresources-display-component---newResourceUnit--ITEM_TYPE-arrow"},"wdio_ui5_key":"applicationmanageresources-display-component---newResourceUnit--ITEM_TYPE-arrow"}]}
RESULT: {"script":"<script> [1562 bytes]","args":[{"selector":{"id":"application-manageresources-display-component---newResourceUnit--ITEM_TYPE-arrow"},"wdio_ui5_key":"applicationmanageresources-display-component---newResourceUnit--ITEM_TYPE-arrow"}]}
RESULT: undefined
COMMAND: POST /session/c1955427c912c9ca8e293616318541a3/element - {"using":"xpath","value":"//*[@id=\"application-manageresources-display-component---newResourceUnit--ITEM_TYPE-arrow\"]"}
RESULT: {"using":"xpath","value":"//*[@id=\"application-manageresources-display-component---newResourceUnit--ITEM_TYPE-arrow\"]"}
COMMAND: POST /session/c1955427c912c9ca8e293616318541a3/element/f.5DBEA6FA2B2306711F2E61D56D394A89.d.7461A62964C355C474AE586D517C3381.e.3087/click - {}
RESULT: {}
COMMAND: GET /session/c1955427c912c9ca8e293616318541a3/screenshot - {}
RESULT: {}
COMMAND: POST /session/c1955427c912c9ca8e293616318541a3/execute/async - {"script":"<script> [1562 bytes]","args":[{"selector":{"controlType":"sap.m.StandardListItem","viewName":"reusables.view.manageresources.NewResourceUnit","viewId":"application-manageresources-display-component---newResourceUnit","properties":{"title":"Pool Equipment"},"searchOpenDialogs":true,"interaction":{"idSuffix":"content"}},"wdio_ui5_key":"reusablesview.manageresources.NewResourceUnitsap.m.StandardListItem{\"title\":\"Pool Equipment\"}"}]}
RESULT: {"script":"<script> [1562 bytes]","args":[{"selector":{"controlType":"sap.m.StandardListItem","viewName":"reusables.view.manageresources.NewResourceUnit","viewId":"application-manageresources-display-component---newResourceUnit","properties":{"title":"Pool Equipment"},"searchOpenDialogs":true,"interaction":{"idSuffix":"content"}},"wdio_ui5_key":"reusablesview.manageresources.NewResourceUnitsap.m.StandardListItem{\"title\":\"Pool Equipment\"}"}]}
RESULT: undefined
COMMAND: POST /session/c1955427c912c9ca8e293616318541a3/element - {"using":"xpath","value":"//*[@id=\"__item1580\"]"}
RESULT: {"using":"xpath","value":"//*[@id=\"__item1580\"]"}
COMMAND: POST /session/c1955427c912c9ca8e293616318541a3/element/f.5DBEA6FA2B2306711F2E61D56D394A89.d.7461A62964C355C474AE586D517C3381.e.3089/click - {}
RESULT: {}
COMMAND: GET /session/c1955427c912c9ca8e293616318541a3/screenshot - {}
RESULT: {}
COMMAND: POST /session/c1955427c912c9ca8e293616318541a3/element - {"using":"css selector","value":"#application-manageresources-display-component---newResourceUnit--btnAddTimeSegment"}
RESULT: {"using":"css selector","value":"#application-manageresources-display-component---newResourceUnit--btnAddTimeSegment"}
COMMAND: GET /session/c1955427c912c9ca8e293616318541a3/element/f.5DBEA6FA2B2306711F2E61D56D394A89.d.7461A62964C355C474AE586D517C3381.e.3151/rect - {}
RESULT: {}
COMMAND: GET /session/c1955427c912c9ca8e293616318541a3/window/rect - {}
RESULT: {}
COMMAND: POST /session/c1955427c912c9ca8e293616318541a3/execute/sync - {"script":"<script> [92 bytes]","args":[]}
RESULT: {"script":"<script> [92 bytes]","args":[]}
COMMAND: POST /session/c1955427c912c9ca8e293616318541a3/actions - {"actions":[{"id":"action9","type":"wheel","parameters":{},"actions":[{"type":"scroll","x":-1888,"y":-32,"deltaX":0,"deltaY":0,"duration":0,"origin":{"element-6066-11e4-a52e-4f735466cecf":"f.5DBEA6FA2B2306711F2E61D56D394A89.d.7461A62964C355C474AE586D517C3381.e.3151"}}]}]}
COMMAND: GET /session/c1955427c912c9ca8e293616318541a3/screenshot - {}
RESULT: {}
COMMAND: POST /session/c1955427c912c9ca8e293616318541a3/execute/sync - {"script":"<script> [79 bytes]","args":[{"element-6066-11e4-a52e-4f735466cecf":"f.5DBEA6FA2B2306711F2E61D56D394A89.d.7461A62964C355C474AE586D517C3381.e.3151","ELEMENT":"f.5DBEA6FA2B2306711F2E61D56D394A89.d.7461A62964C355C474AE586D517C3381.e.3151"},{"block":"start","inline":"nearest"}]}
RESULT: {"script":"<script> [79 bytes]","args":[{"element-6066-11e4-a52e-4f735466cecf":"f.5DBEA6FA2B2306711F2E61D56D394A89.d.7461A62964C355C474AE586D517C3381.e.3151","ELEMENT":"f.5DBEA6FA2B2306711F2E61D56D394A89.d.7461A62964C355C474AE586D517C3381.e.3151"},{"block":"start","inline":"nearest"}]}
COMMAND: POST /session/c1955427c912c9ca8e293616318541a3/execute/async - {"script":"<script> [1562 bytes]","args":[{"selector":{"id":"application-manageresources-display-component---newResourceUnit--btnAddTimeSegment","interaction":{"idSuffix":"inner"}},"wdio_ui5_key":"applicationmanageresources-display-component---newResourceUnit--btnAddTimeSegment"}]}
COMMAND: GET /session/c1955427c912c9ca8e293616318541a3/screenshot - {}
RESULT: {"script":"<script> [1562 bytes]","args":[{"selector":{"id":"application-manageresources-display-component---newResourceUnit--btnAddTimeSegment","interaction":{"idSuffix":"inner"}},"wdio_ui5_key":"applicationmanageresources-display-component---newResourceUnit--btnAddTimeSegment"}]}
RESULT: undefined
COMMAND: POST /session/c1955427c912c9ca8e293616318541a3/element - {"using":"xpath","value":"//*[@id=\"application-manageresources-display-component---newResourceUnit--btnAddTimeSegment\"]"}
RESULT: {}
RESULT: {"using":"xpath","value":"//*[@id=\"application-manageresources-display-component---newResourceUnit--btnAddTimeSegment\"]"}
COMMAND: POST /session/c1955427c912c9ca8e293616318541a3/element/f.5DBEA6FA2B2306711F2E61D56D394A89.d.7461A62964C355C474AE586D517C3381.e.3151/click - {}
RESULT: {}
COMMAND: GET /session/c1955427c912c9ca8e293616318541a3/screenshot - {}
RESULT: {}
COMMAND: POST /session/c1955427c912c9ca8e293616318541a3/element - {"using":"xpath","value":"//input[@id=\"application-manageresources-display-component---newResourceUnit--idRuTSAdmin-application-manageresources-display-component---newResourceUnit--RUTimeSegment-0-inner\"]"}
RESULT: {"using":"xpath","value":"//input[@id=\"application-manageresources-display-component---newResourceUnit--idRuTSAdmin-application-manageresources-display-component---newResourceUnit--RUTimeSegment-0-inner\"]"}
COMMAND: POST /session/c1955427c912c9ca8e293616318541a3/element/f.5DBEA6FA2B2306711F2E61D56D394A89.d.7461A62964C355C474AE586D517C3381.e.3157/clear - {}
RESULT: {}
COMMAND: POST /session/c1955427c912c9ca8e293616318541a3/element/f.5DBEA6FA2B2306711F2E61D56D394A89.d.7461A62964C355C474AE586D517C3381.e.3157/value - {"text":"275"}
COMMAND: GET /session/c1955427c912c9ca8e293616318541a3/screenshot - {}
RESULT: {}
RESULT: {"text":"275"}
COMMAND: GET /session/c1955427c912c9ca8e293616318541a3/screenshot - {}
RESULT: {}
COMMAND: POST /session/c1955427c912c9ca8e293616318541a3/element - {"using":"xpath","value":"//li[.//span[text()='275']]"}
RESULT: {"using":"xpath","value":"//li[.//span[text()='275']]"}
COMMAND: POST /session/c1955427c912c9ca8e293616318541a3/element/f.5DBEA6FA2B2306711F2E61D56D394A89.d.7461A62964C355C474AE586D517C3381.e.3170/click - {}
RESULT: {}
COMMAND: GET /session/c1955427c912c9ca8e293616318541a3/screenshot - {}
RESULT: {}
COMMAND: POST /session/c1955427c912c9ca8e293616318541a3/element - {"using":"xpath","value":"(//span[contains(@id, \"-application-manageresources-display-component---newResourceUnit--RUTimeSegment-0-arrow\")])[5]"}
RESULT: {"using":"xpath","value":"(//span[contains(@id, \"-application-manageresources-display-component---newResourceUnit--RUTimeSegment-0-arrow\")])[5]"}
COMMAND: POST /session/c1955427c912c9ca8e293616318541a3/element/f.5DBEA6FA2B2306711F2E61D56D394A89.d.7461A62964C355C474AE586D517C3381.e.3171/click - {}
RESULT: {}
COMMAND: GET /session/c1955427c912c9ca8e293616318541a3/screenshot - {}
RESULT: {}
COMMAND: POST /session/c1955427c912c9ca8e293616318541a3/element - {"using":"xpath","value":"//span[contains(text(), \"PM Order\")]"}
RESULT: {"using":"xpath","value":"//span[contains(text(), \"PM Order\")]"}
COMMAND: POST /session/c1955427c912c9ca8e293616318541a3/element/f.5DBEA6FA2B2306711F2E61D56D394A89.d.7461A62964C355C474AE586D517C3381.e.3172/click - {}
RESULT: {}
COMMAND: GET /session/c1955427c912c9ca8e293616318541a3/screenshot - {}
RESULT: {}
COMMAND: POST /session/c1955427c912c9ca8e293616318541a3/element - {"using":"xpath","value":"(//span[contains(@id ,\"manageresources-display-component---newResourceUnit--RUTimeSegment-0-vhi\")])[1]"}
RESULT: {"using":"xpath","value":"(//span[contains(@id ,\"manageresources-display-component---newResourceUnit--RUTimeSegment-0-vhi\")])[1]"}
COMMAND: GET /session/c1955427c912c9ca8e293616318541a3/element/f.5DBEA6FA2B2306711F2E61D56D394A89.d.7461A62964C355C474AE586D517C3381.e.3176/rect - {}
RESULT: {}
COMMAND: GET /session/c1955427c912c9ca8e293616318541a3/window/rect - {}
RESULT: {}
COMMAND: POST /session/c1955427c912c9ca8e293616318541a3/execute/sync - {"script":"<script> [92 bytes]","args":[]}
RESULT: {"script":"<script> [92 bytes]","args":[]}
COMMAND: POST /session/c1955427c912c9ca8e293616318541a3/actions - {"actions":[{"id":"action10","type":"wheel","parameters":{},"actions":[{"type":"scroll","x":-1888,"y":-24,"deltaX":0,"deltaY":0,"duration":0,"origin":{"element-6066-11e4-a52e-4f735466cecf":"f.5DBEA6FA2B2306711F2E61D56D394A89.d.7461A62964C355C474AE586D517C3381.e.3176"}}]}]}
COMMAND: GET /session/c1955427c912c9ca8e293616318541a3/screenshot - {}
RESULT: {}
COMMAND: POST /session/c1955427c912c9ca8e293616318541a3/execute/sync - {"script":"<script> [79 bytes]","args":[{"element-6066-11e4-a52e-4f735466cecf":"f.5DBEA6FA2B2306711F2E61D56D394A89.d.7461A62964C355C474AE586D517C3381.e.3176","ELEMENT":"f.5DBEA6FA2B2306711F2E61D56D394A89.d.7461A62964C355C474AE586D517C3381.e.3176"},{"block":"start","inline":"nearest"}]}
RESULT: {"script":"<script> [79 bytes]","args":[{"element-6066-11e4-a52e-4f735466cecf":"f.5DBEA6FA2B2306711F2E61D56D394A89.d.7461A62964C355C474AE586D517C3381.e.3176","ELEMENT":"f.5DBEA6FA2B2306711F2E61D56D394A89.d.7461A62964C355C474AE586D517C3381.e.3176"},{"block":"start","inline":"nearest"}]}
COMMAND: GET /session/c1955427c912c9ca8e293616318541a3/screenshot - {}
RESULT: {}
COMMAND: POST /session/c1955427c912c9ca8e293616318541a3/element/f.5DBEA6FA2B2306711F2E61D56D394A89.d.7461A62964C355C474AE586D517C3381.e.3176/click - {}
RESULT: {}
COMMAND: GET /session/c1955427c912c9ca8e293616318541a3/screenshot - {}
RESULT: {}
RESULT: undefined
COMMAND: POST /session/c1955427c912c9ca8e293616318541a3/execute/async - {"script":"<script> [776 bytes]","args":[{"enterText":"4000360","selector":{"controlType":"sap.m.SearchField","properties":{"placeholder":"Search"},"searchOpenDialogs":true,"interaction":{"idSuffix":"I"}},"clearTextFirst":true,"interactionType":"ENTER_TEXT"}]}
RESULT: {"script":"<script> [776 bytes]","args":[{"enterText":"4000360","selector":{"controlType":"sap.m.SearchField","properties":{"placeholder":"Search"},"searchOpenDialogs":true,"interaction":{"idSuffix":"I"}},"clearTextFirst":true,"interactionType":"ENTER_TEXT"}]}
COMMAND: POST /session/c1955427c912c9ca8e293616318541a3/actions - {"actions":[{"id":"action11","type":"key","parameters":{},"actions":[{"type":"keyDown","value":""},{"type":"pause","duration":10},{"type":"keyUp","value":""}]}]}
RESULT: {"actions":[{"id":"action11","type":"key","parameters":{},"actions":[{"type":"keyDown","value":""},{"type":"pause","duration":10},{"type":"keyUp","value":""}]}]}
COMMAND: GET /session/c1955427c912c9ca8e293616318541a3/screenshot - {}
RESULT: {}
COMMAND: POST /session/c1955427c912c9ca8e293616318541a3/element - {"using":"xpath","value":"//td/div/span[contains(text(), \"BGL Vehicles\")]"}
RESULT: {"using":"xpath","value":"//td/div/span[contains(text(), \"BGL Vehicles\")]"}
COMMAND: POST /session/c1955427c912c9ca8e293616318541a3/element/f.5DBEA6FA2B2306711F2E61D56D394A89.d.7461A62964C355C474AE586D517C3381.e.3196/click - {}
RESULT: {}
COMMAND: GET /session/c1955427c912c9ca8e293616318541a3/screenshot - {}
RESULT: {}
COMMAND: POST /session/c1955427c912c9ca8e293616318541a3/element - {"using":"xpath","value":"//bdi[contains(text(), \"OK\")]"}
RESULT: {"using":"xpath","value":"//bdi[contains(text(), \"OK\")]"}
COMMAND: POST /session/c1955427c912c9ca8e293616318541a3/element/f.5DBEA6FA2B2306711F2E61D56D394A89.d.7461A62964C355C474AE586D517C3381.e.3197/click - {}
RESULT: {}
COMMAND: GET /session/c1955427c912c9ca8e293616318541a3/screenshot - {}
RESULT: {}
COMMAND: POST /session/c1955427c912c9ca8e293616318541a3/element - {"using":"xpath","value":"//label[contains(@class, 'sapMLabelRequired') and .//bdi[contains(text(), 'Planned Retirement')]]"}
RESULT: {"using":"xpath","value":"//label[contains(@class, 'sapMLabelRequired') and .//bdi[contains(text(), 'Planned Retirement')]]"}
COMMAND: POST /session/c1955427c912c9ca8e293616318541a3/elements - {"using":"xpath","value":"//label[contains(@class, 'sapMLabelRequired') and .//bdi[contains(text(), 'Planned Retirement')]]"}
RESULT: {"using":"xpath","value":"//label[contains(@class, 'sapMLabelRequired') and .//bdi[contains(text(), 'Planned Retirement')]]"}
COMMAND: POST /session/c1955427c912c9ca8e293616318541a3/element - {"using":"xpath","value":"//button[@data-kt=\"resourceUnitSaveButton\"]"}
RESULT: {"using":"xpath","value":"//button[@data-kt=\"resourceUnitSaveButton\"]"}
COMMAND: POST /session/c1955427c912c9ca8e293616318541a3/element/f.5DBEA6FA2B2306711F2E61D56D394A89.d.7461A62964C355C474AE586D517C3381.e.2960/click - {}
RESULT: {}
COMMAND: GET /session/c1955427c912c9ca8e293616318541a3/screenshot - {}
RESULT: {}
COMMAND: POST /session/c1955427c912c9ca8e293616318541a3/element - {"using":"xpath","value":"//bdi[contains(text(), \"Close\")]"}
RESULT: {"using":"xpath","value":"//bdi[contains(text(), \"Close\")]"}
COMMAND: POST /session/c1955427c912c9ca8e293616318541a3/element/f.5DBEA6FA2B2306711F2E61D56D394A89.d.7461A62964C355C474AE586D517C3381.e.3203/click - {}
RESULT: {}
COMMAND: GET /session/c1955427c912c9ca8e293616318541a3/screenshot - {}
RESULT: {}
COMMAND: POST /session/c1955427c912c9ca8e293616318541a3/element - {"using":"xpath","value":"//header[contains(@id, 'detailRruPage-headerTitle')]/div[1]/div[2]/div[2]/span[1]"}
RESULT: {"using":"xpath","value":"//header[contains(@id, 'detailRruPage-headerTitle')]/div[1]/div[2]/div[2]/span[1]"}
COMMAND: POST /session/c1955427c912c9ca8e293616318541a3/elements - {"using":"xpath","value":"//header[contains(@id, 'detailRruPage-headerTitle')]/div[1]/div[2]/div[2]/span[1]"}
RESULT: {"using":"xpath","value":"//header[contains(@id, 'detailRruPage-headerTitle')]/div[1]/div[2]/div[2]/span[1]"}
COMMAND: POST /session/c1955427c912c9ca8e293616318541a3/execute/sync - {"script":"<script> [56 bytes]","args":[{"element-6066-11e4-a52e-4f735466cecf":"f.5DBEA6FA2B2306711F2E61D56D394A89.d.7461A62964C355C474AE586D517C3381.e.3235","ELEMENT":"f.5DBEA6FA2B2306711F2E61D56D394A89.d.7461A62964C355C474AE586D517C3381.e.3235"}]}
RESULT: {"script":"<script> [56 bytes]","args":[{"element-6066-11e4-a52e-4f735466cecf":"f.5DBEA6FA2B2306711F2E61D56D394A89.d.7461A62964C355C474AE586D517C3381.e.3235","ELEMENT":"f.5DBEA6FA2B2306711F2E61D56D394A89.d.7461A62964C355C474AE586D517C3381.e.3235"}]}
COMMAND: POST /session/c1955427c912c9ca8e293616318541a3/element - {"using":"css selector","value":"#shell-header-logo"}
COMMAND: GET /session/c1955427c912c9ca8e293616318541a3/screenshot - {}
RESULT: {"using":"css selector","value":"#shell-header-logo"}
COMMAND: POST /session/c1955427c912c9ca8e293616318541a3/element/f.5DBEA6FA2B2306711F2E61D56D394A89.d.7461A62964C355C474AE586D517C3381.e.2548/click - {}
RESULT: {}
RESULT: {}
COMMAND: GET /session/c1955427c912c9ca8e293616318541a3/screenshot - {}
RESULT: {}
]]></system-out>
    </testcase>
    <testcase classname="chrome.137_0_7151_69.windows.Tests_for_Mass_State_Change_on_Manage_States_&amp;_Performances_US104416_US" name="Prereq Should do stock increase" time="93.315">
      <system-out><![CDATA[
COMMAND: POST /session/c1955427c912c9ca8e293616318541a3/execute/async - {"script":"<script> [1562 bytes]","args":[{"selector":{"controlType":"sap.m.GenericTile","properties":{"header":"Manage Handovers"}},"wdio_ui5_key":"sapm.GenericTile{\"header\":\"Manage Handovers\"}"}]}
RESULT: {"script":"<script> [1562 bytes]","args":[{"selector":{"controlType":"sap.m.GenericTile","properties":{"header":"Manage Handovers"}},"wdio_ui5_key":"sapm.GenericTile{\"header\":\"Manage Handovers\"}"}]}
RESULT: undefined
COMMAND: POST /session/c1955427c912c9ca8e293616318541a3/element - {"using":"xpath","value":"//*[@id=\"__tile133\"]"}
RESULT: {"using":"xpath","value":"//*[@id=\"__tile133\"]"}
COMMAND: POST /session/c1955427c912c9ca8e293616318541a3/element/f.5DBEA6FA2B2306711F2E61D56D394A89.d.7461A62964C355C474AE586D517C3381.e.246/click - {}
RESULT: {}
COMMAND: GET /session/c1955427c912c9ca8e293616318541a3/screenshot - {}
RESULT: {}
COMMAND: POST /session/c1955427c912c9ca8e293616318541a3/elements - {"using":"xpath","value":"//span[text()='Error']"}
RESULT: {"using":"xpath","value":"//span[text()='Error']"}
COMMAND: POST /session/c1955427c912c9ca8e293616318541a3/element - {"using":"xpath","value":"//button[@data-kt=\"masterHOAddButton\"]"}
RESULT: {"using":"xpath","value":"//button[@data-kt=\"masterHOAddButton\"]"}
COMMAND: POST /session/c1955427c912c9ca8e293616318541a3/elements - {"using":"xpath","value":"//button[@data-kt=\"masterHOAddButton\"]"}
RESULT: {"using":"xpath","value":"//button[@data-kt=\"masterHOAddButton\"]"}
COMMAND: POST /session/c1955427c912c9ca8e293616318541a3/execute/sync - {"script":"<script> [8489 bytes]","args":[{"element-6066-11e4-a52e-4f735466cecf":"f.5DBEA6FA2B2306711F2E61D56D394A89.d.7461A62964C355C474AE586D517C3381.e.3272","ELEMENT":"f.5DBEA6FA2B2306711F2E61D56D394A89.d.7461A62964C355C474AE586D517C3381.e.3272"}]}
RESULT: {"script":"<script> [8489 bytes]","args":[{"element-6066-11e4-a52e-4f735466cecf":"f.5DBEA6FA2B2306711F2E61D56D394A89.d.7461A62964C355C474AE586D517C3381.e.3272","ELEMENT":"f.5DBEA6FA2B2306711F2E61D56D394A89.d.7461A62964C355C474AE586D517C3381.e.3272"}]}
COMMAND: GET /session/c1955427c912c9ca8e293616318541a3/element/f.5DBEA6FA2B2306711F2E61D56D394A89.d.7461A62964C355C474AE586D517C3381.e.3272/enabled - {}
COMMAND: GET /session/c1955427c912c9ca8e293616318541a3/screenshot - {}
RESULT: {}
COMMAND: POST /session/c1955427c912c9ca8e293616318541a3/execute/sync - {"script":"<script> [8489 bytes]","args":[{"element-6066-11e4-a52e-4f735466cecf":"f.5DBEA6FA2B2306711F2E61D56D394A89.d.7461A62964C355C474AE586D517C3381.e.3272","ELEMENT":"f.5DBEA6FA2B2306711F2E61D56D394A89.d.7461A62964C355C474AE586D517C3381.e.3272"}]}
COMMAND: GET /session/c1955427c912c9ca8e293616318541a3/screenshot - {}
RESULT: {}
RESULT: {"script":"<script> [8489 bytes]","args":[{"element-6066-11e4-a52e-4f735466cecf":"f.5DBEA6FA2B2306711F2E61D56D394A89.d.7461A62964C355C474AE586D517C3381.e.3272","ELEMENT":"f.5DBEA6FA2B2306711F2E61D56D394A89.d.7461A62964C355C474AE586D517C3381.e.3272"}]}
COMMAND: POST /session/c1955427c912c9ca8e293616318541a3/execute/sync - {"script":"<script> [5351 bytes]","args":[{"element-6066-11e4-a52e-4f735466cecf":"f.5DBEA6FA2B2306711F2E61D56D394A89.d.7461A62964C355C474AE586D517C3381.e.3272","ELEMENT":"f.5DBEA6FA2B2306711F2E61D56D394A89.d.7461A62964C355C474AE586D517C3381.e.3272"}]}
COMMAND: GET /session/c1955427c912c9ca8e293616318541a3/screenshot - {}
RESULT: {}
RESULT: {"script":"<script> [5351 bytes]","args":[{"element-6066-11e4-a52e-4f735466cecf":"f.5DBEA6FA2B2306711F2E61D56D394A89.d.7461A62964C355C474AE586D517C3381.e.3272","ELEMENT":"f.5DBEA6FA2B2306711F2E61D56D394A89.d.7461A62964C355C474AE586D517C3381.e.3272"}]}
COMMAND: POST /session/c1955427c912c9ca8e293616318541a3/element/f.5DBEA6FA2B2306711F2E61D56D394A89.d.7461A62964C355C474AE586D517C3381.e.3272/click - {}
COMMAND: GET /session/c1955427c912c9ca8e293616318541a3/screenshot - {}
RESULT: {}
RESULT: {}
COMMAND: GET /session/c1955427c912c9ca8e293616318541a3/screenshot - {}
RESULT: {}
RESULT: {}
COMMAND: POST /session/c1955427c912c9ca8e293616318541a3/element - {"using":"xpath","value":"//span[contains(@id ,\"AddNewHO--typeSelect-arrow\")]"}
RESULT: {"using":"xpath","value":"//span[contains(@id ,\"AddNewHO--typeSelect-arrow\")]"}
COMMAND: POST /session/c1955427c912c9ca8e293616318541a3/element/f.5DBEA6FA2B2306711F2E61D56D394A89.d.7461A62964C355C474AE586D517C3381.e.3617/click - {}
RESULT: {}
COMMAND: GET /session/c1955427c912c9ca8e293616318541a3/screenshot - {}
RESULT: {}
COMMAND: POST /session/c1955427c912c9ca8e293616318541a3/element - {"using":"xpath","value":"(//li[contains(text(), \"stock increase yard\")])[1]"}
RESULT: {"using":"xpath","value":"(//li[contains(text(), \"stock increase yard\")])[1]"}
COMMAND: POST /session/c1955427c912c9ca8e293616318541a3/element/f.5DBEA6FA2B2306711F2E61D56D394A89.d.7461A62964C355C474AE586D517C3381.e.3618/click - {}
RESULT: {}
COMMAND: GET /session/c1955427c912c9ca8e293616318541a3/screenshot - {}
RESULT: {}
COMMAND: POST /session/c1955427c912c9ca8e293616318541a3/execute/async - {"script":"<script> [1562 bytes]","args":[{"selector":{"id":"application-managehandovers-display-component---AddNewHO--dueDate","interaction":{"idSuffix":"inner"}},"wdio_ui5_key":"applicationmanagehandovers-display-component---AddNewHO--dueDate"}]}
RESULT: {"script":"<script> [1562 bytes]","args":[{"selector":{"id":"application-managehandovers-display-component---AddNewHO--dueDate","interaction":{"idSuffix":"inner"}},"wdio_ui5_key":"applicationmanagehandovers-display-component---AddNewHO--dueDate"}]}
RESULT: undefined
COMMAND: POST /session/c1955427c912c9ca8e293616318541a3/execute/async - {"script":"<script> [6424 bytes]","args":[{"element-6066-11e4-a52e-4f735466cecf":"f.5DBEA6FA2B2306711F2E61D56D394A89.d.7461A62964C355C474AE586D517C3381.e.3620"},"setValue",["6/14/25"]]}
RESULT: {"script":"<script> [6424 bytes]","args":[{"element-6066-11e4-a52e-4f735466cecf":"f.5DBEA6FA2B2306711F2E61D56D394A89.d.7461A62964C355C474AE586D517C3381.e.3620"},"setValue",["6/14/25"]]}
COMMAND: POST /session/c1955427c912c9ca8e293616318541a3/element - {"using":"xpath","value":"//input[@id=\"generalSectionFrg--receiveYard-inner\"]"}
RESULT: {"using":"xpath","value":"//input[@id=\"generalSectionFrg--receiveYard-inner\"]"}
COMMAND: POST /session/c1955427c912c9ca8e293616318541a3/element/f.5DBEA6FA2B2306711F2E61D56D394A89.d.7461A62964C355C474AE586D517C3381.e.3626/clear - {}
RESULT: {}
COMMAND: POST /session/c1955427c912c9ca8e293616318541a3/element/f.5DBEA6FA2B2306711F2E61D56D394A89.d.7461A62964C355C474AE586D517C3381.e.3626/value - {"text":"275"}
COMMAND: GET /session/c1955427c912c9ca8e293616318541a3/screenshot - {}
RESULT: {"text":"275"}
COMMAND: GET /session/c1955427c912c9ca8e293616318541a3/screenshot - {}
RESULT: {}
RESULT: {}
COMMAND: POST /session/c1955427c912c9ca8e293616318541a3/element - {"using":"xpath","value":"//li[.//span[contains(normalize-space(.), '275 -')]]"}
RESULT: {"using":"xpath","value":"//li[.//span[contains(normalize-space(.), '275 -')]]"}
COMMAND: POST /session/c1955427c912c9ca8e293616318541a3/element/f.5DBEA6FA2B2306711F2E61D56D394A89.d.7461A62964C355C474AE586D517C3381.e.3644/click - {}
RESULT: {}
COMMAND: GET /session/c1955427c912c9ca8e293616318541a3/screenshot - {}
RESULT: {}
COMMAND: POST /session/c1955427c912c9ca8e293616318541a3/execute/async - {"script":"<script> [1562 bytes]","args":[{"selector":{"id":"application-managehandovers-display-component---AddNewHO--ObjectPageLayout-anchBar-application-managehandovers-display-component---AddNewHO--section4-anchor","interaction":{"idSuffix":"BDI-content"}},"wdio_ui5_key":"applicationmanagehandovers-display-component---AddNewHO--ObjectPageLayout-anchBar-application-managehandovers-display-component---AddNewHO--section4-anchor"}]}
RESULT: {"script":"<script> [1562 bytes]","args":[{"selector":{"id":"application-managehandovers-display-component---AddNewHO--ObjectPageLayout-anchBar-application-managehandovers-display-component---AddNewHO--section4-anchor","interaction":{"idSuffix":"BDI-content"}},"wdio_ui5_key":"applicationmanagehandovers-display-component---AddNewHO--ObjectPageLayout-anchBar-application-managehandovers-display-component---AddNewHO--section4-anchor"}]}
RESULT: undefined
COMMAND: POST /session/c1955427c912c9ca8e293616318541a3/element - {"using":"xpath","value":"//*[@id=\"application-managehandovers-display-component---AddNewHO--ObjectPageLayout-anchBar-application-managehandovers-display-component---AddNewHO--section4-anchor\"]"}
RESULT: {"using":"xpath","value":"//*[@id=\"application-managehandovers-display-component---AddNewHO--ObjectPageLayout-anchBar-application-managehandovers-display-component---AddNewHO--section4-anchor\"]"}
COMMAND: POST /session/c1955427c912c9ca8e293616318541a3/element/f.5DBEA6FA2B2306711F2E61D56D394A89.d.7461A62964C355C474AE586D517C3381.e.3646/click - {}
RESULT: {}
COMMAND: GET /session/c1955427c912c9ca8e293616318541a3/screenshot - {}
RESULT: {}
COMMAND: POST /session/c1955427c912c9ca8e293616318541a3/element - {"using":"xpath","value":"//button[@aria-label=\"Add\"]"}
RESULT: {"using":"xpath","value":"//button[@aria-label=\"Add\"]"}
COMMAND: POST /session/c1955427c912c9ca8e293616318541a3/element/f.5DBEA6FA2B2306711F2E61D56D394A89.d.7461A62964C355C474AE586D517C3381.e.3650/click - {}
RESULT: {}
COMMAND: GET /session/c1955427c912c9ca8e293616318541a3/screenshot - {}
RESULT: {}
COMMAND: POST /session/c1955427c912c9ca8e293616318541a3/execute/async - {"script":"<script> [1562 bytes]","args":[{"selector":{"id":"application-managehandovers-display-component---AddNewHO--smartFilterBar-btnBasicSearch","searchOpenDialogs":true,"interaction":{"idSuffix":"I"}},"wdio_ui5_key":"applicationmanagehandovers-display-component---AddNewHO--smartFilterBar-btnBasicSearch"}]}
RESULT: {"script":"<script> [1562 bytes]","args":[{"selector":{"id":"application-managehandovers-display-component---AddNewHO--smartFilterBar-btnBasicSearch","searchOpenDialogs":true,"interaction":{"idSuffix":"I"}},"wdio_ui5_key":"applicationmanagehandovers-display-component---AddNewHO--smartFilterBar-btnBasicSearch"}]}
RESULT: undefined
COMMAND: POST /session/c1955427c912c9ca8e293616318541a3/execute/async - {"script":"<script> [776 bytes]","args":[{"enterText":"400016","selector":{"id":"application-managehandovers-display-component---AddNewHO--smartFilterBar-btnBasicSearch","searchOpenDialogs":true,"interaction":{"idSuffix":"I"}},"clearTextFirst":true,"interactionType":"ENTER_TEXT"}]}
RESULT: {"script":"<script> [776 bytes]","args":[{"enterText":"400016","selector":{"id":"application-managehandovers-display-component---AddNewHO--smartFilterBar-btnBasicSearch","searchOpenDialogs":true,"interaction":{"idSuffix":"I"}},"clearTextFirst":true,"interactionType":"ENTER_TEXT"}]}
COMMAND: POST /session/c1955427c912c9ca8e293616318541a3/actions - {"actions":[{"id":"action12","type":"key","parameters":{},"actions":[{"type":"keyDown","value":""},{"type":"pause","duration":10},{"type":"keyUp","value":""}]}]}
RESULT: {"actions":[{"id":"action12","type":"key","parameters":{},"actions":[{"type":"keyDown","value":""},{"type":"pause","duration":10},{"type":"keyUp","value":""}]}]}
COMMAND: GET /session/c1955427c912c9ca8e293616318541a3/screenshot - {}
RESULT: {}
COMMAND: POST /session/c1955427c912c9ca8e293616318541a3/execute/async - {"script":"<script> [1562 bytes]","args":[{"selector":{"id":"application-managehandovers-display-component---AddNewHO--popup-sa","searchOpenDialogs":true,"interaction":{"idSuffix":"CbBg"}},"wdio_ui5_key":"applicationmanagehandovers-display-component---AddNewHO--popup-sa"}]}
RESULT: {"script":"<script> [1562 bytes]","args":[{"selector":{"id":"application-managehandovers-display-component---AddNewHO--popup-sa","searchOpenDialogs":true,"interaction":{"idSuffix":"CbBg"}},"wdio_ui5_key":"applicationmanagehandovers-display-component---AddNewHO--popup-sa"}]}
RESULT: undefined
COMMAND: POST /session/c1955427c912c9ca8e293616318541a3/element - {"using":"xpath","value":"//*[@id=\"application-managehandovers-display-component---AddNewHO--popup-sa\"]"}
RESULT: {"using":"xpath","value":"//*[@id=\"application-managehandovers-display-component---AddNewHO--popup-sa\"]"}
COMMAND: POST /session/c1955427c912c9ca8e293616318541a3/element/f.5DBEA6FA2B2306711F2E61D56D394A89.d.7461A62964C355C474AE586D517C3381.e.3802/click - {}
RESULT: {}
COMMAND: GET /session/c1955427c912c9ca8e293616318541a3/screenshot - {}
RESULT: {}
COMMAND: POST /session/c1955427c912c9ca8e293616318541a3/element - {"using":"xpath","value":"//bdi[contains(text(), \"Select\")]"}
RESULT: {"using":"xpath","value":"//bdi[contains(text(), \"Select\")]"}
COMMAND: POST /session/c1955427c912c9ca8e293616318541a3/element/f.5DBEA6FA2B2306711F2E61D56D394A89.d.7461A62964C355C474AE586D517C3381.e.3803/click - {}
RESULT: {}
COMMAND: GET /session/c1955427c912c9ca8e293616318541a3/screenshot - {}
RESULT: {}
COMMAND: POST /session/c1955427c912c9ca8e293616318541a3/element - {"using":"xpath","value":"//button[@data-kt=\"AddNewHOSaveButton\"]"}
RESULT: {"using":"xpath","value":"//button[@data-kt=\"AddNewHOSaveButton\"]"}
COMMAND: POST /session/c1955427c912c9ca8e293616318541a3/element/f.5DBEA6FA2B2306711F2E61D56D394A89.d.7461A62964C355C474AE586D517C3381.e.3807/click - {}
RESULT: {}
COMMAND: GET /session/c1955427c912c9ca8e293616318541a3/screenshot - {}
RESULT: {}
COMMAND: POST /session/c1955427c912c9ca8e293616318541a3/execute/async - {"script":"<script> [1562 bytes]","args":[{"selector":{"id":"receiptDatePicker","viewName":"etm.portal.ui.managehandovers.view.DetailExecuteHO","interaction":{"idSuffix":"inner"}},"wdio_ui5_key":"receiptDatePickeretmportal.ui.managehandovers.view.DetailExecuteHO"}]}
RESULT: {"script":"<script> [1562 bytes]","args":[{"selector":{"id":"receiptDatePicker","viewName":"etm.portal.ui.managehandovers.view.DetailExecuteHO","interaction":{"idSuffix":"inner"}},"wdio_ui5_key":"receiptDatePickeretmportal.ui.managehandovers.view.DetailExecuteHO"}]}
RESULT: undefined
COMMAND: POST /session/c1955427c912c9ca8e293616318541a3/execute/async - {"script":"<script> [6424 bytes]","args":[{"element-6066-11e4-a52e-4f735466cecf":"f.5DBEA6FA2B2306711F2E61D56D394A89.d.7461A62964C355C474AE586D517C3381.e.3822"},"setValue",["6/14/25"]]}
RESULT: {"script":"<script> [6424 bytes]","args":[{"element-6066-11e4-a52e-4f735466cecf":"f.5DBEA6FA2B2306711F2E61D56D394A89.d.7461A62964C355C474AE586D517C3381.e.3822"},"setValue",["6/14/25"]]}
COMMAND: POST /session/c1955427c912c9ca8e293616318541a3/element - {"using":"xpath","value":"//button[@data-kt=\"ReceivingTableConfirmAllButton\"]"}
RESULT: {"using":"xpath","value":"//button[@data-kt=\"ReceivingTableConfirmAllButton\"]"}
COMMAND: POST /session/c1955427c912c9ca8e293616318541a3/element/f.5DBEA6FA2B2306711F2E61D56D394A89.d.7461A62964C355C474AE586D517C3381.e.3850/click - {}
RESULT: {}
COMMAND: GET /session/c1955427c912c9ca8e293616318541a3/screenshot - {}
RESULT: {}
COMMAND: POST /session/c1955427c912c9ca8e293616318541a3/element - {"using":"xpath","value":"//bdi[contains(text(), \"OK\")]"}
RESULT: {"using":"xpath","value":"//bdi[contains(text(), \"OK\")]"}
COMMAND: POST /session/c1955427c912c9ca8e293616318541a3/element/f.5DBEA6FA2B2306711F2E61D56D394A89.d.7461A62964C355C474AE586D517C3381.e.3852/click - {}
RESULT: {}
COMMAND: GET /session/c1955427c912c9ca8e293616318541a3/screenshot - {}
RESULT: {}
COMMAND: POST /session/c1955427c912c9ca8e293616318541a3/element - {"using":"xpath","value":"(//bdi[contains(text(), \"Receive\")])[2]"}
RESULT: {"using":"xpath","value":"(//bdi[contains(text(), \"Receive\")])[2]"}
COMMAND: POST /session/c1955427c912c9ca8e293616318541a3/element/f.5DBEA6FA2B2306711F2E61D56D394A89.d.7461A62964C355C474AE586D517C3381.e.3854/click - {}
RESULT: {}
COMMAND: GET /session/c1955427c912c9ca8e293616318541a3/screenshot - {}
RESULT: {}
COMMAND: POST /session/c1955427c912c9ca8e293616318541a3/element - {"using":"css selector","value":"#shell-header-logo"}
RESULT: {"using":"css selector","value":"#shell-header-logo"}
COMMAND: POST /session/c1955427c912c9ca8e293616318541a3/element/f.5DBEA6FA2B2306711F2E61D56D394A89.d.7461A62964C355C474AE586D517C3381.e.3239/click - {}
RESULT: {}
COMMAND: GET /session/c1955427c912c9ca8e293616318541a3/screenshot - {}
RESULT: {}
]]></system-out>
    </testcase>
    <testcase classname="chrome.137_0_7151_69.windows.Tests_for_Mass_State_Change_on_Manage_States_&amp;_Performances_US104416_US" name="Prereq Should create a new contract" time="61.058">
      <system-out><![CDATA[
COMMAND: POST /session/c1955427c912c9ca8e293616318541a3/execute/async - {"script":"<script> [1562 bytes]","args":[{"selector":{"controlType":"sap.m.GenericTile","properties":{"header":"Manage Contracts"}},"wdio_ui5_key":"sapm.GenericTile{\"header\":\"Manage Contracts\"}"}]}
RESULT: {"script":"<script> [1562 bytes]","args":[{"selector":{"controlType":"sap.m.GenericTile","properties":{"header":"Manage Contracts"}},"wdio_ui5_key":"sapm.GenericTile{\"header\":\"Manage Contracts\"}"}]}
RESULT: undefined
COMMAND: POST /session/c1955427c912c9ca8e293616318541a3/element - {"using":"xpath","value":"//*[@id=\"__tile132\"]"}
RESULT: {"using":"xpath","value":"//*[@id=\"__tile132\"]"}
COMMAND: POST /session/c1955427c912c9ca8e293616318541a3/element/f.5DBEA6FA2B2306711F2E61D56D394A89.d.7461A62964C355C474AE586D517C3381.e.174/click - {}
RESULT: {}
COMMAND: GET /session/c1955427c912c9ca8e293616318541a3/screenshot - {}
RESULT: {}
COMMAND: POST /session/c1955427c912c9ca8e293616318541a3/elements - {"using":"xpath","value":"//span[text()='Error']"}
RESULT: {"using":"xpath","value":"//span[text()='Error']"}
COMMAND: POST /session/c1955427c912c9ca8e293616318541a3/element - {"using":"xpath","value":"//button[@data-kt=\"addButton\"]"}
RESULT: {"using":"xpath","value":"//button[@data-kt=\"addButton\"]"}
COMMAND: POST /session/c1955427c912c9ca8e293616318541a3/elements - {"using":"xpath","value":"//button[@data-kt=\"addButton\"]"}
RESULT: {"using":"xpath","value":"//button[@data-kt=\"addButton\"]"}
COMMAND: POST /session/c1955427c912c9ca8e293616318541a3/execute/sync - {"script":"<script> [8489 bytes]","args":[{"element-6066-11e4-a52e-4f735466cecf":"f.5DBEA6FA2B2306711F2E61D56D394A89.d.7461A62964C355C474AE586D517C3381.e.4071","ELEMENT":"f.5DBEA6FA2B2306711F2E61D56D394A89.d.7461A62964C355C474AE586D517C3381.e.4071"}]}
RESULT: {"script":"<script> [8489 bytes]","args":[{"element-6066-11e4-a52e-4f735466cecf":"f.5DBEA6FA2B2306711F2E61D56D394A89.d.7461A62964C355C474AE586D517C3381.e.4071","ELEMENT":"f.5DBEA6FA2B2306711F2E61D56D394A89.d.7461A62964C355C474AE586D517C3381.e.4071"}]}
COMMAND: GET /session/c1955427c912c9ca8e293616318541a3/element/f.5DBEA6FA2B2306711F2E61D56D394A89.d.7461A62964C355C474AE586D517C3381.e.4071/enabled - {}
COMMAND: GET /session/c1955427c912c9ca8e293616318541a3/screenshot - {}
RESULT: {}
COMMAND: POST /session/c1955427c912c9ca8e293616318541a3/execute/sync - {"script":"<script> [8489 bytes]","args":[{"element-6066-11e4-a52e-4f735466cecf":"f.5DBEA6FA2B2306711F2E61D56D394A89.d.7461A62964C355C474AE586D517C3381.e.4071","ELEMENT":"f.5DBEA6FA2B2306711F2E61D56D394A89.d.7461A62964C355C474AE586D517C3381.e.4071"}]}
COMMAND: GET /session/c1955427c912c9ca8e293616318541a3/screenshot - {}
RESULT: {}
RESULT: {"script":"<script> [8489 bytes]","args":[{"element-6066-11e4-a52e-4f735466cecf":"f.5DBEA6FA2B2306711F2E61D56D394A89.d.7461A62964C355C474AE586D517C3381.e.4071","ELEMENT":"f.5DBEA6FA2B2306711F2E61D56D394A89.d.7461A62964C355C474AE586D517C3381.e.4071"}]}
COMMAND: POST /session/c1955427c912c9ca8e293616318541a3/execute/sync - {"script":"<script> [5351 bytes]","args":[{"element-6066-11e4-a52e-4f735466cecf":"f.5DBEA6FA2B2306711F2E61D56D394A89.d.7461A62964C355C474AE586D517C3381.e.4071","ELEMENT":"f.5DBEA6FA2B2306711F2E61D56D394A89.d.7461A62964C355C474AE586D517C3381.e.4071"}]}
COMMAND: GET /session/c1955427c912c9ca8e293616318541a3/screenshot - {}
RESULT: {}
RESULT: {"script":"<script> [5351 bytes]","args":[{"element-6066-11e4-a52e-4f735466cecf":"f.5DBEA6FA2B2306711F2E61D56D394A89.d.7461A62964C355C474AE586D517C3381.e.4071","ELEMENT":"f.5DBEA6FA2B2306711F2E61D56D394A89.d.7461A62964C355C474AE586D517C3381.e.4071"}]}
COMMAND: GET /session/c1955427c912c9ca8e293616318541a3/screenshot - {}
RESULT: {}
RESULT: {}
COMMAND: POST /session/c1955427c912c9ca8e293616318541a3/element/f.5DBEA6FA2B2306711F2E61D56D394A89.d.7461A62964C355C474AE586D517C3381.e.4071/click - {}
RESULT: {}
COMMAND: GET /session/c1955427c912c9ca8e293616318541a3/screenshot - {}
RESULT: {}
COMMAND: POST /session/c1955427c912c9ca8e293616318541a3/execute/async - {"script":"<script> [1562 bytes]","args":[{"selector":{"id":"application-managecontracts-display-component---AddNewContract--projectDescription","interaction":{"idSuffix":"inner"}},"wdio_ui5_key":"applicationmanagecontracts-display-component---AddNewContract--projectDescription"}]}
RESULT: {"script":"<script> [1562 bytes]","args":[{"selector":{"id":"application-managecontracts-display-component---AddNewContract--projectDescription","interaction":{"idSuffix":"inner"}},"wdio_ui5_key":"applicationmanagecontracts-display-component---AddNewContract--projectDescription"}]}
RESULT: undefined
COMMAND: POST /session/c1955427c912c9ca8e293616318541a3/execute/async - {"script":"<script> [776 bytes]","args":[{"enterText":"Contract WDIO","selector":{"id":"application-managecontracts-display-component---AddNewContract--projectDescription","interaction":{"idSuffix":"inner"}},"clearTextFirst":true,"interactionType":"ENTER_TEXT"}]}
RESULT: {"script":"<script> [776 bytes]","args":[{"enterText":"Contract WDIO","selector":{"id":"application-managecontracts-display-component---AddNewContract--projectDescription","interaction":{"idSuffix":"inner"}},"clearTextFirst":true,"interactionType":"ENTER_TEXT"}]}
COMMAND: POST /session/c1955427c912c9ca8e293616318541a3/element - {"using":"xpath","value":"//input[@id=\"application-managecontracts-display-component---AddNewContract--site-inner\"]"}
RESULT: {"using":"xpath","value":"//input[@id=\"application-managecontracts-display-component---AddNewContract--site-inner\"]"}
COMMAND: POST /session/c1955427c912c9ca8e293616318541a3/element/f.5DBEA6FA2B2306711F2E61D56D394A89.d.7461A62964C355C474AE586D517C3381.e.4395/clear - {}
RESULT: {}
COMMAND: POST /session/c1955427c912c9ca8e293616318541a3/element/f.5DBEA6FA2B2306711F2E61D56D394A89.d.7461A62964C355C474AE586D517C3381.e.4395/value - {"text":"2112"}
COMMAND: GET /session/c1955427c912c9ca8e293616318541a3/screenshot - {}
RESULT: {"text":"2112"}
COMMAND: GET /session/c1955427c912c9ca8e293616318541a3/screenshot - {}
RESULT: {}
RESULT: {}
COMMAND: POST /session/c1955427c912c9ca8e293616318541a3/element - {"using":"xpath","value":"//li[.//span[text()='2112']]"}
RESULT: {"using":"xpath","value":"//li[.//span[text()='2112']]"}
COMMAND: POST /session/c1955427c912c9ca8e293616318541a3/element/f.5DBEA6FA2B2306711F2E61D56D394A89.d.7461A62964C355C474AE586D517C3381.e.4478/click - {}
RESULT: {}
COMMAND: GET /session/c1955427c912c9ca8e293616318541a3/screenshot - {}
RESULT: {}
COMMAND: POST /session/c1955427c912c9ca8e293616318541a3/element - {"using":"xpath","value":"//input[@id=\"application-managecontracts-display-component---AddNewContract--yardId-inner\"]"}
RESULT: {"using":"xpath","value":"//input[@id=\"application-managecontracts-display-component---AddNewContract--yardId-inner\"]"}
COMMAND: GET /session/c1955427c912c9ca8e293616318541a3/element/f.5DBEA6FA2B2306711F2E61D56D394A89.d.7461A62964C355C474AE586D517C3381.e.4396/property/value - {}
RESULT: {}
COMMAND: POST /session/c1955427c912c9ca8e293616318541a3/element - {"using":"xpath","value":"//input[@id=\"application-managecontracts-display-component---AddNewContract--customerSelect-inner\"]"}
COMMAND: GET /session/c1955427c912c9ca8e293616318541a3/screenshot - {}
RESULT: {"using":"xpath","value":"//input[@id=\"application-managecontracts-display-component---AddNewContract--customerSelect-inner\"]"}
COMMAND: POST /session/c1955427c912c9ca8e293616318541a3/element/f.5DBEA6FA2B2306711F2E61D56D394A89.d.7461A62964C355C474AE586D517C3381.e.4394/clear - {}
RESULT: {}
RESULT: {}
COMMAND: POST /session/c1955427c912c9ca8e293616318541a3/element/f.5DBEA6FA2B2306711F2E61D56D394A89.d.7461A62964C355C474AE586D517C3381.e.4394/value - {"text":"1125"}
COMMAND: GET /session/c1955427c912c9ca8e293616318541a3/screenshot - {}
RESULT: {"text":"1125"}
COMMAND: GET /session/c1955427c912c9ca8e293616318541a3/screenshot - {}
RESULT: {}
RESULT: {}
COMMAND: POST /session/c1955427c912c9ca8e293616318541a3/element - {"using":"xpath","value":"//li[.//span[text()='1125']]"}
RESULT: {"using":"xpath","value":"//li[.//span[text()='1125']]"}
COMMAND: POST /session/c1955427c912c9ca8e293616318541a3/element/f.5DBEA6FA2B2306711F2E61D56D394A89.d.7461A62964C355C474AE586D517C3381.e.4481/click - {}
RESULT: {}
COMMAND: GET /session/c1955427c912c9ca8e293616318541a3/screenshot - {}
RESULT: {}
COMMAND: POST /session/c1955427c912c9ca8e293616318541a3/element - {"using":"xpath","value":"//button[@data-kt=\"saveButton\"]"}
RESULT: {"using":"xpath","value":"//button[@data-kt=\"saveButton\"]"}
COMMAND: POST /session/c1955427c912c9ca8e293616318541a3/element/f.5DBEA6FA2B2306711F2E61D56D394A89.d.7461A62964C355C474AE586D517C3381.e.4471/click - {}
RESULT: {}
COMMAND: GET /session/c1955427c912c9ca8e293616318541a3/screenshot - {}
RESULT: {}
COMMAND: POST /session/c1955427c912c9ca8e293616318541a3/element - {"using":"xpath","value":"//span[contains(@id ,\"contractDetailTitleNoExpanded\")]"}
RESULT: {"using":"xpath","value":"//span[contains(@id ,\"contractDetailTitleNoExpanded\")]"}
COMMAND: POST /session/c1955427c912c9ca8e293616318541a3/elements - {"using":"xpath","value":"//span[contains(@id ,\"contractDetailTitleNoExpanded\")]"}
RESULT: {"using":"xpath","value":"//span[contains(@id ,\"contractDetailTitleNoExpanded\")]"}
COMMAND: POST /session/c1955427c912c9ca8e293616318541a3/execute/sync - {"script":"<script> [56 bytes]","args":[{"element-6066-11e4-a52e-4f735466cecf":"f.5DBEA6FA2B2306711F2E61D56D394A89.d.7461A62964C355C474AE586D517C3381.e.4552","ELEMENT":"f.5DBEA6FA2B2306711F2E61D56D394A89.d.7461A62964C355C474AE586D517C3381.e.4552"}]}
RESULT: {"script":"<script> [56 bytes]","args":[{"element-6066-11e4-a52e-4f735466cecf":"f.5DBEA6FA2B2306711F2E61D56D394A89.d.7461A62964C355C474AE586D517C3381.e.4552","ELEMENT":"f.5DBEA6FA2B2306711F2E61D56D394A89.d.7461A62964C355C474AE586D517C3381.e.4552"}]}
COMMAND: GET /session/c1955427c912c9ca8e293616318541a3/screenshot - {}
RESULT: {}
]]></system-out>
    </testcase>
    <testcase classname="chrome.137_0_7151_69.windows.Tests_for_Mass_State_Change_on_Manage_States_&amp;_Performances_US104416_US" name="Prereq Should add created equipment to contract but to have the item 2 days earlier" time="62.332">
      <system-out><![CDATA[
COMMAND: POST /session/c1955427c912c9ca8e293616318541a3/element - {"using":"xpath","value":"//button[@data-kt=\"contractDetailEditBtnButton\"]"}
RESULT: {"using":"xpath","value":"//button[@data-kt=\"contractDetailEditBtnButton\"]"}
COMMAND: POST /session/c1955427c912c9ca8e293616318541a3/element/f.5DBEA6FA2B2306711F2E61D56D394A89.d.7461A62964C355C474AE586D517C3381.e.4554/click - {}
RESULT: {}
COMMAND: GET /session/c1955427c912c9ca8e293616318541a3/screenshot - {}
RESULT: {}
COMMAND: POST /session/c1955427c912c9ca8e293616318541a3/element - {"using":"xpath","value":"(//span[contains(text(), \"Additional Addresses\")])[2]"}
RESULT: {"using":"xpath","value":"(//span[contains(text(), \"Additional Addresses\")])[2]"}
COMMAND: POST /session/c1955427c912c9ca8e293616318541a3/element/f.5DBEA6FA2B2306711F2E61D56D394A89.d.7461A62964C355C474AE586D517C3381.e.4611/click - {}
RESULT: {}
COMMAND: GET /session/c1955427c912c9ca8e293616318541a3/screenshot - {}
RESULT: {}
COMMAND: POST /session/c1955427c912c9ca8e293616318541a3/element - {"using":"xpath","value":"//button[@data-kt=\"btnAddTableRowOverflowToolbarButton\"]"}
RESULT: {"using":"xpath","value":"//button[@data-kt=\"btnAddTableRowOverflowToolbarButton\"]"}
COMMAND: POST /session/c1955427c912c9ca8e293616318541a3/element/f.5DBEA6FA2B2306711F2E61D56D394A89.d.7461A62964C355C474AE586D517C3381.e.4613/click - {}
RESULT: {}
COMMAND: GET /session/c1955427c912c9ca8e293616318541a3/screenshot - {}
RESULT: {}
COMMAND: POST /session/c1955427c912c9ca8e293616318541a3/element - {"using":"xpath","value":"//div[(text() = 'Standard Entry' or . = 'Standard Entry')]"}
RESULT: {"using":"xpath","value":"//div[(text() = 'Standard Entry' or . = 'Standard Entry')]"}
COMMAND: POST /session/c1955427c912c9ca8e293616318541a3/element/f.5DBEA6FA2B2306711F2E61D56D394A89.d.7461A62964C355C474AE586D517C3381.e.4615/click - {}
RESULT: {}
COMMAND: GET /session/c1955427c912c9ca8e293616318541a3/screenshot - {}
RESULT: {}
COMMAND: POST /session/c1955427c912c9ca8e293616318541a3/element - {"using":"xpath","value":"//td[6]/div/div/div/span"}
RESULT: {"using":"xpath","value":"//td[6]/div/div/div/span"}
COMMAND: POST /session/c1955427c912c9ca8e293616318541a3/element/f.5DBEA6FA2B2306711F2E61D56D394A89.d.7461A62964C355C474AE586D517C3381.e.4627/click - {}
RESULT: {}
COMMAND: GET /session/c1955427c912c9ca8e293616318541a3/screenshot - {}
RESULT: {}
COMMAND: POST /session/c1955427c912c9ca8e293616318541a3/element - {"using":"xpath","value":"(//span[contains(text(), \"Equi Multipart\")])"}
RESULT: {"using":"xpath","value":"(//span[contains(text(), \"Equi Multipart\")])"}
COMMAND: POST /session/c1955427c912c9ca8e293616318541a3/element/f.5DBEA6FA2B2306711F2E61D56D394A89.d.7461A62964C355C474AE586D517C3381.e.4628/click - {}
RESULT: {}
COMMAND: GET /session/c1955427c912c9ca8e293616318541a3/screenshot - {}
RESULT: {}
COMMAND: POST /session/c1955427c912c9ca8e293616318541a3/element - {"using":"xpath","value":"//td[7]/div/div/input"}
RESULT: {"using":"xpath","value":"//td[7]/div/div/input"}
COMMAND: POST /session/c1955427c912c9ca8e293616318541a3/element/f.5DBEA6FA2B2306711F2E61D56D394A89.d.7461A62964C355C474AE586D517C3381.e.4632/clear - {}
RESULT: {}
COMMAND: POST /session/c1955427c912c9ca8e293616318541a3/element/f.5DBEA6FA2B2306711F2E61D56D394A89.d.7461A62964C355C474AE586D517C3381.e.4632/value - {"text":"400016"}
COMMAND: GET /session/c1955427c912c9ca8e293616318541a3/screenshot - {}
RESULT: {"text":"400016"}
COMMAND: GET /session/c1955427c912c9ca8e293616318541a3/screenshot - {}
RESULT: {}
RESULT: {}
COMMAND: POST /session/c1955427c912c9ca8e293616318541a3/actions - {"actions":[{"id":"action13","type":"key","parameters":{},"actions":[{"type":"keyDown","value":""},{"type":"pause","duration":10},{"type":"keyUp","value":""}]}]}
RESULT: {"actions":[{"id":"action13","type":"key","parameters":{},"actions":[{"type":"keyDown","value":""},{"type":"pause","duration":10},{"type":"keyUp","value":""}]}]}
COMMAND: GET /session/c1955427c912c9ca8e293616318541a3/screenshot - {}
RESULT: {}
COMMAND: POST /session/c1955427c912c9ca8e293616318541a3/execute/sync - {"script":"<script> [276 bytes]","args":["No pricing information was found"]}
RESULT: {"script":"<script> [276 bytes]","args":["No pricing information was found"]}
COMMAND: POST /session/c1955427c912c9ca8e293616318541a3/element - {"using":"xpath","value":"//bdi[contains(text(), \"OK\")]"}
COMMAND: GET /session/c1955427c912c9ca8e293616318541a3/screenshot - {}
RESULT: {"using":"xpath","value":"//bdi[contains(text(), \"OK\")]"}
COMMAND: POST /session/c1955427c912c9ca8e293616318541a3/element/f.5DBEA6FA2B2306711F2E61D56D394A89.d.7461A62964C355C474AE586D517C3381.e.4658/click - {}
RESULT: {}
RESULT: {}
COMMAND: GET /session/c1955427c912c9ca8e293616318541a3/screenshot - {}
RESULT: {}
COMMAND: POST /session/c1955427c912c9ca8e293616318541a3/element - {"using":"xpath","value":"//td[19]/div/div/input"}
RESULT: {"using":"xpath","value":"//td[19]/div/div/input"}
COMMAND: POST /session/c1955427c912c9ca8e293616318541a3/element/f.5DBEA6FA2B2306711F2E61D56D394A89.d.7461A62964C355C474AE586D517C3381.e.4655/clear - {}
RESULT: {}
COMMAND: POST /session/c1955427c912c9ca8e293616318541a3/element/f.5DBEA6FA2B2306711F2E61D56D394A89.d.7461A62964C355C474AE586D517C3381.e.4655/value - {"text":"6/12/25"}
COMMAND: GET /session/c1955427c912c9ca8e293616318541a3/screenshot - {}
RESULT: {"text":"6/12/25"}
COMMAND: GET /session/c1955427c912c9ca8e293616318541a3/screenshot - {}
RESULT: {}
RESULT: {}
COMMAND: POST /session/c1955427c912c9ca8e293616318541a3/element - {"using":"xpath","value":"(//button[@data-kt=\"saveButton\"])[2]"}
RESULT: {"using":"xpath","value":"(//button[@data-kt=\"saveButton\"])[2]"}
COMMAND: POST /session/c1955427c912c9ca8e293616318541a3/element/f.5DBEA6FA2B2306711F2E61D56D394A89.d.7461A62964C355C474AE586D517C3381.e.4660/click - {}
RESULT: {}
COMMAND: GET /session/c1955427c912c9ca8e293616318541a3/screenshot - {}
RESULT: {}
COMMAND: POST /session/c1955427c912c9ca8e293616318541a3/execute/sync - {"script":"<script> [276 bytes]","args":["Some contract items are having rental validity exceeding header rental validity"]}
RESULT: {"script":"<script> [276 bytes]","args":["Some contract items are having rental validity exceeding header rental validity"]}
COMMAND: POST /session/c1955427c912c9ca8e293616318541a3/element - {"using":"xpath","value":"//bdi[contains(text(), \"OK\")]"}
COMMAND: GET /session/c1955427c912c9ca8e293616318541a3/screenshot - {}
RESULT: {"using":"xpath","value":"//bdi[contains(text(), \"OK\")]"}
COMMAND: POST /session/c1955427c912c9ca8e293616318541a3/element/f.5DBEA6FA2B2306711F2E61D56D394A89.d.7461A62964C355C474AE586D517C3381.e.4664/click - {}
RESULT: {}
RESULT: {}
COMMAND: GET /session/c1955427c912c9ca8e293616318541a3/screenshot - {}
RESULT: {}
COMMAND: POST /session/c1955427c912c9ca8e293616318541a3/element - {"using":"xpath","value":"//span[contains(@id ,\"contractItemsSmartTable-header-inner\")]"}
RESULT: {"using":"xpath","value":"//span[contains(@id ,\"contractItemsSmartTable-header-inner\")]"}
COMMAND: POST /session/c1955427c912c9ca8e293616318541a3/elements - {"using":"xpath","value":"//span[contains(@id ,\"contractItemsSmartTable-header-inner\")]"}
RESULT: {"using":"xpath","value":"//span[contains(@id ,\"contractItemsSmartTable-header-inner\")]"}
COMMAND: POST /session/c1955427c912c9ca8e293616318541a3/execute/sync - {"script":"<script> [56 bytes]","args":[{"element-6066-11e4-a52e-4f735466cecf":"f.5DBEA6FA2B2306711F2E61D56D394A89.d.7461A62964C355C474AE586D517C3381.e.4670","ELEMENT":"f.5DBEA6FA2B2306711F2E61D56D394A89.d.7461A62964C355C474AE586D517C3381.e.4670"}]}
RESULT: {"script":"<script> [56 bytes]","args":[{"element-6066-11e4-a52e-4f735466cecf":"f.5DBEA6FA2B2306711F2E61D56D394A89.d.7461A62964C355C474AE586D517C3381.e.4670","ELEMENT":"f.5DBEA6FA2B2306711F2E61D56D394A89.d.7461A62964C355C474AE586D517C3381.e.4670"}]}
COMMAND: GET /session/c1955427c912c9ca8e293616318541a3/screenshot - {}
]]></system-out>
    </testcase>
    <testcase classname="chrome.137_0_7151_69.windows.Tests_for_Mass_State_Change_on_Manage_States_&amp;_Performances_US104416_US" name="Prereq Should do a provide to site handover for today" time="58.284">
      <system-out><![CDATA[
COMMAND: POST /session/c1955427c912c9ca8e293616318541a3/element - {"using":"xpath","value":"//button[@data-kt=\"provideButton\"]"}
RESULT: {}
RESULT: {"using":"xpath","value":"//button[@data-kt=\"provideButton\"]"}
COMMAND: POST /session/c1955427c912c9ca8e293616318541a3/element/f.5DBEA6FA2B2306711F2E61D56D394A89.d.7461A62964C355C474AE586D517C3381.e.4671/click - {}
RESULT: {}
COMMAND: GET /session/c1955427c912c9ca8e293616318541a3/screenshot - {}
RESULT: {}
RESULT: undefined
COMMAND: POST /session/c1955427c912c9ca8e293616318541a3/execute/async - {"script":"<script> [6424 bytes]","args":[{"element-6066-11e4-a52e-4f735466cecf":"f.5DBEA6FA2B2306711F2E61D56D394A89.d.7461A62964C355C474AE586D517C3381.e.3620"},"setValue",["6/14/25"]]}
COMMAND: POST /session/c1955427c912c9ca8e293616318541a3/execute/async - {"script":"<script> [1562 bytes]","args":[{"selector":{"id":"application-managehandovers-display-component---AddNewHO--dueDate","interaction":{"idSuffix":"inner"}},"wdio_ui5_key":"applicationmanagehandovers-display-component---AddNewHO--dueDate"}]}
RESULT: {"script":"<script> [1562 bytes]","args":[{"selector":{"id":"application-managehandovers-display-component---AddNewHO--dueDate","interaction":{"idSuffix":"inner"}},"wdio_ui5_key":"applicationmanagehandovers-display-component---AddNewHO--dueDate"}]}
COMMAND: POST /session/c1955427c912c9ca8e293616318541a3/execute/async - {"script":"<script> [6424 bytes]","args":[{"element-6066-11e4-a52e-4f735466cecf":"f.5DBEA6FA2B2306711F2E61D56D394A89.d.7461A62964C355C474AE586D517C3381.e.4728"},"setValue",["6/14/25"]]}
RESULT: {"script":"<script> [6424 bytes]","args":[{"element-6066-11e4-a52e-4f735466cecf":"f.5DBEA6FA2B2306711F2E61D56D394A89.d.7461A62964C355C474AE586D517C3381.e.4728"},"setValue",["6/14/25"]]}
COMMAND: POST /session/c1955427c912c9ca8e293616318541a3/element - {"using":"xpath","value":"//bdi[contains(text(), \"Instructions\")]"}
RESULT: {"using":"xpath","value":"//bdi[contains(text(), \"Instructions\")]"}
COMMAND: POST /session/c1955427c912c9ca8e293616318541a3/element/f.5DBEA6FA2B2306711F2E61D56D394A89.d.7461A62964C355C474AE586D517C3381.e.4980/click - {}
RESULT: {}
COMMAND: GET /session/c1955427c912c9ca8e293616318541a3/screenshot - {}
RESULT: {}
COMMAND: POST /session/c1955427c912c9ca8e293616318541a3/element - {"using":"xpath","value":"//button[@data-kt=\"AddNewHOProvideAddItemsButton\"]"}
RESULT: {"using":"xpath","value":"//button[@data-kt=\"AddNewHOProvideAddItemsButton\"]"}
COMMAND: POST /session/c1955427c912c9ca8e293616318541a3/element/f.5DBEA6FA2B2306711F2E61D56D394A89.d.7461A62964C355C474AE586D517C3381.e.4984/click - {}
RESULT: {}
COMMAND: GET /session/c1955427c912c9ca8e293616318541a3/screenshot - {}
RESULT: {}
RESULT: undefined
COMMAND: POST /session/c1955427c912c9ca8e293616318541a3/element - {"using":"xpath","value":"//*[@id=\"application-managehandovers-display-component---AddNewHO--popup-sa\"]"}
RESULT: {"using":"xpath","value":"//*[@id=\"application-managehandovers-display-component---AddNewHO--popup-sa\"]"}
COMMAND: POST /session/c1955427c912c9ca8e293616318541a3/element/f.5DBEA6FA2B2306711F2E61D56D394A89.d.7461A62964C355C474AE586D517C3381.e.4991/click - {}
RESULT: {}
COMMAND: GET /session/c1955427c912c9ca8e293616318541a3/screenshot - {}
RESULT: {}
COMMAND: POST /session/c1955427c912c9ca8e293616318541a3/element - {"using":"xpath","value":"//*[contains(@id ,\"BDI-content\")][contains(text(), \"Select\")]"}
RESULT: {"using":"xpath","value":"//*[contains(@id ,\"BDI-content\")][contains(text(), \"Select\")]"}
COMMAND: POST /session/c1955427c912c9ca8e293616318541a3/element/f.5DBEA6FA2B2306711F2E61D56D394A89.d.7461A62964C355C474AE586D517C3381.e.4993/click - {}
RESULT: {}
COMMAND: GET /session/c1955427c912c9ca8e293616318541a3/screenshot - {}
RESULT: {}
COMMAND: POST /session/c1955427c912c9ca8e293616318541a3/execute/async - {"script":"<script> [1562 bytes]","args":[{"selector":{"id":"application-managehandovers-display-component---AddNewHO--confirmCreationButton","interaction":{"idSuffix":"BDI-content"}},"wdio_ui5_key":"applicationmanagehandovers-display-component---AddNewHO--confirmCreationButton"}]}
RESULT: {"script":"<script> [1562 bytes]","args":[{"selector":{"id":"application-managehandovers-display-component---AddNewHO--confirmCreationButton","interaction":{"idSuffix":"BDI-content"}},"wdio_ui5_key":"applicationmanagehandovers-display-component---AddNewHO--confirmCreationButton"}]}
RESULT: undefined
COMMAND: POST /session/c1955427c912c9ca8e293616318541a3/element - {"using":"xpath","value":"//*[@id=\"application-managehandovers-display-component---AddNewHO--confirmCreationButton\"]"}
RESULT: {"using":"xpath","value":"//*[@id=\"application-managehandovers-display-component---AddNewHO--confirmCreationButton\"]"}
COMMAND: POST /session/c1955427c912c9ca8e293616318541a3/element/f.5DBEA6FA2B2306711F2E61D56D394A89.d.7461A62964C355C474AE586D517C3381.e.4794/click - {}
RESULT: {}
COMMAND: GET /session/c1955427c912c9ca8e293616318541a3/screenshot - {}
RESULT: {}
COMMAND: POST /session/c1955427c912c9ca8e293616318541a3/execute/async - {"script":"<script> [1562 bytes]","args":[{"selector":{"id":"issueDatePicker","viewName":"etm.portal.ui.managehandovers.view.DetailExecuteHO","interaction":{"idSuffix":"inner"}},"wdio_ui5_key":"issueDatePickeretmportal.ui.managehandovers.view.DetailExecuteHO"}]}
RESULT: {"script":"<script> [1562 bytes]","args":[{"selector":{"id":"issueDatePicker","viewName":"etm.portal.ui.managehandovers.view.DetailExecuteHO","interaction":{"idSuffix":"inner"}},"wdio_ui5_key":"issueDatePickeretmportal.ui.managehandovers.view.DetailExecuteHO"}]}
RESULT: undefined
COMMAND: POST /session/c1955427c912c9ca8e293616318541a3/execute/async - {"script":"<script> [776 bytes]","args":[{"enterText":"6/14/25","selector":{"id":"issueDatePicker","viewName":"etm.portal.ui.managehandovers.view.DetailExecuteHO","interaction":{"idSuffix":"inner"}},"clearTextFirst":true,"interactionType":"ENTER_TEXT"}]}
RESULT: {"script":"<script> [776 bytes]","args":[{"enterText":"6/14/25","selector":{"id":"issueDatePicker","viewName":"etm.portal.ui.managehandovers.view.DetailExecuteHO","interaction":{"idSuffix":"inner"}},"clearTextFirst":true,"interactionType":"ENTER_TEXT"}]}
COMMAND: POST /session/c1955427c912c9ca8e293616318541a3/element - {"using":"xpath","value":"//button[@data-kt=\"PickingTableConfirmAllButton\"]"}
RESULT: {"using":"xpath","value":"//button[@data-kt=\"PickingTableConfirmAllButton\"]"}
COMMAND: POST /session/c1955427c912c9ca8e293616318541a3/element/f.5DBEA6FA2B2306711F2E61D56D394A89.d.7461A62964C355C474AE586D517C3381.e.5050/click - {}
RESULT: {}
COMMAND: GET /session/c1955427c912c9ca8e293616318541a3/screenshot - {}
RESULT: {}
COMMAND: POST /session/c1955427c912c9ca8e293616318541a3/element - {"using":"xpath","value":"//bdi[contains(text(), \"OK\")]"}
RESULT: {"using":"xpath","value":"//bdi[contains(text(), \"OK\")]"}
COMMAND: POST /session/c1955427c912c9ca8e293616318541a3/element/f.5DBEA6FA2B2306711F2E61D56D394A89.d.7461A62964C355C474AE586D517C3381.e.5053/click - {}
RESULT: {}
COMMAND: GET /session/c1955427c912c9ca8e293616318541a3/screenshot - {}
RESULT: {}
COMMAND: POST /session/c1955427c912c9ca8e293616318541a3/element - {"using":"xpath","value":"//bdi[contains(text(), \"Issue\")]"}
RESULT: {"using":"xpath","value":"//bdi[contains(text(), \"Issue\")]"}
COMMAND: POST /session/c1955427c912c9ca8e293616318541a3/element/f.5DBEA6FA2B2306711F2E61D56D394A89.d.7461A62964C355C474AE586D517C3381.e.5055/click - {}
RESULT: {}
COMMAND: GET /session/c1955427c912c9ca8e293616318541a3/screenshot - {}
RESULT: {}
COMMAND: POST /session/c1955427c912c9ca8e293616318541a3/element - {"using":"css selector","value":"#shell-header-logo"}
RESULT: {"using":"css selector","value":"#shell-header-logo"}
COMMAND: POST /session/c1955427c912c9ca8e293616318541a3/element/f.5DBEA6FA2B2306711F2E61D56D394A89.d.7461A62964C355C474AE586D517C3381.e.4026/click - {}
RESULT: {}
COMMAND: GET /session/c1955427c912c9ca8e293616318541a3/screenshot - {}
RESULT: {}
]]></system-out>
    </testcase>
    <testcase classname="chrome.137_0_7151_69.windows.Tests_for_Mass_State_Change_on_Manage_States_&amp;_Performances_US104416_US" name="Should do mass state change on the RU equip multipart 2 days in the future US104416" time="63.73">
      <system-out><![CDATA[
COMMAND: POST /session/c1955427c912c9ca8e293616318541a3/execute/async - {"script":"<script> [1562 bytes]","args":[{"selector":{"controlType":"sap.m.GenericTile","properties":{"header":"Manage States & Performance"}},"wdio_ui5_key":"sapm.GenericTile{\"header\":\"Manage States & Performance\"}"}]}
RESULT: {"script":"<script> [1562 bytes]","args":[{"selector":{"controlType":"sap.m.GenericTile","properties":{"header":"Manage States & Performance"}},"wdio_ui5_key":"sapm.GenericTile{\"header\":\"Manage States & Performance\"}"}]}
RESULT: undefined
COMMAND: POST /session/c1955427c912c9ca8e293616318541a3/element - {"using":"xpath","value":"//*[@id=\"__tile58\"]"}
RESULT: {"using":"xpath","value":"//*[@id=\"__tile58\"]"}
COMMAND: POST /session/c1955427c912c9ca8e293616318541a3/element/f.5DBEA6FA2B2306711F2E61D56D394A89.d.7461A62964C355C474AE586D517C3381.e.267/click - {}
RESULT: {}
COMMAND: GET /session/c1955427c912c9ca8e293616318541a3/screenshot - {}
RESULT: {}
COMMAND: POST /session/c1955427c912c9ca8e293616318541a3/elements - {"using":"xpath","value":"//span[text()='Error']"}
RESULT: {"using":"xpath","value":"//span[text()='Error']"}
COMMAND: POST /session/c1955427c912c9ca8e293616318541a3/element - {"using":"xpath","value":"//button[contains(@id, \"btnMassStateChange\")]"}
RESULT: {"using":"xpath","value":"//button[contains(@id, \"btnMassStateChange\")]"}
COMMAND: POST /session/c1955427c912c9ca8e293616318541a3/elements - {"using":"xpath","value":"//button[contains(@id, \"btnMassStateChange\")]"}
RESULT: {"using":"xpath","value":"//button[contains(@id, \"btnMassStateChange\")]"}
COMMAND: POST /session/c1955427c912c9ca8e293616318541a3/execute/sync - {"script":"<script> [8489 bytes]","args":[{"element-6066-11e4-a52e-4f735466cecf":"f.5DBEA6FA2B2306711F2E61D56D394A89.d.7461A62964C355C474AE586D517C3381.e.5269","ELEMENT":"f.5DBEA6FA2B2306711F2E61D56D394A89.d.7461A62964C355C474AE586D517C3381.e.5269"}]}
RESULT: {"script":"<script> [8489 bytes]","args":[{"element-6066-11e4-a52e-4f735466cecf":"f.5DBEA6FA2B2306711F2E61D56D394A89.d.7461A62964C355C474AE586D517C3381.e.5269","ELEMENT":"f.5DBEA6FA2B2306711F2E61D56D394A89.d.7461A62964C355C474AE586D517C3381.e.5269"}]}
COMMAND: GET /session/c1955427c912c9ca8e293616318541a3/element/f.5DBEA6FA2B2306711F2E61D56D394A89.d.7461A62964C355C474AE586D517C3381.e.5269/enabled - {}
COMMAND: GET /session/c1955427c912c9ca8e293616318541a3/screenshot - {}
RESULT: {}
COMMAND: POST /session/c1955427c912c9ca8e293616318541a3/execute/sync - {"script":"<script> [8489 bytes]","args":[{"element-6066-11e4-a52e-4f735466cecf":"f.5DBEA6FA2B2306711F2E61D56D394A89.d.7461A62964C355C474AE586D517C3381.e.5269","ELEMENT":"f.5DBEA6FA2B2306711F2E61D56D394A89.d.7461A62964C355C474AE586D517C3381.e.5269"}]}
COMMAND: GET /session/c1955427c912c9ca8e293616318541a3/screenshot - {}
RESULT: {}
RESULT: {"script":"<script> [8489 bytes]","args":[{"element-6066-11e4-a52e-4f735466cecf":"f.5DBEA6FA2B2306711F2E61D56D394A89.d.7461A62964C355C474AE586D517C3381.e.5269","ELEMENT":"f.5DBEA6FA2B2306711F2E61D56D394A89.d.7461A62964C355C474AE586D517C3381.e.5269"}]}
COMMAND: POST /session/c1955427c912c9ca8e293616318541a3/execute/sync - {"script":"<script> [5351 bytes]","args":[{"element-6066-11e4-a52e-4f735466cecf":"f.5DBEA6FA2B2306711F2E61D56D394A89.d.7461A62964C355C474AE586D517C3381.e.5269","ELEMENT":"f.5DBEA6FA2B2306711F2E61D56D394A89.d.7461A62964C355C474AE586D517C3381.e.5269"}]}
COMMAND: GET /session/c1955427c912c9ca8e293616318541a3/screenshot - {}
RESULT: {}
RESULT: {"script":"<script> [5351 bytes]","args":[{"element-6066-11e4-a52e-4f735466cecf":"f.5DBEA6FA2B2306711F2E61D56D394A89.d.7461A62964C355C474AE586D517C3381.e.5269","ELEMENT":"f.5DBEA6FA2B2306711F2E61D56D394A89.d.7461A62964C355C474AE586D517C3381.e.5269"}]}
COMMAND: GET /session/c1955427c912c9ca8e293616318541a3/screenshot - {}
RESULT: {}
RESULT: {}
COMMAND: POST /session/c1955427c912c9ca8e293616318541a3/execute/async - {"script":"<script> [1562 bytes]","args":[{"selector":{"controlType":"sap.ui.core.Icon","viewName":"etm.portal.ui.managestatesandperformance.view.Master","viewId":"application-managestatesandperformance-display-component---stateAndPerform","properties":{"src":{"regex":{"source":"chart\\-table\\-view"}}}},"wdio_ui5_key":"etmportal.ui.managestatesandperformance.view.Mastersap.ui.core.Icon{\"src\":{\"regex\":{\"source\":\"chart\\\\-table\\\\-view\"}}}"}]}
RESULT: {"script":"<script> [1562 bytes]","args":[{"selector":{"controlType":"sap.ui.core.Icon","viewName":"etm.portal.ui.managestatesandperformance.view.Master","viewId":"application-managestatesandperformance-display-component---stateAndPerform","properties":{"src":{"regex":{"source":"chart\\-table\\-view"}}}},"wdio_ui5_key":"etmportal.ui.managestatesandperformance.view.Mastersap.ui.core.Icon{\"src\":{\"regex\":{\"source\":\"chart\\\\-table\\\\-view\"}}}"}]}
RESULT: undefined
COMMAND: POST /session/c1955427c912c9ca8e293616318541a3/element - {"using":"xpath","value":"//*[@id=\"__filter61-icon\"]"}
RESULT: {"using":"xpath","value":"//*[@id=\"__filter61-icon\"]"}
COMMAND: POST /session/c1955427c912c9ca8e293616318541a3/element/f.5DBEA6FA2B2306711F2E61D56D394A89.d.7461A62964C355C474AE586D517C3381.e.5320/click - {}
RESULT: {}
COMMAND: POST /session/c1955427c912c9ca8e293616318541a3/element/f.5DBEA6FA2B2306711F2E61D56D394A89.d.7461A62964C355C474AE586D517C3381.e.5269/click - {}
COMMAND: GET /session/c1955427c912c9ca8e293616318541a3/screenshot - {}
COMMAND: POST /session/c1955427c912c9ca8e293616318541a3/element - {"using":"xpath","value":"//button[contains(@id, \"btnMassStateChange\")]"}
RESULT: {}
RESULT: {"using":"xpath","value":"//button[contains(@id, \"btnMassStateChange\")]"}
COMMAND: POST /session/c1955427c912c9ca8e293616318541a3/element/f.5DBEA6FA2B2306711F2E61D56D394A89.d.7461A62964C355C474AE586D517C3381.e.5269/click - {}
COMMAND: POST /session/c1955427c912c9ca8e293616318541a3/element - {"using":"xpath","value":"//button[contains(@id, \"btnMassStateChange\")]"}
RESULT: {"using":"xpath","value":"//button[contains(@id, \"btnMassStateChange\")]"}
COMMAND: POST /session/c1955427c912c9ca8e293616318541a3/element/f.5DBEA6FA2B2306711F2E61D56D394A89.d.7461A62964C355C474AE586D517C3381.e.5337/click - {}
RESULT: {}
COMMAND: GET /session/c1955427c912c9ca8e293616318541a3/screenshot - {}
RESULT: {}
COMMAND: POST /session/c1955427c912c9ca8e293616318541a3/execute/async - {"script":"<script> [1562 bytes]","args":[{"selector":{"id":"application-managestatesandperformance-display-component---stateAndPerform--smartFilterBarContracts-btnBasicSearch","interaction":{"idSuffix":"I"}},"wdio_ui5_key":"applicationmanagestatesandperformance-display-component---stateAndPerform--smartFilterBarContracts-btnBasicSearch"}]}
RESULT: {"script":"<script> [1562 bytes]","args":[{"selector":{"id":"application-managestatesandperformance-display-component---stateAndPerform--smartFilterBarContracts-btnBasicSearch","interaction":{"idSuffix":"I"}},"wdio_ui5_key":"applicationmanagestatesandperformance-display-component---stateAndPerform--smartFilterBarContracts-btnBasicSearch"}]}
RESULT: undefined
COMMAND: POST /session/c1955427c912c9ca8e293616318541a3/execute/async - {"script":"<script> [776 bytes]","args":[{"enterText":"400016","selector":{"id":"application-managestatesandperformance-display-component---stateAndPerform--smartFilterBarContracts-btnBasicSearch","interaction":{"idSuffix":"I"}},"clearTextFirst":true,"interactionType":"ENTER_TEXT"}]}
RESULT: {"script":"<script> [776 bytes]","args":[{"enterText":"400016","selector":{"id":"application-managestatesandperformance-display-component---stateAndPerform--smartFilterBarContracts-btnBasicSearch","interaction":{"idSuffix":"I"}},"clearTextFirst":true,"interactionType":"ENTER_TEXT"}]}
COMMAND: POST /session/c1955427c912c9ca8e293616318541a3/actions - {"actions":[{"id":"action14","type":"key","parameters":{},"actions":[{"type":"keyDown","value":""},{"type":"pause","duration":10},{"type":"keyUp","value":""}]}]}
RESULT: {"actions":[{"id":"action14","type":"key","parameters":{},"actions":[{"type":"keyDown","value":""},{"type":"pause","duration":10},{"type":"keyUp","value":""}]}]}
COMMAND: GET /session/c1955427c912c9ca8e293616318541a3/screenshot - {}
RESULT: {}
COMMAND: POST /session/c1955427c912c9ca8e293616318541a3/element - {"using":"xpath","value":"//span[@id=\"application-managestatesandperformance-display-component---stateAndPerform--stateAndPerformContractItemsSmartTable-header-inner\"]"}
RESULT: {"using":"xpath","value":"//span[@id=\"application-managestatesandperformance-display-component---stateAndPerform--stateAndPerformContractItemsSmartTable-header-inner\"]"}
COMMAND: POST /session/c1955427c912c9ca8e293616318541a3/elements - {"using":"xpath","value":"//span[@id=\"application-managestatesandperformance-display-component---stateAndPerform--stateAndPerformContractItemsSmartTable-header-inner\"]"}
RESULT: {"using":"xpath","value":"//span[@id=\"application-managestatesandperformance-display-component---stateAndPerform--stateAndPerformContractItemsSmartTable-header-inner\"]"}
COMMAND: POST /session/c1955427c912c9ca8e293616318541a3/execute/sync - {"script":"<script> [56 bytes]","args":[{"element-6066-11e4-a52e-4f735466cecf":"f.5DBEA6FA2B2306711F2E61D56D394A89.d.7461A62964C355C474AE586D517C3381.e.5506","ELEMENT":"f.5DBEA6FA2B2306711F2E61D56D394A89.d.7461A62964C355C474AE586D517C3381.e.5506"}]}
RESULT: {"script":"<script> [56 bytes]","args":[{"element-6066-11e4-a52e-4f735466cecf":"f.5DBEA6FA2B2306711F2E61D56D394A89.d.7461A62964C355C474AE586D517C3381.e.5506","ELEMENT":"f.5DBEA6FA2B2306711F2E61D56D394A89.d.7461A62964C355C474AE586D517C3381.e.5506"}]}
COMMAND: POST /session/c1955427c912c9ca8e293616318541a3/element - {"using":"xpath","value":"//table[contains(@id, \"stateAndPerform--stateAndPerformContractItemsTable-listUl\")]/tbody/tr[1]/td[2]/div/div"}
COMMAND: GET /session/c1955427c912c9ca8e293616318541a3/screenshot - {}
RESULT: {"using":"xpath","value":"//table[contains(@id, \"stateAndPerform--stateAndPerformContractItemsTable-listUl\")]/tbody/tr[1]/td[2]/div/div"}
COMMAND: POST /session/c1955427c912c9ca8e293616318541a3/element/f.5DBEA6FA2B2306711F2E61D56D394A89.d.7461A62964C355C474AE586D517C3381.e.5507/click - {}
RESULT: {}
RESULT: {}
COMMAND: GET /session/c1955427c912c9ca8e293616318541a3/screenshot - {}
RESULT: {}
COMMAND: POST /session/c1955427c912c9ca8e293616318541a3/element/f.5DBEA6FA2B2306711F2E61D56D394A89.d.7461A62964C355C474AE586D517C3381.e.5337/click - {}
RESULT: {}
COMMAND: GET /session/c1955427c912c9ca8e293616318541a3/screenshot - {}
RESULT: {}
COMMAND: POST /session/c1955427c912c9ca8e293616318541a3/execute/async - {"script":"<script> [1562 bytes]","args":[{"selector":{"id":"application-managestatesandperformance-display-component---stateAndPerform--ruStateTypes-arrow","searchOpenDialogs":true},"wdio_ui5_key":"applicationmanagestatesandperformance-display-component---stateAndPerform--ruStateTypes-arrow"}]}
RESULT: {"script":"<script> [1562 bytes]","args":[{"selector":{"id":"application-managestatesandperformance-display-component---stateAndPerform--ruStateTypes-arrow","searchOpenDialogs":true},"wdio_ui5_key":"applicationmanagestatesandperformance-display-component---stateAndPerform--ruStateTypes-arrow"}]}
RESULT: undefined
COMMAND: POST /session/c1955427c912c9ca8e293616318541a3/element - {"using":"xpath","value":"//*[@id=\"application-managestatesandperformance-display-component---stateAndPerform--ruStateTypes-arrow\"]"}
RESULT: {"using":"xpath","value":"//*[@id=\"application-managestatesandperformance-display-component---stateAndPerform--ruStateTypes-arrow\"]"}
COMMAND: POST /session/c1955427c912c9ca8e293616318541a3/element/f.5DBEA6FA2B2306711F2E61D56D394A89.d.7461A62964C355C474AE586D517C3381.e.5516/click - {}
RESULT: {}
COMMAND: GET /session/c1955427c912c9ca8e293616318541a3/screenshot - {}
RESULT: {}
COMMAND: POST /session/c1955427c912c9ca8e293616318541a3/element - {"using":"xpath","value":"//li[.//span[text()=\"defect\"]]"}
RESULT: {"using":"xpath","value":"//li[.//span[text()=\"defect\"]]"}
COMMAND: POST /session/c1955427c912c9ca8e293616318541a3/element/f.5DBEA6FA2B2306711F2E61D56D394A89.d.7461A62964C355C474AE586D517C3381.e.5517/click - {}
RESULT: {}
COMMAND: GET /session/c1955427c912c9ca8e293616318541a3/screenshot - {}
RESULT: {}
COMMAND: POST /session/c1955427c912c9ca8e293616318541a3/execute/async - {"script":"<script> [1562 bytes]","args":[{"selector":{"id":"application-managestatesandperformance-display-component---stateAndPerform--effectiveDate","searchOpenDialogs":true,"interaction":{"idSuffix":"inner"}},"wdio_ui5_key":"applicationmanagestatesandperformance-display-component---stateAndPerform--effectiveDate"}]}
RESULT: {"script":"<script> [1562 bytes]","args":[{"selector":{"id":"application-managestatesandperformance-display-component---stateAndPerform--effectiveDate","searchOpenDialogs":true,"interaction":{"idSuffix":"inner"}},"wdio_ui5_key":"applicationmanagestatesandperformance-display-component---stateAndPerform--effectiveDate"}]}
RESULT: undefined
COMMAND: POST /session/c1955427c912c9ca8e293616318541a3/execute/async - {"script":"<script> [776 bytes]","args":[{"enterText":"06/17/25","selector":{"id":"application-managestatesandperformance-display-component---stateAndPerform--effectiveDate","searchOpenDialogs":true,"interaction":{"idSuffix":"inner"}},"clearTextFirst":true,"interactionType":"ENTER_TEXT"}]}
RESULT: {"script":"<script> [776 bytes]","args":[{"enterText":"06/17/25","selector":{"id":"application-managestatesandperformance-display-component---stateAndPerform--effectiveDate","searchOpenDialogs":true,"interaction":{"idSuffix":"inner"}},"clearTextFirst":true,"interactionType":"ENTER_TEXT"}]}
COMMAND: POST /session/c1955427c912c9ca8e293616318541a3/element - {"using":"xpath","value":"(//bdi[contains(text(), \"OK\")])[1]"}
RESULT: {"using":"xpath","value":"(//bdi[contains(text(), \"OK\")])[1]"}
COMMAND: POST /session/c1955427c912c9ca8e293616318541a3/element/f.5DBEA6FA2B2306711F2E61D56D394A89.d.7461A62964C355C474AE586D517C3381.e.5520/click - {}
RESULT: {}
COMMAND: GET /session/c1955427c912c9ca8e293616318541a3/screenshot - {}
RESULT: {}
COMMAND: POST /session/c1955427c912c9ca8e293616318541a3/element - {"using":"xpath","value":"(//bdi[contains(text(), \"OK\")])[2]"}
RESULT: {"using":"xpath","value":"(//bdi[contains(text(), \"OK\")])[2]"}
COMMAND: POST /session/c1955427c912c9ca8e293616318541a3/element/f.5DBEA6FA2B2306711F2E61D56D394A89.d.7461A62964C355C474AE586D517C3381.e.5524/click - {}
RESULT: {}
COMMAND: GET /session/c1955427c912c9ca8e293616318541a3/screenshot - {}
RESULT: {}
COMMAND: POST /session/c1955427c912c9ca8e293616318541a3/element - {"using":"css selector","value":"#shell-header-logo"}
RESULT: {"using":"css selector","value":"#shell-header-logo"}
COMMAND: POST /session/c1955427c912c9ca8e293616318541a3/element/f.5DBEA6FA2B2306711F2E61D56D394A89.d.7461A62964C355C474AE586D517C3381.e.5234/click - {}
RESULT: {}
COMMAND: GET /session/c1955427c912c9ca8e293616318541a3/screenshot - {}
RESULT: {}
COMMAND: POST /session/c1955427c912c9ca8e293616318541a3/element - {"using":"css selector","value":"#j_username"}
COMMAND: POST /session/c1955427c912c9ca8e293616318541a3/url - {"url":"https://qa-testing-00-live-etm-ui.cfapps.eu10-004.hana.ondemand.com/"}
RESULT: {"using":"css selector","value":"#j_username"}
COMMAND: POST /session/c1955427c912c9ca8e293616318541a3/element - {"using":"css selector","value":"#j_username"}
RESULT: {"url":"https://qa-testing-00-live-etm-ui.cfapps.eu10-004.hana.ondemand.com/"}
RESULT: undefined
COMMAND: GET /session/c1955427c912c9ca8e293616318541a3/screenshot - {}
RESULT: {"using":"css selector","value":"#j_username"}
COMMAND: POST /session/c1955427c912c9ca8e293616318541a3/element - {"using":"css selector","value":"#shell-header-logo"}
RESULT: {}
RESULT: {"using":"css selector","value":"#shell-header-logo"}
COMMAND: POST /session/c1955427c912c9ca8e293616318541a3/execute/sync - {"script":"<script> [8489 bytes]","args":[{"element-6066-11e4-a52e-4f735466cecf":"f.5DBEA6FA2B2306711F2E61D56D394A89.d.D921F9FF2CF87162800DE889AAD99B8E.e.5541","ELEMENT":"f.5DBEA6FA2B2306711F2E61D56D394A89.d.D921F9FF2CF87162800DE889AAD99B8E.e.5541"}]}
RESULT: {"script":"<script> [8489 bytes]","args":[{"element-6066-11e4-a52e-4f735466cecf":"f.5DBEA6FA2B2306711F2E61D56D394A89.d.D921F9FF2CF87162800DE889AAD99B8E.e.5541","ELEMENT":"f.5DBEA6FA2B2306711F2E61D56D394A89.d.D921F9FF2CF87162800DE889AAD99B8E.e.5541"}]}
COMMAND: POST /session/c1955427c912c9ca8e293616318541a3/element - {"using":"css selector","value":"#shell-header-logo"}
COMMAND: GET /session/c1955427c912c9ca8e293616318541a3/screenshot - {}
RESULT: {"using":"css selector","value":"#shell-header-logo"}
COMMAND: POST /session/c1955427c912c9ca8e293616318541a3/execute/sync - {"script":"<script> [8489 bytes]","args":[{"element-6066-11e4-a52e-4f735466cecf":"f.5DBEA6FA2B2306711F2E61D56D394A89.d.D921F9FF2CF87162800DE889AAD99B8E.e.5541","ELEMENT":"f.5DBEA6FA2B2306711F2E61D56D394A89.d.D921F9FF2CF87162800DE889AAD99B8E.e.5541"}]}
RESULT: {}
RESULT: {"script":"<script> [8489 bytes]","args":[{"element-6066-11e4-a52e-4f735466cecf":"f.5DBEA6FA2B2306711F2E61D56D394A89.d.D921F9FF2CF87162800DE889AAD99B8E.e.5541","ELEMENT":"f.5DBEA6FA2B2306711F2E61D56D394A89.d.D921F9FF2CF87162800DE889AAD99B8E.e.5541"}]}
COMMAND: POST /session/c1955427c912c9ca8e293616318541a3/execute/sync - {"script":"<script> [5351 bytes]","args":[{"element-6066-11e4-a52e-4f735466cecf":"f.5DBEA6FA2B2306711F2E61D56D394A89.d.D921F9FF2CF87162800DE889AAD99B8E.e.5541","ELEMENT":"f.5DBEA6FA2B2306711F2E61D56D394A89.d.D921F9FF2CF87162800DE889AAD99B8E.e.5541"}]}
COMMAND: GET /session/c1955427c912c9ca8e293616318541a3/screenshot - {}
RESULT: {"script":"<script> [5351 bytes]","args":[{"element-6066-11e4-a52e-4f735466cecf":"f.5DBEA6FA2B2306711F2E61D56D394A89.d.D921F9FF2CF87162800DE889AAD99B8E.e.5541","ELEMENT":"f.5DBEA6FA2B2306711F2E61D56D394A89.d.D921F9FF2CF87162800DE889AAD99B8E.e.5541"}]}
COMMAND: POST /session/c1955427c912c9ca8e293616318541a3/element - {"using":"css selector","value":"#shell-header-logo"}
COMMAND: GET /session/c1955427c912c9ca8e293616318541a3/screenshot - {}
RESULT: {}
RESULT: {"using":"css selector","value":"#shell-header-logo"}
COMMAND: POST /session/c1955427c912c9ca8e293616318541a3/element/f.5DBEA6FA2B2306711F2E61D56D394A89.d.D921F9FF2CF87162800DE889AAD99B8E.e.5541/click - {}
RESULT: {}
RESULT: {}
COMMAND: GET /session/c1955427c912c9ca8e293616318541a3/screenshot - {}
RESULT: {}
COMMAND: POST /session/c1955427c912c9ca8e293616318541a3/execute/async - {"script":"<script> [189 bytes]","args":[]}
RESULT: {"script":"<script> [189 bytes]","args":[]}
COMMAND: POST /session/c1955427c912c9ca8e293616318541a3/execute/async - {"script":"<script> [123 bytes]","args":[]}
RESULT: {"script":"<script> [123 bytes]","args":[]}
COMMAND: POST /session/c1955427c912c9ca8e293616318541a3/timeouts - {"script":"<number>"}
RESULT: {"script":"<number>"}
COMMAND: GET /session/c1955427c912c9ca8e293616318541a3/timeouts - {}
RESULT: {}
RESULT: undefined
COMMAND: POST /session/c1955427c912c9ca8e293616318541a3/execute/async - {"script":"<script> [2676 bytes]","args":[]}
RESULT: {"script":"<script> [2676 bytes]","args":[]}
COMMAND: POST /session/c1955427c912c9ca8e293616318541a3/execute/async - {"script":"<script> [2342 bytes]","args":[{"protocol":"http","hostname":"0.0.0.0","path":"/","capabilities":{"browserName":"chrome","goog:chromeOptions":{"binary":"C:\\Program Files\\Google\\Chrome\\Application\\chrome.exe","args":["--start-maximized"]}},"logLevel":"warn","connectionRetryTimeout":120000,"connectionRetryCount":3,"logLevels":{},"enableDirectConnect":true,"strictSSL":true,"_":"65 more keys: [\"cacheDir\",\"port\",\"requestedCapabilities\",\"automationProtocol\",\"baseUrl\",\"waitforInterval\",\"waitforTimeout\",\"onReload\",\"beforeCommand\",\"afterCommand\",\"rootDir\",\"specs\",\"suites\",\"exclude\",\"groupLogsByTestSpec\",\"excludeDriverLogs\",\"bail\",\"framework\",\"reporters\",\"services\",\"maxInstances\",\"maxInstancesPerCapability\",\"injectGlobals\",\"filesToWatch\",\"execArgv\",\"runnerEnv\",\"runner\",\"shard\",\"specFileRetries\",\"specFileRetriesDelay\",\"specFileRetriesDeferred\",\"reporterSyncInterval\",\"reporterSyncTimeout\",\"cucumberFeaturesWithLineNumbers\",\"autoCompileOpts\",\"mochaOpts\",\"jasmineOpts\",\"cucumberOpts\",\"onPrepare\",\"onWorkerStart\",\"onWorkerEnd\",\"before\",\"beforeSession\",\"beforeSuite\",\"beforeHook\",\"beforeTest\",\"afterTest\",\"afterHook\",\"afterSuite\",\"afterSession\",\"after\",\"onComplete\",\"beforeAssertion\",\"afterAssertion\",\"beforeFeature\",\"beforeScenario\",\"beforeStep\",\"afterStep\",\"afterScenario\",\"afterFeature\",\"_\",\"suite\",\"$0\",\"ignoredWorkerServices\",\"wdi5\"]"}]}
RESULT: {"script":"<script> [2342 bytes]","args":[{"protocol":"http","hostname":"0.0.0.0","path":"/","capabilities":{"browserName":"chrome","goog:chromeOptions":{"binary":"C:\\Program Files\\Google\\Chrome\\Application\\chrome.exe","args":["--start-maximized"]}},"logLevel":"warn","connectionRetryTimeout":120000,"connectionRetryCount":3,"logLevels":{},"enableDirectConnect":true,"strictSSL":true,"_":"65 more keys: [\"cacheDir\",\"port\",\"requestedCapabilities\",\"automationProtocol\",\"baseUrl\",\"waitforInterval\",\"waitforTimeout\",\"onReload\",\"beforeCommand\",\"afterCommand\",\"rootDir\",\"specs\",\"suites\",\"exclude\",\"groupLogsByTestSpec\",\"excludeDriverLogs\",\"bail\",\"framework\",\"reporters\",\"services\",\"maxInstances\",\"maxInstancesPerCapability\",\"injectGlobals\",\"filesToWatch\",\"execArgv\",\"runnerEnv\",\"runner\",\"shard\",\"specFileRetries\",\"specFileRetriesDelay\",\"specFileRetriesDeferred\",\"reporterSyncInterval\",\"reporterSyncTimeout\",\"cucumberFeaturesWithLineNumbers\",\"autoCompileOpts\",\"mochaOpts\",\"jasmineOpts\",\"cucumberOpts\",\"onPrepare\",\"onWorkerStart\",\"onWorkerEnd\",\"before\",\"beforeSession\",\"beforeSuite\",\"beforeHook\",\"beforeTest\",\"afterTest\",\"afterHook\",\"afterSuite\",\"afterSession\",\"after\",\"onComplete\",\"beforeAssertion\",\"afterAssertion\",\"beforeFeature\",\"beforeScenario\",\"beforeStep\",\"afterStep\",\"afterScenario\",\"afterFeature\",\"_\",\"suite\",\"$0\",\"ignoredWorkerServices\",\"wdi5\"]"}]}
COMMAND: POST /session/c1955427c912c9ca8e293616318541a3/execute/async - {"script":"<script> [21126 bytes]","args":[35000]}
RESULT: {"script":"<script> [21126 bytes]","args":[35000]}
COMMAND: POST /session/c1955427c912c9ca8e293616318541a3/window/maximize - {}
RESULT: {}
COMMAND: POST /session/c1955427c912c9ca8e293616318541a3/execute/async - {"script":"<script> [1562 bytes]","args":[{"selector":{"id":"shell-header","interaction":{"idSuffix":"icon"}},"wdio_ui5_key":"shellheader"}]}
COMMAND: GET /session/c1955427c912c9ca8e293616318541a3/screenshot - {}
RESULT: undefined
RESULT: {"script":"<script> [1562 bytes]","args":[{"selector":{"id":"shell-header","interaction":{"idSuffix":"icon"}},"wdio_ui5_key":"shellheader"}]}
RESULT: undefined
COMMAND: POST /session/c1955427c912c9ca8e293616318541a3/window/fullscreen - {}
RESULT: {}
RESULT: {}
]]></system-out>
    </testcase>
  </testsuite>
  <testsuite timestamp="2025-06-14T18:11:51" time="1228.468" tests="6" failures="0" errors="0" skipped="0">
    <properties>
      <property name="specId" value="0"/>
      <property name="suiteName" value="Manage States &amp; Performance Tests US151247 US151423 US151467"/>
      <property name="capabilities" value="chrome.137_0_7151_69.windows"/>
      <property name="file" value="file:///D:/a/1/s/test/specs/HTR/manage-states-perf.spec.js"/>
    </properties>
    <testcase classname="chrome.137_0_7151_69.windows.Manage_States_&amp;_Performance_Tests_US151247_US151423_US151467" name="Prereq Should create a yard partner and site" time="347.218">
      <system-out><![CDATA[
COMMAND: POST /session/c1955427c912c9ca8e293616318541a3/execute/async - {"script":"<script> [1562 bytes]","args":[{"selector":{"controlType":"sap.m.GenericTile","properties":{"header":"Manage Yards"}},"wdio_ui5_key":"sapm.GenericTile{\"header\":\"Manage Yards\"}"}]}
RESULT: {"script":"<script> [1562 bytes]","args":[{"selector":{"controlType":"sap.m.GenericTile","properties":{"header":"Manage Yards"}},"wdio_ui5_key":"sapm.GenericTile{\"header\":\"Manage Yards\"}"}]}
RESULT: undefined
COMMAND: POST /session/c1955427c912c9ca8e293616318541a3/element - {"using":"xpath","value":"//*[@id=\"__tile34\"]"}
RESULT: {"using":"xpath","value":"//*[@id=\"__tile34\"]"}
COMMAND: POST /session/c1955427c912c9ca8e293616318541a3/element/f.5DBEA6FA2B2306711F2E61D56D394A89.d.D921F9FF2CF87162800DE889AAD99B8E.e.5567/click - {}
RESULT: {}
COMMAND: GET /session/c1955427c912c9ca8e293616318541a3/screenshot - {}
COMMAND: POST /session/c1955427c912c9ca8e293616318541a3/elements - {"using":"xpath","value":"//span[text()='Error']"}
RESULT: {}
RESULT: {"using":"xpath","value":"//span[text()='Error']"}
COMMAND: POST /session/c1955427c912c9ca8e293616318541a3/element - {"using":"xpath","value":"//button[@data-kt=\"addNewYardOverflowToolbarButton\"]"}
RESULT: {"using":"xpath","value":"//button[@data-kt=\"addNewYardOverflowToolbarButton\"]"}
COMMAND: POST /session/c1955427c912c9ca8e293616318541a3/elements - {"using":"xpath","value":"//button[@data-kt=\"addNewYardOverflowToolbarButton\"]"}
RESULT: {"using":"xpath","value":"//button[@data-kt=\"addNewYardOverflowToolbarButton\"]"}
COMMAND: POST /session/c1955427c912c9ca8e293616318541a3/elements - {"using":"xpath","value":"//button[@data-kt=\"addNewYardOverflowToolbarButton\"]"}
RESULT: {"using":"xpath","value":"//button[@data-kt=\"addNewYardOverflowToolbarButton\"]"}
COMMAND: POST /session/c1955427c912c9ca8e293616318541a3/elements - {"using":"xpath","value":"//button[@data-kt=\"addNewYardOverflowToolbarButton\"]"}
RESULT: {"using":"xpath","value":"//button[@data-kt=\"addNewYardOverflowToolbarButton\"]"}
COMMAND: POST /session/c1955427c912c9ca8e293616318541a3/elements - {"using":"xpath","value":"//button[@data-kt=\"addNewYardOverflowToolbarButton\"]"}
RESULT: {"using":"xpath","value":"//button[@data-kt=\"addNewYardOverflowToolbarButton\"]"}
COMMAND: POST /session/c1955427c912c9ca8e293616318541a3/elements - {"using":"xpath","value":"//button[@data-kt=\"addNewYardOverflowToolbarButton\"]"}
RESULT: {"using":"xpath","value":"//button[@data-kt=\"addNewYardOverflowToolbarButton\"]"}
COMMAND: POST /session/c1955427c912c9ca8e293616318541a3/element - {"using":"xpath","value":"//button[@data-kt=\"addNewYardOverflowToolbarButton\"]"}
RESULT: {"using":"xpath","value":"//button[@data-kt=\"addNewYardOverflowToolbarButton\"]"}
COMMAND: POST /session/c1955427c912c9ca8e293616318541a3/execute/sync - {"script":"<script> [8489 bytes]","args":[{"element-6066-11e4-a52e-4f735466cecf":"f.5DBEA6FA2B2306711F2E61D56D394A89.d.D921F9FF2CF87162800DE889AAD99B8E.e.5703","ELEMENT":"f.5DBEA6FA2B2306711F2E61D56D394A89.d.D921F9FF2CF87162800DE889AAD99B8E.e.5703"}]}
RESULT: {"script":"<script> [8489 bytes]","args":[{"element-6066-11e4-a52e-4f735466cecf":"f.5DBEA6FA2B2306711F2E61D56D394A89.d.D921F9FF2CF87162800DE889AAD99B8E.e.5703","ELEMENT":"f.5DBEA6FA2B2306711F2E61D56D394A89.d.D921F9FF2CF87162800DE889AAD99B8E.e.5703"}]}
COMMAND: GET /session/c1955427c912c9ca8e293616318541a3/element/f.5DBEA6FA2B2306711F2E61D56D394A89.d.D921F9FF2CF87162800DE889AAD99B8E.e.5703/enabled - {}
COMMAND: GET /session/c1955427c912c9ca8e293616318541a3/screenshot - {}
RESULT: {}
COMMAND: POST /session/c1955427c912c9ca8e293616318541a3/execute/sync - {"script":"<script> [8489 bytes]","args":[{"element-6066-11e4-a52e-4f735466cecf":"f.5DBEA6FA2B2306711F2E61D56D394A89.d.D921F9FF2CF87162800DE889AAD99B8E.e.5703","ELEMENT":"f.5DBEA6FA2B2306711F2E61D56D394A89.d.D921F9FF2CF87162800DE889AAD99B8E.e.5703"}]}
COMMAND: GET /session/c1955427c912c9ca8e293616318541a3/screenshot - {}
RESULT: {}
RESULT: {"script":"<script> [8489 bytes]","args":[{"element-6066-11e4-a52e-4f735466cecf":"f.5DBEA6FA2B2306711F2E61D56D394A89.d.D921F9FF2CF87162800DE889AAD99B8E.e.5703","ELEMENT":"f.5DBEA6FA2B2306711F2E61D56D394A89.d.D921F9FF2CF87162800DE889AAD99B8E.e.5703"}]}
COMMAND: POST /session/c1955427c912c9ca8e293616318541a3/execute/sync - {"script":"<script> [5351 bytes]","args":[{"element-6066-11e4-a52e-4f735466cecf":"f.5DBEA6FA2B2306711F2E61D56D394A89.d.D921F9FF2CF87162800DE889AAD99B8E.e.5703","ELEMENT":"f.5DBEA6FA2B2306711F2E61D56D394A89.d.D921F9FF2CF87162800DE889AAD99B8E.e.5703"}]}
RESULT: {}
COMMAND: GET /session/c1955427c912c9ca8e293616318541a3/screenshot - {}
RESULT: {"script":"<script> [5351 bytes]","args":[{"element-6066-11e4-a52e-4f735466cecf":"f.5DBEA6FA2B2306711F2E61D56D394A89.d.D921F9FF2CF87162800DE889AAD99B8E.e.5703","ELEMENT":"f.5DBEA6FA2B2306711F2E61D56D394A89.d.D921F9FF2CF87162800DE889AAD99B8E.e.5703"}]}
COMMAND: POST /session/c1955427c912c9ca8e293616318541a3/element/f.5DBEA6FA2B2306711F2E61D56D394A89.d.D921F9FF2CF87162800DE889AAD99B8E.e.5703/click - {}
COMMAND: GET /session/c1955427c912c9ca8e293616318541a3/screenshot - {}
RESULT: {}
RESULT: {}
COMMAND: GET /session/c1955427c912c9ca8e293616318541a3/screenshot - {}
RESULT: {}
COMMAND: POST /session/c1955427c912c9ca8e293616318541a3/element - {"using":"xpath","value":"//input[@id=\"application-manageyards-display-component---NewYard--yardId-inner\"]"}
RESULT: {}
RESULT: {"using":"xpath","value":"//input[@id=\"application-manageyards-display-component---NewYard--yardId-inner\"]"}
COMMAND: POST /session/c1955427c912c9ca8e293616318541a3/element - {"using":"xpath","value":"//input[@id=\"application-manageyards-display-component---NewYard--yardId-inner\"]"}
RESULT: {"using":"xpath","value":"//input[@id=\"application-manageyards-display-component---NewYard--yardId-inner\"]"}
COMMAND: POST /session/c1955427c912c9ca8e293616318541a3/execute/async - {"script":"<script> [1562 bytes]","args":[{"selector":{"id":"application-manageyards-display-component---NewYard--addressDetailDetailsName1","interaction":{"idSuffix":"inner"}},"wdio_ui5_key":"applicationmanageyards-display-component---NewYard--addressDetailDetailsName1"}]}
RESULT: {"script":"<script> [1562 bytes]","args":[{"selector":{"id":"application-manageyards-display-component---NewYard--addressDetailDetailsName1","interaction":{"idSuffix":"inner"}},"wdio_ui5_key":"applicationmanageyards-display-component---NewYard--addressDetailDetailsName1"}]}
RESULT: undefined
COMMAND: POST /session/c1955427c912c9ca8e293616318541a3/execute/async - {"script":"<script> [776 bytes]","args":[{"enterText":"Intercompany Yard wdIO","selector":{"id":"application-manageyards-display-component---NewYard--addressDetailDetailsName1","interaction":{"idSuffix":"inner"}},"clearTextFirst":true,"interactionType":"ENTER_TEXT"}]}
RESULT: {"script":"<script> [776 bytes]","args":[{"enterText":"Intercompany Yard wdIO","selector":{"id":"application-manageyards-display-component---NewYard--addressDetailDetailsName1","interaction":{"idSuffix":"inner"}},"clearTextFirst":true,"interactionType":"ENTER_TEXT"}]}
COMMAND: POST /session/c1955427c912c9ca8e293616318541a3/execute/async - {"script":"<script> [1562 bytes]","args":[{"selector":{"id":"application-manageyards-display-component---NewYard--addressDetailDetailsLanguage-arrow"},"wdio_ui5_key":"applicationmanageyards-display-component---NewYard--addressDetailDetailsLanguage-arrow"}]}
RESULT: {"script":"<script> [1562 bytes]","args":[{"selector":{"id":"application-manageyards-display-component---NewYard--addressDetailDetailsLanguage-arrow"},"wdio_ui5_key":"applicationmanageyards-display-component---NewYard--addressDetailDetailsLanguage-arrow"}]}
RESULT: undefined
COMMAND: POST /session/c1955427c912c9ca8e293616318541a3/element - {"using":"xpath","value":"//*[@id=\"application-manageyards-display-component---NewYard--addressDetailDetailsLanguage-arrow\"]"}
RESULT: {"using":"xpath","value":"//*[@id=\"application-manageyards-display-component---NewYard--addressDetailDetailsLanguage-arrow\"]"}
COMMAND: POST /session/c1955427c912c9ca8e293616318541a3/element/f.5DBEA6FA2B2306711F2E61D56D394A89.d.D921F9FF2CF87162800DE889AAD99B8E.e.6128/click - {}
RESULT: {}
COMMAND: POST /session/c1955427c912c9ca8e293616318541a3/element - {"using":"xpath","value":"//span[contains(text(), \"English\")]"}
COMMAND: GET /session/c1955427c912c9ca8e293616318541a3/screenshot - {}
RESULT: {"using":"xpath","value":"//span[contains(text(), \"English\")]"}
COMMAND: POST /session/c1955427c912c9ca8e293616318541a3/element/f.5DBEA6FA2B2306711F2E61D56D394A89.d.D921F9FF2CF87162800DE889AAD99B8E.e.6129/click - {}
RESULT: {}
RESULT: {}
COMMAND: POST /session/c1955427c912c9ca8e293616318541a3/execute/async - {"script":"<script> [1562 bytes]","args":[{"selector":{"id":"application-manageyards-display-component---NewYard--addressDetailDetailsCity1","interaction":{"idSuffix":"inner"}},"wdio_ui5_key":"applicationmanageyards-display-component---NewYard--addressDetailDetailsCity1"}]}
COMMAND: GET /session/c1955427c912c9ca8e293616318541a3/screenshot - {}
RESULT: {"script":"<script> [1562 bytes]","args":[{"selector":{"id":"application-manageyards-display-component---NewYard--addressDetailDetailsCity1","interaction":{"idSuffix":"inner"}},"wdio_ui5_key":"applicationmanageyards-display-component---NewYard--addressDetailDetailsCity1"}]}
RESULT: undefined
COMMAND: POST /session/c1955427c912c9ca8e293616318541a3/execute/async - {"script":"<script> [776 bytes]","args":[{"enterText":"Rosario","selector":{"id":"application-manageyards-display-component---NewYard--addressDetailDetailsCity1","interaction":{"idSuffix":"inner"}},"clearTextFirst":true,"interactionType":"ENTER_TEXT"}]}
RESULT: {}
RESULT: {"script":"<script> [776 bytes]","args":[{"enterText":"Rosario","selector":{"id":"application-manageyards-display-component---NewYard--addressDetailDetailsCity1","interaction":{"idSuffix":"inner"}},"clearTextFirst":true,"interactionType":"ENTER_TEXT"}]}
COMMAND: POST /session/c1955427c912c9ca8e293616318541a3/execute/async - {"script":"<script> [1562 bytes]","args":[{"selector":{"id":"application-manageyards-display-component---NewYard--addressDetailDetailsCountry-arrow"},"wdio_ui5_key":"applicationmanageyards-display-component---NewYard--addressDetailDetailsCountry-arrow"}]}
RESULT: {"script":"<script> [1562 bytes]","args":[{"selector":{"id":"application-manageyards-display-component---NewYard--addressDetailDetailsCountry-arrow"},"wdio_ui5_key":"applicationmanageyards-display-component---NewYard--addressDetailDetailsCountry-arrow"}]}
RESULT: undefined
COMMAND: POST /session/c1955427c912c9ca8e293616318541a3/element - {"using":"xpath","value":"//*[@id=\"application-manageyards-display-component---NewYard--addressDetailDetailsCountry-arrow\"]"}
RESULT: {"using":"xpath","value":"//*[@id=\"application-manageyards-display-component---NewYard--addressDetailDetailsCountry-arrow\"]"}
COMMAND: POST /session/c1955427c912c9ca8e293616318541a3/element/f.5DBEA6FA2B2306711F2E61D56D394A89.d.D921F9FF2CF87162800DE889AAD99B8E.e.6131/click - {}
RESULT: {}
COMMAND: POST /session/c1955427c912c9ca8e293616318541a3/element - {"using":"xpath","value":"//span[contains(text(), \"Argentina\")]"}
COMMAND: GET /session/c1955427c912c9ca8e293616318541a3/screenshot - {}
RESULT: {"using":"xpath","value":"//span[contains(text(), \"Argentina\")]"}
COMMAND: POST /session/c1955427c912c9ca8e293616318541a3/element/f.5DBEA6FA2B2306711F2E61D56D394A89.d.D921F9FF2CF87162800DE889AAD99B8E.e.6132/click - {}
RESULT: {}
RESULT: {}
COMMAND: POST /session/c1955427c912c9ca8e293616318541a3/execute/async - {"script":"<script> [1562 bytes]","args":[{"selector":{"id":"application-manageyards-display-component---NewYard--addressEditDetailsCostObjectCstType-arrow"},"wdio_ui5_key":"applicationmanageyards-display-component---NewYard--addressEditDetailsCostObjectCstType-arrow"}]}
COMMAND: GET /session/c1955427c912c9ca8e293616318541a3/screenshot - {}
RESULT: {"script":"<script> [1562 bytes]","args":[{"selector":{"id":"application-manageyards-display-component---NewYard--addressEditDetailsCostObjectCstType-arrow"},"wdio_ui5_key":"applicationmanageyards-display-component---NewYard--addressEditDetailsCostObjectCstType-arrow"}]}
RESULT: undefined
COMMAND: POST /session/c1955427c912c9ca8e293616318541a3/element - {"using":"xpath","value":"//*[@id=\"application-manageyards-display-component---NewYard--addressEditDetailsCostObjectCstType-arrow\"]"}
RESULT: {}
RESULT: {"using":"xpath","value":"//*[@id=\"application-manageyards-display-component---NewYard--addressEditDetailsCostObjectCstType-arrow\"]"}
COMMAND: POST /session/c1955427c912c9ca8e293616318541a3/element/f.5DBEA6FA2B2306711F2E61D56D394A89.d.D921F9FF2CF87162800DE889AAD99B8E.e.6134/click - {}
RESULT: {}
COMMAND: POST /session/c1955427c912c9ca8e293616318541a3/element - {"using":"xpath","value":"//span[contains(text(), \"Cost Center\")]"}
COMMAND: GET /session/c1955427c912c9ca8e293616318541a3/screenshot - {}
RESULT: {"using":"xpath","value":"//span[contains(text(), \"Cost Center\")]"}
COMMAND: POST /session/c1955427c912c9ca8e293616318541a3/element/f.5DBEA6FA2B2306711F2E61D56D394A89.d.D921F9FF2CF87162800DE889AAD99B8E.e.6135/click - {}
RESULT: {}
RESULT: {}
COMMAND: GET /session/c1955427c912c9ca8e293616318541a3/screenshot - {}
RESULT: {}
COMMAND: POST /session/c1955427c912c9ca8e293616318541a3/element - {"using":"xpath","value":"//span[@id=\"application-manageyards-display-component---NewYard--addressNewCostObjectCstID-vhi\"]"}
RESULT: {"using":"xpath","value":"//span[@id=\"application-manageyards-display-component---NewYard--addressNewCostObjectCstID-vhi\"]"}
COMMAND: POST /session/c1955427c912c9ca8e293616318541a3/execute/sync - {"script":"<script> [8489 bytes]","args":[{"element-6066-11e4-a52e-4f735466cecf":"f.5DBEA6FA2B2306711F2E61D56D394A89.d.D921F9FF2CF87162800DE889AAD99B8E.e.6139","ELEMENT":"f.5DBEA6FA2B2306711F2E61D56D394A89.d.D921F9FF2CF87162800DE889AAD99B8E.e.6139"}]}
RESULT: {"script":"<script> [8489 bytes]","args":[{"element-6066-11e4-a52e-4f735466cecf":"f.5DBEA6FA2B2306711F2E61D56D394A89.d.D921F9FF2CF87162800DE889AAD99B8E.e.6139","ELEMENT":"f.5DBEA6FA2B2306711F2E61D56D394A89.d.D921F9FF2CF87162800DE889AAD99B8E.e.6139"}]}
COMMAND: POST /session/c1955427c912c9ca8e293616318541a3/execute/async - {"script":"<script> [1562 bytes]","args":[{"selector":{"id":"application-manageyards-display-component---NewYard--addressNewCostObjectCstID-vhi"},"wdio_ui5_key":"applicationmanageyards-display-component---NewYard--addressNewCostObjectCstID-vhi"}]}
COMMAND: GET /session/c1955427c912c9ca8e293616318541a3/screenshot - {}
RESULT: {"script":"<script> [1562 bytes]","args":[{"selector":{"id":"application-manageyards-display-component---NewYard--addressNewCostObjectCstID-vhi"},"wdio_ui5_key":"applicationmanageyards-display-component---NewYard--addressNewCostObjectCstID-vhi"}]}
RESULT: undefined
COMMAND: POST /session/c1955427c912c9ca8e293616318541a3/element - {"using":"xpath","value":"//*[@id=\"application-manageyards-display-component---NewYard--addressNewCostObjectCstID-vhi\"]"}
RESULT: {}
RESULT: {"using":"xpath","value":"//*[@id=\"application-manageyards-display-component---NewYard--addressNewCostObjectCstID-vhi\"]"}
COMMAND: POST /session/c1955427c912c9ca8e293616318541a3/element/f.5DBEA6FA2B2306711F2E61D56D394A89.d.D921F9FF2CF87162800DE889AAD99B8E.e.6139/click - {}
RESULT: {}
COMMAND: GET /session/c1955427c912c9ca8e293616318541a3/screenshot - {}
RESULT: {}
COMMAND: POST /session/c1955427c912c9ca8e293616318541a3/execute/async - {"script":"<script> [1562 bytes]","args":[{"selector":{"controlType":"sap.m.SearchField","properties":{"placeholder":"Search"},"searchOpenDialogs":true,"interaction":{"idSuffix":"I"}},"wdio_ui5_key":"sapm.SearchField{\"placeholder\":\"Search\"}"}]}
RESULT: {"script":"<script> [1562 bytes]","args":[{"selector":{"controlType":"sap.m.SearchField","properties":{"placeholder":"Search"},"searchOpenDialogs":true,"interaction":{"idSuffix":"I"}},"wdio_ui5_key":"sapm.SearchField{\"placeholder\":\"Search\"}"}]}
RESULT: undefined
COMMAND: POST /session/c1955427c912c9ca8e293616318541a3/execute/async - {"script":"<script> [776 bytes]","args":[{"enterText":"bauh_b","selector":{"controlType":"sap.m.SearchField","properties":{"placeholder":"Search"},"searchOpenDialogs":true,"interaction":{"idSuffix":"I"}},"clearTextFirst":true,"interactionType":"ENTER_TEXT"}]}
RESULT: {"script":"<script> [776 bytes]","args":[{"enterText":"bauh_b","selector":{"controlType":"sap.m.SearchField","properties":{"placeholder":"Search"},"searchOpenDialogs":true,"interaction":{"idSuffix":"I"}},"clearTextFirst":true,"interactionType":"ENTER_TEXT"}]}
COMMAND: POST /session/c1955427c912c9ca8e293616318541a3/actions - {"actions":[{"id":"action15","type":"key","parameters":{},"actions":[{"type":"keyDown","value":""},{"type":"pause","duration":10},{"type":"keyUp","value":""}]}]}
RESULT: {"actions":[{"id":"action15","type":"key","parameters":{},"actions":[{"type":"keyDown","value":""},{"type":"pause","duration":10},{"type":"keyUp","value":""}]}]}
COMMAND: GET /session/c1955427c912c9ca8e293616318541a3/screenshot - {}
RESULT: {}
COMMAND: POST /session/c1955427c912c9ca8e293616318541a3/element - {"using":"xpath","value":"//span[contains(text(), \"Demo Yard\")]"}
RESULT: {"using":"xpath","value":"//span[contains(text(), \"Demo Yard\")]"}
COMMAND: POST /session/c1955427c912c9ca8e293616318541a3/element/f.5DBEA6FA2B2306711F2E61D56D394A89.d.D921F9FF2CF87162800DE889AAD99B8E.e.6180/click - {}
RESULT: {}
COMMAND: GET /session/c1955427c912c9ca8e293616318541a3/screenshot - {}
RESULT: {}
COMMAND: POST /session/c1955427c912c9ca8e293616318541a3/element - {"using":"xpath","value":"//bdi[contains(text(), \"OK\")]"}
RESULT: {"using":"xpath","value":"//bdi[contains(text(), \"OK\")]"}
COMMAND: POST /session/c1955427c912c9ca8e293616318541a3/element/f.5DBEA6FA2B2306711F2E61D56D394A89.d.D921F9FF2CF87162800DE889AAD99B8E.e.6181/click - {}
RESULT: {}
COMMAND: GET /session/c1955427c912c9ca8e293616318541a3/screenshot - {}
RESULT: {}
COMMAND: POST /session/c1955427c912c9ca8e293616318541a3/execute/async - {"script":"<script> [1562 bytes]","args":[{"selector":{"id":"application-manageyards-display-component---NewYard--addressEditDetailsCurrency-arrow"},"wdio_ui5_key":"applicationmanageyards-display-component---NewYard--addressEditDetailsCurrency-arrow"}]}
RESULT: {"script":"<script> [1562 bytes]","args":[{"selector":{"id":"application-manageyards-display-component---NewYard--addressEditDetailsCurrency-arrow"},"wdio_ui5_key":"applicationmanageyards-display-component---NewYard--addressEditDetailsCurrency-arrow"}]}
RESULT: undefined
COMMAND: POST /session/c1955427c912c9ca8e293616318541a3/element - {"using":"xpath","value":"//*[@id=\"application-manageyards-display-component---NewYard--addressEditDetailsCurrency-arrow\"]"}
RESULT: {"using":"xpath","value":"//*[@id=\"application-manageyards-display-component---NewYard--addressEditDetailsCurrency-arrow\"]"}
COMMAND: POST /session/c1955427c912c9ca8e293616318541a3/element/f.5DBEA6FA2B2306711F2E61D56D394A89.d.D921F9FF2CF87162800DE889AAD99B8E.e.6184/click - {}
RESULT: {}
COMMAND: POST /session/c1955427c912c9ca8e293616318541a3/element - {"using":"xpath","value":"//span[contains(text(), \"Euro\")]"}
COMMAND: GET /session/c1955427c912c9ca8e293616318541a3/screenshot - {}
RESULT: {"using":"xpath","value":"//span[contains(text(), \"Euro\")]"}
COMMAND: POST /session/c1955427c912c9ca8e293616318541a3/element/f.5DBEA6FA2B2306711F2E61D56D394A89.d.D921F9FF2CF87162800DE889AAD99B8E.e.6185/click - {}
RESULT: {}
RESULT: {}
COMMAND: POST /session/c1955427c912c9ca8e293616318541a3/execute/async - {"script":"<script> [1562 bytes]","args":[{"selector":{"controlType":"sap.m.Input","viewName":"etm.portal.ui.manageyards.view.New","viewId":"application-manageyards-display-component---NewYard","bindingPath":{"path":"","propertyPath":"/CONTROLLING_AREA","modelName":"NewYardModel"},"interaction":{"idSuffix":"inner"}},"wdio_ui5_key":"etmportal.ui.manageyards.view.Newsap.m.Input{\"path\":\"\",\"propertyPath\":\"/CONTROLLING_AREA\",\"modelName\":\"NewYardModel\"}"}]}
COMMAND: GET /session/c1955427c912c9ca8e293616318541a3/screenshot - {}
RESULT: {"script":"<script> [1562 bytes]","args":[{"selector":{"controlType":"sap.m.Input","viewName":"etm.portal.ui.manageyards.view.New","viewId":"application-manageyards-display-component---NewYard","bindingPath":{"path":"","propertyPath":"/CONTROLLING_AREA","modelName":"NewYardModel"},"interaction":{"idSuffix":"inner"}},"wdio_ui5_key":"etmportal.ui.manageyards.view.Newsap.m.Input{\"path\":\"\",\"propertyPath\":\"/CONTROLLING_AREA\",\"modelName\":\"NewYardModel\"}"}]}
RESULT: undefined
COMMAND: POST /session/c1955427c912c9ca8e293616318541a3/execute/async - {"script":"<script> [776 bytes]","args":[{"enterText":"Z001","selector":{"controlType":"sap.m.Input","viewName":"etm.portal.ui.manageyards.view.New","viewId":"application-manageyards-display-component---NewYard","bindingPath":{"path":"","propertyPath":"/CONTROLLING_AREA","modelName":"NewYardModel"},"interaction":{"idSuffix":"inner"}},"clearTextFirst":true,"interactionType":"ENTER_TEXT"}]}
RESULT: {}
RESULT: {"script":"<script> [776 bytes]","args":[{"enterText":"Z001","selector":{"controlType":"sap.m.Input","viewName":"etm.portal.ui.manageyards.view.New","viewId":"application-manageyards-display-component---NewYard","bindingPath":{"path":"","propertyPath":"/CONTROLLING_AREA","modelName":"NewYardModel"},"interaction":{"idSuffix":"inner"}},"clearTextFirst":true,"interactionType":"ENTER_TEXT"}]}
COMMAND: POST /session/c1955427c912c9ca8e293616318541a3/execute/async - {"script":"<script> [1562 bytes]","args":[{"selector":{"id":"application-manageyards-display-component---NewYard--companyCodeComboBox","interaction":{"idSuffix":"inner"}},"wdio_ui5_key":"applicationmanageyards-display-component---NewYard--companyCodeComboBox"}]}
RESULT: {"script":"<script> [1562 bytes]","args":[{"selector":{"id":"application-manageyards-display-component---NewYard--companyCodeComboBox","interaction":{"idSuffix":"inner"}},"wdio_ui5_key":"applicationmanageyards-display-component---NewYard--companyCodeComboBox"}]}
RESULT: undefined
COMMAND: POST /session/c1955427c912c9ca8e293616318541a3/execute/async - {"script":"<script> [776 bytes]","args":[{"enterText":"1000","selector":{"id":"application-manageyards-display-component---NewYard--companyCodeComboBox","interaction":{"idSuffix":"inner"}},"clearTextFirst":true,"interactionType":"ENTER_TEXT"}]}
RESULT: {"script":"<script> [776 bytes]","args":[{"enterText":"1000","selector":{"id":"application-manageyards-display-component---NewYard--companyCodeComboBox","interaction":{"idSuffix":"inner"}},"clearTextFirst":true,"interactionType":"ENTER_TEXT"}]}
COMMAND: POST /session/c1955427c912c9ca8e293616318541a3/execute/async - {"script":"<script> [1562 bytes]","args":[{"selector":{"controlType":"sap.m.Input","viewName":"etm.portal.ui.manageyards.view.New","viewId":"application-manageyards-display-component---NewYard","bindingPath":{"path":"","propertyPath":"/PLANT","modelName":"NewYardModel"},"interaction":{"idSuffix":"inner"}},"wdio_ui5_key":"etmportal.ui.manageyards.view.Newsap.m.Input{\"path\":\"\",\"propertyPath\":\"/PLANT\",\"modelName\":\"NewYardModel\"}"}]}
RESULT: {"script":"<script> [1562 bytes]","args":[{"selector":{"controlType":"sap.m.Input","viewName":"etm.portal.ui.manageyards.view.New","viewId":"application-manageyards-display-component---NewYard","bindingPath":{"path":"","propertyPath":"/PLANT","modelName":"NewYardModel"},"interaction":{"idSuffix":"inner"}},"wdio_ui5_key":"etmportal.ui.manageyards.view.Newsap.m.Input{\"path\":\"\",\"propertyPath\":\"/PLANT\",\"modelName\":\"NewYardModel\"}"}]}
RESULT: undefined
COMMAND: POST /session/c1955427c912c9ca8e293616318541a3/execute/async - {"script":"<script> [776 bytes]","args":[{"enterText":"1001","selector":{"controlType":"sap.m.Input","viewName":"etm.portal.ui.manageyards.view.New","viewId":"application-manageyards-display-component---NewYard","bindingPath":{"path":"","propertyPath":"/PLANT","modelName":"NewYardModel"},"interaction":{"idSuffix":"inner"}},"clearTextFirst":true,"interactionType":"ENTER_TEXT"}]}
RESULT: {"script":"<script> [776 bytes]","args":[{"enterText":"1001","selector":{"controlType":"sap.m.Input","viewName":"etm.portal.ui.manageyards.view.New","viewId":"application-manageyards-display-component---NewYard","bindingPath":{"path":"","propertyPath":"/PLANT","modelName":"NewYardModel"},"interaction":{"idSuffix":"inner"}},"clearTextFirst":true,"interactionType":"ENTER_TEXT"}]}
COMMAND: POST /session/c1955427c912c9ca8e293616318541a3/execute/async - {"script":"<script> [1562 bytes]","args":[{"selector":{"controlType":"sap.m.Input","viewName":"etm.portal.ui.manageyards.view.New","viewId":"application-manageyards-display-component---NewYard","bindingPath":{"path":"","propertyPath":"/SALES_AREA_VKORG","modelName":"NewYardModel"},"interaction":{"idSuffix":"inner"}},"wdio_ui5_key":"etmportal.ui.manageyards.view.Newsap.m.Input{\"path\":\"\",\"propertyPath\":\"/SALES_AREA_VKORG\",\"modelName\":\"NewYardModel\"}"}]}
RESULT: {"script":"<script> [1562 bytes]","args":[{"selector":{"controlType":"sap.m.Input","viewName":"etm.portal.ui.manageyards.view.New","viewId":"application-manageyards-display-component---NewYard","bindingPath":{"path":"","propertyPath":"/SALES_AREA_VKORG","modelName":"NewYardModel"},"interaction":{"idSuffix":"inner"}},"wdio_ui5_key":"etmportal.ui.manageyards.view.Newsap.m.Input{\"path\":\"\",\"propertyPath\":\"/SALES_AREA_VKORG\",\"modelName\":\"NewYardModel\"}"}]}
RESULT: undefined
COMMAND: POST /session/c1955427c912c9ca8e293616318541a3/execute/async - {"script":"<script> [776 bytes]","args":[{"enterText":"C002","selector":{"controlType":"sap.m.Input","viewName":"etm.portal.ui.manageyards.view.New","viewId":"application-manageyards-display-component---NewYard","bindingPath":{"path":"","propertyPath":"/SALES_AREA_VKORG","modelName":"NewYardModel"},"interaction":{"idSuffix":"inner"}},"clearTextFirst":true,"interactionType":"ENTER_TEXT"}]}
RESULT: {"script":"<script> [776 bytes]","args":[{"enterText":"C002","selector":{"controlType":"sap.m.Input","viewName":"etm.portal.ui.manageyards.view.New","viewId":"application-manageyards-display-component---NewYard","bindingPath":{"path":"","propertyPath":"/SALES_AREA_VKORG","modelName":"NewYardModel"},"interaction":{"idSuffix":"inner"}},"clearTextFirst":true,"interactionType":"ENTER_TEXT"}]}
COMMAND: POST /session/c1955427c912c9ca8e293616318541a3/execute/async - {"script":"<script> [1562 bytes]","args":[{"selector":{"controlType":"sap.m.Input","viewName":"etm.portal.ui.manageyards.view.New","viewId":"application-manageyards-display-component---NewYard","bindingPath":{"path":"","propertyPath":"/SALES_AREA_VTWEG","modelName":"NewYardModel"},"interaction":{"idSuffix":"inner"}},"wdio_ui5_key":"etmportal.ui.manageyards.view.Newsap.m.Input{\"path\":\"\",\"propertyPath\":\"/SALES_AREA_VTWEG\",\"modelName\":\"NewYardModel\"}"}]}
RESULT: {"script":"<script> [1562 bytes]","args":[{"selector":{"controlType":"sap.m.Input","viewName":"etm.portal.ui.manageyards.view.New","viewId":"application-manageyards-display-component---NewYard","bindingPath":{"path":"","propertyPath":"/SALES_AREA_VTWEG","modelName":"NewYardModel"},"interaction":{"idSuffix":"inner"}},"wdio_ui5_key":"etmportal.ui.manageyards.view.Newsap.m.Input{\"path\":\"\",\"propertyPath\":\"/SALES_AREA_VTWEG\",\"modelName\":\"NewYardModel\"}"}]}
RESULT: undefined
COMMAND: POST /session/c1955427c912c9ca8e293616318541a3/execute/async - {"script":"<script> [776 bytes]","args":[{"enterText":"C2","selector":{"controlType":"sap.m.Input","viewName":"etm.portal.ui.manageyards.view.New","viewId":"application-manageyards-display-component---NewYard","bindingPath":{"path":"","propertyPath":"/SALES_AREA_VTWEG","modelName":"NewYardModel"},"interaction":{"idSuffix":"inner"}},"clearTextFirst":true,"interactionType":"ENTER_TEXT"}]}
RESULT: {"script":"<script> [776 bytes]","args":[{"enterText":"C2","selector":{"controlType":"sap.m.Input","viewName":"etm.portal.ui.manageyards.view.New","viewId":"application-manageyards-display-component---NewYard","bindingPath":{"path":"","propertyPath":"/SALES_AREA_VTWEG","modelName":"NewYardModel"},"interaction":{"idSuffix":"inner"}},"clearTextFirst":true,"interactionType":"ENTER_TEXT"}]}
COMMAND: POST /session/c1955427c912c9ca8e293616318541a3/execute/async - {"script":"<script> [1562 bytes]","args":[{"selector":{"controlType":"sap.m.Input","viewName":"etm.portal.ui.manageyards.view.New","viewId":"application-manageyards-display-component---NewYard","bindingPath":{"path":"","propertyPath":"/SALES_AREA_SPART","modelName":"NewYardModel"},"interaction":{"idSuffix":"inner"}},"wdio_ui5_key":"etmportal.ui.manageyards.view.Newsap.m.Input{\"path\":\"\",\"propertyPath\":\"/SALES_AREA_SPART\",\"modelName\":\"NewYardModel\"}"}]}
RESULT: {"script":"<script> [1562 bytes]","args":[{"selector":{"controlType":"sap.m.Input","viewName":"etm.portal.ui.manageyards.view.New","viewId":"application-manageyards-display-component---NewYard","bindingPath":{"path":"","propertyPath":"/SALES_AREA_SPART","modelName":"NewYardModel"},"interaction":{"idSuffix":"inner"}},"wdio_ui5_key":"etmportal.ui.manageyards.view.Newsap.m.Input{\"path\":\"\",\"propertyPath\":\"/SALES_AREA_SPART\",\"modelName\":\"NewYardModel\"}"}]}
RESULT: undefined
COMMAND: POST /session/c1955427c912c9ca8e293616318541a3/execute/async - {"script":"<script> [776 bytes]","args":[{"enterText":"C2","selector":{"controlType":"sap.m.Input","viewName":"etm.portal.ui.manageyards.view.New","viewId":"application-manageyards-display-component---NewYard","bindingPath":{"path":"","propertyPath":"/SALES_AREA_SPART","modelName":"NewYardModel"},"interaction":{"idSuffix":"inner"}},"clearTextFirst":true,"interactionType":"ENTER_TEXT"}]}
RESULT: {"script":"<script> [776 bytes]","args":[{"enterText":"C2","selector":{"controlType":"sap.m.Input","viewName":"etm.portal.ui.manageyards.view.New","viewId":"application-manageyards-display-component---NewYard","bindingPath":{"path":"","propertyPath":"/SALES_AREA_SPART","modelName":"NewYardModel"},"interaction":{"idSuffix":"inner"}},"clearTextFirst":true,"interactionType":"ENTER_TEXT"}]}
COMMAND: POST /session/c1955427c912c9ca8e293616318541a3/execute/async - {"script":"<script> [1562 bytes]","args":[{"selector":{"controlType":"sap.m.Input","viewName":"etm.portal.ui.manageyards.view.New","viewId":"application-manageyards-display-component---NewYard","bindingPath":{"path":"","propertyPath":"/SHIP_POINT","modelName":"NewYardModel"},"interaction":{"idSuffix":"inner"}},"wdio_ui5_key":"etmportal.ui.manageyards.view.Newsap.m.Input{\"path\":\"\",\"propertyPath\":\"/SHIP_POINT\",\"modelName\":\"NewYardModel\"}"}]}
RESULT: {"script":"<script> [1562 bytes]","args":[{"selector":{"controlType":"sap.m.Input","viewName":"etm.portal.ui.manageyards.view.New","viewId":"application-manageyards-display-component---NewYard","bindingPath":{"path":"","propertyPath":"/SHIP_POINT","modelName":"NewYardModel"},"interaction":{"idSuffix":"inner"}},"wdio_ui5_key":"etmportal.ui.manageyards.view.Newsap.m.Input{\"path\":\"\",\"propertyPath\":\"/SHIP_POINT\",\"modelName\":\"NewYardModel\"}"}]}
RESULT: undefined
COMMAND: POST /session/c1955427c912c9ca8e293616318541a3/execute/async - {"script":"<script> [776 bytes]","args":[{"enterText":"1710","selector":{"controlType":"sap.m.Input","viewName":"etm.portal.ui.manageyards.view.New","viewId":"application-manageyards-display-component---NewYard","bindingPath":{"path":"","propertyPath":"/SHIP_POINT","modelName":"NewYardModel"},"interaction":{"idSuffix":"inner"}},"clearTextFirst":true,"interactionType":"ENTER_TEXT"}]}
RESULT: {"script":"<script> [776 bytes]","args":[{"enterText":"1710","selector":{"controlType":"sap.m.Input","viewName":"etm.portal.ui.manageyards.view.New","viewId":"application-manageyards-display-component---NewYard","bindingPath":{"path":"","propertyPath":"/SHIP_POINT","modelName":"NewYardModel"},"interaction":{"idSuffix":"inner"}},"clearTextFirst":true,"interactionType":"ENTER_TEXT"}]}
COMMAND: POST /session/c1955427c912c9ca8e293616318541a3/execute/async - {"script":"<script> [1562 bytes]","args":[{"selector":{"controlType":"sap.m.Input","viewName":"etm.portal.ui.manageyards.view.New","viewId":"application-manageyards-display-component---NewYard","bindingPath":{"path":"","propertyPath":"/DELIVERY_TYPE","modelName":"NewYardModel"},"interaction":{"idSuffix":"inner"}},"wdio_ui5_key":"etmportal.ui.manageyards.view.Newsap.m.Input{\"path\":\"\",\"propertyPath\":\"/DELIVERY_TYPE\",\"modelName\":\"NewYardModel\"}"}]}
RESULT: {"script":"<script> [1562 bytes]","args":[{"selector":{"controlType":"sap.m.Input","viewName":"etm.portal.ui.manageyards.view.New","viewId":"application-manageyards-display-component---NewYard","bindingPath":{"path":"","propertyPath":"/DELIVERY_TYPE","modelName":"NewYardModel"},"interaction":{"idSuffix":"inner"}},"wdio_ui5_key":"etmportal.ui.manageyards.view.Newsap.m.Input{\"path\":\"\",\"propertyPath\":\"/DELIVERY_TYPE\",\"modelName\":\"NewYardModel\"}"}]}
RESULT: undefined
COMMAND: POST /session/c1955427c912c9ca8e293616318541a3/execute/async - {"script":"<script> [776 bytes]","args":[{"enterText":"ZL01","selector":{"controlType":"sap.m.Input","viewName":"etm.portal.ui.manageyards.view.New","viewId":"application-manageyards-display-component---NewYard","bindingPath":{"path":"","propertyPath":"/DELIVERY_TYPE","modelName":"NewYardModel"},"interaction":{"idSuffix":"inner"}},"clearTextFirst":true,"interactionType":"ENTER_TEXT"}]}
RESULT: {"script":"<script> [776 bytes]","args":[{"enterText":"ZL01","selector":{"controlType":"sap.m.Input","viewName":"etm.portal.ui.manageyards.view.New","viewId":"application-manageyards-display-component---NewYard","bindingPath":{"path":"","propertyPath":"/DELIVERY_TYPE","modelName":"NewYardModel"},"interaction":{"idSuffix":"inner"}},"clearTextFirst":true,"interactionType":"ENTER_TEXT"}]}
COMMAND: POST /session/c1955427c912c9ca8e293616318541a3/execute/async - {"script":"<script> [1562 bytes]","args":[{"selector":{"controlType":"sap.m.Input","viewName":"etm.portal.ui.manageyards.view.New","viewId":"application-manageyards-display-component---NewYard","bindingPath":{"path":"","propertyPath":"/AUART","modelName":"NewYardModel"},"interaction":{"idSuffix":"inner"}},"wdio_ui5_key":"etmportal.ui.manageyards.view.Newsap.m.Input{\"path\":\"\",\"propertyPath\":\"/AUART\",\"modelName\":\"NewYardModel\"}"}]}
RESULT: {"script":"<script> [1562 bytes]","args":[{"selector":{"controlType":"sap.m.Input","viewName":"etm.portal.ui.manageyards.view.New","viewId":"application-manageyards-display-component---NewYard","bindingPath":{"path":"","propertyPath":"/AUART","modelName":"NewYardModel"},"interaction":{"idSuffix":"inner"}},"wdio_ui5_key":"etmportal.ui.manageyards.view.Newsap.m.Input{\"path\":\"\",\"propertyPath\":\"/AUART\",\"modelName\":\"NewYardModel\"}"}]}
RESULT: undefined
COMMAND: POST /session/c1955427c912c9ca8e293616318541a3/execute/async - {"script":"<script> [776 bytes]","args":[{"enterText":"TA","selector":{"controlType":"sap.m.Input","viewName":"etm.portal.ui.manageyards.view.New","viewId":"application-manageyards-display-component---NewYard","bindingPath":{"path":"","propertyPath":"/AUART","modelName":"NewYardModel"},"interaction":{"idSuffix":"inner"}},"clearTextFirst":true,"interactionType":"ENTER_TEXT"}]}
RESULT: {"script":"<script> [776 bytes]","args":[{"enterText":"TA","selector":{"controlType":"sap.m.Input","viewName":"etm.portal.ui.manageyards.view.New","viewId":"application-manageyards-display-component---NewYard","bindingPath":{"path":"","propertyPath":"/AUART","modelName":"NewYardModel"},"interaction":{"idSuffix":"inner"}},"clearTextFirst":true,"interactionType":"ENTER_TEXT"}]}
COMMAND: POST /session/c1955427c912c9ca8e293616318541a3/element - {"using":"xpath","value":"//button[@data-kt=\"newYardSaveButton\"]"}
RESULT: {"using":"xpath","value":"//button[@data-kt=\"newYardSaveButton\"]"}
COMMAND: POST /session/c1955427c912c9ca8e293616318541a3/element/f.5DBEA6FA2B2306711F2E61D56D394A89.d.D921F9FF2CF87162800DE889AAD99B8E.e.6110/click - {}
RESULT: {}
COMMAND: GET /session/c1955427c912c9ca8e293616318541a3/screenshot - {}
RESULT: {}
COMMAND: POST /session/c1955427c912c9ca8e293616318541a3/element - {"using":"xpath","value":"//header[contains(@id, 'ObjectPageLayout-headerTitle')]/div[1]/div[2]/div[1]/span[1]"}
RESULT: {"using":"xpath","value":"//header[contains(@id, 'ObjectPageLayout-headerTitle')]/div[1]/div[2]/div[1]/span[1]"}
COMMAND: POST /session/c1955427c912c9ca8e293616318541a3/elements - {"using":"xpath","value":"//header[contains(@id, 'ObjectPageLayout-headerTitle')]/div[1]/div[2]/div[1]/span[1]"}
RESULT: {"using":"xpath","value":"//header[contains(@id, 'ObjectPageLayout-headerTitle')]/div[1]/div[2]/div[1]/span[1]"}
COMMAND: POST /session/c1955427c912c9ca8e293616318541a3/execute/sync - {"script":"<script> [56 bytes]","args":[{"element-6066-11e4-a52e-4f735466cecf":"f.5DBEA6FA2B2306711F2E61D56D394A89.d.D921F9FF2CF87162800DE889AAD99B8E.e.6409","ELEMENT":"f.5DBEA6FA2B2306711F2E61D56D394A89.d.D921F9FF2CF87162800DE889AAD99B8E.e.6409"}]}
RESULT: {"script":"<script> [56 bytes]","args":[{"element-6066-11e4-a52e-4f735466cecf":"f.5DBEA6FA2B2306711F2E61D56D394A89.d.D921F9FF2CF87162800DE889AAD99B8E.e.6409","ELEMENT":"f.5DBEA6FA2B2306711F2E61D56D394A89.d.D921F9FF2CF87162800DE889AAD99B8E.e.6409"}]}
COMMAND: GET /session/c1955427c912c9ca8e293616318541a3/screenshot - {}
RESULT: {}
COMMAND: POST /session/c1955427c912c9ca8e293616318541a3/element - {"using":"css selector","value":"#shell-header-logo"}
RESULT: {"using":"css selector","value":"#shell-header-logo"}
COMMAND: POST /session/c1955427c912c9ca8e293616318541a3/element/f.5DBEA6FA2B2306711F2E61D56D394A89.d.D921F9FF2CF87162800DE889AAD99B8E.e.5541/click - {}
RESULT: {}
COMMAND: GET /session/c1955427c912c9ca8e293616318541a3/screenshot - {}
RESULT: {}
COMMAND: POST /session/c1955427c912c9ca8e293616318541a3/execute/sync - {"script":"<script> [299 bytes]","args":[["getModel","getResource"]]}
RESULT: {"script":"<script> [299 bytes]","args":[["getModel","getResource"]]}
COMMAND: POST /session/c1955427c912c9ca8e293616318541a3/window/fullscreen - {}
COMMAND: GET /session/c1955427c912c9ca8e293616318541a3/screenshot - {}
RESULT: {}
COMMAND: POST /session/c1955427c912c9ca8e293616318541a3/execute/async - {"script":"<script> [1562 bytes]","args":[{"selector":{"controlType":"sap.m.GenericTile","properties":{"header":"Manage Partners"}},"wdio_ui5_key":"sapm.GenericTile{\"header\":\"Manage Partners\"}"}]}
RESULT: {}
RESULT: {"script":"<script> [1562 bytes]","args":[{"selector":{"controlType":"sap.m.GenericTile","properties":{"header":"Manage Partners"}},"wdio_ui5_key":"sapm.GenericTile{\"header\":\"Manage Partners\"}"}]}
RESULT: undefined
COMMAND: POST /session/c1955427c912c9ca8e293616318541a3/element - {"using":"xpath","value":"//*[@id=\"__tile31\"]"}
RESULT: {"using":"xpath","value":"//*[@id=\"__tile31\"]"}
COMMAND: POST /session/c1955427c912c9ca8e293616318541a3/element/f.5DBEA6FA2B2306711F2E61D56D394A89.d.D921F9FF2CF87162800DE889AAD99B8E.e.5558/click - {}
RESULT: {}
COMMAND: GET /session/c1955427c912c9ca8e293616318541a3/screenshot - {}
RESULT: {}
COMMAND: POST /session/c1955427c912c9ca8e293616318541a3/elements - {"using":"xpath","value":"//span[text()='Error']"}
RESULT: {"using":"xpath","value":"//span[text()='Error']"}
COMMAND: POST /session/c1955427c912c9ca8e293616318541a3/element - {"using":"xpath","value":"//button[@data-kt=\"addButton\"]"}
RESULT: {"using":"xpath","value":"//button[@data-kt=\"addButton\"]"}
COMMAND: POST /session/c1955427c912c9ca8e293616318541a3/elements - {"using":"xpath","value":"//button[@data-kt=\"addButton\"]"}
RESULT: {"using":"xpath","value":"//button[@data-kt=\"addButton\"]"}
COMMAND: POST /session/c1955427c912c9ca8e293616318541a3/execute/sync - {"script":"<script> [8489 bytes]","args":[{"element-6066-11e4-a52e-4f735466cecf":"f.5DBEA6FA2B2306711F2E61D56D394A89.d.D921F9FF2CF87162800DE889AAD99B8E.e.6458","ELEMENT":"f.5DBEA6FA2B2306711F2E61D56D394A89.d.D921F9FF2CF87162800DE889AAD99B8E.e.6458"}]}
RESULT: {"script":"<script> [8489 bytes]","args":[{"element-6066-11e4-a52e-4f735466cecf":"f.5DBEA6FA2B2306711F2E61D56D394A89.d.D921F9FF2CF87162800DE889AAD99B8E.e.6458","ELEMENT":"f.5DBEA6FA2B2306711F2E61D56D394A89.d.D921F9FF2CF87162800DE889AAD99B8E.e.6458"}]}
COMMAND: GET /session/c1955427c912c9ca8e293616318541a3/element/f.5DBEA6FA2B2306711F2E61D56D394A89.d.D921F9FF2CF87162800DE889AAD99B8E.e.6458/enabled - {}
COMMAND: GET /session/c1955427c912c9ca8e293616318541a3/screenshot - {}
RESULT: {}
COMMAND: POST /session/c1955427c912c9ca8e293616318541a3/execute/sync - {"script":"<script> [8489 bytes]","args":[{"element-6066-11e4-a52e-4f735466cecf":"f.5DBEA6FA2B2306711F2E61D56D394A89.d.D921F9FF2CF87162800DE889AAD99B8E.e.6458","ELEMENT":"f.5DBEA6FA2B2306711F2E61D56D394A89.d.D921F9FF2CF87162800DE889AAD99B8E.e.6458"}]}
COMMAND: GET /session/c1955427c912c9ca8e293616318541a3/screenshot - {}
RESULT: {}
RESULT: {"script":"<script> [8489 bytes]","args":[{"element-6066-11e4-a52e-4f735466cecf":"f.5DBEA6FA2B2306711F2E61D56D394A89.d.D921F9FF2CF87162800DE889AAD99B8E.e.6458","ELEMENT":"f.5DBEA6FA2B2306711F2E61D56D394A89.d.D921F9FF2CF87162800DE889AAD99B8E.e.6458"}]}
COMMAND: POST /session/c1955427c912c9ca8e293616318541a3/execute/sync - {"script":"<script> [5351 bytes]","args":[{"element-6066-11e4-a52e-4f735466cecf":"f.5DBEA6FA2B2306711F2E61D56D394A89.d.D921F9FF2CF87162800DE889AAD99B8E.e.6458","ELEMENT":"f.5DBEA6FA2B2306711F2E61D56D394A89.d.D921F9FF2CF87162800DE889AAD99B8E.e.6458"}]}
COMMAND: GET /session/c1955427c912c9ca8e293616318541a3/screenshot - {}
RESULT: {}
RESULT: {"script":"<script> [5351 bytes]","args":[{"element-6066-11e4-a52e-4f735466cecf":"f.5DBEA6FA2B2306711F2E61D56D394A89.d.D921F9FF2CF87162800DE889AAD99B8E.e.6458","ELEMENT":"f.5DBEA6FA2B2306711F2E61D56D394A89.d.D921F9FF2CF87162800DE889AAD99B8E.e.6458"}]}
COMMAND: POST /session/c1955427c912c9ca8e293616318541a3/element/f.5DBEA6FA2B2306711F2E61D56D394A89.d.D921F9FF2CF87162800DE889AAD99B8E.e.6458/click - {}
COMMAND: GET /session/c1955427c912c9ca8e293616318541a3/screenshot - {}
RESULT: {}
RESULT: {}
COMMAND: GET /session/c1955427c912c9ca8e293616318541a3/screenshot - {}
COMMAND: POST /session/c1955427c912c9ca8e293616318541a3/execute/async - {"script":"<script> [1562 bytes]","args":[{"selector":{"id":"application-managepartners-display-component---NewPartner--addressDetailDetailsName1","interaction":{"idSuffix":"inner"}},"wdio_ui5_key":"applicationmanagepartners-display-component---NewPartner--addressDetailDetailsName1"}]}
RESULT: {}
RESULT: {}
RESULT: {"script":"<script> [1562 bytes]","args":[{"selector":{"id":"application-managepartners-display-component---NewPartner--addressDetailDetailsName1","interaction":{"idSuffix":"inner"}},"wdio_ui5_key":"applicationmanagepartners-display-component---NewPartner--addressDetailDetailsName1"}]}
RESULT: undefined
COMMAND: POST /session/c1955427c912c9ca8e293616318541a3/execute/async - {"script":"<script> [776 bytes]","args":[{"enterText":"Intercompany Partner WDIO","selector":{"id":"application-managepartners-display-component---NewPartner--addressDetailDetailsName1","interaction":{"idSuffix":"inner"}},"clearTextFirst":true,"interactionType":"ENTER_TEXT"}]}
RESULT: {"script":"<script> [776 bytes]","args":[{"enterText":"Intercompany Partner WDIO","selector":{"id":"application-managepartners-display-component---NewPartner--addressDetailDetailsName1","interaction":{"idSuffix":"inner"}},"clearTextFirst":true,"interactionType":"ENTER_TEXT"}]}
COMMAND: POST /session/c1955427c912c9ca8e293616318541a3/execute/async - {"script":"<script> [1562 bytes]","args":[{"selector":{"id":"application-managepartners-display-component---NewPartner--addressDetailDetailsLanguage-arrow"},"wdio_ui5_key":"applicationmanagepartners-display-component---NewPartner--addressDetailDetailsLanguage-arrow"}]}
RESULT: {"script":"<script> [1562 bytes]","args":[{"selector":{"id":"application-managepartners-display-component---NewPartner--addressDetailDetailsLanguage-arrow"},"wdio_ui5_key":"applicationmanagepartners-display-component---NewPartner--addressDetailDetailsLanguage-arrow"}]}
RESULT: undefined
COMMAND: POST /session/c1955427c912c9ca8e293616318541a3/element - {"using":"xpath","value":"//*[@id=\"application-managepartners-display-component---NewPartner--addressDetailDetailsLanguage-arrow\"]"}
RESULT: {"using":"xpath","value":"//*[@id=\"application-managepartners-display-component---NewPartner--addressDetailDetailsLanguage-arrow\"]"}
COMMAND: POST /session/c1955427c912c9ca8e293616318541a3/element/f.5DBEA6FA2B2306711F2E61D56D394A89.d.D921F9FF2CF87162800DE889AAD99B8E.e.6900/click - {}
RESULT: {}
COMMAND: POST /session/c1955427c912c9ca8e293616318541a3/element - {"using":"xpath","value":"//span[contains(text(), \"English\")]"}
COMMAND: GET /session/c1955427c912c9ca8e293616318541a3/screenshot - {}
RESULT: {"using":"xpath","value":"//span[contains(text(), \"English\")]"}
COMMAND: POST /session/c1955427c912c9ca8e293616318541a3/element/f.5DBEA6FA2B2306711F2E61D56D394A89.d.D921F9FF2CF87162800DE889AAD99B8E.e.6901/click - {}
RESULT: {}
RESULT: {}
COMMAND: GET /session/c1955427c912c9ca8e293616318541a3/screenshot - {}
RESULT: {}
COMMAND: POST /session/c1955427c912c9ca8e293616318541a3/execute/async - {"script":"<script> [1562 bytes]","args":[{"selector":{"id":"application-managepartners-display-component---NewPartner--addressDetailDetailsCity1","interaction":{"idSuffix":"inner"}},"wdio_ui5_key":"applicationmanagepartners-display-component---NewPartner--addressDetailDetailsCity1"}]}
RESULT: {"script":"<script> [1562 bytes]","args":[{"selector":{"id":"application-managepartners-display-component---NewPartner--addressDetailDetailsCity1","interaction":{"idSuffix":"inner"}},"wdio_ui5_key":"applicationmanagepartners-display-component---NewPartner--addressDetailDetailsCity1"}]}
RESULT: undefined
COMMAND: POST /session/c1955427c912c9ca8e293616318541a3/execute/async - {"script":"<script> [776 bytes]","args":[{"enterText":"Rosario","selector":{"id":"application-managepartners-display-component---NewPartner--addressDetailDetailsCity1","interaction":{"idSuffix":"inner"}},"clearTextFirst":true,"interactionType":"ENTER_TEXT"}]}
RESULT: {"script":"<script> [776 bytes]","args":[{"enterText":"Rosario","selector":{"id":"application-managepartners-display-component---NewPartner--addressDetailDetailsCity1","interaction":{"idSuffix":"inner"}},"clearTextFirst":true,"interactionType":"ENTER_TEXT"}]}
COMMAND: POST /session/c1955427c912c9ca8e293616318541a3/execute/async - {"script":"<script> [1562 bytes]","args":[{"selector":{"id":"application-managepartners-display-component---NewPartner--addressDetailDetailsCountry-arrow"},"wdio_ui5_key":"applicationmanagepartners-display-component---NewPartner--addressDetailDetailsCountry-arrow"}]}
RESULT: {"script":"<script> [1562 bytes]","args":[{"selector":{"id":"application-managepartners-display-component---NewPartner--addressDetailDetailsCountry-arrow"},"wdio_ui5_key":"applicationmanagepartners-display-component---NewPartner--addressDetailDetailsCountry-arrow"}]}
RESULT: undefined
COMMAND: POST /session/c1955427c912c9ca8e293616318541a3/element - {"using":"xpath","value":"//*[@id=\"application-managepartners-display-component---NewPartner--addressDetailDetailsCountry-arrow\"]"}
RESULT: {"using":"xpath","value":"//*[@id=\"application-managepartners-display-component---NewPartner--addressDetailDetailsCountry-arrow\"]"}
COMMAND: POST /session/c1955427c912c9ca8e293616318541a3/element/f.5DBEA6FA2B2306711F2E61D56D394A89.d.D921F9FF2CF87162800DE889AAD99B8E.e.6868/click - {}
RESULT: {}
COMMAND: POST /session/c1955427c912c9ca8e293616318541a3/element - {"using":"xpath","value":"//span[contains(text(), \"Argentina\")]"}
COMMAND: GET /session/c1955427c912c9ca8e293616318541a3/screenshot - {}
RESULT: {"using":"xpath","value":"//span[contains(text(), \"Argentina\")]"}
COMMAND: POST /session/c1955427c912c9ca8e293616318541a3/element/f.5DBEA6FA2B2306711F2E61D56D394A89.d.D921F9FF2CF87162800DE889AAD99B8E.e.6903/click - {}
RESULT: {}
RESULT: {}
COMMAND: GET /session/c1955427c912c9ca8e293616318541a3/screenshot - {}
RESULT: {}
COMMAND: POST /session/c1955427c912c9ca8e293616318541a3/element - {"using":"xpath","value":"//bdi[contains(text(), \"Commercial\")]"}
RESULT: {"using":"xpath","value":"//bdi[contains(text(), \"Commercial\")]"}
COMMAND: POST /session/c1955427c912c9ca8e293616318541a3/element/f.5DBEA6FA2B2306711F2E61D56D394A89.d.D921F9FF2CF87162800DE889AAD99B8E.e.6904/click - {}
RESULT: {}
COMMAND: GET /session/c1955427c912c9ca8e293616318541a3/screenshot - {}
RESULT: {}
COMMAND: POST /session/c1955427c912c9ca8e293616318541a3/execute/async - {"script":"<script> [1562 bytes]","args":[{"selector":{"id":"application-managepartners-display-component---NewPartner--partnerDetailInternal-arrow"},"wdio_ui5_key":"applicationmanagepartners-display-component---NewPartner--partnerDetailInternal-arrow"}]}
RESULT: {"script":"<script> [1562 bytes]","args":[{"selector":{"id":"application-managepartners-display-component---NewPartner--partnerDetailInternal-arrow"},"wdio_ui5_key":"applicationmanagepartners-display-component---NewPartner--partnerDetailInternal-arrow"}]}
RESULT: undefined
COMMAND: POST /session/c1955427c912c9ca8e293616318541a3/element - {"using":"xpath","value":"//*[@id=\"application-managepartners-display-component---NewPartner--partnerDetailInternal-arrow\"]"}
RESULT: {"using":"xpath","value":"//*[@id=\"application-managepartners-display-component---NewPartner--partnerDetailInternal-arrow\"]"}
COMMAND: POST /session/c1955427c912c9ca8e293616318541a3/element/f.5DBEA6FA2B2306711F2E61D56D394A89.d.D921F9FF2CF87162800DE889AAD99B8E.e.6910/click - {}
RESULT: {}
COMMAND: POST /session/c1955427c912c9ca8e293616318541a3/element - {"using":"xpath","value":"//span[contains(text(), \"Affiliated company\")]"}
COMMAND: GET /session/c1955427c912c9ca8e293616318541a3/screenshot - {}
RESULT: {"using":"xpath","value":"//span[contains(text(), \"Affiliated company\")]"}
COMMAND: POST /session/c1955427c912c9ca8e293616318541a3/element/f.5DBEA6FA2B2306711F2E61D56D394A89.d.D921F9FF2CF87162800DE889AAD99B8E.e.6911/click - {}
RESULT: {}
RESULT: {}
COMMAND: POST /session/c1955427c912c9ca8e293616318541a3/execute/async - {"script":"<script> [1562 bytes]","args":[{"selector":{"id":"application-managepartners-display-component---NewPartner--partnerDetailsCurrency-arrow"},"wdio_ui5_key":"applicationmanagepartners-display-component---NewPartner--partnerDetailsCurrency-arrow"}]}
COMMAND: GET /session/c1955427c912c9ca8e293616318541a3/screenshot - {}
RESULT: {"script":"<script> [1562 bytes]","args":[{"selector":{"id":"application-managepartners-display-component---NewPartner--partnerDetailsCurrency-arrow"},"wdio_ui5_key":"applicationmanagepartners-display-component---NewPartner--partnerDetailsCurrency-arrow"}]}
RESULT: undefined
COMMAND: POST /session/c1955427c912c9ca8e293616318541a3/element - {"using":"xpath","value":"//*[@id=\"application-managepartners-display-component---NewPartner--partnerDetailsCurrency-arrow\"]"}
RESULT: {}
RESULT: {"using":"xpath","value":"//*[@id=\"application-managepartners-display-component---NewPartner--partnerDetailsCurrency-arrow\"]"}
COMMAND: POST /session/c1955427c912c9ca8e293616318541a3/element/f.5DBEA6FA2B2306711F2E61D56D394A89.d.D921F9FF2CF87162800DE889AAD99B8E.e.6918/click - {}
RESULT: {}
COMMAND: POST /session/c1955427c912c9ca8e293616318541a3/element - {"using":"xpath","value":"//span[contains(text(), \"Euro\")]"}
COMMAND: GET /session/c1955427c912c9ca8e293616318541a3/screenshot - {}
RESULT: {"using":"xpath","value":"//span[contains(text(), \"Euro\")]"}
COMMAND: POST /session/c1955427c912c9ca8e293616318541a3/element/f.5DBEA6FA2B2306711F2E61D56D394A89.d.D921F9FF2CF87162800DE889AAD99B8E.e.6919/click - {}
RESULT: {}
RESULT: {}
COMMAND: POST /session/c1955427c912c9ca8e293616318541a3/execute/async - {"script":"<script> [1562 bytes]","args":[{"selector":{"id":"application-managepartners-display-component---NewPartner--addressEditDetailsCostObjectCstType-arrow"},"wdio_ui5_key":"applicationmanagepartners-display-component---NewPartner--addressEditDetailsCostObjectCstType-arrow"}]}
COMMAND: GET /session/c1955427c912c9ca8e293616318541a3/screenshot - {}
RESULT: {"script":"<script> [1562 bytes]","args":[{"selector":{"id":"application-managepartners-display-component---NewPartner--addressEditDetailsCostObjectCstType-arrow"},"wdio_ui5_key":"applicationmanagepartners-display-component---NewPartner--addressEditDetailsCostObjectCstType-arrow"}]}
RESULT: undefined
COMMAND: POST /session/c1955427c912c9ca8e293616318541a3/element - {"using":"xpath","value":"//*[@id=\"application-managepartners-display-component---NewPartner--addressEditDetailsCostObjectCstType-arrow\"]"}
RESULT: {}
RESULT: {"using":"xpath","value":"//*[@id=\"application-managepartners-display-component---NewPartner--addressEditDetailsCostObjectCstType-arrow\"]"}
COMMAND: POST /session/c1955427c912c9ca8e293616318541a3/element/f.5DBEA6FA2B2306711F2E61D56D394A89.d.D921F9FF2CF87162800DE889AAD99B8E.e.6920/click - {}
RESULT: {}
COMMAND: POST /session/c1955427c912c9ca8e293616318541a3/element - {"using":"xpath","value":"//span[contains(text(), \"Cost Center\")]"}
COMMAND: GET /session/c1955427c912c9ca8e293616318541a3/screenshot - {}
RESULT: {"using":"xpath","value":"//span[contains(text(), \"Cost Center\")]"}
COMMAND: POST /session/c1955427c912c9ca8e293616318541a3/element/f.5DBEA6FA2B2306711F2E61D56D394A89.d.D921F9FF2CF87162800DE889AAD99B8E.e.6921/click - {}
RESULT: {}
RESULT: {}
COMMAND: GET /session/c1955427c912c9ca8e293616318541a3/screenshot - {}
RESULT: {}
COMMAND: POST /session/c1955427c912c9ca8e293616318541a3/element - {"using":"xpath","value":"//span[@id=\"application-managepartners-display-component---NewPartner--addressNewCostObjectCstID-vhi\"]"}
RESULT: {"using":"xpath","value":"//span[@id=\"application-managepartners-display-component---NewPartner--addressNewCostObjectCstID-vhi\"]"}
COMMAND: POST /session/c1955427c912c9ca8e293616318541a3/execute/sync - {"script":"<script> [8489 bytes]","args":[{"element-6066-11e4-a52e-4f735466cecf":"f.5DBEA6FA2B2306711F2E61D56D394A89.d.D921F9FF2CF87162800DE889AAD99B8E.e.6925","ELEMENT":"f.5DBEA6FA2B2306711F2E61D56D394A89.d.D921F9FF2CF87162800DE889AAD99B8E.e.6925"}]}
RESULT: {"script":"<script> [8489 bytes]","args":[{"element-6066-11e4-a52e-4f735466cecf":"f.5DBEA6FA2B2306711F2E61D56D394A89.d.D921F9FF2CF87162800DE889AAD99B8E.e.6925","ELEMENT":"f.5DBEA6FA2B2306711F2E61D56D394A89.d.D921F9FF2CF87162800DE889AAD99B8E.e.6925"}]}
COMMAND: POST /session/c1955427c912c9ca8e293616318541a3/execute/async - {"script":"<script> [1562 bytes]","args":[{"selector":{"id":"application-managepartners-display-component---NewPartner--addressNewCostObjectCstID-vhi"},"wdio_ui5_key":"applicationmanagepartners-display-component---NewPartner--addressNewCostObjectCstID-vhi"}]}
COMMAND: GET /session/c1955427c912c9ca8e293616318541a3/screenshot - {}
RESULT: {"script":"<script> [1562 bytes]","args":[{"selector":{"id":"application-managepartners-display-component---NewPartner--addressNewCostObjectCstID-vhi"},"wdio_ui5_key":"applicationmanagepartners-display-component---NewPartner--addressNewCostObjectCstID-vhi"}]}
RESULT: undefined
COMMAND: POST /session/c1955427c912c9ca8e293616318541a3/element - {"using":"xpath","value":"//*[@id=\"application-managepartners-display-component---NewPartner--addressNewCostObjectCstID-vhi\"]"}
RESULT: {}
RESULT: {"using":"xpath","value":"//*[@id=\"application-managepartners-display-component---NewPartner--addressNewCostObjectCstID-vhi\"]"}
COMMAND: POST /session/c1955427c912c9ca8e293616318541a3/element/f.5DBEA6FA2B2306711F2E61D56D394A89.d.D921F9FF2CF87162800DE889AAD99B8E.e.6925/click - {}
RESULT: {}
COMMAND: GET /session/c1955427c912c9ca8e293616318541a3/screenshot - {}
RESULT: {}
RESULT: undefined
COMMAND: POST /session/c1955427c912c9ca8e293616318541a3/execute/async - {"script":"<script> [776 bytes]","args":[{"enterText":"10001013","selector":{"controlType":"sap.m.SearchField","properties":{"placeholder":"Search"},"searchOpenDialogs":true,"interaction":{"idSuffix":"I"}},"clearTextFirst":true,"interactionType":"ENTER_TEXT"}]}
RESULT: {"script":"<script> [776 bytes]","args":[{"enterText":"10001013","selector":{"controlType":"sap.m.SearchField","properties":{"placeholder":"Search"},"searchOpenDialogs":true,"interaction":{"idSuffix":"I"}},"clearTextFirst":true,"interactionType":"ENTER_TEXT"}]}
COMMAND: POST /session/c1955427c912c9ca8e293616318541a3/actions - {"actions":[{"id":"action16","type":"key","parameters":{},"actions":[{"type":"keyDown","value":""},{"type":"pause","duration":10},{"type":"keyUp","value":""}]}]}
RESULT: {"actions":[{"id":"action16","type":"key","parameters":{},"actions":[{"type":"keyDown","value":""},{"type":"pause","duration":10},{"type":"keyUp","value":""}]}]}
COMMAND: GET /session/c1955427c912c9ca8e293616318541a3/screenshot - {}
RESULT: {}
COMMAND: POST /session/c1955427c912c9ca8e293616318541a3/element - {"using":"xpath","value":"//span[contains(text(), \"General Management\")]"}
RESULT: {"using":"xpath","value":"//span[contains(text(), \"General Management\")]"}
COMMAND: POST /session/c1955427c912c9ca8e293616318541a3/element/f.5DBEA6FA2B2306711F2E61D56D394A89.d.D921F9FF2CF87162800DE889AAD99B8E.e.6963/click - {}
RESULT: {}
COMMAND: GET /session/c1955427c912c9ca8e293616318541a3/screenshot - {}
RESULT: {}
COMMAND: POST /session/c1955427c912c9ca8e293616318541a3/element - {"using":"xpath","value":"//bdi[contains(text(), \"OK\")]"}
RESULT: {"using":"xpath","value":"//bdi[contains(text(), \"OK\")]"}
COMMAND: POST /session/c1955427c912c9ca8e293616318541a3/element/f.5DBEA6FA2B2306711F2E61D56D394A89.d.D921F9FF2CF87162800DE889AAD99B8E.e.6964/click - {}
RESULT: {}
COMMAND: GET /session/c1955427c912c9ca8e293616318541a3/screenshot - {}
RESULT: {}
COMMAND: POST /session/c1955427c912c9ca8e293616318541a3/element - {"using":"xpath","value":"//input[@id=\"application-managepartners-display-component---NewPartner--companyCodeComboBox-inner\"]"}
RESULT: {"using":"xpath","value":"//input[@id=\"application-managepartners-display-component---NewPartner--companyCodeComboBox-inner\"]"}
COMMAND: POST /session/c1955427c912c9ca8e293616318541a3/element/f.5DBEA6FA2B2306711F2E61D56D394A89.d.D921F9FF2CF87162800DE889AAD99B8E.e.6759/clear - {}
RESULT: {}
COMMAND: POST /session/c1955427c912c9ca8e293616318541a3/element/f.5DBEA6FA2B2306711F2E61D56D394A89.d.D921F9FF2CF87162800DE889AAD99B8E.e.6759/value - {"text":"C002"}
COMMAND: GET /session/c1955427c912c9ca8e293616318541a3/screenshot - {}
RESULT: {"text":"C002"}
COMMAND: GET /session/c1955427c912c9ca8e293616318541a3/screenshot - {}
RESULT: {}
RESULT: {}
COMMAND: POST /session/c1955427c912c9ca8e293616318541a3/element - {"using":"xpath","value":"//li[.//span[text()= \"C002\"]]"}
RESULT: {"using":"xpath","value":"//li[.//span[text()= \"C002\"]]"}
COMMAND: POST /session/c1955427c912c9ca8e293616318541a3/element/f.5DBEA6FA2B2306711F2E61D56D394A89.d.D921F9FF2CF87162800DE889AAD99B8E.e.6970/click - {}
RESULT: {}
COMMAND: GET /session/c1955427c912c9ca8e293616318541a3/screenshot - {}
RESULT: {}
COMMAND: POST /session/c1955427c912c9ca8e293616318541a3/execute/async - {"script":"<script> [1562 bytes]","args":[{"selector":{"id":"application-managepartners-display-component---NewPartner--btnAddTableRow-img"},"wdio_ui5_key":"applicationmanagepartners-display-component---NewPartner--btnAddTableRow-img"}]}
RESULT: {"script":"<script> [1562 bytes]","args":[{"selector":{"id":"application-managepartners-display-component---NewPartner--btnAddTableRow-img"},"wdio_ui5_key":"applicationmanagepartners-display-component---NewPartner--btnAddTableRow-img"}]}
RESULT: undefined
COMMAND: POST /session/c1955427c912c9ca8e293616318541a3/element - {"using":"xpath","value":"//*[@id=\"application-managepartners-display-component---NewPartner--btnAddTableRow-img\"]"}
RESULT: {"using":"xpath","value":"//*[@id=\"application-managepartners-display-component---NewPartner--btnAddTableRow-img\"]"}
COMMAND: POST /session/c1955427c912c9ca8e293616318541a3/element/f.5DBEA6FA2B2306711F2E61D56D394A89.d.D921F9FF2CF87162800DE889AAD99B8E.e.6971/click - {}
RESULT: {}
COMMAND: GET /session/c1955427c912c9ca8e293616318541a3/screenshot - {}
RESULT: {}
COMMAND: POST /session/c1955427c912c9ca8e293616318541a3/element - {"using":"xpath","value":"//input[@id=\"application-managepartners-display-component---NewPartner--assignmentYard-application-managepartners-display-component---NewPartner--assignmentsTable-0-inner\"]"}
RESULT: {"using":"xpath","value":"//input[@id=\"application-managepartners-display-component---NewPartner--assignmentYard-application-managepartners-display-component---NewPartner--assignmentsTable-0-inner\"]"}
COMMAND: POST /session/c1955427c912c9ca8e293616318541a3/element/f.5DBEA6FA2B2306711F2E61D56D394A89.d.D921F9FF2CF87162800DE889AAD99B8E.e.6974/clear - {}
RESULT: {}
COMMAND: POST /session/c1955427c912c9ca8e293616318541a3/element/f.5DBEA6FA2B2306711F2E61D56D394A89.d.D921F9FF2CF87162800DE889AAD99B8E.e.6974/value - {"text":"279"}
COMMAND: GET /session/c1955427c912c9ca8e293616318541a3/screenshot - {}
RESULT: {"text":"279"}
COMMAND: GET /session/c1955427c912c9ca8e293616318541a3/screenshot - {}
RESULT: {}
RESULT: {}
COMMAND: POST /session/c1955427c912c9ca8e293616318541a3/element - {"using":"xpath","value":"//ul[contains(@id,\"NewPartner--assignmentsTable-0-popup-list-listUl\")]//li[.//span[text()='279']]"}
RESULT: {"using":"xpath","value":"//ul[contains(@id,\"NewPartner--assignmentsTable-0-popup-list-listUl\")]//li[.//span[text()='279']]"}
COMMAND: POST /session/c1955427c912c9ca8e293616318541a3/element/f.5DBEA6FA2B2306711F2E61D56D394A89.d.D921F9FF2CF87162800DE889AAD99B8E.e.6983/click - {}
RESULT: {}
COMMAND: GET /session/c1955427c912c9ca8e293616318541a3/screenshot - {}
RESULT: {}
COMMAND: POST /session/c1955427c912c9ca8e293616318541a3/actions - {"actions":[{"id":"action17","type":"key","parameters":{},"actions":[{"type":"keyDown","value":""},{"type":"pause","duration":10},{"type":"keyUp","value":""}]}]}
RESULT: {"actions":[{"id":"action17","type":"key","parameters":{},"actions":[{"type":"keyDown","value":""},{"type":"pause","duration":10},{"type":"keyUp","value":""}]}]}
COMMAND: POST /session/c1955427c912c9ca8e293616318541a3/execute/async - {"script":"<script> [1562 bytes]","args":[{"selector":{"id":"application-managepartners-display-component---NewPartner--externalCustomerComboBox-application-managepartners-display-component---NewPartner--assignmentsTable-0-vhi"},"wdio_ui5_key":"applicationmanagepartners-display-component---NewPartner--externalCustomerComboBox-application-managepartners-display-component---NewPartner--assignmentsTable-0-vhi"}]}
COMMAND: GET /session/c1955427c912c9ca8e293616318541a3/screenshot - {}
RESULT: {"script":"<script> [1562 bytes]","args":[{"selector":{"id":"application-managepartners-display-component---NewPartner--externalCustomerComboBox-application-managepartners-display-component---NewPartner--assignmentsTable-0-vhi"},"wdio_ui5_key":"applicationmanagepartners-display-component---NewPartner--externalCustomerComboBox-application-managepartners-display-component---NewPartner--assignmentsTable-0-vhi"}]}
RESULT: undefined
COMMAND: POST /session/c1955427c912c9ca8e293616318541a3/element - {"using":"xpath","value":"//*[@id=\"application-managepartners-display-component---NewPartner--externalCustomerComboBox-application-managepartners-display-component---NewPartner--assignmentsTable-0-vhi\"]"}
RESULT: {}
RESULT: {"using":"xpath","value":"//*[@id=\"application-managepartners-display-component---NewPartner--externalCustomerComboBox-application-managepartners-display-component---NewPartner--assignmentsTable-0-vhi\"]"}
COMMAND: POST /session/c1955427c912c9ca8e293616318541a3/element/f.5DBEA6FA2B2306711F2E61D56D394A89.d.D921F9FF2CF87162800DE889AAD99B8E.e.6987/click - {}
RESULT: {}
RESULT: undefined
COMMAND: POST /session/c1955427c912c9ca8e293616318541a3/execute/async - {"script":"<script> [776 bytes]","args":[{"enterText":"300003","selector":{"controlType":"sap.m.SearchField","properties":{"placeholder":"Search"},"searchOpenDialogs":true,"interaction":{"idSuffix":"I"}},"clearTextFirst":true,"interactionType":"ENTER_TEXT"}]}
COMMAND: GET /session/c1955427c912c9ca8e293616318541a3/screenshot - {}
RESULT: {"script":"<script> [776 bytes]","args":[{"enterText":"300003","selector":{"controlType":"sap.m.SearchField","properties":{"placeholder":"Search"},"searchOpenDialogs":true,"interaction":{"idSuffix":"I"}},"clearTextFirst":true,"interactionType":"ENTER_TEXT"}]}
COMMAND: POST /session/c1955427c912c9ca8e293616318541a3/actions - {"actions":[{"id":"action18","type":"key","parameters":{},"actions":[{"type":"keyDown","value":""},{"type":"pause","duration":10},{"type":"keyUp","value":""}]}]}
RESULT: {}
RESULT: {"actions":[{"id":"action18","type":"key","parameters":{},"actions":[{"type":"keyDown","value":""},{"type":"pause","duration":10},{"type":"keyUp","value":""}]}]}
COMMAND: GET /session/c1955427c912c9ca8e293616318541a3/screenshot - {}
RESULT: {}
COMMAND: POST /session/c1955427c912c9ca8e293616318541a3/element - {"using":"xpath","value":"//span[contains(text(), \"300003\")]"}
RESULT: {"using":"xpath","value":"//span[contains(text(), \"300003\")]"}
COMMAND: POST /session/c1955427c912c9ca8e293616318541a3/element/f.5DBEA6FA2B2306711F2E61D56D394A89.d.D921F9FF2CF87162800DE889AAD99B8E.e.7037/click - {}
RESULT: {}
COMMAND: GET /session/c1955427c912c9ca8e293616318541a3/screenshot - {}
RESULT: {}
COMMAND: POST /session/c1955427c912c9ca8e293616318541a3/element - {"using":"xpath","value":"//bdi[contains(text(), \"OK\")]"}
RESULT: {"using":"xpath","value":"//bdi[contains(text(), \"OK\")]"}
COMMAND: POST /session/c1955427c912c9ca8e293616318541a3/element/f.5DBEA6FA2B2306711F2E61D56D394A89.d.D921F9FF2CF87162800DE889AAD99B8E.e.7039/click - {}
RESULT: {}
COMMAND: GET /session/c1955427c912c9ca8e293616318541a3/screenshot - {}
RESULT: {}
COMMAND: POST /session/c1955427c912c9ca8e293616318541a3/execute/async - {"script":"<script> [1562 bytes]","args":[{"selector":{"id":"application-managepartners-display-component---NewPartner--intercompVendorComboBox-application-managepartners-display-component---NewPartner--assignmentsTable-0-vhi"},"wdio_ui5_key":"applicationmanagepartners-display-component---NewPartner--intercompVendorComboBox-application-managepartners-display-component---NewPartner--assignmentsTable-0-vhi"}]}
RESULT: {"script":"<script> [1562 bytes]","args":[{"selector":{"id":"application-managepartners-display-component---NewPartner--intercompVendorComboBox-application-managepartners-display-component---NewPartner--assignmentsTable-0-vhi"},"wdio_ui5_key":"applicationmanagepartners-display-component---NewPartner--intercompVendorComboBox-application-managepartners-display-component---NewPartner--assignmentsTable-0-vhi"}]}
RESULT: undefined
COMMAND: POST /session/c1955427c912c9ca8e293616318541a3/element - {"using":"xpath","value":"//*[@id=\"application-managepartners-display-component---NewPartner--intercompVendorComboBox-application-managepartners-display-component---NewPartner--assignmentsTable-0-vhi\"]"}
RESULT: {"using":"xpath","value":"//*[@id=\"application-managepartners-display-component---NewPartner--intercompVendorComboBox-application-managepartners-display-component---NewPartner--assignmentsTable-0-vhi\"]"}
COMMAND: POST /session/c1955427c912c9ca8e293616318541a3/element/f.5DBEA6FA2B2306711F2E61D56D394A89.d.D921F9FF2CF87162800DE889AAD99B8E.e.7042/click - {}
RESULT: {}
RESULT: undefined
COMMAND: POST /session/c1955427c912c9ca8e293616318541a3/execute/async - {"script":"<script> [776 bytes]","args":[{"enterText":"100005","selector":{"controlType":"sap.m.SearchField","properties":{"placeholder":"Search"},"searchOpenDialogs":true,"interaction":{"idSuffix":"I"}},"clearTextFirst":true,"interactionType":"ENTER_TEXT"}]}
COMMAND: GET /session/c1955427c912c9ca8e293616318541a3/screenshot - {}
RESULT: {"script":"<script> [776 bytes]","args":[{"enterText":"100005","selector":{"controlType":"sap.m.SearchField","properties":{"placeholder":"Search"},"searchOpenDialogs":true,"interaction":{"idSuffix":"I"}},"clearTextFirst":true,"interactionType":"ENTER_TEXT"}]}
COMMAND: POST /session/c1955427c912c9ca8e293616318541a3/actions - {"actions":[{"id":"action19","type":"key","parameters":{},"actions":[{"type":"keyDown","value":""},{"type":"pause","duration":10},{"type":"keyUp","value":""}]}]}
RESULT: {}
RESULT: {"actions":[{"id":"action19","type":"key","parameters":{},"actions":[{"type":"keyDown","value":""},{"type":"pause","duration":10},{"type":"keyUp","value":""}]}]}
COMMAND: GET /session/c1955427c912c9ca8e293616318541a3/screenshot - {}
RESULT: {}
COMMAND: POST /session/c1955427c912c9ca8e293616318541a3/element - {"using":"xpath","value":"//span[contains(text(), \"Penguins - Field/12345 Berlin\")]"}
RESULT: {"using":"xpath","value":"//span[contains(text(), \"Penguins - Field/12345 Berlin\")]"}
COMMAND: POST /session/c1955427c912c9ca8e293616318541a3/element/f.5DBEA6FA2B2306711F2E61D56D394A89.d.D921F9FF2CF87162800DE889AAD99B8E.e.7058/click - {}
RESULT: {}
COMMAND: GET /session/c1955427c912c9ca8e293616318541a3/screenshot - {}
RESULT: {}
COMMAND: POST /session/c1955427c912c9ca8e293616318541a3/element - {"using":"xpath","value":"//bdi[contains(text(), \"OK\")]"}
RESULT: {"using":"xpath","value":"//bdi[contains(text(), \"OK\")]"}
COMMAND: POST /session/c1955427c912c9ca8e293616318541a3/element/f.5DBEA6FA2B2306711F2E61D56D394A89.d.D921F9FF2CF87162800DE889AAD99B8E.e.7059/click - {}
RESULT: {}
COMMAND: GET /session/c1955427c912c9ca8e293616318541a3/screenshot - {}
RESULT: {}
COMMAND: POST /session/c1955427c912c9ca8e293616318541a3/element - {"using":"xpath","value":"//button[@data-kt=\"saveButton\"]"}
RESULT: {"using":"xpath","value":"//button[@data-kt=\"saveButton\"]"}
COMMAND: POST /session/c1955427c912c9ca8e293616318541a3/element/f.5DBEA6FA2B2306711F2E61D56D394A89.d.D921F9FF2CF87162800DE889AAD99B8E.e.6814/click - {}
RESULT: {}
COMMAND: GET /session/c1955427c912c9ca8e293616318541a3/screenshot - {}
RESULT: {}
COMMAND: POST /session/c1955427c912c9ca8e293616318541a3/element - {"using":"xpath","value":"//header[contains(@id, 'ObjectPageLayout-headerTitle')]/div[1]/div[2]/div[2]/span[1]"}
RESULT: {"using":"xpath","value":"//header[contains(@id, 'ObjectPageLayout-headerTitle')]/div[1]/div[2]/div[2]/span[1]"}
COMMAND: POST /session/c1955427c912c9ca8e293616318541a3/elements - {"using":"xpath","value":"//header[contains(@id, 'ObjectPageLayout-headerTitle')]/div[1]/div[2]/div[2]/span[1]"}
RESULT: {"using":"xpath","value":"//header[contains(@id, 'ObjectPageLayout-headerTitle')]/div[1]/div[2]/div[2]/span[1]"}
COMMAND: POST /session/c1955427c912c9ca8e293616318541a3/execute/sync - {"script":"<script> [56 bytes]","args":[{"element-6066-11e4-a52e-4f735466cecf":"f.5DBEA6FA2B2306711F2E61D56D394A89.d.D921F9FF2CF87162800DE889AAD99B8E.e.7223","ELEMENT":"f.5DBEA6FA2B2306711F2E61D56D394A89.d.D921F9FF2CF87162800DE889AAD99B8E.e.7223"}]}
RESULT: {"script":"<script> [56 bytes]","args":[{"element-6066-11e4-a52e-4f735466cecf":"f.5DBEA6FA2B2306711F2E61D56D394A89.d.D921F9FF2CF87162800DE889AAD99B8E.e.7223","ELEMENT":"f.5DBEA6FA2B2306711F2E61D56D394A89.d.D921F9FF2CF87162800DE889AAD99B8E.e.7223"}]}
COMMAND: POST /session/c1955427c912c9ca8e293616318541a3/element - {"using":"css selector","value":"#shell-header-logo"}
COMMAND: GET /session/c1955427c912c9ca8e293616318541a3/screenshot - {}
RESULT: {"using":"css selector","value":"#shell-header-logo"}
COMMAND: POST /session/c1955427c912c9ca8e293616318541a3/element/f.5DBEA6FA2B2306711F2E61D56D394A89.d.D921F9FF2CF87162800DE889AAD99B8E.e.6414/click - {}
RESULT: {}
RESULT: {}
COMMAND: GET /session/c1955427c912c9ca8e293616318541a3/screenshot - {}
RESULT: {}
COMMAND: POST /session/c1955427c912c9ca8e293616318541a3/execute/sync - {"script":"<script> [299 bytes]","args":[["getModel","getResource"]]}
RESULT: {"script":"<script> [299 bytes]","args":[["getModel","getResource"]]}
COMMAND: POST /session/c1955427c912c9ca8e293616318541a3/execute/async - {"script":"<script> [1562 bytes]","args":[{"selector":{"controlType":"sap.m.GenericTile","properties":{"header":"Manage Sites"}},"wdio_ui5_key":"sapm.GenericTile{\"header\":\"Manage Sites\"}"}]}
COMMAND: GET /session/c1955427c912c9ca8e293616318541a3/screenshot - {}
RESULT: {"script":"<script> [1562 bytes]","args":[{"selector":{"controlType":"sap.m.GenericTile","properties":{"header":"Manage Sites"}},"wdio_ui5_key":"sapm.GenericTile{\"header\":\"Manage Sites\"}"}]}
RESULT: undefined
COMMAND: POST /session/c1955427c912c9ca8e293616318541a3/element - {"using":"xpath","value":"//*[@id=\"__tile33\"]"}
RESULT: {}
RESULT: {"using":"xpath","value":"//*[@id=\"__tile33\"]"}
COMMAND: POST /session/c1955427c912c9ca8e293616318541a3/element/f.5DBEA6FA2B2306711F2E61D56D394A89.d.D921F9FF2CF87162800DE889AAD99B8E.e.5564/click - {}
RESULT: {}
COMMAND: GET /session/c1955427c912c9ca8e293616318541a3/screenshot - {}
RESULT: {}
COMMAND: POST /session/c1955427c912c9ca8e293616318541a3/elements - {"using":"xpath","value":"//span[text()='Error']"}
RESULT: {"using":"xpath","value":"//span[text()='Error']"}
COMMAND: POST /session/c1955427c912c9ca8e293616318541a3/element - {"using":"xpath","value":"//button[@data-kt=\"addOverflowToolbarButton\"]"}
RESULT: {"using":"xpath","value":"//button[@data-kt=\"addOverflowToolbarButton\"]"}
COMMAND: POST /session/c1955427c912c9ca8e293616318541a3/elements - {"using":"xpath","value":"//button[@data-kt=\"addOverflowToolbarButton\"]"}
RESULT: {"using":"xpath","value":"//button[@data-kt=\"addOverflowToolbarButton\"]"}
COMMAND: POST /session/c1955427c912c9ca8e293616318541a3/execute/sync - {"script":"<script> [8489 bytes]","args":[{"element-6066-11e4-a52e-4f735466cecf":"f.5DBEA6FA2B2306711F2E61D56D394A89.d.D921F9FF2CF87162800DE889AAD99B8E.e.7271","ELEMENT":"f.5DBEA6FA2B2306711F2E61D56D394A89.d.D921F9FF2CF87162800DE889AAD99B8E.e.7271"}]}
RESULT: {"script":"<script> [8489 bytes]","args":[{"element-6066-11e4-a52e-4f735466cecf":"f.5DBEA6FA2B2306711F2E61D56D394A89.d.D921F9FF2CF87162800DE889AAD99B8E.e.7271","ELEMENT":"f.5DBEA6FA2B2306711F2E61D56D394A89.d.D921F9FF2CF87162800DE889AAD99B8E.e.7271"}]}
COMMAND: GET /session/c1955427c912c9ca8e293616318541a3/element/f.5DBEA6FA2B2306711F2E61D56D394A89.d.D921F9FF2CF87162800DE889AAD99B8E.e.7271/enabled - {}
COMMAND: GET /session/c1955427c912c9ca8e293616318541a3/screenshot - {}
RESULT: {}
COMMAND: POST /session/c1955427c912c9ca8e293616318541a3/execute/sync - {"script":"<script> [8489 bytes]","args":[{"element-6066-11e4-a52e-4f735466cecf":"f.5DBEA6FA2B2306711F2E61D56D394A89.d.D921F9FF2CF87162800DE889AAD99B8E.e.7271","ELEMENT":"f.5DBEA6FA2B2306711F2E61D56D394A89.d.D921F9FF2CF87162800DE889AAD99B8E.e.7271"}]}
COMMAND: GET /session/c1955427c912c9ca8e293616318541a3/screenshot - {}
RESULT: {}
RESULT: {"script":"<script> [8489 bytes]","args":[{"element-6066-11e4-a52e-4f735466cecf":"f.5DBEA6FA2B2306711F2E61D56D394A89.d.D921F9FF2CF87162800DE889AAD99B8E.e.7271","ELEMENT":"f.5DBEA6FA2B2306711F2E61D56D394A89.d.D921F9FF2CF87162800DE889AAD99B8E.e.7271"}]}
COMMAND: POST /session/c1955427c912c9ca8e293616318541a3/execute/sync - {"script":"<script> [5351 bytes]","args":[{"element-6066-11e4-a52e-4f735466cecf":"f.5DBEA6FA2B2306711F2E61D56D394A89.d.D921F9FF2CF87162800DE889AAD99B8E.e.7271","ELEMENT":"f.5DBEA6FA2B2306711F2E61D56D394A89.d.D921F9FF2CF87162800DE889AAD99B8E.e.7271"}]}
COMMAND: GET /session/c1955427c912c9ca8e293616318541a3/screenshot - {}
RESULT: {}
RESULT: {"script":"<script> [5351 bytes]","args":[{"element-6066-11e4-a52e-4f735466cecf":"f.5DBEA6FA2B2306711F2E61D56D394A89.d.D921F9FF2CF87162800DE889AAD99B8E.e.7271","ELEMENT":"f.5DBEA6FA2B2306711F2E61D56D394A89.d.D921F9FF2CF87162800DE889AAD99B8E.e.7271"}]}
COMMAND: POST /session/c1955427c912c9ca8e293616318541a3/element/f.5DBEA6FA2B2306711F2E61D56D394A89.d.D921F9FF2CF87162800DE889AAD99B8E.e.7271/click - {}
COMMAND: GET /session/c1955427c912c9ca8e293616318541a3/screenshot - {}
RESULT: {}
RESULT: {}
COMMAND: GET /session/c1955427c912c9ca8e293616318541a3/screenshot - {}
RESULT: {}
COMMAND: POST /session/c1955427c912c9ca8e293616318541a3/element - {"using":"xpath","value":"//input[@id=\"application-managesites-display-component---NewSite--siteId-inner\"]"}
RESULT: {}
RESULT: {"using":"xpath","value":"//input[@id=\"application-managesites-display-component---NewSite--siteId-inner\"]"}
COMMAND: POST /session/c1955427c912c9ca8e293616318541a3/element - {"using":"xpath","value":"//input[@id=\"application-managesites-display-component---NewSite--siteId-inner\"]"}
RESULT: {"using":"xpath","value":"//input[@id=\"application-managesites-display-component---NewSite--siteId-inner\"]"}
COMMAND: POST /session/c1955427c912c9ca8e293616318541a3/execute/async - {"script":"<script> [1562 bytes]","args":[{"selector":{"id":"application-managesites-display-component---NewSite--addressDetailDetailsName1","interaction":{"idSuffix":"inner"}},"wdio_ui5_key":"applicationmanagesites-display-component---NewSite--addressDetailDetailsName1"}]}
RESULT: {"script":"<script> [1562 bytes]","args":[{"selector":{"id":"application-managesites-display-component---NewSite--addressDetailDetailsName1","interaction":{"idSuffix":"inner"}},"wdio_ui5_key":"applicationmanagesites-display-component---NewSite--addressDetailDetailsName1"}]}
RESULT: undefined
COMMAND: POST /session/c1955427c912c9ca8e293616318541a3/execute/async - {"script":"<script> [776 bytes]","args":[{"enterText":"Intercompany Site wdIO","selector":{"id":"application-managesites-display-component---NewSite--addressDetailDetailsName1","interaction":{"idSuffix":"inner"}},"clearTextFirst":true,"interactionType":"ENTER_TEXT"}]}
RESULT: {"script":"<script> [776 bytes]","args":[{"enterText":"Intercompany Site wdIO","selector":{"id":"application-managesites-display-component---NewSite--addressDetailDetailsName1","interaction":{"idSuffix":"inner"}},"clearTextFirst":true,"interactionType":"ENTER_TEXT"}]}
COMMAND: POST /session/c1955427c912c9ca8e293616318541a3/execute/async - {"script":"<script> [1562 bytes]","args":[{"selector":{"id":"application-managesites-display-component---NewSite--addressDetailDetailsLanguage-arrow"},"wdio_ui5_key":"applicationmanagesites-display-component---NewSite--addressDetailDetailsLanguage-arrow"}]}
RESULT: {"script":"<script> [1562 bytes]","args":[{"selector":{"id":"application-managesites-display-component---NewSite--addressDetailDetailsLanguage-arrow"},"wdio_ui5_key":"applicationmanagesites-display-component---NewSite--addressDetailDetailsLanguage-arrow"}]}
RESULT: undefined
COMMAND: POST /session/c1955427c912c9ca8e293616318541a3/element - {"using":"xpath","value":"//*[@id=\"application-managesites-display-component---NewSite--addressDetailDetailsLanguage-arrow\"]"}
RESULT: {"using":"xpath","value":"//*[@id=\"application-managesites-display-component---NewSite--addressDetailDetailsLanguage-arrow\"]"}
COMMAND: POST /session/c1955427c912c9ca8e293616318541a3/element/f.5DBEA6FA2B2306711F2E61D56D394A89.d.D921F9FF2CF87162800DE889AAD99B8E.e.7676/click - {}
RESULT: {}
COMMAND: POST /session/c1955427c912c9ca8e293616318541a3/element - {"using":"xpath","value":"//span[contains(text(), \"English\")]"}
COMMAND: GET /session/c1955427c912c9ca8e293616318541a3/screenshot - {}
RESULT: {"using":"xpath","value":"//span[contains(text(), \"English\")]"}
COMMAND: POST /session/c1955427c912c9ca8e293616318541a3/element/f.5DBEA6FA2B2306711F2E61D56D394A89.d.D921F9FF2CF87162800DE889AAD99B8E.e.7677/click - {}
RESULT: {}
RESULT: {}
COMMAND: POST /session/c1955427c912c9ca8e293616318541a3/execute/async - {"script":"<script> [1562 bytes]","args":[{"selector":{"id":"application-managesites-display-component---NewSite--addressDetailDetailsCity1","interaction":{"idSuffix":"inner"}},"wdio_ui5_key":"applicationmanagesites-display-component---NewSite--addressDetailDetailsCity1"}]}
COMMAND: GET /session/c1955427c912c9ca8e293616318541a3/screenshot - {}
RESULT: {"script":"<script> [1562 bytes]","args":[{"selector":{"id":"application-managesites-display-component---NewSite--addressDetailDetailsCity1","interaction":{"idSuffix":"inner"}},"wdio_ui5_key":"applicationmanagesites-display-component---NewSite--addressDetailDetailsCity1"}]}
RESULT: undefined
COMMAND: POST /session/c1955427c912c9ca8e293616318541a3/execute/async - {"script":"<script> [776 bytes]","args":[{"enterText":"Rosario","selector":{"id":"application-managesites-display-component---NewSite--addressDetailDetailsCity1","interaction":{"idSuffix":"inner"}},"clearTextFirst":true,"interactionType":"ENTER_TEXT"}]}
RESULT: {}
RESULT: {"script":"<script> [776 bytes]","args":[{"enterText":"Rosario","selector":{"id":"application-managesites-display-component---NewSite--addressDetailDetailsCity1","interaction":{"idSuffix":"inner"}},"clearTextFirst":true,"interactionType":"ENTER_TEXT"}]}
COMMAND: POST /session/c1955427c912c9ca8e293616318541a3/execute/async - {"script":"<script> [1562 bytes]","args":[{"selector":{"id":"application-managesites-display-component---NewSite--addressDetailDetailsCountry-arrow"},"wdio_ui5_key":"applicationmanagesites-display-component---NewSite--addressDetailDetailsCountry-arrow"}]}
RESULT: {"script":"<script> [1562 bytes]","args":[{"selector":{"id":"application-managesites-display-component---NewSite--addressDetailDetailsCountry-arrow"},"wdio_ui5_key":"applicationmanagesites-display-component---NewSite--addressDetailDetailsCountry-arrow"}]}
RESULT: undefined
COMMAND: POST /session/c1955427c912c9ca8e293616318541a3/element - {"using":"xpath","value":"//*[@id=\"application-managesites-display-component---NewSite--addressDetailDetailsCountry-arrow\"]"}
RESULT: {"using":"xpath","value":"//*[@id=\"application-managesites-display-component---NewSite--addressDetailDetailsCountry-arrow\"]"}
COMMAND: POST /session/c1955427c912c9ca8e293616318541a3/element/f.5DBEA6FA2B2306711F2E61D56D394A89.d.D921F9FF2CF87162800DE889AAD99B8E.e.7679/click - {}
RESULT: {}
COMMAND: POST /session/c1955427c912c9ca8e293616318541a3/element - {"using":"xpath","value":"//span[contains(text(), \"Argentina\")]"}
COMMAND: GET /session/c1955427c912c9ca8e293616318541a3/screenshot - {}
RESULT: {"using":"xpath","value":"//span[contains(text(), \"Argentina\")]"}
COMMAND: POST /session/c1955427c912c9ca8e293616318541a3/element/f.5DBEA6FA2B2306711F2E61D56D394A89.d.D921F9FF2CF87162800DE889AAD99B8E.e.7680/click - {}
RESULT: {}
RESULT: {}
COMMAND: GET /session/c1955427c912c9ca8e293616318541a3/screenshot - {}
RESULT: {}
COMMAND: POST /session/c1955427c912c9ca8e293616318541a3/execute/async - {"script":"<script> [1562 bytes]","args":[{"selector":{"id":"application-managesites-display-component---NewSite--addressEditDetailsCostObjectCstType-arrow"},"wdio_ui5_key":"applicationmanagesites-display-component---NewSite--addressEditDetailsCostObjectCstType-arrow"}]}
RESULT: {"script":"<script> [1562 bytes]","args":[{"selector":{"id":"application-managesites-display-component---NewSite--addressEditDetailsCostObjectCstType-arrow"},"wdio_ui5_key":"applicationmanagesites-display-component---NewSite--addressEditDetailsCostObjectCstType-arrow"}]}
RESULT: undefined
COMMAND: POST /session/c1955427c912c9ca8e293616318541a3/element - {"using":"xpath","value":"//*[@id=\"application-managesites-display-component---NewSite--addressEditDetailsCostObjectCstType-arrow\"]"}
RESULT: {"using":"xpath","value":"//*[@id=\"application-managesites-display-component---NewSite--addressEditDetailsCostObjectCstType-arrow\"]"}
COMMAND: POST /session/c1955427c912c9ca8e293616318541a3/element/f.5DBEA6FA2B2306711F2E61D56D394A89.d.D921F9FF2CF87162800DE889AAD99B8E.e.7682/click - {}
RESULT: {}
COMMAND: POST /session/c1955427c912c9ca8e293616318541a3/element - {"using":"xpath","value":"//span[contains(text(), \"Cost Center\")]"}
COMMAND: GET /session/c1955427c912c9ca8e293616318541a3/screenshot - {}
RESULT: {"using":"xpath","value":"//span[contains(text(), \"Cost Center\")]"}
COMMAND: POST /session/c1955427c912c9ca8e293616318541a3/element/f.5DBEA6FA2B2306711F2E61D56D394A89.d.D921F9FF2CF87162800DE889AAD99B8E.e.7683/click - {}
RESULT: {}
RESULT: {}
COMMAND: GET /session/c1955427c912c9ca8e293616318541a3/screenshot - {}
RESULT: {}
COMMAND: POST /session/c1955427c912c9ca8e293616318541a3/element - {"using":"xpath","value":"//span[@id=\"application-managesites-display-component---NewSite--addressNewCostObjectCstID-vhi\"]"}
RESULT: {"using":"xpath","value":"//span[@id=\"application-managesites-display-component---NewSite--addressNewCostObjectCstID-vhi\"]"}
COMMAND: POST /session/c1955427c912c9ca8e293616318541a3/execute/sync - {"script":"<script> [8489 bytes]","args":[{"element-6066-11e4-a52e-4f735466cecf":"f.5DBEA6FA2B2306711F2E61D56D394A89.d.D921F9FF2CF87162800DE889AAD99B8E.e.7687","ELEMENT":"f.5DBEA6FA2B2306711F2E61D56D394A89.d.D921F9FF2CF87162800DE889AAD99B8E.e.7687"}]}
RESULT: {"script":"<script> [8489 bytes]","args":[{"element-6066-11e4-a52e-4f735466cecf":"f.5DBEA6FA2B2306711F2E61D56D394A89.d.D921F9FF2CF87162800DE889AAD99B8E.e.7687","ELEMENT":"f.5DBEA6FA2B2306711F2E61D56D394A89.d.D921F9FF2CF87162800DE889AAD99B8E.e.7687"}]}
COMMAND: POST /session/c1955427c912c9ca8e293616318541a3/execute/async - {"script":"<script> [1562 bytes]","args":[{"selector":{"id":"application-managesites-display-component---NewSite--addressNewCostObjectCstID-vhi"},"wdio_ui5_key":"applicationmanagesites-display-component---NewSite--addressNewCostObjectCstID-vhi"}]}
COMMAND: GET /session/c1955427c912c9ca8e293616318541a3/screenshot - {}
RESULT: {"script":"<script> [1562 bytes]","args":[{"selector":{"id":"application-managesites-display-component---NewSite--addressNewCostObjectCstID-vhi"},"wdio_ui5_key":"applicationmanagesites-display-component---NewSite--addressNewCostObjectCstID-vhi"}]}
RESULT: undefined
COMMAND: POST /session/c1955427c912c9ca8e293616318541a3/element - {"using":"xpath","value":"//*[@id=\"application-managesites-display-component---NewSite--addressNewCostObjectCstID-vhi\"]"}
RESULT: {}
RESULT: {"using":"xpath","value":"//*[@id=\"application-managesites-display-component---NewSite--addressNewCostObjectCstID-vhi\"]"}
COMMAND: POST /session/c1955427c912c9ca8e293616318541a3/element/f.5DBEA6FA2B2306711F2E61D56D394A89.d.D921F9FF2CF87162800DE889AAD99B8E.e.7687/click - {}
RESULT: {}
COMMAND: GET /session/c1955427c912c9ca8e293616318541a3/screenshot - {}
RESULT: {}
RESULT: undefined
COMMAND: POST /session/c1955427c912c9ca8e293616318541a3/execute/async - {"script":"<script> [776 bytes]","args":[{"enterText":"10001013","selector":{"controlType":"sap.m.SearchField","properties":{"placeholder":"Search"},"searchOpenDialogs":true,"interaction":{"idSuffix":"I"}},"clearTextFirst":true,"interactionType":"ENTER_TEXT"}]}
RESULT: {"script":"<script> [776 bytes]","args":[{"enterText":"10001013","selector":{"controlType":"sap.m.SearchField","properties":{"placeholder":"Search"},"searchOpenDialogs":true,"interaction":{"idSuffix":"I"}},"clearTextFirst":true,"interactionType":"ENTER_TEXT"}]}
COMMAND: POST /session/c1955427c912c9ca8e293616318541a3/actions - {"actions":[{"id":"action20","type":"key","parameters":{},"actions":[{"type":"keyDown","value":""},{"type":"pause","duration":10},{"type":"keyUp","value":""}]}]}
RESULT: {"actions":[{"id":"action20","type":"key","parameters":{},"actions":[{"type":"keyDown","value":""},{"type":"pause","duration":10},{"type":"keyUp","value":""}]}]}
COMMAND: GET /session/c1955427c912c9ca8e293616318541a3/screenshot - {}
RESULT: {}
COMMAND: POST /session/c1955427c912c9ca8e293616318541a3/element - {"using":"xpath","value":"//span[contains(text(), \"General Management\")]"}
RESULT: {"using":"xpath","value":"//span[contains(text(), \"General Management\")]"}
COMMAND: POST /session/c1955427c912c9ca8e293616318541a3/element/f.5DBEA6FA2B2306711F2E61D56D394A89.d.D921F9FF2CF87162800DE889AAD99B8E.e.7726/click - {}
RESULT: {}
COMMAND: GET /session/c1955427c912c9ca8e293616318541a3/screenshot - {}
RESULT: {}
COMMAND: POST /session/c1955427c912c9ca8e293616318541a3/element - {"using":"xpath","value":"//bdi[contains(text(), \"OK\")]"}
RESULT: {"using":"xpath","value":"//bdi[contains(text(), \"OK\")]"}
COMMAND: POST /session/c1955427c912c9ca8e293616318541a3/element/f.5DBEA6FA2B2306711F2E61D56D394A89.d.D921F9FF2CF87162800DE889AAD99B8E.e.7727/click - {}
RESULT: {}
COMMAND: GET /session/c1955427c912c9ca8e293616318541a3/screenshot - {}
RESULT: {}
COMMAND: POST /session/c1955427c912c9ca8e293616318541a3/element - {"using":"xpath","value":"//input[@id=\"application-managesites-display-component---NewSite--addressDetailDetailsCalendar-inner\"]"}
RESULT: {"using":"xpath","value":"//input[@id=\"application-managesites-display-component---NewSite--addressDetailDetailsCalendar-inner\"]"}
COMMAND: POST /session/c1955427c912c9ca8e293616318541a3/element/f.5DBEA6FA2B2306711F2E61D56D394A89.d.D921F9FF2CF87162800DE889AAD99B8E.e.7470/clear - {}
RESULT: {}
COMMAND: POST /session/c1955427c912c9ca8e293616318541a3/element/f.5DBEA6FA2B2306711F2E61D56D394A89.d.D921F9FF2CF87162800DE889AAD99B8E.e.7470/value - {"text":"Unit"}
COMMAND: GET /session/c1955427c912c9ca8e293616318541a3/screenshot - {}
RESULT: {"text":"Unit"}
COMMAND: GET /session/c1955427c912c9ca8e293616318541a3/screenshot - {}
RESULT: {}
RESULT: {}
COMMAND: POST /session/c1955427c912c9ca8e293616318541a3/actions - {"actions":[{"id":"action21","type":"key","parameters":{},"actions":[{"type":"keyDown","value":""},{"type":"pause","duration":10},{"type":"keyUp","value":""}]}]}
RESULT: {"actions":[{"id":"action21","type":"key","parameters":{},"actions":[{"type":"keyDown","value":""},{"type":"pause","duration":10},{"type":"keyUp","value":""}]}]}
COMMAND: POST /session/c1955427c912c9ca8e293616318541a3/element - {"using":"xpath","value":"//input[@id=\"application-managesites-display-component---NewSite--addressDetailDetailsYard-inner\"]"}
COMMAND: GET /session/c1955427c912c9ca8e293616318541a3/screenshot - {}
RESULT: {"using":"xpath","value":"//input[@id=\"application-managesites-display-component---NewSite--addressDetailDetailsYard-inner\"]"}
COMMAND: POST /session/c1955427c912c9ca8e293616318541a3/element/f.5DBEA6FA2B2306711F2E61D56D394A89.d.D921F9FF2CF87162800DE889AAD99B8E.e.7471/clear - {}
RESULT: {}
RESULT: {}
COMMAND: POST /session/c1955427c912c9ca8e293616318541a3/element/f.5DBEA6FA2B2306711F2E61D56D394A89.d.D921F9FF2CF87162800DE889AAD99B8E.e.7471/value - {"text":"279"}
COMMAND: GET /session/c1955427c912c9ca8e293616318541a3/screenshot - {}
RESULT: {"text":"279"}
COMMAND: GET /session/c1955427c912c9ca8e293616318541a3/screenshot - {}
RESULT: {}
RESULT: {}
COMMAND: POST /session/c1955427c912c9ca8e293616318541a3/element - {"using":"xpath","value":"//li[.//span[text()='279']]"}
RESULT: {"using":"xpath","value":"//li[.//span[text()='279']]"}
COMMAND: POST /session/c1955427c912c9ca8e293616318541a3/element/f.5DBEA6FA2B2306711F2E61D56D394A89.d.D921F9FF2CF87162800DE889AAD99B8E.e.7735/click - {}
RESULT: {}
COMMAND: GET /session/c1955427c912c9ca8e293616318541a3/screenshot - {}
RESULT: {}
COMMAND: POST /session/c1955427c912c9ca8e293616318541a3/element - {"using":"xpath","value":"//input[@id=\"application-managesites-display-component---NewSite--addressDetailDetailsPartner-inner\"]"}
RESULT: {"using":"xpath","value":"//input[@id=\"application-managesites-display-component---NewSite--addressDetailDetailsPartner-inner\"]"}
COMMAND: POST /session/c1955427c912c9ca8e293616318541a3/element - {"using":"xpath","value":"//input[@id=\"application-managesites-display-component---NewSite--addressDetailDetailsPartner-inner\"]"}
RESULT: {"using":"xpath","value":"//input[@id=\"application-managesites-display-component---NewSite--addressDetailDetailsPartner-inner\"]"}
COMMAND: POST /session/c1955427c912c9ca8e293616318541a3/element - {"using":"xpath","value":"//button[@data-kt=\"saveButton\"]"}
RESULT: {"using":"xpath","value":"//button[@data-kt=\"saveButton\"]"}
COMMAND: POST /session/c1955427c912c9ca8e293616318541a3/element/f.5DBEA6FA2B2306711F2E61D56D394A89.d.D921F9FF2CF87162800DE889AAD99B8E.e.7656/click - {}
RESULT: {}
COMMAND: GET /session/c1955427c912c9ca8e293616318541a3/screenshot - {}
RESULT: {}
COMMAND: POST /session/c1955427c912c9ca8e293616318541a3/element - {"using":"xpath","value":"//header[contains(@id, 'ObjectPageLayout-headerTitle')]/div[1]/div[2]/div[2]/span[1]"}
RESULT: {"using":"xpath","value":"//header[contains(@id, 'ObjectPageLayout-headerTitle')]/div[1]/div[2]/div[2]/span[1]"}
COMMAND: POST /session/c1955427c912c9ca8e293616318541a3/elements - {"using":"xpath","value":"//header[contains(@id, 'ObjectPageLayout-headerTitle')]/div[1]/div[2]/div[2]/span[1]"}
RESULT: {"using":"xpath","value":"//header[contains(@id, 'ObjectPageLayout-headerTitle')]/div[1]/div[2]/div[2]/span[1]"}
COMMAND: POST /session/c1955427c912c9ca8e293616318541a3/execute/sync - {"script":"<script> [56 bytes]","args":[{"element-6066-11e4-a52e-4f735466cecf":"f.5DBEA6FA2B2306711F2E61D56D394A89.d.D921F9FF2CF87162800DE889AAD99B8E.e.7942","ELEMENT":"f.5DBEA6FA2B2306711F2E61D56D394A89.d.D921F9FF2CF87162800DE889AAD99B8E.e.7942"}]}
RESULT: {"script":"<script> [56 bytes]","args":[{"element-6066-11e4-a52e-4f735466cecf":"f.5DBEA6FA2B2306711F2E61D56D394A89.d.D921F9FF2CF87162800DE889AAD99B8E.e.7942","ELEMENT":"f.5DBEA6FA2B2306711F2E61D56D394A89.d.D921F9FF2CF87162800DE889AAD99B8E.e.7942"}]}
COMMAND: POST /session/c1955427c912c9ca8e293616318541a3/element - {"using":"css selector","value":"#shell-header-logo"}
COMMAND: GET /session/c1955427c912c9ca8e293616318541a3/screenshot - {}
RESULT: {"using":"css selector","value":"#shell-header-logo"}
COMMAND: POST /session/c1955427c912c9ca8e293616318541a3/element/f.5DBEA6FA2B2306711F2E61D56D394A89.d.D921F9FF2CF87162800DE889AAD99B8E.e.7228/click - {}
RESULT: {}
RESULT: {}
COMMAND: GET /session/c1955427c912c9ca8e293616318541a3/screenshot - {}
RESULT: {}
COMMAND: POST /session/c1955427c912c9ca8e293616318541a3/execute/sync - {"script":"<script> [299 bytes]","args":[["getModel","getResource"]]}
RESULT: {"script":"<script> [299 bytes]","args":[["getModel","getResource"]]}
COMMAND: GET /session/c1955427c912c9ca8e293616318541a3/screenshot - {}
]]></system-out>
    </testcase>
    <testcase classname="chrome.137_0_7151_69.windows.Manage_States_&amp;_Performance_Tests_US151247_US151423_US151467" name="Prereq Should create an equipment add on contract stock increase and provide it" time="403.873">
      <system-out><![CDATA[
COMMAND: POST /session/c1955427c912c9ca8e293616318541a3/execute/async - {"script":"<script> [1562 bytes]","args":[{"selector":{"controlType":"sap.m.GenericTile","properties":{"header":"Manage Resources"}},"wdio_ui5_key":"sapm.GenericTile{\"header\":\"Manage Resources\"}"}]}
RESULT: {}
RESULT: {"script":"<script> [1562 bytes]","args":[{"selector":{"controlType":"sap.m.GenericTile","properties":{"header":"Manage Resources"}},"wdio_ui5_key":"sapm.GenericTile{\"header\":\"Manage Resources\"}"}]}
RESULT: undefined
COMMAND: POST /session/c1955427c912c9ca8e293616318541a3/element - {"using":"xpath","value":"//*[@id=\"__tile32\"]"}
RESULT: {"using":"xpath","value":"//*[@id=\"__tile32\"]"}
COMMAND: POST /session/c1955427c912c9ca8e293616318541a3/element/f.5DBEA6FA2B2306711F2E61D56D394A89.d.D921F9FF2CF87162800DE889AAD99B8E.e.5561/click - {}
RESULT: {}
COMMAND: GET /session/c1955427c912c9ca8e293616318541a3/screenshot - {}
RESULT: {}
COMMAND: POST /session/c1955427c912c9ca8e293616318541a3/elements - {"using":"xpath","value":"//span[text()='Error']"}
RESULT: {"using":"xpath","value":"//span[text()='Error']"}
COMMAND: POST /session/c1955427c912c9ca8e293616318541a3/element - {"using":"xpath","value":"//button[@data-kt=\"addNewRUOverflowToolbarButton\"]"}
RESULT: {"using":"xpath","value":"//button[@data-kt=\"addNewRUOverflowToolbarButton\"]"}
COMMAND: POST /session/c1955427c912c9ca8e293616318541a3/elements - {"using":"xpath","value":"//button[@data-kt=\"addNewRUOverflowToolbarButton\"]"}
RESULT: {"using":"xpath","value":"//button[@data-kt=\"addNewRUOverflowToolbarButton\"]"}
COMMAND: POST /session/c1955427c912c9ca8e293616318541a3/execute/sync - {"script":"<script> [8489 bytes]","args":[{"element-6066-11e4-a52e-4f735466cecf":"f.5DBEA6FA2B2306711F2E61D56D394A89.d.D921F9FF2CF87162800DE889AAD99B8E.e.7984","ELEMENT":"f.5DBEA6FA2B2306711F2E61D56D394A89.d.D921F9FF2CF87162800DE889AAD99B8E.e.7984"}]}
RESULT: {"script":"<script> [8489 bytes]","args":[{"element-6066-11e4-a52e-4f735466cecf":"f.5DBEA6FA2B2306711F2E61D56D394A89.d.D921F9FF2CF87162800DE889AAD99B8E.e.7984","ELEMENT":"f.5DBEA6FA2B2306711F2E61D56D394A89.d.D921F9FF2CF87162800DE889AAD99B8E.e.7984"}]}
COMMAND: GET /session/c1955427c912c9ca8e293616318541a3/element/f.5DBEA6FA2B2306711F2E61D56D394A89.d.D921F9FF2CF87162800DE889AAD99B8E.e.7984/enabled - {}
COMMAND: GET /session/c1955427c912c9ca8e293616318541a3/screenshot - {}
RESULT: {}
COMMAND: POST /session/c1955427c912c9ca8e293616318541a3/execute/sync - {"script":"<script> [8489 bytes]","args":[{"element-6066-11e4-a52e-4f735466cecf":"f.5DBEA6FA2B2306711F2E61D56D394A89.d.D921F9FF2CF87162800DE889AAD99B8E.e.7984","ELEMENT":"f.5DBEA6FA2B2306711F2E61D56D394A89.d.D921F9FF2CF87162800DE889AAD99B8E.e.7984"}]}
COMMAND: GET /session/c1955427c912c9ca8e293616318541a3/screenshot - {}
RESULT: {}
RESULT: {"script":"<script> [8489 bytes]","args":[{"element-6066-11e4-a52e-4f735466cecf":"f.5DBEA6FA2B2306711F2E61D56D394A89.d.D921F9FF2CF87162800DE889AAD99B8E.e.7984","ELEMENT":"f.5DBEA6FA2B2306711F2E61D56D394A89.d.D921F9FF2CF87162800DE889AAD99B8E.e.7984"}]}
COMMAND: POST /session/c1955427c912c9ca8e293616318541a3/execute/sync - {"script":"<script> [5351 bytes]","args":[{"element-6066-11e4-a52e-4f735466cecf":"f.5DBEA6FA2B2306711F2E61D56D394A89.d.D921F9FF2CF87162800DE889AAD99B8E.e.7984","ELEMENT":"f.5DBEA6FA2B2306711F2E61D56D394A89.d.D921F9FF2CF87162800DE889AAD99B8E.e.7984"}]}
COMMAND: GET /session/c1955427c912c9ca8e293616318541a3/screenshot - {}
RESULT: {}
RESULT: {"script":"<script> [5351 bytes]","args":[{"element-6066-11e4-a52e-4f735466cecf":"f.5DBEA6FA2B2306711F2E61D56D394A89.d.D921F9FF2CF87162800DE889AAD99B8E.e.7984","ELEMENT":"f.5DBEA6FA2B2306711F2E61D56D394A89.d.D921F9FF2CF87162800DE889AAD99B8E.e.7984"}]}
COMMAND: POST /session/c1955427c912c9ca8e293616318541a3/element/f.5DBEA6FA2B2306711F2E61D56D394A89.d.D921F9FF2CF87162800DE889AAD99B8E.e.7984/click - {}
COMMAND: GET /session/c1955427c912c9ca8e293616318541a3/screenshot - {}
RESULT: {}
RESULT: {}
COMMAND: GET /session/c1955427c912c9ca8e293616318541a3/screenshot - {}
COMMAND: POST /session/c1955427c912c9ca8e293616318541a3/execute/async - {"script":"<script> [1562 bytes]","args":[{"selector":{"id":"application-manageresources-display-component---newResourceUnit--TYPE-arrow"},"wdio_ui5_key":"applicationmanageresources-display-component---newResourceUnit--TYPE-arrow"}]}
RESULT: {}
RESULT: {}
RESULT: {"script":"<script> [1562 bytes]","args":[{"selector":{"id":"application-manageresources-display-component---newResourceUnit--TYPE-arrow"},"wdio_ui5_key":"applicationmanageresources-display-component---newResourceUnit--TYPE-arrow"}]}
RESULT: undefined
COMMAND: POST /session/c1955427c912c9ca8e293616318541a3/element - {"using":"xpath","value":"//*[@id=\"application-manageresources-display-component---newResourceUnit--TYPE-arrow\"]"}
RESULT: {"using":"xpath","value":"//*[@id=\"application-manageresources-display-component---newResourceUnit--TYPE-arrow\"]"}
COMMAND: POST /session/c1955427c912c9ca8e293616318541a3/element/f.5DBEA6FA2B2306711F2E61D56D394A89.d.D921F9FF2CF87162800DE889AAD99B8E.e.8339/click - {}
RESULT: {}
COMMAND: POST /session/c1955427c912c9ca8e293616318541a3/element - {"using":"xpath","value":"//input[@id=\"application-manageresources-display-component---newResourceUnit--TYPE-inner\"]"}
COMMAND: GET /session/c1955427c912c9ca8e293616318541a3/screenshot - {}
RESULT: {"using":"xpath","value":"//input[@id=\"application-manageresources-display-component---newResourceUnit--TYPE-inner\"]"}
COMMAND: POST /session/c1955427c912c9ca8e293616318541a3/element/f.5DBEA6FA2B2306711F2E61D56D394A89.d.D921F9FF2CF87162800DE889AAD99B8E.e.8324/clear - {}
RESULT: {}
RESULT: {}
COMMAND: POST /session/c1955427c912c9ca8e293616318541a3/element/f.5DBEA6FA2B2306711F2E61D56D394A89.d.D921F9FF2CF87162800DE889AAD99B8E.e.8324/value - {"text":"Equipment"}
COMMAND: GET /session/c1955427c912c9ca8e293616318541a3/screenshot - {}
RESULT: {"text":"Equipment"}
COMMAND: GET /session/c1955427c912c9ca8e293616318541a3/screenshot - {}
RESULT: {}
RESULT: {}
COMMAND: POST /session/c1955427c912c9ca8e293616318541a3/actions - {"actions":[{"id":"action22","type":"key","parameters":{},"actions":[{"type":"keyDown","value":""},{"type":"pause","duration":10},{"type":"keyUp","value":""}]}]}
RESULT: {"actions":[{"id":"action22","type":"key","parameters":{},"actions":[{"type":"keyDown","value":""},{"type":"pause","duration":10},{"type":"keyUp","value":""}]}]}
COMMAND: POST /session/c1955427c912c9ca8e293616318541a3/execute/async - {"script":"<script> [1562 bytes]","args":[{"selector":{"id":"application-manageresources-display-component---newResourceUnit--resourceId","interaction":{"idSuffix":"inner"}},"wdio_ui5_key":"applicationmanageresources-display-component---newResourceUnit--resourceId"}]}
COMMAND: GET /session/c1955427c912c9ca8e293616318541a3/screenshot - {}
RESULT: {"script":"<script> [1562 bytes]","args":[{"selector":{"id":"application-manageresources-display-component---newResourceUnit--resourceId","interaction":{"idSuffix":"inner"}},"wdio_ui5_key":"applicationmanageresources-display-component---newResourceUnit--resourceId"}]}
RESULT: undefined
COMMAND: POST /session/c1955427c912c9ca8e293616318541a3/execute/async - {"script":"<script> [776 bytes]","args":[{"enterText":"d8FF8JLG2C","selector":{"id":"application-manageresources-display-component---newResourceUnit--resourceId","interaction":{"idSuffix":"inner"}},"clearTextFirst":true,"interactionType":"ENTER_TEXT"}]}
RESULT: {}
RESULT: {"script":"<script> [776 bytes]","args":[{"enterText":"d8FF8JLG2C","selector":{"id":"application-manageresources-display-component---newResourceUnit--resourceId","interaction":{"idSuffix":"inner"}},"clearTextFirst":true,"interactionType":"ENTER_TEXT"}]}
COMMAND: POST /session/c1955427c912c9ca8e293616318541a3/execute/async - {"script":"<script> [1562 bytes]","args":[{"selector":{"id":"application-manageresources-display-component---newResourceUnit--SHORT_TEXT","interaction":{"idSuffix":"inner"}},"wdio_ui5_key":"applicationmanageresources-display-component---newResourceUnit--SHORT_TEXT"}]}
RESULT: {"script":"<script> [1562 bytes]","args":[{"selector":{"id":"application-manageresources-display-component---newResourceUnit--SHORT_TEXT","interaction":{"idSuffix":"inner"}},"wdio_ui5_key":"applicationmanageresources-display-component---newResourceUnit--SHORT_TEXT"}]}
RESULT: undefined
COMMAND: POST /session/c1955427c912c9ca8e293616318541a3/execute/async - {"script":"<script> [776 bytes]","args":[{"enterText":"Intercompany Equipment WDIO","selector":{"id":"application-manageresources-display-component---newResourceUnit--SHORT_TEXT","interaction":{"idSuffix":"inner"}},"clearTextFirst":true,"interactionType":"ENTER_TEXT"}]}
RESULT: {"script":"<script> [776 bytes]","args":[{"enterText":"Intercompany Equipment WDIO","selector":{"id":"application-manageresources-display-component---newResourceUnit--SHORT_TEXT","interaction":{"idSuffix":"inner"}},"clearTextFirst":true,"interactionType":"ENTER_TEXT"}]}
COMMAND: POST /session/c1955427c912c9ca8e293616318541a3/execute/async - {"script":"<script> [1562 bytes]","args":[{"selector":{"id":"application-manageresources-display-component---newResourceUnit--BASE_UNIT_OF_MEASURE","interaction":{"idSuffix":"inner"}},"wdio_ui5_key":"applicationmanageresources-display-component---newResourceUnit--BASE_UNIT_OF_MEASURE"}]}
RESULT: {"script":"<script> [1562 bytes]","args":[{"selector":{"id":"application-manageresources-display-component---newResourceUnit--BASE_UNIT_OF_MEASURE","interaction":{"idSuffix":"inner"}},"wdio_ui5_key":"applicationmanageresources-display-component---newResourceUnit--BASE_UNIT_OF_MEASURE"}]}
RESULT: undefined
COMMAND: POST /session/c1955427c912c9ca8e293616318541a3/execute/async - {"script":"<script> [776 bytes]","args":[{"enterText":"Piece","selector":{"id":"application-manageresources-display-component---newResourceUnit--BASE_UNIT_OF_MEASURE","interaction":{"idSuffix":"inner"}},"clearTextFirst":true,"interactionType":"ENTER_TEXT"}]}
RESULT: {"script":"<script> [776 bytes]","args":[{"enterText":"Piece","selector":{"id":"application-manageresources-display-component---newResourceUnit--BASE_UNIT_OF_MEASURE","interaction":{"idSuffix":"inner"}},"clearTextFirst":true,"interactionType":"ENTER_TEXT"}]}
COMMAND: POST /session/c1955427c912c9ca8e293616318541a3/execute/async - {"script":"<script> [1562 bytes]","args":[{"selector":{"id":"application-manageresources-display-component---newResourceUnit--WEIGHT_UNIT","interaction":{"idSuffix":"inner"}},"wdio_ui5_key":"applicationmanageresources-display-component---newResourceUnit--WEIGHT_UNIT"}]}
RESULT: {"script":"<script> [1562 bytes]","args":[{"selector":{"id":"application-manageresources-display-component---newResourceUnit--WEIGHT_UNIT","interaction":{"idSuffix":"inner"}},"wdio_ui5_key":"applicationmanageresources-display-component---newResourceUnit--WEIGHT_UNIT"}]}
RESULT: undefined
COMMAND: POST /session/c1955427c912c9ca8e293616318541a3/execute/async - {"script":"<script> [776 bytes]","args":[{"enterText":"Gram","selector":{"id":"application-manageresources-display-component---newResourceUnit--WEIGHT_UNIT","interaction":{"idSuffix":"inner"}},"clearTextFirst":true,"interactionType":"ENTER_TEXT"}]}
RESULT: {"script":"<script> [776 bytes]","args":[{"enterText":"Gram","selector":{"id":"application-manageresources-display-component---newResourceUnit--WEIGHT_UNIT","interaction":{"idSuffix":"inner"}},"clearTextFirst":true,"interactionType":"ENTER_TEXT"}]}
COMMAND: POST /session/c1955427c912c9ca8e293616318541a3/execute/async - {"script":"<script> [1562 bytes]","args":[{"selector":{"id":"application-manageresources-display-component---newResourceUnit--DIMENSION_UNIT","interaction":{"idSuffix":"inner"}},"wdio_ui5_key":"applicationmanageresources-display-component---newResourceUnit--DIMENSION_UNIT"}]}
RESULT: {"script":"<script> [1562 bytes]","args":[{"selector":{"id":"application-manageresources-display-component---newResourceUnit--DIMENSION_UNIT","interaction":{"idSuffix":"inner"}},"wdio_ui5_key":"applicationmanageresources-display-component---newResourceUnit--DIMENSION_UNIT"}]}
RESULT: undefined
COMMAND: POST /session/c1955427c912c9ca8e293616318541a3/execute/async - {"script":"<script> [776 bytes]","args":[{"enterText":"Meter","selector":{"id":"application-manageresources-display-component---newResourceUnit--DIMENSION_UNIT","interaction":{"idSuffix":"inner"}},"clearTextFirst":true,"interactionType":"ENTER_TEXT"}]}
RESULT: {"script":"<script> [776 bytes]","args":[{"enterText":"Meter","selector":{"id":"application-manageresources-display-component---newResourceUnit--DIMENSION_UNIT","interaction":{"idSuffix":"inner"}},"clearTextFirst":true,"interactionType":"ENTER_TEXT"}]}
COMMAND: POST /session/c1955427c912c9ca8e293616318541a3/execute/async - {"script":"<script> [1562 bytes]","args":[{"selector":{"id":"application-manageresources-display-component---newResourceUnit--newRRUPage-anchBar-application-manageresources-display-component---newResourceUnit--control-anchor","interaction":{"idSuffix":"BDI-content"}},"wdio_ui5_key":"applicationmanageresources-display-component---newResourceUnit--newRRUPage-anchBar-application-manageresources-display-component---newResourceUnit--control-anchor"}]}
RESULT: {"script":"<script> [1562 bytes]","args":[{"selector":{"id":"application-manageresources-display-component---newResourceUnit--newRRUPage-anchBar-application-manageresources-display-component---newResourceUnit--control-anchor","interaction":{"idSuffix":"BDI-content"}},"wdio_ui5_key":"applicationmanageresources-display-component---newResourceUnit--newRRUPage-anchBar-application-manageresources-display-component---newResourceUnit--control-anchor"}]}
RESULT: undefined
COMMAND: POST /session/c1955427c912c9ca8e293616318541a3/element - {"using":"xpath","value":"//*[@id=\"application-manageresources-display-component---newResourceUnit--newRRUPage-anchBar-application-manageresources-display-component---newResourceUnit--control-anchor\"]"}
RESULT: {"using":"xpath","value":"//*[@id=\"application-manageresources-display-component---newResourceUnit--newRRUPage-anchBar-application-manageresources-display-component---newResourceUnit--control-anchor\"]"}
COMMAND: POST /session/c1955427c912c9ca8e293616318541a3/element/f.5DBEA6FA2B2306711F2E61D56D394A89.d.D921F9FF2CF87162800DE889AAD99B8E.e.8496/click - {}
RESULT: {}
COMMAND: POST /session/c1955427c912c9ca8e293616318541a3/execute/async - {"script":"<script> [1562 bytes]","args":[{"selector":{"id":"application-manageresources-display-component---newResourceUnit--PLANNING_GROUP","interaction":{"idSuffix":"inner"}},"wdio_ui5_key":"applicationmanageresources-display-component---newResourceUnit--PLANNING_GROUP"}]}
COMMAND: GET /session/c1955427c912c9ca8e293616318541a3/screenshot - {}
RESULT: {"script":"<script> [1562 bytes]","args":[{"selector":{"id":"application-manageresources-display-component---newResourceUnit--PLANNING_GROUP","interaction":{"idSuffix":"inner"}},"wdio_ui5_key":"applicationmanageresources-display-component---newResourceUnit--PLANNING_GROUP"}]}
RESULT: undefined
COMMAND: POST /session/c1955427c912c9ca8e293616318541a3/execute/async - {"script":"<script> [776 bytes]","args":[{"enterText":"Heavy Equi","selector":{"id":"application-manageresources-display-component---newResourceUnit--PLANNING_GROUP","interaction":{"idSuffix":"inner"}},"clearTextFirst":true,"interactionType":"ENTER_TEXT"}]}
RESULT: {}
RESULT: {"script":"<script> [776 bytes]","args":[{"enterText":"Heavy Equi","selector":{"id":"application-manageresources-display-component---newResourceUnit--PLANNING_GROUP","interaction":{"idSuffix":"inner"}},"clearTextFirst":true,"interactionType":"ENTER_TEXT"}]}
COMMAND: POST /session/c1955427c912c9ca8e293616318541a3/execute/async - {"script":"<script> [1562 bytes]","args":[{"selector":{"id":"application-manageresources-display-component---newResourceUnit--ITEM_TYPE-arrow"},"wdio_ui5_key":"applicationmanageresources-display-component---newResourceUnit--ITEM_TYPE-arrow"}]}
RESULT: {"script":"<script> [1562 bytes]","args":[{"selector":{"id":"application-manageresources-display-component---newResourceUnit--ITEM_TYPE-arrow"},"wdio_ui5_key":"applicationmanageresources-display-component---newResourceUnit--ITEM_TYPE-arrow"}]}
RESULT: undefined
COMMAND: POST /session/c1955427c912c9ca8e293616318541a3/element - {"using":"xpath","value":"//*[@id=\"application-manageresources-display-component---newResourceUnit--ITEM_TYPE-arrow\"]"}
RESULT: {"using":"xpath","value":"//*[@id=\"application-manageresources-display-component---newResourceUnit--ITEM_TYPE-arrow\"]"}
COMMAND: POST /session/c1955427c912c9ca8e293616318541a3/element/f.5DBEA6FA2B2306711F2E61D56D394A89.d.D921F9FF2CF87162800DE889AAD99B8E.e.8503/click - {}
RESULT: {}
COMMAND: POST /session/c1955427c912c9ca8e293616318541a3/element - {"using":"xpath","value":"//ul[contains(@id,\"ITEM_TYPE-popup-list-listUl\")]//li[.//span[contains(text(),\"Resource Unit\")]]"}
COMMAND: GET /session/c1955427c912c9ca8e293616318541a3/screenshot - {}
RESULT: {"using":"xpath","value":"//ul[contains(@id,\"ITEM_TYPE-popup-list-listUl\")]//li[.//span[contains(text(),\"Resource Unit\")]]"}
COMMAND: POST /session/c1955427c912c9ca8e293616318541a3/element/f.5DBEA6FA2B2306711F2E61D56D394A89.d.D921F9FF2CF87162800DE889AAD99B8E.e.8504/click - {}
RESULT: {}
RESULT: {}
COMMAND: GET /session/c1955427c912c9ca8e293616318541a3/screenshot - {}
RESULT: {}
COMMAND: POST /session/c1955427c912c9ca8e293616318541a3/element - {"using":"css selector","value":"#application-manageresources-display-component---newResourceUnit--btnAddTimeSegment"}
RESULT: {"using":"css selector","value":"#application-manageresources-display-component---newResourceUnit--btnAddTimeSegment"}
COMMAND: GET /session/c1955427c912c9ca8e293616318541a3/element/f.5DBEA6FA2B2306711F2E61D56D394A89.d.D921F9FF2CF87162800DE889AAD99B8E.e.8513/rect - {}
RESULT: {}
COMMAND: GET /session/c1955427c912c9ca8e293616318541a3/window/rect - {}
RESULT: {}
COMMAND: POST /session/c1955427c912c9ca8e293616318541a3/execute/sync - {"script":"<script> [92 bytes]","args":[]}
RESULT: {"script":"<script> [92 bytes]","args":[]}
COMMAND: POST /session/c1955427c912c9ca8e293616318541a3/actions - {"actions":[{"id":"action23","type":"wheel","parameters":{},"actions":[{"type":"scroll","x":-1888,"y":-32,"deltaX":0,"deltaY":0,"duration":0,"origin":{"element-6066-11e4-a52e-4f735466cecf":"f.5DBEA6FA2B2306711F2E61D56D394A89.d.D921F9FF2CF87162800DE889AAD99B8E.e.8513"}}]}]}
COMMAND: GET /session/c1955427c912c9ca8e293616318541a3/screenshot - {}
RESULT: {}
COMMAND: POST /session/c1955427c912c9ca8e293616318541a3/execute/sync - {"script":"<script> [79 bytes]","args":[{"element-6066-11e4-a52e-4f735466cecf":"f.5DBEA6FA2B2306711F2E61D56D394A89.d.D921F9FF2CF87162800DE889AAD99B8E.e.8513","ELEMENT":"f.5DBEA6FA2B2306711F2E61D56D394A89.d.D921F9FF2CF87162800DE889AAD99B8E.e.8513"},{"block":"start","inline":"nearest"}]}
RESULT: {"script":"<script> [79 bytes]","args":[{"element-6066-11e4-a52e-4f735466cecf":"f.5DBEA6FA2B2306711F2E61D56D394A89.d.D921F9FF2CF87162800DE889AAD99B8E.e.8513","ELEMENT":"f.5DBEA6FA2B2306711F2E61D56D394A89.d.D921F9FF2CF87162800DE889AAD99B8E.e.8513"},{"block":"start","inline":"nearest"}]}
COMMAND: POST /session/c1955427c912c9ca8e293616318541a3/execute/async - {"script":"<script> [1562 bytes]","args":[{"selector":{"id":"application-manageresources-display-component---newResourceUnit--btnAddTimeSegment","interaction":{"idSuffix":"inner"}},"wdio_ui5_key":"applicationmanageresources-display-component---newResourceUnit--btnAddTimeSegment"}]}
COMMAND: GET /session/c1955427c912c9ca8e293616318541a3/screenshot - {}
RESULT: {"script":"<script> [1562 bytes]","args":[{"selector":{"id":"application-manageresources-display-component---newResourceUnit--btnAddTimeSegment","interaction":{"idSuffix":"inner"}},"wdio_ui5_key":"applicationmanageresources-display-component---newResourceUnit--btnAddTimeSegment"}]}
RESULT: undefined
COMMAND: POST /session/c1955427c912c9ca8e293616318541a3/element - {"using":"xpath","value":"//*[@id=\"application-manageresources-display-component---newResourceUnit--btnAddTimeSegment\"]"}
RESULT: {}
RESULT: {"using":"xpath","value":"//*[@id=\"application-manageresources-display-component---newResourceUnit--btnAddTimeSegment\"]"}
COMMAND: POST /session/c1955427c912c9ca8e293616318541a3/element/f.5DBEA6FA2B2306711F2E61D56D394A89.d.D921F9FF2CF87162800DE889AAD99B8E.e.8513/click - {}
RESULT: {}
COMMAND: GET /session/c1955427c912c9ca8e293616318541a3/screenshot - {}
RESULT: {}
COMMAND: POST /session/c1955427c912c9ca8e293616318541a3/element - {"using":"xpath","value":"//input[@id=\"application-manageresources-display-component---newResourceUnit--idRuTSAdmin-application-manageresources-display-component---newResourceUnit--RUTimeSegment-0-inner\"]"}
RESULT: {"using":"xpath","value":"//input[@id=\"application-manageresources-display-component---newResourceUnit--idRuTSAdmin-application-manageresources-display-component---newResourceUnit--RUTimeSegment-0-inner\"]"}
COMMAND: POST /session/c1955427c912c9ca8e293616318541a3/element/f.5DBEA6FA2B2306711F2E61D56D394A89.d.D921F9FF2CF87162800DE889AAD99B8E.e.8519/clear - {}
RESULT: {}
COMMAND: POST /session/c1955427c912c9ca8e293616318541a3/element/f.5DBEA6FA2B2306711F2E61D56D394A89.d.D921F9FF2CF87162800DE889AAD99B8E.e.8519/value - {"text":"279"}
COMMAND: GET /session/c1955427c912c9ca8e293616318541a3/screenshot - {}
RESULT: {}
RESULT: {"text":"279"}
COMMAND: GET /session/c1955427c912c9ca8e293616318541a3/screenshot - {}
RESULT: {}
COMMAND: POST /session/c1955427c912c9ca8e293616318541a3/element - {"using":"xpath","value":"//li[.//span[text()='279']]"}
RESULT: {"using":"xpath","value":"//li[.//span[text()='279']]"}
COMMAND: POST /session/c1955427c912c9ca8e293616318541a3/element/f.5DBEA6FA2B2306711F2E61D56D394A89.d.D921F9FF2CF87162800DE889AAD99B8E.e.8531/click - {}
RESULT: {}
COMMAND: GET /session/c1955427c912c9ca8e293616318541a3/screenshot - {}
RESULT: {}
COMMAND: POST /session/c1955427c912c9ca8e293616318541a3/element - {"using":"xpath","value":"(//span[contains(@id, \"-application-manageresources-display-component---newResourceUnit--RUTimeSegment-0-arrow\")])[6]"}
RESULT: {"using":"xpath","value":"(//span[contains(@id, \"-application-manageresources-display-component---newResourceUnit--RUTimeSegment-0-arrow\")])[6]"}
COMMAND: POST /session/c1955427c912c9ca8e293616318541a3/element/f.5DBEA6FA2B2306711F2E61D56D394A89.d.D921F9FF2CF87162800DE889AAD99B8E.e.8532/click - {}
RESULT: {}
COMMAND: GET /session/c1955427c912c9ca8e293616318541a3/screenshot - {}
RESULT: {}
COMMAND: POST /session/c1955427c912c9ca8e293616318541a3/element - {"using":"xpath","value":"//span[contains(text(), \"PM Order\")]"}
RESULT: {"using":"xpath","value":"//span[contains(text(), \"PM Order\")]"}
COMMAND: POST /session/c1955427c912c9ca8e293616318541a3/element/f.5DBEA6FA2B2306711F2E61D56D394A89.d.D921F9FF2CF87162800DE889AAD99B8E.e.8535/click - {}
RESULT: {}
COMMAND: GET /session/c1955427c912c9ca8e293616318541a3/screenshot - {}
RESULT: {}
COMMAND: POST /session/c1955427c912c9ca8e293616318541a3/element - {"using":"xpath","value":"(//span[contains(@id ,\"manageresources-display-component---newResourceUnit--RUTimeSegment-0-vhi\")])[1]"}
RESULT: {"using":"xpath","value":"(//span[contains(@id ,\"manageresources-display-component---newResourceUnit--RUTimeSegment-0-vhi\")])[1]"}
COMMAND: GET /session/c1955427c912c9ca8e293616318541a3/element/f.5DBEA6FA2B2306711F2E61D56D394A89.d.D921F9FF2CF87162800DE889AAD99B8E.e.8539/rect - {}
RESULT: {}
COMMAND: GET /session/c1955427c912c9ca8e293616318541a3/window/rect - {}
RESULT: {}
COMMAND: POST /session/c1955427c912c9ca8e293616318541a3/execute/sync - {"script":"<script> [92 bytes]","args":[]}
RESULT: {"script":"<script> [92 bytes]","args":[]}
COMMAND: POST /session/c1955427c912c9ca8e293616318541a3/actions - {"actions":[{"id":"action24","type":"wheel","parameters":{},"actions":[{"type":"scroll","x":-869,"y":-24,"deltaX":0,"deltaY":0,"duration":0,"origin":{"element-6066-11e4-a52e-4f735466cecf":"f.5DBEA6FA2B2306711F2E61D56D394A89.d.D921F9FF2CF87162800DE889AAD99B8E.e.8539"}}]}]}
COMMAND: GET /session/c1955427c912c9ca8e293616318541a3/screenshot - {}
RESULT: {"actions":[{"id":"action24","type":"wheel","parameters":{},"actions":[{"type":"scroll","x":-869,"y":-24,"deltaX":0,"deltaY":0,"duration":0,"origin":{"element-6066-11e4-a52e-4f735466cecf":"f.5DBEA6FA2B2306711F2E61D56D394A89.d.D921F9FF2CF87162800DE889AAD99B8E.e.8539"}}]}]}
COMMAND: DELETE /session/c1955427c912c9ca8e293616318541a3/actions - {}
COMMAND: GET /session/c1955427c912c9ca8e293616318541a3/screenshot - {}
RESULT: {}
RESULT: {}
COMMAND: GET /session/c1955427c912c9ca8e293616318541a3/screenshot - {}
RESULT: {}
RESULT: {}
COMMAND: POST /session/c1955427c912c9ca8e293616318541a3/element/f.5DBEA6FA2B2306711F2E61D56D394A89.d.D921F9FF2CF87162800DE889AAD99B8E.e.8539/click - {}
RESULT: {}
COMMAND: GET /session/c1955427c912c9ca8e293616318541a3/screenshot - {}
RESULT: {}
RESULT: undefined
COMMAND: POST /session/c1955427c912c9ca8e293616318541a3/execute/async - {"script":"<script> [776 bytes]","args":[{"enterText":"4000360","selector":{"controlType":"sap.m.SearchField","properties":{"placeholder":"Search"},"searchOpenDialogs":true,"interaction":{"idSuffix":"I"}},"clearTextFirst":true,"interactionType":"ENTER_TEXT"}]}
RESULT: {"script":"<script> [776 bytes]","args":[{"enterText":"4000360","selector":{"controlType":"sap.m.SearchField","properties":{"placeholder":"Search"},"searchOpenDialogs":true,"interaction":{"idSuffix":"I"}},"clearTextFirst":true,"interactionType":"ENTER_TEXT"}]}
COMMAND: POST /session/c1955427c912c9ca8e293616318541a3/actions - {"actions":[{"id":"action25","type":"key","parameters":{},"actions":[{"type":"keyDown","value":""},{"type":"pause","duration":10},{"type":"keyUp","value":""}]}]}
RESULT: {"actions":[{"id":"action25","type":"key","parameters":{},"actions":[{"type":"keyDown","value":""},{"type":"pause","duration":10},{"type":"keyUp","value":""}]}]}
COMMAND: GET /session/c1955427c912c9ca8e293616318541a3/screenshot - {}
RESULT: {}
COMMAND: POST /session/c1955427c912c9ca8e293616318541a3/element - {"using":"xpath","value":"//td/div/span[contains(text(), \"BGL Vehicles\")]"}
RESULT: {"using":"xpath","value":"//td/div/span[contains(text(), \"BGL Vehicles\")]"}
COMMAND: POST /session/c1955427c912c9ca8e293616318541a3/element/f.5DBEA6FA2B2306711F2E61D56D394A89.d.D921F9FF2CF87162800DE889AAD99B8E.e.8559/click - {}
RESULT: {}
COMMAND: GET /session/c1955427c912c9ca8e293616318541a3/screenshot - {}
RESULT: {}
COMMAND: POST /session/c1955427c912c9ca8e293616318541a3/element - {"using":"xpath","value":"//bdi[contains(text(), \"OK\")]"}
RESULT: {"using":"xpath","value":"//bdi[contains(text(), \"OK\")]"}
COMMAND: POST /session/c1955427c912c9ca8e293616318541a3/element/f.5DBEA6FA2B2306711F2E61D56D394A89.d.D921F9FF2CF87162800DE889AAD99B8E.e.8560/click - {}
RESULT: {}
COMMAND: GET /session/c1955427c912c9ca8e293616318541a3/screenshot - {}
RESULT: {}
COMMAND: POST /session/c1955427c912c9ca8e293616318541a3/execute/async - {"script":"<script> [1562 bytes]","args":[{"selector":{"id":"application-manageresources-display-component---newResourceUnit--newRRUPage-anchBar-application-manageresources-display-component---newResourceUnit--resource-anchor","interaction":{"idSuffix":"BDI-content"}},"wdio_ui5_key":"applicationmanageresources-display-component---newResourceUnit--newRRUPage-anchBar-application-manageresources-display-component---newResourceUnit--resource-anchor"}]}
RESULT: {"script":"<script> [1562 bytes]","args":[{"selector":{"id":"application-manageresources-display-component---newResourceUnit--newRRUPage-anchBar-application-manageresources-display-component---newResourceUnit--resource-anchor","interaction":{"idSuffix":"BDI-content"}},"wdio_ui5_key":"applicationmanageresources-display-component---newResourceUnit--newRRUPage-anchBar-application-manageresources-display-component---newResourceUnit--resource-anchor"}]}
RESULT: undefined
COMMAND: POST /session/c1955427c912c9ca8e293616318541a3/element - {"using":"xpath","value":"//*[@id=\"application-manageresources-display-component---newResourceUnit--newRRUPage-anchBar-application-manageresources-display-component---newResourceUnit--resource-anchor\"]"}
RESULT: {"using":"xpath","value":"//*[@id=\"application-manageresources-display-component---newResourceUnit--newRRUPage-anchBar-application-manageresources-display-component---newResourceUnit--resource-anchor\"]"}
COMMAND: POST /session/c1955427c912c9ca8e293616318541a3/element/f.5DBEA6FA2B2306711F2E61D56D394A89.d.D921F9FF2CF87162800DE889AAD99B8E.e.8564/click - {}
RESULT: {}
COMMAND: POST /session/c1955427c912c9ca8e293616318541a3/execute/async - {"script":"<script> [1562 bytes]","args":[{"selector":{"id":"application-manageresources-display-component---newResourceUnit--PLANNED_DELIVERY_DATE","interaction":{"idSuffix":"inner"}},"wdio_ui5_key":"applicationmanageresources-display-component---newResourceUnit--PLANNED_DELIVERY_DATE"}]}
COMMAND: GET /session/c1955427c912c9ca8e293616318541a3/screenshot - {}
RESULT: {"script":"<script> [1562 bytes]","args":[{"selector":{"id":"application-manageresources-display-component---newResourceUnit--PLANNED_DELIVERY_DATE","interaction":{"idSuffix":"inner"}},"wdio_ui5_key":"applicationmanageresources-display-component---newResourceUnit--PLANNED_DELIVERY_DATE"}]}
RESULT: undefined
COMMAND: POST /session/c1955427c912c9ca8e293616318541a3/execute/async - {"script":"<script> [6424 bytes]","args":[{"element-6066-11e4-a52e-4f735466cecf":"f.5DBEA6FA2B2306711F2E61D56D394A89.d.D921F9FF2CF87162800DE889AAD99B8E.e.8395"},"setValue",["6/14/25"]]}
RESULT: {}
RESULT: {"script":"<script> [6424 bytes]","args":[{"element-6066-11e4-a52e-4f735466cecf":"f.5DBEA6FA2B2306711F2E61D56D394A89.d.D921F9FF2CF87162800DE889AAD99B8E.e.8395"},"setValue",["6/14/25"]]}
COMMAND: POST /session/c1955427c912c9ca8e293616318541a3/element - {"using":"xpath","value":"//label[contains(@class, 'sapMLabelRequired') and .//bdi[contains(text(), 'Planned Retirement')]]"}
RESULT: {"using":"xpath","value":"//label[contains(@class, 'sapMLabelRequired') and .//bdi[contains(text(), 'Planned Retirement')]]"}
COMMAND: POST /session/c1955427c912c9ca8e293616318541a3/elements - {"using":"xpath","value":"//label[contains(@class, 'sapMLabelRequired') and .//bdi[contains(text(), 'Planned Retirement')]]"}
RESULT: {"using":"xpath","value":"//label[contains(@class, 'sapMLabelRequired') and .//bdi[contains(text(), 'Planned Retirement')]]"}
COMMAND: POST /session/c1955427c912c9ca8e293616318541a3/element - {"using":"xpath","value":"//button[@data-kt=\"resourceUnitSaveButton\"]"}
RESULT: {"using":"xpath","value":"//button[@data-kt=\"resourceUnitSaveButton\"]"}
COMMAND: POST /session/c1955427c912c9ca8e293616318541a3/element/f.5DBEA6FA2B2306711F2E61D56D394A89.d.D921F9FF2CF87162800DE889AAD99B8E.e.8355/click - {}
RESULT: {}
COMMAND: GET /session/c1955427c912c9ca8e293616318541a3/screenshot - {}
RESULT: {}
COMMAND: POST /session/c1955427c912c9ca8e293616318541a3/element - {"using":"xpath","value":"//bdi[contains(text(), \"Close\")]"}
RESULT: {"using":"xpath","value":"//bdi[contains(text(), \"Close\")]"}
COMMAND: POST /session/c1955427c912c9ca8e293616318541a3/element/f.5DBEA6FA2B2306711F2E61D56D394A89.d.D921F9FF2CF87162800DE889AAD99B8E.e.8572/click - {}
RESULT: {}
COMMAND: GET /session/c1955427c912c9ca8e293616318541a3/screenshot - {}
RESULT: {}
COMMAND: POST /session/c1955427c912c9ca8e293616318541a3/element - {"using":"xpath","value":"(//button[contains(@id ,\"actionsToolbar-overflowButton\")])[1]"}
RESULT: {"using":"xpath","value":"(//button[contains(@id ,\"actionsToolbar-overflowButton\")])[1]"}
COMMAND: POST /session/c1955427c912c9ca8e293616318541a3/element/f.5DBEA6FA2B2306711F2E61D56D394A89.d.D921F9FF2CF87162800DE889AAD99B8E.e.8626/click - {}
RESULT: {}
COMMAND: GET /session/c1955427c912c9ca8e293616318541a3/screenshot - {}
RESULT: {}
COMMAND: POST /session/c1955427c912c9ca8e293616318541a3/element - {"using":"xpath","value":"//button[@data-kt=\"priceInfoButton\"]"}
RESULT: {"using":"xpath","value":"//button[@data-kt=\"priceInfoButton\"]"}
COMMAND: POST /session/c1955427c912c9ca8e293616318541a3/element/f.5DBEA6FA2B2306711F2E61D56D394A89.d.D921F9FF2CF87162800DE889AAD99B8E.e.8628/click - {}
RESULT: {}
COMMAND: GET /session/c1955427c912c9ca8e293616318541a3/screenshot - {}
RESULT: {}
COMMAND: POST /session/c1955427c912c9ca8e293616318541a3/element - {"using":"css selector","value":"#shell-header-logo"}
RESULT: {"using":"css selector","value":"#shell-header-logo"}
COMMAND: POST /session/c1955427c912c9ca8e293616318541a3/element/f.5DBEA6FA2B2306711F2E61D56D394A89.d.D921F9FF2CF87162800DE889AAD99B8E.e.7946/click - {}
RESULT: {}
COMMAND: GET /session/c1955427c912c9ca8e293616318541a3/screenshot - {}
RESULT: {}
COMMAND: POST /session/c1955427c912c9ca8e293616318541a3/execute/async - {"script":"<script> [1562 bytes]","args":[{"selector":{"controlType":"sap.m.GenericTile","properties":{"header":"Manage Handovers"}},"wdio_ui5_key":"sapm.GenericTile{\"header\":\"Manage Handovers\"}"}]}
RESULT: {"script":"<script> [1562 bytes]","args":[{"selector":{"controlType":"sap.m.GenericTile","properties":{"header":"Manage Handovers"}},"wdio_ui5_key":"sapm.GenericTile{\"header\":\"Manage Handovers\"}"}]}
RESULT: undefined
COMMAND: POST /session/c1955427c912c9ca8e293616318541a3/element - {"using":"xpath","value":"//*[@id=\"__tile132\"]"}
RESULT: {"using":"xpath","value":"//*[@id=\"__tile132\"]"}
COMMAND: POST /session/c1955427c912c9ca8e293616318541a3/element/f.5DBEA6FA2B2306711F2E61D56D394A89.d.D921F9FF2CF87162800DE889AAD99B8E.e.5588/click - {}
RESULT: {}
COMMAND: GET /session/c1955427c912c9ca8e293616318541a3/screenshot - {}
RESULT: {}
COMMAND: POST /session/c1955427c912c9ca8e293616318541a3/elements - {"using":"xpath","value":"//span[text()='Error']"}
RESULT: {"using":"xpath","value":"//span[text()='Error']"}
COMMAND: POST /session/c1955427c912c9ca8e293616318541a3/element - {"using":"xpath","value":"//button[@data-kt=\"masterHOAddButton\"]"}
RESULT: {"using":"xpath","value":"//button[@data-kt=\"masterHOAddButton\"]"}
COMMAND: POST /session/c1955427c912c9ca8e293616318541a3/elements - {"using":"xpath","value":"//button[@data-kt=\"masterHOAddButton\"]"}
RESULT: {"using":"xpath","value":"//button[@data-kt=\"masterHOAddButton\"]"}
COMMAND: POST /session/c1955427c912c9ca8e293616318541a3/execute/sync - {"script":"<script> [8489 bytes]","args":[{"element-6066-11e4-a52e-4f735466cecf":"f.5DBEA6FA2B2306711F2E61D56D394A89.d.D921F9FF2CF87162800DE889AAD99B8E.e.8671","ELEMENT":"f.5DBEA6FA2B2306711F2E61D56D394A89.d.D921F9FF2CF87162800DE889AAD99B8E.e.8671"}]}
RESULT: {"script":"<script> [8489 bytes]","args":[{"element-6066-11e4-a52e-4f735466cecf":"f.5DBEA6FA2B2306711F2E61D56D394A89.d.D921F9FF2CF87162800DE889AAD99B8E.e.8671","ELEMENT":"f.5DBEA6FA2B2306711F2E61D56D394A89.d.D921F9FF2CF87162800DE889AAD99B8E.e.8671"}]}
COMMAND: GET /session/c1955427c912c9ca8e293616318541a3/element/f.5DBEA6FA2B2306711F2E61D56D394A89.d.D921F9FF2CF87162800DE889AAD99B8E.e.8671/enabled - {}
COMMAND: GET /session/c1955427c912c9ca8e293616318541a3/screenshot - {}
RESULT: {}
COMMAND: POST /session/c1955427c912c9ca8e293616318541a3/execute/sync - {"script":"<script> [8489 bytes]","args":[{"element-6066-11e4-a52e-4f735466cecf":"f.5DBEA6FA2B2306711F2E61D56D394A89.d.D921F9FF2CF87162800DE889AAD99B8E.e.8671","ELEMENT":"f.5DBEA6FA2B2306711F2E61D56D394A89.d.D921F9FF2CF87162800DE889AAD99B8E.e.8671"}]}
COMMAND: GET /session/c1955427c912c9ca8e293616318541a3/screenshot - {}
RESULT: {}
RESULT: {"script":"<script> [8489 bytes]","args":[{"element-6066-11e4-a52e-4f735466cecf":"f.5DBEA6FA2B2306711F2E61D56D394A89.d.D921F9FF2CF87162800DE889AAD99B8E.e.8671","ELEMENT":"f.5DBEA6FA2B2306711F2E61D56D394A89.d.D921F9FF2CF87162800DE889AAD99B8E.e.8671"}]}
COMMAND: POST /session/c1955427c912c9ca8e293616318541a3/execute/sync - {"script":"<script> [5351 bytes]","args":[{"element-6066-11e4-a52e-4f735466cecf":"f.5DBEA6FA2B2306711F2E61D56D394A89.d.D921F9FF2CF87162800DE889AAD99B8E.e.8671","ELEMENT":"f.5DBEA6FA2B2306711F2E61D56D394A89.d.D921F9FF2CF87162800DE889AAD99B8E.e.8671"}]}
COMMAND: GET /session/c1955427c912c9ca8e293616318541a3/screenshot - {}
RESULT: {}
RESULT: {"script":"<script> [5351 bytes]","args":[{"element-6066-11e4-a52e-4f735466cecf":"f.5DBEA6FA2B2306711F2E61D56D394A89.d.D921F9FF2CF87162800DE889AAD99B8E.e.8671","ELEMENT":"f.5DBEA6FA2B2306711F2E61D56D394A89.d.D921F9FF2CF87162800DE889AAD99B8E.e.8671"}]}
COMMAND: POST /session/c1955427c912c9ca8e293616318541a3/element/f.5DBEA6FA2B2306711F2E61D56D394A89.d.D921F9FF2CF87162800DE889AAD99B8E.e.8671/click - {}
COMMAND: GET /session/c1955427c912c9ca8e293616318541a3/screenshot - {}
RESULT: {}
RESULT: {}
COMMAND: GET /session/c1955427c912c9ca8e293616318541a3/screenshot - {}
RESULT: {}
RESULT: {}
COMMAND: POST /session/c1955427c912c9ca8e293616318541a3/element - {"using":"xpath","value":"//span[contains(@id ,\"AddNewHO--typeSelect-arrow\")]"}
RESULT: {"using":"xpath","value":"//span[contains(@id ,\"AddNewHO--typeSelect-arrow\")]"}
COMMAND: POST /session/c1955427c912c9ca8e293616318541a3/element/f.5DBEA6FA2B2306711F2E61D56D394A89.d.D921F9FF2CF87162800DE889AAD99B8E.e.9009/click - {}
RESULT: {}
COMMAND: GET /session/c1955427c912c9ca8e293616318541a3/screenshot - {}
RESULT: {}
COMMAND: POST /session/c1955427c912c9ca8e293616318541a3/element - {"using":"xpath","value":"(//li[contains(text(), \"stock increase yard\")])[1]"}
RESULT: {"using":"xpath","value":"(//li[contains(text(), \"stock increase yard\")])[1]"}
COMMAND: POST /session/c1955427c912c9ca8e293616318541a3/element/f.5DBEA6FA2B2306711F2E61D56D394A89.d.D921F9FF2CF87162800DE889AAD99B8E.e.9010/click - {}
RESULT: {}
COMMAND: GET /session/c1955427c912c9ca8e293616318541a3/screenshot - {}
RESULT: {}
COMMAND: POST /session/c1955427c912c9ca8e293616318541a3/execute/async - {"script":"<script> [1562 bytes]","args":[{"selector":{"id":"application-managehandovers-display-component---AddNewHO--dueDate","interaction":{"idSuffix":"inner"}},"wdio_ui5_key":"applicationmanagehandovers-display-component---AddNewHO--dueDate"}]}
RESULT: {"script":"<script> [1562 bytes]","args":[{"selector":{"id":"application-managehandovers-display-component---AddNewHO--dueDate","interaction":{"idSuffix":"inner"}},"wdio_ui5_key":"applicationmanagehandovers-display-component---AddNewHO--dueDate"}]}
RESULT: undefined
COMMAND: POST /session/c1955427c912c9ca8e293616318541a3/execute/async - {"script":"<script> [6424 bytes]","args":[{"element-6066-11e4-a52e-4f735466cecf":"f.5DBEA6FA2B2306711F2E61D56D394A89.d.D921F9FF2CF87162800DE889AAD99B8E.e.9012"},"setValue",["6/14/25"]]}
RESULT: {"script":"<script> [6424 bytes]","args":[{"element-6066-11e4-a52e-4f735466cecf":"f.5DBEA6FA2B2306711F2E61D56D394A89.d.D921F9FF2CF87162800DE889AAD99B8E.e.9012"},"setValue",["6/14/25"]]}
COMMAND: POST /session/c1955427c912c9ca8e293616318541a3/element - {"using":"xpath","value":"//input[@id=\"generalSectionFrg--receiveYard-inner\"]"}
RESULT: {"using":"xpath","value":"//input[@id=\"generalSectionFrg--receiveYard-inner\"]"}
COMMAND: POST /session/c1955427c912c9ca8e293616318541a3/element/f.5DBEA6FA2B2306711F2E61D56D394A89.d.D921F9FF2CF87162800DE889AAD99B8E.e.9018/clear - {}
RESULT: {}
COMMAND: POST /session/c1955427c912c9ca8e293616318541a3/element/f.5DBEA6FA2B2306711F2E61D56D394A89.d.D921F9FF2CF87162800DE889AAD99B8E.e.9018/value - {"text":"279"}
COMMAND: GET /session/c1955427c912c9ca8e293616318541a3/screenshot - {}
RESULT: {"text":"279"}
COMMAND: GET /session/c1955427c912c9ca8e293616318541a3/screenshot - {}
RESULT: {}
RESULT: {}
COMMAND: POST /session/c1955427c912c9ca8e293616318541a3/element - {"using":"xpath","value":"//li[.//span[contains(normalize-space(.), '279 -')]]"}
RESULT: {"using":"xpath","value":"//li[.//span[contains(normalize-space(.), '279 -')]]"}
COMMAND: POST /session/c1955427c912c9ca8e293616318541a3/element/f.5DBEA6FA2B2306711F2E61D56D394A89.d.D921F9FF2CF87162800DE889AAD99B8E.e.9036/click - {}
RESULT: {}
COMMAND: GET /session/c1955427c912c9ca8e293616318541a3/screenshot - {}
RESULT: {}
COMMAND: POST /session/c1955427c912c9ca8e293616318541a3/execute/async - {"script":"<script> [1562 bytes]","args":[{"selector":{"id":"application-managehandovers-display-component---AddNewHO--ObjectPageLayout-anchBar-application-managehandovers-display-component---AddNewHO--section4-anchor","interaction":{"idSuffix":"BDI-content"}},"wdio_ui5_key":"applicationmanagehandovers-display-component---AddNewHO--ObjectPageLayout-anchBar-application-managehandovers-display-component---AddNewHO--section4-anchor"}]}
RESULT: {"script":"<script> [1562 bytes]","args":[{"selector":{"id":"application-managehandovers-display-component---AddNewHO--ObjectPageLayout-anchBar-application-managehandovers-display-component---AddNewHO--section4-anchor","interaction":{"idSuffix":"BDI-content"}},"wdio_ui5_key":"applicationmanagehandovers-display-component---AddNewHO--ObjectPageLayout-anchBar-application-managehandovers-display-component---AddNewHO--section4-anchor"}]}
RESULT: undefined
COMMAND: POST /session/c1955427c912c9ca8e293616318541a3/element - {"using":"xpath","value":"//*[@id=\"application-managehandovers-display-component---AddNewHO--ObjectPageLayout-anchBar-application-managehandovers-display-component---AddNewHO--section4-anchor\"]"}
RESULT: {"using":"xpath","value":"//*[@id=\"application-managehandovers-display-component---AddNewHO--ObjectPageLayout-anchBar-application-managehandovers-display-component---AddNewHO--section4-anchor\"]"}
COMMAND: POST /session/c1955427c912c9ca8e293616318541a3/element/f.5DBEA6FA2B2306711F2E61D56D394A89.d.D921F9FF2CF87162800DE889AAD99B8E.e.9038/click - {}
RESULT: {}
COMMAND: GET /session/c1955427c912c9ca8e293616318541a3/screenshot - {}
RESULT: {}
COMMAND: POST /session/c1955427c912c9ca8e293616318541a3/element - {"using":"xpath","value":"//button[@aria-label=\"Add\"]"}
RESULT: {"using":"xpath","value":"//button[@aria-label=\"Add\"]"}
COMMAND: POST /session/c1955427c912c9ca8e293616318541a3/element/f.5DBEA6FA2B2306711F2E61D56D394A89.d.D921F9FF2CF87162800DE889AAD99B8E.e.9042/click - {}
RESULT: {}
COMMAND: GET /session/c1955427c912c9ca8e293616318541a3/screenshot - {}
RESULT: {}
COMMAND: POST /session/c1955427c912c9ca8e293616318541a3/execute/async - {"script":"<script> [1562 bytes]","args":[{"selector":{"id":"application-managehandovers-display-component---AddNewHO--smartFilterBar-btnBasicSearch","searchOpenDialogs":true,"interaction":{"idSuffix":"I"}},"wdio_ui5_key":"applicationmanagehandovers-display-component---AddNewHO--smartFilterBar-btnBasicSearch"}]}
RESULT: {"script":"<script> [1562 bytes]","args":[{"selector":{"id":"application-managehandovers-display-component---AddNewHO--smartFilterBar-btnBasicSearch","searchOpenDialogs":true,"interaction":{"idSuffix":"I"}},"wdio_ui5_key":"applicationmanagehandovers-display-component---AddNewHO--smartFilterBar-btnBasicSearch"}]}
RESULT: undefined
COMMAND: POST /session/c1955427c912c9ca8e293616318541a3/execute/async - {"script":"<script> [776 bytes]","args":[{"enterText":"d8FF8JLG2C","selector":{"id":"application-managehandovers-display-component---AddNewHO--smartFilterBar-btnBasicSearch","searchOpenDialogs":true,"interaction":{"idSuffix":"I"}},"clearTextFirst":true,"interactionType":"ENTER_TEXT"}]}
RESULT: {"script":"<script> [776 bytes]","args":[{"enterText":"d8FF8JLG2C","selector":{"id":"application-managehandovers-display-component---AddNewHO--smartFilterBar-btnBasicSearch","searchOpenDialogs":true,"interaction":{"idSuffix":"I"}},"clearTextFirst":true,"interactionType":"ENTER_TEXT"}]}
COMMAND: POST /session/c1955427c912c9ca8e293616318541a3/actions - {"actions":[{"id":"action26","type":"key","parameters":{},"actions":[{"type":"keyDown","value":""},{"type":"pause","duration":10},{"type":"keyUp","value":""}]}]}
RESULT: {"actions":[{"id":"action26","type":"key","parameters":{},"actions":[{"type":"keyDown","value":""},{"type":"pause","duration":10},{"type":"keyUp","value":""}]}]}
COMMAND: GET /session/c1955427c912c9ca8e293616318541a3/screenshot - {}
RESULT: {}
COMMAND: POST /session/c1955427c912c9ca8e293616318541a3/execute/async - {"script":"<script> [1562 bytes]","args":[{"selector":{"id":"application-managehandovers-display-component---AddNewHO--popup-sa","searchOpenDialogs":true,"interaction":{"idSuffix":"CbBg"}},"wdio_ui5_key":"applicationmanagehandovers-display-component---AddNewHO--popup-sa"}]}
RESULT: {"script":"<script> [1562 bytes]","args":[{"selector":{"id":"application-managehandovers-display-component---AddNewHO--popup-sa","searchOpenDialogs":true,"interaction":{"idSuffix":"CbBg"}},"wdio_ui5_key":"applicationmanagehandovers-display-component---AddNewHO--popup-sa"}]}
RESULT: undefined
COMMAND: POST /session/c1955427c912c9ca8e293616318541a3/element - {"using":"xpath","value":"//*[@id=\"application-managehandovers-display-component---AddNewHO--popup-sa\"]"}
RESULT: {"using":"xpath","value":"//*[@id=\"application-managehandovers-display-component---AddNewHO--popup-sa\"]"}
COMMAND: POST /session/c1955427c912c9ca8e293616318541a3/element/f.5DBEA6FA2B2306711F2E61D56D394A89.d.D921F9FF2CF87162800DE889AAD99B8E.e.9194/click - {}
RESULT: {}
COMMAND: GET /session/c1955427c912c9ca8e293616318541a3/screenshot - {}
RESULT: {}
COMMAND: POST /session/c1955427c912c9ca8e293616318541a3/element - {"using":"xpath","value":"//bdi[contains(text(), \"Select\")]"}
RESULT: {"using":"xpath","value":"//bdi[contains(text(), \"Select\")]"}
COMMAND: POST /session/c1955427c912c9ca8e293616318541a3/element/f.5DBEA6FA2B2306711F2E61D56D394A89.d.D921F9FF2CF87162800DE889AAD99B8E.e.9195/click - {}
RESULT: {}
COMMAND: GET /session/c1955427c912c9ca8e293616318541a3/screenshot - {}
RESULT: {}
COMMAND: POST /session/c1955427c912c9ca8e293616318541a3/element - {"using":"xpath","value":"//button[@data-kt=\"AddNewHOSaveButton\"]"}
RESULT: {"using":"xpath","value":"//button[@data-kt=\"AddNewHOSaveButton\"]"}
COMMAND: POST /session/c1955427c912c9ca8e293616318541a3/element/f.5DBEA6FA2B2306711F2E61D56D394A89.d.D921F9FF2CF87162800DE889AAD99B8E.e.9199/click - {}
RESULT: {}
COMMAND: GET /session/c1955427c912c9ca8e293616318541a3/screenshot - {}
RESULT: {}
COMMAND: POST /session/c1955427c912c9ca8e293616318541a3/execute/async - {"script":"<script> [1562 bytes]","args":[{"selector":{"id":"receiptDatePicker","viewName":"etm.portal.ui.managehandovers.view.DetailExecuteHO","interaction":{"idSuffix":"inner"}},"wdio_ui5_key":"receiptDatePickeretmportal.ui.managehandovers.view.DetailExecuteHO"}]}
RESULT: {"script":"<script> [1562 bytes]","args":[{"selector":{"id":"receiptDatePicker","viewName":"etm.portal.ui.managehandovers.view.DetailExecuteHO","interaction":{"idSuffix":"inner"}},"wdio_ui5_key":"receiptDatePickeretmportal.ui.managehandovers.view.DetailExecuteHO"}]}
RESULT: undefined
COMMAND: POST /session/c1955427c912c9ca8e293616318541a3/execute/async - {"script":"<script> [6424 bytes]","args":[{"element-6066-11e4-a52e-4f735466cecf":"f.5DBEA6FA2B2306711F2E61D56D394A89.d.D921F9FF2CF87162800DE889AAD99B8E.e.9229"},"setValue",["6/14/25"]]}
RESULT: {"script":"<script> [6424 bytes]","args":[{"element-6066-11e4-a52e-4f735466cecf":"f.5DBEA6FA2B2306711F2E61D56D394A89.d.D921F9FF2CF87162800DE889AAD99B8E.e.9229"},"setValue",["6/14/25"]]}
COMMAND: POST /session/c1955427c912c9ca8e293616318541a3/element - {"using":"xpath","value":"//button[@data-kt=\"ReceivingTableConfirmAllButton\"]"}
RESULT: {"using":"xpath","value":"//button[@data-kt=\"ReceivingTableConfirmAllButton\"]"}
COMMAND: POST /session/c1955427c912c9ca8e293616318541a3/element/f.5DBEA6FA2B2306711F2E61D56D394A89.d.D921F9FF2CF87162800DE889AAD99B8E.e.9244/click - {}
RESULT: {}
COMMAND: GET /session/c1955427c912c9ca8e293616318541a3/screenshot - {}
RESULT: {}
COMMAND: POST /session/c1955427c912c9ca8e293616318541a3/element - {"using":"xpath","value":"//bdi[contains(text(), \"OK\")]"}
RESULT: {"using":"xpath","value":"//bdi[contains(text(), \"OK\")]"}
COMMAND: POST /session/c1955427c912c9ca8e293616318541a3/element/f.5DBEA6FA2B2306711F2E61D56D394A89.d.D921F9FF2CF87162800DE889AAD99B8E.e.9246/click - {}
RESULT: {}
COMMAND: GET /session/c1955427c912c9ca8e293616318541a3/screenshot - {}
RESULT: {}
COMMAND: POST /session/c1955427c912c9ca8e293616318541a3/element - {"using":"xpath","value":"(//bdi[contains(text(), \"Receive\")])[2]"}
RESULT: {"using":"xpath","value":"(//bdi[contains(text(), \"Receive\")])[2]"}
COMMAND: POST /session/c1955427c912c9ca8e293616318541a3/element/f.5DBEA6FA2B2306711F2E61D56D394A89.d.D921F9FF2CF87162800DE889AAD99B8E.e.9248/click - {}
RESULT: {}
COMMAND: GET /session/c1955427c912c9ca8e293616318541a3/screenshot - {}
RESULT: {}
COMMAND: POST /session/c1955427c912c9ca8e293616318541a3/element - {"using":"css selector","value":"#shell-header-logo"}
RESULT: {"using":"css selector","value":"#shell-header-logo"}
COMMAND: POST /session/c1955427c912c9ca8e293616318541a3/element/f.5DBEA6FA2B2306711F2E61D56D394A89.d.D921F9FF2CF87162800DE889AAD99B8E.e.8634/click - {}
RESULT: {}
COMMAND: GET /session/c1955427c912c9ca8e293616318541a3/screenshot - {}
RESULT: {}
COMMAND: POST /session/c1955427c912c9ca8e293616318541a3/execute/async - {"script":"<script> [1562 bytes]","args":[{"selector":{"controlType":"sap.m.GenericTile","properties":{"header":"Manage Contracts"}},"wdio_ui5_key":"sapm.GenericTile{\"header\":\"Manage Contracts\"}"}]}
RESULT: {"script":"<script> [1562 bytes]","args":[{"selector":{"controlType":"sap.m.GenericTile","properties":{"header":"Manage Contracts"}},"wdio_ui5_key":"sapm.GenericTile{\"header\":\"Manage Contracts\"}"}]}
RESULT: undefined
COMMAND: POST /session/c1955427c912c9ca8e293616318541a3/element - {"using":"xpath","value":"//*[@id=\"__tile133\"]"}
RESULT: {"using":"xpath","value":"//*[@id=\"__tile133\"]"}
COMMAND: POST /session/c1955427c912c9ca8e293616318541a3/element/f.5DBEA6FA2B2306711F2E61D56D394A89.d.D921F9FF2CF87162800DE889AAD99B8E.e.5577/click - {}
RESULT: {}
COMMAND: GET /session/c1955427c912c9ca8e293616318541a3/screenshot - {}
RESULT: {}
COMMAND: POST /session/c1955427c912c9ca8e293616318541a3/elements - {"using":"xpath","value":"//span[text()='Error']"}
RESULT: {"using":"xpath","value":"//span[text()='Error']"}
COMMAND: POST /session/c1955427c912c9ca8e293616318541a3/element - {"using":"xpath","value":"//button[@data-kt=\"addButton\"]"}
RESULT: {"using":"xpath","value":"//button[@data-kt=\"addButton\"]"}
COMMAND: POST /session/c1955427c912c9ca8e293616318541a3/elements - {"using":"xpath","value":"//button[@data-kt=\"addButton\"]"}
RESULT: {"using":"xpath","value":"//button[@data-kt=\"addButton\"]"}
COMMAND: POST /session/c1955427c912c9ca8e293616318541a3/execute/sync - {"script":"<script> [8489 bytes]","args":[{"element-6066-11e4-a52e-4f735466cecf":"f.5DBEA6FA2B2306711F2E61D56D394A89.d.D921F9FF2CF87162800DE889AAD99B8E.e.9468","ELEMENT":"f.5DBEA6FA2B2306711F2E61D56D394A89.d.D921F9FF2CF87162800DE889AAD99B8E.e.9468"}]}
RESULT: {"script":"<script> [8489 bytes]","args":[{"element-6066-11e4-a52e-4f735466cecf":"f.5DBEA6FA2B2306711F2E61D56D394A89.d.D921F9FF2CF87162800DE889AAD99B8E.e.9468","ELEMENT":"f.5DBEA6FA2B2306711F2E61D56D394A89.d.D921F9FF2CF87162800DE889AAD99B8E.e.9468"}]}
COMMAND: GET /session/c1955427c912c9ca8e293616318541a3/element/f.5DBEA6FA2B2306711F2E61D56D394A89.d.D921F9FF2CF87162800DE889AAD99B8E.e.9468/enabled - {}
COMMAND: GET /session/c1955427c912c9ca8e293616318541a3/screenshot - {}
RESULT: {}
COMMAND: POST /session/c1955427c912c9ca8e293616318541a3/execute/sync - {"script":"<script> [8489 bytes]","args":[{"element-6066-11e4-a52e-4f735466cecf":"f.5DBEA6FA2B2306711F2E61D56D394A89.d.D921F9FF2CF87162800DE889AAD99B8E.e.9468","ELEMENT":"f.5DBEA6FA2B2306711F2E61D56D394A89.d.D921F9FF2CF87162800DE889AAD99B8E.e.9468"}]}
COMMAND: GET /session/c1955427c912c9ca8e293616318541a3/screenshot - {}
RESULT: {}
RESULT: {"script":"<script> [8489 bytes]","args":[{"element-6066-11e4-a52e-4f735466cecf":"f.5DBEA6FA2B2306711F2E61D56D394A89.d.D921F9FF2CF87162800DE889AAD99B8E.e.9468","ELEMENT":"f.5DBEA6FA2B2306711F2E61D56D394A89.d.D921F9FF2CF87162800DE889AAD99B8E.e.9468"}]}
COMMAND: POST /session/c1955427c912c9ca8e293616318541a3/execute/sync - {"script":"<script> [5351 bytes]","args":[{"element-6066-11e4-a52e-4f735466cecf":"f.5DBEA6FA2B2306711F2E61D56D394A89.d.D921F9FF2CF87162800DE889AAD99B8E.e.9468","ELEMENT":"f.5DBEA6FA2B2306711F2E61D56D394A89.d.D921F9FF2CF87162800DE889AAD99B8E.e.9468"}]}
COMMAND: GET /session/c1955427c912c9ca8e293616318541a3/screenshot - {}
RESULT: {}
RESULT: {"script":"<script> [5351 bytes]","args":[{"element-6066-11e4-a52e-4f735466cecf":"f.5DBEA6FA2B2306711F2E61D56D394A89.d.D921F9FF2CF87162800DE889AAD99B8E.e.9468","ELEMENT":"f.5DBEA6FA2B2306711F2E61D56D394A89.d.D921F9FF2CF87162800DE889AAD99B8E.e.9468"}]}
COMMAND: GET /session/c1955427c912c9ca8e293616318541a3/screenshot - {}
RESULT: {}
RESULT: {}
COMMAND: POST /session/c1955427c912c9ca8e293616318541a3/element/f.5DBEA6FA2B2306711F2E61D56D394A89.d.D921F9FF2CF87162800DE889AAD99B8E.e.9468/click - {}
RESULT: {}
COMMAND: GET /session/c1955427c912c9ca8e293616318541a3/screenshot - {}
COMMAND: POST /session/c1955427c912c9ca8e293616318541a3/execute/async - {"script":"<script> [1562 bytes]","args":[{"selector":{"id":"application-managecontracts-display-component---AddNewContract--projectDescription","interaction":{"idSuffix":"inner"}},"wdio_ui5_key":"applicationmanagecontracts-display-component---AddNewContract--projectDescription"}]}
RESULT: {}
RESULT: {"script":"<script> [1562 bytes]","args":[{"selector":{"id":"application-managecontracts-display-component---AddNewContract--projectDescription","interaction":{"idSuffix":"inner"}},"wdio_ui5_key":"applicationmanagecontracts-display-component---AddNewContract--projectDescription"}]}
RESULT: undefined
COMMAND: POST /session/c1955427c912c9ca8e293616318541a3/execute/async - {"script":"<script> [776 bytes]","args":[{"enterText":"Performance Contract WDIO","selector":{"id":"application-managecontracts-display-component---AddNewContract--projectDescription","interaction":{"idSuffix":"inner"}},"clearTextFirst":true,"interactionType":"ENTER_TEXT"}]}
RESULT: {"script":"<script> [776 bytes]","args":[{"enterText":"Performance Contract WDIO","selector":{"id":"application-managecontracts-display-component---AddNewContract--projectDescription","interaction":{"idSuffix":"inner"}},"clearTextFirst":true,"interactionType":"ENTER_TEXT"}]}
COMMAND: POST /session/c1955427c912c9ca8e293616318541a3/element - {"using":"xpath","value":"//input[@id=\"application-managecontracts-display-component---AddNewContract--site-inner\"]"}
RESULT: {"using":"xpath","value":"//input[@id=\"application-managecontracts-display-component---AddNewContract--site-inner\"]"}
COMMAND: POST /session/c1955427c912c9ca8e293616318541a3/element/f.5DBEA6FA2B2306711F2E61D56D394A89.d.D921F9FF2CF87162800DE889AAD99B8E.e.9783/clear - {}
RESULT: {}
COMMAND: POST /session/c1955427c912c9ca8e293616318541a3/element/f.5DBEA6FA2B2306711F2E61D56D394A89.d.D921F9FF2CF87162800DE889AAD99B8E.e.9783/value - {"text":"2113"}
COMMAND: GET /session/c1955427c912c9ca8e293616318541a3/screenshot - {}
RESULT: {}
RESULT: {"text":"2113"}
COMMAND: GET /session/c1955427c912c9ca8e293616318541a3/screenshot - {}
RESULT: {}
COMMAND: POST /session/c1955427c912c9ca8e293616318541a3/element - {"using":"xpath","value":"//li[.//span[text()='2113']]"}
RESULT: {"using":"xpath","value":"//li[.//span[text()='2113']]"}
COMMAND: POST /session/c1955427c912c9ca8e293616318541a3/element/f.5DBEA6FA2B2306711F2E61D56D394A89.d.D921F9FF2CF87162800DE889AAD99B8E.e.9873/click - {}
RESULT: {}
COMMAND: GET /session/c1955427c912c9ca8e293616318541a3/screenshot - {}
RESULT: {}
COMMAND: POST /session/c1955427c912c9ca8e293616318541a3/element - {"using":"xpath","value":"//input[@id=\"application-managecontracts-display-component---AddNewContract--yardId-inner\"]"}
RESULT: {"using":"xpath","value":"//input[@id=\"application-managecontracts-display-component---AddNewContract--yardId-inner\"]"}
COMMAND: GET /session/c1955427c912c9ca8e293616318541a3/element/f.5DBEA6FA2B2306711F2E61D56D394A89.d.D921F9FF2CF87162800DE889AAD99B8E.e.9784/property/value - {}
RESULT: {}
COMMAND: POST /session/c1955427c912c9ca8e293616318541a3/element - {"using":"xpath","value":"//input[@id=\"application-managecontracts-display-component---AddNewContract--customerSelect-inner\"]"}
COMMAND: GET /session/c1955427c912c9ca8e293616318541a3/screenshot - {}
RESULT: {"using":"xpath","value":"//input[@id=\"application-managecontracts-display-component---AddNewContract--customerSelect-inner\"]"}
COMMAND: POST /session/c1955427c912c9ca8e293616318541a3/element/f.5DBEA6FA2B2306711F2E61D56D394A89.d.D921F9FF2CF87162800DE889AAD99B8E.e.9782/clear - {}
RESULT: {}
RESULT: {}
COMMAND: POST /session/c1955427c912c9ca8e293616318541a3/element/f.5DBEA6FA2B2306711F2E61D56D394A89.d.D921F9FF2CF87162800DE889AAD99B8E.e.9782/value - {"text":"1127"}
COMMAND: GET /session/c1955427c912c9ca8e293616318541a3/screenshot - {}
RESULT: {"text":"1127"}
COMMAND: GET /session/c1955427c912c9ca8e293616318541a3/screenshot - {}
RESULT: {}
RESULT: {}
COMMAND: POST /session/c1955427c912c9ca8e293616318541a3/element - {"using":"xpath","value":"//li[.//span[text()='1127']]"}
RESULT: {"using":"xpath","value":"//li[.//span[text()='1127']]"}
COMMAND: POST /session/c1955427c912c9ca8e293616318541a3/element/f.5DBEA6FA2B2306711F2E61D56D394A89.d.D921F9FF2CF87162800DE889AAD99B8E.e.9876/click - {}
RESULT: {}
COMMAND: GET /session/c1955427c912c9ca8e293616318541a3/screenshot - {}
RESULT: {}
COMMAND: POST /session/c1955427c912c9ca8e293616318541a3/element - {"using":"xpath","value":"//button[@data-kt=\"saveButton\"]"}
RESULT: {"using":"xpath","value":"//button[@data-kt=\"saveButton\"]"}
COMMAND: POST /session/c1955427c912c9ca8e293616318541a3/element/f.5DBEA6FA2B2306711F2E61D56D394A89.d.D921F9FF2CF87162800DE889AAD99B8E.e.9866/click - {}
RESULT: {}
COMMAND: GET /session/c1955427c912c9ca8e293616318541a3/screenshot - {}
RESULT: {}
COMMAND: POST /session/c1955427c912c9ca8e293616318541a3/element - {"using":"xpath","value":"//span[contains(@id ,\"contractDetailTitleNoExpanded\")]"}
RESULT: {"using":"xpath","value":"//span[contains(@id ,\"contractDetailTitleNoExpanded\")]"}
COMMAND: POST /session/c1955427c912c9ca8e293616318541a3/elements - {"using":"xpath","value":"//span[contains(@id ,\"contractDetailTitleNoExpanded\")]"}
RESULT: {"using":"xpath","value":"//span[contains(@id ,\"contractDetailTitleNoExpanded\")]"}
COMMAND: POST /session/c1955427c912c9ca8e293616318541a3/execute/sync - {"script":"<script> [56 bytes]","args":[{"element-6066-11e4-a52e-4f735466cecf":"f.5DBEA6FA2B2306711F2E61D56D394A89.d.D921F9FF2CF87162800DE889AAD99B8E.e.9899","ELEMENT":"f.5DBEA6FA2B2306711F2E61D56D394A89.d.D921F9FF2CF87162800DE889AAD99B8E.e.9899"}]}
RESULT: {"script":"<script> [56 bytes]","args":[{"element-6066-11e4-a52e-4f735466cecf":"f.5DBEA6FA2B2306711F2E61D56D394A89.d.D921F9FF2CF87162800DE889AAD99B8E.e.9899","ELEMENT":"f.5DBEA6FA2B2306711F2E61D56D394A89.d.D921F9FF2CF87162800DE889AAD99B8E.e.9899"}]}
COMMAND: GET /session/c1955427c912c9ca8e293616318541a3/screenshot - {}
RESULT: {}
COMMAND: POST /session/c1955427c912c9ca8e293616318541a3/element - {"using":"xpath","value":"//button[@data-kt=\"contractDetailEditBtnButton\"]"}
RESULT: {"using":"xpath","value":"//button[@data-kt=\"contractDetailEditBtnButton\"]"}
COMMAND: POST /session/c1955427c912c9ca8e293616318541a3/element/f.5DBEA6FA2B2306711F2E61D56D394A89.d.D921F9FF2CF87162800DE889AAD99B8E.e.9900/click - {}
RESULT: {}
COMMAND: GET /session/c1955427c912c9ca8e293616318541a3/screenshot - {}
RESULT: {}
COMMAND: POST /session/c1955427c912c9ca8e293616318541a3/element - {"using":"xpath","value":"(//span[contains(text(), \"Additional Addresses\")])[2]"}
RESULT: {"using":"xpath","value":"(//span[contains(text(), \"Additional Addresses\")])[2]"}
COMMAND: POST /session/c1955427c912c9ca8e293616318541a3/element/f.5DBEA6FA2B2306711F2E61D56D394A89.d.D921F9FF2CF87162800DE889AAD99B8E.e.9954/click - {}
RESULT: {}
COMMAND: GET /session/c1955427c912c9ca8e293616318541a3/screenshot - {}
RESULT: {}
COMMAND: POST /session/c1955427c912c9ca8e293616318541a3/element - {"using":"xpath","value":"//button[@data-kt=\"btnAddTableRowOverflowToolbarButton\"]"}
RESULT: {"using":"xpath","value":"//button[@data-kt=\"btnAddTableRowOverflowToolbarButton\"]"}
COMMAND: POST /session/c1955427c912c9ca8e293616318541a3/element/f.5DBEA6FA2B2306711F2E61D56D394A89.d.D921F9FF2CF87162800DE889AAD99B8E.e.9958/click - {}
RESULT: {}
COMMAND: GET /session/c1955427c912c9ca8e293616318541a3/screenshot - {}
RESULT: {}
COMMAND: POST /session/c1955427c912c9ca8e293616318541a3/element - {"using":"xpath","value":"//div[(text() = 'Standard Entry' or . = 'Standard Entry')]"}
RESULT: {"using":"xpath","value":"//div[(text() = 'Standard Entry' or . = 'Standard Entry')]"}
COMMAND: POST /session/c1955427c912c9ca8e293616318541a3/element/f.5DBEA6FA2B2306711F2E61D56D394A89.d.D921F9FF2CF87162800DE889AAD99B8E.e.9960/click - {}
RESULT: {}
COMMAND: GET /session/c1955427c912c9ca8e293616318541a3/screenshot - {}
RESULT: {}
COMMAND: POST /session/c1955427c912c9ca8e293616318541a3/element - {"using":"xpath","value":"//td[7]/div/div/input"}
RESULT: {"using":"xpath","value":"//td[7]/div/div/input"}
COMMAND: POST /session/c1955427c912c9ca8e293616318541a3/element/f.5DBEA6FA2B2306711F2E61D56D394A89.d.D921F9FF2CF87162800DE889AAD99B8E.e.9969/clear - {}
RESULT: {}
COMMAND: POST /session/c1955427c912c9ca8e293616318541a3/element/f.5DBEA6FA2B2306711F2E61D56D394A89.d.D921F9FF2CF87162800DE889AAD99B8E.e.9969/value - {"text":"d8FF8JLG2C"}
COMMAND: GET /session/c1955427c912c9ca8e293616318541a3/screenshot - {}
RESULT: {"text":"d8FF8JLG2C"}
COMMAND: GET /session/c1955427c912c9ca8e293616318541a3/screenshot - {}
RESULT: {}
RESULT: {}
COMMAND: POST /session/c1955427c912c9ca8e293616318541a3/actions - {"actions":[{"id":"action27","type":"key","parameters":{},"actions":[{"type":"keyDown","value":""},{"type":"pause","duration":10},{"type":"keyUp","value":""}]}]}
RESULT: {"actions":[{"id":"action27","type":"key","parameters":{},"actions":[{"type":"keyDown","value":""},{"type":"pause","duration":10},{"type":"keyUp","value":""}]}]}
COMMAND: GET /session/c1955427c912c9ca8e293616318541a3/screenshot - {}
RESULT: {}
COMMAND: POST /session/c1955427c912c9ca8e293616318541a3/execute/sync - {"script":"<script> [276 bytes]","args":["No pricing information was found"]}
RESULT: {"script":"<script> [276 bytes]","args":["No pricing information was found"]}
COMMAND: POST /session/c1955427c912c9ca8e293616318541a3/element - {"using":"xpath","value":"//bdi[contains(text(), \"OK\")]"}
COMMAND: GET /session/c1955427c912c9ca8e293616318541a3/screenshot - {}
RESULT: {"using":"xpath","value":"//bdi[contains(text(), \"OK\")]"}
COMMAND: POST /session/c1955427c912c9ca8e293616318541a3/element/f.5DBEA6FA2B2306711F2E61D56D394A89.d.D921F9FF2CF87162800DE889AAD99B8E.e.9987/click - {}
RESULT: {}
RESULT: {}
COMMAND: GET /session/c1955427c912c9ca8e293616318541a3/screenshot - {}
RESULT: {}
COMMAND: POST /session/c1955427c912c9ca8e293616318541a3/element - {"using":"xpath","value":"(//button[@data-kt=\"saveButton\"])[2]"}
RESULT: {"using":"xpath","value":"(//button[@data-kt=\"saveButton\"])[2]"}
COMMAND: POST /session/c1955427c912c9ca8e293616318541a3/element/f.5DBEA6FA2B2306711F2E61D56D394A89.d.D921F9FF2CF87162800DE889AAD99B8E.e.9988/click - {}
RESULT: {}
COMMAND: GET /session/c1955427c912c9ca8e293616318541a3/screenshot - {}
RESULT: {}
COMMAND: POST /session/c1955427c912c9ca8e293616318541a3/execute/sync - {"script":"<script> [276 bytes]","args":["Some contract items are having rental validity exceeding header rental validity"]}
RESULT: {"script":"<script> [276 bytes]","args":["Some contract items are having rental validity exceeding header rental validity"]}
COMMAND: GET /session/c1955427c912c9ca8e293616318541a3/screenshot - {}
RESULT: {}
COMMAND: POST /session/c1955427c912c9ca8e293616318541a3/element - {"using":"xpath","value":"//span[contains(@id ,\"contractItemsSmartTable-header-inner\")]"}
RESULT: {"using":"xpath","value":"//span[contains(@id ,\"contractItemsSmartTable-header-inner\")]"}
COMMAND: POST /session/c1955427c912c9ca8e293616318541a3/elements - {"using":"xpath","value":"//span[contains(@id ,\"contractItemsSmartTable-header-inner\")]"}
RESULT: {"using":"xpath","value":"//span[contains(@id ,\"contractItemsSmartTable-header-inner\")]"}
COMMAND: POST /session/c1955427c912c9ca8e293616318541a3/execute/sync - {"script":"<script> [56 bytes]","args":[{"element-6066-11e4-a52e-4f735466cecf":"f.5DBEA6FA2B2306711F2E61D56D394A89.d.D921F9FF2CF87162800DE889AAD99B8E.e.9992","ELEMENT":"f.5DBEA6FA2B2306711F2E61D56D394A89.d.D921F9FF2CF87162800DE889AAD99B8E.e.9992"}]}
RESULT: {"script":"<script> [56 bytes]","args":[{"element-6066-11e4-a52e-4f735466cecf":"f.5DBEA6FA2B2306711F2E61D56D394A89.d.D921F9FF2CF87162800DE889AAD99B8E.e.9992","ELEMENT":"f.5DBEA6FA2B2306711F2E61D56D394A89.d.D921F9FF2CF87162800DE889AAD99B8E.e.9992"}]}
COMMAND: POST /session/c1955427c912c9ca8e293616318541a3/element - {"using":"xpath","value":"//button[@data-kt=\"provideButton\"]"}
COMMAND: GET /session/c1955427c912c9ca8e293616318541a3/screenshot - {}
RESULT: {"using":"xpath","value":"//button[@data-kt=\"provideButton\"]"}
COMMAND: POST /session/c1955427c912c9ca8e293616318541a3/element/f.5DBEA6FA2B2306711F2E61D56D394A89.d.D921F9FF2CF87162800DE889AAD99B8E.e.9993/click - {}
RESULT: {}
RESULT: {}
COMMAND: GET /session/c1955427c912c9ca8e293616318541a3/screenshot - {}
RESULT: {}
RESULT: undefined
COMMAND: POST /session/c1955427c912c9ca8e293616318541a3/execute/async - {"script":"<script> [6424 bytes]","args":[{"element-6066-11e4-a52e-4f735466cecf":"f.5DBEA6FA2B2306711F2E61D56D394A89.d.D921F9FF2CF87162800DE889AAD99B8E.e.9012"},"setValue",["6/14/25"]]}
COMMAND: POST /session/c1955427c912c9ca8e293616318541a3/execute/async - {"script":"<script> [1562 bytes]","args":[{"selector":{"id":"application-managehandovers-display-component---AddNewHO--dueDate","interaction":{"idSuffix":"inner"}},"wdio_ui5_key":"applicationmanagehandovers-display-component---AddNewHO--dueDate"}]}
RESULT: {"script":"<script> [1562 bytes]","args":[{"selector":{"id":"application-managehandovers-display-component---AddNewHO--dueDate","interaction":{"idSuffix":"inner"}},"wdio_ui5_key":"applicationmanagehandovers-display-component---AddNewHO--dueDate"}]}
COMMAND: POST /session/c1955427c912c9ca8e293616318541a3/execute/async - {"script":"<script> [6424 bytes]","args":[{"element-6066-11e4-a52e-4f735466cecf":"f.5DBEA6FA2B2306711F2E61D56D394A89.d.D921F9FF2CF87162800DE889AAD99B8E.e.10056"},"setValue",["6/14/25"]]}
RESULT: {"script":"<script> [6424 bytes]","args":[{"element-6066-11e4-a52e-4f735466cecf":"f.5DBEA6FA2B2306711F2E61D56D394A89.d.D921F9FF2CF87162800DE889AAD99B8E.e.10056"},"setValue",["6/14/25"]]}
COMMAND: POST /session/c1955427c912c9ca8e293616318541a3/element - {"using":"xpath","value":"//bdi[contains(text(), \"Instructions\")]"}
RESULT: {"using":"xpath","value":"//bdi[contains(text(), \"Instructions\")]"}
COMMAND: POST /session/c1955427c912c9ca8e293616318541a3/element/f.5DBEA6FA2B2306711F2E61D56D394A89.d.D921F9FF2CF87162800DE889AAD99B8E.e.10271/click - {}
RESULT: {}
COMMAND: GET /session/c1955427c912c9ca8e293616318541a3/screenshot - {}
RESULT: {}
COMMAND: POST /session/c1955427c912c9ca8e293616318541a3/element - {"using":"xpath","value":"//button[@data-kt=\"AddNewHOProvideAddItemsButton\"]"}
RESULT: {"using":"xpath","value":"//button[@data-kt=\"AddNewHOProvideAddItemsButton\"]"}
COMMAND: POST /session/c1955427c912c9ca8e293616318541a3/element/f.5DBEA6FA2B2306711F2E61D56D394A89.d.D921F9FF2CF87162800DE889AAD99B8E.e.10275/click - {}
RESULT: {}
COMMAND: GET /session/c1955427c912c9ca8e293616318541a3/screenshot - {}
RESULT: {}
RESULT: undefined
COMMAND: POST /session/c1955427c912c9ca8e293616318541a3/element - {"using":"xpath","value":"//*[@id=\"application-managehandovers-display-component---AddNewHO--popup-sa\"]"}
RESULT: {"using":"xpath","value":"//*[@id=\"application-managehandovers-display-component---AddNewHO--popup-sa\"]"}
COMMAND: POST /session/c1955427c912c9ca8e293616318541a3/element/f.5DBEA6FA2B2306711F2E61D56D394A89.d.D921F9FF2CF87162800DE889AAD99B8E.e.10284/click - {}
RESULT: {}
COMMAND: GET /session/c1955427c912c9ca8e293616318541a3/screenshot - {}
RESULT: {}
COMMAND: POST /session/c1955427c912c9ca8e293616318541a3/element - {"using":"xpath","value":"//*[contains(@id ,\"BDI-content\")][contains(text(), \"Select\")]"}
RESULT: {"using":"xpath","value":"//*[contains(@id ,\"BDI-content\")][contains(text(), \"Select\")]"}
COMMAND: POST /session/c1955427c912c9ca8e293616318541a3/element/f.5DBEA6FA2B2306711F2E61D56D394A89.d.D921F9FF2CF87162800DE889AAD99B8E.e.10286/click - {}
RESULT: {}
COMMAND: GET /session/c1955427c912c9ca8e293616318541a3/screenshot - {}
RESULT: {}
COMMAND: POST /session/c1955427c912c9ca8e293616318541a3/execute/async - {"script":"<script> [1562 bytes]","args":[{"selector":{"id":"application-managehandovers-display-component---AddNewHO--confirmCreationButton","interaction":{"idSuffix":"BDI-content"}},"wdio_ui5_key":"applicationmanagehandovers-display-component---AddNewHO--confirmCreationButton"}]}
RESULT: {"script":"<script> [1562 bytes]","args":[{"selector":{"id":"application-managehandovers-display-component---AddNewHO--confirmCreationButton","interaction":{"idSuffix":"BDI-content"}},"wdio_ui5_key":"applicationmanagehandovers-display-component---AddNewHO--confirmCreationButton"}]}
RESULT: undefined
COMMAND: POST /session/c1955427c912c9ca8e293616318541a3/element - {"using":"xpath","value":"//*[@id=\"application-managehandovers-display-component---AddNewHO--confirmCreationButton\"]"}
RESULT: {"using":"xpath","value":"//*[@id=\"application-managehandovers-display-component---AddNewHO--confirmCreationButton\"]"}
COMMAND: POST /session/c1955427c912c9ca8e293616318541a3/element/f.5DBEA6FA2B2306711F2E61D56D394A89.d.D921F9FF2CF87162800DE889AAD99B8E.e.10080/click - {}
RESULT: {}
COMMAND: GET /session/c1955427c912c9ca8e293616318541a3/screenshot - {}
RESULT: {}
COMMAND: POST /session/c1955427c912c9ca8e293616318541a3/execute/async - {"script":"<script> [1562 bytes]","args":[{"selector":{"id":"issueDatePicker","viewName":"etm.portal.ui.managehandovers.view.DetailExecuteHO","interaction":{"idSuffix":"inner"}},"wdio_ui5_key":"issueDatePickeretmportal.ui.managehandovers.view.DetailExecuteHO"}]}
RESULT: {"script":"<script> [1562 bytes]","args":[{"selector":{"id":"issueDatePicker","viewName":"etm.portal.ui.managehandovers.view.DetailExecuteHO","interaction":{"idSuffix":"inner"}},"wdio_ui5_key":"issueDatePickeretmportal.ui.managehandovers.view.DetailExecuteHO"}]}
RESULT: undefined
COMMAND: POST /session/c1955427c912c9ca8e293616318541a3/execute/async - {"script":"<script> [776 bytes]","args":[{"enterText":"6/14/25","selector":{"id":"issueDatePicker","viewName":"etm.portal.ui.managehandovers.view.DetailExecuteHO","interaction":{"idSuffix":"inner"}},"clearTextFirst":true,"interactionType":"ENTER_TEXT"}]}
RESULT: {"script":"<script> [776 bytes]","args":[{"enterText":"6/14/25","selector":{"id":"issueDatePicker","viewName":"etm.portal.ui.managehandovers.view.DetailExecuteHO","interaction":{"idSuffix":"inner"}},"clearTextFirst":true,"interactionType":"ENTER_TEXT"}]}
COMMAND: POST /session/c1955427c912c9ca8e293616318541a3/element - {"using":"xpath","value":"//button[@data-kt=\"PickingTableConfirmAllButton\"]"}
RESULT: {"using":"xpath","value":"//button[@data-kt=\"PickingTableConfirmAllButton\"]"}
COMMAND: POST /session/c1955427c912c9ca8e293616318541a3/element/f.5DBEA6FA2B2306711F2E61D56D394A89.d.D921F9FF2CF87162800DE889AAD99B8E.e.10345/click - {}
RESULT: {}
COMMAND: GET /session/c1955427c912c9ca8e293616318541a3/screenshot - {}
RESULT: {}
COMMAND: POST /session/c1955427c912c9ca8e293616318541a3/element - {"using":"xpath","value":"//bdi[contains(text(), \"OK\")]"}
RESULT: {"using":"xpath","value":"//bdi[contains(text(), \"OK\")]"}
COMMAND: POST /session/c1955427c912c9ca8e293616318541a3/element/f.5DBEA6FA2B2306711F2E61D56D394A89.d.D921F9FF2CF87162800DE889AAD99B8E.e.10349/click - {}
RESULT: {}
COMMAND: GET /session/c1955427c912c9ca8e293616318541a3/screenshot - {}
RESULT: {}
COMMAND: POST /session/c1955427c912c9ca8e293616318541a3/element - {"using":"xpath","value":"//bdi[contains(text(), \"Issue\")]"}
RESULT: {"using":"xpath","value":"//bdi[contains(text(), \"Issue\")]"}
COMMAND: POST /session/c1955427c912c9ca8e293616318541a3/element/f.5DBEA6FA2B2306711F2E61D56D394A89.d.D921F9FF2CF87162800DE889AAD99B8E.e.10350/click - {}
RESULT: {}
COMMAND: GET /session/c1955427c912c9ca8e293616318541a3/screenshot - {}
RESULT: {}
COMMAND: POST /session/c1955427c912c9ca8e293616318541a3/element - {"using":"css selector","value":"#shell-header-logo"}
RESULT: {"using":"css selector","value":"#shell-header-logo"}
COMMAND: POST /session/c1955427c912c9ca8e293616318541a3/element/f.5DBEA6FA2B2306711F2E61D56D394A89.d.D921F9FF2CF87162800DE889AAD99B8E.e.9422/click - {}
RESULT: {}
COMMAND: GET /session/c1955427c912c9ca8e293616318541a3/screenshot - {}
RESULT: {}
]]></system-out>
    </testcase>
    <testcase classname="chrome.137_0_7151_69.windows.Manage_States_&amp;_Performance_Tests_US151247_US151423_US151467" name="Step 1 Try to save empty state change US151247" time="49.173">
      <system-out><![CDATA[
COMMAND: POST /session/c1955427c912c9ca8e293616318541a3/execute/async - {"script":"<script> [1562 bytes]","args":[{"selector":{"controlType":"sap.m.GenericTile","properties":{"header":"Manage States & Performance"}},"wdio_ui5_key":"sapm.GenericTile{\"header\":\"Manage States & Performance\"}"}]}
RESULT: {"script":"<script> [1562 bytes]","args":[{"selector":{"controlType":"sap.m.GenericTile","properties":{"header":"Manage States & Performance"}},"wdio_ui5_key":"sapm.GenericTile{\"header\":\"Manage States & Performance\"}"}]}
RESULT: undefined
COMMAND: POST /session/c1955427c912c9ca8e293616318541a3/element - {"using":"xpath","value":"//*[@id=\"__tile98\"]"}
RESULT: {"using":"xpath","value":"//*[@id=\"__tile98\"]"}
COMMAND: POST /session/c1955427c912c9ca8e293616318541a3/element/f.5DBEA6FA2B2306711F2E61D56D394A89.d.D921F9FF2CF87162800DE889AAD99B8E.e.5635/click - {}
RESULT: {}
COMMAND: GET /session/c1955427c912c9ca8e293616318541a3/screenshot - {}
RESULT: {}
COMMAND: POST /session/c1955427c912c9ca8e293616318541a3/elements - {"using":"xpath","value":"//span[text()='Error']"}
RESULT: {"using":"xpath","value":"//span[text()='Error']"}
COMMAND: POST /session/c1955427c912c9ca8e293616318541a3/element - {"using":"xpath","value":"//button[@data-kt=\"massStateChangeRusSectionButton\"]"}
RESULT: {"using":"xpath","value":"//button[@data-kt=\"massStateChangeRusSectionButton\"]"}
COMMAND: POST /session/c1955427c912c9ca8e293616318541a3/elements - {"using":"xpath","value":"//button[@data-kt=\"massStateChangeRusSectionButton\"]"}
RESULT: {"using":"xpath","value":"//button[@data-kt=\"massStateChangeRusSectionButton\"]"}
COMMAND: POST /session/c1955427c912c9ca8e293616318541a3/execute/sync - {"script":"<script> [8489 bytes]","args":[{"element-6066-11e4-a52e-4f735466cecf":"f.5DBEA6FA2B2306711F2E61D56D394A89.d.D921F9FF2CF87162800DE889AAD99B8E.e.10562","ELEMENT":"f.5DBEA6FA2B2306711F2E61D56D394A89.d.D921F9FF2CF87162800DE889AAD99B8E.e.10562"}]}
RESULT: {"script":"<script> [8489 bytes]","args":[{"element-6066-11e4-a52e-4f735466cecf":"f.5DBEA6FA2B2306711F2E61D56D394A89.d.D921F9FF2CF87162800DE889AAD99B8E.e.10562","ELEMENT":"f.5DBEA6FA2B2306711F2E61D56D394A89.d.D921F9FF2CF87162800DE889AAD99B8E.e.10562"}]}
COMMAND: GET /session/c1955427c912c9ca8e293616318541a3/element/f.5DBEA6FA2B2306711F2E61D56D394A89.d.D921F9FF2CF87162800DE889AAD99B8E.e.10562/enabled - {}
COMMAND: GET /session/c1955427c912c9ca8e293616318541a3/screenshot - {}
RESULT: {}
COMMAND: POST /session/c1955427c912c9ca8e293616318541a3/execute/sync - {"script":"<script> [8489 bytes]","args":[{"element-6066-11e4-a52e-4f735466cecf":"f.5DBEA6FA2B2306711F2E61D56D394A89.d.D921F9FF2CF87162800DE889AAD99B8E.e.10562","ELEMENT":"f.5DBEA6FA2B2306711F2E61D56D394A89.d.D921F9FF2CF87162800DE889AAD99B8E.e.10562"}]}
COMMAND: GET /session/c1955427c912c9ca8e293616318541a3/screenshot - {}
RESULT: {}
RESULT: {"script":"<script> [8489 bytes]","args":[{"element-6066-11e4-a52e-4f735466cecf":"f.5DBEA6FA2B2306711F2E61D56D394A89.d.D921F9FF2CF87162800DE889AAD99B8E.e.10562","ELEMENT":"f.5DBEA6FA2B2306711F2E61D56D394A89.d.D921F9FF2CF87162800DE889AAD99B8E.e.10562"}]}
COMMAND: POST /session/c1955427c912c9ca8e293616318541a3/execute/sync - {"script":"<script> [5351 bytes]","args":[{"element-6066-11e4-a52e-4f735466cecf":"f.5DBEA6FA2B2306711F2E61D56D394A89.d.D921F9FF2CF87162800DE889AAD99B8E.e.10562","ELEMENT":"f.5DBEA6FA2B2306711F2E61D56D394A89.d.D921F9FF2CF87162800DE889AAD99B8E.e.10562"}]}
COMMAND: GET /session/c1955427c912c9ca8e293616318541a3/screenshot - {}
RESULT: {}
RESULT: {"script":"<script> [5351 bytes]","args":[{"element-6066-11e4-a52e-4f735466cecf":"f.5DBEA6FA2B2306711F2E61D56D394A89.d.D921F9FF2CF87162800DE889AAD99B8E.e.10562","ELEMENT":"f.5DBEA6FA2B2306711F2E61D56D394A89.d.D921F9FF2CF87162800DE889AAD99B8E.e.10562"}]}
COMMAND: GET /session/c1955427c912c9ca8e293616318541a3/screenshot - {}
RESULT: {}
RESULT: {}
COMMAND: POST /session/c1955427c912c9ca8e293616318541a3/element - {"using":"xpath","value":"//span[contains(@id,\"stateAndPerformResourcesSmartTable-header-inner\")]"}
RESULT: {"using":"xpath","value":"//span[contains(@id,\"stateAndPerformResourcesSmartTable-header-inner\")]"}
COMMAND: POST /session/c1955427c912c9ca8e293616318541a3/elements - {"using":"xpath","value":"//span[contains(@id,\"stateAndPerformResourcesSmartTable-header-inner\")]"}
RESULT: {"using":"xpath","value":"//span[contains(@id,\"stateAndPerformResourcesSmartTable-header-inner\")]"}
COMMAND: POST /session/c1955427c912c9ca8e293616318541a3/execute/sync - {"script":"<script> [56 bytes]","args":[{"element-6066-11e4-a52e-4f735466cecf":"f.5DBEA6FA2B2306711F2E61D56D394A89.d.D921F9FF2CF87162800DE889AAD99B8E.e.10594","ELEMENT":"f.5DBEA6FA2B2306711F2E61D56D394A89.d.D921F9FF2CF87162800DE889AAD99B8E.e.10594"}]}
RESULT: {"script":"<script> [56 bytes]","args":[{"element-6066-11e4-a52e-4f735466cecf":"f.5DBEA6FA2B2306711F2E61D56D394A89.d.D921F9FF2CF87162800DE889AAD99B8E.e.10594","ELEMENT":"f.5DBEA6FA2B2306711F2E61D56D394A89.d.D921F9FF2CF87162800DE889AAD99B8E.e.10594"}]}
COMMAND: POST /session/c1955427c912c9ca8e293616318541a3/execute/async - {"script":"<script> [1562 bytes]","args":[{"selector":{"id":"application-managestatesandperformance-display-component---stateAndPerform--smartFilterBarResources-btnBasicSearch","interaction":{"idSuffix":"I"}},"wdio_ui5_key":"applicationmanagestatesandperformance-display-component---stateAndPerform--smartFilterBarResources-btnBasicSearch"}]}
COMMAND: GET /session/c1955427c912c9ca8e293616318541a3/screenshot - {}
RESULT: {"script":"<script> [1562 bytes]","args":[{"selector":{"id":"application-managestatesandperformance-display-component---stateAndPerform--smartFilterBarResources-btnBasicSearch","interaction":{"idSuffix":"I"}},"wdio_ui5_key":"applicationmanagestatesandperformance-display-component---stateAndPerform--smartFilterBarResources-btnBasicSearch"}]}
RESULT: undefined
COMMAND: POST /session/c1955427c912c9ca8e293616318541a3/execute/async - {"script":"<script> [776 bytes]","args":[{"enterText":"d8FF8JLG2C","selector":{"id":"application-managestatesandperformance-display-component---stateAndPerform--smartFilterBarResources-btnBasicSearch","interaction":{"idSuffix":"I"}},"clearTextFirst":true,"interactionType":"ENTER_TEXT"}]}
RESULT: {}
RESULT: {"script":"<script> [776 bytes]","args":[{"enterText":"d8FF8JLG2C","selector":{"id":"application-managestatesandperformance-display-component---stateAndPerform--smartFilterBarResources-btnBasicSearch","interaction":{"idSuffix":"I"}},"clearTextFirst":true,"interactionType":"ENTER_TEXT"}]}
COMMAND: POST /session/c1955427c912c9ca8e293616318541a3/actions - {"actions":[{"id":"action28","type":"key","parameters":{},"actions":[{"type":"keyDown","value":""},{"type":"pause","duration":10},{"type":"keyUp","value":""}]}]}
RESULT: {"actions":[{"id":"action28","type":"key","parameters":{},"actions":[{"type":"keyDown","value":""},{"type":"pause","duration":10},{"type":"keyUp","value":""}]}]}
COMMAND: GET /session/c1955427c912c9ca8e293616318541a3/screenshot - {}
RESULT: {}
COMMAND: POST /session/c1955427c912c9ca8e293616318541a3/elements - {"using":"xpath","value":"//table[contains(@id, \"stateAndPerformResourcesTable-listUl\")]/tbody/tr"}
RESULT: {"using":"xpath","value":"//table[contains(@id, \"stateAndPerformResourcesTable-listUl\")]/tbody/tr"}
COMMAND: POST /session/c1955427c912c9ca8e293616318541a3/element - {"using":"xpath","value":"//table[contains(@id, \"stateAndPerformResourcesTable-listUl\")]/tbody/tr[1]/td[2]/div/div/a"}
RESULT: {"using":"xpath","value":"//table[contains(@id, \"stateAndPerformResourcesTable-listUl\")]/tbody/tr[1]/td[2]/div/div/a"}
COMMAND: POST /session/c1955427c912c9ca8e293616318541a3/elements - {"using":"xpath","value":"//table[contains(@id, \"stateAndPerformResourcesTable-listUl\")]/tbody/tr[1]/td[2]/div/div/a"}
RESULT: {"using":"xpath","value":"//table[contains(@id, \"stateAndPerformResourcesTable-listUl\")]/tbody/tr[1]/td[2]/div/div/a"}
COMMAND: POST /session/c1955427c912c9ca8e293616318541a3/execute/sync - {"script":"<script> [56 bytes]","args":[{"element-6066-11e4-a52e-4f735466cecf":"f.5DBEA6FA2B2306711F2E61D56D394A89.d.D921F9FF2CF87162800DE889AAD99B8E.e.10631","ELEMENT":"f.5DBEA6FA2B2306711F2E61D56D394A89.d.D921F9FF2CF87162800DE889AAD99B8E.e.10631"}]}
RESULT: {"script":"<script> [56 bytes]","args":[{"element-6066-11e4-a52e-4f735466cecf":"f.5DBEA6FA2B2306711F2E61D56D394A89.d.D921F9FF2CF87162800DE889AAD99B8E.e.10631","ELEMENT":"f.5DBEA6FA2B2306711F2E61D56D394A89.d.D921F9FF2CF87162800DE889AAD99B8E.e.10631"}]}
COMMAND: POST /session/c1955427c912c9ca8e293616318541a3/element - {"using":"xpath","value":"(//span[contains(@id, \"imgNav\")])[1]"}
COMMAND: GET /session/c1955427c912c9ca8e293616318541a3/screenshot - {}
RESULT: {"using":"xpath","value":"(//span[contains(@id, \"imgNav\")])[1]"}
COMMAND: POST /session/c1955427c912c9ca8e293616318541a3/element/f.5DBEA6FA2B2306711F2E61D56D394A89.d.D921F9FF2CF87162800DE889AAD99B8E.e.10629/click - {}
RESULT: {}
RESULT: {}
COMMAND: GET /session/c1955427c912c9ca8e293616318541a3/screenshot - {}
COMMAND: POST /session/c1955427c912c9ca8e293616318541a3/element - {"using":"xpath","value":"//button[@data-kt=\"createStateChangeButton\"]"}
RESULT: {}
RESULT: {"using":"xpath","value":"//button[@data-kt=\"createStateChangeButton\"]"}
COMMAND: POST /session/c1955427c912c9ca8e293616318541a3/element/f.5DBEA6FA2B2306711F2E61D56D394A89.d.D921F9FF2CF87162800DE889AAD99B8E.e.10666/click - {}
RESULT: {}
COMMAND: GET /session/c1955427c912c9ca8e293616318541a3/screenshot - {}
RESULT: {}
COMMAND: POST /session/c1955427c912c9ca8e293616318541a3/element - {"using":"xpath","value":"//span[contains(@id, \"addStateDialog--selectedStatePicker-icon\")]"}
RESULT: {"using":"xpath","value":"//span[contains(@id, \"addStateDialog--selectedStatePicker-icon\")]"}
COMMAND: POST /session/c1955427c912c9ca8e293616318541a3/element/f.5DBEA6FA2B2306711F2E61D56D394A89.d.D921F9FF2CF87162800DE889AAD99B8E.e.10683/click - {}
RESULT: {}
COMMAND: GET /session/c1955427c912c9ca8e293616318541a3/screenshot - {}
RESULT: {}
COMMAND: POST /session/c1955427c912c9ca8e293616318541a3/element - {"using":"xpath","value":"//div[contains(@id, \"addStateDialog--selectedStatePicker-cal--Month0\") and @aria-selected=\"true\"]/preceding-sibling::div[1]"}
RESULT: {"using":"xpath","value":"//div[contains(@id, \"addStateDialog--selectedStatePicker-cal--Month0\") and @aria-selected=\"true\"]/preceding-sibling::div[1]"}
COMMAND: GET /session/c1955427c912c9ca8e293616318541a3/element/f.5DBEA6FA2B2306711F2E61D56D394A89.d.D921F9FF2CF87162800DE889AAD99B8E.e.10687/attribute/aria-disabled - {}
RESULT: {}
COMMAND: POST /session/c1955427c912c9ca8e293616318541a3/element - {"using":"xpath","value":"//button[@data-kt=\"closeAddStateButton\"]"}
RESULT: {"using":"xpath","value":"//button[@data-kt=\"closeAddStateButton\"]"}
COMMAND: POST /session/c1955427c912c9ca8e293616318541a3/element/f.5DBEA6FA2B2306711F2E61D56D394A89.d.D921F9FF2CF87162800DE889AAD99B8E.e.10688/click - {}
RESULT: {}
COMMAND: GET /session/c1955427c912c9ca8e293616318541a3/screenshot - {}
RESULT: {}
COMMAND: POST /session/c1955427c912c9ca8e293616318541a3/element - {"using":"css selector","value":"#shell-header-logo"}
RESULT: {"using":"css selector","value":"#shell-header-logo"}
COMMAND: POST /session/c1955427c912c9ca8e293616318541a3/element/f.5DBEA6FA2B2306711F2E61D56D394A89.d.D921F9FF2CF87162800DE889AAD99B8E.e.10526/click - {}
RESULT: {}
COMMAND: GET /session/c1955427c912c9ca8e293616318541a3/screenshot - {}
RESULT: {}
]]></system-out>
    </testcase>
    <testcase classname="chrome.137_0_7151_69.windows.Manage_States_&amp;_Performance_Tests_US151247_US151423_US151467" name="Prereq Step 2 Create new equipment and add counter to it stock increase it" time="294.421">
      <system-out><![CDATA[
RESULT: undefined
COMMAND: POST /session/c1955427c912c9ca8e293616318541a3/element - {"using":"xpath","value":"//*[@id=\"__tile32\"]"}
RESULT: {"using":"xpath","value":"//*[@id=\"__tile32\"]"}
COMMAND: POST /session/c1955427c912c9ca8e293616318541a3/element/f.5DBEA6FA2B2306711F2E61D56D394A89.d.D921F9FF2CF87162800DE889AAD99B8E.e.5561/click - {}
RESULT: {}
COMMAND: GET /session/c1955427c912c9ca8e293616318541a3/screenshot - {}
RESULT: {}
COMMAND: POST /session/c1955427c912c9ca8e293616318541a3/elements - {"using":"xpath","value":"//span[text()='Error']"}
RESULT: {"using":"xpath","value":"//span[text()='Error']"}
COMMAND: POST /session/c1955427c912c9ca8e293616318541a3/element - {"using":"xpath","value":"//button[@data-kt=\"addNewRUOverflowToolbarButton\"]"}
RESULT: {"using":"xpath","value":"//button[@data-kt=\"addNewRUOverflowToolbarButton\"]"}
COMMAND: POST /session/c1955427c912c9ca8e293616318541a3/elements - {"using":"xpath","value":"//button[@data-kt=\"addNewRUOverflowToolbarButton\"]"}
RESULT: {"using":"xpath","value":"//button[@data-kt=\"addNewRUOverflowToolbarButton\"]"}
COMMAND: POST /session/c1955427c912c9ca8e293616318541a3/execute/sync - {"script":"<script> [8489 bytes]","args":[{"element-6066-11e4-a52e-4f735466cecf":"f.5DBEA6FA2B2306711F2E61D56D394A89.d.D921F9FF2CF87162800DE889AAD99B8E.e.10731","ELEMENT":"f.5DBEA6FA2B2306711F2E61D56D394A89.d.D921F9FF2CF87162800DE889AAD99B8E.e.10731"}]}
RESULT: {"script":"<script> [8489 bytes]","args":[{"element-6066-11e4-a52e-4f735466cecf":"f.5DBEA6FA2B2306711F2E61D56D394A89.d.D921F9FF2CF87162800DE889AAD99B8E.e.10731","ELEMENT":"f.5DBEA6FA2B2306711F2E61D56D394A89.d.D921F9FF2CF87162800DE889AAD99B8E.e.10731"}]}
COMMAND: GET /session/c1955427c912c9ca8e293616318541a3/element/f.5DBEA6FA2B2306711F2E61D56D394A89.d.D921F9FF2CF87162800DE889AAD99B8E.e.10731/enabled - {}
COMMAND: GET /session/c1955427c912c9ca8e293616318541a3/screenshot - {}
RESULT: {}
COMMAND: POST /session/c1955427c912c9ca8e293616318541a3/execute/sync - {"script":"<script> [8489 bytes]","args":[{"element-6066-11e4-a52e-4f735466cecf":"f.5DBEA6FA2B2306711F2E61D56D394A89.d.D921F9FF2CF87162800DE889AAD99B8E.e.10731","ELEMENT":"f.5DBEA6FA2B2306711F2E61D56D394A89.d.D921F9FF2CF87162800DE889AAD99B8E.e.10731"}]}
COMMAND: GET /session/c1955427c912c9ca8e293616318541a3/screenshot - {}
RESULT: {}
RESULT: {"script":"<script> [8489 bytes]","args":[{"element-6066-11e4-a52e-4f735466cecf":"f.5DBEA6FA2B2306711F2E61D56D394A89.d.D921F9FF2CF87162800DE889AAD99B8E.e.10731","ELEMENT":"f.5DBEA6FA2B2306711F2E61D56D394A89.d.D921F9FF2CF87162800DE889AAD99B8E.e.10731"}]}
COMMAND: POST /session/c1955427c912c9ca8e293616318541a3/execute/sync - {"script":"<script> [5351 bytes]","args":[{"element-6066-11e4-a52e-4f735466cecf":"f.5DBEA6FA2B2306711F2E61D56D394A89.d.D921F9FF2CF87162800DE889AAD99B8E.e.10731","ELEMENT":"f.5DBEA6FA2B2306711F2E61D56D394A89.d.D921F9FF2CF87162800DE889AAD99B8E.e.10731"}]}
COMMAND: GET /session/c1955427c912c9ca8e293616318541a3/screenshot - {}
RESULT: {}
RESULT: {"script":"<script> [5351 bytes]","args":[{"element-6066-11e4-a52e-4f735466cecf":"f.5DBEA6FA2B2306711F2E61D56D394A89.d.D921F9FF2CF87162800DE889AAD99B8E.e.10731","ELEMENT":"f.5DBEA6FA2B2306711F2E61D56D394A89.d.D921F9FF2CF87162800DE889AAD99B8E.e.10731"}]}
COMMAND: POST /session/c1955427c912c9ca8e293616318541a3/element/f.5DBEA6FA2B2306711F2E61D56D394A89.d.D921F9FF2CF87162800DE889AAD99B8E.e.10731/click - {}
COMMAND: GET /session/c1955427c912c9ca8e293616318541a3/screenshot - {}
RESULT: {}
RESULT: {}
COMMAND: GET /session/c1955427c912c9ca8e293616318541a3/screenshot - {}
RESULT: {}
RESULT: undefined
COMMAND: POST /session/c1955427c912c9ca8e293616318541a3/element - {"using":"xpath","value":"//*[@id=\"application-manageresources-display-component---newResourceUnit--TYPE-arrow\"]"}
RESULT: {}
RESULT: {"using":"xpath","value":"//*[@id=\"application-manageresources-display-component---newResourceUnit--TYPE-arrow\"]"}
COMMAND: POST /session/c1955427c912c9ca8e293616318541a3/element/f.5DBEA6FA2B2306711F2E61D56D394A89.d.D921F9FF2CF87162800DE889AAD99B8E.e.11089/click - {}
RESULT: {}
COMMAND: POST /session/c1955427c912c9ca8e293616318541a3/element - {"using":"xpath","value":"//input[@id=\"application-manageresources-display-component---newResourceUnit--TYPE-inner\"]"}
COMMAND: GET /session/c1955427c912c9ca8e293616318541a3/screenshot - {}
RESULT: {"using":"xpath","value":"//input[@id=\"application-manageresources-display-component---newResourceUnit--TYPE-inner\"]"}
COMMAND: POST /session/c1955427c912c9ca8e293616318541a3/element/f.5DBEA6FA2B2306711F2E61D56D394A89.d.D921F9FF2CF87162800DE889AAD99B8E.e.11074/clear - {}
RESULT: {}
RESULT: {}
COMMAND: POST /session/c1955427c912c9ca8e293616318541a3/element/f.5DBEA6FA2B2306711F2E61D56D394A89.d.D921F9FF2CF87162800DE889AAD99B8E.e.11074/value - {"text":"Equipment"}
COMMAND: GET /session/c1955427c912c9ca8e293616318541a3/screenshot - {}
RESULT: {"text":"Equipment"}
COMMAND: GET /session/c1955427c912c9ca8e293616318541a3/screenshot - {}
RESULT: {}
RESULT: {}
COMMAND: POST /session/c1955427c912c9ca8e293616318541a3/actions - {"actions":[{"id":"action29","type":"key","parameters":{},"actions":[{"type":"keyDown","value":""},{"type":"pause","duration":10},{"type":"keyUp","value":""}]}]}
RESULT: {"actions":[{"id":"action29","type":"key","parameters":{},"actions":[{"type":"keyDown","value":""},{"type":"pause","duration":10},{"type":"keyUp","value":""}]}]}
RESULT: undefined
COMMAND: POST /session/c1955427c912c9ca8e293616318541a3/execute/async - {"script":"<script> [776 bytes]","args":[{"enterText":"wkEs0fPFnO","selector":{"id":"application-manageresources-display-component---newResourceUnit--resourceId","interaction":{"idSuffix":"inner"}},"clearTextFirst":true,"interactionType":"ENTER_TEXT"}]}
COMMAND: GET /session/c1955427c912c9ca8e293616318541a3/screenshot - {}
RESULT: {"script":"<script> [776 bytes]","args":[{"enterText":"wkEs0fPFnO","selector":{"id":"application-manageresources-display-component---newResourceUnit--resourceId","interaction":{"idSuffix":"inner"}},"clearTextFirst":true,"interactionType":"ENTER_TEXT"}]}
RESULT: undefined
COMMAND: POST /session/c1955427c912c9ca8e293616318541a3/execute/async - {"script":"<script> [776 bytes]","args":[{"enterText":"Intercompany Equipment WDIO","selector":{"id":"application-manageresources-display-component---newResourceUnit--SHORT_TEXT","interaction":{"idSuffix":"inner"}},"clearTextFirst":true,"interactionType":"ENTER_TEXT"}]}
RESULT: {}
RESULT: {"script":"<script> [776 bytes]","args":[{"enterText":"Intercompany Equipment WDIO","selector":{"id":"application-manageresources-display-component---newResourceUnit--SHORT_TEXT","interaction":{"idSuffix":"inner"}},"clearTextFirst":true,"interactionType":"ENTER_TEXT"}]}
RESULT: undefined
COMMAND: POST /session/c1955427c912c9ca8e293616318541a3/execute/async - {"script":"<script> [776 bytes]","args":[{"enterText":"Piece","selector":{"id":"application-manageresources-display-component---newResourceUnit--BASE_UNIT_OF_MEASURE","interaction":{"idSuffix":"inner"}},"clearTextFirst":true,"interactionType":"ENTER_TEXT"}]}
RESULT: {"script":"<script> [776 bytes]","args":[{"enterText":"Piece","selector":{"id":"application-manageresources-display-component---newResourceUnit--BASE_UNIT_OF_MEASURE","interaction":{"idSuffix":"inner"}},"clearTextFirst":true,"interactionType":"ENTER_TEXT"}]}
RESULT: undefined
COMMAND: POST /session/c1955427c912c9ca8e293616318541a3/execute/async - {"script":"<script> [776 bytes]","args":[{"enterText":"Gram","selector":{"id":"application-manageresources-display-component---newResourceUnit--WEIGHT_UNIT","interaction":{"idSuffix":"inner"}},"clearTextFirst":true,"interactionType":"ENTER_TEXT"}]}
RESULT: {"script":"<script> [776 bytes]","args":[{"enterText":"Gram","selector":{"id":"application-manageresources-display-component---newResourceUnit--WEIGHT_UNIT","interaction":{"idSuffix":"inner"}},"clearTextFirst":true,"interactionType":"ENTER_TEXT"}]}
RESULT: undefined
COMMAND: POST /session/c1955427c912c9ca8e293616318541a3/execute/async - {"script":"<script> [776 bytes]","args":[{"enterText":"Meter","selector":{"id":"application-manageresources-display-component---newResourceUnit--DIMENSION_UNIT","interaction":{"idSuffix":"inner"}},"clearTextFirst":true,"interactionType":"ENTER_TEXT"}]}
RESULT: {"script":"<script> [776 bytes]","args":[{"enterText":"Meter","selector":{"id":"application-manageresources-display-component---newResourceUnit--DIMENSION_UNIT","interaction":{"idSuffix":"inner"}},"clearTextFirst":true,"interactionType":"ENTER_TEXT"}]}
RESULT: undefined
COMMAND: POST /session/c1955427c912c9ca8e293616318541a3/element - {"using":"xpath","value":"//*[@id=\"application-manageresources-display-component---newResourceUnit--newRRUPage-anchBar-application-manageresources-display-component---newResourceUnit--control-anchor\"]"}
RESULT: {"using":"xpath","value":"//*[@id=\"application-manageresources-display-component---newResourceUnit--newRRUPage-anchBar-application-manageresources-display-component---newResourceUnit--control-anchor\"]"}
COMMAND: POST /session/c1955427c912c9ca8e293616318541a3/element/f.5DBEA6FA2B2306711F2E61D56D394A89.d.D921F9FF2CF87162800DE889AAD99B8E.e.11240/click - {}
RESULT: {}
RESULT: undefined
COMMAND: POST /session/c1955427c912c9ca8e293616318541a3/execute/async - {"script":"<script> [776 bytes]","args":[{"enterText":"Heavy Equi","selector":{"id":"application-manageresources-display-component---newResourceUnit--PLANNING_GROUP","interaction":{"idSuffix":"inner"}},"clearTextFirst":true,"interactionType":"ENTER_TEXT"}]}
COMMAND: GET /session/c1955427c912c9ca8e293616318541a3/screenshot - {}
RESULT: {"script":"<script> [776 bytes]","args":[{"enterText":"Heavy Equi","selector":{"id":"application-manageresources-display-component---newResourceUnit--PLANNING_GROUP","interaction":{"idSuffix":"inner"}},"clearTextFirst":true,"interactionType":"ENTER_TEXT"}]}
RESULT: {}
RESULT: undefined
COMMAND: POST /session/c1955427c912c9ca8e293616318541a3/element - {"using":"xpath","value":"//*[@id=\"application-manageresources-display-component---newResourceUnit--ITEM_TYPE-arrow\"]"}
RESULT: {"using":"xpath","value":"//*[@id=\"application-manageresources-display-component---newResourceUnit--ITEM_TYPE-arrow\"]"}
COMMAND: POST /session/c1955427c912c9ca8e293616318541a3/element/f.5DBEA6FA2B2306711F2E61D56D394A89.d.D921F9FF2CF87162800DE889AAD99B8E.e.11246/click - {}
RESULT: {}
COMMAND: POST /session/c1955427c912c9ca8e293616318541a3/element - {"using":"xpath","value":"//ul[contains(@id,\"ITEM_TYPE-popup-list-listUl\")]//li[.//span[contains(text(),\"Resource Unit\")]]"}
COMMAND: GET /session/c1955427c912c9ca8e293616318541a3/screenshot - {}
RESULT: {"using":"xpath","value":"//ul[contains(@id,\"ITEM_TYPE-popup-list-listUl\")]//li[.//span[contains(text(),\"Resource Unit\")]]"}
COMMAND: POST /session/c1955427c912c9ca8e293616318541a3/element/f.5DBEA6FA2B2306711F2E61D56D394A89.d.D921F9FF2CF87162800DE889AAD99B8E.e.11247/click - {}
RESULT: {}
RESULT: {}
COMMAND: GET /session/c1955427c912c9ca8e293616318541a3/screenshot - {}
RESULT: {}
COMMAND: POST /session/c1955427c912c9ca8e293616318541a3/element - {"using":"css selector","value":"#application-manageresources-display-component---newResourceUnit--btnAddTimeSegment"}
RESULT: {"using":"css selector","value":"#application-manageresources-display-component---newResourceUnit--btnAddTimeSegment"}
COMMAND: GET /session/c1955427c912c9ca8e293616318541a3/element/f.5DBEA6FA2B2306711F2E61D56D394A89.d.D921F9FF2CF87162800DE889AAD99B8E.e.11256/rect - {}
RESULT: {}
COMMAND: GET /session/c1955427c912c9ca8e293616318541a3/window/rect - {}
RESULT: {}
COMMAND: POST /session/c1955427c912c9ca8e293616318541a3/execute/sync - {"script":"<script> [92 bytes]","args":[]}
RESULT: {"script":"<script> [92 bytes]","args":[]}
COMMAND: POST /session/c1955427c912c9ca8e293616318541a3/actions - {"actions":[{"id":"action30","type":"wheel","parameters":{},"actions":[{"type":"scroll","x":-1888,"y":-32,"deltaX":0,"deltaY":0,"duration":0,"origin":{"element-6066-11e4-a52e-4f735466cecf":"f.5DBEA6FA2B2306711F2E61D56D394A89.d.D921F9FF2CF87162800DE889AAD99B8E.e.11256"}}]}]}
COMMAND: GET /session/c1955427c912c9ca8e293616318541a3/screenshot - {}
RESULT: {}
COMMAND: POST /session/c1955427c912c9ca8e293616318541a3/execute/sync - {"script":"<script> [79 bytes]","args":[{"element-6066-11e4-a52e-4f735466cecf":"f.5DBEA6FA2B2306711F2E61D56D394A89.d.D921F9FF2CF87162800DE889AAD99B8E.e.11256","ELEMENT":"f.5DBEA6FA2B2306711F2E61D56D394A89.d.D921F9FF2CF87162800DE889AAD99B8E.e.11256"},{"block":"start","inline":"nearest"}]}
RESULT: {"script":"<script> [79 bytes]","args":[{"element-6066-11e4-a52e-4f735466cecf":"f.5DBEA6FA2B2306711F2E61D56D394A89.d.D921F9FF2CF87162800DE889AAD99B8E.e.11256","ELEMENT":"f.5DBEA6FA2B2306711F2E61D56D394A89.d.D921F9FF2CF87162800DE889AAD99B8E.e.11256"},{"block":"start","inline":"nearest"}]}
RESULT: undefined
COMMAND: POST /session/c1955427c912c9ca8e293616318541a3/element - {"using":"xpath","value":"//*[@id=\"application-manageresources-display-component---newResourceUnit--btnAddTimeSegment\"]"}
COMMAND: GET /session/c1955427c912c9ca8e293616318541a3/screenshot - {}
RESULT: {"using":"xpath","value":"//*[@id=\"application-manageresources-display-component---newResourceUnit--btnAddTimeSegment\"]"}
COMMAND: POST /session/c1955427c912c9ca8e293616318541a3/element/f.5DBEA6FA2B2306711F2E61D56D394A89.d.D921F9FF2CF87162800DE889AAD99B8E.e.11256/click - {}
RESULT: {}
RESULT: {}
COMMAND: GET /session/c1955427c912c9ca8e293616318541a3/screenshot - {}
RESULT: {}
COMMAND: POST /session/c1955427c912c9ca8e293616318541a3/element - {"using":"xpath","value":"//input[@id=\"application-manageresources-display-component---newResourceUnit--idRuTSAdmin-application-manageresources-display-component---newResourceUnit--RUTimeSegment-0-inner\"]"}
RESULT: {"using":"xpath","value":"//input[@id=\"application-manageresources-display-component---newResourceUnit--idRuTSAdmin-application-manageresources-display-component---newResourceUnit--RUTimeSegment-0-inner\"]"}
COMMAND: POST /session/c1955427c912c9ca8e293616318541a3/element/f.5DBEA6FA2B2306711F2E61D56D394A89.d.D921F9FF2CF87162800DE889AAD99B8E.e.11261/clear - {}
RESULT: {}
COMMAND: POST /session/c1955427c912c9ca8e293616318541a3/element/f.5DBEA6FA2B2306711F2E61D56D394A89.d.D921F9FF2CF87162800DE889AAD99B8E.e.11261/value - {"text":"279"}
COMMAND: GET /session/c1955427c912c9ca8e293616318541a3/screenshot - {}
RESULT: {"text":"279"}
COMMAND: GET /session/c1955427c912c9ca8e293616318541a3/screenshot - {}
RESULT: {}
RESULT: {}
COMMAND: POST /session/c1955427c912c9ca8e293616318541a3/element - {"using":"xpath","value":"//li[.//span[text()='279']]"}
RESULT: {"using":"xpath","value":"//li[.//span[text()='279']]"}
COMMAND: POST /session/c1955427c912c9ca8e293616318541a3/element/f.5DBEA6FA2B2306711F2E61D56D394A89.d.D921F9FF2CF87162800DE889AAD99B8E.e.11273/click - {}
RESULT: {}
COMMAND: GET /session/c1955427c912c9ca8e293616318541a3/screenshot - {}
RESULT: {}
COMMAND: POST /session/c1955427c912c9ca8e293616318541a3/element - {"using":"xpath","value":"(//span[contains(@id, \"-application-manageresources-display-component---newResourceUnit--RUTimeSegment-0-arrow\")])[6]"}
RESULT: {"using":"xpath","value":"(//span[contains(@id, \"-application-manageresources-display-component---newResourceUnit--RUTimeSegment-0-arrow\")])[6]"}
COMMAND: POST /session/c1955427c912c9ca8e293616318541a3/element/f.5DBEA6FA2B2306711F2E61D56D394A89.d.D921F9FF2CF87162800DE889AAD99B8E.e.11274/click - {}
RESULT: {}
COMMAND: GET /session/c1955427c912c9ca8e293616318541a3/screenshot - {}
RESULT: {}
COMMAND: POST /session/c1955427c912c9ca8e293616318541a3/element - {"using":"xpath","value":"//span[contains(text(), \"PM Order\")]"}
RESULT: {"using":"xpath","value":"//span[contains(text(), \"PM Order\")]"}
COMMAND: POST /session/c1955427c912c9ca8e293616318541a3/element/f.5DBEA6FA2B2306711F2E61D56D394A89.d.D921F9FF2CF87162800DE889AAD99B8E.e.11277/click - {}
RESULT: {}
COMMAND: GET /session/c1955427c912c9ca8e293616318541a3/screenshot - {}
RESULT: {}
COMMAND: POST /session/c1955427c912c9ca8e293616318541a3/element - {"using":"xpath","value":"(//span[contains(@id ,\"manageresources-display-component---newResourceUnit--RUTimeSegment-0-vhi\")])[1]"}
RESULT: {"using":"xpath","value":"(//span[contains(@id ,\"manageresources-display-component---newResourceUnit--RUTimeSegment-0-vhi\")])[1]"}
COMMAND: GET /session/c1955427c912c9ca8e293616318541a3/element/f.5DBEA6FA2B2306711F2E61D56D394A89.d.D921F9FF2CF87162800DE889AAD99B8E.e.11281/rect - {}
RESULT: {}
COMMAND: GET /session/c1955427c912c9ca8e293616318541a3/window/rect - {}
RESULT: {}
COMMAND: POST /session/c1955427c912c9ca8e293616318541a3/execute/sync - {"script":"<script> [92 bytes]","args":[]}
RESULT: {"script":"<script> [92 bytes]","args":[]}
COMMAND: POST /session/c1955427c912c9ca8e293616318541a3/actions - {"actions":[{"id":"action31","type":"wheel","parameters":{},"actions":[{"type":"scroll","x":-869,"y":-24,"deltaX":0,"deltaY":0,"duration":0,"origin":{"element-6066-11e4-a52e-4f735466cecf":"f.5DBEA6FA2B2306711F2E61D56D394A89.d.D921F9FF2CF87162800DE889AAD99B8E.e.11281"}}]}]}
COMMAND: GET /session/c1955427c912c9ca8e293616318541a3/screenshot - {}
RESULT: {"actions":[{"id":"action31","type":"wheel","parameters":{},"actions":[{"type":"scroll","x":-869,"y":-24,"deltaX":0,"deltaY":0,"duration":0,"origin":{"element-6066-11e4-a52e-4f735466cecf":"f.5DBEA6FA2B2306711F2E61D56D394A89.d.D921F9FF2CF87162800DE889AAD99B8E.e.11281"}}]}]}
COMMAND: DELETE /session/c1955427c912c9ca8e293616318541a3/actions - {}
COMMAND: GET /session/c1955427c912c9ca8e293616318541a3/screenshot - {}
RESULT: {}
RESULT: {}
COMMAND: GET /session/c1955427c912c9ca8e293616318541a3/screenshot - {}
RESULT: {}
RESULT: {}
COMMAND: POST /session/c1955427c912c9ca8e293616318541a3/element/f.5DBEA6FA2B2306711F2E61D56D394A89.d.D921F9FF2CF87162800DE889AAD99B8E.e.11281/click - {}
RESULT: {}
COMMAND: GET /session/c1955427c912c9ca8e293616318541a3/screenshot - {}
RESULT: {}
RESULT: undefined
COMMAND: POST /session/c1955427c912c9ca8e293616318541a3/execute/async - {"script":"<script> [776 bytes]","args":[{"enterText":"4000360","selector":{"controlType":"sap.m.SearchField","properties":{"placeholder":"Search"},"searchOpenDialogs":true,"interaction":{"idSuffix":"I"}},"clearTextFirst":true,"interactionType":"ENTER_TEXT"}]}
RESULT: {"script":"<script> [776 bytes]","args":[{"enterText":"4000360","selector":{"controlType":"sap.m.SearchField","properties":{"placeholder":"Search"},"searchOpenDialogs":true,"interaction":{"idSuffix":"I"}},"clearTextFirst":true,"interactionType":"ENTER_TEXT"}]}
COMMAND: POST /session/c1955427c912c9ca8e293616318541a3/actions - {"actions":[{"id":"action32","type":"key","parameters":{},"actions":[{"type":"keyDown","value":""},{"type":"pause","duration":10},{"type":"keyUp","value":""}]}]}
RESULT: {"actions":[{"id":"action32","type":"key","parameters":{},"actions":[{"type":"keyDown","value":""},{"type":"pause","duration":10},{"type":"keyUp","value":""}]}]}
COMMAND: GET /session/c1955427c912c9ca8e293616318541a3/screenshot - {}
RESULT: {}
COMMAND: POST /session/c1955427c912c9ca8e293616318541a3/element - {"using":"xpath","value":"//td/div/span[contains(text(), \"BGL Vehicles\")]"}
RESULT: {"using":"xpath","value":"//td/div/span[contains(text(), \"BGL Vehicles\")]"}
COMMAND: POST /session/c1955427c912c9ca8e293616318541a3/element/f.5DBEA6FA2B2306711F2E61D56D394A89.d.D921F9FF2CF87162800DE889AAD99B8E.e.11300/click - {}
RESULT: {}
COMMAND: GET /session/c1955427c912c9ca8e293616318541a3/screenshot - {}
RESULT: {}
COMMAND: POST /session/c1955427c912c9ca8e293616318541a3/element - {"using":"xpath","value":"//bdi[contains(text(), \"OK\")]"}
RESULT: {"using":"xpath","value":"//bdi[contains(text(), \"OK\")]"}
COMMAND: POST /session/c1955427c912c9ca8e293616318541a3/element/f.5DBEA6FA2B2306711F2E61D56D394A89.d.D921F9FF2CF87162800DE889AAD99B8E.e.11301/click - {}
RESULT: {}
COMMAND: GET /session/c1955427c912c9ca8e293616318541a3/screenshot - {}
RESULT: {}
RESULT: undefined
COMMAND: POST /session/c1955427c912c9ca8e293616318541a3/element - {"using":"xpath","value":"//*[@id=\"application-manageresources-display-component---newResourceUnit--newRRUPage-anchBar-application-manageresources-display-component---newResourceUnit--resource-anchor\"]"}
RESULT: {"using":"xpath","value":"//*[@id=\"application-manageresources-display-component---newResourceUnit--newRRUPage-anchBar-application-manageresources-display-component---newResourceUnit--resource-anchor\"]"}
COMMAND: POST /session/c1955427c912c9ca8e293616318541a3/element/f.5DBEA6FA2B2306711F2E61D56D394A89.d.D921F9FF2CF87162800DE889AAD99B8E.e.11304/click - {}
RESULT: {}
RESULT: undefined
COMMAND: POST /session/c1955427c912c9ca8e293616318541a3/execute/async - {"script":"<script> [6424 bytes]","args":[{"element-6066-11e4-a52e-4f735466cecf":"f.5DBEA6FA2B2306711F2E61D56D394A89.d.D921F9FF2CF87162800DE889AAD99B8E.e.8395"},"setValue",["6/14/25"]]}
COMMAND: GET /session/c1955427c912c9ca8e293616318541a3/screenshot - {}
COMMAND: POST /session/c1955427c912c9ca8e293616318541a3/execute/async - {"script":"<script> [1562 bytes]","args":[{"selector":{"id":"application-manageresources-display-component---newResourceUnit--PLANNED_DELIVERY_DATE","interaction":{"idSuffix":"inner"}},"wdio_ui5_key":"applicationmanageresources-display-component---newResourceUnit--PLANNED_DELIVERY_DATE"}]}
RESULT: {}
RESULT: {"script":"<script> [1562 bytes]","args":[{"selector":{"id":"application-manageresources-display-component---newResourceUnit--PLANNED_DELIVERY_DATE","interaction":{"idSuffix":"inner"}},"wdio_ui5_key":"applicationmanageresources-display-component---newResourceUnit--PLANNED_DELIVERY_DATE"}]}
COMMAND: POST /session/c1955427c912c9ca8e293616318541a3/execute/async - {"script":"<script> [6424 bytes]","args":[{"element-6066-11e4-a52e-4f735466cecf":"f.5DBEA6FA2B2306711F2E61D56D394A89.d.D921F9FF2CF87162800DE889AAD99B8E.e.11145"},"setValue",["6/14/25"]]}
RESULT: {"script":"<script> [6424 bytes]","args":[{"element-6066-11e4-a52e-4f735466cecf":"f.5DBEA6FA2B2306711F2E61D56D394A89.d.D921F9FF2CF87162800DE889AAD99B8E.e.11145"},"setValue",["6/14/25"]]}
COMMAND: POST /session/c1955427c912c9ca8e293616318541a3/element - {"using":"xpath","value":"//label[contains(@class, 'sapMLabelRequired') and .//bdi[contains(text(), 'Planned Retirement')]]"}
RESULT: {"using":"xpath","value":"//label[contains(@class, 'sapMLabelRequired') and .//bdi[contains(text(), 'Planned Retirement')]]"}
COMMAND: POST /session/c1955427c912c9ca8e293616318541a3/elements - {"using":"xpath","value":"//label[contains(@class, 'sapMLabelRequired') and .//bdi[contains(text(), 'Planned Retirement')]]"}
RESULT: {"using":"xpath","value":"//label[contains(@class, 'sapMLabelRequired') and .//bdi[contains(text(), 'Planned Retirement')]]"}
COMMAND: POST /session/c1955427c912c9ca8e293616318541a3/element - {"using":"xpath","value":"//button[@data-kt=\"resourceUnitSaveButton\"]"}
RESULT: {"using":"xpath","value":"//button[@data-kt=\"resourceUnitSaveButton\"]"}
COMMAND: POST /session/c1955427c912c9ca8e293616318541a3/element/f.5DBEA6FA2B2306711F2E61D56D394A89.d.D921F9FF2CF87162800DE889AAD99B8E.e.11105/click - {}
RESULT: {}
COMMAND: GET /session/c1955427c912c9ca8e293616318541a3/screenshot - {}
RESULT: {}
COMMAND: POST /session/c1955427c912c9ca8e293616318541a3/element - {"using":"xpath","value":"//bdi[contains(text(), \"Close\")]"}
RESULT: {"using":"xpath","value":"//bdi[contains(text(), \"Close\")]"}
COMMAND: POST /session/c1955427c912c9ca8e293616318541a3/element/f.5DBEA6FA2B2306711F2E61D56D394A89.d.D921F9FF2CF87162800DE889AAD99B8E.e.11312/click - {}
RESULT: {}
COMMAND: GET /session/c1955427c912c9ca8e293616318541a3/screenshot - {}
RESULT: {}
COMMAND: POST /session/c1955427c912c9ca8e293616318541a3/element - {"using":"xpath","value":"(//button[contains(@id ,\"actionsToolbar-overflowButton\")])[1]"}
RESULT: {"using":"xpath","value":"(//button[contains(@id ,\"actionsToolbar-overflowButton\")])[1]"}
COMMAND: POST /session/c1955427c912c9ca8e293616318541a3/element/f.5DBEA6FA2B2306711F2E61D56D394A89.d.D921F9FF2CF87162800DE889AAD99B8E.e.11344/click - {}
RESULT: {}
COMMAND: GET /session/c1955427c912c9ca8e293616318541a3/screenshot - {}
RESULT: {}
COMMAND: POST /session/c1955427c912c9ca8e293616318541a3/element - {"using":"xpath","value":"//button[@data-kt=\"priceInfoButton\"]"}
RESULT: {"using":"xpath","value":"//button[@data-kt=\"priceInfoButton\"]"}
COMMAND: POST /session/c1955427c912c9ca8e293616318541a3/element/f.5DBEA6FA2B2306711F2E61D56D394A89.d.D921F9FF2CF87162800DE889AAD99B8E.e.11346/click - {}
RESULT: {}
COMMAND: GET /session/c1955427c912c9ca8e293616318541a3/screenshot - {}
RESULT: {}
COMMAND: POST /session/c1955427c912c9ca8e293616318541a3/element - {"using":"css selector","value":"#shell-header-logo"}
RESULT: {"using":"css selector","value":"#shell-header-logo"}
COMMAND: POST /session/c1955427c912c9ca8e293616318541a3/element/f.5DBEA6FA2B2306711F2E61D56D394A89.d.D921F9FF2CF87162800DE889AAD99B8E.e.10692/click - {}
RESULT: {}
COMMAND: GET /session/c1955427c912c9ca8e293616318541a3/screenshot - {}
RESULT: {}
RESULT: undefined
COMMAND: POST /session/c1955427c912c9ca8e293616318541a3/element - {"using":"xpath","value":"//*[@id=\"__tile32\"]"}
RESULT: {"using":"xpath","value":"//*[@id=\"__tile32\"]"}
COMMAND: POST /session/c1955427c912c9ca8e293616318541a3/element/f.5DBEA6FA2B2306711F2E61D56D394A89.d.D921F9FF2CF87162800DE889AAD99B8E.e.5561/click - {}
RESULT: {}
COMMAND: GET /session/c1955427c912c9ca8e293616318541a3/screenshot - {}
RESULT: {}
COMMAND: POST /session/c1955427c912c9ca8e293616318541a3/elements - {"using":"xpath","value":"//span[text()='Error']"}
RESULT: {"using":"xpath","value":"//span[text()='Error']"}
COMMAND: POST /session/c1955427c912c9ca8e293616318541a3/execute/async - {"script":"<script> [1562 bytes]","args":[{"selector":{"id":"application-manageresources-display-component---masterRU--smartFilterBar-btnBasicSearch","interaction":{"idSuffix":"I"}},"wdio_ui5_key":"applicationmanageresources-display-component---masterRU--smartFilterBar-btnBasicSearch"}]}
RESULT: {"script":"<script> [1562 bytes]","args":[{"selector":{"id":"application-manageresources-display-component---masterRU--smartFilterBar-btnBasicSearch","interaction":{"idSuffix":"I"}},"wdio_ui5_key":"applicationmanageresources-display-component---masterRU--smartFilterBar-btnBasicSearch"}]}
RESULT: undefined
COMMAND: POST /session/c1955427c912c9ca8e293616318541a3/execute/async - {"script":"<script> [776 bytes]","args":[{"enterText":"wkEs0fPFnO","selector":{"id":"application-manageresources-display-component---masterRU--smartFilterBar-btnBasicSearch","interaction":{"idSuffix":"I"}},"clearTextFirst":true,"interactionType":"ENTER_TEXT"}]}
RESULT: {"script":"<script> [776 bytes]","args":[{"enterText":"wkEs0fPFnO","selector":{"id":"application-manageresources-display-component---masterRU--smartFilterBar-btnBasicSearch","interaction":{"idSuffix":"I"}},"clearTextFirst":true,"interactionType":"ENTER_TEXT"}]}
COMMAND: POST /session/c1955427c912c9ca8e293616318541a3/actions - {"actions":[{"id":"action33","type":"key","parameters":{},"actions":[{"type":"keyDown","value":""},{"type":"pause","duration":10},{"type":"keyUp","value":""}]}]}
RESULT: {"actions":[{"id":"action33","type":"key","parameters":{},"actions":[{"type":"keyDown","value":""},{"type":"pause","duration":10},{"type":"keyUp","value":""}]}]}
COMMAND: GET /session/c1955427c912c9ca8e293616318541a3/screenshot - {}
RESULT: {}
COMMAND: POST /session/c1955427c912c9ca8e293616318541a3/execute/async - {"script":"<script> [1562 bytes]","args":[{"selector":{"id":"application-manageresources-display-component---masterRU--smartTable-header"},"wdio_ui5_key":"applicationmanageresources-display-component---masterRU--smartTable-header"}]}
RESULT: {"script":"<script> [1562 bytes]","args":[{"selector":{"id":"application-manageresources-display-component---masterRU--smartTable-header"},"wdio_ui5_key":"applicationmanageresources-display-component---masterRU--smartTable-header"}]}
RESULT: undefined
COMMAND: POST /session/c1955427c912c9ca8e293616318541a3/execute/async - {"script":"<script> [6424 bytes]","args":[{"element-6066-11e4-a52e-4f735466cecf":"f.5DBEA6FA2B2306711F2E61D56D394A89.d.D921F9FF2CF87162800DE889AAD99B8E.e.11621"},"getText",[]]}
RESULT: {"script":"<script> [6424 bytes]","args":[{"element-6066-11e4-a52e-4f735466cecf":"f.5DBEA6FA2B2306711F2E61D56D394A89.d.D921F9FF2CF87162800DE889AAD99B8E.e.11621"},"getText",[]]}
COMMAND: POST /session/c1955427c912c9ca8e293616318541a3/execute/async - {"script":"<script> [1562 bytes]","args":[{"selector":{"controlType":"sap.ui.core.Icon","viewName":"etm.portal.ui.manageresources.view.Master","viewId":"application-manageresources-display-component---masterRU","properties":{"src":{"regex":{"source":"slim\\-arrow\\-right"}}}},"wdio_ui5_key":"etmportal.ui.manageresources.view.Mastersap.ui.core.Icon{\"src\":{\"regex\":{\"source\":\"slim\\\\-arrow\\\\-right\"}}}"}]}
RESULT: {"script":"<script> [1562 bytes]","args":[{"selector":{"controlType":"sap.ui.core.Icon","viewName":"etm.portal.ui.manageresources.view.Master","viewId":"application-manageresources-display-component---masterRU","properties":{"src":{"regex":{"source":"slim\\-arrow\\-right"}}}},"wdio_ui5_key":"etmportal.ui.manageresources.view.Mastersap.ui.core.Icon{\"src\":{\"regex\":{\"source\":\"slim\\\\-arrow\\\\-right\"}}}"}]}
RESULT: undefined
COMMAND: POST /session/c1955427c912c9ca8e293616318541a3/element - {"using":"xpath","value":"//*[@id=\"__item3156-__clone8986-imgNav\"]"}
RESULT: {"using":"xpath","value":"//*[@id=\"__item3156-__clone8986-imgNav\"]"}
COMMAND: POST /session/c1955427c912c9ca8e293616318541a3/element/f.5DBEA6FA2B2306711F2E61D56D394A89.d.D921F9FF2CF87162800DE889AAD99B8E.e.11620/click - {}
RESULT: {}
COMMAND: GET /session/c1955427c912c9ca8e293616318541a3/screenshot - {}
COMMAND: POST /session/c1955427c912c9ca8e293616318541a3/element - {"using":"xpath","value":"//bdi[contains(text(), \"Edit\")]"}
RESULT: {}
RESULT: {"using":"xpath","value":"//bdi[contains(text(), \"Edit\")]"}
COMMAND: POST /session/c1955427c912c9ca8e293616318541a3/execute/sync - {"script":"<script> [8489 bytes]","args":[{"element-6066-11e4-a52e-4f735466cecf":"f.5DBEA6FA2B2306711F2E61D56D394A89.d.D921F9FF2CF87162800DE889AAD99B8E.e.11779","ELEMENT":"f.5DBEA6FA2B2306711F2E61D56D394A89.d.D921F9FF2CF87162800DE889AAD99B8E.e.11779"}]}
RESULT: {"script":"<script> [8489 bytes]","args":[{"element-6066-11e4-a52e-4f735466cecf":"f.5DBEA6FA2B2306711F2E61D56D394A89.d.D921F9FF2CF87162800DE889AAD99B8E.e.11779","ELEMENT":"f.5DBEA6FA2B2306711F2E61D56D394A89.d.D921F9FF2CF87162800DE889AAD99B8E.e.11779"}]}
COMMAND: POST /session/c1955427c912c9ca8e293616318541a3/element/f.5DBEA6FA2B2306711F2E61D56D394A89.d.D921F9FF2CF87162800DE889AAD99B8E.e.11779/click - {}
COMMAND: GET /session/c1955427c912c9ca8e293616318541a3/screenshot - {}
RESULT: {}
COMMAND: GET /session/c1955427c912c9ca8e293616318541a3/screenshot - {}
COMMAND: POST /session/c1955427c912c9ca8e293616318541a3/execute/async - {"script":"<script> [1562 bytes]","args":[{"selector":{"id":"application-manageresources-display-component---editResource--editRruPage-anchBar-application-manageresources-display-component---editResource--counters-anchor","interaction":{"idSuffix":"BDI-content"}},"wdio_ui5_key":"applicationmanageresources-display-component---editResource--editRruPage-anchBar-application-manageresources-display-component---editResource--counters-anchor"}]}
RESULT: {}
RESULT: {}
RESULT: {"script":"<script> [1562 bytes]","args":[{"selector":{"id":"application-manageresources-display-component---editResource--editRruPage-anchBar-application-manageresources-display-component---editResource--counters-anchor","interaction":{"idSuffix":"BDI-content"}},"wdio_ui5_key":"applicationmanageresources-display-component---editResource--editRruPage-anchBar-application-manageresources-display-component---editResource--counters-anchor"}]}
RESULT: undefined
COMMAND: POST /session/c1955427c912c9ca8e293616318541a3/element - {"using":"xpath","value":"//*[@id=\"application-manageresources-display-component---editResource--editRruPage-anchBar-application-manageresources-display-component---editResource--counters-anchor\"]"}
RESULT: {"using":"xpath","value":"//*[@id=\"application-manageresources-display-component---editResource--editRruPage-anchBar-application-manageresources-display-component---editResource--counters-anchor\"]"}
COMMAND: POST /session/c1955427c912c9ca8e293616318541a3/element/f.5DBEA6FA2B2306711F2E61D56D394A89.d.D921F9FF2CF87162800DE889AAD99B8E.e.11975/click - {}
RESULT: {}
COMMAND: GET /session/c1955427c912c9ca8e293616318541a3/screenshot - {}
RESULT: {}
COMMAND: POST /session/c1955427c912c9ca8e293616318541a3/execute/async - {"script":"<script> [1562 bytes]","args":[{"selector":{"id":"application-manageresources-display-component---editResource--btnAddCounter-img"},"wdio_ui5_key":"applicationmanageresources-display-component---editResource--btnAddCounter-img"}]}
RESULT: {"script":"<script> [1562 bytes]","args":[{"selector":{"id":"application-manageresources-display-component---editResource--btnAddCounter-img"},"wdio_ui5_key":"applicationmanageresources-display-component---editResource--btnAddCounter-img"}]}
RESULT: undefined
COMMAND: POST /session/c1955427c912c9ca8e293616318541a3/element - {"using":"xpath","value":"//*[@id=\"application-manageresources-display-component---editResource--btnAddCounter-img\"]"}
RESULT: {"using":"xpath","value":"//*[@id=\"application-manageresources-display-component---editResource--btnAddCounter-img\"]"}
COMMAND: POST /session/c1955427c912c9ca8e293616318541a3/element/f.5DBEA6FA2B2306711F2E61D56D394A89.d.D921F9FF2CF87162800DE889AAD99B8E.e.11980/click - {}
RESULT: {}
COMMAND: POST /session/c1955427c912c9ca8e293616318541a3/execute/async - {"script":"<script> [1562 bytes]","args":[{"selector":{"id":"application-manageresources-display-component---editResource--COUNTER_ID-application-manageresources-display-component---editResource--RUCounters-0-arrow"},"wdio_ui5_key":"applicationmanageresources-display-component---editResource--COUNTER_ID-application-manageresources-display-component---editResource--RUCounters-0-arrow"}]}
COMMAND: GET /session/c1955427c912c9ca8e293616318541a3/screenshot - {}
RESULT: {"script":"<script> [1562 bytes]","args":[{"selector":{"id":"application-manageresources-display-component---editResource--COUNTER_ID-application-manageresources-display-component---editResource--RUCounters-0-arrow"},"wdio_ui5_key":"applicationmanageresources-display-component---editResource--COUNTER_ID-application-manageresources-display-component---editResource--RUCounters-0-arrow"}]}
RESULT: undefined
COMMAND: POST /session/c1955427c912c9ca8e293616318541a3/element - {"using":"xpath","value":"//*[@id=\"application-manageresources-display-component---editResource--COUNTER_ID-application-manageresources-display-component---editResource--RUCounters-0-arrow\"]"}
RESULT: {}
RESULT: {"using":"xpath","value":"//*[@id=\"application-manageresources-display-component---editResource--COUNTER_ID-application-manageresources-display-component---editResource--RUCounters-0-arrow\"]"}
COMMAND: POST /session/c1955427c912c9ca8e293616318541a3/element/f.5DBEA6FA2B2306711F2E61D56D394A89.d.D921F9FF2CF87162800DE889AAD99B8E.e.11993/click - {}
RESULT: {}
COMMAND: POST /session/c1955427c912c9ca8e293616318541a3/execute/async - {"script":"<script> [1562 bytes]","args":[{"selector":{"controlType":"sap.m.StandardListItem","viewName":"etm.portal.ui.manageresources.view.EditResource","viewId":"application-manageresources-display-component---editResource","properties":{"title":"fuel"},"searchOpenDialogs":true,"interaction":{"idSuffix":"content"}},"wdio_ui5_key":"etmportal.ui.manageresources.view.EditResourcesap.m.StandardListItem{\"title\":\"fuel\"}"}]}
COMMAND: GET /session/c1955427c912c9ca8e293616318541a3/screenshot - {}
RESULT: {"script":"<script> [1562 bytes]","args":[{"selector":{"controlType":"sap.m.StandardListItem","viewName":"etm.portal.ui.manageresources.view.EditResource","viewId":"application-manageresources-display-component---editResource","properties":{"title":"fuel"},"searchOpenDialogs":true,"interaction":{"idSuffix":"content"}},"wdio_ui5_key":"etmportal.ui.manageresources.view.EditResourcesap.m.StandardListItem{\"title\":\"fuel\"}"}]}
RESULT: undefined
COMMAND: POST /session/c1955427c912c9ca8e293616318541a3/element - {"using":"xpath","value":"//*[@id=\"__item3482\"]"}
RESULT: {}
RESULT: {"using":"xpath","value":"//*[@id=\"__item3482\"]"}
COMMAND: POST /session/c1955427c912c9ca8e293616318541a3/element/f.5DBEA6FA2B2306711F2E61D56D394A89.d.D921F9FF2CF87162800DE889AAD99B8E.e.11995/click - {}
RESULT: {}
COMMAND: POST /session/c1955427c912c9ca8e293616318541a3/execute/async - {"script":"<script> [1562 bytes]","args":[{"selector":{"controlType":"sap.m.Button","viewName":"etm.portal.ui.manageresources.view.EditResource","viewId":"application-manageresources-display-component---editResource","i18NText":{"propertyName":"text","key":"save"},"interaction":{"idSuffix":"BDI-content"}},"wdio_ui5_key":"etmportal.ui.manageresources.view.EditResourcesap.m.Button{\"propertyName\":\"text\",\"key\":\"save\"}"}]}
COMMAND: GET /session/c1955427c912c9ca8e293616318541a3/screenshot - {}
RESULT: {"script":"<script> [1562 bytes]","args":[{"selector":{"controlType":"sap.m.Button","viewName":"etm.portal.ui.manageresources.view.EditResource","viewId":"application-manageresources-display-component---editResource","i18NText":{"propertyName":"text","key":"save"},"interaction":{"idSuffix":"BDI-content"}},"wdio_ui5_key":"etmportal.ui.manageresources.view.EditResourcesap.m.Button{\"propertyName\":\"text\",\"key\":\"save\"}"}]}
RESULT: undefined
COMMAND: POST /session/c1955427c912c9ca8e293616318541a3/element - {"using":"xpath","value":"//*[@id=\"__button606\"]"}
RESULT: {}
RESULT: {"using":"xpath","value":"//*[@id=\"__button606\"]"}
COMMAND: POST /session/c1955427c912c9ca8e293616318541a3/element/f.5DBEA6FA2B2306711F2E61D56D394A89.d.D921F9FF2CF87162800DE889AAD99B8E.e.11997/click - {}
RESULT: {}
COMMAND: GET /session/c1955427c912c9ca8e293616318541a3/screenshot - {}
RESULT: {}
COMMAND: POST /session/c1955427c912c9ca8e293616318541a3/element - {"using":"css selector","value":"#shell-header-logo"}
RESULT: {"using":"css selector","value":"#shell-header-logo"}
COMMAND: POST /session/c1955427c912c9ca8e293616318541a3/element/f.5DBEA6FA2B2306711F2E61D56D394A89.d.D921F9FF2CF87162800DE889AAD99B8E.e.11437/click - {}
RESULT: {}
COMMAND: GET /session/c1955427c912c9ca8e293616318541a3/screenshot - {}
RESULT: {}
RESULT: undefined
COMMAND: POST /session/c1955427c912c9ca8e293616318541a3/element - {"using":"xpath","value":"//*[@id=\"__tile132\"]"}
RESULT: {"using":"xpath","value":"//*[@id=\"__tile132\"]"}
COMMAND: POST /session/c1955427c912c9ca8e293616318541a3/element/f.5DBEA6FA2B2306711F2E61D56D394A89.d.D921F9FF2CF87162800DE889AAD99B8E.e.5588/click - {}
RESULT: {}
COMMAND: GET /session/c1955427c912c9ca8e293616318541a3/screenshot - {}
RESULT: {}
COMMAND: POST /session/c1955427c912c9ca8e293616318541a3/elements - {"using":"xpath","value":"//span[text()='Error']"}
RESULT: {"using":"xpath","value":"//span[text()='Error']"}
COMMAND: POST /session/c1955427c912c9ca8e293616318541a3/element - {"using":"xpath","value":"//button[@data-kt=\"masterHOAddButton\"]"}
RESULT: {"using":"xpath","value":"//button[@data-kt=\"masterHOAddButton\"]"}
COMMAND: POST /session/c1955427c912c9ca8e293616318541a3/elements - {"using":"xpath","value":"//button[@data-kt=\"masterHOAddButton\"]"}
RESULT: {"using":"xpath","value":"//button[@data-kt=\"masterHOAddButton\"]"}
COMMAND: POST /session/c1955427c912c9ca8e293616318541a3/execute/sync - {"script":"<script> [8489 bytes]","args":[{"element-6066-11e4-a52e-4f735466cecf":"f.5DBEA6FA2B2306711F2E61D56D394A89.d.D921F9FF2CF87162800DE889AAD99B8E.e.12080","ELEMENT":"f.5DBEA6FA2B2306711F2E61D56D394A89.d.D921F9FF2CF87162800DE889AAD99B8E.e.12080"}]}
RESULT: {"script":"<script> [8489 bytes]","args":[{"element-6066-11e4-a52e-4f735466cecf":"f.5DBEA6FA2B2306711F2E61D56D394A89.d.D921F9FF2CF87162800DE889AAD99B8E.e.12080","ELEMENT":"f.5DBEA6FA2B2306711F2E61D56D394A89.d.D921F9FF2CF87162800DE889AAD99B8E.e.12080"}]}
COMMAND: GET /session/c1955427c912c9ca8e293616318541a3/element/f.5DBEA6FA2B2306711F2E61D56D394A89.d.D921F9FF2CF87162800DE889AAD99B8E.e.12080/enabled - {}
COMMAND: GET /session/c1955427c912c9ca8e293616318541a3/screenshot - {}
RESULT: {}
COMMAND: POST /session/c1955427c912c9ca8e293616318541a3/execute/sync - {"script":"<script> [8489 bytes]","args":[{"element-6066-11e4-a52e-4f735466cecf":"f.5DBEA6FA2B2306711F2E61D56D394A89.d.D921F9FF2CF87162800DE889AAD99B8E.e.12080","ELEMENT":"f.5DBEA6FA2B2306711F2E61D56D394A89.d.D921F9FF2CF87162800DE889AAD99B8E.e.12080"}]}
COMMAND: GET /session/c1955427c912c9ca8e293616318541a3/screenshot - {}
RESULT: {}
RESULT: {"script":"<script> [8489 bytes]","args":[{"element-6066-11e4-a52e-4f735466cecf":"f.5DBEA6FA2B2306711F2E61D56D394A89.d.D921F9FF2CF87162800DE889AAD99B8E.e.12080","ELEMENT":"f.5DBEA6FA2B2306711F2E61D56D394A89.d.D921F9FF2CF87162800DE889AAD99B8E.e.12080"}]}
COMMAND: POST /session/c1955427c912c9ca8e293616318541a3/execute/sync - {"script":"<script> [5351 bytes]","args":[{"element-6066-11e4-a52e-4f735466cecf":"f.5DBEA6FA2B2306711F2E61D56D394A89.d.D921F9FF2CF87162800DE889AAD99B8E.e.12080","ELEMENT":"f.5DBEA6FA2B2306711F2E61D56D394A89.d.D921F9FF2CF87162800DE889AAD99B8E.e.12080"}]}
COMMAND: GET /session/c1955427c912c9ca8e293616318541a3/screenshot - {}
RESULT: {}
RESULT: {"script":"<script> [5351 bytes]","args":[{"element-6066-11e4-a52e-4f735466cecf":"f.5DBEA6FA2B2306711F2E61D56D394A89.d.D921F9FF2CF87162800DE889AAD99B8E.e.12080","ELEMENT":"f.5DBEA6FA2B2306711F2E61D56D394A89.d.D921F9FF2CF87162800DE889AAD99B8E.e.12080"}]}
COMMAND: POST /session/c1955427c912c9ca8e293616318541a3/element/f.5DBEA6FA2B2306711F2E61D56D394A89.d.D921F9FF2CF87162800DE889AAD99B8E.e.12080/click - {}
COMMAND: GET /session/c1955427c912c9ca8e293616318541a3/screenshot - {}
RESULT: {}
RESULT: {}
COMMAND: GET /session/c1955427c912c9ca8e293616318541a3/screenshot - {}
RESULT: {}
RESULT: {}
COMMAND: POST /session/c1955427c912c9ca8e293616318541a3/element - {"using":"xpath","value":"//span[contains(@id ,\"AddNewHO--typeSelect-arrow\")]"}
RESULT: {"using":"xpath","value":"//span[contains(@id ,\"AddNewHO--typeSelect-arrow\")]"}
COMMAND: POST /session/c1955427c912c9ca8e293616318541a3/element/f.5DBEA6FA2B2306711F2E61D56D394A89.d.D921F9FF2CF87162800DE889AAD99B8E.e.12471/click - {}
RESULT: {}
COMMAND: GET /session/c1955427c912c9ca8e293616318541a3/screenshot - {}
RESULT: {}
COMMAND: POST /session/c1955427c912c9ca8e293616318541a3/element - {"using":"xpath","value":"(//li[contains(text(), \"stock increase yard\")])[1]"}
RESULT: {"using":"xpath","value":"(//li[contains(text(), \"stock increase yard\")])[1]"}
COMMAND: POST /session/c1955427c912c9ca8e293616318541a3/element/f.5DBEA6FA2B2306711F2E61D56D394A89.d.D921F9FF2CF87162800DE889AAD99B8E.e.12472/click - {}
RESULT: {}
COMMAND: GET /session/c1955427c912c9ca8e293616318541a3/screenshot - {}
RESULT: {}
RESULT: undefined
COMMAND: POST /session/c1955427c912c9ca8e293616318541a3/execute/async - {"script":"<script> [6424 bytes]","args":[{"element-6066-11e4-a52e-4f735466cecf":"f.5DBEA6FA2B2306711F2E61D56D394A89.d.D921F9FF2CF87162800DE889AAD99B8E.e.9012"},"setValue",["6/14/25"]]}
COMMAND: POST /session/c1955427c912c9ca8e293616318541a3/execute/async - {"script":"<script> [1562 bytes]","args":[{"selector":{"id":"application-managehandovers-display-component---AddNewHO--dueDate","interaction":{"idSuffix":"inner"}},"wdio_ui5_key":"applicationmanagehandovers-display-component---AddNewHO--dueDate"}]}
RESULT: {"script":"<script> [1562 bytes]","args":[{"selector":{"id":"application-managehandovers-display-component---AddNewHO--dueDate","interaction":{"idSuffix":"inner"}},"wdio_ui5_key":"applicationmanagehandovers-display-component---AddNewHO--dueDate"}]}
COMMAND: POST /session/c1955427c912c9ca8e293616318541a3/execute/async - {"script":"<script> [6424 bytes]","args":[{"element-6066-11e4-a52e-4f735466cecf":"f.5DBEA6FA2B2306711F2E61D56D394A89.d.D921F9FF2CF87162800DE889AAD99B8E.e.12474"},"setValue",["6/14/25"]]}
RESULT: {"script":"<script> [6424 bytes]","args":[{"element-6066-11e4-a52e-4f735466cecf":"f.5DBEA6FA2B2306711F2E61D56D394A89.d.D921F9FF2CF87162800DE889AAD99B8E.e.12474"},"setValue",["6/14/25"]]}
COMMAND: POST /session/c1955427c912c9ca8e293616318541a3/element - {"using":"xpath","value":"//input[@id=\"generalSectionFrg--receiveYard-inner\"]"}
RESULT: {"using":"xpath","value":"//input[@id=\"generalSectionFrg--receiveYard-inner\"]"}
COMMAND: POST /session/c1955427c912c9ca8e293616318541a3/element/f.5DBEA6FA2B2306711F2E61D56D394A89.d.D921F9FF2CF87162800DE889AAD99B8E.e.12480/clear - {}
RESULT: {}
COMMAND: POST /session/c1955427c912c9ca8e293616318541a3/element/f.5DBEA6FA2B2306711F2E61D56D394A89.d.D921F9FF2CF87162800DE889AAD99B8E.e.12480/value - {"text":"279"}
COMMAND: GET /session/c1955427c912c9ca8e293616318541a3/screenshot - {}
RESULT: {"text":"279"}
COMMAND: GET /session/c1955427c912c9ca8e293616318541a3/screenshot - {}
RESULT: {}
RESULT: {}
COMMAND: POST /session/c1955427c912c9ca8e293616318541a3/element - {"using":"xpath","value":"//li[.//span[contains(normalize-space(.), '279 -')]]"}
RESULT: {"using":"xpath","value":"//li[.//span[contains(normalize-space(.), '279 -')]]"}
COMMAND: POST /session/c1955427c912c9ca8e293616318541a3/element/f.5DBEA6FA2B2306711F2E61D56D394A89.d.D921F9FF2CF87162800DE889AAD99B8E.e.12496/click - {}
RESULT: {}
COMMAND: GET /session/c1955427c912c9ca8e293616318541a3/screenshot - {}
RESULT: {}
RESULT: undefined
COMMAND: POST /session/c1955427c912c9ca8e293616318541a3/element - {"using":"xpath","value":"//*[@id=\"application-managehandovers-display-component---AddNewHO--ObjectPageLayout-anchBar-application-managehandovers-display-component---AddNewHO--section4-anchor\"]"}
RESULT: {"using":"xpath","value":"//*[@id=\"application-managehandovers-display-component---AddNewHO--ObjectPageLayout-anchBar-application-managehandovers-display-component---AddNewHO--section4-anchor\"]"}
COMMAND: POST /session/c1955427c912c9ca8e293616318541a3/element/f.5DBEA6FA2B2306711F2E61D56D394A89.d.D921F9FF2CF87162800DE889AAD99B8E.e.12497/click - {}
RESULT: {}
COMMAND: GET /session/c1955427c912c9ca8e293616318541a3/screenshot - {}
RESULT: {}
COMMAND: POST /session/c1955427c912c9ca8e293616318541a3/element - {"using":"xpath","value":"//button[@aria-label=\"Add\"]"}
RESULT: {"using":"xpath","value":"//button[@aria-label=\"Add\"]"}
COMMAND: POST /session/c1955427c912c9ca8e293616318541a3/element/f.5DBEA6FA2B2306711F2E61D56D394A89.d.D921F9FF2CF87162800DE889AAD99B8E.e.12501/click - {}
RESULT: {}
COMMAND: GET /session/c1955427c912c9ca8e293616318541a3/screenshot - {}
RESULT: {}
RESULT: undefined
COMMAND: POST /session/c1955427c912c9ca8e293616318541a3/execute/async - {"script":"<script> [776 bytes]","args":[{"enterText":"wkEs0fPFnO","selector":{"id":"application-managehandovers-display-component---AddNewHO--smartFilterBar-btnBasicSearch","searchOpenDialogs":true,"interaction":{"idSuffix":"I"}},"clearTextFirst":true,"interactionType":"ENTER_TEXT"}]}
RESULT: {"script":"<script> [776 bytes]","args":[{"enterText":"wkEs0fPFnO","selector":{"id":"application-managehandovers-display-component---AddNewHO--smartFilterBar-btnBasicSearch","searchOpenDialogs":true,"interaction":{"idSuffix":"I"}},"clearTextFirst":true,"interactionType":"ENTER_TEXT"}]}
COMMAND: POST /session/c1955427c912c9ca8e293616318541a3/actions - {"actions":[{"id":"action34","type":"key","parameters":{},"actions":[{"type":"keyDown","value":""},{"type":"pause","duration":10},{"type":"keyUp","value":""}]}]}
RESULT: {"actions":[{"id":"action34","type":"key","parameters":{},"actions":[{"type":"keyDown","value":""},{"type":"pause","duration":10},{"type":"keyUp","value":""}]}]}
COMMAND: GET /session/c1955427c912c9ca8e293616318541a3/screenshot - {}
RESULT: {}
RESULT: undefined
COMMAND: POST /session/c1955427c912c9ca8e293616318541a3/element - {"using":"xpath","value":"//*[@id=\"application-managehandovers-display-component---AddNewHO--popup-sa\"]"}
RESULT: {"using":"xpath","value":"//*[@id=\"application-managehandovers-display-component---AddNewHO--popup-sa\"]"}
COMMAND: POST /session/c1955427c912c9ca8e293616318541a3/element/f.5DBEA6FA2B2306711F2E61D56D394A89.d.D921F9FF2CF87162800DE889AAD99B8E.e.12650/click - {}
RESULT: {}
COMMAND: GET /session/c1955427c912c9ca8e293616318541a3/screenshot - {}
RESULT: {}
COMMAND: POST /session/c1955427c912c9ca8e293616318541a3/element - {"using":"xpath","value":"//bdi[contains(text(), \"Select\")]"}
RESULT: {"using":"xpath","value":"//bdi[contains(text(), \"Select\")]"}
COMMAND: POST /session/c1955427c912c9ca8e293616318541a3/element/f.5DBEA6FA2B2306711F2E61D56D394A89.d.D921F9FF2CF87162800DE889AAD99B8E.e.12651/click - {}
RESULT: {}
COMMAND: GET /session/c1955427c912c9ca8e293616318541a3/screenshot - {}
RESULT: {}
COMMAND: POST /session/c1955427c912c9ca8e293616318541a3/element - {"using":"xpath","value":"//button[@data-kt=\"AddNewHOSaveButton\"]"}
RESULT: {"using":"xpath","value":"//button[@data-kt=\"AddNewHOSaveButton\"]"}
COMMAND: POST /session/c1955427c912c9ca8e293616318541a3/element/f.5DBEA6FA2B2306711F2E61D56D394A89.d.D921F9FF2CF87162800DE889AAD99B8E.e.12655/click - {}
RESULT: {}
COMMAND: GET /session/c1955427c912c9ca8e293616318541a3/screenshot - {}
RESULT: {}
RESULT: undefined
COMMAND: POST /session/c1955427c912c9ca8e293616318541a3/execute/async - {"script":"<script> [6424 bytes]","args":[{"element-6066-11e4-a52e-4f735466cecf":"f.5DBEA6FA2B2306711F2E61D56D394A89.d.D921F9FF2CF87162800DE889AAD99B8E.e.9229"},"setValue",["6/14/25"]]}
COMMAND: POST /session/c1955427c912c9ca8e293616318541a3/execute/async - {"script":"<script> [1562 bytes]","args":[{"selector":{"id":"receiptDatePicker","viewName":"etm.portal.ui.managehandovers.view.DetailExecuteHO","interaction":{"idSuffix":"inner"}},"wdio_ui5_key":"receiptDatePickeretmportal.ui.managehandovers.view.DetailExecuteHO"}]}
RESULT: {"script":"<script> [1562 bytes]","args":[{"selector":{"id":"receiptDatePicker","viewName":"etm.portal.ui.managehandovers.view.DetailExecuteHO","interaction":{"idSuffix":"inner"}},"wdio_ui5_key":"receiptDatePickeretmportal.ui.managehandovers.view.DetailExecuteHO"}]}
COMMAND: POST /session/c1955427c912c9ca8e293616318541a3/execute/async - {"script":"<script> [6424 bytes]","args":[{"element-6066-11e4-a52e-4f735466cecf":"f.5DBEA6FA2B2306711F2E61D56D394A89.d.D921F9FF2CF87162800DE889AAD99B8E.e.12682"},"setValue",["6/14/25"]]}
RESULT: {"script":"<script> [6424 bytes]","args":[{"element-6066-11e4-a52e-4f735466cecf":"f.5DBEA6FA2B2306711F2E61D56D394A89.d.D921F9FF2CF87162800DE889AAD99B8E.e.12682"},"setValue",["6/14/25"]]}
COMMAND: POST /session/c1955427c912c9ca8e293616318541a3/element - {"using":"xpath","value":"//button[@data-kt=\"ReceivingTableConfirmAllButton\"]"}
RESULT: {"using":"xpath","value":"//button[@data-kt=\"ReceivingTableConfirmAllButton\"]"}
COMMAND: POST /session/c1955427c912c9ca8e293616318541a3/element/f.5DBEA6FA2B2306711F2E61D56D394A89.d.D921F9FF2CF87162800DE889AAD99B8E.e.12696/click - {}
RESULT: {}
COMMAND: GET /session/c1955427c912c9ca8e293616318541a3/screenshot - {}
RESULT: {}
COMMAND: POST /session/c1955427c912c9ca8e293616318541a3/element - {"using":"xpath","value":"//bdi[contains(text(), \"OK\")]"}
RESULT: {"using":"xpath","value":"//bdi[contains(text(), \"OK\")]"}
COMMAND: POST /session/c1955427c912c9ca8e293616318541a3/element/f.5DBEA6FA2B2306711F2E61D56D394A89.d.D921F9FF2CF87162800DE889AAD99B8E.e.12698/click - {}
RESULT: {}
COMMAND: GET /session/c1955427c912c9ca8e293616318541a3/screenshot - {}
RESULT: {}
COMMAND: POST /session/c1955427c912c9ca8e293616318541a3/element - {"using":"xpath","value":"(//bdi[contains(text(), \"Receive\")])[2]"}
RESULT: {"using":"xpath","value":"(//bdi[contains(text(), \"Receive\")])[2]"}
COMMAND: POST /session/c1955427c912c9ca8e293616318541a3/element/f.5DBEA6FA2B2306711F2E61D56D394A89.d.D921F9FF2CF87162800DE889AAD99B8E.e.12700/click - {}
RESULT: {}
COMMAND: GET /session/c1955427c912c9ca8e293616318541a3/screenshot - {}
RESULT: {}
COMMAND: POST /session/c1955427c912c9ca8e293616318541a3/element - {"using":"css selector","value":"#shell-header-logo"}
RESULT: {"using":"css selector","value":"#shell-header-logo"}
COMMAND: POST /session/c1955427c912c9ca8e293616318541a3/element/f.5DBEA6FA2B2306711F2E61D56D394A89.d.D921F9FF2CF87162800DE889AAD99B8E.e.12024/click - {}
RESULT: {}
COMMAND: GET /session/c1955427c912c9ca8e293616318541a3/screenshot - {}
RESULT: {}
]]></system-out>
    </testcase>
    <testcase classname="chrome.137_0_7151_69.windows.Manage_States_&amp;_Performance_Tests_US151247_US151423_US151467" name="Step 2 Try to save empty performance document US151423" time="58.046">
      <system-out><![CDATA[
RESULT: undefined
COMMAND: POST /session/c1955427c912c9ca8e293616318541a3/element - {"using":"xpath","value":"//*[@id=\"__tile98\"]"}
RESULT: {"using":"xpath","value":"//*[@id=\"__tile98\"]"}
COMMAND: POST /session/c1955427c912c9ca8e293616318541a3/element/f.5DBEA6FA2B2306711F2E61D56D394A89.d.D921F9FF2CF87162800DE889AAD99B8E.e.5635/click - {}
RESULT: {}
COMMAND: GET /session/c1955427c912c9ca8e293616318541a3/screenshot - {}
RESULT: {}
COMMAND: POST /session/c1955427c912c9ca8e293616318541a3/elements - {"using":"xpath","value":"//span[text()='Error']"}
RESULT: {"using":"xpath","value":"//span[text()='Error']"}
COMMAND: POST /session/c1955427c912c9ca8e293616318541a3/element - {"using":"xpath","value":"//button[@data-kt=\"massStateChangeRusSectionButton\"]"}
RESULT: {"using":"xpath","value":"//button[@data-kt=\"massStateChangeRusSectionButton\"]"}
COMMAND: POST /session/c1955427c912c9ca8e293616318541a3/elements - {"using":"xpath","value":"//button[@data-kt=\"massStateChangeRusSectionButton\"]"}
RESULT: {"using":"xpath","value":"//button[@data-kt=\"massStateChangeRusSectionButton\"]"}
COMMAND: POST /session/c1955427c912c9ca8e293616318541a3/execute/sync - {"script":"<script> [8489 bytes]","args":[{"element-6066-11e4-a52e-4f735466cecf":"f.5DBEA6FA2B2306711F2E61D56D394A89.d.D921F9FF2CF87162800DE889AAD99B8E.e.13007","ELEMENT":"f.5DBEA6FA2B2306711F2E61D56D394A89.d.D921F9FF2CF87162800DE889AAD99B8E.e.13007"}]}
RESULT: {"script":"<script> [8489 bytes]","args":[{"element-6066-11e4-a52e-4f735466cecf":"f.5DBEA6FA2B2306711F2E61D56D394A89.d.D921F9FF2CF87162800DE889AAD99B8E.e.13007","ELEMENT":"f.5DBEA6FA2B2306711F2E61D56D394A89.d.D921F9FF2CF87162800DE889AAD99B8E.e.13007"}]}
COMMAND: GET /session/c1955427c912c9ca8e293616318541a3/element/f.5DBEA6FA2B2306711F2E61D56D394A89.d.D921F9FF2CF87162800DE889AAD99B8E.e.13007/enabled - {}
COMMAND: GET /session/c1955427c912c9ca8e293616318541a3/screenshot - {}
RESULT: {}
COMMAND: POST /session/c1955427c912c9ca8e293616318541a3/execute/sync - {"script":"<script> [8489 bytes]","args":[{"element-6066-11e4-a52e-4f735466cecf":"f.5DBEA6FA2B2306711F2E61D56D394A89.d.D921F9FF2CF87162800DE889AAD99B8E.e.13007","ELEMENT":"f.5DBEA6FA2B2306711F2E61D56D394A89.d.D921F9FF2CF87162800DE889AAD99B8E.e.13007"}]}
COMMAND: GET /session/c1955427c912c9ca8e293616318541a3/screenshot - {}
RESULT: {}
RESULT: {"script":"<script> [8489 bytes]","args":[{"element-6066-11e4-a52e-4f735466cecf":"f.5DBEA6FA2B2306711F2E61D56D394A89.d.D921F9FF2CF87162800DE889AAD99B8E.e.13007","ELEMENT":"f.5DBEA6FA2B2306711F2E61D56D394A89.d.D921F9FF2CF87162800DE889AAD99B8E.e.13007"}]}
COMMAND: POST /session/c1955427c912c9ca8e293616318541a3/execute/sync - {"script":"<script> [5351 bytes]","args":[{"element-6066-11e4-a52e-4f735466cecf":"f.5DBEA6FA2B2306711F2E61D56D394A89.d.D921F9FF2CF87162800DE889AAD99B8E.e.13007","ELEMENT":"f.5DBEA6FA2B2306711F2E61D56D394A89.d.D921F9FF2CF87162800DE889AAD99B8E.e.13007"}]}
COMMAND: GET /session/c1955427c912c9ca8e293616318541a3/screenshot - {}
RESULT: {}
RESULT: {"script":"<script> [5351 bytes]","args":[{"element-6066-11e4-a52e-4f735466cecf":"f.5DBEA6FA2B2306711F2E61D56D394A89.d.D921F9FF2CF87162800DE889AAD99B8E.e.13007","ELEMENT":"f.5DBEA6FA2B2306711F2E61D56D394A89.d.D921F9FF2CF87162800DE889AAD99B8E.e.13007"}]}
COMMAND: GET /session/c1955427c912c9ca8e293616318541a3/screenshot - {}
RESULT: {}
RESULT: {}
RESULT: undefined
COMMAND: POST /session/c1955427c912c9ca8e293616318541a3/execute/async - {"script":"<script> [776 bytes]","args":[{"enterText":"wkEs0fPFnO","selector":{"id":"application-managestatesandperformance-display-component---stateAndPerform--smartFilterBarResources-btnBasicSearch","interaction":{"idSuffix":"I"}},"clearTextFirst":true,"interactionType":"ENTER_TEXT"}]}
RESULT: {"script":"<script> [776 bytes]","args":[{"enterText":"wkEs0fPFnO","selector":{"id":"application-managestatesandperformance-display-component---stateAndPerform--smartFilterBarResources-btnBasicSearch","interaction":{"idSuffix":"I"}},"clearTextFirst":true,"interactionType":"ENTER_TEXT"}]}
COMMAND: POST /session/c1955427c912c9ca8e293616318541a3/actions - {"actions":[{"id":"action35","type":"key","parameters":{},"actions":[{"type":"keyDown","value":""},{"type":"pause","duration":10},{"type":"keyUp","value":""}]}]}
RESULT: {"actions":[{"id":"action35","type":"key","parameters":{},"actions":[{"type":"keyDown","value":""},{"type":"pause","duration":10},{"type":"keyUp","value":""}]}]}
COMMAND: GET /session/c1955427c912c9ca8e293616318541a3/screenshot - {}
RESULT: {}
COMMAND: POST /session/c1955427c912c9ca8e293616318541a3/elements - {"using":"xpath","value":"//table[contains(@id, \"stateAndPerformResourcesTable-listUl\")]/tbody/tr"}
RESULT: {"using":"xpath","value":"//table[contains(@id, \"stateAndPerformResourcesTable-listUl\")]/tbody/tr"}
COMMAND: POST /session/c1955427c912c9ca8e293616318541a3/element - {"using":"xpath","value":"//table[contains(@id, \"stateAndPerformResourcesTable-listUl\")]/tbody/tr[1]/td[2]/div/div/a"}
RESULT: {"using":"xpath","value":"//table[contains(@id, \"stateAndPerformResourcesTable-listUl\")]/tbody/tr[1]/td[2]/div/div/a"}
COMMAND: POST /session/c1955427c912c9ca8e293616318541a3/elements - {"using":"xpath","value":"//table[contains(@id, \"stateAndPerformResourcesTable-listUl\")]/tbody/tr[1]/td[2]/div/div/a"}
RESULT: {"using":"xpath","value":"//table[contains(@id, \"stateAndPerformResourcesTable-listUl\")]/tbody/tr[1]/td[2]/div/div/a"}
COMMAND: POST /session/c1955427c912c9ca8e293616318541a3/execute/sync - {"script":"<script> [56 bytes]","args":[{"element-6066-11e4-a52e-4f735466cecf":"f.5DBEA6FA2B2306711F2E61D56D394A89.d.D921F9FF2CF87162800DE889AAD99B8E.e.13073","ELEMENT":"f.5DBEA6FA2B2306711F2E61D56D394A89.d.D921F9FF2CF87162800DE889AAD99B8E.e.13073"}]}
RESULT: {"script":"<script> [56 bytes]","args":[{"element-6066-11e4-a52e-4f735466cecf":"f.5DBEA6FA2B2306711F2E61D56D394A89.d.D921F9FF2CF87162800DE889AAD99B8E.e.13073","ELEMENT":"f.5DBEA6FA2B2306711F2E61D56D394A89.d.D921F9FF2CF87162800DE889AAD99B8E.e.13073"}]}
COMMAND: POST /session/c1955427c912c9ca8e293616318541a3/element - {"using":"xpath","value":"(//span[contains(@id, \"imgNav\")])[1]"}
COMMAND: GET /session/c1955427c912c9ca8e293616318541a3/screenshot - {}
RESULT: {"using":"xpath","value":"(//span[contains(@id, \"imgNav\")])[1]"}
COMMAND: POST /session/c1955427c912c9ca8e293616318541a3/element/f.5DBEA6FA2B2306711F2E61D56D394A89.d.D921F9FF2CF87162800DE889AAD99B8E.e.13070/click - {}
RESULT: {}
RESULT: {}
COMMAND: GET /session/c1955427c912c9ca8e293616318541a3/screenshot - {}
RESULT: {}
COMMAND: POST /session/c1955427c912c9ca8e293616318541a3/element - {"using":"xpath","value":"//button[@data-kt=\"createPerformanceDocButton\"]"}
RESULT: {"using":"xpath","value":"//button[@data-kt=\"createPerformanceDocButton\"]"}
COMMAND: POST /session/c1955427c912c9ca8e293616318541a3/element/f.5DBEA6FA2B2306711F2E61D56D394A89.d.D921F9FF2CF87162800DE889AAD99B8E.e.13117/click - {}
RESULT: {}
COMMAND: GET /session/c1955427c912c9ca8e293616318541a3/screenshot - {}
RESULT: {}
COMMAND: POST /session/c1955427c912c9ca8e293616318541a3/element - {"using":"xpath","value":"//button[@data-kt=\"confirmAddPerfDocButton\"]"}
RESULT: {"using":"xpath","value":"//button[@data-kt=\"confirmAddPerfDocButton\"]"}
COMMAND: POST /session/c1955427c912c9ca8e293616318541a3/element/f.5DBEA6FA2B2306711F2E61D56D394A89.d.D921F9FF2CF87162800DE889AAD99B8E.e.13134/click - {}
RESULT: {}
COMMAND: GET /session/c1955427c912c9ca8e293616318541a3/screenshot - {}
RESULT: {}
COMMAND: POST /session/c1955427c912c9ca8e293616318541a3/execute/sync - {"script":"<script> [284 bytes]","args":[["Value field has to contain a number >0","can't be empty"]]}
RESULT: {"script":"<script> [284 bytes]","args":[["Value field has to contain a number >0","can't be empty"]]}
COMMAND: GET /session/c1955427c912c9ca8e293616318541a3/screenshot - {}
RESULT: {}
COMMAND: POST /session/c1955427c912c9ca8e293616318541a3/element - {"using":"xpath","value":"(//button[.//bdi[contains(text(), \"Close\")]])[2]"}
RESULT: {"using":"xpath","value":"(//button[.//bdi[contains(text(), \"Close\")]])[2]"}
COMMAND: POST /session/c1955427c912c9ca8e293616318541a3/element/f.5DBEA6FA2B2306711F2E61D56D394A89.d.D921F9FF2CF87162800DE889AAD99B8E.e.13135/click - {}
RESULT: {}
COMMAND: GET /session/c1955427c912c9ca8e293616318541a3/screenshot - {}
RESULT: {}
COMMAND: POST /session/c1955427c912c9ca8e293616318541a3/element - {"using":"xpath","value":"(//button[.//bdi[contains(text(), \"Close\")]])[1]"}
RESULT: {"using":"xpath","value":"(//button[.//bdi[contains(text(), \"Close\")]])[1]"}
COMMAND: POST /session/c1955427c912c9ca8e293616318541a3/element/f.5DBEA6FA2B2306711F2E61D56D394A89.d.D921F9FF2CF87162800DE889AAD99B8E.e.13139/click - {}
RESULT: {}
COMMAND: GET /session/c1955427c912c9ca8e293616318541a3/screenshot - {}
RESULT: {}
COMMAND: POST /session/c1955427c912c9ca8e293616318541a3/element - {"using":"css selector","value":"#shell-header-logo"}
RESULT: {"using":"css selector","value":"#shell-header-logo"}
COMMAND: POST /session/c1955427c912c9ca8e293616318541a3/element/f.5DBEA6FA2B2306711F2E61D56D394A89.d.D921F9FF2CF87162800DE889AAD99B8E.e.12972/click - {}
RESULT: {}
COMMAND: GET /session/c1955427c912c9ca8e293616318541a3/screenshot - {}
RESULT: {}
]]></system-out>
    </testcase>
    <testcase classname="chrome.137_0_7151_69.windows.Manage_States_&amp;_Performance_Tests_US151247_US151423_US151467" name="Step 3 Manage States Perf search filters US151467" time="59.296">
      <system-out><![CDATA[
RESULT: undefined
COMMAND: POST /session/c1955427c912c9ca8e293616318541a3/element - {"using":"xpath","value":"//*[@id=\"__tile98\"]"}
RESULT: {"using":"xpath","value":"//*[@id=\"__tile98\"]"}
COMMAND: POST /session/c1955427c912c9ca8e293616318541a3/element/f.5DBEA6FA2B2306711F2E61D56D394A89.d.D921F9FF2CF87162800DE889AAD99B8E.e.5635/click - {}
RESULT: {}
COMMAND: GET /session/c1955427c912c9ca8e293616318541a3/screenshot - {}
RESULT: {}
COMMAND: POST /session/c1955427c912c9ca8e293616318541a3/elements - {"using":"xpath","value":"//span[text()='Error']"}
RESULT: {"using":"xpath","value":"//span[text()='Error']"}
COMMAND: POST /session/c1955427c912c9ca8e293616318541a3/element - {"using":"xpath","value":"//button[@data-kt=\"massStateChangeRusSectionButton\"]"}
RESULT: {"using":"xpath","value":"//button[@data-kt=\"massStateChangeRusSectionButton\"]"}
COMMAND: POST /session/c1955427c912c9ca8e293616318541a3/elements - {"using":"xpath","value":"//button[@data-kt=\"massStateChangeRusSectionButton\"]"}
RESULT: {"using":"xpath","value":"//button[@data-kt=\"massStateChangeRusSectionButton\"]"}
COMMAND: POST /session/c1955427c912c9ca8e293616318541a3/execute/sync - {"script":"<script> [8489 bytes]","args":[{"element-6066-11e4-a52e-4f735466cecf":"f.5DBEA6FA2B2306711F2E61D56D394A89.d.D921F9FF2CF87162800DE889AAD99B8E.e.13177","ELEMENT":"f.5DBEA6FA2B2306711F2E61D56D394A89.d.D921F9FF2CF87162800DE889AAD99B8E.e.13177"}]}
RESULT: {"script":"<script> [8489 bytes]","args":[{"element-6066-11e4-a52e-4f735466cecf":"f.5DBEA6FA2B2306711F2E61D56D394A89.d.D921F9FF2CF87162800DE889AAD99B8E.e.13177","ELEMENT":"f.5DBEA6FA2B2306711F2E61D56D394A89.d.D921F9FF2CF87162800DE889AAD99B8E.e.13177"}]}
COMMAND: GET /session/c1955427c912c9ca8e293616318541a3/element/f.5DBEA6FA2B2306711F2E61D56D394A89.d.D921F9FF2CF87162800DE889AAD99B8E.e.13177/enabled - {}
COMMAND: GET /session/c1955427c912c9ca8e293616318541a3/screenshot - {}
RESULT: {}
COMMAND: POST /session/c1955427c912c9ca8e293616318541a3/execute/sync - {"script":"<script> [8489 bytes]","args":[{"element-6066-11e4-a52e-4f735466cecf":"f.5DBEA6FA2B2306711F2E61D56D394A89.d.D921F9FF2CF87162800DE889AAD99B8E.e.13177","ELEMENT":"f.5DBEA6FA2B2306711F2E61D56D394A89.d.D921F9FF2CF87162800DE889AAD99B8E.e.13177"}]}
COMMAND: GET /session/c1955427c912c9ca8e293616318541a3/screenshot - {}
RESULT: {}
RESULT: {"script":"<script> [8489 bytes]","args":[{"element-6066-11e4-a52e-4f735466cecf":"f.5DBEA6FA2B2306711F2E61D56D394A89.d.D921F9FF2CF87162800DE889AAD99B8E.e.13177","ELEMENT":"f.5DBEA6FA2B2306711F2E61D56D394A89.d.D921F9FF2CF87162800DE889AAD99B8E.e.13177"}]}
COMMAND: POST /session/c1955427c912c9ca8e293616318541a3/execute/sync - {"script":"<script> [5351 bytes]","args":[{"element-6066-11e4-a52e-4f735466cecf":"f.5DBEA6FA2B2306711F2E61D56D394A89.d.D921F9FF2CF87162800DE889AAD99B8E.e.13177","ELEMENT":"f.5DBEA6FA2B2306711F2E61D56D394A89.d.D921F9FF2CF87162800DE889AAD99B8E.e.13177"}]}
COMMAND: GET /session/c1955427c912c9ca8e293616318541a3/screenshot - {}
RESULT: {}
RESULT: {"script":"<script> [5351 bytes]","args":[{"element-6066-11e4-a52e-4f735466cecf":"f.5DBEA6FA2B2306711F2E61D56D394A89.d.D921F9FF2CF87162800DE889AAD99B8E.e.13177","ELEMENT":"f.5DBEA6FA2B2306711F2E61D56D394A89.d.D921F9FF2CF87162800DE889AAD99B8E.e.13177"}]}
COMMAND: GET /session/c1955427c912c9ca8e293616318541a3/screenshot - {}
RESULT: {}
RESULT: {}
COMMAND: POST /session/c1955427c912c9ca8e293616318541a3/element - {"using":"xpath","value":"//span[contains(@id,\"stateAndPerformResourcesSmartTable-header-inner\")]"}
RESULT: {"using":"xpath","value":"//span[contains(@id,\"stateAndPerformResourcesSmartTable-header-inner\")]"}
COMMAND: POST /session/c1955427c912c9ca8e293616318541a3/elements - {"using":"xpath","value":"//span[contains(@id,\"stateAndPerformResourcesSmartTable-header-inner\")]"}
RESULT: {"using":"xpath","value":"//span[contains(@id,\"stateAndPerformResourcesSmartTable-header-inner\")]"}
COMMAND: POST /session/c1955427c912c9ca8e293616318541a3/execute/sync - {"script":"<script> [56 bytes]","args":[{"element-6066-11e4-a52e-4f735466cecf":"f.5DBEA6FA2B2306711F2E61D56D394A89.d.D921F9FF2CF87162800DE889AAD99B8E.e.13208","ELEMENT":"f.5DBEA6FA2B2306711F2E61D56D394A89.d.D921F9FF2CF87162800DE889AAD99B8E.e.13208"}]}
RESULT: {"script":"<script> [56 bytes]","args":[{"element-6066-11e4-a52e-4f735466cecf":"f.5DBEA6FA2B2306711F2E61D56D394A89.d.D921F9FF2CF87162800DE889AAD99B8E.e.13208","ELEMENT":"f.5DBEA6FA2B2306711F2E61D56D394A89.d.D921F9FF2CF87162800DE889AAD99B8E.e.13208"}]}
RESULT: undefined
COMMAND: POST /session/c1955427c912c9ca8e293616318541a3/execute/async - {"script":"<script> [776 bytes]","args":[{"enterText":"wkEs0fPFnO","selector":{"id":"application-managestatesandperformance-display-component---stateAndPerform--smartFilterBarResources-btnBasicSearch","interaction":{"idSuffix":"I"}},"clearTextFirst":true,"interactionType":"ENTER_TEXT"}]}
COMMAND: GET /session/c1955427c912c9ca8e293616318541a3/screenshot - {}
RESULT: {"script":"<script> [776 bytes]","args":[{"enterText":"wkEs0fPFnO","selector":{"id":"application-managestatesandperformance-display-component---stateAndPerform--smartFilterBarResources-btnBasicSearch","interaction":{"idSuffix":"I"}},"clearTextFirst":true,"interactionType":"ENTER_TEXT"}]}
COMMAND: POST /session/c1955427c912c9ca8e293616318541a3/actions - {"actions":[{"id":"action36","type":"key","parameters":{},"actions":[{"type":"keyDown","value":""},{"type":"pause","duration":10},{"type":"keyUp","value":""}]}]}
RESULT: {}
RESULT: {"actions":[{"id":"action36","type":"key","parameters":{},"actions":[{"type":"keyDown","value":""},{"type":"pause","duration":10},{"type":"keyUp","value":""}]}]}
COMMAND: GET /session/c1955427c912c9ca8e293616318541a3/screenshot - {}
RESULT: {}
COMMAND: POST /session/c1955427c912c9ca8e293616318541a3/elements - {"using":"xpath","value":"//table[contains(@id, \"stateAndPerformResourcesTable-listUl\")]/tbody/tr"}
RESULT: {"using":"xpath","value":"//table[contains(@id, \"stateAndPerformResourcesTable-listUl\")]/tbody/tr"}
COMMAND: POST /session/c1955427c912c9ca8e293616318541a3/element - {"using":"xpath","value":"//table[contains(@id, \"stateAndPerformResourcesTable-listUl\")]/tbody/tr[1]/td[2]/div/div/a"}
RESULT: {"using":"xpath","value":"//table[contains(@id, \"stateAndPerformResourcesTable-listUl\")]/tbody/tr[1]/td[2]/div/div/a"}
COMMAND: POST /session/c1955427c912c9ca8e293616318541a3/elements - {"using":"xpath","value":"//table[contains(@id, \"stateAndPerformResourcesTable-listUl\")]/tbody/tr[1]/td[2]/div/div/a"}
RESULT: {"using":"xpath","value":"//table[contains(@id, \"stateAndPerformResourcesTable-listUl\")]/tbody/tr[1]/td[2]/div/div/a"}
COMMAND: POST /session/c1955427c912c9ca8e293616318541a3/execute/sync - {"script":"<script> [56 bytes]","args":[{"element-6066-11e4-a52e-4f735466cecf":"f.5DBEA6FA2B2306711F2E61D56D394A89.d.D921F9FF2CF87162800DE889AAD99B8E.e.13245","ELEMENT":"f.5DBEA6FA2B2306711F2E61D56D394A89.d.D921F9FF2CF87162800DE889AAD99B8E.e.13245"}]}
RESULT: {"script":"<script> [56 bytes]","args":[{"element-6066-11e4-a52e-4f735466cecf":"f.5DBEA6FA2B2306711F2E61D56D394A89.d.D921F9FF2CF87162800DE889AAD99B8E.e.13245","ELEMENT":"f.5DBEA6FA2B2306711F2E61D56D394A89.d.D921F9FF2CF87162800DE889AAD99B8E.e.13245"}]}
COMMAND: POST /session/c1955427c912c9ca8e293616318541a3/element - {"using":"xpath","value":"//span[contains(@id,\"stateAndPerformResourcesSmartTable-header-inner\")]"}
COMMAND: GET /session/c1955427c912c9ca8e293616318541a3/screenshot - {}
RESULT: {"using":"xpath","value":"//span[contains(@id,\"stateAndPerformResourcesSmartTable-header-inner\")]"}
COMMAND: POST /session/c1955427c912c9ca8e293616318541a3/elements - {"using":"xpath","value":"//span[contains(@id,\"stateAndPerformResourcesSmartTable-header-inner\")]"}
RESULT: {}
RESULT: {"using":"xpath","value":"//span[contains(@id,\"stateAndPerformResourcesSmartTable-header-inner\")]"}
COMMAND: POST /session/c1955427c912c9ca8e293616318541a3/execute/sync - {"script":"<script> [56 bytes]","args":[{"element-6066-11e4-a52e-4f735466cecf":"f.5DBEA6FA2B2306711F2E61D56D394A89.d.D921F9FF2CF87162800DE889AAD99B8E.e.13208","ELEMENT":"f.5DBEA6FA2B2306711F2E61D56D394A89.d.D921F9FF2CF87162800DE889AAD99B8E.e.13208"}]}
RESULT: {"script":"<script> [56 bytes]","args":[{"element-6066-11e4-a52e-4f735466cecf":"f.5DBEA6FA2B2306711F2E61D56D394A89.d.D921F9FF2CF87162800DE889AAD99B8E.e.13208","ELEMENT":"f.5DBEA6FA2B2306711F2E61D56D394A89.d.D921F9FF2CF87162800DE889AAD99B8E.e.13208"}]}
COMMAND: POST /session/c1955427c912c9ca8e293616318541a3/element - {"using":"xpath","value":"//div[contains(@id, \"smartFilterBarResources-btnBasicSearch-reset\")]"}
COMMAND: GET /session/c1955427c912c9ca8e293616318541a3/screenshot - {}
RESULT: {"using":"xpath","value":"//div[contains(@id, \"smartFilterBarResources-btnBasicSearch-reset\")]"}
COMMAND: POST /session/c1955427c912c9ca8e293616318541a3/element/f.5DBEA6FA2B2306711F2E61D56D394A89.d.D921F9FF2CF87162800DE889AAD99B8E.e.13246/click - {}
RESULT: {}
RESULT: {}
COMMAND: GET /session/c1955427c912c9ca8e293616318541a3/screenshot - {}
RESULT: {}
COMMAND: POST /session/c1955427c912c9ca8e293616318541a3/execute/async - {"script":"<script> [1562 bytes]","args":[{"selector":{"id":"application-managestatesandperformance-display-component---stateAndPerform--smartFilterBarResources-filterItemControl_BASIC-TYPE-arrow"},"wdio_ui5_key":"applicationmanagestatesandperformance-display-component---stateAndPerform--smartFilterBarResources-filterItemControl_BASIC-TYPE-arrow"}]}
RESULT: {"script":"<script> [1562 bytes]","args":[{"selector":{"id":"application-managestatesandperformance-display-component---stateAndPerform--smartFilterBarResources-filterItemControl_BASIC-TYPE-arrow"},"wdio_ui5_key":"applicationmanagestatesandperformance-display-component---stateAndPerform--smartFilterBarResources-filterItemControl_BASIC-TYPE-arrow"}]}
RESULT: undefined
COMMAND: POST /session/c1955427c912c9ca8e293616318541a3/element - {"using":"xpath","value":"//*[@id=\"application-managestatesandperformance-display-component---stateAndPerform--smartFilterBarResources-filterItemControl_BASIC-TYPE-arrow\"]"}
RESULT: {"using":"xpath","value":"//*[@id=\"application-managestatesandperformance-display-component---stateAndPerform--smartFilterBarResources-filterItemControl_BASIC-TYPE-arrow\"]"}
COMMAND: POST /session/c1955427c912c9ca8e293616318541a3/element/f.5DBEA6FA2B2306711F2E61D56D394A89.d.D921F9FF2CF87162800DE889AAD99B8E.e.13270/click - {}
RESULT: {}
COMMAND: GET /session/c1955427c912c9ca8e293616318541a3/screenshot - {}
RESULT: {}
COMMAND: POST /session/c1955427c912c9ca8e293616318541a3/element - {"using":"xpath","value":"//li/div[2]/div/div/span[contains(text(), \"Equipment\")]"}
RESULT: {"using":"xpath","value":"//li/div[2]/div/div/span[contains(text(), \"Equipment\")]"}
COMMAND: POST /session/c1955427c912c9ca8e293616318541a3/element/f.5DBEA6FA2B2306711F2E61D56D394A89.d.D921F9FF2CF87162800DE889AAD99B8E.e.13286/click - {}
RESULT: {}
COMMAND: GET /session/c1955427c912c9ca8e293616318541a3/screenshot - {}
RESULT: {}
COMMAND: POST /session/c1955427c912c9ca8e293616318541a3/element - {"using":"xpath","value":"//span[contains(@id,\"stateAndPerformResourcesSmartTable-header-inner\")]"}
RESULT: {"using":"xpath","value":"//span[contains(@id,\"stateAndPerformResourcesSmartTable-header-inner\")]"}
COMMAND: POST /session/c1955427c912c9ca8e293616318541a3/elements - {"using":"xpath","value":"//span[contains(@id,\"stateAndPerformResourcesSmartTable-header-inner\")]"}
RESULT: {"using":"xpath","value":"//span[contains(@id,\"stateAndPerformResourcesSmartTable-header-inner\")]"}
COMMAND: POST /session/c1955427c912c9ca8e293616318541a3/execute/sync - {"script":"<script> [56 bytes]","args":[{"element-6066-11e4-a52e-4f735466cecf":"f.5DBEA6FA2B2306711F2E61D56D394A89.d.D921F9FF2CF87162800DE889AAD99B8E.e.13208","ELEMENT":"f.5DBEA6FA2B2306711F2E61D56D394A89.d.D921F9FF2CF87162800DE889AAD99B8E.e.13208"}]}
RESULT: {"script":"<script> [56 bytes]","args":[{"element-6066-11e4-a52e-4f735466cecf":"f.5DBEA6FA2B2306711F2E61D56D394A89.d.D921F9FF2CF87162800DE889AAD99B8E.e.13208","ELEMENT":"f.5DBEA6FA2B2306711F2E61D56D394A89.d.D921F9FF2CF87162800DE889AAD99B8E.e.13208"}]}
COMMAND: POST /session/c1955427c912c9ca8e293616318541a3/execute/async - {"script":"<script> [1562 bytes]","args":[{"selector":{"id":"application-managestatesandperformance-display-component---stateAndPerform--ruCurrentStateComboBox-arrow"},"wdio_ui5_key":"applicationmanagestatesandperformance-display-component---stateAndPerform--ruCurrentStateComboBox-arrow"}]}
COMMAND: GET /session/c1955427c912c9ca8e293616318541a3/screenshot - {}
RESULT: {"script":"<script> [1562 bytes]","args":[{"selector":{"id":"application-managestatesandperformance-display-component---stateAndPerform--ruCurrentStateComboBox-arrow"},"wdio_ui5_key":"applicationmanagestatesandperformance-display-component---stateAndPerform--ruCurrentStateComboBox-arrow"}]}
RESULT: undefined
COMMAND: POST /session/c1955427c912c9ca8e293616318541a3/element - {"using":"xpath","value":"//*[@id=\"application-managestatesandperformance-display-component---stateAndPerform--ruCurrentStateComboBox-arrow\"]"}
RESULT: {}
RESULT: {"using":"xpath","value":"//*[@id=\"application-managestatesandperformance-display-component---stateAndPerform--ruCurrentStateComboBox-arrow\"]"}
COMMAND: POST /session/c1955427c912c9ca8e293616318541a3/element/f.5DBEA6FA2B2306711F2E61D56D394A89.d.D921F9FF2CF87162800DE889AAD99B8E.e.13307/click - {}
RESULT: {}
COMMAND: GET /session/c1955427c912c9ca8e293616318541a3/screenshot - {}
RESULT: {}
COMMAND: POST /session/c1955427c912c9ca8e293616318541a3/element - {"using":"xpath","value":"//li/div[2]/div/div/span[contains(text(), \"available\")]"}
RESULT: {"using":"xpath","value":"//li/div[2]/div/div/span[contains(text(), \"available\")]"}
COMMAND: POST /session/c1955427c912c9ca8e293616318541a3/element/f.5DBEA6FA2B2306711F2E61D56D394A89.d.D921F9FF2CF87162800DE889AAD99B8E.e.13318/click - {}
RESULT: {}
COMMAND: GET /session/c1955427c912c9ca8e293616318541a3/screenshot - {}
RESULT: {}
COMMAND: POST /session/c1955427c912c9ca8e293616318541a3/element - {"using":"xpath","value":"//span[contains(@id,\"stateAndPerformResourcesSmartTable-header-inner\")]"}
RESULT: {"using":"xpath","value":"//span[contains(@id,\"stateAndPerformResourcesSmartTable-header-inner\")]"}
COMMAND: POST /session/c1955427c912c9ca8e293616318541a3/elements - {"using":"xpath","value":"//span[contains(@id,\"stateAndPerformResourcesSmartTable-header-inner\")]"}
RESULT: {"using":"xpath","value":"//span[contains(@id,\"stateAndPerformResourcesSmartTable-header-inner\")]"}
COMMAND: POST /session/c1955427c912c9ca8e293616318541a3/execute/sync - {"script":"<script> [56 bytes]","args":[{"element-6066-11e4-a52e-4f735466cecf":"f.5DBEA6FA2B2306711F2E61D56D394A89.d.D921F9FF2CF87162800DE889AAD99B8E.e.13208","ELEMENT":"f.5DBEA6FA2B2306711F2E61D56D394A89.d.D921F9FF2CF87162800DE889AAD99B8E.e.13208"}]}
RESULT: {"script":"<script> [56 bytes]","args":[{"element-6066-11e4-a52e-4f735466cecf":"f.5DBEA6FA2B2306711F2E61D56D394A89.d.D921F9FF2CF87162800DE889AAD99B8E.e.13208","ELEMENT":"f.5DBEA6FA2B2306711F2E61D56D394A89.d.D921F9FF2CF87162800DE889AAD99B8E.e.13208"}]}
COMMAND: POST /session/c1955427c912c9ca8e293616318541a3/element - {"using":"css selector","value":"#shell-header-logo"}
COMMAND: GET /session/c1955427c912c9ca8e293616318541a3/screenshot - {}
RESULT: {"using":"css selector","value":"#shell-header-logo"}
COMMAND: POST /session/c1955427c912c9ca8e293616318541a3/element/f.5DBEA6FA2B2306711F2E61D56D394A89.d.D921F9FF2CF87162800DE889AAD99B8E.e.13143/click - {}
RESULT: {}
RESULT: {}
COMMAND: GET /session/c1955427c912c9ca8e293616318541a3/screenshot - {}
RESULT: {}
COMMAND: DELETE /session/c1955427c912c9ca8e293616318541a3 - {}
RESULT: {}
]]></system-out>
    </testcase>
  </testsuite>
</testsuites>