<?xml version="1.0" encoding="UTF-8"?>
<testsuites tests="23" failures="0" errors="0" skipped="0">
  <testsuite timestamp="2025-05-15T17:48:11" time="1282.532" tests="6" failures="0" errors="0" skipped="0">
    <properties>
      <property name="specId" value="0" />
      <property name="suiteName" value="Standard contract - add contract items by Insert Request US118222" />
      <property name="capabilities" value="chrome.136_0_7103_93.windows" />
      <property name="file" value="file:///D:/a/1/s/test/specs/R2C/standard-contract-add-contract-items-by-insert-request.spec.js" />
    </properties>
    <testcase classname="chrome.136_0_7103_93.windows.Standard_contract_-_add_contract_items_by_Insert_Request_US118222" name="Should create prerequisites yard partner site material and equipment" time="350.836">
      <system-out><![CDATA[
COMMAND: POST /session/c9b3453a2097c94c00e43fefe9121ac5/execute/async - {"script":"<script> [1562 bytes]","args":[{"selector":{"controlType":"sap.m.GenericTile","properties":{"header":"Manage Yards"}},"wdio_ui5_key":"sapm.GenericTile{\"header\":\"Manage Yards\"}"}]}
RESULT: {"script":"<script> [1562 bytes]","args":[{"selector":{"controlType":"sap.m.GenericTile","properties":{"header":"Manage Yards"}},"wdio_ui5_key":"sapm.GenericTile{\"header\":\"Manage Yards\"}"}]}
RESULT: undefined
COMMAND: POST /session/c9b3453a2097c94c00e43fefe9121ac5/element - {"using":"xpath","value":"//*[@id=\"__tile41\"]"}
RESULT: {"using":"xpath","value":"//*[@id=\"__tile41\"]"}
COMMAND: POST /session/c9b3453a2097c94c00e43fefe9121ac5/element/f.95D136BDD403266D18DB82FBE1F0ED89.d.7D9850E0A368773617723CE9F49B8808.e.123/click - {}
RESULT: {}
COMMAND: GET /session/c9b3453a2097c94c00e43fefe9121ac5/screenshot - {}
RESULT: {}
COMMAND: POST /session/c9b3453a2097c94c00e43fefe9121ac5/elements - {"using":"xpath","value":"//span[text()='Error']"}
RESULT: {"using":"xpath","value":"//span[text()='Error']"}
COMMAND: POST /session/c9b3453a2097c94c00e43fefe9121ac5/execute/async - {"script":"<script> [1562 bytes]","args":[{"selector":{"controlType":"sap.ui.core.Icon","viewName":"etm.portal.ui.manageyards.view.Master","viewId":"application-manageyards-display-component---masterYard","properties":{"src":{"regex":{"source":"add"}}}},"wdio_ui5_key":"etmportal.ui.manageyards.view.Mastersap.ui.core.Icon{\"src\":{\"regex\":{\"source\":\"add\"}}}"}]}
RESULT: {"script":"<script> [1562 bytes]","args":[{"selector":{"controlType":"sap.ui.core.Icon","viewName":"etm.portal.ui.manageyards.view.Master","viewId":"application-manageyards-display-component---masterYard","properties":{"src":{"regex":{"source":"add"}}}},"wdio_ui5_key":"etmportal.ui.manageyards.view.Mastersap.ui.core.Icon{\"src\":{\"regex\":{\"source\":\"add\"}}}"}]}
RESULT: undefined
COMMAND: POST /session/c9b3453a2097c94c00e43fefe9121ac5/element - {"using":"xpath","value":"//*[@id=\"__button4-img\"]"}
RESULT: {"using":"xpath","value":"//*[@id=\"__button4-img\"]"}
COMMAND: POST /session/c9b3453a2097c94c00e43fefe9121ac5/element/f.95D136BDD403266D18DB82FBE1F0ED89.d.7D9850E0A368773617723CE9F49B8808.e.171/click - {}
RESULT: {}
COMMAND: GET /session/c9b3453a2097c94c00e43fefe9121ac5/screenshot - {}
RESULT: {}
COMMAND: POST /session/c9b3453a2097c94c00e43fefe9121ac5/execute/async - {"script":"<script> [1562 bytes]","args":[{"selector":{"id":"application-manageyards-display-component---NewYard--yardId","interaction":{"idSuffix":"inner"}},"wdio_ui5_key":"applicationmanageyards-display-component---NewYard--yardId"}]}
RESULT: {"script":"<script> [1562 bytes]","args":[{"selector":{"id":"application-manageyards-display-component---NewYard--yardId","interaction":{"idSuffix":"inner"}},"wdio_ui5_key":"applicationmanageyards-display-component---NewYard--yardId"}]}
RESULT: undefined
COMMAND: POST /session/c9b3453a2097c94c00e43fefe9121ac5/element - {"using":"xpath","value":"//*[@id=\"application-manageyards-display-component---NewYard--addressDetailDetailsName1-inner\"]"}
RESULT: {"using":"xpath","value":"//*[@id=\"application-manageyards-display-component---NewYard--addressDetailDetailsName1-inner\"]"}
COMMAND: POST /session/c9b3453a2097c94c00e43fefe9121ac5/element/f.95D136BDD403266D18DB82FBE1F0ED89.d.7D9850E0A368773617723CE9F49B8808.e.387/clear - {}
RESULT: {}
COMMAND: POST /session/c9b3453a2097c94c00e43fefe9121ac5/element/f.95D136BDD403266D18DB82FBE1F0ED89.d.7D9850E0A368773617723CE9F49B8808.e.387/value - {"text":"WebdriverYardtrgti"}
COMMAND: GET /session/c9b3453a2097c94c00e43fefe9121ac5/screenshot - {}
RESULT: {"text":"WebdriverYardtrgti"}
COMMAND: POST /session/c9b3453a2097c94c00e43fefe9121ac5/element - {"using":"xpath","value":"//*[@id=\"application-manageyards-display-component---NewYard--addressDetailDetailsLanguage-inner\"]"}
COMMAND: GET /session/c9b3453a2097c94c00e43fefe9121ac5/screenshot - {}
RESULT: {}
RESULT: {"using":"xpath","value":"//*[@id=\"application-manageyards-display-component---NewYard--addressDetailDetailsLanguage-inner\"]"}
COMMAND: POST /session/c9b3453a2097c94c00e43fefe9121ac5/element/f.95D136BDD403266D18DB82FBE1F0ED89.d.7D9850E0A368773617723CE9F49B8808.e.388/clear - {}
RESULT: {}
RESULT: {}
COMMAND: POST /session/c9b3453a2097c94c00e43fefe9121ac5/element/f.95D136BDD403266D18DB82FBE1F0ED89.d.7D9850E0A368773617723CE9F49B8808.e.388/value - {"text":"Romanian"}
COMMAND: GET /session/c9b3453a2097c94c00e43fefe9121ac5/screenshot - {}
RESULT: {"text":"Romanian"}
COMMAND: POST /session/c9b3453a2097c94c00e43fefe9121ac5/element - {"using":"xpath","value":"//input[contains(@id ,\"application-manageyards-display-component---NewYard--addressDetailDetailsName1-inner\")]"}
COMMAND: GET /session/c9b3453a2097c94c00e43fefe9121ac5/screenshot - {}
RESULT: {}
RESULT: {"using":"xpath","value":"//input[contains(@id ,\"application-manageyards-display-component---NewYard--addressDetailDetailsName1-inner\")]"}
COMMAND: GET /session/c9b3453a2097c94c00e43fefe9121ac5/element/f.95D136BDD403266D18DB82FBE1F0ED89.d.7D9850E0A368773617723CE9F49B8808.e.387/property/value - {}
RESULT: {}
RESULT: {}
COMMAND: GET /session/c9b3453a2097c94c00e43fefe9121ac5/screenshot - {}
RESULT: {}
COMMAND: POST /session/c9b3453a2097c94c00e43fefe9121ac5/element - {"using":"xpath","value":"//*[@id=\"application-manageyards-display-component---NewYard--addressDetailDetailsCity1-inner\"]"}
RESULT: {"using":"xpath","value":"//*[@id=\"application-manageyards-display-component---NewYard--addressDetailDetailsCity1-inner\"]"}
COMMAND: POST /session/c9b3453a2097c94c00e43fefe9121ac5/element/f.95D136BDD403266D18DB82FBE1F0ED89.d.7D9850E0A368773617723CE9F49B8808.e.390/clear - {}
RESULT: {}
COMMAND: POST /session/c9b3453a2097c94c00e43fefe9121ac5/element/f.95D136BDD403266D18DB82FBE1F0ED89.d.7D9850E0A368773617723CE9F49B8808.e.390/value - {"text":"Bucuresti"}
COMMAND: GET /session/c9b3453a2097c94c00e43fefe9121ac5/screenshot - {}
RESULT: {"text":"Bucuresti"}
COMMAND: GET /session/c9b3453a2097c94c00e43fefe9121ac5/screenshot - {}
RESULT: {}
RESULT: {}
COMMAND: POST /session/c9b3453a2097c94c00e43fefe9121ac5/element - {"using":"xpath","value":"//*[@id=\"application-manageyards-display-component---NewYard--addressDetailDetailsCountry-inner\"]"}
RESULT: {"using":"xpath","value":"//*[@id=\"application-manageyards-display-component---NewYard--addressDetailDetailsCountry-inner\"]"}
COMMAND: POST /session/c9b3453a2097c94c00e43fefe9121ac5/element/f.95D136BDD403266D18DB82FBE1F0ED89.d.7D9850E0A368773617723CE9F49B8808.e.394/clear - {}
RESULT: {}
COMMAND: POST /session/c9b3453a2097c94c00e43fefe9121ac5/element/f.95D136BDD403266D18DB82FBE1F0ED89.d.7D9850E0A368773617723CE9F49B8808.e.394/value - {"text":"Romania"}
COMMAND: GET /session/c9b3453a2097c94c00e43fefe9121ac5/screenshot - {}
RESULT: {"text":"Romania"}
COMMAND: GET /session/c9b3453a2097c94c00e43fefe9121ac5/screenshot - {}
RESULT: {}
RESULT: {}
COMMAND: POST /session/c9b3453a2097c94c00e43fefe9121ac5/element - {"using":"xpath","value":"//div[contains(text(), \"Commercial\")]"}
RESULT: {"using":"xpath","value":"//div[contains(text(), \"Commercial\")]"}
COMMAND: GET /session/c9b3453a2097c94c00e43fefe9121ac5/element/f.95D136BDD403266D18DB82FBE1F0ED89.d.7D9850E0A368773617723CE9F49B8808.e.582/rect - {}
RESULT: {}
COMMAND: GET /session/c9b3453a2097c94c00e43fefe9121ac5/window/rect - {}
RESULT: {}
COMMAND: POST /session/c9b3453a2097c94c00e43fefe9121ac5/execute/sync - {"script":"<script> [92 bytes]","args":[]}
RESULT: {"script":"<script> [92 bytes]","args":[]}
COMMAND: POST /session/c9b3453a2097c94c00e43fefe9121ac5/actions - {"actions":[{"id":"action1","type":"wheel","parameters":{},"actions":[{"type":"scroll","x":-1841,"y":-44,"deltaX":0,"deltaY":0,"duration":0,"origin":{"element-6066-11e4-a52e-4f735466cecf":"f.95D136BDD403266D18DB82FBE1F0ED89.d.7D9850E0A368773617723CE9F49B8808.e.582"}}]}]}
COMMAND: GET /session/c9b3453a2097c94c00e43fefe9121ac5/screenshot - {}
RESULT: {}
COMMAND: POST /session/c9b3453a2097c94c00e43fefe9121ac5/execute/sync - {"script":"<script> [79 bytes]","args":[{"element-6066-11e4-a52e-4f735466cecf":"f.95D136BDD403266D18DB82FBE1F0ED89.d.7D9850E0A368773617723CE9F49B8808.e.582","ELEMENT":"f.95D136BDD403266D18DB82FBE1F0ED89.d.7D9850E0A368773617723CE9F49B8808.e.582"},{"block":"start","inline":"nearest"}]}
RESULT: {"script":"<script> [79 bytes]","args":[{"element-6066-11e4-a52e-4f735466cecf":"f.95D136BDD403266D18DB82FBE1F0ED89.d.7D9850E0A368773617723CE9F49B8808.e.582","ELEMENT":"f.95D136BDD403266D18DB82FBE1F0ED89.d.7D9850E0A368773617723CE9F49B8808.e.582"},{"block":"start","inline":"nearest"}]}
COMMAND: GET /session/c9b3453a2097c94c00e43fefe9121ac5/screenshot - {}
RESULT: {}
COMMAND: POST /session/c9b3453a2097c94c00e43fefe9121ac5/execute/async - {"script":"<script> [1562 bytes]","args":[{"selector":{"id":"application-manageyards-display-component---NewYard--addressEditDetailsCostObjectCstType-arrow"},"wdio_ui5_key":"applicationmanageyards-display-component---NewYard--addressEditDetailsCostObjectCstType-arrow"}]}
RESULT: {"script":"<script> [1562 bytes]","args":[{"selector":{"id":"application-manageyards-display-component---NewYard--addressEditDetailsCostObjectCstType-arrow"},"wdio_ui5_key":"applicationmanageyards-display-component---NewYard--addressEditDetailsCostObjectCstType-arrow"}]}
RESULT: undefined
COMMAND: POST /session/c9b3453a2097c94c00e43fefe9121ac5/element - {"using":"xpath","value":"//*[@id=\"application-manageyards-display-component---NewYard--addressEditDetailsCostObjectCstType-arrow\"]"}
RESULT: {"using":"xpath","value":"//*[@id=\"application-manageyards-display-component---NewYard--addressEditDetailsCostObjectCstType-arrow\"]"}
COMMAND: POST /session/c9b3453a2097c94c00e43fefe9121ac5/element/f.95D136BDD403266D18DB82FBE1F0ED89.d.7D9850E0A368773617723CE9F49B8808.e.590/click - {}
RESULT: {}
COMMAND: POST /session/c9b3453a2097c94c00e43fefe9121ac5/element - {"using":"xpath","value":"//span[contains(text(), \"Cost Center\")]"}
COMMAND: GET /session/c9b3453a2097c94c00e43fefe9121ac5/screenshot - {}
RESULT: {"using":"xpath","value":"//span[contains(text(), \"Cost Center\")]"}
COMMAND: POST /session/c9b3453a2097c94c00e43fefe9121ac5/element/f.95D136BDD403266D18DB82FBE1F0ED89.d.7D9850E0A368773617723CE9F49B8808.e.591/click - {}
RESULT: {}
RESULT: {}
COMMAND: GET /session/c9b3453a2097c94c00e43fefe9121ac5/screenshot - {}
RESULT: {}
COMMAND: POST /session/c9b3453a2097c94c00e43fefe9121ac5/execute/async - {"script":"<script> [1562 bytes]","args":[{"selector":{"id":"application-manageyards-display-component---NewYard--addressNewCostObjectCstID-vhi"},"wdio_ui5_key":"applicationmanageyards-display-component---NewYard--addressNewCostObjectCstID-vhi"}]}
RESULT: {"script":"<script> [1562 bytes]","args":[{"selector":{"id":"application-manageyards-display-component---NewYard--addressNewCostObjectCstID-vhi"},"wdio_ui5_key":"applicationmanageyards-display-component---NewYard--addressNewCostObjectCstID-vhi"}]}
RESULT: undefined
COMMAND: POST /session/c9b3453a2097c94c00e43fefe9121ac5/element - {"using":"xpath","value":"//*[@id=\"application-manageyards-display-component---NewYard--addressNewCostObjectCstID-vhi\"]"}
RESULT: {"using":"xpath","value":"//*[@id=\"application-manageyards-display-component---NewYard--addressNewCostObjectCstID-vhi\"]"}
COMMAND: POST /session/c9b3453a2097c94c00e43fefe9121ac5/element/f.95D136BDD403266D18DB82FBE1F0ED89.d.7D9850E0A368773617723CE9F49B8808.e.606/click - {}
RESULT: {}
COMMAND: GET /session/c9b3453a2097c94c00e43fefe9121ac5/screenshot - {}
RESULT: {}
COMMAND: POST /session/c9b3453a2097c94c00e43fefe9121ac5/execute/async - {"script":"<script> [1562 bytes]","args":[{"selector":{"controlType":"sap.m.SearchField","properties":{"placeholder":"Search"},"searchOpenDialogs":true,"interaction":{"idSuffix":"I"}},"wdio_ui5_key":"sapm.SearchField{\"placeholder\":\"Search\"}"}]}
RESULT: {"script":"<script> [1562 bytes]","args":[{"selector":{"controlType":"sap.m.SearchField","properties":{"placeholder":"Search"},"searchOpenDialogs":true,"interaction":{"idSuffix":"I"}},"wdio_ui5_key":"sapm.SearchField{\"placeholder\":\"Search\"}"}]}
RESULT: undefined
COMMAND: POST /session/c9b3453a2097c94c00e43fefe9121ac5/execute/async - {"script":"<script> [776 bytes]","args":[{"enterText":"10001013","selector":{"controlType":"sap.m.SearchField","properties":{"placeholder":"Search"},"searchOpenDialogs":true,"interaction":{"idSuffix":"I"}},"clearTextFirst":true,"interactionType":"ENTER_TEXT"}]}
RESULT: {"script":"<script> [776 bytes]","args":[{"enterText":"10001013","selector":{"controlType":"sap.m.SearchField","properties":{"placeholder":"Search"},"searchOpenDialogs":true,"interaction":{"idSuffix":"I"}},"clearTextFirst":true,"interactionType":"ENTER_TEXT"}]}
COMMAND: POST /session/c9b3453a2097c94c00e43fefe9121ac5/actions - {"actions":[{"id":"action2","type":"key","parameters":{},"actions":[{"type":"keyDown","value":"î€‡"},{"type":"pause","duration":10},{"type":"keyUp","value":"î€‡"}]}]}
RESULT: {"actions":[{"id":"action2","type":"key","parameters":{},"actions":[{"type":"keyDown","value":"î€‡"},{"type":"pause","duration":10},{"type":"keyUp","value":"î€‡"}]}]}
COMMAND: GET /session/c9b3453a2097c94c00e43fefe9121ac5/screenshot - {}
RESULT: {}
COMMAND: POST /session/c9b3453a2097c94c00e43fefe9121ac5/element - {"using":"xpath","value":"//span[contains(text(), \"General Management\")]"}
RESULT: {"using":"xpath","value":"//span[contains(text(), \"General Management\")]"}
COMMAND: POST /session/c9b3453a2097c94c00e43fefe9121ac5/element/f.95D136BDD403266D18DB82FBE1F0ED89.d.7D9850E0A368773617723CE9F49B8808.e.646/click - {}
RESULT: {}
COMMAND: GET /session/c9b3453a2097c94c00e43fefe9121ac5/screenshot - {}
RESULT: {}
COMMAND: POST /session/c9b3453a2097c94c00e43fefe9121ac5/element - {"using":"xpath","value":"//bdi[contains(text(), \"OK\")]"}
RESULT: {"using":"xpath","value":"//bdi[contains(text(), \"OK\")]"}
COMMAND: POST /session/c9b3453a2097c94c00e43fefe9121ac5/element/f.95D136BDD403266D18DB82FBE1F0ED89.d.7D9850E0A368773617723CE9F49B8808.e.647/click - {}
RESULT: {}
COMMAND: GET /session/c9b3453a2097c94c00e43fefe9121ac5/screenshot - {}
RESULT: {}
COMMAND: POST /session/c9b3453a2097c94c00e43fefe9121ac5/execute/async - {"script":"<script> [1562 bytes]","args":[{"selector":{"controlType":"sap.m.Button","viewName":"etm.portal.ui.manageyards.view.New","viewId":"application-manageyards-display-component---NewYard","i18NText":{"propertyName":"text","key":"save"},"interaction":{"idSuffix":"inner"}},"wdio_ui5_key":"etmportal.ui.manageyards.view.Newsap.m.Button{\"propertyName\":\"text\",\"key\":\"save\"}"}]}
RESULT: {"script":"<script> [1562 bytes]","args":[{"selector":{"controlType":"sap.m.Button","viewName":"etm.portal.ui.manageyards.view.New","viewId":"application-manageyards-display-component---NewYard","i18NText":{"propertyName":"text","key":"save"},"interaction":{"idSuffix":"inner"}},"wdio_ui5_key":"etmportal.ui.manageyards.view.Newsap.m.Button{\"propertyName\":\"text\",\"key\":\"save\"}"}]}
RESULT: undefined
COMMAND: POST /session/c9b3453a2097c94c00e43fefe9121ac5/element - {"using":"xpath","value":"//*[@id=\"__button18\"]"}
RESULT: {"using":"xpath","value":"//*[@id=\"__button18\"]"}
COMMAND: POST /session/c9b3453a2097c94c00e43fefe9121ac5/element/f.95D136BDD403266D18DB82FBE1F0ED89.d.7D9850E0A368773617723CE9F49B8808.e.539/click - {}
RESULT: {}
COMMAND: GET /session/c9b3453a2097c94c00e43fefe9121ac5/screenshot - {}
RESULT: {}
COMMAND: POST /session/c9b3453a2097c94c00e43fefe9121ac5/element - {"using":"xpath","value":"//header/div/div[2]/div[2]/span"}
RESULT: {"using":"xpath","value":"//header/div/div[2]/div[2]/span"}
COMMAND: GET /session/c9b3453a2097c94c00e43fefe9121ac5/element/f.95D136BDD403266D18DB82FBE1F0ED89.d.7D9850E0A368773617723CE9F49B8808.e.844/text - {}
RESULT: {}
COMMAND: POST /session/c9b3453a2097c94c00e43fefe9121ac5/execute/async - {"script":"<script> [1562 bytes]","args":[{"selector":{"controlType":"sap.m.OverflowToolbarButton","viewName":"etm.portal.ui.manageyards.view.Detail","viewId":"application-manageyards-display-component---detailYard","i18NText":{"propertyName":"tooltip","key":"closeColumn"},"interaction":{"idSuffix":"inner"}},"wdio_ui5_key":"etmportal.ui.manageyards.view.Detailsap.m.OverflowToolbarButton{\"propertyName\":\"tooltip\",\"key\":\"closeColumn\"}"}]}
RESULT: {"script":"<script> [1562 bytes]","args":[{"selector":{"controlType":"sap.m.OverflowToolbarButton","viewName":"etm.portal.ui.manageyards.view.Detail","viewId":"application-manageyards-display-component---detailYard","i18NText":{"propertyName":"tooltip","key":"closeColumn"},"interaction":{"idSuffix":"inner"}},"wdio_ui5_key":"etmportal.ui.manageyards.view.Detailsap.m.OverflowToolbarButton{\"propertyName\":\"tooltip\",\"key\":\"closeColumn\"}"}]}
RESULT: undefined
COMMAND: POST /session/c9b3453a2097c94c00e43fefe9121ac5/element - {"using":"xpath","value":"//*[@id=\"__button40\"]"}
RESULT: {"using":"xpath","value":"//*[@id=\"__button40\"]"}
COMMAND: POST /session/c9b3453a2097c94c00e43fefe9121ac5/element/f.95D136BDD403266D18DB82FBE1F0ED89.d.7D9850E0A368773617723CE9F49B8808.e.846/click - {}
RESULT: {}
COMMAND: GET /session/c9b3453a2097c94c00e43fefe9121ac5/screenshot - {}
COMMAND: POST /session/c9b3453a2097c94c00e43fefe9121ac5/element - {"using":"css selector","value":"#shell-header-logo"}
RESULT: {}
RESULT: {"using":"css selector","value":"#shell-header-logo"}
COMMAND: POST /session/c9b3453a2097c94c00e43fefe9121ac5/element/f.95D136BDD403266D18DB82FBE1F0ED89.d.7D9850E0A368773617723CE9F49B8808.e.126/click - {}
RESULT: {}
COMMAND: GET /session/c9b3453a2097c94c00e43fefe9121ac5/screenshot - {}
RESULT: {}
COMMAND: POST /session/c9b3453a2097c94c00e43fefe9121ac5/refresh - {}
RESULT: {}
COMMAND: GET /session/c9b3453a2097c94c00e43fefe9121ac5/screenshot - {}
RESULT: {}
COMMAND: POST /session/c9b3453a2097c94c00e43fefe9121ac5/execute/async - {"script":"<script> [189 bytes]","args":[]}
RESULT: {"script":"<script> [189 bytes]","args":[]}
COMMAND: POST /session/c9b3453a2097c94c00e43fefe9121ac5/execute/async - {"script":"<script> [123 bytes]","args":[]}
RESULT: {"script":"<script> [123 bytes]","args":[]}
COMMAND: POST /session/c9b3453a2097c94c00e43fefe9121ac5/timeouts - {"script":"<number>"}
RESULT: {"script":"<number>"}
COMMAND: GET /session/c9b3453a2097c94c00e43fefe9121ac5/timeouts - {}
RESULT: {}
RESULT: undefined
COMMAND: POST /session/c9b3453a2097c94c00e43fefe9121ac5/execute/async - {"script":"<script> [2676 bytes]","args":[]}
RESULT: {"script":"<script> [2676 bytes]","args":[]}
COMMAND: POST /session/c9b3453a2097c94c00e43fefe9121ac5/execute/async - {"script":"<script> [2342 bytes]","args":[{"protocol":"http","hostname":"0.0.0.0","path":"/","capabilities":{"browserName":"chrome","goog:chromeOptions":{"binary":"C:\\Program Files\\Google\\Chrome\\Application\\chrome.exe","args":["--start-maximized"]}},"logLevel":"warn","connectionRetryTimeout":120000,"connectionRetryCount":3,"logLevels":{},"enableDirectConnect":true,"strictSSL":true,"_":"65 more keys: [\"cacheDir\",\"port\",\"requestedCapabilities\",\"automationProtocol\",\"baseUrl\",\"waitforInterval\",\"waitforTimeout\",\"onReload\",\"beforeCommand\",\"afterCommand\",\"rootDir\",\"specs\",\"suites\",\"exclude\",\"groupLogsByTestSpec\",\"excludeDriverLogs\",\"bail\",\"framework\",\"reporters\",\"services\",\"maxInstances\",\"maxInstancesPerCapability\",\"injectGlobals\",\"filesToWatch\",\"execArgv\",\"runnerEnv\",\"runner\",\"shard\",\"specFileRetries\",\"specFileRetriesDelay\",\"specFileRetriesDeferred\",\"reporterSyncInterval\",\"reporterSyncTimeout\",\"cucumberFeaturesWithLineNumbers\",\"autoCompileOpts\",\"mochaOpts\",\"jasmineOpts\",\"cucumberOpts\",\"onPrepare\",\"onWorkerStart\",\"onWorkerEnd\",\"before\",\"beforeSession\",\"beforeSuite\",\"beforeHook\",\"beforeTest\",\"afterTest\",\"afterHook\",\"afterSuite\",\"afterSession\",\"after\",\"onComplete\",\"beforeAssertion\",\"afterAssertion\",\"beforeFeature\",\"beforeScenario\",\"beforeStep\",\"afterStep\",\"afterScenario\",\"afterFeature\",\"_\",\"suite\",\"$0\",\"ignoredWorkerServices\",\"wdi5\"]"}]}
RESULT: {"script":"<script> [2342 bytes]","args":[{"protocol":"http","hostname":"0.0.0.0","path":"/","capabilities":{"browserName":"chrome","goog:chromeOptions":{"binary":"C:\\Program Files\\Google\\Chrome\\Application\\chrome.exe","args":["--start-maximized"]}},"logLevel":"warn","connectionRetryTimeout":120000,"connectionRetryCount":3,"logLevels":{},"enableDirectConnect":true,"strictSSL":true,"_":"65 more keys: [\"cacheDir\",\"port\",\"requestedCapabilities\",\"automationProtocol\",\"baseUrl\",\"waitforInterval\",\"waitforTimeout\",\"onReload\",\"beforeCommand\",\"afterCommand\",\"rootDir\",\"specs\",\"suites\",\"exclude\",\"groupLogsByTestSpec\",\"excludeDriverLogs\",\"bail\",\"framework\",\"reporters\",\"services\",\"maxInstances\",\"maxInstancesPerCapability\",\"injectGlobals\",\"filesToWatch\",\"execArgv\",\"runnerEnv\",\"runner\",\"shard\",\"specFileRetries\",\"specFileRetriesDelay\",\"specFileRetriesDeferred\",\"reporterSyncInterval\",\"reporterSyncTimeout\",\"cucumberFeaturesWithLineNumbers\",\"autoCompileOpts\",\"mochaOpts\",\"jasmineOpts\",\"cucumberOpts\",\"onPrepare\",\"onWorkerStart\",\"onWorkerEnd\",\"before\",\"beforeSession\",\"beforeSuite\",\"beforeHook\",\"beforeTest\",\"afterTest\",\"afterHook\",\"afterSuite\",\"afterSession\",\"after\",\"onComplete\",\"beforeAssertion\",\"afterAssertion\",\"beforeFeature\",\"beforeScenario\",\"beforeStep\",\"afterStep\",\"afterScenario\",\"afterFeature\",\"_\",\"suite\",\"$0\",\"ignoredWorkerServices\",\"wdi5\"]"}]}
COMMAND: POST /session/c9b3453a2097c94c00e43fefe9121ac5/execute/async - {"script":"<script> [21126 bytes]","args":[35000]}
RESULT: {"script":"<script> [21126 bytes]","args":[35000]}
COMMAND: POST /session/c9b3453a2097c94c00e43fefe9121ac5/execute/async - {"script":"<script> [1562 bytes]","args":[{"selector":{"controlType":"sap.m.GenericTile","properties":{"header":"Manage Partners"}},"wdio_ui5_key":"sapm.GenericTile{\"header\":\"Manage Partners\"}"}]}
RESULT: {"script":"<script> [1562 bytes]","args":[{"selector":{"controlType":"sap.m.GenericTile","properties":{"header":"Manage Partners"}},"wdio_ui5_key":"sapm.GenericTile{\"header\":\"Manage Partners\"}"}]}
RESULT: undefined
COMMAND: POST /session/c9b3453a2097c94c00e43fefe9121ac5/element - {"using":"xpath","value":"//*[@id=\"__tile38\"]"}
RESULT: {"using":"xpath","value":"//*[@id=\"__tile38\"]"}
COMMAND: POST /session/c9b3453a2097c94c00e43fefe9121ac5/element/f.95D136BDD403266D18DB82FBE1F0ED89.d.A9FE13069D9A6917C4A1EAAFBAC4D259.e.1188/click - {}
RESULT: {}
COMMAND: GET /session/c9b3453a2097c94c00e43fefe9121ac5/screenshot - {}
RESULT: {}
COMMAND: POST /session/c9b3453a2097c94c00e43fefe9121ac5/elements - {"using":"xpath","value":"//span[text()='Error']"}
RESULT: {"using":"xpath","value":"//span[text()='Error']"}
COMMAND: POST /session/c9b3453a2097c94c00e43fefe9121ac5/execute/async - {"script":"<script> [1562 bytes]","args":[{"selector":{"controlType":"sap.ui.core.Icon","viewName":"etm.portal.ui.managepartners.view.Master","viewId":"application-managepartners-display-component---masterPtm","properties":{"src":{"regex":{"source":"add"}}}},"wdio_ui5_key":"etmportal.ui.managepartners.view.Mastersap.ui.core.Icon{\"src\":{\"regex\":{\"source\":\"add\"}}}"}]}
RESULT: {"script":"<script> [1562 bytes]","args":[{"selector":{"controlType":"sap.ui.core.Icon","viewName":"etm.portal.ui.managepartners.view.Master","viewId":"application-managepartners-display-component---masterPtm","properties":{"src":{"regex":{"source":"add"}}}},"wdio_ui5_key":"etmportal.ui.managepartners.view.Mastersap.ui.core.Icon{\"src\":{\"regex\":{\"source\":\"add\"}}}"}]}
RESULT: undefined
COMMAND: POST /session/c9b3453a2097c94c00e43fefe9121ac5/element - {"using":"xpath","value":"//*[@id=\"__button4-img\"]"}
RESULT: {"using":"xpath","value":"//*[@id=\"__button4-img\"]"}
COMMAND: POST /session/c9b3453a2097c94c00e43fefe9121ac5/element/f.95D136BDD403266D18DB82FBE1F0ED89.d.A9FE13069D9A6917C4A1EAAFBAC4D259.e.1239/click - {}
RESULT: {}
COMMAND: GET /session/c9b3453a2097c94c00e43fefe9121ac5/screenshot - {}
COMMAND: POST /session/c9b3453a2097c94c00e43fefe9121ac5/execute/async - {"script":"<script> [1562 bytes]","args":[{"selector":{"id":"application-managepartners-display-component---NewPartner--partnerId","interaction":{"idSuffix":"inner"}},"wdio_ui5_key":"applicationmanagepartners-display-component---NewPartner--partnerId"}]}
RESULT: {}
RESULT: {"script":"<script> [1562 bytes]","args":[{"selector":{"id":"application-managepartners-display-component---NewPartner--partnerId","interaction":{"idSuffix":"inner"}},"wdio_ui5_key":"applicationmanagepartners-display-component---NewPartner--partnerId"}]}
RESULT: undefined
COMMAND: POST /session/c9b3453a2097c94c00e43fefe9121ac5/execute/async - {"script":"<script> [1562 bytes]","args":[{"selector":{"id":"application-managepartners-display-component---NewPartner--addressDetailDetailsName1","interaction":{"idSuffix":"inner"}},"wdio_ui5_key":"applicationmanagepartners-display-component---NewPartner--addressDetailDetailsName1"}]}
RESULT: {"script":"<script> [1562 bytes]","args":[{"selector":{"id":"application-managepartners-display-component---NewPartner--addressDetailDetailsName1","interaction":{"idSuffix":"inner"}},"wdio_ui5_key":"applicationmanagepartners-display-component---NewPartner--addressDetailDetailsName1"}]}
RESULT: undefined
COMMAND: POST /session/c9b3453a2097c94c00e43fefe9121ac5/execute/async - {"script":"<script> [776 bytes]","args":[{"enterText":"WebdriverPartnerzblt","selector":{"id":"application-managepartners-display-component---NewPartner--addressDetailDetailsName1","interaction":{"idSuffix":"inner"}},"clearTextFirst":true,"interactionType":"ENTER_TEXT"}]}
RESULT: {"script":"<script> [776 bytes]","args":[{"enterText":"WebdriverPartnerzblt","selector":{"id":"application-managepartners-display-component---NewPartner--addressDetailDetailsName1","interaction":{"idSuffix":"inner"}},"clearTextFirst":true,"interactionType":"ENTER_TEXT"}]}
COMMAND: POST /session/c9b3453a2097c94c00e43fefe9121ac5/execute/async - {"script":"<script> [1562 bytes]","args":[{"selector":{"id":"application-managepartners-display-component---NewPartner--addressDetailDetailsLanguage","interaction":{"idSuffix":"inner"}},"wdio_ui5_key":"applicationmanagepartners-display-component---NewPartner--addressDetailDetailsLanguage"}]}
RESULT: {"script":"<script> [1562 bytes]","args":[{"selector":{"id":"application-managepartners-display-component---NewPartner--addressDetailDetailsLanguage","interaction":{"idSuffix":"inner"}},"wdio_ui5_key":"applicationmanagepartners-display-component---NewPartner--addressDetailDetailsLanguage"}]}
RESULT: undefined
COMMAND: POST /session/c9b3453a2097c94c00e43fefe9121ac5/execute/async - {"script":"<script> [776 bytes]","args":[{"enterText":"Romanian","selector":{"id":"application-managepartners-display-component---NewPartner--addressDetailDetailsLanguage","interaction":{"idSuffix":"inner"}},"clearTextFirst":true,"interactionType":"ENTER_TEXT"}]}
RESULT: {"script":"<script> [776 bytes]","args":[{"enterText":"Romanian","selector":{"id":"application-managepartners-display-component---NewPartner--addressDetailDetailsLanguage","interaction":{"idSuffix":"inner"}},"clearTextFirst":true,"interactionType":"ENTER_TEXT"}]}
COMMAND: POST /session/c9b3453a2097c94c00e43fefe9121ac5/element - {"using":"xpath","value":"//input[contains(@id ,\"application-managepartners-display-component---NewPartner--addressDetailDetailsName1-inner\")]"}
RESULT: {"using":"xpath","value":"//input[contains(@id ,\"application-managepartners-display-component---NewPartner--addressDetailDetailsName1-inner\")]"}
COMMAND: GET /session/c9b3453a2097c94c00e43fefe9121ac5/element/f.95D136BDD403266D18DB82FBE1F0ED89.d.A9FE13069D9A6917C4A1EAAFBAC4D259.e.1423/property/value - {}
RESULT: {}
COMMAND: POST /session/c9b3453a2097c94c00e43fefe9121ac5/execute/async - {"script":"<script> [1562 bytes]","args":[{"selector":{"id":"application-managepartners-display-component---NewPartner--addressDetailDetailsCity1","interaction":{"idSuffix":"inner"}},"wdio_ui5_key":"applicationmanagepartners-display-component---NewPartner--addressDetailDetailsCity1"}]}
COMMAND: GET /session/c9b3453a2097c94c00e43fefe9121ac5/screenshot - {}
RESULT: {"script":"<script> [1562 bytes]","args":[{"selector":{"id":"application-managepartners-display-component---NewPartner--addressDetailDetailsCity1","interaction":{"idSuffix":"inner"}},"wdio_ui5_key":"applicationmanagepartners-display-component---NewPartner--addressDetailDetailsCity1"}]}
RESULT: undefined
COMMAND: POST /session/c9b3453a2097c94c00e43fefe9121ac5/execute/async - {"script":"<script> [776 bytes]","args":[{"enterText":"Bucharest","selector":{"id":"application-managepartners-display-component---NewPartner--addressDetailDetailsCity1","interaction":{"idSuffix":"inner"}},"clearTextFirst":true,"interactionType":"ENTER_TEXT"}]}
RESULT: {}
RESULT: {"script":"<script> [776 bytes]","args":[{"enterText":"Bucharest","selector":{"id":"application-managepartners-display-component---NewPartner--addressDetailDetailsCity1","interaction":{"idSuffix":"inner"}},"clearTextFirst":true,"interactionType":"ENTER_TEXT"}]}
COMMAND: POST /session/c9b3453a2097c94c00e43fefe9121ac5/execute/async - {"script":"<script> [1562 bytes]","args":[{"selector":{"id":"application-managepartners-display-component---NewPartner--addressDetailDetailsCountry","interaction":{"idSuffix":"inner"}},"wdio_ui5_key":"applicationmanagepartners-display-component---NewPartner--addressDetailDetailsCountry"}]}
RESULT: {"script":"<script> [1562 bytes]","args":[{"selector":{"id":"application-managepartners-display-component---NewPartner--addressDetailDetailsCountry","interaction":{"idSuffix":"inner"}},"wdio_ui5_key":"applicationmanagepartners-display-component---NewPartner--addressDetailDetailsCountry"}]}
RESULT: undefined
COMMAND: POST /session/c9b3453a2097c94c00e43fefe9121ac5/execute/async - {"script":"<script> [6424 bytes]","args":[{"element-6066-11e4-a52e-4f735466cecf":"f.95D136BDD403266D18DB82FBE1F0ED89.d.A9FE13069D9A6917C4A1EAAFBAC4D259.e.1430"},"setValue",["Romania"]]}
RESULT: {"script":"<script> [6424 bytes]","args":[{"element-6066-11e4-a52e-4f735466cecf":"f.95D136BDD403266D18DB82FBE1F0ED89.d.A9FE13069D9A6917C4A1EAAFBAC4D259.e.1430"},"setValue",["Romania"]]}
COMMAND: POST /session/c9b3453a2097c94c00e43fefe9121ac5/execute/async - {"script":"<script> [1562 bytes]","args":[{"selector":{"id":"application-managepartners-display-component---NewPartner--partnerDetailInternal","interaction":{"idSuffix":"inner"}},"wdio_ui5_key":"applicationmanagepartners-display-component---NewPartner--partnerDetailInternal"}]}
RESULT: {"script":"<script> [1562 bytes]","args":[{"selector":{"id":"application-managepartners-display-component---NewPartner--partnerDetailInternal","interaction":{"idSuffix":"inner"}},"wdio_ui5_key":"applicationmanagepartners-display-component---NewPartner--partnerDetailInternal"}]}
RESULT: undefined
COMMAND: POST /session/c9b3453a2097c94c00e43fefe9121ac5/execute/async - {"script":"<script> [776 bytes]","args":[{"enterText":"External partner","selector":{"id":"application-managepartners-display-component---NewPartner--partnerDetailInternal","interaction":{"idSuffix":"inner"}},"clearTextFirst":true,"interactionType":"ENTER_TEXT"}]}
RESULT: {"script":"<script> [776 bytes]","args":[{"enterText":"External partner","selector":{"id":"application-managepartners-display-component---NewPartner--partnerDetailInternal","interaction":{"idSuffix":"inner"}},"clearTextFirst":true,"interactionType":"ENTER_TEXT"}]}
COMMAND: POST /session/c9b3453a2097c94c00e43fefe9121ac5/execute/async - {"script":"<script> [1562 bytes]","args":[{"selector":{"id":"application-managepartners-display-component---NewPartner--partnerDetailsCurrency","interaction":{"idSuffix":"inner"}},"wdio_ui5_key":"applicationmanagepartners-display-component---NewPartner--partnerDetailsCurrency"}]}
RESULT: {"script":"<script> [1562 bytes]","args":[{"selector":{"id":"application-managepartners-display-component---NewPartner--partnerDetailsCurrency","interaction":{"idSuffix":"inner"}},"wdio_ui5_key":"applicationmanagepartners-display-component---NewPartner--partnerDetailsCurrency"}]}
RESULT: undefined
COMMAND: POST /session/c9b3453a2097c94c00e43fefe9121ac5/execute/async - {"script":"<script> [776 bytes]","args":[{"enterText":"Euro","selector":{"id":"application-managepartners-display-component---NewPartner--partnerDetailsCurrency","interaction":{"idSuffix":"inner"}},"clearTextFirst":true,"interactionType":"ENTER_TEXT"}]}
RESULT: {"script":"<script> [776 bytes]","args":[{"enterText":"Euro","selector":{"id":"application-managepartners-display-component---NewPartner--partnerDetailsCurrency","interaction":{"idSuffix":"inner"}},"clearTextFirst":true,"interactionType":"ENTER_TEXT"}]}
COMMAND: POST /session/c9b3453a2097c94c00e43fefe9121ac5/execute/async - {"script":"<script> [1562 bytes]","args":[{"selector":{"controlType":"sap.m.Button","viewName":"etm.portal.ui.managepartners.view.NewPartner","viewId":"application-managepartners-display-component---NewPartner","properties":{"text":"Commercial"},"interaction":{"idSuffix":"BDI-content"}},"wdio_ui5_key":"etmportal.ui.managepartners.view.NewPartnersap.m.Button{\"text\":\"Commercial\"}"}]}
RESULT: {"script":"<script> [1562 bytes]","args":[{"selector":{"controlType":"sap.m.Button","viewName":"etm.portal.ui.managepartners.view.NewPartner","viewId":"application-managepartners-display-component---NewPartner","properties":{"text":"Commercial"},"interaction":{"idSuffix":"BDI-content"}},"wdio_ui5_key":"etmportal.ui.managepartners.view.NewPartnersap.m.Button{\"text\":\"Commercial\"}"}]}
RESULT: undefined
COMMAND: POST /session/c9b3453a2097c94c00e43fefe9121ac5/element - {"using":"xpath","value":"//*[@id=\"application-managepartners-display-component---NewPartner--ObjectPageLayout-anchBar-__section5-anchor\"]"}
RESULT: {"using":"xpath","value":"//*[@id=\"application-managepartners-display-component---NewPartner--ObjectPageLayout-anchBar-__section5-anchor\"]"}
COMMAND: POST /session/c9b3453a2097c94c00e43fefe9121ac5/element/f.95D136BDD403266D18DB82FBE1F0ED89.d.A9FE13069D9A6917C4A1EAAFBAC4D259.e.1659/click - {}
RESULT: {}
COMMAND: GET /session/c9b3453a2097c94c00e43fefe9121ac5/screenshot - {}
COMMAND: POST /session/c9b3453a2097c94c00e43fefe9121ac5/execute/async - {"script":"<script> [1562 bytes]","args":[{"selector":{"id":"application-managepartners-display-component---NewPartner--btnAddTableRow-img"},"wdio_ui5_key":"applicationmanagepartners-display-component---NewPartner--btnAddTableRow-img"}]}
RESULT: {}
RESULT: {"script":"<script> [1562 bytes]","args":[{"selector":{"id":"application-managepartners-display-component---NewPartner--btnAddTableRow-img"},"wdio_ui5_key":"applicationmanagepartners-display-component---NewPartner--btnAddTableRow-img"}]}
RESULT: undefined
COMMAND: POST /session/c9b3453a2097c94c00e43fefe9121ac5/element - {"using":"xpath","value":"//*[@id=\"application-managepartners-display-component---NewPartner--btnAddTableRow-img\"]"}
RESULT: {"using":"xpath","value":"//*[@id=\"application-managepartners-display-component---NewPartner--btnAddTableRow-img\"]"}
COMMAND: POST /session/c9b3453a2097c94c00e43fefe9121ac5/element/f.95D136BDD403266D18DB82FBE1F0ED89.d.A9FE13069D9A6917C4A1EAAFBAC4D259.e.1665/click - {}
RESULT: {}
COMMAND: POST /session/c9b3453a2097c94c00e43fefe9121ac5/element - {"using":"xpath","value":"//input[contains(@id ,\"application-managepartners-display-component---NewPartner--assignmentYard-application-managepartners-display-component---NewPartner\")]"}
COMMAND: GET /session/c9b3453a2097c94c00e43fefe9121ac5/screenshot - {}
RESULT: {"using":"xpath","value":"//input[contains(@id ,\"application-managepartners-display-component---NewPartner--assignmentYard-application-managepartners-display-component---NewPartner\")]"}
COMMAND: POST /session/c9b3453a2097c94c00e43fefe9121ac5/element/f.95D136BDD403266D18DB82FBE1F0ED89.d.A9FE13069D9A6917C4A1EAAFBAC4D259.e.1668/clear - {}
RESULT: {}
RESULT: {}
COMMAND: POST /session/c9b3453a2097c94c00e43fefe9121ac5/element/f.95D136BDD403266D18DB82FBE1F0ED89.d.A9FE13069D9A6917C4A1EAAFBAC4D259.e.1668/value - {"text":"WebdriverYardtrgti"}
COMMAND: GET /session/c9b3453a2097c94c00e43fefe9121ac5/screenshot - {}
RESULT: {"text":"WebdriverYardtrgti"}
COMMAND: GET /session/c9b3453a2097c94c00e43fefe9121ac5/screenshot - {}
RESULT: {}
RESULT: {}
COMMAND: POST /session/c9b3453a2097c94c00e43fefe9121ac5/execute/async - {"script":"<script> [1562 bytes]","args":[{"selector":{"controlType":"sap.m.Button","viewName":"etm.portal.ui.managepartners.view.NewPartner","viewId":"application-managepartners-display-component---NewPartner","i18NText":{"propertyName":"text","key":"save"},"interaction":{"idSuffix":"BDI-content"}},"wdio_ui5_key":"etmportal.ui.managepartners.view.NewPartnersap.m.Button{\"propertyName\":\"text\",\"key\":\"save\"}"}]}
RESULT: {"script":"<script> [1562 bytes]","args":[{"selector":{"controlType":"sap.m.Button","viewName":"etm.portal.ui.managepartners.view.NewPartner","viewId":"application-managepartners-display-component---NewPartner","i18NText":{"propertyName":"text","key":"save"},"interaction":{"idSuffix":"BDI-content"}},"wdio_ui5_key":"etmportal.ui.managepartners.view.NewPartnersap.m.Button{\"propertyName\":\"text\",\"key\":\"save\"}"}]}
RESULT: undefined
COMMAND: POST /session/c9b3453a2097c94c00e43fefe9121ac5/element - {"using":"xpath","value":"//*[@id=\"__button12\"]"}
RESULT: {"using":"xpath","value":"//*[@id=\"__button12\"]"}
COMMAND: POST /session/c9b3453a2097c94c00e43fefe9121ac5/element/f.95D136BDD403266D18DB82FBE1F0ED89.d.A9FE13069D9A6917C4A1EAAFBAC4D259.e.1577/click - {}
RESULT: {}
COMMAND: GET /session/c9b3453a2097c94c00e43fefe9121ac5/screenshot - {}
RESULT: {}
COMMAND: POST /session/c9b3453a2097c94c00e43fefe9121ac5/element - {"using":"xpath","value":"//header/div/div[2]/div[2]/span"}
RESULT: {"using":"xpath","value":"//header/div/div[2]/div[2]/span"}
COMMAND: GET /session/c9b3453a2097c94c00e43fefe9121ac5/element/f.95D136BDD403266D18DB82FBE1F0ED89.d.A9FE13069D9A6917C4A1EAAFBAC4D259.e.1840/text - {}
RESULT: {}
COMMAND: POST /session/c9b3453a2097c94c00e43fefe9121ac5/element - {"using":"xpath","value":"//header/div/div/div/div/div/div[2]/div/span"}
RESULT: {"using":"xpath","value":"//header/div/div/div/div/div/div[2]/div/span"}
COMMAND: GET /session/c9b3453a2097c94c00e43fefe9121ac5/element/f.95D136BDD403266D18DB82FBE1F0ED89.d.A9FE13069D9A6917C4A1EAAFBAC4D259.e.1841/text - {}
RESULT: {}
COMMAND: POST /session/c9b3453a2097c94c00e43fefe9121ac5/execute/async - {"script":"<script> [1562 bytes]","args":[{"selector":{"id":"application-managepartners-display-component---detailPtm--partnerType"},"wdio_ui5_key":"applicationmanagepartners-display-component---detailPtm--partnerType"}]}
RESULT: {"script":"<script> [1562 bytes]","args":[{"selector":{"id":"application-managepartners-display-component---detailPtm--partnerType"},"wdio_ui5_key":"applicationmanagepartners-display-component---detailPtm--partnerType"}]}
RESULT: undefined
COMMAND: POST /session/c9b3453a2097c94c00e43fefe9121ac5/execute/async - {"script":"<script> [6424 bytes]","args":[{"element-6066-11e4-a52e-4f735466cecf":"f.95D136BDD403266D18DB82FBE1F0ED89.d.A9FE13069D9A6917C4A1EAAFBAC4D259.e.1842"},"getText",[]]}
RESULT: {"script":"<script> [6424 bytes]","args":[{"element-6066-11e4-a52e-4f735466cecf":"f.95D136BDD403266D18DB82FBE1F0ED89.d.A9FE13069D9A6917C4A1EAAFBAC4D259.e.1842"},"getText",[]]}
COMMAND: POST /session/c9b3453a2097c94c00e43fefe9121ac5/element - {"using":"css selector","value":"#shell-header-logo"}
RESULT: {"using":"css selector","value":"#shell-header-logo"}
COMMAND: POST /session/c9b3453a2097c94c00e43fefe9121ac5/element/f.95D136BDD403266D18DB82FBE1F0ED89.d.A9FE13069D9A6917C4A1EAAFBAC4D259.e.1191/click - {}
RESULT: {}
COMMAND: GET /session/c9b3453a2097c94c00e43fefe9121ac5/screenshot - {}
RESULT: {}
COMMAND: POST /session/c9b3453a2097c94c00e43fefe9121ac5/execute/async - {"script":"<script> [1562 bytes]","args":[{"selector":{"controlType":"sap.m.GenericTile","properties":{"header":"Manage Sites"}},"wdio_ui5_key":"sapm.GenericTile{\"header\":\"Manage Sites\"}"}]}
RESULT: {"script":"<script> [1562 bytes]","args":[{"selector":{"controlType":"sap.m.GenericTile","properties":{"header":"Manage Sites"}},"wdio_ui5_key":"sapm.GenericTile{\"header\":\"Manage Sites\"}"}]}
RESULT: undefined
COMMAND: POST /session/c9b3453a2097c94c00e43fefe9121ac5/element - {"using":"xpath","value":"//*[@id=\"__tile40\"]"}
RESULT: {"using":"xpath","value":"//*[@id=\"__tile40\"]"}
COMMAND: POST /session/c9b3453a2097c94c00e43fefe9121ac5/element/f.95D136BDD403266D18DB82FBE1F0ED89.d.A9FE13069D9A6917C4A1EAAFBAC4D259.e.1844/click - {}
RESULT: {}
COMMAND: GET /session/c9b3453a2097c94c00e43fefe9121ac5/screenshot - {}
RESULT: {}
COMMAND: POST /session/c9b3453a2097c94c00e43fefe9121ac5/elements - {"using":"xpath","value":"//span[text()='Error']"}
RESULT: {"using":"xpath","value":"//span[text()='Error']"}
COMMAND: POST /session/c9b3453a2097c94c00e43fefe9121ac5/execute/async - {"script":"<script> [1562 bytes]","args":[{"selector":{"controlType":"sap.ui.core.Icon","viewName":"etm.portal.ui.managesites.view.Master","viewId":"application-managesites-display-component---masterSite","properties":{"src":{"regex":{"source":"add"}}}},"wdio_ui5_key":"etmportal.ui.managesites.view.Mastersap.ui.core.Icon{\"src\":{\"regex\":{\"source\":\"add\"}}}"}]}
RESULT: {"script":"<script> [1562 bytes]","args":[{"selector":{"controlType":"sap.ui.core.Icon","viewName":"etm.portal.ui.managesites.view.Master","viewId":"application-managesites-display-component---masterSite","properties":{"src":{"regex":{"source":"add"}}}},"wdio_ui5_key":"etmportal.ui.managesites.view.Mastersap.ui.core.Icon{\"src\":{\"regex\":{\"source\":\"add\"}}}"}]}
RESULT: undefined
COMMAND: POST /session/c9b3453a2097c94c00e43fefe9121ac5/element - {"using":"xpath","value":"//*[@id=\"__button48-img\"]"}
RESULT: {"using":"xpath","value":"//*[@id=\"__button48-img\"]"}
COMMAND: POST /session/c9b3453a2097c94c00e43fefe9121ac5/element/f.95D136BDD403266D18DB82FBE1F0ED89.d.A9FE13069D9A6917C4A1EAAFBAC4D259.e.1893/click - {}
RESULT: {}
COMMAND: POST /session/c9b3453a2097c94c00e43fefe9121ac5/execute/async - {"script":"<script> [1562 bytes]","args":[{"selector":{"id":"application-managesites-display-component---NewSite--siteId","interaction":{"idSuffix":"inner"}},"wdio_ui5_key":"applicationmanagesites-display-component---NewSite--siteId"}]}
COMMAND: GET /session/c9b3453a2097c94c00e43fefe9121ac5/screenshot - {}
RESULT: {"script":"<script> [1562 bytes]","args":[{"selector":{"id":"application-managesites-display-component---NewSite--siteId","interaction":{"idSuffix":"inner"}},"wdio_ui5_key":"applicationmanagesites-display-component---NewSite--siteId"}]}
RESULT: undefined
COMMAND: POST /session/c9b3453a2097c94c00e43fefe9121ac5/execute/async - {"script":"<script> [1562 bytes]","args":[{"selector":{"id":"application-managesites-display-component---NewSite--addressDetailDetailsName1","interaction":{"idSuffix":"inner"}},"wdio_ui5_key":"applicationmanagesites-display-component---NewSite--addressDetailDetailsName1"}]}
RESULT: {}
RESULT: {"script":"<script> [1562 bytes]","args":[{"selector":{"id":"application-managesites-display-component---NewSite--addressDetailDetailsName1","interaction":{"idSuffix":"inner"}},"wdio_ui5_key":"applicationmanagesites-display-component---NewSite--addressDetailDetailsName1"}]}
RESULT: undefined
COMMAND: POST /session/c9b3453a2097c94c00e43fefe9121ac5/execute/async - {"script":"<script> [776 bytes]","args":[{"enterText":"WebdriverSitez3qoj","selector":{"id":"application-managesites-display-component---NewSite--addressDetailDetailsName1","interaction":{"idSuffix":"inner"}},"clearTextFirst":true,"interactionType":"ENTER_TEXT"}]}
RESULT: {"script":"<script> [776 bytes]","args":[{"enterText":"WebdriverSitez3qoj","selector":{"id":"application-managesites-display-component---NewSite--addressDetailDetailsName1","interaction":{"idSuffix":"inner"}},"clearTextFirst":true,"interactionType":"ENTER_TEXT"}]}
COMMAND: POST /session/c9b3453a2097c94c00e43fefe9121ac5/execute/async - {"script":"<script> [1562 bytes]","args":[{"selector":{"id":"application-managesites-display-component---NewSite--addressDetailDetailsLanguage","interaction":{"idSuffix":"inner"}},"wdio_ui5_key":"applicationmanagesites-display-component---NewSite--addressDetailDetailsLanguage"}]}
RESULT: {"script":"<script> [1562 bytes]","args":[{"selector":{"id":"application-managesites-display-component---NewSite--addressDetailDetailsLanguage","interaction":{"idSuffix":"inner"}},"wdio_ui5_key":"applicationmanagesites-display-component---NewSite--addressDetailDetailsLanguage"}]}
RESULT: undefined
COMMAND: POST /session/c9b3453a2097c94c00e43fefe9121ac5/execute/async - {"script":"<script> [776 bytes]","args":[{"enterText":"Romanian","selector":{"id":"application-managesites-display-component---NewSite--addressDetailDetailsLanguage","interaction":{"idSuffix":"inner"}},"clearTextFirst":true,"interactionType":"ENTER_TEXT"}]}
RESULT: {"script":"<script> [776 bytes]","args":[{"enterText":"Romanian","selector":{"id":"application-managesites-display-component---NewSite--addressDetailDetailsLanguage","interaction":{"idSuffix":"inner"}},"clearTextFirst":true,"interactionType":"ENTER_TEXT"}]}
COMMAND: POST /session/c9b3453a2097c94c00e43fefe9121ac5/execute/async - {"script":"<script> [1562 bytes]","args":[{"selector":{"id":"application-managesites-display-component---NewSite--addressDetailDetailsCity1","interaction":{"idSuffix":"inner"}},"wdio_ui5_key":"applicationmanagesites-display-component---NewSite--addressDetailDetailsCity1"}]}
RESULT: {"script":"<script> [1562 bytes]","args":[{"selector":{"id":"application-managesites-display-component---NewSite--addressDetailDetailsCity1","interaction":{"idSuffix":"inner"}},"wdio_ui5_key":"applicationmanagesites-display-component---NewSite--addressDetailDetailsCity1"}]}
RESULT: undefined
COMMAND: POST /session/c9b3453a2097c94c00e43fefe9121ac5/execute/async - {"script":"<script> [776 bytes]","args":[{"enterText":"Bucharest","selector":{"id":"application-managesites-display-component---NewSite--addressDetailDetailsCity1","interaction":{"idSuffix":"inner"}},"clearTextFirst":true,"interactionType":"ENTER_TEXT"}]}
RESULT: {"script":"<script> [776 bytes]","args":[{"enterText":"Bucharest","selector":{"id":"application-managesites-display-component---NewSite--addressDetailDetailsCity1","interaction":{"idSuffix":"inner"}},"clearTextFirst":true,"interactionType":"ENTER_TEXT"}]}
COMMAND: POST /session/c9b3453a2097c94c00e43fefe9121ac5/execute/async - {"script":"<script> [1562 bytes]","args":[{"selector":{"id":"application-managesites-display-component---NewSite--addressDetailDetailsCountry","interaction":{"idSuffix":"inner"}},"wdio_ui5_key":"applicationmanagesites-display-component---NewSite--addressDetailDetailsCountry"}]}
RESULT: {"script":"<script> [1562 bytes]","args":[{"selector":{"id":"application-managesites-display-component---NewSite--addressDetailDetailsCountry","interaction":{"idSuffix":"inner"}},"wdio_ui5_key":"applicationmanagesites-display-component---NewSite--addressDetailDetailsCountry"}]}
RESULT: undefined
COMMAND: POST /session/c9b3453a2097c94c00e43fefe9121ac5/execute/async - {"script":"<script> [776 bytes]","args":[{"enterText":"Romania","selector":{"id":"application-managesites-display-component---NewSite--addressDetailDetailsCountry","interaction":{"idSuffix":"inner"}},"clearTextFirst":true,"interactionType":"ENTER_TEXT"}]}
RESULT: {"script":"<script> [776 bytes]","args":[{"enterText":"Romania","selector":{"id":"application-managesites-display-component---NewSite--addressDetailDetailsCountry","interaction":{"idSuffix":"inner"}},"clearTextFirst":true,"interactionType":"ENTER_TEXT"}]}
COMMAND: POST /session/c9b3453a2097c94c00e43fefe9121ac5/element - {"using":"css selector","value":"#application-managesites-display-component---NewSite--addressDetailDetailsCalendar-inner"}
RESULT: {"using":"css selector","value":"#application-managesites-display-component---NewSite--addressDetailDetailsCalendar-inner"}
COMMAND: POST /session/c9b3453a2097c94c00e43fefe9121ac5/element/f.95D136BDD403266D18DB82FBE1F0ED89.d.A9FE13069D9A6917C4A1EAAFBAC4D259.e.2296/clear - {}
RESULT: {}
COMMAND: POST /session/c9b3453a2097c94c00e43fefe9121ac5/element/f.95D136BDD403266D18DB82FBE1F0ED89.d.A9FE13069D9A6917C4A1EAAFBAC4D259.e.2296/value - {"text":"Germany"}
COMMAND: GET /session/c9b3453a2097c94c00e43fefe9121ac5/screenshot - {}
RESULT: {"text":"Germany"}
COMMAND: POST /session/c9b3453a2097c94c00e43fefe9121ac5/execute/async - {"script":"<script> [1562 bytes]","args":[{"selector":{"id":"application-managesites-display-component---NewSite--addressEditDetailsCostObjectCstType-arrow"},"wdio_ui5_key":"applicationmanagesites-display-component---NewSite--addressEditDetailsCostObjectCstType-arrow"}]}
COMMAND: GET /session/c9b3453a2097c94c00e43fefe9121ac5/screenshot - {}
RESULT: {}
RESULT: {"script":"<script> [1562 bytes]","args":[{"selector":{"id":"application-managesites-display-component---NewSite--addressEditDetailsCostObjectCstType-arrow"},"wdio_ui5_key":"applicationmanagesites-display-component---NewSite--addressEditDetailsCostObjectCstType-arrow"}]}
RESULT: undefined
COMMAND: POST /session/c9b3453a2097c94c00e43fefe9121ac5/element - {"using":"xpath","value":"//*[@id=\"application-managesites-display-component---NewSite--addressEditDetailsCostObjectCstType-arrow\"]"}
RESULT: {}
RESULT: {"using":"xpath","value":"//*[@id=\"application-managesites-display-component---NewSite--addressEditDetailsCostObjectCstType-arrow\"]"}
COMMAND: POST /session/c9b3453a2097c94c00e43fefe9121ac5/element/f.95D136BDD403266D18DB82FBE1F0ED89.d.A9FE13069D9A6917C4A1EAAFBAC4D259.e.2475/click - {}
RESULT: {}
COMMAND: POST /session/c9b3453a2097c94c00e43fefe9121ac5/element - {"using":"xpath","value":"//span[contains(text(), \"Work Breakdown Structure\")]"}
COMMAND: GET /session/c9b3453a2097c94c00e43fefe9121ac5/screenshot - {}
RESULT: {"using":"xpath","value":"//span[contains(text(), \"Work Breakdown Structure\")]"}
COMMAND: POST /session/c9b3453a2097c94c00e43fefe9121ac5/element/f.95D136BDD403266D18DB82FBE1F0ED89.d.A9FE13069D9A6917C4A1EAAFBAC4D259.e.2476/click - {}
RESULT: {}
RESULT: {}
COMMAND: GET /session/c9b3453a2097c94c00e43fefe9121ac5/screenshot - {}
RESULT: {}
COMMAND: POST /session/c9b3453a2097c94c00e43fefe9121ac5/execute/async - {"script":"<script> [1562 bytes]","args":[{"selector":{"id":"application-managesites-display-component---NewSite--addressNewCostObjectCstID-vhi"},"wdio_ui5_key":"applicationmanagesites-display-component---NewSite--addressNewCostObjectCstID-vhi"}]}
RESULT: {"script":"<script> [1562 bytes]","args":[{"selector":{"id":"application-managesites-display-component---NewSite--addressNewCostObjectCstID-vhi"},"wdio_ui5_key":"applicationmanagesites-display-component---NewSite--addressNewCostObjectCstID-vhi"}]}
RESULT: undefined
COMMAND: POST /session/c9b3453a2097c94c00e43fefe9121ac5/element - {"using":"xpath","value":"//*[@id=\"application-managesites-display-component---NewSite--addressNewCostObjectCstID-vhi\"]"}
RESULT: {"using":"xpath","value":"//*[@id=\"application-managesites-display-component---NewSite--addressNewCostObjectCstID-vhi\"]"}
COMMAND: POST /session/c9b3453a2097c94c00e43fefe9121ac5/element/f.95D136BDD403266D18DB82FBE1F0ED89.d.A9FE13069D9A6917C4A1EAAFBAC4D259.e.2481/click - {}
RESULT: {}
COMMAND: GET /session/c9b3453a2097c94c00e43fefe9121ac5/screenshot - {}
RESULT: {}
COMMAND: POST /session/c9b3453a2097c94c00e43fefe9121ac5/execute/async - {"script":"<script> [1562 bytes]","args":[{"selector":{"controlType":"sap.m.SearchField","properties":{"placeholder":"Search"},"searchOpenDialogs":true,"interaction":{"idSuffix":"I"}},"wdio_ui5_key":"sapm.SearchField{\"placeholder\":\"Search\"}"}]}
RESULT: {"script":"<script> [1562 bytes]","args":[{"selector":{"controlType":"sap.m.SearchField","properties":{"placeholder":"Search"},"searchOpenDialogs":true,"interaction":{"idSuffix":"I"}},"wdio_ui5_key":"sapm.SearchField{\"placeholder\":\"Search\"}"}]}
RESULT: undefined
COMMAND: POST /session/c9b3453a2097c94c00e43fefe9121ac5/execute/async - {"script":"<script> [776 bytes]","args":[{"enterText":"A1-000100-01","selector":{"controlType":"sap.m.SearchField","properties":{"placeholder":"Search"},"searchOpenDialogs":true,"interaction":{"idSuffix":"I"}},"clearTextFirst":true,"interactionType":"ENTER_TEXT"}]}
RESULT: {"script":"<script> [776 bytes]","args":[{"enterText":"A1-000100-01","selector":{"controlType":"sap.m.SearchField","properties":{"placeholder":"Search"},"searchOpenDialogs":true,"interaction":{"idSuffix":"I"}},"clearTextFirst":true,"interactionType":"ENTER_TEXT"}]}
COMMAND: POST /session/c9b3453a2097c94c00e43fefe9121ac5/actions - {"actions":[{"id":"action3","type":"key","parameters":{},"actions":[{"type":"keyDown","value":"î€‡"},{"type":"pause","duration":10},{"type":"keyUp","value":"î€‡"}]}]}
RESULT: {"actions":[{"id":"action3","type":"key","parameters":{},"actions":[{"type":"keyDown","value":"î€‡"},{"type":"pause","duration":10},{"type":"keyUp","value":"î€‡"}]}]}
COMMAND: GET /session/c9b3453a2097c94c00e43fefe9121ac5/screenshot - {}
RESULT: {}
COMMAND: POST /session/c9b3453a2097c94c00e43fefe9121ac5/element - {"using":"xpath","value":"//span[contains(text(), \"Template for ETO-Process\")]"}
RESULT: {"using":"xpath","value":"//span[contains(text(), \"Template for ETO-Process\")]"}
COMMAND: POST /session/c9b3453a2097c94c00e43fefe9121ac5/element/f.95D136BDD403266D18DB82FBE1F0ED89.d.A9FE13069D9A6917C4A1EAAFBAC4D259.e.2501/click - {}
RESULT: {}
COMMAND: GET /session/c9b3453a2097c94c00e43fefe9121ac5/screenshot - {}
RESULT: {}
COMMAND: POST /session/c9b3453a2097c94c00e43fefe9121ac5/element - {"using":"xpath","value":"//bdi[contains(text(), \"OK\")]"}
RESULT: {"using":"xpath","value":"//bdi[contains(text(), \"OK\")]"}
COMMAND: POST /session/c9b3453a2097c94c00e43fefe9121ac5/element/f.95D136BDD403266D18DB82FBE1F0ED89.d.A9FE13069D9A6917C4A1EAAFBAC4D259.e.2502/click - {}
RESULT: {}
COMMAND: GET /session/c9b3453a2097c94c00e43fefe9121ac5/screenshot - {}
RESULT: {}
COMMAND: POST /session/c9b3453a2097c94c00e43fefe9121ac5/element - {"using":"xpath","value":"//input[@id=\"application-managesites-display-component---NewSite--addressDetailDetailsYard-inner\"]"}
RESULT: {"using":"xpath","value":"//input[@id=\"application-managesites-display-component---NewSite--addressDetailDetailsYard-inner\"]"}
COMMAND: POST /session/c9b3453a2097c94c00e43fefe9121ac5/element/f.95D136BDD403266D18DB82FBE1F0ED89.d.A9FE13069D9A6917C4A1EAAFBAC4D259.e.2297/value - {"text":"WebdriverYardtrgti"}
RESULT: {"text":"WebdriverYardtrgti"}
COMMAND: GET /session/c9b3453a2097c94c00e43fefe9121ac5/screenshot - {}
RESULT: {}
COMMAND: POST /session/c9b3453a2097c94c00e43fefe9121ac5/actions - {"actions":[{"id":"action4","type":"key","parameters":{},"actions":[{"type":"keyDown","value":"î€‡"},{"type":"pause","duration":10},{"type":"keyUp","value":"î€‡"}]}]}
RESULT: {"actions":[{"id":"action4","type":"key","parameters":{},"actions":[{"type":"keyDown","value":"î€‡"},{"type":"pause","duration":10},{"type":"keyUp","value":"î€‡"}]}]}
COMMAND: GET /session/c9b3453a2097c94c00e43fefe9121ac5/screenshot - {}
RESULT: {}
COMMAND: POST /session/c9b3453a2097c94c00e43fefe9121ac5/element - {"using":"xpath","value":"//input[@id=\"application-managesites-display-component---NewSite--addressDetailDetailsPartner-inner\"]"}
RESULT: {"using":"xpath","value":"//input[@id=\"application-managesites-display-component---NewSite--addressDetailDetailsPartner-inner\"]"}
COMMAND: POST /session/c9b3453a2097c94c00e43fefe9121ac5/elements - {"using":"xpath","value":"//input[@id=\"application-managesites-display-component---NewSite--addressDetailDetailsPartner-inner\"]"}
RESULT: {"using":"xpath","value":"//input[@id=\"application-managesites-display-component---NewSite--addressDetailDetailsPartner-inner\"]"}
COMMAND: POST /session/c9b3453a2097c94c00e43fefe9121ac5/execute/async - {"script":"<script> [1562 bytes]","args":[{"selector":{"controlType":"sap.m.Button","viewName":"etm.portal.ui.managesites.view.NewSmartSite","viewId":"application-managesites-display-component---NewSite","properties":{"text":"Commercial"},"interaction":{"idSuffix":"BDI-content"}},"wdio_ui5_key":"etmportal.ui.managesites.view.NewSmartSitesap.m.Button{\"text\":\"Commercial\"}"}]}
RESULT: {"script":"<script> [1562 bytes]","args":[{"selector":{"controlType":"sap.m.Button","viewName":"etm.portal.ui.managesites.view.NewSmartSite","viewId":"application-managesites-display-component---NewSite","properties":{"text":"Commercial"},"interaction":{"idSuffix":"BDI-content"}},"wdio_ui5_key":"etmportal.ui.managesites.view.NewSmartSitesap.m.Button{\"text\":\"Commercial\"}"}]}
RESULT: undefined
COMMAND: POST /session/c9b3453a2097c94c00e43fefe9121ac5/element - {"using":"xpath","value":"//*[@id=\"application-managesites-display-component---NewSite--ObjectPageLayout-anchBar-__section29-anchor\"]"}
RESULT: {"using":"xpath","value":"//*[@id=\"application-managesites-display-component---NewSite--ObjectPageLayout-anchBar-__section29-anchor\"]"}
COMMAND: POST /session/c9b3453a2097c94c00e43fefe9121ac5/element/f.95D136BDD403266D18DB82FBE1F0ED89.d.A9FE13069D9A6917C4A1EAAFBAC4D259.e.2531/click - {}
RESULT: {}
COMMAND: POST /session/c9b3453a2097c94c00e43fefe9121ac5/execute/async - {"script":"<script> [1562 bytes]","args":[{"selector":{"controlType":"sap.m.Button","viewName":"etm.portal.ui.managesites.view.NewSmartSite","viewId":"application-managesites-display-component---NewSite","i18NText":{"propertyName":"text","key":"save"},"interaction":{"idSuffix":"BDI-content"}},"wdio_ui5_key":"etmportal.ui.managesites.view.NewSmartSitesap.m.Button{\"propertyName\":\"text\",\"key\":\"save\"}"}]}
COMMAND: GET /session/c9b3453a2097c94c00e43fefe9121ac5/screenshot - {}
RESULT: {"script":"<script> [1562 bytes]","args":[{"selector":{"controlType":"sap.m.Button","viewName":"etm.portal.ui.managesites.view.NewSmartSite","viewId":"application-managesites-display-component---NewSite","i18NText":{"propertyName":"text","key":"save"},"interaction":{"idSuffix":"BDI-content"}},"wdio_ui5_key":"etmportal.ui.managesites.view.NewSmartSitesap.m.Button{\"propertyName\":\"text\",\"key\":\"save\"}"}]}
RESULT: undefined
COMMAND: POST /session/c9b3453a2097c94c00e43fefe9121ac5/element - {"using":"xpath","value":"//*[@id=\"__button60\"]"}
RESULT: {}
RESULT: {"using":"xpath","value":"//*[@id=\"__button60\"]"}
COMMAND: POST /session/c9b3453a2097c94c00e43fefe9121ac5/element/f.95D136BDD403266D18DB82FBE1F0ED89.d.A9FE13069D9A6917C4A1EAAFBAC4D259.e.2437/click - {}
RESULT: {}
COMMAND: GET /session/c9b3453a2097c94c00e43fefe9121ac5/screenshot - {}
RESULT: {}
COMMAND: POST /session/c9b3453a2097c94c00e43fefe9121ac5/execute/async - {"script":"<script> [1562 bytes]","args":[{"selector":{"id":"application-managesites-display-component---detailSite--addressDetailDetailsYardText"},"wdio_ui5_key":"applicationmanagesites-display-component---detailSite--addressDetailDetailsYardText"}]}
RESULT: {"script":"<script> [1562 bytes]","args":[{"selector":{"id":"application-managesites-display-component---detailSite--addressDetailDetailsYardText"},"wdio_ui5_key":"applicationmanagesites-display-component---detailSite--addressDetailDetailsYardText"}]}
RESULT: undefined
COMMAND: POST /session/c9b3453a2097c94c00e43fefe9121ac5/element - {"using":"xpath","value":"//header/div/div[2]/div[2]/span"}
RESULT: {"using":"xpath","value":"//header/div/div[2]/div[2]/span"}
COMMAND: GET /session/c9b3453a2097c94c00e43fefe9121ac5/element/f.95D136BDD403266D18DB82FBE1F0ED89.d.A9FE13069D9A6917C4A1EAAFBAC4D259.e.2746/text - {}
RESULT: {}
COMMAND: POST /session/c9b3453a2097c94c00e43fefe9121ac5/element - {"using":"xpath","value":"//header/div/div/div/div/div/div[2]/div/span"}
RESULT: {"using":"xpath","value":"//header/div/div/div/div/div/div[2]/div/span"}
COMMAND: GET /session/c9b3453a2097c94c00e43fefe9121ac5/element/f.95D136BDD403266D18DB82FBE1F0ED89.d.A9FE13069D9A6917C4A1EAAFBAC4D259.e.2747/text - {}
RESULT: {}
COMMAND: POST /session/c9b3453a2097c94c00e43fefe9121ac5/element - {"using":"css selector","value":"#shell-header-logo"}
RESULT: {"using":"css selector","value":"#shell-header-logo"}
COMMAND: POST /session/c9b3453a2097c94c00e43fefe9121ac5/element/f.95D136BDD403266D18DB82FBE1F0ED89.d.A9FE13069D9A6917C4A1EAAFBAC4D259.e.1847/click - {}
RESULT: {}
COMMAND: GET /session/c9b3453a2097c94c00e43fefe9121ac5/screenshot - {}
RESULT: {}
]]></system-out>
    </testcase>
    <testcase classname="chrome.136_0_7103_93.windows.Standard_contract_-_add_contract_items_by_Insert_Request_US118222" name="Should create 2 new resources and a catalog item" time="451.927">
      <system-out><![CDATA[
COMMAND: POST /session/c9b3453a2097c94c00e43fefe9121ac5/execute/async - {"script":"<script> [1562 bytes]","args":[{"selector":{"controlType":"sap.m.GenericTile","properties":{"header":"Manage Resources"}},"wdio_ui5_key":"sapm.GenericTile{\"header\":\"Manage Resources\"}"}]}
RESULT: {"script":"<script> [1562 bytes]","args":[{"selector":{"controlType":"sap.m.GenericTile","properties":{"header":"Manage Resources"}},"wdio_ui5_key":"sapm.GenericTile{\"header\":\"Manage Resources\"}"}]}
RESULT: undefined
COMMAND: POST /session/c9b3453a2097c94c00e43fefe9121ac5/element - {"using":"xpath","value":"//*[@id=\"__tile39\"]"}
RESULT: {"using":"xpath","value":"//*[@id=\"__tile39\"]"}
COMMAND: POST /session/c9b3453a2097c94c00e43fefe9121ac5/element/f.95D136BDD403266D18DB82FBE1F0ED89.d.A9FE13069D9A6917C4A1EAAFBAC4D259.e.2749/click - {}
RESULT: {}
COMMAND: GET /session/c9b3453a2097c94c00e43fefe9121ac5/screenshot - {}
RESULT: {}
COMMAND: POST /session/c9b3453a2097c94c00e43fefe9121ac5/elements - {"using":"xpath","value":"//span[text()='Error']"}
RESULT: {"using":"xpath","value":"//span[text()='Error']"}
COMMAND: POST /session/c9b3453a2097c94c00e43fefe9121ac5/element - {"using":"xpath","value":"//button[@data-kt=\"addNewRUOverflowToolbarButton\"]"}
RESULT: {"using":"xpath","value":"//button[@data-kt=\"addNewRUOverflowToolbarButton\"]"}
COMMAND: POST /session/c9b3453a2097c94c00e43fefe9121ac5/execute/sync - {"script":"<script> [8489 bytes]","args":[{"element-6066-11e4-a52e-4f735466cecf":"f.95D136BDD403266D18DB82FBE1F0ED89.d.A9FE13069D9A6917C4A1EAAFBAC4D259.e.2791","ELEMENT":"f.95D136BDD403266D18DB82FBE1F0ED89.d.A9FE13069D9A6917C4A1EAAFBAC4D259.e.2791"}]}
RESULT: {"script":"<script> [8489 bytes]","args":[{"element-6066-11e4-a52e-4f735466cecf":"f.95D136BDD403266D18DB82FBE1F0ED89.d.A9FE13069D9A6917C4A1EAAFBAC4D259.e.2791","ELEMENT":"f.95D136BDD403266D18DB82FBE1F0ED89.d.A9FE13069D9A6917C4A1EAAFBAC4D259.e.2791"}]}
COMMAND: POST /session/c9b3453a2097c94c00e43fefe9121ac5/element/f.95D136BDD403266D18DB82FBE1F0ED89.d.A9FE13069D9A6917C4A1EAAFBAC4D259.e.2791/click - {}
COMMAND: GET /session/c9b3453a2097c94c00e43fefe9121ac5/screenshot - {}
RESULT: {}
RESULT: {}
COMMAND: POST /session/c9b3453a2097c94c00e43fefe9121ac5/execute/async - {"script":"<script> [1562 bytes]","args":[{"selector":{"id":"application-manageresources-display-component---newResourceUnit--TYPE-arrow"},"wdio_ui5_key":"applicationmanageresources-display-component---newResourceUnit--TYPE-arrow"}]}
COMMAND: GET /session/c9b3453a2097c94c00e43fefe9121ac5/screenshot - {}
RESULT: {"script":"<script> [1562 bytes]","args":[{"selector":{"id":"application-manageresources-display-component---newResourceUnit--TYPE-arrow"},"wdio_ui5_key":"applicationmanageresources-display-component---newResourceUnit--TYPE-arrow"}]}
RESULT: undefined
COMMAND: POST /session/c9b3453a2097c94c00e43fefe9121ac5/element - {"using":"xpath","value":"//*[@id=\"application-manageresources-display-component---newResourceUnit--TYPE-arrow\"]"}
RESULT: {}
RESULT: {"using":"xpath","value":"//*[@id=\"application-manageresources-display-component---newResourceUnit--TYPE-arrow\"]"}
COMMAND: POST /session/c9b3453a2097c94c00e43fefe9121ac5/element/f.95D136BDD403266D18DB82FBE1F0ED89.d.A9FE13069D9A6917C4A1EAAFBAC4D259.e.3107/click - {}
RESULT: {}
COMMAND: POST /session/c9b3453a2097c94c00e43fefe9121ac5/execute/async - {"script":"<script> [1562 bytes]","args":[{"selector":{"controlType":"sap.m.StandardListItem","viewName":"reusables.view.manageresources.NewResourceUnit","viewId":"application-manageresources-display-component---newResourceUnit","properties":{"title":"Material"},"searchOpenDialogs":true,"interaction":{"idSuffix":"titleText"}},"wdio_ui5_key":"reusablesview.manageresources.NewResourceUnitsap.m.StandardListItem{\"title\":\"Material\"}"}]}
COMMAND: GET /session/c9b3453a2097c94c00e43fefe9121ac5/screenshot - {}
RESULT: {"script":"<script> [1562 bytes]","args":[{"selector":{"controlType":"sap.m.StandardListItem","viewName":"reusables.view.manageresources.NewResourceUnit","viewId":"application-manageresources-display-component---newResourceUnit","properties":{"title":"Material"},"searchOpenDialogs":true,"interaction":{"idSuffix":"titleText"}},"wdio_ui5_key":"reusablesview.manageresources.NewResourceUnitsap.m.StandardListItem{\"title\":\"Material\"}"}]}
RESULT: undefined
COMMAND: POST /session/c9b3453a2097c94c00e43fefe9121ac5/element - {"using":"xpath","value":"//*[@id=\"__item1222\"]"}
RESULT: {}
RESULT: {"using":"xpath","value":"//*[@id=\"__item1222\"]"}
COMMAND: POST /session/c9b3453a2097c94c00e43fefe9121ac5/element/f.95D136BDD403266D18DB82FBE1F0ED89.d.A9FE13069D9A6917C4A1EAAFBAC4D259.e.3110/click - {}
RESULT: {}
COMMAND: POST /session/c9b3453a2097c94c00e43fefe9121ac5/execute/async - {"script":"<script> [1562 bytes]","args":[{"selector":{"id":"application-manageresources-display-component---newResourceUnit--SHORT_TEXT","interaction":{"idSuffix":"inner"}},"wdio_ui5_key":"applicationmanageresources-display-component---newResourceUnit--SHORT_TEXT"}]}
COMMAND: GET /session/c9b3453a2097c94c00e43fefe9121ac5/screenshot - {}
RESULT: {"script":"<script> [1562 bytes]","args":[{"selector":{"id":"application-manageresources-display-component---newResourceUnit--SHORT_TEXT","interaction":{"idSuffix":"inner"}},"wdio_ui5_key":"applicationmanageresources-display-component---newResourceUnit--SHORT_TEXT"}]}
RESULT: undefined
COMMAND: POST /session/c9b3453a2097c94c00e43fefe9121ac5/execute/async - {"script":"<script> [776 bytes]","args":[{"enterText":"WebdriverRUR2Ct5kt4h","selector":{"id":"application-manageresources-display-component---newResourceUnit--SHORT_TEXT","interaction":{"idSuffix":"inner"}},"clearTextFirst":true,"interactionType":"ENTER_TEXT"}]}
RESULT: {}
RESULT: {"script":"<script> [776 bytes]","args":[{"enterText":"WebdriverRUR2Ct5kt4h","selector":{"id":"application-manageresources-display-component---newResourceUnit--SHORT_TEXT","interaction":{"idSuffix":"inner"}},"clearTextFirst":true,"interactionType":"ENTER_TEXT"}]}
COMMAND: POST /session/c9b3453a2097c94c00e43fefe9121ac5/execute/async - {"script":"<script> [1562 bytes]","args":[{"selector":{"id":"application-manageresources-display-component---newResourceUnit--BASE_UNIT_OF_MEASURE-arrow"},"wdio_ui5_key":"applicationmanageresources-display-component---newResourceUnit--BASE_UNIT_OF_MEASURE-arrow"}]}
RESULT: {"script":"<script> [1562 bytes]","args":[{"selector":{"id":"application-manageresources-display-component---newResourceUnit--BASE_UNIT_OF_MEASURE-arrow"},"wdio_ui5_key":"applicationmanageresources-display-component---newResourceUnit--BASE_UNIT_OF_MEASURE-arrow"}]}
RESULT: undefined
COMMAND: POST /session/c9b3453a2097c94c00e43fefe9121ac5/element - {"using":"xpath","value":"//*[@id=\"application-manageresources-display-component---newResourceUnit--BASE_UNIT_OF_MEASURE-arrow\"]"}
RESULT: {"using":"xpath","value":"//*[@id=\"application-manageresources-display-component---newResourceUnit--BASE_UNIT_OF_MEASURE-arrow\"]"}
COMMAND: POST /session/c9b3453a2097c94c00e43fefe9121ac5/element/f.95D136BDD403266D18DB82FBE1F0ED89.d.A9FE13069D9A6917C4A1EAAFBAC4D259.e.3164/click - {}
RESULT: {}
COMMAND: POST /session/c9b3453a2097c94c00e43fefe9121ac5/execute/async - {"script":"<script> [1562 bytes]","args":[{"selector":{"controlType":"sap.m.StandardListItem","viewName":"reusables.view.manageresources.NewResourceUnit","viewId":"application-manageresources-display-component---newResourceUnit","properties":{"title":"Piece"},"searchOpenDialogs":true,"interaction":{"idSuffix":"titleText"}},"wdio_ui5_key":"reusablesview.manageresources.NewResourceUnitsap.m.StandardListItem{\"title\":\"Piece\"}"}]}
COMMAND: GET /session/c9b3453a2097c94c00e43fefe9121ac5/screenshot - {}
RESULT: {"script":"<script> [1562 bytes]","args":[{"selector":{"controlType":"sap.m.StandardListItem","viewName":"reusables.view.manageresources.NewResourceUnit","viewId":"application-manageresources-display-component---newResourceUnit","properties":{"title":"Piece"},"searchOpenDialogs":true,"interaction":{"idSuffix":"titleText"}},"wdio_ui5_key":"reusablesview.manageresources.NewResourceUnitsap.m.StandardListItem{\"title\":\"Piece\"}"}]}
RESULT: undefined
COMMAND: POST /session/c9b3453a2097c94c00e43fefe9121ac5/element - {"using":"xpath","value":"//*[@id=\"__item1264\"]"}
RESULT: {}
RESULT: {"using":"xpath","value":"//*[@id=\"__item1264\"]"}
COMMAND: POST /session/c9b3453a2097c94c00e43fefe9121ac5/element/f.95D136BDD403266D18DB82FBE1F0ED89.d.A9FE13069D9A6917C4A1EAAFBAC4D259.e.3166/click - {}
RESULT: {}
COMMAND: POST /session/c9b3453a2097c94c00e43fefe9121ac5/element - {"using":"xpath","value":"//input[contains(@id ,\"application-manageresources-display-component---newResourceUnit--SHORT_TEXT-inner\")]"}
COMMAND: GET /session/c9b3453a2097c94c00e43fefe9121ac5/screenshot - {}
RESULT: {"using":"xpath","value":"//input[contains(@id ,\"application-manageresources-display-component---newResourceUnit--SHORT_TEXT-inner\")]"}
COMMAND: GET /session/c9b3453a2097c94c00e43fefe9121ac5/element/f.95D136BDD403266D18DB82FBE1F0ED89.d.A9FE13069D9A6917C4A1EAAFBAC4D259.e.3127/property/value - {}
RESULT: {}
RESULT: {}
COMMAND: POST /session/c9b3453a2097c94c00e43fefe9121ac5/execute/async - {"script":"<script> [1562 bytes]","args":[{"selector":{"id":"application-manageresources-display-component---newResourceUnit--WEIGHT_UNIT-arrow"},"wdio_ui5_key":"applicationmanageresources-display-component---newResourceUnit--WEIGHT_UNIT-arrow"}]}
COMMAND: GET /session/c9b3453a2097c94c00e43fefe9121ac5/screenshot - {}
RESULT: {"script":"<script> [1562 bytes]","args":[{"selector":{"id":"application-manageresources-display-component---newResourceUnit--WEIGHT_UNIT-arrow"},"wdio_ui5_key":"applicationmanageresources-display-component---newResourceUnit--WEIGHT_UNIT-arrow"}]}
RESULT: undefined
COMMAND: POST /session/c9b3453a2097c94c00e43fefe9121ac5/element - {"using":"xpath","value":"//*[@id=\"application-manageresources-display-component---newResourceUnit--WEIGHT_UNIT-arrow\"]"}
RESULT: {}
RESULT: {"using":"xpath","value":"//*[@id=\"application-manageresources-display-component---newResourceUnit--WEIGHT_UNIT-arrow\"]"}
COMMAND: POST /session/c9b3453a2097c94c00e43fefe9121ac5/element/f.95D136BDD403266D18DB82FBE1F0ED89.d.A9FE13069D9A6917C4A1EAAFBAC4D259.e.3167/click - {}
RESULT: {}
COMMAND: POST /session/c9b3453a2097c94c00e43fefe9121ac5/execute/async - {"script":"<script> [1562 bytes]","args":[{"selector":{"controlType":"sap.m.StandardListItem","viewName":"reusables.view.manageresources.NewResourceUnit","viewId":"application-manageresources-display-component---newResourceUnit","properties":{"title":"Gram"},"searchOpenDialogs":true,"interaction":{"idSuffix":"content"}},"wdio_ui5_key":"reusablesview.manageresources.NewResourceUnitsap.m.StandardListItem{\"title\":\"Gram\"}"}]}
COMMAND: GET /session/c9b3453a2097c94c00e43fefe9121ac5/screenshot - {}
RESULT: {"script":"<script> [1562 bytes]","args":[{"selector":{"controlType":"sap.m.StandardListItem","viewName":"reusables.view.manageresources.NewResourceUnit","viewId":"application-manageresources-display-component---newResourceUnit","properties":{"title":"Gram"},"searchOpenDialogs":true,"interaction":{"idSuffix":"content"}},"wdio_ui5_key":"reusablesview.manageresources.NewResourceUnitsap.m.StandardListItem{\"title\":\"Gram\"}"}]}
RESULT: undefined
COMMAND: POST /session/c9b3453a2097c94c00e43fefe9121ac5/element - {"using":"xpath","value":"//*[@id=\"__item1329\"]"}
RESULT: {}
RESULT: {"using":"xpath","value":"//*[@id=\"__item1329\"]"}
COMMAND: POST /session/c9b3453a2097c94c00e43fefe9121ac5/element/f.95D136BDD403266D18DB82FBE1F0ED89.d.A9FE13069D9A6917C4A1EAAFBAC4D259.e.3169/click - {}
RESULT: {}
COMMAND: POST /session/c9b3453a2097c94c00e43fefe9121ac5/execute/async - {"script":"<script> [1562 bytes]","args":[{"selector":{"id":"application-manageresources-display-component---newResourceUnit--newRRUPage-OPHeaderContent-collapseBtn-img"},"wdio_ui5_key":"applicationmanageresources-display-component---newResourceUnit--newRRUPage-OPHeaderContent-collapseBtn-img"}]}
COMMAND: GET /session/c9b3453a2097c94c00e43fefe9121ac5/screenshot - {}
RESULT: {"script":"<script> [1562 bytes]","args":[{"selector":{"id":"application-manageresources-display-component---newResourceUnit--newRRUPage-OPHeaderContent-collapseBtn-img"},"wdio_ui5_key":"applicationmanageresources-display-component---newResourceUnit--newRRUPage-OPHeaderContent-collapseBtn-img"}]}
RESULT: undefined
COMMAND: POST /session/c9b3453a2097c94c00e43fefe9121ac5/element - {"using":"xpath","value":"//*[@id=\"application-manageresources-display-component---newResourceUnit--newRRUPage-OPHeaderContent-collapseBtn-img\"]"}
RESULT: {}
RESULT: {"using":"xpath","value":"//*[@id=\"application-manageresources-display-component---newResourceUnit--newRRUPage-OPHeaderContent-collapseBtn-img\"]"}
COMMAND: POST /session/c9b3453a2097c94c00e43fefe9121ac5/element/f.95D136BDD403266D18DB82FBE1F0ED89.d.A9FE13069D9A6917C4A1EAAFBAC4D259.e.3117/click - {}
RESULT: {}
COMMAND: GET /session/c9b3453a2097c94c00e43fefe9121ac5/screenshot - {}
RESULT: {}
COMMAND: POST /session/c9b3453a2097c94c00e43fefe9121ac5/element - {"using":"xpath","value":"(//span[contains(@id ,\"application-manageresources-display-component---newResourceUnit--DIMENSION_UNIT-arrow\")])[1]"}
RESULT: {"using":"xpath","value":"(//span[contains(@id ,\"application-manageresources-display-component---newResourceUnit--DIMENSION_UNIT-arrow\")])[1]"}
COMMAND: POST /session/c9b3453a2097c94c00e43fefe9121ac5/element/f.95D136BDD403266D18DB82FBE1F0ED89.d.A9FE13069D9A6917C4A1EAAFBAC4D259.e.3175/click - {}
RESULT: {}
COMMAND: GET /session/c9b3453a2097c94c00e43fefe9121ac5/screenshot - {}
RESULT: {}
COMMAND: POST /session/c9b3453a2097c94c00e43fefe9121ac5/execute/async - {"script":"<script> [1562 bytes]","args":[{"selector":{"controlType":"sap.m.StandardListItem","viewName":"reusables.view.manageresources.NewResourceUnit","viewId":"application-manageresources-display-component---newResourceUnit","properties":{"title":"Centimeter"},"searchOpenDialogs":true,"interaction":{"idSuffix":"titleText"}},"wdio_ui5_key":"reusablesview.manageresources.NewResourceUnitsap.m.StandardListItem{\"title\":\"Centimeter\"}"}]}
RESULT: {"script":"<script> [1562 bytes]","args":[{"selector":{"controlType":"sap.m.StandardListItem","viewName":"reusables.view.manageresources.NewResourceUnit","viewId":"application-manageresources-display-component---newResourceUnit","properties":{"title":"Centimeter"},"searchOpenDialogs":true,"interaction":{"idSuffix":"titleText"}},"wdio_ui5_key":"reusablesview.manageresources.NewResourceUnitsap.m.StandardListItem{\"title\":\"Centimeter\"}"}]}
RESULT: undefined
COMMAND: POST /session/c9b3453a2097c94c00e43fefe9121ac5/element - {"using":"xpath","value":"//*[@id=\"__item1332\"]"}
RESULT: {"using":"xpath","value":"//*[@id=\"__item1332\"]"}
COMMAND: POST /session/c9b3453a2097c94c00e43fefe9121ac5/element/f.95D136BDD403266D18DB82FBE1F0ED89.d.A9FE13069D9A6917C4A1EAAFBAC4D259.e.3177/click - {}
RESULT: {}
COMMAND: POST /session/c9b3453a2097c94c00e43fefe9121ac5/execute/async - {"script":"<script> [1562 bytes]","args":[{"selector":{"id":"application-manageresources-display-component---newResourceUnit--newRRUPage-anchBar-application-manageresources-display-component---newResourceUnit--reference-anchor","interaction":{"idSuffix":"BDI-content"}},"wdio_ui5_key":"applicationmanageresources-display-component---newResourceUnit--newRRUPage-anchBar-application-manageresources-display-component---newResourceUnit--reference-anchor"}]}
COMMAND: GET /session/c9b3453a2097c94c00e43fefe9121ac5/screenshot - {}
RESULT: {"script":"<script> [1562 bytes]","args":[{"selector":{"id":"application-manageresources-display-component---newResourceUnit--newRRUPage-anchBar-application-manageresources-display-component---newResourceUnit--reference-anchor","interaction":{"idSuffix":"BDI-content"}},"wdio_ui5_key":"applicationmanageresources-display-component---newResourceUnit--newRRUPage-anchBar-application-manageresources-display-component---newResourceUnit--reference-anchor"}]}
RESULT: undefined
COMMAND: POST /session/c9b3453a2097c94c00e43fefe9121ac5/element - {"using":"xpath","value":"//*[@id=\"application-manageresources-display-component---newResourceUnit--newRRUPage-anchBar-application-manageresources-display-component---newResourceUnit--reference-anchor\"]"}
RESULT: {}
RESULT: {"using":"xpath","value":"//*[@id=\"application-manageresources-display-component---newResourceUnit--newRRUPage-anchBar-application-manageresources-display-component---newResourceUnit--reference-anchor\"]"}
COMMAND: POST /session/c9b3453a2097c94c00e43fefe9121ac5/element/f.95D136BDD403266D18DB82FBE1F0ED89.d.A9FE13069D9A6917C4A1EAAFBAC4D259.e.3179/click - {}
RESULT: {}
COMMAND: POST /session/c9b3453a2097c94c00e43fefe9121ac5/execute/async - {"script":"<script> [1562 bytes]","args":[{"selector":{"id":"application-manageresources-display-component---newResourceUnit--PLANNING_GROUP-arrow"},"wdio_ui5_key":"applicationmanageresources-display-component---newResourceUnit--PLANNING_GROUP-arrow"}]}
COMMAND: GET /session/c9b3453a2097c94c00e43fefe9121ac5/screenshot - {}
RESULT: {"script":"<script> [1562 bytes]","args":[{"selector":{"id":"application-manageresources-display-component---newResourceUnit--PLANNING_GROUP-arrow"},"wdio_ui5_key":"applicationmanageresources-display-component---newResourceUnit--PLANNING_GROUP-arrow"}]}
RESULT: undefined
COMMAND: POST /session/c9b3453a2097c94c00e43fefe9121ac5/element - {"using":"xpath","value":"//*[@id=\"application-manageresources-display-component---newResourceUnit--PLANNING_GROUP-arrow\"]"}
RESULT: {}
RESULT: {"using":"xpath","value":"//*[@id=\"application-manageresources-display-component---newResourceUnit--PLANNING_GROUP-arrow\"]"}
COMMAND: POST /session/c9b3453a2097c94c00e43fefe9121ac5/element/f.95D136BDD403266D18DB82FBE1F0ED89.d.A9FE13069D9A6917C4A1EAAFBAC4D259.e.3183/click - {}
RESULT: {}
COMMAND: POST /session/c9b3453a2097c94c00e43fefe9121ac5/execute/async - {"script":"<script> [1562 bytes]","args":[{"selector":{"controlType":"sap.m.StandardListItem","viewName":"reusables.view.manageresources.NewResourceUnit","viewId":"application-manageresources-display-component---newResourceUnit","properties":{"title":"Heavy Equi"},"searchOpenDialogs":true,"interaction":{"idSuffix":"content"}},"wdio_ui5_key":"reusablesview.manageresources.NewResourceUnitsap.m.StandardListItem{\"title\":\"Heavy Equi\"}"}]}
COMMAND: GET /session/c9b3453a2097c94c00e43fefe9121ac5/screenshot - {}
RESULT: {"script":"<script> [1562 bytes]","args":[{"selector":{"controlType":"sap.m.StandardListItem","viewName":"reusables.view.manageresources.NewResourceUnit","viewId":"application-manageresources-display-component---newResourceUnit","properties":{"title":"Heavy Equi"},"searchOpenDialogs":true,"interaction":{"idSuffix":"content"}},"wdio_ui5_key":"reusablesview.manageresources.NewResourceUnitsap.m.StandardListItem{\"title\":\"Heavy Equi\"}"}]}
RESULT: undefined
COMMAND: POST /session/c9b3453a2097c94c00e43fefe9121ac5/element - {"using":"xpath","value":"//*[@id=\"__item1340\"]"}
RESULT: {}
RESULT: {"using":"xpath","value":"//*[@id=\"__item1340\"]"}
COMMAND: POST /session/c9b3453a2097c94c00e43fefe9121ac5/element/f.95D136BDD403266D18DB82FBE1F0ED89.d.A9FE13069D9A6917C4A1EAAFBAC4D259.e.3187/click - {}
RESULT: {}
COMMAND: GET /session/c9b3453a2097c94c00e43fefe9121ac5/screenshot - {}
RESULT: {}
COMMAND: POST /session/c9b3453a2097c94c00e43fefe9121ac5/execute/async - {"script":"<script> [1562 bytes]","args":[{"selector":{"id":"application-manageresources-display-component---newResourceUnit--PLANNING_INDICATOR-arrow"},"wdio_ui5_key":"applicationmanageresources-display-component---newResourceUnit--PLANNING_INDICATOR-arrow"}]}
RESULT: {"script":"<script> [1562 bytes]","args":[{"selector":{"id":"application-manageresources-display-component---newResourceUnit--PLANNING_INDICATOR-arrow"},"wdio_ui5_key":"applicationmanageresources-display-component---newResourceUnit--PLANNING_INDICATOR-arrow"}]}
RESULT: undefined
COMMAND: POST /session/c9b3453a2097c94c00e43fefe9121ac5/element - {"using":"xpath","value":"//*[@id=\"application-manageresources-display-component---newResourceUnit--PLANNING_INDICATOR-arrow\"]"}
RESULT: {"using":"xpath","value":"//*[@id=\"application-manageresources-display-component---newResourceUnit--PLANNING_INDICATOR-arrow\"]"}
COMMAND: POST /session/c9b3453a2097c94c00e43fefe9121ac5/element/f.95D136BDD403266D18DB82FBE1F0ED89.d.A9FE13069D9A6917C4A1EAAFBAC4D259.e.3188/click - {}
RESULT: {}
COMMAND: POST /session/c9b3453a2097c94c00e43fefe9121ac5/execute/async - {"script":"<script> [1562 bytes]","args":[{"selector":{"controlType":"sap.m.StandardListItem","viewName":"reusables.view.manageresources.NewResourceUnit","viewId":"application-manageresources-display-component---newResourceUnit","properties":{"title":"10 - infinite"},"searchOpenDialogs":true,"interaction":{"idSuffix":"content"}},"wdio_ui5_key":"reusablesview.manageresources.NewResourceUnitsap.m.StandardListItem{\"title\":\"10 - infinite\"}"}]}
COMMAND: GET /session/c9b3453a2097c94c00e43fefe9121ac5/screenshot - {}
RESULT: {"script":"<script> [1562 bytes]","args":[{"selector":{"controlType":"sap.m.StandardListItem","viewName":"reusables.view.manageresources.NewResourceUnit","viewId":"application-manageresources-display-component---newResourceUnit","properties":{"title":"10 - infinite"},"searchOpenDialogs":true,"interaction":{"idSuffix":"content"}},"wdio_ui5_key":"reusablesview.manageresources.NewResourceUnitsap.m.StandardListItem{\"title\":\"10 - infinite\"}"}]}
RESULT: undefined
COMMAND: POST /session/c9b3453a2097c94c00e43fefe9121ac5/element - {"using":"xpath","value":"//*[@id=\"__item1350\"]"}
RESULT: {}
RESULT: {"using":"xpath","value":"//*[@id=\"__item1350\"]"}
COMMAND: POST /session/c9b3453a2097c94c00e43fefe9121ac5/element/f.95D136BDD403266D18DB82FBE1F0ED89.d.A9FE13069D9A6917C4A1EAAFBAC4D259.e.3190/click - {}
RESULT: {}
COMMAND: GET /session/c9b3453a2097c94c00e43fefe9121ac5/screenshot - {}
RESULT: {}
COMMAND: POST /session/c9b3453a2097c94c00e43fefe9121ac5/element - {"using":"xpath","value":"//bdi[contains(text(), \"Time Segment\")]"}
RESULT: {"using":"xpath","value":"//bdi[contains(text(), \"Time Segment\")]"}
COMMAND: GET /session/c9b3453a2097c94c00e43fefe9121ac5/element/f.95D136BDD403266D18DB82FBE1F0ED89.d.A9FE13069D9A6917C4A1EAAFBAC4D259.e.3191/rect - {}
RESULT: {}
COMMAND: GET /session/c9b3453a2097c94c00e43fefe9121ac5/window/rect - {}
RESULT: {}
COMMAND: POST /session/c9b3453a2097c94c00e43fefe9121ac5/execute/sync - {"script":"<script> [92 bytes]","args":[]}
RESULT: {"script":"<script> [92 bytes]","args":[]}
COMMAND: POST /session/c9b3453a2097c94c00e43fefe9121ac5/actions - {"actions":[{"id":"action5","type":"wheel","parameters":{},"actions":[{"type":"scroll","x":-1820,"y":-21,"deltaX":0,"deltaY":0,"duration":0,"origin":{"element-6066-11e4-a52e-4f735466cecf":"f.95D136BDD403266D18DB82FBE1F0ED89.d.A9FE13069D9A6917C4A1EAAFBAC4D259.e.3191"}}]}]}
COMMAND: GET /session/c9b3453a2097c94c00e43fefe9121ac5/screenshot - {}
RESULT: {}
COMMAND: POST /session/c9b3453a2097c94c00e43fefe9121ac5/execute/sync - {"script":"<script> [79 bytes]","args":[{"element-6066-11e4-a52e-4f735466cecf":"f.95D136BDD403266D18DB82FBE1F0ED89.d.A9FE13069D9A6917C4A1EAAFBAC4D259.e.3191","ELEMENT":"f.95D136BDD403266D18DB82FBE1F0ED89.d.A9FE13069D9A6917C4A1EAAFBAC4D259.e.3191"},{"block":"start","inline":"nearest"}]}
RESULT: {"script":"<script> [79 bytes]","args":[{"element-6066-11e4-a52e-4f735466cecf":"f.95D136BDD403266D18DB82FBE1F0ED89.d.A9FE13069D9A6917C4A1EAAFBAC4D259.e.3191","ELEMENT":"f.95D136BDD403266D18DB82FBE1F0ED89.d.A9FE13069D9A6917C4A1EAAFBAC4D259.e.3191"},{"block":"start","inline":"nearest"}]}
COMMAND: GET /session/c9b3453a2097c94c00e43fefe9121ac5/screenshot - {}
RESULT: {}
COMMAND: POST /session/c9b3453a2097c94c00e43fefe9121ac5/element - {"using":"xpath","value":"//span[@id=\"application-manageresources-display-component---newResourceUnit--btnAddTimeSegment-img\"]"}
RESULT: {"using":"xpath","value":"//span[@id=\"application-manageresources-display-component---newResourceUnit--btnAddTimeSegment-img\"]"}
COMMAND: POST /session/c9b3453a2097c94c00e43fefe9121ac5/execute/sync - {"script":"<script> [8489 bytes]","args":[{"element-6066-11e4-a52e-4f735466cecf":"f.95D136BDD403266D18DB82FBE1F0ED89.d.A9FE13069D9A6917C4A1EAAFBAC4D259.e.3194","ELEMENT":"f.95D136BDD403266D18DB82FBE1F0ED89.d.A9FE13069D9A6917C4A1EAAFBAC4D259.e.3194"}]}
RESULT: {"script":"<script> [8489 bytes]","args":[{"element-6066-11e4-a52e-4f735466cecf":"f.95D136BDD403266D18DB82FBE1F0ED89.d.A9FE13069D9A6917C4A1EAAFBAC4D259.e.3194","ELEMENT":"f.95D136BDD403266D18DB82FBE1F0ED89.d.A9FE13069D9A6917C4A1EAAFBAC4D259.e.3194"}]}
COMMAND: POST /session/c9b3453a2097c94c00e43fefe9121ac5/element/f.95D136BDD403266D18DB82FBE1F0ED89.d.A9FE13069D9A6917C4A1EAAFBAC4D259.e.3194/click - {}
COMMAND: GET /session/c9b3453a2097c94c00e43fefe9121ac5/screenshot - {}
RESULT: {}
COMMAND: GET /session/c9b3453a2097c94c00e43fefe9121ac5/screenshot - {}
COMMAND: POST /session/c9b3453a2097c94c00e43fefe9121ac5/element - {"using":"xpath","value":"//input[@id=\"application-manageresources-display-component---newResourceUnit--idRuTSAdmin-application-manageresources-display-component---newResourceUnit--RUTimeSegment-0-inner\"]"}
RESULT: {}
RESULT: {}
RESULT: {"using":"xpath","value":"//input[@id=\"application-manageresources-display-component---newResourceUnit--idRuTSAdmin-application-manageresources-display-component---newResourceUnit--RUTimeSegment-0-inner\"]"}
COMMAND: POST /session/c9b3453a2097c94c00e43fefe9121ac5/element/f.95D136BDD403266D18DB82FBE1F0ED89.d.A9FE13069D9A6917C4A1EAAFBAC4D259.e.3197/clear - {}
RESULT: {}
COMMAND: POST /session/c9b3453a2097c94c00e43fefe9121ac5/element/f.95D136BDD403266D18DB82FBE1F0ED89.d.A9FE13069D9A6917C4A1EAAFBAC4D259.e.3197/value - {"text":"WebdriverYardtrgti"}
COMMAND: GET /session/c9b3453a2097c94c00e43fefe9121ac5/screenshot - {}
RESULT: {"text":"WebdriverYardtrgti"}
COMMAND: GET /session/c9b3453a2097c94c00e43fefe9121ac5/screenshot - {}
RESULT: {}
RESULT: {}
COMMAND: POST /session/c9b3453a2097c94c00e43fefe9121ac5/actions - {"actions":[{"id":"action6","type":"key","parameters":{},"actions":[{"type":"keyDown","value":"î€‡"},{"type":"pause","duration":10},{"type":"keyUp","value":"î€‡"}]}]}
RESULT: {"actions":[{"id":"action6","type":"key","parameters":{},"actions":[{"type":"keyDown","value":"î€‡"},{"type":"pause","duration":10},{"type":"keyUp","value":"î€‡"}]}]}
COMMAND: GET /session/c9b3453a2097c94c00e43fefe9121ac5/screenshot - {}
RESULT: {}
COMMAND: POST /session/c9b3453a2097c94c00e43fefe9121ac5/execute/async - {"script":"<script> [1562 bytes]","args":[{"selector":{"controlType":"sap.m.Button","viewName":"reusables.view.manageresources.NewResourceUnit","viewId":"application-manageresources-display-component---newResourceUnit","i18NText":{"propertyName":"tooltip","key":"save"},"interaction":{"idSuffix":"BDI-content"}},"wdio_ui5_key":"reusablesview.manageresources.NewResourceUnitsap.m.Button{\"propertyName\":\"tooltip\",\"key\":\"save\"}"}]}
RESULT: {"script":"<script> [1562 bytes]","args":[{"selector":{"controlType":"sap.m.Button","viewName":"reusables.view.manageresources.NewResourceUnit","viewId":"application-manageresources-display-component---newResourceUnit","i18NText":{"propertyName":"tooltip","key":"save"},"interaction":{"idSuffix":"BDI-content"}},"wdio_ui5_key":"reusablesview.manageresources.NewResourceUnitsap.m.Button{\"propertyName\":\"tooltip\",\"key\":\"save\"}"}]}
RESULT: undefined
COMMAND: POST /session/c9b3453a2097c94c00e43fefe9121ac5/element - {"using":"xpath","value":"//*[@id=\"application-manageresources-display-component---newResourceUnit--createRuButton\"]"}
RESULT: {"using":"xpath","value":"//*[@id=\"application-manageresources-display-component---newResourceUnit--createRuButton\"]"}
COMMAND: POST /session/c9b3453a2097c94c00e43fefe9121ac5/element/f.95D136BDD403266D18DB82FBE1F0ED89.d.A9FE13069D9A6917C4A1EAAFBAC4D259.e.3123/click - {}
RESULT: {}
COMMAND: GET /session/c9b3453a2097c94c00e43fefe9121ac5/screenshot - {}
RESULT: {}
COMMAND: POST /session/c9b3453a2097c94c00e43fefe9121ac5/execute/async - {"script":"<script> [1562 bytes]","args":[{"selector":{"controlType":"sap.m.Title","properties":{"text":"Success"},"searchOpenDialogs":true},"wdio_ui5_key":"sapm.Title{\"text\":\"Success\"}"}]}
RESULT: {"script":"<script> [1562 bytes]","args":[{"selector":{"controlType":"sap.m.Title","properties":{"text":"Success"},"searchOpenDialogs":true},"wdio_ui5_key":"sapm.Title{\"text\":\"Success\"}"}]}
RESULT: undefined
COMMAND: POST /session/c9b3453a2097c94c00e43fefe9121ac5/execute/async - {"script":"<script> [6424 bytes]","args":[{"element-6066-11e4-a52e-4f735466cecf":"f.95D136BDD403266D18DB82FBE1F0ED89.d.A9FE13069D9A6917C4A1EAAFBAC4D259.e.3211"},"getText",[]]}
RESULT: {"script":"<script> [6424 bytes]","args":[{"element-6066-11e4-a52e-4f735466cecf":"f.95D136BDD403266D18DB82FBE1F0ED89.d.A9FE13069D9A6917C4A1EAAFBAC4D259.e.3211"},"getText",[]]}
COMMAND: POST /session/c9b3453a2097c94c00e43fefe9121ac5/element - {"using":"xpath","value":"//*[contains(@id, '__text') and (contains(text(), 'successfully created') or contains(., 'successfully created'))]"}
RESULT: {"using":"xpath","value":"//*[contains(@id, '__text') and (contains(text(), 'successfully created') or contains(., 'successfully created'))]"}
COMMAND: GET /session/c9b3453a2097c94c00e43fefe9121ac5/element/f.95D136BDD403266D18DB82FBE1F0ED89.d.A9FE13069D9A6917C4A1EAAFBAC4D259.e.3210/text - {}
RESULT: {}
COMMAND: POST /session/c9b3453a2097c94c00e43fefe9121ac5/execute/async - {"script":"<script> [1562 bytes]","args":[{"selector":{"controlType":"sap.m.Button","properties":{"text":"Close"},"searchOpenDialogs":true,"interaction":{"idSuffix":"BDI-content"}},"wdio_ui5_key":"sapm.Button{\"text\":\"Close\"}"}]}
RESULT: {"script":"<script> [1562 bytes]","args":[{"selector":{"controlType":"sap.m.Button","properties":{"text":"Close"},"searchOpenDialogs":true,"interaction":{"idSuffix":"BDI-content"}},"wdio_ui5_key":"sapm.Button{\"text\":\"Close\"}"}]}
RESULT: undefined
COMMAND: POST /session/c9b3453a2097c94c00e43fefe9121ac5/element - {"using":"xpath","value":"//*[@id=\"__mbox-btn-0\"]"}
RESULT: {"using":"xpath","value":"//*[@id=\"__mbox-btn-0\"]"}
COMMAND: POST /session/c9b3453a2097c94c00e43fefe9121ac5/element/f.95D136BDD403266D18DB82FBE1F0ED89.d.A9FE13069D9A6917C4A1EAAFBAC4D259.e.3208/click - {}
RESULT: {}
COMMAND: GET /session/c9b3453a2097c94c00e43fefe9121ac5/screenshot - {}
RESULT: {}
COMMAND: POST /session/c9b3453a2097c94c00e43fefe9121ac5/execute/async - {"script":"<script> [1562 bytes]","args":[{"selector":{"controlType":"sap.ui.core.Icon","viewName":"etm.portal.ui.manageresources.view.Detail","viewId":"application-manageresources-display-component---detailRU","properties":{"src":{"regex":{"source":"overflow"}}}},"wdio_ui5_key":"etmportal.ui.manageresources.view.Detailsap.ui.core.Icon{\"src\":{\"regex\":{\"source\":\"overflow\"}}}"}]}
RESULT: {"script":"<script> [1562 bytes]","args":[{"selector":{"controlType":"sap.ui.core.Icon","viewName":"etm.portal.ui.manageresources.view.Detail","viewId":"application-manageresources-display-component---detailRU","properties":{"src":{"regex":{"source":"overflow"}}}},"wdio_ui5_key":"etmportal.ui.manageresources.view.Detailsap.ui.core.Icon{\"src\":{\"regex\":{\"source\":\"overflow\"}}}"}]}
RESULT: undefined
COMMAND: POST /session/c9b3453a2097c94c00e43fefe9121ac5/element - {"using":"xpath","value":"//*[@id=\"__title31-_actionsToolbar-overflowButton-img\"]"}
RESULT: {"using":"xpath","value":"//*[@id=\"__title31-_actionsToolbar-overflowButton-img\"]"}
COMMAND: POST /session/c9b3453a2097c94c00e43fefe9121ac5/element/f.95D136BDD403266D18DB82FBE1F0ED89.d.A9FE13069D9A6917C4A1EAAFBAC4D259.e.3246/click - {}
RESULT: {}
COMMAND: POST /session/c9b3453a2097c94c00e43fefe9121ac5/execute/async - {"script":"<script> [1562 bytes]","args":[{"selector":{"controlType":"sap.m.Button","viewName":"etm.portal.ui.manageresources.view.Detail","viewId":"application-manageresources-display-component---detailRU","i18NText":{"propertyName":"tooltip","key":"closeColumn"},"searchOpenDialogs":true,"interaction":{"idSuffix":"inner"}},"wdio_ui5_key":"etmportal.ui.manageresources.view.Detailsap.m.Button{\"propertyName\":\"tooltip\",\"key\":\"closeColumn\"}"}]}
COMMAND: GET /session/c9b3453a2097c94c00e43fefe9121ac5/screenshot - {}
RESULT: {"script":"<script> [1562 bytes]","args":[{"selector":{"controlType":"sap.m.Button","viewName":"etm.portal.ui.manageresources.view.Detail","viewId":"application-manageresources-display-component---detailRU","i18NText":{"propertyName":"tooltip","key":"closeColumn"},"searchOpenDialogs":true,"interaction":{"idSuffix":"inner"}},"wdio_ui5_key":"etmportal.ui.manageresources.view.Detailsap.m.Button{\"propertyName\":\"tooltip\",\"key\":\"closeColumn\"}"}]}
RESULT: undefined
COMMAND: POST /session/c9b3453a2097c94c00e43fefe9121ac5/element - {"using":"xpath","value":"//*[@id=\"__button137\"]"}
RESULT: {}
RESULT: {"using":"xpath","value":"//*[@id=\"__button137\"]"}
COMMAND: POST /session/c9b3453a2097c94c00e43fefe9121ac5/element/f.95D136BDD403266D18DB82FBE1F0ED89.d.A9FE13069D9A6917C4A1EAAFBAC4D259.e.3248/click - {}
RESULT: {}
COMMAND: GET /session/c9b3453a2097c94c00e43fefe9121ac5/screenshot - {}
RESULT: {}
COMMAND: POST /session/c9b3453a2097c94c00e43fefe9121ac5/refresh - {}
RESULT: {}
COMMAND: GET /session/c9b3453a2097c94c00e43fefe9121ac5/screenshot - {}
RESULT: {}
COMMAND: POST /session/c9b3453a2097c94c00e43fefe9121ac5/execute/async - {"script":"<script> [189 bytes]","args":[]}
RESULT: {"script":"<script> [189 bytes]","args":[]}
COMMAND: POST /session/c9b3453a2097c94c00e43fefe9121ac5/execute/async - {"script":"<script> [123 bytes]","args":[]}
RESULT: {"script":"<script> [123 bytes]","args":[]}
COMMAND: POST /session/c9b3453a2097c94c00e43fefe9121ac5/timeouts - {"script":"<number>"}
RESULT: {"script":"<number>"}
COMMAND: GET /session/c9b3453a2097c94c00e43fefe9121ac5/timeouts - {}
RESULT: {}
RESULT: undefined
COMMAND: POST /session/c9b3453a2097c94c00e43fefe9121ac5/execute/async - {"script":"<script> [2676 bytes]","args":[]}
RESULT: {"script":"<script> [2676 bytes]","args":[]}
COMMAND: POST /session/c9b3453a2097c94c00e43fefe9121ac5/execute/async - {"script":"<script> [2342 bytes]","args":[{"protocol":"http","hostname":"0.0.0.0","path":"/","capabilities":{"browserName":"chrome","goog:chromeOptions":{"binary":"C:\\Program Files\\Google\\Chrome\\Application\\chrome.exe","args":["--start-maximized"]}},"logLevel":"warn","connectionRetryTimeout":120000,"connectionRetryCount":3,"logLevels":{},"enableDirectConnect":true,"strictSSL":true,"_":"65 more keys: [\"cacheDir\",\"port\",\"requestedCapabilities\",\"automationProtocol\",\"baseUrl\",\"waitforInterval\",\"waitforTimeout\",\"onReload\",\"beforeCommand\",\"afterCommand\",\"rootDir\",\"specs\",\"suites\",\"exclude\",\"groupLogsByTestSpec\",\"excludeDriverLogs\",\"bail\",\"framework\",\"reporters\",\"services\",\"maxInstances\",\"maxInstancesPerCapability\",\"injectGlobals\",\"filesToWatch\",\"execArgv\",\"runnerEnv\",\"runner\",\"shard\",\"specFileRetries\",\"specFileRetriesDelay\",\"specFileRetriesDeferred\",\"reporterSyncInterval\",\"reporterSyncTimeout\",\"cucumberFeaturesWithLineNumbers\",\"autoCompileOpts\",\"mochaOpts\",\"jasmineOpts\",\"cucumberOpts\",\"onPrepare\",\"onWorkerStart\",\"onWorkerEnd\",\"before\",\"beforeSession\",\"beforeSuite\",\"beforeHook\",\"beforeTest\",\"afterTest\",\"afterHook\",\"afterSuite\",\"afterSession\",\"after\",\"onComplete\",\"beforeAssertion\",\"afterAssertion\",\"beforeFeature\",\"beforeScenario\",\"beforeStep\",\"afterStep\",\"afterScenario\",\"afterFeature\",\"_\",\"suite\",\"$0\",\"ignoredWorkerServices\",\"wdi5\"]"}]}
RESULT: {"script":"<script> [2342 bytes]","args":[{"protocol":"http","hostname":"0.0.0.0","path":"/","capabilities":{"browserName":"chrome","goog:chromeOptions":{"binary":"C:\\Program Files\\Google\\Chrome\\Application\\chrome.exe","args":["--start-maximized"]}},"logLevel":"warn","connectionRetryTimeout":120000,"connectionRetryCount":3,"logLevels":{},"enableDirectConnect":true,"strictSSL":true,"_":"65 more keys: [\"cacheDir\",\"port\",\"requestedCapabilities\",\"automationProtocol\",\"baseUrl\",\"waitforInterval\",\"waitforTimeout\",\"onReload\",\"beforeCommand\",\"afterCommand\",\"rootDir\",\"specs\",\"suites\",\"exclude\",\"groupLogsByTestSpec\",\"excludeDriverLogs\",\"bail\",\"framework\",\"reporters\",\"services\",\"maxInstances\",\"maxInstancesPerCapability\",\"injectGlobals\",\"filesToWatch\",\"execArgv\",\"runnerEnv\",\"runner\",\"shard\",\"specFileRetries\",\"specFileRetriesDelay\",\"specFileRetriesDeferred\",\"reporterSyncInterval\",\"reporterSyncTimeout\",\"cucumberFeaturesWithLineNumbers\",\"autoCompileOpts\",\"mochaOpts\",\"jasmineOpts\",\"cucumberOpts\",\"onPrepare\",\"onWorkerStart\",\"onWorkerEnd\",\"before\",\"beforeSession\",\"beforeSuite\",\"beforeHook\",\"beforeTest\",\"afterTest\",\"afterHook\",\"afterSuite\",\"afterSession\",\"after\",\"onComplete\",\"beforeAssertion\",\"afterAssertion\",\"beforeFeature\",\"beforeScenario\",\"beforeStep\",\"afterStep\",\"afterScenario\",\"afterFeature\",\"_\",\"suite\",\"$0\",\"ignoredWorkerServices\",\"wdi5\"]"}]}
COMMAND: POST /session/c9b3453a2097c94c00e43fefe9121ac5/execute/async - {"script":"<script> [21126 bytes]","args":[35000]}
RESULT: {"script":"<script> [21126 bytes]","args":[35000]}
COMMAND: POST /session/c9b3453a2097c94c00e43fefe9121ac5/element - {"using":"css selector","value":"#shell-header-logo"}
RESULT: {"using":"css selector","value":"#shell-header-logo"}
COMMAND: POST /session/c9b3453a2097c94c00e43fefe9121ac5/element/f.95D136BDD403266D18DB82FBE1F0ED89.d.5F6044EBBFB4A34251CCE406AB85F4AC.e.3349/click - {}
RESULT: {}
COMMAND: GET /session/c9b3453a2097c94c00e43fefe9121ac5/screenshot - {}
RESULT: {}
COMMAND: POST /session/c9b3453a2097c94c00e43fefe9121ac5/execute/async - {"script":"<script> [1562 bytes]","args":[{"selector":{"controlType":"sap.m.GenericTile","properties":{"header":"Manage Resources"}},"wdio_ui5_key":"sapm.GenericTile{\"header\":\"Manage Resources\"}"}]}
RESULT: {"script":"<script> [1562 bytes]","args":[{"selector":{"controlType":"sap.m.GenericTile","properties":{"header":"Manage Resources"}},"wdio_ui5_key":"sapm.GenericTile{\"header\":\"Manage Resources\"}"}]}
RESULT: undefined
COMMAND: POST /session/c9b3453a2097c94c00e43fefe9121ac5/element - {"using":"xpath","value":"//*[@id=\"__tile39\"]"}
RESULT: {"using":"xpath","value":"//*[@id=\"__tile39\"]"}
COMMAND: POST /session/c9b3453a2097c94c00e43fefe9121ac5/element/f.95D136BDD403266D18DB82FBE1F0ED89.d.5F6044EBBFB4A34251CCE406AB85F4AC.e.3535/click - {}
RESULT: {}
COMMAND: GET /session/c9b3453a2097c94c00e43fefe9121ac5/screenshot - {}
RESULT: {}
COMMAND: POST /session/c9b3453a2097c94c00e43fefe9121ac5/elements - {"using":"xpath","value":"//span[text()='Error']"}
RESULT: {"using":"xpath","value":"//span[text()='Error']"}
COMMAND: POST /session/c9b3453a2097c94c00e43fefe9121ac5/element - {"using":"xpath","value":"//button[@data-kt=\"addNewRUOverflowToolbarButton\"]"}
RESULT: {"using":"xpath","value":"//button[@data-kt=\"addNewRUOverflowToolbarButton\"]"}
COMMAND: POST /session/c9b3453a2097c94c00e43fefe9121ac5/execute/sync - {"script":"<script> [8489 bytes]","args":[{"element-6066-11e4-a52e-4f735466cecf":"f.95D136BDD403266D18DB82FBE1F0ED89.d.5F6044EBBFB4A34251CCE406AB85F4AC.e.3577","ELEMENT":"f.95D136BDD403266D18DB82FBE1F0ED89.d.5F6044EBBFB4A34251CCE406AB85F4AC.e.3577"}]}
RESULT: {"script":"<script> [8489 bytes]","args":[{"element-6066-11e4-a52e-4f735466cecf":"f.95D136BDD403266D18DB82FBE1F0ED89.d.5F6044EBBFB4A34251CCE406AB85F4AC.e.3577","ELEMENT":"f.95D136BDD403266D18DB82FBE1F0ED89.d.5F6044EBBFB4A34251CCE406AB85F4AC.e.3577"}]}
COMMAND: POST /session/c9b3453a2097c94c00e43fefe9121ac5/element/f.95D136BDD403266D18DB82FBE1F0ED89.d.5F6044EBBFB4A34251CCE406AB85F4AC.e.3577/click - {}
COMMAND: GET /session/c9b3453a2097c94c00e43fefe9121ac5/screenshot - {}
RESULT: {}
COMMAND: GET /session/c9b3453a2097c94c00e43fefe9121ac5/screenshot - {}
COMMAND: POST /session/c9b3453a2097c94c00e43fefe9121ac5/execute/async - {"script":"<script> [1562 bytes]","args":[{"selector":{"id":"application-manageresources-display-component---newResourceUnit--TYPE-arrow"},"wdio_ui5_key":"applicationmanageresources-display-component---newResourceUnit--TYPE-arrow"}]}
RESULT: {}
RESULT: {}
RESULT: {"script":"<script> [1562 bytes]","args":[{"selector":{"id":"application-manageresources-display-component---newResourceUnit--TYPE-arrow"},"wdio_ui5_key":"applicationmanageresources-display-component---newResourceUnit--TYPE-arrow"}]}
RESULT: undefined
COMMAND: POST /session/c9b3453a2097c94c00e43fefe9121ac5/element - {"using":"xpath","value":"//*[@id=\"application-manageresources-display-component---newResourceUnit--TYPE-arrow\"]"}
RESULT: {"using":"xpath","value":"//*[@id=\"application-manageresources-display-component---newResourceUnit--TYPE-arrow\"]"}
COMMAND: POST /session/c9b3453a2097c94c00e43fefe9121ac5/element/f.95D136BDD403266D18DB82FBE1F0ED89.d.5F6044EBBFB4A34251CCE406AB85F4AC.e.3894/click - {}
RESULT: {}
COMMAND: POST /session/c9b3453a2097c94c00e43fefe9121ac5/execute/async - {"script":"<script> [1562 bytes]","args":[{"selector":{"controlType":"sap.m.StandardListItem","viewName":"reusables.view.manageresources.NewResourceUnit","viewId":"application-manageresources-display-component---newResourceUnit","properties":{"title":"Equipment"},"searchOpenDialogs":true,"interaction":{"idSuffix":"content"}},"wdio_ui5_key":"reusablesview.manageresources.NewResourceUnitsap.m.StandardListItem{\"title\":\"Equipment\"}"}]}
COMMAND: GET /session/c9b3453a2097c94c00e43fefe9121ac5/screenshot - {}
RESULT: {"script":"<script> [1562 bytes]","args":[{"selector":{"controlType":"sap.m.StandardListItem","viewName":"reusables.view.manageresources.NewResourceUnit","viewId":"application-manageresources-display-component---newResourceUnit","properties":{"title":"Equipment"},"searchOpenDialogs":true,"interaction":{"idSuffix":"content"}},"wdio_ui5_key":"reusablesview.manageresources.NewResourceUnitsap.m.StandardListItem{\"title\":\"Equipment\"}"}]}
RESULT: undefined
COMMAND: POST /session/c9b3453a2097c94c00e43fefe9121ac5/element - {"using":"xpath","value":"//*[@id=\"__item180\"]"}
RESULT: {}
RESULT: {"using":"xpath","value":"//*[@id=\"__item180\"]"}
COMMAND: POST /session/c9b3453a2097c94c00e43fefe9121ac5/element/f.95D136BDD403266D18DB82FBE1F0ED89.d.5F6044EBBFB4A34251CCE406AB85F4AC.e.3897/click - {}
RESULT: {}
COMMAND: POST /session/c9b3453a2097c94c00e43fefe9121ac5/execute/async - {"script":"<script> [1562 bytes]","args":[{"selector":{"id":"application-manageresources-display-component---newResourceUnit--resourceId","interaction":{"idSuffix":"inner"}},"wdio_ui5_key":"applicationmanageresources-display-component---newResourceUnit--resourceId"}]}
COMMAND: GET /session/c9b3453a2097c94c00e43fefe9121ac5/screenshot - {}
RESULT: {"script":"<script> [1562 bytes]","args":[{"selector":{"id":"application-manageresources-display-component---newResourceUnit--resourceId","interaction":{"idSuffix":"inner"}},"wdio_ui5_key":"applicationmanageresources-display-component---newResourceUnit--resourceId"}]}
RESULT: undefined
COMMAND: POST /session/c9b3453a2097c94c00e43fefe9121ac5/execute/async - {"script":"<script> [776 bytes]","args":[{"enterText":"WdIOR2cEquipm4hho","selector":{"id":"application-manageresources-display-component---newResourceUnit--resourceId","interaction":{"idSuffix":"inner"}},"clearTextFirst":true,"interactionType":"ENTER_TEXT"}]}
RESULT: {}
RESULT: {"script":"<script> [776 bytes]","args":[{"enterText":"WdIOR2cEquipm4hho","selector":{"id":"application-manageresources-display-component---newResourceUnit--resourceId","interaction":{"idSuffix":"inner"}},"clearTextFirst":true,"interactionType":"ENTER_TEXT"}]}
COMMAND: POST /session/c9b3453a2097c94c00e43fefe9121ac5/execute/async - {"script":"<script> [1562 bytes]","args":[{"selector":{"id":"application-manageresources-display-component---newResourceUnit--SHORT_TEXT","interaction":{"idSuffix":"inner"}},"wdio_ui5_key":"applicationmanageresources-display-component---newResourceUnit--SHORT_TEXT"}]}
RESULT: {"script":"<script> [1562 bytes]","args":[{"selector":{"id":"application-manageresources-display-component---newResourceUnit--SHORT_TEXT","interaction":{"idSuffix":"inner"}},"wdio_ui5_key":"applicationmanageresources-display-component---newResourceUnit--SHORT_TEXT"}]}
RESULT: undefined
COMMAND: POST /session/c9b3453a2097c94c00e43fefe9121ac5/execute/async - {"script":"<script> [776 bytes]","args":[{"enterText":"WdIOR2cEquipm4hho","selector":{"id":"application-manageresources-display-component---newResourceUnit--SHORT_TEXT","interaction":{"idSuffix":"inner"}},"clearTextFirst":true,"interactionType":"ENTER_TEXT"}]}
RESULT: {"script":"<script> [776 bytes]","args":[{"enterText":"WdIOR2cEquipm4hho","selector":{"id":"application-manageresources-display-component---newResourceUnit--SHORT_TEXT","interaction":{"idSuffix":"inner"}},"clearTextFirst":true,"interactionType":"ENTER_TEXT"}]}
COMMAND: POST /session/c9b3453a2097c94c00e43fefe9121ac5/execute/async - {"script":"<script> [1562 bytes]","args":[{"selector":{"id":"application-manageresources-display-component---newResourceUnit--BASE_UNIT_OF_MEASURE","interaction":{"idSuffix":"inner"}},"wdio_ui5_key":"applicationmanageresources-display-component---newResourceUnit--BASE_UNIT_OF_MEASURE"}]}
RESULT: {"script":"<script> [1562 bytes]","args":[{"selector":{"id":"application-manageresources-display-component---newResourceUnit--BASE_UNIT_OF_MEASURE","interaction":{"idSuffix":"inner"}},"wdio_ui5_key":"applicationmanageresources-display-component---newResourceUnit--BASE_UNIT_OF_MEASURE"}]}
RESULT: undefined
COMMAND: POST /session/c9b3453a2097c94c00e43fefe9121ac5/execute/async - {"script":"<script> [776 bytes]","args":[{"enterText":"Piece","selector":{"id":"application-manageresources-display-component---newResourceUnit--BASE_UNIT_OF_MEASURE","interaction":{"idSuffix":"inner"}},"clearTextFirst":true,"interactionType":"ENTER_TEXT"}]}
RESULT: {"script":"<script> [776 bytes]","args":[{"enterText":"Piece","selector":{"id":"application-manageresources-display-component---newResourceUnit--BASE_UNIT_OF_MEASURE","interaction":{"idSuffix":"inner"}},"clearTextFirst":true,"interactionType":"ENTER_TEXT"}]}
COMMAND: POST /session/c9b3453a2097c94c00e43fefe9121ac5/execute/async - {"script":"<script> [1562 bytes]","args":[{"selector":{"id":"application-manageresources-display-component---newResourceUnit--WEIGHT_UNIT","interaction":{"idSuffix":"inner"}},"wdio_ui5_key":"applicationmanageresources-display-component---newResourceUnit--WEIGHT_UNIT"}]}
RESULT: {"script":"<script> [1562 bytes]","args":[{"selector":{"id":"application-manageresources-display-component---newResourceUnit--WEIGHT_UNIT","interaction":{"idSuffix":"inner"}},"wdio_ui5_key":"applicationmanageresources-display-component---newResourceUnit--WEIGHT_UNIT"}]}
RESULT: undefined
COMMAND: POST /session/c9b3453a2097c94c00e43fefe9121ac5/execute/async - {"script":"<script> [776 bytes]","args":[{"enterText":"Gram","selector":{"id":"application-manageresources-display-component---newResourceUnit--WEIGHT_UNIT","interaction":{"idSuffix":"inner"}},"clearTextFirst":true,"interactionType":"ENTER_TEXT"}]}
RESULT: {"script":"<script> [776 bytes]","args":[{"enterText":"Gram","selector":{"id":"application-manageresources-display-component---newResourceUnit--WEIGHT_UNIT","interaction":{"idSuffix":"inner"}},"clearTextFirst":true,"interactionType":"ENTER_TEXT"}]}
COMMAND: POST /session/c9b3453a2097c94c00e43fefe9121ac5/execute/async - {"script":"<script> [1562 bytes]","args":[{"selector":{"id":"application-manageresources-display-component---newResourceUnit--newRRUPage-OPHeaderContent-collapseBtn-img"},"wdio_ui5_key":"applicationmanageresources-display-component---newResourceUnit--newRRUPage-OPHeaderContent-collapseBtn-img"}]}
RESULT: {"script":"<script> [1562 bytes]","args":[{"selector":{"id":"application-manageresources-display-component---newResourceUnit--newRRUPage-OPHeaderContent-collapseBtn-img"},"wdio_ui5_key":"applicationmanageresources-display-component---newResourceUnit--newRRUPage-OPHeaderContent-collapseBtn-img"}]}
RESULT: undefined
COMMAND: POST /session/c9b3453a2097c94c00e43fefe9121ac5/element - {"using":"xpath","value":"//*[@id=\"application-manageresources-display-component---newResourceUnit--newRRUPage-OPHeaderContent-collapseBtn-img\"]"}
RESULT: {"using":"xpath","value":"//*[@id=\"application-manageresources-display-component---newResourceUnit--newRRUPage-OPHeaderContent-collapseBtn-img\"]"}
COMMAND: POST /session/c9b3453a2097c94c00e43fefe9121ac5/element/f.95D136BDD403266D18DB82FBE1F0ED89.d.5F6044EBBFB4A34251CCE406AB85F4AC.e.3905/click - {}
RESULT: {}
COMMAND: GET /session/c9b3453a2097c94c00e43fefe9121ac5/screenshot - {}
RESULT: {}
COMMAND: POST /session/c9b3453a2097c94c00e43fefe9121ac5/element - {"using":"xpath","value":"(//span[contains(@id ,\"application-manageresources-display-component---newResourceUnit--DIMENSION_UNIT-arrow\")])[1]"}
RESULT: {"using":"xpath","value":"(//span[contains(@id ,\"application-manageresources-display-component---newResourceUnit--DIMENSION_UNIT-arrow\")])[1]"}
COMMAND: POST /session/c9b3453a2097c94c00e43fefe9121ac5/element/f.95D136BDD403266D18DB82FBE1F0ED89.d.5F6044EBBFB4A34251CCE406AB85F4AC.e.4029/click - {}
RESULT: {}
COMMAND: GET /session/c9b3453a2097c94c00e43fefe9121ac5/screenshot - {}
RESULT: {}
COMMAND: POST /session/c9b3453a2097c94c00e43fefe9121ac5/execute/async - {"script":"<script> [1562 bytes]","args":[{"selector":{"controlType":"sap.m.StandardListItem","viewName":"reusables.view.manageresources.NewResourceUnit","viewId":"application-manageresources-display-component---newResourceUnit","properties":{"title":"Centimeter"},"searchOpenDialogs":true,"interaction":{"idSuffix":"titleText"}},"wdio_ui5_key":"reusablesview.manageresources.NewResourceUnitsap.m.StandardListItem{\"title\":\"Centimeter\"}"}]}
RESULT: {"script":"<script> [1562 bytes]","args":[{"selector":{"controlType":"sap.m.StandardListItem","viewName":"reusables.view.manageresources.NewResourceUnit","viewId":"application-manageresources-display-component---newResourceUnit","properties":{"title":"Centimeter"},"searchOpenDialogs":true,"interaction":{"idSuffix":"titleText"}},"wdio_ui5_key":"reusablesview.manageresources.NewResourceUnitsap.m.StandardListItem{\"title\":\"Centimeter\"}"}]}
RESULT: undefined
COMMAND: POST /session/c9b3453a2097c94c00e43fefe9121ac5/element - {"using":"xpath","value":"//*[@id=\"__item221\"]"}
RESULT: {"using":"xpath","value":"//*[@id=\"__item221\"]"}
COMMAND: POST /session/c9b3453a2097c94c00e43fefe9121ac5/element/f.95D136BDD403266D18DB82FBE1F0ED89.d.5F6044EBBFB4A34251CCE406AB85F4AC.e.4031/click - {}
RESULT: {}
COMMAND: GET /session/c9b3453a2097c94c00e43fefe9121ac5/screenshot - {}
RESULT: {}
COMMAND: POST /session/c9b3453a2097c94c00e43fefe9121ac5/execute/async - {"script":"<script> [1562 bytes]","args":[{"selector":{"id":"application-manageresources-display-component---newResourceUnit--newRRUPage-anchBar-application-manageresources-display-component---newResourceUnit--control-anchor","interaction":{"idSuffix":"BDI-content"}},"wdio_ui5_key":"applicationmanageresources-display-component---newResourceUnit--newRRUPage-anchBar-application-manageresources-display-component---newResourceUnit--control-anchor"}]}
RESULT: {"script":"<script> [1562 bytes]","args":[{"selector":{"id":"application-manageresources-display-component---newResourceUnit--newRRUPage-anchBar-application-manageresources-display-component---newResourceUnit--control-anchor","interaction":{"idSuffix":"BDI-content"}},"wdio_ui5_key":"applicationmanageresources-display-component---newResourceUnit--newRRUPage-anchBar-application-manageresources-display-component---newResourceUnit--control-anchor"}]}
RESULT: undefined
COMMAND: POST /session/c9b3453a2097c94c00e43fefe9121ac5/element - {"using":"xpath","value":"//*[@id=\"application-manageresources-display-component---newResourceUnit--newRRUPage-anchBar-application-manageresources-display-component---newResourceUnit--control-anchor\"]"}
RESULT: {"using":"xpath","value":"//*[@id=\"application-manageresources-display-component---newResourceUnit--newRRUPage-anchBar-application-manageresources-display-component---newResourceUnit--control-anchor\"]"}
COMMAND: POST /session/c9b3453a2097c94c00e43fefe9121ac5/element/f.95D136BDD403266D18DB82FBE1F0ED89.d.5F6044EBBFB4A34251CCE406AB85F4AC.e.4033/click - {}
RESULT: {}
COMMAND: POST /session/c9b3453a2097c94c00e43fefe9121ac5/execute/async - {"script":"<script> [1562 bytes]","args":[{"selector":{"id":"application-manageresources-display-component---newResourceUnit--PLANNING_GROUP","interaction":{"idSuffix":"inner"}},"wdio_ui5_key":"applicationmanageresources-display-component---newResourceUnit--PLANNING_GROUP"}]}
COMMAND: GET /session/c9b3453a2097c94c00e43fefe9121ac5/screenshot - {}
RESULT: {"script":"<script> [1562 bytes]","args":[{"selector":{"id":"application-manageresources-display-component---newResourceUnit--PLANNING_GROUP","interaction":{"idSuffix":"inner"}},"wdio_ui5_key":"applicationmanageresources-display-component---newResourceUnit--PLANNING_GROUP"}]}
RESULT: undefined
COMMAND: POST /session/c9b3453a2097c94c00e43fefe9121ac5/execute/async - {"script":"<script> [776 bytes]","args":[{"enterText":"Heavy Equi","selector":{"id":"application-manageresources-display-component---newResourceUnit--PLANNING_GROUP","interaction":{"idSuffix":"inner"}},"clearTextFirst":true,"interactionType":"ENTER_TEXT"}]}
RESULT: {}
RESULT: {"script":"<script> [776 bytes]","args":[{"enterText":"Heavy Equi","selector":{"id":"application-manageresources-display-component---newResourceUnit--PLANNING_GROUP","interaction":{"idSuffix":"inner"}},"clearTextFirst":true,"interactionType":"ENTER_TEXT"}]}
COMMAND: POST /session/c9b3453a2097c94c00e43fefe9121ac5/execute/async - {"script":"<script> [1562 bytes]","args":[{"selector":{"id":"application-manageresources-display-component---newResourceUnit--ITEM_TYPE-arrow"},"wdio_ui5_key":"applicationmanageresources-display-component---newResourceUnit--ITEM_TYPE-arrow"}]}
RESULT: {"script":"<script> [1562 bytes]","args":[{"selector":{"id":"application-manageresources-display-component---newResourceUnit--ITEM_TYPE-arrow"},"wdio_ui5_key":"applicationmanageresources-display-component---newResourceUnit--ITEM_TYPE-arrow"}]}
RESULT: undefined
COMMAND: POST /session/c9b3453a2097c94c00e43fefe9121ac5/element - {"using":"xpath","value":"//*[@id=\"application-manageresources-display-component---newResourceUnit--ITEM_TYPE-arrow\"]"}
RESULT: {"using":"xpath","value":"//*[@id=\"application-manageresources-display-component---newResourceUnit--ITEM_TYPE-arrow\"]"}
COMMAND: POST /session/c9b3453a2097c94c00e43fefe9121ac5/element/f.95D136BDD403266D18DB82FBE1F0ED89.d.5F6044EBBFB4A34251CCE406AB85F4AC.e.4038/click - {}
RESULT: {}
COMMAND: POST /session/c9b3453a2097c94c00e43fefe9121ac5/execute/async - {"script":"<script> [1562 bytes]","args":[{"selector":{"controlType":"sap.m.StandardListItem","viewName":"reusables.view.manageresources.NewResourceUnit","viewId":"application-manageresources-display-component---newResourceUnit","properties":{"title":"Resource Unit"},"searchOpenDialogs":true,"interaction":{"idSuffix":"titleText"}},"wdio_ui5_key":"reusablesview.manageresources.NewResourceUnitsap.m.StandardListItem{\"title\":\"Resource Unit\"}"}]}
COMMAND: GET /session/c9b3453a2097c94c00e43fefe9121ac5/screenshot - {}
RESULT: {"script":"<script> [1562 bytes]","args":[{"selector":{"controlType":"sap.m.StandardListItem","viewName":"reusables.view.manageresources.NewResourceUnit","viewId":"application-manageresources-display-component---newResourceUnit","properties":{"title":"Resource Unit"},"searchOpenDialogs":true,"interaction":{"idSuffix":"titleText"}},"wdio_ui5_key":"reusablesview.manageresources.NewResourceUnitsap.m.StandardListItem{\"title\":\"Resource Unit\"}"}]}
RESULT: undefined
COMMAND: POST /session/c9b3453a2097c94c00e43fefe9121ac5/element - {"using":"xpath","value":"//*[@id=\"__item243\"]"}
RESULT: {}
RESULT: {"using":"xpath","value":"//*[@id=\"__item243\"]"}
COMMAND: POST /session/c9b3453a2097c94c00e43fefe9121ac5/element/f.95D136BDD403266D18DB82FBE1F0ED89.d.5F6044EBBFB4A34251CCE406AB85F4AC.e.4040/click - {}
RESULT: {}
COMMAND: POST /session/c9b3453a2097c94c00e43fefe9121ac5/element - {"using":"xpath","value":"//bdi[contains(text(), \"Time Segment\")]"}
COMMAND: GET /session/c9b3453a2097c94c00e43fefe9121ac5/screenshot - {}
RESULT: {"using":"xpath","value":"//bdi[contains(text(), \"Time Segment\")]"}
COMMAND: GET /session/c9b3453a2097c94c00e43fefe9121ac5/element/f.95D136BDD403266D18DB82FBE1F0ED89.d.5F6044EBBFB4A34251CCE406AB85F4AC.e.4041/rect - {}
RESULT: {}
RESULT: {}
COMMAND: GET /session/c9b3453a2097c94c00e43fefe9121ac5/window/rect - {}
RESULT: {}
COMMAND: POST /session/c9b3453a2097c94c00e43fefe9121ac5/execute/sync - {"script":"<script> [92 bytes]","args":[]}
RESULT: {"script":"<script> [92 bytes]","args":[]}
COMMAND: POST /session/c9b3453a2097c94c00e43fefe9121ac5/actions - {"actions":[{"id":"action7","type":"wheel","parameters":{},"actions":[{"type":"scroll","x":-1820,"y":-21,"deltaX":0,"deltaY":0,"duration":0,"origin":{"element-6066-11e4-a52e-4f735466cecf":"f.95D136BDD403266D18DB82FBE1F0ED89.d.5F6044EBBFB4A34251CCE406AB85F4AC.e.4041"}}]}]}
COMMAND: GET /session/c9b3453a2097c94c00e43fefe9121ac5/screenshot - {}
RESULT: {}
COMMAND: POST /session/c9b3453a2097c94c00e43fefe9121ac5/execute/sync - {"script":"<script> [79 bytes]","args":[{"element-6066-11e4-a52e-4f735466cecf":"f.95D136BDD403266D18DB82FBE1F0ED89.d.5F6044EBBFB4A34251CCE406AB85F4AC.e.4041","ELEMENT":"f.95D136BDD403266D18DB82FBE1F0ED89.d.5F6044EBBFB4A34251CCE406AB85F4AC.e.4041"},{"block":"start","inline":"nearest"}]}
RESULT: {"script":"<script> [79 bytes]","args":[{"element-6066-11e4-a52e-4f735466cecf":"f.95D136BDD403266D18DB82FBE1F0ED89.d.5F6044EBBFB4A34251CCE406AB85F4AC.e.4041","ELEMENT":"f.95D136BDD403266D18DB82FBE1F0ED89.d.5F6044EBBFB4A34251CCE406AB85F4AC.e.4041"},{"block":"start","inline":"nearest"}]}
COMMAND: POST /session/c9b3453a2097c94c00e43fefe9121ac5/execute/async - {"script":"<script> [1562 bytes]","args":[{"selector":{"id":"application-manageresources-display-component---newResourceUnit--btnAddTimeSegment-img"},"wdio_ui5_key":"applicationmanageresources-display-component---newResourceUnit--btnAddTimeSegment-img"}]}
COMMAND: GET /session/c9b3453a2097c94c00e43fefe9121ac5/screenshot - {}
RESULT: {"script":"<script> [1562 bytes]","args":[{"selector":{"id":"application-manageresources-display-component---newResourceUnit--btnAddTimeSegment-img"},"wdio_ui5_key":"applicationmanageresources-display-component---newResourceUnit--btnAddTimeSegment-img"}]}
RESULT: undefined
COMMAND: POST /session/c9b3453a2097c94c00e43fefe9121ac5/element - {"using":"xpath","value":"//*[@id=\"application-manageresources-display-component---newResourceUnit--btnAddTimeSegment-img\"]"}
RESULT: {}
RESULT: {"using":"xpath","value":"//*[@id=\"application-manageresources-display-component---newResourceUnit--btnAddTimeSegment-img\"]"}
COMMAND: POST /session/c9b3453a2097c94c00e43fefe9121ac5/element/f.95D136BDD403266D18DB82FBE1F0ED89.d.5F6044EBBFB4A34251CCE406AB85F4AC.e.4042/click - {}
RESULT: {}
COMMAND: GET /session/c9b3453a2097c94c00e43fefe9121ac5/screenshot - {}
RESULT: {}
COMMAND: POST /session/c9b3453a2097c94c00e43fefe9121ac5/element - {"using":"xpath","value":"//input[@id=\"application-manageresources-display-component---newResourceUnit--idRuTSAdmin-application-manageresources-display-component---newResourceUnit--RUTimeSegment-0-inner\"]"}
RESULT: {"using":"xpath","value":"//input[@id=\"application-manageresources-display-component---newResourceUnit--idRuTSAdmin-application-manageresources-display-component---newResourceUnit--RUTimeSegment-0-inner\"]"}
COMMAND: POST /session/c9b3453a2097c94c00e43fefe9121ac5/element/f.95D136BDD403266D18DB82FBE1F0ED89.d.5F6044EBBFB4A34251CCE406AB85F4AC.e.4048/clear - {}
RESULT: {}
COMMAND: POST /session/c9b3453a2097c94c00e43fefe9121ac5/element/f.95D136BDD403266D18DB82FBE1F0ED89.d.5F6044EBBFB4A34251CCE406AB85F4AC.e.4048/value - {"text":"WebdriverYardtrgti"}
COMMAND: GET /session/c9b3453a2097c94c00e43fefe9121ac5/screenshot - {}
RESULT: {"text":"WebdriverYardtrgti"}
COMMAND: GET /session/c9b3453a2097c94c00e43fefe9121ac5/screenshot - {}
RESULT: {}
RESULT: {}
COMMAND: POST /session/c9b3453a2097c94c00e43fefe9121ac5/actions - {"actions":[{"id":"action8","type":"key","parameters":{},"actions":[{"type":"keyDown","value":"î€‡"},{"type":"pause","duration":10},{"type":"keyUp","value":"î€‡"}]}]}
RESULT: {"actions":[{"id":"action8","type":"key","parameters":{},"actions":[{"type":"keyDown","value":"î€‡"},{"type":"pause","duration":10},{"type":"keyUp","value":"î€‡"}]}]}
COMMAND: POST /session/c9b3453a2097c94c00e43fefe9121ac5/execute/async - {"script":"<script> [1562 bytes]","args":[{"selector":{"controlType":"sap.ui.core.Icon","viewName":"reusables.view.manageresources.NewResourceUnit","viewId":"application-manageresources-display-component---newResourceUnit","properties":{"src":{"regex":{"source":"slim\\-arrow\\-down"}}},"ancestor":{"controlType":"sap.m.ComboBox","viewName":"reusables.view.manageresources.NewResourceUnit","viewId":"application-manageresources-display-component---newResourceUnit","bindingPath":{"path":"/RESOURCE_UNIT_TIME_SEQUENCES/0","propertyPath":"COST_OBJECT_ADMIN_CST_TYPE","modelName":"oNewRruModel"}}},"wdio_ui5_key":"reusablesview.manageresources.NewResourceUnitsap.ui.core.Icon{\"src\":{\"regex\":{\"source\":\"slim\\\\-arrow\\\\-down\"}}}{\"controlType\":\"sap.m.ComboBox\",\"viewName\":\"reusables.view.manageresources.NewResourceUnit\",\"viewId\":\"application-manageresources-display-component---newResourceUnit\",\"bindingPath\":{\"path\":\"/RESOURCE_UNIT_TIME_SEQUENCES/0\",\"propertyPath\":\"COST_OBJECT_ADMIN_CST_TYPE\",\"modelName\":\"oNewRruModel\"}}"}]}
COMMAND: GET /session/c9b3453a2097c94c00e43fefe9121ac5/screenshot - {}
RESULT: {"script":"<script> [1562 bytes]","args":[{"selector":{"controlType":"sap.ui.core.Icon","viewName":"reusables.view.manageresources.NewResourceUnit","viewId":"application-manageresources-display-component---newResourceUnit","properties":{"src":{"regex":{"source":"slim\\-arrow\\-down"}}},"ancestor":{"controlType":"sap.m.ComboBox","viewName":"reusables.view.manageresources.NewResourceUnit","viewId":"application-manageresources-display-component---newResourceUnit","bindingPath":{"path":"/RESOURCE_UNIT_TIME_SEQUENCES/0","propertyPath":"COST_OBJECT_ADMIN_CST_TYPE","modelName":"oNewRruModel"}}},"wdio_ui5_key":"reusablesview.manageresources.NewResourceUnitsap.ui.core.Icon{\"src\":{\"regex\":{\"source\":\"slim\\\\-arrow\\\\-down\"}}}{\"controlType\":\"sap.m.ComboBox\",\"viewName\":\"reusables.view.manageresources.NewResourceUnit\",\"viewId\":\"application-manageresources-display-component---newResourceUnit\",\"bindingPath\":{\"path\":\"/RESOURCE_UNIT_TIME_SEQUENCES/0\",\"propertyPath\":\"COST_OBJECT_ADMIN_CST_TYPE\",\"modelName\":\"oNewRruModel\"}}"}]}
RESULT: undefined
COMMAND: POST /session/c9b3453a2097c94c00e43fefe9121ac5/element - {"using":"xpath","value":"//*[@id=\"__box7-application-manageresources-display-component---newResourceUnit--RUTimeSegment-0-arrow\"]"}
RESULT: {}
RESULT: {"using":"xpath","value":"//*[@id=\"__box7-application-manageresources-display-component---newResourceUnit--RUTimeSegment-0-arrow\"]"}
COMMAND: POST /session/c9b3453a2097c94c00e43fefe9121ac5/element/f.95D136BDD403266D18DB82FBE1F0ED89.d.5F6044EBBFB4A34251CCE406AB85F4AC.e.4063/click - {}
RESULT: {}
COMMAND: POST /session/c9b3453a2097c94c00e43fefe9121ac5/execute/async - {"script":"<script> [1562 bytes]","args":[{"selector":{"controlType":"sap.m.StandardListItem","viewName":"reusables.view.manageresources.NewResourceUnit","viewId":"application-manageresources-display-component---newResourceUnit","properties":{"title":"PM Order"},"searchOpenDialogs":true,"interaction":{"idSuffix":"titleText"}},"wdio_ui5_key":"reusablesview.manageresources.NewResourceUnitsap.m.StandardListItem{\"title\":\"PM Order\"}"}]}
COMMAND: GET /session/c9b3453a2097c94c00e43fefe9121ac5/screenshot - {}
RESULT: {"script":"<script> [1562 bytes]","args":[{"selector":{"controlType":"sap.m.StandardListItem","viewName":"reusables.view.manageresources.NewResourceUnit","viewId":"application-manageresources-display-component---newResourceUnit","properties":{"title":"PM Order"},"searchOpenDialogs":true,"interaction":{"idSuffix":"titleText"}},"wdio_ui5_key":"reusablesview.manageresources.NewResourceUnitsap.m.StandardListItem{\"title\":\"PM Order\"}"}]}
RESULT: undefined
COMMAND: POST /session/c9b3453a2097c94c00e43fefe9121ac5/element - {"using":"xpath","value":"//*[@id=\"__item811\"]"}
RESULT: {}
RESULT: {"using":"xpath","value":"//*[@id=\"__item811\"]"}
COMMAND: POST /session/c9b3453a2097c94c00e43fefe9121ac5/element/f.95D136BDD403266D18DB82FBE1F0ED89.d.5F6044EBBFB4A34251CCE406AB85F4AC.e.4067/click - {}
RESULT: {}
COMMAND: GET /session/c9b3453a2097c94c00e43fefe9121ac5/screenshot - {}
RESULT: {}
COMMAND: POST /session/c9b3453a2097c94c00e43fefe9121ac5/element - {"using":"xpath","value":"(//input[contains(@id ,\"-application-manageresources-display-component---newResourceUnit--RUTimeSegment-0-inner\")])[8]"}
RESULT: {"using":"xpath","value":"(//input[contains(@id ,\"-application-manageresources-display-component---newResourceUnit--RUTimeSegment-0-inner\")])[8]"}
COMMAND: POST /session/c9b3453a2097c94c00e43fefe9121ac5/element/f.95D136BDD403266D18DB82FBE1F0ED89.d.5F6044EBBFB4A34251CCE406AB85F4AC.e.4070/clear - {}
RESULT: {}
COMMAND: POST /session/c9b3453a2097c94c00e43fefe9121ac5/element/f.95D136BDD403266D18DB82FBE1F0ED89.d.5F6044EBBFB4A34251CCE406AB85F4AC.e.4070/value - {"text":"4000360"}
COMMAND: GET /session/c9b3453a2097c94c00e43fefe9121ac5/screenshot - {}
RESULT: {"text":"4000360"}
COMMAND: GET /session/c9b3453a2097c94c00e43fefe9121ac5/screenshot - {}
RESULT: {}
RESULT: {}
COMMAND: POST /session/c9b3453a2097c94c00e43fefe9121ac5/actions - {"actions":[{"id":"action9","type":"key","parameters":{},"actions":[{"type":"keyDown","value":"î€‡"},{"type":"pause","duration":10},{"type":"keyUp","value":"î€‡"}]}]}
RESULT: {"actions":[{"id":"action9","type":"key","parameters":{},"actions":[{"type":"keyDown","value":"î€‡"},{"type":"pause","duration":10},{"type":"keyUp","value":"î€‡"}]}]}
COMMAND: GET /session/c9b3453a2097c94c00e43fefe9121ac5/screenshot - {}
RESULT: {}
COMMAND: POST /session/c9b3453a2097c94c00e43fefe9121ac5/element - {"using":"xpath","value":"//input[contains(@id ,\"application-manageresources-display-component---newResourceUnit--newTimeSegmentFromDatePicker-application-manageresources-display-component---newResourceUnit--RUTimeSegment-0-inner\")]"}
RESULT: {"using":"xpath","value":"//input[contains(@id ,\"application-manageresources-display-component---newResourceUnit--newTimeSegmentFromDatePicker-application-manageresources-display-component---newResourceUnit--RUTimeSegment-0-inner\")]"}
COMMAND: POST /session/c9b3453a2097c94c00e43fefe9121ac5/element/f.95D136BDD403266D18DB82FBE1F0ED89.d.5F6044EBBFB4A34251CCE406AB85F4AC.e.4055/clear - {}
RESULT: {}
COMMAND: POST /session/c9b3453a2097c94c00e43fefe9121ac5/element/f.95D136BDD403266D18DB82FBE1F0ED89.d.5F6044EBBFB4A34251CCE406AB85F4AC.e.4055/clear - {}
COMMAND: GET /session/c9b3453a2097c94c00e43fefe9121ac5/screenshot - {}
RESULT: {}
COMMAND: POST /session/c9b3453a2097c94c00e43fefe9121ac5/element/f.95D136BDD403266D18DB82FBE1F0ED89.d.5F6044EBBFB4A34251CCE406AB85F4AC.e.4055/value - {"text":"06/15/24"}
COMMAND: GET /session/c9b3453a2097c94c00e43fefe9121ac5/screenshot - {}
RESULT: {}
RESULT: {"text":"06/15/24"}
COMMAND: POST /session/c9b3453a2097c94c00e43fefe9121ac5/execute/async - {"script":"<script> [1562 bytes]","args":[{"selector":{"id":"application-manageresources-display-component---newResourceUnit--newRRUPage-anchBar-application-manageresources-display-component---newResourceUnit--resource-anchor","interaction":{"idSuffix":"BDI-content"}},"wdio_ui5_key":"applicationmanageresources-display-component---newResourceUnit--newRRUPage-anchBar-application-manageresources-display-component---newResourceUnit--resource-anchor"}]}
COMMAND: GET /session/c9b3453a2097c94c00e43fefe9121ac5/screenshot - {}
RESULT: {}
RESULT: {"script":"<script> [1562 bytes]","args":[{"selector":{"id":"application-manageresources-display-component---newResourceUnit--newRRUPage-anchBar-application-manageresources-display-component---newResourceUnit--resource-anchor","interaction":{"idSuffix":"BDI-content"}},"wdio_ui5_key":"applicationmanageresources-display-component---newResourceUnit--newRRUPage-anchBar-application-manageresources-display-component---newResourceUnit--resource-anchor"}]}
RESULT: undefined
COMMAND: POST /session/c9b3453a2097c94c00e43fefe9121ac5/element - {"using":"xpath","value":"//*[@id=\"application-manageresources-display-component---newResourceUnit--newRRUPage-anchBar-application-manageresources-display-component---newResourceUnit--resource-anchor\"]"}
RESULT: {}
RESULT: {"using":"xpath","value":"//*[@id=\"application-manageresources-display-component---newResourceUnit--newRRUPage-anchBar-application-manageresources-display-component---newResourceUnit--resource-anchor\"]"}
COMMAND: POST /session/c9b3453a2097c94c00e43fefe9121ac5/element/f.95D136BDD403266D18DB82FBE1F0ED89.d.5F6044EBBFB4A34251CCE406AB85F4AC.e.4092/click - {}
RESULT: {}
COMMAND: POST /session/c9b3453a2097c94c00e43fefe9121ac5/execute/async - {"script":"<script> [1562 bytes]","args":[{"selector":{"id":"application-manageresources-display-component---newResourceUnit--PLANNED_DELIVERY_DATE","interaction":{"idSuffix":"inner"}},"wdio_ui5_key":"applicationmanageresources-display-component---newResourceUnit--PLANNED_DELIVERY_DATE"}]}
COMMAND: GET /session/c9b3453a2097c94c00e43fefe9121ac5/screenshot - {}
RESULT: {"script":"<script> [1562 bytes]","args":[{"selector":{"id":"application-manageresources-display-component---newResourceUnit--PLANNED_DELIVERY_DATE","interaction":{"idSuffix":"inner"}},"wdio_ui5_key":"applicationmanageresources-display-component---newResourceUnit--PLANNED_DELIVERY_DATE"}]}
RESULT: undefined
COMMAND: POST /session/c9b3453a2097c94c00e43fefe9121ac5/execute/async - {"script":"<script> [6424 bytes]","args":[{"element-6066-11e4-a52e-4f735466cecf":"f.95D136BDD403266D18DB82FBE1F0ED89.d.5F6044EBBFB4A34251CCE406AB85F4AC.e.3951"},"setValue",["06/15/24"]]}
RESULT: {}
RESULT: {"script":"<script> [6424 bytes]","args":[{"element-6066-11e4-a52e-4f735466cecf":"f.95D136BDD403266D18DB82FBE1F0ED89.d.5F6044EBBFB4A34251CCE406AB85F4AC.e.3951"},"setValue",["06/15/24"]]}
COMMAND: POST /session/c9b3453a2097c94c00e43fefe9121ac5/execute/async - {"script":"<script> [1562 bytes]","args":[{"selector":{"id":"application-manageresources-display-component---newResourceUnit--RETIRE_PLANNED_DATE","interaction":{"idSuffix":"inner"}},"wdio_ui5_key":"applicationmanageresources-display-component---newResourceUnit--RETIRE_PLANNED_DATE"}]}
RESULT: {"script":"<script> [1562 bytes]","args":[{"selector":{"id":"application-manageresources-display-component---newResourceUnit--RETIRE_PLANNED_DATE","interaction":{"idSuffix":"inner"}},"wdio_ui5_key":"applicationmanageresources-display-component---newResourceUnit--RETIRE_PLANNED_DATE"}]}
RESULT: undefined
COMMAND: POST /session/c9b3453a2097c94c00e43fefe9121ac5/execute/async - {"script":"<script> [776 bytes]","args":[{"enterText":"3/14/29","selector":{"id":"application-manageresources-display-component---newResourceUnit--RETIRE_PLANNED_DATE","interaction":{"idSuffix":"inner"}},"clearTextFirst":true,"interactionType":"ENTER_TEXT"}]}
RESULT: {"script":"<script> [776 bytes]","args":[{"enterText":"3/14/29","selector":{"id":"application-manageresources-display-component---newResourceUnit--RETIRE_PLANNED_DATE","interaction":{"idSuffix":"inner"}},"clearTextFirst":true,"interactionType":"ENTER_TEXT"}]}
COMMAND: POST /session/c9b3453a2097c94c00e43fefe9121ac5/execute/async - {"script":"<script> [1562 bytes]","args":[{"selector":{"controlType":"sap.m.Button","viewName":"reusables.view.manageresources.NewResourceUnit","viewId":"application-manageresources-display-component---newResourceUnit","i18NText":{"propertyName":"tooltip","key":"save"},"interaction":{"idSuffix":"BDI-content"}},"wdio_ui5_key":"reusablesview.manageresources.NewResourceUnitsap.m.Button{\"propertyName\":\"tooltip\",\"key\":\"save\"}"}]}
RESULT: {"script":"<script> [1562 bytes]","args":[{"selector":{"controlType":"sap.m.Button","viewName":"reusables.view.manageresources.NewResourceUnit","viewId":"application-manageresources-display-component---newResourceUnit","i18NText":{"propertyName":"tooltip","key":"save"},"interaction":{"idSuffix":"BDI-content"}},"wdio_ui5_key":"reusablesview.manageresources.NewResourceUnitsap.m.Button{\"propertyName\":\"tooltip\",\"key\":\"save\"}"}]}
RESULT: undefined
COMMAND: POST /session/c9b3453a2097c94c00e43fefe9121ac5/element - {"using":"xpath","value":"//*[@id=\"application-manageresources-display-component---newResourceUnit--createRuButton\"]"}
RESULT: {"using":"xpath","value":"//*[@id=\"application-manageresources-display-component---newResourceUnit--createRuButton\"]"}
COMMAND: POST /session/c9b3453a2097c94c00e43fefe9121ac5/element/f.95D136BDD403266D18DB82FBE1F0ED89.d.5F6044EBBFB4A34251CCE406AB85F4AC.e.3911/click - {}
RESULT: {}
COMMAND: GET /session/c9b3453a2097c94c00e43fefe9121ac5/screenshot - {}
RESULT: {}
COMMAND: POST /session/c9b3453a2097c94c00e43fefe9121ac5/execute/async - {"script":"<script> [1562 bytes]","args":[{"selector":{"controlType":"sap.m.Button","properties":{"text":"Close"},"searchOpenDialogs":true,"interaction":{"idSuffix":"inner"}},"wdio_ui5_key":"sapm.Button{\"text\":\"Close\"}"}]}
RESULT: {"script":"<script> [1562 bytes]","args":[{"selector":{"controlType":"sap.m.Button","properties":{"text":"Close"},"searchOpenDialogs":true,"interaction":{"idSuffix":"inner"}},"wdio_ui5_key":"sapm.Button{\"text\":\"Close\"}"}]}
RESULT: undefined
COMMAND: POST /session/c9b3453a2097c94c00e43fefe9121ac5/element - {"using":"xpath","value":"//*[@id=\"__mbox-btn-0\"]"}
RESULT: {"using":"xpath","value":"//*[@id=\"__mbox-btn-0\"]"}
COMMAND: POST /session/c9b3453a2097c94c00e43fefe9121ac5/element/f.95D136BDD403266D18DB82FBE1F0ED89.d.5F6044EBBFB4A34251CCE406AB85F4AC.e.4100/click - {}
RESULT: {}
COMMAND: GET /session/c9b3453a2097c94c00e43fefe9121ac5/screenshot - {}
RESULT: {}
COMMAND: POST /session/c9b3453a2097c94c00e43fefe9121ac5/execute/async - {"script":"<script> [1562 bytes]","args":[{"selector":{"controlType":"sap.m.Text","viewName":"etm.portal.ui.manageresources.view.Detail","viewId":"application-manageresources-display-component---detailRU","bindingPath":{"propertyPath":"ID","modelName":"catalogModel"}},"wdio_ui5_key":"etmportal.ui.manageresources.view.Detailsap.m.Text{\"propertyPath\":\"ID\",\"modelName\":\"catalogModel\"}"}]}
RESULT: {"script":"<script> [1562 bytes]","args":[{"selector":{"controlType":"sap.m.Text","viewName":"etm.portal.ui.manageresources.view.Detail","viewId":"application-manageresources-display-component---detailRU","bindingPath":{"propertyPath":"ID","modelName":"catalogModel"}},"wdio_ui5_key":"etmportal.ui.manageresources.view.Detailsap.m.Text{\"propertyPath\":\"ID\",\"modelName\":\"catalogModel\"}"}]}
RESULT: undefined
COMMAND: POST /session/c9b3453a2097c94c00e43fefe9121ac5/execute/async - {"script":"<script> [6424 bytes]","args":[{"element-6066-11e4-a52e-4f735466cecf":"f.95D136BDD403266D18DB82FBE1F0ED89.d.5F6044EBBFB4A34251CCE406AB85F4AC.e.4154"},"getText",[]]}
RESULT: {"script":"<script> [6424 bytes]","args":[{"element-6066-11e4-a52e-4f735466cecf":"f.95D136BDD403266D18DB82FBE1F0ED89.d.5F6044EBBFB4A34251CCE406AB85F4AC.e.4154"},"getText",[]]}
COMMAND: POST /session/c9b3453a2097c94c00e43fefe9121ac5/element - {"using":"css selector","value":"#shell-header-logo"}
RESULT: {"using":"css selector","value":"#shell-header-logo"}
COMMAND: POST /session/c9b3453a2097c94c00e43fefe9121ac5/element/f.95D136BDD403266D18DB82FBE1F0ED89.d.5F6044EBBFB4A34251CCE406AB85F4AC.e.3537/click - {}
RESULT: {}
COMMAND: GET /session/c9b3453a2097c94c00e43fefe9121ac5/screenshot - {}
RESULT: {}
COMMAND: POST /session/c9b3453a2097c94c00e43fefe9121ac5/execute/async - {"script":"<script> [1562 bytes]","args":[{"selector":{"controlType":"sap.m.GenericTile","properties":{"header":"Manage Catalogs"}},"wdio_ui5_key":"sapm.GenericTile{\"header\":\"Manage Catalogs\"}"}]}
RESULT: {"script":"<script> [1562 bytes]","args":[{"selector":{"controlType":"sap.m.GenericTile","properties":{"header":"Manage Catalogs"}},"wdio_ui5_key":"sapm.GenericTile{\"header\":\"Manage Catalogs\"}"}]}
RESULT: undefined
COMMAND: POST /session/c9b3453a2097c94c00e43fefe9121ac5/element - {"using":"xpath","value":"//*[@id=\"__tile37\"]"}
RESULT: {"using":"xpath","value":"//*[@id=\"__tile37\"]"}
COMMAND: POST /session/c9b3453a2097c94c00e43fefe9121ac5/element/f.95D136BDD403266D18DB82FBE1F0ED89.d.5F6044EBBFB4A34251CCE406AB85F4AC.e.4156/click - {}
RESULT: {}
COMMAND: GET /session/c9b3453a2097c94c00e43fefe9121ac5/screenshot - {}
RESULT: {}
COMMAND: POST /session/c9b3453a2097c94c00e43fefe9121ac5/elements - {"using":"xpath","value":"//span[text()='Error']"}
RESULT: {"using":"xpath","value":"//span[text()='Error']"}
COMMAND: POST /session/c9b3453a2097c94c00e43fefe9121ac5/execute/async - {"script":"<script> [1562 bytes]","args":[{"selector":{"controlType":"sap.m.Text","viewName":"etm.portal.ui.managecatalogs.view.MasterCatalogs","viewId":"application-managecatalogs-display-component---masterCatalogs","bindingPath":{"path":"/Catalogs('0D7502D073D53A0F1700BE067B89AFF9')","propertyPath":"DESCRIPTION","modelName":"catalogModel"}},"wdio_ui5_key":"etmportal.ui.managecatalogs.view.MasterCatalogssap.m.Text{\"path\":\"/Catalogs('0D7502D073D53A0F1700BE067B89AFF9')\",\"propertyPath\":\"DESCRIPTION\",\"modelName\":\"catalogModel\"}"}]}
RESULT: {"script":"<script> [1562 bytes]","args":[{"selector":{"controlType":"sap.m.Text","viewName":"etm.portal.ui.managecatalogs.view.MasterCatalogs","viewId":"application-managecatalogs-display-component---masterCatalogs","bindingPath":{"path":"/Catalogs('0D7502D073D53A0F1700BE067B89AFF9')","propertyPath":"DESCRIPTION","modelName":"catalogModel"}},"wdio_ui5_key":"etmportal.ui.managecatalogs.view.MasterCatalogssap.m.Text{\"path\":\"/Catalogs('0D7502D073D53A0F1700BE067B89AFF9')\",\"propertyPath\":\"DESCRIPTION\",\"modelName\":\"catalogModel\"}"}]}
RESULT: undefined
COMMAND: POST /session/c9b3453a2097c94c00e43fefe9121ac5/element - {"using":"xpath","value":"//*[@id=\"__text919-application-managecatalogs-display-component---masterCatalogs--CatalogsTable-11\"]"}
RESULT: {"using":"xpath","value":"//*[@id=\"__text919-application-managecatalogs-display-component---masterCatalogs--CatalogsTable-11\"]"}
COMMAND: POST /session/c9b3453a2097c94c00e43fefe9121ac5/element/f.95D136BDD403266D18DB82FBE1F0ED89.d.5F6044EBBFB4A34251CCE406AB85F4AC.e.4225/click - {}
RESULT: {}
COMMAND: POST /session/c9b3453a2097c94c00e43fefe9121ac5/execute/async - {"script":"<script> [1562 bytes]","args":[{"selector":{"controlType":"sap.ui.layout.HorizontalLayout","viewName":"etm.portal.ui.managecatalogs.view.MasterItems","viewId":"application-managecatalogs-display-component---masterCatalogItems","ancestor":{"id":"application-managecatalogs-display-component---masterCatalogItems--idCatalogItemsTree-rows-row0"}},"wdio_ui5_key":"etmportal.ui.managecatalogs.view.MasterItemssap.ui.layout.HorizontalLayout{\"id\":\"application-managecatalogs-display-component---masterCatalogItems--idCatalogItemsTree-rows-row0\"}"}]}
COMMAND: GET /session/c9b3453a2097c94c00e43fefe9121ac5/screenshot - {}
RESULT: {"script":"<script> [1562 bytes]","args":[{"selector":{"controlType":"sap.ui.layout.HorizontalLayout","viewName":"etm.portal.ui.managecatalogs.view.MasterItems","viewId":"application-managecatalogs-display-component---masterCatalogItems","ancestor":{"id":"application-managecatalogs-display-component---masterCatalogItems--idCatalogItemsTree-rows-row0"}},"wdio_ui5_key":"etmportal.ui.managecatalogs.view.MasterItemssap.ui.layout.HorizontalLayout{\"id\":\"application-managecatalogs-display-component---masterCatalogItems--idCatalogItemsTree-rows-row0\"}"}]}
RESULT: undefined
COMMAND: POST /session/c9b3453a2097c94c00e43fefe9121ac5/element - {"using":"xpath","value":"//*[@id=\"__layout279-__clone2274\"]"}
RESULT: {}
RESULT: {"using":"xpath","value":"//*[@id=\"__layout279-__clone2274\"]"}
COMMAND: POST /session/c9b3453a2097c94c00e43fefe9121ac5/element/f.95D136BDD403266D18DB82FBE1F0ED89.d.5F6044EBBFB4A34251CCE406AB85F4AC.e.4261/click - {}
RESULT: {}
COMMAND: GET /session/c9b3453a2097c94c00e43fefe9121ac5/screenshot - {}
COMMAND: POST /session/c9b3453a2097c94c00e43fefe9121ac5/execute/async - {"script":"<script> [1562 bytes]","args":[{"selector":{"controlType":"sap.m.Button","viewName":"etm.portal.ui.managecatalogs.view.Detail","viewId":"application-managecatalogs-display-component---detailCatalog","i18NText":{"propertyName":"text","key":"edit"},"interaction":{"idSuffix":"BDI-content"}},"wdio_ui5_key":"etmportal.ui.managecatalogs.view.Detailsap.m.Button{\"propertyName\":\"text\",\"key\":\"edit\"}"}]}
RESULT: {}
RESULT: {"script":"<script> [1562 bytes]","args":[{"selector":{"controlType":"sap.m.Button","viewName":"etm.portal.ui.managecatalogs.view.Detail","viewId":"application-managecatalogs-display-component---detailCatalog","i18NText":{"propertyName":"text","key":"edit"},"interaction":{"idSuffix":"BDI-content"}},"wdio_ui5_key":"etmportal.ui.managecatalogs.view.Detailsap.m.Button{\"propertyName\":\"text\",\"key\":\"edit\"}"}]}
RESULT: undefined
COMMAND: POST /session/c9b3453a2097c94c00e43fefe9121ac5/element - {"using":"xpath","value":"//*[@id=\"__button118\"]"}
RESULT: {"using":"xpath","value":"//*[@id=\"__button118\"]"}
COMMAND: POST /session/c9b3453a2097c94c00e43fefe9121ac5/element/f.95D136BDD403266D18DB82FBE1F0ED89.d.5F6044EBBFB4A34251CCE406AB85F4AC.e.4377/click - {}
RESULT: {}
COMMAND: GET /session/c9b3453a2097c94c00e43fefe9121ac5/screenshot - {}
RESULT: {}
COMMAND: POST /session/c9b3453a2097c94c00e43fefe9121ac5/element - {"using":"xpath","value":"//bdi[contains(text(), \"Unlock\")]"}
RESULT: {"using":"xpath","value":"//bdi[contains(text(), \"Unlock\")]"}
COMMAND: POST /session/c9b3453a2097c94c00e43fefe9121ac5/elements - {"using":"xpath","value":"//bdi[contains(text(), \"Unlock\")]"}
RESULT: {"using":"xpath","value":"//bdi[contains(text(), \"Unlock\")]"}
COMMAND: POST /session/c9b3453a2097c94c00e43fefe9121ac5/execute/async - {"script":"<script> [1562 bytes]","args":[{"selector":{"controlType":"sap.ui.core.Icon","viewName":"etm.portal.ui.managecatalogs.view.Detail","viewId":"application-managecatalogs-display-component---detailCatalog","properties":{"src":{"regex":{"source":"add\\-folder"}}}},"wdio_ui5_key":"etmportal.ui.managecatalogs.view.Detailsap.ui.core.Icon{\"src\":{\"regex\":{\"source\":\"add\\\\-folder\"}}}"}]}
RESULT: {"script":"<script> [1562 bytes]","args":[{"selector":{"controlType":"sap.ui.core.Icon","viewName":"etm.portal.ui.managecatalogs.view.Detail","viewId":"application-managecatalogs-display-component---detailCatalog","properties":{"src":{"regex":{"source":"add\\-folder"}}}},"wdio_ui5_key":"etmportal.ui.managecatalogs.view.Detailsap.ui.core.Icon{\"src\":{\"regex\":{\"source\":\"add\\\\-folder\"}}}"}]}
RESULT: undefined
COMMAND: POST /session/c9b3453a2097c94c00e43fefe9121ac5/element - {"using":"xpath","value":"//*[@id=\"__button126-img\"]"}
RESULT: {"using":"xpath","value":"//*[@id=\"__button126-img\"]"}
COMMAND: POST /session/c9b3453a2097c94c00e43fefe9121ac5/element/f.95D136BDD403266D18DB82FBE1F0ED89.d.5F6044EBBFB4A34251CCE406AB85F4AC.e.4384/click - {}
RESULT: {}
COMMAND: GET /session/c9b3453a2097c94c00e43fefe9121ac5/screenshot - {}
RESULT: {}
COMMAND: POST /session/c9b3453a2097c94c00e43fefe9121ac5/execute/async - {"script":"<script> [1562 bytes]","args":[{"selector":{"id":"application-managecatalogs-display-component---detailCatalog--numberInput","searchOpenDialogs":true,"interaction":{"idSuffix":"inner"}},"wdio_ui5_key":"applicationmanagecatalogs-display-component---detailCatalog--numberInput"}]}
RESULT: {"script":"<script> [1562 bytes]","args":[{"selector":{"id":"application-managecatalogs-display-component---detailCatalog--numberInput","searchOpenDialogs":true,"interaction":{"idSuffix":"inner"}},"wdio_ui5_key":"applicationmanagecatalogs-display-component---detailCatalog--numberInput"}]}
RESULT: undefined
COMMAND: POST /session/c9b3453a2097c94c00e43fefe9121ac5/execute/async - {"script":"<script> [776 bytes]","args":[{"enterText":"Section7dq2f","selector":{"id":"application-managecatalogs-display-component---detailCatalog--numberInput","searchOpenDialogs":true,"interaction":{"idSuffix":"inner"}},"clearTextFirst":true,"interactionType":"ENTER_TEXT"}]}
RESULT: {"script":"<script> [776 bytes]","args":[{"enterText":"Section7dq2f","selector":{"id":"application-managecatalogs-display-component---detailCatalog--numberInput","searchOpenDialogs":true,"interaction":{"idSuffix":"inner"}},"clearTextFirst":true,"interactionType":"ENTER_TEXT"}]}
COMMAND: POST /session/c9b3453a2097c94c00e43fefe9121ac5/element - {"using":"css selector","value":"#application-managecatalogs-display-component---detailCatalog--nameInput-inner"}
RESULT: {"using":"css selector","value":"#application-managecatalogs-display-component---detailCatalog--nameInput-inner"}
COMMAND: POST /session/c9b3453a2097c94c00e43fefe9121ac5/elements - {"using":"css selector","value":"#application-managecatalogs-display-component---detailCatalog--nameInput-inner"}
RESULT: {"using":"css selector","value":"#application-managecatalogs-display-component---detailCatalog--nameInput-inner"}
COMMAND: POST /session/c9b3453a2097c94c00e43fefe9121ac5/element/f.95D136BDD403266D18DB82FBE1F0ED89.d.5F6044EBBFB4A34251CCE406AB85F4AC.e.4388/clear - {}
RESULT: {}
COMMAND: POST /session/c9b3453a2097c94c00e43fefe9121ac5/element/f.95D136BDD403266D18DB82FBE1F0ED89.d.5F6044EBBFB4A34251CCE406AB85F4AC.e.4388/value - {"text":"Webdrivert45fp"}
COMMAND: GET /session/c9b3453a2097c94c00e43fefe9121ac5/screenshot - {}
RESULT: {"text":"Webdrivert45fp"}
COMMAND: POST /session/c9b3453a2097c94c00e43fefe9121ac5/execute/async - {"script":"<script> [1562 bytes]","args":[{"selector":{"controlType":"sap.m.Button","viewName":"etm.portal.ui.managecatalogs.view.Detail","viewId":"application-managecatalogs-display-component---detailCatalog","i18NText":{"propertyName":"text","key":"create"},"searchOpenDialogs":true,"interaction":{"idSuffix":"BDI-content"}},"wdio_ui5_key":"etmportal.ui.managecatalogs.view.Detailsap.m.Button{\"propertyName\":\"text\",\"key\":\"create\"}"}]}
COMMAND: GET /session/c9b3453a2097c94c00e43fefe9121ac5/screenshot - {}
RESULT: {}
RESULT: {"script":"<script> [1562 bytes]","args":[{"selector":{"controlType":"sap.m.Button","viewName":"etm.portal.ui.managecatalogs.view.Detail","viewId":"application-managecatalogs-display-component---detailCatalog","i18NText":{"propertyName":"text","key":"create"},"searchOpenDialogs":true,"interaction":{"idSuffix":"BDI-content"}},"wdio_ui5_key":"etmportal.ui.managecatalogs.view.Detailsap.m.Button{\"propertyName\":\"text\",\"key\":\"create\"}"}]}
RESULT: undefined
COMMAND: POST /session/c9b3453a2097c94c00e43fefe9121ac5/element - {"using":"xpath","value":"//*[@id=\"__button96\"]"}
RESULT: {}
RESULT: {"using":"xpath","value":"//*[@id=\"__button96\"]"}
COMMAND: POST /session/c9b3453a2097c94c00e43fefe9121ac5/element/f.95D136BDD403266D18DB82FBE1F0ED89.d.5F6044EBBFB4A34251CCE406AB85F4AC.e.4393/click - {}
RESULT: {}
COMMAND: GET /session/c9b3453a2097c94c00e43fefe9121ac5/screenshot - {}
RESULT: {}
COMMAND: POST /session/c9b3453a2097c94c00e43fefe9121ac5/element - {"using":"xpath","value":"//button[@title=\"Save\"]"}
RESULT: {"using":"xpath","value":"//button[@title=\"Save\"]"}
COMMAND: POST /session/c9b3453a2097c94c00e43fefe9121ac5/element/f.95D136BDD403266D18DB82FBE1F0ED89.d.5F6044EBBFB4A34251CCE406AB85F4AC.e.4394/click - {}
RESULT: {}
COMMAND: POST /session/c9b3453a2097c94c00e43fefe9121ac5/execute/async - {"script":"<script> [1562 bytes]","args":[{"selector":{"controlType":"sap.ui.core.Icon","viewName":"etm.portal.ui.managecatalogs.view.Detail","viewId":"application-managecatalogs-display-component---detailCatalog","properties":{"src":{"regex":{"source":"decline"}}}},"wdio_ui5_key":"etmportal.ui.managecatalogs.view.Detailsap.ui.core.Icon{\"src\":{\"regex\":{\"source\":\"decline\"}}}"}]}
COMMAND: GET /session/c9b3453a2097c94c00e43fefe9121ac5/screenshot - {}
RESULT: {"script":"<script> [1562 bytes]","args":[{"selector":{"controlType":"sap.ui.core.Icon","viewName":"etm.portal.ui.managecatalogs.view.Detail","viewId":"application-managecatalogs-display-component---detailCatalog","properties":{"src":{"regex":{"source":"decline"}}}},"wdio_ui5_key":"etmportal.ui.managecatalogs.view.Detailsap.ui.core.Icon{\"src\":{\"regex\":{\"source\":\"decline\"}}}"}]}
RESULT: undefined
COMMAND: POST /session/c9b3453a2097c94c00e43fefe9121ac5/element - {"using":"xpath","value":"//*[@id=\"__button121-img\"]"}
RESULT: {}
RESULT: {"using":"xpath","value":"//*[@id=\"__button121-img\"]"}
COMMAND: POST /session/c9b3453a2097c94c00e43fefe9121ac5/element/f.95D136BDD403266D18DB82FBE1F0ED89.d.5F6044EBBFB4A34251CCE406AB85F4AC.e.4400/click - {}
RESULT: {}
COMMAND: GET /session/c9b3453a2097c94c00e43fefe9121ac5/screenshot - {}
RESULT: {}
COMMAND: POST /session/c9b3453a2097c94c00e43fefe9121ac5/execute/async - {"script":"<script> [1562 bytes]","args":[{"selector":{"controlType":"sap.ui.core.Icon","viewName":"etm.portal.ui.managecatalogs.view.MasterItems","viewId":"application-managecatalogs-display-component---masterCatalogItems","properties":{"src":{"regex":{"source":"refresh"}}}},"wdio_ui5_key":"etmportal.ui.managecatalogs.view.MasterItemssap.ui.core.Icon{\"src\":{\"regex\":{\"source\":\"refresh\"}}}"}]}
RESULT: {"script":"<script> [1562 bytes]","args":[{"selector":{"controlType":"sap.ui.core.Icon","viewName":"etm.portal.ui.managecatalogs.view.MasterItems","viewId":"application-managecatalogs-display-component---masterCatalogItems","properties":{"src":{"regex":{"source":"refresh"}}}},"wdio_ui5_key":"etmportal.ui.managecatalogs.view.MasterItemssap.ui.core.Icon{\"src\":{\"regex\":{\"source\":\"refresh\"}}}"}]}
RESULT: undefined
COMMAND: POST /session/c9b3453a2097c94c00e43fefe9121ac5/element - {"using":"xpath","value":"//*[@id=\"__button94-img\"]"}
RESULT: {"using":"xpath","value":"//*[@id=\"__button94-img\"]"}
COMMAND: POST /session/c9b3453a2097c94c00e43fefe9121ac5/element/f.95D136BDD403266D18DB82FBE1F0ED89.d.5F6044EBBFB4A34251CCE406AB85F4AC.e.4433/click - {}
RESULT: {}
COMMAND: POST /session/c9b3453a2097c94c00e43fefe9121ac5/execute/async - {"script":"<script> [1562 bytes]","args":[{"selector":{"id":"application-managecatalogs-display-component---masterCatalogItems--searchItemsField","interaction":{"idSuffix":"I"}},"wdio_ui5_key":"applicationmanagecatalogs-display-component---masterCatalogItems--searchItemsField"}]}
COMMAND: GET /session/c9b3453a2097c94c00e43fefe9121ac5/screenshot - {}
RESULT: {"script":"<script> [1562 bytes]","args":[{"selector":{"id":"application-managecatalogs-display-component---masterCatalogItems--searchItemsField","interaction":{"idSuffix":"I"}},"wdio_ui5_key":"applicationmanagecatalogs-display-component---masterCatalogItems--searchItemsField"}]}
RESULT: undefined
COMMAND: POST /session/c9b3453a2097c94c00e43fefe9121ac5/execute/async - {"script":"<script> [776 bytes]","args":[{"enterText":"Webdrivert45fp","selector":{"id":"application-managecatalogs-display-component---masterCatalogItems--searchItemsField","interaction":{"idSuffix":"I"}},"clearTextFirst":true,"interactionType":"ENTER_TEXT"}]}
RESULT: {}
RESULT: {"script":"<script> [776 bytes]","args":[{"enterText":"Webdrivert45fp","selector":{"id":"application-managecatalogs-display-component---masterCatalogItems--searchItemsField","interaction":{"idSuffix":"I"}},"clearTextFirst":true,"interactionType":"ENTER_TEXT"}]}
COMMAND: POST /session/c9b3453a2097c94c00e43fefe9121ac5/actions - {"actions":[{"id":"action10","type":"key","parameters":{},"actions":[{"type":"keyDown","value":"î€‡"},{"type":"pause","duration":10},{"type":"keyUp","value":"î€‡"}]}]}
RESULT: {"actions":[{"id":"action10","type":"key","parameters":{},"actions":[{"type":"keyDown","value":"î€‡"},{"type":"pause","duration":10},{"type":"keyUp","value":"î€‡"}]}]}
COMMAND: POST /session/c9b3453a2097c94c00e43fefe9121ac5/element - {"using":"xpath","value":"(//span[contains(text(), \"Webdrivert45fp\")])[1]"}
COMMAND: GET /session/c9b3453a2097c94c00e43fefe9121ac5/screenshot - {}
RESULT: {"using":"xpath","value":"(//span[contains(text(), \"Webdrivert45fp\")])[1]"}
COMMAND: POST /session/c9b3453a2097c94c00e43fefe9121ac5/element/f.95D136BDD403266D18DB82FBE1F0ED89.d.5F6044EBBFB4A34251CCE406AB85F4AC.e.4436/click - {}
RESULT: {}
RESULT: {}
COMMAND: GET /session/c9b3453a2097c94c00e43fefe9121ac5/screenshot - {}
RESULT: {}
RESULT: undefined
COMMAND: POST /session/c9b3453a2097c94c00e43fefe9121ac5/element - {"using":"xpath","value":"//*[@id=\"__button118\"]"}
RESULT: {"using":"xpath","value":"//*[@id=\"__button118\"]"}
COMMAND: POST /session/c9b3453a2097c94c00e43fefe9121ac5/element/f.95D136BDD403266D18DB82FBE1F0ED89.d.5F6044EBBFB4A34251CCE406AB85F4AC.e.4506/click - {}
RESULT: {}
COMMAND: GET /session/c9b3453a2097c94c00e43fefe9121ac5/screenshot - {}
RESULT: {}
RESULT: undefined
COMMAND: POST /session/c9b3453a2097c94c00e43fefe9121ac5/element - {"using":"xpath","value":"//*[@id=\"__button126-img\"]"}
RESULT: {"using":"xpath","value":"//*[@id=\"__button126-img\"]"}
COMMAND: POST /session/c9b3453a2097c94c00e43fefe9121ac5/element/f.95D136BDD403266D18DB82FBE1F0ED89.d.5F6044EBBFB4A34251CCE406AB85F4AC.e.4522/click - {}
RESULT: {}
COMMAND: GET /session/c9b3453a2097c94c00e43fefe9121ac5/screenshot - {}
RESULT: {}
RESULT: undefined
COMMAND: POST /session/c9b3453a2097c94c00e43fefe9121ac5/execute/async - {"script":"<script> [776 bytes]","args":[{"enterText":"SecondSectionmrxuy","selector":{"id":"application-managecatalogs-display-component---detailCatalog--numberInput","searchOpenDialogs":true,"interaction":{"idSuffix":"inner"}},"clearTextFirst":true,"interactionType":"ENTER_TEXT"}]}
RESULT: {"script":"<script> [776 bytes]","args":[{"enterText":"SecondSectionmrxuy","selector":{"id":"application-managecatalogs-display-component---detailCatalog--numberInput","searchOpenDialogs":true,"interaction":{"idSuffix":"inner"}},"clearTextFirst":true,"interactionType":"ENTER_TEXT"}]}
COMMAND: POST /session/c9b3453a2097c94c00e43fefe9121ac5/element - {"using":"xpath","value":"//input[contains(@id ,\"application-managecatalogs-display-component---detailCatalog--nameInput-inner\")]"}
RESULT: {"using":"xpath","value":"//input[contains(@id ,\"application-managecatalogs-display-component---detailCatalog--nameInput-inner\")]"}
COMMAND: POST /session/c9b3453a2097c94c00e43fefe9121ac5/elements - {"using":"xpath","value":"//input[contains(@id ,\"application-managecatalogs-display-component---detailCatalog--nameInput-inner\")]"}
RESULT: {"using":"xpath","value":"//input[contains(@id ,\"application-managecatalogs-display-component---detailCatalog--nameInput-inner\")]"}
COMMAND: POST /session/c9b3453a2097c94c00e43fefe9121ac5/element/f.95D136BDD403266D18DB82FBE1F0ED89.d.5F6044EBBFB4A34251CCE406AB85F4AC.e.4526/clear - {}
RESULT: {}
COMMAND: POST /session/c9b3453a2097c94c00e43fefe9121ac5/element/f.95D136BDD403266D18DB82FBE1F0ED89.d.5F6044EBBFB4A34251CCE406AB85F4AC.e.4526/value - {"text":"webdriversecondl6z2wl"}
COMMAND: GET /session/c9b3453a2097c94c00e43fefe9121ac5/screenshot - {}
RESULT: {"text":"webdriversecondl6z2wl"}
RESULT: undefined
COMMAND: POST /session/c9b3453a2097c94c00e43fefe9121ac5/element - {"using":"xpath","value":"//*[@id=\"__button96\"]"}
COMMAND: GET /session/c9b3453a2097c94c00e43fefe9121ac5/screenshot - {}
RESULT: {}
RESULT: {"using":"xpath","value":"//*[@id=\"__button96\"]"}
COMMAND: POST /session/c9b3453a2097c94c00e43fefe9121ac5/element/f.95D136BDD403266D18DB82FBE1F0ED89.d.5F6044EBBFB4A34251CCE406AB85F4AC.e.4530/click - {}
RESULT: {}
RESULT: {}
COMMAND: GET /session/c9b3453a2097c94c00e43fefe9121ac5/screenshot - {}
RESULT: {}
COMMAND: POST /session/c9b3453a2097c94c00e43fefe9121ac5/element - {"using":"xpath","value":"//button[@title=\"Save\"]"}
RESULT: {"using":"xpath","value":"//button[@title=\"Save\"]"}
COMMAND: POST /session/c9b3453a2097c94c00e43fefe9121ac5/element/f.95D136BDD403266D18DB82FBE1F0ED89.d.5F6044EBBFB4A34251CCE406AB85F4AC.e.4510/click - {}
RESULT: {}
COMMAND: GET /session/c9b3453a2097c94c00e43fefe9121ac5/screenshot - {}
RESULT: {}
RESULT: undefined
COMMAND: POST /session/c9b3453a2097c94c00e43fefe9121ac5/element - {"using":"xpath","value":"//*[@id=\"__button121-img\"]"}
RESULT: {"using":"xpath","value":"//*[@id=\"__button121-img\"]"}
COMMAND: POST /session/c9b3453a2097c94c00e43fefe9121ac5/element/f.95D136BDD403266D18DB82FBE1F0ED89.d.5F6044EBBFB4A34251CCE406AB85F4AC.e.4534/click - {}
RESULT: {}
COMMAND: GET /session/c9b3453a2097c94c00e43fefe9121ac5/screenshot - {}
RESULT: {}
RESULT: undefined
COMMAND: POST /session/c9b3453a2097c94c00e43fefe9121ac5/element - {"using":"xpath","value":"//*[@id=\"__button94-img\"]"}
RESULT: {"using":"xpath","value":"//*[@id=\"__button94-img\"]"}
COMMAND: POST /session/c9b3453a2097c94c00e43fefe9121ac5/element/f.95D136BDD403266D18DB82FBE1F0ED89.d.5F6044EBBFB4A34251CCE406AB85F4AC.e.4571/click - {}
RESULT: {}
COMMAND: GET /session/c9b3453a2097c94c00e43fefe9121ac5/screenshot - {}
RESULT: {}
RESULT: undefined
COMMAND: POST /session/c9b3453a2097c94c00e43fefe9121ac5/execute/async - {"script":"<script> [776 bytes]","args":[{"enterText":"SecondSectionmrxuy","selector":{"id":"application-managecatalogs-display-component---masterCatalogItems--searchItemsField","interaction":{"idSuffix":"I"}},"clearTextFirst":true,"interactionType":"ENTER_TEXT"}]}
RESULT: {"script":"<script> [776 bytes]","args":[{"enterText":"SecondSectionmrxuy","selector":{"id":"application-managecatalogs-display-component---masterCatalogItems--searchItemsField","interaction":{"idSuffix":"I"}},"clearTextFirst":true,"interactionType":"ENTER_TEXT"}]}
COMMAND: POST /session/c9b3453a2097c94c00e43fefe9121ac5/actions - {"actions":[{"id":"action11","type":"key","parameters":{},"actions":[{"type":"keyDown","value":"î€‡"},{"type":"pause","duration":10},{"type":"keyUp","value":"î€‡"}]}]}
RESULT: {"actions":[{"id":"action11","type":"key","parameters":{},"actions":[{"type":"keyDown","value":"î€‡"},{"type":"pause","duration":10},{"type":"keyUp","value":"î€‡"}]}]}
COMMAND: POST /session/c9b3453a2097c94c00e43fefe9121ac5/element - {"using":"xpath","value":"(//span[contains(text(), \"SecondSectionmrxuy\")])[1]"}
COMMAND: GET /session/c9b3453a2097c94c00e43fefe9121ac5/screenshot - {}
RESULT: {"using":"xpath","value":"(//span[contains(text(), \"SecondSectionmrxuy\")])[1]"}
COMMAND: POST /session/c9b3453a2097c94c00e43fefe9121ac5/element/f.95D136BDD403266D18DB82FBE1F0ED89.d.5F6044EBBFB4A34251CCE406AB85F4AC.e.4574/click - {}
RESULT: {}
RESULT: {}
COMMAND: POST /session/c9b3453a2097c94c00e43fefe9121ac5/element - {"using":"xpath","value":"(//span[contains(text(), \"SecondSectionmrxuy\")])[1]"}
COMMAND: GET /session/c9b3453a2097c94c00e43fefe9121ac5/screenshot - {}
RESULT: {"using":"xpath","value":"(//span[contains(text(), \"SecondSectionmrxuy\")])[1]"}
COMMAND: GET /session/c9b3453a2097c94c00e43fefe9121ac5/element/f.95D136BDD403266D18DB82FBE1F0ED89.d.5F6044EBBFB4A34251CCE406AB85F4AC.e.4574/text - {}
RESULT: {}
COMMAND: POST /session/c9b3453a2097c94c00e43fefe9121ac5/element - {"using":"xpath","value":"(//span[contains(text(), \"SecondSectionmrxuy\")])[1]"}
RESULT: {"using":"xpath","value":"(//span[contains(text(), \"SecondSectionmrxuy\")])[1]"}
COMMAND: GET /session/c9b3453a2097c94c00e43fefe9121ac5/element/f.95D136BDD403266D18DB82FBE1F0ED89.d.5F6044EBBFB4A34251CCE406AB85F4AC.e.4574/text - {}
COMMAND: POST /session/c9b3453a2097c94c00e43fefe9121ac5/element - {"using":"xpath","value":"(//span[contains(text(), \"SecondSectionmrxuy\")])[1]"}
RESULT: {"using":"xpath","value":"(//span[contains(text(), \"SecondSectionmrxuy\")])[1]"}
COMMAND: GET /session/c9b3453a2097c94c00e43fefe9121ac5/element/f.95D136BDD403266D18DB82FBE1F0ED89.d.5F6044EBBFB4A34251CCE406AB85F4AC.e.4626/text - {}
RESULT: {}
COMMAND: POST /session/c9b3453a2097c94c00e43fefe9121ac5/refresh - {}
RESULT: {}
COMMAND: GET /session/c9b3453a2097c94c00e43fefe9121ac5/screenshot - {}
RESULT: {}
COMMAND: POST /session/c9b3453a2097c94c00e43fefe9121ac5/execute/async - {"script":"<script> [189 bytes]","args":[]}
RESULT: {"script":"<script> [189 bytes]","args":[]}
COMMAND: POST /session/c9b3453a2097c94c00e43fefe9121ac5/execute/async - {"script":"<script> [123 bytes]","args":[]}
RESULT: {"script":"<script> [123 bytes]","args":[]}
COMMAND: POST /session/c9b3453a2097c94c00e43fefe9121ac5/timeouts - {"script":"<number>"}
RESULT: {"script":"<number>"}
COMMAND: GET /session/c9b3453a2097c94c00e43fefe9121ac5/timeouts - {}
RESULT: {}
RESULT: undefined
COMMAND: POST /session/c9b3453a2097c94c00e43fefe9121ac5/execute/async - {"script":"<script> [2676 bytes]","args":[]}
RESULT: {"script":"<script> [2676 bytes]","args":[]}
COMMAND: POST /session/c9b3453a2097c94c00e43fefe9121ac5/execute/async - {"script":"<script> [2342 bytes]","args":[{"protocol":"http","hostname":"0.0.0.0","path":"/","capabilities":{"browserName":"chrome","goog:chromeOptions":{"binary":"C:\\Program Files\\Google\\Chrome\\Application\\chrome.exe","args":["--start-maximized"]}},"logLevel":"warn","connectionRetryTimeout":120000,"connectionRetryCount":3,"logLevels":{},"enableDirectConnect":true,"strictSSL":true,"_":"65 more keys: [\"cacheDir\",\"port\",\"requestedCapabilities\",\"automationProtocol\",\"baseUrl\",\"waitforInterval\",\"waitforTimeout\",\"onReload\",\"beforeCommand\",\"afterCommand\",\"rootDir\",\"specs\",\"suites\",\"exclude\",\"groupLogsByTestSpec\",\"excludeDriverLogs\",\"bail\",\"framework\",\"reporters\",\"services\",\"maxInstances\",\"maxInstancesPerCapability\",\"injectGlobals\",\"filesToWatch\",\"execArgv\",\"runnerEnv\",\"runner\",\"shard\",\"specFileRetries\",\"specFileRetriesDelay\",\"specFileRetriesDeferred\",\"reporterSyncInterval\",\"reporterSyncTimeout\",\"cucumberFeaturesWithLineNumbers\",\"autoCompileOpts\",\"mochaOpts\",\"jasmineOpts\",\"cucumberOpts\",\"onPrepare\",\"onWorkerStart\",\"onWorkerEnd\",\"before\",\"beforeSession\",\"beforeSuite\",\"beforeHook\",\"beforeTest\",\"afterTest\",\"afterHook\",\"afterSuite\",\"afterSession\",\"after\",\"onComplete\",\"beforeAssertion\",\"afterAssertion\",\"beforeFeature\",\"beforeScenario\",\"beforeStep\",\"afterStep\",\"afterScenario\",\"afterFeature\",\"_\",\"suite\",\"$0\",\"ignoredWorkerServices\",\"wdi5\"]"}]}
RESULT: {"script":"<script> [2342 bytes]","args":[{"protocol":"http","hostname":"0.0.0.0","path":"/","capabilities":{"browserName":"chrome","goog:chromeOptions":{"binary":"C:\\Program Files\\Google\\Chrome\\Application\\chrome.exe","args":["--start-maximized"]}},"logLevel":"warn","connectionRetryTimeout":120000,"connectionRetryCount":3,"logLevels":{},"enableDirectConnect":true,"strictSSL":true,"_":"65 more keys: [\"cacheDir\",\"port\",\"requestedCapabilities\",\"automationProtocol\",\"baseUrl\",\"waitforInterval\",\"waitforTimeout\",\"onReload\",\"beforeCommand\",\"afterCommand\",\"rootDir\",\"specs\",\"suites\",\"exclude\",\"groupLogsByTestSpec\",\"excludeDriverLogs\",\"bail\",\"framework\",\"reporters\",\"services\",\"maxInstances\",\"maxInstancesPerCapability\",\"injectGlobals\",\"filesToWatch\",\"execArgv\",\"runnerEnv\",\"runner\",\"shard\",\"specFileRetries\",\"specFileRetriesDelay\",\"specFileRetriesDeferred\",\"reporterSyncInterval\",\"reporterSyncTimeout\",\"cucumberFeaturesWithLineNumbers\",\"autoCompileOpts\",\"mochaOpts\",\"jasmineOpts\",\"cucumberOpts\",\"onPrepare\",\"onWorkerStart\",\"onWorkerEnd\",\"before\",\"beforeSession\",\"beforeSuite\",\"beforeHook\",\"beforeTest\",\"afterTest\",\"afterHook\",\"afterSuite\",\"afterSession\",\"after\",\"onComplete\",\"beforeAssertion\",\"afterAssertion\",\"beforeFeature\",\"beforeScenario\",\"beforeStep\",\"afterStep\",\"afterScenario\",\"afterFeature\",\"_\",\"suite\",\"$0\",\"ignoredWorkerServices\",\"wdi5\"]"}]}
COMMAND: POST /session/c9b3453a2097c94c00e43fefe9121ac5/execute/async - {"script":"<script> [21126 bytes]","args":[35000]}
RESULT: {"script":"<script> [21126 bytes]","args":[35000]}
COMMAND: POST /session/c9b3453a2097c94c00e43fefe9121ac5/execute/async - {"script":"<script> [1562 bytes]","args":[{"selector":{"controlType":"sap.m.Button","viewName":"etm.portal.ui.managecatalogs.view.Detail","viewId":"application-managecatalogs-display-component---detailCatalog","i18NText":{"propertyName":"text","key":"edit"},"interaction":{"idSuffix":"BDI-content"}},"wdio_ui5_key":"etmportal.ui.managecatalogs.view.Detailsap.m.Button{\"propertyName\":\"text\",\"key\":\"edit\"}"}]}
RESULT: {"script":"<script> [1562 bytes]","args":[{"selector":{"controlType":"sap.m.Button","viewName":"etm.portal.ui.managecatalogs.view.Detail","viewId":"application-managecatalogs-display-component---detailCatalog","i18NText":{"propertyName":"text","key":"edit"},"interaction":{"idSuffix":"BDI-content"}},"wdio_ui5_key":"etmportal.ui.managecatalogs.view.Detailsap.m.Button{\"propertyName\":\"text\",\"key\":\"edit\"}"}]}
RESULT: undefined
COMMAND: POST /session/c9b3453a2097c94c00e43fefe9121ac5/element - {"using":"xpath","value":"//*[@id=\"__button25\"]"}
RESULT: {"using":"xpath","value":"//*[@id=\"__button25\"]"}
COMMAND: POST /session/c9b3453a2097c94c00e43fefe9121ac5/element/f.95D136BDD403266D18DB82FBE1F0ED89.d.02710584E0C8DB28AD887F921463CF76.e.4687/click - {}
RESULT: {}
COMMAND: GET /session/c9b3453a2097c94c00e43fefe9121ac5/screenshot - {}
RESULT: {}
COMMAND: POST /session/c9b3453a2097c94c00e43fefe9121ac5/element - {"using":"xpath","value":"//button[contains(@title ,\"Create Catalog Item\")]"}
RESULT: {"using":"xpath","value":"//button[contains(@title ,\"Create Catalog Item\")]"}
COMMAND: POST /session/c9b3453a2097c94c00e43fefe9121ac5/element/f.95D136BDD403266D18DB82FBE1F0ED89.d.02710584E0C8DB28AD887F921463CF76.e.4693/click - {}
RESULT: {}
COMMAND: POST /session/c9b3453a2097c94c00e43fefe9121ac5/execute/async - {"script":"<script> [1562 bytes]","args":[{"selector":{"id":"application-managecatalogs-display-component---detailCatalog--newItemNumberInput","searchOpenDialogs":true,"interaction":{"idSuffix":"inner"}},"wdio_ui5_key":"applicationmanagecatalogs-display-component---detailCatalog--newItemNumberInput"}]}
COMMAND: GET /session/c9b3453a2097c94c00e43fefe9121ac5/screenshot - {}
RESULT: {"script":"<script> [1562 bytes]","args":[{"selector":{"id":"application-managecatalogs-display-component---detailCatalog--newItemNumberInput","searchOpenDialogs":true,"interaction":{"idSuffix":"inner"}},"wdio_ui5_key":"applicationmanagecatalogs-display-component---detailCatalog--newItemNumberInput"}]}
RESULT: undefined
COMMAND: POST /session/c9b3453a2097c94c00e43fefe9121ac5/execute/async - {"script":"<script> [776 bytes]","args":[{"enterText":"catalogItem547vb","selector":{"id":"application-managecatalogs-display-component---detailCatalog--newItemNumberInput","searchOpenDialogs":true,"interaction":{"idSuffix":"inner"}},"clearTextFirst":true,"interactionType":"ENTER_TEXT"}]}
RESULT: {}
RESULT: {"script":"<script> [776 bytes]","args":[{"enterText":"catalogItem547vb","selector":{"id":"application-managecatalogs-display-component---detailCatalog--newItemNumberInput","searchOpenDialogs":true,"interaction":{"idSuffix":"inner"}},"clearTextFirst":true,"interactionType":"ENTER_TEXT"}]}
COMMAND: POST /session/c9b3453a2097c94c00e43fefe9121ac5/execute/async - {"script":"<script> [1562 bytes]","args":[{"selector":{"controlType":"sap.m.Input","viewName":"etm.portal.ui.managecatalogs.view.Detail","viewId":"application-managecatalogs-display-component---detailCatalog","bindingPath":{"path":"","propertyPath":"/DESCRIPTION"},"searchOpenDialogs":true,"interaction":{"idSuffix":"inner"}},"wdio_ui5_key":"etmportal.ui.managecatalogs.view.Detailsap.m.Input{\"path\":\"\",\"propertyPath\":\"/DESCRIPTION\"}"}]}
RESULT: {"script":"<script> [1562 bytes]","args":[{"selector":{"controlType":"sap.m.Input","viewName":"etm.portal.ui.managecatalogs.view.Detail","viewId":"application-managecatalogs-display-component---detailCatalog","bindingPath":{"path":"","propertyPath":"/DESCRIPTION"},"searchOpenDialogs":true,"interaction":{"idSuffix":"inner"}},"wdio_ui5_key":"etmportal.ui.managecatalogs.view.Detailsap.m.Input{\"path\":\"\",\"propertyPath\":\"/DESCRIPTION\"}"}]}
RESULT: undefined
COMMAND: POST /session/c9b3453a2097c94c00e43fefe9121ac5/execute/async - {"script":"<script> [776 bytes]","args":[{"enterText":"catalogItemNamedrjms","selector":{"controlType":"sap.m.Input","viewName":"etm.portal.ui.managecatalogs.view.Detail","viewId":"application-managecatalogs-display-component---detailCatalog","bindingPath":{"path":"","propertyPath":"/DESCRIPTION"},"searchOpenDialogs":true,"interaction":{"idSuffix":"inner"}},"clearTextFirst":true,"interactionType":"ENTER_TEXT"}]}
RESULT: {"script":"<script> [776 bytes]","args":[{"enterText":"catalogItemNamedrjms","selector":{"controlType":"sap.m.Input","viewName":"etm.portal.ui.managecatalogs.view.Detail","viewId":"application-managecatalogs-display-component---detailCatalog","bindingPath":{"path":"","propertyPath":"/DESCRIPTION"},"searchOpenDialogs":true,"interaction":{"idSuffix":"inner"}},"clearTextFirst":true,"interactionType":"ENTER_TEXT"}]}
COMMAND: POST /session/c9b3453a2097c94c00e43fefe9121ac5/actions - {"actions":[{"id":"action12","type":"key","parameters":{},"actions":[{"type":"keyDown","value":"î€„"},{"type":"pause","duration":10},{"type":"keyUp","value":"î€„"}]}]}
RESULT: {"actions":[{"id":"action12","type":"key","parameters":{},"actions":[{"type":"keyDown","value":"î€„"},{"type":"pause","duration":10},{"type":"keyUp","value":"î€„"}]}]}
COMMAND: GET /session/c9b3453a2097c94c00e43fefe9121ac5/screenshot - {}
RESULT: {}
COMMAND: POST /session/c9b3453a2097c94c00e43fefe9121ac5/actions - {"actions":[{"id":"action13","type":"key","parameters":{},"actions":[{"type":"keyDown","value":"î€‡"},{"type":"pause","duration":10},{"type":"keyUp","value":"î€‡"}]}]}
RESULT: {"actions":[{"id":"action13","type":"key","parameters":{},"actions":[{"type":"keyDown","value":"î€‡"},{"type":"pause","duration":10},{"type":"keyUp","value":"î€‡"}]}]}
COMMAND: GET /session/c9b3453a2097c94c00e43fefe9121ac5/screenshot - {}
RESULT: {}
COMMAND: POST /session/c9b3453a2097c94c00e43fefe9121ac5/element - {"using":"xpath","value":"//button[@title=\"Save\"]"}
RESULT: {"using":"xpath","value":"//button[@title=\"Save\"]"}
COMMAND: POST /session/c9b3453a2097c94c00e43fefe9121ac5/element/f.95D136BDD403266D18DB82FBE1F0ED89.d.02710584E0C8DB28AD887F921463CF76.e.4701/click - {}
RESULT: {}
COMMAND: GET /session/c9b3453a2097c94c00e43fefe9121ac5/screenshot - {}
RESULT: {}
COMMAND: POST /session/c9b3453a2097c94c00e43fefe9121ac5/execute/async - {"script":"<script> [1562 bytes]","args":[{"selector":{"controlType":"sap.ui.core.Icon","viewName":"etm.portal.ui.managecatalogs.view.Detail","viewId":"application-managecatalogs-display-component---detailCatalog","properties":{"src":{"regex":{"source":"decline"}}}},"wdio_ui5_key":"etmportal.ui.managecatalogs.view.Detailsap.ui.core.Icon{\"src\":{\"regex\":{\"source\":\"decline\"}}}"}]}
RESULT: {"script":"<script> [1562 bytes]","args":[{"selector":{"controlType":"sap.ui.core.Icon","viewName":"etm.portal.ui.managecatalogs.view.Detail","viewId":"application-managecatalogs-display-component---detailCatalog","properties":{"src":{"regex":{"source":"decline"}}}},"wdio_ui5_key":"etmportal.ui.managecatalogs.view.Detailsap.ui.core.Icon{\"src\":{\"regex\":{\"source\":\"decline\"}}}"}]}
RESULT: undefined
COMMAND: POST /session/c9b3453a2097c94c00e43fefe9121ac5/element - {"using":"xpath","value":"//*[@id=\"__button28-img\"]"}
RESULT: {"using":"xpath","value":"//*[@id=\"__button28-img\"]"}
COMMAND: POST /session/c9b3453a2097c94c00e43fefe9121ac5/element/f.95D136BDD403266D18DB82FBE1F0ED89.d.02710584E0C8DB28AD887F921463CF76.e.4706/click - {}
RESULT: {}
COMMAND: GET /session/c9b3453a2097c94c00e43fefe9121ac5/screenshot - {}
RESULT: {}
COMMAND: POST /session/c9b3453a2097c94c00e43fefe9121ac5/execute/async - {"script":"<script> [1562 bytes]","args":[{"selector":{"controlType":"sap.ui.core.Icon","viewName":"etm.portal.ui.managecatalogs.view.MasterItems","viewId":"application-managecatalogs-display-component---masterCatalogItems","properties":{"src":{"regex":{"source":"refresh"}}}},"wdio_ui5_key":"etmportal.ui.managecatalogs.view.MasterItemssap.ui.core.Icon{\"src\":{\"regex\":{\"source\":\"refresh\"}}}"}]}
RESULT: {"script":"<script> [1562 bytes]","args":[{"selector":{"controlType":"sap.ui.core.Icon","viewName":"etm.portal.ui.managecatalogs.view.MasterItems","viewId":"application-managecatalogs-display-component---masterCatalogItems","properties":{"src":{"regex":{"source":"refresh"}}}},"wdio_ui5_key":"etmportal.ui.managecatalogs.view.MasterItemssap.ui.core.Icon{\"src\":{\"regex\":{\"source\":\"refresh\"}}}"}]}
RESULT: undefined
COMMAND: POST /session/c9b3453a2097c94c00e43fefe9121ac5/element - {"using":"xpath","value":"//*[@id=\"__button1-img\"]"}
RESULT: {"using":"xpath","value":"//*[@id=\"__button1-img\"]"}
COMMAND: POST /session/c9b3453a2097c94c00e43fefe9121ac5/element/f.95D136BDD403266D18DB82FBE1F0ED89.d.02710584E0C8DB28AD887F921463CF76.e.4712/click - {}
RESULT: {}
COMMAND: GET /session/c9b3453a2097c94c00e43fefe9121ac5/screenshot - {}
RESULT: {}
COMMAND: POST /session/c9b3453a2097c94c00e43fefe9121ac5/execute/async - {"script":"<script> [1562 bytes]","args":[{"selector":{"id":"application-managecatalogs-display-component---masterCatalogItems--searchItemsField","interaction":{"idSuffix":"I"}},"wdio_ui5_key":"applicationmanagecatalogs-display-component---masterCatalogItems--searchItemsField"}]}
RESULT: {"script":"<script> [1562 bytes]","args":[{"selector":{"id":"application-managecatalogs-display-component---masterCatalogItems--searchItemsField","interaction":{"idSuffix":"I"}},"wdio_ui5_key":"applicationmanagecatalogs-display-component---masterCatalogItems--searchItemsField"}]}
RESULT: undefined
COMMAND: POST /session/c9b3453a2097c94c00e43fefe9121ac5/execute/async - {"script":"<script> [776 bytes]","args":[{"enterText":"catalogItemNamedrjms","selector":{"id":"application-managecatalogs-display-component---masterCatalogItems--searchItemsField","interaction":{"idSuffix":"I"}},"clearTextFirst":true,"interactionType":"ENTER_TEXT"}]}
RESULT: {"script":"<script> [776 bytes]","args":[{"enterText":"catalogItemNamedrjms","selector":{"id":"application-managecatalogs-display-component---masterCatalogItems--searchItemsField","interaction":{"idSuffix":"I"}},"clearTextFirst":true,"interactionType":"ENTER_TEXT"}]}
COMMAND: POST /session/c9b3453a2097c94c00e43fefe9121ac5/actions - {"actions":[{"id":"action14","type":"key","parameters":{},"actions":[{"type":"keyDown","value":"î€‡"},{"type":"pause","duration":10},{"type":"keyUp","value":"î€‡"}]}]}
RESULT: {"actions":[{"id":"action14","type":"key","parameters":{},"actions":[{"type":"keyDown","value":"î€‡"},{"type":"pause","duration":10},{"type":"keyUp","value":"î€‡"}]}]}
COMMAND: POST /session/c9b3453a2097c94c00e43fefe9121ac5/element - {"using":"xpath","value":"(//span[contains(text(), \"catalogItemNamedrjms\")])[1]"}
COMMAND: GET /session/c9b3453a2097c94c00e43fefe9121ac5/screenshot - {}
RESULT: {"using":"xpath","value":"(//span[contains(text(), \"catalogItemNamedrjms\")])[1]"}
COMMAND: POST /session/c9b3453a2097c94c00e43fefe9121ac5/element/f.95D136BDD403266D18DB82FBE1F0ED89.d.02710584E0C8DB28AD887F921463CF76.e.4752/click - {}
RESULT: {}
RESULT: {}
COMMAND: GET /session/c9b3453a2097c94c00e43fefe9121ac5/screenshot - {}
RESULT: {}
COMMAND: POST /session/c9b3453a2097c94c00e43fefe9121ac5/element - {"using":"xpath","value":"//span[contains(text(), \"catalogItem547vb\")]"}
RESULT: {"using":"xpath","value":"//span[contains(text(), \"catalogItem547vb\")]"}
COMMAND: GET /session/c9b3453a2097c94c00e43fefe9121ac5/element/f.95D136BDD403266D18DB82FBE1F0ED89.d.02710584E0C8DB28AD887F921463CF76.e.4817/text - {}
RESULT: {}
]]></system-out>
    </testcase>
    <testcase classname="chrome.136_0_7103_93.windows.Standard_contract_-_add_contract_items_by_Insert_Request_US118222" name="Should assign resources to the catalog item" time="64.836">
      <system-out><![CDATA[
RESULT: undefined
COMMAND: POST /session/c9b3453a2097c94c00e43fefe9121ac5/element - {"using":"xpath","value":"//*[@id=\"__button25\"]"}
RESULT: {"using":"xpath","value":"//*[@id=\"__button25\"]"}
COMMAND: POST /session/c9b3453a2097c94c00e43fefe9121ac5/element/f.95D136BDD403266D18DB82FBE1F0ED89.d.02710584E0C8DB28AD887F921463CF76.e.4818/click - {}
RESULT: {}
COMMAND: GET /session/c9b3453a2097c94c00e43fefe9121ac5/screenshot - {}
RESULT: {}
COMMAND: POST /session/c9b3453a2097c94c00e43fefe9121ac5/execute/async - {"script":"<script> [1562 bytes]","args":[{"selector":{"id":"application-managecatalogs-display-component---detailCatalog--BASE_UNIT_OF_MEASURE-arrow"},"wdio_ui5_key":"applicationmanagecatalogs-display-component---detailCatalog--BASE_UNIT_OF_MEASURE-arrow"}]}
RESULT: {"script":"<script> [1562 bytes]","args":[{"selector":{"id":"application-managecatalogs-display-component---detailCatalog--BASE_UNIT_OF_MEASURE-arrow"},"wdio_ui5_key":"applicationmanagecatalogs-display-component---detailCatalog--BASE_UNIT_OF_MEASURE-arrow"}]}
RESULT: undefined
COMMAND: POST /session/c9b3453a2097c94c00e43fefe9121ac5/element - {"using":"xpath","value":"//*[@id=\"application-managecatalogs-display-component---detailCatalog--BASE_UNIT_OF_MEASURE-arrow\"]"}
RESULT: {"using":"xpath","value":"//*[@id=\"application-managecatalogs-display-component---detailCatalog--BASE_UNIT_OF_MEASURE-arrow\"]"}
COMMAND: POST /session/c9b3453a2097c94c00e43fefe9121ac5/element/f.95D136BDD403266D18DB82FBE1F0ED89.d.02710584E0C8DB28AD887F921463CF76.e.4845/click - {}
RESULT: {}
COMMAND: POST /session/c9b3453a2097c94c00e43fefe9121ac5/execute/async - {"script":"<script> [1562 bytes]","args":[{"selector":{"controlType":"sap.m.StandardListItem","viewName":"etm.portal.ui.managecatalogs.view.Detail","viewId":"application-managecatalogs-display-component---detailCatalog","properties":{"title":"Piece"},"searchOpenDialogs":true,"interaction":{"idSuffix":"titleText"}},"wdio_ui5_key":"etmportal.ui.managecatalogs.view.Detailsap.m.StandardListItem{\"title\":\"Piece\"}"}]}
COMMAND: GET /session/c9b3453a2097c94c00e43fefe9121ac5/screenshot - {}
RESULT: {"script":"<script> [1562 bytes]","args":[{"selector":{"controlType":"sap.m.StandardListItem","viewName":"etm.portal.ui.managecatalogs.view.Detail","viewId":"application-managecatalogs-display-component---detailCatalog","properties":{"title":"Piece"},"searchOpenDialogs":true,"interaction":{"idSuffix":"titleText"}},"wdio_ui5_key":"etmportal.ui.managecatalogs.view.Detailsap.m.StandardListItem{\"title\":\"Piece\"}"}]}
RESULT: undefined
COMMAND: POST /session/c9b3453a2097c94c00e43fefe9121ac5/element - {"using":"xpath","value":"//*[@id=\"__item235\"]"}
RESULT: {}
RESULT: {"using":"xpath","value":"//*[@id=\"__item235\"]"}
COMMAND: POST /session/c9b3453a2097c94c00e43fefe9121ac5/element/f.95D136BDD403266D18DB82FBE1F0ED89.d.02710584E0C8DB28AD887F921463CF76.e.4847/click - {}
RESULT: {}
COMMAND: POST /session/c9b3453a2097c94c00e43fefe9121ac5/execute/async - {"script":"<script> [1562 bytes]","args":[{"selector":{"id":"application-managecatalogs-display-component---detailCatalog--ObjectPageLayout-anchBar-application-managecatalogs-display-component---detailCatalog--sectionRUs-anchor","interaction":{"idSuffix":"BDI-content"}},"wdio_ui5_key":"applicationmanagecatalogs-display-component---detailCatalog--ObjectPageLayout-anchBar-application-managecatalogs-display-component---detailCatalog--sectionRUs-anchor"}]}
COMMAND: GET /session/c9b3453a2097c94c00e43fefe9121ac5/screenshot - {}
RESULT: {"script":"<script> [1562 bytes]","args":[{"selector":{"id":"application-managecatalogs-display-component---detailCatalog--ObjectPageLayout-anchBar-application-managecatalogs-display-component---detailCatalog--sectionRUs-anchor","interaction":{"idSuffix":"BDI-content"}},"wdio_ui5_key":"applicationmanagecatalogs-display-component---detailCatalog--ObjectPageLayout-anchBar-application-managecatalogs-display-component---detailCatalog--sectionRUs-anchor"}]}
RESULT: undefined
COMMAND: POST /session/c9b3453a2097c94c00e43fefe9121ac5/element - {"using":"xpath","value":"//*[@id=\"application-managecatalogs-display-component---detailCatalog--ObjectPageLayout-anchBar-application-managecatalogs-display-component---detailCatalog--sectionRUs-anchor\"]"}
RESULT: {}
RESULT: {"using":"xpath","value":"//*[@id=\"application-managecatalogs-display-component---detailCatalog--ObjectPageLayout-anchBar-application-managecatalogs-display-component---detailCatalog--sectionRUs-anchor\"]"}
COMMAND: POST /session/c9b3453a2097c94c00e43fefe9121ac5/element/f.95D136BDD403266D18DB82FBE1F0ED89.d.02710584E0C8DB28AD887F921463CF76.e.4849/click - {}
RESULT: {}
COMMAND: POST /session/c9b3453a2097c94c00e43fefe9121ac5/element - {"using":"xpath","value":"//button[contains(@data-kt ,\"catalogItemAssignRuButton\")]"}
COMMAND: GET /session/c9b3453a2097c94c00e43fefe9121ac5/screenshot - {}
RESULT: {"using":"xpath","value":"//button[contains(@data-kt ,\"catalogItemAssignRuButton\")]"}
COMMAND: POST /session/c9b3453a2097c94c00e43fefe9121ac5/element/f.95D136BDD403266D18DB82FBE1F0ED89.d.02710584E0C8DB28AD887F921463CF76.e.4855/click - {}
RESULT: {}
RESULT: {}
COMMAND: GET /session/c9b3453a2097c94c00e43fefe9121ac5/screenshot - {}
RESULT: {}
COMMAND: POST /session/c9b3453a2097c94c00e43fefe9121ac5/actions - {"actions":[{"id":"action15","type":"key","parameters":{},"actions":[{"type":"keyDown","value":"î€‡"},{"type":"pause","duration":10},{"type":"keyUp","value":"î€‡"}]}]}
RESULT: {"actions":[{"id":"action15","type":"key","parameters":{},"actions":[{"type":"keyDown","value":"î€‡"},{"type":"pause","duration":10},{"type":"keyUp","value":"î€‡"}]}]}
COMMAND: POST /session/c9b3453a2097c94c00e43fefe9121ac5/execute/async - {"script":"<script> [1562 bytes]","args":[{"selector":{"id":"application-managecatalogs-display-component---detailCatalog--assignRUSearchField-vhi","searchOpenDialogs":true},"wdio_ui5_key":"applicationmanagecatalogs-display-component---detailCatalog--assignRUSearchField-vhi"}]}
COMMAND: GET /session/c9b3453a2097c94c00e43fefe9121ac5/screenshot - {}
RESULT: {"script":"<script> [1562 bytes]","args":[{"selector":{"id":"application-managecatalogs-display-component---detailCatalog--assignRUSearchField-vhi","searchOpenDialogs":true},"wdio_ui5_key":"applicationmanagecatalogs-display-component---detailCatalog--assignRUSearchField-vhi"}]}
RESULT: undefined
COMMAND: POST /session/c9b3453a2097c94c00e43fefe9121ac5/element - {"using":"xpath","value":"//*[@id=\"application-managecatalogs-display-component---detailCatalog--assignRUSearchField-vhi\"]"}
RESULT: {}
RESULT: {"using":"xpath","value":"//*[@id=\"application-managecatalogs-display-component---detailCatalog--assignRUSearchField-vhi\"]"}
COMMAND: POST /session/c9b3453a2097c94c00e43fefe9121ac5/element/f.95D136BDD403266D18DB82FBE1F0ED89.d.02710584E0C8DB28AD887F921463CF76.e.4878/click - {}
RESULT: {}
COMMAND: GET /session/c9b3453a2097c94c00e43fefe9121ac5/screenshot - {}
RESULT: {}
COMMAND: POST /session/c9b3453a2097c94c00e43fefe9121ac5/element - {"using":"xpath","value":"//input[contains(@id ,\"searchField-I\")]"}
RESULT: {"using":"xpath","value":"//input[contains(@id ,\"searchField-I\")]"}
COMMAND: POST /session/c9b3453a2097c94c00e43fefe9121ac5/element/f.95D136BDD403266D18DB82FBE1F0ED89.d.02710584E0C8DB28AD887F921463CF76.e.4880/clear - {}
RESULT: {}
COMMAND: POST /session/c9b3453a2097c94c00e43fefe9121ac5/element/f.95D136BDD403266D18DB82FBE1F0ED89.d.02710584E0C8DB28AD887F921463CF76.e.4880/value - {"text":"WdIOR2cEquipm4hho"}
COMMAND: GET /session/c9b3453a2097c94c00e43fefe9121ac5/screenshot - {}
RESULT: {"text":"WdIOR2cEquipm4hho"}
COMMAND: GET /session/c9b3453a2097c94c00e43fefe9121ac5/screenshot - {}
RESULT: {}
RESULT: {}
COMMAND: POST /session/c9b3453a2097c94c00e43fefe9121ac5/actions - {"actions":[{"id":"action16","type":"key","parameters":{},"actions":[{"type":"keyDown","value":"î€‡"},{"type":"pause","duration":10},{"type":"keyUp","value":"î€‡"}]}]}
RESULT: {"actions":[{"id":"action16","type":"key","parameters":{},"actions":[{"type":"keyDown","value":"î€‡"},{"type":"pause","duration":10},{"type":"keyUp","value":"î€‡"}]}]}
COMMAND: GET /session/c9b3453a2097c94c00e43fefe9121ac5/screenshot - {}
COMMAND: POST /session/c9b3453a2097c94c00e43fefe9121ac5/actions - {"actions":[{"id":"action17","type":"key","parameters":{},"actions":[{"type":"keyDown","value":"î€„"},{"type":"pause","duration":10},{"type":"keyUp","value":"î€„"}]}]}
RESULT: {}
RESULT: {"actions":[{"id":"action17","type":"key","parameters":{},"actions":[{"type":"keyDown","value":"î€„"},{"type":"pause","duration":10},{"type":"keyUp","value":"î€„"}]}]}
COMMAND: GET /session/c9b3453a2097c94c00e43fefe9121ac5/screenshot - {}
RESULT: {}
COMMAND: POST /session/c9b3453a2097c94c00e43fefe9121ac5/actions - {"actions":[{"id":"action18","type":"key","parameters":{},"actions":[{"type":"keyDown","value":"î€‡"},{"type":"pause","duration":10},{"type":"keyUp","value":"î€‡"}]}]}
RESULT: {"actions":[{"id":"action18","type":"key","parameters":{},"actions":[{"type":"keyDown","value":"î€‡"},{"type":"pause","duration":10},{"type":"keyUp","value":"î€‡"}]}]}
COMMAND: GET /session/c9b3453a2097c94c00e43fefe9121ac5/screenshot - {}
RESULT: {}
COMMAND: POST /session/c9b3453a2097c94c00e43fefe9121ac5/element - {"using":"xpath","value":"//bdi[contains(@id ,\"application-managecatalogs-display-component---detailCatalog--RUAssignmentSaveButton-BDI-content\")]"}
RESULT: {"using":"xpath","value":"//bdi[contains(@id ,\"application-managecatalogs-display-component---detailCatalog--RUAssignmentSaveButton-BDI-content\")]"}
COMMAND: POST /session/c9b3453a2097c94c00e43fefe9121ac5/element/f.95D136BDD403266D18DB82FBE1F0ED89.d.02710584E0C8DB28AD887F921463CF76.e.4917/click - {}
RESULT: {}
COMMAND: GET /session/c9b3453a2097c94c00e43fefe9121ac5/screenshot - {}
RESULT: {}
COMMAND: POST /session/c9b3453a2097c94c00e43fefe9121ac5/element - {"using":"xpath","value":"//bdi[contains(@id ,\"application-managecatalogs-display-component---detailCatalog--ObjectPageLayout-anchBar-application-managecatalogs-display-component---detailCatalog--sectionRUs-anchor-BDI-content\")]"}
RESULT: {"using":"xpath","value":"//bdi[contains(@id ,\"application-managecatalogs-display-component---detailCatalog--ObjectPageLayout-anchBar-application-managecatalogs-display-component---detailCatalog--sectionRUs-anchor-BDI-content\")]"}
COMMAND: POST /session/c9b3453a2097c94c00e43fefe9121ac5/element/f.95D136BDD403266D18DB82FBE1F0ED89.d.02710584E0C8DB28AD887F921463CF76.e.4950/click - {}
RESULT: {}
COMMAND: GET /session/c9b3453a2097c94c00e43fefe9121ac5/screenshot - {}
RESULT: {}
COMMAND: POST /session/c9b3453a2097c94c00e43fefe9121ac5/element - {"using":"xpath","value":"//button[contains(@data-kt ,\"catalogItemAssignRuButton\")]"}
RESULT: {"using":"xpath","value":"//button[contains(@data-kt ,\"catalogItemAssignRuButton\")]"}
COMMAND: POST /session/c9b3453a2097c94c00e43fefe9121ac5/element/f.95D136BDD403266D18DB82FBE1F0ED89.d.02710584E0C8DB28AD887F921463CF76.e.4855/click - {}
RESULT: {}
COMMAND: GET /session/c9b3453a2097c94c00e43fefe9121ac5/screenshot - {}
RESULT: {}
COMMAND: POST /session/c9b3453a2097c94c00e43fefe9121ac5/actions - {"actions":[{"id":"action19","type":"key","parameters":{},"actions":[{"type":"keyDown","value":"î€‡"},{"type":"pause","duration":10},{"type":"keyUp","value":"î€‡"}]}]}
RESULT: {"actions":[{"id":"action19","type":"key","parameters":{},"actions":[{"type":"keyDown","value":"î€‡"},{"type":"pause","duration":10},{"type":"keyUp","value":"î€‡"}]}]}
RESULT: undefined
COMMAND: POST /session/c9b3453a2097c94c00e43fefe9121ac5/element - {"using":"xpath","value":"//*[@id=\"application-managecatalogs-display-component---detailCatalog--assignRUSearchField-vhi\"]"}
COMMAND: GET /session/c9b3453a2097c94c00e43fefe9121ac5/screenshot - {}
RESULT: {"using":"xpath","value":"//*[@id=\"application-managecatalogs-display-component---detailCatalog--assignRUSearchField-vhi\"]"}
COMMAND: POST /session/c9b3453a2097c94c00e43fefe9121ac5/elements - {"using":"xpath","value":"//*[@id=\"application-managecatalogs-display-component---detailCatalog--assignRUSearchField-vhi\"]"}
RESULT: {}
RESULT: {"using":"xpath","value":"//*[@id=\"application-managecatalogs-display-component---detailCatalog--assignRUSearchField-vhi\"]"}
COMMAND: POST /session/c9b3453a2097c94c00e43fefe9121ac5/element - {"using":"xpath","value":"//*[@id=\"application-managecatalogs-display-component---detailCatalog--assignRUSearchField-vhi\"]"}
RESULT: {"using":"xpath","value":"//*[@id=\"application-managecatalogs-display-component---detailCatalog--assignRUSearchField-vhi\"]"}
COMMAND: POST /session/c9b3453a2097c94c00e43fefe9121ac5/element/f.95D136BDD403266D18DB82FBE1F0ED89.d.02710584E0C8DB28AD887F921463CF76.e.4969/click - {}
RESULT: {}
COMMAND: POST /session/c9b3453a2097c94c00e43fefe9121ac5/execute/async - {"script":"<script> [1562 bytes]","args":[{"selector":{"controlType":"sap.m.SearchField","viewName":"etm.portal.ui.managecatalogs.view.Detail","viewId":"application-managecatalogs-display-component---detailCatalog","searchOpenDialogs":true,"interaction":{"idSuffix":"I"}},"wdio_ui5_key":"etmportal.ui.managecatalogs.view.Detailsap.m.SearchField"}]}
COMMAND: GET /session/c9b3453a2097c94c00e43fefe9121ac5/screenshot - {}
RESULT: {"script":"<script> [1562 bytes]","args":[{"selector":{"controlType":"sap.m.SearchField","viewName":"etm.portal.ui.managecatalogs.view.Detail","viewId":"application-managecatalogs-display-component---detailCatalog","searchOpenDialogs":true,"interaction":{"idSuffix":"I"}},"wdio_ui5_key":"etmportal.ui.managecatalogs.view.Detailsap.m.SearchField"}]}
RESULT: undefined
COMMAND: POST /session/c9b3453a2097c94c00e43fefe9121ac5/execute/async - {"script":"<script> [776 bytes]","args":[{"enterText":"WebdriverRUR2Ct5kt4h","selector":{"controlType":"sap.m.SearchField","viewName":"etm.portal.ui.managecatalogs.view.Detail","viewId":"application-managecatalogs-display-component---detailCatalog","searchOpenDialogs":true,"interaction":{"idSuffix":"I"}},"clearTextFirst":true,"interactionType":"ENTER_TEXT"}]}
RESULT: {}
RESULT: {"script":"<script> [776 bytes]","args":[{"enterText":"WebdriverRUR2Ct5kt4h","selector":{"controlType":"sap.m.SearchField","viewName":"etm.portal.ui.managecatalogs.view.Detail","viewId":"application-managecatalogs-display-component---detailCatalog","searchOpenDialogs":true,"interaction":{"idSuffix":"I"}},"clearTextFirst":true,"interactionType":"ENTER_TEXT"}]}
COMMAND: POST /session/c9b3453a2097c94c00e43fefe9121ac5/actions - {"actions":[{"id":"action20","type":"key","parameters":{},"actions":[{"type":"keyDown","value":"î€‡"},{"type":"pause","duration":10},{"type":"keyUp","value":"î€‡"}]}]}
RESULT: {"actions":[{"id":"action20","type":"key","parameters":{},"actions":[{"type":"keyDown","value":"î€‡"},{"type":"pause","duration":10},{"type":"keyUp","value":"î€‡"}]}]}
COMMAND: GET /session/c9b3453a2097c94c00e43fefe9121ac5/screenshot - {}
RESULT: {}
COMMAND: POST /session/c9b3453a2097c94c00e43fefe9121ac5/element - {"using":"xpath","value":"(//span[contains(text(), \"WebdriverRUR2Ct5kt4h\")])[1]"}
RESULT: {"using":"xpath","value":"(//span[contains(text(), \"WebdriverRUR2Ct5kt4h\")])[1]"}
COMMAND: POST /session/c9b3453a2097c94c00e43fefe9121ac5/element/f.95D136BDD403266D18DB82FBE1F0ED89.d.02710584E0C8DB28AD887F921463CF76.e.4999/click - {}
RESULT: {}
COMMAND: POST /session/c9b3453a2097c94c00e43fefe9121ac5/execute/async - {"script":"<script> [1562 bytes]","args":[{"selector":{"id":"application-managecatalogs-display-component---detailCatalog--RUAssignmentSaveButton","searchOpenDialogs":true,"interaction":{"idSuffix":"BDI-content"}},"wdio_ui5_key":"applicationmanagecatalogs-display-component---detailCatalog--RUAssignmentSaveButton"}]}
COMMAND: GET /session/c9b3453a2097c94c00e43fefe9121ac5/screenshot - {}
RESULT: {"script":"<script> [1562 bytes]","args":[{"selector":{"id":"application-managecatalogs-display-component---detailCatalog--RUAssignmentSaveButton","searchOpenDialogs":true,"interaction":{"idSuffix":"BDI-content"}},"wdio_ui5_key":"applicationmanagecatalogs-display-component---detailCatalog--RUAssignmentSaveButton"}]}
RESULT: undefined
COMMAND: POST /session/c9b3453a2097c94c00e43fefe9121ac5/element - {"using":"xpath","value":"//*[@id=\"application-managecatalogs-display-component---detailCatalog--RUAssignmentSaveButton\"]"}
RESULT: {}
RESULT: {"using":"xpath","value":"//*[@id=\"application-managecatalogs-display-component---detailCatalog--RUAssignmentSaveButton\"]"}
COMMAND: POST /session/c9b3453a2097c94c00e43fefe9121ac5/element/f.95D136BDD403266D18DB82FBE1F0ED89.d.02710584E0C8DB28AD887F921463CF76.e.5002/click - {}
RESULT: {}
COMMAND: GET /session/c9b3453a2097c94c00e43fefe9121ac5/screenshot - {}
RESULT: {}
COMMAND: POST /session/c9b3453a2097c94c00e43fefe9121ac5/element - {"using":"xpath","value":"//bdi[contains(text(), \"Save\")]"}
RESULT: {"using":"xpath","value":"//bdi[contains(text(), \"Save\")]"}
COMMAND: POST /session/c9b3453a2097c94c00e43fefe9121ac5/element/f.95D136BDD403266D18DB82FBE1F0ED89.d.02710584E0C8DB28AD887F921463CF76.e.5013/click - {}
RESULT: {}
COMMAND: GET /session/c9b3453a2097c94c00e43fefe9121ac5/screenshot - {}
RESULT: {}
COMMAND: POST /session/c9b3453a2097c94c00e43fefe9121ac5/element - {"using":"css selector","value":"#shell-header-logo"}
RESULT: {"using":"css selector","value":"#shell-header-logo"}
COMMAND: POST /session/c9b3453a2097c94c00e43fefe9121ac5/element/f.95D136BDD403266D18DB82FBE1F0ED89.d.02710584E0C8DB28AD887F921463CF76.e.4637/click - {}
RESULT: {}
COMMAND: GET /session/c9b3453a2097c94c00e43fefe9121ac5/screenshot - {}
RESULT: {}
]]></system-out>
    </testcase>
    <testcase classname="chrome.136_0_7103_93.windows.Standard_contract_-_add_contract_items_by_Insert_Request_US118222" name="Should create a new contract" time="106.135">
      <system-out><![CDATA[
COMMAND: POST /session/c9b3453a2097c94c00e43fefe9121ac5/execute/async - {"script":"<script> [1562 bytes]","args":[{"selector":{"controlType":"sap.m.GenericTile","properties":{"header":"Manage Contracts"}},"wdio_ui5_key":"sapm.GenericTile{\"header\":\"Manage Contracts\"}"}]}
RESULT: {"script":"<script> [1562 bytes]","args":[{"selector":{"controlType":"sap.m.GenericTile","properties":{"header":"Manage Contracts"}},"wdio_ui5_key":"sapm.GenericTile{\"header\":\"Manage Contracts\"}"}]}
RESULT: undefined
COMMAND: POST /session/c9b3453a2097c94c00e43fefe9121ac5/element - {"using":"xpath","value":"//*[@id=\"__tile130\"]"}
RESULT: {"using":"xpath","value":"//*[@id=\"__tile130\"]"}
COMMAND: POST /session/c9b3453a2097c94c00e43fefe9121ac5/element/f.95D136BDD403266D18DB82FBE1F0ED89.d.02710584E0C8DB28AD887F921463CF76.e.5043/click - {}
RESULT: {}
COMMAND: GET /session/c9b3453a2097c94c00e43fefe9121ac5/screenshot - {}
RESULT: {}
COMMAND: POST /session/c9b3453a2097c94c00e43fefe9121ac5/elements - {"using":"xpath","value":"//span[text()='Error']"}
RESULT: {"using":"xpath","value":"//span[text()='Error']"}
COMMAND: POST /session/c9b3453a2097c94c00e43fefe9121ac5/element - {"using":"xpath","value":"//button[@data-kt=\"addButton\"]"}
RESULT: {"using":"xpath","value":"//button[@data-kt=\"addButton\"]"}
COMMAND: POST /session/c9b3453a2097c94c00e43fefe9121ac5/element/f.95D136BDD403266D18DB82FBE1F0ED89.d.02710584E0C8DB28AD887F921463CF76.e.5096/click - {}
RESULT: {}
COMMAND: GET /session/c9b3453a2097c94c00e43fefe9121ac5/screenshot - {}
RESULT: {}
COMMAND: POST /session/c9b3453a2097c94c00e43fefe9121ac5/execute/async - {"script":"<script> [1562 bytes]","args":[{"selector":{"id":"application-managecontracts-display-component---AddNewContract--projectDescription","interaction":{"idSuffix":"inner"}},"wdio_ui5_key":"applicationmanagecontracts-display-component---AddNewContract--projectDescription"}]}
RESULT: {"script":"<script> [1562 bytes]","args":[{"selector":{"id":"application-managecontracts-display-component---AddNewContract--projectDescription","interaction":{"idSuffix":"inner"}},"wdio_ui5_key":"applicationmanagecontracts-display-component---AddNewContract--projectDescription"}]}
RESULT: undefined
COMMAND: POST /session/c9b3453a2097c94c00e43fefe9121ac5/execute/async - {"script":"<script> [776 bytes]","args":[{"enterText":"WdIOR2c5rmxp","selector":{"id":"application-managecontracts-display-component---AddNewContract--projectDescription","interaction":{"idSuffix":"inner"}},"clearTextFirst":true,"interactionType":"ENTER_TEXT"}]}
RESULT: {"script":"<script> [776 bytes]","args":[{"enterText":"WdIOR2c5rmxp","selector":{"id":"application-managecontracts-display-component---AddNewContract--projectDescription","interaction":{"idSuffix":"inner"}},"clearTextFirst":true,"interactionType":"ENTER_TEXT"}]}
COMMAND: POST /session/c9b3453a2097c94c00e43fefe9121ac5/element - {"using":"xpath","value":"//input[@id=\"application-managecontracts-display-component---AddNewContract--yardId-inner\"]"}
RESULT: {"using":"xpath","value":"//input[@id=\"application-managecontracts-display-component---AddNewContract--yardId-inner\"]"}
COMMAND: POST /session/c9b3453a2097c94c00e43fefe9121ac5/element/f.95D136BDD403266D18DB82FBE1F0ED89.d.02710584E0C8DB28AD887F921463CF76.e.5398/clear - {}
RESULT: {}
COMMAND: POST /session/c9b3453a2097c94c00e43fefe9121ac5/element/f.95D136BDD403266D18DB82FBE1F0ED89.d.02710584E0C8DB28AD887F921463CF76.e.5398/value - {"text":"WebdriverYardtrgti"}
COMMAND: GET /session/c9b3453a2097c94c00e43fefe9121ac5/screenshot - {}
RESULT: {"text":"WebdriverYardtrgti"}
COMMAND: GET /session/c9b3453a2097c94c00e43fefe9121ac5/screenshot - {}
RESULT: {}
RESULT: {}
COMMAND: POST /session/c9b3453a2097c94c00e43fefe9121ac5/actions - {"actions":[{"id":"action21","type":"key","parameters":{},"actions":[{"type":"keyDown","value":"î€‡"},{"type":"pause","duration":10},{"type":"keyUp","value":"î€‡"}]}]}
RESULT: {"actions":[{"id":"action21","type":"key","parameters":{},"actions":[{"type":"keyDown","value":"î€‡"},{"type":"pause","duration":10},{"type":"keyUp","value":"î€‡"}]}]}
COMMAND: GET /session/c9b3453a2097c94c00e43fefe9121ac5/screenshot - {}
RESULT: {}
COMMAND: POST /session/c9b3453a2097c94c00e43fefe9121ac5/element - {"using":"xpath","value":"//input[@id=\"application-managecontracts-display-component---AddNewContract--customerSelect-inner\"]"}
RESULT: {"using":"xpath","value":"//input[@id=\"application-managecontracts-display-component---AddNewContract--customerSelect-inner\"]"}
COMMAND: POST /session/c9b3453a2097c94c00e43fefe9121ac5/element/f.95D136BDD403266D18DB82FBE1F0ED89.d.02710584E0C8DB28AD887F921463CF76.e.5396/clear - {}
RESULT: {}
COMMAND: POST /session/c9b3453a2097c94c00e43fefe9121ac5/element/f.95D136BDD403266D18DB82FBE1F0ED89.d.02710584E0C8DB28AD887F921463CF76.e.5396/value - {"text":"WebdriverPartnerzblt"}
COMMAND: GET /session/c9b3453a2097c94c00e43fefe9121ac5/screenshot - {}
RESULT: {"text":"WebdriverPartnerzblt"}
COMMAND: GET /session/c9b3453a2097c94c00e43fefe9121ac5/screenshot - {}
RESULT: {}
RESULT: {}
COMMAND: POST /session/c9b3453a2097c94c00e43fefe9121ac5/actions - {"actions":[{"id":"action22","type":"key","parameters":{},"actions":[{"type":"keyDown","value":"î€‡"},{"type":"pause","duration":10},{"type":"keyUp","value":"î€‡"}]}]}
RESULT: {"actions":[{"id":"action22","type":"key","parameters":{},"actions":[{"type":"keyDown","value":"î€‡"},{"type":"pause","duration":10},{"type":"keyUp","value":"î€‡"}]}]}
COMMAND: GET /session/c9b3453a2097c94c00e43fefe9121ac5/screenshot - {}
RESULT: {}
COMMAND: POST /session/c9b3453a2097c94c00e43fefe9121ac5/element - {"using":"xpath","value":"//input[@id=\"application-managecontracts-display-component---AddNewContract--site-inner\"]"}
RESULT: {"using":"xpath","value":"//input[@id=\"application-managecontracts-display-component---AddNewContract--site-inner\"]"}
COMMAND: POST /session/c9b3453a2097c94c00e43fefe9121ac5/element/f.95D136BDD403266D18DB82FBE1F0ED89.d.02710584E0C8DB28AD887F921463CF76.e.5397/clear - {}
RESULT: {}
COMMAND: POST /session/c9b3453a2097c94c00e43fefe9121ac5/element/f.95D136BDD403266D18DB82FBE1F0ED89.d.02710584E0C8DB28AD887F921463CF76.e.5397/value - {"text":"WebdriverSitez3qoj"}
COMMAND: GET /session/c9b3453a2097c94c00e43fefe9121ac5/screenshot - {}
RESULT: {"text":"WebdriverSitez3qoj"}
COMMAND: GET /session/c9b3453a2097c94c00e43fefe9121ac5/screenshot - {}
RESULT: {}
RESULT: {}
COMMAND: POST /session/c9b3453a2097c94c00e43fefe9121ac5/actions - {"actions":[{"id":"action23","type":"key","parameters":{},"actions":[{"type":"keyDown","value":"î€‡"},{"type":"pause","duration":10},{"type":"keyUp","value":"î€‡"}]}]}
RESULT: {"actions":[{"id":"action23","type":"key","parameters":{},"actions":[{"type":"keyDown","value":"î€‡"},{"type":"pause","duration":10},{"type":"keyUp","value":"î€‡"}]}]}
COMMAND: GET /session/c9b3453a2097c94c00e43fefe9121ac5/screenshot - {}
RESULT: {}
COMMAND: POST /session/c9b3453a2097c94c00e43fefe9121ac5/element - {"using":"xpath","value":"//button[@data-kt=\"saveButton\"]"}
RESULT: {"using":"xpath","value":"//button[@data-kt=\"saveButton\"]"}
COMMAND: POST /session/c9b3453a2097c94c00e43fefe9121ac5/element/f.95D136BDD403266D18DB82FBE1F0ED89.d.02710584E0C8DB28AD887F921463CF76.e.5428/click - {}
RESULT: {}
COMMAND: GET /session/c9b3453a2097c94c00e43fefe9121ac5/screenshot - {}
RESULT: {}
COMMAND: POST /session/c9b3453a2097c94c00e43fefe9121ac5/execute/async - {"script":"<script> [1562 bytes]","args":[{"selector":{"id":"contractDetailTitleNoExpanded","viewName":"etm.portal.ui.managecontracts.view.Detail"},"wdio_ui5_key":"contractDetailTitleNoExpandedetmportal.ui.managecontracts.view.Detail"}]}
RESULT: {"script":"<script> [1562 bytes]","args":[{"selector":{"id":"contractDetailTitleNoExpanded","viewName":"etm.portal.ui.managecontracts.view.Detail"},"wdio_ui5_key":"contractDetailTitleNoExpandedetmportal.ui.managecontracts.view.Detail"}]}
RESULT: undefined
COMMAND: POST /session/c9b3453a2097c94c00e43fefe9121ac5/execute/async - {"script":"<script> [6424 bytes]","args":[{"element-6066-11e4-a52e-4f735466cecf":"f.95D136BDD403266D18DB82FBE1F0ED89.d.02710584E0C8DB28AD887F921463CF76.e.5499"},"getText",[]]}
RESULT: {"script":"<script> [6424 bytes]","args":[{"element-6066-11e4-a52e-4f735466cecf":"f.95D136BDD403266D18DB82FBE1F0ED89.d.02710584E0C8DB28AD887F921463CF76.e.5499"},"getText",[]]}
]]></system-out>
    </testcase>
    <testcase classname="chrome.136_0_7103_93.windows.Standard_contract_-_add_contract_items_by_Insert_Request_US118222" name="Should create a new request and plan it" time="193.799">
      <system-out><![CDATA[
COMMAND: POST /session/c9b3453a2097c94c00e43fefe9121ac5/element - {"using":"css selector","value":"#shell-header-logo"}
RESULT: {"using":"css selector","value":"#shell-header-logo"}
COMMAND: POST /session/c9b3453a2097c94c00e43fefe9121ac5/element/f.95D136BDD403266D18DB82FBE1F0ED89.d.02710584E0C8DB28AD887F921463CF76.e.5046/click - {}
RESULT: {}
COMMAND: GET /session/c9b3453a2097c94c00e43fefe9121ac5/screenshot - {}
RESULT: {}
COMMAND: POST /session/c9b3453a2097c94c00e43fefe9121ac5/execute/async - {"script":"<script> [1562 bytes]","args":[{"selector":{"controlType":"sap.m.GenericTile","properties":{"header":"Manage Requests"}},"wdio_ui5_key":"sapm.GenericTile{\"header\":\"Manage Requests\"}"}]}
RESULT: {"script":"<script> [1562 bytes]","args":[{"selector":{"controlType":"sap.m.GenericTile","properties":{"header":"Manage Requests"}},"wdio_ui5_key":"sapm.GenericTile{\"header\":\"Manage Requests\"}"}]}
RESULT: undefined
COMMAND: POST /session/c9b3453a2097c94c00e43fefe9121ac5/element - {"using":"xpath","value":"//*[@id=\"__tile47\"]"}
RESULT: {"using":"xpath","value":"//*[@id=\"__tile47\"]"}
COMMAND: POST /session/c9b3453a2097c94c00e43fefe9121ac5/element/f.95D136BDD403266D18DB82FBE1F0ED89.d.02710584E0C8DB28AD887F921463CF76.e.5502/click - {}
RESULT: {}
COMMAND: GET /session/c9b3453a2097c94c00e43fefe9121ac5/screenshot - {}
RESULT: {}
COMMAND: POST /session/c9b3453a2097c94c00e43fefe9121ac5/elements - {"using":"xpath","value":"//span[text()='Error']"}
RESULT: {"using":"xpath","value":"//span[text()='Error']"}
COMMAND: POST /session/c9b3453a2097c94c00e43fefe9121ac5/element - {"using":"xpath","value":"//button[contains(@data-kt ,\"btnCreateNewOverflowToolbarButton\")]"}
COMMAND: POST /session/c9b3453a2097c94c00e43fefe9121ac5/element - {"using":"xpath","value":"(//span[contains(@class ,\"sapMObjStatusText\")])[1]"}
RESULT: {"using":"xpath","value":"//button[contains(@data-kt ,\"btnCreateNewOverflowToolbarButton\")]"}
COMMAND: POST /session/c9b3453a2097c94c00e43fefe9121ac5/element/f.95D136BDD403266D18DB82FBE1F0ED89.d.02710584E0C8DB28AD887F921463CF76.e.5541/click - {}
RESULT: {"using":"xpath","value":"(//span[contains(@class ,\"sapMObjStatusText\")])[1]"}
COMMAND: POST /session/c9b3453a2097c94c00e43fefe9121ac5/execute/sync - {"script":"<script> [8489 bytes]","args":[{"element-6066-11e4-a52e-4f735466cecf":"f.95D136BDD403266D18DB82FBE1F0ED89.d.02710584E0C8DB28AD887F921463CF76.e.5614","ELEMENT":"f.95D136BDD403266D18DB82FBE1F0ED89.d.02710584E0C8DB28AD887F921463CF76.e.5614"}]}
RESULT: {}
COMMAND: GET /session/c9b3453a2097c94c00e43fefe9121ac5/screenshot - {}
RESULT: {"script":"<script> [8489 bytes]","args":[{"element-6066-11e4-a52e-4f735466cecf":"f.95D136BDD403266D18DB82FBE1F0ED89.d.02710584E0C8DB28AD887F921463CF76.e.5614","ELEMENT":"f.95D136BDD403266D18DB82FBE1F0ED89.d.02710584E0C8DB28AD887F921463CF76.e.5614"}]}
COMMAND: GET /session/c9b3453a2097c94c00e43fefe9121ac5/screenshot - {}
RESULT: {}
RESULT: {}
COMMAND: POST /session/c9b3453a2097c94c00e43fefe9121ac5/element - {"using":"xpath","value":"//input[contains(@id ,\"yardId-inner\")]"}
RESULT: {"using":"xpath","value":"//input[contains(@id ,\"yardId-inner\")]"}
COMMAND: POST /session/c9b3453a2097c94c00e43fefe9121ac5/execute/sync - {"script":"<script> [8489 bytes]","args":[{"element-6066-11e4-a52e-4f735466cecf":"f.95D136BDD403266D18DB82FBE1F0ED89.d.02710584E0C8DB28AD887F921463CF76.e.5698","ELEMENT":"f.95D136BDD403266D18DB82FBE1F0ED89.d.02710584E0C8DB28AD887F921463CF76.e.5698"}]}
RESULT: {"script":"<script> [8489 bytes]","args":[{"element-6066-11e4-a52e-4f735466cecf":"f.95D136BDD403266D18DB82FBE1F0ED89.d.02710584E0C8DB28AD887F921463CF76.e.5698","ELEMENT":"f.95D136BDD403266D18DB82FBE1F0ED89.d.02710584E0C8DB28AD887F921463CF76.e.5698"}]}
COMMAND: POST /session/c9b3453a2097c94c00e43fefe9121ac5/element - {"using":"xpath","value":"//input[contains(@id ,\"requestContractNo-inner\")]"}
COMMAND: POST /session/c9b3453a2097c94c00e43fefe9121ac5/element - {"using":"xpath","value":"//input[contains(@id ,\"requestContractNo-inner\")]"}
COMMAND: GET /session/c9b3453a2097c94c00e43fefe9121ac5/screenshot - {}
RESULT: {"using":"xpath","value":"//input[contains(@id ,\"requestContractNo-inner\")]"}
COMMAND: POST /session/c9b3453a2097c94c00e43fefe9121ac5/element/f.95D136BDD403266D18DB82FBE1F0ED89.d.02710584E0C8DB28AD887F921463CF76.e.5695/value - {"text":"10273"}
RESULT: {"using":"xpath","value":"//input[contains(@id ,\"requestContractNo-inner\")]"}
COMMAND: GET /session/c9b3453a2097c94c00e43fefe9121ac5/element/f.95D136BDD403266D18DB82FBE1F0ED89.d.02710584E0C8DB28AD887F921463CF76.e.5695/enabled - {}
RESULT: {}
RESULT: {"text":"10273"}
RESULT: {}
COMMAND: GET /session/c9b3453a2097c94c00e43fefe9121ac5/screenshot - {}
COMMAND: GET /session/c9b3453a2097c94c00e43fefe9121ac5/screenshot - {}
RESULT: {}
RESULT: {}
COMMAND: POST /session/c9b3453a2097c94c00e43fefe9121ac5/actions - {"actions":[{"id":"action24","type":"key","parameters":{},"actions":[{"type":"keyDown","value":"î€‡"},{"type":"pause","duration":10},{"type":"keyUp","value":"î€‡"}]}]}
RESULT: {"actions":[{"id":"action24","type":"key","parameters":{},"actions":[{"type":"keyDown","value":"î€‡"},{"type":"pause","duration":10},{"type":"keyUp","value":"î€‡"}]}]}
COMMAND: GET /session/c9b3453a2097c94c00e43fefe9121ac5/screenshot - {}
RESULT: {}
COMMAND: POST /session/c9b3453a2097c94c00e43fefe9121ac5/execute/async - {"script":"<script> [1562 bytes]","args":[{"selector":{"controlType":"sap.ui.core.Icon","viewName":"etm.portal.ui.managerequests.view.NewRequest","properties":{"src":{"regex":{"source":"add"}}}},"wdio_ui5_key":"etmportal.ui.managerequests.view.NewRequestsap.ui.core.Icon{\"src\":{\"regex\":{\"source\":\"add\"}}}"}]}
RESULT: {"script":"<script> [1562 bytes]","args":[{"selector":{"controlType":"sap.ui.core.Icon","viewName":"etm.portal.ui.managerequests.view.NewRequest","properties":{"src":{"regex":{"source":"add"}}}},"wdio_ui5_key":"etmportal.ui.managerequests.view.NewRequestsap.ui.core.Icon{\"src\":{\"regex\":{\"source\":\"add\"}}}"}]}
RESULT: undefined
COMMAND: POST /session/c9b3453a2097c94c00e43fefe9121ac5/element - {"using":"xpath","value":"//*[@id=\"__xmlview61--btnAddTableRow-img\"]"}
RESULT: {"using":"xpath","value":"//*[@id=\"__xmlview61--btnAddTableRow-img\"]"}
COMMAND: POST /session/c9b3453a2097c94c00e43fefe9121ac5/element/f.95D136BDD403266D18DB82FBE1F0ED89.d.02710584E0C8DB28AD887F921463CF76.e.5885/click - {}
RESULT: {}
COMMAND: GET /session/c9b3453a2097c94c00e43fefe9121ac5/screenshot - {}
RESULT: {}
COMMAND: POST /session/c9b3453a2097c94c00e43fefe9121ac5/execute/async - {"script":"<script> [1562 bytes]","args":[{"selector":{"controlType":"sap.ui.unified.MenuItem","viewName":"etm.portal.ui.managerequests.view.NewRequest","i18NText":{"propertyName":"text","key":"standardEntry"},"searchOpenDialogs":true,"interaction":{"idSuffix":"txt"}},"wdio_ui5_key":"etmportal.ui.managerequests.view.NewRequestsap.ui.unified.MenuItem{\"propertyName\":\"text\",\"key\":\"standardEntry\"}"}]}
RESULT: {"script":"<script> [1562 bytes]","args":[{"selector":{"controlType":"sap.ui.unified.MenuItem","viewName":"etm.portal.ui.managerequests.view.NewRequest","i18NText":{"propertyName":"text","key":"standardEntry"},"searchOpenDialogs":true,"interaction":{"idSuffix":"txt"}},"wdio_ui5_key":"etmportal.ui.managerequests.view.NewRequestsap.ui.unified.MenuItem{\"propertyName\":\"text\",\"key\":\"standardEntry\"}"}]}
RESULT: undefined
COMMAND: POST /session/c9b3453a2097c94c00e43fefe9121ac5/element - {"using":"xpath","value":"//*[@id=\"__item1825\"]"}
RESULT: {"using":"xpath","value":"//*[@id=\"__item1825\"]"}
COMMAND: POST /session/c9b3453a2097c94c00e43fefe9121ac5/element/f.95D136BDD403266D18DB82FBE1F0ED89.d.02710584E0C8DB28AD887F921463CF76.e.5889/click - {}
RESULT: {}
COMMAND: GET /session/c9b3453a2097c94c00e43fefe9121ac5/screenshot - {}
RESULT: {}
RESULT: undefined
COMMAND: POST /session/c9b3453a2097c94c00e43fefe9121ac5/element - {"using":"xpath","value":"//*[@id=\"__xmlview61--btnAddTableRow-img\"]"}
RESULT: {"using":"xpath","value":"//*[@id=\"__xmlview61--btnAddTableRow-img\"]"}
COMMAND: POST /session/c9b3453a2097c94c00e43fefe9121ac5/element/f.95D136BDD403266D18DB82FBE1F0ED89.d.02710584E0C8DB28AD887F921463CF76.e.5885/click - {}
RESULT: {}
COMMAND: GET /session/c9b3453a2097c94c00e43fefe9121ac5/screenshot - {}
RESULT: {}
RESULT: undefined
COMMAND: POST /session/c9b3453a2097c94c00e43fefe9121ac5/element - {"using":"xpath","value":"//*[@id=\"__item1825\"]"}
RESULT: {"using":"xpath","value":"//*[@id=\"__item1825\"]"}
COMMAND: POST /session/c9b3453a2097c94c00e43fefe9121ac5/element/f.95D136BDD403266D18DB82FBE1F0ED89.d.02710584E0C8DB28AD887F921463CF76.e.5901/click - {}
RESULT: {}
COMMAND: GET /session/c9b3453a2097c94c00e43fefe9121ac5/screenshot - {}
RESULT: {}
COMMAND: POST /session/c9b3453a2097c94c00e43fefe9121ac5/element - {"using":"xpath","value":"(//input[contains(@id ,\"requestItemsTable-0-inner\")])[1]"}
RESULT: {"using":"xpath","value":"(//input[contains(@id ,\"requestItemsTable-0-inner\")])[1]"}
COMMAND: POST /session/c9b3453a2097c94c00e43fefe9121ac5/element/f.95D136BDD403266D18DB82FBE1F0ED89.d.02710584E0C8DB28AD887F921463CF76.e.5891/clear - {}
RESULT: {}
COMMAND: POST /session/c9b3453a2097c94c00e43fefe9121ac5/element/f.95D136BDD403266D18DB82FBE1F0ED89.d.02710584E0C8DB28AD887F921463CF76.e.5891/value - {"text":"catalogItem547vb"}
COMMAND: GET /session/c9b3453a2097c94c00e43fefe9121ac5/screenshot - {}
RESULT: {"text":"catalogItem547vb"}
COMMAND: GET /session/c9b3453a2097c94c00e43fefe9121ac5/screenshot - {}
RESULT: {}
RESULT: {}
COMMAND: POST /session/c9b3453a2097c94c00e43fefe9121ac5/actions - {"actions":[{"id":"action25","type":"key","parameters":{},"actions":[{"type":"keyDown","value":"î€‡"},{"type":"pause","duration":10},{"type":"keyUp","value":"î€‡"}]}]}
RESULT: {"actions":[{"id":"action25","type":"key","parameters":{},"actions":[{"type":"keyDown","value":"î€‡"},{"type":"pause","duration":10},{"type":"keyUp","value":"î€‡"}]}]}
COMMAND: POST /session/c9b3453a2097c94c00e43fefe9121ac5/element - {"using":"xpath","value":"(//input[contains(@id ,\"requestItemsTable-1-inner\")])[1]"}
COMMAND: GET /session/c9b3453a2097c94c00e43fefe9121ac5/screenshot - {}
RESULT: {"using":"xpath","value":"(//input[contains(@id ,\"requestItemsTable-1-inner\")])[1]"}
COMMAND: POST /session/c9b3453a2097c94c00e43fefe9121ac5/element/f.95D136BDD403266D18DB82FBE1F0ED89.d.02710584E0C8DB28AD887F921463CF76.e.5903/clear - {}
RESULT: {}
RESULT: {}
COMMAND: POST /session/c9b3453a2097c94c00e43fefe9121ac5/element/f.95D136BDD403266D18DB82FBE1F0ED89.d.02710584E0C8DB28AD887F921463CF76.e.5903/value - {"text":"catalogItem547vb"}
COMMAND: GET /session/c9b3453a2097c94c00e43fefe9121ac5/screenshot - {}
RESULT: {"text":"catalogItem547vb"}
COMMAND: GET /session/c9b3453a2097c94c00e43fefe9121ac5/screenshot - {}
RESULT: {}
RESULT: {}
COMMAND: POST /session/c9b3453a2097c94c00e43fefe9121ac5/actions - {"actions":[{"id":"action26","type":"key","parameters":{},"actions":[{"type":"keyDown","value":"î€‡"},{"type":"pause","duration":10},{"type":"keyUp","value":"î€‡"}]}]}
RESULT: {"actions":[{"id":"action26","type":"key","parameters":{},"actions":[{"type":"keyDown","value":"î€‡"},{"type":"pause","duration":10},{"type":"keyUp","value":"î€‡"}]}]}
COMMAND: GET /session/c9b3453a2097c94c00e43fefe9121ac5/screenshot - {}
RESULT: {}
COMMAND: POST /session/c9b3453a2097c94c00e43fefe9121ac5/execute/async - {"script":"<script> [1562 bytes]","args":[{"selector":{"controlType":"sap.ui.core.Icon","viewName":"etm.portal.ui.managerequests.view.NewRequest","properties":{"src":{"regex":{"source":"slim\\-arrow\\-down"}}},"ancestor":{"controlType":"sap.m.Button","viewName":"etm.portal.ui.managerequests.view.NewRequest","properties":{"icon":"sap-icon://slim-arrow-down"}}},"wdio_ui5_key":"etmportal.ui.managerequests.view.NewRequestsap.ui.core.Icon{\"src\":{\"regex\":{\"source\":\"slim\\\\-arrow\\\\-down\"}}}{\"controlType\":\"sap.m.Button\",\"viewName\":\"etm.portal.ui.managerequests.view.NewRequest\",\"properties\":{\"icon\":\"sap-icon://slim-arrow-down\"}}"}]}
RESULT: {"script":"<script> [1562 bytes]","args":[{"selector":{"controlType":"sap.ui.core.Icon","viewName":"etm.portal.ui.managerequests.view.NewRequest","properties":{"src":{"regex":{"source":"slim\\-arrow\\-down"}}},"ancestor":{"controlType":"sap.m.Button","viewName":"etm.portal.ui.managerequests.view.NewRequest","properties":{"icon":"sap-icon://slim-arrow-down"}}},"wdio_ui5_key":"etmportal.ui.managerequests.view.NewRequestsap.ui.core.Icon{\"src\":{\"regex\":{\"source\":\"slim\\\\-arrow\\\\-down\"}}}{\"controlType\":\"sap.m.Button\",\"viewName\":\"etm.portal.ui.managerequests.view.NewRequest\",\"properties\":{\"icon\":\"sap-icon://slim-arrow-down\"}}"}]}
RESULT: undefined
COMMAND: POST /session/c9b3453a2097c94c00e43fefe9121ac5/element - {"using":"xpath","value":"//*[@id=\"__title45-expandBtn-img\"]"}
RESULT: {"using":"xpath","value":"//*[@id=\"__title45-expandBtn-img\"]"}
COMMAND: POST /session/c9b3453a2097c94c00e43fefe9121ac5/element/f.95D136BDD403266D18DB82FBE1F0ED89.d.02710584E0C8DB28AD887F921463CF76.e.5922/click - {}
RESULT: {}
COMMAND: POST /session/c9b3453a2097c94c00e43fefe9121ac5/element - {"using":"xpath","value":"//div[contains(@data-kt ,\"splitAllocationObjectStatus\")]"}
COMMAND: GET /session/c9b3453a2097c94c00e43fefe9121ac5/screenshot - {}
RESULT: {"using":"xpath","value":"//div[contains(@data-kt ,\"splitAllocationObjectStatus\")]"}
COMMAND: POST /session/c9b3453a2097c94c00e43fefe9121ac5/elements - {"using":"xpath","value":"//div[contains(@data-kt ,\"splitAllocationObjectStatus\")]"}
RESULT: {}
RESULT: {"using":"xpath","value":"//div[contains(@data-kt ,\"splitAllocationObjectStatus\")]"}
COMMAND: POST /session/c9b3453a2097c94c00e43fefe9121ac5/execute/async - {"script":"<script> [1562 bytes]","args":[{"selector":{"controlType":"sap.ui.core.Icon","viewName":"etm.portal.ui.managerequests.view.NewRequest","properties":{"src":{"regex":{"source":"message\\-error"}}},"ancestor":{"controlType":"sap.m.ColumnListItem","viewName":"etm.portal.ui.managerequests.view.NewRequest","bindingPath":{"modelName":"newRequestItems","path":"/RequestItems/0"},"ancestor":{"id":"requestItemsTable","viewName":"etm.portal.ui.managerequests.view.NewRequest"}}},"wdio_ui5_key":"etmportal.ui.managerequests.view.NewRequestsap.ui.core.Icon{\"src\":{\"regex\":{\"source\":\"message\\\\-error\"}}}{\"controlType\":\"sap.m.ColumnListItem\",\"viewName\":\"etm.portal.ui.managerequests.view.NewRequest\",\"bindingPath\":{\"modelName\":\"newRequestItems\",\"path\":\"/RequestItems/0\"},\"ancestor\":{\"id\":\"requestItemsTable\",\"viewName\":\"etm.portal.ui.managerequests.view.NewRequest\"}}"}]}
RESULT: {"script":"<script> [1562 bytes]","args":[{"selector":{"controlType":"sap.ui.core.Icon","viewName":"etm.portal.ui.managerequests.view.NewRequest","properties":{"src":{"regex":{"source":"message\\-error"}}},"ancestor":{"controlType":"sap.m.ColumnListItem","viewName":"etm.portal.ui.managerequests.view.NewRequest","bindingPath":{"modelName":"newRequestItems","path":"/RequestItems/0"},"ancestor":{"id":"requestItemsTable","viewName":"etm.portal.ui.managerequests.view.NewRequest"}}},"wdio_ui5_key":"etmportal.ui.managerequests.view.NewRequestsap.ui.core.Icon{\"src\":{\"regex\":{\"source\":\"message\\\\-error\"}}}{\"controlType\":\"sap.m.ColumnListItem\",\"viewName\":\"etm.portal.ui.managerequests.view.NewRequest\",\"bindingPath\":{\"modelName\":\"newRequestItems\",\"path\":\"/RequestItems/0\"},\"ancestor\":{\"id\":\"requestItemsTable\",\"viewName\":\"etm.portal.ui.managerequests.view.NewRequest\"}}"}]}
RESULT: undefined
COMMAND: POST /session/c9b3453a2097c94c00e43fefe9121ac5/element - {"using":"xpath","value":"//*[@id=\"__status15-__xmlview61--requestItemsTable-0-icon\"]"}
RESULT: {"using":"xpath","value":"//*[@id=\"__status15-__xmlview61--requestItemsTable-0-icon\"]"}
COMMAND: POST /session/c9b3453a2097c94c00e43fefe9121ac5/element/f.95D136BDD403266D18DB82FBE1F0ED89.d.02710584E0C8DB28AD887F921463CF76.e.5927/click - {}
RESULT: {}
COMMAND: GET /session/c9b3453a2097c94c00e43fefe9121ac5/screenshot - {}
RESULT: {}
COMMAND: POST /session/c9b3453a2097c94c00e43fefe9121ac5/execute/async - {"script":"<script> [1562 bytes]","args":[{"selector":{"id":"costObjectAdminTypeComboBox","viewName":"etm.portal.ui.managerequests.view.NewRequest","searchOpenDialogs":true,"interaction":{"idSuffix":"inner"}},"wdio_ui5_key":"costObjectAdminTypeComboBoxetmportal.ui.managerequests.view.NewRequest"}]}
RESULT: {"script":"<script> [1562 bytes]","args":[{"selector":{"id":"costObjectAdminTypeComboBox","viewName":"etm.portal.ui.managerequests.view.NewRequest","searchOpenDialogs":true,"interaction":{"idSuffix":"inner"}},"wdio_ui5_key":"costObjectAdminTypeComboBoxetmportal.ui.managerequests.view.NewRequest"}]}
RESULT: undefined
COMMAND: POST /session/c9b3453a2097c94c00e43fefe9121ac5/execute/async - {"script":"<script> [776 bytes]","args":[{"enterText":"Cost Center","selector":{"id":"costObjectAdminTypeComboBox","viewName":"etm.portal.ui.managerequests.view.NewRequest","searchOpenDialogs":true,"interaction":{"idSuffix":"inner"}},"clearTextFirst":true,"interactionType":"ENTER_TEXT"}]}
RESULT: {"script":"<script> [776 bytes]","args":[{"enterText":"Cost Center","selector":{"id":"costObjectAdminTypeComboBox","viewName":"etm.portal.ui.managerequests.view.NewRequest","searchOpenDialogs":true,"interaction":{"idSuffix":"inner"}},"clearTextFirst":true,"interactionType":"ENTER_TEXT"}]}
COMMAND: POST /session/c9b3453a2097c94c00e43fefe9121ac5/actions - {"actions":[{"id":"action27","type":"key","parameters":{},"actions":[{"type":"keyDown","value":"î€‡"},{"type":"pause","duration":10},{"type":"keyUp","value":"î€‡"}]}]}
RESULT: {"actions":[{"id":"action27","type":"key","parameters":{},"actions":[{"type":"keyDown","value":"î€‡"},{"type":"pause","duration":10},{"type":"keyUp","value":"î€‡"}]}]}
COMMAND: GET /session/c9b3453a2097c94c00e43fefe9121ac5/screenshot - {}
RESULT: {}
COMMAND: POST /session/c9b3453a2097c94c00e43fefe9121ac5/execute/async - {"script":"<script> [1562 bytes]","args":[{"selector":{"controlType":"sap.ui.core.Icon","viewName":"etm.portal.ui.managerequests.view.NewRequest","properties":{"src":{"regex":{"source":"value\\-help"}}},"searchOpenDialogs":true},"wdio_ui5_key":"etmportal.ui.managerequests.view.NewRequestsap.ui.core.Icon{\"src\":{\"regex\":{\"source\":\"value\\\\-help\"}}}"}]}
RESULT: {"script":"<script> [1562 bytes]","args":[{"selector":{"controlType":"sap.ui.core.Icon","viewName":"etm.portal.ui.managerequests.view.NewRequest","properties":{"src":{"regex":{"source":"value\\-help"}}},"searchOpenDialogs":true},"wdio_ui5_key":"etmportal.ui.managerequests.view.NewRequestsap.ui.core.Icon{\"src\":{\"regex\":{\"source\":\"value\\\\-help\"}}}"}]}
RESULT: undefined
COMMAND: POST /session/c9b3453a2097c94c00e43fefe9121ac5/element - {"using":"xpath","value":"//*[@id=\"__xmlview61--costObjectIdComboBox-vhi\"]"}
RESULT: {"using":"xpath","value":"//*[@id=\"__xmlview61--costObjectIdComboBox-vhi\"]"}
COMMAND: POST /session/c9b3453a2097c94c00e43fefe9121ac5/element/f.95D136BDD403266D18DB82FBE1F0ED89.d.02710584E0C8DB28AD887F921463CF76.e.5941/click - {}
RESULT: {}
COMMAND: POST /session/c9b3453a2097c94c00e43fefe9121ac5/execute/async - {"script":"<script> [1562 bytes]","args":[{"selector":{"controlType":"sap.m.SearchField","properties":{"placeholder":"Search"},"searchOpenDialogs":true,"interaction":{"idSuffix":"I"}},"wdio_ui5_key":"sapm.SearchField{\"placeholder\":\"Search\"}"}]}
COMMAND: GET /session/c9b3453a2097c94c00e43fefe9121ac5/screenshot - {}
RESULT: {"script":"<script> [1562 bytes]","args":[{"selector":{"controlType":"sap.m.SearchField","properties":{"placeholder":"Search"},"searchOpenDialogs":true,"interaction":{"idSuffix":"I"}},"wdio_ui5_key":"sapm.SearchField{\"placeholder\":\"Search\"}"}]}
RESULT: undefined
COMMAND: POST /session/c9b3453a2097c94c00e43fefe9121ac5/execute/async - {"script":"<script> [776 bytes]","args":[{"enterText":"10001013","selector":{"controlType":"sap.m.SearchField","properties":{"placeholder":"Search"},"searchOpenDialogs":true,"interaction":{"idSuffix":"I"}},"clearTextFirst":true,"interactionType":"ENTER_TEXT"}]}
RESULT: {}
RESULT: {"script":"<script> [776 bytes]","args":[{"enterText":"10001013","selector":{"controlType":"sap.m.SearchField","properties":{"placeholder":"Search"},"searchOpenDialogs":true,"interaction":{"idSuffix":"I"}},"clearTextFirst":true,"interactionType":"ENTER_TEXT"}]}
COMMAND: POST /session/c9b3453a2097c94c00e43fefe9121ac5/actions - {"actions":[{"id":"action28","type":"key","parameters":{},"actions":[{"type":"keyDown","value":"î€‡"},{"type":"pause","duration":10},{"type":"keyUp","value":"î€‡"}]}]}
RESULT: {"actions":[{"id":"action28","type":"key","parameters":{},"actions":[{"type":"keyDown","value":"î€‡"},{"type":"pause","duration":10},{"type":"keyUp","value":"î€‡"}]}]}
COMMAND: GET /session/c9b3453a2097c94c00e43fefe9121ac5/screenshot - {}
RESULT: {}
COMMAND: POST /session/c9b3453a2097c94c00e43fefe9121ac5/element - {"using":"xpath","value":"//span[contains(text(), \"General Management\")]"}
RESULT: {"using":"xpath","value":"//span[contains(text(), \"General Management\")]"}
COMMAND: POST /session/c9b3453a2097c94c00e43fefe9121ac5/element/f.95D136BDD403266D18DB82FBE1F0ED89.d.02710584E0C8DB28AD887F921463CF76.e.5981/click - {}
RESULT: {}
COMMAND: GET /session/c9b3453a2097c94c00e43fefe9121ac5/screenshot - {}
RESULT: {}
COMMAND: POST /session/c9b3453a2097c94c00e43fefe9121ac5/element - {"using":"xpath","value":"//bdi[contains(text(), \"OK\")]"}
RESULT: {"using":"xpath","value":"//bdi[contains(text(), \"OK\")]"}
COMMAND: POST /session/c9b3453a2097c94c00e43fefe9121ac5/element/f.95D136BDD403266D18DB82FBE1F0ED89.d.02710584E0C8DB28AD887F921463CF76.e.5982/click - {}
RESULT: {}
COMMAND: GET /session/c9b3453a2097c94c00e43fefe9121ac5/screenshot - {}
RESULT: {}
COMMAND: POST /session/c9b3453a2097c94c00e43fefe9121ac5/element - {"using":"xpath","value":"(//bdi[contains(@id ,\"BDI-content\")][contains(text(), \"Save\")])[1]"}
RESULT: {"using":"xpath","value":"(//bdi[contains(@id ,\"BDI-content\")][contains(text(), \"Save\")])[1]"}
COMMAND: POST /session/c9b3453a2097c94c00e43fefe9121ac5/element/f.95D136BDD403266D18DB82FBE1F0ED89.d.02710584E0C8DB28AD887F921463CF76.e.5986/click - {}
RESULT: {}
COMMAND: GET /session/c9b3453a2097c94c00e43fefe9121ac5/screenshot - {}
RESULT: {}
COMMAND: POST /session/c9b3453a2097c94c00e43fefe9121ac5/execute/async - {"script":"<script> [1562 bytes]","args":[{"selector":{"controlType":"sap.ui.core.Icon","viewName":"etm.portal.ui.managerequests.view.NewRequest","properties":{"src":{"regex":{"source":"message\\-error"}}},"ancestor":{"controlType":"sap.m.ColumnListItem","viewName":"etm.portal.ui.managerequests.view.NewRequest","bindingPath":{"modelName":"newRequestItems","path":"/RequestItems/1"},"ancestor":{"id":"requestItemsTable","viewName":"etm.portal.ui.managerequests.view.NewRequest"}}},"wdio_ui5_key":"etmportal.ui.managerequests.view.NewRequestsap.ui.core.Icon{\"src\":{\"regex\":{\"source\":\"message\\\\-error\"}}}{\"controlType\":\"sap.m.ColumnListItem\",\"viewName\":\"etm.portal.ui.managerequests.view.NewRequest\",\"bindingPath\":{\"modelName\":\"newRequestItems\",\"path\":\"/RequestItems/1\"},\"ancestor\":{\"id\":\"requestItemsTable\",\"viewName\":\"etm.portal.ui.managerequests.view.NewRequest\"}}"}]}
RESULT: {"script":"<script> [1562 bytes]","args":[{"selector":{"controlType":"sap.ui.core.Icon","viewName":"etm.portal.ui.managerequests.view.NewRequest","properties":{"src":{"regex":{"source":"message\\-error"}}},"ancestor":{"controlType":"sap.m.ColumnListItem","viewName":"etm.portal.ui.managerequests.view.NewRequest","bindingPath":{"modelName":"newRequestItems","path":"/RequestItems/1"},"ancestor":{"id":"requestItemsTable","viewName":"etm.portal.ui.managerequests.view.NewRequest"}}},"wdio_ui5_key":"etmportal.ui.managerequests.view.NewRequestsap.ui.core.Icon{\"src\":{\"regex\":{\"source\":\"message\\\\-error\"}}}{\"controlType\":\"sap.m.ColumnListItem\",\"viewName\":\"etm.portal.ui.managerequests.view.NewRequest\",\"bindingPath\":{\"modelName\":\"newRequestItems\",\"path\":\"/RequestItems/1\"},\"ancestor\":{\"id\":\"requestItemsTable\",\"viewName\":\"etm.portal.ui.managerequests.view.NewRequest\"}}"}]}
RESULT: undefined
COMMAND: POST /session/c9b3453a2097c94c00e43fefe9121ac5/element - {"using":"xpath","value":"//*[@id=\"__status15-__xmlview61--requestItemsTable-1-icon\"]"}
RESULT: {"using":"xpath","value":"//*[@id=\"__status15-__xmlview61--requestItemsTable-1-icon\"]"}
COMMAND: POST /session/c9b3453a2097c94c00e43fefe9121ac5/element/f.95D136BDD403266D18DB82FBE1F0ED89.d.02710584E0C8DB28AD887F921463CF76.e.5989/click - {}
RESULT: {}
COMMAND: GET /session/c9b3453a2097c94c00e43fefe9121ac5/screenshot - {}
RESULT: {}
RESULT: undefined
COMMAND: POST /session/c9b3453a2097c94c00e43fefe9121ac5/execute/async - {"script":"<script> [776 bytes]","args":[{"enterText":"Cost Center","selector":{"id":"costObjectAdminTypeComboBox","viewName":"etm.portal.ui.managerequests.view.NewRequest","searchOpenDialogs":true,"interaction":{"idSuffix":"inner"}},"clearTextFirst":true,"interactionType":"ENTER_TEXT"}]}
RESULT: {"script":"<script> [776 bytes]","args":[{"enterText":"Cost Center","selector":{"id":"costObjectAdminTypeComboBox","viewName":"etm.portal.ui.managerequests.view.NewRequest","searchOpenDialogs":true,"interaction":{"idSuffix":"inner"}},"clearTextFirst":true,"interactionType":"ENTER_TEXT"}]}
COMMAND: POST /session/c9b3453a2097c94c00e43fefe9121ac5/actions - {"actions":[{"id":"action29","type":"key","parameters":{},"actions":[{"type":"keyDown","value":"î€‡"},{"type":"pause","duration":10},{"type":"keyUp","value":"î€‡"}]}]}
RESULT: {"actions":[{"id":"action29","type":"key","parameters":{},"actions":[{"type":"keyDown","value":"î€‡"},{"type":"pause","duration":10},{"type":"keyUp","value":"î€‡"}]}]}
COMMAND: GET /session/c9b3453a2097c94c00e43fefe9121ac5/screenshot - {}
RESULT: {}
RESULT: undefined
COMMAND: POST /session/c9b3453a2097c94c00e43fefe9121ac5/element - {"using":"xpath","value":"//*[@id=\"__xmlview61--costObjectIdComboBox-vhi\"]"}
RESULT: {"using":"xpath","value":"//*[@id=\"__xmlview61--costObjectIdComboBox-vhi\"]"}
COMMAND: POST /session/c9b3453a2097c94c00e43fefe9121ac5/element/f.95D136BDD403266D18DB82FBE1F0ED89.d.02710584E0C8DB28AD887F921463CF76.e.5999/click - {}
RESULT: {}
RESULT: undefined
COMMAND: POST /session/c9b3453a2097c94c00e43fefe9121ac5/execute/async - {"script":"<script> [776 bytes]","args":[{"enterText":"10001013","selector":{"controlType":"sap.m.SearchField","properties":{"placeholder":"Search"},"searchOpenDialogs":true,"interaction":{"idSuffix":"I"}},"clearTextFirst":true,"interactionType":"ENTER_TEXT"}]}
COMMAND: GET /session/c9b3453a2097c94c00e43fefe9121ac5/screenshot - {}
RESULT: {"script":"<script> [776 bytes]","args":[{"enterText":"10001013","selector":{"controlType":"sap.m.SearchField","properties":{"placeholder":"Search"},"searchOpenDialogs":true,"interaction":{"idSuffix":"I"}},"clearTextFirst":true,"interactionType":"ENTER_TEXT"}]}
COMMAND: POST /session/c9b3453a2097c94c00e43fefe9121ac5/actions - {"actions":[{"id":"action30","type":"key","parameters":{},"actions":[{"type":"keyDown","value":"î€‡"},{"type":"pause","duration":10},{"type":"keyUp","value":"î€‡"}]}]}
RESULT: {}
RESULT: {"actions":[{"id":"action30","type":"key","parameters":{},"actions":[{"type":"keyDown","value":"î€‡"},{"type":"pause","duration":10},{"type":"keyUp","value":"î€‡"}]}]}
COMMAND: GET /session/c9b3453a2097c94c00e43fefe9121ac5/screenshot - {}
RESULT: {}
COMMAND: POST /session/c9b3453a2097c94c00e43fefe9121ac5/element - {"using":"xpath","value":"//span[contains(text(), \"General Management\")]"}
RESULT: {"using":"xpath","value":"//span[contains(text(), \"General Management\")]"}
COMMAND: POST /session/c9b3453a2097c94c00e43fefe9121ac5/element/f.95D136BDD403266D18DB82FBE1F0ED89.d.02710584E0C8DB28AD887F921463CF76.e.6037/click - {}
RESULT: {}
COMMAND: GET /session/c9b3453a2097c94c00e43fefe9121ac5/screenshot - {}
RESULT: {}
COMMAND: POST /session/c9b3453a2097c94c00e43fefe9121ac5/element - {"using":"xpath","value":"//bdi[contains(text(), \"OK\")]"}
RESULT: {"using":"xpath","value":"//bdi[contains(text(), \"OK\")]"}
COMMAND: POST /session/c9b3453a2097c94c00e43fefe9121ac5/element/f.95D136BDD403266D18DB82FBE1F0ED89.d.02710584E0C8DB28AD887F921463CF76.e.6038/click - {}
RESULT: {}
COMMAND: GET /session/c9b3453a2097c94c00e43fefe9121ac5/screenshot - {}
RESULT: {}
COMMAND: POST /session/c9b3453a2097c94c00e43fefe9121ac5/element - {"using":"xpath","value":"(//bdi[contains(@id ,\"BDI-content\")][contains(text(), \"Save\")])[1]"}
RESULT: {"using":"xpath","value":"(//bdi[contains(@id ,\"BDI-content\")][contains(text(), \"Save\")])[1]"}
COMMAND: POST /session/c9b3453a2097c94c00e43fefe9121ac5/element/f.95D136BDD403266D18DB82FBE1F0ED89.d.02710584E0C8DB28AD887F921463CF76.e.6042/click - {}
RESULT: {}
COMMAND: GET /session/c9b3453a2097c94c00e43fefe9121ac5/screenshot - {}
RESULT: {}
COMMAND: POST /session/c9b3453a2097c94c00e43fefe9121ac5/execute/async - {"script":"<script> [1562 bytes]","args":[{"selector":{"controlType":"sap.m.Button","viewName":"etm.portal.ui.managerequests.view.NewRequest","i18NText":{"propertyName":"tooltip","key":"save"},"interaction":{"idSuffix":"content"}},"wdio_ui5_key":"etmportal.ui.managerequests.view.NewRequestsap.m.Button{\"propertyName\":\"tooltip\",\"key\":\"save\"}"}]}
RESULT: {"script":"<script> [1562 bytes]","args":[{"selector":{"controlType":"sap.m.Button","viewName":"etm.portal.ui.managerequests.view.NewRequest","i18NText":{"propertyName":"tooltip","key":"save"},"interaction":{"idSuffix":"content"}},"wdio_ui5_key":"etmportal.ui.managerequests.view.NewRequestsap.m.Button{\"propertyName\":\"tooltip\",\"key\":\"save\"}"}]}
RESULT: undefined
COMMAND: POST /session/c9b3453a2097c94c00e43fefe9121ac5/element - {"using":"xpath","value":"//*[@id=\"__button101\"]"}
RESULT: {"using":"xpath","value":"//*[@id=\"__button101\"]"}
COMMAND: POST /session/c9b3453a2097c94c00e43fefe9121ac5/element/f.95D136BDD403266D18DB82FBE1F0ED89.d.02710584E0C8DB28AD887F921463CF76.e.5778/click - {}
RESULT: {}
COMMAND: GET /session/c9b3453a2097c94c00e43fefe9121ac5/screenshot - {}
RESULT: {}
COMMAND: POST /session/c9b3453a2097c94c00e43fefe9121ac5/execute/async - {"script":"<script> [1562 bytes]","args":[{"selector":{"controlType":"sap.m.Title","properties":{"text":"Success"},"searchOpenDialogs":true},"wdio_ui5_key":"sapm.Title{\"text\":\"Success\"}"}]}
RESULT: {"script":"<script> [1562 bytes]","args":[{"selector":{"controlType":"sap.m.Title","properties":{"text":"Success"},"searchOpenDialogs":true},"wdio_ui5_key":"sapm.Title{\"text\":\"Success\"}"}]}
RESULT: undefined
COMMAND: POST /session/c9b3453a2097c94c00e43fefe9121ac5/execute/async - {"script":"<script> [6424 bytes]","args":[{"element-6066-11e4-a52e-4f735466cecf":"f.95D136BDD403266D18DB82FBE1F0ED89.d.02710584E0C8DB28AD887F921463CF76.e.6048"},"getText",[]]}
RESULT: {"script":"<script> [6424 bytes]","args":[{"element-6066-11e4-a52e-4f735466cecf":"f.95D136BDD403266D18DB82FBE1F0ED89.d.02710584E0C8DB28AD887F921463CF76.e.6048"},"getText",[]]}
COMMAND: POST /session/c9b3453a2097c94c00e43fefe9121ac5/execute/async - {"script":"<script> [1562 bytes]","args":[{"selector":{"controlType":"sap.m.Button","properties":{"text":"Close"},"searchOpenDialogs":true,"interaction":{"idSuffix":"BDI-content"}},"wdio_ui5_key":"sapm.Button{\"text\":\"Close\"}"}]}
RESULT: {"script":"<script> [1562 bytes]","args":[{"selector":{"controlType":"sap.m.Button","properties":{"text":"Close"},"searchOpenDialogs":true,"interaction":{"idSuffix":"BDI-content"}},"wdio_ui5_key":"sapm.Button{\"text\":\"Close\"}"}]}
RESULT: undefined
COMMAND: POST /session/c9b3453a2097c94c00e43fefe9121ac5/element - {"using":"xpath","value":"//*[@id=\"__mbox-btn-4\"]"}
RESULT: {"using":"xpath","value":"//*[@id=\"__mbox-btn-4\"]"}
COMMAND: POST /session/c9b3453a2097c94c00e43fefe9121ac5/element/f.95D136BDD403266D18DB82FBE1F0ED89.d.02710584E0C8DB28AD887F921463CF76.e.6047/click - {}
RESULT: {}
COMMAND: GET /session/c9b3453a2097c94c00e43fefe9121ac5/screenshot - {}
RESULT: {}
COMMAND: POST /session/c9b3453a2097c94c00e43fefe9121ac5/execute/async - {"script":"<script> [1562 bytes]","args":[{"selector":{"controlType":"sap.m.Text","viewName":"etm.portal.ui.managerequests.view.Detail","bindingPath":{"propertyPath":"NO","modelName":"catalogModel"}},"wdio_ui5_key":"etmportal.ui.managerequests.view.Detailsap.m.Text{\"propertyPath\":\"NO\",\"modelName\":\"catalogModel\"}"}]}
RESULT: {"script":"<script> [1562 bytes]","args":[{"selector":{"controlType":"sap.m.Text","viewName":"etm.portal.ui.managerequests.view.Detail","bindingPath":{"propertyPath":"NO","modelName":"catalogModel"}},"wdio_ui5_key":"etmportal.ui.managerequests.view.Detailsap.m.Text{\"propertyPath\":\"NO\",\"modelName\":\"catalogModel\"}"}]}
RESULT: undefined
COMMAND: POST /session/c9b3453a2097c94c00e43fefe9121ac5/execute/async - {"script":"<script> [6424 bytes]","args":[{"element-6066-11e4-a52e-4f735466cecf":"f.95D136BDD403266D18DB82FBE1F0ED89.d.02710584E0C8DB28AD887F921463CF76.e.6177"},"getText",[]]}
RESULT: {"script":"<script> [6424 bytes]","args":[{"element-6066-11e4-a52e-4f735466cecf":"f.95D136BDD403266D18DB82FBE1F0ED89.d.02710584E0C8DB28AD887F921463CF76.e.6177"},"getText",[]]}
COMMAND: POST /session/c9b3453a2097c94c00e43fefe9121ac5/execute/async - {"script":"<script> [1562 bytes]","args":[{"selector":{"controlType":"sap.ui.core.Icon","viewName":"etm.portal.ui.managerequests.view.Detail","properties":{"src":{"regex":{"source":"date\\-time"}}},"ancestor":{"controlType":"sap.m.ColumnListItem","viewName":"etm.portal.ui.managerequests.view.Detail","bindingPath":{"path":"/SmartRequestItemsPlanningBoard(ITEM=10m,REQUEST='20120')"},"ancestor":{"id":"requestItemsTable","viewName":"etm.portal.ui.managerequests.view.Detail"}}},"wdio_ui5_key":"etmportal.ui.managerequests.view.Detailsap.ui.core.Icon{\"src\":{\"regex\":{\"source\":\"date\\\\-time\"}}}{\"controlType\":\"sap.m.ColumnListItem\",\"viewName\":\"etm.portal.ui.managerequests.view.Detail\",\"bindingPath\":{\"path\":\"/SmartRequestItemsPlanningBoard(ITEM=10m,REQUEST='20120')\"},\"ancestor\":{\"id\":\"requestItemsTable\",\"viewName\":\"etm.portal.ui.managerequests.view.Detail\"}}"}]}
RESULT: {"script":"<script> [1562 bytes]","args":[{"selector":{"controlType":"sap.ui.core.Icon","viewName":"etm.portal.ui.managerequests.view.Detail","properties":{"src":{"regex":{"source":"date\\-time"}}},"ancestor":{"controlType":"sap.m.ColumnListItem","viewName":"etm.portal.ui.managerequests.view.Detail","bindingPath":{"path":"/SmartRequestItemsPlanningBoard(ITEM=10m,REQUEST='20120')"},"ancestor":{"id":"requestItemsTable","viewName":"etm.portal.ui.managerequests.view.Detail"}}},"wdio_ui5_key":"etmportal.ui.managerequests.view.Detailsap.ui.core.Icon{\"src\":{\"regex\":{\"source\":\"date\\\\-time\"}}}{\"controlType\":\"sap.m.ColumnListItem\",\"viewName\":\"etm.portal.ui.managerequests.view.Detail\",\"bindingPath\":{\"path\":\"/SmartRequestItemsPlanningBoard(ITEM=10m,REQUEST='20120')\"},\"ancestor\":{\"id\":\"requestItemsTable\",\"viewName\":\"etm.portal.ui.managerequests.view.Detail\"}}"}]}
RESULT: undefined
COMMAND: POST /session/c9b3453a2097c94c00e43fefe9121ac5/element - {"using":"xpath","value":"//*[@id=\"__button129-__clone6772-img\"]"}
RESULT: {"using":"xpath","value":"//*[@id=\"__button129-__clone6772-img\"]"}
COMMAND: POST /session/c9b3453a2097c94c00e43fefe9121ac5/element/f.95D136BDD403266D18DB82FBE1F0ED89.d.02710584E0C8DB28AD887F921463CF76.e.6178/click - {}
RESULT: {}
COMMAND: POST /session/c9b3453a2097c94c00e43fefe9121ac5/execute/async - {"script":"<script> [1562 bytes]","args":[{"selector":{"controlType":"sap.m.Button","viewName":"etm.portal.ui.managerequests.view.Detail","properties":{"text":"Close"},"searchOpenDialogs":true,"interaction":{"idSuffix":"BDI-content"}},"wdio_ui5_key":"etmportal.ui.managerequests.view.Detailsap.m.Button{\"text\":\"Close\"}"}]}
COMMAND: GET /session/c9b3453a2097c94c00e43fefe9121ac5/screenshot - {}
RESULT: {"script":"<script> [1562 bytes]","args":[{"selector":{"controlType":"sap.m.Button","viewName":"etm.portal.ui.managerequests.view.Detail","properties":{"text":"Close"},"searchOpenDialogs":true,"interaction":{"idSuffix":"BDI-content"}},"wdio_ui5_key":"etmportal.ui.managerequests.view.Detailsap.m.Button{\"text\":\"Close\"}"}]}
RESULT: undefined
COMMAND: POST /session/c9b3453a2097c94c00e43fefe9121ac5/element - {"using":"xpath","value":"//*[@id=\"__button137\"]"}
RESULT: {}
RESULT: {"using":"xpath","value":"//*[@id=\"__button137\"]"}
COMMAND: POST /session/c9b3453a2097c94c00e43fefe9121ac5/element/f.95D136BDD403266D18DB82FBE1F0ED89.d.02710584E0C8DB28AD887F921463CF76.e.6181/click - {}
RESULT: {}
COMMAND: POST /session/c9b3453a2097c94c00e43fefe9121ac5/execute/async - {"script":"<script> [1562 bytes]","args":[{"selector":{"controlType":"sap.ui.core.Icon","viewName":"etm.portal.ui.managerequests.view.Detail","properties":{"src":{"regex":{"source":"date\\-time"}}},"ancestor":{"controlType":"sap.m.ColumnListItem","viewName":"etm.portal.ui.managerequests.view.Detail","bindingPath":{"path":"/SmartRequestItemsPlanningBoard(ITEM=20m,REQUEST='20120')"},"ancestor":{"id":"requestItemsTable","viewName":"etm.portal.ui.managerequests.view.Detail"}}},"wdio_ui5_key":"etmportal.ui.managerequests.view.Detailsap.ui.core.Icon{\"src\":{\"regex\":{\"source\":\"date\\\\-time\"}}}{\"controlType\":\"sap.m.ColumnListItem\",\"viewName\":\"etm.portal.ui.managerequests.view.Detail\",\"bindingPath\":{\"path\":\"/SmartRequestItemsPlanningBoard(ITEM=20m,REQUEST='20120')\"},\"ancestor\":{\"id\":\"requestItemsTable\",\"viewName\":\"etm.portal.ui.managerequests.view.Detail\"}}"}]}
COMMAND: GET /session/c9b3453a2097c94c00e43fefe9121ac5/screenshot - {}
RESULT: {"script":"<script> [1562 bytes]","args":[{"selector":{"controlType":"sap.ui.core.Icon","viewName":"etm.portal.ui.managerequests.view.Detail","properties":{"src":{"regex":{"source":"date\\-time"}}},"ancestor":{"controlType":"sap.m.ColumnListItem","viewName":"etm.portal.ui.managerequests.view.Detail","bindingPath":{"path":"/SmartRequestItemsPlanningBoard(ITEM=20m,REQUEST='20120')"},"ancestor":{"id":"requestItemsTable","viewName":"etm.portal.ui.managerequests.view.Detail"}}},"wdio_ui5_key":"etmportal.ui.managerequests.view.Detailsap.ui.core.Icon{\"src\":{\"regex\":{\"source\":\"date\\\\-time\"}}}{\"controlType\":\"sap.m.ColumnListItem\",\"viewName\":\"etm.portal.ui.managerequests.view.Detail\",\"bindingPath\":{\"path\":\"/SmartRequestItemsPlanningBoard(ITEM=20m,REQUEST='20120')\"},\"ancestor\":{\"id\":\"requestItemsTable\",\"viewName\":\"etm.portal.ui.managerequests.view.Detail\"}}"}]}
RESULT: undefined
COMMAND: POST /session/c9b3453a2097c94c00e43fefe9121ac5/element - {"using":"xpath","value":"//*[@id=\"__button129-__clone6773-img\"]"}
RESULT: {}
RESULT: {"using":"xpath","value":"//*[@id=\"__button129-__clone6773-img\"]"}
COMMAND: POST /session/c9b3453a2097c94c00e43fefe9121ac5/element/f.95D136BDD403266D18DB82FBE1F0ED89.d.02710584E0C8DB28AD887F921463CF76.e.6188/click - {}
RESULT: {}
RESULT: undefined
COMMAND: POST /session/c9b3453a2097c94c00e43fefe9121ac5/element - {"using":"xpath","value":"//*[@id=\"__button137\"]"}
COMMAND: GET /session/c9b3453a2097c94c00e43fefe9121ac5/screenshot - {}
RESULT: {"using":"xpath","value":"//*[@id=\"__button137\"]"}
COMMAND: POST /session/c9b3453a2097c94c00e43fefe9121ac5/elements - {"using":"xpath","value":"//*[@id=\"__button137\"]"}
RESULT: {}
RESULT: {"using":"xpath","value":"//*[@id=\"__button137\"]"}
COMMAND: POST /session/c9b3453a2097c94c00e43fefe9121ac5/element - {"using":"xpath","value":"//*[@id=\"__button137\"]"}
RESULT: {"using":"xpath","value":"//*[@id=\"__button137\"]"}
COMMAND: POST /session/c9b3453a2097c94c00e43fefe9121ac5/element/f.95D136BDD403266D18DB82FBE1F0ED89.d.02710584E0C8DB28AD887F921463CF76.e.6193/click - {}
RESULT: {}
COMMAND: POST /session/c9b3453a2097c94c00e43fefe9121ac5/element - {"using":"css selector","value":"#shell-header-logo"}
COMMAND: GET /session/c9b3453a2097c94c00e43fefe9121ac5/screenshot - {}
RESULT: {"using":"css selector","value":"#shell-header-logo"}
COMMAND: POST /session/c9b3453a2097c94c00e43fefe9121ac5/element/f.95D136BDD403266D18DB82FBE1F0ED89.d.02710584E0C8DB28AD887F921463CF76.e.5507/click - {}
RESULT: {}
RESULT: {}
COMMAND: GET /session/c9b3453a2097c94c00e43fefe9121ac5/screenshot - {}
RESULT: {}
]]></system-out>
    </testcase>
    <testcase classname="chrome.136_0_7103_93.windows.Standard_contract_-_add_contract_items_by_Insert_Request_US118222" name="Should insert the request into the contract" time="69.242">
      <system-out><![CDATA[
RESULT: undefined
COMMAND: POST /session/c9b3453a2097c94c00e43fefe9121ac5/element - {"using":"xpath","value":"//*[@id=\"__tile130\"]"}
RESULT: {"using":"xpath","value":"//*[@id=\"__tile130\"]"}
COMMAND: POST /session/c9b3453a2097c94c00e43fefe9121ac5/element/f.95D136BDD403266D18DB82FBE1F0ED89.d.02710584E0C8DB28AD887F921463CF76.e.5043/click - {}
RESULT: {}
COMMAND: GET /session/c9b3453a2097c94c00e43fefe9121ac5/screenshot - {}
RESULT: {}
COMMAND: POST /session/c9b3453a2097c94c00e43fefe9121ac5/elements - {"using":"xpath","value":"//span[text()='Error']"}
RESULT: {"using":"xpath","value":"//span[text()='Error']"}
COMMAND: POST /session/c9b3453a2097c94c00e43fefe9121ac5/execute/async - {"script":"<script> [1562 bytes]","args":[{"selector":{"controlType":"sap.m.SearchField","viewName":"etm.portal.ui.managecontracts.view.Master","bindingPath":{"path":"","propertyPath":"/_BASIC_SEARCH_FIELD","modelName":"fi1t3rM0d31"},"interaction":{"idSuffix":"I"}},"wdio_ui5_key":"etmportal.ui.managecontracts.view.Mastersap.m.SearchField{\"path\":\"\",\"propertyPath\":\"/_BASIC_SEARCH_FIELD\",\"modelName\":\"fi1t3rM0d31\"}"}]}
RESULT: {"script":"<script> [1562 bytes]","args":[{"selector":{"controlType":"sap.m.SearchField","viewName":"etm.portal.ui.managecontracts.view.Master","bindingPath":{"path":"","propertyPath":"/_BASIC_SEARCH_FIELD","modelName":"fi1t3rM0d31"},"interaction":{"idSuffix":"I"}},"wdio_ui5_key":"etmportal.ui.managecontracts.view.Mastersap.m.SearchField{\"path\":\"\",\"propertyPath\":\"/_BASIC_SEARCH_FIELD\",\"modelName\":\"fi1t3rM0d31\"}"}]}
RESULT: undefined
COMMAND: POST /session/c9b3453a2097c94c00e43fefe9121ac5/execute/async - {"script":"<script> [776 bytes]","args":[{"enterText":"10273","selector":{"controlType":"sap.m.SearchField","viewName":"etm.portal.ui.managecontracts.view.Master","bindingPath":{"path":"","propertyPath":"/_BASIC_SEARCH_FIELD","modelName":"fi1t3rM0d31"},"interaction":{"idSuffix":"I"}},"clearTextFirst":true,"interactionType":"ENTER_TEXT"}]}
RESULT: {"script":"<script> [776 bytes]","args":[{"enterText":"10273","selector":{"controlType":"sap.m.SearchField","viewName":"etm.portal.ui.managecontracts.view.Master","bindingPath":{"path":"","propertyPath":"/_BASIC_SEARCH_FIELD","modelName":"fi1t3rM0d31"},"interaction":{"idSuffix":"I"}},"clearTextFirst":true,"interactionType":"ENTER_TEXT"}]}
COMMAND: POST /session/c9b3453a2097c94c00e43fefe9121ac5/actions - {"actions":[{"id":"action31","type":"key","parameters":{},"actions":[{"type":"keyDown","value":"î€‡"},{"type":"pause","duration":10},{"type":"keyUp","value":"î€‡"}]}]}
RESULT: {"actions":[{"id":"action31","type":"key","parameters":{},"actions":[{"type":"keyDown","value":"î€‡"},{"type":"pause","duration":10},{"type":"keyUp","value":"î€‡"}]}]}
COMMAND: GET /session/c9b3453a2097c94c00e43fefe9121ac5/screenshot - {}
RESULT: {}
COMMAND: POST /session/c9b3453a2097c94c00e43fefe9121ac5/execute/async - {"script":"<script> [1562 bytes]","args":[{"selector":{"controlType":"sap.ui.core.Icon","viewName":"etm.portal.ui.managecontracts.view.Master","properties":{"src":{"regex":{"source":"slim\\-arrow\\-right"}}}},"wdio_ui5_key":"etmportal.ui.managecontracts.view.Mastersap.ui.core.Icon{\"src\":{\"regex\":{\"source\":\"slim\\\\-arrow\\\\-right\"}}}"}]}
RESULT: {"script":"<script> [1562 bytes]","args":[{"selector":{"controlType":"sap.ui.core.Icon","viewName":"etm.portal.ui.managecontracts.view.Master","properties":{"src":{"regex":{"source":"slim\\-arrow\\-right"}}}},"wdio_ui5_key":"etmportal.ui.managecontracts.view.Mastersap.ui.core.Icon{\"src\":{\"regex\":{\"source\":\"slim\\\\-arrow\\\\-right\"}}}"}]}
RESULT: undefined
COMMAND: POST /session/c9b3453a2097c94c00e43fefe9121ac5/element - {"using":"xpath","value":"//*[@id=\"__item2106-__clone6883-imgNav\"]"}
RESULT: {"using":"xpath","value":"//*[@id=\"__item2106-__clone6883-imgNav\"]"}
COMMAND: POST /session/c9b3453a2097c94c00e43fefe9121ac5/element/f.95D136BDD403266D18DB82FBE1F0ED89.d.02710584E0C8DB28AD887F921463CF76.e.6317/click - {}
RESULT: {}
COMMAND: POST /session/c9b3453a2097c94c00e43fefe9121ac5/execute/async - {"script":"<script> [1562 bytes]","args":[{"selector":{"id":"addRequestItemBtn","viewName":"etm.portal.ui.managecontracts.view.Detail","interaction":{"idSuffix":"BDI-content"}},"wdio_ui5_key":"addRequestItemBtnetmportal.ui.managecontracts.view.Detail"}]}
COMMAND: GET /session/c9b3453a2097c94c00e43fefe9121ac5/screenshot - {}
RESULT: {"script":"<script> [1562 bytes]","args":[{"selector":{"id":"addRequestItemBtn","viewName":"etm.portal.ui.managecontracts.view.Detail","interaction":{"idSuffix":"BDI-content"}},"wdio_ui5_key":"addRequestItemBtnetmportal.ui.managecontracts.view.Detail"}]}
RESULT: undefined
COMMAND: POST /session/c9b3453a2097c94c00e43fefe9121ac5/element - {"using":"xpath","value":"//*[@id=\"__xmlview64--addRequestItemBtn\"]"}
RESULT: {}
RESULT: {"using":"xpath","value":"//*[@id=\"__xmlview64--addRequestItemBtn\"]"}
COMMAND: POST /session/c9b3453a2097c94c00e43fefe9121ac5/element/f.95D136BDD403266D18DB82FBE1F0ED89.d.02710584E0C8DB28AD887F921463CF76.e.6383/click - {}
RESULT: {}
COMMAND: GET /session/c9b3453a2097c94c00e43fefe9121ac5/screenshot - {}
RESULT: {}
COMMAND: POST /session/c9b3453a2097c94c00e43fefe9121ac5/element - {"using":"xpath","value":"//div[contains(@id ,\"popupRequestTable-sa-CbBg\")]"}
RESULT: {"using":"xpath","value":"//div[contains(@id ,\"popupRequestTable-sa-CbBg\")]"}
COMMAND: POST /session/c9b3453a2097c94c00e43fefe9121ac5/element/f.95D136BDD403266D18DB82FBE1F0ED89.d.02710584E0C8DB28AD887F921463CF76.e.6502/click - {}
RESULT: {}
COMMAND: GET /session/c9b3453a2097c94c00e43fefe9121ac5/screenshot - {}
RESULT: {}
COMMAND: POST /session/c9b3453a2097c94c00e43fefe9121ac5/execute/async - {"script":"<script> [1562 bytes]","args":[{"selector":{"controlType":"sap.m.Button","viewName":"etm.portal.ui.managecontracts.view.Detail","i18NText":{"propertyName":"text","key":"selectionDone"},"searchOpenDialogs":true,"interaction":{"idSuffix":"BDI-content"}},"wdio_ui5_key":"etmportal.ui.managecontracts.view.Detailsap.m.Button{\"propertyName\":\"text\",\"key\":\"selectionDone\"}"}]}
RESULT: {"script":"<script> [1562 bytes]","args":[{"selector":{"controlType":"sap.m.Button","viewName":"etm.portal.ui.managecontracts.view.Detail","i18NText":{"propertyName":"text","key":"selectionDone"},"searchOpenDialogs":true,"interaction":{"idSuffix":"BDI-content"}},"wdio_ui5_key":"etmportal.ui.managecontracts.view.Detailsap.m.Button{\"propertyName\":\"text\",\"key\":\"selectionDone\"}"}]}
RESULT: undefined
COMMAND: POST /session/c9b3453a2097c94c00e43fefe9121ac5/element - {"using":"xpath","value":"//*[@id=\"__button148\"]"}
RESULT: {"using":"xpath","value":"//*[@id=\"__button148\"]"}
COMMAND: POST /session/c9b3453a2097c94c00e43fefe9121ac5/element/f.95D136BDD403266D18DB82FBE1F0ED89.d.02710584E0C8DB28AD887F921463CF76.e.6504/click - {}
RESULT: {}
COMMAND: POST /session/c9b3453a2097c94c00e43fefe9121ac5/execute/async - {"script":"<script> [1562 bytes]","args":[{"selector":{"controlType":"sap.m.Text","properties":{"text":"Started processing request items into the contract."},"searchOpenDialogs":true},"wdio_ui5_key":"sapm.Text{\"text\":\"Started processing request items into the contract.\"}"}]}
COMMAND: GET /session/c9b3453a2097c94c00e43fefe9121ac5/screenshot - {}
RESULT: {"script":"<script> [1562 bytes]","args":[{"selector":{"controlType":"sap.m.Text","properties":{"text":"Started processing request items into the contract."},"searchOpenDialogs":true},"wdio_ui5_key":"sapm.Text{\"text\":\"Started processing request items into the contract.\"}"}]}
RESULT: undefined
COMMAND: POST /session/c9b3453a2097c94c00e43fefe9121ac5/execute/async - {"script":"<script> [6424 bytes]","args":[{"element-6066-11e4-a52e-4f735466cecf":"f.95D136BDD403266D18DB82FBE1F0ED89.d.02710584E0C8DB28AD887F921463CF76.e.6507"},"getText",[]]}
RESULT: {}
RESULT: {"script":"<script> [6424 bytes]","args":[{"element-6066-11e4-a52e-4f735466cecf":"f.95D136BDD403266D18DB82FBE1F0ED89.d.02710584E0C8DB28AD887F921463CF76.e.6507"},"getText",[]]}
COMMAND: POST /session/c9b3453a2097c94c00e43fefe9121ac5/execute/async - {"script":"<script> [1562 bytes]","args":[{"selector":{"controlType":"sap.m.Button","properties":{"text":"OK"},"searchOpenDialogs":true,"interaction":{"idSuffix":"inner"}},"wdio_ui5_key":"sapm.Button{\"text\":\"OK\"}"}]}
RESULT: {"script":"<script> [1562 bytes]","args":[{"selector":{"controlType":"sap.m.Button","properties":{"text":"OK"},"searchOpenDialogs":true,"interaction":{"idSuffix":"inner"}},"wdio_ui5_key":"sapm.Button{\"text\":\"OK\"}"}]}
RESULT: undefined
COMMAND: POST /session/c9b3453a2097c94c00e43fefe9121ac5/element - {"using":"xpath","value":"//*[@id=\"__mbox-btn-5\"]"}
RESULT: {"using":"xpath","value":"//*[@id=\"__mbox-btn-5\"]"}
COMMAND: POST /session/c9b3453a2097c94c00e43fefe9121ac5/element/f.95D136BDD403266D18DB82FBE1F0ED89.d.02710584E0C8DB28AD887F921463CF76.e.6506/click - {}
RESULT: {}
COMMAND: POST /session/c9b3453a2097c94c00e43fefe9121ac5/execute/async - {"script":"<script> [1562 bytes]","args":[{"selector":{"id":"headerBillingItemsTabFilter","viewName":"etm.portal.ui.managecontracts.view.Detail","interaction":{"idSuffix":"text"}},"wdio_ui5_key":"headerBillingItemsTabFilteretmportal.ui.managecontracts.view.Detail"}]}
COMMAND: GET /session/c9b3453a2097c94c00e43fefe9121ac5/screenshot - {}
RESULT: {"script":"<script> [1562 bytes]","args":[{"selector":{"id":"headerBillingItemsTabFilter","viewName":"etm.portal.ui.managecontracts.view.Detail","interaction":{"idSuffix":"text"}},"wdio_ui5_key":"headerBillingItemsTabFilteretmportal.ui.managecontracts.view.Detail"}]}
RESULT: undefined
COMMAND: POST /session/c9b3453a2097c94c00e43fefe9121ac5/element - {"using":"xpath","value":"//*[@id=\"__xmlview64--headerBillingItemsTabFilter\"]"}
RESULT: {}
RESULT: {"using":"xpath","value":"//*[@id=\"__xmlview64--headerBillingItemsTabFilter\"]"}
COMMAND: POST /session/c9b3453a2097c94c00e43fefe9121ac5/element/f.95D136BDD403266D18DB82FBE1F0ED89.d.02710584E0C8DB28AD887F921463CF76.e.6517/click - {}
RESULT: {}
COMMAND: GET /session/c9b3453a2097c94c00e43fefe9121ac5/screenshot - {}
RESULT: {}
COMMAND: POST /session/c9b3453a2097c94c00e43fefe9121ac5/execute/async - {"script":"<script> [1562 bytes]","args":[{"selector":{"controlType":"sap.ui.core.Icon","viewName":"etm.portal.ui.managecontracts.view.Detail","properties":{"src":{"regex":{"source":"synchronize"}}}},"wdio_ui5_key":"etmportal.ui.managecontracts.view.Detailsap.ui.core.Icon{\"src\":{\"regex\":{\"source\":\"synchronize\"}}}"}]}
RESULT: {"script":"<script> [1562 bytes]","args":[{"selector":{"controlType":"sap.ui.core.Icon","viewName":"etm.portal.ui.managecontracts.view.Detail","properties":{"src":{"regex":{"source":"synchronize"}}}},"wdio_ui5_key":"etmportal.ui.managecontracts.view.Detailsap.ui.core.Icon{\"src\":{\"regex\":{\"source\":\"synchronize\"}}}"}]}
RESULT: undefined
COMMAND: POST /session/c9b3453a2097c94c00e43fefe9121ac5/element - {"using":"xpath","value":"//*[@id=\"__xmlview64--btnToggleUpdate-img\"]"}
RESULT: {"using":"xpath","value":"//*[@id=\"__xmlview64--btnToggleUpdate-img\"]"}
COMMAND: POST /session/c9b3453a2097c94c00e43fefe9121ac5/element/f.95D136BDD403266D18DB82FBE1F0ED89.d.02710584E0C8DB28AD887F921463CF76.e.6382/click - {}
RESULT: {}
COMMAND: GET /session/c9b3453a2097c94c00e43fefe9121ac5/screenshot - {}
RESULT: {}
RESULT: undefined
COMMAND: POST /session/c9b3453a2097c94c00e43fefe9121ac5/element - {"using":"xpath","value":"//*[@id=\"__xmlview64--headerBillingItemsTabFilter\"]"}
RESULT: {"using":"xpath","value":"//*[@id=\"__xmlview64--headerBillingItemsTabFilter\"]"}
COMMAND: POST /session/c9b3453a2097c94c00e43fefe9121ac5/element/f.95D136BDD403266D18DB82FBE1F0ED89.d.02710584E0C8DB28AD887F921463CF76.e.6517/click - {}
RESULT: {}
COMMAND: POST /session/c9b3453a2097c94c00e43fefe9121ac5/execute/async - {"script":"<script> [1562 bytes]","args":[{"selector":{"controlType":"sap.m.Title","viewName":"etm.portal.ui.managecontracts.view.Detail","properties":{"text":"Contract Items (2)"}},"wdio_ui5_key":"etmportal.ui.managecontracts.view.Detailsap.m.Title{\"text\":\"Contract Items (2)\"}"}]}
COMMAND: GET /session/c9b3453a2097c94c00e43fefe9121ac5/screenshot - {}
RESULT: {"script":"<script> [1562 bytes]","args":[{"selector":{"controlType":"sap.m.Title","viewName":"etm.portal.ui.managecontracts.view.Detail","properties":{"text":"Contract Items (2)"}},"wdio_ui5_key":"etmportal.ui.managecontracts.view.Detailsap.m.Title{\"text\":\"Contract Items (2)\"}"}]}
RESULT: undefined
COMMAND: POST /session/c9b3453a2097c94c00e43fefe9121ac5/execute/async - {"script":"<script> [6424 bytes]","args":[{"element-6066-11e4-a52e-4f735466cecf":"f.95D136BDD403266D18DB82FBE1F0ED89.d.02710584E0C8DB28AD887F921463CF76.e.6525"},"getText",[]]}
RESULT: {}
RESULT: {"script":"<script> [6424 bytes]","args":[{"element-6066-11e4-a52e-4f735466cecf":"f.95D136BDD403266D18DB82FBE1F0ED89.d.02710584E0C8DB28AD887F921463CF76.e.6525"},"getText",[]]}
COMMAND: POST /session/c9b3453a2097c94c00e43fefe9121ac5/execute/async - {"script":"<script> [1562 bytes]","args":[{"selector":{"controlType":"sap.m.ObjectStatus","viewName":"etm.portal.ui.managecontracts.view.Detail","bindingPath":{"path":"/SmartContractItems(CONTRACT='10273',ITEM=10m,SUB_ITEM=0m)","propertyPath":"STATUS"}},"wdio_ui5_key":"etmportal.ui.managecontracts.view.Detailsap.m.ObjectStatus{\"path\":\"/SmartContractItems(CONTRACT='10273',ITEM=10m,SUB_ITEM=0m)\",\"propertyPath\":\"STATUS\"}"}]}
RESULT: {"script":"<script> [1562 bytes]","args":[{"selector":{"controlType":"sap.m.ObjectStatus","viewName":"etm.portal.ui.managecontracts.view.Detail","bindingPath":{"path":"/SmartContractItems(CONTRACT='10273',ITEM=10m,SUB_ITEM=0m)","propertyPath":"STATUS"}},"wdio_ui5_key":"etmportal.ui.managecontracts.view.Detailsap.m.ObjectStatus{\"path\":\"/SmartContractItems(CONTRACT='10273',ITEM=10m,SUB_ITEM=0m)\",\"propertyPath\":\"STATUS\"}"}]}
RESULT: undefined
COMMAND: POST /session/c9b3453a2097c94c00e43fefe9121ac5/execute/async - {"script":"<script> [6424 bytes]","args":[{"element-6066-11e4-a52e-4f735466cecf":"f.95D136BDD403266D18DB82FBE1F0ED89.d.02710584E0C8DB28AD887F921463CF76.e.6527"},"getText",[]]}
RESULT: {"script":"<script> [6424 bytes]","args":[{"element-6066-11e4-a52e-4f735466cecf":"f.95D136BDD403266D18DB82FBE1F0ED89.d.02710584E0C8DB28AD887F921463CF76.e.6527"},"getText",[]]}
COMMAND: POST /session/c9b3453a2097c94c00e43fefe9121ac5/execute/async - {"script":"<script> [1562 bytes]","args":[{"selector":{"controlType":"sap.m.ObjectStatus","viewName":"etm.portal.ui.managecontracts.view.Detail","bindingPath":{"path":"/SmartContractItems(CONTRACT='10273',ITEM=20m,SUB_ITEM=0m)","propertyPath":"STATUS"}},"wdio_ui5_key":"etmportal.ui.managecontracts.view.Detailsap.m.ObjectStatus{\"path\":\"/SmartContractItems(CONTRACT='10273',ITEM=20m,SUB_ITEM=0m)\",\"propertyPath\":\"STATUS\"}"}]}
RESULT: {"script":"<script> [1562 bytes]","args":[{"selector":{"controlType":"sap.m.ObjectStatus","viewName":"etm.portal.ui.managecontracts.view.Detail","bindingPath":{"path":"/SmartContractItems(CONTRACT='10273',ITEM=20m,SUB_ITEM=0m)","propertyPath":"STATUS"}},"wdio_ui5_key":"etmportal.ui.managecontracts.view.Detailsap.m.ObjectStatus{\"path\":\"/SmartContractItems(CONTRACT='10273',ITEM=20m,SUB_ITEM=0m)\",\"propertyPath\":\"STATUS\"}"}]}
RESULT: undefined
COMMAND: POST /session/c9b3453a2097c94c00e43fefe9121ac5/execute/async - {"script":"<script> [6424 bytes]","args":[{"element-6066-11e4-a52e-4f735466cecf":"f.95D136BDD403266D18DB82FBE1F0ED89.d.02710584E0C8DB28AD887F921463CF76.e.6528"},"getText",[]]}
RESULT: {"script":"<script> [6424 bytes]","args":[{"element-6066-11e4-a52e-4f735466cecf":"f.95D136BDD403266D18DB82FBE1F0ED89.d.02710584E0C8DB28AD887F921463CF76.e.6528"},"getText",[]]}
]]></system-out>
    </testcase>
  </testsuite>
  <testsuite timestamp="2025-05-15T18:09:34" time="104.157" tests="1" failures="0" errors="0" skipped="0">
    <properties>
      <property name="specId" value="0" />
      <property name="suiteName" value="Manage contracts - revert request US152962" />
      <property name="capabilities" value="chrome.136_0_7103_93.windows" />
      <property name="file" value="file:///D:/a/1/s/test/specs/R2C/manage-contracts-revert-request.spec.js" />
    </properties>
    <testcase classname="chrome.136_0_7103_93.windows.Manage_contracts_-_revert_request_US152962" name="Should revert the request" time="104.155">
      <system-out><![CDATA[
COMMAND: POST /session/c9b3453a2097c94c00e43fefe9121ac5/execute/async - {"script":"<script> [1562 bytes]","args":[{"selector":{"id":"revertPlanningBtn","viewName":"etm.portal.ui.managecontracts.view.Detail","interaction":{"idSuffix":"BDI-content"}},"wdio_ui5_key":"revertPlanningBtnetmportal.ui.managecontracts.view.Detail"}]}
RESULT: {"script":"<script> [1562 bytes]","args":[{"selector":{"id":"revertPlanningBtn","viewName":"etm.portal.ui.managecontracts.view.Detail","interaction":{"idSuffix":"BDI-content"}},"wdio_ui5_key":"revertPlanningBtnetmportal.ui.managecontracts.view.Detail"}]}
RESULT: undefined
COMMAND: POST /session/c9b3453a2097c94c00e43fefe9121ac5/element - {"using":"xpath","value":"//*[@id=\"__xmlview64--revertPlanningBtn\"]"}
RESULT: {"using":"xpath","value":"//*[@id=\"__xmlview64--revertPlanningBtn\"]"}
COMMAND: POST /session/c9b3453a2097c94c00e43fefe9121ac5/element/f.95D136BDD403266D18DB82FBE1F0ED89.d.02710584E0C8DB28AD887F921463CF76.e.6386/click - {}
RESULT: {}
COMMAND: POST /session/c9b3453a2097c94c00e43fefe9121ac5/element - {"using":"xpath","value":"(//div[contains(@id ,\"selectMulti-CbBg\")])[2]"}
COMMAND: GET /session/c9b3453a2097c94c00e43fefe9121ac5/screenshot - {}
RESULT: {"using":"xpath","value":"(//div[contains(@id ,\"selectMulti-CbBg\")])[2]"}
COMMAND: POST /session/c9b3453a2097c94c00e43fefe9121ac5/element/f.95D136BDD403266D18DB82FBE1F0ED89.d.02710584E0C8DB28AD887F921463CF76.e.6575/click - {}
RESULT: {}
RESULT: {}
COMMAND: GET /session/c9b3453a2097c94c00e43fefe9121ac5/screenshot - {}
RESULT: {}
COMMAND: POST /session/c9b3453a2097c94c00e43fefe9121ac5/element - {"using":"xpath","value":"//span[contains(@id ,\"executeRevertPlanningBtn-content\")]"}
RESULT: {"using":"xpath","value":"//span[contains(@id ,\"executeRevertPlanningBtn-content\")]"}
COMMAND: POST /session/c9b3453a2097c94c00e43fefe9121ac5/element/f.95D136BDD403266D18DB82FBE1F0ED89.d.02710584E0C8DB28AD887F921463CF76.e.6576/click - {}
RESULT: {}
COMMAND: GET /session/c9b3453a2097c94c00e43fefe9121ac5/screenshot - {}
RESULT: {}
COMMAND: POST /session/c9b3453a2097c94c00e43fefe9121ac5/actions - {"actions":[{"id":"action32","type":"key","parameters":{},"actions":[{"type":"keyDown","value":"î€‡"},{"type":"pause","duration":10},{"type":"keyUp","value":"î€‡"}]}]}
RESULT: {"actions":[{"id":"action32","type":"key","parameters":{},"actions":[{"type":"keyDown","value":"î€‡"},{"type":"pause","duration":10},{"type":"keyUp","value":"î€‡"}]}]}
COMMAND: GET /session/c9b3453a2097c94c00e43fefe9121ac5/screenshot - {}
RESULT: {}
COMMAND: POST /session/c9b3453a2097c94c00e43fefe9121ac5/refresh - {}
RESULT: {}
COMMAND: GET /session/c9b3453a2097c94c00e43fefe9121ac5/screenshot - {}
RESULT: {}
COMMAND: POST /session/c9b3453a2097c94c00e43fefe9121ac5/execute/async - {"script":"<script> [189 bytes]","args":[]}
RESULT: {"script":"<script> [189 bytes]","args":[]}
COMMAND: POST /session/c9b3453a2097c94c00e43fefe9121ac5/execute/async - {"script":"<script> [123 bytes]","args":[]}
RESULT: {"script":"<script> [123 bytes]","args":[]}
COMMAND: POST /session/c9b3453a2097c94c00e43fefe9121ac5/timeouts - {"script":"<number>"}
RESULT: {"script":"<number>"}
COMMAND: GET /session/c9b3453a2097c94c00e43fefe9121ac5/timeouts - {}
RESULT: {}
RESULT: undefined
COMMAND: POST /session/c9b3453a2097c94c00e43fefe9121ac5/execute/async - {"script":"<script> [2676 bytes]","args":[]}
RESULT: {"script":"<script> [2676 bytes]","args":[]}
COMMAND: POST /session/c9b3453a2097c94c00e43fefe9121ac5/execute/async - {"script":"<script> [2342 bytes]","args":[{"protocol":"http","hostname":"0.0.0.0","path":"/","capabilities":{"browserName":"chrome","goog:chromeOptions":{"binary":"C:\\Program Files\\Google\\Chrome\\Application\\chrome.exe","args":["--start-maximized"]}},"logLevel":"warn","connectionRetryTimeout":120000,"connectionRetryCount":3,"logLevels":{},"enableDirectConnect":true,"strictSSL":true,"_":"65 more keys: [\"cacheDir\",\"port\",\"requestedCapabilities\",\"automationProtocol\",\"baseUrl\",\"waitforInterval\",\"waitforTimeout\",\"onReload\",\"beforeCommand\",\"afterCommand\",\"rootDir\",\"specs\",\"suites\",\"exclude\",\"groupLogsByTestSpec\",\"excludeDriverLogs\",\"bail\",\"framework\",\"reporters\",\"services\",\"maxInstances\",\"maxInstancesPerCapability\",\"injectGlobals\",\"filesToWatch\",\"execArgv\",\"runnerEnv\",\"runner\",\"shard\",\"specFileRetries\",\"specFileRetriesDelay\",\"specFileRetriesDeferred\",\"reporterSyncInterval\",\"reporterSyncTimeout\",\"cucumberFeaturesWithLineNumbers\",\"autoCompileOpts\",\"mochaOpts\",\"jasmineOpts\",\"cucumberOpts\",\"onPrepare\",\"onWorkerStart\",\"onWorkerEnd\",\"before\",\"beforeSession\",\"beforeSuite\",\"beforeHook\",\"beforeTest\",\"afterTest\",\"afterHook\",\"afterSuite\",\"afterSession\",\"after\",\"onComplete\",\"beforeAssertion\",\"afterAssertion\",\"beforeFeature\",\"beforeScenario\",\"beforeStep\",\"afterStep\",\"afterScenario\",\"afterFeature\",\"_\",\"suite\",\"$0\",\"ignoredWorkerServices\",\"wdi5\"]"}]}
RESULT: {"script":"<script> [2342 bytes]","args":[{"protocol":"http","hostname":"0.0.0.0","path":"/","capabilities":{"browserName":"chrome","goog:chromeOptions":{"binary":"C:\\Program Files\\Google\\Chrome\\Application\\chrome.exe","args":["--start-maximized"]}},"logLevel":"warn","connectionRetryTimeout":120000,"connectionRetryCount":3,"logLevels":{},"enableDirectConnect":true,"strictSSL":true,"_":"65 more keys: [\"cacheDir\",\"port\",\"requestedCapabilities\",\"automationProtocol\",\"baseUrl\",\"waitforInterval\",\"waitforTimeout\",\"onReload\",\"beforeCommand\",\"afterCommand\",\"rootDir\",\"specs\",\"suites\",\"exclude\",\"groupLogsByTestSpec\",\"excludeDriverLogs\",\"bail\",\"framework\",\"reporters\",\"services\",\"maxInstances\",\"maxInstancesPerCapability\",\"injectGlobals\",\"filesToWatch\",\"execArgv\",\"runnerEnv\",\"runner\",\"shard\",\"specFileRetries\",\"specFileRetriesDelay\",\"specFileRetriesDeferred\",\"reporterSyncInterval\",\"reporterSyncTimeout\",\"cucumberFeaturesWithLineNumbers\",\"autoCompileOpts\",\"mochaOpts\",\"jasmineOpts\",\"cucumberOpts\",\"onPrepare\",\"onWorkerStart\",\"onWorkerEnd\",\"before\",\"beforeSession\",\"beforeSuite\",\"beforeHook\",\"beforeTest\",\"afterTest\",\"afterHook\",\"afterSuite\",\"afterSession\",\"after\",\"onComplete\",\"beforeAssertion\",\"afterAssertion\",\"beforeFeature\",\"beforeScenario\",\"beforeStep\",\"afterStep\",\"afterScenario\",\"afterFeature\",\"_\",\"suite\",\"$0\",\"ignoredWorkerServices\",\"wdi5\"]"}]}
COMMAND: POST /session/c9b3453a2097c94c00e43fefe9121ac5/execute/async - {"script":"<script> [21126 bytes]","args":[35000]}
RESULT: {"script":"<script> [21126 bytes]","args":[35000]}
COMMAND: POST /session/c9b3453a2097c94c00e43fefe9121ac5/execute/async - {"script":"<script> [1562 bytes]","args":[{"selector":{"controlType":"sap.m.Title","viewName":"etm.portal.ui.managecontracts.view.Detail","properties":{"text":"Contract Items (1)"}},"wdio_ui5_key":"etmportal.ui.managecontracts.view.Detailsap.m.Title{\"text\":\"Contract Items (1)\"}"}]}
RESULT: {"script":"<script> [1562 bytes]","args":[{"selector":{"controlType":"sap.m.Title","viewName":"etm.portal.ui.managecontracts.view.Detail","properties":{"text":"Contract Items (1)"}},"wdio_ui5_key":"etmportal.ui.managecontracts.view.Detailsap.m.Title{\"text\":\"Contract Items (1)\"}"}]}
RESULT: undefined
COMMAND: POST /session/c9b3453a2097c94c00e43fefe9121ac5/execute/async - {"script":"<script> [6424 bytes]","args":[{"element-6066-11e4-a52e-4f735466cecf":"f.95D136BDD403266D18DB82FBE1F0ED89.d.839D74FBFF1CBD9B7C489592A6F99744.e.6781"},"getText",[]]}
RESULT: {"script":"<script> [6424 bytes]","args":[{"element-6066-11e4-a52e-4f735466cecf":"f.95D136BDD403266D18DB82FBE1F0ED89.d.839D74FBFF1CBD9B7C489592A6F99744.e.6781"},"getText",[]]}
COMMAND: POST /session/c9b3453a2097c94c00e43fefe9121ac5/execute/async - {"script":"<script> [1562 bytes]","args":[{"selector":{"id":"contractDetailEditBtn","viewName":"etm.portal.ui.managecontracts.view.Detail","interaction":{"idSuffix":"inner"}},"wdio_ui5_key":"contractDetailEditBtnetmportal.ui.managecontracts.view.Detail"}]}
RESULT: {"script":"<script> [1562 bytes]","args":[{"selector":{"id":"contractDetailEditBtn","viewName":"etm.portal.ui.managecontracts.view.Detail","interaction":{"idSuffix":"inner"}},"wdio_ui5_key":"contractDetailEditBtnetmportal.ui.managecontracts.view.Detail"}]}
RESULT: undefined
COMMAND: POST /session/c9b3453a2097c94c00e43fefe9121ac5/element - {"using":"xpath","value":"//*[@id=\"__xmlview1--contractDetailEditBtn\"]"}
RESULT: {"using":"xpath","value":"//*[@id=\"__xmlview1--contractDetailEditBtn\"]"}
COMMAND: POST /session/c9b3453a2097c94c00e43fefe9121ac5/element/f.95D136BDD403266D18DB82FBE1F0ED89.d.839D74FBFF1CBD9B7C489592A6F99744.e.6628/click - {}
RESULT: {}
COMMAND: GET /session/c9b3453a2097c94c00e43fefe9121ac5/screenshot - {}
RESULT: {}
COMMAND: POST /session/c9b3453a2097c94c00e43fefe9121ac5/element - {"using":"xpath","value":"(//span[contains(text(), \"Header Billing Items\")])[2]"}
RESULT: {"using":"xpath","value":"(//span[contains(text(), \"Header Billing Items\")])[2]"}
COMMAND: POST /session/c9b3453a2097c94c00e43fefe9121ac5/element/f.95D136BDD403266D18DB82FBE1F0ED89.d.839D74FBFF1CBD9B7C489592A6F99744.e.6839/click - {}
RESULT: {}
COMMAND: GET /session/c9b3453a2097c94c00e43fefe9121ac5/screenshot - {}
RESULT: {}
COMMAND: POST /session/c9b3453a2097c94c00e43fefe9121ac5/element - {"using":"xpath","value":"//div[contains(@id ,\"ProductsTable-sa-CbBg\")]"}
RESULT: {"using":"xpath","value":"//div[contains(@id ,\"ProductsTable-sa-CbBg\")]"}
COMMAND: POST /session/c9b3453a2097c94c00e43fefe9121ac5/element/f.95D136BDD403266D18DB82FBE1F0ED89.d.839D74FBFF1CBD9B7C489592A6F99744.e.6851/click - {}
RESULT: {}
COMMAND: GET /session/c9b3453a2097c94c00e43fefe9121ac5/screenshot - {}
RESULT: {}
COMMAND: POST /session/c9b3453a2097c94c00e43fefe9121ac5/execute/async - {"script":"<script> [1562 bytes]","args":[{"selector":{"id":"deleteBtn","viewName":"etm.portal.ui.managecontracts.view.EditContract","interaction":{"idSuffix":"BDI-content"}},"wdio_ui5_key":"deleteBtnetmportal.ui.managecontracts.view.EditContract"}]}
RESULT: {"script":"<script> [1562 bytes]","args":[{"selector":{"id":"deleteBtn","viewName":"etm.portal.ui.managecontracts.view.EditContract","interaction":{"idSuffix":"BDI-content"}},"wdio_ui5_key":"deleteBtnetmportal.ui.managecontracts.view.EditContract"}]}
RESULT: undefined
COMMAND: POST /session/c9b3453a2097c94c00e43fefe9121ac5/element - {"using":"xpath","value":"//*[@id=\"__xmlview2--deleteBtn\"]"}
RESULT: {"using":"xpath","value":"//*[@id=\"__xmlview2--deleteBtn\"]"}
COMMAND: POST /session/c9b3453a2097c94c00e43fefe9121ac5/element/f.95D136BDD403266D18DB82FBE1F0ED89.d.839D74FBFF1CBD9B7C489592A6F99744.e.6853/click - {}
RESULT: {}
COMMAND: POST /session/c9b3453a2097c94c00e43fefe9121ac5/element - {"using":"xpath","value":"//bdi[contains(@id ,\"BDI-content\")][contains(text(), \"OK\")]"}
COMMAND: GET /session/c9b3453a2097c94c00e43fefe9121ac5/screenshot - {}
RESULT: {"using":"xpath","value":"//bdi[contains(@id ,\"BDI-content\")][contains(text(), \"OK\")]"}
COMMAND: POST /session/c9b3453a2097c94c00e43fefe9121ac5/element/f.95D136BDD403266D18DB82FBE1F0ED89.d.839D74FBFF1CBD9B7C489592A6F99744.e.6855/click - {}
RESULT: {}
RESULT: {}
COMMAND: GET /session/c9b3453a2097c94c00e43fefe9121ac5/screenshot - {}
RESULT: {}
COMMAND: POST /session/c9b3453a2097c94c00e43fefe9121ac5/element - {"using":"xpath","value":"//bdi[contains(@id ,\"BDI-content\")][contains(text(), \"Save\")]"}
RESULT: {"using":"xpath","value":"//bdi[contains(@id ,\"BDI-content\")][contains(text(), \"Save\")]"}
COMMAND: POST /session/c9b3453a2097c94c00e43fefe9121ac5/element/f.95D136BDD403266D18DB82FBE1F0ED89.d.839D74FBFF1CBD9B7C489592A6F99744.e.6857/click - {}
RESULT: {}
COMMAND: GET /session/c9b3453a2097c94c00e43fefe9121ac5/screenshot - {}
RESULT: {}
COMMAND: POST /session/c9b3453a2097c94c00e43fefe9121ac5/element - {"using":"xpath","value":"(//span[contains(text(), \"Header Billing Items\")])[1]"}
RESULT: {"using":"xpath","value":"(//span[contains(text(), \"Header Billing Items\")])[1]"}
COMMAND: POST /session/c9b3453a2097c94c00e43fefe9121ac5/element/f.95D136BDD403266D18DB82FBE1F0ED89.d.839D74FBFF1CBD9B7C489592A6F99744.e.6860/click - {}
RESULT: {}
COMMAND: GET /session/c9b3453a2097c94c00e43fefe9121ac5/screenshot - {}
RESULT: {}
COMMAND: POST /session/c9b3453a2097c94c00e43fefe9121ac5/execute/async - {"script":"<script> [1562 bytes]","args":[{"selector":{"controlType":"sap.m.ObjectStatus","viewName":"etm.portal.ui.managecontracts.view.Detail","bindingPath":{"path":"/SmartContractItems(CONTRACT='10273',ITEM=10m,SUB_ITEM=0m)","propertyPath":"STATUS"}},"wdio_ui5_key":"etmportal.ui.managecontracts.view.Detailsap.m.ObjectStatus{\"path\":\"/SmartContractItems(CONTRACT='10273',ITEM=10m,SUB_ITEM=0m)\",\"propertyPath\":\"STATUS\"}"}]}
RESULT: {"script":"<script> [1562 bytes]","args":[{"selector":{"controlType":"sap.m.ObjectStatus","viewName":"etm.portal.ui.managecontracts.view.Detail","bindingPath":{"path":"/SmartContractItems(CONTRACT='10273',ITEM=10m,SUB_ITEM=0m)","propertyPath":"STATUS"}},"wdio_ui5_key":"etmportal.ui.managecontracts.view.Detailsap.m.ObjectStatus{\"path\":\"/SmartContractItems(CONTRACT='10273',ITEM=10m,SUB_ITEM=0m)\",\"propertyPath\":\"STATUS\"}"}]}
RESULT: undefined
COMMAND: POST /session/c9b3453a2097c94c00e43fefe9121ac5/execute/async - {"script":"<script> [6424 bytes]","args":[{"element-6066-11e4-a52e-4f735466cecf":"f.95D136BDD403266D18DB82FBE1F0ED89.d.839D74FBFF1CBD9B7C489592A6F99744.e.6862"},"getText",[]]}
RESULT: {"script":"<script> [6424 bytes]","args":[{"element-6066-11e4-a52e-4f735466cecf":"f.95D136BDD403266D18DB82FBE1F0ED89.d.839D74FBFF1CBD9B7C489592A6F99744.e.6862"},"getText",[]]}
COMMAND: POST /session/c9b3453a2097c94c00e43fefe9121ac5/element - {"using":"css selector","value":"#shell-header-logo"}
RESULT: {"using":"css selector","value":"#shell-header-logo"}
COMMAND: POST /session/c9b3453a2097c94c00e43fefe9121ac5/element/f.95D136BDD403266D18DB82FBE1F0ED89.d.839D74FBFF1CBD9B7C489592A6F99744.e.6594/click - {}
RESULT: {}
COMMAND: GET /session/c9b3453a2097c94c00e43fefe9121ac5/screenshot - {}
RESULT: {}
COMMAND: POST /session/c9b3453a2097c94c00e43fefe9121ac5/execute/async - {"script":"<script> [1562 bytes]","args":[{"selector":{"controlType":"sap.m.GenericTile","properties":{"header":"Manage Requests"}},"wdio_ui5_key":"sapm.GenericTile{\"header\":\"Manage Requests\"}"}]}
RESULT: {"script":"<script> [1562 bytes]","args":[{"selector":{"controlType":"sap.m.GenericTile","properties":{"header":"Manage Requests"}},"wdio_ui5_key":"sapm.GenericTile{\"header\":\"Manage Requests\"}"}]}
RESULT: undefined
COMMAND: POST /session/c9b3453a2097c94c00e43fefe9121ac5/element - {"using":"xpath","value":"//*[@id=\"__tile47\"]"}
RESULT: {"using":"xpath","value":"//*[@id=\"__tile47\"]"}
COMMAND: POST /session/c9b3453a2097c94c00e43fefe9121ac5/element/f.95D136BDD403266D18DB82FBE1F0ED89.d.839D74FBFF1CBD9B7C489592A6F99744.e.6879/click - {}
RESULT: {}
COMMAND: GET /session/c9b3453a2097c94c00e43fefe9121ac5/screenshot - {}
RESULT: {}
COMMAND: POST /session/c9b3453a2097c94c00e43fefe9121ac5/execute/async - {"script":"<script> [1562 bytes]","args":[{"selector":{"controlType":"sap.m.SearchField","viewName":"etm.portal.ui.managerequests.view.Master","bindingPath":{"path":"","propertyPath":"/_BASIC_SEARCH_FIELD","modelName":"fi1t3rM0d31"},"interaction":{"idSuffix":"I"}},"wdio_ui5_key":"etmportal.ui.managerequests.view.Mastersap.m.SearchField{\"path\":\"\",\"propertyPath\":\"/_BASIC_SEARCH_FIELD\",\"modelName\":\"fi1t3rM0d31\"}"}]}
COMMAND: POST /session/c9b3453a2097c94c00e43fefe9121ac5/elements - {"using":"xpath","value":"//span[text()='Error']"}
RESULT: {"script":"<script> [1562 bytes]","args":[{"selector":{"controlType":"sap.m.SearchField","viewName":"etm.portal.ui.managerequests.view.Master","bindingPath":{"path":"","propertyPath":"/_BASIC_SEARCH_FIELD","modelName":"fi1t3rM0d31"},"interaction":{"idSuffix":"I"}},"wdio_ui5_key":"etmportal.ui.managerequests.view.Mastersap.m.SearchField{\"path\":\"\",\"propertyPath\":\"/_BASIC_SEARCH_FIELD\",\"modelName\":\"fi1t3rM0d31\"}"}]}
RESULT: undefined
COMMAND: POST /session/c9b3453a2097c94c00e43fefe9121ac5/execute/async - {"script":"<script> [776 bytes]","args":[{"enterText":"20120","selector":{"controlType":"sap.m.SearchField","viewName":"etm.portal.ui.managerequests.view.Master","bindingPath":{"path":"","propertyPath":"/_BASIC_SEARCH_FIELD","modelName":"fi1t3rM0d31"},"interaction":{"idSuffix":"I"}},"clearTextFirst":true,"interactionType":"ENTER_TEXT"}]}
RESULT: {"using":"xpath","value":"//span[text()='Error']"}
RESULT: {"script":"<script> [776 bytes]","args":[{"enterText":"20120","selector":{"controlType":"sap.m.SearchField","viewName":"etm.portal.ui.managerequests.view.Master","bindingPath":{"path":"","propertyPath":"/_BASIC_SEARCH_FIELD","modelName":"fi1t3rM0d31"},"interaction":{"idSuffix":"I"}},"clearTextFirst":true,"interactionType":"ENTER_TEXT"}]}
COMMAND: POST /session/c9b3453a2097c94c00e43fefe9121ac5/actions - {"actions":[{"id":"action33","type":"key","parameters":{},"actions":[{"type":"keyDown","value":"î€‡"},{"type":"pause","duration":10},{"type":"keyUp","value":"î€‡"}]}]}
RESULT: {"actions":[{"id":"action33","type":"key","parameters":{},"actions":[{"type":"keyDown","value":"î€‡"},{"type":"pause","duration":10},{"type":"keyUp","value":"î€‡"}]}]}
COMMAND: GET /session/c9b3453a2097c94c00e43fefe9121ac5/screenshot - {}
RESULT: {}
COMMAND: POST /session/c9b3453a2097c94c00e43fefe9121ac5/execute/async - {"script":"<script> [1562 bytes]","args":[{"selector":{"controlType":"sap.m.Text","viewName":"etm.portal.ui.managerequests.view.Master","bindingPath":{"path":"/SmartManageRequests('20120')","propertyPath":"NO"}},"wdio_ui5_key":"etmportal.ui.managerequests.view.Mastersap.m.Text{\"path\":\"/SmartManageRequests('20120')\",\"propertyPath\":\"NO\"}"}]}
RESULT: {"script":"<script> [1562 bytes]","args":[{"selector":{"controlType":"sap.m.Text","viewName":"etm.portal.ui.managerequests.view.Master","bindingPath":{"path":"/SmartManageRequests('20120')","propertyPath":"NO"}},"wdio_ui5_key":"etmportal.ui.managerequests.view.Mastersap.m.Text{\"path\":\"/SmartManageRequests('20120')\",\"propertyPath\":\"NO\"}"}]}
RESULT: undefined
COMMAND: POST /session/c9b3453a2097c94c00e43fefe9121ac5/element - {"using":"xpath","value":"//*[@id=\"__text463-__clone256\"]"}
RESULT: {"using":"xpath","value":"//*[@id=\"__text463-__clone256\"]"}
COMMAND: POST /session/c9b3453a2097c94c00e43fefe9121ac5/element/f.95D136BDD403266D18DB82FBE1F0ED89.d.839D74FBFF1CBD9B7C489592A6F99744.e.7015/click - {}
RESULT: {}
COMMAND: GET /session/c9b3453a2097c94c00e43fefe9121ac5/screenshot - {}
RESULT: {}
COMMAND: POST /session/c9b3453a2097c94c00e43fefe9121ac5/execute/async - {"script":"<script> [1562 bytes]","args":[{"selector":{"controlType":"sap.ui.core.Icon","viewName":"etm.portal.ui.managerequests.view.Detail","properties":{"src":{"regex":{"source":"slim\\-arrow\\-up"}}}},"wdio_ui5_key":"etmportal.ui.managerequests.view.Detailsap.ui.core.Icon{\"src\":{\"regex\":{\"source\":\"slim\\\\-arrow\\\\-up\"}}}"}]}
RESULT: {"script":"<script> [1562 bytes]","args":[{"selector":{"controlType":"sap.ui.core.Icon","viewName":"etm.portal.ui.managerequests.view.Detail","properties":{"src":{"regex":{"source":"slim\\-arrow\\-up"}}}},"wdio_ui5_key":"etmportal.ui.managerequests.view.Detailsap.ui.core.Icon{\"src\":{\"regex\":{\"source\":\"slim\\\\-arrow\\\\-up\"}}}"}]}
RESULT: undefined
COMMAND: POST /session/c9b3453a2097c94c00e43fefe9121ac5/element - {"using":"xpath","value":"//*[@id=\"__xmlview62--detailRequestPage-OPHeaderContent-collapseBtn-img\"]"}
RESULT: {"using":"xpath","value":"//*[@id=\"__xmlview62--detailRequestPage-OPHeaderContent-collapseBtn-img\"]"}
COMMAND: POST /session/c9b3453a2097c94c00e43fefe9121ac5/element/f.95D136BDD403266D18DB82FBE1F0ED89.d.839D74FBFF1CBD9B7C489592A6F99744.e.7166/click - {}
RESULT: {}
COMMAND: GET /session/c9b3453a2097c94c00e43fefe9121ac5/screenshot - {}
RESULT: {}
COMMAND: POST /session/c9b3453a2097c94c00e43fefe9121ac5/execute/async - {"script":"<script> [1562 bytes]","args":[{"selector":{"controlType":"sap.m.Text","viewName":"etm.portal.ui.managerequests.view.Detail","bindingPath":{"path":"/SmartRequestItemsPlanningBoard(ITEM=20m,REQUEST='20120')","propertyPath":"STATUS_DESC"}},"wdio_ui5_key":"etmportal.ui.managerequests.view.Detailsap.m.Text{\"path\":\"/SmartRequestItemsPlanningBoard(ITEM=20m,REQUEST='20120')\",\"propertyPath\":\"STATUS_DESC\"}"}]}
RESULT: {"script":"<script> [1562 bytes]","args":[{"selector":{"controlType":"sap.m.Text","viewName":"etm.portal.ui.managerequests.view.Detail","bindingPath":{"path":"/SmartRequestItemsPlanningBoard(ITEM=20m,REQUEST='20120')","propertyPath":"STATUS_DESC"}},"wdio_ui5_key":"etmportal.ui.managerequests.view.Detailsap.m.Text{\"path\":\"/SmartRequestItemsPlanningBoard(ITEM=20m,REQUEST='20120')\",\"propertyPath\":\"STATUS_DESC\"}"}]}
RESULT: undefined
COMMAND: POST /session/c9b3453a2097c94c00e43fefe9121ac5/execute/async - {"script":"<script> [6424 bytes]","args":[{"element-6066-11e4-a52e-4f735466cecf":"f.95D136BDD403266D18DB82FBE1F0ED89.d.839D74FBFF1CBD9B7C489592A6F99744.e.7213"},"getText",[]]}
RESULT: {"script":"<script> [6424 bytes]","args":[{"element-6066-11e4-a52e-4f735466cecf":"f.95D136BDD403266D18DB82FBE1F0ED89.d.839D74FBFF1CBD9B7C489592A6F99744.e.7213"},"getText",[]]}
COMMAND: POST /session/c9b3453a2097c94c00e43fefe9121ac5/element - {"using":"css selector","value":"#shell-header-logo"}
RESULT: {"using":"css selector","value":"#shell-header-logo"}
COMMAND: POST /session/c9b3453a2097c94c00e43fefe9121ac5/element/f.95D136BDD403266D18DB82FBE1F0ED89.d.839D74FBFF1CBD9B7C489592A6F99744.e.6884/click - {}
RESULT: {}
COMMAND: GET /session/c9b3453a2097c94c00e43fefe9121ac5/screenshot - {}
RESULT: {}
]]></system-out>
    </testcase>
  </testsuite>
  <testsuite timestamp="2025-05-15T18:11:18" time="254.46" tests="4" failures="0" errors="0" skipped="0">
    <properties>
      <property name="specId" value="0" />
      <property name="suiteName" value="Standard contract close-reopen US111278" />
      <property name="capabilities" value="chrome.136_0_7103_93.windows" />
      <property name="file" value="file:///D:/a/1/s/test/specs/R2C/standard-contract-close-reopen.spec.js" />
    </properties>
    <testcase classname="chrome.136_0_7103_93.windows.Standard_contract_close-reopen_US111278" name="Should create a new contract and add an item" time="142.22">
      <system-out><![CDATA[
COMMAND: POST /session/c9b3453a2097c94c00e43fefe9121ac5/execute/async - {"script":"<script> [1562 bytes]","args":[{"selector":{"controlType":"sap.m.GenericTile","properties":{"header":"Manage Contracts"}},"wdio_ui5_key":"sapm.GenericTile{\"header\":\"Manage Contracts\"}"}]}
RESULT: {"script":"<script> [1562 bytes]","args":[{"selector":{"controlType":"sap.m.GenericTile","properties":{"header":"Manage Contracts"}},"wdio_ui5_key":"sapm.GenericTile{\"header\":\"Manage Contracts\"}"}]}
RESULT: undefined
COMMAND: POST /session/c9b3453a2097c94c00e43fefe9121ac5/element - {"using":"xpath","value":"//*[@id=\"__tile130\"]"}
RESULT: {"using":"xpath","value":"//*[@id=\"__tile130\"]"}
COMMAND: POST /session/c9b3453a2097c94c00e43fefe9121ac5/element/f.95D136BDD403266D18DB82FBE1F0ED89.d.839D74FBFF1CBD9B7C489592A6F99744.e.7218/click - {}
RESULT: {}
COMMAND: GET /session/c9b3453a2097c94c00e43fefe9121ac5/screenshot - {}
RESULT: {}
COMMAND: POST /session/c9b3453a2097c94c00e43fefe9121ac5/elements - {"using":"xpath","value":"//span[text()='Error']"}
RESULT: {"using":"xpath","value":"//span[text()='Error']"}
COMMAND: POST /session/c9b3453a2097c94c00e43fefe9121ac5/element - {"using":"xpath","value":"//button[@data-kt=\"addButton\"]"}
RESULT: {"using":"xpath","value":"//button[@data-kt=\"addButton\"]"}
COMMAND: POST /session/c9b3453a2097c94c00e43fefe9121ac5/element/f.95D136BDD403266D18DB82FBE1F0ED89.d.839D74FBFF1CBD9B7C489592A6F99744.e.7272/click - {}
RESULT: {}
COMMAND: GET /session/c9b3453a2097c94c00e43fefe9121ac5/screenshot - {}
COMMAND: POST /session/c9b3453a2097c94c00e43fefe9121ac5/execute/async - {"script":"<script> [1562 bytes]","args":[{"selector":{"id":"application-managecontracts-display-component---AddNewContract--projectDescription","interaction":{"idSuffix":"inner"}},"wdio_ui5_key":"applicationmanagecontracts-display-component---AddNewContract--projectDescription"}]}
RESULT: {}
RESULT: {"script":"<script> [1562 bytes]","args":[{"selector":{"id":"application-managecontracts-display-component---AddNewContract--projectDescription","interaction":{"idSuffix":"inner"}},"wdio_ui5_key":"applicationmanagecontracts-display-component---AddNewContract--projectDescription"}]}
RESULT: undefined
COMMAND: POST /session/c9b3453a2097c94c00e43fefe9121ac5/execute/async - {"script":"<script> [776 bytes]","args":[{"enterText":"WdIOR2czdlnc","selector":{"id":"application-managecontracts-display-component---AddNewContract--projectDescription","interaction":{"idSuffix":"inner"}},"clearTextFirst":true,"interactionType":"ENTER_TEXT"}]}
RESULT: {"script":"<script> [776 bytes]","args":[{"enterText":"WdIOR2czdlnc","selector":{"id":"application-managecontracts-display-component---AddNewContract--projectDescription","interaction":{"idSuffix":"inner"}},"clearTextFirst":true,"interactionType":"ENTER_TEXT"}]}
COMMAND: POST /session/c9b3453a2097c94c00e43fefe9121ac5/element - {"using":"xpath","value":"//input[@id=\"application-managecontracts-display-component---AddNewContract--yardId-inner\"]"}
RESULT: {"using":"xpath","value":"//input[@id=\"application-managecontracts-display-component---AddNewContract--yardId-inner\"]"}
COMMAND: POST /session/c9b3453a2097c94c00e43fefe9121ac5/element/f.95D136BDD403266D18DB82FBE1F0ED89.d.839D74FBFF1CBD9B7C489592A6F99744.e.7569/clear - {}
RESULT: {}
COMMAND: POST /session/c9b3453a2097c94c00e43fefe9121ac5/element/f.95D136BDD403266D18DB82FBE1F0ED89.d.839D74FBFF1CBD9B7C489592A6F99744.e.7569/value - {"text":"WebdriverYardtrgti"}
COMMAND: GET /session/c9b3453a2097c94c00e43fefe9121ac5/screenshot - {}
RESULT: {}
RESULT: {"text":"WebdriverYardtrgti"}
COMMAND: GET /session/c9b3453a2097c94c00e43fefe9121ac5/screenshot - {}
RESULT: {}
COMMAND: POST /session/c9b3453a2097c94c00e43fefe9121ac5/actions - {"actions":[{"id":"action34","type":"key","parameters":{},"actions":[{"type":"keyDown","value":"î€‡"},{"type":"pause","duration":10},{"type":"keyUp","value":"î€‡"}]}]}
RESULT: {"actions":[{"id":"action34","type":"key","parameters":{},"actions":[{"type":"keyDown","value":"î€‡"},{"type":"pause","duration":10},{"type":"keyUp","value":"î€‡"}]}]}
COMMAND: GET /session/c9b3453a2097c94c00e43fefe9121ac5/screenshot - {}
RESULT: {}
COMMAND: POST /session/c9b3453a2097c94c00e43fefe9121ac5/element - {"using":"xpath","value":"//input[@id=\"application-managecontracts-display-component---AddNewContract--customerSelect-inner\"]"}
RESULT: {"using":"xpath","value":"//input[@id=\"application-managecontracts-display-component---AddNewContract--customerSelect-inner\"]"}
COMMAND: POST /session/c9b3453a2097c94c00e43fefe9121ac5/element/f.95D136BDD403266D18DB82FBE1F0ED89.d.839D74FBFF1CBD9B7C489592A6F99744.e.7567/clear - {}
RESULT: {}
COMMAND: POST /session/c9b3453a2097c94c00e43fefe9121ac5/element/f.95D136BDD403266D18DB82FBE1F0ED89.d.839D74FBFF1CBD9B7C489592A6F99744.e.7567/value - {"text":"WebdriverPartnerzblt"}
COMMAND: GET /session/c9b3453a2097c94c00e43fefe9121ac5/screenshot - {}
RESULT: {"text":"WebdriverPartnerzblt"}
COMMAND: GET /session/c9b3453a2097c94c00e43fefe9121ac5/screenshot - {}
RESULT: {}
RESULT: {}
COMMAND: POST /session/c9b3453a2097c94c00e43fefe9121ac5/actions - {"actions":[{"id":"action35","type":"key","parameters":{},"actions":[{"type":"keyDown","value":"î€‡"},{"type":"pause","duration":10},{"type":"keyUp","value":"î€‡"}]}]}
RESULT: {"actions":[{"id":"action35","type":"key","parameters":{},"actions":[{"type":"keyDown","value":"î€‡"},{"type":"pause","duration":10},{"type":"keyUp","value":"î€‡"}]}]}
COMMAND: GET /session/c9b3453a2097c94c00e43fefe9121ac5/screenshot - {}
RESULT: {}
COMMAND: POST /session/c9b3453a2097c94c00e43fefe9121ac5/element - {"using":"xpath","value":"//input[@id=\"application-managecontracts-display-component---AddNewContract--site-inner\"]"}
RESULT: {"using":"xpath","value":"//input[@id=\"application-managecontracts-display-component---AddNewContract--site-inner\"]"}
COMMAND: POST /session/c9b3453a2097c94c00e43fefe9121ac5/element/f.95D136BDD403266D18DB82FBE1F0ED89.d.839D74FBFF1CBD9B7C489592A6F99744.e.7568/clear - {}
RESULT: {}
COMMAND: POST /session/c9b3453a2097c94c00e43fefe9121ac5/element/f.95D136BDD403266D18DB82FBE1F0ED89.d.839D74FBFF1CBD9B7C489592A6F99744.e.7568/value - {"text":"WebdriverSitez3qoj"}
COMMAND: GET /session/c9b3453a2097c94c00e43fefe9121ac5/screenshot - {}
RESULT: {"text":"WebdriverSitez3qoj"}
COMMAND: GET /session/c9b3453a2097c94c00e43fefe9121ac5/screenshot - {}
RESULT: {}
RESULT: {}
COMMAND: POST /session/c9b3453a2097c94c00e43fefe9121ac5/actions - {"actions":[{"id":"action36","type":"key","parameters":{},"actions":[{"type":"keyDown","value":"î€‡"},{"type":"pause","duration":10},{"type":"keyUp","value":"î€‡"}]}]}
RESULT: {"actions":[{"id":"action36","type":"key","parameters":{},"actions":[{"type":"keyDown","value":"î€‡"},{"type":"pause","duration":10},{"type":"keyUp","value":"î€‡"}]}]}
COMMAND: GET /session/c9b3453a2097c94c00e43fefe9121ac5/screenshot - {}
COMMAND: POST /session/c9b3453a2097c94c00e43fefe9121ac5/element - {"using":"xpath","value":"//button[@data-kt=\"saveButton\"]"}
RESULT: {}
RESULT: {"using":"xpath","value":"//button[@data-kt=\"saveButton\"]"}
COMMAND: POST /session/c9b3453a2097c94c00e43fefe9121ac5/element/f.95D136BDD403266D18DB82FBE1F0ED89.d.839D74FBFF1CBD9B7C489592A6F99744.e.7606/click - {}
RESULT: {}
COMMAND: GET /session/c9b3453a2097c94c00e43fefe9121ac5/screenshot - {}
RESULT: {}
COMMAND: POST /session/c9b3453a2097c94c00e43fefe9121ac5/execute/async - {"script":"<script> [1562 bytes]","args":[{"selector":{"id":"contractDetailTitleNoExpanded","viewName":"etm.portal.ui.managecontracts.view.Detail"},"wdio_ui5_key":"contractDetailTitleNoExpandedetmportal.ui.managecontracts.view.Detail"}]}
RESULT: {"script":"<script> [1562 bytes]","args":[{"selector":{"id":"contractDetailTitleNoExpanded","viewName":"etm.portal.ui.managecontracts.view.Detail"},"wdio_ui5_key":"contractDetailTitleNoExpandedetmportal.ui.managecontracts.view.Detail"}]}
RESULT: undefined
COMMAND: POST /session/c9b3453a2097c94c00e43fefe9121ac5/execute/async - {"script":"<script> [6424 bytes]","args":[{"element-6066-11e4-a52e-4f735466cecf":"f.95D136BDD403266D18DB82FBE1F0ED89.d.839D74FBFF1CBD9B7C489592A6F99744.e.7621"},"getText",[]]}
RESULT: {"script":"<script> [6424 bytes]","args":[{"element-6066-11e4-a52e-4f735466cecf":"f.95D136BDD403266D18DB82FBE1F0ED89.d.839D74FBFF1CBD9B7C489592A6F99744.e.7621"},"getText",[]]}
COMMAND: POST /session/c9b3453a2097c94c00e43fefe9121ac5/execute/async - {"script":"<script> [1562 bytes]","args":[{"selector":{"id":"closeContractBtn","viewName":"etm.portal.ui.managecontracts.view.Detail"},"wdio_ui5_key":"closeContractBtnetmportal.ui.managecontracts.view.Detail"}]}
RESULT: {"script":"<script> [1562 bytes]","args":[{"selector":{"id":"closeContractBtn","viewName":"etm.portal.ui.managecontracts.view.Detail"},"wdio_ui5_key":"closeContractBtnetmportal.ui.managecontracts.view.Detail"}]}
RESULT: undefined
COMMAND: POST /session/c9b3453a2097c94c00e43fefe9121ac5/execute/async - {"script":"<script> [6424 bytes]","args":[{"element-6066-11e4-a52e-4f735466cecf":"f.95D136BDD403266D18DB82FBE1F0ED89.d.839D74FBFF1CBD9B7C489592A6F99744.e.7622"},"getEnabled",[]]}
RESULT: {"script":"<script> [6424 bytes]","args":[{"element-6066-11e4-a52e-4f735466cecf":"f.95D136BDD403266D18DB82FBE1F0ED89.d.839D74FBFF1CBD9B7C489592A6F99744.e.7622"},"getEnabled",[]]}
COMMAND: POST /session/c9b3453a2097c94c00e43fefe9121ac5/element - {"using":"xpath","value":"//button[@data-kt=\"contractDetailEditBtnButton\"]"}
RESULT: {"using":"xpath","value":"//button[@data-kt=\"contractDetailEditBtnButton\"]"}
COMMAND: POST /session/c9b3453a2097c94c00e43fefe9121ac5/element/f.95D136BDD403266D18DB82FBE1F0ED89.d.839D74FBFF1CBD9B7C489592A6F99744.e.7623/click - {}
RESULT: {}
COMMAND: GET /session/c9b3453a2097c94c00e43fefe9121ac5/screenshot - {}
RESULT: {}
COMMAND: POST /session/c9b3453a2097c94c00e43fefe9121ac5/element - {"using":"xpath","value":"(//span[contains(text(), \"Additional Addresses\")])[2]"}
RESULT: {"using":"xpath","value":"(//span[contains(text(), \"Additional Addresses\")])[2]"}
COMMAND: POST /session/c9b3453a2097c94c00e43fefe9121ac5/element/f.95D136BDD403266D18DB82FBE1F0ED89.d.839D74FBFF1CBD9B7C489592A6F99744.e.7679/click - {}
RESULT: {}
COMMAND: GET /session/c9b3453a2097c94c00e43fefe9121ac5/screenshot - {}
RESULT: {}
COMMAND: POST /session/c9b3453a2097c94c00e43fefe9121ac5/element - {"using":"xpath","value":"//button[@data-kt=\"btnAddTableRowOverflowToolbarButton\"]"}
RESULT: {"using":"xpath","value":"//button[@data-kt=\"btnAddTableRowOverflowToolbarButton\"]"}
COMMAND: POST /session/c9b3453a2097c94c00e43fefe9121ac5/element/f.95D136BDD403266D18DB82FBE1F0ED89.d.839D74FBFF1CBD9B7C489592A6F99744.e.7683/click - {}
RESULT: {}
COMMAND: GET /session/c9b3453a2097c94c00e43fefe9121ac5/screenshot - {}
RESULT: {}
COMMAND: POST /session/c9b3453a2097c94c00e43fefe9121ac5/element - {"using":"xpath","value":"//div[(text() = 'Standard Entry' or . = 'Standard Entry')]"}
RESULT: {"using":"xpath","value":"//div[(text() = 'Standard Entry' or . = 'Standard Entry')]"}
COMMAND: POST /session/c9b3453a2097c94c00e43fefe9121ac5/element/f.95D136BDD403266D18DB82FBE1F0ED89.d.839D74FBFF1CBD9B7C489592A6F99744.e.7685/click - {}
RESULT: {}
COMMAND: POST /session/c9b3453a2097c94c00e43fefe9121ac5/element - {"using":"xpath","value":"//td[6]/div/div/input[1]"}
COMMAND: GET /session/c9b3453a2097c94c00e43fefe9121ac5/screenshot - {}
RESULT: {"using":"xpath","value":"//td[6]/div/div/input[1]"}
COMMAND: POST /session/c9b3453a2097c94c00e43fefe9121ac5/element/f.95D136BDD403266D18DB82FBE1F0ED89.d.839D74FBFF1CBD9B7C489592A6F99744.e.7687/click - {}
RESULT: {}
RESULT: {}
COMMAND: POST /session/c9b3453a2097c94c00e43fefe9121ac5/actions - {"actions":[{"id":"action37","type":"key","parameters":{},"actions":[{"type":"keyDown","value":"î€ƒ"},{"type":"pause","duration":10},{"type":"keyUp","value":"î€ƒ"}]}]}
COMMAND: GET /session/c9b3453a2097c94c00e43fefe9121ac5/screenshot - {}
RESULT: {"actions":[{"id":"action37","type":"key","parameters":{},"actions":[{"type":"keyDown","value":"î€ƒ"},{"type":"pause","duration":10},{"type":"keyUp","value":"î€ƒ"}]}]}
COMMAND: POST /session/c9b3453a2097c94c00e43fefe9121ac5/element - {"using":"xpath","value":"//td[6]/div/div/input[1]"}
COMMAND: GET /session/c9b3453a2097c94c00e43fefe9121ac5/screenshot - {}
RESULT: {}
RESULT: {"using":"xpath","value":"//td[6]/div/div/input[1]"}
COMMAND: POST /session/c9b3453a2097c94c00e43fefe9121ac5/element/f.95D136BDD403266D18DB82FBE1F0ED89.d.839D74FBFF1CBD9B7C489592A6F99744.e.7687/clear - {}
RESULT: {}
RESULT: {}
COMMAND: POST /session/c9b3453a2097c94c00e43fefe9121ac5/element/f.95D136BDD403266D18DB82FBE1F0ED89.d.839D74FBFF1CBD9B7C489592A6F99744.e.7687/value - {"text":"Material"}
COMMAND: GET /session/c9b3453a2097c94c00e43fefe9121ac5/screenshot - {}
RESULT: {"text":"Material"}
COMMAND: GET /session/c9b3453a2097c94c00e43fefe9121ac5/screenshot - {}
RESULT: {}
RESULT: {}
COMMAND: POST /session/c9b3453a2097c94c00e43fefe9121ac5/actions - {"actions":[{"id":"action38","type":"key","parameters":{},"actions":[{"type":"keyDown","value":"î€‡"},{"type":"pause","duration":10},{"type":"keyUp","value":"î€‡"}]}]}
RESULT: {"actions":[{"id":"action38","type":"key","parameters":{},"actions":[{"type":"keyDown","value":"î€‡"},{"type":"pause","duration":10},{"type":"keyUp","value":"î€‡"}]}]}
COMMAND: GET /session/c9b3453a2097c94c00e43fefe9121ac5/screenshot - {}
RESULT: {}
COMMAND: POST /session/c9b3453a2097c94c00e43fefe9121ac5/actions - {"actions":[{"id":"action39","type":"key","parameters":{},"actions":[{"type":"keyDown","value":"î€‡"},{"type":"pause","duration":10},{"type":"keyUp","value":"î€‡"}]}]}
RESULT: {"actions":[{"id":"action39","type":"key","parameters":{},"actions":[{"type":"keyDown","value":"î€‡"},{"type":"pause","duration":10},{"type":"keyUp","value":"î€‡"}]}]}
COMMAND: POST /session/c9b3453a2097c94c00e43fefe9121ac5/element - {"using":"xpath","value":"//td[7]/div/div/input"}
COMMAND: GET /session/c9b3453a2097c94c00e43fefe9121ac5/screenshot - {}
RESULT: {"using":"xpath","value":"//td[7]/div/div/input"}
COMMAND: POST /session/c9b3453a2097c94c00e43fefe9121ac5/element/f.95D136BDD403266D18DB82FBE1F0ED89.d.839D74FBFF1CBD9B7C489592A6F99744.e.7700/clear - {}
RESULT: {}
RESULT: {}
COMMAND: POST /session/c9b3453a2097c94c00e43fefe9121ac5/element/f.95D136BDD403266D18DB82FBE1F0ED89.d.839D74FBFF1CBD9B7C489592A6F99744.e.7700/value - {"text":"WebdriverRUR2Ct5kt4h"}
COMMAND: GET /session/c9b3453a2097c94c00e43fefe9121ac5/screenshot - {}
RESULT: {"text":"WebdriverRUR2Ct5kt4h"}
COMMAND: GET /session/c9b3453a2097c94c00e43fefe9121ac5/screenshot - {}
RESULT: {}
RESULT: {}
COMMAND: POST /session/c9b3453a2097c94c00e43fefe9121ac5/actions - {"actions":[{"id":"action40","type":"key","parameters":{},"actions":[{"type":"keyDown","value":"î€‡"},{"type":"pause","duration":10},{"type":"keyUp","value":"î€‡"}]}]}
RESULT: {"actions":[{"id":"action40","type":"key","parameters":{},"actions":[{"type":"keyDown","value":"î€‡"},{"type":"pause","duration":10},{"type":"keyUp","value":"î€‡"}]}]}
COMMAND: GET /session/c9b3453a2097c94c00e43fefe9121ac5/screenshot - {}
RESULT: {}
COMMAND: POST /session/c9b3453a2097c94c00e43fefe9121ac5/actions - {"actions":[{"id":"action41","type":"key","parameters":{},"actions":[{"type":"keyDown","value":"î€‡"},{"type":"pause","duration":10},{"type":"keyUp","value":"î€‡"}]}]}
RESULT: {"actions":[{"id":"action41","type":"key","parameters":{},"actions":[{"type":"keyDown","value":"î€‡"},{"type":"pause","duration":10},{"type":"keyUp","value":"î€‡"}]}]}
COMMAND: GET /session/c9b3453a2097c94c00e43fefe9121ac5/screenshot - {}
RESULT: {}
COMMAND: POST /session/c9b3453a2097c94c00e43fefe9121ac5/element - {"using":"xpath","value":"(//button[@data-kt=\"saveButton\"])[2]"}
RESULT: {"using":"xpath","value":"(//button[@data-kt=\"saveButton\"])[2]"}
COMMAND: POST /session/c9b3453a2097c94c00e43fefe9121ac5/element/f.95D136BDD403266D18DB82FBE1F0ED89.d.839D74FBFF1CBD9B7C489592A6F99744.e.7726/click - {}
RESULT: {}
COMMAND: GET /session/c9b3453a2097c94c00e43fefe9121ac5/screenshot - {}
RESULT: {}
]]></system-out>
    </testcase>
    <testcase classname="chrome.136_0_7103_93.windows.Standard_contract_close-reopen_US111278" name="It should close the contract" time="23.488">
      <system-out><![CDATA[
RESULT: undefined
COMMAND: POST /session/c9b3453a2097c94c00e43fefe9121ac5/element - {"using":"xpath","value":"//*[@id=\"__xmlview64--closeContractBtn\"]"}
RESULT: {"using":"xpath","value":"//*[@id=\"__xmlview64--closeContractBtn\"]"}
COMMAND: POST /session/c9b3453a2097c94c00e43fefe9121ac5/element/f.95D136BDD403266D18DB82FBE1F0ED89.d.839D74FBFF1CBD9B7C489592A6F99744.e.7622/click - {}
RESULT: {}
COMMAND: GET /session/c9b3453a2097c94c00e43fefe9121ac5/screenshot - {}
RESULT: {}
COMMAND: POST /session/c9b3453a2097c94c00e43fefe9121ac5/element - {"using":"xpath","value":"//span[contains(text(), \"Do you want to close the whole contract?\")]"}
RESULT: {"using":"xpath","value":"//span[contains(text(), \"Do you want to close the whole contract?\")]"}
COMMAND: POST /session/c9b3453a2097c94c00e43fefe9121ac5/execute/sync - {"script":"<script> [8489 bytes]","args":[{"element-6066-11e4-a52e-4f735466cecf":"f.95D136BDD403266D18DB82FBE1F0ED89.d.839D74FBFF1CBD9B7C489592A6F99744.e.7730","ELEMENT":"f.95D136BDD403266D18DB82FBE1F0ED89.d.839D74FBFF1CBD9B7C489592A6F99744.e.7730"}]}
RESULT: {"script":"<script> [8489 bytes]","args":[{"element-6066-11e4-a52e-4f735466cecf":"f.95D136BDD403266D18DB82FBE1F0ED89.d.839D74FBFF1CBD9B7C489592A6F99744.e.7730","ELEMENT":"f.95D136BDD403266D18DB82FBE1F0ED89.d.839D74FBFF1CBD9B7C489592A6F99744.e.7730"}]}
COMMAND: POST /session/c9b3453a2097c94c00e43fefe9121ac5/element - {"using":"xpath","value":"//bdi[contains(text(), \"OK\")]"}
COMMAND: GET /session/c9b3453a2097c94c00e43fefe9121ac5/screenshot - {}
RESULT: {"using":"xpath","value":"//bdi[contains(text(), \"OK\")]"}
COMMAND: POST /session/c9b3453a2097c94c00e43fefe9121ac5/element/f.95D136BDD403266D18DB82FBE1F0ED89.d.839D74FBFF1CBD9B7C489592A6F99744.e.7731/click - {}
RESULT: {}
RESULT: {}
COMMAND: GET /session/c9b3453a2097c94c00e43fefe9121ac5/screenshot - {}
RESULT: {}
COMMAND: POST /session/c9b3453a2097c94c00e43fefe9121ac5/element - {"using":"xpath","value":"//input[contains(@id ,\"smartContractFilterBar-btnBasicSearch-I\")]"}
RESULT: {"using":"xpath","value":"//input[contains(@id ,\"smartContractFilterBar-btnBasicSearch-I\")]"}
COMMAND: POST /session/c9b3453a2097c94c00e43fefe9121ac5/element/f.95D136BDD403266D18DB82FBE1F0ED89.d.839D74FBFF1CBD9B7C489592A6F99744.e.7229/clear - {}
RESULT: {}
COMMAND: POST /session/c9b3453a2097c94c00e43fefe9121ac5/element/f.95D136BDD403266D18DB82FBE1F0ED89.d.839D74FBFF1CBD9B7C489592A6F99744.e.7229/value - {"text":"10275"}
COMMAND: GET /session/c9b3453a2097c94c00e43fefe9121ac5/screenshot - {}
RESULT: {"text":"10275"}
COMMAND: POST /session/c9b3453a2097c94c00e43fefe9121ac5/actions - {"actions":[{"id":"action42","type":"key","parameters":{},"actions":[{"type":"keyDown","value":"î€‡"},{"type":"pause","duration":10},{"type":"keyUp","value":"î€‡"}]}]}
COMMAND: GET /session/c9b3453a2097c94c00e43fefe9121ac5/screenshot - {}
RESULT: {}
RESULT: {"actions":[{"id":"action42","type":"key","parameters":{},"actions":[{"type":"keyDown","value":"î€‡"},{"type":"pause","duration":10},{"type":"keyUp","value":"î€‡"}]}]}
COMMAND: GET /session/c9b3453a2097c94c00e43fefe9121ac5/screenshot - {}
RESULT: {}
RESULT: {}
COMMAND: POST /session/c9b3453a2097c94c00e43fefe9121ac5/execute/async - {"script":"<script> [1562 bytes]","args":[{"selector":{"controlType":"sap.ui.core.Icon","viewName":"etm.portal.ui.managecontracts.view.Master","properties":{"src":{"regex":{"source":"slim\\-arrow\\-right"}}}},"wdio_ui5_key":"etmportal.ui.managecontracts.view.Mastersap.ui.core.Icon{\"src\":{\"regex\":{\"source\":\"slim\\\\-arrow\\\\-right\"}}}"}]}
RESULT: {"script":"<script> [1562 bytes]","args":[{"selector":{"controlType":"sap.ui.core.Icon","viewName":"etm.portal.ui.managecontracts.view.Master","properties":{"src":{"regex":{"source":"slim\\-arrow\\-right"}}}},"wdio_ui5_key":"etmportal.ui.managecontracts.view.Mastersap.ui.core.Icon{\"src\":{\"regex\":{\"source\":\"slim\\\\-arrow\\\\-right\"}}}"}]}
RESULT: undefined
COMMAND: POST /session/c9b3453a2097c94c00e43fefe9121ac5/element - {"using":"xpath","value":"//*[@id=\"__item126-__clone3957-imgNav\"]"}
RESULT: {"using":"xpath","value":"//*[@id=\"__item126-__clone3957-imgNav\"]"}
COMMAND: POST /session/c9b3453a2097c94c00e43fefe9121ac5/element/f.95D136BDD403266D18DB82FBE1F0ED89.d.839D74FBFF1CBD9B7C489592A6F99744.e.7936/click - {}
RESULT: {}
COMMAND: POST /session/c9b3453a2097c94c00e43fefe9121ac5/execute/async - {"script":"<script> [1562 bytes]","args":[{"selector":{"controlType":"sap.m.ObjectStatus","viewName":"etm.portal.ui.managecontracts.view.Detail","bindingPath":{"propertyPath":"LINK_TO_LOGISTICAL_STATUS/DESCRIPTION","modelName":"catalogModel"}},"wdio_ui5_key":"etmportal.ui.managecontracts.view.Detailsap.m.ObjectStatus{\"propertyPath\":\"LINK_TO_LOGISTICAL_STATUS/DESCRIPTION\",\"modelName\":\"catalogModel\"}"}]}
COMMAND: GET /session/c9b3453a2097c94c00e43fefe9121ac5/screenshot - {}
RESULT: {"script":"<script> [1562 bytes]","args":[{"selector":{"controlType":"sap.m.ObjectStatus","viewName":"etm.portal.ui.managecontracts.view.Detail","bindingPath":{"propertyPath":"LINK_TO_LOGISTICAL_STATUS/DESCRIPTION","modelName":"catalogModel"}},"wdio_ui5_key":"etmportal.ui.managecontracts.view.Detailsap.m.ObjectStatus{\"propertyPath\":\"LINK_TO_LOGISTICAL_STATUS/DESCRIPTION\",\"modelName\":\"catalogModel\"}"}]}
RESULT: undefined
COMMAND: POST /session/c9b3453a2097c94c00e43fefe9121ac5/execute/async - {"script":"<script> [6424 bytes]","args":[{"element-6066-11e4-a52e-4f735466cecf":"f.95D136BDD403266D18DB82FBE1F0ED89.d.839D74FBFF1CBD9B7C489592A6F99744.e.7978"},"getText",[]]}
RESULT: {}
RESULT: {"script":"<script> [6424 bytes]","args":[{"element-6066-11e4-a52e-4f735466cecf":"f.95D136BDD403266D18DB82FBE1F0ED89.d.839D74FBFF1CBD9B7C489592A6F99744.e.7978"},"getText",[]]}
]]></system-out>
    </testcase>
    <testcase classname="chrome.136_0_7103_93.windows.Standard_contract_close-reopen_US111278" name="Should reopen the contract" time="10.289">
      <system-out><![CDATA[
COMMAND: POST /session/c9b3453a2097c94c00e43fefe9121ac5/execute/async - {"script":"<script> [1562 bytes]","args":[{"selector":{"id":"openContractBtn","viewName":"etm.portal.ui.managecontracts.view.Detail"},"wdio_ui5_key":"openContractBtnetmportal.ui.managecontracts.view.Detail"}]}
RESULT: {"script":"<script> [1562 bytes]","args":[{"selector":{"id":"openContractBtn","viewName":"etm.portal.ui.managecontracts.view.Detail"},"wdio_ui5_key":"openContractBtnetmportal.ui.managecontracts.view.Detail"}]}
RESULT: undefined
COMMAND: POST /session/c9b3453a2097c94c00e43fefe9121ac5/execute/async - {"script":"<script> [6424 bytes]","args":[{"element-6066-11e4-a52e-4f735466cecf":"f.95D136BDD403266D18DB82FBE1F0ED89.d.839D74FBFF1CBD9B7C489592A6F99744.e.7957"},"getEnabled",[]]}
RESULT: {"script":"<script> [6424 bytes]","args":[{"element-6066-11e4-a52e-4f735466cecf":"f.95D136BDD403266D18DB82FBE1F0ED89.d.839D74FBFF1CBD9B7C489592A6F99744.e.7957"},"getEnabled",[]]}
COMMAND: POST /session/c9b3453a2097c94c00e43fefe9121ac5/element - {"using":"xpath","value":"//bdi[contains(text(), \"Edit\")]"}
RESULT: {"using":"xpath","value":"//bdi[contains(text(), \"Edit\")]"}
COMMAND: POST /session/c9b3453a2097c94c00e43fefe9121ac5/element - {"using":"xpath","value":"//bdi[contains(text(), \"Edit\")]"}
RESULT: undefined
COMMAND: POST /session/c9b3453a2097c94c00e43fefe9121ac5/element - {"using":"xpath","value":"//*[@id=\"__xmlview64--openContractBtn\"]"}
RESULT: {"using":"xpath","value":"//*[@id=\"__xmlview64--openContractBtn\"]"}
COMMAND: POST /session/c9b3453a2097c94c00e43fefe9121ac5/element/f.95D136BDD403266D18DB82FBE1F0ED89.d.839D74FBFF1CBD9B7C489592A6F99744.e.7957/click - {}
RESULT: {"using":"xpath","value":"//bdi[contains(text(), \"Edit\")]"}
RESULT: {}
COMMAND: POST /session/c9b3453a2097c94c00e43fefe9121ac5/execute/async - {"script":"<script> [1562 bytes]","args":[{"selector":{"controlType":"sap.m.Text","properties":{"text":"Contract has been reopened successfully"},"searchOpenDialogs":true},"wdio_ui5_key":"sapm.Text{\"text\":\"Contract has been reopened successfully\"}"}]}
COMMAND: GET /session/c9b3453a2097c94c00e43fefe9121ac5/screenshot - {}
RESULT: {"script":"<script> [1562 bytes]","args":[{"selector":{"controlType":"sap.m.Text","properties":{"text":"Contract has been reopened successfully"},"searchOpenDialogs":true},"wdio_ui5_key":"sapm.Text{\"text\":\"Contract has been reopened successfully\"}"}]}
RESULT: undefined
COMMAND: POST /session/c9b3453a2097c94c00e43fefe9121ac5/execute/async - {"script":"<script> [6424 bytes]","args":[{"element-6066-11e4-a52e-4f735466cecf":"f.95D136BDD403266D18DB82FBE1F0ED89.d.839D74FBFF1CBD9B7C489592A6F99744.e.7981"},"getText",[]]}
RESULT: {}
RESULT: {"script":"<script> [6424 bytes]","args":[{"element-6066-11e4-a52e-4f735466cecf":"f.95D136BDD403266D18DB82FBE1F0ED89.d.839D74FBFF1CBD9B7C489592A6F99744.e.7981"},"getText",[]]}
COMMAND: POST /session/c9b3453a2097c94c00e43fefe9121ac5/element - {"using":"xpath","value":"//bdi[contains(text(), \"OK\")]"}
RESULT: {"using":"xpath","value":"//bdi[contains(text(), \"OK\")]"}
COMMAND: POST /session/c9b3453a2097c94c00e43fefe9121ac5/element/f.95D136BDD403266D18DB82FBE1F0ED89.d.839D74FBFF1CBD9B7C489592A6F99744.e.7982/click - {}
RESULT: {}
COMMAND: GET /session/c9b3453a2097c94c00e43fefe9121ac5/screenshot - {}
RESULT: {}
COMMAND: POST /session/c9b3453a2097c94c00e43fefe9121ac5/element - {"using":"xpath","value":"//bdi[contains(text(), \"Edit\")]"}
RESULT: undefined
COMMAND: POST /session/c9b3453a2097c94c00e43fefe9121ac5/execute/async - {"script":"<script> [6424 bytes]","args":[{"element-6066-11e4-a52e-4f735466cecf":"f.95D136BDD403266D18DB82FBE1F0ED89.d.839D74FBFF1CBD9B7C489592A6F99744.e.7622"},"getEnabled",[]]}
RESULT: {"using":"xpath","value":"//bdi[contains(text(), \"Edit\")]"}
COMMAND: POST /session/c9b3453a2097c94c00e43fefe9121ac5/execute/sync - {"script":"<script> [8489 bytes]","args":[{"element-6066-11e4-a52e-4f735466cecf":"f.95D136BDD403266D18DB82FBE1F0ED89.d.839D74FBFF1CBD9B7C489592A6F99744.e.7983","ELEMENT":"f.95D136BDD403266D18DB82FBE1F0ED89.d.839D74FBFF1CBD9B7C489592A6F99744.e.7983"}]}
COMMAND: POST /session/c9b3453a2097c94c00e43fefe9121ac5/execute/async - {"script":"<script> [1562 bytes]","args":[{"selector":{"id":"closeContractBtn","viewName":"etm.portal.ui.managecontracts.view.Detail"},"wdio_ui5_key":"closeContractBtnetmportal.ui.managecontracts.view.Detail"}]}
RESULT: {"script":"<script> [8489 bytes]","args":[{"element-6066-11e4-a52e-4f735466cecf":"f.95D136BDD403266D18DB82FBE1F0ED89.d.839D74FBFF1CBD9B7C489592A6F99744.e.7983","ELEMENT":"f.95D136BDD403266D18DB82FBE1F0ED89.d.839D74FBFF1CBD9B7C489592A6F99744.e.7983"}]}
COMMAND: GET /session/c9b3453a2097c94c00e43fefe9121ac5/screenshot - {}
RESULT: {"script":"<script> [1562 bytes]","args":[{"selector":{"id":"closeContractBtn","viewName":"etm.portal.ui.managecontracts.view.Detail"},"wdio_ui5_key":"closeContractBtnetmportal.ui.managecontracts.view.Detail"}]}
COMMAND: POST /session/c9b3453a2097c94c00e43fefe9121ac5/execute/async - {"script":"<script> [6424 bytes]","args":[{"element-6066-11e4-a52e-4f735466cecf":"f.95D136BDD403266D18DB82FBE1F0ED89.d.839D74FBFF1CBD9B7C489592A6F99744.e.7984"},"getEnabled",[]]}
RESULT: {}
RESULT: {"script":"<script> [6424 bytes]","args":[{"element-6066-11e4-a52e-4f735466cecf":"f.95D136BDD403266D18DB82FBE1F0ED89.d.839D74FBFF1CBD9B7C489592A6F99744.e.7984"},"getEnabled",[]]}
]]></system-out>
    </testcase>
    <testcase classname="chrome.136_0_7103_93.windows.Standard_contract_close-reopen_US111278" name="Should verify for multiple statuses that open button is not visible" time="74.507">
      <system-out><![CDATA[
COMMAND: POST /session/c9b3453a2097c94c00e43fefe9121ac5/execute/async - {"script":"<script> [1562 bytes]","args":[{"selector":{"controlType":"sap.ui.core.Icon","viewName":"etm.portal.ui.managecontracts.view.Detail","properties":{"src":{"regex":{"source":"decline"}}}},"wdio_ui5_key":"etmportal.ui.managecontracts.view.Detailsap.ui.core.Icon{\"src\":{\"regex\":{\"source\":\"decline\"}}}"}]}
RESULT: {"script":"<script> [1562 bytes]","args":[{"selector":{"controlType":"sap.ui.core.Icon","viewName":"etm.portal.ui.managecontracts.view.Detail","properties":{"src":{"regex":{"source":"decline"}}}},"wdio_ui5_key":"etmportal.ui.managecontracts.view.Detailsap.ui.core.Icon{\"src\":{\"regex\":{\"source\":\"decline\"}}}"}]}
RESULT: undefined
COMMAND: POST /session/c9b3453a2097c94c00e43fefe9121ac5/element - {"using":"xpath","value":"//*[@id=\"__xmlview64--closeColumnBtn-img\"]"}
RESULT: {"using":"xpath","value":"//*[@id=\"__xmlview64--closeColumnBtn-img\"]"}
COMMAND: POST /session/c9b3453a2097c94c00e43fefe9121ac5/element/f.95D136BDD403266D18DB82FBE1F0ED89.d.839D74FBFF1CBD9B7C489592A6F99744.e.7953/click - {}
RESULT: {}
COMMAND: GET /session/c9b3453a2097c94c00e43fefe9121ac5/screenshot - {}
RESULT: {}
COMMAND: POST /session/c9b3453a2097c94c00e43fefe9121ac5/element - {"using":"xpath","value":"//div[contains(@id ,\"smartContractFilterBar-btnBasicSearch-reset\")]"}
RESULT: {"using":"xpath","value":"//div[contains(@id ,\"smartContractFilterBar-btnBasicSearch-reset\")]"}
COMMAND: POST /session/c9b3453a2097c94c00e43fefe9121ac5/element/f.95D136BDD403266D18DB82FBE1F0ED89.d.839D74FBFF1CBD9B7C489592A6F99744.e.7955/click - {}
RESULT: {}
COMMAND: GET /session/c9b3453a2097c94c00e43fefe9121ac5/screenshot - {}
COMMAND: POST /session/c9b3453a2097c94c00e43fefe9121ac5/execute/async - {"script":"<script> [1562 bytes]","args":[{"selector":{"controlType":"sap.ui.core.Icon","viewName":"etm.portal.ui.managecontracts.view.Master","properties":{"src":{"regex":{"source":"slim\\-arrow\\-down"}}},"ancestor":{"id":"smartContractStatusFilter","viewName":"etm.portal.ui.managecontracts.view.Master"}},"wdio_ui5_key":"etmportal.ui.managecontracts.view.Mastersap.ui.core.Icon{\"src\":{\"regex\":{\"source\":\"slim\\\\-arrow\\\\-down\"}}}{\"id\":\"smartContractStatusFilter\",\"viewName\":\"etm.portal.ui.managecontracts.view.Master\"}"}]}
RESULT: {}
RESULT: {"script":"<script> [1562 bytes]","args":[{"selector":{"controlType":"sap.ui.core.Icon","viewName":"etm.portal.ui.managecontracts.view.Master","properties":{"src":{"regex":{"source":"slim\\-arrow\\-down"}}},"ancestor":{"id":"smartContractStatusFilter","viewName":"etm.portal.ui.managecontracts.view.Master"}},"wdio_ui5_key":"etmportal.ui.managecontracts.view.Mastersap.ui.core.Icon{\"src\":{\"regex\":{\"source\":\"slim\\\\-arrow\\\\-down\"}}}{\"id\":\"smartContractStatusFilter\",\"viewName\":\"etm.portal.ui.managecontracts.view.Master\"}"}]}
RESULT: undefined
COMMAND: POST /session/c9b3453a2097c94c00e43fefe9121ac5/element - {"using":"xpath","value":"//*[@id=\"__xmlview63--smartContractStatusFilter-arrow\"]"}
RESULT: {"using":"xpath","value":"//*[@id=\"__xmlview63--smartContractStatusFilter-arrow\"]"}
COMMAND: POST /session/c9b3453a2097c94c00e43fefe9121ac5/element/f.95D136BDD403266D18DB82FBE1F0ED89.d.839D74FBFF1CBD9B7C489592A6F99744.e.8029/click - {}
RESULT: {}
COMMAND: POST /session/c9b3453a2097c94c00e43fefe9121ac5/execute/async - {"script":"<script> [1562 bytes]","args":[{"selector":{"controlType":"sap.m.CheckBox","viewName":"etm.portal.ui.managecontracts.view.Master","properties":{"editable":true},"searchOpenDialogs":true,"ancestor":{"controlType":"sap.m.StandardListItem","viewName":"etm.portal.ui.managecontracts.view.Master","properties":{"title":"partial provided"},"searchOpenDialogs":true},"interaction":{"idSuffix":"CbBg"}},"wdio_ui5_key":"etmportal.ui.managecontracts.view.Mastersap.m.CheckBox{\"editable\":true}{\"controlType\":\"sap.m.StandardListItem\",\"viewName\":\"etm.portal.ui.managecontracts.view.Master\",\"properties\":{\"title\":\"partial provided\"},\"searchOpenDialogs\":true}"}]}
COMMAND: GET /session/c9b3453a2097c94c00e43fefe9121ac5/screenshot - {}
RESULT: {"script":"<script> [1562 bytes]","args":[{"selector":{"controlType":"sap.m.CheckBox","viewName":"etm.portal.ui.managecontracts.view.Master","properties":{"editable":true},"searchOpenDialogs":true,"ancestor":{"controlType":"sap.m.StandardListItem","viewName":"etm.portal.ui.managecontracts.view.Master","properties":{"title":"partial provided"},"searchOpenDialogs":true},"interaction":{"idSuffix":"CbBg"}},"wdio_ui5_key":"etmportal.ui.managecontracts.view.Mastersap.m.CheckBox{\"editable\":true}{\"controlType\":\"sap.m.StandardListItem\",\"viewName\":\"etm.portal.ui.managecontracts.view.Master\",\"properties\":{\"title\":\"partial provided\"},\"searchOpenDialogs\":true}"}]}
RESULT: undefined
COMMAND: POST /session/c9b3453a2097c94c00e43fefe9121ac5/element - {"using":"xpath","value":"//*[@id=\"__item1305-selectMulti\"]"}
RESULT: {}
RESULT: {"using":"xpath","value":"//*[@id=\"__item1305-selectMulti\"]"}
COMMAND: POST /session/c9b3453a2097c94c00e43fefe9121ac5/element/f.95D136BDD403266D18DB82FBE1F0ED89.d.839D74FBFF1CBD9B7C489592A6F99744.e.8039/click - {}
RESULT: {}
COMMAND: GET /session/c9b3453a2097c94c00e43fefe9121ac5/screenshot - {}
RESULT: {}
COMMAND: POST /session/c9b3453a2097c94c00e43fefe9121ac5/element - {"using":"xpath","value":"(//span[contains(@title ,\"Navigation\")])[2]"}
RESULT: {"using":"xpath","value":"(//span[contains(@title ,\"Navigation\")])[2]"}
COMMAND: POST /session/c9b3453a2097c94c00e43fefe9121ac5/element/f.95D136BDD403266D18DB82FBE1F0ED89.d.839D74FBFF1CBD9B7C489592A6F99744.e.8069/click - {}
RESULT: {}
COMMAND: GET /session/c9b3453a2097c94c00e43fefe9121ac5/screenshot - {}
RESULT: {}
COMMAND: POST /session/c9b3453a2097c94c00e43fefe9121ac5/element - {"using":"xpath","value":"//bdi[contains(@id ,\"closeContractBtn-BDI-content\")]"}
RESULT: {"using":"xpath","value":"//bdi[contains(@id ,\"closeContractBtn-BDI-content\")]"}
COMMAND: POST /session/c9b3453a2097c94c00e43fefe9121ac5/execute/sync - {"script":"<script> [8489 bytes]","args":[{"element-6066-11e4-a52e-4f735466cecf":"f.95D136BDD403266D18DB82FBE1F0ED89.d.839D74FBFF1CBD9B7C489592A6F99744.e.8259","ELEMENT":"f.95D136BDD403266D18DB82FBE1F0ED89.d.839D74FBFF1CBD9B7C489592A6F99744.e.8259"}]}
RESULT: undefined
COMMAND: POST /session/c9b3453a2097c94c00e43fefe9121ac5/element - {"using":"xpath","value":"//*[@id=\"__xmlview64--closeColumnBtn-img\"]"}
RESULT: {"script":"<script> [8489 bytes]","args":[{"element-6066-11e4-a52e-4f735466cecf":"f.95D136BDD403266D18DB82FBE1F0ED89.d.839D74FBFF1CBD9B7C489592A6F99744.e.8259","ELEMENT":"f.95D136BDD403266D18DB82FBE1F0ED89.d.839D74FBFF1CBD9B7C489592A6F99744.e.8259"}]}
RESULT: {"using":"xpath","value":"//*[@id=\"__xmlview64--closeColumnBtn-img\"]"}
COMMAND: POST /session/c9b3453a2097c94c00e43fefe9121ac5/element/f.95D136BDD403266D18DB82FBE1F0ED89.d.839D74FBFF1CBD9B7C489592A6F99744.e.7953/click - {}
COMMAND: GET /session/c9b3453a2097c94c00e43fefe9121ac5/screenshot - {}
COMMAND: POST /session/c9b3453a2097c94c00e43fefe9121ac5/execute/sync - {"script":"<script> [8489 bytes]","args":[{"element-6066-11e4-a52e-4f735466cecf":"f.95D136BDD403266D18DB82FBE1F0ED89.d.839D74FBFF1CBD9B7C489592A6F99744.e.8259","ELEMENT":"f.95D136BDD403266D18DB82FBE1F0ED89.d.839D74FBFF1CBD9B7C489592A6F99744.e.8259"}]}
RESULT: {}
RESULT: {}
RESULT: {"script":"<script> [8489 bytes]","args":[{"element-6066-11e4-a52e-4f735466cecf":"f.95D136BDD403266D18DB82FBE1F0ED89.d.839D74FBFF1CBD9B7C489592A6F99744.e.8259","ELEMENT":"f.95D136BDD403266D18DB82FBE1F0ED89.d.839D74FBFF1CBD9B7C489592A6F99744.e.8259"}]}
COMMAND: GET /session/c9b3453a2097c94c00e43fefe9121ac5/screenshot - {}
COMMAND: GET /session/c9b3453a2097c94c00e43fefe9121ac5/screenshot - {}
RESULT: {}
RESULT: {}
COMMAND: POST /session/c9b3453a2097c94c00e43fefe9121ac5/refresh - {}
RESULT: {}
COMMAND: GET /session/c9b3453a2097c94c00e43fefe9121ac5/screenshot - {}
RESULT: {}
COMMAND: POST /session/c9b3453a2097c94c00e43fefe9121ac5/execute/async - {"script":"<script> [189 bytes]","args":[]}
RESULT: {"script":"<script> [189 bytes]","args":[]}
COMMAND: POST /session/c9b3453a2097c94c00e43fefe9121ac5/execute/async - {"script":"<script> [123 bytes]","args":[]}
RESULT: {"script":"<script> [123 bytes]","args":[]}
COMMAND: POST /session/c9b3453a2097c94c00e43fefe9121ac5/timeouts - {"script":"<number>"}
RESULT: {"script":"<number>"}
COMMAND: GET /session/c9b3453a2097c94c00e43fefe9121ac5/timeouts - {}
RESULT: {}
RESULT: undefined
COMMAND: POST /session/c9b3453a2097c94c00e43fefe9121ac5/execute/async - {"script":"<script> [2676 bytes]","args":[]}
RESULT: {"script":"<script> [2676 bytes]","args":[]}
COMMAND: POST /session/c9b3453a2097c94c00e43fefe9121ac5/execute/async - {"script":"<script> [2342 bytes]","args":[{"protocol":"http","hostname":"0.0.0.0","path":"/","capabilities":{"browserName":"chrome","goog:chromeOptions":{"binary":"C:\\Program Files\\Google\\Chrome\\Application\\chrome.exe","args":["--start-maximized"]}},"logLevel":"warn","connectionRetryTimeout":120000,"connectionRetryCount":3,"logLevels":{},"enableDirectConnect":true,"strictSSL":true,"_":"65 more keys: [\"cacheDir\",\"port\",\"requestedCapabilities\",\"automationProtocol\",\"baseUrl\",\"waitforInterval\",\"waitforTimeout\",\"onReload\",\"beforeCommand\",\"afterCommand\",\"rootDir\",\"specs\",\"suites\",\"exclude\",\"groupLogsByTestSpec\",\"excludeDriverLogs\",\"bail\",\"framework\",\"reporters\",\"services\",\"maxInstances\",\"maxInstancesPerCapability\",\"injectGlobals\",\"filesToWatch\",\"execArgv\",\"runnerEnv\",\"runner\",\"shard\",\"specFileRetries\",\"specFileRetriesDelay\",\"specFileRetriesDeferred\",\"reporterSyncInterval\",\"reporterSyncTimeout\",\"cucumberFeaturesWithLineNumbers\",\"autoCompileOpts\",\"mochaOpts\",\"jasmineOpts\",\"cucumberOpts\",\"onPrepare\",\"onWorkerStart\",\"onWorkerEnd\",\"before\",\"beforeSession\",\"beforeSuite\",\"beforeHook\",\"beforeTest\",\"afterTest\",\"afterHook\",\"afterSuite\",\"afterSession\",\"after\",\"onComplete\",\"beforeAssertion\",\"afterAssertion\",\"beforeFeature\",\"beforeScenario\",\"beforeStep\",\"afterStep\",\"afterScenario\",\"afterFeature\",\"_\",\"suite\",\"$0\",\"ignoredWorkerServices\",\"wdi5\"]"}]}
RESULT: {"script":"<script> [2342 bytes]","args":[{"protocol":"http","hostname":"0.0.0.0","path":"/","capabilities":{"browserName":"chrome","goog:chromeOptions":{"binary":"C:\\Program Files\\Google\\Chrome\\Application\\chrome.exe","args":["--start-maximized"]}},"logLevel":"warn","connectionRetryTimeout":120000,"connectionRetryCount":3,"logLevels":{},"enableDirectConnect":true,"strictSSL":true,"_":"65 more keys: [\"cacheDir\",\"port\",\"requestedCapabilities\",\"automationProtocol\",\"baseUrl\",\"waitforInterval\",\"waitforTimeout\",\"onReload\",\"beforeCommand\",\"afterCommand\",\"rootDir\",\"specs\",\"suites\",\"exclude\",\"groupLogsByTestSpec\",\"excludeDriverLogs\",\"bail\",\"framework\",\"reporters\",\"services\",\"maxInstances\",\"maxInstancesPerCapability\",\"injectGlobals\",\"filesToWatch\",\"execArgv\",\"runnerEnv\",\"runner\",\"shard\",\"specFileRetries\",\"specFileRetriesDelay\",\"specFileRetriesDeferred\",\"reporterSyncInterval\",\"reporterSyncTimeout\",\"cucumberFeaturesWithLineNumbers\",\"autoCompileOpts\",\"mochaOpts\",\"jasmineOpts\",\"cucumberOpts\",\"onPrepare\",\"onWorkerStart\",\"onWorkerEnd\",\"before\",\"beforeSession\",\"beforeSuite\",\"beforeHook\",\"beforeTest\",\"afterTest\",\"afterHook\",\"afterSuite\",\"afterSession\",\"after\",\"onComplete\",\"beforeAssertion\",\"afterAssertion\",\"beforeFeature\",\"beforeScenario\",\"beforeStep\",\"afterStep\",\"afterScenario\",\"afterFeature\",\"_\",\"suite\",\"$0\",\"ignoredWorkerServices\",\"wdi5\"]"}]}
COMMAND: POST /session/c9b3453a2097c94c00e43fefe9121ac5/execute/async - {"script":"<script> [21126 bytes]","args":[35000]}
RESULT: {"script":"<script> [21126 bytes]","args":[35000]}
COMMAND: POST /session/c9b3453a2097c94c00e43fefe9121ac5/execute/async - {"script":"<script> [1562 bytes]","args":[{"selector":{"controlType":"sap.ui.core.Icon","viewName":"etm.portal.ui.managecontracts.view.Master","properties":{"src":{"regex":{"source":"slim\\-arrow\\-down"}}},"ancestor":{"id":"smartContractStatusFilter","viewName":"etm.portal.ui.managecontracts.view.Master"}},"wdio_ui5_key":"etmportal.ui.managecontracts.view.Mastersap.ui.core.Icon{\"src\":{\"regex\":{\"source\":\"slim\\\\-arrow\\\\-down\"}}}{\"id\":\"smartContractStatusFilter\",\"viewName\":\"etm.portal.ui.managecontracts.view.Master\"}"}]}
RESULT: {"script":"<script> [1562 bytes]","args":[{"selector":{"controlType":"sap.ui.core.Icon","viewName":"etm.portal.ui.managecontracts.view.Master","properties":{"src":{"regex":{"source":"slim\\-arrow\\-down"}}},"ancestor":{"id":"smartContractStatusFilter","viewName":"etm.portal.ui.managecontracts.view.Master"}},"wdio_ui5_key":"etmportal.ui.managecontracts.view.Mastersap.ui.core.Icon{\"src\":{\"regex\":{\"source\":\"slim\\\\-arrow\\\\-down\"}}}{\"id\":\"smartContractStatusFilter\",\"viewName\":\"etm.portal.ui.managecontracts.view.Master\"}"}]}
RESULT: undefined
COMMAND: POST /session/c9b3453a2097c94c00e43fefe9121ac5/element - {"using":"xpath","value":"//*[@id=\"__xmlview0--smartContractStatusFilter-arrow\"]"}
RESULT: {"using":"xpath","value":"//*[@id=\"__xmlview0--smartContractStatusFilter-arrow\"]"}
COMMAND: POST /session/c9b3453a2097c94c00e43fefe9121ac5/element/f.95D136BDD403266D18DB82FBE1F0ED89.d.BE88C926A020397C9F234FE90DBB5891.e.8459/click - {}
RESULT: {}
COMMAND: GET /session/c9b3453a2097c94c00e43fefe9121ac5/screenshot - {}
RESULT: {}
COMMAND: POST /session/c9b3453a2097c94c00e43fefe9121ac5/execute/async - {"script":"<script> [1562 bytes]","args":[{"selector":{"controlType":"sap.m.CheckBox","viewName":"etm.portal.ui.managecontracts.view.Master","properties":{"editable":true},"searchOpenDialogs":true,"ancestor":{"controlType":"sap.m.StandardListItem","viewName":"etm.portal.ui.managecontracts.view.Master","properties":{"title":"partial billed"},"searchOpenDialogs":true},"interaction":{"idSuffix":"CbBg"}},"wdio_ui5_key":"etmportal.ui.managecontracts.view.Mastersap.m.CheckBox{\"editable\":true}{\"controlType\":\"sap.m.StandardListItem\",\"viewName\":\"etm.portal.ui.managecontracts.view.Master\",\"properties\":{\"title\":\"partial billed\"},\"searchOpenDialogs\":true}"}]}
RESULT: {"script":"<script> [1562 bytes]","args":[{"selector":{"controlType":"sap.m.CheckBox","viewName":"etm.portal.ui.managecontracts.view.Master","properties":{"editable":true},"searchOpenDialogs":true,"ancestor":{"controlType":"sap.m.StandardListItem","viewName":"etm.portal.ui.managecontracts.view.Master","properties":{"title":"partial billed"},"searchOpenDialogs":true},"interaction":{"idSuffix":"CbBg"}},"wdio_ui5_key":"etmportal.ui.managecontracts.view.Mastersap.m.CheckBox{\"editable\":true}{\"controlType\":\"sap.m.StandardListItem\",\"viewName\":\"etm.portal.ui.managecontracts.view.Master\",\"properties\":{\"title\":\"partial billed\"},\"searchOpenDialogs\":true}"}]}
RESULT: undefined
COMMAND: POST /session/c9b3453a2097c94c00e43fefe9121ac5/element - {"using":"xpath","value":"//*[@id=\"__item41-selectMulti\"]"}
RESULT: {"using":"xpath","value":"//*[@id=\"__item41-selectMulti\"]"}
COMMAND: POST /session/c9b3453a2097c94c00e43fefe9121ac5/element/f.95D136BDD403266D18DB82FBE1F0ED89.d.BE88C926A020397C9F234FE90DBB5891.e.8468/click - {}
RESULT: {}
COMMAND: GET /session/c9b3453a2097c94c00e43fefe9121ac5/screenshot - {}
RESULT: {}
COMMAND: POST /session/c9b3453a2097c94c00e43fefe9121ac5/element - {"using":"xpath","value":"(//span[contains(@title ,\"Navigation\")])[2]"}
RESULT: {"using":"xpath","value":"(//span[contains(@title ,\"Navigation\")])[2]"}
COMMAND: POST /session/c9b3453a2097c94c00e43fefe9121ac5/element/f.95D136BDD403266D18DB82FBE1F0ED89.d.BE88C926A020397C9F234FE90DBB5891.e.8504/click - {}
RESULT: {}
COMMAND: GET /session/c9b3453a2097c94c00e43fefe9121ac5/screenshot - {}
RESULT: {}
COMMAND: POST /session/c9b3453a2097c94c00e43fefe9121ac5/execute/sync - {"script":"<script> [8489 bytes]","args":[{"element-6066-11e4-a52e-4f735466cecf":"f.95D136BDD403266D18DB82FBE1F0ED89.d.839D74FBFF1CBD9B7C489592A6F99744.e.8259","ELEMENT":"f.95D136BDD403266D18DB82FBE1F0ED89.d.839D74FBFF1CBD9B7C489592A6F99744.e.8259"}]}
COMMAND: POST /session/c9b3453a2097c94c00e43fefe9121ac5/element - {"using":"css selector","value":"#shell-header-logo"}
COMMAND: POST /session/c9b3453a2097c94c00e43fefe9121ac5/element - {"using":"xpath","value":"//bdi[contains(@id ,\"closeContractBtn-BDI-content\")]"}
RESULT: {"using":"css selector","value":"#shell-header-logo"}
COMMAND: POST /session/c9b3453a2097c94c00e43fefe9121ac5/element/f.95D136BDD403266D18DB82FBE1F0ED89.d.BE88C926A020397C9F234FE90DBB5891.e.8380/click - {}
RESULT: {"using":"xpath","value":"//bdi[contains(@id ,\"closeContractBtn-BDI-content\")]"}
COMMAND: POST /session/c9b3453a2097c94c00e43fefe9121ac5/element - {"using":"xpath","value":"//bdi[contains(@id ,\"closeContractBtn-BDI-content\")]"}
RESULT: {}
COMMAND: GET /session/c9b3453a2097c94c00e43fefe9121ac5/screenshot - {}
RESULT: {"using":"xpath","value":"//bdi[contains(@id ,\"closeContractBtn-BDI-content\")]"}
RESULT: {}
]]></system-out>
    </testcase>
  </testsuite>
  <testsuite timestamp="2025-05-15T18:15:33" time="60.401" tests="1" failures="0" errors="0" skipped="0">
    <properties>
      <property name="specId" value="0" />
      <property name="suiteName" value="Standard contract decline US151279" />
      <property name="capabilities" value="chrome.136_0_7103_93.windows" />
      <property name="file" value="file:///D:/a/1/s/test/specs/R2C/standard-contract-decline.spec.js" />
    </properties>
    <testcase classname="chrome.136_0_7103_93.windows.Standard_contract_decline_US151279" name="Should decline a contract" time="48.417">
      <system-out><![CDATA[
COMMAND: POST /session/c9b3453a2097c94c00e43fefe9121ac5/execute/async - {"script":"<script> [1562 bytes]","args":[{"selector":{"controlType":"sap.m.GenericTile","properties":{"header":"Manage Contracts"}},"wdio_ui5_key":"sapm.GenericTile{\"header\":\"Manage Contracts\"}"}]}
RESULT: {"script":"<script> [1562 bytes]","args":[{"selector":{"controlType":"sap.m.GenericTile","properties":{"header":"Manage Contracts"}},"wdio_ui5_key":"sapm.GenericTile{\"header\":\"Manage Contracts\"}"}]}
RESULT: undefined
COMMAND: POST /session/c9b3453a2097c94c00e43fefe9121ac5/element - {"using":"xpath","value":"//*[@id=\"__tile130\"]"}
RESULT: {"using":"xpath","value":"//*[@id=\"__tile130\"]"}
COMMAND: POST /session/c9b3453a2097c94c00e43fefe9121ac5/element/f.95D136BDD403266D18DB82FBE1F0ED89.d.BE88C926A020397C9F234FE90DBB5891.e.8847/click - {}
RESULT: {}
COMMAND: GET /session/c9b3453a2097c94c00e43fefe9121ac5/screenshot - {}
RESULT: {}
COMMAND: POST /session/c9b3453a2097c94c00e43fefe9121ac5/element - {"using":"xpath","value":"//input[contains(@id ,\"smartContractFilterBar-btnBasicSearch-I\")]"}
RESULT: {"using":"xpath","value":"//input[contains(@id ,\"smartContractFilterBar-btnBasicSearch-I\")]"}
COMMAND: POST /session/c9b3453a2097c94c00e43fefe9121ac5/element/f.95D136BDD403266D18DB82FBE1F0ED89.d.BE88C926A020397C9F234FE90DBB5891.e.8860/clear - {}
RESULT: {}
COMMAND: POST /session/c9b3453a2097c94c00e43fefe9121ac5/element/f.95D136BDD403266D18DB82FBE1F0ED89.d.BE88C926A020397C9F234FE90DBB5891.e.8860/value - {"text":"10275"}
COMMAND: GET /session/c9b3453a2097c94c00e43fefe9121ac5/screenshot - {}
RESULT: {"text":"10275"}
COMMAND: POST /session/c9b3453a2097c94c00e43fefe9121ac5/actions - {"actions":[{"id":"action43","type":"key","parameters":{},"actions":[{"type":"keyDown","value":"î€‡"},{"type":"pause","duration":10},{"type":"keyUp","value":"î€‡"}]}]}
COMMAND: GET /session/c9b3453a2097c94c00e43fefe9121ac5/screenshot - {}
RESULT: {}
RESULT: {"actions":[{"id":"action43","type":"key","parameters":{},"actions":[{"type":"keyDown","value":"î€‡"},{"type":"pause","duration":10},{"type":"keyUp","value":"î€‡"}]}]}
COMMAND: GET /session/c9b3453a2097c94c00e43fefe9121ac5/screenshot - {}
RESULT: {}
RESULT: {}
COMMAND: POST /session/c9b3453a2097c94c00e43fefe9121ac5/elements - {"using":"xpath","value":"//span[text()='Error']"}
RESULT: {"using":"xpath","value":"//span[text()='Error']"}
COMMAND: POST /session/c9b3453a2097c94c00e43fefe9121ac5/execute/async - {"script":"<script> [1562 bytes]","args":[{"selector":{"controlType":"sap.ui.core.Icon","viewName":"etm.portal.ui.managecontracts.view.Master","properties":{"src":{"regex":{"source":"slim\\-arrow\\-right"}}}},"wdio_ui5_key":"etmportal.ui.managecontracts.view.Mastersap.ui.core.Icon{\"src\":{\"regex\":{\"source\":\"slim\\\\-arrow\\\\-right\"}}}"}]}
RESULT: {"script":"<script> [1562 bytes]","args":[{"selector":{"controlType":"sap.ui.core.Icon","viewName":"etm.portal.ui.managecontracts.view.Master","properties":{"src":{"regex":{"source":"slim\\-arrow\\-right"}}}},"wdio_ui5_key":"etmportal.ui.managecontracts.view.Mastersap.ui.core.Icon{\"src\":{\"regex\":{\"source\":\"slim\\\\-arrow\\\\-right\"}}}"}]}
RESULT: undefined
COMMAND: POST /session/c9b3453a2097c94c00e43fefe9121ac5/element - {"using":"xpath","value":"//*[@id=\"__item77-__clone188-imgNav\"]"}
RESULT: {"using":"xpath","value":"//*[@id=\"__item77-__clone188-imgNav\"]"}
COMMAND: POST /session/c9b3453a2097c94c00e43fefe9121ac5/element/f.95D136BDD403266D18DB82FBE1F0ED89.d.BE88C926A020397C9F234FE90DBB5891.e.8961/click - {}
RESULT: {}
COMMAND: GET /session/c9b3453a2097c94c00e43fefe9121ac5/screenshot - {}
RESULT: {}
COMMAND: POST /session/c9b3453a2097c94c00e43fefe9121ac5/execute/async - {"script":"<script> [1562 bytes]","args":[{"selector":{"id":"cancelContractBtn","viewName":"etm.portal.ui.managecontracts.view.Detail","interaction":{"idSuffix":"BDI-content"}},"wdio_ui5_key":"cancelContractBtnetmportal.ui.managecontracts.view.Detail"}]}
RESULT: {"script":"<script> [1562 bytes]","args":[{"selector":{"id":"cancelContractBtn","viewName":"etm.portal.ui.managecontracts.view.Detail","interaction":{"idSuffix":"BDI-content"}},"wdio_ui5_key":"cancelContractBtnetmportal.ui.managecontracts.view.Detail"}]}
RESULT: undefined
COMMAND: POST /session/c9b3453a2097c94c00e43fefe9121ac5/element - {"using":"xpath","value":"//*[@id=\"__xmlview61--cancelContractBtn\"]"}
RESULT: {"using":"xpath","value":"//*[@id=\"__xmlview61--cancelContractBtn\"]"}
COMMAND: POST /session/c9b3453a2097c94c00e43fefe9121ac5/element/f.95D136BDD403266D18DB82FBE1F0ED89.d.BE88C926A020397C9F234FE90DBB5891.e.9127/click - {}
RESULT: {}
COMMAND: GET /session/c9b3453a2097c94c00e43fefe9121ac5/screenshot - {}
RESULT: {}
COMMAND: POST /session/c9b3453a2097c94c00e43fefe9121ac5/execute/async - {"script":"<script> [1562 bytes]","args":[{"selector":{"controlType":"sap.m.Text","properties":{"text":"Do you want to cancel the whole contract?"},"searchOpenDialogs":true},"wdio_ui5_key":"sapm.Text{\"text\":\"Do you want to cancel the whole contract?\"}"}]}
RESULT: {"script":"<script> [1562 bytes]","args":[{"selector":{"controlType":"sap.m.Text","properties":{"text":"Do you want to cancel the whole contract?"},"searchOpenDialogs":true},"wdio_ui5_key":"sapm.Text{\"text\":\"Do you want to cancel the whole contract?\"}"}]}
RESULT: undefined
COMMAND: POST /session/c9b3453a2097c94c00e43fefe9121ac5/execute/async - {"script":"<script> [6424 bytes]","args":[{"element-6066-11e4-a52e-4f735466cecf":"f.95D136BDD403266D18DB82FBE1F0ED89.d.BE88C926A020397C9F234FE90DBB5891.e.9129"},"getText",[]]}
RESULT: {"script":"<script> [6424 bytes]","args":[{"element-6066-11e4-a52e-4f735466cecf":"f.95D136BDD403266D18DB82FBE1F0ED89.d.BE88C926A020397C9F234FE90DBB5891.e.9129"},"getText",[]]}
COMMAND: POST /session/c9b3453a2097c94c00e43fefe9121ac5/element - {"using":"xpath","value":"//bdi[contains(text(), \"OK\")]"}
RESULT: {"using":"xpath","value":"//bdi[contains(text(), \"OK\")]"}
COMMAND: POST /session/c9b3453a2097c94c00e43fefe9121ac5/element/f.95D136BDD403266D18DB82FBE1F0ED89.d.BE88C926A020397C9F234FE90DBB5891.e.9130/click - {}
RESULT: {}
COMMAND: GET /session/c9b3453a2097c94c00e43fefe9121ac5/screenshot - {}
RESULT: {}
COMMAND: POST /session/c9b3453a2097c94c00e43fefe9121ac5/element - {"using":"xpath","value":"//input[contains(@id ,\"smartContractFilterBar-btnBasicSearch-I\")]"}
RESULT: {"using":"xpath","value":"//input[contains(@id ,\"smartContractFilterBar-btnBasicSearch-I\")]"}
COMMAND: POST /session/c9b3453a2097c94c00e43fefe9121ac5/element/f.95D136BDD403266D18DB82FBE1F0ED89.d.BE88C926A020397C9F234FE90DBB5891.e.8860/clear - {}
RESULT: {}
COMMAND: POST /session/c9b3453a2097c94c00e43fefe9121ac5/element/f.95D136BDD403266D18DB82FBE1F0ED89.d.BE88C926A020397C9F234FE90DBB5891.e.8860/value - {"text":"10275"}
COMMAND: GET /session/c9b3453a2097c94c00e43fefe9121ac5/screenshot - {}
RESULT: {"text":"10275"}
COMMAND: POST /session/c9b3453a2097c94c00e43fefe9121ac5/actions - {"actions":[{"id":"action44","type":"key","parameters":{},"actions":[{"type":"keyDown","value":"î€‡"},{"type":"pause","duration":10},{"type":"keyUp","value":"î€‡"}]}]}
COMMAND: GET /session/c9b3453a2097c94c00e43fefe9121ac5/screenshot - {}
RESULT: {}
RESULT: {"actions":[{"id":"action44","type":"key","parameters":{},"actions":[{"type":"keyDown","value":"î€‡"},{"type":"pause","duration":10},{"type":"keyUp","value":"î€‡"}]}]}
COMMAND: GET /session/c9b3453a2097c94c00e43fefe9121ac5/screenshot - {}
RESULT: {}
RESULT: {}
COMMAND: POST /session/c9b3453a2097c94c00e43fefe9121ac5/execute/async - {"script":"<script> [1562 bytes]","args":[{"selector":{"controlType":"sap.m.ObjectStatus","viewName":"etm.portal.ui.managecontracts.view.Master","bindingPath":{"path":"/SmartContractHeaders('10275')","propertyPath":"STATUS_DESCRIPTION"}},"wdio_ui5_key":"etmportal.ui.managecontracts.view.Mastersap.m.ObjectStatus{\"path\":\"/SmartContractHeaders('10275')\",\"propertyPath\":\"STATUS_DESCRIPTION\"}"}]}
RESULT: {"script":"<script> [1562 bytes]","args":[{"selector":{"controlType":"sap.m.ObjectStatus","viewName":"etm.portal.ui.managecontracts.view.Master","bindingPath":{"path":"/SmartContractHeaders('10275')","propertyPath":"STATUS_DESCRIPTION"}},"wdio_ui5_key":"etmportal.ui.managecontracts.view.Mastersap.m.ObjectStatus{\"path\":\"/SmartContractHeaders('10275')\",\"propertyPath\":\"STATUS_DESCRIPTION\"}"}]}
RESULT: undefined
COMMAND: POST /session/c9b3453a2097c94c00e43fefe9121ac5/execute/async - {"script":"<script> [6424 bytes]","args":[{"element-6066-11e4-a52e-4f735466cecf":"f.95D136BDD403266D18DB82FBE1F0ED89.d.BE88C926A020397C9F234FE90DBB5891.e.9185"},"getText",[]]}
RESULT: {"script":"<script> [6424 bytes]","args":[{"element-6066-11e4-a52e-4f735466cecf":"f.95D136BDD403266D18DB82FBE1F0ED89.d.BE88C926A020397C9F234FE90DBB5891.e.9185"},"getText",[]]}
RESULT: undefined
COMMAND: POST /session/c9b3453a2097c94c00e43fefe9121ac5/element - {"using":"xpath","value":"//*[@id=\"__item77-__clone188-imgNav\"]"}
RESULT: {"using":"xpath","value":"//*[@id=\"__item77-__clone188-imgNav\"]"}
COMMAND: POST /session/c9b3453a2097c94c00e43fefe9121ac5/element/f.95D136BDD403266D18DB82FBE1F0ED89.d.BE88C926A020397C9F234FE90DBB5891.e.8961/click - {}
RESULT: {}
COMMAND: GET /session/c9b3453a2097c94c00e43fefe9121ac5/screenshot - {}
RESULT: {}
COMMAND: POST /session/c9b3453a2097c94c00e43fefe9121ac5/execute/async - {"script":"<script> [1562 bytes]","args":[{"selector":{"controlType":"sap.m.ObjectStatus","viewName":"etm.portal.ui.managecontracts.view.Detail","bindingPath":{"path":"/SmartContractItems(CONTRACT='10275',ITEM=10m,SUB_ITEM=0m)","propertyPath":"STATUS"}},"wdio_ui5_key":"etmportal.ui.managecontracts.view.Detailsap.m.ObjectStatus{\"path\":\"/SmartContractItems(CONTRACT='10275',ITEM=10m,SUB_ITEM=0m)\",\"propertyPath\":\"STATUS\"}"}]}
RESULT: {"script":"<script> [1562 bytes]","args":[{"selector":{"controlType":"sap.m.ObjectStatus","viewName":"etm.portal.ui.managecontracts.view.Detail","bindingPath":{"path":"/SmartContractItems(CONTRACT='10275',ITEM=10m,SUB_ITEM=0m)","propertyPath":"STATUS"}},"wdio_ui5_key":"etmportal.ui.managecontracts.view.Detailsap.m.ObjectStatus{\"path\":\"/SmartContractItems(CONTRACT='10275',ITEM=10m,SUB_ITEM=0m)\",\"propertyPath\":\"STATUS\"}"}]}
RESULT: undefined
COMMAND: POST /session/c9b3453a2097c94c00e43fefe9121ac5/execute/async - {"script":"<script> [6424 bytes]","args":[{"element-6066-11e4-a52e-4f735466cecf":"f.95D136BDD403266D18DB82FBE1F0ED89.d.BE88C926A020397C9F234FE90DBB5891.e.9209"},"getText",[]]}
RESULT: {"script":"<script> [6424 bytes]","args":[{"element-6066-11e4-a52e-4f735466cecf":"f.95D136BDD403266D18DB82FBE1F0ED89.d.BE88C926A020397C9F234FE90DBB5891.e.9209"},"getText",[]]}
COMMAND: POST /session/c9b3453a2097c94c00e43fefe9121ac5/element - {"using":"css selector","value":"#shell-header-logo"}
RESULT: {"using":"css selector","value":"#shell-header-logo"}
COMMAND: POST /session/c9b3453a2097c94c00e43fefe9121ac5/element/f.95D136BDD403266D18DB82FBE1F0ED89.d.BE88C926A020397C9F234FE90DBB5891.e.8850/click - {}
RESULT: {}
COMMAND: GET /session/c9b3453a2097c94c00e43fefe9121ac5/screenshot - {}
RESULT: {}
]]></system-out>
    </testcase>
  </testsuite>
  <testsuite timestamp="2025-05-15T18:16:33" time="194.219" tests="2" failures="0" errors="0" skipped="0">
    <properties>
      <property name="specId" value="0" />
      <property name="suiteName" value="Insert service into a contract US152956" />
      <property name="capabilities" value="chrome.136_0_7103_93.windows" />
      <property name="file" value="file:///D:/a/1/s/test/specs/R2C/insert-service-into-a-contract.spec.js" />
    </properties>
    <testcase classname="chrome.136_0_7103_93.windows.Insert_service_into_a_contract_US152956" name="Should create a new contract" time="105.309">
      <system-out><![CDATA[
RESULT: undefined
COMMAND: POST /session/c9b3453a2097c94c00e43fefe9121ac5/element - {"using":"xpath","value":"//*[@id=\"__tile130\"]"}
RESULT: {"using":"xpath","value":"//*[@id=\"__tile130\"]"}
COMMAND: POST /session/c9b3453a2097c94c00e43fefe9121ac5/element/f.95D136BDD403266D18DB82FBE1F0ED89.d.BE88C926A020397C9F234FE90DBB5891.e.8847/click - {}
RESULT: {}
COMMAND: GET /session/c9b3453a2097c94c00e43fefe9121ac5/screenshot - {}
RESULT: {}
COMMAND: POST /session/c9b3453a2097c94c00e43fefe9121ac5/elements - {"using":"xpath","value":"//span[text()='Error']"}
RESULT: {"using":"xpath","value":"//span[text()='Error']"}
COMMAND: POST /session/c9b3453a2097c94c00e43fefe9121ac5/element - {"using":"xpath","value":"//button[@data-kt=\"addButton\"]"}
RESULT: {"using":"xpath","value":"//button[@data-kt=\"addButton\"]"}
COMMAND: POST /session/c9b3453a2097c94c00e43fefe9121ac5/element/f.95D136BDD403266D18DB82FBE1F0ED89.d.BE88C926A020397C9F234FE90DBB5891.e.9264/click - {}
RESULT: {}
COMMAND: GET /session/c9b3453a2097c94c00e43fefe9121ac5/screenshot - {}
RESULT: {}
COMMAND: POST /session/c9b3453a2097c94c00e43fefe9121ac5/execute/async - {"script":"<script> [1562 bytes]","args":[{"selector":{"id":"application-managecontracts-display-component---AddNewContract--projectDescription","interaction":{"idSuffix":"inner"}},"wdio_ui5_key":"applicationmanagecontracts-display-component---AddNewContract--projectDescription"}]}
RESULT: {"script":"<script> [1562 bytes]","args":[{"selector":{"id":"application-managecontracts-display-component---AddNewContract--projectDescription","interaction":{"idSuffix":"inner"}},"wdio_ui5_key":"applicationmanagecontracts-display-component---AddNewContract--projectDescription"}]}
RESULT: undefined
COMMAND: POST /session/c9b3453a2097c94c00e43fefe9121ac5/execute/async - {"script":"<script> [776 bytes]","args":[{"enterText":"WdIOR2cclc1b","selector":{"id":"application-managecontracts-display-component---AddNewContract--projectDescription","interaction":{"idSuffix":"inner"}},"clearTextFirst":true,"interactionType":"ENTER_TEXT"}]}
RESULT: {"script":"<script> [776 bytes]","args":[{"enterText":"WdIOR2cclc1b","selector":{"id":"application-managecontracts-display-component---AddNewContract--projectDescription","interaction":{"idSuffix":"inner"}},"clearTextFirst":true,"interactionType":"ENTER_TEXT"}]}
COMMAND: POST /session/c9b3453a2097c94c00e43fefe9121ac5/element - {"using":"xpath","value":"//input[@id=\"application-managecontracts-display-component---AddNewContract--yardId-inner\"]"}
RESULT: {"using":"xpath","value":"//input[@id=\"application-managecontracts-display-component---AddNewContract--yardId-inner\"]"}
COMMAND: POST /session/c9b3453a2097c94c00e43fefe9121ac5/element/f.95D136BDD403266D18DB82FBE1F0ED89.d.BE88C926A020397C9F234FE90DBB5891.e.9565/clear - {}
RESULT: {}
COMMAND: POST /session/c9b3453a2097c94c00e43fefe9121ac5/element/f.95D136BDD403266D18DB82FBE1F0ED89.d.BE88C926A020397C9F234FE90DBB5891.e.9565/value - {"text":"WebdriverYardtrgti"}
COMMAND: GET /session/c9b3453a2097c94c00e43fefe9121ac5/screenshot - {}
RESULT: {"text":"WebdriverYardtrgti"}
COMMAND: GET /session/c9b3453a2097c94c00e43fefe9121ac5/screenshot - {}
RESULT: {}
RESULT: {}
COMMAND: POST /session/c9b3453a2097c94c00e43fefe9121ac5/actions - {"actions":[{"id":"action45","type":"key","parameters":{},"actions":[{"type":"keyDown","value":"î€‡"},{"type":"pause","duration":10},{"type":"keyUp","value":"î€‡"}]}]}
RESULT: {"actions":[{"id":"action45","type":"key","parameters":{},"actions":[{"type":"keyDown","value":"î€‡"},{"type":"pause","duration":10},{"type":"keyUp","value":"î€‡"}]}]}
COMMAND: GET /session/c9b3453a2097c94c00e43fefe9121ac5/screenshot - {}
RESULT: {}
COMMAND: POST /session/c9b3453a2097c94c00e43fefe9121ac5/element - {"using":"xpath","value":"//input[@id=\"application-managecontracts-display-component---AddNewContract--customerSelect-inner\"]"}
RESULT: {"using":"xpath","value":"//input[@id=\"application-managecontracts-display-component---AddNewContract--customerSelect-inner\"]"}
COMMAND: POST /session/c9b3453a2097c94c00e43fefe9121ac5/element/f.95D136BDD403266D18DB82FBE1F0ED89.d.BE88C926A020397C9F234FE90DBB5891.e.9563/clear - {}
RESULT: {}
COMMAND: POST /session/c9b3453a2097c94c00e43fefe9121ac5/element/f.95D136BDD403266D18DB82FBE1F0ED89.d.BE88C926A020397C9F234FE90DBB5891.e.9563/value - {"text":"WebdriverPartnerzblt"}
COMMAND: GET /session/c9b3453a2097c94c00e43fefe9121ac5/screenshot - {}
RESULT: {"text":"WebdriverPartnerzblt"}
COMMAND: GET /session/c9b3453a2097c94c00e43fefe9121ac5/screenshot - {}
RESULT: {}
RESULT: {}
COMMAND: POST /session/c9b3453a2097c94c00e43fefe9121ac5/actions - {"actions":[{"id":"action46","type":"key","parameters":{},"actions":[{"type":"keyDown","value":"î€‡"},{"type":"pause","duration":10},{"type":"keyUp","value":"î€‡"}]}]}
RESULT: {"actions":[{"id":"action46","type":"key","parameters":{},"actions":[{"type":"keyDown","value":"î€‡"},{"type":"pause","duration":10},{"type":"keyUp","value":"î€‡"}]}]}
COMMAND: GET /session/c9b3453a2097c94c00e43fefe9121ac5/screenshot - {}
RESULT: {}
COMMAND: POST /session/c9b3453a2097c94c00e43fefe9121ac5/element - {"using":"xpath","value":"//input[@id=\"application-managecontracts-display-component---AddNewContract--site-inner\"]"}
RESULT: {"using":"xpath","value":"//input[@id=\"application-managecontracts-display-component---AddNewContract--site-inner\"]"}
COMMAND: POST /session/c9b3453a2097c94c00e43fefe9121ac5/element/f.95D136BDD403266D18DB82FBE1F0ED89.d.BE88C926A020397C9F234FE90DBB5891.e.9564/clear - {}
RESULT: {}
COMMAND: POST /session/c9b3453a2097c94c00e43fefe9121ac5/element/f.95D136BDD403266D18DB82FBE1F0ED89.d.BE88C926A020397C9F234FE90DBB5891.e.9564/value - {"text":"WebdriverSitez3qoj"}
COMMAND: GET /session/c9b3453a2097c94c00e43fefe9121ac5/screenshot - {}
RESULT: {"text":"WebdriverSitez3qoj"}
COMMAND: GET /session/c9b3453a2097c94c00e43fefe9121ac5/screenshot - {}
RESULT: {}
RESULT: {}
COMMAND: POST /session/c9b3453a2097c94c00e43fefe9121ac5/actions - {"actions":[{"id":"action47","type":"key","parameters":{},"actions":[{"type":"keyDown","value":"î€‡"},{"type":"pause","duration":10},{"type":"keyUp","value":"î€‡"}]}]}
RESULT: {"actions":[{"id":"action47","type":"key","parameters":{},"actions":[{"type":"keyDown","value":"î€‡"},{"type":"pause","duration":10},{"type":"keyUp","value":"î€‡"}]}]}
COMMAND: GET /session/c9b3453a2097c94c00e43fefe9121ac5/screenshot - {}
RESULT: {}
COMMAND: POST /session/c9b3453a2097c94c00e43fefe9121ac5/element - {"using":"xpath","value":"//button[@data-kt=\"saveButton\"]"}
RESULT: {"using":"xpath","value":"//button[@data-kt=\"saveButton\"]"}
COMMAND: POST /session/c9b3453a2097c94c00e43fefe9121ac5/element/f.95D136BDD403266D18DB82FBE1F0ED89.d.BE88C926A020397C9F234FE90DBB5891.e.9605/click - {}
RESULT: {}
COMMAND: GET /session/c9b3453a2097c94c00e43fefe9121ac5/screenshot - {}
RESULT: {}
COMMAND: POST /session/c9b3453a2097c94c00e43fefe9121ac5/execute/async - {"script":"<script> [1562 bytes]","args":[{"selector":{"id":"contractDetailTitleNoExpanded","viewName":"etm.portal.ui.managecontracts.view.Detail"},"wdio_ui5_key":"contractDetailTitleNoExpandedetmportal.ui.managecontracts.view.Detail"}]}
RESULT: {"script":"<script> [1562 bytes]","args":[{"selector":{"id":"contractDetailTitleNoExpanded","viewName":"etm.portal.ui.managecontracts.view.Detail"},"wdio_ui5_key":"contractDetailTitleNoExpandedetmportal.ui.managecontracts.view.Detail"}]}
RESULT: undefined
COMMAND: POST /session/c9b3453a2097c94c00e43fefe9121ac5/execute/async - {"script":"<script> [6424 bytes]","args":[{"element-6066-11e4-a52e-4f735466cecf":"f.95D136BDD403266D18DB82FBE1F0ED89.d.BE88C926A020397C9F234FE90DBB5891.e.9679"},"getText",[]]}
RESULT: {"script":"<script> [6424 bytes]","args":[{"element-6066-11e4-a52e-4f735466cecf":"f.95D136BDD403266D18DB82FBE1F0ED89.d.BE88C926A020397C9F234FE90DBB5891.e.9679"},"getText",[]]}
]]></system-out>
    </testcase>
    <testcase classname="chrome.136_0_7103_93.windows.Insert_service_into_a_contract_US152956" name="Should add a service unit and a service group to the contract" time="84.504">
      <system-out><![CDATA[
COMMAND: POST /session/c9b3453a2097c94c00e43fefe9121ac5/element - {"using":"xpath","value":"//button[@data-kt=\"contractDetailEditBtnButton\"]"}
RESULT: {"using":"xpath","value":"//button[@data-kt=\"contractDetailEditBtnButton\"]"}
COMMAND: POST /session/c9b3453a2097c94c00e43fefe9121ac5/execute/sync - {"script":"<script> [8489 bytes]","args":[{"element-6066-11e4-a52e-4f735466cecf":"f.95D136BDD403266D18DB82FBE1F0ED89.d.BE88C926A020397C9F234FE90DBB5891.e.9680","ELEMENT":"f.95D136BDD403266D18DB82FBE1F0ED89.d.BE88C926A020397C9F234FE90DBB5891.e.9680"}]}
RESULT: {"script":"<script> [8489 bytes]","args":[{"element-6066-11e4-a52e-4f735466cecf":"f.95D136BDD403266D18DB82FBE1F0ED89.d.BE88C926A020397C9F234FE90DBB5891.e.9680","ELEMENT":"f.95D136BDD403266D18DB82FBE1F0ED89.d.BE88C926A020397C9F234FE90DBB5891.e.9680"}]}
COMMAND: POST /session/c9b3453a2097c94c00e43fefe9121ac5/execute/sync - {"script":"<script> [8489 bytes]","args":[{"element-6066-11e4-a52e-4f735466cecf":"f.95D136BDD403266D18DB82FBE1F0ED89.d.BE88C926A020397C9F234FE90DBB5891.e.9680","ELEMENT":"f.95D136BDD403266D18DB82FBE1F0ED89.d.BE88C926A020397C9F234FE90DBB5891.e.9680"}]}
COMMAND: GET /session/c9b3453a2097c94c00e43fefe9121ac5/screenshot - {}
RESULT: {"script":"<script> [8489 bytes]","args":[{"element-6066-11e4-a52e-4f735466cecf":"f.95D136BDD403266D18DB82FBE1F0ED89.d.BE88C926A020397C9F234FE90DBB5891.e.9680","ELEMENT":"f.95D136BDD403266D18DB82FBE1F0ED89.d.BE88C926A020397C9F234FE90DBB5891.e.9680"}]}
COMMAND: POST /session/c9b3453a2097c94c00e43fefe9121ac5/execute/sync - {"script":"<script> [5351 bytes]","args":[{"element-6066-11e4-a52e-4f735466cecf":"f.95D136BDD403266D18DB82FBE1F0ED89.d.BE88C926A020397C9F234FE90DBB5891.e.9680","ELEMENT":"f.95D136BDD403266D18DB82FBE1F0ED89.d.BE88C926A020397C9F234FE90DBB5891.e.9680"}]}
COMMAND: GET /session/c9b3453a2097c94c00e43fefe9121ac5/screenshot - {}
RESULT: {}
RESULT: {"script":"<script> [5351 bytes]","args":[{"element-6066-11e4-a52e-4f735466cecf":"f.95D136BDD403266D18DB82FBE1F0ED89.d.BE88C926A020397C9F234FE90DBB5891.e.9680","ELEMENT":"f.95D136BDD403266D18DB82FBE1F0ED89.d.BE88C926A020397C9F234FE90DBB5891.e.9680"}]}
COMMAND: POST /session/c9b3453a2097c94c00e43fefe9121ac5/element/f.95D136BDD403266D18DB82FBE1F0ED89.d.BE88C926A020397C9F234FE90DBB5891.e.9680/click - {}
COMMAND: GET /session/c9b3453a2097c94c00e43fefe9121ac5/screenshot - {}
RESULT: {}
RESULT: {}
COMMAND: GET /session/c9b3453a2097c94c00e43fefe9121ac5/screenshot - {}
RESULT: {}
RESULT: {}
COMMAND: POST /session/c9b3453a2097c94c00e43fefe9121ac5/element - {"using":"xpath","value":"(//span[contains(text(), \"Additional Addresses\")])[2]"}
RESULT: {"using":"xpath","value":"(//span[contains(text(), \"Additional Addresses\")])[2]"}
COMMAND: POST /session/c9b3453a2097c94c00e43fefe9121ac5/element/f.95D136BDD403266D18DB82FBE1F0ED89.d.BE88C926A020397C9F234FE90DBB5891.e.9738/click - {}
RESULT: {}
COMMAND: GET /session/c9b3453a2097c94c00e43fefe9121ac5/screenshot - {}
RESULT: {}
COMMAND: POST /session/c9b3453a2097c94c00e43fefe9121ac5/element - {"using":"xpath","value":"//button[@data-kt=\"btnAddTableRowOverflowToolbarButton\"]"}
RESULT: {"using":"xpath","value":"//button[@data-kt=\"btnAddTableRowOverflowToolbarButton\"]"}
COMMAND: POST /session/c9b3453a2097c94c00e43fefe9121ac5/element/f.95D136BDD403266D18DB82FBE1F0ED89.d.BE88C926A020397C9F234FE90DBB5891.e.9740/click - {}
RESULT: {}
COMMAND: GET /session/c9b3453a2097c94c00e43fefe9121ac5/screenshot - {}
RESULT: {}
COMMAND: POST /session/c9b3453a2097c94c00e43fefe9121ac5/element - {"using":"xpath","value":"//div[(text() = 'Standard Entry' or . = 'Standard Entry')]"}
RESULT: {"using":"xpath","value":"//div[(text() = 'Standard Entry' or . = 'Standard Entry')]"}
COMMAND: POST /session/c9b3453a2097c94c00e43fefe9121ac5/element/f.95D136BDD403266D18DB82FBE1F0ED89.d.BE88C926A020397C9F234FE90DBB5891.e.9742/click - {}
RESULT: {}
COMMAND: POST /session/c9b3453a2097c94c00e43fefe9121ac5/element - {"using":"xpath","value":"//button[@data-kt=\"btnAddTableRowOverflowToolbarButton\"]"}
COMMAND: GET /session/c9b3453a2097c94c00e43fefe9121ac5/screenshot - {}
RESULT: {"using":"xpath","value":"//button[@data-kt=\"btnAddTableRowOverflowToolbarButton\"]"}
COMMAND: POST /session/c9b3453a2097c94c00e43fefe9121ac5/element/f.95D136BDD403266D18DB82FBE1F0ED89.d.BE88C926A020397C9F234FE90DBB5891.e.9740/click - {}
RESULT: {}
RESULT: {}
COMMAND: GET /session/c9b3453a2097c94c00e43fefe9121ac5/screenshot - {}
RESULT: {}
COMMAND: POST /session/c9b3453a2097c94c00e43fefe9121ac5/element - {"using":"xpath","value":"//div[(text() = 'Standard Entry' or . = 'Standard Entry')]"}
RESULT: {"using":"xpath","value":"//div[(text() = 'Standard Entry' or . = 'Standard Entry')]"}
COMMAND: POST /session/c9b3453a2097c94c00e43fefe9121ac5/element/f.95D136BDD403266D18DB82FBE1F0ED89.d.BE88C926A020397C9F234FE90DBB5891.e.9754/click - {}
RESULT: {}
COMMAND: POST /session/c9b3453a2097c94c00e43fefe9121ac5/element - {"using":"xpath","value":"(//td[6]/div/div/input)[1]"}
COMMAND: GET /session/c9b3453a2097c94c00e43fefe9121ac5/screenshot - {}
RESULT: {"using":"xpath","value":"(//td[6]/div/div/input)[1]"}
COMMAND: POST /session/c9b3453a2097c94c00e43fefe9121ac5/element/f.95D136BDD403266D18DB82FBE1F0ED89.d.BE88C926A020397C9F234FE90DBB5891.e.9756/click - {}
RESULT: {}
RESULT: {}
COMMAND: POST /session/c9b3453a2097c94c00e43fefe9121ac5/actions - {"actions":[{"id":"action48","type":"key","parameters":{},"actions":[{"type":"keyDown","value":"î€ƒ"},{"type":"pause","duration":10},{"type":"keyUp","value":"î€ƒ"}]}]}
COMMAND: GET /session/c9b3453a2097c94c00e43fefe9121ac5/screenshot - {}
RESULT: {"actions":[{"id":"action48","type":"key","parameters":{},"actions":[{"type":"keyDown","value":"î€ƒ"},{"type":"pause","duration":10},{"type":"keyUp","value":"î€ƒ"}]}]}
COMMAND: POST /session/c9b3453a2097c94c00e43fefe9121ac5/element - {"using":"xpath","value":"(//td[6]/div/div/input)[1]"}
COMMAND: GET /session/c9b3453a2097c94c00e43fefe9121ac5/screenshot - {}
RESULT: {}
RESULT: {"using":"xpath","value":"(//td[6]/div/div/input)[1]"}
COMMAND: POST /session/c9b3453a2097c94c00e43fefe9121ac5/element/f.95D136BDD403266D18DB82FBE1F0ED89.d.BE88C926A020397C9F234FE90DBB5891.e.9756/clear - {}
RESULT: {}
RESULT: {}
COMMAND: POST /session/c9b3453a2097c94c00e43fefe9121ac5/element/f.95D136BDD403266D18DB82FBE1F0ED89.d.BE88C926A020397C9F234FE90DBB5891.e.9756/value - {"text":"Service Unit"}
COMMAND: GET /session/c9b3453a2097c94c00e43fefe9121ac5/screenshot - {}
RESULT: {"text":"Service Unit"}
COMMAND: GET /session/c9b3453a2097c94c00e43fefe9121ac5/screenshot - {}
RESULT: {}
RESULT: {}
COMMAND: POST /session/c9b3453a2097c94c00e43fefe9121ac5/actions - {"actions":[{"id":"action49","type":"key","parameters":{},"actions":[{"type":"keyDown","value":"î€‡"},{"type":"pause","duration":10},{"type":"keyUp","value":"î€‡"}]}]}
RESULT: {"actions":[{"id":"action49","type":"key","parameters":{},"actions":[{"type":"keyDown","value":"î€‡"},{"type":"pause","duration":10},{"type":"keyUp","value":"î€‡"}]}]}
COMMAND: GET /session/c9b3453a2097c94c00e43fefe9121ac5/screenshot - {}
RESULT: {}
COMMAND: POST /session/c9b3453a2097c94c00e43fefe9121ac5/actions - {"actions":[{"id":"action50","type":"key","parameters":{},"actions":[{"type":"keyDown","value":"î€‡"},{"type":"pause","duration":10},{"type":"keyUp","value":"î€‡"}]}]}
RESULT: {"actions":[{"id":"action50","type":"key","parameters":{},"actions":[{"type":"keyDown","value":"î€‡"},{"type":"pause","duration":10},{"type":"keyUp","value":"î€‡"}]}]}
COMMAND: POST /session/c9b3453a2097c94c00e43fefe9121ac5/element - {"using":"xpath","value":"(//td[7]/div/div/input)[1]"}
COMMAND: GET /session/c9b3453a2097c94c00e43fefe9121ac5/screenshot - {}
RESULT: {"using":"xpath","value":"(//td[7]/div/div/input)[1]"}
COMMAND: POST /session/c9b3453a2097c94c00e43fefe9121ac5/element/f.95D136BDD403266D18DB82FBE1F0ED89.d.BE88C926A020397C9F234FE90DBB5891.e.9772/clear - {}
RESULT: {}
RESULT: {}
COMMAND: POST /session/c9b3453a2097c94c00e43fefe9121ac5/element/f.95D136BDD403266D18DB82FBE1F0ED89.d.BE88C926A020397C9F234FE90DBB5891.e.9772/value - {"text":"1000001"}
COMMAND: GET /session/c9b3453a2097c94c00e43fefe9121ac5/screenshot - {}
RESULT: {"text":"1000001"}
COMMAND: GET /session/c9b3453a2097c94c00e43fefe9121ac5/screenshot - {}
RESULT: {}
RESULT: {}
COMMAND: POST /session/c9b3453a2097c94c00e43fefe9121ac5/actions - {"actions":[{"id":"action51","type":"key","parameters":{},"actions":[{"type":"keyDown","value":"î€‡"},{"type":"pause","duration":10},{"type":"keyUp","value":"î€‡"}]}]}
RESULT: {"actions":[{"id":"action51","type":"key","parameters":{},"actions":[{"type":"keyDown","value":"î€‡"},{"type":"pause","duration":10},{"type":"keyUp","value":"î€‡"}]}]}
COMMAND: GET /session/c9b3453a2097c94c00e43fefe9121ac5/screenshot - {}
COMMAND: POST /session/c9b3453a2097c94c00e43fefe9121ac5/actions - {"actions":[{"id":"action52","type":"key","parameters":{},"actions":[{"type":"keyDown","value":"î€‡"},{"type":"pause","duration":10},{"type":"keyUp","value":"î€‡"}]}]}
RESULT: {}
RESULT: {"actions":[{"id":"action52","type":"key","parameters":{},"actions":[{"type":"keyDown","value":"î€‡"},{"type":"pause","duration":10},{"type":"keyUp","value":"î€‡"}]}]}
COMMAND: GET /session/c9b3453a2097c94c00e43fefe9121ac5/screenshot - {}
RESULT: {}
COMMAND: POST /session/c9b3453a2097c94c00e43fefe9121ac5/element - {"using":"xpath","value":"(//td[6]/div/div/input)[2]"}
RESULT: {"using":"xpath","value":"(//td[6]/div/div/input)[2]"}
COMMAND: POST /session/c9b3453a2097c94c00e43fefe9121ac5/element/f.95D136BDD403266D18DB82FBE1F0ED89.d.BE88C926A020397C9F234FE90DBB5891.e.9744/click - {}
RESULT: {}
COMMAND: POST /session/c9b3453a2097c94c00e43fefe9121ac5/actions - {"actions":[{"id":"action53","type":"key","parameters":{},"actions":[{"type":"keyDown","value":"î€ƒ"},{"type":"pause","duration":10},{"type":"keyUp","value":"î€ƒ"}]}]}
COMMAND: GET /session/c9b3453a2097c94c00e43fefe9121ac5/screenshot - {}
RESULT: {"actions":[{"id":"action53","type":"key","parameters":{},"actions":[{"type":"keyDown","value":"î€ƒ"},{"type":"pause","duration":10},{"type":"keyUp","value":"î€ƒ"}]}]}
COMMAND: POST /session/c9b3453a2097c94c00e43fefe9121ac5/element - {"using":"xpath","value":"(//td[6]/div/div/input)[2]"}
COMMAND: GET /session/c9b3453a2097c94c00e43fefe9121ac5/screenshot - {}
RESULT: {}
RESULT: {"using":"xpath","value":"(//td[6]/div/div/input)[2]"}
COMMAND: POST /session/c9b3453a2097c94c00e43fefe9121ac5/element/f.95D136BDD403266D18DB82FBE1F0ED89.d.BE88C926A020397C9F234FE90DBB5891.e.9744/clear - {}
RESULT: {}
RESULT: {}
COMMAND: POST /session/c9b3453a2097c94c00e43fefe9121ac5/element/f.95D136BDD403266D18DB82FBE1F0ED89.d.BE88C926A020397C9F234FE90DBB5891.e.9744/value - {"text":"Service Unit Group"}
COMMAND: GET /session/c9b3453a2097c94c00e43fefe9121ac5/screenshot - {}
RESULT: {"text":"Service Unit Group"}
COMMAND: GET /session/c9b3453a2097c94c00e43fefe9121ac5/screenshot - {}
RESULT: {}
RESULT: {}
COMMAND: POST /session/c9b3453a2097c94c00e43fefe9121ac5/actions - {"actions":[{"id":"action54","type":"key","parameters":{},"actions":[{"type":"keyDown","value":"î€‡"},{"type":"pause","duration":10},{"type":"keyUp","value":"î€‡"}]}]}
RESULT: {"actions":[{"id":"action54","type":"key","parameters":{},"actions":[{"type":"keyDown","value":"î€‡"},{"type":"pause","duration":10},{"type":"keyUp","value":"î€‡"}]}]}
COMMAND: GET /session/c9b3453a2097c94c00e43fefe9121ac5/screenshot - {}
RESULT: {}
COMMAND: POST /session/c9b3453a2097c94c00e43fefe9121ac5/actions - {"actions":[{"id":"action55","type":"key","parameters":{},"actions":[{"type":"keyDown","value":"î€‡"},{"type":"pause","duration":10},{"type":"keyUp","value":"î€‡"}]}]}
RESULT: {"actions":[{"id":"action55","type":"key","parameters":{},"actions":[{"type":"keyDown","value":"î€‡"},{"type":"pause","duration":10},{"type":"keyUp","value":"î€‡"}]}]}
COMMAND: POST /session/c9b3453a2097c94c00e43fefe9121ac5/element - {"using":"xpath","value":"(//td[7]/div/div/input)[2]"}
COMMAND: GET /session/c9b3453a2097c94c00e43fefe9121ac5/screenshot - {}
RESULT: {"using":"xpath","value":"(//td[7]/div/div/input)[2]"}
COMMAND: POST /session/c9b3453a2097c94c00e43fefe9121ac5/element/f.95D136BDD403266D18DB82FBE1F0ED89.d.BE88C926A020397C9F234FE90DBB5891.e.9801/clear - {}
RESULT: {}
RESULT: {}
COMMAND: POST /session/c9b3453a2097c94c00e43fefe9121ac5/element/f.95D136BDD403266D18DB82FBE1F0ED89.d.BE88C926A020397C9F234FE90DBB5891.e.9801/value - {"text":"1100001"}
COMMAND: GET /session/c9b3453a2097c94c00e43fefe9121ac5/screenshot - {}
RESULT: {"text":"1100001"}
COMMAND: GET /session/c9b3453a2097c94c00e43fefe9121ac5/screenshot - {}
RESULT: {}
RESULT: {}
COMMAND: POST /session/c9b3453a2097c94c00e43fefe9121ac5/actions - {"actions":[{"id":"action56","type":"key","parameters":{},"actions":[{"type":"keyDown","value":"î€‡"},{"type":"pause","duration":10},{"type":"keyUp","value":"î€‡"}]}]}
RESULT: {"actions":[{"id":"action56","type":"key","parameters":{},"actions":[{"type":"keyDown","value":"î€‡"},{"type":"pause","duration":10},{"type":"keyUp","value":"î€‡"}]}]}
COMMAND: GET /session/c9b3453a2097c94c00e43fefe9121ac5/screenshot - {}
RESULT: {}
COMMAND: POST /session/c9b3453a2097c94c00e43fefe9121ac5/actions - {"actions":[{"id":"action57","type":"key","parameters":{},"actions":[{"type":"keyDown","value":"î€‡"},{"type":"pause","duration":10},{"type":"keyUp","value":"î€‡"}]}]}
RESULT: {"actions":[{"id":"action57","type":"key","parameters":{},"actions":[{"type":"keyDown","value":"î€‡"},{"type":"pause","duration":10},{"type":"keyUp","value":"î€‡"}]}]}
COMMAND: GET /session/c9b3453a2097c94c00e43fefe9121ac5/screenshot - {}
RESULT: {}
COMMAND: POST /session/c9b3453a2097c94c00e43fefe9121ac5/element - {"using":"xpath","value":"(//button[@data-kt=\"saveButton\"])[2]"}
RESULT: {"using":"xpath","value":"(//button[@data-kt=\"saveButton\"])[2]"}
COMMAND: POST /session/c9b3453a2097c94c00e43fefe9121ac5/element/f.95D136BDD403266D18DB82FBE1F0ED89.d.BE88C926A020397C9F234FE90DBB5891.e.9825/click - {}
RESULT: {}
COMMAND: GET /session/c9b3453a2097c94c00e43fefe9121ac5/screenshot - {}
RESULT: {}
COMMAND: POST /session/c9b3453a2097c94c00e43fefe9121ac5/element - {"using":"xpath","value":"(//span[contains(text(), \"Additional Addresses\")])[1]"}
RESULT: {"using":"xpath","value":"(//span[contains(text(), \"Additional Addresses\")])[1]"}
COMMAND: POST /session/c9b3453a2097c94c00e43fefe9121ac5/element/f.95D136BDD403266D18DB82FBE1F0ED89.d.BE88C926A020397C9F234FE90DBB5891.e.9828/click - {}
RESULT: {}
COMMAND: GET /session/c9b3453a2097c94c00e43fefe9121ac5/screenshot - {}
RESULT: {}
COMMAND: POST /session/c9b3453a2097c94c00e43fefe9121ac5/execute/async - {"script":"<script> [1562 bytes]","args":[{"selector":{"controlType":"sap.m.Title","viewName":"etm.portal.ui.managecontracts.view.Detail","properties":{"text":"Contract Items (2)"}},"wdio_ui5_key":"etmportal.ui.managecontracts.view.Detailsap.m.Title{\"text\":\"Contract Items (2)\"}"}]}
RESULT: {"script":"<script> [1562 bytes]","args":[{"selector":{"controlType":"sap.m.Title","viewName":"etm.portal.ui.managecontracts.view.Detail","properties":{"text":"Contract Items (2)"}},"wdio_ui5_key":"etmportal.ui.managecontracts.view.Detailsap.m.Title{\"text\":\"Contract Items (2)\"}"}]}
RESULT: undefined
COMMAND: POST /session/c9b3453a2097c94c00e43fefe9121ac5/execute/async - {"script":"<script> [6424 bytes]","args":[{"element-6066-11e4-a52e-4f735466cecf":"f.95D136BDD403266D18DB82FBE1F0ED89.d.BE88C926A020397C9F234FE90DBB5891.e.9830"},"getText",[]]}
RESULT: {"script":"<script> [6424 bytes]","args":[{"element-6066-11e4-a52e-4f735466cecf":"f.95D136BDD403266D18DB82FBE1F0ED89.d.BE88C926A020397C9F234FE90DBB5891.e.9830"},"getText",[]]}
COMMAND: POST /session/c9b3453a2097c94c00e43fefe9121ac5/element - {"using":"xpath","value":"(//span[contains(@class ,\"sapMObjStatusText\")])[1]"}
RESULT: {"using":"xpath","value":"(//span[contains(@class ,\"sapMObjStatusText\")])[1]"}
COMMAND: GET /session/c9b3453a2097c94c00e43fefe9121ac5/element/f.95D136BDD403266D18DB82FBE1F0ED89.d.BE88C926A020397C9F234FE90DBB5891.e.9831/text - {}
RESULT: {}
COMMAND: POST /session/c9b3453a2097c94c00e43fefe9121ac5/element - {"using":"xpath","value":"(//span[contains(@class ,\"sapMObjStatusText\")])[4]"}
RESULT: {"using":"xpath","value":"(//span[contains(@class ,\"sapMObjStatusText\")])[4]"}
COMMAND: GET /session/c9b3453a2097c94c00e43fefe9121ac5/element/f.95D136BDD403266D18DB82FBE1F0ED89.d.BE88C926A020397C9F234FE90DBB5891.e.9832/text - {}
RESULT: {}
COMMAND: POST /session/c9b3453a2097c94c00e43fefe9121ac5/element - {"using":"css selector","value":"#shell-header-logo"}
RESULT: {"using":"css selector","value":"#shell-header-logo"}
COMMAND: POST /session/c9b3453a2097c94c00e43fefe9121ac5/element/f.95D136BDD403266D18DB82FBE1F0ED89.d.BE88C926A020397C9F234FE90DBB5891.e.9213/click - {}
RESULT: {}
COMMAND: GET /session/c9b3453a2097c94c00e43fefe9121ac5/screenshot - {}
RESULT: {}
]]></system-out>
    </testcase>
  </testsuite>
  <testsuite timestamp="2025-05-15T18:19:47" time="201.302" tests="2" failures="0" errors="0" skipped="0">
    <properties>
      <property name="specId" value="0" />
      <property name="suiteName" value="Reduced contract US151275" />
      <property name="capabilities" value="chrome.136_0_7103_93.windows" />
      <property name="file" value="file:///D:/a/1/s/test/specs/R2C/reduced-contract-creation.spec.js" />
    </properties>
    <testcase classname="chrome.136_0_7103_93.windows.Reduced_contract_US151275" name="Should create a new reduced contract" time="139.105">
      <system-out><![CDATA[
RESULT: undefined
COMMAND: POST /session/c9b3453a2097c94c00e43fefe9121ac5/element - {"using":"xpath","value":"//*[@id=\"__tile130\"]"}
RESULT: {"using":"xpath","value":"//*[@id=\"__tile130\"]"}
COMMAND: POST /session/c9b3453a2097c94c00e43fefe9121ac5/element/f.95D136BDD403266D18DB82FBE1F0ED89.d.BE88C926A020397C9F234FE90DBB5891.e.8847/click - {}
RESULT: {}
COMMAND: GET /session/c9b3453a2097c94c00e43fefe9121ac5/screenshot - {}
RESULT: {}
COMMAND: POST /session/c9b3453a2097c94c00e43fefe9121ac5/element - {"using":"xpath","value":"//button[@data-kt=\"addButton\"]"}
RESULT: {"using":"xpath","value":"//button[@data-kt=\"addButton\"]"}
COMMAND: POST /session/c9b3453a2097c94c00e43fefe9121ac5/element/f.95D136BDD403266D18DB82FBE1F0ED89.d.BE88C926A020397C9F234FE90DBB5891.e.9888/click - {}
COMMAND: POST /session/c9b3453a2097c94c00e43fefe9121ac5/elements - {"using":"xpath","value":"//span[text()='Error']"}
RESULT: {}
COMMAND: GET /session/c9b3453a2097c94c00e43fefe9121ac5/screenshot - {}
RESULT: {"using":"xpath","value":"//span[text()='Error']"}
RESULT: {}
COMMAND: POST /session/c9b3453a2097c94c00e43fefe9121ac5/refresh - {}
RESULT: {}
COMMAND: GET /session/c9b3453a2097c94c00e43fefe9121ac5/screenshot - {}
RESULT: {}
COMMAND: POST /session/c9b3453a2097c94c00e43fefe9121ac5/execute/async - {"script":"<script> [189 bytes]","args":[]}
RESULT: {"script":"<script> [189 bytes]","args":[]}
COMMAND: POST /session/c9b3453a2097c94c00e43fefe9121ac5/execute/async - {"script":"<script> [123 bytes]","args":[]}
RESULT: {"script":"<script> [123 bytes]","args":[]}
COMMAND: POST /session/c9b3453a2097c94c00e43fefe9121ac5/timeouts - {"script":"<number>"}
RESULT: {"script":"<number>"}
COMMAND: GET /session/c9b3453a2097c94c00e43fefe9121ac5/timeouts - {}
RESULT: {}
RESULT: undefined
COMMAND: POST /session/c9b3453a2097c94c00e43fefe9121ac5/execute/async - {"script":"<script> [2676 bytes]","args":[]}
RESULT: {"script":"<script> [2676 bytes]","args":[]}
COMMAND: POST /session/c9b3453a2097c94c00e43fefe9121ac5/execute/async - {"script":"<script> [2342 bytes]","args":[{"protocol":"http","hostname":"0.0.0.0","path":"/","capabilities":{"browserName":"chrome","goog:chromeOptions":{"binary":"C:\\Program Files\\Google\\Chrome\\Application\\chrome.exe","args":["--start-maximized"]}},"logLevel":"warn","connectionRetryTimeout":120000,"connectionRetryCount":3,"logLevels":{},"enableDirectConnect":true,"strictSSL":true,"_":"65 more keys: [\"cacheDir\",\"port\",\"requestedCapabilities\",\"automationProtocol\",\"baseUrl\",\"waitforInterval\",\"waitforTimeout\",\"onReload\",\"beforeCommand\",\"afterCommand\",\"rootDir\",\"specs\",\"suites\",\"exclude\",\"groupLogsByTestSpec\",\"excludeDriverLogs\",\"bail\",\"framework\",\"reporters\",\"services\",\"maxInstances\",\"maxInstancesPerCapability\",\"injectGlobals\",\"filesToWatch\",\"execArgv\",\"runnerEnv\",\"runner\",\"shard\",\"specFileRetries\",\"specFileRetriesDelay\",\"specFileRetriesDeferred\",\"reporterSyncInterval\",\"reporterSyncTimeout\",\"cucumberFeaturesWithLineNumbers\",\"autoCompileOpts\",\"mochaOpts\",\"jasmineOpts\",\"cucumberOpts\",\"onPrepare\",\"onWorkerStart\",\"onWorkerEnd\",\"before\",\"beforeSession\",\"beforeSuite\",\"beforeHook\",\"beforeTest\",\"afterTest\",\"afterHook\",\"afterSuite\",\"afterSession\",\"after\",\"onComplete\",\"beforeAssertion\",\"afterAssertion\",\"beforeFeature\",\"beforeScenario\",\"beforeStep\",\"afterStep\",\"afterScenario\",\"afterFeature\",\"_\",\"suite\",\"$0\",\"ignoredWorkerServices\",\"wdi5\"]"}]}
RESULT: {"script":"<script> [2342 bytes]","args":[{"protocol":"http","hostname":"0.0.0.0","path":"/","capabilities":{"browserName":"chrome","goog:chromeOptions":{"binary":"C:\\Program Files\\Google\\Chrome\\Application\\chrome.exe","args":["--start-maximized"]}},"logLevel":"warn","connectionRetryTimeout":120000,"connectionRetryCount":3,"logLevels":{},"enableDirectConnect":true,"strictSSL":true,"_":"65 more keys: [\"cacheDir\",\"port\",\"requestedCapabilities\",\"automationProtocol\",\"baseUrl\",\"waitforInterval\",\"waitforTimeout\",\"onReload\",\"beforeCommand\",\"afterCommand\",\"rootDir\",\"specs\",\"suites\",\"exclude\",\"groupLogsByTestSpec\",\"excludeDriverLogs\",\"bail\",\"framework\",\"reporters\",\"services\",\"maxInstances\",\"maxInstancesPerCapability\",\"injectGlobals\",\"filesToWatch\",\"execArgv\",\"runnerEnv\",\"runner\",\"shard\",\"specFileRetries\",\"specFileRetriesDelay\",\"specFileRetriesDeferred\",\"reporterSyncInterval\",\"reporterSyncTimeout\",\"cucumberFeaturesWithLineNumbers\",\"autoCompileOpts\",\"mochaOpts\",\"jasmineOpts\",\"cucumberOpts\",\"onPrepare\",\"onWorkerStart\",\"onWorkerEnd\",\"before\",\"beforeSession\",\"beforeSuite\",\"beforeHook\",\"beforeTest\",\"afterTest\",\"afterHook\",\"afterSuite\",\"afterSession\",\"after\",\"onComplete\",\"beforeAssertion\",\"afterAssertion\",\"beforeFeature\",\"beforeScenario\",\"beforeStep\",\"afterStep\",\"afterScenario\",\"afterFeature\",\"_\",\"suite\",\"$0\",\"ignoredWorkerServices\",\"wdi5\"]"}]}
COMMAND: POST /session/c9b3453a2097c94c00e43fefe9121ac5/execute/async - {"script":"<script> [21126 bytes]","args":[35000]}
RESULT: {"script":"<script> [21126 bytes]","args":[35000]}
COMMAND: POST /session/c9b3453a2097c94c00e43fefe9121ac5/execute/async - {"script":"<script> [1562 bytes]","args":[{"selector":{"id":"application-managecontracts-display-component---AddNewContract--contractType","interaction":{"idSuffix":"arrow"}},"wdio_ui5_key":"applicationmanagecontracts-display-component---AddNewContract--contractType"}]}
RESULT: {"script":"<script> [1562 bytes]","args":[{"selector":{"id":"application-managecontracts-display-component---AddNewContract--contractType","interaction":{"idSuffix":"arrow"}},"wdio_ui5_key":"applicationmanagecontracts-display-component---AddNewContract--contractType"}]}
RESULT: undefined
COMMAND: POST /session/c9b3453a2097c94c00e43fefe9121ac5/element - {"using":"xpath","value":"//*[@id=\"application-managecontracts-display-component---AddNewContract--contractType\"]"}
RESULT: {"using":"xpath","value":"//*[@id=\"application-managecontracts-display-component---AddNewContract--contractType\"]"}
COMMAND: POST /session/c9b3453a2097c94c00e43fefe9121ac5/element/f.95D136BDD403266D18DB82FBE1F0ED89.d.80A4F941896C4C7919DA73EB2E4B820B.e.10427/click - {}
RESULT: {}
COMMAND: GET /session/c9b3453a2097c94c00e43fefe9121ac5/screenshot - {}
RESULT: {}
COMMAND: POST /session/c9b3453a2097c94c00e43fefe9121ac5/execute/async - {"script":"<script> [1562 bytes]","args":[{"selector":{"controlType":"sap.ui.core.Item","viewName":"etm.portal.ui.managecontracts.view.AddNewContract","viewId":"application-managecontracts-display-component---AddNewContract","bindingPath":{"path":"/ContractTypes('02')","propertyPath":"ID","modelName":"catalogModel"},"searchOpenDialogs":true},"wdio_ui5_key":"etmportal.ui.managecontracts.view.AddNewContractsap.ui.core.Item{\"path\":\"/ContractTypes('02')\",\"propertyPath\":\"ID\",\"modelName\":\"catalogModel\"}"}]}
RESULT: {"script":"<script> [1562 bytes]","args":[{"selector":{"controlType":"sap.ui.core.Item","viewName":"etm.portal.ui.managecontracts.view.AddNewContract","viewId":"application-managecontracts-display-component---AddNewContract","bindingPath":{"path":"/ContractTypes('02')","propertyPath":"ID","modelName":"catalogModel"},"searchOpenDialogs":true},"wdio_ui5_key":"etmportal.ui.managecontracts.view.AddNewContractsap.ui.core.Item{\"path\":\"/ContractTypes('02')\",\"propertyPath\":\"ID\",\"modelName\":\"catalogModel\"}"}]}
RESULT: undefined
COMMAND: POST /session/c9b3453a2097c94c00e43fefe9121ac5/element - {"using":"xpath","value":"//*[@id=\"__item45-application-managecontracts-display-component---AddNewContract--contractType-1\"]"}
RESULT: {"using":"xpath","value":"//*[@id=\"__item45-application-managecontracts-display-component---AddNewContract--contractType-1\"]"}
COMMAND: POST /session/c9b3453a2097c94c00e43fefe9121ac5/element/f.95D136BDD403266D18DB82FBE1F0ED89.d.80A4F941896C4C7919DA73EB2E4B820B.e.10428/click - {}
RESULT: {}
COMMAND: GET /session/c9b3453a2097c94c00e43fefe9121ac5/screenshot - {}
RESULT: {}
COMMAND: POST /session/c9b3453a2097c94c00e43fefe9121ac5/execute/async - {"script":"<script> [1562 bytes]","args":[{"selector":{"id":"application-managecontracts-display-component---AddNewContract--projectDescription","interaction":{"idSuffix":"inner"}},"wdio_ui5_key":"applicationmanagecontracts-display-component---AddNewContract--projectDescription"}]}
RESULT: {"script":"<script> [1562 bytes]","args":[{"selector":{"id":"application-managecontracts-display-component---AddNewContract--projectDescription","interaction":{"idSuffix":"inner"}},"wdio_ui5_key":"applicationmanagecontracts-display-component---AddNewContract--projectDescription"}]}
RESULT: undefined
COMMAND: POST /session/c9b3453a2097c94c00e43fefe9121ac5/execute/async - {"script":"<script> [776 bytes]","args":[{"enterText":"WdIOReduced48r3g","selector":{"id":"application-managecontracts-display-component---AddNewContract--projectDescription","interaction":{"idSuffix":"inner"}},"clearTextFirst":true,"interactionType":"ENTER_TEXT"}]}
RESULT: {"script":"<script> [776 bytes]","args":[{"enterText":"WdIOReduced48r3g","selector":{"id":"application-managecontracts-display-component---AddNewContract--projectDescription","interaction":{"idSuffix":"inner"}},"clearTextFirst":true,"interactionType":"ENTER_TEXT"}]}
COMMAND: POST /session/c9b3453a2097c94c00e43fefe9121ac5/element - {"using":"xpath","value":"//input[@id=\"application-managecontracts-display-component---AddNewContract--yardId-inner\"]"}
RESULT: {"using":"xpath","value":"//input[@id=\"application-managecontracts-display-component---AddNewContract--yardId-inner\"]"}
COMMAND: POST /session/c9b3453a2097c94c00e43fefe9121ac5/element/f.95D136BDD403266D18DB82FBE1F0ED89.d.80A4F941896C4C7919DA73EB2E4B820B.e.10348/clear - {}
RESULT: {}
COMMAND: POST /session/c9b3453a2097c94c00e43fefe9121ac5/element/f.95D136BDD403266D18DB82FBE1F0ED89.d.80A4F941896C4C7919DA73EB2E4B820B.e.10348/value - {"text":"WebdriverYardtrgti"}
COMMAND: GET /session/c9b3453a2097c94c00e43fefe9121ac5/screenshot - {}
RESULT: {"text":"WebdriverYardtrgti"}
COMMAND: GET /session/c9b3453a2097c94c00e43fefe9121ac5/screenshot - {}
RESULT: {}
RESULT: {}
COMMAND: POST /session/c9b3453a2097c94c00e43fefe9121ac5/actions - {"actions":[{"id":"action58","type":"key","parameters":{},"actions":[{"type":"keyDown","value":"î€‡"},{"type":"pause","duration":10},{"type":"keyUp","value":"î€‡"}]}]}
RESULT: {"actions":[{"id":"action58","type":"key","parameters":{},"actions":[{"type":"keyDown","value":"î€‡"},{"type":"pause","duration":10},{"type":"keyUp","value":"î€‡"}]}]}
COMMAND: GET /session/c9b3453a2097c94c00e43fefe9121ac5/screenshot - {}
RESULT: {}
COMMAND: POST /session/c9b3453a2097c94c00e43fefe9121ac5/element - {"using":"xpath","value":"//input[@id=\"application-managecontracts-display-component---AddNewContract--customerSelect-inner\"]"}
RESULT: {"using":"xpath","value":"//input[@id=\"application-managecontracts-display-component---AddNewContract--customerSelect-inner\"]"}
COMMAND: POST /session/c9b3453a2097c94c00e43fefe9121ac5/element/f.95D136BDD403266D18DB82FBE1F0ED89.d.80A4F941896C4C7919DA73EB2E4B820B.e.10346/clear - {}
RESULT: {}
COMMAND: POST /session/c9b3453a2097c94c00e43fefe9121ac5/element/f.95D136BDD403266D18DB82FBE1F0ED89.d.80A4F941896C4C7919DA73EB2E4B820B.e.10346/value - {"text":"WebdriverPartnerzblt"}
COMMAND: GET /session/c9b3453a2097c94c00e43fefe9121ac5/screenshot - {}
RESULT: {"text":"WebdriverPartnerzblt"}
COMMAND: GET /session/c9b3453a2097c94c00e43fefe9121ac5/screenshot - {}
RESULT: {}
RESULT: {}
COMMAND: POST /session/c9b3453a2097c94c00e43fefe9121ac5/actions - {"actions":[{"id":"action59","type":"key","parameters":{},"actions":[{"type":"keyDown","value":"î€‡"},{"type":"pause","duration":10},{"type":"keyUp","value":"î€‡"}]}]}
RESULT: {"actions":[{"id":"action59","type":"key","parameters":{},"actions":[{"type":"keyDown","value":"î€‡"},{"type":"pause","duration":10},{"type":"keyUp","value":"î€‡"}]}]}
COMMAND: GET /session/c9b3453a2097c94c00e43fefe9121ac5/screenshot - {}
RESULT: {}
COMMAND: POST /session/c9b3453a2097c94c00e43fefe9121ac5/execute/async - {"script":"<script> [1562 bytes]","args":[{"selector":{"id":"application-managecontracts-display-component---AddNewContract--calendarInput-arrow"},"wdio_ui5_key":"applicationmanagecontracts-display-component---AddNewContract--calendarInput-arrow"}]}
RESULT: {"script":"<script> [1562 bytes]","args":[{"selector":{"id":"application-managecontracts-display-component---AddNewContract--calendarInput-arrow"},"wdio_ui5_key":"applicationmanagecontracts-display-component---AddNewContract--calendarInput-arrow"}]}
RESULT: undefined
COMMAND: POST /session/c9b3453a2097c94c00e43fefe9121ac5/element - {"using":"xpath","value":"//*[@id=\"application-managecontracts-display-component---AddNewContract--calendarInput-arrow\"]"}
RESULT: {"using":"xpath","value":"//*[@id=\"application-managecontracts-display-component---AddNewContract--calendarInput-arrow\"]"}
COMMAND: POST /session/c9b3453a2097c94c00e43fefe9121ac5/element/f.95D136BDD403266D18DB82FBE1F0ED89.d.80A4F941896C4C7919DA73EB2E4B820B.e.10318/click - {}
RESULT: {}
COMMAND: GET /session/c9b3453a2097c94c00e43fefe9121ac5/screenshot - {}
RESULT: {}
COMMAND: POST /session/c9b3453a2097c94c00e43fefe9121ac5/execute/async - {"script":"<script> [1562 bytes]","args":[{"selector":{"controlType":"sap.m.StandardListItem","viewName":"etm.portal.ui.managecontracts.view.AddNewContract","viewId":"application-managecontracts-display-component---AddNewContract","properties":{"title":"1 - Calendar unit test patch"},"searchOpenDialogs":true,"interaction":{"idSuffix":"titleText"}},"wdio_ui5_key":"etmportal.ui.managecontracts.view.AddNewContractsap.m.StandardListItem{\"title\":\"1 - Calendar unit test patch\"}"}]}
RESULT: {"script":"<script> [1562 bytes]","args":[{"selector":{"controlType":"sap.m.StandardListItem","viewName":"etm.portal.ui.managecontracts.view.AddNewContract","viewId":"application-managecontracts-display-component---AddNewContract","properties":{"title":"1 - Calendar unit test patch"},"searchOpenDialogs":true,"interaction":{"idSuffix":"titleText"}},"wdio_ui5_key":"etmportal.ui.managecontracts.view.AddNewContractsap.m.StandardListItem{\"title\":\"1 - Calendar unit test patch\"}"}]}
RESULT: undefined
COMMAND: POST /session/c9b3453a2097c94c00e43fefe9121ac5/element - {"using":"xpath","value":"//*[@id=\"__item603\"]"}
RESULT: {"using":"xpath","value":"//*[@id=\"__item603\"]"}
COMMAND: POST /session/c9b3453a2097c94c00e43fefe9121ac5/element/f.95D136BDD403266D18DB82FBE1F0ED89.d.80A4F941896C4C7919DA73EB2E4B820B.e.10435/click - {}
RESULT: {}
COMMAND: GET /session/c9b3453a2097c94c00e43fefe9121ac5/screenshot - {}
RESULT: {}
COMMAND: POST /session/c9b3453a2097c94c00e43fefe9121ac5/execute/async - {"script":"<script> [1562 bytes]","args":[{"selector":{"id":"application-managecontracts-display-component---AddNewContract--streetInput","interaction":{"idSuffix":"inner"}},"wdio_ui5_key":"applicationmanagecontracts-display-component---AddNewContract--streetInput"}]}
RESULT: {"script":"<script> [1562 bytes]","args":[{"selector":{"id":"application-managecontracts-display-component---AddNewContract--streetInput","interaction":{"idSuffix":"inner"}},"wdio_ui5_key":"applicationmanagecontracts-display-component---AddNewContract--streetInput"}]}
RESULT: undefined
COMMAND: POST /session/c9b3453a2097c94c00e43fefe9121ac5/execute/async - {"script":"<script> [776 bytes]","args":[{"enterText":"StreetWdIO","selector":{"id":"application-managecontracts-display-component---AddNewContract--streetInput","interaction":{"idSuffix":"inner"}},"clearTextFirst":true,"interactionType":"ENTER_TEXT"}]}
RESULT: {"script":"<script> [776 bytes]","args":[{"enterText":"StreetWdIO","selector":{"id":"application-managecontracts-display-component---AddNewContract--streetInput","interaction":{"idSuffix":"inner"}},"clearTextFirst":true,"interactionType":"ENTER_TEXT"}]}
COMMAND: POST /session/c9b3453a2097c94c00e43fefe9121ac5/execute/async - {"script":"<script> [1562 bytes]","args":[{"selector":{"id":"application-managecontracts-display-component---AddNewContract--numberInput","interaction":{"idSuffix":"inner"}},"wdio_ui5_key":"applicationmanagecontracts-display-component---AddNewContract--numberInput"}]}
RESULT: {"script":"<script> [1562 bytes]","args":[{"selector":{"id":"application-managecontracts-display-component---AddNewContract--numberInput","interaction":{"idSuffix":"inner"}},"wdio_ui5_key":"applicationmanagecontracts-display-component---AddNewContract--numberInput"}]}
RESULT: undefined
COMMAND: POST /session/c9b3453a2097c94c00e43fefe9121ac5/execute/async - {"script":"<script> [776 bytes]","args":[{"enterText":"3","selector":{"id":"application-managecontracts-display-component---AddNewContract--numberInput","interaction":{"idSuffix":"inner"}},"clearTextFirst":true,"interactionType":"ENTER_TEXT"}]}
RESULT: {"script":"<script> [776 bytes]","args":[{"enterText":"3","selector":{"id":"application-managecontracts-display-component---AddNewContract--numberInput","interaction":{"idSuffix":"inner"}},"clearTextFirst":true,"interactionType":"ENTER_TEXT"}]}
COMMAND: POST /session/c9b3453a2097c94c00e43fefe9121ac5/execute/async - {"script":"<script> [1562 bytes]","args":[{"selector":{"id":"application-managecontracts-display-component---AddNewContract--cityInput","interaction":{"idSuffix":"inner"}},"wdio_ui5_key":"applicationmanagecontracts-display-component---AddNewContract--cityInput"}]}
RESULT: {"script":"<script> [1562 bytes]","args":[{"selector":{"id":"application-managecontracts-display-component---AddNewContract--cityInput","interaction":{"idSuffix":"inner"}},"wdio_ui5_key":"applicationmanagecontracts-display-component---AddNewContract--cityInput"}]}
RESULT: undefined
COMMAND: POST /session/c9b3453a2097c94c00e43fefe9121ac5/execute/async - {"script":"<script> [776 bytes]","args":[{"enterText":"Bucharest","selector":{"id":"application-managecontracts-display-component---AddNewContract--cityInput","interaction":{"idSuffix":"inner"}},"clearTextFirst":true,"interactionType":"ENTER_TEXT"}]}
RESULT: {"script":"<script> [776 bytes]","args":[{"enterText":"Bucharest","selector":{"id":"application-managecontracts-display-component---AddNewContract--cityInput","interaction":{"idSuffix":"inner"}},"clearTextFirst":true,"interactionType":"ENTER_TEXT"}]}
COMMAND: POST /session/c9b3453a2097c94c00e43fefe9121ac5/execute/async - {"script":"<script> [1562 bytes]","args":[{"selector":{"id":"application-managecontracts-display-component---AddNewContract--zipInput","interaction":{"idSuffix":"inner"}},"wdio_ui5_key":"applicationmanagecontracts-display-component---AddNewContract--zipInput"}]}
RESULT: {"script":"<script> [1562 bytes]","args":[{"selector":{"id":"application-managecontracts-display-component---AddNewContract--zipInput","interaction":{"idSuffix":"inner"}},"wdio_ui5_key":"applicationmanagecontracts-display-component---AddNewContract--zipInput"}]}
RESULT: undefined
COMMAND: POST /session/c9b3453a2097c94c00e43fefe9121ac5/execute/async - {"script":"<script> [776 bytes]","args":[{"enterText":"021210","selector":{"id":"application-managecontracts-display-component---AddNewContract--zipInput","interaction":{"idSuffix":"inner"}},"clearTextFirst":true,"interactionType":"ENTER_TEXT"}]}
RESULT: {"script":"<script> [776 bytes]","args":[{"enterText":"021210","selector":{"id":"application-managecontracts-display-component---AddNewContract--zipInput","interaction":{"idSuffix":"inner"}},"clearTextFirst":true,"interactionType":"ENTER_TEXT"}]}
COMMAND: POST /session/c9b3453a2097c94c00e43fefe9121ac5/element - {"using":"xpath","value":"//bdi[contains(@id ,\"application-managecontracts-display-component---AddNewContract--saveBtn-BDI-content\")]"}
RESULT: {"using":"xpath","value":"//bdi[contains(@id ,\"application-managecontracts-display-component---AddNewContract--saveBtn-BDI-content\")]"}
COMMAND: POST /session/c9b3453a2097c94c00e43fefe9121ac5/element/f.95D136BDD403266D18DB82FBE1F0ED89.d.80A4F941896C4C7919DA73EB2E4B820B.e.10440/click - {}
RESULT: {}
COMMAND: GET /session/c9b3453a2097c94c00e43fefe9121ac5/screenshot - {}
RESULT: {}
COMMAND: POST /session/c9b3453a2097c94c00e43fefe9121ac5/element - {"using":"xpath","value":"//button[contains(@data-kt ,\"contractDetailEditBtnButton\")]"}
RESULT: {"using":"xpath","value":"//button[contains(@data-kt ,\"contractDetailEditBtnButton\")]"}
COMMAND: POST /session/c9b3453a2097c94c00e43fefe9121ac5/execute/sync - {"script":"<script> [8489 bytes]","args":[{"element-6066-11e4-a52e-4f735466cecf":"f.95D136BDD403266D18DB82FBE1F0ED89.d.80A4F941896C4C7919DA73EB2E4B820B.e.10502","ELEMENT":"f.95D136BDD403266D18DB82FBE1F0ED89.d.80A4F941896C4C7919DA73EB2E4B820B.e.10502"}]}
RESULT: {"script":"<script> [8489 bytes]","args":[{"element-6066-11e4-a52e-4f735466cecf":"f.95D136BDD403266D18DB82FBE1F0ED89.d.80A4F941896C4C7919DA73EB2E4B820B.e.10502","ELEMENT":"f.95D136BDD403266D18DB82FBE1F0ED89.d.80A4F941896C4C7919DA73EB2E4B820B.e.10502"}]}
COMMAND: POST /session/c9b3453a2097c94c00e43fefe9121ac5/execute/sync - {"script":"<script> [8489 bytes]","args":[{"element-6066-11e4-a52e-4f735466cecf":"f.95D136BDD403266D18DB82FBE1F0ED89.d.80A4F941896C4C7919DA73EB2E4B820B.e.10502","ELEMENT":"f.95D136BDD403266D18DB82FBE1F0ED89.d.80A4F941896C4C7919DA73EB2E4B820B.e.10502"}]}
COMMAND: GET /session/c9b3453a2097c94c00e43fefe9121ac5/screenshot - {}
RESULT: {"script":"<script> [8489 bytes]","args":[{"element-6066-11e4-a52e-4f735466cecf":"f.95D136BDD403266D18DB82FBE1F0ED89.d.80A4F941896C4C7919DA73EB2E4B820B.e.10502","ELEMENT":"f.95D136BDD403266D18DB82FBE1F0ED89.d.80A4F941896C4C7919DA73EB2E4B820B.e.10502"}]}
COMMAND: POST /session/c9b3453a2097c94c00e43fefe9121ac5/execute/sync - {"script":"<script> [5351 bytes]","args":[{"element-6066-11e4-a52e-4f735466cecf":"f.95D136BDD403266D18DB82FBE1F0ED89.d.80A4F941896C4C7919DA73EB2E4B820B.e.10502","ELEMENT":"f.95D136BDD403266D18DB82FBE1F0ED89.d.80A4F941896C4C7919DA73EB2E4B820B.e.10502"}]}
RESULT: {}
RESULT: {"script":"<script> [5351 bytes]","args":[{"element-6066-11e4-a52e-4f735466cecf":"f.95D136BDD403266D18DB82FBE1F0ED89.d.80A4F941896C4C7919DA73EB2E4B820B.e.10502","ELEMENT":"f.95D136BDD403266D18DB82FBE1F0ED89.d.80A4F941896C4C7919DA73EB2E4B820B.e.10502"}]}
COMMAND: POST /session/c9b3453a2097c94c00e43fefe9121ac5/execute/async - {"script":"<script> [1562 bytes]","args":[{"selector":{"controlType":"sap.m.Text","viewName":"etm.portal.ui.managecontracts.view.Detail","bindingPath":{"propertyPath":"LINK_TO_C_CONTRACT_TYPES/DESCRIPTION","modelName":"catalogModel"}},"wdio_ui5_key":"etmportal.ui.managecontracts.view.Detailsap.m.Text{\"propertyPath\":\"LINK_TO_C_CONTRACT_TYPES/DESCRIPTION\",\"modelName\":\"catalogModel\"}"}]}
COMMAND: GET /session/c9b3453a2097c94c00e43fefe9121ac5/screenshot - {}
COMMAND: GET /session/c9b3453a2097c94c00e43fefe9121ac5/screenshot - {}
RESULT: {"script":"<script> [1562 bytes]","args":[{"selector":{"controlType":"sap.m.Text","viewName":"etm.portal.ui.managecontracts.view.Detail","bindingPath":{"propertyPath":"LINK_TO_C_CONTRACT_TYPES/DESCRIPTION","modelName":"catalogModel"}},"wdio_ui5_key":"etmportal.ui.managecontracts.view.Detailsap.m.Text{\"propertyPath\":\"LINK_TO_C_CONTRACT_TYPES/DESCRIPTION\",\"modelName\":\"catalogModel\"}"}]}
RESULT: undefined
COMMAND: POST /session/c9b3453a2097c94c00e43fefe9121ac5/execute/async - {"script":"<script> [6424 bytes]","args":[{"element-6066-11e4-a52e-4f735466cecf":"f.95D136BDD403266D18DB82FBE1F0ED89.d.80A4F941896C4C7919DA73EB2E4B820B.e.10504"},"getText",[]]}
RESULT: {}
RESULT: {}
RESULT: {"script":"<script> [6424 bytes]","args":[{"element-6066-11e4-a52e-4f735466cecf":"f.95D136BDD403266D18DB82FBE1F0ED89.d.80A4F941896C4C7919DA73EB2E4B820B.e.10504"},"getText",[]]}
COMMAND: POST /session/c9b3453a2097c94c00e43fefe9121ac5/element/f.95D136BDD403266D18DB82FBE1F0ED89.d.80A4F941896C4C7919DA73EB2E4B820B.e.10502/click - {}
RESULT: {}
COMMAND: GET /session/c9b3453a2097c94c00e43fefe9121ac5/screenshot - {}
RESULT: {}
]]></system-out>
    </testcase>
    <testcase classname="chrome.136_0_7103_93.windows.Reduced_contract_US151275" name="Should add a RU to the contract" time="52.679">
      <system-out><![CDATA[
COMMAND: POST /session/c9b3453a2097c94c00e43fefe9121ac5/element - {"using":"xpath","value":"(//span[contains(text(), \"Header Billing Items\")])[2]"}
RESULT: {"using":"xpath","value":"(//span[contains(text(), \"Header Billing Items\")])[2]"}
COMMAND: POST /session/c9b3453a2097c94c00e43fefe9121ac5/element/f.95D136BDD403266D18DB82FBE1F0ED89.d.80A4F941896C4C7919DA73EB2E4B820B.e.10547/click - {}
RESULT: {}
COMMAND: GET /session/c9b3453a2097c94c00e43fefe9121ac5/screenshot - {}
RESULT: {}
COMMAND: POST /session/c9b3453a2097c94c00e43fefe9121ac5/element - {"using":"xpath","value":"//button[@data-kt=\"btnAddTableRowOverflowToolbarButton\"]"}
RESULT: {"using":"xpath","value":"//button[@data-kt=\"btnAddTableRowOverflowToolbarButton\"]"}
COMMAND: POST /session/c9b3453a2097c94c00e43fefe9121ac5/element/f.95D136BDD403266D18DB82FBE1F0ED89.d.80A4F941896C4C7919DA73EB2E4B820B.e.10552/click - {}
RESULT: {}
COMMAND: GET /session/c9b3453a2097c94c00e43fefe9121ac5/screenshot - {}
RESULT: {}
COMMAND: POST /session/c9b3453a2097c94c00e43fefe9121ac5/element - {"using":"xpath","value":"//div[(text() = 'Standard Entry' or . = 'Standard Entry')]"}
RESULT: {"using":"xpath","value":"//div[(text() = 'Standard Entry' or . = 'Standard Entry')]"}
COMMAND: POST /session/c9b3453a2097c94c00e43fefe9121ac5/element/f.95D136BDD403266D18DB82FBE1F0ED89.d.80A4F941896C4C7919DA73EB2E4B820B.e.10554/click - {}
RESULT: {}
COMMAND: POST /session/c9b3453a2097c94c00e43fefe9121ac5/element - {"using":"xpath","value":"//td[6]/div/div/input[1]"}
COMMAND: GET /session/c9b3453a2097c94c00e43fefe9121ac5/screenshot - {}
RESULT: {"using":"xpath","value":"//td[6]/div/div/input[1]"}
COMMAND: POST /session/c9b3453a2097c94c00e43fefe9121ac5/element/f.95D136BDD403266D18DB82FBE1F0ED89.d.80A4F941896C4C7919DA73EB2E4B820B.e.10556/click - {}
RESULT: {}
RESULT: {}
COMMAND: POST /session/c9b3453a2097c94c00e43fefe9121ac5/actions - {"actions":[{"id":"action60","type":"key","parameters":{},"actions":[{"type":"keyDown","value":"î€ƒ"},{"type":"pause","duration":10},{"type":"keyUp","value":"î€ƒ"}]}]}
COMMAND: GET /session/c9b3453a2097c94c00e43fefe9121ac5/screenshot - {}
RESULT: {"actions":[{"id":"action60","type":"key","parameters":{},"actions":[{"type":"keyDown","value":"î€ƒ"},{"type":"pause","duration":10},{"type":"keyUp","value":"î€ƒ"}]}]}
COMMAND: POST /session/c9b3453a2097c94c00e43fefe9121ac5/element - {"using":"xpath","value":"//td[6]/div/div/input[1]"}
COMMAND: GET /session/c9b3453a2097c94c00e43fefe9121ac5/screenshot - {}
RESULT: {}
RESULT: {"using":"xpath","value":"//td[6]/div/div/input[1]"}
COMMAND: POST /session/c9b3453a2097c94c00e43fefe9121ac5/element/f.95D136BDD403266D18DB82FBE1F0ED89.d.80A4F941896C4C7919DA73EB2E4B820B.e.10556/clear - {}
RESULT: {}
RESULT: {}
COMMAND: POST /session/c9b3453a2097c94c00e43fefe9121ac5/element/f.95D136BDD403266D18DB82FBE1F0ED89.d.80A4F941896C4C7919DA73EB2E4B820B.e.10556/value - {"text":"Material"}
COMMAND: GET /session/c9b3453a2097c94c00e43fefe9121ac5/screenshot - {}
RESULT: {"text":"Material"}
COMMAND: GET /session/c9b3453a2097c94c00e43fefe9121ac5/screenshot - {}
RESULT: {}
RESULT: {}
COMMAND: POST /session/c9b3453a2097c94c00e43fefe9121ac5/actions - {"actions":[{"id":"action61","type":"key","parameters":{},"actions":[{"type":"keyDown","value":"î€‡"},{"type":"pause","duration":10},{"type":"keyUp","value":"î€‡"}]}]}
RESULT: {"actions":[{"id":"action61","type":"key","parameters":{},"actions":[{"type":"keyDown","value":"î€‡"},{"type":"pause","duration":10},{"type":"keyUp","value":"î€‡"}]}]}
COMMAND: GET /session/c9b3453a2097c94c00e43fefe9121ac5/screenshot - {}
RESULT: {}
COMMAND: POST /session/c9b3453a2097c94c00e43fefe9121ac5/actions - {"actions":[{"id":"action62","type":"key","parameters":{},"actions":[{"type":"keyDown","value":"î€‡"},{"type":"pause","duration":10},{"type":"keyUp","value":"î€‡"}]}]}
RESULT: {"actions":[{"id":"action62","type":"key","parameters":{},"actions":[{"type":"keyDown","value":"î€‡"},{"type":"pause","duration":10},{"type":"keyUp","value":"î€‡"}]}]}
COMMAND: POST /session/c9b3453a2097c94c00e43fefe9121ac5/element - {"using":"xpath","value":"//td[7]/div/div/input"}
COMMAND: GET /session/c9b3453a2097c94c00e43fefe9121ac5/screenshot - {}
RESULT: {"using":"xpath","value":"//td[7]/div/div/input"}
COMMAND: POST /session/c9b3453a2097c94c00e43fefe9121ac5/element/f.95D136BDD403266D18DB82FBE1F0ED89.d.80A4F941896C4C7919DA73EB2E4B820B.e.10569/clear - {}
RESULT: {}
RESULT: {}
COMMAND: POST /session/c9b3453a2097c94c00e43fefe9121ac5/element/f.95D136BDD403266D18DB82FBE1F0ED89.d.80A4F941896C4C7919DA73EB2E4B820B.e.10569/value - {"text":"WebdriverRUR2C"}
COMMAND: GET /session/c9b3453a2097c94c00e43fefe9121ac5/screenshot - {}
RESULT: {"text":"WebdriverRUR2C"}
COMMAND: GET /session/c9b3453a2097c94c00e43fefe9121ac5/screenshot - {}
RESULT: {}
RESULT: {}
COMMAND: POST /session/c9b3453a2097c94c00e43fefe9121ac5/actions - {"actions":[{"id":"action63","type":"key","parameters":{},"actions":[{"type":"keyDown","value":"î€‡"},{"type":"pause","duration":10},{"type":"keyUp","value":"î€‡"}]}]}
RESULT: {"actions":[{"id":"action63","type":"key","parameters":{},"actions":[{"type":"keyDown","value":"î€‡"},{"type":"pause","duration":10},{"type":"keyUp","value":"î€‡"}]}]}
COMMAND: GET /session/c9b3453a2097c94c00e43fefe9121ac5/screenshot - {}
RESULT: {}
COMMAND: POST /session/c9b3453a2097c94c00e43fefe9121ac5/actions - {"actions":[{"id":"action64","type":"key","parameters":{},"actions":[{"type":"keyDown","value":"î€‡"},{"type":"pause","duration":10},{"type":"keyUp","value":"î€‡"}]}]}
RESULT: {"actions":[{"id":"action64","type":"key","parameters":{},"actions":[{"type":"keyDown","value":"î€‡"},{"type":"pause","duration":10},{"type":"keyUp","value":"î€‡"}]}]}
COMMAND: GET /session/c9b3453a2097c94c00e43fefe9121ac5/screenshot - {}
RESULT: {}
COMMAND: POST /session/c9b3453a2097c94c00e43fefe9121ac5/element - {"using":"xpath","value":"(//button[@data-kt=\"saveButton\"])[2]"}
RESULT: {"using":"xpath","value":"(//button[@data-kt=\"saveButton\"])[2]"}
COMMAND: POST /session/c9b3453a2097c94c00e43fefe9121ac5/element/f.95D136BDD403266D18DB82FBE1F0ED89.d.80A4F941896C4C7919DA73EB2E4B820B.e.10594/click - {}
RESULT: {}
COMMAND: GET /session/c9b3453a2097c94c00e43fefe9121ac5/screenshot - {}
RESULT: {}
COMMAND: POST /session/c9b3453a2097c94c00e43fefe9121ac5/element - {"using":"xpath","value":"//button[contains(@data-kt ,\"contractDetailEditBtnButton\")]"}
RESULT: {"using":"xpath","value":"//button[contains(@data-kt ,\"contractDetailEditBtnButton\")]"}
COMMAND: POST /session/c9b3453a2097c94c00e43fefe9121ac5/execute/sync - {"script":"<script> [8489 bytes]","args":[{"element-6066-11e4-a52e-4f735466cecf":"f.95D136BDD403266D18DB82FBE1F0ED89.d.80A4F941896C4C7919DA73EB2E4B820B.e.10502","ELEMENT":"f.95D136BDD403266D18DB82FBE1F0ED89.d.80A4F941896C4C7919DA73EB2E4B820B.e.10502"}]}
RESULT: {"script":"<script> [8489 bytes]","args":[{"element-6066-11e4-a52e-4f735466cecf":"f.95D136BDD403266D18DB82FBE1F0ED89.d.80A4F941896C4C7919DA73EB2E4B820B.e.10502","ELEMENT":"f.95D136BDD403266D18DB82FBE1F0ED89.d.80A4F941896C4C7919DA73EB2E4B820B.e.10502"}]}
COMMAND: POST /session/c9b3453a2097c94c00e43fefe9121ac5/execute/sync - {"script":"<script> [8489 bytes]","args":[{"element-6066-11e4-a52e-4f735466cecf":"f.95D136BDD403266D18DB82FBE1F0ED89.d.80A4F941896C4C7919DA73EB2E4B820B.e.10502","ELEMENT":"f.95D136BDD403266D18DB82FBE1F0ED89.d.80A4F941896C4C7919DA73EB2E4B820B.e.10502"}]}
COMMAND: GET /session/c9b3453a2097c94c00e43fefe9121ac5/screenshot - {}
RESULT: {}
RESULT: {"script":"<script> [8489 bytes]","args":[{"element-6066-11e4-a52e-4f735466cecf":"f.95D136BDD403266D18DB82FBE1F0ED89.d.80A4F941896C4C7919DA73EB2E4B820B.e.10502","ELEMENT":"f.95D136BDD403266D18DB82FBE1F0ED89.d.80A4F941896C4C7919DA73EB2E4B820B.e.10502"}]}
COMMAND: POST /session/c9b3453a2097c94c00e43fefe9121ac5/execute/sync - {"script":"<script> [5351 bytes]","args":[{"element-6066-11e4-a52e-4f735466cecf":"f.95D136BDD403266D18DB82FBE1F0ED89.d.80A4F941896C4C7919DA73EB2E4B820B.e.10502","ELEMENT":"f.95D136BDD403266D18DB82FBE1F0ED89.d.80A4F941896C4C7919DA73EB2E4B820B.e.10502"}]}
COMMAND: GET /session/c9b3453a2097c94c00e43fefe9121ac5/screenshot - {}
RESULT: {"script":"<script> [5351 bytes]","args":[{"element-6066-11e4-a52e-4f735466cecf":"f.95D136BDD403266D18DB82FBE1F0ED89.d.80A4F941896C4C7919DA73EB2E4B820B.e.10502","ELEMENT":"f.95D136BDD403266D18DB82FBE1F0ED89.d.80A4F941896C4C7919DA73EB2E4B820B.e.10502"}]}
COMMAND: POST /session/c9b3453a2097c94c00e43fefe9121ac5/element - {"using":"xpath","value":"(//span[contains(text(), \"Header Billing Items\")])[1]"}
COMMAND: GET /session/c9b3453a2097c94c00e43fefe9121ac5/screenshot - {}
RESULT: {}
RESULT: {"using":"xpath","value":"(//span[contains(text(), \"Header Billing Items\")])[1]"}
COMMAND: POST /session/c9b3453a2097c94c00e43fefe9121ac5/element/f.95D136BDD403266D18DB82FBE1F0ED89.d.80A4F941896C4C7919DA73EB2E4B820B.e.10597/click - {}
RESULT: {}
RESULT: {}
COMMAND: GET /session/c9b3453a2097c94c00e43fefe9121ac5/screenshot - {}
RESULT: {}
COMMAND: POST /session/c9b3453a2097c94c00e43fefe9121ac5/execute/async - {"script":"<script> [1562 bytes]","args":[{"selector":{"controlType":"sap.m.Title","viewName":"etm.portal.ui.managecontracts.view.Detail","properties":{"text":"Contract Items (1)"}},"wdio_ui5_key":"etmportal.ui.managecontracts.view.Detailsap.m.Title{\"text\":\"Contract Items (1)\"}"}]}
RESULT: {"script":"<script> [1562 bytes]","args":[{"selector":{"controlType":"sap.m.Title","viewName":"etm.portal.ui.managecontracts.view.Detail","properties":{"text":"Contract Items (1)"}},"wdio_ui5_key":"etmportal.ui.managecontracts.view.Detailsap.m.Title{\"text\":\"Contract Items (1)\"}"}]}
RESULT: undefined
COMMAND: POST /session/c9b3453a2097c94c00e43fefe9121ac5/execute/async - {"script":"<script> [6424 bytes]","args":[{"element-6066-11e4-a52e-4f735466cecf":"f.95D136BDD403266D18DB82FBE1F0ED89.d.80A4F941896C4C7919DA73EB2E4B820B.e.10599"},"getText",[]]}
RESULT: {"script":"<script> [6424 bytes]","args":[{"element-6066-11e4-a52e-4f735466cecf":"f.95D136BDD403266D18DB82FBE1F0ED89.d.80A4F941896C4C7919DA73EB2E4B820B.e.10599"},"getText",[]]}
COMMAND: POST /session/c9b3453a2097c94c00e43fefe9121ac5/element - {"using":"xpath","value":"(//span[contains(@class ,\"sapMObjStatusText\")])[1]"}
RESULT: {"using":"xpath","value":"(//span[contains(@class ,\"sapMObjStatusText\")])[1]"}
COMMAND: GET /session/c9b3453a2097c94c00e43fefe9121ac5/element/f.95D136BDD403266D18DB82FBE1F0ED89.d.80A4F941896C4C7919DA73EB2E4B820B.e.10600/text - {}
RESULT: {}
COMMAND: POST /session/c9b3453a2097c94c00e43fefe9121ac5/refresh - {}
RESULT: {}
COMMAND: GET /session/c9b3453a2097c94c00e43fefe9121ac5/screenshot - {}
RESULT: {}
COMMAND: POST /session/c9b3453a2097c94c00e43fefe9121ac5/execute/async - {"script":"<script> [189 bytes]","args":[]}
RESULT: {"script":"<script> [189 bytes]","args":[]}
COMMAND: POST /session/c9b3453a2097c94c00e43fefe9121ac5/execute/async - {"script":"<script> [123 bytes]","args":[]}
RESULT: {"script":"<script> [123 bytes]","args":[]}
COMMAND: POST /session/c9b3453a2097c94c00e43fefe9121ac5/timeouts - {"script":"<number>"}
RESULT: {"script":"<number>"}
COMMAND: GET /session/c9b3453a2097c94c00e43fefe9121ac5/timeouts - {}
RESULT: {}
RESULT: undefined
COMMAND: POST /session/c9b3453a2097c94c00e43fefe9121ac5/execute/async - {"script":"<script> [2676 bytes]","args":[]}
RESULT: {"script":"<script> [2676 bytes]","args":[]}
COMMAND: POST /session/c9b3453a2097c94c00e43fefe9121ac5/execute/async - {"script":"<script> [2342 bytes]","args":[{"protocol":"http","hostname":"0.0.0.0","path":"/","capabilities":{"browserName":"chrome","goog:chromeOptions":{"binary":"C:\\Program Files\\Google\\Chrome\\Application\\chrome.exe","args":["--start-maximized"]}},"logLevel":"warn","connectionRetryTimeout":120000,"connectionRetryCount":3,"logLevels":{},"enableDirectConnect":true,"strictSSL":true,"_":"65 more keys: [\"cacheDir\",\"port\",\"requestedCapabilities\",\"automationProtocol\",\"baseUrl\",\"waitforInterval\",\"waitforTimeout\",\"onReload\",\"beforeCommand\",\"afterCommand\",\"rootDir\",\"specs\",\"suites\",\"exclude\",\"groupLogsByTestSpec\",\"excludeDriverLogs\",\"bail\",\"framework\",\"reporters\",\"services\",\"maxInstances\",\"maxInstancesPerCapability\",\"injectGlobals\",\"filesToWatch\",\"execArgv\",\"runnerEnv\",\"runner\",\"shard\",\"specFileRetries\",\"specFileRetriesDelay\",\"specFileRetriesDeferred\",\"reporterSyncInterval\",\"reporterSyncTimeout\",\"cucumberFeaturesWithLineNumbers\",\"autoCompileOpts\",\"mochaOpts\",\"jasmineOpts\",\"cucumberOpts\",\"onPrepare\",\"onWorkerStart\",\"onWorkerEnd\",\"before\",\"beforeSession\",\"beforeSuite\",\"beforeHook\",\"beforeTest\",\"afterTest\",\"afterHook\",\"afterSuite\",\"afterSession\",\"after\",\"onComplete\",\"beforeAssertion\",\"afterAssertion\",\"beforeFeature\",\"beforeScenario\",\"beforeStep\",\"afterStep\",\"afterScenario\",\"afterFeature\",\"_\",\"suite\",\"$0\",\"ignoredWorkerServices\",\"wdi5\"]"}]}
RESULT: {"script":"<script> [2342 bytes]","args":[{"protocol":"http","hostname":"0.0.0.0","path":"/","capabilities":{"browserName":"chrome","goog:chromeOptions":{"binary":"C:\\Program Files\\Google\\Chrome\\Application\\chrome.exe","args":["--start-maximized"]}},"logLevel":"warn","connectionRetryTimeout":120000,"connectionRetryCount":3,"logLevels":{},"enableDirectConnect":true,"strictSSL":true,"_":"65 more keys: [\"cacheDir\",\"port\",\"requestedCapabilities\",\"automationProtocol\",\"baseUrl\",\"waitforInterval\",\"waitforTimeout\",\"onReload\",\"beforeCommand\",\"afterCommand\",\"rootDir\",\"specs\",\"suites\",\"exclude\",\"groupLogsByTestSpec\",\"excludeDriverLogs\",\"bail\",\"framework\",\"reporters\",\"services\",\"maxInstances\",\"maxInstancesPerCapability\",\"injectGlobals\",\"filesToWatch\",\"execArgv\",\"runnerEnv\",\"runner\",\"shard\",\"specFileRetries\",\"specFileRetriesDelay\",\"specFileRetriesDeferred\",\"reporterSyncInterval\",\"reporterSyncTimeout\",\"cucumberFeaturesWithLineNumbers\",\"autoCompileOpts\",\"mochaOpts\",\"jasmineOpts\",\"cucumberOpts\",\"onPrepare\",\"onWorkerStart\",\"onWorkerEnd\",\"before\",\"beforeSession\",\"beforeSuite\",\"beforeHook\",\"beforeTest\",\"afterTest\",\"afterHook\",\"afterSuite\",\"afterSession\",\"after\",\"onComplete\",\"beforeAssertion\",\"afterAssertion\",\"beforeFeature\",\"beforeScenario\",\"beforeStep\",\"afterStep\",\"afterScenario\",\"afterFeature\",\"_\",\"suite\",\"$0\",\"ignoredWorkerServices\",\"wdi5\"]"}]}
COMMAND: POST /session/c9b3453a2097c94c00e43fefe9121ac5/execute/async - {"script":"<script> [21126 bytes]","args":[35000]}
RESULT: {"script":"<script> [21126 bytes]","args":[35000]}
COMMAND: POST /session/c9b3453a2097c94c00e43fefe9121ac5/element - {"using":"css selector","value":"#shell-header-logo"}
RESULT: {"using":"css selector","value":"#shell-header-logo"}
COMMAND: POST /session/c9b3453a2097c94c00e43fefe9121ac5/element/f.95D136BDD403266D18DB82FBE1F0ED89.d.D44AD7BD532B68BF8F7B031BCE624E60.e.10708/click - {}
RESULT: {}
COMMAND: GET /session/c9b3453a2097c94c00e43fefe9121ac5/screenshot - {}
]]></system-out>
    </testcase>
  </testsuite>
  <testsuite timestamp="2025-05-15T18:23:08" time="1533.782" tests="7" failures="0" errors="0" skipped="0">
    <properties>
      <property name="specId" value="0" />
      <property name="suiteName" value="E2E - Logistical and commercial statuses" />
      <property name="capabilities" value="chrome.136_0_7103_93.windows" />
      <property name="file" value="file:///D:/a/1/s/test/specs/R2C/E2E-Logistical-and-commercial-status.spec.js" />
    </properties>
    <testcase classname="chrome.136_0_7103_93.windows.E2E_-_Logistical_and_commercial_statuses" name="Should create prerequisites yard partner and site" time="321.231">
      <system-out><![CDATA[
COMMAND: POST /session/c9b3453a2097c94c00e43fefe9121ac5/execute/async - {"script":"<script> [1562 bytes]","args":[{"selector":{"controlType":"sap.m.GenericTile","properties":{"header":"Manage Yards"}},"wdio_ui5_key":"sapm.GenericTile{\"header\":\"Manage Yards\"}"}]}
RESULT: {}
RESULT: {"script":"<script> [1562 bytes]","args":[{"selector":{"controlType":"sap.m.GenericTile","properties":{"header":"Manage Yards"}},"wdio_ui5_key":"sapm.GenericTile{\"header\":\"Manage Yards\"}"}]}
RESULT: undefined
COMMAND: POST /session/c9b3453a2097c94c00e43fefe9121ac5/element - {"using":"xpath","value":"//*[@id=\"__tile41\"]"}
RESULT: {"using":"xpath","value":"//*[@id=\"__tile41\"]"}
COMMAND: POST /session/c9b3453a2097c94c00e43fefe9121ac5/element/f.95D136BDD403266D18DB82FBE1F0ED89.d.D44AD7BD532B68BF8F7B031BCE624E60.e.10823/click - {}
RESULT: {}
COMMAND: GET /session/c9b3453a2097c94c00e43fefe9121ac5/screenshot - {}
RESULT: {}
COMMAND: POST /session/c9b3453a2097c94c00e43fefe9121ac5/elements - {"using":"xpath","value":"//span[text()='Error']"}
RESULT: {"using":"xpath","value":"//span[text()='Error']"}
COMMAND: POST /session/c9b3453a2097c94c00e43fefe9121ac5/execute/async - {"script":"<script> [1562 bytes]","args":[{"selector":{"controlType":"sap.ui.core.Icon","viewName":"etm.portal.ui.manageyards.view.Master","viewId":"application-manageyards-display-component---masterYard","properties":{"src":{"regex":{"source":"add"}}}},"wdio_ui5_key":"etmportal.ui.manageyards.view.Mastersap.ui.core.Icon{\"src\":{\"regex\":{\"source\":\"add\"}}}"}]}
RESULT: {"script":"<script> [1562 bytes]","args":[{"selector":{"controlType":"sap.ui.core.Icon","viewName":"etm.portal.ui.manageyards.view.Master","viewId":"application-manageyards-display-component---masterYard","properties":{"src":{"regex":{"source":"add"}}}},"wdio_ui5_key":"etmportal.ui.manageyards.view.Mastersap.ui.core.Icon{\"src\":{\"regex\":{\"source\":\"add\"}}}"}]}
RESULT: undefined
COMMAND: POST /session/c9b3453a2097c94c00e43fefe9121ac5/element - {"using":"xpath","value":"//*[@id=\"__button14-img\"]"}
RESULT: {"using":"xpath","value":"//*[@id=\"__button14-img\"]"}
COMMAND: POST /session/c9b3453a2097c94c00e43fefe9121ac5/element/f.95D136BDD403266D18DB82FBE1F0ED89.d.D44AD7BD532B68BF8F7B031BCE624E60.e.10875/click - {}
RESULT: {}
COMMAND: GET /session/c9b3453a2097c94c00e43fefe9121ac5/screenshot - {}
RESULT: {}
COMMAND: POST /session/c9b3453a2097c94c00e43fefe9121ac5/execute/async - {"script":"<script> [1562 bytes]","args":[{"selector":{"id":"application-manageyards-display-component---NewYard--yardId","interaction":{"idSuffix":"inner"}},"wdio_ui5_key":"applicationmanageyards-display-component---NewYard--yardId"}]}
RESULT: {"script":"<script> [1562 bytes]","args":[{"selector":{"id":"application-manageyards-display-component---NewYard--yardId","interaction":{"idSuffix":"inner"}},"wdio_ui5_key":"applicationmanageyards-display-component---NewYard--yardId"}]}
RESULT: undefined
COMMAND: POST /session/c9b3453a2097c94c00e43fefe9121ac5/element - {"using":"xpath","value":"//*[@id=\"application-manageyards-display-component---NewYard--addressDetailDetailsName1-inner\"]"}
RESULT: {"using":"xpath","value":"//*[@id=\"application-manageyards-display-component---NewYard--addressDetailDetailsName1-inner\"]"}
COMMAND: POST /session/c9b3453a2097c94c00e43fefe9121ac5/element/f.95D136BDD403266D18DB82FBE1F0ED89.d.D44AD7BD532B68BF8F7B031BCE624E60.e.11049/clear - {}
RESULT: {}
COMMAND: POST /session/c9b3453a2097c94c00e43fefe9121ac5/element/f.95D136BDD403266D18DB82FBE1F0ED89.d.D44AD7BD532B68BF8F7B031BCE624E60.e.11049/value - {"text":"WebdriverYarda0k98"}
COMMAND: GET /session/c9b3453a2097c94c00e43fefe9121ac5/screenshot - {}
RESULT: {"text":"WebdriverYarda0k98"}
COMMAND: POST /session/c9b3453a2097c94c00e43fefe9121ac5/element - {"using":"xpath","value":"//*[@id=\"application-manageyards-display-component---NewYard--addressDetailDetailsLanguage-inner\"]"}
COMMAND: GET /session/c9b3453a2097c94c00e43fefe9121ac5/screenshot - {}
RESULT: {}
RESULT: {"using":"xpath","value":"//*[@id=\"application-manageyards-display-component---NewYard--addressDetailDetailsLanguage-inner\"]"}
COMMAND: POST /session/c9b3453a2097c94c00e43fefe9121ac5/element/f.95D136BDD403266D18DB82FBE1F0ED89.d.D44AD7BD532B68BF8F7B031BCE624E60.e.11050/clear - {}
RESULT: {}
RESULT: {}
COMMAND: POST /session/c9b3453a2097c94c00e43fefe9121ac5/element/f.95D136BDD403266D18DB82FBE1F0ED89.d.D44AD7BD532B68BF8F7B031BCE624E60.e.11050/value - {"text":"Romanian"}
COMMAND: GET /session/c9b3453a2097c94c00e43fefe9121ac5/screenshot - {}
RESULT: {"text":"Romanian"}
COMMAND: POST /session/c9b3453a2097c94c00e43fefe9121ac5/element - {"using":"xpath","value":"//input[contains(@id ,\"application-manageyards-display-component---NewYard--addressDetailDetailsName1-inner\")]"}
COMMAND: GET /session/c9b3453a2097c94c00e43fefe9121ac5/screenshot - {}
RESULT: {}
RESULT: {"using":"xpath","value":"//input[contains(@id ,\"application-manageyards-display-component---NewYard--addressDetailDetailsName1-inner\")]"}
COMMAND: GET /session/c9b3453a2097c94c00e43fefe9121ac5/element/f.95D136BDD403266D18DB82FBE1F0ED89.d.D44AD7BD532B68BF8F7B031BCE624E60.e.11049/property/value - {}
RESULT: {}
RESULT: {}
COMMAND: GET /session/c9b3453a2097c94c00e43fefe9121ac5/screenshot - {}
RESULT: {}
COMMAND: POST /session/c9b3453a2097c94c00e43fefe9121ac5/element - {"using":"xpath","value":"//*[@id=\"application-manageyards-display-component---NewYard--addressDetailDetailsCity1-inner\"]"}
RESULT: {"using":"xpath","value":"//*[@id=\"application-manageyards-display-component---NewYard--addressDetailDetailsCity1-inner\"]"}
COMMAND: POST /session/c9b3453a2097c94c00e43fefe9121ac5/element/f.95D136BDD403266D18DB82FBE1F0ED89.d.D44AD7BD532B68BF8F7B031BCE624E60.e.11052/clear - {}
RESULT: {}
COMMAND: POST /session/c9b3453a2097c94c00e43fefe9121ac5/element/f.95D136BDD403266D18DB82FBE1F0ED89.d.D44AD7BD532B68BF8F7B031BCE624E60.e.11052/value - {"text":"Bucuresti"}
COMMAND: GET /session/c9b3453a2097c94c00e43fefe9121ac5/screenshot - {}
RESULT: {"text":"Bucuresti"}
COMMAND: GET /session/c9b3453a2097c94c00e43fefe9121ac5/screenshot - {}
RESULT: {}
RESULT: {}
COMMAND: POST /session/c9b3453a2097c94c00e43fefe9121ac5/element - {"using":"xpath","value":"//*[@id=\"application-manageyards-display-component---NewYard--addressDetailDetailsCountry-inner\"]"}
RESULT: {"using":"xpath","value":"//*[@id=\"application-manageyards-display-component---NewYard--addressDetailDetailsCountry-inner\"]"}
COMMAND: POST /session/c9b3453a2097c94c00e43fefe9121ac5/element/f.95D136BDD403266D18DB82FBE1F0ED89.d.D44AD7BD532B68BF8F7B031BCE624E60.e.11056/clear - {}
RESULT: {}
COMMAND: POST /session/c9b3453a2097c94c00e43fefe9121ac5/element/f.95D136BDD403266D18DB82FBE1F0ED89.d.D44AD7BD532B68BF8F7B031BCE624E60.e.11056/value - {"text":"Romania"}
COMMAND: GET /session/c9b3453a2097c94c00e43fefe9121ac5/screenshot - {}
RESULT: {"text":"Romania"}
COMMAND: GET /session/c9b3453a2097c94c00e43fefe9121ac5/screenshot - {}
RESULT: {}
RESULT: {}
COMMAND: POST /session/c9b3453a2097c94c00e43fefe9121ac5/element - {"using":"xpath","value":"//div[contains(text(), \"Commercial\")]"}
RESULT: {"using":"xpath","value":"//div[contains(text(), \"Commercial\")]"}
COMMAND: GET /session/c9b3453a2097c94c00e43fefe9121ac5/element/f.95D136BDD403266D18DB82FBE1F0ED89.d.D44AD7BD532B68BF8F7B031BCE624E60.e.11294/rect - {}
RESULT: {}
COMMAND: GET /session/c9b3453a2097c94c00e43fefe9121ac5/window/rect - {}
RESULT: {}
COMMAND: POST /session/c9b3453a2097c94c00e43fefe9121ac5/execute/sync - {"script":"<script> [92 bytes]","args":[]}
RESULT: {"script":"<script> [92 bytes]","args":[]}
COMMAND: POST /session/c9b3453a2097c94c00e43fefe9121ac5/actions - {"actions":[{"id":"action65","type":"wheel","parameters":{},"actions":[{"type":"scroll","x":-1841,"y":-44,"deltaX":0,"deltaY":0,"duration":0,"origin":{"element-6066-11e4-a52e-4f735466cecf":"f.95D136BDD403266D18DB82FBE1F0ED89.d.D44AD7BD532B68BF8F7B031BCE624E60.e.11294"}}]}]}
COMMAND: GET /session/c9b3453a2097c94c00e43fefe9121ac5/screenshot - {}
RESULT: {}
COMMAND: POST /session/c9b3453a2097c94c00e43fefe9121ac5/execute/sync - {"script":"<script> [79 bytes]","args":[{"element-6066-11e4-a52e-4f735466cecf":"f.95D136BDD403266D18DB82FBE1F0ED89.d.D44AD7BD532B68BF8F7B031BCE624E60.e.11294","ELEMENT":"f.95D136BDD403266D18DB82FBE1F0ED89.d.D44AD7BD532B68BF8F7B031BCE624E60.e.11294"},{"block":"start","inline":"nearest"}]}
RESULT: {"script":"<script> [79 bytes]","args":[{"element-6066-11e4-a52e-4f735466cecf":"f.95D136BDD403266D18DB82FBE1F0ED89.d.D44AD7BD532B68BF8F7B031BCE624E60.e.11294","ELEMENT":"f.95D136BDD403266D18DB82FBE1F0ED89.d.D44AD7BD532B68BF8F7B031BCE624E60.e.11294"},{"block":"start","inline":"nearest"}]}
COMMAND: GET /session/c9b3453a2097c94c00e43fefe9121ac5/screenshot - {}
COMMAND: POST /session/c9b3453a2097c94c00e43fefe9121ac5/execute/async - {"script":"<script> [1562 bytes]","args":[{"selector":{"id":"application-manageyards-display-component---NewYard--addressEditDetailsCostObjectCstType-arrow"},"wdio_ui5_key":"applicationmanageyards-display-component---NewYard--addressEditDetailsCostObjectCstType-arrow"}]}
RESULT: {}
RESULT: {"script":"<script> [1562 bytes]","args":[{"selector":{"id":"application-manageyards-display-component---NewYard--addressEditDetailsCostObjectCstType-arrow"},"wdio_ui5_key":"applicationmanageyards-display-component---NewYard--addressEditDetailsCostObjectCstType-arrow"}]}
RESULT: undefined
COMMAND: POST /session/c9b3453a2097c94c00e43fefe9121ac5/element - {"using":"xpath","value":"//*[@id=\"application-manageyards-display-component---NewYard--addressEditDetailsCostObjectCstType-arrow\"]"}
RESULT: {"using":"xpath","value":"//*[@id=\"application-manageyards-display-component---NewYard--addressEditDetailsCostObjectCstType-arrow\"]"}
COMMAND: POST /session/c9b3453a2097c94c00e43fefe9121ac5/element/f.95D136BDD403266D18DB82FBE1F0ED89.d.D44AD7BD532B68BF8F7B031BCE624E60.e.11302/click - {}
RESULT: {}
COMMAND: POST /session/c9b3453a2097c94c00e43fefe9121ac5/element - {"using":"xpath","value":"//span[contains(text(), \"Cost Center\")]"}
COMMAND: GET /session/c9b3453a2097c94c00e43fefe9121ac5/screenshot - {}
RESULT: {"using":"xpath","value":"//span[contains(text(), \"Cost Center\")]"}
COMMAND: POST /session/c9b3453a2097c94c00e43fefe9121ac5/element/f.95D136BDD403266D18DB82FBE1F0ED89.d.D44AD7BD532B68BF8F7B031BCE624E60.e.11303/click - {}
RESULT: {}
RESULT: {}
COMMAND: GET /session/c9b3453a2097c94c00e43fefe9121ac5/screenshot - {}
RESULT: {}
COMMAND: POST /session/c9b3453a2097c94c00e43fefe9121ac5/execute/async - {"script":"<script> [1562 bytes]","args":[{"selector":{"id":"application-manageyards-display-component---NewYard--addressNewCostObjectCstID-vhi"},"wdio_ui5_key":"applicationmanageyards-display-component---NewYard--addressNewCostObjectCstID-vhi"}]}
RESULT: {"script":"<script> [1562 bytes]","args":[{"selector":{"id":"application-manageyards-display-component---NewYard--addressNewCostObjectCstID-vhi"},"wdio_ui5_key":"applicationmanageyards-display-component---NewYard--addressNewCostObjectCstID-vhi"}]}
RESULT: undefined
COMMAND: POST /session/c9b3453a2097c94c00e43fefe9121ac5/element - {"using":"xpath","value":"//*[@id=\"application-manageyards-display-component---NewYard--addressNewCostObjectCstID-vhi\"]"}
RESULT: {"using":"xpath","value":"//*[@id=\"application-manageyards-display-component---NewYard--addressNewCostObjectCstID-vhi\"]"}
COMMAND: POST /session/c9b3453a2097c94c00e43fefe9121ac5/element/f.95D136BDD403266D18DB82FBE1F0ED89.d.D44AD7BD532B68BF8F7B031BCE624E60.e.11307/click - {}
RESULT: {}
COMMAND: GET /session/c9b3453a2097c94c00e43fefe9121ac5/screenshot - {}
RESULT: {}
COMMAND: POST /session/c9b3453a2097c94c00e43fefe9121ac5/execute/async - {"script":"<script> [1562 bytes]","args":[{"selector":{"controlType":"sap.m.SearchField","properties":{"placeholder":"Search"},"searchOpenDialogs":true,"interaction":{"idSuffix":"I"}},"wdio_ui5_key":"sapm.SearchField{\"placeholder\":\"Search\"}"}]}
RESULT: {"script":"<script> [1562 bytes]","args":[{"selector":{"controlType":"sap.m.SearchField","properties":{"placeholder":"Search"},"searchOpenDialogs":true,"interaction":{"idSuffix":"I"}},"wdio_ui5_key":"sapm.SearchField{\"placeholder\":\"Search\"}"}]}
RESULT: undefined
COMMAND: POST /session/c9b3453a2097c94c00e43fefe9121ac5/execute/async - {"script":"<script> [776 bytes]","args":[{"enterText":"10001013","selector":{"controlType":"sap.m.SearchField","properties":{"placeholder":"Search"},"searchOpenDialogs":true,"interaction":{"idSuffix":"I"}},"clearTextFirst":true,"interactionType":"ENTER_TEXT"}]}
RESULT: {"script":"<script> [776 bytes]","args":[{"enterText":"10001013","selector":{"controlType":"sap.m.SearchField","properties":{"placeholder":"Search"},"searchOpenDialogs":true,"interaction":{"idSuffix":"I"}},"clearTextFirst":true,"interactionType":"ENTER_TEXT"}]}
COMMAND: POST /session/c9b3453a2097c94c00e43fefe9121ac5/actions - {"actions":[{"id":"action66","type":"key","parameters":{},"actions":[{"type":"keyDown","value":"î€‡"},{"type":"pause","duration":10},{"type":"keyUp","value":"î€‡"}]}]}
RESULT: {"actions":[{"id":"action66","type":"key","parameters":{},"actions":[{"type":"keyDown","value":"î€‡"},{"type":"pause","duration":10},{"type":"keyUp","value":"î€‡"}]}]}
COMMAND: GET /session/c9b3453a2097c94c00e43fefe9121ac5/screenshot - {}
RESULT: {}
COMMAND: POST /session/c9b3453a2097c94c00e43fefe9121ac5/element - {"using":"xpath","value":"//span[contains(text(), \"General Management\")]"}
RESULT: {"using":"xpath","value":"//span[contains(text(), \"General Management\")]"}
COMMAND: POST /session/c9b3453a2097c94c00e43fefe9121ac5/element/f.95D136BDD403266D18DB82FBE1F0ED89.d.D44AD7BD532B68BF8F7B031BCE624E60.e.11348/click - {}
RESULT: {}
COMMAND: GET /session/c9b3453a2097c94c00e43fefe9121ac5/screenshot - {}
RESULT: {}
COMMAND: POST /session/c9b3453a2097c94c00e43fefe9121ac5/element - {"using":"xpath","value":"//bdi[contains(text(), \"OK\")]"}
RESULT: {"using":"xpath","value":"//bdi[contains(text(), \"OK\")]"}
COMMAND: POST /session/c9b3453a2097c94c00e43fefe9121ac5/element/f.95D136BDD403266D18DB82FBE1F0ED89.d.D44AD7BD532B68BF8F7B031BCE624E60.e.11349/click - {}
RESULT: {}
COMMAND: GET /session/c9b3453a2097c94c00e43fefe9121ac5/screenshot - {}
RESULT: {}
COMMAND: POST /session/c9b3453a2097c94c00e43fefe9121ac5/execute/async - {"script":"<script> [1562 bytes]","args":[{"selector":{"controlType":"sap.m.Button","viewName":"etm.portal.ui.manageyards.view.New","viewId":"application-manageyards-display-component---NewYard","i18NText":{"propertyName":"text","key":"save"},"interaction":{"idSuffix":"inner"}},"wdio_ui5_key":"etmportal.ui.manageyards.view.Newsap.m.Button{\"propertyName\":\"text\",\"key\":\"save\"}"}]}
RESULT: {"script":"<script> [1562 bytes]","args":[{"selector":{"controlType":"sap.m.Button","viewName":"etm.portal.ui.manageyards.view.New","viewId":"application-manageyards-display-component---NewYard","i18NText":{"propertyName":"text","key":"save"},"interaction":{"idSuffix":"inner"}},"wdio_ui5_key":"etmportal.ui.manageyards.view.Newsap.m.Button{\"propertyName\":\"text\",\"key\":\"save\"}"}]}
RESULT: undefined
COMMAND: POST /session/c9b3453a2097c94c00e43fefe9121ac5/element - {"using":"xpath","value":"//*[@id=\"__button28\"]"}
RESULT: {"using":"xpath","value":"//*[@id=\"__button28\"]"}
COMMAND: POST /session/c9b3453a2097c94c00e43fefe9121ac5/element/f.95D136BDD403266D18DB82FBE1F0ED89.d.D44AD7BD532B68BF8F7B031BCE624E60.e.11255/click - {}
RESULT: {}
COMMAND: GET /session/c9b3453a2097c94c00e43fefe9121ac5/screenshot - {}
RESULT: {}
COMMAND: POST /session/c9b3453a2097c94c00e43fefe9121ac5/element - {"using":"xpath","value":"//header/div/div[2]/div[2]/span"}
RESULT: {"using":"xpath","value":"//header/div/div[2]/div[2]/span"}
COMMAND: GET /session/c9b3453a2097c94c00e43fefe9121ac5/element/f.95D136BDD403266D18DB82FBE1F0ED89.d.D44AD7BD532B68BF8F7B031BCE624E60.e.11548/text - {}
RESULT: {}
COMMAND: POST /session/c9b3453a2097c94c00e43fefe9121ac5/execute/async - {"script":"<script> [1562 bytes]","args":[{"selector":{"controlType":"sap.m.OverflowToolbarButton","viewName":"etm.portal.ui.manageyards.view.Detail","viewId":"application-manageyards-display-component---detailYard","i18NText":{"propertyName":"tooltip","key":"closeColumn"},"interaction":{"idSuffix":"inner"}},"wdio_ui5_key":"etmportal.ui.manageyards.view.Detailsap.m.OverflowToolbarButton{\"propertyName\":\"tooltip\",\"key\":\"closeColumn\"}"}]}
RESULT: {"script":"<script> [1562 bytes]","args":[{"selector":{"controlType":"sap.m.OverflowToolbarButton","viewName":"etm.portal.ui.manageyards.view.Detail","viewId":"application-manageyards-display-component---detailYard","i18NText":{"propertyName":"tooltip","key":"closeColumn"},"interaction":{"idSuffix":"inner"}},"wdio_ui5_key":"etmportal.ui.manageyards.view.Detailsap.m.OverflowToolbarButton{\"propertyName\":\"tooltip\",\"key\":\"closeColumn\"}"}]}
RESULT: undefined
COMMAND: POST /session/c9b3453a2097c94c00e43fefe9121ac5/element - {"using":"xpath","value":"//*[@id=\"__button50\"]"}
RESULT: {"using":"xpath","value":"//*[@id=\"__button50\"]"}
COMMAND: POST /session/c9b3453a2097c94c00e43fefe9121ac5/element/f.95D136BDD403266D18DB82FBE1F0ED89.d.D44AD7BD532B68BF8F7B031BCE624E60.e.11550/click - {}
RESULT: {}
COMMAND: GET /session/c9b3453a2097c94c00e43fefe9121ac5/screenshot - {}
RESULT: {}
COMMAND: POST /session/c9b3453a2097c94c00e43fefe9121ac5/element - {"using":"css selector","value":"#shell-header-logo"}
RESULT: {"using":"css selector","value":"#shell-header-logo"}
COMMAND: POST /session/c9b3453a2097c94c00e43fefe9121ac5/element/f.95D136BDD403266D18DB82FBE1F0ED89.d.D44AD7BD532B68BF8F7B031BCE624E60.e.10833/click - {}
RESULT: {}
COMMAND: GET /session/c9b3453a2097c94c00e43fefe9121ac5/screenshot - {}
RESULT: {}
COMMAND: POST /session/c9b3453a2097c94c00e43fefe9121ac5/refresh - {}
RESULT: {}
COMMAND: GET /session/c9b3453a2097c94c00e43fefe9121ac5/screenshot - {}
RESULT: {}
COMMAND: POST /session/c9b3453a2097c94c00e43fefe9121ac5/execute/async - {"script":"<script> [189 bytes]","args":[]}
RESULT: {"script":"<script> [189 bytes]","args":[]}
COMMAND: POST /session/c9b3453a2097c94c00e43fefe9121ac5/execute/async - {"script":"<script> [123 bytes]","args":[]}
RESULT: {"script":"<script> [123 bytes]","args":[]}
COMMAND: POST /session/c9b3453a2097c94c00e43fefe9121ac5/timeouts - {"script":"<number>"}
RESULT: {"script":"<number>"}
COMMAND: GET /session/c9b3453a2097c94c00e43fefe9121ac5/timeouts - {}
RESULT: {}
RESULT: undefined
COMMAND: POST /session/c9b3453a2097c94c00e43fefe9121ac5/execute/async - {"script":"<script> [2676 bytes]","args":[]}
RESULT: {"script":"<script> [2676 bytes]","args":[]}
COMMAND: POST /session/c9b3453a2097c94c00e43fefe9121ac5/execute/async - {"script":"<script> [2342 bytes]","args":[{"protocol":"http","hostname":"0.0.0.0","path":"/","capabilities":{"browserName":"chrome","goog:chromeOptions":{"binary":"C:\\Program Files\\Google\\Chrome\\Application\\chrome.exe","args":["--start-maximized"]}},"logLevel":"warn","connectionRetryTimeout":120000,"connectionRetryCount":3,"logLevels":{},"enableDirectConnect":true,"strictSSL":true,"_":"65 more keys: [\"cacheDir\",\"port\",\"requestedCapabilities\",\"automationProtocol\",\"baseUrl\",\"waitforInterval\",\"waitforTimeout\",\"onReload\",\"beforeCommand\",\"afterCommand\",\"rootDir\",\"specs\",\"suites\",\"exclude\",\"groupLogsByTestSpec\",\"excludeDriverLogs\",\"bail\",\"framework\",\"reporters\",\"services\",\"maxInstances\",\"maxInstancesPerCapability\",\"injectGlobals\",\"filesToWatch\",\"execArgv\",\"runnerEnv\",\"runner\",\"shard\",\"specFileRetries\",\"specFileRetriesDelay\",\"specFileRetriesDeferred\",\"reporterSyncInterval\",\"reporterSyncTimeout\",\"cucumberFeaturesWithLineNumbers\",\"autoCompileOpts\",\"mochaOpts\",\"jasmineOpts\",\"cucumberOpts\",\"onPrepare\",\"onWorkerStart\",\"onWorkerEnd\",\"before\",\"beforeSession\",\"beforeSuite\",\"beforeHook\",\"beforeTest\",\"afterTest\",\"afterHook\",\"afterSuite\",\"afterSession\",\"after\",\"onComplete\",\"beforeAssertion\",\"afterAssertion\",\"beforeFeature\",\"beforeScenario\",\"beforeStep\",\"afterStep\",\"afterScenario\",\"afterFeature\",\"_\",\"suite\",\"$0\",\"ignoredWorkerServices\",\"wdi5\"]"}]}
RESULT: {"script":"<script> [2342 bytes]","args":[{"protocol":"http","hostname":"0.0.0.0","path":"/","capabilities":{"browserName":"chrome","goog:chromeOptions":{"binary":"C:\\Program Files\\Google\\Chrome\\Application\\chrome.exe","args":["--start-maximized"]}},"logLevel":"warn","connectionRetryTimeout":120000,"connectionRetryCount":3,"logLevels":{},"enableDirectConnect":true,"strictSSL":true,"_":"65 more keys: [\"cacheDir\",\"port\",\"requestedCapabilities\",\"automationProtocol\",\"baseUrl\",\"waitforInterval\",\"waitforTimeout\",\"onReload\",\"beforeCommand\",\"afterCommand\",\"rootDir\",\"specs\",\"suites\",\"exclude\",\"groupLogsByTestSpec\",\"excludeDriverLogs\",\"bail\",\"framework\",\"reporters\",\"services\",\"maxInstances\",\"maxInstancesPerCapability\",\"injectGlobals\",\"filesToWatch\",\"execArgv\",\"runnerEnv\",\"runner\",\"shard\",\"specFileRetries\",\"specFileRetriesDelay\",\"specFileRetriesDeferred\",\"reporterSyncInterval\",\"reporterSyncTimeout\",\"cucumberFeaturesWithLineNumbers\",\"autoCompileOpts\",\"mochaOpts\",\"jasmineOpts\",\"cucumberOpts\",\"onPrepare\",\"onWorkerStart\",\"onWorkerEnd\",\"before\",\"beforeSession\",\"beforeSuite\",\"beforeHook\",\"beforeTest\",\"afterTest\",\"afterHook\",\"afterSuite\",\"afterSession\",\"after\",\"onComplete\",\"beforeAssertion\",\"afterAssertion\",\"beforeFeature\",\"beforeScenario\",\"beforeStep\",\"afterStep\",\"afterScenario\",\"afterFeature\",\"_\",\"suite\",\"$0\",\"ignoredWorkerServices\",\"wdi5\"]"}]}
COMMAND: POST /session/c9b3453a2097c94c00e43fefe9121ac5/execute/async - {"script":"<script> [21126 bytes]","args":[35000]}
RESULT: {"script":"<script> [21126 bytes]","args":[35000]}
COMMAND: POST /session/c9b3453a2097c94c00e43fefe9121ac5/execute/async - {"script":"<script> [1562 bytes]","args":[{"selector":{"controlType":"sap.m.GenericTile","properties":{"header":"Manage Partners"}},"wdio_ui5_key":"sapm.GenericTile{\"header\":\"Manage Partners\"}"}]}
RESULT: {"script":"<script> [1562 bytes]","args":[{"selector":{"controlType":"sap.m.GenericTile","properties":{"header":"Manage Partners"}},"wdio_ui5_key":"sapm.GenericTile{\"header\":\"Manage Partners\"}"}]}
RESULT: undefined
COMMAND: POST /session/c9b3453a2097c94c00e43fefe9121ac5/element - {"using":"xpath","value":"//*[@id=\"__tile38\"]"}
RESULT: {"using":"xpath","value":"//*[@id=\"__tile38\"]"}
COMMAND: POST /session/c9b3453a2097c94c00e43fefe9121ac5/element/f.95D136BDD403266D18DB82FBE1F0ED89.d.49E617651E3F8D81B682E5197C9596D5.e.11901/click - {}
RESULT: {}
COMMAND: GET /session/c9b3453a2097c94c00e43fefe9121ac5/screenshot - {}
RESULT: {}
COMMAND: POST /session/c9b3453a2097c94c00e43fefe9121ac5/elements - {"using":"xpath","value":"//span[text()='Error']"}
RESULT: {"using":"xpath","value":"//span[text()='Error']"}
COMMAND: POST /session/c9b3453a2097c94c00e43fefe9121ac5/execute/async - {"script":"<script> [1562 bytes]","args":[{"selector":{"controlType":"sap.ui.core.Icon","viewName":"etm.portal.ui.managepartners.view.Master","viewId":"application-managepartners-display-component---masterPtm","properties":{"src":{"regex":{"source":"add"}}}},"wdio_ui5_key":"etmportal.ui.managepartners.view.Mastersap.ui.core.Icon{\"src\":{\"regex\":{\"source\":\"add\"}}}"}]}
RESULT: {"script":"<script> [1562 bytes]","args":[{"selector":{"controlType":"sap.ui.core.Icon","viewName":"etm.portal.ui.managepartners.view.Master","viewId":"application-managepartners-display-component---masterPtm","properties":{"src":{"regex":{"source":"add"}}}},"wdio_ui5_key":"etmportal.ui.managepartners.view.Mastersap.ui.core.Icon{\"src\":{\"regex\":{\"source\":\"add\"}}}"}]}
RESULT: undefined
COMMAND: POST /session/c9b3453a2097c94c00e43fefe9121ac5/element - {"using":"xpath","value":"//*[@id=\"__button4-img\"]"}
RESULT: {"using":"xpath","value":"//*[@id=\"__button4-img\"]"}
COMMAND: POST /session/c9b3453a2097c94c00e43fefe9121ac5/element/f.95D136BDD403266D18DB82FBE1F0ED89.d.49E617651E3F8D81B682E5197C9596D5.e.11952/click - {}
RESULT: {}
COMMAND: GET /session/c9b3453a2097c94c00e43fefe9121ac5/screenshot - {}
RESULT: {}
COMMAND: POST /session/c9b3453a2097c94c00e43fefe9121ac5/execute/async - {"script":"<script> [1562 bytes]","args":[{"selector":{"id":"application-managepartners-display-component---NewPartner--partnerId","interaction":{"idSuffix":"inner"}},"wdio_ui5_key":"applicationmanagepartners-display-component---NewPartner--partnerId"}]}
RESULT: {"script":"<script> [1562 bytes]","args":[{"selector":{"id":"application-managepartners-display-component---NewPartner--partnerId","interaction":{"idSuffix":"inner"}},"wdio_ui5_key":"applicationmanagepartners-display-component---NewPartner--partnerId"}]}
RESULT: undefined
COMMAND: POST /session/c9b3453a2097c94c00e43fefe9121ac5/execute/async - {"script":"<script> [1562 bytes]","args":[{"selector":{"id":"application-managepartners-display-component---NewPartner--addressDetailDetailsName1","interaction":{"idSuffix":"inner"}},"wdio_ui5_key":"applicationmanagepartners-display-component---NewPartner--addressDetailDetailsName1"}]}
RESULT: {"script":"<script> [1562 bytes]","args":[{"selector":{"id":"application-managepartners-display-component---NewPartner--addressDetailDetailsName1","interaction":{"idSuffix":"inner"}},"wdio_ui5_key":"applicationmanagepartners-display-component---NewPartner--addressDetailDetailsName1"}]}
RESULT: undefined
COMMAND: POST /session/c9b3453a2097c94c00e43fefe9121ac5/execute/async - {"script":"<script> [776 bytes]","args":[{"enterText":"WebdriverPartnerll9qq","selector":{"id":"application-managepartners-display-component---NewPartner--addressDetailDetailsName1","interaction":{"idSuffix":"inner"}},"clearTextFirst":true,"interactionType":"ENTER_TEXT"}]}
RESULT: {"script":"<script> [776 bytes]","args":[{"enterText":"WebdriverPartnerll9qq","selector":{"id":"application-managepartners-display-component---NewPartner--addressDetailDetailsName1","interaction":{"idSuffix":"inner"}},"clearTextFirst":true,"interactionType":"ENTER_TEXT"}]}
COMMAND: POST /session/c9b3453a2097c94c00e43fefe9121ac5/execute/async - {"script":"<script> [1562 bytes]","args":[{"selector":{"id":"application-managepartners-display-component---NewPartner--addressDetailDetailsLanguage","interaction":{"idSuffix":"inner"}},"wdio_ui5_key":"applicationmanagepartners-display-component---NewPartner--addressDetailDetailsLanguage"}]}
RESULT: {"script":"<script> [1562 bytes]","args":[{"selector":{"id":"application-managepartners-display-component---NewPartner--addressDetailDetailsLanguage","interaction":{"idSuffix":"inner"}},"wdio_ui5_key":"applicationmanagepartners-display-component---NewPartner--addressDetailDetailsLanguage"}]}
RESULT: undefined
COMMAND: POST /session/c9b3453a2097c94c00e43fefe9121ac5/execute/async - {"script":"<script> [776 bytes]","args":[{"enterText":"Romanian","selector":{"id":"application-managepartners-display-component---NewPartner--addressDetailDetailsLanguage","interaction":{"idSuffix":"inner"}},"clearTextFirst":true,"interactionType":"ENTER_TEXT"}]}
RESULT: {"script":"<script> [776 bytes]","args":[{"enterText":"Romanian","selector":{"id":"application-managepartners-display-component---NewPartner--addressDetailDetailsLanguage","interaction":{"idSuffix":"inner"}},"clearTextFirst":true,"interactionType":"ENTER_TEXT"}]}
COMMAND: POST /session/c9b3453a2097c94c00e43fefe9121ac5/element - {"using":"xpath","value":"//input[contains(@id ,\"application-managepartners-display-component---NewPartner--addressDetailDetailsName1-inner\")]"}
RESULT: {"using":"xpath","value":"//input[contains(@id ,\"application-managepartners-display-component---NewPartner--addressDetailDetailsName1-inner\")]"}
COMMAND: GET /session/c9b3453a2097c94c00e43fefe9121ac5/element/f.95D136BDD403266D18DB82FBE1F0ED89.d.49E617651E3F8D81B682E5197C9596D5.e.12137/property/value - {}
RESULT: {}
COMMAND: POST /session/c9b3453a2097c94c00e43fefe9121ac5/execute/async - {"script":"<script> [1562 bytes]","args":[{"selector":{"id":"application-managepartners-display-component---NewPartner--addressDetailDetailsCity1","interaction":{"idSuffix":"inner"}},"wdio_ui5_key":"applicationmanagepartners-display-component---NewPartner--addressDetailDetailsCity1"}]}
COMMAND: GET /session/c9b3453a2097c94c00e43fefe9121ac5/screenshot - {}
RESULT: {"script":"<script> [1562 bytes]","args":[{"selector":{"id":"application-managepartners-display-component---NewPartner--addressDetailDetailsCity1","interaction":{"idSuffix":"inner"}},"wdio_ui5_key":"applicationmanagepartners-display-component---NewPartner--addressDetailDetailsCity1"}]}
RESULT: undefined
COMMAND: POST /session/c9b3453a2097c94c00e43fefe9121ac5/execute/async - {"script":"<script> [776 bytes]","args":[{"enterText":"Bucharest","selector":{"id":"application-managepartners-display-component---NewPartner--addressDetailDetailsCity1","interaction":{"idSuffix":"inner"}},"clearTextFirst":true,"interactionType":"ENTER_TEXT"}]}
RESULT: {}
RESULT: {"script":"<script> [776 bytes]","args":[{"enterText":"Bucharest","selector":{"id":"application-managepartners-display-component---NewPartner--addressDetailDetailsCity1","interaction":{"idSuffix":"inner"}},"clearTextFirst":true,"interactionType":"ENTER_TEXT"}]}
COMMAND: POST /session/c9b3453a2097c94c00e43fefe9121ac5/execute/async - {"script":"<script> [1562 bytes]","args":[{"selector":{"id":"application-managepartners-display-component---NewPartner--addressDetailDetailsCountry","interaction":{"idSuffix":"inner"}},"wdio_ui5_key":"applicationmanagepartners-display-component---NewPartner--addressDetailDetailsCountry"}]}
RESULT: {"script":"<script> [1562 bytes]","args":[{"selector":{"id":"application-managepartners-display-component---NewPartner--addressDetailDetailsCountry","interaction":{"idSuffix":"inner"}},"wdio_ui5_key":"applicationmanagepartners-display-component---NewPartner--addressDetailDetailsCountry"}]}
RESULT: undefined
COMMAND: POST /session/c9b3453a2097c94c00e43fefe9121ac5/execute/async - {"script":"<script> [6424 bytes]","args":[{"element-6066-11e4-a52e-4f735466cecf":"f.95D136BDD403266D18DB82FBE1F0ED89.d.49E617651E3F8D81B682E5197C9596D5.e.12144"},"setValue",["Romania"]]}
RESULT: {"script":"<script> [6424 bytes]","args":[{"element-6066-11e4-a52e-4f735466cecf":"f.95D136BDD403266D18DB82FBE1F0ED89.d.49E617651E3F8D81B682E5197C9596D5.e.12144"},"setValue",["Romania"]]}
COMMAND: POST /session/c9b3453a2097c94c00e43fefe9121ac5/execute/async - {"script":"<script> [1562 bytes]","args":[{"selector":{"id":"application-managepartners-display-component---NewPartner--partnerDetailInternal","interaction":{"idSuffix":"inner"}},"wdio_ui5_key":"applicationmanagepartners-display-component---NewPartner--partnerDetailInternal"}]}
RESULT: {"script":"<script> [1562 bytes]","args":[{"selector":{"id":"application-managepartners-display-component---NewPartner--partnerDetailInternal","interaction":{"idSuffix":"inner"}},"wdio_ui5_key":"applicationmanagepartners-display-component---NewPartner--partnerDetailInternal"}]}
RESULT: undefined
COMMAND: POST /session/c9b3453a2097c94c00e43fefe9121ac5/execute/async - {"script":"<script> [776 bytes]","args":[{"enterText":"External partner","selector":{"id":"application-managepartners-display-component---NewPartner--partnerDetailInternal","interaction":{"idSuffix":"inner"}},"clearTextFirst":true,"interactionType":"ENTER_TEXT"}]}
RESULT: {"script":"<script> [776 bytes]","args":[{"enterText":"External partner","selector":{"id":"application-managepartners-display-component---NewPartner--partnerDetailInternal","interaction":{"idSuffix":"inner"}},"clearTextFirst":true,"interactionType":"ENTER_TEXT"}]}
COMMAND: POST /session/c9b3453a2097c94c00e43fefe9121ac5/execute/async - {"script":"<script> [1562 bytes]","args":[{"selector":{"id":"application-managepartners-display-component---NewPartner--partnerDetailsCurrency","interaction":{"idSuffix":"inner"}},"wdio_ui5_key":"applicationmanagepartners-display-component---NewPartner--partnerDetailsCurrency"}]}
RESULT: {"script":"<script> [1562 bytes]","args":[{"selector":{"id":"application-managepartners-display-component---NewPartner--partnerDetailsCurrency","interaction":{"idSuffix":"inner"}},"wdio_ui5_key":"applicationmanagepartners-display-component---NewPartner--partnerDetailsCurrency"}]}
RESULT: undefined
COMMAND: POST /session/c9b3453a2097c94c00e43fefe9121ac5/execute/async - {"script":"<script> [776 bytes]","args":[{"enterText":"Euro","selector":{"id":"application-managepartners-display-component---NewPartner--partnerDetailsCurrency","interaction":{"idSuffix":"inner"}},"clearTextFirst":true,"interactionType":"ENTER_TEXT"}]}
RESULT: {"script":"<script> [776 bytes]","args":[{"enterText":"Euro","selector":{"id":"application-managepartners-display-component---NewPartner--partnerDetailsCurrency","interaction":{"idSuffix":"inner"}},"clearTextFirst":true,"interactionType":"ENTER_TEXT"}]}
COMMAND: POST /session/c9b3453a2097c94c00e43fefe9121ac5/execute/async - {"script":"<script> [1562 bytes]","args":[{"selector":{"controlType":"sap.m.Button","viewName":"etm.portal.ui.managepartners.view.NewPartner","viewId":"application-managepartners-display-component---NewPartner","properties":{"text":"Commercial"},"interaction":{"idSuffix":"BDI-content"}},"wdio_ui5_key":"etmportal.ui.managepartners.view.NewPartnersap.m.Button{\"text\":\"Commercial\"}"}]}
RESULT: {"script":"<script> [1562 bytes]","args":[{"selector":{"controlType":"sap.m.Button","viewName":"etm.portal.ui.managepartners.view.NewPartner","viewId":"application-managepartners-display-component---NewPartner","properties":{"text":"Commercial"},"interaction":{"idSuffix":"BDI-content"}},"wdio_ui5_key":"etmportal.ui.managepartners.view.NewPartnersap.m.Button{\"text\":\"Commercial\"}"}]}
RESULT: undefined
COMMAND: POST /session/c9b3453a2097c94c00e43fefe9121ac5/element - {"using":"xpath","value":"//*[@id=\"application-managepartners-display-component---NewPartner--ObjectPageLayout-anchBar-__section5-anchor\"]"}
RESULT: {"using":"xpath","value":"//*[@id=\"application-managepartners-display-component---NewPartner--ObjectPageLayout-anchBar-__section5-anchor\"]"}
COMMAND: POST /session/c9b3453a2097c94c00e43fefe9121ac5/element/f.95D136BDD403266D18DB82FBE1F0ED89.d.49E617651E3F8D81B682E5197C9596D5.e.12374/click - {}
RESULT: {}
COMMAND: GET /session/c9b3453a2097c94c00e43fefe9121ac5/screenshot - {}
RESULT: {}
COMMAND: POST /session/c9b3453a2097c94c00e43fefe9121ac5/execute/async - {"script":"<script> [1562 bytes]","args":[{"selector":{"id":"application-managepartners-display-component---NewPartner--btnAddTableRow-img"},"wdio_ui5_key":"applicationmanagepartners-display-component---NewPartner--btnAddTableRow-img"}]}
RESULT: {"script":"<script> [1562 bytes]","args":[{"selector":{"id":"application-managepartners-display-component---NewPartner--btnAddTableRow-img"},"wdio_ui5_key":"applicationmanagepartners-display-component---NewPartner--btnAddTableRow-img"}]}
RESULT: undefined
COMMAND: POST /session/c9b3453a2097c94c00e43fefe9121ac5/element - {"using":"xpath","value":"//*[@id=\"application-managepartners-display-component---NewPartner--btnAddTableRow-img\"]"}
RESULT: {"using":"xpath","value":"//*[@id=\"application-managepartners-display-component---NewPartner--btnAddTableRow-img\"]"}
COMMAND: POST /session/c9b3453a2097c94c00e43fefe9121ac5/element/f.95D136BDD403266D18DB82FBE1F0ED89.d.49E617651E3F8D81B682E5197C9596D5.e.12380/click - {}
RESULT: {}
COMMAND: POST /session/c9b3453a2097c94c00e43fefe9121ac5/element - {"using":"xpath","value":"//input[contains(@id ,\"application-managepartners-display-component---NewPartner--assignmentYard-application-managepartners-display-component---NewPartner\")]"}
COMMAND: GET /session/c9b3453a2097c94c00e43fefe9121ac5/screenshot - {}
RESULT: {"using":"xpath","value":"//input[contains(@id ,\"application-managepartners-display-component---NewPartner--assignmentYard-application-managepartners-display-component---NewPartner\")]"}
COMMAND: POST /session/c9b3453a2097c94c00e43fefe9121ac5/element/f.95D136BDD403266D18DB82FBE1F0ED89.d.49E617651E3F8D81B682E5197C9596D5.e.12383/clear - {}
RESULT: {}
RESULT: {}
COMMAND: POST /session/c9b3453a2097c94c00e43fefe9121ac5/element/f.95D136BDD403266D18DB82FBE1F0ED89.d.49E617651E3F8D81B682E5197C9596D5.e.12383/value - {"text":"WebdriverYarda0k98"}
RESULT: {"text":"WebdriverYarda0k98"}
COMMAND: GET /session/c9b3453a2097c94c00e43fefe9121ac5/screenshot - {}
COMMAND: GET /session/c9b3453a2097c94c00e43fefe9121ac5/screenshot - {}
RESULT: {}
RESULT: {}
COMMAND: POST /session/c9b3453a2097c94c00e43fefe9121ac5/execute/async - {"script":"<script> [1562 bytes]","args":[{"selector":{"controlType":"sap.m.Button","viewName":"etm.portal.ui.managepartners.view.NewPartner","viewId":"application-managepartners-display-component---NewPartner","i18NText":{"propertyName":"text","key":"save"},"interaction":{"idSuffix":"BDI-content"}},"wdio_ui5_key":"etmportal.ui.managepartners.view.NewPartnersap.m.Button{\"propertyName\":\"text\",\"key\":\"save\"}"}]}
RESULT: {"script":"<script> [1562 bytes]","args":[{"selector":{"controlType":"sap.m.Button","viewName":"etm.portal.ui.managepartners.view.NewPartner","viewId":"application-managepartners-display-component---NewPartner","i18NText":{"propertyName":"text","key":"save"},"interaction":{"idSuffix":"BDI-content"}},"wdio_ui5_key":"etmportal.ui.managepartners.view.NewPartnersap.m.Button{\"propertyName\":\"text\",\"key\":\"save\"}"}]}
RESULT: undefined
COMMAND: POST /session/c9b3453a2097c94c00e43fefe9121ac5/element - {"using":"xpath","value":"//*[@id=\"__button12\"]"}
RESULT: {"using":"xpath","value":"//*[@id=\"__button12\"]"}
COMMAND: POST /session/c9b3453a2097c94c00e43fefe9121ac5/element/f.95D136BDD403266D18DB82FBE1F0ED89.d.49E617651E3F8D81B682E5197C9596D5.e.12295/click - {}
RESULT: {}
COMMAND: GET /session/c9b3453a2097c94c00e43fefe9121ac5/screenshot - {}
RESULT: {}
COMMAND: POST /session/c9b3453a2097c94c00e43fefe9121ac5/element - {"using":"xpath","value":"//header/div/div[2]/div[2]/span"}
RESULT: {"using":"xpath","value":"//header/div/div[2]/div[2]/span"}
COMMAND: GET /session/c9b3453a2097c94c00e43fefe9121ac5/element/f.95D136BDD403266D18DB82FBE1F0ED89.d.49E617651E3F8D81B682E5197C9596D5.e.12556/text - {}
RESULT: {}
COMMAND: POST /session/c9b3453a2097c94c00e43fefe9121ac5/element - {"using":"xpath","value":"//header/div/div/div/div/div/div[2]/div/span"}
RESULT: {"using":"xpath","value":"//header/div/div/div/div/div/div[2]/div/span"}
COMMAND: GET /session/c9b3453a2097c94c00e43fefe9121ac5/element/f.95D136BDD403266D18DB82FBE1F0ED89.d.49E617651E3F8D81B682E5197C9596D5.e.12557/text - {}
RESULT: {}
COMMAND: POST /session/c9b3453a2097c94c00e43fefe9121ac5/execute/async - {"script":"<script> [1562 bytes]","args":[{"selector":{"id":"application-managepartners-display-component---detailPtm--partnerType"},"wdio_ui5_key":"applicationmanagepartners-display-component---detailPtm--partnerType"}]}
RESULT: {"script":"<script> [1562 bytes]","args":[{"selector":{"id":"application-managepartners-display-component---detailPtm--partnerType"},"wdio_ui5_key":"applicationmanagepartners-display-component---detailPtm--partnerType"}]}
RESULT: undefined
COMMAND: POST /session/c9b3453a2097c94c00e43fefe9121ac5/execute/async - {"script":"<script> [6424 bytes]","args":[{"element-6066-11e4-a52e-4f735466cecf":"f.95D136BDD403266D18DB82FBE1F0ED89.d.49E617651E3F8D81B682E5197C9596D5.e.12558"},"getText",[]]}
RESULT: {"script":"<script> [6424 bytes]","args":[{"element-6066-11e4-a52e-4f735466cecf":"f.95D136BDD403266D18DB82FBE1F0ED89.d.49E617651E3F8D81B682E5197C9596D5.e.12558"},"getText",[]]}
COMMAND: POST /session/c9b3453a2097c94c00e43fefe9121ac5/element - {"using":"css selector","value":"#shell-header-logo"}
RESULT: {"using":"css selector","value":"#shell-header-logo"}
COMMAND: POST /session/c9b3453a2097c94c00e43fefe9121ac5/element/f.95D136BDD403266D18DB82FBE1F0ED89.d.49E617651E3F8D81B682E5197C9596D5.e.11902/click - {}
RESULT: {}
COMMAND: GET /session/c9b3453a2097c94c00e43fefe9121ac5/screenshot - {}
RESULT: {}
COMMAND: POST /session/c9b3453a2097c94c00e43fefe9121ac5/execute/async - {"script":"<script> [1562 bytes]","args":[{"selector":{"controlType":"sap.m.GenericTile","properties":{"header":"Manage Sites"}},"wdio_ui5_key":"sapm.GenericTile{\"header\":\"Manage Sites\"}"}]}
RESULT: {"script":"<script> [1562 bytes]","args":[{"selector":{"controlType":"sap.m.GenericTile","properties":{"header":"Manage Sites"}},"wdio_ui5_key":"sapm.GenericTile{\"header\":\"Manage Sites\"}"}]}
RESULT: undefined
COMMAND: POST /session/c9b3453a2097c94c00e43fefe9121ac5/element - {"using":"xpath","value":"//*[@id=\"__tile40\"]"}
RESULT: {"using":"xpath","value":"//*[@id=\"__tile40\"]"}
COMMAND: POST /session/c9b3453a2097c94c00e43fefe9121ac5/element/f.95D136BDD403266D18DB82FBE1F0ED89.d.49E617651E3F8D81B682E5197C9596D5.e.12560/click - {}
RESULT: {}
COMMAND: GET /session/c9b3453a2097c94c00e43fefe9121ac5/screenshot - {}
RESULT: {}
COMMAND: POST /session/c9b3453a2097c94c00e43fefe9121ac5/elements - {"using":"xpath","value":"//span[text()='Error']"}
RESULT: {"using":"xpath","value":"//span[text()='Error']"}
COMMAND: POST /session/c9b3453a2097c94c00e43fefe9121ac5/execute/async - {"script":"<script> [1562 bytes]","args":[{"selector":{"controlType":"sap.ui.core.Icon","viewName":"etm.portal.ui.managesites.view.Master","viewId":"application-managesites-display-component---masterSite","properties":{"src":{"regex":{"source":"add"}}}},"wdio_ui5_key":"etmportal.ui.managesites.view.Mastersap.ui.core.Icon{\"src\":{\"regex\":{\"source\":\"add\"}}}"}]}
RESULT: {"script":"<script> [1562 bytes]","args":[{"selector":{"controlType":"sap.ui.core.Icon","viewName":"etm.portal.ui.managesites.view.Master","viewId":"application-managesites-display-component---masterSite","properties":{"src":{"regex":{"source":"add"}}}},"wdio_ui5_key":"etmportal.ui.managesites.view.Mastersap.ui.core.Icon{\"src\":{\"regex\":{\"source\":\"add\"}}}"}]}
RESULT: undefined
COMMAND: POST /session/c9b3453a2097c94c00e43fefe9121ac5/element - {"using":"xpath","value":"//*[@id=\"__button48-img\"]"}
RESULT: {"using":"xpath","value":"//*[@id=\"__button48-img\"]"}
COMMAND: POST /session/c9b3453a2097c94c00e43fefe9121ac5/element/f.95D136BDD403266D18DB82FBE1F0ED89.d.49E617651E3F8D81B682E5197C9596D5.e.12609/click - {}
RESULT: {}
COMMAND: POST /session/c9b3453a2097c94c00e43fefe9121ac5/execute/async - {"script":"<script> [1562 bytes]","args":[{"selector":{"id":"application-managesites-display-component---NewSite--siteId","interaction":{"idSuffix":"inner"}},"wdio_ui5_key":"applicationmanagesites-display-component---NewSite--siteId"}]}
COMMAND: GET /session/c9b3453a2097c94c00e43fefe9121ac5/screenshot - {}
RESULT: {"script":"<script> [1562 bytes]","args":[{"selector":{"id":"application-managesites-display-component---NewSite--siteId","interaction":{"idSuffix":"inner"}},"wdio_ui5_key":"applicationmanagesites-display-component---NewSite--siteId"}]}
RESULT: undefined
COMMAND: POST /session/c9b3453a2097c94c00e43fefe9121ac5/execute/async - {"script":"<script> [1562 bytes]","args":[{"selector":{"id":"application-managesites-display-component---NewSite--addressDetailDetailsName1","interaction":{"idSuffix":"inner"}},"wdio_ui5_key":"applicationmanagesites-display-component---NewSite--addressDetailDetailsName1"}]}
RESULT: {}
RESULT: {"script":"<script> [1562 bytes]","args":[{"selector":{"id":"application-managesites-display-component---NewSite--addressDetailDetailsName1","interaction":{"idSuffix":"inner"}},"wdio_ui5_key":"applicationmanagesites-display-component---NewSite--addressDetailDetailsName1"}]}
RESULT: undefined
COMMAND: POST /session/c9b3453a2097c94c00e43fefe9121ac5/execute/async - {"script":"<script> [776 bytes]","args":[{"enterText":"WebdriverSite30pgp","selector":{"id":"application-managesites-display-component---NewSite--addressDetailDetailsName1","interaction":{"idSuffix":"inner"}},"clearTextFirst":true,"interactionType":"ENTER_TEXT"}]}
RESULT: {"script":"<script> [776 bytes]","args":[{"enterText":"WebdriverSite30pgp","selector":{"id":"application-managesites-display-component---NewSite--addressDetailDetailsName1","interaction":{"idSuffix":"inner"}},"clearTextFirst":true,"interactionType":"ENTER_TEXT"}]}
COMMAND: POST /session/c9b3453a2097c94c00e43fefe9121ac5/execute/async - {"script":"<script> [1562 bytes]","args":[{"selector":{"id":"application-managesites-display-component---NewSite--addressDetailDetailsLanguage","interaction":{"idSuffix":"inner"}},"wdio_ui5_key":"applicationmanagesites-display-component---NewSite--addressDetailDetailsLanguage"}]}
RESULT: {"script":"<script> [1562 bytes]","args":[{"selector":{"id":"application-managesites-display-component---NewSite--addressDetailDetailsLanguage","interaction":{"idSuffix":"inner"}},"wdio_ui5_key":"applicationmanagesites-display-component---NewSite--addressDetailDetailsLanguage"}]}
RESULT: undefined
COMMAND: POST /session/c9b3453a2097c94c00e43fefe9121ac5/execute/async - {"script":"<script> [776 bytes]","args":[{"enterText":"Romanian","selector":{"id":"application-managesites-display-component---NewSite--addressDetailDetailsLanguage","interaction":{"idSuffix":"inner"}},"clearTextFirst":true,"interactionType":"ENTER_TEXT"}]}
RESULT: {"script":"<script> [776 bytes]","args":[{"enterText":"Romanian","selector":{"id":"application-managesites-display-component---NewSite--addressDetailDetailsLanguage","interaction":{"idSuffix":"inner"}},"clearTextFirst":true,"interactionType":"ENTER_TEXT"}]}
COMMAND: POST /session/c9b3453a2097c94c00e43fefe9121ac5/execute/async - {"script":"<script> [1562 bytes]","args":[{"selector":{"id":"application-managesites-display-component---NewSite--addressDetailDetailsCity1","interaction":{"idSuffix":"inner"}},"wdio_ui5_key":"applicationmanagesites-display-component---NewSite--addressDetailDetailsCity1"}]}
RESULT: {"script":"<script> [1562 bytes]","args":[{"selector":{"id":"application-managesites-display-component---NewSite--addressDetailDetailsCity1","interaction":{"idSuffix":"inner"}},"wdio_ui5_key":"applicationmanagesites-display-component---NewSite--addressDetailDetailsCity1"}]}
RESULT: undefined
COMMAND: POST /session/c9b3453a2097c94c00e43fefe9121ac5/execute/async - {"script":"<script> [776 bytes]","args":[{"enterText":"Bucharest","selector":{"id":"application-managesites-display-component---NewSite--addressDetailDetailsCity1","interaction":{"idSuffix":"inner"}},"clearTextFirst":true,"interactionType":"ENTER_TEXT"}]}
RESULT: {"script":"<script> [776 bytes]","args":[{"enterText":"Bucharest","selector":{"id":"application-managesites-display-component---NewSite--addressDetailDetailsCity1","interaction":{"idSuffix":"inner"}},"clearTextFirst":true,"interactionType":"ENTER_TEXT"}]}
COMMAND: POST /session/c9b3453a2097c94c00e43fefe9121ac5/execute/async - {"script":"<script> [1562 bytes]","args":[{"selector":{"id":"application-managesites-display-component---NewSite--addressDetailDetailsCountry","interaction":{"idSuffix":"inner"}},"wdio_ui5_key":"applicationmanagesites-display-component---NewSite--addressDetailDetailsCountry"}]}
RESULT: {"script":"<script> [1562 bytes]","args":[{"selector":{"id":"application-managesites-display-component---NewSite--addressDetailDetailsCountry","interaction":{"idSuffix":"inner"}},"wdio_ui5_key":"applicationmanagesites-display-component---NewSite--addressDetailDetailsCountry"}]}
RESULT: undefined
COMMAND: POST /session/c9b3453a2097c94c00e43fefe9121ac5/execute/async - {"script":"<script> [776 bytes]","args":[{"enterText":"Romania","selector":{"id":"application-managesites-display-component---NewSite--addressDetailDetailsCountry","interaction":{"idSuffix":"inner"}},"clearTextFirst":true,"interactionType":"ENTER_TEXT"}]}
RESULT: {"script":"<script> [776 bytes]","args":[{"enterText":"Romania","selector":{"id":"application-managesites-display-component---NewSite--addressDetailDetailsCountry","interaction":{"idSuffix":"inner"}},"clearTextFirst":true,"interactionType":"ENTER_TEXT"}]}
COMMAND: POST /session/c9b3453a2097c94c00e43fefe9121ac5/element - {"using":"css selector","value":"#application-managesites-display-component---NewSite--addressDetailDetailsCalendar-inner"}
RESULT: {"using":"css selector","value":"#application-managesites-display-component---NewSite--addressDetailDetailsCalendar-inner"}
COMMAND: POST /session/c9b3453a2097c94c00e43fefe9121ac5/element/f.95D136BDD403266D18DB82FBE1F0ED89.d.49E617651E3F8D81B682E5197C9596D5.e.12807/clear - {}
RESULT: {}
COMMAND: POST /session/c9b3453a2097c94c00e43fefe9121ac5/element/f.95D136BDD403266D18DB82FBE1F0ED89.d.49E617651E3F8D81B682E5197C9596D5.e.12807/value - {"text":"Germany"}
COMMAND: GET /session/c9b3453a2097c94c00e43fefe9121ac5/screenshot - {}
RESULT: {"text":"Germany"}
COMMAND: POST /session/c9b3453a2097c94c00e43fefe9121ac5/execute/async - {"script":"<script> [1562 bytes]","args":[{"selector":{"id":"application-managesites-display-component---NewSite--addressEditDetailsCostObjectCstType-arrow"},"wdio_ui5_key":"applicationmanagesites-display-component---NewSite--addressEditDetailsCostObjectCstType-arrow"}]}
COMMAND: GET /session/c9b3453a2097c94c00e43fefe9121ac5/screenshot - {}
RESULT: {}
RESULT: {"script":"<script> [1562 bytes]","args":[{"selector":{"id":"application-managesites-display-component---NewSite--addressEditDetailsCostObjectCstType-arrow"},"wdio_ui5_key":"applicationmanagesites-display-component---NewSite--addressEditDetailsCostObjectCstType-arrow"}]}
RESULT: undefined
COMMAND: POST /session/c9b3453a2097c94c00e43fefe9121ac5/element - {"using":"xpath","value":"//*[@id=\"application-managesites-display-component---NewSite--addressEditDetailsCostObjectCstType-arrow\"]"}
RESULT: {}
RESULT: {"using":"xpath","value":"//*[@id=\"application-managesites-display-component---NewSite--addressEditDetailsCostObjectCstType-arrow\"]"}
COMMAND: POST /session/c9b3453a2097c94c00e43fefe9121ac5/element/f.95D136BDD403266D18DB82FBE1F0ED89.d.49E617651E3F8D81B682E5197C9596D5.e.13005/click - {}
RESULT: {}
COMMAND: POST /session/c9b3453a2097c94c00e43fefe9121ac5/element - {"using":"xpath","value":"//span[contains(text(), \"Work Breakdown Structure\")]"}
COMMAND: GET /session/c9b3453a2097c94c00e43fefe9121ac5/screenshot - {}
RESULT: {"using":"xpath","value":"//span[contains(text(), \"Work Breakdown Structure\")]"}
COMMAND: POST /session/c9b3453a2097c94c00e43fefe9121ac5/element/f.95D136BDD403266D18DB82FBE1F0ED89.d.49E617651E3F8D81B682E5197C9596D5.e.13006/click - {}
RESULT: {}
RESULT: {}
COMMAND: GET /session/c9b3453a2097c94c00e43fefe9121ac5/screenshot - {}
RESULT: {}
COMMAND: POST /session/c9b3453a2097c94c00e43fefe9121ac5/execute/async - {"script":"<script> [1562 bytes]","args":[{"selector":{"id":"application-managesites-display-component---NewSite--addressNewCostObjectCstID-vhi"},"wdio_ui5_key":"applicationmanagesites-display-component---NewSite--addressNewCostObjectCstID-vhi"}]}
RESULT: {"script":"<script> [1562 bytes]","args":[{"selector":{"id":"application-managesites-display-component---NewSite--addressNewCostObjectCstID-vhi"},"wdio_ui5_key":"applicationmanagesites-display-component---NewSite--addressNewCostObjectCstID-vhi"}]}
RESULT: undefined
COMMAND: POST /session/c9b3453a2097c94c00e43fefe9121ac5/element - {"using":"xpath","value":"//*[@id=\"application-managesites-display-component---NewSite--addressNewCostObjectCstID-vhi\"]"}
RESULT: {"using":"xpath","value":"//*[@id=\"application-managesites-display-component---NewSite--addressNewCostObjectCstID-vhi\"]"}
COMMAND: POST /session/c9b3453a2097c94c00e43fefe9121ac5/element/f.95D136BDD403266D18DB82FBE1F0ED89.d.49E617651E3F8D81B682E5197C9596D5.e.13011/click - {}
RESULT: {}
COMMAND: GET /session/c9b3453a2097c94c00e43fefe9121ac5/screenshot - {}
RESULT: {}
COMMAND: POST /session/c9b3453a2097c94c00e43fefe9121ac5/execute/async - {"script":"<script> [1562 bytes]","args":[{"selector":{"controlType":"sap.m.SearchField","properties":{"placeholder":"Search"},"searchOpenDialogs":true,"interaction":{"idSuffix":"I"}},"wdio_ui5_key":"sapm.SearchField{\"placeholder\":\"Search\"}"}]}
RESULT: {"script":"<script> [1562 bytes]","args":[{"selector":{"controlType":"sap.m.SearchField","properties":{"placeholder":"Search"},"searchOpenDialogs":true,"interaction":{"idSuffix":"I"}},"wdio_ui5_key":"sapm.SearchField{\"placeholder\":\"Search\"}"}]}
RESULT: undefined
COMMAND: POST /session/c9b3453a2097c94c00e43fefe9121ac5/execute/async - {"script":"<script> [776 bytes]","args":[{"enterText":"A1-000100-01","selector":{"controlType":"sap.m.SearchField","properties":{"placeholder":"Search"},"searchOpenDialogs":true,"interaction":{"idSuffix":"I"}},"clearTextFirst":true,"interactionType":"ENTER_TEXT"}]}
RESULT: {"script":"<script> [776 bytes]","args":[{"enterText":"A1-000100-01","selector":{"controlType":"sap.m.SearchField","properties":{"placeholder":"Search"},"searchOpenDialogs":true,"interaction":{"idSuffix":"I"}},"clearTextFirst":true,"interactionType":"ENTER_TEXT"}]}
COMMAND: POST /session/c9b3453a2097c94c00e43fefe9121ac5/actions - {"actions":[{"id":"action67","type":"key","parameters":{},"actions":[{"type":"keyDown","value":"î€‡"},{"type":"pause","duration":10},{"type":"keyUp","value":"î€‡"}]}]}
RESULT: {"actions":[{"id":"action67","type":"key","parameters":{},"actions":[{"type":"keyDown","value":"î€‡"},{"type":"pause","duration":10},{"type":"keyUp","value":"î€‡"}]}]}
COMMAND: GET /session/c9b3453a2097c94c00e43fefe9121ac5/screenshot - {}
RESULT: {}
COMMAND: POST /session/c9b3453a2097c94c00e43fefe9121ac5/element - {"using":"xpath","value":"//span[contains(text(), \"Template for ETO-Process\")]"}
RESULT: {"using":"xpath","value":"//span[contains(text(), \"Template for ETO-Process\")]"}
COMMAND: POST /session/c9b3453a2097c94c00e43fefe9121ac5/element/f.95D136BDD403266D18DB82FBE1F0ED89.d.49E617651E3F8D81B682E5197C9596D5.e.13032/click - {}
RESULT: {}
COMMAND: GET /session/c9b3453a2097c94c00e43fefe9121ac5/screenshot - {}
RESULT: {}
COMMAND: POST /session/c9b3453a2097c94c00e43fefe9121ac5/element - {"using":"xpath","value":"//bdi[contains(text(), \"OK\")]"}
RESULT: {"using":"xpath","value":"//bdi[contains(text(), \"OK\")]"}
COMMAND: POST /session/c9b3453a2097c94c00e43fefe9121ac5/element/f.95D136BDD403266D18DB82FBE1F0ED89.d.49E617651E3F8D81B682E5197C9596D5.e.13033/click - {}
RESULT: {}
COMMAND: GET /session/c9b3453a2097c94c00e43fefe9121ac5/screenshot - {}
RESULT: {}
COMMAND: POST /session/c9b3453a2097c94c00e43fefe9121ac5/element - {"using":"xpath","value":"//input[@id=\"application-managesites-display-component---NewSite--addressDetailDetailsYard-inner\"]"}
RESULT: {"using":"xpath","value":"//input[@id=\"application-managesites-display-component---NewSite--addressDetailDetailsYard-inner\"]"}
COMMAND: POST /session/c9b3453a2097c94c00e43fefe9121ac5/element/f.95D136BDD403266D18DB82FBE1F0ED89.d.49E617651E3F8D81B682E5197C9596D5.e.12808/value - {"text":"WebdriverYarda0k98"}
RESULT: {"text":"WebdriverYarda0k98"}
COMMAND: GET /session/c9b3453a2097c94c00e43fefe9121ac5/screenshot - {}
RESULT: {}
COMMAND: POST /session/c9b3453a2097c94c00e43fefe9121ac5/actions - {"actions":[{"id":"action68","type":"key","parameters":{},"actions":[{"type":"keyDown","value":"î€‡"},{"type":"pause","duration":10},{"type":"keyUp","value":"î€‡"}]}]}
RESULT: {"actions":[{"id":"action68","type":"key","parameters":{},"actions":[{"type":"keyDown","value":"î€‡"},{"type":"pause","duration":10},{"type":"keyUp","value":"î€‡"}]}]}
COMMAND: GET /session/c9b3453a2097c94c00e43fefe9121ac5/screenshot - {}
RESULT: {}
COMMAND: POST /session/c9b3453a2097c94c00e43fefe9121ac5/element - {"using":"xpath","value":"//input[@id=\"application-managesites-display-component---NewSite--addressDetailDetailsPartner-inner\"]"}
RESULT: {"using":"xpath","value":"//input[@id=\"application-managesites-display-component---NewSite--addressDetailDetailsPartner-inner\"]"}
COMMAND: POST /session/c9b3453a2097c94c00e43fefe9121ac5/elements - {"using":"xpath","value":"//input[@id=\"application-managesites-display-component---NewSite--addressDetailDetailsPartner-inner\"]"}
RESULT: {"using":"xpath","value":"//input[@id=\"application-managesites-display-component---NewSite--addressDetailDetailsPartner-inner\"]"}
COMMAND: POST /session/c9b3453a2097c94c00e43fefe9121ac5/execute/async - {"script":"<script> [1562 bytes]","args":[{"selector":{"controlType":"sap.m.Button","viewName":"etm.portal.ui.managesites.view.NewSmartSite","viewId":"application-managesites-display-component---NewSite","properties":{"text":"Commercial"},"interaction":{"idSuffix":"BDI-content"}},"wdio_ui5_key":"etmportal.ui.managesites.view.NewSmartSitesap.m.Button{\"text\":\"Commercial\"}"}]}
RESULT: {"script":"<script> [1562 bytes]","args":[{"selector":{"controlType":"sap.m.Button","viewName":"etm.portal.ui.managesites.view.NewSmartSite","viewId":"application-managesites-display-component---NewSite","properties":{"text":"Commercial"},"interaction":{"idSuffix":"BDI-content"}},"wdio_ui5_key":"etmportal.ui.managesites.view.NewSmartSitesap.m.Button{\"text\":\"Commercial\"}"}]}
RESULT: undefined
COMMAND: POST /session/c9b3453a2097c94c00e43fefe9121ac5/element - {"using":"xpath","value":"//*[@id=\"application-managesites-display-component---NewSite--ObjectPageLayout-anchBar-__section29-anchor\"]"}
RESULT: {"using":"xpath","value":"//*[@id=\"application-managesites-display-component---NewSite--ObjectPageLayout-anchBar-__section29-anchor\"]"}
COMMAND: POST /session/c9b3453a2097c94c00e43fefe9121ac5/element/f.95D136BDD403266D18DB82FBE1F0ED89.d.49E617651E3F8D81B682E5197C9596D5.e.13040/click - {}
RESULT: {}
COMMAND: POST /session/c9b3453a2097c94c00e43fefe9121ac5/execute/async - {"script":"<script> [1562 bytes]","args":[{"selector":{"controlType":"sap.m.Button","viewName":"etm.portal.ui.managesites.view.NewSmartSite","viewId":"application-managesites-display-component---NewSite","i18NText":{"propertyName":"text","key":"save"},"interaction":{"idSuffix":"BDI-content"}},"wdio_ui5_key":"etmportal.ui.managesites.view.NewSmartSitesap.m.Button{\"propertyName\":\"text\",\"key\":\"save\"}"}]}
COMMAND: GET /session/c9b3453a2097c94c00e43fefe9121ac5/screenshot - {}
RESULT: {"script":"<script> [1562 bytes]","args":[{"selector":{"controlType":"sap.m.Button","viewName":"etm.portal.ui.managesites.view.NewSmartSite","viewId":"application-managesites-display-component---NewSite","i18NText":{"propertyName":"text","key":"save"},"interaction":{"idSuffix":"BDI-content"}},"wdio_ui5_key":"etmportal.ui.managesites.view.NewSmartSitesap.m.Button{\"propertyName\":\"text\",\"key\":\"save\"}"}]}
RESULT: undefined
COMMAND: POST /session/c9b3453a2097c94c00e43fefe9121ac5/element - {"using":"xpath","value":"//*[@id=\"__button60\"]"}
RESULT: {}
RESULT: {"using":"xpath","value":"//*[@id=\"__button60\"]"}
COMMAND: POST /session/c9b3453a2097c94c00e43fefe9121ac5/element/f.95D136BDD403266D18DB82FBE1F0ED89.d.49E617651E3F8D81B682E5197C9596D5.e.12961/click - {}
RESULT: {}
COMMAND: GET /session/c9b3453a2097c94c00e43fefe9121ac5/screenshot - {}
RESULT: {}
COMMAND: POST /session/c9b3453a2097c94c00e43fefe9121ac5/execute/async - {"script":"<script> [1562 bytes]","args":[{"selector":{"id":"application-managesites-display-component---detailSite--addressDetailDetailsYardText"},"wdio_ui5_key":"applicationmanagesites-display-component---detailSite--addressDetailDetailsYardText"}]}
RESULT: {"script":"<script> [1562 bytes]","args":[{"selector":{"id":"application-managesites-display-component---detailSite--addressDetailDetailsYardText"},"wdio_ui5_key":"applicationmanagesites-display-component---detailSite--addressDetailDetailsYardText"}]}
RESULT: undefined
COMMAND: POST /session/c9b3453a2097c94c00e43fefe9121ac5/element - {"using":"xpath","value":"//header/div/div[2]/div[2]/span"}
RESULT: {"using":"xpath","value":"//header/div/div[2]/div[2]/span"}
COMMAND: GET /session/c9b3453a2097c94c00e43fefe9121ac5/element/f.95D136BDD403266D18DB82FBE1F0ED89.d.49E617651E3F8D81B682E5197C9596D5.e.13248/text - {}
RESULT: {}
COMMAND: POST /session/c9b3453a2097c94c00e43fefe9121ac5/element - {"using":"xpath","value":"//header/div/div/div/div/div/div[2]/div/span"}
RESULT: {"using":"xpath","value":"//header/div/div/div/div/div/div[2]/div/span"}
COMMAND: GET /session/c9b3453a2097c94c00e43fefe9121ac5/element/f.95D136BDD403266D18DB82FBE1F0ED89.d.49E617651E3F8D81B682E5197C9596D5.e.13249/text - {}
RESULT: {}
COMMAND: POST /session/c9b3453a2097c94c00e43fefe9121ac5/element - {"using":"css selector","value":"#shell-header-logo"}
RESULT: {"using":"css selector","value":"#shell-header-logo"}
COMMAND: POST /session/c9b3453a2097c94c00e43fefe9121ac5/element/f.95D136BDD403266D18DB82FBE1F0ED89.d.49E617651E3F8D81B682E5197C9596D5.e.12565/click - {}
RESULT: {}
COMMAND: GET /session/c9b3453a2097c94c00e43fefe9121ac5/screenshot - {}
RESULT: {}
]]></system-out>
    </testcase>
    <testcase classname="chrome.136_0_7103_93.windows.E2E_-_Logistical_and_commercial_statuses" name="It should stock increase the resource" time="252.054">
      <system-out><![CDATA[
COMMAND: POST /session/c9b3453a2097c94c00e43fefe9121ac5/execute/async - {"script":"<script> [1562 bytes]","args":[{"selector":{"controlType":"sap.m.GenericTile","properties":{"header":"Manage Resources"}},"wdio_ui5_key":"sapm.GenericTile{\"header\":\"Manage Resources\"}"}]}
RESULT: {"script":"<script> [1562 bytes]","args":[{"selector":{"controlType":"sap.m.GenericTile","properties":{"header":"Manage Resources"}},"wdio_ui5_key":"sapm.GenericTile{\"header\":\"Manage Resources\"}"}]}
RESULT: undefined
COMMAND: POST /session/c9b3453a2097c94c00e43fefe9121ac5/element - {"using":"xpath","value":"//*[@id=\"__tile39\"]"}
RESULT: {"using":"xpath","value":"//*[@id=\"__tile39\"]"}
COMMAND: POST /session/c9b3453a2097c94c00e43fefe9121ac5/element/f.95D136BDD403266D18DB82FBE1F0ED89.d.49E617651E3F8D81B682E5197C9596D5.e.13251/click - {}
RESULT: {}
COMMAND: GET /session/c9b3453a2097c94c00e43fefe9121ac5/screenshot - {}
RESULT: {}
COMMAND: POST /session/c9b3453a2097c94c00e43fefe9121ac5/elements - {"using":"xpath","value":"//span[text()='Error']"}
RESULT: {"using":"xpath","value":"//span[text()='Error']"}
COMMAND: POST /session/c9b3453a2097c94c00e43fefe9121ac5/element - {"using":"xpath","value":"//button[@data-kt=\"addNewRUOverflowToolbarButton\"]"}
RESULT: {"using":"xpath","value":"//button[@data-kt=\"addNewRUOverflowToolbarButton\"]"}
COMMAND: POST /session/c9b3453a2097c94c00e43fefe9121ac5/execute/sync - {"script":"<script> [8489 bytes]","args":[{"element-6066-11e4-a52e-4f735466cecf":"f.95D136BDD403266D18DB82FBE1F0ED89.d.49E617651E3F8D81B682E5197C9596D5.e.13292","ELEMENT":"f.95D136BDD403266D18DB82FBE1F0ED89.d.49E617651E3F8D81B682E5197C9596D5.e.13292"}]}
RESULT: {"script":"<script> [8489 bytes]","args":[{"element-6066-11e4-a52e-4f735466cecf":"f.95D136BDD403266D18DB82FBE1F0ED89.d.49E617651E3F8D81B682E5197C9596D5.e.13292","ELEMENT":"f.95D136BDD403266D18DB82FBE1F0ED89.d.49E617651E3F8D81B682E5197C9596D5.e.13292"}]}
COMMAND: POST /session/c9b3453a2097c94c00e43fefe9121ac5/element/f.95D136BDD403266D18DB82FBE1F0ED89.d.49E617651E3F8D81B682E5197C9596D5.e.13292/click - {}
COMMAND: GET /session/c9b3453a2097c94c00e43fefe9121ac5/screenshot - {}
RESULT: {}
COMMAND: POST /session/c9b3453a2097c94c00e43fefe9121ac5/execute/async - {"script":"<script> [1562 bytes]","args":[{"selector":{"id":"application-manageresources-display-component---newResourceUnit--TYPE-arrow"},"wdio_ui5_key":"applicationmanageresources-display-component---newResourceUnit--TYPE-arrow"}]}
COMMAND: GET /session/c9b3453a2097c94c00e43fefe9121ac5/screenshot - {}
RESULT: {}
RESULT: {"script":"<script> [1562 bytes]","args":[{"selector":{"id":"application-manageresources-display-component---newResourceUnit--TYPE-arrow"},"wdio_ui5_key":"applicationmanageresources-display-component---newResourceUnit--TYPE-arrow"}]}
RESULT: undefined
COMMAND: POST /session/c9b3453a2097c94c00e43fefe9121ac5/element - {"using":"xpath","value":"//*[@id=\"application-manageresources-display-component---newResourceUnit--TYPE-arrow\"]"}
RESULT: {}
RESULT: {"using":"xpath","value":"//*[@id=\"application-manageresources-display-component---newResourceUnit--TYPE-arrow\"]"}
COMMAND: POST /session/c9b3453a2097c94c00e43fefe9121ac5/element/f.95D136BDD403266D18DB82FBE1F0ED89.d.49E617651E3F8D81B682E5197C9596D5.e.13608/click - {}
RESULT: {}
COMMAND: POST /session/c9b3453a2097c94c00e43fefe9121ac5/execute/async - {"script":"<script> [1562 bytes]","args":[{"selector":{"controlType":"sap.m.StandardListItem","viewName":"reusables.view.manageresources.NewResourceUnit","viewId":"application-manageresources-display-component---newResourceUnit","properties":{"title":"Material"},"searchOpenDialogs":true,"interaction":{"idSuffix":"titleText"}},"wdio_ui5_key":"reusablesview.manageresources.NewResourceUnitsap.m.StandardListItem{\"title\":\"Material\"}"}]}
COMMAND: GET /session/c9b3453a2097c94c00e43fefe9121ac5/screenshot - {}
RESULT: {"script":"<script> [1562 bytes]","args":[{"selector":{"controlType":"sap.m.StandardListItem","viewName":"reusables.view.manageresources.NewResourceUnit","viewId":"application-manageresources-display-component---newResourceUnit","properties":{"title":"Material"},"searchOpenDialogs":true,"interaction":{"idSuffix":"titleText"}},"wdio_ui5_key":"reusablesview.manageresources.NewResourceUnitsap.m.StandardListItem{\"title\":\"Material\"}"}]}
RESULT: undefined
COMMAND: POST /session/c9b3453a2097c94c00e43fefe9121ac5/element - {"using":"xpath","value":"//*[@id=\"__item977\"]"}
RESULT: {}
RESULT: {"using":"xpath","value":"//*[@id=\"__item977\"]"}
COMMAND: POST /session/c9b3453a2097c94c00e43fefe9121ac5/element/f.95D136BDD403266D18DB82FBE1F0ED89.d.49E617651E3F8D81B682E5197C9596D5.e.13611/click - {}
RESULT: {}
COMMAND: POST /session/c9b3453a2097c94c00e43fefe9121ac5/execute/async - {"script":"<script> [1562 bytes]","args":[{"selector":{"id":"application-manageresources-display-component---newResourceUnit--SHORT_TEXT","interaction":{"idSuffix":"inner"}},"wdio_ui5_key":"applicationmanageresources-display-component---newResourceUnit--SHORT_TEXT"}]}
COMMAND: GET /session/c9b3453a2097c94c00e43fefe9121ac5/screenshot - {}
RESULT: {"script":"<script> [1562 bytes]","args":[{"selector":{"id":"application-manageresources-display-component---newResourceUnit--SHORT_TEXT","interaction":{"idSuffix":"inner"}},"wdio_ui5_key":"applicationmanageresources-display-component---newResourceUnit--SHORT_TEXT"}]}
RESULT: undefined
COMMAND: POST /session/c9b3453a2097c94c00e43fefe9121ac5/execute/async - {"script":"<script> [776 bytes]","args":[{"enterText":"WebdriverRUR2Cyh9kr","selector":{"id":"application-manageresources-display-component---newResourceUnit--SHORT_TEXT","interaction":{"idSuffix":"inner"}},"clearTextFirst":true,"interactionType":"ENTER_TEXT"}]}
RESULT: {}
RESULT: {"script":"<script> [776 bytes]","args":[{"enterText":"WebdriverRUR2Cyh9kr","selector":{"id":"application-manageresources-display-component---newResourceUnit--SHORT_TEXT","interaction":{"idSuffix":"inner"}},"clearTextFirst":true,"interactionType":"ENTER_TEXT"}]}
COMMAND: POST /session/c9b3453a2097c94c00e43fefe9121ac5/execute/async - {"script":"<script> [1562 bytes]","args":[{"selector":{"id":"application-manageresources-display-component---newResourceUnit--BASE_UNIT_OF_MEASURE-arrow"},"wdio_ui5_key":"applicationmanageresources-display-component---newResourceUnit--BASE_UNIT_OF_MEASURE-arrow"}]}
RESULT: {"script":"<script> [1562 bytes]","args":[{"selector":{"id":"application-manageresources-display-component---newResourceUnit--BASE_UNIT_OF_MEASURE-arrow"},"wdio_ui5_key":"applicationmanageresources-display-component---newResourceUnit--BASE_UNIT_OF_MEASURE-arrow"}]}
RESULT: undefined
COMMAND: POST /session/c9b3453a2097c94c00e43fefe9121ac5/element - {"using":"xpath","value":"//*[@id=\"application-manageresources-display-component---newResourceUnit--BASE_UNIT_OF_MEASURE-arrow\"]"}
RESULT: {"using":"xpath","value":"//*[@id=\"application-manageresources-display-component---newResourceUnit--BASE_UNIT_OF_MEASURE-arrow\"]"}
COMMAND: POST /session/c9b3453a2097c94c00e43fefe9121ac5/element/f.95D136BDD403266D18DB82FBE1F0ED89.d.49E617651E3F8D81B682E5197C9596D5.e.13665/click - {}
RESULT: {}
COMMAND: POST /session/c9b3453a2097c94c00e43fefe9121ac5/execute/async - {"script":"<script> [1562 bytes]","args":[{"selector":{"controlType":"sap.m.StandardListItem","viewName":"reusables.view.manageresources.NewResourceUnit","viewId":"application-manageresources-display-component---newResourceUnit","properties":{"title":"Piece"},"searchOpenDialogs":true,"interaction":{"idSuffix":"titleText"}},"wdio_ui5_key":"reusablesview.manageresources.NewResourceUnitsap.m.StandardListItem{\"title\":\"Piece\"}"}]}
COMMAND: GET /session/c9b3453a2097c94c00e43fefe9121ac5/screenshot - {}
RESULT: {"script":"<script> [1562 bytes]","args":[{"selector":{"controlType":"sap.m.StandardListItem","viewName":"reusables.view.manageresources.NewResourceUnit","viewId":"application-manageresources-display-component---newResourceUnit","properties":{"title":"Piece"},"searchOpenDialogs":true,"interaction":{"idSuffix":"titleText"}},"wdio_ui5_key":"reusablesview.manageresources.NewResourceUnitsap.m.StandardListItem{\"title\":\"Piece\"}"}]}
RESULT: undefined
COMMAND: POST /session/c9b3453a2097c94c00e43fefe9121ac5/element - {"using":"xpath","value":"//*[@id=\"__item1019\"]"}
RESULT: {}
RESULT: {"using":"xpath","value":"//*[@id=\"__item1019\"]"}
COMMAND: POST /session/c9b3453a2097c94c00e43fefe9121ac5/element/f.95D136BDD403266D18DB82FBE1F0ED89.d.49E617651E3F8D81B682E5197C9596D5.e.13667/click - {}
RESULT: {}
COMMAND: POST /session/c9b3453a2097c94c00e43fefe9121ac5/element - {"using":"xpath","value":"//input[contains(@id ,\"application-manageresources-display-component---newResourceUnit--SHORT_TEXT-inner\")]"}
COMMAND: GET /session/c9b3453a2097c94c00e43fefe9121ac5/screenshot - {}
RESULT: {"using":"xpath","value":"//input[contains(@id ,\"application-manageresources-display-component---newResourceUnit--SHORT_TEXT-inner\")]"}
COMMAND: GET /session/c9b3453a2097c94c00e43fefe9121ac5/element/f.95D136BDD403266D18DB82FBE1F0ED89.d.49E617651E3F8D81B682E5197C9596D5.e.13628/property/value - {}
RESULT: {}
RESULT: {}
COMMAND: POST /session/c9b3453a2097c94c00e43fefe9121ac5/execute/async - {"script":"<script> [1562 bytes]","args":[{"selector":{"id":"application-manageresources-display-component---newResourceUnit--WEIGHT_UNIT-arrow"},"wdio_ui5_key":"applicationmanageresources-display-component---newResourceUnit--WEIGHT_UNIT-arrow"}]}
COMMAND: GET /session/c9b3453a2097c94c00e43fefe9121ac5/screenshot - {}
RESULT: {"script":"<script> [1562 bytes]","args":[{"selector":{"id":"application-manageresources-display-component---newResourceUnit--WEIGHT_UNIT-arrow"},"wdio_ui5_key":"applicationmanageresources-display-component---newResourceUnit--WEIGHT_UNIT-arrow"}]}
RESULT: undefined
COMMAND: POST /session/c9b3453a2097c94c00e43fefe9121ac5/element - {"using":"xpath","value":"//*[@id=\"application-manageresources-display-component---newResourceUnit--WEIGHT_UNIT-arrow\"]"}
RESULT: {}
RESULT: {"using":"xpath","value":"//*[@id=\"application-manageresources-display-component---newResourceUnit--WEIGHT_UNIT-arrow\"]"}
COMMAND: POST /session/c9b3453a2097c94c00e43fefe9121ac5/element/f.95D136BDD403266D18DB82FBE1F0ED89.d.49E617651E3F8D81B682E5197C9596D5.e.13668/click - {}
RESULT: {}
COMMAND: POST /session/c9b3453a2097c94c00e43fefe9121ac5/execute/async - {"script":"<script> [1562 bytes]","args":[{"selector":{"controlType":"sap.m.StandardListItem","viewName":"reusables.view.manageresources.NewResourceUnit","viewId":"application-manageresources-display-component---newResourceUnit","properties":{"title":"Gram"},"searchOpenDialogs":true,"interaction":{"idSuffix":"content"}},"wdio_ui5_key":"reusablesview.manageresources.NewResourceUnitsap.m.StandardListItem{\"title\":\"Gram\"}"}]}
COMMAND: GET /session/c9b3453a2097c94c00e43fefe9121ac5/screenshot - {}
RESULT: {"script":"<script> [1562 bytes]","args":[{"selector":{"controlType":"sap.m.StandardListItem","viewName":"reusables.view.manageresources.NewResourceUnit","viewId":"application-manageresources-display-component---newResourceUnit","properties":{"title":"Gram"},"searchOpenDialogs":true,"interaction":{"idSuffix":"content"}},"wdio_ui5_key":"reusablesview.manageresources.NewResourceUnitsap.m.StandardListItem{\"title\":\"Gram\"}"}]}
RESULT: undefined
COMMAND: POST /session/c9b3453a2097c94c00e43fefe9121ac5/element - {"using":"xpath","value":"//*[@id=\"__item1084\"]"}
RESULT: {}
RESULT: {"using":"xpath","value":"//*[@id=\"__item1084\"]"}
COMMAND: POST /session/c9b3453a2097c94c00e43fefe9121ac5/element/f.95D136BDD403266D18DB82FBE1F0ED89.d.49E617651E3F8D81B682E5197C9596D5.e.13670/click - {}
RESULT: {}
COMMAND: POST /session/c9b3453a2097c94c00e43fefe9121ac5/execute/async - {"script":"<script> [1562 bytes]","args":[{"selector":{"id":"application-manageresources-display-component---newResourceUnit--newRRUPage-OPHeaderContent-collapseBtn-img"},"wdio_ui5_key":"applicationmanageresources-display-component---newResourceUnit--newRRUPage-OPHeaderContent-collapseBtn-img"}]}
COMMAND: GET /session/c9b3453a2097c94c00e43fefe9121ac5/screenshot - {}
RESULT: {"script":"<script> [1562 bytes]","args":[{"selector":{"id":"application-manageresources-display-component---newResourceUnit--newRRUPage-OPHeaderContent-collapseBtn-img"},"wdio_ui5_key":"applicationmanageresources-display-component---newResourceUnit--newRRUPage-OPHeaderContent-collapseBtn-img"}]}
RESULT: undefined
COMMAND: POST /session/c9b3453a2097c94c00e43fefe9121ac5/element - {"using":"xpath","value":"//*[@id=\"application-manageresources-display-component---newResourceUnit--newRRUPage-OPHeaderContent-collapseBtn-img\"]"}
RESULT: {}
RESULT: {"using":"xpath","value":"//*[@id=\"application-manageresources-display-component---newResourceUnit--newRRUPage-OPHeaderContent-collapseBtn-img\"]"}
COMMAND: POST /session/c9b3453a2097c94c00e43fefe9121ac5/element/f.95D136BDD403266D18DB82FBE1F0ED89.d.49E617651E3F8D81B682E5197C9596D5.e.13618/click - {}
RESULT: {}
COMMAND: GET /session/c9b3453a2097c94c00e43fefe9121ac5/screenshot - {}
RESULT: {}
COMMAND: POST /session/c9b3453a2097c94c00e43fefe9121ac5/element - {"using":"xpath","value":"(//span[contains(@id ,\"application-manageresources-display-component---newResourceUnit--DIMENSION_UNIT-arrow\")])[1]"}
RESULT: {"using":"xpath","value":"(//span[contains(@id ,\"application-manageresources-display-component---newResourceUnit--DIMENSION_UNIT-arrow\")])[1]"}
COMMAND: POST /session/c9b3453a2097c94c00e43fefe9121ac5/element/f.95D136BDD403266D18DB82FBE1F0ED89.d.49E617651E3F8D81B682E5197C9596D5.e.13676/click - {}
RESULT: {}
COMMAND: GET /session/c9b3453a2097c94c00e43fefe9121ac5/screenshot - {}
RESULT: {}
COMMAND: POST /session/c9b3453a2097c94c00e43fefe9121ac5/execute/async - {"script":"<script> [1562 bytes]","args":[{"selector":{"controlType":"sap.m.StandardListItem","viewName":"reusables.view.manageresources.NewResourceUnit","viewId":"application-manageresources-display-component---newResourceUnit","properties":{"title":"Centimeter"},"searchOpenDialogs":true,"interaction":{"idSuffix":"titleText"}},"wdio_ui5_key":"reusablesview.manageresources.NewResourceUnitsap.m.StandardListItem{\"title\":\"Centimeter\"}"}]}
RESULT: {"script":"<script> [1562 bytes]","args":[{"selector":{"controlType":"sap.m.StandardListItem","viewName":"reusables.view.manageresources.NewResourceUnit","viewId":"application-manageresources-display-component---newResourceUnit","properties":{"title":"Centimeter"},"searchOpenDialogs":true,"interaction":{"idSuffix":"titleText"}},"wdio_ui5_key":"reusablesview.manageresources.NewResourceUnitsap.m.StandardListItem{\"title\":\"Centimeter\"}"}]}
RESULT: undefined
COMMAND: POST /session/c9b3453a2097c94c00e43fefe9121ac5/element - {"using":"xpath","value":"//*[@id=\"__item1087\"]"}
RESULT: {"using":"xpath","value":"//*[@id=\"__item1087\"]"}
COMMAND: POST /session/c9b3453a2097c94c00e43fefe9121ac5/element/f.95D136BDD403266D18DB82FBE1F0ED89.d.49E617651E3F8D81B682E5197C9596D5.e.13678/click - {}
RESULT: {}
COMMAND: POST /session/c9b3453a2097c94c00e43fefe9121ac5/execute/async - {"script":"<script> [1562 bytes]","args":[{"selector":{"id":"application-manageresources-display-component---newResourceUnit--newRRUPage-anchBar-application-manageresources-display-component---newResourceUnit--reference-anchor","interaction":{"idSuffix":"BDI-content"}},"wdio_ui5_key":"applicationmanageresources-display-component---newResourceUnit--newRRUPage-anchBar-application-manageresources-display-component---newResourceUnit--reference-anchor"}]}
COMMAND: GET /session/c9b3453a2097c94c00e43fefe9121ac5/screenshot - {}
RESULT: {"script":"<script> [1562 bytes]","args":[{"selector":{"id":"application-manageresources-display-component---newResourceUnit--newRRUPage-anchBar-application-manageresources-display-component---newResourceUnit--reference-anchor","interaction":{"idSuffix":"BDI-content"}},"wdio_ui5_key":"applicationmanageresources-display-component---newResourceUnit--newRRUPage-anchBar-application-manageresources-display-component---newResourceUnit--reference-anchor"}]}
RESULT: undefined
COMMAND: POST /session/c9b3453a2097c94c00e43fefe9121ac5/element - {"using":"xpath","value":"//*[@id=\"application-manageresources-display-component---newResourceUnit--newRRUPage-anchBar-application-manageresources-display-component---newResourceUnit--reference-anchor\"]"}
RESULT: {}
RESULT: {"using":"xpath","value":"//*[@id=\"application-manageresources-display-component---newResourceUnit--newRRUPage-anchBar-application-manageresources-display-component---newResourceUnit--reference-anchor\"]"}
COMMAND: POST /session/c9b3453a2097c94c00e43fefe9121ac5/element/f.95D136BDD403266D18DB82FBE1F0ED89.d.49E617651E3F8D81B682E5197C9596D5.e.13680/click - {}
RESULT: {}
COMMAND: POST /session/c9b3453a2097c94c00e43fefe9121ac5/execute/async - {"script":"<script> [1562 bytes]","args":[{"selector":{"id":"application-manageresources-display-component---newResourceUnit--PLANNING_GROUP-arrow"},"wdio_ui5_key":"applicationmanageresources-display-component---newResourceUnit--PLANNING_GROUP-arrow"}]}
COMMAND: GET /session/c9b3453a2097c94c00e43fefe9121ac5/screenshot - {}
RESULT: {"script":"<script> [1562 bytes]","args":[{"selector":{"id":"application-manageresources-display-component---newResourceUnit--PLANNING_GROUP-arrow"},"wdio_ui5_key":"applicationmanageresources-display-component---newResourceUnit--PLANNING_GROUP-arrow"}]}
RESULT: undefined
COMMAND: POST /session/c9b3453a2097c94c00e43fefe9121ac5/element - {"using":"xpath","value":"//*[@id=\"application-manageresources-display-component---newResourceUnit--PLANNING_GROUP-arrow\"]"}
RESULT: {}
RESULT: {"using":"xpath","value":"//*[@id=\"application-manageresources-display-component---newResourceUnit--PLANNING_GROUP-arrow\"]"}
COMMAND: POST /session/c9b3453a2097c94c00e43fefe9121ac5/element/f.95D136BDD403266D18DB82FBE1F0ED89.d.49E617651E3F8D81B682E5197C9596D5.e.13684/click - {}
RESULT: {}
COMMAND: POST /session/c9b3453a2097c94c00e43fefe9121ac5/execute/async - {"script":"<script> [1562 bytes]","args":[{"selector":{"controlType":"sap.m.StandardListItem","viewName":"reusables.view.manageresources.NewResourceUnit","viewId":"application-manageresources-display-component---newResourceUnit","properties":{"title":"Heavy Equi"},"searchOpenDialogs":true,"interaction":{"idSuffix":"content"}},"wdio_ui5_key":"reusablesview.manageresources.NewResourceUnitsap.m.StandardListItem{\"title\":\"Heavy Equi\"}"}]}
COMMAND: GET /session/c9b3453a2097c94c00e43fefe9121ac5/screenshot - {}
RESULT: {"script":"<script> [1562 bytes]","args":[{"selector":{"controlType":"sap.m.StandardListItem","viewName":"reusables.view.manageresources.NewResourceUnit","viewId":"application-manageresources-display-component---newResourceUnit","properties":{"title":"Heavy Equi"},"searchOpenDialogs":true,"interaction":{"idSuffix":"content"}},"wdio_ui5_key":"reusablesview.manageresources.NewResourceUnitsap.m.StandardListItem{\"title\":\"Heavy Equi\"}"}]}
RESULT: undefined
COMMAND: POST /session/c9b3453a2097c94c00e43fefe9121ac5/element - {"using":"xpath","value":"//*[@id=\"__item1095\"]"}
RESULT: {}
RESULT: {"using":"xpath","value":"//*[@id=\"__item1095\"]"}
COMMAND: POST /session/c9b3453a2097c94c00e43fefe9121ac5/element/f.95D136BDD403266D18DB82FBE1F0ED89.d.49E617651E3F8D81B682E5197C9596D5.e.13686/click - {}
RESULT: {}
COMMAND: GET /session/c9b3453a2097c94c00e43fefe9121ac5/screenshot - {}
RESULT: {}
COMMAND: POST /session/c9b3453a2097c94c00e43fefe9121ac5/execute/async - {"script":"<script> [1562 bytes]","args":[{"selector":{"id":"application-manageresources-display-component---newResourceUnit--PLANNING_INDICATOR-arrow"},"wdio_ui5_key":"applicationmanageresources-display-component---newResourceUnit--PLANNING_INDICATOR-arrow"}]}
RESULT: {"script":"<script> [1562 bytes]","args":[{"selector":{"id":"application-manageresources-display-component---newResourceUnit--PLANNING_INDICATOR-arrow"},"wdio_ui5_key":"applicationmanageresources-display-component---newResourceUnit--PLANNING_INDICATOR-arrow"}]}
RESULT: undefined
COMMAND: POST /session/c9b3453a2097c94c00e43fefe9121ac5/element - {"using":"xpath","value":"//*[@id=\"application-manageresources-display-component---newResourceUnit--PLANNING_INDICATOR-arrow\"]"}
RESULT: {"using":"xpath","value":"//*[@id=\"application-manageresources-display-component---newResourceUnit--PLANNING_INDICATOR-arrow\"]"}
COMMAND: POST /session/c9b3453a2097c94c00e43fefe9121ac5/element/f.95D136BDD403266D18DB82FBE1F0ED89.d.49E617651E3F8D81B682E5197C9596D5.e.13687/click - {}
RESULT: {}
COMMAND: POST /session/c9b3453a2097c94c00e43fefe9121ac5/execute/async - {"script":"<script> [1562 bytes]","args":[{"selector":{"controlType":"sap.m.StandardListItem","viewName":"reusables.view.manageresources.NewResourceUnit","viewId":"application-manageresources-display-component---newResourceUnit","properties":{"title":"10 - infinite"},"searchOpenDialogs":true,"interaction":{"idSuffix":"content"}},"wdio_ui5_key":"reusablesview.manageresources.NewResourceUnitsap.m.StandardListItem{\"title\":\"10 - infinite\"}"}]}
COMMAND: GET /session/c9b3453a2097c94c00e43fefe9121ac5/screenshot - {}
RESULT: {"script":"<script> [1562 bytes]","args":[{"selector":{"controlType":"sap.m.StandardListItem","viewName":"reusables.view.manageresources.NewResourceUnit","viewId":"application-manageresources-display-component---newResourceUnit","properties":{"title":"10 - infinite"},"searchOpenDialogs":true,"interaction":{"idSuffix":"content"}},"wdio_ui5_key":"reusablesview.manageresources.NewResourceUnitsap.m.StandardListItem{\"title\":\"10 - infinite\"}"}]}
RESULT: undefined
COMMAND: POST /session/c9b3453a2097c94c00e43fefe9121ac5/element - {"using":"xpath","value":"//*[@id=\"__item1105\"]"}
RESULT: {}
RESULT: {"using":"xpath","value":"//*[@id=\"__item1105\"]"}
COMMAND: POST /session/c9b3453a2097c94c00e43fefe9121ac5/element/f.95D136BDD403266D18DB82FBE1F0ED89.d.49E617651E3F8D81B682E5197C9596D5.e.13689/click - {}
RESULT: {}
COMMAND: GET /session/c9b3453a2097c94c00e43fefe9121ac5/screenshot - {}
RESULT: {}
COMMAND: POST /session/c9b3453a2097c94c00e43fefe9121ac5/element - {"using":"xpath","value":"//bdi[contains(text(), \"Time Segment\")]"}
RESULT: {"using":"xpath","value":"//bdi[contains(text(), \"Time Segment\")]"}
COMMAND: GET /session/c9b3453a2097c94c00e43fefe9121ac5/element/f.95D136BDD403266D18DB82FBE1F0ED89.d.49E617651E3F8D81B682E5197C9596D5.e.13690/rect - {}
RESULT: {}
COMMAND: GET /session/c9b3453a2097c94c00e43fefe9121ac5/window/rect - {}
RESULT: {}
COMMAND: POST /session/c9b3453a2097c94c00e43fefe9121ac5/execute/sync - {"script":"<script> [92 bytes]","args":[]}
RESULT: {"script":"<script> [92 bytes]","args":[]}
COMMAND: POST /session/c9b3453a2097c94c00e43fefe9121ac5/actions - {"actions":[{"id":"action69","type":"wheel","parameters":{},"actions":[{"type":"scroll","x":-1820,"y":-21,"deltaX":0,"deltaY":0,"duration":0,"origin":{"element-6066-11e4-a52e-4f735466cecf":"f.95D136BDD403266D18DB82FBE1F0ED89.d.49E617651E3F8D81B682E5197C9596D5.e.13690"}}]}]}
COMMAND: GET /session/c9b3453a2097c94c00e43fefe9121ac5/screenshot - {}
RESULT: {}
COMMAND: POST /session/c9b3453a2097c94c00e43fefe9121ac5/execute/sync - {"script":"<script> [79 bytes]","args":[{"element-6066-11e4-a52e-4f735466cecf":"f.95D136BDD403266D18DB82FBE1F0ED89.d.49E617651E3F8D81B682E5197C9596D5.e.13690","ELEMENT":"f.95D136BDD403266D18DB82FBE1F0ED89.d.49E617651E3F8D81B682E5197C9596D5.e.13690"},{"block":"start","inline":"nearest"}]}
RESULT: {"script":"<script> [79 bytes]","args":[{"element-6066-11e4-a52e-4f735466cecf":"f.95D136BDD403266D18DB82FBE1F0ED89.d.49E617651E3F8D81B682E5197C9596D5.e.13690","ELEMENT":"f.95D136BDD403266D18DB82FBE1F0ED89.d.49E617651E3F8D81B682E5197C9596D5.e.13690"},{"block":"start","inline":"nearest"}]}
COMMAND: GET /session/c9b3453a2097c94c00e43fefe9121ac5/screenshot - {}
RESULT: {}
COMMAND: POST /session/c9b3453a2097c94c00e43fefe9121ac5/element - {"using":"xpath","value":"//span[@id=\"application-manageresources-display-component---newResourceUnit--btnAddTimeSegment-img\"]"}
RESULT: {"using":"xpath","value":"//span[@id=\"application-manageresources-display-component---newResourceUnit--btnAddTimeSegment-img\"]"}
COMMAND: POST /session/c9b3453a2097c94c00e43fefe9121ac5/execute/sync - {"script":"<script> [8489 bytes]","args":[{"element-6066-11e4-a52e-4f735466cecf":"f.95D136BDD403266D18DB82FBE1F0ED89.d.49E617651E3F8D81B682E5197C9596D5.e.13693","ELEMENT":"f.95D136BDD403266D18DB82FBE1F0ED89.d.49E617651E3F8D81B682E5197C9596D5.e.13693"}]}
RESULT: {"script":"<script> [8489 bytes]","args":[{"element-6066-11e4-a52e-4f735466cecf":"f.95D136BDD403266D18DB82FBE1F0ED89.d.49E617651E3F8D81B682E5197C9596D5.e.13693","ELEMENT":"f.95D136BDD403266D18DB82FBE1F0ED89.d.49E617651E3F8D81B682E5197C9596D5.e.13693"}]}
COMMAND: POST /session/c9b3453a2097c94c00e43fefe9121ac5/element/f.95D136BDD403266D18DB82FBE1F0ED89.d.49E617651E3F8D81B682E5197C9596D5.e.13693/click - {}
COMMAND: GET /session/c9b3453a2097c94c00e43fefe9121ac5/screenshot - {}
RESULT: {}
COMMAND: GET /session/c9b3453a2097c94c00e43fefe9121ac5/screenshot - {}
COMMAND: POST /session/c9b3453a2097c94c00e43fefe9121ac5/element - {"using":"xpath","value":"//input[@id=\"application-manageresources-display-component---newResourceUnit--idRuTSAdmin-application-manageresources-display-component---newResourceUnit--RUTimeSegment-0-inner\"]"}
RESULT: {}
RESULT: {}
RESULT: {"using":"xpath","value":"//input[@id=\"application-manageresources-display-component---newResourceUnit--idRuTSAdmin-application-manageresources-display-component---newResourceUnit--RUTimeSegment-0-inner\"]"}
COMMAND: POST /session/c9b3453a2097c94c00e43fefe9121ac5/element/f.95D136BDD403266D18DB82FBE1F0ED89.d.49E617651E3F8D81B682E5197C9596D5.e.13696/clear - {}
RESULT: {}
COMMAND: POST /session/c9b3453a2097c94c00e43fefe9121ac5/element/f.95D136BDD403266D18DB82FBE1F0ED89.d.49E617651E3F8D81B682E5197C9596D5.e.13696/value - {"text":"WebdriverYarda0k98"}
COMMAND: GET /session/c9b3453a2097c94c00e43fefe9121ac5/screenshot - {}
RESULT: {"text":"WebdriverYarda0k98"}
COMMAND: GET /session/c9b3453a2097c94c00e43fefe9121ac5/screenshot - {}
RESULT: {}
RESULT: {}
COMMAND: POST /session/c9b3453a2097c94c00e43fefe9121ac5/actions - {"actions":[{"id":"action70","type":"key","parameters":{},"actions":[{"type":"keyDown","value":"î€‡"},{"type":"pause","duration":10},{"type":"keyUp","value":"î€‡"}]}]}
RESULT: {"actions":[{"id":"action70","type":"key","parameters":{},"actions":[{"type":"keyDown","value":"î€‡"},{"type":"pause","duration":10},{"type":"keyUp","value":"î€‡"}]}]}
COMMAND: GET /session/c9b3453a2097c94c00e43fefe9121ac5/screenshot - {}
RESULT: {}
COMMAND: POST /session/c9b3453a2097c94c00e43fefe9121ac5/execute/async - {"script":"<script> [1562 bytes]","args":[{"selector":{"controlType":"sap.m.Button","viewName":"reusables.view.manageresources.NewResourceUnit","viewId":"application-manageresources-display-component---newResourceUnit","i18NText":{"propertyName":"tooltip","key":"save"},"interaction":{"idSuffix":"BDI-content"}},"wdio_ui5_key":"reusablesview.manageresources.NewResourceUnitsap.m.Button{\"propertyName\":\"tooltip\",\"key\":\"save\"}"}]}
RESULT: {"script":"<script> [1562 bytes]","args":[{"selector":{"controlType":"sap.m.Button","viewName":"reusables.view.manageresources.NewResourceUnit","viewId":"application-manageresources-display-component---newResourceUnit","i18NText":{"propertyName":"tooltip","key":"save"},"interaction":{"idSuffix":"BDI-content"}},"wdio_ui5_key":"reusablesview.manageresources.NewResourceUnitsap.m.Button{\"propertyName\":\"tooltip\",\"key\":\"save\"}"}]}
RESULT: undefined
COMMAND: POST /session/c9b3453a2097c94c00e43fefe9121ac5/element - {"using":"xpath","value":"//*[@id=\"application-manageresources-display-component---newResourceUnit--createRuButton\"]"}
RESULT: {"using":"xpath","value":"//*[@id=\"application-manageresources-display-component---newResourceUnit--createRuButton\"]"}
COMMAND: POST /session/c9b3453a2097c94c00e43fefe9121ac5/element/f.95D136BDD403266D18DB82FBE1F0ED89.d.49E617651E3F8D81B682E5197C9596D5.e.13624/click - {}
RESULT: {}
COMMAND: GET /session/c9b3453a2097c94c00e43fefe9121ac5/screenshot - {}
RESULT: {}
COMMAND: POST /session/c9b3453a2097c94c00e43fefe9121ac5/execute/async - {"script":"<script> [1562 bytes]","args":[{"selector":{"controlType":"sap.m.Title","properties":{"text":"Success"},"searchOpenDialogs":true},"wdio_ui5_key":"sapm.Title{\"text\":\"Success\"}"}]}
RESULT: {"script":"<script> [1562 bytes]","args":[{"selector":{"controlType":"sap.m.Title","properties":{"text":"Success"},"searchOpenDialogs":true},"wdio_ui5_key":"sapm.Title{\"text\":\"Success\"}"}]}
RESULT: undefined
COMMAND: POST /session/c9b3453a2097c94c00e43fefe9121ac5/execute/async - {"script":"<script> [6424 bytes]","args":[{"element-6066-11e4-a52e-4f735466cecf":"f.95D136BDD403266D18DB82FBE1F0ED89.d.49E617651E3F8D81B682E5197C9596D5.e.13709"},"getText",[]]}
RESULT: {"script":"<script> [6424 bytes]","args":[{"element-6066-11e4-a52e-4f735466cecf":"f.95D136BDD403266D18DB82FBE1F0ED89.d.49E617651E3F8D81B682E5197C9596D5.e.13709"},"getText",[]]}
COMMAND: POST /session/c9b3453a2097c94c00e43fefe9121ac5/element - {"using":"xpath","value":"//*[contains(@id, '__text') and (contains(text(), 'successfully created') or contains(., 'successfully created'))]"}
RESULT: {"using":"xpath","value":"//*[contains(@id, '__text') and (contains(text(), 'successfully created') or contains(., 'successfully created'))]"}
COMMAND: GET /session/c9b3453a2097c94c00e43fefe9121ac5/element/f.95D136BDD403266D18DB82FBE1F0ED89.d.49E617651E3F8D81B682E5197C9596D5.e.13707/text - {}
RESULT: {}
COMMAND: POST /session/c9b3453a2097c94c00e43fefe9121ac5/execute/async - {"script":"<script> [1562 bytes]","args":[{"selector":{"controlType":"sap.m.Button","properties":{"text":"Close"},"searchOpenDialogs":true,"interaction":{"idSuffix":"BDI-content"}},"wdio_ui5_key":"sapm.Button{\"text\":\"Close\"}"}]}
RESULT: {"script":"<script> [1562 bytes]","args":[{"selector":{"controlType":"sap.m.Button","properties":{"text":"Close"},"searchOpenDialogs":true,"interaction":{"idSuffix":"BDI-content"}},"wdio_ui5_key":"sapm.Button{\"text\":\"Close\"}"}]}
RESULT: undefined
COMMAND: POST /session/c9b3453a2097c94c00e43fefe9121ac5/element - {"using":"xpath","value":"//*[@id=\"__mbox-btn-0\"]"}
RESULT: {"using":"xpath","value":"//*[@id=\"__mbox-btn-0\"]"}
COMMAND: POST /session/c9b3453a2097c94c00e43fefe9121ac5/element/f.95D136BDD403266D18DB82FBE1F0ED89.d.49E617651E3F8D81B682E5197C9596D5.e.13706/click - {}
RESULT: {}
COMMAND: GET /session/c9b3453a2097c94c00e43fefe9121ac5/screenshot - {}
RESULT: {}
COMMAND: POST /session/c9b3453a2097c94c00e43fefe9121ac5/execute/async - {"script":"<script> [1562 bytes]","args":[{"selector":{"controlType":"sap.ui.core.Icon","viewName":"etm.portal.ui.manageresources.view.Detail","viewId":"application-manageresources-display-component---detailRU","properties":{"src":{"regex":{"source":"overflow"}}}},"wdio_ui5_key":"etmportal.ui.manageresources.view.Detailsap.ui.core.Icon{\"src\":{\"regex\":{\"source\":\"overflow\"}}}"}]}
RESULT: {"script":"<script> [1562 bytes]","args":[{"selector":{"controlType":"sap.ui.core.Icon","viewName":"etm.portal.ui.manageresources.view.Detail","viewId":"application-manageresources-display-component---detailRU","properties":{"src":{"regex":{"source":"overflow"}}}},"wdio_ui5_key":"etmportal.ui.manageresources.view.Detailsap.ui.core.Icon{\"src\":{\"regex\":{\"source\":\"overflow\"}}}"}]}
RESULT: undefined
COMMAND: POST /session/c9b3453a2097c94c00e43fefe9121ac5/element - {"using":"xpath","value":"//*[@id=\"__title31-_actionsToolbar-overflowButton-img\"]"}
RESULT: {"using":"xpath","value":"//*[@id=\"__title31-_actionsToolbar-overflowButton-img\"]"}
COMMAND: POST /session/c9b3453a2097c94c00e43fefe9121ac5/element/f.95D136BDD403266D18DB82FBE1F0ED89.d.49E617651E3F8D81B682E5197C9596D5.e.13738/click - {}
RESULT: {}
COMMAND: POST /session/c9b3453a2097c94c00e43fefe9121ac5/execute/async - {"script":"<script> [1562 bytes]","args":[{"selector":{"controlType":"sap.m.Button","viewName":"etm.portal.ui.manageresources.view.Detail","viewId":"application-manageresources-display-component---detailRU","i18NText":{"propertyName":"tooltip","key":"closeColumn"},"searchOpenDialogs":true,"interaction":{"idSuffix":"inner"}},"wdio_ui5_key":"etmportal.ui.manageresources.view.Detailsap.m.Button{\"propertyName\":\"tooltip\",\"key\":\"closeColumn\"}"}]}
COMMAND: GET /session/c9b3453a2097c94c00e43fefe9121ac5/screenshot - {}
RESULT: {"script":"<script> [1562 bytes]","args":[{"selector":{"controlType":"sap.m.Button","viewName":"etm.portal.ui.manageresources.view.Detail","viewId":"application-manageresources-display-component---detailRU","i18NText":{"propertyName":"tooltip","key":"closeColumn"},"searchOpenDialogs":true,"interaction":{"idSuffix":"inner"}},"wdio_ui5_key":"etmportal.ui.manageresources.view.Detailsap.m.Button{\"propertyName\":\"tooltip\",\"key\":\"closeColumn\"}"}]}
RESULT: undefined
COMMAND: POST /session/c9b3453a2097c94c00e43fefe9121ac5/element - {"using":"xpath","value":"//*[@id=\"__button137\"]"}
RESULT: {}
RESULT: {"using":"xpath","value":"//*[@id=\"__button137\"]"}
COMMAND: POST /session/c9b3453a2097c94c00e43fefe9121ac5/element/f.95D136BDD403266D18DB82FBE1F0ED89.d.49E617651E3F8D81B682E5197C9596D5.e.13740/click - {}
RESULT: {}
COMMAND: GET /session/c9b3453a2097c94c00e43fefe9121ac5/screenshot - {}
RESULT: {}
COMMAND: POST /session/c9b3453a2097c94c00e43fefe9121ac5/refresh - {}
RESULT: {}
COMMAND: GET /session/c9b3453a2097c94c00e43fefe9121ac5/screenshot - {}
RESULT: {}
COMMAND: POST /session/c9b3453a2097c94c00e43fefe9121ac5/execute/async - {"script":"<script> [189 bytes]","args":[]}
RESULT: {"script":"<script> [189 bytes]","args":[]}
COMMAND: POST /session/c9b3453a2097c94c00e43fefe9121ac5/execute/async - {"script":"<script> [123 bytes]","args":[]}
RESULT: {"script":"<script> [123 bytes]","args":[]}
COMMAND: POST /session/c9b3453a2097c94c00e43fefe9121ac5/timeouts - {"script":"<number>"}
RESULT: {"script":"<number>"}
COMMAND: GET /session/c9b3453a2097c94c00e43fefe9121ac5/timeouts - {}
RESULT: {}
RESULT: undefined
COMMAND: POST /session/c9b3453a2097c94c00e43fefe9121ac5/execute/async - {"script":"<script> [2676 bytes]","args":[]}
RESULT: {"script":"<script> [2676 bytes]","args":[]}
COMMAND: POST /session/c9b3453a2097c94c00e43fefe9121ac5/execute/async - {"script":"<script> [2342 bytes]","args":[{"protocol":"http","hostname":"0.0.0.0","path":"/","capabilities":{"browserName":"chrome","goog:chromeOptions":{"binary":"C:\\Program Files\\Google\\Chrome\\Application\\chrome.exe","args":["--start-maximized"]}},"logLevel":"warn","connectionRetryTimeout":120000,"connectionRetryCount":3,"logLevels":{},"enableDirectConnect":true,"strictSSL":true,"_":"65 more keys: [\"cacheDir\",\"port\",\"requestedCapabilities\",\"automationProtocol\",\"baseUrl\",\"waitforInterval\",\"waitforTimeout\",\"onReload\",\"beforeCommand\",\"afterCommand\",\"rootDir\",\"specs\",\"suites\",\"exclude\",\"groupLogsByTestSpec\",\"excludeDriverLogs\",\"bail\",\"framework\",\"reporters\",\"services\",\"maxInstances\",\"maxInstancesPerCapability\",\"injectGlobals\",\"filesToWatch\",\"execArgv\",\"runnerEnv\",\"runner\",\"shard\",\"specFileRetries\",\"specFileRetriesDelay\",\"specFileRetriesDeferred\",\"reporterSyncInterval\",\"reporterSyncTimeout\",\"cucumberFeaturesWithLineNumbers\",\"autoCompileOpts\",\"mochaOpts\",\"jasmineOpts\",\"cucumberOpts\",\"onPrepare\",\"onWorkerStart\",\"onWorkerEnd\",\"before\",\"beforeSession\",\"beforeSuite\",\"beforeHook\",\"beforeTest\",\"afterTest\",\"afterHook\",\"afterSuite\",\"afterSession\",\"after\",\"onComplete\",\"beforeAssertion\",\"afterAssertion\",\"beforeFeature\",\"beforeScenario\",\"beforeStep\",\"afterStep\",\"afterScenario\",\"afterFeature\",\"_\",\"suite\",\"$0\",\"ignoredWorkerServices\",\"wdi5\"]"}]}
RESULT: {"script":"<script> [2342 bytes]","args":[{"protocol":"http","hostname":"0.0.0.0","path":"/","capabilities":{"browserName":"chrome","goog:chromeOptions":{"binary":"C:\\Program Files\\Google\\Chrome\\Application\\chrome.exe","args":["--start-maximized"]}},"logLevel":"warn","connectionRetryTimeout":120000,"connectionRetryCount":3,"logLevels":{},"enableDirectConnect":true,"strictSSL":true,"_":"65 more keys: [\"cacheDir\",\"port\",\"requestedCapabilities\",\"automationProtocol\",\"baseUrl\",\"waitforInterval\",\"waitforTimeout\",\"onReload\",\"beforeCommand\",\"afterCommand\",\"rootDir\",\"specs\",\"suites\",\"exclude\",\"groupLogsByTestSpec\",\"excludeDriverLogs\",\"bail\",\"framework\",\"reporters\",\"services\",\"maxInstances\",\"maxInstancesPerCapability\",\"injectGlobals\",\"filesToWatch\",\"execArgv\",\"runnerEnv\",\"runner\",\"shard\",\"specFileRetries\",\"specFileRetriesDelay\",\"specFileRetriesDeferred\",\"reporterSyncInterval\",\"reporterSyncTimeout\",\"cucumberFeaturesWithLineNumbers\",\"autoCompileOpts\",\"mochaOpts\",\"jasmineOpts\",\"cucumberOpts\",\"onPrepare\",\"onWorkerStart\",\"onWorkerEnd\",\"before\",\"beforeSession\",\"beforeSuite\",\"beforeHook\",\"beforeTest\",\"afterTest\",\"afterHook\",\"afterSuite\",\"afterSession\",\"after\",\"onComplete\",\"beforeAssertion\",\"afterAssertion\",\"beforeFeature\",\"beforeScenario\",\"beforeStep\",\"afterStep\",\"afterScenario\",\"afterFeature\",\"_\",\"suite\",\"$0\",\"ignoredWorkerServices\",\"wdi5\"]"}]}
COMMAND: POST /session/c9b3453a2097c94c00e43fefe9121ac5/execute/async - {"script":"<script> [21126 bytes]","args":[35000]}
RESULT: {"script":"<script> [21126 bytes]","args":[35000]}
COMMAND: POST /session/c9b3453a2097c94c00e43fefe9121ac5/element - {"using":"css selector","value":"#shell-header-logo"}
RESULT: {"using":"css selector","value":"#shell-header-logo"}
COMMAND: POST /session/c9b3453a2097c94c00e43fefe9121ac5/element/f.95D136BDD403266D18DB82FBE1F0ED89.d.7AB6A9DB78825EBD7D0DD6C28D59D643.e.13839/click - {}
RESULT: {}
COMMAND: GET /session/c9b3453a2097c94c00e43fefe9121ac5/screenshot - {}
RESULT: {}
COMMAND: POST /session/c9b3453a2097c94c00e43fefe9121ac5/execute/async - {"script":"<script> [1562 bytes]","args":[{"selector":{"controlType":"sap.m.GenericTile","properties":{"header":"Manage Handovers"}},"wdio_ui5_key":"sapm.GenericTile{\"header\":\"Manage Handovers\"}"}]}
RESULT: {"script":"<script> [1562 bytes]","args":[{"selector":{"controlType":"sap.m.GenericTile","properties":{"header":"Manage Handovers"}},"wdio_ui5_key":"sapm.GenericTile{\"header\":\"Manage Handovers\"}"}]}
RESULT: undefined
COMMAND: POST /session/c9b3453a2097c94c00e43fefe9121ac5/element - {"using":"xpath","value":"//*[@id=\"__tile133\"]"}
RESULT: {"using":"xpath","value":"//*[@id=\"__tile133\"]"}
COMMAND: POST /session/c9b3453a2097c94c00e43fefe9121ac5/element/f.95D136BDD403266D18DB82FBE1F0ED89.d.7AB6A9DB78825EBD7D0DD6C28D59D643.e.14024/click - {}
RESULT: {}
COMMAND: GET /session/c9b3453a2097c94c00e43fefe9121ac5/screenshot - {}
RESULT: {}
COMMAND: POST /session/c9b3453a2097c94c00e43fefe9121ac5/elements - {"using":"xpath","value":"//span[text()='Error']"}
RESULT: {"using":"xpath","value":"//span[text()='Error']"}
COMMAND: POST /session/c9b3453a2097c94c00e43fefe9121ac5/element - {"using":"xpath","value":"//button[@data-kt=\"masterHOAddButton\"]"}
RESULT: {"using":"xpath","value":"//button[@data-kt=\"masterHOAddButton\"]"}
COMMAND: POST /session/c9b3453a2097c94c00e43fefe9121ac5/execute/sync - {"script":"<script> [8489 bytes]","args":[{"element-6066-11e4-a52e-4f735466cecf":"f.95D136BDD403266D18DB82FBE1F0ED89.d.7AB6A9DB78825EBD7D0DD6C28D59D643.e.14066","ELEMENT":"f.95D136BDD403266D18DB82FBE1F0ED89.d.7AB6A9DB78825EBD7D0DD6C28D59D643.e.14066"}]}
RESULT: {"script":"<script> [8489 bytes]","args":[{"element-6066-11e4-a52e-4f735466cecf":"f.95D136BDD403266D18DB82FBE1F0ED89.d.7AB6A9DB78825EBD7D0DD6C28D59D643.e.14066","ELEMENT":"f.95D136BDD403266D18DB82FBE1F0ED89.d.7AB6A9DB78825EBD7D0DD6C28D59D643.e.14066"}]}
COMMAND: POST /session/c9b3453a2097c94c00e43fefe9121ac5/element/f.95D136BDD403266D18DB82FBE1F0ED89.d.7AB6A9DB78825EBD7D0DD6C28D59D643.e.14066/click - {}
COMMAND: GET /session/c9b3453a2097c94c00e43fefe9121ac5/screenshot - {}
RESULT: {}
COMMAND: GET /session/c9b3453a2097c94c00e43fefe9121ac5/screenshot - {}
COMMAND: POST /session/c9b3453a2097c94c00e43fefe9121ac5/element - {"using":"xpath","value":"//span[contains(@id ,\"AddNewHO--typeSelect-arrow\")]"}
RESULT: {}
RESULT: {}
RESULT: {"using":"xpath","value":"//span[contains(@id ,\"AddNewHO--typeSelect-arrow\")]"}
COMMAND: POST /session/c9b3453a2097c94c00e43fefe9121ac5/element/f.95D136BDD403266D18DB82FBE1F0ED89.d.7AB6A9DB78825EBD7D0DD6C28D59D643.e.14341/click - {}
RESULT: {}
COMMAND: GET /session/c9b3453a2097c94c00e43fefe9121ac5/screenshot - {}
RESULT: {}
COMMAND: POST /session/c9b3453a2097c94c00e43fefe9121ac5/element - {"using":"xpath","value":"(//li[contains(text(), \"stock increase yard\")])[1]"}
RESULT: {"using":"xpath","value":"(//li[contains(text(), \"stock increase yard\")])[1]"}
COMMAND: POST /session/c9b3453a2097c94c00e43fefe9121ac5/element/f.95D136BDD403266D18DB82FBE1F0ED89.d.7AB6A9DB78825EBD7D0DD6C28D59D643.e.14342/click - {}
RESULT: {}
COMMAND: GET /session/c9b3453a2097c94c00e43fefe9121ac5/screenshot - {}
RESULT: {}
COMMAND: POST /session/c9b3453a2097c94c00e43fefe9121ac5/execute/async - {"script":"<script> [1562 bytes]","args":[{"selector":{"id":"application-managehandovers-display-component---AddNewHO--dueDate","interaction":{"idSuffix":"inner"}},"wdio_ui5_key":"applicationmanagehandovers-display-component---AddNewHO--dueDate"}]}
RESULT: {"script":"<script> [1562 bytes]","args":[{"selector":{"id":"application-managehandovers-display-component---AddNewHO--dueDate","interaction":{"idSuffix":"inner"}},"wdio_ui5_key":"applicationmanagehandovers-display-component---AddNewHO--dueDate"}]}
RESULT: undefined
COMMAND: POST /session/c9b3453a2097c94c00e43fefe9121ac5/execute/async - {"script":"<script> [6424 bytes]","args":[{"element-6066-11e4-a52e-4f735466cecf":"f.95D136BDD403266D18DB82FBE1F0ED89.d.7AB6A9DB78825EBD7D0DD6C28D59D643.e.14344"},"setValue",["5/15/25"]]}
RESULT: {"script":"<script> [6424 bytes]","args":[{"element-6066-11e4-a52e-4f735466cecf":"f.95D136BDD403266D18DB82FBE1F0ED89.d.7AB6A9DB78825EBD7D0DD6C28D59D643.e.14344"},"setValue",["5/15/25"]]}
COMMAND: POST /session/c9b3453a2097c94c00e43fefe9121ac5/element - {"using":"xpath","value":"//input[@id=\"generalSectionFrg--receiveYard-inner\"]"}
RESULT: {"using":"xpath","value":"//input[@id=\"generalSectionFrg--receiveYard-inner\"]"}
COMMAND: POST /session/c9b3453a2097c94c00e43fefe9121ac5/element/f.95D136BDD403266D18DB82FBE1F0ED89.d.7AB6A9DB78825EBD7D0DD6C28D59D643.e.14348/clear - {}
RESULT: {}
COMMAND: POST /session/c9b3453a2097c94c00e43fefe9121ac5/element/f.95D136BDD403266D18DB82FBE1F0ED89.d.7AB6A9DB78825EBD7D0DD6C28D59D643.e.14348/value - {"text":"WebdriverYarda0k98"}
COMMAND: GET /session/c9b3453a2097c94c00e43fefe9121ac5/screenshot - {}
RESULT: {"text":"WebdriverYarda0k98"}
COMMAND: GET /session/c9b3453a2097c94c00e43fefe9121ac5/screenshot - {}
RESULT: {}
RESULT: {}
COMMAND: POST /session/c9b3453a2097c94c00e43fefe9121ac5/execute/async - {"script":"<script> [1562 bytes]","args":[{"selector":{"id":"application-managehandovers-display-component---AddNewHO--ObjectPageLayout-anchBar-application-managehandovers-display-component---AddNewHO--section4-anchor","interaction":{"idSuffix":"BDI-content"}},"wdio_ui5_key":"applicationmanagehandovers-display-component---AddNewHO--ObjectPageLayout-anchBar-application-managehandovers-display-component---AddNewHO--section4-anchor"}]}
RESULT: {"script":"<script> [1562 bytes]","args":[{"selector":{"id":"application-managehandovers-display-component---AddNewHO--ObjectPageLayout-anchBar-application-managehandovers-display-component---AddNewHO--section4-anchor","interaction":{"idSuffix":"BDI-content"}},"wdio_ui5_key":"applicationmanagehandovers-display-component---AddNewHO--ObjectPageLayout-anchBar-application-managehandovers-display-component---AddNewHO--section4-anchor"}]}
RESULT: undefined
COMMAND: POST /session/c9b3453a2097c94c00e43fefe9121ac5/element - {"using":"xpath","value":"//*[@id=\"application-managehandovers-display-component---AddNewHO--ObjectPageLayout-anchBar-application-managehandovers-display-component---AddNewHO--section4-anchor\"]"}
RESULT: {"using":"xpath","value":"//*[@id=\"application-managehandovers-display-component---AddNewHO--ObjectPageLayout-anchBar-application-managehandovers-display-component---AddNewHO--section4-anchor\"]"}
COMMAND: POST /session/c9b3453a2097c94c00e43fefe9121ac5/element/f.95D136BDD403266D18DB82FBE1F0ED89.d.7AB6A9DB78825EBD7D0DD6C28D59D643.e.14368/click - {}
RESULT: {}
COMMAND: GET /session/c9b3453a2097c94c00e43fefe9121ac5/screenshot - {}
RESULT: {}
COMMAND: POST /session/c9b3453a2097c94c00e43fefe9121ac5/element - {"using":"xpath","value":"//button[@aria-label=\"Add\"]"}
RESULT: {"using":"xpath","value":"//button[@aria-label=\"Add\"]"}
COMMAND: POST /session/c9b3453a2097c94c00e43fefe9121ac5/element/f.95D136BDD403266D18DB82FBE1F0ED89.d.7AB6A9DB78825EBD7D0DD6C28D59D643.e.14372/click - {}
RESULT: {}
COMMAND: GET /session/c9b3453a2097c94c00e43fefe9121ac5/screenshot - {}
RESULT: {}
COMMAND: POST /session/c9b3453a2097c94c00e43fefe9121ac5/execute/async - {"script":"<script> [1562 bytes]","args":[{"selector":{"id":"application-managehandovers-display-component---AddNewHO--smartFilterBar-btnBasicSearch","searchOpenDialogs":true,"interaction":{"idSuffix":"I"}},"wdio_ui5_key":"applicationmanagehandovers-display-component---AddNewHO--smartFilterBar-btnBasicSearch"}]}
RESULT: {"script":"<script> [1562 bytes]","args":[{"selector":{"id":"application-managehandovers-display-component---AddNewHO--smartFilterBar-btnBasicSearch","searchOpenDialogs":true,"interaction":{"idSuffix":"I"}},"wdio_ui5_key":"applicationmanagehandovers-display-component---AddNewHO--smartFilterBar-btnBasicSearch"}]}
RESULT: undefined
COMMAND: POST /session/c9b3453a2097c94c00e43fefe9121ac5/execute/async - {"script":"<script> [776 bytes]","args":[{"enterText":"WebdriverRUR2Cyh9kr","selector":{"id":"application-managehandovers-display-component---AddNewHO--smartFilterBar-btnBasicSearch","searchOpenDialogs":true,"interaction":{"idSuffix":"I"}},"clearTextFirst":true,"interactionType":"ENTER_TEXT"}]}
RESULT: {"script":"<script> [776 bytes]","args":[{"enterText":"WebdriverRUR2Cyh9kr","selector":{"id":"application-managehandovers-display-component---AddNewHO--smartFilterBar-btnBasicSearch","searchOpenDialogs":true,"interaction":{"idSuffix":"I"}},"clearTextFirst":true,"interactionType":"ENTER_TEXT"}]}
COMMAND: POST /session/c9b3453a2097c94c00e43fefe9121ac5/actions - {"actions":[{"id":"action71","type":"key","parameters":{},"actions":[{"type":"keyDown","value":"î€‡"},{"type":"pause","duration":10},{"type":"keyUp","value":"î€‡"}]}]}
RESULT: {"actions":[{"id":"action71","type":"key","parameters":{},"actions":[{"type":"keyDown","value":"î€‡"},{"type":"pause","duration":10},{"type":"keyUp","value":"î€‡"}]}]}
COMMAND: POST /session/c9b3453a2097c94c00e43fefe9121ac5/execute/async - {"script":"<script> [1562 bytes]","args":[{"selector":{"id":"application-managehandovers-display-component---AddNewHO--popup-sa","searchOpenDialogs":true,"interaction":{"idSuffix":"CbBg"}},"wdio_ui5_key":"applicationmanagehandovers-display-component---AddNewHO--popup-sa"}]}
COMMAND: GET /session/c9b3453a2097c94c00e43fefe9121ac5/screenshot - {}
RESULT: {"script":"<script> [1562 bytes]","args":[{"selector":{"id":"application-managehandovers-display-component---AddNewHO--popup-sa","searchOpenDialogs":true,"interaction":{"idSuffix":"CbBg"}},"wdio_ui5_key":"applicationmanagehandovers-display-component---AddNewHO--popup-sa"}]}
RESULT: undefined
COMMAND: POST /session/c9b3453a2097c94c00e43fefe9121ac5/element - {"using":"xpath","value":"//*[@id=\"application-managehandovers-display-component---AddNewHO--popup-sa\"]"}
RESULT: {}
RESULT: {"using":"xpath","value":"//*[@id=\"application-managehandovers-display-component---AddNewHO--popup-sa\"]"}
COMMAND: POST /session/c9b3453a2097c94c00e43fefe9121ac5/element/f.95D136BDD403266D18DB82FBE1F0ED89.d.7AB6A9DB78825EBD7D0DD6C28D59D643.e.14477/click - {}
RESULT: {}
COMMAND: GET /session/c9b3453a2097c94c00e43fefe9121ac5/screenshot - {}
RESULT: {}
COMMAND: POST /session/c9b3453a2097c94c00e43fefe9121ac5/element - {"using":"xpath","value":"//bdi[contains(text(), \"Select\")]"}
RESULT: {"using":"xpath","value":"//bdi[contains(text(), \"Select\")]"}
COMMAND: POST /session/c9b3453a2097c94c00e43fefe9121ac5/element/f.95D136BDD403266D18DB82FBE1F0ED89.d.7AB6A9DB78825EBD7D0DD6C28D59D643.e.14478/click - {}
RESULT: {}
COMMAND: GET /session/c9b3453a2097c94c00e43fefe9121ac5/screenshot - {}
RESULT: {}
COMMAND: POST /session/c9b3453a2097c94c00e43fefe9121ac5/execute/async - {"script":"<script> [1562 bytes]","args":[{"selector":{"controlType":"sap.m.Input","viewName":"etm.portal.ui.managehandovers.view.AddNewHO","viewId":"application-managehandovers-display-component---AddNewHO","bindingPath":{"path":"/items/0","propertyPath":"TYPE","modelName":"hoItemsModel"},"interaction":{"idSuffix":"inner"}},"wdio_ui5_key":"etmportal.ui.managehandovers.view.AddNewHOsap.m.Input{\"path\":\"/items/0\",\"propertyPath\":\"TYPE\",\"modelName\":\"hoItemsModel\"}"}]}
RESULT: {"script":"<script> [1562 bytes]","args":[{"selector":{"controlType":"sap.m.Input","viewName":"etm.portal.ui.managehandovers.view.AddNewHO","viewId":"application-managehandovers-display-component---AddNewHO","bindingPath":{"path":"/items/0","propertyPath":"TYPE","modelName":"hoItemsModel"},"interaction":{"idSuffix":"inner"}},"wdio_ui5_key":"etmportal.ui.managehandovers.view.AddNewHOsap.m.Input{\"path\":\"/items/0\",\"propertyPath\":\"TYPE\",\"modelName\":\"hoItemsModel\"}"}]}
RESULT: undefined
COMMAND: POST /session/c9b3453a2097c94c00e43fefe9121ac5/execute/async - {"script":"<script> [776 bytes]","args":[{"enterText":"100","selector":{"controlType":"sap.m.Input","viewName":"etm.portal.ui.managehandovers.view.AddNewHO","viewId":"application-managehandovers-display-component---AddNewHO","bindingPath":{"path":"/items/0","propertyPath":"TYPE","modelName":"hoItemsModel"},"interaction":{"idSuffix":"inner"}},"clearTextFirst":true,"interactionType":"ENTER_TEXT"}]}
RESULT: {"script":"<script> [776 bytes]","args":[{"enterText":"100","selector":{"controlType":"sap.m.Input","viewName":"etm.portal.ui.managehandovers.view.AddNewHO","viewId":"application-managehandovers-display-component---AddNewHO","bindingPath":{"path":"/items/0","propertyPath":"TYPE","modelName":"hoItemsModel"},"interaction":{"idSuffix":"inner"}},"clearTextFirst":true,"interactionType":"ENTER_TEXT"}]}
COMMAND: POST /session/c9b3453a2097c94c00e43fefe9121ac5/element - {"using":"xpath","value":"//button[@data-kt=\"AddNewHOSaveButton\"]"}
RESULT: {"using":"xpath","value":"//button[@data-kt=\"AddNewHOSaveButton\"]"}
COMMAND: POST /session/c9b3453a2097c94c00e43fefe9121ac5/element/f.95D136BDD403266D18DB82FBE1F0ED89.d.7AB6A9DB78825EBD7D0DD6C28D59D643.e.14483/click - {}
RESULT: {}
COMMAND: GET /session/c9b3453a2097c94c00e43fefe9121ac5/screenshot - {}
RESULT: {}
COMMAND: POST /session/c9b3453a2097c94c00e43fefe9121ac5/execute/async - {"script":"<script> [1562 bytes]","args":[{"selector":{"id":"receiptDatePicker","viewName":"etm.portal.ui.managehandovers.view.DetailExecuteHO","interaction":{"idSuffix":"inner"}},"wdio_ui5_key":"receiptDatePickeretmportal.ui.managehandovers.view.DetailExecuteHO"}]}
RESULT: {"script":"<script> [1562 bytes]","args":[{"selector":{"id":"receiptDatePicker","viewName":"etm.portal.ui.managehandovers.view.DetailExecuteHO","interaction":{"idSuffix":"inner"}},"wdio_ui5_key":"receiptDatePickeretmportal.ui.managehandovers.view.DetailExecuteHO"}]}
RESULT: undefined
COMMAND: POST /session/c9b3453a2097c94c00e43fefe9121ac5/execute/async - {"script":"<script> [6424 bytes]","args":[{"element-6066-11e4-a52e-4f735466cecf":"f.95D136BDD403266D18DB82FBE1F0ED89.d.7AB6A9DB78825EBD7D0DD6C28D59D643.e.14505"},"setValue",["5/15/25"]]}
RESULT: {"script":"<script> [6424 bytes]","args":[{"element-6066-11e4-a52e-4f735466cecf":"f.95D136BDD403266D18DB82FBE1F0ED89.d.7AB6A9DB78825EBD7D0DD6C28D59D643.e.14505"},"setValue",["5/15/25"]]}
COMMAND: POST /session/c9b3453a2097c94c00e43fefe9121ac5/element - {"using":"xpath","value":"//button[@data-kt=\"PickingTableConfirmAllButton\"]"}
RESULT: {"using":"xpath","value":"//button[@data-kt=\"PickingTableConfirmAllButton\"]"}
COMMAND: POST /session/c9b3453a2097c94c00e43fefe9121ac5/element/f.95D136BDD403266D18DB82FBE1F0ED89.d.7AB6A9DB78825EBD7D0DD6C28D59D643.e.14520/click - {}
RESULT: {}
COMMAND: GET /session/c9b3453a2097c94c00e43fefe9121ac5/screenshot - {}
RESULT: {}
COMMAND: POST /session/c9b3453a2097c94c00e43fefe9121ac5/element - {"using":"xpath","value":"//bdi[contains(text(), \"OK\")]"}
RESULT: {"using":"xpath","value":"//bdi[contains(text(), \"OK\")]"}
COMMAND: POST /session/c9b3453a2097c94c00e43fefe9121ac5/element/f.95D136BDD403266D18DB82FBE1F0ED89.d.7AB6A9DB78825EBD7D0DD6C28D59D643.e.14522/click - {}
RESULT: {}
COMMAND: GET /session/c9b3453a2097c94c00e43fefe9121ac5/screenshot - {}
RESULT: {}
COMMAND: POST /session/c9b3453a2097c94c00e43fefe9121ac5/element - {"using":"xpath","value":"(//bdi[contains(text(), \"Receive\")])[2]"}
RESULT: {"using":"xpath","value":"(//bdi[contains(text(), \"Receive\")])[2]"}
COMMAND: POST /session/c9b3453a2097c94c00e43fefe9121ac5/element/f.95D136BDD403266D18DB82FBE1F0ED89.d.7AB6A9DB78825EBD7D0DD6C28D59D643.e.14524/click - {}
RESULT: {}
COMMAND: GET /session/c9b3453a2097c94c00e43fefe9121ac5/screenshot - {}
RESULT: {}
COMMAND: POST /session/c9b3453a2097c94c00e43fefe9121ac5/element - {"using":"css selector","value":"#shell-header-logo"}
RESULT: {"using":"css selector","value":"#shell-header-logo"}
COMMAND: POST /session/c9b3453a2097c94c00e43fefe9121ac5/element/f.95D136BDD403266D18DB82FBE1F0ED89.d.7AB6A9DB78825EBD7D0DD6C28D59D643.e.14027/click - {}
RESULT: {}
]]></system-out>
    </testcase>
    <testcase classname="chrome.136_0_7103_93.windows.E2E_-_Logistical_and_commercial_statuses" name="Should add a pricing rule and a condition to the RU" time="118.105">
      <system-out><![CDATA[
COMMAND: GET /session/c9b3453a2097c94c00e43fefe9121ac5/screenshot - {}
COMMAND: POST /session/c9b3453a2097c94c00e43fefe9121ac5/execute/async - {"script":"<script> [1562 bytes]","args":[{"selector":{"controlType":"sap.m.GenericTile","properties":{"header":"Manage Pricing Rules"}},"wdio_ui5_key":"sapm.GenericTile{\"header\":\"Manage Pricing Rules\"}"}]}
RESULT: {}
RESULT: {"script":"<script> [1562 bytes]","args":[{"selector":{"controlType":"sap.m.GenericTile","properties":{"header":"Manage Pricing Rules"}},"wdio_ui5_key":"sapm.GenericTile{\"header\":\"Manage Pricing Rules\"}"}]}
RESULT: undefined
COMMAND: POST /session/c9b3453a2097c94c00e43fefe9121ac5/element - {"using":"xpath","value":"//*[@id=\"__tile55\"]"}
RESULT: {"using":"xpath","value":"//*[@id=\"__tile55\"]"}
COMMAND: POST /session/c9b3453a2097c94c00e43fefe9121ac5/element/f.95D136BDD403266D18DB82FBE1F0ED89.d.7AB6A9DB78825EBD7D0DD6C28D59D643.e.14675/click - {}
RESULT: {}
COMMAND: GET /session/c9b3453a2097c94c00e43fefe9121ac5/screenshot - {}
RESULT: {}
COMMAND: POST /session/c9b3453a2097c94c00e43fefe9121ac5/elements - {"using":"xpath","value":"//span[text()='Error']"}
RESULT: {"using":"xpath","value":"//span[text()='Error']"}
COMMAND: POST /session/c9b3453a2097c94c00e43fefe9121ac5/execute/async - {"script":"<script> [1562 bytes]","args":[{"selector":{"controlType":"sap.ui.core.Icon","viewName":"etm.portal.ui.managepricingrules.view.MasterHeader","viewId":"application-managepricingrules-display-component---priceInfoHeader","properties":{"src":{"regex":{"source":"activity\\-items"}}}},"wdio_ui5_key":"etmportal.ui.managepricingrules.view.MasterHeadersap.ui.core.Icon{\"src\":{\"regex\":{\"source\":\"activity\\\\-items\"}}}"}]}
RESULT: {"script":"<script> [1562 bytes]","args":[{"selector":{"controlType":"sap.ui.core.Icon","viewName":"etm.portal.ui.managepricingrules.view.MasterHeader","viewId":"application-managepricingrules-display-component---priceInfoHeader","properties":{"src":{"regex":{"source":"activity\\-items"}}}},"wdio_ui5_key":"etmportal.ui.managepricingrules.view.MasterHeadersap.ui.core.Icon{\"src\":{\"regex\":{\"source\":\"activity\\\\-items\"}}}"}]}
RESULT: undefined
COMMAND: POST /session/c9b3453a2097c94c00e43fefe9121ac5/element - {"using":"xpath","value":"//*[@id=\"__filter22-icon\"]"}
RESULT: {"using":"xpath","value":"//*[@id=\"__filter22-icon\"]"}
COMMAND: POST /session/c9b3453a2097c94c00e43fefe9121ac5/element/f.95D136BDD403266D18DB82FBE1F0ED89.d.7AB6A9DB78825EBD7D0DD6C28D59D643.e.14726/click - {}
RESULT: {}
COMMAND: GET /session/c9b3453a2097c94c00e43fefe9121ac5/screenshot - {}
RESULT: {}
COMMAND: POST /session/c9b3453a2097c94c00e43fefe9121ac5/execute/async - {"script":"<script> [1562 bytes]","args":[{"selector":{"controlType":"sap.ui.core.Icon","viewName":"etm.portal.ui.managepricingrules.view.MasterItem","viewId":"application-managepricingrules-display-component---priceInfoItem","properties":{"src":{"regex":{"source":"add"}}}},"wdio_ui5_key":"etmportal.ui.managepricingrules.view.MasterItemsap.ui.core.Icon{\"src\":{\"regex\":{\"source\":\"add\"}}}"}]}
RESULT: {"script":"<script> [1562 bytes]","args":[{"selector":{"controlType":"sap.ui.core.Icon","viewName":"etm.portal.ui.managepricingrules.view.MasterItem","viewId":"application-managepricingrules-display-component---priceInfoItem","properties":{"src":{"regex":{"source":"add"}}}},"wdio_ui5_key":"etmportal.ui.managepricingrules.view.MasterItemsap.ui.core.Icon{\"src\":{\"regex\":{\"source\":\"add\"}}}"}]}
RESULT: undefined
COMMAND: POST /session/c9b3453a2097c94c00e43fefe9121ac5/element - {"using":"xpath","value":"//*[@id=\"__button73-img\"]"}
RESULT: {"using":"xpath","value":"//*[@id=\"__button73-img\"]"}
COMMAND: POST /session/c9b3453a2097c94c00e43fefe9121ac5/element/f.95D136BDD403266D18DB82FBE1F0ED89.d.7AB6A9DB78825EBD7D0DD6C28D59D643.e.14772/click - {}
RESULT: {}
COMMAND: GET /session/c9b3453a2097c94c00e43fefe9121ac5/screenshot - {}
RESULT: {}
COMMAND: POST /session/c9b3453a2097c94c00e43fefe9121ac5/element - {"using":"xpath","value":"//input[@id=\"application-managepricingrules-display-component---newInfoPriceItem--condRU-inner\"]"}
RESULT: {"using":"xpath","value":"//input[@id=\"application-managepricingrules-display-component---newInfoPriceItem--condRU-inner\"]"}
COMMAND: POST /session/c9b3453a2097c94c00e43fefe9121ac5/element/f.95D136BDD403266D18DB82FBE1F0ED89.d.7AB6A9DB78825EBD7D0DD6C28D59D643.e.14986/clear - {}
RESULT: {}
COMMAND: POST /session/c9b3453a2097c94c00e43fefe9121ac5/element/f.95D136BDD403266D18DB82FBE1F0ED89.d.7AB6A9DB78825EBD7D0DD6C28D59D643.e.14986/value - {"text":"WebdriverRUR2Cyh9kr"}
COMMAND: GET /session/c9b3453a2097c94c00e43fefe9121ac5/screenshot - {}
RESULT: {"text":"WebdriverRUR2Cyh9kr"}
COMMAND: POST /session/c9b3453a2097c94c00e43fefe9121ac5/execute/async - {"script":"<script> [1562 bytes]","args":[{"selector":{"id":"application-managepricingrules-display-component---newInfoPriceItem--condValidTo","interaction":{"idSuffix":"inner"}},"wdio_ui5_key":"applicationmanagepricingrules-display-component---newInfoPriceItem--condValidTo"}]}
COMMAND: GET /session/c9b3453a2097c94c00e43fefe9121ac5/screenshot - {}
RESULT: {}
RESULT: {"script":"<script> [1562 bytes]","args":[{"selector":{"id":"application-managepricingrules-display-component---newInfoPriceItem--condValidTo","interaction":{"idSuffix":"inner"}},"wdio_ui5_key":"applicationmanagepricingrules-display-component---newInfoPriceItem--condValidTo"}]}
RESULT: undefined
COMMAND: POST /session/c9b3453a2097c94c00e43fefe9121ac5/execute/async - {"script":"<script> [776 bytes]","args":[{"enterText":"5/18/33","selector":{"id":"application-managepricingrules-display-component---newInfoPriceItem--condValidTo","interaction":{"idSuffix":"inner"}},"clearTextFirst":true,"interactionType":"ENTER_TEXT"}]}
RESULT: {}
RESULT: {"script":"<script> [776 bytes]","args":[{"enterText":"5/18/33","selector":{"id":"application-managepricingrules-display-component---newInfoPriceItem--condValidTo","interaction":{"idSuffix":"inner"}},"clearTextFirst":true,"interactionType":"ENTER_TEXT"}]}
COMMAND: POST /session/c9b3453a2097c94c00e43fefe9121ac5/execute/async - {"script":"<script> [1562 bytes]","args":[{"selector":{"id":"application-managepricingrules-display-component---newInfoPriceItem--billType-arrow"},"wdio_ui5_key":"applicationmanagepricingrules-display-component---newInfoPriceItem--billType-arrow"}]}
RESULT: {"script":"<script> [1562 bytes]","args":[{"selector":{"id":"application-managepricingrules-display-component---newInfoPriceItem--billType-arrow"},"wdio_ui5_key":"applicationmanagepricingrules-display-component---newInfoPriceItem--billType-arrow"}]}
RESULT: undefined
COMMAND: POST /session/c9b3453a2097c94c00e43fefe9121ac5/element - {"using":"xpath","value":"//*[@id=\"application-managepricingrules-display-component---newInfoPriceItem--billType-arrow\"]"}
RESULT: {"using":"xpath","value":"//*[@id=\"application-managepricingrules-display-component---newInfoPriceItem--billType-arrow\"]"}
COMMAND: POST /session/c9b3453a2097c94c00e43fefe9121ac5/element/f.95D136BDD403266D18DB82FBE1F0ED89.d.7AB6A9DB78825EBD7D0DD6C28D59D643.e.15074/click - {}
RESULT: {}
COMMAND: POST /session/c9b3453a2097c94c00e43fefe9121ac5/element - {"using":"xpath","value":"//span[contains(text(), \"TB - Time based\")]"}
COMMAND: GET /session/c9b3453a2097c94c00e43fefe9121ac5/screenshot - {}
RESULT: {"using":"xpath","value":"//span[contains(text(), \"TB - Time based\")]"}
COMMAND: POST /session/c9b3453a2097c94c00e43fefe9121ac5/element/f.95D136BDD403266D18DB82FBE1F0ED89.d.7AB6A9DB78825EBD7D0DD6C28D59D643.e.15123/click - {}
RESULT: {}
RESULT: {}
COMMAND: POST /session/c9b3453a2097c94c00e43fefe9121ac5/execute/async - {"script":"<script> [1562 bytes]","args":[{"selector":{"id":"application-managepricingrules-display-component---newInfoPriceItem--priceProc-arrow"},"wdio_ui5_key":"applicationmanagepricingrules-display-component---newInfoPriceItem--priceProc-arrow"}]}
COMMAND: GET /session/c9b3453a2097c94c00e43fefe9121ac5/screenshot - {}
RESULT: {"script":"<script> [1562 bytes]","args":[{"selector":{"id":"application-managepricingrules-display-component---newInfoPriceItem--priceProc-arrow"},"wdio_ui5_key":"applicationmanagepricingrules-display-component---newInfoPriceItem--priceProc-arrow"}]}
RESULT: undefined
COMMAND: POST /session/c9b3453a2097c94c00e43fefe9121ac5/element - {"using":"xpath","value":"//*[@id=\"application-managepricingrules-display-component---newInfoPriceItem--priceProc-arrow\"]"}
RESULT: {}
RESULT: {"using":"xpath","value":"//*[@id=\"application-managepricingrules-display-component---newInfoPriceItem--priceProc-arrow\"]"}
COMMAND: POST /session/c9b3453a2097c94c00e43fefe9121ac5/element/f.95D136BDD403266D18DB82FBE1F0ED89.d.7AB6A9DB78825EBD7D0DD6C28D59D643.e.15081/click - {}
RESULT: {}
COMMAND: POST /session/c9b3453a2097c94c00e43fefe9121ac5/element - {"using":"xpath","value":"//span[contains(text(), \"TBS - Time based standard\")]"}
COMMAND: GET /session/c9b3453a2097c94c00e43fefe9121ac5/screenshot - {}
RESULT: {"using":"xpath","value":"//span[contains(text(), \"TBS - Time based standard\")]"}
COMMAND: POST /session/c9b3453a2097c94c00e43fefe9121ac5/element/f.95D136BDD403266D18DB82FBE1F0ED89.d.7AB6A9DB78825EBD7D0DD6C28D59D643.e.15124/click - {}
RESULT: {}
RESULT: {}
COMMAND: POST /session/c9b3453a2097c94c00e43fefe9121ac5/execute/async - {"script":"<script> [1562 bytes]","args":[{"selector":{"id":"application-managepricingrules-display-component---newInfoPriceItem--calcBase-arrow"},"wdio_ui5_key":"applicationmanagepricingrules-display-component---newInfoPriceItem--calcBase-arrow"}]}
COMMAND: GET /session/c9b3453a2097c94c00e43fefe9121ac5/screenshot - {}
RESULT: {"script":"<script> [1562 bytes]","args":[{"selector":{"id":"application-managepricingrules-display-component---newInfoPriceItem--calcBase-arrow"},"wdio_ui5_key":"applicationmanagepricingrules-display-component---newInfoPriceItem--calcBase-arrow"}]}
RESULT: undefined
COMMAND: POST /session/c9b3453a2097c94c00e43fefe9121ac5/element - {"using":"xpath","value":"//*[@id=\"application-managepricingrules-display-component---newInfoPriceItem--calcBase-arrow\"]"}
RESULT: {}
RESULT: {"using":"xpath","value":"//*[@id=\"application-managepricingrules-display-component---newInfoPriceItem--calcBase-arrow\"]"}
COMMAND: POST /session/c9b3453a2097c94c00e43fefe9121ac5/element/f.95D136BDD403266D18DB82FBE1F0ED89.d.7AB6A9DB78825EBD7D0DD6C28D59D643.e.15088/click - {}
RESULT: {}
COMMAND: GET /session/c9b3453a2097c94c00e43fefe9121ac5/screenshot - {}
RESULT: {}
COMMAND: POST /session/c9b3453a2097c94c00e43fefe9121ac5/element - {"using":"xpath","value":"//span[contains(text(), \"0006 - TB(calendar days)\")]"}
RESULT: {"using":"xpath","value":"//span[contains(text(), \"0006 - TB(calendar days)\")]"}
COMMAND: POST /session/c9b3453a2097c94c00e43fefe9121ac5/element/f.95D136BDD403266D18DB82FBE1F0ED89.d.7AB6A9DB78825EBD7D0DD6C28D59D643.e.15125/click - {}
RESULT: {}
COMMAND: POST /session/c9b3453a2097c94c00e43fefe9121ac5/execute/async - {"script":"<script> [1562 bytes]","args":[{"selector":{"id":"application-managepricingrules-display-component---newInfoPriceItem--daysMonth","interaction":{"idSuffix":"inner"}},"wdio_ui5_key":"applicationmanagepricingrules-display-component---newInfoPriceItem--daysMonth"}]}
COMMAND: GET /session/c9b3453a2097c94c00e43fefe9121ac5/screenshot - {}
RESULT: {"script":"<script> [1562 bytes]","args":[{"selector":{"id":"application-managepricingrules-display-component---newInfoPriceItem--daysMonth","interaction":{"idSuffix":"inner"}},"wdio_ui5_key":"applicationmanagepricingrules-display-component---newInfoPriceItem--daysMonth"}]}
RESULT: undefined
COMMAND: POST /session/c9b3453a2097c94c00e43fefe9121ac5/execute/async - {"script":"<script> [776 bytes]","args":[{"enterText":"30","selector":{"id":"application-managepricingrules-display-component---newInfoPriceItem--daysMonth","interaction":{"idSuffix":"inner"}},"clearTextFirst":true,"interactionType":"ENTER_TEXT"}]}
RESULT: {}
RESULT: {"script":"<script> [776 bytes]","args":[{"enterText":"30","selector":{"id":"application-managepricingrules-display-component---newInfoPriceItem--daysMonth","interaction":{"idSuffix":"inner"}},"clearTextFirst":true,"interactionType":"ENTER_TEXT"}]}
COMMAND: POST /session/c9b3453a2097c94c00e43fefe9121ac5/element - {"using":"xpath","value":"//button[@data-kt=\"saveNewRuleButton\"]"}
RESULT: {"using":"xpath","value":"//button[@data-kt=\"saveNewRuleButton\"]"}
COMMAND: POST /session/c9b3453a2097c94c00e43fefe9121ac5/element/f.95D136BDD403266D18DB82FBE1F0ED89.d.7AB6A9DB78825EBD7D0DD6C28D59D643.e.15109/click - {}
RESULT: {}
COMMAND: GET /session/c9b3453a2097c94c00e43fefe9121ac5/screenshot - {}
RESULT: {}
COMMAND: POST /session/c9b3453a2097c94c00e43fefe9121ac5/element - {"using":"css selector","value":"#shell-header-logo"}
RESULT: {"using":"css selector","value":"#shell-header-logo"}
COMMAND: POST /session/c9b3453a2097c94c00e43fefe9121ac5/element/f.95D136BDD403266D18DB82FBE1F0ED89.d.7AB6A9DB78825EBD7D0DD6C28D59D643.e.14679/click - {}
RESULT: {}
COMMAND: GET /session/c9b3453a2097c94c00e43fefe9121ac5/screenshot - {}
RESULT: {}
COMMAND: POST /session/c9b3453a2097c94c00e43fefe9121ac5/execute/async - {"script":"<script> [1562 bytes]","args":[{"selector":{"controlType":"sap.m.Text","properties":{"text":"Manage Conditions & Prices"},"interaction":{"idSuffix":"inner"}},"wdio_ui5_key":"sapm.Text{\"text\":\"Manage Conditions & Prices\"}"}]}
RESULT: {"script":"<script> [1562 bytes]","args":[{"selector":{"controlType":"sap.m.Text","properties":{"text":"Manage Conditions & Prices"},"interaction":{"idSuffix":"inner"}},"wdio_ui5_key":"sapm.Text{\"text\":\"Manage Conditions & Prices\"}"}]}
RESULT: undefined
COMMAND: POST /session/c9b3453a2097c94c00e43fefe9121ac5/element - {"using":"xpath","value":"//*[@id=\"__tile53-title\"]"}
RESULT: {"using":"xpath","value":"//*[@id=\"__tile53-title\"]"}
COMMAND: POST /session/c9b3453a2097c94c00e43fefe9121ac5/element/f.95D136BDD403266D18DB82FBE1F0ED89.d.7AB6A9DB78825EBD7D0DD6C28D59D643.e.15144/click - {}
RESULT: {}
COMMAND: GET /session/c9b3453a2097c94c00e43fefe9121ac5/screenshot - {}
RESULT: {}
COMMAND: POST /session/c9b3453a2097c94c00e43fefe9121ac5/element - {"using":"xpath","value":"//button[@aria-label=\"Create\"]"}
RESULT: {"using":"xpath","value":"//button[@aria-label=\"Create\"]"}
COMMAND: POST /session/c9b3453a2097c94c00e43fefe9121ac5/element/f.95D136BDD403266D18DB82FBE1F0ED89.d.7AB6A9DB78825EBD7D0DD6C28D59D643.e.15175/click - {}
RESULT: {}
COMMAND: POST /session/c9b3453a2097c94c00e43fefe9121ac5/actions - {"actions":[{"id":"action72","type":"key","parameters":{},"actions":[{"type":"keyDown","value":"î€‡"},{"type":"pause","duration":10},{"type":"keyUp","value":"î€‡"}]}]}
COMMAND: GET /session/c9b3453a2097c94c00e43fefe9121ac5/screenshot - {}
RESULT: {"actions":[{"id":"action72","type":"key","parameters":{},"actions":[{"type":"keyDown","value":"î€‡"},{"type":"pause","duration":10},{"type":"keyUp","value":"î€‡"}]}]}
COMMAND: GET /session/c9b3453a2097c94c00e43fefe9121ac5/screenshot - {}
COMMAND: POST /session/c9b3453a2097c94c00e43fefe9121ac5/execute/async - {"script":"<script> [1562 bytes]","args":[{"selector":{"id":"application-manageconditionprice-display-component---newCondition--condBillCond-arrow"},"wdio_ui5_key":"applicationmanageconditionprice-display-component---newCondition--condBillCond-arrow"}]}
RESULT: {}
RESULT: {}
RESULT: {"script":"<script> [1562 bytes]","args":[{"selector":{"id":"application-manageconditionprice-display-component---newCondition--condBillCond-arrow"},"wdio_ui5_key":"applicationmanageconditionprice-display-component---newCondition--condBillCond-arrow"}]}
RESULT: undefined
COMMAND: POST /session/c9b3453a2097c94c00e43fefe9121ac5/element - {"using":"xpath","value":"//*[@id=\"application-manageconditionprice-display-component---newCondition--condBillCond-arrow\"]"}
RESULT: {"using":"xpath","value":"//*[@id=\"application-manageconditionprice-display-component---newCondition--condBillCond-arrow\"]"}
COMMAND: POST /session/c9b3453a2097c94c00e43fefe9121ac5/element/f.95D136BDD403266D18DB82FBE1F0ED89.d.7AB6A9DB78825EBD7D0DD6C28D59D643.e.15639/click - {}
RESULT: {}
COMMAND: POST /session/c9b3453a2097c94c00e43fefe9121ac5/element - {"using":"xpath","value":"//span[contains(text(), \"DISP - D&I special price\")]"}
COMMAND: GET /session/c9b3453a2097c94c00e43fefe9121ac5/screenshot - {}
RESULT: {"using":"xpath","value":"//span[contains(text(), \"DISP - D&I special price\")]"}
COMMAND: POST /session/c9b3453a2097c94c00e43fefe9121ac5/element/f.95D136BDD403266D18DB82FBE1F0ED89.d.7AB6A9DB78825EBD7D0DD6C28D59D643.e.15642/click - {}
RESULT: {}
RESULT: {}
COMMAND: POST /session/c9b3453a2097c94c00e43fefe9121ac5/execute/async - {"script":"<script> [1562 bytes]","args":[{"selector":{"id":"application-manageconditionprice-display-component---newCondition--condValidTo","interaction":{"idSuffix":"inner"}},"wdio_ui5_key":"applicationmanageconditionprice-display-component---newCondition--condValidTo"}]}
COMMAND: GET /session/c9b3453a2097c94c00e43fefe9121ac5/screenshot - {}
RESULT: {"script":"<script> [1562 bytes]","args":[{"selector":{"id":"application-manageconditionprice-display-component---newCondition--condValidTo","interaction":{"idSuffix":"inner"}},"wdio_ui5_key":"applicationmanageconditionprice-display-component---newCondition--condValidTo"}]}
RESULT: undefined
COMMAND: POST /session/c9b3453a2097c94c00e43fefe9121ac5/execute/async - {"script":"<script> [776 bytes]","args":[{"enterText":"5/11/33","selector":{"id":"application-manageconditionprice-display-component---newCondition--condValidTo","interaction":{"idSuffix":"inner"}},"clearTextFirst":true,"interactionType":"ENTER_TEXT"}]}
RESULT: {}
RESULT: {"script":"<script> [776 bytes]","args":[{"enterText":"5/11/33","selector":{"id":"application-manageconditionprice-display-component---newCondition--condValidTo","interaction":{"idSuffix":"inner"}},"clearTextFirst":true,"interactionType":"ENTER_TEXT"}]}
COMMAND: POST /session/c9b3453a2097c94c00e43fefe9121ac5/element - {"using":"xpath","value":"//input[@id=\"application-manageconditionprice-display-component---newCondition--condRU-inner\"]"}
RESULT: {"using":"xpath","value":"//input[@id=\"application-manageconditionprice-display-component---newCondition--condRU-inner\"]"}
COMMAND: POST /session/c9b3453a2097c94c00e43fefe9121ac5/element/f.95D136BDD403266D18DB82FBE1F0ED89.d.7AB6A9DB78825EBD7D0DD6C28D59D643.e.15370/clear - {}
RESULT: {}
COMMAND: POST /session/c9b3453a2097c94c00e43fefe9121ac5/element/f.95D136BDD403266D18DB82FBE1F0ED89.d.7AB6A9DB78825EBD7D0DD6C28D59D643.e.15370/value - {"text":"WebdriverRUR2Cyh9kr"}
COMMAND: GET /session/c9b3453a2097c94c00e43fefe9121ac5/screenshot - {}
RESULT: {"text":"WebdriverRUR2Cyh9kr"}
COMMAND: GET /session/c9b3453a2097c94c00e43fefe9121ac5/screenshot - {}
RESULT: {}
RESULT: {}
COMMAND: POST /session/c9b3453a2097c94c00e43fefe9121ac5/actions - {"actions":[{"id":"action73","type":"key","parameters":{},"actions":[{"type":"keyDown","value":"î€‡"},{"type":"pause","duration":10},{"type":"keyUp","value":"î€‡"}]}]}
RESULT: {"actions":[{"id":"action73","type":"key","parameters":{},"actions":[{"type":"keyDown","value":"î€‡"},{"type":"pause","duration":10},{"type":"keyUp","value":"î€‡"}]}]}
COMMAND: POST /session/c9b3453a2097c94c00e43fefe9121ac5/execute/async - {"script":"<script> [1562 bytes]","args":[{"selector":{"id":"application-manageconditionprice-display-component---newCondition--condBaseQty","interaction":{"idSuffix":"inner"}},"wdio_ui5_key":"applicationmanageconditionprice-display-component---newCondition--condBaseQty"}]}
COMMAND: GET /session/c9b3453a2097c94c00e43fefe9121ac5/screenshot - {}
RESULT: {"script":"<script> [1562 bytes]","args":[{"selector":{"id":"application-manageconditionprice-display-component---newCondition--condBaseQty","interaction":{"idSuffix":"inner"}},"wdio_ui5_key":"applicationmanageconditionprice-display-component---newCondition--condBaseQty"}]}
RESULT: undefined
COMMAND: POST /session/c9b3453a2097c94c00e43fefe9121ac5/execute/async - {"script":"<script> [776 bytes]","args":[{"enterText":"1","selector":{"id":"application-manageconditionprice-display-component---newCondition--condBaseQty","interaction":{"idSuffix":"inner"}},"clearTextFirst":true,"interactionType":"ENTER_TEXT"}]}
RESULT: {}
RESULT: {"script":"<script> [776 bytes]","args":[{"enterText":"1","selector":{"id":"application-manageconditionprice-display-component---newCondition--condBaseQty","interaction":{"idSuffix":"inner"}},"clearTextFirst":true,"interactionType":"ENTER_TEXT"}]}
COMMAND: POST /session/c9b3453a2097c94c00e43fefe9121ac5/execute/async - {"script":"<script> [1562 bytes]","args":[{"selector":{"id":"application-manageconditionprice-display-component---newCondition--condValue","interaction":{"idSuffix":"inner"}},"wdio_ui5_key":"applicationmanageconditionprice-display-component---newCondition--condValue"}]}
RESULT: {"script":"<script> [1562 bytes]","args":[{"selector":{"id":"application-manageconditionprice-display-component---newCondition--condValue","interaction":{"idSuffix":"inner"}},"wdio_ui5_key":"applicationmanageconditionprice-display-component---newCondition--condValue"}]}
RESULT: undefined
COMMAND: POST /session/c9b3453a2097c94c00e43fefe9121ac5/execute/async - {"script":"<script> [776 bytes]","args":[{"enterText":"100","selector":{"id":"application-manageconditionprice-display-component---newCondition--condValue","interaction":{"idSuffix":"inner"}},"clearTextFirst":true,"interactionType":"ENTER_TEXT"}]}
RESULT: {"script":"<script> [776 bytes]","args":[{"enterText":"100","selector":{"id":"application-manageconditionprice-display-component---newCondition--condValue","interaction":{"idSuffix":"inner"}},"clearTextFirst":true,"interactionType":"ENTER_TEXT"}]}
COMMAND: POST /session/c9b3453a2097c94c00e43fefe9121ac5/execute/async - {"script":"<script> [1562 bytes]","args":[{"selector":{"id":"application-manageconditionprice-display-component---newCondition--condCurr-arrow"},"wdio_ui5_key":"applicationmanageconditionprice-display-component---newCondition--condCurr-arrow"}]}
RESULT: {"script":"<script> [1562 bytes]","args":[{"selector":{"id":"application-manageconditionprice-display-component---newCondition--condCurr-arrow"},"wdio_ui5_key":"applicationmanageconditionprice-display-component---newCondition--condCurr-arrow"}]}
RESULT: undefined
COMMAND: POST /session/c9b3453a2097c94c00e43fefe9121ac5/element - {"using":"xpath","value":"//*[@id=\"application-manageconditionprice-display-component---newCondition--condCurr-arrow\"]"}
RESULT: {"using":"xpath","value":"//*[@id=\"application-manageconditionprice-display-component---newCondition--condCurr-arrow\"]"}
COMMAND: POST /session/c9b3453a2097c94c00e43fefe9121ac5/element/f.95D136BDD403266D18DB82FBE1F0ED89.d.7AB6A9DB78825EBD7D0DD6C28D59D643.e.15606/click - {}
RESULT: {}
COMMAND: POST /session/c9b3453a2097c94c00e43fefe9121ac5/element - {"using":"xpath","value":"//span[contains(text(), \"Euro\")]"}
COMMAND: GET /session/c9b3453a2097c94c00e43fefe9121ac5/screenshot - {}
RESULT: {"using":"xpath","value":"//span[contains(text(), \"Euro\")]"}
COMMAND: POST /session/c9b3453a2097c94c00e43fefe9121ac5/element/f.95D136BDD403266D18DB82FBE1F0ED89.d.7AB6A9DB78825EBD7D0DD6C28D59D643.e.15672/click - {}
RESULT: {}
RESULT: {}
COMMAND: POST /session/c9b3453a2097c94c00e43fefe9121ac5/element - {"using":"xpath","value":"//button[@data-kt=\"saveButton\"]"}
COMMAND: GET /session/c9b3453a2097c94c00e43fefe9121ac5/screenshot - {}
RESULT: {"using":"xpath","value":"//button[@data-kt=\"saveButton\"]"}
COMMAND: POST /session/c9b3453a2097c94c00e43fefe9121ac5/element/f.95D136BDD403266D18DB82FBE1F0ED89.d.7AB6A9DB78825EBD7D0DD6C28D59D643.e.15607/click - {}
RESULT: {}
RESULT: {}
COMMAND: GET /session/c9b3453a2097c94c00e43fefe9121ac5/screenshot - {}
RESULT: {}
COMMAND: POST /session/c9b3453a2097c94c00e43fefe9121ac5/element - {"using":"css selector","value":"#shell-header-logo"}
RESULT: {"using":"css selector","value":"#shell-header-logo"}
COMMAND: POST /session/c9b3453a2097c94c00e43fefe9121ac5/element/f.95D136BDD403266D18DB82FBE1F0ED89.d.7AB6A9DB78825EBD7D0DD6C28D59D643.e.15146/click - {}
RESULT: {}
COMMAND: GET /session/c9b3453a2097c94c00e43fefe9121ac5/screenshot - {}
RESULT: {}
]]></system-out>
    </testcase>
    <testcase classname="chrome.136_0_7103_93.windows.E2E_-_Logistical_and_commercial_statuses" name="Should create a new contract" time="73.927">
      <system-out><![CDATA[
COMMAND: POST /session/c9b3453a2097c94c00e43fefe9121ac5/execute/async - {"script":"<script> [1562 bytes]","args":[{"selector":{"controlType":"sap.m.GenericTile","properties":{"header":"Manage Contracts"}},"wdio_ui5_key":"sapm.GenericTile{\"header\":\"Manage Contracts\"}"}]}
RESULT: {"script":"<script> [1562 bytes]","args":[{"selector":{"controlType":"sap.m.GenericTile","properties":{"header":"Manage Contracts"}},"wdio_ui5_key":"sapm.GenericTile{\"header\":\"Manage Contracts\"}"}]}
RESULT: undefined
COMMAND: POST /session/c9b3453a2097c94c00e43fefe9121ac5/element - {"using":"xpath","value":"//*[@id=\"__tile132\"]"}
RESULT: {"using":"xpath","value":"//*[@id=\"__tile132\"]"}
COMMAND: POST /session/c9b3453a2097c94c00e43fefe9121ac5/element/f.95D136BDD403266D18DB82FBE1F0ED89.d.7AB6A9DB78825EBD7D0DD6C28D59D643.e.15822/click - {}
RESULT: {}
COMMAND: GET /session/c9b3453a2097c94c00e43fefe9121ac5/screenshot - {}
RESULT: {}
COMMAND: POST /session/c9b3453a2097c94c00e43fefe9121ac5/elements - {"using":"xpath","value":"//span[text()='Error']"}
RESULT: {"using":"xpath","value":"//span[text()='Error']"}
COMMAND: POST /session/c9b3453a2097c94c00e43fefe9121ac5/element - {"using":"xpath","value":"//button[@data-kt=\"addButton\"]"}
RESULT: {"using":"xpath","value":"//button[@data-kt=\"addButton\"]"}
COMMAND: POST /session/c9b3453a2097c94c00e43fefe9121ac5/element/f.95D136BDD403266D18DB82FBE1F0ED89.d.7AB6A9DB78825EBD7D0DD6C28D59D643.e.15875/click - {}
RESULT: {}
COMMAND: GET /session/c9b3453a2097c94c00e43fefe9121ac5/screenshot - {}
RESULT: {}
COMMAND: POST /session/c9b3453a2097c94c00e43fefe9121ac5/execute/async - {"script":"<script> [1562 bytes]","args":[{"selector":{"id":"application-managecontracts-display-component---AddNewContract--projectDescription","interaction":{"idSuffix":"inner"}},"wdio_ui5_key":"applicationmanagecontracts-display-component---AddNewContract--projectDescription"}]}
RESULT: {"script":"<script> [1562 bytes]","args":[{"selector":{"id":"application-managecontracts-display-component---AddNewContract--projectDescription","interaction":{"idSuffix":"inner"}},"wdio_ui5_key":"applicationmanagecontracts-display-component---AddNewContract--projectDescription"}]}
RESULT: undefined
COMMAND: POST /session/c9b3453a2097c94c00e43fefe9121ac5/execute/async - {"script":"<script> [776 bytes]","args":[{"enterText":"WdIOR2couu0x","selector":{"id":"application-managecontracts-display-component---AddNewContract--projectDescription","interaction":{"idSuffix":"inner"}},"clearTextFirst":true,"interactionType":"ENTER_TEXT"}]}
RESULT: {"script":"<script> [776 bytes]","args":[{"enterText":"WdIOR2couu0x","selector":{"id":"application-managecontracts-display-component---AddNewContract--projectDescription","interaction":{"idSuffix":"inner"}},"clearTextFirst":true,"interactionType":"ENTER_TEXT"}]}
COMMAND: POST /session/c9b3453a2097c94c00e43fefe9121ac5/element - {"using":"xpath","value":"//input[@id=\"application-managecontracts-display-component---AddNewContract--yardId-inner\"]"}
RESULT: {"using":"xpath","value":"//input[@id=\"application-managecontracts-display-component---AddNewContract--yardId-inner\"]"}
COMMAND: POST /session/c9b3453a2097c94c00e43fefe9121ac5/element/f.95D136BDD403266D18DB82FBE1F0ED89.d.7AB6A9DB78825EBD7D0DD6C28D59D643.e.16179/clear - {}
RESULT: {}
COMMAND: POST /session/c9b3453a2097c94c00e43fefe9121ac5/element/f.95D136BDD403266D18DB82FBE1F0ED89.d.7AB6A9DB78825EBD7D0DD6C28D59D643.e.16179/value - {"text":"WebdriverYarda0k98"}
COMMAND: GET /session/c9b3453a2097c94c00e43fefe9121ac5/screenshot - {}
RESULT: {"text":"WebdriverYarda0k98"}
COMMAND: GET /session/c9b3453a2097c94c00e43fefe9121ac5/screenshot - {}
RESULT: {}
RESULT: {}
COMMAND: POST /session/c9b3453a2097c94c00e43fefe9121ac5/actions - {"actions":[{"id":"action74","type":"key","parameters":{},"actions":[{"type":"keyDown","value":"î€‡"},{"type":"pause","duration":10},{"type":"keyUp","value":"î€‡"}]}]}
RESULT: {"actions":[{"id":"action74","type":"key","parameters":{},"actions":[{"type":"keyDown","value":"î€‡"},{"type":"pause","duration":10},{"type":"keyUp","value":"î€‡"}]}]}
COMMAND: GET /session/c9b3453a2097c94c00e43fefe9121ac5/screenshot - {}
RESULT: {}
COMMAND: POST /session/c9b3453a2097c94c00e43fefe9121ac5/element - {"using":"xpath","value":"//input[@id=\"application-managecontracts-display-component---AddNewContract--customerSelect-inner\"]"}
RESULT: {"using":"xpath","value":"//input[@id=\"application-managecontracts-display-component---AddNewContract--customerSelect-inner\"]"}
COMMAND: POST /session/c9b3453a2097c94c00e43fefe9121ac5/element/f.95D136BDD403266D18DB82FBE1F0ED89.d.7AB6A9DB78825EBD7D0DD6C28D59D643.e.16177/clear - {}
RESULT: {}
COMMAND: POST /session/c9b3453a2097c94c00e43fefe9121ac5/element/f.95D136BDD403266D18DB82FBE1F0ED89.d.7AB6A9DB78825EBD7D0DD6C28D59D643.e.16177/value - {"text":"WebdriverPartnerll9qq"}
COMMAND: GET /session/c9b3453a2097c94c00e43fefe9121ac5/screenshot - {}
RESULT: {"text":"WebdriverPartnerll9qq"}
COMMAND: GET /session/c9b3453a2097c94c00e43fefe9121ac5/screenshot - {}
RESULT: {}
RESULT: {}
COMMAND: POST /session/c9b3453a2097c94c00e43fefe9121ac5/actions - {"actions":[{"id":"action75","type":"key","parameters":{},"actions":[{"type":"keyDown","value":"î€‡"},{"type":"pause","duration":10},{"type":"keyUp","value":"î€‡"}]}]}
RESULT: {"actions":[{"id":"action75","type":"key","parameters":{},"actions":[{"type":"keyDown","value":"î€‡"},{"type":"pause","duration":10},{"type":"keyUp","value":"î€‡"}]}]}
COMMAND: GET /session/c9b3453a2097c94c00e43fefe9121ac5/screenshot - {}
RESULT: {}
COMMAND: POST /session/c9b3453a2097c94c00e43fefe9121ac5/element - {"using":"xpath","value":"//input[@id=\"application-managecontracts-display-component---AddNewContract--site-inner\"]"}
RESULT: {"using":"xpath","value":"//input[@id=\"application-managecontracts-display-component---AddNewContract--site-inner\"]"}
COMMAND: POST /session/c9b3453a2097c94c00e43fefe9121ac5/element/f.95D136BDD403266D18DB82FBE1F0ED89.d.7AB6A9DB78825EBD7D0DD6C28D59D643.e.16178/clear - {}
RESULT: {}
COMMAND: POST /session/c9b3453a2097c94c00e43fefe9121ac5/element/f.95D136BDD403266D18DB82FBE1F0ED89.d.7AB6A9DB78825EBD7D0DD6C28D59D643.e.16178/value - {"text":"WebdriverSite30pgp"}
COMMAND: GET /session/c9b3453a2097c94c00e43fefe9121ac5/screenshot - {}
RESULT: {"text":"WebdriverSite30pgp"}
COMMAND: GET /session/c9b3453a2097c94c00e43fefe9121ac5/screenshot - {}
RESULT: {}
RESULT: {}
COMMAND: POST /session/c9b3453a2097c94c00e43fefe9121ac5/actions - {"actions":[{"id":"action76","type":"key","parameters":{},"actions":[{"type":"keyDown","value":"î€‡"},{"type":"pause","duration":10},{"type":"keyUp","value":"î€‡"}]}]}
RESULT: {"actions":[{"id":"action76","type":"key","parameters":{},"actions":[{"type":"keyDown","value":"î€‡"},{"type":"pause","duration":10},{"type":"keyUp","value":"î€‡"}]}]}
COMMAND: POST /session/c9b3453a2097c94c00e43fefe9121ac5/element - {"using":"xpath","value":"//button[@data-kt=\"saveButton\"]"}
COMMAND: GET /session/c9b3453a2097c94c00e43fefe9121ac5/screenshot - {}
RESULT: {"using":"xpath","value":"//button[@data-kt=\"saveButton\"]"}
COMMAND: POST /session/c9b3453a2097c94c00e43fefe9121ac5/element/f.95D136BDD403266D18DB82FBE1F0ED89.d.7AB6A9DB78825EBD7D0DD6C28D59D643.e.16209/click - {}
RESULT: {}
RESULT: {}
COMMAND: GET /session/c9b3453a2097c94c00e43fefe9121ac5/screenshot - {}
RESULT: {}
COMMAND: POST /session/c9b3453a2097c94c00e43fefe9121ac5/execute/async - {"script":"<script> [1562 bytes]","args":[{"selector":{"id":"contractDetailTitleNoExpanded","viewName":"etm.portal.ui.managecontracts.view.Detail"},"wdio_ui5_key":"contractDetailTitleNoExpandedetmportal.ui.managecontracts.view.Detail"}]}
RESULT: {"script":"<script> [1562 bytes]","args":[{"selector":{"id":"contractDetailTitleNoExpanded","viewName":"etm.portal.ui.managecontracts.view.Detail"},"wdio_ui5_key":"contractDetailTitleNoExpandedetmportal.ui.managecontracts.view.Detail"}]}
RESULT: undefined
COMMAND: POST /session/c9b3453a2097c94c00e43fefe9121ac5/execute/async - {"script":"<script> [6424 bytes]","args":[{"element-6066-11e4-a52e-4f735466cecf":"f.95D136BDD403266D18DB82FBE1F0ED89.d.7AB6A9DB78825EBD7D0DD6C28D59D643.e.16279"},"getText",[]]}
RESULT: {"script":"<script> [6424 bytes]","args":[{"element-6066-11e4-a52e-4f735466cecf":"f.95D136BDD403266D18DB82FBE1F0ED89.d.7AB6A9DB78825EBD7D0DD6C28D59D643.e.16279"},"getText",[]]}
]]></system-out>
    </testcase>
    <testcase classname="chrome.136_0_7103_93.windows.E2E_-_Logistical_and_commercial_statuses" name="Should add materialID to the contract" time="48.158">
      <system-out><![CDATA[
COMMAND: POST /session/c9b3453a2097c94c00e43fefe9121ac5/element - {"using":"xpath","value":"//button[@data-kt=\"contractDetailEditBtnButton\"]"}
RESULT: {"using":"xpath","value":"//button[@data-kt=\"contractDetailEditBtnButton\"]"}
COMMAND: POST /session/c9b3453a2097c94c00e43fefe9121ac5/element/f.95D136BDD403266D18DB82FBE1F0ED89.d.7AB6A9DB78825EBD7D0DD6C28D59D643.e.16280/click - {}
RESULT: {}
COMMAND: GET /session/c9b3453a2097c94c00e43fefe9121ac5/screenshot - {}
RESULT: {}
COMMAND: POST /session/c9b3453a2097c94c00e43fefe9121ac5/element - {"using":"xpath","value":"(//span[contains(text(), \"Additional Addresses\")])[2]"}
RESULT: {"using":"xpath","value":"(//span[contains(text(), \"Additional Addresses\")])[2]"}
COMMAND: POST /session/c9b3453a2097c94c00e43fefe9121ac5/element/f.95D136BDD403266D18DB82FBE1F0ED89.d.7AB6A9DB78825EBD7D0DD6C28D59D643.e.16341/click - {}
RESULT: {}
COMMAND: GET /session/c9b3453a2097c94c00e43fefe9121ac5/screenshot - {}
RESULT: {}
COMMAND: POST /session/c9b3453a2097c94c00e43fefe9121ac5/element - {"using":"xpath","value":"//button[@data-kt=\"btnAddTableRowOverflowToolbarButton\"]"}
RESULT: {"using":"xpath","value":"//button[@data-kt=\"btnAddTableRowOverflowToolbarButton\"]"}
COMMAND: POST /session/c9b3453a2097c94c00e43fefe9121ac5/element/f.95D136BDD403266D18DB82FBE1F0ED89.d.7AB6A9DB78825EBD7D0DD6C28D59D643.e.16343/click - {}
RESULT: {}
COMMAND: GET /session/c9b3453a2097c94c00e43fefe9121ac5/screenshot - {}
RESULT: {}
COMMAND: POST /session/c9b3453a2097c94c00e43fefe9121ac5/element - {"using":"xpath","value":"//div[(text() = 'Standard Entry' or . = 'Standard Entry')]"}
RESULT: {"using":"xpath","value":"//div[(text() = 'Standard Entry' or . = 'Standard Entry')]"}
COMMAND: POST /session/c9b3453a2097c94c00e43fefe9121ac5/element/f.95D136BDD403266D18DB82FBE1F0ED89.d.7AB6A9DB78825EBD7D0DD6C28D59D643.e.16345/click - {}
RESULT: {}
COMMAND: POST /session/c9b3453a2097c94c00e43fefe9121ac5/element - {"using":"xpath","value":"//td[6]/div/div/input[1]"}
COMMAND: GET /session/c9b3453a2097c94c00e43fefe9121ac5/screenshot - {}
RESULT: {"using":"xpath","value":"//td[6]/div/div/input[1]"}
COMMAND: POST /session/c9b3453a2097c94c00e43fefe9121ac5/element/f.95D136BDD403266D18DB82FBE1F0ED89.d.7AB6A9DB78825EBD7D0DD6C28D59D643.e.16347/click - {}
RESULT: {}
RESULT: {}
COMMAND: POST /session/c9b3453a2097c94c00e43fefe9121ac5/actions - {"actions":[{"id":"action77","type":"key","parameters":{},"actions":[{"type":"keyDown","value":"î€ƒ"},{"type":"pause","duration":10},{"type":"keyUp","value":"î€ƒ"}]}]}
COMMAND: GET /session/c9b3453a2097c94c00e43fefe9121ac5/screenshot - {}
RESULT: {"actions":[{"id":"action77","type":"key","parameters":{},"actions":[{"type":"keyDown","value":"î€ƒ"},{"type":"pause","duration":10},{"type":"keyUp","value":"î€ƒ"}]}]}
COMMAND: POST /session/c9b3453a2097c94c00e43fefe9121ac5/element - {"using":"xpath","value":"//td[6]/div/div/input[1]"}
COMMAND: GET /session/c9b3453a2097c94c00e43fefe9121ac5/screenshot - {}
RESULT: {}
RESULT: {"using":"xpath","value":"//td[6]/div/div/input[1]"}
COMMAND: POST /session/c9b3453a2097c94c00e43fefe9121ac5/element/f.95D136BDD403266D18DB82FBE1F0ED89.d.7AB6A9DB78825EBD7D0DD6C28D59D643.e.16347/clear - {}
RESULT: {}
RESULT: {}
COMMAND: POST /session/c9b3453a2097c94c00e43fefe9121ac5/element/f.95D136BDD403266D18DB82FBE1F0ED89.d.7AB6A9DB78825EBD7D0DD6C28D59D643.e.16347/value - {"text":"Material"}
COMMAND: GET /session/c9b3453a2097c94c00e43fefe9121ac5/screenshot - {}
RESULT: {"text":"Material"}
COMMAND: GET /session/c9b3453a2097c94c00e43fefe9121ac5/screenshot - {}
RESULT: {}
RESULT: {}
COMMAND: POST /session/c9b3453a2097c94c00e43fefe9121ac5/actions - {"actions":[{"id":"action78","type":"key","parameters":{},"actions":[{"type":"keyDown","value":"î€‡"},{"type":"pause","duration":10},{"type":"keyUp","value":"î€‡"}]}]}
RESULT: {"actions":[{"id":"action78","type":"key","parameters":{},"actions":[{"type":"keyDown","value":"î€‡"},{"type":"pause","duration":10},{"type":"keyUp","value":"î€‡"}]}]}
COMMAND: GET /session/c9b3453a2097c94c00e43fefe9121ac5/screenshot - {}
RESULT: {}
COMMAND: POST /session/c9b3453a2097c94c00e43fefe9121ac5/actions - {"actions":[{"id":"action79","type":"key","parameters":{},"actions":[{"type":"keyDown","value":"î€‡"},{"type":"pause","duration":10},{"type":"keyUp","value":"î€‡"}]}]}
RESULT: {"actions":[{"id":"action79","type":"key","parameters":{},"actions":[{"type":"keyDown","value":"î€‡"},{"type":"pause","duration":10},{"type":"keyUp","value":"î€‡"}]}]}
COMMAND: POST /session/c9b3453a2097c94c00e43fefe9121ac5/element - {"using":"xpath","value":"//td[7]/div/div/input"}
COMMAND: GET /session/c9b3453a2097c94c00e43fefe9121ac5/screenshot - {}
RESULT: {"using":"xpath","value":"//td[7]/div/div/input"}
COMMAND: POST /session/c9b3453a2097c94c00e43fefe9121ac5/element/f.95D136BDD403266D18DB82FBE1F0ED89.d.7AB6A9DB78825EBD7D0DD6C28D59D643.e.16360/clear - {}
RESULT: {}
RESULT: {}
COMMAND: POST /session/c9b3453a2097c94c00e43fefe9121ac5/element/f.95D136BDD403266D18DB82FBE1F0ED89.d.7AB6A9DB78825EBD7D0DD6C28D59D643.e.16360/value - {"text":"WebdriverRUR2Cyh9kr"}
COMMAND: GET /session/c9b3453a2097c94c00e43fefe9121ac5/screenshot - {}
RESULT: {"text":"WebdriverRUR2Cyh9kr"}
COMMAND: GET /session/c9b3453a2097c94c00e43fefe9121ac5/screenshot - {}
RESULT: {}
RESULT: {}
COMMAND: POST /session/c9b3453a2097c94c00e43fefe9121ac5/actions - {"actions":[{"id":"action80","type":"key","parameters":{},"actions":[{"type":"keyDown","value":"î€‡"},{"type":"pause","duration":10},{"type":"keyUp","value":"î€‡"}]}]}
RESULT: {"actions":[{"id":"action80","type":"key","parameters":{},"actions":[{"type":"keyDown","value":"î€‡"},{"type":"pause","duration":10},{"type":"keyUp","value":"î€‡"}]}]}
COMMAND: GET /session/c9b3453a2097c94c00e43fefe9121ac5/screenshot - {}
COMMAND: POST /session/c9b3453a2097c94c00e43fefe9121ac5/actions - {"actions":[{"id":"action81","type":"key","parameters":{},"actions":[{"type":"keyDown","value":"î€‡"},{"type":"pause","duration":10},{"type":"keyUp","value":"î€‡"}]}]}
RESULT: {}
RESULT: {"actions":[{"id":"action81","type":"key","parameters":{},"actions":[{"type":"keyDown","value":"î€‡"},{"type":"pause","duration":10},{"type":"keyUp","value":"î€‡"}]}]}
COMMAND: GET /session/c9b3453a2097c94c00e43fefe9121ac5/screenshot - {}
RESULT: {}
COMMAND: POST /session/c9b3453a2097c94c00e43fefe9121ac5/element - {"using":"xpath","value":"(//button[@data-kt=\"saveButton\"])[2]"}
RESULT: {"using":"xpath","value":"(//button[@data-kt=\"saveButton\"])[2]"}
COMMAND: POST /session/c9b3453a2097c94c00e43fefe9121ac5/element/f.95D136BDD403266D18DB82FBE1F0ED89.d.7AB6A9DB78825EBD7D0DD6C28D59D643.e.16383/click - {}
RESULT: {}
COMMAND: GET /session/c9b3453a2097c94c00e43fefe9121ac5/screenshot - {}
RESULT: {}
]]></system-out>
    </testcase>
    <testcase classname="chrome.136_0_7103_93.windows.E2E_-_Logistical_and_commercial_statuses" name="It should follow the handover steps to the status fully provided" time="409.437">
      <system-out><![CDATA[
COMMAND: POST /session/c9b3453a2097c94c00e43fefe9121ac5/execute/async - {"script":"<script> [1562 bytes]","args":[{"selector":{"id":"contractDetailProvideButton","viewName":"etm.portal.ui.managecontracts.view.Detail","interaction":{"idSuffix":"BDI-content"}},"wdio_ui5_key":"contractDetailProvideButtonetmportal.ui.managecontracts.view.Detail"}]}
RESULT: {"script":"<script> [1562 bytes]","args":[{"selector":{"id":"contractDetailProvideButton","viewName":"etm.portal.ui.managecontracts.view.Detail","interaction":{"idSuffix":"BDI-content"}},"wdio_ui5_key":"contractDetailProvideButtonetmportal.ui.managecontracts.view.Detail"}]}
RESULT: undefined
COMMAND: POST /session/c9b3453a2097c94c00e43fefe9121ac5/element - {"using":"xpath","value":"//*[@id=\"__xmlview61--contractDetailProvideButton\"]"}
RESULT: {"using":"xpath","value":"//*[@id=\"__xmlview61--contractDetailProvideButton\"]"}
COMMAND: POST /session/c9b3453a2097c94c00e43fefe9121ac5/element/f.95D136BDD403266D18DB82FBE1F0ED89.d.7AB6A9DB78825EBD7D0DD6C28D59D643.e.16388/click - {}
RESULT: {}
COMMAND: GET /session/c9b3453a2097c94c00e43fefe9121ac5/screenshot - {}
COMMAND: POST /session/c9b3453a2097c94c00e43fefe9121ac5/execute/async - {"script":"<script> [1562 bytes]","args":[{"selector":{"id":"application-managehandovers-display-component---AddNewHO--oneStep","interaction":{"idSuffix":"CbBg"}},"wdio_ui5_key":"applicationmanagehandovers-display-component---AddNewHO--oneStep"}]}
RESULT: {}
RESULT: {"script":"<script> [1562 bytes]","args":[{"selector":{"id":"application-managehandovers-display-component---AddNewHO--oneStep","interaction":{"idSuffix":"CbBg"}},"wdio_ui5_key":"applicationmanagehandovers-display-component---AddNewHO--oneStep"}]}
RESULT: undefined
COMMAND: POST /session/c9b3453a2097c94c00e43fefe9121ac5/element - {"using":"xpath","value":"//*[@id=\"application-managehandovers-display-component---AddNewHO--oneStep\"]"}
RESULT: {"using":"xpath","value":"//*[@id=\"application-managehandovers-display-component---AddNewHO--oneStep\"]"}
COMMAND: POST /session/c9b3453a2097c94c00e43fefe9121ac5/element/f.95D136BDD403266D18DB82FBE1F0ED89.d.7AB6A9DB78825EBD7D0DD6C28D59D643.e.16543/click - {}
RESULT: {}
RESULT: undefined
COMMAND: POST /session/c9b3453a2097c94c00e43fefe9121ac5/execute/async - {"script":"<script> [776 bytes]","args":[{"enterText":"05/15/25","selector":{"id":"application-managehandovers-display-component---AddNewHO--dueDate","interaction":{"idSuffix":"inner"}},"clearTextFirst":true,"interactionType":"ENTER_TEXT"}]}
COMMAND: GET /session/c9b3453a2097c94c00e43fefe9121ac5/screenshot - {}
RESULT: {"script":"<script> [776 bytes]","args":[{"enterText":"05/15/25","selector":{"id":"application-managehandovers-display-component---AddNewHO--dueDate","interaction":{"idSuffix":"inner"}},"clearTextFirst":true,"interactionType":"ENTER_TEXT"}]}
RESULT: undefined
COMMAND: POST /session/c9b3453a2097c94c00e43fefe9121ac5/element - {"using":"xpath","value":"//*[@id=\"application-managehandovers-display-component---AddNewHO--ObjectPageLayout-anchBar-application-managehandovers-display-component---AddNewHO--section4-anchor\"]"}
RESULT: {}
RESULT: {"using":"xpath","value":"//*[@id=\"application-managehandovers-display-component---AddNewHO--ObjectPageLayout-anchBar-application-managehandovers-display-component---AddNewHO--section4-anchor\"]"}
COMMAND: POST /session/c9b3453a2097c94c00e43fefe9121ac5/element/f.95D136BDD403266D18DB82FBE1F0ED89.d.7AB6A9DB78825EBD7D0DD6C28D59D643.e.16544/click - {}
RESULT: {}
COMMAND: POST /session/c9b3453a2097c94c00e43fefe9121ac5/execute/async - {"script":"<script> [1562 bytes]","args":[{"selector":{"controlType":"sap.ui.core.Icon","viewName":"etm.portal.ui.managehandovers.view.AddNewHO","viewId":"application-managehandovers-display-component---AddNewHO","properties":{"src":{"regex":{"source":"add"}}}},"wdio_ui5_key":"etmportal.ui.managehandovers.view.AddNewHOsap.ui.core.Icon{\"src\":{\"regex\":{\"source\":\"add\"}}}"}]}
COMMAND: GET /session/c9b3453a2097c94c00e43fefe9121ac5/screenshot - {}
RESULT: {"script":"<script> [1562 bytes]","args":[{"selector":{"controlType":"sap.ui.core.Icon","viewName":"etm.portal.ui.managehandovers.view.AddNewHO","viewId":"application-managehandovers-display-component---AddNewHO","properties":{"src":{"regex":{"source":"add"}}}},"wdio_ui5_key":"etmportal.ui.managehandovers.view.AddNewHOsap.ui.core.Icon{\"src\":{\"regex\":{\"source\":\"add\"}}}"}]}
RESULT: undefined
COMMAND: POST /session/c9b3453a2097c94c00e43fefe9121ac5/element - {"using":"xpath","value":"//*[@id=\"__button166-img\"]"}
RESULT: {}
RESULT: {"using":"xpath","value":"//*[@id=\"__button166-img\"]"}
COMMAND: POST /session/c9b3453a2097c94c00e43fefe9121ac5/element/f.95D136BDD403266D18DB82FBE1F0ED89.d.7AB6A9DB78825EBD7D0DD6C28D59D643.e.16548/click - {}
RESULT: {}
COMMAND: GET /session/c9b3453a2097c94c00e43fefe9121ac5/screenshot - {}
RESULT: {}
RESULT: undefined
COMMAND: POST /session/c9b3453a2097c94c00e43fefe9121ac5/element - {"using":"xpath","value":"//*[@id=\"application-managehandovers-display-component---AddNewHO--popup-sa\"]"}
RESULT: {"using":"xpath","value":"//*[@id=\"application-managehandovers-display-component---AddNewHO--popup-sa\"]"}
COMMAND: POST /session/c9b3453a2097c94c00e43fefe9121ac5/element/f.95D136BDD403266D18DB82FBE1F0ED89.d.7AB6A9DB78825EBD7D0DD6C28D59D643.e.16564/click - {}
RESULT: {}
COMMAND: POST /session/c9b3453a2097c94c00e43fefe9121ac5/execute/async - {"script":"<script> [1562 bytes]","args":[{"selector":{"controlType":"sap.m.Button","viewName":"etm.portal.ui.managehandovers.view.AddNewHO","viewId":"application-managehandovers-display-component---AddNewHO","i18NText":{"propertyName":"text","key":"select"},"searchOpenDialogs":true,"interaction":{"idSuffix":"inner"}},"wdio_ui5_key":"etmportal.ui.managehandovers.view.AddNewHOsap.m.Button{\"propertyName\":\"text\",\"key\":\"select\"}"}]}
COMMAND: GET /session/c9b3453a2097c94c00e43fefe9121ac5/screenshot - {}
RESULT: {"script":"<script> [1562 bytes]","args":[{"selector":{"controlType":"sap.m.Button","viewName":"etm.portal.ui.managehandovers.view.AddNewHO","viewId":"application-managehandovers-display-component---AddNewHO","i18NText":{"propertyName":"text","key":"select"},"searchOpenDialogs":true,"interaction":{"idSuffix":"inner"}},"wdio_ui5_key":"etmportal.ui.managehandovers.view.AddNewHOsap.m.Button{\"propertyName\":\"text\",\"key\":\"select\"}"}]}
RESULT: undefined
COMMAND: POST /session/c9b3453a2097c94c00e43fefe9121ac5/element - {"using":"xpath","value":"//*[@id=\"__button169\"]"}
RESULT: {}
RESULT: {"using":"xpath","value":"//*[@id=\"__button169\"]"}
COMMAND: POST /session/c9b3453a2097c94c00e43fefe9121ac5/element/f.95D136BDD403266D18DB82FBE1F0ED89.d.7AB6A9DB78825EBD7D0DD6C28D59D643.e.16567/click - {}
RESULT: {}
COMMAND: POST /session/c9b3453a2097c94c00e43fefe9121ac5/execute/async - {"script":"<script> [1562 bytes]","args":[{"selector":{"id":"application-managehandovers-display-component---AddNewHO--confirmCreationButton","interaction":{"idSuffix":"BDI-content"}},"wdio_ui5_key":"applicationmanagehandovers-display-component---AddNewHO--confirmCreationButton"}]}
COMMAND: GET /session/c9b3453a2097c94c00e43fefe9121ac5/screenshot - {}
RESULT: {"script":"<script> [1562 bytes]","args":[{"selector":{"id":"application-managehandovers-display-component---AddNewHO--confirmCreationButton","interaction":{"idSuffix":"BDI-content"}},"wdio_ui5_key":"applicationmanagehandovers-display-component---AddNewHO--confirmCreationButton"}]}
RESULT: undefined
COMMAND: POST /session/c9b3453a2097c94c00e43fefe9121ac5/element - {"using":"xpath","value":"//*[@id=\"application-managehandovers-display-component---AddNewHO--confirmCreationButton\"]"}
RESULT: {}
RESULT: {"using":"xpath","value":"//*[@id=\"application-managehandovers-display-component---AddNewHO--confirmCreationButton\"]"}
COMMAND: POST /session/c9b3453a2097c94c00e43fefe9121ac5/element/f.95D136BDD403266D18DB82FBE1F0ED89.d.7AB6A9DB78825EBD7D0DD6C28D59D643.e.16508/click - {}
RESULT: {}
COMMAND: GET /session/c9b3453a2097c94c00e43fefe9121ac5/screenshot - {}
RESULT: {}
COMMAND: POST /session/c9b3453a2097c94c00e43fefe9121ac5/element - {"using":"xpath","value":"//a[contains(@data-kt ,\"GeneralSectionReceiveContracttLink\")]"}
RESULT: {"using":"xpath","value":"//a[contains(@data-kt ,\"GeneralSectionReceiveContracttLink\")]"}
COMMAND: POST /session/c9b3453a2097c94c00e43fefe9121ac5/element/f.95D136BDD403266D18DB82FBE1F0ED89.d.7AB6A9DB78825EBD7D0DD6C28D59D643.e.16590/click - {}
RESULT: {}
COMMAND: GET /session/c9b3453a2097c94c00e43fefe9121ac5/screenshot - {}
RESULT: {}
COMMAND: POST /session/c9b3453a2097c94c00e43fefe9121ac5/element - {"using":"xpath","value":"//a[contains(@data-kt ,\"ContextMenuId2Link\")]"}
RESULT: {"using":"xpath","value":"//a[contains(@data-kt ,\"ContextMenuId2Link\")]"}
COMMAND: POST /session/c9b3453a2097c94c00e43fefe9121ac5/element/f.95D136BDD403266D18DB82FBE1F0ED89.d.7AB6A9DB78825EBD7D0DD6C28D59D643.e.16607/click - {}
RESULT: {}
COMMAND: GET /session/c9b3453a2097c94c00e43fefe9121ac5/screenshot - {}
RESULT: {}
COMMAND: POST /session/c9b3453a2097c94c00e43fefe9121ac5/execute/async - {"script":"<script> [1562 bytes]","args":[{"selector":{"controlType":"sap.m.ObjectStatus","viewName":"etm.portal.ui.managecontracts.view.Detail","bindingPath":{"propertyPath":"LINK_TO_LOGISTICAL_STATUS/DESCRIPTION","modelName":"catalogModel"}},"wdio_ui5_key":"etmportal.ui.managecontracts.view.Detailsap.m.ObjectStatus{\"propertyPath\":\"LINK_TO_LOGISTICAL_STATUS/DESCRIPTION\",\"modelName\":\"catalogModel\"}"}]}
RESULT: {"script":"<script> [1562 bytes]","args":[{"selector":{"controlType":"sap.m.ObjectStatus","viewName":"etm.portal.ui.managecontracts.view.Detail","bindingPath":{"propertyPath":"LINK_TO_LOGISTICAL_STATUS/DESCRIPTION","modelName":"catalogModel"}},"wdio_ui5_key":"etmportal.ui.managecontracts.view.Detailsap.m.ObjectStatus{\"propertyPath\":\"LINK_TO_LOGISTICAL_STATUS/DESCRIPTION\",\"modelName\":\"catalogModel\"}"}]}
RESULT: undefined
COMMAND: POST /session/c9b3453a2097c94c00e43fefe9121ac5/execute/async - {"script":"<script> [6424 bytes]","args":[{"element-6066-11e4-a52e-4f735466cecf":"f.95D136BDD403266D18DB82FBE1F0ED89.d.7AB6A9DB78825EBD7D0DD6C28D59D643.e.16835"},"getText",[]]}
RESULT: {"script":"<script> [6424 bytes]","args":[{"element-6066-11e4-a52e-4f735466cecf":"f.95D136BDD403266D18DB82FBE1F0ED89.d.7AB6A9DB78825EBD7D0DD6C28D59D643.e.16835"},"getText",[]]}
COMMAND: POST /session/c9b3453a2097c94c00e43fefe9121ac5/execute/async - {"script":"<script> [1562 bytes]","args":[{"selector":{"controlType":"sap.m.ObjectStatus","viewName":"etm.portal.ui.managecontracts.view.Detail","bindingPath":{"propertyPath":"LINK_TO_COMMERCIAL_STATUS/DESCRIPTION","modelName":"catalogModel"}},"wdio_ui5_key":"etmportal.ui.managecontracts.view.Detailsap.m.ObjectStatus{\"propertyPath\":\"LINK_TO_COMMERCIAL_STATUS/DESCRIPTION\",\"modelName\":\"catalogModel\"}"}]}
RESULT: {"script":"<script> [1562 bytes]","args":[{"selector":{"controlType":"sap.m.ObjectStatus","viewName":"etm.portal.ui.managecontracts.view.Detail","bindingPath":{"propertyPath":"LINK_TO_COMMERCIAL_STATUS/DESCRIPTION","modelName":"catalogModel"}},"wdio_ui5_key":"etmportal.ui.managecontracts.view.Detailsap.m.ObjectStatus{\"propertyPath\":\"LINK_TO_COMMERCIAL_STATUS/DESCRIPTION\",\"modelName\":\"catalogModel\"}"}]}
RESULT: undefined
COMMAND: POST /session/c9b3453a2097c94c00e43fefe9121ac5/execute/async - {"script":"<script> [6424 bytes]","args":[{"element-6066-11e4-a52e-4f735466cecf":"f.95D136BDD403266D18DB82FBE1F0ED89.d.7AB6A9DB78825EBD7D0DD6C28D59D643.e.16836"},"getText",[]]}
RESULT: {"script":"<script> [6424 bytes]","args":[{"element-6066-11e4-a52e-4f735466cecf":"f.95D136BDD403266D18DB82FBE1F0ED89.d.7AB6A9DB78825EBD7D0DD6C28D59D643.e.16836"},"getText",[]]}
COMMAND: POST /session/c9b3453a2097c94c00e43fefe9121ac5/execute/async - {"script":"<script> [1562 bytes]","args":[{"selector":{"id":"backBtn"},"wdio_ui5_key":"backBtn"}]}
RESULT: {"script":"<script> [1562 bytes]","args":[{"selector":{"id":"backBtn"},"wdio_ui5_key":"backBtn"}]}
RESULT: undefined
COMMAND: POST /session/c9b3453a2097c94c00e43fefe9121ac5/element - {"using":"xpath","value":"//*[@id=\"backBtn\"]"}
RESULT: {"using":"xpath","value":"//*[@id=\"backBtn\"]"}
COMMAND: POST /session/c9b3453a2097c94c00e43fefe9121ac5/element/f.95D136BDD403266D18DB82FBE1F0ED89.d.7AB6A9DB78825EBD7D0DD6C28D59D643.e.16837/click - {}
RESULT: {}
COMMAND: GET /session/c9b3453a2097c94c00e43fefe9121ac5/screenshot - {}
COMMAND: POST /session/c9b3453a2097c94c00e43fefe9121ac5/execute/async - {"script":"<script> [1562 bytes]","args":[{"selector":{"controlType":"sap.m.Text","viewName":"etm.portal.ui.managehandovers.view.DetailExecuteHO","bindingPath":{"propertyPath":"NO","modelName":"catalogModel"}},"wdio_ui5_key":"etmportal.ui.managehandovers.view.DetailExecuteHOsap.m.Text{\"propertyPath\":\"NO\",\"modelName\":\"catalogModel\"}"}]}
RESULT: {}
RESULT: {"script":"<script> [1562 bytes]","args":[{"selector":{"controlType":"sap.m.Text","viewName":"etm.portal.ui.managehandovers.view.DetailExecuteHO","bindingPath":{"propertyPath":"NO","modelName":"catalogModel"}},"wdio_ui5_key":"etmportal.ui.managehandovers.view.DetailExecuteHOsap.m.Text{\"propertyPath\":\"NO\",\"modelName\":\"catalogModel\"}"}]}
RESULT: undefined
COMMAND: POST /session/c9b3453a2097c94c00e43fefe9121ac5/execute/async - {"script":"<script> [6424 bytes]","args":[{"element-6066-11e4-a52e-4f735466cecf":"f.95D136BDD403266D18DB82FBE1F0ED89.d.7AB6A9DB78825EBD7D0DD6C28D59D643.e.16968"},"getText",[]]}
RESULT: {"script":"<script> [6424 bytes]","args":[{"element-6066-11e4-a52e-4f735466cecf":"f.95D136BDD403266D18DB82FBE1F0ED89.d.7AB6A9DB78825EBD7D0DD6C28D59D643.e.16968"},"getText",[]]}
COMMAND: POST /session/c9b3453a2097c94c00e43fefe9121ac5/element - {"using":"xpath","value":"//input[contains(@id ,\"issueDatePicker-inner\")]"}
RESULT: {"using":"xpath","value":"//input[contains(@id ,\"issueDatePicker-inner\")]"}
COMMAND: GET /session/c9b3453a2097c94c00e43fefe9121ac5/element/f.95D136BDD403266D18DB82FBE1F0ED89.d.7AB6A9DB78825EBD7D0DD6C28D59D643.e.16948/property/value - {}
RESULT: {}
COMMAND: POST /session/c9b3453a2097c94c00e43fefe9121ac5/element/f.95D136BDD403266D18DB82FBE1F0ED89.d.7AB6A9DB78825EBD7D0DD6C28D59D643.e.16948/clear - {}
COMMAND: GET /session/c9b3453a2097c94c00e43fefe9121ac5/screenshot - {}
RESULT: {}
COMMAND: POST /session/c9b3453a2097c94c00e43fefe9121ac5/element/f.95D136BDD403266D18DB82FBE1F0ED89.d.7AB6A9DB78825EBD7D0DD6C28D59D643.e.16948/value - {"text":"05/15/25"}
COMMAND: GET /session/c9b3453a2097c94c00e43fefe9121ac5/screenshot - {}
RESULT: {}
RESULT: {"text":"05/15/25"}
COMMAND: GET /session/c9b3453a2097c94c00e43fefe9121ac5/screenshot - {}
RESULT: {}
RESULT: {}
COMMAND: POST /session/c9b3453a2097c94c00e43fefe9121ac5/execute/async - {"script":"<script> [1562 bytes]","args":[{"selector":{"controlType":"sap.m.Button","viewName":"etm.portal.ui.managehandovers.view.DetailExecuteHO","i18NText":{"propertyName":"text","key":"confirmAll"},"interaction":{"idSuffix":"inner"}},"wdio_ui5_key":"etmportal.ui.managehandovers.view.DetailExecuteHOsap.m.Button{\"propertyName\":\"text\",\"key\":\"confirmAll\"}"}]}
RESULT: {"script":"<script> [1562 bytes]","args":[{"selector":{"controlType":"sap.m.Button","viewName":"etm.portal.ui.managehandovers.view.DetailExecuteHO","i18NText":{"propertyName":"text","key":"confirmAll"},"interaction":{"idSuffix":"inner"}},"wdio_ui5_key":"etmportal.ui.managehandovers.view.DetailExecuteHOsap.m.Button{\"propertyName\":\"text\",\"key\":\"confirmAll\"}"}]}
RESULT: undefined
COMMAND: POST /session/c9b3453a2097c94c00e43fefe9121ac5/element - {"using":"xpath","value":"//*[@id=\"__button249\"]"}
RESULT: {"using":"xpath","value":"//*[@id=\"__button249\"]"}
COMMAND: POST /session/c9b3453a2097c94c00e43fefe9121ac5/element/f.95D136BDD403266D18DB82FBE1F0ED89.d.7AB6A9DB78825EBD7D0DD6C28D59D643.e.16973/click - {}
RESULT: {}
COMMAND: GET /session/c9b3453a2097c94c00e43fefe9121ac5/screenshot - {}
RESULT: {}
COMMAND: POST /session/c9b3453a2097c94c00e43fefe9121ac5/actions - {"actions":[{"id":"action82","type":"key","parameters":{},"actions":[{"type":"keyDown","value":"î€‡"},{"type":"pause","duration":10},{"type":"keyUp","value":"î€‡"}]}]}
RESULT: {"actions":[{"id":"action82","type":"key","parameters":{},"actions":[{"type":"keyDown","value":"î€‡"},{"type":"pause","duration":10},{"type":"keyUp","value":"î€‡"}]}]}
COMMAND: GET /session/c9b3453a2097c94c00e43fefe9121ac5/screenshot - {}
RESULT: {}
RESULT: undefined
COMMAND: POST /session/c9b3453a2097c94c00e43fefe9121ac5/element - {"using":"xpath","value":"//*[@id=\"__button249\"]"}
RESULT: {"using":"xpath","value":"//*[@id=\"__button249\"]"}
COMMAND: POST /session/c9b3453a2097c94c00e43fefe9121ac5/element/f.95D136BDD403266D18DB82FBE1F0ED89.d.7AB6A9DB78825EBD7D0DD6C28D59D643.e.16973/click - {}
RESULT: {}
COMMAND: GET /session/c9b3453a2097c94c00e43fefe9121ac5/screenshot - {}
RESULT: {}
COMMAND: POST /session/c9b3453a2097c94c00e43fefe9121ac5/execute/async - {"script":"<script> [1562 bytes]","args":[{"selector":{"controlType":"sap.m.Button","properties":{"text":"OK"},"searchOpenDialogs":true,"interaction":{"idSuffix":"content"}},"wdio_ui5_key":"sapm.Button{\"text\":\"OK\"}"}]}
RESULT: {"script":"<script> [1562 bytes]","args":[{"selector":{"controlType":"sap.m.Button","properties":{"text":"OK"},"searchOpenDialogs":true,"interaction":{"idSuffix":"content"}},"wdio_ui5_key":"sapm.Button{\"text\":\"OK\"}"}]}
RESULT: undefined
COMMAND: POST /session/c9b3453a2097c94c00e43fefe9121ac5/element - {"using":"xpath","value":"//*[@id=\"__mbox-btn-4\"]"}
RESULT: {"using":"xpath","value":"//*[@id=\"__mbox-btn-4\"]"}
COMMAND: POST /session/c9b3453a2097c94c00e43fefe9121ac5/element/f.95D136BDD403266D18DB82FBE1F0ED89.d.7AB6A9DB78825EBD7D0DD6C28D59D643.e.16981/click - {}
RESULT: {}
COMMAND: GET /session/c9b3453a2097c94c00e43fefe9121ac5/screenshot - {}
RESULT: {}
COMMAND: POST /session/c9b3453a2097c94c00e43fefe9121ac5/element - {"using":"xpath","value":"//button[contains(@data-kt ,\"execHoPickFooterButton\")]"}
RESULT: {"using":"xpath","value":"//button[contains(@data-kt ,\"execHoPickFooterButton\")]"}
COMMAND: POST /session/c9b3453a2097c94c00e43fefe9121ac5/element/f.95D136BDD403266D18DB82FBE1F0ED89.d.7AB6A9DB78825EBD7D0DD6C28D59D643.e.16985/click - {}
RESULT: {}
COMMAND: GET /session/c9b3453a2097c94c00e43fefe9121ac5/screenshot - {}
RESULT: {}
COMMAND: POST /session/c9b3453a2097c94c00e43fefe9121ac5/refresh - {}
RESULT: {}
COMMAND: GET /session/c9b3453a2097c94c00e43fefe9121ac5/screenshot - {}
RESULT: {}
COMMAND: POST /session/c9b3453a2097c94c00e43fefe9121ac5/refresh - {}
RESULT: {}
COMMAND: GET /session/c9b3453a2097c94c00e43fefe9121ac5/screenshot - {}
RESULT: {}
COMMAND: POST /session/c9b3453a2097c94c00e43fefe9121ac5/window/fullscreen - {}
RESULT: {}
COMMAND: POST /session/c9b3453a2097c94c00e43fefe9121ac5/execute/async - {"script":"<script> [189 bytes]","args":[]}
RESULT: {"script":"<script> [189 bytes]","args":[]}
COMMAND: POST /session/c9b3453a2097c94c00e43fefe9121ac5/execute/async - {"script":"<script> [123 bytes]","args":[]}
RESULT: {"script":"<script> [123 bytes]","args":[]}
COMMAND: POST /session/c9b3453a2097c94c00e43fefe9121ac5/timeouts - {"script":"<number>"}
RESULT: {"script":"<number>"}
COMMAND: GET /session/c9b3453a2097c94c00e43fefe9121ac5/timeouts - {}
RESULT: {}
RESULT: undefined
COMMAND: POST /session/c9b3453a2097c94c00e43fefe9121ac5/execute/async - {"script":"<script> [2676 bytes]","args":[]}
RESULT: {"script":"<script> [2676 bytes]","args":[]}
COMMAND: POST /session/c9b3453a2097c94c00e43fefe9121ac5/execute/async - {"script":"<script> [2342 bytes]","args":[{"protocol":"http","hostname":"0.0.0.0","path":"/","capabilities":{"browserName":"chrome","goog:chromeOptions":{"binary":"C:\\Program Files\\Google\\Chrome\\Application\\chrome.exe","args":["--start-maximized"]}},"logLevel":"warn","connectionRetryTimeout":120000,"connectionRetryCount":3,"logLevels":{},"enableDirectConnect":true,"strictSSL":true,"_":"65 more keys: [\"cacheDir\",\"port\",\"requestedCapabilities\",\"automationProtocol\",\"baseUrl\",\"waitforInterval\",\"waitforTimeout\",\"onReload\",\"beforeCommand\",\"afterCommand\",\"rootDir\",\"specs\",\"suites\",\"exclude\",\"groupLogsByTestSpec\",\"excludeDriverLogs\",\"bail\",\"framework\",\"reporters\",\"services\",\"maxInstances\",\"maxInstancesPerCapability\",\"injectGlobals\",\"filesToWatch\",\"execArgv\",\"runnerEnv\",\"runner\",\"shard\",\"specFileRetries\",\"specFileRetriesDelay\",\"specFileRetriesDeferred\",\"reporterSyncInterval\",\"reporterSyncTimeout\",\"cucumberFeaturesWithLineNumbers\",\"autoCompileOpts\",\"mochaOpts\",\"jasmineOpts\",\"cucumberOpts\",\"onPrepare\",\"onWorkerStart\",\"onWorkerEnd\",\"before\",\"beforeSession\",\"beforeSuite\",\"beforeHook\",\"beforeTest\",\"afterTest\",\"afterHook\",\"afterSuite\",\"afterSession\",\"after\",\"onComplete\",\"beforeAssertion\",\"afterAssertion\",\"beforeFeature\",\"beforeScenario\",\"beforeStep\",\"afterStep\",\"afterScenario\",\"afterFeature\",\"_\",\"suite\",\"$0\",\"ignoredWorkerServices\",\"wdi5\"]"}]}
RESULT: {"script":"<script> [2342 bytes]","args":[{"protocol":"http","hostname":"0.0.0.0","path":"/","capabilities":{"browserName":"chrome","goog:chromeOptions":{"binary":"C:\\Program Files\\Google\\Chrome\\Application\\chrome.exe","args":["--start-maximized"]}},"logLevel":"warn","connectionRetryTimeout":120000,"connectionRetryCount":3,"logLevels":{},"enableDirectConnect":true,"strictSSL":true,"_":"65 more keys: [\"cacheDir\",\"port\",\"requestedCapabilities\",\"automationProtocol\",\"baseUrl\",\"waitforInterval\",\"waitforTimeout\",\"onReload\",\"beforeCommand\",\"afterCommand\",\"rootDir\",\"specs\",\"suites\",\"exclude\",\"groupLogsByTestSpec\",\"excludeDriverLogs\",\"bail\",\"framework\",\"reporters\",\"services\",\"maxInstances\",\"maxInstancesPerCapability\",\"injectGlobals\",\"filesToWatch\",\"execArgv\",\"runnerEnv\",\"runner\",\"shard\",\"specFileRetries\",\"specFileRetriesDelay\",\"specFileRetriesDeferred\",\"reporterSyncInterval\",\"reporterSyncTimeout\",\"cucumberFeaturesWithLineNumbers\",\"autoCompileOpts\",\"mochaOpts\",\"jasmineOpts\",\"cucumberOpts\",\"onPrepare\",\"onWorkerStart\",\"onWorkerEnd\",\"before\",\"beforeSession\",\"beforeSuite\",\"beforeHook\",\"beforeTest\",\"afterTest\",\"afterHook\",\"afterSuite\",\"afterSession\",\"after\",\"onComplete\",\"beforeAssertion\",\"afterAssertion\",\"beforeFeature\",\"beforeScenario\",\"beforeStep\",\"afterStep\",\"afterScenario\",\"afterFeature\",\"_\",\"suite\",\"$0\",\"ignoredWorkerServices\",\"wdi5\"]"}]}
COMMAND: POST /session/c9b3453a2097c94c00e43fefe9121ac5/execute/async - {"script":"<script> [21126 bytes]","args":[35000]}
RESULT: {"script":"<script> [21126 bytes]","args":[35000]}
COMMAND: POST /session/c9b3453a2097c94c00e43fefe9121ac5/execute/async - {"script":"<script> [1562 bytes]","args":[{"selector":{"controlType":"sap.m.SearchField","viewName":"etm.portal.ui.managehandovers.view.MasterHO","bindingPath":{"path":"","propertyPath":"/_BASIC_SEARCH_FIELD","modelName":"fi1t3rM0d31"},"interaction":{"idSuffix":"I"}},"wdio_ui5_key":"etmportal.ui.managehandovers.view.MasterHOsap.m.SearchField{\"path\":\"\",\"propertyPath\":\"/_BASIC_SEARCH_FIELD\",\"modelName\":\"fi1t3rM0d31\"}"}]}
RESULT: {"script":"<script> [1562 bytes]","args":[{"selector":{"controlType":"sap.m.SearchField","viewName":"etm.portal.ui.managehandovers.view.MasterHO","bindingPath":{"path":"","propertyPath":"/_BASIC_SEARCH_FIELD","modelName":"fi1t3rM0d31"},"interaction":{"idSuffix":"I"}},"wdio_ui5_key":"etmportal.ui.managehandovers.view.MasterHOsap.m.SearchField{\"path\":\"\",\"propertyPath\":\"/_BASIC_SEARCH_FIELD\",\"modelName\":\"fi1t3rM0d31\"}"}]}
RESULT: undefined
COMMAND: POST /session/c9b3453a2097c94c00e43fefe9121ac5/execute/async - {"script":"<script> [776 bytes]","args":[{"enterText":"30490","selector":{"controlType":"sap.m.SearchField","viewName":"etm.portal.ui.managehandovers.view.MasterHO","bindingPath":{"path":"","propertyPath":"/_BASIC_SEARCH_FIELD","modelName":"fi1t3rM0d31"},"interaction":{"idSuffix":"I"}},"clearTextFirst":true,"interactionType":"ENTER_TEXT"}]}
RESULT: {"script":"<script> [776 bytes]","args":[{"enterText":"30490","selector":{"controlType":"sap.m.SearchField","viewName":"etm.portal.ui.managehandovers.view.MasterHO","bindingPath":{"path":"","propertyPath":"/_BASIC_SEARCH_FIELD","modelName":"fi1t3rM0d31"},"interaction":{"idSuffix":"I"}},"clearTextFirst":true,"interactionType":"ENTER_TEXT"}]}
COMMAND: POST /session/c9b3453a2097c94c00e43fefe9121ac5/actions - {"actions":[{"id":"action83","type":"key","parameters":{},"actions":[{"type":"keyDown","value":"î€‡"},{"type":"pause","duration":10},{"type":"keyUp","value":"î€‡"}]}]}
RESULT: {"actions":[{"id":"action83","type":"key","parameters":{},"actions":[{"type":"keyDown","value":"î€‡"},{"type":"pause","duration":10},{"type":"keyUp","value":"î€‡"}]}]}
COMMAND: GET /session/c9b3453a2097c94c00e43fefe9121ac5/screenshot - {}
RESULT: {}
COMMAND: POST /session/c9b3453a2097c94c00e43fefe9121ac5/execute/async - {"script":"<script> [1562 bytes]","args":[{"selector":{"controlType":"sap.m.Title","viewName":"etm.portal.ui.managehandovers.view.MasterHO","properties":{"text":"Records (1)"}},"wdio_ui5_key":"etmportal.ui.managehandovers.view.MasterHOsap.m.Title{\"text\":\"Records (1)\"}"}]}
RESULT: {"script":"<script> [1562 bytes]","args":[{"selector":{"controlType":"sap.m.Title","viewName":"etm.portal.ui.managehandovers.view.MasterHO","properties":{"text":"Records (1)"}},"wdio_ui5_key":"etmportal.ui.managehandovers.view.MasterHOsap.m.Title{\"text\":\"Records (1)\"}"}]}
RESULT: undefined
COMMAND: POST /session/c9b3453a2097c94c00e43fefe9121ac5/execute/async - {"script":"<script> [6424 bytes]","args":[{"element-6066-11e4-a52e-4f735466cecf":"f.95D136BDD403266D18DB82FBE1F0ED89.d.8B0512B7568C1EA69FFC02189B265451.e.17347"},"getText",[]]}
RESULT: {"script":"<script> [6424 bytes]","args":[{"element-6066-11e4-a52e-4f735466cecf":"f.95D136BDD403266D18DB82FBE1F0ED89.d.8B0512B7568C1EA69FFC02189B265451.e.17347"},"getText",[]]}
COMMAND: POST /session/c9b3453a2097c94c00e43fefe9121ac5/execute/async - {"script":"<script> [1562 bytes]","args":[{"selector":{"controlType":"sap.ui.core.Icon","viewName":"etm.portal.ui.managehandovers.view.MasterHO","properties":{"src":{"regex":{"source":"slim\\-arrow\\-right"}}}},"wdio_ui5_key":"etmportal.ui.managehandovers.view.MasterHOsap.ui.core.Icon{\"src\":{\"regex\":{\"source\":\"slim\\\\-arrow\\\\-right\"}}}"}]}
RESULT: {"script":"<script> [1562 bytes]","args":[{"selector":{"controlType":"sap.ui.core.Icon","viewName":"etm.portal.ui.managehandovers.view.MasterHO","properties":{"src":{"regex":{"source":"slim\\-arrow\\-right"}}}},"wdio_ui5_key":"etmportal.ui.managehandovers.view.MasterHOsap.ui.core.Icon{\"src\":{\"regex\":{\"source\":\"slim\\\\-arrow\\\\-right\"}}}"}]}
RESULT: undefined
COMMAND: POST /session/c9b3453a2097c94c00e43fefe9121ac5/element - {"using":"xpath","value":"//*[@id=\"__item29-__clone17-imgNav\"]"}
RESULT: {"using":"xpath","value":"//*[@id=\"__item29-__clone17-imgNav\"]"}
COMMAND: POST /session/c9b3453a2097c94c00e43fefe9121ac5/element/f.95D136BDD403266D18DB82FBE1F0ED89.d.8B0512B7568C1EA69FFC02189B265451.e.17346/click - {}
RESULT: {}
COMMAND: GET /session/c9b3453a2097c94c00e43fefe9121ac5/screenshot - {}
RESULT: {}
COMMAND: POST /session/c9b3453a2097c94c00e43fefe9121ac5/element - {"using":"xpath","value":"//a[contains(@data-kt ,\"GeneralSectionReceiveContracttLink\")]"}
RESULT: {"using":"xpath","value":"//a[contains(@data-kt ,\"GeneralSectionReceiveContracttLink\")]"}
COMMAND: POST /session/c9b3453a2097c94c00e43fefe9121ac5/element/f.95D136BDD403266D18DB82FBE1F0ED89.d.8B0512B7568C1EA69FFC02189B265451.e.17430/click - {}
RESULT: {}
COMMAND: GET /session/c9b3453a2097c94c00e43fefe9121ac5/screenshot - {}
RESULT: {}
COMMAND: POST /session/c9b3453a2097c94c00e43fefe9121ac5/element - {"using":"xpath","value":"//a[contains(@data-kt ,\"ContextMenuId2Link\")]"}
RESULT: {"using":"xpath","value":"//a[contains(@data-kt ,\"ContextMenuId2Link\")]"}
COMMAND: POST /session/c9b3453a2097c94c00e43fefe9121ac5/element/f.95D136BDD403266D18DB82FBE1F0ED89.d.8B0512B7568C1EA69FFC02189B265451.e.17439/click - {}
RESULT: {}
COMMAND: GET /session/c9b3453a2097c94c00e43fefe9121ac5/screenshot - {}
RESULT: {}
COMMAND: POST /session/c9b3453a2097c94c00e43fefe9121ac5/execute/async - {"script":"<script> [1562 bytes]","args":[{"selector":{"controlType":"sap.m.ObjectStatus","viewName":"etm.portal.ui.managecontracts.view.Detail","bindingPath":{"propertyPath":"LINK_TO_LOGISTICAL_STATUS/DESCRIPTION","modelName":"catalogModel"}},"wdio_ui5_key":"etmportal.ui.managecontracts.view.Detailsap.m.ObjectStatus{\"propertyPath\":\"LINK_TO_LOGISTICAL_STATUS/DESCRIPTION\",\"modelName\":\"catalogModel\"}"}]}
RESULT: {"script":"<script> [1562 bytes]","args":[{"selector":{"controlType":"sap.m.ObjectStatus","viewName":"etm.portal.ui.managecontracts.view.Detail","bindingPath":{"propertyPath":"LINK_TO_LOGISTICAL_STATUS/DESCRIPTION","modelName":"catalogModel"}},"wdio_ui5_key":"etmportal.ui.managecontracts.view.Detailsap.m.ObjectStatus{\"propertyPath\":\"LINK_TO_LOGISTICAL_STATUS/DESCRIPTION\",\"modelName\":\"catalogModel\"}"}]}
RESULT: undefined
COMMAND: POST /session/c9b3453a2097c94c00e43fefe9121ac5/execute/async - {"script":"<script> [6424 bytes]","args":[{"element-6066-11e4-a52e-4f735466cecf":"f.95D136BDD403266D18DB82FBE1F0ED89.d.8B0512B7568C1EA69FFC02189B265451.e.17674"},"getText",[]]}
RESULT: {"script":"<script> [6424 bytes]","args":[{"element-6066-11e4-a52e-4f735466cecf":"f.95D136BDD403266D18DB82FBE1F0ED89.d.8B0512B7568C1EA69FFC02189B265451.e.17674"},"getText",[]]}
COMMAND: POST /session/c9b3453a2097c94c00e43fefe9121ac5/execute/async - {"script":"<script> [1562 bytes]","args":[{"selector":{"controlType":"sap.m.ObjectStatus","viewName":"etm.portal.ui.managecontracts.view.Detail","bindingPath":{"propertyPath":"LINK_TO_COMMERCIAL_STATUS/DESCRIPTION","modelName":"catalogModel"}},"wdio_ui5_key":"etmportal.ui.managecontracts.view.Detailsap.m.ObjectStatus{\"propertyPath\":\"LINK_TO_COMMERCIAL_STATUS/DESCRIPTION\",\"modelName\":\"catalogModel\"}"}]}
RESULT: {"script":"<script> [1562 bytes]","args":[{"selector":{"controlType":"sap.m.ObjectStatus","viewName":"etm.portal.ui.managecontracts.view.Detail","bindingPath":{"propertyPath":"LINK_TO_COMMERCIAL_STATUS/DESCRIPTION","modelName":"catalogModel"}},"wdio_ui5_key":"etmportal.ui.managecontracts.view.Detailsap.m.ObjectStatus{\"propertyPath\":\"LINK_TO_COMMERCIAL_STATUS/DESCRIPTION\",\"modelName\":\"catalogModel\"}"}]}
RESULT: undefined
COMMAND: POST /session/c9b3453a2097c94c00e43fefe9121ac5/execute/async - {"script":"<script> [6424 bytes]","args":[{"element-6066-11e4-a52e-4f735466cecf":"f.95D136BDD403266D18DB82FBE1F0ED89.d.8B0512B7568C1EA69FFC02189B265451.e.17675"},"getText",[]]}
RESULT: {"script":"<script> [6424 bytes]","args":[{"element-6066-11e4-a52e-4f735466cecf":"f.95D136BDD403266D18DB82FBE1F0ED89.d.8B0512B7568C1EA69FFC02189B265451.e.17675"},"getText",[]]}
COMMAND: POST /session/c9b3453a2097c94c00e43fefe9121ac5/execute/async - {"script":"<script> [1562 bytes]","args":[{"selector":{"id":"backBtn"},"wdio_ui5_key":"backBtn"}]}
RESULT: {"script":"<script> [1562 bytes]","args":[{"selector":{"id":"backBtn"},"wdio_ui5_key":"backBtn"}]}
RESULT: undefined
COMMAND: POST /session/c9b3453a2097c94c00e43fefe9121ac5/element - {"using":"xpath","value":"//*[@id=\"backBtn\"]"}
RESULT: {"using":"xpath","value":"//*[@id=\"backBtn\"]"}
COMMAND: POST /session/c9b3453a2097c94c00e43fefe9121ac5/element/f.95D136BDD403266D18DB82FBE1F0ED89.d.8B0512B7568C1EA69FFC02189B265451.e.17676/click - {}
RESULT: {}
COMMAND: GET /session/c9b3453a2097c94c00e43fefe9121ac5/screenshot - {}
RESULT: {}
COMMAND: POST /session/c9b3453a2097c94c00e43fefe9121ac5/execute/async - {"script":"<script> [1562 bytes]","args":[{"selector":{"controlType":"sap.m.Button","viewName":"etm.portal.ui.managehandovers.view.DetailExecuteHO","i18NText":{"propertyName":"text","key":"confirmAll"},"interaction":{"idSuffix":"BDI-content"}},"wdio_ui5_key":"etmportal.ui.managehandovers.view.DetailExecuteHOsap.m.Button{\"propertyName\":\"text\",\"key\":\"confirmAll\"}"}]}
RESULT: {"script":"<script> [1562 bytes]","args":[{"selector":{"controlType":"sap.m.Button","viewName":"etm.portal.ui.managehandovers.view.DetailExecuteHO","i18NText":{"propertyName":"text","key":"confirmAll"},"interaction":{"idSuffix":"BDI-content"}},"wdio_ui5_key":"etmportal.ui.managehandovers.view.DetailExecuteHOsap.m.Button{\"propertyName\":\"text\",\"key\":\"confirmAll\"}"}]}
RESULT: undefined
COMMAND: POST /session/c9b3453a2097c94c00e43fefe9121ac5/element - {"using":"xpath","value":"//*[@id=\"__button81\"]"}
RESULT: {"using":"xpath","value":"//*[@id=\"__button81\"]"}
COMMAND: POST /session/c9b3453a2097c94c00e43fefe9121ac5/element/f.95D136BDD403266D18DB82FBE1F0ED89.d.8B0512B7568C1EA69FFC02189B265451.e.17954/click - {}
RESULT: {}
COMMAND: GET /session/c9b3453a2097c94c00e43fefe9121ac5/screenshot - {}
RESULT: {}
COMMAND: POST /session/c9b3453a2097c94c00e43fefe9121ac5/execute/async - {"script":"<script> [1562 bytes]","args":[{"selector":{"controlType":"sap.m.Button","properties":{"text":"OK"},"searchOpenDialogs":true,"interaction":{"idSuffix":"inner"}},"wdio_ui5_key":"sapm.Button{\"text\":\"OK\"}"}]}
RESULT: {"script":"<script> [1562 bytes]","args":[{"selector":{"controlType":"sap.m.Button","properties":{"text":"OK"},"searchOpenDialogs":true,"interaction":{"idSuffix":"inner"}},"wdio_ui5_key":"sapm.Button{\"text\":\"OK\"}"}]}
RESULT: undefined
COMMAND: POST /session/c9b3453a2097c94c00e43fefe9121ac5/element - {"using":"xpath","value":"//*[@id=\"__mbox-btn-0\"]"}
RESULT: {"using":"xpath","value":"//*[@id=\"__mbox-btn-0\"]"}
COMMAND: POST /session/c9b3453a2097c94c00e43fefe9121ac5/element/f.95D136BDD403266D18DB82FBE1F0ED89.d.8B0512B7568C1EA69FFC02189B265451.e.17960/click - {}
RESULT: {}
COMMAND: GET /session/c9b3453a2097c94c00e43fefe9121ac5/screenshot - {}
RESULT: {}
COMMAND: POST /session/c9b3453a2097c94c00e43fefe9121ac5/element - {"using":"xpath","value":"//button[contains(@data-kt ,\"execHoIssueFooterButton\")]"}
RESULT: {"using":"xpath","value":"//button[contains(@data-kt ,\"execHoIssueFooterButton\")]"}
COMMAND: POST /session/c9b3453a2097c94c00e43fefe9121ac5/element/f.95D136BDD403266D18DB82FBE1F0ED89.d.8B0512B7568C1EA69FFC02189B265451.e.17963/click - {}
RESULT: {}
COMMAND: GET /session/c9b3453a2097c94c00e43fefe9121ac5/screenshot - {}
RESULT: {}
COMMAND: POST /session/c9b3453a2097c94c00e43fefe9121ac5/refresh - {}
RESULT: {}
COMMAND: GET /session/c9b3453a2097c94c00e43fefe9121ac5/screenshot - {}
RESULT: {}
COMMAND: POST /session/c9b3453a2097c94c00e43fefe9121ac5/refresh - {}
RESULT: {}
COMMAND: GET /session/c9b3453a2097c94c00e43fefe9121ac5/screenshot - {}
RESULT: {}
COMMAND: POST /session/c9b3453a2097c94c00e43fefe9121ac5/window/fullscreen - {}
RESULT: {}
COMMAND: POST /session/c9b3453a2097c94c00e43fefe9121ac5/execute/async - {"script":"<script> [189 bytes]","args":[]}
RESULT: {"script":"<script> [189 bytes]","args":[]}
COMMAND: POST /session/c9b3453a2097c94c00e43fefe9121ac5/execute/async - {"script":"<script> [123 bytes]","args":[]}
RESULT: {"script":"<script> [123 bytes]","args":[]}
COMMAND: POST /session/c9b3453a2097c94c00e43fefe9121ac5/timeouts - {"script":"<number>"}
RESULT: {"script":"<number>"}
COMMAND: GET /session/c9b3453a2097c94c00e43fefe9121ac5/timeouts - {}
RESULT: {}
RESULT: undefined
COMMAND: POST /session/c9b3453a2097c94c00e43fefe9121ac5/execute/async - {"script":"<script> [2676 bytes]","args":[]}
RESULT: {"script":"<script> [2676 bytes]","args":[]}
COMMAND: POST /session/c9b3453a2097c94c00e43fefe9121ac5/execute/async - {"script":"<script> [2342 bytes]","args":[{"protocol":"http","hostname":"0.0.0.0","path":"/","capabilities":{"browserName":"chrome","goog:chromeOptions":{"binary":"C:\\Program Files\\Google\\Chrome\\Application\\chrome.exe","args":["--start-maximized"]}},"logLevel":"warn","connectionRetryTimeout":120000,"connectionRetryCount":3,"logLevels":{},"enableDirectConnect":true,"strictSSL":true,"_":"65 more keys: [\"cacheDir\",\"port\",\"requestedCapabilities\",\"automationProtocol\",\"baseUrl\",\"waitforInterval\",\"waitforTimeout\",\"onReload\",\"beforeCommand\",\"afterCommand\",\"rootDir\",\"specs\",\"suites\",\"exclude\",\"groupLogsByTestSpec\",\"excludeDriverLogs\",\"bail\",\"framework\",\"reporters\",\"services\",\"maxInstances\",\"maxInstancesPerCapability\",\"injectGlobals\",\"filesToWatch\",\"execArgv\",\"runnerEnv\",\"runner\",\"shard\",\"specFileRetries\",\"specFileRetriesDelay\",\"specFileRetriesDeferred\",\"reporterSyncInterval\",\"reporterSyncTimeout\",\"cucumberFeaturesWithLineNumbers\",\"autoCompileOpts\",\"mochaOpts\",\"jasmineOpts\",\"cucumberOpts\",\"onPrepare\",\"onWorkerStart\",\"onWorkerEnd\",\"before\",\"beforeSession\",\"beforeSuite\",\"beforeHook\",\"beforeTest\",\"afterTest\",\"afterHook\",\"afterSuite\",\"afterSession\",\"after\",\"onComplete\",\"beforeAssertion\",\"afterAssertion\",\"beforeFeature\",\"beforeScenario\",\"beforeStep\",\"afterStep\",\"afterScenario\",\"afterFeature\",\"_\",\"suite\",\"$0\",\"ignoredWorkerServices\",\"wdi5\"]"}]}
RESULT: {"script":"<script> [2342 bytes]","args":[{"protocol":"http","hostname":"0.0.0.0","path":"/","capabilities":{"browserName":"chrome","goog:chromeOptions":{"binary":"C:\\Program Files\\Google\\Chrome\\Application\\chrome.exe","args":["--start-maximized"]}},"logLevel":"warn","connectionRetryTimeout":120000,"connectionRetryCount":3,"logLevels":{},"enableDirectConnect":true,"strictSSL":true,"_":"65 more keys: [\"cacheDir\",\"port\",\"requestedCapabilities\",\"automationProtocol\",\"baseUrl\",\"waitforInterval\",\"waitforTimeout\",\"onReload\",\"beforeCommand\",\"afterCommand\",\"rootDir\",\"specs\",\"suites\",\"exclude\",\"groupLogsByTestSpec\",\"excludeDriverLogs\",\"bail\",\"framework\",\"reporters\",\"services\",\"maxInstances\",\"maxInstancesPerCapability\",\"injectGlobals\",\"filesToWatch\",\"execArgv\",\"runnerEnv\",\"runner\",\"shard\",\"specFileRetries\",\"specFileRetriesDelay\",\"specFileRetriesDeferred\",\"reporterSyncInterval\",\"reporterSyncTimeout\",\"cucumberFeaturesWithLineNumbers\",\"autoCompileOpts\",\"mochaOpts\",\"jasmineOpts\",\"cucumberOpts\",\"onPrepare\",\"onWorkerStart\",\"onWorkerEnd\",\"before\",\"beforeSession\",\"beforeSuite\",\"beforeHook\",\"beforeTest\",\"afterTest\",\"afterHook\",\"afterSuite\",\"afterSession\",\"after\",\"onComplete\",\"beforeAssertion\",\"afterAssertion\",\"beforeFeature\",\"beforeScenario\",\"beforeStep\",\"afterStep\",\"afterScenario\",\"afterFeature\",\"_\",\"suite\",\"$0\",\"ignoredWorkerServices\",\"wdi5\"]"}]}
COMMAND: POST /session/c9b3453a2097c94c00e43fefe9121ac5/execute/async - {"script":"<script> [21126 bytes]","args":[35000]}
RESULT: {"script":"<script> [21126 bytes]","args":[35000]}
COMMAND: POST /session/c9b3453a2097c94c00e43fefe9121ac5/execute/async - {"script":"<script> [1562 bytes]","args":[{"selector":{"controlType":"sap.m.SearchField","viewName":"etm.portal.ui.managehandovers.view.MasterHO","bindingPath":{"path":"","propertyPath":"/_BASIC_SEARCH_FIELD","modelName":"fi1t3rM0d31"},"interaction":{"idSuffix":"I"}},"wdio_ui5_key":"etmportal.ui.managehandovers.view.MasterHOsap.m.SearchField{\"path\":\"\",\"propertyPath\":\"/_BASIC_SEARCH_FIELD\",\"modelName\":\"fi1t3rM0d31\"}"}]}
RESULT: {"script":"<script> [1562 bytes]","args":[{"selector":{"controlType":"sap.m.SearchField","viewName":"etm.portal.ui.managehandovers.view.MasterHO","bindingPath":{"path":"","propertyPath":"/_BASIC_SEARCH_FIELD","modelName":"fi1t3rM0d31"},"interaction":{"idSuffix":"I"}},"wdio_ui5_key":"etmportal.ui.managehandovers.view.MasterHOsap.m.SearchField{\"path\":\"\",\"propertyPath\":\"/_BASIC_SEARCH_FIELD\",\"modelName\":\"fi1t3rM0d31\"}"}]}
RESULT: undefined
COMMAND: POST /session/c9b3453a2097c94c00e43fefe9121ac5/execute/async - {"script":"<script> [776 bytes]","args":[{"enterText":"30490","selector":{"controlType":"sap.m.SearchField","viewName":"etm.portal.ui.managehandovers.view.MasterHO","bindingPath":{"path":"","propertyPath":"/_BASIC_SEARCH_FIELD","modelName":"fi1t3rM0d31"},"interaction":{"idSuffix":"I"}},"clearTextFirst":true,"interactionType":"ENTER_TEXT"}]}
RESULT: {"script":"<script> [776 bytes]","args":[{"enterText":"30490","selector":{"controlType":"sap.m.SearchField","viewName":"etm.portal.ui.managehandovers.view.MasterHO","bindingPath":{"path":"","propertyPath":"/_BASIC_SEARCH_FIELD","modelName":"fi1t3rM0d31"},"interaction":{"idSuffix":"I"}},"clearTextFirst":true,"interactionType":"ENTER_TEXT"}]}
COMMAND: POST /session/c9b3453a2097c94c00e43fefe9121ac5/actions - {"actions":[{"id":"action84","type":"key","parameters":{},"actions":[{"type":"keyDown","value":"î€‡"},{"type":"pause","duration":10},{"type":"keyUp","value":"î€‡"}]}]}
RESULT: {"actions":[{"id":"action84","type":"key","parameters":{},"actions":[{"type":"keyDown","value":"î€‡"},{"type":"pause","duration":10},{"type":"keyUp","value":"î€‡"}]}]}
COMMAND: GET /session/c9b3453a2097c94c00e43fefe9121ac5/screenshot - {}
RESULT: {}
COMMAND: POST /session/c9b3453a2097c94c00e43fefe9121ac5/execute/async - {"script":"<script> [1562 bytes]","args":[{"selector":{"controlType":"sap.m.Title","viewName":"etm.portal.ui.managehandovers.view.MasterHO","properties":{"text":"Records (1)"}},"wdio_ui5_key":"etmportal.ui.managehandovers.view.MasterHOsap.m.Title{\"text\":\"Records (1)\"}"}]}
RESULT: {"script":"<script> [1562 bytes]","args":[{"selector":{"controlType":"sap.m.Title","viewName":"etm.portal.ui.managehandovers.view.MasterHO","properties":{"text":"Records (1)"}},"wdio_ui5_key":"etmportal.ui.managehandovers.view.MasterHOsap.m.Title{\"text\":\"Records (1)\"}"}]}
RESULT: undefined
COMMAND: POST /session/c9b3453a2097c94c00e43fefe9121ac5/execute/async - {"script":"<script> [6424 bytes]","args":[{"element-6066-11e4-a52e-4f735466cecf":"f.95D136BDD403266D18DB82FBE1F0ED89.d.57F21F2013F3ABFC43987198F0B7136A.e.18269"},"getText",[]]}
RESULT: {"script":"<script> [6424 bytes]","args":[{"element-6066-11e4-a52e-4f735466cecf":"f.95D136BDD403266D18DB82FBE1F0ED89.d.57F21F2013F3ABFC43987198F0B7136A.e.18269"},"getText",[]]}
COMMAND: POST /session/c9b3453a2097c94c00e43fefe9121ac5/execute/async - {"script":"<script> [1562 bytes]","args":[{"selector":{"controlType":"sap.ui.core.Icon","viewName":"etm.portal.ui.managehandovers.view.MasterHO","properties":{"src":{"regex":{"source":"slim\\-arrow\\-right"}}}},"wdio_ui5_key":"etmportal.ui.managehandovers.view.MasterHOsap.ui.core.Icon{\"src\":{\"regex\":{\"source\":\"slim\\\\-arrow\\\\-right\"}}}"}]}
RESULT: {"script":"<script> [1562 bytes]","args":[{"selector":{"controlType":"sap.ui.core.Icon","viewName":"etm.portal.ui.managehandovers.view.MasterHO","properties":{"src":{"regex":{"source":"slim\\-arrow\\-right"}}}},"wdio_ui5_key":"etmportal.ui.managehandovers.view.MasterHOsap.ui.core.Icon{\"src\":{\"regex\":{\"source\":\"slim\\\\-arrow\\\\-right\"}}}"}]}
RESULT: undefined
COMMAND: POST /session/c9b3453a2097c94c00e43fefe9121ac5/element - {"using":"xpath","value":"//*[@id=\"__item29-__clone17-imgNav\"]"}
RESULT: {"using":"xpath","value":"//*[@id=\"__item29-__clone17-imgNav\"]"}
COMMAND: POST /session/c9b3453a2097c94c00e43fefe9121ac5/element/f.95D136BDD403266D18DB82FBE1F0ED89.d.57F21F2013F3ABFC43987198F0B7136A.e.18268/click - {}
RESULT: {}
COMMAND: GET /session/c9b3453a2097c94c00e43fefe9121ac5/screenshot - {}
RESULT: {}
COMMAND: POST /session/c9b3453a2097c94c00e43fefe9121ac5/execute/async - {"script":"<script> [1562 bytes]","args":[{"selector":{"controlType":"sap.m.ObjectStatus","viewName":"etm.portal.ui.managehandovers.view.DetailExecuteHO","labelFor":{"text":"Status"}},"wdio_ui5_key":"etmportal.ui.managehandovers.view.DetailExecuteHOsap.m.ObjectStatus{\"text\":\"Status\"}"}]}
RESULT: {"script":"<script> [1562 bytes]","args":[{"selector":{"controlType":"sap.m.ObjectStatus","viewName":"etm.portal.ui.managehandovers.view.DetailExecuteHO","labelFor":{"text":"Status"}},"wdio_ui5_key":"etmportal.ui.managehandovers.view.DetailExecuteHOsap.m.ObjectStatus{\"text\":\"Status\"}"}]}
RESULT: undefined
COMMAND: POST /session/c9b3453a2097c94c00e43fefe9121ac5/execute/async - {"script":"<script> [6424 bytes]","args":[{"element-6066-11e4-a52e-4f735466cecf":"f.95D136BDD403266D18DB82FBE1F0ED89.d.57F21F2013F3ABFC43987198F0B7136A.e.18356"},"getText",[]]}
RESULT: {"script":"<script> [6424 bytes]","args":[{"element-6066-11e4-a52e-4f735466cecf":"f.95D136BDD403266D18DB82FBE1F0ED89.d.57F21F2013F3ABFC43987198F0B7136A.e.18356"},"getText",[]]}
COMMAND: POST /session/c9b3453a2097c94c00e43fefe9121ac5/execute/async - {"script":"<script> [1562 bytes]","args":[{"selector":{"controlType":"sap.m.Button","viewName":"etm.portal.ui.managehandovers.view.DetailExecuteHO","i18NText":{"propertyName":"text","key":"confirmAll"},"interaction":{"idSuffix":"BDI-content"}},"wdio_ui5_key":"etmportal.ui.managehandovers.view.DetailExecuteHOsap.m.Button{\"propertyName\":\"text\",\"key\":\"confirmAll\"}"}]}
RESULT: {"script":"<script> [1562 bytes]","args":[{"selector":{"controlType":"sap.m.Button","viewName":"etm.portal.ui.managehandovers.view.DetailExecuteHO","i18NText":{"propertyName":"text","key":"confirmAll"},"interaction":{"idSuffix":"BDI-content"}},"wdio_ui5_key":"etmportal.ui.managehandovers.view.DetailExecuteHOsap.m.Button{\"propertyName\":\"text\",\"key\":\"confirmAll\"}"}]}
RESULT: undefined
COMMAND: POST /session/c9b3453a2097c94c00e43fefe9121ac5/element - {"using":"xpath","value":"//*[@id=\"__button29\"]"}
RESULT: {"using":"xpath","value":"//*[@id=\"__button29\"]"}
COMMAND: POST /session/c9b3453a2097c94c00e43fefe9121ac5/element/f.95D136BDD403266D18DB82FBE1F0ED89.d.57F21F2013F3ABFC43987198F0B7136A.e.18358/click - {}
RESULT: {}
COMMAND: GET /session/c9b3453a2097c94c00e43fefe9121ac5/screenshot - {}
RESULT: {}
COMMAND: POST /session/c9b3453a2097c94c00e43fefe9121ac5/execute/async - {"script":"<script> [1562 bytes]","args":[{"selector":{"controlType":"sap.m.Button","properties":{"text":"OK"},"searchOpenDialogs":true,"interaction":{"idSuffix":"BDI-content"}},"wdio_ui5_key":"sapm.Button{\"text\":\"OK\"}"}]}
RESULT: {"script":"<script> [1562 bytes]","args":[{"selector":{"controlType":"sap.m.Button","properties":{"text":"OK"},"searchOpenDialogs":true,"interaction":{"idSuffix":"BDI-content"}},"wdio_ui5_key":"sapm.Button{\"text\":\"OK\"}"}]}
RESULT: undefined
COMMAND: POST /session/c9b3453a2097c94c00e43fefe9121ac5/element - {"using":"xpath","value":"//*[@id=\"__mbox-btn-0\"]"}
RESULT: {"using":"xpath","value":"//*[@id=\"__mbox-btn-0\"]"}
COMMAND: POST /session/c9b3453a2097c94c00e43fefe9121ac5/element/f.95D136BDD403266D18DB82FBE1F0ED89.d.57F21F2013F3ABFC43987198F0B7136A.e.18359/click - {}
RESULT: {}
COMMAND: GET /session/c9b3453a2097c94c00e43fefe9121ac5/screenshot - {}
RESULT: {}
COMMAND: POST /session/c9b3453a2097c94c00e43fefe9121ac5/element - {"using":"xpath","value":"//button[contains(@data-kt ,\"execHoReceiveFooterButton\")]"}
RESULT: {"using":"xpath","value":"//button[contains(@data-kt ,\"execHoReceiveFooterButton\")]"}
COMMAND: POST /session/c9b3453a2097c94c00e43fefe9121ac5/element/f.95D136BDD403266D18DB82FBE1F0ED89.d.57F21F2013F3ABFC43987198F0B7136A.e.18322/click - {}
RESULT: {}
COMMAND: GET /session/c9b3453a2097c94c00e43fefe9121ac5/screenshot - {}
RESULT: {}
COMMAND: POST /session/c9b3453a2097c94c00e43fefe9121ac5/refresh - {}
RESULT: {}
COMMAND: GET /session/c9b3453a2097c94c00e43fefe9121ac5/screenshot - {}
RESULT: {}
COMMAND: POST /session/c9b3453a2097c94c00e43fefe9121ac5/refresh - {}
RESULT: {}
COMMAND: GET /session/c9b3453a2097c94c00e43fefe9121ac5/screenshot - {}
RESULT: {}
COMMAND: POST /session/c9b3453a2097c94c00e43fefe9121ac5/window/fullscreen - {}
RESULT: {}
COMMAND: POST /session/c9b3453a2097c94c00e43fefe9121ac5/execute/async - {"script":"<script> [189 bytes]","args":[]}
RESULT: {"script":"<script> [189 bytes]","args":[]}
COMMAND: POST /session/c9b3453a2097c94c00e43fefe9121ac5/execute/async - {"script":"<script> [123 bytes]","args":[]}
RESULT: {"script":"<script> [123 bytes]","args":[]}
COMMAND: POST /session/c9b3453a2097c94c00e43fefe9121ac5/timeouts - {"script":"<number>"}
RESULT: {"script":"<number>"}
COMMAND: GET /session/c9b3453a2097c94c00e43fefe9121ac5/timeouts - {}
RESULT: {}
RESULT: undefined
COMMAND: POST /session/c9b3453a2097c94c00e43fefe9121ac5/execute/async - {"script":"<script> [2676 bytes]","args":[]}
RESULT: {"script":"<script> [2676 bytes]","args":[]}
COMMAND: POST /session/c9b3453a2097c94c00e43fefe9121ac5/execute/async - {"script":"<script> [2342 bytes]","args":[{"protocol":"http","hostname":"0.0.0.0","path":"/","capabilities":{"browserName":"chrome","goog:chromeOptions":{"binary":"C:\\Program Files\\Google\\Chrome\\Application\\chrome.exe","args":["--start-maximized"]}},"logLevel":"warn","connectionRetryTimeout":120000,"connectionRetryCount":3,"logLevels":{},"enableDirectConnect":true,"strictSSL":true,"_":"65 more keys: [\"cacheDir\",\"port\",\"requestedCapabilities\",\"automationProtocol\",\"baseUrl\",\"waitforInterval\",\"waitforTimeout\",\"onReload\",\"beforeCommand\",\"afterCommand\",\"rootDir\",\"specs\",\"suites\",\"exclude\",\"groupLogsByTestSpec\",\"excludeDriverLogs\",\"bail\",\"framework\",\"reporters\",\"services\",\"maxInstances\",\"maxInstancesPerCapability\",\"injectGlobals\",\"filesToWatch\",\"execArgv\",\"runnerEnv\",\"runner\",\"shard\",\"specFileRetries\",\"specFileRetriesDelay\",\"specFileRetriesDeferred\",\"reporterSyncInterval\",\"reporterSyncTimeout\",\"cucumberFeaturesWithLineNumbers\",\"autoCompileOpts\",\"mochaOpts\",\"jasmineOpts\",\"cucumberOpts\",\"onPrepare\",\"onWorkerStart\",\"onWorkerEnd\",\"before\",\"beforeSession\",\"beforeSuite\",\"beforeHook\",\"beforeTest\",\"afterTest\",\"afterHook\",\"afterSuite\",\"afterSession\",\"after\",\"onComplete\",\"beforeAssertion\",\"afterAssertion\",\"beforeFeature\",\"beforeScenario\",\"beforeStep\",\"afterStep\",\"afterScenario\",\"afterFeature\",\"_\",\"suite\",\"$0\",\"ignoredWorkerServices\",\"wdi5\"]"}]}
RESULT: {"script":"<script> [2342 bytes]","args":[{"protocol":"http","hostname":"0.0.0.0","path":"/","capabilities":{"browserName":"chrome","goog:chromeOptions":{"binary":"C:\\Program Files\\Google\\Chrome\\Application\\chrome.exe","args":["--start-maximized"]}},"logLevel":"warn","connectionRetryTimeout":120000,"connectionRetryCount":3,"logLevels":{},"enableDirectConnect":true,"strictSSL":true,"_":"65 more keys: [\"cacheDir\",\"port\",\"requestedCapabilities\",\"automationProtocol\",\"baseUrl\",\"waitforInterval\",\"waitforTimeout\",\"onReload\",\"beforeCommand\",\"afterCommand\",\"rootDir\",\"specs\",\"suites\",\"exclude\",\"groupLogsByTestSpec\",\"excludeDriverLogs\",\"bail\",\"framework\",\"reporters\",\"services\",\"maxInstances\",\"maxInstancesPerCapability\",\"injectGlobals\",\"filesToWatch\",\"execArgv\",\"runnerEnv\",\"runner\",\"shard\",\"specFileRetries\",\"specFileRetriesDelay\",\"specFileRetriesDeferred\",\"reporterSyncInterval\",\"reporterSyncTimeout\",\"cucumberFeaturesWithLineNumbers\",\"autoCompileOpts\",\"mochaOpts\",\"jasmineOpts\",\"cucumberOpts\",\"onPrepare\",\"onWorkerStart\",\"onWorkerEnd\",\"before\",\"beforeSession\",\"beforeSuite\",\"beforeHook\",\"beforeTest\",\"afterTest\",\"afterHook\",\"afterSuite\",\"afterSession\",\"after\",\"onComplete\",\"beforeAssertion\",\"afterAssertion\",\"beforeFeature\",\"beforeScenario\",\"beforeStep\",\"afterStep\",\"afterScenario\",\"afterFeature\",\"_\",\"suite\",\"$0\",\"ignoredWorkerServices\",\"wdi5\"]"}]}
COMMAND: POST /session/c9b3453a2097c94c00e43fefe9121ac5/execute/async - {"script":"<script> [21126 bytes]","args":[35000]}
RESULT: {"script":"<script> [21126 bytes]","args":[35000]}
COMMAND: POST /session/c9b3453a2097c94c00e43fefe9121ac5/execute/async - {"script":"<script> [1562 bytes]","args":[{"selector":{"controlType":"sap.m.SearchField","viewName":"etm.portal.ui.managehandovers.view.MasterHO","bindingPath":{"path":"","propertyPath":"/_BASIC_SEARCH_FIELD","modelName":"fi1t3rM0d31"},"interaction":{"idSuffix":"I"}},"wdio_ui5_key":"etmportal.ui.managehandovers.view.MasterHOsap.m.SearchField{\"path\":\"\",\"propertyPath\":\"/_BASIC_SEARCH_FIELD\",\"modelName\":\"fi1t3rM0d31\"}"}]}
RESULT: {"script":"<script> [1562 bytes]","args":[{"selector":{"controlType":"sap.m.SearchField","viewName":"etm.portal.ui.managehandovers.view.MasterHO","bindingPath":{"path":"","propertyPath":"/_BASIC_SEARCH_FIELD","modelName":"fi1t3rM0d31"},"interaction":{"idSuffix":"I"}},"wdio_ui5_key":"etmportal.ui.managehandovers.view.MasterHOsap.m.SearchField{\"path\":\"\",\"propertyPath\":\"/_BASIC_SEARCH_FIELD\",\"modelName\":\"fi1t3rM0d31\"}"}]}
RESULT: undefined
COMMAND: POST /session/c9b3453a2097c94c00e43fefe9121ac5/execute/async - {"script":"<script> [776 bytes]","args":[{"enterText":"30490","selector":{"controlType":"sap.m.SearchField","viewName":"etm.portal.ui.managehandovers.view.MasterHO","bindingPath":{"path":"","propertyPath":"/_BASIC_SEARCH_FIELD","modelName":"fi1t3rM0d31"},"interaction":{"idSuffix":"I"}},"clearTextFirst":true,"interactionType":"ENTER_TEXT"}]}
RESULT: {"script":"<script> [776 bytes]","args":[{"enterText":"30490","selector":{"controlType":"sap.m.SearchField","viewName":"etm.portal.ui.managehandovers.view.MasterHO","bindingPath":{"path":"","propertyPath":"/_BASIC_SEARCH_FIELD","modelName":"fi1t3rM0d31"},"interaction":{"idSuffix":"I"}},"clearTextFirst":true,"interactionType":"ENTER_TEXT"}]}
COMMAND: POST /session/c9b3453a2097c94c00e43fefe9121ac5/actions - {"actions":[{"id":"action85","type":"key","parameters":{},"actions":[{"type":"keyDown","value":"î€‡"},{"type":"pause","duration":10},{"type":"keyUp","value":"î€‡"}]}]}
RESULT: {"actions":[{"id":"action85","type":"key","parameters":{},"actions":[{"type":"keyDown","value":"î€‡"},{"type":"pause","duration":10},{"type":"keyUp","value":"î€‡"}]}]}
COMMAND: GET /session/c9b3453a2097c94c00e43fefe9121ac5/screenshot - {}
RESULT: {}
COMMAND: POST /session/c9b3453a2097c94c00e43fefe9121ac5/execute/async - {"script":"<script> [1562 bytes]","args":[{"selector":{"controlType":"sap.m.Title","viewName":"etm.portal.ui.managehandovers.view.MasterHO","properties":{"text":"Records (1)"}},"wdio_ui5_key":"etmportal.ui.managehandovers.view.MasterHOsap.m.Title{\"text\":\"Records (1)\"}"}]}
RESULT: {"script":"<script> [1562 bytes]","args":[{"selector":{"controlType":"sap.m.Title","viewName":"etm.portal.ui.managehandovers.view.MasterHO","properties":{"text":"Records (1)"}},"wdio_ui5_key":"etmportal.ui.managehandovers.view.MasterHOsap.m.Title{\"text\":\"Records (1)\"}"}]}
RESULT: undefined
COMMAND: POST /session/c9b3453a2097c94c00e43fefe9121ac5/execute/async - {"script":"<script> [6424 bytes]","args":[{"element-6066-11e4-a52e-4f735466cecf":"f.95D136BDD403266D18DB82FBE1F0ED89.d.D62E44B84AA277CEA4F2DB973F8AE37F.e.18527"},"getText",[]]}
RESULT: {"script":"<script> [6424 bytes]","args":[{"element-6066-11e4-a52e-4f735466cecf":"f.95D136BDD403266D18DB82FBE1F0ED89.d.D62E44B84AA277CEA4F2DB973F8AE37F.e.18527"},"getText",[]]}
COMMAND: POST /session/c9b3453a2097c94c00e43fefe9121ac5/execute/async - {"script":"<script> [1562 bytes]","args":[{"selector":{"controlType":"sap.ui.core.Icon","viewName":"etm.portal.ui.managehandovers.view.MasterHO","properties":{"src":{"regex":{"source":"slim\\-arrow\\-right"}}}},"wdio_ui5_key":"etmportal.ui.managehandovers.view.MasterHOsap.ui.core.Icon{\"src\":{\"regex\":{\"source\":\"slim\\\\-arrow\\\\-right\"}}}"}]}
RESULT: {"script":"<script> [1562 bytes]","args":[{"selector":{"controlType":"sap.ui.core.Icon","viewName":"etm.portal.ui.managehandovers.view.MasterHO","properties":{"src":{"regex":{"source":"slim\\-arrow\\-right"}}}},"wdio_ui5_key":"etmportal.ui.managehandovers.view.MasterHOsap.ui.core.Icon{\"src\":{\"regex\":{\"source\":\"slim\\\\-arrow\\\\-right\"}}}"}]}
RESULT: undefined
COMMAND: POST /session/c9b3453a2097c94c00e43fefe9121ac5/element - {"using":"xpath","value":"//*[@id=\"__item29-__clone17-imgNav\"]"}
RESULT: {"using":"xpath","value":"//*[@id=\"__item29-__clone17-imgNav\"]"}
COMMAND: POST /session/c9b3453a2097c94c00e43fefe9121ac5/element/f.95D136BDD403266D18DB82FBE1F0ED89.d.D62E44B84AA277CEA4F2DB973F8AE37F.e.18526/click - {}
RESULT: {}
COMMAND: GET /session/c9b3453a2097c94c00e43fefe9121ac5/screenshot - {}
RESULT: {}
COMMAND: POST /session/c9b3453a2097c94c00e43fefe9121ac5/execute/async - {"script":"<script> [1562 bytes]","args":[{"selector":{"controlType":"sap.m.ObjectStatus","viewName":"etm.portal.ui.managehandovers.view.DetailManageHO","viewId":"application-managehandovers-display-component---detailManageHO","labelFor":{"text":"Status"}},"wdio_ui5_key":"etmportal.ui.managehandovers.view.DetailManageHOsap.m.ObjectStatus{\"text\":\"Status\"}"}]}
RESULT: {"script":"<script> [1562 bytes]","args":[{"selector":{"controlType":"sap.m.ObjectStatus","viewName":"etm.portal.ui.managehandovers.view.DetailManageHO","viewId":"application-managehandovers-display-component---detailManageHO","labelFor":{"text":"Status"}},"wdio_ui5_key":"etmportal.ui.managehandovers.view.DetailManageHOsap.m.ObjectStatus{\"text\":\"Status\"}"}]}
RESULT: undefined
COMMAND: POST /session/c9b3453a2097c94c00e43fefe9121ac5/execute/async - {"script":"<script> [6424 bytes]","args":[{"element-6066-11e4-a52e-4f735466cecf":"f.95D136BDD403266D18DB82FBE1F0ED89.d.D62E44B84AA277CEA4F2DB973F8AE37F.e.18619"},"getText",[]]}
RESULT: {"script":"<script> [6424 bytes]","args":[{"element-6066-11e4-a52e-4f735466cecf":"f.95D136BDD403266D18DB82FBE1F0ED89.d.D62E44B84AA277CEA4F2DB973F8AE37F.e.18619"},"getText",[]]}
COMMAND: POST /session/c9b3453a2097c94c00e43fefe9121ac5/element - {"using":"xpath","value":"//a[contains(@data-kt ,\"GeneralSectionReceiveContracttLink\")]"}
RESULT: {"using":"xpath","value":"//a[contains(@data-kt ,\"GeneralSectionReceiveContracttLink\")]"}
COMMAND: POST /session/c9b3453a2097c94c00e43fefe9121ac5/element/f.95D136BDD403266D18DB82FBE1F0ED89.d.D62E44B84AA277CEA4F2DB973F8AE37F.e.18622/click - {}
RESULT: {}
COMMAND: GET /session/c9b3453a2097c94c00e43fefe9121ac5/screenshot - {}
RESULT: {}
COMMAND: POST /session/c9b3453a2097c94c00e43fefe9121ac5/element - {"using":"xpath","value":"//a[contains(@data-kt ,\"ContextMenuId2Link\")]"}
RESULT: {"using":"xpath","value":"//a[contains(@data-kt ,\"ContextMenuId2Link\")]"}
COMMAND: POST /session/c9b3453a2097c94c00e43fefe9121ac5/element/f.95D136BDD403266D18DB82FBE1F0ED89.d.D62E44B84AA277CEA4F2DB973F8AE37F.e.18625/click - {}
RESULT: {}
COMMAND: GET /session/c9b3453a2097c94c00e43fefe9121ac5/screenshot - {}
RESULT: {}
COMMAND: POST /session/c9b3453a2097c94c00e43fefe9121ac5/execute/async - {"script":"<script> [1562 bytes]","args":[{"selector":{"controlType":"sap.m.ObjectStatus","viewName":"etm.portal.ui.managecontracts.view.Detail","bindingPath":{"propertyPath":"LINK_TO_LOGISTICAL_STATUS/DESCRIPTION","modelName":"catalogModel"}},"wdio_ui5_key":"etmportal.ui.managecontracts.view.Detailsap.m.ObjectStatus{\"propertyPath\":\"LINK_TO_LOGISTICAL_STATUS/DESCRIPTION\",\"modelName\":\"catalogModel\"}"}]}
RESULT: {"script":"<script> [1562 bytes]","args":[{"selector":{"controlType":"sap.m.ObjectStatus","viewName":"etm.portal.ui.managecontracts.view.Detail","bindingPath":{"propertyPath":"LINK_TO_LOGISTICAL_STATUS/DESCRIPTION","modelName":"catalogModel"}},"wdio_ui5_key":"etmportal.ui.managecontracts.view.Detailsap.m.ObjectStatus{\"propertyPath\":\"LINK_TO_LOGISTICAL_STATUS/DESCRIPTION\",\"modelName\":\"catalogModel\"}"}]}
RESULT: undefined
COMMAND: POST /session/c9b3453a2097c94c00e43fefe9121ac5/execute/async - {"script":"<script> [6424 bytes]","args":[{"element-6066-11e4-a52e-4f735466cecf":"f.95D136BDD403266D18DB82FBE1F0ED89.d.D62E44B84AA277CEA4F2DB973F8AE37F.e.18861"},"getText",[]]}
RESULT: {"script":"<script> [6424 bytes]","args":[{"element-6066-11e4-a52e-4f735466cecf":"f.95D136BDD403266D18DB82FBE1F0ED89.d.D62E44B84AA277CEA4F2DB973F8AE37F.e.18861"},"getText",[]]}
COMMAND: POST /session/c9b3453a2097c94c00e43fefe9121ac5/execute/async - {"script":"<script> [1562 bytes]","args":[{"selector":{"controlType":"sap.m.ObjectStatus","viewName":"etm.portal.ui.managecontracts.view.Detail","bindingPath":{"propertyPath":"LINK_TO_COMMERCIAL_STATUS/DESCRIPTION","modelName":"catalogModel"}},"wdio_ui5_key":"etmportal.ui.managecontracts.view.Detailsap.m.ObjectStatus{\"propertyPath\":\"LINK_TO_COMMERCIAL_STATUS/DESCRIPTION\",\"modelName\":\"catalogModel\"}"}]}
RESULT: {"script":"<script> [1562 bytes]","args":[{"selector":{"controlType":"sap.m.ObjectStatus","viewName":"etm.portal.ui.managecontracts.view.Detail","bindingPath":{"propertyPath":"LINK_TO_COMMERCIAL_STATUS/DESCRIPTION","modelName":"catalogModel"}},"wdio_ui5_key":"etmportal.ui.managecontracts.view.Detailsap.m.ObjectStatus{\"propertyPath\":\"LINK_TO_COMMERCIAL_STATUS/DESCRIPTION\",\"modelName\":\"catalogModel\"}"}]}
RESULT: undefined
COMMAND: POST /session/c9b3453a2097c94c00e43fefe9121ac5/execute/async - {"script":"<script> [6424 bytes]","args":[{"element-6066-11e4-a52e-4f735466cecf":"f.95D136BDD403266D18DB82FBE1F0ED89.d.D62E44B84AA277CEA4F2DB973F8AE37F.e.18862"},"getText",[]]}
RESULT: {"script":"<script> [6424 bytes]","args":[{"element-6066-11e4-a52e-4f735466cecf":"f.95D136BDD403266D18DB82FBE1F0ED89.d.D62E44B84AA277CEA4F2DB973F8AE37F.e.18862"},"getText",[]]}
]]></system-out>
    </testcase>
    <testcase classname="chrome.136_0_7103_93.windows.E2E_-_Logistical_and_commercial_statuses" name="It should follow the handover steps to the status fully returned" time="270.547">
      <system-out><![CDATA[
COMMAND: POST /session/c9b3453a2097c94c00e43fefe9121ac5/execute/async - {"script":"<script> [1562 bytes]","args":[{"selector":{"id":"contractDetailReturnButton","viewName":"etm.portal.ui.managecontracts.view.Detail","interaction":{"idSuffix":"BDI-content"}},"wdio_ui5_key":"contractDetailReturnButtonetmportal.ui.managecontracts.view.Detail"}]}
RESULT: {"script":"<script> [1562 bytes]","args":[{"selector":{"id":"contractDetailReturnButton","viewName":"etm.portal.ui.managecontracts.view.Detail","interaction":{"idSuffix":"BDI-content"}},"wdio_ui5_key":"contractDetailReturnButtonetmportal.ui.managecontracts.view.Detail"}]}
RESULT: undefined
COMMAND: POST /session/c9b3453a2097c94c00e43fefe9121ac5/element - {"using":"xpath","value":"//*[@id=\"__xmlview2--contractDetailReturnButton\"]"}
RESULT: {"using":"xpath","value":"//*[@id=\"__xmlview2--contractDetailReturnButton\"]"}
COMMAND: POST /session/c9b3453a2097c94c00e43fefe9121ac5/element/f.95D136BDD403266D18DB82FBE1F0ED89.d.D62E44B84AA277CEA4F2DB973F8AE37F.e.18725/click - {}
RESULT: {}
COMMAND: POST /session/c9b3453a2097c94c00e43fefe9121ac5/execute/async - {"script":"<script> [1562 bytes]","args":[{"selector":{"id":"application-managehandovers-display-component---AddNewHO--dueDate","interaction":{"idSuffix":"inner"}},"wdio_ui5_key":"applicationmanagehandovers-display-component---AddNewHO--dueDate"}]}
COMMAND: GET /session/c9b3453a2097c94c00e43fefe9121ac5/screenshot - {}
RESULT: {"script":"<script> [1562 bytes]","args":[{"selector":{"id":"application-managehandovers-display-component---AddNewHO--dueDate","interaction":{"idSuffix":"inner"}},"wdio_ui5_key":"applicationmanagehandovers-display-component---AddNewHO--dueDate"}]}
RESULT: undefined
COMMAND: POST /session/c9b3453a2097c94c00e43fefe9121ac5/execute/async - {"script":"<script> [776 bytes]","args":[{"enterText":"05/15/25","selector":{"id":"application-managehandovers-display-component---AddNewHO--dueDate","interaction":{"idSuffix":"inner"}},"clearTextFirst":true,"interactionType":"ENTER_TEXT"}]}
RESULT: {}
RESULT: {"script":"<script> [776 bytes]","args":[{"enterText":"05/15/25","selector":{"id":"application-managehandovers-display-component---AddNewHO--dueDate","interaction":{"idSuffix":"inner"}},"clearTextFirst":true,"interactionType":"ENTER_TEXT"}]}
COMMAND: POST /session/c9b3453a2097c94c00e43fefe9121ac5/element - {"using":"xpath","value":"//bdi[contains(@id ,\"application-managehandovers-display-component---AddNewHO--ObjectPageLayout-anchBar-application-managehandovers-display-component---AddNewHO--section4-anchor-BDI-content\")]"}
RESULT: {"using":"xpath","value":"//bdi[contains(@id ,\"application-managehandovers-display-component---AddNewHO--ObjectPageLayout-anchBar-application-managehandovers-display-component---AddNewHO--section4-anchor-BDI-content\")]"}
COMMAND: POST /session/c9b3453a2097c94c00e43fefe9121ac5/element/f.95D136BDD403266D18DB82FBE1F0ED89.d.D62E44B84AA277CEA4F2DB973F8AE37F.e.19023/click - {}
RESULT: {}
COMMAND: GET /session/c9b3453a2097c94c00e43fefe9121ac5/screenshot - {}
RESULT: {}
COMMAND: POST /session/c9b3453a2097c94c00e43fefe9121ac5/element - {"using":"xpath","value":"//button[contains(@data-kt ,\"AddNewHOProvideAddItemsButton\")]"}
RESULT: {"using":"xpath","value":"//button[contains(@data-kt ,\"AddNewHOProvideAddItemsButton\")]"}
COMMAND: POST /session/c9b3453a2097c94c00e43fefe9121ac5/element/f.95D136BDD403266D18DB82FBE1F0ED89.d.D62E44B84AA277CEA4F2DB973F8AE37F.e.19029/click - {}
RESULT: {}
COMMAND: GET /session/c9b3453a2097c94c00e43fefe9121ac5/screenshot - {}
RESULT: {}
COMMAND: POST /session/c9b3453a2097c94c00e43fefe9121ac5/execute/async - {"script":"<script> [1562 bytes]","args":[{"selector":{"id":"application-managehandovers-display-component---AddNewHO--popup-sa","searchOpenDialogs":true,"interaction":{"idSuffix":"CbBg"}},"wdio_ui5_key":"applicationmanagehandovers-display-component---AddNewHO--popup-sa"}]}
RESULT: {"script":"<script> [1562 bytes]","args":[{"selector":{"id":"application-managehandovers-display-component---AddNewHO--popup-sa","searchOpenDialogs":true,"interaction":{"idSuffix":"CbBg"}},"wdio_ui5_key":"applicationmanagehandovers-display-component---AddNewHO--popup-sa"}]}
RESULT: undefined
COMMAND: POST /session/c9b3453a2097c94c00e43fefe9121ac5/element - {"using":"xpath","value":"//*[@id=\"application-managehandovers-display-component---AddNewHO--popup-sa\"]"}
RESULT: {"using":"xpath","value":"//*[@id=\"application-managehandovers-display-component---AddNewHO--popup-sa\"]"}
COMMAND: POST /session/c9b3453a2097c94c00e43fefe9121ac5/element/f.95D136BDD403266D18DB82FBE1F0ED89.d.D62E44B84AA277CEA4F2DB973F8AE37F.e.19045/click - {}
RESULT: {}
COMMAND: POST /session/c9b3453a2097c94c00e43fefe9121ac5/execute/async - {"script":"<script> [1562 bytes]","args":[{"selector":{"controlType":"sap.m.Button","viewName":"etm.portal.ui.managehandovers.view.AddNewHO","viewId":"application-managehandovers-display-component---AddNewHO","i18NText":{"propertyName":"text","key":"select"},"searchOpenDialogs":true,"interaction":{"idSuffix":"BDI-content"}},"wdio_ui5_key":"etmportal.ui.managehandovers.view.AddNewHOsap.m.Button{\"propertyName\":\"text\",\"key\":\"select\"}"}]}
COMMAND: GET /session/c9b3453a2097c94c00e43fefe9121ac5/screenshot - {}
RESULT: {"script":"<script> [1562 bytes]","args":[{"selector":{"controlType":"sap.m.Button","viewName":"etm.portal.ui.managehandovers.view.AddNewHO","viewId":"application-managehandovers-display-component---AddNewHO","i18NText":{"propertyName":"text","key":"select"},"searchOpenDialogs":true,"interaction":{"idSuffix":"BDI-content"}},"wdio_ui5_key":"etmportal.ui.managehandovers.view.AddNewHOsap.m.Button{\"propertyName\":\"text\",\"key\":\"select\"}"}]}
RESULT: undefined
COMMAND: POST /session/c9b3453a2097c94c00e43fefe9121ac5/element - {"using":"xpath","value":"//*[@id=\"__button56\"]"}
RESULT: {}
RESULT: {"using":"xpath","value":"//*[@id=\"__button56\"]"}
COMMAND: POST /session/c9b3453a2097c94c00e43fefe9121ac5/element/f.95D136BDD403266D18DB82FBE1F0ED89.d.D62E44B84AA277CEA4F2DB973F8AE37F.e.19048/click - {}
RESULT: {}
COMMAND: GET /session/c9b3453a2097c94c00e43fefe9121ac5/screenshot - {}
RESULT: {}
COMMAND: POST /session/c9b3453a2097c94c00e43fefe9121ac5/execute/async - {"script":"<script> [1562 bytes]","args":[{"selector":{"id":"application-managehandovers-display-component---AddNewHO--confirmCreationButton","interaction":{"idSuffix":"BDI-content"}},"wdio_ui5_key":"applicationmanagehandovers-display-component---AddNewHO--confirmCreationButton"}]}
RESULT: {"script":"<script> [1562 bytes]","args":[{"selector":{"id":"application-managehandovers-display-component---AddNewHO--confirmCreationButton","interaction":{"idSuffix":"BDI-content"}},"wdio_ui5_key":"applicationmanagehandovers-display-component---AddNewHO--confirmCreationButton"}]}
RESULT: undefined
COMMAND: POST /session/c9b3453a2097c94c00e43fefe9121ac5/element - {"using":"xpath","value":"//*[@id=\"application-managehandovers-display-component---AddNewHO--confirmCreationButton\"]"}
RESULT: {"using":"xpath","value":"//*[@id=\"application-managehandovers-display-component---AddNewHO--confirmCreationButton\"]"}
COMMAND: POST /session/c9b3453a2097c94c00e43fefe9121ac5/element/f.95D136BDD403266D18DB82FBE1F0ED89.d.D62E44B84AA277CEA4F2DB973F8AE37F.e.18987/click - {}
RESULT: {}
COMMAND: GET /session/c9b3453a2097c94c00e43fefe9121ac5/screenshot - {}
RESULT: {}
COMMAND: POST /session/c9b3453a2097c94c00e43fefe9121ac5/execute/async - {"script":"<script> [1562 bytes]","args":[{"selector":{"controlType":"sap.m.Text","viewName":"etm.portal.ui.managehandovers.view.DetailExecuteHO","bindingPath":{"propertyPath":"NO","modelName":"catalogModel"}},"wdio_ui5_key":"etmportal.ui.managehandovers.view.DetailExecuteHOsap.m.Text{\"propertyPath\":\"NO\",\"modelName\":\"catalogModel\"}"}]}
RESULT: {"script":"<script> [1562 bytes]","args":[{"selector":{"controlType":"sap.m.Text","viewName":"etm.portal.ui.managehandovers.view.DetailExecuteHO","bindingPath":{"propertyPath":"NO","modelName":"catalogModel"}},"wdio_ui5_key":"etmportal.ui.managehandovers.view.DetailExecuteHOsap.m.Text{\"propertyPath\":\"NO\",\"modelName\":\"catalogModel\"}"}]}
RESULT: undefined
COMMAND: POST /session/c9b3453a2097c94c00e43fefe9121ac5/execute/async - {"script":"<script> [6424 bytes]","args":[{"element-6066-11e4-a52e-4f735466cecf":"f.95D136BDD403266D18DB82FBE1F0ED89.d.D62E44B84AA277CEA4F2DB973F8AE37F.e.19084"},"getText",[]]}
RESULT: {"script":"<script> [6424 bytes]","args":[{"element-6066-11e4-a52e-4f735466cecf":"f.95D136BDD403266D18DB82FBE1F0ED89.d.D62E44B84AA277CEA4F2DB973F8AE37F.e.19084"},"getText",[]]}
COMMAND: POST /session/c9b3453a2097c94c00e43fefe9121ac5/element - {"using":"xpath","value":"//a[contains(@data-kt ,\"GeneralSectionSendContractLink\")]"}
RESULT: {"using":"xpath","value":"//a[contains(@data-kt ,\"GeneralSectionSendContractLink\")]"}
COMMAND: POST /session/c9b3453a2097c94c00e43fefe9121ac5/element/f.95D136BDD403266D18DB82FBE1F0ED89.d.D62E44B84AA277CEA4F2DB973F8AE37F.e.19085/click - {}
RESULT: {}
COMMAND: GET /session/c9b3453a2097c94c00e43fefe9121ac5/screenshot - {}
RESULT: {}
COMMAND: POST /session/c9b3453a2097c94c00e43fefe9121ac5/element - {"using":"xpath","value":"//a[contains(@data-kt ,\"ContextMenuId2Link\")]"}
RESULT: {"using":"xpath","value":"//a[contains(@data-kt ,\"ContextMenuId2Link\")]"}
COMMAND: POST /session/c9b3453a2097c94c00e43fefe9121ac5/elements - {"using":"xpath","value":"//a[contains(@data-kt ,\"ContextMenuId2Link\")]"}
RESULT: {"using":"xpath","value":"//a[contains(@data-kt ,\"ContextMenuId2Link\")]"}
COMMAND: POST /session/c9b3453a2097c94c00e43fefe9121ac5/element/f.95D136BDD403266D18DB82FBE1F0ED89.d.D62E44B84AA277CEA4F2DB973F8AE37F.e.19089/click - {}
RESULT: {}
COMMAND: GET /session/c9b3453a2097c94c00e43fefe9121ac5/screenshot - {}
RESULT: {}
COMMAND: POST /session/c9b3453a2097c94c00e43fefe9121ac5/execute/async - {"script":"<script> [1562 bytes]","args":[{"selector":{"controlType":"sap.m.Link","viewName":"etm.portal.ui.managehandovers.view.DetailExecuteHO","properties":{"text":"Contract Overview"},"searchOpenDialogs":true},"wdio_ui5_key":"etmportal.ui.managehandovers.view.DetailExecuteHOsap.m.Link{\"text\":\"Contract Overview\"}"}]}
RESULT: {"script":"<script> [1562 bytes]","args":[{"selector":{"controlType":"sap.m.Link","viewName":"etm.portal.ui.managehandovers.view.DetailExecuteHO","properties":{"text":"Contract Overview"},"searchOpenDialogs":true},"wdio_ui5_key":"etmportal.ui.managehandovers.view.DetailExecuteHOsap.m.Link{\"text\":\"Contract Overview\"}"}]}
RESULT: undefined
RESULT: undefined
COMMAND: POST /session/c9b3453a2097c94c00e43fefe9121ac5/execute/async - {"script":"<script> [6424 bytes]","args":[{"element-6066-11e4-a52e-4f735466cecf":"f.95D136BDD403266D18DB82FBE1F0ED89.d.D62E44B84AA277CEA4F2DB973F8AE37F.e.18861"},"getText",[]]}
COMMAND: POST /session/c9b3453a2097c94c00e43fefe9121ac5/execute/async - {"script":"<script> [1562 bytes]","args":[{"selector":{"controlType":"sap.m.ObjectStatus","viewName":"etm.portal.ui.managecontracts.view.Detail","bindingPath":{"propertyPath":"LINK_TO_LOGISTICAL_STATUS/DESCRIPTION","modelName":"catalogModel"}},"wdio_ui5_key":"etmportal.ui.managecontracts.view.Detailsap.m.ObjectStatus{\"propertyPath\":\"LINK_TO_LOGISTICAL_STATUS/DESCRIPTION\",\"modelName\":\"catalogModel\"}"}]}
RESULT: {"script":"<script> [1562 bytes]","args":[{"selector":{"controlType":"sap.m.ObjectStatus","viewName":"etm.portal.ui.managecontracts.view.Detail","bindingPath":{"propertyPath":"LINK_TO_LOGISTICAL_STATUS/DESCRIPTION","modelName":"catalogModel"}},"wdio_ui5_key":"etmportal.ui.managecontracts.view.Detailsap.m.ObjectStatus{\"propertyPath\":\"LINK_TO_LOGISTICAL_STATUS/DESCRIPTION\",\"modelName\":\"catalogModel\"}"}]}
COMMAND: POST /session/c9b3453a2097c94c00e43fefe9121ac5/execute/async - {"script":"<script> [6424 bytes]","args":[{"element-6066-11e4-a52e-4f735466cecf":"f.95D136BDD403266D18DB82FBE1F0ED89.d.D62E44B84AA277CEA4F2DB973F8AE37F.e.19317"},"getText",[]]}
RESULT: {"script":"<script> [6424 bytes]","args":[{"element-6066-11e4-a52e-4f735466cecf":"f.95D136BDD403266D18DB82FBE1F0ED89.d.D62E44B84AA277CEA4F2DB973F8AE37F.e.19317"},"getText",[]]}
RESULT: undefined
COMMAND: POST /session/c9b3453a2097c94c00e43fefe9121ac5/execute/async - {"script":"<script> [6424 bytes]","args":[{"element-6066-11e4-a52e-4f735466cecf":"f.95D136BDD403266D18DB82FBE1F0ED89.d.D62E44B84AA277CEA4F2DB973F8AE37F.e.18862"},"getText",[]]}
COMMAND: POST /session/c9b3453a2097c94c00e43fefe9121ac5/execute/async - {"script":"<script> [1562 bytes]","args":[{"selector":{"controlType":"sap.m.ObjectStatus","viewName":"etm.portal.ui.managecontracts.view.Detail","bindingPath":{"propertyPath":"LINK_TO_COMMERCIAL_STATUS/DESCRIPTION","modelName":"catalogModel"}},"wdio_ui5_key":"etmportal.ui.managecontracts.view.Detailsap.m.ObjectStatus{\"propertyPath\":\"LINK_TO_COMMERCIAL_STATUS/DESCRIPTION\",\"modelName\":\"catalogModel\"}"}]}
RESULT: {"script":"<script> [1562 bytes]","args":[{"selector":{"controlType":"sap.m.ObjectStatus","viewName":"etm.portal.ui.managecontracts.view.Detail","bindingPath":{"propertyPath":"LINK_TO_COMMERCIAL_STATUS/DESCRIPTION","modelName":"catalogModel"}},"wdio_ui5_key":"etmportal.ui.managecontracts.view.Detailsap.m.ObjectStatus{\"propertyPath\":\"LINK_TO_COMMERCIAL_STATUS/DESCRIPTION\",\"modelName\":\"catalogModel\"}"}]}
COMMAND: POST /session/c9b3453a2097c94c00e43fefe9121ac5/execute/async - {"script":"<script> [6424 bytes]","args":[{"element-6066-11e4-a52e-4f735466cecf":"f.95D136BDD403266D18DB82FBE1F0ED89.d.D62E44B84AA277CEA4F2DB973F8AE37F.e.19318"},"getText",[]]}
RESULT: {"script":"<script> [6424 bytes]","args":[{"element-6066-11e4-a52e-4f735466cecf":"f.95D136BDD403266D18DB82FBE1F0ED89.d.D62E44B84AA277CEA4F2DB973F8AE37F.e.19318"},"getText",[]]}
COMMAND: POST /session/c9b3453a2097c94c00e43fefe9121ac5/execute/async - {"script":"<script> [1562 bytes]","args":[{"selector":{"id":"backBtn"},"wdio_ui5_key":"backBtn"}]}
RESULT: {"script":"<script> [1562 bytes]","args":[{"selector":{"id":"backBtn"},"wdio_ui5_key":"backBtn"}]}
RESULT: undefined
COMMAND: POST /session/c9b3453a2097c94c00e43fefe9121ac5/element - {"using":"xpath","value":"//*[@id=\"backBtn\"]"}
RESULT: {"using":"xpath","value":"//*[@id=\"backBtn\"]"}
COMMAND: POST /session/c9b3453a2097c94c00e43fefe9121ac5/element/f.95D136BDD403266D18DB82FBE1F0ED89.d.D62E44B84AA277CEA4F2DB973F8AE37F.e.19319/click - {}
RESULT: {}
COMMAND: GET /session/c9b3453a2097c94c00e43fefe9121ac5/screenshot - {}
COMMAND: POST /session/c9b3453a2097c94c00e43fefe9121ac5/element - {"using":"xpath","value":"//input[contains(@id ,\"issueDatePicker-inner\")]"}
RESULT: {}
RESULT: {"using":"xpath","value":"//input[contains(@id ,\"issueDatePicker-inner\")]"}
COMMAND: POST /session/c9b3453a2097c94c00e43fefe9121ac5/elements - {"using":"xpath","value":"//input[contains(@id ,\"issueDatePicker-inner\")]"}
RESULT: {"using":"xpath","value":"//input[contains(@id ,\"issueDatePicker-inner\")]"}
COMMAND: POST /session/c9b3453a2097c94c00e43fefe9121ac5/elements - {"using":"xpath","value":"//input[contains(@id ,\"issueDatePicker-inner\")]"}
RESULT: {"using":"xpath","value":"//input[contains(@id ,\"issueDatePicker-inner\")]"}
COMMAND: POST /session/c9b3453a2097c94c00e43fefe9121ac5/elements - {"using":"xpath","value":"//input[contains(@id ,\"issueDatePicker-inner\")]"}
RESULT: {"using":"xpath","value":"//input[contains(@id ,\"issueDatePicker-inner\")]"}
COMMAND: POST /session/c9b3453a2097c94c00e43fefe9121ac5/elements - {"using":"xpath","value":"//input[contains(@id ,\"issueDatePicker-inner\")]"}
RESULT: {"using":"xpath","value":"//input[contains(@id ,\"issueDatePicker-inner\")]"}
COMMAND: POST /session/c9b3453a2097c94c00e43fefe9121ac5/elements - {"using":"xpath","value":"//input[contains(@id ,\"issueDatePicker-inner\")]"}
RESULT: {"using":"xpath","value":"//input[contains(@id ,\"issueDatePicker-inner\")]"}
COMMAND: POST /session/c9b3453a2097c94c00e43fefe9121ac5/elements - {"using":"xpath","value":"//input[contains(@id ,\"issueDatePicker-inner\")]"}
RESULT: {"using":"xpath","value":"//input[contains(@id ,\"issueDatePicker-inner\")]"}
COMMAND: POST /session/c9b3453a2097c94c00e43fefe9121ac5/elements - {"using":"xpath","value":"//input[contains(@id ,\"issueDatePicker-inner\")]"}
RESULT: {"using":"xpath","value":"//input[contains(@id ,\"issueDatePicker-inner\")]"}
COMMAND: POST /session/c9b3453a2097c94c00e43fefe9121ac5/elements - {"using":"xpath","value":"//input[contains(@id ,\"issueDatePicker-inner\")]"}
RESULT: {"using":"xpath","value":"//input[contains(@id ,\"issueDatePicker-inner\")]"}
COMMAND: POST /session/c9b3453a2097c94c00e43fefe9121ac5/element - {"using":"xpath","value":"//input[contains(@id ,\"issueDatePicker-inner\")]"}
RESULT: {"using":"xpath","value":"//input[contains(@id ,\"issueDatePicker-inner\")]"}
COMMAND: GET /session/c9b3453a2097c94c00e43fefe9121ac5/element/f.95D136BDD403266D18DB82FBE1F0ED89.d.D62E44B84AA277CEA4F2DB973F8AE37F.e.19594/property/value - {}
RESULT: {}
COMMAND: POST /session/c9b3453a2097c94c00e43fefe9121ac5/element/f.95D136BDD403266D18DB82FBE1F0ED89.d.D62E44B84AA277CEA4F2DB973F8AE37F.e.19594/clear - {}
COMMAND: GET /session/c9b3453a2097c94c00e43fefe9121ac5/screenshot - {}
RESULT: {}
COMMAND: POST /session/c9b3453a2097c94c00e43fefe9121ac5/element/f.95D136BDD403266D18DB82FBE1F0ED89.d.D62E44B84AA277CEA4F2DB973F8AE37F.e.19594/value - {"text":"05/15/25"}
COMMAND: GET /session/c9b3453a2097c94c00e43fefe9121ac5/screenshot - {}
RESULT: {}
RESULT: {"text":"05/15/25"}
COMMAND: GET /session/c9b3453a2097c94c00e43fefe9121ac5/screenshot - {}
RESULT: {}
RESULT: {}
COMMAND: POST /session/c9b3453a2097c94c00e43fefe9121ac5/execute/async - {"script":"<script> [1562 bytes]","args":[{"selector":{"controlType":"sap.m.Button","viewName":"etm.portal.ui.managehandovers.view.DetailExecuteHO","i18NText":{"propertyName":"text","key":"confirmAll"},"interaction":{"idSuffix":"inner"}},"wdio_ui5_key":"etmportal.ui.managehandovers.view.DetailExecuteHOsap.m.Button{\"propertyName\":\"text\",\"key\":\"confirmAll\"}"}]}
RESULT: {"script":"<script> [1562 bytes]","args":[{"selector":{"controlType":"sap.m.Button","viewName":"etm.portal.ui.managehandovers.view.DetailExecuteHO","i18NText":{"propertyName":"text","key":"confirmAll"},"interaction":{"idSuffix":"inner"}},"wdio_ui5_key":"etmportal.ui.managehandovers.view.DetailExecuteHOsap.m.Button{\"propertyName\":\"text\",\"key\":\"confirmAll\"}"}]}
RESULT: undefined
COMMAND: POST /session/c9b3453a2097c94c00e43fefe9121ac5/element - {"using":"xpath","value":"//*[@id=\"__button136\"]"}
RESULT: {"using":"xpath","value":"//*[@id=\"__button136\"]"}
COMMAND: POST /session/c9b3453a2097c94c00e43fefe9121ac5/element/f.95D136BDD403266D18DB82FBE1F0ED89.d.D62E44B84AA277CEA4F2DB973F8AE37F.e.19618/click - {}
RESULT: {}
COMMAND: GET /session/c9b3453a2097c94c00e43fefe9121ac5/screenshot - {}
RESULT: {}
COMMAND: POST /session/c9b3453a2097c94c00e43fefe9121ac5/actions - {"actions":[{"id":"action86","type":"key","parameters":{},"actions":[{"type":"keyDown","value":"î€‡"},{"type":"pause","duration":10},{"type":"keyUp","value":"î€‡"}]}]}
RESULT: {"actions":[{"id":"action86","type":"key","parameters":{},"actions":[{"type":"keyDown","value":"î€‡"},{"type":"pause","duration":10},{"type":"keyUp","value":"î€‡"}]}]}
COMMAND: GET /session/c9b3453a2097c94c00e43fefe9121ac5/screenshot - {}
RESULT: {}
RESULT: undefined
COMMAND: POST /session/c9b3453a2097c94c00e43fefe9121ac5/element - {"using":"xpath","value":"//*[@id=\"__button136\"]"}
RESULT: {"using":"xpath","value":"//*[@id=\"__button136\"]"}
COMMAND: POST /session/c9b3453a2097c94c00e43fefe9121ac5/element/f.95D136BDD403266D18DB82FBE1F0ED89.d.D62E44B84AA277CEA4F2DB973F8AE37F.e.19618/click - {}
RESULT: {}
COMMAND: GET /session/c9b3453a2097c94c00e43fefe9121ac5/screenshot - {}
RESULT: {}
COMMAND: POST /session/c9b3453a2097c94c00e43fefe9121ac5/execute/async - {"script":"<script> [1562 bytes]","args":[{"selector":{"controlType":"sap.m.Button","properties":{"text":"OK"},"searchOpenDialogs":true,"interaction":{"idSuffix":"content"}},"wdio_ui5_key":"sapm.Button{\"text\":\"OK\"}"}]}
RESULT: {"script":"<script> [1562 bytes]","args":[{"selector":{"controlType":"sap.m.Button","properties":{"text":"OK"},"searchOpenDialogs":true,"interaction":{"idSuffix":"content"}},"wdio_ui5_key":"sapm.Button{\"text\":\"OK\"}"}]}
RESULT: undefined
COMMAND: POST /session/c9b3453a2097c94c00e43fefe9121ac5/element - {"using":"xpath","value":"//*[@id=\"__mbox-btn-2\"]"}
RESULT: {"using":"xpath","value":"//*[@id=\"__mbox-btn-2\"]"}
COMMAND: POST /session/c9b3453a2097c94c00e43fefe9121ac5/element/f.95D136BDD403266D18DB82FBE1F0ED89.d.D62E44B84AA277CEA4F2DB973F8AE37F.e.19627/click - {}
RESULT: {}
COMMAND: GET /session/c9b3453a2097c94c00e43fefe9121ac5/screenshot - {}
RESULT: {}
COMMAND: POST /session/c9b3453a2097c94c00e43fefe9121ac5/element - {"using":"xpath","value":"//button[contains(@data-kt ,\"execHoIssueFooterButton\")]"}
RESULT: {"using":"xpath","value":"//button[contains(@data-kt ,\"execHoIssueFooterButton\")]"}
COMMAND: POST /session/c9b3453a2097c94c00e43fefe9121ac5/element/f.95D136BDD403266D18DB82FBE1F0ED89.d.D62E44B84AA277CEA4F2DB973F8AE37F.e.19631/click - {}
RESULT: {}
COMMAND: GET /session/c9b3453a2097c94c00e43fefe9121ac5/screenshot - {}
RESULT: {}
COMMAND: POST /session/c9b3453a2097c94c00e43fefe9121ac5/refresh - {}
RESULT: {}
COMMAND: GET /session/c9b3453a2097c94c00e43fefe9121ac5/screenshot - {}
RESULT: {}
COMMAND: POST /session/c9b3453a2097c94c00e43fefe9121ac5/refresh - {}
RESULT: {}
COMMAND: GET /session/c9b3453a2097c94c00e43fefe9121ac5/screenshot - {}
RESULT: {}
COMMAND: POST /session/c9b3453a2097c94c00e43fefe9121ac5/window/fullscreen - {}
RESULT: {}
COMMAND: POST /session/c9b3453a2097c94c00e43fefe9121ac5/execute/async - {"script":"<script> [189 bytes]","args":[]}
RESULT: {"script":"<script> [189 bytes]","args":[]}
COMMAND: POST /session/c9b3453a2097c94c00e43fefe9121ac5/execute/async - {"script":"<script> [123 bytes]","args":[]}
RESULT: {"script":"<script> [123 bytes]","args":[]}
COMMAND: POST /session/c9b3453a2097c94c00e43fefe9121ac5/timeouts - {"script":"<number>"}
RESULT: {"script":"<number>"}
COMMAND: GET /session/c9b3453a2097c94c00e43fefe9121ac5/timeouts - {}
RESULT: {}
RESULT: undefined
COMMAND: POST /session/c9b3453a2097c94c00e43fefe9121ac5/execute/async - {"script":"<script> [2676 bytes]","args":[]}
RESULT: {"script":"<script> [2676 bytes]","args":[]}
COMMAND: POST /session/c9b3453a2097c94c00e43fefe9121ac5/execute/async - {"script":"<script> [2342 bytes]","args":[{"protocol":"http","hostname":"0.0.0.0","path":"/","capabilities":{"browserName":"chrome","goog:chromeOptions":{"binary":"C:\\Program Files\\Google\\Chrome\\Application\\chrome.exe","args":["--start-maximized"]}},"logLevel":"warn","connectionRetryTimeout":120000,"connectionRetryCount":3,"logLevels":{},"enableDirectConnect":true,"strictSSL":true,"_":"65 more keys: [\"cacheDir\",\"port\",\"requestedCapabilities\",\"automationProtocol\",\"baseUrl\",\"waitforInterval\",\"waitforTimeout\",\"onReload\",\"beforeCommand\",\"afterCommand\",\"rootDir\",\"specs\",\"suites\",\"exclude\",\"groupLogsByTestSpec\",\"excludeDriverLogs\",\"bail\",\"framework\",\"reporters\",\"services\",\"maxInstances\",\"maxInstancesPerCapability\",\"injectGlobals\",\"filesToWatch\",\"execArgv\",\"runnerEnv\",\"runner\",\"shard\",\"specFileRetries\",\"specFileRetriesDelay\",\"specFileRetriesDeferred\",\"reporterSyncInterval\",\"reporterSyncTimeout\",\"cucumberFeaturesWithLineNumbers\",\"autoCompileOpts\",\"mochaOpts\",\"jasmineOpts\",\"cucumberOpts\",\"onPrepare\",\"onWorkerStart\",\"onWorkerEnd\",\"before\",\"beforeSession\",\"beforeSuite\",\"beforeHook\",\"beforeTest\",\"afterTest\",\"afterHook\",\"afterSuite\",\"afterSession\",\"after\",\"onComplete\",\"beforeAssertion\",\"afterAssertion\",\"beforeFeature\",\"beforeScenario\",\"beforeStep\",\"afterStep\",\"afterScenario\",\"afterFeature\",\"_\",\"suite\",\"$0\",\"ignoredWorkerServices\",\"wdi5\"]"}]}
RESULT: {"script":"<script> [2342 bytes]","args":[{"protocol":"http","hostname":"0.0.0.0","path":"/","capabilities":{"browserName":"chrome","goog:chromeOptions":{"binary":"C:\\Program Files\\Google\\Chrome\\Application\\chrome.exe","args":["--start-maximized"]}},"logLevel":"warn","connectionRetryTimeout":120000,"connectionRetryCount":3,"logLevels":{},"enableDirectConnect":true,"strictSSL":true,"_":"65 more keys: [\"cacheDir\",\"port\",\"requestedCapabilities\",\"automationProtocol\",\"baseUrl\",\"waitforInterval\",\"waitforTimeout\",\"onReload\",\"beforeCommand\",\"afterCommand\",\"rootDir\",\"specs\",\"suites\",\"exclude\",\"groupLogsByTestSpec\",\"excludeDriverLogs\",\"bail\",\"framework\",\"reporters\",\"services\",\"maxInstances\",\"maxInstancesPerCapability\",\"injectGlobals\",\"filesToWatch\",\"execArgv\",\"runnerEnv\",\"runner\",\"shard\",\"specFileRetries\",\"specFileRetriesDelay\",\"specFileRetriesDeferred\",\"reporterSyncInterval\",\"reporterSyncTimeout\",\"cucumberFeaturesWithLineNumbers\",\"autoCompileOpts\",\"mochaOpts\",\"jasmineOpts\",\"cucumberOpts\",\"onPrepare\",\"onWorkerStart\",\"onWorkerEnd\",\"before\",\"beforeSession\",\"beforeSuite\",\"beforeHook\",\"beforeTest\",\"afterTest\",\"afterHook\",\"afterSuite\",\"afterSession\",\"after\",\"onComplete\",\"beforeAssertion\",\"afterAssertion\",\"beforeFeature\",\"beforeScenario\",\"beforeStep\",\"afterStep\",\"afterScenario\",\"afterFeature\",\"_\",\"suite\",\"$0\",\"ignoredWorkerServices\",\"wdi5\"]"}]}
COMMAND: POST /session/c9b3453a2097c94c00e43fefe9121ac5/execute/async - {"script":"<script> [21126 bytes]","args":[35000]}
RESULT: {"script":"<script> [21126 bytes]","args":[35000]}
COMMAND: POST /session/c9b3453a2097c94c00e43fefe9121ac5/execute/async - {"script":"<script> [1562 bytes]","args":[{"selector":{"controlType":"sap.m.SearchField","viewName":"etm.portal.ui.managehandovers.view.MasterHO","bindingPath":{"path":"","propertyPath":"/_BASIC_SEARCH_FIELD","modelName":"fi1t3rM0d31"},"interaction":{"idSuffix":"I"}},"wdio_ui5_key":"etmportal.ui.managehandovers.view.MasterHOsap.m.SearchField{\"path\":\"\",\"propertyPath\":\"/_BASIC_SEARCH_FIELD\",\"modelName\":\"fi1t3rM0d31\"}"}]}
RESULT: {"script":"<script> [1562 bytes]","args":[{"selector":{"controlType":"sap.m.SearchField","viewName":"etm.portal.ui.managehandovers.view.MasterHO","bindingPath":{"path":"","propertyPath":"/_BASIC_SEARCH_FIELD","modelName":"fi1t3rM0d31"},"interaction":{"idSuffix":"I"}},"wdio_ui5_key":"etmportal.ui.managehandovers.view.MasterHOsap.m.SearchField{\"path\":\"\",\"propertyPath\":\"/_BASIC_SEARCH_FIELD\",\"modelName\":\"fi1t3rM0d31\"}"}]}
RESULT: undefined
COMMAND: POST /session/c9b3453a2097c94c00e43fefe9121ac5/execute/async - {"script":"<script> [776 bytes]","args":[{"enterText":"30491","selector":{"controlType":"sap.m.SearchField","viewName":"etm.portal.ui.managehandovers.view.MasterHO","bindingPath":{"path":"","propertyPath":"/_BASIC_SEARCH_FIELD","modelName":"fi1t3rM0d31"},"interaction":{"idSuffix":"I"}},"clearTextFirst":true,"interactionType":"ENTER_TEXT"}]}
RESULT: {"script":"<script> [776 bytes]","args":[{"enterText":"30491","selector":{"controlType":"sap.m.SearchField","viewName":"etm.portal.ui.managehandovers.view.MasterHO","bindingPath":{"path":"","propertyPath":"/_BASIC_SEARCH_FIELD","modelName":"fi1t3rM0d31"},"interaction":{"idSuffix":"I"}},"clearTextFirst":true,"interactionType":"ENTER_TEXT"}]}
COMMAND: POST /session/c9b3453a2097c94c00e43fefe9121ac5/actions - {"actions":[{"id":"action87","type":"key","parameters":{},"actions":[{"type":"keyDown","value":"î€‡"},{"type":"pause","duration":10},{"type":"keyUp","value":"î€‡"}]}]}
RESULT: {"actions":[{"id":"action87","type":"key","parameters":{},"actions":[{"type":"keyDown","value":"î€‡"},{"type":"pause","duration":10},{"type":"keyUp","value":"î€‡"}]}]}
COMMAND: GET /session/c9b3453a2097c94c00e43fefe9121ac5/screenshot - {}
RESULT: {}
COMMAND: POST /session/c9b3453a2097c94c00e43fefe9121ac5/execute/async - {"script":"<script> [1562 bytes]","args":[{"selector":{"controlType":"sap.m.Title","viewName":"etm.portal.ui.managehandovers.view.MasterHO","properties":{"text":"Records (1)"}},"wdio_ui5_key":"etmportal.ui.managehandovers.view.MasterHOsap.m.Title{\"text\":\"Records (1)\"}"}]}
RESULT: {"script":"<script> [1562 bytes]","args":[{"selector":{"controlType":"sap.m.Title","viewName":"etm.portal.ui.managehandovers.view.MasterHO","properties":{"text":"Records (1)"}},"wdio_ui5_key":"etmportal.ui.managehandovers.view.MasterHOsap.m.Title{\"text\":\"Records (1)\"}"}]}
RESULT: undefined
COMMAND: POST /session/c9b3453a2097c94c00e43fefe9121ac5/execute/async - {"script":"<script> [6424 bytes]","args":[{"element-6066-11e4-a52e-4f735466cecf":"f.95D136BDD403266D18DB82FBE1F0ED89.d.E5F149BFF5E486866CB4248B2B59C15D.e.19820"},"getText",[]]}
RESULT: {"script":"<script> [6424 bytes]","args":[{"element-6066-11e4-a52e-4f735466cecf":"f.95D136BDD403266D18DB82FBE1F0ED89.d.E5F149BFF5E486866CB4248B2B59C15D.e.19820"},"getText",[]]}
COMMAND: POST /session/c9b3453a2097c94c00e43fefe9121ac5/execute/async - {"script":"<script> [1562 bytes]","args":[{"selector":{"controlType":"sap.ui.core.Icon","viewName":"etm.portal.ui.managehandovers.view.MasterHO","properties":{"src":{"regex":{"source":"slim\\-arrow\\-right"}}}},"wdio_ui5_key":"etmportal.ui.managehandovers.view.MasterHOsap.ui.core.Icon{\"src\":{\"regex\":{\"source\":\"slim\\\\-arrow\\\\-right\"}}}"}]}
RESULT: {"script":"<script> [1562 bytes]","args":[{"selector":{"controlType":"sap.ui.core.Icon","viewName":"etm.portal.ui.managehandovers.view.MasterHO","properties":{"src":{"regex":{"source":"slim\\-arrow\\-right"}}}},"wdio_ui5_key":"etmportal.ui.managehandovers.view.MasterHOsap.ui.core.Icon{\"src\":{\"regex\":{\"source\":\"slim\\\\-arrow\\\\-right\"}}}"}]}
RESULT: undefined
COMMAND: POST /session/c9b3453a2097c94c00e43fefe9121ac5/element - {"using":"xpath","value":"//*[@id=\"__item31-__clone17-imgNav\"]"}
RESULT: {"using":"xpath","value":"//*[@id=\"__item31-__clone17-imgNav\"]"}
COMMAND: POST /session/c9b3453a2097c94c00e43fefe9121ac5/element/f.95D136BDD403266D18DB82FBE1F0ED89.d.E5F149BFF5E486866CB4248B2B59C15D.e.19819/click - {}
RESULT: {}
COMMAND: GET /session/c9b3453a2097c94c00e43fefe9121ac5/screenshot - {}
RESULT: {}
COMMAND: POST /session/c9b3453a2097c94c00e43fefe9121ac5/execute/async - {"script":"<script> [1562 bytes]","args":[{"selector":{"controlType":"sap.m.ObjectStatus","viewName":"etm.portal.ui.managehandovers.view.DetailManageHO","viewId":"application-managehandovers-display-component---detailManageHO","labelFor":{"text":"Status"}},"wdio_ui5_key":"etmportal.ui.managehandovers.view.DetailManageHOsap.m.ObjectStatus{\"text\":\"Status\"}"}]}
RESULT: {"script":"<script> [1562 bytes]","args":[{"selector":{"controlType":"sap.m.ObjectStatus","viewName":"etm.portal.ui.managehandovers.view.DetailManageHO","viewId":"application-managehandovers-display-component---detailManageHO","labelFor":{"text":"Status"}},"wdio_ui5_key":"etmportal.ui.managehandovers.view.DetailManageHOsap.m.ObjectStatus{\"text\":\"Status\"}"}]}
RESULT: undefined
COMMAND: POST /session/c9b3453a2097c94c00e43fefe9121ac5/execute/async - {"script":"<script> [6424 bytes]","args":[{"element-6066-11e4-a52e-4f735466cecf":"f.95D136BDD403266D18DB82FBE1F0ED89.d.E5F149BFF5E486866CB4248B2B59C15D.e.19912"},"getText",[]]}
RESULT: {"script":"<script> [6424 bytes]","args":[{"element-6066-11e4-a52e-4f735466cecf":"f.95D136BDD403266D18DB82FBE1F0ED89.d.E5F149BFF5E486866CB4248B2B59C15D.e.19912"},"getText",[]]}
COMMAND: POST /session/c9b3453a2097c94c00e43fefe9121ac5/element - {"using":"xpath","value":"//a[contains(@data-kt ,\"GeneralSectionSendContractLink\")]"}
RESULT: {"using":"xpath","value":"//a[contains(@data-kt ,\"GeneralSectionSendContractLink\")]"}
COMMAND: POST /session/c9b3453a2097c94c00e43fefe9121ac5/element/f.95D136BDD403266D18DB82FBE1F0ED89.d.E5F149BFF5E486866CB4248B2B59C15D.e.19914/click - {}
RESULT: {}
COMMAND: GET /session/c9b3453a2097c94c00e43fefe9121ac5/screenshot - {}
RESULT: {}
COMMAND: POST /session/c9b3453a2097c94c00e43fefe9121ac5/elements - {"using":"xpath","value":"//a[contains(@data-kt ,\"ContextMenuId2Link\")]"}
RESULT: {"using":"xpath","value":"//a[contains(@data-kt ,\"ContextMenuId2Link\")]"}
COMMAND: POST /session/c9b3453a2097c94c00e43fefe9121ac5/element/f.95D136BDD403266D18DB82FBE1F0ED89.d.D62E44B84AA277CEA4F2DB973F8AE37F.e.19089/click - {}
COMMAND: POST /session/c9b3453a2097c94c00e43fefe9121ac5/element - {"using":"xpath","value":"//a[contains(@data-kt ,\"ContextMenuId2Link\")]"}
RESULT: {"using":"xpath","value":"//a[contains(@data-kt ,\"ContextMenuId2Link\")]"}
COMMAND: POST /session/c9b3453a2097c94c00e43fefe9121ac5/element/f.95D136BDD403266D18DB82FBE1F0ED89.d.D62E44B84AA277CEA4F2DB973F8AE37F.e.19089/click - {}
COMMAND: POST /session/c9b3453a2097c94c00e43fefe9121ac5/element - {"using":"xpath","value":"//a[contains(@data-kt ,\"ContextMenuId2Link\")]"}
RESULT: {"using":"xpath","value":"//a[contains(@data-kt ,\"ContextMenuId2Link\")]"}
COMMAND: POST /session/c9b3453a2097c94c00e43fefe9121ac5/element/f.95D136BDD403266D18DB82FBE1F0ED89.d.E5F149BFF5E486866CB4248B2B59C15D.e.19917/click - {}
RESULT: {}
COMMAND: GET /session/c9b3453a2097c94c00e43fefe9121ac5/screenshot - {}
RESULT: {}
COMMAND: POST /session/c9b3453a2097c94c00e43fefe9121ac5/execute/async - {"script":"<script> [1562 bytes]","args":[{"selector":{"controlType":"sap.m.ObjectStatus","viewName":"etm.portal.ui.managecontracts.view.Detail","bindingPath":{"propertyPath":"LINK_TO_COMMERCIAL_STATUS/DESCRIPTION","modelName":"catalogModel"}},"wdio_ui5_key":"etmportal.ui.managecontracts.view.Detailsap.m.ObjectStatus{\"propertyPath\":\"LINK_TO_COMMERCIAL_STATUS/DESCRIPTION\",\"modelName\":\"catalogModel\"}"}]}
RESULT: {"script":"<script> [1562 bytes]","args":[{"selector":{"controlType":"sap.m.ObjectStatus","viewName":"etm.portal.ui.managecontracts.view.Detail","bindingPath":{"propertyPath":"LINK_TO_COMMERCIAL_STATUS/DESCRIPTION","modelName":"catalogModel"}},"wdio_ui5_key":"etmportal.ui.managecontracts.view.Detailsap.m.ObjectStatus{\"propertyPath\":\"LINK_TO_COMMERCIAL_STATUS/DESCRIPTION\",\"modelName\":\"catalogModel\"}"}]}
RESULT: undefined
COMMAND: POST /session/c9b3453a2097c94c00e43fefe9121ac5/execute/async - {"script":"<script> [6424 bytes]","args":[{"element-6066-11e4-a52e-4f735466cecf":"f.95D136BDD403266D18DB82FBE1F0ED89.d.E5F149BFF5E486866CB4248B2B59C15D.e.20146"},"getText",[]]}
RESULT: {"script":"<script> [6424 bytes]","args":[{"element-6066-11e4-a52e-4f735466cecf":"f.95D136BDD403266D18DB82FBE1F0ED89.d.E5F149BFF5E486866CB4248B2B59C15D.e.20146"},"getText",[]]}
COMMAND: POST /session/c9b3453a2097c94c00e43fefe9121ac5/execute/async - {"script":"<script> [1562 bytes]","args":[{"selector":{"controlType":"sap.m.ObjectStatus","viewName":"etm.portal.ui.managecontracts.view.Detail","bindingPath":{"propertyPath":"LINK_TO_LOGISTICAL_STATUS/DESCRIPTION","modelName":"catalogModel"}},"wdio_ui5_key":"etmportal.ui.managecontracts.view.Detailsap.m.ObjectStatus{\"propertyPath\":\"LINK_TO_LOGISTICAL_STATUS/DESCRIPTION\",\"modelName\":\"catalogModel\"}"}]}
RESULT: {"script":"<script> [1562 bytes]","args":[{"selector":{"controlType":"sap.m.ObjectStatus","viewName":"etm.portal.ui.managecontracts.view.Detail","bindingPath":{"propertyPath":"LINK_TO_LOGISTICAL_STATUS/DESCRIPTION","modelName":"catalogModel"}},"wdio_ui5_key":"etmportal.ui.managecontracts.view.Detailsap.m.ObjectStatus{\"propertyPath\":\"LINK_TO_LOGISTICAL_STATUS/DESCRIPTION\",\"modelName\":\"catalogModel\"}"}]}
RESULT: undefined
COMMAND: POST /session/c9b3453a2097c94c00e43fefe9121ac5/execute/async - {"script":"<script> [6424 bytes]","args":[{"element-6066-11e4-a52e-4f735466cecf":"f.95D136BDD403266D18DB82FBE1F0ED89.d.E5F149BFF5E486866CB4248B2B59C15D.e.20147"},"getText",[]]}
RESULT: {"script":"<script> [6424 bytes]","args":[{"element-6066-11e4-a52e-4f735466cecf":"f.95D136BDD403266D18DB82FBE1F0ED89.d.E5F149BFF5E486866CB4248B2B59C15D.e.20147"},"getText",[]]}
COMMAND: POST /session/c9b3453a2097c94c00e43fefe9121ac5/element - {"using":"xpath","value":"//button[@data-kt=\"contractDetailEditBtnButton\"]"}
RESULT: {"using":"xpath","value":"//button[@data-kt=\"contractDetailEditBtnButton\"]"}
COMMAND: POST /session/c9b3453a2097c94c00e43fefe9121ac5/element/f.95D136BDD403266D18DB82FBE1F0ED89.d.E5F149BFF5E486866CB4248B2B59C15D.e.19978/click - {}
RESULT: {}
COMMAND: GET /session/c9b3453a2097c94c00e43fefe9121ac5/screenshot - {}
RESULT: {}
COMMAND: POST /session/c9b3453a2097c94c00e43fefe9121ac5/element - {"using":"xpath","value":"(//span[contains(text(), \"Additional Addresses\")])[2]"}
RESULT: {"using":"xpath","value":"(//span[contains(text(), \"Additional Addresses\")])[2]"}
COMMAND: POST /session/c9b3453a2097c94c00e43fefe9121ac5/element/f.95D136BDD403266D18DB82FBE1F0ED89.d.E5F149BFF5E486866CB4248B2B59C15D.e.20208/click - {}
RESULT: {}
COMMAND: GET /session/c9b3453a2097c94c00e43fefe9121ac5/screenshot - {}
RESULT: {}
COMMAND: POST /session/c9b3453a2097c94c00e43fefe9121ac5/element - {"using":"xpath","value":"//button[@data-kt=\"btnAddTableRowOverflowToolbarButton\"]"}
RESULT: {"using":"xpath","value":"//button[@data-kt=\"btnAddTableRowOverflowToolbarButton\"]"}
COMMAND: POST /session/c9b3453a2097c94c00e43fefe9121ac5/element/f.95D136BDD403266D18DB82FBE1F0ED89.d.E5F149BFF5E486866CB4248B2B59C15D.e.20210/click - {}
RESULT: {}
COMMAND: GET /session/c9b3453a2097c94c00e43fefe9121ac5/screenshot - {}
RESULT: {}
COMMAND: POST /session/c9b3453a2097c94c00e43fefe9121ac5/element - {"using":"xpath","value":"//div[(text() = 'Standard Entry' or . = 'Standard Entry')]"}
RESULT: {"using":"xpath","value":"//div[(text() = 'Standard Entry' or . = 'Standard Entry')]"}
COMMAND: POST /session/c9b3453a2097c94c00e43fefe9121ac5/element/f.95D136BDD403266D18DB82FBE1F0ED89.d.E5F149BFF5E486866CB4248B2B59C15D.e.20212/click - {}
RESULT: {}
COMMAND: POST /session/c9b3453a2097c94c00e43fefe9121ac5/execute/async - {"script":"<script> [1562 bytes]","args":[{"selector":{"controlType":"sap.ui.core.Icon","viewName":"etm.portal.ui.managecontracts.view.EditContract","properties":{"src":{"regex":{"source":"slim\\-arrow\\-down"}}},"ancestor":{"controlType":"sap.m.ComboBox","viewName":"etm.portal.ui.managecontracts.view.EditContract","bindingPath":{"propertyPath":"RU_TYPE","modelName":"catalogModel"}}},"wdio_ui5_key":"etmportal.ui.managecontracts.view.EditContractsap.ui.core.Icon{\"src\":{\"regex\":{\"source\":\"slim\\\\-arrow\\\\-down\"}}}{\"controlType\":\"sap.m.ComboBox\",\"viewName\":\"etm.portal.ui.managecontracts.view.EditContract\",\"bindingPath\":{\"propertyPath\":\"RU_TYPE\",\"modelName\":\"catalogModel\"}}"}]}
COMMAND: GET /session/c9b3453a2097c94c00e43fefe9121ac5/screenshot - {}
RESULT: {"script":"<script> [1562 bytes]","args":[{"selector":{"controlType":"sap.ui.core.Icon","viewName":"etm.portal.ui.managecontracts.view.EditContract","properties":{"src":{"regex":{"source":"slim\\-arrow\\-down"}}},"ancestor":{"controlType":"sap.m.ComboBox","viewName":"etm.portal.ui.managecontracts.view.EditContract","bindingPath":{"propertyPath":"RU_TYPE","modelName":"catalogModel"}}},"wdio_ui5_key":"etmportal.ui.managecontracts.view.EditContractsap.ui.core.Icon{\"src\":{\"regex\":{\"source\":\"slim\\\\-arrow\\\\-down\"}}}{\"controlType\":\"sap.m.ComboBox\",\"viewName\":\"etm.portal.ui.managecontracts.view.EditContract\",\"bindingPath\":{\"propertyPath\":\"RU_TYPE\",\"modelName\":\"catalogModel\"}}"}]}
RESULT: undefined
COMMAND: POST /session/c9b3453a2097c94c00e43fefe9121ac5/element - {"using":"xpath","value":"//*[@id=\"__box20-arrow\"]"}
RESULT: {}
RESULT: {"using":"xpath","value":"//*[@id=\"__box20-arrow\"]"}
COMMAND: POST /session/c9b3453a2097c94c00e43fefe9121ac5/element/f.95D136BDD403266D18DB82FBE1F0ED89.d.E5F149BFF5E486866CB4248B2B59C15D.e.20227/click - {}
RESULT: {}
COMMAND: POST /session/c9b3453a2097c94c00e43fefe9121ac5/execute/async - {"script":"<script> [1562 bytes]","args":[{"selector":{"controlType":"sap.m.StandardListItem","viewName":"etm.portal.ui.managecontracts.view.EditContract","properties":{"title":"Material"},"searchOpenDialogs":true,"interaction":{"idSuffix":"content"}},"wdio_ui5_key":"etmportal.ui.managecontracts.view.EditContractsap.m.StandardListItem{\"title\":\"Material\"}"}]}
COMMAND: GET /session/c9b3453a2097c94c00e43fefe9121ac5/screenshot - {}
RESULT: {"script":"<script> [1562 bytes]","args":[{"selector":{"controlType":"sap.m.StandardListItem","viewName":"etm.portal.ui.managecontracts.view.EditContract","properties":{"title":"Material"},"searchOpenDialogs":true,"interaction":{"idSuffix":"content"}},"wdio_ui5_key":"etmportal.ui.managecontracts.view.EditContractsap.m.StandardListItem{\"title\":\"Material\"}"}]}
RESULT: undefined
COMMAND: POST /session/c9b3453a2097c94c00e43fefe9121ac5/element - {"using":"xpath","value":"//*[@id=\"__item93\"]"}
RESULT: {}
RESULT: {"using":"xpath","value":"//*[@id=\"__item93\"]"}
COMMAND: POST /session/c9b3453a2097c94c00e43fefe9121ac5/element/f.95D136BDD403266D18DB82FBE1F0ED89.d.E5F149BFF5E486866CB4248B2B59C15D.e.20230/click - {}
RESULT: {}
COMMAND: POST /session/c9b3453a2097c94c00e43fefe9121ac5/element - {"using":"xpath","value":"//td[7]/div/div/input"}
COMMAND: GET /session/c9b3453a2097c94c00e43fefe9121ac5/screenshot - {}
RESULT: {"using":"xpath","value":"//td[7]/div/div/input"}
COMMAND: POST /session/c9b3453a2097c94c00e43fefe9121ac5/element/f.95D136BDD403266D18DB82FBE1F0ED89.d.E5F149BFF5E486866CB4248B2B59C15D.e.20233/clear - {}
RESULT: {}
RESULT: {}
COMMAND: POST /session/c9b3453a2097c94c00e43fefe9121ac5/element/f.95D136BDD403266D18DB82FBE1F0ED89.d.E5F149BFF5E486866CB4248B2B59C15D.e.20233/value - {"text":"WebdriverRUR2Cyh9kr"}
COMMAND: GET /session/c9b3453a2097c94c00e43fefe9121ac5/screenshot - {}
RESULT: {"text":"WebdriverRUR2Cyh9kr"}
COMMAND: GET /session/c9b3453a2097c94c00e43fefe9121ac5/screenshot - {}
RESULT: {}
RESULT: {}
COMMAND: POST /session/c9b3453a2097c94c00e43fefe9121ac5/actions - {"actions":[{"id":"action88","type":"key","parameters":{},"actions":[{"type":"keyDown","value":"î€‡"},{"type":"pause","duration":10},{"type":"keyUp","value":"î€‡"}]}]}
RESULT: {"actions":[{"id":"action88","type":"key","parameters":{},"actions":[{"type":"keyDown","value":"î€‡"},{"type":"pause","duration":10},{"type":"keyUp","value":"î€‡"}]}]}
COMMAND: GET /session/c9b3453a2097c94c00e43fefe9121ac5/screenshot - {}
RESULT: {}
COMMAND: POST /session/c9b3453a2097c94c00e43fefe9121ac5/element - {"using":"xpath","value":"//button[@data-kt=\"saveButton\"]"}
RESULT: {"using":"xpath","value":"//button[@data-kt=\"saveButton\"]"}
COMMAND: POST /session/c9b3453a2097c94c00e43fefe9121ac5/element/f.95D136BDD403266D18DB82FBE1F0ED89.d.E5F149BFF5E486866CB4248B2B59C15D.e.20256/click - {}
RESULT: {}
COMMAND: GET /session/c9b3453a2097c94c00e43fefe9121ac5/screenshot - {}
RESULT: {}
RESULT: undefined
COMMAND: POST /session/c9b3453a2097c94c00e43fefe9121ac5/execute/async - {"script":"<script> [6424 bytes]","args":[{"element-6066-11e4-a52e-4f735466cecf":"f.95D136BDD403266D18DB82FBE1F0ED89.d.E5F149BFF5E486866CB4248B2B59C15D.e.20147"},"getText",[]]}
RESULT: {"script":"<script> [6424 bytes]","args":[{"element-6066-11e4-a52e-4f735466cecf":"f.95D136BDD403266D18DB82FBE1F0ED89.d.E5F149BFF5E486866CB4248B2B59C15D.e.20147"},"getText",[]]}
COMMAND: DELETE /session/c9b3453a2097c94c00e43fefe9121ac5 - {}
RESULT: {}
]]></system-out>
    </testcase>
  </testsuite>
</testsuites>